<?xml version="1.0" encoding="UTF-8"?>
<testsuite xmlns:xsi="http://www.w3.org/2001/XMLSchema-instance" xsi:noNamespaceSchemaLocation="https://maven.apache.org/surefire/maven-surefire-plugin/xsd/surefire-test-report-3.0.xsd" version="3.0" name="org.apache.ratis.grpc.TestLeaderInstallSnapshot" time="14.966" tests="4" errors="0" skipped="0" failures="1">
  <properties>
    <property name="awt.toolkit" value="sun.awt.X11.XToolkit"/>
    <property name="java.specification.version" value="11"/>
    <property name="sun.cpu.isalist" value=""/>
    <property name="sun.jnu.encoding" value="UTF-8"/>
    <property name="java.class.path" value="/home/runner/work/ratis/ratis/ratis-test/target/test-classes:/home/runner/work/ratis/ratis/ratis-test/target/classes:/home/runner/work/ratis/ratis/ratis-common/target/classes:/home/runner/.m2/repository/org/apache/ratis/ratis-thirdparty-misc/1.0.4/ratis-thirdparty-misc-1.0.4.jar:/home/runner/work/ratis/ratis/ratis-proto/target/ratis-proto-3.0.0-SNAPSHOT.jar:/home/runner/work/ratis/ratis/ratis-common/target/test-classes:/home/runner/work/ratis/ratis/ratis-client/target/classes:/home/runner/work/ratis/ratis/ratis-server/target/classes:/home/runner/work/ratis/ratis/ratis-server-api/target/classes:/home/runner/work/ratis/ratis/ratis-metrics-api/target/classes:/home/runner/work/ratis/ratis/ratis-server/target/test-classes:/home/runner/work/ratis/ratis/ratis-metrics-default/target/classes:/home/runner/work/ratis/ratis/ratis-netty/target/classes:/home/runner/work/ratis/ratis/ratis-netty/target/test-classes:/home/runner/work/ratis/ratis/ratis-grpc/target/classes:/home/runner/work/ratis/ratis/ratis-grpc/target/test-classes:/home/runner/work/ratis/ratis/ratis-shell/target/classes:/home/runner/.m2/repository/commons-cli/commons-cli/1.5.0/commons-cli-1.5.0.jar:/home/runner/.m2/repository/org/reflections/reflections/0.10.2/reflections-0.10.2.jar:/home/runner/.m2/repository/org/javassist/javassist/3.28.0-GA/javassist-3.28.0-GA.jar:/home/runner/.m2/repository/com/google/code/findbugs/jsr305/3.0.2/jsr305-3.0.2.jar:/home/runner/.m2/repository/org/bouncycastle/bcprov-jdk15on/1.70/bcprov-jdk15on-1.70.jar:/home/runner/.m2/repository/org/bouncycastle/bcpkix-jdk15on/1.70/bcpkix-jdk15on-1.70.jar:/home/runner/.m2/repository/org/bouncycastle/bcutil-jdk15on/1.70/bcutil-jdk15on-1.70.jar:/home/runner/.m2/repository/org/slf4j/slf4j-api/2.0.7/slf4j-api-2.0.7.jar:/home/runner/.m2/repository/org/slf4j/slf4j-reload4j/2.0.7/slf4j-reload4j-2.0.7.jar:/home/runner/.m2/repository/ch/qos/reload4j/reload4j/1.2.22/reload4j-1.2.22.jar:/home/runner/.m2/repository/junit/junit/4.13.2/junit-4.13.2.jar:/home/runner/.m2/repository/org/hamcrest/hamcrest-core/1.3/hamcrest-core-1.3.jar:/home/runner/.m2/repository/org/mockito/mockito-core/4.3.1/mockito-core-4.3.1.jar:/home/runner/.m2/repository/net/bytebuddy/byte-buddy/1.12.7/byte-buddy-1.12.7.jar:/home/runner/.m2/repository/net/bytebuddy/byte-buddy-agent/1.12.7/byte-buddy-agent-1.12.7.jar:/home/runner/.m2/repository/org/objenesis/objenesis/3.2/objenesis-3.2.jar:"/>
    <property name="java.vm.vendor" value="Eclipse Adoptium"/>
    <property name="sun.arch.data.model" value="64"/>
    <property name="java.vendor.url" value="https://adoptium.net/"/>
    <property name="user.timezone" value=""/>
    <property name="java.vm.specification.version" value="11"/>
    <property name="os.name" value="Linux"/>
    <property name="sun.java.launcher" value="SUN_STANDARD"/>
    <property name="sun.boot.library.path" value="/usr/lib/jvm/temurin-11-jdk-amd64/lib"/>
    <property name="sun.java.command" value="/home/runner/work/ratis/ratis/ratis-test/target/surefire/surefirebooter-20230427065951118_229.jar /home/runner/work/ratis/ratis/ratis-test/target/surefire 2023-04-27T06-59-09_974-jvmRun1 surefire-20230427065951118_227tmp surefire_25-20230427065951118_228tmp"/>
    <property name="jdk.debug" value="release"/>
    <property name="surefire.test.class.path" value="/home/runner/work/ratis/ratis/ratis-test/target/test-classes:/home/runner/work/ratis/ratis/ratis-test/target/classes:/home/runner/work/ratis/ratis/ratis-common/target/classes:/home/runner/.m2/repository/org/apache/ratis/ratis-thirdparty-misc/1.0.4/ratis-thirdparty-misc-1.0.4.jar:/home/runner/work/ratis/ratis/ratis-proto/target/ratis-proto-3.0.0-SNAPSHOT.jar:/home/runner/work/ratis/ratis/ratis-common/target/test-classes:/home/runner/work/ratis/ratis/ratis-client/target/classes:/home/runner/work/ratis/ratis/ratis-server/target/classes:/home/runner/work/ratis/ratis/ratis-server-api/target/classes:/home/runner/work/ratis/ratis/ratis-metrics-api/target/classes:/home/runner/work/ratis/ratis/ratis-server/target/test-classes:/home/runner/work/ratis/ratis/ratis-metrics-default/target/classes:/home/runner/work/ratis/ratis/ratis-netty/target/classes:/home/runner/work/ratis/ratis/ratis-netty/target/test-classes:/home/runner/work/ratis/ratis/ratis-grpc/target/classes:/home/runner/work/ratis/ratis/ratis-grpc/target/test-classes:/home/runner/work/ratis/ratis/ratis-shell/target/classes:/home/runner/.m2/repository/commons-cli/commons-cli/1.5.0/commons-cli-1.5.0.jar:/home/runner/.m2/repository/org/reflections/reflections/0.10.2/reflections-0.10.2.jar:/home/runner/.m2/repository/org/javassist/javassist/3.28.0-GA/javassist-3.28.0-GA.jar:/home/runner/.m2/repository/com/google/code/findbugs/jsr305/3.0.2/jsr305-3.0.2.jar:/home/runner/.m2/repository/org/bouncycastle/bcprov-jdk15on/1.70/bcprov-jdk15on-1.70.jar:/home/runner/.m2/repository/org/bouncycastle/bcpkix-jdk15on/1.70/bcpkix-jdk15on-1.70.jar:/home/runner/.m2/repository/org/bouncycastle/bcutil-jdk15on/1.70/bcutil-jdk15on-1.70.jar:/home/runner/.m2/repository/org/slf4j/slf4j-api/2.0.7/slf4j-api-2.0.7.jar:/home/runner/.m2/repository/org/slf4j/slf4j-reload4j/2.0.7/slf4j-reload4j-2.0.7.jar:/home/runner/.m2/repository/ch/qos/reload4j/reload4j/1.2.22/reload4j-1.2.22.jar:/home/runner/.m2/repository/junit/junit/4.13.2/junit-4.13.2.jar:/home/runner/.m2/repository/org/hamcrest/hamcrest-core/1.3/hamcrest-core-1.3.jar:/home/runner/.m2/repository/org/mockito/mockito-core/4.3.1/mockito-core-4.3.1.jar:/home/runner/.m2/repository/net/bytebuddy/byte-buddy/1.12.7/byte-buddy-1.12.7.jar:/home/runner/.m2/repository/net/bytebuddy/byte-buddy-agent/1.12.7/byte-buddy-agent-1.12.7.jar:/home/runner/.m2/repository/org/objenesis/objenesis/3.2/objenesis-3.2.jar:"/>
    <property name="sun.cpu.endian" value="little"/>
    <property name="user.home" value="/home/runner"/>
    <property name="user.language" value="en"/>
    <property name="java.specification.vendor" value="Oracle Corporation"/>
    <property name="java.version.date" value="2023-01-17"/>
    <property name="java.home" value="/usr/lib/jvm/temurin-11-jdk-amd64"/>
    <property name="file.separator" value="/"/>
    <property name="basedir" value="/home/runner/work/ratis/ratis/ratis-test"/>
    <property name="java.vm.compressedOopsMode" value="32-bit"/>
    <property name="line.separator" value="&#10;"/>
    <property name="java.specification.name" value="Java Platform API Specification"/>
    <property name="java.vm.specification.vendor" value="Oracle Corporation"/>
    <property name="java.awt.graphicsenv" value="sun.awt.X11GraphicsEnvironment"/>
    <property name="surefire.real.class.path" value="/home/runner/work/ratis/ratis/ratis-test/target/surefire/surefirebooter-20230427065951118_229.jar"/>
    <property name="sun.management.compiler" value="HotSpot 64-Bit Tiered Compilers"/>
    <property name="java.runtime.version" value="11.0.18+10"/>
    <property name="user.name" value="runner"/>
    <property name="java.net.preferIPv4Stack" value="true"/>
    <property name="path.separator" value=":"/>
    <property name="os.version" value="5.15.0-1036-azure"/>
    <property name="java.runtime.name" value="OpenJDK Runtime Environment"/>
    <property name="file.encoding" value="UTF-8"/>
    <property name="java.vm.name" value="OpenJDK 64-Bit Server VM"/>
    <property name="java.vendor.version" value="Temurin-11.0.18+10"/>
    <property name="localRepository" value="/home/runner/.m2/repository"/>
    <property name="java.vendor.url.bug" value="https://github.com/adoptium/adoptium-support/issues"/>
    <property name="java.io.tmpdir" value="/tmp"/>
    <property name="java.version" value="11.0.18"/>
    <property name="user.dir" value="/home/runner/work/ratis/ratis/ratis-test"/>
    <property name="os.arch" value="amd64"/>
    <property name="ratis.tmp.dir" value="/home/runner/work/ratis/ratis/ratis-test/target/tmp"/>
    <property name="java.vm.specification.name" value="Java Virtual Machine Specification"/>
    <property name="java.awt.printerjob" value="sun.print.PSPrinterJob"/>
    <property name="ratis.log.dir" value="/home/runner/work/ratis/ratis/ratis-test/target/log"/>
    <property name="sun.os.patch.level" value="unknown"/>
    <property name="java.library.path" value="/usr/java/packages/lib:/usr/lib64:/lib64:/lib:/usr/lib"/>
    <property name="java.vm.info" value="mixed mode"/>
    <property name="java.vendor" value="Eclipse Adoptium"/>
    <property name="java.vm.version" value="11.0.18+10"/>
    <property name="sun.io.unicode.encoding" value="UnicodeLittle"/>
    <property name="java.class.version" value="55.0"/>
  </properties>
  <testcase name="testMultiFileInstallSnapshot[0]" classname="org.apache.ratis.grpc.TestLeaderInstallSnapshot" time="3.677">
    <system-out><![CDATA[2023-04-27 07:11:45,058 [main] INFO  util.LogUtils (Slf4jUtils.java:setLogLevel(38)) - Successfully set org.apache.ratis.conf.ConfUtils log level to WARN
2023-04-27 07:11:45,061 [main] INFO  util.LogUtils (Slf4jUtils.java:setLogLevel(38)) - Successfully set org.apache.ratis.util.FileUtils log level to TRACE
2023-04-27 07:11:45,102 [Time-limited test] INFO  impl.MiniRaftCluster (MiniRaftCluster.java:runWithNewCluster(135)) - Running runWithNewCluster
2023-04-27 07:11:45,145 [Time-limited test] INFO  impl.MiniRaftCluster (MiniRaftCluster.java:<init>(306)) - new MiniRaftClusterWithGrpc with group-5DD5DE37E73E:[s0|rpc:localhost:35955|admin:localhost:34135|client:localhost:36731|dataStream:localhost:43117|priority:0|startupRole:FOLLOWER]
2023-04-27 07:11:45,145 [Time-limited test] INFO  impl.MiniRaftCluster (MiniRaftCluster.java:start(339)) - .............................................................. 
2023-04-27 07:11:45,145 [Time-limited test] INFO  impl.MiniRaftCluster (MiniRaftCluster.java:start(340)) - ... 
2023-04-27 07:11:45,146 [Time-limited test] INFO  impl.MiniRaftCluster (MiniRaftCluster.java:start(341)) - ...     Starting MiniRaftClusterWithGrpc
2023-04-27 07:11:45,146 [Time-limited test] INFO  impl.MiniRaftCluster (MiniRaftCluster.java:start(342)) - ... 
2023-04-27 07:11:45,146 [Time-limited test] INFO  impl.MiniRaftCluster (MiniRaftCluster.java:start(343)) - .............................................................. 
2023-04-27 07:11:45,146 [Time-limited test] INFO  impl.MiniRaftCluster (MiniRaftCluster.java:initServers(318)) - servers = {}
2023-04-27 07:11:45,150 [Time-limited test] INFO  impl.MiniRaftCluster (MiniRaftCluster.java:newRaftServer(382)) - newRaftServer: s0, group-5DD5DE37E73E:[s0|rpc:localhost:35955|admin:localhost:34135|client:localhost:36731|dataStream:localhost:43117|priority:0|startupRole:FOLLOWER], format? true
2023-04-27 07:11:45,152 [Time-limited test] TRACE util.FileUtils (FileUtils.java:deleteFully(201)) - deleteFully target/test/data/a5c97c2c/MiniRaftClusterWithGrpc3f6ea9d5/s0
2023-04-27 07:11:45,152 [Time-limited test] TRACE util.FileUtils (FileUtils.java:deleteFully(217)) - deleteFully: target/test/data/a5c97c2c/MiniRaftClusterWithGrpc3f6ea9d5/s0 does not exist.
2023-04-27 07:11:45,152 [Time-limited test] INFO  impl.MiniRaftCluster (MiniRaftCluster.java:newRaftServer(387)) - Formatted directory target/test/data/a5c97c2c/MiniRaftClusterWithGrpc3f6ea9d5/s0
2023-04-27 07:11:45,168 [Time-limited test] INFO  server.RaftServer (ConfUtils.java:logGet(46)) - raft.rpc.type = GRPC (default)
2023-04-27 07:11:45,217 [Time-limited test] INFO  grpc.GrpcConfigKeys (ConfUtils.java:logFallback(53)) - raft.grpc.admin.host = null (fallback to raft.grpc.server.host)
2023-04-27 07:11:45,219 [Time-limited test] INFO  grpc.GrpcConfigKeys (ConfUtils.java:logGet(46)) - raft.grpc.admin.port = 34135 (custom)
2023-04-27 07:11:45,219 [Time-limited test] INFO  grpc.GrpcConfigKeys (ConfUtils.java:logFallback(53)) - raft.grpc.client.host = null (fallback to raft.grpc.server.host)
2023-04-27 07:11:45,220 [Time-limited test] INFO  grpc.GrpcConfigKeys (ConfUtils.java:logGet(46)) - raft.grpc.client.port = 36731 (custom)
2023-04-27 07:11:45,220 [Time-limited test] INFO  grpc.GrpcConfigKeys (ConfUtils.java:logGet(46)) - raft.grpc.server.host = null (default)
2023-04-27 07:11:45,220 [Time-limited test] INFO  grpc.GrpcConfigKeys (ConfUtils.java:logGet(46)) - raft.grpc.server.port = 35955 (custom)
2023-04-27 07:11:45,221 [Time-limited test] INFO  server.GrpcService (ConfUtils.java:logGet(46)) - raft.grpc.message.size.max = 64MB (=67108864) (default)
2023-04-27 07:11:45,222 [Time-limited test] INFO  server.RaftServerConfigKeys (ConfUtils.java:logGet(46)) - raft.server.log.appender.buffer.byte-limit = 4MB (=4194304) (default)
2023-04-27 07:11:45,223 [Time-limited test] INFO  server.GrpcService (ConfUtils.java:logGet(46)) - raft.grpc.flow.control.window = 1MB (=1048576) (default)
2023-04-27 07:11:45,226 [Time-limited test] INFO  server.RaftServerConfigKeys (ConfUtils.java:logGet(46)) - raft.server.rpc.request.timeout = 3000ms (default)
2023-04-27 07:11:45,240 [Time-limited test] INFO  grpc.GrpcConfigKeys (ConfUtils.java:logGet(46)) - raft.grpc.server.heartbeat.channel = false (custom)
2023-04-27 07:11:45,243 [Time-limited test] INFO  grpc.GrpcConfigKeys (ConfUtils.java:logGet(46)) - raft.grpc.server.async.request.thread.pool.cached = true (default)
2023-04-27 07:11:45,244 [Time-limited test] INFO  grpc.GrpcConfigKeys (ConfUtils.java:logGet(46)) - raft.grpc.server.async.request.thread.pool.size = 32 (default)
2023-04-27 07:11:45,407 [Time-limited test] INFO  impl.DataStreamServerImpl (ConfUtils.java:logGet(46)) - raft.datastream.type = DISABLED (default)
2023-04-27 07:11:45,409 [Time-limited test] INFO  server.RaftServerConfigKeys (ConfUtils.java:logGet(46)) - raft.server.threadpool.proxy.cached = true (default)
2023-04-27 07:11:45,410 [Time-limited test] INFO  server.RaftServerConfigKeys (ConfUtils.java:logGet(46)) - raft.server.threadpool.proxy.size = 0 (default)
2023-04-27 07:11:45,410 [Time-limited test] INFO  server.RaftServerConfigKeys (ConfUtils.java:logGet(46)) - raft.server.rpc.slowness.timeout = 60s (default)
2023-04-27 07:11:45,411 [Time-limited test] INFO  server.RaftServerConfigKeys (ConfUtils.java:logGet(46)) - raft.server.leaderelection.leader.step-down.wait-time = 10s (default)
2023-04-27 07:11:45,413 [Time-limited test] INFO  server.RaftServerConfigKeys (ConfUtils.java:logGet(46)) - raft.server.storage.dir = [/home/runner/work/ratis/ratis/ratis-test/target/test/data/a5c97c2c/MiniRaftClusterWithGrpc3f6ea9d5/s0] (custom)
2023-04-27 07:11:45,431 [Time-limited test] INFO  server.RaftServer (RaftServerProxy.java:addNew(99)) - s0: addNew group-5DD5DE37E73E:[s0|rpc:localhost:35955|admin:localhost:34135|client:localhost:36731|dataStream:localhost:43117|priority:0|startupRole:FOLLOWER] returns group-5DD5DE37E73E:java.util.concurrent.CompletableFuture@531df787[Not completed]
2023-04-27 07:11:45,441 [s0-groupManagement] INFO  server.RaftServerConfigKeys (ConfUtils.java:logGet(46)) - raft.server.log.segment.size.max = 8MB (=8388608) (default)
2023-04-27 07:11:45,441 [s0-groupManagement] INFO  server.RaftServerConfigKeys (ConfUtils.java:logGet(46)) - raft.server.log.preallocated.size = 4MB (=4194304) (default)
2023-04-27 07:11:45,442 [s0-groupManagement] INFO  server.RaftServerConfigKeys (ConfUtils.java:logGet(46)) - raft.server.log.write.buffer.size = 64KB (=65536) (default)
2023-04-27 07:11:45,444 [s0-groupManagement] INFO  server.RaftServer$Division (RaftServerImpl.java:<init>(198)) - s0: new RaftServerImpl for group-5DD5DE37E73E:[s0|rpc:localhost:35955|admin:localhost:34135|client:localhost:36731|dataStream:localhost:43117|priority:0|startupRole:FOLLOWER] with StateMachineWithMultiNestedSnapshotFile:uninitialized
2023-04-27 07:11:45,445 [s0-groupManagement] INFO  server.RaftServerConfigKeys (ConfUtils.java:logGet(46)) - raft.server.rpc.timeout.min = 150ms (default)
2023-04-27 07:11:45,445 [s0-groupManagement] INFO  server.RaftServerConfigKeys (ConfUtils.java:logGet(46)) - raft.server.rpc.timeout.max = 300ms (default)
2023-04-27 07:11:45,445 [s0-groupManagement] INFO  server.RaftServerConfigKeys (ConfUtils.java:logGet(46)) - raft.server.rpc.sleep.time = 25ms (default)
2023-04-27 07:11:45,445 [s0-groupManagement] INFO  server.RaftServerConfigKeys (ConfUtils.java:logGet(46)) - raft.server.rpc.slowness.timeout = 60s (default)
2023-04-27 07:11:45,446 [s0-groupManagement] INFO  server.RaftServerConfigKeys (ConfUtils.java:logGet(46)) - raft.server.leaderelection.leader.step-down.wait-time = 10s (default)
2023-04-27 07:11:45,446 [s0-groupManagement] INFO  server.RaftServerConfigKeys (ConfUtils.java:logGet(46)) - raft.server.sleep.deviation.threshold = 300ms (default)
2023-04-27 07:11:45,466 [s0-groupManagement] INFO  server.RaftServer$Division (ServerState.java:<init>(113)) - s0@group-5DD5DE37E73E: ConfigurationManager, init=-1: peers:[s0|rpc:localhost:35955|admin:localhost:34135|client:localhost:36731|dataStream:localhost:43117|priority:0|startupRole:FOLLOWER]|listeners:[], old=null, confs=<EMPTY_MAP>
2023-04-27 07:11:45,471 [s0-groupManagement] INFO  server.RaftServerConfigKeys (ConfUtils.java:logGet(46)) - raft.server.notification.no-leader.timeout = 60s (default)
2023-04-27 07:11:45,473 [s0-groupManagement] INFO  server.RaftServerConfigKeys (ConfUtils.java:logGet(46)) - raft.server.read.timeout = 10s (default)
2023-04-27 07:11:45,476 [s0-groupManagement] INFO  server.RaftServerConfigKeys (ConfUtils.java:logGet(46)) - raft.server.retrycache.expirytime = 60s (default)
2023-04-27 07:11:45,477 [s0-groupManagement] INFO  server.RaftServerConfigKeys (ConfUtils.java:logGet(46)) - raft.server.retrycache.statistics.expirytime = 100μs (default)
2023-04-27 07:11:45,491 [s0-groupManagement] INFO  server.RaftServerConfigKeys (ConfUtils.java:logGet(46)) - raft.server.read.option = DEFAULT (default)
2023-04-27 07:11:45,496 [s0-groupManagement] INFO  metrics.MetricRegistries (MetricRegistriesLoader.java:load(64)) - Loaded MetricRegistries class org.apache.ratis.metrics.impl.MetricRegistriesImpl
2023-04-27 07:11:45,654 [s0-groupManagement] INFO  server.RaftServerConfigKeys (ConfUtils.java:logGet(46)) - raft.server.rpc.request.timeout = 3000ms (default)
2023-04-27 07:11:45,656 [s0-groupManagement] INFO  server.RaftServerConfigKeys (ConfUtils.java:logGet(46)) - raft.server.log.appender.install.snapshot.enabled = true (default)
2023-04-27 07:11:45,657 [s0-groupManagement] INFO  server.RaftServerConfigKeys (ConfUtils.java:logGet(46)) - raft.server.threadpool.server.cached = true (default)
2023-04-27 07:11:45,657 [s0-groupManagement] INFO  server.RaftServerConfigKeys (ConfUtils.java:logGet(46)) - raft.server.threadpool.server.size = 0 (default)
2023-04-27 07:11:45,658 [s0-groupManagement] INFO  server.RaftServerConfigKeys (ConfUtils.java:logGet(46)) - raft.server.threadpool.client.cached = true (default)
2023-04-27 07:11:45,658 [s0-groupManagement] INFO  server.RaftServerConfigKeys (ConfUtils.java:logGet(46)) - raft.server.threadpool.client.size = 0 (default)
2023-04-27 07:11:45,659 [s0-impl-thread1] INFO  server.RaftServerConfigKeys (ConfUtils.java:logGet(46)) - raft.server.storage.free-space.min = 0MB (=0) (default)
2023-04-27 07:11:45,660 [s0-impl-thread1] INFO  server.RaftServerConfigKeys (ConfUtils.java:logGet(46)) - raft.server.log.corruption.policy = EXCEPTION (default)
2023-04-27 07:11:45,660 [s0-impl-thread1] INFO  server.RaftServerConfigKeys (ConfUtils.java:logGet(46)) - raft.server.storage.dir = [/home/runner/work/ratis/ratis/ratis-test/target/test/data/a5c97c2c/MiniRaftClusterWithGrpc3f6ea9d5/s0] (custom)
2023-04-27 07:11:45,667 [s0-impl-thread1] INFO  storage.RaftStorageDirectory (RaftStorageDirectoryImpl.java:analyzeStorage(138)) - The storage directory /home/runner/work/ratis/ratis/ratis-test/target/test/data/a5c97c2c/MiniRaftClusterWithGrpc3f6ea9d5/s0/3a0ff405-0f10-426f-871f-5dd5de37e73e does not exist. Creating ...
2023-04-27 07:11:45,669 [s0-impl-thread1] TRACE util.FileUtils (LogUtils.java:runAndLog(49)) - Successfully ran Files.createDirectories /home/runner/work/ratis/ratis/ratis-test/target/test/data/a5c97c2c/MiniRaftClusterWithGrpc3f6ea9d5/s0/3a0ff405-0f10-426f-871f-5dd5de37e73e
2023-04-27 07:11:45,671 [s0-impl-thread1] INFO  storage.RaftStorageDirectory (RaftStorageDirectoryImpl.java:tryLock(232)) - Lock on /home/runner/work/ratis/ratis/ratis-test/target/test/data/a5c97c2c/MiniRaftClusterWithGrpc3f6ea9d5/s0/3a0ff405-0f10-426f-871f-5dd5de37e73e/in_use.lock acquired by nodename 24267@fv-az591-70
2023-04-27 07:11:45,672 [s0-impl-thread1] TRACE util.FileUtils (LogUtils.java:runAndLog(49)) - Successfully ran Files.createDirectories /home/runner/work/ratis/ratis/ratis-test/target/test/data/a5c97c2c/MiniRaftClusterWithGrpc3f6ea9d5/s0/3a0ff405-0f10-426f-871f-5dd5de37e73e/current
2023-04-27 07:11:45,672 [s0-impl-thread1] TRACE util.FileUtils (LogUtils.java:runAndLog(49)) - Successfully ran Files.createDirectories /home/runner/work/ratis/ratis/ratis-test/target/test/data/a5c97c2c/MiniRaftClusterWithGrpc3f6ea9d5/s0/3a0ff405-0f10-426f-871f-5dd5de37e73e/sm
2023-04-27 07:11:45,682 [s0-impl-thread1] INFO  storage.RaftStorage (RaftStorageImpl.java:format(96)) - Storage directory /home/runner/work/ratis/ratis/ratis-test/target/test/data/a5c97c2c/MiniRaftClusterWithGrpc3f6ea9d5/s0/3a0ff405-0f10-426f-871f-5dd5de37e73e has been successfully formatted.
2023-04-27 07:11:45,683 [s0-impl-thread1] INFO  impl.SimpleStateMachine4Testing (SimpleStateMachine4Testing.java:initialize(213)) - Initializing StateMachineWithMultiNestedSnapshotFile:uninitialized
2023-04-27 07:11:45,684 [s0-impl-thread1] INFO  impl.SimpleStateMachine4Testing (SimpleStateMachine4Testing.java:loadSnapshot(293)) - Loading snapshot null
2023-04-27 07:11:45,686 [s0-impl-thread1] INFO  server.RaftServerConfigKeys (ConfUtils.java:logGet(46)) - raft.server.log.use.memory = false (default)
2023-04-27 07:11:45,690 [s0-impl-thread1] INFO  server.RaftServerConfigKeys (ConfUtils.java:logGet(46)) - raft.server.log.purge.gap = 8 (custom)
2023-04-27 07:11:45,691 [s0-impl-thread1] INFO  server.RaftServerConfigKeys (ConfUtils.java:logGet(46)) - raft.server.log.appender.buffer.byte-limit = 4MB (=4194304) (default)
2023-04-27 07:11:45,692 [s0-impl-thread1] INFO  server.RaftServerConfigKeys (ConfUtils.java:logGet(46)) - raft.server.log.statemachine.data.read.timeout = 1000ms (default)
2023-04-27 07:11:45,692 [s0-impl-thread1] INFO  server.RaftServerConfigKeys (ConfUtils.java:logGet(46)) - raft.server.log.purge.preservation.log.num = 0 (default)
2023-04-27 07:11:45,695 [s0-impl-thread1] INFO  server.RaftServerConfigKeys (ConfUtils.java:logGet(46)) - raft.server.log.segment.size.max = 8MB (=8388608) (default)
2023-04-27 07:11:45,699 [s0-impl-thread1] INFO  server.RaftServerConfigKeys (ConfUtils.java:logGet(46)) - raft.server.log.segment.cache.num.max = 6 (default)
2023-04-27 07:11:45,699 [s0-impl-thread1] INFO  server.RaftServerConfigKeys (ConfUtils.java:logGet(46)) - raft.server.log.segment.cache.size.max = 200MB (=209715200) (default)
2023-04-27 07:11:45,699 [s0-impl-thread1] INFO  server.RaftServerConfigKeys (ConfUtils.java:logGet(46)) - raft.server.log.appender.buffer.byte-limit = 4MB (=4194304) (default)
2023-04-27 07:11:45,702 [s0-impl-thread1] INFO  segmented.SegmentedRaftLogWorker (SegmentedRaftLogWorker.java:<init>(183)) - new s0@group-5DD5DE37E73E-SegmentedRaftLogWorker for RaftStorageImpl:Storage Directory /home/runner/work/ratis/ratis/ratis-test/target/test/data/a5c97c2c/MiniRaftClusterWithGrpc3f6ea9d5/s0/3a0ff405-0f10-426f-871f-5dd5de37e73e
2023-04-27 07:11:45,702 [s0-impl-thread1] INFO  server.RaftServerConfigKeys (ConfUtils.java:logGet(46)) - raft.server.log.queue.byte-limit = 64MB (=67108864) (default)
2023-04-27 07:11:45,703 [s0-impl-thread1] INFO  server.RaftServerConfigKeys (ConfUtils.java:logGet(46)) - raft.server.log.queue.element-limit = 4096 (default)
2023-04-27 07:11:45,704 [s0-impl-thread1] INFO  server.RaftServerConfigKeys (ConfUtils.java:logGet(46)) - raft.server.log.segment.size.max = 8MB (=8388608) (default)
2023-04-27 07:11:45,705 [s0-impl-thread1] INFO  server.RaftServerConfigKeys (ConfUtils.java:logGet(46)) - raft.server.log.preallocated.size = 4MB (=4194304) (default)
2023-04-27 07:11:45,705 [s0-impl-thread1] INFO  server.RaftServerConfigKeys (ConfUtils.java:logGet(46)) - raft.server.log.force.sync.num = 128 (default)
2023-04-27 07:11:45,706 [s0-impl-thread1] INFO  server.RaftServerConfigKeys (ConfUtils.java:logGet(46)) - raft.server.log.statemachine.data.sync = true (default)
2023-04-27 07:11:45,706 [s0-impl-thread1] INFO  server.RaftServerConfigKeys (ConfUtils.java:logGet(46)) - raft.server.log.statemachine.data.sync.timeout = 10s (default)
2023-04-27 07:11:45,706 [s0-impl-thread1] INFO  server.RaftServerConfigKeys (ConfUtils.java:logGet(46)) - raft.server.log.statemachine.data.sync.timeout.retry = -1 (default)
2023-04-27 07:11:45,708 [s0-impl-thread1] INFO  server.RaftServerConfigKeys (ConfUtils.java:logGet(46)) - raft.server.log.write.buffer.size = 64KB (=65536) (default)
2023-04-27 07:11:45,708 [s0-impl-thread1] INFO  server.RaftServerConfigKeys (ConfUtils.java:logGet(46)) - raft.server.log.appender.buffer.byte-limit = 4MB (=4194304) (default)
2023-04-27 07:11:45,710 [s0-impl-thread1] INFO  server.RaftServerConfigKeys (ConfUtils.java:logGet(46)) - raft.server.log.unsafe-flush.enabled = false (default)
2023-04-27 07:11:45,710 [s0-impl-thread1] INFO  server.RaftServerConfigKeys (ConfUtils.java:logGet(46)) - raft.server.log.async-flush.enabled = false (default)
2023-04-27 07:11:45,710 [s0-impl-thread1] INFO  server.RaftServerConfigKeys (ConfUtils.java:logGet(46)) - raft.server.log.statemachine.data.caching.enabled = false (default)
2023-04-27 07:11:45,715 [s0-impl-thread1] INFO  segmented.SegmentedRaftLogWorker (SegmentedRaftLogWorker.java:lambda$new$0(134)) - s0@group-5DD5DE37E73E-SegmentedRaftLogWorker: flushIndex: setUnconditionally 0 -> -1
2023-04-27 07:11:45,715 [s0-impl-thread1] INFO  segmented.SegmentedRaftLogWorker (SegmentedRaftLogWorker.java:lambda$new$0(134)) - s0@group-5DD5DE37E73E-SegmentedRaftLogWorker: safeCacheEvictIndex: setUnconditionally 0 -> -1
2023-04-27 07:11:45,719 [s0-impl-thread1] INFO  server.RaftServer$Division (RaftServerImpl.java:start(342)) - s0@group-5DD5DE37E73E: start as a follower, conf=-1: peers:[s0|rpc:localhost:35955|admin:localhost:34135|client:localhost:36731|dataStream:localhost:43117|priority:0|startupRole:FOLLOWER]|listeners:[], old=null
2023-04-27 07:11:45,720 [s0-impl-thread1] INFO  server.RaftServer$Division (RaftServerImpl.java:setRole(329)) - s0@group-5DD5DE37E73E: changes role from      null to FOLLOWER at term 0 for startAsFollower
2023-04-27 07:11:45,720 [s0-impl-thread1] INFO  impl.RoleInfo (RoleInfo.java:updateAndGet(139)) - s0: start s0@group-5DD5DE37E73E-FollowerState
2023-04-27 07:11:45,725 [s0-impl-thread1] INFO  util.JmxRegister (JmxRegister.java:tryRegister(44)) - Successfully registered JMX Bean with object name Ratis:service=RaftServer,group=group-5DD5DE37E73E,id=s0
2023-04-27 07:11:45,727 [s0-impl-thread1] INFO  server.RaftServerConfigKeys (ConfUtils.java:logGet(46)) - raft.server.snapshot.auto.trigger.enabled = true (custom)
2023-04-27 07:11:45,727 [s0-impl-thread1] INFO  server.RaftServerConfigKeys (ConfUtils.java:logGet(46)) - raft.server.snapshot.auto.trigger.threshold = 64 (custom)
2023-04-27 07:11:45,727 [s0-impl-thread1] INFO  server.RaftServerConfigKeys (ConfUtils.java:logGet(46)) - raft.server.snapshot.retention.file.num = -1 (default)
2023-04-27 07:11:45,728 [s0-impl-thread1] INFO  server.RaftServerConfigKeys (ConfUtils.java:logGet(46)) - raft.server.log.purge.upto.snapshot.index = false (default)
2023-04-27 07:11:45,730 [Time-limited test] INFO  server.RaftServer (RaftServerProxy.java:startImpl(401)) - s0: start RPC server
2023-04-27 07:11:45,738 [s0@group-5DD5DE37E73E-FollowerState] INFO  server.RaftServerConfigKeys (ConfUtils.java:logFallback(53)) - raft.server.rpc.first-election.timeout.min = 150ms (fallback to raft.server.rpc.timeout.min)
2023-04-27 07:11:45,738 [s0@group-5DD5DE37E73E-FollowerState] INFO  server.RaftServerConfigKeys (ConfUtils.java:logFallback(53)) - raft.server.rpc.first-election.timeout.max = 300ms (fallback to raft.server.rpc.timeout.max)
2023-04-27 07:11:45,767 [Time-limited test] INFO  server.GrpcService (GrpcService.java:startImpl(302)) - s0: GrpcService started, listening on 36731
2023-04-27 07:11:45,769 [Time-limited test] INFO  server.GrpcService (GrpcService.java:startImpl(302)) - s0: GrpcService started, listening on 35955
2023-04-27 07:11:45,769 [Time-limited test] INFO  server.GrpcService (GrpcService.java:startImpl(302)) - s0: GrpcService started, listening on 34135
2023-04-27 07:11:45,776 [JvmPauseMonitor0] INFO  util.JvmPauseMonitor (JvmPauseMonitor.java:run(103)) - JvmPauseMonitor-s0: Started
2023-04-27 07:11:45,779 [Time-limited test] INFO  server.RaftServerConfigKeys (ConfUtils.java:logGet(46)) - raft.server.rpc.timeout.max = 300ms (default)
2023-04-27 07:11:45,781 [Time-limited test] INFO  ratis.RaftTestUtil (RaftTestUtil.java:waitForLeader(100)) - printing ALL groups
  s0:  RUNNING  FOLLOWER s0@group-5DD5DE37E73E:t0, leader=null, voted=, raftlog=Memoized:s0@group-5DD5DE37E73E-SegmentedRaftLog:OPENED:c-1, conf=-1: peers:[s0|rpc:localhost:35955|admin:localhost:34135|client:localhost:36731|dataStream:localhost:43117|priority:0|startupRole:FOLLOWER]|listeners:[], old=null RUNNING
2023-04-27 07:11:45,787 [Time-limited test] WARN  ratis.RaftTestUtil (JavaUtils.java:attempt(217)) - FAILED "waitForLeader-null-(expectLeader? true)", attempt #1/100: java.lang.IllegalStateException: No leader yet : printing ALL groups
  s0:  RUNNING  FOLLOWER s0@group-5DD5DE37E73E:t0, leader=null, voted=, raftlog=Memoized:s0@group-5DD5DE37E73E-SegmentedRaftLog:OPENED:c-1, conf=-1: peers:[s0|rpc:localhost:35955|admin:localhost:34135|client:localhost:36731|dataStream:localhost:43117|priority:0|startupRole:FOLLOWER]|listeners:[], old=null RUNNING, sleep 450ms and then retry.
java.lang.IllegalStateException: No leader yet : printing ALL groups
  s0:  RUNNING  FOLLOWER s0@group-5DD5DE37E73E:t0, leader=null, voted=, raftlog=Memoized:s0@group-5DD5DE37E73E-SegmentedRaftLog:OPENED:c-1, conf=-1: peers:[s0|rpc:localhost:35955|admin:localhost:34135|client:localhost:36731|dataStream:localhost:43117|priority:0|startupRole:FOLLOWER]|listeners:[], old=null RUNNING
	at org.apache.ratis.server.impl.MiniRaftCluster.newIllegalStateExceptionForNoLeaders(MiniRaftCluster.java:581)
	at org.apache.ratis.RaftTestUtil.lambda$waitForLeader$1(RaftTestUtil.java:104)
	at org.apache.ratis.server.impl.MiniRaftCluster.getLeader(MiniRaftCluster.java:615)
	at org.apache.ratis.server.impl.MiniRaftCluster.getLeader(MiniRaftCluster.java:608)
	at org.apache.ratis.RaftTestUtil.lambda$waitForLeader$3(RaftTestUtil.java:112)
	at org.apache.ratis.util.JavaUtils.attempt(JavaUtils.java:211)
	at org.apache.ratis.util.JavaUtils.attemptRepeatedly(JavaUtils.java:197)
	at org.apache.ratis.RaftTestUtil.waitForLeader(RaftTestUtil.java:111)
	at org.apache.ratis.RaftTestUtil.waitForLeader(RaftTestUtil.java:92)
	at org.apache.ratis.RaftTestUtil.waitForLeader(RaftTestUtil.java:87)
	at org.apache.ratis.InstallSnapshotFromLeaderTests.testMultiFileInstallSnapshot(InstallSnapshotFromLeaderTests.java:93)
	at org.apache.ratis.server.impl.MiniRaftCluster$Factory$Get.runWithNewCluster(MiniRaftCluster.java:141)
	at org.apache.ratis.server.impl.MiniRaftCluster$Factory$Get.runWithNewCluster(MiniRaftCluster.java:121)
	at org.apache.ratis.InstallSnapshotFromLeaderTests.testMultiFileInstallSnapshot(InstallSnapshotFromLeaderTests.java:80)
	at java.base/jdk.internal.reflect.NativeMethodAccessorImpl.invoke0(Native Method)
	at java.base/jdk.internal.reflect.NativeMethodAccessorImpl.invoke(NativeMethodAccessorImpl.java:62)
	at java.base/jdk.internal.reflect.DelegatingMethodAccessorImpl.invoke(DelegatingMethodAccessorImpl.java:43)
	at java.base/java.lang.reflect.Method.invoke(Method.java:566)
	at org.junit.runners.model.FrameworkMethod$1.runReflectiveCall(FrameworkMethod.java:59)
	at org.junit.internal.runners.model.ReflectiveCallable.run(ReflectiveCallable.java:12)
	at org.junit.runners.model.FrameworkMethod.invokeExplosively(FrameworkMethod.java:56)
	at org.junit.internal.runners.statements.InvokeMethod.evaluate(InvokeMethod.java:17)
	at org.junit.internal.runners.statements.RunAfters.evaluate(RunAfters.java:27)
	at org.junit.internal.runners.statements.FailOnTimeout$CallableStatement.call(FailOnTimeout.java:299)
	at org.junit.internal.runners.statements.FailOnTimeout$CallableStatement.call(FailOnTimeout.java:293)
	at java.base/java.util.concurrent.FutureTask.run(FutureTask.java:264)
	at java.base/java.lang.Thread.run(Thread.java:829)
2023-04-27 07:11:45,923 [s0@group-5DD5DE37E73E-FollowerState] INFO  impl.FollowerState (FollowerState.java:run(143)) - s0@group-5DD5DE37E73E-FollowerState: change to CANDIDATE, lastRpcElapsedTime:202386848ns, electionTimeout:183ms
2023-04-27 07:11:45,923 [s0@group-5DD5DE37E73E-FollowerState] INFO  impl.RoleInfo (RoleInfo.java:shutdownFollowerState(110)) - s0: shutdown s0@group-5DD5DE37E73E-FollowerState
2023-04-27 07:11:45,923 [s0@group-5DD5DE37E73E-FollowerState] INFO  server.RaftServer$Division (RaftServerImpl.java:setRole(329)) - s0@group-5DD5DE37E73E: changes role from  FOLLOWER to CANDIDATE at term 0 for changeToCandidate
2023-04-27 07:11:45,926 [s0@group-5DD5DE37E73E-FollowerState] INFO  server.RaftServerConfigKeys (ConfUtils.java:logGet(46)) - raft.server.leaderelection.pre-vote = true (default)
2023-04-27 07:11:45,926 [s0@group-5DD5DE37E73E-FollowerState] INFO  impl.RoleInfo (RoleInfo.java:updateAndGet(139)) - s0: start s0@group-5DD5DE37E73E-LeaderElection1
2023-04-27 07:11:45,932 [s0@group-5DD5DE37E73E-LeaderElection1] INFO  impl.LeaderElection (LeaderElection.java:askForVotes(320)) - s0@group-5DD5DE37E73E-LeaderElection1 PRE_VOTE round 0: submit vote requests at term 0 for -1: peers:[s0|rpc:localhost:35955|admin:localhost:34135|client:localhost:36731|dataStream:localhost:43117|priority:0|startupRole:FOLLOWER]|listeners:[], old=null
2023-04-27 07:11:45,933 [s0@group-5DD5DE37E73E-LeaderElection1] INFO  impl.LeaderElection (LeaderElection.java:askForVotes(322)) - s0@group-5DD5DE37E73E-LeaderElection1 PRE_VOTE round 0: result PASSED (term=0)
2023-04-27 07:11:45,934 [s0@group-5DD5DE37E73E-LeaderElection1] INFO  impl.LeaderElection (LeaderElection.java:askForVotes(320)) - s0@group-5DD5DE37E73E-LeaderElection1 ELECTION round 0: submit vote requests at term 1 for -1: peers:[s0|rpc:localhost:35955|admin:localhost:34135|client:localhost:36731|dataStream:localhost:43117|priority:0|startupRole:FOLLOWER]|listeners:[], old=null
2023-04-27 07:11:45,934 [s0@group-5DD5DE37E73E-LeaderElection1] INFO  impl.LeaderElection (LeaderElection.java:askForVotes(322)) - s0@group-5DD5DE37E73E-LeaderElection1 ELECTION round 0: result PASSED (term=1)
2023-04-27 07:11:45,934 [s0@group-5DD5DE37E73E-LeaderElection1] INFO  impl.RoleInfo (RoleInfo.java:shutdownLeaderElection(130)) - s0: shutdown s0@group-5DD5DE37E73E-LeaderElection1
2023-04-27 07:11:45,935 [s0@group-5DD5DE37E73E-LeaderElection1] INFO  server.RaftServer$Division (RaftServerImpl.java:setRole(329)) - s0@group-5DD5DE37E73E: changes role from CANDIDATE to LEADER at term 1 for changeToLeader
2023-04-27 07:11:45,935 [s0@group-5DD5DE37E73E-LeaderElection1] INFO  server.RaftServer$Division (ServerState.java:setLeader(260)) - s0@group-5DD5DE37E73E: change Leader from null to s0 at term 1 for becomeLeader, leader elected after 464ms
2023-04-27 07:11:45,939 [s0@group-5DD5DE37E73E-LeaderElection1] INFO  server.RaftServerConfigKeys (ConfUtils.java:logGet(46)) - raft.server.staging.catchup.gap = 1000 (default)
2023-04-27 07:11:45,942 [s0@group-5DD5DE37E73E-LeaderElection1] INFO  server.RaftServerConfigKeys (ConfUtils.java:logGet(46)) - raft.server.write.element-limit = 4096 (default)
2023-04-27 07:11:45,943 [s0@group-5DD5DE37E73E-LeaderElection1] INFO  server.RaftServerConfigKeys (ConfUtils.java:logGet(46)) - raft.server.write.byte-limit = 64MB (=67108864) (default)
2023-04-27 07:11:45,946 [s0@group-5DD5DE37E73E-LeaderElection1] INFO  server.RaftServerConfigKeys (ConfUtils.java:logGet(46)) - raft.server.watch.timeout = 10s (default)
2023-04-27 07:11:45,946 [s0@group-5DD5DE37E73E-LeaderElection1] INFO  server.RaftServerConfigKeys (ConfUtils.java:logGet(46)) - raft.server.watch.timeout.denomination = 1s (default)
2023-04-27 07:11:45,946 [s0@group-5DD5DE37E73E-LeaderElection1] INFO  server.RaftServerConfigKeys (ConfUtils.java:logGet(46)) - raft.server.watch.element-limit = 65536 (default)
2023-04-27 07:11:45,951 [s0@group-5DD5DE37E73E-LeaderElection1] INFO  server.RaftServerConfigKeys (ConfUtils.java:logGet(46)) - raft.server.write.element-limit = 4096 (default)
2023-04-27 07:11:45,955 [s0@group-5DD5DE37E73E-LeaderElection1] INFO  server.RaftServerConfigKeys (ConfUtils.java:logGet(46)) - raft.server.write.follower.gap.ratio.max = -1.0 (default)
2023-04-27 07:11:45,957 [s0@group-5DD5DE37E73E-LeaderElection1] INFO  impl.RoleInfo (RoleInfo.java:updateAndGet(139)) - s0: start s0@group-5DD5DE37E73E-LeaderStateImpl
2023-04-27 07:11:45,973 [s0@group-5DD5DE37E73E-LeaderElection1] INFO  segmented.SegmentedRaftLogWorker (SegmentedRaftLogWorker.java:startLogSegment(426)) - s0@group-5DD5DE37E73E-SegmentedRaftLogWorker: Starting segment from index:0
2023-04-27 07:11:45,990 [s0@group-5DD5DE37E73E-LeaderElection1] INFO  server.RaftServer$Division (ServerState.java:setRaftConf(377)) - s0@group-5DD5DE37E73E: set configuration 0: peers:[s0|rpc:localhost:35955|admin:localhost:34135|client:localhost:36731|dataStream:localhost:43117|priority:0|startupRole:FOLLOWER]|listeners:[], old=null
2023-04-27 07:11:46,034 [s0@group-5DD5DE37E73E-SegmentedRaftLogWorker] INFO  segmented.SegmentedRaftLogWorker (SegmentedRaftLogWorker.java:execute(630)) - s0@group-5DD5DE37E73E-SegmentedRaftLogWorker: created new log segment /home/runner/work/ratis/ratis/ratis-test/target/test/data/a5c97c2c/MiniRaftClusterWithGrpc3f6ea9d5/s0/3a0ff405-0f10-426f-871f-5dd5de37e73e/current/log_inprogress_0
2023-04-27 07:11:46,241 [Time-limited test] INFO  ratis.RaftTestUtil (RaftTestUtil.java:waitForLeader(119)) - printing ALL groups
  s0:  RUNNING    LEADER s0@group-5DD5DE37E73E:t1, leader=s0, voted=s0, raftlog=Memoized:s0@group-5DD5DE37E73E-SegmentedRaftLog:OPENED:c0, conf=0: peers:[s0|rpc:localhost:35955|admin:localhost:34135|client:localhost:36731|dataStream:localhost:43117|priority:0|startupRole:FOLLOWER]|listeners:[], old=null RUNNING
2023-04-27 07:11:46,531 [s0@group-5DD5DE37E73E-StateMachineUpdater] INFO  impl.SimpleStateMachine4Testing (SimpleStateMachine4Testing.java:put(205)) - s0: put 1, m0 -> (t:1, i:1), STATEMACHINELOGENTRY, 0@client-7D5FDF2F5A1F
2023-04-27 07:11:46,566 [s0@group-5DD5DE37E73E-StateMachineUpdater] INFO  impl.SimpleStateMachine4Testing (SimpleStateMachine4Testing.java:put(205)) - s0: put 3, m1 -> (t:1, i:3), STATEMACHINELOGENTRY, 1@client-7D5FDF2F5A1F
2023-04-27 07:11:46,578 [s0@group-5DD5DE37E73E-StateMachineUpdater] INFO  impl.SimpleStateMachine4Testing (SimpleStateMachine4Testing.java:put(205)) - s0: put 5, m2 -> (t:1, i:5), STATEMACHINELOGENTRY, 2@client-7D5FDF2F5A1F
2023-04-27 07:11:46,587 [s0@group-5DD5DE37E73E-StateMachineUpdater] INFO  impl.SimpleStateMachine4Testing (SimpleStateMachine4Testing.java:put(205)) - s0: put 7, m3 -> (t:1, i:7), STATEMACHINELOGENTRY, 3@client-7D5FDF2F5A1F
2023-04-27 07:11:46,597 [s0@group-5DD5DE37E73E-StateMachineUpdater] INFO  impl.SimpleStateMachine4Testing (SimpleStateMachine4Testing.java:put(205)) - s0: put 9, m4 -> (t:1, i:9), STATEMACHINELOGENTRY, 4@client-7D5FDF2F5A1F
2023-04-27 07:11:46,609 [s0@group-5DD5DE37E73E-StateMachineUpdater] INFO  impl.SimpleStateMachine4Testing (SimpleStateMachine4Testing.java:put(205)) - s0: put 11, m5 -> (t:1, i:11), STATEMACHINELOGENTRY, 5@client-7D5FDF2F5A1F
2023-04-27 07:11:46,620 [s0@group-5DD5DE37E73E-StateMachineUpdater] INFO  impl.SimpleStateMachine4Testing (SimpleStateMachine4Testing.java:put(205)) - s0: put 13, m6 -> (t:1, i:13), STATEMACHINELOGENTRY, 6@client-7D5FDF2F5A1F
2023-04-27 07:11:46,629 [s0@group-5DD5DE37E73E-StateMachineUpdater] INFO  impl.SimpleStateMachine4Testing (SimpleStateMachine4Testing.java:put(205)) - s0: put 15, m7 -> (t:1, i:15), STATEMACHINELOGENTRY, 7@client-7D5FDF2F5A1F
2023-04-27 07:11:46,636 [s0@group-5DD5DE37E73E-StateMachineUpdater] INFO  impl.SimpleStateMachine4Testing (SimpleStateMachine4Testing.java:put(205)) - s0: put 17, m8 -> (t:1, i:17), STATEMACHINELOGENTRY, 8@client-7D5FDF2F5A1F
2023-04-27 07:11:46,646 [s0@group-5DD5DE37E73E-StateMachineUpdater] INFO  impl.SimpleStateMachine4Testing (SimpleStateMachine4Testing.java:put(205)) - s0: put 19, m9 -> (t:1, i:19), STATEMACHINELOGENTRY, 9@client-7D5FDF2F5A1F
2023-04-27 07:11:46,653 [s0@group-5DD5DE37E73E-StateMachineUpdater] INFO  impl.SimpleStateMachine4Testing (SimpleStateMachine4Testing.java:put(205)) - s0: put 21, m10 -> (t:1, i:21), STATEMACHINELOGENTRY, 10@client-7D5FDF2F5A1F
2023-04-27 07:11:46,662 [s0@group-5DD5DE37E73E-StateMachineUpdater] INFO  impl.SimpleStateMachine4Testing (SimpleStateMachine4Testing.java:put(205)) - s0: put 23, m11 -> (t:1, i:23), STATEMACHINELOGENTRY, 11@client-7D5FDF2F5A1F
2023-04-27 07:11:46,671 [s0@group-5DD5DE37E73E-StateMachineUpdater] INFO  impl.SimpleStateMachine4Testing (SimpleStateMachine4Testing.java:put(205)) - s0: put 25, m12 -> (t:1, i:25), STATEMACHINELOGENTRY, 12@client-7D5FDF2F5A1F
2023-04-27 07:11:46,678 [s0@group-5DD5DE37E73E-StateMachineUpdater] INFO  impl.SimpleStateMachine4Testing (SimpleStateMachine4Testing.java:put(205)) - s0: put 27, m13 -> (t:1, i:27), STATEMACHINELOGENTRY, 13@client-7D5FDF2F5A1F
2023-04-27 07:11:46,684 [s0@group-5DD5DE37E73E-StateMachineUpdater] INFO  impl.SimpleStateMachine4Testing (SimpleStateMachine4Testing.java:put(205)) - s0: put 29, m14 -> (t:1, i:29), STATEMACHINELOGENTRY, 14@client-7D5FDF2F5A1F
2023-04-27 07:11:46,690 [s0@group-5DD5DE37E73E-StateMachineUpdater] INFO  impl.SimpleStateMachine4Testing (SimpleStateMachine4Testing.java:put(205)) - s0: put 31, m15 -> (t:1, i:31), STATEMACHINELOGENTRY, 15@client-7D5FDF2F5A1F
2023-04-27 07:11:46,700 [s0@group-5DD5DE37E73E-StateMachineUpdater] INFO  impl.SimpleStateMachine4Testing (SimpleStateMachine4Testing.java:put(205)) - s0: put 33, m16 -> (t:1, i:33), STATEMACHINELOGENTRY, 16@client-7D5FDF2F5A1F
2023-04-27 07:11:46,709 [s0@group-5DD5DE37E73E-StateMachineUpdater] INFO  impl.SimpleStateMachine4Testing (SimpleStateMachine4Testing.java:put(205)) - s0: put 35, m17 -> (t:1, i:35), STATEMACHINELOGENTRY, 17@client-7D5FDF2F5A1F
2023-04-27 07:11:46,720 [s0@group-5DD5DE37E73E-StateMachineUpdater] INFO  impl.SimpleStateMachine4Testing (SimpleStateMachine4Testing.java:put(205)) - s0: put 37, m18 -> (t:1, i:37), STATEMACHINELOGENTRY, 18@client-7D5FDF2F5A1F
2023-04-27 07:11:46,727 [s0@group-5DD5DE37E73E-StateMachineUpdater] INFO  impl.SimpleStateMachine4Testing (SimpleStateMachine4Testing.java:put(205)) - s0: put 39, m19 -> (t:1, i:39), STATEMACHINELOGENTRY, 19@client-7D5FDF2F5A1F
2023-04-27 07:11:46,736 [s0@group-5DD5DE37E73E-StateMachineUpdater] INFO  impl.SimpleStateMachine4Testing (SimpleStateMachine4Testing.java:put(205)) - s0: put 41, m20 -> (t:1, i:41), STATEMACHINELOGENTRY, 20@client-7D5FDF2F5A1F
2023-04-27 07:11:46,742 [s0@group-5DD5DE37E73E-StateMachineUpdater] INFO  impl.SimpleStateMachine4Testing (SimpleStateMachine4Testing.java:put(205)) - s0: put 43, m21 -> (t:1, i:43), STATEMACHINELOGENTRY, 21@client-7D5FDF2F5A1F
2023-04-27 07:11:46,748 [s0@group-5DD5DE37E73E-StateMachineUpdater] INFO  impl.SimpleStateMachine4Testing (SimpleStateMachine4Testing.java:put(205)) - s0: put 45, m22 -> (t:1, i:45), STATEMACHINELOGENTRY, 22@client-7D5FDF2F5A1F
2023-04-27 07:11:46,755 [s0@group-5DD5DE37E73E-StateMachineUpdater] INFO  impl.SimpleStateMachine4Testing (SimpleStateMachine4Testing.java:put(205)) - s0: put 47, m23 -> (t:1, i:47), STATEMACHINELOGENTRY, 23@client-7D5FDF2F5A1F
2023-04-27 07:11:46,764 [s0@group-5DD5DE37E73E-StateMachineUpdater] INFO  impl.SimpleStateMachine4Testing (SimpleStateMachine4Testing.java:put(205)) - s0: put 49, m24 -> (t:1, i:49), STATEMACHINELOGENTRY, 24@client-7D5FDF2F5A1F
2023-04-27 07:11:46,769 [s0@group-5DD5DE37E73E-StateMachineUpdater] INFO  impl.SimpleStateMachine4Testing (SimpleStateMachine4Testing.java:put(205)) - s0: put 51, m25 -> (t:1, i:51), STATEMACHINELOGENTRY, 25@client-7D5FDF2F5A1F
2023-04-27 07:11:46,775 [s0@group-5DD5DE37E73E-StateMachineUpdater] INFO  impl.SimpleStateMachine4Testing (SimpleStateMachine4Testing.java:put(205)) - s0: put 53, m26 -> (t:1, i:53), STATEMACHINELOGENTRY, 26@client-7D5FDF2F5A1F
2023-04-27 07:11:46,782 [s0@group-5DD5DE37E73E-StateMachineUpdater] INFO  impl.SimpleStateMachine4Testing (SimpleStateMachine4Testing.java:put(205)) - s0: put 55, m27 -> (t:1, i:55), STATEMACHINELOGENTRY, 27@client-7D5FDF2F5A1F
2023-04-27 07:11:46,787 [s0@group-5DD5DE37E73E-StateMachineUpdater] INFO  impl.SimpleStateMachine4Testing (SimpleStateMachine4Testing.java:put(205)) - s0: put 57, m28 -> (t:1, i:57), STATEMACHINELOGENTRY, 28@client-7D5FDF2F5A1F
2023-04-27 07:11:46,795 [s0@group-5DD5DE37E73E-StateMachineUpdater] INFO  impl.SimpleStateMachine4Testing (SimpleStateMachine4Testing.java:put(205)) - s0: put 59, m29 -> (t:1, i:59), STATEMACHINELOGENTRY, 29@client-7D5FDF2F5A1F
2023-04-27 07:11:46,800 [s0@group-5DD5DE37E73E-StateMachineUpdater] INFO  impl.SimpleStateMachine4Testing (SimpleStateMachine4Testing.java:put(205)) - s0: put 61, m30 -> (t:1, i:61), STATEMACHINELOGENTRY, 30@client-7D5FDF2F5A1F
2023-04-27 07:11:46,804 [s0@group-5DD5DE37E73E-StateMachineUpdater] INFO  impl.SimpleStateMachine4Testing (SimpleStateMachine4Testing.java:put(205)) - s0: put 63, m31 -> (t:1, i:63), STATEMACHINELOGENTRY, 31@client-7D5FDF2F5A1F
2023-04-27 07:11:46,805 [s0@group-5DD5DE37E73E-StateMachineUpdater] TRACE util.FileUtils (LogUtils.java:runAndLog(49)) - Successfully ran Files.createDirectories /home/runner/work/ratis/ratis/ratis-test/target/test/data/a5c97c2c/MiniRaftClusterWithGrpc3f6ea9d5/s0/3a0ff405-0f10-426f-871f-5dd5de37e73e/sm/snapshot
2023-04-27 07:11:46,805 [s0@group-5DD5DE37E73E-StateMachineUpdater] TRACE util.FileUtils (LogUtils.java:runAndLog(49)) - Successfully ran Files.createDirectories /home/runner/work/ratis/ratis/ratis-test/target/test/data/a5c97c2c/MiniRaftClusterWithGrpc3f6ea9d5/s0/3a0ff405-0f10-426f-871f-5dd5de37e73e/sm/snapshot
2023-04-27 07:11:46,806 [s0@group-5DD5DE37E73E-StateMachineUpdater] TRACE util.FileUtils (LogUtils.java:runAndLog(49)) - Successfully ran Files.createDirectories /home/runner/work/ratis/ratis/ratis-test/target/test/data/a5c97c2c/MiniRaftClusterWithGrpc3f6ea9d5/s0/3a0ff405-0f10-426f-871f-5dd5de37e73e/sm/snapshot/sub
2023-04-27 07:11:46,807 [s0@group-5DD5DE37E73E-StateMachineUpdater] TRACE util.FileUtils (LogUtils.java:supplyAndLog(70)) - Successfully supplied Files.newOutputStream CREATE_NEW /home/runner/work/ratis/ratis/ratis-test/target/test/data/a5c97c2c/MiniRaftClusterWithGrpc3f6ea9d5/s0/3a0ff405-0f10-426f-871f-5dd5de37e73e/sm/snapshot/1.bin: java.nio.channels.Channels$1@5cc0bc78
2023-04-27 07:11:46,807 [s0@group-5DD5DE37E73E-StateMachineUpdater] TRACE util.FileUtils (LogUtils.java:supplyAndLog(70)) - Successfully supplied Files.newOutputStream CREATE_NEW /home/runner/work/ratis/ratis/ratis-test/target/test/data/a5c97c2c/MiniRaftClusterWithGrpc3f6ea9d5/s0/3a0ff405-0f10-426f-871f-5dd5de37e73e/sm/snapshot/sub/2.bin: java.nio.channels.Channels$1@1def6964
2023-04-27 07:11:46,829 [s0@group-5DD5DE37E73E-StateMachineUpdater] INFO  impl.StateMachineUpdater (StateMachineUpdater.java:takeSnapshot(290)) - s0@group-5DD5DE37E73E-StateMachineUpdater: Took a snapshot at index 63
2023-04-27 07:11:46,829 [s0@group-5DD5DE37E73E-StateMachineUpdater] INFO  impl.StateMachineUpdater (StateMachineUpdater.java:lambda$new$0(96)) - s0@group-5DD5DE37E73E-StateMachineUpdater: snapshotIndex: updateIncreasingly -1 -> 63
2023-04-27 07:11:46,831 [s0@group-5DD5DE37E73E-StateMachineUpdater] INFO  raftlog.RaftLog (RaftLogBase.java:purge(314)) - s0@group-5DD5DE37E73E-SegmentedRaftLog: purge 63
2023-04-27 07:11:46,832 [s0@group-5DD5DE37E73E-StateMachineUpdater] INFO  raftlog.RaftLog (RaftLogBase.java:lambda$new$0(53)) - s0@group-5DD5DE37E73E-SegmentedRaftLog: snapshotIndex: updateIncreasingly -1 -> 63
2023-04-27 07:11:46,833 [s0@group-5DD5DE37E73E-StateMachineUpdater] INFO  raftlog.RaftLog (RaftLogBase.java:lambda$new$0(53)) - s0@group-5DD5DE37E73E-SegmentedRaftLog: purgeIndex: updateToMax old=-1, new=63, updated? true
2023-04-27 07:11:46,834 [s0@group-5DD5DE37E73E-StateMachineUpdater] INFO  impl.SimpleStateMachine4Testing (SimpleStateMachine4Testing.java:put(205)) - s0: put 65, m32 -> (t:1, i:65), STATEMACHINELOGENTRY, 32@client-7D5FDF2F5A1F
2023-04-27 07:11:46,842 [s0@group-5DD5DE37E73E-StateMachineUpdater] INFO  impl.SimpleStateMachine4Testing (SimpleStateMachine4Testing.java:put(205)) - s0: put 67, m33 -> (t:1, i:67), STATEMACHINELOGENTRY, 33@client-7D5FDF2F5A1F
2023-04-27 07:11:46,850 [s0@group-5DD5DE37E73E-StateMachineUpdater] INFO  impl.SimpleStateMachine4Testing (SimpleStateMachine4Testing.java:put(205)) - s0: put 69, m34 -> (t:1, i:69), STATEMACHINELOGENTRY, 34@client-7D5FDF2F5A1F
2023-04-27 07:11:46,854 [s0@group-5DD5DE37E73E-StateMachineUpdater] INFO  impl.SimpleStateMachine4Testing (SimpleStateMachine4Testing.java:put(205)) - s0: put 71, m35 -> (t:1, i:71), STATEMACHINELOGENTRY, 35@client-7D5FDF2F5A1F
2023-04-27 07:11:46,859 [s0@group-5DD5DE37E73E-StateMachineUpdater] INFO  impl.SimpleStateMachine4Testing (SimpleStateMachine4Testing.java:put(205)) - s0: put 73, m36 -> (t:1, i:73), STATEMACHINELOGENTRY, 36@client-7D5FDF2F5A1F
2023-04-27 07:11:46,864 [s0@group-5DD5DE37E73E-StateMachineUpdater] INFO  impl.SimpleStateMachine4Testing (SimpleStateMachine4Testing.java:put(205)) - s0: put 75, m37 -> (t:1, i:75), STATEMACHINELOGENTRY, 37@client-7D5FDF2F5A1F
2023-04-27 07:11:46,869 [s0@group-5DD5DE37E73E-StateMachineUpdater] INFO  impl.SimpleStateMachine4Testing (SimpleStateMachine4Testing.java:put(205)) - s0: put 77, m38 -> (t:1, i:77), STATEMACHINELOGENTRY, 38@client-7D5FDF2F5A1F
2023-04-27 07:11:46,874 [s0@group-5DD5DE37E73E-StateMachineUpdater] INFO  impl.SimpleStateMachine4Testing (SimpleStateMachine4Testing.java:put(205)) - s0: put 79, m39 -> (t:1, i:79), STATEMACHINELOGENTRY, 39@client-7D5FDF2F5A1F
2023-04-27 07:11:46,878 [s0@group-5DD5DE37E73E-StateMachineUpdater] INFO  impl.SimpleStateMachine4Testing (SimpleStateMachine4Testing.java:put(205)) - s0: put 81, m40 -> (t:1, i:81), STATEMACHINELOGENTRY, 40@client-7D5FDF2F5A1F
2023-04-27 07:11:46,882 [s0@group-5DD5DE37E73E-StateMachineUpdater] INFO  impl.SimpleStateMachine4Testing (SimpleStateMachine4Testing.java:put(205)) - s0: put 83, m41 -> (t:1, i:83), STATEMACHINELOGENTRY, 41@client-7D5FDF2F5A1F
2023-04-27 07:11:46,887 [s0@group-5DD5DE37E73E-StateMachineUpdater] INFO  impl.SimpleStateMachine4Testing (SimpleStateMachine4Testing.java:put(205)) - s0: put 85, m42 -> (t:1, i:85), STATEMACHINELOGENTRY, 42@client-7D5FDF2F5A1F
2023-04-27 07:11:46,891 [s0@group-5DD5DE37E73E-StateMachineUpdater] INFO  impl.SimpleStateMachine4Testing (SimpleStateMachine4Testing.java:put(205)) - s0: put 87, m43 -> (t:1, i:87), STATEMACHINELOGENTRY, 43@client-7D5FDF2F5A1F
2023-04-27 07:11:46,895 [s0@group-5DD5DE37E73E-StateMachineUpdater] INFO  impl.SimpleStateMachine4Testing (SimpleStateMachine4Testing.java:put(205)) - s0: put 89, m44 -> (t:1, i:89), STATEMACHINELOGENTRY, 44@client-7D5FDF2F5A1F
2023-04-27 07:11:46,900 [s0@group-5DD5DE37E73E-StateMachineUpdater] INFO  impl.SimpleStateMachine4Testing (SimpleStateMachine4Testing.java:put(205)) - s0: put 91, m45 -> (t:1, i:91), STATEMACHINELOGENTRY, 45@client-7D5FDF2F5A1F
2023-04-27 07:11:46,904 [s0@group-5DD5DE37E73E-StateMachineUpdater] INFO  impl.SimpleStateMachine4Testing (SimpleStateMachine4Testing.java:put(205)) - s0: put 93, m46 -> (t:1, i:93), STATEMACHINELOGENTRY, 46@client-7D5FDF2F5A1F
2023-04-27 07:11:46,909 [s0@group-5DD5DE37E73E-StateMachineUpdater] INFO  impl.SimpleStateMachine4Testing (SimpleStateMachine4Testing.java:put(205)) - s0: put 95, m47 -> (t:1, i:95), STATEMACHINELOGENTRY, 47@client-7D5FDF2F5A1F
2023-04-27 07:11:46,914 [s0@group-5DD5DE37E73E-StateMachineUpdater] INFO  impl.SimpleStateMachine4Testing (SimpleStateMachine4Testing.java:put(205)) - s0: put 97, m48 -> (t:1, i:97), STATEMACHINELOGENTRY, 48@client-7D5FDF2F5A1F
2023-04-27 07:11:46,919 [s0@group-5DD5DE37E73E-StateMachineUpdater] INFO  impl.SimpleStateMachine4Testing (SimpleStateMachine4Testing.java:put(205)) - s0: put 99, m49 -> (t:1, i:99), STATEMACHINELOGENTRY, 49@client-7D5FDF2F5A1F
2023-04-27 07:11:46,924 [s0@group-5DD5DE37E73E-StateMachineUpdater] INFO  impl.SimpleStateMachine4Testing (SimpleStateMachine4Testing.java:put(205)) - s0: put 101, m50 -> (t:1, i:101), STATEMACHINELOGENTRY, 50@client-7D5FDF2F5A1F
2023-04-27 07:11:46,929 [s0@group-5DD5DE37E73E-StateMachineUpdater] INFO  impl.SimpleStateMachine4Testing (SimpleStateMachine4Testing.java:put(205)) - s0: put 103, m51 -> (t:1, i:103), STATEMACHINELOGENTRY, 51@client-7D5FDF2F5A1F
2023-04-27 07:11:46,933 [s0@group-5DD5DE37E73E-StateMachineUpdater] INFO  impl.SimpleStateMachine4Testing (SimpleStateMachine4Testing.java:put(205)) - s0: put 105, m52 -> (t:1, i:105), STATEMACHINELOGENTRY, 52@client-7D5FDF2F5A1F
2023-04-27 07:11:46,938 [s0@group-5DD5DE37E73E-StateMachineUpdater] INFO  impl.SimpleStateMachine4Testing (SimpleStateMachine4Testing.java:put(205)) - s0: put 107, m53 -> (t:1, i:107), STATEMACHINELOGENTRY, 53@client-7D5FDF2F5A1F
2023-04-27 07:11:46,942 [s0@group-5DD5DE37E73E-StateMachineUpdater] INFO  impl.SimpleStateMachine4Testing (SimpleStateMachine4Testing.java:put(205)) - s0: put 109, m54 -> (t:1, i:109), STATEMACHINELOGENTRY, 54@client-7D5FDF2F5A1F
2023-04-27 07:11:46,947 [s0@group-5DD5DE37E73E-StateMachineUpdater] INFO  impl.SimpleStateMachine4Testing (SimpleStateMachine4Testing.java:put(205)) - s0: put 111, m55 -> (t:1, i:111), STATEMACHINELOGENTRY, 55@client-7D5FDF2F5A1F
2023-04-27 07:11:46,952 [s0@group-5DD5DE37E73E-StateMachineUpdater] INFO  impl.SimpleStateMachine4Testing (SimpleStateMachine4Testing.java:put(205)) - s0: put 113, m56 -> (t:1, i:113), STATEMACHINELOGENTRY, 56@client-7D5FDF2F5A1F
2023-04-27 07:11:46,956 [s0@group-5DD5DE37E73E-StateMachineUpdater] INFO  impl.SimpleStateMachine4Testing (SimpleStateMachine4Testing.java:put(205)) - s0: put 115, m57 -> (t:1, i:115), STATEMACHINELOGENTRY, 57@client-7D5FDF2F5A1F
2023-04-27 07:11:46,961 [s0@group-5DD5DE37E73E-StateMachineUpdater] INFO  impl.SimpleStateMachine4Testing (SimpleStateMachine4Testing.java:put(205)) - s0: put 117, m58 -> (t:1, i:117), STATEMACHINELOGENTRY, 58@client-7D5FDF2F5A1F
2023-04-27 07:11:46,966 [s0@group-5DD5DE37E73E-StateMachineUpdater] INFO  impl.SimpleStateMachine4Testing (SimpleStateMachine4Testing.java:put(205)) - s0: put 119, m59 -> (t:1, i:119), STATEMACHINELOGENTRY, 59@client-7D5FDF2F5A1F
2023-04-27 07:11:46,970 [s0@group-5DD5DE37E73E-StateMachineUpdater] INFO  impl.SimpleStateMachine4Testing (SimpleStateMachine4Testing.java:put(205)) - s0: put 121, m60 -> (t:1, i:121), STATEMACHINELOGENTRY, 60@client-7D5FDF2F5A1F
2023-04-27 07:11:46,975 [s0@group-5DD5DE37E73E-StateMachineUpdater] INFO  impl.SimpleStateMachine4Testing (SimpleStateMachine4Testing.java:put(205)) - s0: put 123, m61 -> (t:1, i:123), STATEMACHINELOGENTRY, 61@client-7D5FDF2F5A1F
2023-04-27 07:11:46,983 [s0@group-5DD5DE37E73E-StateMachineUpdater] INFO  impl.SimpleStateMachine4Testing (SimpleStateMachine4Testing.java:put(205)) - s0: put 125, m62 -> (t:1, i:125), STATEMACHINELOGENTRY, 62@client-7D5FDF2F5A1F
2023-04-27 07:11:46,988 [s0@group-5DD5DE37E73E-StateMachineUpdater] INFO  impl.SimpleStateMachine4Testing (SimpleStateMachine4Testing.java:put(205)) - s0: put 127, m63 -> (t:1, i:127), STATEMACHINELOGENTRY, 63@client-7D5FDF2F5A1F
2023-04-27 07:11:47,002 [s0@group-5DD5DE37E73E-StateMachineUpdater] INFO  impl.StateMachineUpdater (StateMachineUpdater.java:takeSnapshot(290)) - s0@group-5DD5DE37E73E-StateMachineUpdater: Took a snapshot at index 127
2023-04-27 07:11:47,003 [s0@group-5DD5DE37E73E-StateMachineUpdater] INFO  impl.StateMachineUpdater (StateMachineUpdater.java:lambda$new$0(96)) - s0@group-5DD5DE37E73E-StateMachineUpdater: snapshotIndex: updateIncreasingly 63 -> 127
2023-04-27 07:11:47,003 [s0@group-5DD5DE37E73E-StateMachineUpdater] INFO  raftlog.RaftLog (RaftLogBase.java:purge(314)) - s0@group-5DD5DE37E73E-SegmentedRaftLog: purge 127
2023-04-27 07:11:47,003 [s0@group-5DD5DE37E73E-StateMachineUpdater] INFO  raftlog.RaftLog (RaftLogBase.java:lambda$new$0(53)) - s0@group-5DD5DE37E73E-SegmentedRaftLog: snapshotIndex: updateIncreasingly 63 -> 127
2023-04-27 07:11:47,003 [s0@group-5DD5DE37E73E-StateMachineUpdater] INFO  raftlog.RaftLog (RaftLogBase.java:lambda$new$0(53)) - s0@group-5DD5DE37E73E-SegmentedRaftLog: purgeIndex: updateToMax old=63, new=127, updated? true
2023-04-27 07:11:47,003 [s0@group-5DD5DE37E73E-StateMachineUpdater] INFO  impl.SimpleStateMachine4Testing (SimpleStateMachine4Testing.java:put(205)) - s0: put 129, m64 -> (t:1, i:129), STATEMACHINELOGENTRY, 64@client-7D5FDF2F5A1F
2023-04-27 07:11:47,009 [s0@group-5DD5DE37E73E-StateMachineUpdater] INFO  impl.SimpleStateMachine4Testing (SimpleStateMachine4Testing.java:put(205)) - s0: put 131, m65 -> (t:1, i:131), STATEMACHINELOGENTRY, 65@client-7D5FDF2F5A1F
2023-04-27 07:11:47,019 [s0@group-5DD5DE37E73E-StateMachineUpdater] INFO  impl.SimpleStateMachine4Testing (SimpleStateMachine4Testing.java:put(205)) - s0: put 133, m66 -> (t:1, i:133), STATEMACHINELOGENTRY, 66@client-7D5FDF2F5A1F
2023-04-27 07:11:47,026 [s0@group-5DD5DE37E73E-StateMachineUpdater] INFO  impl.SimpleStateMachine4Testing (SimpleStateMachine4Testing.java:put(205)) - s0: put 135, m67 -> (t:1, i:135), STATEMACHINELOGENTRY, 67@client-7D5FDF2F5A1F
2023-04-27 07:11:47,031 [s0@group-5DD5DE37E73E-StateMachineUpdater] INFO  impl.SimpleStateMachine4Testing (SimpleStateMachine4Testing.java:put(205)) - s0: put 137, m68 -> (t:1, i:137), STATEMACHINELOGENTRY, 68@client-7D5FDF2F5A1F
2023-04-27 07:11:47,035 [s0@group-5DD5DE37E73E-StateMachineUpdater] INFO  impl.SimpleStateMachine4Testing (SimpleStateMachine4Testing.java:put(205)) - s0: put 139, m69 -> (t:1, i:139), STATEMACHINELOGENTRY, 69@client-7D5FDF2F5A1F
2023-04-27 07:11:47,039 [s0@group-5DD5DE37E73E-StateMachineUpdater] INFO  impl.SimpleStateMachine4Testing (SimpleStateMachine4Testing.java:put(205)) - s0: put 141, m70 -> (t:1, i:141), STATEMACHINELOGENTRY, 70@client-7D5FDF2F5A1F
2023-04-27 07:11:47,044 [s0@group-5DD5DE37E73E-StateMachineUpdater] INFO  impl.SimpleStateMachine4Testing (SimpleStateMachine4Testing.java:put(205)) - s0: put 143, m71 -> (t:1, i:143), STATEMACHINELOGENTRY, 71@client-7D5FDF2F5A1F
2023-04-27 07:11:47,048 [s0@group-5DD5DE37E73E-StateMachineUpdater] INFO  impl.SimpleStateMachine4Testing (SimpleStateMachine4Testing.java:put(205)) - s0: put 145, m72 -> (t:1, i:145), STATEMACHINELOGENTRY, 72@client-7D5FDF2F5A1F
2023-04-27 07:11:47,051 [s0@group-5DD5DE37E73E-StateMachineUpdater] INFO  impl.SimpleStateMachine4Testing (SimpleStateMachine4Testing.java:put(205)) - s0: put 147, m73 -> (t:1, i:147), STATEMACHINELOGENTRY, 73@client-7D5FDF2F5A1F
2023-04-27 07:11:47,055 [s0@group-5DD5DE37E73E-StateMachineUpdater] INFO  impl.SimpleStateMachine4Testing (SimpleStateMachine4Testing.java:put(205)) - s0: put 149, m74 -> (t:1, i:149), STATEMACHINELOGENTRY, 74@client-7D5FDF2F5A1F
2023-04-27 07:11:47,058 [s0@group-5DD5DE37E73E-StateMachineUpdater] INFO  impl.SimpleStateMachine4Testing (SimpleStateMachine4Testing.java:put(205)) - s0: put 151, m75 -> (t:1, i:151), STATEMACHINELOGENTRY, 75@client-7D5FDF2F5A1F
2023-04-27 07:11:47,061 [s0@group-5DD5DE37E73E-StateMachineUpdater] INFO  impl.SimpleStateMachine4Testing (SimpleStateMachine4Testing.java:put(205)) - s0: put 153, m76 -> (t:1, i:153), STATEMACHINELOGENTRY, 76@client-7D5FDF2F5A1F
2023-04-27 07:11:47,065 [s0@group-5DD5DE37E73E-StateMachineUpdater] INFO  impl.SimpleStateMachine4Testing (SimpleStateMachine4Testing.java:put(205)) - s0: put 155, m77 -> (t:1, i:155), STATEMACHINELOGENTRY, 77@client-7D5FDF2F5A1F
2023-04-27 07:11:47,068 [s0@group-5DD5DE37E73E-StateMachineUpdater] INFO  impl.SimpleStateMachine4Testing (SimpleStateMachine4Testing.java:put(205)) - s0: put 157, m78 -> (t:1, i:157), STATEMACHINELOGENTRY, 78@client-7D5FDF2F5A1F
2023-04-27 07:11:47,072 [s0@group-5DD5DE37E73E-StateMachineUpdater] INFO  impl.SimpleStateMachine4Testing (SimpleStateMachine4Testing.java:put(205)) - s0: put 159, m79 -> (t:1, i:159), STATEMACHINELOGENTRY, 79@client-7D5FDF2F5A1F
2023-04-27 07:11:47,075 [s0@group-5DD5DE37E73E-StateMachineUpdater] INFO  impl.SimpleStateMachine4Testing (SimpleStateMachine4Testing.java:put(205)) - s0: put 161, m80 -> (t:1, i:161), STATEMACHINELOGENTRY, 80@client-7D5FDF2F5A1F
2023-04-27 07:11:47,079 [s0@group-5DD5DE37E73E-StateMachineUpdater] INFO  impl.SimpleStateMachine4Testing (SimpleStateMachine4Testing.java:put(205)) - s0: put 163, m81 -> (t:1, i:163), STATEMACHINELOGENTRY, 81@client-7D5FDF2F5A1F
2023-04-27 07:11:47,082 [s0@group-5DD5DE37E73E-StateMachineUpdater] INFO  impl.SimpleStateMachine4Testing (SimpleStateMachine4Testing.java:put(205)) - s0: put 165, m82 -> (t:1, i:165), STATEMACHINELOGENTRY, 82@client-7D5FDF2F5A1F
2023-04-27 07:11:47,086 [s0@group-5DD5DE37E73E-StateMachineUpdater] INFO  impl.SimpleStateMachine4Testing (SimpleStateMachine4Testing.java:put(205)) - s0: put 167, m83 -> (t:1, i:167), STATEMACHINELOGENTRY, 83@client-7D5FDF2F5A1F
2023-04-27 07:11:47,089 [s0@group-5DD5DE37E73E-StateMachineUpdater] INFO  impl.SimpleStateMachine4Testing (SimpleStateMachine4Testing.java:put(205)) - s0: put 169, m84 -> (t:1, i:169), STATEMACHINELOGENTRY, 84@client-7D5FDF2F5A1F
2023-04-27 07:11:47,093 [s0@group-5DD5DE37E73E-StateMachineUpdater] INFO  impl.SimpleStateMachine4Testing (SimpleStateMachine4Testing.java:put(205)) - s0: put 171, m85 -> (t:1, i:171), STATEMACHINELOGENTRY, 85@client-7D5FDF2F5A1F
2023-04-27 07:11:47,097 [s0@group-5DD5DE37E73E-StateMachineUpdater] INFO  impl.SimpleStateMachine4Testing (SimpleStateMachine4Testing.java:put(205)) - s0: put 173, m86 -> (t:1, i:173), STATEMACHINELOGENTRY, 86@client-7D5FDF2F5A1F
2023-04-27 07:11:47,101 [s0@group-5DD5DE37E73E-StateMachineUpdater] INFO  impl.SimpleStateMachine4Testing (SimpleStateMachine4Testing.java:put(205)) - s0: put 175, m87 -> (t:1, i:175), STATEMACHINELOGENTRY, 87@client-7D5FDF2F5A1F
2023-04-27 07:11:47,105 [s0@group-5DD5DE37E73E-StateMachineUpdater] INFO  impl.SimpleStateMachine4Testing (SimpleStateMachine4Testing.java:put(205)) - s0: put 177, m88 -> (t:1, i:177), STATEMACHINELOGENTRY, 88@client-7D5FDF2F5A1F
2023-04-27 07:11:47,109 [s0@group-5DD5DE37E73E-StateMachineUpdater] INFO  impl.SimpleStateMachine4Testing (SimpleStateMachine4Testing.java:put(205)) - s0: put 179, m89 -> (t:1, i:179), STATEMACHINELOGENTRY, 89@client-7D5FDF2F5A1F
2023-04-27 07:11:47,112 [s0@group-5DD5DE37E73E-StateMachineUpdater] INFO  impl.SimpleStateMachine4Testing (SimpleStateMachine4Testing.java:put(205)) - s0: put 181, m90 -> (t:1, i:181), STATEMACHINELOGENTRY, 90@client-7D5FDF2F5A1F
2023-04-27 07:11:47,116 [s0@group-5DD5DE37E73E-StateMachineUpdater] INFO  impl.SimpleStateMachine4Testing (SimpleStateMachine4Testing.java:put(205)) - s0: put 183, m91 -> (t:1, i:183), STATEMACHINELOGENTRY, 91@client-7D5FDF2F5A1F
2023-04-27 07:11:47,119 [s0@group-5DD5DE37E73E-StateMachineUpdater] INFO  impl.SimpleStateMachine4Testing (SimpleStateMachine4Testing.java:put(205)) - s0: put 185, m92 -> (t:1, i:185), STATEMACHINELOGENTRY, 92@client-7D5FDF2F5A1F
2023-04-27 07:11:47,123 [s0@group-5DD5DE37E73E-StateMachineUpdater] INFO  impl.SimpleStateMachine4Testing (SimpleStateMachine4Testing.java:put(205)) - s0: put 187, m93 -> (t:1, i:187), STATEMACHINELOGENTRY, 93@client-7D5FDF2F5A1F
2023-04-27 07:11:47,126 [s0@group-5DD5DE37E73E-StateMachineUpdater] INFO  impl.SimpleStateMachine4Testing (SimpleStateMachine4Testing.java:put(205)) - s0: put 189, m94 -> (t:1, i:189), STATEMACHINELOGENTRY, 94@client-7D5FDF2F5A1F
2023-04-27 07:11:47,130 [s0@group-5DD5DE37E73E-StateMachineUpdater] INFO  impl.SimpleStateMachine4Testing (SimpleStateMachine4Testing.java:put(205)) - s0: put 191, m95 -> (t:1, i:191), STATEMACHINELOGENTRY, 95@client-7D5FDF2F5A1F
2023-04-27 07:11:47,144 [s0@group-5DD5DE37E73E-StateMachineUpdater] INFO  impl.StateMachineUpdater (StateMachineUpdater.java:takeSnapshot(290)) - s0@group-5DD5DE37E73E-StateMachineUpdater: Took a snapshot at index 191
2023-04-27 07:11:47,144 [s0@group-5DD5DE37E73E-StateMachineUpdater] INFO  impl.StateMachineUpdater (StateMachineUpdater.java:lambda$new$0(96)) - s0@group-5DD5DE37E73E-StateMachineUpdater: snapshotIndex: updateIncreasingly 127 -> 191
2023-04-27 07:11:47,144 [s0@group-5DD5DE37E73E-StateMachineUpdater] INFO  raftlog.RaftLog (RaftLogBase.java:purge(314)) - s0@group-5DD5DE37E73E-SegmentedRaftLog: purge 191
2023-04-27 07:11:47,144 [s0@group-5DD5DE37E73E-StateMachineUpdater] INFO  raftlog.RaftLog (RaftLogBase.java:lambda$new$0(53)) - s0@group-5DD5DE37E73E-SegmentedRaftLog: snapshotIndex: updateIncreasingly 127 -> 191
2023-04-27 07:11:47,144 [s0@group-5DD5DE37E73E-StateMachineUpdater] INFO  raftlog.RaftLog (RaftLogBase.java:lambda$new$0(53)) - s0@group-5DD5DE37E73E-SegmentedRaftLog: purgeIndex: updateToMax old=127, new=191, updated? true
2023-04-27 07:11:47,144 [s0@group-5DD5DE37E73E-StateMachineUpdater] INFO  impl.SimpleStateMachine4Testing (SimpleStateMachine4Testing.java:put(205)) - s0: put 193, m96 -> (t:1, i:193), STATEMACHINELOGENTRY, 96@client-7D5FDF2F5A1F
2023-04-27 07:11:47,148 [s0@group-5DD5DE37E73E-StateMachineUpdater] INFO  impl.SimpleStateMachine4Testing (SimpleStateMachine4Testing.java:put(205)) - s0: put 195, m97 -> (t:1, i:195), STATEMACHINELOGENTRY, 97@client-7D5FDF2F5A1F
2023-04-27 07:11:47,152 [s0@group-5DD5DE37E73E-StateMachineUpdater] INFO  impl.SimpleStateMachine4Testing (SimpleStateMachine4Testing.java:put(205)) - s0: put 197, m98 -> (t:1, i:197), STATEMACHINELOGENTRY, 98@client-7D5FDF2F5A1F
2023-04-27 07:11:47,155 [s0@group-5DD5DE37E73E-StateMachineUpdater] INFO  impl.SimpleStateMachine4Testing (SimpleStateMachine4Testing.java:put(205)) - s0: put 199, m99 -> (t:1, i:199), STATEMACHINELOGENTRY, 99@client-7D5FDF2F5A1F
2023-04-27 07:11:47,158 [s0@group-5DD5DE37E73E-StateMachineUpdater] INFO  impl.SimpleStateMachine4Testing (SimpleStateMachine4Testing.java:put(205)) - s0: put 201, m100 -> (t:1, i:201), STATEMACHINELOGENTRY, 100@client-7D5FDF2F5A1F
2023-04-27 07:11:47,162 [s0@group-5DD5DE37E73E-StateMachineUpdater] INFO  impl.SimpleStateMachine4Testing (SimpleStateMachine4Testing.java:put(205)) - s0: put 203, m101 -> (t:1, i:203), STATEMACHINELOGENTRY, 101@client-7D5FDF2F5A1F
2023-04-27 07:11:47,166 [s0@group-5DD5DE37E73E-StateMachineUpdater] INFO  impl.SimpleStateMachine4Testing (SimpleStateMachine4Testing.java:put(205)) - s0: put 205, m102 -> (t:1, i:205), STATEMACHINELOGENTRY, 102@client-7D5FDF2F5A1F
2023-04-27 07:11:47,169 [s0@group-5DD5DE37E73E-StateMachineUpdater] INFO  impl.SimpleStateMachine4Testing (SimpleStateMachine4Testing.java:put(205)) - s0: put 207, m103 -> (t:1, i:207), STATEMACHINELOGENTRY, 103@client-7D5FDF2F5A1F
2023-04-27 07:11:47,173 [s0@group-5DD5DE37E73E-StateMachineUpdater] INFO  impl.SimpleStateMachine4Testing (SimpleStateMachine4Testing.java:put(205)) - s0: put 209, m104 -> (t:1, i:209), STATEMACHINELOGENTRY, 104@client-7D5FDF2F5A1F
2023-04-27 07:11:47,176 [s0@group-5DD5DE37E73E-StateMachineUpdater] INFO  impl.SimpleStateMachine4Testing (SimpleStateMachine4Testing.java:put(205)) - s0: put 211, m105 -> (t:1, i:211), STATEMACHINELOGENTRY, 105@client-7D5FDF2F5A1F
2023-04-27 07:11:47,180 [s0@group-5DD5DE37E73E-StateMachineUpdater] INFO  impl.SimpleStateMachine4Testing (SimpleStateMachine4Testing.java:put(205)) - s0: put 213, m106 -> (t:1, i:213), STATEMACHINELOGENTRY, 106@client-7D5FDF2F5A1F
2023-04-27 07:11:47,183 [s0@group-5DD5DE37E73E-StateMachineUpdater] INFO  impl.SimpleStateMachine4Testing (SimpleStateMachine4Testing.java:put(205)) - s0: put 215, m107 -> (t:1, i:215), STATEMACHINELOGENTRY, 107@client-7D5FDF2F5A1F
2023-04-27 07:11:47,187 [s0@group-5DD5DE37E73E-StateMachineUpdater] INFO  impl.SimpleStateMachine4Testing (SimpleStateMachine4Testing.java:put(205)) - s0: put 217, m108 -> (t:1, i:217), STATEMACHINELOGENTRY, 108@client-7D5FDF2F5A1F
2023-04-27 07:11:47,191 [s0@group-5DD5DE37E73E-StateMachineUpdater] INFO  impl.SimpleStateMachine4Testing (SimpleStateMachine4Testing.java:put(205)) - s0: put 219, m109 -> (t:1, i:219), STATEMACHINELOGENTRY, 109@client-7D5FDF2F5A1F
2023-04-27 07:11:47,194 [s0@group-5DD5DE37E73E-StateMachineUpdater] INFO  impl.SimpleStateMachine4Testing (SimpleStateMachine4Testing.java:put(205)) - s0: put 221, m110 -> (t:1, i:221), STATEMACHINELOGENTRY, 110@client-7D5FDF2F5A1F
2023-04-27 07:11:47,198 [s0@group-5DD5DE37E73E-StateMachineUpdater] INFO  impl.SimpleStateMachine4Testing (SimpleStateMachine4Testing.java:put(205)) - s0: put 223, m111 -> (t:1, i:223), STATEMACHINELOGENTRY, 111@client-7D5FDF2F5A1F
2023-04-27 07:11:47,201 [s0@group-5DD5DE37E73E-StateMachineUpdater] INFO  impl.SimpleStateMachine4Testing (SimpleStateMachine4Testing.java:put(205)) - s0: put 225, m112 -> (t:1, i:225), STATEMACHINELOGENTRY, 112@client-7D5FDF2F5A1F
2023-04-27 07:11:47,204 [s0@group-5DD5DE37E73E-StateMachineUpdater] INFO  impl.SimpleStateMachine4Testing (SimpleStateMachine4Testing.java:put(205)) - s0: put 227, m113 -> (t:1, i:227), STATEMACHINELOGENTRY, 113@client-7D5FDF2F5A1F
2023-04-27 07:11:47,207 [s0@group-5DD5DE37E73E-StateMachineUpdater] INFO  impl.SimpleStateMachine4Testing (SimpleStateMachine4Testing.java:put(205)) - s0: put 229, m114 -> (t:1, i:229), STATEMACHINELOGENTRY, 114@client-7D5FDF2F5A1F
2023-04-27 07:11:47,211 [s0@group-5DD5DE37E73E-StateMachineUpdater] INFO  impl.SimpleStateMachine4Testing (SimpleStateMachine4Testing.java:put(205)) - s0: put 231, m115 -> (t:1, i:231), STATEMACHINELOGENTRY, 115@client-7D5FDF2F5A1F
2023-04-27 07:11:47,214 [s0@group-5DD5DE37E73E-StateMachineUpdater] INFO  impl.SimpleStateMachine4Testing (SimpleStateMachine4Testing.java:put(205)) - s0: put 233, m116 -> (t:1, i:233), STATEMACHINELOGENTRY, 116@client-7D5FDF2F5A1F
2023-04-27 07:11:47,218 [s0@group-5DD5DE37E73E-StateMachineUpdater] INFO  impl.SimpleStateMachine4Testing (SimpleStateMachine4Testing.java:put(205)) - s0: put 235, m117 -> (t:1, i:235), STATEMACHINELOGENTRY, 117@client-7D5FDF2F5A1F
2023-04-27 07:11:47,221 [s0@group-5DD5DE37E73E-StateMachineUpdater] INFO  impl.SimpleStateMachine4Testing (SimpleStateMachine4Testing.java:put(205)) - s0: put 237, m118 -> (t:1, i:237), STATEMACHINELOGENTRY, 118@client-7D5FDF2F5A1F
2023-04-27 07:11:47,224 [s0@group-5DD5DE37E73E-StateMachineUpdater] INFO  impl.SimpleStateMachine4Testing (SimpleStateMachine4Testing.java:put(205)) - s0: put 239, m119 -> (t:1, i:239), STATEMACHINELOGENTRY, 119@client-7D5FDF2F5A1F
2023-04-27 07:11:47,227 [s0@group-5DD5DE37E73E-StateMachineUpdater] INFO  impl.SimpleStateMachine4Testing (SimpleStateMachine4Testing.java:put(205)) - s0: put 241, m120 -> (t:1, i:241), STATEMACHINELOGENTRY, 120@client-7D5FDF2F5A1F
2023-04-27 07:11:47,230 [s0@group-5DD5DE37E73E-StateMachineUpdater] INFO  impl.SimpleStateMachine4Testing (SimpleStateMachine4Testing.java:put(205)) - s0: put 243, m121 -> (t:1, i:243), STATEMACHINELOGENTRY, 121@client-7D5FDF2F5A1F
2023-04-27 07:11:47,233 [s0@group-5DD5DE37E73E-StateMachineUpdater] INFO  impl.SimpleStateMachine4Testing (SimpleStateMachine4Testing.java:put(205)) - s0: put 245, m122 -> (t:1, i:245), STATEMACHINELOGENTRY, 122@client-7D5FDF2F5A1F
2023-04-27 07:11:47,236 [s0@group-5DD5DE37E73E-StateMachineUpdater] INFO  impl.SimpleStateMachine4Testing (SimpleStateMachine4Testing.java:put(205)) - s0: put 247, m123 -> (t:1, i:247), STATEMACHINELOGENTRY, 123@client-7D5FDF2F5A1F
2023-04-27 07:11:47,239 [s0@group-5DD5DE37E73E-StateMachineUpdater] INFO  impl.SimpleStateMachine4Testing (SimpleStateMachine4Testing.java:put(205)) - s0: put 249, m124 -> (t:1, i:249), STATEMACHINELOGENTRY, 124@client-7D5FDF2F5A1F
2023-04-27 07:11:47,243 [s0@group-5DD5DE37E73E-StateMachineUpdater] INFO  impl.SimpleStateMachine4Testing (SimpleStateMachine4Testing.java:put(205)) - s0: put 251, m125 -> (t:1, i:251), STATEMACHINELOGENTRY, 125@client-7D5FDF2F5A1F
2023-04-27 07:11:47,246 [s0@group-5DD5DE37E73E-StateMachineUpdater] INFO  impl.SimpleStateMachine4Testing (SimpleStateMachine4Testing.java:put(205)) - s0: put 253, m126 -> (t:1, i:253), STATEMACHINELOGENTRY, 126@client-7D5FDF2F5A1F
2023-04-27 07:11:47,263 [s0-server-thread1] INFO  server.RaftServer$Division (RaftServerImpl.java:takeSnapshotAsync(1129)) - s0@group-5DD5DE37E73E: takeSnapshotAsync SnapshotManagementRequest:client-7D5FDF2F5A1F->s0@group-5DD5DE37E73E, cid=127, seq=0, RO, null, Create:
2023-04-27 07:11:47,263 [s0-server-thread1] INFO  server.RaftServerConfigKeys (ConfUtils.java:logGet(46)) - raft.server.snapshot.creation.gap = 1024 (default)
2023-04-27 07:11:47,281 [Time-limited test] INFO  impl.MiniRaftCluster (MiniRaftCluster.java:addNewPeers(464)) - Add new peers [s1, s2]
2023-04-27 07:11:47,281 [Time-limited test] INFO  impl.MiniRaftCluster (MiniRaftCluster.java:newRaftServer(382)) - newRaftServer: s1, group-5DD5DE37E73E:[], format? true
2023-04-27 07:11:47,281 [Time-limited test] TRACE util.FileUtils (FileUtils.java:deleteFully(201)) - deleteFully target/test/data/a5c97c2c/MiniRaftClusterWithGrpc3f6ea9d5/s1
2023-04-27 07:11:47,282 [Time-limited test] TRACE util.FileUtils (FileUtils.java:deleteFully(217)) - deleteFully: target/test/data/a5c97c2c/MiniRaftClusterWithGrpc3f6ea9d5/s1 does not exist.
2023-04-27 07:11:47,282 [Time-limited test] INFO  impl.MiniRaftCluster (MiniRaftCluster.java:newRaftServer(387)) - Formatted directory target/test/data/a5c97c2c/MiniRaftClusterWithGrpc3f6ea9d5/s1
2023-04-27 07:11:47,282 [Time-limited test] INFO  server.RaftServer (ConfUtils.java:logGet(46)) - raft.rpc.type = GRPC (default)
2023-04-27 07:11:47,283 [Time-limited test] INFO  grpc.GrpcConfigKeys (ConfUtils.java:logFallback(53)) - raft.grpc.admin.host = null (fallback to raft.grpc.server.host)
2023-04-27 07:11:47,283 [Time-limited test] INFO  grpc.GrpcConfigKeys (ConfUtils.java:logFallback(53)) - raft.grpc.admin.port = 42905 (fallback to raft.grpc.server.port)
2023-04-27 07:11:47,283 [Time-limited test] INFO  grpc.GrpcConfigKeys (ConfUtils.java:logFallback(53)) - raft.grpc.client.host = null (fallback to raft.grpc.server.host)
2023-04-27 07:11:47,283 [Time-limited test] INFO  grpc.GrpcConfigKeys (ConfUtils.java:logFallback(53)) - raft.grpc.client.port = 42905 (fallback to raft.grpc.server.port)
2023-04-27 07:11:47,283 [Time-limited test] INFO  grpc.GrpcConfigKeys (ConfUtils.java:logGet(46)) - raft.grpc.server.host = null (default)
2023-04-27 07:11:47,283 [Time-limited test] INFO  grpc.GrpcConfigKeys (ConfUtils.java:logGet(46)) - raft.grpc.server.port = 42905 (custom)
2023-04-27 07:11:47,283 [Time-limited test] INFO  server.GrpcService (ConfUtils.java:logGet(46)) - raft.grpc.message.size.max = 64MB (=67108864) (default)
2023-04-27 07:11:47,283 [Time-limited test] INFO  server.RaftServerConfigKeys (ConfUtils.java:logGet(46)) - raft.server.log.appender.buffer.byte-limit = 4MB (=4194304) (default)
2023-04-27 07:11:47,283 [Time-limited test] INFO  server.GrpcService (ConfUtils.java:logGet(46)) - raft.grpc.flow.control.window = 1MB (=1048576) (default)
2023-04-27 07:11:47,284 [Time-limited test] INFO  server.RaftServerConfigKeys (ConfUtils.java:logGet(46)) - raft.server.rpc.request.timeout = 3000ms (default)
2023-04-27 07:11:47,284 [Time-limited test] INFO  grpc.GrpcConfigKeys (ConfUtils.java:logGet(46)) - raft.grpc.server.heartbeat.channel = false (custom)
2023-04-27 07:11:47,284 [Time-limited test] INFO  grpc.GrpcConfigKeys (ConfUtils.java:logGet(46)) - raft.grpc.server.async.request.thread.pool.cached = true (default)
2023-04-27 07:11:47,284 [Time-limited test] INFO  grpc.GrpcConfigKeys (ConfUtils.java:logGet(46)) - raft.grpc.server.async.request.thread.pool.size = 32 (default)
2023-04-27 07:11:47,285 [Time-limited test] INFO  impl.DataStreamServerImpl (ConfUtils.java:logGet(46)) - raft.datastream.type = DISABLED (default)
2023-04-27 07:11:47,285 [Time-limited test] INFO  server.RaftServerConfigKeys (ConfUtils.java:logGet(46)) - raft.server.threadpool.proxy.cached = true (default)
2023-04-27 07:11:47,285 [Time-limited test] INFO  server.RaftServerConfigKeys (ConfUtils.java:logGet(46)) - raft.server.threadpool.proxy.size = 0 (default)
2023-04-27 07:11:47,285 [Time-limited test] INFO  server.RaftServerConfigKeys (ConfUtils.java:logGet(46)) - raft.server.rpc.slowness.timeout = 60s (default)
2023-04-27 07:11:47,285 [Time-limited test] INFO  server.RaftServerConfigKeys (ConfUtils.java:logGet(46)) - raft.server.leaderelection.leader.step-down.wait-time = 10s (default)
2023-04-27 07:11:47,285 [Time-limited test] INFO  server.RaftServerConfigKeys (ConfUtils.java:logGet(46)) - raft.server.storage.dir = [/home/runner/work/ratis/ratis/ratis-test/target/test/data/a5c97c2c/MiniRaftClusterWithGrpc3f6ea9d5/s1] (custom)
2023-04-27 07:11:47,292 [Time-limited test] INFO  server.RaftServer (RaftServerProxy.java:addNew(99)) - s1: addNew group-5DD5DE37E73E:[] returns group-5DD5DE37E73E:java.util.concurrent.CompletableFuture@2d71f7f[Not completed]
2023-04-27 07:11:47,292 [Time-limited test] INFO  impl.MiniRaftCluster (MiniRaftCluster.java:newRaftServer(382)) - newRaftServer: s2, group-5DD5DE37E73E:[], format? true
2023-04-27 07:11:47,292 [Time-limited test] TRACE util.FileUtils (FileUtils.java:deleteFully(201)) - deleteFully target/test/data/a5c97c2c/MiniRaftClusterWithGrpc3f6ea9d5/s2
2023-04-27 07:11:47,292 [Time-limited test] TRACE util.FileUtils (FileUtils.java:deleteFully(217)) - deleteFully: target/test/data/a5c97c2c/MiniRaftClusterWithGrpc3f6ea9d5/s2 does not exist.
2023-04-27 07:11:47,293 [Time-limited test] INFO  impl.MiniRaftCluster (MiniRaftCluster.java:newRaftServer(387)) - Formatted directory target/test/data/a5c97c2c/MiniRaftClusterWithGrpc3f6ea9d5/s2
2023-04-27 07:11:47,293 [Time-limited test] INFO  server.RaftServer (ConfUtils.java:logGet(46)) - raft.rpc.type = GRPC (default)
2023-04-27 07:11:47,293 [Time-limited test] INFO  grpc.GrpcConfigKeys (ConfUtils.java:logFallback(53)) - raft.grpc.admin.host = null (fallback to raft.grpc.server.host)
2023-04-27 07:11:47,293 [Time-limited test] INFO  grpc.GrpcConfigKeys (ConfUtils.java:logFallback(53)) - raft.grpc.admin.port = 43905 (fallback to raft.grpc.server.port)
2023-04-27 07:11:47,293 [Time-limited test] INFO  grpc.GrpcConfigKeys (ConfUtils.java:logFallback(53)) - raft.grpc.client.host = null (fallback to raft.grpc.server.host)
2023-04-27 07:11:47,293 [Time-limited test] INFO  grpc.GrpcConfigKeys (ConfUtils.java:logFallback(53)) - raft.grpc.client.port = 43905 (fallback to raft.grpc.server.port)
2023-04-27 07:11:47,294 [Time-limited test] INFO  grpc.GrpcConfigKeys (ConfUtils.java:logGet(46)) - raft.grpc.server.host = null (default)
2023-04-27 07:11:47,294 [Time-limited test] INFO  grpc.GrpcConfigKeys (ConfUtils.java:logGet(46)) - raft.grpc.server.port = 43905 (custom)
2023-04-27 07:11:47,294 [Time-limited test] INFO  server.GrpcService (ConfUtils.java:logGet(46)) - raft.grpc.message.size.max = 64MB (=67108864) (default)
2023-04-27 07:11:47,294 [Time-limited test] INFO  server.RaftServerConfigKeys (ConfUtils.java:logGet(46)) - raft.server.log.appender.buffer.byte-limit = 4MB (=4194304) (default)
2023-04-27 07:11:47,294 [Time-limited test] INFO  server.GrpcService (ConfUtils.java:logGet(46)) - raft.grpc.flow.control.window = 1MB (=1048576) (default)
2023-04-27 07:11:47,294 [Time-limited test] INFO  server.RaftServerConfigKeys (ConfUtils.java:logGet(46)) - raft.server.rpc.request.timeout = 3000ms (default)
2023-04-27 07:11:47,294 [Time-limited test] INFO  grpc.GrpcConfigKeys (ConfUtils.java:logGet(46)) - raft.grpc.server.heartbeat.channel = false (custom)
2023-04-27 07:11:47,294 [Time-limited test] INFO  grpc.GrpcConfigKeys (ConfUtils.java:logGet(46)) - raft.grpc.server.async.request.thread.pool.cached = true (default)
2023-04-27 07:11:47,294 [Time-limited test] INFO  grpc.GrpcConfigKeys (ConfUtils.java:logGet(46)) - raft.grpc.server.async.request.thread.pool.size = 32 (default)
2023-04-27 07:11:47,295 [Time-limited test] INFO  impl.DataStreamServerImpl (ConfUtils.java:logGet(46)) - raft.datastream.type = DISABLED (default)
2023-04-27 07:11:47,295 [Time-limited test] INFO  server.RaftServerConfigKeys (ConfUtils.java:logGet(46)) - raft.server.threadpool.proxy.cached = true (default)
2023-04-27 07:11:47,295 [Time-limited test] INFO  server.RaftServerConfigKeys (ConfUtils.java:logGet(46)) - raft.server.threadpool.proxy.size = 0 (default)
2023-04-27 07:11:47,295 [Time-limited test] INFO  server.RaftServerConfigKeys (ConfUtils.java:logGet(46)) - raft.server.rpc.slowness.timeout = 60s (default)
2023-04-27 07:11:47,296 [Time-limited test] INFO  server.RaftServerConfigKeys (ConfUtils.java:logGet(46)) - raft.server.leaderelection.leader.step-down.wait-time = 10s (default)
2023-04-27 07:11:47,296 [Time-limited test] INFO  server.RaftServerConfigKeys (ConfUtils.java:logGet(46)) - raft.server.storage.dir = [/home/runner/work/ratis/ratis/ratis-test/target/test/data/a5c97c2c/MiniRaftClusterWithGrpc3f6ea9d5/s2] (custom)
2023-04-27 07:11:47,298 [s1-groupManagement] INFO  server.RaftServerConfigKeys (ConfUtils.java:logGet(46)) - raft.server.log.segment.size.max = 8MB (=8388608) (default)
2023-04-27 07:11:47,298 [s1-groupManagement] INFO  server.RaftServerConfigKeys (ConfUtils.java:logGet(46)) - raft.server.log.preallocated.size = 4MB (=4194304) (default)
2023-04-27 07:11:47,298 [s1-groupManagement] INFO  server.RaftServerConfigKeys (ConfUtils.java:logGet(46)) - raft.server.log.write.buffer.size = 64KB (=65536) (default)
2023-04-27 07:11:47,298 [s1-groupManagement] INFO  server.RaftServer$Division (RaftServerImpl.java:<init>(198)) - s1: new RaftServerImpl for group-5DD5DE37E73E:[] with StateMachineWithMultiNestedSnapshotFile:uninitialized
2023-04-27 07:11:47,298 [s1-groupManagement] INFO  server.RaftServerConfigKeys (ConfUtils.java:logGet(46)) - raft.server.rpc.timeout.min = 150ms (default)
2023-04-27 07:11:47,298 [s1-groupManagement] INFO  server.RaftServerConfigKeys (ConfUtils.java:logGet(46)) - raft.server.rpc.timeout.max = 300ms (default)
2023-04-27 07:11:47,298 [s1-groupManagement] INFO  server.RaftServerConfigKeys (ConfUtils.java:logGet(46)) - raft.server.rpc.sleep.time = 25ms (default)
2023-04-27 07:11:47,298 [s1-groupManagement] INFO  server.RaftServerConfigKeys (ConfUtils.java:logGet(46)) - raft.server.rpc.slowness.timeout = 60s (default)
2023-04-27 07:11:47,299 [s1-groupManagement] INFO  server.RaftServerConfigKeys (ConfUtils.java:logGet(46)) - raft.server.leaderelection.leader.step-down.wait-time = 10s (default)
2023-04-27 07:11:47,299 [s1-groupManagement] INFO  server.RaftServerConfigKeys (ConfUtils.java:logGet(46)) - raft.server.sleep.deviation.threshold = 300ms (default)
2023-04-27 07:11:47,299 [s1-groupManagement] INFO  server.RaftServer$Division (ServerState.java:<init>(113)) - s1@group-5DD5DE37E73E: ConfigurationManager, init=-1: peers:[]|listeners:[], old=null, confs=<EMPTY_MAP>
2023-04-27 07:11:47,299 [s1-groupManagement] INFO  server.RaftServerConfigKeys (ConfUtils.java:logGet(46)) - raft.server.notification.no-leader.timeout = 60s (default)
2023-04-27 07:11:47,299 [s1-groupManagement] INFO  server.RaftServerConfigKeys (ConfUtils.java:logGet(46)) - raft.server.read.timeout = 10s (default)
2023-04-27 07:11:47,299 [s1-groupManagement] INFO  server.RaftServerConfigKeys (ConfUtils.java:logGet(46)) - raft.server.retrycache.expirytime = 60s (default)
2023-04-27 07:11:47,299 [s1-groupManagement] INFO  server.RaftServerConfigKeys (ConfUtils.java:logGet(46)) - raft.server.retrycache.statistics.expirytime = 100μs (default)
2023-04-27 07:11:47,300 [s1-groupManagement] INFO  server.RaftServerConfigKeys (ConfUtils.java:logGet(46)) - raft.server.read.option = DEFAULT (default)
2023-04-27 07:11:47,302 [s1-groupManagement] INFO  server.RaftServerConfigKeys (ConfUtils.java:logGet(46)) - raft.server.rpc.request.timeout = 3000ms (default)
2023-04-27 07:11:47,302 [s1-groupManagement] INFO  server.RaftServerConfigKeys (ConfUtils.java:logGet(46)) - raft.server.log.appender.install.snapshot.enabled = true (default)
2023-04-27 07:11:47,302 [s1-groupManagement] INFO  server.RaftServerConfigKeys (ConfUtils.java:logGet(46)) - raft.server.threadpool.server.cached = true (default)
2023-04-27 07:11:47,302 [s1-groupManagement] INFO  server.RaftServerConfigKeys (ConfUtils.java:logGet(46)) - raft.server.threadpool.server.size = 0 (default)
2023-04-27 07:11:47,302 [s1-groupManagement] INFO  server.RaftServerConfigKeys (ConfUtils.java:logGet(46)) - raft.server.threadpool.client.cached = true (default)
2023-04-27 07:11:47,302 [s1-groupManagement] INFO  server.RaftServerConfigKeys (ConfUtils.java:logGet(46)) - raft.server.threadpool.client.size = 0 (default)
2023-04-27 07:11:47,300 [Time-limited test] INFO  server.RaftServer (RaftServerProxy.java:addNew(99)) - s2: addNew group-5DD5DE37E73E:[] returns group-5DD5DE37E73E:java.util.concurrent.CompletableFuture@7efb375e[Not completed]
2023-04-27 07:11:47,300 [s2-groupManagement] INFO  server.RaftServerConfigKeys (ConfUtils.java:logGet(46)) - raft.server.log.segment.size.max = 8MB (=8388608) (default)
2023-04-27 07:11:47,303 [s1-impl-thread1] INFO  server.RaftServerConfigKeys (ConfUtils.java:logGet(46)) - raft.server.storage.free-space.min = 0MB (=0) (default)
2023-04-27 07:11:47,303 [s1-impl-thread1] INFO  server.RaftServerConfigKeys (ConfUtils.java:logGet(46)) - raft.server.log.corruption.policy = EXCEPTION (default)
2023-04-27 07:11:47,303 [s1-impl-thread1] INFO  server.RaftServerConfigKeys (ConfUtils.java:logGet(46)) - raft.server.storage.dir = [/home/runner/work/ratis/ratis/ratis-test/target/test/data/a5c97c2c/MiniRaftClusterWithGrpc3f6ea9d5/s1] (custom)
2023-04-27 07:11:47,303 [s1-impl-thread1] INFO  storage.RaftStorageDirectory (RaftStorageDirectoryImpl.java:analyzeStorage(138)) - The storage directory /home/runner/work/ratis/ratis/ratis-test/target/test/data/a5c97c2c/MiniRaftClusterWithGrpc3f6ea9d5/s1/3a0ff405-0f10-426f-871f-5dd5de37e73e does not exist. Creating ...
2023-04-27 07:11:47,304 [s1-impl-thread1] TRACE util.FileUtils (LogUtils.java:runAndLog(49)) - Successfully ran Files.createDirectories /home/runner/work/ratis/ratis/ratis-test/target/test/data/a5c97c2c/MiniRaftClusterWithGrpc3f6ea9d5/s1/3a0ff405-0f10-426f-871f-5dd5de37e73e
2023-04-27 07:11:47,305 [s1-impl-thread1] INFO  storage.RaftStorageDirectory (RaftStorageDirectoryImpl.java:tryLock(232)) - Lock on /home/runner/work/ratis/ratis/ratis-test/target/test/data/a5c97c2c/MiniRaftClusterWithGrpc3f6ea9d5/s1/3a0ff405-0f10-426f-871f-5dd5de37e73e/in_use.lock acquired by nodename 24267@fv-az591-70
2023-04-27 07:11:47,305 [s1-impl-thread1] TRACE util.FileUtils (LogUtils.java:runAndLog(49)) - Successfully ran Files.createDirectories /home/runner/work/ratis/ratis/ratis-test/target/test/data/a5c97c2c/MiniRaftClusterWithGrpc3f6ea9d5/s1/3a0ff405-0f10-426f-871f-5dd5de37e73e/current
2023-04-27 07:11:47,303 [s2-groupManagement] INFO  server.RaftServerConfigKeys (ConfUtils.java:logGet(46)) - raft.server.log.preallocated.size = 4MB (=4194304) (default)
2023-04-27 07:11:47,305 [s1-impl-thread1] TRACE util.FileUtils (LogUtils.java:runAndLog(49)) - Successfully ran Files.createDirectories /home/runner/work/ratis/ratis/ratis-test/target/test/data/a5c97c2c/MiniRaftClusterWithGrpc3f6ea9d5/s1/3a0ff405-0f10-426f-871f-5dd5de37e73e/sm
2023-04-27 07:11:47,305 [s2-groupManagement] INFO  server.RaftServerConfigKeys (ConfUtils.java:logGet(46)) - raft.server.log.write.buffer.size = 64KB (=65536) (default)
2023-04-27 07:11:47,306 [s2-groupManagement] INFO  server.RaftServer$Division (RaftServerImpl.java:<init>(198)) - s2: new RaftServerImpl for group-5DD5DE37E73E:[] with StateMachineWithMultiNestedSnapshotFile:uninitialized
2023-04-27 07:11:47,306 [s2-groupManagement] INFO  server.RaftServerConfigKeys (ConfUtils.java:logGet(46)) - raft.server.rpc.timeout.min = 150ms (default)
2023-04-27 07:11:47,306 [s2-groupManagement] INFO  server.RaftServerConfigKeys (ConfUtils.java:logGet(46)) - raft.server.rpc.timeout.max = 300ms (default)
2023-04-27 07:11:47,306 [s2-groupManagement] INFO  server.RaftServerConfigKeys (ConfUtils.java:logGet(46)) - raft.server.rpc.sleep.time = 25ms (default)
2023-04-27 07:11:47,306 [s2-groupManagement] INFO  server.RaftServerConfigKeys (ConfUtils.java:logGet(46)) - raft.server.rpc.slowness.timeout = 60s (default)
2023-04-27 07:11:47,306 [s2-groupManagement] INFO  server.RaftServerConfigKeys (ConfUtils.java:logGet(46)) - raft.server.leaderelection.leader.step-down.wait-time = 10s (default)
2023-04-27 07:11:47,306 [s1-impl-thread1] INFO  storage.RaftStorage (RaftStorageImpl.java:format(96)) - Storage directory /home/runner/work/ratis/ratis/ratis-test/target/test/data/a5c97c2c/MiniRaftClusterWithGrpc3f6ea9d5/s1/3a0ff405-0f10-426f-871f-5dd5de37e73e has been successfully formatted.
2023-04-27 07:11:47,309 [s1-impl-thread1] INFO  impl.SimpleStateMachine4Testing (SimpleStateMachine4Testing.java:initialize(213)) - Initializing StateMachineWithMultiNestedSnapshotFile:uninitialized
2023-04-27 07:11:47,310 [s1-impl-thread1] INFO  impl.SimpleStateMachine4Testing (SimpleStateMachine4Testing.java:loadSnapshot(293)) - Loading snapshot null
2023-04-27 07:11:47,310 [s1-impl-thread1] INFO  server.RaftServerConfigKeys (ConfUtils.java:logGet(46)) - raft.server.log.use.memory = false (default)
2023-04-27 07:11:47,310 [s1-impl-thread1] INFO  server.RaftServerConfigKeys (ConfUtils.java:logGet(46)) - raft.server.log.purge.gap = 8 (custom)
2023-04-27 07:11:47,310 [s1-impl-thread1] INFO  server.RaftServerConfigKeys (ConfUtils.java:logGet(46)) - raft.server.log.appender.buffer.byte-limit = 4MB (=4194304) (default)
2023-04-27 07:11:47,310 [s1-impl-thread1] INFO  server.RaftServerConfigKeys (ConfUtils.java:logGet(46)) - raft.server.log.statemachine.data.read.timeout = 1000ms (default)
2023-04-27 07:11:47,310 [s1-impl-thread1] INFO  server.RaftServerConfigKeys (ConfUtils.java:logGet(46)) - raft.server.log.purge.preservation.log.num = 0 (default)
2023-04-27 07:11:47,311 [s1-impl-thread1] INFO  server.RaftServerConfigKeys (ConfUtils.java:logGet(46)) - raft.server.log.segment.size.max = 8MB (=8388608) (default)
2023-04-27 07:11:47,312 [s1-impl-thread1] INFO  server.RaftServerConfigKeys (ConfUtils.java:logGet(46)) - raft.server.log.segment.cache.num.max = 6 (default)
2023-04-27 07:11:47,312 [s1-impl-thread1] INFO  server.RaftServerConfigKeys (ConfUtils.java:logGet(46)) - raft.server.log.segment.cache.size.max = 200MB (=209715200) (default)
2023-04-27 07:11:47,312 [s1-impl-thread1] INFO  server.RaftServerConfigKeys (ConfUtils.java:logGet(46)) - raft.server.log.appender.buffer.byte-limit = 4MB (=4194304) (default)
2023-04-27 07:11:47,312 [s1-impl-thread1] INFO  segmented.SegmentedRaftLogWorker (SegmentedRaftLogWorker.java:<init>(183)) - new s1@group-5DD5DE37E73E-SegmentedRaftLogWorker for RaftStorageImpl:Storage Directory /home/runner/work/ratis/ratis/ratis-test/target/test/data/a5c97c2c/MiniRaftClusterWithGrpc3f6ea9d5/s1/3a0ff405-0f10-426f-871f-5dd5de37e73e
2023-04-27 07:11:47,312 [s1-impl-thread1] INFO  server.RaftServerConfigKeys (ConfUtils.java:logGet(46)) - raft.server.log.queue.byte-limit = 64MB (=67108864) (default)
2023-04-27 07:11:47,312 [s1-impl-thread1] INFO  server.RaftServerConfigKeys (ConfUtils.java:logGet(46)) - raft.server.log.queue.element-limit = 4096 (default)
2023-04-27 07:11:47,312 [s1-impl-thread1] INFO  server.RaftServerConfigKeys (ConfUtils.java:logGet(46)) - raft.server.log.segment.size.max = 8MB (=8388608) (default)
2023-04-27 07:11:47,312 [s1-impl-thread1] INFO  server.RaftServerConfigKeys (ConfUtils.java:logGet(46)) - raft.server.log.preallocated.size = 4MB (=4194304) (default)
2023-04-27 07:11:47,312 [s1-impl-thread1] INFO  server.RaftServerConfigKeys (ConfUtils.java:logGet(46)) - raft.server.log.force.sync.num = 128 (default)
2023-04-27 07:11:47,312 [s1-impl-thread1] INFO  server.RaftServerConfigKeys (ConfUtils.java:logGet(46)) - raft.server.log.statemachine.data.sync = true (default)
2023-04-27 07:11:47,312 [s1-impl-thread1] INFO  server.RaftServerConfigKeys (ConfUtils.java:logGet(46)) - raft.server.log.statemachine.data.sync.timeout = 10s (default)
2023-04-27 07:11:47,313 [s1-impl-thread1] INFO  server.RaftServerConfigKeys (ConfUtils.java:logGet(46)) - raft.server.log.statemachine.data.sync.timeout.retry = -1 (default)
2023-04-27 07:11:47,313 [s1-impl-thread1] INFO  server.RaftServerConfigKeys (ConfUtils.java:logGet(46)) - raft.server.log.write.buffer.size = 64KB (=65536) (default)
2023-04-27 07:11:47,313 [s1-impl-thread1] INFO  server.RaftServerConfigKeys (ConfUtils.java:logGet(46)) - raft.server.log.appender.buffer.byte-limit = 4MB (=4194304) (default)
2023-04-27 07:11:47,315 [s1-impl-thread1] INFO  server.RaftServerConfigKeys (ConfUtils.java:logGet(46)) - raft.server.log.unsafe-flush.enabled = false (default)
2023-04-27 07:11:47,315 [s1-impl-thread1] INFO  server.RaftServerConfigKeys (ConfUtils.java:logGet(46)) - raft.server.log.async-flush.enabled = false (default)
2023-04-27 07:11:47,315 [s1-impl-thread1] INFO  server.RaftServerConfigKeys (ConfUtils.java:logGet(46)) - raft.server.log.statemachine.data.caching.enabled = false (default)
2023-04-27 07:11:47,315 [s1-impl-thread1] INFO  segmented.SegmentedRaftLogWorker (SegmentedRaftLogWorker.java:lambda$new$0(134)) - s1@group-5DD5DE37E73E-SegmentedRaftLogWorker: flushIndex: setUnconditionally 0 -> -1
2023-04-27 07:11:47,315 [s1-impl-thread1] INFO  segmented.SegmentedRaftLogWorker (SegmentedRaftLogWorker.java:lambda$new$0(134)) - s1@group-5DD5DE37E73E-SegmentedRaftLogWorker: safeCacheEvictIndex: setUnconditionally 0 -> -1
2023-04-27 07:11:47,316 [s1-impl-thread1] INFO  server.RaftServer$Division (RaftServerImpl.java:start(348)) - s1@group-5DD5DE37E73E: start with initializing state, conf=-1: peers:[]|listeners:[], old=null
2023-04-27 07:11:47,316 [s1-impl-thread1] INFO  server.RaftServer$Division (RaftServerImpl.java:setRole(329)) - s1@group-5DD5DE37E73E: changes role from      null to FOLLOWER at term 0 for startInitializing
2023-04-27 07:11:47,309 [s2-groupManagement] INFO  server.RaftServerConfigKeys (ConfUtils.java:logGet(46)) - raft.server.sleep.deviation.threshold = 300ms (default)
2023-04-27 07:11:47,319 [s2-groupManagement] INFO  server.RaftServer$Division (ServerState.java:<init>(113)) - s2@group-5DD5DE37E73E: ConfigurationManager, init=-1: peers:[]|listeners:[], old=null, confs=<EMPTY_MAP>
2023-04-27 07:11:47,319 [s2-groupManagement] INFO  server.RaftServerConfigKeys (ConfUtils.java:logGet(46)) - raft.server.notification.no-leader.timeout = 60s (default)
2023-04-27 07:11:47,319 [s2-groupManagement] INFO  server.RaftServerConfigKeys (ConfUtils.java:logGet(46)) - raft.server.read.timeout = 10s (default)
2023-04-27 07:11:47,319 [s2-groupManagement] INFO  server.RaftServerConfigKeys (ConfUtils.java:logGet(46)) - raft.server.retrycache.expirytime = 60s (default)
2023-04-27 07:11:47,319 [s2-groupManagement] INFO  server.RaftServerConfigKeys (ConfUtils.java:logGet(46)) - raft.server.retrycache.statistics.expirytime = 100μs (default)
2023-04-27 07:11:47,320 [s2-groupManagement] INFO  server.RaftServerConfigKeys (ConfUtils.java:logGet(46)) - raft.server.read.option = DEFAULT (default)
2023-04-27 07:11:47,321 [s2-groupManagement] INFO  server.RaftServerConfigKeys (ConfUtils.java:logGet(46)) - raft.server.rpc.request.timeout = 3000ms (default)
2023-04-27 07:11:47,321 [s2-groupManagement] INFO  server.RaftServerConfigKeys (ConfUtils.java:logGet(46)) - raft.server.log.appender.install.snapshot.enabled = true (default)
2023-04-27 07:11:47,321 [s2-groupManagement] INFO  server.RaftServerConfigKeys (ConfUtils.java:logGet(46)) - raft.server.threadpool.server.cached = true (default)
2023-04-27 07:11:47,321 [s2-groupManagement] INFO  server.RaftServerConfigKeys (ConfUtils.java:logGet(46)) - raft.server.threadpool.server.size = 0 (default)
2023-04-27 07:11:47,322 [s2-groupManagement] INFO  server.RaftServerConfigKeys (ConfUtils.java:logGet(46)) - raft.server.threadpool.client.cached = true (default)
2023-04-27 07:11:47,322 [s2-groupManagement] INFO  server.RaftServerConfigKeys (ConfUtils.java:logGet(46)) - raft.server.threadpool.client.size = 0 (default)
2023-04-27 07:11:47,316 [s1-impl-thread1] INFO  util.JmxRegister (JmxRegister.java:tryRegister(44)) - Successfully registered JMX Bean with object name Ratis:service=RaftServer,group=group-5DD5DE37E73E,id=s1
2023-04-27 07:11:47,322 [s1-impl-thread1] INFO  server.RaftServerConfigKeys (ConfUtils.java:logGet(46)) - raft.server.snapshot.auto.trigger.enabled = true (custom)
2023-04-27 07:11:47,322 [s1-impl-thread1] INFO  server.RaftServerConfigKeys (ConfUtils.java:logGet(46)) - raft.server.snapshot.auto.trigger.threshold = 64 (custom)
2023-04-27 07:11:47,322 [s1-impl-thread1] INFO  server.RaftServerConfigKeys (ConfUtils.java:logGet(46)) - raft.server.snapshot.retention.file.num = -1 (default)
2023-04-27 07:11:47,322 [s1-impl-thread1] INFO  server.RaftServerConfigKeys (ConfUtils.java:logGet(46)) - raft.server.log.purge.upto.snapshot.index = false (default)
2023-04-27 07:11:47,326 [Time-limited test] INFO  server.RaftServer (RaftServerProxy.java:startImpl(401)) - s1: start RPC server
2023-04-27 07:11:47,330 [Time-limited test] INFO  server.GrpcService (GrpcService.java:startImpl(302)) - s1: GrpcService started, listening on 42905
2023-04-27 07:11:47,334 [s2-impl-thread1] INFO  server.RaftServerConfigKeys (ConfUtils.java:logGet(46)) - raft.server.storage.free-space.min = 0MB (=0) (default)
2023-04-27 07:11:47,334 [s2-impl-thread1] INFO  server.RaftServerConfigKeys (ConfUtils.java:logGet(46)) - raft.server.log.corruption.policy = EXCEPTION (default)
2023-04-27 07:11:47,335 [s2-impl-thread1] INFO  server.RaftServerConfigKeys (ConfUtils.java:logGet(46)) - raft.server.storage.dir = [/home/runner/work/ratis/ratis/ratis-test/target/test/data/a5c97c2c/MiniRaftClusterWithGrpc3f6ea9d5/s2] (custom)
2023-04-27 07:11:47,335 [s2-impl-thread1] INFO  storage.RaftStorageDirectory (RaftStorageDirectoryImpl.java:analyzeStorage(138)) - The storage directory /home/runner/work/ratis/ratis/ratis-test/target/test/data/a5c97c2c/MiniRaftClusterWithGrpc3f6ea9d5/s2/3a0ff405-0f10-426f-871f-5dd5de37e73e does not exist. Creating ...
2023-04-27 07:11:47,335 [s2-impl-thread1] TRACE util.FileUtils (LogUtils.java:runAndLog(49)) - Successfully ran Files.createDirectories /home/runner/work/ratis/ratis/ratis-test/target/test/data/a5c97c2c/MiniRaftClusterWithGrpc3f6ea9d5/s2/3a0ff405-0f10-426f-871f-5dd5de37e73e
2023-04-27 07:11:47,334 [JvmPauseMonitor1] INFO  util.JvmPauseMonitor (JvmPauseMonitor.java:run(103)) - JvmPauseMonitor-s1: Started
2023-04-27 07:11:47,336 [s2-impl-thread1] INFO  storage.RaftStorageDirectory (RaftStorageDirectoryImpl.java:tryLock(232)) - Lock on /home/runner/work/ratis/ratis/ratis-test/target/test/data/a5c97c2c/MiniRaftClusterWithGrpc3f6ea9d5/s2/3a0ff405-0f10-426f-871f-5dd5de37e73e/in_use.lock acquired by nodename 24267@fv-az591-70
2023-04-27 07:11:47,336 [s2-impl-thread1] TRACE util.FileUtils (LogUtils.java:runAndLog(49)) - Successfully ran Files.createDirectories /home/runner/work/ratis/ratis/ratis-test/target/test/data/a5c97c2c/MiniRaftClusterWithGrpc3f6ea9d5/s2/3a0ff405-0f10-426f-871f-5dd5de37e73e/current
2023-04-27 07:11:47,336 [s2-impl-thread1] TRACE util.FileUtils (LogUtils.java:runAndLog(49)) - Successfully ran Files.createDirectories /home/runner/work/ratis/ratis/ratis-test/target/test/data/a5c97c2c/MiniRaftClusterWithGrpc3f6ea9d5/s2/3a0ff405-0f10-426f-871f-5dd5de37e73e/sm
2023-04-27 07:11:47,337 [s2-impl-thread1] INFO  storage.RaftStorage (RaftStorageImpl.java:format(96)) - Storage directory /home/runner/work/ratis/ratis/ratis-test/target/test/data/a5c97c2c/MiniRaftClusterWithGrpc3f6ea9d5/s2/3a0ff405-0f10-426f-871f-5dd5de37e73e has been successfully formatted.
2023-04-27 07:11:47,337 [s2-impl-thread1] INFO  impl.SimpleStateMachine4Testing (SimpleStateMachine4Testing.java:initialize(213)) - Initializing StateMachineWithMultiNestedSnapshotFile:uninitialized
2023-04-27 07:11:47,338 [s2-impl-thread1] INFO  impl.SimpleStateMachine4Testing (SimpleStateMachine4Testing.java:loadSnapshot(293)) - Loading snapshot null
2023-04-27 07:11:47,338 [s2-impl-thread1] INFO  server.RaftServerConfigKeys (ConfUtils.java:logGet(46)) - raft.server.log.use.memory = false (default)
2023-04-27 07:11:47,338 [s2-impl-thread1] INFO  server.RaftServerConfigKeys (ConfUtils.java:logGet(46)) - raft.server.log.purge.gap = 8 (custom)
2023-04-27 07:11:47,338 [s2-impl-thread1] INFO  server.RaftServerConfigKeys (ConfUtils.java:logGet(46)) - raft.server.log.appender.buffer.byte-limit = 4MB (=4194304) (default)
2023-04-27 07:11:47,338 [s2-impl-thread1] INFO  server.RaftServerConfigKeys (ConfUtils.java:logGet(46)) - raft.server.log.statemachine.data.read.timeout = 1000ms (default)
2023-04-27 07:11:47,338 [s2-impl-thread1] INFO  server.RaftServerConfigKeys (ConfUtils.java:logGet(46)) - raft.server.log.purge.preservation.log.num = 0 (default)
2023-04-27 07:11:47,339 [s2-impl-thread1] INFO  server.RaftServerConfigKeys (ConfUtils.java:logGet(46)) - raft.server.log.segment.size.max = 8MB (=8388608) (default)
2023-04-27 07:11:47,339 [s2-impl-thread1] INFO  server.RaftServerConfigKeys (ConfUtils.java:logGet(46)) - raft.server.log.segment.cache.num.max = 6 (default)
2023-04-27 07:11:47,339 [s2-impl-thread1] INFO  server.RaftServerConfigKeys (ConfUtils.java:logGet(46)) - raft.server.log.segment.cache.size.max = 200MB (=209715200) (default)
2023-04-27 07:11:47,339 [s2-impl-thread1] INFO  server.RaftServerConfigKeys (ConfUtils.java:logGet(46)) - raft.server.log.appender.buffer.byte-limit = 4MB (=4194304) (default)
2023-04-27 07:11:47,340 [s2-impl-thread1] INFO  segmented.SegmentedRaftLogWorker (SegmentedRaftLogWorker.java:<init>(183)) - new s2@group-5DD5DE37E73E-SegmentedRaftLogWorker for RaftStorageImpl:Storage Directory /home/runner/work/ratis/ratis/ratis-test/target/test/data/a5c97c2c/MiniRaftClusterWithGrpc3f6ea9d5/s2/3a0ff405-0f10-426f-871f-5dd5de37e73e
2023-04-27 07:11:47,340 [s2-impl-thread1] INFO  server.RaftServerConfigKeys (ConfUtils.java:logGet(46)) - raft.server.log.queue.byte-limit = 64MB (=67108864) (default)
2023-04-27 07:11:47,340 [s2-impl-thread1] INFO  server.RaftServerConfigKeys (ConfUtils.java:logGet(46)) - raft.server.log.queue.element-limit = 4096 (default)
2023-04-27 07:11:47,340 [s2-impl-thread1] INFO  server.RaftServerConfigKeys (ConfUtils.java:logGet(46)) - raft.server.log.segment.size.max = 8MB (=8388608) (default)
2023-04-27 07:11:47,340 [s2-impl-thread1] INFO  server.RaftServerConfigKeys (ConfUtils.java:logGet(46)) - raft.server.log.preallocated.size = 4MB (=4194304) (default)
2023-04-27 07:11:47,340 [s2-impl-thread1] INFO  server.RaftServerConfigKeys (ConfUtils.java:logGet(46)) - raft.server.log.force.sync.num = 128 (default)
2023-04-27 07:11:47,340 [s2-impl-thread1] INFO  server.RaftServerConfigKeys (ConfUtils.java:logGet(46)) - raft.server.log.statemachine.data.sync = true (default)
2023-04-27 07:11:47,340 [s2-impl-thread1] INFO  server.RaftServerConfigKeys (ConfUtils.java:logGet(46)) - raft.server.log.statemachine.data.sync.timeout = 10s (default)
2023-04-27 07:11:47,340 [s2-impl-thread1] INFO  server.RaftServerConfigKeys (ConfUtils.java:logGet(46)) - raft.server.log.statemachine.data.sync.timeout.retry = -1 (default)
2023-04-27 07:11:47,340 [s2-impl-thread1] INFO  server.RaftServerConfigKeys (ConfUtils.java:logGet(46)) - raft.server.log.write.buffer.size = 64KB (=65536) (default)
2023-04-27 07:11:47,341 [s2-impl-thread1] INFO  server.RaftServerConfigKeys (ConfUtils.java:logGet(46)) - raft.server.log.appender.buffer.byte-limit = 4MB (=4194304) (default)
2023-04-27 07:11:47,345 [s2-impl-thread1] INFO  server.RaftServerConfigKeys (ConfUtils.java:logGet(46)) - raft.server.log.unsafe-flush.enabled = false (default)
2023-04-27 07:11:47,345 [s2-impl-thread1] INFO  server.RaftServerConfigKeys (ConfUtils.java:logGet(46)) - raft.server.log.async-flush.enabled = false (default)
2023-04-27 07:11:47,345 [s2-impl-thread1] INFO  server.RaftServerConfigKeys (ConfUtils.java:logGet(46)) - raft.server.log.statemachine.data.caching.enabled = false (default)
2023-04-27 07:11:47,345 [s2-impl-thread1] INFO  segmented.SegmentedRaftLogWorker (SegmentedRaftLogWorker.java:lambda$new$0(134)) - s2@group-5DD5DE37E73E-SegmentedRaftLogWorker: flushIndex: setUnconditionally 0 -> -1
2023-04-27 07:11:47,345 [s2-impl-thread1] INFO  segmented.SegmentedRaftLogWorker (SegmentedRaftLogWorker.java:lambda$new$0(134)) - s2@group-5DD5DE37E73E-SegmentedRaftLogWorker: safeCacheEvictIndex: setUnconditionally 0 -> -1
2023-04-27 07:11:47,346 [s2-impl-thread1] INFO  server.RaftServer$Division (RaftServerImpl.java:start(348)) - s2@group-5DD5DE37E73E: start with initializing state, conf=-1: peers:[]|listeners:[], old=null
2023-04-27 07:11:47,347 [s2-impl-thread1] INFO  server.RaftServer$Division (RaftServerImpl.java:setRole(329)) - s2@group-5DD5DE37E73E: changes role from      null to FOLLOWER at term 0 for startInitializing
2023-04-27 07:11:47,347 [s2-impl-thread1] INFO  util.JmxRegister (JmxRegister.java:tryRegister(44)) - Successfully registered JMX Bean with object name Ratis:service=RaftServer,group=group-5DD5DE37E73E,id=s2
2023-04-27 07:11:47,347 [s2-impl-thread1] INFO  server.RaftServerConfigKeys (ConfUtils.java:logGet(46)) - raft.server.snapshot.auto.trigger.enabled = true (custom)
2023-04-27 07:11:47,348 [s2-impl-thread1] INFO  server.RaftServerConfigKeys (ConfUtils.java:logGet(46)) - raft.server.snapshot.auto.trigger.threshold = 64 (custom)
2023-04-27 07:11:47,348 [s2-impl-thread1] INFO  server.RaftServerConfigKeys (ConfUtils.java:logGet(46)) - raft.server.snapshot.retention.file.num = -1 (default)
2023-04-27 07:11:47,348 [s2-impl-thread1] INFO  server.RaftServerConfigKeys (ConfUtils.java:logGet(46)) - raft.server.log.purge.upto.snapshot.index = false (default)
2023-04-27 07:11:47,349 [Time-limited test] INFO  server.RaftServer (RaftServerProxy.java:startImpl(401)) - s2: start RPC server
2023-04-27 07:11:47,350 [Time-limited test] INFO  server.GrpcService (GrpcService.java:startImpl(302)) - s2: GrpcService started, listening on 43905
2023-04-27 07:11:47,351 [Time-limited test] INFO  impl.MiniRaftCluster (MiniRaftCluster.java:setConfiguration(819)) - Start changing the configuration: [s1|rpc:0.0.0.0:42905|priority:0|startupRole:FOLLOWER, s2|rpc:0.0.0.0:43905|priority:0|startupRole:FOLLOWER, s0|rpc:localhost:35955|admin:localhost:34135|client:localhost:36731|dataStream:localhost:43117|priority:0|startupRole:FOLLOWER]
2023-04-27 07:11:47,353 [JvmPauseMonitor2] INFO  util.JvmPauseMonitor (JvmPauseMonitor.java:run(103)) - JvmPauseMonitor-s2: Started
2023-04-27 07:11:47,368 [s0-server-thread1] INFO  server.RaftServer$Division (RaftServerImpl.java:setConfigurationAsync(1197)) - s0@group-5DD5DE37E73E: receive setConfiguration SetConfigurationRequest:client-2393650DC994->s0@group-5DD5DE37E73E, cid=128, seq=0, RW, null, SET_UNCONDITIONALLY, servers:[s1|rpc:0.0.0.0:42905|dataStream:|priority:0|startupRole:FOLLOWER, s2|rpc:0.0.0.0:43905|dataStream:|priority:0|startupRole:FOLLOWER, s0|rpc:localhost:35955|admin:localhost:34135|client:localhost:36731|dataStream:localhost:43117|priority:0|startupRole:FOLLOWER], listeners:[]
2023-04-27 07:11:47,368 [s0-server-thread1] INFO  server.RaftServer$Division (LeaderStateImpl.java:startSetConfiguration(443)) - s0@group-5DD5DE37E73E-LeaderStateImpl: startSetConfiguration SetConfigurationRequest:client-2393650DC994->s0@group-5DD5DE37E73E, cid=128, seq=0, RW, null, SET_UNCONDITIONALLY, servers:[s1|rpc:0.0.0.0:42905|dataStream:|priority:0|startupRole:FOLLOWER, s2|rpc:0.0.0.0:43905|dataStream:|priority:0|startupRole:FOLLOWER, s0|rpc:localhost:35955|admin:localhost:34135|client:localhost:36731|dataStream:localhost:43117|priority:0|startupRole:FOLLOWER], listeners:[]
2023-04-27 07:11:47,375 [s0-server-thread1] INFO  server.RaftServerConfigKeys (ConfUtils.java:logGet(46)) - raft.server.log.appender.snapshot.chunk.size.max = 1k (=1024) (custom)
2023-04-27 07:11:47,375 [s0-server-thread1] INFO  server.RaftServerConfigKeys (ConfUtils.java:logGet(46)) - raft.server.log.appender.buffer.byte-limit = 4MB (=4194304) (default)
2023-04-27 07:11:47,375 [s0-server-thread1] INFO  server.RaftServerConfigKeys (ConfUtils.java:logGet(46)) - raft.server.log.appender.buffer.element-limit = 0 (default)
2023-04-27 07:11:47,382 [s0-server-thread1] INFO  server.RaftServerConfigKeys (ConfUtils.java:logGet(46)) - raft.server.log.appender.wait-time.min = 10ms (default)
2023-04-27 07:11:47,383 [s0-server-thread1] INFO  grpc.GrpcConfigKeys (ConfUtils.java:logGet(46)) - raft.grpc.server.leader.outstanding.appends.max = 128 (default)
2023-04-27 07:11:47,383 [s0-server-thread1] INFO  server.RaftServerConfigKeys (ConfUtils.java:logGet(46)) - raft.server.rpc.request.timeout = 3000ms (default)
2023-04-27 07:11:47,384 [s0-server-thread1] INFO  grpc.GrpcConfigKeys (ConfUtils.java:logGet(46)) - raft.grpc.server.install_snapshot.request.element-limit = 8 (default)
2023-04-27 07:11:47,384 [s0-server-thread1] INFO  grpc.GrpcConfigKeys (ConfUtils.java:logGet(46)) - raft.grpc.server.install_snapshot.request.timeout = 3000ms (default)
2023-04-27 07:11:47,384 [s0-server-thread1] INFO  server.RaftServerConfigKeys (ConfUtils.java:logGet(46)) - raft.server.log.appender.install.snapshot.enabled = true (default)
2023-04-27 07:11:47,384 [s0-server-thread1] INFO  grpc.GrpcConfigKeys (ConfUtils.java:logGet(46)) - raft.grpc.server.heartbeat.channel = false (custom)
2023-04-27 07:11:47,386 [s0-server-thread1] INFO  server.RaftServerConfigKeys (ConfUtils.java:logGet(46)) - raft.server.log.appender.snapshot.chunk.size.max = 1k (=1024) (custom)
2023-04-27 07:11:47,386 [s0-server-thread1] INFO  server.RaftServerConfigKeys (ConfUtils.java:logGet(46)) - raft.server.log.appender.buffer.byte-limit = 4MB (=4194304) (default)
2023-04-27 07:11:47,386 [s0-server-thread1] INFO  server.RaftServerConfigKeys (ConfUtils.java:logGet(46)) - raft.server.log.appender.buffer.element-limit = 0 (default)
2023-04-27 07:11:47,386 [s0-server-thread1] INFO  server.RaftServerConfigKeys (ConfUtils.java:logGet(46)) - raft.server.log.appender.wait-time.min = 10ms (default)
2023-04-27 07:11:47,386 [s0-server-thread1] INFO  grpc.GrpcConfigKeys (ConfUtils.java:logGet(46)) - raft.grpc.server.leader.outstanding.appends.max = 128 (default)
2023-04-27 07:11:47,386 [s0-server-thread1] INFO  server.RaftServerConfigKeys (ConfUtils.java:logGet(46)) - raft.server.rpc.request.timeout = 3000ms (default)
2023-04-27 07:11:47,386 [s0-server-thread1] INFO  grpc.GrpcConfigKeys (ConfUtils.java:logGet(46)) - raft.grpc.server.install_snapshot.request.element-limit = 8 (default)
2023-04-27 07:11:47,386 [s0-server-thread1] INFO  grpc.GrpcConfigKeys (ConfUtils.java:logGet(46)) - raft.grpc.server.install_snapshot.request.timeout = 3000ms (default)
2023-04-27 07:11:47,386 [s0-server-thread1] INFO  server.RaftServerConfigKeys (ConfUtils.java:logGet(46)) - raft.server.log.appender.install.snapshot.enabled = true (default)
2023-04-27 07:11:47,386 [s0-server-thread1] INFO  grpc.GrpcConfigKeys (ConfUtils.java:logGet(46)) - raft.grpc.server.heartbeat.channel = false (custom)
2023-04-27 07:11:47,388 [s0@group-5DD5DE37E73E->s1-GrpcLogAppender-LogAppenderDaemon] INFO  server.GrpcLogAppender (GrpcLogAppender.java:installSnapshot(598)) - s0@group-5DD5DE37E73E->s1-GrpcLogAppender: followerNextIndex = 0 but logStartIndex = 0, send snapshot FileListSnapshotInfo(t:1, i:191):[/home/runner/work/ratis/ratis/ratis-test/target/test/data/a5c97c2c/MiniRaftClusterWithGrpc3f6ea9d5/s0/3a0ff405-0f10-426f-871f-5dd5de37e73e/sm/snapshot/1.bin, /home/runner/work/ratis/ratis/ratis-test/target/test/data/a5c97c2c/MiniRaftClusterWithGrpc3f6ea9d5/s0/3a0ff405-0f10-426f-871f-5dd5de37e73e/sm/snapshot/sub/2.bin, /home/runner/work/ratis/ratis/ratis-test/target/test/data/a5c97c2c/MiniRaftClusterWithGrpc3f6ea9d5/s0/3a0ff405-0f10-426f-871f-5dd5de37e73e/sm/snapshot.1_191] to follower
2023-04-27 07:11:47,396 [s0@group-5DD5DE37E73E->s2-GrpcLogAppender-LogAppenderDaemon] INFO  server.GrpcLogAppender (GrpcLogAppender.java:installSnapshot(598)) - s0@group-5DD5DE37E73E->s2-GrpcLogAppender: followerNextIndex = 0 but logStartIndex = 0, send snapshot FileListSnapshotInfo(t:1, i:191):[/home/runner/work/ratis/ratis/ratis-test/target/test/data/a5c97c2c/MiniRaftClusterWithGrpc3f6ea9d5/s0/3a0ff405-0f10-426f-871f-5dd5de37e73e/sm/snapshot/1.bin, /home/runner/work/ratis/ratis/ratis-test/target/test/data/a5c97c2c/MiniRaftClusterWithGrpc3f6ea9d5/s0/3a0ff405-0f10-426f-871f-5dd5de37e73e/sm/snapshot/sub/2.bin, /home/runner/work/ratis/ratis/ratis-test/target/test/data/a5c97c2c/MiniRaftClusterWithGrpc3f6ea9d5/s0/3a0ff405-0f10-426f-871f-5dd5de37e73e/sm/snapshot.1_191] to follower
2023-04-27 07:11:47,398 [s0@group-5DD5DE37E73E->s2-GrpcLogAppender-LogAppenderDaemon] INFO  server.GrpcServerProtocolClient (GrpcServerProtocolClient.java:<init>(65)) - Build channel for s2
2023-04-27 07:11:47,398 [s0@group-5DD5DE37E73E->s1-GrpcLogAppender-LogAppenderDaemon] INFO  server.GrpcServerProtocolClient (GrpcServerProtocolClient.java:<init>(65)) - Build channel for s1
2023-04-27 07:11:47,428 [grpc-default-executor-0] INFO  impl.SnapshotInstallationHandler (SnapshotInstallationHandler.java:installSnapshot(89)) - s1@group-5DD5DE37E73E: receive installSnapshot: s0->s1#0-t1,chunk:30824817-3ccd-45be-9c59-c2534cc1dfaf,0
2023-04-27 07:11:47,430 [grpc-default-executor-0] INFO  server.RaftServer$Division (ServerState.java:setLeader(260)) - s1@group-5DD5DE37E73E: change Leader from null to s0 at term 1 for installSnapshot, leader elected after 131ms
2023-04-27 07:11:47,430 [grpc-default-executor-1] INFO  impl.SnapshotInstallationHandler (SnapshotInstallationHandler.java:installSnapshot(89)) - s2@group-5DD5DE37E73E: receive installSnapshot: s0->s2#0-t1,chunk:bcb2c273-46bc-4abf-9220-e2a34f10b0bd,0
2023-04-27 07:11:47,435 [grpc-default-executor-0] TRACE util.FileUtils (LogUtils.java:runAndLog(49)) - Successfully ran Files.createDirectories /home/runner/work/ratis/ratis/ratis-test/target/test/data/a5c97c2c/MiniRaftClusterWithGrpc3f6ea9d5/s1/3a0ff405-0f10-426f-871f-5dd5de37e73e/tmp/snapshot-30824817-3ccd-45be-9c59-c2534cc1dfaf
2023-04-27 07:11:47,436 [grpc-default-executor-0] INFO  storage.SnapshotManager (SnapshotManager.java:installSnapshot(89)) - Installing snapshot:s0->s1#0-t1,chunk:30824817-3ccd-45be-9c59-c2534cc1dfaf,0, to tmp dir:/home/runner/work/ratis/ratis/ratis-test/target/test/data/a5c97c2c/MiniRaftClusterWithGrpc3f6ea9d5/s1/3a0ff405-0f10-426f-871f-5dd5de37e73e/tmp/snapshot-30824817-3ccd-45be-9c59-c2534cc1dfaf
2023-04-27 07:11:47,436 [grpc-default-executor-0] TRACE util.FileUtils (LogUtils.java:runAndLog(49)) - Successfully ran Files.createDirectories /home/runner/work/ratis/ratis/ratis-test/target/test/data/a5c97c2c/MiniRaftClusterWithGrpc3f6ea9d5/s1/3a0ff405-0f10-426f-871f-5dd5de37e73e/tmp/snapshot-30824817-3ccd-45be-9c59-c2534cc1dfaf/snapshot
2023-04-27 07:11:47,442 [grpc-default-executor-1] INFO  server.RaftServer$Division (ServerState.java:setLeader(260)) - s2@group-5DD5DE37E73E: change Leader from null to s0 at term 1 for installSnapshot, leader elected after 123ms
2023-04-27 07:11:47,456 [grpc-default-executor-1] TRACE util.FileUtils (LogUtils.java:runAndLog(49)) - Successfully ran Files.createDirectories /home/runner/work/ratis/ratis/ratis-test/target/test/data/a5c97c2c/MiniRaftClusterWithGrpc3f6ea9d5/s2/3a0ff405-0f10-426f-871f-5dd5de37e73e/tmp/snapshot-bcb2c273-46bc-4abf-9220-e2a34f10b0bd
2023-04-27 07:11:47,457 [grpc-default-executor-1] INFO  storage.SnapshotManager (SnapshotManager.java:installSnapshot(89)) - Installing snapshot:s0->s2#0-t1,chunk:bcb2c273-46bc-4abf-9220-e2a34f10b0bd,0, to tmp dir:/home/runner/work/ratis/ratis/ratis-test/target/test/data/a5c97c2c/MiniRaftClusterWithGrpc3f6ea9d5/s2/3a0ff405-0f10-426f-871f-5dd5de37e73e/tmp/snapshot-bcb2c273-46bc-4abf-9220-e2a34f10b0bd
2023-04-27 07:11:47,460 [grpc-default-executor-1] TRACE util.FileUtils (LogUtils.java:runAndLog(49)) - Successfully ran Files.createDirectories /home/runner/work/ratis/ratis/ratis-test/target/test/data/a5c97c2c/MiniRaftClusterWithGrpc3f6ea9d5/s2/3a0ff405-0f10-426f-871f-5dd5de37e73e/tmp/snapshot-bcb2c273-46bc-4abf-9220-e2a34f10b0bd/snapshot
2023-04-27 07:11:47,526 [grpc-default-executor-1] INFO  impl.SnapshotInstallationHandler (SnapshotInstallationHandler.java:installSnapshotImpl(134)) - s2@group-5DD5DE37E73E: set new configuration configurationEntry {
  peers {
    id: "s0"
    address: "localhost:35955"
    dataStreamAddress: "localhost:43117"
    clientAddress: "localhost:36731"
    adminAddress: "localhost:34135"
    startupRole: FOLLOWER
  }
}
 from snapshot
2023-04-27 07:11:47,526 [grpc-default-executor-1] INFO  server.RaftServer$Division (ServerState.java:setRaftConf(377)) - s2@group-5DD5DE37E73E: set configuration 0: peers:[s0|rpc:localhost:35955|admin:localhost:34135|client:localhost:36731|dataStream:localhost:43117|priority:0|startupRole:FOLLOWER]|listeners:[], old=null
2023-04-27 07:11:47,527 [grpc-default-executor-1] INFO  impl.SnapshotInstallationHandler (SnapshotInstallationHandler.java:installSnapshot(100)) - s2@group-5DD5DE37E73E: reply installSnapshot: s0<-s2#0:OK-t0,SUCCESS,requestIndex=0
2023-04-27 07:11:47,528 [grpc-default-executor-1] INFO  impl.SnapshotInstallationHandler (SnapshotInstallationHandler.java:installSnapshot(89)) - s2@group-5DD5DE37E73E: receive installSnapshot: s0->s2#0-t1,chunk:bcb2c273-46bc-4abf-9220-e2a34f10b0bd,1
2023-04-27 07:11:47,529 [grpc-default-executor-1] TRACE util.FileUtils (LogUtils.java:runAndLog(49)) - Successfully ran Files.createDirectories /home/runner/work/ratis/ratis/ratis-test/target/test/data/a5c97c2c/MiniRaftClusterWithGrpc3f6ea9d5/s2/3a0ff405-0f10-426f-871f-5dd5de37e73e/tmp/snapshot-bcb2c273-46bc-4abf-9220-e2a34f10b0bd
2023-04-27 07:11:47,529 [grpc-default-executor-2] INFO  server.GrpcLogAppender (GrpcLogAppender.java:onNext(504)) - s0@group-5DD5DE37E73E->s2-InstallSnapshotResponseHandler: received the first reply s0<-s2#0:OK-t0,SUCCESS,requestIndex=0
2023-04-27 07:11:47,530 [grpc-default-executor-0] INFO  impl.SnapshotInstallationHandler (SnapshotInstallationHandler.java:installSnapshotImpl(134)) - s1@group-5DD5DE37E73E: set new configuration configurationEntry {
  peers {
    id: "s0"
    address: "localhost:35955"
    dataStreamAddress: "localhost:43117"
    clientAddress: "localhost:36731"
    adminAddress: "localhost:34135"
    startupRole: FOLLOWER
  }
}
 from snapshot
2023-04-27 07:11:47,531 [grpc-default-executor-1] INFO  storage.SnapshotManager (SnapshotManager.java:installSnapshot(89)) - Installing snapshot:s0->s2#0-t1,chunk:bcb2c273-46bc-4abf-9220-e2a34f10b0bd,1, to tmp dir:/home/runner/work/ratis/ratis/ratis-test/target/test/data/a5c97c2c/MiniRaftClusterWithGrpc3f6ea9d5/s2/3a0ff405-0f10-426f-871f-5dd5de37e73e/tmp/snapshot-bcb2c273-46bc-4abf-9220-e2a34f10b0bd
2023-04-27 07:11:47,531 [grpc-default-executor-1] TRACE util.FileUtils (LogUtils.java:runAndLog(49)) - Successfully ran Files.createDirectories /home/runner/work/ratis/ratis/ratis-test/target/test/data/a5c97c2c/MiniRaftClusterWithGrpc3f6ea9d5/s2/3a0ff405-0f10-426f-871f-5dd5de37e73e/tmp/snapshot-bcb2c273-46bc-4abf-9220-e2a34f10b0bd/snapshot/sub
2023-04-27 07:11:47,531 [grpc-default-executor-1] INFO  impl.SnapshotInstallationHandler (SnapshotInstallationHandler.java:installSnapshot(100)) - s2@group-5DD5DE37E73E: reply installSnapshot: s0<-s2#0:OK-t1,SUCCESS,requestIndex=1
2023-04-27 07:11:47,531 [grpc-default-executor-2] INFO  server.GrpcLogAppender (GrpcLogAppender.java:onNext(517)) - s0@group-5DD5DE37E73E->s2-InstallSnapshotResponseHandler: Completed InstallSnapshot. Reply: serverReply {
  requestorId: "s0"
  replyId: "s2"
  raftGroupId {
    id: ":\017\364\005\017\020Bo\207\037]\325\3367\347>"
  }
  success: true
}
requestIndex: 0

2023-04-27 07:11:47,531 [grpc-default-executor-0] INFO  server.RaftServer$Division (ServerState.java:setRaftConf(377)) - s1@group-5DD5DE37E73E: set configuration 0: peers:[s0|rpc:localhost:35955|admin:localhost:34135|client:localhost:36731|dataStream:localhost:43117|priority:0|startupRole:FOLLOWER]|listeners:[], old=null
2023-04-27 07:11:47,535 [grpc-default-executor-2] INFO  leader.FollowerInfo (FollowerInfoImpl.java:setAttemptedToInstallSnapshot(126)) - Follower s0@group-5DD5DE37E73E->s2 acknowledged installing snapshot
2023-04-27 07:11:47,538 [grpc-default-executor-0] INFO  impl.SnapshotInstallationHandler (SnapshotInstallationHandler.java:installSnapshot(100)) - s1@group-5DD5DE37E73E: reply installSnapshot: s0<-s1#0:OK-t0,SUCCESS,requestIndex=0
2023-04-27 07:11:47,539 [grpc-default-executor-2] INFO  server.GrpcLogAppender (GrpcLogAppender.java:onNext(504)) - s0@group-5DD5DE37E73E->s2-InstallSnapshotResponseHandler: received a reply s0<-s2#0:OK-t1,SUCCESS,requestIndex=1
2023-04-27 07:11:47,539 [grpc-default-executor-2] INFO  server.GrpcLogAppender (GrpcLogAppender.java:onNext(517)) - s0@group-5DD5DE37E73E->s2-InstallSnapshotResponseHandler: Completed InstallSnapshot. Reply: serverReply {
  requestorId: "s0"
  replyId: "s2"
  raftGroupId {
    id: ":\017\364\005\017\020Bo\207\037]\325\3367\347>"
  }
  success: true
}
term: 1
requestIndex: 1

2023-04-27 07:11:47,540 [grpc-default-executor-2] INFO  leader.FollowerInfo (FollowerInfoImpl.java:setAttemptedToInstallSnapshot(126)) - Follower s0@group-5DD5DE37E73E->s2 acknowledged installing snapshot
2023-04-27 07:11:47,540 [grpc-default-executor-2] INFO  server.GrpcLogAppender (GrpcLogAppender.java:onNext(504)) - s0@group-5DD5DE37E73E->s1-InstallSnapshotResponseHandler: received the first reply s0<-s1#0:OK-t0,SUCCESS,requestIndex=0
2023-04-27 07:11:47,540 [grpc-default-executor-2] INFO  server.GrpcLogAppender (GrpcLogAppender.java:onNext(517)) - s0@group-5DD5DE37E73E->s1-InstallSnapshotResponseHandler: Completed InstallSnapshot. Reply: serverReply {
  requestorId: "s0"
  replyId: "s1"
  raftGroupId {
    id: ":\017\364\005\017\020Bo\207\037]\325\3367\347>"
  }
  success: true
}
requestIndex: 0

2023-04-27 07:11:47,540 [grpc-default-executor-2] INFO  leader.FollowerInfo (FollowerInfoImpl.java:setAttemptedToInstallSnapshot(126)) - Follower s0@group-5DD5DE37E73E->s1 acknowledged installing snapshot
2023-04-27 07:11:47,540 [grpc-default-executor-0] INFO  impl.SnapshotInstallationHandler (SnapshotInstallationHandler.java:installSnapshot(89)) - s1@group-5DD5DE37E73E: receive installSnapshot: s0->s1#0-t1,chunk:30824817-3ccd-45be-9c59-c2534cc1dfaf,1
2023-04-27 07:11:47,541 [grpc-default-executor-0] TRACE util.FileUtils (LogUtils.java:runAndLog(49)) - Successfully ran Files.createDirectories /home/runner/work/ratis/ratis/ratis-test/target/test/data/a5c97c2c/MiniRaftClusterWithGrpc3f6ea9d5/s1/3a0ff405-0f10-426f-871f-5dd5de37e73e/tmp/snapshot-30824817-3ccd-45be-9c59-c2534cc1dfaf
2023-04-27 07:11:47,541 [grpc-default-executor-0] INFO  storage.SnapshotManager (SnapshotManager.java:installSnapshot(89)) - Installing snapshot:s0->s1#0-t1,chunk:30824817-3ccd-45be-9c59-c2534cc1dfaf,1, to tmp dir:/home/runner/work/ratis/ratis/ratis-test/target/test/data/a5c97c2c/MiniRaftClusterWithGrpc3f6ea9d5/s1/3a0ff405-0f10-426f-871f-5dd5de37e73e/tmp/snapshot-30824817-3ccd-45be-9c59-c2534cc1dfaf
2023-04-27 07:11:47,541 [grpc-default-executor-0] TRACE util.FileUtils (LogUtils.java:runAndLog(49)) - Successfully ran Files.createDirectories /home/runner/work/ratis/ratis/ratis-test/target/test/data/a5c97c2c/MiniRaftClusterWithGrpc3f6ea9d5/s1/3a0ff405-0f10-426f-871f-5dd5de37e73e/tmp/snapshot-30824817-3ccd-45be-9c59-c2534cc1dfaf/snapshot/sub
2023-04-27 07:11:47,541 [grpc-default-executor-0] INFO  impl.SnapshotInstallationHandler (SnapshotInstallationHandler.java:installSnapshot(100)) - s1@group-5DD5DE37E73E: reply installSnapshot: s0<-s1#0:OK-t1,SUCCESS,requestIndex=1
2023-04-27 07:11:47,542 [grpc-default-executor-1] INFO  impl.SnapshotInstallationHandler (SnapshotInstallationHandler.java:installSnapshot(89)) - s2@group-5DD5DE37E73E: receive installSnapshot: s0->s2#0-t1,chunk:bcb2c273-46bc-4abf-9220-e2a34f10b0bd,2
2023-04-27 07:11:47,542 [grpc-default-executor-1] TRACE util.FileUtils (LogUtils.java:runAndLog(49)) - Successfully ran Files.createDirectories /home/runner/work/ratis/ratis/ratis-test/target/test/data/a5c97c2c/MiniRaftClusterWithGrpc3f6ea9d5/s2/3a0ff405-0f10-426f-871f-5dd5de37e73e/tmp/snapshot-bcb2c273-46bc-4abf-9220-e2a34f10b0bd
2023-04-27 07:11:47,542 [grpc-default-executor-1] INFO  storage.SnapshotManager (SnapshotManager.java:installSnapshot(89)) - Installing snapshot:s0->s2#0-t1,chunk:bcb2c273-46bc-4abf-9220-e2a34f10b0bd,2, to tmp dir:/home/runner/work/ratis/ratis/ratis-test/target/test/data/a5c97c2c/MiniRaftClusterWithGrpc3f6ea9d5/s2/3a0ff405-0f10-426f-871f-5dd5de37e73e/tmp/snapshot-bcb2c273-46bc-4abf-9220-e2a34f10b0bd
2023-04-27 07:11:47,542 [grpc-default-executor-2] INFO  server.GrpcLogAppender (GrpcLogAppender.java:onNext(504)) - s0@group-5DD5DE37E73E->s1-InstallSnapshotResponseHandler: received a reply s0<-s1#0:OK-t1,SUCCESS,requestIndex=1
2023-04-27 07:11:47,542 [grpc-default-executor-1] TRACE util.FileUtils (LogUtils.java:runAndLog(49)) - Successfully ran Files.createDirectories /home/runner/work/ratis/ratis/ratis-test/target/test/data/a5c97c2c/MiniRaftClusterWithGrpc3f6ea9d5/s2/3a0ff405-0f10-426f-871f-5dd5de37e73e/tmp/snapshot-bcb2c273-46bc-4abf-9220-e2a34f10b0bd/snapshot/sub
2023-04-27 07:11:47,542 [grpc-default-executor-2] INFO  server.GrpcLogAppender (GrpcLogAppender.java:onNext(517)) - s0@group-5DD5DE37E73E->s1-InstallSnapshotResponseHandler: Completed InstallSnapshot. Reply: serverReply {
  requestorId: "s0"
  replyId: "s1"
  raftGroupId {
    id: ":\017\364\005\017\020Bo\207\037]\325\3367\347>"
  }
  success: true
}
term: 1
requestIndex: 1

2023-04-27 07:11:47,542 [grpc-default-executor-2] INFO  leader.FollowerInfo (FollowerInfoImpl.java:setAttemptedToInstallSnapshot(126)) - Follower s0@group-5DD5DE37E73E->s1 acknowledged installing snapshot
2023-04-27 07:11:47,542 [grpc-default-executor-1] INFO  impl.SnapshotInstallationHandler (SnapshotInstallationHandler.java:installSnapshot(100)) - s2@group-5DD5DE37E73E: reply installSnapshot: s0<-s2#0:OK-t1,SUCCESS,requestIndex=2
2023-04-27 07:11:47,543 [grpc-default-executor-0] INFO  impl.SnapshotInstallationHandler (SnapshotInstallationHandler.java:installSnapshot(89)) - s1@group-5DD5DE37E73E: receive installSnapshot: s0->s1#0-t1,chunk:30824817-3ccd-45be-9c59-c2534cc1dfaf,2
2023-04-27 07:11:47,543 [grpc-default-executor-0] TRACE util.FileUtils (LogUtils.java:runAndLog(49)) - Successfully ran Files.createDirectories /home/runner/work/ratis/ratis/ratis-test/target/test/data/a5c97c2c/MiniRaftClusterWithGrpc3f6ea9d5/s1/3a0ff405-0f10-426f-871f-5dd5de37e73e/tmp/snapshot-30824817-3ccd-45be-9c59-c2534cc1dfaf
2023-04-27 07:11:47,543 [grpc-default-executor-0] INFO  storage.SnapshotManager (SnapshotManager.java:installSnapshot(89)) - Installing snapshot:s0->s1#0-t1,chunk:30824817-3ccd-45be-9c59-c2534cc1dfaf,2, to tmp dir:/home/runner/work/ratis/ratis/ratis-test/target/test/data/a5c97c2c/MiniRaftClusterWithGrpc3f6ea9d5/s1/3a0ff405-0f10-426f-871f-5dd5de37e73e/tmp/snapshot-30824817-3ccd-45be-9c59-c2534cc1dfaf
2023-04-27 07:11:47,543 [grpc-default-executor-0] TRACE util.FileUtils (LogUtils.java:runAndLog(49)) - Successfully ran Files.createDirectories /home/runner/work/ratis/ratis/ratis-test/target/test/data/a5c97c2c/MiniRaftClusterWithGrpc3f6ea9d5/s1/3a0ff405-0f10-426f-871f-5dd5de37e73e/tmp/snapshot-30824817-3ccd-45be-9c59-c2534cc1dfaf/snapshot/sub
2023-04-27 07:11:47,544 [grpc-default-executor-0] INFO  impl.SnapshotInstallationHandler (SnapshotInstallationHandler.java:installSnapshot(100)) - s1@group-5DD5DE37E73E: reply installSnapshot: s0<-s1#0:OK-t1,SUCCESS,requestIndex=2
2023-04-27 07:11:47,544 [grpc-default-executor-1] INFO  impl.SnapshotInstallationHandler (SnapshotInstallationHandler.java:installSnapshot(89)) - s2@group-5DD5DE37E73E: receive installSnapshot: s0->s2#0-t1,chunk:bcb2c273-46bc-4abf-9220-e2a34f10b0bd,3
2023-04-27 07:11:47,544 [grpc-default-executor-1] TRACE util.FileUtils (LogUtils.java:runAndLog(49)) - Successfully ran Files.createDirectories /home/runner/work/ratis/ratis/ratis-test/target/test/data/a5c97c2c/MiniRaftClusterWithGrpc3f6ea9d5/s2/3a0ff405-0f10-426f-871f-5dd5de37e73e/tmp/snapshot-bcb2c273-46bc-4abf-9220-e2a34f10b0bd
2023-04-27 07:11:47,544 [grpc-default-executor-1] INFO  storage.SnapshotManager (SnapshotManager.java:installSnapshot(89)) - Installing snapshot:s0->s2#0-t1,chunk:bcb2c273-46bc-4abf-9220-e2a34f10b0bd,3, to tmp dir:/home/runner/work/ratis/ratis/ratis-test/target/test/data/a5c97c2c/MiniRaftClusterWithGrpc3f6ea9d5/s2/3a0ff405-0f10-426f-871f-5dd5de37e73e/tmp/snapshot-bcb2c273-46bc-4abf-9220-e2a34f10b0bd
2023-04-27 07:11:47,544 [grpc-default-executor-1] TRACE util.FileUtils (LogUtils.java:runAndLog(49)) - Successfully ran Files.createDirectories /home/runner/work/ratis/ratis/ratis-test/target/test/data/a5c97c2c/MiniRaftClusterWithGrpc3f6ea9d5/s2/3a0ff405-0f10-426f-871f-5dd5de37e73e/tmp/snapshot-bcb2c273-46bc-4abf-9220-e2a34f10b0bd/snapshot/sub
2023-04-27 07:11:47,543 [grpc-default-executor-2] INFO  server.GrpcLogAppender (GrpcLogAppender.java:onNext(504)) - s0@group-5DD5DE37E73E->s2-InstallSnapshotResponseHandler: received a reply s0<-s2#0:OK-t1,SUCCESS,requestIndex=2
2023-04-27 07:11:47,545 [grpc-default-executor-1] INFO  impl.SnapshotInstallationHandler (SnapshotInstallationHandler.java:installSnapshot(100)) - s2@group-5DD5DE37E73E: reply installSnapshot: s0<-s2#0:OK-t1,SUCCESS,requestIndex=3
2023-04-27 07:11:47,545 [grpc-default-executor-2] INFO  server.GrpcLogAppender (GrpcLogAppender.java:onNext(517)) - s0@group-5DD5DE37E73E->s2-InstallSnapshotResponseHandler: Completed InstallSnapshot. Reply: serverReply {
  requestorId: "s0"
  replyId: "s2"
  raftGroupId {
    id: ":\017\364\005\017\020Bo\207\037]\325\3367\347>"
  }
  success: true
}
term: 1
requestIndex: 2

2023-04-27 07:11:47,545 [grpc-default-executor-2] INFO  leader.FollowerInfo (FollowerInfoImpl.java:setAttemptedToInstallSnapshot(126)) - Follower s0@group-5DD5DE37E73E->s2 acknowledged installing snapshot
2023-04-27 07:11:47,545 [grpc-default-executor-0] INFO  impl.SnapshotInstallationHandler (SnapshotInstallationHandler.java:installSnapshot(89)) - s1@group-5DD5DE37E73E: receive installSnapshot: s0->s1#0-t1,chunk:30824817-3ccd-45be-9c59-c2534cc1dfaf,3
2023-04-27 07:11:47,545 [grpc-default-executor-0] TRACE util.FileUtils (LogUtils.java:runAndLog(49)) - Successfully ran Files.createDirectories /home/runner/work/ratis/ratis/ratis-test/target/test/data/a5c97c2c/MiniRaftClusterWithGrpc3f6ea9d5/s1/3a0ff405-0f10-426f-871f-5dd5de37e73e/tmp/snapshot-30824817-3ccd-45be-9c59-c2534cc1dfaf
2023-04-27 07:11:47,545 [grpc-default-executor-2] INFO  impl.SnapshotInstallationHandler (SnapshotInstallationHandler.java:installSnapshot(89)) - s2@group-5DD5DE37E73E: receive installSnapshot: s0->s2#0-t1,chunk:bcb2c273-46bc-4abf-9220-e2a34f10b0bd,4
2023-04-27 07:11:47,549 [s0@group-5DD5DE37E73E-LeaderStateImpl] INFO  server.RaftServer$Division (ServerState.java:setRaftConf(377)) - s0@group-5DD5DE37E73E: set configuration 255: peers:[s0|rpc:localhost:35955|admin:localhost:34135|client:localhost:36731|dataStream:localhost:43117|priority:0|startupRole:FOLLOWER, s1|rpc:0.0.0.0:42905|dataStream:|priority:0|startupRole:FOLLOWER, s2|rpc:0.0.0.0:43905|dataStream:|priority:0|startupRole:FOLLOWER]|listeners:[], old=peers:[s0|rpc:localhost:35955|admin:localhost:34135|client:localhost:36731|dataStream:localhost:43117|priority:0|startupRole:FOLLOWER]|listeners:[]
2023-04-27 07:11:47,546 [grpc-default-executor-0] INFO  storage.SnapshotManager (SnapshotManager.java:installSnapshot(89)) - Installing snapshot:s0->s1#0-t1,chunk:30824817-3ccd-45be-9c59-c2534cc1dfaf,3, to tmp dir:/home/runner/work/ratis/ratis/ratis-test/target/test/data/a5c97c2c/MiniRaftClusterWithGrpc3f6ea9d5/s1/3a0ff405-0f10-426f-871f-5dd5de37e73e/tmp/snapshot-30824817-3ccd-45be-9c59-c2534cc1dfaf
2023-04-27 07:11:47,550 [grpc-default-executor-0] TRACE util.FileUtils (LogUtils.java:runAndLog(49)) - Successfully ran Files.createDirectories /home/runner/work/ratis/ratis/ratis-test/target/test/data/a5c97c2c/MiniRaftClusterWithGrpc3f6ea9d5/s1/3a0ff405-0f10-426f-871f-5dd5de37e73e/tmp/snapshot-30824817-3ccd-45be-9c59-c2534cc1dfaf/snapshot/sub
2023-04-27 07:11:47,551 [grpc-default-executor-0] INFO  impl.SnapshotInstallationHandler (SnapshotInstallationHandler.java:installSnapshot(100)) - s1@group-5DD5DE37E73E: reply installSnapshot: s0<-s1#0:OK-t1,SUCCESS,requestIndex=3
2023-04-27 07:11:47,551 [grpc-default-executor-0] INFO  impl.SnapshotInstallationHandler (SnapshotInstallationHandler.java:installSnapshot(89)) - s1@group-5DD5DE37E73E: receive installSnapshot: s0->s1#0-t1,chunk:30824817-3ccd-45be-9c59-c2534cc1dfaf,4
2023-04-27 07:11:47,551 [grpc-default-executor-0] TRACE util.FileUtils (LogUtils.java:runAndLog(49)) - Successfully ran Files.createDirectories /home/runner/work/ratis/ratis/ratis-test/target/test/data/a5c97c2c/MiniRaftClusterWithGrpc3f6ea9d5/s1/3a0ff405-0f10-426f-871f-5dd5de37e73e/tmp/snapshot-30824817-3ccd-45be-9c59-c2534cc1dfaf
2023-04-27 07:11:47,551 [grpc-default-executor-0] INFO  storage.SnapshotManager (SnapshotManager.java:installSnapshot(89)) - Installing snapshot:s0->s1#0-t1,chunk:30824817-3ccd-45be-9c59-c2534cc1dfaf,4, to tmp dir:/home/runner/work/ratis/ratis/ratis-test/target/test/data/a5c97c2c/MiniRaftClusterWithGrpc3f6ea9d5/s1/3a0ff405-0f10-426f-871f-5dd5de37e73e/tmp/snapshot-30824817-3ccd-45be-9c59-c2534cc1dfaf
2023-04-27 07:11:47,552 [grpc-default-executor-0] TRACE util.FileUtils (LogUtils.java:runAndLog(49)) - Successfully ran Files.createDirectories /home/runner/work/ratis/ratis/ratis-test/target/test/data/a5c97c2c/MiniRaftClusterWithGrpc3f6ea9d5/s1/3a0ff405-0f10-426f-871f-5dd5de37e73e/tmp/snapshot-30824817-3ccd-45be-9c59-c2534cc1dfaf/snapshot/sub
2023-04-27 07:11:47,556 [grpc-default-executor-1] INFO  server.GrpcLogAppender (GrpcLogAppender.java:onNext(504)) - s0@group-5DD5DE37E73E->s2-InstallSnapshotResponseHandler: received a reply s0<-s2#0:OK-t1,SUCCESS,requestIndex=3
2023-04-27 07:11:47,556 [grpc-default-executor-2] TRACE util.FileUtils (LogUtils.java:runAndLog(49)) - Successfully ran Files.createDirectories /home/runner/work/ratis/ratis/ratis-test/target/test/data/a5c97c2c/MiniRaftClusterWithGrpc3f6ea9d5/s2/3a0ff405-0f10-426f-871f-5dd5de37e73e/tmp/snapshot-bcb2c273-46bc-4abf-9220-e2a34f10b0bd
2023-04-27 07:11:47,556 [grpc-default-executor-2] INFO  storage.SnapshotManager (SnapshotManager.java:installSnapshot(89)) - Installing snapshot:s0->s2#0-t1,chunk:bcb2c273-46bc-4abf-9220-e2a34f10b0bd,4, to tmp dir:/home/runner/work/ratis/ratis/ratis-test/target/test/data/a5c97c2c/MiniRaftClusterWithGrpc3f6ea9d5/s2/3a0ff405-0f10-426f-871f-5dd5de37e73e/tmp/snapshot-bcb2c273-46bc-4abf-9220-e2a34f10b0bd
2023-04-27 07:11:47,556 [grpc-default-executor-0] INFO  impl.SnapshotInstallationHandler (SnapshotInstallationHandler.java:installSnapshot(100)) - s1@group-5DD5DE37E73E: reply installSnapshot: s0<-s1#0:OK-t1,SUCCESS,requestIndex=4
2023-04-27 07:11:47,556 [grpc-default-executor-2] TRACE util.FileUtils (LogUtils.java:runAndLog(49)) - Successfully ran Files.createDirectories /home/runner/work/ratis/ratis/ratis-test/target/test/data/a5c97c2c/MiniRaftClusterWithGrpc3f6ea9d5/s2/3a0ff405-0f10-426f-871f-5dd5de37e73e/tmp/snapshot-bcb2c273-46bc-4abf-9220-e2a34f10b0bd/snapshot/sub
2023-04-27 07:11:47,557 [grpc-default-executor-0] INFO  impl.SnapshotInstallationHandler (SnapshotInstallationHandler.java:installSnapshot(89)) - s1@group-5DD5DE37E73E: receive installSnapshot: s0->s1#0-t1,chunk:30824817-3ccd-45be-9c59-c2534cc1dfaf,5
2023-04-27 07:11:47,557 [grpc-default-executor-0] TRACE util.FileUtils (LogUtils.java:runAndLog(49)) - Successfully ran Files.createDirectories /home/runner/work/ratis/ratis/ratis-test/target/test/data/a5c97c2c/MiniRaftClusterWithGrpc3f6ea9d5/s1/3a0ff405-0f10-426f-871f-5dd5de37e73e/tmp/snapshot-30824817-3ccd-45be-9c59-c2534cc1dfaf
2023-04-27 07:11:47,557 [grpc-default-executor-0] INFO  storage.SnapshotManager (SnapshotManager.java:installSnapshot(89)) - Installing snapshot:s0->s1#0-t1,chunk:30824817-3ccd-45be-9c59-c2534cc1dfaf,5, to tmp dir:/home/runner/work/ratis/ratis/ratis-test/target/test/data/a5c97c2c/MiniRaftClusterWithGrpc3f6ea9d5/s1/3a0ff405-0f10-426f-871f-5dd5de37e73e/tmp/snapshot-30824817-3ccd-45be-9c59-c2534cc1dfaf
2023-04-27 07:11:47,558 [grpc-default-executor-0] TRACE util.FileUtils (LogUtils.java:runAndLog(49)) - Successfully ran Files.createDirectories /home/runner/work/ratis/ratis/ratis-test/target/test/data/a5c97c2c/MiniRaftClusterWithGrpc3f6ea9d5/s1/3a0ff405-0f10-426f-871f-5dd5de37e73e/tmp/snapshot-30824817-3ccd-45be-9c59-c2534cc1dfaf
2023-04-27 07:11:47,558 [grpc-default-executor-0] INFO  impl.SnapshotInstallationHandler (SnapshotInstallationHandler.java:installSnapshot(100)) - s1@group-5DD5DE37E73E: reply installSnapshot: s0<-s1#0:OK-t1,SUCCESS,requestIndex=5
2023-04-27 07:11:47,558 [grpc-default-executor-1] INFO  server.GrpcLogAppender (GrpcLogAppender.java:onNext(517)) - s0@group-5DD5DE37E73E->s2-InstallSnapshotResponseHandler: Completed InstallSnapshot. Reply: serverReply {
  requestorId: "s0"
  replyId: "s2"
  raftGroupId {
    id: ":\017\364\005\017\020Bo\207\037]\325\3367\347>"
  }
  success: true
}
term: 1
requestIndex: 3

2023-04-27 07:11:47,559 [grpc-default-executor-1] INFO  leader.FollowerInfo (FollowerInfoImpl.java:setAttemptedToInstallSnapshot(126)) - Follower s0@group-5DD5DE37E73E->s2 acknowledged installing snapshot
2023-04-27 07:11:47,559 [grpc-default-executor-2] INFO  impl.SnapshotInstallationHandler (SnapshotInstallationHandler.java:installSnapshot(100)) - s2@group-5DD5DE37E73E: reply installSnapshot: s0<-s2#0:OK-t1,SUCCESS,requestIndex=4
2023-04-27 07:11:47,560 [grpc-default-executor-3] INFO  server.GrpcLogAppender (GrpcLogAppender.java:onNext(504)) - s0@group-5DD5DE37E73E->s1-InstallSnapshotResponseHandler: received a reply s0<-s1#0:OK-t1,SUCCESS,requestIndex=2
2023-04-27 07:11:47,560 [grpc-default-executor-3] INFO  server.GrpcLogAppender (GrpcLogAppender.java:onNext(517)) - s0@group-5DD5DE37E73E->s1-InstallSnapshotResponseHandler: Completed InstallSnapshot. Reply: serverReply {
  requestorId: "s0"
  replyId: "s1"
  raftGroupId {
    id: ":\017\364\005\017\020Bo\207\037]\325\3367\347>"
  }
  success: true
}
term: 1
requestIndex: 2

2023-04-27 07:11:47,561 [grpc-default-executor-3] INFO  leader.FollowerInfo (FollowerInfoImpl.java:setAttemptedToInstallSnapshot(126)) - Follower s0@group-5DD5DE37E73E->s1 acknowledged installing snapshot
2023-04-27 07:11:47,561 [grpc-default-executor-1] INFO  server.GrpcLogAppender (GrpcLogAppender.java:onNext(504)) - s0@group-5DD5DE37E73E->s1-InstallSnapshotResponseHandler: received a reply s0<-s1#0:OK-t1,SUCCESS,requestIndex=3
2023-04-27 07:11:47,561 [grpc-default-executor-2] INFO  impl.SnapshotInstallationHandler (SnapshotInstallationHandler.java:installSnapshot(89)) - s2@group-5DD5DE37E73E: receive installSnapshot: s0->s2#0-t1,chunk:bcb2c273-46bc-4abf-9220-e2a34f10b0bd,5
2023-04-27 07:11:47,561 [grpc-default-executor-2] TRACE util.FileUtils (LogUtils.java:runAndLog(49)) - Successfully ran Files.createDirectories /home/runner/work/ratis/ratis/ratis-test/target/test/data/a5c97c2c/MiniRaftClusterWithGrpc3f6ea9d5/s2/3a0ff405-0f10-426f-871f-5dd5de37e73e/tmp/snapshot-bcb2c273-46bc-4abf-9220-e2a34f10b0bd
2023-04-27 07:11:47,561 [grpc-default-executor-2] INFO  storage.SnapshotManager (SnapshotManager.java:installSnapshot(89)) - Installing snapshot:s0->s2#0-t1,chunk:bcb2c273-46bc-4abf-9220-e2a34f10b0bd,5, to tmp dir:/home/runner/work/ratis/ratis/ratis-test/target/test/data/a5c97c2c/MiniRaftClusterWithGrpc3f6ea9d5/s2/3a0ff405-0f10-426f-871f-5dd5de37e73e/tmp/snapshot-bcb2c273-46bc-4abf-9220-e2a34f10b0bd
2023-04-27 07:11:47,561 [grpc-default-executor-2] TRACE util.FileUtils (LogUtils.java:runAndLog(49)) - Successfully ran Files.createDirectories /home/runner/work/ratis/ratis/ratis-test/target/test/data/a5c97c2c/MiniRaftClusterWithGrpc3f6ea9d5/s2/3a0ff405-0f10-426f-871f-5dd5de37e73e/tmp/snapshot-bcb2c273-46bc-4abf-9220-e2a34f10b0bd
2023-04-27 07:11:47,562 [grpc-default-executor-2] INFO  impl.SnapshotInstallationHandler (SnapshotInstallationHandler.java:installSnapshot(100)) - s2@group-5DD5DE37E73E: reply installSnapshot: s0<-s2#0:OK-t1,SUCCESS,requestIndex=5
2023-04-27 07:11:47,562 [grpc-default-executor-1] INFO  server.GrpcLogAppender (GrpcLogAppender.java:onNext(517)) - s0@group-5DD5DE37E73E->s1-InstallSnapshotResponseHandler: Completed InstallSnapshot. Reply: serverReply {
  requestorId: "s0"
  replyId: "s1"
  raftGroupId {
    id: ":\017\364\005\017\020Bo\207\037]\325\3367\347>"
  }
  success: true
}
term: 1
requestIndex: 3

2023-04-27 07:11:47,562 [grpc-default-executor-1] INFO  leader.FollowerInfo (FollowerInfoImpl.java:setAttemptedToInstallSnapshot(126)) - Follower s0@group-5DD5DE37E73E->s1 acknowledged installing snapshot
2023-04-27 07:11:47,562 [grpc-default-executor-2] INFO  impl.SnapshotInstallationHandler (SnapshotInstallationHandler.java:installSnapshot(89)) - s2@group-5DD5DE37E73E: receive installSnapshot: s0->s2#0-t1,chunk:bcb2c273-46bc-4abf-9220-e2a34f10b0bd,6
2023-04-27 07:11:47,562 [grpc-default-executor-1] INFO  server.GrpcLogAppender (GrpcLogAppender.java:onNext(504)) - s0@group-5DD5DE37E73E->s1-InstallSnapshotResponseHandler: received a reply s0<-s1#0:OK-t1,SUCCESS,requestIndex=4
2023-04-27 07:11:47,562 [grpc-default-executor-3] INFO  server.GrpcLogAppender (GrpcLogAppender.java:onNext(504)) - s0@group-5DD5DE37E73E->s2-InstallSnapshotResponseHandler: received a reply s0<-s2#0:OK-t1,SUCCESS,requestIndex=4
2023-04-27 07:11:47,563 [grpc-default-executor-1] INFO  server.GrpcLogAppender (GrpcLogAppender.java:onNext(517)) - s0@group-5DD5DE37E73E->s1-InstallSnapshotResponseHandler: Completed InstallSnapshot. Reply: serverReply {
  requestorId: "s0"
  replyId: "s1"
  raftGroupId {
    id: ":\017\364\005\017\020Bo\207\037]\325\3367\347>"
  }
  success: true
}
term: 1
requestIndex: 4

2023-04-27 07:11:47,563 [grpc-default-executor-1] INFO  leader.FollowerInfo (FollowerInfoImpl.java:setAttemptedToInstallSnapshot(126)) - Follower s0@group-5DD5DE37E73E->s1 acknowledged installing snapshot
2023-04-27 07:11:47,563 [grpc-default-executor-3] INFO  server.GrpcLogAppender (GrpcLogAppender.java:onNext(517)) - s0@group-5DD5DE37E73E->s2-InstallSnapshotResponseHandler: Completed InstallSnapshot. Reply: serverReply {
  requestorId: "s0"
  replyId: "s2"
  raftGroupId {
    id: ":\017\364\005\017\020Bo\207\037]\325\3367\347>"
  }
  success: true
}
term: 1
requestIndex: 4

2023-04-27 07:11:47,563 [grpc-default-executor-3] INFO  leader.FollowerInfo (FollowerInfoImpl.java:setAttemptedToInstallSnapshot(126)) - Follower s0@group-5DD5DE37E73E->s2 acknowledged installing snapshot
2023-04-27 07:11:47,563 [grpc-default-executor-1] INFO  server.GrpcLogAppender (GrpcLogAppender.java:onNext(504)) - s0@group-5DD5DE37E73E->s1-InstallSnapshotResponseHandler: received a reply s0<-s1#0:OK-t1,SUCCESS,requestIndex=5
2023-04-27 07:11:47,563 [grpc-default-executor-1] INFO  server.GrpcLogAppender (GrpcLogAppender.java:onNext(517)) - s0@group-5DD5DE37E73E->s1-InstallSnapshotResponseHandler: Completed InstallSnapshot. Reply: serverReply {
  requestorId: "s0"
  replyId: "s1"
  raftGroupId {
    id: ":\017\364\005\017\020Bo\207\037]\325\3367\347>"
  }
  success: true
}
term: 1
requestIndex: 5

2023-04-27 07:11:47,563 [grpc-default-executor-1] INFO  leader.FollowerInfo (FollowerInfoImpl.java:setAttemptedToInstallSnapshot(126)) - Follower s0@group-5DD5DE37E73E->s1 acknowledged installing snapshot
2023-04-27 07:11:47,564 [grpc-default-executor-1] INFO  server.GrpcLogAppender (GrpcLogAppender.java:onNext(504)) - s0@group-5DD5DE37E73E->s2-InstallSnapshotResponseHandler: received a reply s0<-s2#0:OK-t1,SUCCESS,requestIndex=5
2023-04-27 07:11:47,564 [grpc-default-executor-1] INFO  server.GrpcLogAppender (GrpcLogAppender.java:onNext(517)) - s0@group-5DD5DE37E73E->s2-InstallSnapshotResponseHandler: Completed InstallSnapshot. Reply: serverReply {
  requestorId: "s0"
  replyId: "s2"
  raftGroupId {
    id: ":\017\364\005\017\020Bo\207\037]\325\3367\347>"
  }
  success: true
}
term: 1
requestIndex: 5

2023-04-27 07:11:47,564 [grpc-default-executor-1] INFO  leader.FollowerInfo (FollowerInfoImpl.java:setAttemptedToInstallSnapshot(126)) - Follower s0@group-5DD5DE37E73E->s2 acknowledged installing snapshot
2023-04-27 07:11:47,564 [grpc-default-executor-2] TRACE util.FileUtils (LogUtils.java:runAndLog(49)) - Successfully ran Files.createDirectories /home/runner/work/ratis/ratis/ratis-test/target/test/data/a5c97c2c/MiniRaftClusterWithGrpc3f6ea9d5/s2/3a0ff405-0f10-426f-871f-5dd5de37e73e/tmp/snapshot-bcb2c273-46bc-4abf-9220-e2a34f10b0bd
2023-04-27 07:11:47,564 [grpc-default-executor-2] INFO  storage.SnapshotManager (SnapshotManager.java:installSnapshot(89)) - Installing snapshot:s0->s2#0-t1,chunk:bcb2c273-46bc-4abf-9220-e2a34f10b0bd,6, to tmp dir:/home/runner/work/ratis/ratis/ratis-test/target/test/data/a5c97c2c/MiniRaftClusterWithGrpc3f6ea9d5/s2/3a0ff405-0f10-426f-871f-5dd5de37e73e/tmp/snapshot-bcb2c273-46bc-4abf-9220-e2a34f10b0bd
2023-04-27 07:11:47,564 [grpc-default-executor-2] TRACE util.FileUtils (LogUtils.java:runAndLog(49)) - Successfully ran Files.createDirectories /home/runner/work/ratis/ratis/ratis-test/target/test/data/a5c97c2c/MiniRaftClusterWithGrpc3f6ea9d5/s2/3a0ff405-0f10-426f-871f-5dd5de37e73e/tmp/snapshot-bcb2c273-46bc-4abf-9220-e2a34f10b0bd
2023-04-27 07:11:47,565 [grpc-default-executor-2] INFO  impl.SnapshotInstallationHandler (SnapshotInstallationHandler.java:installSnapshot(100)) - s2@group-5DD5DE37E73E: reply installSnapshot: s0<-s2#0:OK-t1,SUCCESS,requestIndex=6
2023-04-27 07:11:47,565 [grpc-default-executor-1] INFO  server.GrpcLogAppender (GrpcLogAppender.java:onNext(504)) - s0@group-5DD5DE37E73E->s2-InstallSnapshotResponseHandler: received a reply s0<-s2#0:OK-t1,SUCCESS,requestIndex=6
2023-04-27 07:11:47,565 [grpc-default-executor-1] INFO  server.GrpcLogAppender (GrpcLogAppender.java:onNext(517)) - s0@group-5DD5DE37E73E->s2-InstallSnapshotResponseHandler: Completed InstallSnapshot. Reply: serverReply {
  requestorId: "s0"
  replyId: "s2"
  raftGroupId {
    id: ":\017\364\005\017\020Bo\207\037]\325\3367\347>"
  }
  success: true
}
term: 1
requestIndex: 6

2023-04-27 07:11:47,565 [grpc-default-executor-1] INFO  leader.FollowerInfo (FollowerInfoImpl.java:setAttemptedToInstallSnapshot(126)) - Follower s0@group-5DD5DE37E73E->s2 acknowledged installing snapshot
2023-04-27 07:11:47,566 [grpc-default-executor-2] INFO  impl.SnapshotInstallationHandler (SnapshotInstallationHandler.java:installSnapshot(89)) - s2@group-5DD5DE37E73E: receive installSnapshot: s0->s2#0-t1,chunk:bcb2c273-46bc-4abf-9220-e2a34f10b0bd,7
2023-04-27 07:11:47,566 [grpc-default-executor-2] TRACE util.FileUtils (LogUtils.java:runAndLog(49)) - Successfully ran Files.createDirectories /home/runner/work/ratis/ratis/ratis-test/target/test/data/a5c97c2c/MiniRaftClusterWithGrpc3f6ea9d5/s2/3a0ff405-0f10-426f-871f-5dd5de37e73e/tmp/snapshot-bcb2c273-46bc-4abf-9220-e2a34f10b0bd
2023-04-27 07:11:47,566 [grpc-default-executor-2] INFO  storage.SnapshotManager (SnapshotManager.java:installSnapshot(89)) - Installing snapshot:s0->s2#0-t1,chunk:bcb2c273-46bc-4abf-9220-e2a34f10b0bd,7, to tmp dir:/home/runner/work/ratis/ratis/ratis-test/target/test/data/a5c97c2c/MiniRaftClusterWithGrpc3f6ea9d5/s2/3a0ff405-0f10-426f-871f-5dd5de37e73e/tmp/snapshot-bcb2c273-46bc-4abf-9220-e2a34f10b0bd
2023-04-27 07:11:47,566 [grpc-default-executor-2] TRACE util.FileUtils (LogUtils.java:runAndLog(49)) - Successfully ran Files.createDirectories /home/runner/work/ratis/ratis/ratis-test/target/test/data/a5c97c2c/MiniRaftClusterWithGrpc3f6ea9d5/s2/3a0ff405-0f10-426f-871f-5dd5de37e73e/tmp/snapshot-bcb2c273-46bc-4abf-9220-e2a34f10b0bd
2023-04-27 07:11:47,566 [grpc-default-executor-2] INFO  impl.SnapshotInstallationHandler (SnapshotInstallationHandler.java:installSnapshot(100)) - s2@group-5DD5DE37E73E: reply installSnapshot: s0<-s2#0:OK-t1,SUCCESS,requestIndex=7
2023-04-27 07:11:47,567 [grpc-default-executor-1] INFO  server.GrpcLogAppender (GrpcLogAppender.java:onNext(504)) - s0@group-5DD5DE37E73E->s2-InstallSnapshotResponseHandler: received a reply s0<-s2#0:OK-t1,SUCCESS,requestIndex=7
2023-04-27 07:11:47,567 [grpc-default-executor-1] INFO  server.GrpcLogAppender (GrpcLogAppender.java:onNext(517)) - s0@group-5DD5DE37E73E->s2-InstallSnapshotResponseHandler: Completed InstallSnapshot. Reply: serverReply {
  requestorId: "s0"
  replyId: "s2"
  raftGroupId {
    id: ":\017\364\005\017\020Bo\207\037]\325\3367\347>"
  }
  success: true
}
term: 1
requestIndex: 7

2023-04-27 07:11:47,567 [grpc-default-executor-1] INFO  leader.FollowerInfo (FollowerInfoImpl.java:setAttemptedToInstallSnapshot(126)) - Follower s0@group-5DD5DE37E73E->s2 acknowledged installing snapshot
2023-04-27 07:11:47,567 [grpc-default-executor-0] INFO  impl.SnapshotInstallationHandler (SnapshotInstallationHandler.java:installSnapshot(89)) - s1@group-5DD5DE37E73E: receive installSnapshot: s0->s1#0-t1,chunk:30824817-3ccd-45be-9c59-c2534cc1dfaf,6
2023-04-27 07:11:47,567 [grpc-default-executor-0] TRACE util.FileUtils (LogUtils.java:runAndLog(49)) - Successfully ran Files.createDirectories /home/runner/work/ratis/ratis/ratis-test/target/test/data/a5c97c2c/MiniRaftClusterWithGrpc3f6ea9d5/s1/3a0ff405-0f10-426f-871f-5dd5de37e73e/tmp/snapshot-30824817-3ccd-45be-9c59-c2534cc1dfaf
2023-04-27 07:11:47,568 [grpc-default-executor-0] INFO  storage.SnapshotManager (SnapshotManager.java:installSnapshot(89)) - Installing snapshot:s0->s1#0-t1,chunk:30824817-3ccd-45be-9c59-c2534cc1dfaf,6, to tmp dir:/home/runner/work/ratis/ratis/ratis-test/target/test/data/a5c97c2c/MiniRaftClusterWithGrpc3f6ea9d5/s1/3a0ff405-0f10-426f-871f-5dd5de37e73e/tmp/snapshot-30824817-3ccd-45be-9c59-c2534cc1dfaf
2023-04-27 07:11:47,568 [grpc-default-executor-0] TRACE util.FileUtils (LogUtils.java:runAndLog(49)) - Successfully ran Files.createDirectories /home/runner/work/ratis/ratis/ratis-test/target/test/data/a5c97c2c/MiniRaftClusterWithGrpc3f6ea9d5/s1/3a0ff405-0f10-426f-871f-5dd5de37e73e/tmp/snapshot-30824817-3ccd-45be-9c59-c2534cc1dfaf
2023-04-27 07:11:47,568 [grpc-default-executor-0] INFO  impl.SnapshotInstallationHandler (SnapshotInstallationHandler.java:installSnapshot(100)) - s1@group-5DD5DE37E73E: reply installSnapshot: s0<-s1#0:OK-t1,SUCCESS,requestIndex=6
2023-04-27 07:11:47,568 [grpc-default-executor-1] INFO  server.GrpcLogAppender (GrpcLogAppender.java:onNext(504)) - s0@group-5DD5DE37E73E->s1-InstallSnapshotResponseHandler: received a reply s0<-s1#0:OK-t1,SUCCESS,requestIndex=6
2023-04-27 07:11:47,569 [grpc-default-executor-1] INFO  server.GrpcLogAppender (GrpcLogAppender.java:onNext(517)) - s0@group-5DD5DE37E73E->s1-InstallSnapshotResponseHandler: Completed InstallSnapshot. Reply: serverReply {
  requestorId: "s0"
  replyId: "s1"
  raftGroupId {
    id: ":\017\364\005\017\020Bo\207\037]\325\3367\347>"
  }
  success: true
}
term: 1
requestIndex: 6

2023-04-27 07:11:47,569 [grpc-default-executor-1] INFO  leader.FollowerInfo (FollowerInfoImpl.java:setAttemptedToInstallSnapshot(126)) - Follower s0@group-5DD5DE37E73E->s1 acknowledged installing snapshot
2023-04-27 07:11:47,569 [grpc-default-executor-0] INFO  impl.SnapshotInstallationHandler (SnapshotInstallationHandler.java:installSnapshot(89)) - s1@group-5DD5DE37E73E: receive installSnapshot: s0->s1#0-t1,chunk:30824817-3ccd-45be-9c59-c2534cc1dfaf,7
2023-04-27 07:11:47,569 [grpc-default-executor-0] TRACE util.FileUtils (LogUtils.java:runAndLog(49)) - Successfully ran Files.createDirectories /home/runner/work/ratis/ratis/ratis-test/target/test/data/a5c97c2c/MiniRaftClusterWithGrpc3f6ea9d5/s1/3a0ff405-0f10-426f-871f-5dd5de37e73e/tmp/snapshot-30824817-3ccd-45be-9c59-c2534cc1dfaf
2023-04-27 07:11:47,569 [grpc-default-executor-0] INFO  storage.SnapshotManager (SnapshotManager.java:installSnapshot(89)) - Installing snapshot:s0->s1#0-t1,chunk:30824817-3ccd-45be-9c59-c2534cc1dfaf,7, to tmp dir:/home/runner/work/ratis/ratis/ratis-test/target/test/data/a5c97c2c/MiniRaftClusterWithGrpc3f6ea9d5/s1/3a0ff405-0f10-426f-871f-5dd5de37e73e/tmp/snapshot-30824817-3ccd-45be-9c59-c2534cc1dfaf
2023-04-27 07:11:47,570 [grpc-default-executor-0] TRACE util.FileUtils (LogUtils.java:runAndLog(49)) - Successfully ran Files.createDirectories /home/runner/work/ratis/ratis/ratis-test/target/test/data/a5c97c2c/MiniRaftClusterWithGrpc3f6ea9d5/s1/3a0ff405-0f10-426f-871f-5dd5de37e73e/tmp/snapshot-30824817-3ccd-45be-9c59-c2534cc1dfaf
2023-04-27 07:11:47,570 [grpc-default-executor-0] INFO  impl.SnapshotInstallationHandler (SnapshotInstallationHandler.java:installSnapshot(100)) - s1@group-5DD5DE37E73E: reply installSnapshot: s0<-s1#0:OK-t1,SUCCESS,requestIndex=7
2023-04-27 07:11:47,570 [grpc-default-executor-1] INFO  server.GrpcLogAppender (GrpcLogAppender.java:onNext(504)) - s0@group-5DD5DE37E73E->s1-InstallSnapshotResponseHandler: received a reply s0<-s1#0:OK-t1,SUCCESS,requestIndex=7
2023-04-27 07:11:47,572 [grpc-default-executor-1] INFO  server.GrpcLogAppender (GrpcLogAppender.java:onNext(517)) - s0@group-5DD5DE37E73E->s1-InstallSnapshotResponseHandler: Completed InstallSnapshot. Reply: serverReply {
  requestorId: "s0"
  replyId: "s1"
  raftGroupId {
    id: ":\017\364\005\017\020Bo\207\037]\325\3367\347>"
  }
  success: true
}
term: 1
requestIndex: 7

2023-04-27 07:11:47,572 [grpc-default-executor-1] INFO  leader.FollowerInfo (FollowerInfoImpl.java:setAttemptedToInstallSnapshot(126)) - Follower s0@group-5DD5DE37E73E->s1 acknowledged installing snapshot
2023-04-27 07:11:47,572 [grpc-default-executor-2] INFO  impl.SnapshotInstallationHandler (SnapshotInstallationHandler.java:installSnapshot(89)) - s2@group-5DD5DE37E73E: receive installSnapshot: s0->s2#0-t1,chunk:bcb2c273-46bc-4abf-9220-e2a34f10b0bd,8
2023-04-27 07:11:47,572 [grpc-default-executor-2] TRACE util.FileUtils (LogUtils.java:runAndLog(49)) - Successfully ran Files.createDirectories /home/runner/work/ratis/ratis/ratis-test/target/test/data/a5c97c2c/MiniRaftClusterWithGrpc3f6ea9d5/s2/3a0ff405-0f10-426f-871f-5dd5de37e73e/tmp/snapshot-bcb2c273-46bc-4abf-9220-e2a34f10b0bd
2023-04-27 07:11:47,572 [grpc-default-executor-2] INFO  storage.SnapshotManager (SnapshotManager.java:installSnapshot(89)) - Installing snapshot:s0->s2#0-t1,chunk:bcb2c273-46bc-4abf-9220-e2a34f10b0bd,8, to tmp dir:/home/runner/work/ratis/ratis/ratis-test/target/test/data/a5c97c2c/MiniRaftClusterWithGrpc3f6ea9d5/s2/3a0ff405-0f10-426f-871f-5dd5de37e73e/tmp/snapshot-bcb2c273-46bc-4abf-9220-e2a34f10b0bd
2023-04-27 07:11:47,573 [grpc-default-executor-2] TRACE util.FileUtils (LogUtils.java:runAndLog(49)) - Successfully ran Files.createDirectories /home/runner/work/ratis/ratis/ratis-test/target/test/data/a5c97c2c/MiniRaftClusterWithGrpc3f6ea9d5/s2/3a0ff405-0f10-426f-871f-5dd5de37e73e/tmp/snapshot-bcb2c273-46bc-4abf-9220-e2a34f10b0bd
2023-04-27 07:11:47,573 [grpc-default-executor-2] INFO  impl.SnapshotInstallationHandler (SnapshotInstallationHandler.java:installSnapshot(100)) - s2@group-5DD5DE37E73E: reply installSnapshot: s0<-s2#0:OK-t1,SUCCESS,requestIndex=8
2023-04-27 07:11:47,573 [grpc-default-executor-3] INFO  server.GrpcLogAppender (GrpcLogAppender.java:onNext(504)) - s0@group-5DD5DE37E73E->s2-InstallSnapshotResponseHandler: received a reply s0<-s2#0:OK-t1,SUCCESS,requestIndex=8
2023-04-27 07:11:47,573 [grpc-default-executor-0] INFO  impl.SnapshotInstallationHandler (SnapshotInstallationHandler.java:installSnapshot(89)) - s1@group-5DD5DE37E73E: receive installSnapshot: s0->s1#0-t1,chunk:30824817-3ccd-45be-9c59-c2534cc1dfaf,8
2023-04-27 07:11:47,574 [grpc-default-executor-3] INFO  server.GrpcLogAppender (GrpcLogAppender.java:onNext(517)) - s0@group-5DD5DE37E73E->s2-InstallSnapshotResponseHandler: Completed InstallSnapshot. Reply: serverReply {
  requestorId: "s0"
  replyId: "s2"
  raftGroupId {
    id: ":\017\364\005\017\020Bo\207\037]\325\3367\347>"
  }
  success: true
}
term: 1
requestIndex: 8

2023-04-27 07:11:47,574 [grpc-default-executor-0] TRACE util.FileUtils (LogUtils.java:runAndLog(49)) - Successfully ran Files.createDirectories /home/runner/work/ratis/ratis/ratis-test/target/test/data/a5c97c2c/MiniRaftClusterWithGrpc3f6ea9d5/s1/3a0ff405-0f10-426f-871f-5dd5de37e73e/tmp/snapshot-30824817-3ccd-45be-9c59-c2534cc1dfaf
2023-04-27 07:11:47,574 [grpc-default-executor-3] INFO  leader.FollowerInfo (FollowerInfoImpl.java:setAttemptedToInstallSnapshot(126)) - Follower s0@group-5DD5DE37E73E->s2 acknowledged installing snapshot
2023-04-27 07:11:47,574 [grpc-default-executor-0] INFO  storage.SnapshotManager (SnapshotManager.java:installSnapshot(89)) - Installing snapshot:s0->s1#0-t1,chunk:30824817-3ccd-45be-9c59-c2534cc1dfaf,8, to tmp dir:/home/runner/work/ratis/ratis/ratis-test/target/test/data/a5c97c2c/MiniRaftClusterWithGrpc3f6ea9d5/s1/3a0ff405-0f10-426f-871f-5dd5de37e73e/tmp/snapshot-30824817-3ccd-45be-9c59-c2534cc1dfaf
2023-04-27 07:11:47,574 [grpc-default-executor-0] TRACE util.FileUtils (LogUtils.java:runAndLog(49)) - Successfully ran Files.createDirectories /home/runner/work/ratis/ratis/ratis-test/target/test/data/a5c97c2c/MiniRaftClusterWithGrpc3f6ea9d5/s1/3a0ff405-0f10-426f-871f-5dd5de37e73e/tmp/snapshot-30824817-3ccd-45be-9c59-c2534cc1dfaf
2023-04-27 07:11:47,575 [grpc-default-executor-0] INFO  impl.SnapshotInstallationHandler (SnapshotInstallationHandler.java:installSnapshot(100)) - s1@group-5DD5DE37E73E: reply installSnapshot: s0<-s1#0:OK-t1,SUCCESS,requestIndex=8
2023-04-27 07:11:47,574 [grpc-default-executor-2] INFO  impl.SnapshotInstallationHandler (SnapshotInstallationHandler.java:installSnapshot(89)) - s2@group-5DD5DE37E73E: receive installSnapshot: s0->s2#0-t1,chunk:bcb2c273-46bc-4abf-9220-e2a34f10b0bd,9
2023-04-27 07:11:47,575 [grpc-default-executor-2] TRACE util.FileUtils (LogUtils.java:runAndLog(49)) - Successfully ran Files.createDirectories /home/runner/work/ratis/ratis/ratis-test/target/test/data/a5c97c2c/MiniRaftClusterWithGrpc3f6ea9d5/s2/3a0ff405-0f10-426f-871f-5dd5de37e73e/tmp/snapshot-bcb2c273-46bc-4abf-9220-e2a34f10b0bd
2023-04-27 07:11:47,575 [grpc-default-executor-2] INFO  storage.SnapshotManager (SnapshotManager.java:installSnapshot(89)) - Installing snapshot:s0->s2#0-t1,chunk:bcb2c273-46bc-4abf-9220-e2a34f10b0bd,9, to tmp dir:/home/runner/work/ratis/ratis/ratis-test/target/test/data/a5c97c2c/MiniRaftClusterWithGrpc3f6ea9d5/s2/3a0ff405-0f10-426f-871f-5dd5de37e73e/tmp/snapshot-bcb2c273-46bc-4abf-9220-e2a34f10b0bd
2023-04-27 07:11:47,576 [grpc-default-executor-2] TRACE util.FileUtils (LogUtils.java:runAndLog(49)) - Successfully ran Files.createDirectories /home/runner/work/ratis/ratis/ratis-test/target/test/data/a5c97c2c/MiniRaftClusterWithGrpc3f6ea9d5/s2/3a0ff405-0f10-426f-871f-5dd5de37e73e/tmp/snapshot-bcb2c273-46bc-4abf-9220-e2a34f10b0bd
2023-04-27 07:11:47,576 [grpc-default-executor-2] INFO  impl.SnapshotInstallationHandler (SnapshotInstallationHandler.java:installSnapshot(100)) - s2@group-5DD5DE37E73E: reply installSnapshot: s0<-s2#0:OK-t1,SUCCESS,requestIndex=9
2023-04-27 07:11:47,576 [grpc-default-executor-1] INFO  server.GrpcLogAppender (GrpcLogAppender.java:onNext(504)) - s0@group-5DD5DE37E73E->s2-InstallSnapshotResponseHandler: received a reply s0<-s2#0:OK-t1,SUCCESS,requestIndex=9
2023-04-27 07:11:47,577 [grpc-default-executor-1] INFO  server.GrpcLogAppender (GrpcLogAppender.java:onNext(517)) - s0@group-5DD5DE37E73E->s2-InstallSnapshotResponseHandler: Completed InstallSnapshot. Reply: serverReply {
  requestorId: "s0"
  replyId: "s2"
  raftGroupId {
    id: ":\017\364\005\017\020Bo\207\037]\325\3367\347>"
  }
  success: true
}
term: 1
requestIndex: 9

2023-04-27 07:11:47,577 [grpc-default-executor-1] INFO  leader.FollowerInfo (FollowerInfoImpl.java:setAttemptedToInstallSnapshot(126)) - Follower s0@group-5DD5DE37E73E->s2 acknowledged installing snapshot
2023-04-27 07:11:47,577 [grpc-default-executor-0] INFO  impl.SnapshotInstallationHandler (SnapshotInstallationHandler.java:installSnapshot(89)) - s1@group-5DD5DE37E73E: receive installSnapshot: s0->s1#0-t1,chunk:30824817-3ccd-45be-9c59-c2534cc1dfaf,9
2023-04-27 07:11:47,577 [grpc-default-executor-0] TRACE util.FileUtils (LogUtils.java:runAndLog(49)) - Successfully ran Files.createDirectories /home/runner/work/ratis/ratis/ratis-test/target/test/data/a5c97c2c/MiniRaftClusterWithGrpc3f6ea9d5/s1/3a0ff405-0f10-426f-871f-5dd5de37e73e/tmp/snapshot-30824817-3ccd-45be-9c59-c2534cc1dfaf
2023-04-27 07:11:47,577 [grpc-default-executor-0] INFO  storage.SnapshotManager (SnapshotManager.java:installSnapshot(89)) - Installing snapshot:s0->s1#0-t1,chunk:30824817-3ccd-45be-9c59-c2534cc1dfaf,9, to tmp dir:/home/runner/work/ratis/ratis/ratis-test/target/test/data/a5c97c2c/MiniRaftClusterWithGrpc3f6ea9d5/s1/3a0ff405-0f10-426f-871f-5dd5de37e73e/tmp/snapshot-30824817-3ccd-45be-9c59-c2534cc1dfaf
2023-04-27 07:11:47,577 [grpc-default-executor-0] TRACE util.FileUtils (LogUtils.java:runAndLog(49)) - Successfully ran Files.createDirectories /home/runner/work/ratis/ratis/ratis-test/target/test/data/a5c97c2c/MiniRaftClusterWithGrpc3f6ea9d5/s1/3a0ff405-0f10-426f-871f-5dd5de37e73e/tmp/snapshot-30824817-3ccd-45be-9c59-c2534cc1dfaf
2023-04-27 07:11:47,578 [grpc-default-executor-0] INFO  impl.SnapshotInstallationHandler (SnapshotInstallationHandler.java:installSnapshot(100)) - s1@group-5DD5DE37E73E: reply installSnapshot: s0<-s1#0:OK-t1,SUCCESS,requestIndex=9
2023-04-27 07:11:47,578 [grpc-default-executor-2] INFO  impl.SnapshotInstallationHandler (SnapshotInstallationHandler.java:installSnapshot(89)) - s2@group-5DD5DE37E73E: receive installSnapshot: s0->s2#0-t1,chunk:bcb2c273-46bc-4abf-9220-e2a34f10b0bd,10
2023-04-27 07:11:47,578 [grpc-default-executor-3] INFO  server.GrpcLogAppender (GrpcLogAppender.java:onNext(504)) - s0@group-5DD5DE37E73E->s1-InstallSnapshotResponseHandler: received a reply s0<-s1#0:OK-t1,SUCCESS,requestIndex=8
2023-04-27 07:11:47,578 [grpc-default-executor-2] TRACE util.FileUtils (LogUtils.java:runAndLog(49)) - Successfully ran Files.createDirectories /home/runner/work/ratis/ratis/ratis-test/target/test/data/a5c97c2c/MiniRaftClusterWithGrpc3f6ea9d5/s2/3a0ff405-0f10-426f-871f-5dd5de37e73e/tmp/snapshot-bcb2c273-46bc-4abf-9220-e2a34f10b0bd
2023-04-27 07:11:47,578 [grpc-default-executor-2] INFO  storage.SnapshotManager (SnapshotManager.java:installSnapshot(89)) - Installing snapshot:s0->s2#0-t1,chunk:bcb2c273-46bc-4abf-9220-e2a34f10b0bd,10, to tmp dir:/home/runner/work/ratis/ratis/ratis-test/target/test/data/a5c97c2c/MiniRaftClusterWithGrpc3f6ea9d5/s2/3a0ff405-0f10-426f-871f-5dd5de37e73e/tmp/snapshot-bcb2c273-46bc-4abf-9220-e2a34f10b0bd
2023-04-27 07:11:47,579 [grpc-default-executor-3] INFO  server.GrpcLogAppender (GrpcLogAppender.java:onNext(517)) - s0@group-5DD5DE37E73E->s1-InstallSnapshotResponseHandler: Completed InstallSnapshot. Reply: serverReply {
  requestorId: "s0"
  replyId: "s1"
  raftGroupId {
    id: ":\017\364\005\017\020Bo\207\037]\325\3367\347>"
  }
  success: true
}
term: 1
requestIndex: 8

2023-04-27 07:11:47,579 [grpc-default-executor-3] INFO  leader.FollowerInfo (FollowerInfoImpl.java:setAttemptedToInstallSnapshot(126)) - Follower s0@group-5DD5DE37E73E->s1 acknowledged installing snapshot
2023-04-27 07:11:47,579 [grpc-default-executor-2] TRACE util.FileUtils (LogUtils.java:runAndLog(49)) - Successfully ran Files.createDirectories /home/runner/work/ratis/ratis/ratis-test/target/test/data/a5c97c2c/MiniRaftClusterWithGrpc3f6ea9d5/s2/3a0ff405-0f10-426f-871f-5dd5de37e73e/tmp/snapshot-bcb2c273-46bc-4abf-9220-e2a34f10b0bd
2023-04-27 07:11:47,579 [grpc-default-executor-3] INFO  server.GrpcLogAppender (GrpcLogAppender.java:onNext(504)) - s0@group-5DD5DE37E73E->s1-InstallSnapshotResponseHandler: received a reply s0<-s1#0:OK-t1,SUCCESS,requestIndex=9
2023-04-27 07:11:47,579 [grpc-default-executor-3] INFO  server.GrpcLogAppender (GrpcLogAppender.java:onNext(517)) - s0@group-5DD5DE37E73E->s1-InstallSnapshotResponseHandler: Completed InstallSnapshot. Reply: serverReply {
  requestorId: "s0"
  replyId: "s1"
  raftGroupId {
    id: ":\017\364\005\017\020Bo\207\037]\325\3367\347>"
  }
  success: true
}
term: 1
requestIndex: 9

2023-04-27 07:11:47,579 [grpc-default-executor-3] INFO  leader.FollowerInfo (FollowerInfoImpl.java:setAttemptedToInstallSnapshot(126)) - Follower s0@group-5DD5DE37E73E->s1 acknowledged installing snapshot
2023-04-27 07:11:47,579 [grpc-default-executor-0] INFO  impl.SnapshotInstallationHandler (SnapshotInstallationHandler.java:installSnapshot(89)) - s1@group-5DD5DE37E73E: receive installSnapshot: s0->s1#0-t1,chunk:30824817-3ccd-45be-9c59-c2534cc1dfaf,10
2023-04-27 07:11:47,580 [grpc-default-executor-0] TRACE util.FileUtils (LogUtils.java:runAndLog(49)) - Successfully ran Files.createDirectories /home/runner/work/ratis/ratis/ratis-test/target/test/data/a5c97c2c/MiniRaftClusterWithGrpc3f6ea9d5/s1/3a0ff405-0f10-426f-871f-5dd5de37e73e/tmp/snapshot-30824817-3ccd-45be-9c59-c2534cc1dfaf
2023-04-27 07:11:47,580 [grpc-default-executor-0] INFO  storage.SnapshotManager (SnapshotManager.java:installSnapshot(89)) - Installing snapshot:s0->s1#0-t1,chunk:30824817-3ccd-45be-9c59-c2534cc1dfaf,10, to tmp dir:/home/runner/work/ratis/ratis/ratis-test/target/test/data/a5c97c2c/MiniRaftClusterWithGrpc3f6ea9d5/s1/3a0ff405-0f10-426f-871f-5dd5de37e73e/tmp/snapshot-30824817-3ccd-45be-9c59-c2534cc1dfaf
2023-04-27 07:11:47,580 [grpc-default-executor-0] TRACE util.FileUtils (LogUtils.java:runAndLog(49)) - Successfully ran Files.createDirectories /home/runner/work/ratis/ratis/ratis-test/target/test/data/a5c97c2c/MiniRaftClusterWithGrpc3f6ea9d5/s1/3a0ff405-0f10-426f-871f-5dd5de37e73e/tmp/snapshot-30824817-3ccd-45be-9c59-c2534cc1dfaf
2023-04-27 07:11:47,581 [grpc-default-executor-2] INFO  storage.SnapshotManager (SnapshotManager.java:rename(168)) - Installed snapshot, renaming temporary dir /home/runner/work/ratis/ratis/ratis-test/target/test/data/a5c97c2c/MiniRaftClusterWithGrpc3f6ea9d5/s2/3a0ff405-0f10-426f-871f-5dd5de37e73e/tmp/snapshot-bcb2c273-46bc-4abf-9220-e2a34f10b0bd to /home/runner/work/ratis/ratis/ratis-test/target/test/data/a5c97c2c/MiniRaftClusterWithGrpc3f6ea9d5/s2/3a0ff405-0f10-426f-871f-5dd5de37e73e/sm
2023-04-27 07:11:47,586 [grpc-default-executor-0] INFO  storage.SnapshotManager (SnapshotManager.java:rename(168)) - Installed snapshot, renaming temporary dir /home/runner/work/ratis/ratis/ratis-test/target/test/data/a5c97c2c/MiniRaftClusterWithGrpc3f6ea9d5/s1/3a0ff405-0f10-426f-871f-5dd5de37e73e/tmp/snapshot-30824817-3ccd-45be-9c59-c2534cc1dfaf to /home/runner/work/ratis/ratis/ratis-test/target/test/data/a5c97c2c/MiniRaftClusterWithGrpc3f6ea9d5/s1/3a0ff405-0f10-426f-871f-5dd5de37e73e/sm
2023-04-27 07:11:47,591 [grpc-default-executor-0] TRACE util.FileUtils (LogUtils.java:runAndLog(49)) - Successfully ran Atomic Files.move /home/runner/work/ratis/ratis/ratis-test/target/test/data/a5c97c2c/MiniRaftClusterWithGrpc3f6ea9d5/s1/3a0ff405-0f10-426f-871f-5dd5de37e73e/sm to /home/runner/work/ratis/ratis/ratis-test/target/test/data/a5c97c2c/MiniRaftClusterWithGrpc3f6ea9d5/s1/3a0ff405-0f10-426f-871f-5dd5de37e73e/sm.tmp20230427-071147_587
2023-04-27 07:11:47,591 [grpc-default-executor-0] TRACE util.FileUtils (LogUtils.java:runAndLog(49)) - Successfully ran Atomic Files.move /home/runner/work/ratis/ratis/ratis-test/target/test/data/a5c97c2c/MiniRaftClusterWithGrpc3f6ea9d5/s1/3a0ff405-0f10-426f-871f-5dd5de37e73e/tmp/snapshot-30824817-3ccd-45be-9c59-c2534cc1dfaf to /home/runner/work/ratis/ratis/ratis-test/target/test/data/a5c97c2c/MiniRaftClusterWithGrpc3f6ea9d5/s1/3a0ff405-0f10-426f-871f-5dd5de37e73e/sm
2023-04-27 07:11:47,591 [grpc-default-executor-0] TRACE util.FileUtils (FileUtils.java:deleteFully(201)) - deleteFully /home/runner/work/ratis/ratis/ratis-test/target/test/data/a5c97c2c/MiniRaftClusterWithGrpc3f6ea9d5/s1/3a0ff405-0f10-426f-871f-5dd5de37e73e/sm.tmp20230427-071147_587
2023-04-27 07:11:47,592 [grpc-default-executor-0] TRACE util.FileUtils (LogUtils.java:runAndLog(49)) - Successfully ran Files.delete /home/runner/work/ratis/ratis/ratis-test/target/test/data/a5c97c2c/MiniRaftClusterWithGrpc3f6ea9d5/s1/3a0ff405-0f10-426f-871f-5dd5de37e73e/sm.tmp20230427-071147_587
2023-04-27 07:11:47,593 [grpc-default-executor-2] TRACE util.FileUtils (LogUtils.java:runAndLog(49)) - Successfully ran Atomic Files.move /home/runner/work/ratis/ratis/ratis-test/target/test/data/a5c97c2c/MiniRaftClusterWithGrpc3f6ea9d5/s2/3a0ff405-0f10-426f-871f-5dd5de37e73e/sm to /home/runner/work/ratis/ratis/ratis-test/target/test/data/a5c97c2c/MiniRaftClusterWithGrpc3f6ea9d5/s2/3a0ff405-0f10-426f-871f-5dd5de37e73e/sm.tmp20230427-071147_586
2023-04-27 07:11:47,593 [grpc-default-executor-2] TRACE util.FileUtils (LogUtils.java:runAndLog(49)) - Successfully ran Atomic Files.move /home/runner/work/ratis/ratis/ratis-test/target/test/data/a5c97c2c/MiniRaftClusterWithGrpc3f6ea9d5/s2/3a0ff405-0f10-426f-871f-5dd5de37e73e/tmp/snapshot-bcb2c273-46bc-4abf-9220-e2a34f10b0bd to /home/runner/work/ratis/ratis/ratis-test/target/test/data/a5c97c2c/MiniRaftClusterWithGrpc3f6ea9d5/s2/3a0ff405-0f10-426f-871f-5dd5de37e73e/sm
2023-04-27 07:11:47,593 [grpc-default-executor-2] TRACE util.FileUtils (FileUtils.java:deleteFully(201)) - deleteFully /home/runner/work/ratis/ratis/ratis-test/target/test/data/a5c97c2c/MiniRaftClusterWithGrpc3f6ea9d5/s2/3a0ff405-0f10-426f-871f-5dd5de37e73e/sm.tmp20230427-071147_586
2023-04-27 07:11:47,593 [grpc-default-executor-2] TRACE util.FileUtils (LogUtils.java:runAndLog(49)) - Successfully ran Files.delete /home/runner/work/ratis/ratis/ratis-test/target/test/data/a5c97c2c/MiniRaftClusterWithGrpc3f6ea9d5/s2/3a0ff405-0f10-426f-871f-5dd5de37e73e/sm.tmp20230427-071147_586
2023-04-27 07:11:47,592 [grpc-default-executor-0] INFO  raftlog.RaftLog (RaftLogBase.java:lambda$new$0(53)) - s1@group-5DD5DE37E73E-SegmentedRaftLog: snapshotIndex: updateIncreasingly -1 -> 191
2023-04-27 07:11:47,593 [s1@group-5DD5DE37E73E-StateMachineUpdater] INFO  impl.SimpleStateMachine4Testing (SimpleStateMachine4Testing.java:reinitialize(236)) - Reinitializing StateMachineWithMultiNestedSnapshotFile:s1:group-5DD5DE37E73E
2023-04-27 07:11:47,593 [grpc-default-executor-0] INFO  segmented.SegmentedRaftLogWorker (SegmentedRaftLogWorker.java:lambda$new$0(134)) - s1@group-5DD5DE37E73E-SegmentedRaftLogWorker: flushIndex: setUnconditionally -1 -> 191
2023-04-27 07:11:47,593 [grpc-default-executor-0] INFO  segmented.SegmentedRaftLogWorker (SegmentedRaftLogWorker.java:lambda$new$0(134)) - s1@group-5DD5DE37E73E-SegmentedRaftLogWorker: safeCacheEvictIndex: setUnconditionally -1 -> 191
2023-04-27 07:11:47,594 [grpc-default-executor-0] INFO  impl.SnapshotInstallationHandler (SnapshotInstallationHandler.java:checkAndInstallSnapshot(194)) - s1@group-5DD5DE37E73E: successfully install the entire snapshot-191
2023-04-27 07:11:47,594 [s1@group-5DD5DE37E73E-StateMachineUpdater] INFO  impl.SimpleStateMachine4Testing (SimpleStateMachine4Testing.java:loadSnapshot(293)) - Loading snapshot SingleFileSnapshotInfo(t:1, i:191):[/home/runner/work/ratis/ratis/ratis-test/target/test/data/a5c97c2c/MiniRaftClusterWithGrpc3f6ea9d5/s1/3a0ff405-0f10-426f-871f-5dd5de37e73e/sm/snapshot.1_191]
2023-04-27 07:11:47,594 [grpc-default-executor-0] INFO  impl.SnapshotInstallationHandler (SnapshotInstallationHandler.java:installSnapshot(100)) - s1@group-5DD5DE37E73E: reply installSnapshot: s0<-s1#0:OK-t1,SUCCESS,requestIndex=10
2023-04-27 07:11:47,595 [grpc-default-executor-0] INFO  server.GrpcServerProtocolService (GrpcServerProtocolService.java:onCompleted(155)) - s1: Completed INSTALL_SNAPSHOT, lastRequest: s0->s1#0-t1,chunk:30824817-3ccd-45be-9c59-c2534cc1dfaf,10
2023-04-27 07:11:47,595 [grpc-default-executor-0] INFO  server.GrpcServerProtocolService (GrpcServerProtocolService.java:lambda$onCompleted$5(157)) - s1: Completed INSTALL_SNAPSHOT, lastReply: null
2023-04-27 07:11:47,596 [s2@group-5DD5DE37E73E-StateMachineUpdater] INFO  impl.SimpleStateMachine4Testing (SimpleStateMachine4Testing.java:reinitialize(236)) - Reinitializing StateMachineWithMultiNestedSnapshotFile:s2:group-5DD5DE37E73E
2023-04-27 07:11:47,596 [s1@group-5DD5DE37E73E-StateMachineUpdater] INFO  impl.SimpleStateMachine4Testing (SimpleStateMachine4Testing.java:put(205)) - s1: put 1, m0 -> (t:1, i:1), STATEMACHINELOGENTRY, 0@client-7D5FDF2F5A1F
2023-04-27 07:11:47,596 [s1@group-5DD5DE37E73E-StateMachineUpdater] INFO  impl.SimpleStateMachine4Testing (SimpleStateMachine4Testing.java:put(205)) - s1: put 3, m1 -> (t:1, i:3), STATEMACHINELOGENTRY, 1@client-7D5FDF2F5A1F
2023-04-27 07:11:47,596 [s2@group-5DD5DE37E73E-StateMachineUpdater] INFO  impl.SimpleStateMachine4Testing (SimpleStateMachine4Testing.java:loadSnapshot(293)) - Loading snapshot SingleFileSnapshotInfo(t:1, i:191):[/home/runner/work/ratis/ratis/ratis-test/target/test/data/a5c97c2c/MiniRaftClusterWithGrpc3f6ea9d5/s2/3a0ff405-0f10-426f-871f-5dd5de37e73e/sm/snapshot.1_191]
2023-04-27 07:11:47,596 [s1@group-5DD5DE37E73E-StateMachineUpdater] INFO  impl.SimpleStateMachine4Testing (SimpleStateMachine4Testing.java:put(205)) - s1: put 5, m2 -> (t:1, i:5), STATEMACHINELOGENTRY, 2@client-7D5FDF2F5A1F
2023-04-27 07:11:47,597 [s2@group-5DD5DE37E73E-StateMachineUpdater] INFO  impl.SimpleStateMachine4Testing (SimpleStateMachine4Testing.java:put(205)) - s2: put 1, m0 -> (t:1, i:1), STATEMACHINELOGENTRY, 0@client-7D5FDF2F5A1F
2023-04-27 07:11:47,597 [grpc-default-executor-3] INFO  server.GrpcLogAppender (GrpcLogAppender.java:onNext(504)) - s0@group-5DD5DE37E73E->s1-InstallSnapshotResponseHandler: received a reply s0<-s1#0:OK-t1,SUCCESS,requestIndex=10
2023-04-27 07:11:47,597 [s2@group-5DD5DE37E73E-StateMachineUpdater] INFO  impl.SimpleStateMachine4Testing (SimpleStateMachine4Testing.java:put(205)) - s2: put 3, m1 -> (t:1, i:3), STATEMACHINELOGENTRY, 1@client-7D5FDF2F5A1F
2023-04-27 07:11:47,597 [s2@group-5DD5DE37E73E-StateMachineUpdater] INFO  impl.SimpleStateMachine4Testing (SimpleStateMachine4Testing.java:put(205)) - s2: put 5, m2 -> (t:1, i:5), STATEMACHINELOGENTRY, 2@client-7D5FDF2F5A1F
2023-04-27 07:11:47,597 [grpc-default-executor-3] INFO  server.GrpcLogAppender (GrpcLogAppender.java:onNext(517)) - s0@group-5DD5DE37E73E->s1-InstallSnapshotResponseHandler: Completed InstallSnapshot. Reply: serverReply {
  requestorId: "s0"
  replyId: "s1"
  raftGroupId {
    id: ":\017\364\005\017\020Bo\207\037]\325\3367\347>"
  }
  success: true
}
term: 1
requestIndex: 10

2023-04-27 07:11:47,597 [grpc-default-executor-3] INFO  leader.FollowerInfo (FollowerInfoImpl.java:setAttemptedToInstallSnapshot(126)) - Follower s0@group-5DD5DE37E73E->s1 acknowledged installing snapshot
2023-04-27 07:11:47,597 [s2@group-5DD5DE37E73E-StateMachineUpdater] INFO  impl.SimpleStateMachine4Testing (SimpleStateMachine4Testing.java:put(205)) - s2: put 7, m3 -> (t:1, i:7), STATEMACHINELOGENTRY, 3@client-7D5FDF2F5A1F
2023-04-27 07:11:47,597 [s1@group-5DD5DE37E73E-StateMachineUpdater] INFO  impl.SimpleStateMachine4Testing (SimpleStateMachine4Testing.java:put(205)) - s1: put 7, m3 -> (t:1, i:7), STATEMACHINELOGENTRY, 3@client-7D5FDF2F5A1F
2023-04-27 07:11:47,598 [s1@group-5DD5DE37E73E-StateMachineUpdater] INFO  impl.SimpleStateMachine4Testing (SimpleStateMachine4Testing.java:put(205)) - s1: put 9, m4 -> (t:1, i:9), STATEMACHINELOGENTRY, 4@client-7D5FDF2F5A1F
2023-04-27 07:11:47,598 [s1@group-5DD5DE37E73E-StateMachineUpdater] INFO  impl.SimpleStateMachine4Testing (SimpleStateMachine4Testing.java:put(205)) - s1: put 11, m5 -> (t:1, i:11), STATEMACHINELOGENTRY, 5@client-7D5FDF2F5A1F
2023-04-27 07:11:47,598 [s1@group-5DD5DE37E73E-StateMachineUpdater] INFO  impl.SimpleStateMachine4Testing (SimpleStateMachine4Testing.java:put(205)) - s1: put 13, m6 -> (t:1, i:13), STATEMACHINELOGENTRY, 6@client-7D5FDF2F5A1F
2023-04-27 07:11:47,598 [s1@group-5DD5DE37E73E-StateMachineUpdater] INFO  impl.SimpleStateMachine4Testing (SimpleStateMachine4Testing.java:put(205)) - s1: put 15, m7 -> (t:1, i:15), STATEMACHINELOGENTRY, 7@client-7D5FDF2F5A1F
2023-04-27 07:11:47,598 [s1@group-5DD5DE37E73E-StateMachineUpdater] INFO  impl.SimpleStateMachine4Testing (SimpleStateMachine4Testing.java:put(205)) - s1: put 17, m8 -> (t:1, i:17), STATEMACHINELOGENTRY, 8@client-7D5FDF2F5A1F
2023-04-27 07:11:47,600 [s1@group-5DD5DE37E73E-StateMachineUpdater] INFO  impl.SimpleStateMachine4Testing (SimpleStateMachine4Testing.java:put(205)) - s1: put 19, m9 -> (t:1, i:19), STATEMACHINELOGENTRY, 9@client-7D5FDF2F5A1F
2023-04-27 07:11:47,601 [s1@group-5DD5DE37E73E-StateMachineUpdater] INFO  impl.SimpleStateMachine4Testing (SimpleStateMachine4Testing.java:put(205)) - s1: put 21, m10 -> (t:1, i:21), STATEMACHINELOGENTRY, 10@client-7D5FDF2F5A1F
2023-04-27 07:11:47,601 [s1@group-5DD5DE37E73E-StateMachineUpdater] INFO  impl.SimpleStateMachine4Testing (SimpleStateMachine4Testing.java:put(205)) - s1: put 23, m11 -> (t:1, i:23), STATEMACHINELOGENTRY, 11@client-7D5FDF2F5A1F
2023-04-27 07:11:47,601 [s1@group-5DD5DE37E73E-StateMachineUpdater] INFO  impl.SimpleStateMachine4Testing (SimpleStateMachine4Testing.java:put(205)) - s1: put 25, m12 -> (t:1, i:25), STATEMACHINELOGENTRY, 12@client-7D5FDF2F5A1F
2023-04-27 07:11:47,601 [s1@group-5DD5DE37E73E-StateMachineUpdater] INFO  impl.SimpleStateMachine4Testing (SimpleStateMachine4Testing.java:put(205)) - s1: put 27, m13 -> (t:1, i:27), STATEMACHINELOGENTRY, 13@client-7D5FDF2F5A1F
2023-04-27 07:11:47,601 [s1@group-5DD5DE37E73E-StateMachineUpdater] INFO  impl.SimpleStateMachine4Testing (SimpleStateMachine4Testing.java:put(205)) - s1: put 29, m14 -> (t:1, i:29), STATEMACHINELOGENTRY, 14@client-7D5FDF2F5A1F
2023-04-27 07:11:47,601 [s1@group-5DD5DE37E73E-StateMachineUpdater] INFO  impl.SimpleStateMachine4Testing (SimpleStateMachine4Testing.java:put(205)) - s1: put 31, m15 -> (t:1, i:31), STATEMACHINELOGENTRY, 15@client-7D5FDF2F5A1F
2023-04-27 07:11:47,601 [s1@group-5DD5DE37E73E-StateMachineUpdater] INFO  impl.SimpleStateMachine4Testing (SimpleStateMachine4Testing.java:put(205)) - s1: put 33, m16 -> (t:1, i:33), STATEMACHINELOGENTRY, 16@client-7D5FDF2F5A1F
2023-04-27 07:11:47,601 [s1@group-5DD5DE37E73E-StateMachineUpdater] INFO  impl.SimpleStateMachine4Testing (SimpleStateMachine4Testing.java:put(205)) - s1: put 35, m17 -> (t:1, i:35), STATEMACHINELOGENTRY, 17@client-7D5FDF2F5A1F
2023-04-27 07:11:47,602 [s1@group-5DD5DE37E73E-StateMachineUpdater] INFO  impl.SimpleStateMachine4Testing (SimpleStateMachine4Testing.java:put(205)) - s1: put 37, m18 -> (t:1, i:37), STATEMACHINELOGENTRY, 18@client-7D5FDF2F5A1F
2023-04-27 07:11:47,602 [s1@group-5DD5DE37E73E-StateMachineUpdater] INFO  impl.SimpleStateMachine4Testing (SimpleStateMachine4Testing.java:put(205)) - s1: put 39, m19 -> (t:1, i:39), STATEMACHINELOGENTRY, 19@client-7D5FDF2F5A1F
2023-04-27 07:11:47,602 [s1@group-5DD5DE37E73E-StateMachineUpdater] INFO  impl.SimpleStateMachine4Testing (SimpleStateMachine4Testing.java:put(205)) - s1: put 41, m20 -> (t:1, i:41), STATEMACHINELOGENTRY, 20@client-7D5FDF2F5A1F
2023-04-27 07:11:47,602 [s1@group-5DD5DE37E73E-StateMachineUpdater] INFO  impl.SimpleStateMachine4Testing (SimpleStateMachine4Testing.java:put(205)) - s1: put 43, m21 -> (t:1, i:43), STATEMACHINELOGENTRY, 21@client-7D5FDF2F5A1F
2023-04-27 07:11:47,602 [s1@group-5DD5DE37E73E-StateMachineUpdater] INFO  impl.SimpleStateMachine4Testing (SimpleStateMachine4Testing.java:put(205)) - s1: put 45, m22 -> (t:1, i:45), STATEMACHINELOGENTRY, 22@client-7D5FDF2F5A1F
2023-04-27 07:11:47,602 [s1@group-5DD5DE37E73E-StateMachineUpdater] INFO  impl.SimpleStateMachine4Testing (SimpleStateMachine4Testing.java:put(205)) - s1: put 47, m23 -> (t:1, i:47), STATEMACHINELOGENTRY, 23@client-7D5FDF2F5A1F
2023-04-27 07:11:47,602 [s1@group-5DD5DE37E73E-StateMachineUpdater] INFO  impl.SimpleStateMachine4Testing (SimpleStateMachine4Testing.java:put(205)) - s1: put 49, m24 -> (t:1, i:49), STATEMACHINELOGENTRY, 24@client-7D5FDF2F5A1F
2023-04-27 07:11:47,602 [s1@group-5DD5DE37E73E-StateMachineUpdater] INFO  impl.SimpleStateMachine4Testing (SimpleStateMachine4Testing.java:put(205)) - s1: put 51, m25 -> (t:1, i:51), STATEMACHINELOGENTRY, 25@client-7D5FDF2F5A1F
2023-04-27 07:11:47,603 [s1@group-5DD5DE37E73E-StateMachineUpdater] INFO  impl.SimpleStateMachine4Testing (SimpleStateMachine4Testing.java:put(205)) - s1: put 53, m26 -> (t:1, i:53), STATEMACHINELOGENTRY, 26@client-7D5FDF2F5A1F
2023-04-27 07:11:47,603 [s1@group-5DD5DE37E73E-StateMachineUpdater] INFO  impl.SimpleStateMachine4Testing (SimpleStateMachine4Testing.java:put(205)) - s1: put 55, m27 -> (t:1, i:55), STATEMACHINELOGENTRY, 27@client-7D5FDF2F5A1F
2023-04-27 07:11:47,597 [grpc-default-executor-2] INFO  raftlog.RaftLog (RaftLogBase.java:lambda$new$0(53)) - s2@group-5DD5DE37E73E-SegmentedRaftLog: snapshotIndex: updateIncreasingly -1 -> 191
2023-04-27 07:11:47,597 [s2@group-5DD5DE37E73E-StateMachineUpdater] INFO  impl.SimpleStateMachine4Testing (SimpleStateMachine4Testing.java:put(205)) - s2: put 9, m4 -> (t:1, i:9), STATEMACHINELOGENTRY, 4@client-7D5FDF2F5A1F
2023-04-27 07:11:47,603 [s2@group-5DD5DE37E73E-StateMachineUpdater] INFO  impl.SimpleStateMachine4Testing (SimpleStateMachine4Testing.java:put(205)) - s2: put 11, m5 -> (t:1, i:11), STATEMACHINELOGENTRY, 5@client-7D5FDF2F5A1F
2023-04-27 07:11:47,603 [s2@group-5DD5DE37E73E-StateMachineUpdater] INFO  impl.SimpleStateMachine4Testing (SimpleStateMachine4Testing.java:put(205)) - s2: put 13, m6 -> (t:1, i:13), STATEMACHINELOGENTRY, 6@client-7D5FDF2F5A1F
2023-04-27 07:11:47,603 [s2@group-5DD5DE37E73E-StateMachineUpdater] INFO  impl.SimpleStateMachine4Testing (SimpleStateMachine4Testing.java:put(205)) - s2: put 15, m7 -> (t:1, i:15), STATEMACHINELOGENTRY, 7@client-7D5FDF2F5A1F
2023-04-27 07:11:47,603 [s2@group-5DD5DE37E73E-StateMachineUpdater] INFO  impl.SimpleStateMachine4Testing (SimpleStateMachine4Testing.java:put(205)) - s2: put 17, m8 -> (t:1, i:17), STATEMACHINELOGENTRY, 8@client-7D5FDF2F5A1F
2023-04-27 07:11:47,603 [s2@group-5DD5DE37E73E-StateMachineUpdater] INFO  impl.SimpleStateMachine4Testing (SimpleStateMachine4Testing.java:put(205)) - s2: put 19, m9 -> (t:1, i:19), STATEMACHINELOGENTRY, 9@client-7D5FDF2F5A1F
2023-04-27 07:11:47,604 [s2@group-5DD5DE37E73E-StateMachineUpdater] INFO  impl.SimpleStateMachine4Testing (SimpleStateMachine4Testing.java:put(205)) - s2: put 21, m10 -> (t:1, i:21), STATEMACHINELOGENTRY, 10@client-7D5FDF2F5A1F
2023-04-27 07:11:47,604 [s2@group-5DD5DE37E73E-StateMachineUpdater] INFO  impl.SimpleStateMachine4Testing (SimpleStateMachine4Testing.java:put(205)) - s2: put 23, m11 -> (t:1, i:23), STATEMACHINELOGENTRY, 11@client-7D5FDF2F5A1F
2023-04-27 07:11:47,597 [grpc-default-executor-3] INFO  server.GrpcLogAppender (GrpcLogAppender.java:onCompleted(582)) - s0@group-5DD5DE37E73E->s1-InstallSnapshotResponseHandler: follower responded installSnapshot COMPLETED
2023-04-27 07:11:47,604 [s0@group-5DD5DE37E73E->s1-GrpcLogAppender-LogAppenderDaemon] INFO  leader.FollowerInfo (FollowerInfoImpl.java:lambda$new$0(52)) - s0@group-5DD5DE37E73E->s1: snapshotIndex: setUnconditionally 0 -> 191
2023-04-27 07:11:47,604 [s0@group-5DD5DE37E73E->s1-GrpcLogAppender-LogAppenderDaemon] INFO  leader.FollowerInfo (FollowerInfoImpl.java:lambda$new$0(52)) - s0@group-5DD5DE37E73E->s1: matchIndex: setUnconditionally -1 -> 191
2023-04-27 07:11:47,604 [s0@group-5DD5DE37E73E->s1-GrpcLogAppender-LogAppenderDaemon] INFO  leader.FollowerInfo (FollowerInfoImpl.java:lambda$new$0(52)) - s0@group-5DD5DE37E73E->s1: nextIndex: setUnconditionally 0 -> 192
2023-04-27 07:11:47,604 [s0@group-5DD5DE37E73E->s1-GrpcLogAppender-LogAppenderDaemon] INFO  server.GrpcLogAppender (GrpcLogAppender.java:installSnapshot(637)) - s0@group-5DD5DE37E73E->s1-GrpcLogAppender: installed snapshot FileListSnapshotInfo(t:1, i:191):[/home/runner/work/ratis/ratis/ratis-test/target/test/data/a5c97c2c/MiniRaftClusterWithGrpc3f6ea9d5/s0/3a0ff405-0f10-426f-871f-5dd5de37e73e/sm/snapshot/1.bin, /home/runner/work/ratis/ratis/ratis-test/target/test/data/a5c97c2c/MiniRaftClusterWithGrpc3f6ea9d5/s0/3a0ff405-0f10-426f-871f-5dd5de37e73e/sm/snapshot/sub/2.bin, /home/runner/work/ratis/ratis/ratis-test/target/test/data/a5c97c2c/MiniRaftClusterWithGrpc3f6ea9d5/s0/3a0ff405-0f10-426f-871f-5dd5de37e73e/sm/snapshot.1_191] successfully
2023-04-27 07:11:47,610 [s2@group-5DD5DE37E73E-StateMachineUpdater] INFO  impl.SimpleStateMachine4Testing (SimpleStateMachine4Testing.java:put(205)) - s2: put 25, m12 -> (t:1, i:25), STATEMACHINELOGENTRY, 12@client-7D5FDF2F5A1F
2023-04-27 07:11:47,610 [s2@group-5DD5DE37E73E-StateMachineUpdater] INFO  impl.SimpleStateMachine4Testing (SimpleStateMachine4Testing.java:put(205)) - s2: put 27, m13 -> (t:1, i:27), STATEMACHINELOGENTRY, 13@client-7D5FDF2F5A1F
2023-04-27 07:11:47,610 [s2@group-5DD5DE37E73E-StateMachineUpdater] INFO  impl.SimpleStateMachine4Testing (SimpleStateMachine4Testing.java:put(205)) - s2: put 29, m14 -> (t:1, i:29), STATEMACHINELOGENTRY, 14@client-7D5FDF2F5A1F
2023-04-27 07:11:47,610 [s2@group-5DD5DE37E73E-StateMachineUpdater] INFO  impl.SimpleStateMachine4Testing (SimpleStateMachine4Testing.java:put(205)) - s2: put 31, m15 -> (t:1, i:31), STATEMACHINELOGENTRY, 15@client-7D5FDF2F5A1F
2023-04-27 07:11:47,610 [s2@group-5DD5DE37E73E-StateMachineUpdater] INFO  impl.SimpleStateMachine4Testing (SimpleStateMachine4Testing.java:put(205)) - s2: put 33, m16 -> (t:1, i:33), STATEMACHINELOGENTRY, 16@client-7D5FDF2F5A1F
2023-04-27 07:11:47,610 [s2@group-5DD5DE37E73E-StateMachineUpdater] INFO  impl.SimpleStateMachine4Testing (SimpleStateMachine4Testing.java:put(205)) - s2: put 35, m17 -> (t:1, i:35), STATEMACHINELOGENTRY, 17@client-7D5FDF2F5A1F
2023-04-27 07:11:47,611 [s2@group-5DD5DE37E73E-StateMachineUpdater] INFO  impl.SimpleStateMachine4Testing (SimpleStateMachine4Testing.java:put(205)) - s2: put 37, m18 -> (t:1, i:37), STATEMACHINELOGENTRY, 18@client-7D5FDF2F5A1F
2023-04-27 07:11:47,611 [s2@group-5DD5DE37E73E-StateMachineUpdater] INFO  impl.SimpleStateMachine4Testing (SimpleStateMachine4Testing.java:put(205)) - s2: put 39, m19 -> (t:1, i:39), STATEMACHINELOGENTRY, 19@client-7D5FDF2F5A1F
2023-04-27 07:11:47,611 [s2@group-5DD5DE37E73E-StateMachineUpdater] INFO  impl.SimpleStateMachine4Testing (SimpleStateMachine4Testing.java:put(205)) - s2: put 41, m20 -> (t:1, i:41), STATEMACHINELOGENTRY, 20@client-7D5FDF2F5A1F
2023-04-27 07:11:47,611 [s2@group-5DD5DE37E73E-StateMachineUpdater] INFO  impl.SimpleStateMachine4Testing (SimpleStateMachine4Testing.java:put(205)) - s2: put 43, m21 -> (t:1, i:43), STATEMACHINELOGENTRY, 21@client-7D5FDF2F5A1F
2023-04-27 07:11:47,611 [s2@group-5DD5DE37E73E-StateMachineUpdater] INFO  impl.SimpleStateMachine4Testing (SimpleStateMachine4Testing.java:put(205)) - s2: put 45, m22 -> (t:1, i:45), STATEMACHINELOGENTRY, 22@client-7D5FDF2F5A1F
2023-04-27 07:11:47,611 [s2@group-5DD5DE37E73E-StateMachineUpdater] INFO  impl.SimpleStateMachine4Testing (SimpleStateMachine4Testing.java:put(205)) - s2: put 47, m23 -> (t:1, i:47), STATEMACHINELOGENTRY, 23@client-7D5FDF2F5A1F
2023-04-27 07:11:47,611 [s2@group-5DD5DE37E73E-StateMachineUpdater] INFO  impl.SimpleStateMachine4Testing (SimpleStateMachine4Testing.java:put(205)) - s2: put 49, m24 -> (t:1, i:49), STATEMACHINELOGENTRY, 24@client-7D5FDF2F5A1F
2023-04-27 07:11:47,611 [s2@group-5DD5DE37E73E-StateMachineUpdater] INFO  impl.SimpleStateMachine4Testing (SimpleStateMachine4Testing.java:put(205)) - s2: put 51, m25 -> (t:1, i:51), STATEMACHINELOGENTRY, 25@client-7D5FDF2F5A1F
2023-04-27 07:11:47,611 [s2@group-5DD5DE37E73E-StateMachineUpdater] INFO  impl.SimpleStateMachine4Testing (SimpleStateMachine4Testing.java:put(205)) - s2: put 53, m26 -> (t:1, i:53), STATEMACHINELOGENTRY, 26@client-7D5FDF2F5A1F
2023-04-27 07:11:47,611 [s2@group-5DD5DE37E73E-StateMachineUpdater] INFO  impl.SimpleStateMachine4Testing (SimpleStateMachine4Testing.java:put(205)) - s2: put 55, m27 -> (t:1, i:55), STATEMACHINELOGENTRY, 27@client-7D5FDF2F5A1F
2023-04-27 07:11:47,612 [s2@group-5DD5DE37E73E-StateMachineUpdater] INFO  impl.SimpleStateMachine4Testing (SimpleStateMachine4Testing.java:put(205)) - s2: put 57, m28 -> (t:1, i:57), STATEMACHINELOGENTRY, 28@client-7D5FDF2F5A1F
2023-04-27 07:11:47,612 [s2@group-5DD5DE37E73E-StateMachineUpdater] INFO  impl.SimpleStateMachine4Testing (SimpleStateMachine4Testing.java:put(205)) - s2: put 59, m29 -> (t:1, i:59), STATEMACHINELOGENTRY, 29@client-7D5FDF2F5A1F
2023-04-27 07:11:47,612 [s2@group-5DD5DE37E73E-StateMachineUpdater] INFO  impl.SimpleStateMachine4Testing (SimpleStateMachine4Testing.java:put(205)) - s2: put 61, m30 -> (t:1, i:61), STATEMACHINELOGENTRY, 30@client-7D5FDF2F5A1F
2023-04-27 07:11:47,612 [s2@group-5DD5DE37E73E-StateMachineUpdater] INFO  impl.SimpleStateMachine4Testing (SimpleStateMachine4Testing.java:put(205)) - s2: put 63, m31 -> (t:1, i:63), STATEMACHINELOGENTRY, 31@client-7D5FDF2F5A1F
2023-04-27 07:11:47,612 [s2@group-5DD5DE37E73E-StateMachineUpdater] INFO  impl.SimpleStateMachine4Testing (SimpleStateMachine4Testing.java:put(205)) - s2: put 65, m32 -> (t:1, i:65), STATEMACHINELOGENTRY, 32@client-7D5FDF2F5A1F
2023-04-27 07:11:47,612 [s2@group-5DD5DE37E73E-StateMachineUpdater] INFO  impl.SimpleStateMachine4Testing (SimpleStateMachine4Testing.java:put(205)) - s2: put 67, m33 -> (t:1, i:67), STATEMACHINELOGENTRY, 33@client-7D5FDF2F5A1F
2023-04-27 07:11:47,612 [s2@group-5DD5DE37E73E-StateMachineUpdater] INFO  impl.SimpleStateMachine4Testing (SimpleStateMachine4Testing.java:put(205)) - s2: put 69, m34 -> (t:1, i:69), STATEMACHINELOGENTRY, 34@client-7D5FDF2F5A1F
2023-04-27 07:11:47,612 [s2@group-5DD5DE37E73E-StateMachineUpdater] INFO  impl.SimpleStateMachine4Testing (SimpleStateMachine4Testing.java:put(205)) - s2: put 71, m35 -> (t:1, i:71), STATEMACHINELOGENTRY, 35@client-7D5FDF2F5A1F
2023-04-27 07:11:47,612 [s2@group-5DD5DE37E73E-StateMachineUpdater] INFO  impl.SimpleStateMachine4Testing (SimpleStateMachine4Testing.java:put(205)) - s2: put 73, m36 -> (t:1, i:73), STATEMACHINELOGENTRY, 36@client-7D5FDF2F5A1F
2023-04-27 07:11:47,613 [s2@group-5DD5DE37E73E-StateMachineUpdater] INFO  impl.SimpleStateMachine4Testing (SimpleStateMachine4Testing.java:put(205)) - s2: put 75, m37 -> (t:1, i:75), STATEMACHINELOGENTRY, 37@client-7D5FDF2F5A1F
2023-04-27 07:11:47,613 [s2@group-5DD5DE37E73E-StateMachineUpdater] INFO  impl.SimpleStateMachine4Testing (SimpleStateMachine4Testing.java:put(205)) - s2: put 77, m38 -> (t:1, i:77), STATEMACHINELOGENTRY, 38@client-7D5FDF2F5A1F
2023-04-27 07:11:47,613 [s2@group-5DD5DE37E73E-StateMachineUpdater] INFO  impl.SimpleStateMachine4Testing (SimpleStateMachine4Testing.java:put(205)) - s2: put 79, m39 -> (t:1, i:79), STATEMACHINELOGENTRY, 39@client-7D5FDF2F5A1F
2023-04-27 07:11:47,613 [s2@group-5DD5DE37E73E-StateMachineUpdater] INFO  impl.SimpleStateMachine4Testing (SimpleStateMachine4Testing.java:put(205)) - s2: put 81, m40 -> (t:1, i:81), STATEMACHINELOGENTRY, 40@client-7D5FDF2F5A1F
2023-04-27 07:11:47,613 [s2@group-5DD5DE37E73E-StateMachineUpdater] INFO  impl.SimpleStateMachine4Testing (SimpleStateMachine4Testing.java:put(205)) - s2: put 83, m41 -> (t:1, i:83), STATEMACHINELOGENTRY, 41@client-7D5FDF2F5A1F
2023-04-27 07:11:47,613 [s2@group-5DD5DE37E73E-StateMachineUpdater] INFO  impl.SimpleStateMachine4Testing (SimpleStateMachine4Testing.java:put(205)) - s2: put 85, m42 -> (t:1, i:85), STATEMACHINELOGENTRY, 42@client-7D5FDF2F5A1F
2023-04-27 07:11:47,613 [s2@group-5DD5DE37E73E-StateMachineUpdater] INFO  impl.SimpleStateMachine4Testing (SimpleStateMachine4Testing.java:put(205)) - s2: put 87, m43 -> (t:1, i:87), STATEMACHINELOGENTRY, 43@client-7D5FDF2F5A1F
2023-04-27 07:11:47,613 [s2@group-5DD5DE37E73E-StateMachineUpdater] INFO  impl.SimpleStateMachine4Testing (SimpleStateMachine4Testing.java:put(205)) - s2: put 89, m44 -> (t:1, i:89), STATEMACHINELOGENTRY, 44@client-7D5FDF2F5A1F
2023-04-27 07:11:47,613 [s2@group-5DD5DE37E73E-StateMachineUpdater] INFO  impl.SimpleStateMachine4Testing (SimpleStateMachine4Testing.java:put(205)) - s2: put 91, m45 -> (t:1, i:91), STATEMACHINELOGENTRY, 45@client-7D5FDF2F5A1F
2023-04-27 07:11:47,614 [s2@group-5DD5DE37E73E-StateMachineUpdater] INFO  impl.SimpleStateMachine4Testing (SimpleStateMachine4Testing.java:put(205)) - s2: put 93, m46 -> (t:1, i:93), STATEMACHINELOGENTRY, 46@client-7D5FDF2F5A1F
2023-04-27 07:11:47,614 [s2@group-5DD5DE37E73E-StateMachineUpdater] INFO  impl.SimpleStateMachine4Testing (SimpleStateMachine4Testing.java:put(205)) - s2: put 95, m47 -> (t:1, i:95), STATEMACHINELOGENTRY, 47@client-7D5FDF2F5A1F
2023-04-27 07:11:47,614 [s2@group-5DD5DE37E73E-StateMachineUpdater] INFO  impl.SimpleStateMachine4Testing (SimpleStateMachine4Testing.java:put(205)) - s2: put 97, m48 -> (t:1, i:97), STATEMACHINELOGENTRY, 48@client-7D5FDF2F5A1F
2023-04-27 07:11:47,614 [s2@group-5DD5DE37E73E-StateMachineUpdater] INFO  impl.SimpleStateMachine4Testing (SimpleStateMachine4Testing.java:put(205)) - s2: put 99, m49 -> (t:1, i:99), STATEMACHINELOGENTRY, 49@client-7D5FDF2F5A1F
2023-04-27 07:11:47,614 [s2@group-5DD5DE37E73E-StateMachineUpdater] INFO  impl.SimpleStateMachine4Testing (SimpleStateMachine4Testing.java:put(205)) - s2: put 101, m50 -> (t:1, i:101), STATEMACHINELOGENTRY, 50@client-7D5FDF2F5A1F
2023-04-27 07:11:47,614 [s2@group-5DD5DE37E73E-StateMachineUpdater] INFO  impl.SimpleStateMachine4Testing (SimpleStateMachine4Testing.java:put(205)) - s2: put 103, m51 -> (t:1, i:103), STATEMACHINELOGENTRY, 51@client-7D5FDF2F5A1F
2023-04-27 07:11:47,616 [s2@group-5DD5DE37E73E-StateMachineUpdater] INFO  impl.SimpleStateMachine4Testing (SimpleStateMachine4Testing.java:put(205)) - s2: put 105, m52 -> (t:1, i:105), STATEMACHINELOGENTRY, 52@client-7D5FDF2F5A1F
2023-04-27 07:11:47,616 [s2@group-5DD5DE37E73E-StateMachineUpdater] INFO  impl.SimpleStateMachine4Testing (SimpleStateMachine4Testing.java:put(205)) - s2: put 107, m53 -> (t:1, i:107), STATEMACHINELOGENTRY, 53@client-7D5FDF2F5A1F
2023-04-27 07:11:47,616 [s2@group-5DD5DE37E73E-StateMachineUpdater] INFO  impl.SimpleStateMachine4Testing (SimpleStateMachine4Testing.java:put(205)) - s2: put 109, m54 -> (t:1, i:109), STATEMACHINELOGENTRY, 54@client-7D5FDF2F5A1F
2023-04-27 07:11:47,616 [grpc-default-executor-2] INFO  segmented.SegmentedRaftLogWorker (SegmentedRaftLogWorker.java:lambda$new$0(134)) - s2@group-5DD5DE37E73E-SegmentedRaftLogWorker: flushIndex: setUnconditionally -1 -> 191
2023-04-27 07:11:47,616 [grpc-default-executor-2] INFO  segmented.SegmentedRaftLogWorker (SegmentedRaftLogWorker.java:lambda$new$0(134)) - s2@group-5DD5DE37E73E-SegmentedRaftLogWorker: safeCacheEvictIndex: setUnconditionally -1 -> 191
2023-04-27 07:11:47,617 [grpc-default-executor-2] INFO  impl.SnapshotInstallationHandler (SnapshotInstallationHandler.java:checkAndInstallSnapshot(194)) - s2@group-5DD5DE37E73E: successfully install the entire snapshot-191
2023-04-27 07:11:47,617 [grpc-default-executor-2] INFO  impl.SnapshotInstallationHandler (SnapshotInstallationHandler.java:installSnapshot(100)) - s2@group-5DD5DE37E73E: reply installSnapshot: s0<-s2#0:OK-t1,SUCCESS,requestIndex=10
2023-04-27 07:11:47,617 [grpc-default-executor-3] INFO  server.GrpcLogAppender (GrpcLogAppender.java:onNext(504)) - s0@group-5DD5DE37E73E->s2-InstallSnapshotResponseHandler: received a reply s0<-s2#0:OK-t1,SUCCESS,requestIndex=10
2023-04-27 07:11:47,618 [grpc-default-executor-3] INFO  server.GrpcLogAppender (GrpcLogAppender.java:onNext(517)) - s0@group-5DD5DE37E73E->s2-InstallSnapshotResponseHandler: Completed InstallSnapshot. Reply: serverReply {
  requestorId: "s0"
  replyId: "s2"
  raftGroupId {
    id: ":\017\364\005\017\020Bo\207\037]\325\3367\347>"
  }
  success: true
}
term: 1
requestIndex: 10

2023-04-27 07:11:47,618 [grpc-default-executor-3] INFO  leader.FollowerInfo (FollowerInfoImpl.java:setAttemptedToInstallSnapshot(126)) - Follower s0@group-5DD5DE37E73E->s2 acknowledged installing snapshot
2023-04-27 07:11:47,616 [s2@group-5DD5DE37E73E-StateMachineUpdater] INFO  impl.SimpleStateMachine4Testing (SimpleStateMachine4Testing.java:put(205)) - s2: put 111, m55 -> (t:1, i:111), STATEMACHINELOGENTRY, 55@client-7D5FDF2F5A1F
2023-04-27 07:11:47,618 [s2@group-5DD5DE37E73E-StateMachineUpdater] INFO  impl.SimpleStateMachine4Testing (SimpleStateMachine4Testing.java:put(205)) - s2: put 113, m56 -> (t:1, i:113), STATEMACHINELOGENTRY, 56@client-7D5FDF2F5A1F
2023-04-27 07:11:47,618 [s2@group-5DD5DE37E73E-StateMachineUpdater] INFO  impl.SimpleStateMachine4Testing (SimpleStateMachine4Testing.java:put(205)) - s2: put 115, m57 -> (t:1, i:115), STATEMACHINELOGENTRY, 57@client-7D5FDF2F5A1F
2023-04-27 07:11:47,618 [s2@group-5DD5DE37E73E-StateMachineUpdater] INFO  impl.SimpleStateMachine4Testing (SimpleStateMachine4Testing.java:put(205)) - s2: put 117, m58 -> (t:1, i:117), STATEMACHINELOGENTRY, 58@client-7D5FDF2F5A1F
2023-04-27 07:11:47,620 [s2@group-5DD5DE37E73E-StateMachineUpdater] INFO  impl.SimpleStateMachine4Testing (SimpleStateMachine4Testing.java:put(205)) - s2: put 119, m59 -> (t:1, i:119), STATEMACHINELOGENTRY, 59@client-7D5FDF2F5A1F
2023-04-27 07:11:47,620 [s2@group-5DD5DE37E73E-StateMachineUpdater] INFO  impl.SimpleStateMachine4Testing (SimpleStateMachine4Testing.java:put(205)) - s2: put 121, m60 -> (t:1, i:121), STATEMACHINELOGENTRY, 60@client-7D5FDF2F5A1F
2023-04-27 07:11:47,620 [s2@group-5DD5DE37E73E-StateMachineUpdater] INFO  impl.SimpleStateMachine4Testing (SimpleStateMachine4Testing.java:put(205)) - s2: put 123, m61 -> (t:1, i:123), STATEMACHINELOGENTRY, 61@client-7D5FDF2F5A1F
2023-04-27 07:11:47,620 [s2@group-5DD5DE37E73E-StateMachineUpdater] INFO  impl.SimpleStateMachine4Testing (SimpleStateMachine4Testing.java:put(205)) - s2: put 125, m62 -> (t:1, i:125), STATEMACHINELOGENTRY, 62@client-7D5FDF2F5A1F
2023-04-27 07:11:47,620 [s2@group-5DD5DE37E73E-StateMachineUpdater] INFO  impl.SimpleStateMachine4Testing (SimpleStateMachine4Testing.java:put(205)) - s2: put 127, m63 -> (t:1, i:127), STATEMACHINELOGENTRY, 63@client-7D5FDF2F5A1F
2023-04-27 07:11:47,620 [s2@group-5DD5DE37E73E-StateMachineUpdater] INFO  impl.SimpleStateMachine4Testing (SimpleStateMachine4Testing.java:put(205)) - s2: put 129, m64 -> (t:1, i:129), STATEMACHINELOGENTRY, 64@client-7D5FDF2F5A1F
2023-04-27 07:11:47,621 [s2@group-5DD5DE37E73E-StateMachineUpdater] INFO  impl.SimpleStateMachine4Testing (SimpleStateMachine4Testing.java:put(205)) - s2: put 131, m65 -> (t:1, i:131), STATEMACHINELOGENTRY, 65@client-7D5FDF2F5A1F
2023-04-27 07:11:47,621 [s2@group-5DD5DE37E73E-StateMachineUpdater] INFO  impl.SimpleStateMachine4Testing (SimpleStateMachine4Testing.java:put(205)) - s2: put 133, m66 -> (t:1, i:133), STATEMACHINELOGENTRY, 66@client-7D5FDF2F5A1F
2023-04-27 07:11:47,621 [s2@group-5DD5DE37E73E-StateMachineUpdater] INFO  impl.SimpleStateMachine4Testing (SimpleStateMachine4Testing.java:put(205)) - s2: put 135, m67 -> (t:1, i:135), STATEMACHINELOGENTRY, 67@client-7D5FDF2F5A1F
2023-04-27 07:11:47,621 [s2@group-5DD5DE37E73E-StateMachineUpdater] INFO  impl.SimpleStateMachine4Testing (SimpleStateMachine4Testing.java:put(205)) - s2: put 137, m68 -> (t:1, i:137), STATEMACHINELOGENTRY, 68@client-7D5FDF2F5A1F
2023-04-27 07:11:47,621 [s2@group-5DD5DE37E73E-StateMachineUpdater] INFO  impl.SimpleStateMachine4Testing (SimpleStateMachine4Testing.java:put(205)) - s2: put 139, m69 -> (t:1, i:139), STATEMACHINELOGENTRY, 69@client-7D5FDF2F5A1F
2023-04-27 07:11:47,621 [s2@group-5DD5DE37E73E-StateMachineUpdater] INFO  impl.SimpleStateMachine4Testing (SimpleStateMachine4Testing.java:put(205)) - s2: put 141, m70 -> (t:1, i:141), STATEMACHINELOGENTRY, 70@client-7D5FDF2F5A1F
2023-04-27 07:11:47,621 [s2@group-5DD5DE37E73E-StateMachineUpdater] INFO  impl.SimpleStateMachine4Testing (SimpleStateMachine4Testing.java:put(205)) - s2: put 143, m71 -> (t:1, i:143), STATEMACHINELOGENTRY, 71@client-7D5FDF2F5A1F
2023-04-27 07:11:47,621 [s2@group-5DD5DE37E73E-StateMachineUpdater] INFO  impl.SimpleStateMachine4Testing (SimpleStateMachine4Testing.java:put(205)) - s2: put 145, m72 -> (t:1, i:145), STATEMACHINELOGENTRY, 72@client-7D5FDF2F5A1F
2023-04-27 07:11:47,621 [s2@group-5DD5DE37E73E-StateMachineUpdater] INFO  impl.SimpleStateMachine4Testing (SimpleStateMachine4Testing.java:put(205)) - s2: put 147, m73 -> (t:1, i:147), STATEMACHINELOGENTRY, 73@client-7D5FDF2F5A1F
2023-04-27 07:11:47,622 [s2@group-5DD5DE37E73E-StateMachineUpdater] INFO  impl.SimpleStateMachine4Testing (SimpleStateMachine4Testing.java:put(205)) - s2: put 149, m74 -> (t:1, i:149), STATEMACHINELOGENTRY, 74@client-7D5FDF2F5A1F
2023-04-27 07:11:47,622 [s2@group-5DD5DE37E73E-StateMachineUpdater] INFO  impl.SimpleStateMachine4Testing (SimpleStateMachine4Testing.java:put(205)) - s2: put 151, m75 -> (t:1, i:151), STATEMACHINELOGENTRY, 75@client-7D5FDF2F5A1F
2023-04-27 07:11:47,622 [s2@group-5DD5DE37E73E-StateMachineUpdater] INFO  impl.SimpleStateMachine4Testing (SimpleStateMachine4Testing.java:put(205)) - s2: put 153, m76 -> (t:1, i:153), STATEMACHINELOGENTRY, 76@client-7D5FDF2F5A1F
2023-04-27 07:11:47,622 [s2@group-5DD5DE37E73E-StateMachineUpdater] INFO  impl.SimpleStateMachine4Testing (SimpleStateMachine4Testing.java:put(205)) - s2: put 155, m77 -> (t:1, i:155), STATEMACHINELOGENTRY, 77@client-7D5FDF2F5A1F
2023-04-27 07:11:47,622 [s2@group-5DD5DE37E73E-StateMachineUpdater] INFO  impl.SimpleStateMachine4Testing (SimpleStateMachine4Testing.java:put(205)) - s2: put 157, m78 -> (t:1, i:157), STATEMACHINELOGENTRY, 78@client-7D5FDF2F5A1F
2023-04-27 07:11:47,622 [s2@group-5DD5DE37E73E-StateMachineUpdater] INFO  impl.SimpleStateMachine4Testing (SimpleStateMachine4Testing.java:put(205)) - s2: put 159, m79 -> (t:1, i:159), STATEMACHINELOGENTRY, 79@client-7D5FDF2F5A1F
2023-04-27 07:11:47,622 [s2@group-5DD5DE37E73E-StateMachineUpdater] INFO  impl.SimpleStateMachine4Testing (SimpleStateMachine4Testing.java:put(205)) - s2: put 161, m80 -> (t:1, i:161), STATEMACHINELOGENTRY, 80@client-7D5FDF2F5A1F
2023-04-27 07:11:47,622 [s2@group-5DD5DE37E73E-StateMachineUpdater] INFO  impl.SimpleStateMachine4Testing (SimpleStateMachine4Testing.java:put(205)) - s2: put 163, m81 -> (t:1, i:163), STATEMACHINELOGENTRY, 81@client-7D5FDF2F5A1F
2023-04-27 07:11:47,622 [s2@group-5DD5DE37E73E-StateMachineUpdater] INFO  impl.SimpleStateMachine4Testing (SimpleStateMachine4Testing.java:put(205)) - s2: put 165, m82 -> (t:1, i:165), STATEMACHINELOGENTRY, 82@client-7D5FDF2F5A1F
2023-04-27 07:11:47,622 [s2@group-5DD5DE37E73E-StateMachineUpdater] INFO  impl.SimpleStateMachine4Testing (SimpleStateMachine4Testing.java:put(205)) - s2: put 167, m83 -> (t:1, i:167), STATEMACHINELOGENTRY, 83@client-7D5FDF2F5A1F
2023-04-27 07:11:47,623 [s2@group-5DD5DE37E73E-StateMachineUpdater] INFO  impl.SimpleStateMachine4Testing (SimpleStateMachine4Testing.java:put(205)) - s2: put 169, m84 -> (t:1, i:169), STATEMACHINELOGENTRY, 84@client-7D5FDF2F5A1F
2023-04-27 07:11:47,623 [s2@group-5DD5DE37E73E-StateMachineUpdater] INFO  impl.SimpleStateMachine4Testing (SimpleStateMachine4Testing.java:put(205)) - s2: put 171, m85 -> (t:1, i:171), STATEMACHINELOGENTRY, 85@client-7D5FDF2F5A1F
2023-04-27 07:11:47,623 [s2@group-5DD5DE37E73E-StateMachineUpdater] INFO  impl.SimpleStateMachine4Testing (SimpleStateMachine4Testing.java:put(205)) - s2: put 173, m86 -> (t:1, i:173), STATEMACHINELOGENTRY, 86@client-7D5FDF2F5A1F
2023-04-27 07:11:47,623 [s2@group-5DD5DE37E73E-StateMachineUpdater] INFO  impl.SimpleStateMachine4Testing (SimpleStateMachine4Testing.java:put(205)) - s2: put 175, m87 -> (t:1, i:175), STATEMACHINELOGENTRY, 87@client-7D5FDF2F5A1F
2023-04-27 07:11:47,623 [s2@group-5DD5DE37E73E-StateMachineUpdater] INFO  impl.SimpleStateMachine4Testing (SimpleStateMachine4Testing.java:put(205)) - s2: put 177, m88 -> (t:1, i:177), STATEMACHINELOGENTRY, 88@client-7D5FDF2F5A1F
2023-04-27 07:11:47,623 [s2@group-5DD5DE37E73E-StateMachineUpdater] INFO  impl.SimpleStateMachine4Testing (SimpleStateMachine4Testing.java:put(205)) - s2: put 179, m89 -> (t:1, i:179), STATEMACHINELOGENTRY, 89@client-7D5FDF2F5A1F
2023-04-27 07:11:47,623 [s2@group-5DD5DE37E73E-StateMachineUpdater] INFO  impl.SimpleStateMachine4Testing (SimpleStateMachine4Testing.java:put(205)) - s2: put 181, m90 -> (t:1, i:181), STATEMACHINELOGENTRY, 90@client-7D5FDF2F5A1F
2023-04-27 07:11:47,623 [s2@group-5DD5DE37E73E-StateMachineUpdater] INFO  impl.SimpleStateMachine4Testing (SimpleStateMachine4Testing.java:put(205)) - s2: put 183, m91 -> (t:1, i:183), STATEMACHINELOGENTRY, 91@client-7D5FDF2F5A1F
2023-04-27 07:11:47,623 [s2@group-5DD5DE37E73E-StateMachineUpdater] INFO  impl.SimpleStateMachine4Testing (SimpleStateMachine4Testing.java:put(205)) - s2: put 185, m92 -> (t:1, i:185), STATEMACHINELOGENTRY, 92@client-7D5FDF2F5A1F
2023-04-27 07:11:47,624 [s2@group-5DD5DE37E73E-StateMachineUpdater] INFO  impl.SimpleStateMachine4Testing (SimpleStateMachine4Testing.java:put(205)) - s2: put 187, m93 -> (t:1, i:187), STATEMACHINELOGENTRY, 93@client-7D5FDF2F5A1F
2023-04-27 07:11:47,624 [s2@group-5DD5DE37E73E-StateMachineUpdater] INFO  impl.SimpleStateMachine4Testing (SimpleStateMachine4Testing.java:put(205)) - s2: put 189, m94 -> (t:1, i:189), STATEMACHINELOGENTRY, 94@client-7D5FDF2F5A1F
2023-04-27 07:11:47,624 [s2@group-5DD5DE37E73E-StateMachineUpdater] INFO  impl.SimpleStateMachine4Testing (SimpleStateMachine4Testing.java:put(205)) - s2: put 191, m95 -> (t:1, i:191), STATEMACHINELOGENTRY, 95@client-7D5FDF2F5A1F
2023-04-27 07:11:47,616 [s1@group-5DD5DE37E73E-StateMachineUpdater] INFO  impl.SimpleStateMachine4Testing (SimpleStateMachine4Testing.java:put(205)) - s1: put 57, m28 -> (t:1, i:57), STATEMACHINELOGENTRY, 28@client-7D5FDF2F5A1F
2023-04-27 07:11:47,625 [s1@group-5DD5DE37E73E-StateMachineUpdater] INFO  impl.SimpleStateMachine4Testing (SimpleStateMachine4Testing.java:put(205)) - s1: put 59, m29 -> (t:1, i:59), STATEMACHINELOGENTRY, 29@client-7D5FDF2F5A1F
2023-04-27 07:11:47,625 [s1@group-5DD5DE37E73E-StateMachineUpdater] INFO  impl.SimpleStateMachine4Testing (SimpleStateMachine4Testing.java:put(205)) - s1: put 61, m30 -> (t:1, i:61), STATEMACHINELOGENTRY, 30@client-7D5FDF2F5A1F
2023-04-27 07:11:47,625 [s1@group-5DD5DE37E73E-StateMachineUpdater] INFO  impl.SimpleStateMachine4Testing (SimpleStateMachine4Testing.java:put(205)) - s1: put 63, m31 -> (t:1, i:63), STATEMACHINELOGENTRY, 31@client-7D5FDF2F5A1F
2023-04-27 07:11:47,625 [s1@group-5DD5DE37E73E-StateMachineUpdater] INFO  impl.SimpleStateMachine4Testing (SimpleStateMachine4Testing.java:put(205)) - s1: put 65, m32 -> (t:1, i:65), STATEMACHINELOGENTRY, 32@client-7D5FDF2F5A1F
2023-04-27 07:11:47,625 [s1@group-5DD5DE37E73E-StateMachineUpdater] INFO  impl.SimpleStateMachine4Testing (SimpleStateMachine4Testing.java:put(205)) - s1: put 67, m33 -> (t:1, i:67), STATEMACHINELOGENTRY, 33@client-7D5FDF2F5A1F
2023-04-27 07:11:47,625 [s1@group-5DD5DE37E73E-StateMachineUpdater] INFO  impl.SimpleStateMachine4Testing (SimpleStateMachine4Testing.java:put(205)) - s1: put 69, m34 -> (t:1, i:69), STATEMACHINELOGENTRY, 34@client-7D5FDF2F5A1F
2023-04-27 07:11:47,625 [s1@group-5DD5DE37E73E-StateMachineUpdater] INFO  impl.SimpleStateMachine4Testing (SimpleStateMachine4Testing.java:put(205)) - s1: put 71, m35 -> (t:1, i:71), STATEMACHINELOGENTRY, 35@client-7D5FDF2F5A1F
2023-04-27 07:11:47,618 [grpc-default-executor-2] INFO  server.GrpcServerProtocolService (GrpcServerProtocolService.java:onCompleted(155)) - s2: Completed INSTALL_SNAPSHOT, lastRequest: s0->s2#0-t1,chunk:bcb2c273-46bc-4abf-9220-e2a34f10b0bd,10
2023-04-27 07:11:47,629 [grpc-default-executor-2] INFO  server.GrpcServerProtocolService (GrpcServerProtocolService.java:lambda$onCompleted$5(157)) - s2: Completed INSTALL_SNAPSHOT, lastReply: null
2023-04-27 07:11:47,629 [grpc-default-executor-3] INFO  server.GrpcLogAppender (GrpcLogAppender.java:onCompleted(582)) - s0@group-5DD5DE37E73E->s2-InstallSnapshotResponseHandler: follower responded installSnapshot COMPLETED
2023-04-27 07:11:47,630 [s0@group-5DD5DE37E73E->s2-GrpcLogAppender-LogAppenderDaemon] INFO  leader.FollowerInfo (FollowerInfoImpl.java:lambda$new$0(52)) - s0@group-5DD5DE37E73E->s2: snapshotIndex: setUnconditionally 0 -> 191
2023-04-27 07:11:47,630 [s0@group-5DD5DE37E73E->s2-GrpcLogAppender-LogAppenderDaemon] INFO  leader.FollowerInfo (FollowerInfoImpl.java:lambda$new$0(52)) - s0@group-5DD5DE37E73E->s2: matchIndex: setUnconditionally -1 -> 191
2023-04-27 07:11:47,630 [s1@group-5DD5DE37E73E-StateMachineUpdater] INFO  impl.SimpleStateMachine4Testing (SimpleStateMachine4Testing.java:put(205)) - s1: put 73, m36 -> (t:1, i:73), STATEMACHINELOGENTRY, 36@client-7D5FDF2F5A1F
2023-04-27 07:11:47,630 [s0@group-5DD5DE37E73E->s2-GrpcLogAppender-LogAppenderDaemon] INFO  leader.FollowerInfo (FollowerInfoImpl.java:lambda$new$0(52)) - s0@group-5DD5DE37E73E->s2: nextIndex: setUnconditionally 0 -> 192
2023-04-27 07:11:47,630 [s0@group-5DD5DE37E73E->s2-GrpcLogAppender-LogAppenderDaemon] INFO  server.GrpcLogAppender (GrpcLogAppender.java:installSnapshot(637)) - s0@group-5DD5DE37E73E->s2-GrpcLogAppender: installed snapshot FileListSnapshotInfo(t:1, i:191):[/home/runner/work/ratis/ratis/ratis-test/target/test/data/a5c97c2c/MiniRaftClusterWithGrpc3f6ea9d5/s0/3a0ff405-0f10-426f-871f-5dd5de37e73e/sm/snapshot/1.bin, /home/runner/work/ratis/ratis/ratis-test/target/test/data/a5c97c2c/MiniRaftClusterWithGrpc3f6ea9d5/s0/3a0ff405-0f10-426f-871f-5dd5de37e73e/sm/snapshot/sub/2.bin, /home/runner/work/ratis/ratis/ratis-test/target/test/data/a5c97c2c/MiniRaftClusterWithGrpc3f6ea9d5/s0/3a0ff405-0f10-426f-871f-5dd5de37e73e/sm/snapshot.1_191] successfully
2023-04-27 07:11:47,630 [s1@group-5DD5DE37E73E-StateMachineUpdater] INFO  impl.SimpleStateMachine4Testing (SimpleStateMachine4Testing.java:put(205)) - s1: put 75, m37 -> (t:1, i:75), STATEMACHINELOGENTRY, 37@client-7D5FDF2F5A1F
2023-04-27 07:11:47,630 [s1@group-5DD5DE37E73E-StateMachineUpdater] INFO  impl.SimpleStateMachine4Testing (SimpleStateMachine4Testing.java:put(205)) - s1: put 77, m38 -> (t:1, i:77), STATEMACHINELOGENTRY, 38@client-7D5FDF2F5A1F
2023-04-27 07:11:47,630 [s1@group-5DD5DE37E73E-StateMachineUpdater] INFO  impl.SimpleStateMachine4Testing (SimpleStateMachine4Testing.java:put(205)) - s1: put 79, m39 -> (t:1, i:79), STATEMACHINELOGENTRY, 39@client-7D5FDF2F5A1F
2023-04-27 07:11:47,631 [s1@group-5DD5DE37E73E-StateMachineUpdater] INFO  impl.SimpleStateMachine4Testing (SimpleStateMachine4Testing.java:put(205)) - s1: put 81, m40 -> (t:1, i:81), STATEMACHINELOGENTRY, 40@client-7D5FDF2F5A1F
2023-04-27 07:11:47,632 [s1@group-5DD5DE37E73E-StateMachineUpdater] INFO  impl.SimpleStateMachine4Testing (SimpleStateMachine4Testing.java:put(205)) - s1: put 83, m41 -> (t:1, i:83), STATEMACHINELOGENTRY, 41@client-7D5FDF2F5A1F
2023-04-27 07:11:47,632 [s1@group-5DD5DE37E73E-StateMachineUpdater] INFO  impl.SimpleStateMachine4Testing (SimpleStateMachine4Testing.java:put(205)) - s1: put 85, m42 -> (t:1, i:85), STATEMACHINELOGENTRY, 42@client-7D5FDF2F5A1F
2023-04-27 07:11:47,632 [s1@group-5DD5DE37E73E-StateMachineUpdater] INFO  impl.SimpleStateMachine4Testing (SimpleStateMachine4Testing.java:put(205)) - s1: put 87, m43 -> (t:1, i:87), STATEMACHINELOGENTRY, 43@client-7D5FDF2F5A1F
2023-04-27 07:11:47,632 [s1@group-5DD5DE37E73E-StateMachineUpdater] INFO  impl.SimpleStateMachine4Testing (SimpleStateMachine4Testing.java:put(205)) - s1: put 89, m44 -> (t:1, i:89), STATEMACHINELOGENTRY, 44@client-7D5FDF2F5A1F
2023-04-27 07:11:47,632 [s1@group-5DD5DE37E73E-StateMachineUpdater] INFO  impl.SimpleStateMachine4Testing (SimpleStateMachine4Testing.java:put(205)) - s1: put 91, m45 -> (t:1, i:91), STATEMACHINELOGENTRY, 45@client-7D5FDF2F5A1F
2023-04-27 07:11:47,632 [s1@group-5DD5DE37E73E-StateMachineUpdater] INFO  impl.SimpleStateMachine4Testing (SimpleStateMachine4Testing.java:put(205)) - s1: put 93, m46 -> (t:1, i:93), STATEMACHINELOGENTRY, 46@client-7D5FDF2F5A1F
2023-04-27 07:11:47,632 [s1@group-5DD5DE37E73E-StateMachineUpdater] INFO  impl.SimpleStateMachine4Testing (SimpleStateMachine4Testing.java:put(205)) - s1: put 95, m47 -> (t:1, i:95), STATEMACHINELOGENTRY, 47@client-7D5FDF2F5A1F
2023-04-27 07:11:47,632 [s1@group-5DD5DE37E73E-StateMachineUpdater] INFO  impl.SimpleStateMachine4Testing (SimpleStateMachine4Testing.java:put(205)) - s1: put 97, m48 -> (t:1, i:97), STATEMACHINELOGENTRY, 48@client-7D5FDF2F5A1F
2023-04-27 07:11:47,632 [s1@group-5DD5DE37E73E-StateMachineUpdater] INFO  impl.SimpleStateMachine4Testing (SimpleStateMachine4Testing.java:put(205)) - s1: put 99, m49 -> (t:1, i:99), STATEMACHINELOGENTRY, 49@client-7D5FDF2F5A1F
2023-04-27 07:11:47,633 [s1@group-5DD5DE37E73E-StateMachineUpdater] INFO  impl.SimpleStateMachine4Testing (SimpleStateMachine4Testing.java:put(205)) - s1: put 101, m50 -> (t:1, i:101), STATEMACHINELOGENTRY, 50@client-7D5FDF2F5A1F
2023-04-27 07:11:47,633 [s1@group-5DD5DE37E73E-StateMachineUpdater] INFO  impl.SimpleStateMachine4Testing (SimpleStateMachine4Testing.java:put(205)) - s1: put 103, m51 -> (t:1, i:103), STATEMACHINELOGENTRY, 51@client-7D5FDF2F5A1F
2023-04-27 07:11:47,633 [s1@group-5DD5DE37E73E-StateMachineUpdater] INFO  impl.SimpleStateMachine4Testing (SimpleStateMachine4Testing.java:put(205)) - s1: put 105, m52 -> (t:1, i:105), STATEMACHINELOGENTRY, 52@client-7D5FDF2F5A1F
2023-04-27 07:11:47,633 [s1@group-5DD5DE37E73E-StateMachineUpdater] INFO  impl.SimpleStateMachine4Testing (SimpleStateMachine4Testing.java:put(205)) - s1: put 107, m53 -> (t:1, i:107), STATEMACHINELOGENTRY, 53@client-7D5FDF2F5A1F
2023-04-27 07:11:47,633 [s1@group-5DD5DE37E73E-StateMachineUpdater] INFO  impl.SimpleStateMachine4Testing (SimpleStateMachine4Testing.java:put(205)) - s1: put 109, m54 -> (t:1, i:109), STATEMACHINELOGENTRY, 54@client-7D5FDF2F5A1F
2023-04-27 07:11:47,633 [s1@group-5DD5DE37E73E-StateMachineUpdater] INFO  impl.SimpleStateMachine4Testing (SimpleStateMachine4Testing.java:put(205)) - s1: put 111, m55 -> (t:1, i:111), STATEMACHINELOGENTRY, 55@client-7D5FDF2F5A1F
2023-04-27 07:11:47,633 [s1@group-5DD5DE37E73E-StateMachineUpdater] INFO  impl.SimpleStateMachine4Testing (SimpleStateMachine4Testing.java:put(205)) - s1: put 113, m56 -> (t:1, i:113), STATEMACHINELOGENTRY, 56@client-7D5FDF2F5A1F
2023-04-27 07:11:47,633 [s1@group-5DD5DE37E73E-StateMachineUpdater] INFO  impl.SimpleStateMachine4Testing (SimpleStateMachine4Testing.java:put(205)) - s1: put 115, m57 -> (t:1, i:115), STATEMACHINELOGENTRY, 57@client-7D5FDF2F5A1F
2023-04-27 07:11:47,633 [s1@group-5DD5DE37E73E-StateMachineUpdater] INFO  impl.SimpleStateMachine4Testing (SimpleStateMachine4Testing.java:put(205)) - s1: put 117, m58 -> (t:1, i:117), STATEMACHINELOGENTRY, 58@client-7D5FDF2F5A1F
2023-04-27 07:11:47,633 [s1@group-5DD5DE37E73E-StateMachineUpdater] INFO  impl.SimpleStateMachine4Testing (SimpleStateMachine4Testing.java:put(205)) - s1: put 119, m59 -> (t:1, i:119), STATEMACHINELOGENTRY, 59@client-7D5FDF2F5A1F
2023-04-27 07:11:47,633 [s1@group-5DD5DE37E73E-StateMachineUpdater] INFO  impl.SimpleStateMachine4Testing (SimpleStateMachine4Testing.java:put(205)) - s1: put 121, m60 -> (t:1, i:121), STATEMACHINELOGENTRY, 60@client-7D5FDF2F5A1F
2023-04-27 07:11:47,634 [s1@group-5DD5DE37E73E-StateMachineUpdater] INFO  impl.SimpleStateMachine4Testing (SimpleStateMachine4Testing.java:put(205)) - s1: put 123, m61 -> (t:1, i:123), STATEMACHINELOGENTRY, 61@client-7D5FDF2F5A1F
2023-04-27 07:11:47,634 [s1@group-5DD5DE37E73E-StateMachineUpdater] INFO  impl.SimpleStateMachine4Testing (SimpleStateMachine4Testing.java:put(205)) - s1: put 125, m62 -> (t:1, i:125), STATEMACHINELOGENTRY, 62@client-7D5FDF2F5A1F
2023-04-27 07:11:47,634 [s1@group-5DD5DE37E73E-StateMachineUpdater] INFO  impl.SimpleStateMachine4Testing (SimpleStateMachine4Testing.java:put(205)) - s1: put 127, m63 -> (t:1, i:127), STATEMACHINELOGENTRY, 63@client-7D5FDF2F5A1F
2023-04-27 07:11:47,634 [s1@group-5DD5DE37E73E-StateMachineUpdater] INFO  impl.SimpleStateMachine4Testing (SimpleStateMachine4Testing.java:put(205)) - s1: put 129, m64 -> (t:1, i:129), STATEMACHINELOGENTRY, 64@client-7D5FDF2F5A1F
2023-04-27 07:11:47,634 [s1@group-5DD5DE37E73E-StateMachineUpdater] INFO  impl.SimpleStateMachine4Testing (SimpleStateMachine4Testing.java:put(205)) - s1: put 131, m65 -> (t:1, i:131), STATEMACHINELOGENTRY, 65@client-7D5FDF2F5A1F
2023-04-27 07:11:47,634 [s1@group-5DD5DE37E73E-StateMachineUpdater] INFO  impl.SimpleStateMachine4Testing (SimpleStateMachine4Testing.java:put(205)) - s1: put 133, m66 -> (t:1, i:133), STATEMACHINELOGENTRY, 66@client-7D5FDF2F5A1F
2023-04-27 07:11:47,634 [s1@group-5DD5DE37E73E-StateMachineUpdater] INFO  impl.SimpleStateMachine4Testing (SimpleStateMachine4Testing.java:put(205)) - s1: put 135, m67 -> (t:1, i:135), STATEMACHINELOGENTRY, 67@client-7D5FDF2F5A1F
2023-04-27 07:11:47,634 [s1@group-5DD5DE37E73E-StateMachineUpdater] INFO  impl.SimpleStateMachine4Testing (SimpleStateMachine4Testing.java:put(205)) - s1: put 137, m68 -> (t:1, i:137), STATEMACHINELOGENTRY, 68@client-7D5FDF2F5A1F
2023-04-27 07:11:47,634 [s1@group-5DD5DE37E73E-StateMachineUpdater] INFO  impl.SimpleStateMachine4Testing (SimpleStateMachine4Testing.java:put(205)) - s1: put 139, m69 -> (t:1, i:139), STATEMACHINELOGENTRY, 69@client-7D5FDF2F5A1F
2023-04-27 07:11:47,635 [s1@group-5DD5DE37E73E-StateMachineUpdater] INFO  impl.SimpleStateMachine4Testing (SimpleStateMachine4Testing.java:put(205)) - s1: put 141, m70 -> (t:1, i:141), STATEMACHINELOGENTRY, 70@client-7D5FDF2F5A1F
2023-04-27 07:11:47,635 [s1@group-5DD5DE37E73E-StateMachineUpdater] INFO  impl.SimpleStateMachine4Testing (SimpleStateMachine4Testing.java:put(205)) - s1: put 143, m71 -> (t:1, i:143), STATEMACHINELOGENTRY, 71@client-7D5FDF2F5A1F
2023-04-27 07:11:47,635 [s1@group-5DD5DE37E73E-StateMachineUpdater] INFO  impl.SimpleStateMachine4Testing (SimpleStateMachine4Testing.java:put(205)) - s1: put 145, m72 -> (t:1, i:145), STATEMACHINELOGENTRY, 72@client-7D5FDF2F5A1F
2023-04-27 07:11:47,635 [s1@group-5DD5DE37E73E-StateMachineUpdater] INFO  impl.SimpleStateMachine4Testing (SimpleStateMachine4Testing.java:put(205)) - s1: put 147, m73 -> (t:1, i:147), STATEMACHINELOGENTRY, 73@client-7D5FDF2F5A1F
2023-04-27 07:11:47,635 [s1@group-5DD5DE37E73E-StateMachineUpdater] INFO  impl.SimpleStateMachine4Testing (SimpleStateMachine4Testing.java:put(205)) - s1: put 149, m74 -> (t:1, i:149), STATEMACHINELOGENTRY, 74@client-7D5FDF2F5A1F
2023-04-27 07:11:47,635 [s1@group-5DD5DE37E73E-StateMachineUpdater] INFO  impl.SimpleStateMachine4Testing (SimpleStateMachine4Testing.java:put(205)) - s1: put 151, m75 -> (t:1, i:151), STATEMACHINELOGENTRY, 75@client-7D5FDF2F5A1F
2023-04-27 07:11:47,635 [s1@group-5DD5DE37E73E-StateMachineUpdater] INFO  impl.SimpleStateMachine4Testing (SimpleStateMachine4Testing.java:put(205)) - s1: put 153, m76 -> (t:1, i:153), STATEMACHINELOGENTRY, 76@client-7D5FDF2F5A1F
2023-04-27 07:11:47,635 [s1@group-5DD5DE37E73E-StateMachineUpdater] INFO  impl.SimpleStateMachine4Testing (SimpleStateMachine4Testing.java:put(205)) - s1: put 155, m77 -> (t:1, i:155), STATEMACHINELOGENTRY, 77@client-7D5FDF2F5A1F
2023-04-27 07:11:47,635 [s1@group-5DD5DE37E73E-StateMachineUpdater] INFO  impl.SimpleStateMachine4Testing (SimpleStateMachine4Testing.java:put(205)) - s1: put 157, m78 -> (t:1, i:157), STATEMACHINELOGENTRY, 78@client-7D5FDF2F5A1F
2023-04-27 07:11:47,635 [s1@group-5DD5DE37E73E-StateMachineUpdater] INFO  impl.SimpleStateMachine4Testing (SimpleStateMachine4Testing.java:put(205)) - s1: put 159, m79 -> (t:1, i:159), STATEMACHINELOGENTRY, 79@client-7D5FDF2F5A1F
2023-04-27 07:11:47,636 [s1@group-5DD5DE37E73E-StateMachineUpdater] INFO  impl.SimpleStateMachine4Testing (SimpleStateMachine4Testing.java:put(205)) - s1: put 161, m80 -> (t:1, i:161), STATEMACHINELOGENTRY, 80@client-7D5FDF2F5A1F
2023-04-27 07:11:47,636 [s1@group-5DD5DE37E73E-StateMachineUpdater] INFO  impl.SimpleStateMachine4Testing (SimpleStateMachine4Testing.java:put(205)) - s1: put 163, m81 -> (t:1, i:163), STATEMACHINELOGENTRY, 81@client-7D5FDF2F5A1F
2023-04-27 07:11:47,636 [s1@group-5DD5DE37E73E-StateMachineUpdater] INFO  impl.SimpleStateMachine4Testing (SimpleStateMachine4Testing.java:put(205)) - s1: put 165, m82 -> (t:1, i:165), STATEMACHINELOGENTRY, 82@client-7D5FDF2F5A1F
2023-04-27 07:11:47,636 [s1@group-5DD5DE37E73E-StateMachineUpdater] INFO  impl.SimpleStateMachine4Testing (SimpleStateMachine4Testing.java:put(205)) - s1: put 167, m83 -> (t:1, i:167), STATEMACHINELOGENTRY, 83@client-7D5FDF2F5A1F
2023-04-27 07:11:47,636 [s1@group-5DD5DE37E73E-StateMachineUpdater] INFO  impl.SimpleStateMachine4Testing (SimpleStateMachine4Testing.java:put(205)) - s1: put 169, m84 -> (t:1, i:169), STATEMACHINELOGENTRY, 84@client-7D5FDF2F5A1F
2023-04-27 07:11:47,636 [s1@group-5DD5DE37E73E-StateMachineUpdater] INFO  impl.SimpleStateMachine4Testing (SimpleStateMachine4Testing.java:put(205)) - s1: put 171, m85 -> (t:1, i:171), STATEMACHINELOGENTRY, 85@client-7D5FDF2F5A1F
2023-04-27 07:11:47,636 [s1@group-5DD5DE37E73E-StateMachineUpdater] INFO  impl.SimpleStateMachine4Testing (SimpleStateMachine4Testing.java:put(205)) - s1: put 173, m86 -> (t:1, i:173), STATEMACHINELOGENTRY, 86@client-7D5FDF2F5A1F
2023-04-27 07:11:47,636 [s1@group-5DD5DE37E73E-StateMachineUpdater] INFO  impl.SimpleStateMachine4Testing (SimpleStateMachine4Testing.java:put(205)) - s1: put 175, m87 -> (t:1, i:175), STATEMACHINELOGENTRY, 87@client-7D5FDF2F5A1F
2023-04-27 07:11:47,636 [s1@group-5DD5DE37E73E-StateMachineUpdater] INFO  impl.SimpleStateMachine4Testing (SimpleStateMachine4Testing.java:put(205)) - s1: put 177, m88 -> (t:1, i:177), STATEMACHINELOGENTRY, 88@client-7D5FDF2F5A1F
2023-04-27 07:11:47,636 [s1@group-5DD5DE37E73E-StateMachineUpdater] INFO  impl.SimpleStateMachine4Testing (SimpleStateMachine4Testing.java:put(205)) - s1: put 179, m89 -> (t:1, i:179), STATEMACHINELOGENTRY, 89@client-7D5FDF2F5A1F
2023-04-27 07:11:47,637 [s1@group-5DD5DE37E73E-StateMachineUpdater] INFO  impl.SimpleStateMachine4Testing (SimpleStateMachine4Testing.java:put(205)) - s1: put 181, m90 -> (t:1, i:181), STATEMACHINELOGENTRY, 90@client-7D5FDF2F5A1F
2023-04-27 07:11:47,637 [s1@group-5DD5DE37E73E-StateMachineUpdater] INFO  impl.SimpleStateMachine4Testing (SimpleStateMachine4Testing.java:put(205)) - s1: put 183, m91 -> (t:1, i:183), STATEMACHINELOGENTRY, 91@client-7D5FDF2F5A1F
2023-04-27 07:11:47,637 [s1@group-5DD5DE37E73E-StateMachineUpdater] INFO  impl.SimpleStateMachine4Testing (SimpleStateMachine4Testing.java:put(205)) - s1: put 185, m92 -> (t:1, i:185), STATEMACHINELOGENTRY, 92@client-7D5FDF2F5A1F
2023-04-27 07:11:47,637 [s1@group-5DD5DE37E73E-StateMachineUpdater] INFO  impl.SimpleStateMachine4Testing (SimpleStateMachine4Testing.java:put(205)) - s1: put 187, m93 -> (t:1, i:187), STATEMACHINELOGENTRY, 93@client-7D5FDF2F5A1F
2023-04-27 07:11:47,637 [s1@group-5DD5DE37E73E-StateMachineUpdater] INFO  impl.SimpleStateMachine4Testing (SimpleStateMachine4Testing.java:put(205)) - s1: put 189, m94 -> (t:1, i:189), STATEMACHINELOGENTRY, 94@client-7D5FDF2F5A1F
2023-04-27 07:11:47,637 [s1@group-5DD5DE37E73E-StateMachineUpdater] INFO  impl.SimpleStateMachine4Testing (SimpleStateMachine4Testing.java:put(205)) - s1: put 191, m95 -> (t:1, i:191), STATEMACHINELOGENTRY, 95@client-7D5FDF2F5A1F
2023-04-27 07:11:47,637 [s1@group-5DD5DE37E73E-StateMachineUpdater] INFO  impl.StateMachineUpdater (StateMachineUpdater.java:lambda$new$0(96)) - s1@group-5DD5DE37E73E-StateMachineUpdater: snapshotIndex: setUnconditionally -1 -> 191
2023-04-27 07:11:47,637 [s1@group-5DD5DE37E73E-StateMachineUpdater] INFO  impl.StateMachineUpdater (StateMachineUpdater.java:lambda$new$0(96)) - s1@group-5DD5DE37E73E-StateMachineUpdater: appliedIndex: setUnconditionally -1 -> 191
2023-04-27 07:11:47,624 [s2@group-5DD5DE37E73E-StateMachineUpdater] INFO  impl.StateMachineUpdater (StateMachineUpdater.java:lambda$new$0(96)) - s2@group-5DD5DE37E73E-StateMachineUpdater: snapshotIndex: setUnconditionally -1 -> 191
2023-04-27 07:11:47,638 [s2@group-5DD5DE37E73E-StateMachineUpdater] INFO  impl.StateMachineUpdater (StateMachineUpdater.java:lambda$new$0(96)) - s2@group-5DD5DE37E73E-StateMachineUpdater: appliedIndex: setUnconditionally -1 -> 191
2023-04-27 07:11:47,649 [s1-server-thread1] INFO  server.RaftServer$Division (ServerState.java:setRaftConf(377)) - s1@group-5DD5DE37E73E: set configuration 255: peers:[s0|rpc:localhost:35955|admin:localhost:34135|client:localhost:36731|dataStream:localhost:43117|priority:0|startupRole:FOLLOWER, s1|rpc:0.0.0.0:42905|dataStream:|priority:0|startupRole:FOLLOWER, s2|rpc:0.0.0.0:43905|dataStream:|priority:0|startupRole:FOLLOWER]|listeners:[], old=peers:[s0|rpc:localhost:35955|admin:localhost:34135|client:localhost:36731|dataStream:localhost:43117|priority:0|startupRole:FOLLOWER]|listeners:[]
2023-04-27 07:11:47,649 [s1-server-thread1] INFO  segmented.SegmentedRaftLogWorker (SegmentedRaftLogWorker.java:startLogSegment(426)) - s1@group-5DD5DE37E73E-SegmentedRaftLogWorker: Starting segment from index:192
2023-04-27 07:11:47,654 [s2-server-thread1] INFO  server.RaftServer$Division (ServerState.java:setRaftConf(377)) - s2@group-5DD5DE37E73E: set configuration 255: peers:[s0|rpc:localhost:35955|admin:localhost:34135|client:localhost:36731|dataStream:localhost:43117|priority:0|startupRole:FOLLOWER, s1|rpc:0.0.0.0:42905|dataStream:|priority:0|startupRole:FOLLOWER, s2|rpc:0.0.0.0:43905|dataStream:|priority:0|startupRole:FOLLOWER]|listeners:[], old=peers:[s0|rpc:localhost:35955|admin:localhost:34135|client:localhost:36731|dataStream:localhost:43117|priority:0|startupRole:FOLLOWER]|listeners:[]
2023-04-27 07:11:47,657 [s2-server-thread1] INFO  segmented.SegmentedRaftLogWorker (SegmentedRaftLogWorker.java:startLogSegment(426)) - s2@group-5DD5DE37E73E-SegmentedRaftLogWorker: Starting segment from index:192
2023-04-27 07:11:47,667 [s1@group-5DD5DE37E73E-SegmentedRaftLogWorker] INFO  segmented.SegmentedRaftLogWorker (SegmentedRaftLogWorker.java:execute(630)) - s1@group-5DD5DE37E73E-SegmentedRaftLogWorker: created new log segment /home/runner/work/ratis/ratis/ratis-test/target/test/data/a5c97c2c/MiniRaftClusterWithGrpc3f6ea9d5/s1/3a0ff405-0f10-426f-871f-5dd5de37e73e/current/log_inprogress_192
2023-04-27 07:11:47,667 [s2@group-5DD5DE37E73E-SegmentedRaftLogWorker] INFO  segmented.SegmentedRaftLogWorker (SegmentedRaftLogWorker.java:execute(630)) - s2@group-5DD5DE37E73E-SegmentedRaftLogWorker: created new log segment /home/runner/work/ratis/ratis/ratis-test/target/test/data/a5c97c2c/MiniRaftClusterWithGrpc3f6ea9d5/s2/3a0ff405-0f10-426f-871f-5dd5de37e73e/current/log_inprogress_192
2023-04-27 07:11:47,674 [s2@group-5DD5DE37E73E-StateMachineUpdater] INFO  impl.SimpleStateMachine4Testing (SimpleStateMachine4Testing.java:put(205)) - s2: put 193, m96 -> (t:1, i:193), STATEMACHINELOGENTRY, 96@client-7D5FDF2F5A1F
2023-04-27 07:11:47,675 [s2@group-5DD5DE37E73E-StateMachineUpdater] INFO  impl.SimpleStateMachine4Testing (SimpleStateMachine4Testing.java:put(205)) - s2: put 195, m97 -> (t:1, i:195), STATEMACHINELOGENTRY, 97@client-7D5FDF2F5A1F
2023-04-27 07:11:47,675 [s2@group-5DD5DE37E73E-StateMachineUpdater] INFO  impl.SimpleStateMachine4Testing (SimpleStateMachine4Testing.java:put(205)) - s2: put 197, m98 -> (t:1, i:197), STATEMACHINELOGENTRY, 98@client-7D5FDF2F5A1F
2023-04-27 07:11:47,676 [s0@group-5DD5DE37E73E-LeaderStateImpl] INFO  server.RaftServer$Division (ServerState.java:setRaftConf(377)) - s0@group-5DD5DE37E73E: set configuration 257: peers:[s0|rpc:localhost:35955|admin:localhost:34135|client:localhost:36731|dataStream:localhost:43117|priority:0|startupRole:FOLLOWER, s1|rpc:0.0.0.0:42905|dataStream:|priority:0|startupRole:FOLLOWER, s2|rpc:0.0.0.0:43905|dataStream:|priority:0|startupRole:FOLLOWER]|listeners:[], old=null
2023-04-27 07:11:47,676 [s2@group-5DD5DE37E73E-StateMachineUpdater] INFO  impl.SimpleStateMachine4Testing (SimpleStateMachine4Testing.java:put(205)) - s2: put 199, m99 -> (t:1, i:199), STATEMACHINELOGENTRY, 99@client-7D5FDF2F5A1F
2023-04-27 07:11:47,676 [s2@group-5DD5DE37E73E-StateMachineUpdater] INFO  impl.SimpleStateMachine4Testing (SimpleStateMachine4Testing.java:put(205)) - s2: put 201, m100 -> (t:1, i:201), STATEMACHINELOGENTRY, 100@client-7D5FDF2F5A1F
2023-04-27 07:11:47,676 [s2@group-5DD5DE37E73E-StateMachineUpdater] INFO  impl.SimpleStateMachine4Testing (SimpleStateMachine4Testing.java:put(205)) - s2: put 203, m101 -> (t:1, i:203), STATEMACHINELOGENTRY, 101@client-7D5FDF2F5A1F
2023-04-27 07:11:47,677 [s2@group-5DD5DE37E73E-StateMachineUpdater] INFO  impl.SimpleStateMachine4Testing (SimpleStateMachine4Testing.java:put(205)) - s2: put 205, m102 -> (t:1, i:205), STATEMACHINELOGENTRY, 102@client-7D5FDF2F5A1F
2023-04-27 07:11:47,677 [s2@group-5DD5DE37E73E-StateMachineUpdater] INFO  impl.SimpleStateMachine4Testing (SimpleStateMachine4Testing.java:put(205)) - s2: put 207, m103 -> (t:1, i:207), STATEMACHINELOGENTRY, 103@client-7D5FDF2F5A1F
2023-04-27 07:11:47,677 [s2@group-5DD5DE37E73E-StateMachineUpdater] INFO  impl.SimpleStateMachine4Testing (SimpleStateMachine4Testing.java:put(205)) - s2: put 209, m104 -> (t:1, i:209), STATEMACHINELOGENTRY, 104@client-7D5FDF2F5A1F
2023-04-27 07:11:47,677 [s2@group-5DD5DE37E73E-StateMachineUpdater] INFO  impl.SimpleStateMachine4Testing (SimpleStateMachine4Testing.java:put(205)) - s2: put 211, m105 -> (t:1, i:211), STATEMACHINELOGENTRY, 105@client-7D5FDF2F5A1F
2023-04-27 07:11:47,678 [s2@group-5DD5DE37E73E-StateMachineUpdater] INFO  impl.SimpleStateMachine4Testing (SimpleStateMachine4Testing.java:put(205)) - s2: put 213, m106 -> (t:1, i:213), STATEMACHINELOGENTRY, 106@client-7D5FDF2F5A1F
2023-04-27 07:11:47,678 [s2@group-5DD5DE37E73E-StateMachineUpdater] INFO  impl.SimpleStateMachine4Testing (SimpleStateMachine4Testing.java:put(205)) - s2: put 215, m107 -> (t:1, i:215), STATEMACHINELOGENTRY, 107@client-7D5FDF2F5A1F
2023-04-27 07:11:47,679 [s2@group-5DD5DE37E73E-StateMachineUpdater] INFO  impl.SimpleStateMachine4Testing (SimpleStateMachine4Testing.java:put(205)) - s2: put 217, m108 -> (t:1, i:217), STATEMACHINELOGENTRY, 108@client-7D5FDF2F5A1F
2023-04-27 07:11:47,679 [s2@group-5DD5DE37E73E-StateMachineUpdater] INFO  impl.SimpleStateMachine4Testing (SimpleStateMachine4Testing.java:put(205)) - s2: put 219, m109 -> (t:1, i:219), STATEMACHINELOGENTRY, 109@client-7D5FDF2F5A1F
2023-04-27 07:11:47,679 [s2@group-5DD5DE37E73E-StateMachineUpdater] INFO  impl.SimpleStateMachine4Testing (SimpleStateMachine4Testing.java:put(205)) - s2: put 221, m110 -> (t:1, i:221), STATEMACHINELOGENTRY, 110@client-7D5FDF2F5A1F
2023-04-27 07:11:47,680 [s2@group-5DD5DE37E73E-StateMachineUpdater] INFO  impl.SimpleStateMachine4Testing (SimpleStateMachine4Testing.java:put(205)) - s2: put 223, m111 -> (t:1, i:223), STATEMACHINELOGENTRY, 111@client-7D5FDF2F5A1F
2023-04-27 07:11:47,681 [s2@group-5DD5DE37E73E-StateMachineUpdater] INFO  impl.SimpleStateMachine4Testing (SimpleStateMachine4Testing.java:put(205)) - s2: put 225, m112 -> (t:1, i:225), STATEMACHINELOGENTRY, 112@client-7D5FDF2F5A1F
2023-04-27 07:11:47,681 [s1@group-5DD5DE37E73E-StateMachineUpdater] INFO  impl.SimpleStateMachine4Testing (SimpleStateMachine4Testing.java:put(205)) - s1: put 193, m96 -> (t:1, i:193), STATEMACHINELOGENTRY, 96@client-7D5FDF2F5A1F
2023-04-27 07:11:47,682 [s1@group-5DD5DE37E73E-StateMachineUpdater] INFO  impl.SimpleStateMachine4Testing (SimpleStateMachine4Testing.java:put(205)) - s1: put 195, m97 -> (t:1, i:195), STATEMACHINELOGENTRY, 97@client-7D5FDF2F5A1F
2023-04-27 07:11:47,682 [s1@group-5DD5DE37E73E-StateMachineUpdater] INFO  impl.SimpleStateMachine4Testing (SimpleStateMachine4Testing.java:put(205)) - s1: put 197, m98 -> (t:1, i:197), STATEMACHINELOGENTRY, 98@client-7D5FDF2F5A1F
2023-04-27 07:11:47,682 [s1@group-5DD5DE37E73E-StateMachineUpdater] INFO  impl.SimpleStateMachine4Testing (SimpleStateMachine4Testing.java:put(205)) - s1: put 199, m99 -> (t:1, i:199), STATEMACHINELOGENTRY, 99@client-7D5FDF2F5A1F
2023-04-27 07:11:47,682 [s1@group-5DD5DE37E73E-StateMachineUpdater] INFO  impl.SimpleStateMachine4Testing (SimpleStateMachine4Testing.java:put(205)) - s1: put 201, m100 -> (t:1, i:201), STATEMACHINELOGENTRY, 100@client-7D5FDF2F5A1F
2023-04-27 07:11:47,683 [s1@group-5DD5DE37E73E-StateMachineUpdater] INFO  impl.SimpleStateMachine4Testing (SimpleStateMachine4Testing.java:put(205)) - s1: put 203, m101 -> (t:1, i:203), STATEMACHINELOGENTRY, 101@client-7D5FDF2F5A1F
2023-04-27 07:11:47,683 [s1-server-thread1] INFO  server.RaftServer$Division (ServerState.java:setRaftConf(377)) - s1@group-5DD5DE37E73E: set configuration 257: peers:[s0|rpc:localhost:35955|admin:localhost:34135|client:localhost:36731|dataStream:localhost:43117|priority:0|startupRole:FOLLOWER, s1|rpc:0.0.0.0:42905|dataStream:|priority:0|startupRole:FOLLOWER, s2|rpc:0.0.0.0:43905|dataStream:|priority:0|startupRole:FOLLOWER]|listeners:[], old=null
2023-04-27 07:11:47,683 [s1@group-5DD5DE37E73E-StateMachineUpdater] INFO  impl.SimpleStateMachine4Testing (SimpleStateMachine4Testing.java:put(205)) - s1: put 205, m102 -> (t:1, i:205), STATEMACHINELOGENTRY, 102@client-7D5FDF2F5A1F
2023-04-27 07:11:47,683 [s1@group-5DD5DE37E73E-StateMachineUpdater] INFO  impl.SimpleStateMachine4Testing (SimpleStateMachine4Testing.java:put(205)) - s1: put 207, m103 -> (t:1, i:207), STATEMACHINELOGENTRY, 103@client-7D5FDF2F5A1F
2023-04-27 07:11:47,683 [s1@group-5DD5DE37E73E-StateMachineUpdater] INFO  impl.SimpleStateMachine4Testing (SimpleStateMachine4Testing.java:put(205)) - s1: put 209, m104 -> (t:1, i:209), STATEMACHINELOGENTRY, 104@client-7D5FDF2F5A1F
2023-04-27 07:11:47,683 [s1@group-5DD5DE37E73E-StateMachineUpdater] INFO  impl.SimpleStateMachine4Testing (SimpleStateMachine4Testing.java:put(205)) - s1: put 211, m105 -> (t:1, i:211), STATEMACHINELOGENTRY, 105@client-7D5FDF2F5A1F
2023-04-27 07:11:47,684 [s1@group-5DD5DE37E73E-StateMachineUpdater] INFO  impl.SimpleStateMachine4Testing (SimpleStateMachine4Testing.java:put(205)) - s1: put 213, m106 -> (t:1, i:213), STATEMACHINELOGENTRY, 106@client-7D5FDF2F5A1F
2023-04-27 07:11:47,684 [s2-server-thread2] INFO  server.RaftServer$Division (ServerState.java:setRaftConf(377)) - s2@group-5DD5DE37E73E: set configuration 257: peers:[s0|rpc:localhost:35955|admin:localhost:34135|client:localhost:36731|dataStream:localhost:43117|priority:0|startupRole:FOLLOWER, s1|rpc:0.0.0.0:42905|dataStream:|priority:0|startupRole:FOLLOWER, s2|rpc:0.0.0.0:43905|dataStream:|priority:0|startupRole:FOLLOWER]|listeners:[], old=null
2023-04-27 07:11:47,684 [s1@group-5DD5DE37E73E-StateMachineUpdater] INFO  impl.SimpleStateMachine4Testing (SimpleStateMachine4Testing.java:put(205)) - s1: put 215, m107 -> (t:1, i:215), STATEMACHINELOGENTRY, 107@client-7D5FDF2F5A1F
2023-04-27 07:11:47,685 [s1@group-5DD5DE37E73E-StateMachineUpdater] INFO  impl.SimpleStateMachine4Testing (SimpleStateMachine4Testing.java:put(205)) - s1: put 217, m108 -> (t:1, i:217), STATEMACHINELOGENTRY, 108@client-7D5FDF2F5A1F
2023-04-27 07:11:47,685 [s1@group-5DD5DE37E73E-StateMachineUpdater] INFO  impl.SimpleStateMachine4Testing (SimpleStateMachine4Testing.java:put(205)) - s1: put 219, m109 -> (t:1, i:219), STATEMACHINELOGENTRY, 109@client-7D5FDF2F5A1F
2023-04-27 07:11:47,685 [s1@group-5DD5DE37E73E-StateMachineUpdater] INFO  impl.SimpleStateMachine4Testing (SimpleStateMachine4Testing.java:put(205)) - s1: put 221, m110 -> (t:1, i:221), STATEMACHINELOGENTRY, 110@client-7D5FDF2F5A1F
2023-04-27 07:11:47,686 [s1@group-5DD5DE37E73E-StateMachineUpdater] INFO  impl.SimpleStateMachine4Testing (SimpleStateMachine4Testing.java:put(205)) - s1: put 223, m111 -> (t:1, i:223), STATEMACHINELOGENTRY, 111@client-7D5FDF2F5A1F
2023-04-27 07:11:47,686 [s1@group-5DD5DE37E73E-StateMachineUpdater] INFO  impl.SimpleStateMachine4Testing (SimpleStateMachine4Testing.java:put(205)) - s1: put 225, m112 -> (t:1, i:225), STATEMACHINELOGENTRY, 112@client-7D5FDF2F5A1F
2023-04-27 07:11:47,687 [s1@group-5DD5DE37E73E-StateMachineUpdater] INFO  impl.SimpleStateMachine4Testing (SimpleStateMachine4Testing.java:put(205)) - s1: put 227, m113 -> (t:1, i:227), STATEMACHINELOGENTRY, 113@client-7D5FDF2F5A1F
2023-04-27 07:11:47,687 [s1@group-5DD5DE37E73E-StateMachineUpdater] INFO  impl.SimpleStateMachine4Testing (SimpleStateMachine4Testing.java:put(205)) - s1: put 229, m114 -> (t:1, i:229), STATEMACHINELOGENTRY, 114@client-7D5FDF2F5A1F
2023-04-27 07:11:47,687 [s1@group-5DD5DE37E73E-StateMachineUpdater] INFO  impl.SimpleStateMachine4Testing (SimpleStateMachine4Testing.java:put(205)) - s1: put 231, m115 -> (t:1, i:231), STATEMACHINELOGENTRY, 115@client-7D5FDF2F5A1F
2023-04-27 07:11:47,688 [s1@group-5DD5DE37E73E-StateMachineUpdater] INFO  impl.SimpleStateMachine4Testing (SimpleStateMachine4Testing.java:put(205)) - s1: put 233, m116 -> (t:1, i:233), STATEMACHINELOGENTRY, 116@client-7D5FDF2F5A1F
2023-04-27 07:11:47,688 [s1@group-5DD5DE37E73E-StateMachineUpdater] INFO  impl.SimpleStateMachine4Testing (SimpleStateMachine4Testing.java:put(205)) - s1: put 235, m117 -> (t:1, i:235), STATEMACHINELOGENTRY, 117@client-7D5FDF2F5A1F
2023-04-27 07:11:47,688 [s1@group-5DD5DE37E73E-StateMachineUpdater] INFO  impl.SimpleStateMachine4Testing (SimpleStateMachine4Testing.java:put(205)) - s1: put 237, m118 -> (t:1, i:237), STATEMACHINELOGENTRY, 118@client-7D5FDF2F5A1F
2023-04-27 07:11:47,689 [s1@group-5DD5DE37E73E-StateMachineUpdater] INFO  impl.SimpleStateMachine4Testing (SimpleStateMachine4Testing.java:put(205)) - s1: put 239, m119 -> (t:1, i:239), STATEMACHINELOGENTRY, 119@client-7D5FDF2F5A1F
2023-04-27 07:11:47,692 [s2@group-5DD5DE37E73E-StateMachineUpdater] INFO  impl.SimpleStateMachine4Testing (SimpleStateMachine4Testing.java:put(205)) - s2: put 227, m113 -> (t:1, i:227), STATEMACHINELOGENTRY, 113@client-7D5FDF2F5A1F
2023-04-27 07:11:47,694 [s2@group-5DD5DE37E73E-StateMachineUpdater] INFO  impl.SimpleStateMachine4Testing (SimpleStateMachine4Testing.java:put(205)) - s2: put 229, m114 -> (t:1, i:229), STATEMACHINELOGENTRY, 114@client-7D5FDF2F5A1F
2023-04-27 07:11:47,694 [s2@group-5DD5DE37E73E-StateMachineUpdater] INFO  impl.SimpleStateMachine4Testing (SimpleStateMachine4Testing.java:put(205)) - s2: put 231, m115 -> (t:1, i:231), STATEMACHINELOGENTRY, 115@client-7D5FDF2F5A1F
2023-04-27 07:11:47,695 [s2@group-5DD5DE37E73E-StateMachineUpdater] INFO  impl.SimpleStateMachine4Testing (SimpleStateMachine4Testing.java:put(205)) - s2: put 233, m116 -> (t:1, i:233), STATEMACHINELOGENTRY, 116@client-7D5FDF2F5A1F
2023-04-27 07:11:47,695 [s2@group-5DD5DE37E73E-StateMachineUpdater] INFO  impl.SimpleStateMachine4Testing (SimpleStateMachine4Testing.java:put(205)) - s2: put 235, m117 -> (t:1, i:235), STATEMACHINELOGENTRY, 117@client-7D5FDF2F5A1F
2023-04-27 07:11:47,695 [s2@group-5DD5DE37E73E-StateMachineUpdater] INFO  impl.SimpleStateMachine4Testing (SimpleStateMachine4Testing.java:put(205)) - s2: put 237, m118 -> (t:1, i:237), STATEMACHINELOGENTRY, 118@client-7D5FDF2F5A1F
2023-04-27 07:11:47,695 [s2@group-5DD5DE37E73E-StateMachineUpdater] INFO  impl.SimpleStateMachine4Testing (SimpleStateMachine4Testing.java:put(205)) - s2: put 239, m119 -> (t:1, i:239), STATEMACHINELOGENTRY, 119@client-7D5FDF2F5A1F
2023-04-27 07:11:47,696 [s2@group-5DD5DE37E73E-StateMachineUpdater] INFO  impl.SimpleStateMachine4Testing (SimpleStateMachine4Testing.java:put(205)) - s2: put 241, m120 -> (t:1, i:241), STATEMACHINELOGENTRY, 120@client-7D5FDF2F5A1F
2023-04-27 07:11:47,696 [s2@group-5DD5DE37E73E-StateMachineUpdater] INFO  impl.SimpleStateMachine4Testing (SimpleStateMachine4Testing.java:put(205)) - s2: put 243, m121 -> (t:1, i:243), STATEMACHINELOGENTRY, 121@client-7D5FDF2F5A1F
2023-04-27 07:11:47,696 [s2@group-5DD5DE37E73E-StateMachineUpdater] INFO  impl.SimpleStateMachine4Testing (SimpleStateMachine4Testing.java:put(205)) - s2: put 245, m122 -> (t:1, i:245), STATEMACHINELOGENTRY, 122@client-7D5FDF2F5A1F
2023-04-27 07:11:47,696 [s2@group-5DD5DE37E73E-StateMachineUpdater] INFO  impl.SimpleStateMachine4Testing (SimpleStateMachine4Testing.java:put(205)) - s2: put 247, m123 -> (t:1, i:247), STATEMACHINELOGENTRY, 123@client-7D5FDF2F5A1F
2023-04-27 07:11:47,697 [s2@group-5DD5DE37E73E-StateMachineUpdater] INFO  impl.SimpleStateMachine4Testing (SimpleStateMachine4Testing.java:put(205)) - s2: put 249, m124 -> (t:1, i:249), STATEMACHINELOGENTRY, 124@client-7D5FDF2F5A1F
2023-04-27 07:11:47,698 [s1@group-5DD5DE37E73E-StateMachineUpdater] INFO  impl.SimpleStateMachine4Testing (SimpleStateMachine4Testing.java:put(205)) - s1: put 241, m120 -> (t:1, i:241), STATEMACHINELOGENTRY, 120@client-7D5FDF2F5A1F
2023-04-27 07:11:47,698 [s1@group-5DD5DE37E73E-StateMachineUpdater] INFO  impl.SimpleStateMachine4Testing (SimpleStateMachine4Testing.java:put(205)) - s1: put 243, m121 -> (t:1, i:243), STATEMACHINELOGENTRY, 121@client-7D5FDF2F5A1F
2023-04-27 07:11:47,699 [s1@group-5DD5DE37E73E-StateMachineUpdater] INFO  impl.SimpleStateMachine4Testing (SimpleStateMachine4Testing.java:put(205)) - s1: put 245, m122 -> (t:1, i:245), STATEMACHINELOGENTRY, 122@client-7D5FDF2F5A1F
2023-04-27 07:11:47,697 [s0@group-5DD5DE37E73E-StateMachineUpdater] INFO  impl.StateMachineUpdater (StateMachineUpdater.java:takeSnapshot(290)) - s0@group-5DD5DE37E73E-StateMachineUpdater: Took a snapshot at index 255
2023-04-27 07:11:47,699 [s0@group-5DD5DE37E73E-StateMachineUpdater] INFO  impl.StateMachineUpdater (StateMachineUpdater.java:lambda$new$0(96)) - s0@group-5DD5DE37E73E-StateMachineUpdater: snapshotIndex: updateIncreasingly 191 -> 255
2023-04-27 07:11:47,699 [s1@group-5DD5DE37E73E-StateMachineUpdater] INFO  impl.SimpleStateMachine4Testing (SimpleStateMachine4Testing.java:put(205)) - s1: put 247, m123 -> (t:1, i:247), STATEMACHINELOGENTRY, 123@client-7D5FDF2F5A1F
2023-04-27 07:11:47,699 [s0@group-5DD5DE37E73E-StateMachineUpdater] INFO  raftlog.RaftLog (RaftLogBase.java:purge(314)) - s0@group-5DD5DE37E73E-SegmentedRaftLog: purge 255
2023-04-27 07:11:47,699 [s0@group-5DD5DE37E73E-StateMachineUpdater] INFO  raftlog.RaftLog (RaftLogBase.java:lambda$new$0(53)) - s0@group-5DD5DE37E73E-SegmentedRaftLog: snapshotIndex: updateIncreasingly 191 -> 255
2023-04-27 07:11:47,699 [s0@group-5DD5DE37E73E-StateMachineUpdater] INFO  raftlog.RaftLog (RaftLogBase.java:lambda$new$0(53)) - s0@group-5DD5DE37E73E-SegmentedRaftLog: purgeIndex: updateToMax old=191, new=255, updated? true
2023-04-27 07:11:47,699 [s1@group-5DD5DE37E73E-StateMachineUpdater] INFO  impl.SimpleStateMachine4Testing (SimpleStateMachine4Testing.java:put(205)) - s1: put 249, m124 -> (t:1, i:249), STATEMACHINELOGENTRY, 124@client-7D5FDF2F5A1F
2023-04-27 07:11:47,699 [s1@group-5DD5DE37E73E-StateMachineUpdater] INFO  impl.SimpleStateMachine4Testing (SimpleStateMachine4Testing.java:put(205)) - s1: put 251, m125 -> (t:1, i:251), STATEMACHINELOGENTRY, 125@client-7D5FDF2F5A1F
2023-04-27 07:11:47,700 [s1@group-5DD5DE37E73E-StateMachineUpdater] INFO  impl.SimpleStateMachine4Testing (SimpleStateMachine4Testing.java:put(205)) - s1: put 253, m126 -> (t:1, i:253), STATEMACHINELOGENTRY, 126@client-7D5FDF2F5A1F
2023-04-27 07:11:47,703 [s2@group-5DD5DE37E73E-StateMachineUpdater] INFO  impl.SimpleStateMachine4Testing (SimpleStateMachine4Testing.java:put(205)) - s2: put 251, m125 -> (t:1, i:251), STATEMACHINELOGENTRY, 125@client-7D5FDF2F5A1F
2023-04-27 07:11:47,703 [s2@group-5DD5DE37E73E-StateMachineUpdater] INFO  impl.SimpleStateMachine4Testing (SimpleStateMachine4Testing.java:put(205)) - s2: put 253, m126 -> (t:1, i:253), STATEMACHINELOGENTRY, 126@client-7D5FDF2F5A1F
2023-04-27 07:11:47,717 [s1@group-5DD5DE37E73E-StateMachineUpdater] INFO  impl.StateMachineUpdater (StateMachineUpdater.java:takeSnapshot(290)) - s1@group-5DD5DE37E73E-StateMachineUpdater: Took a snapshot at index 257
2023-04-27 07:11:47,717 [s1@group-5DD5DE37E73E-StateMachineUpdater] INFO  impl.StateMachineUpdater (StateMachineUpdater.java:lambda$new$0(96)) - s1@group-5DD5DE37E73E-StateMachineUpdater: snapshotIndex: updateIncreasingly 191 -> 257
2023-04-27 07:11:47,717 [s1@group-5DD5DE37E73E-StateMachineUpdater] INFO  raftlog.RaftLog (RaftLogBase.java:purge(314)) - s1@group-5DD5DE37E73E-SegmentedRaftLog: purge 255
2023-04-27 07:11:47,718 [s1@group-5DD5DE37E73E-StateMachineUpdater] INFO  raftlog.RaftLog (RaftLogBase.java:lambda$new$0(53)) - s1@group-5DD5DE37E73E-SegmentedRaftLog: snapshotIndex: updateIncreasingly 191 -> 257
2023-04-27 07:11:47,718 [s1@group-5DD5DE37E73E-StateMachineUpdater] INFO  raftlog.RaftLog (RaftLogBase.java:lambda$new$0(53)) - s1@group-5DD5DE37E73E-SegmentedRaftLog: purgeIndex: updateToMax old=-1, new=255, updated? true
2023-04-27 07:11:47,719 [Time-limited test] INFO  server.RaftServerConfigKeys (ConfUtils.java:logGet(46)) - raft.server.rpc.timeout.max = 300ms (default)
2023-04-27 07:11:47,720 [Time-limited test] INFO  impl.RaftServerTestUtil (RaftServerTestUtil.java:waitAndCheckNewConf(87)) - waitAndCheckNewConf: peers=[s1|rpc:0.0.0.0:42905|priority:0|startupRole:FOLLOWER, s2|rpc:0.0.0.0:43905|priority:0|startupRole:FOLLOWER, s0|rpc:localhost:35955|admin:localhost:34135|client:localhost:36731|dataStream:localhost:43117|priority:0|startupRole:FOLLOWER], deadPeers=null, printing ALL groups
  s0:  RUNNING    LEADER s0@group-5DD5DE37E73E:t1, leader=s0, voted=s0, raftlog=Memoized:s0@group-5DD5DE37E73E-SegmentedRaftLog:OPENED:c258, conf=257: peers:[s0|rpc:localhost:35955|admin:localhost:34135|client:localhost:36731|dataStream:localhost:43117|priority:0|startupRole:FOLLOWER, s1|rpc:0.0.0.0:42905|dataStream:|priority:0|startupRole:FOLLOWER, s2|rpc:0.0.0.0:43905|dataStream:|priority:0|startupRole:FOLLOWER]|listeners:[], old=null RUNNING
  s1:  RUNNING  FOLLOWER s1@group-5DD5DE37E73E:t1, leader=s0, voted=null, raftlog=Memoized:s1@group-5DD5DE37E73E-SegmentedRaftLog:OPENED:c257, conf=257: peers:[s0|rpc:localhost:35955|admin:localhost:34135|client:localhost:36731|dataStream:localhost:43117|priority:0|startupRole:FOLLOWER, s1|rpc:0.0.0.0:42905|dataStream:|priority:0|startupRole:FOLLOWER, s2|rpc:0.0.0.0:43905|dataStream:|priority:0|startupRole:FOLLOWER]|listeners:[], old=null STARTING
  s2:  RUNNING  FOLLOWER s2@group-5DD5DE37E73E:t1, leader=s0, voted=null, raftlog=Memoized:s2@group-5DD5DE37E73E-SegmentedRaftLog:OPENED:c257, conf=257: peers:[s0|rpc:localhost:35955|admin:localhost:34135|client:localhost:36731|dataStream:localhost:43117|priority:0|startupRole:FOLLOWER, s1|rpc:0.0.0.0:42905|dataStream:|priority:0|startupRole:FOLLOWER, s2|rpc:0.0.0.0:43905|dataStream:|priority:0|startupRole:FOLLOWER]|listeners:[], old=null STARTING
2023-04-27 07:11:47,721 [Time-limited test] INFO  impl.RaftServerTestUtil (RaftServerTestUtil.java:waitAndCheckNewConf(96)) - checking    LEADER s0@group-5DD5DE37E73E:t1, leader=s0, voted=s0, raftlog=Memoized:s0@group-5DD5DE37E73E-SegmentedRaftLog:OPENED:c258, conf=257: peers:[s0|rpc:localhost:35955|admin:localhost:34135|client:localhost:36731|dataStream:localhost:43117|priority:0|startupRole:FOLLOWER, s1|rpc:0.0.0.0:42905|dataStream:|priority:0|startupRole:FOLLOWER, s2|rpc:0.0.0.0:43905|dataStream:|priority:0|startupRole:FOLLOWER]|listeners:[], old=null RUNNING
2023-04-27 07:11:47,721 [s2@group-5DD5DE37E73E-StateMachineUpdater] INFO  impl.StateMachineUpdater (StateMachineUpdater.java:takeSnapshot(290)) - s2@group-5DD5DE37E73E-StateMachineUpdater: Took a snapshot at index 257
2023-04-27 07:11:47,721 [Time-limited test] INFO  impl.RaftServerTestUtil (RaftServerTestUtil.java:waitAndCheckNewConf(96)) - checking  FOLLOWER s1@group-5DD5DE37E73E:t1, leader=s0, voted=null, raftlog=Memoized:s1@group-5DD5DE37E73E-SegmentedRaftLog:OPENED:c257, conf=257: peers:[s0|rpc:localhost:35955|admin:localhost:34135|client:localhost:36731|dataStream:localhost:43117|priority:0|startupRole:FOLLOWER, s1|rpc:0.0.0.0:42905|dataStream:|priority:0|startupRole:FOLLOWER, s2|rpc:0.0.0.0:43905|dataStream:|priority:0|startupRole:FOLLOWER]|listeners:[], old=null STARTING
2023-04-27 07:11:47,725 [s2@group-5DD5DE37E73E-StateMachineUpdater] INFO  impl.StateMachineUpdater (StateMachineUpdater.java:lambda$new$0(96)) - s2@group-5DD5DE37E73E-StateMachineUpdater: snapshotIndex: updateIncreasingly 191 -> 257
2023-04-27 07:11:47,726 [Time-limited test] INFO  impl.RaftServerTestUtil (RaftServerTestUtil.java:waitAndCheckNewConf(96)) - checking  FOLLOWER s2@group-5DD5DE37E73E:t1, leader=s0, voted=null, raftlog=Memoized:s2@group-5DD5DE37E73E-SegmentedRaftLog:OPENED:c257, conf=257: peers:[s0|rpc:localhost:35955|admin:localhost:34135|client:localhost:36731|dataStream:localhost:43117|priority:0|startupRole:FOLLOWER, s1|rpc:0.0.0.0:42905|dataStream:|priority:0|startupRole:FOLLOWER, s2|rpc:0.0.0.0:43905|dataStream:|priority:0|startupRole:FOLLOWER]|listeners:[], old=null STARTING
2023-04-27 07:11:47,729 [s2@group-5DD5DE37E73E-StateMachineUpdater] INFO  raftlog.RaftLog (RaftLogBase.java:purge(314)) - s2@group-5DD5DE37E73E-SegmentedRaftLog: purge 254
2023-04-27 07:11:47,729 [s2@group-5DD5DE37E73E-StateMachineUpdater] INFO  raftlog.RaftLog (RaftLogBase.java:lambda$new$0(53)) - s2@group-5DD5DE37E73E-SegmentedRaftLog: snapshotIndex: updateIncreasingly 191 -> 257
2023-04-27 07:11:47,729 [s2@group-5DD5DE37E73E-StateMachineUpdater] INFO  raftlog.RaftLog (RaftLogBase.java:lambda$new$0(53)) - s2@group-5DD5DE37E73E-SegmentedRaftLog: purgeIndex: updateToMax old=-1, new=254, updated? true
2023-04-27 07:11:47,730 [Time-limited test] INFO  impl.MiniRaftCluster (MiniRaftCluster.java:shutdown(831)) - ************************************************************** 
2023-04-27 07:11:47,730 [Time-limited test] INFO  impl.MiniRaftCluster (MiniRaftCluster.java:shutdown(832)) - *** 
2023-04-27 07:11:47,730 [Time-limited test] INFO  impl.MiniRaftCluster (MiniRaftCluster.java:shutdown(833)) - ***     Stopping MiniRaftClusterWithGrpc
2023-04-27 07:11:47,730 [Time-limited test] INFO  impl.MiniRaftCluster (MiniRaftCluster.java:shutdown(834)) - *** 
2023-04-27 07:11:47,730 [Time-limited test] INFO  impl.MiniRaftCluster (MiniRaftCluster.java:shutdown(835)) - ************************************************************** 
2023-04-27 07:11:47,730 [Time-limited test] INFO  impl.MiniRaftCluster (MiniRaftCluster.java:shutdown(836)) - printing ALL groups
  s0:  RUNNING    LEADER s0@group-5DD5DE37E73E:t1, leader=s0, voted=s0, raftlog=Memoized:s0@group-5DD5DE37E73E-SegmentedRaftLog:OPENED:c258, conf=257: peers:[s0|rpc:localhost:35955|admin:localhost:34135|client:localhost:36731|dataStream:localhost:43117|priority:0|startupRole:FOLLOWER, s1|rpc:0.0.0.0:42905|dataStream:|priority:0|startupRole:FOLLOWER, s2|rpc:0.0.0.0:43905|dataStream:|priority:0|startupRole:FOLLOWER]|listeners:[], old=null RUNNING
  s1:  RUNNING  FOLLOWER s1@group-5DD5DE37E73E:t1, leader=s0, voted=null, raftlog=Memoized:s1@group-5DD5DE37E73E-SegmentedRaftLog:OPENED:c257, conf=257: peers:[s0|rpc:localhost:35955|admin:localhost:34135|client:localhost:36731|dataStream:localhost:43117|priority:0|startupRole:FOLLOWER, s1|rpc:0.0.0.0:42905|dataStream:|priority:0|startupRole:FOLLOWER, s2|rpc:0.0.0.0:43905|dataStream:|priority:0|startupRole:FOLLOWER]|listeners:[], old=null STARTING
  s2:  RUNNING  FOLLOWER s2@group-5DD5DE37E73E:t1, leader=s0, voted=null, raftlog=Memoized:s2@group-5DD5DE37E73E-SegmentedRaftLog:OPENED:c257, conf=257: peers:[s0|rpc:localhost:35955|admin:localhost:34135|client:localhost:36731|dataStream:localhost:43117|priority:0|startupRole:FOLLOWER, s1|rpc:0.0.0.0:42905|dataStream:|priority:0|startupRole:FOLLOWER, s2|rpc:0.0.0.0:43905|dataStream:|priority:0|startupRole:FOLLOWER]|listeners:[], old=null STARTING
2023-04-27 07:11:47,732 [MiniRaftCluster-1] INFO  server.RaftServer (RaftServerProxy.java:lambda$close$7(417)) - s0: close
2023-04-27 07:11:47,736 [MiniRaftCluster-1] INFO  server.GrpcService (GrpcService.java:closeImpl(311)) - s0: shutdown server org.apache.ratis.grpc.server.GrpcClientProtocolService now
2023-04-27 07:11:47,739 [s0-impl-thread1] INFO  server.RaftServer$Division (RaftServerImpl.java:lambda$close$4(466)) - s0@group-5DD5DE37E73E: shutdown
2023-04-27 07:11:47,739 [s0-impl-thread1] INFO  util.JmxRegister (JmxRegister.java:unregister(73)) - Successfully un-registered JMX Bean with object name Ratis:service=RaftServer,group=group-5DD5DE37E73E,id=s0
2023-04-27 07:11:47,740 [s0-impl-thread1] INFO  impl.RoleInfo (RoleInfo.java:shutdownLeaderState(93)) - s0: shutdown s0@group-5DD5DE37E73E-LeaderStateImpl
2023-04-27 07:11:47,740 [s0@group-5DD5DE37E73E->s1-GrpcLogAppender-LogAppenderDaemon] WARN  server.GrpcLogAppender (GrpcLogAppender.java:mayWait(198)) - s0@group-5DD5DE37E73E->s1-GrpcLogAppender: Wait interrupted by java.lang.InterruptedException
2023-04-27 07:11:47,740 [s0-impl-thread1] INFO  impl.PendingRequests (PendingRequests.java:sendNotLeaderResponses(289)) - s0@group-5DD5DE37E73E-PendingRequests: sendNotLeaderResponses
2023-04-27 07:11:47,739 [MiniRaftCluster-3] INFO  server.RaftServer (RaftServerProxy.java:lambda$close$7(417)) - s2: close
2023-04-27 07:11:47,740 [s0@group-5DD5DE37E73E->s2-GrpcLogAppender-LogAppenderDaemon] WARN  server.GrpcLogAppender (GrpcLogAppender.java:mayWait(198)) - s0@group-5DD5DE37E73E->s2-GrpcLogAppender: Wait interrupted by java.lang.InterruptedException
2023-04-27 07:11:47,739 [MiniRaftCluster-2] INFO  server.RaftServer (RaftServerProxy.java:lambda$close$7(417)) - s1: close
2023-04-27 07:11:47,742 [Thread-50] INFO  server.GrpcServerProtocolClient (GrpcServerProtocolClient.java:close(103)) - s1 Close channels
2023-04-27 07:11:47,742 [grpc-default-executor-3] INFO  server.GrpcServerProtocolService (GrpcServerProtocolService.java:onCompleted(155)) - s1: Completed APPEND_ENTRIES, lastRequest: s0->s1#9-t1,previous=(t:1, i:257),leaderCommit=257,initializing? true,entries: size=1, first=(t:1, i:258), METADATAENTRY(c:257)
2023-04-27 07:11:47,742 [grpc-default-executor-3] INFO  server.GrpcServerProtocolService (GrpcServerProtocolService.java:lambda$onCompleted$5(157)) - s1: Completed APPEND_ENTRIES, lastReply: null
2023-04-27 07:11:47,742 [grpc-default-executor-0] INFO  server.GrpcServerProtocolService (GrpcServerProtocolService.java:onCompleted(155)) - s2: Completed APPEND_ENTRIES, lastRequest: s0->s2#7-t1,previous=(t:1, i:257),leaderCommit=257,initializing? true,entries: size=1, first=(t:1, i:258), METADATAENTRY(c:257)
2023-04-27 07:11:47,742 [grpc-default-executor-0] INFO  server.GrpcServerProtocolService (GrpcServerProtocolService.java:lambda$onCompleted$5(157)) - s2: Completed APPEND_ENTRIES, lastReply: null
2023-04-27 07:11:47,744 [grpc-default-executor-2] INFO  server.GrpcLogAppender (GrpcLogAppender.java:onCompleted(425)) - s0@group-5DD5DE37E73E->s2-AppendLogResponseHandler: follower responses appendEntries COMPLETED
2023-04-27 07:11:47,745 [grpc-default-executor-2] INFO  leader.FollowerInfo (FollowerInfoImpl.java:lambda$new$0(52)) - s0@group-5DD5DE37E73E->s2: decreaseNextIndex nextIndex: updateUnconditionally 259 -> 258
2023-04-27 07:11:47,746 [grpc-default-executor-0] INFO  server.GrpcLogAppender (GrpcLogAppender.java:onCompleted(425)) - s0@group-5DD5DE37E73E->s1-AppendLogResponseHandler: follower responses appendEntries COMPLETED
2023-04-27 07:11:47,746 [grpc-default-executor-0] WARN  server.GrpcLogAppender (GrpcLogAppender.java:resetClient(136)) - s0@group-5DD5DE37E73E->s1-GrpcLogAppender: Failed to getClient for s1
org.apache.ratis.protocol.exceptions.AlreadyClosedException: s0 is already CLOSED
	at org.apache.ratis.util.PeerProxyMap$PeerAndProxy.getProxy(PeerProxyMap.java:61)
	at org.apache.ratis.util.PeerProxyMap.getProxy(PeerProxyMap.java:115)
	at org.apache.ratis.grpc.server.GrpcLogAppender.getClient(GrpcLogAppender.java:111)
	at org.apache.ratis.grpc.server.GrpcLogAppender.resetClient(GrpcLogAppender.java:116)
	at org.apache.ratis.grpc.server.GrpcLogAppender.access$500(GrpcLogAppender.java:55)
	at org.apache.ratis.grpc.server.GrpcLogAppender$AppendLogResponseHandler.onCompleted(GrpcLogAppender.java:426)
	at org.apache.ratis.thirdparty.io.grpc.stub.ClientCalls$StreamObserverToCallListenerAdapter.onClose(ClientCalls.java:485)
	at org.apache.ratis.thirdparty.io.grpc.internal.ClientCallImpl.closeObserver(ClientCallImpl.java:563)
	at org.apache.ratis.thirdparty.io.grpc.internal.ClientCallImpl.access$300(ClientCallImpl.java:70)
	at org.apache.ratis.thirdparty.io.grpc.internal.ClientCallImpl$ClientStreamListenerImpl$1StreamClosed.runInternal(ClientCallImpl.java:744)
	at org.apache.ratis.thirdparty.io.grpc.internal.ClientCallImpl$ClientStreamListenerImpl$1StreamClosed.runInContext(ClientCallImpl.java:723)
	at org.apache.ratis.thirdparty.io.grpc.internal.ContextRunnable.run(ContextRunnable.java:37)
	at org.apache.ratis.thirdparty.io.grpc.internal.SerializingExecutor.run(SerializingExecutor.java:133)
	at java.base/java.util.concurrent.ThreadPoolExecutor.runWorker(ThreadPoolExecutor.java:1128)
	at java.base/java.util.concurrent.ThreadPoolExecutor$Worker.run(ThreadPoolExecutor.java:628)
	at java.base/java.lang.Thread.run(Thread.java:829)
2023-04-27 07:11:47,746 [Thread-51] INFO  server.GrpcServerProtocolClient (GrpcServerProtocolClient.java:close(103)) - s2 Close channels
2023-04-27 07:11:47,748 [s2-impl-thread1] INFO  server.RaftServer$Division (RaftServerImpl.java:lambda$close$4(466)) - s2@group-5DD5DE37E73E: shutdown
2023-04-27 07:11:47,748 [s2-impl-thread1] INFO  util.JmxRegister (JmxRegister.java:unregister(73)) - Successfully un-registered JMX Bean with object name Ratis:service=RaftServer,group=group-5DD5DE37E73E,id=s2
2023-04-27 07:11:47,748 [s2-impl-thread1] INFO  impl.StateMachineUpdater (StateMachineUpdater.java:stopAndJoin(154)) - s2@group-5DD5DE37E73E-StateMachineUpdater: set stopIndex = 257
2023-04-27 07:11:47,748 [s1-impl-thread1] INFO  server.RaftServer$Division (RaftServerImpl.java:lambda$close$4(466)) - s1@group-5DD5DE37E73E: shutdown
2023-04-27 07:11:47,748 [s1-impl-thread1] INFO  util.JmxRegister (JmxRegister.java:unregister(73)) - Successfully un-registered JMX Bean with object name Ratis:service=RaftServer,group=group-5DD5DE37E73E,id=s1
2023-04-27 07:11:47,748 [s1-impl-thread1] INFO  impl.StateMachineUpdater (StateMachineUpdater.java:stopAndJoin(154)) - s1@group-5DD5DE37E73E-StateMachineUpdater: set stopIndex = 257
2023-04-27 07:11:47,750 [MiniRaftCluster-2] INFO  server.GrpcService (GrpcService.java:closeImpl(311)) - s1: shutdown server GrpcServerProtocolService now
2023-04-27 07:11:47,748 [MiniRaftCluster-3] INFO  server.GrpcService (GrpcService.java:closeImpl(311)) - s2: shutdown server GrpcServerProtocolService now
2023-04-27 07:11:47,754 [s2-impl-thread1] INFO  server.RaftServer$Division (ServerState.java:close(415)) - s2@group-5DD5DE37E73E: applyIndex: 257
2023-04-27 07:11:47,755 [s1-impl-thread1] INFO  server.RaftServer$Division (ServerState.java:close(415)) - s1@group-5DD5DE37E73E: applyIndex: 257
2023-04-27 07:11:47,756 [MiniRaftCluster-1] INFO  server.GrpcService (GrpcService.java:closeImpl(320)) - s0: shutdown server org.apache.ratis.grpc.server.GrpcClientProtocolService successfully
2023-04-27 07:11:47,756 [MiniRaftCluster-1] INFO  server.GrpcService (GrpcService.java:closeImpl(311)) - s0: shutdown server GrpcServerProtocolService now
2023-04-27 07:11:47,757 [s0-impl-thread1] INFO  impl.StateMachineUpdater (StateMachineUpdater.java:stopAndJoin(154)) - s0@group-5DD5DE37E73E-StateMachineUpdater: set stopIndex = 258
2023-04-27 07:11:47,774 [MiniRaftCluster-2] INFO  server.GrpcService (GrpcService.java:closeImpl(320)) - s1: shutdown server GrpcServerProtocolService successfully
2023-04-27 07:11:47,779 [MiniRaftCluster-1] INFO  server.GrpcService (GrpcService.java:closeImpl(320)) - s0: shutdown server GrpcServerProtocolService successfully
2023-04-27 07:11:47,779 [MiniRaftCluster-1] INFO  server.GrpcService (GrpcService.java:closeImpl(311)) - s0: shutdown server org.apache.ratis.grpc.server.GrpcAdminProtocolService now
2023-04-27 07:11:47,780 [s0@group-5DD5DE37E73E-StateMachineUpdater] INFO  impl.StateMachineUpdater (StateMachineUpdater.java:takeSnapshot(290)) - s0@group-5DD5DE37E73E-StateMachineUpdater: Took a snapshot at index 258
2023-04-27 07:11:47,780 [s0@group-5DD5DE37E73E-StateMachineUpdater] INFO  impl.StateMachineUpdater (StateMachineUpdater.java:lambda$new$0(96)) - s0@group-5DD5DE37E73E-StateMachineUpdater: snapshotIndex: updateIncreasingly 255 -> 258
2023-04-27 07:11:47,780 [s0-impl-thread1] INFO  server.RaftServer$Division (ServerState.java:close(415)) - s0@group-5DD5DE37E73E: applyIndex: 258
2023-04-27 07:11:47,780 [MiniRaftCluster-3] INFO  server.GrpcService (GrpcService.java:closeImpl(320)) - s2: shutdown server GrpcServerProtocolService successfully
2023-04-27 07:11:47,782 [MiniRaftCluster-1] INFO  server.GrpcService (GrpcService.java:closeImpl(320)) - s0: shutdown server org.apache.ratis.grpc.server.GrpcAdminProtocolService successfully
2023-04-27 07:11:48,692 [s0-impl-thread1] INFO  segmented.SegmentedRaftLogWorker (SegmentedRaftLogWorker.java:close(242)) - s0@group-5DD5DE37E73E-SegmentedRaftLogWorker close()
2023-04-27 07:11:48,693 [s2-impl-thread1] INFO  segmented.SegmentedRaftLogWorker (SegmentedRaftLogWorker.java:close(242)) - s2@group-5DD5DE37E73E-SegmentedRaftLogWorker close()
2023-04-27 07:11:48,695 [JvmPauseMonitor2] INFO  util.JvmPauseMonitor (JvmPauseMonitor.java:run(109)) - JvmPauseMonitor-s2: Stopped
2023-04-27 07:11:48,695 [JvmPauseMonitor0] INFO  util.JvmPauseMonitor (JvmPauseMonitor.java:run(109)) - JvmPauseMonitor-s0: Stopped
2023-04-27 07:11:48,696 [s1-impl-thread1] INFO  segmented.SegmentedRaftLogWorker (SegmentedRaftLogWorker.java:close(242)) - s1@group-5DD5DE37E73E-SegmentedRaftLogWorker close()
2023-04-27 07:11:48,702 [JvmPauseMonitor1] INFO  util.JvmPauseMonitor (JvmPauseMonitor.java:run(109)) - JvmPauseMonitor-s1: Stopped
2023-04-27 07:11:48,703 [Time-limited test] INFO  impl.MiniRaftCluster (MiniRaftCluster.java:shutdown(855)) - MiniRaftClusterWithGrpc shutdown completed
2023-04-27 07:11:48,703 [Time-limited test] INFO  impl.MiniRaftCluster (MiniRaftCluster.java:shutdown(831)) - ************************************************************** 
2023-04-27 07:11:48,703 [Time-limited test] INFO  impl.MiniRaftCluster (MiniRaftCluster.java:shutdown(832)) - *** 
2023-04-27 07:11:48,703 [Time-limited test] INFO  impl.MiniRaftCluster (MiniRaftCluster.java:shutdown(833)) - ***     Stopping MiniRaftClusterWithGrpc
2023-04-27 07:11:48,703 [Time-limited test] INFO  impl.MiniRaftCluster (MiniRaftCluster.java:shutdown(834)) - *** 
2023-04-27 07:11:48,703 [Time-limited test] INFO  impl.MiniRaftCluster (MiniRaftCluster.java:shutdown(835)) - ************************************************************** 
2023-04-27 07:11:48,704 [Time-limited test] INFO  impl.MiniRaftCluster (MiniRaftCluster.java:shutdown(836)) - printing ALL groups
  s0:   CLOSED    LEADER s0@group-5DD5DE37E73E:t1, leader=s0, voted=s0, raftlog=Memoized:s0@group-5DD5DE37E73E-SegmentedRaftLog:CLOSED:c258, conf=257: peers:[s0|rpc:localhost:35955|admin:localhost:34135|client:localhost:36731|dataStream:localhost:43117|priority:0|startupRole:FOLLOWER, s1|rpc:0.0.0.0:42905|dataStream:|priority:0|startupRole:FOLLOWER, s2|rpc:0.0.0.0:43905|dataStream:|priority:0|startupRole:FOLLOWER]|listeners:[], old=null CLOSED
  s1:   CLOSED  FOLLOWER s1@group-5DD5DE37E73E:t1, leader=s0, voted=null, raftlog=Memoized:s1@group-5DD5DE37E73E-SegmentedRaftLog:CLOSED:c257, conf=257: peers:[s0|rpc:localhost:35955|admin:localhost:34135|client:localhost:36731|dataStream:localhost:43117|priority:0|startupRole:FOLLOWER, s1|rpc:0.0.0.0:42905|dataStream:|priority:0|startupRole:FOLLOWER, s2|rpc:0.0.0.0:43905|dataStream:|priority:0|startupRole:FOLLOWER]|listeners:[], old=null CLOSED
  s2:   CLOSED  FOLLOWER s2@group-5DD5DE37E73E:t1, leader=s0, voted=null, raftlog=Memoized:s2@group-5DD5DE37E73E-SegmentedRaftLog:CLOSED:c257, conf=257: peers:[s0|rpc:localhost:35955|admin:localhost:34135|client:localhost:36731|dataStream:localhost:43117|priority:0|startupRole:FOLLOWER, s1|rpc:0.0.0.0:42905|dataStream:|priority:0|startupRole:FOLLOWER, s2|rpc:0.0.0.0:43905|dataStream:|priority:0|startupRole:FOLLOWER]|listeners:[], old=null CLOSED
2023-04-27 07:11:48,707 [Time-limited test] INFO  impl.MiniRaftCluster (MiniRaftCluster.java:shutdown(855)) - MiniRaftClusterWithGrpc shutdown completed
]]></system-out>
  </testcase>
  <testcase name="testSeparateSnapshotInstallPath[0]" classname="org.apache.ratis.grpc.TestLeaderInstallSnapshot" time="2.078">
    <system-out><![CDATA[2023-04-27 07:11:48,709 [main] INFO  util.LogUtils (Slf4jUtils.java:setLogLevel(38)) - Successfully set org.apache.ratis.conf.ConfUtils log level to WARN
2023-04-27 07:11:48,710 [main] INFO  util.LogUtils (Slf4jUtils.java:setLogLevel(38)) - Successfully set org.apache.ratis.util.FileUtils log level to TRACE
2023-04-27 07:11:48,710 [Time-limited test] INFO  impl.MiniRaftCluster (MiniRaftCluster.java:runWithNewCluster(135)) - Running runWithNewCluster
2023-04-27 07:11:48,711 [Time-limited test] INFO  impl.MiniRaftCluster (MiniRaftCluster.java:<init>(306)) - new MiniRaftClusterWithGrpc with group-D868071D5EC9:[s0|rpc:localhost:36383|admin:localhost:45217|client:localhost:34145|dataStream:localhost:38499|priority:0|startupRole:FOLLOWER]
2023-04-27 07:11:48,711 [Time-limited test] INFO  impl.MiniRaftCluster (MiniRaftCluster.java:start(339)) - .............................................................. 
2023-04-27 07:11:48,711 [Time-limited test] INFO  impl.MiniRaftCluster (MiniRaftCluster.java:start(340)) - ... 
2023-04-27 07:11:48,711 [Time-limited test] INFO  impl.MiniRaftCluster (MiniRaftCluster.java:start(341)) - ...     Starting MiniRaftClusterWithGrpc
2023-04-27 07:11:48,711 [Time-limited test] INFO  impl.MiniRaftCluster (MiniRaftCluster.java:start(342)) - ... 
2023-04-27 07:11:48,711 [Time-limited test] INFO  impl.MiniRaftCluster (MiniRaftCluster.java:start(343)) - .............................................................. 
2023-04-27 07:11:48,711 [Time-limited test] INFO  impl.MiniRaftCluster (MiniRaftCluster.java:initServers(318)) - servers = {}
2023-04-27 07:11:48,711 [Time-limited test] INFO  impl.MiniRaftCluster (MiniRaftCluster.java:newRaftServer(382)) - newRaftServer: s0, group-D868071D5EC9:[s0|rpc:localhost:36383|admin:localhost:45217|client:localhost:34145|dataStream:localhost:38499|priority:0|startupRole:FOLLOWER], format? true
2023-04-27 07:11:48,711 [Time-limited test] TRACE util.FileUtils (FileUtils.java:deleteFully(201)) - deleteFully target/test/data/a5c97c2c/MiniRaftClusterWithGrpc43cd3cce/s0
2023-04-27 07:11:48,712 [Time-limited test] TRACE util.FileUtils (FileUtils.java:deleteFully(217)) - deleteFully: target/test/data/a5c97c2c/MiniRaftClusterWithGrpc43cd3cce/s0 does not exist.
2023-04-27 07:11:48,712 [Time-limited test] INFO  impl.MiniRaftCluster (MiniRaftCluster.java:newRaftServer(387)) - Formatted directory target/test/data/a5c97c2c/MiniRaftClusterWithGrpc43cd3cce/s0
2023-04-27 07:11:48,712 [Time-limited test] INFO  server.RaftServer (ConfUtils.java:logGet(46)) - raft.rpc.type = GRPC (default)
2023-04-27 07:11:48,713 [Time-limited test] INFO  grpc.GrpcConfigKeys (ConfUtils.java:logFallback(53)) - raft.grpc.admin.host = null (fallback to raft.grpc.server.host)
2023-04-27 07:11:48,713 [Time-limited test] INFO  grpc.GrpcConfigKeys (ConfUtils.java:logGet(46)) - raft.grpc.admin.port = 45217 (custom)
2023-04-27 07:11:48,713 [Time-limited test] INFO  grpc.GrpcConfigKeys (ConfUtils.java:logFallback(53)) - raft.grpc.client.host = null (fallback to raft.grpc.server.host)
2023-04-27 07:11:48,713 [Time-limited test] INFO  grpc.GrpcConfigKeys (ConfUtils.java:logGet(46)) - raft.grpc.client.port = 34145 (custom)
2023-04-27 07:11:48,713 [Time-limited test] INFO  grpc.GrpcConfigKeys (ConfUtils.java:logGet(46)) - raft.grpc.server.host = null (default)
2023-04-27 07:11:48,713 [Time-limited test] INFO  grpc.GrpcConfigKeys (ConfUtils.java:logGet(46)) - raft.grpc.server.port = 36383 (custom)
2023-04-27 07:11:48,713 [Time-limited test] INFO  server.GrpcService (ConfUtils.java:logGet(46)) - raft.grpc.message.size.max = 64MB (=67108864) (default)
2023-04-27 07:11:48,713 [Time-limited test] INFO  server.RaftServerConfigKeys (ConfUtils.java:logGet(46)) - raft.server.log.appender.buffer.byte-limit = 4MB (=4194304) (default)
2023-04-27 07:11:48,713 [Time-limited test] INFO  server.GrpcService (ConfUtils.java:logGet(46)) - raft.grpc.flow.control.window = 1MB (=1048576) (default)
2023-04-27 07:11:48,713 [Time-limited test] INFO  server.RaftServerConfigKeys (ConfUtils.java:logGet(46)) - raft.server.rpc.request.timeout = 3000ms (default)
2023-04-27 07:11:48,713 [Time-limited test] INFO  grpc.GrpcConfigKeys (ConfUtils.java:logGet(46)) - raft.grpc.server.heartbeat.channel = false (custom)
2023-04-27 07:11:48,713 [Time-limited test] INFO  grpc.GrpcConfigKeys (ConfUtils.java:logGet(46)) - raft.grpc.server.async.request.thread.pool.cached = true (default)
2023-04-27 07:11:48,713 [Time-limited test] INFO  grpc.GrpcConfigKeys (ConfUtils.java:logGet(46)) - raft.grpc.server.async.request.thread.pool.size = 32 (default)
2023-04-27 07:11:48,715 [Time-limited test] INFO  impl.DataStreamServerImpl (ConfUtils.java:logGet(46)) - raft.datastream.type = DISABLED (default)
2023-04-27 07:11:48,715 [Time-limited test] INFO  server.RaftServerConfigKeys (ConfUtils.java:logGet(46)) - raft.server.threadpool.proxy.cached = true (default)
2023-04-27 07:11:48,715 [Time-limited test] INFO  server.RaftServerConfigKeys (ConfUtils.java:logGet(46)) - raft.server.threadpool.proxy.size = 0 (default)
2023-04-27 07:11:48,715 [Time-limited test] INFO  server.RaftServerConfigKeys (ConfUtils.java:logGet(46)) - raft.server.rpc.slowness.timeout = 60s (default)
2023-04-27 07:11:48,715 [Time-limited test] INFO  server.RaftServerConfigKeys (ConfUtils.java:logGet(46)) - raft.server.leaderelection.leader.step-down.wait-time = 10s (default)
2023-04-27 07:11:48,715 [Time-limited test] INFO  server.RaftServerConfigKeys (ConfUtils.java:logGet(46)) - raft.server.storage.dir = [/home/runner/work/ratis/ratis/ratis-test/target/test/data/a5c97c2c/MiniRaftClusterWithGrpc43cd3cce/s0] (custom)
2023-04-27 07:11:48,716 [Time-limited test] INFO  server.RaftServer (RaftServerProxy.java:addNew(99)) - s0: addNew group-D868071D5EC9:[s0|rpc:localhost:36383|admin:localhost:45217|client:localhost:34145|dataStream:localhost:38499|priority:0|startupRole:FOLLOWER] returns group-D868071D5EC9:java.util.concurrent.CompletableFuture@73f3ad6a[Not completed]
2023-04-27 07:11:48,716 [s0-groupManagement] INFO  server.RaftServerConfigKeys (ConfUtils.java:logGet(46)) - raft.server.log.segment.size.max = 8MB (=8388608) (default)
2023-04-27 07:11:48,716 [s0-groupManagement] INFO  server.RaftServerConfigKeys (ConfUtils.java:logGet(46)) - raft.server.log.preallocated.size = 4MB (=4194304) (default)
2023-04-27 07:11:48,716 [s0-groupManagement] INFO  server.RaftServerConfigKeys (ConfUtils.java:logGet(46)) - raft.server.log.write.buffer.size = 64KB (=65536) (default)
2023-04-27 07:11:48,716 [s0-groupManagement] INFO  server.RaftServer$Division (RaftServerImpl.java:<init>(198)) - s0: new RaftServerImpl for group-D868071D5EC9:[s0|rpc:localhost:36383|admin:localhost:45217|client:localhost:34145|dataStream:localhost:38499|priority:0|startupRole:FOLLOWER] with StateMachineWithSeparatedSnapshotPath:uninitialized
2023-04-27 07:11:48,716 [s0-groupManagement] INFO  server.RaftServerConfigKeys (ConfUtils.java:logGet(46)) - raft.server.rpc.timeout.min = 150ms (default)
2023-04-27 07:11:48,716 [s0-groupManagement] INFO  server.RaftServerConfigKeys (ConfUtils.java:logGet(46)) - raft.server.rpc.timeout.max = 300ms (default)
2023-04-27 07:11:48,716 [s0-groupManagement] INFO  server.RaftServerConfigKeys (ConfUtils.java:logGet(46)) - raft.server.rpc.sleep.time = 25ms (default)
2023-04-27 07:11:48,716 [s0-groupManagement] INFO  server.RaftServerConfigKeys (ConfUtils.java:logGet(46)) - raft.server.rpc.slowness.timeout = 60s (default)
2023-04-27 07:11:48,716 [s0-groupManagement] INFO  server.RaftServerConfigKeys (ConfUtils.java:logGet(46)) - raft.server.leaderelection.leader.step-down.wait-time = 10s (default)
2023-04-27 07:11:48,716 [s0-groupManagement] INFO  server.RaftServerConfigKeys (ConfUtils.java:logGet(46)) - raft.server.sleep.deviation.threshold = 300ms (default)
2023-04-27 07:11:48,717 [s0-groupManagement] INFO  server.RaftServer$Division (ServerState.java:<init>(113)) - s0@group-D868071D5EC9: ConfigurationManager, init=-1: peers:[s0|rpc:localhost:36383|admin:localhost:45217|client:localhost:34145|dataStream:localhost:38499|priority:0|startupRole:FOLLOWER]|listeners:[], old=null, confs=<EMPTY_MAP>
2023-04-27 07:11:48,717 [s0-groupManagement] INFO  server.RaftServerConfigKeys (ConfUtils.java:logGet(46)) - raft.server.notification.no-leader.timeout = 60s (default)
2023-04-27 07:11:48,717 [s0-groupManagement] INFO  server.RaftServerConfigKeys (ConfUtils.java:logGet(46)) - raft.server.read.timeout = 10s (default)
2023-04-27 07:11:48,717 [s0-groupManagement] INFO  server.RaftServerConfigKeys (ConfUtils.java:logGet(46)) - raft.server.retrycache.expirytime = 60s (default)
2023-04-27 07:11:48,717 [s0-groupManagement] INFO  server.RaftServerConfigKeys (ConfUtils.java:logGet(46)) - raft.server.retrycache.statistics.expirytime = 100μs (default)
2023-04-27 07:11:48,717 [s0-groupManagement] INFO  server.RaftServerConfigKeys (ConfUtils.java:logGet(46)) - raft.server.read.option = DEFAULT (default)
2023-04-27 07:11:48,718 [s0-groupManagement] INFO  server.RaftServerConfigKeys (ConfUtils.java:logGet(46)) - raft.server.rpc.request.timeout = 3000ms (default)
2023-04-27 07:11:48,718 [s0-groupManagement] INFO  server.RaftServerConfigKeys (ConfUtils.java:logGet(46)) - raft.server.log.appender.install.snapshot.enabled = true (default)
2023-04-27 07:11:48,719 [s0-groupManagement] INFO  server.RaftServerConfigKeys (ConfUtils.java:logGet(46)) - raft.server.threadpool.server.cached = true (default)
2023-04-27 07:11:48,719 [s0-groupManagement] INFO  server.RaftServerConfigKeys (ConfUtils.java:logGet(46)) - raft.server.threadpool.server.size = 0 (default)
2023-04-27 07:11:48,719 [s0-groupManagement] INFO  server.RaftServerConfigKeys (ConfUtils.java:logGet(46)) - raft.server.threadpool.client.cached = true (default)
2023-04-27 07:11:48,719 [s0-groupManagement] INFO  server.RaftServerConfigKeys (ConfUtils.java:logGet(46)) - raft.server.threadpool.client.size = 0 (default)
2023-04-27 07:11:48,719 [s0-impl-thread1] INFO  server.RaftServerConfigKeys (ConfUtils.java:logGet(46)) - raft.server.storage.free-space.min = 0MB (=0) (default)
2023-04-27 07:11:48,719 [s0-impl-thread1] INFO  server.RaftServerConfigKeys (ConfUtils.java:logGet(46)) - raft.server.log.corruption.policy = EXCEPTION (default)
2023-04-27 07:11:48,719 [s0-impl-thread1] INFO  server.RaftServerConfigKeys (ConfUtils.java:logGet(46)) - raft.server.storage.dir = [/home/runner/work/ratis/ratis/ratis-test/target/test/data/a5c97c2c/MiniRaftClusterWithGrpc43cd3cce/s0] (custom)
2023-04-27 07:11:48,719 [s0-impl-thread1] INFO  storage.RaftStorageDirectory (RaftStorageDirectoryImpl.java:analyzeStorage(138)) - The storage directory /home/runner/work/ratis/ratis/ratis-test/target/test/data/a5c97c2c/MiniRaftClusterWithGrpc43cd3cce/s0/55838c96-a354-45ad-b2e0-d868071d5ec9 does not exist. Creating ...
2023-04-27 07:11:48,719 [s0-impl-thread1] TRACE util.FileUtils (LogUtils.java:runAndLog(49)) - Successfully ran Files.createDirectories /home/runner/work/ratis/ratis/ratis-test/target/test/data/a5c97c2c/MiniRaftClusterWithGrpc43cd3cce/s0/55838c96-a354-45ad-b2e0-d868071d5ec9
2023-04-27 07:11:48,721 [s0-impl-thread1] INFO  storage.RaftStorageDirectory (RaftStorageDirectoryImpl.java:tryLock(232)) - Lock on /home/runner/work/ratis/ratis/ratis-test/target/test/data/a5c97c2c/MiniRaftClusterWithGrpc43cd3cce/s0/55838c96-a354-45ad-b2e0-d868071d5ec9/in_use.lock acquired by nodename 24267@fv-az591-70
2023-04-27 07:11:48,721 [s0-impl-thread1] TRACE util.FileUtils (LogUtils.java:runAndLog(49)) - Successfully ran Files.createDirectories /home/runner/work/ratis/ratis/ratis-test/target/test/data/a5c97c2c/MiniRaftClusterWithGrpc43cd3cce/s0/55838c96-a354-45ad-b2e0-d868071d5ec9/current
2023-04-27 07:11:48,721 [s0-impl-thread1] TRACE util.FileUtils (LogUtils.java:runAndLog(49)) - Successfully ran Files.createDirectories /home/runner/work/ratis/ratis/ratis-test/target/test/data/a5c97c2c/MiniRaftClusterWithGrpc43cd3cce/s0/55838c96-a354-45ad-b2e0-d868071d5ec9/sm
2023-04-27 07:11:48,722 [s0-impl-thread1] INFO  storage.RaftStorage (RaftStorageImpl.java:format(96)) - Storage directory /home/runner/work/ratis/ratis/ratis-test/target/test/data/a5c97c2c/MiniRaftClusterWithGrpc43cd3cce/s0/55838c96-a354-45ad-b2e0-d868071d5ec9 has been successfully formatted.
2023-04-27 07:11:48,722 [s0-impl-thread1] INFO  impl.SimpleStateMachine4Testing (SimpleStateMachine4Testing.java:initialize(213)) - Initializing StateMachineWithSeparatedSnapshotPath:uninitialized
2023-04-27 07:11:48,722 [s0-impl-thread1] INFO  impl.SimpleStateMachine4Testing (SimpleStateMachine4Testing.java:loadSnapshot(293)) - Loading snapshot null
2023-04-27 07:11:48,722 [s0-impl-thread1] TRACE util.FileUtils (FileUtils.java:deleteFully(201)) - deleteFully /tmp/ratis-tests/statemachine/s0
2023-04-27 07:11:48,723 [s0-impl-thread1] TRACE util.FileUtils (FileUtils.java:deleteFully(217)) - deleteFully: /tmp/ratis-tests/statemachine/s0 does not exist.
2023-04-27 07:11:48,723 [s0-impl-thread1] INFO  server.RaftServerConfigKeys (ConfUtils.java:logGet(46)) - raft.server.log.use.memory = false (default)
2023-04-27 07:11:48,723 [s0-impl-thread1] INFO  server.RaftServerConfigKeys (ConfUtils.java:logGet(46)) - raft.server.log.purge.gap = 8 (custom)
2023-04-27 07:11:48,723 [s0-impl-thread1] INFO  server.RaftServerConfigKeys (ConfUtils.java:logGet(46)) - raft.server.log.appender.buffer.byte-limit = 4MB (=4194304) (default)
2023-04-27 07:11:48,723 [s0-impl-thread1] INFO  server.RaftServerConfigKeys (ConfUtils.java:logGet(46)) - raft.server.log.statemachine.data.read.timeout = 1000ms (default)
2023-04-27 07:11:48,724 [s0-impl-thread1] INFO  server.RaftServerConfigKeys (ConfUtils.java:logGet(46)) - raft.server.log.purge.preservation.log.num = 0 (default)
2023-04-27 07:11:48,724 [s0-impl-thread1] INFO  server.RaftServerConfigKeys (ConfUtils.java:logGet(46)) - raft.server.log.segment.size.max = 8MB (=8388608) (default)
2023-04-27 07:11:48,725 [s0-impl-thread1] INFO  server.RaftServerConfigKeys (ConfUtils.java:logGet(46)) - raft.server.log.segment.cache.num.max = 6 (default)
2023-04-27 07:11:48,725 [s0-impl-thread1] INFO  server.RaftServerConfigKeys (ConfUtils.java:logGet(46)) - raft.server.log.segment.cache.size.max = 200MB (=209715200) (default)
2023-04-27 07:11:48,725 [s0-impl-thread1] INFO  server.RaftServerConfigKeys (ConfUtils.java:logGet(46)) - raft.server.log.appender.buffer.byte-limit = 4MB (=4194304) (default)
2023-04-27 07:11:48,725 [s0-impl-thread1] INFO  segmented.SegmentedRaftLogWorker (SegmentedRaftLogWorker.java:<init>(183)) - new s0@group-D868071D5EC9-SegmentedRaftLogWorker for RaftStorageImpl:Storage Directory /home/runner/work/ratis/ratis/ratis-test/target/test/data/a5c97c2c/MiniRaftClusterWithGrpc43cd3cce/s0/55838c96-a354-45ad-b2e0-d868071d5ec9
2023-04-27 07:11:48,725 [s0-impl-thread1] INFO  server.RaftServerConfigKeys (ConfUtils.java:logGet(46)) - raft.server.log.queue.byte-limit = 64MB (=67108864) (default)
2023-04-27 07:11:48,725 [s0-impl-thread1] INFO  server.RaftServerConfigKeys (ConfUtils.java:logGet(46)) - raft.server.log.queue.element-limit = 4096 (default)
2023-04-27 07:11:48,725 [s0-impl-thread1] INFO  server.RaftServerConfigKeys (ConfUtils.java:logGet(46)) - raft.server.log.segment.size.max = 8MB (=8388608) (default)
2023-04-27 07:11:48,725 [s0-impl-thread1] INFO  server.RaftServerConfigKeys (ConfUtils.java:logGet(46)) - raft.server.log.preallocated.size = 4MB (=4194304) (default)
2023-04-27 07:11:48,725 [s0-impl-thread1] INFO  server.RaftServerConfigKeys (ConfUtils.java:logGet(46)) - raft.server.log.force.sync.num = 128 (default)
2023-04-27 07:11:48,725 [s0-impl-thread1] INFO  server.RaftServerConfigKeys (ConfUtils.java:logGet(46)) - raft.server.log.statemachine.data.sync = true (default)
2023-04-27 07:11:48,725 [s0-impl-thread1] INFO  server.RaftServerConfigKeys (ConfUtils.java:logGet(46)) - raft.server.log.statemachine.data.sync.timeout = 10s (default)
2023-04-27 07:11:48,725 [s0-impl-thread1] INFO  server.RaftServerConfigKeys (ConfUtils.java:logGet(46)) - raft.server.log.statemachine.data.sync.timeout.retry = -1 (default)
2023-04-27 07:11:48,725 [s0-impl-thread1] INFO  server.RaftServerConfigKeys (ConfUtils.java:logGet(46)) - raft.server.log.write.buffer.size = 64KB (=65536) (default)
2023-04-27 07:11:48,725 [s0-impl-thread1] INFO  server.RaftServerConfigKeys (ConfUtils.java:logGet(46)) - raft.server.log.appender.buffer.byte-limit = 4MB (=4194304) (default)
2023-04-27 07:11:48,727 [s0-impl-thread1] INFO  server.RaftServerConfigKeys (ConfUtils.java:logGet(46)) - raft.server.log.unsafe-flush.enabled = false (default)
2023-04-27 07:11:48,727 [s0-impl-thread1] INFO  server.RaftServerConfigKeys (ConfUtils.java:logGet(46)) - raft.server.log.async-flush.enabled = false (default)
2023-04-27 07:11:48,727 [s0-impl-thread1] INFO  server.RaftServerConfigKeys (ConfUtils.java:logGet(46)) - raft.server.log.statemachine.data.caching.enabled = false (default)
2023-04-27 07:11:48,727 [s0-impl-thread1] INFO  segmented.SegmentedRaftLogWorker (SegmentedRaftLogWorker.java:lambda$new$0(134)) - s0@group-D868071D5EC9-SegmentedRaftLogWorker: flushIndex: setUnconditionally 0 -> -1
2023-04-27 07:11:48,727 [s0-impl-thread1] INFO  segmented.SegmentedRaftLogWorker (SegmentedRaftLogWorker.java:lambda$new$0(134)) - s0@group-D868071D5EC9-SegmentedRaftLogWorker: safeCacheEvictIndex: setUnconditionally 0 -> -1
2023-04-27 07:11:48,734 [s0-impl-thread1] INFO  server.RaftServer$Division (RaftServerImpl.java:start(342)) - s0@group-D868071D5EC9: start as a follower, conf=-1: peers:[s0|rpc:localhost:36383|admin:localhost:45217|client:localhost:34145|dataStream:localhost:38499|priority:0|startupRole:FOLLOWER]|listeners:[], old=null
2023-04-27 07:11:48,734 [s0-impl-thread1] INFO  server.RaftServer$Division (RaftServerImpl.java:setRole(329)) - s0@group-D868071D5EC9: changes role from      null to FOLLOWER at term 0 for startAsFollower
2023-04-27 07:11:48,734 [s0-impl-thread1] INFO  impl.RoleInfo (RoleInfo.java:updateAndGet(139)) - s0: start s0@group-D868071D5EC9-FollowerState
2023-04-27 07:11:48,735 [s0-impl-thread1] INFO  util.JmxRegister (JmxRegister.java:tryRegister(44)) - Successfully registered JMX Bean with object name Ratis:service=RaftServer,group=group-D868071D5EC9,id=s0
2023-04-27 07:11:48,735 [s0-impl-thread1] INFO  server.RaftServerConfigKeys (ConfUtils.java:logGet(46)) - raft.server.snapshot.auto.trigger.enabled = true (custom)
2023-04-27 07:11:48,735 [s0-impl-thread1] INFO  server.RaftServerConfigKeys (ConfUtils.java:logGet(46)) - raft.server.snapshot.auto.trigger.threshold = 64 (custom)
2023-04-27 07:11:48,735 [s0-impl-thread1] INFO  server.RaftServerConfigKeys (ConfUtils.java:logGet(46)) - raft.server.snapshot.retention.file.num = -1 (default)
2023-04-27 07:11:48,735 [s0-impl-thread1] INFO  server.RaftServerConfigKeys (ConfUtils.java:logGet(46)) - raft.server.log.purge.upto.snapshot.index = false (default)
2023-04-27 07:11:48,735 [s0@group-D868071D5EC9-FollowerState] INFO  server.RaftServerConfigKeys (ConfUtils.java:logFallback(53)) - raft.server.rpc.first-election.timeout.min = 150ms (fallback to raft.server.rpc.timeout.min)
2023-04-27 07:11:48,736 [s0@group-D868071D5EC9-FollowerState] INFO  server.RaftServerConfigKeys (ConfUtils.java:logFallback(53)) - raft.server.rpc.first-election.timeout.max = 300ms (fallback to raft.server.rpc.timeout.max)
2023-04-27 07:11:48,738 [Time-limited test] INFO  server.RaftServer (RaftServerProxy.java:startImpl(401)) - s0: start RPC server
2023-04-27 07:11:48,739 [Time-limited test] INFO  server.GrpcService (GrpcService.java:startImpl(302)) - s0: GrpcService started, listening on 34145
2023-04-27 07:11:48,740 [Time-limited test] INFO  server.GrpcService (GrpcService.java:startImpl(302)) - s0: GrpcService started, listening on 36383
2023-04-27 07:11:48,740 [Time-limited test] INFO  server.GrpcService (GrpcService.java:startImpl(302)) - s0: GrpcService started, listening on 45217
2023-04-27 07:11:48,742 [JvmPauseMonitor3] INFO  util.JvmPauseMonitor (JvmPauseMonitor.java:run(103)) - JvmPauseMonitor-s0: Started
2023-04-27 07:11:48,746 [Time-limited test] INFO  server.RaftServerConfigKeys (ConfUtils.java:logGet(46)) - raft.server.rpc.timeout.max = 300ms (default)
2023-04-27 07:11:48,747 [Time-limited test] INFO  ratis.RaftTestUtil (RaftTestUtil.java:waitForLeader(100)) - printing ALL groups
  s0:  RUNNING  FOLLOWER s0@group-D868071D5EC9:t0, leader=null, voted=, raftlog=Memoized:s0@group-D868071D5EC9-SegmentedRaftLog:OPENED:c-1, conf=-1: peers:[s0|rpc:localhost:36383|admin:localhost:45217|client:localhost:34145|dataStream:localhost:38499|priority:0|startupRole:FOLLOWER]|listeners:[], old=null RUNNING
2023-04-27 07:11:48,747 [Time-limited test] WARN  ratis.RaftTestUtil (JavaUtils.java:attempt(217)) - FAILED "waitForLeader-null-(expectLeader? true)", attempt #1/100: java.lang.IllegalStateException: No leader yet : printing ALL groups
  s0:  RUNNING  FOLLOWER s0@group-D868071D5EC9:t0, leader=null, voted=, raftlog=Memoized:s0@group-D868071D5EC9-SegmentedRaftLog:OPENED:c-1, conf=-1: peers:[s0|rpc:localhost:36383|admin:localhost:45217|client:localhost:34145|dataStream:localhost:38499|priority:0|startupRole:FOLLOWER]|listeners:[], old=null RUNNING, sleep 450ms and then retry.
java.lang.IllegalStateException: No leader yet : printing ALL groups
  s0:  RUNNING  FOLLOWER s0@group-D868071D5EC9:t0, leader=null, voted=, raftlog=Memoized:s0@group-D868071D5EC9-SegmentedRaftLog:OPENED:c-1, conf=-1: peers:[s0|rpc:localhost:36383|admin:localhost:45217|client:localhost:34145|dataStream:localhost:38499|priority:0|startupRole:FOLLOWER]|listeners:[], old=null RUNNING
	at org.apache.ratis.server.impl.MiniRaftCluster.newIllegalStateExceptionForNoLeaders(MiniRaftCluster.java:581)
	at org.apache.ratis.RaftTestUtil.lambda$waitForLeader$1(RaftTestUtil.java:104)
	at org.apache.ratis.server.impl.MiniRaftCluster.getLeader(MiniRaftCluster.java:615)
	at org.apache.ratis.server.impl.MiniRaftCluster.getLeader(MiniRaftCluster.java:608)
	at org.apache.ratis.RaftTestUtil.lambda$waitForLeader$3(RaftTestUtil.java:112)
	at org.apache.ratis.util.JavaUtils.attempt(JavaUtils.java:211)
	at org.apache.ratis.util.JavaUtils.attemptRepeatedly(JavaUtils.java:197)
	at org.apache.ratis.RaftTestUtil.waitForLeader(RaftTestUtil.java:111)
	at org.apache.ratis.RaftTestUtil.waitForLeader(RaftTestUtil.java:92)
	at org.apache.ratis.RaftTestUtil.waitForLeader(RaftTestUtil.java:87)
	at org.apache.ratis.InstallSnapshotFromLeaderTests.testMultiFileInstallSnapshot(InstallSnapshotFromLeaderTests.java:93)
	at org.apache.ratis.server.impl.MiniRaftCluster$Factory$Get.runWithNewCluster(MiniRaftCluster.java:141)
	at org.apache.ratis.server.impl.MiniRaftCluster$Factory$Get.runWithNewCluster(MiniRaftCluster.java:121)
	at org.apache.ratis.InstallSnapshotFromLeaderTests.testSeparateSnapshotInstallPath(InstallSnapshotFromLeaderTests.java:87)
	at java.base/jdk.internal.reflect.NativeMethodAccessorImpl.invoke0(Native Method)
	at java.base/jdk.internal.reflect.NativeMethodAccessorImpl.invoke(NativeMethodAccessorImpl.java:62)
	at java.base/jdk.internal.reflect.DelegatingMethodAccessorImpl.invoke(DelegatingMethodAccessorImpl.java:43)
	at java.base/java.lang.reflect.Method.invoke(Method.java:566)
	at org.junit.runners.model.FrameworkMethod$1.runReflectiveCall(FrameworkMethod.java:59)
	at org.junit.internal.runners.model.ReflectiveCallable.run(ReflectiveCallable.java:12)
	at org.junit.runners.model.FrameworkMethod.invokeExplosively(FrameworkMethod.java:56)
	at org.junit.internal.runners.statements.InvokeMethod.evaluate(InvokeMethod.java:17)
	at org.junit.internal.runners.statements.RunAfters.evaluate(RunAfters.java:27)
	at org.junit.internal.runners.statements.FailOnTimeout$CallableStatement.call(FailOnTimeout.java:299)
	at org.junit.internal.runners.statements.FailOnTimeout$CallableStatement.call(FailOnTimeout.java:293)
	at java.base/java.util.concurrent.FutureTask.run(FutureTask.java:264)
	at java.base/java.lang.Thread.run(Thread.java:829)
2023-04-27 07:11:49,016 [s0@group-D868071D5EC9-FollowerState] INFO  impl.FollowerState (FollowerState.java:run(143)) - s0@group-D868071D5EC9-FollowerState: change to CANDIDATE, lastRpcElapsedTime:281337665ns, electionTimeout:280ms
2023-04-27 07:11:49,016 [s0@group-D868071D5EC9-FollowerState] INFO  impl.RoleInfo (RoleInfo.java:shutdownFollowerState(110)) - s0: shutdown s0@group-D868071D5EC9-FollowerState
2023-04-27 07:11:49,016 [s0@group-D868071D5EC9-FollowerState] INFO  server.RaftServer$Division (RaftServerImpl.java:setRole(329)) - s0@group-D868071D5EC9: changes role from  FOLLOWER to CANDIDATE at term 0 for changeToCandidate
2023-04-27 07:11:49,017 [s0@group-D868071D5EC9-FollowerState] INFO  server.RaftServerConfigKeys (ConfUtils.java:logGet(46)) - raft.server.leaderelection.pre-vote = true (default)
2023-04-27 07:11:49,017 [s0@group-D868071D5EC9-FollowerState] INFO  impl.RoleInfo (RoleInfo.java:updateAndGet(139)) - s0: start s0@group-D868071D5EC9-LeaderElection2
2023-04-27 07:11:49,019 [s0@group-D868071D5EC9-LeaderElection2] INFO  impl.LeaderElection (LeaderElection.java:askForVotes(320)) - s0@group-D868071D5EC9-LeaderElection2 PRE_VOTE round 0: submit vote requests at term 0 for -1: peers:[s0|rpc:localhost:36383|admin:localhost:45217|client:localhost:34145|dataStream:localhost:38499|priority:0|startupRole:FOLLOWER]|listeners:[], old=null
2023-04-27 07:11:49,019 [s0@group-D868071D5EC9-LeaderElection2] INFO  impl.LeaderElection (LeaderElection.java:askForVotes(322)) - s0@group-D868071D5EC9-LeaderElection2 PRE_VOTE round 0: result PASSED (term=0)
2023-04-27 07:11:49,020 [s0@group-D868071D5EC9-LeaderElection2] INFO  impl.LeaderElection (LeaderElection.java:askForVotes(320)) - s0@group-D868071D5EC9-LeaderElection2 ELECTION round 0: submit vote requests at term 1 for -1: peers:[s0|rpc:localhost:36383|admin:localhost:45217|client:localhost:34145|dataStream:localhost:38499|priority:0|startupRole:FOLLOWER]|listeners:[], old=null
2023-04-27 07:11:49,021 [s0@group-D868071D5EC9-LeaderElection2] INFO  impl.LeaderElection (LeaderElection.java:askForVotes(322)) - s0@group-D868071D5EC9-LeaderElection2 ELECTION round 0: result PASSED (term=1)
2023-04-27 07:11:49,021 [s0@group-D868071D5EC9-LeaderElection2] INFO  impl.RoleInfo (RoleInfo.java:shutdownLeaderElection(130)) - s0: shutdown s0@group-D868071D5EC9-LeaderElection2
2023-04-27 07:11:49,021 [s0@group-D868071D5EC9-LeaderElection2] INFO  server.RaftServer$Division (RaftServerImpl.java:setRole(329)) - s0@group-D868071D5EC9: changes role from CANDIDATE to LEADER at term 1 for changeToLeader
2023-04-27 07:11:49,021 [s0@group-D868071D5EC9-LeaderElection2] INFO  server.RaftServer$Division (ServerState.java:setLeader(260)) - s0@group-D868071D5EC9: change Leader from null to s0 at term 1 for becomeLeader, leader elected after 304ms
2023-04-27 07:11:49,021 [s0@group-D868071D5EC9-LeaderElection2] INFO  server.RaftServerConfigKeys (ConfUtils.java:logGet(46)) - raft.server.staging.catchup.gap = 1000 (default)
2023-04-27 07:11:49,021 [s0@group-D868071D5EC9-LeaderElection2] INFO  server.RaftServerConfigKeys (ConfUtils.java:logGet(46)) - raft.server.write.element-limit = 4096 (default)
2023-04-27 07:11:49,021 [s0@group-D868071D5EC9-LeaderElection2] INFO  server.RaftServerConfigKeys (ConfUtils.java:logGet(46)) - raft.server.write.byte-limit = 64MB (=67108864) (default)
2023-04-27 07:11:49,021 [s0@group-D868071D5EC9-LeaderElection2] INFO  server.RaftServerConfigKeys (ConfUtils.java:logGet(46)) - raft.server.watch.timeout = 10s (default)
2023-04-27 07:11:49,021 [s0@group-D868071D5EC9-LeaderElection2] INFO  server.RaftServerConfigKeys (ConfUtils.java:logGet(46)) - raft.server.watch.timeout.denomination = 1s (default)
2023-04-27 07:11:49,021 [s0@group-D868071D5EC9-LeaderElection2] INFO  server.RaftServerConfigKeys (ConfUtils.java:logGet(46)) - raft.server.watch.element-limit = 65536 (default)
2023-04-27 07:11:49,021 [s0@group-D868071D5EC9-LeaderElection2] INFO  server.RaftServerConfigKeys (ConfUtils.java:logGet(46)) - raft.server.write.element-limit = 4096 (default)
2023-04-27 07:11:49,021 [s0@group-D868071D5EC9-LeaderElection2] INFO  server.RaftServerConfigKeys (ConfUtils.java:logGet(46)) - raft.server.write.follower.gap.ratio.max = -1.0 (default)
2023-04-27 07:11:49,022 [s0@group-D868071D5EC9-LeaderElection2] INFO  impl.RoleInfo (RoleInfo.java:updateAndGet(139)) - s0: start s0@group-D868071D5EC9-LeaderStateImpl
2023-04-27 07:11:49,022 [s0@group-D868071D5EC9-LeaderElection2] INFO  segmented.SegmentedRaftLogWorker (SegmentedRaftLogWorker.java:startLogSegment(426)) - s0@group-D868071D5EC9-SegmentedRaftLogWorker: Starting segment from index:0
2023-04-27 07:11:49,026 [s0@group-D868071D5EC9-LeaderElection2] INFO  server.RaftServer$Division (ServerState.java:setRaftConf(377)) - s0@group-D868071D5EC9: set configuration 0: peers:[s0|rpc:localhost:36383|admin:localhost:45217|client:localhost:34145|dataStream:localhost:38499|priority:0|startupRole:FOLLOWER]|listeners:[], old=null
2023-04-27 07:11:49,032 [s0@group-D868071D5EC9-SegmentedRaftLogWorker] INFO  segmented.SegmentedRaftLogWorker (SegmentedRaftLogWorker.java:execute(630)) - s0@group-D868071D5EC9-SegmentedRaftLogWorker: created new log segment /home/runner/work/ratis/ratis/ratis-test/target/test/data/a5c97c2c/MiniRaftClusterWithGrpc43cd3cce/s0/55838c96-a354-45ad-b2e0-d868071d5ec9/current/log_inprogress_0
2023-04-27 07:11:49,197 [Time-limited test] INFO  ratis.RaftTestUtil (RaftTestUtil.java:waitForLeader(119)) - printing ALL groups
  s0:  RUNNING    LEADER s0@group-D868071D5EC9:t1, leader=s0, voted=s0, raftlog=Memoized:s0@group-D868071D5EC9-SegmentedRaftLog:OPENED:c0, conf=0: peers:[s0|rpc:localhost:36383|admin:localhost:45217|client:localhost:34145|dataStream:localhost:38499|priority:0|startupRole:FOLLOWER]|listeners:[], old=null RUNNING
2023-04-27 07:11:49,211 [s0@group-D868071D5EC9-StateMachineUpdater] INFO  impl.SimpleStateMachine4Testing (SimpleStateMachine4Testing.java:put(205)) - s0: put 1, m0 -> (t:1, i:1), STATEMACHINELOGENTRY, 129@client-1375A1436102
2023-04-27 07:11:49,215 [s0@group-D868071D5EC9-StateMachineUpdater] INFO  impl.SimpleStateMachine4Testing (SimpleStateMachine4Testing.java:put(205)) - s0: put 3, m1 -> (t:1, i:3), STATEMACHINELOGENTRY, 130@client-1375A1436102
2023-04-27 07:11:49,219 [s0@group-D868071D5EC9-StateMachineUpdater] INFO  impl.SimpleStateMachine4Testing (SimpleStateMachine4Testing.java:put(205)) - s0: put 5, m2 -> (t:1, i:5), STATEMACHINELOGENTRY, 131@client-1375A1436102
2023-04-27 07:11:49,222 [s0@group-D868071D5EC9-StateMachineUpdater] INFO  impl.SimpleStateMachine4Testing (SimpleStateMachine4Testing.java:put(205)) - s0: put 7, m3 -> (t:1, i:7), STATEMACHINELOGENTRY, 132@client-1375A1436102
2023-04-27 07:11:49,225 [s0@group-D868071D5EC9-StateMachineUpdater] INFO  impl.SimpleStateMachine4Testing (SimpleStateMachine4Testing.java:put(205)) - s0: put 9, m4 -> (t:1, i:9), STATEMACHINELOGENTRY, 133@client-1375A1436102
2023-04-27 07:11:49,228 [s0@group-D868071D5EC9-StateMachineUpdater] INFO  impl.SimpleStateMachine4Testing (SimpleStateMachine4Testing.java:put(205)) - s0: put 11, m5 -> (t:1, i:11), STATEMACHINELOGENTRY, 134@client-1375A1436102
2023-04-27 07:11:49,230 [s0@group-D868071D5EC9-StateMachineUpdater] INFO  impl.SimpleStateMachine4Testing (SimpleStateMachine4Testing.java:put(205)) - s0: put 13, m6 -> (t:1, i:13), STATEMACHINELOGENTRY, 135@client-1375A1436102
2023-04-27 07:11:49,234 [s0@group-D868071D5EC9-StateMachineUpdater] INFO  impl.SimpleStateMachine4Testing (SimpleStateMachine4Testing.java:put(205)) - s0: put 15, m7 -> (t:1, i:15), STATEMACHINELOGENTRY, 136@client-1375A1436102
2023-04-27 07:11:49,237 [s0@group-D868071D5EC9-StateMachineUpdater] INFO  impl.SimpleStateMachine4Testing (SimpleStateMachine4Testing.java:put(205)) - s0: put 17, m8 -> (t:1, i:17), STATEMACHINELOGENTRY, 137@client-1375A1436102
2023-04-27 07:11:49,240 [s0@group-D868071D5EC9-StateMachineUpdater] INFO  impl.SimpleStateMachine4Testing (SimpleStateMachine4Testing.java:put(205)) - s0: put 19, m9 -> (t:1, i:19), STATEMACHINELOGENTRY, 138@client-1375A1436102
2023-04-27 07:11:49,243 [s0@group-D868071D5EC9-StateMachineUpdater] INFO  impl.SimpleStateMachine4Testing (SimpleStateMachine4Testing.java:put(205)) - s0: put 21, m10 -> (t:1, i:21), STATEMACHINELOGENTRY, 139@client-1375A1436102
2023-04-27 07:11:49,246 [s0@group-D868071D5EC9-StateMachineUpdater] INFO  impl.SimpleStateMachine4Testing (SimpleStateMachine4Testing.java:put(205)) - s0: put 23, m11 -> (t:1, i:23), STATEMACHINELOGENTRY, 140@client-1375A1436102
2023-04-27 07:11:49,249 [s0@group-D868071D5EC9-StateMachineUpdater] INFO  impl.SimpleStateMachine4Testing (SimpleStateMachine4Testing.java:put(205)) - s0: put 25, m12 -> (t:1, i:25), STATEMACHINELOGENTRY, 141@client-1375A1436102
2023-04-27 07:11:49,252 [s0@group-D868071D5EC9-StateMachineUpdater] INFO  impl.SimpleStateMachine4Testing (SimpleStateMachine4Testing.java:put(205)) - s0: put 27, m13 -> (t:1, i:27), STATEMACHINELOGENTRY, 142@client-1375A1436102
2023-04-27 07:11:49,255 [s0@group-D868071D5EC9-StateMachineUpdater] INFO  impl.SimpleStateMachine4Testing (SimpleStateMachine4Testing.java:put(205)) - s0: put 29, m14 -> (t:1, i:29), STATEMACHINELOGENTRY, 143@client-1375A1436102
2023-04-27 07:11:49,258 [s0@group-D868071D5EC9-StateMachineUpdater] INFO  impl.SimpleStateMachine4Testing (SimpleStateMachine4Testing.java:put(205)) - s0: put 31, m15 -> (t:1, i:31), STATEMACHINELOGENTRY, 144@client-1375A1436102
2023-04-27 07:11:49,261 [s0@group-D868071D5EC9-StateMachineUpdater] INFO  impl.SimpleStateMachine4Testing (SimpleStateMachine4Testing.java:put(205)) - s0: put 33, m16 -> (t:1, i:33), STATEMACHINELOGENTRY, 145@client-1375A1436102
2023-04-27 07:11:49,264 [s0@group-D868071D5EC9-StateMachineUpdater] INFO  impl.SimpleStateMachine4Testing (SimpleStateMachine4Testing.java:put(205)) - s0: put 35, m17 -> (t:1, i:35), STATEMACHINELOGENTRY, 146@client-1375A1436102
2023-04-27 07:11:49,267 [s0@group-D868071D5EC9-StateMachineUpdater] INFO  impl.SimpleStateMachine4Testing (SimpleStateMachine4Testing.java:put(205)) - s0: put 37, m18 -> (t:1, i:37), STATEMACHINELOGENTRY, 147@client-1375A1436102
2023-04-27 07:11:49,271 [s0@group-D868071D5EC9-StateMachineUpdater] INFO  impl.SimpleStateMachine4Testing (SimpleStateMachine4Testing.java:put(205)) - s0: put 39, m19 -> (t:1, i:39), STATEMACHINELOGENTRY, 148@client-1375A1436102
2023-04-27 07:11:49,280 [s0@group-D868071D5EC9-StateMachineUpdater] INFO  impl.SimpleStateMachine4Testing (SimpleStateMachine4Testing.java:put(205)) - s0: put 41, m20 -> (t:1, i:41), STATEMACHINELOGENTRY, 149@client-1375A1436102
2023-04-27 07:11:49,286 [s0@group-D868071D5EC9-StateMachineUpdater] INFO  impl.SimpleStateMachine4Testing (SimpleStateMachine4Testing.java:put(205)) - s0: put 43, m21 -> (t:1, i:43), STATEMACHINELOGENTRY, 150@client-1375A1436102
2023-04-27 07:11:49,289 [s0@group-D868071D5EC9-StateMachineUpdater] INFO  impl.SimpleStateMachine4Testing (SimpleStateMachine4Testing.java:put(205)) - s0: put 45, m22 -> (t:1, i:45), STATEMACHINELOGENTRY, 151@client-1375A1436102
2023-04-27 07:11:49,292 [s0@group-D868071D5EC9-StateMachineUpdater] INFO  impl.SimpleStateMachine4Testing (SimpleStateMachine4Testing.java:put(205)) - s0: put 47, m23 -> (t:1, i:47), STATEMACHINELOGENTRY, 152@client-1375A1436102
2023-04-27 07:11:49,294 [s0@group-D868071D5EC9-StateMachineUpdater] INFO  impl.SimpleStateMachine4Testing (SimpleStateMachine4Testing.java:put(205)) - s0: put 49, m24 -> (t:1, i:49), STATEMACHINELOGENTRY, 153@client-1375A1436102
2023-04-27 07:11:49,297 [s0@group-D868071D5EC9-StateMachineUpdater] INFO  impl.SimpleStateMachine4Testing (SimpleStateMachine4Testing.java:put(205)) - s0: put 51, m25 -> (t:1, i:51), STATEMACHINELOGENTRY, 154@client-1375A1436102
2023-04-27 07:11:49,300 [s0@group-D868071D5EC9-StateMachineUpdater] INFO  impl.SimpleStateMachine4Testing (SimpleStateMachine4Testing.java:put(205)) - s0: put 53, m26 -> (t:1, i:53), STATEMACHINELOGENTRY, 155@client-1375A1436102
2023-04-27 07:11:49,304 [s0@group-D868071D5EC9-StateMachineUpdater] INFO  impl.SimpleStateMachine4Testing (SimpleStateMachine4Testing.java:put(205)) - s0: put 55, m27 -> (t:1, i:55), STATEMACHINELOGENTRY, 156@client-1375A1436102
2023-04-27 07:11:49,307 [s0@group-D868071D5EC9-StateMachineUpdater] INFO  impl.SimpleStateMachine4Testing (SimpleStateMachine4Testing.java:put(205)) - s0: put 57, m28 -> (t:1, i:57), STATEMACHINELOGENTRY, 157@client-1375A1436102
2023-04-27 07:11:49,310 [s0@group-D868071D5EC9-StateMachineUpdater] INFO  impl.SimpleStateMachine4Testing (SimpleStateMachine4Testing.java:put(205)) - s0: put 59, m29 -> (t:1, i:59), STATEMACHINELOGENTRY, 158@client-1375A1436102
2023-04-27 07:11:49,313 [s0@group-D868071D5EC9-StateMachineUpdater] INFO  impl.SimpleStateMachine4Testing (SimpleStateMachine4Testing.java:put(205)) - s0: put 61, m30 -> (t:1, i:61), STATEMACHINELOGENTRY, 159@client-1375A1436102
2023-04-27 07:11:49,316 [s0@group-D868071D5EC9-StateMachineUpdater] INFO  impl.SimpleStateMachine4Testing (SimpleStateMachine4Testing.java:put(205)) - s0: put 63, m31 -> (t:1, i:63), STATEMACHINELOGENTRY, 160@client-1375A1436102
2023-04-27 07:11:49,316 [s0@group-D868071D5EC9-StateMachineUpdater] TRACE util.FileUtils (FileUtils.java:deleteFully(201)) - deleteFully /tmp/ratis-tests/statemachine/s0/snapshot/1_63
2023-04-27 07:11:49,316 [s0@group-D868071D5EC9-StateMachineUpdater] TRACE util.FileUtils (FileUtils.java:deleteFully(217)) - deleteFully: /tmp/ratis-tests/statemachine/s0/snapshot/1_63 does not exist.
2023-04-27 07:11:49,316 [s0@group-D868071D5EC9-StateMachineUpdater] TRACE util.FileUtils (FileUtils.java:deleteFully(201)) - deleteFully /tmp/ratis-tests/statemachine/s0/tmp/7899d16d-084c-48c9-9d7a-7646bc2a5efd
2023-04-27 07:11:49,316 [s0@group-D868071D5EC9-StateMachineUpdater] TRACE util.FileUtils (FileUtils.java:deleteFully(217)) - deleteFully: /tmp/ratis-tests/statemachine/s0/tmp/7899d16d-084c-48c9-9d7a-7646bc2a5efd does not exist.
2023-04-27 07:11:49,317 [s0@group-D868071D5EC9-StateMachineUpdater] TRACE util.FileUtils (LogUtils.java:runAndLog(49)) - Successfully ran Atomic Files.move /tmp/ratis-tests/statemachine/s0/tmp/7899d16d-084c-48c9-9d7a-7646bc2a5efd to /tmp/ratis-tests/statemachine/s0/snapshot/1_63
2023-04-27 07:11:49,317 [s0@group-D868071D5EC9-StateMachineUpdater] INFO  impl.StateMachineUpdater (StateMachineUpdater.java:takeSnapshot(290)) - s0@group-D868071D5EC9-StateMachineUpdater: Took a snapshot at index 63
2023-04-27 07:11:49,317 [s0@group-D868071D5EC9-StateMachineUpdater] INFO  impl.StateMachineUpdater (StateMachineUpdater.java:lambda$new$0(96)) - s0@group-D868071D5EC9-StateMachineUpdater: snapshotIndex: updateIncreasingly -1 -> 63
2023-04-27 07:11:49,317 [s0@group-D868071D5EC9-StateMachineUpdater] INFO  raftlog.RaftLog (RaftLogBase.java:purge(314)) - s0@group-D868071D5EC9-SegmentedRaftLog: purge 63
2023-04-27 07:11:49,317 [s0@group-D868071D5EC9-StateMachineUpdater] INFO  raftlog.RaftLog (RaftLogBase.java:lambda$new$0(53)) - s0@group-D868071D5EC9-SegmentedRaftLog: snapshotIndex: updateIncreasingly -1 -> 63
2023-04-27 07:11:49,317 [s0@group-D868071D5EC9-StateMachineUpdater] INFO  raftlog.RaftLog (RaftLogBase.java:lambda$new$0(53)) - s0@group-D868071D5EC9-SegmentedRaftLog: purgeIndex: updateToMax old=-1, new=63, updated? true
2023-04-27 07:11:49,320 [s0@group-D868071D5EC9-StateMachineUpdater] INFO  impl.SimpleStateMachine4Testing (SimpleStateMachine4Testing.java:put(205)) - s0: put 65, m32 -> (t:1, i:65), STATEMACHINELOGENTRY, 161@client-1375A1436102
2023-04-27 07:11:49,323 [s0@group-D868071D5EC9-StateMachineUpdater] INFO  impl.SimpleStateMachine4Testing (SimpleStateMachine4Testing.java:put(205)) - s0: put 67, m33 -> (t:1, i:67), STATEMACHINELOGENTRY, 162@client-1375A1436102
2023-04-27 07:11:49,326 [s0@group-D868071D5EC9-StateMachineUpdater] INFO  impl.SimpleStateMachine4Testing (SimpleStateMachine4Testing.java:put(205)) - s0: put 69, m34 -> (t:1, i:69), STATEMACHINELOGENTRY, 163@client-1375A1436102
2023-04-27 07:11:49,331 [s0@group-D868071D5EC9-StateMachineUpdater] INFO  impl.SimpleStateMachine4Testing (SimpleStateMachine4Testing.java:put(205)) - s0: put 71, m35 -> (t:1, i:71), STATEMACHINELOGENTRY, 164@client-1375A1436102
2023-04-27 07:11:49,340 [s0@group-D868071D5EC9-StateMachineUpdater] INFO  impl.SimpleStateMachine4Testing (SimpleStateMachine4Testing.java:put(205)) - s0: put 73, m36 -> (t:1, i:73), STATEMACHINELOGENTRY, 165@client-1375A1436102
2023-04-27 07:11:49,344 [s0@group-D868071D5EC9-StateMachineUpdater] INFO  impl.SimpleStateMachine4Testing (SimpleStateMachine4Testing.java:put(205)) - s0: put 75, m37 -> (t:1, i:75), STATEMACHINELOGENTRY, 166@client-1375A1436102
2023-04-27 07:11:49,347 [s0@group-D868071D5EC9-StateMachineUpdater] INFO  impl.SimpleStateMachine4Testing (SimpleStateMachine4Testing.java:put(205)) - s0: put 77, m38 -> (t:1, i:77), STATEMACHINELOGENTRY, 167@client-1375A1436102
2023-04-27 07:11:49,350 [s0@group-D868071D5EC9-StateMachineUpdater] INFO  impl.SimpleStateMachine4Testing (SimpleStateMachine4Testing.java:put(205)) - s0: put 79, m39 -> (t:1, i:79), STATEMACHINELOGENTRY, 168@client-1375A1436102
2023-04-27 07:11:49,353 [s0@group-D868071D5EC9-StateMachineUpdater] INFO  impl.SimpleStateMachine4Testing (SimpleStateMachine4Testing.java:put(205)) - s0: put 81, m40 -> (t:1, i:81), STATEMACHINELOGENTRY, 169@client-1375A1436102
2023-04-27 07:11:49,357 [s0@group-D868071D5EC9-StateMachineUpdater] INFO  impl.SimpleStateMachine4Testing (SimpleStateMachine4Testing.java:put(205)) - s0: put 83, m41 -> (t:1, i:83), STATEMACHINELOGENTRY, 170@client-1375A1436102
2023-04-27 07:11:49,360 [s0@group-D868071D5EC9-StateMachineUpdater] INFO  impl.SimpleStateMachine4Testing (SimpleStateMachine4Testing.java:put(205)) - s0: put 85, m42 -> (t:1, i:85), STATEMACHINELOGENTRY, 171@client-1375A1436102
2023-04-27 07:11:49,363 [s0@group-D868071D5EC9-StateMachineUpdater] INFO  impl.SimpleStateMachine4Testing (SimpleStateMachine4Testing.java:put(205)) - s0: put 87, m43 -> (t:1, i:87), STATEMACHINELOGENTRY, 172@client-1375A1436102
2023-04-27 07:11:49,367 [s0@group-D868071D5EC9-StateMachineUpdater] INFO  impl.SimpleStateMachine4Testing (SimpleStateMachine4Testing.java:put(205)) - s0: put 89, m44 -> (t:1, i:89), STATEMACHINELOGENTRY, 173@client-1375A1436102
2023-04-27 07:11:49,370 [s0@group-D868071D5EC9-StateMachineUpdater] INFO  impl.SimpleStateMachine4Testing (SimpleStateMachine4Testing.java:put(205)) - s0: put 91, m45 -> (t:1, i:91), STATEMACHINELOGENTRY, 174@client-1375A1436102
2023-04-27 07:11:49,373 [s0@group-D868071D5EC9-StateMachineUpdater] INFO  impl.SimpleStateMachine4Testing (SimpleStateMachine4Testing.java:put(205)) - s0: put 93, m46 -> (t:1, i:93), STATEMACHINELOGENTRY, 175@client-1375A1436102
2023-04-27 07:11:49,375 [s0@group-D868071D5EC9-StateMachineUpdater] INFO  impl.SimpleStateMachine4Testing (SimpleStateMachine4Testing.java:put(205)) - s0: put 95, m47 -> (t:1, i:95), STATEMACHINELOGENTRY, 176@client-1375A1436102
2023-04-27 07:11:49,378 [s0@group-D868071D5EC9-StateMachineUpdater] INFO  impl.SimpleStateMachine4Testing (SimpleStateMachine4Testing.java:put(205)) - s0: put 97, m48 -> (t:1, i:97), STATEMACHINELOGENTRY, 177@client-1375A1436102
2023-04-27 07:11:49,381 [s0@group-D868071D5EC9-StateMachineUpdater] INFO  impl.SimpleStateMachine4Testing (SimpleStateMachine4Testing.java:put(205)) - s0: put 99, m49 -> (t:1, i:99), STATEMACHINELOGENTRY, 178@client-1375A1436102
2023-04-27 07:11:49,385 [s0@group-D868071D5EC9-StateMachineUpdater] INFO  impl.SimpleStateMachine4Testing (SimpleStateMachine4Testing.java:put(205)) - s0: put 101, m50 -> (t:1, i:101), STATEMACHINELOGENTRY, 179@client-1375A1436102
2023-04-27 07:11:49,388 [s0@group-D868071D5EC9-StateMachineUpdater] INFO  impl.SimpleStateMachine4Testing (SimpleStateMachine4Testing.java:put(205)) - s0: put 103, m51 -> (t:1, i:103), STATEMACHINELOGENTRY, 180@client-1375A1436102
2023-04-27 07:11:49,390 [s0@group-D868071D5EC9-StateMachineUpdater] INFO  impl.SimpleStateMachine4Testing (SimpleStateMachine4Testing.java:put(205)) - s0: put 105, m52 -> (t:1, i:105), STATEMACHINELOGENTRY, 181@client-1375A1436102
2023-04-27 07:11:49,394 [s0@group-D868071D5EC9-StateMachineUpdater] INFO  impl.SimpleStateMachine4Testing (SimpleStateMachine4Testing.java:put(205)) - s0: put 107, m53 -> (t:1, i:107), STATEMACHINELOGENTRY, 182@client-1375A1436102
2023-04-27 07:11:49,397 [s0@group-D868071D5EC9-StateMachineUpdater] INFO  impl.SimpleStateMachine4Testing (SimpleStateMachine4Testing.java:put(205)) - s0: put 109, m54 -> (t:1, i:109), STATEMACHINELOGENTRY, 183@client-1375A1436102
2023-04-27 07:11:49,400 [s0@group-D868071D5EC9-StateMachineUpdater] INFO  impl.SimpleStateMachine4Testing (SimpleStateMachine4Testing.java:put(205)) - s0: put 111, m55 -> (t:1, i:111), STATEMACHINELOGENTRY, 184@client-1375A1436102
2023-04-27 07:11:49,403 [s0@group-D868071D5EC9-StateMachineUpdater] INFO  impl.SimpleStateMachine4Testing (SimpleStateMachine4Testing.java:put(205)) - s0: put 113, m56 -> (t:1, i:113), STATEMACHINELOGENTRY, 185@client-1375A1436102
2023-04-27 07:11:49,406 [s0@group-D868071D5EC9-StateMachineUpdater] INFO  impl.SimpleStateMachine4Testing (SimpleStateMachine4Testing.java:put(205)) - s0: put 115, m57 -> (t:1, i:115), STATEMACHINELOGENTRY, 186@client-1375A1436102
2023-04-27 07:11:49,409 [s0@group-D868071D5EC9-StateMachineUpdater] INFO  impl.SimpleStateMachine4Testing (SimpleStateMachine4Testing.java:put(205)) - s0: put 117, m58 -> (t:1, i:117), STATEMACHINELOGENTRY, 187@client-1375A1436102
2023-04-27 07:11:49,412 [s0@group-D868071D5EC9-StateMachineUpdater] INFO  impl.SimpleStateMachine4Testing (SimpleStateMachine4Testing.java:put(205)) - s0: put 119, m59 -> (t:1, i:119), STATEMACHINELOGENTRY, 188@client-1375A1436102
2023-04-27 07:11:49,415 [s0@group-D868071D5EC9-StateMachineUpdater] INFO  impl.SimpleStateMachine4Testing (SimpleStateMachine4Testing.java:put(205)) - s0: put 121, m60 -> (t:1, i:121), STATEMACHINELOGENTRY, 189@client-1375A1436102
2023-04-27 07:11:49,418 [s0@group-D868071D5EC9-StateMachineUpdater] INFO  impl.SimpleStateMachine4Testing (SimpleStateMachine4Testing.java:put(205)) - s0: put 123, m61 -> (t:1, i:123), STATEMACHINELOGENTRY, 190@client-1375A1436102
2023-04-27 07:11:49,422 [s0@group-D868071D5EC9-StateMachineUpdater] INFO  impl.SimpleStateMachine4Testing (SimpleStateMachine4Testing.java:put(205)) - s0: put 125, m62 -> (t:1, i:125), STATEMACHINELOGENTRY, 191@client-1375A1436102
2023-04-27 07:11:49,425 [s0@group-D868071D5EC9-StateMachineUpdater] INFO  impl.SimpleStateMachine4Testing (SimpleStateMachine4Testing.java:put(205)) - s0: put 127, m63 -> (t:1, i:127), STATEMACHINELOGENTRY, 192@client-1375A1436102
2023-04-27 07:11:49,425 [s0@group-D868071D5EC9-StateMachineUpdater] TRACE util.FileUtils (FileUtils.java:deleteFully(201)) - deleteFully /tmp/ratis-tests/statemachine/s0/snapshot/1_127
2023-04-27 07:11:49,425 [s0@group-D868071D5EC9-StateMachineUpdater] TRACE util.FileUtils (FileUtils.java:deleteFully(217)) - deleteFully: /tmp/ratis-tests/statemachine/s0/snapshot/1_127 does not exist.
2023-04-27 07:11:49,425 [s0@group-D868071D5EC9-StateMachineUpdater] TRACE util.FileUtils (FileUtils.java:deleteFully(201)) - deleteFully /tmp/ratis-tests/statemachine/s0/tmp/3769a3c3-4812-400c-b721-9ac0c8f1466c
2023-04-27 07:11:49,426 [s0@group-D868071D5EC9-StateMachineUpdater] TRACE util.FileUtils (FileUtils.java:deleteFully(217)) - deleteFully: /tmp/ratis-tests/statemachine/s0/tmp/3769a3c3-4812-400c-b721-9ac0c8f1466c does not exist.
2023-04-27 07:11:49,426 [s0@group-D868071D5EC9-StateMachineUpdater] TRACE util.FileUtils (LogUtils.java:runAndLog(49)) - Successfully ran Atomic Files.move /tmp/ratis-tests/statemachine/s0/tmp/3769a3c3-4812-400c-b721-9ac0c8f1466c to /tmp/ratis-tests/statemachine/s0/snapshot/1_127
2023-04-27 07:11:49,426 [s0@group-D868071D5EC9-StateMachineUpdater] INFO  impl.StateMachineUpdater (StateMachineUpdater.java:takeSnapshot(290)) - s0@group-D868071D5EC9-StateMachineUpdater: Took a snapshot at index 127
2023-04-27 07:11:49,426 [s0@group-D868071D5EC9-StateMachineUpdater] INFO  impl.StateMachineUpdater (StateMachineUpdater.java:lambda$new$0(96)) - s0@group-D868071D5EC9-StateMachineUpdater: snapshotIndex: updateIncreasingly 63 -> 127
2023-04-27 07:11:49,426 [s0@group-D868071D5EC9-StateMachineUpdater] INFO  raftlog.RaftLog (RaftLogBase.java:purge(314)) - s0@group-D868071D5EC9-SegmentedRaftLog: purge 127
2023-04-27 07:11:49,426 [s0@group-D868071D5EC9-StateMachineUpdater] INFO  raftlog.RaftLog (RaftLogBase.java:lambda$new$0(53)) - s0@group-D868071D5EC9-SegmentedRaftLog: snapshotIndex: updateIncreasingly 63 -> 127
2023-04-27 07:11:49,426 [s0@group-D868071D5EC9-StateMachineUpdater] INFO  raftlog.RaftLog (RaftLogBase.java:lambda$new$0(53)) - s0@group-D868071D5EC9-SegmentedRaftLog: purgeIndex: updateToMax old=63, new=127, updated? true
2023-04-27 07:11:49,429 [s0@group-D868071D5EC9-StateMachineUpdater] INFO  impl.SimpleStateMachine4Testing (SimpleStateMachine4Testing.java:put(205)) - s0: put 129, m64 -> (t:1, i:129), STATEMACHINELOGENTRY, 193@client-1375A1436102
2023-04-27 07:11:49,432 [s0@group-D868071D5EC9-StateMachineUpdater] INFO  impl.SimpleStateMachine4Testing (SimpleStateMachine4Testing.java:put(205)) - s0: put 131, m65 -> (t:1, i:131), STATEMACHINELOGENTRY, 194@client-1375A1436102
2023-04-27 07:11:49,435 [s0@group-D868071D5EC9-StateMachineUpdater] INFO  impl.SimpleStateMachine4Testing (SimpleStateMachine4Testing.java:put(205)) - s0: put 133, m66 -> (t:1, i:133), STATEMACHINELOGENTRY, 195@client-1375A1436102
2023-04-27 07:11:49,438 [s0@group-D868071D5EC9-StateMachineUpdater] INFO  impl.SimpleStateMachine4Testing (SimpleStateMachine4Testing.java:put(205)) - s0: put 135, m67 -> (t:1, i:135), STATEMACHINELOGENTRY, 196@client-1375A1436102
2023-04-27 07:11:49,441 [s0@group-D868071D5EC9-StateMachineUpdater] INFO  impl.SimpleStateMachine4Testing (SimpleStateMachine4Testing.java:put(205)) - s0: put 137, m68 -> (t:1, i:137), STATEMACHINELOGENTRY, 197@client-1375A1436102
2023-04-27 07:11:49,444 [s0@group-D868071D5EC9-StateMachineUpdater] INFO  impl.SimpleStateMachine4Testing (SimpleStateMachine4Testing.java:put(205)) - s0: put 139, m69 -> (t:1, i:139), STATEMACHINELOGENTRY, 198@client-1375A1436102
2023-04-27 07:11:49,447 [s0@group-D868071D5EC9-StateMachineUpdater] INFO  impl.SimpleStateMachine4Testing (SimpleStateMachine4Testing.java:put(205)) - s0: put 141, m70 -> (t:1, i:141), STATEMACHINELOGENTRY, 199@client-1375A1436102
2023-04-27 07:11:49,450 [s0@group-D868071D5EC9-StateMachineUpdater] INFO  impl.SimpleStateMachine4Testing (SimpleStateMachine4Testing.java:put(205)) - s0: put 143, m71 -> (t:1, i:143), STATEMACHINELOGENTRY, 200@client-1375A1436102
2023-04-27 07:11:49,453 [s0@group-D868071D5EC9-StateMachineUpdater] INFO  impl.SimpleStateMachine4Testing (SimpleStateMachine4Testing.java:put(205)) - s0: put 145, m72 -> (t:1, i:145), STATEMACHINELOGENTRY, 201@client-1375A1436102
2023-04-27 07:11:49,455 [s0@group-D868071D5EC9-StateMachineUpdater] INFO  impl.SimpleStateMachine4Testing (SimpleStateMachine4Testing.java:put(205)) - s0: put 147, m73 -> (t:1, i:147), STATEMACHINELOGENTRY, 202@client-1375A1436102
2023-04-27 07:11:49,458 [s0@group-D868071D5EC9-StateMachineUpdater] INFO  impl.SimpleStateMachine4Testing (SimpleStateMachine4Testing.java:put(205)) - s0: put 149, m74 -> (t:1, i:149), STATEMACHINELOGENTRY, 203@client-1375A1436102
2023-04-27 07:11:49,461 [s0@group-D868071D5EC9-StateMachineUpdater] INFO  impl.SimpleStateMachine4Testing (SimpleStateMachine4Testing.java:put(205)) - s0: put 151, m75 -> (t:1, i:151), STATEMACHINELOGENTRY, 204@client-1375A1436102
2023-04-27 07:11:49,464 [s0@group-D868071D5EC9-StateMachineUpdater] INFO  impl.SimpleStateMachine4Testing (SimpleStateMachine4Testing.java:put(205)) - s0: put 153, m76 -> (t:1, i:153), STATEMACHINELOGENTRY, 205@client-1375A1436102
2023-04-27 07:11:49,467 [s0@group-D868071D5EC9-StateMachineUpdater] INFO  impl.SimpleStateMachine4Testing (SimpleStateMachine4Testing.java:put(205)) - s0: put 155, m77 -> (t:1, i:155), STATEMACHINELOGENTRY, 206@client-1375A1436102
2023-04-27 07:11:49,470 [s0@group-D868071D5EC9-StateMachineUpdater] INFO  impl.SimpleStateMachine4Testing (SimpleStateMachine4Testing.java:put(205)) - s0: put 157, m78 -> (t:1, i:157), STATEMACHINELOGENTRY, 207@client-1375A1436102
2023-04-27 07:11:49,475 [s0@group-D868071D5EC9-StateMachineUpdater] INFO  impl.SimpleStateMachine4Testing (SimpleStateMachine4Testing.java:put(205)) - s0: put 159, m79 -> (t:1, i:159), STATEMACHINELOGENTRY, 208@client-1375A1436102
2023-04-27 07:11:49,478 [s0@group-D868071D5EC9-StateMachineUpdater] INFO  impl.SimpleStateMachine4Testing (SimpleStateMachine4Testing.java:put(205)) - s0: put 161, m80 -> (t:1, i:161), STATEMACHINELOGENTRY, 209@client-1375A1436102
2023-04-27 07:11:49,481 [s0@group-D868071D5EC9-StateMachineUpdater] INFO  impl.SimpleStateMachine4Testing (SimpleStateMachine4Testing.java:put(205)) - s0: put 163, m81 -> (t:1, i:163), STATEMACHINELOGENTRY, 210@client-1375A1436102
2023-04-27 07:11:49,483 [s0@group-D868071D5EC9-StateMachineUpdater] INFO  impl.SimpleStateMachine4Testing (SimpleStateMachine4Testing.java:put(205)) - s0: put 165, m82 -> (t:1, i:165), STATEMACHINELOGENTRY, 211@client-1375A1436102
2023-04-27 07:11:49,486 [s0@group-D868071D5EC9-StateMachineUpdater] INFO  impl.SimpleStateMachine4Testing (SimpleStateMachine4Testing.java:put(205)) - s0: put 167, m83 -> (t:1, i:167), STATEMACHINELOGENTRY, 212@client-1375A1436102
2023-04-27 07:11:49,489 [s0@group-D868071D5EC9-StateMachineUpdater] INFO  impl.SimpleStateMachine4Testing (SimpleStateMachine4Testing.java:put(205)) - s0: put 169, m84 -> (t:1, i:169), STATEMACHINELOGENTRY, 213@client-1375A1436102
2023-04-27 07:11:49,492 [s0@group-D868071D5EC9-StateMachineUpdater] INFO  impl.SimpleStateMachine4Testing (SimpleStateMachine4Testing.java:put(205)) - s0: put 171, m85 -> (t:1, i:171), STATEMACHINELOGENTRY, 214@client-1375A1436102
2023-04-27 07:11:49,495 [s0@group-D868071D5EC9-StateMachineUpdater] INFO  impl.SimpleStateMachine4Testing (SimpleStateMachine4Testing.java:put(205)) - s0: put 173, m86 -> (t:1, i:173), STATEMACHINELOGENTRY, 215@client-1375A1436102
2023-04-27 07:11:49,497 [s0@group-D868071D5EC9-StateMachineUpdater] INFO  impl.SimpleStateMachine4Testing (SimpleStateMachine4Testing.java:put(205)) - s0: put 175, m87 -> (t:1, i:175), STATEMACHINELOGENTRY, 216@client-1375A1436102
2023-04-27 07:11:49,500 [s0@group-D868071D5EC9-StateMachineUpdater] INFO  impl.SimpleStateMachine4Testing (SimpleStateMachine4Testing.java:put(205)) - s0: put 177, m88 -> (t:1, i:177), STATEMACHINELOGENTRY, 217@client-1375A1436102
2023-04-27 07:11:49,503 [s0@group-D868071D5EC9-StateMachineUpdater] INFO  impl.SimpleStateMachine4Testing (SimpleStateMachine4Testing.java:put(205)) - s0: put 179, m89 -> (t:1, i:179), STATEMACHINELOGENTRY, 218@client-1375A1436102
2023-04-27 07:11:49,505 [s0@group-D868071D5EC9-StateMachineUpdater] INFO  impl.SimpleStateMachine4Testing (SimpleStateMachine4Testing.java:put(205)) - s0: put 181, m90 -> (t:1, i:181), STATEMACHINELOGENTRY, 219@client-1375A1436102
2023-04-27 07:11:49,508 [s0@group-D868071D5EC9-StateMachineUpdater] INFO  impl.SimpleStateMachine4Testing (SimpleStateMachine4Testing.java:put(205)) - s0: put 183, m91 -> (t:1, i:183), STATEMACHINELOGENTRY, 220@client-1375A1436102
2023-04-27 07:11:49,511 [s0@group-D868071D5EC9-StateMachineUpdater] INFO  impl.SimpleStateMachine4Testing (SimpleStateMachine4Testing.java:put(205)) - s0: put 185, m92 -> (t:1, i:185), STATEMACHINELOGENTRY, 221@client-1375A1436102
2023-04-27 07:11:49,514 [s0@group-D868071D5EC9-StateMachineUpdater] INFO  impl.SimpleStateMachine4Testing (SimpleStateMachine4Testing.java:put(205)) - s0: put 187, m93 -> (t:1, i:187), STATEMACHINELOGENTRY, 222@client-1375A1436102
2023-04-27 07:11:49,516 [s0@group-D868071D5EC9-StateMachineUpdater] INFO  impl.SimpleStateMachine4Testing (SimpleStateMachine4Testing.java:put(205)) - s0: put 189, m94 -> (t:1, i:189), STATEMACHINELOGENTRY, 223@client-1375A1436102
2023-04-27 07:11:49,519 [s0@group-D868071D5EC9-StateMachineUpdater] INFO  impl.SimpleStateMachine4Testing (SimpleStateMachine4Testing.java:put(205)) - s0: put 191, m95 -> (t:1, i:191), STATEMACHINELOGENTRY, 224@client-1375A1436102
2023-04-27 07:11:49,520 [s0@group-D868071D5EC9-StateMachineUpdater] TRACE util.FileUtils (FileUtils.java:deleteFully(201)) - deleteFully /tmp/ratis-tests/statemachine/s0/snapshot/1_191
2023-04-27 07:11:49,520 [s0@group-D868071D5EC9-StateMachineUpdater] TRACE util.FileUtils (FileUtils.java:deleteFully(217)) - deleteFully: /tmp/ratis-tests/statemachine/s0/snapshot/1_191 does not exist.
2023-04-27 07:11:49,520 [s0@group-D868071D5EC9-StateMachineUpdater] TRACE util.FileUtils (FileUtils.java:deleteFully(201)) - deleteFully /tmp/ratis-tests/statemachine/s0/tmp/9336b3d5-22cc-44c1-a138-7d7859441798
2023-04-27 07:11:49,520 [s0@group-D868071D5EC9-StateMachineUpdater] TRACE util.FileUtils (FileUtils.java:deleteFully(217)) - deleteFully: /tmp/ratis-tests/statemachine/s0/tmp/9336b3d5-22cc-44c1-a138-7d7859441798 does not exist.
2023-04-27 07:11:49,520 [s0@group-D868071D5EC9-StateMachineUpdater] TRACE util.FileUtils (LogUtils.java:runAndLog(49)) - Successfully ran Atomic Files.move /tmp/ratis-tests/statemachine/s0/tmp/9336b3d5-22cc-44c1-a138-7d7859441798 to /tmp/ratis-tests/statemachine/s0/snapshot/1_191
2023-04-27 07:11:49,520 [s0@group-D868071D5EC9-StateMachineUpdater] INFO  impl.StateMachineUpdater (StateMachineUpdater.java:takeSnapshot(290)) - s0@group-D868071D5EC9-StateMachineUpdater: Took a snapshot at index 191
2023-04-27 07:11:49,520 [s0@group-D868071D5EC9-StateMachineUpdater] INFO  impl.StateMachineUpdater (StateMachineUpdater.java:lambda$new$0(96)) - s0@group-D868071D5EC9-StateMachineUpdater: snapshotIndex: updateIncreasingly 127 -> 191
2023-04-27 07:11:49,520 [s0@group-D868071D5EC9-StateMachineUpdater] INFO  raftlog.RaftLog (RaftLogBase.java:purge(314)) - s0@group-D868071D5EC9-SegmentedRaftLog: purge 191
2023-04-27 07:11:49,520 [s0@group-D868071D5EC9-StateMachineUpdater] INFO  raftlog.RaftLog (RaftLogBase.java:lambda$new$0(53)) - s0@group-D868071D5EC9-SegmentedRaftLog: snapshotIndex: updateIncreasingly 127 -> 191
2023-04-27 07:11:49,521 [s0@group-D868071D5EC9-StateMachineUpdater] INFO  raftlog.RaftLog (RaftLogBase.java:lambda$new$0(53)) - s0@group-D868071D5EC9-SegmentedRaftLog: purgeIndex: updateToMax old=127, new=191, updated? true
2023-04-27 07:11:49,523 [s0@group-D868071D5EC9-StateMachineUpdater] INFO  impl.SimpleStateMachine4Testing (SimpleStateMachine4Testing.java:put(205)) - s0: put 193, m96 -> (t:1, i:193), STATEMACHINELOGENTRY, 225@client-1375A1436102
2023-04-27 07:11:49,526 [s0@group-D868071D5EC9-StateMachineUpdater] INFO  impl.SimpleStateMachine4Testing (SimpleStateMachine4Testing.java:put(205)) - s0: put 195, m97 -> (t:1, i:195), STATEMACHINELOGENTRY, 226@client-1375A1436102
2023-04-27 07:11:49,528 [s0@group-D868071D5EC9-StateMachineUpdater] INFO  impl.SimpleStateMachine4Testing (SimpleStateMachine4Testing.java:put(205)) - s0: put 197, m98 -> (t:1, i:197), STATEMACHINELOGENTRY, 227@client-1375A1436102
2023-04-27 07:11:49,531 [s0@group-D868071D5EC9-StateMachineUpdater] INFO  impl.SimpleStateMachine4Testing (SimpleStateMachine4Testing.java:put(205)) - s0: put 199, m99 -> (t:1, i:199), STATEMACHINELOGENTRY, 228@client-1375A1436102
2023-04-27 07:11:49,533 [s0@group-D868071D5EC9-StateMachineUpdater] INFO  impl.SimpleStateMachine4Testing (SimpleStateMachine4Testing.java:put(205)) - s0: put 201, m100 -> (t:1, i:201), STATEMACHINELOGENTRY, 229@client-1375A1436102
2023-04-27 07:11:49,536 [s0@group-D868071D5EC9-StateMachineUpdater] INFO  impl.SimpleStateMachine4Testing (SimpleStateMachine4Testing.java:put(205)) - s0: put 203, m101 -> (t:1, i:203), STATEMACHINELOGENTRY, 230@client-1375A1436102
2023-04-27 07:11:49,538 [s0@group-D868071D5EC9-StateMachineUpdater] INFO  impl.SimpleStateMachine4Testing (SimpleStateMachine4Testing.java:put(205)) - s0: put 205, m102 -> (t:1, i:205), STATEMACHINELOGENTRY, 231@client-1375A1436102
2023-04-27 07:11:49,541 [s0@group-D868071D5EC9-StateMachineUpdater] INFO  impl.SimpleStateMachine4Testing (SimpleStateMachine4Testing.java:put(205)) - s0: put 207, m103 -> (t:1, i:207), STATEMACHINELOGENTRY, 232@client-1375A1436102
2023-04-27 07:11:49,544 [s0@group-D868071D5EC9-StateMachineUpdater] INFO  impl.SimpleStateMachine4Testing (SimpleStateMachine4Testing.java:put(205)) - s0: put 209, m104 -> (t:1, i:209), STATEMACHINELOGENTRY, 233@client-1375A1436102
2023-04-27 07:11:49,546 [s0@group-D868071D5EC9-StateMachineUpdater] INFO  impl.SimpleStateMachine4Testing (SimpleStateMachine4Testing.java:put(205)) - s0: put 211, m105 -> (t:1, i:211), STATEMACHINELOGENTRY, 234@client-1375A1436102
2023-04-27 07:11:49,555 [s0@group-D868071D5EC9-StateMachineUpdater] INFO  impl.SimpleStateMachine4Testing (SimpleStateMachine4Testing.java:put(205)) - s0: put 213, m106 -> (t:1, i:213), STATEMACHINELOGENTRY, 235@client-1375A1436102
2023-04-27 07:11:49,557 [s0@group-D868071D5EC9-StateMachineUpdater] INFO  impl.SimpleStateMachine4Testing (SimpleStateMachine4Testing.java:put(205)) - s0: put 215, m107 -> (t:1, i:215), STATEMACHINELOGENTRY, 236@client-1375A1436102
2023-04-27 07:11:49,560 [s0@group-D868071D5EC9-StateMachineUpdater] INFO  impl.SimpleStateMachine4Testing (SimpleStateMachine4Testing.java:put(205)) - s0: put 217, m108 -> (t:1, i:217), STATEMACHINELOGENTRY, 237@client-1375A1436102
2023-04-27 07:11:49,562 [s0@group-D868071D5EC9-StateMachineUpdater] INFO  impl.SimpleStateMachine4Testing (SimpleStateMachine4Testing.java:put(205)) - s0: put 219, m109 -> (t:1, i:219), STATEMACHINELOGENTRY, 238@client-1375A1436102
2023-04-27 07:11:49,564 [s0@group-D868071D5EC9-StateMachineUpdater] INFO  impl.SimpleStateMachine4Testing (SimpleStateMachine4Testing.java:put(205)) - s0: put 221, m110 -> (t:1, i:221), STATEMACHINELOGENTRY, 239@client-1375A1436102
2023-04-27 07:11:49,566 [s0@group-D868071D5EC9-StateMachineUpdater] INFO  impl.SimpleStateMachine4Testing (SimpleStateMachine4Testing.java:put(205)) - s0: put 223, m111 -> (t:1, i:223), STATEMACHINELOGENTRY, 240@client-1375A1436102
2023-04-27 07:11:49,569 [s0@group-D868071D5EC9-StateMachineUpdater] INFO  impl.SimpleStateMachine4Testing (SimpleStateMachine4Testing.java:put(205)) - s0: put 225, m112 -> (t:1, i:225), STATEMACHINELOGENTRY, 241@client-1375A1436102
2023-04-27 07:11:49,571 [s0@group-D868071D5EC9-StateMachineUpdater] INFO  impl.SimpleStateMachine4Testing (SimpleStateMachine4Testing.java:put(205)) - s0: put 227, m113 -> (t:1, i:227), STATEMACHINELOGENTRY, 242@client-1375A1436102
2023-04-27 07:11:49,574 [s0@group-D868071D5EC9-StateMachineUpdater] INFO  impl.SimpleStateMachine4Testing (SimpleStateMachine4Testing.java:put(205)) - s0: put 229, m114 -> (t:1, i:229), STATEMACHINELOGENTRY, 243@client-1375A1436102
2023-04-27 07:11:49,576 [s0@group-D868071D5EC9-StateMachineUpdater] INFO  impl.SimpleStateMachine4Testing (SimpleStateMachine4Testing.java:put(205)) - s0: put 231, m115 -> (t:1, i:231), STATEMACHINELOGENTRY, 244@client-1375A1436102
2023-04-27 07:11:49,579 [s0@group-D868071D5EC9-StateMachineUpdater] INFO  impl.SimpleStateMachine4Testing (SimpleStateMachine4Testing.java:put(205)) - s0: put 233, m116 -> (t:1, i:233), STATEMACHINELOGENTRY, 245@client-1375A1436102
2023-04-27 07:11:49,581 [s0@group-D868071D5EC9-StateMachineUpdater] INFO  impl.SimpleStateMachine4Testing (SimpleStateMachine4Testing.java:put(205)) - s0: put 235, m117 -> (t:1, i:235), STATEMACHINELOGENTRY, 246@client-1375A1436102
2023-04-27 07:11:49,583 [s0@group-D868071D5EC9-StateMachineUpdater] INFO  impl.SimpleStateMachine4Testing (SimpleStateMachine4Testing.java:put(205)) - s0: put 237, m118 -> (t:1, i:237), STATEMACHINELOGENTRY, 247@client-1375A1436102
2023-04-27 07:11:49,585 [s0@group-D868071D5EC9-StateMachineUpdater] INFO  impl.SimpleStateMachine4Testing (SimpleStateMachine4Testing.java:put(205)) - s0: put 239, m119 -> (t:1, i:239), STATEMACHINELOGENTRY, 248@client-1375A1436102
2023-04-27 07:11:49,588 [s0@group-D868071D5EC9-StateMachineUpdater] INFO  impl.SimpleStateMachine4Testing (SimpleStateMachine4Testing.java:put(205)) - s0: put 241, m120 -> (t:1, i:241), STATEMACHINELOGENTRY, 249@client-1375A1436102
2023-04-27 07:11:49,590 [s0@group-D868071D5EC9-StateMachineUpdater] INFO  impl.SimpleStateMachine4Testing (SimpleStateMachine4Testing.java:put(205)) - s0: put 243, m121 -> (t:1, i:243), STATEMACHINELOGENTRY, 250@client-1375A1436102
2023-04-27 07:11:49,593 [s0@group-D868071D5EC9-StateMachineUpdater] INFO  impl.SimpleStateMachine4Testing (SimpleStateMachine4Testing.java:put(205)) - s0: put 245, m122 -> (t:1, i:245), STATEMACHINELOGENTRY, 251@client-1375A1436102
2023-04-27 07:11:49,596 [s0@group-D868071D5EC9-StateMachineUpdater] INFO  impl.SimpleStateMachine4Testing (SimpleStateMachine4Testing.java:put(205)) - s0: put 247, m123 -> (t:1, i:247), STATEMACHINELOGENTRY, 252@client-1375A1436102
2023-04-27 07:11:49,599 [s0@group-D868071D5EC9-StateMachineUpdater] INFO  impl.SimpleStateMachine4Testing (SimpleStateMachine4Testing.java:put(205)) - s0: put 249, m124 -> (t:1, i:249), STATEMACHINELOGENTRY, 253@client-1375A1436102
2023-04-27 07:11:49,601 [s0@group-D868071D5EC9-StateMachineUpdater] INFO  impl.SimpleStateMachine4Testing (SimpleStateMachine4Testing.java:put(205)) - s0: put 251, m125 -> (t:1, i:251), STATEMACHINELOGENTRY, 254@client-1375A1436102
2023-04-27 07:11:49,604 [s0@group-D868071D5EC9-StateMachineUpdater] INFO  impl.SimpleStateMachine4Testing (SimpleStateMachine4Testing.java:put(205)) - s0: put 253, m126 -> (t:1, i:253), STATEMACHINELOGENTRY, 255@client-1375A1436102
2023-04-27 07:11:49,612 [s0-server-thread1] INFO  server.RaftServer$Division (RaftServerImpl.java:takeSnapshotAsync(1129)) - s0@group-D868071D5EC9: takeSnapshotAsync SnapshotManagementRequest:client-1375A1436102->s0@group-D868071D5EC9, cid=256, seq=0, RO, null, Create:
2023-04-27 07:11:49,613 [s0-server-thread1] INFO  server.RaftServerConfigKeys (ConfUtils.java:logGet(46)) - raft.server.snapshot.creation.gap = 1024 (default)
2023-04-27 07:11:49,624 [Time-limited test] INFO  impl.MiniRaftCluster (MiniRaftCluster.java:addNewPeers(464)) - Add new peers [s1, s2]
2023-04-27 07:11:49,624 [Time-limited test] INFO  impl.MiniRaftCluster (MiniRaftCluster.java:newRaftServer(382)) - newRaftServer: s1, group-D868071D5EC9:[], format? true
2023-04-27 07:11:49,624 [Time-limited test] TRACE util.FileUtils (FileUtils.java:deleteFully(201)) - deleteFully target/test/data/a5c97c2c/MiniRaftClusterWithGrpc43cd3cce/s1
2023-04-27 07:11:49,624 [Time-limited test] TRACE util.FileUtils (FileUtils.java:deleteFully(217)) - deleteFully: target/test/data/a5c97c2c/MiniRaftClusterWithGrpc43cd3cce/s1 does not exist.
2023-04-27 07:11:49,624 [Time-limited test] INFO  impl.MiniRaftCluster (MiniRaftCluster.java:newRaftServer(387)) - Formatted directory target/test/data/a5c97c2c/MiniRaftClusterWithGrpc43cd3cce/s1
2023-04-27 07:11:49,624 [Time-limited test] INFO  server.RaftServer (ConfUtils.java:logGet(46)) - raft.rpc.type = GRPC (default)
2023-04-27 07:11:49,624 [Time-limited test] INFO  grpc.GrpcConfigKeys (ConfUtils.java:logFallback(53)) - raft.grpc.admin.host = null (fallback to raft.grpc.server.host)
2023-04-27 07:11:49,625 [Time-limited test] INFO  grpc.GrpcConfigKeys (ConfUtils.java:logFallback(53)) - raft.grpc.admin.port = 37329 (fallback to raft.grpc.server.port)
2023-04-27 07:11:49,625 [Time-limited test] INFO  grpc.GrpcConfigKeys (ConfUtils.java:logFallback(53)) - raft.grpc.client.host = null (fallback to raft.grpc.server.host)
2023-04-27 07:11:49,625 [Time-limited test] INFO  grpc.GrpcConfigKeys (ConfUtils.java:logFallback(53)) - raft.grpc.client.port = 37329 (fallback to raft.grpc.server.port)
2023-04-27 07:11:49,625 [Time-limited test] INFO  grpc.GrpcConfigKeys (ConfUtils.java:logGet(46)) - raft.grpc.server.host = null (default)
2023-04-27 07:11:49,625 [Time-limited test] INFO  grpc.GrpcConfigKeys (ConfUtils.java:logGet(46)) - raft.grpc.server.port = 37329 (custom)
2023-04-27 07:11:49,625 [Time-limited test] INFO  server.GrpcService (ConfUtils.java:logGet(46)) - raft.grpc.message.size.max = 64MB (=67108864) (default)
2023-04-27 07:11:49,625 [Time-limited test] INFO  server.RaftServerConfigKeys (ConfUtils.java:logGet(46)) - raft.server.log.appender.buffer.byte-limit = 4MB (=4194304) (default)
2023-04-27 07:11:49,625 [Time-limited test] INFO  server.GrpcService (ConfUtils.java:logGet(46)) - raft.grpc.flow.control.window = 1MB (=1048576) (default)
2023-04-27 07:11:49,625 [Time-limited test] INFO  server.RaftServerConfigKeys (ConfUtils.java:logGet(46)) - raft.server.rpc.request.timeout = 3000ms (default)
2023-04-27 07:11:49,625 [Time-limited test] INFO  grpc.GrpcConfigKeys (ConfUtils.java:logGet(46)) - raft.grpc.server.heartbeat.channel = false (custom)
2023-04-27 07:11:49,625 [Time-limited test] INFO  grpc.GrpcConfigKeys (ConfUtils.java:logGet(46)) - raft.grpc.server.async.request.thread.pool.cached = true (default)
2023-04-27 07:11:49,625 [Time-limited test] INFO  grpc.GrpcConfigKeys (ConfUtils.java:logGet(46)) - raft.grpc.server.async.request.thread.pool.size = 32 (default)
2023-04-27 07:11:49,626 [Time-limited test] INFO  impl.DataStreamServerImpl (ConfUtils.java:logGet(46)) - raft.datastream.type = DISABLED (default)
2023-04-27 07:11:49,626 [Time-limited test] INFO  server.RaftServerConfigKeys (ConfUtils.java:logGet(46)) - raft.server.threadpool.proxy.cached = true (default)
2023-04-27 07:11:49,626 [Time-limited test] INFO  server.RaftServerConfigKeys (ConfUtils.java:logGet(46)) - raft.server.threadpool.proxy.size = 0 (default)
2023-04-27 07:11:49,626 [Time-limited test] INFO  server.RaftServerConfigKeys (ConfUtils.java:logGet(46)) - raft.server.rpc.slowness.timeout = 60s (default)
2023-04-27 07:11:49,626 [Time-limited test] INFO  server.RaftServerConfigKeys (ConfUtils.java:logGet(46)) - raft.server.leaderelection.leader.step-down.wait-time = 10s (default)
2023-04-27 07:11:49,626 [Time-limited test] INFO  server.RaftServerConfigKeys (ConfUtils.java:logGet(46)) - raft.server.storage.dir = [/home/runner/work/ratis/ratis/ratis-test/target/test/data/a5c97c2c/MiniRaftClusterWithGrpc43cd3cce/s1] (custom)
2023-04-27 07:11:49,631 [Time-limited test] INFO  server.RaftServer (RaftServerProxy.java:addNew(99)) - s1: addNew group-D868071D5EC9:[] returns group-D868071D5EC9:java.util.concurrent.CompletableFuture@4f0bb9d1[Not completed]
2023-04-27 07:11:49,631 [Time-limited test] INFO  impl.MiniRaftCluster (MiniRaftCluster.java:newRaftServer(382)) - newRaftServer: s2, group-D868071D5EC9:[], format? true
2023-04-27 07:11:49,631 [Time-limited test] TRACE util.FileUtils (FileUtils.java:deleteFully(201)) - deleteFully target/test/data/a5c97c2c/MiniRaftClusterWithGrpc43cd3cce/s2
2023-04-27 07:11:49,631 [Time-limited test] TRACE util.FileUtils (FileUtils.java:deleteFully(217)) - deleteFully: target/test/data/a5c97c2c/MiniRaftClusterWithGrpc43cd3cce/s2 does not exist.
2023-04-27 07:11:49,631 [Time-limited test] INFO  impl.MiniRaftCluster (MiniRaftCluster.java:newRaftServer(387)) - Formatted directory target/test/data/a5c97c2c/MiniRaftClusterWithGrpc43cd3cce/s2
2023-04-27 07:11:49,631 [Time-limited test] INFO  server.RaftServer (ConfUtils.java:logGet(46)) - raft.rpc.type = GRPC (default)
2023-04-27 07:11:49,631 [Time-limited test] INFO  grpc.GrpcConfigKeys (ConfUtils.java:logFallback(53)) - raft.grpc.admin.host = null (fallback to raft.grpc.server.host)
2023-04-27 07:11:49,631 [Time-limited test] INFO  grpc.GrpcConfigKeys (ConfUtils.java:logFallback(53)) - raft.grpc.admin.port = 36217 (fallback to raft.grpc.server.port)
2023-04-27 07:11:49,631 [Time-limited test] INFO  grpc.GrpcConfigKeys (ConfUtils.java:logFallback(53)) - raft.grpc.client.host = null (fallback to raft.grpc.server.host)
2023-04-27 07:11:49,632 [Time-limited test] INFO  grpc.GrpcConfigKeys (ConfUtils.java:logFallback(53)) - raft.grpc.client.port = 36217 (fallback to raft.grpc.server.port)
2023-04-27 07:11:49,632 [Time-limited test] INFO  grpc.GrpcConfigKeys (ConfUtils.java:logGet(46)) - raft.grpc.server.host = null (default)
2023-04-27 07:11:49,632 [Time-limited test] INFO  grpc.GrpcConfigKeys (ConfUtils.java:logGet(46)) - raft.grpc.server.port = 36217 (custom)
2023-04-27 07:11:49,632 [Time-limited test] INFO  server.GrpcService (ConfUtils.java:logGet(46)) - raft.grpc.message.size.max = 64MB (=67108864) (default)
2023-04-27 07:11:49,632 [Time-limited test] INFO  server.RaftServerConfigKeys (ConfUtils.java:logGet(46)) - raft.server.log.appender.buffer.byte-limit = 4MB (=4194304) (default)
2023-04-27 07:11:49,632 [Time-limited test] INFO  server.GrpcService (ConfUtils.java:logGet(46)) - raft.grpc.flow.control.window = 1MB (=1048576) (default)
2023-04-27 07:11:49,632 [Time-limited test] INFO  server.RaftServerConfigKeys (ConfUtils.java:logGet(46)) - raft.server.rpc.request.timeout = 3000ms (default)
2023-04-27 07:11:49,632 [Time-limited test] INFO  grpc.GrpcConfigKeys (ConfUtils.java:logGet(46)) - raft.grpc.server.heartbeat.channel = false (custom)
2023-04-27 07:11:49,632 [Time-limited test] INFO  grpc.GrpcConfigKeys (ConfUtils.java:logGet(46)) - raft.grpc.server.async.request.thread.pool.cached = true (default)
2023-04-27 07:11:49,632 [Time-limited test] INFO  grpc.GrpcConfigKeys (ConfUtils.java:logGet(46)) - raft.grpc.server.async.request.thread.pool.size = 32 (default)
2023-04-27 07:11:49,633 [Time-limited test] INFO  impl.DataStreamServerImpl (ConfUtils.java:logGet(46)) - raft.datastream.type = DISABLED (default)
2023-04-27 07:11:49,633 [Time-limited test] INFO  server.RaftServerConfigKeys (ConfUtils.java:logGet(46)) - raft.server.threadpool.proxy.cached = true (default)
2023-04-27 07:11:49,633 [Time-limited test] INFO  server.RaftServerConfigKeys (ConfUtils.java:logGet(46)) - raft.server.threadpool.proxy.size = 0 (default)
2023-04-27 07:11:49,633 [Time-limited test] INFO  server.RaftServerConfigKeys (ConfUtils.java:logGet(46)) - raft.server.rpc.slowness.timeout = 60s (default)
2023-04-27 07:11:49,633 [Time-limited test] INFO  server.RaftServerConfigKeys (ConfUtils.java:logGet(46)) - raft.server.leaderelection.leader.step-down.wait-time = 10s (default)
2023-04-27 07:11:49,633 [Time-limited test] INFO  server.RaftServerConfigKeys (ConfUtils.java:logGet(46)) - raft.server.storage.dir = [/home/runner/work/ratis/ratis/ratis-test/target/test/data/a5c97c2c/MiniRaftClusterWithGrpc43cd3cce/s2] (custom)
2023-04-27 07:11:49,633 [s1-groupManagement] INFO  server.RaftServerConfigKeys (ConfUtils.java:logGet(46)) - raft.server.log.segment.size.max = 8MB (=8388608) (default)
2023-04-27 07:11:49,633 [s1-groupManagement] INFO  server.RaftServerConfigKeys (ConfUtils.java:logGet(46)) - raft.server.log.preallocated.size = 4MB (=4194304) (default)
2023-04-27 07:11:49,633 [s1-groupManagement] INFO  server.RaftServerConfigKeys (ConfUtils.java:logGet(46)) - raft.server.log.write.buffer.size = 64KB (=65536) (default)
2023-04-27 07:11:49,633 [s1-groupManagement] INFO  server.RaftServer$Division (RaftServerImpl.java:<init>(198)) - s1: new RaftServerImpl for group-D868071D5EC9:[] with StateMachineWithSeparatedSnapshotPath:uninitialized
2023-04-27 07:11:49,633 [s1-groupManagement] INFO  server.RaftServerConfigKeys (ConfUtils.java:logGet(46)) - raft.server.rpc.timeout.min = 150ms (default)
2023-04-27 07:11:49,633 [s1-groupManagement] INFO  server.RaftServerConfigKeys (ConfUtils.java:logGet(46)) - raft.server.rpc.timeout.max = 300ms (default)
2023-04-27 07:11:49,633 [s1-groupManagement] INFO  server.RaftServerConfigKeys (ConfUtils.java:logGet(46)) - raft.server.rpc.sleep.time = 25ms (default)
2023-04-27 07:11:49,634 [s1-groupManagement] INFO  server.RaftServerConfigKeys (ConfUtils.java:logGet(46)) - raft.server.rpc.slowness.timeout = 60s (default)
2023-04-27 07:11:49,634 [s1-groupManagement] INFO  server.RaftServerConfigKeys (ConfUtils.java:logGet(46)) - raft.server.leaderelection.leader.step-down.wait-time = 10s (default)
2023-04-27 07:11:49,634 [s1-groupManagement] INFO  server.RaftServerConfigKeys (ConfUtils.java:logGet(46)) - raft.server.sleep.deviation.threshold = 300ms (default)
2023-04-27 07:11:49,634 [s1-groupManagement] INFO  server.RaftServer$Division (ServerState.java:<init>(113)) - s1@group-D868071D5EC9: ConfigurationManager, init=-1: peers:[]|listeners:[], old=null, confs=<EMPTY_MAP>
2023-04-27 07:11:49,634 [s1-groupManagement] INFO  server.RaftServerConfigKeys (ConfUtils.java:logGet(46)) - raft.server.notification.no-leader.timeout = 60s (default)
2023-04-27 07:11:49,634 [s1-groupManagement] INFO  server.RaftServerConfigKeys (ConfUtils.java:logGet(46)) - raft.server.read.timeout = 10s (default)
2023-04-27 07:11:49,634 [s1-groupManagement] INFO  server.RaftServerConfigKeys (ConfUtils.java:logGet(46)) - raft.server.retrycache.expirytime = 60s (default)
2023-04-27 07:11:49,634 [s1-groupManagement] INFO  server.RaftServerConfigKeys (ConfUtils.java:logGet(46)) - raft.server.retrycache.statistics.expirytime = 100μs (default)
2023-04-27 07:11:49,634 [s1-groupManagement] INFO  server.RaftServerConfigKeys (ConfUtils.java:logGet(46)) - raft.server.read.option = DEFAULT (default)
2023-04-27 07:11:49,635 [s1-groupManagement] INFO  server.RaftServerConfigKeys (ConfUtils.java:logGet(46)) - raft.server.rpc.request.timeout = 3000ms (default)
2023-04-27 07:11:49,635 [s1-groupManagement] INFO  server.RaftServerConfigKeys (ConfUtils.java:logGet(46)) - raft.server.log.appender.install.snapshot.enabled = true (default)
2023-04-27 07:11:49,635 [s1-groupManagement] INFO  server.RaftServerConfigKeys (ConfUtils.java:logGet(46)) - raft.server.threadpool.server.cached = true (default)
2023-04-27 07:11:49,635 [s1-groupManagement] INFO  server.RaftServerConfigKeys (ConfUtils.java:logGet(46)) - raft.server.threadpool.server.size = 0 (default)
2023-04-27 07:11:49,635 [s1-groupManagement] INFO  server.RaftServerConfigKeys (ConfUtils.java:logGet(46)) - raft.server.threadpool.client.cached = true (default)
2023-04-27 07:11:49,635 [s1-groupManagement] INFO  server.RaftServerConfigKeys (ConfUtils.java:logGet(46)) - raft.server.threadpool.client.size = 0 (default)
2023-04-27 07:11:49,636 [Time-limited test] INFO  server.RaftServer (RaftServerProxy.java:addNew(99)) - s2: addNew group-D868071D5EC9:[] returns group-D868071D5EC9:java.util.concurrent.CompletableFuture@4dc05a2d[Not completed]
2023-04-27 07:11:49,636 [s2-groupManagement] INFO  server.RaftServerConfigKeys (ConfUtils.java:logGet(46)) - raft.server.log.segment.size.max = 8MB (=8388608) (default)
2023-04-27 07:11:49,636 [s2-groupManagement] INFO  server.RaftServerConfigKeys (ConfUtils.java:logGet(46)) - raft.server.log.preallocated.size = 4MB (=4194304) (default)
2023-04-27 07:11:49,636 [s2-groupManagement] INFO  server.RaftServerConfigKeys (ConfUtils.java:logGet(46)) - raft.server.log.write.buffer.size = 64KB (=65536) (default)
2023-04-27 07:11:49,636 [s2-groupManagement] INFO  server.RaftServer$Division (RaftServerImpl.java:<init>(198)) - s2: new RaftServerImpl for group-D868071D5EC9:[] with StateMachineWithSeparatedSnapshotPath:uninitialized
2023-04-27 07:11:49,636 [s2-groupManagement] INFO  server.RaftServerConfigKeys (ConfUtils.java:logGet(46)) - raft.server.rpc.timeout.min = 150ms (default)
2023-04-27 07:11:49,636 [s2-groupManagement] INFO  server.RaftServerConfigKeys (ConfUtils.java:logGet(46)) - raft.server.rpc.timeout.max = 300ms (default)
2023-04-27 07:11:49,636 [s2-groupManagement] INFO  server.RaftServerConfigKeys (ConfUtils.java:logGet(46)) - raft.server.rpc.sleep.time = 25ms (default)
2023-04-27 07:11:49,636 [s2-groupManagement] INFO  server.RaftServerConfigKeys (ConfUtils.java:logGet(46)) - raft.server.rpc.slowness.timeout = 60s (default)
2023-04-27 07:11:49,636 [s2-groupManagement] INFO  server.RaftServerConfigKeys (ConfUtils.java:logGet(46)) - raft.server.leaderelection.leader.step-down.wait-time = 10s (default)
2023-04-27 07:11:49,636 [s2-groupManagement] INFO  server.RaftServerConfigKeys (ConfUtils.java:logGet(46)) - raft.server.sleep.deviation.threshold = 300ms (default)
2023-04-27 07:11:49,636 [s2-groupManagement] INFO  server.RaftServer$Division (ServerState.java:<init>(113)) - s2@group-D868071D5EC9: ConfigurationManager, init=-1: peers:[]|listeners:[], old=null, confs=<EMPTY_MAP>
2023-04-27 07:11:49,636 [s2-groupManagement] INFO  server.RaftServerConfigKeys (ConfUtils.java:logGet(46)) - raft.server.notification.no-leader.timeout = 60s (default)
2023-04-27 07:11:49,636 [s2-groupManagement] INFO  server.RaftServerConfigKeys (ConfUtils.java:logGet(46)) - raft.server.read.timeout = 10s (default)
2023-04-27 07:11:49,636 [s2-groupManagement] INFO  server.RaftServerConfigKeys (ConfUtils.java:logGet(46)) - raft.server.retrycache.expirytime = 60s (default)
2023-04-27 07:11:49,637 [s2-groupManagement] INFO  server.RaftServerConfigKeys (ConfUtils.java:logGet(46)) - raft.server.retrycache.statistics.expirytime = 100μs (default)
2023-04-27 07:11:49,637 [s2-groupManagement] INFO  server.RaftServerConfigKeys (ConfUtils.java:logGet(46)) - raft.server.read.option = DEFAULT (default)
2023-04-27 07:11:49,638 [s2-groupManagement] INFO  server.RaftServerConfigKeys (ConfUtils.java:logGet(46)) - raft.server.rpc.request.timeout = 3000ms (default)
2023-04-27 07:11:49,638 [s1-impl-thread1] INFO  server.RaftServerConfigKeys (ConfUtils.java:logGet(46)) - raft.server.storage.free-space.min = 0MB (=0) (default)
2023-04-27 07:11:49,638 [s2-groupManagement] INFO  server.RaftServerConfigKeys (ConfUtils.java:logGet(46)) - raft.server.log.appender.install.snapshot.enabled = true (default)
2023-04-27 07:11:49,638 [s1-impl-thread1] INFO  server.RaftServerConfigKeys (ConfUtils.java:logGet(46)) - raft.server.log.corruption.policy = EXCEPTION (default)
2023-04-27 07:11:49,638 [s2-groupManagement] INFO  server.RaftServerConfigKeys (ConfUtils.java:logGet(46)) - raft.server.threadpool.server.cached = true (default)
2023-04-27 07:11:49,638 [s2-groupManagement] INFO  server.RaftServerConfigKeys (ConfUtils.java:logGet(46)) - raft.server.threadpool.server.size = 0 (default)
2023-04-27 07:11:49,638 [s2-groupManagement] INFO  server.RaftServerConfigKeys (ConfUtils.java:logGet(46)) - raft.server.threadpool.client.cached = true (default)
2023-04-27 07:11:49,638 [s1-impl-thread1] INFO  server.RaftServerConfigKeys (ConfUtils.java:logGet(46)) - raft.server.storage.dir = [/home/runner/work/ratis/ratis/ratis-test/target/test/data/a5c97c2c/MiniRaftClusterWithGrpc43cd3cce/s1] (custom)
2023-04-27 07:11:49,638 [s2-groupManagement] INFO  server.RaftServerConfigKeys (ConfUtils.java:logGet(46)) - raft.server.threadpool.client.size = 0 (default)
2023-04-27 07:11:49,638 [s1-impl-thread1] INFO  storage.RaftStorageDirectory (RaftStorageDirectoryImpl.java:analyzeStorage(138)) - The storage directory /home/runner/work/ratis/ratis/ratis-test/target/test/data/a5c97c2c/MiniRaftClusterWithGrpc43cd3cce/s1/55838c96-a354-45ad-b2e0-d868071d5ec9 does not exist. Creating ...
2023-04-27 07:11:49,639 [s1-impl-thread1] TRACE util.FileUtils (LogUtils.java:runAndLog(49)) - Successfully ran Files.createDirectories /home/runner/work/ratis/ratis/ratis-test/target/test/data/a5c97c2c/MiniRaftClusterWithGrpc43cd3cce/s1/55838c96-a354-45ad-b2e0-d868071d5ec9
2023-04-27 07:11:49,643 [s1-impl-thread1] INFO  storage.RaftStorageDirectory (RaftStorageDirectoryImpl.java:tryLock(232)) - Lock on /home/runner/work/ratis/ratis/ratis-test/target/test/data/a5c97c2c/MiniRaftClusterWithGrpc43cd3cce/s1/55838c96-a354-45ad-b2e0-d868071d5ec9/in_use.lock acquired by nodename 24267@fv-az591-70
2023-04-27 07:11:49,643 [s1-impl-thread1] TRACE util.FileUtils (LogUtils.java:runAndLog(49)) - Successfully ran Files.createDirectories /home/runner/work/ratis/ratis/ratis-test/target/test/data/a5c97c2c/MiniRaftClusterWithGrpc43cd3cce/s1/55838c96-a354-45ad-b2e0-d868071d5ec9/current
2023-04-27 07:11:49,643 [s1-impl-thread1] TRACE util.FileUtils (LogUtils.java:runAndLog(49)) - Successfully ran Files.createDirectories /home/runner/work/ratis/ratis/ratis-test/target/test/data/a5c97c2c/MiniRaftClusterWithGrpc43cd3cce/s1/55838c96-a354-45ad-b2e0-d868071d5ec9/sm
2023-04-27 07:11:49,644 [s1-impl-thread1] INFO  storage.RaftStorage (RaftStorageImpl.java:format(96)) - Storage directory /home/runner/work/ratis/ratis/ratis-test/target/test/data/a5c97c2c/MiniRaftClusterWithGrpc43cd3cce/s1/55838c96-a354-45ad-b2e0-d868071d5ec9 has been successfully formatted.
2023-04-27 07:11:49,644 [s1-impl-thread1] INFO  impl.SimpleStateMachine4Testing (SimpleStateMachine4Testing.java:initialize(213)) - Initializing StateMachineWithSeparatedSnapshotPath:uninitialized
2023-04-27 07:11:49,644 [s1-impl-thread1] INFO  impl.SimpleStateMachine4Testing (SimpleStateMachine4Testing.java:loadSnapshot(293)) - Loading snapshot null
2023-04-27 07:11:49,644 [s1-impl-thread1] TRACE util.FileUtils (FileUtils.java:deleteFully(201)) - deleteFully /tmp/ratis-tests/statemachine/s1
2023-04-27 07:11:49,644 [s1-impl-thread1] TRACE util.FileUtils (FileUtils.java:deleteFully(217)) - deleteFully: /tmp/ratis-tests/statemachine/s1 does not exist.
2023-04-27 07:11:49,644 [s1-impl-thread1] INFO  server.RaftServerConfigKeys (ConfUtils.java:logGet(46)) - raft.server.log.use.memory = false (default)
2023-04-27 07:11:49,645 [s1-impl-thread1] INFO  server.RaftServerConfigKeys (ConfUtils.java:logGet(46)) - raft.server.log.purge.gap = 8 (custom)
2023-04-27 07:11:49,645 [s1-impl-thread1] INFO  server.RaftServerConfigKeys (ConfUtils.java:logGet(46)) - raft.server.log.appender.buffer.byte-limit = 4MB (=4194304) (default)
2023-04-27 07:11:49,645 [s1-impl-thread1] INFO  server.RaftServerConfigKeys (ConfUtils.java:logGet(46)) - raft.server.log.statemachine.data.read.timeout = 1000ms (default)
2023-04-27 07:11:49,645 [s1-impl-thread1] INFO  server.RaftServerConfigKeys (ConfUtils.java:logGet(46)) - raft.server.log.purge.preservation.log.num = 0 (default)
2023-04-27 07:11:49,645 [s1-impl-thread1] INFO  server.RaftServerConfigKeys (ConfUtils.java:logGet(46)) - raft.server.log.segment.size.max = 8MB (=8388608) (default)
2023-04-27 07:11:49,646 [s1-impl-thread1] INFO  server.RaftServerConfigKeys (ConfUtils.java:logGet(46)) - raft.server.log.segment.cache.num.max = 6 (default)
2023-04-27 07:11:49,646 [s1-impl-thread1] INFO  server.RaftServerConfigKeys (ConfUtils.java:logGet(46)) - raft.server.log.segment.cache.size.max = 200MB (=209715200) (default)
2023-04-27 07:11:49,646 [s1-impl-thread1] INFO  server.RaftServerConfigKeys (ConfUtils.java:logGet(46)) - raft.server.log.appender.buffer.byte-limit = 4MB (=4194304) (default)
2023-04-27 07:11:49,646 [s1-impl-thread1] INFO  segmented.SegmentedRaftLogWorker (SegmentedRaftLogWorker.java:<init>(183)) - new s1@group-D868071D5EC9-SegmentedRaftLogWorker for RaftStorageImpl:Storage Directory /home/runner/work/ratis/ratis/ratis-test/target/test/data/a5c97c2c/MiniRaftClusterWithGrpc43cd3cce/s1/55838c96-a354-45ad-b2e0-d868071d5ec9
2023-04-27 07:11:49,646 [s1-impl-thread1] INFO  server.RaftServerConfigKeys (ConfUtils.java:logGet(46)) - raft.server.log.queue.byte-limit = 64MB (=67108864) (default)
2023-04-27 07:11:49,646 [s1-impl-thread1] INFO  server.RaftServerConfigKeys (ConfUtils.java:logGet(46)) - raft.server.log.queue.element-limit = 4096 (default)
2023-04-27 07:11:49,646 [s1-impl-thread1] INFO  server.RaftServerConfigKeys (ConfUtils.java:logGet(46)) - raft.server.log.segment.size.max = 8MB (=8388608) (default)
2023-04-27 07:11:49,646 [s1-impl-thread1] INFO  server.RaftServerConfigKeys (ConfUtils.java:logGet(46)) - raft.server.log.preallocated.size = 4MB (=4194304) (default)
2023-04-27 07:11:49,646 [s1-impl-thread1] INFO  server.RaftServerConfigKeys (ConfUtils.java:logGet(46)) - raft.server.log.force.sync.num = 128 (default)
2023-04-27 07:11:49,646 [s1-impl-thread1] INFO  server.RaftServerConfigKeys (ConfUtils.java:logGet(46)) - raft.server.log.statemachine.data.sync = true (default)
2023-04-27 07:11:49,646 [s1-impl-thread1] INFO  server.RaftServerConfigKeys (ConfUtils.java:logGet(46)) - raft.server.log.statemachine.data.sync.timeout = 10s (default)
2023-04-27 07:11:49,646 [s1-impl-thread1] INFO  server.RaftServerConfigKeys (ConfUtils.java:logGet(46)) - raft.server.log.statemachine.data.sync.timeout.retry = -1 (default)
2023-04-27 07:11:49,646 [s1-impl-thread1] INFO  server.RaftServerConfigKeys (ConfUtils.java:logGet(46)) - raft.server.log.write.buffer.size = 64KB (=65536) (default)
2023-04-27 07:11:49,646 [s1-impl-thread1] INFO  server.RaftServerConfigKeys (ConfUtils.java:logGet(46)) - raft.server.log.appender.buffer.byte-limit = 4MB (=4194304) (default)
2023-04-27 07:11:49,650 [s1-impl-thread1] INFO  server.RaftServerConfigKeys (ConfUtils.java:logGet(46)) - raft.server.log.unsafe-flush.enabled = false (default)
2023-04-27 07:11:49,650 [s1-impl-thread1] INFO  server.RaftServerConfigKeys (ConfUtils.java:logGet(46)) - raft.server.log.async-flush.enabled = false (default)
2023-04-27 07:11:49,650 [s1-impl-thread1] INFO  server.RaftServerConfigKeys (ConfUtils.java:logGet(46)) - raft.server.log.statemachine.data.caching.enabled = false (default)
2023-04-27 07:11:49,650 [s1-impl-thread1] INFO  segmented.SegmentedRaftLogWorker (SegmentedRaftLogWorker.java:lambda$new$0(134)) - s1@group-D868071D5EC9-SegmentedRaftLogWorker: flushIndex: setUnconditionally 0 -> -1
2023-04-27 07:11:49,650 [s1-impl-thread1] INFO  segmented.SegmentedRaftLogWorker (SegmentedRaftLogWorker.java:lambda$new$0(134)) - s1@group-D868071D5EC9-SegmentedRaftLogWorker: safeCacheEvictIndex: setUnconditionally 0 -> -1
2023-04-27 07:11:49,654 [s1-impl-thread1] INFO  server.RaftServer$Division (RaftServerImpl.java:start(348)) - s1@group-D868071D5EC9: start with initializing state, conf=-1: peers:[]|listeners:[], old=null
2023-04-27 07:11:49,654 [s1-impl-thread1] INFO  server.RaftServer$Division (RaftServerImpl.java:setRole(329)) - s1@group-D868071D5EC9: changes role from      null to FOLLOWER at term 0 for startInitializing
2023-04-27 07:11:49,655 [s1-impl-thread1] INFO  util.JmxRegister (JmxRegister.java:tryRegister(44)) - Successfully registered JMX Bean with object name Ratis:service=RaftServer,group=group-D868071D5EC9,id=s1
2023-04-27 07:11:49,655 [s1-impl-thread1] INFO  server.RaftServerConfigKeys (ConfUtils.java:logGet(46)) - raft.server.snapshot.auto.trigger.enabled = true (custom)
2023-04-27 07:11:49,655 [s1-impl-thread1] INFO  server.RaftServerConfigKeys (ConfUtils.java:logGet(46)) - raft.server.snapshot.auto.trigger.threshold = 64 (custom)
2023-04-27 07:11:49,655 [s1-impl-thread1] INFO  server.RaftServerConfigKeys (ConfUtils.java:logGet(46)) - raft.server.snapshot.retention.file.num = -1 (default)
2023-04-27 07:11:49,655 [s1-impl-thread1] INFO  server.RaftServerConfigKeys (ConfUtils.java:logGet(46)) - raft.server.log.purge.upto.snapshot.index = false (default)
2023-04-27 07:11:49,657 [Time-limited test] INFO  server.RaftServer (RaftServerProxy.java:startImpl(401)) - s1: start RPC server
2023-04-27 07:11:49,658 [Time-limited test] INFO  server.GrpcService (GrpcService.java:startImpl(302)) - s1: GrpcService started, listening on 37329
2023-04-27 07:11:49,658 [s2-impl-thread1] INFO  server.RaftServerConfigKeys (ConfUtils.java:logGet(46)) - raft.server.storage.free-space.min = 0MB (=0) (default)
2023-04-27 07:11:49,658 [JvmPauseMonitor4] INFO  util.JvmPauseMonitor (JvmPauseMonitor.java:run(103)) - JvmPauseMonitor-s1: Started
2023-04-27 07:11:49,658 [s2-impl-thread1] INFO  server.RaftServerConfigKeys (ConfUtils.java:logGet(46)) - raft.server.log.corruption.policy = EXCEPTION (default)
2023-04-27 07:11:49,659 [s2-impl-thread1] INFO  server.RaftServerConfigKeys (ConfUtils.java:logGet(46)) - raft.server.storage.dir = [/home/runner/work/ratis/ratis/ratis-test/target/test/data/a5c97c2c/MiniRaftClusterWithGrpc43cd3cce/s2] (custom)
2023-04-27 07:11:49,659 [s2-impl-thread1] INFO  storage.RaftStorageDirectory (RaftStorageDirectoryImpl.java:analyzeStorage(138)) - The storage directory /home/runner/work/ratis/ratis/ratis-test/target/test/data/a5c97c2c/MiniRaftClusterWithGrpc43cd3cce/s2/55838c96-a354-45ad-b2e0-d868071d5ec9 does not exist. Creating ...
2023-04-27 07:11:49,659 [s2-impl-thread1] TRACE util.FileUtils (LogUtils.java:runAndLog(49)) - Successfully ran Files.createDirectories /home/runner/work/ratis/ratis/ratis-test/target/test/data/a5c97c2c/MiniRaftClusterWithGrpc43cd3cce/s2/55838c96-a354-45ad-b2e0-d868071d5ec9
2023-04-27 07:11:49,660 [s2-impl-thread1] INFO  storage.RaftStorageDirectory (RaftStorageDirectoryImpl.java:tryLock(232)) - Lock on /home/runner/work/ratis/ratis/ratis-test/target/test/data/a5c97c2c/MiniRaftClusterWithGrpc43cd3cce/s2/55838c96-a354-45ad-b2e0-d868071d5ec9/in_use.lock acquired by nodename 24267@fv-az591-70
2023-04-27 07:11:49,660 [s2-impl-thread1] TRACE util.FileUtils (LogUtils.java:runAndLog(49)) - Successfully ran Files.createDirectories /home/runner/work/ratis/ratis/ratis-test/target/test/data/a5c97c2c/MiniRaftClusterWithGrpc43cd3cce/s2/55838c96-a354-45ad-b2e0-d868071d5ec9/current
2023-04-27 07:11:49,660 [s2-impl-thread1] TRACE util.FileUtils (LogUtils.java:runAndLog(49)) - Successfully ran Files.createDirectories /home/runner/work/ratis/ratis/ratis-test/target/test/data/a5c97c2c/MiniRaftClusterWithGrpc43cd3cce/s2/55838c96-a354-45ad-b2e0-d868071d5ec9/sm
2023-04-27 07:11:49,661 [s2-impl-thread1] INFO  storage.RaftStorage (RaftStorageImpl.java:format(96)) - Storage directory /home/runner/work/ratis/ratis/ratis-test/target/test/data/a5c97c2c/MiniRaftClusterWithGrpc43cd3cce/s2/55838c96-a354-45ad-b2e0-d868071d5ec9 has been successfully formatted.
2023-04-27 07:11:49,661 [s2-impl-thread1] INFO  impl.SimpleStateMachine4Testing (SimpleStateMachine4Testing.java:initialize(213)) - Initializing StateMachineWithSeparatedSnapshotPath:uninitialized
2023-04-27 07:11:49,661 [s2-impl-thread1] INFO  impl.SimpleStateMachine4Testing (SimpleStateMachine4Testing.java:loadSnapshot(293)) - Loading snapshot null
2023-04-27 07:11:49,661 [s2-impl-thread1] TRACE util.FileUtils (FileUtils.java:deleteFully(201)) - deleteFully /tmp/ratis-tests/statemachine/s2
2023-04-27 07:11:49,661 [s2-impl-thread1] TRACE util.FileUtils (FileUtils.java:deleteFully(217)) - deleteFully: /tmp/ratis-tests/statemachine/s2 does not exist.
2023-04-27 07:11:49,661 [s2-impl-thread1] INFO  server.RaftServerConfigKeys (ConfUtils.java:logGet(46)) - raft.server.log.use.memory = false (default)
2023-04-27 07:11:49,662 [s2-impl-thread1] INFO  server.RaftServerConfigKeys (ConfUtils.java:logGet(46)) - raft.server.log.purge.gap = 8 (custom)
2023-04-27 07:11:49,662 [s2-impl-thread1] INFO  server.RaftServerConfigKeys (ConfUtils.java:logGet(46)) - raft.server.log.appender.buffer.byte-limit = 4MB (=4194304) (default)
2023-04-27 07:11:49,662 [s2-impl-thread1] INFO  server.RaftServerConfigKeys (ConfUtils.java:logGet(46)) - raft.server.log.statemachine.data.read.timeout = 1000ms (default)
2023-04-27 07:11:49,662 [s2-impl-thread1] INFO  server.RaftServerConfigKeys (ConfUtils.java:logGet(46)) - raft.server.log.purge.preservation.log.num = 0 (default)
2023-04-27 07:11:49,662 [s2-impl-thread1] INFO  server.RaftServerConfigKeys (ConfUtils.java:logGet(46)) - raft.server.log.segment.size.max = 8MB (=8388608) (default)
2023-04-27 07:11:49,662 [s2-impl-thread1] INFO  server.RaftServerConfigKeys (ConfUtils.java:logGet(46)) - raft.server.log.segment.cache.num.max = 6 (default)
2023-04-27 07:11:49,662 [s2-impl-thread1] INFO  server.RaftServerConfigKeys (ConfUtils.java:logGet(46)) - raft.server.log.segment.cache.size.max = 200MB (=209715200) (default)
2023-04-27 07:11:49,662 [s2-impl-thread1] INFO  server.RaftServerConfigKeys (ConfUtils.java:logGet(46)) - raft.server.log.appender.buffer.byte-limit = 4MB (=4194304) (default)
2023-04-27 07:11:49,663 [s2-impl-thread1] INFO  segmented.SegmentedRaftLogWorker (SegmentedRaftLogWorker.java:<init>(183)) - new s2@group-D868071D5EC9-SegmentedRaftLogWorker for RaftStorageImpl:Storage Directory /home/runner/work/ratis/ratis/ratis-test/target/test/data/a5c97c2c/MiniRaftClusterWithGrpc43cd3cce/s2/55838c96-a354-45ad-b2e0-d868071d5ec9
2023-04-27 07:11:49,663 [s2-impl-thread1] INFO  server.RaftServerConfigKeys (ConfUtils.java:logGet(46)) - raft.server.log.queue.byte-limit = 64MB (=67108864) (default)
2023-04-27 07:11:49,663 [s2-impl-thread1] INFO  server.RaftServerConfigKeys (ConfUtils.java:logGet(46)) - raft.server.log.queue.element-limit = 4096 (default)
2023-04-27 07:11:49,663 [s2-impl-thread1] INFO  server.RaftServerConfigKeys (ConfUtils.java:logGet(46)) - raft.server.log.segment.size.max = 8MB (=8388608) (default)
2023-04-27 07:11:49,663 [s2-impl-thread1] INFO  server.RaftServerConfigKeys (ConfUtils.java:logGet(46)) - raft.server.log.preallocated.size = 4MB (=4194304) (default)
2023-04-27 07:11:49,663 [s2-impl-thread1] INFO  server.RaftServerConfigKeys (ConfUtils.java:logGet(46)) - raft.server.log.force.sync.num = 128 (default)
2023-04-27 07:11:49,663 [s2-impl-thread1] INFO  server.RaftServerConfigKeys (ConfUtils.java:logGet(46)) - raft.server.log.statemachine.data.sync = true (default)
2023-04-27 07:11:49,663 [s2-impl-thread1] INFO  server.RaftServerConfigKeys (ConfUtils.java:logGet(46)) - raft.server.log.statemachine.data.sync.timeout = 10s (default)
2023-04-27 07:11:49,663 [s2-impl-thread1] INFO  server.RaftServerConfigKeys (ConfUtils.java:logGet(46)) - raft.server.log.statemachine.data.sync.timeout.retry = -1 (default)
2023-04-27 07:11:49,663 [s2-impl-thread1] INFO  server.RaftServerConfigKeys (ConfUtils.java:logGet(46)) - raft.server.log.write.buffer.size = 64KB (=65536) (default)
2023-04-27 07:11:49,663 [s2-impl-thread1] INFO  server.RaftServerConfigKeys (ConfUtils.java:logGet(46)) - raft.server.log.appender.buffer.byte-limit = 4MB (=4194304) (default)
2023-04-27 07:11:49,665 [s2-impl-thread1] INFO  server.RaftServerConfigKeys (ConfUtils.java:logGet(46)) - raft.server.log.unsafe-flush.enabled = false (default)
2023-04-27 07:11:49,665 [s2-impl-thread1] INFO  server.RaftServerConfigKeys (ConfUtils.java:logGet(46)) - raft.server.log.async-flush.enabled = false (default)
2023-04-27 07:11:49,665 [s2-impl-thread1] INFO  server.RaftServerConfigKeys (ConfUtils.java:logGet(46)) - raft.server.log.statemachine.data.caching.enabled = false (default)
2023-04-27 07:11:49,665 [s2-impl-thread1] INFO  segmented.SegmentedRaftLogWorker (SegmentedRaftLogWorker.java:lambda$new$0(134)) - s2@group-D868071D5EC9-SegmentedRaftLogWorker: flushIndex: setUnconditionally 0 -> -1
2023-04-27 07:11:49,665 [s2-impl-thread1] INFO  segmented.SegmentedRaftLogWorker (SegmentedRaftLogWorker.java:lambda$new$0(134)) - s2@group-D868071D5EC9-SegmentedRaftLogWorker: safeCacheEvictIndex: setUnconditionally 0 -> -1
2023-04-27 07:11:49,666 [s2-impl-thread1] INFO  server.RaftServer$Division (RaftServerImpl.java:start(348)) - s2@group-D868071D5EC9: start with initializing state, conf=-1: peers:[]|listeners:[], old=null
2023-04-27 07:11:49,666 [s2-impl-thread1] INFO  server.RaftServer$Division (RaftServerImpl.java:setRole(329)) - s2@group-D868071D5EC9: changes role from      null to FOLLOWER at term 0 for startInitializing
2023-04-27 07:11:49,666 [s2-impl-thread1] INFO  util.JmxRegister (JmxRegister.java:tryRegister(44)) - Successfully registered JMX Bean with object name Ratis:service=RaftServer,group=group-D868071D5EC9,id=s2
2023-04-27 07:11:49,667 [s2-impl-thread1] INFO  server.RaftServerConfigKeys (ConfUtils.java:logGet(46)) - raft.server.snapshot.auto.trigger.enabled = true (custom)
2023-04-27 07:11:49,667 [s2-impl-thread1] INFO  server.RaftServerConfigKeys (ConfUtils.java:logGet(46)) - raft.server.snapshot.auto.trigger.threshold = 64 (custom)
2023-04-27 07:11:49,667 [s2-impl-thread1] INFO  server.RaftServerConfigKeys (ConfUtils.java:logGet(46)) - raft.server.snapshot.retention.file.num = -1 (default)
2023-04-27 07:11:49,667 [s2-impl-thread1] INFO  server.RaftServerConfigKeys (ConfUtils.java:logGet(46)) - raft.server.log.purge.upto.snapshot.index = false (default)
2023-04-27 07:11:49,670 [Time-limited test] INFO  server.RaftServer (RaftServerProxy.java:startImpl(401)) - s2: start RPC server
2023-04-27 07:11:49,672 [Time-limited test] INFO  server.GrpcService (GrpcService.java:startImpl(302)) - s2: GrpcService started, listening on 36217
2023-04-27 07:11:49,675 [Time-limited test] INFO  impl.MiniRaftCluster (MiniRaftCluster.java:setConfiguration(819)) - Start changing the configuration: [s1|rpc:0.0.0.0:37329|priority:0|startupRole:FOLLOWER, s2|rpc:0.0.0.0:36217|priority:0|startupRole:FOLLOWER, s0|rpc:localhost:36383|admin:localhost:45217|client:localhost:34145|dataStream:localhost:38499|priority:0|startupRole:FOLLOWER]
2023-04-27 07:11:49,682 [JvmPauseMonitor5] INFO  util.JvmPauseMonitor (JvmPauseMonitor.java:run(103)) - JvmPauseMonitor-s2: Started
2023-04-27 07:11:49,684 [s0-server-thread1] INFO  server.RaftServer$Division (RaftServerImpl.java:setConfigurationAsync(1197)) - s0@group-D868071D5EC9: receive setConfiguration SetConfigurationRequest:client-3239AB5A9E35->s0@group-D868071D5EC9, cid=257, seq=0, RW, null, SET_UNCONDITIONALLY, servers:[s1|rpc:0.0.0.0:37329|dataStream:|priority:0|startupRole:FOLLOWER, s2|rpc:0.0.0.0:36217|dataStream:|priority:0|startupRole:FOLLOWER, s0|rpc:localhost:36383|admin:localhost:45217|client:localhost:34145|dataStream:localhost:38499|priority:0|startupRole:FOLLOWER], listeners:[]
2023-04-27 07:11:49,684 [s0-server-thread1] INFO  server.RaftServer$Division (LeaderStateImpl.java:startSetConfiguration(443)) - s0@group-D868071D5EC9-LeaderStateImpl: startSetConfiguration SetConfigurationRequest:client-3239AB5A9E35->s0@group-D868071D5EC9, cid=257, seq=0, RW, null, SET_UNCONDITIONALLY, servers:[s1|rpc:0.0.0.0:37329|dataStream:|priority:0|startupRole:FOLLOWER, s2|rpc:0.0.0.0:36217|dataStream:|priority:0|startupRole:FOLLOWER, s0|rpc:localhost:36383|admin:localhost:45217|client:localhost:34145|dataStream:localhost:38499|priority:0|startupRole:FOLLOWER], listeners:[]
2023-04-27 07:11:49,684 [s0-server-thread1] INFO  server.RaftServerConfigKeys (ConfUtils.java:logGet(46)) - raft.server.log.appender.snapshot.chunk.size.max = 1k (=1024) (custom)
2023-04-27 07:11:49,684 [s0-server-thread1] INFO  server.RaftServerConfigKeys (ConfUtils.java:logGet(46)) - raft.server.log.appender.buffer.byte-limit = 4MB (=4194304) (default)
2023-04-27 07:11:49,684 [s0-server-thread1] INFO  server.RaftServerConfigKeys (ConfUtils.java:logGet(46)) - raft.server.log.appender.buffer.element-limit = 0 (default)
2023-04-27 07:11:49,684 [s0-server-thread1] INFO  server.RaftServerConfigKeys (ConfUtils.java:logGet(46)) - raft.server.log.appender.wait-time.min = 10ms (default)
2023-04-27 07:11:49,684 [s0-server-thread1] INFO  grpc.GrpcConfigKeys (ConfUtils.java:logGet(46)) - raft.grpc.server.leader.outstanding.appends.max = 128 (default)
2023-04-27 07:11:49,684 [s0-server-thread1] INFO  server.RaftServerConfigKeys (ConfUtils.java:logGet(46)) - raft.server.rpc.request.timeout = 3000ms (default)
2023-04-27 07:11:49,684 [s0-server-thread1] INFO  grpc.GrpcConfigKeys (ConfUtils.java:logGet(46)) - raft.grpc.server.install_snapshot.request.element-limit = 8 (default)
2023-04-27 07:11:49,685 [s0-server-thread1] INFO  grpc.GrpcConfigKeys (ConfUtils.java:logGet(46)) - raft.grpc.server.install_snapshot.request.timeout = 3000ms (default)
2023-04-27 07:11:49,685 [s0-server-thread1] INFO  server.RaftServerConfigKeys (ConfUtils.java:logGet(46)) - raft.server.log.appender.install.snapshot.enabled = true (default)
2023-04-27 07:11:49,685 [s0-server-thread1] INFO  grpc.GrpcConfigKeys (ConfUtils.java:logGet(46)) - raft.grpc.server.heartbeat.channel = false (custom)
2023-04-27 07:11:49,685 [s0-server-thread1] INFO  server.RaftServerConfigKeys (ConfUtils.java:logGet(46)) - raft.server.log.appender.snapshot.chunk.size.max = 1k (=1024) (custom)
2023-04-27 07:11:49,685 [s0-server-thread1] INFO  server.RaftServerConfigKeys (ConfUtils.java:logGet(46)) - raft.server.log.appender.buffer.byte-limit = 4MB (=4194304) (default)
2023-04-27 07:11:49,685 [s0-server-thread1] INFO  server.RaftServerConfigKeys (ConfUtils.java:logGet(46)) - raft.server.log.appender.buffer.element-limit = 0 (default)
2023-04-27 07:11:49,685 [s0-server-thread1] INFO  server.RaftServerConfigKeys (ConfUtils.java:logGet(46)) - raft.server.log.appender.wait-time.min = 10ms (default)
2023-04-27 07:11:49,685 [s0-server-thread1] INFO  grpc.GrpcConfigKeys (ConfUtils.java:logGet(46)) - raft.grpc.server.leader.outstanding.appends.max = 128 (default)
2023-04-27 07:11:49,685 [s0-server-thread1] INFO  server.RaftServerConfigKeys (ConfUtils.java:logGet(46)) - raft.server.rpc.request.timeout = 3000ms (default)
2023-04-27 07:11:49,685 [s0-server-thread1] INFO  grpc.GrpcConfigKeys (ConfUtils.java:logGet(46)) - raft.grpc.server.install_snapshot.request.element-limit = 8 (default)
2023-04-27 07:11:49,685 [s0-server-thread1] INFO  grpc.GrpcConfigKeys (ConfUtils.java:logGet(46)) - raft.grpc.server.install_snapshot.request.timeout = 3000ms (default)
2023-04-27 07:11:49,685 [s0-server-thread1] INFO  server.RaftServerConfigKeys (ConfUtils.java:logGet(46)) - raft.server.log.appender.install.snapshot.enabled = true (default)
2023-04-27 07:11:49,685 [s0-server-thread1] INFO  grpc.GrpcConfigKeys (ConfUtils.java:logGet(46)) - raft.grpc.server.heartbeat.channel = false (custom)
2023-04-27 07:11:49,689 [s0@group-D868071D5EC9->s1-GrpcLogAppender-LogAppenderDaemon] INFO  server.GrpcLogAppender (GrpcLogAppender.java:installSnapshot(598)) - s0@group-D868071D5EC9->s1-GrpcLogAppender: followerNextIndex = 0 but logStartIndex = 0, send snapshot FileListSnapshotInfo(t:1, i:191):[/tmp/ratis-tests/statemachine/s0/snapshot/1_191/vegetable, /tmp/ratis-tests/statemachine/s0/snapshot/1_191/deer, /tmp/ratis-tests/statemachine/s0/snapshot/1_191/loves] to follower
2023-04-27 07:11:49,694 [s0@group-D868071D5EC9->s1-GrpcLogAppender-LogAppenderDaemon] INFO  server.GrpcServerProtocolClient (GrpcServerProtocolClient.java:<init>(65)) - Build channel for s1
2023-04-27 07:11:49,690 [s0@group-D868071D5EC9->s2-GrpcLogAppender-LogAppenderDaemon] INFO  server.GrpcLogAppender (GrpcLogAppender.java:installSnapshot(598)) - s0@group-D868071D5EC9->s2-GrpcLogAppender: followerNextIndex = 0 but logStartIndex = 0, send snapshot FileListSnapshotInfo(t:1, i:191):[/tmp/ratis-tests/statemachine/s0/snapshot/1_191/vegetable, /tmp/ratis-tests/statemachine/s0/snapshot/1_191/deer, /tmp/ratis-tests/statemachine/s0/snapshot/1_191/loves] to follower
2023-04-27 07:11:49,695 [s0@group-D868071D5EC9->s2-GrpcLogAppender-LogAppenderDaemon] INFO  server.GrpcServerProtocolClient (GrpcServerProtocolClient.java:<init>(65)) - Build channel for s2
2023-04-27 07:11:49,700 [grpc-default-executor-3] INFO  impl.SnapshotInstallationHandler (SnapshotInstallationHandler.java:installSnapshot(89)) - s2@group-D868071D5EC9: receive installSnapshot: s0->s2#0-t1,chunk:221e4b68-fa94-4f52-9c05-639feb18d215,0
2023-04-27 07:11:49,702 [grpc-default-executor-3] INFO  server.RaftServer$Division (ServerState.java:setLeader(260)) - s2@group-D868071D5EC9: change Leader from null to s0 at term 1 for installSnapshot, leader elected after 66ms
2023-04-27 07:11:49,703 [grpc-default-executor-3] TRACE util.FileUtils (LogUtils.java:runAndLog(49)) - Successfully ran Files.createDirectories /tmp/ratis-tests/statemachine/s2/tmp/snapshot-221e4b68-fa94-4f52-9c05-639feb18d215
2023-04-27 07:11:49,703 [grpc-default-executor-3] INFO  storage.SnapshotManager (SnapshotManager.java:installSnapshot(89)) - Installing snapshot:s0->s2#0-t1,chunk:221e4b68-fa94-4f52-9c05-639feb18d215,0, to tmp dir:/tmp/ratis-tests/statemachine/s2/tmp/snapshot-221e4b68-fa94-4f52-9c05-639feb18d215
2023-04-27 07:11:49,703 [grpc-default-executor-3] TRACE util.FileUtils (LogUtils.java:runAndLog(49)) - Successfully ran Files.createDirectories /tmp/ratis-tests/statemachine/s2/tmp/snapshot-221e4b68-fa94-4f52-9c05-639feb18d215/1_191
2023-04-27 07:11:49,705 [grpc-default-executor-2] INFO  impl.SnapshotInstallationHandler (SnapshotInstallationHandler.java:installSnapshot(89)) - s1@group-D868071D5EC9: receive installSnapshot: s0->s1#0-t1,chunk:d61915e8-44d5-4190-8c3a-f1feefe31348,0
2023-04-27 07:11:49,706 [grpc-default-executor-2] INFO  server.RaftServer$Division (ServerState.java:setLeader(260)) - s1@group-D868071D5EC9: change Leader from null to s0 at term 1 for installSnapshot, leader elected after 72ms
2023-04-27 07:11:49,706 [grpc-default-executor-2] TRACE util.FileUtils (LogUtils.java:runAndLog(49)) - Successfully ran Files.createDirectories /tmp/ratis-tests/statemachine/s1/tmp/snapshot-d61915e8-44d5-4190-8c3a-f1feefe31348
2023-04-27 07:11:49,707 [grpc-default-executor-2] INFO  storage.SnapshotManager (SnapshotManager.java:installSnapshot(89)) - Installing snapshot:s0->s1#0-t1,chunk:d61915e8-44d5-4190-8c3a-f1feefe31348,0, to tmp dir:/tmp/ratis-tests/statemachine/s1/tmp/snapshot-d61915e8-44d5-4190-8c3a-f1feefe31348
2023-04-27 07:11:49,707 [grpc-default-executor-2] TRACE util.FileUtils (LogUtils.java:runAndLog(49)) - Successfully ran Files.createDirectories /tmp/ratis-tests/statemachine/s1/tmp/snapshot-d61915e8-44d5-4190-8c3a-f1feefe31348/1_191
2023-04-27 07:11:49,707 [grpc-default-executor-3] INFO  impl.SnapshotInstallationHandler (SnapshotInstallationHandler.java:installSnapshotImpl(134)) - s2@group-D868071D5EC9: set new configuration configurationEntry {
  peers {
    id: "s0"
    address: "localhost:36383"
    dataStreamAddress: "localhost:38499"
    clientAddress: "localhost:34145"
    adminAddress: "localhost:45217"
    startupRole: FOLLOWER
  }
}
 from snapshot
2023-04-27 07:11:49,708 [grpc-default-executor-3] INFO  server.RaftServer$Division (ServerState.java:setRaftConf(377)) - s2@group-D868071D5EC9: set configuration 0: peers:[s0|rpc:localhost:36383|admin:localhost:45217|client:localhost:34145|dataStream:localhost:38499|priority:0|startupRole:FOLLOWER]|listeners:[], old=null
2023-04-27 07:11:49,708 [grpc-default-executor-3] INFO  impl.SnapshotInstallationHandler (SnapshotInstallationHandler.java:installSnapshot(100)) - s2@group-D868071D5EC9: reply installSnapshot: s0<-s2#0:OK-t0,SUCCESS,requestIndex=0
2023-04-27 07:11:49,708 [grpc-default-executor-2] INFO  impl.SnapshotInstallationHandler (SnapshotInstallationHandler.java:installSnapshotImpl(134)) - s1@group-D868071D5EC9: set new configuration configurationEntry {
  peers {
    id: "s0"
    address: "localhost:36383"
    dataStreamAddress: "localhost:38499"
    clientAddress: "localhost:34145"
    adminAddress: "localhost:45217"
    startupRole: FOLLOWER
  }
}
 from snapshot
2023-04-27 07:11:49,709 [grpc-default-executor-2] INFO  server.RaftServer$Division (ServerState.java:setRaftConf(377)) - s1@group-D868071D5EC9: set configuration 0: peers:[s0|rpc:localhost:36383|admin:localhost:45217|client:localhost:34145|dataStream:localhost:38499|priority:0|startupRole:FOLLOWER]|listeners:[], old=null
2023-04-27 07:11:49,709 [grpc-default-executor-2] INFO  impl.SnapshotInstallationHandler (SnapshotInstallationHandler.java:installSnapshot(100)) - s1@group-D868071D5EC9: reply installSnapshot: s0<-s1#0:OK-t0,SUCCESS,requestIndex=0
2023-04-27 07:11:49,710 [grpc-default-executor-0] INFO  server.GrpcLogAppender (GrpcLogAppender.java:onNext(504)) - s0@group-D868071D5EC9->s1-InstallSnapshotResponseHandler: received the first reply s0<-s1#0:OK-t0,SUCCESS,requestIndex=0
2023-04-27 07:11:49,710 [grpc-default-executor-0] INFO  server.GrpcLogAppender (GrpcLogAppender.java:onNext(517)) - s0@group-D868071D5EC9->s1-InstallSnapshotResponseHandler: Completed InstallSnapshot. Reply: serverReply {
  requestorId: "s0"
  replyId: "s1"
  raftGroupId {
    id: "U\203\214\226\243TE\255\262\340\330h\a\035^\311"
  }
  success: true
}
requestIndex: 0

2023-04-27 07:11:49,710 [grpc-default-executor-0] INFO  leader.FollowerInfo (FollowerInfoImpl.java:setAttemptedToInstallSnapshot(126)) - Follower s0@group-D868071D5EC9->s1 acknowledged installing snapshot
2023-04-27 07:11:49,710 [grpc-default-executor-2] INFO  impl.SnapshotInstallationHandler (SnapshotInstallationHandler.java:installSnapshot(89)) - s1@group-D868071D5EC9: receive installSnapshot: s0->s1#0-t1,chunk:d61915e8-44d5-4190-8c3a-f1feefe31348,1
2023-04-27 07:11:49,710 [grpc-default-executor-2] TRACE util.FileUtils (LogUtils.java:runAndLog(49)) - Successfully ran Files.createDirectories /tmp/ratis-tests/statemachine/s1/tmp/snapshot-d61915e8-44d5-4190-8c3a-f1feefe31348
2023-04-27 07:11:49,710 [grpc-default-executor-2] INFO  storage.SnapshotManager (SnapshotManager.java:installSnapshot(89)) - Installing snapshot:s0->s1#0-t1,chunk:d61915e8-44d5-4190-8c3a-f1feefe31348,1, to tmp dir:/tmp/ratis-tests/statemachine/s1/tmp/snapshot-d61915e8-44d5-4190-8c3a-f1feefe31348
2023-04-27 07:11:49,711 [grpc-default-executor-2] TRACE util.FileUtils (LogUtils.java:runAndLog(49)) - Successfully ran Files.createDirectories /tmp/ratis-tests/statemachine/s1/tmp/snapshot-d61915e8-44d5-4190-8c3a-f1feefe31348/1_191
2023-04-27 07:11:49,712 [grpc-default-executor-0] INFO  server.GrpcLogAppender (GrpcLogAppender.java:onNext(504)) - s0@group-D868071D5EC9->s2-InstallSnapshotResponseHandler: received the first reply s0<-s2#0:OK-t0,SUCCESS,requestIndex=0
2023-04-27 07:11:49,712 [grpc-default-executor-0] INFO  server.GrpcLogAppender (GrpcLogAppender.java:onNext(517)) - s0@group-D868071D5EC9->s2-InstallSnapshotResponseHandler: Completed InstallSnapshot. Reply: serverReply {
  requestorId: "s0"
  replyId: "s2"
  raftGroupId {
    id: "U\203\214\226\243TE\255\262\340\330h\a\035^\311"
  }
  success: true
}
requestIndex: 0

2023-04-27 07:11:49,712 [grpc-default-executor-0] INFO  leader.FollowerInfo (FollowerInfoImpl.java:setAttemptedToInstallSnapshot(126)) - Follower s0@group-D868071D5EC9->s2 acknowledged installing snapshot
2023-04-27 07:11:49,712 [grpc-default-executor-3] INFO  impl.SnapshotInstallationHandler (SnapshotInstallationHandler.java:installSnapshot(89)) - s2@group-D868071D5EC9: receive installSnapshot: s0->s2#0-t1,chunk:221e4b68-fa94-4f52-9c05-639feb18d215,1
2023-04-27 07:11:49,712 [grpc-default-executor-3] TRACE util.FileUtils (LogUtils.java:runAndLog(49)) - Successfully ran Files.createDirectories /tmp/ratis-tests/statemachine/s2/tmp/snapshot-221e4b68-fa94-4f52-9c05-639feb18d215
2023-04-27 07:11:49,712 [grpc-default-executor-3] INFO  storage.SnapshotManager (SnapshotManager.java:installSnapshot(89)) - Installing snapshot:s0->s2#0-t1,chunk:221e4b68-fa94-4f52-9c05-639feb18d215,1, to tmp dir:/tmp/ratis-tests/statemachine/s2/tmp/snapshot-221e4b68-fa94-4f52-9c05-639feb18d215
2023-04-27 07:11:49,712 [grpc-default-executor-3] TRACE util.FileUtils (LogUtils.java:runAndLog(49)) - Successfully ran Files.createDirectories /tmp/ratis-tests/statemachine/s2/tmp/snapshot-221e4b68-fa94-4f52-9c05-639feb18d215/1_191
2023-04-27 07:11:49,713 [grpc-default-executor-2] INFO  impl.SnapshotInstallationHandler (SnapshotInstallationHandler.java:installSnapshot(100)) - s1@group-D868071D5EC9: reply installSnapshot: s0<-s1#0:OK-t1,SUCCESS,requestIndex=1
2023-04-27 07:11:49,713 [grpc-default-executor-3] INFO  impl.SnapshotInstallationHandler (SnapshotInstallationHandler.java:installSnapshot(100)) - s2@group-D868071D5EC9: reply installSnapshot: s0<-s2#0:OK-t1,SUCCESS,requestIndex=1
2023-04-27 07:11:49,714 [grpc-default-executor-2] INFO  server.GrpcLogAppender (GrpcLogAppender.java:onNext(504)) - s0@group-D868071D5EC9->s2-InstallSnapshotResponseHandler: received a reply s0<-s2#0:OK-t1,SUCCESS,requestIndex=1
2023-04-27 07:11:49,714 [grpc-default-executor-0] INFO  impl.SnapshotInstallationHandler (SnapshotInstallationHandler.java:installSnapshot(89)) - s1@group-D868071D5EC9: receive installSnapshot: s0->s1#0-t1,chunk:d61915e8-44d5-4190-8c3a-f1feefe31348,2
2023-04-27 07:11:49,714 [grpc-default-executor-2] INFO  server.GrpcLogAppender (GrpcLogAppender.java:onNext(517)) - s0@group-D868071D5EC9->s2-InstallSnapshotResponseHandler: Completed InstallSnapshot. Reply: serverReply {
  requestorId: "s0"
  replyId: "s2"
  raftGroupId {
    id: "U\203\214\226\243TE\255\262\340\330h\a\035^\311"
  }
  success: true
}
term: 1
requestIndex: 1

2023-04-27 07:11:49,715 [grpc-default-executor-2] INFO  leader.FollowerInfo (FollowerInfoImpl.java:setAttemptedToInstallSnapshot(126)) - Follower s0@group-D868071D5EC9->s2 acknowledged installing snapshot
2023-04-27 07:11:49,715 [grpc-default-executor-3] INFO  impl.SnapshotInstallationHandler (SnapshotInstallationHandler.java:installSnapshot(89)) - s2@group-D868071D5EC9: receive installSnapshot: s0->s2#0-t1,chunk:221e4b68-fa94-4f52-9c05-639feb18d215,2
2023-04-27 07:11:49,715 [grpc-default-executor-3] TRACE util.FileUtils (LogUtils.java:runAndLog(49)) - Successfully ran Files.createDirectories /tmp/ratis-tests/statemachine/s2/tmp/snapshot-221e4b68-fa94-4f52-9c05-639feb18d215
2023-04-27 07:11:49,715 [grpc-default-executor-3] INFO  storage.SnapshotManager (SnapshotManager.java:installSnapshot(89)) - Installing snapshot:s0->s2#0-t1,chunk:221e4b68-fa94-4f52-9c05-639feb18d215,2, to tmp dir:/tmp/ratis-tests/statemachine/s2/tmp/snapshot-221e4b68-fa94-4f52-9c05-639feb18d215
2023-04-27 07:11:49,715 [grpc-default-executor-3] TRACE util.FileUtils (LogUtils.java:runAndLog(49)) - Successfully ran Files.createDirectories /tmp/ratis-tests/statemachine/s2/tmp/snapshot-221e4b68-fa94-4f52-9c05-639feb18d215/1_191
2023-04-27 07:11:49,714 [grpc-default-executor-0] TRACE util.FileUtils (LogUtils.java:runAndLog(49)) - Successfully ran Files.createDirectories /tmp/ratis-tests/statemachine/s1/tmp/snapshot-d61915e8-44d5-4190-8c3a-f1feefe31348
2023-04-27 07:11:49,715 [grpc-default-executor-1] INFO  server.GrpcLogAppender (GrpcLogAppender.java:onNext(504)) - s0@group-D868071D5EC9->s1-InstallSnapshotResponseHandler: received a reply s0<-s1#0:OK-t1,SUCCESS,requestIndex=1
2023-04-27 07:11:49,716 [grpc-default-executor-0] INFO  storage.SnapshotManager (SnapshotManager.java:installSnapshot(89)) - Installing snapshot:s0->s1#0-t1,chunk:d61915e8-44d5-4190-8c3a-f1feefe31348,2, to tmp dir:/tmp/ratis-tests/statemachine/s1/tmp/snapshot-d61915e8-44d5-4190-8c3a-f1feefe31348
2023-04-27 07:11:49,716 [grpc-default-executor-1] INFO  server.GrpcLogAppender (GrpcLogAppender.java:onNext(517)) - s0@group-D868071D5EC9->s1-InstallSnapshotResponseHandler: Completed InstallSnapshot. Reply: serverReply {
  requestorId: "s0"
  replyId: "s1"
  raftGroupId {
    id: "U\203\214\226\243TE\255\262\340\330h\a\035^\311"
  }
  success: true
}
term: 1
requestIndex: 1

2023-04-27 07:11:49,716 [grpc-default-executor-1] INFO  leader.FollowerInfo (FollowerInfoImpl.java:setAttemptedToInstallSnapshot(126)) - Follower s0@group-D868071D5EC9->s1 acknowledged installing snapshot
2023-04-27 07:11:49,716 [grpc-default-executor-0] TRACE util.FileUtils (LogUtils.java:runAndLog(49)) - Successfully ran Files.createDirectories /tmp/ratis-tests/statemachine/s1/tmp/snapshot-d61915e8-44d5-4190-8c3a-f1feefe31348/1_191
2023-04-27 07:11:49,717 [grpc-default-executor-3] INFO  storage.SnapshotManager (SnapshotManager.java:rename(168)) - Installed snapshot, renaming temporary dir /tmp/ratis-tests/statemachine/s2/tmp/snapshot-221e4b68-fa94-4f52-9c05-639feb18d215 to /tmp/ratis-tests/statemachine/s2/snapshot
2023-04-27 07:11:49,717 [grpc-default-executor-3] TRACE util.FileUtils (LogUtils.java:runAndLog(49)) - Successfully ran Atomic Files.move /tmp/ratis-tests/statemachine/s2/snapshot to /tmp/ratis-tests/statemachine/s2/snapshot.tmp20230427-071149_717
2023-04-27 07:11:49,717 [grpc-default-executor-3] TRACE util.FileUtils (LogUtils.java:runAndLog(49)) - Successfully ran Atomic Files.move /tmp/ratis-tests/statemachine/s2/tmp/snapshot-221e4b68-fa94-4f52-9c05-639feb18d215 to /tmp/ratis-tests/statemachine/s2/snapshot
2023-04-27 07:11:49,717 [grpc-default-executor-0] INFO  storage.SnapshotManager (SnapshotManager.java:rename(168)) - Installed snapshot, renaming temporary dir /tmp/ratis-tests/statemachine/s1/tmp/snapshot-d61915e8-44d5-4190-8c3a-f1feefe31348 to /tmp/ratis-tests/statemachine/s1/snapshot
2023-04-27 07:11:49,717 [grpc-default-executor-0] TRACE util.FileUtils (LogUtils.java:runAndLog(49)) - Successfully ran Atomic Files.move /tmp/ratis-tests/statemachine/s1/snapshot to /tmp/ratis-tests/statemachine/s1/snapshot.tmp20230427-071149_717
2023-04-27 07:11:49,717 [grpc-default-executor-0] TRACE util.FileUtils (LogUtils.java:runAndLog(49)) - Successfully ran Atomic Files.move /tmp/ratis-tests/statemachine/s1/tmp/snapshot-d61915e8-44d5-4190-8c3a-f1feefe31348 to /tmp/ratis-tests/statemachine/s1/snapshot
2023-04-27 07:11:49,717 [grpc-default-executor-0] TRACE util.FileUtils (FileUtils.java:deleteFully(201)) - deleteFully /tmp/ratis-tests/statemachine/s1/snapshot.tmp20230427-071149_717
2023-04-27 07:11:49,717 [grpc-default-executor-0] TRACE util.FileUtils (LogUtils.java:runAndLog(49)) - Successfully ran Files.delete /tmp/ratis-tests/statemachine/s1/snapshot.tmp20230427-071149_717
2023-04-27 07:11:49,718 [grpc-default-executor-0] INFO  raftlog.RaftLog (RaftLogBase.java:lambda$new$0(53)) - s1@group-D868071D5EC9-SegmentedRaftLog: snapshotIndex: updateIncreasingly -1 -> 191
2023-04-27 07:11:49,718 [s1@group-D868071D5EC9-StateMachineUpdater] INFO  impl.SimpleStateMachine4Testing (SimpleStateMachine4Testing.java:reinitialize(236)) - Reinitializing StateMachineWithSeparatedSnapshotPath:s1:group-D868071D5EC9
2023-04-27 07:11:49,718 [grpc-default-executor-0] INFO  segmented.SegmentedRaftLogWorker (SegmentedRaftLogWorker.java:lambda$new$0(134)) - s1@group-D868071D5EC9-SegmentedRaftLogWorker: flushIndex: setUnconditionally -1 -> 191
2023-04-27 07:11:49,718 [grpc-default-executor-0] INFO  segmented.SegmentedRaftLogWorker (SegmentedRaftLogWorker.java:lambda$new$0(134)) - s1@group-D868071D5EC9-SegmentedRaftLogWorker: safeCacheEvictIndex: setUnconditionally -1 -> 191
2023-04-27 07:11:49,718 [s1@group-D868071D5EC9-StateMachineUpdater] INFO  impl.SimpleStateMachine4Testing (SimpleStateMachine4Testing.java:loadSnapshot(293)) - Loading snapshot null
2023-04-27 07:11:49,718 [grpc-default-executor-0] INFO  impl.SnapshotInstallationHandler (SnapshotInstallationHandler.java:checkAndInstallSnapshot(194)) - s1@group-D868071D5EC9: successfully install the entire snapshot-191
2023-04-27 07:11:49,718 [s1@group-D868071D5EC9-StateMachineUpdater] INFO  impl.StateMachineUpdater (StateMachineUpdater.java:lambda$new$0(96)) - s1@group-D868071D5EC9-StateMachineUpdater: snapshotIndex: setUnconditionally -1 -> 191
2023-04-27 07:11:49,718 [s1@group-D868071D5EC9-StateMachineUpdater] INFO  impl.StateMachineUpdater (StateMachineUpdater.java:lambda$new$0(96)) - s1@group-D868071D5EC9-StateMachineUpdater: appliedIndex: setUnconditionally -1 -> 191
2023-04-27 07:11:49,718 [grpc-default-executor-0] INFO  impl.SnapshotInstallationHandler (SnapshotInstallationHandler.java:installSnapshot(100)) - s1@group-D868071D5EC9: reply installSnapshot: s0<-s1#0:OK-t1,SUCCESS,requestIndex=2
2023-04-27 07:11:49,718 [grpc-default-executor-3] TRACE util.FileUtils (FileUtils.java:deleteFully(201)) - deleteFully /tmp/ratis-tests/statemachine/s2/snapshot.tmp20230427-071149_717
2023-04-27 07:11:49,718 [grpc-default-executor-0] INFO  server.GrpcServerProtocolService (GrpcServerProtocolService.java:onCompleted(155)) - s1: Completed INSTALL_SNAPSHOT, lastRequest: s0->s1#0-t1,chunk:d61915e8-44d5-4190-8c3a-f1feefe31348,2
2023-04-27 07:11:49,718 [grpc-default-executor-0] INFO  server.GrpcServerProtocolService (GrpcServerProtocolService.java:lambda$onCompleted$5(157)) - s1: Completed INSTALL_SNAPSHOT, lastReply: null
2023-04-27 07:11:49,719 [grpc-default-executor-1] INFO  server.GrpcLogAppender (GrpcLogAppender.java:onNext(504)) - s0@group-D868071D5EC9->s1-InstallSnapshotResponseHandler: received a reply s0<-s1#0:OK-t1,SUCCESS,requestIndex=2
2023-04-27 07:11:49,719 [grpc-default-executor-1] INFO  server.GrpcLogAppender (GrpcLogAppender.java:onNext(517)) - s0@group-D868071D5EC9->s1-InstallSnapshotResponseHandler: Completed InstallSnapshot. Reply: serverReply {
  requestorId: "s0"
  replyId: "s1"
  raftGroupId {
    id: "U\203\214\226\243TE\255\262\340\330h\a\035^\311"
  }
  success: true
}
term: 1
requestIndex: 2

2023-04-27 07:11:49,719 [grpc-default-executor-1] INFO  leader.FollowerInfo (FollowerInfoImpl.java:setAttemptedToInstallSnapshot(126)) - Follower s0@group-D868071D5EC9->s1 acknowledged installing snapshot
2023-04-27 07:11:49,719 [grpc-default-executor-1] INFO  server.GrpcLogAppender (GrpcLogAppender.java:onCompleted(582)) - s0@group-D868071D5EC9->s1-InstallSnapshotResponseHandler: follower responded installSnapshot COMPLETED
2023-04-27 07:11:49,718 [grpc-default-executor-3] TRACE util.FileUtils (LogUtils.java:runAndLog(49)) - Successfully ran Files.delete /tmp/ratis-tests/statemachine/s2/snapshot.tmp20230427-071149_717
2023-04-27 07:11:49,719 [s0@group-D868071D5EC9->s1-GrpcLogAppender-LogAppenderDaemon] INFO  leader.FollowerInfo (FollowerInfoImpl.java:lambda$new$0(52)) - s0@group-D868071D5EC9->s1: snapshotIndex: setUnconditionally 0 -> 191
2023-04-27 07:11:49,719 [s2@group-D868071D5EC9-StateMachineUpdater] INFO  impl.SimpleStateMachine4Testing (SimpleStateMachine4Testing.java:reinitialize(236)) - Reinitializing StateMachineWithSeparatedSnapshotPath:s2:group-D868071D5EC9
2023-04-27 07:11:49,719 [s0@group-D868071D5EC9->s1-GrpcLogAppender-LogAppenderDaemon] INFO  leader.FollowerInfo (FollowerInfoImpl.java:lambda$new$0(52)) - s0@group-D868071D5EC9->s1: matchIndex: setUnconditionally -1 -> 191
2023-04-27 07:11:49,720 [s0@group-D868071D5EC9->s1-GrpcLogAppender-LogAppenderDaemon] INFO  leader.FollowerInfo (FollowerInfoImpl.java:lambda$new$0(52)) - s0@group-D868071D5EC9->s1: nextIndex: setUnconditionally 0 -> 192
2023-04-27 07:11:49,720 [s2@group-D868071D5EC9-StateMachineUpdater] INFO  impl.SimpleStateMachine4Testing (SimpleStateMachine4Testing.java:loadSnapshot(293)) - Loading snapshot null
2023-04-27 07:11:49,720 [s0@group-D868071D5EC9->s1-GrpcLogAppender-LogAppenderDaemon] INFO  server.GrpcLogAppender (GrpcLogAppender.java:installSnapshot(637)) - s0@group-D868071D5EC9->s1-GrpcLogAppender: installed snapshot FileListSnapshotInfo(t:1, i:191):[/tmp/ratis-tests/statemachine/s0/snapshot/1_191/vegetable, /tmp/ratis-tests/statemachine/s0/snapshot/1_191/deer, /tmp/ratis-tests/statemachine/s0/snapshot/1_191/loves] successfully
2023-04-27 07:11:49,720 [s2@group-D868071D5EC9-StateMachineUpdater] INFO  impl.StateMachineUpdater (StateMachineUpdater.java:lambda$new$0(96)) - s2@group-D868071D5EC9-StateMachineUpdater: snapshotIndex: setUnconditionally -1 -> 191
2023-04-27 07:11:49,720 [s2@group-D868071D5EC9-StateMachineUpdater] INFO  impl.StateMachineUpdater (StateMachineUpdater.java:lambda$new$0(96)) - s2@group-D868071D5EC9-StateMachineUpdater: appliedIndex: setUnconditionally -1 -> 191
2023-04-27 07:11:49,720 [grpc-default-executor-3] INFO  raftlog.RaftLog (RaftLogBase.java:lambda$new$0(53)) - s2@group-D868071D5EC9-SegmentedRaftLog: snapshotIndex: updateIncreasingly -1 -> 191
2023-04-27 07:11:49,720 [grpc-default-executor-3] INFO  segmented.SegmentedRaftLogWorker (SegmentedRaftLogWorker.java:lambda$new$0(134)) - s2@group-D868071D5EC9-SegmentedRaftLogWorker: flushIndex: setUnconditionally -1 -> 191
2023-04-27 07:11:49,720 [grpc-default-executor-3] INFO  segmented.SegmentedRaftLogWorker (SegmentedRaftLogWorker.java:lambda$new$0(134)) - s2@group-D868071D5EC9-SegmentedRaftLogWorker: safeCacheEvictIndex: setUnconditionally -1 -> 191
2023-04-27 07:11:49,721 [grpc-default-executor-3] INFO  impl.SnapshotInstallationHandler (SnapshotInstallationHandler.java:checkAndInstallSnapshot(194)) - s2@group-D868071D5EC9: successfully install the entire snapshot-191
2023-04-27 07:11:49,721 [grpc-default-executor-3] INFO  impl.SnapshotInstallationHandler (SnapshotInstallationHandler.java:installSnapshot(100)) - s2@group-D868071D5EC9: reply installSnapshot: s0<-s2#0:OK-t1,SUCCESS,requestIndex=2
2023-04-27 07:11:49,721 [grpc-default-executor-0] INFO  server.GrpcLogAppender (GrpcLogAppender.java:onNext(504)) - s0@group-D868071D5EC9->s2-InstallSnapshotResponseHandler: received a reply s0<-s2#0:OK-t1,SUCCESS,requestIndex=2
2023-04-27 07:11:49,721 [grpc-default-executor-0] INFO  server.GrpcLogAppender (GrpcLogAppender.java:onNext(517)) - s0@group-D868071D5EC9->s2-InstallSnapshotResponseHandler: Completed InstallSnapshot. Reply: serverReply {
  requestorId: "s0"
  replyId: "s2"
  raftGroupId {
    id: "U\203\214\226\243TE\255\262\340\330h\a\035^\311"
  }
  success: true
}
term: 1
requestIndex: 2

2023-04-27 07:11:49,721 [grpc-default-executor-0] INFO  leader.FollowerInfo (FollowerInfoImpl.java:setAttemptedToInstallSnapshot(126)) - Follower s0@group-D868071D5EC9->s2 acknowledged installing snapshot
2023-04-27 07:11:49,722 [grpc-default-executor-3] INFO  server.GrpcServerProtocolService (GrpcServerProtocolService.java:onCompleted(155)) - s2: Completed INSTALL_SNAPSHOT, lastRequest: s0->s2#0-t1,chunk:221e4b68-fa94-4f52-9c05-639feb18d215,2
2023-04-27 07:11:49,722 [grpc-default-executor-3] INFO  server.GrpcServerProtocolService (GrpcServerProtocolService.java:lambda$onCompleted$5(157)) - s2: Completed INSTALL_SNAPSHOT, lastReply: null
2023-04-27 07:11:49,722 [grpc-default-executor-0] INFO  server.GrpcLogAppender (GrpcLogAppender.java:onCompleted(582)) - s0@group-D868071D5EC9->s2-InstallSnapshotResponseHandler: follower responded installSnapshot COMPLETED
2023-04-27 07:11:49,722 [s0@group-D868071D5EC9->s2-GrpcLogAppender-LogAppenderDaemon] INFO  leader.FollowerInfo (FollowerInfoImpl.java:lambda$new$0(52)) - s0@group-D868071D5EC9->s2: snapshotIndex: setUnconditionally 0 -> 191
2023-04-27 07:11:49,722 [s0@group-D868071D5EC9->s2-GrpcLogAppender-LogAppenderDaemon] INFO  leader.FollowerInfo (FollowerInfoImpl.java:lambda$new$0(52)) - s0@group-D868071D5EC9->s2: matchIndex: setUnconditionally -1 -> 191
2023-04-27 07:11:49,722 [s0@group-D868071D5EC9->s2-GrpcLogAppender-LogAppenderDaemon] INFO  leader.FollowerInfo (FollowerInfoImpl.java:lambda$new$0(52)) - s0@group-D868071D5EC9->s2: nextIndex: setUnconditionally 0 -> 192
2023-04-27 07:11:49,722 [s0@group-D868071D5EC9->s2-GrpcLogAppender-LogAppenderDaemon] INFO  server.GrpcLogAppender (GrpcLogAppender.java:installSnapshot(637)) - s0@group-D868071D5EC9->s2-GrpcLogAppender: installed snapshot FileListSnapshotInfo(t:1, i:191):[/tmp/ratis-tests/statemachine/s0/snapshot/1_191/vegetable, /tmp/ratis-tests/statemachine/s0/snapshot/1_191/deer, /tmp/ratis-tests/statemachine/s0/snapshot/1_191/loves] successfully
2023-04-27 07:11:49,726 [s1-server-thread1] INFO  impl.RoleInfo (RoleInfo.java:updateAndGet(139)) - s1: start s1@group-D868071D5EC9-FollowerState
2023-04-27 07:11:49,727 [s1@group-D868071D5EC9-FollowerState] INFO  server.RaftServerConfigKeys (ConfUtils.java:logFallback(53)) - raft.server.rpc.first-election.timeout.min = 150ms (fallback to raft.server.rpc.timeout.min)
2023-04-27 07:11:49,727 [s1@group-D868071D5EC9-FollowerState] INFO  server.RaftServerConfigKeys (ConfUtils.java:logFallback(53)) - raft.server.rpc.first-election.timeout.max = 300ms (fallback to raft.server.rpc.timeout.max)
2023-04-27 07:11:49,734 [s2-server-thread1] INFO  impl.RoleInfo (RoleInfo.java:updateAndGet(139)) - s2: start s2@group-D868071D5EC9-FollowerState
2023-04-27 07:11:49,734 [s1-server-thread2] INFO  segmented.SegmentedRaftLogWorker (SegmentedRaftLogWorker.java:startLogSegment(426)) - s1@group-D868071D5EC9-SegmentedRaftLogWorker: Starting segment from index:192
2023-04-27 07:11:49,736 [s2@group-D868071D5EC9-FollowerState] INFO  server.RaftServerConfigKeys (ConfUtils.java:logFallback(53)) - raft.server.rpc.first-election.timeout.min = 150ms (fallback to raft.server.rpc.timeout.min)
2023-04-27 07:11:49,736 [s2@group-D868071D5EC9-FollowerState] INFO  server.RaftServerConfigKeys (ConfUtils.java:logFallback(53)) - raft.server.rpc.first-election.timeout.max = 300ms (fallback to raft.server.rpc.timeout.max)
2023-04-27 07:11:49,737 [s2-server-thread1] INFO  segmented.SegmentedRaftLogWorker (SegmentedRaftLogWorker.java:startLogSegment(426)) - s2@group-D868071D5EC9-SegmentedRaftLogWorker: Starting segment from index:192
2023-04-27 07:11:49,751 [s2@group-D868071D5EC9-SegmentedRaftLogWorker] INFO  segmented.SegmentedRaftLogWorker (SegmentedRaftLogWorker.java:execute(630)) - s2@group-D868071D5EC9-SegmentedRaftLogWorker: created new log segment /home/runner/work/ratis/ratis/ratis-test/target/test/data/a5c97c2c/MiniRaftClusterWithGrpc43cd3cce/s2/55838c96-a354-45ad-b2e0-d868071d5ec9/current/log_inprogress_192
2023-04-27 07:11:49,752 [s1@group-D868071D5EC9-SegmentedRaftLogWorker] INFO  segmented.SegmentedRaftLogWorker (SegmentedRaftLogWorker.java:execute(630)) - s1@group-D868071D5EC9-SegmentedRaftLogWorker: created new log segment /home/runner/work/ratis/ratis/ratis-test/target/test/data/a5c97c2c/MiniRaftClusterWithGrpc43cd3cce/s1/55838c96-a354-45ad-b2e0-d868071d5ec9/current/log_inprogress_192
2023-04-27 07:11:49,754 [s2@group-D868071D5EC9-StateMachineUpdater] INFO  impl.SimpleStateMachine4Testing (SimpleStateMachine4Testing.java:put(205)) - s2: put 193, m96 -> (t:1, i:193), STATEMACHINELOGENTRY, 225@client-1375A1436102
2023-04-27 07:11:49,754 [s2@group-D868071D5EC9-StateMachineUpdater] INFO  impl.SimpleStateMachine4Testing (SimpleStateMachine4Testing.java:put(205)) - s2: put 195, m97 -> (t:1, i:195), STATEMACHINELOGENTRY, 226@client-1375A1436102
2023-04-27 07:11:49,754 [s2@group-D868071D5EC9-StateMachineUpdater] INFO  impl.SimpleStateMachine4Testing (SimpleStateMachine4Testing.java:put(205)) - s2: put 197, m98 -> (t:1, i:197), STATEMACHINELOGENTRY, 227@client-1375A1436102
2023-04-27 07:11:49,754 [s2@group-D868071D5EC9-StateMachineUpdater] INFO  impl.SimpleStateMachine4Testing (SimpleStateMachine4Testing.java:put(205)) - s2: put 199, m99 -> (t:1, i:199), STATEMACHINELOGENTRY, 228@client-1375A1436102
2023-04-27 07:11:49,755 [s2@group-D868071D5EC9-StateMachineUpdater] INFO  impl.SimpleStateMachine4Testing (SimpleStateMachine4Testing.java:put(205)) - s2: put 201, m100 -> (t:1, i:201), STATEMACHINELOGENTRY, 229@client-1375A1436102
2023-04-27 07:11:49,755 [s2@group-D868071D5EC9-StateMachineUpdater] INFO  impl.SimpleStateMachine4Testing (SimpleStateMachine4Testing.java:put(205)) - s2: put 203, m101 -> (t:1, i:203), STATEMACHINELOGENTRY, 230@client-1375A1436102
2023-04-27 07:11:49,755 [s2@group-D868071D5EC9-StateMachineUpdater] INFO  impl.SimpleStateMachine4Testing (SimpleStateMachine4Testing.java:put(205)) - s2: put 205, m102 -> (t:1, i:205), STATEMACHINELOGENTRY, 231@client-1375A1436102
2023-04-27 07:11:49,755 [s2@group-D868071D5EC9-StateMachineUpdater] INFO  impl.SimpleStateMachine4Testing (SimpleStateMachine4Testing.java:put(205)) - s2: put 207, m103 -> (t:1, i:207), STATEMACHINELOGENTRY, 232@client-1375A1436102
2023-04-27 07:11:49,755 [s2@group-D868071D5EC9-StateMachineUpdater] INFO  impl.SimpleStateMachine4Testing (SimpleStateMachine4Testing.java:put(205)) - s2: put 209, m104 -> (t:1, i:209), STATEMACHINELOGENTRY, 233@client-1375A1436102
2023-04-27 07:11:49,756 [s2@group-D868071D5EC9-StateMachineUpdater] INFO  impl.SimpleStateMachine4Testing (SimpleStateMachine4Testing.java:put(205)) - s2: put 211, m105 -> (t:1, i:211), STATEMACHINELOGENTRY, 234@client-1375A1436102
2023-04-27 07:11:49,756 [s2@group-D868071D5EC9-StateMachineUpdater] INFO  impl.SimpleStateMachine4Testing (SimpleStateMachine4Testing.java:put(205)) - s2: put 213, m106 -> (t:1, i:213), STATEMACHINELOGENTRY, 235@client-1375A1436102
2023-04-27 07:11:49,756 [s2@group-D868071D5EC9-StateMachineUpdater] INFO  impl.SimpleStateMachine4Testing (SimpleStateMachine4Testing.java:put(205)) - s2: put 215, m107 -> (t:1, i:215), STATEMACHINELOGENTRY, 236@client-1375A1436102
2023-04-27 07:11:49,756 [s2@group-D868071D5EC9-StateMachineUpdater] INFO  impl.SimpleStateMachine4Testing (SimpleStateMachine4Testing.java:put(205)) - s2: put 217, m108 -> (t:1, i:217), STATEMACHINELOGENTRY, 237@client-1375A1436102
2023-04-27 07:11:49,756 [s2@group-D868071D5EC9-StateMachineUpdater] INFO  impl.SimpleStateMachine4Testing (SimpleStateMachine4Testing.java:put(205)) - s2: put 219, m109 -> (t:1, i:219), STATEMACHINELOGENTRY, 238@client-1375A1436102
2023-04-27 07:11:49,756 [s2@group-D868071D5EC9-StateMachineUpdater] INFO  impl.SimpleStateMachine4Testing (SimpleStateMachine4Testing.java:put(205)) - s2: put 221, m110 -> (t:1, i:221), STATEMACHINELOGENTRY, 239@client-1375A1436102
2023-04-27 07:11:49,757 [s2@group-D868071D5EC9-StateMachineUpdater] INFO  impl.SimpleStateMachine4Testing (SimpleStateMachine4Testing.java:put(205)) - s2: put 223, m111 -> (t:1, i:223), STATEMACHINELOGENTRY, 240@client-1375A1436102
2023-04-27 07:11:49,757 [s2@group-D868071D5EC9-StateMachineUpdater] INFO  impl.SimpleStateMachine4Testing (SimpleStateMachine4Testing.java:put(205)) - s2: put 225, m112 -> (t:1, i:225), STATEMACHINELOGENTRY, 241@client-1375A1436102
2023-04-27 07:11:49,757 [s2@group-D868071D5EC9-StateMachineUpdater] INFO  impl.SimpleStateMachine4Testing (SimpleStateMachine4Testing.java:put(205)) - s2: put 227, m113 -> (t:1, i:227), STATEMACHINELOGENTRY, 242@client-1375A1436102
2023-04-27 07:11:49,757 [s2@group-D868071D5EC9-StateMachineUpdater] INFO  impl.SimpleStateMachine4Testing (SimpleStateMachine4Testing.java:put(205)) - s2: put 229, m114 -> (t:1, i:229), STATEMACHINELOGENTRY, 243@client-1375A1436102
2023-04-27 07:11:49,757 [s2@group-D868071D5EC9-StateMachineUpdater] INFO  impl.SimpleStateMachine4Testing (SimpleStateMachine4Testing.java:put(205)) - s2: put 231, m115 -> (t:1, i:231), STATEMACHINELOGENTRY, 244@client-1375A1436102
2023-04-27 07:11:49,757 [s2@group-D868071D5EC9-StateMachineUpdater] INFO  impl.SimpleStateMachine4Testing (SimpleStateMachine4Testing.java:put(205)) - s2: put 233, m116 -> (t:1, i:233), STATEMACHINELOGENTRY, 245@client-1375A1436102
2023-04-27 07:11:49,758 [s2@group-D868071D5EC9-StateMachineUpdater] INFO  impl.SimpleStateMachine4Testing (SimpleStateMachine4Testing.java:put(205)) - s2: put 235, m117 -> (t:1, i:235), STATEMACHINELOGENTRY, 246@client-1375A1436102
2023-04-27 07:11:49,758 [s2@group-D868071D5EC9-StateMachineUpdater] INFO  impl.SimpleStateMachine4Testing (SimpleStateMachine4Testing.java:put(205)) - s2: put 237, m118 -> (t:1, i:237), STATEMACHINELOGENTRY, 247@client-1375A1436102
2023-04-27 07:11:49,758 [s2@group-D868071D5EC9-StateMachineUpdater] INFO  impl.SimpleStateMachine4Testing (SimpleStateMachine4Testing.java:put(205)) - s2: put 239, m119 -> (t:1, i:239), STATEMACHINELOGENTRY, 248@client-1375A1436102
2023-04-27 07:11:49,758 [s2@group-D868071D5EC9-StateMachineUpdater] INFO  impl.SimpleStateMachine4Testing (SimpleStateMachine4Testing.java:put(205)) - s2: put 241, m120 -> (t:1, i:241), STATEMACHINELOGENTRY, 249@client-1375A1436102
2023-04-27 07:11:49,759 [s0@group-D868071D5EC9-LeaderStateImpl] INFO  server.RaftServer$Division (ServerState.java:setRaftConf(377)) - s0@group-D868071D5EC9: set configuration 255: peers:[s0|rpc:localhost:36383|admin:localhost:45217|client:localhost:34145|dataStream:localhost:38499|priority:0|startupRole:FOLLOWER, s1|rpc:0.0.0.0:37329|dataStream:|priority:0|startupRole:FOLLOWER, s2|rpc:0.0.0.0:36217|dataStream:|priority:0|startupRole:FOLLOWER]|listeners:[], old=peers:[s0|rpc:localhost:36383|admin:localhost:45217|client:localhost:34145|dataStream:localhost:38499|priority:0|startupRole:FOLLOWER]|listeners:[]
2023-04-27 07:11:49,760 [s2-server-thread2] INFO  server.RaftServer$Division (ServerState.java:setRaftConf(377)) - s2@group-D868071D5EC9: set configuration 255: peers:[s0|rpc:localhost:36383|admin:localhost:45217|client:localhost:34145|dataStream:localhost:38499|priority:0|startupRole:FOLLOWER, s1|rpc:0.0.0.0:37329|dataStream:|priority:0|startupRole:FOLLOWER, s2|rpc:0.0.0.0:36217|dataStream:|priority:0|startupRole:FOLLOWER]|listeners:[], old=peers:[s0|rpc:localhost:36383|admin:localhost:45217|client:localhost:34145|dataStream:localhost:38499|priority:0|startupRole:FOLLOWER]|listeners:[]
2023-04-27 07:11:49,761 [s1@group-D868071D5EC9-StateMachineUpdater] INFO  impl.SimpleStateMachine4Testing (SimpleStateMachine4Testing.java:put(205)) - s1: put 193, m96 -> (t:1, i:193), STATEMACHINELOGENTRY, 225@client-1375A1436102
2023-04-27 07:11:49,761 [s1@group-D868071D5EC9-StateMachineUpdater] INFO  impl.SimpleStateMachine4Testing (SimpleStateMachine4Testing.java:put(205)) - s1: put 195, m97 -> (t:1, i:195), STATEMACHINELOGENTRY, 226@client-1375A1436102
2023-04-27 07:11:49,761 [s1@group-D868071D5EC9-StateMachineUpdater] INFO  impl.SimpleStateMachine4Testing (SimpleStateMachine4Testing.java:put(205)) - s1: put 197, m98 -> (t:1, i:197), STATEMACHINELOGENTRY, 227@client-1375A1436102
2023-04-27 07:11:49,761 [s1-server-thread2] INFO  server.RaftServer$Division (ServerState.java:setRaftConf(377)) - s1@group-D868071D5EC9: set configuration 255: peers:[s0|rpc:localhost:36383|admin:localhost:45217|client:localhost:34145|dataStream:localhost:38499|priority:0|startupRole:FOLLOWER, s1|rpc:0.0.0.0:37329|dataStream:|priority:0|startupRole:FOLLOWER, s2|rpc:0.0.0.0:36217|dataStream:|priority:0|startupRole:FOLLOWER]|listeners:[], old=peers:[s0|rpc:localhost:36383|admin:localhost:45217|client:localhost:34145|dataStream:localhost:38499|priority:0|startupRole:FOLLOWER]|listeners:[]
2023-04-27 07:11:49,763 [s2@group-D868071D5EC9-StateMachineUpdater] INFO  impl.SimpleStateMachine4Testing (SimpleStateMachine4Testing.java:put(205)) - s2: put 243, m121 -> (t:1, i:243), STATEMACHINELOGENTRY, 250@client-1375A1436102
2023-04-27 07:11:49,763 [s1@group-D868071D5EC9-StateMachineUpdater] INFO  impl.SimpleStateMachine4Testing (SimpleStateMachine4Testing.java:put(205)) - s1: put 199, m99 -> (t:1, i:199), STATEMACHINELOGENTRY, 228@client-1375A1436102
2023-04-27 07:11:49,764 [s1@group-D868071D5EC9-StateMachineUpdater] INFO  impl.SimpleStateMachine4Testing (SimpleStateMachine4Testing.java:put(205)) - s1: put 201, m100 -> (t:1, i:201), STATEMACHINELOGENTRY, 229@client-1375A1436102
2023-04-27 07:11:49,764 [s1@group-D868071D5EC9-StateMachineUpdater] INFO  impl.SimpleStateMachine4Testing (SimpleStateMachine4Testing.java:put(205)) - s1: put 203, m101 -> (t:1, i:203), STATEMACHINELOGENTRY, 230@client-1375A1436102
2023-04-27 07:11:49,764 [s1@group-D868071D5EC9-StateMachineUpdater] INFO  impl.SimpleStateMachine4Testing (SimpleStateMachine4Testing.java:put(205)) - s1: put 205, m102 -> (t:1, i:205), STATEMACHINELOGENTRY, 231@client-1375A1436102
2023-04-27 07:11:49,764 [s1@group-D868071D5EC9-StateMachineUpdater] INFO  impl.SimpleStateMachine4Testing (SimpleStateMachine4Testing.java:put(205)) - s1: put 207, m103 -> (t:1, i:207), STATEMACHINELOGENTRY, 232@client-1375A1436102
2023-04-27 07:11:49,764 [s1@group-D868071D5EC9-StateMachineUpdater] INFO  impl.SimpleStateMachine4Testing (SimpleStateMachine4Testing.java:put(205)) - s1: put 209, m104 -> (t:1, i:209), STATEMACHINELOGENTRY, 233@client-1375A1436102
2023-04-27 07:11:49,765 [s1@group-D868071D5EC9-StateMachineUpdater] INFO  impl.SimpleStateMachine4Testing (SimpleStateMachine4Testing.java:put(205)) - s1: put 211, m105 -> (t:1, i:211), STATEMACHINELOGENTRY, 234@client-1375A1436102
2023-04-27 07:11:49,765 [s1@group-D868071D5EC9-StateMachineUpdater] INFO  impl.SimpleStateMachine4Testing (SimpleStateMachine4Testing.java:put(205)) - s1: put 213, m106 -> (t:1, i:213), STATEMACHINELOGENTRY, 235@client-1375A1436102
2023-04-27 07:11:49,765 [s1@group-D868071D5EC9-StateMachineUpdater] INFO  impl.SimpleStateMachine4Testing (SimpleStateMachine4Testing.java:put(205)) - s1: put 215, m107 -> (t:1, i:215), STATEMACHINELOGENTRY, 236@client-1375A1436102
2023-04-27 07:11:49,765 [s1@group-D868071D5EC9-StateMachineUpdater] INFO  impl.SimpleStateMachine4Testing (SimpleStateMachine4Testing.java:put(205)) - s1: put 217, m108 -> (t:1, i:217), STATEMACHINELOGENTRY, 237@client-1375A1436102
2023-04-27 07:11:49,765 [s1@group-D868071D5EC9-StateMachineUpdater] INFO  impl.SimpleStateMachine4Testing (SimpleStateMachine4Testing.java:put(205)) - s1: put 219, m109 -> (t:1, i:219), STATEMACHINELOGENTRY, 238@client-1375A1436102
2023-04-27 07:11:49,766 [s1@group-D868071D5EC9-StateMachineUpdater] INFO  impl.SimpleStateMachine4Testing (SimpleStateMachine4Testing.java:put(205)) - s1: put 221, m110 -> (t:1, i:221), STATEMACHINELOGENTRY, 239@client-1375A1436102
2023-04-27 07:11:49,767 [s0@group-D868071D5EC9-LeaderStateImpl] INFO  server.RaftServer$Division (ServerState.java:setRaftConf(377)) - s0@group-D868071D5EC9: set configuration 257: peers:[s0|rpc:localhost:36383|admin:localhost:45217|client:localhost:34145|dataStream:localhost:38499|priority:0|startupRole:FOLLOWER, s1|rpc:0.0.0.0:37329|dataStream:|priority:0|startupRole:FOLLOWER, s2|rpc:0.0.0.0:36217|dataStream:|priority:0|startupRole:FOLLOWER]|listeners:[], old=null
2023-04-27 07:11:49,767 [s0@group-D868071D5EC9-StateMachineUpdater] TRACE util.FileUtils (FileUtils.java:deleteFully(201)) - deleteFully /tmp/ratis-tests/statemachine/s0/snapshot/1_255
2023-04-27 07:11:49,768 [s0@group-D868071D5EC9-StateMachineUpdater] TRACE util.FileUtils (FileUtils.java:deleteFully(217)) - deleteFully: /tmp/ratis-tests/statemachine/s0/snapshot/1_255 does not exist.
2023-04-27 07:11:49,768 [s0@group-D868071D5EC9-StateMachineUpdater] TRACE util.FileUtils (FileUtils.java:deleteFully(201)) - deleteFully /tmp/ratis-tests/statemachine/s0/tmp/fb08d96e-6e12-4c2f-98a6-739f7698b049
2023-04-27 07:11:49,768 [s0@group-D868071D5EC9-StateMachineUpdater] TRACE util.FileUtils (FileUtils.java:deleteFully(217)) - deleteFully: /tmp/ratis-tests/statemachine/s0/tmp/fb08d96e-6e12-4c2f-98a6-739f7698b049 does not exist.
2023-04-27 07:11:49,768 [s0@group-D868071D5EC9-StateMachineUpdater] TRACE util.FileUtils (LogUtils.java:runAndLog(49)) - Successfully ran Atomic Files.move /tmp/ratis-tests/statemachine/s0/tmp/fb08d96e-6e12-4c2f-98a6-739f7698b049 to /tmp/ratis-tests/statemachine/s0/snapshot/1_255
2023-04-27 07:11:49,768 [s0@group-D868071D5EC9-StateMachineUpdater] INFO  impl.StateMachineUpdater (StateMachineUpdater.java:takeSnapshot(290)) - s0@group-D868071D5EC9-StateMachineUpdater: Took a snapshot at index 255
2023-04-27 07:11:49,768 [s0@group-D868071D5EC9-StateMachineUpdater] INFO  impl.StateMachineUpdater (StateMachineUpdater.java:lambda$new$0(96)) - s0@group-D868071D5EC9-StateMachineUpdater: snapshotIndex: updateIncreasingly 191 -> 255
2023-04-27 07:11:49,769 [s0@group-D868071D5EC9-StateMachineUpdater] INFO  raftlog.RaftLog (RaftLogBase.java:purge(314)) - s0@group-D868071D5EC9-SegmentedRaftLog: purge 254
2023-04-27 07:11:49,769 [s0@group-D868071D5EC9-StateMachineUpdater] INFO  raftlog.RaftLog (RaftLogBase.java:lambda$new$0(53)) - s0@group-D868071D5EC9-SegmentedRaftLog: snapshotIndex: updateIncreasingly 191 -> 255
2023-04-27 07:11:49,769 [s0@group-D868071D5EC9-StateMachineUpdater] INFO  raftlog.RaftLog (RaftLogBase.java:lambda$new$0(53)) - s0@group-D868071D5EC9-SegmentedRaftLog: purgeIndex: updateToMax old=191, new=254, updated? true
2023-04-27 07:11:49,769 [s1@group-D868071D5EC9-StateMachineUpdater] INFO  impl.SimpleStateMachine4Testing (SimpleStateMachine4Testing.java:put(205)) - s1: put 223, m111 -> (t:1, i:223), STATEMACHINELOGENTRY, 240@client-1375A1436102
2023-04-27 07:11:49,769 [s1@group-D868071D5EC9-StateMachineUpdater] INFO  impl.SimpleStateMachine4Testing (SimpleStateMachine4Testing.java:put(205)) - s1: put 225, m112 -> (t:1, i:225), STATEMACHINELOGENTRY, 241@client-1375A1436102
2023-04-27 07:11:49,769 [s1@group-D868071D5EC9-StateMachineUpdater] INFO  impl.SimpleStateMachine4Testing (SimpleStateMachine4Testing.java:put(205)) - s1: put 227, m113 -> (t:1, i:227), STATEMACHINELOGENTRY, 242@client-1375A1436102
2023-04-27 07:11:49,770 [s1@group-D868071D5EC9-StateMachineUpdater] INFO  impl.SimpleStateMachine4Testing (SimpleStateMachine4Testing.java:put(205)) - s1: put 229, m114 -> (t:1, i:229), STATEMACHINELOGENTRY, 243@client-1375A1436102
2023-04-27 07:11:49,770 [s1@group-D868071D5EC9-StateMachineUpdater] INFO  impl.SimpleStateMachine4Testing (SimpleStateMachine4Testing.java:put(205)) - s1: put 231, m115 -> (t:1, i:231), STATEMACHINELOGENTRY, 244@client-1375A1436102
2023-04-27 07:11:49,770 [s1@group-D868071D5EC9-StateMachineUpdater] INFO  impl.SimpleStateMachine4Testing (SimpleStateMachine4Testing.java:put(205)) - s1: put 233, m116 -> (t:1, i:233), STATEMACHINELOGENTRY, 245@client-1375A1436102
2023-04-27 07:11:49,770 [s1@group-D868071D5EC9-StateMachineUpdater] INFO  impl.SimpleStateMachine4Testing (SimpleStateMachine4Testing.java:put(205)) - s1: put 235, m117 -> (t:1, i:235), STATEMACHINELOGENTRY, 246@client-1375A1436102
2023-04-27 07:11:49,771 [s2-server-thread2] INFO  server.RaftServer$Division (ServerState.java:setRaftConf(377)) - s2@group-D868071D5EC9: set configuration 257: peers:[s0|rpc:localhost:36383|admin:localhost:45217|client:localhost:34145|dataStream:localhost:38499|priority:0|startupRole:FOLLOWER, s1|rpc:0.0.0.0:37329|dataStream:|priority:0|startupRole:FOLLOWER, s2|rpc:0.0.0.0:36217|dataStream:|priority:0|startupRole:FOLLOWER]|listeners:[], old=null
2023-04-27 07:11:49,771 [s1@group-D868071D5EC9-StateMachineUpdater] INFO  impl.SimpleStateMachine4Testing (SimpleStateMachine4Testing.java:put(205)) - s1: put 237, m118 -> (t:1, i:237), STATEMACHINELOGENTRY, 247@client-1375A1436102
2023-04-27 07:11:49,772 [s2@group-D868071D5EC9-StateMachineUpdater] INFO  impl.SimpleStateMachine4Testing (SimpleStateMachine4Testing.java:put(205)) - s2: put 245, m122 -> (t:1, i:245), STATEMACHINELOGENTRY, 251@client-1375A1436102
2023-04-27 07:11:49,772 [s2@group-D868071D5EC9-StateMachineUpdater] INFO  impl.SimpleStateMachine4Testing (SimpleStateMachine4Testing.java:put(205)) - s2: put 247, m123 -> (t:1, i:247), STATEMACHINELOGENTRY, 252@client-1375A1436102
2023-04-27 07:11:49,772 [s2@group-D868071D5EC9-StateMachineUpdater] INFO  impl.SimpleStateMachine4Testing (SimpleStateMachine4Testing.java:put(205)) - s2: put 249, m124 -> (t:1, i:249), STATEMACHINELOGENTRY, 253@client-1375A1436102
2023-04-27 07:11:49,772 [s2@group-D868071D5EC9-StateMachineUpdater] INFO  impl.SimpleStateMachine4Testing (SimpleStateMachine4Testing.java:put(205)) - s2: put 251, m125 -> (t:1, i:251), STATEMACHINELOGENTRY, 254@client-1375A1436102
2023-04-27 07:11:49,772 [s2@group-D868071D5EC9-StateMachineUpdater] INFO  impl.SimpleStateMachine4Testing (SimpleStateMachine4Testing.java:put(205)) - s2: put 253, m126 -> (t:1, i:253), STATEMACHINELOGENTRY, 255@client-1375A1436102
2023-04-27 07:11:49,773 [s1-server-thread2] INFO  server.RaftServer$Division (ServerState.java:setRaftConf(377)) - s1@group-D868071D5EC9: set configuration 257: peers:[s0|rpc:localhost:36383|admin:localhost:45217|client:localhost:34145|dataStream:localhost:38499|priority:0|startupRole:FOLLOWER, s1|rpc:0.0.0.0:37329|dataStream:|priority:0|startupRole:FOLLOWER, s2|rpc:0.0.0.0:36217|dataStream:|priority:0|startupRole:FOLLOWER]|listeners:[], old=null
2023-04-27 07:11:49,773 [s1@group-D868071D5EC9-StateMachineUpdater] INFO  impl.SimpleStateMachine4Testing (SimpleStateMachine4Testing.java:put(205)) - s1: put 239, m119 -> (t:1, i:239), STATEMACHINELOGENTRY, 248@client-1375A1436102
2023-04-27 07:11:49,773 [s1@group-D868071D5EC9-StateMachineUpdater] INFO  impl.SimpleStateMachine4Testing (SimpleStateMachine4Testing.java:put(205)) - s1: put 241, m120 -> (t:1, i:241), STATEMACHINELOGENTRY, 249@client-1375A1436102
2023-04-27 07:11:49,773 [s1@group-D868071D5EC9-StateMachineUpdater] INFO  impl.SimpleStateMachine4Testing (SimpleStateMachine4Testing.java:put(205)) - s1: put 243, m121 -> (t:1, i:243), STATEMACHINELOGENTRY, 250@client-1375A1436102
2023-04-27 07:11:49,773 [s1@group-D868071D5EC9-StateMachineUpdater] INFO  impl.SimpleStateMachine4Testing (SimpleStateMachine4Testing.java:put(205)) - s1: put 245, m122 -> (t:1, i:245), STATEMACHINELOGENTRY, 251@client-1375A1436102
2023-04-27 07:11:49,774 [s1@group-D868071D5EC9-StateMachineUpdater] INFO  impl.SimpleStateMachine4Testing (SimpleStateMachine4Testing.java:put(205)) - s1: put 247, m123 -> (t:1, i:247), STATEMACHINELOGENTRY, 252@client-1375A1436102
2023-04-27 07:11:49,774 [s1@group-D868071D5EC9-StateMachineUpdater] INFO  impl.SimpleStateMachine4Testing (SimpleStateMachine4Testing.java:put(205)) - s1: put 249, m124 -> (t:1, i:249), STATEMACHINELOGENTRY, 253@client-1375A1436102
2023-04-27 07:11:49,776 [s1@group-D868071D5EC9-StateMachineUpdater] INFO  impl.SimpleStateMachine4Testing (SimpleStateMachine4Testing.java:put(205)) - s1: put 251, m125 -> (t:1, i:251), STATEMACHINELOGENTRY, 254@client-1375A1436102
2023-04-27 07:11:49,776 [s1@group-D868071D5EC9-StateMachineUpdater] INFO  impl.SimpleStateMachine4Testing (SimpleStateMachine4Testing.java:put(205)) - s1: put 253, m126 -> (t:1, i:253), STATEMACHINELOGENTRY, 255@client-1375A1436102
2023-04-27 07:11:49,780 [s1@group-D868071D5EC9-StateMachineUpdater] TRACE util.FileUtils (FileUtils.java:deleteFully(201)) - deleteFully /tmp/ratis-tests/statemachine/s1/snapshot/1_255
2023-04-27 07:11:49,780 [s1@group-D868071D5EC9-StateMachineUpdater] TRACE util.FileUtils (FileUtils.java:deleteFully(217)) - deleteFully: /tmp/ratis-tests/statemachine/s1/snapshot/1_255 does not exist.
2023-04-27 07:11:49,780 [s1@group-D868071D5EC9-StateMachineUpdater] TRACE util.FileUtils (FileUtils.java:deleteFully(201)) - deleteFully /tmp/ratis-tests/statemachine/s1/tmp/598bf209-8a73-4637-a927-1192c996b114
2023-04-27 07:11:49,780 [s1@group-D868071D5EC9-StateMachineUpdater] TRACE util.FileUtils (FileUtils.java:deleteFully(217)) - deleteFully: /tmp/ratis-tests/statemachine/s1/tmp/598bf209-8a73-4637-a927-1192c996b114 does not exist.
2023-04-27 07:11:49,780 [s1@group-D868071D5EC9-StateMachineUpdater] TRACE util.FileUtils (LogUtils.java:runAndLog(49)) - Successfully ran Atomic Files.move /tmp/ratis-tests/statemachine/s1/tmp/598bf209-8a73-4637-a927-1192c996b114 to /tmp/ratis-tests/statemachine/s1/snapshot/1_255
2023-04-27 07:11:49,780 [s1@group-D868071D5EC9-StateMachineUpdater] INFO  impl.StateMachineUpdater (StateMachineUpdater.java:takeSnapshot(290)) - s1@group-D868071D5EC9-StateMachineUpdater: Took a snapshot at index 255
2023-04-27 07:11:49,780 [s1@group-D868071D5EC9-StateMachineUpdater] INFO  impl.StateMachineUpdater (StateMachineUpdater.java:lambda$new$0(96)) - s1@group-D868071D5EC9-StateMachineUpdater: snapshotIndex: updateIncreasingly 191 -> 255
2023-04-27 07:11:49,780 [s1@group-D868071D5EC9-StateMachineUpdater] INFO  raftlog.RaftLog (RaftLogBase.java:purge(314)) - s1@group-D868071D5EC9-SegmentedRaftLog: purge 254
2023-04-27 07:11:49,780 [s2@group-D868071D5EC9-StateMachineUpdater] TRACE util.FileUtils (FileUtils.java:deleteFully(201)) - deleteFully /tmp/ratis-tests/statemachine/s2/snapshot/1_255
2023-04-27 07:11:49,781 [s2@group-D868071D5EC9-StateMachineUpdater] TRACE util.FileUtils (FileUtils.java:deleteFully(217)) - deleteFully: /tmp/ratis-tests/statemachine/s2/snapshot/1_255 does not exist.
2023-04-27 07:11:49,781 [s2@group-D868071D5EC9-StateMachineUpdater] TRACE util.FileUtils (FileUtils.java:deleteFully(201)) - deleteFully /tmp/ratis-tests/statemachine/s2/tmp/b4bec24a-3ff0-4560-b557-a39c31fb175f
2023-04-27 07:11:49,781 [s2@group-D868071D5EC9-StateMachineUpdater] TRACE util.FileUtils (FileUtils.java:deleteFully(217)) - deleteFully: /tmp/ratis-tests/statemachine/s2/tmp/b4bec24a-3ff0-4560-b557-a39c31fb175f does not exist.
2023-04-27 07:11:49,781 [s2@group-D868071D5EC9-StateMachineUpdater] TRACE util.FileUtils (LogUtils.java:runAndLog(49)) - Successfully ran Atomic Files.move /tmp/ratis-tests/statemachine/s2/tmp/b4bec24a-3ff0-4560-b557-a39c31fb175f to /tmp/ratis-tests/statemachine/s2/snapshot/1_255
2023-04-27 07:11:49,781 [s2@group-D868071D5EC9-StateMachineUpdater] INFO  impl.StateMachineUpdater (StateMachineUpdater.java:takeSnapshot(290)) - s2@group-D868071D5EC9-StateMachineUpdater: Took a snapshot at index 255
2023-04-27 07:11:49,781 [s2@group-D868071D5EC9-StateMachineUpdater] INFO  impl.StateMachineUpdater (StateMachineUpdater.java:lambda$new$0(96)) - s2@group-D868071D5EC9-StateMachineUpdater: snapshotIndex: updateIncreasingly 191 -> 255
2023-04-27 07:11:49,781 [s2@group-D868071D5EC9-StateMachineUpdater] INFO  raftlog.RaftLog (RaftLogBase.java:purge(314)) - s2@group-D868071D5EC9-SegmentedRaftLog: purge 254
2023-04-27 07:11:49,781 [s2@group-D868071D5EC9-StateMachineUpdater] INFO  raftlog.RaftLog (RaftLogBase.java:lambda$new$0(53)) - s2@group-D868071D5EC9-SegmentedRaftLog: snapshotIndex: updateIncreasingly 191 -> 255
2023-04-27 07:11:49,781 [s2@group-D868071D5EC9-StateMachineUpdater] INFO  raftlog.RaftLog (RaftLogBase.java:lambda$new$0(53)) - s2@group-D868071D5EC9-SegmentedRaftLog: purgeIndex: updateToMax old=-1, new=254, updated? true
2023-04-27 07:11:49,781 [s1@group-D868071D5EC9-StateMachineUpdater] INFO  raftlog.RaftLog (RaftLogBase.java:lambda$new$0(53)) - s1@group-D868071D5EC9-SegmentedRaftLog: snapshotIndex: updateIncreasingly 191 -> 255
2023-04-27 07:11:49,781 [s1@group-D868071D5EC9-StateMachineUpdater] INFO  raftlog.RaftLog (RaftLogBase.java:lambda$new$0(53)) - s1@group-D868071D5EC9-SegmentedRaftLog: purgeIndex: updateToMax old=-1, new=254, updated? true
2023-04-27 07:11:49,794 [Time-limited test] INFO  server.RaftServerConfigKeys (ConfUtils.java:logGet(46)) - raft.server.rpc.timeout.max = 300ms (default)
2023-04-27 07:11:49,794 [Time-limited test] INFO  impl.RaftServerTestUtil (RaftServerTestUtil.java:waitAndCheckNewConf(87)) - waitAndCheckNewConf: peers=[s1|rpc:0.0.0.0:37329|priority:0|startupRole:FOLLOWER, s2|rpc:0.0.0.0:36217|priority:0|startupRole:FOLLOWER, s0|rpc:localhost:36383|admin:localhost:45217|client:localhost:34145|dataStream:localhost:38499|priority:0|startupRole:FOLLOWER], deadPeers=null, printing ALL groups
  s0:  RUNNING    LEADER s0@group-D868071D5EC9:t1, leader=s0, voted=s0, raftlog=Memoized:s0@group-D868071D5EC9-SegmentedRaftLog:OPENED:c258, conf=257: peers:[s0|rpc:localhost:36383|admin:localhost:45217|client:localhost:34145|dataStream:localhost:38499|priority:0|startupRole:FOLLOWER, s1|rpc:0.0.0.0:37329|dataStream:|priority:0|startupRole:FOLLOWER, s2|rpc:0.0.0.0:36217|dataStream:|priority:0|startupRole:FOLLOWER]|listeners:[], old=null RUNNING
  s1:  RUNNING  FOLLOWER s1@group-D868071D5EC9:t1, leader=s0, voted=null, raftlog=Memoized:s1@group-D868071D5EC9-SegmentedRaftLog:OPENED:c257, conf=257: peers:[s0|rpc:localhost:36383|admin:localhost:45217|client:localhost:34145|dataStream:localhost:38499|priority:0|startupRole:FOLLOWER, s1|rpc:0.0.0.0:37329|dataStream:|priority:0|startupRole:FOLLOWER, s2|rpc:0.0.0.0:36217|dataStream:|priority:0|startupRole:FOLLOWER]|listeners:[], old=null RUNNING
  s2:  RUNNING  FOLLOWER s2@group-D868071D5EC9:t1, leader=s0, voted=null, raftlog=Memoized:s2@group-D868071D5EC9-SegmentedRaftLog:OPENED:c257, conf=257: peers:[s0|rpc:localhost:36383|admin:localhost:45217|client:localhost:34145|dataStream:localhost:38499|priority:0|startupRole:FOLLOWER, s1|rpc:0.0.0.0:37329|dataStream:|priority:0|startupRole:FOLLOWER, s2|rpc:0.0.0.0:36217|dataStream:|priority:0|startupRole:FOLLOWER]|listeners:[], old=null RUNNING
2023-04-27 07:11:49,794 [Time-limited test] INFO  impl.RaftServerTestUtil (RaftServerTestUtil.java:waitAndCheckNewConf(96)) - checking    LEADER s0@group-D868071D5EC9:t1, leader=s0, voted=s0, raftlog=Memoized:s0@group-D868071D5EC9-SegmentedRaftLog:OPENED:c258, conf=257: peers:[s0|rpc:localhost:36383|admin:localhost:45217|client:localhost:34145|dataStream:localhost:38499|priority:0|startupRole:FOLLOWER, s1|rpc:0.0.0.0:37329|dataStream:|priority:0|startupRole:FOLLOWER, s2|rpc:0.0.0.0:36217|dataStream:|priority:0|startupRole:FOLLOWER]|listeners:[], old=null RUNNING
2023-04-27 07:11:49,795 [Time-limited test] INFO  impl.RaftServerTestUtil (RaftServerTestUtil.java:waitAndCheckNewConf(96)) - checking  FOLLOWER s1@group-D868071D5EC9:t1, leader=s0, voted=null, raftlog=Memoized:s1@group-D868071D5EC9-SegmentedRaftLog:OPENED:c257, conf=257: peers:[s0|rpc:localhost:36383|admin:localhost:45217|client:localhost:34145|dataStream:localhost:38499|priority:0|startupRole:FOLLOWER, s1|rpc:0.0.0.0:37329|dataStream:|priority:0|startupRole:FOLLOWER, s2|rpc:0.0.0.0:36217|dataStream:|priority:0|startupRole:FOLLOWER]|listeners:[], old=null RUNNING
2023-04-27 07:11:49,795 [Time-limited test] INFO  impl.RaftServerTestUtil (RaftServerTestUtil.java:waitAndCheckNewConf(96)) - checking  FOLLOWER s2@group-D868071D5EC9:t1, leader=s0, voted=null, raftlog=Memoized:s2@group-D868071D5EC9-SegmentedRaftLog:OPENED:c257, conf=257: peers:[s0|rpc:localhost:36383|admin:localhost:45217|client:localhost:34145|dataStream:localhost:38499|priority:0|startupRole:FOLLOWER, s1|rpc:0.0.0.0:37329|dataStream:|priority:0|startupRole:FOLLOWER, s2|rpc:0.0.0.0:36217|dataStream:|priority:0|startupRole:FOLLOWER]|listeners:[], old=null RUNNING
2023-04-27 07:11:49,795 [Time-limited test] INFO  impl.MiniRaftCluster (MiniRaftCluster.java:shutdown(831)) - ************************************************************** 
2023-04-27 07:11:49,795 [Time-limited test] INFO  impl.MiniRaftCluster (MiniRaftCluster.java:shutdown(832)) - *** 
2023-04-27 07:11:49,795 [Time-limited test] INFO  impl.MiniRaftCluster (MiniRaftCluster.java:shutdown(833)) - ***     Stopping MiniRaftClusterWithGrpc
2023-04-27 07:11:49,795 [Time-limited test] INFO  impl.MiniRaftCluster (MiniRaftCluster.java:shutdown(834)) - *** 
2023-04-27 07:11:49,795 [Time-limited test] INFO  impl.MiniRaftCluster (MiniRaftCluster.java:shutdown(835)) - ************************************************************** 
2023-04-27 07:11:49,795 [Time-limited test] INFO  impl.MiniRaftCluster (MiniRaftCluster.java:shutdown(836)) - printing ALL groups
  s0:  RUNNING    LEADER s0@group-D868071D5EC9:t1, leader=s0, voted=s0, raftlog=Memoized:s0@group-D868071D5EC9-SegmentedRaftLog:OPENED:c258, conf=257: peers:[s0|rpc:localhost:36383|admin:localhost:45217|client:localhost:34145|dataStream:localhost:38499|priority:0|startupRole:FOLLOWER, s1|rpc:0.0.0.0:37329|dataStream:|priority:0|startupRole:FOLLOWER, s2|rpc:0.0.0.0:36217|dataStream:|priority:0|startupRole:FOLLOWER]|listeners:[], old=null RUNNING
  s1:  RUNNING  FOLLOWER s1@group-D868071D5EC9:t1, leader=s0, voted=null, raftlog=Memoized:s1@group-D868071D5EC9-SegmentedRaftLog:OPENED:c257, conf=257: peers:[s0|rpc:localhost:36383|admin:localhost:45217|client:localhost:34145|dataStream:localhost:38499|priority:0|startupRole:FOLLOWER, s1|rpc:0.0.0.0:37329|dataStream:|priority:0|startupRole:FOLLOWER, s2|rpc:0.0.0.0:36217|dataStream:|priority:0|startupRole:FOLLOWER]|listeners:[], old=null RUNNING
  s2:  RUNNING  FOLLOWER s2@group-D868071D5EC9:t1, leader=s0, voted=null, raftlog=Memoized:s2@group-D868071D5EC9-SegmentedRaftLog:OPENED:c257, conf=257: peers:[s0|rpc:localhost:36383|admin:localhost:45217|client:localhost:34145|dataStream:localhost:38499|priority:0|startupRole:FOLLOWER, s1|rpc:0.0.0.0:37329|dataStream:|priority:0|startupRole:FOLLOWER, s2|rpc:0.0.0.0:36217|dataStream:|priority:0|startupRole:FOLLOWER]|listeners:[], old=null RUNNING
2023-04-27 07:11:49,802 [MiniRaftCluster-7] INFO  server.RaftServer (RaftServerProxy.java:lambda$close$7(417)) - s0: close
2023-04-27 07:11:49,805 [MiniRaftCluster-8] INFO  server.RaftServer (RaftServerProxy.java:lambda$close$7(417)) - s1: close
2023-04-27 07:11:49,808 [s0-impl-thread1] INFO  server.RaftServer$Division (RaftServerImpl.java:lambda$close$4(466)) - s0@group-D868071D5EC9: shutdown
2023-04-27 07:11:49,808 [MiniRaftCluster-7] INFO  server.GrpcService (GrpcService.java:closeImpl(311)) - s0: shutdown server org.apache.ratis.grpc.server.GrpcClientProtocolService now
2023-04-27 07:11:49,808 [s0-impl-thread1] INFO  util.JmxRegister (JmxRegister.java:unregister(73)) - Successfully un-registered JMX Bean with object name Ratis:service=RaftServer,group=group-D868071D5EC9,id=s0
2023-04-27 07:11:49,808 [s0-impl-thread1] INFO  impl.RoleInfo (RoleInfo.java:shutdownLeaderState(93)) - s0: shutdown s0@group-D868071D5EC9-LeaderStateImpl
2023-04-27 07:11:49,809 [s0@group-D868071D5EC9->s2-GrpcLogAppender-LogAppenderDaemon] WARN  server.GrpcLogAppender (GrpcLogAppender.java:mayWait(198)) - s0@group-D868071D5EC9->s2-GrpcLogAppender: Wait interrupted by java.lang.InterruptedException
2023-04-27 07:11:49,809 [s0@group-D868071D5EC9->s1-GrpcLogAppender-LogAppenderDaemon] WARN  server.GrpcLogAppender (GrpcLogAppender.java:mayWait(198)) - s0@group-D868071D5EC9->s1-GrpcLogAppender: Wait interrupted by java.lang.InterruptedException
2023-04-27 07:11:49,809 [grpc-default-executor-2] INFO  server.GrpcServerProtocolService (GrpcServerProtocolService.java:onCompleted(155)) - s2: Completed APPEND_ENTRIES, lastRequest: s0->s2#6-t1,previous=(t:1, i:257),leaderCommit=257,initializing? true,entries: size=1, first=(t:1, i:258), METADATAENTRY(c:257)
2023-04-27 07:11:49,809 [grpc-default-executor-2] INFO  server.GrpcServerProtocolService (GrpcServerProtocolService.java:lambda$onCompleted$5(157)) - s2: Completed APPEND_ENTRIES, lastReply: null
2023-04-27 07:11:49,810 [grpc-default-executor-1] INFO  server.GrpcLogAppender (GrpcLogAppender.java:onCompleted(425)) - s0@group-D868071D5EC9->s2-AppendLogResponseHandler: follower responses appendEntries COMPLETED
2023-04-27 07:11:49,810 [grpc-default-executor-2] INFO  server.GrpcServerProtocolService (GrpcServerProtocolService.java:onCompleted(155)) - s1: Completed APPEND_ENTRIES, lastRequest: s0->s1#7-t1,previous=(t:1, i:257),leaderCommit=257,initializing? true,entries: size=1, first=(t:1, i:258), METADATAENTRY(c:257)
2023-04-27 07:11:49,810 [grpc-default-executor-1] INFO  leader.FollowerInfo (FollowerInfoImpl.java:lambda$new$0(52)) - s0@group-D868071D5EC9->s2: decreaseNextIndex nextIndex: updateUnconditionally 259 -> 258
2023-04-27 07:11:49,810 [grpc-default-executor-2] INFO  server.GrpcServerProtocolService (GrpcServerProtocolService.java:lambda$onCompleted$5(157)) - s1: Completed APPEND_ENTRIES, lastReply: null
2023-04-27 07:11:49,810 [grpc-default-executor-1] INFO  server.GrpcLogAppender (GrpcLogAppender.java:onCompleted(425)) - s0@group-D868071D5EC9->s1-AppendLogResponseHandler: follower responses appendEntries COMPLETED
2023-04-27 07:11:49,811 [grpc-default-executor-1] INFO  leader.FollowerInfo (FollowerInfoImpl.java:lambda$new$0(52)) - s0@group-D868071D5EC9->s1: decreaseNextIndex nextIndex: updateUnconditionally 259 -> 258
2023-04-27 07:11:49,811 [MiniRaftCluster-9] INFO  server.RaftServer (RaftServerProxy.java:lambda$close$7(417)) - s2: close
2023-04-27 07:11:49,809 [s0-impl-thread1] INFO  impl.PendingRequests (PendingRequests.java:sendNotLeaderResponses(289)) - s0@group-D868071D5EC9-PendingRequests: sendNotLeaderResponses
2023-04-27 07:11:49,814 [MiniRaftCluster-8] INFO  server.GrpcService (GrpcService.java:closeImpl(311)) - s1: shutdown server GrpcServerProtocolService now
2023-04-27 07:11:49,814 [s1-impl-thread1] INFO  server.RaftServer$Division (RaftServerImpl.java:lambda$close$4(466)) - s1@group-D868071D5EC9: shutdown
2023-04-27 07:11:49,814 [s1-impl-thread1] INFO  util.JmxRegister (JmxRegister.java:unregister(73)) - Successfully un-registered JMX Bean with object name Ratis:service=RaftServer,group=group-D868071D5EC9,id=s1
2023-04-27 07:11:49,814 [s1-impl-thread1] INFO  impl.RoleInfo (RoleInfo.java:shutdownFollowerState(110)) - s1: shutdown s1@group-D868071D5EC9-FollowerState
2023-04-27 07:11:49,814 [s1-impl-thread1] INFO  impl.StateMachineUpdater (StateMachineUpdater.java:stopAndJoin(154)) - s1@group-D868071D5EC9-StateMachineUpdater: set stopIndex = 257
2023-04-27 07:11:49,814 [s2-impl-thread1] INFO  server.RaftServer$Division (RaftServerImpl.java:lambda$close$4(466)) - s2@group-D868071D5EC9: shutdown
2023-04-27 07:11:49,815 [s2-impl-thread1] INFO  util.JmxRegister (JmxRegister.java:unregister(73)) - Successfully un-registered JMX Bean with object name Ratis:service=RaftServer,group=group-D868071D5EC9,id=s2
2023-04-27 07:11:49,815 [s2-impl-thread1] INFO  impl.RoleInfo (RoleInfo.java:shutdownFollowerState(110)) - s2: shutdown s2@group-D868071D5EC9-FollowerState
2023-04-27 07:11:49,815 [s2-impl-thread1] INFO  impl.StateMachineUpdater (StateMachineUpdater.java:stopAndJoin(154)) - s2@group-D868071D5EC9-StateMachineUpdater: set stopIndex = 257
2023-04-27 07:11:49,814 [s1@group-D868071D5EC9-StateMachineUpdater] TRACE util.FileUtils (FileUtils.java:deleteFully(201)) - deleteFully /tmp/ratis-tests/statemachine/s1/snapshot/1_257
2023-04-27 07:11:49,815 [s2@group-D868071D5EC9-StateMachineUpdater] TRACE util.FileUtils (FileUtils.java:deleteFully(201)) - deleteFully /tmp/ratis-tests/statemachine/s2/snapshot/1_257
2023-04-27 07:11:49,815 [s1@group-D868071D5EC9-StateMachineUpdater] TRACE util.FileUtils (FileUtils.java:deleteFully(217)) - deleteFully: /tmp/ratis-tests/statemachine/s1/snapshot/1_257 does not exist.
2023-04-27 07:11:49,815 [s1@group-D868071D5EC9-StateMachineUpdater] TRACE util.FileUtils (FileUtils.java:deleteFully(201)) - deleteFully /tmp/ratis-tests/statemachine/s1/tmp/fa54afda-f69f-4b6f-ac28-d17493d51e1f
2023-04-27 07:11:49,815 [s2@group-D868071D5EC9-StateMachineUpdater] TRACE util.FileUtils (FileUtils.java:deleteFully(217)) - deleteFully: /tmp/ratis-tests/statemachine/s2/snapshot/1_257 does not exist.
2023-04-27 07:11:49,815 [s1@group-D868071D5EC9-StateMachineUpdater] TRACE util.FileUtils (FileUtils.java:deleteFully(217)) - deleteFully: /tmp/ratis-tests/statemachine/s1/tmp/fa54afda-f69f-4b6f-ac28-d17493d51e1f does not exist.
2023-04-27 07:11:49,815 [s2@group-D868071D5EC9-StateMachineUpdater] TRACE util.FileUtils (FileUtils.java:deleteFully(201)) - deleteFully /tmp/ratis-tests/statemachine/s2/tmp/73a398b9-ab74-4145-ba79-d291a1912255
2023-04-27 07:11:49,815 [s2@group-D868071D5EC9-StateMachineUpdater] TRACE util.FileUtils (FileUtils.java:deleteFully(217)) - deleteFully: /tmp/ratis-tests/statemachine/s2/tmp/73a398b9-ab74-4145-ba79-d291a1912255 does not exist.
2023-04-27 07:11:49,815 [MiniRaftCluster-9] INFO  server.GrpcService (GrpcService.java:closeImpl(311)) - s2: shutdown server GrpcServerProtocolService now
2023-04-27 07:11:49,814 [s1@group-D868071D5EC9-FollowerState] INFO  impl.FollowerState (FollowerState.java:run(152)) - s1@group-D868071D5EC9-FollowerState was interrupted
2023-04-27 07:11:49,815 [s2@group-D868071D5EC9-FollowerState] INFO  impl.FollowerState (FollowerState.java:run(152)) - s2@group-D868071D5EC9-FollowerState was interrupted
2023-04-27 07:11:49,820 [Thread-110] INFO  server.GrpcServerProtocolClient (GrpcServerProtocolClient.java:close(103)) - s1 Close channels
2023-04-27 07:11:49,820 [Thread-112] INFO  server.GrpcServerProtocolClient (GrpcServerProtocolClient.java:close(103)) - s2 Close channels
2023-04-27 07:11:49,821 [MiniRaftCluster-8] INFO  server.GrpcService (GrpcService.java:closeImpl(320)) - s1: shutdown server GrpcServerProtocolService successfully
2023-04-27 07:11:49,824 [s2@group-D868071D5EC9-StateMachineUpdater] TRACE util.FileUtils (LogUtils.java:runAndLog(49)) - Successfully ran Atomic Files.move /tmp/ratis-tests/statemachine/s2/tmp/73a398b9-ab74-4145-ba79-d291a1912255 to /tmp/ratis-tests/statemachine/s2/snapshot/1_257
2023-04-27 07:11:49,824 [s2@group-D868071D5EC9-StateMachineUpdater] INFO  impl.StateMachineUpdater (StateMachineUpdater.java:takeSnapshot(290)) - s2@group-D868071D5EC9-StateMachineUpdater: Took a snapshot at index 257
2023-04-27 07:11:49,824 [s2@group-D868071D5EC9-StateMachineUpdater] INFO  impl.StateMachineUpdater (StateMachineUpdater.java:lambda$new$0(96)) - s2@group-D868071D5EC9-StateMachineUpdater: snapshotIndex: updateIncreasingly 255 -> 257
2023-04-27 07:11:49,825 [s1@group-D868071D5EC9-StateMachineUpdater] TRACE util.FileUtils (LogUtils.java:runAndLog(49)) - Successfully ran Atomic Files.move /tmp/ratis-tests/statemachine/s1/tmp/fa54afda-f69f-4b6f-ac28-d17493d51e1f to /tmp/ratis-tests/statemachine/s1/snapshot/1_257
2023-04-27 07:11:49,825 [s1@group-D868071D5EC9-StateMachineUpdater] INFO  impl.StateMachineUpdater (StateMachineUpdater.java:takeSnapshot(290)) - s1@group-D868071D5EC9-StateMachineUpdater: Took a snapshot at index 257
2023-04-27 07:11:49,825 [s1@group-D868071D5EC9-StateMachineUpdater] INFO  impl.StateMachineUpdater (StateMachineUpdater.java:lambda$new$0(96)) - s1@group-D868071D5EC9-StateMachineUpdater: snapshotIndex: updateIncreasingly 255 -> 257
2023-04-27 07:11:49,825 [s2-impl-thread1] INFO  server.RaftServer$Division (ServerState.java:close(415)) - s2@group-D868071D5EC9: applyIndex: 257
2023-04-27 07:11:49,825 [s1-impl-thread1] INFO  server.RaftServer$Division (ServerState.java:close(415)) - s1@group-D868071D5EC9: applyIndex: 257
2023-04-27 07:11:49,830 [s0-impl-thread1] INFO  impl.StateMachineUpdater (StateMachineUpdater.java:stopAndJoin(154)) - s0@group-D868071D5EC9-StateMachineUpdater: set stopIndex = 258
2023-04-27 07:11:49,830 [s0@group-D868071D5EC9-StateMachineUpdater] TRACE util.FileUtils (FileUtils.java:deleteFully(201)) - deleteFully /tmp/ratis-tests/statemachine/s0/snapshot/1_258
2023-04-27 07:11:49,830 [s0@group-D868071D5EC9-StateMachineUpdater] TRACE util.FileUtils (FileUtils.java:deleteFully(217)) - deleteFully: /tmp/ratis-tests/statemachine/s0/snapshot/1_258 does not exist.
2023-04-27 07:11:49,830 [s0@group-D868071D5EC9-StateMachineUpdater] TRACE util.FileUtils (FileUtils.java:deleteFully(201)) - deleteFully /tmp/ratis-tests/statemachine/s0/tmp/133b12d9-73c2-407f-a5b1-2081550fd229
2023-04-27 07:11:49,830 [s0@group-D868071D5EC9-StateMachineUpdater] TRACE util.FileUtils (FileUtils.java:deleteFully(217)) - deleteFully: /tmp/ratis-tests/statemachine/s0/tmp/133b12d9-73c2-407f-a5b1-2081550fd229 does not exist.
2023-04-27 07:11:49,830 [s0@group-D868071D5EC9-StateMachineUpdater] TRACE util.FileUtils (LogUtils.java:runAndLog(49)) - Successfully ran Atomic Files.move /tmp/ratis-tests/statemachine/s0/tmp/133b12d9-73c2-407f-a5b1-2081550fd229 to /tmp/ratis-tests/statemachine/s0/snapshot/1_258
2023-04-27 07:11:49,830 [s0@group-D868071D5EC9-StateMachineUpdater] INFO  impl.StateMachineUpdater (StateMachineUpdater.java:takeSnapshot(290)) - s0@group-D868071D5EC9-StateMachineUpdater: Took a snapshot at index 258
2023-04-27 07:11:49,831 [s0@group-D868071D5EC9-StateMachineUpdater] INFO  impl.StateMachineUpdater (StateMachineUpdater.java:lambda$new$0(96)) - s0@group-D868071D5EC9-StateMachineUpdater: snapshotIndex: updateIncreasingly 255 -> 258
2023-04-27 07:11:49,831 [s0-impl-thread1] INFO  server.RaftServer$Division (ServerState.java:close(415)) - s0@group-D868071D5EC9: applyIndex: 258
2023-04-27 07:11:49,832 [MiniRaftCluster-7] INFO  server.GrpcService (GrpcService.java:closeImpl(320)) - s0: shutdown server org.apache.ratis.grpc.server.GrpcClientProtocolService successfully
2023-04-27 07:11:49,832 [MiniRaftCluster-7] INFO  server.GrpcService (GrpcService.java:closeImpl(311)) - s0: shutdown server GrpcServerProtocolService now
2023-04-27 07:11:49,833 [MiniRaftCluster-9] INFO  server.GrpcService (GrpcService.java:closeImpl(320)) - s2: shutdown server GrpcServerProtocolService successfully
2023-04-27 07:11:49,835 [MiniRaftCluster-7] INFO  server.GrpcService (GrpcService.java:closeImpl(320)) - s0: shutdown server GrpcServerProtocolService successfully
2023-04-27 07:11:49,835 [MiniRaftCluster-7] INFO  server.GrpcService (GrpcService.java:closeImpl(311)) - s0: shutdown server org.apache.ratis.grpc.server.GrpcAdminProtocolService now
2023-04-27 07:11:49,836 [MiniRaftCluster-7] INFO  server.GrpcService (GrpcService.java:closeImpl(320)) - s0: shutdown server org.apache.ratis.grpc.server.GrpcAdminProtocolService successfully
2023-04-27 07:11:50,776 [s0-impl-thread1] INFO  segmented.SegmentedRaftLogWorker (SegmentedRaftLogWorker.java:close(242)) - s0@group-D868071D5EC9-SegmentedRaftLogWorker close()
2023-04-27 07:11:50,777 [JvmPauseMonitor3] INFO  util.JvmPauseMonitor (JvmPauseMonitor.java:run(109)) - JvmPauseMonitor-s0: Stopped
2023-04-27 07:11:50,783 [s2-impl-thread1] INFO  segmented.SegmentedRaftLogWorker (SegmentedRaftLogWorker.java:close(242)) - s2@group-D868071D5EC9-SegmentedRaftLogWorker close()
2023-04-27 07:11:50,785 [s1-impl-thread1] INFO  segmented.SegmentedRaftLogWorker (SegmentedRaftLogWorker.java:close(242)) - s1@group-D868071D5EC9-SegmentedRaftLogWorker close()
2023-04-27 07:11:50,785 [JvmPauseMonitor5] INFO  util.JvmPauseMonitor (JvmPauseMonitor.java:run(109)) - JvmPauseMonitor-s2: Stopped
2023-04-27 07:11:50,785 [JvmPauseMonitor4] INFO  util.JvmPauseMonitor (JvmPauseMonitor.java:run(109)) - JvmPauseMonitor-s1: Stopped
2023-04-27 07:11:50,785 [Time-limited test] INFO  impl.MiniRaftCluster (MiniRaftCluster.java:shutdown(855)) - MiniRaftClusterWithGrpc shutdown completed
2023-04-27 07:11:50,786 [Time-limited test] INFO  impl.MiniRaftCluster (MiniRaftCluster.java:shutdown(831)) - ************************************************************** 
2023-04-27 07:11:50,786 [Time-limited test] INFO  impl.MiniRaftCluster (MiniRaftCluster.java:shutdown(832)) - *** 
2023-04-27 07:11:50,786 [Time-limited test] INFO  impl.MiniRaftCluster (MiniRaftCluster.java:shutdown(833)) - ***     Stopping MiniRaftClusterWithGrpc
2023-04-27 07:11:50,786 [Time-limited test] INFO  impl.MiniRaftCluster (MiniRaftCluster.java:shutdown(834)) - *** 
2023-04-27 07:11:50,786 [Time-limited test] INFO  impl.MiniRaftCluster (MiniRaftCluster.java:shutdown(835)) - ************************************************************** 
2023-04-27 07:11:50,786 [Time-limited test] INFO  impl.MiniRaftCluster (MiniRaftCluster.java:shutdown(836)) - printing ALL groups
  s0:   CLOSED    LEADER s0@group-D868071D5EC9:t1, leader=s0, voted=s0, raftlog=Memoized:s0@group-D868071D5EC9-SegmentedRaftLog:CLOSED:c258, conf=257: peers:[s0|rpc:localhost:36383|admin:localhost:45217|client:localhost:34145|dataStream:localhost:38499|priority:0|startupRole:FOLLOWER, s1|rpc:0.0.0.0:37329|dataStream:|priority:0|startupRole:FOLLOWER, s2|rpc:0.0.0.0:36217|dataStream:|priority:0|startupRole:FOLLOWER]|listeners:[], old=null CLOSED
  s1:   CLOSED  FOLLOWER s1@group-D868071D5EC9:t1, leader=s0, voted=null, raftlog=Memoized:s1@group-D868071D5EC9-SegmentedRaftLog:CLOSED:c257, conf=257: peers:[s0|rpc:localhost:36383|admin:localhost:45217|client:localhost:34145|dataStream:localhost:38499|priority:0|startupRole:FOLLOWER, s1|rpc:0.0.0.0:37329|dataStream:|priority:0|startupRole:FOLLOWER, s2|rpc:0.0.0.0:36217|dataStream:|priority:0|startupRole:FOLLOWER]|listeners:[], old=null CLOSED
  s2:   CLOSED  FOLLOWER s2@group-D868071D5EC9:t1, leader=s0, voted=null, raftlog=Memoized:s2@group-D868071D5EC9-SegmentedRaftLog:CLOSED:c257, conf=257: peers:[s0|rpc:localhost:36383|admin:localhost:45217|client:localhost:34145|dataStream:localhost:38499|priority:0|startupRole:FOLLOWER, s1|rpc:0.0.0.0:37329|dataStream:|priority:0|startupRole:FOLLOWER, s2|rpc:0.0.0.0:36217|dataStream:|priority:0|startupRole:FOLLOWER]|listeners:[], old=null CLOSED
2023-04-27 07:11:50,787 [Time-limited test] INFO  impl.MiniRaftCluster (MiniRaftCluster.java:shutdown(855)) - MiniRaftClusterWithGrpc shutdown completed
]]></system-out>
  </testcase>
  <testcase name="testMultiFileInstallSnapshot[1]" classname="org.apache.ratis.grpc.TestLeaderInstallSnapshot" time="7.08">
    <failure type="java.lang.AssertionError"><![CDATA[java.lang.AssertionError
	at org.junit.Assert.fail(Assert.java:87)
	at org.junit.Assert.assertTrue(Assert.java:42)
	at org.junit.Assert.assertTrue(Assert.java:53)
	at org.apache.ratis.server.impl.RaftServerTestUtil.waitAndCheckNewConf(RaftServerTestUtil.java:107)
	at org.apache.ratis.server.impl.RaftServerTestUtil.lambda$waitAndCheckNewConf$3(RaftServerTestUtil.java:82)
	at org.apache.ratis.util.function.CheckedRunnable.lambda$asCheckedSupplier$0(CheckedRunnable.java:32)
	at org.apache.ratis.util.JavaUtils.attempt(JavaUtils.java:211)
	at org.apache.ratis.util.JavaUtils.attemptRepeatedly(JavaUtils.java:197)
	at org.apache.ratis.util.JavaUtils.attempt(JavaUtils.java:231)
	at org.apache.ratis.server.impl.RaftServerTestUtil.waitAndCheckNewConf(RaftServerTestUtil.java:82)
	at org.apache.ratis.InstallSnapshotFromLeaderTests.testMultiFileInstallSnapshot(InstallSnapshotFromLeaderTests.java:116)
	at org.apache.ratis.server.impl.MiniRaftCluster$Factory$Get.runWithNewCluster(MiniRaftCluster.java:141)
	at org.apache.ratis.server.impl.MiniRaftCluster$Factory$Get.runWithNewCluster(MiniRaftCluster.java:121)
	at org.apache.ratis.InstallSnapshotFromLeaderTests.testMultiFileInstallSnapshot(InstallSnapshotFromLeaderTests.java:80)
	at java.base/jdk.internal.reflect.NativeMethodAccessorImpl.invoke0(Native Method)
	at java.base/jdk.internal.reflect.NativeMethodAccessorImpl.invoke(NativeMethodAccessorImpl.java:62)
	at java.base/jdk.internal.reflect.DelegatingMethodAccessorImpl.invoke(DelegatingMethodAccessorImpl.java:43)
	at java.base/java.lang.reflect.Method.invoke(Method.java:566)
	at org.junit.runners.model.FrameworkMethod$1.runReflectiveCall(FrameworkMethod.java:59)
	at org.junit.internal.runners.model.ReflectiveCallable.run(ReflectiveCallable.java:12)
	at org.junit.runners.model.FrameworkMethod.invokeExplosively(FrameworkMethod.java:56)
	at org.junit.internal.runners.statements.InvokeMethod.evaluate(InvokeMethod.java:17)
	at org.junit.internal.runners.statements.RunAfters.evaluate(RunAfters.java:27)
	at org.junit.internal.runners.statements.FailOnTimeout$CallableStatement.call(FailOnTimeout.java:299)
	at org.junit.internal.runners.statements.FailOnTimeout$CallableStatement.call(FailOnTimeout.java:293)
	at java.base/java.util.concurrent.FutureTask.run(FutureTask.java:264)
	at java.base/java.lang.Thread.run(Thread.java:829)
]]></failure>
    <system-out><![CDATA[2023-04-27 07:11:50,788 [main] INFO  util.LogUtils (Slf4jUtils.java:setLogLevel(38)) - Successfully set org.apache.ratis.conf.ConfUtils log level to WARN
2023-04-27 07:11:50,789 [main] INFO  util.LogUtils (Slf4jUtils.java:setLogLevel(38)) - Successfully set org.apache.ratis.util.FileUtils log level to TRACE
2023-04-27 07:11:50,789 [Time-limited test] INFO  impl.MiniRaftCluster (MiniRaftCluster.java:runWithNewCluster(135)) - Running runWithNewCluster
2023-04-27 07:11:50,789 [Time-limited test] INFO  impl.MiniRaftCluster (MiniRaftCluster.java:<init>(306)) - new MiniRaftClusterWithGrpc with group-B3196483C112:[s0|rpc:localhost:37451|admin:localhost:41075|client:localhost:35727|dataStream:localhost:38867|priority:0|startupRole:FOLLOWER]
2023-04-27 07:11:50,789 [Time-limited test] INFO  impl.MiniRaftCluster (MiniRaftCluster.java:start(339)) - .............................................................. 
2023-04-27 07:11:50,790 [Time-limited test] INFO  impl.MiniRaftCluster (MiniRaftCluster.java:start(340)) - ... 
2023-04-27 07:11:50,790 [Time-limited test] INFO  impl.MiniRaftCluster (MiniRaftCluster.java:start(341)) - ...     Starting MiniRaftClusterWithGrpc
2023-04-27 07:11:50,790 [Time-limited test] INFO  impl.MiniRaftCluster (MiniRaftCluster.java:start(342)) - ... 
2023-04-27 07:11:50,790 [Time-limited test] INFO  impl.MiniRaftCluster (MiniRaftCluster.java:start(343)) - .............................................................. 
2023-04-27 07:11:50,790 [Time-limited test] INFO  impl.MiniRaftCluster (MiniRaftCluster.java:initServers(318)) - servers = {}
2023-04-27 07:11:50,790 [Time-limited test] INFO  impl.MiniRaftCluster (MiniRaftCluster.java:newRaftServer(382)) - newRaftServer: s0, group-B3196483C112:[s0|rpc:localhost:37451|admin:localhost:41075|client:localhost:35727|dataStream:localhost:38867|priority:0|startupRole:FOLLOWER], format? true
2023-04-27 07:11:50,790 [Time-limited test] TRACE util.FileUtils (FileUtils.java:deleteFully(201)) - deleteFully target/test/data/a5c97c2c/MiniRaftClusterWithGrpc34152d09/s0
2023-04-27 07:11:50,790 [Time-limited test] TRACE util.FileUtils (FileUtils.java:deleteFully(217)) - deleteFully: target/test/data/a5c97c2c/MiniRaftClusterWithGrpc34152d09/s0 does not exist.
2023-04-27 07:11:50,790 [Time-limited test] INFO  impl.MiniRaftCluster (MiniRaftCluster.java:newRaftServer(387)) - Formatted directory target/test/data/a5c97c2c/MiniRaftClusterWithGrpc34152d09/s0
2023-04-27 07:11:50,790 [Time-limited test] INFO  server.RaftServer (ConfUtils.java:logGet(46)) - raft.rpc.type = GRPC (default)
2023-04-27 07:11:50,790 [Time-limited test] INFO  grpc.GrpcConfigKeys (ConfUtils.java:logFallback(53)) - raft.grpc.admin.host = null (fallback to raft.grpc.server.host)
2023-04-27 07:11:50,791 [Time-limited test] INFO  grpc.GrpcConfigKeys (ConfUtils.java:logGet(46)) - raft.grpc.admin.port = 41075 (custom)
2023-04-27 07:11:50,791 [Time-limited test] INFO  grpc.GrpcConfigKeys (ConfUtils.java:logFallback(53)) - raft.grpc.client.host = null (fallback to raft.grpc.server.host)
2023-04-27 07:11:50,791 [Time-limited test] INFO  grpc.GrpcConfigKeys (ConfUtils.java:logGet(46)) - raft.grpc.client.port = 35727 (custom)
2023-04-27 07:11:50,791 [Time-limited test] INFO  grpc.GrpcConfigKeys (ConfUtils.java:logGet(46)) - raft.grpc.server.host = null (default)
2023-04-27 07:11:50,791 [Time-limited test] INFO  grpc.GrpcConfigKeys (ConfUtils.java:logGet(46)) - raft.grpc.server.port = 37451 (custom)
2023-04-27 07:11:50,791 [Time-limited test] INFO  server.GrpcService (ConfUtils.java:logGet(46)) - raft.grpc.message.size.max = 64MB (=67108864) (default)
2023-04-27 07:11:50,791 [Time-limited test] INFO  server.RaftServerConfigKeys (ConfUtils.java:logGet(46)) - raft.server.log.appender.buffer.byte-limit = 4MB (=4194304) (default)
2023-04-27 07:11:50,791 [Time-limited test] INFO  server.GrpcService (ConfUtils.java:logGet(46)) - raft.grpc.flow.control.window = 1MB (=1048576) (default)
2023-04-27 07:11:50,791 [Time-limited test] INFO  server.RaftServerConfigKeys (ConfUtils.java:logGet(46)) - raft.server.rpc.request.timeout = 3000ms (default)
2023-04-27 07:11:50,792 [Time-limited test] INFO  grpc.GrpcConfigKeys (ConfUtils.java:logGet(46)) - raft.grpc.server.heartbeat.channel = true (default)
2023-04-27 07:11:50,792 [Time-limited test] INFO  grpc.GrpcConfigKeys (ConfUtils.java:logGet(46)) - raft.grpc.server.async.request.thread.pool.cached = true (default)
2023-04-27 07:11:50,792 [Time-limited test] INFO  grpc.GrpcConfigKeys (ConfUtils.java:logGet(46)) - raft.grpc.server.async.request.thread.pool.size = 32 (default)
2023-04-27 07:11:50,793 [Time-limited test] INFO  impl.DataStreamServerImpl (ConfUtils.java:logGet(46)) - raft.datastream.type = DISABLED (default)
2023-04-27 07:11:50,793 [Time-limited test] INFO  server.RaftServerConfigKeys (ConfUtils.java:logGet(46)) - raft.server.threadpool.proxy.cached = true (default)
2023-04-27 07:11:50,793 [Time-limited test] INFO  server.RaftServerConfigKeys (ConfUtils.java:logGet(46)) - raft.server.threadpool.proxy.size = 0 (default)
2023-04-27 07:11:50,793 [Time-limited test] INFO  server.RaftServerConfigKeys (ConfUtils.java:logGet(46)) - raft.server.rpc.slowness.timeout = 60s (default)
2023-04-27 07:11:50,793 [Time-limited test] INFO  server.RaftServerConfigKeys (ConfUtils.java:logGet(46)) - raft.server.leaderelection.leader.step-down.wait-time = 10s (default)
2023-04-27 07:11:50,793 [Time-limited test] INFO  server.RaftServerConfigKeys (ConfUtils.java:logGet(46)) - raft.server.storage.dir = [/home/runner/work/ratis/ratis/ratis-test/target/test/data/a5c97c2c/MiniRaftClusterWithGrpc34152d09/s0] (custom)
2023-04-27 07:11:50,794 [Time-limited test] INFO  server.RaftServer (RaftServerProxy.java:addNew(99)) - s0: addNew group-B3196483C112:[s0|rpc:localhost:37451|admin:localhost:41075|client:localhost:35727|dataStream:localhost:38867|priority:0|startupRole:FOLLOWER] returns group-B3196483C112:java.util.concurrent.CompletableFuture@5fe5650d[Not completed]
2023-04-27 07:11:50,794 [s0-groupManagement] INFO  server.RaftServerConfigKeys (ConfUtils.java:logGet(46)) - raft.server.log.segment.size.max = 8MB (=8388608) (default)
2023-04-27 07:11:50,794 [s0-groupManagement] INFO  server.RaftServerConfigKeys (ConfUtils.java:logGet(46)) - raft.server.log.preallocated.size = 4MB (=4194304) (default)
2023-04-27 07:11:50,794 [s0-groupManagement] INFO  server.RaftServerConfigKeys (ConfUtils.java:logGet(46)) - raft.server.log.write.buffer.size = 64KB (=65536) (default)
2023-04-27 07:11:50,794 [s0-groupManagement] INFO  server.RaftServer$Division (RaftServerImpl.java:<init>(198)) - s0: new RaftServerImpl for group-B3196483C112:[s0|rpc:localhost:37451|admin:localhost:41075|client:localhost:35727|dataStream:localhost:38867|priority:0|startupRole:FOLLOWER] with StateMachineWithMultiNestedSnapshotFile:uninitialized
2023-04-27 07:11:50,794 [s0-groupManagement] INFO  server.RaftServerConfigKeys (ConfUtils.java:logGet(46)) - raft.server.rpc.timeout.min = 150ms (default)
2023-04-27 07:11:50,794 [s0-groupManagement] INFO  server.RaftServerConfigKeys (ConfUtils.java:logGet(46)) - raft.server.rpc.timeout.max = 300ms (default)
2023-04-27 07:11:50,794 [s0-groupManagement] INFO  server.RaftServerConfigKeys (ConfUtils.java:logGet(46)) - raft.server.rpc.sleep.time = 25ms (default)
2023-04-27 07:11:50,794 [s0-groupManagement] INFO  server.RaftServerConfigKeys (ConfUtils.java:logGet(46)) - raft.server.rpc.slowness.timeout = 60s (default)
2023-04-27 07:11:50,794 [s0-groupManagement] INFO  server.RaftServerConfigKeys (ConfUtils.java:logGet(46)) - raft.server.leaderelection.leader.step-down.wait-time = 10s (default)
2023-04-27 07:11:50,794 [s0-groupManagement] INFO  server.RaftServerConfigKeys (ConfUtils.java:logGet(46)) - raft.server.sleep.deviation.threshold = 300ms (default)
2023-04-27 07:11:50,795 [s0-groupManagement] INFO  server.RaftServer$Division (ServerState.java:<init>(113)) - s0@group-B3196483C112: ConfigurationManager, init=-1: peers:[s0|rpc:localhost:37451|admin:localhost:41075|client:localhost:35727|dataStream:localhost:38867|priority:0|startupRole:FOLLOWER]|listeners:[], old=null, confs=<EMPTY_MAP>
2023-04-27 07:11:50,795 [s0-groupManagement] INFO  server.RaftServerConfigKeys (ConfUtils.java:logGet(46)) - raft.server.notification.no-leader.timeout = 60s (default)
2023-04-27 07:11:50,795 [s0-groupManagement] INFO  server.RaftServerConfigKeys (ConfUtils.java:logGet(46)) - raft.server.read.timeout = 10s (default)
2023-04-27 07:11:50,795 [s0-groupManagement] INFO  server.RaftServerConfigKeys (ConfUtils.java:logGet(46)) - raft.server.retrycache.expirytime = 60s (default)
2023-04-27 07:11:50,795 [s0-groupManagement] INFO  server.RaftServerConfigKeys (ConfUtils.java:logGet(46)) - raft.server.retrycache.statistics.expirytime = 100μs (default)
2023-04-27 07:11:50,795 [s0-groupManagement] INFO  server.RaftServerConfigKeys (ConfUtils.java:logGet(46)) - raft.server.read.option = DEFAULT (default)
2023-04-27 07:11:50,796 [s0-groupManagement] INFO  server.RaftServerConfigKeys (ConfUtils.java:logGet(46)) - raft.server.rpc.request.timeout = 3000ms (default)
2023-04-27 07:11:50,796 [s0-groupManagement] INFO  server.RaftServerConfigKeys (ConfUtils.java:logGet(46)) - raft.server.log.appender.install.snapshot.enabled = true (default)
2023-04-27 07:11:50,796 [s0-groupManagement] INFO  server.RaftServerConfigKeys (ConfUtils.java:logGet(46)) - raft.server.threadpool.server.cached = true (default)
2023-04-27 07:11:50,796 [s0-groupManagement] INFO  server.RaftServerConfigKeys (ConfUtils.java:logGet(46)) - raft.server.threadpool.server.size = 0 (default)
2023-04-27 07:11:50,796 [s0-groupManagement] INFO  server.RaftServerConfigKeys (ConfUtils.java:logGet(46)) - raft.server.threadpool.client.cached = true (default)
2023-04-27 07:11:50,796 [s0-groupManagement] INFO  server.RaftServerConfigKeys (ConfUtils.java:logGet(46)) - raft.server.threadpool.client.size = 0 (default)
2023-04-27 07:11:50,796 [s0-impl-thread1] INFO  server.RaftServerConfigKeys (ConfUtils.java:logGet(46)) - raft.server.storage.free-space.min = 0MB (=0) (default)
2023-04-27 07:11:50,796 [s0-impl-thread1] INFO  server.RaftServerConfigKeys (ConfUtils.java:logGet(46)) - raft.server.log.corruption.policy = EXCEPTION (default)
2023-04-27 07:11:50,796 [s0-impl-thread1] INFO  server.RaftServerConfigKeys (ConfUtils.java:logGet(46)) - raft.server.storage.dir = [/home/runner/work/ratis/ratis/ratis-test/target/test/data/a5c97c2c/MiniRaftClusterWithGrpc34152d09/s0] (custom)
2023-04-27 07:11:50,796 [s0-impl-thread1] INFO  storage.RaftStorageDirectory (RaftStorageDirectoryImpl.java:analyzeStorage(138)) - The storage directory /home/runner/work/ratis/ratis/ratis-test/target/test/data/a5c97c2c/MiniRaftClusterWithGrpc34152d09/s0/bee39ca3-be4d-4458-b8c0-b3196483c112 does not exist. Creating ...
2023-04-27 07:11:50,797 [s0-impl-thread1] TRACE util.FileUtils (LogUtils.java:runAndLog(49)) - Successfully ran Files.createDirectories /home/runner/work/ratis/ratis/ratis-test/target/test/data/a5c97c2c/MiniRaftClusterWithGrpc34152d09/s0/bee39ca3-be4d-4458-b8c0-b3196483c112
2023-04-27 07:11:50,798 [s0-impl-thread1] INFO  storage.RaftStorageDirectory (RaftStorageDirectoryImpl.java:tryLock(232)) - Lock on /home/runner/work/ratis/ratis/ratis-test/target/test/data/a5c97c2c/MiniRaftClusterWithGrpc34152d09/s0/bee39ca3-be4d-4458-b8c0-b3196483c112/in_use.lock acquired by nodename 24267@fv-az591-70
2023-04-27 07:11:50,798 [s0-impl-thread1] TRACE util.FileUtils (LogUtils.java:runAndLog(49)) - Successfully ran Files.createDirectories /home/runner/work/ratis/ratis/ratis-test/target/test/data/a5c97c2c/MiniRaftClusterWithGrpc34152d09/s0/bee39ca3-be4d-4458-b8c0-b3196483c112/current
2023-04-27 07:11:50,798 [s0-impl-thread1] TRACE util.FileUtils (LogUtils.java:runAndLog(49)) - Successfully ran Files.createDirectories /home/runner/work/ratis/ratis/ratis-test/target/test/data/a5c97c2c/MiniRaftClusterWithGrpc34152d09/s0/bee39ca3-be4d-4458-b8c0-b3196483c112/sm
2023-04-27 07:11:50,799 [s0-impl-thread1] INFO  storage.RaftStorage (RaftStorageImpl.java:format(96)) - Storage directory /home/runner/work/ratis/ratis/ratis-test/target/test/data/a5c97c2c/MiniRaftClusterWithGrpc34152d09/s0/bee39ca3-be4d-4458-b8c0-b3196483c112 has been successfully formatted.
2023-04-27 07:11:50,799 [s0-impl-thread1] INFO  impl.SimpleStateMachine4Testing (SimpleStateMachine4Testing.java:initialize(213)) - Initializing StateMachineWithMultiNestedSnapshotFile:uninitialized
2023-04-27 07:11:50,800 [s0-impl-thread1] INFO  impl.SimpleStateMachine4Testing (SimpleStateMachine4Testing.java:loadSnapshot(293)) - Loading snapshot null
2023-04-27 07:11:50,800 [s0-impl-thread1] INFO  server.RaftServerConfigKeys (ConfUtils.java:logGet(46)) - raft.server.log.use.memory = false (default)
2023-04-27 07:11:50,800 [s0-impl-thread1] INFO  server.RaftServerConfigKeys (ConfUtils.java:logGet(46)) - raft.server.log.purge.gap = 8 (custom)
2023-04-27 07:11:50,800 [s0-impl-thread1] INFO  server.RaftServerConfigKeys (ConfUtils.java:logGet(46)) - raft.server.log.appender.buffer.byte-limit = 4MB (=4194304) (default)
2023-04-27 07:11:50,800 [s0-impl-thread1] INFO  server.RaftServerConfigKeys (ConfUtils.java:logGet(46)) - raft.server.log.statemachine.data.read.timeout = 1000ms (default)
2023-04-27 07:11:50,800 [s0-impl-thread1] INFO  server.RaftServerConfigKeys (ConfUtils.java:logGet(46)) - raft.server.log.purge.preservation.log.num = 0 (default)
2023-04-27 07:11:50,800 [s0-impl-thread1] INFO  server.RaftServerConfigKeys (ConfUtils.java:logGet(46)) - raft.server.log.segment.size.max = 8MB (=8388608) (default)
2023-04-27 07:11:50,801 [s0-impl-thread1] INFO  server.RaftServerConfigKeys (ConfUtils.java:logGet(46)) - raft.server.log.segment.cache.num.max = 6 (default)
2023-04-27 07:11:50,801 [s0-impl-thread1] INFO  server.RaftServerConfigKeys (ConfUtils.java:logGet(46)) - raft.server.log.segment.cache.size.max = 200MB (=209715200) (default)
2023-04-27 07:11:50,801 [s0-impl-thread1] INFO  server.RaftServerConfigKeys (ConfUtils.java:logGet(46)) - raft.server.log.appender.buffer.byte-limit = 4MB (=4194304) (default)
2023-04-27 07:11:50,801 [s0-impl-thread1] INFO  segmented.SegmentedRaftLogWorker (SegmentedRaftLogWorker.java:<init>(183)) - new s0@group-B3196483C112-SegmentedRaftLogWorker for RaftStorageImpl:Storage Directory /home/runner/work/ratis/ratis/ratis-test/target/test/data/a5c97c2c/MiniRaftClusterWithGrpc34152d09/s0/bee39ca3-be4d-4458-b8c0-b3196483c112
2023-04-27 07:11:50,801 [s0-impl-thread1] INFO  server.RaftServerConfigKeys (ConfUtils.java:logGet(46)) - raft.server.log.queue.byte-limit = 64MB (=67108864) (default)
2023-04-27 07:11:50,801 [s0-impl-thread1] INFO  server.RaftServerConfigKeys (ConfUtils.java:logGet(46)) - raft.server.log.queue.element-limit = 4096 (default)
2023-04-27 07:11:50,801 [s0-impl-thread1] INFO  server.RaftServerConfigKeys (ConfUtils.java:logGet(46)) - raft.server.log.segment.size.max = 8MB (=8388608) (default)
2023-04-27 07:11:50,801 [s0-impl-thread1] INFO  server.RaftServerConfigKeys (ConfUtils.java:logGet(46)) - raft.server.log.preallocated.size = 4MB (=4194304) (default)
2023-04-27 07:11:50,801 [s0-impl-thread1] INFO  server.RaftServerConfigKeys (ConfUtils.java:logGet(46)) - raft.server.log.force.sync.num = 128 (default)
2023-04-27 07:11:50,801 [s0-impl-thread1] INFO  server.RaftServerConfigKeys (ConfUtils.java:logGet(46)) - raft.server.log.statemachine.data.sync = true (default)
2023-04-27 07:11:50,801 [s0-impl-thread1] INFO  server.RaftServerConfigKeys (ConfUtils.java:logGet(46)) - raft.server.log.statemachine.data.sync.timeout = 10s (default)
2023-04-27 07:11:50,801 [s0-impl-thread1] INFO  server.RaftServerConfigKeys (ConfUtils.java:logGet(46)) - raft.server.log.statemachine.data.sync.timeout.retry = -1 (default)
2023-04-27 07:11:50,801 [s0-impl-thread1] INFO  server.RaftServerConfigKeys (ConfUtils.java:logGet(46)) - raft.server.log.write.buffer.size = 64KB (=65536) (default)
2023-04-27 07:11:50,801 [s0-impl-thread1] INFO  server.RaftServerConfigKeys (ConfUtils.java:logGet(46)) - raft.server.log.appender.buffer.byte-limit = 4MB (=4194304) (default)
2023-04-27 07:11:50,803 [s0-impl-thread1] INFO  server.RaftServerConfigKeys (ConfUtils.java:logGet(46)) - raft.server.log.unsafe-flush.enabled = false (default)
2023-04-27 07:11:50,803 [s0-impl-thread1] INFO  server.RaftServerConfigKeys (ConfUtils.java:logGet(46)) - raft.server.log.async-flush.enabled = false (default)
2023-04-27 07:11:50,803 [s0-impl-thread1] INFO  server.RaftServerConfigKeys (ConfUtils.java:logGet(46)) - raft.server.log.statemachine.data.caching.enabled = false (default)
2023-04-27 07:11:50,803 [s0-impl-thread1] INFO  segmented.SegmentedRaftLogWorker (SegmentedRaftLogWorker.java:lambda$new$0(134)) - s0@group-B3196483C112-SegmentedRaftLogWorker: flushIndex: setUnconditionally 0 -> -1
2023-04-27 07:11:50,803 [s0-impl-thread1] INFO  segmented.SegmentedRaftLogWorker (SegmentedRaftLogWorker.java:lambda$new$0(134)) - s0@group-B3196483C112-SegmentedRaftLogWorker: safeCacheEvictIndex: setUnconditionally 0 -> -1
2023-04-27 07:11:50,804 [s0-impl-thread1] INFO  server.RaftServer$Division (RaftServerImpl.java:start(342)) - s0@group-B3196483C112: start as a follower, conf=-1: peers:[s0|rpc:localhost:37451|admin:localhost:41075|client:localhost:35727|dataStream:localhost:38867|priority:0|startupRole:FOLLOWER]|listeners:[], old=null
2023-04-27 07:11:50,805 [s0-impl-thread1] INFO  server.RaftServer$Division (RaftServerImpl.java:setRole(329)) - s0@group-B3196483C112: changes role from      null to FOLLOWER at term 0 for startAsFollower
2023-04-27 07:11:50,805 [s0-impl-thread1] INFO  impl.RoleInfo (RoleInfo.java:updateAndGet(139)) - s0: start s0@group-B3196483C112-FollowerState
2023-04-27 07:11:50,805 [s0-impl-thread1] INFO  util.JmxRegister (JmxRegister.java:tryRegister(44)) - Successfully registered JMX Bean with object name Ratis:service=RaftServer,group=group-B3196483C112,id=s0
2023-04-27 07:11:50,805 [s0-impl-thread1] INFO  server.RaftServerConfigKeys (ConfUtils.java:logGet(46)) - raft.server.snapshot.auto.trigger.enabled = true (custom)
2023-04-27 07:11:50,805 [s0-impl-thread1] INFO  server.RaftServerConfigKeys (ConfUtils.java:logGet(46)) - raft.server.snapshot.auto.trigger.threshold = 64 (custom)
2023-04-27 07:11:50,805 [s0-impl-thread1] INFO  server.RaftServerConfigKeys (ConfUtils.java:logGet(46)) - raft.server.snapshot.retention.file.num = -1 (default)
2023-04-27 07:11:50,805 [s0-impl-thread1] INFO  server.RaftServerConfigKeys (ConfUtils.java:logGet(46)) - raft.server.log.purge.upto.snapshot.index = false (default)
2023-04-27 07:11:50,807 [Time-limited test] INFO  server.RaftServer (RaftServerProxy.java:startImpl(401)) - s0: start RPC server
2023-04-27 07:11:50,810 [s0@group-B3196483C112-FollowerState] INFO  server.RaftServerConfigKeys (ConfUtils.java:logFallback(53)) - raft.server.rpc.first-election.timeout.min = 150ms (fallback to raft.server.rpc.timeout.min)
2023-04-27 07:11:50,810 [s0@group-B3196483C112-FollowerState] INFO  server.RaftServerConfigKeys (ConfUtils.java:logFallback(53)) - raft.server.rpc.first-election.timeout.max = 300ms (fallback to raft.server.rpc.timeout.max)
2023-04-27 07:11:50,811 [Time-limited test] INFO  server.GrpcService (GrpcService.java:startImpl(302)) - s0: GrpcService started, listening on 35727
2023-04-27 07:11:50,811 [Time-limited test] INFO  server.GrpcService (GrpcService.java:startImpl(302)) - s0: GrpcService started, listening on 37451
2023-04-27 07:11:50,812 [Time-limited test] INFO  server.GrpcService (GrpcService.java:startImpl(302)) - s0: GrpcService started, listening on 41075
2023-04-27 07:11:50,812 [JvmPauseMonitor6] INFO  util.JvmPauseMonitor (JvmPauseMonitor.java:run(103)) - JvmPauseMonitor-s0: Started
2023-04-27 07:11:50,813 [Time-limited test] INFO  server.RaftServerConfigKeys (ConfUtils.java:logGet(46)) - raft.server.rpc.timeout.max = 300ms (default)
2023-04-27 07:11:50,813 [Time-limited test] INFO  ratis.RaftTestUtil (RaftTestUtil.java:waitForLeader(100)) - printing ALL groups
  s0:  RUNNING  FOLLOWER s0@group-B3196483C112:t0, leader=null, voted=, raftlog=Memoized:s0@group-B3196483C112-SegmentedRaftLog:OPENED:c-1, conf=-1: peers:[s0|rpc:localhost:37451|admin:localhost:41075|client:localhost:35727|dataStream:localhost:38867|priority:0|startupRole:FOLLOWER]|listeners:[], old=null RUNNING
2023-04-27 07:11:50,813 [Time-limited test] WARN  ratis.RaftTestUtil (JavaUtils.java:attempt(217)) - FAILED "waitForLeader-null-(expectLeader? true)", attempt #1/100: java.lang.IllegalStateException: No leader yet : printing ALL groups
  s0:  RUNNING  FOLLOWER s0@group-B3196483C112:t0, leader=null, voted=, raftlog=Memoized:s0@group-B3196483C112-SegmentedRaftLog:OPENED:c-1, conf=-1: peers:[s0|rpc:localhost:37451|admin:localhost:41075|client:localhost:35727|dataStream:localhost:38867|priority:0|startupRole:FOLLOWER]|listeners:[], old=null RUNNING, sleep 450ms and then retry.
java.lang.IllegalStateException: No leader yet : printing ALL groups
  s0:  RUNNING  FOLLOWER s0@group-B3196483C112:t0, leader=null, voted=, raftlog=Memoized:s0@group-B3196483C112-SegmentedRaftLog:OPENED:c-1, conf=-1: peers:[s0|rpc:localhost:37451|admin:localhost:41075|client:localhost:35727|dataStream:localhost:38867|priority:0|startupRole:FOLLOWER]|listeners:[], old=null RUNNING
	at org.apache.ratis.server.impl.MiniRaftCluster.newIllegalStateExceptionForNoLeaders(MiniRaftCluster.java:581)
	at org.apache.ratis.RaftTestUtil.lambda$waitForLeader$1(RaftTestUtil.java:104)
	at org.apache.ratis.server.impl.MiniRaftCluster.getLeader(MiniRaftCluster.java:615)
	at org.apache.ratis.server.impl.MiniRaftCluster.getLeader(MiniRaftCluster.java:608)
	at org.apache.ratis.RaftTestUtil.lambda$waitForLeader$3(RaftTestUtil.java:112)
	at org.apache.ratis.util.JavaUtils.attempt(JavaUtils.java:211)
	at org.apache.ratis.util.JavaUtils.attemptRepeatedly(JavaUtils.java:197)
	at org.apache.ratis.RaftTestUtil.waitForLeader(RaftTestUtil.java:111)
	at org.apache.ratis.RaftTestUtil.waitForLeader(RaftTestUtil.java:92)
	at org.apache.ratis.RaftTestUtil.waitForLeader(RaftTestUtil.java:87)
	at org.apache.ratis.InstallSnapshotFromLeaderTests.testMultiFileInstallSnapshot(InstallSnapshotFromLeaderTests.java:93)
	at org.apache.ratis.server.impl.MiniRaftCluster$Factory$Get.runWithNewCluster(MiniRaftCluster.java:141)
	at org.apache.ratis.server.impl.MiniRaftCluster$Factory$Get.runWithNewCluster(MiniRaftCluster.java:121)
	at org.apache.ratis.InstallSnapshotFromLeaderTests.testMultiFileInstallSnapshot(InstallSnapshotFromLeaderTests.java:80)
	at java.base/jdk.internal.reflect.NativeMethodAccessorImpl.invoke0(Native Method)
	at java.base/jdk.internal.reflect.NativeMethodAccessorImpl.invoke(NativeMethodAccessorImpl.java:62)
	at java.base/jdk.internal.reflect.DelegatingMethodAccessorImpl.invoke(DelegatingMethodAccessorImpl.java:43)
	at java.base/java.lang.reflect.Method.invoke(Method.java:566)
	at org.junit.runners.model.FrameworkMethod$1.runReflectiveCall(FrameworkMethod.java:59)
	at org.junit.internal.runners.model.ReflectiveCallable.run(ReflectiveCallable.java:12)
	at org.junit.runners.model.FrameworkMethod.invokeExplosively(FrameworkMethod.java:56)
	at org.junit.internal.runners.statements.InvokeMethod.evaluate(InvokeMethod.java:17)
	at org.junit.internal.runners.statements.RunAfters.evaluate(RunAfters.java:27)
	at org.junit.internal.runners.statements.FailOnTimeout$CallableStatement.call(FailOnTimeout.java:299)
	at org.junit.internal.runners.statements.FailOnTimeout$CallableStatement.call(FailOnTimeout.java:293)
	at java.base/java.util.concurrent.FutureTask.run(FutureTask.java:264)
	at java.base/java.lang.Thread.run(Thread.java:829)
2023-04-27 07:11:51,010 [s0@group-B3196483C112-FollowerState] INFO  impl.FollowerState (FollowerState.java:run(143)) - s0@group-B3196483C112-FollowerState: change to CANDIDATE, lastRpcElapsedTime:204927579ns, electionTimeout:199ms
2023-04-27 07:11:51,010 [s0@group-B3196483C112-FollowerState] INFO  impl.RoleInfo (RoleInfo.java:shutdownFollowerState(110)) - s0: shutdown s0@group-B3196483C112-FollowerState
2023-04-27 07:11:51,010 [s0@group-B3196483C112-FollowerState] INFO  server.RaftServer$Division (RaftServerImpl.java:setRole(329)) - s0@group-B3196483C112: changes role from  FOLLOWER to CANDIDATE at term 0 for changeToCandidate
2023-04-27 07:11:51,010 [s0@group-B3196483C112-FollowerState] INFO  server.RaftServerConfigKeys (ConfUtils.java:logGet(46)) - raft.server.leaderelection.pre-vote = true (default)
2023-04-27 07:11:51,010 [s0@group-B3196483C112-FollowerState] INFO  impl.RoleInfo (RoleInfo.java:updateAndGet(139)) - s0: start s0@group-B3196483C112-LeaderElection3
2023-04-27 07:11:51,014 [s0@group-B3196483C112-LeaderElection3] INFO  impl.LeaderElection (LeaderElection.java:askForVotes(320)) - s0@group-B3196483C112-LeaderElection3 PRE_VOTE round 0: submit vote requests at term 0 for -1: peers:[s0|rpc:localhost:37451|admin:localhost:41075|client:localhost:35727|dataStream:localhost:38867|priority:0|startupRole:FOLLOWER]|listeners:[], old=null
2023-04-27 07:11:51,014 [s0@group-B3196483C112-LeaderElection3] INFO  impl.LeaderElection (LeaderElection.java:askForVotes(322)) - s0@group-B3196483C112-LeaderElection3 PRE_VOTE round 0: result PASSED (term=0)
2023-04-27 07:11:51,015 [s0@group-B3196483C112-LeaderElection3] INFO  impl.LeaderElection (LeaderElection.java:askForVotes(320)) - s0@group-B3196483C112-LeaderElection3 ELECTION round 0: submit vote requests at term 1 for -1: peers:[s0|rpc:localhost:37451|admin:localhost:41075|client:localhost:35727|dataStream:localhost:38867|priority:0|startupRole:FOLLOWER]|listeners:[], old=null
2023-04-27 07:11:51,015 [s0@group-B3196483C112-LeaderElection3] INFO  impl.LeaderElection (LeaderElection.java:askForVotes(322)) - s0@group-B3196483C112-LeaderElection3 ELECTION round 0: result PASSED (term=1)
2023-04-27 07:11:51,015 [s0@group-B3196483C112-LeaderElection3] INFO  impl.RoleInfo (RoleInfo.java:shutdownLeaderElection(130)) - s0: shutdown s0@group-B3196483C112-LeaderElection3
2023-04-27 07:11:51,016 [s0@group-B3196483C112-LeaderElection3] INFO  server.RaftServer$Division (RaftServerImpl.java:setRole(329)) - s0@group-B3196483C112: changes role from CANDIDATE to LEADER at term 1 for changeToLeader
2023-04-27 07:11:51,016 [s0@group-B3196483C112-LeaderElection3] INFO  server.RaftServer$Division (ServerState.java:setLeader(260)) - s0@group-B3196483C112: change Leader from null to s0 at term 1 for becomeLeader, leader elected after 220ms
2023-04-27 07:11:51,016 [s0@group-B3196483C112-LeaderElection3] INFO  server.RaftServerConfigKeys (ConfUtils.java:logGet(46)) - raft.server.staging.catchup.gap = 1000 (default)
2023-04-27 07:11:51,016 [s0@group-B3196483C112-LeaderElection3] INFO  server.RaftServerConfigKeys (ConfUtils.java:logGet(46)) - raft.server.write.element-limit = 4096 (default)
2023-04-27 07:11:51,016 [s0@group-B3196483C112-LeaderElection3] INFO  server.RaftServerConfigKeys (ConfUtils.java:logGet(46)) - raft.server.write.byte-limit = 64MB (=67108864) (default)
2023-04-27 07:11:51,016 [s0@group-B3196483C112-LeaderElection3] INFO  server.RaftServerConfigKeys (ConfUtils.java:logGet(46)) - raft.server.watch.timeout = 10s (default)
2023-04-27 07:11:51,016 [s0@group-B3196483C112-LeaderElection3] INFO  server.RaftServerConfigKeys (ConfUtils.java:logGet(46)) - raft.server.watch.timeout.denomination = 1s (default)
2023-04-27 07:11:51,016 [s0@group-B3196483C112-LeaderElection3] INFO  server.RaftServerConfigKeys (ConfUtils.java:logGet(46)) - raft.server.watch.element-limit = 65536 (default)
2023-04-27 07:11:51,016 [s0@group-B3196483C112-LeaderElection3] INFO  server.RaftServerConfigKeys (ConfUtils.java:logGet(46)) - raft.server.write.element-limit = 4096 (default)
2023-04-27 07:11:51,016 [s0@group-B3196483C112-LeaderElection3] INFO  server.RaftServerConfigKeys (ConfUtils.java:logGet(46)) - raft.server.write.follower.gap.ratio.max = -1.0 (default)
2023-04-27 07:11:51,016 [s0@group-B3196483C112-LeaderElection3] INFO  impl.RoleInfo (RoleInfo.java:updateAndGet(139)) - s0: start s0@group-B3196483C112-LeaderStateImpl
2023-04-27 07:11:51,017 [s0@group-B3196483C112-LeaderElection3] INFO  segmented.SegmentedRaftLogWorker (SegmentedRaftLogWorker.java:startLogSegment(426)) - s0@group-B3196483C112-SegmentedRaftLogWorker: Starting segment from index:0
2023-04-27 07:11:51,022 [s0@group-B3196483C112-LeaderElection3] INFO  server.RaftServer$Division (ServerState.java:setRaftConf(377)) - s0@group-B3196483C112: set configuration 0: peers:[s0|rpc:localhost:37451|admin:localhost:41075|client:localhost:35727|dataStream:localhost:38867|priority:0|startupRole:FOLLOWER]|listeners:[], old=null
2023-04-27 07:11:51,028 [s0@group-B3196483C112-SegmentedRaftLogWorker] INFO  segmented.SegmentedRaftLogWorker (SegmentedRaftLogWorker.java:execute(630)) - s0@group-B3196483C112-SegmentedRaftLogWorker: created new log segment /home/runner/work/ratis/ratis/ratis-test/target/test/data/a5c97c2c/MiniRaftClusterWithGrpc34152d09/s0/bee39ca3-be4d-4458-b8c0-b3196483c112/current/log_inprogress_0
2023-04-27 07:11:51,264 [Time-limited test] INFO  ratis.RaftTestUtil (RaftTestUtil.java:waitForLeader(119)) - printing ALL groups
  s0:  RUNNING    LEADER s0@group-B3196483C112:t1, leader=s0, voted=s0, raftlog=Memoized:s0@group-B3196483C112-SegmentedRaftLog:OPENED:c0, conf=0: peers:[s0|rpc:localhost:37451|admin:localhost:41075|client:localhost:35727|dataStream:localhost:38867|priority:0|startupRole:FOLLOWER]|listeners:[], old=null RUNNING
2023-04-27 07:11:51,276 [s0@group-B3196483C112-StateMachineUpdater] INFO  impl.SimpleStateMachine4Testing (SimpleStateMachine4Testing.java:put(205)) - s0: put 1, m0 -> (t:1, i:1), STATEMACHINELOGENTRY, 258@client-6B5830029C69
2023-04-27 07:11:51,280 [s0@group-B3196483C112-StateMachineUpdater] INFO  impl.SimpleStateMachine4Testing (SimpleStateMachine4Testing.java:put(205)) - s0: put 3, m1 -> (t:1, i:3), STATEMACHINELOGENTRY, 259@client-6B5830029C69
2023-04-27 07:11:51,286 [s0@group-B3196483C112-StateMachineUpdater] INFO  impl.SimpleStateMachine4Testing (SimpleStateMachine4Testing.java:put(205)) - s0: put 5, m2 -> (t:1, i:5), STATEMACHINELOGENTRY, 260@client-6B5830029C69
2023-04-27 07:11:51,291 [s0@group-B3196483C112-StateMachineUpdater] INFO  impl.SimpleStateMachine4Testing (SimpleStateMachine4Testing.java:put(205)) - s0: put 7, m3 -> (t:1, i:7), STATEMACHINELOGENTRY, 261@client-6B5830029C69
2023-04-27 07:11:51,293 [s0@group-B3196483C112-StateMachineUpdater] INFO  impl.SimpleStateMachine4Testing (SimpleStateMachine4Testing.java:put(205)) - s0: put 9, m4 -> (t:1, i:9), STATEMACHINELOGENTRY, 262@client-6B5830029C69
2023-04-27 07:11:51,296 [s0@group-B3196483C112-StateMachineUpdater] INFO  impl.SimpleStateMachine4Testing (SimpleStateMachine4Testing.java:put(205)) - s0: put 11, m5 -> (t:1, i:11), STATEMACHINELOGENTRY, 263@client-6B5830029C69
2023-04-27 07:11:51,298 [s0@group-B3196483C112-StateMachineUpdater] INFO  impl.SimpleStateMachine4Testing (SimpleStateMachine4Testing.java:put(205)) - s0: put 13, m6 -> (t:1, i:13), STATEMACHINELOGENTRY, 264@client-6B5830029C69
2023-04-27 07:11:51,300 [s0@group-B3196483C112-StateMachineUpdater] INFO  impl.SimpleStateMachine4Testing (SimpleStateMachine4Testing.java:put(205)) - s0: put 15, m7 -> (t:1, i:15), STATEMACHINELOGENTRY, 265@client-6B5830029C69
2023-04-27 07:11:51,303 [s0@group-B3196483C112-StateMachineUpdater] INFO  impl.SimpleStateMachine4Testing (SimpleStateMachine4Testing.java:put(205)) - s0: put 17, m8 -> (t:1, i:17), STATEMACHINELOGENTRY, 266@client-6B5830029C69
2023-04-27 07:11:51,305 [s0@group-B3196483C112-StateMachineUpdater] INFO  impl.SimpleStateMachine4Testing (SimpleStateMachine4Testing.java:put(205)) - s0: put 19, m9 -> (t:1, i:19), STATEMACHINELOGENTRY, 267@client-6B5830029C69
2023-04-27 07:11:51,307 [s0@group-B3196483C112-StateMachineUpdater] INFO  impl.SimpleStateMachine4Testing (SimpleStateMachine4Testing.java:put(205)) - s0: put 21, m10 -> (t:1, i:21), STATEMACHINELOGENTRY, 268@client-6B5830029C69
2023-04-27 07:11:51,310 [s0@group-B3196483C112-StateMachineUpdater] INFO  impl.SimpleStateMachine4Testing (SimpleStateMachine4Testing.java:put(205)) - s0: put 23, m11 -> (t:1, i:23), STATEMACHINELOGENTRY, 269@client-6B5830029C69
2023-04-27 07:11:51,312 [s0@group-B3196483C112-StateMachineUpdater] INFO  impl.SimpleStateMachine4Testing (SimpleStateMachine4Testing.java:put(205)) - s0: put 25, m12 -> (t:1, i:25), STATEMACHINELOGENTRY, 270@client-6B5830029C69
2023-04-27 07:11:51,314 [s0@group-B3196483C112-StateMachineUpdater] INFO  impl.SimpleStateMachine4Testing (SimpleStateMachine4Testing.java:put(205)) - s0: put 27, m13 -> (t:1, i:27), STATEMACHINELOGENTRY, 271@client-6B5830029C69
2023-04-27 07:11:51,316 [s0@group-B3196483C112-StateMachineUpdater] INFO  impl.SimpleStateMachine4Testing (SimpleStateMachine4Testing.java:put(205)) - s0: put 29, m14 -> (t:1, i:29), STATEMACHINELOGENTRY, 272@client-6B5830029C69
2023-04-27 07:11:51,319 [s0@group-B3196483C112-StateMachineUpdater] INFO  impl.SimpleStateMachine4Testing (SimpleStateMachine4Testing.java:put(205)) - s0: put 31, m15 -> (t:1, i:31), STATEMACHINELOGENTRY, 273@client-6B5830029C69
2023-04-27 07:11:51,321 [s0@group-B3196483C112-StateMachineUpdater] INFO  impl.SimpleStateMachine4Testing (SimpleStateMachine4Testing.java:put(205)) - s0: put 33, m16 -> (t:1, i:33), STATEMACHINELOGENTRY, 274@client-6B5830029C69
2023-04-27 07:11:51,323 [s0@group-B3196483C112-StateMachineUpdater] INFO  impl.SimpleStateMachine4Testing (SimpleStateMachine4Testing.java:put(205)) - s0: put 35, m17 -> (t:1, i:35), STATEMACHINELOGENTRY, 275@client-6B5830029C69
2023-04-27 07:11:51,326 [s0@group-B3196483C112-StateMachineUpdater] INFO  impl.SimpleStateMachine4Testing (SimpleStateMachine4Testing.java:put(205)) - s0: put 37, m18 -> (t:1, i:37), STATEMACHINELOGENTRY, 276@client-6B5830029C69
2023-04-27 07:11:51,329 [s0@group-B3196483C112-StateMachineUpdater] INFO  impl.SimpleStateMachine4Testing (SimpleStateMachine4Testing.java:put(205)) - s0: put 39, m19 -> (t:1, i:39), STATEMACHINELOGENTRY, 277@client-6B5830029C69
2023-04-27 07:11:51,331 [s0@group-B3196483C112-StateMachineUpdater] INFO  impl.SimpleStateMachine4Testing (SimpleStateMachine4Testing.java:put(205)) - s0: put 41, m20 -> (t:1, i:41), STATEMACHINELOGENTRY, 278@client-6B5830029C69
2023-04-27 07:11:51,334 [s0@group-B3196483C112-StateMachineUpdater] INFO  impl.SimpleStateMachine4Testing (SimpleStateMachine4Testing.java:put(205)) - s0: put 43, m21 -> (t:1, i:43), STATEMACHINELOGENTRY, 279@client-6B5830029C69
2023-04-27 07:11:51,338 [s0@group-B3196483C112-StateMachineUpdater] INFO  impl.SimpleStateMachine4Testing (SimpleStateMachine4Testing.java:put(205)) - s0: put 45, m22 -> (t:1, i:45), STATEMACHINELOGENTRY, 280@client-6B5830029C69
2023-04-27 07:11:51,340 [s0@group-B3196483C112-StateMachineUpdater] INFO  impl.SimpleStateMachine4Testing (SimpleStateMachine4Testing.java:put(205)) - s0: put 47, m23 -> (t:1, i:47), STATEMACHINELOGENTRY, 281@client-6B5830029C69
2023-04-27 07:11:51,343 [s0@group-B3196483C112-StateMachineUpdater] INFO  impl.SimpleStateMachine4Testing (SimpleStateMachine4Testing.java:put(205)) - s0: put 49, m24 -> (t:1, i:49), STATEMACHINELOGENTRY, 282@client-6B5830029C69
2023-04-27 07:11:51,345 [s0@group-B3196483C112-StateMachineUpdater] INFO  impl.SimpleStateMachine4Testing (SimpleStateMachine4Testing.java:put(205)) - s0: put 51, m25 -> (t:1, i:51), STATEMACHINELOGENTRY, 283@client-6B5830029C69
2023-04-27 07:11:51,348 [s0@group-B3196483C112-StateMachineUpdater] INFO  impl.SimpleStateMachine4Testing (SimpleStateMachine4Testing.java:put(205)) - s0: put 53, m26 -> (t:1, i:53), STATEMACHINELOGENTRY, 284@client-6B5830029C69
2023-04-27 07:11:51,350 [s0@group-B3196483C112-StateMachineUpdater] INFO  impl.SimpleStateMachine4Testing (SimpleStateMachine4Testing.java:put(205)) - s0: put 55, m27 -> (t:1, i:55), STATEMACHINELOGENTRY, 285@client-6B5830029C69
2023-04-27 07:11:51,353 [s0@group-B3196483C112-StateMachineUpdater] INFO  impl.SimpleStateMachine4Testing (SimpleStateMachine4Testing.java:put(205)) - s0: put 57, m28 -> (t:1, i:57), STATEMACHINELOGENTRY, 286@client-6B5830029C69
2023-04-27 07:11:51,355 [s0@group-B3196483C112-StateMachineUpdater] INFO  impl.SimpleStateMachine4Testing (SimpleStateMachine4Testing.java:put(205)) - s0: put 59, m29 -> (t:1, i:59), STATEMACHINELOGENTRY, 287@client-6B5830029C69
2023-04-27 07:11:51,358 [s0@group-B3196483C112-StateMachineUpdater] INFO  impl.SimpleStateMachine4Testing (SimpleStateMachine4Testing.java:put(205)) - s0: put 61, m30 -> (t:1, i:61), STATEMACHINELOGENTRY, 288@client-6B5830029C69
2023-04-27 07:11:51,360 [s0@group-B3196483C112-StateMachineUpdater] INFO  impl.SimpleStateMachine4Testing (SimpleStateMachine4Testing.java:put(205)) - s0: put 63, m31 -> (t:1, i:63), STATEMACHINELOGENTRY, 289@client-6B5830029C69
2023-04-27 07:11:51,361 [s0@group-B3196483C112-StateMachineUpdater] TRACE util.FileUtils (LogUtils.java:runAndLog(49)) - Successfully ran Files.createDirectories /home/runner/work/ratis/ratis/ratis-test/target/test/data/a5c97c2c/MiniRaftClusterWithGrpc34152d09/s0/bee39ca3-be4d-4458-b8c0-b3196483c112/sm/snapshot
2023-04-27 07:11:51,361 [s0@group-B3196483C112-StateMachineUpdater] TRACE util.FileUtils (LogUtils.java:runAndLog(49)) - Successfully ran Files.createDirectories /home/runner/work/ratis/ratis/ratis-test/target/test/data/a5c97c2c/MiniRaftClusterWithGrpc34152d09/s0/bee39ca3-be4d-4458-b8c0-b3196483c112/sm/snapshot
2023-04-27 07:11:51,361 [s0@group-B3196483C112-StateMachineUpdater] TRACE util.FileUtils (LogUtils.java:runAndLog(49)) - Successfully ran Files.createDirectories /home/runner/work/ratis/ratis/ratis-test/target/test/data/a5c97c2c/MiniRaftClusterWithGrpc34152d09/s0/bee39ca3-be4d-4458-b8c0-b3196483c112/sm/snapshot/sub
2023-04-27 07:11:51,361 [s0@group-B3196483C112-StateMachineUpdater] TRACE util.FileUtils (LogUtils.java:supplyAndLog(70)) - Successfully supplied Files.newOutputStream CREATE_NEW /home/runner/work/ratis/ratis/ratis-test/target/test/data/a5c97c2c/MiniRaftClusterWithGrpc34152d09/s0/bee39ca3-be4d-4458-b8c0-b3196483c112/sm/snapshot/1.bin: java.nio.channels.Channels$1@61eb36af
2023-04-27 07:11:51,361 [s0@group-B3196483C112-StateMachineUpdater] TRACE util.FileUtils (LogUtils.java:supplyAndLog(70)) - Successfully supplied Files.newOutputStream CREATE_NEW /home/runner/work/ratis/ratis/ratis-test/target/test/data/a5c97c2c/MiniRaftClusterWithGrpc34152d09/s0/bee39ca3-be4d-4458-b8c0-b3196483c112/sm/snapshot/sub/2.bin: java.nio.channels.Channels$1@65d4ae4a
2023-04-27 07:11:51,373 [s0@group-B3196483C112-StateMachineUpdater] INFO  impl.StateMachineUpdater (StateMachineUpdater.java:takeSnapshot(290)) - s0@group-B3196483C112-StateMachineUpdater: Took a snapshot at index 63
2023-04-27 07:11:51,373 [s0@group-B3196483C112-StateMachineUpdater] INFO  impl.StateMachineUpdater (StateMachineUpdater.java:lambda$new$0(96)) - s0@group-B3196483C112-StateMachineUpdater: snapshotIndex: updateIncreasingly -1 -> 63
2023-04-27 07:11:51,373 [s0@group-B3196483C112-StateMachineUpdater] INFO  raftlog.RaftLog (RaftLogBase.java:purge(314)) - s0@group-B3196483C112-SegmentedRaftLog: purge 63
2023-04-27 07:11:51,373 [s0@group-B3196483C112-StateMachineUpdater] INFO  raftlog.RaftLog (RaftLogBase.java:lambda$new$0(53)) - s0@group-B3196483C112-SegmentedRaftLog: snapshotIndex: updateIncreasingly -1 -> 63
2023-04-27 07:11:51,373 [s0@group-B3196483C112-StateMachineUpdater] INFO  raftlog.RaftLog (RaftLogBase.java:lambda$new$0(53)) - s0@group-B3196483C112-SegmentedRaftLog: purgeIndex: updateToMax old=-1, new=63, updated? true
2023-04-27 07:11:51,373 [s0@group-B3196483C112-StateMachineUpdater] INFO  impl.SimpleStateMachine4Testing (SimpleStateMachine4Testing.java:put(205)) - s0: put 65, m32 -> (t:1, i:65), STATEMACHINELOGENTRY, 290@client-6B5830029C69
2023-04-27 07:11:51,376 [s0@group-B3196483C112-StateMachineUpdater] INFO  impl.SimpleStateMachine4Testing (SimpleStateMachine4Testing.java:put(205)) - s0: put 67, m33 -> (t:1, i:67), STATEMACHINELOGENTRY, 291@client-6B5830029C69
2023-04-27 07:11:51,379 [s0@group-B3196483C112-StateMachineUpdater] INFO  impl.SimpleStateMachine4Testing (SimpleStateMachine4Testing.java:put(205)) - s0: put 69, m34 -> (t:1, i:69), STATEMACHINELOGENTRY, 292@client-6B5830029C69
2023-04-27 07:11:51,382 [s0@group-B3196483C112-StateMachineUpdater] INFO  impl.SimpleStateMachine4Testing (SimpleStateMachine4Testing.java:put(205)) - s0: put 71, m35 -> (t:1, i:71), STATEMACHINELOGENTRY, 293@client-6B5830029C69
2023-04-27 07:11:51,385 [s0@group-B3196483C112-StateMachineUpdater] INFO  impl.SimpleStateMachine4Testing (SimpleStateMachine4Testing.java:put(205)) - s0: put 73, m36 -> (t:1, i:73), STATEMACHINELOGENTRY, 294@client-6B5830029C69
2023-04-27 07:11:51,387 [s0@group-B3196483C112-StateMachineUpdater] INFO  impl.SimpleStateMachine4Testing (SimpleStateMachine4Testing.java:put(205)) - s0: put 75, m37 -> (t:1, i:75), STATEMACHINELOGENTRY, 295@client-6B5830029C69
2023-04-27 07:11:51,390 [s0@group-B3196483C112-StateMachineUpdater] INFO  impl.SimpleStateMachine4Testing (SimpleStateMachine4Testing.java:put(205)) - s0: put 77, m38 -> (t:1, i:77), STATEMACHINELOGENTRY, 296@client-6B5830029C69
2023-04-27 07:11:51,393 [s0@group-B3196483C112-StateMachineUpdater] INFO  impl.SimpleStateMachine4Testing (SimpleStateMachine4Testing.java:put(205)) - s0: put 79, m39 -> (t:1, i:79), STATEMACHINELOGENTRY, 297@client-6B5830029C69
2023-04-27 07:11:51,395 [s0@group-B3196483C112-StateMachineUpdater] INFO  impl.SimpleStateMachine4Testing (SimpleStateMachine4Testing.java:put(205)) - s0: put 81, m40 -> (t:1, i:81), STATEMACHINELOGENTRY, 298@client-6B5830029C69
2023-04-27 07:11:51,398 [s0@group-B3196483C112-StateMachineUpdater] INFO  impl.SimpleStateMachine4Testing (SimpleStateMachine4Testing.java:put(205)) - s0: put 83, m41 -> (t:1, i:83), STATEMACHINELOGENTRY, 299@client-6B5830029C69
2023-04-27 07:11:51,401 [s0@group-B3196483C112-StateMachineUpdater] INFO  impl.SimpleStateMachine4Testing (SimpleStateMachine4Testing.java:put(205)) - s0: put 85, m42 -> (t:1, i:85), STATEMACHINELOGENTRY, 300@client-6B5830029C69
2023-04-27 07:11:51,403 [s0@group-B3196483C112-StateMachineUpdater] INFO  impl.SimpleStateMachine4Testing (SimpleStateMachine4Testing.java:put(205)) - s0: put 87, m43 -> (t:1, i:87), STATEMACHINELOGENTRY, 301@client-6B5830029C69
2023-04-27 07:11:51,406 [s0@group-B3196483C112-StateMachineUpdater] INFO  impl.SimpleStateMachine4Testing (SimpleStateMachine4Testing.java:put(205)) - s0: put 89, m44 -> (t:1, i:89), STATEMACHINELOGENTRY, 302@client-6B5830029C69
2023-04-27 07:11:51,409 [s0@group-B3196483C112-StateMachineUpdater] INFO  impl.SimpleStateMachine4Testing (SimpleStateMachine4Testing.java:put(205)) - s0: put 91, m45 -> (t:1, i:91), STATEMACHINELOGENTRY, 303@client-6B5830029C69
2023-04-27 07:11:51,411 [s0@group-B3196483C112-StateMachineUpdater] INFO  impl.SimpleStateMachine4Testing (SimpleStateMachine4Testing.java:put(205)) - s0: put 93, m46 -> (t:1, i:93), STATEMACHINELOGENTRY, 304@client-6B5830029C69
2023-04-27 07:11:51,414 [s0@group-B3196483C112-StateMachineUpdater] INFO  impl.SimpleStateMachine4Testing (SimpleStateMachine4Testing.java:put(205)) - s0: put 95, m47 -> (t:1, i:95), STATEMACHINELOGENTRY, 305@client-6B5830029C69
2023-04-27 07:11:51,417 [s0@group-B3196483C112-StateMachineUpdater] INFO  impl.SimpleStateMachine4Testing (SimpleStateMachine4Testing.java:put(205)) - s0: put 97, m48 -> (t:1, i:97), STATEMACHINELOGENTRY, 306@client-6B5830029C69
2023-04-27 07:11:51,420 [s0@group-B3196483C112-StateMachineUpdater] INFO  impl.SimpleStateMachine4Testing (SimpleStateMachine4Testing.java:put(205)) - s0: put 99, m49 -> (t:1, i:99), STATEMACHINELOGENTRY, 307@client-6B5830029C69
2023-04-27 07:11:51,422 [s0@group-B3196483C112-StateMachineUpdater] INFO  impl.SimpleStateMachine4Testing (SimpleStateMachine4Testing.java:put(205)) - s0: put 101, m50 -> (t:1, i:101), STATEMACHINELOGENTRY, 308@client-6B5830029C69
2023-04-27 07:11:51,425 [s0@group-B3196483C112-StateMachineUpdater] INFO  impl.SimpleStateMachine4Testing (SimpleStateMachine4Testing.java:put(205)) - s0: put 103, m51 -> (t:1, i:103), STATEMACHINELOGENTRY, 309@client-6B5830029C69
2023-04-27 07:11:51,428 [s0@group-B3196483C112-StateMachineUpdater] INFO  impl.SimpleStateMachine4Testing (SimpleStateMachine4Testing.java:put(205)) - s0: put 105, m52 -> (t:1, i:105), STATEMACHINELOGENTRY, 310@client-6B5830029C69
2023-04-27 07:11:51,430 [s0@group-B3196483C112-StateMachineUpdater] INFO  impl.SimpleStateMachine4Testing (SimpleStateMachine4Testing.java:put(205)) - s0: put 107, m53 -> (t:1, i:107), STATEMACHINELOGENTRY, 311@client-6B5830029C69
2023-04-27 07:11:51,433 [s0@group-B3196483C112-StateMachineUpdater] INFO  impl.SimpleStateMachine4Testing (SimpleStateMachine4Testing.java:put(205)) - s0: put 109, m54 -> (t:1, i:109), STATEMACHINELOGENTRY, 312@client-6B5830029C69
2023-04-27 07:11:51,440 [s0@group-B3196483C112-StateMachineUpdater] INFO  impl.SimpleStateMachine4Testing (SimpleStateMachine4Testing.java:put(205)) - s0: put 111, m55 -> (t:1, i:111), STATEMACHINELOGENTRY, 313@client-6B5830029C69
2023-04-27 07:11:51,444 [s0@group-B3196483C112-StateMachineUpdater] INFO  impl.SimpleStateMachine4Testing (SimpleStateMachine4Testing.java:put(205)) - s0: put 113, m56 -> (t:1, i:113), STATEMACHINELOGENTRY, 314@client-6B5830029C69
2023-04-27 07:11:51,449 [s0@group-B3196483C112-StateMachineUpdater] INFO  impl.SimpleStateMachine4Testing (SimpleStateMachine4Testing.java:put(205)) - s0: put 115, m57 -> (t:1, i:115), STATEMACHINELOGENTRY, 315@client-6B5830029C69
2023-04-27 07:11:51,451 [s0@group-B3196483C112-StateMachineUpdater] INFO  impl.SimpleStateMachine4Testing (SimpleStateMachine4Testing.java:put(205)) - s0: put 117, m58 -> (t:1, i:117), STATEMACHINELOGENTRY, 316@client-6B5830029C69
2023-04-27 07:11:51,456 [s0@group-B3196483C112-StateMachineUpdater] INFO  impl.SimpleStateMachine4Testing (SimpleStateMachine4Testing.java:put(205)) - s0: put 119, m59 -> (t:1, i:119), STATEMACHINELOGENTRY, 317@client-6B5830029C69
2023-04-27 07:11:51,463 [s0@group-B3196483C112-StateMachineUpdater] INFO  impl.SimpleStateMachine4Testing (SimpleStateMachine4Testing.java:put(205)) - s0: put 121, m60 -> (t:1, i:121), STATEMACHINELOGENTRY, 318@client-6B5830029C69
2023-04-27 07:11:51,465 [s0@group-B3196483C112-StateMachineUpdater] INFO  impl.SimpleStateMachine4Testing (SimpleStateMachine4Testing.java:put(205)) - s0: put 123, m61 -> (t:1, i:123), STATEMACHINELOGENTRY, 319@client-6B5830029C69
2023-04-27 07:11:51,467 [s0@group-B3196483C112-StateMachineUpdater] INFO  impl.SimpleStateMachine4Testing (SimpleStateMachine4Testing.java:put(205)) - s0: put 125, m62 -> (t:1, i:125), STATEMACHINELOGENTRY, 320@client-6B5830029C69
2023-04-27 07:11:51,469 [s0@group-B3196483C112-StateMachineUpdater] INFO  impl.SimpleStateMachine4Testing (SimpleStateMachine4Testing.java:put(205)) - s0: put 127, m63 -> (t:1, i:127), STATEMACHINELOGENTRY, 321@client-6B5830029C69
2023-04-27 07:11:51,482 [s0@group-B3196483C112-StateMachineUpdater] INFO  impl.StateMachineUpdater (StateMachineUpdater.java:takeSnapshot(290)) - s0@group-B3196483C112-StateMachineUpdater: Took a snapshot at index 127
2023-04-27 07:11:51,482 [s0@group-B3196483C112-StateMachineUpdater] INFO  impl.StateMachineUpdater (StateMachineUpdater.java:lambda$new$0(96)) - s0@group-B3196483C112-StateMachineUpdater: snapshotIndex: updateIncreasingly 63 -> 127
2023-04-27 07:11:51,483 [s0@group-B3196483C112-StateMachineUpdater] INFO  raftlog.RaftLog (RaftLogBase.java:purge(314)) - s0@group-B3196483C112-SegmentedRaftLog: purge 127
2023-04-27 07:11:51,483 [s0@group-B3196483C112-StateMachineUpdater] INFO  raftlog.RaftLog (RaftLogBase.java:lambda$new$0(53)) - s0@group-B3196483C112-SegmentedRaftLog: snapshotIndex: updateIncreasingly 63 -> 127
2023-04-27 07:11:51,483 [s0@group-B3196483C112-StateMachineUpdater] INFO  raftlog.RaftLog (RaftLogBase.java:lambda$new$0(53)) - s0@group-B3196483C112-SegmentedRaftLog: purgeIndex: updateToMax old=63, new=127, updated? true
2023-04-27 07:11:51,483 [s0@group-B3196483C112-StateMachineUpdater] INFO  impl.SimpleStateMachine4Testing (SimpleStateMachine4Testing.java:put(205)) - s0: put 129, m64 -> (t:1, i:129), STATEMACHINELOGENTRY, 322@client-6B5830029C69
2023-04-27 07:11:51,485 [s0@group-B3196483C112-StateMachineUpdater] INFO  impl.SimpleStateMachine4Testing (SimpleStateMachine4Testing.java:put(205)) - s0: put 131, m65 -> (t:1, i:131), STATEMACHINELOGENTRY, 323@client-6B5830029C69
2023-04-27 07:11:51,488 [s0@group-B3196483C112-StateMachineUpdater] INFO  impl.SimpleStateMachine4Testing (SimpleStateMachine4Testing.java:put(205)) - s0: put 133, m66 -> (t:1, i:133), STATEMACHINELOGENTRY, 324@client-6B5830029C69
2023-04-27 07:11:51,490 [s0@group-B3196483C112-StateMachineUpdater] INFO  impl.SimpleStateMachine4Testing (SimpleStateMachine4Testing.java:put(205)) - s0: put 135, m67 -> (t:1, i:135), STATEMACHINELOGENTRY, 325@client-6B5830029C69
2023-04-27 07:11:51,492 [s0@group-B3196483C112-StateMachineUpdater] INFO  impl.SimpleStateMachine4Testing (SimpleStateMachine4Testing.java:put(205)) - s0: put 137, m68 -> (t:1, i:137), STATEMACHINELOGENTRY, 326@client-6B5830029C69
2023-04-27 07:11:51,495 [s0@group-B3196483C112-StateMachineUpdater] INFO  impl.SimpleStateMachine4Testing (SimpleStateMachine4Testing.java:put(205)) - s0: put 139, m69 -> (t:1, i:139), STATEMACHINELOGENTRY, 327@client-6B5830029C69
2023-04-27 07:11:51,497 [s0@group-B3196483C112-StateMachineUpdater] INFO  impl.SimpleStateMachine4Testing (SimpleStateMachine4Testing.java:put(205)) - s0: put 141, m70 -> (t:1, i:141), STATEMACHINELOGENTRY, 328@client-6B5830029C69
2023-04-27 07:11:51,499 [s0@group-B3196483C112-StateMachineUpdater] INFO  impl.SimpleStateMachine4Testing (SimpleStateMachine4Testing.java:put(205)) - s0: put 143, m71 -> (t:1, i:143), STATEMACHINELOGENTRY, 329@client-6B5830029C69
2023-04-27 07:11:51,502 [s0@group-B3196483C112-StateMachineUpdater] INFO  impl.SimpleStateMachine4Testing (SimpleStateMachine4Testing.java:put(205)) - s0: put 145, m72 -> (t:1, i:145), STATEMACHINELOGENTRY, 330@client-6B5830029C69
2023-04-27 07:11:51,504 [s0@group-B3196483C112-StateMachineUpdater] INFO  impl.SimpleStateMachine4Testing (SimpleStateMachine4Testing.java:put(205)) - s0: put 147, m73 -> (t:1, i:147), STATEMACHINELOGENTRY, 331@client-6B5830029C69
2023-04-27 07:11:51,506 [s0@group-B3196483C112-StateMachineUpdater] INFO  impl.SimpleStateMachine4Testing (SimpleStateMachine4Testing.java:put(205)) - s0: put 149, m74 -> (t:1, i:149), STATEMACHINELOGENTRY, 332@client-6B5830029C69
2023-04-27 07:11:51,510 [s0@group-B3196483C112-StateMachineUpdater] INFO  impl.SimpleStateMachine4Testing (SimpleStateMachine4Testing.java:put(205)) - s0: put 151, m75 -> (t:1, i:151), STATEMACHINELOGENTRY, 333@client-6B5830029C69
2023-04-27 07:11:51,513 [s0@group-B3196483C112-StateMachineUpdater] INFO  impl.SimpleStateMachine4Testing (SimpleStateMachine4Testing.java:put(205)) - s0: put 153, m76 -> (t:1, i:153), STATEMACHINELOGENTRY, 334@client-6B5830029C69
2023-04-27 07:11:51,515 [s0@group-B3196483C112-StateMachineUpdater] INFO  impl.SimpleStateMachine4Testing (SimpleStateMachine4Testing.java:put(205)) - s0: put 155, m77 -> (t:1, i:155), STATEMACHINELOGENTRY, 335@client-6B5830029C69
2023-04-27 07:11:51,517 [s0@group-B3196483C112-StateMachineUpdater] INFO  impl.SimpleStateMachine4Testing (SimpleStateMachine4Testing.java:put(205)) - s0: put 157, m78 -> (t:1, i:157), STATEMACHINELOGENTRY, 336@client-6B5830029C69
2023-04-27 07:11:51,520 [s0@group-B3196483C112-StateMachineUpdater] INFO  impl.SimpleStateMachine4Testing (SimpleStateMachine4Testing.java:put(205)) - s0: put 159, m79 -> (t:1, i:159), STATEMACHINELOGENTRY, 337@client-6B5830029C69
2023-04-27 07:11:51,523 [s0@group-B3196483C112-StateMachineUpdater] INFO  impl.SimpleStateMachine4Testing (SimpleStateMachine4Testing.java:put(205)) - s0: put 161, m80 -> (t:1, i:161), STATEMACHINELOGENTRY, 338@client-6B5830029C69
2023-04-27 07:11:51,529 [s0@group-B3196483C112-StateMachineUpdater] INFO  impl.SimpleStateMachine4Testing (SimpleStateMachine4Testing.java:put(205)) - s0: put 163, m81 -> (t:1, i:163), STATEMACHINELOGENTRY, 339@client-6B5830029C69
2023-04-27 07:11:51,531 [s0@group-B3196483C112-StateMachineUpdater] INFO  impl.SimpleStateMachine4Testing (SimpleStateMachine4Testing.java:put(205)) - s0: put 165, m82 -> (t:1, i:165), STATEMACHINELOGENTRY, 340@client-6B5830029C69
2023-04-27 07:11:51,534 [s0@group-B3196483C112-StateMachineUpdater] INFO  impl.SimpleStateMachine4Testing (SimpleStateMachine4Testing.java:put(205)) - s0: put 167, m83 -> (t:1, i:167), STATEMACHINELOGENTRY, 341@client-6B5830029C69
2023-04-27 07:11:51,536 [s0@group-B3196483C112-StateMachineUpdater] INFO  impl.SimpleStateMachine4Testing (SimpleStateMachine4Testing.java:put(205)) - s0: put 169, m84 -> (t:1, i:169), STATEMACHINELOGENTRY, 342@client-6B5830029C69
2023-04-27 07:11:51,538 [s0@group-B3196483C112-StateMachineUpdater] INFO  impl.SimpleStateMachine4Testing (SimpleStateMachine4Testing.java:put(205)) - s0: put 171, m85 -> (t:1, i:171), STATEMACHINELOGENTRY, 343@client-6B5830029C69
2023-04-27 07:11:51,541 [s0@group-B3196483C112-StateMachineUpdater] INFO  impl.SimpleStateMachine4Testing (SimpleStateMachine4Testing.java:put(205)) - s0: put 173, m86 -> (t:1, i:173), STATEMACHINELOGENTRY, 344@client-6B5830029C69
2023-04-27 07:11:51,544 [s0@group-B3196483C112-StateMachineUpdater] INFO  impl.SimpleStateMachine4Testing (SimpleStateMachine4Testing.java:put(205)) - s0: put 175, m87 -> (t:1, i:175), STATEMACHINELOGENTRY, 345@client-6B5830029C69
2023-04-27 07:11:51,550 [s0@group-B3196483C112-StateMachineUpdater] INFO  impl.SimpleStateMachine4Testing (SimpleStateMachine4Testing.java:put(205)) - s0: put 177, m88 -> (t:1, i:177), STATEMACHINELOGENTRY, 346@client-6B5830029C69
2023-04-27 07:11:51,553 [s0@group-B3196483C112-StateMachineUpdater] INFO  impl.SimpleStateMachine4Testing (SimpleStateMachine4Testing.java:put(205)) - s0: put 179, m89 -> (t:1, i:179), STATEMACHINELOGENTRY, 347@client-6B5830029C69
2023-04-27 07:11:51,555 [s0@group-B3196483C112-StateMachineUpdater] INFO  impl.SimpleStateMachine4Testing (SimpleStateMachine4Testing.java:put(205)) - s0: put 181, m90 -> (t:1, i:181), STATEMACHINELOGENTRY, 348@client-6B5830029C69
2023-04-27 07:11:51,559 [s0@group-B3196483C112-StateMachineUpdater] INFO  impl.SimpleStateMachine4Testing (SimpleStateMachine4Testing.java:put(205)) - s0: put 183, m91 -> (t:1, i:183), STATEMACHINELOGENTRY, 349@client-6B5830029C69
2023-04-27 07:11:51,561 [s0@group-B3196483C112-StateMachineUpdater] INFO  impl.SimpleStateMachine4Testing (SimpleStateMachine4Testing.java:put(205)) - s0: put 185, m92 -> (t:1, i:185), STATEMACHINELOGENTRY, 350@client-6B5830029C69
2023-04-27 07:11:51,564 [s0@group-B3196483C112-StateMachineUpdater] INFO  impl.SimpleStateMachine4Testing (SimpleStateMachine4Testing.java:put(205)) - s0: put 187, m93 -> (t:1, i:187), STATEMACHINELOGENTRY, 351@client-6B5830029C69
2023-04-27 07:11:51,566 [s0@group-B3196483C112-StateMachineUpdater] INFO  impl.SimpleStateMachine4Testing (SimpleStateMachine4Testing.java:put(205)) - s0: put 189, m94 -> (t:1, i:189), STATEMACHINELOGENTRY, 352@client-6B5830029C69
2023-04-27 07:11:51,568 [s0@group-B3196483C112-StateMachineUpdater] INFO  impl.SimpleStateMachine4Testing (SimpleStateMachine4Testing.java:put(205)) - s0: put 191, m95 -> (t:1, i:191), STATEMACHINELOGENTRY, 353@client-6B5830029C69
2023-04-27 07:11:51,581 [s0@group-B3196483C112-StateMachineUpdater] INFO  impl.StateMachineUpdater (StateMachineUpdater.java:takeSnapshot(290)) - s0@group-B3196483C112-StateMachineUpdater: Took a snapshot at index 191
2023-04-27 07:11:51,581 [s0@group-B3196483C112-StateMachineUpdater] INFO  impl.StateMachineUpdater (StateMachineUpdater.java:lambda$new$0(96)) - s0@group-B3196483C112-StateMachineUpdater: snapshotIndex: updateIncreasingly 127 -> 191
2023-04-27 07:11:51,582 [s0@group-B3196483C112-StateMachineUpdater] INFO  raftlog.RaftLog (RaftLogBase.java:purge(314)) - s0@group-B3196483C112-SegmentedRaftLog: purge 191
2023-04-27 07:11:51,582 [s0@group-B3196483C112-StateMachineUpdater] INFO  raftlog.RaftLog (RaftLogBase.java:lambda$new$0(53)) - s0@group-B3196483C112-SegmentedRaftLog: snapshotIndex: updateIncreasingly 127 -> 191
2023-04-27 07:11:51,582 [s0@group-B3196483C112-StateMachineUpdater] INFO  raftlog.RaftLog (RaftLogBase.java:lambda$new$0(53)) - s0@group-B3196483C112-SegmentedRaftLog: purgeIndex: updateToMax old=127, new=191, updated? true
2023-04-27 07:11:51,582 [s0@group-B3196483C112-StateMachineUpdater] INFO  impl.SimpleStateMachine4Testing (SimpleStateMachine4Testing.java:put(205)) - s0: put 193, m96 -> (t:1, i:193), STATEMACHINELOGENTRY, 354@client-6B5830029C69
2023-04-27 07:11:51,584 [s0@group-B3196483C112-StateMachineUpdater] INFO  impl.SimpleStateMachine4Testing (SimpleStateMachine4Testing.java:put(205)) - s0: put 195, m97 -> (t:1, i:195), STATEMACHINELOGENTRY, 355@client-6B5830029C69
2023-04-27 07:11:51,587 [s0@group-B3196483C112-StateMachineUpdater] INFO  impl.SimpleStateMachine4Testing (SimpleStateMachine4Testing.java:put(205)) - s0: put 197, m98 -> (t:1, i:197), STATEMACHINELOGENTRY, 356@client-6B5830029C69
2023-04-27 07:11:51,590 [s0@group-B3196483C112-StateMachineUpdater] INFO  impl.SimpleStateMachine4Testing (SimpleStateMachine4Testing.java:put(205)) - s0: put 199, m99 -> (t:1, i:199), STATEMACHINELOGENTRY, 357@client-6B5830029C69
2023-04-27 07:11:51,592 [s0@group-B3196483C112-StateMachineUpdater] INFO  impl.SimpleStateMachine4Testing (SimpleStateMachine4Testing.java:put(205)) - s0: put 201, m100 -> (t:1, i:201), STATEMACHINELOGENTRY, 358@client-6B5830029C69
2023-04-27 07:11:51,594 [s0@group-B3196483C112-StateMachineUpdater] INFO  impl.SimpleStateMachine4Testing (SimpleStateMachine4Testing.java:put(205)) - s0: put 203, m101 -> (t:1, i:203), STATEMACHINELOGENTRY, 359@client-6B5830029C69
2023-04-27 07:11:51,596 [s0@group-B3196483C112-StateMachineUpdater] INFO  impl.SimpleStateMachine4Testing (SimpleStateMachine4Testing.java:put(205)) - s0: put 205, m102 -> (t:1, i:205), STATEMACHINELOGENTRY, 360@client-6B5830029C69
2023-04-27 07:11:51,599 [s0@group-B3196483C112-StateMachineUpdater] INFO  impl.SimpleStateMachine4Testing (SimpleStateMachine4Testing.java:put(205)) - s0: put 207, m103 -> (t:1, i:207), STATEMACHINELOGENTRY, 361@client-6B5830029C69
2023-04-27 07:11:51,606 [s0@group-B3196483C112-StateMachineUpdater] INFO  impl.SimpleStateMachine4Testing (SimpleStateMachine4Testing.java:put(205)) - s0: put 209, m104 -> (t:1, i:209), STATEMACHINELOGENTRY, 362@client-6B5830029C69
2023-04-27 07:11:51,608 [s0@group-B3196483C112-StateMachineUpdater] INFO  impl.SimpleStateMachine4Testing (SimpleStateMachine4Testing.java:put(205)) - s0: put 211, m105 -> (t:1, i:211), STATEMACHINELOGENTRY, 363@client-6B5830029C69
2023-04-27 07:11:51,610 [s0@group-B3196483C112-StateMachineUpdater] INFO  impl.SimpleStateMachine4Testing (SimpleStateMachine4Testing.java:put(205)) - s0: put 213, m106 -> (t:1, i:213), STATEMACHINELOGENTRY, 364@client-6B5830029C69
2023-04-27 07:11:51,613 [s0@group-B3196483C112-StateMachineUpdater] INFO  impl.SimpleStateMachine4Testing (SimpleStateMachine4Testing.java:put(205)) - s0: put 215, m107 -> (t:1, i:215), STATEMACHINELOGENTRY, 365@client-6B5830029C69
2023-04-27 07:11:51,614 [s0@group-B3196483C112-StateMachineUpdater] INFO  impl.SimpleStateMachine4Testing (SimpleStateMachine4Testing.java:put(205)) - s0: put 217, m108 -> (t:1, i:217), STATEMACHINELOGENTRY, 366@client-6B5830029C69
2023-04-27 07:11:51,617 [s0@group-B3196483C112-StateMachineUpdater] INFO  impl.SimpleStateMachine4Testing (SimpleStateMachine4Testing.java:put(205)) - s0: put 219, m109 -> (t:1, i:219), STATEMACHINELOGENTRY, 367@client-6B5830029C69
2023-04-27 07:11:51,619 [s0@group-B3196483C112-StateMachineUpdater] INFO  impl.SimpleStateMachine4Testing (SimpleStateMachine4Testing.java:put(205)) - s0: put 221, m110 -> (t:1, i:221), STATEMACHINELOGENTRY, 368@client-6B5830029C69
2023-04-27 07:11:51,621 [s0@group-B3196483C112-StateMachineUpdater] INFO  impl.SimpleStateMachine4Testing (SimpleStateMachine4Testing.java:put(205)) - s0: put 223, m111 -> (t:1, i:223), STATEMACHINELOGENTRY, 369@client-6B5830029C69
2023-04-27 07:11:51,623 [s0@group-B3196483C112-StateMachineUpdater] INFO  impl.SimpleStateMachine4Testing (SimpleStateMachine4Testing.java:put(205)) - s0: put 225, m112 -> (t:1, i:225), STATEMACHINELOGENTRY, 370@client-6B5830029C69
2023-04-27 07:11:51,629 [s0@group-B3196483C112-StateMachineUpdater] INFO  impl.SimpleStateMachine4Testing (SimpleStateMachine4Testing.java:put(205)) - s0: put 227, m113 -> (t:1, i:227), STATEMACHINELOGENTRY, 371@client-6B5830029C69
2023-04-27 07:11:51,631 [s0@group-B3196483C112-StateMachineUpdater] INFO  impl.SimpleStateMachine4Testing (SimpleStateMachine4Testing.java:put(205)) - s0: put 229, m114 -> (t:1, i:229), STATEMACHINELOGENTRY, 372@client-6B5830029C69
2023-04-27 07:11:51,633 [s0@group-B3196483C112-StateMachineUpdater] INFO  impl.SimpleStateMachine4Testing (SimpleStateMachine4Testing.java:put(205)) - s0: put 231, m115 -> (t:1, i:231), STATEMACHINELOGENTRY, 373@client-6B5830029C69
2023-04-27 07:11:51,635 [s0@group-B3196483C112-StateMachineUpdater] INFO  impl.SimpleStateMachine4Testing (SimpleStateMachine4Testing.java:put(205)) - s0: put 233, m116 -> (t:1, i:233), STATEMACHINELOGENTRY, 374@client-6B5830029C69
2023-04-27 07:11:51,637 [s0@group-B3196483C112-StateMachineUpdater] INFO  impl.SimpleStateMachine4Testing (SimpleStateMachine4Testing.java:put(205)) - s0: put 235, m117 -> (t:1, i:235), STATEMACHINELOGENTRY, 375@client-6B5830029C69
2023-04-27 07:11:51,640 [s0@group-B3196483C112-StateMachineUpdater] INFO  impl.SimpleStateMachine4Testing (SimpleStateMachine4Testing.java:put(205)) - s0: put 237, m118 -> (t:1, i:237), STATEMACHINELOGENTRY, 376@client-6B5830029C69
2023-04-27 07:11:51,647 [s0@group-B3196483C112-StateMachineUpdater] INFO  impl.SimpleStateMachine4Testing (SimpleStateMachine4Testing.java:put(205)) - s0: put 239, m119 -> (t:1, i:239), STATEMACHINELOGENTRY, 377@client-6B5830029C69
2023-04-27 07:11:51,650 [s0@group-B3196483C112-StateMachineUpdater] INFO  impl.SimpleStateMachine4Testing (SimpleStateMachine4Testing.java:put(205)) - s0: put 241, m120 -> (t:1, i:241), STATEMACHINELOGENTRY, 378@client-6B5830029C69
2023-04-27 07:11:51,652 [s0@group-B3196483C112-StateMachineUpdater] INFO  impl.SimpleStateMachine4Testing (SimpleStateMachine4Testing.java:put(205)) - s0: put 243, m121 -> (t:1, i:243), STATEMACHINELOGENTRY, 379@client-6B5830029C69
2023-04-27 07:11:51,654 [s0@group-B3196483C112-StateMachineUpdater] INFO  impl.SimpleStateMachine4Testing (SimpleStateMachine4Testing.java:put(205)) - s0: put 245, m122 -> (t:1, i:245), STATEMACHINELOGENTRY, 380@client-6B5830029C69
2023-04-27 07:11:51,656 [s0@group-B3196483C112-StateMachineUpdater] INFO  impl.SimpleStateMachine4Testing (SimpleStateMachine4Testing.java:put(205)) - s0: put 247, m123 -> (t:1, i:247), STATEMACHINELOGENTRY, 381@client-6B5830029C69
2023-04-27 07:11:51,660 [s0@group-B3196483C112-StateMachineUpdater] INFO  impl.SimpleStateMachine4Testing (SimpleStateMachine4Testing.java:put(205)) - s0: put 249, m124 -> (t:1, i:249), STATEMACHINELOGENTRY, 382@client-6B5830029C69
2023-04-27 07:11:51,663 [s0@group-B3196483C112-StateMachineUpdater] INFO  impl.SimpleStateMachine4Testing (SimpleStateMachine4Testing.java:put(205)) - s0: put 251, m125 -> (t:1, i:251), STATEMACHINELOGENTRY, 383@client-6B5830029C69
2023-04-27 07:11:51,665 [s0@group-B3196483C112-StateMachineUpdater] INFO  impl.SimpleStateMachine4Testing (SimpleStateMachine4Testing.java:put(205)) - s0: put 253, m126 -> (t:1, i:253), STATEMACHINELOGENTRY, 384@client-6B5830029C69
2023-04-27 07:11:51,674 [s0-server-thread1] INFO  server.RaftServer$Division (RaftServerImpl.java:takeSnapshotAsync(1129)) - s0@group-B3196483C112: takeSnapshotAsync SnapshotManagementRequest:client-6B5830029C69->s0@group-B3196483C112, cid=385, seq=0, RO, null, Create:
2023-04-27 07:11:51,674 [s0-server-thread1] INFO  server.RaftServerConfigKeys (ConfUtils.java:logGet(46)) - raft.server.snapshot.creation.gap = 1024 (default)
2023-04-27 07:11:51,681 [Time-limited test] INFO  impl.MiniRaftCluster (MiniRaftCluster.java:addNewPeers(464)) - Add new peers [s1, s2]
2023-04-27 07:11:51,682 [Time-limited test] INFO  impl.MiniRaftCluster (MiniRaftCluster.java:newRaftServer(382)) - newRaftServer: s1, group-B3196483C112:[], format? true
2023-04-27 07:11:51,682 [Time-limited test] TRACE util.FileUtils (FileUtils.java:deleteFully(201)) - deleteFully target/test/data/a5c97c2c/MiniRaftClusterWithGrpc34152d09/s1
2023-04-27 07:11:51,682 [Time-limited test] TRACE util.FileUtils (FileUtils.java:deleteFully(217)) - deleteFully: target/test/data/a5c97c2c/MiniRaftClusterWithGrpc34152d09/s1 does not exist.
2023-04-27 07:11:51,682 [Time-limited test] INFO  impl.MiniRaftCluster (MiniRaftCluster.java:newRaftServer(387)) - Formatted directory target/test/data/a5c97c2c/MiniRaftClusterWithGrpc34152d09/s1
2023-04-27 07:11:51,682 [Time-limited test] INFO  server.RaftServer (ConfUtils.java:logGet(46)) - raft.rpc.type = GRPC (default)
2023-04-27 07:11:51,682 [Time-limited test] INFO  grpc.GrpcConfigKeys (ConfUtils.java:logFallback(53)) - raft.grpc.admin.host = null (fallback to raft.grpc.server.host)
2023-04-27 07:11:51,682 [Time-limited test] INFO  grpc.GrpcConfigKeys (ConfUtils.java:logFallback(53)) - raft.grpc.admin.port = 38545 (fallback to raft.grpc.server.port)
2023-04-27 07:11:51,682 [Time-limited test] INFO  grpc.GrpcConfigKeys (ConfUtils.java:logFallback(53)) - raft.grpc.client.host = null (fallback to raft.grpc.server.host)
2023-04-27 07:11:51,682 [Time-limited test] INFO  grpc.GrpcConfigKeys (ConfUtils.java:logFallback(53)) - raft.grpc.client.port = 38545 (fallback to raft.grpc.server.port)
2023-04-27 07:11:51,682 [Time-limited test] INFO  grpc.GrpcConfigKeys (ConfUtils.java:logGet(46)) - raft.grpc.server.host = null (default)
2023-04-27 07:11:51,682 [Time-limited test] INFO  grpc.GrpcConfigKeys (ConfUtils.java:logGet(46)) - raft.grpc.server.port = 38545 (custom)
2023-04-27 07:11:51,682 [Time-limited test] INFO  server.GrpcService (ConfUtils.java:logGet(46)) - raft.grpc.message.size.max = 64MB (=67108864) (default)
2023-04-27 07:11:51,682 [Time-limited test] INFO  server.RaftServerConfigKeys (ConfUtils.java:logGet(46)) - raft.server.log.appender.buffer.byte-limit = 4MB (=4194304) (default)
2023-04-27 07:11:51,683 [Time-limited test] INFO  server.GrpcService (ConfUtils.java:logGet(46)) - raft.grpc.flow.control.window = 1MB (=1048576) (default)
2023-04-27 07:11:51,683 [Time-limited test] INFO  server.RaftServerConfigKeys (ConfUtils.java:logGet(46)) - raft.server.rpc.request.timeout = 3000ms (default)
2023-04-27 07:11:51,683 [Time-limited test] INFO  grpc.GrpcConfigKeys (ConfUtils.java:logGet(46)) - raft.grpc.server.heartbeat.channel = true (default)
2023-04-27 07:11:51,683 [Time-limited test] INFO  grpc.GrpcConfigKeys (ConfUtils.java:logGet(46)) - raft.grpc.server.async.request.thread.pool.cached = true (default)
2023-04-27 07:11:51,683 [Time-limited test] INFO  grpc.GrpcConfigKeys (ConfUtils.java:logGet(46)) - raft.grpc.server.async.request.thread.pool.size = 32 (default)
2023-04-27 07:11:51,683 [Time-limited test] INFO  impl.DataStreamServerImpl (ConfUtils.java:logGet(46)) - raft.datastream.type = DISABLED (default)
2023-04-27 07:11:51,683 [Time-limited test] INFO  server.RaftServerConfigKeys (ConfUtils.java:logGet(46)) - raft.server.threadpool.proxy.cached = true (default)
2023-04-27 07:11:51,683 [Time-limited test] INFO  server.RaftServerConfigKeys (ConfUtils.java:logGet(46)) - raft.server.threadpool.proxy.size = 0 (default)
2023-04-27 07:11:51,684 [Time-limited test] INFO  server.RaftServerConfigKeys (ConfUtils.java:logGet(46)) - raft.server.rpc.slowness.timeout = 60s (default)
2023-04-27 07:11:51,684 [Time-limited test] INFO  server.RaftServerConfigKeys (ConfUtils.java:logGet(46)) - raft.server.leaderelection.leader.step-down.wait-time = 10s (default)
2023-04-27 07:11:51,684 [Time-limited test] INFO  server.RaftServerConfigKeys (ConfUtils.java:logGet(46)) - raft.server.storage.dir = [/home/runner/work/ratis/ratis/ratis-test/target/test/data/a5c97c2c/MiniRaftClusterWithGrpc34152d09/s1] (custom)
2023-04-27 07:11:51,690 [Time-limited test] INFO  server.RaftServer (RaftServerProxy.java:addNew(99)) - s1: addNew group-B3196483C112:[] returns group-B3196483C112:java.util.concurrent.CompletableFuture@6c848b0f[Not completed]
2023-04-27 07:11:51,690 [Time-limited test] INFO  impl.MiniRaftCluster (MiniRaftCluster.java:newRaftServer(382)) - newRaftServer: s2, group-B3196483C112:[], format? true
2023-04-27 07:11:51,690 [Time-limited test] TRACE util.FileUtils (FileUtils.java:deleteFully(201)) - deleteFully target/test/data/a5c97c2c/MiniRaftClusterWithGrpc34152d09/s2
2023-04-27 07:11:51,690 [Time-limited test] TRACE util.FileUtils (FileUtils.java:deleteFully(217)) - deleteFully: target/test/data/a5c97c2c/MiniRaftClusterWithGrpc34152d09/s2 does not exist.
2023-04-27 07:11:51,691 [Time-limited test] INFO  impl.MiniRaftCluster (MiniRaftCluster.java:newRaftServer(387)) - Formatted directory target/test/data/a5c97c2c/MiniRaftClusterWithGrpc34152d09/s2
2023-04-27 07:11:51,691 [Time-limited test] INFO  server.RaftServer (ConfUtils.java:logGet(46)) - raft.rpc.type = GRPC (default)
2023-04-27 07:11:51,691 [Time-limited test] INFO  grpc.GrpcConfigKeys (ConfUtils.java:logFallback(53)) - raft.grpc.admin.host = null (fallback to raft.grpc.server.host)
2023-04-27 07:11:51,691 [Time-limited test] INFO  grpc.GrpcConfigKeys (ConfUtils.java:logFallback(53)) - raft.grpc.admin.port = 37499 (fallback to raft.grpc.server.port)
2023-04-27 07:11:51,691 [Time-limited test] INFO  grpc.GrpcConfigKeys (ConfUtils.java:logFallback(53)) - raft.grpc.client.host = null (fallback to raft.grpc.server.host)
2023-04-27 07:11:51,691 [Time-limited test] INFO  grpc.GrpcConfigKeys (ConfUtils.java:logFallback(53)) - raft.grpc.client.port = 37499 (fallback to raft.grpc.server.port)
2023-04-27 07:11:51,691 [Time-limited test] INFO  grpc.GrpcConfigKeys (ConfUtils.java:logGet(46)) - raft.grpc.server.host = null (default)
2023-04-27 07:11:51,691 [Time-limited test] INFO  grpc.GrpcConfigKeys (ConfUtils.java:logGet(46)) - raft.grpc.server.port = 37499 (custom)
2023-04-27 07:11:51,691 [Time-limited test] INFO  server.GrpcService (ConfUtils.java:logGet(46)) - raft.grpc.message.size.max = 64MB (=67108864) (default)
2023-04-27 07:11:51,691 [Time-limited test] INFO  server.RaftServerConfigKeys (ConfUtils.java:logGet(46)) - raft.server.log.appender.buffer.byte-limit = 4MB (=4194304) (default)
2023-04-27 07:11:51,691 [Time-limited test] INFO  server.GrpcService (ConfUtils.java:logGet(46)) - raft.grpc.flow.control.window = 1MB (=1048576) (default)
2023-04-27 07:11:51,691 [Time-limited test] INFO  server.RaftServerConfigKeys (ConfUtils.java:logGet(46)) - raft.server.rpc.request.timeout = 3000ms (default)
2023-04-27 07:11:51,691 [Time-limited test] INFO  grpc.GrpcConfigKeys (ConfUtils.java:logGet(46)) - raft.grpc.server.heartbeat.channel = true (default)
2023-04-27 07:11:51,691 [Time-limited test] INFO  grpc.GrpcConfigKeys (ConfUtils.java:logGet(46)) - raft.grpc.server.async.request.thread.pool.cached = true (default)
2023-04-27 07:11:51,691 [Time-limited test] INFO  grpc.GrpcConfigKeys (ConfUtils.java:logGet(46)) - raft.grpc.server.async.request.thread.pool.size = 32 (default)
2023-04-27 07:11:51,692 [Time-limited test] INFO  impl.DataStreamServerImpl (ConfUtils.java:logGet(46)) - raft.datastream.type = DISABLED (default)
2023-04-27 07:11:51,692 [Time-limited test] INFO  server.RaftServerConfigKeys (ConfUtils.java:logGet(46)) - raft.server.threadpool.proxy.cached = true (default)
2023-04-27 07:11:51,692 [Time-limited test] INFO  server.RaftServerConfigKeys (ConfUtils.java:logGet(46)) - raft.server.threadpool.proxy.size = 0 (default)
2023-04-27 07:11:51,692 [Time-limited test] INFO  server.RaftServerConfigKeys (ConfUtils.java:logGet(46)) - raft.server.rpc.slowness.timeout = 60s (default)
2023-04-27 07:11:51,692 [Time-limited test] INFO  server.RaftServerConfigKeys (ConfUtils.java:logGet(46)) - raft.server.leaderelection.leader.step-down.wait-time = 10s (default)
2023-04-27 07:11:51,692 [Time-limited test] INFO  server.RaftServerConfigKeys (ConfUtils.java:logGet(46)) - raft.server.storage.dir = [/home/runner/work/ratis/ratis/ratis-test/target/test/data/a5c97c2c/MiniRaftClusterWithGrpc34152d09/s2] (custom)
2023-04-27 07:11:51,693 [s1-groupManagement] INFO  server.RaftServerConfigKeys (ConfUtils.java:logGet(46)) - raft.server.log.segment.size.max = 8MB (=8388608) (default)
2023-04-27 07:11:51,693 [s1-groupManagement] INFO  server.RaftServerConfigKeys (ConfUtils.java:logGet(46)) - raft.server.log.preallocated.size = 4MB (=4194304) (default)
2023-04-27 07:11:51,693 [s1-groupManagement] INFO  server.RaftServerConfigKeys (ConfUtils.java:logGet(46)) - raft.server.log.write.buffer.size = 64KB (=65536) (default)
2023-04-27 07:11:51,693 [s1-groupManagement] INFO  server.RaftServer$Division (RaftServerImpl.java:<init>(198)) - s1: new RaftServerImpl for group-B3196483C112:[] with StateMachineWithMultiNestedSnapshotFile:uninitialized
2023-04-27 07:11:51,693 [s1-groupManagement] INFO  server.RaftServerConfigKeys (ConfUtils.java:logGet(46)) - raft.server.rpc.timeout.min = 150ms (default)
2023-04-27 07:11:51,693 [s1-groupManagement] INFO  server.RaftServerConfigKeys (ConfUtils.java:logGet(46)) - raft.server.rpc.timeout.max = 300ms (default)
2023-04-27 07:11:51,693 [s1-groupManagement] INFO  server.RaftServerConfigKeys (ConfUtils.java:logGet(46)) - raft.server.rpc.sleep.time = 25ms (default)
2023-04-27 07:11:51,693 [s1-groupManagement] INFO  server.RaftServerConfigKeys (ConfUtils.java:logGet(46)) - raft.server.rpc.slowness.timeout = 60s (default)
2023-04-27 07:11:51,693 [s1-groupManagement] INFO  server.RaftServerConfigKeys (ConfUtils.java:logGet(46)) - raft.server.leaderelection.leader.step-down.wait-time = 10s (default)
2023-04-27 07:11:51,693 [s1-groupManagement] INFO  server.RaftServerConfigKeys (ConfUtils.java:logGet(46)) - raft.server.sleep.deviation.threshold = 300ms (default)
2023-04-27 07:11:51,693 [s1-groupManagement] INFO  server.RaftServer$Division (ServerState.java:<init>(113)) - s1@group-B3196483C112: ConfigurationManager, init=-1: peers:[]|listeners:[], old=null, confs=<EMPTY_MAP>
2023-04-27 07:11:51,693 [s1-groupManagement] INFO  server.RaftServerConfigKeys (ConfUtils.java:logGet(46)) - raft.server.notification.no-leader.timeout = 60s (default)
2023-04-27 07:11:51,693 [s1-groupManagement] INFO  server.RaftServerConfigKeys (ConfUtils.java:logGet(46)) - raft.server.read.timeout = 10s (default)
2023-04-27 07:11:51,693 [s1-groupManagement] INFO  server.RaftServerConfigKeys (ConfUtils.java:logGet(46)) - raft.server.retrycache.expirytime = 60s (default)
2023-04-27 07:11:51,694 [s1-groupManagement] INFO  server.RaftServerConfigKeys (ConfUtils.java:logGet(46)) - raft.server.retrycache.statistics.expirytime = 100μs (default)
2023-04-27 07:11:51,694 [s1-groupManagement] INFO  server.RaftServerConfigKeys (ConfUtils.java:logGet(46)) - raft.server.read.option = DEFAULT (default)
2023-04-27 07:11:51,695 [Time-limited test] INFO  server.RaftServer (RaftServerProxy.java:addNew(99)) - s2: addNew group-B3196483C112:[] returns group-B3196483C112:java.util.concurrent.CompletableFuture@48d16422[Not completed]
2023-04-27 07:11:51,696 [s1-groupManagement] INFO  server.RaftServerConfigKeys (ConfUtils.java:logGet(46)) - raft.server.rpc.request.timeout = 3000ms (default)
2023-04-27 07:11:51,696 [s1-groupManagement] INFO  server.RaftServerConfigKeys (ConfUtils.java:logGet(46)) - raft.server.log.appender.install.snapshot.enabled = true (default)
2023-04-27 07:11:51,696 [s1-groupManagement] INFO  server.RaftServerConfigKeys (ConfUtils.java:logGet(46)) - raft.server.threadpool.server.cached = true (default)
2023-04-27 07:11:51,696 [s1-groupManagement] INFO  server.RaftServerConfigKeys (ConfUtils.java:logGet(46)) - raft.server.threadpool.server.size = 0 (default)
2023-04-27 07:11:51,696 [s1-groupManagement] INFO  server.RaftServerConfigKeys (ConfUtils.java:logGet(46)) - raft.server.threadpool.client.cached = true (default)
2023-04-27 07:11:51,696 [s1-groupManagement] INFO  server.RaftServerConfigKeys (ConfUtils.java:logGet(46)) - raft.server.threadpool.client.size = 0 (default)
2023-04-27 07:11:51,696 [s1-impl-thread1] INFO  server.RaftServerConfigKeys (ConfUtils.java:logGet(46)) - raft.server.storage.free-space.min = 0MB (=0) (default)
2023-04-27 07:11:51,696 [s1-impl-thread1] INFO  server.RaftServerConfigKeys (ConfUtils.java:logGet(46)) - raft.server.log.corruption.policy = EXCEPTION (default)
2023-04-27 07:11:51,696 [s1-impl-thread1] INFO  server.RaftServerConfigKeys (ConfUtils.java:logGet(46)) - raft.server.storage.dir = [/home/runner/work/ratis/ratis/ratis-test/target/test/data/a5c97c2c/MiniRaftClusterWithGrpc34152d09/s1] (custom)
2023-04-27 07:11:51,696 [s1-impl-thread1] INFO  storage.RaftStorageDirectory (RaftStorageDirectoryImpl.java:analyzeStorage(138)) - The storage directory /home/runner/work/ratis/ratis/ratis-test/target/test/data/a5c97c2c/MiniRaftClusterWithGrpc34152d09/s1/bee39ca3-be4d-4458-b8c0-b3196483c112 does not exist. Creating ...
2023-04-27 07:11:51,696 [s1-impl-thread1] TRACE util.FileUtils (LogUtils.java:runAndLog(49)) - Successfully ran Files.createDirectories /home/runner/work/ratis/ratis/ratis-test/target/test/data/a5c97c2c/MiniRaftClusterWithGrpc34152d09/s1/bee39ca3-be4d-4458-b8c0-b3196483c112
2023-04-27 07:11:51,697 [s2-groupManagement] INFO  server.RaftServerConfigKeys (ConfUtils.java:logGet(46)) - raft.server.log.segment.size.max = 8MB (=8388608) (default)
2023-04-27 07:11:51,697 [s2-groupManagement] INFO  server.RaftServerConfigKeys (ConfUtils.java:logGet(46)) - raft.server.log.preallocated.size = 4MB (=4194304) (default)
2023-04-27 07:11:51,697 [s2-groupManagement] INFO  server.RaftServerConfigKeys (ConfUtils.java:logGet(46)) - raft.server.log.write.buffer.size = 64KB (=65536) (default)
2023-04-27 07:11:51,697 [s2-groupManagement] INFO  server.RaftServer$Division (RaftServerImpl.java:<init>(198)) - s2: new RaftServerImpl for group-B3196483C112:[] with StateMachineWithMultiNestedSnapshotFile:uninitialized
2023-04-27 07:11:51,697 [s2-groupManagement] INFO  server.RaftServerConfigKeys (ConfUtils.java:logGet(46)) - raft.server.rpc.timeout.min = 150ms (default)
2023-04-27 07:11:51,697 [s2-groupManagement] INFO  server.RaftServerConfigKeys (ConfUtils.java:logGet(46)) - raft.server.rpc.timeout.max = 300ms (default)
2023-04-27 07:11:51,697 [s2-groupManagement] INFO  server.RaftServerConfigKeys (ConfUtils.java:logGet(46)) - raft.server.rpc.sleep.time = 25ms (default)
2023-04-27 07:11:51,697 [s2-groupManagement] INFO  server.RaftServerConfigKeys (ConfUtils.java:logGet(46)) - raft.server.rpc.slowness.timeout = 60s (default)
2023-04-27 07:11:51,697 [s2-groupManagement] INFO  server.RaftServerConfigKeys (ConfUtils.java:logGet(46)) - raft.server.leaderelection.leader.step-down.wait-time = 10s (default)
2023-04-27 07:11:51,697 [s2-groupManagement] INFO  server.RaftServerConfigKeys (ConfUtils.java:logGet(46)) - raft.server.sleep.deviation.threshold = 300ms (default)
2023-04-27 07:11:51,697 [s1-impl-thread1] INFO  storage.RaftStorageDirectory (RaftStorageDirectoryImpl.java:tryLock(232)) - Lock on /home/runner/work/ratis/ratis/ratis-test/target/test/data/a5c97c2c/MiniRaftClusterWithGrpc34152d09/s1/bee39ca3-be4d-4458-b8c0-b3196483c112/in_use.lock acquired by nodename 24267@fv-az591-70
2023-04-27 07:11:51,697 [s1-impl-thread1] TRACE util.FileUtils (LogUtils.java:runAndLog(49)) - Successfully ran Files.createDirectories /home/runner/work/ratis/ratis/ratis-test/target/test/data/a5c97c2c/MiniRaftClusterWithGrpc34152d09/s1/bee39ca3-be4d-4458-b8c0-b3196483c112/current
2023-04-27 07:11:51,697 [s1-impl-thread1] TRACE util.FileUtils (LogUtils.java:runAndLog(49)) - Successfully ran Files.createDirectories /home/runner/work/ratis/ratis/ratis-test/target/test/data/a5c97c2c/MiniRaftClusterWithGrpc34152d09/s1/bee39ca3-be4d-4458-b8c0-b3196483c112/sm
2023-04-27 07:11:51,698 [s2-groupManagement] INFO  server.RaftServer$Division (ServerState.java:<init>(113)) - s2@group-B3196483C112: ConfigurationManager, init=-1: peers:[]|listeners:[], old=null, confs=<EMPTY_MAP>
2023-04-27 07:11:51,698 [s2-groupManagement] INFO  server.RaftServerConfigKeys (ConfUtils.java:logGet(46)) - raft.server.notification.no-leader.timeout = 60s (default)
2023-04-27 07:11:51,698 [s2-groupManagement] INFO  server.RaftServerConfigKeys (ConfUtils.java:logGet(46)) - raft.server.read.timeout = 10s (default)
2023-04-27 07:11:51,698 [s2-groupManagement] INFO  server.RaftServerConfigKeys (ConfUtils.java:logGet(46)) - raft.server.retrycache.expirytime = 60s (default)
2023-04-27 07:11:51,698 [s2-groupManagement] INFO  server.RaftServerConfigKeys (ConfUtils.java:logGet(46)) - raft.server.retrycache.statistics.expirytime = 100μs (default)
2023-04-27 07:11:51,698 [s1-impl-thread1] INFO  storage.RaftStorage (RaftStorageImpl.java:format(96)) - Storage directory /home/runner/work/ratis/ratis/ratis-test/target/test/data/a5c97c2c/MiniRaftClusterWithGrpc34152d09/s1/bee39ca3-be4d-4458-b8c0-b3196483c112 has been successfully formatted.
2023-04-27 07:11:51,698 [s1-impl-thread1] INFO  impl.SimpleStateMachine4Testing (SimpleStateMachine4Testing.java:initialize(213)) - Initializing StateMachineWithMultiNestedSnapshotFile:uninitialized
2023-04-27 07:11:51,698 [s1-impl-thread1] INFO  impl.SimpleStateMachine4Testing (SimpleStateMachine4Testing.java:loadSnapshot(293)) - Loading snapshot null
2023-04-27 07:11:51,699 [s1-impl-thread1] INFO  server.RaftServerConfigKeys (ConfUtils.java:logGet(46)) - raft.server.log.use.memory = false (default)
2023-04-27 07:11:51,699 [s1-impl-thread1] INFO  server.RaftServerConfigKeys (ConfUtils.java:logGet(46)) - raft.server.log.purge.gap = 8 (custom)
2023-04-27 07:11:51,699 [s1-impl-thread1] INFO  server.RaftServerConfigKeys (ConfUtils.java:logGet(46)) - raft.server.log.appender.buffer.byte-limit = 4MB (=4194304) (default)
2023-04-27 07:11:51,699 [s1-impl-thread1] INFO  server.RaftServerConfigKeys (ConfUtils.java:logGet(46)) - raft.server.log.statemachine.data.read.timeout = 1000ms (default)
2023-04-27 07:11:51,699 [s1-impl-thread1] INFO  server.RaftServerConfigKeys (ConfUtils.java:logGet(46)) - raft.server.log.purge.preservation.log.num = 0 (default)
2023-04-27 07:11:51,699 [s1-impl-thread1] INFO  server.RaftServerConfigKeys (ConfUtils.java:logGet(46)) - raft.server.log.segment.size.max = 8MB (=8388608) (default)
2023-04-27 07:11:51,699 [s1-impl-thread1] INFO  server.RaftServerConfigKeys (ConfUtils.java:logGet(46)) - raft.server.log.segment.cache.num.max = 6 (default)
2023-04-27 07:11:51,699 [s1-impl-thread1] INFO  server.RaftServerConfigKeys (ConfUtils.java:logGet(46)) - raft.server.log.segment.cache.size.max = 200MB (=209715200) (default)
2023-04-27 07:11:51,699 [s1-impl-thread1] INFO  server.RaftServerConfigKeys (ConfUtils.java:logGet(46)) - raft.server.log.appender.buffer.byte-limit = 4MB (=4194304) (default)
2023-04-27 07:11:51,699 [s1-impl-thread1] INFO  segmented.SegmentedRaftLogWorker (SegmentedRaftLogWorker.java:<init>(183)) - new s1@group-B3196483C112-SegmentedRaftLogWorker for RaftStorageImpl:Storage Directory /home/runner/work/ratis/ratis/ratis-test/target/test/data/a5c97c2c/MiniRaftClusterWithGrpc34152d09/s1/bee39ca3-be4d-4458-b8c0-b3196483c112
2023-04-27 07:11:51,699 [s1-impl-thread1] INFO  server.RaftServerConfigKeys (ConfUtils.java:logGet(46)) - raft.server.log.queue.byte-limit = 64MB (=67108864) (default)
2023-04-27 07:11:51,699 [s1-impl-thread1] INFO  server.RaftServerConfigKeys (ConfUtils.java:logGet(46)) - raft.server.log.queue.element-limit = 4096 (default)
2023-04-27 07:11:51,699 [s1-impl-thread1] INFO  server.RaftServerConfigKeys (ConfUtils.java:logGet(46)) - raft.server.log.segment.size.max = 8MB (=8388608) (default)
2023-04-27 07:11:51,699 [s1-impl-thread1] INFO  server.RaftServerConfigKeys (ConfUtils.java:logGet(46)) - raft.server.log.preallocated.size = 4MB (=4194304) (default)
2023-04-27 07:11:51,699 [s1-impl-thread1] INFO  server.RaftServerConfigKeys (ConfUtils.java:logGet(46)) - raft.server.log.force.sync.num = 128 (default)
2023-04-27 07:11:51,700 [s1-impl-thread1] INFO  server.RaftServerConfigKeys (ConfUtils.java:logGet(46)) - raft.server.log.statemachine.data.sync = true (default)
2023-04-27 07:11:51,700 [s1-impl-thread1] INFO  server.RaftServerConfigKeys (ConfUtils.java:logGet(46)) - raft.server.log.statemachine.data.sync.timeout = 10s (default)
2023-04-27 07:11:51,700 [s1-impl-thread1] INFO  server.RaftServerConfigKeys (ConfUtils.java:logGet(46)) - raft.server.log.statemachine.data.sync.timeout.retry = -1 (default)
2023-04-27 07:11:51,700 [s1-impl-thread1] INFO  server.RaftServerConfigKeys (ConfUtils.java:logGet(46)) - raft.server.log.write.buffer.size = 64KB (=65536) (default)
2023-04-27 07:11:51,700 [s1-impl-thread1] INFO  server.RaftServerConfigKeys (ConfUtils.java:logGet(46)) - raft.server.log.appender.buffer.byte-limit = 4MB (=4194304) (default)
2023-04-27 07:11:51,701 [s1-impl-thread1] INFO  server.RaftServerConfigKeys (ConfUtils.java:logGet(46)) - raft.server.log.unsafe-flush.enabled = false (default)
2023-04-27 07:11:51,701 [s1-impl-thread1] INFO  server.RaftServerConfigKeys (ConfUtils.java:logGet(46)) - raft.server.log.async-flush.enabled = false (default)
2023-04-27 07:11:51,701 [s1-impl-thread1] INFO  server.RaftServerConfigKeys (ConfUtils.java:logGet(46)) - raft.server.log.statemachine.data.caching.enabled = false (default)
2023-04-27 07:11:51,701 [s1-impl-thread1] INFO  segmented.SegmentedRaftLogWorker (SegmentedRaftLogWorker.java:lambda$new$0(134)) - s1@group-B3196483C112-SegmentedRaftLogWorker: flushIndex: setUnconditionally 0 -> -1
2023-04-27 07:11:51,701 [s1-impl-thread1] INFO  segmented.SegmentedRaftLogWorker (SegmentedRaftLogWorker.java:lambda$new$0(134)) - s1@group-B3196483C112-SegmentedRaftLogWorker: safeCacheEvictIndex: setUnconditionally 0 -> -1
2023-04-27 07:11:51,702 [s2-groupManagement] INFO  server.RaftServerConfigKeys (ConfUtils.java:logGet(46)) - raft.server.read.option = DEFAULT (default)
2023-04-27 07:11:51,702 [s2-groupManagement] INFO  server.RaftServerConfigKeys (ConfUtils.java:logGet(46)) - raft.server.rpc.request.timeout = 3000ms (default)
2023-04-27 07:11:51,702 [s2-groupManagement] INFO  server.RaftServerConfigKeys (ConfUtils.java:logGet(46)) - raft.server.log.appender.install.snapshot.enabled = true (default)
2023-04-27 07:11:51,702 [s2-groupManagement] INFO  server.RaftServerConfigKeys (ConfUtils.java:logGet(46)) - raft.server.threadpool.server.cached = true (default)
2023-04-27 07:11:51,702 [s2-groupManagement] INFO  server.RaftServerConfigKeys (ConfUtils.java:logGet(46)) - raft.server.threadpool.server.size = 0 (default)
2023-04-27 07:11:51,702 [s2-groupManagement] INFO  server.RaftServerConfigKeys (ConfUtils.java:logGet(46)) - raft.server.threadpool.client.cached = true (default)
2023-04-27 07:11:51,702 [s2-groupManagement] INFO  server.RaftServerConfigKeys (ConfUtils.java:logGet(46)) - raft.server.threadpool.client.size = 0 (default)
2023-04-27 07:11:51,703 [s1-impl-thread1] INFO  server.RaftServer$Division (RaftServerImpl.java:start(348)) - s1@group-B3196483C112: start with initializing state, conf=-1: peers:[]|listeners:[], old=null
2023-04-27 07:11:51,703 [s1-impl-thread1] INFO  server.RaftServer$Division (RaftServerImpl.java:setRole(329)) - s1@group-B3196483C112: changes role from      null to FOLLOWER at term 0 for startInitializing
2023-04-27 07:11:51,703 [s1-impl-thread1] INFO  util.JmxRegister (JmxRegister.java:tryRegister(44)) - Successfully registered JMX Bean with object name Ratis:service=RaftServer,group=group-B3196483C112,id=s1
2023-04-27 07:11:51,703 [s1-impl-thread1] INFO  server.RaftServerConfigKeys (ConfUtils.java:logGet(46)) - raft.server.snapshot.auto.trigger.enabled = true (custom)
2023-04-27 07:11:51,703 [s1-impl-thread1] INFO  server.RaftServerConfigKeys (ConfUtils.java:logGet(46)) - raft.server.snapshot.auto.trigger.threshold = 64 (custom)
2023-04-27 07:11:51,703 [s1-impl-thread1] INFO  server.RaftServerConfigKeys (ConfUtils.java:logGet(46)) - raft.server.snapshot.retention.file.num = -1 (default)
2023-04-27 07:11:51,703 [s1-impl-thread1] INFO  server.RaftServerConfigKeys (ConfUtils.java:logGet(46)) - raft.server.log.purge.upto.snapshot.index = false (default)
2023-04-27 07:11:51,703 [Time-limited test] INFO  server.RaftServer (RaftServerProxy.java:startImpl(401)) - s1: start RPC server
2023-04-27 07:11:51,704 [Time-limited test] INFO  server.GrpcService (GrpcService.java:startImpl(302)) - s1: GrpcService started, listening on 38545
2023-04-27 07:11:51,705 [JvmPauseMonitor7] INFO  util.JvmPauseMonitor (JvmPauseMonitor.java:run(103)) - JvmPauseMonitor-s1: Started
2023-04-27 07:11:51,705 [s2-impl-thread1] INFO  server.RaftServerConfigKeys (ConfUtils.java:logGet(46)) - raft.server.storage.free-space.min = 0MB (=0) (default)
2023-04-27 07:11:51,705 [s2-impl-thread1] INFO  server.RaftServerConfigKeys (ConfUtils.java:logGet(46)) - raft.server.log.corruption.policy = EXCEPTION (default)
2023-04-27 07:11:51,705 [s2-impl-thread1] INFO  server.RaftServerConfigKeys (ConfUtils.java:logGet(46)) - raft.server.storage.dir = [/home/runner/work/ratis/ratis/ratis-test/target/test/data/a5c97c2c/MiniRaftClusterWithGrpc34152d09/s2] (custom)
2023-04-27 07:11:51,705 [s2-impl-thread1] INFO  storage.RaftStorageDirectory (RaftStorageDirectoryImpl.java:analyzeStorage(138)) - The storage directory /home/runner/work/ratis/ratis/ratis-test/target/test/data/a5c97c2c/MiniRaftClusterWithGrpc34152d09/s2/bee39ca3-be4d-4458-b8c0-b3196483c112 does not exist. Creating ...
2023-04-27 07:11:51,705 [s2-impl-thread1] TRACE util.FileUtils (LogUtils.java:runAndLog(49)) - Successfully ran Files.createDirectories /home/runner/work/ratis/ratis/ratis-test/target/test/data/a5c97c2c/MiniRaftClusterWithGrpc34152d09/s2/bee39ca3-be4d-4458-b8c0-b3196483c112
2023-04-27 07:11:51,706 [s2-impl-thread1] INFO  storage.RaftStorageDirectory (RaftStorageDirectoryImpl.java:tryLock(232)) - Lock on /home/runner/work/ratis/ratis/ratis-test/target/test/data/a5c97c2c/MiniRaftClusterWithGrpc34152d09/s2/bee39ca3-be4d-4458-b8c0-b3196483c112/in_use.lock acquired by nodename 24267@fv-az591-70
2023-04-27 07:11:51,706 [s2-impl-thread1] TRACE util.FileUtils (LogUtils.java:runAndLog(49)) - Successfully ran Files.createDirectories /home/runner/work/ratis/ratis/ratis-test/target/test/data/a5c97c2c/MiniRaftClusterWithGrpc34152d09/s2/bee39ca3-be4d-4458-b8c0-b3196483c112/current
2023-04-27 07:11:51,706 [s2-impl-thread1] TRACE util.FileUtils (LogUtils.java:runAndLog(49)) - Successfully ran Files.createDirectories /home/runner/work/ratis/ratis/ratis-test/target/test/data/a5c97c2c/MiniRaftClusterWithGrpc34152d09/s2/bee39ca3-be4d-4458-b8c0-b3196483c112/sm
2023-04-27 07:11:51,707 [s2-impl-thread1] INFO  storage.RaftStorage (RaftStorageImpl.java:format(96)) - Storage directory /home/runner/work/ratis/ratis/ratis-test/target/test/data/a5c97c2c/MiniRaftClusterWithGrpc34152d09/s2/bee39ca3-be4d-4458-b8c0-b3196483c112 has been successfully formatted.
2023-04-27 07:11:51,707 [s2-impl-thread1] INFO  impl.SimpleStateMachine4Testing (SimpleStateMachine4Testing.java:initialize(213)) - Initializing StateMachineWithMultiNestedSnapshotFile:uninitialized
2023-04-27 07:11:51,707 [s2-impl-thread1] INFO  impl.SimpleStateMachine4Testing (SimpleStateMachine4Testing.java:loadSnapshot(293)) - Loading snapshot null
2023-04-27 07:11:51,708 [s2-impl-thread1] INFO  server.RaftServerConfigKeys (ConfUtils.java:logGet(46)) - raft.server.log.use.memory = false (default)
2023-04-27 07:11:51,708 [s2-impl-thread1] INFO  server.RaftServerConfigKeys (ConfUtils.java:logGet(46)) - raft.server.log.purge.gap = 8 (custom)
2023-04-27 07:11:51,708 [s2-impl-thread1] INFO  server.RaftServerConfigKeys (ConfUtils.java:logGet(46)) - raft.server.log.appender.buffer.byte-limit = 4MB (=4194304) (default)
2023-04-27 07:11:51,708 [s2-impl-thread1] INFO  server.RaftServerConfigKeys (ConfUtils.java:logGet(46)) - raft.server.log.statemachine.data.read.timeout = 1000ms (default)
2023-04-27 07:11:51,708 [s2-impl-thread1] INFO  server.RaftServerConfigKeys (ConfUtils.java:logGet(46)) - raft.server.log.purge.preservation.log.num = 0 (default)
2023-04-27 07:11:51,708 [s2-impl-thread1] INFO  server.RaftServerConfigKeys (ConfUtils.java:logGet(46)) - raft.server.log.segment.size.max = 8MB (=8388608) (default)
2023-04-27 07:11:51,708 [s2-impl-thread1] INFO  server.RaftServerConfigKeys (ConfUtils.java:logGet(46)) - raft.server.log.segment.cache.num.max = 6 (default)
2023-04-27 07:11:51,708 [s2-impl-thread1] INFO  server.RaftServerConfigKeys (ConfUtils.java:logGet(46)) - raft.server.log.segment.cache.size.max = 200MB (=209715200) (default)
2023-04-27 07:11:51,708 [s2-impl-thread1] INFO  server.RaftServerConfigKeys (ConfUtils.java:logGet(46)) - raft.server.log.appender.buffer.byte-limit = 4MB (=4194304) (default)
2023-04-27 07:11:51,708 [s2-impl-thread1] INFO  segmented.SegmentedRaftLogWorker (SegmentedRaftLogWorker.java:<init>(183)) - new s2@group-B3196483C112-SegmentedRaftLogWorker for RaftStorageImpl:Storage Directory /home/runner/work/ratis/ratis/ratis-test/target/test/data/a5c97c2c/MiniRaftClusterWithGrpc34152d09/s2/bee39ca3-be4d-4458-b8c0-b3196483c112
2023-04-27 07:11:51,708 [s2-impl-thread1] INFO  server.RaftServerConfigKeys (ConfUtils.java:logGet(46)) - raft.server.log.queue.byte-limit = 64MB (=67108864) (default)
2023-04-27 07:11:51,708 [s2-impl-thread1] INFO  server.RaftServerConfigKeys (ConfUtils.java:logGet(46)) - raft.server.log.queue.element-limit = 4096 (default)
2023-04-27 07:11:51,708 [s2-impl-thread1] INFO  server.RaftServerConfigKeys (ConfUtils.java:logGet(46)) - raft.server.log.segment.size.max = 8MB (=8388608) (default)
2023-04-27 07:11:51,708 [s2-impl-thread1] INFO  server.RaftServerConfigKeys (ConfUtils.java:logGet(46)) - raft.server.log.preallocated.size = 4MB (=4194304) (default)
2023-04-27 07:11:51,708 [s2-impl-thread1] INFO  server.RaftServerConfigKeys (ConfUtils.java:logGet(46)) - raft.server.log.force.sync.num = 128 (default)
2023-04-27 07:11:51,708 [s2-impl-thread1] INFO  server.RaftServerConfigKeys (ConfUtils.java:logGet(46)) - raft.server.log.statemachine.data.sync = true (default)
2023-04-27 07:11:51,708 [s2-impl-thread1] INFO  server.RaftServerConfigKeys (ConfUtils.java:logGet(46)) - raft.server.log.statemachine.data.sync.timeout = 10s (default)
2023-04-27 07:11:51,708 [s2-impl-thread1] INFO  server.RaftServerConfigKeys (ConfUtils.java:logGet(46)) - raft.server.log.statemachine.data.sync.timeout.retry = -1 (default)
2023-04-27 07:11:51,709 [s2-impl-thread1] INFO  server.RaftServerConfigKeys (ConfUtils.java:logGet(46)) - raft.server.log.write.buffer.size = 64KB (=65536) (default)
2023-04-27 07:11:51,709 [s2-impl-thread1] INFO  server.RaftServerConfigKeys (ConfUtils.java:logGet(46)) - raft.server.log.appender.buffer.byte-limit = 4MB (=4194304) (default)
2023-04-27 07:11:51,710 [s2-impl-thread1] INFO  server.RaftServerConfigKeys (ConfUtils.java:logGet(46)) - raft.server.log.unsafe-flush.enabled = false (default)
2023-04-27 07:11:51,710 [s2-impl-thread1] INFO  server.RaftServerConfigKeys (ConfUtils.java:logGet(46)) - raft.server.log.async-flush.enabled = false (default)
2023-04-27 07:11:51,710 [s2-impl-thread1] INFO  server.RaftServerConfigKeys (ConfUtils.java:logGet(46)) - raft.server.log.statemachine.data.caching.enabled = false (default)
2023-04-27 07:11:51,710 [s2-impl-thread1] INFO  segmented.SegmentedRaftLogWorker (SegmentedRaftLogWorker.java:lambda$new$0(134)) - s2@group-B3196483C112-SegmentedRaftLogWorker: flushIndex: setUnconditionally 0 -> -1
2023-04-27 07:11:51,710 [s2-impl-thread1] INFO  segmented.SegmentedRaftLogWorker (SegmentedRaftLogWorker.java:lambda$new$0(134)) - s2@group-B3196483C112-SegmentedRaftLogWorker: safeCacheEvictIndex: setUnconditionally 0 -> -1
2023-04-27 07:11:51,711 [s2-impl-thread1] INFO  server.RaftServer$Division (RaftServerImpl.java:start(348)) - s2@group-B3196483C112: start with initializing state, conf=-1: peers:[]|listeners:[], old=null
2023-04-27 07:11:51,711 [s2-impl-thread1] INFO  server.RaftServer$Division (RaftServerImpl.java:setRole(329)) - s2@group-B3196483C112: changes role from      null to FOLLOWER at term 0 for startInitializing
2023-04-27 07:11:51,711 [s2-impl-thread1] INFO  util.JmxRegister (JmxRegister.java:tryRegister(44)) - Successfully registered JMX Bean with object name Ratis:service=RaftServer,group=group-B3196483C112,id=s2
2023-04-27 07:11:51,711 [s2-impl-thread1] INFO  server.RaftServerConfigKeys (ConfUtils.java:logGet(46)) - raft.server.snapshot.auto.trigger.enabled = true (custom)
2023-04-27 07:11:51,711 [s2-impl-thread1] INFO  server.RaftServerConfigKeys (ConfUtils.java:logGet(46)) - raft.server.snapshot.auto.trigger.threshold = 64 (custom)
2023-04-27 07:11:51,711 [s2-impl-thread1] INFO  server.RaftServerConfigKeys (ConfUtils.java:logGet(46)) - raft.server.snapshot.retention.file.num = -1 (default)
2023-04-27 07:11:51,711 [s2-impl-thread1] INFO  server.RaftServerConfigKeys (ConfUtils.java:logGet(46)) - raft.server.log.purge.upto.snapshot.index = false (default)
2023-04-27 07:11:51,711 [Time-limited test] INFO  server.RaftServer (RaftServerProxy.java:startImpl(401)) - s2: start RPC server
2023-04-27 07:11:51,715 [Time-limited test] INFO  server.GrpcService (GrpcService.java:startImpl(302)) - s2: GrpcService started, listening on 37499
2023-04-27 07:11:51,715 [Time-limited test] INFO  impl.MiniRaftCluster (MiniRaftCluster.java:setConfiguration(819)) - Start changing the configuration: [s1|rpc:0.0.0.0:38545|priority:0|startupRole:FOLLOWER, s2|rpc:0.0.0.0:37499|priority:0|startupRole:FOLLOWER, s0|rpc:localhost:37451|admin:localhost:41075|client:localhost:35727|dataStream:localhost:38867|priority:0|startupRole:FOLLOWER]
2023-04-27 07:11:51,719 [JvmPauseMonitor8] INFO  util.JvmPauseMonitor (JvmPauseMonitor.java:run(103)) - JvmPauseMonitor-s2: Started
2023-04-27 07:11:51,721 [s0-server-thread1] INFO  server.RaftServer$Division (RaftServerImpl.java:setConfigurationAsync(1197)) - s0@group-B3196483C112: receive setConfiguration SetConfigurationRequest:client-41CD5F744E7D->s0@group-B3196483C112, cid=386, seq=0, RW, null, SET_UNCONDITIONALLY, servers:[s1|rpc:0.0.0.0:38545|dataStream:|priority:0|startupRole:FOLLOWER, s2|rpc:0.0.0.0:37499|dataStream:|priority:0|startupRole:FOLLOWER, s0|rpc:localhost:37451|admin:localhost:41075|client:localhost:35727|dataStream:localhost:38867|priority:0|startupRole:FOLLOWER], listeners:[]
2023-04-27 07:11:51,722 [s0-server-thread1] INFO  server.RaftServer$Division (LeaderStateImpl.java:startSetConfiguration(443)) - s0@group-B3196483C112-LeaderStateImpl: startSetConfiguration SetConfigurationRequest:client-41CD5F744E7D->s0@group-B3196483C112, cid=386, seq=0, RW, null, SET_UNCONDITIONALLY, servers:[s1|rpc:0.0.0.0:38545|dataStream:|priority:0|startupRole:FOLLOWER, s2|rpc:0.0.0.0:37499|dataStream:|priority:0|startupRole:FOLLOWER, s0|rpc:localhost:37451|admin:localhost:41075|client:localhost:35727|dataStream:localhost:38867|priority:0|startupRole:FOLLOWER], listeners:[]
2023-04-27 07:11:51,734 [s0-server-thread1] INFO  server.RaftServerConfigKeys (ConfUtils.java:logGet(46)) - raft.server.log.appender.snapshot.chunk.size.max = 1k (=1024) (custom)
2023-04-27 07:11:51,734 [s0-server-thread1] INFO  server.RaftServerConfigKeys (ConfUtils.java:logGet(46)) - raft.server.log.appender.buffer.byte-limit = 4MB (=4194304) (default)
2023-04-27 07:11:51,734 [s0-server-thread1] INFO  server.RaftServerConfigKeys (ConfUtils.java:logGet(46)) - raft.server.log.appender.buffer.element-limit = 0 (default)
2023-04-27 07:11:51,734 [s0-server-thread1] INFO  server.RaftServerConfigKeys (ConfUtils.java:logGet(46)) - raft.server.log.appender.wait-time.min = 10ms (default)
2023-04-27 07:11:51,734 [s0-server-thread1] INFO  grpc.GrpcConfigKeys (ConfUtils.java:logGet(46)) - raft.grpc.server.leader.outstanding.appends.max = 128 (default)
2023-04-27 07:11:51,734 [s0-server-thread1] INFO  server.RaftServerConfigKeys (ConfUtils.java:logGet(46)) - raft.server.rpc.request.timeout = 3000ms (default)
2023-04-27 07:11:51,734 [s0-server-thread1] INFO  grpc.GrpcConfigKeys (ConfUtils.java:logGet(46)) - raft.grpc.server.install_snapshot.request.element-limit = 8 (default)
2023-04-27 07:11:51,735 [s0-server-thread1] INFO  grpc.GrpcConfigKeys (ConfUtils.java:logGet(46)) - raft.grpc.server.install_snapshot.request.timeout = 3000ms (default)
2023-04-27 07:11:51,735 [s0-server-thread1] INFO  server.RaftServerConfigKeys (ConfUtils.java:logGet(46)) - raft.server.log.appender.install.snapshot.enabled = true (default)
2023-04-27 07:11:51,735 [s0-server-thread1] INFO  grpc.GrpcConfigKeys (ConfUtils.java:logGet(46)) - raft.grpc.server.heartbeat.channel = true (default)
2023-04-27 07:11:51,735 [s0-server-thread1] INFO  server.RaftServerConfigKeys (ConfUtils.java:logGet(46)) - raft.server.log.appender.snapshot.chunk.size.max = 1k (=1024) (custom)
2023-04-27 07:11:51,735 [s0-server-thread1] INFO  server.RaftServerConfigKeys (ConfUtils.java:logGet(46)) - raft.server.log.appender.buffer.byte-limit = 4MB (=4194304) (default)
2023-04-27 07:11:51,735 [s0-server-thread1] INFO  server.RaftServerConfigKeys (ConfUtils.java:logGet(46)) - raft.server.log.appender.buffer.element-limit = 0 (default)
2023-04-27 07:11:51,735 [s0-server-thread1] INFO  server.RaftServerConfigKeys (ConfUtils.java:logGet(46)) - raft.server.log.appender.wait-time.min = 10ms (default)
2023-04-27 07:11:51,735 [s0-server-thread1] INFO  grpc.GrpcConfigKeys (ConfUtils.java:logGet(46)) - raft.grpc.server.leader.outstanding.appends.max = 128 (default)
2023-04-27 07:11:51,735 [s0-server-thread1] INFO  server.RaftServerConfigKeys (ConfUtils.java:logGet(46)) - raft.server.rpc.request.timeout = 3000ms (default)
2023-04-27 07:11:51,735 [s0-server-thread1] INFO  grpc.GrpcConfigKeys (ConfUtils.java:logGet(46)) - raft.grpc.server.install_snapshot.request.element-limit = 8 (default)
2023-04-27 07:11:51,735 [s0-server-thread1] INFO  grpc.GrpcConfigKeys (ConfUtils.java:logGet(46)) - raft.grpc.server.install_snapshot.request.timeout = 3000ms (default)
2023-04-27 07:11:51,735 [s0-server-thread1] INFO  server.RaftServerConfigKeys (ConfUtils.java:logGet(46)) - raft.server.log.appender.install.snapshot.enabled = true (default)
2023-04-27 07:11:51,735 [s0-server-thread1] INFO  grpc.GrpcConfigKeys (ConfUtils.java:logGet(46)) - raft.grpc.server.heartbeat.channel = true (default)
2023-04-27 07:11:51,739 [s0@group-B3196483C112->s1-GrpcLogAppender-LogAppenderDaemon] INFO  server.GrpcLogAppender (GrpcLogAppender.java:installSnapshot(598)) - s0@group-B3196483C112->s1-GrpcLogAppender: followerNextIndex = 0 but logStartIndex = 0, send snapshot FileListSnapshotInfo(t:1, i:191):[/home/runner/work/ratis/ratis/ratis-test/target/test/data/a5c97c2c/MiniRaftClusterWithGrpc34152d09/s0/bee39ca3-be4d-4458-b8c0-b3196483c112/sm/snapshot/1.bin, /home/runner/work/ratis/ratis/ratis-test/target/test/data/a5c97c2c/MiniRaftClusterWithGrpc34152d09/s0/bee39ca3-be4d-4458-b8c0-b3196483c112/sm/snapshot/sub/2.bin, /home/runner/work/ratis/ratis/ratis-test/target/test/data/a5c97c2c/MiniRaftClusterWithGrpc34152d09/s0/bee39ca3-be4d-4458-b8c0-b3196483c112/sm/snapshot.1_191] to follower
2023-04-27 07:11:51,739 [s0@group-B3196483C112->s2-GrpcLogAppender-LogAppenderDaemon] INFO  server.GrpcLogAppender (GrpcLogAppender.java:installSnapshot(598)) - s0@group-B3196483C112->s2-GrpcLogAppender: followerNextIndex = 0 but logStartIndex = 0, send snapshot FileListSnapshotInfo(t:1, i:191):[/home/runner/work/ratis/ratis/ratis-test/target/test/data/a5c97c2c/MiniRaftClusterWithGrpc34152d09/s0/bee39ca3-be4d-4458-b8c0-b3196483c112/sm/snapshot/1.bin, /home/runner/work/ratis/ratis/ratis-test/target/test/data/a5c97c2c/MiniRaftClusterWithGrpc34152d09/s0/bee39ca3-be4d-4458-b8c0-b3196483c112/sm/snapshot/sub/2.bin, /home/runner/work/ratis/ratis/ratis-test/target/test/data/a5c97c2c/MiniRaftClusterWithGrpc34152d09/s0/bee39ca3-be4d-4458-b8c0-b3196483c112/sm/snapshot.1_191] to follower
2023-04-27 07:11:51,739 [s0@group-B3196483C112->s1-GrpcLogAppender-LogAppenderDaemon] INFO  server.GrpcServerProtocolClient (GrpcServerProtocolClient.java:<init>(65)) - Build channel for s1
2023-04-27 07:11:51,742 [s0@group-B3196483C112->s2-GrpcLogAppender-LogAppenderDaemon] INFO  server.GrpcServerProtocolClient (GrpcServerProtocolClient.java:<init>(65)) - Build channel for s2
2023-04-27 07:11:51,751 [grpc-default-executor-1] INFO  impl.SnapshotInstallationHandler (SnapshotInstallationHandler.java:installSnapshot(89)) - s1@group-B3196483C112: receive installSnapshot: s0->s1#0-t1,chunk:b6e75d6e-100f-483a-9fd2-d318306c7f76,0
2023-04-27 07:11:51,752 [grpc-default-executor-1] INFO  server.RaftServer$Division (ServerState.java:setLeader(260)) - s1@group-B3196483C112: change Leader from null to s0 at term 1 for installSnapshot, leader elected after 58ms
2023-04-27 07:11:51,753 [grpc-default-executor-1] TRACE util.FileUtils (LogUtils.java:runAndLog(49)) - Successfully ran Files.createDirectories /home/runner/work/ratis/ratis/ratis-test/target/test/data/a5c97c2c/MiniRaftClusterWithGrpc34152d09/s1/bee39ca3-be4d-4458-b8c0-b3196483c112/tmp/snapshot-b6e75d6e-100f-483a-9fd2-d318306c7f76
2023-04-27 07:11:51,753 [grpc-default-executor-1] INFO  storage.SnapshotManager (SnapshotManager.java:installSnapshot(89)) - Installing snapshot:s0->s1#0-t1,chunk:b6e75d6e-100f-483a-9fd2-d318306c7f76,0, to tmp dir:/home/runner/work/ratis/ratis/ratis-test/target/test/data/a5c97c2c/MiniRaftClusterWithGrpc34152d09/s1/bee39ca3-be4d-4458-b8c0-b3196483c112/tmp/snapshot-b6e75d6e-100f-483a-9fd2-d318306c7f76
2023-04-27 07:11:51,753 [grpc-default-executor-1] TRACE util.FileUtils (LogUtils.java:runAndLog(49)) - Successfully ran Files.createDirectories /home/runner/work/ratis/ratis/ratis-test/target/test/data/a5c97c2c/MiniRaftClusterWithGrpc34152d09/s1/bee39ca3-be4d-4458-b8c0-b3196483c112/tmp/snapshot-b6e75d6e-100f-483a-9fd2-d318306c7f76/snapshot
2023-04-27 07:11:51,754 [grpc-default-executor-1] INFO  impl.SnapshotInstallationHandler (SnapshotInstallationHandler.java:installSnapshotImpl(134)) - s1@group-B3196483C112: set new configuration configurationEntry {
  peers {
    id: "s0"
    address: "localhost:37451"
    dataStreamAddress: "localhost:38867"
    clientAddress: "localhost:35727"
    adminAddress: "localhost:41075"
    startupRole: FOLLOWER
  }
}
 from snapshot
2023-04-27 07:11:51,755 [grpc-default-executor-1] INFO  server.RaftServer$Division (ServerState.java:setRaftConf(377)) - s1@group-B3196483C112: set configuration 0: peers:[s0|rpc:localhost:37451|admin:localhost:41075|client:localhost:35727|dataStream:localhost:38867|priority:0|startupRole:FOLLOWER]|listeners:[], old=null
2023-04-27 07:11:51,755 [grpc-default-executor-1] INFO  impl.SnapshotInstallationHandler (SnapshotInstallationHandler.java:installSnapshot(100)) - s1@group-B3196483C112: reply installSnapshot: s0<-s1#0:OK-t0,SUCCESS,requestIndex=0
2023-04-27 07:11:51,756 [grpc-default-executor-2] INFO  server.GrpcLogAppender (GrpcLogAppender.java:onNext(504)) - s0@group-B3196483C112->s1-InstallSnapshotResponseHandler: received the first reply s0<-s1#0:OK-t0,SUCCESS,requestIndex=0
2023-04-27 07:11:51,756 [grpc-default-executor-2] INFO  server.GrpcLogAppender (GrpcLogAppender.java:onNext(517)) - s0@group-B3196483C112->s1-InstallSnapshotResponseHandler: Completed InstallSnapshot. Reply: serverReply {
  requestorId: "s0"
  replyId: "s1"
  raftGroupId {
    id: "\276\343\234\243\276MDX\270\300\263\031d\203\301\022"
  }
  success: true
}
requestIndex: 0

2023-04-27 07:11:51,756 [grpc-default-executor-2] INFO  leader.FollowerInfo (FollowerInfoImpl.java:setAttemptedToInstallSnapshot(126)) - Follower s0@group-B3196483C112->s1 acknowledged installing snapshot
2023-04-27 07:11:51,757 [grpc-default-executor-1] INFO  impl.SnapshotInstallationHandler (SnapshotInstallationHandler.java:installSnapshot(89)) - s1@group-B3196483C112: receive installSnapshot: s0->s1#0-t1,chunk:b6e75d6e-100f-483a-9fd2-d318306c7f76,1
2023-04-27 07:11:51,757 [grpc-default-executor-1] TRACE util.FileUtils (LogUtils.java:runAndLog(49)) - Successfully ran Files.createDirectories /home/runner/work/ratis/ratis/ratis-test/target/test/data/a5c97c2c/MiniRaftClusterWithGrpc34152d09/s1/bee39ca3-be4d-4458-b8c0-b3196483c112/tmp/snapshot-b6e75d6e-100f-483a-9fd2-d318306c7f76
2023-04-27 07:11:51,757 [grpc-default-executor-1] INFO  storage.SnapshotManager (SnapshotManager.java:installSnapshot(89)) - Installing snapshot:s0->s1#0-t1,chunk:b6e75d6e-100f-483a-9fd2-d318306c7f76,1, to tmp dir:/home/runner/work/ratis/ratis/ratis-test/target/test/data/a5c97c2c/MiniRaftClusterWithGrpc34152d09/s1/bee39ca3-be4d-4458-b8c0-b3196483c112/tmp/snapshot-b6e75d6e-100f-483a-9fd2-d318306c7f76
2023-04-27 07:11:51,757 [grpc-default-executor-1] TRACE util.FileUtils (LogUtils.java:runAndLog(49)) - Successfully ran Files.createDirectories /home/runner/work/ratis/ratis/ratis-test/target/test/data/a5c97c2c/MiniRaftClusterWithGrpc34152d09/s1/bee39ca3-be4d-4458-b8c0-b3196483c112/tmp/snapshot-b6e75d6e-100f-483a-9fd2-d318306c7f76/snapshot/sub
2023-04-27 07:11:51,757 [grpc-default-executor-1] INFO  impl.SnapshotInstallationHandler (SnapshotInstallationHandler.java:installSnapshot(100)) - s1@group-B3196483C112: reply installSnapshot: s0<-s1#0:OK-t1,SUCCESS,requestIndex=1
2023-04-27 07:11:51,758 [grpc-default-executor-2] INFO  server.GrpcLogAppender (GrpcLogAppender.java:onNext(504)) - s0@group-B3196483C112->s1-InstallSnapshotResponseHandler: received a reply s0<-s1#0:OK-t1,SUCCESS,requestIndex=1
2023-04-27 07:11:51,758 [grpc-default-executor-2] INFO  server.GrpcLogAppender (GrpcLogAppender.java:onNext(517)) - s0@group-B3196483C112->s1-InstallSnapshotResponseHandler: Completed InstallSnapshot. Reply: serverReply {
  requestorId: "s0"
  replyId: "s1"
  raftGroupId {
    id: "\276\343\234\243\276MDX\270\300\263\031d\203\301\022"
  }
  success: true
}
term: 1
requestIndex: 1

2023-04-27 07:11:51,758 [grpc-default-executor-2] INFO  leader.FollowerInfo (FollowerInfoImpl.java:setAttemptedToInstallSnapshot(126)) - Follower s0@group-B3196483C112->s1 acknowledged installing snapshot
2023-04-27 07:11:51,761 [grpc-default-executor-1] INFO  impl.SnapshotInstallationHandler (SnapshotInstallationHandler.java:installSnapshot(89)) - s1@group-B3196483C112: receive installSnapshot: s0->s1#0-t1,chunk:b6e75d6e-100f-483a-9fd2-d318306c7f76,2
2023-04-27 07:11:51,761 [grpc-default-executor-1] TRACE util.FileUtils (LogUtils.java:runAndLog(49)) - Successfully ran Files.createDirectories /home/runner/work/ratis/ratis/ratis-test/target/test/data/a5c97c2c/MiniRaftClusterWithGrpc34152d09/s1/bee39ca3-be4d-4458-b8c0-b3196483c112/tmp/snapshot-b6e75d6e-100f-483a-9fd2-d318306c7f76
2023-04-27 07:11:51,761 [grpc-default-executor-1] INFO  storage.SnapshotManager (SnapshotManager.java:installSnapshot(89)) - Installing snapshot:s0->s1#0-t1,chunk:b6e75d6e-100f-483a-9fd2-d318306c7f76,2, to tmp dir:/home/runner/work/ratis/ratis/ratis-test/target/test/data/a5c97c2c/MiniRaftClusterWithGrpc34152d09/s1/bee39ca3-be4d-4458-b8c0-b3196483c112/tmp/snapshot-b6e75d6e-100f-483a-9fd2-d318306c7f76
2023-04-27 07:11:51,761 [grpc-default-executor-1] TRACE util.FileUtils (LogUtils.java:runAndLog(49)) - Successfully ran Files.createDirectories /home/runner/work/ratis/ratis/ratis-test/target/test/data/a5c97c2c/MiniRaftClusterWithGrpc34152d09/s1/bee39ca3-be4d-4458-b8c0-b3196483c112/tmp/snapshot-b6e75d6e-100f-483a-9fd2-d318306c7f76/snapshot/sub
2023-04-27 07:11:51,761 [grpc-default-executor-1] INFO  impl.SnapshotInstallationHandler (SnapshotInstallationHandler.java:installSnapshot(100)) - s1@group-B3196483C112: reply installSnapshot: s0<-s1#0:OK-t1,SUCCESS,requestIndex=2
2023-04-27 07:11:51,762 [grpc-default-executor-2] INFO  server.GrpcLogAppender (GrpcLogAppender.java:onNext(504)) - s0@group-B3196483C112->s1-InstallSnapshotResponseHandler: received a reply s0<-s1#0:OK-t1,SUCCESS,requestIndex=2
2023-04-27 07:11:51,762 [grpc-default-executor-2] INFO  server.GrpcLogAppender (GrpcLogAppender.java:onNext(517)) - s0@group-B3196483C112->s1-InstallSnapshotResponseHandler: Completed InstallSnapshot. Reply: serverReply {
  requestorId: "s0"
  replyId: "s1"
  raftGroupId {
    id: "\276\343\234\243\276MDX\270\300\263\031d\203\301\022"
  }
  success: true
}
term: 1
requestIndex: 2

2023-04-27 07:11:51,762 [grpc-default-executor-2] INFO  leader.FollowerInfo (FollowerInfoImpl.java:setAttemptedToInstallSnapshot(126)) - Follower s0@group-B3196483C112->s1 acknowledged installing snapshot
2023-04-27 07:11:51,765 [grpc-default-executor-1] INFO  impl.SnapshotInstallationHandler (SnapshotInstallationHandler.java:installSnapshot(89)) - s1@group-B3196483C112: receive installSnapshot: s0->s1#0-t1,chunk:b6e75d6e-100f-483a-9fd2-d318306c7f76,3
2023-04-27 07:11:51,765 [grpc-default-executor-1] TRACE util.FileUtils (LogUtils.java:runAndLog(49)) - Successfully ran Files.createDirectories /home/runner/work/ratis/ratis/ratis-test/target/test/data/a5c97c2c/MiniRaftClusterWithGrpc34152d09/s1/bee39ca3-be4d-4458-b8c0-b3196483c112/tmp/snapshot-b6e75d6e-100f-483a-9fd2-d318306c7f76
2023-04-27 07:11:51,765 [grpc-default-executor-1] INFO  storage.SnapshotManager (SnapshotManager.java:installSnapshot(89)) - Installing snapshot:s0->s1#0-t1,chunk:b6e75d6e-100f-483a-9fd2-d318306c7f76,3, to tmp dir:/home/runner/work/ratis/ratis/ratis-test/target/test/data/a5c97c2c/MiniRaftClusterWithGrpc34152d09/s1/bee39ca3-be4d-4458-b8c0-b3196483c112/tmp/snapshot-b6e75d6e-100f-483a-9fd2-d318306c7f76
2023-04-27 07:11:51,765 [grpc-default-executor-1] TRACE util.FileUtils (LogUtils.java:runAndLog(49)) - Successfully ran Files.createDirectories /home/runner/work/ratis/ratis/ratis-test/target/test/data/a5c97c2c/MiniRaftClusterWithGrpc34152d09/s1/bee39ca3-be4d-4458-b8c0-b3196483c112/tmp/snapshot-b6e75d6e-100f-483a-9fd2-d318306c7f76/snapshot/sub
2023-04-27 07:11:51,765 [grpc-default-executor-1] INFO  impl.SnapshotInstallationHandler (SnapshotInstallationHandler.java:installSnapshot(100)) - s1@group-B3196483C112: reply installSnapshot: s0<-s1#0:OK-t1,SUCCESS,requestIndex=3
2023-04-27 07:11:51,765 [grpc-default-executor-2] INFO  server.GrpcLogAppender (GrpcLogAppender.java:onNext(504)) - s0@group-B3196483C112->s1-InstallSnapshotResponseHandler: received a reply s0<-s1#0:OK-t1,SUCCESS,requestIndex=3
2023-04-27 07:11:51,766 [grpc-default-executor-2] INFO  server.GrpcLogAppender (GrpcLogAppender.java:onNext(517)) - s0@group-B3196483C112->s1-InstallSnapshotResponseHandler: Completed InstallSnapshot. Reply: serverReply {
  requestorId: "s0"
  replyId: "s1"
  raftGroupId {
    id: "\276\343\234\243\276MDX\270\300\263\031d\203\301\022"
  }
  success: true
}
term: 1
requestIndex: 3

2023-04-27 07:11:51,766 [grpc-default-executor-2] INFO  leader.FollowerInfo (FollowerInfoImpl.java:setAttemptedToInstallSnapshot(126)) - Follower s0@group-B3196483C112->s1 acknowledged installing snapshot
2023-04-27 07:11:51,766 [grpc-default-executor-1] INFO  impl.SnapshotInstallationHandler (SnapshotInstallationHandler.java:installSnapshot(89)) - s1@group-B3196483C112: receive installSnapshot: s0->s1#0-t1,chunk:b6e75d6e-100f-483a-9fd2-d318306c7f76,4
2023-04-27 07:11:51,766 [grpc-default-executor-1] TRACE util.FileUtils (LogUtils.java:runAndLog(49)) - Successfully ran Files.createDirectories /home/runner/work/ratis/ratis/ratis-test/target/test/data/a5c97c2c/MiniRaftClusterWithGrpc34152d09/s1/bee39ca3-be4d-4458-b8c0-b3196483c112/tmp/snapshot-b6e75d6e-100f-483a-9fd2-d318306c7f76
2023-04-27 07:11:51,766 [grpc-default-executor-1] INFO  storage.SnapshotManager (SnapshotManager.java:installSnapshot(89)) - Installing snapshot:s0->s1#0-t1,chunk:b6e75d6e-100f-483a-9fd2-d318306c7f76,4, to tmp dir:/home/runner/work/ratis/ratis/ratis-test/target/test/data/a5c97c2c/MiniRaftClusterWithGrpc34152d09/s1/bee39ca3-be4d-4458-b8c0-b3196483c112/tmp/snapshot-b6e75d6e-100f-483a-9fd2-d318306c7f76
2023-04-27 07:11:51,766 [grpc-default-executor-1] TRACE util.FileUtils (LogUtils.java:runAndLog(49)) - Successfully ran Files.createDirectories /home/runner/work/ratis/ratis/ratis-test/target/test/data/a5c97c2c/MiniRaftClusterWithGrpc34152d09/s1/bee39ca3-be4d-4458-b8c0-b3196483c112/tmp/snapshot-b6e75d6e-100f-483a-9fd2-d318306c7f76/snapshot/sub
2023-04-27 07:11:51,769 [grpc-default-executor-1] INFO  impl.SnapshotInstallationHandler (SnapshotInstallationHandler.java:installSnapshot(100)) - s1@group-B3196483C112: reply installSnapshot: s0<-s1#0:OK-t1,SUCCESS,requestIndex=4
2023-04-27 07:11:51,769 [grpc-default-executor-2] INFO  server.GrpcLogAppender (GrpcLogAppender.java:onNext(504)) - s0@group-B3196483C112->s1-InstallSnapshotResponseHandler: received a reply s0<-s1#0:OK-t1,SUCCESS,requestIndex=4
2023-04-27 07:11:51,769 [grpc-default-executor-2] INFO  server.GrpcLogAppender (GrpcLogAppender.java:onNext(517)) - s0@group-B3196483C112->s1-InstallSnapshotResponseHandler: Completed InstallSnapshot. Reply: serverReply {
  requestorId: "s0"
  replyId: "s1"
  raftGroupId {
    id: "\276\343\234\243\276MDX\270\300\263\031d\203\301\022"
  }
  success: true
}
term: 1
requestIndex: 4

2023-04-27 07:11:51,769 [grpc-default-executor-2] INFO  leader.FollowerInfo (FollowerInfoImpl.java:setAttemptedToInstallSnapshot(126)) - Follower s0@group-B3196483C112->s1 acknowledged installing snapshot
2023-04-27 07:11:51,769 [grpc-default-executor-1] INFO  impl.SnapshotInstallationHandler (SnapshotInstallationHandler.java:installSnapshot(89)) - s1@group-B3196483C112: receive installSnapshot: s0->s1#0-t1,chunk:b6e75d6e-100f-483a-9fd2-d318306c7f76,5
2023-04-27 07:11:51,770 [grpc-default-executor-1] TRACE util.FileUtils (LogUtils.java:runAndLog(49)) - Successfully ran Files.createDirectories /home/runner/work/ratis/ratis/ratis-test/target/test/data/a5c97c2c/MiniRaftClusterWithGrpc34152d09/s1/bee39ca3-be4d-4458-b8c0-b3196483c112/tmp/snapshot-b6e75d6e-100f-483a-9fd2-d318306c7f76
2023-04-27 07:11:51,770 [grpc-default-executor-1] INFO  storage.SnapshotManager (SnapshotManager.java:installSnapshot(89)) - Installing snapshot:s0->s1#0-t1,chunk:b6e75d6e-100f-483a-9fd2-d318306c7f76,5, to tmp dir:/home/runner/work/ratis/ratis/ratis-test/target/test/data/a5c97c2c/MiniRaftClusterWithGrpc34152d09/s1/bee39ca3-be4d-4458-b8c0-b3196483c112/tmp/snapshot-b6e75d6e-100f-483a-9fd2-d318306c7f76
2023-04-27 07:11:51,770 [grpc-default-executor-1] TRACE util.FileUtils (LogUtils.java:runAndLog(49)) - Successfully ran Files.createDirectories /home/runner/work/ratis/ratis/ratis-test/target/test/data/a5c97c2c/MiniRaftClusterWithGrpc34152d09/s1/bee39ca3-be4d-4458-b8c0-b3196483c112/tmp/snapshot-b6e75d6e-100f-483a-9fd2-d318306c7f76
2023-04-27 07:11:51,770 [grpc-default-executor-1] INFO  impl.SnapshotInstallationHandler (SnapshotInstallationHandler.java:installSnapshot(100)) - s1@group-B3196483C112: reply installSnapshot: s0<-s1#0:OK-t1,SUCCESS,requestIndex=5
2023-04-27 07:11:51,770 [grpc-default-executor-2] INFO  server.GrpcLogAppender (GrpcLogAppender.java:onNext(504)) - s0@group-B3196483C112->s1-InstallSnapshotResponseHandler: received a reply s0<-s1#0:OK-t1,SUCCESS,requestIndex=5
2023-04-27 07:11:51,771 [grpc-default-executor-2] INFO  server.GrpcLogAppender (GrpcLogAppender.java:onNext(517)) - s0@group-B3196483C112->s1-InstallSnapshotResponseHandler: Completed InstallSnapshot. Reply: serverReply {
  requestorId: "s0"
  replyId: "s1"
  raftGroupId {
    id: "\276\343\234\243\276MDX\270\300\263\031d\203\301\022"
  }
  success: true
}
term: 1
requestIndex: 5

2023-04-27 07:11:51,771 [grpc-default-executor-2] INFO  leader.FollowerInfo (FollowerInfoImpl.java:setAttemptedToInstallSnapshot(126)) - Follower s0@group-B3196483C112->s1 acknowledged installing snapshot
2023-04-27 07:11:51,771 [grpc-default-executor-1] INFO  impl.SnapshotInstallationHandler (SnapshotInstallationHandler.java:installSnapshot(89)) - s1@group-B3196483C112: receive installSnapshot: s0->s1#0-t1,chunk:b6e75d6e-100f-483a-9fd2-d318306c7f76,6
2023-04-27 07:11:51,772 [grpc-default-executor-1] TRACE util.FileUtils (LogUtils.java:runAndLog(49)) - Successfully ran Files.createDirectories /home/runner/work/ratis/ratis/ratis-test/target/test/data/a5c97c2c/MiniRaftClusterWithGrpc34152d09/s1/bee39ca3-be4d-4458-b8c0-b3196483c112/tmp/snapshot-b6e75d6e-100f-483a-9fd2-d318306c7f76
2023-04-27 07:11:51,772 [grpc-default-executor-1] INFO  storage.SnapshotManager (SnapshotManager.java:installSnapshot(89)) - Installing snapshot:s0->s1#0-t1,chunk:b6e75d6e-100f-483a-9fd2-d318306c7f76,6, to tmp dir:/home/runner/work/ratis/ratis/ratis-test/target/test/data/a5c97c2c/MiniRaftClusterWithGrpc34152d09/s1/bee39ca3-be4d-4458-b8c0-b3196483c112/tmp/snapshot-b6e75d6e-100f-483a-9fd2-d318306c7f76
2023-04-27 07:11:51,772 [grpc-default-executor-1] TRACE util.FileUtils (LogUtils.java:runAndLog(49)) - Successfully ran Files.createDirectories /home/runner/work/ratis/ratis/ratis-test/target/test/data/a5c97c2c/MiniRaftClusterWithGrpc34152d09/s1/bee39ca3-be4d-4458-b8c0-b3196483c112/tmp/snapshot-b6e75d6e-100f-483a-9fd2-d318306c7f76
2023-04-27 07:11:51,772 [grpc-default-executor-1] INFO  impl.SnapshotInstallationHandler (SnapshotInstallationHandler.java:installSnapshot(100)) - s1@group-B3196483C112: reply installSnapshot: s0<-s1#0:OK-t1,SUCCESS,requestIndex=6
2023-04-27 07:11:51,772 [grpc-default-executor-2] INFO  server.GrpcLogAppender (GrpcLogAppender.java:onNext(504)) - s0@group-B3196483C112->s1-InstallSnapshotResponseHandler: received a reply s0<-s1#0:OK-t1,SUCCESS,requestIndex=6
2023-04-27 07:11:51,772 [grpc-default-executor-2] INFO  server.GrpcLogAppender (GrpcLogAppender.java:onNext(517)) - s0@group-B3196483C112->s1-InstallSnapshotResponseHandler: Completed InstallSnapshot. Reply: serverReply {
  requestorId: "s0"
  replyId: "s1"
  raftGroupId {
    id: "\276\343\234\243\276MDX\270\300\263\031d\203\301\022"
  }
  success: true
}
term: 1
requestIndex: 6

2023-04-27 07:11:51,772 [grpc-default-executor-2] INFO  leader.FollowerInfo (FollowerInfoImpl.java:setAttemptedToInstallSnapshot(126)) - Follower s0@group-B3196483C112->s1 acknowledged installing snapshot
2023-04-27 07:11:51,777 [grpc-default-executor-2] INFO  impl.SnapshotInstallationHandler (SnapshotInstallationHandler.java:installSnapshot(89)) - s2@group-B3196483C112: receive installSnapshot: s0->s2#0-t1,chunk:d678385a-9858-4ecc-bc6b-5a87f381fd24,0
2023-04-27 07:11:51,778 [grpc-default-executor-1] INFO  impl.SnapshotInstallationHandler (SnapshotInstallationHandler.java:installSnapshot(89)) - s1@group-B3196483C112: receive installSnapshot: s0->s1#0-t1,chunk:b6e75d6e-100f-483a-9fd2-d318306c7f76,7
2023-04-27 07:11:51,778 [grpc-default-executor-2] INFO  server.RaftServer$Division (ServerState.java:setLeader(260)) - s2@group-B3196483C112: change Leader from null to s0 at term 1 for installSnapshot, leader elected after 79ms
2023-04-27 07:11:51,781 [grpc-default-executor-2] TRACE util.FileUtils (LogUtils.java:runAndLog(49)) - Successfully ran Files.createDirectories /home/runner/work/ratis/ratis/ratis-test/target/test/data/a5c97c2c/MiniRaftClusterWithGrpc34152d09/s2/bee39ca3-be4d-4458-b8c0-b3196483c112/tmp/snapshot-d678385a-9858-4ecc-bc6b-5a87f381fd24
2023-04-27 07:11:51,781 [grpc-default-executor-2] INFO  storage.SnapshotManager (SnapshotManager.java:installSnapshot(89)) - Installing snapshot:s0->s2#0-t1,chunk:d678385a-9858-4ecc-bc6b-5a87f381fd24,0, to tmp dir:/home/runner/work/ratis/ratis/ratis-test/target/test/data/a5c97c2c/MiniRaftClusterWithGrpc34152d09/s2/bee39ca3-be4d-4458-b8c0-b3196483c112/tmp/snapshot-d678385a-9858-4ecc-bc6b-5a87f381fd24
2023-04-27 07:11:51,781 [grpc-default-executor-2] TRACE util.FileUtils (LogUtils.java:runAndLog(49)) - Successfully ran Files.createDirectories /home/runner/work/ratis/ratis/ratis-test/target/test/data/a5c97c2c/MiniRaftClusterWithGrpc34152d09/s2/bee39ca3-be4d-4458-b8c0-b3196483c112/tmp/snapshot-d678385a-9858-4ecc-bc6b-5a87f381fd24/snapshot
2023-04-27 07:11:51,782 [grpc-default-executor-1] TRACE util.FileUtils (LogUtils.java:runAndLog(49)) - Successfully ran Files.createDirectories /home/runner/work/ratis/ratis/ratis-test/target/test/data/a5c97c2c/MiniRaftClusterWithGrpc34152d09/s1/bee39ca3-be4d-4458-b8c0-b3196483c112/tmp/snapshot-b6e75d6e-100f-483a-9fd2-d318306c7f76
2023-04-27 07:11:51,783 [grpc-default-executor-2] INFO  impl.SnapshotInstallationHandler (SnapshotInstallationHandler.java:installSnapshotImpl(134)) - s2@group-B3196483C112: set new configuration configurationEntry {
  peers {
    id: "s0"
    address: "localhost:37451"
    dataStreamAddress: "localhost:38867"
    clientAddress: "localhost:35727"
    adminAddress: "localhost:41075"
    startupRole: FOLLOWER
  }
}
 from snapshot
2023-04-27 07:11:51,784 [grpc-default-executor-2] INFO  server.RaftServer$Division (ServerState.java:setRaftConf(377)) - s2@group-B3196483C112: set configuration 0: peers:[s0|rpc:localhost:37451|admin:localhost:41075|client:localhost:35727|dataStream:localhost:38867|priority:0|startupRole:FOLLOWER]|listeners:[], old=null
2023-04-27 07:11:51,784 [grpc-default-executor-2] INFO  impl.SnapshotInstallationHandler (SnapshotInstallationHandler.java:installSnapshot(100)) - s2@group-B3196483C112: reply installSnapshot: s0<-s2#0:OK-t0,SUCCESS,requestIndex=0
2023-04-27 07:11:51,785 [grpc-default-executor-2] INFO  impl.SnapshotInstallationHandler (SnapshotInstallationHandler.java:installSnapshot(89)) - s2@group-B3196483C112: receive installSnapshot: s0->s2#0-t1,chunk:d678385a-9858-4ecc-bc6b-5a87f381fd24,1
2023-04-27 07:11:51,785 [grpc-default-executor-2] TRACE util.FileUtils (LogUtils.java:runAndLog(49)) - Successfully ran Files.createDirectories /home/runner/work/ratis/ratis/ratis-test/target/test/data/a5c97c2c/MiniRaftClusterWithGrpc34152d09/s2/bee39ca3-be4d-4458-b8c0-b3196483c112/tmp/snapshot-d678385a-9858-4ecc-bc6b-5a87f381fd24
2023-04-27 07:11:51,785 [grpc-default-executor-2] INFO  storage.SnapshotManager (SnapshotManager.java:installSnapshot(89)) - Installing snapshot:s0->s2#0-t1,chunk:d678385a-9858-4ecc-bc6b-5a87f381fd24,1, to tmp dir:/home/runner/work/ratis/ratis/ratis-test/target/test/data/a5c97c2c/MiniRaftClusterWithGrpc34152d09/s2/bee39ca3-be4d-4458-b8c0-b3196483c112/tmp/snapshot-d678385a-9858-4ecc-bc6b-5a87f381fd24
2023-04-27 07:11:51,785 [grpc-default-executor-2] TRACE util.FileUtils (LogUtils.java:runAndLog(49)) - Successfully ran Files.createDirectories /home/runner/work/ratis/ratis/ratis-test/target/test/data/a5c97c2c/MiniRaftClusterWithGrpc34152d09/s2/bee39ca3-be4d-4458-b8c0-b3196483c112/tmp/snapshot-d678385a-9858-4ecc-bc6b-5a87f381fd24/snapshot/sub
2023-04-27 07:11:51,785 [grpc-default-executor-2] INFO  impl.SnapshotInstallationHandler (SnapshotInstallationHandler.java:installSnapshot(100)) - s2@group-B3196483C112: reply installSnapshot: s0<-s2#0:OK-t1,SUCCESS,requestIndex=1
2023-04-27 07:11:51,785 [grpc-default-executor-1] INFO  storage.SnapshotManager (SnapshotManager.java:installSnapshot(89)) - Installing snapshot:s0->s1#0-t1,chunk:b6e75d6e-100f-483a-9fd2-d318306c7f76,7, to tmp dir:/home/runner/work/ratis/ratis/ratis-test/target/test/data/a5c97c2c/MiniRaftClusterWithGrpc34152d09/s1/bee39ca3-be4d-4458-b8c0-b3196483c112/tmp/snapshot-b6e75d6e-100f-483a-9fd2-d318306c7f76
2023-04-27 07:11:51,785 [grpc-default-executor-1] TRACE util.FileUtils (LogUtils.java:runAndLog(49)) - Successfully ran Files.createDirectories /home/runner/work/ratis/ratis/ratis-test/target/test/data/a5c97c2c/MiniRaftClusterWithGrpc34152d09/s1/bee39ca3-be4d-4458-b8c0-b3196483c112/tmp/snapshot-b6e75d6e-100f-483a-9fd2-d318306c7f76
2023-04-27 07:11:51,786 [grpc-default-executor-1] INFO  impl.SnapshotInstallationHandler (SnapshotInstallationHandler.java:installSnapshot(100)) - s1@group-B3196483C112: reply installSnapshot: s0<-s1#0:OK-t1,SUCCESS,requestIndex=7
2023-04-27 07:11:51,786 [grpc-default-executor-3] INFO  server.GrpcLogAppender (GrpcLogAppender.java:onNext(504)) - s0@group-B3196483C112->s1-InstallSnapshotResponseHandler: received a reply s0<-s1#0:OK-t1,SUCCESS,requestIndex=7
2023-04-27 07:11:51,786 [grpc-default-executor-3] INFO  server.GrpcLogAppender (GrpcLogAppender.java:onNext(517)) - s0@group-B3196483C112->s1-InstallSnapshotResponseHandler: Completed InstallSnapshot. Reply: serverReply {
  requestorId: "s0"
  replyId: "s1"
  raftGroupId {
    id: "\276\343\234\243\276MDX\270\300\263\031d\203\301\022"
  }
  success: true
}
term: 1
requestIndex: 7

2023-04-27 07:11:51,786 [grpc-default-executor-3] INFO  leader.FollowerInfo (FollowerInfoImpl.java:setAttemptedToInstallSnapshot(126)) - Follower s0@group-B3196483C112->s1 acknowledged installing snapshot
2023-04-27 07:11:51,787 [grpc-default-executor-2] INFO  impl.SnapshotInstallationHandler (SnapshotInstallationHandler.java:installSnapshot(89)) - s1@group-B3196483C112: receive installSnapshot: s0->s1#0-t1,chunk:b6e75d6e-100f-483a-9fd2-d318306c7f76,8
2023-04-27 07:11:51,787 [grpc-default-executor-2] TRACE util.FileUtils (LogUtils.java:runAndLog(49)) - Successfully ran Files.createDirectories /home/runner/work/ratis/ratis/ratis-test/target/test/data/a5c97c2c/MiniRaftClusterWithGrpc34152d09/s1/bee39ca3-be4d-4458-b8c0-b3196483c112/tmp/snapshot-b6e75d6e-100f-483a-9fd2-d318306c7f76
2023-04-27 07:11:51,787 [grpc-default-executor-2] INFO  storage.SnapshotManager (SnapshotManager.java:installSnapshot(89)) - Installing snapshot:s0->s1#0-t1,chunk:b6e75d6e-100f-483a-9fd2-d318306c7f76,8, to tmp dir:/home/runner/work/ratis/ratis/ratis-test/target/test/data/a5c97c2c/MiniRaftClusterWithGrpc34152d09/s1/bee39ca3-be4d-4458-b8c0-b3196483c112/tmp/snapshot-b6e75d6e-100f-483a-9fd2-d318306c7f76
2023-04-27 07:11:51,787 [grpc-default-executor-2] TRACE util.FileUtils (LogUtils.java:runAndLog(49)) - Successfully ran Files.createDirectories /home/runner/work/ratis/ratis/ratis-test/target/test/data/a5c97c2c/MiniRaftClusterWithGrpc34152d09/s1/bee39ca3-be4d-4458-b8c0-b3196483c112/tmp/snapshot-b6e75d6e-100f-483a-9fd2-d318306c7f76
2023-04-27 07:11:51,787 [grpc-default-executor-2] INFO  impl.SnapshotInstallationHandler (SnapshotInstallationHandler.java:installSnapshot(100)) - s1@group-B3196483C112: reply installSnapshot: s0<-s1#0:OK-t1,SUCCESS,requestIndex=8
2023-04-27 07:11:51,788 [grpc-default-executor-3] INFO  server.GrpcLogAppender (GrpcLogAppender.java:onNext(504)) - s0@group-B3196483C112->s1-InstallSnapshotResponseHandler: received a reply s0<-s1#0:OK-t1,SUCCESS,requestIndex=8
2023-04-27 07:11:51,788 [grpc-default-executor-3] INFO  server.GrpcLogAppender (GrpcLogAppender.java:onNext(517)) - s0@group-B3196483C112->s1-InstallSnapshotResponseHandler: Completed InstallSnapshot. Reply: serverReply {
  requestorId: "s0"
  replyId: "s1"
  raftGroupId {
    id: "\276\343\234\243\276MDX\270\300\263\031d\203\301\022"
  }
  success: true
}
term: 1
requestIndex: 8

2023-04-27 07:11:51,788 [grpc-default-executor-3] INFO  leader.FollowerInfo (FollowerInfoImpl.java:setAttemptedToInstallSnapshot(126)) - Follower s0@group-B3196483C112->s1 acknowledged installing snapshot
2023-04-27 07:11:51,788 [grpc-default-executor-2] INFO  impl.SnapshotInstallationHandler (SnapshotInstallationHandler.java:installSnapshot(89)) - s1@group-B3196483C112: receive installSnapshot: s0->s1#0-t1,chunk:b6e75d6e-100f-483a-9fd2-d318306c7f76,9
2023-04-27 07:11:51,788 [grpc-default-executor-2] TRACE util.FileUtils (LogUtils.java:runAndLog(49)) - Successfully ran Files.createDirectories /home/runner/work/ratis/ratis/ratis-test/target/test/data/a5c97c2c/MiniRaftClusterWithGrpc34152d09/s1/bee39ca3-be4d-4458-b8c0-b3196483c112/tmp/snapshot-b6e75d6e-100f-483a-9fd2-d318306c7f76
2023-04-27 07:11:51,788 [grpc-default-executor-2] INFO  storage.SnapshotManager (SnapshotManager.java:installSnapshot(89)) - Installing snapshot:s0->s1#0-t1,chunk:b6e75d6e-100f-483a-9fd2-d318306c7f76,9, to tmp dir:/home/runner/work/ratis/ratis/ratis-test/target/test/data/a5c97c2c/MiniRaftClusterWithGrpc34152d09/s1/bee39ca3-be4d-4458-b8c0-b3196483c112/tmp/snapshot-b6e75d6e-100f-483a-9fd2-d318306c7f76
2023-04-27 07:11:51,788 [grpc-default-executor-2] TRACE util.FileUtils (LogUtils.java:runAndLog(49)) - Successfully ran Files.createDirectories /home/runner/work/ratis/ratis/ratis-test/target/test/data/a5c97c2c/MiniRaftClusterWithGrpc34152d09/s1/bee39ca3-be4d-4458-b8c0-b3196483c112/tmp/snapshot-b6e75d6e-100f-483a-9fd2-d318306c7f76
2023-04-27 07:11:51,789 [grpc-default-executor-2] INFO  impl.SnapshotInstallationHandler (SnapshotInstallationHandler.java:installSnapshot(100)) - s1@group-B3196483C112: reply installSnapshot: s0<-s1#0:OK-t1,SUCCESS,requestIndex=9
2023-04-27 07:11:51,789 [grpc-default-executor-3] INFO  server.GrpcLogAppender (GrpcLogAppender.java:onNext(504)) - s0@group-B3196483C112->s1-InstallSnapshotResponseHandler: received a reply s0<-s1#0:OK-t1,SUCCESS,requestIndex=9
2023-04-27 07:11:51,789 [grpc-default-executor-3] INFO  server.GrpcLogAppender (GrpcLogAppender.java:onNext(517)) - s0@group-B3196483C112->s1-InstallSnapshotResponseHandler: Completed InstallSnapshot. Reply: serverReply {
  requestorId: "s0"
  replyId: "s1"
  raftGroupId {
    id: "\276\343\234\243\276MDX\270\300\263\031d\203\301\022"
  }
  success: true
}
term: 1
requestIndex: 9

2023-04-27 07:11:51,789 [grpc-default-executor-3] INFO  leader.FollowerInfo (FollowerInfoImpl.java:setAttemptedToInstallSnapshot(126)) - Follower s0@group-B3196483C112->s1 acknowledged installing snapshot
2023-04-27 07:11:51,789 [grpc-default-executor-2] INFO  impl.SnapshotInstallationHandler (SnapshotInstallationHandler.java:installSnapshot(89)) - s1@group-B3196483C112: receive installSnapshot: s0->s1#0-t1,chunk:b6e75d6e-100f-483a-9fd2-d318306c7f76,10
2023-04-27 07:11:51,789 [grpc-default-executor-2] TRACE util.FileUtils (LogUtils.java:runAndLog(49)) - Successfully ran Files.createDirectories /home/runner/work/ratis/ratis/ratis-test/target/test/data/a5c97c2c/MiniRaftClusterWithGrpc34152d09/s1/bee39ca3-be4d-4458-b8c0-b3196483c112/tmp/snapshot-b6e75d6e-100f-483a-9fd2-d318306c7f76
2023-04-27 07:11:51,790 [grpc-default-executor-2] INFO  storage.SnapshotManager (SnapshotManager.java:installSnapshot(89)) - Installing snapshot:s0->s1#0-t1,chunk:b6e75d6e-100f-483a-9fd2-d318306c7f76,10, to tmp dir:/home/runner/work/ratis/ratis/ratis-test/target/test/data/a5c97c2c/MiniRaftClusterWithGrpc34152d09/s1/bee39ca3-be4d-4458-b8c0-b3196483c112/tmp/snapshot-b6e75d6e-100f-483a-9fd2-d318306c7f76
2023-04-27 07:11:51,790 [grpc-default-executor-2] TRACE util.FileUtils (LogUtils.java:runAndLog(49)) - Successfully ran Files.createDirectories /home/runner/work/ratis/ratis/ratis-test/target/test/data/a5c97c2c/MiniRaftClusterWithGrpc34152d09/s1/bee39ca3-be4d-4458-b8c0-b3196483c112/tmp/snapshot-b6e75d6e-100f-483a-9fd2-d318306c7f76
2023-04-27 07:11:51,790 [grpc-default-executor-1] INFO  server.GrpcLogAppender (GrpcLogAppender.java:onNext(504)) - s0@group-B3196483C112->s2-InstallSnapshotResponseHandler: received the first reply s0<-s2#0:OK-t0,SUCCESS,requestIndex=0
2023-04-27 07:11:51,790 [grpc-default-executor-1] INFO  server.GrpcLogAppender (GrpcLogAppender.java:onNext(517)) - s0@group-B3196483C112->s2-InstallSnapshotResponseHandler: Completed InstallSnapshot. Reply: serverReply {
  requestorId: "s0"
  replyId: "s2"
  raftGroupId {
    id: "\276\343\234\243\276MDX\270\300\263\031d\203\301\022"
  }
  success: true
}
requestIndex: 0

2023-04-27 07:11:51,790 [grpc-default-executor-1] INFO  leader.FollowerInfo (FollowerInfoImpl.java:setAttemptedToInstallSnapshot(126)) - Follower s0@group-B3196483C112->s2 acknowledged installing snapshot
2023-04-27 07:11:51,790 [grpc-default-executor-1] INFO  server.GrpcLogAppender (GrpcLogAppender.java:onNext(504)) - s0@group-B3196483C112->s2-InstallSnapshotResponseHandler: received a reply s0<-s2#0:OK-t1,SUCCESS,requestIndex=1
2023-04-27 07:11:51,791 [grpc-default-executor-1] INFO  server.GrpcLogAppender (GrpcLogAppender.java:onNext(517)) - s0@group-B3196483C112->s2-InstallSnapshotResponseHandler: Completed InstallSnapshot. Reply: serverReply {
  requestorId: "s0"
  replyId: "s2"
  raftGroupId {
    id: "\276\343\234\243\276MDX\270\300\263\031d\203\301\022"
  }
  success: true
}
term: 1
requestIndex: 1

2023-04-27 07:11:51,791 [grpc-default-executor-1] INFO  leader.FollowerInfo (FollowerInfoImpl.java:setAttemptedToInstallSnapshot(126)) - Follower s0@group-B3196483C112->s2 acknowledged installing snapshot
2023-04-27 07:11:51,793 [grpc-default-executor-0] WARN  server.GrpcServerProtocolService (LogUtils.java:warn(122)) - s2: INSTALL_SNAPSHOT onError, lastRequest: s0->s2#0-t1,chunk:d678385a-9858-4ecc-bc6b-5a87f381fd24,1: org.apache.ratis.thirdparty.io.grpc.StatusRuntimeException: CANCELLED: client cancelled
2023-04-27 07:11:51,793 [grpc-default-executor-2] INFO  storage.SnapshotManager (SnapshotManager.java:rename(168)) - Installed snapshot, renaming temporary dir /home/runner/work/ratis/ratis/ratis-test/target/test/data/a5c97c2c/MiniRaftClusterWithGrpc34152d09/s1/bee39ca3-be4d-4458-b8c0-b3196483c112/tmp/snapshot-b6e75d6e-100f-483a-9fd2-d318306c7f76 to /home/runner/work/ratis/ratis/ratis-test/target/test/data/a5c97c2c/MiniRaftClusterWithGrpc34152d09/s1/bee39ca3-be4d-4458-b8c0-b3196483c112/sm
2023-04-27 07:11:51,793 [grpc-default-executor-2] TRACE util.FileUtils (LogUtils.java:runAndLog(49)) - Successfully ran Atomic Files.move /home/runner/work/ratis/ratis/ratis-test/target/test/data/a5c97c2c/MiniRaftClusterWithGrpc34152d09/s1/bee39ca3-be4d-4458-b8c0-b3196483c112/sm to /home/runner/work/ratis/ratis/ratis-test/target/test/data/a5c97c2c/MiniRaftClusterWithGrpc34152d09/s1/bee39ca3-be4d-4458-b8c0-b3196483c112/sm.tmp20230427-071151_793
2023-04-27 07:11:51,793 [grpc-default-executor-2] TRACE util.FileUtils (LogUtils.java:runAndLog(49)) - Successfully ran Atomic Files.move /home/runner/work/ratis/ratis/ratis-test/target/test/data/a5c97c2c/MiniRaftClusterWithGrpc34152d09/s1/bee39ca3-be4d-4458-b8c0-b3196483c112/tmp/snapshot-b6e75d6e-100f-483a-9fd2-d318306c7f76 to /home/runner/work/ratis/ratis/ratis-test/target/test/data/a5c97c2c/MiniRaftClusterWithGrpc34152d09/s1/bee39ca3-be4d-4458-b8c0-b3196483c112/sm
2023-04-27 07:11:51,793 [grpc-default-executor-2] TRACE util.FileUtils (FileUtils.java:deleteFully(201)) - deleteFully /home/runner/work/ratis/ratis/ratis-test/target/test/data/a5c97c2c/MiniRaftClusterWithGrpc34152d09/s1/bee39ca3-be4d-4458-b8c0-b3196483c112/sm.tmp20230427-071151_793
2023-04-27 07:11:51,793 [grpc-default-executor-2] TRACE util.FileUtils (LogUtils.java:runAndLog(49)) - Successfully ran Files.delete /home/runner/work/ratis/ratis/ratis-test/target/test/data/a5c97c2c/MiniRaftClusterWithGrpc34152d09/s1/bee39ca3-be4d-4458-b8c0-b3196483c112/sm.tmp20230427-071151_793
2023-04-27 07:11:51,793 [s1@group-B3196483C112-StateMachineUpdater] INFO  impl.SimpleStateMachine4Testing (SimpleStateMachine4Testing.java:reinitialize(236)) - Reinitializing StateMachineWithMultiNestedSnapshotFile:s1:group-B3196483C112
2023-04-27 07:11:51,794 [s1@group-B3196483C112-StateMachineUpdater] INFO  impl.SimpleStateMachine4Testing (SimpleStateMachine4Testing.java:loadSnapshot(293)) - Loading snapshot SingleFileSnapshotInfo(t:1, i:191):[/home/runner/work/ratis/ratis/ratis-test/target/test/data/a5c97c2c/MiniRaftClusterWithGrpc34152d09/s1/bee39ca3-be4d-4458-b8c0-b3196483c112/sm/snapshot.1_191]
2023-04-27 07:11:51,794 [s1@group-B3196483C112-StateMachineUpdater] INFO  impl.SimpleStateMachine4Testing (SimpleStateMachine4Testing.java:put(205)) - s1: put 1, m0 -> (t:1, i:1), STATEMACHINELOGENTRY, 258@client-6B5830029C69
2023-04-27 07:11:51,794 [s1@group-B3196483C112-StateMachineUpdater] INFO  impl.SimpleStateMachine4Testing (SimpleStateMachine4Testing.java:put(205)) - s1: put 3, m1 -> (t:1, i:3), STATEMACHINELOGENTRY, 259@client-6B5830029C69
2023-04-27 07:11:51,794 [s1@group-B3196483C112-StateMachineUpdater] INFO  impl.SimpleStateMachine4Testing (SimpleStateMachine4Testing.java:put(205)) - s1: put 5, m2 -> (t:1, i:5), STATEMACHINELOGENTRY, 260@client-6B5830029C69
2023-04-27 07:11:51,794 [s1@group-B3196483C112-StateMachineUpdater] INFO  impl.SimpleStateMachine4Testing (SimpleStateMachine4Testing.java:put(205)) - s1: put 7, m3 -> (t:1, i:7), STATEMACHINELOGENTRY, 261@client-6B5830029C69
2023-04-27 07:11:51,794 [s1@group-B3196483C112-StateMachineUpdater] INFO  impl.SimpleStateMachine4Testing (SimpleStateMachine4Testing.java:put(205)) - s1: put 9, m4 -> (t:1, i:9), STATEMACHINELOGENTRY, 262@client-6B5830029C69
2023-04-27 07:11:51,794 [s1@group-B3196483C112-StateMachineUpdater] INFO  impl.SimpleStateMachine4Testing (SimpleStateMachine4Testing.java:put(205)) - s1: put 11, m5 -> (t:1, i:11), STATEMACHINELOGENTRY, 263@client-6B5830029C69
2023-04-27 07:11:51,794 [s1@group-B3196483C112-StateMachineUpdater] INFO  impl.SimpleStateMachine4Testing (SimpleStateMachine4Testing.java:put(205)) - s1: put 13, m6 -> (t:1, i:13), STATEMACHINELOGENTRY, 264@client-6B5830029C69
2023-04-27 07:11:51,794 [s1@group-B3196483C112-StateMachineUpdater] INFO  impl.SimpleStateMachine4Testing (SimpleStateMachine4Testing.java:put(205)) - s1: put 15, m7 -> (t:1, i:15), STATEMACHINELOGENTRY, 265@client-6B5830029C69
2023-04-27 07:11:51,794 [s1@group-B3196483C112-StateMachineUpdater] INFO  impl.SimpleStateMachine4Testing (SimpleStateMachine4Testing.java:put(205)) - s1: put 17, m8 -> (t:1, i:17), STATEMACHINELOGENTRY, 266@client-6B5830029C69
2023-04-27 07:11:51,794 [s1@group-B3196483C112-StateMachineUpdater] INFO  impl.SimpleStateMachine4Testing (SimpleStateMachine4Testing.java:put(205)) - s1: put 19, m9 -> (t:1, i:19), STATEMACHINELOGENTRY, 267@client-6B5830029C69
2023-04-27 07:11:51,794 [s1@group-B3196483C112-StateMachineUpdater] INFO  impl.SimpleStateMachine4Testing (SimpleStateMachine4Testing.java:put(205)) - s1: put 21, m10 -> (t:1, i:21), STATEMACHINELOGENTRY, 268@client-6B5830029C69
2023-04-27 07:11:51,794 [s1@group-B3196483C112-StateMachineUpdater] INFO  impl.SimpleStateMachine4Testing (SimpleStateMachine4Testing.java:put(205)) - s1: put 23, m11 -> (t:1, i:23), STATEMACHINELOGENTRY, 269@client-6B5830029C69
2023-04-27 07:11:51,794 [s1@group-B3196483C112-StateMachineUpdater] INFO  impl.SimpleStateMachine4Testing (SimpleStateMachine4Testing.java:put(205)) - s1: put 25, m12 -> (t:1, i:25), STATEMACHINELOGENTRY, 270@client-6B5830029C69
2023-04-27 07:11:51,795 [s1@group-B3196483C112-StateMachineUpdater] INFO  impl.SimpleStateMachine4Testing (SimpleStateMachine4Testing.java:put(205)) - s1: put 27, m13 -> (t:1, i:27), STATEMACHINELOGENTRY, 271@client-6B5830029C69
2023-04-27 07:11:51,795 [s1@group-B3196483C112-StateMachineUpdater] INFO  impl.SimpleStateMachine4Testing (SimpleStateMachine4Testing.java:put(205)) - s1: put 29, m14 -> (t:1, i:29), STATEMACHINELOGENTRY, 272@client-6B5830029C69
2023-04-27 07:11:51,795 [s1@group-B3196483C112-StateMachineUpdater] INFO  impl.SimpleStateMachine4Testing (SimpleStateMachine4Testing.java:put(205)) - s1: put 31, m15 -> (t:1, i:31), STATEMACHINELOGENTRY, 273@client-6B5830029C69
2023-04-27 07:11:51,795 [s1@group-B3196483C112-StateMachineUpdater] INFO  impl.SimpleStateMachine4Testing (SimpleStateMachine4Testing.java:put(205)) - s1: put 33, m16 -> (t:1, i:33), STATEMACHINELOGENTRY, 274@client-6B5830029C69
2023-04-27 07:11:51,795 [s1@group-B3196483C112-StateMachineUpdater] INFO  impl.SimpleStateMachine4Testing (SimpleStateMachine4Testing.java:put(205)) - s1: put 35, m17 -> (t:1, i:35), STATEMACHINELOGENTRY, 275@client-6B5830029C69
2023-04-27 07:11:51,795 [s1@group-B3196483C112-StateMachineUpdater] INFO  impl.SimpleStateMachine4Testing (SimpleStateMachine4Testing.java:put(205)) - s1: put 37, m18 -> (t:1, i:37), STATEMACHINELOGENTRY, 276@client-6B5830029C69
2023-04-27 07:11:51,795 [s1@group-B3196483C112-StateMachineUpdater] INFO  impl.SimpleStateMachine4Testing (SimpleStateMachine4Testing.java:put(205)) - s1: put 39, m19 -> (t:1, i:39), STATEMACHINELOGENTRY, 277@client-6B5830029C69
2023-04-27 07:11:51,795 [s1@group-B3196483C112-StateMachineUpdater] INFO  impl.SimpleStateMachine4Testing (SimpleStateMachine4Testing.java:put(205)) - s1: put 41, m20 -> (t:1, i:41), STATEMACHINELOGENTRY, 278@client-6B5830029C69
2023-04-27 07:11:51,795 [s1@group-B3196483C112-StateMachineUpdater] INFO  impl.SimpleStateMachine4Testing (SimpleStateMachine4Testing.java:put(205)) - s1: put 43, m21 -> (t:1, i:43), STATEMACHINELOGENTRY, 279@client-6B5830029C69
2023-04-27 07:11:51,795 [s1@group-B3196483C112-StateMachineUpdater] INFO  impl.SimpleStateMachine4Testing (SimpleStateMachine4Testing.java:put(205)) - s1: put 45, m22 -> (t:1, i:45), STATEMACHINELOGENTRY, 280@client-6B5830029C69
2023-04-27 07:11:51,795 [s1@group-B3196483C112-StateMachineUpdater] INFO  impl.SimpleStateMachine4Testing (SimpleStateMachine4Testing.java:put(205)) - s1: put 47, m23 -> (t:1, i:47), STATEMACHINELOGENTRY, 281@client-6B5830029C69
2023-04-27 07:11:51,795 [s1@group-B3196483C112-StateMachineUpdater] INFO  impl.SimpleStateMachine4Testing (SimpleStateMachine4Testing.java:put(205)) - s1: put 49, m24 -> (t:1, i:49), STATEMACHINELOGENTRY, 282@client-6B5830029C69
2023-04-27 07:11:51,795 [s1@group-B3196483C112-StateMachineUpdater] INFO  impl.SimpleStateMachine4Testing (SimpleStateMachine4Testing.java:put(205)) - s1: put 51, m25 -> (t:1, i:51), STATEMACHINELOGENTRY, 283@client-6B5830029C69
2023-04-27 07:11:51,795 [s1@group-B3196483C112-StateMachineUpdater] INFO  impl.SimpleStateMachine4Testing (SimpleStateMachine4Testing.java:put(205)) - s1: put 53, m26 -> (t:1, i:53), STATEMACHINELOGENTRY, 284@client-6B5830029C69
2023-04-27 07:11:51,795 [s1@group-B3196483C112-StateMachineUpdater] INFO  impl.SimpleStateMachine4Testing (SimpleStateMachine4Testing.java:put(205)) - s1: put 55, m27 -> (t:1, i:55), STATEMACHINELOGENTRY, 285@client-6B5830029C69
2023-04-27 07:11:51,795 [s1@group-B3196483C112-StateMachineUpdater] INFO  impl.SimpleStateMachine4Testing (SimpleStateMachine4Testing.java:put(205)) - s1: put 57, m28 -> (t:1, i:57), STATEMACHINELOGENTRY, 286@client-6B5830029C69
2023-04-27 07:11:51,795 [s1@group-B3196483C112-StateMachineUpdater] INFO  impl.SimpleStateMachine4Testing (SimpleStateMachine4Testing.java:put(205)) - s1: put 59, m29 -> (t:1, i:59), STATEMACHINELOGENTRY, 287@client-6B5830029C69
2023-04-27 07:11:51,795 [s1@group-B3196483C112-StateMachineUpdater] INFO  impl.SimpleStateMachine4Testing (SimpleStateMachine4Testing.java:put(205)) - s1: put 61, m30 -> (t:1, i:61), STATEMACHINELOGENTRY, 288@client-6B5830029C69
2023-04-27 07:11:51,795 [s1@group-B3196483C112-StateMachineUpdater] INFO  impl.SimpleStateMachine4Testing (SimpleStateMachine4Testing.java:put(205)) - s1: put 63, m31 -> (t:1, i:63), STATEMACHINELOGENTRY, 289@client-6B5830029C69
2023-04-27 07:11:51,795 [s1@group-B3196483C112-StateMachineUpdater] INFO  impl.SimpleStateMachine4Testing (SimpleStateMachine4Testing.java:put(205)) - s1: put 65, m32 -> (t:1, i:65), STATEMACHINELOGENTRY, 290@client-6B5830029C69
2023-04-27 07:11:51,795 [s1@group-B3196483C112-StateMachineUpdater] INFO  impl.SimpleStateMachine4Testing (SimpleStateMachine4Testing.java:put(205)) - s1: put 67, m33 -> (t:1, i:67), STATEMACHINELOGENTRY, 291@client-6B5830029C69
2023-04-27 07:11:51,795 [s1@group-B3196483C112-StateMachineUpdater] INFO  impl.SimpleStateMachine4Testing (SimpleStateMachine4Testing.java:put(205)) - s1: put 69, m34 -> (t:1, i:69), STATEMACHINELOGENTRY, 292@client-6B5830029C69
2023-04-27 07:11:51,795 [s1@group-B3196483C112-StateMachineUpdater] INFO  impl.SimpleStateMachine4Testing (SimpleStateMachine4Testing.java:put(205)) - s1: put 71, m35 -> (t:1, i:71), STATEMACHINELOGENTRY, 293@client-6B5830029C69
2023-04-27 07:11:51,796 [s1@group-B3196483C112-StateMachineUpdater] INFO  impl.SimpleStateMachine4Testing (SimpleStateMachine4Testing.java:put(205)) - s1: put 73, m36 -> (t:1, i:73), STATEMACHINELOGENTRY, 294@client-6B5830029C69
2023-04-27 07:11:51,796 [s1@group-B3196483C112-StateMachineUpdater] INFO  impl.SimpleStateMachine4Testing (SimpleStateMachine4Testing.java:put(205)) - s1: put 75, m37 -> (t:1, i:75), STATEMACHINELOGENTRY, 295@client-6B5830029C69
2023-04-27 07:11:51,796 [s1@group-B3196483C112-StateMachineUpdater] INFO  impl.SimpleStateMachine4Testing (SimpleStateMachine4Testing.java:put(205)) - s1: put 77, m38 -> (t:1, i:77), STATEMACHINELOGENTRY, 296@client-6B5830029C69
2023-04-27 07:11:51,796 [s1@group-B3196483C112-StateMachineUpdater] INFO  impl.SimpleStateMachine4Testing (SimpleStateMachine4Testing.java:put(205)) - s1: put 79, m39 -> (t:1, i:79), STATEMACHINELOGENTRY, 297@client-6B5830029C69
2023-04-27 07:11:51,796 [s1@group-B3196483C112-StateMachineUpdater] INFO  impl.SimpleStateMachine4Testing (SimpleStateMachine4Testing.java:put(205)) - s1: put 81, m40 -> (t:1, i:81), STATEMACHINELOGENTRY, 298@client-6B5830029C69
2023-04-27 07:11:51,796 [s1@group-B3196483C112-StateMachineUpdater] INFO  impl.SimpleStateMachine4Testing (SimpleStateMachine4Testing.java:put(205)) - s1: put 83, m41 -> (t:1, i:83), STATEMACHINELOGENTRY, 299@client-6B5830029C69
2023-04-27 07:11:51,796 [s1@group-B3196483C112-StateMachineUpdater] INFO  impl.SimpleStateMachine4Testing (SimpleStateMachine4Testing.java:put(205)) - s1: put 85, m42 -> (t:1, i:85), STATEMACHINELOGENTRY, 300@client-6B5830029C69
2023-04-27 07:11:51,796 [s1@group-B3196483C112-StateMachineUpdater] INFO  impl.SimpleStateMachine4Testing (SimpleStateMachine4Testing.java:put(205)) - s1: put 87, m43 -> (t:1, i:87), STATEMACHINELOGENTRY, 301@client-6B5830029C69
2023-04-27 07:11:51,796 [s1@group-B3196483C112-StateMachineUpdater] INFO  impl.SimpleStateMachine4Testing (SimpleStateMachine4Testing.java:put(205)) - s1: put 89, m44 -> (t:1, i:89), STATEMACHINELOGENTRY, 302@client-6B5830029C69
2023-04-27 07:11:51,796 [s1@group-B3196483C112-StateMachineUpdater] INFO  impl.SimpleStateMachine4Testing (SimpleStateMachine4Testing.java:put(205)) - s1: put 91, m45 -> (t:1, i:91), STATEMACHINELOGENTRY, 303@client-6B5830029C69
2023-04-27 07:11:51,796 [s1@group-B3196483C112-StateMachineUpdater] INFO  impl.SimpleStateMachine4Testing (SimpleStateMachine4Testing.java:put(205)) - s1: put 93, m46 -> (t:1, i:93), STATEMACHINELOGENTRY, 304@client-6B5830029C69
2023-04-27 07:11:51,796 [s1@group-B3196483C112-StateMachineUpdater] INFO  impl.SimpleStateMachine4Testing (SimpleStateMachine4Testing.java:put(205)) - s1: put 95, m47 -> (t:1, i:95), STATEMACHINELOGENTRY, 305@client-6B5830029C69
2023-04-27 07:11:51,796 [s1@group-B3196483C112-StateMachineUpdater] INFO  impl.SimpleStateMachine4Testing (SimpleStateMachine4Testing.java:put(205)) - s1: put 97, m48 -> (t:1, i:97), STATEMACHINELOGENTRY, 306@client-6B5830029C69
2023-04-27 07:11:51,796 [s1@group-B3196483C112-StateMachineUpdater] INFO  impl.SimpleStateMachine4Testing (SimpleStateMachine4Testing.java:put(205)) - s1: put 99, m49 -> (t:1, i:99), STATEMACHINELOGENTRY, 307@client-6B5830029C69
2023-04-27 07:11:51,796 [s1@group-B3196483C112-StateMachineUpdater] INFO  impl.SimpleStateMachine4Testing (SimpleStateMachine4Testing.java:put(205)) - s1: put 101, m50 -> (t:1, i:101), STATEMACHINELOGENTRY, 308@client-6B5830029C69
2023-04-27 07:11:51,796 [s1@group-B3196483C112-StateMachineUpdater] INFO  impl.SimpleStateMachine4Testing (SimpleStateMachine4Testing.java:put(205)) - s1: put 103, m51 -> (t:1, i:103), STATEMACHINELOGENTRY, 309@client-6B5830029C69
2023-04-27 07:11:51,796 [s1@group-B3196483C112-StateMachineUpdater] INFO  impl.SimpleStateMachine4Testing (SimpleStateMachine4Testing.java:put(205)) - s1: put 105, m52 -> (t:1, i:105), STATEMACHINELOGENTRY, 310@client-6B5830029C69
2023-04-27 07:11:51,796 [s1@group-B3196483C112-StateMachineUpdater] INFO  impl.SimpleStateMachine4Testing (SimpleStateMachine4Testing.java:put(205)) - s1: put 107, m53 -> (t:1, i:107), STATEMACHINELOGENTRY, 311@client-6B5830029C69
2023-04-27 07:11:51,796 [s1@group-B3196483C112-StateMachineUpdater] INFO  impl.SimpleStateMachine4Testing (SimpleStateMachine4Testing.java:put(205)) - s1: put 109, m54 -> (t:1, i:109), STATEMACHINELOGENTRY, 312@client-6B5830029C69
2023-04-27 07:11:51,796 [s1@group-B3196483C112-StateMachineUpdater] INFO  impl.SimpleStateMachine4Testing (SimpleStateMachine4Testing.java:put(205)) - s1: put 111, m55 -> (t:1, i:111), STATEMACHINELOGENTRY, 313@client-6B5830029C69
2023-04-27 07:11:51,796 [s1@group-B3196483C112-StateMachineUpdater] INFO  impl.SimpleStateMachine4Testing (SimpleStateMachine4Testing.java:put(205)) - s1: put 113, m56 -> (t:1, i:113), STATEMACHINELOGENTRY, 314@client-6B5830029C69
2023-04-27 07:11:51,796 [s1@group-B3196483C112-StateMachineUpdater] INFO  impl.SimpleStateMachine4Testing (SimpleStateMachine4Testing.java:put(205)) - s1: put 115, m57 -> (t:1, i:115), STATEMACHINELOGENTRY, 315@client-6B5830029C69
2023-04-27 07:11:51,796 [s1@group-B3196483C112-StateMachineUpdater] INFO  impl.SimpleStateMachine4Testing (SimpleStateMachine4Testing.java:put(205)) - s1: put 117, m58 -> (t:1, i:117), STATEMACHINELOGENTRY, 316@client-6B5830029C69
2023-04-27 07:11:51,797 [s1@group-B3196483C112-StateMachineUpdater] INFO  impl.SimpleStateMachine4Testing (SimpleStateMachine4Testing.java:put(205)) - s1: put 119, m59 -> (t:1, i:119), STATEMACHINELOGENTRY, 317@client-6B5830029C69
2023-04-27 07:11:51,797 [s1@group-B3196483C112-StateMachineUpdater] INFO  impl.SimpleStateMachine4Testing (SimpleStateMachine4Testing.java:put(205)) - s1: put 121, m60 -> (t:1, i:121), STATEMACHINELOGENTRY, 318@client-6B5830029C69
2023-04-27 07:11:51,797 [s1@group-B3196483C112-StateMachineUpdater] INFO  impl.SimpleStateMachine4Testing (SimpleStateMachine4Testing.java:put(205)) - s1: put 123, m61 -> (t:1, i:123), STATEMACHINELOGENTRY, 319@client-6B5830029C69
2023-04-27 07:11:51,797 [s1@group-B3196483C112-StateMachineUpdater] INFO  impl.SimpleStateMachine4Testing (SimpleStateMachine4Testing.java:put(205)) - s1: put 125, m62 -> (t:1, i:125), STATEMACHINELOGENTRY, 320@client-6B5830029C69
2023-04-27 07:11:51,797 [s1@group-B3196483C112-StateMachineUpdater] INFO  impl.SimpleStateMachine4Testing (SimpleStateMachine4Testing.java:put(205)) - s1: put 127, m63 -> (t:1, i:127), STATEMACHINELOGENTRY, 321@client-6B5830029C69
2023-04-27 07:11:51,797 [s1@group-B3196483C112-StateMachineUpdater] INFO  impl.SimpleStateMachine4Testing (SimpleStateMachine4Testing.java:put(205)) - s1: put 129, m64 -> (t:1, i:129), STATEMACHINELOGENTRY, 322@client-6B5830029C69
2023-04-27 07:11:51,797 [s1@group-B3196483C112-StateMachineUpdater] INFO  impl.SimpleStateMachine4Testing (SimpleStateMachine4Testing.java:put(205)) - s1: put 131, m65 -> (t:1, i:131), STATEMACHINELOGENTRY, 323@client-6B5830029C69
2023-04-27 07:11:51,797 [s1@group-B3196483C112-StateMachineUpdater] INFO  impl.SimpleStateMachine4Testing (SimpleStateMachine4Testing.java:put(205)) - s1: put 133, m66 -> (t:1, i:133), STATEMACHINELOGENTRY, 324@client-6B5830029C69
2023-04-27 07:11:51,797 [s1@group-B3196483C112-StateMachineUpdater] INFO  impl.SimpleStateMachine4Testing (SimpleStateMachine4Testing.java:put(205)) - s1: put 135, m67 -> (t:1, i:135), STATEMACHINELOGENTRY, 325@client-6B5830029C69
2023-04-27 07:11:51,797 [s1@group-B3196483C112-StateMachineUpdater] INFO  impl.SimpleStateMachine4Testing (SimpleStateMachine4Testing.java:put(205)) - s1: put 137, m68 -> (t:1, i:137), STATEMACHINELOGENTRY, 326@client-6B5830029C69
2023-04-27 07:11:51,797 [s1@group-B3196483C112-StateMachineUpdater] INFO  impl.SimpleStateMachine4Testing (SimpleStateMachine4Testing.java:put(205)) - s1: put 139, m69 -> (t:1, i:139), STATEMACHINELOGENTRY, 327@client-6B5830029C69
2023-04-27 07:11:51,797 [s1@group-B3196483C112-StateMachineUpdater] INFO  impl.SimpleStateMachine4Testing (SimpleStateMachine4Testing.java:put(205)) - s1: put 141, m70 -> (t:1, i:141), STATEMACHINELOGENTRY, 328@client-6B5830029C69
2023-04-27 07:11:51,797 [s1@group-B3196483C112-StateMachineUpdater] INFO  impl.SimpleStateMachine4Testing (SimpleStateMachine4Testing.java:put(205)) - s1: put 143, m71 -> (t:1, i:143), STATEMACHINELOGENTRY, 329@client-6B5830029C69
2023-04-27 07:11:51,797 [s1@group-B3196483C112-StateMachineUpdater] INFO  impl.SimpleStateMachine4Testing (SimpleStateMachine4Testing.java:put(205)) - s1: put 145, m72 -> (t:1, i:145), STATEMACHINELOGENTRY, 330@client-6B5830029C69
2023-04-27 07:11:51,797 [s1@group-B3196483C112-StateMachineUpdater] INFO  impl.SimpleStateMachine4Testing (SimpleStateMachine4Testing.java:put(205)) - s1: put 147, m73 -> (t:1, i:147), STATEMACHINELOGENTRY, 331@client-6B5830029C69
2023-04-27 07:11:51,797 [s1@group-B3196483C112-StateMachineUpdater] INFO  impl.SimpleStateMachine4Testing (SimpleStateMachine4Testing.java:put(205)) - s1: put 149, m74 -> (t:1, i:149), STATEMACHINELOGENTRY, 332@client-6B5830029C69
2023-04-27 07:11:51,797 [s1@group-B3196483C112-StateMachineUpdater] INFO  impl.SimpleStateMachine4Testing (SimpleStateMachine4Testing.java:put(205)) - s1: put 151, m75 -> (t:1, i:151), STATEMACHINELOGENTRY, 333@client-6B5830029C69
2023-04-27 07:11:51,797 [s1@group-B3196483C112-StateMachineUpdater] INFO  impl.SimpleStateMachine4Testing (SimpleStateMachine4Testing.java:put(205)) - s1: put 153, m76 -> (t:1, i:153), STATEMACHINELOGENTRY, 334@client-6B5830029C69
2023-04-27 07:11:51,797 [s1@group-B3196483C112-StateMachineUpdater] INFO  impl.SimpleStateMachine4Testing (SimpleStateMachine4Testing.java:put(205)) - s1: put 155, m77 -> (t:1, i:155), STATEMACHINELOGENTRY, 335@client-6B5830029C69
2023-04-27 07:11:51,797 [s1@group-B3196483C112-StateMachineUpdater] INFO  impl.SimpleStateMachine4Testing (SimpleStateMachine4Testing.java:put(205)) - s1: put 157, m78 -> (t:1, i:157), STATEMACHINELOGENTRY, 336@client-6B5830029C69
2023-04-27 07:11:51,797 [s1@group-B3196483C112-StateMachineUpdater] INFO  impl.SimpleStateMachine4Testing (SimpleStateMachine4Testing.java:put(205)) - s1: put 159, m79 -> (t:1, i:159), STATEMACHINELOGENTRY, 337@client-6B5830029C69
2023-04-27 07:11:51,798 [s1@group-B3196483C112-StateMachineUpdater] INFO  impl.SimpleStateMachine4Testing (SimpleStateMachine4Testing.java:put(205)) - s1: put 161, m80 -> (t:1, i:161), STATEMACHINELOGENTRY, 338@client-6B5830029C69
2023-04-27 07:11:51,798 [s1@group-B3196483C112-StateMachineUpdater] INFO  impl.SimpleStateMachine4Testing (SimpleStateMachine4Testing.java:put(205)) - s1: put 163, m81 -> (t:1, i:163), STATEMACHINELOGENTRY, 339@client-6B5830029C69
2023-04-27 07:11:51,798 [s1@group-B3196483C112-StateMachineUpdater] INFO  impl.SimpleStateMachine4Testing (SimpleStateMachine4Testing.java:put(205)) - s1: put 165, m82 -> (t:1, i:165), STATEMACHINELOGENTRY, 340@client-6B5830029C69
2023-04-27 07:11:51,798 [s1@group-B3196483C112-StateMachineUpdater] INFO  impl.SimpleStateMachine4Testing (SimpleStateMachine4Testing.java:put(205)) - s1: put 167, m83 -> (t:1, i:167), STATEMACHINELOGENTRY, 341@client-6B5830029C69
2023-04-27 07:11:51,798 [s1@group-B3196483C112-StateMachineUpdater] INFO  impl.SimpleStateMachine4Testing (SimpleStateMachine4Testing.java:put(205)) - s1: put 169, m84 -> (t:1, i:169), STATEMACHINELOGENTRY, 342@client-6B5830029C69
2023-04-27 07:11:51,798 [s1@group-B3196483C112-StateMachineUpdater] INFO  impl.SimpleStateMachine4Testing (SimpleStateMachine4Testing.java:put(205)) - s1: put 171, m85 -> (t:1, i:171), STATEMACHINELOGENTRY, 343@client-6B5830029C69
2023-04-27 07:11:51,798 [s1@group-B3196483C112-StateMachineUpdater] INFO  impl.SimpleStateMachine4Testing (SimpleStateMachine4Testing.java:put(205)) - s1: put 173, m86 -> (t:1, i:173), STATEMACHINELOGENTRY, 344@client-6B5830029C69
2023-04-27 07:11:51,798 [s1@group-B3196483C112-StateMachineUpdater] INFO  impl.SimpleStateMachine4Testing (SimpleStateMachine4Testing.java:put(205)) - s1: put 175, m87 -> (t:1, i:175), STATEMACHINELOGENTRY, 345@client-6B5830029C69
2023-04-27 07:11:51,798 [s1@group-B3196483C112-StateMachineUpdater] INFO  impl.SimpleStateMachine4Testing (SimpleStateMachine4Testing.java:put(205)) - s1: put 177, m88 -> (t:1, i:177), STATEMACHINELOGENTRY, 346@client-6B5830029C69
2023-04-27 07:11:51,798 [s1@group-B3196483C112-StateMachineUpdater] INFO  impl.SimpleStateMachine4Testing (SimpleStateMachine4Testing.java:put(205)) - s1: put 179, m89 -> (t:1, i:179), STATEMACHINELOGENTRY, 347@client-6B5830029C69
2023-04-27 07:11:51,798 [s1@group-B3196483C112-StateMachineUpdater] INFO  impl.SimpleStateMachine4Testing (SimpleStateMachine4Testing.java:put(205)) - s1: put 181, m90 -> (t:1, i:181), STATEMACHINELOGENTRY, 348@client-6B5830029C69
2023-04-27 07:11:51,798 [s1@group-B3196483C112-StateMachineUpdater] INFO  impl.SimpleStateMachine4Testing (SimpleStateMachine4Testing.java:put(205)) - s1: put 183, m91 -> (t:1, i:183), STATEMACHINELOGENTRY, 349@client-6B5830029C69
2023-04-27 07:11:51,798 [s1@group-B3196483C112-StateMachineUpdater] INFO  impl.SimpleStateMachine4Testing (SimpleStateMachine4Testing.java:put(205)) - s1: put 185, m92 -> (t:1, i:185), STATEMACHINELOGENTRY, 350@client-6B5830029C69
2023-04-27 07:11:51,798 [s1@group-B3196483C112-StateMachineUpdater] INFO  impl.SimpleStateMachine4Testing (SimpleStateMachine4Testing.java:put(205)) - s1: put 187, m93 -> (t:1, i:187), STATEMACHINELOGENTRY, 351@client-6B5830029C69
2023-04-27 07:11:51,798 [s1@group-B3196483C112-StateMachineUpdater] INFO  impl.SimpleStateMachine4Testing (SimpleStateMachine4Testing.java:put(205)) - s1: put 189, m94 -> (t:1, i:189), STATEMACHINELOGENTRY, 352@client-6B5830029C69
2023-04-27 07:11:51,798 [s1@group-B3196483C112-StateMachineUpdater] INFO  impl.SimpleStateMachine4Testing (SimpleStateMachine4Testing.java:put(205)) - s1: put 191, m95 -> (t:1, i:191), STATEMACHINELOGENTRY, 353@client-6B5830029C69
2023-04-27 07:11:51,798 [s1@group-B3196483C112-StateMachineUpdater] INFO  impl.StateMachineUpdater (StateMachineUpdater.java:lambda$new$0(96)) - s1@group-B3196483C112-StateMachineUpdater: snapshotIndex: setUnconditionally -1 -> 191
2023-04-27 07:11:51,798 [s1@group-B3196483C112-StateMachineUpdater] INFO  impl.StateMachineUpdater (StateMachineUpdater.java:lambda$new$0(96)) - s1@group-B3196483C112-StateMachineUpdater: appliedIndex: setUnconditionally -1 -> 191
2023-04-27 07:11:51,798 [grpc-default-executor-2] INFO  raftlog.RaftLog (RaftLogBase.java:lambda$new$0(53)) - s1@group-B3196483C112-SegmentedRaftLog: snapshotIndex: updateIncreasingly -1 -> 191
2023-04-27 07:11:51,798 [grpc-default-executor-2] INFO  segmented.SegmentedRaftLogWorker (SegmentedRaftLogWorker.java:lambda$new$0(134)) - s1@group-B3196483C112-SegmentedRaftLogWorker: flushIndex: setUnconditionally -1 -> 191
2023-04-27 07:11:51,798 [grpc-default-executor-2] INFO  segmented.SegmentedRaftLogWorker (SegmentedRaftLogWorker.java:lambda$new$0(134)) - s1@group-B3196483C112-SegmentedRaftLogWorker: safeCacheEvictIndex: setUnconditionally -1 -> 191
2023-04-27 07:11:51,799 [grpc-default-executor-2] INFO  impl.SnapshotInstallationHandler (SnapshotInstallationHandler.java:checkAndInstallSnapshot(194)) - s1@group-B3196483C112: successfully install the entire snapshot-191
2023-04-27 07:11:51,799 [grpc-default-executor-2] INFO  impl.SnapshotInstallationHandler (SnapshotInstallationHandler.java:installSnapshot(100)) - s1@group-B3196483C112: reply installSnapshot: s0<-s1#0:OK-t1,SUCCESS,requestIndex=10
2023-04-27 07:11:51,799 [grpc-default-executor-3] INFO  server.GrpcLogAppender (GrpcLogAppender.java:onNext(504)) - s0@group-B3196483C112->s1-InstallSnapshotResponseHandler: received a reply s0<-s1#0:OK-t1,SUCCESS,requestIndex=10
2023-04-27 07:11:51,799 [grpc-default-executor-3] INFO  server.GrpcLogAppender (GrpcLogAppender.java:onNext(517)) - s0@group-B3196483C112->s1-InstallSnapshotResponseHandler: Completed InstallSnapshot. Reply: serverReply {
  requestorId: "s0"
  replyId: "s1"
  raftGroupId {
    id: "\276\343\234\243\276MDX\270\300\263\031d\203\301\022"
  }
  success: true
}
term: 1
requestIndex: 10

2023-04-27 07:11:51,799 [grpc-default-executor-3] INFO  leader.FollowerInfo (FollowerInfoImpl.java:setAttemptedToInstallSnapshot(126)) - Follower s0@group-B3196483C112->s1 acknowledged installing snapshot
2023-04-27 07:11:51,799 [grpc-default-executor-2] INFO  server.GrpcServerProtocolService (GrpcServerProtocolService.java:onCompleted(155)) - s1: Completed INSTALL_SNAPSHOT, lastRequest: s0->s1#0-t1,chunk:b6e75d6e-100f-483a-9fd2-d318306c7f76,10
2023-04-27 07:11:51,799 [grpc-default-executor-2] INFO  server.GrpcServerProtocolService (GrpcServerProtocolService.java:lambda$onCompleted$5(157)) - s1: Completed INSTALL_SNAPSHOT, lastReply: null
2023-04-27 07:11:51,800 [grpc-default-executor-3] INFO  server.GrpcLogAppender (GrpcLogAppender.java:onCompleted(582)) - s0@group-B3196483C112->s1-InstallSnapshotResponseHandler: follower responded installSnapshot COMPLETED
2023-04-27 07:11:51,800 [s0@group-B3196483C112->s1-GrpcLogAppender-LogAppenderDaemon] INFO  leader.FollowerInfo (FollowerInfoImpl.java:lambda$new$0(52)) - s0@group-B3196483C112->s1: snapshotIndex: setUnconditionally 0 -> 191
2023-04-27 07:11:51,800 [s0@group-B3196483C112->s1-GrpcLogAppender-LogAppenderDaemon] INFO  leader.FollowerInfo (FollowerInfoImpl.java:lambda$new$0(52)) - s0@group-B3196483C112->s1: matchIndex: setUnconditionally -1 -> 191
2023-04-27 07:11:51,800 [s0@group-B3196483C112->s1-GrpcLogAppender-LogAppenderDaemon] INFO  leader.FollowerInfo (FollowerInfoImpl.java:lambda$new$0(52)) - s0@group-B3196483C112->s1: nextIndex: setUnconditionally 0 -> 192
2023-04-27 07:11:51,801 [s0@group-B3196483C112->s1-GrpcLogAppender-LogAppenderDaemon] INFO  server.GrpcLogAppender (GrpcLogAppender.java:installSnapshot(637)) - s0@group-B3196483C112->s1-GrpcLogAppender: installed snapshot FileListSnapshotInfo(t:1, i:191):[/home/runner/work/ratis/ratis/ratis-test/target/test/data/a5c97c2c/MiniRaftClusterWithGrpc34152d09/s0/bee39ca3-be4d-4458-b8c0-b3196483c112/sm/snapshot/1.bin, /home/runner/work/ratis/ratis/ratis-test/target/test/data/a5c97c2c/MiniRaftClusterWithGrpc34152d09/s0/bee39ca3-be4d-4458-b8c0-b3196483c112/sm/snapshot/sub/2.bin, /home/runner/work/ratis/ratis/ratis-test/target/test/data/a5c97c2c/MiniRaftClusterWithGrpc34152d09/s0/bee39ca3-be4d-4458-b8c0-b3196483c112/sm/snapshot.1_191] successfully
2023-04-27 07:11:51,810 [grpc-default-executor-1] WARN  server.GrpcLogAppender (LogUtils.java:warn(122)) - s0@group-B3196483C112->s2-InstallSnapshotResponseHandler: Failed InstallSnapshot: org.apache.ratis.thirdparty.io.grpc.StatusRuntimeException: CANCELLED: Failed to read message.
2023-04-27 07:11:51,810 [s1-server-thread1] INFO  impl.RoleInfo (RoleInfo.java:updateAndGet(139)) - s1: start s1@group-B3196483C112-FollowerState
2023-04-27 07:11:51,810 [s1@group-B3196483C112-FollowerState] INFO  server.RaftServerConfigKeys (ConfUtils.java:logFallback(53)) - raft.server.rpc.first-election.timeout.min = 150ms (fallback to raft.server.rpc.timeout.min)
2023-04-27 07:11:51,810 [s1@group-B3196483C112-FollowerState] INFO  server.RaftServerConfigKeys (ConfUtils.java:logFallback(53)) - raft.server.rpc.first-election.timeout.max = 300ms (fallback to raft.server.rpc.timeout.max)
2023-04-27 07:11:51,813 [s1-server-thread1] INFO  segmented.SegmentedRaftLogWorker (SegmentedRaftLogWorker.java:startLogSegment(426)) - s1@group-B3196483C112-SegmentedRaftLogWorker: Starting segment from index:192
2023-04-27 07:11:51,823 [s1@group-B3196483C112-SegmentedRaftLogWorker] INFO  segmented.SegmentedRaftLogWorker (SegmentedRaftLogWorker.java:execute(630)) - s1@group-B3196483C112-SegmentedRaftLogWorker: created new log segment /home/runner/work/ratis/ratis/ratis-test/target/test/data/a5c97c2c/MiniRaftClusterWithGrpc34152d09/s1/bee39ca3-be4d-4458-b8c0-b3196483c112/current/log_inprogress_192
2023-04-27 07:11:51,826 [s1@group-B3196483C112-StateMachineUpdater] INFO  impl.SimpleStateMachine4Testing (SimpleStateMachine4Testing.java:put(205)) - s1: put 193, m96 -> (t:1, i:193), STATEMACHINELOGENTRY, 354@client-6B5830029C69
2023-04-27 07:11:51,827 [s1@group-B3196483C112-StateMachineUpdater] INFO  impl.SimpleStateMachine4Testing (SimpleStateMachine4Testing.java:put(205)) - s1: put 195, m97 -> (t:1, i:195), STATEMACHINELOGENTRY, 355@client-6B5830029C69
2023-04-27 07:11:51,827 [s1@group-B3196483C112-StateMachineUpdater] INFO  impl.SimpleStateMachine4Testing (SimpleStateMachine4Testing.java:put(205)) - s1: put 197, m98 -> (t:1, i:197), STATEMACHINELOGENTRY, 356@client-6B5830029C69
2023-04-27 07:11:51,827 [s1@group-B3196483C112-StateMachineUpdater] INFO  impl.SimpleStateMachine4Testing (SimpleStateMachine4Testing.java:put(205)) - s1: put 199, m99 -> (t:1, i:199), STATEMACHINELOGENTRY, 357@client-6B5830029C69
2023-04-27 07:11:51,827 [s1@group-B3196483C112-StateMachineUpdater] INFO  impl.SimpleStateMachine4Testing (SimpleStateMachine4Testing.java:put(205)) - s1: put 201, m100 -> (t:1, i:201), STATEMACHINELOGENTRY, 358@client-6B5830029C69
2023-04-27 07:11:51,827 [s1@group-B3196483C112-StateMachineUpdater] INFO  impl.SimpleStateMachine4Testing (SimpleStateMachine4Testing.java:put(205)) - s1: put 203, m101 -> (t:1, i:203), STATEMACHINELOGENTRY, 359@client-6B5830029C69
2023-04-27 07:11:51,827 [s0@group-B3196483C112-LeaderStateImpl] INFO  server.RaftServer$Division (ServerState.java:setRaftConf(377)) - s0@group-B3196483C112: set configuration 255: peers:[s0|rpc:localhost:37451|admin:localhost:41075|client:localhost:35727|dataStream:localhost:38867|priority:0|startupRole:FOLLOWER, s1|rpc:0.0.0.0:38545|dataStream:|priority:0|startupRole:FOLLOWER, s2|rpc:0.0.0.0:37499|dataStream:|priority:0|startupRole:FOLLOWER]|listeners:[], old=peers:[s0|rpc:localhost:37451|admin:localhost:41075|client:localhost:35727|dataStream:localhost:38867|priority:0|startupRole:FOLLOWER]|listeners:[]
2023-04-27 07:11:51,828 [s1@group-B3196483C112-StateMachineUpdater] INFO  impl.SimpleStateMachine4Testing (SimpleStateMachine4Testing.java:put(205)) - s1: put 205, m102 -> (t:1, i:205), STATEMACHINELOGENTRY, 360@client-6B5830029C69
2023-04-27 07:11:51,828 [s1@group-B3196483C112-StateMachineUpdater] INFO  impl.SimpleStateMachine4Testing (SimpleStateMachine4Testing.java:put(205)) - s1: put 207, m103 -> (t:1, i:207), STATEMACHINELOGENTRY, 361@client-6B5830029C69
2023-04-27 07:11:51,828 [s1@group-B3196483C112-StateMachineUpdater] INFO  impl.SimpleStateMachine4Testing (SimpleStateMachine4Testing.java:put(205)) - s1: put 209, m104 -> (t:1, i:209), STATEMACHINELOGENTRY, 362@client-6B5830029C69
2023-04-27 07:11:51,828 [s1@group-B3196483C112-StateMachineUpdater] INFO  impl.SimpleStateMachine4Testing (SimpleStateMachine4Testing.java:put(205)) - s1: put 211, m105 -> (t:1, i:211), STATEMACHINELOGENTRY, 363@client-6B5830029C69
2023-04-27 07:11:51,828 [s1@group-B3196483C112-StateMachineUpdater] INFO  impl.SimpleStateMachine4Testing (SimpleStateMachine4Testing.java:put(205)) - s1: put 213, m106 -> (t:1, i:213), STATEMACHINELOGENTRY, 364@client-6B5830029C69
2023-04-27 07:11:51,828 [s1@group-B3196483C112-StateMachineUpdater] INFO  impl.SimpleStateMachine4Testing (SimpleStateMachine4Testing.java:put(205)) - s1: put 215, m107 -> (t:1, i:215), STATEMACHINELOGENTRY, 365@client-6B5830029C69
2023-04-27 07:11:51,829 [s1-server-thread1] INFO  server.RaftServer$Division (ServerState.java:setRaftConf(377)) - s1@group-B3196483C112: set configuration 255: peers:[s0|rpc:localhost:37451|admin:localhost:41075|client:localhost:35727|dataStream:localhost:38867|priority:0|startupRole:FOLLOWER, s1|rpc:0.0.0.0:38545|dataStream:|priority:0|startupRole:FOLLOWER, s2|rpc:0.0.0.0:37499|dataStream:|priority:0|startupRole:FOLLOWER]|listeners:[], old=peers:[s0|rpc:localhost:37451|admin:localhost:41075|client:localhost:35727|dataStream:localhost:38867|priority:0|startupRole:FOLLOWER]|listeners:[]
2023-04-27 07:11:51,830 [s1@group-B3196483C112-StateMachineUpdater] INFO  impl.SimpleStateMachine4Testing (SimpleStateMachine4Testing.java:put(205)) - s1: put 217, m108 -> (t:1, i:217), STATEMACHINELOGENTRY, 366@client-6B5830029C69
2023-04-27 07:11:51,830 [s1@group-B3196483C112-StateMachineUpdater] INFO  impl.SimpleStateMachine4Testing (SimpleStateMachine4Testing.java:put(205)) - s1: put 219, m109 -> (t:1, i:219), STATEMACHINELOGENTRY, 367@client-6B5830029C69
2023-04-27 07:11:51,830 [s1@group-B3196483C112-StateMachineUpdater] INFO  impl.SimpleStateMachine4Testing (SimpleStateMachine4Testing.java:put(205)) - s1: put 221, m110 -> (t:1, i:221), STATEMACHINELOGENTRY, 368@client-6B5830029C69
2023-04-27 07:11:51,830 [s1@group-B3196483C112-StateMachineUpdater] INFO  impl.SimpleStateMachine4Testing (SimpleStateMachine4Testing.java:put(205)) - s1: put 223, m111 -> (t:1, i:223), STATEMACHINELOGENTRY, 369@client-6B5830029C69
2023-04-27 07:11:51,830 [s1@group-B3196483C112-StateMachineUpdater] INFO  impl.SimpleStateMachine4Testing (SimpleStateMachine4Testing.java:put(205)) - s1: put 225, m112 -> (t:1, i:225), STATEMACHINELOGENTRY, 370@client-6B5830029C69
2023-04-27 07:11:51,830 [s1@group-B3196483C112-StateMachineUpdater] INFO  impl.SimpleStateMachine4Testing (SimpleStateMachine4Testing.java:put(205)) - s1: put 227, m113 -> (t:1, i:227), STATEMACHINELOGENTRY, 371@client-6B5830029C69
2023-04-27 07:11:51,831 [s1@group-B3196483C112-StateMachineUpdater] INFO  impl.SimpleStateMachine4Testing (SimpleStateMachine4Testing.java:put(205)) - s1: put 229, m114 -> (t:1, i:229), STATEMACHINELOGENTRY, 372@client-6B5830029C69
2023-04-27 07:11:51,831 [s1@group-B3196483C112-StateMachineUpdater] INFO  impl.SimpleStateMachine4Testing (SimpleStateMachine4Testing.java:put(205)) - s1: put 231, m115 -> (t:1, i:231), STATEMACHINELOGENTRY, 373@client-6B5830029C69
2023-04-27 07:11:51,831 [s1@group-B3196483C112-StateMachineUpdater] INFO  impl.SimpleStateMachine4Testing (SimpleStateMachine4Testing.java:put(205)) - s1: put 233, m116 -> (t:1, i:233), STATEMACHINELOGENTRY, 374@client-6B5830029C69
2023-04-27 07:11:51,831 [s1@group-B3196483C112-StateMachineUpdater] INFO  impl.SimpleStateMachine4Testing (SimpleStateMachine4Testing.java:put(205)) - s1: put 235, m117 -> (t:1, i:235), STATEMACHINELOGENTRY, 375@client-6B5830029C69
2023-04-27 07:11:51,831 [s1@group-B3196483C112-StateMachineUpdater] INFO  impl.SimpleStateMachine4Testing (SimpleStateMachine4Testing.java:put(205)) - s1: put 237, m118 -> (t:1, i:237), STATEMACHINELOGENTRY, 376@client-6B5830029C69
2023-04-27 07:11:51,831 [s1@group-B3196483C112-StateMachineUpdater] INFO  impl.SimpleStateMachine4Testing (SimpleStateMachine4Testing.java:put(205)) - s1: put 239, m119 -> (t:1, i:239), STATEMACHINELOGENTRY, 377@client-6B5830029C69
2023-04-27 07:11:51,831 [s1@group-B3196483C112-StateMachineUpdater] INFO  impl.SimpleStateMachine4Testing (SimpleStateMachine4Testing.java:put(205)) - s1: put 241, m120 -> (t:1, i:241), STATEMACHINELOGENTRY, 378@client-6B5830029C69
2023-04-27 07:11:51,831 [s1@group-B3196483C112-StateMachineUpdater] INFO  impl.SimpleStateMachine4Testing (SimpleStateMachine4Testing.java:put(205)) - s1: put 243, m121 -> (t:1, i:243), STATEMACHINELOGENTRY, 379@client-6B5830029C69
2023-04-27 07:11:51,832 [s1@group-B3196483C112-StateMachineUpdater] INFO  impl.SimpleStateMachine4Testing (SimpleStateMachine4Testing.java:put(205)) - s1: put 245, m122 -> (t:1, i:245), STATEMACHINELOGENTRY, 380@client-6B5830029C69
2023-04-27 07:11:51,832 [s1@group-B3196483C112-StateMachineUpdater] INFO  impl.SimpleStateMachine4Testing (SimpleStateMachine4Testing.java:put(205)) - s1: put 247, m123 -> (t:1, i:247), STATEMACHINELOGENTRY, 381@client-6B5830029C69
2023-04-27 07:11:51,832 [s1@group-B3196483C112-StateMachineUpdater] INFO  impl.SimpleStateMachine4Testing (SimpleStateMachine4Testing.java:put(205)) - s1: put 249, m124 -> (t:1, i:249), STATEMACHINELOGENTRY, 382@client-6B5830029C69
2023-04-27 07:11:51,832 [s1@group-B3196483C112-StateMachineUpdater] INFO  impl.SimpleStateMachine4Testing (SimpleStateMachine4Testing.java:put(205)) - s1: put 251, m125 -> (t:1, i:251), STATEMACHINELOGENTRY, 383@client-6B5830029C69
2023-04-27 07:11:51,832 [s1@group-B3196483C112-StateMachineUpdater] INFO  impl.SimpleStateMachine4Testing (SimpleStateMachine4Testing.java:put(205)) - s1: put 253, m126 -> (t:1, i:253), STATEMACHINELOGENTRY, 384@client-6B5830029C69
2023-04-27 07:11:51,833 [s0@group-B3196483C112-LeaderStateImpl] INFO  server.RaftServer$Division (ServerState.java:setRaftConf(377)) - s0@group-B3196483C112: set configuration 257: peers:[s0|rpc:localhost:37451|admin:localhost:41075|client:localhost:35727|dataStream:localhost:38867|priority:0|startupRole:FOLLOWER, s1|rpc:0.0.0.0:38545|dataStream:|priority:0|startupRole:FOLLOWER, s2|rpc:0.0.0.0:37499|dataStream:|priority:0|startupRole:FOLLOWER]|listeners:[], old=null
2023-04-27 07:11:51,840 [s1-server-thread1] INFO  server.RaftServer$Division (ServerState.java:setRaftConf(377)) - s1@group-B3196483C112: set configuration 257: peers:[s0|rpc:localhost:37451|admin:localhost:41075|client:localhost:35727|dataStream:localhost:38867|priority:0|startupRole:FOLLOWER, s1|rpc:0.0.0.0:38545|dataStream:|priority:0|startupRole:FOLLOWER, s2|rpc:0.0.0.0:37499|dataStream:|priority:0|startupRole:FOLLOWER]|listeners:[], old=null
2023-04-27 07:11:51,860 [s0@group-B3196483C112-StateMachineUpdater] INFO  impl.StateMachineUpdater (StateMachineUpdater.java:takeSnapshot(290)) - s0@group-B3196483C112-StateMachineUpdater: Took a snapshot at index 255
2023-04-27 07:11:51,860 [s0@group-B3196483C112-StateMachineUpdater] INFO  impl.StateMachineUpdater (StateMachineUpdater.java:lambda$new$0(96)) - s0@group-B3196483C112-StateMachineUpdater: snapshotIndex: updateIncreasingly 191 -> 255
2023-04-27 07:11:51,862 [Time-limited test] INFO  server.RaftServerConfigKeys (ConfUtils.java:logGet(46)) - raft.server.rpc.timeout.max = 300ms (default)
2023-04-27 07:11:51,862 [Time-limited test] INFO  impl.RaftServerTestUtil (RaftServerTestUtil.java:waitAndCheckNewConf(87)) - waitAndCheckNewConf: peers=[s1|rpc:0.0.0.0:38545|priority:0|startupRole:FOLLOWER, s2|rpc:0.0.0.0:37499|priority:0|startupRole:FOLLOWER, s0|rpc:localhost:37451|admin:localhost:41075|client:localhost:35727|dataStream:localhost:38867|priority:0|startupRole:FOLLOWER], deadPeers=null, printing ALL groups
  s0:  RUNNING    LEADER s0@group-B3196483C112:t1, leader=s0, voted=s0, raftlog=Memoized:s0@group-B3196483C112-SegmentedRaftLog:OPENED:c258, conf=257: peers:[s0|rpc:localhost:37451|admin:localhost:41075|client:localhost:35727|dataStream:localhost:38867|priority:0|startupRole:FOLLOWER, s1|rpc:0.0.0.0:38545|dataStream:|priority:0|startupRole:FOLLOWER, s2|rpc:0.0.0.0:37499|dataStream:|priority:0|startupRole:FOLLOWER]|listeners:[], old=null RUNNING
  s1:  RUNNING  FOLLOWER s1@group-B3196483C112:t1, leader=s0, voted=null, raftlog=Memoized:s1@group-B3196483C112-SegmentedRaftLog:OPENED:c257, conf=257: peers:[s0|rpc:localhost:37451|admin:localhost:41075|client:localhost:35727|dataStream:localhost:38867|priority:0|startupRole:FOLLOWER, s1|rpc:0.0.0.0:38545|dataStream:|priority:0|startupRole:FOLLOWER, s2|rpc:0.0.0.0:37499|dataStream:|priority:0|startupRole:FOLLOWER]|listeners:[], old=null RUNNING
  s2:  RUNNING  FOLLOWER s2@group-B3196483C112:t1, leader=s0, voted=null, raftlog=Memoized:s2@group-B3196483C112-SegmentedRaftLog:OPENED:c-1, conf=0: peers:[s0|rpc:localhost:37451|admin:localhost:41075|client:localhost:35727|dataStream:localhost:38867|priority:0|startupRole:FOLLOWER]|listeners:[], old=null STARTING
2023-04-27 07:11:51,862 [Time-limited test] INFO  impl.RaftServerTestUtil (RaftServerTestUtil.java:waitAndCheckNewConf(96)) - checking    LEADER s0@group-B3196483C112:t1, leader=s0, voted=s0, raftlog=Memoized:s0@group-B3196483C112-SegmentedRaftLog:OPENED:c258, conf=257: peers:[s0|rpc:localhost:37451|admin:localhost:41075|client:localhost:35727|dataStream:localhost:38867|priority:0|startupRole:FOLLOWER, s1|rpc:0.0.0.0:38545|dataStream:|priority:0|startupRole:FOLLOWER, s2|rpc:0.0.0.0:37499|dataStream:|priority:0|startupRole:FOLLOWER]|listeners:[], old=null RUNNING
2023-04-27 07:11:51,862 [Time-limited test] INFO  impl.RaftServerTestUtil (RaftServerTestUtil.java:waitAndCheckNewConf(96)) - checking  FOLLOWER s1@group-B3196483C112:t1, leader=s0, voted=null, raftlog=Memoized:s1@group-B3196483C112-SegmentedRaftLog:OPENED:c257, conf=257: peers:[s0|rpc:localhost:37451|admin:localhost:41075|client:localhost:35727|dataStream:localhost:38867|priority:0|startupRole:FOLLOWER, s1|rpc:0.0.0.0:38545|dataStream:|priority:0|startupRole:FOLLOWER, s2|rpc:0.0.0.0:37499|dataStream:|priority:0|startupRole:FOLLOWER]|listeners:[], old=null RUNNING
2023-04-27 07:11:51,862 [Time-limited test] INFO  impl.RaftServerTestUtil (RaftServerTestUtil.java:waitAndCheckNewConf(96)) - checking  FOLLOWER s2@group-B3196483C112:t1, leader=s0, voted=null, raftlog=Memoized:s2@group-B3196483C112-SegmentedRaftLog:OPENED:c-1, conf=0: peers:[s0|rpc:localhost:37451|admin:localhost:41075|client:localhost:35727|dataStream:localhost:38867|priority:0|startupRole:FOLLOWER]|listeners:[], old=null STARTING
2023-04-27 07:11:51,862 [Time-limited test] WARN  impl.RaftServerTestUtil (JavaUtils.java:attempt(217)) - FAILED "waitAndCheckNewConf", attempt #1/10: java.lang.AssertionError, sleep 600ms and then retry.
java.lang.AssertionError
	at org.junit.Assert.fail(Assert.java:87)
	at org.junit.Assert.assertTrue(Assert.java:42)
	at org.junit.Assert.assertTrue(Assert.java:53)
	at org.apache.ratis.server.impl.RaftServerTestUtil.waitAndCheckNewConf(RaftServerTestUtil.java:107)
	at org.apache.ratis.server.impl.RaftServerTestUtil.lambda$waitAndCheckNewConf$3(RaftServerTestUtil.java:82)
	at org.apache.ratis.util.function.CheckedRunnable.lambda$asCheckedSupplier$0(CheckedRunnable.java:32)
	at org.apache.ratis.util.JavaUtils.attempt(JavaUtils.java:211)
	at org.apache.ratis.util.JavaUtils.attemptRepeatedly(JavaUtils.java:197)
	at org.apache.ratis.util.JavaUtils.attempt(JavaUtils.java:231)
	at org.apache.ratis.server.impl.RaftServerTestUtil.waitAndCheckNewConf(RaftServerTestUtil.java:82)
	at org.apache.ratis.InstallSnapshotFromLeaderTests.testMultiFileInstallSnapshot(InstallSnapshotFromLeaderTests.java:116)
	at org.apache.ratis.server.impl.MiniRaftCluster$Factory$Get.runWithNewCluster(MiniRaftCluster.java:141)
	at org.apache.ratis.server.impl.MiniRaftCluster$Factory$Get.runWithNewCluster(MiniRaftCluster.java:121)
	at org.apache.ratis.InstallSnapshotFromLeaderTests.testMultiFileInstallSnapshot(InstallSnapshotFromLeaderTests.java:80)
	at java.base/jdk.internal.reflect.NativeMethodAccessorImpl.invoke0(Native Method)
	at java.base/jdk.internal.reflect.NativeMethodAccessorImpl.invoke(NativeMethodAccessorImpl.java:62)
	at java.base/jdk.internal.reflect.DelegatingMethodAccessorImpl.invoke(DelegatingMethodAccessorImpl.java:43)
	at java.base/java.lang.reflect.Method.invoke(Method.java:566)
	at org.junit.runners.model.FrameworkMethod$1.runReflectiveCall(FrameworkMethod.java:59)
	at org.junit.internal.runners.model.ReflectiveCallable.run(ReflectiveCallable.java:12)
	at org.junit.runners.model.FrameworkMethod.invokeExplosively(FrameworkMethod.java:56)
	at org.junit.internal.runners.statements.InvokeMethod.evaluate(InvokeMethod.java:17)
	at org.junit.internal.runners.statements.RunAfters.evaluate(RunAfters.java:27)
	at org.junit.internal.runners.statements.FailOnTimeout$CallableStatement.call(FailOnTimeout.java:299)
	at org.junit.internal.runners.statements.FailOnTimeout$CallableStatement.call(FailOnTimeout.java:293)
	at java.base/java.util.concurrent.FutureTask.run(FutureTask.java:264)
	at java.base/java.lang.Thread.run(Thread.java:829)
2023-04-27 07:11:51,866 [s1@group-B3196483C112-StateMachineUpdater] INFO  impl.StateMachineUpdater (StateMachineUpdater.java:takeSnapshot(290)) - s1@group-B3196483C112-StateMachineUpdater: Took a snapshot at index 255
2023-04-27 07:11:51,866 [s1@group-B3196483C112-StateMachineUpdater] INFO  impl.StateMachineUpdater (StateMachineUpdater.java:lambda$new$0(96)) - s1@group-B3196483C112-StateMachineUpdater: snapshotIndex: updateIncreasingly 191 -> 255
2023-04-27 07:11:51,987 [s1@group-B3196483C112-FollowerState] INFO  server.RaftServerConfigKeys (ConfUtils.java:logFallback(53)) - raft.server.rpc.first-election.timeout.min = 150ms (fallback to raft.server.rpc.timeout.min)
2023-04-27 07:11:51,988 [s1@group-B3196483C112-FollowerState] INFO  server.RaftServerConfigKeys (ConfUtils.java:logFallback(53)) - raft.server.rpc.first-election.timeout.max = 300ms (fallback to raft.server.rpc.timeout.max)
2023-04-27 07:11:52,191 [s1@group-B3196483C112-FollowerState] INFO  server.RaftServerConfigKeys (ConfUtils.java:logFallback(53)) - raft.server.rpc.first-election.timeout.min = 150ms (fallback to raft.server.rpc.timeout.min)
2023-04-27 07:11:52,191 [s1@group-B3196483C112-FollowerState] INFO  server.RaftServerConfigKeys (ConfUtils.java:logFallback(53)) - raft.server.rpc.first-election.timeout.max = 300ms (fallback to raft.server.rpc.timeout.max)
2023-04-27 07:11:52,463 [Time-limited test] INFO  impl.RaftServerTestUtil (RaftServerTestUtil.java:waitAndCheckNewConf(87)) - waitAndCheckNewConf: peers=[s1|rpc:0.0.0.0:38545|priority:0|startupRole:FOLLOWER, s2|rpc:0.0.0.0:37499|priority:0|startupRole:FOLLOWER, s0|rpc:localhost:37451|admin:localhost:41075|client:localhost:35727|dataStream:localhost:38867|priority:0|startupRole:FOLLOWER], deadPeers=null, printing ALL groups
  s0:  RUNNING    LEADER s0@group-B3196483C112:t1, leader=s0, voted=s0, raftlog=Memoized:s0@group-B3196483C112-SegmentedRaftLog:OPENED:c258, conf=257: peers:[s0|rpc:localhost:37451|admin:localhost:41075|client:localhost:35727|dataStream:localhost:38867|priority:0|startupRole:FOLLOWER, s1|rpc:0.0.0.0:38545|dataStream:|priority:0|startupRole:FOLLOWER, s2|rpc:0.0.0.0:37499|dataStream:|priority:0|startupRole:FOLLOWER]|listeners:[], old=null RUNNING
  s1:  RUNNING  FOLLOWER s1@group-B3196483C112:t1, leader=s0, voted=null, raftlog=Memoized:s1@group-B3196483C112-SegmentedRaftLog:OPENED:c258, conf=257: peers:[s0|rpc:localhost:37451|admin:localhost:41075|client:localhost:35727|dataStream:localhost:38867|priority:0|startupRole:FOLLOWER, s1|rpc:0.0.0.0:38545|dataStream:|priority:0|startupRole:FOLLOWER, s2|rpc:0.0.0.0:37499|dataStream:|priority:0|startupRole:FOLLOWER]|listeners:[], old=null RUNNING
  s2:  RUNNING  FOLLOWER s2@group-B3196483C112:t1, leader=s0, voted=null, raftlog=Memoized:s2@group-B3196483C112-SegmentedRaftLog:OPENED:c-1, conf=0: peers:[s0|rpc:localhost:37451|admin:localhost:41075|client:localhost:35727|dataStream:localhost:38867|priority:0|startupRole:FOLLOWER]|listeners:[], old=null STARTING
2023-04-27 07:11:52,463 [Time-limited test] INFO  impl.RaftServerTestUtil (RaftServerTestUtil.java:waitAndCheckNewConf(96)) - checking    LEADER s0@group-B3196483C112:t1, leader=s0, voted=s0, raftlog=Memoized:s0@group-B3196483C112-SegmentedRaftLog:OPENED:c258, conf=257: peers:[s0|rpc:localhost:37451|admin:localhost:41075|client:localhost:35727|dataStream:localhost:38867|priority:0|startupRole:FOLLOWER, s1|rpc:0.0.0.0:38545|dataStream:|priority:0|startupRole:FOLLOWER, s2|rpc:0.0.0.0:37499|dataStream:|priority:0|startupRole:FOLLOWER]|listeners:[], old=null RUNNING
2023-04-27 07:11:52,463 [Time-limited test] INFO  impl.RaftServerTestUtil (RaftServerTestUtil.java:waitAndCheckNewConf(96)) - checking  FOLLOWER s1@group-B3196483C112:t1, leader=s0, voted=null, raftlog=Memoized:s1@group-B3196483C112-SegmentedRaftLog:OPENED:c258, conf=257: peers:[s0|rpc:localhost:37451|admin:localhost:41075|client:localhost:35727|dataStream:localhost:38867|priority:0|startupRole:FOLLOWER, s1|rpc:0.0.0.0:38545|dataStream:|priority:0|startupRole:FOLLOWER, s2|rpc:0.0.0.0:37499|dataStream:|priority:0|startupRole:FOLLOWER]|listeners:[], old=null RUNNING
2023-04-27 07:11:52,463 [Time-limited test] INFO  impl.RaftServerTestUtil (RaftServerTestUtil.java:waitAndCheckNewConf(96)) - checking  FOLLOWER s2@group-B3196483C112:t1, leader=s0, voted=null, raftlog=Memoized:s2@group-B3196483C112-SegmentedRaftLog:OPENED:c-1, conf=0: peers:[s0|rpc:localhost:37451|admin:localhost:41075|client:localhost:35727|dataStream:localhost:38867|priority:0|startupRole:FOLLOWER]|listeners:[], old=null STARTING
2023-04-27 07:11:52,463 [Time-limited test] WARN  impl.RaftServerTestUtil (JavaUtils.java:attempt(217)) - FAILED "waitAndCheckNewConf", attempt #2/10: java.lang.AssertionError, sleep 600ms and then retry.
java.lang.AssertionError
	at org.junit.Assert.fail(Assert.java:87)
	at org.junit.Assert.assertTrue(Assert.java:42)
	at org.junit.Assert.assertTrue(Assert.java:53)
	at org.apache.ratis.server.impl.RaftServerTestUtil.waitAndCheckNewConf(RaftServerTestUtil.java:107)
	at org.apache.ratis.server.impl.RaftServerTestUtil.lambda$waitAndCheckNewConf$3(RaftServerTestUtil.java:82)
	at org.apache.ratis.util.function.CheckedRunnable.lambda$asCheckedSupplier$0(CheckedRunnable.java:32)
	at org.apache.ratis.util.JavaUtils.attempt(JavaUtils.java:211)
	at org.apache.ratis.util.JavaUtils.attemptRepeatedly(JavaUtils.java:197)
	at org.apache.ratis.util.JavaUtils.attempt(JavaUtils.java:231)
	at org.apache.ratis.server.impl.RaftServerTestUtil.waitAndCheckNewConf(RaftServerTestUtil.java:82)
	at org.apache.ratis.InstallSnapshotFromLeaderTests.testMultiFileInstallSnapshot(InstallSnapshotFromLeaderTests.java:116)
	at org.apache.ratis.server.impl.MiniRaftCluster$Factory$Get.runWithNewCluster(MiniRaftCluster.java:141)
	at org.apache.ratis.server.impl.MiniRaftCluster$Factory$Get.runWithNewCluster(MiniRaftCluster.java:121)
	at org.apache.ratis.InstallSnapshotFromLeaderTests.testMultiFileInstallSnapshot(InstallSnapshotFromLeaderTests.java:80)
	at java.base/jdk.internal.reflect.NativeMethodAccessorImpl.invoke0(Native Method)
	at java.base/jdk.internal.reflect.NativeMethodAccessorImpl.invoke(NativeMethodAccessorImpl.java:62)
	at java.base/jdk.internal.reflect.DelegatingMethodAccessorImpl.invoke(DelegatingMethodAccessorImpl.java:43)
	at java.base/java.lang.reflect.Method.invoke(Method.java:566)
	at org.junit.runners.model.FrameworkMethod$1.runReflectiveCall(FrameworkMethod.java:59)
	at org.junit.internal.runners.model.ReflectiveCallable.run(ReflectiveCallable.java:12)
	at org.junit.runners.model.FrameworkMethod.invokeExplosively(FrameworkMethod.java:56)
	at org.junit.internal.runners.statements.InvokeMethod.evaluate(InvokeMethod.java:17)
	at org.junit.internal.runners.statements.RunAfters.evaluate(RunAfters.java:27)
	at org.junit.internal.runners.statements.FailOnTimeout$CallableStatement.call(FailOnTimeout.java:299)
	at org.junit.internal.runners.statements.FailOnTimeout$CallableStatement.call(FailOnTimeout.java:293)
	at java.base/java.util.concurrent.FutureTask.run(FutureTask.java:264)
	at java.base/java.lang.Thread.run(Thread.java:829)
2023-04-27 07:11:52,491 [s1@group-B3196483C112-FollowerState] INFO  server.RaftServerConfigKeys (ConfUtils.java:logFallback(53)) - raft.server.rpc.first-election.timeout.min = 150ms (fallback to raft.server.rpc.timeout.min)
2023-04-27 07:11:52,492 [s1@group-B3196483C112-FollowerState] INFO  server.RaftServerConfigKeys (ConfUtils.java:logFallback(53)) - raft.server.rpc.first-election.timeout.max = 300ms (fallback to raft.server.rpc.timeout.max)
2023-04-27 07:11:52,723 [s1@group-B3196483C112-FollowerState] INFO  server.RaftServerConfigKeys (ConfUtils.java:logFallback(53)) - raft.server.rpc.first-election.timeout.min = 150ms (fallback to raft.server.rpc.timeout.min)
2023-04-27 07:11:52,723 [s1@group-B3196483C112-FollowerState] INFO  server.RaftServerConfigKeys (ConfUtils.java:logFallback(53)) - raft.server.rpc.first-election.timeout.max = 300ms (fallback to raft.server.rpc.timeout.max)
2023-04-27 07:11:53,022 [s1@group-B3196483C112-FollowerState] INFO  server.RaftServerConfigKeys (ConfUtils.java:logFallback(53)) - raft.server.rpc.first-election.timeout.min = 150ms (fallback to raft.server.rpc.timeout.min)
2023-04-27 07:11:53,022 [s1@group-B3196483C112-FollowerState] INFO  server.RaftServerConfigKeys (ConfUtils.java:logFallback(53)) - raft.server.rpc.first-election.timeout.max = 300ms (fallback to raft.server.rpc.timeout.max)
2023-04-27 07:11:53,064 [Time-limited test] INFO  impl.RaftServerTestUtil (RaftServerTestUtil.java:waitAndCheckNewConf(87)) - waitAndCheckNewConf: peers=[s1|rpc:0.0.0.0:38545|priority:0|startupRole:FOLLOWER, s2|rpc:0.0.0.0:37499|priority:0|startupRole:FOLLOWER, s0|rpc:localhost:37451|admin:localhost:41075|client:localhost:35727|dataStream:localhost:38867|priority:0|startupRole:FOLLOWER], deadPeers=null, printing ALL groups
  s0:  RUNNING    LEADER s0@group-B3196483C112:t1, leader=s0, voted=s0, raftlog=Memoized:s0@group-B3196483C112-SegmentedRaftLog:OPENED:c258, conf=257: peers:[s0|rpc:localhost:37451|admin:localhost:41075|client:localhost:35727|dataStream:localhost:38867|priority:0|startupRole:FOLLOWER, s1|rpc:0.0.0.0:38545|dataStream:|priority:0|startupRole:FOLLOWER, s2|rpc:0.0.0.0:37499|dataStream:|priority:0|startupRole:FOLLOWER]|listeners:[], old=null RUNNING
  s1:  RUNNING  FOLLOWER s1@group-B3196483C112:t1, leader=s0, voted=null, raftlog=Memoized:s1@group-B3196483C112-SegmentedRaftLog:OPENED:c258, conf=257: peers:[s0|rpc:localhost:37451|admin:localhost:41075|client:localhost:35727|dataStream:localhost:38867|priority:0|startupRole:FOLLOWER, s1|rpc:0.0.0.0:38545|dataStream:|priority:0|startupRole:FOLLOWER, s2|rpc:0.0.0.0:37499|dataStream:|priority:0|startupRole:FOLLOWER]|listeners:[], old=null RUNNING
  s2:  RUNNING  FOLLOWER s2@group-B3196483C112:t1, leader=s0, voted=null, raftlog=Memoized:s2@group-B3196483C112-SegmentedRaftLog:OPENED:c-1, conf=0: peers:[s0|rpc:localhost:37451|admin:localhost:41075|client:localhost:35727|dataStream:localhost:38867|priority:0|startupRole:FOLLOWER]|listeners:[], old=null STARTING
2023-04-27 07:11:53,064 [Time-limited test] INFO  impl.RaftServerTestUtil (RaftServerTestUtil.java:waitAndCheckNewConf(96)) - checking    LEADER s0@group-B3196483C112:t1, leader=s0, voted=s0, raftlog=Memoized:s0@group-B3196483C112-SegmentedRaftLog:OPENED:c258, conf=257: peers:[s0|rpc:localhost:37451|admin:localhost:41075|client:localhost:35727|dataStream:localhost:38867|priority:0|startupRole:FOLLOWER, s1|rpc:0.0.0.0:38545|dataStream:|priority:0|startupRole:FOLLOWER, s2|rpc:0.0.0.0:37499|dataStream:|priority:0|startupRole:FOLLOWER]|listeners:[], old=null RUNNING
2023-04-27 07:11:53,065 [Time-limited test] INFO  impl.RaftServerTestUtil (RaftServerTestUtil.java:waitAndCheckNewConf(96)) - checking  FOLLOWER s1@group-B3196483C112:t1, leader=s0, voted=null, raftlog=Memoized:s1@group-B3196483C112-SegmentedRaftLog:OPENED:c258, conf=257: peers:[s0|rpc:localhost:37451|admin:localhost:41075|client:localhost:35727|dataStream:localhost:38867|priority:0|startupRole:FOLLOWER, s1|rpc:0.0.0.0:38545|dataStream:|priority:0|startupRole:FOLLOWER, s2|rpc:0.0.0.0:37499|dataStream:|priority:0|startupRole:FOLLOWER]|listeners:[], old=null RUNNING
2023-04-27 07:11:53,065 [Time-limited test] INFO  impl.RaftServerTestUtil (RaftServerTestUtil.java:waitAndCheckNewConf(96)) - checking  FOLLOWER s2@group-B3196483C112:t1, leader=s0, voted=null, raftlog=Memoized:s2@group-B3196483C112-SegmentedRaftLog:OPENED:c-1, conf=0: peers:[s0|rpc:localhost:37451|admin:localhost:41075|client:localhost:35727|dataStream:localhost:38867|priority:0|startupRole:FOLLOWER]|listeners:[], old=null STARTING
2023-04-27 07:11:53,065 [Time-limited test] WARN  impl.RaftServerTestUtil (JavaUtils.java:attempt(217)) - FAILED "waitAndCheckNewConf", attempt #3/10: java.lang.AssertionError, sleep 600ms and then retry.
java.lang.AssertionError
	at org.junit.Assert.fail(Assert.java:87)
	at org.junit.Assert.assertTrue(Assert.java:42)
	at org.junit.Assert.assertTrue(Assert.java:53)
	at org.apache.ratis.server.impl.RaftServerTestUtil.waitAndCheckNewConf(RaftServerTestUtil.java:107)
	at org.apache.ratis.server.impl.RaftServerTestUtil.lambda$waitAndCheckNewConf$3(RaftServerTestUtil.java:82)
	at org.apache.ratis.util.function.CheckedRunnable.lambda$asCheckedSupplier$0(CheckedRunnable.java:32)
	at org.apache.ratis.util.JavaUtils.attempt(JavaUtils.java:211)
	at org.apache.ratis.util.JavaUtils.attemptRepeatedly(JavaUtils.java:197)
	at org.apache.ratis.util.JavaUtils.attempt(JavaUtils.java:231)
	at org.apache.ratis.server.impl.RaftServerTestUtil.waitAndCheckNewConf(RaftServerTestUtil.java:82)
	at org.apache.ratis.InstallSnapshotFromLeaderTests.testMultiFileInstallSnapshot(InstallSnapshotFromLeaderTests.java:116)
	at org.apache.ratis.server.impl.MiniRaftCluster$Factory$Get.runWithNewCluster(MiniRaftCluster.java:141)
	at org.apache.ratis.server.impl.MiniRaftCluster$Factory$Get.runWithNewCluster(MiniRaftCluster.java:121)
	at org.apache.ratis.InstallSnapshotFromLeaderTests.testMultiFileInstallSnapshot(InstallSnapshotFromLeaderTests.java:80)
	at java.base/jdk.internal.reflect.NativeMethodAccessorImpl.invoke0(Native Method)
	at java.base/jdk.internal.reflect.NativeMethodAccessorImpl.invoke(NativeMethodAccessorImpl.java:62)
	at java.base/jdk.internal.reflect.DelegatingMethodAccessorImpl.invoke(DelegatingMethodAccessorImpl.java:43)
	at java.base/java.lang.reflect.Method.invoke(Method.java:566)
	at org.junit.runners.model.FrameworkMethod$1.runReflectiveCall(FrameworkMethod.java:59)
	at org.junit.internal.runners.model.ReflectiveCallable.run(ReflectiveCallable.java:12)
	at org.junit.runners.model.FrameworkMethod.invokeExplosively(FrameworkMethod.java:56)
	at org.junit.internal.runners.statements.InvokeMethod.evaluate(InvokeMethod.java:17)
	at org.junit.internal.runners.statements.RunAfters.evaluate(RunAfters.java:27)
	at org.junit.internal.runners.statements.FailOnTimeout$CallableStatement.call(FailOnTimeout.java:299)
	at org.junit.internal.runners.statements.FailOnTimeout$CallableStatement.call(FailOnTimeout.java:293)
	at java.base/java.util.concurrent.FutureTask.run(FutureTask.java:264)
	at java.base/java.lang.Thread.run(Thread.java:829)
2023-04-27 07:11:53,309 [s1@group-B3196483C112-FollowerState] INFO  server.RaftServerConfigKeys (ConfUtils.java:logFallback(53)) - raft.server.rpc.first-election.timeout.min = 150ms (fallback to raft.server.rpc.timeout.min)
2023-04-27 07:11:53,309 [s1@group-B3196483C112-FollowerState] INFO  server.RaftServerConfigKeys (ConfUtils.java:logFallback(53)) - raft.server.rpc.first-election.timeout.max = 300ms (fallback to raft.server.rpc.timeout.max)
2023-04-27 07:11:53,600 [s1@group-B3196483C112-FollowerState] INFO  server.RaftServerConfigKeys (ConfUtils.java:logFallback(53)) - raft.server.rpc.first-election.timeout.min = 150ms (fallback to raft.server.rpc.timeout.min)
2023-04-27 07:11:53,600 [s1@group-B3196483C112-FollowerState] INFO  server.RaftServerConfigKeys (ConfUtils.java:logFallback(53)) - raft.server.rpc.first-election.timeout.max = 300ms (fallback to raft.server.rpc.timeout.max)
2023-04-27 07:11:53,665 [Time-limited test] INFO  impl.RaftServerTestUtil (RaftServerTestUtil.java:waitAndCheckNewConf(87)) - waitAndCheckNewConf: peers=[s1|rpc:0.0.0.0:38545|priority:0|startupRole:FOLLOWER, s2|rpc:0.0.0.0:37499|priority:0|startupRole:FOLLOWER, s0|rpc:localhost:37451|admin:localhost:41075|client:localhost:35727|dataStream:localhost:38867|priority:0|startupRole:FOLLOWER], deadPeers=null, printing ALL groups
  s0:  RUNNING    LEADER s0@group-B3196483C112:t1, leader=s0, voted=s0, raftlog=Memoized:s0@group-B3196483C112-SegmentedRaftLog:OPENED:c258, conf=257: peers:[s0|rpc:localhost:37451|admin:localhost:41075|client:localhost:35727|dataStream:localhost:38867|priority:0|startupRole:FOLLOWER, s1|rpc:0.0.0.0:38545|dataStream:|priority:0|startupRole:FOLLOWER, s2|rpc:0.0.0.0:37499|dataStream:|priority:0|startupRole:FOLLOWER]|listeners:[], old=null RUNNING
  s1:  RUNNING  FOLLOWER s1@group-B3196483C112:t1, leader=s0, voted=null, raftlog=Memoized:s1@group-B3196483C112-SegmentedRaftLog:OPENED:c258, conf=257: peers:[s0|rpc:localhost:37451|admin:localhost:41075|client:localhost:35727|dataStream:localhost:38867|priority:0|startupRole:FOLLOWER, s1|rpc:0.0.0.0:38545|dataStream:|priority:0|startupRole:FOLLOWER, s2|rpc:0.0.0.0:37499|dataStream:|priority:0|startupRole:FOLLOWER]|listeners:[], old=null RUNNING
  s2:  RUNNING  FOLLOWER s2@group-B3196483C112:t1, leader=s0, voted=null, raftlog=Memoized:s2@group-B3196483C112-SegmentedRaftLog:OPENED:c-1, conf=0: peers:[s0|rpc:localhost:37451|admin:localhost:41075|client:localhost:35727|dataStream:localhost:38867|priority:0|startupRole:FOLLOWER]|listeners:[], old=null STARTING
2023-04-27 07:11:53,666 [Time-limited test] INFO  impl.RaftServerTestUtil (RaftServerTestUtil.java:waitAndCheckNewConf(96)) - checking    LEADER s0@group-B3196483C112:t1, leader=s0, voted=s0, raftlog=Memoized:s0@group-B3196483C112-SegmentedRaftLog:OPENED:c258, conf=257: peers:[s0|rpc:localhost:37451|admin:localhost:41075|client:localhost:35727|dataStream:localhost:38867|priority:0|startupRole:FOLLOWER, s1|rpc:0.0.0.0:38545|dataStream:|priority:0|startupRole:FOLLOWER, s2|rpc:0.0.0.0:37499|dataStream:|priority:0|startupRole:FOLLOWER]|listeners:[], old=null RUNNING
2023-04-27 07:11:53,666 [Time-limited test] INFO  impl.RaftServerTestUtil (RaftServerTestUtil.java:waitAndCheckNewConf(96)) - checking  FOLLOWER s1@group-B3196483C112:t1, leader=s0, voted=null, raftlog=Memoized:s1@group-B3196483C112-SegmentedRaftLog:OPENED:c258, conf=257: peers:[s0|rpc:localhost:37451|admin:localhost:41075|client:localhost:35727|dataStream:localhost:38867|priority:0|startupRole:FOLLOWER, s1|rpc:0.0.0.0:38545|dataStream:|priority:0|startupRole:FOLLOWER, s2|rpc:0.0.0.0:37499|dataStream:|priority:0|startupRole:FOLLOWER]|listeners:[], old=null RUNNING
2023-04-27 07:11:53,666 [Time-limited test] INFO  impl.RaftServerTestUtil (RaftServerTestUtil.java:waitAndCheckNewConf(96)) - checking  FOLLOWER s2@group-B3196483C112:t1, leader=s0, voted=null, raftlog=Memoized:s2@group-B3196483C112-SegmentedRaftLog:OPENED:c-1, conf=0: peers:[s0|rpc:localhost:37451|admin:localhost:41075|client:localhost:35727|dataStream:localhost:38867|priority:0|startupRole:FOLLOWER]|listeners:[], old=null STARTING
2023-04-27 07:11:53,666 [Time-limited test] WARN  impl.RaftServerTestUtil (JavaUtils.java:attempt(217)) - FAILED "waitAndCheckNewConf", attempt #4/10: java.lang.AssertionError, sleep 600ms and then retry.
java.lang.AssertionError
	at org.junit.Assert.fail(Assert.java:87)
	at org.junit.Assert.assertTrue(Assert.java:42)
	at org.junit.Assert.assertTrue(Assert.java:53)
	at org.apache.ratis.server.impl.RaftServerTestUtil.waitAndCheckNewConf(RaftServerTestUtil.java:107)
	at org.apache.ratis.server.impl.RaftServerTestUtil.lambda$waitAndCheckNewConf$3(RaftServerTestUtil.java:82)
	at org.apache.ratis.util.function.CheckedRunnable.lambda$asCheckedSupplier$0(CheckedRunnable.java:32)
	at org.apache.ratis.util.JavaUtils.attempt(JavaUtils.java:211)
	at org.apache.ratis.util.JavaUtils.attemptRepeatedly(JavaUtils.java:197)
	at org.apache.ratis.util.JavaUtils.attempt(JavaUtils.java:231)
	at org.apache.ratis.server.impl.RaftServerTestUtil.waitAndCheckNewConf(RaftServerTestUtil.java:82)
	at org.apache.ratis.InstallSnapshotFromLeaderTests.testMultiFileInstallSnapshot(InstallSnapshotFromLeaderTests.java:116)
	at org.apache.ratis.server.impl.MiniRaftCluster$Factory$Get.runWithNewCluster(MiniRaftCluster.java:141)
	at org.apache.ratis.server.impl.MiniRaftCluster$Factory$Get.runWithNewCluster(MiniRaftCluster.java:121)
	at org.apache.ratis.InstallSnapshotFromLeaderTests.testMultiFileInstallSnapshot(InstallSnapshotFromLeaderTests.java:80)
	at java.base/jdk.internal.reflect.NativeMethodAccessorImpl.invoke0(Native Method)
	at java.base/jdk.internal.reflect.NativeMethodAccessorImpl.invoke(NativeMethodAccessorImpl.java:62)
	at java.base/jdk.internal.reflect.DelegatingMethodAccessorImpl.invoke(DelegatingMethodAccessorImpl.java:43)
	at java.base/java.lang.reflect.Method.invoke(Method.java:566)
	at org.junit.runners.model.FrameworkMethod$1.runReflectiveCall(FrameworkMethod.java:59)
	at org.junit.internal.runners.model.ReflectiveCallable.run(ReflectiveCallable.java:12)
	at org.junit.runners.model.FrameworkMethod.invokeExplosively(FrameworkMethod.java:56)
	at org.junit.internal.runners.statements.InvokeMethod.evaluate(InvokeMethod.java:17)
	at org.junit.internal.runners.statements.RunAfters.evaluate(RunAfters.java:27)
	at org.junit.internal.runners.statements.FailOnTimeout$CallableStatement.call(FailOnTimeout.java:299)
	at org.junit.internal.runners.statements.FailOnTimeout$CallableStatement.call(FailOnTimeout.java:293)
	at java.base/java.util.concurrent.FutureTask.run(FutureTask.java:264)
	at java.base/java.lang.Thread.run(Thread.java:829)
2023-04-27 07:11:53,900 [s1@group-B3196483C112-FollowerState] INFO  server.RaftServerConfigKeys (ConfUtils.java:logFallback(53)) - raft.server.rpc.first-election.timeout.min = 150ms (fallback to raft.server.rpc.timeout.min)
2023-04-27 07:11:53,900 [s1@group-B3196483C112-FollowerState] INFO  server.RaftServerConfigKeys (ConfUtils.java:logFallback(53)) - raft.server.rpc.first-election.timeout.max = 300ms (fallback to raft.server.rpc.timeout.max)
2023-04-27 07:11:54,061 [s1@group-B3196483C112-FollowerState] INFO  server.RaftServerConfigKeys (ConfUtils.java:logFallback(53)) - raft.server.rpc.first-election.timeout.min = 150ms (fallback to raft.server.rpc.timeout.min)
2023-04-27 07:11:54,061 [s1@group-B3196483C112-FollowerState] INFO  server.RaftServerConfigKeys (ConfUtils.java:logFallback(53)) - raft.server.rpc.first-election.timeout.max = 300ms (fallback to raft.server.rpc.timeout.max)
2023-04-27 07:11:54,213 [s1@group-B3196483C112-FollowerState] INFO  server.RaftServerConfigKeys (ConfUtils.java:logFallback(53)) - raft.server.rpc.first-election.timeout.min = 150ms (fallback to raft.server.rpc.timeout.min)
2023-04-27 07:11:54,213 [s1@group-B3196483C112-FollowerState] INFO  server.RaftServerConfigKeys (ConfUtils.java:logFallback(53)) - raft.server.rpc.first-election.timeout.max = 300ms (fallback to raft.server.rpc.timeout.max)
2023-04-27 07:11:54,267 [Time-limited test] INFO  impl.RaftServerTestUtil (RaftServerTestUtil.java:waitAndCheckNewConf(87)) - waitAndCheckNewConf: peers=[s1|rpc:0.0.0.0:38545|priority:0|startupRole:FOLLOWER, s2|rpc:0.0.0.0:37499|priority:0|startupRole:FOLLOWER, s0|rpc:localhost:37451|admin:localhost:41075|client:localhost:35727|dataStream:localhost:38867|priority:0|startupRole:FOLLOWER], deadPeers=null, printing ALL groups
  s0:  RUNNING    LEADER s0@group-B3196483C112:t1, leader=s0, voted=s0, raftlog=Memoized:s0@group-B3196483C112-SegmentedRaftLog:OPENED:c258, conf=257: peers:[s0|rpc:localhost:37451|admin:localhost:41075|client:localhost:35727|dataStream:localhost:38867|priority:0|startupRole:FOLLOWER, s1|rpc:0.0.0.0:38545|dataStream:|priority:0|startupRole:FOLLOWER, s2|rpc:0.0.0.0:37499|dataStream:|priority:0|startupRole:FOLLOWER]|listeners:[], old=null RUNNING
  s1:  RUNNING  FOLLOWER s1@group-B3196483C112:t1, leader=s0, voted=null, raftlog=Memoized:s1@group-B3196483C112-SegmentedRaftLog:OPENED:c258, conf=257: peers:[s0|rpc:localhost:37451|admin:localhost:41075|client:localhost:35727|dataStream:localhost:38867|priority:0|startupRole:FOLLOWER, s1|rpc:0.0.0.0:38545|dataStream:|priority:0|startupRole:FOLLOWER, s2|rpc:0.0.0.0:37499|dataStream:|priority:0|startupRole:FOLLOWER]|listeners:[], old=null RUNNING
  s2:  RUNNING  FOLLOWER s2@group-B3196483C112:t1, leader=s0, voted=null, raftlog=Memoized:s2@group-B3196483C112-SegmentedRaftLog:OPENED:c-1, conf=0: peers:[s0|rpc:localhost:37451|admin:localhost:41075|client:localhost:35727|dataStream:localhost:38867|priority:0|startupRole:FOLLOWER]|listeners:[], old=null STARTING
2023-04-27 07:11:54,267 [Time-limited test] INFO  impl.RaftServerTestUtil (RaftServerTestUtil.java:waitAndCheckNewConf(96)) - checking    LEADER s0@group-B3196483C112:t1, leader=s0, voted=s0, raftlog=Memoized:s0@group-B3196483C112-SegmentedRaftLog:OPENED:c258, conf=257: peers:[s0|rpc:localhost:37451|admin:localhost:41075|client:localhost:35727|dataStream:localhost:38867|priority:0|startupRole:FOLLOWER, s1|rpc:0.0.0.0:38545|dataStream:|priority:0|startupRole:FOLLOWER, s2|rpc:0.0.0.0:37499|dataStream:|priority:0|startupRole:FOLLOWER]|listeners:[], old=null RUNNING
2023-04-27 07:11:54,267 [Time-limited test] INFO  impl.RaftServerTestUtil (RaftServerTestUtil.java:waitAndCheckNewConf(96)) - checking  FOLLOWER s1@group-B3196483C112:t1, leader=s0, voted=null, raftlog=Memoized:s1@group-B3196483C112-SegmentedRaftLog:OPENED:c258, conf=257: peers:[s0|rpc:localhost:37451|admin:localhost:41075|client:localhost:35727|dataStream:localhost:38867|priority:0|startupRole:FOLLOWER, s1|rpc:0.0.0.0:38545|dataStream:|priority:0|startupRole:FOLLOWER, s2|rpc:0.0.0.0:37499|dataStream:|priority:0|startupRole:FOLLOWER]|listeners:[], old=null RUNNING
2023-04-27 07:11:54,267 [Time-limited test] INFO  impl.RaftServerTestUtil (RaftServerTestUtil.java:waitAndCheckNewConf(96)) - checking  FOLLOWER s2@group-B3196483C112:t1, leader=s0, voted=null, raftlog=Memoized:s2@group-B3196483C112-SegmentedRaftLog:OPENED:c-1, conf=0: peers:[s0|rpc:localhost:37451|admin:localhost:41075|client:localhost:35727|dataStream:localhost:38867|priority:0|startupRole:FOLLOWER]|listeners:[], old=null STARTING
2023-04-27 07:11:54,267 [Time-limited test] WARN  impl.RaftServerTestUtil (JavaUtils.java:attempt(217)) - FAILED "waitAndCheckNewConf", attempt #5/10: java.lang.AssertionError, sleep 600ms and then retry.
java.lang.AssertionError
	at org.junit.Assert.fail(Assert.java:87)
	at org.junit.Assert.assertTrue(Assert.java:42)
	at org.junit.Assert.assertTrue(Assert.java:53)
	at org.apache.ratis.server.impl.RaftServerTestUtil.waitAndCheckNewConf(RaftServerTestUtil.java:107)
	at org.apache.ratis.server.impl.RaftServerTestUtil.lambda$waitAndCheckNewConf$3(RaftServerTestUtil.java:82)
	at org.apache.ratis.util.function.CheckedRunnable.lambda$asCheckedSupplier$0(CheckedRunnable.java:32)
	at org.apache.ratis.util.JavaUtils.attempt(JavaUtils.java:211)
	at org.apache.ratis.util.JavaUtils.attemptRepeatedly(JavaUtils.java:197)
	at org.apache.ratis.util.JavaUtils.attempt(JavaUtils.java:231)
	at org.apache.ratis.server.impl.RaftServerTestUtil.waitAndCheckNewConf(RaftServerTestUtil.java:82)
	at org.apache.ratis.InstallSnapshotFromLeaderTests.testMultiFileInstallSnapshot(InstallSnapshotFromLeaderTests.java:116)
	at org.apache.ratis.server.impl.MiniRaftCluster$Factory$Get.runWithNewCluster(MiniRaftCluster.java:141)
	at org.apache.ratis.server.impl.MiniRaftCluster$Factory$Get.runWithNewCluster(MiniRaftCluster.java:121)
	at org.apache.ratis.InstallSnapshotFromLeaderTests.testMultiFileInstallSnapshot(InstallSnapshotFromLeaderTests.java:80)
	at java.base/jdk.internal.reflect.NativeMethodAccessorImpl.invoke0(Native Method)
	at java.base/jdk.internal.reflect.NativeMethodAccessorImpl.invoke(NativeMethodAccessorImpl.java:62)
	at java.base/jdk.internal.reflect.DelegatingMethodAccessorImpl.invoke(DelegatingMethodAccessorImpl.java:43)
	at java.base/java.lang.reflect.Method.invoke(Method.java:566)
	at org.junit.runners.model.FrameworkMethod$1.runReflectiveCall(FrameworkMethod.java:59)
	at org.junit.internal.runners.model.ReflectiveCallable.run(ReflectiveCallable.java:12)
	at org.junit.runners.model.FrameworkMethod.invokeExplosively(FrameworkMethod.java:56)
	at org.junit.internal.runners.statements.InvokeMethod.evaluate(InvokeMethod.java:17)
	at org.junit.internal.runners.statements.RunAfters.evaluate(RunAfters.java:27)
	at org.junit.internal.runners.statements.FailOnTimeout$CallableStatement.call(FailOnTimeout.java:299)
	at org.junit.internal.runners.statements.FailOnTimeout$CallableStatement.call(FailOnTimeout.java:293)
	at java.base/java.util.concurrent.FutureTask.run(FutureTask.java:264)
	at java.base/java.lang.Thread.run(Thread.java:829)
2023-04-27 07:11:54,481 [s1@group-B3196483C112-FollowerState] INFO  server.RaftServerConfigKeys (ConfUtils.java:logFallback(53)) - raft.server.rpc.first-election.timeout.min = 150ms (fallback to raft.server.rpc.timeout.min)
2023-04-27 07:11:54,481 [s1@group-B3196483C112-FollowerState] INFO  server.RaftServerConfigKeys (ConfUtils.java:logFallback(53)) - raft.server.rpc.first-election.timeout.max = 300ms (fallback to raft.server.rpc.timeout.max)
2023-04-27 07:11:54,663 [s1@group-B3196483C112-FollowerState] INFO  server.RaftServerConfigKeys (ConfUtils.java:logFallback(53)) - raft.server.rpc.first-election.timeout.min = 150ms (fallback to raft.server.rpc.timeout.min)
2023-04-27 07:11:54,664 [s1@group-B3196483C112-FollowerState] INFO  server.RaftServerConfigKeys (ConfUtils.java:logFallback(53)) - raft.server.rpc.first-election.timeout.max = 300ms (fallback to raft.server.rpc.timeout.max)
2023-04-27 07:11:54,868 [Time-limited test] INFO  impl.RaftServerTestUtil (RaftServerTestUtil.java:waitAndCheckNewConf(87)) - waitAndCheckNewConf: peers=[s1|rpc:0.0.0.0:38545|priority:0|startupRole:FOLLOWER, s2|rpc:0.0.0.0:37499|priority:0|startupRole:FOLLOWER, s0|rpc:localhost:37451|admin:localhost:41075|client:localhost:35727|dataStream:localhost:38867|priority:0|startupRole:FOLLOWER], deadPeers=null, printing ALL groups
  s0:  RUNNING    LEADER s0@group-B3196483C112:t1, leader=s0, voted=s0, raftlog=Memoized:s0@group-B3196483C112-SegmentedRaftLog:OPENED:c258, conf=257: peers:[s0|rpc:localhost:37451|admin:localhost:41075|client:localhost:35727|dataStream:localhost:38867|priority:0|startupRole:FOLLOWER, s1|rpc:0.0.0.0:38545|dataStream:|priority:0|startupRole:FOLLOWER, s2|rpc:0.0.0.0:37499|dataStream:|priority:0|startupRole:FOLLOWER]|listeners:[], old=null RUNNING
  s1:  RUNNING  FOLLOWER s1@group-B3196483C112:t1, leader=s0, voted=null, raftlog=Memoized:s1@group-B3196483C112-SegmentedRaftLog:OPENED:c258, conf=257: peers:[s0|rpc:localhost:37451|admin:localhost:41075|client:localhost:35727|dataStream:localhost:38867|priority:0|startupRole:FOLLOWER, s1|rpc:0.0.0.0:38545|dataStream:|priority:0|startupRole:FOLLOWER, s2|rpc:0.0.0.0:37499|dataStream:|priority:0|startupRole:FOLLOWER]|listeners:[], old=null RUNNING
  s2:  RUNNING  FOLLOWER s2@group-B3196483C112:t1, leader=s0, voted=null, raftlog=Memoized:s2@group-B3196483C112-SegmentedRaftLog:OPENED:c-1, conf=0: peers:[s0|rpc:localhost:37451|admin:localhost:41075|client:localhost:35727|dataStream:localhost:38867|priority:0|startupRole:FOLLOWER]|listeners:[], old=null STARTING
2023-04-27 07:11:54,868 [Time-limited test] INFO  impl.RaftServerTestUtil (RaftServerTestUtil.java:waitAndCheckNewConf(96)) - checking    LEADER s0@group-B3196483C112:t1, leader=s0, voted=s0, raftlog=Memoized:s0@group-B3196483C112-SegmentedRaftLog:OPENED:c258, conf=257: peers:[s0|rpc:localhost:37451|admin:localhost:41075|client:localhost:35727|dataStream:localhost:38867|priority:0|startupRole:FOLLOWER, s1|rpc:0.0.0.0:38545|dataStream:|priority:0|startupRole:FOLLOWER, s2|rpc:0.0.0.0:37499|dataStream:|priority:0|startupRole:FOLLOWER]|listeners:[], old=null RUNNING
2023-04-27 07:11:54,868 [Time-limited test] INFO  impl.RaftServerTestUtil (RaftServerTestUtil.java:waitAndCheckNewConf(96)) - checking  FOLLOWER s1@group-B3196483C112:t1, leader=s0, voted=null, raftlog=Memoized:s1@group-B3196483C112-SegmentedRaftLog:OPENED:c258, conf=257: peers:[s0|rpc:localhost:37451|admin:localhost:41075|client:localhost:35727|dataStream:localhost:38867|priority:0|startupRole:FOLLOWER, s1|rpc:0.0.0.0:38545|dataStream:|priority:0|startupRole:FOLLOWER, s2|rpc:0.0.0.0:37499|dataStream:|priority:0|startupRole:FOLLOWER]|listeners:[], old=null RUNNING
2023-04-27 07:11:54,868 [Time-limited test] INFO  impl.RaftServerTestUtil (RaftServerTestUtil.java:waitAndCheckNewConf(96)) - checking  FOLLOWER s2@group-B3196483C112:t1, leader=s0, voted=null, raftlog=Memoized:s2@group-B3196483C112-SegmentedRaftLog:OPENED:c-1, conf=0: peers:[s0|rpc:localhost:37451|admin:localhost:41075|client:localhost:35727|dataStream:localhost:38867|priority:0|startupRole:FOLLOWER]|listeners:[], old=null STARTING
2023-04-27 07:11:54,868 [Time-limited test] WARN  impl.RaftServerTestUtil (JavaUtils.java:attempt(217)) - FAILED "waitAndCheckNewConf", attempt #6/10: java.lang.AssertionError, sleep 600ms and then retry.
java.lang.AssertionError
	at org.junit.Assert.fail(Assert.java:87)
	at org.junit.Assert.assertTrue(Assert.java:42)
	at org.junit.Assert.assertTrue(Assert.java:53)
	at org.apache.ratis.server.impl.RaftServerTestUtil.waitAndCheckNewConf(RaftServerTestUtil.java:107)
	at org.apache.ratis.server.impl.RaftServerTestUtil.lambda$waitAndCheckNewConf$3(RaftServerTestUtil.java:82)
	at org.apache.ratis.util.function.CheckedRunnable.lambda$asCheckedSupplier$0(CheckedRunnable.java:32)
	at org.apache.ratis.util.JavaUtils.attempt(JavaUtils.java:211)
	at org.apache.ratis.util.JavaUtils.attemptRepeatedly(JavaUtils.java:197)
	at org.apache.ratis.util.JavaUtils.attempt(JavaUtils.java:231)
	at org.apache.ratis.server.impl.RaftServerTestUtil.waitAndCheckNewConf(RaftServerTestUtil.java:82)
	at org.apache.ratis.InstallSnapshotFromLeaderTests.testMultiFileInstallSnapshot(InstallSnapshotFromLeaderTests.java:116)
	at org.apache.ratis.server.impl.MiniRaftCluster$Factory$Get.runWithNewCluster(MiniRaftCluster.java:141)
	at org.apache.ratis.server.impl.MiniRaftCluster$Factory$Get.runWithNewCluster(MiniRaftCluster.java:121)
	at org.apache.ratis.InstallSnapshotFromLeaderTests.testMultiFileInstallSnapshot(InstallSnapshotFromLeaderTests.java:80)
	at java.base/jdk.internal.reflect.NativeMethodAccessorImpl.invoke0(Native Method)
	at java.base/jdk.internal.reflect.NativeMethodAccessorImpl.invoke(NativeMethodAccessorImpl.java:62)
	at java.base/jdk.internal.reflect.DelegatingMethodAccessorImpl.invoke(DelegatingMethodAccessorImpl.java:43)
	at java.base/java.lang.reflect.Method.invoke(Method.java:566)
	at org.junit.runners.model.FrameworkMethod$1.runReflectiveCall(FrameworkMethod.java:59)
	at org.junit.internal.runners.model.ReflectiveCallable.run(ReflectiveCallable.java:12)
	at org.junit.runners.model.FrameworkMethod.invokeExplosively(FrameworkMethod.java:56)
	at org.junit.internal.runners.statements.InvokeMethod.evaluate(InvokeMethod.java:17)
	at org.junit.internal.runners.statements.RunAfters.evaluate(RunAfters.java:27)
	at org.junit.internal.runners.statements.FailOnTimeout$CallableStatement.call(FailOnTimeout.java:299)
	at org.junit.internal.runners.statements.FailOnTimeout$CallableStatement.call(FailOnTimeout.java:293)
	at java.base/java.util.concurrent.FutureTask.run(FutureTask.java:264)
	at java.base/java.lang.Thread.run(Thread.java:829)
2023-04-27 07:11:54,963 [s1@group-B3196483C112-FollowerState] INFO  server.RaftServerConfigKeys (ConfUtils.java:logFallback(53)) - raft.server.rpc.first-election.timeout.min = 150ms (fallback to raft.server.rpc.timeout.min)
2023-04-27 07:11:54,963 [s1@group-B3196483C112-FollowerState] INFO  server.RaftServerConfigKeys (ConfUtils.java:logFallback(53)) - raft.server.rpc.first-election.timeout.max = 300ms (fallback to raft.server.rpc.timeout.max)
2023-04-27 07:11:55,194 [s1@group-B3196483C112-FollowerState] INFO  server.RaftServerConfigKeys (ConfUtils.java:logFallback(53)) - raft.server.rpc.first-election.timeout.min = 150ms (fallback to raft.server.rpc.timeout.min)
2023-04-27 07:11:55,195 [s1@group-B3196483C112-FollowerState] INFO  server.RaftServerConfigKeys (ConfUtils.java:logFallback(53)) - raft.server.rpc.first-election.timeout.max = 300ms (fallback to raft.server.rpc.timeout.max)
2023-04-27 07:11:55,469 [Time-limited test] INFO  impl.RaftServerTestUtil (RaftServerTestUtil.java:waitAndCheckNewConf(87)) - waitAndCheckNewConf: peers=[s1|rpc:0.0.0.0:38545|priority:0|startupRole:FOLLOWER, s2|rpc:0.0.0.0:37499|priority:0|startupRole:FOLLOWER, s0|rpc:localhost:37451|admin:localhost:41075|client:localhost:35727|dataStream:localhost:38867|priority:0|startupRole:FOLLOWER], deadPeers=null, printing ALL groups
  s0:  RUNNING    LEADER s0@group-B3196483C112:t1, leader=s0, voted=s0, raftlog=Memoized:s0@group-B3196483C112-SegmentedRaftLog:OPENED:c258, conf=257: peers:[s0|rpc:localhost:37451|admin:localhost:41075|client:localhost:35727|dataStream:localhost:38867|priority:0|startupRole:FOLLOWER, s1|rpc:0.0.0.0:38545|dataStream:|priority:0|startupRole:FOLLOWER, s2|rpc:0.0.0.0:37499|dataStream:|priority:0|startupRole:FOLLOWER]|listeners:[], old=null RUNNING
  s1:  RUNNING  FOLLOWER s1@group-B3196483C112:t1, leader=s0, voted=null, raftlog=Memoized:s1@group-B3196483C112-SegmentedRaftLog:OPENED:c258, conf=257: peers:[s0|rpc:localhost:37451|admin:localhost:41075|client:localhost:35727|dataStream:localhost:38867|priority:0|startupRole:FOLLOWER, s1|rpc:0.0.0.0:38545|dataStream:|priority:0|startupRole:FOLLOWER, s2|rpc:0.0.0.0:37499|dataStream:|priority:0|startupRole:FOLLOWER]|listeners:[], old=null RUNNING
  s2:  RUNNING  FOLLOWER s2@group-B3196483C112:t1, leader=s0, voted=null, raftlog=Memoized:s2@group-B3196483C112-SegmentedRaftLog:OPENED:c-1, conf=0: peers:[s0|rpc:localhost:37451|admin:localhost:41075|client:localhost:35727|dataStream:localhost:38867|priority:0|startupRole:FOLLOWER]|listeners:[], old=null STARTING
2023-04-27 07:11:55,469 [Time-limited test] INFO  impl.RaftServerTestUtil (RaftServerTestUtil.java:waitAndCheckNewConf(96)) - checking    LEADER s0@group-B3196483C112:t1, leader=s0, voted=s0, raftlog=Memoized:s0@group-B3196483C112-SegmentedRaftLog:OPENED:c258, conf=257: peers:[s0|rpc:localhost:37451|admin:localhost:41075|client:localhost:35727|dataStream:localhost:38867|priority:0|startupRole:FOLLOWER, s1|rpc:0.0.0.0:38545|dataStream:|priority:0|startupRole:FOLLOWER, s2|rpc:0.0.0.0:37499|dataStream:|priority:0|startupRole:FOLLOWER]|listeners:[], old=null RUNNING
2023-04-27 07:11:55,469 [Time-limited test] INFO  impl.RaftServerTestUtil (RaftServerTestUtil.java:waitAndCheckNewConf(96)) - checking  FOLLOWER s1@group-B3196483C112:t1, leader=s0, voted=null, raftlog=Memoized:s1@group-B3196483C112-SegmentedRaftLog:OPENED:c258, conf=257: peers:[s0|rpc:localhost:37451|admin:localhost:41075|client:localhost:35727|dataStream:localhost:38867|priority:0|startupRole:FOLLOWER, s1|rpc:0.0.0.0:38545|dataStream:|priority:0|startupRole:FOLLOWER, s2|rpc:0.0.0.0:37499|dataStream:|priority:0|startupRole:FOLLOWER]|listeners:[], old=null RUNNING
2023-04-27 07:11:55,469 [Time-limited test] INFO  impl.RaftServerTestUtil (RaftServerTestUtil.java:waitAndCheckNewConf(96)) - checking  FOLLOWER s2@group-B3196483C112:t1, leader=s0, voted=null, raftlog=Memoized:s2@group-B3196483C112-SegmentedRaftLog:OPENED:c-1, conf=0: peers:[s0|rpc:localhost:37451|admin:localhost:41075|client:localhost:35727|dataStream:localhost:38867|priority:0|startupRole:FOLLOWER]|listeners:[], old=null STARTING
2023-04-27 07:11:55,469 [Time-limited test] WARN  impl.RaftServerTestUtil (JavaUtils.java:attempt(217)) - FAILED "waitAndCheckNewConf", attempt #7/10: java.lang.AssertionError, sleep 600ms and then retry.
java.lang.AssertionError
	at org.junit.Assert.fail(Assert.java:87)
	at org.junit.Assert.assertTrue(Assert.java:42)
	at org.junit.Assert.assertTrue(Assert.java:53)
	at org.apache.ratis.server.impl.RaftServerTestUtil.waitAndCheckNewConf(RaftServerTestUtil.java:107)
	at org.apache.ratis.server.impl.RaftServerTestUtil.lambda$waitAndCheckNewConf$3(RaftServerTestUtil.java:82)
	at org.apache.ratis.util.function.CheckedRunnable.lambda$asCheckedSupplier$0(CheckedRunnable.java:32)
	at org.apache.ratis.util.JavaUtils.attempt(JavaUtils.java:211)
	at org.apache.ratis.util.JavaUtils.attemptRepeatedly(JavaUtils.java:197)
	at org.apache.ratis.util.JavaUtils.attempt(JavaUtils.java:231)
	at org.apache.ratis.server.impl.RaftServerTestUtil.waitAndCheckNewConf(RaftServerTestUtil.java:82)
	at org.apache.ratis.InstallSnapshotFromLeaderTests.testMultiFileInstallSnapshot(InstallSnapshotFromLeaderTests.java:116)
	at org.apache.ratis.server.impl.MiniRaftCluster$Factory$Get.runWithNewCluster(MiniRaftCluster.java:141)
	at org.apache.ratis.server.impl.MiniRaftCluster$Factory$Get.runWithNewCluster(MiniRaftCluster.java:121)
	at org.apache.ratis.InstallSnapshotFromLeaderTests.testMultiFileInstallSnapshot(InstallSnapshotFromLeaderTests.java:80)
	at java.base/jdk.internal.reflect.NativeMethodAccessorImpl.invoke0(Native Method)
	at java.base/jdk.internal.reflect.NativeMethodAccessorImpl.invoke(NativeMethodAccessorImpl.java:62)
	at java.base/jdk.internal.reflect.DelegatingMethodAccessorImpl.invoke(DelegatingMethodAccessorImpl.java:43)
	at java.base/java.lang.reflect.Method.invoke(Method.java:566)
	at org.junit.runners.model.FrameworkMethod$1.runReflectiveCall(FrameworkMethod.java:59)
	at org.junit.internal.runners.model.ReflectiveCallable.run(ReflectiveCallable.java:12)
	at org.junit.runners.model.FrameworkMethod.invokeExplosively(FrameworkMethod.java:56)
	at org.junit.internal.runners.statements.InvokeMethod.evaluate(InvokeMethod.java:17)
	at org.junit.internal.runners.statements.RunAfters.evaluate(RunAfters.java:27)
	at org.junit.internal.runners.statements.FailOnTimeout$CallableStatement.call(FailOnTimeout.java:299)
	at org.junit.internal.runners.statements.FailOnTimeout$CallableStatement.call(FailOnTimeout.java:293)
	at java.base/java.util.concurrent.FutureTask.run(FutureTask.java:264)
	at java.base/java.lang.Thread.run(Thread.java:829)
2023-04-27 07:11:55,481 [s1@group-B3196483C112-FollowerState] INFO  server.RaftServerConfigKeys (ConfUtils.java:logFallback(53)) - raft.server.rpc.first-election.timeout.min = 150ms (fallback to raft.server.rpc.timeout.min)
2023-04-27 07:11:55,481 [s1@group-B3196483C112-FollowerState] INFO  server.RaftServerConfigKeys (ConfUtils.java:logFallback(53)) - raft.server.rpc.first-election.timeout.max = 300ms (fallback to raft.server.rpc.timeout.max)
2023-04-27 07:11:55,660 [s1@group-B3196483C112-FollowerState] INFO  server.RaftServerConfigKeys (ConfUtils.java:logFallback(53)) - raft.server.rpc.first-election.timeout.min = 150ms (fallback to raft.server.rpc.timeout.min)
2023-04-27 07:11:55,661 [s1@group-B3196483C112-FollowerState] INFO  server.RaftServerConfigKeys (ConfUtils.java:logFallback(53)) - raft.server.rpc.first-election.timeout.max = 300ms (fallback to raft.server.rpc.timeout.max)
2023-04-27 07:11:55,813 [s1@group-B3196483C112-FollowerState] INFO  server.RaftServerConfigKeys (ConfUtils.java:logFallback(53)) - raft.server.rpc.first-election.timeout.min = 150ms (fallback to raft.server.rpc.timeout.min)
2023-04-27 07:11:55,813 [s1@group-B3196483C112-FollowerState] INFO  server.RaftServerConfigKeys (ConfUtils.java:logFallback(53)) - raft.server.rpc.first-election.timeout.max = 300ms (fallback to raft.server.rpc.timeout.max)
2023-04-27 07:11:56,024 [s1@group-B3196483C112-FollowerState] INFO  server.RaftServerConfigKeys (ConfUtils.java:logFallback(53)) - raft.server.rpc.first-election.timeout.min = 150ms (fallback to raft.server.rpc.timeout.min)
2023-04-27 07:11:56,024 [s1@group-B3196483C112-FollowerState] INFO  server.RaftServerConfigKeys (ConfUtils.java:logFallback(53)) - raft.server.rpc.first-election.timeout.max = 300ms (fallback to raft.server.rpc.timeout.max)
2023-04-27 07:11:56,070 [Time-limited test] INFO  impl.RaftServerTestUtil (RaftServerTestUtil.java:waitAndCheckNewConf(87)) - waitAndCheckNewConf: peers=[s1|rpc:0.0.0.0:38545|priority:0|startupRole:FOLLOWER, s2|rpc:0.0.0.0:37499|priority:0|startupRole:FOLLOWER, s0|rpc:localhost:37451|admin:localhost:41075|client:localhost:35727|dataStream:localhost:38867|priority:0|startupRole:FOLLOWER], deadPeers=null, printing ALL groups
  s0:  RUNNING    LEADER s0@group-B3196483C112:t1, leader=s0, voted=s0, raftlog=Memoized:s0@group-B3196483C112-SegmentedRaftLog:OPENED:c258, conf=257: peers:[s0|rpc:localhost:37451|admin:localhost:41075|client:localhost:35727|dataStream:localhost:38867|priority:0|startupRole:FOLLOWER, s1|rpc:0.0.0.0:38545|dataStream:|priority:0|startupRole:FOLLOWER, s2|rpc:0.0.0.0:37499|dataStream:|priority:0|startupRole:FOLLOWER]|listeners:[], old=null RUNNING
  s1:  RUNNING  FOLLOWER s1@group-B3196483C112:t1, leader=s0, voted=null, raftlog=Memoized:s1@group-B3196483C112-SegmentedRaftLog:OPENED:c258, conf=257: peers:[s0|rpc:localhost:37451|admin:localhost:41075|client:localhost:35727|dataStream:localhost:38867|priority:0|startupRole:FOLLOWER, s1|rpc:0.0.0.0:38545|dataStream:|priority:0|startupRole:FOLLOWER, s2|rpc:0.0.0.0:37499|dataStream:|priority:0|startupRole:FOLLOWER]|listeners:[], old=null RUNNING
  s2:  RUNNING  FOLLOWER s2@group-B3196483C112:t1, leader=s0, voted=null, raftlog=Memoized:s2@group-B3196483C112-SegmentedRaftLog:OPENED:c-1, conf=0: peers:[s0|rpc:localhost:37451|admin:localhost:41075|client:localhost:35727|dataStream:localhost:38867|priority:0|startupRole:FOLLOWER]|listeners:[], old=null STARTING
2023-04-27 07:11:56,070 [Time-limited test] INFO  impl.RaftServerTestUtil (RaftServerTestUtil.java:waitAndCheckNewConf(96)) - checking    LEADER s0@group-B3196483C112:t1, leader=s0, voted=s0, raftlog=Memoized:s0@group-B3196483C112-SegmentedRaftLog:OPENED:c258, conf=257: peers:[s0|rpc:localhost:37451|admin:localhost:41075|client:localhost:35727|dataStream:localhost:38867|priority:0|startupRole:FOLLOWER, s1|rpc:0.0.0.0:38545|dataStream:|priority:0|startupRole:FOLLOWER, s2|rpc:0.0.0.0:37499|dataStream:|priority:0|startupRole:FOLLOWER]|listeners:[], old=null RUNNING
2023-04-27 07:11:56,071 [Time-limited test] INFO  impl.RaftServerTestUtil (RaftServerTestUtil.java:waitAndCheckNewConf(96)) - checking  FOLLOWER s1@group-B3196483C112:t1, leader=s0, voted=null, raftlog=Memoized:s1@group-B3196483C112-SegmentedRaftLog:OPENED:c258, conf=257: peers:[s0|rpc:localhost:37451|admin:localhost:41075|client:localhost:35727|dataStream:localhost:38867|priority:0|startupRole:FOLLOWER, s1|rpc:0.0.0.0:38545|dataStream:|priority:0|startupRole:FOLLOWER, s2|rpc:0.0.0.0:37499|dataStream:|priority:0|startupRole:FOLLOWER]|listeners:[], old=null RUNNING
2023-04-27 07:11:56,071 [Time-limited test] INFO  impl.RaftServerTestUtil (RaftServerTestUtil.java:waitAndCheckNewConf(96)) - checking  FOLLOWER s2@group-B3196483C112:t1, leader=s0, voted=null, raftlog=Memoized:s2@group-B3196483C112-SegmentedRaftLog:OPENED:c-1, conf=0: peers:[s0|rpc:localhost:37451|admin:localhost:41075|client:localhost:35727|dataStream:localhost:38867|priority:0|startupRole:FOLLOWER]|listeners:[], old=null STARTING
2023-04-27 07:11:56,071 [Time-limited test] WARN  impl.RaftServerTestUtil (JavaUtils.java:attempt(217)) - FAILED "waitAndCheckNewConf", attempt #8/10: java.lang.AssertionError, sleep 600ms and then retry.
java.lang.AssertionError
	at org.junit.Assert.fail(Assert.java:87)
	at org.junit.Assert.assertTrue(Assert.java:42)
	at org.junit.Assert.assertTrue(Assert.java:53)
	at org.apache.ratis.server.impl.RaftServerTestUtil.waitAndCheckNewConf(RaftServerTestUtil.java:107)
	at org.apache.ratis.server.impl.RaftServerTestUtil.lambda$waitAndCheckNewConf$3(RaftServerTestUtil.java:82)
	at org.apache.ratis.util.function.CheckedRunnable.lambda$asCheckedSupplier$0(CheckedRunnable.java:32)
	at org.apache.ratis.util.JavaUtils.attempt(JavaUtils.java:211)
	at org.apache.ratis.util.JavaUtils.attemptRepeatedly(JavaUtils.java:197)
	at org.apache.ratis.util.JavaUtils.attempt(JavaUtils.java:231)
	at org.apache.ratis.server.impl.RaftServerTestUtil.waitAndCheckNewConf(RaftServerTestUtil.java:82)
	at org.apache.ratis.InstallSnapshotFromLeaderTests.testMultiFileInstallSnapshot(InstallSnapshotFromLeaderTests.java:116)
	at org.apache.ratis.server.impl.MiniRaftCluster$Factory$Get.runWithNewCluster(MiniRaftCluster.java:141)
	at org.apache.ratis.server.impl.MiniRaftCluster$Factory$Get.runWithNewCluster(MiniRaftCluster.java:121)
	at org.apache.ratis.InstallSnapshotFromLeaderTests.testMultiFileInstallSnapshot(InstallSnapshotFromLeaderTests.java:80)
	at java.base/jdk.internal.reflect.NativeMethodAccessorImpl.invoke0(Native Method)
	at java.base/jdk.internal.reflect.NativeMethodAccessorImpl.invoke(NativeMethodAccessorImpl.java:62)
	at java.base/jdk.internal.reflect.DelegatingMethodAccessorImpl.invoke(DelegatingMethodAccessorImpl.java:43)
	at java.base/java.lang.reflect.Method.invoke(Method.java:566)
	at org.junit.runners.model.FrameworkMethod$1.runReflectiveCall(FrameworkMethod.java:59)
	at org.junit.internal.runners.model.ReflectiveCallable.run(ReflectiveCallable.java:12)
	at org.junit.runners.model.FrameworkMethod.invokeExplosively(FrameworkMethod.java:56)
	at org.junit.internal.runners.statements.InvokeMethod.evaluate(InvokeMethod.java:17)
	at org.junit.internal.runners.statements.RunAfters.evaluate(RunAfters.java:27)
	at org.junit.internal.runners.statements.FailOnTimeout$CallableStatement.call(FailOnTimeout.java:299)
	at org.junit.internal.runners.statements.FailOnTimeout$CallableStatement.call(FailOnTimeout.java:293)
	at java.base/java.util.concurrent.FutureTask.run(FutureTask.java:264)
	at java.base/java.lang.Thread.run(Thread.java:829)
2023-04-27 07:11:56,289 [s1@group-B3196483C112-FollowerState] INFO  server.RaftServerConfigKeys (ConfUtils.java:logFallback(53)) - raft.server.rpc.first-election.timeout.min = 150ms (fallback to raft.server.rpc.timeout.min)
2023-04-27 07:11:56,289 [s1@group-B3196483C112-FollowerState] INFO  server.RaftServerConfigKeys (ConfUtils.java:logFallback(53)) - raft.server.rpc.first-election.timeout.max = 300ms (fallback to raft.server.rpc.timeout.max)
2023-04-27 07:11:56,567 [s1@group-B3196483C112-FollowerState] INFO  server.RaftServerConfigKeys (ConfUtils.java:logFallback(53)) - raft.server.rpc.first-election.timeout.min = 150ms (fallback to raft.server.rpc.timeout.min)
2023-04-27 07:11:56,567 [s1@group-B3196483C112-FollowerState] INFO  server.RaftServerConfigKeys (ConfUtils.java:logFallback(53)) - raft.server.rpc.first-election.timeout.max = 300ms (fallback to raft.server.rpc.timeout.max)
2023-04-27 07:11:56,671 [Time-limited test] INFO  impl.RaftServerTestUtil (RaftServerTestUtil.java:waitAndCheckNewConf(87)) - waitAndCheckNewConf: peers=[s1|rpc:0.0.0.0:38545|priority:0|startupRole:FOLLOWER, s2|rpc:0.0.0.0:37499|priority:0|startupRole:FOLLOWER, s0|rpc:localhost:37451|admin:localhost:41075|client:localhost:35727|dataStream:localhost:38867|priority:0|startupRole:FOLLOWER], deadPeers=null, printing ALL groups
  s0:  RUNNING    LEADER s0@group-B3196483C112:t1, leader=s0, voted=s0, raftlog=Memoized:s0@group-B3196483C112-SegmentedRaftLog:OPENED:c258, conf=257: peers:[s0|rpc:localhost:37451|admin:localhost:41075|client:localhost:35727|dataStream:localhost:38867|priority:0|startupRole:FOLLOWER, s1|rpc:0.0.0.0:38545|dataStream:|priority:0|startupRole:FOLLOWER, s2|rpc:0.0.0.0:37499|dataStream:|priority:0|startupRole:FOLLOWER]|listeners:[], old=null RUNNING
  s1:  RUNNING  FOLLOWER s1@group-B3196483C112:t1, leader=s0, voted=null, raftlog=Memoized:s1@group-B3196483C112-SegmentedRaftLog:OPENED:c258, conf=257: peers:[s0|rpc:localhost:37451|admin:localhost:41075|client:localhost:35727|dataStream:localhost:38867|priority:0|startupRole:FOLLOWER, s1|rpc:0.0.0.0:38545|dataStream:|priority:0|startupRole:FOLLOWER, s2|rpc:0.0.0.0:37499|dataStream:|priority:0|startupRole:FOLLOWER]|listeners:[], old=null RUNNING
  s2:  RUNNING  FOLLOWER s2@group-B3196483C112:t1, leader=s0, voted=null, raftlog=Memoized:s2@group-B3196483C112-SegmentedRaftLog:OPENED:c-1, conf=0: peers:[s0|rpc:localhost:37451|admin:localhost:41075|client:localhost:35727|dataStream:localhost:38867|priority:0|startupRole:FOLLOWER]|listeners:[], old=null STARTING
2023-04-27 07:11:56,672 [Time-limited test] INFO  impl.RaftServerTestUtil (RaftServerTestUtil.java:waitAndCheckNewConf(96)) - checking    LEADER s0@group-B3196483C112:t1, leader=s0, voted=s0, raftlog=Memoized:s0@group-B3196483C112-SegmentedRaftLog:OPENED:c258, conf=257: peers:[s0|rpc:localhost:37451|admin:localhost:41075|client:localhost:35727|dataStream:localhost:38867|priority:0|startupRole:FOLLOWER, s1|rpc:0.0.0.0:38545|dataStream:|priority:0|startupRole:FOLLOWER, s2|rpc:0.0.0.0:37499|dataStream:|priority:0|startupRole:FOLLOWER]|listeners:[], old=null RUNNING
2023-04-27 07:11:56,672 [Time-limited test] INFO  impl.RaftServerTestUtil (RaftServerTestUtil.java:waitAndCheckNewConf(96)) - checking  FOLLOWER s1@group-B3196483C112:t1, leader=s0, voted=null, raftlog=Memoized:s1@group-B3196483C112-SegmentedRaftLog:OPENED:c258, conf=257: peers:[s0|rpc:localhost:37451|admin:localhost:41075|client:localhost:35727|dataStream:localhost:38867|priority:0|startupRole:FOLLOWER, s1|rpc:0.0.0.0:38545|dataStream:|priority:0|startupRole:FOLLOWER, s2|rpc:0.0.0.0:37499|dataStream:|priority:0|startupRole:FOLLOWER]|listeners:[], old=null RUNNING
2023-04-27 07:11:56,672 [Time-limited test] INFO  impl.RaftServerTestUtil (RaftServerTestUtil.java:waitAndCheckNewConf(96)) - checking  FOLLOWER s2@group-B3196483C112:t1, leader=s0, voted=null, raftlog=Memoized:s2@group-B3196483C112-SegmentedRaftLog:OPENED:c-1, conf=0: peers:[s0|rpc:localhost:37451|admin:localhost:41075|client:localhost:35727|dataStream:localhost:38867|priority:0|startupRole:FOLLOWER]|listeners:[], old=null STARTING
2023-04-27 07:11:56,672 [Time-limited test] WARN  impl.RaftServerTestUtil (JavaUtils.java:attempt(217)) - FAILED "waitAndCheckNewConf", attempt #9/10: java.lang.AssertionError, sleep 600ms and then retry.
java.lang.AssertionError
	at org.junit.Assert.fail(Assert.java:87)
	at org.junit.Assert.assertTrue(Assert.java:42)
	at org.junit.Assert.assertTrue(Assert.java:53)
	at org.apache.ratis.server.impl.RaftServerTestUtil.waitAndCheckNewConf(RaftServerTestUtil.java:107)
	at org.apache.ratis.server.impl.RaftServerTestUtil.lambda$waitAndCheckNewConf$3(RaftServerTestUtil.java:82)
	at org.apache.ratis.util.function.CheckedRunnable.lambda$asCheckedSupplier$0(CheckedRunnable.java:32)
	at org.apache.ratis.util.JavaUtils.attempt(JavaUtils.java:211)
	at org.apache.ratis.util.JavaUtils.attemptRepeatedly(JavaUtils.java:197)
	at org.apache.ratis.util.JavaUtils.attempt(JavaUtils.java:231)
	at org.apache.ratis.server.impl.RaftServerTestUtil.waitAndCheckNewConf(RaftServerTestUtil.java:82)
	at org.apache.ratis.InstallSnapshotFromLeaderTests.testMultiFileInstallSnapshot(InstallSnapshotFromLeaderTests.java:116)
	at org.apache.ratis.server.impl.MiniRaftCluster$Factory$Get.runWithNewCluster(MiniRaftCluster.java:141)
	at org.apache.ratis.server.impl.MiniRaftCluster$Factory$Get.runWithNewCluster(MiniRaftCluster.java:121)
	at org.apache.ratis.InstallSnapshotFromLeaderTests.testMultiFileInstallSnapshot(InstallSnapshotFromLeaderTests.java:80)
	at java.base/jdk.internal.reflect.NativeMethodAccessorImpl.invoke0(Native Method)
	at java.base/jdk.internal.reflect.NativeMethodAccessorImpl.invoke(NativeMethodAccessorImpl.java:62)
	at java.base/jdk.internal.reflect.DelegatingMethodAccessorImpl.invoke(DelegatingMethodAccessorImpl.java:43)
	at java.base/java.lang.reflect.Method.invoke(Method.java:566)
	at org.junit.runners.model.FrameworkMethod$1.runReflectiveCall(FrameworkMethod.java:59)
	at org.junit.internal.runners.model.ReflectiveCallable.run(ReflectiveCallable.java:12)
	at org.junit.runners.model.FrameworkMethod.invokeExplosively(FrameworkMethod.java:56)
	at org.junit.internal.runners.statements.InvokeMethod.evaluate(InvokeMethod.java:17)
	at org.junit.internal.runners.statements.RunAfters.evaluate(RunAfters.java:27)
	at org.junit.internal.runners.statements.FailOnTimeout$CallableStatement.call(FailOnTimeout.java:299)
	at org.junit.internal.runners.statements.FailOnTimeout$CallableStatement.call(FailOnTimeout.java:293)
	at java.base/java.util.concurrent.FutureTask.run(FutureTask.java:264)
	at java.base/java.lang.Thread.run(Thread.java:829)
2023-04-27 07:11:56,751 [s1@group-B3196483C112-FollowerState] INFO  server.RaftServerConfigKeys (ConfUtils.java:logFallback(53)) - raft.server.rpc.first-election.timeout.min = 150ms (fallback to raft.server.rpc.timeout.min)
2023-04-27 07:11:56,751 [s1@group-B3196483C112-FollowerState] INFO  server.RaftServerConfigKeys (ConfUtils.java:logFallback(53)) - raft.server.rpc.first-election.timeout.max = 300ms (fallback to raft.server.rpc.timeout.max)
2023-04-27 07:11:57,039 [s1@group-B3196483C112-FollowerState] INFO  server.RaftServerConfigKeys (ConfUtils.java:logFallback(53)) - raft.server.rpc.first-election.timeout.min = 150ms (fallback to raft.server.rpc.timeout.min)
2023-04-27 07:11:57,039 [s1@group-B3196483C112-FollowerState] INFO  server.RaftServerConfigKeys (ConfUtils.java:logFallback(53)) - raft.server.rpc.first-election.timeout.max = 300ms (fallback to raft.server.rpc.timeout.max)
2023-04-27 07:11:57,244 [s1@group-B3196483C112-FollowerState] INFO  server.RaftServerConfigKeys (ConfUtils.java:logFallback(53)) - raft.server.rpc.first-election.timeout.min = 150ms (fallback to raft.server.rpc.timeout.min)
2023-04-27 07:11:57,244 [s1@group-B3196483C112-FollowerState] INFO  server.RaftServerConfigKeys (ConfUtils.java:logFallback(53)) - raft.server.rpc.first-election.timeout.max = 300ms (fallback to raft.server.rpc.timeout.max)
2023-04-27 07:11:57,273 [Time-limited test] INFO  impl.RaftServerTestUtil (RaftServerTestUtil.java:waitAndCheckNewConf(87)) - waitAndCheckNewConf: peers=[s1|rpc:0.0.0.0:38545|priority:0|startupRole:FOLLOWER, s2|rpc:0.0.0.0:37499|priority:0|startupRole:FOLLOWER, s0|rpc:localhost:37451|admin:localhost:41075|client:localhost:35727|dataStream:localhost:38867|priority:0|startupRole:FOLLOWER], deadPeers=null, printing ALL groups
  s0:  RUNNING    LEADER s0@group-B3196483C112:t1, leader=s0, voted=s0, raftlog=Memoized:s0@group-B3196483C112-SegmentedRaftLog:OPENED:c258, conf=257: peers:[s0|rpc:localhost:37451|admin:localhost:41075|client:localhost:35727|dataStream:localhost:38867|priority:0|startupRole:FOLLOWER, s1|rpc:0.0.0.0:38545|dataStream:|priority:0|startupRole:FOLLOWER, s2|rpc:0.0.0.0:37499|dataStream:|priority:0|startupRole:FOLLOWER]|listeners:[], old=null RUNNING
  s1:  RUNNING  FOLLOWER s1@group-B3196483C112:t1, leader=s0, voted=null, raftlog=Memoized:s1@group-B3196483C112-SegmentedRaftLog:OPENED:c258, conf=257: peers:[s0|rpc:localhost:37451|admin:localhost:41075|client:localhost:35727|dataStream:localhost:38867|priority:0|startupRole:FOLLOWER, s1|rpc:0.0.0.0:38545|dataStream:|priority:0|startupRole:FOLLOWER, s2|rpc:0.0.0.0:37499|dataStream:|priority:0|startupRole:FOLLOWER]|listeners:[], old=null RUNNING
  s2:  RUNNING  FOLLOWER s2@group-B3196483C112:t1, leader=s0, voted=null, raftlog=Memoized:s2@group-B3196483C112-SegmentedRaftLog:OPENED:c-1, conf=0: peers:[s0|rpc:localhost:37451|admin:localhost:41075|client:localhost:35727|dataStream:localhost:38867|priority:0|startupRole:FOLLOWER]|listeners:[], old=null STARTING
2023-04-27 07:11:57,273 [Time-limited test] INFO  impl.RaftServerTestUtil (RaftServerTestUtil.java:waitAndCheckNewConf(96)) - checking    LEADER s0@group-B3196483C112:t1, leader=s0, voted=s0, raftlog=Memoized:s0@group-B3196483C112-SegmentedRaftLog:OPENED:c258, conf=257: peers:[s0|rpc:localhost:37451|admin:localhost:41075|client:localhost:35727|dataStream:localhost:38867|priority:0|startupRole:FOLLOWER, s1|rpc:0.0.0.0:38545|dataStream:|priority:0|startupRole:FOLLOWER, s2|rpc:0.0.0.0:37499|dataStream:|priority:0|startupRole:FOLLOWER]|listeners:[], old=null RUNNING
2023-04-27 07:11:57,273 [Time-limited test] INFO  impl.RaftServerTestUtil (RaftServerTestUtil.java:waitAndCheckNewConf(96)) - checking  FOLLOWER s1@group-B3196483C112:t1, leader=s0, voted=null, raftlog=Memoized:s1@group-B3196483C112-SegmentedRaftLog:OPENED:c258, conf=257: peers:[s0|rpc:localhost:37451|admin:localhost:41075|client:localhost:35727|dataStream:localhost:38867|priority:0|startupRole:FOLLOWER, s1|rpc:0.0.0.0:38545|dataStream:|priority:0|startupRole:FOLLOWER, s2|rpc:0.0.0.0:37499|dataStream:|priority:0|startupRole:FOLLOWER]|listeners:[], old=null RUNNING
2023-04-27 07:11:57,273 [Time-limited test] INFO  impl.RaftServerTestUtil (RaftServerTestUtil.java:waitAndCheckNewConf(96)) - checking  FOLLOWER s2@group-B3196483C112:t1, leader=s0, voted=null, raftlog=Memoized:s2@group-B3196483C112-SegmentedRaftLog:OPENED:c-1, conf=0: peers:[s0|rpc:localhost:37451|admin:localhost:41075|client:localhost:35727|dataStream:localhost:38867|priority:0|startupRole:FOLLOWER]|listeners:[], old=null STARTING
2023-04-27 07:11:57,273 [Time-limited test] INFO  impl.MiniRaftCluster (MiniRaftCluster.java:shutdown(831)) - ************************************************************** 
2023-04-27 07:11:57,273 [Time-limited test] INFO  impl.MiniRaftCluster (MiniRaftCluster.java:shutdown(832)) - *** 
2023-04-27 07:11:57,273 [Time-limited test] INFO  impl.MiniRaftCluster (MiniRaftCluster.java:shutdown(833)) - ***     Stopping MiniRaftClusterWithGrpc
2023-04-27 07:11:57,273 [Time-limited test] INFO  impl.MiniRaftCluster (MiniRaftCluster.java:shutdown(834)) - *** 
2023-04-27 07:11:57,273 [Time-limited test] INFO  impl.MiniRaftCluster (MiniRaftCluster.java:shutdown(835)) - ************************************************************** 
2023-04-27 07:11:57,273 [Time-limited test] INFO  impl.MiniRaftCluster (MiniRaftCluster.java:shutdown(836)) - printing ALL groups
  s0:  RUNNING    LEADER s0@group-B3196483C112:t1, leader=s0, voted=s0, raftlog=Memoized:s0@group-B3196483C112-SegmentedRaftLog:OPENED:c258, conf=257: peers:[s0|rpc:localhost:37451|admin:localhost:41075|client:localhost:35727|dataStream:localhost:38867|priority:0|startupRole:FOLLOWER, s1|rpc:0.0.0.0:38545|dataStream:|priority:0|startupRole:FOLLOWER, s2|rpc:0.0.0.0:37499|dataStream:|priority:0|startupRole:FOLLOWER]|listeners:[], old=null RUNNING
  s1:  RUNNING  FOLLOWER s1@group-B3196483C112:t1, leader=s0, voted=null, raftlog=Memoized:s1@group-B3196483C112-SegmentedRaftLog:OPENED:c258, conf=257: peers:[s0|rpc:localhost:37451|admin:localhost:41075|client:localhost:35727|dataStream:localhost:38867|priority:0|startupRole:FOLLOWER, s1|rpc:0.0.0.0:38545|dataStream:|priority:0|startupRole:FOLLOWER, s2|rpc:0.0.0.0:37499|dataStream:|priority:0|startupRole:FOLLOWER]|listeners:[], old=null RUNNING
  s2:  RUNNING  FOLLOWER s2@group-B3196483C112:t1, leader=s0, voted=null, raftlog=Memoized:s2@group-B3196483C112-SegmentedRaftLog:OPENED:c-1, conf=0: peers:[s0|rpc:localhost:37451|admin:localhost:41075|client:localhost:35727|dataStream:localhost:38867|priority:0|startupRole:FOLLOWER]|listeners:[], old=null STARTING
2023-04-27 07:11:57,274 [MiniRaftCluster-13] INFO  server.RaftServer (RaftServerProxy.java:lambda$close$7(417)) - s0: close
2023-04-27 07:11:57,274 [s0-impl-thread1] INFO  server.RaftServer$Division (RaftServerImpl.java:lambda$close$4(466)) - s0@group-B3196483C112: shutdown
2023-04-27 07:11:57,275 [s0-impl-thread1] INFO  util.JmxRegister (JmxRegister.java:unregister(73)) - Successfully un-registered JMX Bean with object name Ratis:service=RaftServer,group=group-B3196483C112,id=s0
2023-04-27 07:11:57,275 [s0-impl-thread1] INFO  impl.RoleInfo (RoleInfo.java:shutdownLeaderState(93)) - s0: shutdown s0@group-B3196483C112-LeaderStateImpl
2023-04-27 07:11:57,275 [MiniRaftCluster-14] INFO  server.RaftServer (RaftServerProxy.java:lambda$close$7(417)) - s1: close
2023-04-27 07:11:57,275 [s0-impl-thread1] INFO  impl.PendingRequests (PendingRequests.java:sendNotLeaderResponses(289)) - s0@group-B3196483C112-PendingRequests: sendNotLeaderResponses
2023-04-27 07:11:57,275 [s0@group-B3196483C112->s1-GrpcLogAppender-LogAppenderDaemon] WARN  server.GrpcLogAppender (GrpcLogAppender.java:mayWait(198)) - s0@group-B3196483C112->s1-GrpcLogAppender: Wait interrupted by java.lang.InterruptedException
2023-04-27 07:11:57,275 [s0@group-B3196483C112->s2-GrpcLogAppender-LogAppenderDaemon] WARN  server.GrpcLogAppender (GrpcLogAppender.java:installSnapshot(620)) - s0@group-B3196483C112->s2-GrpcLogAppender: failed to install snapshot [/home/runner/work/ratis/ratis/ratis-test/target/test/data/a5c97c2c/MiniRaftClusterWithGrpc34152d09/s0/bee39ca3-be4d-4458-b8c0-b3196483c112/sm/snapshot/1.bin, /home/runner/work/ratis/ratis/ratis-test/target/test/data/a5c97c2c/MiniRaftClusterWithGrpc34152d09/s0/bee39ca3-be4d-4458-b8c0-b3196483c112/sm/snapshot/sub/2.bin, /home/runner/work/ratis/ratis/ratis-test/target/test/data/a5c97c2c/MiniRaftClusterWithGrpc34152d09/s0/bee39ca3-be4d-4458-b8c0-b3196483c112/sm/snapshot.1_191]: {}
java.lang.IllegalStateException: Interrupted onNext s0->s2#0-t1,chunk:d678385a-9858-4ecc-bc6b-5a87f381fd24,10
	at org.apache.ratis.grpc.util.StreamObserverWithTimeout.acquire(StreamObserverWithTimeout.java:87)
	at org.apache.ratis.grpc.util.StreamObserverWithTimeout.onNext(StreamObserverWithTimeout.java:98)
	at org.apache.ratis.grpc.server.GrpcLogAppender.installSnapshot(GrpcLogAppender.java:610)
	at org.apache.ratis.grpc.server.GrpcLogAppender.run(GrpcLogAppender.java:156)
	at org.apache.ratis.server.leader.LogAppenderDaemon.run(LogAppenderDaemon.java:78)
	at java.base/java.lang.Thread.run(Thread.java:829)
Caused by: java.lang.InterruptedException
	at java.base/java.util.concurrent.locks.AbstractQueuedSynchronizer.doAcquireSharedNanos(AbstractQueuedSynchronizer.java:1081)
	at java.base/java.util.concurrent.locks.AbstractQueuedSynchronizer.tryAcquireSharedNanos(AbstractQueuedSynchronizer.java:1369)
	at java.base/java.util.concurrent.Semaphore.tryAcquire(Semaphore.java:415)
	at org.apache.ratis.grpc.util.StreamObserverWithTimeout.acquire(StreamObserverWithTimeout.java:85)
	... 5 more
2023-04-27 07:11:57,276 [MiniRaftCluster-13] INFO  server.GrpcService (GrpcService.java:closeImpl(311)) - s0: shutdown server org.apache.ratis.grpc.server.GrpcClientProtocolService now
2023-04-27 07:11:57,276 [grpc-default-executor-0] INFO  server.GrpcServerProtocolService (GrpcServerProtocolService.java:onCompleted(155)) - s1: Completed APPEND_ENTRIES, lastRequest: null
2023-04-27 07:11:57,277 [grpc-default-executor-2] INFO  server.GrpcServerProtocolService (GrpcServerProtocolService.java:onCompleted(155)) - s1: Completed APPEND_ENTRIES, lastRequest: s0->s1#5-t1,previous=(t:1, i:257),leaderCommit=257,initializing? true,entries: size=1, first=(t:1, i:258), METADATAENTRY(c:257)
2023-04-27 07:11:57,277 [grpc-default-executor-2] INFO  server.GrpcServerProtocolService (GrpcServerProtocolService.java:lambda$onCompleted$5(157)) - s1: Completed APPEND_ENTRIES, lastReply: null
2023-04-27 07:11:57,277 [grpc-default-executor-0] INFO  server.GrpcServerProtocolService (GrpcServerProtocolService.java:lambda$onCompleted$5(157)) - s1: Completed APPEND_ENTRIES, lastReply: serverReply {
  requestorId: "s0"
  replyId: "s1"
  raftGroupId {
    id: "\276\343\234\243\276MDX\270\300\263\031d\203\301\022"
  }
  callId: 76
  success: true
}
term: 1
nextIndex: 259
followerCommit: 258
matchIndex: 18446744073709551615
isHearbeat: true

2023-04-27 07:11:57,278 [s1-impl-thread1] INFO  server.RaftServer$Division (RaftServerImpl.java:lambda$close$4(466)) - s1@group-B3196483C112: shutdown
2023-04-27 07:11:57,279 [s1-impl-thread1] INFO  util.JmxRegister (JmxRegister.java:unregister(73)) - Successfully un-registered JMX Bean with object name Ratis:service=RaftServer,group=group-B3196483C112,id=s1
2023-04-27 07:11:57,279 [s1-impl-thread1] INFO  impl.RoleInfo (RoleInfo.java:shutdownFollowerState(110)) - s1: shutdown s1@group-B3196483C112-FollowerState
2023-04-27 07:11:57,279 [s1-impl-thread1] INFO  impl.StateMachineUpdater (StateMachineUpdater.java:stopAndJoin(154)) - s1@group-B3196483C112-StateMachineUpdater: set stopIndex = 258
2023-04-27 07:11:57,279 [s1@group-B3196483C112-FollowerState] INFO  impl.FollowerState (FollowerState.java:run(152)) - s1@group-B3196483C112-FollowerState was interrupted
2023-04-27 07:11:57,279 [MiniRaftCluster-14] INFO  server.GrpcService (GrpcService.java:closeImpl(311)) - s1: shutdown server GrpcServerProtocolService now
2023-04-27 07:11:57,279 [grpc-default-executor-2] INFO  server.GrpcServerProtocolService (GrpcServerProtocolService.java:onCompleted(155)) - s2: Completed APPEND_ENTRIES, lastRequest: null
2023-04-27 07:11:57,279 [grpc-default-executor-2] INFO  server.GrpcServerProtocolService (GrpcServerProtocolService.java:lambda$onCompleted$5(157)) - s2: Completed APPEND_ENTRIES, lastReply: null
2023-04-27 07:11:57,279 [grpc-default-executor-0] INFO  server.GrpcLogAppender (GrpcLogAppender.java:onCompleted(425)) - s0@group-B3196483C112->s1-AppendLogResponseHandler: follower responses appendEntries COMPLETED
2023-04-27 07:11:57,279 [grpc-default-executor-0] INFO  leader.FollowerInfo (FollowerInfoImpl.java:lambda$new$0(52)) - s0@group-B3196483C112->s1: decreaseNextIndex nextIndex: updateUnconditionally 259 -> 258
2023-04-27 07:11:57,286 [grpc-default-executor-1] INFO  server.GrpcLogAppender (GrpcLogAppender.java:onCompleted(425)) - s0@group-B3196483C112->s1-AppendLogResponseHandler: follower responses appendEntries COMPLETED
2023-04-27 07:11:57,286 [grpc-default-executor-1] INFO  leader.FollowerInfo (FollowerInfoImpl.java:lambda$new$0(52)) - s0@group-B3196483C112->s1: decreaseNextIndex nextIndex: updateUnconditionally 258 -> 257
2023-04-27 07:11:57,286 [MiniRaftCluster-15] INFO  server.RaftServer (RaftServerProxy.java:lambda$close$7(417)) - s2: close
2023-04-27 07:11:57,292 [grpc-default-executor-1] INFO  server.GrpcLogAppender (GrpcLogAppender.java:onCompleted(425)) - s0@group-B3196483C112->s2-AppendLogResponseHandler: follower responses appendEntries COMPLETED
2023-04-27 07:11:57,291 [MiniRaftCluster-14] INFO  server.GrpcService (GrpcService.java:closeImpl(320)) - s1: shutdown server GrpcServerProtocolService successfully
2023-04-27 07:11:57,287 [s0-impl-thread1] INFO  impl.StateMachineUpdater (StateMachineUpdater.java:stopAndJoin(154)) - s0@group-B3196483C112-StateMachineUpdater: set stopIndex = 258
2023-04-27 07:11:57,293 [Thread-170] INFO  server.GrpcServerProtocolClient (GrpcServerProtocolClient.java:close(103)) - s1 Close channels
2023-04-27 07:11:57,293 [s2-impl-thread1] INFO  server.RaftServer$Division (RaftServerImpl.java:lambda$close$4(466)) - s2@group-B3196483C112: shutdown
2023-04-27 07:11:57,294 [s2-impl-thread1] INFO  util.JmxRegister (JmxRegister.java:unregister(73)) - Successfully un-registered JMX Bean with object name Ratis:service=RaftServer,group=group-B3196483C112,id=s2
2023-04-27 07:11:57,294 [s2-impl-thread1] INFO  impl.StateMachineUpdater (StateMachineUpdater.java:stopAndJoin(154)) - s2@group-B3196483C112-StateMachineUpdater: set stopIndex = -1
2023-04-27 07:11:57,293 [MiniRaftCluster-15] INFO  server.GrpcService (GrpcService.java:closeImpl(311)) - s2: shutdown server GrpcServerProtocolService now
2023-04-27 07:11:57,295 [Thread-171] INFO  server.GrpcServerProtocolClient (GrpcServerProtocolClient.java:close(103)) - s2 Close channels
2023-04-27 07:11:57,297 [s2-impl-thread1] INFO  server.RaftServer$Division (ServerState.java:close(415)) - s2@group-B3196483C112: applyIndex: -1
2023-04-27 07:11:57,301 [MiniRaftCluster-15] INFO  server.GrpcService (GrpcService.java:closeImpl(320)) - s2: shutdown server GrpcServerProtocolService successfully
2023-04-27 07:11:57,301 [grpc-default-executor-1] INFO  server.GrpcLogAppender (GrpcLogAppender.java:onError(414)) - s0@group-B3196483C112->s2-GrpcLogAppender is already stopped
2023-04-27 07:11:57,301 [MiniRaftCluster-13] INFO  server.GrpcService (GrpcService.java:closeImpl(320)) - s0: shutdown server org.apache.ratis.grpc.server.GrpcClientProtocolService successfully
2023-04-27 07:11:57,301 [MiniRaftCluster-13] INFO  server.GrpcService (GrpcService.java:closeImpl(311)) - s0: shutdown server GrpcServerProtocolService now
2023-04-27 07:11:57,305 [MiniRaftCluster-13] INFO  server.GrpcService (GrpcService.java:closeImpl(320)) - s0: shutdown server GrpcServerProtocolService successfully
2023-04-27 07:11:57,305 [MiniRaftCluster-13] INFO  server.GrpcService (GrpcService.java:closeImpl(311)) - s0: shutdown server org.apache.ratis.grpc.server.GrpcAdminProtocolService now
2023-04-27 07:11:57,305 [s0@group-B3196483C112-StateMachineUpdater] INFO  impl.StateMachineUpdater (StateMachineUpdater.java:takeSnapshot(290)) - s0@group-B3196483C112-StateMachineUpdater: Took a snapshot at index 258
2023-04-27 07:11:57,305 [s0@group-B3196483C112-StateMachineUpdater] INFO  impl.StateMachineUpdater (StateMachineUpdater.java:lambda$new$0(96)) - s0@group-B3196483C112-StateMachineUpdater: snapshotIndex: updateIncreasingly 255 -> 258
2023-04-27 07:11:57,305 [s0@group-B3196483C112-StateMachineUpdater] INFO  raftlog.RaftLog (RaftLogBase.java:purge(314)) - s0@group-B3196483C112-SegmentedRaftLog: purge 258
2023-04-27 07:11:57,305 [s1@group-B3196483C112-StateMachineUpdater] INFO  impl.StateMachineUpdater (StateMachineUpdater.java:takeSnapshot(290)) - s1@group-B3196483C112-StateMachineUpdater: Took a snapshot at index 258
2023-04-27 07:11:57,306 [s1@group-B3196483C112-StateMachineUpdater] INFO  impl.StateMachineUpdater (StateMachineUpdater.java:lambda$new$0(96)) - s1@group-B3196483C112-StateMachineUpdater: snapshotIndex: updateIncreasingly 255 -> 258
2023-04-27 07:11:57,306 [s1-impl-thread1] INFO  server.RaftServer$Division (ServerState.java:close(415)) - s1@group-B3196483C112: applyIndex: 258
2023-04-27 07:11:57,305 [s0@group-B3196483C112-StateMachineUpdater] INFO  raftlog.RaftLog (RaftLogBase.java:lambda$new$0(53)) - s0@group-B3196483C112-SegmentedRaftLog: snapshotIndex: updateIncreasingly 191 -> 258
2023-04-27 07:11:57,306 [s0@group-B3196483C112-StateMachineUpdater] INFO  raftlog.RaftLog (RaftLogBase.java:lambda$new$0(53)) - s0@group-B3196483C112-SegmentedRaftLog: purgeIndex: updateToMax old=191, new=258, updated? true
2023-04-27 07:11:57,306 [s0-impl-thread1] INFO  server.RaftServer$Division (ServerState.java:close(415)) - s0@group-B3196483C112: applyIndex: 258
2023-04-27 07:11:57,307 [MiniRaftCluster-13] INFO  server.GrpcService (GrpcService.java:closeImpl(320)) - s0: shutdown server org.apache.ratis.grpc.server.GrpcAdminProtocolService successfully
2023-04-27 07:11:57,712 [s2-impl-thread1] INFO  segmented.SegmentedRaftLogWorker (SegmentedRaftLogWorker.java:close(242)) - s2@group-B3196483C112-SegmentedRaftLogWorker close()
2023-04-27 07:11:57,713 [JvmPauseMonitor8] INFO  util.JvmPauseMonitor (JvmPauseMonitor.java:run(109)) - JvmPauseMonitor-s2: Stopped
2023-04-27 07:11:57,846 [s0-impl-thread1] INFO  segmented.SegmentedRaftLogWorker (SegmentedRaftLogWorker.java:close(242)) - s0@group-B3196483C112-SegmentedRaftLogWorker close()
2023-04-27 07:11:57,848 [JvmPauseMonitor6] INFO  util.JvmPauseMonitor (JvmPauseMonitor.java:run(109)) - JvmPauseMonitor-s0: Stopped
2023-04-27 07:11:57,861 [s1-impl-thread1] INFO  segmented.SegmentedRaftLogWorker (SegmentedRaftLogWorker.java:close(242)) - s1@group-B3196483C112-SegmentedRaftLogWorker close()
2023-04-27 07:11:57,862 [JvmPauseMonitor7] INFO  util.JvmPauseMonitor (JvmPauseMonitor.java:run(109)) - JvmPauseMonitor-s1: Stopped
2023-04-27 07:11:57,862 [Time-limited test] INFO  impl.MiniRaftCluster (MiniRaftCluster.java:shutdown(855)) - MiniRaftClusterWithGrpc shutdown completed
2023-04-27 07:11:57,862 [Time-limited test] INFO  impl.MiniRaftCluster (MiniRaftCluster.java:shutdown(831)) - ************************************************************** 
2023-04-27 07:11:57,862 [Time-limited test] INFO  impl.MiniRaftCluster (MiniRaftCluster.java:shutdown(832)) - *** 
2023-04-27 07:11:57,862 [Time-limited test] INFO  impl.MiniRaftCluster (MiniRaftCluster.java:shutdown(833)) - ***     Stopping MiniRaftClusterWithGrpc
2023-04-27 07:11:57,862 [Time-limited test] INFO  impl.MiniRaftCluster (MiniRaftCluster.java:shutdown(834)) - *** 
2023-04-27 07:11:57,862 [Time-limited test] INFO  impl.MiniRaftCluster (MiniRaftCluster.java:shutdown(835)) - ************************************************************** 
2023-04-27 07:11:57,862 [Time-limited test] INFO  impl.MiniRaftCluster (MiniRaftCluster.java:shutdown(836)) - printing ALL groups
  s0:   CLOSED    LEADER s0@group-B3196483C112:t1, leader=s0, voted=s0, raftlog=Memoized:s0@group-B3196483C112-SegmentedRaftLog:CLOSED:c258, conf=257: peers:[s0|rpc:localhost:37451|admin:localhost:41075|client:localhost:35727|dataStream:localhost:38867|priority:0|startupRole:FOLLOWER, s1|rpc:0.0.0.0:38545|dataStream:|priority:0|startupRole:FOLLOWER, s2|rpc:0.0.0.0:37499|dataStream:|priority:0|startupRole:FOLLOWER]|listeners:[], old=null CLOSED
  s1:   CLOSED  FOLLOWER s1@group-B3196483C112:t1, leader=s0, voted=null, raftlog=Memoized:s1@group-B3196483C112-SegmentedRaftLog:CLOSED:c258, conf=257: peers:[s0|rpc:localhost:37451|admin:localhost:41075|client:localhost:35727|dataStream:localhost:38867|priority:0|startupRole:FOLLOWER, s1|rpc:0.0.0.0:38545|dataStream:|priority:0|startupRole:FOLLOWER, s2|rpc:0.0.0.0:37499|dataStream:|priority:0|startupRole:FOLLOWER]|listeners:[], old=null CLOSED
  s2:   CLOSED  FOLLOWER s2@group-B3196483C112:t1, leader=s0, voted=null, raftlog=Memoized:s2@group-B3196483C112-SegmentedRaftLog:CLOSED:c-1, conf=0: peers:[s0|rpc:localhost:37451|admin:localhost:41075|client:localhost:35727|dataStream:localhost:38867|priority:0|startupRole:FOLLOWER]|listeners:[], old=null CLOSED
2023-04-27 07:11:57,863 [Time-limited test] INFO  impl.MiniRaftCluster (MiniRaftCluster.java:shutdown(855)) - MiniRaftClusterWithGrpc shutdown completed
]]></system-out>
  </testcase>
  <testcase name="testSeparateSnapshotInstallPath[1]" classname="org.apache.ratis.grpc.TestLeaderInstallSnapshot" time="1.937">
    <system-out><![CDATA[2023-04-27 07:11:57,868 [main] INFO  util.LogUtils (Slf4jUtils.java:setLogLevel(38)) - Successfully set org.apache.ratis.conf.ConfUtils log level to WARN
2023-04-27 07:11:57,868 [main] INFO  util.LogUtils (Slf4jUtils.java:setLogLevel(38)) - Successfully set org.apache.ratis.util.FileUtils log level to TRACE
2023-04-27 07:11:57,869 [Time-limited test] INFO  impl.MiniRaftCluster (MiniRaftCluster.java:runWithNewCluster(135)) - Running runWithNewCluster
2023-04-27 07:11:57,869 [Time-limited test] INFO  impl.MiniRaftCluster (MiniRaftCluster.java:<init>(306)) - new MiniRaftClusterWithGrpc with group-D1EDBF6F09EA:[s0|rpc:localhost:42823|admin:localhost:43043|client:localhost:37301|dataStream:localhost:34189|priority:0|startupRole:FOLLOWER]
2023-04-27 07:11:57,869 [Time-limited test] INFO  impl.MiniRaftCluster (MiniRaftCluster.java:start(339)) - .............................................................. 
2023-04-27 07:11:57,869 [Time-limited test] INFO  impl.MiniRaftCluster (MiniRaftCluster.java:start(340)) - ... 
2023-04-27 07:11:57,869 [Time-limited test] INFO  impl.MiniRaftCluster (MiniRaftCluster.java:start(341)) - ...     Starting MiniRaftClusterWithGrpc
2023-04-27 07:11:57,869 [Time-limited test] INFO  impl.MiniRaftCluster (MiniRaftCluster.java:start(342)) - ... 
2023-04-27 07:11:57,869 [Time-limited test] INFO  impl.MiniRaftCluster (MiniRaftCluster.java:start(343)) - .............................................................. 
2023-04-27 07:11:57,869 [Time-limited test] INFO  impl.MiniRaftCluster (MiniRaftCluster.java:initServers(318)) - servers = {}
2023-04-27 07:11:57,869 [Time-limited test] INFO  impl.MiniRaftCluster (MiniRaftCluster.java:newRaftServer(382)) - newRaftServer: s0, group-D1EDBF6F09EA:[s0|rpc:localhost:42823|admin:localhost:43043|client:localhost:37301|dataStream:localhost:34189|priority:0|startupRole:FOLLOWER], format? true
2023-04-27 07:11:57,869 [Time-limited test] TRACE util.FileUtils (FileUtils.java:deleteFully(201)) - deleteFully target/test/data/a5c97c2c/MiniRaftClusterWithGrpca436a323/s0
2023-04-27 07:11:57,869 [Time-limited test] TRACE util.FileUtils (FileUtils.java:deleteFully(217)) - deleteFully: target/test/data/a5c97c2c/MiniRaftClusterWithGrpca436a323/s0 does not exist.
2023-04-27 07:11:57,869 [Time-limited test] INFO  impl.MiniRaftCluster (MiniRaftCluster.java:newRaftServer(387)) - Formatted directory target/test/data/a5c97c2c/MiniRaftClusterWithGrpca436a323/s0
2023-04-27 07:11:57,870 [Time-limited test] INFO  server.RaftServer (ConfUtils.java:logGet(46)) - raft.rpc.type = GRPC (default)
2023-04-27 07:11:57,870 [Time-limited test] INFO  grpc.GrpcConfigKeys (ConfUtils.java:logFallback(53)) - raft.grpc.admin.host = null (fallback to raft.grpc.server.host)
2023-04-27 07:11:57,870 [Time-limited test] INFO  grpc.GrpcConfigKeys (ConfUtils.java:logGet(46)) - raft.grpc.admin.port = 43043 (custom)
2023-04-27 07:11:57,870 [Time-limited test] INFO  grpc.GrpcConfigKeys (ConfUtils.java:logFallback(53)) - raft.grpc.client.host = null (fallback to raft.grpc.server.host)
2023-04-27 07:11:57,870 [Time-limited test] INFO  grpc.GrpcConfigKeys (ConfUtils.java:logGet(46)) - raft.grpc.client.port = 37301 (custom)
2023-04-27 07:11:57,870 [Time-limited test] INFO  grpc.GrpcConfigKeys (ConfUtils.java:logGet(46)) - raft.grpc.server.host = null (default)
2023-04-27 07:11:57,870 [Time-limited test] INFO  grpc.GrpcConfigKeys (ConfUtils.java:logGet(46)) - raft.grpc.server.port = 42823 (custom)
2023-04-27 07:11:57,870 [Time-limited test] INFO  server.GrpcService (ConfUtils.java:logGet(46)) - raft.grpc.message.size.max = 64MB (=67108864) (default)
2023-04-27 07:11:57,871 [Time-limited test] INFO  server.RaftServerConfigKeys (ConfUtils.java:logGet(46)) - raft.server.log.appender.buffer.byte-limit = 4MB (=4194304) (default)
2023-04-27 07:11:57,871 [Time-limited test] INFO  server.GrpcService (ConfUtils.java:logGet(46)) - raft.grpc.flow.control.window = 1MB (=1048576) (default)
2023-04-27 07:11:57,871 [Time-limited test] INFO  server.RaftServerConfigKeys (ConfUtils.java:logGet(46)) - raft.server.rpc.request.timeout = 3000ms (default)
2023-04-27 07:11:57,871 [Time-limited test] INFO  grpc.GrpcConfigKeys (ConfUtils.java:logGet(46)) - raft.grpc.server.heartbeat.channel = true (default)
2023-04-27 07:11:57,871 [Time-limited test] INFO  grpc.GrpcConfigKeys (ConfUtils.java:logGet(46)) - raft.grpc.server.async.request.thread.pool.cached = true (default)
2023-04-27 07:11:57,871 [Time-limited test] INFO  grpc.GrpcConfigKeys (ConfUtils.java:logGet(46)) - raft.grpc.server.async.request.thread.pool.size = 32 (default)
2023-04-27 07:11:57,872 [Time-limited test] INFO  impl.DataStreamServerImpl (ConfUtils.java:logGet(46)) - raft.datastream.type = DISABLED (default)
2023-04-27 07:11:57,872 [Time-limited test] INFO  server.RaftServerConfigKeys (ConfUtils.java:logGet(46)) - raft.server.threadpool.proxy.cached = true (default)
2023-04-27 07:11:57,872 [Time-limited test] INFO  server.RaftServerConfigKeys (ConfUtils.java:logGet(46)) - raft.server.threadpool.proxy.size = 0 (default)
2023-04-27 07:11:57,872 [Time-limited test] INFO  server.RaftServerConfigKeys (ConfUtils.java:logGet(46)) - raft.server.rpc.slowness.timeout = 60s (default)
2023-04-27 07:11:57,872 [Time-limited test] INFO  server.RaftServerConfigKeys (ConfUtils.java:logGet(46)) - raft.server.leaderelection.leader.step-down.wait-time = 10s (default)
2023-04-27 07:11:57,872 [Time-limited test] INFO  server.RaftServerConfigKeys (ConfUtils.java:logGet(46)) - raft.server.storage.dir = [/home/runner/work/ratis/ratis/ratis-test/target/test/data/a5c97c2c/MiniRaftClusterWithGrpca436a323/s0] (custom)
2023-04-27 07:11:57,873 [Time-limited test] INFO  server.RaftServer (RaftServerProxy.java:addNew(99)) - s0: addNew group-D1EDBF6F09EA:[s0|rpc:localhost:42823|admin:localhost:43043|client:localhost:37301|dataStream:localhost:34189|priority:0|startupRole:FOLLOWER] returns group-D1EDBF6F09EA:java.util.concurrent.CompletableFuture@7fd74363[Not completed]
2023-04-27 07:11:57,873 [s0-groupManagement] INFO  server.RaftServerConfigKeys (ConfUtils.java:logGet(46)) - raft.server.log.segment.size.max = 8MB (=8388608) (default)
2023-04-27 07:11:57,873 [s0-groupManagement] INFO  server.RaftServerConfigKeys (ConfUtils.java:logGet(46)) - raft.server.log.preallocated.size = 4MB (=4194304) (default)
2023-04-27 07:11:57,873 [s0-groupManagement] INFO  server.RaftServerConfigKeys (ConfUtils.java:logGet(46)) - raft.server.log.write.buffer.size = 64KB (=65536) (default)
2023-04-27 07:11:57,873 [s0-groupManagement] INFO  server.RaftServer$Division (RaftServerImpl.java:<init>(198)) - s0: new RaftServerImpl for group-D1EDBF6F09EA:[s0|rpc:localhost:42823|admin:localhost:43043|client:localhost:37301|dataStream:localhost:34189|priority:0|startupRole:FOLLOWER] with StateMachineWithSeparatedSnapshotPath:uninitialized
2023-04-27 07:11:57,873 [s0-groupManagement] INFO  server.RaftServerConfigKeys (ConfUtils.java:logGet(46)) - raft.server.rpc.timeout.min = 150ms (default)
2023-04-27 07:11:57,873 [s0-groupManagement] INFO  server.RaftServerConfigKeys (ConfUtils.java:logGet(46)) - raft.server.rpc.timeout.max = 300ms (default)
2023-04-27 07:11:57,873 [s0-groupManagement] INFO  server.RaftServerConfigKeys (ConfUtils.java:logGet(46)) - raft.server.rpc.sleep.time = 25ms (default)
2023-04-27 07:11:57,873 [s0-groupManagement] INFO  server.RaftServerConfigKeys (ConfUtils.java:logGet(46)) - raft.server.rpc.slowness.timeout = 60s (default)
2023-04-27 07:11:57,873 [s0-groupManagement] INFO  server.RaftServerConfigKeys (ConfUtils.java:logGet(46)) - raft.server.leaderelection.leader.step-down.wait-time = 10s (default)
2023-04-27 07:11:57,873 [s0-groupManagement] INFO  server.RaftServerConfigKeys (ConfUtils.java:logGet(46)) - raft.server.sleep.deviation.threshold = 300ms (default)
2023-04-27 07:11:57,873 [s0-groupManagement] INFO  server.RaftServer$Division (ServerState.java:<init>(113)) - s0@group-D1EDBF6F09EA: ConfigurationManager, init=-1: peers:[s0|rpc:localhost:42823|admin:localhost:43043|client:localhost:37301|dataStream:localhost:34189|priority:0|startupRole:FOLLOWER]|listeners:[], old=null, confs=<EMPTY_MAP>
2023-04-27 07:11:57,873 [s0-groupManagement] INFO  server.RaftServerConfigKeys (ConfUtils.java:logGet(46)) - raft.server.notification.no-leader.timeout = 60s (default)
2023-04-27 07:11:57,873 [s0-groupManagement] INFO  server.RaftServerConfigKeys (ConfUtils.java:logGet(46)) - raft.server.read.timeout = 10s (default)
2023-04-27 07:11:57,873 [s0-groupManagement] INFO  server.RaftServerConfigKeys (ConfUtils.java:logGet(46)) - raft.server.retrycache.expirytime = 60s (default)
2023-04-27 07:11:57,873 [s0-groupManagement] INFO  server.RaftServerConfigKeys (ConfUtils.java:logGet(46)) - raft.server.retrycache.statistics.expirytime = 100μs (default)
2023-04-27 07:11:57,873 [s0-groupManagement] INFO  server.RaftServerConfigKeys (ConfUtils.java:logGet(46)) - raft.server.read.option = DEFAULT (default)
2023-04-27 07:11:57,874 [s0-groupManagement] INFO  server.RaftServerConfigKeys (ConfUtils.java:logGet(46)) - raft.server.rpc.request.timeout = 3000ms (default)
2023-04-27 07:11:57,874 [s0-groupManagement] INFO  server.RaftServerConfigKeys (ConfUtils.java:logGet(46)) - raft.server.log.appender.install.snapshot.enabled = true (default)
2023-04-27 07:11:57,874 [s0-groupManagement] INFO  server.RaftServerConfigKeys (ConfUtils.java:logGet(46)) - raft.server.threadpool.server.cached = true (default)
2023-04-27 07:11:57,874 [s0-groupManagement] INFO  server.RaftServerConfigKeys (ConfUtils.java:logGet(46)) - raft.server.threadpool.server.size = 0 (default)
2023-04-27 07:11:57,874 [s0-groupManagement] INFO  server.RaftServerConfigKeys (ConfUtils.java:logGet(46)) - raft.server.threadpool.client.cached = true (default)
2023-04-27 07:11:57,874 [s0-groupManagement] INFO  server.RaftServerConfigKeys (ConfUtils.java:logGet(46)) - raft.server.threadpool.client.size = 0 (default)
2023-04-27 07:11:57,874 [s0-impl-thread1] INFO  server.RaftServerConfigKeys (ConfUtils.java:logGet(46)) - raft.server.storage.free-space.min = 0MB (=0) (default)
2023-04-27 07:11:57,874 [s0-impl-thread1] INFO  server.RaftServerConfigKeys (ConfUtils.java:logGet(46)) - raft.server.log.corruption.policy = EXCEPTION (default)
2023-04-27 07:11:57,874 [s0-impl-thread1] INFO  server.RaftServerConfigKeys (ConfUtils.java:logGet(46)) - raft.server.storage.dir = [/home/runner/work/ratis/ratis/ratis-test/target/test/data/a5c97c2c/MiniRaftClusterWithGrpca436a323/s0] (custom)
2023-04-27 07:11:57,875 [s0-impl-thread1] INFO  storage.RaftStorageDirectory (RaftStorageDirectoryImpl.java:analyzeStorage(138)) - The storage directory /home/runner/work/ratis/ratis/ratis-test/target/test/data/a5c97c2c/MiniRaftClusterWithGrpca436a323/s0/3294cd09-1810-43c5-8bde-d1edbf6f09ea does not exist. Creating ...
2023-04-27 07:11:57,875 [s0-impl-thread1] TRACE util.FileUtils (LogUtils.java:runAndLog(49)) - Successfully ran Files.createDirectories /home/runner/work/ratis/ratis/ratis-test/target/test/data/a5c97c2c/MiniRaftClusterWithGrpca436a323/s0/3294cd09-1810-43c5-8bde-d1edbf6f09ea
2023-04-27 07:11:57,876 [s0-impl-thread1] INFO  storage.RaftStorageDirectory (RaftStorageDirectoryImpl.java:tryLock(232)) - Lock on /home/runner/work/ratis/ratis/ratis-test/target/test/data/a5c97c2c/MiniRaftClusterWithGrpca436a323/s0/3294cd09-1810-43c5-8bde-d1edbf6f09ea/in_use.lock acquired by nodename 24267@fv-az591-70
2023-04-27 07:11:57,876 [s0-impl-thread1] TRACE util.FileUtils (LogUtils.java:runAndLog(49)) - Successfully ran Files.createDirectories /home/runner/work/ratis/ratis/ratis-test/target/test/data/a5c97c2c/MiniRaftClusterWithGrpca436a323/s0/3294cd09-1810-43c5-8bde-d1edbf6f09ea/current
2023-04-27 07:11:57,876 [s0-impl-thread1] TRACE util.FileUtils (LogUtils.java:runAndLog(49)) - Successfully ran Files.createDirectories /home/runner/work/ratis/ratis/ratis-test/target/test/data/a5c97c2c/MiniRaftClusterWithGrpca436a323/s0/3294cd09-1810-43c5-8bde-d1edbf6f09ea/sm
2023-04-27 07:11:57,877 [s0-impl-thread1] INFO  storage.RaftStorage (RaftStorageImpl.java:format(96)) - Storage directory /home/runner/work/ratis/ratis/ratis-test/target/test/data/a5c97c2c/MiniRaftClusterWithGrpca436a323/s0/3294cd09-1810-43c5-8bde-d1edbf6f09ea has been successfully formatted.
2023-04-27 07:11:57,877 [s0-impl-thread1] INFO  impl.SimpleStateMachine4Testing (SimpleStateMachine4Testing.java:initialize(213)) - Initializing StateMachineWithSeparatedSnapshotPath:uninitialized
2023-04-27 07:11:57,877 [s0-impl-thread1] INFO  impl.SimpleStateMachine4Testing (SimpleStateMachine4Testing.java:loadSnapshot(293)) - Loading snapshot null
2023-04-27 07:11:57,877 [s0-impl-thread1] TRACE util.FileUtils (FileUtils.java:deleteFully(201)) - deleteFully /tmp/ratis-tests/statemachine/s0
2023-04-27 07:11:57,878 [s0-impl-thread1] TRACE util.FileUtils (LogUtils.java:runAndLog(49)) - Successfully ran Files.delete /tmp/ratis-tests/statemachine/s0/snapshot/1_63/vegetable
2023-04-27 07:11:57,878 [s0-impl-thread1] TRACE util.FileUtils (LogUtils.java:runAndLog(49)) - Successfully ran Files.delete /tmp/ratis-tests/statemachine/s0/snapshot/1_63/deer
2023-04-27 07:11:57,878 [s0-impl-thread1] TRACE util.FileUtils (LogUtils.java:runAndLog(49)) - Successfully ran Files.delete /tmp/ratis-tests/statemachine/s0/snapshot/1_63/loves
2023-04-27 07:11:57,878 [s0-impl-thread1] TRACE util.FileUtils (LogUtils.java:runAndLog(49)) - Successfully ran Files.delete /tmp/ratis-tests/statemachine/s0/snapshot/1_63
2023-04-27 07:11:57,878 [s0-impl-thread1] TRACE util.FileUtils (LogUtils.java:runAndLog(49)) - Successfully ran Files.delete /tmp/ratis-tests/statemachine/s0/snapshot/1_258/vegetable
2023-04-27 07:11:57,878 [s0-impl-thread1] TRACE util.FileUtils (LogUtils.java:runAndLog(49)) - Successfully ran Files.delete /tmp/ratis-tests/statemachine/s0/snapshot/1_258/deer
2023-04-27 07:11:57,878 [s0-impl-thread1] TRACE util.FileUtils (LogUtils.java:runAndLog(49)) - Successfully ran Files.delete /tmp/ratis-tests/statemachine/s0/snapshot/1_258/loves
2023-04-27 07:11:57,878 [s0-impl-thread1] TRACE util.FileUtils (LogUtils.java:runAndLog(49)) - Successfully ran Files.delete /tmp/ratis-tests/statemachine/s0/snapshot/1_258
2023-04-27 07:11:57,878 [s0-impl-thread1] TRACE util.FileUtils (LogUtils.java:runAndLog(49)) - Successfully ran Files.delete /tmp/ratis-tests/statemachine/s0/snapshot/1_127/vegetable
2023-04-27 07:11:57,878 [s0-impl-thread1] TRACE util.FileUtils (LogUtils.java:runAndLog(49)) - Successfully ran Files.delete /tmp/ratis-tests/statemachine/s0/snapshot/1_127/deer
2023-04-27 07:11:57,878 [s0-impl-thread1] TRACE util.FileUtils (LogUtils.java:runAndLog(49)) - Successfully ran Files.delete /tmp/ratis-tests/statemachine/s0/snapshot/1_127/loves
2023-04-27 07:11:57,878 [s0-impl-thread1] TRACE util.FileUtils (LogUtils.java:runAndLog(49)) - Successfully ran Files.delete /tmp/ratis-tests/statemachine/s0/snapshot/1_127
2023-04-27 07:11:57,878 [s0-impl-thread1] TRACE util.FileUtils (LogUtils.java:runAndLog(49)) - Successfully ran Files.delete /tmp/ratis-tests/statemachine/s0/snapshot/1_255/vegetable
2023-04-27 07:11:57,878 [s0-impl-thread1] TRACE util.FileUtils (LogUtils.java:runAndLog(49)) - Successfully ran Files.delete /tmp/ratis-tests/statemachine/s0/snapshot/1_255/deer
2023-04-27 07:11:57,879 [s0-impl-thread1] TRACE util.FileUtils (LogUtils.java:runAndLog(49)) - Successfully ran Files.delete /tmp/ratis-tests/statemachine/s0/snapshot/1_255/loves
2023-04-27 07:11:57,879 [s0-impl-thread1] TRACE util.FileUtils (LogUtils.java:runAndLog(49)) - Successfully ran Files.delete /tmp/ratis-tests/statemachine/s0/snapshot/1_255
2023-04-27 07:11:57,879 [s0-impl-thread1] TRACE util.FileUtils (LogUtils.java:runAndLog(49)) - Successfully ran Files.delete /tmp/ratis-tests/statemachine/s0/snapshot/1_191/vegetable
2023-04-27 07:11:57,879 [s0-impl-thread1] TRACE util.FileUtils (LogUtils.java:runAndLog(49)) - Successfully ran Files.delete /tmp/ratis-tests/statemachine/s0/snapshot/1_191/deer
2023-04-27 07:11:57,879 [s0-impl-thread1] TRACE util.FileUtils (LogUtils.java:runAndLog(49)) - Successfully ran Files.delete /tmp/ratis-tests/statemachine/s0/snapshot/1_191/loves
2023-04-27 07:11:57,879 [s0-impl-thread1] TRACE util.FileUtils (LogUtils.java:runAndLog(49)) - Successfully ran Files.delete /tmp/ratis-tests/statemachine/s0/snapshot/1_191
2023-04-27 07:11:57,879 [s0-impl-thread1] TRACE util.FileUtils (LogUtils.java:runAndLog(49)) - Successfully ran Files.delete /tmp/ratis-tests/statemachine/s0/snapshot
2023-04-27 07:11:57,879 [s0-impl-thread1] TRACE util.FileUtils (LogUtils.java:runAndLog(49)) - Successfully ran Files.delete /tmp/ratis-tests/statemachine/s0/tmp
2023-04-27 07:11:57,879 [s0-impl-thread1] TRACE util.FileUtils (LogUtils.java:runAndLog(49)) - Successfully ran Files.delete /tmp/ratis-tests/statemachine/s0
2023-04-27 07:11:57,879 [s0-impl-thread1] INFO  server.RaftServerConfigKeys (ConfUtils.java:logGet(46)) - raft.server.log.use.memory = false (default)
2023-04-27 07:11:57,879 [s0-impl-thread1] INFO  server.RaftServerConfigKeys (ConfUtils.java:logGet(46)) - raft.server.log.purge.gap = 8 (custom)
2023-04-27 07:11:57,879 [s0-impl-thread1] INFO  server.RaftServerConfigKeys (ConfUtils.java:logGet(46)) - raft.server.log.appender.buffer.byte-limit = 4MB (=4194304) (default)
2023-04-27 07:11:57,879 [s0-impl-thread1] INFO  server.RaftServerConfigKeys (ConfUtils.java:logGet(46)) - raft.server.log.statemachine.data.read.timeout = 1000ms (default)
2023-04-27 07:11:57,879 [s0-impl-thread1] INFO  server.RaftServerConfigKeys (ConfUtils.java:logGet(46)) - raft.server.log.purge.preservation.log.num = 0 (default)
2023-04-27 07:11:57,880 [s0-impl-thread1] INFO  server.RaftServerConfigKeys (ConfUtils.java:logGet(46)) - raft.server.log.segment.size.max = 8MB (=8388608) (default)
2023-04-27 07:11:57,880 [s0-impl-thread1] INFO  server.RaftServerConfigKeys (ConfUtils.java:logGet(46)) - raft.server.log.segment.cache.num.max = 6 (default)
2023-04-27 07:11:57,880 [s0-impl-thread1] INFO  server.RaftServerConfigKeys (ConfUtils.java:logGet(46)) - raft.server.log.segment.cache.size.max = 200MB (=209715200) (default)
2023-04-27 07:11:57,880 [s0-impl-thread1] INFO  server.RaftServerConfigKeys (ConfUtils.java:logGet(46)) - raft.server.log.appender.buffer.byte-limit = 4MB (=4194304) (default)
2023-04-27 07:11:57,880 [s0-impl-thread1] INFO  segmented.SegmentedRaftLogWorker (SegmentedRaftLogWorker.java:<init>(183)) - new s0@group-D1EDBF6F09EA-SegmentedRaftLogWorker for RaftStorageImpl:Storage Directory /home/runner/work/ratis/ratis/ratis-test/target/test/data/a5c97c2c/MiniRaftClusterWithGrpca436a323/s0/3294cd09-1810-43c5-8bde-d1edbf6f09ea
2023-04-27 07:11:57,880 [s0-impl-thread1] INFO  server.RaftServerConfigKeys (ConfUtils.java:logGet(46)) - raft.server.log.queue.byte-limit = 64MB (=67108864) (default)
2023-04-27 07:11:57,880 [s0-impl-thread1] INFO  server.RaftServerConfigKeys (ConfUtils.java:logGet(46)) - raft.server.log.queue.element-limit = 4096 (default)
2023-04-27 07:11:57,880 [s0-impl-thread1] INFO  server.RaftServerConfigKeys (ConfUtils.java:logGet(46)) - raft.server.log.segment.size.max = 8MB (=8388608) (default)
2023-04-27 07:11:57,880 [s0-impl-thread1] INFO  server.RaftServerConfigKeys (ConfUtils.java:logGet(46)) - raft.server.log.preallocated.size = 4MB (=4194304) (default)
2023-04-27 07:11:57,880 [s0-impl-thread1] INFO  server.RaftServerConfigKeys (ConfUtils.java:logGet(46)) - raft.server.log.force.sync.num = 128 (default)
2023-04-27 07:11:57,880 [s0-impl-thread1] INFO  server.RaftServerConfigKeys (ConfUtils.java:logGet(46)) - raft.server.log.statemachine.data.sync = true (default)
2023-04-27 07:11:57,880 [s0-impl-thread1] INFO  server.RaftServerConfigKeys (ConfUtils.java:logGet(46)) - raft.server.log.statemachine.data.sync.timeout = 10s (default)
2023-04-27 07:11:57,880 [s0-impl-thread1] INFO  server.RaftServerConfigKeys (ConfUtils.java:logGet(46)) - raft.server.log.statemachine.data.sync.timeout.retry = -1 (default)
2023-04-27 07:11:57,881 [s0-impl-thread1] INFO  server.RaftServerConfigKeys (ConfUtils.java:logGet(46)) - raft.server.log.write.buffer.size = 64KB (=65536) (default)
2023-04-27 07:11:57,881 [s0-impl-thread1] INFO  server.RaftServerConfigKeys (ConfUtils.java:logGet(46)) - raft.server.log.appender.buffer.byte-limit = 4MB (=4194304) (default)
2023-04-27 07:11:57,881 [s0-impl-thread1] INFO  server.RaftServerConfigKeys (ConfUtils.java:logGet(46)) - raft.server.log.unsafe-flush.enabled = false (default)
2023-04-27 07:11:57,882 [s0-impl-thread1] INFO  server.RaftServerConfigKeys (ConfUtils.java:logGet(46)) - raft.server.log.async-flush.enabled = false (default)
2023-04-27 07:11:57,882 [s0-impl-thread1] INFO  server.RaftServerConfigKeys (ConfUtils.java:logGet(46)) - raft.server.log.statemachine.data.caching.enabled = false (default)
2023-04-27 07:11:57,882 [s0-impl-thread1] INFO  segmented.SegmentedRaftLogWorker (SegmentedRaftLogWorker.java:lambda$new$0(134)) - s0@group-D1EDBF6F09EA-SegmentedRaftLogWorker: flushIndex: setUnconditionally 0 -> -1
2023-04-27 07:11:57,882 [s0-impl-thread1] INFO  segmented.SegmentedRaftLogWorker (SegmentedRaftLogWorker.java:lambda$new$0(134)) - s0@group-D1EDBF6F09EA-SegmentedRaftLogWorker: safeCacheEvictIndex: setUnconditionally 0 -> -1
2023-04-27 07:11:57,882 [s0-impl-thread1] INFO  server.RaftServer$Division (RaftServerImpl.java:start(342)) - s0@group-D1EDBF6F09EA: start as a follower, conf=-1: peers:[s0|rpc:localhost:42823|admin:localhost:43043|client:localhost:37301|dataStream:localhost:34189|priority:0|startupRole:FOLLOWER]|listeners:[], old=null
2023-04-27 07:11:57,882 [s0-impl-thread1] INFO  server.RaftServer$Division (RaftServerImpl.java:setRole(329)) - s0@group-D1EDBF6F09EA: changes role from      null to FOLLOWER at term 0 for startAsFollower
2023-04-27 07:11:57,882 [s0-impl-thread1] INFO  impl.RoleInfo (RoleInfo.java:updateAndGet(139)) - s0: start s0@group-D1EDBF6F09EA-FollowerState
2023-04-27 07:11:57,882 [s0@group-D1EDBF6F09EA-FollowerState] INFO  server.RaftServerConfigKeys (ConfUtils.java:logFallback(53)) - raft.server.rpc.first-election.timeout.min = 150ms (fallback to raft.server.rpc.timeout.min)
2023-04-27 07:11:57,882 [s0-impl-thread1] INFO  util.JmxRegister (JmxRegister.java:tryRegister(44)) - Successfully registered JMX Bean with object name Ratis:service=RaftServer,group=group-D1EDBF6F09EA,id=s0
2023-04-27 07:11:57,882 [s0@group-D1EDBF6F09EA-FollowerState] INFO  server.RaftServerConfigKeys (ConfUtils.java:logFallback(53)) - raft.server.rpc.first-election.timeout.max = 300ms (fallback to raft.server.rpc.timeout.max)
2023-04-27 07:11:57,882 [s0-impl-thread1] INFO  server.RaftServerConfigKeys (ConfUtils.java:logGet(46)) - raft.server.snapshot.auto.trigger.enabled = true (custom)
2023-04-27 07:11:57,883 [s0-impl-thread1] INFO  server.RaftServerConfigKeys (ConfUtils.java:logGet(46)) - raft.server.snapshot.auto.trigger.threshold = 64 (custom)
2023-04-27 07:11:57,883 [s0-impl-thread1] INFO  server.RaftServerConfigKeys (ConfUtils.java:logGet(46)) - raft.server.snapshot.retention.file.num = -1 (default)
2023-04-27 07:11:57,883 [s0-impl-thread1] INFO  server.RaftServerConfigKeys (ConfUtils.java:logGet(46)) - raft.server.log.purge.upto.snapshot.index = false (default)
2023-04-27 07:11:57,884 [Time-limited test] INFO  server.RaftServer (RaftServerProxy.java:startImpl(401)) - s0: start RPC server
2023-04-27 07:11:57,886 [Time-limited test] INFO  server.GrpcService (GrpcService.java:startImpl(302)) - s0: GrpcService started, listening on 37301
2023-04-27 07:11:57,886 [Time-limited test] INFO  server.GrpcService (GrpcService.java:startImpl(302)) - s0: GrpcService started, listening on 42823
2023-04-27 07:11:57,887 [Time-limited test] INFO  server.GrpcService (GrpcService.java:startImpl(302)) - s0: GrpcService started, listening on 43043
2023-04-27 07:11:57,887 [JvmPauseMonitor9] INFO  util.JvmPauseMonitor (JvmPauseMonitor.java:run(103)) - JvmPauseMonitor-s0: Started
2023-04-27 07:11:57,887 [Time-limited test] INFO  server.RaftServerConfigKeys (ConfUtils.java:logGet(46)) - raft.server.rpc.timeout.max = 300ms (default)
2023-04-27 07:11:57,887 [Time-limited test] INFO  ratis.RaftTestUtil (RaftTestUtil.java:waitForLeader(100)) - printing ALL groups
  s0:  RUNNING  FOLLOWER s0@group-D1EDBF6F09EA:t0, leader=null, voted=, raftlog=Memoized:s0@group-D1EDBF6F09EA-SegmentedRaftLog:OPENED:c-1, conf=-1: peers:[s0|rpc:localhost:42823|admin:localhost:43043|client:localhost:37301|dataStream:localhost:34189|priority:0|startupRole:FOLLOWER]|listeners:[], old=null RUNNING
2023-04-27 07:11:57,887 [Time-limited test] WARN  ratis.RaftTestUtil (JavaUtils.java:attempt(217)) - FAILED "waitForLeader-null-(expectLeader? true)", attempt #1/100: java.lang.IllegalStateException: No leader yet : printing ALL groups
  s0:  RUNNING  FOLLOWER s0@group-D1EDBF6F09EA:t0, leader=null, voted=, raftlog=Memoized:s0@group-D1EDBF6F09EA-SegmentedRaftLog:OPENED:c-1, conf=-1: peers:[s0|rpc:localhost:42823|admin:localhost:43043|client:localhost:37301|dataStream:localhost:34189|priority:0|startupRole:FOLLOWER]|listeners:[], old=null RUNNING, sleep 450ms and then retry.
java.lang.IllegalStateException: No leader yet : printing ALL groups
  s0:  RUNNING  FOLLOWER s0@group-D1EDBF6F09EA:t0, leader=null, voted=, raftlog=Memoized:s0@group-D1EDBF6F09EA-SegmentedRaftLog:OPENED:c-1, conf=-1: peers:[s0|rpc:localhost:42823|admin:localhost:43043|client:localhost:37301|dataStream:localhost:34189|priority:0|startupRole:FOLLOWER]|listeners:[], old=null RUNNING
	at org.apache.ratis.server.impl.MiniRaftCluster.newIllegalStateExceptionForNoLeaders(MiniRaftCluster.java:581)
	at org.apache.ratis.RaftTestUtil.lambda$waitForLeader$1(RaftTestUtil.java:104)
	at org.apache.ratis.server.impl.MiniRaftCluster.getLeader(MiniRaftCluster.java:615)
	at org.apache.ratis.server.impl.MiniRaftCluster.getLeader(MiniRaftCluster.java:608)
	at org.apache.ratis.RaftTestUtil.lambda$waitForLeader$3(RaftTestUtil.java:112)
	at org.apache.ratis.util.JavaUtils.attempt(JavaUtils.java:211)
	at org.apache.ratis.util.JavaUtils.attemptRepeatedly(JavaUtils.java:197)
	at org.apache.ratis.RaftTestUtil.waitForLeader(RaftTestUtil.java:111)
	at org.apache.ratis.RaftTestUtil.waitForLeader(RaftTestUtil.java:92)
	at org.apache.ratis.RaftTestUtil.waitForLeader(RaftTestUtil.java:87)
	at org.apache.ratis.InstallSnapshotFromLeaderTests.testMultiFileInstallSnapshot(InstallSnapshotFromLeaderTests.java:93)
	at org.apache.ratis.server.impl.MiniRaftCluster$Factory$Get.runWithNewCluster(MiniRaftCluster.java:141)
	at org.apache.ratis.server.impl.MiniRaftCluster$Factory$Get.runWithNewCluster(MiniRaftCluster.java:121)
	at org.apache.ratis.InstallSnapshotFromLeaderTests.testSeparateSnapshotInstallPath(InstallSnapshotFromLeaderTests.java:87)
	at java.base/jdk.internal.reflect.NativeMethodAccessorImpl.invoke0(Native Method)
	at java.base/jdk.internal.reflect.NativeMethodAccessorImpl.invoke(NativeMethodAccessorImpl.java:62)
	at java.base/jdk.internal.reflect.DelegatingMethodAccessorImpl.invoke(DelegatingMethodAccessorImpl.java:43)
	at java.base/java.lang.reflect.Method.invoke(Method.java:566)
	at org.junit.runners.model.FrameworkMethod$1.runReflectiveCall(FrameworkMethod.java:59)
	at org.junit.internal.runners.model.ReflectiveCallable.run(ReflectiveCallable.java:12)
	at org.junit.runners.model.FrameworkMethod.invokeExplosively(FrameworkMethod.java:56)
	at org.junit.internal.runners.statements.InvokeMethod.evaluate(InvokeMethod.java:17)
	at org.junit.internal.runners.statements.RunAfters.evaluate(RunAfters.java:27)
	at org.junit.internal.runners.statements.FailOnTimeout$CallableStatement.call(FailOnTimeout.java:299)
	at org.junit.internal.runners.statements.FailOnTimeout$CallableStatement.call(FailOnTimeout.java:293)
	at java.base/java.util.concurrent.FutureTask.run(FutureTask.java:264)
	at java.base/java.lang.Thread.run(Thread.java:829)
2023-04-27 07:11:58,047 [s0@group-D1EDBF6F09EA-FollowerState] INFO  impl.FollowerState (FollowerState.java:run(143)) - s0@group-D1EDBF6F09EA-FollowerState: change to CANDIDATE, lastRpcElapsedTime:164583020ns, electionTimeout:164ms
2023-04-27 07:11:58,047 [s0@group-D1EDBF6F09EA-FollowerState] INFO  impl.RoleInfo (RoleInfo.java:shutdownFollowerState(110)) - s0: shutdown s0@group-D1EDBF6F09EA-FollowerState
2023-04-27 07:11:58,047 [s0@group-D1EDBF6F09EA-FollowerState] INFO  server.RaftServer$Division (RaftServerImpl.java:setRole(329)) - s0@group-D1EDBF6F09EA: changes role from  FOLLOWER to CANDIDATE at term 0 for changeToCandidate
2023-04-27 07:11:58,047 [s0@group-D1EDBF6F09EA-FollowerState] INFO  server.RaftServerConfigKeys (ConfUtils.java:logGet(46)) - raft.server.leaderelection.pre-vote = true (default)
2023-04-27 07:11:58,047 [s0@group-D1EDBF6F09EA-FollowerState] INFO  impl.RoleInfo (RoleInfo.java:updateAndGet(139)) - s0: start s0@group-D1EDBF6F09EA-LeaderElection4
2023-04-27 07:11:58,051 [s0@group-D1EDBF6F09EA-LeaderElection4] INFO  impl.LeaderElection (LeaderElection.java:askForVotes(320)) - s0@group-D1EDBF6F09EA-LeaderElection4 PRE_VOTE round 0: submit vote requests at term 0 for -1: peers:[s0|rpc:localhost:42823|admin:localhost:43043|client:localhost:37301|dataStream:localhost:34189|priority:0|startupRole:FOLLOWER]|listeners:[], old=null
2023-04-27 07:11:58,051 [s0@group-D1EDBF6F09EA-LeaderElection4] INFO  impl.LeaderElection (LeaderElection.java:askForVotes(322)) - s0@group-D1EDBF6F09EA-LeaderElection4 PRE_VOTE round 0: result PASSED (term=0)
2023-04-27 07:11:58,053 [s0@group-D1EDBF6F09EA-LeaderElection4] INFO  impl.LeaderElection (LeaderElection.java:askForVotes(320)) - s0@group-D1EDBF6F09EA-LeaderElection4 ELECTION round 0: submit vote requests at term 1 for -1: peers:[s0|rpc:localhost:42823|admin:localhost:43043|client:localhost:37301|dataStream:localhost:34189|priority:0|startupRole:FOLLOWER]|listeners:[], old=null
2023-04-27 07:11:58,053 [s0@group-D1EDBF6F09EA-LeaderElection4] INFO  impl.LeaderElection (LeaderElection.java:askForVotes(322)) - s0@group-D1EDBF6F09EA-LeaderElection4 ELECTION round 0: result PASSED (term=1)
2023-04-27 07:11:58,053 [s0@group-D1EDBF6F09EA-LeaderElection4] INFO  impl.RoleInfo (RoleInfo.java:shutdownLeaderElection(130)) - s0: shutdown s0@group-D1EDBF6F09EA-LeaderElection4
2023-04-27 07:11:58,053 [s0@group-D1EDBF6F09EA-LeaderElection4] INFO  server.RaftServer$Division (RaftServerImpl.java:setRole(329)) - s0@group-D1EDBF6F09EA: changes role from CANDIDATE to LEADER at term 1 for changeToLeader
2023-04-27 07:11:58,053 [s0@group-D1EDBF6F09EA-LeaderElection4] INFO  server.RaftServer$Division (ServerState.java:setLeader(260)) - s0@group-D1EDBF6F09EA: change Leader from null to s0 at term 1 for becomeLeader, leader elected after 179ms
2023-04-27 07:11:58,053 [s0@group-D1EDBF6F09EA-LeaderElection4] INFO  server.RaftServerConfigKeys (ConfUtils.java:logGet(46)) - raft.server.staging.catchup.gap = 1000 (default)
2023-04-27 07:11:58,053 [s0@group-D1EDBF6F09EA-LeaderElection4] INFO  server.RaftServerConfigKeys (ConfUtils.java:logGet(46)) - raft.server.write.element-limit = 4096 (default)
2023-04-27 07:11:58,053 [s0@group-D1EDBF6F09EA-LeaderElection4] INFO  server.RaftServerConfigKeys (ConfUtils.java:logGet(46)) - raft.server.write.byte-limit = 64MB (=67108864) (default)
2023-04-27 07:11:58,053 [s0@group-D1EDBF6F09EA-LeaderElection4] INFO  server.RaftServerConfigKeys (ConfUtils.java:logGet(46)) - raft.server.watch.timeout = 10s (default)
2023-04-27 07:11:58,053 [s0@group-D1EDBF6F09EA-LeaderElection4] INFO  server.RaftServerConfigKeys (ConfUtils.java:logGet(46)) - raft.server.watch.timeout.denomination = 1s (default)
2023-04-27 07:11:58,053 [s0@group-D1EDBF6F09EA-LeaderElection4] INFO  server.RaftServerConfigKeys (ConfUtils.java:logGet(46)) - raft.server.watch.element-limit = 65536 (default)
2023-04-27 07:11:58,054 [s0@group-D1EDBF6F09EA-LeaderElection4] INFO  server.RaftServerConfigKeys (ConfUtils.java:logGet(46)) - raft.server.write.element-limit = 4096 (default)
2023-04-27 07:11:58,054 [s0@group-D1EDBF6F09EA-LeaderElection4] INFO  server.RaftServerConfigKeys (ConfUtils.java:logGet(46)) - raft.server.write.follower.gap.ratio.max = -1.0 (default)
2023-04-27 07:11:58,054 [s0@group-D1EDBF6F09EA-LeaderElection4] INFO  impl.RoleInfo (RoleInfo.java:updateAndGet(139)) - s0: start s0@group-D1EDBF6F09EA-LeaderStateImpl
2023-04-27 07:11:58,054 [s0@group-D1EDBF6F09EA-LeaderElection4] INFO  segmented.SegmentedRaftLogWorker (SegmentedRaftLogWorker.java:startLogSegment(426)) - s0@group-D1EDBF6F09EA-SegmentedRaftLogWorker: Starting segment from index:0
2023-04-27 07:11:58,059 [s0@group-D1EDBF6F09EA-LeaderElection4] INFO  server.RaftServer$Division (ServerState.java:setRaftConf(377)) - s0@group-D1EDBF6F09EA: set configuration 0: peers:[s0|rpc:localhost:42823|admin:localhost:43043|client:localhost:37301|dataStream:localhost:34189|priority:0|startupRole:FOLLOWER]|listeners:[], old=null
2023-04-27 07:11:58,063 [s0@group-D1EDBF6F09EA-SegmentedRaftLogWorker] INFO  segmented.SegmentedRaftLogWorker (SegmentedRaftLogWorker.java:execute(630)) - s0@group-D1EDBF6F09EA-SegmentedRaftLogWorker: created new log segment /home/runner/work/ratis/ratis/ratis-test/target/test/data/a5c97c2c/MiniRaftClusterWithGrpca436a323/s0/3294cd09-1810-43c5-8bde-d1edbf6f09ea/current/log_inprogress_0
2023-04-27 07:11:58,338 [Time-limited test] INFO  ratis.RaftTestUtil (RaftTestUtil.java:waitForLeader(119)) - printing ALL groups
  s0:  RUNNING    LEADER s0@group-D1EDBF6F09EA:t1, leader=s0, voted=s0, raftlog=Memoized:s0@group-D1EDBF6F09EA-SegmentedRaftLog:OPENED:c0, conf=0: peers:[s0|rpc:localhost:42823|admin:localhost:43043|client:localhost:37301|dataStream:localhost:34189|priority:0|startupRole:FOLLOWER]|listeners:[], old=null RUNNING
2023-04-27 07:11:58,349 [s0@group-D1EDBF6F09EA-StateMachineUpdater] INFO  impl.SimpleStateMachine4Testing (SimpleStateMachine4Testing.java:put(205)) - s0: put 1, m0 -> (t:1, i:1), STATEMACHINELOGENTRY, 387@client-37FB37001D9B
2023-04-27 07:11:58,354 [s0@group-D1EDBF6F09EA-StateMachineUpdater] INFO  impl.SimpleStateMachine4Testing (SimpleStateMachine4Testing.java:put(205)) - s0: put 3, m1 -> (t:1, i:3), STATEMACHINELOGENTRY, 388@client-37FB37001D9B
2023-04-27 07:11:58,357 [s0@group-D1EDBF6F09EA-StateMachineUpdater] INFO  impl.SimpleStateMachine4Testing (SimpleStateMachine4Testing.java:put(205)) - s0: put 5, m2 -> (t:1, i:5), STATEMACHINELOGENTRY, 389@client-37FB37001D9B
2023-04-27 07:11:58,363 [s0@group-D1EDBF6F09EA-StateMachineUpdater] INFO  impl.SimpleStateMachine4Testing (SimpleStateMachine4Testing.java:put(205)) - s0: put 7, m3 -> (t:1, i:7), STATEMACHINELOGENTRY, 390@client-37FB37001D9B
2023-04-27 07:11:58,365 [s0@group-D1EDBF6F09EA-StateMachineUpdater] INFO  impl.SimpleStateMachine4Testing (SimpleStateMachine4Testing.java:put(205)) - s0: put 9, m4 -> (t:1, i:9), STATEMACHINELOGENTRY, 391@client-37FB37001D9B
2023-04-27 07:11:58,367 [s0@group-D1EDBF6F09EA-StateMachineUpdater] INFO  impl.SimpleStateMachine4Testing (SimpleStateMachine4Testing.java:put(205)) - s0: put 11, m5 -> (t:1, i:11), STATEMACHINELOGENTRY, 392@client-37FB37001D9B
2023-04-27 07:11:58,369 [s0@group-D1EDBF6F09EA-StateMachineUpdater] INFO  impl.SimpleStateMachine4Testing (SimpleStateMachine4Testing.java:put(205)) - s0: put 13, m6 -> (t:1, i:13), STATEMACHINELOGENTRY, 393@client-37FB37001D9B
2023-04-27 07:11:58,371 [s0@group-D1EDBF6F09EA-StateMachineUpdater] INFO  impl.SimpleStateMachine4Testing (SimpleStateMachine4Testing.java:put(205)) - s0: put 15, m7 -> (t:1, i:15), STATEMACHINELOGENTRY, 394@client-37FB37001D9B
2023-04-27 07:11:58,373 [s0@group-D1EDBF6F09EA-StateMachineUpdater] INFO  impl.SimpleStateMachine4Testing (SimpleStateMachine4Testing.java:put(205)) - s0: put 17, m8 -> (t:1, i:17), STATEMACHINELOGENTRY, 395@client-37FB37001D9B
2023-04-27 07:11:58,375 [s0@group-D1EDBF6F09EA-StateMachineUpdater] INFO  impl.SimpleStateMachine4Testing (SimpleStateMachine4Testing.java:put(205)) - s0: put 19, m9 -> (t:1, i:19), STATEMACHINELOGENTRY, 396@client-37FB37001D9B
2023-04-27 07:11:58,377 [s0@group-D1EDBF6F09EA-StateMachineUpdater] INFO  impl.SimpleStateMachine4Testing (SimpleStateMachine4Testing.java:put(205)) - s0: put 21, m10 -> (t:1, i:21), STATEMACHINELOGENTRY, 397@client-37FB37001D9B
2023-04-27 07:11:58,378 [s0@group-D1EDBF6F09EA-StateMachineUpdater] INFO  impl.SimpleStateMachine4Testing (SimpleStateMachine4Testing.java:put(205)) - s0: put 23, m11 -> (t:1, i:23), STATEMACHINELOGENTRY, 398@client-37FB37001D9B
2023-04-27 07:11:58,380 [s0@group-D1EDBF6F09EA-StateMachineUpdater] INFO  impl.SimpleStateMachine4Testing (SimpleStateMachine4Testing.java:put(205)) - s0: put 25, m12 -> (t:1, i:25), STATEMACHINELOGENTRY, 399@client-37FB37001D9B
2023-04-27 07:11:58,382 [s0@group-D1EDBF6F09EA-StateMachineUpdater] INFO  impl.SimpleStateMachine4Testing (SimpleStateMachine4Testing.java:put(205)) - s0: put 27, m13 -> (t:1, i:27), STATEMACHINELOGENTRY, 400@client-37FB37001D9B
2023-04-27 07:11:58,384 [s0@group-D1EDBF6F09EA-StateMachineUpdater] INFO  impl.SimpleStateMachine4Testing (SimpleStateMachine4Testing.java:put(205)) - s0: put 29, m14 -> (t:1, i:29), STATEMACHINELOGENTRY, 401@client-37FB37001D9B
2023-04-27 07:11:58,386 [s0@group-D1EDBF6F09EA-StateMachineUpdater] INFO  impl.SimpleStateMachine4Testing (SimpleStateMachine4Testing.java:put(205)) - s0: put 31, m15 -> (t:1, i:31), STATEMACHINELOGENTRY, 402@client-37FB37001D9B
2023-04-27 07:11:58,388 [s0@group-D1EDBF6F09EA-StateMachineUpdater] INFO  impl.SimpleStateMachine4Testing (SimpleStateMachine4Testing.java:put(205)) - s0: put 33, m16 -> (t:1, i:33), STATEMACHINELOGENTRY, 403@client-37FB37001D9B
2023-04-27 07:11:58,390 [s0@group-D1EDBF6F09EA-StateMachineUpdater] INFO  impl.SimpleStateMachine4Testing (SimpleStateMachine4Testing.java:put(205)) - s0: put 35, m17 -> (t:1, i:35), STATEMACHINELOGENTRY, 404@client-37FB37001D9B
2023-04-27 07:11:58,392 [s0@group-D1EDBF6F09EA-StateMachineUpdater] INFO  impl.SimpleStateMachine4Testing (SimpleStateMachine4Testing.java:put(205)) - s0: put 37, m18 -> (t:1, i:37), STATEMACHINELOGENTRY, 405@client-37FB37001D9B
2023-04-27 07:11:58,394 [s0@group-D1EDBF6F09EA-StateMachineUpdater] INFO  impl.SimpleStateMachine4Testing (SimpleStateMachine4Testing.java:put(205)) - s0: put 39, m19 -> (t:1, i:39), STATEMACHINELOGENTRY, 406@client-37FB37001D9B
2023-04-27 07:11:58,400 [s0@group-D1EDBF6F09EA-StateMachineUpdater] INFO  impl.SimpleStateMachine4Testing (SimpleStateMachine4Testing.java:put(205)) - s0: put 41, m20 -> (t:1, i:41), STATEMACHINELOGENTRY, 407@client-37FB37001D9B
2023-04-27 07:11:58,402 [s0@group-D1EDBF6F09EA-StateMachineUpdater] INFO  impl.SimpleStateMachine4Testing (SimpleStateMachine4Testing.java:put(205)) - s0: put 43, m21 -> (t:1, i:43), STATEMACHINELOGENTRY, 408@client-37FB37001D9B
2023-04-27 07:11:58,404 [s0@group-D1EDBF6F09EA-StateMachineUpdater] INFO  impl.SimpleStateMachine4Testing (SimpleStateMachine4Testing.java:put(205)) - s0: put 45, m22 -> (t:1, i:45), STATEMACHINELOGENTRY, 409@client-37FB37001D9B
2023-04-27 07:11:58,406 [s0@group-D1EDBF6F09EA-StateMachineUpdater] INFO  impl.SimpleStateMachine4Testing (SimpleStateMachine4Testing.java:put(205)) - s0: put 47, m23 -> (t:1, i:47), STATEMACHINELOGENTRY, 410@client-37FB37001D9B
2023-04-27 07:11:58,408 [s0@group-D1EDBF6F09EA-StateMachineUpdater] INFO  impl.SimpleStateMachine4Testing (SimpleStateMachine4Testing.java:put(205)) - s0: put 49, m24 -> (t:1, i:49), STATEMACHINELOGENTRY, 411@client-37FB37001D9B
2023-04-27 07:11:58,410 [s0@group-D1EDBF6F09EA-StateMachineUpdater] INFO  impl.SimpleStateMachine4Testing (SimpleStateMachine4Testing.java:put(205)) - s0: put 51, m25 -> (t:1, i:51), STATEMACHINELOGENTRY, 412@client-37FB37001D9B
2023-04-27 07:11:58,412 [s0@group-D1EDBF6F09EA-StateMachineUpdater] INFO  impl.SimpleStateMachine4Testing (SimpleStateMachine4Testing.java:put(205)) - s0: put 53, m26 -> (t:1, i:53), STATEMACHINELOGENTRY, 413@client-37FB37001D9B
2023-04-27 07:11:58,414 [s0@group-D1EDBF6F09EA-StateMachineUpdater] INFO  impl.SimpleStateMachine4Testing (SimpleStateMachine4Testing.java:put(205)) - s0: put 55, m27 -> (t:1, i:55), STATEMACHINELOGENTRY, 414@client-37FB37001D9B
2023-04-27 07:11:58,416 [s0@group-D1EDBF6F09EA-StateMachineUpdater] INFO  impl.SimpleStateMachine4Testing (SimpleStateMachine4Testing.java:put(205)) - s0: put 57, m28 -> (t:1, i:57), STATEMACHINELOGENTRY, 415@client-37FB37001D9B
2023-04-27 07:11:58,418 [s0@group-D1EDBF6F09EA-StateMachineUpdater] INFO  impl.SimpleStateMachine4Testing (SimpleStateMachine4Testing.java:put(205)) - s0: put 59, m29 -> (t:1, i:59), STATEMACHINELOGENTRY, 416@client-37FB37001D9B
2023-04-27 07:11:58,420 [s0@group-D1EDBF6F09EA-StateMachineUpdater] INFO  impl.SimpleStateMachine4Testing (SimpleStateMachine4Testing.java:put(205)) - s0: put 61, m30 -> (t:1, i:61), STATEMACHINELOGENTRY, 417@client-37FB37001D9B
2023-04-27 07:11:58,421 [s0@group-D1EDBF6F09EA-StateMachineUpdater] INFO  impl.SimpleStateMachine4Testing (SimpleStateMachine4Testing.java:put(205)) - s0: put 63, m31 -> (t:1, i:63), STATEMACHINELOGENTRY, 418@client-37FB37001D9B
2023-04-27 07:11:58,422 [s0@group-D1EDBF6F09EA-StateMachineUpdater] TRACE util.FileUtils (FileUtils.java:deleteFully(201)) - deleteFully /tmp/ratis-tests/statemachine/s0/snapshot/1_63
2023-04-27 07:11:58,422 [s0@group-D1EDBF6F09EA-StateMachineUpdater] TRACE util.FileUtils (FileUtils.java:deleteFully(217)) - deleteFully: /tmp/ratis-tests/statemachine/s0/snapshot/1_63 does not exist.
2023-04-27 07:11:58,422 [s0@group-D1EDBF6F09EA-StateMachineUpdater] TRACE util.FileUtils (FileUtils.java:deleteFully(201)) - deleteFully /tmp/ratis-tests/statemachine/s0/tmp/13e30d3a-81f6-4fca-ae80-5c699eda1b17
2023-04-27 07:11:58,422 [s0@group-D1EDBF6F09EA-StateMachineUpdater] TRACE util.FileUtils (FileUtils.java:deleteFully(217)) - deleteFully: /tmp/ratis-tests/statemachine/s0/tmp/13e30d3a-81f6-4fca-ae80-5c699eda1b17 does not exist.
2023-04-27 07:11:58,422 [s0@group-D1EDBF6F09EA-StateMachineUpdater] TRACE util.FileUtils (LogUtils.java:runAndLog(49)) - Successfully ran Atomic Files.move /tmp/ratis-tests/statemachine/s0/tmp/13e30d3a-81f6-4fca-ae80-5c699eda1b17 to /tmp/ratis-tests/statemachine/s0/snapshot/1_63
2023-04-27 07:11:58,422 [s0@group-D1EDBF6F09EA-StateMachineUpdater] INFO  impl.StateMachineUpdater (StateMachineUpdater.java:takeSnapshot(290)) - s0@group-D1EDBF6F09EA-StateMachineUpdater: Took a snapshot at index 63
2023-04-27 07:11:58,422 [s0@group-D1EDBF6F09EA-StateMachineUpdater] INFO  impl.StateMachineUpdater (StateMachineUpdater.java:lambda$new$0(96)) - s0@group-D1EDBF6F09EA-StateMachineUpdater: snapshotIndex: updateIncreasingly -1 -> 63
2023-04-27 07:11:58,422 [s0@group-D1EDBF6F09EA-StateMachineUpdater] INFO  raftlog.RaftLog (RaftLogBase.java:purge(314)) - s0@group-D1EDBF6F09EA-SegmentedRaftLog: purge 63
2023-04-27 07:11:58,422 [s0@group-D1EDBF6F09EA-StateMachineUpdater] INFO  raftlog.RaftLog (RaftLogBase.java:lambda$new$0(53)) - s0@group-D1EDBF6F09EA-SegmentedRaftLog: snapshotIndex: updateIncreasingly -1 -> 63
2023-04-27 07:11:58,423 [s0@group-D1EDBF6F09EA-StateMachineUpdater] INFO  raftlog.RaftLog (RaftLogBase.java:lambda$new$0(53)) - s0@group-D1EDBF6F09EA-SegmentedRaftLog: purgeIndex: updateToMax old=-1, new=63, updated? true
2023-04-27 07:11:58,424 [s0@group-D1EDBF6F09EA-StateMachineUpdater] INFO  impl.SimpleStateMachine4Testing (SimpleStateMachine4Testing.java:put(205)) - s0: put 65, m32 -> (t:1, i:65), STATEMACHINELOGENTRY, 419@client-37FB37001D9B
2023-04-27 07:11:58,426 [s0@group-D1EDBF6F09EA-StateMachineUpdater] INFO  impl.SimpleStateMachine4Testing (SimpleStateMachine4Testing.java:put(205)) - s0: put 67, m33 -> (t:1, i:67), STATEMACHINELOGENTRY, 420@client-37FB37001D9B
2023-04-27 07:11:58,428 [s0@group-D1EDBF6F09EA-StateMachineUpdater] INFO  impl.SimpleStateMachine4Testing (SimpleStateMachine4Testing.java:put(205)) - s0: put 69, m34 -> (t:1, i:69), STATEMACHINELOGENTRY, 421@client-37FB37001D9B
2023-04-27 07:11:58,430 [s0@group-D1EDBF6F09EA-StateMachineUpdater] INFO  impl.SimpleStateMachine4Testing (SimpleStateMachine4Testing.java:put(205)) - s0: put 71, m35 -> (t:1, i:71), STATEMACHINELOGENTRY, 422@client-37FB37001D9B
2023-04-27 07:11:58,432 [s0@group-D1EDBF6F09EA-StateMachineUpdater] INFO  impl.SimpleStateMachine4Testing (SimpleStateMachine4Testing.java:put(205)) - s0: put 73, m36 -> (t:1, i:73), STATEMACHINELOGENTRY, 423@client-37FB37001D9B
2023-04-27 07:11:58,434 [s0@group-D1EDBF6F09EA-StateMachineUpdater] INFO  impl.SimpleStateMachine4Testing (SimpleStateMachine4Testing.java:put(205)) - s0: put 75, m37 -> (t:1, i:75), STATEMACHINELOGENTRY, 424@client-37FB37001D9B
2023-04-27 07:11:58,436 [s0@group-D1EDBF6F09EA-StateMachineUpdater] INFO  impl.SimpleStateMachine4Testing (SimpleStateMachine4Testing.java:put(205)) - s0: put 77, m38 -> (t:1, i:77), STATEMACHINELOGENTRY, 425@client-37FB37001D9B
2023-04-27 07:11:58,438 [s0@group-D1EDBF6F09EA-StateMachineUpdater] INFO  impl.SimpleStateMachine4Testing (SimpleStateMachine4Testing.java:put(205)) - s0: put 79, m39 -> (t:1, i:79), STATEMACHINELOGENTRY, 426@client-37FB37001D9B
2023-04-27 07:11:58,440 [s0@group-D1EDBF6F09EA-StateMachineUpdater] INFO  impl.SimpleStateMachine4Testing (SimpleStateMachine4Testing.java:put(205)) - s0: put 81, m40 -> (t:1, i:81), STATEMACHINELOGENTRY, 427@client-37FB37001D9B
2023-04-27 07:11:58,442 [s0@group-D1EDBF6F09EA-StateMachineUpdater] INFO  impl.SimpleStateMachine4Testing (SimpleStateMachine4Testing.java:put(205)) - s0: put 83, m41 -> (t:1, i:83), STATEMACHINELOGENTRY, 428@client-37FB37001D9B
2023-04-27 07:11:58,444 [s0@group-D1EDBF6F09EA-StateMachineUpdater] INFO  impl.SimpleStateMachine4Testing (SimpleStateMachine4Testing.java:put(205)) - s0: put 85, m42 -> (t:1, i:85), STATEMACHINELOGENTRY, 429@client-37FB37001D9B
2023-04-27 07:11:58,446 [s0@group-D1EDBF6F09EA-StateMachineUpdater] INFO  impl.SimpleStateMachine4Testing (SimpleStateMachine4Testing.java:put(205)) - s0: put 87, m43 -> (t:1, i:87), STATEMACHINELOGENTRY, 430@client-37FB37001D9B
2023-04-27 07:11:58,448 [s0@group-D1EDBF6F09EA-StateMachineUpdater] INFO  impl.SimpleStateMachine4Testing (SimpleStateMachine4Testing.java:put(205)) - s0: put 89, m44 -> (t:1, i:89), STATEMACHINELOGENTRY, 431@client-37FB37001D9B
2023-04-27 07:11:58,449 [s0@group-D1EDBF6F09EA-StateMachineUpdater] INFO  impl.SimpleStateMachine4Testing (SimpleStateMachine4Testing.java:put(205)) - s0: put 91, m45 -> (t:1, i:91), STATEMACHINELOGENTRY, 432@client-37FB37001D9B
2023-04-27 07:11:58,451 [s0@group-D1EDBF6F09EA-StateMachineUpdater] INFO  impl.SimpleStateMachine4Testing (SimpleStateMachine4Testing.java:put(205)) - s0: put 93, m46 -> (t:1, i:93), STATEMACHINELOGENTRY, 433@client-37FB37001D9B
2023-04-27 07:11:58,453 [s0@group-D1EDBF6F09EA-StateMachineUpdater] INFO  impl.SimpleStateMachine4Testing (SimpleStateMachine4Testing.java:put(205)) - s0: put 95, m47 -> (t:1, i:95), STATEMACHINELOGENTRY, 434@client-37FB37001D9B
2023-04-27 07:11:58,455 [s0@group-D1EDBF6F09EA-StateMachineUpdater] INFO  impl.SimpleStateMachine4Testing (SimpleStateMachine4Testing.java:put(205)) - s0: put 97, m48 -> (t:1, i:97), STATEMACHINELOGENTRY, 435@client-37FB37001D9B
2023-04-27 07:11:58,457 [s0@group-D1EDBF6F09EA-StateMachineUpdater] INFO  impl.SimpleStateMachine4Testing (SimpleStateMachine4Testing.java:put(205)) - s0: put 99, m49 -> (t:1, i:99), STATEMACHINELOGENTRY, 436@client-37FB37001D9B
2023-04-27 07:11:58,459 [s0@group-D1EDBF6F09EA-StateMachineUpdater] INFO  impl.SimpleStateMachine4Testing (SimpleStateMachine4Testing.java:put(205)) - s0: put 101, m50 -> (t:1, i:101), STATEMACHINELOGENTRY, 437@client-37FB37001D9B
2023-04-27 07:11:58,461 [s0@group-D1EDBF6F09EA-StateMachineUpdater] INFO  impl.SimpleStateMachine4Testing (SimpleStateMachine4Testing.java:put(205)) - s0: put 103, m51 -> (t:1, i:103), STATEMACHINELOGENTRY, 438@client-37FB37001D9B
2023-04-27 07:11:58,463 [s0@group-D1EDBF6F09EA-StateMachineUpdater] INFO  impl.SimpleStateMachine4Testing (SimpleStateMachine4Testing.java:put(205)) - s0: put 105, m52 -> (t:1, i:105), STATEMACHINELOGENTRY, 439@client-37FB37001D9B
2023-04-27 07:11:58,465 [s0@group-D1EDBF6F09EA-StateMachineUpdater] INFO  impl.SimpleStateMachine4Testing (SimpleStateMachine4Testing.java:put(205)) - s0: put 107, m53 -> (t:1, i:107), STATEMACHINELOGENTRY, 440@client-37FB37001D9B
2023-04-27 07:11:58,467 [s0@group-D1EDBF6F09EA-StateMachineUpdater] INFO  impl.SimpleStateMachine4Testing (SimpleStateMachine4Testing.java:put(205)) - s0: put 109, m54 -> (t:1, i:109), STATEMACHINELOGENTRY, 441@client-37FB37001D9B
2023-04-27 07:11:58,469 [s0@group-D1EDBF6F09EA-StateMachineUpdater] INFO  impl.SimpleStateMachine4Testing (SimpleStateMachine4Testing.java:put(205)) - s0: put 111, m55 -> (t:1, i:111), STATEMACHINELOGENTRY, 442@client-37FB37001D9B
2023-04-27 07:11:58,471 [s0@group-D1EDBF6F09EA-StateMachineUpdater] INFO  impl.SimpleStateMachine4Testing (SimpleStateMachine4Testing.java:put(205)) - s0: put 113, m56 -> (t:1, i:113), STATEMACHINELOGENTRY, 443@client-37FB37001D9B
2023-04-27 07:11:58,473 [s0@group-D1EDBF6F09EA-StateMachineUpdater] INFO  impl.SimpleStateMachine4Testing (SimpleStateMachine4Testing.java:put(205)) - s0: put 115, m57 -> (t:1, i:115), STATEMACHINELOGENTRY, 444@client-37FB37001D9B
2023-04-27 07:11:58,475 [s0@group-D1EDBF6F09EA-StateMachineUpdater] INFO  impl.SimpleStateMachine4Testing (SimpleStateMachine4Testing.java:put(205)) - s0: put 117, m58 -> (t:1, i:117), STATEMACHINELOGENTRY, 445@client-37FB37001D9B
2023-04-27 07:11:58,477 [s0@group-D1EDBF6F09EA-StateMachineUpdater] INFO  impl.SimpleStateMachine4Testing (SimpleStateMachine4Testing.java:put(205)) - s0: put 119, m59 -> (t:1, i:119), STATEMACHINELOGENTRY, 446@client-37FB37001D9B
2023-04-27 07:11:58,479 [s0@group-D1EDBF6F09EA-StateMachineUpdater] INFO  impl.SimpleStateMachine4Testing (SimpleStateMachine4Testing.java:put(205)) - s0: put 121, m60 -> (t:1, i:121), STATEMACHINELOGENTRY, 447@client-37FB37001D9B
2023-04-27 07:11:58,481 [s0@group-D1EDBF6F09EA-StateMachineUpdater] INFO  impl.SimpleStateMachine4Testing (SimpleStateMachine4Testing.java:put(205)) - s0: put 123, m61 -> (t:1, i:123), STATEMACHINELOGENTRY, 448@client-37FB37001D9B
2023-04-27 07:11:58,483 [s0@group-D1EDBF6F09EA-StateMachineUpdater] INFO  impl.SimpleStateMachine4Testing (SimpleStateMachine4Testing.java:put(205)) - s0: put 125, m62 -> (t:1, i:125), STATEMACHINELOGENTRY, 449@client-37FB37001D9B
2023-04-27 07:11:58,485 [s0@group-D1EDBF6F09EA-StateMachineUpdater] INFO  impl.SimpleStateMachine4Testing (SimpleStateMachine4Testing.java:put(205)) - s0: put 127, m63 -> (t:1, i:127), STATEMACHINELOGENTRY, 450@client-37FB37001D9B
2023-04-27 07:11:58,485 [s0@group-D1EDBF6F09EA-StateMachineUpdater] TRACE util.FileUtils (FileUtils.java:deleteFully(201)) - deleteFully /tmp/ratis-tests/statemachine/s0/snapshot/1_127
2023-04-27 07:11:58,485 [s0@group-D1EDBF6F09EA-StateMachineUpdater] TRACE util.FileUtils (FileUtils.java:deleteFully(217)) - deleteFully: /tmp/ratis-tests/statemachine/s0/snapshot/1_127 does not exist.
2023-04-27 07:11:58,485 [s0@group-D1EDBF6F09EA-StateMachineUpdater] TRACE util.FileUtils (FileUtils.java:deleteFully(201)) - deleteFully /tmp/ratis-tests/statemachine/s0/tmp/eae153af-c5c1-4dbd-ad4f-d8a9c5d139b2
2023-04-27 07:11:58,485 [s0@group-D1EDBF6F09EA-StateMachineUpdater] TRACE util.FileUtils (FileUtils.java:deleteFully(217)) - deleteFully: /tmp/ratis-tests/statemachine/s0/tmp/eae153af-c5c1-4dbd-ad4f-d8a9c5d139b2 does not exist.
2023-04-27 07:11:58,485 [s0@group-D1EDBF6F09EA-StateMachineUpdater] TRACE util.FileUtils (LogUtils.java:runAndLog(49)) - Successfully ran Atomic Files.move /tmp/ratis-tests/statemachine/s0/tmp/eae153af-c5c1-4dbd-ad4f-d8a9c5d139b2 to /tmp/ratis-tests/statemachine/s0/snapshot/1_127
2023-04-27 07:11:58,485 [s0@group-D1EDBF6F09EA-StateMachineUpdater] INFO  impl.StateMachineUpdater (StateMachineUpdater.java:takeSnapshot(290)) - s0@group-D1EDBF6F09EA-StateMachineUpdater: Took a snapshot at index 127
2023-04-27 07:11:58,485 [s0@group-D1EDBF6F09EA-StateMachineUpdater] INFO  impl.StateMachineUpdater (StateMachineUpdater.java:lambda$new$0(96)) - s0@group-D1EDBF6F09EA-StateMachineUpdater: snapshotIndex: updateIncreasingly 63 -> 127
2023-04-27 07:11:58,485 [s0@group-D1EDBF6F09EA-StateMachineUpdater] INFO  raftlog.RaftLog (RaftLogBase.java:purge(314)) - s0@group-D1EDBF6F09EA-SegmentedRaftLog: purge 127
2023-04-27 07:11:58,485 [s0@group-D1EDBF6F09EA-StateMachineUpdater] INFO  raftlog.RaftLog (RaftLogBase.java:lambda$new$0(53)) - s0@group-D1EDBF6F09EA-SegmentedRaftLog: snapshotIndex: updateIncreasingly 63 -> 127
2023-04-27 07:11:58,486 [s0@group-D1EDBF6F09EA-StateMachineUpdater] INFO  raftlog.RaftLog (RaftLogBase.java:lambda$new$0(53)) - s0@group-D1EDBF6F09EA-SegmentedRaftLog: purgeIndex: updateToMax old=63, new=127, updated? true
2023-04-27 07:11:58,487 [s0@group-D1EDBF6F09EA-StateMachineUpdater] INFO  impl.SimpleStateMachine4Testing (SimpleStateMachine4Testing.java:put(205)) - s0: put 129, m64 -> (t:1, i:129), STATEMACHINELOGENTRY, 451@client-37FB37001D9B
2023-04-27 07:11:58,489 [s0@group-D1EDBF6F09EA-StateMachineUpdater] INFO  impl.SimpleStateMachine4Testing (SimpleStateMachine4Testing.java:put(205)) - s0: put 131, m65 -> (t:1, i:131), STATEMACHINELOGENTRY, 452@client-37FB37001D9B
2023-04-27 07:11:58,496 [s0@group-D1EDBF6F09EA-StateMachineUpdater] INFO  impl.SimpleStateMachine4Testing (SimpleStateMachine4Testing.java:put(205)) - s0: put 133, m66 -> (t:1, i:133), STATEMACHINELOGENTRY, 453@client-37FB37001D9B
2023-04-27 07:11:58,498 [s0@group-D1EDBF6F09EA-StateMachineUpdater] INFO  impl.SimpleStateMachine4Testing (SimpleStateMachine4Testing.java:put(205)) - s0: put 135, m67 -> (t:1, i:135), STATEMACHINELOGENTRY, 454@client-37FB37001D9B
2023-04-27 07:11:58,500 [s0@group-D1EDBF6F09EA-StateMachineUpdater] INFO  impl.SimpleStateMachine4Testing (SimpleStateMachine4Testing.java:put(205)) - s0: put 137, m68 -> (t:1, i:137), STATEMACHINELOGENTRY, 455@client-37FB37001D9B
2023-04-27 07:11:58,501 [s0@group-D1EDBF6F09EA-StateMachineUpdater] INFO  impl.SimpleStateMachine4Testing (SimpleStateMachine4Testing.java:put(205)) - s0: put 139, m69 -> (t:1, i:139), STATEMACHINELOGENTRY, 456@client-37FB37001D9B
2023-04-27 07:11:58,503 [s0@group-D1EDBF6F09EA-StateMachineUpdater] INFO  impl.SimpleStateMachine4Testing (SimpleStateMachine4Testing.java:put(205)) - s0: put 141, m70 -> (t:1, i:141), STATEMACHINELOGENTRY, 457@client-37FB37001D9B
2023-04-27 07:11:58,506 [s0@group-D1EDBF6F09EA-StateMachineUpdater] INFO  impl.SimpleStateMachine4Testing (SimpleStateMachine4Testing.java:put(205)) - s0: put 143, m71 -> (t:1, i:143), STATEMACHINELOGENTRY, 458@client-37FB37001D9B
2023-04-27 07:11:58,515 [s0@group-D1EDBF6F09EA-StateMachineUpdater] INFO  impl.SimpleStateMachine4Testing (SimpleStateMachine4Testing.java:put(205)) - s0: put 145, m72 -> (t:1, i:145), STATEMACHINELOGENTRY, 459@client-37FB37001D9B
2023-04-27 07:11:58,517 [s0@group-D1EDBF6F09EA-StateMachineUpdater] INFO  impl.SimpleStateMachine4Testing (SimpleStateMachine4Testing.java:put(205)) - s0: put 147, m73 -> (t:1, i:147), STATEMACHINELOGENTRY, 460@client-37FB37001D9B
2023-04-27 07:11:58,519 [s0@group-D1EDBF6F09EA-StateMachineUpdater] INFO  impl.SimpleStateMachine4Testing (SimpleStateMachine4Testing.java:put(205)) - s0: put 149, m74 -> (t:1, i:149), STATEMACHINELOGENTRY, 461@client-37FB37001D9B
2023-04-27 07:11:58,521 [s0@group-D1EDBF6F09EA-StateMachineUpdater] INFO  impl.SimpleStateMachine4Testing (SimpleStateMachine4Testing.java:put(205)) - s0: put 151, m75 -> (t:1, i:151), STATEMACHINELOGENTRY, 462@client-37FB37001D9B
2023-04-27 07:11:58,522 [s0@group-D1EDBF6F09EA-StateMachineUpdater] INFO  impl.SimpleStateMachine4Testing (SimpleStateMachine4Testing.java:put(205)) - s0: put 153, m76 -> (t:1, i:153), STATEMACHINELOGENTRY, 463@client-37FB37001D9B
2023-04-27 07:11:58,524 [s0@group-D1EDBF6F09EA-StateMachineUpdater] INFO  impl.SimpleStateMachine4Testing (SimpleStateMachine4Testing.java:put(205)) - s0: put 155, m77 -> (t:1, i:155), STATEMACHINELOGENTRY, 464@client-37FB37001D9B
2023-04-27 07:11:58,526 [s0@group-D1EDBF6F09EA-StateMachineUpdater] INFO  impl.SimpleStateMachine4Testing (SimpleStateMachine4Testing.java:put(205)) - s0: put 157, m78 -> (t:1, i:157), STATEMACHINELOGENTRY, 465@client-37FB37001D9B
2023-04-27 07:11:58,528 [s0@group-D1EDBF6F09EA-StateMachineUpdater] INFO  impl.SimpleStateMachine4Testing (SimpleStateMachine4Testing.java:put(205)) - s0: put 159, m79 -> (t:1, i:159), STATEMACHINELOGENTRY, 466@client-37FB37001D9B
2023-04-27 07:11:58,530 [s0@group-D1EDBF6F09EA-StateMachineUpdater] INFO  impl.SimpleStateMachine4Testing (SimpleStateMachine4Testing.java:put(205)) - s0: put 161, m80 -> (t:1, i:161), STATEMACHINELOGENTRY, 467@client-37FB37001D9B
2023-04-27 07:11:58,532 [s0@group-D1EDBF6F09EA-StateMachineUpdater] INFO  impl.SimpleStateMachine4Testing (SimpleStateMachine4Testing.java:put(205)) - s0: put 163, m81 -> (t:1, i:163), STATEMACHINELOGENTRY, 468@client-37FB37001D9B
2023-04-27 07:11:58,534 [s0@group-D1EDBF6F09EA-StateMachineUpdater] INFO  impl.SimpleStateMachine4Testing (SimpleStateMachine4Testing.java:put(205)) - s0: put 165, m82 -> (t:1, i:165), STATEMACHINELOGENTRY, 469@client-37FB37001D9B
2023-04-27 07:11:58,536 [s0@group-D1EDBF6F09EA-StateMachineUpdater] INFO  impl.SimpleStateMachine4Testing (SimpleStateMachine4Testing.java:put(205)) - s0: put 167, m83 -> (t:1, i:167), STATEMACHINELOGENTRY, 470@client-37FB37001D9B
2023-04-27 07:11:58,538 [s0@group-D1EDBF6F09EA-StateMachineUpdater] INFO  impl.SimpleStateMachine4Testing (SimpleStateMachine4Testing.java:put(205)) - s0: put 169, m84 -> (t:1, i:169), STATEMACHINELOGENTRY, 471@client-37FB37001D9B
2023-04-27 07:11:58,540 [s0@group-D1EDBF6F09EA-StateMachineUpdater] INFO  impl.SimpleStateMachine4Testing (SimpleStateMachine4Testing.java:put(205)) - s0: put 171, m85 -> (t:1, i:171), STATEMACHINELOGENTRY, 472@client-37FB37001D9B
2023-04-27 07:11:58,542 [s0@group-D1EDBF6F09EA-StateMachineUpdater] INFO  impl.SimpleStateMachine4Testing (SimpleStateMachine4Testing.java:put(205)) - s0: put 173, m86 -> (t:1, i:173), STATEMACHINELOGENTRY, 473@client-37FB37001D9B
2023-04-27 07:11:58,544 [s0@group-D1EDBF6F09EA-StateMachineUpdater] INFO  impl.SimpleStateMachine4Testing (SimpleStateMachine4Testing.java:put(205)) - s0: put 175, m87 -> (t:1, i:175), STATEMACHINELOGENTRY, 474@client-37FB37001D9B
2023-04-27 07:11:58,545 [s0@group-D1EDBF6F09EA-StateMachineUpdater] INFO  impl.SimpleStateMachine4Testing (SimpleStateMachine4Testing.java:put(205)) - s0: put 177, m88 -> (t:1, i:177), STATEMACHINELOGENTRY, 475@client-37FB37001D9B
2023-04-27 07:11:58,548 [s0@group-D1EDBF6F09EA-StateMachineUpdater] INFO  impl.SimpleStateMachine4Testing (SimpleStateMachine4Testing.java:put(205)) - s0: put 179, m89 -> (t:1, i:179), STATEMACHINELOGENTRY, 476@client-37FB37001D9B
2023-04-27 07:11:58,550 [s0@group-D1EDBF6F09EA-StateMachineUpdater] INFO  impl.SimpleStateMachine4Testing (SimpleStateMachine4Testing.java:put(205)) - s0: put 181, m90 -> (t:1, i:181), STATEMACHINELOGENTRY, 477@client-37FB37001D9B
2023-04-27 07:11:58,553 [s0@group-D1EDBF6F09EA-StateMachineUpdater] INFO  impl.SimpleStateMachine4Testing (SimpleStateMachine4Testing.java:put(205)) - s0: put 183, m91 -> (t:1, i:183), STATEMACHINELOGENTRY, 478@client-37FB37001D9B
2023-04-27 07:11:58,555 [s0@group-D1EDBF6F09EA-StateMachineUpdater] INFO  impl.SimpleStateMachine4Testing (SimpleStateMachine4Testing.java:put(205)) - s0: put 185, m92 -> (t:1, i:185), STATEMACHINELOGENTRY, 479@client-37FB37001D9B
2023-04-27 07:11:58,557 [s0@group-D1EDBF6F09EA-StateMachineUpdater] INFO  impl.SimpleStateMachine4Testing (SimpleStateMachine4Testing.java:put(205)) - s0: put 187, m93 -> (t:1, i:187), STATEMACHINELOGENTRY, 480@client-37FB37001D9B
2023-04-27 07:11:58,559 [s0@group-D1EDBF6F09EA-StateMachineUpdater] INFO  impl.SimpleStateMachine4Testing (SimpleStateMachine4Testing.java:put(205)) - s0: put 189, m94 -> (t:1, i:189), STATEMACHINELOGENTRY, 481@client-37FB37001D9B
2023-04-27 07:11:58,560 [s0@group-D1EDBF6F09EA-StateMachineUpdater] INFO  impl.SimpleStateMachine4Testing (SimpleStateMachine4Testing.java:put(205)) - s0: put 191, m95 -> (t:1, i:191), STATEMACHINELOGENTRY, 482@client-37FB37001D9B
2023-04-27 07:11:58,561 [s0@group-D1EDBF6F09EA-StateMachineUpdater] TRACE util.FileUtils (FileUtils.java:deleteFully(201)) - deleteFully /tmp/ratis-tests/statemachine/s0/snapshot/1_191
2023-04-27 07:11:58,561 [s0@group-D1EDBF6F09EA-StateMachineUpdater] TRACE util.FileUtils (FileUtils.java:deleteFully(217)) - deleteFully: /tmp/ratis-tests/statemachine/s0/snapshot/1_191 does not exist.
2023-04-27 07:11:58,561 [s0@group-D1EDBF6F09EA-StateMachineUpdater] TRACE util.FileUtils (FileUtils.java:deleteFully(201)) - deleteFully /tmp/ratis-tests/statemachine/s0/tmp/78a73c46-96ed-4833-81f0-77434daeff05
2023-04-27 07:11:58,561 [s0@group-D1EDBF6F09EA-StateMachineUpdater] TRACE util.FileUtils (FileUtils.java:deleteFully(217)) - deleteFully: /tmp/ratis-tests/statemachine/s0/tmp/78a73c46-96ed-4833-81f0-77434daeff05 does not exist.
2023-04-27 07:11:58,561 [s0@group-D1EDBF6F09EA-StateMachineUpdater] TRACE util.FileUtils (LogUtils.java:runAndLog(49)) - Successfully ran Atomic Files.move /tmp/ratis-tests/statemachine/s0/tmp/78a73c46-96ed-4833-81f0-77434daeff05 to /tmp/ratis-tests/statemachine/s0/snapshot/1_191
2023-04-27 07:11:58,561 [s0@group-D1EDBF6F09EA-StateMachineUpdater] INFO  impl.StateMachineUpdater (StateMachineUpdater.java:takeSnapshot(290)) - s0@group-D1EDBF6F09EA-StateMachineUpdater: Took a snapshot at index 191
2023-04-27 07:11:58,561 [s0@group-D1EDBF6F09EA-StateMachineUpdater] INFO  impl.StateMachineUpdater (StateMachineUpdater.java:lambda$new$0(96)) - s0@group-D1EDBF6F09EA-StateMachineUpdater: snapshotIndex: updateIncreasingly 127 -> 191
2023-04-27 07:11:58,561 [s0@group-D1EDBF6F09EA-StateMachineUpdater] INFO  raftlog.RaftLog (RaftLogBase.java:purge(314)) - s0@group-D1EDBF6F09EA-SegmentedRaftLog: purge 191
2023-04-27 07:11:58,561 [s0@group-D1EDBF6F09EA-StateMachineUpdater] INFO  raftlog.RaftLog (RaftLogBase.java:lambda$new$0(53)) - s0@group-D1EDBF6F09EA-SegmentedRaftLog: snapshotIndex: updateIncreasingly 127 -> 191
2023-04-27 07:11:58,561 [s0@group-D1EDBF6F09EA-StateMachineUpdater] INFO  raftlog.RaftLog (RaftLogBase.java:lambda$new$0(53)) - s0@group-D1EDBF6F09EA-SegmentedRaftLog: purgeIndex: updateToMax old=127, new=191, updated? true
2023-04-27 07:11:58,563 [s0@group-D1EDBF6F09EA-StateMachineUpdater] INFO  impl.SimpleStateMachine4Testing (SimpleStateMachine4Testing.java:put(205)) - s0: put 193, m96 -> (t:1, i:193), STATEMACHINELOGENTRY, 483@client-37FB37001D9B
2023-04-27 07:11:58,565 [s0@group-D1EDBF6F09EA-StateMachineUpdater] INFO  impl.SimpleStateMachine4Testing (SimpleStateMachine4Testing.java:put(205)) - s0: put 195, m97 -> (t:1, i:195), STATEMACHINELOGENTRY, 484@client-37FB37001D9B
2023-04-27 07:11:58,567 [s0@group-D1EDBF6F09EA-StateMachineUpdater] INFO  impl.SimpleStateMachine4Testing (SimpleStateMachine4Testing.java:put(205)) - s0: put 197, m98 -> (t:1, i:197), STATEMACHINELOGENTRY, 485@client-37FB37001D9B
2023-04-27 07:11:58,569 [s0@group-D1EDBF6F09EA-StateMachineUpdater] INFO  impl.SimpleStateMachine4Testing (SimpleStateMachine4Testing.java:put(205)) - s0: put 199, m99 -> (t:1, i:199), STATEMACHINELOGENTRY, 486@client-37FB37001D9B
2023-04-27 07:11:58,571 [s0@group-D1EDBF6F09EA-StateMachineUpdater] INFO  impl.SimpleStateMachine4Testing (SimpleStateMachine4Testing.java:put(205)) - s0: put 201, m100 -> (t:1, i:201), STATEMACHINELOGENTRY, 487@client-37FB37001D9B
2023-04-27 07:11:58,573 [s0@group-D1EDBF6F09EA-StateMachineUpdater] INFO  impl.SimpleStateMachine4Testing (SimpleStateMachine4Testing.java:put(205)) - s0: put 203, m101 -> (t:1, i:203), STATEMACHINELOGENTRY, 488@client-37FB37001D9B
2023-04-27 07:11:58,578 [s0@group-D1EDBF6F09EA-StateMachineUpdater] INFO  impl.SimpleStateMachine4Testing (SimpleStateMachine4Testing.java:put(205)) - s0: put 205, m102 -> (t:1, i:205), STATEMACHINELOGENTRY, 489@client-37FB37001D9B
2023-04-27 07:11:58,580 [s0@group-D1EDBF6F09EA-StateMachineUpdater] INFO  impl.SimpleStateMachine4Testing (SimpleStateMachine4Testing.java:put(205)) - s0: put 207, m103 -> (t:1, i:207), STATEMACHINELOGENTRY, 490@client-37FB37001D9B
2023-04-27 07:11:58,588 [s0@group-D1EDBF6F09EA-StateMachineUpdater] INFO  impl.SimpleStateMachine4Testing (SimpleStateMachine4Testing.java:put(205)) - s0: put 209, m104 -> (t:1, i:209), STATEMACHINELOGENTRY, 491@client-37FB37001D9B
2023-04-27 07:11:58,590 [s0@group-D1EDBF6F09EA-StateMachineUpdater] INFO  impl.SimpleStateMachine4Testing (SimpleStateMachine4Testing.java:put(205)) - s0: put 211, m105 -> (t:1, i:211), STATEMACHINELOGENTRY, 492@client-37FB37001D9B
2023-04-27 07:11:58,592 [s0@group-D1EDBF6F09EA-StateMachineUpdater] INFO  impl.SimpleStateMachine4Testing (SimpleStateMachine4Testing.java:put(205)) - s0: put 213, m106 -> (t:1, i:213), STATEMACHINELOGENTRY, 493@client-37FB37001D9B
2023-04-27 07:11:58,594 [s0@group-D1EDBF6F09EA-StateMachineUpdater] INFO  impl.SimpleStateMachine4Testing (SimpleStateMachine4Testing.java:put(205)) - s0: put 215, m107 -> (t:1, i:215), STATEMACHINELOGENTRY, 494@client-37FB37001D9B
2023-04-27 07:11:58,596 [s0@group-D1EDBF6F09EA-StateMachineUpdater] INFO  impl.SimpleStateMachine4Testing (SimpleStateMachine4Testing.java:put(205)) - s0: put 217, m108 -> (t:1, i:217), STATEMACHINELOGENTRY, 495@client-37FB37001D9B
2023-04-27 07:11:58,597 [s0@group-D1EDBF6F09EA-StateMachineUpdater] INFO  impl.SimpleStateMachine4Testing (SimpleStateMachine4Testing.java:put(205)) - s0: put 219, m109 -> (t:1, i:219), STATEMACHINELOGENTRY, 496@client-37FB37001D9B
2023-04-27 07:11:58,600 [s0@group-D1EDBF6F09EA-StateMachineUpdater] INFO  impl.SimpleStateMachine4Testing (SimpleStateMachine4Testing.java:put(205)) - s0: put 221, m110 -> (t:1, i:221), STATEMACHINELOGENTRY, 497@client-37FB37001D9B
2023-04-27 07:11:58,601 [s0@group-D1EDBF6F09EA-StateMachineUpdater] INFO  impl.SimpleStateMachine4Testing (SimpleStateMachine4Testing.java:put(205)) - s0: put 223, m111 -> (t:1, i:223), STATEMACHINELOGENTRY, 498@client-37FB37001D9B
2023-04-27 07:11:58,603 [s0@group-D1EDBF6F09EA-StateMachineUpdater] INFO  impl.SimpleStateMachine4Testing (SimpleStateMachine4Testing.java:put(205)) - s0: put 225, m112 -> (t:1, i:225), STATEMACHINELOGENTRY, 499@client-37FB37001D9B
2023-04-27 07:11:58,605 [s0@group-D1EDBF6F09EA-StateMachineUpdater] INFO  impl.SimpleStateMachine4Testing (SimpleStateMachine4Testing.java:put(205)) - s0: put 227, m113 -> (t:1, i:227), STATEMACHINELOGENTRY, 500@client-37FB37001D9B
2023-04-27 07:11:58,607 [s0@group-D1EDBF6F09EA-StateMachineUpdater] INFO  impl.SimpleStateMachine4Testing (SimpleStateMachine4Testing.java:put(205)) - s0: put 229, m114 -> (t:1, i:229), STATEMACHINELOGENTRY, 501@client-37FB37001D9B
2023-04-27 07:11:58,609 [s0@group-D1EDBF6F09EA-StateMachineUpdater] INFO  impl.SimpleStateMachine4Testing (SimpleStateMachine4Testing.java:put(205)) - s0: put 231, m115 -> (t:1, i:231), STATEMACHINELOGENTRY, 502@client-37FB37001D9B
2023-04-27 07:11:58,616 [s0@group-D1EDBF6F09EA-StateMachineUpdater] INFO  impl.SimpleStateMachine4Testing (SimpleStateMachine4Testing.java:put(205)) - s0: put 233, m116 -> (t:1, i:233), STATEMACHINELOGENTRY, 503@client-37FB37001D9B
2023-04-27 07:11:58,618 [s0@group-D1EDBF6F09EA-StateMachineUpdater] INFO  impl.SimpleStateMachine4Testing (SimpleStateMachine4Testing.java:put(205)) - s0: put 235, m117 -> (t:1, i:235), STATEMACHINELOGENTRY, 504@client-37FB37001D9B
2023-04-27 07:11:58,620 [s0@group-D1EDBF6F09EA-StateMachineUpdater] INFO  impl.SimpleStateMachine4Testing (SimpleStateMachine4Testing.java:put(205)) - s0: put 237, m118 -> (t:1, i:237), STATEMACHINELOGENTRY, 505@client-37FB37001D9B
2023-04-27 07:11:58,621 [s0@group-D1EDBF6F09EA-StateMachineUpdater] INFO  impl.SimpleStateMachine4Testing (SimpleStateMachine4Testing.java:put(205)) - s0: put 239, m119 -> (t:1, i:239), STATEMACHINELOGENTRY, 506@client-37FB37001D9B
2023-04-27 07:11:58,623 [s0@group-D1EDBF6F09EA-StateMachineUpdater] INFO  impl.SimpleStateMachine4Testing (SimpleStateMachine4Testing.java:put(205)) - s0: put 241, m120 -> (t:1, i:241), STATEMACHINELOGENTRY, 507@client-37FB37001D9B
2023-04-27 07:11:58,625 [s0@group-D1EDBF6F09EA-StateMachineUpdater] INFO  impl.SimpleStateMachine4Testing (SimpleStateMachine4Testing.java:put(205)) - s0: put 243, m121 -> (t:1, i:243), STATEMACHINELOGENTRY, 508@client-37FB37001D9B
2023-04-27 07:11:58,627 [s0@group-D1EDBF6F09EA-StateMachineUpdater] INFO  impl.SimpleStateMachine4Testing (SimpleStateMachine4Testing.java:put(205)) - s0: put 245, m122 -> (t:1, i:245), STATEMACHINELOGENTRY, 509@client-37FB37001D9B
2023-04-27 07:11:58,628 [s0@group-D1EDBF6F09EA-StateMachineUpdater] INFO  impl.SimpleStateMachine4Testing (SimpleStateMachine4Testing.java:put(205)) - s0: put 247, m123 -> (t:1, i:247), STATEMACHINELOGENTRY, 510@client-37FB37001D9B
2023-04-27 07:11:58,630 [s0@group-D1EDBF6F09EA-StateMachineUpdater] INFO  impl.SimpleStateMachine4Testing (SimpleStateMachine4Testing.java:put(205)) - s0: put 249, m124 -> (t:1, i:249), STATEMACHINELOGENTRY, 511@client-37FB37001D9B
2023-04-27 07:11:58,632 [s0@group-D1EDBF6F09EA-StateMachineUpdater] INFO  impl.SimpleStateMachine4Testing (SimpleStateMachine4Testing.java:put(205)) - s0: put 251, m125 -> (t:1, i:251), STATEMACHINELOGENTRY, 512@client-37FB37001D9B
2023-04-27 07:11:58,634 [s0@group-D1EDBF6F09EA-StateMachineUpdater] INFO  impl.SimpleStateMachine4Testing (SimpleStateMachine4Testing.java:put(205)) - s0: put 253, m126 -> (t:1, i:253), STATEMACHINELOGENTRY, 513@client-37FB37001D9B
2023-04-27 07:11:58,642 [s0-server-thread1] INFO  server.RaftServer$Division (RaftServerImpl.java:takeSnapshotAsync(1129)) - s0@group-D1EDBF6F09EA: takeSnapshotAsync SnapshotManagementRequest:client-37FB37001D9B->s0@group-D1EDBF6F09EA, cid=514, seq=0, RO, null, Create:
2023-04-27 07:11:58,642 [s0-server-thread1] INFO  server.RaftServerConfigKeys (ConfUtils.java:logGet(46)) - raft.server.snapshot.creation.gap = 1024 (default)
2023-04-27 07:11:58,646 [Time-limited test] INFO  impl.MiniRaftCluster (MiniRaftCluster.java:addNewPeers(464)) - Add new peers [s1, s2]
2023-04-27 07:11:58,646 [Time-limited test] INFO  impl.MiniRaftCluster (MiniRaftCluster.java:newRaftServer(382)) - newRaftServer: s1, group-D1EDBF6F09EA:[], format? true
2023-04-27 07:11:58,646 [Time-limited test] TRACE util.FileUtils (FileUtils.java:deleteFully(201)) - deleteFully target/test/data/a5c97c2c/MiniRaftClusterWithGrpca436a323/s1
2023-04-27 07:11:58,646 [Time-limited test] TRACE util.FileUtils (FileUtils.java:deleteFully(217)) - deleteFully: target/test/data/a5c97c2c/MiniRaftClusterWithGrpca436a323/s1 does not exist.
2023-04-27 07:11:58,646 [Time-limited test] INFO  impl.MiniRaftCluster (MiniRaftCluster.java:newRaftServer(387)) - Formatted directory target/test/data/a5c97c2c/MiniRaftClusterWithGrpca436a323/s1
2023-04-27 07:11:58,646 [Time-limited test] INFO  server.RaftServer (ConfUtils.java:logGet(46)) - raft.rpc.type = GRPC (default)
2023-04-27 07:11:58,646 [Time-limited test] INFO  grpc.GrpcConfigKeys (ConfUtils.java:logFallback(53)) - raft.grpc.admin.host = null (fallback to raft.grpc.server.host)
2023-04-27 07:11:58,646 [Time-limited test] INFO  grpc.GrpcConfigKeys (ConfUtils.java:logFallback(53)) - raft.grpc.admin.port = 42585 (fallback to raft.grpc.server.port)
2023-04-27 07:11:58,646 [Time-limited test] INFO  grpc.GrpcConfigKeys (ConfUtils.java:logFallback(53)) - raft.grpc.client.host = null (fallback to raft.grpc.server.host)
2023-04-27 07:11:58,647 [Time-limited test] INFO  grpc.GrpcConfigKeys (ConfUtils.java:logFallback(53)) - raft.grpc.client.port = 42585 (fallback to raft.grpc.server.port)
2023-04-27 07:11:58,647 [Time-limited test] INFO  grpc.GrpcConfigKeys (ConfUtils.java:logGet(46)) - raft.grpc.server.host = null (default)
2023-04-27 07:11:58,647 [Time-limited test] INFO  grpc.GrpcConfigKeys (ConfUtils.java:logGet(46)) - raft.grpc.server.port = 42585 (custom)
2023-04-27 07:11:58,647 [Time-limited test] INFO  server.GrpcService (ConfUtils.java:logGet(46)) - raft.grpc.message.size.max = 64MB (=67108864) (default)
2023-04-27 07:11:58,647 [Time-limited test] INFO  server.RaftServerConfigKeys (ConfUtils.java:logGet(46)) - raft.server.log.appender.buffer.byte-limit = 4MB (=4194304) (default)
2023-04-27 07:11:58,647 [Time-limited test] INFO  server.GrpcService (ConfUtils.java:logGet(46)) - raft.grpc.flow.control.window = 1MB (=1048576) (default)
2023-04-27 07:11:58,647 [Time-limited test] INFO  server.RaftServerConfigKeys (ConfUtils.java:logGet(46)) - raft.server.rpc.request.timeout = 3000ms (default)
2023-04-27 07:11:58,647 [Time-limited test] INFO  grpc.GrpcConfigKeys (ConfUtils.java:logGet(46)) - raft.grpc.server.heartbeat.channel = true (default)
2023-04-27 07:11:58,647 [Time-limited test] INFO  grpc.GrpcConfigKeys (ConfUtils.java:logGet(46)) - raft.grpc.server.async.request.thread.pool.cached = true (default)
2023-04-27 07:11:58,647 [Time-limited test] INFO  grpc.GrpcConfigKeys (ConfUtils.java:logGet(46)) - raft.grpc.server.async.request.thread.pool.size = 32 (default)
2023-04-27 07:11:58,648 [Time-limited test] INFO  impl.DataStreamServerImpl (ConfUtils.java:logGet(46)) - raft.datastream.type = DISABLED (default)
2023-04-27 07:11:58,648 [Time-limited test] INFO  server.RaftServerConfigKeys (ConfUtils.java:logGet(46)) - raft.server.threadpool.proxy.cached = true (default)
2023-04-27 07:11:58,648 [Time-limited test] INFO  server.RaftServerConfigKeys (ConfUtils.java:logGet(46)) - raft.server.threadpool.proxy.size = 0 (default)
2023-04-27 07:11:58,648 [Time-limited test] INFO  server.RaftServerConfigKeys (ConfUtils.java:logGet(46)) - raft.server.rpc.slowness.timeout = 60s (default)
2023-04-27 07:11:58,648 [Time-limited test] INFO  server.RaftServerConfigKeys (ConfUtils.java:logGet(46)) - raft.server.leaderelection.leader.step-down.wait-time = 10s (default)
2023-04-27 07:11:58,648 [Time-limited test] INFO  server.RaftServerConfigKeys (ConfUtils.java:logGet(46)) - raft.server.storage.dir = [/home/runner/work/ratis/ratis/ratis-test/target/test/data/a5c97c2c/MiniRaftClusterWithGrpca436a323/s1] (custom)
2023-04-27 07:11:58,648 [Time-limited test] INFO  server.RaftServer (RaftServerProxy.java:addNew(99)) - s1: addNew group-D1EDBF6F09EA:[] returns group-D1EDBF6F09EA:java.util.concurrent.CompletableFuture@62581b1b[Not completed]
2023-04-27 07:11:58,649 [s1-groupManagement] INFO  server.RaftServerConfigKeys (ConfUtils.java:logGet(46)) - raft.server.log.segment.size.max = 8MB (=8388608) (default)
2023-04-27 07:11:58,649 [s1-groupManagement] INFO  server.RaftServerConfigKeys (ConfUtils.java:logGet(46)) - raft.server.log.preallocated.size = 4MB (=4194304) (default)
2023-04-27 07:11:58,649 [s1-groupManagement] INFO  server.RaftServerConfigKeys (ConfUtils.java:logGet(46)) - raft.server.log.write.buffer.size = 64KB (=65536) (default)
2023-04-27 07:11:58,649 [Time-limited test] INFO  impl.MiniRaftCluster (MiniRaftCluster.java:newRaftServer(382)) - newRaftServer: s2, group-D1EDBF6F09EA:[], format? true
2023-04-27 07:11:58,649 [Time-limited test] TRACE util.FileUtils (FileUtils.java:deleteFully(201)) - deleteFully target/test/data/a5c97c2c/MiniRaftClusterWithGrpca436a323/s2
2023-04-27 07:11:58,649 [s1-groupManagement] INFO  server.RaftServer$Division (RaftServerImpl.java:<init>(198)) - s1: new RaftServerImpl for group-D1EDBF6F09EA:[] with StateMachineWithSeparatedSnapshotPath:uninitialized
2023-04-27 07:11:58,649 [s1-groupManagement] INFO  server.RaftServerConfigKeys (ConfUtils.java:logGet(46)) - raft.server.rpc.timeout.min = 150ms (default)
2023-04-27 07:11:58,649 [Time-limited test] TRACE util.FileUtils (FileUtils.java:deleteFully(217)) - deleteFully: target/test/data/a5c97c2c/MiniRaftClusterWithGrpca436a323/s2 does not exist.
2023-04-27 07:11:58,649 [s1-groupManagement] INFO  server.RaftServerConfigKeys (ConfUtils.java:logGet(46)) - raft.server.rpc.timeout.max = 300ms (default)
2023-04-27 07:11:58,649 [Time-limited test] INFO  impl.MiniRaftCluster (MiniRaftCluster.java:newRaftServer(387)) - Formatted directory target/test/data/a5c97c2c/MiniRaftClusterWithGrpca436a323/s2
2023-04-27 07:11:58,649 [s1-groupManagement] INFO  server.RaftServerConfigKeys (ConfUtils.java:logGet(46)) - raft.server.rpc.sleep.time = 25ms (default)
2023-04-27 07:11:58,649 [s1-groupManagement] INFO  server.RaftServerConfigKeys (ConfUtils.java:logGet(46)) - raft.server.rpc.slowness.timeout = 60s (default)
2023-04-27 07:11:58,649 [s1-groupManagement] INFO  server.RaftServerConfigKeys (ConfUtils.java:logGet(46)) - raft.server.leaderelection.leader.step-down.wait-time = 10s (default)
2023-04-27 07:11:58,649 [s1-groupManagement] INFO  server.RaftServerConfigKeys (ConfUtils.java:logGet(46)) - raft.server.sleep.deviation.threshold = 300ms (default)
2023-04-27 07:11:58,649 [Time-limited test] INFO  server.RaftServer (ConfUtils.java:logGet(46)) - raft.rpc.type = GRPC (default)
2023-04-27 07:11:58,649 [s1-groupManagement] INFO  server.RaftServer$Division (ServerState.java:<init>(113)) - s1@group-D1EDBF6F09EA: ConfigurationManager, init=-1: peers:[]|listeners:[], old=null, confs=<EMPTY_MAP>
2023-04-27 07:11:58,649 [Time-limited test] INFO  grpc.GrpcConfigKeys (ConfUtils.java:logFallback(53)) - raft.grpc.admin.host = null (fallback to raft.grpc.server.host)
2023-04-27 07:11:58,649 [s1-groupManagement] INFO  server.RaftServerConfigKeys (ConfUtils.java:logGet(46)) - raft.server.notification.no-leader.timeout = 60s (default)
2023-04-27 07:11:58,649 [Time-limited test] INFO  grpc.GrpcConfigKeys (ConfUtils.java:logFallback(53)) - raft.grpc.admin.port = 36855 (fallback to raft.grpc.server.port)
2023-04-27 07:11:58,649 [s1-groupManagement] INFO  server.RaftServerConfigKeys (ConfUtils.java:logGet(46)) - raft.server.read.timeout = 10s (default)
2023-04-27 07:11:58,650 [Time-limited test] INFO  grpc.GrpcConfigKeys (ConfUtils.java:logFallback(53)) - raft.grpc.client.host = null (fallback to raft.grpc.server.host)
2023-04-27 07:11:58,650 [s1-groupManagement] INFO  server.RaftServerConfigKeys (ConfUtils.java:logGet(46)) - raft.server.retrycache.expirytime = 60s (default)
2023-04-27 07:11:58,650 [Time-limited test] INFO  grpc.GrpcConfigKeys (ConfUtils.java:logFallback(53)) - raft.grpc.client.port = 36855 (fallback to raft.grpc.server.port)
2023-04-27 07:11:58,650 [s1-groupManagement] INFO  server.RaftServerConfigKeys (ConfUtils.java:logGet(46)) - raft.server.retrycache.statistics.expirytime = 100μs (default)
2023-04-27 07:11:58,650 [Time-limited test] INFO  grpc.GrpcConfigKeys (ConfUtils.java:logGet(46)) - raft.grpc.server.host = null (default)
2023-04-27 07:11:58,650 [Time-limited test] INFO  grpc.GrpcConfigKeys (ConfUtils.java:logGet(46)) - raft.grpc.server.port = 36855 (custom)
2023-04-27 07:11:58,650 [s1-groupManagement] INFO  server.RaftServerConfigKeys (ConfUtils.java:logGet(46)) - raft.server.read.option = DEFAULT (default)
2023-04-27 07:11:58,650 [Time-limited test] INFO  server.GrpcService (ConfUtils.java:logGet(46)) - raft.grpc.message.size.max = 64MB (=67108864) (default)
2023-04-27 07:11:58,651 [Time-limited test] INFO  server.RaftServerConfigKeys (ConfUtils.java:logGet(46)) - raft.server.log.appender.buffer.byte-limit = 4MB (=4194304) (default)
2023-04-27 07:11:58,651 [Time-limited test] INFO  server.GrpcService (ConfUtils.java:logGet(46)) - raft.grpc.flow.control.window = 1MB (=1048576) (default)
2023-04-27 07:11:58,651 [Time-limited test] INFO  server.RaftServerConfigKeys (ConfUtils.java:logGet(46)) - raft.server.rpc.request.timeout = 3000ms (default)
2023-04-27 07:11:58,651 [Time-limited test] INFO  grpc.GrpcConfigKeys (ConfUtils.java:logGet(46)) - raft.grpc.server.heartbeat.channel = true (default)
2023-04-27 07:11:58,651 [Time-limited test] INFO  grpc.GrpcConfigKeys (ConfUtils.java:logGet(46)) - raft.grpc.server.async.request.thread.pool.cached = true (default)
2023-04-27 07:11:58,651 [Time-limited test] INFO  grpc.GrpcConfigKeys (ConfUtils.java:logGet(46)) - raft.grpc.server.async.request.thread.pool.size = 32 (default)
2023-04-27 07:11:58,651 [s1-groupManagement] INFO  server.RaftServerConfigKeys (ConfUtils.java:logGet(46)) - raft.server.rpc.request.timeout = 3000ms (default)
2023-04-27 07:11:58,651 [s1-groupManagement] INFO  server.RaftServerConfigKeys (ConfUtils.java:logGet(46)) - raft.server.log.appender.install.snapshot.enabled = true (default)
2023-04-27 07:11:58,651 [s1-groupManagement] INFO  server.RaftServerConfigKeys (ConfUtils.java:logGet(46)) - raft.server.threadpool.server.cached = true (default)
2023-04-27 07:11:58,651 [s1-groupManagement] INFO  server.RaftServerConfigKeys (ConfUtils.java:logGet(46)) - raft.server.threadpool.server.size = 0 (default)
2023-04-27 07:11:58,651 [s1-groupManagement] INFO  server.RaftServerConfigKeys (ConfUtils.java:logGet(46)) - raft.server.threadpool.client.cached = true (default)
2023-04-27 07:11:58,651 [s1-groupManagement] INFO  server.RaftServerConfigKeys (ConfUtils.java:logGet(46)) - raft.server.threadpool.client.size = 0 (default)
2023-04-27 07:11:58,652 [Time-limited test] INFO  impl.DataStreamServerImpl (ConfUtils.java:logGet(46)) - raft.datastream.type = DISABLED (default)
2023-04-27 07:11:58,652 [Time-limited test] INFO  server.RaftServerConfigKeys (ConfUtils.java:logGet(46)) - raft.server.threadpool.proxy.cached = true (default)
2023-04-27 07:11:58,652 [Time-limited test] INFO  server.RaftServerConfigKeys (ConfUtils.java:logGet(46)) - raft.server.threadpool.proxy.size = 0 (default)
2023-04-27 07:11:58,652 [Time-limited test] INFO  server.RaftServerConfigKeys (ConfUtils.java:logGet(46)) - raft.server.rpc.slowness.timeout = 60s (default)
2023-04-27 07:11:58,652 [Time-limited test] INFO  server.RaftServerConfigKeys (ConfUtils.java:logGet(46)) - raft.server.leaderelection.leader.step-down.wait-time = 10s (default)
2023-04-27 07:11:58,652 [Time-limited test] INFO  server.RaftServerConfigKeys (ConfUtils.java:logGet(46)) - raft.server.storage.dir = [/home/runner/work/ratis/ratis/ratis-test/target/test/data/a5c97c2c/MiniRaftClusterWithGrpca436a323/s2] (custom)
2023-04-27 07:11:58,658 [Time-limited test] INFO  server.RaftServer (RaftServerProxy.java:addNew(99)) - s2: addNew group-D1EDBF6F09EA:[] returns group-D1EDBF6F09EA:java.util.concurrent.CompletableFuture@9b3f648[Not completed]
2023-04-27 07:11:58,659 [s1-impl-thread1] INFO  server.RaftServerConfigKeys (ConfUtils.java:logGet(46)) - raft.server.storage.free-space.min = 0MB (=0) (default)
2023-04-27 07:11:58,659 [s1-impl-thread1] INFO  server.RaftServerConfigKeys (ConfUtils.java:logGet(46)) - raft.server.log.corruption.policy = EXCEPTION (default)
2023-04-27 07:11:58,659 [s1-impl-thread1] INFO  server.RaftServerConfigKeys (ConfUtils.java:logGet(46)) - raft.server.storage.dir = [/home/runner/work/ratis/ratis/ratis-test/target/test/data/a5c97c2c/MiniRaftClusterWithGrpca436a323/s1] (custom)
2023-04-27 07:11:58,659 [s1-impl-thread1] INFO  storage.RaftStorageDirectory (RaftStorageDirectoryImpl.java:analyzeStorage(138)) - The storage directory /home/runner/work/ratis/ratis/ratis-test/target/test/data/a5c97c2c/MiniRaftClusterWithGrpca436a323/s1/3294cd09-1810-43c5-8bde-d1edbf6f09ea does not exist. Creating ...
2023-04-27 07:11:58,659 [s1-impl-thread1] TRACE util.FileUtils (LogUtils.java:runAndLog(49)) - Successfully ran Files.createDirectories /home/runner/work/ratis/ratis/ratis-test/target/test/data/a5c97c2c/MiniRaftClusterWithGrpca436a323/s1/3294cd09-1810-43c5-8bde-d1edbf6f09ea
2023-04-27 07:11:58,660 [s2-groupManagement] INFO  server.RaftServerConfigKeys (ConfUtils.java:logGet(46)) - raft.server.log.segment.size.max = 8MB (=8388608) (default)
2023-04-27 07:11:58,660 [s2-groupManagement] INFO  server.RaftServerConfigKeys (ConfUtils.java:logGet(46)) - raft.server.log.preallocated.size = 4MB (=4194304) (default)
2023-04-27 07:11:58,660 [s2-groupManagement] INFO  server.RaftServerConfigKeys (ConfUtils.java:logGet(46)) - raft.server.log.write.buffer.size = 64KB (=65536) (default)
2023-04-27 07:11:58,660 [s2-groupManagement] INFO  server.RaftServer$Division (RaftServerImpl.java:<init>(198)) - s2: new RaftServerImpl for group-D1EDBF6F09EA:[] with StateMachineWithSeparatedSnapshotPath:uninitialized
2023-04-27 07:11:58,660 [s2-groupManagement] INFO  server.RaftServerConfigKeys (ConfUtils.java:logGet(46)) - raft.server.rpc.timeout.min = 150ms (default)
2023-04-27 07:11:58,660 [s2-groupManagement] INFO  server.RaftServerConfigKeys (ConfUtils.java:logGet(46)) - raft.server.rpc.timeout.max = 300ms (default)
2023-04-27 07:11:58,660 [s2-groupManagement] INFO  server.RaftServerConfigKeys (ConfUtils.java:logGet(46)) - raft.server.rpc.sleep.time = 25ms (default)
2023-04-27 07:11:58,660 [s2-groupManagement] INFO  server.RaftServerConfigKeys (ConfUtils.java:logGet(46)) - raft.server.rpc.slowness.timeout = 60s (default)
2023-04-27 07:11:58,660 [s2-groupManagement] INFO  server.RaftServerConfigKeys (ConfUtils.java:logGet(46)) - raft.server.leaderelection.leader.step-down.wait-time = 10s (default)
2023-04-27 07:11:58,660 [s2-groupManagement] INFO  server.RaftServerConfigKeys (ConfUtils.java:logGet(46)) - raft.server.sleep.deviation.threshold = 300ms (default)
2023-04-27 07:11:58,660 [s2-groupManagement] INFO  server.RaftServer$Division (ServerState.java:<init>(113)) - s2@group-D1EDBF6F09EA: ConfigurationManager, init=-1: peers:[]|listeners:[], old=null, confs=<EMPTY_MAP>
2023-04-27 07:11:58,660 [s2-groupManagement] INFO  server.RaftServerConfigKeys (ConfUtils.java:logGet(46)) - raft.server.notification.no-leader.timeout = 60s (default)
2023-04-27 07:11:58,660 [s2-groupManagement] INFO  server.RaftServerConfigKeys (ConfUtils.java:logGet(46)) - raft.server.read.timeout = 10s (default)
2023-04-27 07:11:58,660 [s2-groupManagement] INFO  server.RaftServerConfigKeys (ConfUtils.java:logGet(46)) - raft.server.retrycache.expirytime = 60s (default)
2023-04-27 07:11:58,660 [s2-groupManagement] INFO  server.RaftServerConfigKeys (ConfUtils.java:logGet(46)) - raft.server.retrycache.statistics.expirytime = 100μs (default)
2023-04-27 07:11:58,660 [s2-groupManagement] INFO  server.RaftServerConfigKeys (ConfUtils.java:logGet(46)) - raft.server.read.option = DEFAULT (default)
2023-04-27 07:11:58,660 [s1-impl-thread1] INFO  storage.RaftStorageDirectory (RaftStorageDirectoryImpl.java:tryLock(232)) - Lock on /home/runner/work/ratis/ratis/ratis-test/target/test/data/a5c97c2c/MiniRaftClusterWithGrpca436a323/s1/3294cd09-1810-43c5-8bde-d1edbf6f09ea/in_use.lock acquired by nodename 24267@fv-az591-70
2023-04-27 07:11:58,660 [s1-impl-thread1] TRACE util.FileUtils (LogUtils.java:runAndLog(49)) - Successfully ran Files.createDirectories /home/runner/work/ratis/ratis/ratis-test/target/test/data/a5c97c2c/MiniRaftClusterWithGrpca436a323/s1/3294cd09-1810-43c5-8bde-d1edbf6f09ea/current
2023-04-27 07:11:58,661 [s1-impl-thread1] TRACE util.FileUtils (LogUtils.java:runAndLog(49)) - Successfully ran Files.createDirectories /home/runner/work/ratis/ratis/ratis-test/target/test/data/a5c97c2c/MiniRaftClusterWithGrpca436a323/s1/3294cd09-1810-43c5-8bde-d1edbf6f09ea/sm
2023-04-27 07:11:58,661 [s2-groupManagement] INFO  server.RaftServerConfigKeys (ConfUtils.java:logGet(46)) - raft.server.rpc.request.timeout = 3000ms (default)
2023-04-27 07:11:58,661 [s2-groupManagement] INFO  server.RaftServerConfigKeys (ConfUtils.java:logGet(46)) - raft.server.log.appender.install.snapshot.enabled = true (default)
2023-04-27 07:11:58,661 [s2-groupManagement] INFO  server.RaftServerConfigKeys (ConfUtils.java:logGet(46)) - raft.server.threadpool.server.cached = true (default)
2023-04-27 07:11:58,662 [s2-groupManagement] INFO  server.RaftServerConfigKeys (ConfUtils.java:logGet(46)) - raft.server.threadpool.server.size = 0 (default)
2023-04-27 07:11:58,662 [s2-groupManagement] INFO  server.RaftServerConfigKeys (ConfUtils.java:logGet(46)) - raft.server.threadpool.client.cached = true (default)
2023-04-27 07:11:58,662 [s2-groupManagement] INFO  server.RaftServerConfigKeys (ConfUtils.java:logGet(46)) - raft.server.threadpool.client.size = 0 (default)
2023-04-27 07:11:58,662 [s1-impl-thread1] INFO  storage.RaftStorage (RaftStorageImpl.java:format(96)) - Storage directory /home/runner/work/ratis/ratis/ratis-test/target/test/data/a5c97c2c/MiniRaftClusterWithGrpca436a323/s1/3294cd09-1810-43c5-8bde-d1edbf6f09ea has been successfully formatted.
2023-04-27 07:11:58,662 [s1-impl-thread1] INFO  impl.SimpleStateMachine4Testing (SimpleStateMachine4Testing.java:initialize(213)) - Initializing StateMachineWithSeparatedSnapshotPath:uninitialized
2023-04-27 07:11:58,662 [s1-impl-thread1] INFO  impl.SimpleStateMachine4Testing (SimpleStateMachine4Testing.java:loadSnapshot(293)) - Loading snapshot null
2023-04-27 07:11:58,662 [s1-impl-thread1] TRACE util.FileUtils (FileUtils.java:deleteFully(201)) - deleteFully /tmp/ratis-tests/statemachine/s1
2023-04-27 07:11:58,662 [s1-impl-thread1] TRACE util.FileUtils (LogUtils.java:runAndLog(49)) - Successfully ran Files.delete /tmp/ratis-tests/statemachine/s1/snapshot/1_257/vegetable
2023-04-27 07:11:58,662 [s1-impl-thread1] TRACE util.FileUtils (LogUtils.java:runAndLog(49)) - Successfully ran Files.delete /tmp/ratis-tests/statemachine/s1/snapshot/1_257/deer
2023-04-27 07:11:58,662 [s1-impl-thread1] TRACE util.FileUtils (LogUtils.java:runAndLog(49)) - Successfully ran Files.delete /tmp/ratis-tests/statemachine/s1/snapshot/1_257/loves
2023-04-27 07:11:58,662 [s1-impl-thread1] TRACE util.FileUtils (LogUtils.java:runAndLog(49)) - Successfully ran Files.delete /tmp/ratis-tests/statemachine/s1/snapshot/1_257
2023-04-27 07:11:58,663 [s1-impl-thread1] TRACE util.FileUtils (LogUtils.java:runAndLog(49)) - Successfully ran Files.delete /tmp/ratis-tests/statemachine/s1/snapshot/1_255/vegetable
2023-04-27 07:11:58,663 [s1-impl-thread1] TRACE util.FileUtils (LogUtils.java:runAndLog(49)) - Successfully ran Files.delete /tmp/ratis-tests/statemachine/s1/snapshot/1_255/deer
2023-04-27 07:11:58,663 [s1-impl-thread1] TRACE util.FileUtils (LogUtils.java:runAndLog(49)) - Successfully ran Files.delete /tmp/ratis-tests/statemachine/s1/snapshot/1_255/loves
2023-04-27 07:11:58,663 [s1-impl-thread1] TRACE util.FileUtils (LogUtils.java:runAndLog(49)) - Successfully ran Files.delete /tmp/ratis-tests/statemachine/s1/snapshot/1_255
2023-04-27 07:11:58,663 [s1-impl-thread1] TRACE util.FileUtils (LogUtils.java:runAndLog(49)) - Successfully ran Files.delete /tmp/ratis-tests/statemachine/s1/snapshot/1_191/vegetable
2023-04-27 07:11:58,663 [s1-impl-thread1] TRACE util.FileUtils (LogUtils.java:runAndLog(49)) - Successfully ran Files.delete /tmp/ratis-tests/statemachine/s1/snapshot/1_191/deer
2023-04-27 07:11:58,663 [s1-impl-thread1] TRACE util.FileUtils (LogUtils.java:runAndLog(49)) - Successfully ran Files.delete /tmp/ratis-tests/statemachine/s1/snapshot/1_191/loves.md5
2023-04-27 07:11:58,663 [s1-impl-thread1] TRACE util.FileUtils (LogUtils.java:runAndLog(49)) - Successfully ran Files.delete /tmp/ratis-tests/statemachine/s1/snapshot/1_191/deer.md5
2023-04-27 07:11:58,663 [s1-impl-thread1] TRACE util.FileUtils (LogUtils.java:runAndLog(49)) - Successfully ran Files.delete /tmp/ratis-tests/statemachine/s1/snapshot/1_191/loves
2023-04-27 07:11:58,663 [s1-impl-thread1] TRACE util.FileUtils (LogUtils.java:runAndLog(49)) - Successfully ran Files.delete /tmp/ratis-tests/statemachine/s1/snapshot/1_191/vegetable.md5
2023-04-27 07:11:58,663 [s1-impl-thread1] TRACE util.FileUtils (LogUtils.java:runAndLog(49)) - Successfully ran Files.delete /tmp/ratis-tests/statemachine/s1/snapshot/1_191
2023-04-27 07:11:58,663 [s1-impl-thread1] TRACE util.FileUtils (LogUtils.java:runAndLog(49)) - Successfully ran Files.delete /tmp/ratis-tests/statemachine/s1/snapshot
2023-04-27 07:11:58,663 [s1-impl-thread1] TRACE util.FileUtils (LogUtils.java:runAndLog(49)) - Successfully ran Files.delete /tmp/ratis-tests/statemachine/s1/tmp
2023-04-27 07:11:58,663 [s1-impl-thread1] TRACE util.FileUtils (LogUtils.java:runAndLog(49)) - Successfully ran Files.delete /tmp/ratis-tests/statemachine/s1
2023-04-27 07:11:58,663 [s1-impl-thread1] INFO  server.RaftServerConfigKeys (ConfUtils.java:logGet(46)) - raft.server.log.use.memory = false (default)
2023-04-27 07:11:58,664 [s1-impl-thread1] INFO  server.RaftServerConfigKeys (ConfUtils.java:logGet(46)) - raft.server.log.purge.gap = 8 (custom)
2023-04-27 07:11:58,664 [s1-impl-thread1] INFO  server.RaftServerConfigKeys (ConfUtils.java:logGet(46)) - raft.server.log.appender.buffer.byte-limit = 4MB (=4194304) (default)
2023-04-27 07:11:58,664 [s1-impl-thread1] INFO  server.RaftServerConfigKeys (ConfUtils.java:logGet(46)) - raft.server.log.statemachine.data.read.timeout = 1000ms (default)
2023-04-27 07:11:58,664 [s1-impl-thread1] INFO  server.RaftServerConfigKeys (ConfUtils.java:logGet(46)) - raft.server.log.purge.preservation.log.num = 0 (default)
2023-04-27 07:11:58,664 [s1-impl-thread1] INFO  server.RaftServerConfigKeys (ConfUtils.java:logGet(46)) - raft.server.log.segment.size.max = 8MB (=8388608) (default)
2023-04-27 07:11:58,664 [s1-impl-thread1] INFO  server.RaftServerConfigKeys (ConfUtils.java:logGet(46)) - raft.server.log.segment.cache.num.max = 6 (default)
2023-04-27 07:11:58,664 [s1-impl-thread1] INFO  server.RaftServerConfigKeys (ConfUtils.java:logGet(46)) - raft.server.log.segment.cache.size.max = 200MB (=209715200) (default)
2023-04-27 07:11:58,664 [s1-impl-thread1] INFO  server.RaftServerConfigKeys (ConfUtils.java:logGet(46)) - raft.server.log.appender.buffer.byte-limit = 4MB (=4194304) (default)
2023-04-27 07:11:58,664 [s1-impl-thread1] INFO  segmented.SegmentedRaftLogWorker (SegmentedRaftLogWorker.java:<init>(183)) - new s1@group-D1EDBF6F09EA-SegmentedRaftLogWorker for RaftStorageImpl:Storage Directory /home/runner/work/ratis/ratis/ratis-test/target/test/data/a5c97c2c/MiniRaftClusterWithGrpca436a323/s1/3294cd09-1810-43c5-8bde-d1edbf6f09ea
2023-04-27 07:11:58,664 [s1-impl-thread1] INFO  server.RaftServerConfigKeys (ConfUtils.java:logGet(46)) - raft.server.log.queue.byte-limit = 64MB (=67108864) (default)
2023-04-27 07:11:58,664 [s1-impl-thread1] INFO  server.RaftServerConfigKeys (ConfUtils.java:logGet(46)) - raft.server.log.queue.element-limit = 4096 (default)
2023-04-27 07:11:58,664 [s1-impl-thread1] INFO  server.RaftServerConfigKeys (ConfUtils.java:logGet(46)) - raft.server.log.segment.size.max = 8MB (=8388608) (default)
2023-04-27 07:11:58,664 [s1-impl-thread1] INFO  server.RaftServerConfigKeys (ConfUtils.java:logGet(46)) - raft.server.log.preallocated.size = 4MB (=4194304) (default)
2023-04-27 07:11:58,664 [s1-impl-thread1] INFO  server.RaftServerConfigKeys (ConfUtils.java:logGet(46)) - raft.server.log.force.sync.num = 128 (default)
2023-04-27 07:11:58,664 [s1-impl-thread1] INFO  server.RaftServerConfigKeys (ConfUtils.java:logGet(46)) - raft.server.log.statemachine.data.sync = true (default)
2023-04-27 07:11:58,664 [s1-impl-thread1] INFO  server.RaftServerConfigKeys (ConfUtils.java:logGet(46)) - raft.server.log.statemachine.data.sync.timeout = 10s (default)
2023-04-27 07:11:58,664 [s1-impl-thread1] INFO  server.RaftServerConfigKeys (ConfUtils.java:logGet(46)) - raft.server.log.statemachine.data.sync.timeout.retry = -1 (default)
2023-04-27 07:11:58,665 [s1-impl-thread1] INFO  server.RaftServerConfigKeys (ConfUtils.java:logGet(46)) - raft.server.log.write.buffer.size = 64KB (=65536) (default)
2023-04-27 07:11:58,665 [s1-impl-thread1] INFO  server.RaftServerConfigKeys (ConfUtils.java:logGet(46)) - raft.server.log.appender.buffer.byte-limit = 4MB (=4194304) (default)
2023-04-27 07:11:58,665 [s1-impl-thread1] INFO  server.RaftServerConfigKeys (ConfUtils.java:logGet(46)) - raft.server.log.unsafe-flush.enabled = false (default)
2023-04-27 07:11:58,665 [s1-impl-thread1] INFO  server.RaftServerConfigKeys (ConfUtils.java:logGet(46)) - raft.server.log.async-flush.enabled = false (default)
2023-04-27 07:11:58,665 [s1-impl-thread1] INFO  server.RaftServerConfigKeys (ConfUtils.java:logGet(46)) - raft.server.log.statemachine.data.caching.enabled = false (default)
2023-04-27 07:11:58,665 [s1-impl-thread1] INFO  segmented.SegmentedRaftLogWorker (SegmentedRaftLogWorker.java:lambda$new$0(134)) - s1@group-D1EDBF6F09EA-SegmentedRaftLogWorker: flushIndex: setUnconditionally 0 -> -1
2023-04-27 07:11:58,665 [s1-impl-thread1] INFO  segmented.SegmentedRaftLogWorker (SegmentedRaftLogWorker.java:lambda$new$0(134)) - s1@group-D1EDBF6F09EA-SegmentedRaftLogWorker: safeCacheEvictIndex: setUnconditionally 0 -> -1
2023-04-27 07:11:58,666 [s1-impl-thread1] INFO  server.RaftServer$Division (RaftServerImpl.java:start(348)) - s1@group-D1EDBF6F09EA: start with initializing state, conf=-1: peers:[]|listeners:[], old=null
2023-04-27 07:11:58,666 [s1-impl-thread1] INFO  server.RaftServer$Division (RaftServerImpl.java:setRole(329)) - s1@group-D1EDBF6F09EA: changes role from      null to FOLLOWER at term 0 for startInitializing
2023-04-27 07:11:58,666 [s1-impl-thread1] INFO  util.JmxRegister (JmxRegister.java:tryRegister(44)) - Successfully registered JMX Bean with object name Ratis:service=RaftServer,group=group-D1EDBF6F09EA,id=s1
2023-04-27 07:11:58,666 [s1-impl-thread1] INFO  server.RaftServerConfigKeys (ConfUtils.java:logGet(46)) - raft.server.snapshot.auto.trigger.enabled = true (custom)
2023-04-27 07:11:58,666 [s1-impl-thread1] INFO  server.RaftServerConfigKeys (ConfUtils.java:logGet(46)) - raft.server.snapshot.auto.trigger.threshold = 64 (custom)
2023-04-27 07:11:58,666 [s1-impl-thread1] INFO  server.RaftServerConfigKeys (ConfUtils.java:logGet(46)) - raft.server.snapshot.retention.file.num = -1 (default)
2023-04-27 07:11:58,666 [s1-impl-thread1] INFO  server.RaftServerConfigKeys (ConfUtils.java:logGet(46)) - raft.server.log.purge.upto.snapshot.index = false (default)
2023-04-27 07:11:58,670 [Time-limited test] INFO  server.RaftServer (RaftServerProxy.java:startImpl(401)) - s1: start RPC server
2023-04-27 07:11:58,673 [Time-limited test] INFO  server.GrpcService (GrpcService.java:startImpl(302)) - s1: GrpcService started, listening on 42585
2023-04-27 07:11:58,674 [s2-impl-thread1] INFO  server.RaftServerConfigKeys (ConfUtils.java:logGet(46)) - raft.server.storage.free-space.min = 0MB (=0) (default)
2023-04-27 07:11:58,674 [s2-impl-thread1] INFO  server.RaftServerConfigKeys (ConfUtils.java:logGet(46)) - raft.server.log.corruption.policy = EXCEPTION (default)
2023-04-27 07:11:58,674 [JvmPauseMonitor10] INFO  util.JvmPauseMonitor (JvmPauseMonitor.java:run(103)) - JvmPauseMonitor-s1: Started
2023-04-27 07:11:58,674 [s2-impl-thread1] INFO  server.RaftServerConfigKeys (ConfUtils.java:logGet(46)) - raft.server.storage.dir = [/home/runner/work/ratis/ratis/ratis-test/target/test/data/a5c97c2c/MiniRaftClusterWithGrpca436a323/s2] (custom)
2023-04-27 07:11:58,674 [s2-impl-thread1] INFO  storage.RaftStorageDirectory (RaftStorageDirectoryImpl.java:analyzeStorage(138)) - The storage directory /home/runner/work/ratis/ratis/ratis-test/target/test/data/a5c97c2c/MiniRaftClusterWithGrpca436a323/s2/3294cd09-1810-43c5-8bde-d1edbf6f09ea does not exist. Creating ...
2023-04-27 07:11:58,674 [s2-impl-thread1] TRACE util.FileUtils (LogUtils.java:runAndLog(49)) - Successfully ran Files.createDirectories /home/runner/work/ratis/ratis/ratis-test/target/test/data/a5c97c2c/MiniRaftClusterWithGrpca436a323/s2/3294cd09-1810-43c5-8bde-d1edbf6f09ea
2023-04-27 07:11:58,675 [s2-impl-thread1] INFO  storage.RaftStorageDirectory (RaftStorageDirectoryImpl.java:tryLock(232)) - Lock on /home/runner/work/ratis/ratis/ratis-test/target/test/data/a5c97c2c/MiniRaftClusterWithGrpca436a323/s2/3294cd09-1810-43c5-8bde-d1edbf6f09ea/in_use.lock acquired by nodename 24267@fv-az591-70
2023-04-27 07:11:58,675 [s2-impl-thread1] TRACE util.FileUtils (LogUtils.java:runAndLog(49)) - Successfully ran Files.createDirectories /home/runner/work/ratis/ratis/ratis-test/target/test/data/a5c97c2c/MiniRaftClusterWithGrpca436a323/s2/3294cd09-1810-43c5-8bde-d1edbf6f09ea/current
2023-04-27 07:11:58,675 [s2-impl-thread1] TRACE util.FileUtils (LogUtils.java:runAndLog(49)) - Successfully ran Files.createDirectories /home/runner/work/ratis/ratis/ratis-test/target/test/data/a5c97c2c/MiniRaftClusterWithGrpca436a323/s2/3294cd09-1810-43c5-8bde-d1edbf6f09ea/sm
2023-04-27 07:11:58,676 [s2-impl-thread1] INFO  storage.RaftStorage (RaftStorageImpl.java:format(96)) - Storage directory /home/runner/work/ratis/ratis/ratis-test/target/test/data/a5c97c2c/MiniRaftClusterWithGrpca436a323/s2/3294cd09-1810-43c5-8bde-d1edbf6f09ea has been successfully formatted.
2023-04-27 07:11:58,676 [s2-impl-thread1] INFO  impl.SimpleStateMachine4Testing (SimpleStateMachine4Testing.java:initialize(213)) - Initializing StateMachineWithSeparatedSnapshotPath:uninitialized
2023-04-27 07:11:58,676 [s2-impl-thread1] INFO  impl.SimpleStateMachine4Testing (SimpleStateMachine4Testing.java:loadSnapshot(293)) - Loading snapshot null
2023-04-27 07:11:58,676 [s2-impl-thread1] TRACE util.FileUtils (FileUtils.java:deleteFully(201)) - deleteFully /tmp/ratis-tests/statemachine/s2
2023-04-27 07:11:58,676 [s2-impl-thread1] TRACE util.FileUtils (LogUtils.java:runAndLog(49)) - Successfully ran Files.delete /tmp/ratis-tests/statemachine/s2/snapshot/1_257/vegetable
2023-04-27 07:11:58,676 [s2-impl-thread1] TRACE util.FileUtils (LogUtils.java:runAndLog(49)) - Successfully ran Files.delete /tmp/ratis-tests/statemachine/s2/snapshot/1_257/deer
2023-04-27 07:11:58,676 [s2-impl-thread1] TRACE util.FileUtils (LogUtils.java:runAndLog(49)) - Successfully ran Files.delete /tmp/ratis-tests/statemachine/s2/snapshot/1_257/loves
2023-04-27 07:11:58,676 [s2-impl-thread1] TRACE util.FileUtils (LogUtils.java:runAndLog(49)) - Successfully ran Files.delete /tmp/ratis-tests/statemachine/s2/snapshot/1_257
2023-04-27 07:11:58,677 [s2-impl-thread1] TRACE util.FileUtils (LogUtils.java:runAndLog(49)) - Successfully ran Files.delete /tmp/ratis-tests/statemachine/s2/snapshot/1_255/vegetable
2023-04-27 07:11:58,677 [s2-impl-thread1] TRACE util.FileUtils (LogUtils.java:runAndLog(49)) - Successfully ran Files.delete /tmp/ratis-tests/statemachine/s2/snapshot/1_255/deer
2023-04-27 07:11:58,677 [s2-impl-thread1] TRACE util.FileUtils (LogUtils.java:runAndLog(49)) - Successfully ran Files.delete /tmp/ratis-tests/statemachine/s2/snapshot/1_255/loves
2023-04-27 07:11:58,677 [s2-impl-thread1] TRACE util.FileUtils (LogUtils.java:runAndLog(49)) - Successfully ran Files.delete /tmp/ratis-tests/statemachine/s2/snapshot/1_255
2023-04-27 07:11:58,677 [s2-impl-thread1] TRACE util.FileUtils (LogUtils.java:runAndLog(49)) - Successfully ran Files.delete /tmp/ratis-tests/statemachine/s2/snapshot/1_191/vegetable
2023-04-27 07:11:58,677 [s2-impl-thread1] TRACE util.FileUtils (LogUtils.java:runAndLog(49)) - Successfully ran Files.delete /tmp/ratis-tests/statemachine/s2/snapshot/1_191/deer
2023-04-27 07:11:58,677 [s2-impl-thread1] TRACE util.FileUtils (LogUtils.java:runAndLog(49)) - Successfully ran Files.delete /tmp/ratis-tests/statemachine/s2/snapshot/1_191/loves.md5
2023-04-27 07:11:58,677 [s2-impl-thread1] TRACE util.FileUtils (LogUtils.java:runAndLog(49)) - Successfully ran Files.delete /tmp/ratis-tests/statemachine/s2/snapshot/1_191/deer.md5
2023-04-27 07:11:58,677 [s2-impl-thread1] TRACE util.FileUtils (LogUtils.java:runAndLog(49)) - Successfully ran Files.delete /tmp/ratis-tests/statemachine/s2/snapshot/1_191/loves
2023-04-27 07:11:58,677 [s2-impl-thread1] TRACE util.FileUtils (LogUtils.java:runAndLog(49)) - Successfully ran Files.delete /tmp/ratis-tests/statemachine/s2/snapshot/1_191/vegetable.md5
2023-04-27 07:11:58,677 [s2-impl-thread1] TRACE util.FileUtils (LogUtils.java:runAndLog(49)) - Successfully ran Files.delete /tmp/ratis-tests/statemachine/s2/snapshot/1_191
2023-04-27 07:11:58,677 [s2-impl-thread1] TRACE util.FileUtils (LogUtils.java:runAndLog(49)) - Successfully ran Files.delete /tmp/ratis-tests/statemachine/s2/snapshot
2023-04-27 07:11:58,677 [s2-impl-thread1] TRACE util.FileUtils (LogUtils.java:runAndLog(49)) - Successfully ran Files.delete /tmp/ratis-tests/statemachine/s2/tmp
2023-04-27 07:11:58,677 [s2-impl-thread1] TRACE util.FileUtils (LogUtils.java:runAndLog(49)) - Successfully ran Files.delete /tmp/ratis-tests/statemachine/s2
2023-04-27 07:11:58,677 [s2-impl-thread1] INFO  server.RaftServerConfigKeys (ConfUtils.java:logGet(46)) - raft.server.log.use.memory = false (default)
2023-04-27 07:11:58,678 [s2-impl-thread1] INFO  server.RaftServerConfigKeys (ConfUtils.java:logGet(46)) - raft.server.log.purge.gap = 8 (custom)
2023-04-27 07:11:58,678 [s2-impl-thread1] INFO  server.RaftServerConfigKeys (ConfUtils.java:logGet(46)) - raft.server.log.appender.buffer.byte-limit = 4MB (=4194304) (default)
2023-04-27 07:11:58,678 [s2-impl-thread1] INFO  server.RaftServerConfigKeys (ConfUtils.java:logGet(46)) - raft.server.log.statemachine.data.read.timeout = 1000ms (default)
2023-04-27 07:11:58,678 [s2-impl-thread1] INFO  server.RaftServerConfigKeys (ConfUtils.java:logGet(46)) - raft.server.log.purge.preservation.log.num = 0 (default)
2023-04-27 07:11:58,678 [s2-impl-thread1] INFO  server.RaftServerConfigKeys (ConfUtils.java:logGet(46)) - raft.server.log.segment.size.max = 8MB (=8388608) (default)
2023-04-27 07:11:58,678 [s2-impl-thread1] INFO  server.RaftServerConfigKeys (ConfUtils.java:logGet(46)) - raft.server.log.segment.cache.num.max = 6 (default)
2023-04-27 07:11:58,678 [s2-impl-thread1] INFO  server.RaftServerConfigKeys (ConfUtils.java:logGet(46)) - raft.server.log.segment.cache.size.max = 200MB (=209715200) (default)
2023-04-27 07:11:58,678 [s2-impl-thread1] INFO  server.RaftServerConfigKeys (ConfUtils.java:logGet(46)) - raft.server.log.appender.buffer.byte-limit = 4MB (=4194304) (default)
2023-04-27 07:11:58,678 [s2-impl-thread1] INFO  segmented.SegmentedRaftLogWorker (SegmentedRaftLogWorker.java:<init>(183)) - new s2@group-D1EDBF6F09EA-SegmentedRaftLogWorker for RaftStorageImpl:Storage Directory /home/runner/work/ratis/ratis/ratis-test/target/test/data/a5c97c2c/MiniRaftClusterWithGrpca436a323/s2/3294cd09-1810-43c5-8bde-d1edbf6f09ea
2023-04-27 07:11:58,678 [s2-impl-thread1] INFO  server.RaftServerConfigKeys (ConfUtils.java:logGet(46)) - raft.server.log.queue.byte-limit = 64MB (=67108864) (default)
2023-04-27 07:11:58,678 [s2-impl-thread1] INFO  server.RaftServerConfigKeys (ConfUtils.java:logGet(46)) - raft.server.log.queue.element-limit = 4096 (default)
2023-04-27 07:11:58,678 [s2-impl-thread1] INFO  server.RaftServerConfigKeys (ConfUtils.java:logGet(46)) - raft.server.log.segment.size.max = 8MB (=8388608) (default)
2023-04-27 07:11:58,678 [s2-impl-thread1] INFO  server.RaftServerConfigKeys (ConfUtils.java:logGet(46)) - raft.server.log.preallocated.size = 4MB (=4194304) (default)
2023-04-27 07:11:58,678 [s2-impl-thread1] INFO  server.RaftServerConfigKeys (ConfUtils.java:logGet(46)) - raft.server.log.force.sync.num = 128 (default)
2023-04-27 07:11:58,678 [s2-impl-thread1] INFO  server.RaftServerConfigKeys (ConfUtils.java:logGet(46)) - raft.server.log.statemachine.data.sync = true (default)
2023-04-27 07:11:58,678 [s2-impl-thread1] INFO  server.RaftServerConfigKeys (ConfUtils.java:logGet(46)) - raft.server.log.statemachine.data.sync.timeout = 10s (default)
2023-04-27 07:11:58,678 [s2-impl-thread1] INFO  server.RaftServerConfigKeys (ConfUtils.java:logGet(46)) - raft.server.log.statemachine.data.sync.timeout.retry = -1 (default)
2023-04-27 07:11:58,679 [s2-impl-thread1] INFO  server.RaftServerConfigKeys (ConfUtils.java:logGet(46)) - raft.server.log.write.buffer.size = 64KB (=65536) (default)
2023-04-27 07:11:58,679 [s2-impl-thread1] INFO  server.RaftServerConfigKeys (ConfUtils.java:logGet(46)) - raft.server.log.appender.buffer.byte-limit = 4MB (=4194304) (default)
2023-04-27 07:11:58,679 [s2-impl-thread1] INFO  server.RaftServerConfigKeys (ConfUtils.java:logGet(46)) - raft.server.log.unsafe-flush.enabled = false (default)
2023-04-27 07:11:58,679 [s2-impl-thread1] INFO  server.RaftServerConfigKeys (ConfUtils.java:logGet(46)) - raft.server.log.async-flush.enabled = false (default)
2023-04-27 07:11:58,679 [s2-impl-thread1] INFO  server.RaftServerConfigKeys (ConfUtils.java:logGet(46)) - raft.server.log.statemachine.data.caching.enabled = false (default)
2023-04-27 07:11:58,679 [s2-impl-thread1] INFO  segmented.SegmentedRaftLogWorker (SegmentedRaftLogWorker.java:lambda$new$0(134)) - s2@group-D1EDBF6F09EA-SegmentedRaftLogWorker: flushIndex: setUnconditionally 0 -> -1
2023-04-27 07:11:58,679 [s2-impl-thread1] INFO  segmented.SegmentedRaftLogWorker (SegmentedRaftLogWorker.java:lambda$new$0(134)) - s2@group-D1EDBF6F09EA-SegmentedRaftLogWorker: safeCacheEvictIndex: setUnconditionally 0 -> -1
2023-04-27 07:11:58,680 [s2-impl-thread1] INFO  server.RaftServer$Division (RaftServerImpl.java:start(348)) - s2@group-D1EDBF6F09EA: start with initializing state, conf=-1: peers:[]|listeners:[], old=null
2023-04-27 07:11:58,680 [s2-impl-thread1] INFO  server.RaftServer$Division (RaftServerImpl.java:setRole(329)) - s2@group-D1EDBF6F09EA: changes role from      null to FOLLOWER at term 0 for startInitializing
2023-04-27 07:11:58,680 [s2-impl-thread1] INFO  util.JmxRegister (JmxRegister.java:tryRegister(44)) - Successfully registered JMX Bean with object name Ratis:service=RaftServer,group=group-D1EDBF6F09EA,id=s2
2023-04-27 07:11:58,680 [s2-impl-thread1] INFO  server.RaftServerConfigKeys (ConfUtils.java:logGet(46)) - raft.server.snapshot.auto.trigger.enabled = true (custom)
2023-04-27 07:11:58,680 [s2-impl-thread1] INFO  server.RaftServerConfigKeys (ConfUtils.java:logGet(46)) - raft.server.snapshot.auto.trigger.threshold = 64 (custom)
2023-04-27 07:11:58,680 [s2-impl-thread1] INFO  server.RaftServerConfigKeys (ConfUtils.java:logGet(46)) - raft.server.snapshot.retention.file.num = -1 (default)
2023-04-27 07:11:58,680 [s2-impl-thread1] INFO  server.RaftServerConfigKeys (ConfUtils.java:logGet(46)) - raft.server.log.purge.upto.snapshot.index = false (default)
2023-04-27 07:11:58,680 [Time-limited test] INFO  server.RaftServer (RaftServerProxy.java:startImpl(401)) - s2: start RPC server
2023-04-27 07:11:58,684 [Time-limited test] INFO  server.GrpcService (GrpcService.java:startImpl(302)) - s2: GrpcService started, listening on 36855
2023-04-27 07:11:58,685 [Time-limited test] INFO  impl.MiniRaftCluster (MiniRaftCluster.java:setConfiguration(819)) - Start changing the configuration: [s1|rpc:0.0.0.0:42585|priority:0|startupRole:FOLLOWER, s2|rpc:0.0.0.0:36855|priority:0|startupRole:FOLLOWER, s0|rpc:localhost:42823|admin:localhost:43043|client:localhost:37301|dataStream:localhost:34189|priority:0|startupRole:FOLLOWER]
2023-04-27 07:11:58,695 [JvmPauseMonitor11] INFO  util.JvmPauseMonitor (JvmPauseMonitor.java:run(103)) - JvmPauseMonitor-s2: Started
2023-04-27 07:11:58,697 [s0-server-thread1] INFO  server.RaftServer$Division (RaftServerImpl.java:setConfigurationAsync(1197)) - s0@group-D1EDBF6F09EA: receive setConfiguration SetConfigurationRequest:client-B1D18B635E57->s0@group-D1EDBF6F09EA, cid=515, seq=0, RW, null, SET_UNCONDITIONALLY, servers:[s1|rpc:0.0.0.0:42585|dataStream:|priority:0|startupRole:FOLLOWER, s2|rpc:0.0.0.0:36855|dataStream:|priority:0|startupRole:FOLLOWER, s0|rpc:localhost:42823|admin:localhost:43043|client:localhost:37301|dataStream:localhost:34189|priority:0|startupRole:FOLLOWER], listeners:[]
2023-04-27 07:11:58,697 [s0-server-thread1] INFO  server.RaftServer$Division (LeaderStateImpl.java:startSetConfiguration(443)) - s0@group-D1EDBF6F09EA-LeaderStateImpl: startSetConfiguration SetConfigurationRequest:client-B1D18B635E57->s0@group-D1EDBF6F09EA, cid=515, seq=0, RW, null, SET_UNCONDITIONALLY, servers:[s1|rpc:0.0.0.0:42585|dataStream:|priority:0|startupRole:FOLLOWER, s2|rpc:0.0.0.0:36855|dataStream:|priority:0|startupRole:FOLLOWER, s0|rpc:localhost:42823|admin:localhost:43043|client:localhost:37301|dataStream:localhost:34189|priority:0|startupRole:FOLLOWER], listeners:[]
2023-04-27 07:11:58,698 [s0-server-thread1] INFO  server.RaftServerConfigKeys (ConfUtils.java:logGet(46)) - raft.server.log.appender.snapshot.chunk.size.max = 1k (=1024) (custom)
2023-04-27 07:11:58,698 [s0-server-thread1] INFO  server.RaftServerConfigKeys (ConfUtils.java:logGet(46)) - raft.server.log.appender.buffer.byte-limit = 4MB (=4194304) (default)
2023-04-27 07:11:58,698 [s0-server-thread1] INFO  server.RaftServerConfigKeys (ConfUtils.java:logGet(46)) - raft.server.log.appender.buffer.element-limit = 0 (default)
2023-04-27 07:11:58,698 [s0-server-thread1] INFO  server.RaftServerConfigKeys (ConfUtils.java:logGet(46)) - raft.server.log.appender.wait-time.min = 10ms (default)
2023-04-27 07:11:58,698 [s0-server-thread1] INFO  grpc.GrpcConfigKeys (ConfUtils.java:logGet(46)) - raft.grpc.server.leader.outstanding.appends.max = 128 (default)
2023-04-27 07:11:58,698 [s0-server-thread1] INFO  server.RaftServerConfigKeys (ConfUtils.java:logGet(46)) - raft.server.rpc.request.timeout = 3000ms (default)
2023-04-27 07:11:58,698 [s0-server-thread1] INFO  grpc.GrpcConfigKeys (ConfUtils.java:logGet(46)) - raft.grpc.server.install_snapshot.request.element-limit = 8 (default)
2023-04-27 07:11:58,698 [s0-server-thread1] INFO  grpc.GrpcConfigKeys (ConfUtils.java:logGet(46)) - raft.grpc.server.install_snapshot.request.timeout = 3000ms (default)
2023-04-27 07:11:58,698 [s0-server-thread1] INFO  server.RaftServerConfigKeys (ConfUtils.java:logGet(46)) - raft.server.log.appender.install.snapshot.enabled = true (default)
2023-04-27 07:11:58,698 [s0-server-thread1] INFO  grpc.GrpcConfigKeys (ConfUtils.java:logGet(46)) - raft.grpc.server.heartbeat.channel = true (default)
2023-04-27 07:11:58,698 [s0-server-thread1] INFO  server.RaftServerConfigKeys (ConfUtils.java:logGet(46)) - raft.server.log.appender.snapshot.chunk.size.max = 1k (=1024) (custom)
2023-04-27 07:11:58,698 [s0-server-thread1] INFO  server.RaftServerConfigKeys (ConfUtils.java:logGet(46)) - raft.server.log.appender.buffer.byte-limit = 4MB (=4194304) (default)
2023-04-27 07:11:58,699 [s0-server-thread1] INFO  server.RaftServerConfigKeys (ConfUtils.java:logGet(46)) - raft.server.log.appender.buffer.element-limit = 0 (default)
2023-04-27 07:11:58,699 [s0-server-thread1] INFO  server.RaftServerConfigKeys (ConfUtils.java:logGet(46)) - raft.server.log.appender.wait-time.min = 10ms (default)
2023-04-27 07:11:58,699 [s0-server-thread1] INFO  grpc.GrpcConfigKeys (ConfUtils.java:logGet(46)) - raft.grpc.server.leader.outstanding.appends.max = 128 (default)
2023-04-27 07:11:58,699 [s0-server-thread1] INFO  server.RaftServerConfigKeys (ConfUtils.java:logGet(46)) - raft.server.rpc.request.timeout = 3000ms (default)
2023-04-27 07:11:58,699 [s0-server-thread1] INFO  grpc.GrpcConfigKeys (ConfUtils.java:logGet(46)) - raft.grpc.server.install_snapshot.request.element-limit = 8 (default)
2023-04-27 07:11:58,699 [s0-server-thread1] INFO  grpc.GrpcConfigKeys (ConfUtils.java:logGet(46)) - raft.grpc.server.install_snapshot.request.timeout = 3000ms (default)
2023-04-27 07:11:58,699 [s0-server-thread1] INFO  server.RaftServerConfigKeys (ConfUtils.java:logGet(46)) - raft.server.log.appender.install.snapshot.enabled = true (default)
2023-04-27 07:11:58,699 [s0-server-thread1] INFO  grpc.GrpcConfigKeys (ConfUtils.java:logGet(46)) - raft.grpc.server.heartbeat.channel = true (default)
2023-04-27 07:11:58,701 [s0@group-D1EDBF6F09EA->s1-GrpcLogAppender-LogAppenderDaemon] INFO  server.GrpcLogAppender (GrpcLogAppender.java:installSnapshot(598)) - s0@group-D1EDBF6F09EA->s1-GrpcLogAppender: followerNextIndex = 0 but logStartIndex = 0, send snapshot FileListSnapshotInfo(t:1, i:191):[/tmp/ratis-tests/statemachine/s0/snapshot/1_191/vegetable, /tmp/ratis-tests/statemachine/s0/snapshot/1_191/deer, /tmp/ratis-tests/statemachine/s0/snapshot/1_191/loves] to follower
2023-04-27 07:11:58,702 [s0@group-D1EDBF6F09EA->s1-GrpcLogAppender-LogAppenderDaemon] INFO  server.GrpcServerProtocolClient (GrpcServerProtocolClient.java:<init>(65)) - Build channel for s1
2023-04-27 07:11:58,705 [s0@group-D1EDBF6F09EA->s2-GrpcLogAppender-LogAppenderDaemon] INFO  server.GrpcLogAppender (GrpcLogAppender.java:installSnapshot(598)) - s0@group-D1EDBF6F09EA->s2-GrpcLogAppender: followerNextIndex = 0 but logStartIndex = 0, send snapshot FileListSnapshotInfo(t:1, i:191):[/tmp/ratis-tests/statemachine/s0/snapshot/1_191/vegetable, /tmp/ratis-tests/statemachine/s0/snapshot/1_191/deer, /tmp/ratis-tests/statemachine/s0/snapshot/1_191/loves] to follower
2023-04-27 07:11:58,705 [s0@group-D1EDBF6F09EA->s2-GrpcLogAppender-LogAppenderDaemon] INFO  server.GrpcServerProtocolClient (GrpcServerProtocolClient.java:<init>(65)) - Build channel for s2
2023-04-27 07:11:58,707 [grpc-default-executor-0] INFO  impl.SnapshotInstallationHandler (SnapshotInstallationHandler.java:installSnapshot(89)) - s1@group-D1EDBF6F09EA: receive installSnapshot: s0->s1#0-t1,chunk:88834415-ba78-49ac-90e4-c2c5eaf158ad,0
2023-04-27 07:11:58,709 [grpc-default-executor-0] INFO  server.RaftServer$Division (ServerState.java:setLeader(260)) - s1@group-D1EDBF6F09EA: change Leader from null to s0 at term 1 for installSnapshot, leader elected after 59ms
2023-04-27 07:11:58,709 [grpc-default-executor-0] TRACE util.FileUtils (LogUtils.java:runAndLog(49)) - Successfully ran Files.createDirectories /tmp/ratis-tests/statemachine/s1/tmp/snapshot-88834415-ba78-49ac-90e4-c2c5eaf158ad
2023-04-27 07:11:58,710 [grpc-default-executor-0] INFO  storage.SnapshotManager (SnapshotManager.java:installSnapshot(89)) - Installing snapshot:s0->s1#0-t1,chunk:88834415-ba78-49ac-90e4-c2c5eaf158ad,0, to tmp dir:/tmp/ratis-tests/statemachine/s1/tmp/snapshot-88834415-ba78-49ac-90e4-c2c5eaf158ad
2023-04-27 07:11:58,710 [grpc-default-executor-0] TRACE util.FileUtils (LogUtils.java:runAndLog(49)) - Successfully ran Files.createDirectories /tmp/ratis-tests/statemachine/s1/tmp/snapshot-88834415-ba78-49ac-90e4-c2c5eaf158ad/1_191
2023-04-27 07:11:58,714 [grpc-default-executor-0] INFO  impl.SnapshotInstallationHandler (SnapshotInstallationHandler.java:installSnapshotImpl(134)) - s1@group-D1EDBF6F09EA: set new configuration configurationEntry {
  peers {
    id: "s0"
    address: "localhost:42823"
    dataStreamAddress: "localhost:34189"
    clientAddress: "localhost:37301"
    adminAddress: "localhost:43043"
    startupRole: FOLLOWER
  }
}
 from snapshot
2023-04-27 07:11:58,714 [grpc-default-executor-0] INFO  server.RaftServer$Division (ServerState.java:setRaftConf(377)) - s1@group-D1EDBF6F09EA: set configuration 0: peers:[s0|rpc:localhost:42823|admin:localhost:43043|client:localhost:37301|dataStream:localhost:34189|priority:0|startupRole:FOLLOWER]|listeners:[], old=null
2023-04-27 07:11:58,714 [grpc-default-executor-0] INFO  impl.SnapshotInstallationHandler (SnapshotInstallationHandler.java:installSnapshot(100)) - s1@group-D1EDBF6F09EA: reply installSnapshot: s0<-s1#0:OK-t0,SUCCESS,requestIndex=0
2023-04-27 07:11:58,714 [grpc-default-executor-1] INFO  server.GrpcLogAppender (GrpcLogAppender.java:onNext(504)) - s0@group-D1EDBF6F09EA->s1-InstallSnapshotResponseHandler: received the first reply s0<-s1#0:OK-t0,SUCCESS,requestIndex=0
2023-04-27 07:11:58,715 [grpc-default-executor-1] INFO  server.GrpcLogAppender (GrpcLogAppender.java:onNext(517)) - s0@group-D1EDBF6F09EA->s1-InstallSnapshotResponseHandler: Completed InstallSnapshot. Reply: serverReply {
  requestorId: "s0"
  replyId: "s1"
  raftGroupId {
    id: "2\224\315\t\030\020C\305\213\336\321\355\277o\t\352"
  }
  success: true
}
requestIndex: 0

2023-04-27 07:11:58,715 [grpc-default-executor-1] INFO  leader.FollowerInfo (FollowerInfoImpl.java:setAttemptedToInstallSnapshot(126)) - Follower s0@group-D1EDBF6F09EA->s1 acknowledged installing snapshot
2023-04-27 07:11:58,715 [grpc-default-executor-0] INFO  impl.SnapshotInstallationHandler (SnapshotInstallationHandler.java:installSnapshot(89)) - s1@group-D1EDBF6F09EA: receive installSnapshot: s0->s1#0-t1,chunk:88834415-ba78-49ac-90e4-c2c5eaf158ad,1
2023-04-27 07:11:58,715 [grpc-default-executor-0] TRACE util.FileUtils (LogUtils.java:runAndLog(49)) - Successfully ran Files.createDirectories /tmp/ratis-tests/statemachine/s1/tmp/snapshot-88834415-ba78-49ac-90e4-c2c5eaf158ad
2023-04-27 07:11:58,715 [grpc-default-executor-0] INFO  storage.SnapshotManager (SnapshotManager.java:installSnapshot(89)) - Installing snapshot:s0->s1#0-t1,chunk:88834415-ba78-49ac-90e4-c2c5eaf158ad,1, to tmp dir:/tmp/ratis-tests/statemachine/s1/tmp/snapshot-88834415-ba78-49ac-90e4-c2c5eaf158ad
2023-04-27 07:11:58,715 [grpc-default-executor-0] TRACE util.FileUtils (LogUtils.java:runAndLog(49)) - Successfully ran Files.createDirectories /tmp/ratis-tests/statemachine/s1/tmp/snapshot-88834415-ba78-49ac-90e4-c2c5eaf158ad/1_191
2023-04-27 07:11:58,716 [grpc-default-executor-0] INFO  impl.SnapshotInstallationHandler (SnapshotInstallationHandler.java:installSnapshot(100)) - s1@group-D1EDBF6F09EA: reply installSnapshot: s0<-s1#0:OK-t1,SUCCESS,requestIndex=1
2023-04-27 07:11:58,716 [grpc-default-executor-1] INFO  server.GrpcLogAppender (GrpcLogAppender.java:onNext(504)) - s0@group-D1EDBF6F09EA->s1-InstallSnapshotResponseHandler: received a reply s0<-s1#0:OK-t1,SUCCESS,requestIndex=1
2023-04-27 07:11:58,717 [grpc-default-executor-1] INFO  server.GrpcLogAppender (GrpcLogAppender.java:onNext(517)) - s0@group-D1EDBF6F09EA->s1-InstallSnapshotResponseHandler: Completed InstallSnapshot. Reply: serverReply {
  requestorId: "s0"
  replyId: "s1"
  raftGroupId {
    id: "2\224\315\t\030\020C\305\213\336\321\355\277o\t\352"
  }
  success: true
}
term: 1
requestIndex: 1

2023-04-27 07:11:58,717 [grpc-default-executor-1] INFO  leader.FollowerInfo (FollowerInfoImpl.java:setAttemptedToInstallSnapshot(126)) - Follower s0@group-D1EDBF6F09EA->s1 acknowledged installing snapshot
2023-04-27 07:11:58,717 [grpc-default-executor-0] INFO  impl.SnapshotInstallationHandler (SnapshotInstallationHandler.java:installSnapshot(89)) - s1@group-D1EDBF6F09EA: receive installSnapshot: s0->s1#0-t1,chunk:88834415-ba78-49ac-90e4-c2c5eaf158ad,2
2023-04-27 07:11:58,717 [grpc-default-executor-0] TRACE util.FileUtils (LogUtils.java:runAndLog(49)) - Successfully ran Files.createDirectories /tmp/ratis-tests/statemachine/s1/tmp/snapshot-88834415-ba78-49ac-90e4-c2c5eaf158ad
2023-04-27 07:11:58,717 [grpc-default-executor-0] INFO  storage.SnapshotManager (SnapshotManager.java:installSnapshot(89)) - Installing snapshot:s0->s1#0-t1,chunk:88834415-ba78-49ac-90e4-c2c5eaf158ad,2, to tmp dir:/tmp/ratis-tests/statemachine/s1/tmp/snapshot-88834415-ba78-49ac-90e4-c2c5eaf158ad
2023-04-27 07:11:58,717 [grpc-default-executor-0] TRACE util.FileUtils (LogUtils.java:runAndLog(49)) - Successfully ran Files.createDirectories /tmp/ratis-tests/statemachine/s1/tmp/snapshot-88834415-ba78-49ac-90e4-c2c5eaf158ad/1_191
2023-04-27 07:11:58,721 [grpc-default-executor-0] INFO  storage.SnapshotManager (SnapshotManager.java:rename(168)) - Installed snapshot, renaming temporary dir /tmp/ratis-tests/statemachine/s1/tmp/snapshot-88834415-ba78-49ac-90e4-c2c5eaf158ad to /tmp/ratis-tests/statemachine/s1/snapshot
2023-04-27 07:11:58,721 [grpc-default-executor-0] TRACE util.FileUtils (LogUtils.java:runAndLog(49)) - Successfully ran Atomic Files.move /tmp/ratis-tests/statemachine/s1/snapshot to /tmp/ratis-tests/statemachine/s1/snapshot.tmp20230427-071158_721
2023-04-27 07:11:58,721 [grpc-default-executor-0] TRACE util.FileUtils (LogUtils.java:runAndLog(49)) - Successfully ran Atomic Files.move /tmp/ratis-tests/statemachine/s1/tmp/snapshot-88834415-ba78-49ac-90e4-c2c5eaf158ad to /tmp/ratis-tests/statemachine/s1/snapshot
2023-04-27 07:11:58,721 [grpc-default-executor-0] TRACE util.FileUtils (FileUtils.java:deleteFully(201)) - deleteFully /tmp/ratis-tests/statemachine/s1/snapshot.tmp20230427-071158_721
2023-04-27 07:11:58,721 [grpc-default-executor-0] TRACE util.FileUtils (LogUtils.java:runAndLog(49)) - Successfully ran Files.delete /tmp/ratis-tests/statemachine/s1/snapshot.tmp20230427-071158_721
2023-04-27 07:11:58,722 [s1@group-D1EDBF6F09EA-StateMachineUpdater] INFO  impl.SimpleStateMachine4Testing (SimpleStateMachine4Testing.java:reinitialize(236)) - Reinitializing StateMachineWithSeparatedSnapshotPath:s1:group-D1EDBF6F09EA
2023-04-27 07:11:58,722 [s1@group-D1EDBF6F09EA-StateMachineUpdater] INFO  impl.SimpleStateMachine4Testing (SimpleStateMachine4Testing.java:loadSnapshot(293)) - Loading snapshot null
2023-04-27 07:11:58,722 [s1@group-D1EDBF6F09EA-StateMachineUpdater] INFO  impl.StateMachineUpdater (StateMachineUpdater.java:lambda$new$0(96)) - s1@group-D1EDBF6F09EA-StateMachineUpdater: snapshotIndex: setUnconditionally -1 -> 191
2023-04-27 07:11:58,722 [s1@group-D1EDBF6F09EA-StateMachineUpdater] INFO  impl.StateMachineUpdater (StateMachineUpdater.java:lambda$new$0(96)) - s1@group-D1EDBF6F09EA-StateMachineUpdater: appliedIndex: setUnconditionally -1 -> 191
2023-04-27 07:11:58,722 [grpc-default-executor-0] INFO  raftlog.RaftLog (RaftLogBase.java:lambda$new$0(53)) - s1@group-D1EDBF6F09EA-SegmentedRaftLog: snapshotIndex: updateIncreasingly -1 -> 191
2023-04-27 07:11:58,722 [grpc-default-executor-0] INFO  segmented.SegmentedRaftLogWorker (SegmentedRaftLogWorker.java:lambda$new$0(134)) - s1@group-D1EDBF6F09EA-SegmentedRaftLogWorker: flushIndex: setUnconditionally -1 -> 191
2023-04-27 07:11:58,722 [grpc-default-executor-0] INFO  segmented.SegmentedRaftLogWorker (SegmentedRaftLogWorker.java:lambda$new$0(134)) - s1@group-D1EDBF6F09EA-SegmentedRaftLogWorker: safeCacheEvictIndex: setUnconditionally -1 -> 191
2023-04-27 07:11:58,722 [grpc-default-executor-0] INFO  impl.SnapshotInstallationHandler (SnapshotInstallationHandler.java:checkAndInstallSnapshot(194)) - s1@group-D1EDBF6F09EA: successfully install the entire snapshot-191
2023-04-27 07:11:58,722 [grpc-default-executor-0] INFO  impl.SnapshotInstallationHandler (SnapshotInstallationHandler.java:installSnapshot(100)) - s1@group-D1EDBF6F09EA: reply installSnapshot: s0<-s1#0:OK-t1,SUCCESS,requestIndex=2
2023-04-27 07:11:58,722 [grpc-default-executor-1] INFO  server.GrpcLogAppender (GrpcLogAppender.java:onNext(504)) - s0@group-D1EDBF6F09EA->s1-InstallSnapshotResponseHandler: received a reply s0<-s1#0:OK-t1,SUCCESS,requestIndex=2
2023-04-27 07:11:58,723 [grpc-default-executor-1] INFO  server.GrpcLogAppender (GrpcLogAppender.java:onNext(517)) - s0@group-D1EDBF6F09EA->s1-InstallSnapshotResponseHandler: Completed InstallSnapshot. Reply: serverReply {
  requestorId: "s0"
  replyId: "s1"
  raftGroupId {
    id: "2\224\315\t\030\020C\305\213\336\321\355\277o\t\352"
  }
  success: true
}
term: 1
requestIndex: 2

2023-04-27 07:11:58,723 [grpc-default-executor-1] INFO  leader.FollowerInfo (FollowerInfoImpl.java:setAttemptedToInstallSnapshot(126)) - Follower s0@group-D1EDBF6F09EA->s1 acknowledged installing snapshot
2023-04-27 07:11:58,723 [grpc-default-executor-1] WARN  server.GrpcLogAppender (LogUtils.java:warn(122)) - s0@group-D1EDBF6F09EA->s1-InstallSnapshotResponseHandler: Failed InstallSnapshot: org.apache.ratis.thirdparty.io.grpc.StatusRuntimeException: CANCELLED: Failed to read message.
2023-04-27 07:11:58,723 [grpc-default-executor-0] WARN  server.GrpcServerProtocolService (LogUtils.java:warn(122)) - s1: INSTALL_SNAPSHOT onError, lastRequest: s0->s1#0-t1,chunk:88834415-ba78-49ac-90e4-c2c5eaf158ad,2: org.apache.ratis.thirdparty.io.grpc.StatusRuntimeException: CANCELLED: client cancelled
2023-04-27 07:11:58,729 [grpc-default-executor-0] INFO  impl.SnapshotInstallationHandler (SnapshotInstallationHandler.java:installSnapshot(89)) - s2@group-D1EDBF6F09EA: receive installSnapshot: s0->s2#0-t1,chunk:7854b4fa-a6c0-4e66-b217-bf0e1b26901c,0
2023-04-27 07:11:58,731 [grpc-default-executor-0] INFO  server.RaftServer$Division (ServerState.java:setLeader(260)) - s2@group-D1EDBF6F09EA: change Leader from null to s0 at term 1 for installSnapshot, leader elected after 70ms
2023-04-27 07:11:58,731 [grpc-default-executor-0] TRACE util.FileUtils (LogUtils.java:runAndLog(49)) - Successfully ran Files.createDirectories /tmp/ratis-tests/statemachine/s2/tmp/snapshot-7854b4fa-a6c0-4e66-b217-bf0e1b26901c
2023-04-27 07:11:58,731 [grpc-default-executor-0] INFO  storage.SnapshotManager (SnapshotManager.java:installSnapshot(89)) - Installing snapshot:s0->s2#0-t1,chunk:7854b4fa-a6c0-4e66-b217-bf0e1b26901c,0, to tmp dir:/tmp/ratis-tests/statemachine/s2/tmp/snapshot-7854b4fa-a6c0-4e66-b217-bf0e1b26901c
2023-04-27 07:11:58,731 [grpc-default-executor-0] TRACE util.FileUtils (LogUtils.java:runAndLog(49)) - Successfully ran Files.createDirectories /tmp/ratis-tests/statemachine/s2/tmp/snapshot-7854b4fa-a6c0-4e66-b217-bf0e1b26901c/1_191
2023-04-27 07:11:58,735 [s1-server-thread1] INFO  impl.RoleInfo (RoleInfo.java:updateAndGet(139)) - s1: start s1@group-D1EDBF6F09EA-FollowerState
2023-04-27 07:11:58,735 [s1@group-D1EDBF6F09EA-FollowerState] INFO  server.RaftServerConfigKeys (ConfUtils.java:logFallback(53)) - raft.server.rpc.first-election.timeout.min = 150ms (fallback to raft.server.rpc.timeout.min)
2023-04-27 07:11:58,736 [s1@group-D1EDBF6F09EA-FollowerState] INFO  server.RaftServerConfigKeys (ConfUtils.java:logFallback(53)) - raft.server.rpc.first-election.timeout.max = 300ms (fallback to raft.server.rpc.timeout.max)
2023-04-27 07:11:58,737 [grpc-default-executor-0] INFO  impl.SnapshotInstallationHandler (SnapshotInstallationHandler.java:installSnapshotImpl(134)) - s2@group-D1EDBF6F09EA: set new configuration configurationEntry {
  peers {
    id: "s0"
    address: "localhost:42823"
    dataStreamAddress: "localhost:34189"
    clientAddress: "localhost:37301"
    adminAddress: "localhost:43043"
    startupRole: FOLLOWER
  }
}
 from snapshot
2023-04-27 07:11:58,738 [grpc-default-executor-0] INFO  server.RaftServer$Division (ServerState.java:setRaftConf(377)) - s2@group-D1EDBF6F09EA: set configuration 0: peers:[s0|rpc:localhost:42823|admin:localhost:43043|client:localhost:37301|dataStream:localhost:34189|priority:0|startupRole:FOLLOWER]|listeners:[], old=null
2023-04-27 07:11:58,738 [grpc-default-executor-0] INFO  impl.SnapshotInstallationHandler (SnapshotInstallationHandler.java:installSnapshot(100)) - s2@group-D1EDBF6F09EA: reply installSnapshot: s0<-s2#0:OK-t0,SUCCESS,requestIndex=0
2023-04-27 07:11:58,739 [grpc-default-executor-0] INFO  impl.SnapshotInstallationHandler (SnapshotInstallationHandler.java:installSnapshot(89)) - s2@group-D1EDBF6F09EA: receive installSnapshot: s0->s2#0-t1,chunk:7854b4fa-a6c0-4e66-b217-bf0e1b26901c,1
2023-04-27 07:11:58,739 [grpc-default-executor-0] TRACE util.FileUtils (LogUtils.java:runAndLog(49)) - Successfully ran Files.createDirectories /tmp/ratis-tests/statemachine/s2/tmp/snapshot-7854b4fa-a6c0-4e66-b217-bf0e1b26901c
2023-04-27 07:11:58,739 [grpc-default-executor-0] INFO  storage.SnapshotManager (SnapshotManager.java:installSnapshot(89)) - Installing snapshot:s0->s2#0-t1,chunk:7854b4fa-a6c0-4e66-b217-bf0e1b26901c,1, to tmp dir:/tmp/ratis-tests/statemachine/s2/tmp/snapshot-7854b4fa-a6c0-4e66-b217-bf0e1b26901c
2023-04-27 07:11:58,739 [grpc-default-executor-0] TRACE util.FileUtils (LogUtils.java:runAndLog(49)) - Successfully ran Files.createDirectories /tmp/ratis-tests/statemachine/s2/tmp/snapshot-7854b4fa-a6c0-4e66-b217-bf0e1b26901c/1_191
2023-04-27 07:11:58,740 [grpc-default-executor-1] INFO  server.GrpcLogAppender (GrpcLogAppender.java:onNext(504)) - s0@group-D1EDBF6F09EA->s2-InstallSnapshotResponseHandler: received the first reply s0<-s2#0:OK-t0,SUCCESS,requestIndex=0
2023-04-27 07:11:58,740 [grpc-default-executor-1] INFO  server.GrpcLogAppender (GrpcLogAppender.java:onNext(517)) - s0@group-D1EDBF6F09EA->s2-InstallSnapshotResponseHandler: Completed InstallSnapshot. Reply: serverReply {
  requestorId: "s0"
  replyId: "s2"
  raftGroupId {
    id: "2\224\315\t\030\020C\305\213\336\321\355\277o\t\352"
  }
  success: true
}
requestIndex: 0

2023-04-27 07:11:58,740 [grpc-default-executor-1] INFO  leader.FollowerInfo (FollowerInfoImpl.java:setAttemptedToInstallSnapshot(126)) - Follower s0@group-D1EDBF6F09EA->s2 acknowledged installing snapshot
2023-04-27 07:11:58,740 [grpc-default-executor-0] INFO  impl.SnapshotInstallationHandler (SnapshotInstallationHandler.java:installSnapshot(100)) - s2@group-D1EDBF6F09EA: reply installSnapshot: s0<-s2#0:OK-t1,SUCCESS,requestIndex=1
2023-04-27 07:11:58,741 [grpc-default-executor-0] INFO  impl.SnapshotInstallationHandler (SnapshotInstallationHandler.java:installSnapshot(89)) - s2@group-D1EDBF6F09EA: receive installSnapshot: s0->s2#0-t1,chunk:7854b4fa-a6c0-4e66-b217-bf0e1b26901c,2
2023-04-27 07:11:58,741 [grpc-default-executor-0] TRACE util.FileUtils (LogUtils.java:runAndLog(49)) - Successfully ran Files.createDirectories /tmp/ratis-tests/statemachine/s2/tmp/snapshot-7854b4fa-a6c0-4e66-b217-bf0e1b26901c
2023-04-27 07:11:58,741 [grpc-default-executor-0] INFO  storage.SnapshotManager (SnapshotManager.java:installSnapshot(89)) - Installing snapshot:s0->s2#0-t1,chunk:7854b4fa-a6c0-4e66-b217-bf0e1b26901c,2, to tmp dir:/tmp/ratis-tests/statemachine/s2/tmp/snapshot-7854b4fa-a6c0-4e66-b217-bf0e1b26901c
2023-04-27 07:11:58,741 [grpc-default-executor-0] TRACE util.FileUtils (LogUtils.java:runAndLog(49)) - Successfully ran Files.createDirectories /tmp/ratis-tests/statemachine/s2/tmp/snapshot-7854b4fa-a6c0-4e66-b217-bf0e1b26901c/1_191
2023-04-27 07:11:58,742 [grpc-default-executor-1] INFO  server.GrpcLogAppender (GrpcLogAppender.java:onNext(504)) - s0@group-D1EDBF6F09EA->s2-InstallSnapshotResponseHandler: received a reply s0<-s2#0:OK-t1,SUCCESS,requestIndex=1
2023-04-27 07:11:58,742 [grpc-default-executor-1] INFO  server.GrpcLogAppender (GrpcLogAppender.java:onNext(517)) - s0@group-D1EDBF6F09EA->s2-InstallSnapshotResponseHandler: Completed InstallSnapshot. Reply: serverReply {
  requestorId: "s0"
  replyId: "s2"
  raftGroupId {
    id: "2\224\315\t\030\020C\305\213\336\321\355\277o\t\352"
  }
  success: true
}
term: 1
requestIndex: 1

2023-04-27 07:11:58,742 [grpc-default-executor-1] INFO  leader.FollowerInfo (FollowerInfoImpl.java:setAttemptedToInstallSnapshot(126)) - Follower s0@group-D1EDBF6F09EA->s2 acknowledged installing snapshot
2023-04-27 07:11:58,742 [grpc-default-executor-0] INFO  storage.SnapshotManager (SnapshotManager.java:rename(168)) - Installed snapshot, renaming temporary dir /tmp/ratis-tests/statemachine/s2/tmp/snapshot-7854b4fa-a6c0-4e66-b217-bf0e1b26901c to /tmp/ratis-tests/statemachine/s2/snapshot
2023-04-27 07:11:58,742 [grpc-default-executor-0] TRACE util.FileUtils (LogUtils.java:runAndLog(49)) - Successfully ran Atomic Files.move /tmp/ratis-tests/statemachine/s2/snapshot to /tmp/ratis-tests/statemachine/s2/snapshot.tmp20230427-071158_742
2023-04-27 07:11:58,742 [grpc-default-executor-0] TRACE util.FileUtils (LogUtils.java:runAndLog(49)) - Successfully ran Atomic Files.move /tmp/ratis-tests/statemachine/s2/tmp/snapshot-7854b4fa-a6c0-4e66-b217-bf0e1b26901c to /tmp/ratis-tests/statemachine/s2/snapshot
2023-04-27 07:11:58,743 [grpc-default-executor-0] TRACE util.FileUtils (FileUtils.java:deleteFully(201)) - deleteFully /tmp/ratis-tests/statemachine/s2/snapshot.tmp20230427-071158_742
2023-04-27 07:11:58,743 [grpc-default-executor-0] TRACE util.FileUtils (LogUtils.java:runAndLog(49)) - Successfully ran Files.delete /tmp/ratis-tests/statemachine/s2/snapshot.tmp20230427-071158_742
2023-04-27 07:11:58,743 [s2@group-D1EDBF6F09EA-StateMachineUpdater] INFO  impl.SimpleStateMachine4Testing (SimpleStateMachine4Testing.java:reinitialize(236)) - Reinitializing StateMachineWithSeparatedSnapshotPath:s2:group-D1EDBF6F09EA
2023-04-27 07:11:58,743 [s2@group-D1EDBF6F09EA-StateMachineUpdater] INFO  impl.SimpleStateMachine4Testing (SimpleStateMachine4Testing.java:loadSnapshot(293)) - Loading snapshot null
2023-04-27 07:11:58,743 [s2@group-D1EDBF6F09EA-StateMachineUpdater] INFO  impl.StateMachineUpdater (StateMachineUpdater.java:lambda$new$0(96)) - s2@group-D1EDBF6F09EA-StateMachineUpdater: snapshotIndex: setUnconditionally -1 -> 191
2023-04-27 07:11:58,743 [s2@group-D1EDBF6F09EA-StateMachineUpdater] INFO  impl.StateMachineUpdater (StateMachineUpdater.java:lambda$new$0(96)) - s2@group-D1EDBF6F09EA-StateMachineUpdater: appliedIndex: setUnconditionally -1 -> 191
2023-04-27 07:11:58,743 [grpc-default-executor-0] INFO  raftlog.RaftLog (RaftLogBase.java:lambda$new$0(53)) - s2@group-D1EDBF6F09EA-SegmentedRaftLog: snapshotIndex: updateIncreasingly -1 -> 191
2023-04-27 07:11:58,743 [grpc-default-executor-0] INFO  segmented.SegmentedRaftLogWorker (SegmentedRaftLogWorker.java:lambda$new$0(134)) - s2@group-D1EDBF6F09EA-SegmentedRaftLogWorker: flushIndex: setUnconditionally -1 -> 191
2023-04-27 07:11:58,743 [grpc-default-executor-0] INFO  segmented.SegmentedRaftLogWorker (SegmentedRaftLogWorker.java:lambda$new$0(134)) - s2@group-D1EDBF6F09EA-SegmentedRaftLogWorker: safeCacheEvictIndex: setUnconditionally -1 -> 191
2023-04-27 07:11:58,743 [grpc-default-executor-0] INFO  impl.SnapshotInstallationHandler (SnapshotInstallationHandler.java:checkAndInstallSnapshot(194)) - s2@group-D1EDBF6F09EA: successfully install the entire snapshot-191
2023-04-27 07:11:58,743 [grpc-default-executor-0] INFO  impl.SnapshotInstallationHandler (SnapshotInstallationHandler.java:installSnapshot(100)) - s2@group-D1EDBF6F09EA: reply installSnapshot: s0<-s2#0:OK-t1,SUCCESS,requestIndex=2
2023-04-27 07:11:58,744 [grpc-default-executor-1] INFO  server.GrpcLogAppender (GrpcLogAppender.java:onNext(504)) - s0@group-D1EDBF6F09EA->s2-InstallSnapshotResponseHandler: received a reply s0<-s2#0:OK-t1,SUCCESS,requestIndex=2
2023-04-27 07:11:58,744 [grpc-default-executor-1] INFO  server.GrpcLogAppender (GrpcLogAppender.java:onNext(517)) - s0@group-D1EDBF6F09EA->s2-InstallSnapshotResponseHandler: Completed InstallSnapshot. Reply: serverReply {
  requestorId: "s0"
  replyId: "s2"
  raftGroupId {
    id: "2\224\315\t\030\020C\305\213\336\321\355\277o\t\352"
  }
  success: true
}
term: 1
requestIndex: 2

2023-04-27 07:11:58,744 [grpc-default-executor-1] INFO  leader.FollowerInfo (FollowerInfoImpl.java:setAttemptedToInstallSnapshot(126)) - Follower s0@group-D1EDBF6F09EA->s2 acknowledged installing snapshot
2023-04-27 07:11:58,744 [grpc-default-executor-0] INFO  server.GrpcServerProtocolService (GrpcServerProtocolService.java:onCompleted(155)) - s2: Completed INSTALL_SNAPSHOT, lastRequest: s0->s2#0-t1,chunk:7854b4fa-a6c0-4e66-b217-bf0e1b26901c,2
2023-04-27 07:11:58,744 [grpc-default-executor-0] INFO  server.GrpcServerProtocolService (GrpcServerProtocolService.java:lambda$onCompleted$5(157)) - s2: Completed INSTALL_SNAPSHOT, lastReply: null
2023-04-27 07:11:58,745 [grpc-default-executor-1] INFO  server.GrpcLogAppender (GrpcLogAppender.java:onCompleted(582)) - s0@group-D1EDBF6F09EA->s2-InstallSnapshotResponseHandler: follower responded installSnapshot COMPLETED
2023-04-27 07:11:58,745 [s0@group-D1EDBF6F09EA->s2-GrpcLogAppender-LogAppenderDaemon] INFO  leader.FollowerInfo (FollowerInfoImpl.java:lambda$new$0(52)) - s0@group-D1EDBF6F09EA->s2: snapshotIndex: setUnconditionally 0 -> 191
2023-04-27 07:11:58,745 [s0@group-D1EDBF6F09EA->s2-GrpcLogAppender-LogAppenderDaemon] INFO  leader.FollowerInfo (FollowerInfoImpl.java:lambda$new$0(52)) - s0@group-D1EDBF6F09EA->s2: matchIndex: setUnconditionally -1 -> 191
2023-04-27 07:11:58,745 [s0@group-D1EDBF6F09EA->s2-GrpcLogAppender-LogAppenderDaemon] INFO  leader.FollowerInfo (FollowerInfoImpl.java:lambda$new$0(52)) - s0@group-D1EDBF6F09EA->s2: nextIndex: setUnconditionally 0 -> 192
2023-04-27 07:11:58,745 [s0@group-D1EDBF6F09EA->s2-GrpcLogAppender-LogAppenderDaemon] INFO  server.GrpcLogAppender (GrpcLogAppender.java:installSnapshot(637)) - s0@group-D1EDBF6F09EA->s2-GrpcLogAppender: installed snapshot FileListSnapshotInfo(t:1, i:191):[/tmp/ratis-tests/statemachine/s0/snapshot/1_191/vegetable, /tmp/ratis-tests/statemachine/s0/snapshot/1_191/deer, /tmp/ratis-tests/statemachine/s0/snapshot/1_191/loves] successfully
2023-04-27 07:11:58,748 [s1-server-thread2] INFO  server.RaftServer$Division (RaftServerImpl.java:checkInconsistentAppendEntries(1604)) - s1@group-D1EDBF6F09EA: Failed appendEntries as the first entry (index 0) already exists (snapshotIndex: 191, commitIndex: 191)
2023-04-27 07:11:58,748 [s1-server-thread2] INFO  server.RaftServer$Division (RaftServerImpl.java:checkInconsistentAppendEntries(1584)) - s1@group-D1EDBF6F09EA: inconsistency entries. Reply:s0<-s1#1:FAIL-t1,INCONSISTENCY,nextIndex=192,followerCommit=191,matchIndex=-1
2023-04-27 07:11:58,749 [grpc-default-executor-1] WARN  server.GrpcLogAppender (GrpcLogAppender.java:onNextImpl(398)) - s0@group-D1EDBF6F09EA->s1-AppendLogResponseHandler: received INCONSISTENCY reply with nextIndex 192
2023-04-27 07:11:58,749 [grpc-default-executor-1] INFO  leader.FollowerInfo (FollowerInfoImpl.java:lambda$new$0(52)) - s0@group-D1EDBF6F09EA->s1: setNextIndex nextIndex: updateUnconditionally 255 -> 192
2023-04-27 07:11:58,756 [s2-server-thread1] INFO  impl.RoleInfo (RoleInfo.java:updateAndGet(139)) - s2: start s2@group-D1EDBF6F09EA-FollowerState
2023-04-27 07:11:58,758 [s1-server-thread2] INFO  segmented.SegmentedRaftLogWorker (SegmentedRaftLogWorker.java:startLogSegment(426)) - s1@group-D1EDBF6F09EA-SegmentedRaftLogWorker: Starting segment from index:192
2023-04-27 07:11:58,760 [s2@group-D1EDBF6F09EA-FollowerState] INFO  server.RaftServerConfigKeys (ConfUtils.java:logFallback(53)) - raft.server.rpc.first-election.timeout.min = 150ms (fallback to raft.server.rpc.timeout.min)
2023-04-27 07:11:58,760 [s2@group-D1EDBF6F09EA-FollowerState] INFO  server.RaftServerConfigKeys (ConfUtils.java:logFallback(53)) - raft.server.rpc.first-election.timeout.max = 300ms (fallback to raft.server.rpc.timeout.max)
2023-04-27 07:11:58,766 [s2-server-thread2] INFO  segmented.SegmentedRaftLogWorker (SegmentedRaftLogWorker.java:startLogSegment(426)) - s2@group-D1EDBF6F09EA-SegmentedRaftLogWorker: Starting segment from index:192
2023-04-27 07:11:58,769 [s1@group-D1EDBF6F09EA-SegmentedRaftLogWorker] INFO  segmented.SegmentedRaftLogWorker (SegmentedRaftLogWorker.java:execute(630)) - s1@group-D1EDBF6F09EA-SegmentedRaftLogWorker: created new log segment /home/runner/work/ratis/ratis/ratis-test/target/test/data/a5c97c2c/MiniRaftClusterWithGrpca436a323/s1/3294cd09-1810-43c5-8bde-d1edbf6f09ea/current/log_inprogress_192
2023-04-27 07:11:58,771 [s1@group-D1EDBF6F09EA-StateMachineUpdater] INFO  impl.SimpleStateMachine4Testing (SimpleStateMachine4Testing.java:put(205)) - s1: put 193, m96 -> (t:1, i:193), STATEMACHINELOGENTRY, 483@client-37FB37001D9B
2023-04-27 07:11:58,771 [s1@group-D1EDBF6F09EA-StateMachineUpdater] INFO  impl.SimpleStateMachine4Testing (SimpleStateMachine4Testing.java:put(205)) - s1: put 195, m97 -> (t:1, i:195), STATEMACHINELOGENTRY, 484@client-37FB37001D9B
2023-04-27 07:11:58,771 [s1@group-D1EDBF6F09EA-StateMachineUpdater] INFO  impl.SimpleStateMachine4Testing (SimpleStateMachine4Testing.java:put(205)) - s1: put 197, m98 -> (t:1, i:197), STATEMACHINELOGENTRY, 485@client-37FB37001D9B
2023-04-27 07:11:58,771 [s1@group-D1EDBF6F09EA-StateMachineUpdater] INFO  impl.SimpleStateMachine4Testing (SimpleStateMachine4Testing.java:put(205)) - s1: put 199, m99 -> (t:1, i:199), STATEMACHINELOGENTRY, 486@client-37FB37001D9B
2023-04-27 07:11:58,772 [s1@group-D1EDBF6F09EA-StateMachineUpdater] INFO  impl.SimpleStateMachine4Testing (SimpleStateMachine4Testing.java:put(205)) - s1: put 201, m100 -> (t:1, i:201), STATEMACHINELOGENTRY, 487@client-37FB37001D9B
2023-04-27 07:11:58,772 [s1@group-D1EDBF6F09EA-StateMachineUpdater] INFO  impl.SimpleStateMachine4Testing (SimpleStateMachine4Testing.java:put(205)) - s1: put 203, m101 -> (t:1, i:203), STATEMACHINELOGENTRY, 488@client-37FB37001D9B
2023-04-27 07:11:58,772 [s1@group-D1EDBF6F09EA-StateMachineUpdater] INFO  impl.SimpleStateMachine4Testing (SimpleStateMachine4Testing.java:put(205)) - s1: put 205, m102 -> (t:1, i:205), STATEMACHINELOGENTRY, 489@client-37FB37001D9B
2023-04-27 07:11:58,772 [s1@group-D1EDBF6F09EA-StateMachineUpdater] INFO  impl.SimpleStateMachine4Testing (SimpleStateMachine4Testing.java:put(205)) - s1: put 207, m103 -> (t:1, i:207), STATEMACHINELOGENTRY, 490@client-37FB37001D9B
2023-04-27 07:11:58,772 [s1@group-D1EDBF6F09EA-StateMachineUpdater] INFO  impl.SimpleStateMachine4Testing (SimpleStateMachine4Testing.java:put(205)) - s1: put 209, m104 -> (t:1, i:209), STATEMACHINELOGENTRY, 491@client-37FB37001D9B
2023-04-27 07:11:58,772 [s1@group-D1EDBF6F09EA-StateMachineUpdater] INFO  impl.SimpleStateMachine4Testing (SimpleStateMachine4Testing.java:put(205)) - s1: put 211, m105 -> (t:1, i:211), STATEMACHINELOGENTRY, 492@client-37FB37001D9B
2023-04-27 07:11:58,772 [s1@group-D1EDBF6F09EA-StateMachineUpdater] INFO  impl.SimpleStateMachine4Testing (SimpleStateMachine4Testing.java:put(205)) - s1: put 213, m106 -> (t:1, i:213), STATEMACHINELOGENTRY, 493@client-37FB37001D9B
2023-04-27 07:11:58,772 [s1@group-D1EDBF6F09EA-StateMachineUpdater] INFO  impl.SimpleStateMachine4Testing (SimpleStateMachine4Testing.java:put(205)) - s1: put 215, m107 -> (t:1, i:215), STATEMACHINELOGENTRY, 494@client-37FB37001D9B
2023-04-27 07:11:58,772 [s1@group-D1EDBF6F09EA-StateMachineUpdater] INFO  impl.SimpleStateMachine4Testing (SimpleStateMachine4Testing.java:put(205)) - s1: put 217, m108 -> (t:1, i:217), STATEMACHINELOGENTRY, 495@client-37FB37001D9B
2023-04-27 07:11:58,772 [s1@group-D1EDBF6F09EA-StateMachineUpdater] INFO  impl.SimpleStateMachine4Testing (SimpleStateMachine4Testing.java:put(205)) - s1: put 219, m109 -> (t:1, i:219), STATEMACHINELOGENTRY, 496@client-37FB37001D9B
2023-04-27 07:11:58,772 [s1@group-D1EDBF6F09EA-StateMachineUpdater] INFO  impl.SimpleStateMachine4Testing (SimpleStateMachine4Testing.java:put(205)) - s1: put 221, m110 -> (t:1, i:221), STATEMACHINELOGENTRY, 497@client-37FB37001D9B
2023-04-27 07:11:58,772 [s1@group-D1EDBF6F09EA-StateMachineUpdater] INFO  impl.SimpleStateMachine4Testing (SimpleStateMachine4Testing.java:put(205)) - s1: put 223, m111 -> (t:1, i:223), STATEMACHINELOGENTRY, 498@client-37FB37001D9B
2023-04-27 07:11:58,773 [s1@group-D1EDBF6F09EA-StateMachineUpdater] INFO  impl.SimpleStateMachine4Testing (SimpleStateMachine4Testing.java:put(205)) - s1: put 225, m112 -> (t:1, i:225), STATEMACHINELOGENTRY, 499@client-37FB37001D9B
2023-04-27 07:11:58,773 [s1@group-D1EDBF6F09EA-StateMachineUpdater] INFO  impl.SimpleStateMachine4Testing (SimpleStateMachine4Testing.java:put(205)) - s1: put 227, m113 -> (t:1, i:227), STATEMACHINELOGENTRY, 500@client-37FB37001D9B
2023-04-27 07:11:58,773 [s1@group-D1EDBF6F09EA-StateMachineUpdater] INFO  impl.SimpleStateMachine4Testing (SimpleStateMachine4Testing.java:put(205)) - s1: put 229, m114 -> (t:1, i:229), STATEMACHINELOGENTRY, 501@client-37FB37001D9B
2023-04-27 07:11:58,773 [s1@group-D1EDBF6F09EA-StateMachineUpdater] INFO  impl.SimpleStateMachine4Testing (SimpleStateMachine4Testing.java:put(205)) - s1: put 231, m115 -> (t:1, i:231), STATEMACHINELOGENTRY, 502@client-37FB37001D9B
2023-04-27 07:11:58,773 [s1@group-D1EDBF6F09EA-StateMachineUpdater] INFO  impl.SimpleStateMachine4Testing (SimpleStateMachine4Testing.java:put(205)) - s1: put 233, m116 -> (t:1, i:233), STATEMACHINELOGENTRY, 503@client-37FB37001D9B
2023-04-27 07:11:58,773 [s1@group-D1EDBF6F09EA-StateMachineUpdater] INFO  impl.SimpleStateMachine4Testing (SimpleStateMachine4Testing.java:put(205)) - s1: put 235, m117 -> (t:1, i:235), STATEMACHINELOGENTRY, 504@client-37FB37001D9B
2023-04-27 07:11:58,773 [s1@group-D1EDBF6F09EA-StateMachineUpdater] INFO  impl.SimpleStateMachine4Testing (SimpleStateMachine4Testing.java:put(205)) - s1: put 237, m118 -> (t:1, i:237), STATEMACHINELOGENTRY, 505@client-37FB37001D9B
2023-04-27 07:11:58,774 [s0@group-D1EDBF6F09EA-LeaderStateImpl] INFO  server.RaftServer$Division (ServerState.java:setRaftConf(377)) - s0@group-D1EDBF6F09EA: set configuration 255: peers:[s0|rpc:localhost:42823|admin:localhost:43043|client:localhost:37301|dataStream:localhost:34189|priority:0|startupRole:FOLLOWER, s1|rpc:0.0.0.0:42585|dataStream:|priority:0|startupRole:FOLLOWER, s2|rpc:0.0.0.0:36855|dataStream:|priority:0|startupRole:FOLLOWER]|listeners:[], old=peers:[s0|rpc:localhost:42823|admin:localhost:43043|client:localhost:37301|dataStream:localhost:34189|priority:0|startupRole:FOLLOWER]|listeners:[]
2023-04-27 07:11:58,774 [s1@group-D1EDBF6F09EA-StateMachineUpdater] INFO  impl.SimpleStateMachine4Testing (SimpleStateMachine4Testing.java:put(205)) - s1: put 239, m119 -> (t:1, i:239), STATEMACHINELOGENTRY, 506@client-37FB37001D9B
2023-04-27 07:11:58,774 [s1@group-D1EDBF6F09EA-StateMachineUpdater] INFO  impl.SimpleStateMachine4Testing (SimpleStateMachine4Testing.java:put(205)) - s1: put 241, m120 -> (t:1, i:241), STATEMACHINELOGENTRY, 507@client-37FB37001D9B
2023-04-27 07:11:58,774 [s1@group-D1EDBF6F09EA-StateMachineUpdater] INFO  impl.SimpleStateMachine4Testing (SimpleStateMachine4Testing.java:put(205)) - s1: put 243, m121 -> (t:1, i:243), STATEMACHINELOGENTRY, 508@client-37FB37001D9B
2023-04-27 07:11:58,775 [s1@group-D1EDBF6F09EA-StateMachineUpdater] INFO  impl.SimpleStateMachine4Testing (SimpleStateMachine4Testing.java:put(205)) - s1: put 245, m122 -> (t:1, i:245), STATEMACHINELOGENTRY, 509@client-37FB37001D9B
2023-04-27 07:11:58,775 [s1@group-D1EDBF6F09EA-StateMachineUpdater] INFO  impl.SimpleStateMachine4Testing (SimpleStateMachine4Testing.java:put(205)) - s1: put 247, m123 -> (t:1, i:247), STATEMACHINELOGENTRY, 510@client-37FB37001D9B
2023-04-27 07:11:58,775 [s1@group-D1EDBF6F09EA-StateMachineUpdater] INFO  impl.SimpleStateMachine4Testing (SimpleStateMachine4Testing.java:put(205)) - s1: put 249, m124 -> (t:1, i:249), STATEMACHINELOGENTRY, 511@client-37FB37001D9B
2023-04-27 07:11:58,775 [s1@group-D1EDBF6F09EA-StateMachineUpdater] INFO  impl.SimpleStateMachine4Testing (SimpleStateMachine4Testing.java:put(205)) - s1: put 251, m125 -> (t:1, i:251), STATEMACHINELOGENTRY, 512@client-37FB37001D9B
2023-04-27 07:11:58,775 [s1@group-D1EDBF6F09EA-StateMachineUpdater] INFO  impl.SimpleStateMachine4Testing (SimpleStateMachine4Testing.java:put(205)) - s1: put 253, m126 -> (t:1, i:253), STATEMACHINELOGENTRY, 513@client-37FB37001D9B
2023-04-27 07:11:58,776 [s1-server-thread2] INFO  server.RaftServer$Division (ServerState.java:setRaftConf(377)) - s1@group-D1EDBF6F09EA: set configuration 255: peers:[s0|rpc:localhost:42823|admin:localhost:43043|client:localhost:37301|dataStream:localhost:34189|priority:0|startupRole:FOLLOWER, s1|rpc:0.0.0.0:42585|dataStream:|priority:0|startupRole:FOLLOWER, s2|rpc:0.0.0.0:36855|dataStream:|priority:0|startupRole:FOLLOWER]|listeners:[], old=peers:[s0|rpc:localhost:42823|admin:localhost:43043|client:localhost:37301|dataStream:localhost:34189|priority:0|startupRole:FOLLOWER]|listeners:[]
2023-04-27 07:11:58,776 [s2-server-thread2] INFO  server.RaftServer$Division (ServerState.java:setRaftConf(377)) - s2@group-D1EDBF6F09EA: set configuration 255: peers:[s0|rpc:localhost:42823|admin:localhost:43043|client:localhost:37301|dataStream:localhost:34189|priority:0|startupRole:FOLLOWER, s1|rpc:0.0.0.0:42585|dataStream:|priority:0|startupRole:FOLLOWER, s2|rpc:0.0.0.0:36855|dataStream:|priority:0|startupRole:FOLLOWER]|listeners:[], old=peers:[s0|rpc:localhost:42823|admin:localhost:43043|client:localhost:37301|dataStream:localhost:34189|priority:0|startupRole:FOLLOWER]|listeners:[]
2023-04-27 07:11:58,777 [s2@group-D1EDBF6F09EA-SegmentedRaftLogWorker] INFO  segmented.SegmentedRaftLogWorker (SegmentedRaftLogWorker.java:execute(630)) - s2@group-D1EDBF6F09EA-SegmentedRaftLogWorker: created new log segment /home/runner/work/ratis/ratis/ratis-test/target/test/data/a5c97c2c/MiniRaftClusterWithGrpca436a323/s2/3294cd09-1810-43c5-8bde-d1edbf6f09ea/current/log_inprogress_192
2023-04-27 07:11:58,778 [s2@group-D1EDBF6F09EA-StateMachineUpdater] INFO  impl.SimpleStateMachine4Testing (SimpleStateMachine4Testing.java:put(205)) - s2: put 193, m96 -> (t:1, i:193), STATEMACHINELOGENTRY, 483@client-37FB37001D9B
2023-04-27 07:11:58,778 [s2@group-D1EDBF6F09EA-StateMachineUpdater] INFO  impl.SimpleStateMachine4Testing (SimpleStateMachine4Testing.java:put(205)) - s2: put 195, m97 -> (t:1, i:195), STATEMACHINELOGENTRY, 484@client-37FB37001D9B
2023-04-27 07:11:58,778 [s2@group-D1EDBF6F09EA-StateMachineUpdater] INFO  impl.SimpleStateMachine4Testing (SimpleStateMachine4Testing.java:put(205)) - s2: put 197, m98 -> (t:1, i:197), STATEMACHINELOGENTRY, 485@client-37FB37001D9B
2023-04-27 07:11:58,778 [s2@group-D1EDBF6F09EA-StateMachineUpdater] INFO  impl.SimpleStateMachine4Testing (SimpleStateMachine4Testing.java:put(205)) - s2: put 199, m99 -> (t:1, i:199), STATEMACHINELOGENTRY, 486@client-37FB37001D9B
2023-04-27 07:11:58,779 [s2@group-D1EDBF6F09EA-StateMachineUpdater] INFO  impl.SimpleStateMachine4Testing (SimpleStateMachine4Testing.java:put(205)) - s2: put 201, m100 -> (t:1, i:201), STATEMACHINELOGENTRY, 487@client-37FB37001D9B
2023-04-27 07:11:58,779 [s2@group-D1EDBF6F09EA-StateMachineUpdater] INFO  impl.SimpleStateMachine4Testing (SimpleStateMachine4Testing.java:put(205)) - s2: put 203, m101 -> (t:1, i:203), STATEMACHINELOGENTRY, 488@client-37FB37001D9B
2023-04-27 07:11:58,779 [s2@group-D1EDBF6F09EA-StateMachineUpdater] INFO  impl.SimpleStateMachine4Testing (SimpleStateMachine4Testing.java:put(205)) - s2: put 205, m102 -> (t:1, i:205), STATEMACHINELOGENTRY, 489@client-37FB37001D9B
2023-04-27 07:11:58,779 [s2@group-D1EDBF6F09EA-StateMachineUpdater] INFO  impl.SimpleStateMachine4Testing (SimpleStateMachine4Testing.java:put(205)) - s2: put 207, m103 -> (t:1, i:207), STATEMACHINELOGENTRY, 490@client-37FB37001D9B
2023-04-27 07:11:58,779 [s2@group-D1EDBF6F09EA-StateMachineUpdater] INFO  impl.SimpleStateMachine4Testing (SimpleStateMachine4Testing.java:put(205)) - s2: put 209, m104 -> (t:1, i:209), STATEMACHINELOGENTRY, 491@client-37FB37001D9B
2023-04-27 07:11:58,779 [s2@group-D1EDBF6F09EA-StateMachineUpdater] INFO  impl.SimpleStateMachine4Testing (SimpleStateMachine4Testing.java:put(205)) - s2: put 211, m105 -> (t:1, i:211), STATEMACHINELOGENTRY, 492@client-37FB37001D9B
2023-04-27 07:11:58,779 [s2@group-D1EDBF6F09EA-StateMachineUpdater] INFO  impl.SimpleStateMachine4Testing (SimpleStateMachine4Testing.java:put(205)) - s2: put 213, m106 -> (t:1, i:213), STATEMACHINELOGENTRY, 493@client-37FB37001D9B
2023-04-27 07:11:58,779 [s2@group-D1EDBF6F09EA-StateMachineUpdater] INFO  impl.SimpleStateMachine4Testing (SimpleStateMachine4Testing.java:put(205)) - s2: put 215, m107 -> (t:1, i:215), STATEMACHINELOGENTRY, 494@client-37FB37001D9B
2023-04-27 07:11:58,779 [s2@group-D1EDBF6F09EA-StateMachineUpdater] INFO  impl.SimpleStateMachine4Testing (SimpleStateMachine4Testing.java:put(205)) - s2: put 217, m108 -> (t:1, i:217), STATEMACHINELOGENTRY, 495@client-37FB37001D9B
2023-04-27 07:11:58,779 [s2@group-D1EDBF6F09EA-StateMachineUpdater] INFO  impl.SimpleStateMachine4Testing (SimpleStateMachine4Testing.java:put(205)) - s2: put 219, m109 -> (t:1, i:219), STATEMACHINELOGENTRY, 496@client-37FB37001D9B
2023-04-27 07:11:58,779 [s2@group-D1EDBF6F09EA-StateMachineUpdater] INFO  impl.SimpleStateMachine4Testing (SimpleStateMachine4Testing.java:put(205)) - s2: put 221, m110 -> (t:1, i:221), STATEMACHINELOGENTRY, 497@client-37FB37001D9B
2023-04-27 07:11:58,780 [s2@group-D1EDBF6F09EA-StateMachineUpdater] INFO  impl.SimpleStateMachine4Testing (SimpleStateMachine4Testing.java:put(205)) - s2: put 223, m111 -> (t:1, i:223), STATEMACHINELOGENTRY, 498@client-37FB37001D9B
2023-04-27 07:11:58,780 [s2@group-D1EDBF6F09EA-StateMachineUpdater] INFO  impl.SimpleStateMachine4Testing (SimpleStateMachine4Testing.java:put(205)) - s2: put 225, m112 -> (t:1, i:225), STATEMACHINELOGENTRY, 499@client-37FB37001D9B
2023-04-27 07:11:58,780 [s2@group-D1EDBF6F09EA-StateMachineUpdater] INFO  impl.SimpleStateMachine4Testing (SimpleStateMachine4Testing.java:put(205)) - s2: put 227, m113 -> (t:1, i:227), STATEMACHINELOGENTRY, 500@client-37FB37001D9B
2023-04-27 07:11:58,780 [s2@group-D1EDBF6F09EA-StateMachineUpdater] INFO  impl.SimpleStateMachine4Testing (SimpleStateMachine4Testing.java:put(205)) - s2: put 229, m114 -> (t:1, i:229), STATEMACHINELOGENTRY, 501@client-37FB37001D9B
2023-04-27 07:11:58,780 [s2@group-D1EDBF6F09EA-StateMachineUpdater] INFO  impl.SimpleStateMachine4Testing (SimpleStateMachine4Testing.java:put(205)) - s2: put 231, m115 -> (t:1, i:231), STATEMACHINELOGENTRY, 502@client-37FB37001D9B
2023-04-27 07:11:58,780 [s2@group-D1EDBF6F09EA-StateMachineUpdater] INFO  impl.SimpleStateMachine4Testing (SimpleStateMachine4Testing.java:put(205)) - s2: put 233, m116 -> (t:1, i:233), STATEMACHINELOGENTRY, 503@client-37FB37001D9B
2023-04-27 07:11:58,780 [s2@group-D1EDBF6F09EA-StateMachineUpdater] INFO  impl.SimpleStateMachine4Testing (SimpleStateMachine4Testing.java:put(205)) - s2: put 235, m117 -> (t:1, i:235), STATEMACHINELOGENTRY, 504@client-37FB37001D9B
2023-04-27 07:11:58,780 [s2@group-D1EDBF6F09EA-StateMachineUpdater] INFO  impl.SimpleStateMachine4Testing (SimpleStateMachine4Testing.java:put(205)) - s2: put 237, m118 -> (t:1, i:237), STATEMACHINELOGENTRY, 505@client-37FB37001D9B
2023-04-27 07:11:58,780 [s2@group-D1EDBF6F09EA-StateMachineUpdater] INFO  impl.SimpleStateMachine4Testing (SimpleStateMachine4Testing.java:put(205)) - s2: put 239, m119 -> (t:1, i:239), STATEMACHINELOGENTRY, 506@client-37FB37001D9B
2023-04-27 07:11:58,780 [s2@group-D1EDBF6F09EA-StateMachineUpdater] INFO  impl.SimpleStateMachine4Testing (SimpleStateMachine4Testing.java:put(205)) - s2: put 241, m120 -> (t:1, i:241), STATEMACHINELOGENTRY, 507@client-37FB37001D9B
2023-04-27 07:11:58,780 [s2@group-D1EDBF6F09EA-StateMachineUpdater] INFO  impl.SimpleStateMachine4Testing (SimpleStateMachine4Testing.java:put(205)) - s2: put 243, m121 -> (t:1, i:243), STATEMACHINELOGENTRY, 508@client-37FB37001D9B
2023-04-27 07:11:58,781 [s2@group-D1EDBF6F09EA-StateMachineUpdater] INFO  impl.SimpleStateMachine4Testing (SimpleStateMachine4Testing.java:put(205)) - s2: put 245, m122 -> (t:1, i:245), STATEMACHINELOGENTRY, 509@client-37FB37001D9B
2023-04-27 07:11:58,781 [s2@group-D1EDBF6F09EA-StateMachineUpdater] INFO  impl.SimpleStateMachine4Testing (SimpleStateMachine4Testing.java:put(205)) - s2: put 247, m123 -> (t:1, i:247), STATEMACHINELOGENTRY, 510@client-37FB37001D9B
2023-04-27 07:11:58,781 [s2@group-D1EDBF6F09EA-StateMachineUpdater] INFO  impl.SimpleStateMachine4Testing (SimpleStateMachine4Testing.java:put(205)) - s2: put 249, m124 -> (t:1, i:249), STATEMACHINELOGENTRY, 511@client-37FB37001D9B
2023-04-27 07:11:58,781 [s2@group-D1EDBF6F09EA-StateMachineUpdater] INFO  impl.SimpleStateMachine4Testing (SimpleStateMachine4Testing.java:put(205)) - s2: put 251, m125 -> (t:1, i:251), STATEMACHINELOGENTRY, 512@client-37FB37001D9B
2023-04-27 07:11:58,781 [s2@group-D1EDBF6F09EA-StateMachineUpdater] INFO  impl.SimpleStateMachine4Testing (SimpleStateMachine4Testing.java:put(205)) - s2: put 253, m126 -> (t:1, i:253), STATEMACHINELOGENTRY, 513@client-37FB37001D9B
2023-04-27 07:11:58,782 [s0@group-D1EDBF6F09EA-LeaderStateImpl] INFO  server.RaftServer$Division (ServerState.java:setRaftConf(377)) - s0@group-D1EDBF6F09EA: set configuration 257: peers:[s0|rpc:localhost:42823|admin:localhost:43043|client:localhost:37301|dataStream:localhost:34189|priority:0|startupRole:FOLLOWER, s1|rpc:0.0.0.0:42585|dataStream:|priority:0|startupRole:FOLLOWER, s2|rpc:0.0.0.0:36855|dataStream:|priority:0|startupRole:FOLLOWER]|listeners:[], old=null
2023-04-27 07:11:58,782 [s0@group-D1EDBF6F09EA-StateMachineUpdater] TRACE util.FileUtils (FileUtils.java:deleteFully(201)) - deleteFully /tmp/ratis-tests/statemachine/s0/snapshot/1_255
2023-04-27 07:11:58,782 [s0@group-D1EDBF6F09EA-StateMachineUpdater] TRACE util.FileUtils (FileUtils.java:deleteFully(217)) - deleteFully: /tmp/ratis-tests/statemachine/s0/snapshot/1_255 does not exist.
2023-04-27 07:11:58,782 [s0@group-D1EDBF6F09EA-StateMachineUpdater] TRACE util.FileUtils (FileUtils.java:deleteFully(201)) - deleteFully /tmp/ratis-tests/statemachine/s0/tmp/02308ffe-6e5b-4dc2-aeed-487276b85577
2023-04-27 07:11:58,782 [s0@group-D1EDBF6F09EA-StateMachineUpdater] TRACE util.FileUtils (FileUtils.java:deleteFully(217)) - deleteFully: /tmp/ratis-tests/statemachine/s0/tmp/02308ffe-6e5b-4dc2-aeed-487276b85577 does not exist.
2023-04-27 07:11:58,782 [s0@group-D1EDBF6F09EA-StateMachineUpdater] TRACE util.FileUtils (LogUtils.java:runAndLog(49)) - Successfully ran Atomic Files.move /tmp/ratis-tests/statemachine/s0/tmp/02308ffe-6e5b-4dc2-aeed-487276b85577 to /tmp/ratis-tests/statemachine/s0/snapshot/1_255
2023-04-27 07:11:58,783 [s0@group-D1EDBF6F09EA-StateMachineUpdater] INFO  impl.StateMachineUpdater (StateMachineUpdater.java:takeSnapshot(290)) - s0@group-D1EDBF6F09EA-StateMachineUpdater: Took a snapshot at index 255
2023-04-27 07:11:58,783 [s0@group-D1EDBF6F09EA-StateMachineUpdater] INFO  impl.StateMachineUpdater (StateMachineUpdater.java:lambda$new$0(96)) - s0@group-D1EDBF6F09EA-StateMachineUpdater: snapshotIndex: updateIncreasingly 191 -> 255
2023-04-27 07:11:58,783 [s0@group-D1EDBF6F09EA-StateMachineUpdater] INFO  raftlog.RaftLog (RaftLogBase.java:purge(314)) - s0@group-D1EDBF6F09EA-SegmentedRaftLog: purge 254
2023-04-27 07:11:58,783 [s0@group-D1EDBF6F09EA-StateMachineUpdater] INFO  raftlog.RaftLog (RaftLogBase.java:lambda$new$0(53)) - s0@group-D1EDBF6F09EA-SegmentedRaftLog: snapshotIndex: updateIncreasingly 191 -> 255
2023-04-27 07:11:58,783 [s0@group-D1EDBF6F09EA-StateMachineUpdater] INFO  raftlog.RaftLog (RaftLogBase.java:lambda$new$0(53)) - s0@group-D1EDBF6F09EA-SegmentedRaftLog: purgeIndex: updateToMax old=191, new=254, updated? true
2023-04-27 07:11:58,786 [s1-server-thread2] INFO  server.RaftServer$Division (ServerState.java:setRaftConf(377)) - s1@group-D1EDBF6F09EA: set configuration 257: peers:[s0|rpc:localhost:42823|admin:localhost:43043|client:localhost:37301|dataStream:localhost:34189|priority:0|startupRole:FOLLOWER, s1|rpc:0.0.0.0:42585|dataStream:|priority:0|startupRole:FOLLOWER, s2|rpc:0.0.0.0:36855|dataStream:|priority:0|startupRole:FOLLOWER]|listeners:[], old=null
2023-04-27 07:11:58,787 [s1@group-D1EDBF6F09EA-StateMachineUpdater] TRACE util.FileUtils (FileUtils.java:deleteFully(201)) - deleteFully /tmp/ratis-tests/statemachine/s1/snapshot/1_255
2023-04-27 07:11:58,787 [s1@group-D1EDBF6F09EA-StateMachineUpdater] TRACE util.FileUtils (FileUtils.java:deleteFully(217)) - deleteFully: /tmp/ratis-tests/statemachine/s1/snapshot/1_255 does not exist.
2023-04-27 07:11:58,788 [s1@group-D1EDBF6F09EA-StateMachineUpdater] TRACE util.FileUtils (FileUtils.java:deleteFully(201)) - deleteFully /tmp/ratis-tests/statemachine/s1/tmp/9a54f520-c728-424c-9af6-a93963deae17
2023-04-27 07:11:58,788 [s1@group-D1EDBF6F09EA-StateMachineUpdater] TRACE util.FileUtils (FileUtils.java:deleteFully(217)) - deleteFully: /tmp/ratis-tests/statemachine/s1/tmp/9a54f520-c728-424c-9af6-a93963deae17 does not exist.
2023-04-27 07:11:58,788 [s1@group-D1EDBF6F09EA-StateMachineUpdater] TRACE util.FileUtils (LogUtils.java:runAndLog(49)) - Successfully ran Atomic Files.move /tmp/ratis-tests/statemachine/s1/tmp/9a54f520-c728-424c-9af6-a93963deae17 to /tmp/ratis-tests/statemachine/s1/snapshot/1_255
2023-04-27 07:11:58,788 [s1@group-D1EDBF6F09EA-StateMachineUpdater] INFO  impl.StateMachineUpdater (StateMachineUpdater.java:takeSnapshot(290)) - s1@group-D1EDBF6F09EA-StateMachineUpdater: Took a snapshot at index 255
2023-04-27 07:11:58,788 [s1@group-D1EDBF6F09EA-StateMachineUpdater] INFO  impl.StateMachineUpdater (StateMachineUpdater.java:lambda$new$0(96)) - s1@group-D1EDBF6F09EA-StateMachineUpdater: snapshotIndex: updateIncreasingly 191 -> 255
2023-04-27 07:11:58,788 [s1@group-D1EDBF6F09EA-StateMachineUpdater] INFO  raftlog.RaftLog (RaftLogBase.java:purge(314)) - s1@group-D1EDBF6F09EA-SegmentedRaftLog: purge 254
2023-04-27 07:11:58,789 [s1@group-D1EDBF6F09EA-StateMachineUpdater] INFO  raftlog.RaftLog (RaftLogBase.java:lambda$new$0(53)) - s1@group-D1EDBF6F09EA-SegmentedRaftLog: snapshotIndex: updateIncreasingly 191 -> 255
2023-04-27 07:11:58,789 [s1@group-D1EDBF6F09EA-StateMachineUpdater] INFO  raftlog.RaftLog (RaftLogBase.java:lambda$new$0(53)) - s1@group-D1EDBF6F09EA-SegmentedRaftLog: purgeIndex: updateToMax old=-1, new=254, updated? true
2023-04-27 07:11:58,790 [s2-server-thread2] INFO  server.RaftServer$Division (ServerState.java:setRaftConf(377)) - s2@group-D1EDBF6F09EA: set configuration 257: peers:[s0|rpc:localhost:42823|admin:localhost:43043|client:localhost:37301|dataStream:localhost:34189|priority:0|startupRole:FOLLOWER, s1|rpc:0.0.0.0:42585|dataStream:|priority:0|startupRole:FOLLOWER, s2|rpc:0.0.0.0:36855|dataStream:|priority:0|startupRole:FOLLOWER]|listeners:[], old=null
2023-04-27 07:11:58,791 [s2@group-D1EDBF6F09EA-StateMachineUpdater] TRACE util.FileUtils (FileUtils.java:deleteFully(201)) - deleteFully /tmp/ratis-tests/statemachine/s2/snapshot/1_255
2023-04-27 07:11:58,791 [s2@group-D1EDBF6F09EA-StateMachineUpdater] TRACE util.FileUtils (FileUtils.java:deleteFully(217)) - deleteFully: /tmp/ratis-tests/statemachine/s2/snapshot/1_255 does not exist.
2023-04-27 07:11:58,791 [s2@group-D1EDBF6F09EA-StateMachineUpdater] TRACE util.FileUtils (FileUtils.java:deleteFully(201)) - deleteFully /tmp/ratis-tests/statemachine/s2/tmp/eb1a4302-0deb-46f6-8678-6a6fbd7abeb2
2023-04-27 07:11:58,791 [s2@group-D1EDBF6F09EA-StateMachineUpdater] TRACE util.FileUtils (FileUtils.java:deleteFully(217)) - deleteFully: /tmp/ratis-tests/statemachine/s2/tmp/eb1a4302-0deb-46f6-8678-6a6fbd7abeb2 does not exist.
2023-04-27 07:11:58,792 [s2@group-D1EDBF6F09EA-StateMachineUpdater] TRACE util.FileUtils (LogUtils.java:runAndLog(49)) - Successfully ran Atomic Files.move /tmp/ratis-tests/statemachine/s2/tmp/eb1a4302-0deb-46f6-8678-6a6fbd7abeb2 to /tmp/ratis-tests/statemachine/s2/snapshot/1_255
2023-04-27 07:11:58,792 [s2@group-D1EDBF6F09EA-StateMachineUpdater] INFO  impl.StateMachineUpdater (StateMachineUpdater.java:takeSnapshot(290)) - s2@group-D1EDBF6F09EA-StateMachineUpdater: Took a snapshot at index 255
2023-04-27 07:11:58,792 [s2@group-D1EDBF6F09EA-StateMachineUpdater] INFO  impl.StateMachineUpdater (StateMachineUpdater.java:lambda$new$0(96)) - s2@group-D1EDBF6F09EA-StateMachineUpdater: snapshotIndex: updateIncreasingly 191 -> 255
2023-04-27 07:11:58,792 [s2@group-D1EDBF6F09EA-StateMachineUpdater] INFO  raftlog.RaftLog (RaftLogBase.java:purge(314)) - s2@group-D1EDBF6F09EA-SegmentedRaftLog: purge 254
2023-04-27 07:11:58,792 [s2@group-D1EDBF6F09EA-StateMachineUpdater] INFO  raftlog.RaftLog (RaftLogBase.java:lambda$new$0(53)) - s2@group-D1EDBF6F09EA-SegmentedRaftLog: snapshotIndex: updateIncreasingly 191 -> 255
2023-04-27 07:11:58,792 [s2@group-D1EDBF6F09EA-StateMachineUpdater] INFO  raftlog.RaftLog (RaftLogBase.java:lambda$new$0(53)) - s2@group-D1EDBF6F09EA-SegmentedRaftLog: purgeIndex: updateToMax old=-1, new=254, updated? true
2023-04-27 07:11:58,807 [Time-limited test] INFO  server.RaftServerConfigKeys (ConfUtils.java:logGet(46)) - raft.server.rpc.timeout.max = 300ms (default)
2023-04-27 07:11:58,807 [Time-limited test] INFO  impl.RaftServerTestUtil (RaftServerTestUtil.java:waitAndCheckNewConf(87)) - waitAndCheckNewConf: peers=[s1|rpc:0.0.0.0:42585|priority:0|startupRole:FOLLOWER, s2|rpc:0.0.0.0:36855|priority:0|startupRole:FOLLOWER, s0|rpc:localhost:42823|admin:localhost:43043|client:localhost:37301|dataStream:localhost:34189|priority:0|startupRole:FOLLOWER], deadPeers=null, printing ALL groups
  s0:  RUNNING    LEADER s0@group-D1EDBF6F09EA:t1, leader=s0, voted=s0, raftlog=Memoized:s0@group-D1EDBF6F09EA-SegmentedRaftLog:OPENED:c258, conf=257: peers:[s0|rpc:localhost:42823|admin:localhost:43043|client:localhost:37301|dataStream:localhost:34189|priority:0|startupRole:FOLLOWER, s1|rpc:0.0.0.0:42585|dataStream:|priority:0|startupRole:FOLLOWER, s2|rpc:0.0.0.0:36855|dataStream:|priority:0|startupRole:FOLLOWER]|listeners:[], old=null RUNNING
  s1:  RUNNING  FOLLOWER s1@group-D1EDBF6F09EA:t1, leader=s0, voted=null, raftlog=Memoized:s1@group-D1EDBF6F09EA-SegmentedRaftLog:OPENED:c257, conf=257: peers:[s0|rpc:localhost:42823|admin:localhost:43043|client:localhost:37301|dataStream:localhost:34189|priority:0|startupRole:FOLLOWER, s1|rpc:0.0.0.0:42585|dataStream:|priority:0|startupRole:FOLLOWER, s2|rpc:0.0.0.0:36855|dataStream:|priority:0|startupRole:FOLLOWER]|listeners:[], old=null RUNNING
  s2:  RUNNING  FOLLOWER s2@group-D1EDBF6F09EA:t1, leader=s0, voted=null, raftlog=Memoized:s2@group-D1EDBF6F09EA-SegmentedRaftLog:OPENED:c257, conf=257: peers:[s0|rpc:localhost:42823|admin:localhost:43043|client:localhost:37301|dataStream:localhost:34189|priority:0|startupRole:FOLLOWER, s1|rpc:0.0.0.0:42585|dataStream:|priority:0|startupRole:FOLLOWER, s2|rpc:0.0.0.0:36855|dataStream:|priority:0|startupRole:FOLLOWER]|listeners:[], old=null RUNNING
2023-04-27 07:11:58,807 [Time-limited test] INFO  impl.RaftServerTestUtil (RaftServerTestUtil.java:waitAndCheckNewConf(96)) - checking    LEADER s0@group-D1EDBF6F09EA:t1, leader=s0, voted=s0, raftlog=Memoized:s0@group-D1EDBF6F09EA-SegmentedRaftLog:OPENED:c258, conf=257: peers:[s0|rpc:localhost:42823|admin:localhost:43043|client:localhost:37301|dataStream:localhost:34189|priority:0|startupRole:FOLLOWER, s1|rpc:0.0.0.0:42585|dataStream:|priority:0|startupRole:FOLLOWER, s2|rpc:0.0.0.0:36855|dataStream:|priority:0|startupRole:FOLLOWER]|listeners:[], old=null RUNNING
2023-04-27 07:11:58,808 [Time-limited test] INFO  impl.RaftServerTestUtil (RaftServerTestUtil.java:waitAndCheckNewConf(96)) - checking  FOLLOWER s1@group-D1EDBF6F09EA:t1, leader=s0, voted=null, raftlog=Memoized:s1@group-D1EDBF6F09EA-SegmentedRaftLog:OPENED:c257, conf=257: peers:[s0|rpc:localhost:42823|admin:localhost:43043|client:localhost:37301|dataStream:localhost:34189|priority:0|startupRole:FOLLOWER, s1|rpc:0.0.0.0:42585|dataStream:|priority:0|startupRole:FOLLOWER, s2|rpc:0.0.0.0:36855|dataStream:|priority:0|startupRole:FOLLOWER]|listeners:[], old=null RUNNING
2023-04-27 07:11:58,808 [Time-limited test] INFO  impl.RaftServerTestUtil (RaftServerTestUtil.java:waitAndCheckNewConf(96)) - checking  FOLLOWER s2@group-D1EDBF6F09EA:t1, leader=s0, voted=null, raftlog=Memoized:s2@group-D1EDBF6F09EA-SegmentedRaftLog:OPENED:c257, conf=257: peers:[s0|rpc:localhost:42823|admin:localhost:43043|client:localhost:37301|dataStream:localhost:34189|priority:0|startupRole:FOLLOWER, s1|rpc:0.0.0.0:42585|dataStream:|priority:0|startupRole:FOLLOWER, s2|rpc:0.0.0.0:36855|dataStream:|priority:0|startupRole:FOLLOWER]|listeners:[], old=null RUNNING
2023-04-27 07:11:58,808 [Time-limited test] INFO  impl.MiniRaftCluster (MiniRaftCluster.java:shutdown(831)) - ************************************************************** 
2023-04-27 07:11:58,808 [Time-limited test] INFO  impl.MiniRaftCluster (MiniRaftCluster.java:shutdown(832)) - *** 
2023-04-27 07:11:58,808 [Time-limited test] INFO  impl.MiniRaftCluster (MiniRaftCluster.java:shutdown(833)) - ***     Stopping MiniRaftClusterWithGrpc
2023-04-27 07:11:58,808 [Time-limited test] INFO  impl.MiniRaftCluster (MiniRaftCluster.java:shutdown(834)) - *** 
2023-04-27 07:11:58,808 [Time-limited test] INFO  impl.MiniRaftCluster (MiniRaftCluster.java:shutdown(835)) - ************************************************************** 
2023-04-27 07:11:58,808 [Time-limited test] INFO  impl.MiniRaftCluster (MiniRaftCluster.java:shutdown(836)) - printing ALL groups
  s0:  RUNNING    LEADER s0@group-D1EDBF6F09EA:t1, leader=s0, voted=s0, raftlog=Memoized:s0@group-D1EDBF6F09EA-SegmentedRaftLog:OPENED:c258, conf=257: peers:[s0|rpc:localhost:42823|admin:localhost:43043|client:localhost:37301|dataStream:localhost:34189|priority:0|startupRole:FOLLOWER, s1|rpc:0.0.0.0:42585|dataStream:|priority:0|startupRole:FOLLOWER, s2|rpc:0.0.0.0:36855|dataStream:|priority:0|startupRole:FOLLOWER]|listeners:[], old=null RUNNING
  s1:  RUNNING  FOLLOWER s1@group-D1EDBF6F09EA:t1, leader=s0, voted=null, raftlog=Memoized:s1@group-D1EDBF6F09EA-SegmentedRaftLog:OPENED:c257, conf=257: peers:[s0|rpc:localhost:42823|admin:localhost:43043|client:localhost:37301|dataStream:localhost:34189|priority:0|startupRole:FOLLOWER, s1|rpc:0.0.0.0:42585|dataStream:|priority:0|startupRole:FOLLOWER, s2|rpc:0.0.0.0:36855|dataStream:|priority:0|startupRole:FOLLOWER]|listeners:[], old=null RUNNING
  s2:  RUNNING  FOLLOWER s2@group-D1EDBF6F09EA:t1, leader=s0, voted=null, raftlog=Memoized:s2@group-D1EDBF6F09EA-SegmentedRaftLog:OPENED:c257, conf=257: peers:[s0|rpc:localhost:42823|admin:localhost:43043|client:localhost:37301|dataStream:localhost:34189|priority:0|startupRole:FOLLOWER, s1|rpc:0.0.0.0:42585|dataStream:|priority:0|startupRole:FOLLOWER, s2|rpc:0.0.0.0:36855|dataStream:|priority:0|startupRole:FOLLOWER]|listeners:[], old=null RUNNING
2023-04-27 07:11:58,808 [MiniRaftCluster-19] INFO  server.RaftServer (RaftServerProxy.java:lambda$close$7(417)) - s0: close
2023-04-27 07:11:58,809 [MiniRaftCluster-20] INFO  server.RaftServer (RaftServerProxy.java:lambda$close$7(417)) - s1: close
2023-04-27 07:11:58,810 [s0-impl-thread1] INFO  server.RaftServer$Division (RaftServerImpl.java:lambda$close$4(466)) - s0@group-D1EDBF6F09EA: shutdown
2023-04-27 07:11:58,810 [s0-impl-thread1] INFO  util.JmxRegister (JmxRegister.java:unregister(73)) - Successfully un-registered JMX Bean with object name Ratis:service=RaftServer,group=group-D1EDBF6F09EA,id=s0
2023-04-27 07:11:58,810 [s0-impl-thread1] INFO  impl.RoleInfo (RoleInfo.java:shutdownLeaderState(93)) - s0: shutdown s0@group-D1EDBF6F09EA-LeaderStateImpl
2023-04-27 07:11:58,810 [s0-impl-thread1] INFO  impl.PendingRequests (PendingRequests.java:sendNotLeaderResponses(289)) - s0@group-D1EDBF6F09EA-PendingRequests: sendNotLeaderResponses
2023-04-27 07:11:58,810 [s0@group-D1EDBF6F09EA->s2-GrpcLogAppender-LogAppenderDaemon] WARN  server.GrpcLogAppender (GrpcLogAppender.java:mayWait(198)) - s0@group-D1EDBF6F09EA->s2-GrpcLogAppender: Wait interrupted by java.lang.InterruptedException
2023-04-27 07:11:58,810 [MiniRaftCluster-19] INFO  server.GrpcService (GrpcService.java:closeImpl(311)) - s0: shutdown server org.apache.ratis.grpc.server.GrpcClientProtocolService now
2023-04-27 07:11:58,810 [grpc-default-executor-0] INFO  server.GrpcServerProtocolService (GrpcServerProtocolService.java:onCompleted(155)) - s2: Completed APPEND_ENTRIES, lastRequest: s0->s2#8-t1,previous=(t:1, i:257),leaderCommit=257,initializing? true,entries: size=1, first=(t:1, i:258), METADATAENTRY(c:257)
2023-04-27 07:11:58,810 [s0@group-D1EDBF6F09EA->s1-GrpcLogAppender-LogAppenderDaemon] WARN  server.GrpcLogAppender (GrpcLogAppender.java:mayWait(198)) - s0@group-D1EDBF6F09EA->s1-GrpcLogAppender: Wait interrupted by java.lang.InterruptedException
2023-04-27 07:11:58,812 [grpc-default-executor-1] INFO  server.GrpcServerProtocolService (GrpcServerProtocolService.java:onCompleted(155)) - s1: Completed APPEND_ENTRIES, lastRequest: null
2023-04-27 07:11:58,813 [grpc-default-executor-3] INFO  server.GrpcServerProtocolService (GrpcServerProtocolService.java:onCompleted(155)) - s1: Completed APPEND_ENTRIES, lastRequest: s0->s1#6-t1,previous=(t:1, i:257),leaderCommit=257,initializing? true,entries: size=1, first=(t:1, i:258), METADATAENTRY(c:257)
2023-04-27 07:11:58,813 [grpc-default-executor-3] INFO  server.GrpcServerProtocolService (GrpcServerProtocolService.java:lambda$onCompleted$5(157)) - s1: Completed APPEND_ENTRIES, lastReply: null
2023-04-27 07:11:58,813 [grpc-default-executor-1] INFO  server.GrpcServerProtocolService (GrpcServerProtocolService.java:lambda$onCompleted$5(157)) - s1: Completed APPEND_ENTRIES, lastReply: serverReply {
  requestorId: "s0"
  replyId: "s1"
  raftGroupId {
    id: "2\224\315\t\030\020C\305\213\336\321\355\277o\t\352"
  }
  success: true
}
term: 1
nextIndex: 192
followerCommit: 191
matchIndex: 18446744073709551615
isHearbeat: true

2023-04-27 07:11:58,812 [grpc-default-executor-2] INFO  server.GrpcServerProtocolService (GrpcServerProtocolService.java:onCompleted(155)) - s2: Completed APPEND_ENTRIES, lastRequest: null
2023-04-27 07:11:58,813 [grpc-default-executor-2] INFO  server.GrpcServerProtocolService (GrpcServerProtocolService.java:lambda$onCompleted$5(157)) - s2: Completed APPEND_ENTRIES, lastReply: serverReply {
  requestorId: "s0"
  replyId: "s2"
  raftGroupId {
    id: "2\224\315\t\030\020C\305\213\336\321\355\277o\t\352"
  }
  success: true
}
term: 1
nextIndex: 192
followerCommit: 191
matchIndex: 18446744073709551615
isHearbeat: true

2023-04-27 07:11:58,812 [s1-impl-thread1] INFO  server.RaftServer$Division (RaftServerImpl.java:lambda$close$4(466)) - s1@group-D1EDBF6F09EA: shutdown
2023-04-27 07:11:58,813 [s1-impl-thread1] INFO  util.JmxRegister (JmxRegister.java:unregister(73)) - Successfully un-registered JMX Bean with object name Ratis:service=RaftServer,group=group-D1EDBF6F09EA,id=s1
2023-04-27 07:11:58,813 [s1-impl-thread1] INFO  impl.RoleInfo (RoleInfo.java:shutdownFollowerState(110)) - s1: shutdown s1@group-D1EDBF6F09EA-FollowerState
2023-04-27 07:11:58,812 [grpc-default-executor-0] INFO  server.GrpcServerProtocolService (GrpcServerProtocolService.java:lambda$onCompleted$5(157)) - s2: Completed APPEND_ENTRIES, lastReply: null
2023-04-27 07:11:58,813 [s1@group-D1EDBF6F09EA-FollowerState] INFO  impl.FollowerState (FollowerState.java:run(152)) - s1@group-D1EDBF6F09EA-FollowerState was interrupted
2023-04-27 07:11:58,814 [s1@group-D1EDBF6F09EA-StateMachineUpdater] TRACE util.FileUtils (FileUtils.java:deleteFully(201)) - deleteFully /tmp/ratis-tests/statemachine/s1/snapshot/1_257
2023-04-27 07:11:58,814 [s1@group-D1EDBF6F09EA-StateMachineUpdater] TRACE util.FileUtils (FileUtils.java:deleteFully(217)) - deleteFully: /tmp/ratis-tests/statemachine/s1/snapshot/1_257 does not exist.
2023-04-27 07:11:58,814 [s1@group-D1EDBF6F09EA-StateMachineUpdater] TRACE util.FileUtils (FileUtils.java:deleteFully(201)) - deleteFully /tmp/ratis-tests/statemachine/s1/tmp/131a2676-c74e-4cab-9324-b7b95dbc2122
2023-04-27 07:11:58,814 [s1@group-D1EDBF6F09EA-StateMachineUpdater] TRACE util.FileUtils (FileUtils.java:deleteFully(217)) - deleteFully: /tmp/ratis-tests/statemachine/s1/tmp/131a2676-c74e-4cab-9324-b7b95dbc2122 does not exist.
2023-04-27 07:11:58,814 [s1@group-D1EDBF6F09EA-StateMachineUpdater] TRACE util.FileUtils (LogUtils.java:runAndLog(49)) - Successfully ran Atomic Files.move /tmp/ratis-tests/statemachine/s1/tmp/131a2676-c74e-4cab-9324-b7b95dbc2122 to /tmp/ratis-tests/statemachine/s1/snapshot/1_257
2023-04-27 07:11:58,814 [s1@group-D1EDBF6F09EA-StateMachineUpdater] INFO  impl.StateMachineUpdater (StateMachineUpdater.java:takeSnapshot(290)) - s1@group-D1EDBF6F09EA-StateMachineUpdater: Took a snapshot at index 257
2023-04-27 07:11:58,814 [s1@group-D1EDBF6F09EA-StateMachineUpdater] INFO  impl.StateMachineUpdater (StateMachineUpdater.java:lambda$new$0(96)) - s1@group-D1EDBF6F09EA-StateMachineUpdater: snapshotIndex: updateIncreasingly 255 -> 257
2023-04-27 07:11:58,813 [s1-impl-thread1] INFO  impl.StateMachineUpdater (StateMachineUpdater.java:stopAndJoin(154)) - s1@group-D1EDBF6F09EA-StateMachineUpdater: set stopIndex = 257
2023-04-27 07:11:58,814 [s1-impl-thread1] INFO  server.RaftServer$Division (ServerState.java:close(415)) - s1@group-D1EDBF6F09EA: applyIndex: 257
2023-04-27 07:11:58,815 [grpc-default-executor-0] INFO  server.GrpcLogAppender (GrpcLogAppender.java:onCompleted(425)) - s0@group-D1EDBF6F09EA->s2-AppendLogResponseHandler: follower responses appendEntries COMPLETED
2023-04-27 07:11:58,815 [grpc-default-executor-0] INFO  leader.FollowerInfo (FollowerInfoImpl.java:lambda$new$0(52)) - s0@group-D1EDBF6F09EA->s2: decreaseNextIndex nextIndex: updateUnconditionally 259 -> 258
2023-04-27 07:11:58,815 [grpc-default-executor-2] INFO  server.GrpcLogAppender (GrpcLogAppender.java:onCompleted(425)) - s0@group-D1EDBF6F09EA->s2-AppendLogResponseHandler: follower responses appendEntries COMPLETED
2023-04-27 07:11:58,815 [grpc-default-executor-2] INFO  leader.FollowerInfo (FollowerInfoImpl.java:lambda$new$0(52)) - s0@group-D1EDBF6F09EA->s2: decreaseNextIndex nextIndex: updateUnconditionally 258 -> 257
2023-04-27 07:11:58,815 [grpc-default-executor-0] INFO  server.GrpcLogAppender (GrpcLogAppender.java:onCompleted(425)) - s0@group-D1EDBF6F09EA->s1-AppendLogResponseHandler: follower responses appendEntries COMPLETED
2023-04-27 07:11:58,815 [grpc-default-executor-0] INFO  leader.FollowerInfo (FollowerInfoImpl.java:lambda$new$0(52)) - s0@group-D1EDBF6F09EA->s1: decreaseNextIndex nextIndex: updateUnconditionally 259 -> 258
2023-04-27 07:11:58,815 [MiniRaftCluster-20] INFO  server.GrpcService (GrpcService.java:closeImpl(311)) - s1: shutdown server GrpcServerProtocolService now
2023-04-27 07:11:58,817 [MiniRaftCluster-21] INFO  server.RaftServer (RaftServerProxy.java:lambda$close$7(417)) - s2: close
2023-04-27 07:11:58,817 [grpc-default-executor-4] INFO  server.GrpcLogAppender (GrpcLogAppender.java:onCompleted(425)) - s0@group-D1EDBF6F09EA->s1-AppendLogResponseHandler: follower responses appendEntries COMPLETED
2023-04-27 07:11:58,821 [s0-impl-thread1] INFO  impl.StateMachineUpdater (StateMachineUpdater.java:stopAndJoin(154)) - s0@group-D1EDBF6F09EA-StateMachineUpdater: set stopIndex = 258
2023-04-27 07:11:58,821 [s0@group-D1EDBF6F09EA-StateMachineUpdater] TRACE util.FileUtils (FileUtils.java:deleteFully(201)) - deleteFully /tmp/ratis-tests/statemachine/s0/snapshot/1_258
2023-04-27 07:11:58,821 [s0@group-D1EDBF6F09EA-StateMachineUpdater] TRACE util.FileUtils (FileUtils.java:deleteFully(217)) - deleteFully: /tmp/ratis-tests/statemachine/s0/snapshot/1_258 does not exist.
2023-04-27 07:11:58,821 [s0@group-D1EDBF6F09EA-StateMachineUpdater] TRACE util.FileUtils (FileUtils.java:deleteFully(201)) - deleteFully /tmp/ratis-tests/statemachine/s0/tmp/6dcd56ec-0cdb-4f84-98ef-c1dee72aa932
2023-04-27 07:11:58,821 [s0@group-D1EDBF6F09EA-StateMachineUpdater] TRACE util.FileUtils (FileUtils.java:deleteFully(217)) - deleteFully: /tmp/ratis-tests/statemachine/s0/tmp/6dcd56ec-0cdb-4f84-98ef-c1dee72aa932 does not exist.
2023-04-27 07:11:58,821 [s0@group-D1EDBF6F09EA-StateMachineUpdater] TRACE util.FileUtils (LogUtils.java:runAndLog(49)) - Successfully ran Atomic Files.move /tmp/ratis-tests/statemachine/s0/tmp/6dcd56ec-0cdb-4f84-98ef-c1dee72aa932 to /tmp/ratis-tests/statemachine/s0/snapshot/1_258
2023-04-27 07:11:58,821 [s0@group-D1EDBF6F09EA-StateMachineUpdater] INFO  impl.StateMachineUpdater (StateMachineUpdater.java:takeSnapshot(290)) - s0@group-D1EDBF6F09EA-StateMachineUpdater: Took a snapshot at index 258
2023-04-27 07:11:58,821 [s0@group-D1EDBF6F09EA-StateMachineUpdater] INFO  impl.StateMachineUpdater (StateMachineUpdater.java:lambda$new$0(96)) - s0@group-D1EDBF6F09EA-StateMachineUpdater: snapshotIndex: updateIncreasingly 255 -> 258
2023-04-27 07:11:58,822 [MiniRaftCluster-21] INFO  server.GrpcService (GrpcService.java:closeImpl(311)) - s2: shutdown server GrpcServerProtocolService now
2023-04-27 07:11:58,822 [s2-impl-thread1] INFO  server.RaftServer$Division (RaftServerImpl.java:lambda$close$4(466)) - s2@group-D1EDBF6F09EA: shutdown
2023-04-27 07:11:58,822 [s2-impl-thread1] INFO  util.JmxRegister (JmxRegister.java:unregister(73)) - Successfully un-registered JMX Bean with object name Ratis:service=RaftServer,group=group-D1EDBF6F09EA,id=s2
2023-04-27 07:11:58,822 [s2-impl-thread1] INFO  impl.RoleInfo (RoleInfo.java:shutdownFollowerState(110)) - s2: shutdown s2@group-D1EDBF6F09EA-FollowerState
2023-04-27 07:11:58,822 [s2-impl-thread1] INFO  impl.StateMachineUpdater (StateMachineUpdater.java:stopAndJoin(154)) - s2@group-D1EDBF6F09EA-StateMachineUpdater: set stopIndex = 257
2023-04-27 07:11:58,822 [s2@group-D1EDBF6F09EA-FollowerState] INFO  impl.FollowerState (FollowerState.java:run(152)) - s2@group-D1EDBF6F09EA-FollowerState was interrupted
2023-04-27 07:11:58,822 [grpc-default-executor-4] INFO  leader.FollowerInfo (FollowerInfoImpl.java:lambda$new$0(52)) - s0@group-D1EDBF6F09EA->s1: decreaseNextIndex nextIndex: updateUnconditionally 258 -> 257
2023-04-27 07:11:58,824 [s0-impl-thread1] INFO  server.RaftServer$Division (ServerState.java:close(415)) - s0@group-D1EDBF6F09EA: applyIndex: 258
2023-04-27 07:11:58,824 [s2@group-D1EDBF6F09EA-StateMachineUpdater] TRACE util.FileUtils (FileUtils.java:deleteFully(201)) - deleteFully /tmp/ratis-tests/statemachine/s2/snapshot/1_257
2023-04-27 07:11:58,824 [s2@group-D1EDBF6F09EA-StateMachineUpdater] TRACE util.FileUtils (FileUtils.java:deleteFully(217)) - deleteFully: /tmp/ratis-tests/statemachine/s2/snapshot/1_257 does not exist.
2023-04-27 07:11:58,825 [s2@group-D1EDBF6F09EA-StateMachineUpdater] TRACE util.FileUtils (FileUtils.java:deleteFully(201)) - deleteFully /tmp/ratis-tests/statemachine/s2/tmp/129314e8-122b-462d-8b90-91d58824a1a1
2023-04-27 07:11:58,825 [s2@group-D1EDBF6F09EA-StateMachineUpdater] TRACE util.FileUtils (FileUtils.java:deleteFully(217)) - deleteFully: /tmp/ratis-tests/statemachine/s2/tmp/129314e8-122b-462d-8b90-91d58824a1a1 does not exist.
2023-04-27 07:11:58,825 [s2@group-D1EDBF6F09EA-StateMachineUpdater] TRACE util.FileUtils (LogUtils.java:runAndLog(49)) - Successfully ran Atomic Files.move /tmp/ratis-tests/statemachine/s2/tmp/129314e8-122b-462d-8b90-91d58824a1a1 to /tmp/ratis-tests/statemachine/s2/snapshot/1_257
2023-04-27 07:11:58,825 [s2@group-D1EDBF6F09EA-StateMachineUpdater] INFO  impl.StateMachineUpdater (StateMachineUpdater.java:takeSnapshot(290)) - s2@group-D1EDBF6F09EA-StateMachineUpdater: Took a snapshot at index 257
2023-04-27 07:11:58,825 [s2@group-D1EDBF6F09EA-StateMachineUpdater] INFO  impl.StateMachineUpdater (StateMachineUpdater.java:lambda$new$0(96)) - s2@group-D1EDBF6F09EA-StateMachineUpdater: snapshotIndex: updateIncreasingly 255 -> 257
2023-04-27 07:11:58,825 [s2-impl-thread1] INFO  server.RaftServer$Division (ServerState.java:close(415)) - s2@group-D1EDBF6F09EA: applyIndex: 257
2023-04-27 07:11:58,826 [Thread-226] INFO  server.GrpcServerProtocolClient (GrpcServerProtocolClient.java:close(103)) - s1 Close channels
2023-04-27 07:11:58,826 [MiniRaftCluster-20] INFO  server.GrpcService (GrpcService.java:closeImpl(320)) - s1: shutdown server GrpcServerProtocolService successfully
2023-04-27 07:11:58,826 [Thread-228] INFO  server.GrpcServerProtocolClient (GrpcServerProtocolClient.java:close(103)) - s2 Close channels
2023-04-27 07:11:58,827 [MiniRaftCluster-19] INFO  server.GrpcService (GrpcService.java:closeImpl(320)) - s0: shutdown server org.apache.ratis.grpc.server.GrpcClientProtocolService successfully
2023-04-27 07:11:58,827 [MiniRaftCluster-19] INFO  server.GrpcService (GrpcService.java:closeImpl(311)) - s0: shutdown server GrpcServerProtocolService now
2023-04-27 07:11:58,828 [MiniRaftCluster-21] INFO  server.GrpcService (GrpcService.java:closeImpl(320)) - s2: shutdown server GrpcServerProtocolService successfully
2023-04-27 07:11:58,828 [MiniRaftCluster-19] INFO  server.GrpcService (GrpcService.java:closeImpl(320)) - s0: shutdown server GrpcServerProtocolService successfully
2023-04-27 07:11:58,828 [MiniRaftCluster-19] INFO  server.GrpcService (GrpcService.java:closeImpl(311)) - s0: shutdown server org.apache.ratis.grpc.server.GrpcAdminProtocolService now
2023-04-27 07:11:58,830 [MiniRaftCluster-19] INFO  server.GrpcService (GrpcService.java:closeImpl(320)) - s0: shutdown server org.apache.ratis.grpc.server.GrpcAdminProtocolService successfully
2023-04-27 07:11:59,789 [s0-impl-thread1] INFO  segmented.SegmentedRaftLogWorker (SegmentedRaftLogWorker.java:close(242)) - s0@group-D1EDBF6F09EA-SegmentedRaftLogWorker close()
2023-04-27 07:11:59,790 [JvmPauseMonitor9] INFO  util.JvmPauseMonitor (JvmPauseMonitor.java:run(109)) - JvmPauseMonitor-s0: Stopped
2023-04-27 07:11:59,798 [s1-impl-thread1] INFO  segmented.SegmentedRaftLogWorker (SegmentedRaftLogWorker.java:close(242)) - s1@group-D1EDBF6F09EA-SegmentedRaftLogWorker close()
2023-04-27 07:11:59,798 [JvmPauseMonitor10] INFO  util.JvmPauseMonitor (JvmPauseMonitor.java:run(109)) - JvmPauseMonitor-s1: Stopped
2023-04-27 07:11:59,800 [s2-impl-thread1] INFO  segmented.SegmentedRaftLogWorker (SegmentedRaftLogWorker.java:close(242)) - s2@group-D1EDBF6F09EA-SegmentedRaftLogWorker close()
2023-04-27 07:11:59,800 [JvmPauseMonitor11] INFO  util.JvmPauseMonitor (JvmPauseMonitor.java:run(109)) - JvmPauseMonitor-s2: Stopped
2023-04-27 07:11:59,801 [Time-limited test] INFO  impl.MiniRaftCluster (MiniRaftCluster.java:shutdown(855)) - MiniRaftClusterWithGrpc shutdown completed
2023-04-27 07:11:59,801 [Time-limited test] INFO  impl.MiniRaftCluster (MiniRaftCluster.java:shutdown(831)) - ************************************************************** 
2023-04-27 07:11:59,801 [Time-limited test] INFO  impl.MiniRaftCluster (MiniRaftCluster.java:shutdown(832)) - *** 
2023-04-27 07:11:59,801 [Time-limited test] INFO  impl.MiniRaftCluster (MiniRaftCluster.java:shutdown(833)) - ***     Stopping MiniRaftClusterWithGrpc
2023-04-27 07:11:59,801 [Time-limited test] INFO  impl.MiniRaftCluster (MiniRaftCluster.java:shutdown(834)) - *** 
2023-04-27 07:11:59,801 [Time-limited test] INFO  impl.MiniRaftCluster (MiniRaftCluster.java:shutdown(835)) - ************************************************************** 
2023-04-27 07:11:59,801 [Time-limited test] INFO  impl.MiniRaftCluster (MiniRaftCluster.java:shutdown(836)) - printing ALL groups
  s0:   CLOSED    LEADER s0@group-D1EDBF6F09EA:t1, leader=s0, voted=s0, raftlog=Memoized:s0@group-D1EDBF6F09EA-SegmentedRaftLog:CLOSED:c258, conf=257: peers:[s0|rpc:localhost:42823|admin:localhost:43043|client:localhost:37301|dataStream:localhost:34189|priority:0|startupRole:FOLLOWER, s1|rpc:0.0.0.0:42585|dataStream:|priority:0|startupRole:FOLLOWER, s2|rpc:0.0.0.0:36855|dataStream:|priority:0|startupRole:FOLLOWER]|listeners:[], old=null CLOSED
  s1:   CLOSED  FOLLOWER s1@group-D1EDBF6F09EA:t1, leader=s0, voted=null, raftlog=Memoized:s1@group-D1EDBF6F09EA-SegmentedRaftLog:CLOSED:c257, conf=257: peers:[s0|rpc:localhost:42823|admin:localhost:43043|client:localhost:37301|dataStream:localhost:34189|priority:0|startupRole:FOLLOWER, s1|rpc:0.0.0.0:42585|dataStream:|priority:0|startupRole:FOLLOWER, s2|rpc:0.0.0.0:36855|dataStream:|priority:0|startupRole:FOLLOWER]|listeners:[], old=null CLOSED
  s2:   CLOSED  FOLLOWER s2@group-D1EDBF6F09EA:t1, leader=s0, voted=null, raftlog=Memoized:s2@group-D1EDBF6F09EA-SegmentedRaftLog:CLOSED:c257, conf=257: peers:[s0|rpc:localhost:42823|admin:localhost:43043|client:localhost:37301|dataStream:localhost:34189|priority:0|startupRole:FOLLOWER, s1|rpc:0.0.0.0:42585|dataStream:|priority:0|startupRole:FOLLOWER, s2|rpc:0.0.0.0:36855|dataStream:|priority:0|startupRole:FOLLOWER]|listeners:[], old=null CLOSED
2023-04-27 07:11:59,803 [Time-limited test] INFO  impl.MiniRaftCluster (MiniRaftCluster.java:shutdown(855)) - MiniRaftClusterWithGrpc shutdown completed
]]></system-out>
  </testcase>
</testsuite>