<?xml version="1.0" encoding="UTF-8"?>
<testsuite xmlns:xsi="http://www.w3.org/2001/XMLSchema-instance" xsi:noNamespaceSchemaLocation="https://maven.apache.org/surefire/maven-surefire-plugin/xsd/surefire-test-report-3.0.xsd" version="3.0" name="org.apache.ratis.grpc.TestRaftLogTruncateWithGrpc" time="11.002" tests="1" errors="0" skipped="0" failures="1">
  <properties>
    <property name="awt.toolkit" value="sun.awt.X11.XToolkit"/>
    <property name="file.encoding.pkg" value="sun.io"/>
    <property name="java.specification.version" value="1.8"/>
    <property name="sun.cpu.isalist" value=""/>
    <property name="sun.jnu.encoding" value="UTF-8"/>
    <property name="java.class.path" value="/home/runner/work/ratis/ratis/ratis-test/target/test-classes:/home/runner/work/ratis/ratis/ratis-test/target/classes:/home/runner/work/ratis/ratis/ratis-common/target/classes:/home/runner/.m2/repository/org/apache/ratis/ratis-thirdparty-misc/1.0.8/ratis-thirdparty-misc-1.0.8.jar:/home/runner/work/ratis/ratis/ratis-proto/target/classes:/home/runner/work/ratis/ratis/ratis-common/target/test-classes:/home/runner/work/ratis/ratis/ratis-client/target/classes:/home/runner/work/ratis/ratis/ratis-server/target/classes:/home/runner/work/ratis/ratis/ratis-server-api/target/classes:/home/runner/work/ratis/ratis/ratis-metrics-api/target/classes:/home/runner/work/ratis/ratis/ratis-server/target/test-classes:/home/runner/work/ratis/ratis/ratis-metrics-default/target/classes:/home/runner/work/ratis/ratis/ratis-netty/target/classes:/home/runner/work/ratis/ratis/ratis-netty/target/test-classes:/home/runner/work/ratis/ratis/ratis-grpc/target/classes:/home/runner/work/ratis/ratis/ratis-grpc/target/test-classes:/home/runner/work/ratis/ratis/ratis-shell/target/classes:/home/runner/.m2/repository/commons-cli/commons-cli/1.5.0/commons-cli-1.5.0.jar:/home/runner/.m2/repository/org/reflections/reflections/0.10.2/reflections-0.10.2.jar:/home/runner/.m2/repository/org/javassist/javassist/3.28.0-GA/javassist-3.28.0-GA.jar:/home/runner/.m2/repository/com/google/code/findbugs/jsr305/3.0.2/jsr305-3.0.2.jar:/home/runner/.m2/repository/org/bouncycastle/bcprov-jdk18on/1.78.1/bcprov-jdk18on-1.78.1.jar:/home/runner/.m2/repository/org/bouncycastle/bcpkix-jdk18on/1.78.1/bcpkix-jdk18on-1.78.1.jar:/home/runner/.m2/repository/org/bouncycastle/bcutil-jdk18on/1.78.1/bcutil-jdk18on-1.78.1.jar:/home/runner/.m2/repository/org/slf4j/slf4j-api/2.0.7/slf4j-api-2.0.7.jar:/home/runner/.m2/repository/org/slf4j/slf4j-reload4j/2.0.7/slf4j-reload4j-2.0.7.jar:/home/runner/.m2/repository/ch/qos/reload4j/reload4j/1.2.22/reload4j-1.2.22.jar:/home/runner/.m2/repository/junit/junit/4.13.2/junit-4.13.2.jar:/home/runner/.m2/repository/org/hamcrest/hamcrest-core/1.3/hamcrest-core-1.3.jar:/home/runner/.m2/repository/org/junit/jupiter/junit-jupiter-engine/5.11.2/junit-jupiter-engine-5.11.2.jar:/home/runner/.m2/repository/org/junit/platform/junit-platform-engine/1.11.2/junit-platform-engine-1.11.2.jar:/home/runner/.m2/repository/org/apiguardian/apiguardian-api/1.1.2/apiguardian-api-1.1.2.jar:/home/runner/.m2/repository/org/junit/jupiter/junit-jupiter-api/5.11.2/junit-jupiter-api-5.11.2.jar:/home/runner/.m2/repository/org/opentest4j/opentest4j/1.3.0/opentest4j-1.3.0.jar:/home/runner/.m2/repository/org/junit/platform/junit-platform-commons/1.11.2/junit-platform-commons-1.11.2.jar:/home/runner/.m2/repository/org/junit/jupiter/junit-jupiter-params/5.11.2/junit-jupiter-params-5.11.2.jar:/home/runner/.m2/repository/org/mockito/mockito-core/4.3.1/mockito-core-4.3.1.jar:/home/runner/.m2/repository/net/bytebuddy/byte-buddy/1.12.7/byte-buddy-1.12.7.jar:/home/runner/.m2/repository/net/bytebuddy/byte-buddy-agent/1.12.7/byte-buddy-agent-1.12.7.jar:/home/runner/.m2/repository/org/objenesis/objenesis/3.2/objenesis-3.2.jar:/home/runner/work/ratis/ratis/ratis-test/target/gradle-enterprise/test-listeners.jar:"/>
    <property name="java.vm.vendor" value="Temurin"/>
    <property name="sun.arch.data.model" value="64"/>
    <property name="java.vendor.url" value="https://adoptium.net/"/>
    <property name="user.timezone" value="Etc/UTC"/>
    <property name="java.vm.specification.version" value="1.8"/>
    <property name="os.name" value="Linux"/>
    <property name="sun.java.launcher" value="SUN_STANDARD"/>
    <property name="sun.boot.library.path" value="/usr/lib/jvm/temurin-8-jdk-amd64/jre/lib/amd64"/>
    <property name="sun.java.command" value="/home/runner/work/ratis/ratis/ratis-test/target/surefire/surefirebooter8472796592037417048.jar /home/runner/work/ratis/ratis/ratis-test/target/surefire 2024-12-27T13-06-07_588-jvmRun1 surefire8349951282428420282tmp surefire_77415112494577605835tmp"/>
    <property name="surefire.test.class.path" value="/home/runner/work/ratis/ratis/ratis-test/target/test-classes:/home/runner/work/ratis/ratis/ratis-test/target/classes:/home/runner/work/ratis/ratis/ratis-common/target/classes:/home/runner/.m2/repository/org/apache/ratis/ratis-thirdparty-misc/1.0.8/ratis-thirdparty-misc-1.0.8.jar:/home/runner/work/ratis/ratis/ratis-proto/target/classes:/home/runner/work/ratis/ratis/ratis-common/target/test-classes:/home/runner/work/ratis/ratis/ratis-client/target/classes:/home/runner/work/ratis/ratis/ratis-server/target/classes:/home/runner/work/ratis/ratis/ratis-server-api/target/classes:/home/runner/work/ratis/ratis/ratis-metrics-api/target/classes:/home/runner/work/ratis/ratis/ratis-server/target/test-classes:/home/runner/work/ratis/ratis/ratis-metrics-default/target/classes:/home/runner/work/ratis/ratis/ratis-netty/target/classes:/home/runner/work/ratis/ratis/ratis-netty/target/test-classes:/home/runner/work/ratis/ratis/ratis-grpc/target/classes:/home/runner/work/ratis/ratis/ratis-grpc/target/test-classes:/home/runner/work/ratis/ratis/ratis-shell/target/classes:/home/runner/.m2/repository/commons-cli/commons-cli/1.5.0/commons-cli-1.5.0.jar:/home/runner/.m2/repository/org/reflections/reflections/0.10.2/reflections-0.10.2.jar:/home/runner/.m2/repository/org/javassist/javassist/3.28.0-GA/javassist-3.28.0-GA.jar:/home/runner/.m2/repository/com/google/code/findbugs/jsr305/3.0.2/jsr305-3.0.2.jar:/home/runner/.m2/repository/org/bouncycastle/bcprov-jdk18on/1.78.1/bcprov-jdk18on-1.78.1.jar:/home/runner/.m2/repository/org/bouncycastle/bcpkix-jdk18on/1.78.1/bcpkix-jdk18on-1.78.1.jar:/home/runner/.m2/repository/org/bouncycastle/bcutil-jdk18on/1.78.1/bcutil-jdk18on-1.78.1.jar:/home/runner/.m2/repository/org/slf4j/slf4j-api/2.0.7/slf4j-api-2.0.7.jar:/home/runner/.m2/repository/org/slf4j/slf4j-reload4j/2.0.7/slf4j-reload4j-2.0.7.jar:/home/runner/.m2/repository/ch/qos/reload4j/reload4j/1.2.22/reload4j-1.2.22.jar:/home/runner/.m2/repository/junit/junit/4.13.2/junit-4.13.2.jar:/home/runner/.m2/repository/org/hamcrest/hamcrest-core/1.3/hamcrest-core-1.3.jar:/home/runner/.m2/repository/org/junit/jupiter/junit-jupiter-engine/5.11.2/junit-jupiter-engine-5.11.2.jar:/home/runner/.m2/repository/org/junit/platform/junit-platform-engine/1.11.2/junit-platform-engine-1.11.2.jar:/home/runner/.m2/repository/org/apiguardian/apiguardian-api/1.1.2/apiguardian-api-1.1.2.jar:/home/runner/.m2/repository/org/junit/jupiter/junit-jupiter-api/5.11.2/junit-jupiter-api-5.11.2.jar:/home/runner/.m2/repository/org/opentest4j/opentest4j/1.3.0/opentest4j-1.3.0.jar:/home/runner/.m2/repository/org/junit/platform/junit-platform-commons/1.11.2/junit-platform-commons-1.11.2.jar:/home/runner/.m2/repository/org/junit/jupiter/junit-jupiter-params/5.11.2/junit-jupiter-params-5.11.2.jar:/home/runner/.m2/repository/org/mockito/mockito-core/4.3.1/mockito-core-4.3.1.jar:/home/runner/.m2/repository/net/bytebuddy/byte-buddy/1.12.7/byte-buddy-1.12.7.jar:/home/runner/.m2/repository/net/bytebuddy/byte-buddy-agent/1.12.7/byte-buddy-agent-1.12.7.jar:/home/runner/.m2/repository/org/objenesis/objenesis/3.2/objenesis-3.2.jar:/home/runner/work/ratis/ratis/ratis-test/target/gradle-enterprise/test-listeners.jar:"/>
    <property name="sun.cpu.endian" value="little"/>
    <property name="user.home" value="/home/runner"/>
    <property name="user.language" value="en"/>
    <property name="java.specification.vendor" value="Oracle Corporation"/>
    <property name="java.home" value="/usr/lib/jvm/temurin-8-jdk-amd64/jre"/>
    <property name="jacoco.skip" value="true"/>
    <property name="basedir" value="/home/runner/work/ratis/ratis/ratis-test"/>
    <property name="file.separator" value="/"/>
    <property name="line.separator" value="&#10;"/>
    <property name="java.vm.specification.vendor" value="Oracle Corporation"/>
    <property name="java.specification.name" value="Java Platform API Specification"/>
    <property name="java.awt.graphicsenv" value="sun.awt.X11GraphicsEnvironment"/>
    <property name="surefire.real.class.path" value="/home/runner/work/ratis/ratis/ratis-test/target/surefire/surefirebooter8472796592037417048.jar"/>
    <property name="sun.boot.class.path" value="/usr/lib/jvm/temurin-8-jdk-amd64/jre/lib/resources.jar:/usr/lib/jvm/temurin-8-jdk-amd64/jre/lib/rt.jar:/usr/lib/jvm/temurin-8-jdk-amd64/jre/lib/sunrsasign.jar:/usr/lib/jvm/temurin-8-jdk-amd64/jre/lib/jsse.jar:/usr/lib/jvm/temurin-8-jdk-amd64/jre/lib/jce.jar:/usr/lib/jvm/temurin-8-jdk-amd64/jre/lib/charsets.jar:/usr/lib/jvm/temurin-8-jdk-amd64/jre/lib/jfr.jar:/usr/lib/jvm/temurin-8-jdk-amd64/jre/classes"/>
    <property name="sun.management.compiler" value="HotSpot 64-Bit Tiered Compilers"/>
    <property name="java.runtime.version" value="1.8.0_432-b06"/>
    <property name="java.net.preferIPv4Stack" value="true"/>
    <property name="user.name" value="runner"/>
    <property name="path.separator" value=":"/>
    <property name="os.version" value="5.15.0-1074-azure"/>
    <property name="java.endorsed.dirs" value="/usr/lib/jvm/temurin-8-jdk-amd64/jre/lib/endorsed"/>
    <property name="java.runtime.name" value="OpenJDK Runtime Environment"/>
    <property name="com.gradle.maven.scan.extension.test.listener.junitplatform.NestedExecutionSafeDelegatingTestExecutionListener" value="9660f4e"/>
    <property name="file.encoding" value="UTF-8"/>
    <property name="java.vm.name" value="OpenJDK 64-Bit Server VM"/>
    <property name="develocity.listener.surefire.forkId" value="1"/>
    <property name="localRepository" value="/home/runner/.m2/repository"/>
    <property name="java.vendor.url.bug" value="https://github.com/adoptium/adoptium-support/issues"/>
    <property name="java.io.tmpdir" value="/tmp"/>
    <property name="java.version" value="1.8.0_432"/>
    <property name="user.dir" value="/home/runner/work/ratis/ratis/ratis-test"/>
    <property name="os.arch" value="amd64"/>
    <property name="ratis.tmp.dir" value="/home/runner/work/ratis/ratis/ratis-test/target/tmp"/>
    <property name="java.vm.specification.name" value="Java Virtual Machine Specification"/>
    <property name="java.awt.printerjob" value="sun.print.PSPrinterJob"/>
    <property name="ratis.log.dir" value="/home/runner/work/ratis/ratis/ratis-test/target/log"/>
    <property name="sun.os.patch.level" value="unknown"/>
    <property name="org.apache.ratis.thirdparty.io.netty.allocator.useCacheForAllThreads" value="false"/>
    <property name="java.library.path" value="/usr/java/packages/lib/amd64:/usr/lib64:/lib64:/lib:/usr/lib"/>
    <property name="java.vm.info" value="mixed mode"/>
    <property name="java.vendor" value="Temurin"/>
    <property name="java.vm.version" value="25.432-b06"/>
    <property name="java.specification.maintenance.version" value="6"/>
    <property name="develocity.listener.port" value="45265"/>
    <property name="java.ext.dirs" value="/usr/lib/jvm/temurin-8-jdk-amd64/jre/lib/ext:/usr/java/packages/lib/ext"/>
    <property name="sun.io.unicode.encoding" value="UnicodeLittle"/>
    <property name="develocity.listener.noTestOutputCapturing" value="true"/>
    <property name="java.class.version" value="52.0"/>
  </properties>
  <testcase name="testLogTruncate" classname="org.apache.ratis.grpc.TestRaftLogTruncateWithGrpc" time="10.877">
    <failure type="org.opentest4j.AssertionFailedError"><![CDATA[org.opentest4j.AssertionFailedError: s3 TransactionContextMap is non-empty: {(t:1, i:9)=Memoized:org.apache.ratis.statemachine.impl.TransactionContextImpl@5f9be66c} ==> expected: <true> but was: <false>
	at org.apache.ratis.RaftLogTruncateTests.assertEmptyTransactionContextMap(RaftLogTruncateTests.java:244)
	at org.apache.ratis.RaftLogTruncateTests.runTestLogTruncate(RaftLogTruncateTests.java:148)
	at org.apache.ratis.RaftLogTruncateTests.runTestLogTruncate(RaftLogTruncateTests.java:116)
	at org.apache.ratis.server.impl.MiniRaftCluster$Factory$Get.runWithNewCluster(MiniRaftCluster.java:144)
	at org.apache.ratis.server.impl.MiniRaftCluster$Factory$Get.runWithNewCluster(MiniRaftCluster.java:121)
	at org.apache.ratis.RaftLogTruncateTests.testLogTruncate(RaftLogTruncateTests.java:94)
	at java.lang.reflect.Method.invoke(Method.java:498)
	at java.util.ArrayList.forEach(ArrayList.java:1259)
	at java.util.ArrayList.forEach(ArrayList.java:1259)
]]></failure>
    <system-out><![CDATA[2024-12-27 13:08:16,757 [main] INFO  util.LogUtils (Slf4jUtils.java:setLogLevel(38)) - Successfully set org.apache.ratis.conf.ConfUtils log level to WARN
2024-12-27 13:08:16,759 [main] INFO  util.LogUtils (Slf4jUtils.java:setLogLevel(38)) - Successfully set org.apache.ratis.util.FileUtils log level to TRACE
2024-12-27 13:08:16,789 [main] INFO  util.LogUtils (Slf4jUtils.java:setLogLevel(38)) - Successfully set org.apache.ratis.server.impl.TransactionManager log level to TRACE
2024-12-27 13:08:16,790 [main] INFO  util.LogUtils (Slf4jUtils.java:setLogLevel(38)) - Successfully set org.apache.ratis.client.impl.OrderedAsync log level to ERROR
2024-12-27 13:08:16,792 [main] INFO  util.LogUtils (Slf4jUtils.java:setLogLevel(38)) - Successfully set org.apache.ratis.server.RaftServerConfigKeys log level to ERROR
2024-12-27 13:08:16,792 [main] INFO  util.LogUtils (Slf4jUtils.java:setLogLevel(38)) - Successfully set org.apache.ratis.client.RaftClientConfigKeys log level to ERROR
2024-12-27 13:08:16,792 [main] INFO  util.LogUtils (Slf4jUtils.java:setLogLevel(38)) - Successfully set org.apache.ratis.client.RaftClientConfigKeys log level to ERROR
2024-12-27 13:08:16,811 [main] INFO  util.LeakDetector (LeakDetector.java:start(124)) - Starting leak detector thread NONE0.
2024-12-27 13:08:16,816 [main] INFO  impl.MiniRaftCluster (MiniRaftCluster.java:runWithNewCluster(137)) - Running runWithNewCluster
2024-12-27 13:08:16,825 [main] INFO  impl.MiniRaftCluster (MiniRaftCluster.java:<init>(319)) - new MiniRaftClusterWithGrpc with group-728B40B71970:[s3|localhost:15012, s4|localhost:15016, s0|localhost:15000, s1|localhost:15004, s2|localhost:15008]
2024-12-27 13:08:16,825 [main] INFO  impl.MiniRaftCluster (MiniRaftCluster.java:start(352)) - .............................................................. 
2024-12-27 13:08:16,825 [main] INFO  impl.MiniRaftCluster (MiniRaftCluster.java:start(353)) - ... 
2024-12-27 13:08:16,826 [main] INFO  impl.MiniRaftCluster (MiniRaftCluster.java:start(354)) - ...     Starting MiniRaftClusterWithGrpc
2024-12-27 13:08:16,826 [main] INFO  impl.MiniRaftCluster (MiniRaftCluster.java:start(355)) - ... 
2024-12-27 13:08:16,826 [main] INFO  impl.MiniRaftCluster (MiniRaftCluster.java:start(356)) - .............................................................. 
2024-12-27 13:08:16,826 [main] INFO  impl.MiniRaftCluster (MiniRaftCluster.java:initServers(331)) - servers = {}
2024-12-27 13:08:16,829 [main] INFO  impl.MiniRaftCluster (MiniRaftCluster.java:newRaftServer(396)) - newRaftServer: s3, group-728B40B71970:[s3|localhost:15012, s4|localhost:15016, s0|localhost:15000, s1|localhost:15004, s2|localhost:15008], format? true
2024-12-27 13:08:16,830 [main] TRACE util.FileUtils (FileUtils.java:deleteFully(307)) - deleteFully target/test/data/fff23088/MiniRaftClusterWithGrpca2251b6d/s3
2024-12-27 13:08:16,831 [main] TRACE util.FileUtils (FileUtils.java:deleteFully(320)) - deleteFully: target/test/data/fff23088/MiniRaftClusterWithGrpca2251b6d/s3 does not exist.
2024-12-27 13:08:16,831 [main] INFO  impl.MiniRaftCluster (MiniRaftCluster.java:newRaftServer(401)) - Formatted directory target/test/data/fff23088/MiniRaftClusterWithGrpca2251b6d/s3
2024-12-27 13:08:16,843 [main] INFO  server.RaftServer (ConfUtils.java:logGet(46)) - raft.rpc.type = GRPC (default)
2024-12-27 13:08:16,891 [main] INFO  grpc.GrpcConfigKeys (ConfUtils.java:logFallback(53)) - raft.grpc.admin.host = null (fallback to raft.grpc.server.host)
2024-12-27 13:08:16,892 [main] INFO  grpc.GrpcConfigKeys (ConfUtils.java:logGet(46)) - raft.grpc.admin.port = 15013 (custom)
2024-12-27 13:08:16,892 [main] INFO  grpc.GrpcConfigKeys (ConfUtils.java:logFallback(53)) - raft.grpc.client.host = null (fallback to raft.grpc.server.host)
2024-12-27 13:08:16,893 [main] INFO  grpc.GrpcConfigKeys (ConfUtils.java:logGet(46)) - raft.grpc.client.port = 15014 (custom)
2024-12-27 13:08:16,893 [main] INFO  grpc.GrpcConfigKeys (ConfUtils.java:logGet(46)) - raft.grpc.server.host = null (default)
2024-12-27 13:08:16,893 [main] INFO  grpc.GrpcConfigKeys (ConfUtils.java:logGet(46)) - raft.grpc.server.port = 15012 (custom)
2024-12-27 13:08:16,894 [main] INFO  server.GrpcServicesImpl (ConfUtils.java:logGet(46)) - raft.grpc.message.size.max = 64MB (=67108864) (default)
2024-12-27 13:08:16,895 [main] INFO  server.GrpcServicesImpl (ConfUtils.java:logGet(46)) - raft.grpc.flow.control.window = 1MB (=1048576) (default)
2024-12-27 13:08:16,905 [main] INFO  grpc.GrpcConfigKeys (ConfUtils.java:logGet(46)) - raft.grpc.server.heartbeat.channel = true (default)
2024-12-27 13:08:16,906 [main] INFO  grpc.GrpcConfigKeys (ConfUtils.java:logGet(46)) - raft.grpc.server.zerocopy.enabled = true (custom)
2024-12-27 13:08:16,955 [main] INFO  grpc.GrpcConfigKeys (ConfUtils.java:logGet(46)) - raft.grpc.server.async.request.thread.pool.cached = true (default)
2024-12-27 13:08:16,956 [main] INFO  grpc.GrpcConfigKeys (ConfUtils.java:logGet(46)) - raft.grpc.server.async.request.thread.pool.size = 32 (default)
2024-12-27 13:08:17,121 [main] INFO  impl.DataStreamServerImpl (ConfUtils.java:logGet(46)) - raft.datastream.type = DISABLED (default)
2024-12-27 13:08:17,129 [main] INFO  server.RaftServer (RaftServerProxy.java:addNew(101)) - s3: addNew group-728B40B71970:[s3|localhost:15012, s4|localhost:15016, s0|localhost:15000, s1|localhost:15004, s2|localhost:15008] returns group-728B40B71970:java.util.concurrent.CompletableFuture@7b8b43c7[Not completed]
2024-12-27 13:08:17,129 [main] INFO  impl.MiniRaftCluster (MiniRaftCluster.java:newRaftServer(396)) - newRaftServer: s4, group-728B40B71970:[s3|localhost:15012, s4|localhost:15016, s0|localhost:15000, s1|localhost:15004, s2|localhost:15008], format? true
2024-12-27 13:08:17,130 [main] TRACE util.FileUtils (FileUtils.java:deleteFully(307)) - deleteFully target/test/data/fff23088/MiniRaftClusterWithGrpca2251b6d/s4
2024-12-27 13:08:17,130 [main] TRACE util.FileUtils (FileUtils.java:deleteFully(320)) - deleteFully: target/test/data/fff23088/MiniRaftClusterWithGrpca2251b6d/s4 does not exist.
2024-12-27 13:08:17,130 [main] INFO  impl.MiniRaftCluster (MiniRaftCluster.java:newRaftServer(401)) - Formatted directory target/test/data/fff23088/MiniRaftClusterWithGrpca2251b6d/s4
2024-12-27 13:08:17,131 [main] INFO  server.RaftServer (ConfUtils.java:logGet(46)) - raft.rpc.type = GRPC (default)
2024-12-27 13:08:17,131 [main] INFO  grpc.GrpcConfigKeys (ConfUtils.java:logFallback(53)) - raft.grpc.admin.host = null (fallback to raft.grpc.server.host)
2024-12-27 13:08:17,132 [main] INFO  grpc.GrpcConfigKeys (ConfUtils.java:logGet(46)) - raft.grpc.admin.port = 15017 (custom)
2024-12-27 13:08:17,132 [main] INFO  grpc.GrpcConfigKeys (ConfUtils.java:logFallback(53)) - raft.grpc.client.host = null (fallback to raft.grpc.server.host)
2024-12-27 13:08:17,132 [main] INFO  grpc.GrpcConfigKeys (ConfUtils.java:logGet(46)) - raft.grpc.client.port = 15018 (custom)
2024-12-27 13:08:17,133 [main] INFO  grpc.GrpcConfigKeys (ConfUtils.java:logGet(46)) - raft.grpc.server.host = null (default)
2024-12-27 13:08:17,133 [main] INFO  grpc.GrpcConfigKeys (ConfUtils.java:logGet(46)) - raft.grpc.server.port = 15016 (custom)
2024-12-27 13:08:17,133 [main] INFO  server.GrpcServicesImpl (ConfUtils.java:logGet(46)) - raft.grpc.message.size.max = 64MB (=67108864) (default)
2024-12-27 13:08:17,134 [main] INFO  server.GrpcServicesImpl (ConfUtils.java:logGet(46)) - raft.grpc.flow.control.window = 1MB (=1048576) (default)
2024-12-27 13:08:17,134 [main] INFO  grpc.GrpcConfigKeys (ConfUtils.java:logGet(46)) - raft.grpc.server.heartbeat.channel = true (default)
2024-12-27 13:08:17,134 [main] INFO  grpc.GrpcConfigKeys (ConfUtils.java:logGet(46)) - raft.grpc.server.zerocopy.enabled = true (custom)
2024-12-27 13:08:17,135 [main] INFO  grpc.GrpcConfigKeys (ConfUtils.java:logGet(46)) - raft.grpc.server.async.request.thread.pool.cached = true (default)
2024-12-27 13:08:17,135 [main] INFO  grpc.GrpcConfigKeys (ConfUtils.java:logGet(46)) - raft.grpc.server.async.request.thread.pool.size = 32 (default)
2024-12-27 13:08:17,137 [main] INFO  impl.DataStreamServerImpl (ConfUtils.java:logGet(46)) - raft.datastream.type = DISABLED (default)
2024-12-27 13:08:17,138 [main] INFO  server.RaftServer (RaftServerProxy.java:addNew(101)) - s4: addNew group-728B40B71970:[s3|localhost:15012, s4|localhost:15016, s0|localhost:15000, s1|localhost:15004, s2|localhost:15008] returns group-728B40B71970:java.util.concurrent.CompletableFuture@60b4beb4[Not completed]
2024-12-27 13:08:17,138 [main] INFO  impl.MiniRaftCluster (MiniRaftCluster.java:newRaftServer(396)) - newRaftServer: s0, group-728B40B71970:[s3|localhost:15012, s4|localhost:15016, s0|localhost:15000, s1|localhost:15004, s2|localhost:15008], format? true
2024-12-27 13:08:17,139 [main] TRACE util.FileUtils (FileUtils.java:deleteFully(307)) - deleteFully target/test/data/fff23088/MiniRaftClusterWithGrpca2251b6d/s0
2024-12-27 13:08:17,139 [main] TRACE util.FileUtils (FileUtils.java:deleteFully(320)) - deleteFully: target/test/data/fff23088/MiniRaftClusterWithGrpca2251b6d/s0 does not exist.
2024-12-27 13:08:17,139 [main] INFO  impl.MiniRaftCluster (MiniRaftCluster.java:newRaftServer(401)) - Formatted directory target/test/data/fff23088/MiniRaftClusterWithGrpca2251b6d/s0
2024-12-27 13:08:17,140 [main] INFO  server.RaftServer (ConfUtils.java:logGet(46)) - raft.rpc.type = GRPC (default)
2024-12-27 13:08:17,140 [main] INFO  grpc.GrpcConfigKeys (ConfUtils.java:logFallback(53)) - raft.grpc.admin.host = null (fallback to raft.grpc.server.host)
2024-12-27 13:08:17,140 [main] INFO  grpc.GrpcConfigKeys (ConfUtils.java:logGet(46)) - raft.grpc.admin.port = 15001 (custom)
2024-12-27 13:08:17,141 [main] INFO  grpc.GrpcConfigKeys (ConfUtils.java:logFallback(53)) - raft.grpc.client.host = null (fallback to raft.grpc.server.host)
2024-12-27 13:08:17,141 [main] INFO  grpc.GrpcConfigKeys (ConfUtils.java:logGet(46)) - raft.grpc.client.port = 15002 (custom)
2024-12-27 13:08:17,141 [main] INFO  grpc.GrpcConfigKeys (ConfUtils.java:logGet(46)) - raft.grpc.server.host = null (default)
2024-12-27 13:08:17,142 [main] INFO  grpc.GrpcConfigKeys (ConfUtils.java:logGet(46)) - raft.grpc.server.port = 15000 (custom)
2024-12-27 13:08:17,142 [main] INFO  server.GrpcServicesImpl (ConfUtils.java:logGet(46)) - raft.grpc.message.size.max = 64MB (=67108864) (default)
2024-12-27 13:08:17,142 [main] INFO  server.GrpcServicesImpl (ConfUtils.java:logGet(46)) - raft.grpc.flow.control.window = 1MB (=1048576) (default)
2024-12-27 13:08:17,142 [main] INFO  grpc.GrpcConfigKeys (ConfUtils.java:logGet(46)) - raft.grpc.server.heartbeat.channel = true (default)
2024-12-27 13:08:17,143 [main] INFO  grpc.GrpcConfigKeys (ConfUtils.java:logGet(46)) - raft.grpc.server.zerocopy.enabled = true (custom)
2024-12-27 13:08:17,143 [main] INFO  grpc.GrpcConfigKeys (ConfUtils.java:logGet(46)) - raft.grpc.server.async.request.thread.pool.cached = true (default)
2024-12-27 13:08:17,143 [main] INFO  grpc.GrpcConfigKeys (ConfUtils.java:logGet(46)) - raft.grpc.server.async.request.thread.pool.size = 32 (default)
2024-12-27 13:08:17,142 [s3-groupManagement] INFO  server.RaftServer$Division (RaftServerImpl.java:<init>(256)) - s3: new RaftServerImpl for group-728B40B71970:[s3|localhost:15012, s4|localhost:15016, s0|localhost:15000, s1|localhost:15004, s2|localhost:15008] with SimpleStateMachine4Testing:uninitialized
2024-12-27 13:08:17,142 [s4-groupManagement] INFO  server.RaftServer$Division (RaftServerImpl.java:<init>(256)) - s4: new RaftServerImpl for group-728B40B71970:[s3|localhost:15012, s4|localhost:15016, s0|localhost:15000, s1|localhost:15004, s2|localhost:15008] with SimpleStateMachine4Testing:uninitialized
2024-12-27 13:08:17,145 [main] INFO  impl.DataStreamServerImpl (ConfUtils.java:logGet(46)) - raft.datastream.type = DISABLED (default)
2024-12-27 13:08:17,146 [main] INFO  server.RaftServer (RaftServerProxy.java:addNew(101)) - s0: addNew group-728B40B71970:[s3|localhost:15012, s4|localhost:15016, s0|localhost:15000, s1|localhost:15004, s2|localhost:15008] returns group-728B40B71970:java.util.concurrent.CompletableFuture@4196c360[Not completed]
2024-12-27 13:08:17,146 [main] INFO  impl.MiniRaftCluster (MiniRaftCluster.java:newRaftServer(396)) - newRaftServer: s1, group-728B40B71970:[s3|localhost:15012, s4|localhost:15016, s0|localhost:15000, s1|localhost:15004, s2|localhost:15008], format? true
2024-12-27 13:08:17,146 [s0-groupManagement] INFO  server.RaftServer$Division (RaftServerImpl.java:<init>(256)) - s0: new RaftServerImpl for group-728B40B71970:[s3|localhost:15012, s4|localhost:15016, s0|localhost:15000, s1|localhost:15004, s2|localhost:15008] with SimpleStateMachine4Testing:uninitialized
2024-12-27 13:08:17,146 [main] TRACE util.FileUtils (FileUtils.java:deleteFully(307)) - deleteFully target/test/data/fff23088/MiniRaftClusterWithGrpca2251b6d/s1
2024-12-27 13:08:17,147 [main] TRACE util.FileUtils (FileUtils.java:deleteFully(320)) - deleteFully: target/test/data/fff23088/MiniRaftClusterWithGrpca2251b6d/s1 does not exist.
2024-12-27 13:08:17,147 [main] INFO  impl.MiniRaftCluster (MiniRaftCluster.java:newRaftServer(401)) - Formatted directory target/test/data/fff23088/MiniRaftClusterWithGrpca2251b6d/s1
2024-12-27 13:08:17,148 [main] INFO  server.RaftServer (ConfUtils.java:logGet(46)) - raft.rpc.type = GRPC (default)
2024-12-27 13:08:17,148 [main] INFO  grpc.GrpcConfigKeys (ConfUtils.java:logFallback(53)) - raft.grpc.admin.host = null (fallback to raft.grpc.server.host)
2024-12-27 13:08:17,148 [main] INFO  grpc.GrpcConfigKeys (ConfUtils.java:logGet(46)) - raft.grpc.admin.port = 15005 (custom)
2024-12-27 13:08:17,148 [main] INFO  grpc.GrpcConfigKeys (ConfUtils.java:logFallback(53)) - raft.grpc.client.host = null (fallback to raft.grpc.server.host)
2024-12-27 13:08:17,149 [main] INFO  grpc.GrpcConfigKeys (ConfUtils.java:logGet(46)) - raft.grpc.client.port = 15006 (custom)
2024-12-27 13:08:17,149 [main] INFO  grpc.GrpcConfigKeys (ConfUtils.java:logGet(46)) - raft.grpc.server.host = null (default)
2024-12-27 13:08:17,149 [main] INFO  grpc.GrpcConfigKeys (ConfUtils.java:logGet(46)) - raft.grpc.server.port = 15004 (custom)
2024-12-27 13:08:17,149 [main] INFO  server.GrpcServicesImpl (ConfUtils.java:logGet(46)) - raft.grpc.message.size.max = 64MB (=67108864) (default)
2024-12-27 13:08:17,150 [main] INFO  server.GrpcServicesImpl (ConfUtils.java:logGet(46)) - raft.grpc.flow.control.window = 1MB (=1048576) (default)
2024-12-27 13:08:17,150 [s4-groupManagement] INFO  server.RaftServer$Division (ServerState.java:<init>(114)) - s4@group-728B40B71970: ConfigurationManager, init=conf: {index: -1, cur=peers:[s3|localhost:15012, s4|localhost:15016, s0|localhost:15000, s1|localhost:15004, s2|localhost:15008]|listeners:[], old=null}, confs=<EMPTY_MAP>
2024-12-27 13:08:17,150 [s0-groupManagement] INFO  server.RaftServer$Division (ServerState.java:<init>(114)) - s0@group-728B40B71970: ConfigurationManager, init=conf: {index: -1, cur=peers:[s3|localhost:15012, s4|localhost:15016, s0|localhost:15000, s1|localhost:15004, s2|localhost:15008]|listeners:[], old=null}, confs=<EMPTY_MAP>
2024-12-27 13:08:17,150 [main] INFO  grpc.GrpcConfigKeys (ConfUtils.java:logGet(46)) - raft.grpc.server.heartbeat.channel = true (default)
2024-12-27 13:08:17,150 [s3-groupManagement] INFO  server.RaftServer$Division (ServerState.java:<init>(114)) - s3@group-728B40B71970: ConfigurationManager, init=conf: {index: -1, cur=peers:[s3|localhost:15012, s4|localhost:15016, s0|localhost:15000, s1|localhost:15004, s2|localhost:15008]|listeners:[], old=null}, confs=<EMPTY_MAP>
2024-12-27 13:08:17,151 [main] INFO  grpc.GrpcConfigKeys (ConfUtils.java:logGet(46)) - raft.grpc.server.zerocopy.enabled = true (custom)
2024-12-27 13:08:17,151 [main] INFO  grpc.GrpcConfigKeys (ConfUtils.java:logGet(46)) - raft.grpc.server.async.request.thread.pool.cached = true (default)
2024-12-27 13:08:17,152 [main] INFO  grpc.GrpcConfigKeys (ConfUtils.java:logGet(46)) - raft.grpc.server.async.request.thread.pool.size = 32 (default)
2024-12-27 13:08:17,153 [main] INFO  impl.DataStreamServerImpl (ConfUtils.java:logGet(46)) - raft.datastream.type = DISABLED (default)
2024-12-27 13:08:17,160 [main] INFO  server.RaftServer (RaftServerProxy.java:addNew(101)) - s1: addNew group-728B40B71970:[s3|localhost:15012, s4|localhost:15016, s0|localhost:15000, s1|localhost:15004, s2|localhost:15008] returns group-728B40B71970:java.util.concurrent.CompletableFuture@20435c40[Not completed]
2024-12-27 13:08:17,161 [s1-groupManagement] INFO  server.RaftServer$Division (RaftServerImpl.java:<init>(256)) - s1: new RaftServerImpl for group-728B40B71970:[s3|localhost:15012, s4|localhost:15016, s0|localhost:15000, s1|localhost:15004, s2|localhost:15008] with SimpleStateMachine4Testing:uninitialized
2024-12-27 13:08:17,161 [main] INFO  impl.MiniRaftCluster (MiniRaftCluster.java:newRaftServer(396)) - newRaftServer: s2, group-728B40B71970:[s3|localhost:15012, s4|localhost:15016, s0|localhost:15000, s1|localhost:15004, s2|localhost:15008], format? true
2024-12-27 13:08:17,161 [main] TRACE util.FileUtils (FileUtils.java:deleteFully(307)) - deleteFully target/test/data/fff23088/MiniRaftClusterWithGrpca2251b6d/s2
2024-12-27 13:08:17,161 [s1-groupManagement] INFO  server.RaftServer$Division (ServerState.java:<init>(114)) - s1@group-728B40B71970: ConfigurationManager, init=conf: {index: -1, cur=peers:[s3|localhost:15012, s4|localhost:15016, s0|localhost:15000, s1|localhost:15004, s2|localhost:15008]|listeners:[], old=null}, confs=<EMPTY_MAP>
2024-12-27 13:08:17,162 [main] TRACE util.FileUtils (FileUtils.java:deleteFully(320)) - deleteFully: target/test/data/fff23088/MiniRaftClusterWithGrpca2251b6d/s2 does not exist.
2024-12-27 13:08:17,162 [main] INFO  impl.MiniRaftCluster (MiniRaftCluster.java:newRaftServer(401)) - Formatted directory target/test/data/fff23088/MiniRaftClusterWithGrpca2251b6d/s2
2024-12-27 13:08:17,162 [main] INFO  server.RaftServer (ConfUtils.java:logGet(46)) - raft.rpc.type = GRPC (default)
2024-12-27 13:08:17,163 [main] INFO  grpc.GrpcConfigKeys (ConfUtils.java:logFallback(53)) - raft.grpc.admin.host = null (fallback to raft.grpc.server.host)
2024-12-27 13:08:17,163 [main] INFO  grpc.GrpcConfigKeys (ConfUtils.java:logGet(46)) - raft.grpc.admin.port = 15009 (custom)
2024-12-27 13:08:17,163 [main] INFO  grpc.GrpcConfigKeys (ConfUtils.java:logFallback(53)) - raft.grpc.client.host = null (fallback to raft.grpc.server.host)
2024-12-27 13:08:17,164 [main] INFO  grpc.GrpcConfigKeys (ConfUtils.java:logGet(46)) - raft.grpc.client.port = 15010 (custom)
2024-12-27 13:08:17,164 [main] INFO  grpc.GrpcConfigKeys (ConfUtils.java:logGet(46)) - raft.grpc.server.host = null (default)
2024-12-27 13:08:17,164 [main] INFO  grpc.GrpcConfigKeys (ConfUtils.java:logGet(46)) - raft.grpc.server.port = 15008 (custom)
2024-12-27 13:08:17,164 [main] INFO  server.GrpcServicesImpl (ConfUtils.java:logGet(46)) - raft.grpc.message.size.max = 64MB (=67108864) (default)
2024-12-27 13:08:17,164 [main] INFO  server.GrpcServicesImpl (ConfUtils.java:logGet(46)) - raft.grpc.flow.control.window = 1MB (=1048576) (default)
2024-12-27 13:08:17,165 [main] INFO  grpc.GrpcConfigKeys (ConfUtils.java:logGet(46)) - raft.grpc.server.heartbeat.channel = true (default)
2024-12-27 13:08:17,165 [main] INFO  grpc.GrpcConfigKeys (ConfUtils.java:logGet(46)) - raft.grpc.server.zerocopy.enabled = true (custom)
2024-12-27 13:08:17,166 [main] INFO  grpc.GrpcConfigKeys (ConfUtils.java:logGet(46)) - raft.grpc.server.async.request.thread.pool.cached = true (default)
2024-12-27 13:08:17,166 [main] INFO  grpc.GrpcConfigKeys (ConfUtils.java:logGet(46)) - raft.grpc.server.async.request.thread.pool.size = 32 (default)
2024-12-27 13:08:17,169 [main] INFO  impl.DataStreamServerImpl (ConfUtils.java:logGet(46)) - raft.datastream.type = DISABLED (default)
2024-12-27 13:08:17,171 [main] INFO  server.RaftServer (RaftServerProxy.java:addNew(101)) - s2: addNew group-728B40B71970:[s3|localhost:15012, s4|localhost:15016, s0|localhost:15000, s1|localhost:15004, s2|localhost:15008] returns group-728B40B71970:java.util.concurrent.CompletableFuture@6d07a63d[Not completed]
2024-12-27 13:08:17,171 [s2-groupManagement] INFO  server.RaftServer$Division (RaftServerImpl.java:<init>(256)) - s2: new RaftServerImpl for group-728B40B71970:[s3|localhost:15012, s4|localhost:15016, s0|localhost:15000, s1|localhost:15004, s2|localhost:15008] with SimpleStateMachine4Testing:uninitialized
2024-12-27 13:08:17,177 [s2-groupManagement] INFO  server.RaftServer$Division (ServerState.java:<init>(114)) - s2@group-728B40B71970: ConfigurationManager, init=conf: {index: -1, cur=peers:[s3|localhost:15012, s4|localhost:15016, s0|localhost:15000, s1|localhost:15004, s2|localhost:15008]|listeners:[], old=null}, confs=<EMPTY_MAP>
2024-12-27 13:08:17,192 [s3-impl-thread1] INFO  storage.RaftStorageDirectory (RaftStorageDirectoryImpl.java:analyzeStorage(138)) - The storage directory /home/runner/work/ratis/ratis/ratis-test/target/test/data/fff23088/MiniRaftClusterWithGrpca2251b6d/s3/5926040c-9b35-4d52-a796-728b40b71970 does not exist. Creating ...
2024-12-27 13:08:17,193 [s3-impl-thread1] TRACE util.FileUtils (LogUtils.java:runAndLog(49)) - Successfully ran Files.createDirectories /home/runner/work/ratis/ratis/ratis-test/target/test/data/fff23088/MiniRaftClusterWithGrpca2251b6d/s3/5926040c-9b35-4d52-a796-728b40b71970
2024-12-27 13:08:17,196 [s3-impl-thread1] INFO  storage.RaftStorageDirectory (RaftStorageDirectoryImpl.java:tryLock(229)) - Lock on /home/runner/work/ratis/ratis/ratis-test/target/test/data/fff23088/MiniRaftClusterWithGrpca2251b6d/s3/5926040c-9b35-4d52-a796-728b40b71970/in_use.lock acquired by nodename 4110@fv-az1113-268
2024-12-27 13:08:17,196 [s3-impl-thread1] TRACE util.FileUtils (LogUtils.java:runAndLog(49)) - Successfully ran Files.createDirectories /home/runner/work/ratis/ratis/ratis-test/target/test/data/fff23088/MiniRaftClusterWithGrpca2251b6d/s3/5926040c-9b35-4d52-a796-728b40b71970/current
2024-12-27 13:08:17,196 [s3-impl-thread1] TRACE util.FileUtils (LogUtils.java:runAndLog(49)) - Successfully ran Files.createDirectories /home/runner/work/ratis/ratis/ratis-test/target/test/data/fff23088/MiniRaftClusterWithGrpca2251b6d/s3/5926040c-9b35-4d52-a796-728b40b71970/sm
2024-12-27 13:08:17,215 [s3-impl-thread1] TRACE util.FileUtils (LogUtils.java:supplyAndLog(69)) - Successfully supplied FileChannel.open /home/runner/work/ratis/ratis/ratis-test/target/test/data/fff23088/MiniRaftClusterWithGrpca2251b6d/s3/5926040c-9b35-4d52-a796-728b40b71970/current/raft-meta.tmp with options [CREATE, WRITE]: sun.nio.ch.FileChannelImpl@505e2be7
2024-12-27 13:08:17,220 [s3-impl-thread1] TRACE util.FileUtils (LogUtils.java:runAndLog(49)) - Successfully ran Atomic Files.move /home/runner/work/ratis/ratis/ratis-test/target/test/data/fff23088/MiniRaftClusterWithGrpca2251b6d/s3/5926040c-9b35-4d52-a796-728b40b71970/current/raft-meta.tmp to /home/runner/work/ratis/ratis/ratis-test/target/test/data/fff23088/MiniRaftClusterWithGrpca2251b6d/s3/5926040c-9b35-4d52-a796-728b40b71970/current/raft-meta with options [REPLACE_EXISTING]
2024-12-27 13:08:17,220 [s3-impl-thread1] INFO  storage.RaftStorage (RaftStorageImpl.java:format(98)) - Storage directory /home/runner/work/ratis/ratis/ratis-test/target/test/data/fff23088/MiniRaftClusterWithGrpca2251b6d/s3/5926040c-9b35-4d52-a796-728b40b71970 has been successfully formatted.
2024-12-27 13:08:17,220 [s3-impl-thread1] INFO  impl.SimpleStateMachine4Testing (SimpleStateMachine4Testing.java:initialize(214)) - Initializing SimpleStateMachine4Testing:uninitialized
2024-12-27 13:08:17,221 [s3-impl-thread1] INFO  impl.SimpleStateMachine4Testing (SimpleStateMachine4Testing.java:loadSnapshot(298)) - Loading snapshot null
2024-12-27 13:08:17,233 [s3-impl-thread1] INFO  util.AwaitToRun (AwaitToRun.java:start(81)) - Thread[s3@group-728B40B71970-cacheEviction-AwaitToRun,5,main] started
2024-12-27 13:08:17,235 [s3-impl-thread1] INFO  segmented.SegmentedRaftLogWorker (SegmentedRaftLogWorker.java:<init>(189)) - new s3@group-728B40B71970-SegmentedRaftLogWorker for RaftStorageImpl:Storage Directory /home/runner/work/ratis/ratis/ratis-test/target/test/data/fff23088/MiniRaftClusterWithGrpca2251b6d/s3/5926040c-9b35-4d52-a796-728b40b71970
2024-12-27 13:08:17,246 [s3-impl-thread1] INFO  segmented.SegmentedRaftLogWorker (SegmentedRaftLogWorker.java:lambda$new$0(140)) - s3@group-728B40B71970-SegmentedRaftLogWorker: flushIndex: setUnconditionally 0 -> -1
2024-12-27 13:08:17,246 [s3-impl-thread1] INFO  segmented.SegmentedRaftLogWorker (SegmentedRaftLogWorker.java:lambda$new$0(140)) - s3@group-728B40B71970-SegmentedRaftLogWorker: safeCacheEvictIndex: setUnconditionally 0 -> -1
2024-12-27 13:08:17,247 [s3-impl-thread1] INFO  server.RaftServer$Division (RaftServerImpl.java:start(392)) - s3@group-728B40B71970: start as a follower, conf=conf: {index: -1, cur=peers:[s3|localhost:15012, s4|localhost:15016, s0|localhost:15000, s1|localhost:15004, s2|localhost:15008]|listeners:[], old=null}
2024-12-27 13:08:17,247 [s3-impl-thread1] INFO  server.RaftServer$Division (RaftServerImpl.java:setRole(379)) - s3@group-728B40B71970: changes role from      null to FOLLOWER at term 0 for startAsFollower
2024-12-27 13:08:17,248 [s3-impl-thread1] INFO  impl.RoleInfo (RoleInfo.java:updateAndGet(148)) - s3: start s3@group-728B40B71970-FollowerState
2024-12-27 13:08:17,250 [s3-impl-thread1] INFO  util.JmxRegister (JmxRegister.java:tryRegister(44)) - Successfully registered JMX Bean with object name Ratis:service=RaftServer,group=group-728B40B71970,id=s3
2024-12-27 13:08:17,250 [s3-impl-thread1] INFO  util.JmxRegister (JmxRegister.java:register(58)) - register mxBean class org.apache.ratis.server.impl.RaftServerJmxAdapter as Ratis:service=RaftServer,group=group-728B40B71970,id=s3
2024-12-27 13:08:17,256 [s3-impl-thread1] INFO  server.RaftServer$Division (RaftServerImpl.java:start(406)) - s3@group-728B40B71970: Successfully started.
2024-12-27 13:08:17,256 [main] INFO  server.RaftServer (RaftServerProxy.java:startImpl(408)) - s3: start RPC server
2024-12-27 13:08:17,284 [main] INFO  server.GrpcServicesImpl (GrpcServicesImpl.java:startImpl(353)) - s3: GrpcServicesImpl started, listening on 15014
2024-12-27 13:08:17,285 [main] INFO  server.GrpcServicesImpl (GrpcServicesImpl.java:startImpl(353)) - s3: GrpcServicesImpl started, listening on 15012
2024-12-27 13:08:17,285 [main] INFO  server.GrpcServicesImpl (GrpcServicesImpl.java:startImpl(353)) - s3: GrpcServicesImpl started, listening on 15013
2024-12-27 13:08:17,286 [JvmPauseMonitor0] INFO  util.JvmPauseMonitor (JvmPauseMonitor.java:run(146)) - JvmPauseMonitor-s3: Started
2024-12-27 13:08:17,287 [s4-impl-thread1] INFO  storage.RaftStorageDirectory (RaftStorageDirectoryImpl.java:analyzeStorage(138)) - The storage directory /home/runner/work/ratis/ratis/ratis-test/target/test/data/fff23088/MiniRaftClusterWithGrpca2251b6d/s4/5926040c-9b35-4d52-a796-728b40b71970 does not exist. Creating ...
2024-12-27 13:08:17,287 [s4-impl-thread1] TRACE util.FileUtils (LogUtils.java:runAndLog(49)) - Successfully ran Files.createDirectories /home/runner/work/ratis/ratis/ratis-test/target/test/data/fff23088/MiniRaftClusterWithGrpca2251b6d/s4/5926040c-9b35-4d52-a796-728b40b71970
2024-12-27 13:08:17,291 [s4-impl-thread1] INFO  storage.RaftStorageDirectory (RaftStorageDirectoryImpl.java:tryLock(229)) - Lock on /home/runner/work/ratis/ratis/ratis-test/target/test/data/fff23088/MiniRaftClusterWithGrpca2251b6d/s4/5926040c-9b35-4d52-a796-728b40b71970/in_use.lock acquired by nodename 4110@fv-az1113-268
2024-12-27 13:08:17,291 [s4-impl-thread1] TRACE util.FileUtils (LogUtils.java:runAndLog(49)) - Successfully ran Files.createDirectories /home/runner/work/ratis/ratis/ratis-test/target/test/data/fff23088/MiniRaftClusterWithGrpca2251b6d/s4/5926040c-9b35-4d52-a796-728b40b71970/current
2024-12-27 13:08:17,291 [s4-impl-thread1] TRACE util.FileUtils (LogUtils.java:runAndLog(49)) - Successfully ran Files.createDirectories /home/runner/work/ratis/ratis/ratis-test/target/test/data/fff23088/MiniRaftClusterWithGrpca2251b6d/s4/5926040c-9b35-4d52-a796-728b40b71970/sm
2024-12-27 13:08:17,292 [s4-impl-thread1] TRACE util.FileUtils (LogUtils.java:supplyAndLog(69)) - Successfully supplied FileChannel.open /home/runner/work/ratis/ratis/ratis-test/target/test/data/fff23088/MiniRaftClusterWithGrpca2251b6d/s4/5926040c-9b35-4d52-a796-728b40b71970/current/raft-meta.tmp with options [CREATE, WRITE]: sun.nio.ch.FileChannelImpl@60e7b0f5
2024-12-27 13:08:17,293 [s4-impl-thread1] TRACE util.FileUtils (LogUtils.java:runAndLog(49)) - Successfully ran Atomic Files.move /home/runner/work/ratis/ratis/ratis-test/target/test/data/fff23088/MiniRaftClusterWithGrpca2251b6d/s4/5926040c-9b35-4d52-a796-728b40b71970/current/raft-meta.tmp to /home/runner/work/ratis/ratis/ratis-test/target/test/data/fff23088/MiniRaftClusterWithGrpca2251b6d/s4/5926040c-9b35-4d52-a796-728b40b71970/current/raft-meta with options [REPLACE_EXISTING]
2024-12-27 13:08:17,293 [s4-impl-thread1] INFO  storage.RaftStorage (RaftStorageImpl.java:format(98)) - Storage directory /home/runner/work/ratis/ratis/ratis-test/target/test/data/fff23088/MiniRaftClusterWithGrpca2251b6d/s4/5926040c-9b35-4d52-a796-728b40b71970 has been successfully formatted.
2024-12-27 13:08:17,294 [s4-impl-thread1] INFO  impl.SimpleStateMachine4Testing (SimpleStateMachine4Testing.java:initialize(214)) - Initializing SimpleStateMachine4Testing:uninitialized
2024-12-27 13:08:17,294 [s4-impl-thread1] INFO  impl.SimpleStateMachine4Testing (SimpleStateMachine4Testing.java:loadSnapshot(298)) - Loading snapshot null
2024-12-27 13:08:17,296 [s4-impl-thread1] INFO  util.AwaitToRun (AwaitToRun.java:start(81)) - Thread[s4@group-728B40B71970-cacheEviction-AwaitToRun,5,main] started
2024-12-27 13:08:17,296 [s4-impl-thread1] INFO  segmented.SegmentedRaftLogWorker (SegmentedRaftLogWorker.java:<init>(189)) - new s4@group-728B40B71970-SegmentedRaftLogWorker for RaftStorageImpl:Storage Directory /home/runner/work/ratis/ratis/ratis-test/target/test/data/fff23088/MiniRaftClusterWithGrpca2251b6d/s4/5926040c-9b35-4d52-a796-728b40b71970
2024-12-27 13:08:17,298 [s4-impl-thread1] INFO  segmented.SegmentedRaftLogWorker (SegmentedRaftLogWorker.java:lambda$new$0(140)) - s4@group-728B40B71970-SegmentedRaftLogWorker: flushIndex: setUnconditionally 0 -> -1
2024-12-27 13:08:17,298 [s4-impl-thread1] INFO  segmented.SegmentedRaftLogWorker (SegmentedRaftLogWorker.java:lambda$new$0(140)) - s4@group-728B40B71970-SegmentedRaftLogWorker: safeCacheEvictIndex: setUnconditionally 0 -> -1
2024-12-27 13:08:17,298 [s4-impl-thread1] INFO  server.RaftServer$Division (RaftServerImpl.java:start(392)) - s4@group-728B40B71970: start as a follower, conf=conf: {index: -1, cur=peers:[s3|localhost:15012, s4|localhost:15016, s0|localhost:15000, s1|localhost:15004, s2|localhost:15008]|listeners:[], old=null}
2024-12-27 13:08:17,298 [s4-impl-thread1] INFO  server.RaftServer$Division (RaftServerImpl.java:setRole(379)) - s4@group-728B40B71970: changes role from      null to FOLLOWER at term 0 for startAsFollower
2024-12-27 13:08:17,299 [s4-impl-thread1] INFO  impl.RoleInfo (RoleInfo.java:updateAndGet(148)) - s4: start s4@group-728B40B71970-FollowerState
2024-12-27 13:08:17,299 [s4-impl-thread1] INFO  util.JmxRegister (JmxRegister.java:tryRegister(44)) - Successfully registered JMX Bean with object name Ratis:service=RaftServer,group=group-728B40B71970,id=s4
2024-12-27 13:08:17,299 [s4-impl-thread1] INFO  util.JmxRegister (JmxRegister.java:register(58)) - register mxBean class org.apache.ratis.server.impl.RaftServerJmxAdapter as Ratis:service=RaftServer,group=group-728B40B71970,id=s4
2024-12-27 13:08:17,300 [s4-impl-thread1] INFO  server.RaftServer$Division (RaftServerImpl.java:start(406)) - s4@group-728B40B71970: Successfully started.
2024-12-27 13:08:17,300 [main] INFO  server.RaftServer (RaftServerProxy.java:startImpl(408)) - s4: start RPC server
2024-12-27 13:08:17,301 [main] INFO  server.GrpcServicesImpl (GrpcServicesImpl.java:startImpl(353)) - s4: GrpcServicesImpl started, listening on 15018
2024-12-27 13:08:17,301 [main] INFO  server.GrpcServicesImpl (GrpcServicesImpl.java:startImpl(353)) - s4: GrpcServicesImpl started, listening on 15016
2024-12-27 13:08:17,301 [main] INFO  server.GrpcServicesImpl (GrpcServicesImpl.java:startImpl(353)) - s4: GrpcServicesImpl started, listening on 15017
2024-12-27 13:08:17,302 [JvmPauseMonitor1] INFO  util.JvmPauseMonitor (JvmPauseMonitor.java:run(146)) - JvmPauseMonitor-s4: Started
2024-12-27 13:08:17,302 [s0-impl-thread1] INFO  storage.RaftStorageDirectory (RaftStorageDirectoryImpl.java:analyzeStorage(138)) - The storage directory /home/runner/work/ratis/ratis/ratis-test/target/test/data/fff23088/MiniRaftClusterWithGrpca2251b6d/s0/5926040c-9b35-4d52-a796-728b40b71970 does not exist. Creating ...
2024-12-27 13:08:17,303 [s0-impl-thread1] TRACE util.FileUtils (LogUtils.java:runAndLog(49)) - Successfully ran Files.createDirectories /home/runner/work/ratis/ratis/ratis-test/target/test/data/fff23088/MiniRaftClusterWithGrpca2251b6d/s0/5926040c-9b35-4d52-a796-728b40b71970
2024-12-27 13:08:17,304 [s0-impl-thread1] INFO  storage.RaftStorageDirectory (RaftStorageDirectoryImpl.java:tryLock(229)) - Lock on /home/runner/work/ratis/ratis/ratis-test/target/test/data/fff23088/MiniRaftClusterWithGrpca2251b6d/s0/5926040c-9b35-4d52-a796-728b40b71970/in_use.lock acquired by nodename 4110@fv-az1113-268
2024-12-27 13:08:17,304 [s0-impl-thread1] TRACE util.FileUtils (LogUtils.java:runAndLog(49)) - Successfully ran Files.createDirectories /home/runner/work/ratis/ratis/ratis-test/target/test/data/fff23088/MiniRaftClusterWithGrpca2251b6d/s0/5926040c-9b35-4d52-a796-728b40b71970/current
2024-12-27 13:08:17,304 [s0-impl-thread1] TRACE util.FileUtils (LogUtils.java:runAndLog(49)) - Successfully ran Files.createDirectories /home/runner/work/ratis/ratis/ratis-test/target/test/data/fff23088/MiniRaftClusterWithGrpca2251b6d/s0/5926040c-9b35-4d52-a796-728b40b71970/sm
2024-12-27 13:08:17,304 [s0-impl-thread1] TRACE util.FileUtils (LogUtils.java:supplyAndLog(69)) - Successfully supplied FileChannel.open /home/runner/work/ratis/ratis/ratis-test/target/test/data/fff23088/MiniRaftClusterWithGrpca2251b6d/s0/5926040c-9b35-4d52-a796-728b40b71970/current/raft-meta.tmp with options [CREATE, WRITE]: sun.nio.ch.FileChannelImpl@19675b56
2024-12-27 13:08:17,306 [s0-impl-thread1] TRACE util.FileUtils (LogUtils.java:runAndLog(49)) - Successfully ran Atomic Files.move /home/runner/work/ratis/ratis/ratis-test/target/test/data/fff23088/MiniRaftClusterWithGrpca2251b6d/s0/5926040c-9b35-4d52-a796-728b40b71970/current/raft-meta.tmp to /home/runner/work/ratis/ratis/ratis-test/target/test/data/fff23088/MiniRaftClusterWithGrpca2251b6d/s0/5926040c-9b35-4d52-a796-728b40b71970/current/raft-meta with options [REPLACE_EXISTING]
2024-12-27 13:08:17,306 [s0-impl-thread1] INFO  storage.RaftStorage (RaftStorageImpl.java:format(98)) - Storage directory /home/runner/work/ratis/ratis/ratis-test/target/test/data/fff23088/MiniRaftClusterWithGrpca2251b6d/s0/5926040c-9b35-4d52-a796-728b40b71970 has been successfully formatted.
2024-12-27 13:08:17,306 [s0-impl-thread1] INFO  impl.SimpleStateMachine4Testing (SimpleStateMachine4Testing.java:initialize(214)) - Initializing SimpleStateMachine4Testing:uninitialized
2024-12-27 13:08:17,307 [s0-impl-thread1] INFO  impl.SimpleStateMachine4Testing (SimpleStateMachine4Testing.java:loadSnapshot(298)) - Loading snapshot null
2024-12-27 13:08:17,308 [s0-impl-thread1] INFO  util.AwaitToRun (AwaitToRun.java:start(81)) - Thread[s0@group-728B40B71970-cacheEviction-AwaitToRun,5,main] started
2024-12-27 13:08:17,308 [s0-impl-thread1] INFO  segmented.SegmentedRaftLogWorker (SegmentedRaftLogWorker.java:<init>(189)) - new s0@group-728B40B71970-SegmentedRaftLogWorker for RaftStorageImpl:Storage Directory /home/runner/work/ratis/ratis/ratis-test/target/test/data/fff23088/MiniRaftClusterWithGrpca2251b6d/s0/5926040c-9b35-4d52-a796-728b40b71970
2024-12-27 13:08:17,311 [s0-impl-thread1] INFO  segmented.SegmentedRaftLogWorker (SegmentedRaftLogWorker.java:lambda$new$0(140)) - s0@group-728B40B71970-SegmentedRaftLogWorker: flushIndex: setUnconditionally 0 -> -1
2024-12-27 13:08:17,311 [s0-impl-thread1] INFO  segmented.SegmentedRaftLogWorker (SegmentedRaftLogWorker.java:lambda$new$0(140)) - s0@group-728B40B71970-SegmentedRaftLogWorker: safeCacheEvictIndex: setUnconditionally 0 -> -1
2024-12-27 13:08:17,311 [s0-impl-thread1] INFO  server.RaftServer$Division (RaftServerImpl.java:start(392)) - s0@group-728B40B71970: start as a follower, conf=conf: {index: -1, cur=peers:[s3|localhost:15012, s4|localhost:15016, s0|localhost:15000, s1|localhost:15004, s2|localhost:15008]|listeners:[], old=null}
2024-12-27 13:08:17,311 [s0-impl-thread1] INFO  server.RaftServer$Division (RaftServerImpl.java:setRole(379)) - s0@group-728B40B71970: changes role from      null to FOLLOWER at term 0 for startAsFollower
2024-12-27 13:08:17,311 [s0-impl-thread1] INFO  impl.RoleInfo (RoleInfo.java:updateAndGet(148)) - s0: start s0@group-728B40B71970-FollowerState
2024-12-27 13:08:17,312 [s0-impl-thread1] INFO  util.JmxRegister (JmxRegister.java:tryRegister(44)) - Successfully registered JMX Bean with object name Ratis:service=RaftServer,group=group-728B40B71970,id=s0
2024-12-27 13:08:17,312 [s0-impl-thread1] INFO  util.JmxRegister (JmxRegister.java:register(58)) - register mxBean class org.apache.ratis.server.impl.RaftServerJmxAdapter as Ratis:service=RaftServer,group=group-728B40B71970,id=s0
2024-12-27 13:08:17,312 [s0-impl-thread1] INFO  server.RaftServer$Division (RaftServerImpl.java:start(406)) - s0@group-728B40B71970: Successfully started.
2024-12-27 13:08:17,312 [main] INFO  server.RaftServer (RaftServerProxy.java:startImpl(408)) - s0: start RPC server
2024-12-27 13:08:17,313 [main] INFO  server.GrpcServicesImpl (GrpcServicesImpl.java:startImpl(353)) - s0: GrpcServicesImpl started, listening on 15002
2024-12-27 13:08:17,314 [main] INFO  server.GrpcServicesImpl (GrpcServicesImpl.java:startImpl(353)) - s0: GrpcServicesImpl started, listening on 15000
2024-12-27 13:08:17,314 [main] INFO  server.GrpcServicesImpl (GrpcServicesImpl.java:startImpl(353)) - s0: GrpcServicesImpl started, listening on 15001
2024-12-27 13:08:17,315 [s1-impl-thread1] INFO  storage.RaftStorageDirectory (RaftStorageDirectoryImpl.java:analyzeStorage(138)) - The storage directory /home/runner/work/ratis/ratis/ratis-test/target/test/data/fff23088/MiniRaftClusterWithGrpca2251b6d/s1/5926040c-9b35-4d52-a796-728b40b71970 does not exist. Creating ...
2024-12-27 13:08:17,315 [s1-impl-thread1] TRACE util.FileUtils (LogUtils.java:runAndLog(49)) - Successfully ran Files.createDirectories /home/runner/work/ratis/ratis/ratis-test/target/test/data/fff23088/MiniRaftClusterWithGrpca2251b6d/s1/5926040c-9b35-4d52-a796-728b40b71970
2024-12-27 13:08:17,315 [JvmPauseMonitor2] INFO  util.JvmPauseMonitor (JvmPauseMonitor.java:run(146)) - JvmPauseMonitor-s0: Started
2024-12-27 13:08:17,316 [s1-impl-thread1] INFO  storage.RaftStorageDirectory (RaftStorageDirectoryImpl.java:tryLock(229)) - Lock on /home/runner/work/ratis/ratis/ratis-test/target/test/data/fff23088/MiniRaftClusterWithGrpca2251b6d/s1/5926040c-9b35-4d52-a796-728b40b71970/in_use.lock acquired by nodename 4110@fv-az1113-268
2024-12-27 13:08:17,316 [s1-impl-thread1] TRACE util.FileUtils (LogUtils.java:runAndLog(49)) - Successfully ran Files.createDirectories /home/runner/work/ratis/ratis/ratis-test/target/test/data/fff23088/MiniRaftClusterWithGrpca2251b6d/s1/5926040c-9b35-4d52-a796-728b40b71970/current
2024-12-27 13:08:17,316 [s1-impl-thread1] TRACE util.FileUtils (LogUtils.java:runAndLog(49)) - Successfully ran Files.createDirectories /home/runner/work/ratis/ratis/ratis-test/target/test/data/fff23088/MiniRaftClusterWithGrpca2251b6d/s1/5926040c-9b35-4d52-a796-728b40b71970/sm
2024-12-27 13:08:17,317 [s1-impl-thread1] TRACE util.FileUtils (LogUtils.java:supplyAndLog(69)) - Successfully supplied FileChannel.open /home/runner/work/ratis/ratis/ratis-test/target/test/data/fff23088/MiniRaftClusterWithGrpca2251b6d/s1/5926040c-9b35-4d52-a796-728b40b71970/current/raft-meta.tmp with options [CREATE, WRITE]: sun.nio.ch.FileChannelImpl@1b1360c7
2024-12-27 13:08:17,318 [s1-impl-thread1] TRACE util.FileUtils (LogUtils.java:runAndLog(49)) - Successfully ran Atomic Files.move /home/runner/work/ratis/ratis/ratis-test/target/test/data/fff23088/MiniRaftClusterWithGrpca2251b6d/s1/5926040c-9b35-4d52-a796-728b40b71970/current/raft-meta.tmp to /home/runner/work/ratis/ratis/ratis-test/target/test/data/fff23088/MiniRaftClusterWithGrpca2251b6d/s1/5926040c-9b35-4d52-a796-728b40b71970/current/raft-meta with options [REPLACE_EXISTING]
2024-12-27 13:08:17,318 [s1-impl-thread1] INFO  storage.RaftStorage (RaftStorageImpl.java:format(98)) - Storage directory /home/runner/work/ratis/ratis/ratis-test/target/test/data/fff23088/MiniRaftClusterWithGrpca2251b6d/s1/5926040c-9b35-4d52-a796-728b40b71970 has been successfully formatted.
2024-12-27 13:08:17,318 [s1-impl-thread1] INFO  impl.SimpleStateMachine4Testing (SimpleStateMachine4Testing.java:initialize(214)) - Initializing SimpleStateMachine4Testing:uninitialized
2024-12-27 13:08:17,318 [s1-impl-thread1] INFO  impl.SimpleStateMachine4Testing (SimpleStateMachine4Testing.java:loadSnapshot(298)) - Loading snapshot null
2024-12-27 13:08:17,320 [s1-impl-thread1] INFO  util.AwaitToRun (AwaitToRun.java:start(81)) - Thread[s1@group-728B40B71970-cacheEviction-AwaitToRun,5,main] started
2024-12-27 13:08:17,320 [s1-impl-thread1] INFO  segmented.SegmentedRaftLogWorker (SegmentedRaftLogWorker.java:<init>(189)) - new s1@group-728B40B71970-SegmentedRaftLogWorker for RaftStorageImpl:Storage Directory /home/runner/work/ratis/ratis/ratis-test/target/test/data/fff23088/MiniRaftClusterWithGrpca2251b6d/s1/5926040c-9b35-4d52-a796-728b40b71970
2024-12-27 13:08:17,322 [s1-impl-thread1] INFO  segmented.SegmentedRaftLogWorker (SegmentedRaftLogWorker.java:lambda$new$0(140)) - s1@group-728B40B71970-SegmentedRaftLogWorker: flushIndex: setUnconditionally 0 -> -1
2024-12-27 13:08:17,322 [s1-impl-thread1] INFO  segmented.SegmentedRaftLogWorker (SegmentedRaftLogWorker.java:lambda$new$0(140)) - s1@group-728B40B71970-SegmentedRaftLogWorker: safeCacheEvictIndex: setUnconditionally 0 -> -1
2024-12-27 13:08:17,323 [s1-impl-thread1] INFO  server.RaftServer$Division (RaftServerImpl.java:start(392)) - s1@group-728B40B71970: start as a follower, conf=conf: {index: -1, cur=peers:[s3|localhost:15012, s4|localhost:15016, s0|localhost:15000, s1|localhost:15004, s2|localhost:15008]|listeners:[], old=null}
2024-12-27 13:08:17,323 [s1-impl-thread1] INFO  server.RaftServer$Division (RaftServerImpl.java:setRole(379)) - s1@group-728B40B71970: changes role from      null to FOLLOWER at term 0 for startAsFollower
2024-12-27 13:08:17,323 [s1-impl-thread1] INFO  impl.RoleInfo (RoleInfo.java:updateAndGet(148)) - s1: start s1@group-728B40B71970-FollowerState
2024-12-27 13:08:17,323 [s1-impl-thread1] INFO  util.JmxRegister (JmxRegister.java:tryRegister(44)) - Successfully registered JMX Bean with object name Ratis:service=RaftServer,group=group-728B40B71970,id=s1
2024-12-27 13:08:17,323 [s1-impl-thread1] INFO  util.JmxRegister (JmxRegister.java:register(58)) - register mxBean class org.apache.ratis.server.impl.RaftServerJmxAdapter as Ratis:service=RaftServer,group=group-728B40B71970,id=s1
2024-12-27 13:08:17,324 [s1-impl-thread1] INFO  server.RaftServer$Division (RaftServerImpl.java:start(406)) - s1@group-728B40B71970: Successfully started.
2024-12-27 13:08:17,324 [main] INFO  server.RaftServer (RaftServerProxy.java:startImpl(408)) - s1: start RPC server
2024-12-27 13:08:17,325 [main] INFO  server.GrpcServicesImpl (GrpcServicesImpl.java:startImpl(353)) - s1: GrpcServicesImpl started, listening on 15006
2024-12-27 13:08:17,325 [main] INFO  server.GrpcServicesImpl (GrpcServicesImpl.java:startImpl(353)) - s1: GrpcServicesImpl started, listening on 15004
2024-12-27 13:08:17,326 [main] INFO  server.GrpcServicesImpl (GrpcServicesImpl.java:startImpl(353)) - s1: GrpcServicesImpl started, listening on 15005
2024-12-27 13:08:17,326 [JvmPauseMonitor3] INFO  util.JvmPauseMonitor (JvmPauseMonitor.java:run(146)) - JvmPauseMonitor-s1: Started
2024-12-27 13:08:17,326 [s2-impl-thread1] INFO  storage.RaftStorageDirectory (RaftStorageDirectoryImpl.java:analyzeStorage(138)) - The storage directory /home/runner/work/ratis/ratis/ratis-test/target/test/data/fff23088/MiniRaftClusterWithGrpca2251b6d/s2/5926040c-9b35-4d52-a796-728b40b71970 does not exist. Creating ...
2024-12-27 13:08:17,327 [s2-impl-thread1] TRACE util.FileUtils (LogUtils.java:runAndLog(49)) - Successfully ran Files.createDirectories /home/runner/work/ratis/ratis/ratis-test/target/test/data/fff23088/MiniRaftClusterWithGrpca2251b6d/s2/5926040c-9b35-4d52-a796-728b40b71970
2024-12-27 13:08:17,327 [s2-impl-thread1] INFO  storage.RaftStorageDirectory (RaftStorageDirectoryImpl.java:tryLock(229)) - Lock on /home/runner/work/ratis/ratis/ratis-test/target/test/data/fff23088/MiniRaftClusterWithGrpca2251b6d/s2/5926040c-9b35-4d52-a796-728b40b71970/in_use.lock acquired by nodename 4110@fv-az1113-268
2024-12-27 13:08:17,328 [s2-impl-thread1] TRACE util.FileUtils (LogUtils.java:runAndLog(49)) - Successfully ran Files.createDirectories /home/runner/work/ratis/ratis/ratis-test/target/test/data/fff23088/MiniRaftClusterWithGrpca2251b6d/s2/5926040c-9b35-4d52-a796-728b40b71970/current
2024-12-27 13:08:17,328 [s2-impl-thread1] TRACE util.FileUtils (LogUtils.java:runAndLog(49)) - Successfully ran Files.createDirectories /home/runner/work/ratis/ratis/ratis-test/target/test/data/fff23088/MiniRaftClusterWithGrpca2251b6d/s2/5926040c-9b35-4d52-a796-728b40b71970/sm
2024-12-27 13:08:17,328 [s2-impl-thread1] TRACE util.FileUtils (LogUtils.java:supplyAndLog(69)) - Successfully supplied FileChannel.open /home/runner/work/ratis/ratis/ratis-test/target/test/data/fff23088/MiniRaftClusterWithGrpca2251b6d/s2/5926040c-9b35-4d52-a796-728b40b71970/current/raft-meta.tmp with options [CREATE, WRITE]: sun.nio.ch.FileChannelImpl@3716c5fb
2024-12-27 13:08:17,329 [s2-impl-thread1] TRACE util.FileUtils (LogUtils.java:runAndLog(49)) - Successfully ran Atomic Files.move /home/runner/work/ratis/ratis/ratis-test/target/test/data/fff23088/MiniRaftClusterWithGrpca2251b6d/s2/5926040c-9b35-4d52-a796-728b40b71970/current/raft-meta.tmp to /home/runner/work/ratis/ratis/ratis-test/target/test/data/fff23088/MiniRaftClusterWithGrpca2251b6d/s2/5926040c-9b35-4d52-a796-728b40b71970/current/raft-meta with options [REPLACE_EXISTING]
2024-12-27 13:08:17,329 [s2-impl-thread1] INFO  storage.RaftStorage (RaftStorageImpl.java:format(98)) - Storage directory /home/runner/work/ratis/ratis/ratis-test/target/test/data/fff23088/MiniRaftClusterWithGrpca2251b6d/s2/5926040c-9b35-4d52-a796-728b40b71970 has been successfully formatted.
2024-12-27 13:08:17,329 [s2-impl-thread1] INFO  impl.SimpleStateMachine4Testing (SimpleStateMachine4Testing.java:initialize(214)) - Initializing SimpleStateMachine4Testing:uninitialized
2024-12-27 13:08:17,329 [s2-impl-thread1] INFO  impl.SimpleStateMachine4Testing (SimpleStateMachine4Testing.java:loadSnapshot(298)) - Loading snapshot null
2024-12-27 13:08:17,330 [s2-impl-thread1] INFO  util.AwaitToRun (AwaitToRun.java:start(81)) - Thread[s2@group-728B40B71970-cacheEviction-AwaitToRun,5,main] started
2024-12-27 13:08:17,331 [s2-impl-thread1] INFO  segmented.SegmentedRaftLogWorker (SegmentedRaftLogWorker.java:<init>(189)) - new s2@group-728B40B71970-SegmentedRaftLogWorker for RaftStorageImpl:Storage Directory /home/runner/work/ratis/ratis/ratis-test/target/test/data/fff23088/MiniRaftClusterWithGrpca2251b6d/s2/5926040c-9b35-4d52-a796-728b40b71970
2024-12-27 13:08:17,332 [s2-impl-thread1] INFO  segmented.SegmentedRaftLogWorker (SegmentedRaftLogWorker.java:lambda$new$0(140)) - s2@group-728B40B71970-SegmentedRaftLogWorker: flushIndex: setUnconditionally 0 -> -1
2024-12-27 13:08:17,333 [s2-impl-thread1] INFO  segmented.SegmentedRaftLogWorker (SegmentedRaftLogWorker.java:lambda$new$0(140)) - s2@group-728B40B71970-SegmentedRaftLogWorker: safeCacheEvictIndex: setUnconditionally 0 -> -1
2024-12-27 13:08:17,333 [s2-impl-thread1] INFO  server.RaftServer$Division (RaftServerImpl.java:start(392)) - s2@group-728B40B71970: start as a follower, conf=conf: {index: -1, cur=peers:[s3|localhost:15012, s4|localhost:15016, s0|localhost:15000, s1|localhost:15004, s2|localhost:15008]|listeners:[], old=null}
2024-12-27 13:08:17,333 [s2-impl-thread1] INFO  server.RaftServer$Division (RaftServerImpl.java:setRole(379)) - s2@group-728B40B71970: changes role from      null to FOLLOWER at term 0 for startAsFollower
2024-12-27 13:08:17,333 [s2-impl-thread1] INFO  impl.RoleInfo (RoleInfo.java:updateAndGet(148)) - s2: start s2@group-728B40B71970-FollowerState
2024-12-27 13:08:17,333 [s2-impl-thread1] INFO  util.JmxRegister (JmxRegister.java:tryRegister(44)) - Successfully registered JMX Bean with object name Ratis:service=RaftServer,group=group-728B40B71970,id=s2
2024-12-27 13:08:17,334 [s2-impl-thread1] INFO  util.JmxRegister (JmxRegister.java:register(58)) - register mxBean class org.apache.ratis.server.impl.RaftServerJmxAdapter as Ratis:service=RaftServer,group=group-728B40B71970,id=s2
2024-12-27 13:08:17,334 [s2-impl-thread1] INFO  server.RaftServer$Division (RaftServerImpl.java:start(406)) - s2@group-728B40B71970: Successfully started.
2024-12-27 13:08:17,334 [main] INFO  server.RaftServer (RaftServerProxy.java:startImpl(408)) - s2: start RPC server
2024-12-27 13:08:17,335 [main] INFO  server.GrpcServicesImpl (GrpcServicesImpl.java:startImpl(353)) - s2: GrpcServicesImpl started, listening on 15010
2024-12-27 13:08:17,335 [main] INFO  server.GrpcServicesImpl (GrpcServicesImpl.java:startImpl(353)) - s2: GrpcServicesImpl started, listening on 15008
2024-12-27 13:08:17,337 [main] INFO  server.GrpcServicesImpl (GrpcServicesImpl.java:startImpl(353)) - s2: GrpcServicesImpl started, listening on 15009
2024-12-27 13:08:17,339 [JvmPauseMonitor4] INFO  util.JvmPauseMonitor (JvmPauseMonitor.java:run(146)) - JvmPauseMonitor-s2: Started
2024-12-27 13:08:17,342 [main] INFO  ratis.RaftTestUtil (RaftTestUtil.java:waitForLeader(107)) - printing ALL groups
  s3:  RUNNING  FOLLOWER s3@group-728B40B71970:t0, leader=null, voted=, raftlog=Memoized:s3@group-728B40B71970-SegmentedRaftLog:OPENED:c-1:lastnull, conf=conf: {index: -1, cur=peers:[s3|localhost:15012, s4|localhost:15016, s0|localhost:15000, s1|localhost:15004, s2|localhost:15008]|listeners:[], old=null} RUNNING
  s4:  RUNNING  FOLLOWER s4@group-728B40B71970:t0, leader=null, voted=, raftlog=Memoized:s4@group-728B40B71970-SegmentedRaftLog:OPENED:c-1:lastnull, conf=conf: {index: -1, cur=peers:[s3|localhost:15012, s4|localhost:15016, s0|localhost:15000, s1|localhost:15004, s2|localhost:15008]|listeners:[], old=null} RUNNING
  s0:  RUNNING  FOLLOWER s0@group-728B40B71970:t0, leader=null, voted=, raftlog=Memoized:s0@group-728B40B71970-SegmentedRaftLog:OPENED:c-1:lastnull, conf=conf: {index: -1, cur=peers:[s3|localhost:15012, s4|localhost:15016, s0|localhost:15000, s1|localhost:15004, s2|localhost:15008]|listeners:[], old=null} RUNNING
  s1:  RUNNING  FOLLOWER s1@group-728B40B71970:t0, leader=null, voted=, raftlog=Memoized:s1@group-728B40B71970-SegmentedRaftLog:OPENED:c-1:lastnull, conf=conf: {index: -1, cur=peers:[s3|localhost:15012, s4|localhost:15016, s0|localhost:15000, s1|localhost:15004, s2|localhost:15008]|listeners:[], old=null} RUNNING
  s2:  RUNNING  FOLLOWER s2@group-728B40B71970:t0, leader=null, voted=, raftlog=Memoized:s2@group-728B40B71970-SegmentedRaftLog:OPENED:c-1:lastnull, conf=conf: {index: -1, cur=peers:[s3|localhost:15012, s4|localhost:15016, s0|localhost:15000, s1|localhost:15004, s2|localhost:15008]|listeners:[], old=null} RUNNING
2024-12-27 13:08:17,344 [main] WARN  ratis.RaftTestUtil (RaftTestUtil.java:lambda$waitForLeader$3(126)) - Attempt #1 failed: java.lang.IllegalStateException: No leader yet : printing ALL groups
  s3:  RUNNING  FOLLOWER s3@group-728B40B71970:t0, leader=null, voted=, raftlog=Memoized:s3@group-728B40B71970-SegmentedRaftLog:OPENED:c-1:lastnull, conf=conf: {index: -1, cur=peers:[s3|localhost:15012, s4|localhost:15016, s0|localhost:15000, s1|localhost:15004, s2|localhost:15008]|listeners:[], old=null} RUNNING
  s4:  RUNNING  FOLLOWER s4@group-728B40B71970:t0, leader=null, voted=, raftlog=Memoized:s4@group-728B40B71970-SegmentedRaftLog:OPENED:c-1:lastnull, conf=conf: {index: -1, cur=peers:[s3|localhost:15012, s4|localhost:15016, s0|localhost:15000, s1|localhost:15004, s2|localhost:15008]|listeners:[], old=null} RUNNING
  s0:  RUNNING  FOLLOWER s0@group-728B40B71970:t0, leader=null, voted=, raftlog=Memoized:s0@group-728B40B71970-SegmentedRaftLog:OPENED:c-1:lastnull, conf=conf: {index: -1, cur=peers:[s3|localhost:15012, s4|localhost:15016, s0|localhost:15000, s1|localhost:15004, s2|localhost:15008]|listeners:[], old=null} RUNNING
  s1:  RUNNING  FOLLOWER s1@group-728B40B71970:t0, leader=null, voted=, raftlog=Memoized:s1@group-728B40B71970-SegmentedRaftLog:OPENED:c-1:lastnull, conf=conf: {index: -1, cur=peers:[s3|localhost:15012, s4|localhost:15016, s0|localhost:15000, s1|localhost:15004, s2|localhost:15008]|listeners:[], old=null} RUNNING
  s2:  RUNNING  FOLLOWER s2@group-728B40B71970:t0, leader=null, voted=, raftlog=Memoized:s2@group-728B40B71970-SegmentedRaftLog:OPENED:c-1:lastnull, conf=conf: {index: -1, cur=peers:[s3|localhost:15012, s4|localhost:15016, s0|localhost:15000, s1|localhost:15004, s2|localhost:15008]|listeners:[], old=null} RUNNING
2024-12-27 13:08:18,823 [s1@group-728B40B71970-FollowerState] INFO  impl.FollowerState (FollowerState.java:runImpl(161)) - s1@group-728B40B71970-FollowerState: change to CANDIDATE, lastRpcElapsedTime:1499685004ns, electionTimeout:1498ms
2024-12-27 13:08:18,823 [s1@group-728B40B71970-FollowerState] INFO  impl.RoleInfo (RoleInfo.java:shutdownFollowerState(121)) - s1: shutdown s1@group-728B40B71970-FollowerState
2024-12-27 13:08:18,823 [s1@group-728B40B71970-FollowerState] INFO  server.RaftServer$Division (RaftServerImpl.java:setRole(379)) - s1@group-728B40B71970: changes role from  FOLLOWER to CANDIDATE at term 0 for changeToCandidate
2024-12-27 13:08:18,825 [s1@group-728B40B71970-FollowerState] INFO  impl.RoleInfo (RoleInfo.java:updateAndGet(148)) - s1: start s1@group-728B40B71970-LeaderElection1
2024-12-27 13:08:18,827 [s1@group-728B40B71970-LeaderElection1] INFO  impl.LeaderElection (LeaderElection.java:askForVotes(332)) - s1@group-728B40B71970-LeaderElection1 PRE_VOTE round 0: submit vote requests at term 0 for conf: {index: -1, cur=peers:[s3|localhost:15012, s4|localhost:15016, s0|localhost:15000, s1|localhost:15004, s2|localhost:15008]|listeners:[], old=null}
2024-12-27 13:08:18,840 [s1@group-728B40B71970-LeaderElection1-4] INFO  server.GrpcServerProtocolClient (GrpcServerProtocolClient.java:<init>(65)) - Build channel for s2|localhost:15008
2024-12-27 13:08:18,840 [s1@group-728B40B71970-LeaderElection1-1] INFO  server.GrpcServerProtocolClient (GrpcServerProtocolClient.java:<init>(65)) - Build channel for s3|localhost:15012
2024-12-27 13:08:18,840 [s1@group-728B40B71970-LeaderElection1-2] INFO  server.GrpcServerProtocolClient (GrpcServerProtocolClient.java:<init>(65)) - Build channel for s4|localhost:15016
2024-12-27 13:08:18,841 [s1@group-728B40B71970-LeaderElection1-3] INFO  server.GrpcServerProtocolClient (GrpcServerProtocolClient.java:<init>(65)) - Build channel for s0|localhost:15000
2024-12-27 13:08:19,091 [grpc-default-executor-2] INFO  server.RaftServer$Division (RaftServerImpl.java:requestVote(1459)) - s4@group-728B40B71970: receive requestVote(PRE_VOTE, s1, group-728B40B71970, 0, (t:0, i:0))
2024-12-27 13:08:19,091 [grpc-default-executor-0] INFO  server.RaftServer$Division (RaftServerImpl.java:requestVote(1459)) - s2@group-728B40B71970: receive requestVote(PRE_VOTE, s1, group-728B40B71970, 0, (t:0, i:0))
2024-12-27 13:08:19,093 [grpc-default-executor-0] INFO  impl.VoteContext (VoteContext.java:log(49)) - s2@group-728B40B71970-FOLLOWER: accept PRE_VOTE from s1: our priority 0 <= candidate's priority 0
2024-12-27 13:08:19,093 [grpc-default-executor-3] INFO  server.RaftServer$Division (RaftServerImpl.java:requestVote(1459)) - s0@group-728B40B71970: receive requestVote(PRE_VOTE, s1, group-728B40B71970, 0, (t:0, i:0))
2024-12-27 13:08:19,093 [s3@group-728B40B71970-FollowerState] INFO  impl.FollowerState (FollowerState.java:runImpl(161)) - s3@group-728B40B71970-FollowerState: change to CANDIDATE, lastRpcElapsedTime:1844874669ns, electionTimeout:1844ms
2024-12-27 13:08:19,093 [s3@group-728B40B71970-FollowerState] INFO  impl.RoleInfo (RoleInfo.java:shutdownFollowerState(121)) - s3: shutdown s3@group-728B40B71970-FollowerState
2024-12-27 13:08:19,093 [s3@group-728B40B71970-FollowerState] INFO  server.RaftServer$Division (RaftServerImpl.java:setRole(379)) - s3@group-728B40B71970: changes role from  FOLLOWER to CANDIDATE at term 0 for changeToCandidate
2024-12-27 13:08:19,093 [s3@group-728B40B71970-FollowerState] INFO  impl.RoleInfo (RoleInfo.java:updateAndGet(148)) - s3: start s3@group-728B40B71970-LeaderElection2
2024-12-27 13:08:19,093 [grpc-default-executor-2] INFO  impl.VoteContext (VoteContext.java:log(49)) - s4@group-728B40B71970-FOLLOWER: accept PRE_VOTE from s1: our priority 0 <= candidate's priority 0
2024-12-27 13:08:19,094 [s3@group-728B40B71970-LeaderElection2] INFO  impl.LeaderElection (LeaderElection.java:askForVotes(332)) - s3@group-728B40B71970-LeaderElection2 PRE_VOTE round 0: submit vote requests at term 0 for conf: {index: -1, cur=peers:[s3|localhost:15012, s4|localhost:15016, s0|localhost:15000, s1|localhost:15004, s2|localhost:15008]|listeners:[], old=null}
2024-12-27 13:08:19,093 [grpc-default-executor-1] INFO  server.RaftServer$Division (RaftServerImpl.java:requestVote(1459)) - s3@group-728B40B71970: receive requestVote(PRE_VOTE, s1, group-728B40B71970, 0, (t:0, i:0))
2024-12-27 13:08:19,094 [grpc-default-executor-1] INFO  impl.VoteContext (VoteContext.java:log(49)) - s3@group-728B40B71970-CANDIDATE: accept PRE_VOTE from s1: our priority 0 <= candidate's priority 0
2024-12-27 13:08:19,093 [grpc-default-executor-3] INFO  impl.VoteContext (VoteContext.java:log(49)) - s0@group-728B40B71970-FOLLOWER: accept PRE_VOTE from s1: our priority 0 <= candidate's priority 0
2024-12-27 13:08:19,098 [grpc-default-executor-1] INFO  server.RaftServer$Division (RaftServerImpl.java:requestVote(1493)) - s3@group-728B40B71970 replies to PRE_VOTE vote request: s1<-s3#0:OK-t0. Peer's state: s3@group-728B40B71970:t0, leader=null, voted=, raftlog=Memoized:s3@group-728B40B71970-SegmentedRaftLog:OPENED:c-1:lastnull, conf=conf: {index: -1, cur=peers:[s3|localhost:15012, s4|localhost:15016, s0|localhost:15000, s1|localhost:15004, s2|localhost:15008]|listeners:[], old=null}
2024-12-27 13:08:19,100 [grpc-default-executor-2] INFO  server.RaftServer$Division (RaftServerImpl.java:requestVote(1493)) - s4@group-728B40B71970 replies to PRE_VOTE vote request: s1<-s4#0:OK-t0. Peer's state: s4@group-728B40B71970:t0, leader=null, voted=, raftlog=Memoized:s4@group-728B40B71970-SegmentedRaftLog:OPENED:c-1:lastnull, conf=conf: {index: -1, cur=peers:[s3|localhost:15012, s4|localhost:15016, s0|localhost:15000, s1|localhost:15004, s2|localhost:15008]|listeners:[], old=null}
2024-12-27 13:08:19,098 [grpc-default-executor-0] INFO  server.RaftServer$Division (RaftServerImpl.java:requestVote(1493)) - s2@group-728B40B71970 replies to PRE_VOTE vote request: s1<-s2#0:OK-t0. Peer's state: s2@group-728B40B71970:t0, leader=null, voted=, raftlog=Memoized:s2@group-728B40B71970-SegmentedRaftLog:OPENED:c-1:lastnull, conf=conf: {index: -1, cur=peers:[s3|localhost:15012, s4|localhost:15016, s0|localhost:15000, s1|localhost:15004, s2|localhost:15008]|listeners:[], old=null}
2024-12-27 13:08:19,100 [grpc-default-executor-3] INFO  server.RaftServer$Division (RaftServerImpl.java:requestVote(1493)) - s0@group-728B40B71970 replies to PRE_VOTE vote request: s1<-s0#0:OK-t0. Peer's state: s0@group-728B40B71970:t0, leader=null, voted=, raftlog=Memoized:s0@group-728B40B71970-SegmentedRaftLog:OPENED:c-1:lastnull, conf=conf: {index: -1, cur=peers:[s3|localhost:15012, s4|localhost:15016, s0|localhost:15000, s1|localhost:15004, s2|localhost:15008]|listeners:[], old=null}
2024-12-27 13:08:19,109 [s3@group-728B40B71970-LeaderElection2-1] INFO  server.GrpcServerProtocolClient (GrpcServerProtocolClient.java:<init>(65)) - Build channel for s4|localhost:15016
2024-12-27 13:08:19,110 [s1@group-728B40B71970-LeaderElection1] INFO  impl.LeaderElection (LeaderElection.java:logAndReturn(90)) - s1@group-728B40B71970-LeaderElection1: PRE_VOTE PASSED received 2 response(s) and 0 exception(s):
2024-12-27 13:08:19,110 [s1@group-728B40B71970-LeaderElection1] INFO  impl.LeaderElection (LeaderElection.java:logAndReturn(94)) -   Response 0: s1<-s0#0:OK-t0
2024-12-27 13:08:19,110 [s1@group-728B40B71970-LeaderElection1] INFO  impl.LeaderElection (LeaderElection.java:logAndReturn(94)) -   Response 1: s1<-s2#0:OK-t0
2024-12-27 13:08:19,112 [s3@group-728B40B71970-LeaderElection2-2] INFO  server.GrpcServerProtocolClient (GrpcServerProtocolClient.java:<init>(65)) - Build channel for s0|localhost:15000
2024-12-27 13:08:19,113 [s3@group-728B40B71970-LeaderElection2-3] INFO  server.GrpcServerProtocolClient (GrpcServerProtocolClient.java:<init>(65)) - Build channel for s1|localhost:15004
2024-12-27 13:08:19,114 [s1@group-728B40B71970-LeaderElection1] INFO  impl.LeaderElection (LeaderElection.java:askForVotes(334)) - s1@group-728B40B71970-LeaderElection1 PRE_VOTE round 0: result PASSED
2024-12-27 13:08:19,115 [s1@group-728B40B71970-LeaderElection1] TRACE util.FileUtils (LogUtils.java:supplyAndLog(69)) - Successfully supplied FileChannel.open /home/runner/work/ratis/ratis/ratis-test/target/test/data/fff23088/MiniRaftClusterWithGrpca2251b6d/s1/5926040c-9b35-4d52-a796-728b40b71970/current/raft-meta.tmp with options [CREATE, WRITE]: sun.nio.ch.FileChannelImpl@784c1c16
2024-12-27 13:08:19,116 [s3@group-728B40B71970-LeaderElection2-4] INFO  server.GrpcServerProtocolClient (GrpcServerProtocolClient.java:<init>(65)) - Build channel for s2|localhost:15008
2024-12-27 13:08:19,119 [s1@group-728B40B71970-LeaderElection1] TRACE util.FileUtils (LogUtils.java:runAndLog(49)) - Successfully ran Atomic Files.move /home/runner/work/ratis/ratis/ratis-test/target/test/data/fff23088/MiniRaftClusterWithGrpca2251b6d/s1/5926040c-9b35-4d52-a796-728b40b71970/current/raft-meta.tmp to /home/runner/work/ratis/ratis/ratis-test/target/test/data/fff23088/MiniRaftClusterWithGrpca2251b6d/s1/5926040c-9b35-4d52-a796-728b40b71970/current/raft-meta with options [REPLACE_EXISTING]
2024-12-27 13:08:19,119 [s1@group-728B40B71970-LeaderElection1] INFO  impl.LeaderElection (LeaderElection.java:askForVotes(332)) - s1@group-728B40B71970-LeaderElection1 ELECTION round 0: submit vote requests at term 1 for conf: {index: -1, cur=peers:[s3|localhost:15012, s4|localhost:15016, s0|localhost:15000, s1|localhost:15004, s2|localhost:15008]|listeners:[], old=null}
2024-12-27 13:08:19,120 [grpc-default-executor-0] INFO  server.RaftServer$Division (RaftServerImpl.java:requestVote(1459)) - s1@group-728B40B71970: receive requestVote(PRE_VOTE, s3, group-728B40B71970, 0, (t:0, i:0))
2024-12-27 13:08:19,120 [grpc-default-executor-0] INFO  impl.VoteContext (VoteContext.java:log(49)) - s1@group-728B40B71970-CANDIDATE: accept PRE_VOTE from s3: our priority 0 <= candidate's priority 0
2024-12-27 13:08:19,121 [grpc-default-executor-0] INFO  server.RaftServer$Division (RaftServerImpl.java:requestVote(1493)) - s1@group-728B40B71970 replies to PRE_VOTE vote request: s3<-s1#0:OK-t1. Peer's state: s1@group-728B40B71970:t1, leader=null, voted=s1, raftlog=Memoized:s1@group-728B40B71970-SegmentedRaftLog:OPENED:c-1:lastnull, conf=conf: {index: -1, cur=peers:[s3|localhost:15012, s4|localhost:15016, s0|localhost:15000, s1|localhost:15004, s2|localhost:15008]|listeners:[], old=null}
2024-12-27 13:08:19,122 [grpc-default-executor-2] INFO  server.RaftServer$Division (RaftServerImpl.java:requestVote(1459)) - s0@group-728B40B71970: receive requestVote(PRE_VOTE, s3, group-728B40B71970, 0, (t:0, i:0))
2024-12-27 13:08:19,122 [grpc-default-executor-2] INFO  impl.VoteContext (VoteContext.java:log(49)) - s0@group-728B40B71970-FOLLOWER: accept PRE_VOTE from s3: our priority 0 <= candidate's priority 0
2024-12-27 13:08:19,122 [grpc-default-executor-2] INFO  server.RaftServer$Division (RaftServerImpl.java:requestVote(1493)) - s0@group-728B40B71970 replies to PRE_VOTE vote request: s3<-s0#0:OK-t0. Peer's state: s0@group-728B40B71970:t0, leader=null, voted=, raftlog=Memoized:s0@group-728B40B71970-SegmentedRaftLog:OPENED:c-1:lastnull, conf=conf: {index: -1, cur=peers:[s3|localhost:15012, s4|localhost:15016, s0|localhost:15000, s1|localhost:15004, s2|localhost:15008]|listeners:[], old=null}
2024-12-27 13:08:19,125 [grpc-default-executor-0] INFO  server.RaftServer$Division (RaftServerImpl.java:requestVote(1459)) - s3@group-728B40B71970: receive requestVote(ELECTION, s1, group-728B40B71970, 1, (t:0, i:0))
2024-12-27 13:08:19,125 [grpc-default-executor-0] INFO  impl.VoteContext (VoteContext.java:log(49)) - s3@group-728B40B71970-CANDIDATE: accept ELECTION from s1: our priority 0 <= candidate's priority 0
2024-12-27 13:08:19,125 [grpc-default-executor-0] INFO  server.RaftServer$Division (RaftServerImpl.java:setRole(379)) - s3@group-728B40B71970: changes role from CANDIDATE to FOLLOWER at term 0 for candidate:s1
2024-12-27 13:08:19,125 [grpc-default-executor-0] INFO  impl.RoleInfo (RoleInfo.java:shutdownLeaderElection(141)) - s3: shutdown s3@group-728B40B71970-LeaderElection2
2024-12-27 13:08:19,128 [grpc-default-executor-0] INFO  impl.RoleInfo (RoleInfo.java:updateAndGet(148)) - s3: start s3@group-728B40B71970-FollowerState
2024-12-27 13:08:19,129 [grpc-default-executor-2] INFO  server.RaftServer$Division (RaftServerImpl.java:requestVote(1459)) - s2@group-728B40B71970: receive requestVote(PRE_VOTE, s3, group-728B40B71970, 0, (t:0, i:0))
2024-12-27 13:08:19,129 [grpc-default-executor-2] INFO  impl.VoteContext (VoteContext.java:log(49)) - s2@group-728B40B71970-FOLLOWER: accept PRE_VOTE from s3: our priority 0 <= candidate's priority 0
2024-12-27 13:08:19,129 [grpc-default-executor-2] INFO  server.RaftServer$Division (RaftServerImpl.java:requestVote(1493)) - s2@group-728B40B71970 replies to PRE_VOTE vote request: s3<-s2#0:OK-t0. Peer's state: s2@group-728B40B71970:t0, leader=null, voted=, raftlog=Memoized:s2@group-728B40B71970-SegmentedRaftLog:OPENED:c-1:lastnull, conf=conf: {index: -1, cur=peers:[s3|localhost:15012, s4|localhost:15016, s0|localhost:15000, s1|localhost:15004, s2|localhost:15008]|listeners:[], old=null}
2024-12-27 13:08:19,129 [grpc-default-executor-3] INFO  server.RaftServer$Division (RaftServerImpl.java:requestVote(1459)) - s0@group-728B40B71970: receive requestVote(ELECTION, s1, group-728B40B71970, 1, (t:0, i:0))
2024-12-27 13:08:19,130 [grpc-default-executor-3] INFO  impl.VoteContext (VoteContext.java:log(49)) - s0@group-728B40B71970-FOLLOWER: accept ELECTION from s1: our priority 0 <= candidate's priority 0
2024-12-27 13:08:19,130 [grpc-default-executor-3] INFO  server.RaftServer$Division (RaftServerImpl.java:setRole(379)) - s0@group-728B40B71970: changes role from  FOLLOWER to FOLLOWER at term 0 for candidate:s1
2024-12-27 13:08:19,130 [grpc-default-executor-3] INFO  impl.RoleInfo (RoleInfo.java:shutdownFollowerState(121)) - s0: shutdown s0@group-728B40B71970-FollowerState
2024-12-27 13:08:19,133 [grpc-default-executor-2] INFO  server.RaftServer$Division (RaftServerImpl.java:requestVote(1459)) - s4@group-728B40B71970: receive requestVote(PRE_VOTE, s3, group-728B40B71970, 0, (t:0, i:0))
2024-12-27 13:08:19,133 [grpc-default-executor-2] INFO  impl.VoteContext (VoteContext.java:log(49)) - s4@group-728B40B71970-FOLLOWER: accept PRE_VOTE from s3: our priority 0 <= candidate's priority 0
2024-12-27 13:08:19,133 [grpc-default-executor-3] INFO  impl.RoleInfo (RoleInfo.java:updateAndGet(148)) - s0: start s0@group-728B40B71970-FollowerState
2024-12-27 13:08:19,133 [s3@group-728B40B71970-LeaderElection2] INFO  impl.LeaderElection (LeaderElection.java:logAndReturn(90)) - s3@group-728B40B71970-LeaderElection2: PRE_VOTE REJECTED received 1 response(s) and 0 exception(s):
2024-12-27 13:08:19,133 [grpc-default-executor-0] INFO  server.RaftServer$Division (RaftServerImpl.java:setFirstElection(563)) - s3@group-728B40B71970: set firstElectionSinceStartup to false for candidate:s1
2024-12-27 13:08:19,134 [grpc-default-executor-0] TRACE util.FileUtils (LogUtils.java:supplyAndLog(69)) - Successfully supplied FileChannel.open /home/runner/work/ratis/ratis/ratis-test/target/test/data/fff23088/MiniRaftClusterWithGrpca2251b6d/s3/5926040c-9b35-4d52-a796-728b40b71970/current/raft-meta.tmp with options [CREATE, WRITE]: sun.nio.ch.FileChannelImpl@716d6e2d
2024-12-27 13:08:19,134 [s0@group-728B40B71970-FollowerState] INFO  impl.FollowerState (FollowerState.java:runImpl(170)) - s0@group-728B40B71970-FollowerState was interrupted
2024-12-27 13:08:19,134 [s3@group-728B40B71970-LeaderElection2] INFO  impl.LeaderElection (LeaderElection.java:logAndReturn(94)) -   Response 0: s3<-s0#0:OK-t0
2024-12-27 13:08:19,133 [grpc-default-executor-1] INFO  server.RaftServer$Division (RaftServerImpl.java:requestVote(1459)) - s4@group-728B40B71970: receive requestVote(ELECTION, s1, group-728B40B71970, 1, (t:0, i:0))
2024-12-27 13:08:19,133 [grpc-default-executor-2] INFO  server.RaftServer$Division (RaftServerImpl.java:requestVote(1493)) - s4@group-728B40B71970 replies to PRE_VOTE vote request: s3<-s4#0:OK-t0. Peer's state: s4@group-728B40B71970:t0, leader=null, voted=, raftlog=Memoized:s4@group-728B40B71970-SegmentedRaftLog:OPENED:c-1:lastnull, conf=conf: {index: -1, cur=peers:[s3|localhost:15012, s4|localhost:15016, s0|localhost:15000, s1|localhost:15004, s2|localhost:15008]|listeners:[], old=null}
2024-12-27 13:08:19,135 [grpc-default-executor-1] INFO  impl.VoteContext (VoteContext.java:log(49)) - s4@group-728B40B71970-FOLLOWER: accept ELECTION from s1: our priority 0 <= candidate's priority 0
2024-12-27 13:08:19,135 [grpc-default-executor-1] INFO  server.RaftServer$Division (RaftServerImpl.java:setRole(379)) - s4@group-728B40B71970: changes role from  FOLLOWER to FOLLOWER at term 0 for candidate:s1
2024-12-27 13:08:19,135 [grpc-default-executor-1] INFO  impl.RoleInfo (RoleInfo.java:shutdownFollowerState(121)) - s4: shutdown s4@group-728B40B71970-FollowerState
2024-12-27 13:08:19,136 [grpc-default-executor-3] INFO  server.RaftServer$Division (RaftServerImpl.java:setFirstElection(563)) - s0@group-728B40B71970: set firstElectionSinceStartup to false for candidate:s1
2024-12-27 13:08:19,136 [s3@group-728B40B71970-LeaderElection2] INFO  impl.LeaderElection (LeaderElection.java:askForVotes(334)) - s3@group-728B40B71970-LeaderElection2 PRE_VOTE round 0: result REJECTED
2024-12-27 13:08:19,136 [grpc-default-executor-3] TRACE util.FileUtils (LogUtils.java:supplyAndLog(69)) - Successfully supplied FileChannel.open /home/runner/work/ratis/ratis/ratis-test/target/test/data/fff23088/MiniRaftClusterWithGrpca2251b6d/s0/5926040c-9b35-4d52-a796-728b40b71970/current/raft-meta.tmp with options [CREATE, WRITE]: sun.nio.ch.FileChannelImpl@52cec07
2024-12-27 13:08:19,136 [grpc-default-executor-1] INFO  impl.RoleInfo (RoleInfo.java:updateAndGet(148)) - s4: start s4@group-728B40B71970-FollowerState
2024-12-27 13:08:19,136 [s4@group-728B40B71970-FollowerState] INFO  impl.FollowerState (FollowerState.java:runImpl(170)) - s4@group-728B40B71970-FollowerState was interrupted
2024-12-27 13:08:19,136 [grpc-default-executor-0] TRACE util.FileUtils (LogUtils.java:runAndLog(49)) - Successfully ran Atomic Files.move /home/runner/work/ratis/ratis/ratis-test/target/test/data/fff23088/MiniRaftClusterWithGrpca2251b6d/s3/5926040c-9b35-4d52-a796-728b40b71970/current/raft-meta.tmp to /home/runner/work/ratis/ratis/ratis-test/target/test/data/fff23088/MiniRaftClusterWithGrpca2251b6d/s3/5926040c-9b35-4d52-a796-728b40b71970/current/raft-meta with options [REPLACE_EXISTING]
2024-12-27 13:08:19,136 [grpc-default-executor-0] INFO  server.RaftServer$Division (RaftServerImpl.java:requestVote(1493)) - s3@group-728B40B71970 replies to ELECTION vote request: s1<-s3#0:OK-t1. Peer's state: s3@group-728B40B71970:t1, leader=null, voted=s1, raftlog=Memoized:s3@group-728B40B71970-SegmentedRaftLog:OPENED:c-1:lastnull, conf=conf: {index: -1, cur=peers:[s3|localhost:15012, s4|localhost:15016, s0|localhost:15000, s1|localhost:15004, s2|localhost:15008]|listeners:[], old=null}
2024-12-27 13:08:19,138 [grpc-default-executor-3] TRACE util.FileUtils (LogUtils.java:runAndLog(49)) - Successfully ran Atomic Files.move /home/runner/work/ratis/ratis/ratis-test/target/test/data/fff23088/MiniRaftClusterWithGrpca2251b6d/s0/5926040c-9b35-4d52-a796-728b40b71970/current/raft-meta.tmp to /home/runner/work/ratis/ratis/ratis-test/target/test/data/fff23088/MiniRaftClusterWithGrpca2251b6d/s0/5926040c-9b35-4d52-a796-728b40b71970/current/raft-meta with options [REPLACE_EXISTING]
2024-12-27 13:08:19,138 [grpc-default-executor-3] INFO  server.RaftServer$Division (RaftServerImpl.java:requestVote(1493)) - s0@group-728B40B71970 replies to ELECTION vote request: s1<-s0#0:OK-t1. Peer's state: s0@group-728B40B71970:t1, leader=null, voted=s1, raftlog=Memoized:s0@group-728B40B71970-SegmentedRaftLog:OPENED:c-1:lastnull, conf=conf: {index: -1, cur=peers:[s3|localhost:15012, s4|localhost:15016, s0|localhost:15000, s1|localhost:15004, s2|localhost:15008]|listeners:[], old=null}
2024-12-27 13:08:19,138 [grpc-default-executor-3] INFO  server.RaftServer$Division (RaftServerImpl.java:requestVote(1459)) - s2@group-728B40B71970: receive requestVote(ELECTION, s1, group-728B40B71970, 1, (t:0, i:0))
2024-12-27 13:08:19,139 [grpc-default-executor-3] INFO  impl.VoteContext (VoteContext.java:log(49)) - s2@group-728B40B71970-FOLLOWER: accept ELECTION from s1: our priority 0 <= candidate's priority 0
2024-12-27 13:08:19,139 [grpc-default-executor-3] INFO  server.RaftServer$Division (RaftServerImpl.java:setRole(379)) - s2@group-728B40B71970: changes role from  FOLLOWER to FOLLOWER at term 0 for candidate:s1
2024-12-27 13:08:19,139 [grpc-default-executor-3] INFO  impl.RoleInfo (RoleInfo.java:shutdownFollowerState(121)) - s2: shutdown s2@group-728B40B71970-FollowerState
2024-12-27 13:08:19,141 [grpc-default-executor-1] INFO  server.RaftServer$Division (RaftServerImpl.java:setFirstElection(563)) - s4@group-728B40B71970: set firstElectionSinceStartup to false for candidate:s1
2024-12-27 13:08:19,141 [grpc-default-executor-1] TRACE util.FileUtils (LogUtils.java:supplyAndLog(69)) - Successfully supplied FileChannel.open /home/runner/work/ratis/ratis/ratis-test/target/test/data/fff23088/MiniRaftClusterWithGrpca2251b6d/s4/5926040c-9b35-4d52-a796-728b40b71970/current/raft-meta.tmp with options [CREATE, WRITE]: sun.nio.ch.FileChannelImpl@72ec367a
2024-12-27 13:08:19,141 [s2@group-728B40B71970-FollowerState] INFO  impl.FollowerState (FollowerState.java:runImpl(170)) - s2@group-728B40B71970-FollowerState was interrupted
2024-12-27 13:08:19,141 [grpc-default-executor-3] INFO  impl.RoleInfo (RoleInfo.java:updateAndGet(148)) - s2: start s2@group-728B40B71970-FollowerState
2024-12-27 13:08:19,142 [s1@group-728B40B71970-LeaderElection1] INFO  impl.LeaderElection (LeaderElection.java:logAndReturn(90)) - s1@group-728B40B71970-LeaderElection1: ELECTION PASSED received 2 response(s) and 0 exception(s):
2024-12-27 13:08:19,142 [s1@group-728B40B71970-LeaderElection1] INFO  impl.LeaderElection (LeaderElection.java:logAndReturn(94)) -   Response 0: s1<-s3#0:OK-t1
2024-12-27 13:08:19,142 [s1@group-728B40B71970-LeaderElection1] INFO  impl.LeaderElection (LeaderElection.java:logAndReturn(94)) -   Response 1: s1<-s0#0:OK-t1
2024-12-27 13:08:19,142 [grpc-default-executor-3] INFO  server.RaftServer$Division (RaftServerImpl.java:setFirstElection(563)) - s2@group-728B40B71970: set firstElectionSinceStartup to false for candidate:s1
2024-12-27 13:08:19,142 [s1@group-728B40B71970-LeaderElection1] INFO  impl.LeaderElection (LeaderElection.java:askForVotes(334)) - s1@group-728B40B71970-LeaderElection1 ELECTION round 0: result PASSED
2024-12-27 13:08:19,142 [s1@group-728B40B71970-LeaderElection1] INFO  impl.RoleInfo (RoleInfo.java:shutdownLeaderElection(141)) - s1: shutdown s1@group-728B40B71970-LeaderElection1
2024-12-27 13:08:19,142 [grpc-default-executor-3] TRACE util.FileUtils (LogUtils.java:supplyAndLog(69)) - Successfully supplied FileChannel.open /home/runner/work/ratis/ratis/ratis-test/target/test/data/fff23088/MiniRaftClusterWithGrpca2251b6d/s2/5926040c-9b35-4d52-a796-728b40b71970/current/raft-meta.tmp with options [CREATE, WRITE]: sun.nio.ch.FileChannelImpl@4e0bca62
2024-12-27 13:08:19,142 [s1@group-728B40B71970-LeaderElection1] INFO  server.RaftServer$Division (RaftServerImpl.java:setRole(379)) - s1@group-728B40B71970: changes role from CANDIDATE to LEADER at term 1 for changeToLeader
2024-12-27 13:08:19,143 [grpc-default-executor-1] TRACE util.FileUtils (LogUtils.java:runAndLog(49)) - Successfully ran Atomic Files.move /home/runner/work/ratis/ratis/ratis-test/target/test/data/fff23088/MiniRaftClusterWithGrpca2251b6d/s4/5926040c-9b35-4d52-a796-728b40b71970/current/raft-meta.tmp to /home/runner/work/ratis/ratis/ratis-test/target/test/data/fff23088/MiniRaftClusterWithGrpca2251b6d/s4/5926040c-9b35-4d52-a796-728b40b71970/current/raft-meta with options [REPLACE_EXISTING]
2024-12-27 13:08:19,143 [grpc-default-executor-1] INFO  server.RaftServer$Division (RaftServerImpl.java:requestVote(1493)) - s4@group-728B40B71970 replies to ELECTION vote request: s1<-s4#0:OK-t1. Peer's state: s4@group-728B40B71970:t1, leader=null, voted=s1, raftlog=Memoized:s4@group-728B40B71970-SegmentedRaftLog:OPENED:c-1:lastnull, conf=conf: {index: -1, cur=peers:[s3|localhost:15012, s4|localhost:15016, s0|localhost:15000, s1|localhost:15004, s2|localhost:15008]|listeners:[], old=null}
2024-12-27 13:08:19,144 [grpc-default-executor-3] TRACE util.FileUtils (LogUtils.java:runAndLog(49)) - Successfully ran Atomic Files.move /home/runner/work/ratis/ratis/ratis-test/target/test/data/fff23088/MiniRaftClusterWithGrpca2251b6d/s2/5926040c-9b35-4d52-a796-728b40b71970/current/raft-meta.tmp to /home/runner/work/ratis/ratis/ratis-test/target/test/data/fff23088/MiniRaftClusterWithGrpca2251b6d/s2/5926040c-9b35-4d52-a796-728b40b71970/current/raft-meta with options [REPLACE_EXISTING]
2024-12-27 13:08:19,145 [grpc-default-executor-3] INFO  server.RaftServer$Division (RaftServerImpl.java:requestVote(1493)) - s2@group-728B40B71970 replies to ELECTION vote request: s1<-s2#0:OK-t1. Peer's state: s2@group-728B40B71970:t1, leader=null, voted=s1, raftlog=Memoized:s2@group-728B40B71970-SegmentedRaftLog:OPENED:c-1:lastnull, conf=conf: {index: -1, cur=peers:[s3|localhost:15012, s4|localhost:15016, s0|localhost:15000, s1|localhost:15004, s2|localhost:15008]|listeners:[], old=null}
2024-12-27 13:08:19,166 [s1@group-728B40B71970-LeaderElection1] INFO  grpc.GrpcConfigKeys (ConfUtils.java:logGet(46)) - raft.grpc.server.leader.outstanding.appends.max = 8 (default)
2024-12-27 13:08:19,166 [s1@group-728B40B71970-LeaderElection1] INFO  grpc.GrpcConfigKeys (ConfUtils.java:logGet(46)) - raft.grpc.server.install_snapshot.request.element-limit = 8 (default)
2024-12-27 13:08:19,166 [s1@group-728B40B71970-LeaderElection1] INFO  grpc.GrpcConfigKeys (ConfUtils.java:logGet(46)) - raft.grpc.server.install_snapshot.request.timeout = 3000ms (default)
2024-12-27 13:08:19,166 [s1@group-728B40B71970-LeaderElection1] INFO  grpc.GrpcConfigKeys (ConfUtils.java:logGet(46)) - raft.grpc.server.log-message.batch.duration = 5s (default)
2024-12-27 13:08:19,166 [s1@group-728B40B71970-LeaderElection1] INFO  grpc.GrpcConfigKeys (ConfUtils.java:logGet(46)) - raft.grpc.server.heartbeat.channel = true (default)
2024-12-27 13:08:19,170 [s1@group-728B40B71970-LeaderElection1] INFO  grpc.GrpcConfigKeys (ConfUtils.java:logGet(46)) - raft.grpc.server.leader.outstanding.appends.max = 8 (default)
2024-12-27 13:08:19,170 [s1@group-728B40B71970-LeaderElection1] INFO  grpc.GrpcConfigKeys (ConfUtils.java:logGet(46)) - raft.grpc.server.install_snapshot.request.element-limit = 8 (default)
2024-12-27 13:08:19,170 [s1@group-728B40B71970-LeaderElection1] INFO  grpc.GrpcConfigKeys (ConfUtils.java:logGet(46)) - raft.grpc.server.install_snapshot.request.timeout = 3000ms (default)
2024-12-27 13:08:19,170 [s1@group-728B40B71970-LeaderElection1] INFO  grpc.GrpcConfigKeys (ConfUtils.java:logGet(46)) - raft.grpc.server.log-message.batch.duration = 5s (default)
2024-12-27 13:08:19,170 [s1@group-728B40B71970-LeaderElection1] INFO  grpc.GrpcConfigKeys (ConfUtils.java:logGet(46)) - raft.grpc.server.heartbeat.channel = true (default)
2024-12-27 13:08:19,171 [s1@group-728B40B71970-LeaderElection1] INFO  grpc.GrpcConfigKeys (ConfUtils.java:logGet(46)) - raft.grpc.server.leader.outstanding.appends.max = 8 (default)
2024-12-27 13:08:19,171 [s1@group-728B40B71970-LeaderElection1] INFO  grpc.GrpcConfigKeys (ConfUtils.java:logGet(46)) - raft.grpc.server.install_snapshot.request.element-limit = 8 (default)
2024-12-27 13:08:19,171 [s1@group-728B40B71970-LeaderElection1] INFO  grpc.GrpcConfigKeys (ConfUtils.java:logGet(46)) - raft.grpc.server.install_snapshot.request.timeout = 3000ms (default)
2024-12-27 13:08:19,172 [s1@group-728B40B71970-LeaderElection1] INFO  grpc.GrpcConfigKeys (ConfUtils.java:logGet(46)) - raft.grpc.server.log-message.batch.duration = 5s (default)
2024-12-27 13:08:19,172 [s1@group-728B40B71970-LeaderElection1] INFO  grpc.GrpcConfigKeys (ConfUtils.java:logGet(46)) - raft.grpc.server.heartbeat.channel = true (default)
2024-12-27 13:08:19,172 [s1@group-728B40B71970-LeaderElection1] INFO  grpc.GrpcConfigKeys (ConfUtils.java:logGet(46)) - raft.grpc.server.leader.outstanding.appends.max = 8 (default)
2024-12-27 13:08:19,173 [s1@group-728B40B71970-LeaderElection1] INFO  grpc.GrpcConfigKeys (ConfUtils.java:logGet(46)) - raft.grpc.server.install_snapshot.request.element-limit = 8 (default)
2024-12-27 13:08:19,173 [s1@group-728B40B71970-LeaderElection1] INFO  grpc.GrpcConfigKeys (ConfUtils.java:logGet(46)) - raft.grpc.server.install_snapshot.request.timeout = 3000ms (default)
2024-12-27 13:08:19,173 [s1@group-728B40B71970-LeaderElection1] INFO  grpc.GrpcConfigKeys (ConfUtils.java:logGet(46)) - raft.grpc.server.log-message.batch.duration = 5s (default)
2024-12-27 13:08:19,173 [s1@group-728B40B71970-LeaderElection1] INFO  grpc.GrpcConfigKeys (ConfUtils.java:logGet(46)) - raft.grpc.server.heartbeat.channel = true (default)
2024-12-27 13:08:19,174 [s1@group-728B40B71970-LeaderElection1] INFO  impl.RoleInfo (RoleInfo.java:updateAndGet(148)) - s1: start s1@group-728B40B71970-LeaderStateImpl
2024-12-27 13:08:19,174 [s1@group-728B40B71970-LeaderElection1] INFO  server.RaftServer$Division (RaftServerImpl.java:setFirstElection(563)) - s1@group-728B40B71970: set firstElectionSinceStartup to false for becomeLeader
2024-12-27 13:08:19,174 [s1@group-728B40B71970-LeaderElection1] INFO  server.RaftServer$Division (ServerState.java:setLeader(272)) - s1@group-728B40B71970: change Leader from null to s1 at term 1 for becomeLeader, leader elected after 2012ms
2024-12-27 13:08:19,252 [s1@group-728B40B71970-LeaderElection1] INFO  segmented.SegmentedRaftLogWorker (SegmentedRaftLogWorker.java:startLogSegment(443)) - s1@group-728B40B71970-SegmentedRaftLogWorker: Starting segment from index:0
2024-12-27 13:08:19,256 [s1@group-728B40B71970-LeaderElection1] INFO  server.RaftServer$Division (ServerState.java:setRaftConf(386)) - s1@group-728B40B71970: set configuration conf: {index: 0, cur=peers:[s3|localhost:15012, s4|localhost:15016, s0|localhost:15000, s1|localhost:15004, s2|localhost:15008]|listeners:[], old=null}
2024-12-27 13:08:19,305 [s1@group-728B40B71970-SegmentedRaftLogWorker] INFO  segmented.BufferedWriteChannel (BufferedWriteChannel.java:open(61)) - open log_inprogress_0 at position 0
2024-12-27 13:08:19,322 [s1@group-728B40B71970-SegmentedRaftLogWorker] INFO  segmented.SegmentedRaftLogWorker (SegmentedRaftLogWorker.java:execute(667)) - s1@group-728B40B71970-SegmentedRaftLogWorker: created new log segment /home/runner/work/ratis/ratis/ratis-test/target/test/data/fff23088/MiniRaftClusterWithGrpca2251b6d/s1/5926040c-9b35-4d52-a796-728b40b71970/current/log_inprogress_0
2024-12-27 13:08:19,351 [s0-server-thread1] INFO  server.RaftServer$Division (ServerState.java:setLeader(272)) - s0@group-728B40B71970: change Leader from null to s1 at term 1 for appendEntries, leader elected after 2196ms
2024-12-27 13:08:19,351 [s3-server-thread1] INFO  server.RaftServer$Division (ServerState.java:setLeader(272)) - s3@group-728B40B71970: change Leader from null to s1 at term 1 for appendEntries, leader elected after 2197ms
2024-12-27 13:08:19,351 [s2-server-thread1] INFO  server.RaftServer$Division (ServerState.java:setLeader(272)) - s2@group-728B40B71970: change Leader from null to s1 at term 1 for appendEntries, leader elected after 2173ms
2024-12-27 13:08:19,353 [s4-server-thread1] INFO  server.RaftServer$Division (ServerState.java:setLeader(272)) - s4@group-728B40B71970: change Leader from null to s1 at term 1 for appendEntries, leader elected after 2199ms
2024-12-27 13:08:19,369 [s2-server-thread2] INFO  server.RaftServer$Division (ServerState.java:setRaftConf(386)) - s2@group-728B40B71970: set configuration conf: {index: 0, cur=peers:[s3|localhost:15012, s4|localhost:15016, s0|localhost:15000, s1|localhost:15004, s2|localhost:15008]|listeners:[], old=null}
2024-12-27 13:08:19,370 [s0-server-thread3] INFO  server.RaftServer$Division (ServerState.java:setRaftConf(386)) - s0@group-728B40B71970: set configuration conf: {index: 0, cur=peers:[s3|localhost:15012, s4|localhost:15016, s0|localhost:15000, s1|localhost:15004, s2|localhost:15008]|listeners:[], old=null}
2024-12-27 13:08:19,371 [s0-server-thread3] INFO  segmented.SegmentedRaftLogWorker (SegmentedRaftLogWorker.java:startLogSegment(443)) - s0@group-728B40B71970-SegmentedRaftLogWorker: Starting segment from index:0
2024-12-27 13:08:19,371 [s3-server-thread1] INFO  server.RaftServer$Division (ServerState.java:setRaftConf(386)) - s3@group-728B40B71970: set configuration conf: {index: 0, cur=peers:[s3|localhost:15012, s4|localhost:15016, s0|localhost:15000, s1|localhost:15004, s2|localhost:15008]|listeners:[], old=null}
2024-12-27 13:08:19,372 [s3-server-thread1] INFO  segmented.SegmentedRaftLogWorker (SegmentedRaftLogWorker.java:startLogSegment(443)) - s3@group-728B40B71970-SegmentedRaftLogWorker: Starting segment from index:0
2024-12-27 13:08:19,371 [s2-server-thread2] INFO  segmented.SegmentedRaftLogWorker (SegmentedRaftLogWorker.java:startLogSegment(443)) - s2@group-728B40B71970-SegmentedRaftLogWorker: Starting segment from index:0
2024-12-27 13:08:19,373 [s3@group-728B40B71970-SegmentedRaftLogWorker] INFO  segmented.BufferedWriteChannel (BufferedWriteChannel.java:open(61)) - open log_inprogress_0 at position 0
2024-12-27 13:08:19,374 [s4-server-thread1] INFO  server.RaftServer$Division (ServerState.java:setRaftConf(386)) - s4@group-728B40B71970: set configuration conf: {index: 0, cur=peers:[s3|localhost:15012, s4|localhost:15016, s0|localhost:15000, s1|localhost:15004, s2|localhost:15008]|listeners:[], old=null}
2024-12-27 13:08:19,374 [s0@group-728B40B71970-SegmentedRaftLogWorker] INFO  segmented.BufferedWriteChannel (BufferedWriteChannel.java:open(61)) - open log_inprogress_0 at position 0
2024-12-27 13:08:19,373 [s2@group-728B40B71970-SegmentedRaftLogWorker] INFO  segmented.BufferedWriteChannel (BufferedWriteChannel.java:open(61)) - open log_inprogress_0 at position 0
2024-12-27 13:08:19,374 [s4-server-thread1] INFO  segmented.SegmentedRaftLogWorker (SegmentedRaftLogWorker.java:startLogSegment(443)) - s4@group-728B40B71970-SegmentedRaftLogWorker: Starting segment from index:0
2024-12-27 13:08:19,380 [s4@group-728B40B71970-SegmentedRaftLogWorker] INFO  segmented.BufferedWriteChannel (BufferedWriteChannel.java:open(61)) - open log_inprogress_0 at position 0
2024-12-27 13:08:19,392 [s3@group-728B40B71970-SegmentedRaftLogWorker] INFO  segmented.SegmentedRaftLogWorker (SegmentedRaftLogWorker.java:execute(667)) - s3@group-728B40B71970-SegmentedRaftLogWorker: created new log segment /home/runner/work/ratis/ratis/ratis-test/target/test/data/fff23088/MiniRaftClusterWithGrpca2251b6d/s3/5926040c-9b35-4d52-a796-728b40b71970/current/log_inprogress_0
2024-12-27 13:08:19,395 [s0@group-728B40B71970-SegmentedRaftLogWorker] INFO  segmented.SegmentedRaftLogWorker (SegmentedRaftLogWorker.java:execute(667)) - s0@group-728B40B71970-SegmentedRaftLogWorker: created new log segment /home/runner/work/ratis/ratis/ratis-test/target/test/data/fff23088/MiniRaftClusterWithGrpca2251b6d/s0/5926040c-9b35-4d52-a796-728b40b71970/current/log_inprogress_0
2024-12-27 13:08:19,395 [s2@group-728B40B71970-SegmentedRaftLogWorker] INFO  segmented.SegmentedRaftLogWorker (SegmentedRaftLogWorker.java:execute(667)) - s2@group-728B40B71970-SegmentedRaftLogWorker: created new log segment /home/runner/work/ratis/ratis/ratis-test/target/test/data/fff23088/MiniRaftClusterWithGrpca2251b6d/s2/5926040c-9b35-4d52-a796-728b40b71970/current/log_inprogress_0
2024-12-27 13:08:19,396 [s4@group-728B40B71970-SegmentedRaftLogWorker] INFO  segmented.SegmentedRaftLogWorker (SegmentedRaftLogWorker.java:execute(667)) - s4@group-728B40B71970-SegmentedRaftLogWorker: created new log segment /home/runner/work/ratis/ratis/ratis-test/target/test/data/fff23088/MiniRaftClusterWithGrpca2251b6d/s4/5926040c-9b35-4d52-a796-728b40b71970/current/log_inprogress_0
2024-12-27 13:08:19,400 [s1@group-728B40B71970-StateMachineUpdater] TRACE util.FileUtils (LogUtils.java:supplyAndLog(69)) - Successfully supplied FileChannel.open /home/runner/work/ratis/ratis/ratis-test/target/test/data/fff23088/MiniRaftClusterWithGrpca2251b6d/s1/5926040c-9b35-4d52-a796-728b40b71970/current/raft-meta.conf.tmp with options [CREATE, WRITE]: sun.nio.ch.FileChannelImpl@534f8016
2024-12-27 13:08:19,403 [s1@group-728B40B71970-StateMachineUpdater] TRACE util.FileUtils (LogUtils.java:runAndLog(49)) - Successfully ran Atomic Files.move /home/runner/work/ratis/ratis/ratis-test/target/test/data/fff23088/MiniRaftClusterWithGrpca2251b6d/s1/5926040c-9b35-4d52-a796-728b40b71970/current/raft-meta.conf.tmp to /home/runner/work/ratis/ratis/ratis-test/target/test/data/fff23088/MiniRaftClusterWithGrpca2251b6d/s1/5926040c-9b35-4d52-a796-728b40b71970/current/raft-meta.conf with options [REPLACE_EXISTING]
2024-12-27 13:08:19,404 [s1@group-728B40B71970-StateMachineUpdater] INFO  server.RaftServer$Division (LeaderStateImpl.java:checkStartIndex(314)) - Leader s1@group-728B40B71970-LeaderStateImpl is ready since appliedIndex == startIndex == 0
2024-12-27 13:08:20,906 [s4@group-728B40B71970-StateMachineUpdater] TRACE util.FileUtils (LogUtils.java:supplyAndLog(69)) - Successfully supplied FileChannel.open /home/runner/work/ratis/ratis/ratis-test/target/test/data/fff23088/MiniRaftClusterWithGrpca2251b6d/s4/5926040c-9b35-4d52-a796-728b40b71970/current/raft-meta.conf.tmp with options [CREATE, WRITE]: sun.nio.ch.FileChannelImpl@4fafabb9
2024-12-27 13:08:20,907 [s0@group-728B40B71970-StateMachineUpdater] TRACE util.FileUtils (LogUtils.java:supplyAndLog(69)) - Successfully supplied FileChannel.open /home/runner/work/ratis/ratis/ratis-test/target/test/data/fff23088/MiniRaftClusterWithGrpca2251b6d/s0/5926040c-9b35-4d52-a796-728b40b71970/current/raft-meta.conf.tmp with options [CREATE, WRITE]: sun.nio.ch.FileChannelImpl@c833a25
2024-12-27 13:08:20,907 [s3@group-728B40B71970-StateMachineUpdater] TRACE util.FileUtils (LogUtils.java:supplyAndLog(69)) - Successfully supplied FileChannel.open /home/runner/work/ratis/ratis/ratis-test/target/test/data/fff23088/MiniRaftClusterWithGrpca2251b6d/s3/5926040c-9b35-4d52-a796-728b40b71970/current/raft-meta.conf.tmp with options [CREATE, WRITE]: sun.nio.ch.FileChannelImpl@2c04503d
2024-12-27 13:08:20,910 [s2@group-728B40B71970-StateMachineUpdater] TRACE util.FileUtils (LogUtils.java:supplyAndLog(69)) - Successfully supplied FileChannel.open /home/runner/work/ratis/ratis/ratis-test/target/test/data/fff23088/MiniRaftClusterWithGrpca2251b6d/s2/5926040c-9b35-4d52-a796-728b40b71970/current/raft-meta.conf.tmp with options [CREATE, WRITE]: sun.nio.ch.FileChannelImpl@46d74cd3
2024-12-27 13:08:20,911 [s0@group-728B40B71970-StateMachineUpdater] TRACE util.FileUtils (LogUtils.java:runAndLog(49)) - Successfully ran Atomic Files.move /home/runner/work/ratis/ratis/ratis-test/target/test/data/fff23088/MiniRaftClusterWithGrpca2251b6d/s0/5926040c-9b35-4d52-a796-728b40b71970/current/raft-meta.conf.tmp to /home/runner/work/ratis/ratis/ratis-test/target/test/data/fff23088/MiniRaftClusterWithGrpca2251b6d/s0/5926040c-9b35-4d52-a796-728b40b71970/current/raft-meta.conf with options [REPLACE_EXISTING]
2024-12-27 13:08:20,912 [s4@group-728B40B71970-StateMachineUpdater] TRACE util.FileUtils (LogUtils.java:runAndLog(49)) - Successfully ran Atomic Files.move /home/runner/work/ratis/ratis/ratis-test/target/test/data/fff23088/MiniRaftClusterWithGrpca2251b6d/s4/5926040c-9b35-4d52-a796-728b40b71970/current/raft-meta.conf.tmp to /home/runner/work/ratis/ratis/ratis-test/target/test/data/fff23088/MiniRaftClusterWithGrpca2251b6d/s4/5926040c-9b35-4d52-a796-728b40b71970/current/raft-meta.conf with options [REPLACE_EXISTING]
2024-12-27 13:08:20,913 [s2@group-728B40B71970-StateMachineUpdater] TRACE util.FileUtils (LogUtils.java:runAndLog(49)) - Successfully ran Atomic Files.move /home/runner/work/ratis/ratis/ratis-test/target/test/data/fff23088/MiniRaftClusterWithGrpca2251b6d/s2/5926040c-9b35-4d52-a796-728b40b71970/current/raft-meta.conf.tmp to /home/runner/work/ratis/ratis/ratis-test/target/test/data/fff23088/MiniRaftClusterWithGrpca2251b6d/s2/5926040c-9b35-4d52-a796-728b40b71970/current/raft-meta.conf with options [REPLACE_EXISTING]
2024-12-27 13:08:20,914 [s3@group-728B40B71970-StateMachineUpdater] TRACE util.FileUtils (LogUtils.java:runAndLog(49)) - Successfully ran Atomic Files.move /home/runner/work/ratis/ratis/ratis-test/target/test/data/fff23088/MiniRaftClusterWithGrpca2251b6d/s3/5926040c-9b35-4d52-a796-728b40b71970/current/raft-meta.conf.tmp to /home/runner/work/ratis/ratis/ratis-test/target/test/data/fff23088/MiniRaftClusterWithGrpca2251b6d/s3/5926040c-9b35-4d52-a796-728b40b71970/current/raft-meta.conf with options [REPLACE_EXISTING]
2024-12-27 13:08:26,346 [main] INFO  ratis.RaftTestUtil (RaftTestUtil.java:waitForLeader(131)) - printing ALL groups
  s3:  RUNNING  FOLLOWER s3@group-728B40B71970:t1, leader=s1, voted=s1, raftlog=Memoized:s3@group-728B40B71970-SegmentedRaftLog:OPENED:c0:last(t:1, i:0), conf=conf: {index: 0, cur=peers:[s3|localhost:15012, s4|localhost:15016, s0|localhost:15000, s1|localhost:15004, s2|localhost:15008]|listeners:[], old=null} RUNNING
  s4:  RUNNING  FOLLOWER s4@group-728B40B71970:t1, leader=s1, voted=s1, raftlog=Memoized:s4@group-728B40B71970-SegmentedRaftLog:OPENED:c0:last(t:1, i:0), conf=conf: {index: 0, cur=peers:[s3|localhost:15012, s4|localhost:15016, s0|localhost:15000, s1|localhost:15004, s2|localhost:15008]|listeners:[], old=null} RUNNING
  s0:  RUNNING  FOLLOWER s0@group-728B40B71970:t1, leader=s1, voted=s1, raftlog=Memoized:s0@group-728B40B71970-SegmentedRaftLog:OPENED:c0:last(t:1, i:0), conf=conf: {index: 0, cur=peers:[s3|localhost:15012, s4|localhost:15016, s0|localhost:15000, s1|localhost:15004, s2|localhost:15008]|listeners:[], old=null} RUNNING
  s1:  RUNNING    LEADER s1@group-728B40B71970:t1, leader=s1, voted=s1, raftlog=Memoized:s1@group-728B40B71970-SegmentedRaftLog:OPENED:c0:last(t:1, i:0), conf=conf: {index: 0, cur=peers:[s3|localhost:15012, s4|localhost:15016, s0|localhost:15000, s1|localhost:15004, s2|localhost:15008]|listeners:[], old=null} RUNNING
  s2:  RUNNING  FOLLOWER s2@group-728B40B71970:t1, leader=s1, voted=s1, raftlog=Memoized:s2@group-728B40B71970-SegmentedRaftLog:OPENED:c0:last(t:1, i:0), conf=conf: {index: 0, cur=peers:[s3|localhost:15012, s4|localhost:15016, s0|localhost:15000, s1|localhost:15004, s2|localhost:15008]|listeners:[], old=null} RUNNING
2024-12-27 13:08:26,349 [main] INFO  grpc.TestRaftLogTruncateWithGrpc (RaftLogTruncateTests.java:runTestLogTruncate(128)) - oldLeader: s1, term=1
2024-12-27 13:08:26,349 [main] INFO  grpc.TestRaftLogTruncateWithGrpc (RaftLogTruncateTests.java:runTestLogTruncate(129)) - killedPeers   : [s3, s4, s0]
2024-12-27 13:08:26,349 [main] INFO  grpc.TestRaftLogTruncateWithGrpc (RaftLogTruncateTests.java:runTestLogTruncate(130)) - remainingPeers: [s1, s2]
2024-12-27 13:08:26,350 [main] DEBUG impl.TransactionManager (TransactionManager.java:getMap(49)) - s3-TransactionManager <empty>
2024-12-27 13:08:26,350 [main] DEBUG impl.TransactionManager (TransactionManager.java:getMap(49)) - s4-TransactionManager <empty>
2024-12-27 13:08:26,350 [main] DEBUG impl.TransactionManager (TransactionManager.java:getMap(49)) - s0-TransactionManager <empty>
2024-12-27 13:08:26,351 [main] DEBUG impl.TransactionManager (TransactionManager.java:getMap(49)) - s1-TransactionManager <empty>
2024-12-27 13:08:26,351 [main] DEBUG impl.TransactionManager (TransactionManager.java:getMap(49)) - s2-TransactionManager <empty>
2024-12-27 13:08:26,403 [s4-server-thread1] DEBUG impl.TransactionManager (TransactionManager.java:computeIfAbsent(60)) - (t:1, i:1): s4-TransactionManager
  (t:1, i:1): initialized? false
2024-12-27 13:08:26,405 [s3-server-thread1] DEBUG impl.TransactionManager (TransactionManager.java:computeIfAbsent(60)) - (t:1, i:1): s3-TransactionManager
  (t:1, i:1): initialized? false
2024-12-27 13:08:26,403 [s2-server-thread2] DEBUG impl.TransactionManager (TransactionManager.java:computeIfAbsent(60)) - (t:1, i:1): s2-TransactionManager
  (t:1, i:1): initialized? false
2024-12-27 13:08:26,405 [s0-server-thread3] DEBUG impl.TransactionManager (TransactionManager.java:computeIfAbsent(60)) - (t:1, i:1): s0-TransactionManager
  (t:1, i:1): initialized? false
2024-12-27 13:08:26,408 [s1@group-728B40B71970-StateMachineUpdater] INFO  impl.SimpleStateMachine4Testing (SimpleStateMachine4Testing.java:applyTransaction(250)) - applyTransaction for log index 1
2024-12-27 13:08:26,408 [s1@group-728B40B71970-StateMachineUpdater] INFO  impl.SimpleStateMachine4Testing (SimpleStateMachine4Testing.java:put(206)) - s1: put 1, first0 -> (t:1, i:1), STATEMACHINELOGENTRY, WRITE: logData.size=6, stateMachineData.size=17, logEntryProtoSerializedSize=0
2024-12-27 13:08:26,414 [s0@group-728B40B71970-StateMachineUpdater] INFO  impl.SimpleStateMachine4Testing (SimpleStateMachine4Testing.java:applyTransaction(250)) - applyTransaction for log index 1
2024-12-27 13:08:26,416 [s2@group-728B40B71970-StateMachineUpdater] INFO  impl.SimpleStateMachine4Testing (SimpleStateMachine4Testing.java:applyTransaction(250)) - applyTransaction for log index 1
2024-12-27 13:08:26,416 [s0@group-728B40B71970-StateMachineUpdater] INFO  impl.SimpleStateMachine4Testing (SimpleStateMachine4Testing.java:put(206)) - s0: put 1, first0 -> (t:1, i:1), STATEMACHINELOGENTRY, WRITE: logData.size=6, stateMachineData.size=17, logEntryProtoSerializedSize=0
2024-12-27 13:08:26,416 [s2@group-728B40B71970-StateMachineUpdater] INFO  impl.SimpleStateMachine4Testing (SimpleStateMachine4Testing.java:put(206)) - s2: put 1, first0 -> (t:1, i:1), STATEMACHINELOGENTRY, WRITE: logData.size=6, stateMachineData.size=17, logEntryProtoSerializedSize=0
2024-12-27 13:08:26,416 [s0@group-728B40B71970-StateMachineUpdater] DEBUG impl.TransactionManager (TransactionManager.java:remove(68)) - (t:1, i:1): s0-TransactionManager <empty>
2024-12-27 13:08:26,416 [s2@group-728B40B71970-StateMachineUpdater] DEBUG impl.TransactionManager (TransactionManager.java:remove(68)) - (t:1, i:1): s2-TransactionManager <empty>
2024-12-27 13:08:26,419 [s4@group-728B40B71970-StateMachineUpdater] INFO  impl.SimpleStateMachine4Testing (SimpleStateMachine4Testing.java:applyTransaction(250)) - applyTransaction for log index 1
2024-12-27 13:08:26,419 [s3@group-728B40B71970-StateMachineUpdater] INFO  impl.SimpleStateMachine4Testing (SimpleStateMachine4Testing.java:applyTransaction(250)) - applyTransaction for log index 1
2024-12-27 13:08:26,419 [s4@group-728B40B71970-StateMachineUpdater] INFO  impl.SimpleStateMachine4Testing (SimpleStateMachine4Testing.java:put(206)) - s4: put 1, first0 -> (t:1, i:1), STATEMACHINELOGENTRY, WRITE: logData.size=6, stateMachineData.size=17, logEntryProtoSerializedSize=0
2024-12-27 13:08:26,419 [s3@group-728B40B71970-StateMachineUpdater] INFO  impl.SimpleStateMachine4Testing (SimpleStateMachine4Testing.java:put(206)) - s3: put 1, first0 -> (t:1, i:1), STATEMACHINELOGENTRY, WRITE: logData.size=6, stateMachineData.size=17, logEntryProtoSerializedSize=0
2024-12-27 13:08:26,419 [s4@group-728B40B71970-StateMachineUpdater] DEBUG impl.TransactionManager (TransactionManager.java:remove(68)) - (t:1, i:1): s4-TransactionManager <empty>
2024-12-27 13:08:26,419 [s3@group-728B40B71970-StateMachineUpdater] DEBUG impl.TransactionManager (TransactionManager.java:remove(68)) - (t:1, i:1): s3-TransactionManager <empty>
2024-12-27 13:08:26,434 [s4-server-thread1] DEBUG impl.TransactionManager (TransactionManager.java:computeIfAbsent(60)) - (t:1, i:3): s4-TransactionManager
  (t:1, i:3): initialized? false
2024-12-27 13:08:26,436 [s3-server-thread1] DEBUG impl.TransactionManager (TransactionManager.java:computeIfAbsent(60)) - (t:1, i:3): s3-TransactionManager
  (t:1, i:3): initialized? false
2024-12-27 13:08:26,436 [s0-server-thread3] DEBUG impl.TransactionManager (TransactionManager.java:computeIfAbsent(60)) - (t:1, i:3): s0-TransactionManager
  (t:1, i:3): initialized? false
2024-12-27 13:08:26,436 [s2-server-thread2] DEBUG impl.TransactionManager (TransactionManager.java:computeIfAbsent(60)) - (t:1, i:3): s2-TransactionManager
  (t:1, i:3): initialized? false
2024-12-27 13:08:26,440 [s1@group-728B40B71970-StateMachineUpdater] INFO  impl.SimpleStateMachine4Testing (SimpleStateMachine4Testing.java:applyTransaction(250)) - applyTransaction for log index 3
2024-12-27 13:08:26,441 [s1@group-728B40B71970-StateMachineUpdater] INFO  impl.SimpleStateMachine4Testing (SimpleStateMachine4Testing.java:put(206)) - s1: put 3, first1 -> (t:1, i:3), STATEMACHINELOGENTRY, WRITE: logData.size=6, stateMachineData.size=17, logEntryProtoSerializedSize=0
2024-12-27 13:08:26,443 [s0@group-728B40B71970-StateMachineUpdater] INFO  impl.SimpleStateMachine4Testing (SimpleStateMachine4Testing.java:applyTransaction(250)) - applyTransaction for log index 3
2024-12-27 13:08:26,443 [s0@group-728B40B71970-StateMachineUpdater] INFO  impl.SimpleStateMachine4Testing (SimpleStateMachine4Testing.java:put(206)) - s0: put 3, first1 -> (t:1, i:3), STATEMACHINELOGENTRY, WRITE: logData.size=6, stateMachineData.size=17, logEntryProtoSerializedSize=0
2024-12-27 13:08:26,444 [s0@group-728B40B71970-StateMachineUpdater] DEBUG impl.TransactionManager (TransactionManager.java:remove(68)) - (t:1, i:3): s0-TransactionManager <empty>
2024-12-27 13:08:26,445 [s3@group-728B40B71970-StateMachineUpdater] INFO  impl.SimpleStateMachine4Testing (SimpleStateMachine4Testing.java:applyTransaction(250)) - applyTransaction for log index 3
2024-12-27 13:08:26,446 [s3@group-728B40B71970-StateMachineUpdater] INFO  impl.SimpleStateMachine4Testing (SimpleStateMachine4Testing.java:put(206)) - s3: put 3, first1 -> (t:1, i:3), STATEMACHINELOGENTRY, WRITE: logData.size=6, stateMachineData.size=17, logEntryProtoSerializedSize=0
2024-12-27 13:08:26,448 [s3@group-728B40B71970-StateMachineUpdater] DEBUG impl.TransactionManager (TransactionManager.java:remove(68)) - (t:1, i:3): s3-TransactionManager <empty>
2024-12-27 13:08:26,445 [s4@group-728B40B71970-StateMachineUpdater] INFO  impl.SimpleStateMachine4Testing (SimpleStateMachine4Testing.java:applyTransaction(250)) - applyTransaction for log index 3
2024-12-27 13:08:26,448 [s4@group-728B40B71970-StateMachineUpdater] INFO  impl.SimpleStateMachine4Testing (SimpleStateMachine4Testing.java:put(206)) - s4: put 3, first1 -> (t:1, i:3), STATEMACHINELOGENTRY, WRITE: logData.size=6, stateMachineData.size=17, logEntryProtoSerializedSize=0
2024-12-27 13:08:26,448 [s4@group-728B40B71970-StateMachineUpdater] DEBUG impl.TransactionManager (TransactionManager.java:remove(68)) - (t:1, i:3): s4-TransactionManager <empty>
2024-12-27 13:08:26,449 [s2@group-728B40B71970-StateMachineUpdater] INFO  impl.SimpleStateMachine4Testing (SimpleStateMachine4Testing.java:applyTransaction(250)) - applyTransaction for log index 3
2024-12-27 13:08:26,449 [s2@group-728B40B71970-StateMachineUpdater] INFO  impl.SimpleStateMachine4Testing (SimpleStateMachine4Testing.java:put(206)) - s2: put 3, first1 -> (t:1, i:3), STATEMACHINELOGENTRY, WRITE: logData.size=6, stateMachineData.size=17, logEntryProtoSerializedSize=0
2024-12-27 13:08:26,449 [s2@group-728B40B71970-StateMachineUpdater] DEBUG impl.TransactionManager (TransactionManager.java:remove(68)) - (t:1, i:3): s2-TransactionManager <empty>
2024-12-27 13:08:26,454 [s3-server-thread1] DEBUG impl.TransactionManager (TransactionManager.java:computeIfAbsent(60)) - (t:1, i:5): s3-TransactionManager
  (t:1, i:5): initialized? false
2024-12-27 13:08:26,454 [s4-server-thread1] DEBUG impl.TransactionManager (TransactionManager.java:computeIfAbsent(60)) - (t:1, i:5): s4-TransactionManager
  (t:1, i:5): initialized? false
2024-12-27 13:08:26,454 [s0-server-thread3] DEBUG impl.TransactionManager (TransactionManager.java:computeIfAbsent(60)) - (t:1, i:5): s0-TransactionManager
  (t:1, i:5): initialized? false
2024-12-27 13:08:26,455 [s2-server-thread2] DEBUG impl.TransactionManager (TransactionManager.java:computeIfAbsent(60)) - (t:1, i:5): s2-TransactionManager
  (t:1, i:5): initialized? false
2024-12-27 13:08:26,457 [s1@group-728B40B71970-StateMachineUpdater] INFO  impl.SimpleStateMachine4Testing (SimpleStateMachine4Testing.java:applyTransaction(250)) - applyTransaction for log index 5
2024-12-27 13:08:26,457 [s1@group-728B40B71970-StateMachineUpdater] INFO  impl.SimpleStateMachine4Testing (SimpleStateMachine4Testing.java:put(206)) - s1: put 5, first2 -> (t:1, i:5), STATEMACHINELOGENTRY, WRITE: logData.size=6, stateMachineData.size=17, logEntryProtoSerializedSize=0
2024-12-27 13:08:26,463 [s3@group-728B40B71970-StateMachineUpdater] INFO  impl.SimpleStateMachine4Testing (SimpleStateMachine4Testing.java:applyTransaction(250)) - applyTransaction for log index 5
2024-12-27 13:08:26,463 [s3@group-728B40B71970-StateMachineUpdater] INFO  impl.SimpleStateMachine4Testing (SimpleStateMachine4Testing.java:put(206)) - s3: put 5, first2 -> (t:1, i:5), STATEMACHINELOGENTRY, WRITE: logData.size=6, stateMachineData.size=17, logEntryProtoSerializedSize=0
2024-12-27 13:08:26,463 [s3@group-728B40B71970-StateMachineUpdater] DEBUG impl.TransactionManager (TransactionManager.java:remove(68)) - (t:1, i:5): s3-TransactionManager <empty>
2024-12-27 13:08:26,464 [s0@group-728B40B71970-StateMachineUpdater] INFO  impl.SimpleStateMachine4Testing (SimpleStateMachine4Testing.java:applyTransaction(250)) - applyTransaction for log index 5
2024-12-27 13:08:26,464 [s0@group-728B40B71970-StateMachineUpdater] INFO  impl.SimpleStateMachine4Testing (SimpleStateMachine4Testing.java:put(206)) - s0: put 5, first2 -> (t:1, i:5), STATEMACHINELOGENTRY, WRITE: logData.size=6, stateMachineData.size=17, logEntryProtoSerializedSize=0
2024-12-27 13:08:26,464 [s0@group-728B40B71970-StateMachineUpdater] DEBUG impl.TransactionManager (TransactionManager.java:remove(68)) - (t:1, i:5): s0-TransactionManager <empty>
2024-12-27 13:08:26,465 [s2@group-728B40B71970-StateMachineUpdater] INFO  impl.SimpleStateMachine4Testing (SimpleStateMachine4Testing.java:applyTransaction(250)) - applyTransaction for log index 5
2024-12-27 13:08:26,465 [s2@group-728B40B71970-StateMachineUpdater] INFO  impl.SimpleStateMachine4Testing (SimpleStateMachine4Testing.java:put(206)) - s2: put 5, first2 -> (t:1, i:5), STATEMACHINELOGENTRY, WRITE: logData.size=6, stateMachineData.size=17, logEntryProtoSerializedSize=0
2024-12-27 13:08:26,465 [s2@group-728B40B71970-StateMachineUpdater] DEBUG impl.TransactionManager (TransactionManager.java:remove(68)) - (t:1, i:5): s2-TransactionManager <empty>
2024-12-27 13:08:26,466 [s0-server-thread3] DEBUG impl.TransactionManager (TransactionManager.java:computeIfAbsent(60)) - (t:1, i:7): s0-TransactionManager
  (t:1, i:7): initialized? false
2024-12-27 13:08:26,468 [s2-server-thread2] DEBUG impl.TransactionManager (TransactionManager.java:computeIfAbsent(60)) - (t:1, i:7): s2-TransactionManager
  (t:1, i:7): initialized? false
2024-12-27 13:08:26,468 [s3-server-thread1] DEBUG impl.TransactionManager (TransactionManager.java:computeIfAbsent(60)) - (t:1, i:7): s3-TransactionManager
  (t:1, i:7): initialized? false
2024-12-27 13:08:26,471 [s1@group-728B40B71970-StateMachineUpdater] INFO  impl.SimpleStateMachine4Testing (SimpleStateMachine4Testing.java:applyTransaction(250)) - applyTransaction for log index 7
2024-12-27 13:08:26,471 [s1@group-728B40B71970-StateMachineUpdater] INFO  impl.SimpleStateMachine4Testing (SimpleStateMachine4Testing.java:put(206)) - s1: put 7, first3 -> (t:1, i:7), STATEMACHINELOGENTRY, WRITE: logData.size=6, stateMachineData.size=17, logEntryProtoSerializedSize=0
2024-12-27 13:08:26,473 [s4@group-728B40B71970-StateMachineUpdater] INFO  impl.SimpleStateMachine4Testing (SimpleStateMachine4Testing.java:applyTransaction(250)) - applyTransaction for log index 5
2024-12-27 13:08:26,473 [s4@group-728B40B71970-StateMachineUpdater] INFO  impl.SimpleStateMachine4Testing (SimpleStateMachine4Testing.java:put(206)) - s4: put 5, first2 -> (t:1, i:5), STATEMACHINELOGENTRY, WRITE: logData.size=6, stateMachineData.size=17, logEntryProtoSerializedSize=0
2024-12-27 13:08:26,474 [s4@group-728B40B71970-StateMachineUpdater] DEBUG impl.TransactionManager (TransactionManager.java:remove(68)) - (t:1, i:5): s4-TransactionManager <empty>
2024-12-27 13:08:26,475 [s0@group-728B40B71970-StateMachineUpdater] INFO  impl.SimpleStateMachine4Testing (SimpleStateMachine4Testing.java:applyTransaction(250)) - applyTransaction for log index 7
2024-12-27 13:08:26,475 [s0@group-728B40B71970-StateMachineUpdater] INFO  impl.SimpleStateMachine4Testing (SimpleStateMachine4Testing.java:put(206)) - s0: put 7, first3 -> (t:1, i:7), STATEMACHINELOGENTRY, WRITE: logData.size=6, stateMachineData.size=17, logEntryProtoSerializedSize=0
2024-12-27 13:08:26,476 [s0@group-728B40B71970-StateMachineUpdater] DEBUG impl.TransactionManager (TransactionManager.java:remove(68)) - (t:1, i:7): s0-TransactionManager <empty>
2024-12-27 13:08:26,476 [s2@group-728B40B71970-StateMachineUpdater] INFO  impl.SimpleStateMachine4Testing (SimpleStateMachine4Testing.java:applyTransaction(250)) - applyTransaction for log index 7
2024-12-27 13:08:26,476 [s3@group-728B40B71970-StateMachineUpdater] INFO  impl.SimpleStateMachine4Testing (SimpleStateMachine4Testing.java:applyTransaction(250)) - applyTransaction for log index 7
2024-12-27 13:08:26,476 [s2@group-728B40B71970-StateMachineUpdater] INFO  impl.SimpleStateMachine4Testing (SimpleStateMachine4Testing.java:put(206)) - s2: put 7, first3 -> (t:1, i:7), STATEMACHINELOGENTRY, WRITE: logData.size=6, stateMachineData.size=17, logEntryProtoSerializedSize=0
2024-12-27 13:08:26,476 [s3@group-728B40B71970-StateMachineUpdater] INFO  impl.SimpleStateMachine4Testing (SimpleStateMachine4Testing.java:put(206)) - s3: put 7, first3 -> (t:1, i:7), STATEMACHINELOGENTRY, WRITE: logData.size=6, stateMachineData.size=17, logEntryProtoSerializedSize=0
2024-12-27 13:08:26,476 [s2@group-728B40B71970-StateMachineUpdater] DEBUG impl.TransactionManager (TransactionManager.java:remove(68)) - (t:1, i:7): s2-TransactionManager <empty>
2024-12-27 13:08:26,476 [s3@group-728B40B71970-StateMachineUpdater] DEBUG impl.TransactionManager (TransactionManager.java:remove(68)) - (t:1, i:7): s3-TransactionManager <empty>
2024-12-27 13:08:26,484 [s4-server-thread1] DEBUG impl.TransactionManager (TransactionManager.java:computeIfAbsent(60)) - (t:1, i:7): s4-TransactionManager
  (t:1, i:7): initialized? false
2024-12-27 13:08:26,486 [s2-server-thread2] DEBUG impl.TransactionManager (TransactionManager.java:computeIfAbsent(60)) - (t:1, i:9): s2-TransactionManager
  (t:1, i:9): initialized? false
2024-12-27 13:08:26,486 [s3-server-thread1] DEBUG impl.TransactionManager (TransactionManager.java:computeIfAbsent(60)) - (t:1, i:9): s3-TransactionManager
  (t:1, i:9): initialized? false
2024-12-27 13:08:26,486 [s0-server-thread3] DEBUG impl.TransactionManager (TransactionManager.java:computeIfAbsent(60)) - (t:1, i:9): s0-TransactionManager
  (t:1, i:9): initialized? false
2024-12-27 13:08:26,487 [s4@group-728B40B71970-StateMachineUpdater] INFO  impl.SimpleStateMachine4Testing (SimpleStateMachine4Testing.java:applyTransaction(250)) - applyTransaction for log index 7
2024-12-27 13:08:26,487 [s4@group-728B40B71970-StateMachineUpdater] INFO  impl.SimpleStateMachine4Testing (SimpleStateMachine4Testing.java:put(206)) - s4: put 7, first3 -> (t:1, i:7), STATEMACHINELOGENTRY, WRITE: logData.size=6, stateMachineData.size=17, logEntryProtoSerializedSize=0
2024-12-27 13:08:26,487 [s4@group-728B40B71970-StateMachineUpdater] DEBUG impl.TransactionManager (TransactionManager.java:remove(68)) - (t:1, i:7): s4-TransactionManager <empty>
2024-12-27 13:08:26,489 [s1@group-728B40B71970-StateMachineUpdater] INFO  impl.SimpleStateMachine4Testing (SimpleStateMachine4Testing.java:applyTransaction(250)) - applyTransaction for log index 9
2024-12-27 13:08:26,489 [s1@group-728B40B71970-StateMachineUpdater] INFO  impl.SimpleStateMachine4Testing (SimpleStateMachine4Testing.java:put(206)) - s1: put 9, first4 -> (t:1, i:9), STATEMACHINELOGENTRY, WRITE: logData.size=6, stateMachineData.size=17, logEntryProtoSerializedSize=0
2024-12-27 13:08:26,490 [s4-server-thread1] DEBUG impl.TransactionManager (TransactionManager.java:computeIfAbsent(60)) - (t:1, i:9): s4-TransactionManager
  (t:1, i:9): initialized? false
2024-12-27 13:08:26,493 [s2@group-728B40B71970-StateMachineUpdater] INFO  impl.SimpleStateMachine4Testing (SimpleStateMachine4Testing.java:applyTransaction(250)) - applyTransaction for log index 9
2024-12-27 13:08:26,493 [s2@group-728B40B71970-StateMachineUpdater] INFO  impl.SimpleStateMachine4Testing (SimpleStateMachine4Testing.java:put(206)) - s2: put 9, first4 -> (t:1, i:9), STATEMACHINELOGENTRY, WRITE: logData.size=6, stateMachineData.size=17, logEntryProtoSerializedSize=0
2024-12-27 13:08:26,493 [s2@group-728B40B71970-StateMachineUpdater] DEBUG impl.TransactionManager (TransactionManager.java:remove(68)) - (t:1, i:9): s2-TransactionManager <empty>
2024-12-27 13:08:26,495 [s0@group-728B40B71970-StateMachineUpdater] INFO  impl.SimpleStateMachine4Testing (SimpleStateMachine4Testing.java:applyTransaction(250)) - applyTransaction for log index 9
2024-12-27 13:08:26,495 [s0@group-728B40B71970-StateMachineUpdater] INFO  impl.SimpleStateMachine4Testing (SimpleStateMachine4Testing.java:put(206)) - s0: put 9, first4 -> (t:1, i:9), STATEMACHINELOGENTRY, WRITE: logData.size=6, stateMachineData.size=17, logEntryProtoSerializedSize=0
2024-12-27 13:08:26,495 [s0@group-728B40B71970-StateMachineUpdater] DEBUG impl.TransactionManager (TransactionManager.java:remove(68)) - (t:1, i:9): s0-TransactionManager <empty>
2024-12-27 13:08:26,497 [main] DEBUG impl.TransactionManager (TransactionManager.java:getMap(49)) - s3-TransactionManager
  (t:1, i:9): initialized? true
2024-12-27 13:08:26,501 [s4@group-728B40B71970-StateMachineUpdater] INFO  impl.SimpleStateMachine4Testing (SimpleStateMachine4Testing.java:applyTransaction(250)) - applyTransaction for log index 9
2024-12-27 13:08:26,501 [s4@group-728B40B71970-StateMachineUpdater] INFO  impl.SimpleStateMachine4Testing (SimpleStateMachine4Testing.java:put(206)) - s4: put 9, first4 -> (t:1, i:9), STATEMACHINELOGENTRY, WRITE: logData.size=6, stateMachineData.size=17, logEntryProtoSerializedSize=0
2024-12-27 13:08:26,501 [s4@group-728B40B71970-StateMachineUpdater] DEBUG impl.TransactionManager (TransactionManager.java:remove(68)) - (t:1, i:9): s4-TransactionManager <empty>
2024-12-27 13:08:26,503 [s3@group-728B40B71970-StateMachineUpdater] INFO  impl.SimpleStateMachine4Testing (SimpleStateMachine4Testing.java:applyTransaction(250)) - applyTransaction for log index 9
2024-12-27 13:08:26,503 [s3@group-728B40B71970-StateMachineUpdater] INFO  impl.SimpleStateMachine4Testing (SimpleStateMachine4Testing.java:put(206)) - s3: put 9, first4 -> (t:1, i:9), STATEMACHINELOGENTRY, WRITE: logData.size=6, stateMachineData.size=17, logEntryProtoSerializedSize=0
2024-12-27 13:08:26,503 [s3@group-728B40B71970-StateMachineUpdater] DEBUG impl.TransactionManager (TransactionManager.java:remove(68)) - (t:1, i:9): s3-TransactionManager <empty>
2024-12-27 13:08:26,515 [main] INFO  grpc.TestRaftLogTruncateWithGrpc (RaftLogTruncateTests.java:runTestLogTruncate(118)) - killedPeers   : [s3, s4, s0]
2024-12-27 13:08:26,515 [main] INFO  grpc.TestRaftLogTruncateWithGrpc (RaftLogTruncateTests.java:runTestLogTruncate(119)) - remainingPeers: [s1, s2]
2024-12-27 13:08:26,515 [main] INFO  impl.MiniRaftCluster (MiniRaftCluster.java:runWithNewCluster(146)) - printing ALL groups
  s3:  RUNNING  FOLLOWER s3@group-728B40B71970:t1, leader=s1, voted=s1, raftlog=Memoized:s3@group-728B40B71970-SegmentedRaftLog:OPENED:c9:last(t:1, i:10), conf=conf: {index: 0, cur=peers:[s3|localhost:15012, s4|localhost:15016, s0|localhost:15000, s1|localhost:15004, s2|localhost:15008]|listeners:[], old=null} RUNNING
  s4:  RUNNING  FOLLOWER s4@group-728B40B71970:t1, leader=s1, voted=s1, raftlog=Memoized:s4@group-728B40B71970-SegmentedRaftLog:OPENED:c9:last(t:1, i:10), conf=conf: {index: 0, cur=peers:[s3|localhost:15012, s4|localhost:15016, s0|localhost:15000, s1|localhost:15004, s2|localhost:15008]|listeners:[], old=null} RUNNING
  s0:  RUNNING  FOLLOWER s0@group-728B40B71970:t1, leader=s1, voted=s1, raftlog=Memoized:s0@group-728B40B71970-SegmentedRaftLog:OPENED:c9:last(t:1, i:10), conf=conf: {index: 0, cur=peers:[s3|localhost:15012, s4|localhost:15016, s0|localhost:15000, s1|localhost:15004, s2|localhost:15008]|listeners:[], old=null} RUNNING
  s1:  RUNNING    LEADER s1@group-728B40B71970:t1, leader=s1, voted=s1, raftlog=Memoized:s1@group-728B40B71970-SegmentedRaftLog:OPENED:c10:last(t:1, i:10), conf=conf: {index: 0, cur=peers:[s3|localhost:15012, s4|localhost:15016, s0|localhost:15000, s1|localhost:15004, s2|localhost:15008]|listeners:[], old=null} RUNNING
  s2:  RUNNING  FOLLOWER s2@group-728B40B71970:t1, leader=s1, voted=s1, raftlog=Memoized:s2@group-728B40B71970-SegmentedRaftLog:OPENED:c9:last(t:1, i:10), conf=conf: {index: 0, cur=peers:[s3|localhost:15012, s4|localhost:15016, s0|localhost:15000, s1|localhost:15004, s2|localhost:15008]|listeners:[], old=null} RUNNING
2024-12-27 13:08:26,516 [main] ERROR impl.MiniRaftCluster (MiniRaftCluster.java:runWithNewCluster(147)) - Failed org.apache.ratis.server.impl.MiniRaftCluster$Factory$Get.runWithNewCluster(MiniRaftCluster.java:121)
org.opentest4j.AssertionFailedError: s3 TransactionContextMap is non-empty: {(t:1, i:9)=Memoized:org.apache.ratis.statemachine.impl.TransactionContextImpl@5f9be66c} ==> expected: <true> but was: <false>
	at org.junit.jupiter.api.AssertionFailureBuilder.build(AssertionFailureBuilder.java:151)
	at org.junit.jupiter.api.AssertionFailureBuilder.buildAndThrow(AssertionFailureBuilder.java:132)
	at org.junit.jupiter.api.AssertTrue.failNotTrue(AssertTrue.java:63)
	at org.junit.jupiter.api.AssertTrue.assertTrue(AssertTrue.java:42)
	at org.junit.jupiter.api.Assertions.assertTrue(Assertions.java:191)
	at org.apache.ratis.RaftLogTruncateTests.assertEmptyTransactionContextMap(RaftLogTruncateTests.java:244)
	at org.apache.ratis.RaftLogTruncateTests.runTestLogTruncate(RaftLogTruncateTests.java:148)
	at org.apache.ratis.RaftLogTruncateTests.runTestLogTruncate(RaftLogTruncateTests.java:116)
	at org.apache.ratis.server.impl.MiniRaftCluster$Factory$Get.runWithNewCluster(MiniRaftCluster.java:144)
	at org.apache.ratis.server.impl.MiniRaftCluster$Factory$Get.runWithNewCluster(MiniRaftCluster.java:121)
	at org.apache.ratis.RaftLogTruncateTests.testLogTruncate(RaftLogTruncateTests.java:94)
	at sun.reflect.NativeMethodAccessorImpl.invoke0(Native Method)
	at sun.reflect.NativeMethodAccessorImpl.invoke(NativeMethodAccessorImpl.java:62)
	at sun.reflect.DelegatingMethodAccessorImpl.invoke(DelegatingMethodAccessorImpl.java:43)
	at java.lang.reflect.Method.invoke(Method.java:498)
	at org.junit.platform.commons.util.ReflectionUtils.invokeMethod(ReflectionUtils.java:766)
	at org.junit.jupiter.engine.execution.MethodInvocation.proceed(MethodInvocation.java:60)
	at org.junit.jupiter.engine.execution.InvocationInterceptorChain$ValidatingInvocation.proceed(InvocationInterceptorChain.java:131)
	at org.junit.jupiter.engine.extension.SameThreadTimeoutInvocation.proceed(SameThreadTimeoutInvocation.java:45)
	at org.junit.jupiter.engine.extension.TimeoutExtension.intercept(TimeoutExtension.java:156)
	at org.junit.jupiter.engine.extension.TimeoutExtension.interceptTestableMethod(TimeoutExtension.java:147)
	at org.junit.jupiter.engine.extension.TimeoutExtension.interceptTestMethod(TimeoutExtension.java:86)
	at org.junit.jupiter.engine.execution.InterceptingExecutableInvoker$ReflectiveInterceptorCall.lambda$ofVoidMethod$0(InterceptingExecutableInvoker.java:103)
	at org.junit.jupiter.engine.execution.InterceptingExecutableInvoker.lambda$invoke$0(InterceptingExecutableInvoker.java:93)
	at org.junit.jupiter.engine.execution.InvocationInterceptorChain$InterceptedInvocation.proceed(InvocationInterceptorChain.java:106)
	at org.junit.jupiter.engine.execution.InvocationInterceptorChain.proceed(InvocationInterceptorChain.java:64)
	at org.junit.jupiter.engine.execution.InvocationInterceptorChain.chainAndInvoke(InvocationInterceptorChain.java:45)
	at org.junit.jupiter.engine.execution.InvocationInterceptorChain.invoke(InvocationInterceptorChain.java:37)
	at org.junit.jupiter.engine.execution.InterceptingExecutableInvoker.invoke(InterceptingExecutableInvoker.java:92)
	at org.junit.jupiter.engine.execution.InterceptingExecutableInvoker.invoke(InterceptingExecutableInvoker.java:86)
	at org.junit.jupiter.engine.descriptor.TestMethodTestDescriptor.lambda$invokeTestMethod$8(TestMethodTestDescriptor.java:217)
	at org.junit.platform.engine.support.hierarchical.ThrowableCollector.execute(ThrowableCollector.java:73)
	at org.junit.jupiter.engine.descriptor.TestMethodTestDescriptor.invokeTestMethod(TestMethodTestDescriptor.java:213)
	at org.junit.jupiter.engine.descriptor.TestMethodTestDescriptor.execute(TestMethodTestDescriptor.java:138)
	at org.junit.jupiter.engine.descriptor.TestMethodTestDescriptor.execute(TestMethodTestDescriptor.java:68)
	at org.junit.platform.engine.support.hierarchical.NodeTestTask.lambda$executeRecursively$6(NodeTestTask.java:156)
	at org.junit.platform.engine.support.hierarchical.ThrowableCollector.execute(ThrowableCollector.java:73)
	at org.junit.platform.engine.support.hierarchical.NodeTestTask.lambda$executeRecursively$8(NodeTestTask.java:146)
	at org.junit.platform.engine.support.hierarchical.Node.around(Node.java:137)
	at org.junit.platform.engine.support.hierarchical.NodeTestTask.lambda$executeRecursively$9(NodeTestTask.java:144)
	at org.junit.platform.engine.support.hierarchical.ThrowableCollector.execute(ThrowableCollector.java:73)
	at org.junit.platform.engine.support.hierarchical.NodeTestTask.executeRecursively(NodeTestTask.java:143)
	at org.junit.platform.engine.support.hierarchical.NodeTestTask.execute(NodeTestTask.java:100)
	at java.util.ArrayList.forEach(ArrayList.java:1259)
	at org.junit.platform.engine.support.hierarchical.SameThreadHierarchicalTestExecutorService.invokeAll(SameThreadHierarchicalTestExecutorService.java:41)
	at org.junit.platform.engine.support.hierarchical.NodeTestTask.lambda$executeRecursively$6(NodeTestTask.java:160)
	at org.junit.platform.engine.support.hierarchical.ThrowableCollector.execute(ThrowableCollector.java:73)
	at org.junit.platform.engine.support.hierarchical.NodeTestTask.lambda$executeRecursively$8(NodeTestTask.java:146)
	at org.junit.platform.engine.support.hierarchical.Node.around(Node.java:137)
	at org.junit.platform.engine.support.hierarchical.NodeTestTask.lambda$executeRecursively$9(NodeTestTask.java:144)
	at org.junit.platform.engine.support.hierarchical.ThrowableCollector.execute(ThrowableCollector.java:73)
	at org.junit.platform.engine.support.hierarchical.NodeTestTask.executeRecursively(NodeTestTask.java:143)
	at org.junit.platform.engine.support.hierarchical.NodeTestTask.execute(NodeTestTask.java:100)
	at java.util.ArrayList.forEach(ArrayList.java:1259)
	at org.junit.platform.engine.support.hierarchical.SameThreadHierarchicalTestExecutorService.invokeAll(SameThreadHierarchicalTestExecutorService.java:41)
	at org.junit.platform.engine.support.hierarchical.NodeTestTask.lambda$executeRecursively$6(NodeTestTask.java:160)
	at org.junit.platform.engine.support.hierarchical.ThrowableCollector.execute(ThrowableCollector.java:73)
	at org.junit.platform.engine.support.hierarchical.NodeTestTask.lambda$executeRecursively$8(NodeTestTask.java:146)
	at org.junit.platform.engine.support.hierarchical.Node.around(Node.java:137)
	at org.junit.platform.engine.support.hierarchical.NodeTestTask.lambda$executeRecursively$9(NodeTestTask.java:144)
	at org.junit.platform.engine.support.hierarchical.ThrowableCollector.execute(ThrowableCollector.java:73)
	at org.junit.platform.engine.support.hierarchical.NodeTestTask.executeRecursively(NodeTestTask.java:143)
	at org.junit.platform.engine.support.hierarchical.NodeTestTask.execute(NodeTestTask.java:100)
	at org.junit.platform.engine.support.hierarchical.SameThreadHierarchicalTestExecutorService.submit(SameThreadHierarchicalTestExecutorService.java:35)
	at org.junit.platform.engine.support.hierarchical.HierarchicalTestExecutor.execute(HierarchicalTestExecutor.java:57)
	at org.junit.platform.engine.support.hierarchical.HierarchicalTestEngine.execute(HierarchicalTestEngine.java:54)
	at org.junit.platform.launcher.core.EngineExecutionOrchestrator.execute(EngineExecutionOrchestrator.java:198)
	at org.junit.platform.launcher.core.EngineExecutionOrchestrator.execute(EngineExecutionOrchestrator.java:169)
	at org.junit.platform.launcher.core.EngineExecutionOrchestrator.execute(EngineExecutionOrchestrator.java:93)
	at org.junit.platform.launcher.core.EngineExecutionOrchestrator.lambda$execute$0(EngineExecutionOrchestrator.java:58)
	at org.junit.platform.launcher.core.EngineExecutionOrchestrator.withInterceptedStreams(EngineExecutionOrchestrator.java:141)
	at org.junit.platform.launcher.core.EngineExecutionOrchestrator.execute(EngineExecutionOrchestrator.java:57)
	at org.junit.platform.launcher.core.DefaultLauncher.execute(DefaultLauncher.java:103)
	at org.junit.platform.launcher.core.DefaultLauncher.execute(DefaultLauncher.java:85)
	at org.junit.platform.launcher.core.DelegatingLauncher.execute(DelegatingLauncher.java:47)
	at org.junit.platform.launcher.core.SessionPerRequestLauncher.execute(SessionPerRequestLauncher.java:63)
	at org.apache.maven.surefire.junitplatform.JUnitPlatformProvider.invokeAllTests(JUnitPlatformProvider.java:154)
	at org.apache.maven.surefire.junitplatform.JUnitPlatformProvider.invoke(JUnitPlatformProvider.java:123)
	at org.apache.maven.surefire.booter.ForkedBooter.runSuitesInProcess(ForkedBooter.java:377)
	at org.apache.maven.surefire.booter.ForkedBooter.execute(ForkedBooter.java:138)
	at org.apache.maven.surefire.booter.ForkedBooter.run(ForkedBooter.java:465)
	at org.apache.maven.surefire.booter.ForkedBooter.main(ForkedBooter.java:451)
2024-12-27 13:08:26,519 [main] INFO  impl.MiniRaftCluster (MiniRaftCluster.java:shutdown(847)) - ************************************************************** 
2024-12-27 13:08:26,519 [main] INFO  impl.MiniRaftCluster (MiniRaftCluster.java:shutdown(848)) - *** 
2024-12-27 13:08:26,519 [main] INFO  impl.MiniRaftCluster (MiniRaftCluster.java:shutdown(849)) - ***     Stopping MiniRaftClusterWithGrpc
2024-12-27 13:08:26,519 [main] INFO  impl.MiniRaftCluster (MiniRaftCluster.java:shutdown(850)) - *** 
2024-12-27 13:08:26,520 [main] INFO  impl.MiniRaftCluster (MiniRaftCluster.java:shutdown(851)) - ************************************************************** 
2024-12-27 13:08:26,520 [main] INFO  impl.MiniRaftCluster (MiniRaftCluster.java:shutdown(852)) - printing ALL groups
  s3:  RUNNING  FOLLOWER s3@group-728B40B71970:t1, leader=s1, voted=s1, raftlog=Memoized:s3@group-728B40B71970-SegmentedRaftLog:OPENED:c9:last(t:1, i:10), conf=conf: {index: 0, cur=peers:[s3|localhost:15012, s4|localhost:15016, s0|localhost:15000, s1|localhost:15004, s2|localhost:15008]|listeners:[], old=null} RUNNING
  s4:  RUNNING  FOLLOWER s4@group-728B40B71970:t1, leader=s1, voted=s1, raftlog=Memoized:s4@group-728B40B71970-SegmentedRaftLog:OPENED:c9:last(t:1, i:10), conf=conf: {index: 0, cur=peers:[s3|localhost:15012, s4|localhost:15016, s0|localhost:15000, s1|localhost:15004, s2|localhost:15008]|listeners:[], old=null} RUNNING
  s0:  RUNNING  FOLLOWER s0@group-728B40B71970:t1, leader=s1, voted=s1, raftlog=Memoized:s0@group-728B40B71970-SegmentedRaftLog:OPENED:c9:last(t:1, i:10), conf=conf: {index: 0, cur=peers:[s3|localhost:15012, s4|localhost:15016, s0|localhost:15000, s1|localhost:15004, s2|localhost:15008]|listeners:[], old=null} RUNNING
  s1:  RUNNING    LEADER s1@group-728B40B71970:t1, leader=s1, voted=s1, raftlog=Memoized:s1@group-728B40B71970-SegmentedRaftLog:OPENED:c10:last(t:1, i:10), conf=conf: {index: 0, cur=peers:[s3|localhost:15012, s4|localhost:15016, s0|localhost:15000, s1|localhost:15004, s2|localhost:15008]|listeners:[], old=null} RUNNING
  s2:  RUNNING  FOLLOWER s2@group-728B40B71970:t1, leader=s1, voted=s1, raftlog=Memoized:s2@group-728B40B71970-SegmentedRaftLog:OPENED:c9:last(t:1, i:10), conf=conf: {index: 0, cur=peers:[s3|localhost:15012, s4|localhost:15016, s0|localhost:15000, s1|localhost:15004, s2|localhost:15008]|listeners:[], old=null} RUNNING
2024-12-27 13:08:26,524 [MiniRaftCluster-1] INFO  server.RaftServer (RaftServerProxy.java:lambda$close$9(418)) - s3: close
2024-12-27 13:08:26,524 [MiniRaftCluster-2] INFO  server.RaftServer (RaftServerProxy.java:lambda$close$9(418)) - s4: close
2024-12-27 13:08:26,525 [MiniRaftCluster-4] INFO  server.RaftServer (RaftServerProxy.java:lambda$close$9(418)) - s1: close
2024-12-27 13:08:26,526 [s4-impl-thread1] INFO  server.RaftServer$Division (RaftServerImpl.java:lambda$close$1(514)) - s4@group-728B40B71970: shutdown
2024-12-27 13:08:26,526 [MiniRaftCluster-4] INFO  server.GrpcServicesImpl (GrpcServicesImpl.java:closeImpl(362)) - s1: shutdown server org.apache.ratis.grpc.server.GrpcClientProtocolService now
2024-12-27 13:08:26,527 [MiniRaftCluster-1] INFO  server.GrpcServicesImpl (GrpcServicesImpl.java:closeImpl(362)) - s3: shutdown server org.apache.ratis.grpc.server.GrpcClientProtocolService now
2024-12-27 13:08:26,526 [MiniRaftCluster-2] INFO  server.GrpcServicesImpl (GrpcServicesImpl.java:closeImpl(362)) - s4: shutdown server org.apache.ratis.grpc.server.GrpcClientProtocolService now
2024-12-27 13:08:26,527 [s3-impl-thread1] INFO  server.RaftServer$Division (RaftServerImpl.java:lambda$close$1(514)) - s3@group-728B40B71970: shutdown
2024-12-27 13:08:26,526 [s4-impl-thread1] INFO  util.JmxRegister (JmxRegister.java:unregister(74)) - Successfully un-registered JMX Bean with object name Ratis:service=RaftServer,group=group-728B40B71970,id=s4
2024-12-27 13:08:26,526 [s1-impl-thread1] INFO  server.RaftServer$Division (RaftServerImpl.java:lambda$close$1(514)) - s1@group-728B40B71970: shutdown
2024-12-27 13:08:26,527 [s4-impl-thread1] INFO  impl.RoleInfo (RoleInfo.java:shutdownFollowerState(121)) - s4: shutdown s4@group-728B40B71970-FollowerState
2024-12-27 13:08:26,527 [s3-impl-thread1] INFO  util.JmxRegister (JmxRegister.java:unregister(74)) - Successfully un-registered JMX Bean with object name Ratis:service=RaftServer,group=group-728B40B71970,id=s3
2024-12-27 13:08:26,527 [s3-impl-thread1] INFO  impl.RoleInfo (RoleInfo.java:shutdownFollowerState(121)) - s3: shutdown s3@group-728B40B71970-FollowerState
2024-12-27 13:08:26,527 [s3-impl-thread1] INFO  impl.StateMachineUpdater (StateMachineUpdater.java:stopAndJoin(164)) - s3@group-728B40B71970-StateMachineUpdater: set stopIndex = 9
2024-12-27 13:08:26,527 [s4-impl-thread1] INFO  impl.StateMachineUpdater (StateMachineUpdater.java:stopAndJoin(164)) - s4@group-728B40B71970-StateMachineUpdater: set stopIndex = 9
2024-12-27 13:08:26,527 [s1-impl-thread1] INFO  util.JmxRegister (JmxRegister.java:unregister(74)) - Successfully un-registered JMX Bean with object name Ratis:service=RaftServer,group=group-728B40B71970,id=s1
2024-12-27 13:08:26,528 [s1-impl-thread1] INFO  impl.RoleInfo (RoleInfo.java:shutdownLeaderState(103)) - s1: shutdown s1@group-728B40B71970-LeaderStateImpl
2024-12-27 13:08:26,528 [s4@group-728B40B71970-StateMachineUpdater] INFO  impl.StateMachineUpdater (StateMachineUpdater.java:stop(141)) - s4@group-728B40B71970-StateMachineUpdater: closing SimpleStateMachine4Testing, lastApplied=(t:1, i:9)
2024-12-27 13:08:26,529 [s1@group-728B40B71970->s2-GrpcLogAppender-LogAppenderDaemon] WARN  server.GrpcLogAppender (GrpcLogAppender.java:mayWait(293)) - s1@group-728B40B71970->s2-GrpcLogAppender: Wait interrupted by java.lang.InterruptedException
2024-12-27 13:08:26,529 [s1-impl-thread1] INFO  impl.PendingRequests (PendingRequests.java:sendNotLeaderResponses(287)) - s1@group-728B40B71970-PendingRequests: sendNotLeaderResponses
2024-12-27 13:08:26,530 [s1@group-728B40B71970->s0-GrpcLogAppender-LogAppenderDaemon] WARN  server.GrpcLogAppender (GrpcLogAppender.java:mayWait(293)) - s1@group-728B40B71970->s0-GrpcLogAppender: Wait interrupted by java.lang.InterruptedException
2024-12-27 13:08:26,530 [s3@group-728B40B71970-StateMachineUpdater] INFO  impl.StateMachineUpdater (StateMachineUpdater.java:stop(141)) - s3@group-728B40B71970-StateMachineUpdater: closing SimpleStateMachine4Testing, lastApplied=(t:1, i:9)
2024-12-27 13:08:26,530 [MiniRaftCluster-3] INFO  server.RaftServer (RaftServerProxy.java:lambda$close$9(418)) - s0: close
2024-12-27 13:08:26,527 [s3@group-728B40B71970-FollowerState] INFO  impl.FollowerState (FollowerState.java:runImpl(170)) - s3@group-728B40B71970-FollowerState was interrupted
2024-12-27 13:08:26,527 [s4@group-728B40B71970-FollowerState] INFO  impl.FollowerState (FollowerState.java:runImpl(170)) - s4@group-728B40B71970-FollowerState was interrupted
2024-12-27 13:08:26,530 [s1@group-728B40B71970->s4-GrpcLogAppender-LogAppenderDaemon] WARN  server.GrpcLogAppender (GrpcLogAppender.java:mayWait(293)) - s1@group-728B40B71970->s4-GrpcLogAppender: Wait interrupted by java.lang.InterruptedException
2024-12-27 13:08:26,532 [s4-impl-thread1] INFO  raftlog.RaftLog (SegmentedRaftLog.java:close(568)) - Start closing s4@group-728B40B71970-SegmentedRaftLog:OPENED:c9:last(t:1, i:10)
2024-12-27 13:08:26,530 [s1@group-728B40B71970->s3-GrpcLogAppender-LogAppenderDaemon] WARN  server.GrpcLogAppender (GrpcLogAppender.java:mayWait(293)) - s1@group-728B40B71970->s3-GrpcLogAppender: Wait interrupted by java.lang.InterruptedException
2024-12-27 13:08:26,532 [s1@group-728B40B71970-StateMachineUpdater] INFO  impl.StateMachineUpdater (StateMachineUpdater.java:stop(141)) - s1@group-728B40B71970-StateMachineUpdater: closing SimpleStateMachine4Testing, lastApplied=(t:1, i:10)
2024-12-27 13:08:26,532 [MiniRaftCluster-5] INFO  server.RaftServer (RaftServerProxy.java:lambda$close$9(418)) - s2: close
2024-12-27 13:08:26,532 [s1-impl-thread1] INFO  impl.StateMachineUpdater (StateMachineUpdater.java:stopAndJoin(164)) - s1@group-728B40B71970-StateMachineUpdater: set stopIndex = 10
2024-12-27 13:08:26,533 [s1-impl-thread1] INFO  raftlog.RaftLog (SegmentedRaftLog.java:close(568)) - Start closing s1@group-728B40B71970-SegmentedRaftLog:OPENED:c10:last(t:1, i:10)
2024-12-27 13:08:26,533 [s4@group-728B40B71970-cacheEviction-AwaitToRun] INFO  util.AwaitToRun (AwaitToRun.java:run(49)) - s4@group-728B40B71970-cacheEviction-AwaitToRun-AwaitForSignal is interrupted
2024-12-27 13:08:26,533 [MiniRaftCluster-3] INFO  server.GrpcServicesImpl (GrpcServicesImpl.java:closeImpl(362)) - s0: shutdown server org.apache.ratis.grpc.server.GrpcClientProtocolService now
2024-12-27 13:08:26,533 [Thread-97] INFO  server.GrpcServerProtocolClient (GrpcServerProtocolClient.java:close(105)) - s4 Close channels
2024-12-27 13:08:26,533 [s1@group-728B40B71970-cacheEviction-AwaitToRun] INFO  util.AwaitToRun (AwaitToRun.java:run(49)) - s1@group-728B40B71970-cacheEviction-AwaitToRun-AwaitForSignal is interrupted
2024-12-27 13:08:26,533 [s0-impl-thread1] INFO  server.RaftServer$Division (RaftServerImpl.java:lambda$close$1(514)) - s0@group-728B40B71970: shutdown
2024-12-27 13:08:26,533 [s0-impl-thread1] INFO  util.JmxRegister (JmxRegister.java:unregister(74)) - Successfully un-registered JMX Bean with object name Ratis:service=RaftServer,group=group-728B40B71970,id=s0
2024-12-27 13:08:26,534 [s0-impl-thread1] INFO  impl.RoleInfo (RoleInfo.java:shutdownFollowerState(121)) - s0: shutdown s0@group-728B40B71970-FollowerState
2024-12-27 13:08:26,533 [s3-impl-thread1] INFO  raftlog.RaftLog (SegmentedRaftLog.java:close(568)) - Start closing s3@group-728B40B71970-SegmentedRaftLog:OPENED:c9:last(t:1, i:10)
2024-12-27 13:08:26,534 [Thread-98] INFO  server.GrpcServerProtocolClient (GrpcServerProtocolClient.java:close(105)) - s0 Close channels
2024-12-27 13:08:26,534 [s0@group-728B40B71970-StateMachineUpdater] INFO  impl.StateMachineUpdater (StateMachineUpdater.java:stop(141)) - s0@group-728B40B71970-StateMachineUpdater: closing SimpleStateMachine4Testing, lastApplied=(t:1, i:9)
2024-12-27 13:08:26,534 [s0@group-728B40B71970-FollowerState] INFO  impl.FollowerState (FollowerState.java:runImpl(170)) - s0@group-728B40B71970-FollowerState was interrupted
2024-12-27 13:08:26,534 [s0-impl-thread1] INFO  impl.StateMachineUpdater (StateMachineUpdater.java:stopAndJoin(164)) - s0@group-728B40B71970-StateMachineUpdater: set stopIndex = 9
2024-12-27 13:08:26,533 [MiniRaftCluster-5] INFO  server.GrpcServicesImpl (GrpcServicesImpl.java:closeImpl(362)) - s2: shutdown server org.apache.ratis.grpc.server.GrpcClientProtocolService now
2024-12-27 13:08:26,534 [Thread-99] INFO  server.GrpcServerProtocolClient (GrpcServerProtocolClient.java:close(105)) - s1 Close channels
2024-12-27 13:08:26,533 [s4-impl-thread1] INFO  segmented.LogSegment (LogSegment.java:close(353)) - Successfully closed EntryCache-log_inprogress_0
2024-12-27 13:08:26,534 [Thread-100] INFO  server.GrpcServerProtocolClient (GrpcServerProtocolClient.java:close(105)) - s2 Close channels
2024-12-27 13:08:26,534 [s1-impl-thread1] INFO  segmented.LogSegment (LogSegment.java:close(353)) - Successfully closed EntryCache-log_inprogress_0
2024-12-27 13:08:26,534 [s3@group-728B40B71970-cacheEviction-AwaitToRun] INFO  util.AwaitToRun (AwaitToRun.java:run(49)) - s3@group-728B40B71970-cacheEviction-AwaitToRun-AwaitForSignal is interrupted
2024-12-27 13:08:26,534 [s2-impl-thread1] INFO  server.RaftServer$Division (RaftServerImpl.java:lambda$close$1(514)) - s2@group-728B40B71970: shutdown
2024-12-27 13:08:26,535 [s2-impl-thread1] INFO  util.JmxRegister (JmxRegister.java:unregister(74)) - Successfully un-registered JMX Bean with object name Ratis:service=RaftServer,group=group-728B40B71970,id=s2
2024-12-27 13:08:26,535 [s2-impl-thread1] INFO  impl.RoleInfo (RoleInfo.java:shutdownFollowerState(121)) - s2: shutdown s2@group-728B40B71970-FollowerState
2024-12-27 13:08:26,535 [s0-impl-thread1] INFO  raftlog.RaftLog (SegmentedRaftLog.java:close(568)) - Start closing s0@group-728B40B71970-SegmentedRaftLog:OPENED:c9:last(t:1, i:10)
2024-12-27 13:08:26,535 [s2@group-728B40B71970-FollowerState] INFO  impl.FollowerState (FollowerState.java:runImpl(170)) - s2@group-728B40B71970-FollowerState was interrupted
2024-12-27 13:08:26,535 [s2@group-728B40B71970-StateMachineUpdater] INFO  impl.StateMachineUpdater (StateMachineUpdater.java:stop(141)) - s2@group-728B40B71970-StateMachineUpdater: closing SimpleStateMachine4Testing, lastApplied=(t:1, i:9)
2024-12-27 13:08:26,535 [s2-impl-thread1] INFO  impl.StateMachineUpdater (StateMachineUpdater.java:stopAndJoin(164)) - s2@group-728B40B71970-StateMachineUpdater: set stopIndex = 9
2024-12-27 13:08:26,535 [s3-impl-thread1] INFO  segmented.LogSegment (LogSegment.java:close(353)) - Successfully closed EntryCache-log_inprogress_0
2024-12-27 13:08:26,536 [s2-impl-thread1] INFO  raftlog.RaftLog (SegmentedRaftLog.java:close(568)) - Start closing s2@group-728B40B71970-SegmentedRaftLog:OPENED:c9:last(t:1, i:10)
2024-12-27 13:08:26,535 [s0@group-728B40B71970-cacheEviction-AwaitToRun] INFO  util.AwaitToRun (AwaitToRun.java:run(49)) - s0@group-728B40B71970-cacheEviction-AwaitToRun-AwaitForSignal is interrupted
2024-12-27 13:08:26,536 [s2@group-728B40B71970-cacheEviction-AwaitToRun] INFO  util.AwaitToRun (AwaitToRun.java:run(49)) - s2@group-728B40B71970-cacheEviction-AwaitToRun-AwaitForSignal is interrupted
2024-12-27 13:08:26,537 [s2-impl-thread1] INFO  segmented.LogSegment (LogSegment.java:close(353)) - Successfully closed EntryCache-log_inprogress_0
2024-12-27 13:08:26,537 [s0-impl-thread1] INFO  segmented.LogSegment (LogSegment.java:close(353)) - Successfully closed EntryCache-log_inprogress_0
2024-12-27 13:08:26,537 [MiniRaftCluster-2] INFO  server.GrpcServicesImpl (GrpcServicesImpl.java:closeImpl(371)) - s4: shutdown server org.apache.ratis.grpc.server.GrpcClientProtocolService successfully
2024-12-27 13:08:26,538 [MiniRaftCluster-2] INFO  server.GrpcServicesImpl (GrpcServicesImpl.java:closeImpl(362)) - s4: shutdown server GrpcServerProtocolService now
2024-12-27 13:08:26,540 [grpc-default-executor-0] WARN  server.GrpcServerProtocolService (LogUtils.java:warn(127)) - s4: APPEND_ENTRIES onError, lastRequest: null: org.apache.ratis.thirdparty.io.grpc.StatusRuntimeException: CANCELLED: client cancelled
2024-12-27 13:08:26,541 [grpc-default-executor-1] WARN  server.GrpcServerProtocolService (LogUtils.java:warn(127)) - s4: APPEND_ENTRIES onError, lastRequest: s1->s4#38-t1,previous=(t:1, i:9),leaderCommit=9,initializing? false,entries: size=1, first=(t:1, i:10), METADATAENTRY(c:9): org.apache.ratis.thirdparty.io.grpc.StatusRuntimeException: CANCELLED: client cancelled
2024-12-27 13:08:26,541 [MiniRaftCluster-2] INFO  server.GrpcServicesImpl (GrpcServicesImpl.java:closeImpl(371)) - s4: shutdown server GrpcServerProtocolService successfully
2024-12-27 13:08:26,541 [MiniRaftCluster-2] INFO  server.GrpcServicesImpl (GrpcServicesImpl.java:closeImpl(362)) - s4: shutdown server org.apache.ratis.grpc.server.GrpcAdminProtocolService now
2024-12-27 13:08:26,541 [Thread-109] INFO  server.GrpcServerProtocolClient (GrpcServerProtocolClient.java:close(105)) - s4 Close channels
2024-12-27 13:08:26,542 [MiniRaftCluster-2] INFO  server.GrpcServicesImpl (GrpcServicesImpl.java:closeImpl(371)) - s4: shutdown server org.apache.ratis.grpc.server.GrpcAdminProtocolService successfully
2024-12-27 13:08:26,542 [Thread-103] INFO  server.GrpcServerProtocolClient (GrpcServerProtocolClient.java:close(105)) - s3 Close channels
2024-12-27 13:08:26,542 [grpc-default-executor-1] INFO  server.GrpcLogAppender (GrpcLogAppender.java:onError(555)) - s1@group-728B40B71970->s4-GrpcLogAppender is already stopped
2024-12-27 13:08:26,543 [grpc-default-executor-1] INFO  server.GrpcLogAppender (GrpcLogAppender.java:onError(555)) - s1@group-728B40B71970->s4-GrpcLogAppender is already stopped
2024-12-27 13:08:26,545 [Thread-110] INFO  server.GrpcServerProtocolClient (GrpcServerProtocolClient.java:close(105)) - s0 Close channels
2024-12-27 13:08:26,545 [Thread-112] INFO  server.GrpcServerProtocolClient (GrpcServerProtocolClient.java:close(105)) - s2 Close channels
2024-12-27 13:08:26,546 [MiniRaftCluster-5] INFO  server.GrpcServicesImpl (GrpcServicesImpl.java:closeImpl(371)) - s2: shutdown server org.apache.ratis.grpc.server.GrpcClientProtocolService successfully
2024-12-27 13:08:26,546 [MiniRaftCluster-5] INFO  server.GrpcServicesImpl (GrpcServicesImpl.java:closeImpl(362)) - s2: shutdown server GrpcServerProtocolService now
2024-12-27 13:08:26,547 [MiniRaftCluster-1] INFO  server.GrpcServicesImpl (GrpcServicesImpl.java:closeImpl(371)) - s3: shutdown server org.apache.ratis.grpc.server.GrpcClientProtocolService successfully
2024-12-27 13:08:26,550 [MiniRaftCluster-1] INFO  server.GrpcServicesImpl (GrpcServicesImpl.java:closeImpl(362)) - s3: shutdown server GrpcServerProtocolService now
2024-12-27 13:08:26,548 [grpc-default-executor-0] INFO  server.GrpcLogAppender (GrpcLogAppender.java:onError(555)) - s1@group-728B40B71970->s2-GrpcLogAppender is already stopped
2024-12-27 13:08:26,548 [MiniRaftCluster-5] INFO  server.GrpcServicesImpl (GrpcServicesImpl.java:closeImpl(371)) - s2: shutdown server GrpcServerProtocolService successfully
2024-12-27 13:08:26,553 [MiniRaftCluster-5] INFO  server.GrpcServicesImpl (GrpcServicesImpl.java:closeImpl(362)) - s2: shutdown server org.apache.ratis.grpc.server.GrpcAdminProtocolService now
2024-12-27 13:08:26,548 [grpc-default-executor-2] WARN  server.GrpcServerProtocolService (LogUtils.java:warn(127)) - s2: APPEND_ENTRIES onError, lastRequest: s1->s2#35-t1,previous=(t:1, i:9),leaderCommit=9,initializing? false,entries: size=1, first=(t:1, i:10), METADATAENTRY(c:9): org.apache.ratis.thirdparty.io.grpc.StatusRuntimeException: CANCELLED: client cancelled
2024-12-27 13:08:26,554 [grpc-default-executor-4] WARN  server.GrpcServerProtocolService (LogUtils.java:warn(127)) - s3: APPEND_ENTRIES onError, lastRequest: s1->s3#38-t1,previous=(t:1, i:9),leaderCommit=9,initializing? false,entries: size=1, first=(t:1, i:10), METADATAENTRY(c:9): org.apache.ratis.thirdparty.io.grpc.StatusRuntimeException: CANCELLED: client cancelled
2024-12-27 13:08:26,547 [grpc-default-executor-3] INFO  server.GrpcLogAppender (GrpcLogAppender.java:onError(555)) - s1@group-728B40B71970->s2-GrpcLogAppender is already stopped
2024-12-27 13:08:26,547 [grpc-default-executor-1] WARN  server.GrpcServerProtocolService (LogUtils.java:warn(127)) - s2: APPEND_ENTRIES onError, lastRequest: null: org.apache.ratis.thirdparty.io.grpc.StatusRuntimeException: CANCELLED: client cancelled
2024-12-27 13:08:26,554 [MiniRaftCluster-5] INFO  server.GrpcServicesImpl (GrpcServicesImpl.java:closeImpl(371)) - s2: shutdown server org.apache.ratis.grpc.server.GrpcAdminProtocolService successfully
2024-12-27 13:08:26,553 [MiniRaftCluster-3] INFO  server.GrpcServicesImpl (GrpcServicesImpl.java:closeImpl(371)) - s0: shutdown server org.apache.ratis.grpc.server.GrpcClientProtocolService successfully
2024-12-27 13:08:26,555 [MiniRaftCluster-3] INFO  server.GrpcServicesImpl (GrpcServicesImpl.java:closeImpl(362)) - s0: shutdown server GrpcServerProtocolService now
2024-12-27 13:08:26,554 [grpc-default-executor-3] INFO  server.GrpcLogAppender (GrpcLogAppender.java:onError(555)) - s1@group-728B40B71970->s3-GrpcLogAppender is already stopped
2024-12-27 13:08:26,555 [grpc-default-executor-3] INFO  server.GrpcLogAppender (GrpcLogAppender.java:onError(555)) - s1@group-728B40B71970->s0-GrpcLogAppender is already stopped
2024-12-27 13:08:26,556 [grpc-default-executor-2] WARN  server.GrpcServerProtocolService (LogUtils.java:warn(127)) - s0: APPEND_ENTRIES onError, lastRequest: s1->s0#33-t1,previous=(t:1, i:9),leaderCommit=9,initializing? false,entries: size=1, first=(t:1, i:10), METADATAENTRY(c:9): org.apache.ratis.thirdparty.io.grpc.StatusRuntimeException: CANCELLED: client cancelled
2024-12-27 13:08:26,556 [MiniRaftCluster-3] INFO  server.GrpcServicesImpl (GrpcServicesImpl.java:closeImpl(371)) - s0: shutdown server GrpcServerProtocolService successfully
2024-12-27 13:08:26,556 [MiniRaftCluster-3] INFO  server.GrpcServicesImpl (GrpcServicesImpl.java:closeImpl(362)) - s0: shutdown server org.apache.ratis.grpc.server.GrpcAdminProtocolService now
2024-12-27 13:08:26,556 [grpc-default-executor-1] WARN  server.GrpcServerProtocolService (LogUtils.java:warn(127)) - s0: APPEND_ENTRIES onError, lastRequest: null: org.apache.ratis.thirdparty.io.grpc.StatusRuntimeException: CANCELLED: client cancelled
2024-12-27 13:08:26,556 [MiniRaftCluster-3] INFO  server.GrpcServicesImpl (GrpcServicesImpl.java:closeImpl(371)) - s0: shutdown server org.apache.ratis.grpc.server.GrpcAdminProtocolService successfully
2024-12-27 13:08:26,556 [grpc-default-executor-4] WARN  server.GrpcServerProtocolService (LogUtils.java:warn(127)) - s3: APPEND_ENTRIES onError, lastRequest: null: org.apache.ratis.thirdparty.io.grpc.StatusRuntimeException: CANCELLED: client cancelled
2024-12-27 13:08:26,557 [MiniRaftCluster-1] INFO  server.GrpcServicesImpl (GrpcServicesImpl.java:closeImpl(371)) - s3: shutdown server GrpcServerProtocolService successfully
2024-12-27 13:08:26,557 [MiniRaftCluster-1] INFO  server.GrpcServicesImpl (GrpcServicesImpl.java:closeImpl(362)) - s3: shutdown server org.apache.ratis.grpc.server.GrpcAdminProtocolService now
2024-12-27 13:08:26,557 [grpc-default-executor-4] INFO  server.GrpcLogAppender (GrpcLogAppender.java:onError(555)) - s1@group-728B40B71970->s3-GrpcLogAppender is already stopped
2024-12-27 13:08:26,557 [MiniRaftCluster-1] INFO  server.GrpcServicesImpl (GrpcServicesImpl.java:closeImpl(371)) - s3: shutdown server org.apache.ratis.grpc.server.GrpcAdminProtocolService successfully
2024-12-27 13:08:26,557 [grpc-default-executor-4] INFO  server.GrpcLogAppender (GrpcLogAppender.java:onError(555)) - s1@group-728B40B71970->s0-GrpcLogAppender is already stopped
2024-12-27 13:08:26,558 [MiniRaftCluster-4] INFO  server.GrpcServicesImpl (GrpcServicesImpl.java:closeImpl(371)) - s1: shutdown server org.apache.ratis.grpc.server.GrpcClientProtocolService successfully
2024-12-27 13:08:26,558 [MiniRaftCluster-4] INFO  server.GrpcServicesImpl (GrpcServicesImpl.java:closeImpl(362)) - s1: shutdown server GrpcServerProtocolService now
2024-12-27 13:08:26,558 [MiniRaftCluster-4] INFO  server.GrpcServicesImpl (GrpcServicesImpl.java:closeImpl(371)) - s1: shutdown server GrpcServerProtocolService successfully
2024-12-27 13:08:26,558 [MiniRaftCluster-4] INFO  server.GrpcServicesImpl (GrpcServicesImpl.java:closeImpl(362)) - s1: shutdown server org.apache.ratis.grpc.server.GrpcAdminProtocolService now
2024-12-27 13:08:26,559 [MiniRaftCluster-4] INFO  server.GrpcServicesImpl (GrpcServicesImpl.java:closeImpl(371)) - s1: shutdown server org.apache.ratis.grpc.server.GrpcAdminProtocolService successfully
2024-12-27 13:08:27,339 [Timer-0] INFO  impl.MiniRaftCluster (MiniRaftCluster.java:lambda$null$7(362)) - TIMED-PRINT: printing ALL groups
  s3:  CLOSING  FOLLOWER s3@group-728B40B71970:t1, leader=s1, voted=s1, raftlog=Memoized:s3@group-728B40B71970-SegmentedRaftLog:CLOSED:c9, conf=conf: {index: 0, cur=peers:[s3|localhost:15012, s4|localhost:15016, s0|localhost:15000, s1|localhost:15004, s2|localhost:15008]|listeners:[], old=null} CLOSING
  s4:  CLOSING  FOLLOWER s4@group-728B40B71970:t1, leader=s1, voted=s1, raftlog=Memoized:s4@group-728B40B71970-SegmentedRaftLog:CLOSED:c9, conf=conf: {index: 0, cur=peers:[s3|localhost:15012, s4|localhost:15016, s0|localhost:15000, s1|localhost:15004, s2|localhost:15008]|listeners:[], old=null} CLOSING
  s0:  CLOSING  FOLLOWER s0@group-728B40B71970:t1, leader=s1, voted=s1, raftlog=Memoized:s0@group-728B40B71970-SegmentedRaftLog:CLOSED:c9, conf=conf: {index: 0, cur=peers:[s3|localhost:15012, s4|localhost:15016, s0|localhost:15000, s1|localhost:15004, s2|localhost:15008]|listeners:[], old=null} CLOSING
  s1:  CLOSING    LEADER s1@group-728B40B71970:t1, leader=s1, voted=s1, raftlog=Memoized:s1@group-728B40B71970-SegmentedRaftLog:CLOSED:c10, conf=conf: {index: 0, cur=peers:[s3|localhost:15012, s4|localhost:15016, s0|localhost:15000, s1|localhost:15004, s2|localhost:15008]|listeners:[], old=null} CLOSING
  s2:  CLOSING  FOLLOWER s2@group-728B40B71970:t1, leader=s1, voted=s1, raftlog=Memoized:s2@group-728B40B71970-SegmentedRaftLog:CLOSED:c9, conf=conf: {index: 0, cur=peers:[s3|localhost:15012, s4|localhost:15016, s0|localhost:15000, s1|localhost:15004, s2|localhost:15008]|listeners:[], old=null} CLOSING
2024-12-27 13:08:27,493 [s1-impl-thread1] INFO  segmented.SegmentedRaftLogWorker (SegmentedRaftLogWorker.java:close(254)) - s1@group-728B40B71970-SegmentedRaftLogWorker close()
2024-12-27 13:08:27,493 [s1-impl-thread1] INFO  raftlog.RaftLog (SegmentedRaftLog.java:close(576)) - Successfully closed s1@group-728B40B71970-SegmentedRaftLog:CLOSED:c10
2024-12-27 13:08:27,494 [s2-impl-thread1] INFO  segmented.SegmentedRaftLogWorker (SegmentedRaftLogWorker.java:close(254)) - s2@group-728B40B71970-SegmentedRaftLogWorker close()
2024-12-27 13:08:27,494 [s2-impl-thread1] INFO  raftlog.RaftLog (SegmentedRaftLog.java:close(576)) - Successfully closed s2@group-728B40B71970-SegmentedRaftLog:CLOSED:c9
2024-12-27 13:08:27,496 [s0-impl-thread1] INFO  segmented.SegmentedRaftLogWorker (SegmentedRaftLogWorker.java:close(254)) - s0@group-728B40B71970-SegmentedRaftLogWorker close()
2024-12-27 13:08:27,496 [s0-impl-thread1] INFO  raftlog.RaftLog (SegmentedRaftLog.java:close(576)) - Successfully closed s0@group-728B40B71970-SegmentedRaftLog:CLOSED:c9
2024-12-27 13:08:27,496 [JvmPauseMonitor3] INFO  util.JvmPauseMonitor (JvmPauseMonitor.java:run(152)) - JvmPauseMonitor-s1: Stopped
2024-12-27 13:08:27,499 [JvmPauseMonitor4] INFO  util.JvmPauseMonitor (JvmPauseMonitor.java:run(152)) - JvmPauseMonitor-s2: Stopped
2024-12-27 13:08:27,499 [JvmPauseMonitor2] INFO  util.JvmPauseMonitor (JvmPauseMonitor.java:run(152)) - JvmPauseMonitor-s0: Stopped
2024-12-27 13:08:27,502 [s4-impl-thread1] INFO  segmented.SegmentedRaftLogWorker (SegmentedRaftLogWorker.java:close(254)) - s4@group-728B40B71970-SegmentedRaftLogWorker close()
2024-12-27 13:08:27,502 [s4-impl-thread1] INFO  raftlog.RaftLog (SegmentedRaftLog.java:close(576)) - Successfully closed s4@group-728B40B71970-SegmentedRaftLog:CLOSED:c9
2024-12-27 13:08:27,503 [JvmPauseMonitor1] INFO  util.JvmPauseMonitor (JvmPauseMonitor.java:run(152)) - JvmPauseMonitor-s4: Stopped
2024-12-27 13:08:27,504 [s3-impl-thread1] INFO  segmented.SegmentedRaftLogWorker (SegmentedRaftLogWorker.java:close(254)) - s3@group-728B40B71970-SegmentedRaftLogWorker close()
2024-12-27 13:08:27,504 [s3-impl-thread1] INFO  raftlog.RaftLog (SegmentedRaftLog.java:close(576)) - Successfully closed s3@group-728B40B71970-SegmentedRaftLog:CLOSED:c9
2024-12-27 13:08:27,505 [JvmPauseMonitor0] INFO  util.JvmPauseMonitor (JvmPauseMonitor.java:run(152)) - JvmPauseMonitor-s3: Stopped
2024-12-27 13:08:27,505 [main] INFO  impl.MiniRaftCluster (MiniRaftCluster.java:shutdown(883)) - MiniRaftClusterWithGrpc shutdown completed
2024-12-27 13:08:27,506 [main] INFO  ratis.RaftTestUtil (RaftTestUtil.java:gc(596)) - gc 0
2024-12-27 13:08:27,665 [main] INFO  impl.MiniRaftCluster (MiniRaftClusterWithGrpc.java:lambda$null$2(103)) - Checking s3-group-728B40B71970
2024-12-27 13:08:27,666 [main] INFO  impl.MiniRaftCluster (MiniRaftClusterWithGrpc.java:lambda$null$2(103)) - Checking s4-group-728B40B71970
2024-12-27 13:08:27,666 [main] INFO  impl.MiniRaftCluster (MiniRaftClusterWithGrpc.java:lambda$null$2(103)) - Checking s0-group-728B40B71970
2024-12-27 13:08:27,666 [main] INFO  impl.MiniRaftCluster (MiniRaftClusterWithGrpc.java:lambda$null$2(103)) - Checking s1-group-728B40B71970
2024-12-27 13:08:27,666 [main] INFO  impl.MiniRaftCluster (MiniRaftClusterWithGrpc.java:lambda$null$2(103)) - Checking s2-group-728B40B71970
]]></system-out>
  </testcase>
</testsuite>