<?xml version="1.0" encoding="UTF-8"?>
<testsuite xmlns:xsi="http://www.w3.org/2001/XMLSchema-instance" xsi:noNamespaceSchemaLocation="https://maven.apache.org/surefire/maven-surefire-plugin/xsd/surefire-test-report-3.0.xsd" version="3.0" name="org.apache.ratis.grpc.TestRaftServerWithGrpc" time="82.366" tests="12" errors="1" skipped="0" failures="0">
  <properties>
    <property name="awt.toolkit" value="sun.awt.X11.XToolkit"/>
    <property name="file.encoding.pkg" value="sun.io"/>
    <property name="java.specification.version" value="1.8"/>
    <property name="sun.cpu.isalist" value=""/>
    <property name="sun.jnu.encoding" value="UTF-8"/>
    <property name="java.class.path" value="/home/runner/work/ratis/ratis/ratis-test/target/test-classes:/home/runner/work/ratis/ratis/ratis-test/target/classes:/home/runner/work/ratis/ratis/ratis-common/target/classes:/home/runner/.m2/repository/org/apache/ratis/ratis-thirdparty-misc/1.0.9/ratis-thirdparty-misc-1.0.9.jar:/home/runner/work/ratis/ratis/ratis-proto/target/classes:/home/runner/.m2/repository/jakarta/annotation/jakarta.annotation-api/1.3.5/jakarta.annotation-api-1.3.5.jar:/home/runner/work/ratis/ratis/ratis-common/target/test-classes:/home/runner/work/ratis/ratis/ratis-client/target/classes:/home/runner/work/ratis/ratis/ratis-server/target/classes:/home/runner/work/ratis/ratis/ratis-server-api/target/classes:/home/runner/work/ratis/ratis/ratis-metrics-api/target/classes:/home/runner/work/ratis/ratis/ratis-server/target/test-classes:/home/runner/work/ratis/ratis/ratis-metrics-default/target/classes:/home/runner/work/ratis/ratis/ratis-netty/target/classes:/home/runner/work/ratis/ratis/ratis-netty/target/test-classes:/home/runner/work/ratis/ratis/ratis-grpc/target/classes:/home/runner/work/ratis/ratis/ratis-grpc/target/test-classes:/home/runner/work/ratis/ratis/ratis-shell/target/classes:/home/runner/.m2/repository/commons-cli/commons-cli/1.5.0/commons-cli-1.5.0.jar:/home/runner/.m2/repository/org/reflections/reflections/0.10.2/reflections-0.10.2.jar:/home/runner/.m2/repository/org/javassist/javassist/3.28.0-GA/javassist-3.28.0-GA.jar:/home/runner/.m2/repository/com/google/code/findbugs/jsr305/3.0.2/jsr305-3.0.2.jar:/home/runner/.m2/repository/org/bouncycastle/bcprov-jdk18on/1.78.1/bcprov-jdk18on-1.78.1.jar:/home/runner/.m2/repository/org/bouncycastle/bcpkix-jdk18on/1.78.1/bcpkix-jdk18on-1.78.1.jar:/home/runner/.m2/repository/org/bouncycastle/bcutil-jdk18on/1.78.1/bcutil-jdk18on-1.78.1.jar:/home/runner/.m2/repository/org/slf4j/slf4j-api/2.0.7/slf4j-api-2.0.7.jar:/home/runner/.m2/repository/org/slf4j/slf4j-reload4j/2.0.7/slf4j-reload4j-2.0.7.jar:/home/runner/.m2/repository/ch/qos/reload4j/reload4j/1.2.22/reload4j-1.2.22.jar:/home/runner/.m2/repository/org/junit/jupiter/junit-jupiter-engine/5.12.2/junit-jupiter-engine-5.12.2.jar:/home/runner/.m2/repository/org/junit/platform/junit-platform-engine/1.12.2/junit-platform-engine-1.12.2.jar:/home/runner/.m2/repository/org/apiguardian/apiguardian-api/1.1.2/apiguardian-api-1.1.2.jar:/home/runner/.m2/repository/org/junit/jupiter/junit-jupiter-api/5.12.2/junit-jupiter-api-5.12.2.jar:/home/runner/.m2/repository/org/opentest4j/opentest4j/1.3.0/opentest4j-1.3.0.jar:/home/runner/.m2/repository/org/junit/platform/junit-platform-commons/1.12.2/junit-platform-commons-1.12.2.jar:/home/runner/.m2/repository/org/junit/jupiter/junit-jupiter-params/5.12.2/junit-jupiter-params-5.12.2.jar:/home/runner/.m2/repository/org/junit/platform/junit-platform-launcher/1.12.2/junit-platform-launcher-1.12.2.jar:/home/runner/.m2/repository/org/mockito/mockito-core/4.11.0/mockito-core-4.11.0.jar:/home/runner/.m2/repository/net/bytebuddy/byte-buddy/1.12.19/byte-buddy-1.12.19.jar:/home/runner/.m2/repository/net/bytebuddy/byte-buddy-agent/1.12.19/byte-buddy-agent-1.12.19.jar:/home/runner/.m2/repository/org/objenesis/objenesis/3.3/objenesis-3.3.jar:/home/runner/work/ratis/ratis/ratis-test/target/gradle-enterprise/test-listeners.jar:"/>
    <property name="java.vm.vendor" value="Temurin"/>
    <property name="sun.arch.data.model" value="64"/>
    <property name="java.vendor.url" value="https://adoptium.net/"/>
    <property name="user.timezone" value="Etc/UTC"/>
    <property name="java.vm.specification.version" value="1.8"/>
    <property name="os.name" value="Linux"/>
    <property name="sun.java.launcher" value="SUN_STANDARD"/>
    <property name="sun.boot.library.path" value="/usr/lib/jvm/temurin-8-jdk-amd64/jre/lib/amd64"/>
    <property name="sun.java.command" value="/home/runner/work/ratis/ratis/ratis-test/target/surefire/surefirebooter4089054221127108091.jar /home/runner/work/ratis/ratis/ratis-test/target/surefire 2025-09-08T20-15-28_611-jvmRun1 surefire4773076372743551073tmp surefire_336874341814316948217tmp"/>
    <property name="surefire.test.class.path" value="/home/runner/work/ratis/ratis/ratis-test/target/test-classes:/home/runner/work/ratis/ratis/ratis-test/target/classes:/home/runner/work/ratis/ratis/ratis-common/target/classes:/home/runner/.m2/repository/org/apache/ratis/ratis-thirdparty-misc/1.0.9/ratis-thirdparty-misc-1.0.9.jar:/home/runner/work/ratis/ratis/ratis-proto/target/classes:/home/runner/.m2/repository/jakarta/annotation/jakarta.annotation-api/1.3.5/jakarta.annotation-api-1.3.5.jar:/home/runner/work/ratis/ratis/ratis-common/target/test-classes:/home/runner/work/ratis/ratis/ratis-client/target/classes:/home/runner/work/ratis/ratis/ratis-server/target/classes:/home/runner/work/ratis/ratis/ratis-server-api/target/classes:/home/runner/work/ratis/ratis/ratis-metrics-api/target/classes:/home/runner/work/ratis/ratis/ratis-server/target/test-classes:/home/runner/work/ratis/ratis/ratis-metrics-default/target/classes:/home/runner/work/ratis/ratis/ratis-netty/target/classes:/home/runner/work/ratis/ratis/ratis-netty/target/test-classes:/home/runner/work/ratis/ratis/ratis-grpc/target/classes:/home/runner/work/ratis/ratis/ratis-grpc/target/test-classes:/home/runner/work/ratis/ratis/ratis-shell/target/classes:/home/runner/.m2/repository/commons-cli/commons-cli/1.5.0/commons-cli-1.5.0.jar:/home/runner/.m2/repository/org/reflections/reflections/0.10.2/reflections-0.10.2.jar:/home/runner/.m2/repository/org/javassist/javassist/3.28.0-GA/javassist-3.28.0-GA.jar:/home/runner/.m2/repository/com/google/code/findbugs/jsr305/3.0.2/jsr305-3.0.2.jar:/home/runner/.m2/repository/org/bouncycastle/bcprov-jdk18on/1.78.1/bcprov-jdk18on-1.78.1.jar:/home/runner/.m2/repository/org/bouncycastle/bcpkix-jdk18on/1.78.1/bcpkix-jdk18on-1.78.1.jar:/home/runner/.m2/repository/org/bouncycastle/bcutil-jdk18on/1.78.1/bcutil-jdk18on-1.78.1.jar:/home/runner/.m2/repository/org/slf4j/slf4j-api/2.0.7/slf4j-api-2.0.7.jar:/home/runner/.m2/repository/org/slf4j/slf4j-reload4j/2.0.7/slf4j-reload4j-2.0.7.jar:/home/runner/.m2/repository/ch/qos/reload4j/reload4j/1.2.22/reload4j-1.2.22.jar:/home/runner/.m2/repository/org/junit/jupiter/junit-jupiter-engine/5.12.2/junit-jupiter-engine-5.12.2.jar:/home/runner/.m2/repository/org/junit/platform/junit-platform-engine/1.12.2/junit-platform-engine-1.12.2.jar:/home/runner/.m2/repository/org/apiguardian/apiguardian-api/1.1.2/apiguardian-api-1.1.2.jar:/home/runner/.m2/repository/org/junit/jupiter/junit-jupiter-api/5.12.2/junit-jupiter-api-5.12.2.jar:/home/runner/.m2/repository/org/opentest4j/opentest4j/1.3.0/opentest4j-1.3.0.jar:/home/runner/.m2/repository/org/junit/platform/junit-platform-commons/1.12.2/junit-platform-commons-1.12.2.jar:/home/runner/.m2/repository/org/junit/jupiter/junit-jupiter-params/5.12.2/junit-jupiter-params-5.12.2.jar:/home/runner/.m2/repository/org/junit/platform/junit-platform-launcher/1.12.2/junit-platform-launcher-1.12.2.jar:/home/runner/.m2/repository/org/mockito/mockito-core/4.11.0/mockito-core-4.11.0.jar:/home/runner/.m2/repository/net/bytebuddy/byte-buddy/1.12.19/byte-buddy-1.12.19.jar:/home/runner/.m2/repository/net/bytebuddy/byte-buddy-agent/1.12.19/byte-buddy-agent-1.12.19.jar:/home/runner/.m2/repository/org/objenesis/objenesis/3.3/objenesis-3.3.jar:/home/runner/work/ratis/ratis/ratis-test/target/gradle-enterprise/test-listeners.jar:"/>
    <property name="sun.cpu.endian" value="little"/>
    <property name="user.home" value="/home/runner"/>
    <property name="user.language" value="en"/>
    <property name="java.specification.vendor" value="Oracle Corporation"/>
    <property name="java.home" value="/usr/lib/jvm/temurin-8-jdk-amd64/jre"/>
    <property name="basedir" value="/home/runner/work/ratis/ratis/ratis-test"/>
    <property name="file.separator" value="/"/>
    <property name="line.separator" value="&#10;"/>
    <property name="java.vm.specification.vendor" value="Oracle Corporation"/>
    <property name="java.specification.name" value="Java Platform API Specification"/>
    <property name="java.awt.graphicsenv" value="sun.awt.X11GraphicsEnvironment"/>
    <property name="surefire.real.class.path" value="/home/runner/work/ratis/ratis/ratis-test/target/surefire/surefirebooter4089054221127108091.jar:/home/runner/.m2/repository/org/jacoco/org.jacoco.agent/0.8.12/org.jacoco.agent-0.8.12-runtime.jar"/>
    <property name="sun.boot.class.path" value="/usr/lib/jvm/temurin-8-jdk-amd64/jre/lib/resources.jar:/usr/lib/jvm/temurin-8-jdk-amd64/jre/lib/rt.jar:/usr/lib/jvm/temurin-8-jdk-amd64/jre/lib/sunrsasign.jar:/usr/lib/jvm/temurin-8-jdk-amd64/jre/lib/jsse.jar:/usr/lib/jvm/temurin-8-jdk-amd64/jre/lib/jce.jar:/usr/lib/jvm/temurin-8-jdk-amd64/jre/lib/charsets.jar:/usr/lib/jvm/temurin-8-jdk-amd64/jre/lib/jfr.jar:/usr/lib/jvm/temurin-8-jdk-amd64/jre/classes"/>
    <property name="sun.management.compiler" value="HotSpot 64-Bit Tiered Compilers"/>
    <property name="java.runtime.version" value="1.8.0_462-b08"/>
    <property name="java.net.preferIPv4Stack" value="true"/>
    <property name="user.name" value="runner"/>
    <property name="path.separator" value=":"/>
    <property name="os.version" value="6.11.0-1018-azure"/>
    <property name="java.endorsed.dirs" value="/usr/lib/jvm/temurin-8-jdk-amd64/jre/lib/endorsed"/>
    <property name="java.runtime.name" value="OpenJDK Runtime Environment"/>
    <property name="com.gradle.maven.scan.extension.test.listener.junitplatform.NestedExecutionSafeDelegatingTestExecutionListener" value="1e800aaa"/>
    <property name="file.encoding" value="UTF-8"/>
    <property name="java.vm.name" value="OpenJDK 64-Bit Server VM"/>
    <property name="develocity.listener.surefire.forkId" value="1"/>
    <property name="localRepository" value="/home/runner/.m2/repository"/>
    <property name="java.vendor.url.bug" value="https://github.com/adoptium/adoptium-support/issues"/>
    <property name="java.io.tmpdir" value="/tmp"/>
    <property name="java.version" value="1.8.0_462"/>
    <property name="user.dir" value="/home/runner/work/ratis/ratis/ratis-test"/>
    <property name="os.arch" value="amd64"/>
    <property name="ratis.tmp.dir" value="/home/runner/work/ratis/ratis/ratis-test/target/tmp"/>
    <property name="java.vm.specification.name" value="Java Virtual Machine Specification"/>
    <property name="java.awt.printerjob" value="sun.print.PSPrinterJob"/>
    <property name="ratis.log.dir" value="/home/runner/work/ratis/ratis/ratis-test/target/log"/>
    <property name="sun.os.patch.level" value="unknown"/>
    <property name="org.apache.ratis.thirdparty.io.netty.allocator.useCacheForAllThreads" value="false"/>
    <property name="java.library.path" value="/usr/java/packages/lib/amd64:/usr/lib64:/lib64:/lib:/usr/lib"/>
    <property name="java.vm.info" value="mixed mode"/>
    <property name="java.vendor" value="Temurin"/>
    <property name="java.vm.version" value="25.462-b08"/>
    <property name="java.specification.maintenance.version" value="6"/>
    <property name="develocity.listener.port" value="42615"/>
    <property name="java.ext.dirs" value="/usr/lib/jvm/temurin-8-jdk-amd64/jre/lib/ext:/usr/java/packages/lib/ext"/>
    <property name="sun.io.unicode.encoding" value="UnicodeLittle"/>
    <property name="java.class.version" value="52.0"/>
  </properties>
  <testcase name="testRaftClientMetrics(Boolean)[1]" classname="org.apache.ratis.grpc.TestRaftServerWithGrpc" time="7.685"/>
  <testcase name="testRaftClientMetrics(Boolean)[2]" classname="org.apache.ratis.grpc.TestRaftServerWithGrpc" time="5.584"/>
  <testcase name="testTlsWithKeyAndTrustManager(Boolean)[1]" classname="org.apache.ratis.grpc.TestRaftServerWithGrpc" time="2.128"/>
  <testcase name="testTlsWithKeyAndTrustManager(Boolean)[2]" classname="org.apache.ratis.grpc.TestRaftServerWithGrpc" time="38.655">
    <error type="java.util.concurrent.TimeoutException"><![CDATA[java.util.concurrent.TimeoutException: Timed out waiting for condition.
	at org.apache.ratis.RaftTestUtil.waitFor(RaftTestUtil.java:167)
	at org.apache.ratis.grpc.TestRaftServerWithGrpc.testRequestMetrics(TestRaftServerWithGrpc.java:283)
	at org.apache.ratis.grpc.TestRaftServerWithGrpc.testTlsWithKeyAndTrustManager(TestRaftServerWithGrpc.java:401)
	at java.lang.reflect.Method.invoke(Method.java:498)
	at java.util.Optional.ifPresent(Optional.java:159)
	at java.util.stream.ForEachOps$ForEachOp$OfRef.accept(ForEachOps.java:183)
	at java.util.stream.ReferencePipeline$3$1.accept(ReferencePipeline.java:193)
	at java.util.stream.ForEachOps$ForEachOp$OfRef.accept(ForEachOps.java:183)
	at java.util.stream.ForEachOps$ForEachOp$OfRef.accept(ForEachOps.java:183)
	at java.util.stream.ReferencePipeline$3$1.accept(ReferencePipeline.java:193)
	at java.util.Spliterators$ArraySpliterator.forEachRemaining(Spliterators.java:948)
	at java.util.stream.ReferencePipeline$Head.forEach(ReferencePipeline.java:647)
	at java.util.stream.ReferencePipeline$7$1.accept(ReferencePipeline.java:272)
	at java.util.stream.ReferencePipeline$3$1.accept(ReferencePipeline.java:193)
	at java.util.stream.ReferencePipeline$3$1.accept(ReferencePipeline.java:193)
	at java.util.stream.ReferencePipeline$3$1.accept(ReferencePipeline.java:193)
	at java.util.Spliterators$ArraySpliterator.forEachRemaining(Spliterators.java:948)
	at java.util.stream.AbstractPipeline.copyInto(AbstractPipeline.java:482)
	at java.util.stream.AbstractPipeline.wrapAndCopyInto(AbstractPipeline.java:472)
	at java.util.stream.ForEachOps$ForEachOp.evaluateSequential(ForEachOps.java:150)
	at java.util.stream.ForEachOps$ForEachOp$OfRef.evaluateSequential(ForEachOps.java:173)
	at java.util.stream.AbstractPipeline.evaluate(AbstractPipeline.java:234)
	at java.util.stream.ReferencePipeline.forEach(ReferencePipeline.java:485)
	at java.util.stream.ReferencePipeline$7$1.accept(ReferencePipeline.java:272)
	at java.util.ArrayList$ArrayListSpliterator.forEachRemaining(ArrayList.java:1384)
	at java.util.stream.AbstractPipeline.copyInto(AbstractPipeline.java:482)
	at java.util.stream.AbstractPipeline.wrapAndCopyInto(AbstractPipeline.java:472)
	at java.util.stream.ForEachOps$ForEachOp.evaluateSequential(ForEachOps.java:150)
	at java.util.stream.ForEachOps$ForEachOp$OfRef.evaluateSequential(ForEachOps.java:173)
	at java.util.stream.AbstractPipeline.evaluate(AbstractPipeline.java:234)
	at java.util.stream.ReferencePipeline.forEach(ReferencePipeline.java:485)
	at java.util.stream.ReferencePipeline$7$1.accept(ReferencePipeline.java:272)
	at java.util.stream.ReferencePipeline$3$1.accept(ReferencePipeline.java:193)
	at java.util.stream.ReferencePipeline$3$1.accept(ReferencePipeline.java:193)
	at java.util.stream.ReferencePipeline$3$1.accept(ReferencePipeline.java:193)
	at java.util.ArrayList$ArrayListSpliterator.forEachRemaining(ArrayList.java:1384)
	at java.util.stream.AbstractPipeline.copyInto(AbstractPipeline.java:482)
	at java.util.stream.AbstractPipeline.wrapAndCopyInto(AbstractPipeline.java:472)
	at java.util.stream.ForEachOps$ForEachOp.evaluateSequential(ForEachOps.java:150)
	at java.util.stream.ForEachOps$ForEachOp$OfRef.evaluateSequential(ForEachOps.java:173)
	at java.util.stream.AbstractPipeline.evaluate(AbstractPipeline.java:234)
	at java.util.stream.ReferencePipeline.forEach(ReferencePipeline.java:485)
	at java.util.ArrayList.forEach(ArrayList.java:1259)
	at java.util.ArrayList.forEach(ArrayList.java:1259)
]]></error>
    <system-out><![CDATA[2025-09-08 20:27:40,217 [main] INFO  util.LogUtils (Slf4jUtils.java:setLogLevel(38)) - Successfully set org.apache.ratis.conf.ConfUtils log level to WARN
2025-09-08 20:27:40,217 [main] INFO  util.LogUtils (Slf4jUtils.java:setLogLevel(38)) - Successfully set org.apache.ratis.util.FileUtils log level to TRACE
2025-09-08 20:27:40,217 [main] INFO  util.LogUtils (Slf4jUtils.java:setLogLevel(38)) - Successfully set org.apache.ratis.grpc.client.GrpcClientProtocolClient log level to TRACE
2025-09-08 20:27:40,219 [main] INFO  security.SecurityTestUtils (SecurityTestUtils.java:getResource(79)) - Getting resource ssl/server.pem: /home/runner/work/ratis/ratis/ratis-test/target/test-classes/ssl/server.pem
2025-09-08 20:27:40,220 [main] INFO  security.SecurityTestUtils (SecurityTestUtils.java:getResource(79)) - Getting resource ssl/server.crt: /home/runner/work/ratis/ratis/ratis-test/target/test-classes/ssl/server.crt
2025-09-08 20:27:40,221 [main] TRACE util.FileUtils (LogUtils.java:supplyAndLog(69)) - Successfully supplied Files.newInputStream /home/runner/work/ratis/ratis/ratis-test/target/test-classes/ssl/server.crt with options []: sun.nio.ch.ChannelInputStream@47393345
2025-09-08 20:27:40,226 [main] INFO  security.SecurityTestUtils (SecurityTestUtils.java:getResource(79)) - Getting resource ssl/ca.crt: /home/runner/work/ratis/ratis/ratis-test/target/test-classes/ssl/ca.crt
2025-09-08 20:27:40,226 [main] TRACE util.FileUtils (LogUtils.java:supplyAndLog(69)) - Successfully supplied Files.newInputStream /home/runner/work/ratis/ratis/ratis-test/target/test-classes/ssl/ca.crt with options []: sun.nio.ch.ChannelInputStream@5b16e486
2025-09-08 20:27:40,231 [main] INFO  security.SecurityTestUtils (SecurityTestUtils.java:getResource(79)) - Getting resource ssl/client.pem: /home/runner/work/ratis/ratis/ratis-test/target/test-classes/ssl/client.pem
2025-09-08 20:27:40,232 [main] INFO  security.SecurityTestUtils (SecurityTestUtils.java:getResource(79)) - Getting resource ssl/client.crt: /home/runner/work/ratis/ratis/ratis-test/target/test-classes/ssl/client.crt
2025-09-08 20:27:40,232 [main] TRACE util.FileUtils (LogUtils.java:supplyAndLog(69)) - Successfully supplied Files.newInputStream /home/runner/work/ratis/ratis/ratis-test/target/test-classes/ssl/client.crt with options []: sun.nio.ch.ChannelInputStream@2b85edc7
2025-09-08 20:27:40,236 [main] INFO  security.SecurityTestUtils (SecurityTestUtils.java:getResource(79)) - Getting resource ssl/ca.crt: /home/runner/work/ratis/ratis/ratis-test/target/test-classes/ssl/ca.crt
2025-09-08 20:27:40,236 [main] TRACE util.FileUtils (LogUtils.java:supplyAndLog(69)) - Successfully supplied Files.newInputStream /home/runner/work/ratis/ratis/ratis-test/target/test-classes/ssl/ca.crt with options []: sun.nio.ch.ChannelInputStream@2bf45b7c
2025-09-08 20:27:40,240 [main] INFO  impl.MiniRaftCluster (MiniRaftCluster.java:<init>(308)) - new MiniRaftClusterWithGrpc with group-6D5932270D9D:[s3|localhost:15036, s4|localhost:15040, s5|localhost:15044]
2025-09-08 20:27:40,240 [main] INFO  impl.MiniRaftCluster (MiniRaftCluster.java:start(341)) - .............................................................. 
2025-09-08 20:27:40,240 [main] INFO  impl.MiniRaftCluster (MiniRaftCluster.java:start(342)) - ... 
2025-09-08 20:27:40,241 [main] INFO  impl.MiniRaftCluster (MiniRaftCluster.java:start(343)) - ...     Starting MiniRaftClusterWithGrpc
2025-09-08 20:27:40,241 [main] INFO  impl.MiniRaftCluster (MiniRaftCluster.java:start(344)) - ... 
2025-09-08 20:27:40,241 [main] INFO  impl.MiniRaftCluster (MiniRaftCluster.java:start(345)) - .............................................................. 
2025-09-08 20:27:40,241 [main] INFO  impl.MiniRaftCluster (MiniRaftCluster.java:initServers(320)) - servers = {}
2025-09-08 20:27:40,242 [main] INFO  impl.MiniRaftCluster (MiniRaftCluster.java:newRaftServer(387)) - newRaftServer: s3, group-6D5932270D9D:[s3|localhost:15036, s4|localhost:15040, s5|localhost:15044], format? true
2025-09-08 20:27:40,242 [main] TRACE util.FileUtils (FileUtils.java:deleteFully(355)) - deleteFully target/test/data/d6c3ea1c/MiniRaftClusterWithGrpcf715ded6/s3
2025-09-08 20:27:40,242 [main] TRACE util.FileUtils (FileUtils.java:deleteFully(368)) - deleteFully: target/test/data/d6c3ea1c/MiniRaftClusterWithGrpcf715ded6/s3 does not exist.
2025-09-08 20:27:40,242 [main] INFO  impl.MiniRaftCluster (MiniRaftCluster.java:newRaftServer(392)) - Formatted directory target/test/data/d6c3ea1c/MiniRaftClusterWithGrpcf715ded6/s3
2025-09-08 20:27:40,243 [main] INFO  grpc.GrpcConfigKeys (ConfUtils.java:logFallback(69)) - raft.grpc.admin.host = null (fallback to raft.grpc.server.host)
2025-09-08 20:27:40,243 [main] INFO  grpc.GrpcConfigKeys (ConfUtils.java:logGet(62)) - raft.grpc.admin.port = 15037 (custom)
2025-09-08 20:27:40,244 [main] INFO  grpc.GrpcConfigKeys (ConfUtils.java:logFallback(69)) - raft.grpc.client.host = null (fallback to raft.grpc.server.host)
2025-09-08 20:27:40,244 [main] INFO  grpc.GrpcConfigKeys (ConfUtils.java:logGet(62)) - raft.grpc.client.port = 15038 (custom)
2025-09-08 20:27:40,244 [main] INFO  grpc.GrpcConfigKeys (ConfUtils.java:logGet(62)) - raft.grpc.server.port = 15036 (custom)
2025-09-08 20:27:40,245 [main] INFO  grpc.GrpcConfigKeys (ConfUtils.java:logGet(62)) - raft.grpc.server.heartbeat.channel = true (default)
2025-09-08 20:27:40,245 [main] INFO  server.GrpcServicesImpl (GrpcServicesImpl.java:newNettyServerBuilder(209)) - Setting TLS for 0.0.0.0/0.0.0.0:15036
2025-09-08 20:27:40,247 [main] INFO  server.GrpcServicesImpl (GrpcServicesImpl.java:newNettyServerBuilder(209)) - Setting TLS for 0.0.0.0/0.0.0.0:15037
2025-09-08 20:27:40,248 [main] INFO  server.GrpcServicesImpl (GrpcServicesImpl.java:newNettyServerBuilder(209)) - Setting TLS for 0.0.0.0/0.0.0.0:15038
2025-09-08 20:27:40,249 [main] INFO  server.RaftServerConfigKeys (ConfUtils.java:logGet(62)) - raft.server.storage.dir = [/home/runner/work/ratis/ratis/ratis-test/target/test/data/d6c3ea1c/MiniRaftClusterWithGrpcf715ded6/s3] (custom)
2025-09-08 20:27:40,250 [main] INFO  server.RaftServer (RaftServerProxy.java:addNew(105)) - s3: addNew group-6D5932270D9D:[s3|localhost:15036, s4|localhost:15040, s5|localhost:15044] returns group-6D5932270D9D:java.util.concurrent.CompletableFuture@4d682397[Not completed]
2025-09-08 20:27:40,250 [main] INFO  impl.MiniRaftCluster (MiniRaftCluster.java:newRaftServer(387)) - newRaftServer: s4, group-6D5932270D9D:[s3|localhost:15036, s4|localhost:15040, s5|localhost:15044], format? true
2025-09-08 20:27:40,251 [main] TRACE util.FileUtils (FileUtils.java:deleteFully(355)) - deleteFully target/test/data/d6c3ea1c/MiniRaftClusterWithGrpcf715ded6/s4
2025-09-08 20:27:40,251 [main] TRACE util.FileUtils (FileUtils.java:deleteFully(368)) - deleteFully: target/test/data/d6c3ea1c/MiniRaftClusterWithGrpcf715ded6/s4 does not exist.
2025-09-08 20:27:40,251 [main] INFO  impl.MiniRaftCluster (MiniRaftCluster.java:newRaftServer(392)) - Formatted directory target/test/data/d6c3ea1c/MiniRaftClusterWithGrpcf715ded6/s4
2025-09-08 20:27:40,251 [s3-groupManagement] INFO  server.RaftServer$Division (RaftServerImpl.java:<init>(268)) - s3: new RaftServerImpl for group-6D5932270D9D:[s3|localhost:15036, s4|localhost:15040, s5|localhost:15044] with SimpleStateMachine4Testing-10:uninitialized
2025-09-08 20:27:40,252 [s3-groupManagement] INFO  server.RaftServer$Division (ServerState.java:<init>(114)) - s3@group-6D5932270D9D: ConfigurationManager, init=conf: {index: -1, cur=peers:[s3|localhost:15036, s4|localhost:15040, s5|localhost:15044]|listeners:[], old=null}, confs=<EMPTY_MAP>
2025-09-08 20:27:40,252 [main] INFO  grpc.GrpcConfigKeys (ConfUtils.java:logFallback(69)) - raft.grpc.admin.host = null (fallback to raft.grpc.server.host)
2025-09-08 20:27:40,252 [main] INFO  grpc.GrpcConfigKeys (ConfUtils.java:logGet(62)) - raft.grpc.admin.port = 15041 (custom)
2025-09-08 20:27:40,252 [main] INFO  grpc.GrpcConfigKeys (ConfUtils.java:logFallback(69)) - raft.grpc.client.host = null (fallback to raft.grpc.server.host)
2025-09-08 20:27:40,253 [main] INFO  grpc.GrpcConfigKeys (ConfUtils.java:logGet(62)) - raft.grpc.client.port = 15042 (custom)
2025-09-08 20:27:40,253 [main] INFO  grpc.GrpcConfigKeys (ConfUtils.java:logGet(62)) - raft.grpc.server.port = 15040 (custom)
2025-09-08 20:27:40,253 [main] INFO  server.GrpcServicesImpl (GrpcServicesImpl.java:newNettyServerBuilder(209)) - Setting TLS for 0.0.0.0/0.0.0.0:15040
2025-09-08 20:27:40,255 [main] INFO  server.GrpcServicesImpl (GrpcServicesImpl.java:newNettyServerBuilder(209)) - Setting TLS for 0.0.0.0/0.0.0.0:15041
2025-09-08 20:27:40,256 [main] INFO  server.GrpcServicesImpl (GrpcServicesImpl.java:newNettyServerBuilder(209)) - Setting TLS for 0.0.0.0/0.0.0.0:15042
2025-09-08 20:27:40,257 [main] INFO  server.RaftServerConfigKeys (ConfUtils.java:logGet(62)) - raft.server.storage.dir = [/home/runner/work/ratis/ratis/ratis-test/target/test/data/d6c3ea1c/MiniRaftClusterWithGrpcf715ded6/s4] (custom)
2025-09-08 20:27:40,258 [main] INFO  server.RaftServer (RaftServerProxy.java:addNew(105)) - s4: addNew group-6D5932270D9D:[s3|localhost:15036, s4|localhost:15040, s5|localhost:15044] returns group-6D5932270D9D:java.util.concurrent.CompletableFuture@5f1c406e[Not completed]
2025-09-08 20:27:40,258 [main] INFO  impl.MiniRaftCluster (MiniRaftCluster.java:newRaftServer(387)) - newRaftServer: s5, group-6D5932270D9D:[s3|localhost:15036, s4|localhost:15040, s5|localhost:15044], format? true
2025-09-08 20:27:40,258 [main] TRACE util.FileUtils (FileUtils.java:deleteFully(355)) - deleteFully target/test/data/d6c3ea1c/MiniRaftClusterWithGrpcf715ded6/s5
2025-09-08 20:27:40,259 [main] TRACE util.FileUtils (FileUtils.java:deleteFully(368)) - deleteFully: target/test/data/d6c3ea1c/MiniRaftClusterWithGrpcf715ded6/s5 does not exist.
2025-09-08 20:27:40,259 [main] INFO  impl.MiniRaftCluster (MiniRaftCluster.java:newRaftServer(392)) - Formatted directory target/test/data/d6c3ea1c/MiniRaftClusterWithGrpcf715ded6/s5
2025-09-08 20:27:40,259 [main] INFO  grpc.GrpcConfigKeys (ConfUtils.java:logFallback(69)) - raft.grpc.admin.host = null (fallback to raft.grpc.server.host)
2025-09-08 20:27:40,260 [main] INFO  grpc.GrpcConfigKeys (ConfUtils.java:logGet(62)) - raft.grpc.admin.port = 15045 (custom)
2025-09-08 20:27:40,260 [main] INFO  grpc.GrpcConfigKeys (ConfUtils.java:logFallback(69)) - raft.grpc.client.host = null (fallback to raft.grpc.server.host)
2025-09-08 20:27:40,261 [main] INFO  grpc.GrpcConfigKeys (ConfUtils.java:logGet(62)) - raft.grpc.client.port = 15046 (custom)
2025-09-08 20:27:40,259 [s4-groupManagement] INFO  server.RaftServer$Division (RaftServerImpl.java:<init>(268)) - s4: new RaftServerImpl for group-6D5932270D9D:[s3|localhost:15036, s4|localhost:15040, s5|localhost:15044] with SimpleStateMachine4Testing-11:uninitialized
2025-09-08 20:27:40,261 [main] INFO  grpc.GrpcConfigKeys (ConfUtils.java:logGet(62)) - raft.grpc.server.port = 15044 (custom)
2025-09-08 20:27:40,261 [s4-groupManagement] INFO  server.RaftServer$Division (ServerState.java:<init>(114)) - s4@group-6D5932270D9D: ConfigurationManager, init=conf: {index: -1, cur=peers:[s3|localhost:15036, s4|localhost:15040, s5|localhost:15044]|listeners:[], old=null}, confs=<EMPTY_MAP>
2025-09-08 20:27:40,261 [main] INFO  server.GrpcServicesImpl (GrpcServicesImpl.java:newNettyServerBuilder(209)) - Setting TLS for 0.0.0.0/0.0.0.0:15044
2025-09-08 20:27:40,263 [main] INFO  server.GrpcServicesImpl (GrpcServicesImpl.java:newNettyServerBuilder(209)) - Setting TLS for 0.0.0.0/0.0.0.0:15045
2025-09-08 20:27:40,264 [main] INFO  server.GrpcServicesImpl (GrpcServicesImpl.java:newNettyServerBuilder(209)) - Setting TLS for 0.0.0.0/0.0.0.0:15046
2025-09-08 20:27:40,265 [main] INFO  server.RaftServerConfigKeys (ConfUtils.java:logGet(62)) - raft.server.storage.dir = [/home/runner/work/ratis/ratis/ratis-test/target/test/data/d6c3ea1c/MiniRaftClusterWithGrpcf715ded6/s5] (custom)
2025-09-08 20:27:40,266 [main] INFO  server.RaftServer (RaftServerProxy.java:addNew(105)) - s5: addNew group-6D5932270D9D:[s3|localhost:15036, s4|localhost:15040, s5|localhost:15044] returns group-6D5932270D9D:java.util.concurrent.CompletableFuture@362e709e[Not completed]
2025-09-08 20:27:40,266 [s5-groupManagement] INFO  server.RaftServer$Division (RaftServerImpl.java:<init>(268)) - s5: new RaftServerImpl for group-6D5932270D9D:[s3|localhost:15036, s4|localhost:15040, s5|localhost:15044] with SimpleStateMachine4Testing-12:uninitialized
2025-09-08 20:27:40,266 [s3-impl-thread1] INFO  server.RaftServerConfigKeys (ConfUtils.java:logGet(62)) - raft.server.storage.dir = [/home/runner/work/ratis/ratis/ratis-test/target/test/data/d6c3ea1c/MiniRaftClusterWithGrpcf715ded6/s3] (custom)
2025-09-08 20:27:40,267 [s3-impl-thread1] INFO  storage.RaftStorageDirectory (RaftStorageDirectoryImpl.java:analyzeStorage(138)) - The storage directory /home/runner/work/ratis/ratis/ratis-test/target/test/data/d6c3ea1c/MiniRaftClusterWithGrpcf715ded6/s3/5913e5d7-f0d0-40b3-8fb1-6d5932270d9d does not exist. Creating ...
2025-09-08 20:27:40,266 [s5-groupManagement] INFO  server.RaftServer$Division (ServerState.java:<init>(114)) - s5@group-6D5932270D9D: ConfigurationManager, init=conf: {index: -1, cur=peers:[s3|localhost:15036, s4|localhost:15040, s5|localhost:15044]|listeners:[], old=null}, confs=<EMPTY_MAP>
2025-09-08 20:27:40,267 [s3-impl-thread1] TRACE util.FileUtils (LogUtils.java:runAndLog(49)) - Successfully ran Files.createDirectories /home/runner/work/ratis/ratis/ratis-test/target/test/data/d6c3ea1c/MiniRaftClusterWithGrpcf715ded6/s3/5913e5d7-f0d0-40b3-8fb1-6d5932270d9d
2025-09-08 20:27:40,269 [s3-impl-thread1] INFO  storage.RaftStorageDirectory (RaftStorageDirectoryImpl.java:tryLock(229)) - Lock on /home/runner/work/ratis/ratis/ratis-test/target/test/data/d6c3ea1c/MiniRaftClusterWithGrpcf715ded6/s3/5913e5d7-f0d0-40b3-8fb1-6d5932270d9d/in_use.lock acquired by nodename 15565@pkrvm7jw40e0xgp
2025-09-08 20:27:40,269 [s3-impl-thread1] TRACE util.FileUtils (LogUtils.java:runAndLog(49)) - Successfully ran Files.createDirectories /home/runner/work/ratis/ratis/ratis-test/target/test/data/d6c3ea1c/MiniRaftClusterWithGrpcf715ded6/s3/5913e5d7-f0d0-40b3-8fb1-6d5932270d9d/current
2025-09-08 20:27:40,269 [s3-impl-thread1] TRACE util.FileUtils (LogUtils.java:runAndLog(49)) - Successfully ran Files.createDirectories /home/runner/work/ratis/ratis/ratis-test/target/test/data/d6c3ea1c/MiniRaftClusterWithGrpcf715ded6/s3/5913e5d7-f0d0-40b3-8fb1-6d5932270d9d/sm
2025-09-08 20:27:40,270 [s3-impl-thread1] TRACE util.FileUtils (LogUtils.java:supplyAndLog(69)) - Successfully supplied FileChannel.open /home/runner/work/ratis/ratis/ratis-test/target/test/data/d6c3ea1c/MiniRaftClusterWithGrpcf715ded6/s3/5913e5d7-f0d0-40b3-8fb1-6d5932270d9d/current/raft-meta.tmp with options [CREATE, TRUNCATE_EXISTING, WRITE]: sun.nio.ch.FileChannelImpl@982deb6
2025-09-08 20:27:40,271 [s3-impl-thread1] TRACE util.FileUtils (LogUtils.java:runAndLog(49)) - Successfully ran Atomic Files.move /home/runner/work/ratis/ratis/ratis-test/target/test/data/d6c3ea1c/MiniRaftClusterWithGrpcf715ded6/s3/5913e5d7-f0d0-40b3-8fb1-6d5932270d9d/current/raft-meta.tmp to /home/runner/work/ratis/ratis/ratis-test/target/test/data/d6c3ea1c/MiniRaftClusterWithGrpcf715ded6/s3/5913e5d7-f0d0-40b3-8fb1-6d5932270d9d/current/raft-meta with options [REPLACE_EXISTING]
2025-09-08 20:27:40,271 [s3-impl-thread1] INFO  storage.RaftStorage (RaftStorageImpl.java:format(98)) - Storage directory /home/runner/work/ratis/ratis/ratis-test/target/test/data/d6c3ea1c/MiniRaftClusterWithGrpcf715ded6/s3/5913e5d7-f0d0-40b3-8fb1-6d5932270d9d has been successfully formatted.
2025-09-08 20:27:40,271 [s3-impl-thread1] INFO  impl.SimpleStateMachine4Testing (SimpleStateMachine4Testing.java:initialize(213)) - Initializing SimpleStateMachine4Testing-10:uninitialized
2025-09-08 20:27:40,271 [s3-impl-thread1] INFO  impl.SimpleStateMachineStorage (SimpleStateMachineStorage.java:loadLatestSnapshot(230)) - Latest snapshot is null in /home/runner/work/ratis/ratis/ratis-test/target/test/data/d6c3ea1c/MiniRaftClusterWithGrpcf715ded6/s3/5913e5d7-f0d0-40b3-8fb1-6d5932270d9d/sm
2025-09-08 20:27:40,271 [s3-impl-thread1] INFO  impl.SimpleStateMachineStorage (SimpleStateMachineStorage.java:loadLatestSnapshot(230)) - Latest snapshot is null in /home/runner/work/ratis/ratis/ratis-test/target/test/data/d6c3ea1c/MiniRaftClusterWithGrpcf715ded6/s3/5913e5d7-f0d0-40b3-8fb1-6d5932270d9d/sm
2025-09-08 20:27:40,271 [s3-impl-thread1] INFO  impl.SimpleStateMachine4Testing (SimpleStateMachine4Testing.java:loadSnapshot(296)) - Loading snapshot null
2025-09-08 20:27:40,271 [s3-impl-thread1] INFO  impl.SimpleStateMachineStorage (SimpleStateMachineStorage.java:loadLatestSnapshot(230)) - Latest snapshot is null in /home/runner/work/ratis/ratis/ratis-test/target/test/data/d6c3ea1c/MiniRaftClusterWithGrpcf715ded6/s3/5913e5d7-f0d0-40b3-8fb1-6d5932270d9d/sm
2025-09-08 20:27:40,271 [s3-impl-thread1] INFO  server.RaftServer$Division (ServerState.java:getSnapshotIndexFromStateMachine(154)) - s3@group-6D5932270D9D: getLatestSnapshot(SimpleStateMachine4Testing-10:s3:group-6D5932270D9D) returns null
2025-09-08 20:27:40,272 [s3-impl-thread1] INFO  raftlog.RaftLog (RaftLogBase.java:<init>(90)) - s3@group-6D5932270D9D-SegmentedRaftLog: snapshotIndexFromStateMachine = -1
2025-09-08 20:27:40,272 [s3-impl-thread1] INFO  util.AwaitToRun (AwaitToRun.java:start(81)) - Thread[s3@group-6D5932270D9D-cacheEviction-AwaitToRun,5,main] started
2025-09-08 20:27:40,272 [s3-impl-thread1] INFO  segmented.SegmentedRaftLogWorker (SegmentedRaftLogWorker.java:<init>(190)) - new s3@group-6D5932270D9D-SegmentedRaftLogWorker for RaftStorageImpl:Storage Directory /home/runner/work/ratis/ratis/ratis-test/target/test/data/d6c3ea1c/MiniRaftClusterWithGrpcf715ded6/s3/5913e5d7-f0d0-40b3-8fb1-6d5932270d9d
2025-09-08 20:27:40,275 [s3-impl-thread1] INFO  segmented.SegmentedRaftLogWorker (SegmentedRaftLogWorker.java:lambda$new$0(141)) - s3@group-6D5932270D9D-SegmentedRaftLogWorker: flushIndex: setUnconditionally 0 -> -1
2025-09-08 20:27:40,275 [s3-impl-thread1] INFO  segmented.SegmentedRaftLogWorker (SegmentedRaftLogWorker.java:lambda$new$0(141)) - s3@group-6D5932270D9D-SegmentedRaftLogWorker: safeCacheEvictIndex: setUnconditionally 0 -> -1
2025-09-08 20:27:40,276 [s3-impl-thread1] INFO  server.RaftServer$Division (RaftServerImpl.java:start(405)) - s3@group-6D5932270D9D: start as a follower, conf=conf: {index: -1, cur=peers:[s3|localhost:15036, s4|localhost:15040, s5|localhost:15044]|listeners:[], old=null}
2025-09-08 20:27:40,276 [s3-impl-thread1] INFO  server.RaftServer$Division (RaftServerImpl.java:setRole(392)) - s3@group-6D5932270D9D: changes role from      null to FOLLOWER at term 0 for startAsFollower
2025-09-08 20:27:40,276 [s3-impl-thread1] INFO  impl.RoleInfo (RoleInfo.java:updateAndGet(148)) - s3: start s3@group-6D5932270D9D-FollowerState
2025-09-08 20:27:40,276 [s3-impl-thread1] INFO  util.JmxRegister (JmxRegister.java:tryRegister(44)) - Successfully registered JMX Bean with object name Ratis:service=RaftServer,group=group-6D5932270D9D,id=s3
2025-09-08 20:27:40,276 [s3-impl-thread1] INFO  util.JmxRegister (JmxRegister.java:register(58)) - register mxBean class org.apache.ratis.server.impl.RaftServerJmxAdapter as Ratis:service=RaftServer,group=group-6D5932270D9D,id=s3
2025-09-08 20:27:40,277 [s3@group-6D5932270D9D-FollowerState] INFO  server.RaftServerConfigKeys (ConfUtils.java:logFallback(69)) - raft.server.rpc.first-election.timeout.min = 150ms (fallback to raft.server.rpc.timeout.min)
2025-09-08 20:27:40,277 [s3@group-6D5932270D9D-FollowerState] INFO  server.RaftServerConfigKeys (ConfUtils.java:logFallback(69)) - raft.server.rpc.first-election.timeout.max = 300ms (fallback to raft.server.rpc.timeout.max)
2025-09-08 20:27:40,277 [s3-impl-thread1] INFO  server.RaftServer$Division (RaftServerImpl.java:start(419)) - s3@group-6D5932270D9D: Successfully started.
2025-09-08 20:27:40,277 [main] INFO  server.RaftServer (RaftServerProxy.java:startImpl(412)) - s3: start RPC server
2025-09-08 20:27:40,279 [main] INFO  server.GrpcServicesImpl (GrpcServicesImpl.java:startImpl(346)) - s3: GrpcServicesImpl started, listening on 15038
2025-09-08 20:27:40,280 [main] INFO  server.GrpcServicesImpl (GrpcServicesImpl.java:startImpl(346)) - s3: GrpcServicesImpl started, listening on 15036
2025-09-08 20:27:40,281 [main] INFO  server.GrpcServicesImpl (GrpcServicesImpl.java:startImpl(346)) - s3: GrpcServicesImpl started, listening on 15037
2025-09-08 20:27:40,282 [JvmPauseMonitor9] INFO  util.JvmPauseMonitor (JvmPauseMonitor.java:run(146)) - JvmPauseMonitor-s3: Started
2025-09-08 20:27:40,282 [s4-impl-thread1] INFO  server.RaftServerConfigKeys (ConfUtils.java:logGet(62)) - raft.server.storage.dir = [/home/runner/work/ratis/ratis/ratis-test/target/test/data/d6c3ea1c/MiniRaftClusterWithGrpcf715ded6/s4] (custom)
2025-09-08 20:27:40,283 [s4-impl-thread1] INFO  storage.RaftStorageDirectory (RaftStorageDirectoryImpl.java:analyzeStorage(138)) - The storage directory /home/runner/work/ratis/ratis/ratis-test/target/test/data/d6c3ea1c/MiniRaftClusterWithGrpcf715ded6/s4/5913e5d7-f0d0-40b3-8fb1-6d5932270d9d does not exist. Creating ...
2025-09-08 20:27:40,283 [s4-impl-thread1] TRACE util.FileUtils (LogUtils.java:runAndLog(49)) - Successfully ran Files.createDirectories /home/runner/work/ratis/ratis/ratis-test/target/test/data/d6c3ea1c/MiniRaftClusterWithGrpcf715ded6/s4/5913e5d7-f0d0-40b3-8fb1-6d5932270d9d
2025-09-08 20:27:40,284 [s4-impl-thread1] INFO  storage.RaftStorageDirectory (RaftStorageDirectoryImpl.java:tryLock(229)) - Lock on /home/runner/work/ratis/ratis/ratis-test/target/test/data/d6c3ea1c/MiniRaftClusterWithGrpcf715ded6/s4/5913e5d7-f0d0-40b3-8fb1-6d5932270d9d/in_use.lock acquired by nodename 15565@pkrvm7jw40e0xgp
2025-09-08 20:27:40,284 [s4-impl-thread1] TRACE util.FileUtils (LogUtils.java:runAndLog(49)) - Successfully ran Files.createDirectories /home/runner/work/ratis/ratis/ratis-test/target/test/data/d6c3ea1c/MiniRaftClusterWithGrpcf715ded6/s4/5913e5d7-f0d0-40b3-8fb1-6d5932270d9d/current
2025-09-08 20:27:40,284 [s4-impl-thread1] TRACE util.FileUtils (LogUtils.java:runAndLog(49)) - Successfully ran Files.createDirectories /home/runner/work/ratis/ratis/ratis-test/target/test/data/d6c3ea1c/MiniRaftClusterWithGrpcf715ded6/s4/5913e5d7-f0d0-40b3-8fb1-6d5932270d9d/sm
2025-09-08 20:27:40,284 [s4-impl-thread1] TRACE util.FileUtils (LogUtils.java:supplyAndLog(69)) - Successfully supplied FileChannel.open /home/runner/work/ratis/ratis/ratis-test/target/test/data/d6c3ea1c/MiniRaftClusterWithGrpcf715ded6/s4/5913e5d7-f0d0-40b3-8fb1-6d5932270d9d/current/raft-meta.tmp with options [CREATE, TRUNCATE_EXISTING, WRITE]: sun.nio.ch.FileChannelImpl@532c6669
2025-09-08 20:27:40,285 [s4-impl-thread1] TRACE util.FileUtils (LogUtils.java:runAndLog(49)) - Successfully ran Atomic Files.move /home/runner/work/ratis/ratis/ratis-test/target/test/data/d6c3ea1c/MiniRaftClusterWithGrpcf715ded6/s4/5913e5d7-f0d0-40b3-8fb1-6d5932270d9d/current/raft-meta.tmp to /home/runner/work/ratis/ratis/ratis-test/target/test/data/d6c3ea1c/MiniRaftClusterWithGrpcf715ded6/s4/5913e5d7-f0d0-40b3-8fb1-6d5932270d9d/current/raft-meta with options [REPLACE_EXISTING]
2025-09-08 20:27:40,285 [s4-impl-thread1] INFO  storage.RaftStorage (RaftStorageImpl.java:format(98)) - Storage directory /home/runner/work/ratis/ratis/ratis-test/target/test/data/d6c3ea1c/MiniRaftClusterWithGrpcf715ded6/s4/5913e5d7-f0d0-40b3-8fb1-6d5932270d9d has been successfully formatted.
2025-09-08 20:27:40,285 [s4-impl-thread1] INFO  impl.SimpleStateMachine4Testing (SimpleStateMachine4Testing.java:initialize(213)) - Initializing SimpleStateMachine4Testing-11:uninitialized
2025-09-08 20:27:40,285 [s4-impl-thread1] INFO  impl.SimpleStateMachineStorage (SimpleStateMachineStorage.java:loadLatestSnapshot(230)) - Latest snapshot is null in /home/runner/work/ratis/ratis/ratis-test/target/test/data/d6c3ea1c/MiniRaftClusterWithGrpcf715ded6/s4/5913e5d7-f0d0-40b3-8fb1-6d5932270d9d/sm
2025-09-08 20:27:40,285 [s4-impl-thread1] INFO  impl.SimpleStateMachineStorage (SimpleStateMachineStorage.java:loadLatestSnapshot(230)) - Latest snapshot is null in /home/runner/work/ratis/ratis/ratis-test/target/test/data/d6c3ea1c/MiniRaftClusterWithGrpcf715ded6/s4/5913e5d7-f0d0-40b3-8fb1-6d5932270d9d/sm
2025-09-08 20:27:40,285 [s4-impl-thread1] INFO  impl.SimpleStateMachine4Testing (SimpleStateMachine4Testing.java:loadSnapshot(296)) - Loading snapshot null
2025-09-08 20:27:40,285 [s4-impl-thread1] INFO  impl.SimpleStateMachineStorage (SimpleStateMachineStorage.java:loadLatestSnapshot(230)) - Latest snapshot is null in /home/runner/work/ratis/ratis/ratis-test/target/test/data/d6c3ea1c/MiniRaftClusterWithGrpcf715ded6/s4/5913e5d7-f0d0-40b3-8fb1-6d5932270d9d/sm
2025-09-08 20:27:40,285 [s4-impl-thread1] INFO  server.RaftServer$Division (ServerState.java:getSnapshotIndexFromStateMachine(154)) - s4@group-6D5932270D9D: getLatestSnapshot(SimpleStateMachine4Testing-11:s4:group-6D5932270D9D) returns null
2025-09-08 20:27:40,286 [s4-impl-thread1] INFO  raftlog.RaftLog (RaftLogBase.java:<init>(90)) - s4@group-6D5932270D9D-SegmentedRaftLog: snapshotIndexFromStateMachine = -1
2025-09-08 20:27:40,286 [s4-impl-thread1] INFO  util.AwaitToRun (AwaitToRun.java:start(81)) - Thread[s4@group-6D5932270D9D-cacheEviction-AwaitToRun,5,main] started
2025-09-08 20:27:40,286 [s4-impl-thread1] INFO  segmented.SegmentedRaftLogWorker (SegmentedRaftLogWorker.java:<init>(190)) - new s4@group-6D5932270D9D-SegmentedRaftLogWorker for RaftStorageImpl:Storage Directory /home/runner/work/ratis/ratis/ratis-test/target/test/data/d6c3ea1c/MiniRaftClusterWithGrpcf715ded6/s4/5913e5d7-f0d0-40b3-8fb1-6d5932270d9d
2025-09-08 20:27:40,288 [s4-impl-thread1] INFO  segmented.SegmentedRaftLogWorker (SegmentedRaftLogWorker.java:lambda$new$0(141)) - s4@group-6D5932270D9D-SegmentedRaftLogWorker: flushIndex: setUnconditionally 0 -> -1
2025-09-08 20:27:40,288 [s4-impl-thread1] INFO  segmented.SegmentedRaftLogWorker (SegmentedRaftLogWorker.java:lambda$new$0(141)) - s4@group-6D5932270D9D-SegmentedRaftLogWorker: safeCacheEvictIndex: setUnconditionally 0 -> -1
2025-09-08 20:27:40,289 [s4-impl-thread1] INFO  server.RaftServer$Division (RaftServerImpl.java:start(405)) - s4@group-6D5932270D9D: start as a follower, conf=conf: {index: -1, cur=peers:[s3|localhost:15036, s4|localhost:15040, s5|localhost:15044]|listeners:[], old=null}
2025-09-08 20:27:40,289 [s4-impl-thread1] INFO  server.RaftServer$Division (RaftServerImpl.java:setRole(392)) - s4@group-6D5932270D9D: changes role from      null to FOLLOWER at term 0 for startAsFollower
2025-09-08 20:27:40,289 [s4-impl-thread1] INFO  impl.RoleInfo (RoleInfo.java:updateAndGet(148)) - s4: start s4@group-6D5932270D9D-FollowerState
2025-09-08 20:27:40,289 [s4-impl-thread1] INFO  util.JmxRegister (JmxRegister.java:tryRegister(44)) - Successfully registered JMX Bean with object name Ratis:service=RaftServer,group=group-6D5932270D9D,id=s4
2025-09-08 20:27:40,289 [s4-impl-thread1] INFO  util.JmxRegister (JmxRegister.java:register(58)) - register mxBean class org.apache.ratis.server.impl.RaftServerJmxAdapter as Ratis:service=RaftServer,group=group-6D5932270D9D,id=s4
2025-09-08 20:27:40,289 [s4@group-6D5932270D9D-FollowerState] INFO  server.RaftServerConfigKeys (ConfUtils.java:logFallback(69)) - raft.server.rpc.first-election.timeout.min = 150ms (fallback to raft.server.rpc.timeout.min)
2025-09-08 20:27:40,289 [s4@group-6D5932270D9D-FollowerState] INFO  server.RaftServerConfigKeys (ConfUtils.java:logFallback(69)) - raft.server.rpc.first-election.timeout.max = 300ms (fallback to raft.server.rpc.timeout.max)
2025-09-08 20:27:40,290 [s4-impl-thread1] INFO  server.RaftServer$Division (RaftServerImpl.java:start(419)) - s4@group-6D5932270D9D: Successfully started.
2025-09-08 20:27:40,290 [main] INFO  server.RaftServer (RaftServerProxy.java:startImpl(412)) - s4: start RPC server
2025-09-08 20:27:40,291 [main] INFO  server.GrpcServicesImpl (GrpcServicesImpl.java:startImpl(346)) - s4: GrpcServicesImpl started, listening on 15042
2025-09-08 20:27:40,291 [main] INFO  server.GrpcServicesImpl (GrpcServicesImpl.java:startImpl(346)) - s4: GrpcServicesImpl started, listening on 15040
2025-09-08 20:27:40,292 [main] INFO  server.GrpcServicesImpl (GrpcServicesImpl.java:startImpl(346)) - s4: GrpcServicesImpl started, listening on 15041
2025-09-08 20:27:40,292 [JvmPauseMonitor10] INFO  util.JvmPauseMonitor (JvmPauseMonitor.java:run(146)) - JvmPauseMonitor-s4: Started
2025-09-08 20:27:40,293 [s5-impl-thread1] INFO  server.RaftServerConfigKeys (ConfUtils.java:logGet(62)) - raft.server.storage.dir = [/home/runner/work/ratis/ratis/ratis-test/target/test/data/d6c3ea1c/MiniRaftClusterWithGrpcf715ded6/s5] (custom)
2025-09-08 20:27:40,293 [s5-impl-thread1] INFO  storage.RaftStorageDirectory (RaftStorageDirectoryImpl.java:analyzeStorage(138)) - The storage directory /home/runner/work/ratis/ratis/ratis-test/target/test/data/d6c3ea1c/MiniRaftClusterWithGrpcf715ded6/s5/5913e5d7-f0d0-40b3-8fb1-6d5932270d9d does not exist. Creating ...
2025-09-08 20:27:40,293 [s5-impl-thread1] TRACE util.FileUtils (LogUtils.java:runAndLog(49)) - Successfully ran Files.createDirectories /home/runner/work/ratis/ratis/ratis-test/target/test/data/d6c3ea1c/MiniRaftClusterWithGrpcf715ded6/s5/5913e5d7-f0d0-40b3-8fb1-6d5932270d9d
2025-09-08 20:27:40,294 [s5-impl-thread1] INFO  storage.RaftStorageDirectory (RaftStorageDirectoryImpl.java:tryLock(229)) - Lock on /home/runner/work/ratis/ratis/ratis-test/target/test/data/d6c3ea1c/MiniRaftClusterWithGrpcf715ded6/s5/5913e5d7-f0d0-40b3-8fb1-6d5932270d9d/in_use.lock acquired by nodename 15565@pkrvm7jw40e0xgp
2025-09-08 20:27:40,294 [s5-impl-thread1] TRACE util.FileUtils (LogUtils.java:runAndLog(49)) - Successfully ran Files.createDirectories /home/runner/work/ratis/ratis/ratis-test/target/test/data/d6c3ea1c/MiniRaftClusterWithGrpcf715ded6/s5/5913e5d7-f0d0-40b3-8fb1-6d5932270d9d/current
2025-09-08 20:27:40,294 [s5-impl-thread1] TRACE util.FileUtils (LogUtils.java:runAndLog(49)) - Successfully ran Files.createDirectories /home/runner/work/ratis/ratis/ratis-test/target/test/data/d6c3ea1c/MiniRaftClusterWithGrpcf715ded6/s5/5913e5d7-f0d0-40b3-8fb1-6d5932270d9d/sm
2025-09-08 20:27:40,294 [s5-impl-thread1] TRACE util.FileUtils (LogUtils.java:supplyAndLog(69)) - Successfully supplied FileChannel.open /home/runner/work/ratis/ratis/ratis-test/target/test/data/d6c3ea1c/MiniRaftClusterWithGrpcf715ded6/s5/5913e5d7-f0d0-40b3-8fb1-6d5932270d9d/current/raft-meta.tmp with options [CREATE, TRUNCATE_EXISTING, WRITE]: sun.nio.ch.FileChannelImpl@2512a369
2025-09-08 20:27:40,295 [s5-impl-thread1] TRACE util.FileUtils (LogUtils.java:runAndLog(49)) - Successfully ran Atomic Files.move /home/runner/work/ratis/ratis/ratis-test/target/test/data/d6c3ea1c/MiniRaftClusterWithGrpcf715ded6/s5/5913e5d7-f0d0-40b3-8fb1-6d5932270d9d/current/raft-meta.tmp to /home/runner/work/ratis/ratis/ratis-test/target/test/data/d6c3ea1c/MiniRaftClusterWithGrpcf715ded6/s5/5913e5d7-f0d0-40b3-8fb1-6d5932270d9d/current/raft-meta with options [REPLACE_EXISTING]
2025-09-08 20:27:40,295 [s5-impl-thread1] INFO  storage.RaftStorage (RaftStorageImpl.java:format(98)) - Storage directory /home/runner/work/ratis/ratis/ratis-test/target/test/data/d6c3ea1c/MiniRaftClusterWithGrpcf715ded6/s5/5913e5d7-f0d0-40b3-8fb1-6d5932270d9d has been successfully formatted.
2025-09-08 20:27:40,295 [s5-impl-thread1] INFO  impl.SimpleStateMachine4Testing (SimpleStateMachine4Testing.java:initialize(213)) - Initializing SimpleStateMachine4Testing-12:uninitialized
2025-09-08 20:27:40,295 [s5-impl-thread1] INFO  impl.SimpleStateMachineStorage (SimpleStateMachineStorage.java:loadLatestSnapshot(230)) - Latest snapshot is null in /home/runner/work/ratis/ratis/ratis-test/target/test/data/d6c3ea1c/MiniRaftClusterWithGrpcf715ded6/s5/5913e5d7-f0d0-40b3-8fb1-6d5932270d9d/sm
2025-09-08 20:27:40,295 [s5-impl-thread1] INFO  impl.SimpleStateMachineStorage (SimpleStateMachineStorage.java:loadLatestSnapshot(230)) - Latest snapshot is null in /home/runner/work/ratis/ratis/ratis-test/target/test/data/d6c3ea1c/MiniRaftClusterWithGrpcf715ded6/s5/5913e5d7-f0d0-40b3-8fb1-6d5932270d9d/sm
2025-09-08 20:27:40,295 [s5-impl-thread1] INFO  impl.SimpleStateMachine4Testing (SimpleStateMachine4Testing.java:loadSnapshot(296)) - Loading snapshot null
2025-09-08 20:27:40,296 [s5-impl-thread1] INFO  impl.SimpleStateMachineStorage (SimpleStateMachineStorage.java:loadLatestSnapshot(230)) - Latest snapshot is null in /home/runner/work/ratis/ratis/ratis-test/target/test/data/d6c3ea1c/MiniRaftClusterWithGrpcf715ded6/s5/5913e5d7-f0d0-40b3-8fb1-6d5932270d9d/sm
2025-09-08 20:27:40,296 [s5-impl-thread1] INFO  server.RaftServer$Division (ServerState.java:getSnapshotIndexFromStateMachine(154)) - s5@group-6D5932270D9D: getLatestSnapshot(SimpleStateMachine4Testing-12:s5:group-6D5932270D9D) returns null
2025-09-08 20:27:40,296 [s5-impl-thread1] INFO  raftlog.RaftLog (RaftLogBase.java:<init>(90)) - s5@group-6D5932270D9D-SegmentedRaftLog: snapshotIndexFromStateMachine = -1
2025-09-08 20:27:40,296 [s5-impl-thread1] INFO  util.AwaitToRun (AwaitToRun.java:start(81)) - Thread[s5@group-6D5932270D9D-cacheEviction-AwaitToRun,5,main] started
2025-09-08 20:27:40,296 [s5-impl-thread1] INFO  segmented.SegmentedRaftLogWorker (SegmentedRaftLogWorker.java:<init>(190)) - new s5@group-6D5932270D9D-SegmentedRaftLogWorker for RaftStorageImpl:Storage Directory /home/runner/work/ratis/ratis/ratis-test/target/test/data/d6c3ea1c/MiniRaftClusterWithGrpcf715ded6/s5/5913e5d7-f0d0-40b3-8fb1-6d5932270d9d
2025-09-08 20:27:40,298 [s5-impl-thread1] INFO  segmented.SegmentedRaftLogWorker (SegmentedRaftLogWorker.java:lambda$new$0(141)) - s5@group-6D5932270D9D-SegmentedRaftLogWorker: flushIndex: setUnconditionally 0 -> -1
2025-09-08 20:27:40,298 [s5-impl-thread1] INFO  segmented.SegmentedRaftLogWorker (SegmentedRaftLogWorker.java:lambda$new$0(141)) - s5@group-6D5932270D9D-SegmentedRaftLogWorker: safeCacheEvictIndex: setUnconditionally 0 -> -1
2025-09-08 20:27:40,299 [s5-impl-thread1] INFO  server.RaftServer$Division (RaftServerImpl.java:start(405)) - s5@group-6D5932270D9D: start as a follower, conf=conf: {index: -1, cur=peers:[s3|localhost:15036, s4|localhost:15040, s5|localhost:15044]|listeners:[], old=null}
2025-09-08 20:27:40,299 [s5-impl-thread1] INFO  server.RaftServer$Division (RaftServerImpl.java:setRole(392)) - s5@group-6D5932270D9D: changes role from      null to FOLLOWER at term 0 for startAsFollower
2025-09-08 20:27:40,299 [s5-impl-thread1] INFO  impl.RoleInfo (RoleInfo.java:updateAndGet(148)) - s5: start s5@group-6D5932270D9D-FollowerState
2025-09-08 20:27:40,299 [s5-impl-thread1] INFO  util.JmxRegister (JmxRegister.java:tryRegister(44)) - Successfully registered JMX Bean with object name Ratis:service=RaftServer,group=group-6D5932270D9D,id=s5
2025-09-08 20:27:40,299 [s5-impl-thread1] INFO  util.JmxRegister (JmxRegister.java:register(58)) - register mxBean class org.apache.ratis.server.impl.RaftServerJmxAdapter as Ratis:service=RaftServer,group=group-6D5932270D9D,id=s5
2025-09-08 20:27:40,300 [s5@group-6D5932270D9D-FollowerState] INFO  server.RaftServerConfigKeys (ConfUtils.java:logFallback(69)) - raft.server.rpc.first-election.timeout.min = 150ms (fallback to raft.server.rpc.timeout.min)
2025-09-08 20:27:40,300 [s5@group-6D5932270D9D-FollowerState] INFO  server.RaftServerConfigKeys (ConfUtils.java:logFallback(69)) - raft.server.rpc.first-election.timeout.max = 300ms (fallback to raft.server.rpc.timeout.max)
2025-09-08 20:27:40,300 [s5-impl-thread1] INFO  server.RaftServer$Division (RaftServerImpl.java:start(419)) - s5@group-6D5932270D9D: Successfully started.
2025-09-08 20:27:40,300 [main] INFO  server.RaftServer (RaftServerProxy.java:startImpl(412)) - s5: start RPC server
2025-09-08 20:27:40,301 [main] INFO  server.GrpcServicesImpl (GrpcServicesImpl.java:startImpl(346)) - s5: GrpcServicesImpl started, listening on 15046
2025-09-08 20:27:40,301 [main] INFO  server.GrpcServicesImpl (GrpcServicesImpl.java:startImpl(346)) - s5: GrpcServicesImpl started, listening on 15044
2025-09-08 20:27:40,302 [main] INFO  server.GrpcServicesImpl (GrpcServicesImpl.java:startImpl(346)) - s5: GrpcServicesImpl started, listening on 15045
2025-09-08 20:27:40,303 [JvmPauseMonitor11] INFO  util.JvmPauseMonitor (JvmPauseMonitor.java:run(146)) - JvmPauseMonitor-s5: Started
2025-09-08 20:27:40,303 [main] DEBUG client.GrpcClientProtocolClient (GrpcClientProtocolClient.java:buildChannel(135)) - Setting TLS for localhost:15038
2025-09-08 20:27:40,304 [main] DEBUG client.GrpcClientProtocolClient (GrpcClientProtocolClient.java:buildChannel(135)) - Setting TLS for localhost:15037
2025-09-08 20:27:40,328 [grpc-default-executor-9] TRACE client.GrpcClientProtocolClient (GrpcClientProtocolClient.java:onNext(314)) - client-445369E69E69->s3: receive RaftClientReply:client-445369E69E69->s3@group-6D5932270D9D, cid=39, FAILED org.apache.ratis.protocol.exceptions.NotLeaderException: Server s3@group-6D5932270D9D is not the leader, logIndex=0, commits[s3:c-1]
2025-09-08 20:27:40,329 [grpc-default-executor-9] ERROR impl.OrderedAsync (OrderedAsync.java:lambda$null$6(215)) -  client-445369E69E69: Failed* RaftClientRequest:client-445369E69E69->s3@group-6D5932270D9D, cid=39, seq=1*, Watch(0), null
java.util.concurrent.CompletionException: org.apache.ratis.protocol.exceptions.NotLeaderException: Server s3@group-6D5932270D9D is not the leader
	at java.util.concurrent.CompletableFuture.encodeThrowable(CompletableFuture.java:292)
	at java.util.concurrent.CompletableFuture.completeThrowable(CompletableFuture.java:308)
	at java.util.concurrent.CompletableFuture.uniAccept(CompletableFuture.java:661)
	at java.util.concurrent.CompletableFuture$UniAccept.tryFire(CompletableFuture.java:646)
	at java.util.concurrent.CompletableFuture.postComplete(CompletableFuture.java:488)
	at java.util.concurrent.CompletableFuture.completeExceptionally(CompletableFuture.java:1990)
	at org.apache.ratis.grpc.client.GrpcClientProtocolClient$AsyncStreamObservers.completeReplyExceptionally(GrpcClientProtocolClient.java:397)
	at org.apache.ratis.grpc.client.GrpcClientProtocolClient$AsyncStreamObservers.access$000(GrpcClientProtocolClient.java:303)
	at org.apache.ratis.grpc.client.GrpcClientProtocolClient$AsyncStreamObservers$1.onNext(GrpcClientProtocolClient.java:317)
	at org.apache.ratis.grpc.client.GrpcClientProtocolClient$AsyncStreamObservers$1.onNext(GrpcClientProtocolClient.java:308)
	at org.apache.ratis.thirdparty.io.grpc.stub.ClientCalls$StreamObserverToCallListenerAdapter.onMessage(ClientCalls.java:551)
	at org.apache.ratis.thirdparty.io.grpc.ForwardingClientCallListener.onMessage(ForwardingClientCallListener.java:33)
	at org.apache.ratis.thirdparty.io.grpc.internal.ClientCallImpl$ClientStreamListenerImpl$1MessagesAvailable.runInternal(ClientCallImpl.java:661)
	at org.apache.ratis.thirdparty.io.grpc.internal.ClientCallImpl$ClientStreamListenerImpl$1MessagesAvailable.runInContext(ClientCallImpl.java:648)
	at org.apache.ratis.thirdparty.io.grpc.internal.ContextRunnable.run(ContextRunnable.java:37)
	at org.apache.ratis.thirdparty.io.grpc.internal.SerializingExecutor.run(SerializingExecutor.java:133)
	at java.util.concurrent.ThreadPoolExecutor.runWorker(ThreadPoolExecutor.java:1149)
	at java.util.concurrent.ThreadPoolExecutor$Worker.run(ThreadPoolExecutor.java:624)
	at java.lang.Thread.run(Thread.java:750)
Caused by: org.apache.ratis.protocol.exceptions.NotLeaderException: Server s3@group-6D5932270D9D is not the leader
	at org.apache.ratis.client.impl.ClientProtoUtils.toRaftClientReply(ClientProtoUtils.java:402)
	at org.apache.ratis.grpc.client.GrpcClientProtocolClient$AsyncStreamObservers$1.onNext(GrpcClientProtocolClient.java:313)
	... 10 more
2025-09-08 20:27:40,432 [timer4] DEBUG client.GrpcClientProtocolClient (GrpcClientProtocolClient.java:buildChannel(135)) - Setting TLS for localhost:15046
2025-09-08 20:27:40,434 [timer4] DEBUG client.GrpcClientProtocolClient (GrpcClientProtocolClient.java:buildChannel(135)) - Setting TLS for localhost:15045
2025-09-08 20:27:40,450 [s4@group-6D5932270D9D-FollowerState] INFO  impl.FollowerState (FollowerState.java:runImpl(161)) - s4@group-6D5932270D9D-FollowerState: change to CANDIDATE, lastRpcElapsedTime:160822973ns, electionTimeout:160ms
2025-09-08 20:27:40,450 [s4@group-6D5932270D9D-FollowerState] INFO  impl.RoleInfo (RoleInfo.java:shutdownFollowerState(121)) - s4: shutdown s4@group-6D5932270D9D-FollowerState
2025-09-08 20:27:40,450 [s4@group-6D5932270D9D-FollowerState] INFO  server.RaftServer$Division (RaftServerImpl.java:setRole(392)) - s4@group-6D5932270D9D: changes role from  FOLLOWER to CANDIDATE at term 0 for changeToCandidate
2025-09-08 20:27:40,450 [s4@group-6D5932270D9D-FollowerState] INFO  impl.RoleInfo (RoleInfo.java:updateAndGet(148)) - s4: start s4@group-6D5932270D9D-LeaderElection7
2025-09-08 20:27:40,451 [s4@group-6D5932270D9D-LeaderElection7] INFO  impl.LeaderElection (LeaderElection.java:askForVotes(448)) - s4@group-6D5932270D9D-LeaderElection7 PRE_VOTE round 0: submit vote requests at term 0 for conf: {index: -1, cur=peers:[s3|localhost:15036, s4|localhost:15040, s5|localhost:15044]|listeners:[], old=null}
2025-09-08 20:27:40,451 [s4@group-6D5932270D9D-LeaderElection7] INFO  impl.SimpleStateMachineStorage (SimpleStateMachineStorage.java:loadLatestSnapshot(230)) - Latest snapshot is null in /home/runner/work/ratis/ratis/ratis-test/target/test/data/d6c3ea1c/MiniRaftClusterWithGrpcf715ded6/s4/5913e5d7-f0d0-40b3-8fb1-6d5932270d9d/sm
2025-09-08 20:27:40,451 [s4@group-6D5932270D9D-LeaderElection7-1] INFO  server.GrpcServerProtocolClient (GrpcServerProtocolClient.java:<init>(65)) - Build channel for s3|localhost:15036
2025-09-08 20:27:40,452 [s4@group-6D5932270D9D-LeaderElection7] INFO  server.RaftServerConfigKeys (ConfUtils.java:logFallback(69)) - raft.server.rpc.first-election.timeout.min = 150ms (fallback to raft.server.rpc.timeout.min)
2025-09-08 20:27:40,452 [s4@group-6D5932270D9D-LeaderElection7] INFO  server.RaftServerConfigKeys (ConfUtils.java:logFallback(69)) - raft.server.rpc.first-election.timeout.max = 300ms (fallback to raft.server.rpc.timeout.max)
2025-09-08 20:27:40,452 [s4@group-6D5932270D9D-LeaderElection7-2] INFO  server.GrpcServerProtocolClient (GrpcServerProtocolClient.java:<init>(65)) - Build channel for s5|localhost:15044
2025-09-08 20:27:40,467 [s3@group-6D5932270D9D-FollowerState] INFO  impl.FollowerState (FollowerState.java:runImpl(161)) - s3@group-6D5932270D9D-FollowerState: change to CANDIDATE, lastRpcElapsedTime:191295791ns, electionTimeout:189ms
2025-09-08 20:27:40,467 [s3@group-6D5932270D9D-FollowerState] INFO  impl.RoleInfo (RoleInfo.java:shutdownFollowerState(121)) - s3: shutdown s3@group-6D5932270D9D-FollowerState
2025-09-08 20:27:40,467 [s3@group-6D5932270D9D-FollowerState] INFO  server.RaftServer$Division (RaftServerImpl.java:setRole(392)) - s3@group-6D5932270D9D: changes role from  FOLLOWER to CANDIDATE at term 0 for changeToCandidate
2025-09-08 20:27:40,468 [s3@group-6D5932270D9D-FollowerState] INFO  impl.RoleInfo (RoleInfo.java:updateAndGet(148)) - s3: start s3@group-6D5932270D9D-LeaderElection8
2025-09-08 20:27:40,468 [s3@group-6D5932270D9D-LeaderElection8] INFO  impl.LeaderElection (LeaderElection.java:askForVotes(448)) - s3@group-6D5932270D9D-LeaderElection8 PRE_VOTE round 0: submit vote requests at term 0 for conf: {index: -1, cur=peers:[s3|localhost:15036, s4|localhost:15040, s5|localhost:15044]|listeners:[], old=null}
2025-09-08 20:27:40,468 [s3@group-6D5932270D9D-LeaderElection8] INFO  impl.SimpleStateMachineStorage (SimpleStateMachineStorage.java:loadLatestSnapshot(230)) - Latest snapshot is null in /home/runner/work/ratis/ratis/ratis-test/target/test/data/d6c3ea1c/MiniRaftClusterWithGrpcf715ded6/s3/5913e5d7-f0d0-40b3-8fb1-6d5932270d9d/sm
2025-09-08 20:27:40,469 [s3@group-6D5932270D9D-LeaderElection8-1] INFO  server.GrpcServerProtocolClient (GrpcServerProtocolClient.java:<init>(65)) - Build channel for s4|localhost:15040
2025-09-08 20:27:40,469 [s3@group-6D5932270D9D-LeaderElection8] INFO  server.RaftServerConfigKeys (ConfUtils.java:logFallback(69)) - raft.server.rpc.first-election.timeout.min = 150ms (fallback to raft.server.rpc.timeout.min)
2025-09-08 20:27:40,469 [s3@group-6D5932270D9D-LeaderElection8] INFO  server.RaftServerConfigKeys (ConfUtils.java:logFallback(69)) - raft.server.rpc.first-election.timeout.max = 300ms (fallback to raft.server.rpc.timeout.max)
2025-09-08 20:27:40,469 [s3@group-6D5932270D9D-LeaderElection8-2] INFO  server.GrpcServerProtocolClient (GrpcServerProtocolClient.java:<init>(65)) - Build channel for s5|localhost:15044
2025-09-08 20:27:40,477 [grpc-default-executor-9] TRACE client.GrpcClientProtocolClient (GrpcClientProtocolClient.java:onNext(314)) - client-445369E69E69->s5: receive RaftClientReply:client-445369E69E69->s5@group-6D5932270D9D, cid=39, FAILED org.apache.ratis.protocol.exceptions.NotLeaderException: Server s5@group-6D5932270D9D is not the leader, logIndex=0, commits[s5:c-1]
2025-09-08 20:27:40,484 [grpc-default-executor-9] ERROR impl.OrderedAsync (OrderedAsync.java:lambda$null$6(215)) -  client-445369E69E69: Failed* RaftClientRequest:client-445369E69E69->s5@group-6D5932270D9D, cid=39, seq=1*, Watch(0), null
java.util.concurrent.CompletionException: org.apache.ratis.protocol.exceptions.NotLeaderException: Server s5@group-6D5932270D9D is not the leader
	at java.util.concurrent.CompletableFuture.encodeThrowable(CompletableFuture.java:292)
	at java.util.concurrent.CompletableFuture.completeThrowable(CompletableFuture.java:308)
	at java.util.concurrent.CompletableFuture.uniAccept(CompletableFuture.java:661)
	at java.util.concurrent.CompletableFuture$UniAccept.tryFire(CompletableFuture.java:646)
	at java.util.concurrent.CompletableFuture.postComplete(CompletableFuture.java:488)
	at java.util.concurrent.CompletableFuture.completeExceptionally(CompletableFuture.java:1990)
	at org.apache.ratis.grpc.client.GrpcClientProtocolClient$AsyncStreamObservers.completeReplyExceptionally(GrpcClientProtocolClient.java:397)
	at org.apache.ratis.grpc.client.GrpcClientProtocolClient$AsyncStreamObservers.access$000(GrpcClientProtocolClient.java:303)
	at org.apache.ratis.grpc.client.GrpcClientProtocolClient$AsyncStreamObservers$1.onNext(GrpcClientProtocolClient.java:317)
	at org.apache.ratis.grpc.client.GrpcClientProtocolClient$AsyncStreamObservers$1.onNext(GrpcClientProtocolClient.java:308)
	at org.apache.ratis.thirdparty.io.grpc.stub.ClientCalls$StreamObserverToCallListenerAdapter.onMessage(ClientCalls.java:551)
	at org.apache.ratis.thirdparty.io.grpc.ForwardingClientCallListener.onMessage(ForwardingClientCallListener.java:33)
	at org.apache.ratis.thirdparty.io.grpc.internal.DelayedClientCall$DelayedListener.onMessage(DelayedClientCall.java:473)
	at org.apache.ratis.thirdparty.io.grpc.internal.ClientCallImpl$ClientStreamListenerImpl$1MessagesAvailable.runInternal(ClientCallImpl.java:661)
	at org.apache.ratis.thirdparty.io.grpc.internal.ClientCallImpl$ClientStreamListenerImpl$1MessagesAvailable.runInContext(ClientCallImpl.java:648)
	at org.apache.ratis.thirdparty.io.grpc.internal.ContextRunnable.run(ContextRunnable.java:37)
	at org.apache.ratis.thirdparty.io.grpc.internal.SerializingExecutor.run(SerializingExecutor.java:133)
	at java.util.concurrent.ThreadPoolExecutor.runWorker(ThreadPoolExecutor.java:1149)
	at java.util.concurrent.ThreadPoolExecutor$Worker.run(ThreadPoolExecutor.java:624)
	at java.lang.Thread.run(Thread.java:750)
Caused by: org.apache.ratis.protocol.exceptions.NotLeaderException: Server s5@group-6D5932270D9D is not the leader
	at org.apache.ratis.client.impl.ClientProtoUtils.toRaftClientReply(ClientProtoUtils.java:402)
	at org.apache.ratis.grpc.client.GrpcClientProtocolClient$AsyncStreamObservers$1.onNext(GrpcClientProtocolClient.java:313)
	... 11 more
2025-09-08 20:27:40,493 [s5@group-6D5932270D9D-FollowerState] INFO  impl.FollowerState (FollowerState.java:runImpl(161)) - s5@group-6D5932270D9D-FollowerState: change to CANDIDATE, lastRpcElapsedTime:191846601ns, electionTimeout:190ms
2025-09-08 20:27:40,493 [s5@group-6D5932270D9D-FollowerState] INFO  impl.RoleInfo (RoleInfo.java:shutdownFollowerState(121)) - s5: shutdown s5@group-6D5932270D9D-FollowerState
2025-09-08 20:27:40,493 [s5@group-6D5932270D9D-FollowerState] INFO  server.RaftServer$Division (RaftServerImpl.java:setRole(392)) - s5@group-6D5932270D9D: changes role from  FOLLOWER to CANDIDATE at term 0 for changeToCandidate
2025-09-08 20:27:40,496 [s5@group-6D5932270D9D-FollowerState] INFO  impl.RoleInfo (RoleInfo.java:updateAndGet(148)) - s5: start s5@group-6D5932270D9D-LeaderElection9
2025-09-08 20:27:40,497 [s5@group-6D5932270D9D-LeaderElection9] INFO  impl.LeaderElection (LeaderElection.java:askForVotes(448)) - s5@group-6D5932270D9D-LeaderElection9 PRE_VOTE round 0: submit vote requests at term 0 for conf: {index: -1, cur=peers:[s3|localhost:15036, s4|localhost:15040, s5|localhost:15044]|listeners:[], old=null}
2025-09-08 20:27:40,497 [s5@group-6D5932270D9D-LeaderElection9] INFO  impl.SimpleStateMachineStorage (SimpleStateMachineStorage.java:loadLatestSnapshot(230)) - Latest snapshot is null in /home/runner/work/ratis/ratis/ratis-test/target/test/data/d6c3ea1c/MiniRaftClusterWithGrpcf715ded6/s5/5913e5d7-f0d0-40b3-8fb1-6d5932270d9d/sm
2025-09-08 20:27:40,498 [s5@group-6D5932270D9D-LeaderElection9-1] INFO  server.GrpcServerProtocolClient (GrpcServerProtocolClient.java:<init>(65)) - Build channel for s3|localhost:15036
2025-09-08 20:27:40,500 [s5@group-6D5932270D9D-LeaderElection9] INFO  server.RaftServerConfigKeys (ConfUtils.java:logFallback(69)) - raft.server.rpc.first-election.timeout.min = 150ms (fallback to raft.server.rpc.timeout.min)
2025-09-08 20:27:40,500 [s5@group-6D5932270D9D-LeaderElection9] INFO  server.RaftServerConfigKeys (ConfUtils.java:logFallback(69)) - raft.server.rpc.first-election.timeout.max = 300ms (fallback to raft.server.rpc.timeout.max)
2025-09-08 20:27:40,501 [s5@group-6D5932270D9D-LeaderElection9-2] INFO  server.GrpcServerProtocolClient (GrpcServerProtocolClient.java:<init>(65)) - Build channel for s4|localhost:15040
2025-09-08 20:27:40,507 [grpc-default-executor-9] INFO  server.RaftServer$Division (RaftServerImpl.java:requestVote(1433)) - s3@group-6D5932270D9D: receive requestVote(PRE_VOTE, s4, group-6D5932270D9D, 0, <PROTO_DEFAULT>)
2025-09-08 20:27:40,507 [grpc-default-executor-9] INFO  impl.SimpleStateMachineStorage (SimpleStateMachineStorage.java:loadLatestSnapshot(230)) - Latest snapshot is null in /home/runner/work/ratis/ratis/ratis-test/target/test/data/d6c3ea1c/MiniRaftClusterWithGrpcf715ded6/s3/5913e5d7-f0d0-40b3-8fb1-6d5932270d9d/sm
2025-09-08 20:27:40,508 [grpc-default-executor-9] INFO  impl.VoteContext (VoteContext.java:log(49)) - s3@group-6D5932270D9D-CANDIDATE: accept PRE_VOTE from s4: our priority 0 <= candidate's priority 0
2025-09-08 20:27:40,508 [grpc-default-executor-9] INFO  impl.SimpleStateMachineStorage (SimpleStateMachineStorage.java:loadLatestSnapshot(230)) - Latest snapshot is null in /home/runner/work/ratis/ratis/ratis-test/target/test/data/d6c3ea1c/MiniRaftClusterWithGrpcf715ded6/s3/5913e5d7-f0d0-40b3-8fb1-6d5932270d9d/sm
2025-09-08 20:27:40,509 [grpc-default-executor-9] INFO  server.RaftServer$Division (RaftServerImpl.java:requestVote(1467)) - s3@group-6D5932270D9D replies to PRE_VOTE vote request: s4<-s3#0:OK-t0-last:<INITIAL_VALUE>. Peer's state: s3@group-6D5932270D9D:t0, leader=null, voted=, raftlog=Memoized:s3@group-6D5932270D9D-SegmentedRaftLog:OPENED:c-1:lastnull, conf=conf: {index: -1, cur=peers:[s3|localhost:15036, s4|localhost:15040, s5|localhost:15044]|listeners:[], old=null}
2025-09-08 20:27:40,515 [grpc-default-executor-6] INFO  server.RaftServer$Division (RaftServerImpl.java:requestVote(1433)) - s5@group-6D5932270D9D: receive requestVote(PRE_VOTE, s4, group-6D5932270D9D, 0, <PROTO_DEFAULT>)
2025-09-08 20:27:40,516 [grpc-default-executor-6] INFO  impl.SimpleStateMachineStorage (SimpleStateMachineStorage.java:loadLatestSnapshot(230)) - Latest snapshot is null in /home/runner/work/ratis/ratis/ratis-test/target/test/data/d6c3ea1c/MiniRaftClusterWithGrpcf715ded6/s5/5913e5d7-f0d0-40b3-8fb1-6d5932270d9d/sm
2025-09-08 20:27:40,516 [grpc-default-executor-6] INFO  impl.VoteContext (VoteContext.java:log(49)) - s5@group-6D5932270D9D-CANDIDATE: accept PRE_VOTE from s4: our priority 0 <= candidate's priority 0
2025-09-08 20:27:40,516 [grpc-default-executor-6] INFO  impl.SimpleStateMachineStorage (SimpleStateMachineStorage.java:loadLatestSnapshot(230)) - Latest snapshot is null in /home/runner/work/ratis/ratis/ratis-test/target/test/data/d6c3ea1c/MiniRaftClusterWithGrpcf715ded6/s5/5913e5d7-f0d0-40b3-8fb1-6d5932270d9d/sm
2025-09-08 20:27:40,516 [grpc-default-executor-6] INFO  server.RaftServer$Division (RaftServerImpl.java:requestVote(1467)) - s5@group-6D5932270D9D replies to PRE_VOTE vote request: s4<-s5#0:OK-t0-last:<INITIAL_VALUE>. Peer's state: s5@group-6D5932270D9D:t0, leader=null, voted=, raftlog=Memoized:s5@group-6D5932270D9D-SegmentedRaftLog:OPENED:c-1:lastnull, conf=conf: {index: -1, cur=peers:[s3|localhost:15036, s4|localhost:15040, s5|localhost:15044]|listeners:[], old=null}
2025-09-08 20:27:40,517 [s4@group-6D5932270D9D-LeaderElection7] INFO  impl.LeaderElection (LeaderElection.java:logAndReturn(206)) - s4@group-6D5932270D9D-LeaderElection7: PRE_VOTE PASSED received 1 response(s) and 0 exception(s):
2025-09-08 20:27:40,517 [s4@group-6D5932270D9D-LeaderElection7] INFO  impl.LeaderElection (LeaderElection.java:logAndReturn(210)) -   Response 0: s4<-s3#0:OK-t0-last:<INITIAL_VALUE>
2025-09-08 20:27:40,517 [s4@group-6D5932270D9D-LeaderElection7] INFO  impl.LeaderElection (LeaderElection.java:askForVotes(450)) - s4@group-6D5932270D9D-LeaderElection7 PRE_VOTE round 0: result PASSED
2025-09-08 20:27:40,518 [s4@group-6D5932270D9D-LeaderElection7] TRACE util.FileUtils (LogUtils.java:supplyAndLog(69)) - Successfully supplied FileChannel.open /home/runner/work/ratis/ratis/ratis-test/target/test/data/d6c3ea1c/MiniRaftClusterWithGrpcf715ded6/s4/5913e5d7-f0d0-40b3-8fb1-6d5932270d9d/current/raft-meta.tmp with options [CREATE, TRUNCATE_EXISTING, WRITE]: sun.nio.ch.FileChannelImpl@34078b17
2025-09-08 20:27:40,518 [grpc-default-executor-1] INFO  server.RaftServer$Division (RaftServerImpl.java:requestVote(1433)) - s4@group-6D5932270D9D: receive requestVote(PRE_VOTE, s3, group-6D5932270D9D, 0, <PROTO_DEFAULT>)
2025-09-08 20:27:40,520 [grpc-default-executor-1] INFO  impl.SimpleStateMachineStorage (SimpleStateMachineStorage.java:loadLatestSnapshot(230)) - Latest snapshot is null in /home/runner/work/ratis/ratis/ratis-test/target/test/data/d6c3ea1c/MiniRaftClusterWithGrpcf715ded6/s4/5913e5d7-f0d0-40b3-8fb1-6d5932270d9d/sm
2025-09-08 20:27:40,520 [grpc-default-executor-1] INFO  impl.VoteContext (VoteContext.java:log(49)) - s4@group-6D5932270D9D-CANDIDATE: accept PRE_VOTE from s3: our priority 0 <= candidate's priority 0
2025-09-08 20:27:40,520 [grpc-default-executor-1] INFO  impl.SimpleStateMachineStorage (SimpleStateMachineStorage.java:loadLatestSnapshot(230)) - Latest snapshot is null in /home/runner/work/ratis/ratis/ratis-test/target/test/data/d6c3ea1c/MiniRaftClusterWithGrpcf715ded6/s4/5913e5d7-f0d0-40b3-8fb1-6d5932270d9d/sm
2025-09-08 20:27:40,520 [grpc-default-executor-1] INFO  server.RaftServer$Division (RaftServerImpl.java:requestVote(1467)) - s4@group-6D5932270D9D replies to PRE_VOTE vote request: s3<-s4#0:OK-t1-last:<INITIAL_VALUE>. Peer's state: s4@group-6D5932270D9D:t1, leader=null, voted=s4, raftlog=Memoized:s4@group-6D5932270D9D-SegmentedRaftLog:OPENED:c-1:lastnull, conf=conf: {index: -1, cur=peers:[s3|localhost:15036, s4|localhost:15040, s5|localhost:15044]|listeners:[], old=null}
2025-09-08 20:27:40,520 [s4@group-6D5932270D9D-LeaderElection7] TRACE util.FileUtils (LogUtils.java:runAndLog(49)) - Successfully ran Atomic Files.move /home/runner/work/ratis/ratis/ratis-test/target/test/data/d6c3ea1c/MiniRaftClusterWithGrpcf715ded6/s4/5913e5d7-f0d0-40b3-8fb1-6d5932270d9d/current/raft-meta.tmp to /home/runner/work/ratis/ratis/ratis-test/target/test/data/d6c3ea1c/MiniRaftClusterWithGrpcf715ded6/s4/5913e5d7-f0d0-40b3-8fb1-6d5932270d9d/current/raft-meta with options [REPLACE_EXISTING]
2025-09-08 20:27:40,521 [s4@group-6D5932270D9D-LeaderElection7] INFO  impl.LeaderElection (LeaderElection.java:askForVotes(448)) - s4@group-6D5932270D9D-LeaderElection7 ELECTION round 0: submit vote requests at term 1 for conf: {index: -1, cur=peers:[s3|localhost:15036, s4|localhost:15040, s5|localhost:15044]|listeners:[], old=null}
2025-09-08 20:27:40,521 [s4@group-6D5932270D9D-LeaderElection7] INFO  impl.SimpleStateMachineStorage (SimpleStateMachineStorage.java:loadLatestSnapshot(230)) - Latest snapshot is null in /home/runner/work/ratis/ratis/ratis-test/target/test/data/d6c3ea1c/MiniRaftClusterWithGrpcf715ded6/s4/5913e5d7-f0d0-40b3-8fb1-6d5932270d9d/sm
2025-09-08 20:27:40,522 [s4@group-6D5932270D9D-LeaderElection7] INFO  server.RaftServerConfigKeys (ConfUtils.java:logFallback(69)) - raft.server.rpc.first-election.timeout.min = 150ms (fallback to raft.server.rpc.timeout.min)
2025-09-08 20:27:40,522 [s4@group-6D5932270D9D-LeaderElection7] INFO  server.RaftServerConfigKeys (ConfUtils.java:logFallback(69)) - raft.server.rpc.first-election.timeout.max = 300ms (fallback to raft.server.rpc.timeout.max)
2025-09-08 20:27:40,526 [grpc-default-executor-9] INFO  server.RaftServer$Division (RaftServerImpl.java:requestVote(1433)) - s3@group-6D5932270D9D: receive requestVote(ELECTION, s4, group-6D5932270D9D, 1, <PROTO_DEFAULT>)
2025-09-08 20:27:40,526 [grpc-default-executor-9] INFO  impl.SimpleStateMachineStorage (SimpleStateMachineStorage.java:loadLatestSnapshot(230)) - Latest snapshot is null in /home/runner/work/ratis/ratis/ratis-test/target/test/data/d6c3ea1c/MiniRaftClusterWithGrpcf715ded6/s3/5913e5d7-f0d0-40b3-8fb1-6d5932270d9d/sm
2025-09-08 20:27:40,527 [grpc-default-executor-9] INFO  impl.VoteContext (VoteContext.java:log(49)) - s3@group-6D5932270D9D-CANDIDATE: accept ELECTION from s4: our priority 0 <= candidate's priority 0
2025-09-08 20:27:40,527 [grpc-default-executor-9] INFO  server.RaftServer$Division (RaftServerImpl.java:setRole(392)) - s3@group-6D5932270D9D: changes role from CANDIDATE to FOLLOWER at term 0 for candidate:s4
2025-09-08 20:27:40,527 [grpc-default-executor-9] INFO  impl.RoleInfo (RoleInfo.java:shutdownLeaderElection(141)) - s3: shutdown s3@group-6D5932270D9D-LeaderElection8
2025-09-08 20:27:40,527 [grpc-default-executor-9] INFO  impl.RoleInfo (RoleInfo.java:updateAndGet(148)) - s3: start s3@group-6D5932270D9D-FollowerState
2025-09-08 20:27:40,527 [grpc-default-executor-10] INFO  server.RaftServer$Division (RaftServerImpl.java:requestVote(1433)) - s5@group-6D5932270D9D: receive requestVote(ELECTION, s4, group-6D5932270D9D, 1, <PROTO_DEFAULT>)
2025-09-08 20:27:40,527 [grpc-default-executor-10] INFO  impl.SimpleStateMachineStorage (SimpleStateMachineStorage.java:loadLatestSnapshot(230)) - Latest snapshot is null in /home/runner/work/ratis/ratis/ratis-test/target/test/data/d6c3ea1c/MiniRaftClusterWithGrpcf715ded6/s5/5913e5d7-f0d0-40b3-8fb1-6d5932270d9d/sm
2025-09-08 20:27:40,527 [grpc-default-executor-10] INFO  impl.VoteContext (VoteContext.java:log(49)) - s5@group-6D5932270D9D-CANDIDATE: accept ELECTION from s4: our priority 0 <= candidate's priority 0
2025-09-08 20:27:40,527 [grpc-default-executor-10] INFO  server.RaftServer$Division (RaftServerImpl.java:setRole(392)) - s5@group-6D5932270D9D: changes role from CANDIDATE to FOLLOWER at term 0 for candidate:s4
2025-09-08 20:27:40,528 [grpc-default-executor-10] INFO  impl.RoleInfo (RoleInfo.java:shutdownLeaderElection(141)) - s5: shutdown s5@group-6D5932270D9D-LeaderElection9
2025-09-08 20:27:40,528 [grpc-default-executor-9] INFO  server.RaftServer$Division (RaftServerImpl.java:setFirstElection(576)) - s3@group-6D5932270D9D: set firstElectionSinceStartup to false for candidate:s4
2025-09-08 20:27:40,529 [grpc-default-executor-9] TRACE util.FileUtils (LogUtils.java:supplyAndLog(69)) - Successfully supplied FileChannel.open /home/runner/work/ratis/ratis/ratis-test/target/test/data/d6c3ea1c/MiniRaftClusterWithGrpcf715ded6/s3/5913e5d7-f0d0-40b3-8fb1-6d5932270d9d/current/raft-meta.tmp with options [CREATE, TRUNCATE_EXISTING, WRITE]: sun.nio.ch.FileChannelImpl@338ba6ab
2025-09-08 20:27:40,530 [s3@group-6D5932270D9D-LeaderElection8] INFO  impl.LeaderElection (LeaderElection.java:logAndReturn(206)) - s3@group-6D5932270D9D-LeaderElection8: PRE_VOTE DISCOVERED_A_NEW_TERM (term=1) received 1 response(s) and 0 exception(s):
2025-09-08 20:27:40,530 [grpc-default-executor-1] INFO  server.RaftServer$Division (RaftServerImpl.java:requestVote(1433)) - s5@group-6D5932270D9D: receive requestVote(PRE_VOTE, s3, group-6D5932270D9D, 0, <PROTO_DEFAULT>)
2025-09-08 20:27:40,529 [grpc-default-executor-10] INFO  impl.RoleInfo (RoleInfo.java:updateAndGet(148)) - s5: start s5@group-6D5932270D9D-FollowerState
2025-09-08 20:27:40,531 [s3@group-6D5932270D9D-LeaderElection8] INFO  impl.LeaderElection (LeaderElection.java:logAndReturn(210)) -   Response 0: s3<-s4#0:OK-t1-last:<INITIAL_VALUE>
2025-09-08 20:27:40,532 [grpc-default-executor-10] INFO  server.RaftServer$Division (RaftServerImpl.java:setFirstElection(576)) - s5@group-6D5932270D9D: set firstElectionSinceStartup to false for candidate:s4
2025-09-08 20:27:40,532 [grpc-default-executor-10] TRACE util.FileUtils (LogUtils.java:supplyAndLog(69)) - Successfully supplied FileChannel.open /home/runner/work/ratis/ratis/ratis-test/target/test/data/d6c3ea1c/MiniRaftClusterWithGrpcf715ded6/s5/5913e5d7-f0d0-40b3-8fb1-6d5932270d9d/current/raft-meta.tmp with options [CREATE, TRUNCATE_EXISTING, WRITE]: sun.nio.ch.FileChannelImpl@5e8cabe5
2025-09-08 20:27:40,533 [grpc-default-executor-9] TRACE util.FileUtils (LogUtils.java:runAndLog(49)) - Successfully ran Atomic Files.move /home/runner/work/ratis/ratis/ratis-test/target/test/data/d6c3ea1c/MiniRaftClusterWithGrpcf715ded6/s3/5913e5d7-f0d0-40b3-8fb1-6d5932270d9d/current/raft-meta.tmp to /home/runner/work/ratis/ratis/ratis-test/target/test/data/d6c3ea1c/MiniRaftClusterWithGrpcf715ded6/s3/5913e5d7-f0d0-40b3-8fb1-6d5932270d9d/current/raft-meta with options [REPLACE_EXISTING]
2025-09-08 20:27:40,534 [grpc-default-executor-9] INFO  impl.SimpleStateMachineStorage (SimpleStateMachineStorage.java:loadLatestSnapshot(230)) - Latest snapshot is null in /home/runner/work/ratis/ratis/ratis-test/target/test/data/d6c3ea1c/MiniRaftClusterWithGrpcf715ded6/s3/5913e5d7-f0d0-40b3-8fb1-6d5932270d9d/sm
2025-09-08 20:27:40,534 [grpc-default-executor-9] INFO  server.RaftServer$Division (RaftServerImpl.java:requestVote(1467)) - s3@group-6D5932270D9D replies to ELECTION vote request: s4<-s3#0:OK-t1-last:<INITIAL_VALUE>. Peer's state: s3@group-6D5932270D9D:t1, leader=null, voted=s4, raftlog=Memoized:s3@group-6D5932270D9D-SegmentedRaftLog:OPENED:c-1:lastnull, conf=conf: {index: -1, cur=peers:[s3|localhost:15036, s4|localhost:15040, s5|localhost:15044]|listeners:[], old=null}
2025-09-08 20:27:40,533 [s3@group-6D5932270D9D-LeaderElection8] INFO  impl.LeaderElection (LeaderElection.java:askForVotes(450)) - s3@group-6D5932270D9D-LeaderElection8 PRE_VOTE round 0: result DISCOVERED_A_NEW_TERM (term=1)
2025-09-08 20:27:40,536 [grpc-default-executor-10] TRACE util.FileUtils (LogUtils.java:runAndLog(49)) - Successfully ran Atomic Files.move /home/runner/work/ratis/ratis/ratis-test/target/test/data/d6c3ea1c/MiniRaftClusterWithGrpcf715ded6/s5/5913e5d7-f0d0-40b3-8fb1-6d5932270d9d/current/raft-meta.tmp to /home/runner/work/ratis/ratis/ratis-test/target/test/data/d6c3ea1c/MiniRaftClusterWithGrpcf715ded6/s5/5913e5d7-f0d0-40b3-8fb1-6d5932270d9d/current/raft-meta with options [REPLACE_EXISTING]
2025-09-08 20:27:40,536 [s4@group-6D5932270D9D-LeaderElection7] INFO  impl.LeaderElection (LeaderElection.java:logAndReturn(206)) - s4@group-6D5932270D9D-LeaderElection7: ELECTION PASSED received 1 response(s) and 0 exception(s):
2025-09-08 20:27:40,537 [grpc-default-executor-10] INFO  impl.SimpleStateMachineStorage (SimpleStateMachineStorage.java:loadLatestSnapshot(230)) - Latest snapshot is null in /home/runner/work/ratis/ratis/ratis-test/target/test/data/d6c3ea1c/MiniRaftClusterWithGrpcf715ded6/s5/5913e5d7-f0d0-40b3-8fb1-6d5932270d9d/sm
2025-09-08 20:27:40,537 [grpc-default-executor-10] INFO  server.RaftServer$Division (RaftServerImpl.java:requestVote(1467)) - s5@group-6D5932270D9D replies to ELECTION vote request: s4<-s5#0:OK-t1-last:<INITIAL_VALUE>. Peer's state: s5@group-6D5932270D9D:t1, leader=null, voted=s4, raftlog=Memoized:s5@group-6D5932270D9D-SegmentedRaftLog:OPENED:c-1:lastnull, conf=conf: {index: -1, cur=peers:[s3|localhost:15036, s4|localhost:15040, s5|localhost:15044]|listeners:[], old=null}
2025-09-08 20:27:40,537 [s4@group-6D5932270D9D-LeaderElection7] INFO  impl.LeaderElection (LeaderElection.java:logAndReturn(210)) -   Response 0: s4<-s3#0:OK-t1-last:<INITIAL_VALUE>
2025-09-08 20:27:40,537 [grpc-default-executor-1] INFO  impl.SimpleStateMachineStorage (SimpleStateMachineStorage.java:loadLatestSnapshot(230)) - Latest snapshot is null in /home/runner/work/ratis/ratis/ratis-test/target/test/data/d6c3ea1c/MiniRaftClusterWithGrpcf715ded6/s5/5913e5d7-f0d0-40b3-8fb1-6d5932270d9d/sm
2025-09-08 20:27:40,537 [grpc-default-executor-1] INFO  impl.VoteContext (VoteContext.java:log(49)) - s5@group-6D5932270D9D-FOLLOWER: accept PRE_VOTE from s3: our priority 0 <= candidate's priority 0
2025-09-08 20:27:40,537 [grpc-default-executor-1] INFO  impl.SimpleStateMachineStorage (SimpleStateMachineStorage.java:loadLatestSnapshot(230)) - Latest snapshot is null in /home/runner/work/ratis/ratis/ratis-test/target/test/data/d6c3ea1c/MiniRaftClusterWithGrpcf715ded6/s5/5913e5d7-f0d0-40b3-8fb1-6d5932270d9d/sm
2025-09-08 20:27:40,537 [grpc-default-executor-1] INFO  server.RaftServer$Division (RaftServerImpl.java:requestVote(1467)) - s5@group-6D5932270D9D replies to PRE_VOTE vote request: s3<-s5#0:OK-t1-last:<INITIAL_VALUE>. Peer's state: s5@group-6D5932270D9D:t1, leader=null, voted=s4, raftlog=Memoized:s5@group-6D5932270D9D-SegmentedRaftLog:OPENED:c-1:lastnull, conf=conf: {index: -1, cur=peers:[s3|localhost:15036, s4|localhost:15040, s5|localhost:15044]|listeners:[], old=null}
2025-09-08 20:27:40,538 [s4@group-6D5932270D9D-LeaderElection7] INFO  impl.LeaderElection (LeaderElection.java:askForVotes(450)) - s4@group-6D5932270D9D-LeaderElection7 ELECTION round 0: result PASSED
2025-09-08 20:27:40,538 [s4@group-6D5932270D9D-LeaderElection7] INFO  impl.RoleInfo (RoleInfo.java:shutdownLeaderElection(141)) - s4: shutdown s4@group-6D5932270D9D-LeaderElection7
2025-09-08 20:27:40,538 [s4@group-6D5932270D9D-LeaderElection7] INFO  server.RaftServer$Division (RaftServerImpl.java:setRole(392)) - s4@group-6D5932270D9D: changes role from CANDIDATE to LEADER at term 1 for changeToLeader
2025-09-08 20:27:40,538 [s4@group-6D5932270D9D-LeaderElection7] INFO  server.RaftServerConfigKeys (ConfUtils.java:logFallback(69)) - raft.server.staging.timeout = 900ms (fallback to raft.server.rpc.timeout.max)
2025-09-08 20:27:40,540 [s4@group-6D5932270D9D-LeaderElection7] INFO  impl.RoleInfo (RoleInfo.java:updateAndGet(148)) - s4: start s4@group-6D5932270D9D-LeaderStateImpl
2025-09-08 20:27:40,540 [s4@group-6D5932270D9D-LeaderElection7] INFO  server.RaftServer$Division (RaftServerImpl.java:setFirstElection(576)) - s4@group-6D5932270D9D: set firstElectionSinceStartup to false for becomeLeader
2025-09-08 20:27:40,540 [s4@group-6D5932270D9D-LeaderElection7] INFO  server.RaftServer$Division (ServerState.java:setLeader(277)) - s4@group-6D5932270D9D: change Leader from null to s4 at term 1 for becomeLeader, leader elected after 278ms
2025-09-08 20:27:40,540 [s4@group-6D5932270D9D-LeaderElection7] INFO  segmented.SegmentedRaftLogWorker (SegmentedRaftLogWorker.java:startLogSegment(440)) - s4@group-6D5932270D9D-SegmentedRaftLogWorker: Starting segment from index:0
2025-09-08 20:27:40,543 [s4@group-6D5932270D9D-LeaderElection7] INFO  server.RaftServer$Division (ServerState.java:setRaftConf(391)) - s4@group-6D5932270D9D: set configuration conf: {index: 0, cur=peers:[s3|localhost:15036, s4|localhost:15040, s5|localhost:15044]|listeners:[], old=null}
2025-09-08 20:27:40,543 [s4@group-6D5932270D9D-SegmentedRaftLogWorker] INFO  segmented.BufferedWriteChannel (BufferedWriteChannel.java:open(61)) - open log_inprogress_0 at position 0
2025-09-08 20:27:40,544 [s4@group-6D5932270D9D->s3-GrpcLogAppender-LogAppenderDaemon] INFO  impl.SimpleStateMachineStorage (SimpleStateMachineStorage.java:loadLatestSnapshot(230)) - Latest snapshot is null in /home/runner/work/ratis/ratis/ratis-test/target/test/data/d6c3ea1c/MiniRaftClusterWithGrpcf715ded6/s4/5913e5d7-f0d0-40b3-8fb1-6d5932270d9d/sm
2025-09-08 20:27:40,544 [grpc-default-executor-4] INFO  server.RaftServer$Division (RaftServerImpl.java:requestVote(1433)) - s4@group-6D5932270D9D: receive requestVote(PRE_VOTE, s5, group-6D5932270D9D, 0, <PROTO_DEFAULT>)
2025-09-08 20:27:40,545 [s4@group-6D5932270D9D->s5-GrpcLogAppender-LogAppenderDaemon] INFO  impl.SimpleStateMachineStorage (SimpleStateMachineStorage.java:loadLatestSnapshot(230)) - Latest snapshot is null in /home/runner/work/ratis/ratis/ratis-test/target/test/data/d6c3ea1c/MiniRaftClusterWithGrpcf715ded6/s4/5913e5d7-f0d0-40b3-8fb1-6d5932270d9d/sm
2025-09-08 20:27:40,546 [grpc-default-executor-4] INFO  impl.VoteContext (VoteContext.java:log(49)) - s4@group-6D5932270D9D-LEADER: reject PRE_VOTE from s5: this server is the leader and still has leadership
2025-09-08 20:27:40,546 [grpc-default-executor-4] INFO  server.RaftServer$Division (RaftServerImpl.java:requestVote(1467)) - s4@group-6D5932270D9D replies to PRE_VOTE vote request: s5<-s4#0:FAIL-t1-last:(t:1, i:0). Peer's state: s4@group-6D5932270D9D:t1, leader=s4, voted=s4, raftlog=Memoized:s4@group-6D5932270D9D-SegmentedRaftLog:OPENED:c-1:last(t:1, i:0), conf=conf: {index: 0, cur=peers:[s3|localhost:15036, s4|localhost:15040, s5|localhost:15044]|listeners:[], old=null}
2025-09-08 20:27:40,548 [grpc-default-executor-1] INFO  server.RaftServer$Division (RaftServerImpl.java:requestVote(1433)) - s3@group-6D5932270D9D: receive requestVote(PRE_VOTE, s5, group-6D5932270D9D, 0, <PROTO_DEFAULT>)
2025-09-08 20:27:40,548 [grpc-default-executor-1] INFO  impl.SimpleStateMachineStorage (SimpleStateMachineStorage.java:loadLatestSnapshot(230)) - Latest snapshot is null in /home/runner/work/ratis/ratis/ratis-test/target/test/data/d6c3ea1c/MiniRaftClusterWithGrpcf715ded6/s3/5913e5d7-f0d0-40b3-8fb1-6d5932270d9d/sm
2025-09-08 20:27:40,548 [grpc-default-executor-1] INFO  impl.VoteContext (VoteContext.java:log(49)) - s3@group-6D5932270D9D-FOLLOWER: accept PRE_VOTE from s5: our priority 0 <= candidate's priority 0
2025-09-08 20:27:40,548 [grpc-default-executor-1] INFO  impl.SimpleStateMachineStorage (SimpleStateMachineStorage.java:loadLatestSnapshot(230)) - Latest snapshot is null in /home/runner/work/ratis/ratis/ratis-test/target/test/data/d6c3ea1c/MiniRaftClusterWithGrpcf715ded6/s3/5913e5d7-f0d0-40b3-8fb1-6d5932270d9d/sm
2025-09-08 20:27:40,548 [grpc-default-executor-1] INFO  server.RaftServer$Division (RaftServerImpl.java:requestVote(1467)) - s3@group-6D5932270D9D replies to PRE_VOTE vote request: s5<-s3#0:OK-t1-last:<INITIAL_VALUE>. Peer's state: s3@group-6D5932270D9D:t1, leader=null, voted=s4, raftlog=Memoized:s3@group-6D5932270D9D-SegmentedRaftLog:OPENED:c-1:lastnull, conf=conf: {index: -1, cur=peers:[s3|localhost:15036, s4|localhost:15040, s5|localhost:15044]|listeners:[], old=null}
2025-09-08 20:27:40,549 [s5@group-6D5932270D9D-LeaderElection9] INFO  impl.LeaderElection (LeaderElection.java:logAndReturn(206)) - s5@group-6D5932270D9D-LeaderElection9: PRE_VOTE DISCOVERED_A_NEW_TERM (term=1) received 1 response(s) and 0 exception(s):
2025-09-08 20:27:40,549 [s5@group-6D5932270D9D-LeaderElection9] INFO  impl.LeaderElection (LeaderElection.java:logAndReturn(210)) -   Response 0: s5<-s4#0:FAIL-t1-last:(t:1, i:0)
2025-09-08 20:27:40,549 [s5@group-6D5932270D9D-LeaderElection9] INFO  impl.LeaderElection (LeaderElection.java:askForVotes(450)) - s5@group-6D5932270D9D-LeaderElection9 PRE_VOTE round 0: result DISCOVERED_A_NEW_TERM (term=1)
2025-09-08 20:27:40,558 [s4@group-6D5932270D9D-SegmentedRaftLogWorker] INFO  segmented.SegmentedRaftLogWorker (SegmentedRaftLogWorker.java:execute(647)) - s4@group-6D5932270D9D-SegmentedRaftLogWorker: created new log segment /home/runner/work/ratis/ratis/ratis-test/target/test/data/d6c3ea1c/MiniRaftClusterWithGrpcf715ded6/s4/5913e5d7-f0d0-40b3-8fb1-6d5932270d9d/current/log_inprogress_0
2025-09-08 20:27:40,578 [s4@group-6D5932270D9D->s3-GrpcLogAppender-LogAppenderDaemon] INFO  impl.SimpleStateMachineStorage (SimpleStateMachineStorage.java:loadLatestSnapshot(230)) - Latest snapshot is null in /home/runner/work/ratis/ratis/ratis-test/target/test/data/d6c3ea1c/MiniRaftClusterWithGrpcf715ded6/s4/5913e5d7-f0d0-40b3-8fb1-6d5932270d9d/sm
2025-09-08 20:27:40,579 [grpc-default-executor-4] INFO  server.RaftServer$Division (ServerState.java:setLeader(277)) - s3@group-6D5932270D9D: change Leader from null to s4 at term 1 for appendEntries, leader elected after 327ms
2025-09-08 20:27:40,580 [s4@group-6D5932270D9D->s5-GrpcLogAppender-LogAppenderDaemon] INFO  impl.SimpleStateMachineStorage (SimpleStateMachineStorage.java:loadLatestSnapshot(230)) - Latest snapshot is null in /home/runner/work/ratis/ratis/ratis-test/target/test/data/d6c3ea1c/MiniRaftClusterWithGrpcf715ded6/s4/5913e5d7-f0d0-40b3-8fb1-6d5932270d9d/sm
2025-09-08 20:27:40,581 [grpc-default-executor-8] INFO  impl.SimpleStateMachineStorage (SimpleStateMachineStorage.java:loadLatestSnapshot(230)) - Latest snapshot is null in /home/runner/work/ratis/ratis/ratis-test/target/test/data/d6c3ea1c/MiniRaftClusterWithGrpcf715ded6/s3/5913e5d7-f0d0-40b3-8fb1-6d5932270d9d/sm
2025-09-08 20:27:40,581 [grpc-default-executor-4] INFO  server.RaftServer$Division (ServerState.java:setLeader(277)) - s5@group-6D5932270D9D: change Leader from null to s4 at term 1 for appendEntries, leader elected after 314ms
2025-09-08 20:27:40,581 [grpc-default-executor-8] INFO  impl.SimpleStateMachineStorage (SimpleStateMachineStorage.java:loadLatestSnapshot(230)) - Latest snapshot is null in /home/runner/work/ratis/ratis/ratis-test/target/test/data/d6c3ea1c/MiniRaftClusterWithGrpcf715ded6/s3/5913e5d7-f0d0-40b3-8fb1-6d5932270d9d/sm
2025-09-08 20:27:40,582 [grpc-default-executor-8] INFO  server.RaftServer$Division (ServerState.java:setRaftConf(391)) - s3@group-6D5932270D9D: set configuration conf: {index: 0, cur=peers:[s3|localhost:15036, s4|localhost:15040, s5|localhost:15044]|listeners:[], old=null}
2025-09-08 20:27:40,583 [s3-server-thread1] INFO  segmented.SegmentedRaftLogWorker (SegmentedRaftLogWorker.java:startLogSegment(440)) - s3@group-6D5932270D9D-SegmentedRaftLogWorker: Starting segment from index:0
2025-09-08 20:27:40,584 [s3@group-6D5932270D9D-SegmentedRaftLogWorker] INFO  segmented.BufferedWriteChannel (BufferedWriteChannel.java:open(61)) - open log_inprogress_0 at position 0
2025-09-08 20:27:40,588 [grpc-default-executor-4] INFO  impl.SimpleStateMachineStorage (SimpleStateMachineStorage.java:loadLatestSnapshot(230)) - Latest snapshot is null in /home/runner/work/ratis/ratis/ratis-test/target/test/data/d6c3ea1c/MiniRaftClusterWithGrpcf715ded6/s5/5913e5d7-f0d0-40b3-8fb1-6d5932270d9d/sm
2025-09-08 20:27:40,588 [grpc-default-executor-4] INFO  impl.SimpleStateMachineStorage (SimpleStateMachineStorage.java:loadLatestSnapshot(230)) - Latest snapshot is null in /home/runner/work/ratis/ratis/ratis-test/target/test/data/d6c3ea1c/MiniRaftClusterWithGrpcf715ded6/s5/5913e5d7-f0d0-40b3-8fb1-6d5932270d9d/sm
2025-09-08 20:27:40,589 [grpc-default-executor-4] INFO  server.RaftServer$Division (ServerState.java:setRaftConf(391)) - s5@group-6D5932270D9D: set configuration conf: {index: 0, cur=peers:[s3|localhost:15036, s4|localhost:15040, s5|localhost:15044]|listeners:[], old=null}
2025-09-08 20:27:40,589 [s5-server-thread1] INFO  segmented.SegmentedRaftLogWorker (SegmentedRaftLogWorker.java:startLogSegment(440)) - s5@group-6D5932270D9D-SegmentedRaftLogWorker: Starting segment from index:0
2025-09-08 20:27:40,590 [s3@group-6D5932270D9D-SegmentedRaftLogWorker] INFO  segmented.SegmentedRaftLogWorker (SegmentedRaftLogWorker.java:execute(647)) - s3@group-6D5932270D9D-SegmentedRaftLogWorker: created new log segment /home/runner/work/ratis/ratis/ratis-test/target/test/data/d6c3ea1c/MiniRaftClusterWithGrpcf715ded6/s3/5913e5d7-f0d0-40b3-8fb1-6d5932270d9d/current/log_inprogress_0
2025-09-08 20:27:40,590 [s5@group-6D5932270D9D-SegmentedRaftLogWorker] INFO  segmented.BufferedWriteChannel (BufferedWriteChannel.java:open(61)) - open log_inprogress_0 at position 0
2025-09-08 20:27:40,593 [timer6] DEBUG client.GrpcClientProtocolClient (GrpcClientProtocolClient.java:buildChannel(135)) - Setting TLS for localhost:15042
2025-09-08 20:27:40,597 [s4@group-6D5932270D9D->s3-GrpcLogAppender-LogAppenderDaemon] INFO  impl.SimpleStateMachineStorage (SimpleStateMachineStorage.java:loadLatestSnapshot(230)) - Latest snapshot is null in /home/runner/work/ratis/ratis/ratis-test/target/test/data/d6c3ea1c/MiniRaftClusterWithGrpcf715ded6/s4/5913e5d7-f0d0-40b3-8fb1-6d5932270d9d/sm
2025-09-08 20:27:40,597 [s4@group-6D5932270D9D->s5-GrpcLogAppender-LogAppenderDaemon] INFO  impl.SimpleStateMachineStorage (SimpleStateMachineStorage.java:loadLatestSnapshot(230)) - Latest snapshot is null in /home/runner/work/ratis/ratis/ratis-test/target/test/data/d6c3ea1c/MiniRaftClusterWithGrpcf715ded6/s4/5913e5d7-f0d0-40b3-8fb1-6d5932270d9d/sm
2025-09-08 20:27:40,597 [s4@group-6D5932270D9D-StateMachineUpdater] TRACE util.FileUtils (LogUtils.java:supplyAndLog(69)) - Successfully supplied FileChannel.open /home/runner/work/ratis/ratis/ratis-test/target/test/data/d6c3ea1c/MiniRaftClusterWithGrpcf715ded6/s4/5913e5d7-f0d0-40b3-8fb1-6d5932270d9d/current/raft-meta.conf.tmp with options [CREATE, TRUNCATE_EXISTING, WRITE]: sun.nio.ch.FileChannelImpl@4beb796
2025-09-08 20:27:40,598 [s4@group-6D5932270D9D->s3-GrpcLogAppender-LogAppenderDaemon] INFO  impl.SimpleStateMachineStorage (SimpleStateMachineStorage.java:loadLatestSnapshot(230)) - Latest snapshot is null in /home/runner/work/ratis/ratis/ratis-test/target/test/data/d6c3ea1c/MiniRaftClusterWithGrpcf715ded6/s4/5913e5d7-f0d0-40b3-8fb1-6d5932270d9d/sm
2025-09-08 20:27:40,599 [timer6] DEBUG client.GrpcClientProtocolClient (GrpcClientProtocolClient.java:buildChannel(135)) - Setting TLS for localhost:15041
2025-09-08 20:27:40,599 [s5@group-6D5932270D9D-SegmentedRaftLogWorker] INFO  segmented.SegmentedRaftLogWorker (SegmentedRaftLogWorker.java:execute(647)) - s5@group-6D5932270D9D-SegmentedRaftLogWorker: created new log segment /home/runner/work/ratis/ratis/ratis-test/target/test/data/d6c3ea1c/MiniRaftClusterWithGrpcf715ded6/s5/5913e5d7-f0d0-40b3-8fb1-6d5932270d9d/current/log_inprogress_0
2025-09-08 20:27:40,599 [s4@group-6D5932270D9D-StateMachineUpdater] TRACE util.FileUtils (LogUtils.java:runAndLog(49)) - Successfully ran Atomic Files.move /home/runner/work/ratis/ratis/ratis-test/target/test/data/d6c3ea1c/MiniRaftClusterWithGrpcf715ded6/s4/5913e5d7-f0d0-40b3-8fb1-6d5932270d9d/current/raft-meta.conf.tmp to /home/runner/work/ratis/ratis/ratis-test/target/test/data/d6c3ea1c/MiniRaftClusterWithGrpcf715ded6/s4/5913e5d7-f0d0-40b3-8fb1-6d5932270d9d/current/raft-meta.conf with options [REPLACE_EXISTING]
2025-09-08 20:27:40,601 [s4@group-6D5932270D9D-StateMachineUpdater] INFO  server.RaftServer$Division (LeaderStateImpl.java:checkStartIndex(309)) - Leader s4@group-6D5932270D9D-LeaderStateImpl is ready since appliedIndex == startIndex == 0
2025-09-08 20:27:40,606 [s4@group-6D5932270D9D->s5-GrpcLogAppender-LogAppenderDaemon] INFO  impl.SimpleStateMachineStorage (SimpleStateMachineStorage.java:loadLatestSnapshot(230)) - Latest snapshot is null in /home/runner/work/ratis/ratis/ratis-test/target/test/data/d6c3ea1c/MiniRaftClusterWithGrpcf715ded6/s4/5913e5d7-f0d0-40b3-8fb1-6d5932270d9d/sm
2025-09-08 20:27:40,626 [grpc-default-executor-4] TRACE client.GrpcClientProtocolClient (GrpcClientProtocolClient.java:onNext(314)) - client-445369E69E69->s4: receive RaftClientReply:client-445369E69E69->s4@group-6D5932270D9D, cid=39, SUCCESS, logIndex=0, commits[s4:c0, s3:c-1, s5:c-1]
2025-09-08 20:27:40,630 [s4@group-6D5932270D9D->s3-GrpcLogAppender-LogAppenderDaemon] INFO  impl.SimpleStateMachineStorage (SimpleStateMachineStorage.java:loadLatestSnapshot(230)) - Latest snapshot is null in /home/runner/work/ratis/ratis/ratis-test/target/test/data/d6c3ea1c/MiniRaftClusterWithGrpcf715ded6/s4/5913e5d7-f0d0-40b3-8fb1-6d5932270d9d/sm
2025-09-08 20:27:40,630 [s4@group-6D5932270D9D->s5-GrpcLogAppender-LogAppenderDaemon] INFO  impl.SimpleStateMachineStorage (SimpleStateMachineStorage.java:loadLatestSnapshot(230)) - Latest snapshot is null in /home/runner/work/ratis/ratis/ratis-test/target/test/data/d6c3ea1c/MiniRaftClusterWithGrpcf715ded6/s4/5913e5d7-f0d0-40b3-8fb1-6d5932270d9d/sm
2025-09-08 20:27:40,631 [grpc-default-executor-4] INFO  impl.SimpleStateMachineStorage (SimpleStateMachineStorage.java:loadLatestSnapshot(230)) - Latest snapshot is null in /home/runner/work/ratis/ratis/ratis-test/target/test/data/d6c3ea1c/MiniRaftClusterWithGrpcf715ded6/s5/5913e5d7-f0d0-40b3-8fb1-6d5932270d9d/sm
2025-09-08 20:27:40,631 [grpc-default-executor-4] INFO  impl.SimpleStateMachineStorage (SimpleStateMachineStorage.java:loadLatestSnapshot(230)) - Latest snapshot is null in /home/runner/work/ratis/ratis/ratis-test/target/test/data/d6c3ea1c/MiniRaftClusterWithGrpcf715ded6/s5/5913e5d7-f0d0-40b3-8fb1-6d5932270d9d/sm
2025-09-08 20:27:40,631 [grpc-default-executor-4] INFO  impl.SimpleStateMachineStorage (SimpleStateMachineStorage.java:loadLatestSnapshot(230)) - Latest snapshot is null in /home/runner/work/ratis/ratis/ratis-test/target/test/data/d6c3ea1c/MiniRaftClusterWithGrpcf715ded6/s5/5913e5d7-f0d0-40b3-8fb1-6d5932270d9d/sm
2025-09-08 20:27:40,632 [grpc-default-executor-4] INFO  impl.SimpleStateMachineStorage (SimpleStateMachineStorage.java:loadLatestSnapshot(230)) - Latest snapshot is null in /home/runner/work/ratis/ratis/ratis-test/target/test/data/d6c3ea1c/MiniRaftClusterWithGrpcf715ded6/s3/5913e5d7-f0d0-40b3-8fb1-6d5932270d9d/sm
2025-09-08 20:27:40,632 [grpc-default-executor-4] INFO  impl.SimpleStateMachineStorage (SimpleStateMachineStorage.java:loadLatestSnapshot(230)) - Latest snapshot is null in /home/runner/work/ratis/ratis/ratis-test/target/test/data/d6c3ea1c/MiniRaftClusterWithGrpcf715ded6/s3/5913e5d7-f0d0-40b3-8fb1-6d5932270d9d/sm
2025-09-08 20:27:40,632 [grpc-default-executor-4] INFO  impl.SimpleStateMachineStorage (SimpleStateMachineStorage.java:loadLatestSnapshot(230)) - Latest snapshot is null in /home/runner/work/ratis/ratis/ratis-test/target/test/data/d6c3ea1c/MiniRaftClusterWithGrpcf715ded6/s3/5913e5d7-f0d0-40b3-8fb1-6d5932270d9d/sm
2025-09-08 20:27:40,632 [s5@group-6D5932270D9D-StateMachineUpdater] TRACE util.FileUtils (LogUtils.java:supplyAndLog(69)) - Successfully supplied FileChannel.open /home/runner/work/ratis/ratis/ratis-test/target/test/data/d6c3ea1c/MiniRaftClusterWithGrpcf715ded6/s5/5913e5d7-f0d0-40b3-8fb1-6d5932270d9d/current/raft-meta.conf.tmp with options [CREATE, TRUNCATE_EXISTING, WRITE]: sun.nio.ch.FileChannelImpl@778a8efb
2025-09-08 20:27:40,633 [s3@group-6D5932270D9D-StateMachineUpdater] TRACE util.FileUtils (LogUtils.java:supplyAndLog(69)) - Successfully supplied FileChannel.open /home/runner/work/ratis/ratis/ratis-test/target/test/data/d6c3ea1c/MiniRaftClusterWithGrpcf715ded6/s3/5913e5d7-f0d0-40b3-8fb1-6d5932270d9d/current/raft-meta.conf.tmp with options [CREATE, TRUNCATE_EXISTING, WRITE]: sun.nio.ch.FileChannelImpl@1fae9f90
2025-09-08 20:27:40,634 [s4@group-6D5932270D9D->s3-GrpcLogAppender-LogAppenderDaemon] INFO  impl.SimpleStateMachineStorage (SimpleStateMachineStorage.java:loadLatestSnapshot(230)) - Latest snapshot is null in /home/runner/work/ratis/ratis/ratis-test/target/test/data/d6c3ea1c/MiniRaftClusterWithGrpcf715ded6/s4/5913e5d7-f0d0-40b3-8fb1-6d5932270d9d/sm
2025-09-08 20:27:40,634 [s4@group-6D5932270D9D->s5-GrpcLogAppender-LogAppenderDaemon] INFO  impl.SimpleStateMachineStorage (SimpleStateMachineStorage.java:loadLatestSnapshot(230)) - Latest snapshot is null in /home/runner/work/ratis/ratis/ratis-test/target/test/data/d6c3ea1c/MiniRaftClusterWithGrpcf715ded6/s4/5913e5d7-f0d0-40b3-8fb1-6d5932270d9d/sm
2025-09-08 20:27:40,634 [s4@group-6D5932270D9D->s3-GrpcLogAppender-LogAppenderDaemon] INFO  impl.SimpleStateMachineStorage (SimpleStateMachineStorage.java:loadLatestSnapshot(230)) - Latest snapshot is null in /home/runner/work/ratis/ratis/ratis-test/target/test/data/d6c3ea1c/MiniRaftClusterWithGrpcf715ded6/s4/5913e5d7-f0d0-40b3-8fb1-6d5932270d9d/sm
2025-09-08 20:27:40,635 [s3@group-6D5932270D9D-StateMachineUpdater] TRACE util.FileUtils (LogUtils.java:runAndLog(49)) - Successfully ran Atomic Files.move /home/runner/work/ratis/ratis/ratis-test/target/test/data/d6c3ea1c/MiniRaftClusterWithGrpcf715ded6/s3/5913e5d7-f0d0-40b3-8fb1-6d5932270d9d/current/raft-meta.conf.tmp to /home/runner/work/ratis/ratis/ratis-test/target/test/data/d6c3ea1c/MiniRaftClusterWithGrpcf715ded6/s3/5913e5d7-f0d0-40b3-8fb1-6d5932270d9d/current/raft-meta.conf with options [REPLACE_EXISTING]
2025-09-08 20:27:40,634 [s4@group-6D5932270D9D-StateMachineUpdater] INFO  impl.SimpleStateMachine4Testing (SimpleStateMachine4Testing.java:applyTransaction(248)) - applyTransaction for log index 1
2025-09-08 20:27:40,635 [s4@group-6D5932270D9D-StateMachineUpdater] INFO  impl.SimpleStateMachine4Testing (SimpleStateMachine4Testing.java:put(205)) - s4: put 1, testing -> (t:1, i:1), STATEMACHINELOGENTRY, WRITE: logData.size=7, stateMachineData.size=17, logEntryProtoSerializedSize=0
2025-09-08 20:27:40,637 [grpc-default-executor-4] INFO  impl.SimpleStateMachineStorage (SimpleStateMachineStorage.java:loadLatestSnapshot(230)) - Latest snapshot is null in /home/runner/work/ratis/ratis/ratis-test/target/test/data/d6c3ea1c/MiniRaftClusterWithGrpcf715ded6/s5/5913e5d7-f0d0-40b3-8fb1-6d5932270d9d/sm
2025-09-08 20:27:40,637 [grpc-default-executor-4] INFO  impl.SimpleStateMachineStorage (SimpleStateMachineStorage.java:loadLatestSnapshot(230)) - Latest snapshot is null in /home/runner/work/ratis/ratis/ratis-test/target/test/data/d6c3ea1c/MiniRaftClusterWithGrpcf715ded6/s5/5913e5d7-f0d0-40b3-8fb1-6d5932270d9d/sm
2025-09-08 20:27:40,637 [grpc-default-executor-4] INFO  impl.SimpleStateMachineStorage (SimpleStateMachineStorage.java:loadLatestSnapshot(230)) - Latest snapshot is null in /home/runner/work/ratis/ratis/ratis-test/target/test/data/d6c3ea1c/MiniRaftClusterWithGrpcf715ded6/s5/5913e5d7-f0d0-40b3-8fb1-6d5932270d9d/sm
2025-09-08 20:27:40,637 [s5@group-6D5932270D9D-StateMachineUpdater] TRACE util.FileUtils (LogUtils.java:runAndLog(49)) - Successfully ran Atomic Files.move /home/runner/work/ratis/ratis/ratis-test/target/test/data/d6c3ea1c/MiniRaftClusterWithGrpcf715ded6/s5/5913e5d7-f0d0-40b3-8fb1-6d5932270d9d/current/raft-meta.conf.tmp to /home/runner/work/ratis/ratis/ratis-test/target/test/data/d6c3ea1c/MiniRaftClusterWithGrpcf715ded6/s5/5913e5d7-f0d0-40b3-8fb1-6d5932270d9d/current/raft-meta.conf with options [REPLACE_EXISTING]
2025-09-08 20:27:40,637 [grpc-default-executor-8] TRACE client.GrpcClientProtocolClient (GrpcClientProtocolClient.java:onNext(314)) - client-445369E69E69->s4: receive RaftClientReply:client-445369E69E69->s4@group-6D5932270D9D, cid=40, SUCCESS, logIndex=1, commits[s4:c1, s3:c0, s5:c0]
2025-09-08 20:27:40,638 [grpc-default-executor-1] INFO  impl.SimpleStateMachineStorage (SimpleStateMachineStorage.java:loadLatestSnapshot(230)) - Latest snapshot is null in /home/runner/work/ratis/ratis/ratis-test/target/test/data/d6c3ea1c/MiniRaftClusterWithGrpcf715ded6/s3/5913e5d7-f0d0-40b3-8fb1-6d5932270d9d/sm
2025-09-08 20:27:40,639 [s5@group-6D5932270D9D-StateMachineUpdater] INFO  impl.SimpleStateMachine4Testing (SimpleStateMachine4Testing.java:applyTransaction(248)) - applyTransaction for log index 1
2025-09-08 20:27:40,640 [grpc-default-executor-1] INFO  impl.SimpleStateMachineStorage (SimpleStateMachineStorage.java:loadLatestSnapshot(230)) - Latest snapshot is null in /home/runner/work/ratis/ratis/ratis-test/target/test/data/d6c3ea1c/MiniRaftClusterWithGrpcf715ded6/s3/5913e5d7-f0d0-40b3-8fb1-6d5932270d9d/sm
2025-09-08 20:27:40,640 [grpc-default-executor-1] INFO  impl.SimpleStateMachineStorage (SimpleStateMachineStorage.java:loadLatestSnapshot(230)) - Latest snapshot is null in /home/runner/work/ratis/ratis/ratis-test/target/test/data/d6c3ea1c/MiniRaftClusterWithGrpcf715ded6/s3/5913e5d7-f0d0-40b3-8fb1-6d5932270d9d/sm
2025-09-08 20:27:40,639 [s4@group-6D5932270D9D->s5-GrpcLogAppender-LogAppenderDaemon] INFO  impl.SimpleStateMachineStorage (SimpleStateMachineStorage.java:loadLatestSnapshot(230)) - Latest snapshot is null in /home/runner/work/ratis/ratis/ratis-test/target/test/data/d6c3ea1c/MiniRaftClusterWithGrpcf715ded6/s4/5913e5d7-f0d0-40b3-8fb1-6d5932270d9d/sm
2025-09-08 20:27:40,639 [s4@group-6D5932270D9D->s3-GrpcLogAppender-LogAppenderDaemon] INFO  impl.SimpleStateMachineStorage (SimpleStateMachineStorage.java:loadLatestSnapshot(230)) - Latest snapshot is null in /home/runner/work/ratis/ratis/ratis-test/target/test/data/d6c3ea1c/MiniRaftClusterWithGrpcf715ded6/s4/5913e5d7-f0d0-40b3-8fb1-6d5932270d9d/sm
2025-09-08 20:27:40,640 [s5@group-6D5932270D9D-StateMachineUpdater] INFO  impl.SimpleStateMachine4Testing (SimpleStateMachine4Testing.java:put(205)) - s5: put 1, testing -> (t:1, i:1), STATEMACHINELOGENTRY, WRITE: logData.size=7, stateMachineData.size=17, logEntryProtoSerializedSize=0
2025-09-08 20:27:40,642 [s3@group-6D5932270D9D-StateMachineUpdater] INFO  impl.SimpleStateMachine4Testing (SimpleStateMachine4Testing.java:applyTransaction(248)) - applyTransaction for log index 1
2025-09-08 20:27:40,642 [s3@group-6D5932270D9D-StateMachineUpdater] INFO  impl.SimpleStateMachine4Testing (SimpleStateMachine4Testing.java:put(205)) - s3: put 1, testing -> (t:1, i:1), STATEMACHINELOGENTRY, WRITE: logData.size=7, stateMachineData.size=17, logEntryProtoSerializedSize=0
2025-09-08 20:27:40,645 [s4@group-6D5932270D9D->s5-GrpcLogAppender-LogAppenderDaemon] INFO  impl.SimpleStateMachineStorage (SimpleStateMachineStorage.java:loadLatestSnapshot(230)) - Latest snapshot is null in /home/runner/work/ratis/ratis/ratis-test/target/test/data/d6c3ea1c/MiniRaftClusterWithGrpcf715ded6/s4/5913e5d7-f0d0-40b3-8fb1-6d5932270d9d/sm
2025-09-08 20:27:40,646 [main] INFO  impl.SimpleStateMachine4Testing (SimpleStateMachine4Testing.java:block(135)) - block FLUSH_STATE_MACHINE_DATA
2025-09-08 20:27:40,646 [s4@group-6D5932270D9D->s3-GrpcLogAppender-LogAppenderDaemon] INFO  impl.SimpleStateMachineStorage (SimpleStateMachineStorage.java:loadLatestSnapshot(230)) - Latest snapshot is null in /home/runner/work/ratis/ratis/ratis-test/target/test/data/d6c3ea1c/MiniRaftClusterWithGrpcf715ded6/s4/5913e5d7-f0d0-40b3-8fb1-6d5932270d9d/sm
2025-09-08 20:27:40,647 [main] DEBUG client.GrpcClientProtocolClient (GrpcClientProtocolClient.java:buildChannel(135)) - Setting TLS for localhost:15042
2025-09-08 20:27:40,649 [main] DEBUG client.GrpcClientProtocolClient (GrpcClientProtocolClient.java:buildChannel(135)) - Setting TLS for localhost:15041
2025-09-08 20:27:40,651 [main] DEBUG client.GrpcClientProtocolClient (GrpcClientProtocolClient.java:buildChannel(135)) - Setting TLS for localhost:15042
2025-09-08 20:27:40,652 [main] DEBUG client.GrpcClientProtocolClient (GrpcClientProtocolClient.java:buildChannel(135)) - Setting TLS for localhost:15041
2025-09-08 20:27:40,654 [main] DEBUG client.GrpcClientProtocolClient (GrpcClientProtocolClient.java:buildChannel(135)) - Setting TLS for localhost:15042
2025-09-08 20:27:40,655 [main] DEBUG client.GrpcClientProtocolClient (GrpcClientProtocolClient.java:buildChannel(135)) - Setting TLS for localhost:15041
2025-09-08 20:27:40,661 [main] DEBUG client.GrpcClientProtocolClient (GrpcClientProtocolClient.java:buildChannel(135)) - Setting TLS for localhost:15042
2025-09-08 20:27:40,662 [main] DEBUG client.GrpcClientProtocolClient (GrpcClientProtocolClient.java:buildChannel(135)) - Setting TLS for localhost:15041
2025-09-08 20:27:40,667 [main] DEBUG client.GrpcClientProtocolClient (GrpcClientProtocolClient.java:buildChannel(135)) - Setting TLS for localhost:15042
2025-09-08 20:27:40,668 [main] DEBUG client.GrpcClientProtocolClient (GrpcClientProtocolClient.java:buildChannel(135)) - Setting TLS for localhost:15041
2025-09-08 20:27:40,670 [main] DEBUG client.GrpcClientProtocolClient (GrpcClientProtocolClient.java:buildChannel(135)) - Setting TLS for localhost:15042
2025-09-08 20:27:40,673 [main] DEBUG client.GrpcClientProtocolClient (GrpcClientProtocolClient.java:buildChannel(135)) - Setting TLS for localhost:15041
2025-09-08 20:27:40,675 [main] DEBUG client.GrpcClientProtocolClient (GrpcClientProtocolClient.java:buildChannel(135)) - Setting TLS for localhost:15042
2025-09-08 20:27:40,677 [main] DEBUG client.GrpcClientProtocolClient (GrpcClientProtocolClient.java:buildChannel(135)) - Setting TLS for localhost:15041
2025-09-08 20:27:40,682 [main] DEBUG client.GrpcClientProtocolClient (GrpcClientProtocolClient.java:buildChannel(135)) - Setting TLS for localhost:15042
2025-09-08 20:27:40,684 [main] DEBUG client.GrpcClientProtocolClient (GrpcClientProtocolClient.java:buildChannel(135)) - Setting TLS for localhost:15041
2025-09-08 20:27:40,690 [main] DEBUG client.GrpcClientProtocolClient (GrpcClientProtocolClient.java:buildChannel(135)) - Setting TLS for localhost:15042
2025-09-08 20:27:40,691 [main] DEBUG client.GrpcClientProtocolClient (GrpcClientProtocolClient.java:buildChannel(135)) - Setting TLS for localhost:15041
2025-09-08 20:27:40,693 [main] DEBUG client.GrpcClientProtocolClient (GrpcClientProtocolClient.java:buildChannel(135)) - Setting TLS for localhost:15042
2025-09-08 20:27:40,698 [main] DEBUG client.GrpcClientProtocolClient (GrpcClientProtocolClient.java:buildChannel(135)) - Setting TLS for localhost:15041
2025-09-08 20:27:40,701 [main] DEBUG client.GrpcClientProtocolClient (GrpcClientProtocolClient.java:buildChannel(135)) - Setting TLS for localhost:15042
2025-09-08 20:27:40,704 [main] DEBUG client.GrpcClientProtocolClient (GrpcClientProtocolClient.java:buildChannel(135)) - Setting TLS for localhost:15041
2025-09-08 20:27:40,718 [s4@group-6D5932270D9D->s5-GrpcLogAppender-LogAppenderDaemon] INFO  impl.SimpleStateMachineStorage (SimpleStateMachineStorage.java:loadLatestSnapshot(230)) - Latest snapshot is null in /home/runner/work/ratis/ratis/ratis-test/target/test/data/d6c3ea1c/MiniRaftClusterWithGrpcf715ded6/s4/5913e5d7-f0d0-40b3-8fb1-6d5932270d9d/sm
2025-09-08 20:27:40,720 [grpc-default-executor-11] INFO  impl.SimpleStateMachineStorage (SimpleStateMachineStorage.java:loadLatestSnapshot(230)) - Latest snapshot is null in /home/runner/work/ratis/ratis/ratis-test/target/test/data/d6c3ea1c/MiniRaftClusterWithGrpcf715ded6/s5/5913e5d7-f0d0-40b3-8fb1-6d5932270d9d/sm
2025-09-08 20:27:40,720 [s4@group-6D5932270D9D->s3-GrpcLogAppender-LogAppenderDaemon] INFO  impl.SimpleStateMachineStorage (SimpleStateMachineStorage.java:loadLatestSnapshot(230)) - Latest snapshot is null in /home/runner/work/ratis/ratis/ratis-test/target/test/data/d6c3ea1c/MiniRaftClusterWithGrpcf715ded6/s4/5913e5d7-f0d0-40b3-8fb1-6d5932270d9d/sm
2025-09-08 20:27:40,733 [grpc-default-executor-12] TRACE client.GrpcClientProtocolClient (GrpcClientProtocolClient.java:onNext(314)) - client-9EEE2E023649->s4: receive RaftClientReply:client-9EEE2E023649->s4@group-6D5932270D9D, cid=41, SUCCESS, logIndex=2, commits[s4:c2, s3:c1, s5:c1]
2025-09-08 20:27:40,739 [grpc-default-executor-8] INFO  impl.SimpleStateMachineStorage (SimpleStateMachineStorage.java:loadLatestSnapshot(230)) - Latest snapshot is null in /home/runner/work/ratis/ratis/ratis-test/target/test/data/d6c3ea1c/MiniRaftClusterWithGrpcf715ded6/s3/5913e5d7-f0d0-40b3-8fb1-6d5932270d9d/sm
2025-09-08 20:27:40,753 [s4@group-6D5932270D9D->s5-GrpcLogAppender-LogAppenderDaemon] INFO  impl.SimpleStateMachineStorage (SimpleStateMachineStorage.java:loadLatestSnapshot(230)) - Latest snapshot is null in /home/runner/work/ratis/ratis/ratis-test/target/test/data/d6c3ea1c/MiniRaftClusterWithGrpcf715ded6/s4/5913e5d7-f0d0-40b3-8fb1-6d5932270d9d/sm
2025-09-08 20:27:40,754 [s4@group-6D5932270D9D->s3-GrpcLogAppender-LogAppenderDaemon] INFO  impl.SimpleStateMachineStorage (SimpleStateMachineStorage.java:loadLatestSnapshot(230)) - Latest snapshot is null in /home/runner/work/ratis/ratis/ratis-test/target/test/data/d6c3ea1c/MiniRaftClusterWithGrpcf715ded6/s4/5913e5d7-f0d0-40b3-8fb1-6d5932270d9d/sm
2025-09-08 20:27:40,762 [grpc-default-executor-4] INFO  impl.SimpleStateMachineStorage (SimpleStateMachineStorage.java:loadLatestSnapshot(230)) - Latest snapshot is null in /home/runner/work/ratis/ratis/ratis-test/target/test/data/d6c3ea1c/MiniRaftClusterWithGrpcf715ded6/s5/5913e5d7-f0d0-40b3-8fb1-6d5932270d9d/sm
2025-09-08 20:27:40,762 [grpc-default-executor-4] INFO  impl.SimpleStateMachineStorage (SimpleStateMachineStorage.java:loadLatestSnapshot(230)) - Latest snapshot is null in /home/runner/work/ratis/ratis/ratis-test/target/test/data/d6c3ea1c/MiniRaftClusterWithGrpcf715ded6/s5/5913e5d7-f0d0-40b3-8fb1-6d5932270d9d/sm
2025-09-08 20:27:40,762 [grpc-default-executor-4] INFO  impl.SimpleStateMachineStorage (SimpleStateMachineStorage.java:loadLatestSnapshot(230)) - Latest snapshot is null in /home/runner/work/ratis/ratis/ratis-test/target/test/data/d6c3ea1c/MiniRaftClusterWithGrpcf715ded6/s5/5913e5d7-f0d0-40b3-8fb1-6d5932270d9d/sm
2025-09-08 20:27:40,765 [grpc-default-executor-9] INFO  impl.SimpleStateMachineStorage (SimpleStateMachineStorage.java:loadLatestSnapshot(230)) - Latest snapshot is null in /home/runner/work/ratis/ratis/ratis-test/target/test/data/d6c3ea1c/MiniRaftClusterWithGrpcf715ded6/s3/5913e5d7-f0d0-40b3-8fb1-6d5932270d9d/sm
2025-09-08 20:27:40,765 [grpc-default-executor-9] INFO  impl.SimpleStateMachineStorage (SimpleStateMachineStorage.java:loadLatestSnapshot(230)) - Latest snapshot is null in /home/runner/work/ratis/ratis/ratis-test/target/test/data/d6c3ea1c/MiniRaftClusterWithGrpcf715ded6/s3/5913e5d7-f0d0-40b3-8fb1-6d5932270d9d/sm
2025-09-08 20:27:40,766 [grpc-default-executor-9] INFO  impl.SimpleStateMachineStorage (SimpleStateMachineStorage.java:loadLatestSnapshot(230)) - Latest snapshot is null in /home/runner/work/ratis/ratis/ratis-test/target/test/data/d6c3ea1c/MiniRaftClusterWithGrpcf715ded6/s3/5913e5d7-f0d0-40b3-8fb1-6d5932270d9d/sm
2025-09-08 20:27:40,770 [grpc-default-executor-10] TRACE client.GrpcClientProtocolClient (GrpcClientProtocolClient.java:onNext(314)) - client-B626AF627B83->s4: receive RaftClientReply:client-B626AF627B83->s4@group-6D5932270D9D, cid=43, SUCCESS, logIndex=2, commits[s4:c2, s3:c2, s5:c2]
2025-09-08 20:27:40,771 [grpc-default-executor-12] TRACE client.GrpcClientProtocolClient (GrpcClientProtocolClient.java:onNext(314)) - client-8CA6CEAFBD85->s4: receive RaftClientReply:client-8CA6CEAFBD85->s4@group-6D5932270D9D, cid=47, SUCCESS, logIndex=2, commits[s4:c2, s3:c2, s5:c2]
2025-09-08 20:27:40,776 [grpc-default-executor-0] TRACE client.GrpcClientProtocolClient (GrpcClientProtocolClient.java:onNext(314)) - client-4CE28A849A82->s4: receive RaftClientReply:client-4CE28A849A82->s4@group-6D5932270D9D, cid=49, SUCCESS, logIndex=2, commits[s4:c2, s3:c2, s5:c2]
2025-09-08 20:27:40,779 [s4@group-6D5932270D9D->s3-GrpcLogAppender-LogAppenderDaemon] INFO  impl.SimpleStateMachineStorage (SimpleStateMachineStorage.java:loadLatestSnapshot(230)) - Latest snapshot is null in /home/runner/work/ratis/ratis/ratis-test/target/test/data/d6c3ea1c/MiniRaftClusterWithGrpcf715ded6/s4/5913e5d7-f0d0-40b3-8fb1-6d5932270d9d/sm
2025-09-08 20:27:40,780 [s4@group-6D5932270D9D->s5-GrpcLogAppender-LogAppenderDaemon] INFO  impl.SimpleStateMachineStorage (SimpleStateMachineStorage.java:loadLatestSnapshot(230)) - Latest snapshot is null in /home/runner/work/ratis/ratis/ratis-test/target/test/data/d6c3ea1c/MiniRaftClusterWithGrpcf715ded6/s4/5913e5d7-f0d0-40b3-8fb1-6d5932270d9d/sm
2025-09-08 20:27:40,784 [grpc-default-executor-5] TRACE client.GrpcClientProtocolClient (GrpcClientProtocolClient.java:onNext(314)) - client-279A0F7548F7->s4: receive RaftClientReply:client-279A0F7548F7->s4@group-6D5932270D9D, cid=45, SUCCESS, logIndex=2, commits[s4:c2, s3:c2, s5:c2]
2025-09-08 20:27:40,785 [grpc-default-executor-9] INFO  impl.SimpleStateMachineStorage (SimpleStateMachineStorage.java:loadLatestSnapshot(230)) - Latest snapshot is null in /home/runner/work/ratis/ratis/ratis-test/target/test/data/d6c3ea1c/MiniRaftClusterWithGrpcf715ded6/s5/5913e5d7-f0d0-40b3-8fb1-6d5932270d9d/sm
2025-09-08 20:27:40,785 [grpc-default-executor-9] INFO  impl.SimpleStateMachineStorage (SimpleStateMachineStorage.java:loadLatestSnapshot(230)) - Latest snapshot is null in /home/runner/work/ratis/ratis/ratis-test/target/test/data/d6c3ea1c/MiniRaftClusterWithGrpcf715ded6/s5/5913e5d7-f0d0-40b3-8fb1-6d5932270d9d/sm
2025-09-08 20:27:40,785 [grpc-default-executor-2] TRACE client.GrpcClientProtocolClient (GrpcClientProtocolClient.java:onNext(314)) - client-2F78BB4ED1DD->s4: receive RaftClientReply:client-2F78BB4ED1DD->s4@group-6D5932270D9D, cid=55, SUCCESS, logIndex=2, commits[s4:c2, s3:c2, s5:c2]
2025-09-08 20:27:40,785 [grpc-default-executor-4] INFO  impl.SimpleStateMachineStorage (SimpleStateMachineStorage.java:loadLatestSnapshot(230)) - Latest snapshot is null in /home/runner/work/ratis/ratis/ratis-test/target/test/data/d6c3ea1c/MiniRaftClusterWithGrpcf715ded6/s3/5913e5d7-f0d0-40b3-8fb1-6d5932270d9d/sm
2025-09-08 20:27:40,785 [grpc-default-executor-4] INFO  impl.SimpleStateMachineStorage (SimpleStateMachineStorage.java:loadLatestSnapshot(230)) - Latest snapshot is null in /home/runner/work/ratis/ratis/ratis-test/target/test/data/d6c3ea1c/MiniRaftClusterWithGrpcf715ded6/s3/5913e5d7-f0d0-40b3-8fb1-6d5932270d9d/sm
2025-09-08 20:27:40,785 [grpc-default-executor-4] INFO  impl.SimpleStateMachineStorage (SimpleStateMachineStorage.java:loadLatestSnapshot(230)) - Latest snapshot is null in /home/runner/work/ratis/ratis/ratis-test/target/test/data/d6c3ea1c/MiniRaftClusterWithGrpcf715ded6/s3/5913e5d7-f0d0-40b3-8fb1-6d5932270d9d/sm
2025-09-08 20:27:40,785 [grpc-default-executor-9] INFO  impl.SimpleStateMachineStorage (SimpleStateMachineStorage.java:loadLatestSnapshot(230)) - Latest snapshot is null in /home/runner/work/ratis/ratis/ratis-test/target/test/data/d6c3ea1c/MiniRaftClusterWithGrpcf715ded6/s5/5913e5d7-f0d0-40b3-8fb1-6d5932270d9d/sm
2025-09-08 20:27:40,787 [s4@group-6D5932270D9D->s5-GrpcLogAppender-LogAppenderDaemon] INFO  impl.SimpleStateMachineStorage (SimpleStateMachineStorage.java:loadLatestSnapshot(230)) - Latest snapshot is null in /home/runner/work/ratis/ratis/ratis-test/target/test/data/d6c3ea1c/MiniRaftClusterWithGrpcf715ded6/s4/5913e5d7-f0d0-40b3-8fb1-6d5932270d9d/sm
2025-09-08 20:27:40,787 [s4@group-6D5932270D9D->s3-GrpcLogAppender-LogAppenderDaemon] INFO  impl.SimpleStateMachineStorage (SimpleStateMachineStorage.java:loadLatestSnapshot(230)) - Latest snapshot is null in /home/runner/work/ratis/ratis/ratis-test/target/test/data/d6c3ea1c/MiniRaftClusterWithGrpcf715ded6/s4/5913e5d7-f0d0-40b3-8fb1-6d5932270d9d/sm
2025-09-08 20:27:40,788 [s4@group-6D5932270D9D->s5-GrpcLogAppender-LogAppenderDaemon] INFO  impl.SimpleStateMachineStorage (SimpleStateMachineStorage.java:loadLatestSnapshot(230)) - Latest snapshot is null in /home/runner/work/ratis/ratis/ratis-test/target/test/data/d6c3ea1c/MiniRaftClusterWithGrpcf715ded6/s4/5913e5d7-f0d0-40b3-8fb1-6d5932270d9d/sm
2025-09-08 20:27:40,790 [s4@group-6D5932270D9D->s3-GrpcLogAppender-LogAppenderDaemon] INFO  impl.SimpleStateMachineStorage (SimpleStateMachineStorage.java:loadLatestSnapshot(230)) - Latest snapshot is null in /home/runner/work/ratis/ratis/ratis-test/target/test/data/d6c3ea1c/MiniRaftClusterWithGrpcf715ded6/s4/5913e5d7-f0d0-40b3-8fb1-6d5932270d9d/sm
2025-09-08 20:27:40,790 [grpc-default-executor-2] INFO  impl.SimpleStateMachineStorage (SimpleStateMachineStorage.java:loadLatestSnapshot(230)) - Latest snapshot is null in /home/runner/work/ratis/ratis/ratis-test/target/test/data/d6c3ea1c/MiniRaftClusterWithGrpcf715ded6/s3/5913e5d7-f0d0-40b3-8fb1-6d5932270d9d/sm
2025-09-08 20:27:40,790 [grpc-default-executor-2] INFO  impl.SimpleStateMachineStorage (SimpleStateMachineStorage.java:loadLatestSnapshot(230)) - Latest snapshot is null in /home/runner/work/ratis/ratis/ratis-test/target/test/data/d6c3ea1c/MiniRaftClusterWithGrpcf715ded6/s3/5913e5d7-f0d0-40b3-8fb1-6d5932270d9d/sm
2025-09-08 20:27:40,790 [grpc-default-executor-2] INFO  impl.SimpleStateMachineStorage (SimpleStateMachineStorage.java:loadLatestSnapshot(230)) - Latest snapshot is null in /home/runner/work/ratis/ratis/ratis-test/target/test/data/d6c3ea1c/MiniRaftClusterWithGrpcf715ded6/s3/5913e5d7-f0d0-40b3-8fb1-6d5932270d9d/sm
2025-09-08 20:27:40,790 [grpc-default-executor-7] INFO  impl.SimpleStateMachineStorage (SimpleStateMachineStorage.java:loadLatestSnapshot(230)) - Latest snapshot is null in /home/runner/work/ratis/ratis/ratis-test/target/test/data/d6c3ea1c/MiniRaftClusterWithGrpcf715ded6/s5/5913e5d7-f0d0-40b3-8fb1-6d5932270d9d/sm
2025-09-08 20:27:40,791 [grpc-default-executor-7] INFO  impl.SimpleStateMachineStorage (SimpleStateMachineStorage.java:loadLatestSnapshot(230)) - Latest snapshot is null in /home/runner/work/ratis/ratis/ratis-test/target/test/data/d6c3ea1c/MiniRaftClusterWithGrpcf715ded6/s5/5913e5d7-f0d0-40b3-8fb1-6d5932270d9d/sm
2025-09-08 20:27:40,791 [grpc-default-executor-7] INFO  impl.SimpleStateMachineStorage (SimpleStateMachineStorage.java:loadLatestSnapshot(230)) - Latest snapshot is null in /home/runner/work/ratis/ratis/ratis-test/target/test/data/d6c3ea1c/MiniRaftClusterWithGrpcf715ded6/s5/5913e5d7-f0d0-40b3-8fb1-6d5932270d9d/sm
2025-09-08 20:27:40,791 [grpc-default-executor-9] TRACE client.GrpcClientProtocolClient (GrpcClientProtocolClient.java:onNext(314)) - client-C624E8C973D5->s4: receive RaftClientReply:client-C624E8C973D5->s4@group-6D5932270D9D, cid=53, SUCCESS, logIndex=2, commits[s4:c2, s3:c2, s5:c2]
2025-09-08 20:27:40,794 [grpc-default-executor-0] TRACE client.GrpcClientProtocolClient (GrpcClientProtocolClient.java:onNext(314)) - client-E5BD7572A9DC->s4: receive RaftClientReply:client-E5BD7572A9DC->s4@group-6D5932270D9D, cid=51, SUCCESS, logIndex=2, commits[s4:c2, s3:c2, s5:c2]
2025-09-08 20:27:40,794 [grpc-default-executor-2] INFO  impl.SimpleStateMachineStorage (SimpleStateMachineStorage.java:loadLatestSnapshot(230)) - Latest snapshot is null in /home/runner/work/ratis/ratis/ratis-test/target/test/data/d6c3ea1c/MiniRaftClusterWithGrpcf715ded6/s3/5913e5d7-f0d0-40b3-8fb1-6d5932270d9d/sm
2025-09-08 20:27:40,794 [grpc-default-executor-2] INFO  impl.SimpleStateMachineStorage (SimpleStateMachineStorage.java:loadLatestSnapshot(230)) - Latest snapshot is null in /home/runner/work/ratis/ratis/ratis-test/target/test/data/d6c3ea1c/MiniRaftClusterWithGrpcf715ded6/s3/5913e5d7-f0d0-40b3-8fb1-6d5932270d9d/sm
2025-09-08 20:27:40,794 [grpc-default-executor-2] INFO  impl.SimpleStateMachineStorage (SimpleStateMachineStorage.java:loadLatestSnapshot(230)) - Latest snapshot is null in /home/runner/work/ratis/ratis/ratis-test/target/test/data/d6c3ea1c/MiniRaftClusterWithGrpcf715ded6/s3/5913e5d7-f0d0-40b3-8fb1-6d5932270d9d/sm
2025-09-08 20:27:40,797 [s4@group-6D5932270D9D->s5-GrpcLogAppender-LogAppenderDaemon] INFO  impl.SimpleStateMachineStorage (SimpleStateMachineStorage.java:loadLatestSnapshot(230)) - Latest snapshot is null in /home/runner/work/ratis/ratis/ratis-test/target/test/data/d6c3ea1c/MiniRaftClusterWithGrpcf715ded6/s4/5913e5d7-f0d0-40b3-8fb1-6d5932270d9d/sm
2025-09-08 20:27:40,797 [grpc-default-executor-12] INFO  impl.SimpleStateMachineStorage (SimpleStateMachineStorage.java:loadLatestSnapshot(230)) - Latest snapshot is null in /home/runner/work/ratis/ratis/ratis-test/target/test/data/d6c3ea1c/MiniRaftClusterWithGrpcf715ded6/s5/5913e5d7-f0d0-40b3-8fb1-6d5932270d9d/sm
2025-09-08 20:27:40,799 [grpc-default-executor-12] INFO  impl.SimpleStateMachineStorage (SimpleStateMachineStorage.java:loadLatestSnapshot(230)) - Latest snapshot is null in /home/runner/work/ratis/ratis/ratis-test/target/test/data/d6c3ea1c/MiniRaftClusterWithGrpcf715ded6/s5/5913e5d7-f0d0-40b3-8fb1-6d5932270d9d/sm
2025-09-08 20:27:40,799 [grpc-default-executor-12] INFO  impl.SimpleStateMachineStorage (SimpleStateMachineStorage.java:loadLatestSnapshot(230)) - Latest snapshot is null in /home/runner/work/ratis/ratis/ratis-test/target/test/data/d6c3ea1c/MiniRaftClusterWithGrpcf715ded6/s5/5913e5d7-f0d0-40b3-8fb1-6d5932270d9d/sm
2025-09-08 20:27:40,799 [s4@group-6D5932270D9D->s5-GrpcLogAppender-LogAppenderDaemon] INFO  impl.SimpleStateMachineStorage (SimpleStateMachineStorage.java:loadLatestSnapshot(230)) - Latest snapshot is null in /home/runner/work/ratis/ratis/ratis-test/target/test/data/d6c3ea1c/MiniRaftClusterWithGrpcf715ded6/s4/5913e5d7-f0d0-40b3-8fb1-6d5932270d9d/sm
2025-09-08 20:27:40,800 [s4@group-6D5932270D9D->s3-GrpcLogAppender-LogAppenderDaemon] INFO  impl.SimpleStateMachineStorage (SimpleStateMachineStorage.java:loadLatestSnapshot(230)) - Latest snapshot is null in /home/runner/work/ratis/ratis/ratis-test/target/test/data/d6c3ea1c/MiniRaftClusterWithGrpcf715ded6/s4/5913e5d7-f0d0-40b3-8fb1-6d5932270d9d/sm
2025-09-08 20:27:40,800 [grpc-default-executor-0] TRACE client.GrpcClientProtocolClient (GrpcClientProtocolClient.java:onNext(314)) - client-69E92E9FFE76->s4: receive RaftClientReply:client-69E92E9FFE76->s4@group-6D5932270D9D, cid=57, SUCCESS, logIndex=2, commits[s4:c2, s3:c2, s5:c2]
2025-09-08 20:27:40,801 [grpc-default-executor-7] INFO  impl.SimpleStateMachineStorage (SimpleStateMachineStorage.java:loadLatestSnapshot(230)) - Latest snapshot is null in /home/runner/work/ratis/ratis/ratis-test/target/test/data/d6c3ea1c/MiniRaftClusterWithGrpcf715ded6/s3/5913e5d7-f0d0-40b3-8fb1-6d5932270d9d/sm
2025-09-08 20:27:40,801 [grpc-default-executor-12] TRACE client.GrpcClientProtocolClient (GrpcClientProtocolClient.java:onNext(314)) - client-9D1CA24FB277->s4: receive RaftClientReply:client-9D1CA24FB277->s4@group-6D5932270D9D, cid=61, SUCCESS, logIndex=2, commits[s4:c2, s3:c2, s5:c2]
2025-09-08 20:27:40,802 [grpc-default-executor-5] INFO  impl.SimpleStateMachineStorage (SimpleStateMachineStorage.java:loadLatestSnapshot(230)) - Latest snapshot is null in /home/runner/work/ratis/ratis/ratis-test/target/test/data/d6c3ea1c/MiniRaftClusterWithGrpcf715ded6/s5/5913e5d7-f0d0-40b3-8fb1-6d5932270d9d/sm
2025-09-08 20:27:40,801 [grpc-default-executor-7] INFO  impl.SimpleStateMachineStorage (SimpleStateMachineStorage.java:loadLatestSnapshot(230)) - Latest snapshot is null in /home/runner/work/ratis/ratis/ratis-test/target/test/data/d6c3ea1c/MiniRaftClusterWithGrpcf715ded6/s3/5913e5d7-f0d0-40b3-8fb1-6d5932270d9d/sm
2025-09-08 20:27:40,803 [grpc-default-executor-7] INFO  impl.SimpleStateMachineStorage (SimpleStateMachineStorage.java:loadLatestSnapshot(230)) - Latest snapshot is null in /home/runner/work/ratis/ratis/ratis-test/target/test/data/d6c3ea1c/MiniRaftClusterWithGrpcf715ded6/s3/5913e5d7-f0d0-40b3-8fb1-6d5932270d9d/sm
2025-09-08 20:27:40,801 [grpc-default-executor-9] TRACE client.GrpcClientProtocolClient (GrpcClientProtocolClient.java:onNext(314)) - client-7FEFD9D3ED21->s4: receive RaftClientReply:client-7FEFD9D3ED21->s4@group-6D5932270D9D, cid=59, SUCCESS, logIndex=2, commits[s4:c2, s3:c2, s5:c2]
2025-09-08 20:27:40,803 [grpc-default-executor-5] INFO  impl.SimpleStateMachineStorage (SimpleStateMachineStorage.java:loadLatestSnapshot(230)) - Latest snapshot is null in /home/runner/work/ratis/ratis/ratis-test/target/test/data/d6c3ea1c/MiniRaftClusterWithGrpcf715ded6/s5/5913e5d7-f0d0-40b3-8fb1-6d5932270d9d/sm
2025-09-08 20:27:40,804 [grpc-default-executor-5] INFO  impl.SimpleStateMachineStorage (SimpleStateMachineStorage.java:loadLatestSnapshot(230)) - Latest snapshot is null in /home/runner/work/ratis/ratis/ratis-test/target/test/data/d6c3ea1c/MiniRaftClusterWithGrpcf715ded6/s5/5913e5d7-f0d0-40b3-8fb1-6d5932270d9d/sm
2025-09-08 20:27:40,804 [s4@group-6D5932270D9D->s5-GrpcLogAppender-LogAppenderDaemon] INFO  impl.SimpleStateMachineStorage (SimpleStateMachineStorage.java:loadLatestSnapshot(230)) - Latest snapshot is null in /home/runner/work/ratis/ratis/ratis-test/target/test/data/d6c3ea1c/MiniRaftClusterWithGrpcf715ded6/s4/5913e5d7-f0d0-40b3-8fb1-6d5932270d9d/sm
2025-09-08 20:27:40,805 [grpc-default-executor-5] INFO  impl.SimpleStateMachineStorage (SimpleStateMachineStorage.java:loadLatestSnapshot(230)) - Latest snapshot is null in /home/runner/work/ratis/ratis/ratis-test/target/test/data/d6c3ea1c/MiniRaftClusterWithGrpcf715ded6/s5/5913e5d7-f0d0-40b3-8fb1-6d5932270d9d/sm
2025-09-08 20:27:40,805 [grpc-default-executor-5] INFO  impl.SimpleStateMachineStorage (SimpleStateMachineStorage.java:loadLatestSnapshot(230)) - Latest snapshot is null in /home/runner/work/ratis/ratis/ratis-test/target/test/data/d6c3ea1c/MiniRaftClusterWithGrpcf715ded6/s5/5913e5d7-f0d0-40b3-8fb1-6d5932270d9d/sm
2025-09-08 20:27:40,803 [s4@group-6D5932270D9D->s3-GrpcLogAppender-LogAppenderDaemon] INFO  impl.SimpleStateMachineStorage (SimpleStateMachineStorage.java:loadLatestSnapshot(230)) - Latest snapshot is null in /home/runner/work/ratis/ratis/ratis-test/target/test/data/d6c3ea1c/MiniRaftClusterWithGrpcf715ded6/s4/5913e5d7-f0d0-40b3-8fb1-6d5932270d9d/sm
2025-09-08 20:27:40,806 [s4@group-6D5932270D9D->s5-GrpcLogAppender-LogAppenderDaemon] INFO  impl.SimpleStateMachineStorage (SimpleStateMachineStorage.java:loadLatestSnapshot(230)) - Latest snapshot is null in /home/runner/work/ratis/ratis/ratis-test/target/test/data/d6c3ea1c/MiniRaftClusterWithGrpcf715ded6/s4/5913e5d7-f0d0-40b3-8fb1-6d5932270d9d/sm
2025-09-08 20:27:40,807 [s4@group-6D5932270D9D->s3-GrpcLogAppender-LogAppenderDaemon] INFO  impl.SimpleStateMachineStorage (SimpleStateMachineStorage.java:loadLatestSnapshot(230)) - Latest snapshot is null in /home/runner/work/ratis/ratis/ratis-test/target/test/data/d6c3ea1c/MiniRaftClusterWithGrpcf715ded6/s4/5913e5d7-f0d0-40b3-8fb1-6d5932270d9d/sm
2025-09-08 20:27:40,807 [grpc-default-executor-9] INFO  impl.SimpleStateMachineStorage (SimpleStateMachineStorage.java:loadLatestSnapshot(230)) - Latest snapshot is null in /home/runner/work/ratis/ratis/ratis-test/target/test/data/d6c3ea1c/MiniRaftClusterWithGrpcf715ded6/s3/5913e5d7-f0d0-40b3-8fb1-6d5932270d9d/sm
2025-09-08 20:27:40,807 [grpc-default-executor-9] INFO  impl.SimpleStateMachineStorage (SimpleStateMachineStorage.java:loadLatestSnapshot(230)) - Latest snapshot is null in /home/runner/work/ratis/ratis/ratis-test/target/test/data/d6c3ea1c/MiniRaftClusterWithGrpcf715ded6/s3/5913e5d7-f0d0-40b3-8fb1-6d5932270d9d/sm
2025-09-08 20:27:40,808 [grpc-default-executor-9] INFO  impl.SimpleStateMachineStorage (SimpleStateMachineStorage.java:loadLatestSnapshot(230)) - Latest snapshot is null in /home/runner/work/ratis/ratis/ratis-test/target/test/data/d6c3ea1c/MiniRaftClusterWithGrpcf715ded6/s3/5913e5d7-f0d0-40b3-8fb1-6d5932270d9d/sm
2025-09-08 20:27:40,809 [grpc-default-executor-12] INFO  impl.SimpleStateMachineStorage (SimpleStateMachineStorage.java:loadLatestSnapshot(230)) - Latest snapshot is null in /home/runner/work/ratis/ratis/ratis-test/target/test/data/d6c3ea1c/MiniRaftClusterWithGrpcf715ded6/s3/5913e5d7-f0d0-40b3-8fb1-6d5932270d9d/sm
2025-09-08 20:27:40,809 [grpc-default-executor-12] INFO  impl.SimpleStateMachineStorage (SimpleStateMachineStorage.java:loadLatestSnapshot(230)) - Latest snapshot is null in /home/runner/work/ratis/ratis/ratis-test/target/test/data/d6c3ea1c/MiniRaftClusterWithGrpcf715ded6/s3/5913e5d7-f0d0-40b3-8fb1-6d5932270d9d/sm
2025-09-08 20:27:40,813 [grpc-default-executor-5] INFO  impl.SimpleStateMachineStorage (SimpleStateMachineStorage.java:loadLatestSnapshot(230)) - Latest snapshot is null in /home/runner/work/ratis/ratis/ratis-test/target/test/data/d6c3ea1c/MiniRaftClusterWithGrpcf715ded6/s5/5913e5d7-f0d0-40b3-8fb1-6d5932270d9d/sm
2025-09-08 20:27:40,813 [grpc-default-executor-5] INFO  impl.SimpleStateMachineStorage (SimpleStateMachineStorage.java:loadLatestSnapshot(230)) - Latest snapshot is null in /home/runner/work/ratis/ratis/ratis-test/target/test/data/d6c3ea1c/MiniRaftClusterWithGrpcf715ded6/s5/5913e5d7-f0d0-40b3-8fb1-6d5932270d9d/sm
2025-09-08 20:27:40,813 [grpc-default-executor-5] INFO  impl.SimpleStateMachineStorage (SimpleStateMachineStorage.java:loadLatestSnapshot(230)) - Latest snapshot is null in /home/runner/work/ratis/ratis/ratis-test/target/test/data/d6c3ea1c/MiniRaftClusterWithGrpcf715ded6/s5/5913e5d7-f0d0-40b3-8fb1-6d5932270d9d/sm
2025-09-08 20:27:40,813 [s4@group-6D5932270D9D->s3-GrpcLogAppender-LogAppenderDaemon] INFO  impl.SimpleStateMachineStorage (SimpleStateMachineStorage.java:loadLatestSnapshot(230)) - Latest snapshot is null in /home/runner/work/ratis/ratis/ratis-test/target/test/data/d6c3ea1c/MiniRaftClusterWithGrpcf715ded6/s4/5913e5d7-f0d0-40b3-8fb1-6d5932270d9d/sm
2025-09-08 20:27:40,813 [s4@group-6D5932270D9D->s5-GrpcLogAppender-LogAppenderDaemon] INFO  impl.SimpleStateMachineStorage (SimpleStateMachineStorage.java:loadLatestSnapshot(230)) - Latest snapshot is null in /home/runner/work/ratis/ratis/ratis-test/target/test/data/d6c3ea1c/MiniRaftClusterWithGrpcf715ded6/s4/5913e5d7-f0d0-40b3-8fb1-6d5932270d9d/sm
2025-09-08 20:27:40,815 [grpc-default-executor-12] ERROR impl.OrderedAsync (OrderedAsync.java:lambda$null$6(215)) -  client-69E92E9FFE76: Failed* RaftClientRequest:client-69E92E9FFE76->s4@group-6D5932270D9D, cid=58, seq=2, RW, message 7
java.util.concurrent.CompletionException: org.apache.ratis.protocol.exceptions.ResourceUnavailableException: s4@group-6D5932270D9D: Failed to acquire a pending write request for RaftClientRequest:client-69E92E9FFE76->s4@group-6D5932270D9D, cid=58, seq=2, RW, Message:6d6573736167652037
	at java.util.concurrent.CompletableFuture.encodeThrowable(CompletableFuture.java:292)
	at java.util.concurrent.CompletableFuture.completeThrowable(CompletableFuture.java:308)
	at java.util.concurrent.CompletableFuture.uniAccept(CompletableFuture.java:661)
	at java.util.concurrent.CompletableFuture$UniAccept.tryFire(CompletableFuture.java:646)
	at java.util.concurrent.CompletableFuture.postComplete(CompletableFuture.java:488)
	at java.util.concurrent.CompletableFuture.completeExceptionally(CompletableFuture.java:1990)
	at org.apache.ratis.grpc.client.GrpcClientProtocolClient$AsyncStreamObservers.completeReplyExceptionally(GrpcClientProtocolClient.java:397)
	at org.apache.ratis.grpc.client.GrpcClientProtocolClient$AsyncStreamObservers.access$000(GrpcClientProtocolClient.java:303)
	at org.apache.ratis.grpc.client.GrpcClientProtocolClient$AsyncStreamObservers$1.onError(GrpcClientProtocolClient.java:334)
	at org.apache.ratis.thirdparty.io.grpc.stub.ClientCalls$StreamObserverToCallListenerAdapter.onClose(ClientCalls.java:564)
	at org.apache.ratis.thirdparty.io.grpc.PartialForwardingClientCallListener.onClose(PartialForwardingClientCallListener.java:39)
	at org.apache.ratis.thirdparty.io.grpc.ForwardingClientCallListener.onClose(ForwardingClientCallListener.java:23)
	at org.apache.ratis.grpc.metrics.intercept.client.MetricClientCallListener.onClose(MetricClientCallListener.java:47)
	at org.apache.ratis.thirdparty.io.grpc.internal.DelayedClientCall$DelayedListener$3.run(DelayedClientCall.java:489)
	at org.apache.ratis.thirdparty.io.grpc.internal.DelayedClientCall$DelayedListener.delayOrExecute(DelayedClientCall.java:453)
	at org.apache.ratis.thirdparty.io.grpc.internal.DelayedClientCall$DelayedListener.onClose(DelayedClientCall.java:486)
	at org.apache.ratis.thirdparty.io.grpc.internal.ClientCallImpl.closeObserver(ClientCallImpl.java:565)
	at org.apache.ratis.thirdparty.io.grpc.internal.ClientCallImpl.access$100(ClientCallImpl.java:72)
	at org.apache.ratis.thirdparty.io.grpc.internal.ClientCallImpl$ClientStreamListenerImpl$1StreamClosed.runInternal(ClientCallImpl.java:733)
	at org.apache.ratis.thirdparty.io.grpc.internal.ClientCallImpl$ClientStreamListenerImpl$1StreamClosed.runInContext(ClientCallImpl.java:714)
	at org.apache.ratis.thirdparty.io.grpc.internal.ContextRunnable.run(ContextRunnable.java:37)
	at org.apache.ratis.thirdparty.io.grpc.internal.SerializingExecutor.run(SerializingExecutor.java:133)
	at java.util.concurrent.ThreadPoolExecutor.runWorker(ThreadPoolExecutor.java:1149)
	at java.util.concurrent.ThreadPoolExecutor$Worker.run(ThreadPoolExecutor.java:624)
	at java.lang.Thread.run(Thread.java:750)
Caused by: org.apache.ratis.protocol.exceptions.ResourceUnavailableException: s4@group-6D5932270D9D: Failed to acquire a pending write request for RaftClientRequest:client-69E92E9FFE76->s4@group-6D5932270D9D, cid=58, seq=2, RW, Message:6d6573736167652037
	at org.apache.ratis.server.impl.RaftServerImpl.getResourceUnavailableReply(RaftServerImpl.java:813)
	at org.apache.ratis.server.impl.RaftServerImpl.appendTransaction(RaftServerImpl.java:833)
	at org.apache.ratis.server.impl.RaftServerImpl.writeAsyncImpl(RaftServerImpl.java:1008)
	at org.apache.ratis.server.impl.RaftServerImpl.writeAsync(RaftServerImpl.java:972)
	at org.apache.ratis.server.impl.RaftServerImpl.replyFuture(RaftServerImpl.java:965)
	at org.apache.ratis.server.impl.RaftServerImpl.submitClientRequestAsync(RaftServerImpl.java:942)
	at org.apache.ratis.server.impl.RaftServerImpl.lambda$null$11(RaftServerImpl.java:931)
	at org.apache.ratis.util.JavaUtils.callAsUnchecked(JavaUtils.java:118)
	at org.apache.ratis.server.impl.RaftServerImpl.lambda$executeSubmitClientRequestAsync$12(RaftServerImpl.java:931)
	at java.util.concurrent.CompletableFuture$AsyncSupply.run(CompletableFuture.java:1604)
	... 3 more
2025-09-08 20:27:40,817 [grpc-default-executor-0] INFO  impl.SimpleStateMachineStorage (SimpleStateMachineStorage.java:loadLatestSnapshot(230)) - Latest snapshot is null in /home/runner/work/ratis/ratis/ratis-test/target/test/data/d6c3ea1c/MiniRaftClusterWithGrpcf715ded6/s3/5913e5d7-f0d0-40b3-8fb1-6d5932270d9d/sm
2025-09-08 20:27:40,817 [grpc-default-executor-0] INFO  impl.SimpleStateMachineStorage (SimpleStateMachineStorage.java:loadLatestSnapshot(230)) - Latest snapshot is null in /home/runner/work/ratis/ratis/ratis-test/target/test/data/d6c3ea1c/MiniRaftClusterWithGrpcf715ded6/s3/5913e5d7-f0d0-40b3-8fb1-6d5932270d9d/sm
2025-09-08 20:27:40,817 [grpc-default-executor-0] INFO  impl.SimpleStateMachineStorage (SimpleStateMachineStorage.java:loadLatestSnapshot(230)) - Latest snapshot is null in /home/runner/work/ratis/ratis/ratis-test/target/test/data/d6c3ea1c/MiniRaftClusterWithGrpcf715ded6/s3/5913e5d7-f0d0-40b3-8fb1-6d5932270d9d/sm
2025-09-08 20:27:40,818 [grpc-default-executor-0] INFO  impl.SimpleStateMachineStorage (SimpleStateMachineStorage.java:loadLatestSnapshot(230)) - Latest snapshot is null in /home/runner/work/ratis/ratis/ratis-test/target/test/data/d6c3ea1c/MiniRaftClusterWithGrpcf715ded6/s5/5913e5d7-f0d0-40b3-8fb1-6d5932270d9d/sm
2025-09-08 20:27:40,818 [grpc-default-executor-0] INFO  impl.SimpleStateMachineStorage (SimpleStateMachineStorage.java:loadLatestSnapshot(230)) - Latest snapshot is null in /home/runner/work/ratis/ratis/ratis-test/target/test/data/d6c3ea1c/MiniRaftClusterWithGrpcf715ded6/s5/5913e5d7-f0d0-40b3-8fb1-6d5932270d9d/sm
2025-09-08 20:27:40,818 [grpc-default-executor-12] ERROR impl.OrderedAsync (OrderedAsync.java:lambda$send$4(181)) - Failed to send request, message=message 7
java.util.concurrent.CompletionException: org.apache.ratis.protocol.exceptions.ResourceUnavailableException: s4@group-6D5932270D9D: Failed to acquire a pending write request for RaftClientRequest:client-69E92E9FFE76->s4@group-6D5932270D9D, cid=58, seq=2, RW, Message:6d6573736167652037
	at java.util.concurrent.CompletableFuture.encodeThrowable(CompletableFuture.java:292)
	at java.util.concurrent.CompletableFuture.completeThrowable(CompletableFuture.java:308)
	at java.util.concurrent.CompletableFuture.uniApply(CompletableFuture.java:607)
	at java.util.concurrent.CompletableFuture$UniApply.tryFire(CompletableFuture.java:591)
	at java.util.concurrent.CompletableFuture.postComplete(CompletableFuture.java:488)
	at java.util.concurrent.CompletableFuture.completeExceptionally(CompletableFuture.java:1990)
	at org.apache.ratis.client.impl.OrderedAsync$PendingOrderedRequest.fail(OrderedAsync.java:111)
	at org.apache.ratis.util.SlidingWindow$Client.fail(SlidingWindow.java:395)
	at org.apache.ratis.client.impl.OrderedAsync.failAllAsyncRequests(OrderedAsync.java:155)
	at org.apache.ratis.client.impl.OrderedAsync.handleException(OrderedAsync.java:239)
	at org.apache.ratis.client.impl.OrderedAsync.lambda$sendRequestWithRetry$7(OrderedAsync.java:217)
	at java.util.concurrent.CompletableFuture.uniExceptionally(CompletableFuture.java:884)
	at java.util.concurrent.CompletableFuture$UniExceptionally.tryFire(CompletableFuture.java:866)
	at java.util.concurrent.CompletableFuture.postComplete(CompletableFuture.java:488)
	at java.util.concurrent.CompletableFuture.completeExceptionally(CompletableFuture.java:1990)
	at org.apache.ratis.grpc.client.GrpcClientProtocolClient$AsyncStreamObservers.completeReplyExceptionally(GrpcClientProtocolClient.java:397)
	at org.apache.ratis.grpc.client.GrpcClientProtocolClient$AsyncStreamObservers.access$000(GrpcClientProtocolClient.java:303)
	at org.apache.ratis.grpc.client.GrpcClientProtocolClient$AsyncStreamObservers$1.onError(GrpcClientProtocolClient.java:334)
	at org.apache.ratis.thirdparty.io.grpc.stub.ClientCalls$StreamObserverToCallListenerAdapter.onClose(ClientCalls.java:564)
	at org.apache.ratis.thirdparty.io.grpc.PartialForwardingClientCallListener.onClose(PartialForwardingClientCallListener.java:39)
	at org.apache.ratis.thirdparty.io.grpc.ForwardingClientCallListener.onClose(ForwardingClientCallListener.java:23)
	at org.apache.ratis.grpc.metrics.intercept.client.MetricClientCallListener.onClose(MetricClientCallListener.java:47)
	at org.apache.ratis.thirdparty.io.grpc.internal.DelayedClientCall$DelayedListener$3.run(DelayedClientCall.java:489)
	at org.apache.ratis.thirdparty.io.grpc.internal.DelayedClientCall$DelayedListener.delayOrExecute(DelayedClientCall.java:453)
	at org.apache.ratis.thirdparty.io.grpc.internal.DelayedClientCall$DelayedListener.onClose(DelayedClientCall.java:486)
	at org.apache.ratis.thirdparty.io.grpc.internal.ClientCallImpl.closeObserver(ClientCallImpl.java:565)
	at org.apache.ratis.thirdparty.io.grpc.internal.ClientCallImpl.access$100(ClientCallImpl.java:72)
	at org.apache.ratis.thirdparty.io.grpc.internal.ClientCallImpl$ClientStreamListenerImpl$1StreamClosed.runInternal(ClientCallImpl.java:733)
	at org.apache.ratis.thirdparty.io.grpc.internal.ClientCallImpl$ClientStreamListenerImpl$1StreamClosed.runInContext(ClientCallImpl.java:714)
	at org.apache.ratis.thirdparty.io.grpc.internal.ContextRunnable.run(ContextRunnable.java:37)
	at org.apache.ratis.thirdparty.io.grpc.internal.SerializingExecutor.run(SerializingExecutor.java:133)
	at java.util.concurrent.ThreadPoolExecutor.runWorker(ThreadPoolExecutor.java:1149)
	at java.util.concurrent.ThreadPoolExecutor$Worker.run(ThreadPoolExecutor.java:624)
	at java.lang.Thread.run(Thread.java:750)
Caused by: org.apache.ratis.protocol.exceptions.ResourceUnavailableException: s4@group-6D5932270D9D: Failed to acquire a pending write request for RaftClientRequest:client-69E92E9FFE76->s4@group-6D5932270D9D, cid=58, seq=2, RW, Message:6d6573736167652037
	at org.apache.ratis.server.impl.RaftServerImpl.getResourceUnavailableReply(RaftServerImpl.java:813)
	at org.apache.ratis.server.impl.RaftServerImpl.appendTransaction(RaftServerImpl.java:833)
	at org.apache.ratis.server.impl.RaftServerImpl.writeAsyncImpl(RaftServerImpl.java:1008)
	at org.apache.ratis.server.impl.RaftServerImpl.writeAsync(RaftServerImpl.java:972)
	at org.apache.ratis.server.impl.RaftServerImpl.replyFuture(RaftServerImpl.java:965)
	at org.apache.ratis.server.impl.RaftServerImpl.submitClientRequestAsync(RaftServerImpl.java:942)
	at org.apache.ratis.server.impl.RaftServerImpl.lambda$null$11(RaftServerImpl.java:931)
	at org.apache.ratis.util.JavaUtils.callAsUnchecked(JavaUtils.java:118)
	at org.apache.ratis.server.impl.RaftServerImpl.lambda$executeSubmitClientRequestAsync$12(RaftServerImpl.java:931)
	at java.util.concurrent.CompletableFuture$AsyncSupply.run(CompletableFuture.java:1604)
	... 3 more
2025-09-08 20:27:40,819 [grpc-default-executor-0] INFO  impl.SimpleStateMachineStorage (SimpleStateMachineStorage.java:loadLatestSnapshot(230)) - Latest snapshot is null in /home/runner/work/ratis/ratis/ratis-test/target/test/data/d6c3ea1c/MiniRaftClusterWithGrpcf715ded6/s5/5913e5d7-f0d0-40b3-8fb1-6d5932270d9d/sm
2025-09-08 20:27:40,821 [grpc-default-executor-0] INFO  impl.SimpleStateMachineStorage (SimpleStateMachineStorage.java:loadLatestSnapshot(230)) - Latest snapshot is null in /home/runner/work/ratis/ratis/ratis-test/target/test/data/d6c3ea1c/MiniRaftClusterWithGrpcf715ded6/s5/5913e5d7-f0d0-40b3-8fb1-6d5932270d9d/sm
2025-09-08 20:27:40,821 [grpc-default-executor-0] INFO  impl.SimpleStateMachineStorage (SimpleStateMachineStorage.java:loadLatestSnapshot(230)) - Latest snapshot is null in /home/runner/work/ratis/ratis/ratis-test/target/test/data/d6c3ea1c/MiniRaftClusterWithGrpcf715ded6/s5/5913e5d7-f0d0-40b3-8fb1-6d5932270d9d/sm
2025-09-08 20:27:40,897 [s4@group-6D5932270D9D->s3-GrpcLogAppender-LogAppenderDaemon] INFO  impl.SimpleStateMachineStorage (SimpleStateMachineStorage.java:loadLatestSnapshot(230)) - Latest snapshot is null in /home/runner/work/ratis/ratis/ratis-test/target/test/data/d6c3ea1c/MiniRaftClusterWithGrpcf715ded6/s4/5913e5d7-f0d0-40b3-8fb1-6d5932270d9d/sm
2025-09-08 20:27:40,898 [grpc-default-executor-0] INFO  impl.SimpleStateMachineStorage (SimpleStateMachineStorage.java:loadLatestSnapshot(230)) - Latest snapshot is null in /home/runner/work/ratis/ratis/ratis-test/target/test/data/d6c3ea1c/MiniRaftClusterWithGrpcf715ded6/s3/5913e5d7-f0d0-40b3-8fb1-6d5932270d9d/sm
2025-09-08 20:27:40,898 [s4@group-6D5932270D9D->s5-GrpcLogAppender-LogAppenderDaemon] INFO  impl.SimpleStateMachineStorage (SimpleStateMachineStorage.java:loadLatestSnapshot(230)) - Latest snapshot is null in /home/runner/work/ratis/ratis/ratis-test/target/test/data/d6c3ea1c/MiniRaftClusterWithGrpcf715ded6/s4/5913e5d7-f0d0-40b3-8fb1-6d5932270d9d/sm
2025-09-08 20:27:40,899 [grpc-default-executor-12] INFO  impl.SimpleStateMachineStorage (SimpleStateMachineStorage.java:loadLatestSnapshot(230)) - Latest snapshot is null in /home/runner/work/ratis/ratis/ratis-test/target/test/data/d6c3ea1c/MiniRaftClusterWithGrpcf715ded6/s5/5913e5d7-f0d0-40b3-8fb1-6d5932270d9d/sm
2025-09-08 20:27:40,975 [s4@group-6D5932270D9D->s3-GrpcLogAppender-LogAppenderDaemon] INFO  impl.SimpleStateMachineStorage (SimpleStateMachineStorage.java:loadLatestSnapshot(230)) - Latest snapshot is null in /home/runner/work/ratis/ratis/ratis-test/target/test/data/d6c3ea1c/MiniRaftClusterWithGrpcf715ded6/s4/5913e5d7-f0d0-40b3-8fb1-6d5932270d9d/sm
2025-09-08 20:27:40,975 [s4@group-6D5932270D9D->s5-GrpcLogAppender-LogAppenderDaemon] INFO  impl.SimpleStateMachineStorage (SimpleStateMachineStorage.java:loadLatestSnapshot(230)) - Latest snapshot is null in /home/runner/work/ratis/ratis/ratis-test/target/test/data/d6c3ea1c/MiniRaftClusterWithGrpcf715ded6/s4/5913e5d7-f0d0-40b3-8fb1-6d5932270d9d/sm
2025-09-08 20:27:40,976 [grpc-default-executor-0] INFO  impl.SimpleStateMachineStorage (SimpleStateMachineStorage.java:loadLatestSnapshot(230)) - Latest snapshot is null in /home/runner/work/ratis/ratis/ratis-test/target/test/data/d6c3ea1c/MiniRaftClusterWithGrpcf715ded6/s5/5913e5d7-f0d0-40b3-8fb1-6d5932270d9d/sm
2025-09-08 20:27:40,976 [grpc-default-executor-12] INFO  impl.SimpleStateMachineStorage (SimpleStateMachineStorage.java:loadLatestSnapshot(230)) - Latest snapshot is null in /home/runner/work/ratis/ratis/ratis-test/target/test/data/d6c3ea1c/MiniRaftClusterWithGrpcf715ded6/s3/5913e5d7-f0d0-40b3-8fb1-6d5932270d9d/sm
2025-09-08 20:27:41,052 [s4@group-6D5932270D9D->s5-GrpcLogAppender-LogAppenderDaemon] INFO  impl.SimpleStateMachineStorage (SimpleStateMachineStorage.java:loadLatestSnapshot(230)) - Latest snapshot is null in /home/runner/work/ratis/ratis/ratis-test/target/test/data/d6c3ea1c/MiniRaftClusterWithGrpcf715ded6/s4/5913e5d7-f0d0-40b3-8fb1-6d5932270d9d/sm
2025-09-08 20:27:41,053 [grpc-default-executor-0] INFO  impl.SimpleStateMachineStorage (SimpleStateMachineStorage.java:loadLatestSnapshot(230)) - Latest snapshot is null in /home/runner/work/ratis/ratis/ratis-test/target/test/data/d6c3ea1c/MiniRaftClusterWithGrpcf715ded6/s5/5913e5d7-f0d0-40b3-8fb1-6d5932270d9d/sm
2025-09-08 20:27:41,053 [s4@group-6D5932270D9D->s3-GrpcLogAppender-LogAppenderDaemon] INFO  impl.SimpleStateMachineStorage (SimpleStateMachineStorage.java:loadLatestSnapshot(230)) - Latest snapshot is null in /home/runner/work/ratis/ratis/ratis-test/target/test/data/d6c3ea1c/MiniRaftClusterWithGrpcf715ded6/s4/5913e5d7-f0d0-40b3-8fb1-6d5932270d9d/sm
2025-09-08 20:27:41,054 [grpc-default-executor-0] INFO  impl.SimpleStateMachineStorage (SimpleStateMachineStorage.java:loadLatestSnapshot(230)) - Latest snapshot is null in /home/runner/work/ratis/ratis/ratis-test/target/test/data/d6c3ea1c/MiniRaftClusterWithGrpcf715ded6/s3/5913e5d7-f0d0-40b3-8fb1-6d5932270d9d/sm
2025-09-08 20:27:41,130 [s4@group-6D5932270D9D->s3-GrpcLogAppender-LogAppenderDaemon] INFO  impl.SimpleStateMachineStorage (SimpleStateMachineStorage.java:loadLatestSnapshot(230)) - Latest snapshot is null in /home/runner/work/ratis/ratis/ratis-test/target/test/data/d6c3ea1c/MiniRaftClusterWithGrpcf715ded6/s4/5913e5d7-f0d0-40b3-8fb1-6d5932270d9d/sm
2025-09-08 20:27:41,130 [s4@group-6D5932270D9D->s5-GrpcLogAppender-LogAppenderDaemon] INFO  impl.SimpleStateMachineStorage (SimpleStateMachineStorage.java:loadLatestSnapshot(230)) - Latest snapshot is null in /home/runner/work/ratis/ratis/ratis-test/target/test/data/d6c3ea1c/MiniRaftClusterWithGrpcf715ded6/s4/5913e5d7-f0d0-40b3-8fb1-6d5932270d9d/sm
2025-09-08 20:27:41,131 [grpc-default-executor-12] INFO  impl.SimpleStateMachineStorage (SimpleStateMachineStorage.java:loadLatestSnapshot(230)) - Latest snapshot is null in /home/runner/work/ratis/ratis/ratis-test/target/test/data/d6c3ea1c/MiniRaftClusterWithGrpcf715ded6/s3/5913e5d7-f0d0-40b3-8fb1-6d5932270d9d/sm
2025-09-08 20:27:41,131 [grpc-default-executor-0] INFO  impl.SimpleStateMachineStorage (SimpleStateMachineStorage.java:loadLatestSnapshot(230)) - Latest snapshot is null in /home/runner/work/ratis/ratis/ratis-test/target/test/data/d6c3ea1c/MiniRaftClusterWithGrpcf715ded6/s5/5913e5d7-f0d0-40b3-8fb1-6d5932270d9d/sm
2025-09-08 20:27:41,207 [s4@group-6D5932270D9D->s5-GrpcLogAppender-LogAppenderDaemon] INFO  impl.SimpleStateMachineStorage (SimpleStateMachineStorage.java:loadLatestSnapshot(230)) - Latest snapshot is null in /home/runner/work/ratis/ratis/ratis-test/target/test/data/d6c3ea1c/MiniRaftClusterWithGrpcf715ded6/s4/5913e5d7-f0d0-40b3-8fb1-6d5932270d9d/sm
2025-09-08 20:27:41,207 [s4@group-6D5932270D9D->s3-GrpcLogAppender-LogAppenderDaemon] INFO  impl.SimpleStateMachineStorage (SimpleStateMachineStorage.java:loadLatestSnapshot(230)) - Latest snapshot is null in /home/runner/work/ratis/ratis/ratis-test/target/test/data/d6c3ea1c/MiniRaftClusterWithGrpcf715ded6/s4/5913e5d7-f0d0-40b3-8fb1-6d5932270d9d/sm
2025-09-08 20:27:41,208 [grpc-default-executor-12] INFO  impl.SimpleStateMachineStorage (SimpleStateMachineStorage.java:loadLatestSnapshot(230)) - Latest snapshot is null in /home/runner/work/ratis/ratis/ratis-test/target/test/data/d6c3ea1c/MiniRaftClusterWithGrpcf715ded6/s5/5913e5d7-f0d0-40b3-8fb1-6d5932270d9d/sm
2025-09-08 20:27:41,208 [grpc-default-executor-0] INFO  impl.SimpleStateMachineStorage (SimpleStateMachineStorage.java:loadLatestSnapshot(230)) - Latest snapshot is null in /home/runner/work/ratis/ratis/ratis-test/target/test/data/d6c3ea1c/MiniRaftClusterWithGrpcf715ded6/s3/5913e5d7-f0d0-40b3-8fb1-6d5932270d9d/sm
2025-09-08 20:27:41,285 [s4@group-6D5932270D9D->s3-GrpcLogAppender-LogAppenderDaemon] INFO  impl.SimpleStateMachineStorage (SimpleStateMachineStorage.java:loadLatestSnapshot(230)) - Latest snapshot is null in /home/runner/work/ratis/ratis/ratis-test/target/test/data/d6c3ea1c/MiniRaftClusterWithGrpcf715ded6/s4/5913e5d7-f0d0-40b3-8fb1-6d5932270d9d/sm
2025-09-08 20:27:41,285 [s4@group-6D5932270D9D->s5-GrpcLogAppender-LogAppenderDaemon] INFO  impl.SimpleStateMachineStorage (SimpleStateMachineStorage.java:loadLatestSnapshot(230)) - Latest snapshot is null in /home/runner/work/ratis/ratis/ratis-test/target/test/data/d6c3ea1c/MiniRaftClusterWithGrpcf715ded6/s4/5913e5d7-f0d0-40b3-8fb1-6d5932270d9d/sm
2025-09-08 20:27:41,286 [grpc-default-executor-0] INFO  impl.SimpleStateMachineStorage (SimpleStateMachineStorage.java:loadLatestSnapshot(230)) - Latest snapshot is null in /home/runner/work/ratis/ratis/ratis-test/target/test/data/d6c3ea1c/MiniRaftClusterWithGrpcf715ded6/s3/5913e5d7-f0d0-40b3-8fb1-6d5932270d9d/sm
2025-09-08 20:27:41,286 [grpc-default-executor-12] INFO  impl.SimpleStateMachineStorage (SimpleStateMachineStorage.java:loadLatestSnapshot(230)) - Latest snapshot is null in /home/runner/work/ratis/ratis/ratis-test/target/test/data/d6c3ea1c/MiniRaftClusterWithGrpcf715ded6/s5/5913e5d7-f0d0-40b3-8fb1-6d5932270d9d/sm
2025-09-08 20:27:41,363 [s4@group-6D5932270D9D->s5-GrpcLogAppender-LogAppenderDaemon] INFO  impl.SimpleStateMachineStorage (SimpleStateMachineStorage.java:loadLatestSnapshot(230)) - Latest snapshot is null in /home/runner/work/ratis/ratis/ratis-test/target/test/data/d6c3ea1c/MiniRaftClusterWithGrpcf715ded6/s4/5913e5d7-f0d0-40b3-8fb1-6d5932270d9d/sm
2025-09-08 20:27:41,364 [s4@group-6D5932270D9D->s3-GrpcLogAppender-LogAppenderDaemon] INFO  impl.SimpleStateMachineStorage (SimpleStateMachineStorage.java:loadLatestSnapshot(230)) - Latest snapshot is null in /home/runner/work/ratis/ratis/ratis-test/target/test/data/d6c3ea1c/MiniRaftClusterWithGrpcf715ded6/s4/5913e5d7-f0d0-40b3-8fb1-6d5932270d9d/sm
2025-09-08 20:27:41,364 [grpc-default-executor-12] INFO  impl.SimpleStateMachineStorage (SimpleStateMachineStorage.java:loadLatestSnapshot(230)) - Latest snapshot is null in /home/runner/work/ratis/ratis/ratis-test/target/test/data/d6c3ea1c/MiniRaftClusterWithGrpcf715ded6/s5/5913e5d7-f0d0-40b3-8fb1-6d5932270d9d/sm
2025-09-08 20:27:41,364 [grpc-default-executor-12] INFO  impl.SimpleStateMachineStorage (SimpleStateMachineStorage.java:loadLatestSnapshot(230)) - Latest snapshot is null in /home/runner/work/ratis/ratis/ratis-test/target/test/data/d6c3ea1c/MiniRaftClusterWithGrpcf715ded6/s3/5913e5d7-f0d0-40b3-8fb1-6d5932270d9d/sm
2025-09-08 20:27:41,440 [s4@group-6D5932270D9D->s3-GrpcLogAppender-LogAppenderDaemon] INFO  impl.SimpleStateMachineStorage (SimpleStateMachineStorage.java:loadLatestSnapshot(230)) - Latest snapshot is null in /home/runner/work/ratis/ratis/ratis-test/target/test/data/d6c3ea1c/MiniRaftClusterWithGrpcf715ded6/s4/5913e5d7-f0d0-40b3-8fb1-6d5932270d9d/sm
2025-09-08 20:27:41,441 [s4@group-6D5932270D9D->s5-GrpcLogAppender-LogAppenderDaemon] INFO  impl.SimpleStateMachineStorage (SimpleStateMachineStorage.java:loadLatestSnapshot(230)) - Latest snapshot is null in /home/runner/work/ratis/ratis/ratis-test/target/test/data/d6c3ea1c/MiniRaftClusterWithGrpcf715ded6/s4/5913e5d7-f0d0-40b3-8fb1-6d5932270d9d/sm
2025-09-08 20:27:41,441 [grpc-default-executor-12] INFO  impl.SimpleStateMachineStorage (SimpleStateMachineStorage.java:loadLatestSnapshot(230)) - Latest snapshot is null in /home/runner/work/ratis/ratis/ratis-test/target/test/data/d6c3ea1c/MiniRaftClusterWithGrpcf715ded6/s3/5913e5d7-f0d0-40b3-8fb1-6d5932270d9d/sm
2025-09-08 20:27:41,442 [grpc-default-executor-0] INFO  impl.SimpleStateMachineStorage (SimpleStateMachineStorage.java:loadLatestSnapshot(230)) - Latest snapshot is null in /home/runner/work/ratis/ratis/ratis-test/target/test/data/d6c3ea1c/MiniRaftClusterWithGrpcf715ded6/s5/5913e5d7-f0d0-40b3-8fb1-6d5932270d9d/sm
2025-09-08 20:27:41,518 [s4@group-6D5932270D9D->s3-GrpcLogAppender-LogAppenderDaemon] INFO  impl.SimpleStateMachineStorage (SimpleStateMachineStorage.java:loadLatestSnapshot(230)) - Latest snapshot is null in /home/runner/work/ratis/ratis/ratis-test/target/test/data/d6c3ea1c/MiniRaftClusterWithGrpcf715ded6/s4/5913e5d7-f0d0-40b3-8fb1-6d5932270d9d/sm
2025-09-08 20:27:41,519 [grpc-default-executor-0] INFO  impl.SimpleStateMachineStorage (SimpleStateMachineStorage.java:loadLatestSnapshot(230)) - Latest snapshot is null in /home/runner/work/ratis/ratis/ratis-test/target/test/data/d6c3ea1c/MiniRaftClusterWithGrpcf715ded6/s3/5913e5d7-f0d0-40b3-8fb1-6d5932270d9d/sm
2025-09-08 20:27:41,519 [s4@group-6D5932270D9D->s5-GrpcLogAppender-LogAppenderDaemon] INFO  impl.SimpleStateMachineStorage (SimpleStateMachineStorage.java:loadLatestSnapshot(230)) - Latest snapshot is null in /home/runner/work/ratis/ratis/ratis-test/target/test/data/d6c3ea1c/MiniRaftClusterWithGrpcf715ded6/s4/5913e5d7-f0d0-40b3-8fb1-6d5932270d9d/sm
2025-09-08 20:27:41,520 [grpc-default-executor-0] INFO  impl.SimpleStateMachineStorage (SimpleStateMachineStorage.java:loadLatestSnapshot(230)) - Latest snapshot is null in /home/runner/work/ratis/ratis/ratis-test/target/test/data/d6c3ea1c/MiniRaftClusterWithGrpcf715ded6/s5/5913e5d7-f0d0-40b3-8fb1-6d5932270d9d/sm
2025-09-08 20:27:41,596 [s4@group-6D5932270D9D->s5-GrpcLogAppender-LogAppenderDaemon] INFO  impl.SimpleStateMachineStorage (SimpleStateMachineStorage.java:loadLatestSnapshot(230)) - Latest snapshot is null in /home/runner/work/ratis/ratis/ratis-test/target/test/data/d6c3ea1c/MiniRaftClusterWithGrpcf715ded6/s4/5913e5d7-f0d0-40b3-8fb1-6d5932270d9d/sm
2025-09-08 20:27:41,596 [s4@group-6D5932270D9D->s3-GrpcLogAppender-LogAppenderDaemon] INFO  impl.SimpleStateMachineStorage (SimpleStateMachineStorage.java:loadLatestSnapshot(230)) - Latest snapshot is null in /home/runner/work/ratis/ratis/ratis-test/target/test/data/d6c3ea1c/MiniRaftClusterWithGrpcf715ded6/s4/5913e5d7-f0d0-40b3-8fb1-6d5932270d9d/sm
2025-09-08 20:27:41,597 [grpc-default-executor-0] INFO  impl.SimpleStateMachineStorage (SimpleStateMachineStorage.java:loadLatestSnapshot(230)) - Latest snapshot is null in /home/runner/work/ratis/ratis/ratis-test/target/test/data/d6c3ea1c/MiniRaftClusterWithGrpcf715ded6/s5/5913e5d7-f0d0-40b3-8fb1-6d5932270d9d/sm
2025-09-08 20:27:41,597 [grpc-default-executor-12] INFO  impl.SimpleStateMachineStorage (SimpleStateMachineStorage.java:loadLatestSnapshot(230)) - Latest snapshot is null in /home/runner/work/ratis/ratis/ratis-test/target/test/data/d6c3ea1c/MiniRaftClusterWithGrpcf715ded6/s3/5913e5d7-f0d0-40b3-8fb1-6d5932270d9d/sm
2025-09-08 20:27:41,674 [s4@group-6D5932270D9D->s5-GrpcLogAppender-LogAppenderDaemon] INFO  impl.SimpleStateMachineStorage (SimpleStateMachineStorage.java:loadLatestSnapshot(230)) - Latest snapshot is null in /home/runner/work/ratis/ratis/ratis-test/target/test/data/d6c3ea1c/MiniRaftClusterWithGrpcf715ded6/s4/5913e5d7-f0d0-40b3-8fb1-6d5932270d9d/sm
2025-09-08 20:27:41,674 [s4@group-6D5932270D9D->s3-GrpcLogAppender-LogAppenderDaemon] INFO  impl.SimpleStateMachineStorage (SimpleStateMachineStorage.java:loadLatestSnapshot(230)) - Latest snapshot is null in /home/runner/work/ratis/ratis/ratis-test/target/test/data/d6c3ea1c/MiniRaftClusterWithGrpcf715ded6/s4/5913e5d7-f0d0-40b3-8fb1-6d5932270d9d/sm
2025-09-08 20:27:41,674 [grpc-default-executor-12] INFO  impl.SimpleStateMachineStorage (SimpleStateMachineStorage.java:loadLatestSnapshot(230)) - Latest snapshot is null in /home/runner/work/ratis/ratis/ratis-test/target/test/data/d6c3ea1c/MiniRaftClusterWithGrpcf715ded6/s3/5913e5d7-f0d0-40b3-8fb1-6d5932270d9d/sm
2025-09-08 20:27:41,674 [grpc-default-executor-0] INFO  impl.SimpleStateMachineStorage (SimpleStateMachineStorage.java:loadLatestSnapshot(230)) - Latest snapshot is null in /home/runner/work/ratis/ratis/ratis-test/target/test/data/d6c3ea1c/MiniRaftClusterWithGrpcf715ded6/s5/5913e5d7-f0d0-40b3-8fb1-6d5932270d9d/sm
2025-09-08 20:27:41,743 [timer5] ERROR impl.OrderedAsync (OrderedAsync.java:lambda$null$6(215)) -  client-9EEE2E023649: Failed* RaftClientRequest:client-9EEE2E023649->s4@group-6D5932270D9D, cid=42, seq=2, RW, 2nd Message
java.util.concurrent.CompletionException: org.apache.ratis.protocol.exceptions.TimeoutIOException: client-9EEE2E023649->s4 request #42 timeout 1s
	at java.util.concurrent.CompletableFuture.encodeThrowable(CompletableFuture.java:292)
	at java.util.concurrent.CompletableFuture.completeThrowable(CompletableFuture.java:308)
	at java.util.concurrent.CompletableFuture.uniAccept(CompletableFuture.java:661)
	at java.util.concurrent.CompletableFuture$UniAccept.tryFire(CompletableFuture.java:646)
	at java.util.concurrent.CompletableFuture.postComplete(CompletableFuture.java:488)
	at java.util.concurrent.CompletableFuture.completeExceptionally(CompletableFuture.java:1990)
	at org.apache.ratis.grpc.client.GrpcClientProtocolClient$AsyncStreamObservers.lambda$timeoutCheck$5(GrpcClientProtocolClient.java:376)
	at java.util.Optional.ifPresent(Optional.java:159)
	at org.apache.ratis.grpc.client.GrpcClientProtocolClient$AsyncStreamObservers.handleReplyFuture(GrpcClientProtocolClient.java:381)
	at org.apache.ratis.grpc.client.GrpcClientProtocolClient$AsyncStreamObservers.timeoutCheck(GrpcClientProtocolClient.java:376)
	at org.apache.ratis.grpc.client.GrpcClientProtocolClient$AsyncStreamObservers.lambda$onNext$3(GrpcClientProtocolClient.java:369)
	at org.apache.ratis.util.TimeoutTimer.lambda$onTimeout$2(TimeoutTimer.java:101)
	at org.apache.ratis.util.LogUtils.runAndLog(LogUtils.java:38)
	at org.apache.ratis.util.LogUtils$1.run(LogUtils.java:78)
	at org.apache.ratis.util.TimeoutTimer$Task.run(TimeoutTimer.java:55)
	at java.util.TimerThread.mainLoop(Timer.java:555)
	at java.util.TimerThread.run(Timer.java:505)
Caused by: org.apache.ratis.protocol.exceptions.TimeoutIOException: client-9EEE2E023649->s4 request #42 timeout 1s
	at org.apache.ratis.grpc.client.GrpcClientProtocolClient$AsyncStreamObservers.lambda$timeoutCheck$5(GrpcClientProtocolClient.java:377)
	... 10 more
2025-09-08 20:27:41,744 [timer5] ERROR impl.OrderedAsync (OrderedAsync.java:lambda$send$4(181)) - Failed to send request, message=2nd Message
java.util.concurrent.CompletionException: org.apache.ratis.protocol.exceptions.TimeoutIOException: client-9EEE2E023649->s4 request #42 timeout 1s
	at java.util.concurrent.CompletableFuture.encodeThrowable(CompletableFuture.java:292)
	at java.util.concurrent.CompletableFuture.completeThrowable(CompletableFuture.java:308)
	at java.util.concurrent.CompletableFuture.uniApply(CompletableFuture.java:607)
	at java.util.concurrent.CompletableFuture$UniApply.tryFire(CompletableFuture.java:591)
	at java.util.concurrent.CompletableFuture.postComplete(CompletableFuture.java:488)
	at java.util.concurrent.CompletableFuture.completeExceptionally(CompletableFuture.java:1990)
	at org.apache.ratis.client.impl.OrderedAsync$PendingOrderedRequest.fail(OrderedAsync.java:111)
	at org.apache.ratis.util.SlidingWindow$Client.fail(SlidingWindow.java:395)
	at org.apache.ratis.client.impl.OrderedAsync.failAllAsyncRequests(OrderedAsync.java:155)
	at org.apache.ratis.client.impl.OrderedAsync.handleException(OrderedAsync.java:239)
	at org.apache.ratis.client.impl.OrderedAsync.lambda$sendRequestWithRetry$7(OrderedAsync.java:217)
	at java.util.concurrent.CompletableFuture.uniExceptionally(CompletableFuture.java:884)
	at java.util.concurrent.CompletableFuture$UniExceptionally.tryFire(CompletableFuture.java:866)
	at java.util.concurrent.CompletableFuture.postComplete(CompletableFuture.java:488)
	at java.util.concurrent.CompletableFuture.completeExceptionally(CompletableFuture.java:1990)
	at org.apache.ratis.grpc.client.GrpcClientProtocolClient$AsyncStreamObservers.lambda$timeoutCheck$5(GrpcClientProtocolClient.java:376)
	at java.util.Optional.ifPresent(Optional.java:159)
	at org.apache.ratis.grpc.client.GrpcClientProtocolClient$AsyncStreamObservers.handleReplyFuture(GrpcClientProtocolClient.java:381)
	at org.apache.ratis.grpc.client.GrpcClientProtocolClient$AsyncStreamObservers.timeoutCheck(GrpcClientProtocolClient.java:376)
	at org.apache.ratis.grpc.client.GrpcClientProtocolClient$AsyncStreamObservers.lambda$onNext$3(GrpcClientProtocolClient.java:369)
	at org.apache.ratis.util.TimeoutTimer.lambda$onTimeout$2(TimeoutTimer.java:101)
	at org.apache.ratis.util.LogUtils.runAndLog(LogUtils.java:38)
	at org.apache.ratis.util.LogUtils$1.run(LogUtils.java:78)
	at org.apache.ratis.util.TimeoutTimer$Task.run(TimeoutTimer.java:55)
	at java.util.TimerThread.mainLoop(Timer.java:555)
	at java.util.TimerThread.run(Timer.java:505)
Caused by: org.apache.ratis.protocol.exceptions.TimeoutIOException: client-9EEE2E023649->s4 request #42 timeout 1s
	at org.apache.ratis.grpc.client.GrpcClientProtocolClient$AsyncStreamObservers.lambda$timeoutCheck$5(GrpcClientProtocolClient.java:377)
	... 10 more
2025-09-08 20:27:41,750 [s4@group-6D5932270D9D->s5-GrpcLogAppender-LogAppenderDaemon] INFO  impl.SimpleStateMachineStorage (SimpleStateMachineStorage.java:loadLatestSnapshot(230)) - Latest snapshot is null in /home/runner/work/ratis/ratis/ratis-test/target/test/data/d6c3ea1c/MiniRaftClusterWithGrpcf715ded6/s4/5913e5d7-f0d0-40b3-8fb1-6d5932270d9d/sm
2025-09-08 20:27:41,751 [grpc-default-executor-12] INFO  impl.SimpleStateMachineStorage (SimpleStateMachineStorage.java:loadLatestSnapshot(230)) - Latest snapshot is null in /home/runner/work/ratis/ratis/ratis-test/target/test/data/d6c3ea1c/MiniRaftClusterWithGrpcf715ded6/s5/5913e5d7-f0d0-40b3-8fb1-6d5932270d9d/sm
2025-09-08 20:27:41,751 [s4@group-6D5932270D9D->s3-GrpcLogAppender-LogAppenderDaemon] INFO  impl.SimpleStateMachineStorage (SimpleStateMachineStorage.java:loadLatestSnapshot(230)) - Latest snapshot is null in /home/runner/work/ratis/ratis/ratis-test/target/test/data/d6c3ea1c/MiniRaftClusterWithGrpcf715ded6/s4/5913e5d7-f0d0-40b3-8fb1-6d5932270d9d/sm
2025-09-08 20:27:41,752 [grpc-default-executor-0] INFO  impl.SimpleStateMachineStorage (SimpleStateMachineStorage.java:loadLatestSnapshot(230)) - Latest snapshot is null in /home/runner/work/ratis/ratis/ratis-test/target/test/data/d6c3ea1c/MiniRaftClusterWithGrpcf715ded6/s3/5913e5d7-f0d0-40b3-8fb1-6d5932270d9d/sm
2025-09-08 20:27:41,774 [timer0] ERROR impl.OrderedAsync (OrderedAsync.java:lambda$null$6(215)) -  client-B626AF627B83: Failed* RaftClientRequest:client-B626AF627B83->s4@group-6D5932270D9D, cid=44, seq=2, RW, message 0
java.util.concurrent.CompletionException: org.apache.ratis.protocol.exceptions.TimeoutIOException: client-B626AF627B83->s4 request #44 timeout 1s
	at java.util.concurrent.CompletableFuture.encodeThrowable(CompletableFuture.java:292)
	at java.util.concurrent.CompletableFuture.completeThrowable(CompletableFuture.java:308)
	at java.util.concurrent.CompletableFuture.uniAccept(CompletableFuture.java:661)
	at java.util.concurrent.CompletableFuture$UniAccept.tryFire(CompletableFuture.java:646)
	at java.util.concurrent.CompletableFuture.postComplete(CompletableFuture.java:488)
	at java.util.concurrent.CompletableFuture.completeExceptionally(CompletableFuture.java:1990)
	at org.apache.ratis.grpc.client.GrpcClientProtocolClient$AsyncStreamObservers.lambda$timeoutCheck$5(GrpcClientProtocolClient.java:376)
	at java.util.Optional.ifPresent(Optional.java:159)
	at org.apache.ratis.grpc.client.GrpcClientProtocolClient$AsyncStreamObservers.handleReplyFuture(GrpcClientProtocolClient.java:381)
	at org.apache.ratis.grpc.client.GrpcClientProtocolClient$AsyncStreamObservers.timeoutCheck(GrpcClientProtocolClient.java:376)
	at org.apache.ratis.grpc.client.GrpcClientProtocolClient$AsyncStreamObservers.lambda$onNext$3(GrpcClientProtocolClient.java:369)
	at org.apache.ratis.util.TimeoutTimer.lambda$onTimeout$2(TimeoutTimer.java:101)
	at org.apache.ratis.util.LogUtils.runAndLog(LogUtils.java:38)
	at org.apache.ratis.util.LogUtils$1.run(LogUtils.java:78)
	at org.apache.ratis.util.TimeoutTimer$Task.run(TimeoutTimer.java:55)
	at java.util.TimerThread.mainLoop(Timer.java:555)
	at java.util.TimerThread.run(Timer.java:505)
Caused by: org.apache.ratis.protocol.exceptions.TimeoutIOException: client-B626AF627B83->s4 request #44 timeout 1s
	at org.apache.ratis.grpc.client.GrpcClientProtocolClient$AsyncStreamObservers.lambda$timeoutCheck$5(GrpcClientProtocolClient.java:377)
	... 10 more
2025-09-08 20:27:41,774 [timer0] ERROR impl.OrderedAsync (OrderedAsync.java:lambda$send$4(181)) - Failed to send request, message=message 0
java.util.concurrent.CompletionException: org.apache.ratis.protocol.exceptions.TimeoutIOException: client-B626AF627B83->s4 request #44 timeout 1s
	at java.util.concurrent.CompletableFuture.encodeThrowable(CompletableFuture.java:292)
	at java.util.concurrent.CompletableFuture.completeThrowable(CompletableFuture.java:308)
	at java.util.concurrent.CompletableFuture.uniApply(CompletableFuture.java:607)
	at java.util.concurrent.CompletableFuture$UniApply.tryFire(CompletableFuture.java:591)
	at java.util.concurrent.CompletableFuture.postComplete(CompletableFuture.java:488)
	at java.util.concurrent.CompletableFuture.completeExceptionally(CompletableFuture.java:1990)
	at org.apache.ratis.client.impl.OrderedAsync$PendingOrderedRequest.fail(OrderedAsync.java:111)
	at org.apache.ratis.util.SlidingWindow$Client.fail(SlidingWindow.java:395)
	at org.apache.ratis.client.impl.OrderedAsync.failAllAsyncRequests(OrderedAsync.java:155)
	at org.apache.ratis.client.impl.OrderedAsync.handleException(OrderedAsync.java:239)
	at org.apache.ratis.client.impl.OrderedAsync.lambda$sendRequestWithRetry$7(OrderedAsync.java:217)
	at java.util.concurrent.CompletableFuture.uniExceptionally(CompletableFuture.java:884)
	at java.util.concurrent.CompletableFuture$UniExceptionally.tryFire(CompletableFuture.java:866)
	at java.util.concurrent.CompletableFuture.postComplete(CompletableFuture.java:488)
	at java.util.concurrent.CompletableFuture.completeExceptionally(CompletableFuture.java:1990)
	at org.apache.ratis.grpc.client.GrpcClientProtocolClient$AsyncStreamObservers.lambda$timeoutCheck$5(GrpcClientProtocolClient.java:376)
	at java.util.Optional.ifPresent(Optional.java:159)
	at org.apache.ratis.grpc.client.GrpcClientProtocolClient$AsyncStreamObservers.handleReplyFuture(GrpcClientProtocolClient.java:381)
	at org.apache.ratis.grpc.client.GrpcClientProtocolClient$AsyncStreamObservers.timeoutCheck(GrpcClientProtocolClient.java:376)
	at org.apache.ratis.grpc.client.GrpcClientProtocolClient$AsyncStreamObservers.lambda$onNext$3(GrpcClientProtocolClient.java:369)
	at org.apache.ratis.util.TimeoutTimer.lambda$onTimeout$2(TimeoutTimer.java:101)
	at org.apache.ratis.util.LogUtils.runAndLog(LogUtils.java:38)
	at org.apache.ratis.util.LogUtils$1.run(LogUtils.java:78)
	at org.apache.ratis.util.TimeoutTimer$Task.run(TimeoutTimer.java:55)
	at java.util.TimerThread.mainLoop(Timer.java:555)
	at java.util.TimerThread.run(Timer.java:505)
Caused by: org.apache.ratis.protocol.exceptions.TimeoutIOException: client-B626AF627B83->s4 request #44 timeout 1s
	at org.apache.ratis.grpc.client.GrpcClientProtocolClient$AsyncStreamObservers.lambda$timeoutCheck$5(GrpcClientProtocolClient.java:377)
	... 10 more
2025-09-08 20:27:41,777 [timer1] ERROR impl.OrderedAsync (OrderedAsync.java:lambda$null$6(215)) -  client-8CA6CEAFBD85: Failed* RaftClientRequest:client-8CA6CEAFBD85->s4@group-6D5932270D9D, cid=48, seq=2, RW, message 2
java.util.concurrent.CompletionException: org.apache.ratis.protocol.exceptions.TimeoutIOException: client-8CA6CEAFBD85->s4 request #48 timeout 1s
	at java.util.concurrent.CompletableFuture.encodeThrowable(CompletableFuture.java:292)
	at java.util.concurrent.CompletableFuture.completeThrowable(CompletableFuture.java:308)
	at java.util.concurrent.CompletableFuture.uniAccept(CompletableFuture.java:661)
	at java.util.concurrent.CompletableFuture$UniAccept.tryFire(CompletableFuture.java:646)
	at java.util.concurrent.CompletableFuture.postComplete(CompletableFuture.java:488)
	at java.util.concurrent.CompletableFuture.completeExceptionally(CompletableFuture.java:1990)
	at org.apache.ratis.grpc.client.GrpcClientProtocolClient$AsyncStreamObservers.lambda$timeoutCheck$5(GrpcClientProtocolClient.java:376)
	at java.util.Optional.ifPresent(Optional.java:159)
	at org.apache.ratis.grpc.client.GrpcClientProtocolClient$AsyncStreamObservers.handleReplyFuture(GrpcClientProtocolClient.java:381)
	at org.apache.ratis.grpc.client.GrpcClientProtocolClient$AsyncStreamObservers.timeoutCheck(GrpcClientProtocolClient.java:376)
	at org.apache.ratis.grpc.client.GrpcClientProtocolClient$AsyncStreamObservers.lambda$onNext$3(GrpcClientProtocolClient.java:369)
	at org.apache.ratis.util.TimeoutTimer.lambda$onTimeout$2(TimeoutTimer.java:101)
	at org.apache.ratis.util.LogUtils.runAndLog(LogUtils.java:38)
	at org.apache.ratis.util.LogUtils$1.run(LogUtils.java:78)
	at org.apache.ratis.util.TimeoutTimer$Task.run(TimeoutTimer.java:55)
	at java.util.TimerThread.mainLoop(Timer.java:555)
	at java.util.TimerThread.run(Timer.java:505)
Caused by: org.apache.ratis.protocol.exceptions.TimeoutIOException: client-8CA6CEAFBD85->s4 request #48 timeout 1s
	at org.apache.ratis.grpc.client.GrpcClientProtocolClient$AsyncStreamObservers.lambda$timeoutCheck$5(GrpcClientProtocolClient.java:377)
	... 10 more
2025-09-08 20:27:41,778 [timer1] ERROR impl.OrderedAsync (OrderedAsync.java:lambda$send$4(181)) - Failed to send request, message=message 2
java.util.concurrent.CompletionException: org.apache.ratis.protocol.exceptions.TimeoutIOException: client-8CA6CEAFBD85->s4 request #48 timeout 1s
	at java.util.concurrent.CompletableFuture.encodeThrowable(CompletableFuture.java:292)
	at java.util.concurrent.CompletableFuture.completeThrowable(CompletableFuture.java:308)
	at java.util.concurrent.CompletableFuture.uniApply(CompletableFuture.java:607)
	at java.util.concurrent.CompletableFuture$UniApply.tryFire(CompletableFuture.java:591)
	at java.util.concurrent.CompletableFuture.postComplete(CompletableFuture.java:488)
	at java.util.concurrent.CompletableFuture.completeExceptionally(CompletableFuture.java:1990)
	at org.apache.ratis.client.impl.OrderedAsync$PendingOrderedRequest.fail(OrderedAsync.java:111)
	at org.apache.ratis.util.SlidingWindow$Client.fail(SlidingWindow.java:395)
	at org.apache.ratis.client.impl.OrderedAsync.failAllAsyncRequests(OrderedAsync.java:155)
	at org.apache.ratis.client.impl.OrderedAsync.handleException(OrderedAsync.java:239)
	at org.apache.ratis.client.impl.OrderedAsync.lambda$sendRequestWithRetry$7(OrderedAsync.java:217)
	at java.util.concurrent.CompletableFuture.uniExceptionally(CompletableFuture.java:884)
	at java.util.concurrent.CompletableFuture$UniExceptionally.tryFire(CompletableFuture.java:866)
	at java.util.concurrent.CompletableFuture.postComplete(CompletableFuture.java:488)
	at java.util.concurrent.CompletableFuture.completeExceptionally(CompletableFuture.java:1990)
	at org.apache.ratis.grpc.client.GrpcClientProtocolClient$AsyncStreamObservers.lambda$timeoutCheck$5(GrpcClientProtocolClient.java:376)
	at java.util.Optional.ifPresent(Optional.java:159)
	at org.apache.ratis.grpc.client.GrpcClientProtocolClient$AsyncStreamObservers.handleReplyFuture(GrpcClientProtocolClient.java:381)
	at org.apache.ratis.grpc.client.GrpcClientProtocolClient$AsyncStreamObservers.timeoutCheck(GrpcClientProtocolClient.java:376)
	at org.apache.ratis.grpc.client.GrpcClientProtocolClient$AsyncStreamObservers.lambda$onNext$3(GrpcClientProtocolClient.java:369)
	at org.apache.ratis.util.TimeoutTimer.lambda$onTimeout$2(TimeoutTimer.java:101)
	at org.apache.ratis.util.LogUtils.runAndLog(LogUtils.java:38)
	at org.apache.ratis.util.LogUtils$1.run(LogUtils.java:78)
	at org.apache.ratis.util.TimeoutTimer$Task.run(TimeoutTimer.java:55)
	at java.util.TimerThread.mainLoop(Timer.java:555)
	at java.util.TimerThread.run(Timer.java:505)
Caused by: org.apache.ratis.protocol.exceptions.TimeoutIOException: client-8CA6CEAFBD85->s4 request #48 timeout 1s
	at org.apache.ratis.grpc.client.GrpcClientProtocolClient$AsyncStreamObservers.lambda$timeoutCheck$5(GrpcClientProtocolClient.java:377)
	... 10 more
2025-09-08 20:27:41,779 [timer2] ERROR impl.OrderedAsync (OrderedAsync.java:lambda$null$6(215)) -  client-4CE28A849A82: Failed* RaftClientRequest:client-4CE28A849A82->s4@group-6D5932270D9D, cid=50, seq=2, RW, message 3
java.util.concurrent.CompletionException: org.apache.ratis.protocol.exceptions.TimeoutIOException: client-4CE28A849A82->s4 request #50 timeout 1s
	at java.util.concurrent.CompletableFuture.encodeThrowable(CompletableFuture.java:292)
	at java.util.concurrent.CompletableFuture.completeThrowable(CompletableFuture.java:308)
	at java.util.concurrent.CompletableFuture.uniAccept(CompletableFuture.java:661)
	at java.util.concurrent.CompletableFuture$UniAccept.tryFire(CompletableFuture.java:646)
	at java.util.concurrent.CompletableFuture.postComplete(CompletableFuture.java:488)
	at java.util.concurrent.CompletableFuture.completeExceptionally(CompletableFuture.java:1990)
	at org.apache.ratis.grpc.client.GrpcClientProtocolClient$AsyncStreamObservers.lambda$timeoutCheck$5(GrpcClientProtocolClient.java:376)
	at java.util.Optional.ifPresent(Optional.java:159)
	at org.apache.ratis.grpc.client.GrpcClientProtocolClient$AsyncStreamObservers.handleReplyFuture(GrpcClientProtocolClient.java:381)
	at org.apache.ratis.grpc.client.GrpcClientProtocolClient$AsyncStreamObservers.timeoutCheck(GrpcClientProtocolClient.java:376)
	at org.apache.ratis.grpc.client.GrpcClientProtocolClient$AsyncStreamObservers.lambda$onNext$3(GrpcClientProtocolClient.java:369)
	at org.apache.ratis.util.TimeoutTimer.lambda$onTimeout$2(TimeoutTimer.java:101)
	at org.apache.ratis.util.LogUtils.runAndLog(LogUtils.java:38)
	at org.apache.ratis.util.LogUtils$1.run(LogUtils.java:78)
	at org.apache.ratis.util.TimeoutTimer$Task.run(TimeoutTimer.java:55)
	at java.util.TimerThread.mainLoop(Timer.java:555)
	at java.util.TimerThread.run(Timer.java:505)
Caused by: org.apache.ratis.protocol.exceptions.TimeoutIOException: client-4CE28A849A82->s4 request #50 timeout 1s
	at org.apache.ratis.grpc.client.GrpcClientProtocolClient$AsyncStreamObservers.lambda$timeoutCheck$5(GrpcClientProtocolClient.java:377)
	... 10 more
2025-09-08 20:27:41,779 [timer2] ERROR impl.OrderedAsync (OrderedAsync.java:lambda$send$4(181)) - Failed to send request, message=message 3
java.util.concurrent.CompletionException: org.apache.ratis.protocol.exceptions.TimeoutIOException: client-4CE28A849A82->s4 request #50 timeout 1s
	at java.util.concurrent.CompletableFuture.encodeThrowable(CompletableFuture.java:292)
	at java.util.concurrent.CompletableFuture.completeThrowable(CompletableFuture.java:308)
	at java.util.concurrent.CompletableFuture.uniApply(CompletableFuture.java:607)
	at java.util.concurrent.CompletableFuture$UniApply.tryFire(CompletableFuture.java:591)
	at java.util.concurrent.CompletableFuture.postComplete(CompletableFuture.java:488)
	at java.util.concurrent.CompletableFuture.completeExceptionally(CompletableFuture.java:1990)
	at org.apache.ratis.client.impl.OrderedAsync$PendingOrderedRequest.fail(OrderedAsync.java:111)
	at org.apache.ratis.util.SlidingWindow$Client.fail(SlidingWindow.java:395)
	at org.apache.ratis.client.impl.OrderedAsync.failAllAsyncRequests(OrderedAsync.java:155)
	at org.apache.ratis.client.impl.OrderedAsync.handleException(OrderedAsync.java:239)
	at org.apache.ratis.client.impl.OrderedAsync.lambda$sendRequestWithRetry$7(OrderedAsync.java:217)
	at java.util.concurrent.CompletableFuture.uniExceptionally(CompletableFuture.java:884)
	at java.util.concurrent.CompletableFuture$UniExceptionally.tryFire(CompletableFuture.java:866)
	at java.util.concurrent.CompletableFuture.postComplete(CompletableFuture.java:488)
	at java.util.concurrent.CompletableFuture.completeExceptionally(CompletableFuture.java:1990)
	at org.apache.ratis.grpc.client.GrpcClientProtocolClient$AsyncStreamObservers.lambda$timeoutCheck$5(GrpcClientProtocolClient.java:376)
	at java.util.Optional.ifPresent(Optional.java:159)
	at org.apache.ratis.grpc.client.GrpcClientProtocolClient$AsyncStreamObservers.handleReplyFuture(GrpcClientProtocolClient.java:381)
	at org.apache.ratis.grpc.client.GrpcClientProtocolClient$AsyncStreamObservers.timeoutCheck(GrpcClientProtocolClient.java:376)
	at org.apache.ratis.grpc.client.GrpcClientProtocolClient$AsyncStreamObservers.lambda$onNext$3(GrpcClientProtocolClient.java:369)
	at org.apache.ratis.util.TimeoutTimer.lambda$onTimeout$2(TimeoutTimer.java:101)
	at org.apache.ratis.util.LogUtils.runAndLog(LogUtils.java:38)
	at org.apache.ratis.util.LogUtils$1.run(LogUtils.java:78)
	at org.apache.ratis.util.TimeoutTimer$Task.run(TimeoutTimer.java:55)
	at java.util.TimerThread.mainLoop(Timer.java:555)
	at java.util.TimerThread.run(Timer.java:505)
Caused by: org.apache.ratis.protocol.exceptions.TimeoutIOException: client-4CE28A849A82->s4 request #50 timeout 1s
	at org.apache.ratis.grpc.client.GrpcClientProtocolClient$AsyncStreamObservers.lambda$timeoutCheck$5(GrpcClientProtocolClient.java:377)
	... 10 more
2025-09-08 20:27:41,789 [timer7] ERROR impl.OrderedAsync (OrderedAsync.java:lambda$null$6(215)) -  client-2F78BB4ED1DD: Failed* RaftClientRequest:client-2F78BB4ED1DD->s4@group-6D5932270D9D, cid=56, seq=2, RW, message 6
java.util.concurrent.CompletionException: org.apache.ratis.protocol.exceptions.TimeoutIOException: client-2F78BB4ED1DD->s4 request #56 timeout 1s
	at java.util.concurrent.CompletableFuture.encodeThrowable(CompletableFuture.java:292)
	at java.util.concurrent.CompletableFuture.completeThrowable(CompletableFuture.java:308)
	at java.util.concurrent.CompletableFuture.uniAccept(CompletableFuture.java:661)
	at java.util.concurrent.CompletableFuture$UniAccept.tryFire(CompletableFuture.java:646)
	at java.util.concurrent.CompletableFuture.postComplete(CompletableFuture.java:488)
	at java.util.concurrent.CompletableFuture.completeExceptionally(CompletableFuture.java:1990)
	at org.apache.ratis.grpc.client.GrpcClientProtocolClient$AsyncStreamObservers.lambda$timeoutCheck$5(GrpcClientProtocolClient.java:376)
	at java.util.Optional.ifPresent(Optional.java:159)
	at org.apache.ratis.grpc.client.GrpcClientProtocolClient$AsyncStreamObservers.handleReplyFuture(GrpcClientProtocolClient.java:381)
	at org.apache.ratis.grpc.client.GrpcClientProtocolClient$AsyncStreamObservers.timeoutCheck(GrpcClientProtocolClient.java:376)
	at org.apache.ratis.grpc.client.GrpcClientProtocolClient$AsyncStreamObservers.lambda$onNext$3(GrpcClientProtocolClient.java:369)
	at org.apache.ratis.util.TimeoutTimer.lambda$onTimeout$2(TimeoutTimer.java:101)
	at org.apache.ratis.util.LogUtils.runAndLog(LogUtils.java:38)
	at org.apache.ratis.util.LogUtils$1.run(LogUtils.java:78)
	at org.apache.ratis.util.TimeoutTimer$Task.run(TimeoutTimer.java:55)
	at java.util.TimerThread.mainLoop(Timer.java:555)
	at java.util.TimerThread.run(Timer.java:505)
Caused by: org.apache.ratis.protocol.exceptions.TimeoutIOException: client-2F78BB4ED1DD->s4 request #56 timeout 1s
	at org.apache.ratis.grpc.client.GrpcClientProtocolClient$AsyncStreamObservers.lambda$timeoutCheck$5(GrpcClientProtocolClient.java:377)
	... 10 more
2025-09-08 20:27:41,790 [timer7] ERROR impl.OrderedAsync (OrderedAsync.java:lambda$send$4(181)) - Failed to send request, message=message 6
java.util.concurrent.CompletionException: org.apache.ratis.protocol.exceptions.TimeoutIOException: client-2F78BB4ED1DD->s4 request #56 timeout 1s
	at java.util.concurrent.CompletableFuture.encodeThrowable(CompletableFuture.java:292)
	at java.util.concurrent.CompletableFuture.completeThrowable(CompletableFuture.java:308)
	at java.util.concurrent.CompletableFuture.uniApply(CompletableFuture.java:607)
	at java.util.concurrent.CompletableFuture$UniApply.tryFire(CompletableFuture.java:591)
	at java.util.concurrent.CompletableFuture.postComplete(CompletableFuture.java:488)
	at java.util.concurrent.CompletableFuture.completeExceptionally(CompletableFuture.java:1990)
	at org.apache.ratis.client.impl.OrderedAsync$PendingOrderedRequest.fail(OrderedAsync.java:111)
	at org.apache.ratis.util.SlidingWindow$Client.fail(SlidingWindow.java:395)
	at org.apache.ratis.client.impl.OrderedAsync.failAllAsyncRequests(OrderedAsync.java:155)
	at org.apache.ratis.client.impl.OrderedAsync.handleException(OrderedAsync.java:239)
	at org.apache.ratis.client.impl.OrderedAsync.lambda$sendRequestWithRetry$7(OrderedAsync.java:217)
	at java.util.concurrent.CompletableFuture.uniExceptionally(CompletableFuture.java:884)
	at java.util.concurrent.CompletableFuture$UniExceptionally.tryFire(CompletableFuture.java:866)
	at java.util.concurrent.CompletableFuture.postComplete(CompletableFuture.java:488)
	at java.util.concurrent.CompletableFuture.completeExceptionally(CompletableFuture.java:1990)
	at org.apache.ratis.grpc.client.GrpcClientProtocolClient$AsyncStreamObservers.lambda$timeoutCheck$5(GrpcClientProtocolClient.java:376)
	at java.util.Optional.ifPresent(Optional.java:159)
	at org.apache.ratis.grpc.client.GrpcClientProtocolClient$AsyncStreamObservers.handleReplyFuture(GrpcClientProtocolClient.java:381)
	at org.apache.ratis.grpc.client.GrpcClientProtocolClient$AsyncStreamObservers.timeoutCheck(GrpcClientProtocolClient.java:376)
	at org.apache.ratis.grpc.client.GrpcClientProtocolClient$AsyncStreamObservers.lambda$onNext$3(GrpcClientProtocolClient.java:369)
	at org.apache.ratis.util.TimeoutTimer.lambda$onTimeout$2(TimeoutTimer.java:101)
	at org.apache.ratis.util.LogUtils.runAndLog(LogUtils.java:38)
	at org.apache.ratis.util.LogUtils$1.run(LogUtils.java:78)
	at org.apache.ratis.util.TimeoutTimer$Task.run(TimeoutTimer.java:55)
	at java.util.TimerThread.mainLoop(Timer.java:555)
	at java.util.TimerThread.run(Timer.java:505)
Caused by: org.apache.ratis.protocol.exceptions.TimeoutIOException: client-2F78BB4ED1DD->s4 request #56 timeout 1s
	at org.apache.ratis.grpc.client.GrpcClientProtocolClient$AsyncStreamObservers.lambda$timeoutCheck$5(GrpcClientProtocolClient.java:377)
	... 10 more
2025-09-08 20:27:41,793 [timer2] ERROR impl.OrderedAsync (OrderedAsync.java:lambda$null$6(215)) -  client-279A0F7548F7: Failed* RaftClientRequest:client-279A0F7548F7->s4@group-6D5932270D9D, cid=46, seq=2, RW, message 1
java.util.concurrent.CompletionException: org.apache.ratis.protocol.exceptions.TimeoutIOException: client-279A0F7548F7->s4 request #46 timeout 1s
	at java.util.concurrent.CompletableFuture.encodeThrowable(CompletableFuture.java:292)
	at java.util.concurrent.CompletableFuture.completeThrowable(CompletableFuture.java:308)
	at java.util.concurrent.CompletableFuture.uniAccept(CompletableFuture.java:661)
	at java.util.concurrent.CompletableFuture$UniAccept.tryFire(CompletableFuture.java:646)
	at java.util.concurrent.CompletableFuture.postComplete(CompletableFuture.java:488)
	at java.util.concurrent.CompletableFuture.completeExceptionally(CompletableFuture.java:1990)
	at org.apache.ratis.grpc.client.GrpcClientProtocolClient$AsyncStreamObservers.lambda$timeoutCheck$5(GrpcClientProtocolClient.java:376)
	at java.util.Optional.ifPresent(Optional.java:159)
	at org.apache.ratis.grpc.client.GrpcClientProtocolClient$AsyncStreamObservers.handleReplyFuture(GrpcClientProtocolClient.java:381)
	at org.apache.ratis.grpc.client.GrpcClientProtocolClient$AsyncStreamObservers.timeoutCheck(GrpcClientProtocolClient.java:376)
	at org.apache.ratis.grpc.client.GrpcClientProtocolClient$AsyncStreamObservers.lambda$onNext$3(GrpcClientProtocolClient.java:369)
	at org.apache.ratis.util.TimeoutTimer.lambda$onTimeout$2(TimeoutTimer.java:101)
	at org.apache.ratis.util.LogUtils.runAndLog(LogUtils.java:38)
	at org.apache.ratis.util.LogUtils$1.run(LogUtils.java:78)
	at org.apache.ratis.util.TimeoutTimer$Task.run(TimeoutTimer.java:55)
	at java.util.TimerThread.mainLoop(Timer.java:555)
	at java.util.TimerThread.run(Timer.java:505)
Caused by: org.apache.ratis.protocol.exceptions.TimeoutIOException: client-279A0F7548F7->s4 request #46 timeout 1s
	at org.apache.ratis.grpc.client.GrpcClientProtocolClient$AsyncStreamObservers.lambda$timeoutCheck$5(GrpcClientProtocolClient.java:377)
	... 10 more
2025-09-08 20:27:41,794 [timer2] ERROR impl.OrderedAsync (OrderedAsync.java:lambda$send$4(181)) - Failed to send request, message=message 1
java.util.concurrent.CompletionException: org.apache.ratis.protocol.exceptions.TimeoutIOException: client-279A0F7548F7->s4 request #46 timeout 1s
	at java.util.concurrent.CompletableFuture.encodeThrowable(CompletableFuture.java:292)
	at java.util.concurrent.CompletableFuture.completeThrowable(CompletableFuture.java:308)
	at java.util.concurrent.CompletableFuture.uniApply(CompletableFuture.java:607)
	at java.util.concurrent.CompletableFuture$UniApply.tryFire(CompletableFuture.java:591)
	at java.util.concurrent.CompletableFuture.postComplete(CompletableFuture.java:488)
	at java.util.concurrent.CompletableFuture.completeExceptionally(CompletableFuture.java:1990)
	at org.apache.ratis.client.impl.OrderedAsync$PendingOrderedRequest.fail(OrderedAsync.java:111)
	at org.apache.ratis.util.SlidingWindow$Client.fail(SlidingWindow.java:395)
	at org.apache.ratis.client.impl.OrderedAsync.failAllAsyncRequests(OrderedAsync.java:155)
	at org.apache.ratis.client.impl.OrderedAsync.handleException(OrderedAsync.java:239)
	at org.apache.ratis.client.impl.OrderedAsync.lambda$sendRequestWithRetry$7(OrderedAsync.java:217)
	at java.util.concurrent.CompletableFuture.uniExceptionally(CompletableFuture.java:884)
	at java.util.concurrent.CompletableFuture$UniExceptionally.tryFire(CompletableFuture.java:866)
	at java.util.concurrent.CompletableFuture.postComplete(CompletableFuture.java:488)
	at java.util.concurrent.CompletableFuture.completeExceptionally(CompletableFuture.java:1990)
	at org.apache.ratis.grpc.client.GrpcClientProtocolClient$AsyncStreamObservers.lambda$timeoutCheck$5(GrpcClientProtocolClient.java:376)
	at java.util.Optional.ifPresent(Optional.java:159)
	at org.apache.ratis.grpc.client.GrpcClientProtocolClient$AsyncStreamObservers.handleReplyFuture(GrpcClientProtocolClient.java:381)
	at org.apache.ratis.grpc.client.GrpcClientProtocolClient$AsyncStreamObservers.timeoutCheck(GrpcClientProtocolClient.java:376)
	at org.apache.ratis.grpc.client.GrpcClientProtocolClient$AsyncStreamObservers.lambda$onNext$3(GrpcClientProtocolClient.java:369)
	at org.apache.ratis.util.TimeoutTimer.lambda$onTimeout$2(TimeoutTimer.java:101)
	at org.apache.ratis.util.LogUtils.runAndLog(LogUtils.java:38)
	at org.apache.ratis.util.LogUtils$1.run(LogUtils.java:78)
	at org.apache.ratis.util.TimeoutTimer$Task.run(TimeoutTimer.java:55)
	at java.util.TimerThread.mainLoop(Timer.java:555)
	at java.util.TimerThread.run(Timer.java:505)
Caused by: org.apache.ratis.protocol.exceptions.TimeoutIOException: client-279A0F7548F7->s4 request #46 timeout 1s
	at org.apache.ratis.grpc.client.GrpcClientProtocolClient$AsyncStreamObservers.lambda$timeoutCheck$5(GrpcClientProtocolClient.java:377)
	... 10 more
2025-09-08 20:27:41,796 [timer3] ERROR impl.OrderedAsync (OrderedAsync.java:lambda$null$6(215)) -  client-C624E8C973D5: Failed* RaftClientRequest:client-C624E8C973D5->s4@group-6D5932270D9D, cid=54, seq=2, RW, message 5
java.util.concurrent.CompletionException: org.apache.ratis.protocol.exceptions.TimeoutIOException: client-C624E8C973D5->s4 request #54 timeout 1s
	at java.util.concurrent.CompletableFuture.encodeThrowable(CompletableFuture.java:292)
	at java.util.concurrent.CompletableFuture.completeThrowable(CompletableFuture.java:308)
	at java.util.concurrent.CompletableFuture.uniAccept(CompletableFuture.java:661)
	at java.util.concurrent.CompletableFuture$UniAccept.tryFire(CompletableFuture.java:646)
	at java.util.concurrent.CompletableFuture.postComplete(CompletableFuture.java:488)
	at java.util.concurrent.CompletableFuture.completeExceptionally(CompletableFuture.java:1990)
	at org.apache.ratis.grpc.client.GrpcClientProtocolClient$AsyncStreamObservers.lambda$timeoutCheck$5(GrpcClientProtocolClient.java:376)
	at java.util.Optional.ifPresent(Optional.java:159)
	at org.apache.ratis.grpc.client.GrpcClientProtocolClient$AsyncStreamObservers.handleReplyFuture(GrpcClientProtocolClient.java:381)
	at org.apache.ratis.grpc.client.GrpcClientProtocolClient$AsyncStreamObservers.timeoutCheck(GrpcClientProtocolClient.java:376)
	at org.apache.ratis.grpc.client.GrpcClientProtocolClient$AsyncStreamObservers.lambda$onNext$3(GrpcClientProtocolClient.java:369)
	at org.apache.ratis.util.TimeoutTimer.lambda$onTimeout$2(TimeoutTimer.java:101)
	at org.apache.ratis.util.LogUtils.runAndLog(LogUtils.java:38)
	at org.apache.ratis.util.LogUtils$1.run(LogUtils.java:78)
	at org.apache.ratis.util.TimeoutTimer$Task.run(TimeoutTimer.java:55)
	at java.util.TimerThread.mainLoop(Timer.java:555)
	at java.util.TimerThread.run(Timer.java:505)
Caused by: org.apache.ratis.protocol.exceptions.TimeoutIOException: client-C624E8C973D5->s4 request #54 timeout 1s
	at org.apache.ratis.grpc.client.GrpcClientProtocolClient$AsyncStreamObservers.lambda$timeoutCheck$5(GrpcClientProtocolClient.java:377)
	... 10 more
2025-09-08 20:27:41,796 [timer4] ERROR impl.OrderedAsync (OrderedAsync.java:lambda$null$6(215)) -  client-E5BD7572A9DC: Failed* RaftClientRequest:client-E5BD7572A9DC->s4@group-6D5932270D9D, cid=52, seq=2, RW, message 4
java.util.concurrent.CompletionException: org.apache.ratis.protocol.exceptions.TimeoutIOException: client-E5BD7572A9DC->s4 request #52 timeout 1s
	at java.util.concurrent.CompletableFuture.encodeThrowable(CompletableFuture.java:292)
	at java.util.concurrent.CompletableFuture.completeThrowable(CompletableFuture.java:308)
	at java.util.concurrent.CompletableFuture.uniAccept(CompletableFuture.java:661)
	at java.util.concurrent.CompletableFuture$UniAccept.tryFire(CompletableFuture.java:646)
	at java.util.concurrent.CompletableFuture.postComplete(CompletableFuture.java:488)
	at java.util.concurrent.CompletableFuture.completeExceptionally(CompletableFuture.java:1990)
	at org.apache.ratis.grpc.client.GrpcClientProtocolClient$AsyncStreamObservers.lambda$timeoutCheck$5(GrpcClientProtocolClient.java:376)
	at java.util.Optional.ifPresent(Optional.java:159)
	at org.apache.ratis.grpc.client.GrpcClientProtocolClient$AsyncStreamObservers.handleReplyFuture(GrpcClientProtocolClient.java:381)
	at org.apache.ratis.grpc.client.GrpcClientProtocolClient$AsyncStreamObservers.timeoutCheck(GrpcClientProtocolClient.java:376)
	at org.apache.ratis.grpc.client.GrpcClientProtocolClient$AsyncStreamObservers.lambda$onNext$3(GrpcClientProtocolClient.java:369)
	at org.apache.ratis.util.TimeoutTimer.lambda$onTimeout$2(TimeoutTimer.java:101)
	at org.apache.ratis.util.LogUtils.runAndLog(LogUtils.java:38)
	at org.apache.ratis.util.LogUtils$1.run(LogUtils.java:78)
	at org.apache.ratis.util.TimeoutTimer$Task.run(TimeoutTimer.java:55)
	at java.util.TimerThread.mainLoop(Timer.java:555)
	at java.util.TimerThread.run(Timer.java:505)
Caused by: org.apache.ratis.protocol.exceptions.TimeoutIOException: client-E5BD7572A9DC->s4 request #52 timeout 1s
	at org.apache.ratis.grpc.client.GrpcClientProtocolClient$AsyncStreamObservers.lambda$timeoutCheck$5(GrpcClientProtocolClient.java:377)
	... 10 more
2025-09-08 20:27:41,797 [timer3] ERROR impl.OrderedAsync (OrderedAsync.java:lambda$send$4(181)) - Failed to send request, message=message 5
java.util.concurrent.CompletionException: org.apache.ratis.protocol.exceptions.TimeoutIOException: client-C624E8C973D5->s4 request #54 timeout 1s
	at java.util.concurrent.CompletableFuture.encodeThrowable(CompletableFuture.java:292)
	at java.util.concurrent.CompletableFuture.completeThrowable(CompletableFuture.java:308)
	at java.util.concurrent.CompletableFuture.uniApply(CompletableFuture.java:607)
	at java.util.concurrent.CompletableFuture$UniApply.tryFire(CompletableFuture.java:591)
	at java.util.concurrent.CompletableFuture.postComplete(CompletableFuture.java:488)
	at java.util.concurrent.CompletableFuture.completeExceptionally(CompletableFuture.java:1990)
	at org.apache.ratis.client.impl.OrderedAsync$PendingOrderedRequest.fail(OrderedAsync.java:111)
	at org.apache.ratis.util.SlidingWindow$Client.fail(SlidingWindow.java:395)
	at org.apache.ratis.client.impl.OrderedAsync.failAllAsyncRequests(OrderedAsync.java:155)
	at org.apache.ratis.client.impl.OrderedAsync.handleException(OrderedAsync.java:239)
	at org.apache.ratis.client.impl.OrderedAsync.lambda$sendRequestWithRetry$7(OrderedAsync.java:217)
	at java.util.concurrent.CompletableFuture.uniExceptionally(CompletableFuture.java:884)
	at java.util.concurrent.CompletableFuture$UniExceptionally.tryFire(CompletableFuture.java:866)
	at java.util.concurrent.CompletableFuture.postComplete(CompletableFuture.java:488)
	at java.util.concurrent.CompletableFuture.completeExceptionally(CompletableFuture.java:1990)
	at org.apache.ratis.grpc.client.GrpcClientProtocolClient$AsyncStreamObservers.lambda$timeoutCheck$5(GrpcClientProtocolClient.java:376)
	at java.util.Optional.ifPresent(Optional.java:159)
	at org.apache.ratis.grpc.client.GrpcClientProtocolClient$AsyncStreamObservers.handleReplyFuture(GrpcClientProtocolClient.java:381)
	at org.apache.ratis.grpc.client.GrpcClientProtocolClient$AsyncStreamObservers.timeoutCheck(GrpcClientProtocolClient.java:376)
	at org.apache.ratis.grpc.client.GrpcClientProtocolClient$AsyncStreamObservers.lambda$onNext$3(GrpcClientProtocolClient.java:369)
	at org.apache.ratis.util.TimeoutTimer.lambda$onTimeout$2(TimeoutTimer.java:101)
	at org.apache.ratis.util.LogUtils.runAndLog(LogUtils.java:38)
	at org.apache.ratis.util.LogUtils$1.run(LogUtils.java:78)
	at org.apache.ratis.util.TimeoutTimer$Task.run(TimeoutTimer.java:55)
	at java.util.TimerThread.mainLoop(Timer.java:555)
	at java.util.TimerThread.run(Timer.java:505)
Caused by: org.apache.ratis.protocol.exceptions.TimeoutIOException: client-C624E8C973D5->s4 request #54 timeout 1s
	at org.apache.ratis.grpc.client.GrpcClientProtocolClient$AsyncStreamObservers.lambda$timeoutCheck$5(GrpcClientProtocolClient.java:377)
	... 10 more
2025-09-08 20:27:41,797 [timer4] ERROR impl.OrderedAsync (OrderedAsync.java:lambda$send$4(181)) - Failed to send request, message=message 4
java.util.concurrent.CompletionException: org.apache.ratis.protocol.exceptions.TimeoutIOException: client-E5BD7572A9DC->s4 request #52 timeout 1s
	at java.util.concurrent.CompletableFuture.encodeThrowable(CompletableFuture.java:292)
	at java.util.concurrent.CompletableFuture.completeThrowable(CompletableFuture.java:308)
	at java.util.concurrent.CompletableFuture.uniApply(CompletableFuture.java:607)
	at java.util.concurrent.CompletableFuture$UniApply.tryFire(CompletableFuture.java:591)
	at java.util.concurrent.CompletableFuture.postComplete(CompletableFuture.java:488)
	at java.util.concurrent.CompletableFuture.completeExceptionally(CompletableFuture.java:1990)
	at org.apache.ratis.client.impl.OrderedAsync$PendingOrderedRequest.fail(OrderedAsync.java:111)
	at org.apache.ratis.util.SlidingWindow$Client.fail(SlidingWindow.java:395)
	at org.apache.ratis.client.impl.OrderedAsync.failAllAsyncRequests(OrderedAsync.java:155)
	at org.apache.ratis.client.impl.OrderedAsync.handleException(OrderedAsync.java:239)
	at org.apache.ratis.client.impl.OrderedAsync.lambda$sendRequestWithRetry$7(OrderedAsync.java:217)
	at java.util.concurrent.CompletableFuture.uniExceptionally(CompletableFuture.java:884)
	at java.util.concurrent.CompletableFuture$UniExceptionally.tryFire(CompletableFuture.java:866)
	at java.util.concurrent.CompletableFuture.postComplete(CompletableFuture.java:488)
	at java.util.concurrent.CompletableFuture.completeExceptionally(CompletableFuture.java:1990)
	at org.apache.ratis.grpc.client.GrpcClientProtocolClient$AsyncStreamObservers.lambda$timeoutCheck$5(GrpcClientProtocolClient.java:376)
	at java.util.Optional.ifPresent(Optional.java:159)
	at org.apache.ratis.grpc.client.GrpcClientProtocolClient$AsyncStreamObservers.handleReplyFuture(GrpcClientProtocolClient.java:381)
	at org.apache.ratis.grpc.client.GrpcClientProtocolClient$AsyncStreamObservers.timeoutCheck(GrpcClientProtocolClient.java:376)
	at org.apache.ratis.grpc.client.GrpcClientProtocolClient$AsyncStreamObservers.lambda$onNext$3(GrpcClientProtocolClient.java:369)
	at org.apache.ratis.util.TimeoutTimer.lambda$onTimeout$2(TimeoutTimer.java:101)
	at org.apache.ratis.util.LogUtils.runAndLog(LogUtils.java:38)
	at org.apache.ratis.util.LogUtils$1.run(LogUtils.java:78)
	at org.apache.ratis.util.TimeoutTimer$Task.run(TimeoutTimer.java:55)
	at java.util.TimerThread.mainLoop(Timer.java:555)
	at java.util.TimerThread.run(Timer.java:505)
Caused by: org.apache.ratis.protocol.exceptions.TimeoutIOException: client-E5BD7572A9DC->s4 request #52 timeout 1s
	at org.apache.ratis.grpc.client.GrpcClientProtocolClient$AsyncStreamObservers.lambda$timeoutCheck$5(GrpcClientProtocolClient.java:377)
	... 10 more
2025-09-08 20:27:41,805 [timer0] ERROR impl.OrderedAsync (OrderedAsync.java:lambda$null$6(215)) -  client-9D1CA24FB277: Failed* RaftClientRequest:client-9D1CA24FB277->s4@group-6D5932270D9D, cid=62, seq=2, RW, message 9
java.util.concurrent.CompletionException: org.apache.ratis.protocol.exceptions.TimeoutIOException: client-9D1CA24FB277->s4 request #62 timeout 1s
	at java.util.concurrent.CompletableFuture.encodeThrowable(CompletableFuture.java:292)
	at java.util.concurrent.CompletableFuture.completeThrowable(CompletableFuture.java:308)
	at java.util.concurrent.CompletableFuture.uniAccept(CompletableFuture.java:661)
	at java.util.concurrent.CompletableFuture$UniAccept.tryFire(CompletableFuture.java:646)
	at java.util.concurrent.CompletableFuture.postComplete(CompletableFuture.java:488)
	at java.util.concurrent.CompletableFuture.completeExceptionally(CompletableFuture.java:1990)
	at org.apache.ratis.grpc.client.GrpcClientProtocolClient$AsyncStreamObservers.lambda$timeoutCheck$5(GrpcClientProtocolClient.java:376)
	at java.util.Optional.ifPresent(Optional.java:159)
	at org.apache.ratis.grpc.client.GrpcClientProtocolClient$AsyncStreamObservers.handleReplyFuture(GrpcClientProtocolClient.java:381)
	at org.apache.ratis.grpc.client.GrpcClientProtocolClient$AsyncStreamObservers.timeoutCheck(GrpcClientProtocolClient.java:376)
	at org.apache.ratis.grpc.client.GrpcClientProtocolClient$AsyncStreamObservers.lambda$onNext$3(GrpcClientProtocolClient.java:369)
	at org.apache.ratis.util.TimeoutTimer.lambda$onTimeout$2(TimeoutTimer.java:101)
	at org.apache.ratis.util.LogUtils.runAndLog(LogUtils.java:38)
	at org.apache.ratis.util.LogUtils$1.run(LogUtils.java:78)
	at org.apache.ratis.util.TimeoutTimer$Task.run(TimeoutTimer.java:55)
	at java.util.TimerThread.mainLoop(Timer.java:555)
	at java.util.TimerThread.run(Timer.java:505)
Caused by: org.apache.ratis.protocol.exceptions.TimeoutIOException: client-9D1CA24FB277->s4 request #62 timeout 1s
	at org.apache.ratis.grpc.client.GrpcClientProtocolClient$AsyncStreamObservers.lambda$timeoutCheck$5(GrpcClientProtocolClient.java:377)
	... 10 more
2025-09-08 20:27:41,805 [timer0] ERROR impl.OrderedAsync (OrderedAsync.java:lambda$send$4(181)) - Failed to send request, message=message 9
java.util.concurrent.CompletionException: org.apache.ratis.protocol.exceptions.TimeoutIOException: client-9D1CA24FB277->s4 request #62 timeout 1s
	at java.util.concurrent.CompletableFuture.encodeThrowable(CompletableFuture.java:292)
	at java.util.concurrent.CompletableFuture.completeThrowable(CompletableFuture.java:308)
	at java.util.concurrent.CompletableFuture.uniApply(CompletableFuture.java:607)
	at java.util.concurrent.CompletableFuture$UniApply.tryFire(CompletableFuture.java:591)
	at java.util.concurrent.CompletableFuture.postComplete(CompletableFuture.java:488)
	at java.util.concurrent.CompletableFuture.completeExceptionally(CompletableFuture.java:1990)
	at org.apache.ratis.client.impl.OrderedAsync$PendingOrderedRequest.fail(OrderedAsync.java:111)
	at org.apache.ratis.util.SlidingWindow$Client.fail(SlidingWindow.java:395)
	at org.apache.ratis.client.impl.OrderedAsync.failAllAsyncRequests(OrderedAsync.java:155)
	at org.apache.ratis.client.impl.OrderedAsync.handleException(OrderedAsync.java:239)
	at org.apache.ratis.client.impl.OrderedAsync.lambda$sendRequestWithRetry$7(OrderedAsync.java:217)
	at java.util.concurrent.CompletableFuture.uniExceptionally(CompletableFuture.java:884)
	at java.util.concurrent.CompletableFuture$UniExceptionally.tryFire(CompletableFuture.java:866)
	at java.util.concurrent.CompletableFuture.postComplete(CompletableFuture.java:488)
	at java.util.concurrent.CompletableFuture.completeExceptionally(CompletableFuture.java:1990)
	at org.apache.ratis.grpc.client.GrpcClientProtocolClient$AsyncStreamObservers.lambda$timeoutCheck$5(GrpcClientProtocolClient.java:376)
	at java.util.Optional.ifPresent(Optional.java:159)
	at org.apache.ratis.grpc.client.GrpcClientProtocolClient$AsyncStreamObservers.handleReplyFuture(GrpcClientProtocolClient.java:381)
	at org.apache.ratis.grpc.client.GrpcClientProtocolClient$AsyncStreamObservers.timeoutCheck(GrpcClientProtocolClient.java:376)
	at org.apache.ratis.grpc.client.GrpcClientProtocolClient$AsyncStreamObservers.lambda$onNext$3(GrpcClientProtocolClient.java:369)
	at org.apache.ratis.util.TimeoutTimer.lambda$onTimeout$2(TimeoutTimer.java:101)
	at org.apache.ratis.util.LogUtils.runAndLog(LogUtils.java:38)
	at org.apache.ratis.util.LogUtils$1.run(LogUtils.java:78)
	at org.apache.ratis.util.TimeoutTimer$Task.run(TimeoutTimer.java:55)
	at java.util.TimerThread.mainLoop(Timer.java:555)
	at java.util.TimerThread.run(Timer.java:505)
Caused by: org.apache.ratis.protocol.exceptions.TimeoutIOException: client-9D1CA24FB277->s4 request #62 timeout 1s
	at org.apache.ratis.grpc.client.GrpcClientProtocolClient$AsyncStreamObservers.lambda$timeoutCheck$5(GrpcClientProtocolClient.java:377)
	... 10 more
2025-09-08 20:27:41,806 [timer4] ERROR impl.OrderedAsync (OrderedAsync.java:lambda$null$6(215)) -  client-7FEFD9D3ED21: Failed* RaftClientRequest:client-7FEFD9D3ED21->s4@group-6D5932270D9D, cid=60, seq=2, RW, message 8
java.util.concurrent.CompletionException: org.apache.ratis.protocol.exceptions.TimeoutIOException: client-7FEFD9D3ED21->s4 request #60 timeout 1s
	at java.util.concurrent.CompletableFuture.encodeThrowable(CompletableFuture.java:292)
	at java.util.concurrent.CompletableFuture.completeThrowable(CompletableFuture.java:308)
	at java.util.concurrent.CompletableFuture.uniAccept(CompletableFuture.java:661)
	at java.util.concurrent.CompletableFuture$UniAccept.tryFire(CompletableFuture.java:646)
	at java.util.concurrent.CompletableFuture.postComplete(CompletableFuture.java:488)
	at java.util.concurrent.CompletableFuture.completeExceptionally(CompletableFuture.java:1990)
	at org.apache.ratis.grpc.client.GrpcClientProtocolClient$AsyncStreamObservers.lambda$timeoutCheck$5(GrpcClientProtocolClient.java:376)
	at java.util.Optional.ifPresent(Optional.java:159)
	at org.apache.ratis.grpc.client.GrpcClientProtocolClient$AsyncStreamObservers.handleReplyFuture(GrpcClientProtocolClient.java:381)
	at org.apache.ratis.grpc.client.GrpcClientProtocolClient$AsyncStreamObservers.timeoutCheck(GrpcClientProtocolClient.java:376)
	at org.apache.ratis.grpc.client.GrpcClientProtocolClient$AsyncStreamObservers.lambda$onNext$3(GrpcClientProtocolClient.java:369)
	at org.apache.ratis.util.TimeoutTimer.lambda$onTimeout$2(TimeoutTimer.java:101)
	at org.apache.ratis.util.LogUtils.runAndLog(LogUtils.java:38)
	at org.apache.ratis.util.LogUtils$1.run(LogUtils.java:78)
	at org.apache.ratis.util.TimeoutTimer$Task.run(TimeoutTimer.java:55)
	at java.util.TimerThread.mainLoop(Timer.java:555)
	at java.util.TimerThread.run(Timer.java:505)
Caused by: org.apache.ratis.protocol.exceptions.TimeoutIOException: client-7FEFD9D3ED21->s4 request #60 timeout 1s
	at org.apache.ratis.grpc.client.GrpcClientProtocolClient$AsyncStreamObservers.lambda$timeoutCheck$5(GrpcClientProtocolClient.java:377)
	... 10 more
2025-09-08 20:27:41,806 [timer4] ERROR impl.OrderedAsync (OrderedAsync.java:lambda$send$4(181)) - Failed to send request, message=message 8
java.util.concurrent.CompletionException: org.apache.ratis.protocol.exceptions.TimeoutIOException: client-7FEFD9D3ED21->s4 request #60 timeout 1s
	at java.util.concurrent.CompletableFuture.encodeThrowable(CompletableFuture.java:292)
	at java.util.concurrent.CompletableFuture.completeThrowable(CompletableFuture.java:308)
	at java.util.concurrent.CompletableFuture.uniApply(CompletableFuture.java:607)
	at java.util.concurrent.CompletableFuture$UniApply.tryFire(CompletableFuture.java:591)
	at java.util.concurrent.CompletableFuture.postComplete(CompletableFuture.java:488)
	at java.util.concurrent.CompletableFuture.completeExceptionally(CompletableFuture.java:1990)
	at org.apache.ratis.client.impl.OrderedAsync$PendingOrderedRequest.fail(OrderedAsync.java:111)
	at org.apache.ratis.util.SlidingWindow$Client.fail(SlidingWindow.java:395)
	at org.apache.ratis.client.impl.OrderedAsync.failAllAsyncRequests(OrderedAsync.java:155)
	at org.apache.ratis.client.impl.OrderedAsync.handleException(OrderedAsync.java:239)
	at org.apache.ratis.client.impl.OrderedAsync.lambda$sendRequestWithRetry$7(OrderedAsync.java:217)
	at java.util.concurrent.CompletableFuture.uniExceptionally(CompletableFuture.java:884)
	at java.util.concurrent.CompletableFuture$UniExceptionally.tryFire(CompletableFuture.java:866)
	at java.util.concurrent.CompletableFuture.postComplete(CompletableFuture.java:488)
	at java.util.concurrent.CompletableFuture.completeExceptionally(CompletableFuture.java:1990)
	at org.apache.ratis.grpc.client.GrpcClientProtocolClient$AsyncStreamObservers.lambda$timeoutCheck$5(GrpcClientProtocolClient.java:376)
	at java.util.Optional.ifPresent(Optional.java:159)
	at org.apache.ratis.grpc.client.GrpcClientProtocolClient$AsyncStreamObservers.handleReplyFuture(GrpcClientProtocolClient.java:381)
	at org.apache.ratis.grpc.client.GrpcClientProtocolClient$AsyncStreamObservers.timeoutCheck(GrpcClientProtocolClient.java:376)
	at org.apache.ratis.grpc.client.GrpcClientProtocolClient$AsyncStreamObservers.lambda$onNext$3(GrpcClientProtocolClient.java:369)
	at org.apache.ratis.util.TimeoutTimer.lambda$onTimeout$2(TimeoutTimer.java:101)
	at org.apache.ratis.util.LogUtils.runAndLog(LogUtils.java:38)
	at org.apache.ratis.util.LogUtils$1.run(LogUtils.java:78)
	at org.apache.ratis.util.TimeoutTimer$Task.run(TimeoutTimer.java:55)
	at java.util.TimerThread.mainLoop(Timer.java:555)
	at java.util.TimerThread.run(Timer.java:505)
Caused by: org.apache.ratis.protocol.exceptions.TimeoutIOException: client-7FEFD9D3ED21->s4 request #60 timeout 1s
	at org.apache.ratis.grpc.client.GrpcClientProtocolClient$AsyncStreamObservers.lambda$timeoutCheck$5(GrpcClientProtocolClient.java:377)
	... 10 more
2025-09-08 20:27:41,828 [s4@group-6D5932270D9D->s5-GrpcLogAppender-LogAppenderDaemon] INFO  impl.SimpleStateMachineStorage (SimpleStateMachineStorage.java:loadLatestSnapshot(230)) - Latest snapshot is null in /home/runner/work/ratis/ratis/ratis-test/target/test/data/d6c3ea1c/MiniRaftClusterWithGrpcf715ded6/s4/5913e5d7-f0d0-40b3-8fb1-6d5932270d9d/sm
2025-09-08 20:27:41,828 [s4@group-6D5932270D9D->s3-GrpcLogAppender-LogAppenderDaemon] INFO  impl.SimpleStateMachineStorage (SimpleStateMachineStorage.java:loadLatestSnapshot(230)) - Latest snapshot is null in /home/runner/work/ratis/ratis/ratis-test/target/test/data/d6c3ea1c/MiniRaftClusterWithGrpcf715ded6/s4/5913e5d7-f0d0-40b3-8fb1-6d5932270d9d/sm
2025-09-08 20:27:41,829 [grpc-default-executor-12] INFO  impl.SimpleStateMachineStorage (SimpleStateMachineStorage.java:loadLatestSnapshot(230)) - Latest snapshot is null in /home/runner/work/ratis/ratis/ratis-test/target/test/data/d6c3ea1c/MiniRaftClusterWithGrpcf715ded6/s3/5913e5d7-f0d0-40b3-8fb1-6d5932270d9d/sm
2025-09-08 20:27:41,829 [grpc-default-executor-0] INFO  impl.SimpleStateMachineStorage (SimpleStateMachineStorage.java:loadLatestSnapshot(230)) - Latest snapshot is null in /home/runner/work/ratis/ratis/ratis-test/target/test/data/d6c3ea1c/MiniRaftClusterWithGrpcf715ded6/s5/5913e5d7-f0d0-40b3-8fb1-6d5932270d9d/sm
2025-09-08 20:27:41,905 [s4@group-6D5932270D9D->s5-GrpcLogAppender-LogAppenderDaemon] INFO  impl.SimpleStateMachineStorage (SimpleStateMachineStorage.java:loadLatestSnapshot(230)) - Latest snapshot is null in /home/runner/work/ratis/ratis/ratis-test/target/test/data/d6c3ea1c/MiniRaftClusterWithGrpcf715ded6/s4/5913e5d7-f0d0-40b3-8fb1-6d5932270d9d/sm
2025-09-08 20:27:41,906 [grpc-default-executor-12] INFO  impl.SimpleStateMachineStorage (SimpleStateMachineStorage.java:loadLatestSnapshot(230)) - Latest snapshot is null in /home/runner/work/ratis/ratis/ratis-test/target/test/data/d6c3ea1c/MiniRaftClusterWithGrpcf715ded6/s5/5913e5d7-f0d0-40b3-8fb1-6d5932270d9d/sm
2025-09-08 20:27:41,906 [s4@group-6D5932270D9D->s3-GrpcLogAppender-LogAppenderDaemon] INFO  impl.SimpleStateMachineStorage (SimpleStateMachineStorage.java:loadLatestSnapshot(230)) - Latest snapshot is null in /home/runner/work/ratis/ratis/ratis-test/target/test/data/d6c3ea1c/MiniRaftClusterWithGrpcf715ded6/s4/5913e5d7-f0d0-40b3-8fb1-6d5932270d9d/sm
2025-09-08 20:27:41,907 [grpc-default-executor-0] INFO  impl.SimpleStateMachineStorage (SimpleStateMachineStorage.java:loadLatestSnapshot(230)) - Latest snapshot is null in /home/runner/work/ratis/ratis/ratis-test/target/test/data/d6c3ea1c/MiniRaftClusterWithGrpcf715ded6/s3/5913e5d7-f0d0-40b3-8fb1-6d5932270d9d/sm
2025-09-08 20:27:41,983 [s4@group-6D5932270D9D->s5-GrpcLogAppender-LogAppenderDaemon] INFO  impl.SimpleStateMachineStorage (SimpleStateMachineStorage.java:loadLatestSnapshot(230)) - Latest snapshot is null in /home/runner/work/ratis/ratis/ratis-test/target/test/data/d6c3ea1c/MiniRaftClusterWithGrpcf715ded6/s4/5913e5d7-f0d0-40b3-8fb1-6d5932270d9d/sm
2025-09-08 20:27:41,984 [s4@group-6D5932270D9D->s3-GrpcLogAppender-LogAppenderDaemon] INFO  impl.SimpleStateMachineStorage (SimpleStateMachineStorage.java:loadLatestSnapshot(230)) - Latest snapshot is null in /home/runner/work/ratis/ratis/ratis-test/target/test/data/d6c3ea1c/MiniRaftClusterWithGrpcf715ded6/s4/5913e5d7-f0d0-40b3-8fb1-6d5932270d9d/sm
2025-09-08 20:27:41,984 [grpc-default-executor-0] INFO  impl.SimpleStateMachineStorage (SimpleStateMachineStorage.java:loadLatestSnapshot(230)) - Latest snapshot is null in /home/runner/work/ratis/ratis/ratis-test/target/test/data/d6c3ea1c/MiniRaftClusterWithGrpcf715ded6/s5/5913e5d7-f0d0-40b3-8fb1-6d5932270d9d/sm
2025-09-08 20:27:41,984 [grpc-default-executor-12] INFO  impl.SimpleStateMachineStorage (SimpleStateMachineStorage.java:loadLatestSnapshot(230)) - Latest snapshot is null in /home/runner/work/ratis/ratis/ratis-test/target/test/data/d6c3ea1c/MiniRaftClusterWithGrpcf715ded6/s3/5913e5d7-f0d0-40b3-8fb1-6d5932270d9d/sm
2025-09-08 20:27:42,061 [s4@group-6D5932270D9D->s3-GrpcLogAppender-LogAppenderDaemon] INFO  impl.SimpleStateMachineStorage (SimpleStateMachineStorage.java:loadLatestSnapshot(230)) - Latest snapshot is null in /home/runner/work/ratis/ratis/ratis-test/target/test/data/d6c3ea1c/MiniRaftClusterWithGrpcf715ded6/s4/5913e5d7-f0d0-40b3-8fb1-6d5932270d9d/sm
2025-09-08 20:27:42,061 [s4@group-6D5932270D9D->s5-GrpcLogAppender-LogAppenderDaemon] INFO  impl.SimpleStateMachineStorage (SimpleStateMachineStorage.java:loadLatestSnapshot(230)) - Latest snapshot is null in /home/runner/work/ratis/ratis/ratis-test/target/test/data/d6c3ea1c/MiniRaftClusterWithGrpcf715ded6/s4/5913e5d7-f0d0-40b3-8fb1-6d5932270d9d/sm
2025-09-08 20:27:42,062 [grpc-default-executor-12] INFO  impl.SimpleStateMachineStorage (SimpleStateMachineStorage.java:loadLatestSnapshot(230)) - Latest snapshot is null in /home/runner/work/ratis/ratis/ratis-test/target/test/data/d6c3ea1c/MiniRaftClusterWithGrpcf715ded6/s3/5913e5d7-f0d0-40b3-8fb1-6d5932270d9d/sm
2025-09-08 20:27:42,062 [grpc-default-executor-0] INFO  impl.SimpleStateMachineStorage (SimpleStateMachineStorage.java:loadLatestSnapshot(230)) - Latest snapshot is null in /home/runner/work/ratis/ratis/ratis-test/target/test/data/d6c3ea1c/MiniRaftClusterWithGrpcf715ded6/s5/5913e5d7-f0d0-40b3-8fb1-6d5932270d9d/sm
2025-09-08 20:27:42,138 [s4@group-6D5932270D9D->s3-GrpcLogAppender-LogAppenderDaemon] INFO  impl.SimpleStateMachineStorage (SimpleStateMachineStorage.java:loadLatestSnapshot(230)) - Latest snapshot is null in /home/runner/work/ratis/ratis/ratis-test/target/test/data/d6c3ea1c/MiniRaftClusterWithGrpcf715ded6/s4/5913e5d7-f0d0-40b3-8fb1-6d5932270d9d/sm
2025-09-08 20:27:42,138 [s4@group-6D5932270D9D->s5-GrpcLogAppender-LogAppenderDaemon] INFO  impl.SimpleStateMachineStorage (SimpleStateMachineStorage.java:loadLatestSnapshot(230)) - Latest snapshot is null in /home/runner/work/ratis/ratis/ratis-test/target/test/data/d6c3ea1c/MiniRaftClusterWithGrpcf715ded6/s4/5913e5d7-f0d0-40b3-8fb1-6d5932270d9d/sm
2025-09-08 20:27:42,139 [grpc-default-executor-12] INFO  impl.SimpleStateMachineStorage (SimpleStateMachineStorage.java:loadLatestSnapshot(230)) - Latest snapshot is null in /home/runner/work/ratis/ratis/ratis-test/target/test/data/d6c3ea1c/MiniRaftClusterWithGrpcf715ded6/s3/5913e5d7-f0d0-40b3-8fb1-6d5932270d9d/sm
2025-09-08 20:27:42,139 [grpc-default-executor-0] INFO  impl.SimpleStateMachineStorage (SimpleStateMachineStorage.java:loadLatestSnapshot(230)) - Latest snapshot is null in /home/runner/work/ratis/ratis/ratis-test/target/test/data/d6c3ea1c/MiniRaftClusterWithGrpcf715ded6/s5/5913e5d7-f0d0-40b3-8fb1-6d5932270d9d/sm
2025-09-08 20:27:42,202 [timer2] INFO  server.GrpcServerProtocolService (GrpcServerProtocolService.java:lambda$onCompleted$6(171)) - s0: Completed APPEND_ENTRIES, lastRequest: null  (Repeated 2 times in the last 5.000s)
2025-09-08 20:27:42,202 [timer3] INFO  server.GrpcServerProtocolService (GrpcServerProtocolService.java:lambda$null$7(175)) - s0: Completed APPEND_ENTRIES, lastReply: serverReply {
  requestorId: "s2"
  replyId: "s0"
  raftGroupId {
    id: "N\037\326\237\315$M\376\223G\r{\243\023\'\n"
  }
  callId: 59
  success: true
}
term: 1
nextIndex: 3
followerCommit: 2
matchIndex: 18446744073709551615
isHearbeat: true
  (Repeated 2 times in the last 5.000s)
2025-09-08 20:27:42,203 [timer4] INFO  server.GrpcServerProtocolService (GrpcServerProtocolService.java:lambda$onCompleted$6(171)) - s1: Completed APPEND_ENTRIES, lastRequest: s2->s1#6-t1,previous=(t:1, i:1),leaderCommit=1,initializing? false,entries: size=1, first=(t:1, i:2), METADATAENTRY(c:1)  (Repeated 2 times in the last 5.000s)
2025-09-08 20:27:42,206 [timer5] INFO  server.GrpcServerProtocolService (GrpcServerProtocolService.java:lambda$null$7(175)) - s1: Completed APPEND_ENTRIES, lastReply: null  (Repeated 2 times in the last 5.003s)
2025-09-08 20:27:42,216 [s4@group-6D5932270D9D->s3-GrpcLogAppender-LogAppenderDaemon] INFO  impl.SimpleStateMachineStorage (SimpleStateMachineStorage.java:loadLatestSnapshot(230)) - Latest snapshot is null in /home/runner/work/ratis/ratis/ratis-test/target/test/data/d6c3ea1c/MiniRaftClusterWithGrpcf715ded6/s4/5913e5d7-f0d0-40b3-8fb1-6d5932270d9d/sm
2025-09-08 20:27:42,217 [s4@group-6D5932270D9D->s5-GrpcLogAppender-LogAppenderDaemon] INFO  impl.SimpleStateMachineStorage (SimpleStateMachineStorage.java:loadLatestSnapshot(230)) - Latest snapshot is null in /home/runner/work/ratis/ratis/ratis-test/target/test/data/d6c3ea1c/MiniRaftClusterWithGrpcf715ded6/s4/5913e5d7-f0d0-40b3-8fb1-6d5932270d9d/sm
2025-09-08 20:27:42,217 [grpc-default-executor-12] INFO  impl.SimpleStateMachineStorage (SimpleStateMachineStorage.java:loadLatestSnapshot(230)) - Latest snapshot is null in /home/runner/work/ratis/ratis/ratis-test/target/test/data/d6c3ea1c/MiniRaftClusterWithGrpcf715ded6/s3/5913e5d7-f0d0-40b3-8fb1-6d5932270d9d/sm
2025-09-08 20:27:42,217 [grpc-default-executor-0] INFO  impl.SimpleStateMachineStorage (SimpleStateMachineStorage.java:loadLatestSnapshot(230)) - Latest snapshot is null in /home/runner/work/ratis/ratis/ratis-test/target/test/data/d6c3ea1c/MiniRaftClusterWithGrpcf715ded6/s5/5913e5d7-f0d0-40b3-8fb1-6d5932270d9d/sm
2025-09-08 20:27:42,293 [s4@group-6D5932270D9D->s3-GrpcLogAppender-LogAppenderDaemon] INFO  impl.SimpleStateMachineStorage (SimpleStateMachineStorage.java:loadLatestSnapshot(230)) - Latest snapshot is null in /home/runner/work/ratis/ratis/ratis-test/target/test/data/d6c3ea1c/MiniRaftClusterWithGrpcf715ded6/s4/5913e5d7-f0d0-40b3-8fb1-6d5932270d9d/sm
2025-09-08 20:27:42,293 [s4@group-6D5932270D9D->s5-GrpcLogAppender-LogAppenderDaemon] INFO  impl.SimpleStateMachineStorage (SimpleStateMachineStorage.java:loadLatestSnapshot(230)) - Latest snapshot is null in /home/runner/work/ratis/ratis/ratis-test/target/test/data/d6c3ea1c/MiniRaftClusterWithGrpcf715ded6/s4/5913e5d7-f0d0-40b3-8fb1-6d5932270d9d/sm
2025-09-08 20:27:42,294 [grpc-default-executor-12] INFO  impl.SimpleStateMachineStorage (SimpleStateMachineStorage.java:loadLatestSnapshot(230)) - Latest snapshot is null in /home/runner/work/ratis/ratis/ratis-test/target/test/data/d6c3ea1c/MiniRaftClusterWithGrpcf715ded6/s5/5913e5d7-f0d0-40b3-8fb1-6d5932270d9d/sm
2025-09-08 20:27:42,295 [grpc-default-executor-0] INFO  impl.SimpleStateMachineStorage (SimpleStateMachineStorage.java:loadLatestSnapshot(230)) - Latest snapshot is null in /home/runner/work/ratis/ratis/ratis-test/target/test/data/d6c3ea1c/MiniRaftClusterWithGrpcf715ded6/s3/5913e5d7-f0d0-40b3-8fb1-6d5932270d9d/sm
2025-09-08 20:27:42,371 [s4@group-6D5932270D9D->s5-GrpcLogAppender-LogAppenderDaemon] INFO  impl.SimpleStateMachineStorage (SimpleStateMachineStorage.java:loadLatestSnapshot(230)) - Latest snapshot is null in /home/runner/work/ratis/ratis/ratis-test/target/test/data/d6c3ea1c/MiniRaftClusterWithGrpcf715ded6/s4/5913e5d7-f0d0-40b3-8fb1-6d5932270d9d/sm
2025-09-08 20:27:42,371 [s4@group-6D5932270D9D->s3-GrpcLogAppender-LogAppenderDaemon] INFO  impl.SimpleStateMachineStorage (SimpleStateMachineStorage.java:loadLatestSnapshot(230)) - Latest snapshot is null in /home/runner/work/ratis/ratis/ratis-test/target/test/data/d6c3ea1c/MiniRaftClusterWithGrpcf715ded6/s4/5913e5d7-f0d0-40b3-8fb1-6d5932270d9d/sm
2025-09-08 20:27:42,372 [grpc-default-executor-0] INFO  impl.SimpleStateMachineStorage (SimpleStateMachineStorage.java:loadLatestSnapshot(230)) - Latest snapshot is null in /home/runner/work/ratis/ratis/ratis-test/target/test/data/d6c3ea1c/MiniRaftClusterWithGrpcf715ded6/s5/5913e5d7-f0d0-40b3-8fb1-6d5932270d9d/sm
2025-09-08 20:27:42,372 [grpc-default-executor-0] INFO  impl.SimpleStateMachineStorage (SimpleStateMachineStorage.java:loadLatestSnapshot(230)) - Latest snapshot is null in /home/runner/work/ratis/ratis/ratis-test/target/test/data/d6c3ea1c/MiniRaftClusterWithGrpcf715ded6/s3/5913e5d7-f0d0-40b3-8fb1-6d5932270d9d/sm
2025-09-08 20:27:42,448 [s4@group-6D5932270D9D->s3-GrpcLogAppender-LogAppenderDaemon] INFO  impl.SimpleStateMachineStorage (SimpleStateMachineStorage.java:loadLatestSnapshot(230)) - Latest snapshot is null in /home/runner/work/ratis/ratis/ratis-test/target/test/data/d6c3ea1c/MiniRaftClusterWithGrpcf715ded6/s4/5913e5d7-f0d0-40b3-8fb1-6d5932270d9d/sm
2025-09-08 20:27:42,449 [s4@group-6D5932270D9D->s5-GrpcLogAppender-LogAppenderDaemon] INFO  impl.SimpleStateMachineStorage (SimpleStateMachineStorage.java:loadLatestSnapshot(230)) - Latest snapshot is null in /home/runner/work/ratis/ratis/ratis-test/target/test/data/d6c3ea1c/MiniRaftClusterWithGrpcf715ded6/s4/5913e5d7-f0d0-40b3-8fb1-6d5932270d9d/sm
2025-09-08 20:27:42,449 [grpc-default-executor-12] INFO  impl.SimpleStateMachineStorage (SimpleStateMachineStorage.java:loadLatestSnapshot(230)) - Latest snapshot is null in /home/runner/work/ratis/ratis/ratis-test/target/test/data/d6c3ea1c/MiniRaftClusterWithGrpcf715ded6/s3/5913e5d7-f0d0-40b3-8fb1-6d5932270d9d/sm
2025-09-08 20:27:42,450 [grpc-default-executor-12] INFO  impl.SimpleStateMachineStorage (SimpleStateMachineStorage.java:loadLatestSnapshot(230)) - Latest snapshot is null in /home/runner/work/ratis/ratis/ratis-test/target/test/data/d6c3ea1c/MiniRaftClusterWithGrpcf715ded6/s5/5913e5d7-f0d0-40b3-8fb1-6d5932270d9d/sm
2025-09-08 20:27:42,525 [s4@group-6D5932270D9D->s3-GrpcLogAppender-LogAppenderDaemon] INFO  impl.SimpleStateMachineStorage (SimpleStateMachineStorage.java:loadLatestSnapshot(230)) - Latest snapshot is null in /home/runner/work/ratis/ratis/ratis-test/target/test/data/d6c3ea1c/MiniRaftClusterWithGrpcf715ded6/s4/5913e5d7-f0d0-40b3-8fb1-6d5932270d9d/sm
2025-09-08 20:27:42,526 [grpc-default-executor-0] INFO  impl.SimpleStateMachineStorage (SimpleStateMachineStorage.java:loadLatestSnapshot(230)) - Latest snapshot is null in /home/runner/work/ratis/ratis/ratis-test/target/test/data/d6c3ea1c/MiniRaftClusterWithGrpcf715ded6/s3/5913e5d7-f0d0-40b3-8fb1-6d5932270d9d/sm
2025-09-08 20:27:42,527 [s4@group-6D5932270D9D->s5-GrpcLogAppender-LogAppenderDaemon] INFO  impl.SimpleStateMachineStorage (SimpleStateMachineStorage.java:loadLatestSnapshot(230)) - Latest snapshot is null in /home/runner/work/ratis/ratis/ratis-test/target/test/data/d6c3ea1c/MiniRaftClusterWithGrpcf715ded6/s4/5913e5d7-f0d0-40b3-8fb1-6d5932270d9d/sm
2025-09-08 20:27:42,527 [grpc-default-executor-0] INFO  impl.SimpleStateMachineStorage (SimpleStateMachineStorage.java:loadLatestSnapshot(230)) - Latest snapshot is null in /home/runner/work/ratis/ratis/ratis-test/target/test/data/d6c3ea1c/MiniRaftClusterWithGrpcf715ded6/s5/5913e5d7-f0d0-40b3-8fb1-6d5932270d9d/sm
2025-09-08 20:27:42,602 [s4@group-6D5932270D9D->s3-GrpcLogAppender-LogAppenderDaemon] INFO  impl.SimpleStateMachineStorage (SimpleStateMachineStorage.java:loadLatestSnapshot(230)) - Latest snapshot is null in /home/runner/work/ratis/ratis/ratis-test/target/test/data/d6c3ea1c/MiniRaftClusterWithGrpcf715ded6/s4/5913e5d7-f0d0-40b3-8fb1-6d5932270d9d/sm
2025-09-08 20:27:42,603 [grpc-default-executor-0] INFO  impl.SimpleStateMachineStorage (SimpleStateMachineStorage.java:loadLatestSnapshot(230)) - Latest snapshot is null in /home/runner/work/ratis/ratis/ratis-test/target/test/data/d6c3ea1c/MiniRaftClusterWithGrpcf715ded6/s3/5913e5d7-f0d0-40b3-8fb1-6d5932270d9d/sm
2025-09-08 20:27:42,604 [s4@group-6D5932270D9D->s5-GrpcLogAppender-LogAppenderDaemon] INFO  impl.SimpleStateMachineStorage (SimpleStateMachineStorage.java:loadLatestSnapshot(230)) - Latest snapshot is null in /home/runner/work/ratis/ratis/ratis-test/target/test/data/d6c3ea1c/MiniRaftClusterWithGrpcf715ded6/s4/5913e5d7-f0d0-40b3-8fb1-6d5932270d9d/sm
2025-09-08 20:27:42,604 [grpc-default-executor-0] INFO  impl.SimpleStateMachineStorage (SimpleStateMachineStorage.java:loadLatestSnapshot(230)) - Latest snapshot is null in /home/runner/work/ratis/ratis/ratis-test/target/test/data/d6c3ea1c/MiniRaftClusterWithGrpcf715ded6/s5/5913e5d7-f0d0-40b3-8fb1-6d5932270d9d/sm
2025-09-08 20:27:42,679 [s4@group-6D5932270D9D->s3-GrpcLogAppender-LogAppenderDaemon] INFO  impl.SimpleStateMachineStorage (SimpleStateMachineStorage.java:loadLatestSnapshot(230)) - Latest snapshot is null in /home/runner/work/ratis/ratis/ratis-test/target/test/data/d6c3ea1c/MiniRaftClusterWithGrpcf715ded6/s4/5913e5d7-f0d0-40b3-8fb1-6d5932270d9d/sm
2025-09-08 20:27:42,680 [grpc-default-executor-0] INFO  impl.SimpleStateMachineStorage (SimpleStateMachineStorage.java:loadLatestSnapshot(230)) - Latest snapshot is null in /home/runner/work/ratis/ratis/ratis-test/target/test/data/d6c3ea1c/MiniRaftClusterWithGrpcf715ded6/s3/5913e5d7-f0d0-40b3-8fb1-6d5932270d9d/sm
2025-09-08 20:27:42,681 [s4@group-6D5932270D9D->s5-GrpcLogAppender-LogAppenderDaemon] INFO  impl.SimpleStateMachineStorage (SimpleStateMachineStorage.java:loadLatestSnapshot(230)) - Latest snapshot is null in /home/runner/work/ratis/ratis/ratis-test/target/test/data/d6c3ea1c/MiniRaftClusterWithGrpcf715ded6/s4/5913e5d7-f0d0-40b3-8fb1-6d5932270d9d/sm
2025-09-08 20:27:42,682 [grpc-default-executor-0] INFO  impl.SimpleStateMachineStorage (SimpleStateMachineStorage.java:loadLatestSnapshot(230)) - Latest snapshot is null in /home/runner/work/ratis/ratis/ratis-test/target/test/data/d6c3ea1c/MiniRaftClusterWithGrpcf715ded6/s5/5913e5d7-f0d0-40b3-8fb1-6d5932270d9d/sm
2025-09-08 20:27:42,756 [s4@group-6D5932270D9D->s3-GrpcLogAppender-LogAppenderDaemon] INFO  impl.SimpleStateMachineStorage (SimpleStateMachineStorage.java:loadLatestSnapshot(230)) - Latest snapshot is null in /home/runner/work/ratis/ratis/ratis-test/target/test/data/d6c3ea1c/MiniRaftClusterWithGrpcf715ded6/s4/5913e5d7-f0d0-40b3-8fb1-6d5932270d9d/sm
2025-09-08 20:27:42,757 [grpc-default-executor-0] INFO  impl.SimpleStateMachineStorage (SimpleStateMachineStorage.java:loadLatestSnapshot(230)) - Latest snapshot is null in /home/runner/work/ratis/ratis/ratis-test/target/test/data/d6c3ea1c/MiniRaftClusterWithGrpcf715ded6/s3/5913e5d7-f0d0-40b3-8fb1-6d5932270d9d/sm
2025-09-08 20:27:42,758 [s4@group-6D5932270D9D->s5-GrpcLogAppender-LogAppenderDaemon] INFO  impl.SimpleStateMachineStorage (SimpleStateMachineStorage.java:loadLatestSnapshot(230)) - Latest snapshot is null in /home/runner/work/ratis/ratis/ratis-test/target/test/data/d6c3ea1c/MiniRaftClusterWithGrpcf715ded6/s4/5913e5d7-f0d0-40b3-8fb1-6d5932270d9d/sm
2025-09-08 20:27:42,759 [grpc-default-executor-0] INFO  impl.SimpleStateMachineStorage (SimpleStateMachineStorage.java:loadLatestSnapshot(230)) - Latest snapshot is null in /home/runner/work/ratis/ratis/ratis-test/target/test/data/d6c3ea1c/MiniRaftClusterWithGrpcf715ded6/s5/5913e5d7-f0d0-40b3-8fb1-6d5932270d9d/sm
2025-09-08 20:27:42,834 [s4@group-6D5932270D9D->s3-GrpcLogAppender-LogAppenderDaemon] INFO  impl.SimpleStateMachineStorage (SimpleStateMachineStorage.java:loadLatestSnapshot(230)) - Latest snapshot is null in /home/runner/work/ratis/ratis/ratis-test/target/test/data/d6c3ea1c/MiniRaftClusterWithGrpcf715ded6/s4/5913e5d7-f0d0-40b3-8fb1-6d5932270d9d/sm
2025-09-08 20:27:42,835 [grpc-default-executor-0] INFO  impl.SimpleStateMachineStorage (SimpleStateMachineStorage.java:loadLatestSnapshot(230)) - Latest snapshot is null in /home/runner/work/ratis/ratis/ratis-test/target/test/data/d6c3ea1c/MiniRaftClusterWithGrpcf715ded6/s3/5913e5d7-f0d0-40b3-8fb1-6d5932270d9d/sm
2025-09-08 20:27:42,836 [s4@group-6D5932270D9D->s5-GrpcLogAppender-LogAppenderDaemon] INFO  impl.SimpleStateMachineStorage (SimpleStateMachineStorage.java:loadLatestSnapshot(230)) - Latest snapshot is null in /home/runner/work/ratis/ratis/ratis-test/target/test/data/d6c3ea1c/MiniRaftClusterWithGrpcf715ded6/s4/5913e5d7-f0d0-40b3-8fb1-6d5932270d9d/sm
2025-09-08 20:27:42,836 [grpc-default-executor-0] INFO  impl.SimpleStateMachineStorage (SimpleStateMachineStorage.java:loadLatestSnapshot(230)) - Latest snapshot is null in /home/runner/work/ratis/ratis/ratis-test/target/test/data/d6c3ea1c/MiniRaftClusterWithGrpcf715ded6/s5/5913e5d7-f0d0-40b3-8fb1-6d5932270d9d/sm
2025-09-08 20:27:42,912 [s4@group-6D5932270D9D->s5-GrpcLogAppender-LogAppenderDaemon] INFO  impl.SimpleStateMachineStorage (SimpleStateMachineStorage.java:loadLatestSnapshot(230)) - Latest snapshot is null in /home/runner/work/ratis/ratis/ratis-test/target/test/data/d6c3ea1c/MiniRaftClusterWithGrpcf715ded6/s4/5913e5d7-f0d0-40b3-8fb1-6d5932270d9d/sm
2025-09-08 20:27:42,912 [s4@group-6D5932270D9D->s3-GrpcLogAppender-LogAppenderDaemon] INFO  impl.SimpleStateMachineStorage (SimpleStateMachineStorage.java:loadLatestSnapshot(230)) - Latest snapshot is null in /home/runner/work/ratis/ratis/ratis-test/target/test/data/d6c3ea1c/MiniRaftClusterWithGrpcf715ded6/s4/5913e5d7-f0d0-40b3-8fb1-6d5932270d9d/sm
2025-09-08 20:27:42,913 [grpc-default-executor-12] INFO  impl.SimpleStateMachineStorage (SimpleStateMachineStorage.java:loadLatestSnapshot(230)) - Latest snapshot is null in /home/runner/work/ratis/ratis/ratis-test/target/test/data/d6c3ea1c/MiniRaftClusterWithGrpcf715ded6/s3/5913e5d7-f0d0-40b3-8fb1-6d5932270d9d/sm
2025-09-08 20:27:42,913 [grpc-default-executor-0] INFO  impl.SimpleStateMachineStorage (SimpleStateMachineStorage.java:loadLatestSnapshot(230)) - Latest snapshot is null in /home/runner/work/ratis/ratis/ratis-test/target/test/data/d6c3ea1c/MiniRaftClusterWithGrpcf715ded6/s5/5913e5d7-f0d0-40b3-8fb1-6d5932270d9d/sm
2025-09-08 20:27:42,989 [s4@group-6D5932270D9D->s5-GrpcLogAppender-LogAppenderDaemon] INFO  impl.SimpleStateMachineStorage (SimpleStateMachineStorage.java:loadLatestSnapshot(230)) - Latest snapshot is null in /home/runner/work/ratis/ratis/ratis-test/target/test/data/d6c3ea1c/MiniRaftClusterWithGrpcf715ded6/s4/5913e5d7-f0d0-40b3-8fb1-6d5932270d9d/sm
2025-09-08 20:27:42,989 [s4@group-6D5932270D9D->s3-GrpcLogAppender-LogAppenderDaemon] INFO  impl.SimpleStateMachineStorage (SimpleStateMachineStorage.java:loadLatestSnapshot(230)) - Latest snapshot is null in /home/runner/work/ratis/ratis/ratis-test/target/test/data/d6c3ea1c/MiniRaftClusterWithGrpcf715ded6/s4/5913e5d7-f0d0-40b3-8fb1-6d5932270d9d/sm
2025-09-08 20:27:42,990 [grpc-default-executor-12] INFO  impl.SimpleStateMachineStorage (SimpleStateMachineStorage.java:loadLatestSnapshot(230)) - Latest snapshot is null in /home/runner/work/ratis/ratis/ratis-test/target/test/data/d6c3ea1c/MiniRaftClusterWithGrpcf715ded6/s5/5913e5d7-f0d0-40b3-8fb1-6d5932270d9d/sm
2025-09-08 20:27:42,990 [grpc-default-executor-0] INFO  impl.SimpleStateMachineStorage (SimpleStateMachineStorage.java:loadLatestSnapshot(230)) - Latest snapshot is null in /home/runner/work/ratis/ratis/ratis-test/target/test/data/d6c3ea1c/MiniRaftClusterWithGrpcf715ded6/s3/5913e5d7-f0d0-40b3-8fb1-6d5932270d9d/sm
2025-09-08 20:27:43,066 [s4@group-6D5932270D9D->s3-GrpcLogAppender-LogAppenderDaemon] INFO  impl.SimpleStateMachineStorage (SimpleStateMachineStorage.java:loadLatestSnapshot(230)) - Latest snapshot is null in /home/runner/work/ratis/ratis/ratis-test/target/test/data/d6c3ea1c/MiniRaftClusterWithGrpcf715ded6/s4/5913e5d7-f0d0-40b3-8fb1-6d5932270d9d/sm
2025-09-08 20:27:43,067 [s4@group-6D5932270D9D->s5-GrpcLogAppender-LogAppenderDaemon] INFO  impl.SimpleStateMachineStorage (SimpleStateMachineStorage.java:loadLatestSnapshot(230)) - Latest snapshot is null in /home/runner/work/ratis/ratis/ratis-test/target/test/data/d6c3ea1c/MiniRaftClusterWithGrpcf715ded6/s4/5913e5d7-f0d0-40b3-8fb1-6d5932270d9d/sm
2025-09-08 20:27:43,067 [grpc-default-executor-0] INFO  impl.SimpleStateMachineStorage (SimpleStateMachineStorage.java:loadLatestSnapshot(230)) - Latest snapshot is null in /home/runner/work/ratis/ratis/ratis-test/target/test/data/d6c3ea1c/MiniRaftClusterWithGrpcf715ded6/s3/5913e5d7-f0d0-40b3-8fb1-6d5932270d9d/sm
2025-09-08 20:27:43,068 [grpc-default-executor-12] INFO  impl.SimpleStateMachineStorage (SimpleStateMachineStorage.java:loadLatestSnapshot(230)) - Latest snapshot is null in /home/runner/work/ratis/ratis/ratis-test/target/test/data/d6c3ea1c/MiniRaftClusterWithGrpcf715ded6/s5/5913e5d7-f0d0-40b3-8fb1-6d5932270d9d/sm
2025-09-08 20:27:43,143 [s4@group-6D5932270D9D->s5-GrpcLogAppender-LogAppenderDaemon] INFO  impl.SimpleStateMachineStorage (SimpleStateMachineStorage.java:loadLatestSnapshot(230)) - Latest snapshot is null in /home/runner/work/ratis/ratis/ratis-test/target/test/data/d6c3ea1c/MiniRaftClusterWithGrpcf715ded6/s4/5913e5d7-f0d0-40b3-8fb1-6d5932270d9d/sm
2025-09-08 20:27:43,144 [s4@group-6D5932270D9D->s3-GrpcLogAppender-LogAppenderDaemon] INFO  impl.SimpleStateMachineStorage (SimpleStateMachineStorage.java:loadLatestSnapshot(230)) - Latest snapshot is null in /home/runner/work/ratis/ratis/ratis-test/target/test/data/d6c3ea1c/MiniRaftClusterWithGrpcf715ded6/s4/5913e5d7-f0d0-40b3-8fb1-6d5932270d9d/sm
2025-09-08 20:27:43,145 [grpc-default-executor-12] INFO  impl.SimpleStateMachineStorage (SimpleStateMachineStorage.java:loadLatestSnapshot(230)) - Latest snapshot is null in /home/runner/work/ratis/ratis/ratis-test/target/test/data/d6c3ea1c/MiniRaftClusterWithGrpcf715ded6/s5/5913e5d7-f0d0-40b3-8fb1-6d5932270d9d/sm
2025-09-08 20:27:43,145 [grpc-default-executor-0] INFO  impl.SimpleStateMachineStorage (SimpleStateMachineStorage.java:loadLatestSnapshot(230)) - Latest snapshot is null in /home/runner/work/ratis/ratis/ratis-test/target/test/data/d6c3ea1c/MiniRaftClusterWithGrpcf715ded6/s3/5913e5d7-f0d0-40b3-8fb1-6d5932270d9d/sm
2025-09-08 20:27:43,221 [s4@group-6D5932270D9D->s5-GrpcLogAppender-LogAppenderDaemon] INFO  impl.SimpleStateMachineStorage (SimpleStateMachineStorage.java:loadLatestSnapshot(230)) - Latest snapshot is null in /home/runner/work/ratis/ratis/ratis-test/target/test/data/d6c3ea1c/MiniRaftClusterWithGrpcf715ded6/s4/5913e5d7-f0d0-40b3-8fb1-6d5932270d9d/sm
2025-09-08 20:27:43,221 [grpc-default-executor-0] INFO  impl.SimpleStateMachineStorage (SimpleStateMachineStorage.java:loadLatestSnapshot(230)) - Latest snapshot is null in /home/runner/work/ratis/ratis/ratis-test/target/test/data/d6c3ea1c/MiniRaftClusterWithGrpcf715ded6/s5/5913e5d7-f0d0-40b3-8fb1-6d5932270d9d/sm
2025-09-08 20:27:43,222 [s4@group-6D5932270D9D->s3-GrpcLogAppender-LogAppenderDaemon] INFO  impl.SimpleStateMachineStorage (SimpleStateMachineStorage.java:loadLatestSnapshot(230)) - Latest snapshot is null in /home/runner/work/ratis/ratis/ratis-test/target/test/data/d6c3ea1c/MiniRaftClusterWithGrpcf715ded6/s4/5913e5d7-f0d0-40b3-8fb1-6d5932270d9d/sm
2025-09-08 20:27:43,223 [grpc-default-executor-0] INFO  impl.SimpleStateMachineStorage (SimpleStateMachineStorage.java:loadLatestSnapshot(230)) - Latest snapshot is null in /home/runner/work/ratis/ratis/ratis-test/target/test/data/d6c3ea1c/MiniRaftClusterWithGrpcf715ded6/s3/5913e5d7-f0d0-40b3-8fb1-6d5932270d9d/sm
2025-09-08 20:27:43,297 [s4@group-6D5932270D9D->s5-GrpcLogAppender-LogAppenderDaemon] INFO  impl.SimpleStateMachineStorage (SimpleStateMachineStorage.java:loadLatestSnapshot(230)) - Latest snapshot is null in /home/runner/work/ratis/ratis/ratis-test/target/test/data/d6c3ea1c/MiniRaftClusterWithGrpcf715ded6/s4/5913e5d7-f0d0-40b3-8fb1-6d5932270d9d/sm
2025-09-08 20:27:43,298 [s4@group-6D5932270D9D->s3-GrpcLogAppender-LogAppenderDaemon] INFO  impl.SimpleStateMachineStorage (SimpleStateMachineStorage.java:loadLatestSnapshot(230)) - Latest snapshot is null in /home/runner/work/ratis/ratis/ratis-test/target/test/data/d6c3ea1c/MiniRaftClusterWithGrpcf715ded6/s4/5913e5d7-f0d0-40b3-8fb1-6d5932270d9d/sm
2025-09-08 20:27:43,299 [grpc-default-executor-0] INFO  impl.SimpleStateMachineStorage (SimpleStateMachineStorage.java:loadLatestSnapshot(230)) - Latest snapshot is null in /home/runner/work/ratis/ratis/ratis-test/target/test/data/d6c3ea1c/MiniRaftClusterWithGrpcf715ded6/s5/5913e5d7-f0d0-40b3-8fb1-6d5932270d9d/sm
2025-09-08 20:27:43,299 [grpc-default-executor-0] INFO  impl.SimpleStateMachineStorage (SimpleStateMachineStorage.java:loadLatestSnapshot(230)) - Latest snapshot is null in /home/runner/work/ratis/ratis/ratis-test/target/test/data/d6c3ea1c/MiniRaftClusterWithGrpcf715ded6/s3/5913e5d7-f0d0-40b3-8fb1-6d5932270d9d/sm
2025-09-08 20:27:43,376 [s4@group-6D5932270D9D->s3-GrpcLogAppender-LogAppenderDaemon] INFO  impl.SimpleStateMachineStorage (SimpleStateMachineStorage.java:loadLatestSnapshot(230)) - Latest snapshot is null in /home/runner/work/ratis/ratis/ratis-test/target/test/data/d6c3ea1c/MiniRaftClusterWithGrpcf715ded6/s4/5913e5d7-f0d0-40b3-8fb1-6d5932270d9d/sm
2025-09-08 20:27:43,376 [s4@group-6D5932270D9D->s5-GrpcLogAppender-LogAppenderDaemon] INFO  impl.SimpleStateMachineStorage (SimpleStateMachineStorage.java:loadLatestSnapshot(230)) - Latest snapshot is null in /home/runner/work/ratis/ratis/ratis-test/target/test/data/d6c3ea1c/MiniRaftClusterWithGrpcf715ded6/s4/5913e5d7-f0d0-40b3-8fb1-6d5932270d9d/sm
2025-09-08 20:27:43,377 [grpc-default-executor-0] INFO  impl.SimpleStateMachineStorage (SimpleStateMachineStorage.java:loadLatestSnapshot(230)) - Latest snapshot is null in /home/runner/work/ratis/ratis/ratis-test/target/test/data/d6c3ea1c/MiniRaftClusterWithGrpcf715ded6/s5/5913e5d7-f0d0-40b3-8fb1-6d5932270d9d/sm
2025-09-08 20:27:43,377 [grpc-default-executor-12] INFO  impl.SimpleStateMachineStorage (SimpleStateMachineStorage.java:loadLatestSnapshot(230)) - Latest snapshot is null in /home/runner/work/ratis/ratis/ratis-test/target/test/data/d6c3ea1c/MiniRaftClusterWithGrpcf715ded6/s3/5913e5d7-f0d0-40b3-8fb1-6d5932270d9d/sm
2025-09-08 20:27:43,454 [s4@group-6D5932270D9D->s3-GrpcLogAppender-LogAppenderDaemon] INFO  impl.SimpleStateMachineStorage (SimpleStateMachineStorage.java:loadLatestSnapshot(230)) - Latest snapshot is null in /home/runner/work/ratis/ratis/ratis-test/target/test/data/d6c3ea1c/MiniRaftClusterWithGrpcf715ded6/s4/5913e5d7-f0d0-40b3-8fb1-6d5932270d9d/sm
2025-09-08 20:27:43,454 [s4@group-6D5932270D9D->s5-GrpcLogAppender-LogAppenderDaemon] INFO  impl.SimpleStateMachineStorage (SimpleStateMachineStorage.java:loadLatestSnapshot(230)) - Latest snapshot is null in /home/runner/work/ratis/ratis/ratis-test/target/test/data/d6c3ea1c/MiniRaftClusterWithGrpcf715ded6/s4/5913e5d7-f0d0-40b3-8fb1-6d5932270d9d/sm
2025-09-08 20:27:43,455 [grpc-default-executor-0] INFO  impl.SimpleStateMachineStorage (SimpleStateMachineStorage.java:loadLatestSnapshot(230)) - Latest snapshot is null in /home/runner/work/ratis/ratis/ratis-test/target/test/data/d6c3ea1c/MiniRaftClusterWithGrpcf715ded6/s5/5913e5d7-f0d0-40b3-8fb1-6d5932270d9d/sm
2025-09-08 20:27:43,455 [grpc-default-executor-12] INFO  impl.SimpleStateMachineStorage (SimpleStateMachineStorage.java:loadLatestSnapshot(230)) - Latest snapshot is null in /home/runner/work/ratis/ratis/ratis-test/target/test/data/d6c3ea1c/MiniRaftClusterWithGrpcf715ded6/s3/5913e5d7-f0d0-40b3-8fb1-6d5932270d9d/sm
2025-09-08 20:27:43,533 [s4@group-6D5932270D9D->s5-GrpcLogAppender-LogAppenderDaemon] INFO  impl.SimpleStateMachineStorage (SimpleStateMachineStorage.java:loadLatestSnapshot(230)) - Latest snapshot is null in /home/runner/work/ratis/ratis/ratis-test/target/test/data/d6c3ea1c/MiniRaftClusterWithGrpcf715ded6/s4/5913e5d7-f0d0-40b3-8fb1-6d5932270d9d/sm
2025-09-08 20:27:43,533 [s4@group-6D5932270D9D->s3-GrpcLogAppender-LogAppenderDaemon] INFO  impl.SimpleStateMachineStorage (SimpleStateMachineStorage.java:loadLatestSnapshot(230)) - Latest snapshot is null in /home/runner/work/ratis/ratis/ratis-test/target/test/data/d6c3ea1c/MiniRaftClusterWithGrpcf715ded6/s4/5913e5d7-f0d0-40b3-8fb1-6d5932270d9d/sm
2025-09-08 20:27:43,534 [grpc-default-executor-0] INFO  impl.SimpleStateMachineStorage (SimpleStateMachineStorage.java:loadLatestSnapshot(230)) - Latest snapshot is null in /home/runner/work/ratis/ratis/ratis-test/target/test/data/d6c3ea1c/MiniRaftClusterWithGrpcf715ded6/s5/5913e5d7-f0d0-40b3-8fb1-6d5932270d9d/sm
2025-09-08 20:27:43,534 [grpc-default-executor-12] INFO  impl.SimpleStateMachineStorage (SimpleStateMachineStorage.java:loadLatestSnapshot(230)) - Latest snapshot is null in /home/runner/work/ratis/ratis/ratis-test/target/test/data/d6c3ea1c/MiniRaftClusterWithGrpcf715ded6/s3/5913e5d7-f0d0-40b3-8fb1-6d5932270d9d/sm
2025-09-08 20:27:43,610 [s4@group-6D5932270D9D->s3-GrpcLogAppender-LogAppenderDaemon] INFO  impl.SimpleStateMachineStorage (SimpleStateMachineStorage.java:loadLatestSnapshot(230)) - Latest snapshot is null in /home/runner/work/ratis/ratis/ratis-test/target/test/data/d6c3ea1c/MiniRaftClusterWithGrpcf715ded6/s4/5913e5d7-f0d0-40b3-8fb1-6d5932270d9d/sm
2025-09-08 20:27:43,610 [s4@group-6D5932270D9D->s5-GrpcLogAppender-LogAppenderDaemon] INFO  impl.SimpleStateMachineStorage (SimpleStateMachineStorage.java:loadLatestSnapshot(230)) - Latest snapshot is null in /home/runner/work/ratis/ratis/ratis-test/target/test/data/d6c3ea1c/MiniRaftClusterWithGrpcf715ded6/s4/5913e5d7-f0d0-40b3-8fb1-6d5932270d9d/sm
2025-09-08 20:27:43,611 [grpc-default-executor-0] INFO  impl.SimpleStateMachineStorage (SimpleStateMachineStorage.java:loadLatestSnapshot(230)) - Latest snapshot is null in /home/runner/work/ratis/ratis/ratis-test/target/test/data/d6c3ea1c/MiniRaftClusterWithGrpcf715ded6/s3/5913e5d7-f0d0-40b3-8fb1-6d5932270d9d/sm
2025-09-08 20:27:43,611 [grpc-default-executor-12] INFO  impl.SimpleStateMachineStorage (SimpleStateMachineStorage.java:loadLatestSnapshot(230)) - Latest snapshot is null in /home/runner/work/ratis/ratis/ratis-test/target/test/data/d6c3ea1c/MiniRaftClusterWithGrpcf715ded6/s5/5913e5d7-f0d0-40b3-8fb1-6d5932270d9d/sm
2025-09-08 20:27:43,689 [s4@group-6D5932270D9D->s3-GrpcLogAppender-LogAppenderDaemon] INFO  impl.SimpleStateMachineStorage (SimpleStateMachineStorage.java:loadLatestSnapshot(230)) - Latest snapshot is null in /home/runner/work/ratis/ratis/ratis-test/target/test/data/d6c3ea1c/MiniRaftClusterWithGrpcf715ded6/s4/5913e5d7-f0d0-40b3-8fb1-6d5932270d9d/sm
2025-09-08 20:27:43,689 [s4@group-6D5932270D9D->s5-GrpcLogAppender-LogAppenderDaemon] INFO  impl.SimpleStateMachineStorage (SimpleStateMachineStorage.java:loadLatestSnapshot(230)) - Latest snapshot is null in /home/runner/work/ratis/ratis/ratis-test/target/test/data/d6c3ea1c/MiniRaftClusterWithGrpcf715ded6/s4/5913e5d7-f0d0-40b3-8fb1-6d5932270d9d/sm
2025-09-08 20:27:43,690 [grpc-default-executor-0] INFO  impl.SimpleStateMachineStorage (SimpleStateMachineStorage.java:loadLatestSnapshot(230)) - Latest snapshot is null in /home/runner/work/ratis/ratis/ratis-test/target/test/data/d6c3ea1c/MiniRaftClusterWithGrpcf715ded6/s3/5913e5d7-f0d0-40b3-8fb1-6d5932270d9d/sm
2025-09-08 20:27:43,690 [grpc-default-executor-12] INFO  impl.SimpleStateMachineStorage (SimpleStateMachineStorage.java:loadLatestSnapshot(230)) - Latest snapshot is null in /home/runner/work/ratis/ratis/ratis-test/target/test/data/d6c3ea1c/MiniRaftClusterWithGrpcf715ded6/s5/5913e5d7-f0d0-40b3-8fb1-6d5932270d9d/sm
2025-09-08 20:27:43,767 [s4@group-6D5932270D9D->s5-GrpcLogAppender-LogAppenderDaemon] INFO  impl.SimpleStateMachineStorage (SimpleStateMachineStorage.java:loadLatestSnapshot(230)) - Latest snapshot is null in /home/runner/work/ratis/ratis/ratis-test/target/test/data/d6c3ea1c/MiniRaftClusterWithGrpcf715ded6/s4/5913e5d7-f0d0-40b3-8fb1-6d5932270d9d/sm
2025-09-08 20:27:43,767 [s4@group-6D5932270D9D->s3-GrpcLogAppender-LogAppenderDaemon] INFO  impl.SimpleStateMachineStorage (SimpleStateMachineStorage.java:loadLatestSnapshot(230)) - Latest snapshot is null in /home/runner/work/ratis/ratis/ratis-test/target/test/data/d6c3ea1c/MiniRaftClusterWithGrpcf715ded6/s4/5913e5d7-f0d0-40b3-8fb1-6d5932270d9d/sm
2025-09-08 20:27:43,768 [grpc-default-executor-12] INFO  impl.SimpleStateMachineStorage (SimpleStateMachineStorage.java:loadLatestSnapshot(230)) - Latest snapshot is null in /home/runner/work/ratis/ratis/ratis-test/target/test/data/d6c3ea1c/MiniRaftClusterWithGrpcf715ded6/s3/5913e5d7-f0d0-40b3-8fb1-6d5932270d9d/sm
2025-09-08 20:27:43,768 [grpc-default-executor-0] INFO  impl.SimpleStateMachineStorage (SimpleStateMachineStorage.java:loadLatestSnapshot(230)) - Latest snapshot is null in /home/runner/work/ratis/ratis/ratis-test/target/test/data/d6c3ea1c/MiniRaftClusterWithGrpcf715ded6/s5/5913e5d7-f0d0-40b3-8fb1-6d5932270d9d/sm
2025-09-08 20:27:43,844 [s4@group-6D5932270D9D->s5-GrpcLogAppender-LogAppenderDaemon] INFO  impl.SimpleStateMachineStorage (SimpleStateMachineStorage.java:loadLatestSnapshot(230)) - Latest snapshot is null in /home/runner/work/ratis/ratis/ratis-test/target/test/data/d6c3ea1c/MiniRaftClusterWithGrpcf715ded6/s4/5913e5d7-f0d0-40b3-8fb1-6d5932270d9d/sm
2025-09-08 20:27:43,844 [s4@group-6D5932270D9D->s3-GrpcLogAppender-LogAppenderDaemon] INFO  impl.SimpleStateMachineStorage (SimpleStateMachineStorage.java:loadLatestSnapshot(230)) - Latest snapshot is null in /home/runner/work/ratis/ratis/ratis-test/target/test/data/d6c3ea1c/MiniRaftClusterWithGrpcf715ded6/s4/5913e5d7-f0d0-40b3-8fb1-6d5932270d9d/sm
2025-09-08 20:27:43,846 [grpc-default-executor-12] INFO  impl.SimpleStateMachineStorage (SimpleStateMachineStorage.java:loadLatestSnapshot(230)) - Latest snapshot is null in /home/runner/work/ratis/ratis/ratis-test/target/test/data/d6c3ea1c/MiniRaftClusterWithGrpcf715ded6/s3/5913e5d7-f0d0-40b3-8fb1-6d5932270d9d/sm
2025-09-08 20:27:43,846 [grpc-default-executor-0] INFO  impl.SimpleStateMachineStorage (SimpleStateMachineStorage.java:loadLatestSnapshot(230)) - Latest snapshot is null in /home/runner/work/ratis/ratis/ratis-test/target/test/data/d6c3ea1c/MiniRaftClusterWithGrpcf715ded6/s5/5913e5d7-f0d0-40b3-8fb1-6d5932270d9d/sm
2025-09-08 20:27:43,923 [s4@group-6D5932270D9D->s5-GrpcLogAppender-LogAppenderDaemon] INFO  impl.SimpleStateMachineStorage (SimpleStateMachineStorage.java:loadLatestSnapshot(230)) - Latest snapshot is null in /home/runner/work/ratis/ratis/ratis-test/target/test/data/d6c3ea1c/MiniRaftClusterWithGrpcf715ded6/s4/5913e5d7-f0d0-40b3-8fb1-6d5932270d9d/sm
2025-09-08 20:27:43,923 [s4@group-6D5932270D9D->s3-GrpcLogAppender-LogAppenderDaemon] INFO  impl.SimpleStateMachineStorage (SimpleStateMachineStorage.java:loadLatestSnapshot(230)) - Latest snapshot is null in /home/runner/work/ratis/ratis/ratis-test/target/test/data/d6c3ea1c/MiniRaftClusterWithGrpcf715ded6/s4/5913e5d7-f0d0-40b3-8fb1-6d5932270d9d/sm
2025-09-08 20:27:43,924 [grpc-default-executor-12] INFO  impl.SimpleStateMachineStorage (SimpleStateMachineStorage.java:loadLatestSnapshot(230)) - Latest snapshot is null in /home/runner/work/ratis/ratis/ratis-test/target/test/data/d6c3ea1c/MiniRaftClusterWithGrpcf715ded6/s3/5913e5d7-f0d0-40b3-8fb1-6d5932270d9d/sm
2025-09-08 20:27:43,924 [grpc-default-executor-0] INFO  impl.SimpleStateMachineStorage (SimpleStateMachineStorage.java:loadLatestSnapshot(230)) - Latest snapshot is null in /home/runner/work/ratis/ratis/ratis-test/target/test/data/d6c3ea1c/MiniRaftClusterWithGrpcf715ded6/s5/5913e5d7-f0d0-40b3-8fb1-6d5932270d9d/sm
2025-09-08 20:27:44,000 [s4@group-6D5932270D9D->s3-GrpcLogAppender-LogAppenderDaemon] INFO  impl.SimpleStateMachineStorage (SimpleStateMachineStorage.java:loadLatestSnapshot(230)) - Latest snapshot is null in /home/runner/work/ratis/ratis/ratis-test/target/test/data/d6c3ea1c/MiniRaftClusterWithGrpcf715ded6/s4/5913e5d7-f0d0-40b3-8fb1-6d5932270d9d/sm
2025-09-08 20:27:44,001 [grpc-default-executor-12] INFO  impl.SimpleStateMachineStorage (SimpleStateMachineStorage.java:loadLatestSnapshot(230)) - Latest snapshot is null in /home/runner/work/ratis/ratis/ratis-test/target/test/data/d6c3ea1c/MiniRaftClusterWithGrpcf715ded6/s3/5913e5d7-f0d0-40b3-8fb1-6d5932270d9d/sm
2025-09-08 20:27:44,001 [s4@group-6D5932270D9D->s5-GrpcLogAppender-LogAppenderDaemon] INFO  impl.SimpleStateMachineStorage (SimpleStateMachineStorage.java:loadLatestSnapshot(230)) - Latest snapshot is null in /home/runner/work/ratis/ratis/ratis-test/target/test/data/d6c3ea1c/MiniRaftClusterWithGrpcf715ded6/s4/5913e5d7-f0d0-40b3-8fb1-6d5932270d9d/sm
2025-09-08 20:27:44,002 [grpc-default-executor-0] INFO  impl.SimpleStateMachineStorage (SimpleStateMachineStorage.java:loadLatestSnapshot(230)) - Latest snapshot is null in /home/runner/work/ratis/ratis/ratis-test/target/test/data/d6c3ea1c/MiniRaftClusterWithGrpcf715ded6/s5/5913e5d7-f0d0-40b3-8fb1-6d5932270d9d/sm
2025-09-08 20:27:44,077 [s4@group-6D5932270D9D->s3-GrpcLogAppender-LogAppenderDaemon] INFO  impl.SimpleStateMachineStorage (SimpleStateMachineStorage.java:loadLatestSnapshot(230)) - Latest snapshot is null in /home/runner/work/ratis/ratis/ratis-test/target/test/data/d6c3ea1c/MiniRaftClusterWithGrpcf715ded6/s4/5913e5d7-f0d0-40b3-8fb1-6d5932270d9d/sm
2025-09-08 20:27:44,077 [s4@group-6D5932270D9D->s5-GrpcLogAppender-LogAppenderDaemon] INFO  impl.SimpleStateMachineStorage (SimpleStateMachineStorage.java:loadLatestSnapshot(230)) - Latest snapshot is null in /home/runner/work/ratis/ratis/ratis-test/target/test/data/d6c3ea1c/MiniRaftClusterWithGrpcf715ded6/s4/5913e5d7-f0d0-40b3-8fb1-6d5932270d9d/sm
2025-09-08 20:27:44,078 [grpc-default-executor-0] INFO  impl.SimpleStateMachineStorage (SimpleStateMachineStorage.java:loadLatestSnapshot(230)) - Latest snapshot is null in /home/runner/work/ratis/ratis/ratis-test/target/test/data/d6c3ea1c/MiniRaftClusterWithGrpcf715ded6/s3/5913e5d7-f0d0-40b3-8fb1-6d5932270d9d/sm
2025-09-08 20:27:44,079 [grpc-default-executor-12] INFO  impl.SimpleStateMachineStorage (SimpleStateMachineStorage.java:loadLatestSnapshot(230)) - Latest snapshot is null in /home/runner/work/ratis/ratis/ratis-test/target/test/data/d6c3ea1c/MiniRaftClusterWithGrpcf715ded6/s5/5913e5d7-f0d0-40b3-8fb1-6d5932270d9d/sm
2025-09-08 20:27:44,155 [s4@group-6D5932270D9D->s3-GrpcLogAppender-LogAppenderDaemon] INFO  impl.SimpleStateMachineStorage (SimpleStateMachineStorage.java:loadLatestSnapshot(230)) - Latest snapshot is null in /home/runner/work/ratis/ratis/ratis-test/target/test/data/d6c3ea1c/MiniRaftClusterWithGrpcf715ded6/s4/5913e5d7-f0d0-40b3-8fb1-6d5932270d9d/sm
2025-09-08 20:27:44,156 [s4@group-6D5932270D9D->s5-GrpcLogAppender-LogAppenderDaemon] INFO  impl.SimpleStateMachineStorage (SimpleStateMachineStorage.java:loadLatestSnapshot(230)) - Latest snapshot is null in /home/runner/work/ratis/ratis/ratis-test/target/test/data/d6c3ea1c/MiniRaftClusterWithGrpcf715ded6/s4/5913e5d7-f0d0-40b3-8fb1-6d5932270d9d/sm
2025-09-08 20:27:44,157 [grpc-default-executor-12] INFO  impl.SimpleStateMachineStorage (SimpleStateMachineStorage.java:loadLatestSnapshot(230)) - Latest snapshot is null in /home/runner/work/ratis/ratis/ratis-test/target/test/data/d6c3ea1c/MiniRaftClusterWithGrpcf715ded6/s5/5913e5d7-f0d0-40b3-8fb1-6d5932270d9d/sm
2025-09-08 20:27:44,157 [grpc-default-executor-0] INFO  impl.SimpleStateMachineStorage (SimpleStateMachineStorage.java:loadLatestSnapshot(230)) - Latest snapshot is null in /home/runner/work/ratis/ratis/ratis-test/target/test/data/d6c3ea1c/MiniRaftClusterWithGrpcf715ded6/s3/5913e5d7-f0d0-40b3-8fb1-6d5932270d9d/sm
2025-09-08 20:27:44,234 [s4@group-6D5932270D9D->s3-GrpcLogAppender-LogAppenderDaemon] INFO  impl.SimpleStateMachineStorage (SimpleStateMachineStorage.java:loadLatestSnapshot(230)) - Latest snapshot is null in /home/runner/work/ratis/ratis/ratis-test/target/test/data/d6c3ea1c/MiniRaftClusterWithGrpcf715ded6/s4/5913e5d7-f0d0-40b3-8fb1-6d5932270d9d/sm
2025-09-08 20:27:44,234 [s4@group-6D5932270D9D->s5-GrpcLogAppender-LogAppenderDaemon] INFO  impl.SimpleStateMachineStorage (SimpleStateMachineStorage.java:loadLatestSnapshot(230)) - Latest snapshot is null in /home/runner/work/ratis/ratis/ratis-test/target/test/data/d6c3ea1c/MiniRaftClusterWithGrpcf715ded6/s4/5913e5d7-f0d0-40b3-8fb1-6d5932270d9d/sm
2025-09-08 20:27:44,235 [grpc-default-executor-0] INFO  impl.SimpleStateMachineStorage (SimpleStateMachineStorage.java:loadLatestSnapshot(230)) - Latest snapshot is null in /home/runner/work/ratis/ratis/ratis-test/target/test/data/d6c3ea1c/MiniRaftClusterWithGrpcf715ded6/s5/5913e5d7-f0d0-40b3-8fb1-6d5932270d9d/sm
2025-09-08 20:27:44,235 [grpc-default-executor-12] INFO  impl.SimpleStateMachineStorage (SimpleStateMachineStorage.java:loadLatestSnapshot(230)) - Latest snapshot is null in /home/runner/work/ratis/ratis/ratis-test/target/test/data/d6c3ea1c/MiniRaftClusterWithGrpcf715ded6/s3/5913e5d7-f0d0-40b3-8fb1-6d5932270d9d/sm
2025-09-08 20:27:44,311 [s4@group-6D5932270D9D->s5-GrpcLogAppender-LogAppenderDaemon] INFO  impl.SimpleStateMachineStorage (SimpleStateMachineStorage.java:loadLatestSnapshot(230)) - Latest snapshot is null in /home/runner/work/ratis/ratis/ratis-test/target/test/data/d6c3ea1c/MiniRaftClusterWithGrpcf715ded6/s4/5913e5d7-f0d0-40b3-8fb1-6d5932270d9d/sm
2025-09-08 20:27:44,311 [s4@group-6D5932270D9D->s3-GrpcLogAppender-LogAppenderDaemon] INFO  impl.SimpleStateMachineStorage (SimpleStateMachineStorage.java:loadLatestSnapshot(230)) - Latest snapshot is null in /home/runner/work/ratis/ratis/ratis-test/target/test/data/d6c3ea1c/MiniRaftClusterWithGrpcf715ded6/s4/5913e5d7-f0d0-40b3-8fb1-6d5932270d9d/sm
2025-09-08 20:27:44,312 [grpc-default-executor-12] INFO  impl.SimpleStateMachineStorage (SimpleStateMachineStorage.java:loadLatestSnapshot(230)) - Latest snapshot is null in /home/runner/work/ratis/ratis/ratis-test/target/test/data/d6c3ea1c/MiniRaftClusterWithGrpcf715ded6/s3/5913e5d7-f0d0-40b3-8fb1-6d5932270d9d/sm
2025-09-08 20:27:44,312 [grpc-default-executor-0] INFO  impl.SimpleStateMachineStorage (SimpleStateMachineStorage.java:loadLatestSnapshot(230)) - Latest snapshot is null in /home/runner/work/ratis/ratis/ratis-test/target/test/data/d6c3ea1c/MiniRaftClusterWithGrpcf715ded6/s5/5913e5d7-f0d0-40b3-8fb1-6d5932270d9d/sm
2025-09-08 20:27:44,388 [s4@group-6D5932270D9D->s5-GrpcLogAppender-LogAppenderDaemon] INFO  impl.SimpleStateMachineStorage (SimpleStateMachineStorage.java:loadLatestSnapshot(230)) - Latest snapshot is null in /home/runner/work/ratis/ratis/ratis-test/target/test/data/d6c3ea1c/MiniRaftClusterWithGrpcf715ded6/s4/5913e5d7-f0d0-40b3-8fb1-6d5932270d9d/sm
2025-09-08 20:27:44,388 [s4@group-6D5932270D9D->s3-GrpcLogAppender-LogAppenderDaemon] INFO  impl.SimpleStateMachineStorage (SimpleStateMachineStorage.java:loadLatestSnapshot(230)) - Latest snapshot is null in /home/runner/work/ratis/ratis/ratis-test/target/test/data/d6c3ea1c/MiniRaftClusterWithGrpcf715ded6/s4/5913e5d7-f0d0-40b3-8fb1-6d5932270d9d/sm
2025-09-08 20:27:44,389 [grpc-default-executor-12] INFO  impl.SimpleStateMachineStorage (SimpleStateMachineStorage.java:loadLatestSnapshot(230)) - Latest snapshot is null in /home/runner/work/ratis/ratis/ratis-test/target/test/data/d6c3ea1c/MiniRaftClusterWithGrpcf715ded6/s5/5913e5d7-f0d0-40b3-8fb1-6d5932270d9d/sm
2025-09-08 20:27:44,389 [grpc-default-executor-0] INFO  impl.SimpleStateMachineStorage (SimpleStateMachineStorage.java:loadLatestSnapshot(230)) - Latest snapshot is null in /home/runner/work/ratis/ratis/ratis-test/target/test/data/d6c3ea1c/MiniRaftClusterWithGrpcf715ded6/s3/5913e5d7-f0d0-40b3-8fb1-6d5932270d9d/sm
2025-09-08 20:27:44,465 [s4@group-6D5932270D9D->s5-GrpcLogAppender-LogAppenderDaemon] INFO  impl.SimpleStateMachineStorage (SimpleStateMachineStorage.java:loadLatestSnapshot(230)) - Latest snapshot is null in /home/runner/work/ratis/ratis/ratis-test/target/test/data/d6c3ea1c/MiniRaftClusterWithGrpcf715ded6/s4/5913e5d7-f0d0-40b3-8fb1-6d5932270d9d/sm
2025-09-08 20:27:44,466 [grpc-default-executor-12] INFO  impl.SimpleStateMachineStorage (SimpleStateMachineStorage.java:loadLatestSnapshot(230)) - Latest snapshot is null in /home/runner/work/ratis/ratis/ratis-test/target/test/data/d6c3ea1c/MiniRaftClusterWithGrpcf715ded6/s5/5913e5d7-f0d0-40b3-8fb1-6d5932270d9d/sm
2025-09-08 20:27:44,466 [s4@group-6D5932270D9D->s3-GrpcLogAppender-LogAppenderDaemon] INFO  impl.SimpleStateMachineStorage (SimpleStateMachineStorage.java:loadLatestSnapshot(230)) - Latest snapshot is null in /home/runner/work/ratis/ratis/ratis-test/target/test/data/d6c3ea1c/MiniRaftClusterWithGrpcf715ded6/s4/5913e5d7-f0d0-40b3-8fb1-6d5932270d9d/sm
2025-09-08 20:27:44,467 [grpc-default-executor-0] INFO  impl.SimpleStateMachineStorage (SimpleStateMachineStorage.java:loadLatestSnapshot(230)) - Latest snapshot is null in /home/runner/work/ratis/ratis/ratis-test/target/test/data/d6c3ea1c/MiniRaftClusterWithGrpcf715ded6/s3/5913e5d7-f0d0-40b3-8fb1-6d5932270d9d/sm
2025-09-08 20:27:44,543 [s4@group-6D5932270D9D->s5-GrpcLogAppender-LogAppenderDaemon] INFO  impl.SimpleStateMachineStorage (SimpleStateMachineStorage.java:loadLatestSnapshot(230)) - Latest snapshot is null in /home/runner/work/ratis/ratis/ratis-test/target/test/data/d6c3ea1c/MiniRaftClusterWithGrpcf715ded6/s4/5913e5d7-f0d0-40b3-8fb1-6d5932270d9d/sm
2025-09-08 20:27:44,544 [s4@group-6D5932270D9D->s3-GrpcLogAppender-LogAppenderDaemon] INFO  impl.SimpleStateMachineStorage (SimpleStateMachineStorage.java:loadLatestSnapshot(230)) - Latest snapshot is null in /home/runner/work/ratis/ratis/ratis-test/target/test/data/d6c3ea1c/MiniRaftClusterWithGrpcf715ded6/s4/5913e5d7-f0d0-40b3-8fb1-6d5932270d9d/sm
2025-09-08 20:27:44,545 [grpc-default-executor-0] INFO  impl.SimpleStateMachineStorage (SimpleStateMachineStorage.java:loadLatestSnapshot(230)) - Latest snapshot is null in /home/runner/work/ratis/ratis/ratis-test/target/test/data/d6c3ea1c/MiniRaftClusterWithGrpcf715ded6/s5/5913e5d7-f0d0-40b3-8fb1-6d5932270d9d/sm
2025-09-08 20:27:44,545 [grpc-default-executor-12] INFO  impl.SimpleStateMachineStorage (SimpleStateMachineStorage.java:loadLatestSnapshot(230)) - Latest snapshot is null in /home/runner/work/ratis/ratis/ratis-test/target/test/data/d6c3ea1c/MiniRaftClusterWithGrpcf715ded6/s3/5913e5d7-f0d0-40b3-8fb1-6d5932270d9d/sm
2025-09-08 20:27:44,621 [s4@group-6D5932270D9D->s3-GrpcLogAppender-LogAppenderDaemon] INFO  impl.SimpleStateMachineStorage (SimpleStateMachineStorage.java:loadLatestSnapshot(230)) - Latest snapshot is null in /home/runner/work/ratis/ratis/ratis-test/target/test/data/d6c3ea1c/MiniRaftClusterWithGrpcf715ded6/s4/5913e5d7-f0d0-40b3-8fb1-6d5932270d9d/sm
2025-09-08 20:27:44,622 [grpc-default-executor-12] INFO  impl.SimpleStateMachineStorage (SimpleStateMachineStorage.java:loadLatestSnapshot(230)) - Latest snapshot is null in /home/runner/work/ratis/ratis/ratis-test/target/test/data/d6c3ea1c/MiniRaftClusterWithGrpcf715ded6/s3/5913e5d7-f0d0-40b3-8fb1-6d5932270d9d/sm
2025-09-08 20:27:44,622 [s4@group-6D5932270D9D->s5-GrpcLogAppender-LogAppenderDaemon] INFO  impl.SimpleStateMachineStorage (SimpleStateMachineStorage.java:loadLatestSnapshot(230)) - Latest snapshot is null in /home/runner/work/ratis/ratis/ratis-test/target/test/data/d6c3ea1c/MiniRaftClusterWithGrpcf715ded6/s4/5913e5d7-f0d0-40b3-8fb1-6d5932270d9d/sm
2025-09-08 20:27:44,623 [grpc-default-executor-12] INFO  impl.SimpleStateMachineStorage (SimpleStateMachineStorage.java:loadLatestSnapshot(230)) - Latest snapshot is null in /home/runner/work/ratis/ratis/ratis-test/target/test/data/d6c3ea1c/MiniRaftClusterWithGrpcf715ded6/s5/5913e5d7-f0d0-40b3-8fb1-6d5932270d9d/sm
2025-09-08 20:27:44,698 [s4@group-6D5932270D9D->s3-GrpcLogAppender-LogAppenderDaemon] INFO  impl.SimpleStateMachineStorage (SimpleStateMachineStorage.java:loadLatestSnapshot(230)) - Latest snapshot is null in /home/runner/work/ratis/ratis/ratis-test/target/test/data/d6c3ea1c/MiniRaftClusterWithGrpcf715ded6/s4/5913e5d7-f0d0-40b3-8fb1-6d5932270d9d/sm
2025-09-08 20:27:44,699 [s4@group-6D5932270D9D->s5-GrpcLogAppender-LogAppenderDaemon] INFO  impl.SimpleStateMachineStorage (SimpleStateMachineStorage.java:loadLatestSnapshot(230)) - Latest snapshot is null in /home/runner/work/ratis/ratis/ratis-test/target/test/data/d6c3ea1c/MiniRaftClusterWithGrpcf715ded6/s4/5913e5d7-f0d0-40b3-8fb1-6d5932270d9d/sm
2025-09-08 20:27:44,699 [grpc-default-executor-12] INFO  impl.SimpleStateMachineStorage (SimpleStateMachineStorage.java:loadLatestSnapshot(230)) - Latest snapshot is null in /home/runner/work/ratis/ratis/ratis-test/target/test/data/d6c3ea1c/MiniRaftClusterWithGrpcf715ded6/s3/5913e5d7-f0d0-40b3-8fb1-6d5932270d9d/sm
2025-09-08 20:27:44,699 [grpc-default-executor-0] INFO  impl.SimpleStateMachineStorage (SimpleStateMachineStorage.java:loadLatestSnapshot(230)) - Latest snapshot is null in /home/runner/work/ratis/ratis/ratis-test/target/test/data/d6c3ea1c/MiniRaftClusterWithGrpcf715ded6/s5/5913e5d7-f0d0-40b3-8fb1-6d5932270d9d/sm
2025-09-08 20:27:44,775 [s4@group-6D5932270D9D->s3-GrpcLogAppender-LogAppenderDaemon] INFO  impl.SimpleStateMachineStorage (SimpleStateMachineStorage.java:loadLatestSnapshot(230)) - Latest snapshot is null in /home/runner/work/ratis/ratis/ratis-test/target/test/data/d6c3ea1c/MiniRaftClusterWithGrpcf715ded6/s4/5913e5d7-f0d0-40b3-8fb1-6d5932270d9d/sm
2025-09-08 20:27:44,776 [grpc-default-executor-0] INFO  impl.SimpleStateMachineStorage (SimpleStateMachineStorage.java:loadLatestSnapshot(230)) - Latest snapshot is null in /home/runner/work/ratis/ratis/ratis-test/target/test/data/d6c3ea1c/MiniRaftClusterWithGrpcf715ded6/s3/5913e5d7-f0d0-40b3-8fb1-6d5932270d9d/sm
2025-09-08 20:27:44,776 [s4@group-6D5932270D9D->s5-GrpcLogAppender-LogAppenderDaemon] INFO  impl.SimpleStateMachineStorage (SimpleStateMachineStorage.java:loadLatestSnapshot(230)) - Latest snapshot is null in /home/runner/work/ratis/ratis/ratis-test/target/test/data/d6c3ea1c/MiniRaftClusterWithGrpcf715ded6/s4/5913e5d7-f0d0-40b3-8fb1-6d5932270d9d/sm
2025-09-08 20:27:44,777 [grpc-default-executor-0] INFO  impl.SimpleStateMachineStorage (SimpleStateMachineStorage.java:loadLatestSnapshot(230)) - Latest snapshot is null in /home/runner/work/ratis/ratis/ratis-test/target/test/data/d6c3ea1c/MiniRaftClusterWithGrpcf715ded6/s5/5913e5d7-f0d0-40b3-8fb1-6d5932270d9d/sm
2025-09-08 20:27:44,853 [s4@group-6D5932270D9D->s3-GrpcLogAppender-LogAppenderDaemon] INFO  impl.SimpleStateMachineStorage (SimpleStateMachineStorage.java:loadLatestSnapshot(230)) - Latest snapshot is null in /home/runner/work/ratis/ratis/ratis-test/target/test/data/d6c3ea1c/MiniRaftClusterWithGrpcf715ded6/s4/5913e5d7-f0d0-40b3-8fb1-6d5932270d9d/sm
2025-09-08 20:27:44,854 [grpc-default-executor-0] INFO  impl.SimpleStateMachineStorage (SimpleStateMachineStorage.java:loadLatestSnapshot(230)) - Latest snapshot is null in /home/runner/work/ratis/ratis/ratis-test/target/test/data/d6c3ea1c/MiniRaftClusterWithGrpcf715ded6/s3/5913e5d7-f0d0-40b3-8fb1-6d5932270d9d/sm
2025-09-08 20:27:44,854 [s4@group-6D5932270D9D->s5-GrpcLogAppender-LogAppenderDaemon] INFO  impl.SimpleStateMachineStorage (SimpleStateMachineStorage.java:loadLatestSnapshot(230)) - Latest snapshot is null in /home/runner/work/ratis/ratis/ratis-test/target/test/data/d6c3ea1c/MiniRaftClusterWithGrpcf715ded6/s4/5913e5d7-f0d0-40b3-8fb1-6d5932270d9d/sm
2025-09-08 20:27:44,855 [grpc-default-executor-0] INFO  impl.SimpleStateMachineStorage (SimpleStateMachineStorage.java:loadLatestSnapshot(230)) - Latest snapshot is null in /home/runner/work/ratis/ratis/ratis-test/target/test/data/d6c3ea1c/MiniRaftClusterWithGrpcf715ded6/s5/5913e5d7-f0d0-40b3-8fb1-6d5932270d9d/sm
2025-09-08 20:27:44,931 [s4@group-6D5932270D9D->s3-GrpcLogAppender-LogAppenderDaemon] INFO  impl.SimpleStateMachineStorage (SimpleStateMachineStorage.java:loadLatestSnapshot(230)) - Latest snapshot is null in /home/runner/work/ratis/ratis/ratis-test/target/test/data/d6c3ea1c/MiniRaftClusterWithGrpcf715ded6/s4/5913e5d7-f0d0-40b3-8fb1-6d5932270d9d/sm
2025-09-08 20:27:44,932 [grpc-default-executor-0] INFO  impl.SimpleStateMachineStorage (SimpleStateMachineStorage.java:loadLatestSnapshot(230)) - Latest snapshot is null in /home/runner/work/ratis/ratis/ratis-test/target/test/data/d6c3ea1c/MiniRaftClusterWithGrpcf715ded6/s3/5913e5d7-f0d0-40b3-8fb1-6d5932270d9d/sm
2025-09-08 20:27:44,933 [s4@group-6D5932270D9D->s5-GrpcLogAppender-LogAppenderDaemon] INFO  impl.SimpleStateMachineStorage (SimpleStateMachineStorage.java:loadLatestSnapshot(230)) - Latest snapshot is null in /home/runner/work/ratis/ratis/ratis-test/target/test/data/d6c3ea1c/MiniRaftClusterWithGrpcf715ded6/s4/5913e5d7-f0d0-40b3-8fb1-6d5932270d9d/sm
2025-09-08 20:27:44,934 [grpc-default-executor-0] INFO  impl.SimpleStateMachineStorage (SimpleStateMachineStorage.java:loadLatestSnapshot(230)) - Latest snapshot is null in /home/runner/work/ratis/ratis/ratis-test/target/test/data/d6c3ea1c/MiniRaftClusterWithGrpcf715ded6/s5/5913e5d7-f0d0-40b3-8fb1-6d5932270d9d/sm
2025-09-08 20:27:45,008 [s4@group-6D5932270D9D->s3-GrpcLogAppender-LogAppenderDaemon] INFO  impl.SimpleStateMachineStorage (SimpleStateMachineStorage.java:loadLatestSnapshot(230)) - Latest snapshot is null in /home/runner/work/ratis/ratis/ratis-test/target/test/data/d6c3ea1c/MiniRaftClusterWithGrpcf715ded6/s4/5913e5d7-f0d0-40b3-8fb1-6d5932270d9d/sm
2025-09-08 20:27:45,009 [grpc-default-executor-0] INFO  impl.SimpleStateMachineStorage (SimpleStateMachineStorage.java:loadLatestSnapshot(230)) - Latest snapshot is null in /home/runner/work/ratis/ratis/ratis-test/target/test/data/d6c3ea1c/MiniRaftClusterWithGrpcf715ded6/s3/5913e5d7-f0d0-40b3-8fb1-6d5932270d9d/sm
2025-09-08 20:27:45,009 [s4@group-6D5932270D9D->s5-GrpcLogAppender-LogAppenderDaemon] INFO  impl.SimpleStateMachineStorage (SimpleStateMachineStorage.java:loadLatestSnapshot(230)) - Latest snapshot is null in /home/runner/work/ratis/ratis/ratis-test/target/test/data/d6c3ea1c/MiniRaftClusterWithGrpcf715ded6/s4/5913e5d7-f0d0-40b3-8fb1-6d5932270d9d/sm
2025-09-08 20:27:45,010 [grpc-default-executor-12] INFO  impl.SimpleStateMachineStorage (SimpleStateMachineStorage.java:loadLatestSnapshot(230)) - Latest snapshot is null in /home/runner/work/ratis/ratis/ratis-test/target/test/data/d6c3ea1c/MiniRaftClusterWithGrpcf715ded6/s5/5913e5d7-f0d0-40b3-8fb1-6d5932270d9d/sm
2025-09-08 20:27:45,086 [s4@group-6D5932270D9D->s5-GrpcLogAppender-LogAppenderDaemon] INFO  impl.SimpleStateMachineStorage (SimpleStateMachineStorage.java:loadLatestSnapshot(230)) - Latest snapshot is null in /home/runner/work/ratis/ratis/ratis-test/target/test/data/d6c3ea1c/MiniRaftClusterWithGrpcf715ded6/s4/5913e5d7-f0d0-40b3-8fb1-6d5932270d9d/sm
2025-09-08 20:27:45,086 [s4@group-6D5932270D9D->s3-GrpcLogAppender-LogAppenderDaemon] INFO  impl.SimpleStateMachineStorage (SimpleStateMachineStorage.java:loadLatestSnapshot(230)) - Latest snapshot is null in /home/runner/work/ratis/ratis/ratis-test/target/test/data/d6c3ea1c/MiniRaftClusterWithGrpcf715ded6/s4/5913e5d7-f0d0-40b3-8fb1-6d5932270d9d/sm
2025-09-08 20:27:45,087 [grpc-default-executor-12] INFO  impl.SimpleStateMachineStorage (SimpleStateMachineStorage.java:loadLatestSnapshot(230)) - Latest snapshot is null in /home/runner/work/ratis/ratis/ratis-test/target/test/data/d6c3ea1c/MiniRaftClusterWithGrpcf715ded6/s5/5913e5d7-f0d0-40b3-8fb1-6d5932270d9d/sm
2025-09-08 20:27:45,087 [grpc-default-executor-0] INFO  impl.SimpleStateMachineStorage (SimpleStateMachineStorage.java:loadLatestSnapshot(230)) - Latest snapshot is null in /home/runner/work/ratis/ratis/ratis-test/target/test/data/d6c3ea1c/MiniRaftClusterWithGrpcf715ded6/s3/5913e5d7-f0d0-40b3-8fb1-6d5932270d9d/sm
2025-09-08 20:27:45,164 [s4@group-6D5932270D9D->s5-GrpcLogAppender-LogAppenderDaemon] INFO  impl.SimpleStateMachineStorage (SimpleStateMachineStorage.java:loadLatestSnapshot(230)) - Latest snapshot is null in /home/runner/work/ratis/ratis/ratis-test/target/test/data/d6c3ea1c/MiniRaftClusterWithGrpcf715ded6/s4/5913e5d7-f0d0-40b3-8fb1-6d5932270d9d/sm
2025-09-08 20:27:45,164 [s4@group-6D5932270D9D->s3-GrpcLogAppender-LogAppenderDaemon] INFO  impl.SimpleStateMachineStorage (SimpleStateMachineStorage.java:loadLatestSnapshot(230)) - Latest snapshot is null in /home/runner/work/ratis/ratis/ratis-test/target/test/data/d6c3ea1c/MiniRaftClusterWithGrpcf715ded6/s4/5913e5d7-f0d0-40b3-8fb1-6d5932270d9d/sm
2025-09-08 20:27:45,165 [grpc-default-executor-12] INFO  impl.SimpleStateMachineStorage (SimpleStateMachineStorage.java:loadLatestSnapshot(230)) - Latest snapshot is null in /home/runner/work/ratis/ratis/ratis-test/target/test/data/d6c3ea1c/MiniRaftClusterWithGrpcf715ded6/s5/5913e5d7-f0d0-40b3-8fb1-6d5932270d9d/sm
2025-09-08 20:27:45,165 [grpc-default-executor-0] INFO  impl.SimpleStateMachineStorage (SimpleStateMachineStorage.java:loadLatestSnapshot(230)) - Latest snapshot is null in /home/runner/work/ratis/ratis/ratis-test/target/test/data/d6c3ea1c/MiniRaftClusterWithGrpcf715ded6/s3/5913e5d7-f0d0-40b3-8fb1-6d5932270d9d/sm
2025-09-08 20:27:45,241 [s4@group-6D5932270D9D->s5-GrpcLogAppender-LogAppenderDaemon] INFO  impl.SimpleStateMachineStorage (SimpleStateMachineStorage.java:loadLatestSnapshot(230)) - Latest snapshot is null in /home/runner/work/ratis/ratis/ratis-test/target/test/data/d6c3ea1c/MiniRaftClusterWithGrpcf715ded6/s4/5913e5d7-f0d0-40b3-8fb1-6d5932270d9d/sm
2025-09-08 20:27:45,241 [s4@group-6D5932270D9D->s3-GrpcLogAppender-LogAppenderDaemon] INFO  impl.SimpleStateMachineStorage (SimpleStateMachineStorage.java:loadLatestSnapshot(230)) - Latest snapshot is null in /home/runner/work/ratis/ratis/ratis-test/target/test/data/d6c3ea1c/MiniRaftClusterWithGrpcf715ded6/s4/5913e5d7-f0d0-40b3-8fb1-6d5932270d9d/sm
2025-09-08 20:27:45,242 [grpc-default-executor-0] INFO  impl.SimpleStateMachineStorage (SimpleStateMachineStorage.java:loadLatestSnapshot(230)) - Latest snapshot is null in /home/runner/work/ratis/ratis/ratis-test/target/test/data/d6c3ea1c/MiniRaftClusterWithGrpcf715ded6/s5/5913e5d7-f0d0-40b3-8fb1-6d5932270d9d/sm
2025-09-08 20:27:45,242 [grpc-default-executor-12] INFO  impl.SimpleStateMachineStorage (SimpleStateMachineStorage.java:loadLatestSnapshot(230)) - Latest snapshot is null in /home/runner/work/ratis/ratis/ratis-test/target/test/data/d6c3ea1c/MiniRaftClusterWithGrpcf715ded6/s3/5913e5d7-f0d0-40b3-8fb1-6d5932270d9d/sm
2025-09-08 20:27:45,319 [s4@group-6D5932270D9D->s5-GrpcLogAppender-LogAppenderDaemon] INFO  impl.SimpleStateMachineStorage (SimpleStateMachineStorage.java:loadLatestSnapshot(230)) - Latest snapshot is null in /home/runner/work/ratis/ratis/ratis-test/target/test/data/d6c3ea1c/MiniRaftClusterWithGrpcf715ded6/s4/5913e5d7-f0d0-40b3-8fb1-6d5932270d9d/sm
2025-09-08 20:27:45,319 [s4@group-6D5932270D9D->s3-GrpcLogAppender-LogAppenderDaemon] INFO  impl.SimpleStateMachineStorage (SimpleStateMachineStorage.java:loadLatestSnapshot(230)) - Latest snapshot is null in /home/runner/work/ratis/ratis/ratis-test/target/test/data/d6c3ea1c/MiniRaftClusterWithGrpcf715ded6/s4/5913e5d7-f0d0-40b3-8fb1-6d5932270d9d/sm
2025-09-08 20:27:45,320 [grpc-default-executor-0] INFO  impl.SimpleStateMachineStorage (SimpleStateMachineStorage.java:loadLatestSnapshot(230)) - Latest snapshot is null in /home/runner/work/ratis/ratis/ratis-test/target/test/data/d6c3ea1c/MiniRaftClusterWithGrpcf715ded6/s3/5913e5d7-f0d0-40b3-8fb1-6d5932270d9d/sm
2025-09-08 20:27:45,320 [grpc-default-executor-12] INFO  impl.SimpleStateMachineStorage (SimpleStateMachineStorage.java:loadLatestSnapshot(230)) - Latest snapshot is null in /home/runner/work/ratis/ratis/ratis-test/target/test/data/d6c3ea1c/MiniRaftClusterWithGrpcf715ded6/s5/5913e5d7-f0d0-40b3-8fb1-6d5932270d9d/sm
2025-09-08 20:27:45,396 [s4@group-6D5932270D9D->s5-GrpcLogAppender-LogAppenderDaemon] INFO  impl.SimpleStateMachineStorage (SimpleStateMachineStorage.java:loadLatestSnapshot(230)) - Latest snapshot is null in /home/runner/work/ratis/ratis/ratis-test/target/test/data/d6c3ea1c/MiniRaftClusterWithGrpcf715ded6/s4/5913e5d7-f0d0-40b3-8fb1-6d5932270d9d/sm
2025-09-08 20:27:45,397 [grpc-default-executor-0] INFO  impl.SimpleStateMachineStorage (SimpleStateMachineStorage.java:loadLatestSnapshot(230)) - Latest snapshot is null in /home/runner/work/ratis/ratis/ratis-test/target/test/data/d6c3ea1c/MiniRaftClusterWithGrpcf715ded6/s5/5913e5d7-f0d0-40b3-8fb1-6d5932270d9d/sm
2025-09-08 20:27:45,397 [s4@group-6D5932270D9D->s3-GrpcLogAppender-LogAppenderDaemon] INFO  impl.SimpleStateMachineStorage (SimpleStateMachineStorage.java:loadLatestSnapshot(230)) - Latest snapshot is null in /home/runner/work/ratis/ratis/ratis-test/target/test/data/d6c3ea1c/MiniRaftClusterWithGrpcf715ded6/s4/5913e5d7-f0d0-40b3-8fb1-6d5932270d9d/sm
2025-09-08 20:27:45,398 [grpc-default-executor-12] INFO  impl.SimpleStateMachineStorage (SimpleStateMachineStorage.java:loadLatestSnapshot(230)) - Latest snapshot is null in /home/runner/work/ratis/ratis/ratis-test/target/test/data/d6c3ea1c/MiniRaftClusterWithGrpcf715ded6/s3/5913e5d7-f0d0-40b3-8fb1-6d5932270d9d/sm
2025-09-08 20:27:45,474 [s4@group-6D5932270D9D->s5-GrpcLogAppender-LogAppenderDaemon] INFO  impl.SimpleStateMachineStorage (SimpleStateMachineStorage.java:loadLatestSnapshot(230)) - Latest snapshot is null in /home/runner/work/ratis/ratis/ratis-test/target/test/data/d6c3ea1c/MiniRaftClusterWithGrpcf715ded6/s4/5913e5d7-f0d0-40b3-8fb1-6d5932270d9d/sm
2025-09-08 20:27:45,475 [s4@group-6D5932270D9D->s3-GrpcLogAppender-LogAppenderDaemon] INFO  impl.SimpleStateMachineStorage (SimpleStateMachineStorage.java:loadLatestSnapshot(230)) - Latest snapshot is null in /home/runner/work/ratis/ratis/ratis-test/target/test/data/d6c3ea1c/MiniRaftClusterWithGrpcf715ded6/s4/5913e5d7-f0d0-40b3-8fb1-6d5932270d9d/sm
2025-09-08 20:27:45,475 [grpc-default-executor-12] INFO  impl.SimpleStateMachineStorage (SimpleStateMachineStorage.java:loadLatestSnapshot(230)) - Latest snapshot is null in /home/runner/work/ratis/ratis/ratis-test/target/test/data/d6c3ea1c/MiniRaftClusterWithGrpcf715ded6/s5/5913e5d7-f0d0-40b3-8fb1-6d5932270d9d/sm
2025-09-08 20:27:45,475 [grpc-default-executor-0] INFO  impl.SimpleStateMachineStorage (SimpleStateMachineStorage.java:loadLatestSnapshot(230)) - Latest snapshot is null in /home/runner/work/ratis/ratis/ratis-test/target/test/data/d6c3ea1c/MiniRaftClusterWithGrpcf715ded6/s3/5913e5d7-f0d0-40b3-8fb1-6d5932270d9d/sm
2025-09-08 20:27:45,551 [s4@group-6D5932270D9D->s5-GrpcLogAppender-LogAppenderDaemon] INFO  impl.SimpleStateMachineStorage (SimpleStateMachineStorage.java:loadLatestSnapshot(230)) - Latest snapshot is null in /home/runner/work/ratis/ratis/ratis-test/target/test/data/d6c3ea1c/MiniRaftClusterWithGrpcf715ded6/s4/5913e5d7-f0d0-40b3-8fb1-6d5932270d9d/sm
2025-09-08 20:27:45,552 [grpc-default-executor-0] INFO  impl.SimpleStateMachineStorage (SimpleStateMachineStorage.java:loadLatestSnapshot(230)) - Latest snapshot is null in /home/runner/work/ratis/ratis/ratis-test/target/test/data/d6c3ea1c/MiniRaftClusterWithGrpcf715ded6/s5/5913e5d7-f0d0-40b3-8fb1-6d5932270d9d/sm
2025-09-08 20:27:45,552 [s4@group-6D5932270D9D->s3-GrpcLogAppender-LogAppenderDaemon] INFO  impl.SimpleStateMachineStorage (SimpleStateMachineStorage.java:loadLatestSnapshot(230)) - Latest snapshot is null in /home/runner/work/ratis/ratis/ratis-test/target/test/data/d6c3ea1c/MiniRaftClusterWithGrpcf715ded6/s4/5913e5d7-f0d0-40b3-8fb1-6d5932270d9d/sm
2025-09-08 20:27:45,553 [grpc-default-executor-0] INFO  impl.SimpleStateMachineStorage (SimpleStateMachineStorage.java:loadLatestSnapshot(230)) - Latest snapshot is null in /home/runner/work/ratis/ratis/ratis-test/target/test/data/d6c3ea1c/MiniRaftClusterWithGrpcf715ded6/s3/5913e5d7-f0d0-40b3-8fb1-6d5932270d9d/sm
2025-09-08 20:27:45,628 [s4@group-6D5932270D9D->s5-GrpcLogAppender-LogAppenderDaemon] INFO  impl.SimpleStateMachineStorage (SimpleStateMachineStorage.java:loadLatestSnapshot(230)) - Latest snapshot is null in /home/runner/work/ratis/ratis/ratis-test/target/test/data/d6c3ea1c/MiniRaftClusterWithGrpcf715ded6/s4/5913e5d7-f0d0-40b3-8fb1-6d5932270d9d/sm
2025-09-08 20:27:45,629 [grpc-default-executor-0] INFO  impl.SimpleStateMachineStorage (SimpleStateMachineStorage.java:loadLatestSnapshot(230)) - Latest snapshot is null in /home/runner/work/ratis/ratis/ratis-test/target/test/data/d6c3ea1c/MiniRaftClusterWithGrpcf715ded6/s5/5913e5d7-f0d0-40b3-8fb1-6d5932270d9d/sm
2025-09-08 20:27:45,630 [s4@group-6D5932270D9D->s3-GrpcLogAppender-LogAppenderDaemon] INFO  impl.SimpleStateMachineStorage (SimpleStateMachineStorage.java:loadLatestSnapshot(230)) - Latest snapshot is null in /home/runner/work/ratis/ratis/ratis-test/target/test/data/d6c3ea1c/MiniRaftClusterWithGrpcf715ded6/s4/5913e5d7-f0d0-40b3-8fb1-6d5932270d9d/sm
2025-09-08 20:27:45,630 [grpc-default-executor-0] INFO  impl.SimpleStateMachineStorage (SimpleStateMachineStorage.java:loadLatestSnapshot(230)) - Latest snapshot is null in /home/runner/work/ratis/ratis/ratis-test/target/test/data/d6c3ea1c/MiniRaftClusterWithGrpcf715ded6/s3/5913e5d7-f0d0-40b3-8fb1-6d5932270d9d/sm
2025-09-08 20:27:45,706 [s4@group-6D5932270D9D->s3-GrpcLogAppender-LogAppenderDaemon] INFO  impl.SimpleStateMachineStorage (SimpleStateMachineStorage.java:loadLatestSnapshot(230)) - Latest snapshot is null in /home/runner/work/ratis/ratis/ratis-test/target/test/data/d6c3ea1c/MiniRaftClusterWithGrpcf715ded6/s4/5913e5d7-f0d0-40b3-8fb1-6d5932270d9d/sm
2025-09-08 20:27:45,706 [s4@group-6D5932270D9D->s5-GrpcLogAppender-LogAppenderDaemon] INFO  impl.SimpleStateMachineStorage (SimpleStateMachineStorage.java:loadLatestSnapshot(230)) - Latest snapshot is null in /home/runner/work/ratis/ratis/ratis-test/target/test/data/d6c3ea1c/MiniRaftClusterWithGrpcf715ded6/s4/5913e5d7-f0d0-40b3-8fb1-6d5932270d9d/sm
2025-09-08 20:27:45,707 [grpc-default-executor-0] INFO  impl.SimpleStateMachineStorage (SimpleStateMachineStorage.java:loadLatestSnapshot(230)) - Latest snapshot is null in /home/runner/work/ratis/ratis/ratis-test/target/test/data/d6c3ea1c/MiniRaftClusterWithGrpcf715ded6/s3/5913e5d7-f0d0-40b3-8fb1-6d5932270d9d/sm
2025-09-08 20:27:45,707 [grpc-default-executor-12] INFO  impl.SimpleStateMachineStorage (SimpleStateMachineStorage.java:loadLatestSnapshot(230)) - Latest snapshot is null in /home/runner/work/ratis/ratis/ratis-test/target/test/data/d6c3ea1c/MiniRaftClusterWithGrpcf715ded6/s5/5913e5d7-f0d0-40b3-8fb1-6d5932270d9d/sm
2025-09-08 20:27:45,783 [s4@group-6D5932270D9D->s5-GrpcLogAppender-LogAppenderDaemon] INFO  impl.SimpleStateMachineStorage (SimpleStateMachineStorage.java:loadLatestSnapshot(230)) - Latest snapshot is null in /home/runner/work/ratis/ratis/ratis-test/target/test/data/d6c3ea1c/MiniRaftClusterWithGrpcf715ded6/s4/5913e5d7-f0d0-40b3-8fb1-6d5932270d9d/sm
2025-09-08 20:27:45,783 [grpc-default-executor-0] INFO  impl.SimpleStateMachineStorage (SimpleStateMachineStorage.java:loadLatestSnapshot(230)) - Latest snapshot is null in /home/runner/work/ratis/ratis/ratis-test/target/test/data/d6c3ea1c/MiniRaftClusterWithGrpcf715ded6/s5/5913e5d7-f0d0-40b3-8fb1-6d5932270d9d/sm
2025-09-08 20:27:45,784 [s4@group-6D5932270D9D->s3-GrpcLogAppender-LogAppenderDaemon] INFO  impl.SimpleStateMachineStorage (SimpleStateMachineStorage.java:loadLatestSnapshot(230)) - Latest snapshot is null in /home/runner/work/ratis/ratis/ratis-test/target/test/data/d6c3ea1c/MiniRaftClusterWithGrpcf715ded6/s4/5913e5d7-f0d0-40b3-8fb1-6d5932270d9d/sm
2025-09-08 20:27:45,784 [grpc-default-executor-0] INFO  impl.SimpleStateMachineStorage (SimpleStateMachineStorage.java:loadLatestSnapshot(230)) - Latest snapshot is null in /home/runner/work/ratis/ratis/ratis-test/target/test/data/d6c3ea1c/MiniRaftClusterWithGrpcf715ded6/s3/5913e5d7-f0d0-40b3-8fb1-6d5932270d9d/sm
2025-09-08 20:27:45,859 [s4@group-6D5932270D9D->s5-GrpcLogAppender-LogAppenderDaemon] INFO  impl.SimpleStateMachineStorage (SimpleStateMachineStorage.java:loadLatestSnapshot(230)) - Latest snapshot is null in /home/runner/work/ratis/ratis/ratis-test/target/test/data/d6c3ea1c/MiniRaftClusterWithGrpcf715ded6/s4/5913e5d7-f0d0-40b3-8fb1-6d5932270d9d/sm
2025-09-08 20:27:45,860 [s4@group-6D5932270D9D->s3-GrpcLogAppender-LogAppenderDaemon] INFO  impl.SimpleStateMachineStorage (SimpleStateMachineStorage.java:loadLatestSnapshot(230)) - Latest snapshot is null in /home/runner/work/ratis/ratis/ratis-test/target/test/data/d6c3ea1c/MiniRaftClusterWithGrpcf715ded6/s4/5913e5d7-f0d0-40b3-8fb1-6d5932270d9d/sm
2025-09-08 20:27:45,860 [grpc-default-executor-0] INFO  impl.SimpleStateMachineStorage (SimpleStateMachineStorage.java:loadLatestSnapshot(230)) - Latest snapshot is null in /home/runner/work/ratis/ratis/ratis-test/target/test/data/d6c3ea1c/MiniRaftClusterWithGrpcf715ded6/s5/5913e5d7-f0d0-40b3-8fb1-6d5932270d9d/sm
2025-09-08 20:27:45,861 [grpc-default-executor-0] INFO  impl.SimpleStateMachineStorage (SimpleStateMachineStorage.java:loadLatestSnapshot(230)) - Latest snapshot is null in /home/runner/work/ratis/ratis/ratis-test/target/test/data/d6c3ea1c/MiniRaftClusterWithGrpcf715ded6/s3/5913e5d7-f0d0-40b3-8fb1-6d5932270d9d/sm
2025-09-08 20:27:45,936 [s4@group-6D5932270D9D->s5-GrpcLogAppender-LogAppenderDaemon] INFO  impl.SimpleStateMachineStorage (SimpleStateMachineStorage.java:loadLatestSnapshot(230)) - Latest snapshot is null in /home/runner/work/ratis/ratis/ratis-test/target/test/data/d6c3ea1c/MiniRaftClusterWithGrpcf715ded6/s4/5913e5d7-f0d0-40b3-8fb1-6d5932270d9d/sm
2025-09-08 20:27:45,937 [grpc-default-executor-0] INFO  impl.SimpleStateMachineStorage (SimpleStateMachineStorage.java:loadLatestSnapshot(230)) - Latest snapshot is null in /home/runner/work/ratis/ratis/ratis-test/target/test/data/d6c3ea1c/MiniRaftClusterWithGrpcf715ded6/s5/5913e5d7-f0d0-40b3-8fb1-6d5932270d9d/sm
2025-09-08 20:27:45,938 [s4@group-6D5932270D9D->s3-GrpcLogAppender-LogAppenderDaemon] INFO  impl.SimpleStateMachineStorage (SimpleStateMachineStorage.java:loadLatestSnapshot(230)) - Latest snapshot is null in /home/runner/work/ratis/ratis/ratis-test/target/test/data/d6c3ea1c/MiniRaftClusterWithGrpcf715ded6/s4/5913e5d7-f0d0-40b3-8fb1-6d5932270d9d/sm
2025-09-08 20:27:45,939 [grpc-default-executor-0] INFO  impl.SimpleStateMachineStorage (SimpleStateMachineStorage.java:loadLatestSnapshot(230)) - Latest snapshot is null in /home/runner/work/ratis/ratis/ratis-test/target/test/data/d6c3ea1c/MiniRaftClusterWithGrpcf715ded6/s3/5913e5d7-f0d0-40b3-8fb1-6d5932270d9d/sm
2025-09-08 20:27:46,014 [s4@group-6D5932270D9D->s5-GrpcLogAppender-LogAppenderDaemon] INFO  impl.SimpleStateMachineStorage (SimpleStateMachineStorage.java:loadLatestSnapshot(230)) - Latest snapshot is null in /home/runner/work/ratis/ratis/ratis-test/target/test/data/d6c3ea1c/MiniRaftClusterWithGrpcf715ded6/s4/5913e5d7-f0d0-40b3-8fb1-6d5932270d9d/sm
2025-09-08 20:27:46,015 [grpc-default-executor-0] INFO  impl.SimpleStateMachineStorage (SimpleStateMachineStorage.java:loadLatestSnapshot(230)) - Latest snapshot is null in /home/runner/work/ratis/ratis/ratis-test/target/test/data/d6c3ea1c/MiniRaftClusterWithGrpcf715ded6/s5/5913e5d7-f0d0-40b3-8fb1-6d5932270d9d/sm
2025-09-08 20:27:46,015 [s4@group-6D5932270D9D->s3-GrpcLogAppender-LogAppenderDaemon] INFO  impl.SimpleStateMachineStorage (SimpleStateMachineStorage.java:loadLatestSnapshot(230)) - Latest snapshot is null in /home/runner/work/ratis/ratis/ratis-test/target/test/data/d6c3ea1c/MiniRaftClusterWithGrpcf715ded6/s4/5913e5d7-f0d0-40b3-8fb1-6d5932270d9d/sm
2025-09-08 20:27:46,016 [grpc-default-executor-0] INFO  impl.SimpleStateMachineStorage (SimpleStateMachineStorage.java:loadLatestSnapshot(230)) - Latest snapshot is null in /home/runner/work/ratis/ratis/ratis-test/target/test/data/d6c3ea1c/MiniRaftClusterWithGrpcf715ded6/s3/5913e5d7-f0d0-40b3-8fb1-6d5932270d9d/sm
2025-09-08 20:27:46,090 [s4@group-6D5932270D9D->s5-GrpcLogAppender-LogAppenderDaemon] INFO  impl.SimpleStateMachineStorage (SimpleStateMachineStorage.java:loadLatestSnapshot(230)) - Latest snapshot is null in /home/runner/work/ratis/ratis/ratis-test/target/test/data/d6c3ea1c/MiniRaftClusterWithGrpcf715ded6/s4/5913e5d7-f0d0-40b3-8fb1-6d5932270d9d/sm
2025-09-08 20:27:46,091 [grpc-default-executor-0] INFO  impl.SimpleStateMachineStorage (SimpleStateMachineStorage.java:loadLatestSnapshot(230)) - Latest snapshot is null in /home/runner/work/ratis/ratis/ratis-test/target/test/data/d6c3ea1c/MiniRaftClusterWithGrpcf715ded6/s5/5913e5d7-f0d0-40b3-8fb1-6d5932270d9d/sm
2025-09-08 20:27:46,091 [s4@group-6D5932270D9D->s3-GrpcLogAppender-LogAppenderDaemon] INFO  impl.SimpleStateMachineStorage (SimpleStateMachineStorage.java:loadLatestSnapshot(230)) - Latest snapshot is null in /home/runner/work/ratis/ratis/ratis-test/target/test/data/d6c3ea1c/MiniRaftClusterWithGrpcf715ded6/s4/5913e5d7-f0d0-40b3-8fb1-6d5932270d9d/sm
2025-09-08 20:27:46,092 [grpc-default-executor-12] INFO  impl.SimpleStateMachineStorage (SimpleStateMachineStorage.java:loadLatestSnapshot(230)) - Latest snapshot is null in /home/runner/work/ratis/ratis/ratis-test/target/test/data/d6c3ea1c/MiniRaftClusterWithGrpcf715ded6/s3/5913e5d7-f0d0-40b3-8fb1-6d5932270d9d/sm
2025-09-08 20:27:46,168 [s4@group-6D5932270D9D->s5-GrpcLogAppender-LogAppenderDaemon] INFO  impl.SimpleStateMachineStorage (SimpleStateMachineStorage.java:loadLatestSnapshot(230)) - Latest snapshot is null in /home/runner/work/ratis/ratis/ratis-test/target/test/data/d6c3ea1c/MiniRaftClusterWithGrpcf715ded6/s4/5913e5d7-f0d0-40b3-8fb1-6d5932270d9d/sm
2025-09-08 20:27:46,169 [grpc-default-executor-12] INFO  impl.SimpleStateMachineStorage (SimpleStateMachineStorage.java:loadLatestSnapshot(230)) - Latest snapshot is null in /home/runner/work/ratis/ratis/ratis-test/target/test/data/d6c3ea1c/MiniRaftClusterWithGrpcf715ded6/s5/5913e5d7-f0d0-40b3-8fb1-6d5932270d9d/sm
2025-09-08 20:27:46,169 [s4@group-6D5932270D9D->s3-GrpcLogAppender-LogAppenderDaemon] INFO  impl.SimpleStateMachineStorage (SimpleStateMachineStorage.java:loadLatestSnapshot(230)) - Latest snapshot is null in /home/runner/work/ratis/ratis/ratis-test/target/test/data/d6c3ea1c/MiniRaftClusterWithGrpcf715ded6/s4/5913e5d7-f0d0-40b3-8fb1-6d5932270d9d/sm
2025-09-08 20:27:46,170 [grpc-default-executor-0] INFO  impl.SimpleStateMachineStorage (SimpleStateMachineStorage.java:loadLatestSnapshot(230)) - Latest snapshot is null in /home/runner/work/ratis/ratis/ratis-test/target/test/data/d6c3ea1c/MiniRaftClusterWithGrpcf715ded6/s3/5913e5d7-f0d0-40b3-8fb1-6d5932270d9d/sm
2025-09-08 20:27:46,245 [s4@group-6D5932270D9D->s5-GrpcLogAppender-LogAppenderDaemon] INFO  impl.SimpleStateMachineStorage (SimpleStateMachineStorage.java:loadLatestSnapshot(230)) - Latest snapshot is null in /home/runner/work/ratis/ratis/ratis-test/target/test/data/d6c3ea1c/MiniRaftClusterWithGrpcf715ded6/s4/5913e5d7-f0d0-40b3-8fb1-6d5932270d9d/sm
2025-09-08 20:27:46,246 [s4@group-6D5932270D9D->s3-GrpcLogAppender-LogAppenderDaemon] INFO  impl.SimpleStateMachineStorage (SimpleStateMachineStorage.java:loadLatestSnapshot(230)) - Latest snapshot is null in /home/runner/work/ratis/ratis/ratis-test/target/test/data/d6c3ea1c/MiniRaftClusterWithGrpcf715ded6/s4/5913e5d7-f0d0-40b3-8fb1-6d5932270d9d/sm
2025-09-08 20:27:46,246 [grpc-default-executor-0] INFO  impl.SimpleStateMachineStorage (SimpleStateMachineStorage.java:loadLatestSnapshot(230)) - Latest snapshot is null in /home/runner/work/ratis/ratis/ratis-test/target/test/data/d6c3ea1c/MiniRaftClusterWithGrpcf715ded6/s5/5913e5d7-f0d0-40b3-8fb1-6d5932270d9d/sm
2025-09-08 20:27:46,246 [grpc-default-executor-0] INFO  impl.SimpleStateMachineStorage (SimpleStateMachineStorage.java:loadLatestSnapshot(230)) - Latest snapshot is null in /home/runner/work/ratis/ratis/ratis-test/target/test/data/d6c3ea1c/MiniRaftClusterWithGrpcf715ded6/s3/5913e5d7-f0d0-40b3-8fb1-6d5932270d9d/sm
2025-09-08 20:27:46,323 [s4@group-6D5932270D9D->s5-GrpcLogAppender-LogAppenderDaemon] INFO  impl.SimpleStateMachineStorage (SimpleStateMachineStorage.java:loadLatestSnapshot(230)) - Latest snapshot is null in /home/runner/work/ratis/ratis/ratis-test/target/test/data/d6c3ea1c/MiniRaftClusterWithGrpcf715ded6/s4/5913e5d7-f0d0-40b3-8fb1-6d5932270d9d/sm
2025-09-08 20:27:46,323 [s4@group-6D5932270D9D->s3-GrpcLogAppender-LogAppenderDaemon] INFO  impl.SimpleStateMachineStorage (SimpleStateMachineStorage.java:loadLatestSnapshot(230)) - Latest snapshot is null in /home/runner/work/ratis/ratis/ratis-test/target/test/data/d6c3ea1c/MiniRaftClusterWithGrpcf715ded6/s4/5913e5d7-f0d0-40b3-8fb1-6d5932270d9d/sm
2025-09-08 20:27:46,324 [grpc-default-executor-12] INFO  impl.SimpleStateMachineStorage (SimpleStateMachineStorage.java:loadLatestSnapshot(230)) - Latest snapshot is null in /home/runner/work/ratis/ratis/ratis-test/target/test/data/d6c3ea1c/MiniRaftClusterWithGrpcf715ded6/s5/5913e5d7-f0d0-40b3-8fb1-6d5932270d9d/sm
2025-09-08 20:27:46,324 [grpc-default-executor-0] INFO  impl.SimpleStateMachineStorage (SimpleStateMachineStorage.java:loadLatestSnapshot(230)) - Latest snapshot is null in /home/runner/work/ratis/ratis/ratis-test/target/test/data/d6c3ea1c/MiniRaftClusterWithGrpcf715ded6/s3/5913e5d7-f0d0-40b3-8fb1-6d5932270d9d/sm
2025-09-08 20:27:46,401 [s4@group-6D5932270D9D->s3-GrpcLogAppender-LogAppenderDaemon] INFO  impl.SimpleStateMachineStorage (SimpleStateMachineStorage.java:loadLatestSnapshot(230)) - Latest snapshot is null in /home/runner/work/ratis/ratis/ratis-test/target/test/data/d6c3ea1c/MiniRaftClusterWithGrpcf715ded6/s4/5913e5d7-f0d0-40b3-8fb1-6d5932270d9d/sm
2025-09-08 20:27:46,401 [s4@group-6D5932270D9D->s5-GrpcLogAppender-LogAppenderDaemon] INFO  impl.SimpleStateMachineStorage (SimpleStateMachineStorage.java:loadLatestSnapshot(230)) - Latest snapshot is null in /home/runner/work/ratis/ratis/ratis-test/target/test/data/d6c3ea1c/MiniRaftClusterWithGrpcf715ded6/s4/5913e5d7-f0d0-40b3-8fb1-6d5932270d9d/sm
2025-09-08 20:27:46,402 [grpc-default-executor-0] INFO  impl.SimpleStateMachineStorage (SimpleStateMachineStorage.java:loadLatestSnapshot(230)) - Latest snapshot is null in /home/runner/work/ratis/ratis/ratis-test/target/test/data/d6c3ea1c/MiniRaftClusterWithGrpcf715ded6/s5/5913e5d7-f0d0-40b3-8fb1-6d5932270d9d/sm
2025-09-08 20:27:46,402 [grpc-default-executor-12] INFO  impl.SimpleStateMachineStorage (SimpleStateMachineStorage.java:loadLatestSnapshot(230)) - Latest snapshot is null in /home/runner/work/ratis/ratis/ratis-test/target/test/data/d6c3ea1c/MiniRaftClusterWithGrpcf715ded6/s3/5913e5d7-f0d0-40b3-8fb1-6d5932270d9d/sm
2025-09-08 20:27:46,478 [s4@group-6D5932270D9D->s5-GrpcLogAppender-LogAppenderDaemon] INFO  impl.SimpleStateMachineStorage (SimpleStateMachineStorage.java:loadLatestSnapshot(230)) - Latest snapshot is null in /home/runner/work/ratis/ratis/ratis-test/target/test/data/d6c3ea1c/MiniRaftClusterWithGrpcf715ded6/s4/5913e5d7-f0d0-40b3-8fb1-6d5932270d9d/sm
2025-09-08 20:27:46,478 [s4@group-6D5932270D9D->s3-GrpcLogAppender-LogAppenderDaemon] INFO  impl.SimpleStateMachineStorage (SimpleStateMachineStorage.java:loadLatestSnapshot(230)) - Latest snapshot is null in /home/runner/work/ratis/ratis/ratis-test/target/test/data/d6c3ea1c/MiniRaftClusterWithGrpcf715ded6/s4/5913e5d7-f0d0-40b3-8fb1-6d5932270d9d/sm
2025-09-08 20:27:46,479 [grpc-default-executor-12] INFO  impl.SimpleStateMachineStorage (SimpleStateMachineStorage.java:loadLatestSnapshot(230)) - Latest snapshot is null in /home/runner/work/ratis/ratis/ratis-test/target/test/data/d6c3ea1c/MiniRaftClusterWithGrpcf715ded6/s3/5913e5d7-f0d0-40b3-8fb1-6d5932270d9d/sm
2025-09-08 20:27:46,480 [grpc-default-executor-12] INFO  impl.SimpleStateMachineStorage (SimpleStateMachineStorage.java:loadLatestSnapshot(230)) - Latest snapshot is null in /home/runner/work/ratis/ratis/ratis-test/target/test/data/d6c3ea1c/MiniRaftClusterWithGrpcf715ded6/s5/5913e5d7-f0d0-40b3-8fb1-6d5932270d9d/sm
2025-09-08 20:27:46,557 [s4@group-6D5932270D9D->s5-GrpcLogAppender-LogAppenderDaemon] INFO  impl.SimpleStateMachineStorage (SimpleStateMachineStorage.java:loadLatestSnapshot(230)) - Latest snapshot is null in /home/runner/work/ratis/ratis/ratis-test/target/test/data/d6c3ea1c/MiniRaftClusterWithGrpcf715ded6/s4/5913e5d7-f0d0-40b3-8fb1-6d5932270d9d/sm
2025-09-08 20:27:46,557 [s4@group-6D5932270D9D->s3-GrpcLogAppender-LogAppenderDaemon] INFO  impl.SimpleStateMachineStorage (SimpleStateMachineStorage.java:loadLatestSnapshot(230)) - Latest snapshot is null in /home/runner/work/ratis/ratis/ratis-test/target/test/data/d6c3ea1c/MiniRaftClusterWithGrpcf715ded6/s4/5913e5d7-f0d0-40b3-8fb1-6d5932270d9d/sm
2025-09-08 20:27:46,558 [grpc-default-executor-12] INFO  impl.SimpleStateMachineStorage (SimpleStateMachineStorage.java:loadLatestSnapshot(230)) - Latest snapshot is null in /home/runner/work/ratis/ratis/ratis-test/target/test/data/d6c3ea1c/MiniRaftClusterWithGrpcf715ded6/s5/5913e5d7-f0d0-40b3-8fb1-6d5932270d9d/sm
2025-09-08 20:27:46,558 [grpc-default-executor-0] INFO  impl.SimpleStateMachineStorage (SimpleStateMachineStorage.java:loadLatestSnapshot(230)) - Latest snapshot is null in /home/runner/work/ratis/ratis/ratis-test/target/test/data/d6c3ea1c/MiniRaftClusterWithGrpcf715ded6/s3/5913e5d7-f0d0-40b3-8fb1-6d5932270d9d/sm
2025-09-08 20:27:46,634 [s4@group-6D5932270D9D->s5-GrpcLogAppender-LogAppenderDaemon] INFO  impl.SimpleStateMachineStorage (SimpleStateMachineStorage.java:loadLatestSnapshot(230)) - Latest snapshot is null in /home/runner/work/ratis/ratis/ratis-test/target/test/data/d6c3ea1c/MiniRaftClusterWithGrpcf715ded6/s4/5913e5d7-f0d0-40b3-8fb1-6d5932270d9d/sm
2025-09-08 20:27:46,634 [s4@group-6D5932270D9D->s3-GrpcLogAppender-LogAppenderDaemon] INFO  impl.SimpleStateMachineStorage (SimpleStateMachineStorage.java:loadLatestSnapshot(230)) - Latest snapshot is null in /home/runner/work/ratis/ratis/ratis-test/target/test/data/d6c3ea1c/MiniRaftClusterWithGrpcf715ded6/s4/5913e5d7-f0d0-40b3-8fb1-6d5932270d9d/sm
2025-09-08 20:27:46,635 [grpc-default-executor-0] INFO  impl.SimpleStateMachineStorage (SimpleStateMachineStorage.java:loadLatestSnapshot(230)) - Latest snapshot is null in /home/runner/work/ratis/ratis/ratis-test/target/test/data/d6c3ea1c/MiniRaftClusterWithGrpcf715ded6/s3/5913e5d7-f0d0-40b3-8fb1-6d5932270d9d/sm
2025-09-08 20:27:46,635 [grpc-default-executor-12] INFO  impl.SimpleStateMachineStorage (SimpleStateMachineStorage.java:loadLatestSnapshot(230)) - Latest snapshot is null in /home/runner/work/ratis/ratis/ratis-test/target/test/data/d6c3ea1c/MiniRaftClusterWithGrpcf715ded6/s5/5913e5d7-f0d0-40b3-8fb1-6d5932270d9d/sm
2025-09-08 20:27:46,711 [s4@group-6D5932270D9D->s3-GrpcLogAppender-LogAppenderDaemon] INFO  impl.SimpleStateMachineStorage (SimpleStateMachineStorage.java:loadLatestSnapshot(230)) - Latest snapshot is null in /home/runner/work/ratis/ratis/ratis-test/target/test/data/d6c3ea1c/MiniRaftClusterWithGrpcf715ded6/s4/5913e5d7-f0d0-40b3-8fb1-6d5932270d9d/sm
2025-09-08 20:27:46,711 [grpc-default-executor-12] INFO  impl.SimpleStateMachineStorage (SimpleStateMachineStorage.java:loadLatestSnapshot(230)) - Latest snapshot is null in /home/runner/work/ratis/ratis/ratis-test/target/test/data/d6c3ea1c/MiniRaftClusterWithGrpcf715ded6/s3/5913e5d7-f0d0-40b3-8fb1-6d5932270d9d/sm
2025-09-08 20:27:46,712 [s4@group-6D5932270D9D->s5-GrpcLogAppender-LogAppenderDaemon] INFO  impl.SimpleStateMachineStorage (SimpleStateMachineStorage.java:loadLatestSnapshot(230)) - Latest snapshot is null in /home/runner/work/ratis/ratis/ratis-test/target/test/data/d6c3ea1c/MiniRaftClusterWithGrpcf715ded6/s4/5913e5d7-f0d0-40b3-8fb1-6d5932270d9d/sm
2025-09-08 20:27:46,712 [grpc-default-executor-12] INFO  impl.SimpleStateMachineStorage (SimpleStateMachineStorage.java:loadLatestSnapshot(230)) - Latest snapshot is null in /home/runner/work/ratis/ratis/ratis-test/target/test/data/d6c3ea1c/MiniRaftClusterWithGrpcf715ded6/s5/5913e5d7-f0d0-40b3-8fb1-6d5932270d9d/sm
2025-09-08 20:27:46,787 [s4@group-6D5932270D9D->s3-GrpcLogAppender-LogAppenderDaemon] INFO  impl.SimpleStateMachineStorage (SimpleStateMachineStorage.java:loadLatestSnapshot(230)) - Latest snapshot is null in /home/runner/work/ratis/ratis/ratis-test/target/test/data/d6c3ea1c/MiniRaftClusterWithGrpcf715ded6/s4/5913e5d7-f0d0-40b3-8fb1-6d5932270d9d/sm
2025-09-08 20:27:46,787 [grpc-default-executor-12] INFO  impl.SimpleStateMachineStorage (SimpleStateMachineStorage.java:loadLatestSnapshot(230)) - Latest snapshot is null in /home/runner/work/ratis/ratis/ratis-test/target/test/data/d6c3ea1c/MiniRaftClusterWithGrpcf715ded6/s3/5913e5d7-f0d0-40b3-8fb1-6d5932270d9d/sm
2025-09-08 20:27:46,788 [s4@group-6D5932270D9D->s5-GrpcLogAppender-LogAppenderDaemon] INFO  impl.SimpleStateMachineStorage (SimpleStateMachineStorage.java:loadLatestSnapshot(230)) - Latest snapshot is null in /home/runner/work/ratis/ratis/ratis-test/target/test/data/d6c3ea1c/MiniRaftClusterWithGrpcf715ded6/s4/5913e5d7-f0d0-40b3-8fb1-6d5932270d9d/sm
2025-09-08 20:27:46,788 [grpc-default-executor-12] INFO  impl.SimpleStateMachineStorage (SimpleStateMachineStorage.java:loadLatestSnapshot(230)) - Latest snapshot is null in /home/runner/work/ratis/ratis/ratis-test/target/test/data/d6c3ea1c/MiniRaftClusterWithGrpcf715ded6/s5/5913e5d7-f0d0-40b3-8fb1-6d5932270d9d/sm
2025-09-08 20:27:46,863 [s4@group-6D5932270D9D->s3-GrpcLogAppender-LogAppenderDaemon] INFO  impl.SimpleStateMachineStorage (SimpleStateMachineStorage.java:loadLatestSnapshot(230)) - Latest snapshot is null in /home/runner/work/ratis/ratis/ratis-test/target/test/data/d6c3ea1c/MiniRaftClusterWithGrpcf715ded6/s4/5913e5d7-f0d0-40b3-8fb1-6d5932270d9d/sm
2025-09-08 20:27:46,864 [grpc-default-executor-12] INFO  impl.SimpleStateMachineStorage (SimpleStateMachineStorage.java:loadLatestSnapshot(230)) - Latest snapshot is null in /home/runner/work/ratis/ratis/ratis-test/target/test/data/d6c3ea1c/MiniRaftClusterWithGrpcf715ded6/s3/5913e5d7-f0d0-40b3-8fb1-6d5932270d9d/sm
2025-09-08 20:27:46,865 [s4@group-6D5932270D9D->s5-GrpcLogAppender-LogAppenderDaemon] INFO  impl.SimpleStateMachineStorage (SimpleStateMachineStorage.java:loadLatestSnapshot(230)) - Latest snapshot is null in /home/runner/work/ratis/ratis/ratis-test/target/test/data/d6c3ea1c/MiniRaftClusterWithGrpcf715ded6/s4/5913e5d7-f0d0-40b3-8fb1-6d5932270d9d/sm
2025-09-08 20:27:46,865 [grpc-default-executor-12] INFO  impl.SimpleStateMachineStorage (SimpleStateMachineStorage.java:loadLatestSnapshot(230)) - Latest snapshot is null in /home/runner/work/ratis/ratis/ratis-test/target/test/data/d6c3ea1c/MiniRaftClusterWithGrpcf715ded6/s5/5913e5d7-f0d0-40b3-8fb1-6d5932270d9d/sm
2025-09-08 20:27:46,940 [s4@group-6D5932270D9D->s3-GrpcLogAppender-LogAppenderDaemon] INFO  impl.SimpleStateMachineStorage (SimpleStateMachineStorage.java:loadLatestSnapshot(230)) - Latest snapshot is null in /home/runner/work/ratis/ratis/ratis-test/target/test/data/d6c3ea1c/MiniRaftClusterWithGrpcf715ded6/s4/5913e5d7-f0d0-40b3-8fb1-6d5932270d9d/sm
2025-09-08 20:27:46,941 [grpc-default-executor-12] INFO  impl.SimpleStateMachineStorage (SimpleStateMachineStorage.java:loadLatestSnapshot(230)) - Latest snapshot is null in /home/runner/work/ratis/ratis/ratis-test/target/test/data/d6c3ea1c/MiniRaftClusterWithGrpcf715ded6/s3/5913e5d7-f0d0-40b3-8fb1-6d5932270d9d/sm
2025-09-08 20:27:46,941 [s4@group-6D5932270D9D->s5-GrpcLogAppender-LogAppenderDaemon] INFO  impl.SimpleStateMachineStorage (SimpleStateMachineStorage.java:loadLatestSnapshot(230)) - Latest snapshot is null in /home/runner/work/ratis/ratis/ratis-test/target/test/data/d6c3ea1c/MiniRaftClusterWithGrpcf715ded6/s4/5913e5d7-f0d0-40b3-8fb1-6d5932270d9d/sm
2025-09-08 20:27:46,942 [grpc-default-executor-0] INFO  impl.SimpleStateMachineStorage (SimpleStateMachineStorage.java:loadLatestSnapshot(230)) - Latest snapshot is null in /home/runner/work/ratis/ratis/ratis-test/target/test/data/d6c3ea1c/MiniRaftClusterWithGrpcf715ded6/s5/5913e5d7-f0d0-40b3-8fb1-6d5932270d9d/sm
2025-09-08 20:27:47,017 [s4@group-6D5932270D9D->s3-GrpcLogAppender-LogAppenderDaemon] INFO  impl.SimpleStateMachineStorage (SimpleStateMachineStorage.java:loadLatestSnapshot(230)) - Latest snapshot is null in /home/runner/work/ratis/ratis/ratis-test/target/test/data/d6c3ea1c/MiniRaftClusterWithGrpcf715ded6/s4/5913e5d7-f0d0-40b3-8fb1-6d5932270d9d/sm
2025-09-08 20:27:47,018 [grpc-default-executor-0] INFO  impl.SimpleStateMachineStorage (SimpleStateMachineStorage.java:loadLatestSnapshot(230)) - Latest snapshot is null in /home/runner/work/ratis/ratis/ratis-test/target/test/data/d6c3ea1c/MiniRaftClusterWithGrpcf715ded6/s3/5913e5d7-f0d0-40b3-8fb1-6d5932270d9d/sm
2025-09-08 20:27:47,019 [s4@group-6D5932270D9D->s5-GrpcLogAppender-LogAppenderDaemon] INFO  impl.SimpleStateMachineStorage (SimpleStateMachineStorage.java:loadLatestSnapshot(230)) - Latest snapshot is null in /home/runner/work/ratis/ratis/ratis-test/target/test/data/d6c3ea1c/MiniRaftClusterWithGrpcf715ded6/s4/5913e5d7-f0d0-40b3-8fb1-6d5932270d9d/sm
2025-09-08 20:27:47,019 [grpc-default-executor-0] INFO  impl.SimpleStateMachineStorage (SimpleStateMachineStorage.java:loadLatestSnapshot(230)) - Latest snapshot is null in /home/runner/work/ratis/ratis/ratis-test/target/test/data/d6c3ea1c/MiniRaftClusterWithGrpcf715ded6/s5/5913e5d7-f0d0-40b3-8fb1-6d5932270d9d/sm
2025-09-08 20:27:47,095 [s4@group-6D5932270D9D->s3-GrpcLogAppender-LogAppenderDaemon] INFO  impl.SimpleStateMachineStorage (SimpleStateMachineStorage.java:loadLatestSnapshot(230)) - Latest snapshot is null in /home/runner/work/ratis/ratis/ratis-test/target/test/data/d6c3ea1c/MiniRaftClusterWithGrpcf715ded6/s4/5913e5d7-f0d0-40b3-8fb1-6d5932270d9d/sm
2025-09-08 20:27:47,096 [grpc-default-executor-0] INFO  impl.SimpleStateMachineStorage (SimpleStateMachineStorage.java:loadLatestSnapshot(230)) - Latest snapshot is null in /home/runner/work/ratis/ratis/ratis-test/target/test/data/d6c3ea1c/MiniRaftClusterWithGrpcf715ded6/s3/5913e5d7-f0d0-40b3-8fb1-6d5932270d9d/sm
2025-09-08 20:27:47,096 [s4@group-6D5932270D9D->s5-GrpcLogAppender-LogAppenderDaemon] INFO  impl.SimpleStateMachineStorage (SimpleStateMachineStorage.java:loadLatestSnapshot(230)) - Latest snapshot is null in /home/runner/work/ratis/ratis/ratis-test/target/test/data/d6c3ea1c/MiniRaftClusterWithGrpcf715ded6/s4/5913e5d7-f0d0-40b3-8fb1-6d5932270d9d/sm
2025-09-08 20:27:47,096 [grpc-default-executor-0] INFO  impl.SimpleStateMachineStorage (SimpleStateMachineStorage.java:loadLatestSnapshot(230)) - Latest snapshot is null in /home/runner/work/ratis/ratis/ratis-test/target/test/data/d6c3ea1c/MiniRaftClusterWithGrpcf715ded6/s5/5913e5d7-f0d0-40b3-8fb1-6d5932270d9d/sm
2025-09-08 20:27:47,171 [s4@group-6D5932270D9D->s3-GrpcLogAppender-LogAppenderDaemon] INFO  impl.SimpleStateMachineStorage (SimpleStateMachineStorage.java:loadLatestSnapshot(230)) - Latest snapshot is null in /home/runner/work/ratis/ratis/ratis-test/target/test/data/d6c3ea1c/MiniRaftClusterWithGrpcf715ded6/s4/5913e5d7-f0d0-40b3-8fb1-6d5932270d9d/sm
2025-09-08 20:27:47,172 [s4@group-6D5932270D9D->s5-GrpcLogAppender-LogAppenderDaemon] INFO  impl.SimpleStateMachineStorage (SimpleStateMachineStorage.java:loadLatestSnapshot(230)) - Latest snapshot is null in /home/runner/work/ratis/ratis/ratis-test/target/test/data/d6c3ea1c/MiniRaftClusterWithGrpcf715ded6/s4/5913e5d7-f0d0-40b3-8fb1-6d5932270d9d/sm
2025-09-08 20:27:47,173 [grpc-default-executor-0] INFO  impl.SimpleStateMachineStorage (SimpleStateMachineStorage.java:loadLatestSnapshot(230)) - Latest snapshot is null in /home/runner/work/ratis/ratis/ratis-test/target/test/data/d6c3ea1c/MiniRaftClusterWithGrpcf715ded6/s3/5913e5d7-f0d0-40b3-8fb1-6d5932270d9d/sm
2025-09-08 20:27:47,173 [grpc-default-executor-12] INFO  impl.SimpleStateMachineStorage (SimpleStateMachineStorage.java:loadLatestSnapshot(230)) - Latest snapshot is null in /home/runner/work/ratis/ratis/ratis-test/target/test/data/d6c3ea1c/MiniRaftClusterWithGrpcf715ded6/s5/5913e5d7-f0d0-40b3-8fb1-6d5932270d9d/sm
2025-09-08 20:27:47,249 [s4@group-6D5932270D9D->s5-GrpcLogAppender-LogAppenderDaemon] INFO  impl.SimpleStateMachineStorage (SimpleStateMachineStorage.java:loadLatestSnapshot(230)) - Latest snapshot is null in /home/runner/work/ratis/ratis/ratis-test/target/test/data/d6c3ea1c/MiniRaftClusterWithGrpcf715ded6/s4/5913e5d7-f0d0-40b3-8fb1-6d5932270d9d/sm
2025-09-08 20:27:47,250 [s4@group-6D5932270D9D->s3-GrpcLogAppender-LogAppenderDaemon] INFO  impl.SimpleStateMachineStorage (SimpleStateMachineStorage.java:loadLatestSnapshot(230)) - Latest snapshot is null in /home/runner/work/ratis/ratis/ratis-test/target/test/data/d6c3ea1c/MiniRaftClusterWithGrpcf715ded6/s4/5913e5d7-f0d0-40b3-8fb1-6d5932270d9d/sm
2025-09-08 20:27:47,250 [grpc-default-executor-12] INFO  impl.SimpleStateMachineStorage (SimpleStateMachineStorage.java:loadLatestSnapshot(230)) - Latest snapshot is null in /home/runner/work/ratis/ratis/ratis-test/target/test/data/d6c3ea1c/MiniRaftClusterWithGrpcf715ded6/s5/5913e5d7-f0d0-40b3-8fb1-6d5932270d9d/sm
2025-09-08 20:27:47,250 [grpc-default-executor-0] INFO  impl.SimpleStateMachineStorage (SimpleStateMachineStorage.java:loadLatestSnapshot(230)) - Latest snapshot is null in /home/runner/work/ratis/ratis/ratis-test/target/test/data/d6c3ea1c/MiniRaftClusterWithGrpcf715ded6/s3/5913e5d7-f0d0-40b3-8fb1-6d5932270d9d/sm
2025-09-08 20:27:47,327 [s4@group-6D5932270D9D->s5-GrpcLogAppender-LogAppenderDaemon] INFO  impl.SimpleStateMachineStorage (SimpleStateMachineStorage.java:loadLatestSnapshot(230)) - Latest snapshot is null in /home/runner/work/ratis/ratis/ratis-test/target/test/data/d6c3ea1c/MiniRaftClusterWithGrpcf715ded6/s4/5913e5d7-f0d0-40b3-8fb1-6d5932270d9d/sm
2025-09-08 20:27:47,327 [s4@group-6D5932270D9D->s3-GrpcLogAppender-LogAppenderDaemon] INFO  impl.SimpleStateMachineStorage (SimpleStateMachineStorage.java:loadLatestSnapshot(230)) - Latest snapshot is null in /home/runner/work/ratis/ratis/ratis-test/target/test/data/d6c3ea1c/MiniRaftClusterWithGrpcf715ded6/s4/5913e5d7-f0d0-40b3-8fb1-6d5932270d9d/sm
2025-09-08 20:27:47,328 [grpc-default-executor-12] INFO  impl.SimpleStateMachineStorage (SimpleStateMachineStorage.java:loadLatestSnapshot(230)) - Latest snapshot is null in /home/runner/work/ratis/ratis/ratis-test/target/test/data/d6c3ea1c/MiniRaftClusterWithGrpcf715ded6/s3/5913e5d7-f0d0-40b3-8fb1-6d5932270d9d/sm
2025-09-08 20:27:47,328 [grpc-default-executor-0] INFO  impl.SimpleStateMachineStorage (SimpleStateMachineStorage.java:loadLatestSnapshot(230)) - Latest snapshot is null in /home/runner/work/ratis/ratis/ratis-test/target/test/data/d6c3ea1c/MiniRaftClusterWithGrpcf715ded6/s5/5913e5d7-f0d0-40b3-8fb1-6d5932270d9d/sm
2025-09-08 20:27:47,404 [s4@group-6D5932270D9D->s5-GrpcLogAppender-LogAppenderDaemon] INFO  impl.SimpleStateMachineStorage (SimpleStateMachineStorage.java:loadLatestSnapshot(230)) - Latest snapshot is null in /home/runner/work/ratis/ratis/ratis-test/target/test/data/d6c3ea1c/MiniRaftClusterWithGrpcf715ded6/s4/5913e5d7-f0d0-40b3-8fb1-6d5932270d9d/sm
2025-09-08 20:27:47,405 [grpc-default-executor-0] INFO  impl.SimpleStateMachineStorage (SimpleStateMachineStorage.java:loadLatestSnapshot(230)) - Latest snapshot is null in /home/runner/work/ratis/ratis/ratis-test/target/test/data/d6c3ea1c/MiniRaftClusterWithGrpcf715ded6/s5/5913e5d7-f0d0-40b3-8fb1-6d5932270d9d/sm
2025-09-08 20:27:47,405 [s4@group-6D5932270D9D->s3-GrpcLogAppender-LogAppenderDaemon] INFO  impl.SimpleStateMachineStorage (SimpleStateMachineStorage.java:loadLatestSnapshot(230)) - Latest snapshot is null in /home/runner/work/ratis/ratis/ratis-test/target/test/data/d6c3ea1c/MiniRaftClusterWithGrpcf715ded6/s4/5913e5d7-f0d0-40b3-8fb1-6d5932270d9d/sm
2025-09-08 20:27:47,406 [grpc-default-executor-0] INFO  impl.SimpleStateMachineStorage (SimpleStateMachineStorage.java:loadLatestSnapshot(230)) - Latest snapshot is null in /home/runner/work/ratis/ratis/ratis-test/target/test/data/d6c3ea1c/MiniRaftClusterWithGrpcf715ded6/s3/5913e5d7-f0d0-40b3-8fb1-6d5932270d9d/sm
2025-09-08 20:27:47,482 [s4@group-6D5932270D9D->s5-GrpcLogAppender-LogAppenderDaemon] INFO  impl.SimpleStateMachineStorage (SimpleStateMachineStorage.java:loadLatestSnapshot(230)) - Latest snapshot is null in /home/runner/work/ratis/ratis/ratis-test/target/test/data/d6c3ea1c/MiniRaftClusterWithGrpcf715ded6/s4/5913e5d7-f0d0-40b3-8fb1-6d5932270d9d/sm
2025-09-08 20:27:47,483 [grpc-default-executor-0] INFO  impl.SimpleStateMachineStorage (SimpleStateMachineStorage.java:loadLatestSnapshot(230)) - Latest snapshot is null in /home/runner/work/ratis/ratis/ratis-test/target/test/data/d6c3ea1c/MiniRaftClusterWithGrpcf715ded6/s5/5913e5d7-f0d0-40b3-8fb1-6d5932270d9d/sm
2025-09-08 20:27:47,483 [s4@group-6D5932270D9D->s3-GrpcLogAppender-LogAppenderDaemon] INFO  impl.SimpleStateMachineStorage (SimpleStateMachineStorage.java:loadLatestSnapshot(230)) - Latest snapshot is null in /home/runner/work/ratis/ratis/ratis-test/target/test/data/d6c3ea1c/MiniRaftClusterWithGrpcf715ded6/s4/5913e5d7-f0d0-40b3-8fb1-6d5932270d9d/sm
2025-09-08 20:27:47,484 [grpc-default-executor-0] INFO  impl.SimpleStateMachineStorage (SimpleStateMachineStorage.java:loadLatestSnapshot(230)) - Latest snapshot is null in /home/runner/work/ratis/ratis/ratis-test/target/test/data/d6c3ea1c/MiniRaftClusterWithGrpcf715ded6/s3/5913e5d7-f0d0-40b3-8fb1-6d5932270d9d/sm
2025-09-08 20:27:47,559 [s4@group-6D5932270D9D->s5-GrpcLogAppender-LogAppenderDaemon] INFO  impl.SimpleStateMachineStorage (SimpleStateMachineStorage.java:loadLatestSnapshot(230)) - Latest snapshot is null in /home/runner/work/ratis/ratis/ratis-test/target/test/data/d6c3ea1c/MiniRaftClusterWithGrpcf715ded6/s4/5913e5d7-f0d0-40b3-8fb1-6d5932270d9d/sm
2025-09-08 20:27:47,559 [s4@group-6D5932270D9D->s3-GrpcLogAppender-LogAppenderDaemon] INFO  impl.SimpleStateMachineStorage (SimpleStateMachineStorage.java:loadLatestSnapshot(230)) - Latest snapshot is null in /home/runner/work/ratis/ratis/ratis-test/target/test/data/d6c3ea1c/MiniRaftClusterWithGrpcf715ded6/s4/5913e5d7-f0d0-40b3-8fb1-6d5932270d9d/sm
2025-09-08 20:27:47,560 [grpc-default-executor-12] INFO  impl.SimpleStateMachineStorage (SimpleStateMachineStorage.java:loadLatestSnapshot(230)) - Latest snapshot is null in /home/runner/work/ratis/ratis/ratis-test/target/test/data/d6c3ea1c/MiniRaftClusterWithGrpcf715ded6/s5/5913e5d7-f0d0-40b3-8fb1-6d5932270d9d/sm
2025-09-08 20:27:47,560 [grpc-default-executor-0] INFO  impl.SimpleStateMachineStorage (SimpleStateMachineStorage.java:loadLatestSnapshot(230)) - Latest snapshot is null in /home/runner/work/ratis/ratis/ratis-test/target/test/data/d6c3ea1c/MiniRaftClusterWithGrpcf715ded6/s3/5913e5d7-f0d0-40b3-8fb1-6d5932270d9d/sm
2025-09-08 20:27:47,637 [s4@group-6D5932270D9D->s5-GrpcLogAppender-LogAppenderDaemon] INFO  impl.SimpleStateMachineStorage (SimpleStateMachineStorage.java:loadLatestSnapshot(230)) - Latest snapshot is null in /home/runner/work/ratis/ratis/ratis-test/target/test/data/d6c3ea1c/MiniRaftClusterWithGrpcf715ded6/s4/5913e5d7-f0d0-40b3-8fb1-6d5932270d9d/sm
2025-09-08 20:27:47,637 [s4@group-6D5932270D9D->s3-GrpcLogAppender-LogAppenderDaemon] INFO  impl.SimpleStateMachineStorage (SimpleStateMachineStorage.java:loadLatestSnapshot(230)) - Latest snapshot is null in /home/runner/work/ratis/ratis/ratis-test/target/test/data/d6c3ea1c/MiniRaftClusterWithGrpcf715ded6/s4/5913e5d7-f0d0-40b3-8fb1-6d5932270d9d/sm
2025-09-08 20:27:47,638 [grpc-default-executor-0] INFO  impl.SimpleStateMachineStorage (SimpleStateMachineStorage.java:loadLatestSnapshot(230)) - Latest snapshot is null in /home/runner/work/ratis/ratis/ratis-test/target/test/data/d6c3ea1c/MiniRaftClusterWithGrpcf715ded6/s5/5913e5d7-f0d0-40b3-8fb1-6d5932270d9d/sm
2025-09-08 20:27:47,638 [grpc-default-executor-12] INFO  impl.SimpleStateMachineStorage (SimpleStateMachineStorage.java:loadLatestSnapshot(230)) - Latest snapshot is null in /home/runner/work/ratis/ratis/ratis-test/target/test/data/d6c3ea1c/MiniRaftClusterWithGrpcf715ded6/s3/5913e5d7-f0d0-40b3-8fb1-6d5932270d9d/sm
2025-09-08 20:27:47,714 [s4@group-6D5932270D9D->s3-GrpcLogAppender-LogAppenderDaemon] INFO  impl.SimpleStateMachineStorage (SimpleStateMachineStorage.java:loadLatestSnapshot(230)) - Latest snapshot is null in /home/runner/work/ratis/ratis/ratis-test/target/test/data/d6c3ea1c/MiniRaftClusterWithGrpcf715ded6/s4/5913e5d7-f0d0-40b3-8fb1-6d5932270d9d/sm
2025-09-08 20:27:47,715 [s4@group-6D5932270D9D->s5-GrpcLogAppender-LogAppenderDaemon] INFO  impl.SimpleStateMachineStorage (SimpleStateMachineStorage.java:loadLatestSnapshot(230)) - Latest snapshot is null in /home/runner/work/ratis/ratis/ratis-test/target/test/data/d6c3ea1c/MiniRaftClusterWithGrpcf715ded6/s4/5913e5d7-f0d0-40b3-8fb1-6d5932270d9d/sm
2025-09-08 20:27:47,715 [grpc-default-executor-0] INFO  impl.SimpleStateMachineStorage (SimpleStateMachineStorage.java:loadLatestSnapshot(230)) - Latest snapshot is null in /home/runner/work/ratis/ratis/ratis-test/target/test/data/d6c3ea1c/MiniRaftClusterWithGrpcf715ded6/s3/5913e5d7-f0d0-40b3-8fb1-6d5932270d9d/sm
2025-09-08 20:27:47,715 [grpc-default-executor-0] INFO  impl.SimpleStateMachineStorage (SimpleStateMachineStorage.java:loadLatestSnapshot(230)) - Latest snapshot is null in /home/runner/work/ratis/ratis/ratis-test/target/test/data/d6c3ea1c/MiniRaftClusterWithGrpcf715ded6/s5/5913e5d7-f0d0-40b3-8fb1-6d5932270d9d/sm
2025-09-08 20:27:47,791 [s4@group-6D5932270D9D->s5-GrpcLogAppender-LogAppenderDaemon] INFO  impl.SimpleStateMachineStorage (SimpleStateMachineStorage.java:loadLatestSnapshot(230)) - Latest snapshot is null in /home/runner/work/ratis/ratis/ratis-test/target/test/data/d6c3ea1c/MiniRaftClusterWithGrpcf715ded6/s4/5913e5d7-f0d0-40b3-8fb1-6d5932270d9d/sm
2025-09-08 20:27:47,792 [s4@group-6D5932270D9D->s3-GrpcLogAppender-LogAppenderDaemon] INFO  impl.SimpleStateMachineStorage (SimpleStateMachineStorage.java:loadLatestSnapshot(230)) - Latest snapshot is null in /home/runner/work/ratis/ratis/ratis-test/target/test/data/d6c3ea1c/MiniRaftClusterWithGrpcf715ded6/s4/5913e5d7-f0d0-40b3-8fb1-6d5932270d9d/sm
2025-09-08 20:27:47,792 [grpc-default-executor-12] INFO  impl.SimpleStateMachineStorage (SimpleStateMachineStorage.java:loadLatestSnapshot(230)) - Latest snapshot is null in /home/runner/work/ratis/ratis/ratis-test/target/test/data/d6c3ea1c/MiniRaftClusterWithGrpcf715ded6/s5/5913e5d7-f0d0-40b3-8fb1-6d5932270d9d/sm
2025-09-08 20:27:47,792 [grpc-default-executor-12] INFO  impl.SimpleStateMachineStorage (SimpleStateMachineStorage.java:loadLatestSnapshot(230)) - Latest snapshot is null in /home/runner/work/ratis/ratis/ratis-test/target/test/data/d6c3ea1c/MiniRaftClusterWithGrpcf715ded6/s3/5913e5d7-f0d0-40b3-8fb1-6d5932270d9d/sm
2025-09-08 20:27:47,868 [s4@group-6D5932270D9D->s5-GrpcLogAppender-LogAppenderDaemon] INFO  impl.SimpleStateMachineStorage (SimpleStateMachineStorage.java:loadLatestSnapshot(230)) - Latest snapshot is null in /home/runner/work/ratis/ratis/ratis-test/target/test/data/d6c3ea1c/MiniRaftClusterWithGrpcf715ded6/s4/5913e5d7-f0d0-40b3-8fb1-6d5932270d9d/sm
2025-09-08 20:27:47,869 [grpc-default-executor-0] INFO  impl.SimpleStateMachineStorage (SimpleStateMachineStorage.java:loadLatestSnapshot(230)) - Latest snapshot is null in /home/runner/work/ratis/ratis/ratis-test/target/test/data/d6c3ea1c/MiniRaftClusterWithGrpcf715ded6/s5/5913e5d7-f0d0-40b3-8fb1-6d5932270d9d/sm
2025-09-08 20:27:47,869 [s4@group-6D5932270D9D->s3-GrpcLogAppender-LogAppenderDaemon] INFO  impl.SimpleStateMachineStorage (SimpleStateMachineStorage.java:loadLatestSnapshot(230)) - Latest snapshot is null in /home/runner/work/ratis/ratis/ratis-test/target/test/data/d6c3ea1c/MiniRaftClusterWithGrpcf715ded6/s4/5913e5d7-f0d0-40b3-8fb1-6d5932270d9d/sm
2025-09-08 20:27:47,869 [grpc-default-executor-0] INFO  impl.SimpleStateMachineStorage (SimpleStateMachineStorage.java:loadLatestSnapshot(230)) - Latest snapshot is null in /home/runner/work/ratis/ratis/ratis-test/target/test/data/d6c3ea1c/MiniRaftClusterWithGrpcf715ded6/s3/5913e5d7-f0d0-40b3-8fb1-6d5932270d9d/sm
2025-09-08 20:27:47,945 [s4@group-6D5932270D9D->s5-GrpcLogAppender-LogAppenderDaemon] INFO  impl.SimpleStateMachineStorage (SimpleStateMachineStorage.java:loadLatestSnapshot(230)) - Latest snapshot is null in /home/runner/work/ratis/ratis/ratis-test/target/test/data/d6c3ea1c/MiniRaftClusterWithGrpcf715ded6/s4/5913e5d7-f0d0-40b3-8fb1-6d5932270d9d/sm
2025-09-08 20:27:47,945 [grpc-default-executor-0] INFO  impl.SimpleStateMachineStorage (SimpleStateMachineStorage.java:loadLatestSnapshot(230)) - Latest snapshot is null in /home/runner/work/ratis/ratis/ratis-test/target/test/data/d6c3ea1c/MiniRaftClusterWithGrpcf715ded6/s5/5913e5d7-f0d0-40b3-8fb1-6d5932270d9d/sm
2025-09-08 20:27:47,946 [s4@group-6D5932270D9D->s3-GrpcLogAppender-LogAppenderDaemon] INFO  impl.SimpleStateMachineStorage (SimpleStateMachineStorage.java:loadLatestSnapshot(230)) - Latest snapshot is null in /home/runner/work/ratis/ratis/ratis-test/target/test/data/d6c3ea1c/MiniRaftClusterWithGrpcf715ded6/s4/5913e5d7-f0d0-40b3-8fb1-6d5932270d9d/sm
2025-09-08 20:27:47,947 [grpc-default-executor-0] INFO  impl.SimpleStateMachineStorage (SimpleStateMachineStorage.java:loadLatestSnapshot(230)) - Latest snapshot is null in /home/runner/work/ratis/ratis/ratis-test/target/test/data/d6c3ea1c/MiniRaftClusterWithGrpcf715ded6/s3/5913e5d7-f0d0-40b3-8fb1-6d5932270d9d/sm
2025-09-08 20:27:48,021 [s4@group-6D5932270D9D->s5-GrpcLogAppender-LogAppenderDaemon] INFO  impl.SimpleStateMachineStorage (SimpleStateMachineStorage.java:loadLatestSnapshot(230)) - Latest snapshot is null in /home/runner/work/ratis/ratis/ratis-test/target/test/data/d6c3ea1c/MiniRaftClusterWithGrpcf715ded6/s4/5913e5d7-f0d0-40b3-8fb1-6d5932270d9d/sm
2025-09-08 20:27:48,022 [grpc-default-executor-0] INFO  impl.SimpleStateMachineStorage (SimpleStateMachineStorage.java:loadLatestSnapshot(230)) - Latest snapshot is null in /home/runner/work/ratis/ratis/ratis-test/target/test/data/d6c3ea1c/MiniRaftClusterWithGrpcf715ded6/s5/5913e5d7-f0d0-40b3-8fb1-6d5932270d9d/sm
2025-09-08 20:27:48,022 [s4@group-6D5932270D9D->s3-GrpcLogAppender-LogAppenderDaemon] INFO  impl.SimpleStateMachineStorage (SimpleStateMachineStorage.java:loadLatestSnapshot(230)) - Latest snapshot is null in /home/runner/work/ratis/ratis/ratis-test/target/test/data/d6c3ea1c/MiniRaftClusterWithGrpcf715ded6/s4/5913e5d7-f0d0-40b3-8fb1-6d5932270d9d/sm
2025-09-08 20:27:48,023 [grpc-default-executor-0] INFO  impl.SimpleStateMachineStorage (SimpleStateMachineStorage.java:loadLatestSnapshot(230)) - Latest snapshot is null in /home/runner/work/ratis/ratis/ratis-test/target/test/data/d6c3ea1c/MiniRaftClusterWithGrpcf715ded6/s3/5913e5d7-f0d0-40b3-8fb1-6d5932270d9d/sm
2025-09-08 20:27:48,097 [s4@group-6D5932270D9D->s5-GrpcLogAppender-LogAppenderDaemon] INFO  impl.SimpleStateMachineStorage (SimpleStateMachineStorage.java:loadLatestSnapshot(230)) - Latest snapshot is null in /home/runner/work/ratis/ratis/ratis-test/target/test/data/d6c3ea1c/MiniRaftClusterWithGrpcf715ded6/s4/5913e5d7-f0d0-40b3-8fb1-6d5932270d9d/sm
2025-09-08 20:27:48,098 [grpc-default-executor-0] INFO  impl.SimpleStateMachineStorage (SimpleStateMachineStorage.java:loadLatestSnapshot(230)) - Latest snapshot is null in /home/runner/work/ratis/ratis/ratis-test/target/test/data/d6c3ea1c/MiniRaftClusterWithGrpcf715ded6/s5/5913e5d7-f0d0-40b3-8fb1-6d5932270d9d/sm
2025-09-08 20:27:48,099 [s4@group-6D5932270D9D->s3-GrpcLogAppender-LogAppenderDaemon] INFO  impl.SimpleStateMachineStorage (SimpleStateMachineStorage.java:loadLatestSnapshot(230)) - Latest snapshot is null in /home/runner/work/ratis/ratis/ratis-test/target/test/data/d6c3ea1c/MiniRaftClusterWithGrpcf715ded6/s4/5913e5d7-f0d0-40b3-8fb1-6d5932270d9d/sm
2025-09-08 20:27:48,099 [grpc-default-executor-0] INFO  impl.SimpleStateMachineStorage (SimpleStateMachineStorage.java:loadLatestSnapshot(230)) - Latest snapshot is null in /home/runner/work/ratis/ratis/ratis-test/target/test/data/d6c3ea1c/MiniRaftClusterWithGrpcf715ded6/s3/5913e5d7-f0d0-40b3-8fb1-6d5932270d9d/sm
2025-09-08 20:27:48,174 [s4@group-6D5932270D9D->s5-GrpcLogAppender-LogAppenderDaemon] INFO  impl.SimpleStateMachineStorage (SimpleStateMachineStorage.java:loadLatestSnapshot(230)) - Latest snapshot is null in /home/runner/work/ratis/ratis/ratis-test/target/test/data/d6c3ea1c/MiniRaftClusterWithGrpcf715ded6/s4/5913e5d7-f0d0-40b3-8fb1-6d5932270d9d/sm
2025-09-08 20:27:48,175 [s4@group-6D5932270D9D->s3-GrpcLogAppender-LogAppenderDaemon] INFO  impl.SimpleStateMachineStorage (SimpleStateMachineStorage.java:loadLatestSnapshot(230)) - Latest snapshot is null in /home/runner/work/ratis/ratis/ratis-test/target/test/data/d6c3ea1c/MiniRaftClusterWithGrpcf715ded6/s4/5913e5d7-f0d0-40b3-8fb1-6d5932270d9d/sm
2025-09-08 20:27:48,175 [grpc-default-executor-0] INFO  impl.SimpleStateMachineStorage (SimpleStateMachineStorage.java:loadLatestSnapshot(230)) - Latest snapshot is null in /home/runner/work/ratis/ratis/ratis-test/target/test/data/d6c3ea1c/MiniRaftClusterWithGrpcf715ded6/s5/5913e5d7-f0d0-40b3-8fb1-6d5932270d9d/sm
2025-09-08 20:27:48,175 [grpc-default-executor-0] INFO  impl.SimpleStateMachineStorage (SimpleStateMachineStorage.java:loadLatestSnapshot(230)) - Latest snapshot is null in /home/runner/work/ratis/ratis/ratis-test/target/test/data/d6c3ea1c/MiniRaftClusterWithGrpcf715ded6/s3/5913e5d7-f0d0-40b3-8fb1-6d5932270d9d/sm
2025-09-08 20:27:48,251 [s4@group-6D5932270D9D->s3-GrpcLogAppender-LogAppenderDaemon] INFO  impl.SimpleStateMachineStorage (SimpleStateMachineStorage.java:loadLatestSnapshot(230)) - Latest snapshot is null in /home/runner/work/ratis/ratis/ratis-test/target/test/data/d6c3ea1c/MiniRaftClusterWithGrpcf715ded6/s4/5913e5d7-f0d0-40b3-8fb1-6d5932270d9d/sm
2025-09-08 20:27:48,252 [s4@group-6D5932270D9D->s5-GrpcLogAppender-LogAppenderDaemon] INFO  impl.SimpleStateMachineStorage (SimpleStateMachineStorage.java:loadLatestSnapshot(230)) - Latest snapshot is null in /home/runner/work/ratis/ratis/ratis-test/target/test/data/d6c3ea1c/MiniRaftClusterWithGrpcf715ded6/s4/5913e5d7-f0d0-40b3-8fb1-6d5932270d9d/sm
2025-09-08 20:27:48,252 [grpc-default-executor-12] INFO  impl.SimpleStateMachineStorage (SimpleStateMachineStorage.java:loadLatestSnapshot(230)) - Latest snapshot is null in /home/runner/work/ratis/ratis/ratis-test/target/test/data/d6c3ea1c/MiniRaftClusterWithGrpcf715ded6/s3/5913e5d7-f0d0-40b3-8fb1-6d5932270d9d/sm
2025-09-08 20:27:48,252 [grpc-default-executor-0] INFO  impl.SimpleStateMachineStorage (SimpleStateMachineStorage.java:loadLatestSnapshot(230)) - Latest snapshot is null in /home/runner/work/ratis/ratis/ratis-test/target/test/data/d6c3ea1c/MiniRaftClusterWithGrpcf715ded6/s5/5913e5d7-f0d0-40b3-8fb1-6d5932270d9d/sm
2025-09-08 20:27:48,329 [s4@group-6D5932270D9D->s3-GrpcLogAppender-LogAppenderDaemon] INFO  impl.SimpleStateMachineStorage (SimpleStateMachineStorage.java:loadLatestSnapshot(230)) - Latest snapshot is null in /home/runner/work/ratis/ratis/ratis-test/target/test/data/d6c3ea1c/MiniRaftClusterWithGrpcf715ded6/s4/5913e5d7-f0d0-40b3-8fb1-6d5932270d9d/sm
2025-09-08 20:27:48,329 [s4@group-6D5932270D9D->s5-GrpcLogAppender-LogAppenderDaemon] INFO  impl.SimpleStateMachineStorage (SimpleStateMachineStorage.java:loadLatestSnapshot(230)) - Latest snapshot is null in /home/runner/work/ratis/ratis/ratis-test/target/test/data/d6c3ea1c/MiniRaftClusterWithGrpcf715ded6/s4/5913e5d7-f0d0-40b3-8fb1-6d5932270d9d/sm
2025-09-08 20:27:48,330 [grpc-default-executor-12] INFO  impl.SimpleStateMachineStorage (SimpleStateMachineStorage.java:loadLatestSnapshot(230)) - Latest snapshot is null in /home/runner/work/ratis/ratis/ratis-test/target/test/data/d6c3ea1c/MiniRaftClusterWithGrpcf715ded6/s3/5913e5d7-f0d0-40b3-8fb1-6d5932270d9d/sm
2025-09-08 20:27:48,330 [grpc-default-executor-0] INFO  impl.SimpleStateMachineStorage (SimpleStateMachineStorage.java:loadLatestSnapshot(230)) - Latest snapshot is null in /home/runner/work/ratis/ratis/ratis-test/target/test/data/d6c3ea1c/MiniRaftClusterWithGrpcf715ded6/s5/5913e5d7-f0d0-40b3-8fb1-6d5932270d9d/sm
2025-09-08 20:27:48,406 [s4@group-6D5932270D9D->s5-GrpcLogAppender-LogAppenderDaemon] INFO  impl.SimpleStateMachineStorage (SimpleStateMachineStorage.java:loadLatestSnapshot(230)) - Latest snapshot is null in /home/runner/work/ratis/ratis/ratis-test/target/test/data/d6c3ea1c/MiniRaftClusterWithGrpcf715ded6/s4/5913e5d7-f0d0-40b3-8fb1-6d5932270d9d/sm
2025-09-08 20:27:48,406 [grpc-default-executor-0] INFO  impl.SimpleStateMachineStorage (SimpleStateMachineStorage.java:loadLatestSnapshot(230)) - Latest snapshot is null in /home/runner/work/ratis/ratis/ratis-test/target/test/data/d6c3ea1c/MiniRaftClusterWithGrpcf715ded6/s5/5913e5d7-f0d0-40b3-8fb1-6d5932270d9d/sm
2025-09-08 20:27:48,406 [s4@group-6D5932270D9D->s3-GrpcLogAppender-LogAppenderDaemon] INFO  impl.SimpleStateMachineStorage (SimpleStateMachineStorage.java:loadLatestSnapshot(230)) - Latest snapshot is null in /home/runner/work/ratis/ratis/ratis-test/target/test/data/d6c3ea1c/MiniRaftClusterWithGrpcf715ded6/s4/5913e5d7-f0d0-40b3-8fb1-6d5932270d9d/sm
2025-09-08 20:27:48,407 [grpc-default-executor-0] INFO  impl.SimpleStateMachineStorage (SimpleStateMachineStorage.java:loadLatestSnapshot(230)) - Latest snapshot is null in /home/runner/work/ratis/ratis/ratis-test/target/test/data/d6c3ea1c/MiniRaftClusterWithGrpcf715ded6/s3/5913e5d7-f0d0-40b3-8fb1-6d5932270d9d/sm
2025-09-08 20:27:48,482 [s4@group-6D5932270D9D->s5-GrpcLogAppender-LogAppenderDaemon] INFO  impl.SimpleStateMachineStorage (SimpleStateMachineStorage.java:loadLatestSnapshot(230)) - Latest snapshot is null in /home/runner/work/ratis/ratis/ratis-test/target/test/data/d6c3ea1c/MiniRaftClusterWithGrpcf715ded6/s4/5913e5d7-f0d0-40b3-8fb1-6d5932270d9d/sm
2025-09-08 20:27:48,483 [grpc-default-executor-0] INFO  impl.SimpleStateMachineStorage (SimpleStateMachineStorage.java:loadLatestSnapshot(230)) - Latest snapshot is null in /home/runner/work/ratis/ratis/ratis-test/target/test/data/d6c3ea1c/MiniRaftClusterWithGrpcf715ded6/s5/5913e5d7-f0d0-40b3-8fb1-6d5932270d9d/sm
2025-09-08 20:27:48,483 [s4@group-6D5932270D9D->s3-GrpcLogAppender-LogAppenderDaemon] INFO  impl.SimpleStateMachineStorage (SimpleStateMachineStorage.java:loadLatestSnapshot(230)) - Latest snapshot is null in /home/runner/work/ratis/ratis/ratis-test/target/test/data/d6c3ea1c/MiniRaftClusterWithGrpcf715ded6/s4/5913e5d7-f0d0-40b3-8fb1-6d5932270d9d/sm
2025-09-08 20:27:48,484 [grpc-default-executor-0] INFO  impl.SimpleStateMachineStorage (SimpleStateMachineStorage.java:loadLatestSnapshot(230)) - Latest snapshot is null in /home/runner/work/ratis/ratis/ratis-test/target/test/data/d6c3ea1c/MiniRaftClusterWithGrpcf715ded6/s3/5913e5d7-f0d0-40b3-8fb1-6d5932270d9d/sm
2025-09-08 20:27:48,559 [s4@group-6D5932270D9D->s5-GrpcLogAppender-LogAppenderDaemon] INFO  impl.SimpleStateMachineStorage (SimpleStateMachineStorage.java:loadLatestSnapshot(230)) - Latest snapshot is null in /home/runner/work/ratis/ratis/ratis-test/target/test/data/d6c3ea1c/MiniRaftClusterWithGrpcf715ded6/s4/5913e5d7-f0d0-40b3-8fb1-6d5932270d9d/sm
2025-09-08 20:27:48,560 [grpc-default-executor-0] INFO  impl.SimpleStateMachineStorage (SimpleStateMachineStorage.java:loadLatestSnapshot(230)) - Latest snapshot is null in /home/runner/work/ratis/ratis/ratis-test/target/test/data/d6c3ea1c/MiniRaftClusterWithGrpcf715ded6/s5/5913e5d7-f0d0-40b3-8fb1-6d5932270d9d/sm
2025-09-08 20:27:48,561 [s4@group-6D5932270D9D->s3-GrpcLogAppender-LogAppenderDaemon] INFO  impl.SimpleStateMachineStorage (SimpleStateMachineStorage.java:loadLatestSnapshot(230)) - Latest snapshot is null in /home/runner/work/ratis/ratis/ratis-test/target/test/data/d6c3ea1c/MiniRaftClusterWithGrpcf715ded6/s4/5913e5d7-f0d0-40b3-8fb1-6d5932270d9d/sm
2025-09-08 20:27:48,561 [grpc-default-executor-0] INFO  impl.SimpleStateMachineStorage (SimpleStateMachineStorage.java:loadLatestSnapshot(230)) - Latest snapshot is null in /home/runner/work/ratis/ratis/ratis-test/target/test/data/d6c3ea1c/MiniRaftClusterWithGrpcf715ded6/s3/5913e5d7-f0d0-40b3-8fb1-6d5932270d9d/sm
2025-09-08 20:27:48,637 [s4@group-6D5932270D9D->s5-GrpcLogAppender-LogAppenderDaemon] INFO  impl.SimpleStateMachineStorage (SimpleStateMachineStorage.java:loadLatestSnapshot(230)) - Latest snapshot is null in /home/runner/work/ratis/ratis/ratis-test/target/test/data/d6c3ea1c/MiniRaftClusterWithGrpcf715ded6/s4/5913e5d7-f0d0-40b3-8fb1-6d5932270d9d/sm
2025-09-08 20:27:48,638 [grpc-default-executor-0] INFO  impl.SimpleStateMachineStorage (SimpleStateMachineStorage.java:loadLatestSnapshot(230)) - Latest snapshot is null in /home/runner/work/ratis/ratis/ratis-test/target/test/data/d6c3ea1c/MiniRaftClusterWithGrpcf715ded6/s5/5913e5d7-f0d0-40b3-8fb1-6d5932270d9d/sm
2025-09-08 20:27:48,638 [s4@group-6D5932270D9D->s3-GrpcLogAppender-LogAppenderDaemon] INFO  impl.SimpleStateMachineStorage (SimpleStateMachineStorage.java:loadLatestSnapshot(230)) - Latest snapshot is null in /home/runner/work/ratis/ratis/ratis-test/target/test/data/d6c3ea1c/MiniRaftClusterWithGrpcf715ded6/s4/5913e5d7-f0d0-40b3-8fb1-6d5932270d9d/sm
2025-09-08 20:27:48,638 [grpc-default-executor-0] INFO  impl.SimpleStateMachineStorage (SimpleStateMachineStorage.java:loadLatestSnapshot(230)) - Latest snapshot is null in /home/runner/work/ratis/ratis/ratis-test/target/test/data/d6c3ea1c/MiniRaftClusterWithGrpcf715ded6/s3/5913e5d7-f0d0-40b3-8fb1-6d5932270d9d/sm
2025-09-08 20:27:48,713 [s4@group-6D5932270D9D->s5-GrpcLogAppender-LogAppenderDaemon] INFO  impl.SimpleStateMachineStorage (SimpleStateMachineStorage.java:loadLatestSnapshot(230)) - Latest snapshot is null in /home/runner/work/ratis/ratis/ratis-test/target/test/data/d6c3ea1c/MiniRaftClusterWithGrpcf715ded6/s4/5913e5d7-f0d0-40b3-8fb1-6d5932270d9d/sm
2025-09-08 20:27:48,714 [grpc-default-executor-0] INFO  impl.SimpleStateMachineStorage (SimpleStateMachineStorage.java:loadLatestSnapshot(230)) - Latest snapshot is null in /home/runner/work/ratis/ratis/ratis-test/target/test/data/d6c3ea1c/MiniRaftClusterWithGrpcf715ded6/s5/5913e5d7-f0d0-40b3-8fb1-6d5932270d9d/sm
2025-09-08 20:27:48,715 [s4@group-6D5932270D9D->s3-GrpcLogAppender-LogAppenderDaemon] INFO  impl.SimpleStateMachineStorage (SimpleStateMachineStorage.java:loadLatestSnapshot(230)) - Latest snapshot is null in /home/runner/work/ratis/ratis/ratis-test/target/test/data/d6c3ea1c/MiniRaftClusterWithGrpcf715ded6/s4/5913e5d7-f0d0-40b3-8fb1-6d5932270d9d/sm
2025-09-08 20:27:48,716 [grpc-default-executor-0] INFO  impl.SimpleStateMachineStorage (SimpleStateMachineStorage.java:loadLatestSnapshot(230)) - Latest snapshot is null in /home/runner/work/ratis/ratis/ratis-test/target/test/data/d6c3ea1c/MiniRaftClusterWithGrpcf715ded6/s3/5913e5d7-f0d0-40b3-8fb1-6d5932270d9d/sm
2025-09-08 20:27:48,790 [s4@group-6D5932270D9D->s5-GrpcLogAppender-LogAppenderDaemon] INFO  impl.SimpleStateMachineStorage (SimpleStateMachineStorage.java:loadLatestSnapshot(230)) - Latest snapshot is null in /home/runner/work/ratis/ratis/ratis-test/target/test/data/d6c3ea1c/MiniRaftClusterWithGrpcf715ded6/s4/5913e5d7-f0d0-40b3-8fb1-6d5932270d9d/sm
2025-09-08 20:27:48,790 [grpc-default-executor-0] INFO  impl.SimpleStateMachineStorage (SimpleStateMachineStorage.java:loadLatestSnapshot(230)) - Latest snapshot is null in /home/runner/work/ratis/ratis/ratis-test/target/test/data/d6c3ea1c/MiniRaftClusterWithGrpcf715ded6/s5/5913e5d7-f0d0-40b3-8fb1-6d5932270d9d/sm
2025-09-08 20:27:48,792 [s4@group-6D5932270D9D->s3-GrpcLogAppender-LogAppenderDaemon] INFO  impl.SimpleStateMachineStorage (SimpleStateMachineStorage.java:loadLatestSnapshot(230)) - Latest snapshot is null in /home/runner/work/ratis/ratis/ratis-test/target/test/data/d6c3ea1c/MiniRaftClusterWithGrpcf715ded6/s4/5913e5d7-f0d0-40b3-8fb1-6d5932270d9d/sm
2025-09-08 20:27:48,793 [grpc-default-executor-0] INFO  impl.SimpleStateMachineStorage (SimpleStateMachineStorage.java:loadLatestSnapshot(230)) - Latest snapshot is null in /home/runner/work/ratis/ratis/ratis-test/target/test/data/d6c3ea1c/MiniRaftClusterWithGrpcf715ded6/s3/5913e5d7-f0d0-40b3-8fb1-6d5932270d9d/sm
2025-09-08 20:27:48,811 [Thread-308] WARN  grpc.GrpcUtil (GrpcUtil.java:shutdownManagedChannel(226)) - Timed out gracefully shutting down connection: ManagedChannelOrphanWrapper{delegate=ManagedChannelImpl{logId=392, target=localhost:15042}}. 
2025-09-08 20:27:48,866 [s4@group-6D5932270D9D->s5-GrpcLogAppender-LogAppenderDaemon] INFO  impl.SimpleStateMachineStorage (SimpleStateMachineStorage.java:loadLatestSnapshot(230)) - Latest snapshot is null in /home/runner/work/ratis/ratis/ratis-test/target/test/data/d6c3ea1c/MiniRaftClusterWithGrpcf715ded6/s4/5913e5d7-f0d0-40b3-8fb1-6d5932270d9d/sm
2025-09-08 20:27:48,867 [grpc-default-executor-12] INFO  impl.SimpleStateMachineStorage (SimpleStateMachineStorage.java:loadLatestSnapshot(230)) - Latest snapshot is null in /home/runner/work/ratis/ratis/ratis-test/target/test/data/d6c3ea1c/MiniRaftClusterWithGrpcf715ded6/s5/5913e5d7-f0d0-40b3-8fb1-6d5932270d9d/sm
2025-09-08 20:27:48,868 [s4@group-6D5932270D9D->s3-GrpcLogAppender-LogAppenderDaemon] INFO  impl.SimpleStateMachineStorage (SimpleStateMachineStorage.java:loadLatestSnapshot(230)) - Latest snapshot is null in /home/runner/work/ratis/ratis/ratis-test/target/test/data/d6c3ea1c/MiniRaftClusterWithGrpcf715ded6/s4/5913e5d7-f0d0-40b3-8fb1-6d5932270d9d/sm
2025-09-08 20:27:48,869 [grpc-default-executor-12] INFO  impl.SimpleStateMachineStorage (SimpleStateMachineStorage.java:loadLatestSnapshot(230)) - Latest snapshot is null in /home/runner/work/ratis/ratis/ratis-test/target/test/data/d6c3ea1c/MiniRaftClusterWithGrpcf715ded6/s3/5913e5d7-f0d0-40b3-8fb1-6d5932270d9d/sm
2025-09-08 20:27:48,944 [s4@group-6D5932270D9D->s5-GrpcLogAppender-LogAppenderDaemon] INFO  impl.SimpleStateMachineStorage (SimpleStateMachineStorage.java:loadLatestSnapshot(230)) - Latest snapshot is null in /home/runner/work/ratis/ratis/ratis-test/target/test/data/d6c3ea1c/MiniRaftClusterWithGrpcf715ded6/s4/5913e5d7-f0d0-40b3-8fb1-6d5932270d9d/sm
2025-09-08 20:27:48,944 [s4@group-6D5932270D9D->s3-GrpcLogAppender-LogAppenderDaemon] INFO  impl.SimpleStateMachineStorage (SimpleStateMachineStorage.java:loadLatestSnapshot(230)) - Latest snapshot is null in /home/runner/work/ratis/ratis/ratis-test/target/test/data/d6c3ea1c/MiniRaftClusterWithGrpcf715ded6/s4/5913e5d7-f0d0-40b3-8fb1-6d5932270d9d/sm
2025-09-08 20:27:48,944 [grpc-default-executor-12] INFO  impl.SimpleStateMachineStorage (SimpleStateMachineStorage.java:loadLatestSnapshot(230)) - Latest snapshot is null in /home/runner/work/ratis/ratis/ratis-test/target/test/data/d6c3ea1c/MiniRaftClusterWithGrpcf715ded6/s5/5913e5d7-f0d0-40b3-8fb1-6d5932270d9d/sm
2025-09-08 20:27:48,945 [grpc-default-executor-12] INFO  impl.SimpleStateMachineStorage (SimpleStateMachineStorage.java:loadLatestSnapshot(230)) - Latest snapshot is null in /home/runner/work/ratis/ratis/ratis-test/target/test/data/d6c3ea1c/MiniRaftClusterWithGrpcf715ded6/s3/5913e5d7-f0d0-40b3-8fb1-6d5932270d9d/sm
2025-09-08 20:27:49,021 [s4@group-6D5932270D9D->s3-GrpcLogAppender-LogAppenderDaemon] INFO  impl.SimpleStateMachineStorage (SimpleStateMachineStorage.java:loadLatestSnapshot(230)) - Latest snapshot is null in /home/runner/work/ratis/ratis/ratis-test/target/test/data/d6c3ea1c/MiniRaftClusterWithGrpcf715ded6/s4/5913e5d7-f0d0-40b3-8fb1-6d5932270d9d/sm
2025-09-08 20:27:49,021 [s4@group-6D5932270D9D->s5-GrpcLogAppender-LogAppenderDaemon] INFO  impl.SimpleStateMachineStorage (SimpleStateMachineStorage.java:loadLatestSnapshot(230)) - Latest snapshot is null in /home/runner/work/ratis/ratis/ratis-test/target/test/data/d6c3ea1c/MiniRaftClusterWithGrpcf715ded6/s4/5913e5d7-f0d0-40b3-8fb1-6d5932270d9d/sm
2025-09-08 20:27:49,022 [grpc-default-executor-12] INFO  impl.SimpleStateMachineStorage (SimpleStateMachineStorage.java:loadLatestSnapshot(230)) - Latest snapshot is null in /home/runner/work/ratis/ratis/ratis-test/target/test/data/d6c3ea1c/MiniRaftClusterWithGrpcf715ded6/s3/5913e5d7-f0d0-40b3-8fb1-6d5932270d9d/sm
2025-09-08 20:27:49,022 [grpc-default-executor-12] INFO  impl.SimpleStateMachineStorage (SimpleStateMachineStorage.java:loadLatestSnapshot(230)) - Latest snapshot is null in /home/runner/work/ratis/ratis/ratis-test/target/test/data/d6c3ea1c/MiniRaftClusterWithGrpcf715ded6/s5/5913e5d7-f0d0-40b3-8fb1-6d5932270d9d/sm
2025-09-08 20:27:49,098 [s4@group-6D5932270D9D->s3-GrpcLogAppender-LogAppenderDaemon] INFO  impl.SimpleStateMachineStorage (SimpleStateMachineStorage.java:loadLatestSnapshot(230)) - Latest snapshot is null in /home/runner/work/ratis/ratis/ratis-test/target/test/data/d6c3ea1c/MiniRaftClusterWithGrpcf715ded6/s4/5913e5d7-f0d0-40b3-8fb1-6d5932270d9d/sm
2025-09-08 20:27:49,098 [s4@group-6D5932270D9D->s5-GrpcLogAppender-LogAppenderDaemon] INFO  impl.SimpleStateMachineStorage (SimpleStateMachineStorage.java:loadLatestSnapshot(230)) - Latest snapshot is null in /home/runner/work/ratis/ratis/ratis-test/target/test/data/d6c3ea1c/MiniRaftClusterWithGrpcf715ded6/s4/5913e5d7-f0d0-40b3-8fb1-6d5932270d9d/sm
2025-09-08 20:27:49,099 [grpc-default-executor-0] INFO  impl.SimpleStateMachineStorage (SimpleStateMachineStorage.java:loadLatestSnapshot(230)) - Latest snapshot is null in /home/runner/work/ratis/ratis/ratis-test/target/test/data/d6c3ea1c/MiniRaftClusterWithGrpcf715ded6/s3/5913e5d7-f0d0-40b3-8fb1-6d5932270d9d/sm
2025-09-08 20:27:49,099 [grpc-default-executor-12] INFO  impl.SimpleStateMachineStorage (SimpleStateMachineStorage.java:loadLatestSnapshot(230)) - Latest snapshot is null in /home/runner/work/ratis/ratis/ratis-test/target/test/data/d6c3ea1c/MiniRaftClusterWithGrpcf715ded6/s5/5913e5d7-f0d0-40b3-8fb1-6d5932270d9d/sm
2025-09-08 20:27:49,175 [s4@group-6D5932270D9D->s3-GrpcLogAppender-LogAppenderDaemon] INFO  impl.SimpleStateMachineStorage (SimpleStateMachineStorage.java:loadLatestSnapshot(230)) - Latest snapshot is null in /home/runner/work/ratis/ratis/ratis-test/target/test/data/d6c3ea1c/MiniRaftClusterWithGrpcf715ded6/s4/5913e5d7-f0d0-40b3-8fb1-6d5932270d9d/sm
2025-09-08 20:27:49,175 [s4@group-6D5932270D9D->s5-GrpcLogAppender-LogAppenderDaemon] INFO  impl.SimpleStateMachineStorage (SimpleStateMachineStorage.java:loadLatestSnapshot(230)) - Latest snapshot is null in /home/runner/work/ratis/ratis/ratis-test/target/test/data/d6c3ea1c/MiniRaftClusterWithGrpcf715ded6/s4/5913e5d7-f0d0-40b3-8fb1-6d5932270d9d/sm
2025-09-08 20:27:49,176 [grpc-default-executor-12] INFO  impl.SimpleStateMachineStorage (SimpleStateMachineStorage.java:loadLatestSnapshot(230)) - Latest snapshot is null in /home/runner/work/ratis/ratis/ratis-test/target/test/data/d6c3ea1c/MiniRaftClusterWithGrpcf715ded6/s5/5913e5d7-f0d0-40b3-8fb1-6d5932270d9d/sm
2025-09-08 20:27:49,176 [grpc-default-executor-0] INFO  impl.SimpleStateMachineStorage (SimpleStateMachineStorage.java:loadLatestSnapshot(230)) - Latest snapshot is null in /home/runner/work/ratis/ratis/ratis-test/target/test/data/d6c3ea1c/MiniRaftClusterWithGrpcf715ded6/s3/5913e5d7-f0d0-40b3-8fb1-6d5932270d9d/sm
2025-09-08 20:27:49,252 [s4@group-6D5932270D9D->s3-GrpcLogAppender-LogAppenderDaemon] INFO  impl.SimpleStateMachineStorage (SimpleStateMachineStorage.java:loadLatestSnapshot(230)) - Latest snapshot is null in /home/runner/work/ratis/ratis/ratis-test/target/test/data/d6c3ea1c/MiniRaftClusterWithGrpcf715ded6/s4/5913e5d7-f0d0-40b3-8fb1-6d5932270d9d/sm
2025-09-08 20:27:49,253 [s4@group-6D5932270D9D->s5-GrpcLogAppender-LogAppenderDaemon] INFO  impl.SimpleStateMachineStorage (SimpleStateMachineStorage.java:loadLatestSnapshot(230)) - Latest snapshot is null in /home/runner/work/ratis/ratis/ratis-test/target/test/data/d6c3ea1c/MiniRaftClusterWithGrpcf715ded6/s4/5913e5d7-f0d0-40b3-8fb1-6d5932270d9d/sm
2025-09-08 20:27:49,253 [grpc-default-executor-0] INFO  impl.SimpleStateMachineStorage (SimpleStateMachineStorage.java:loadLatestSnapshot(230)) - Latest snapshot is null in /home/runner/work/ratis/ratis/ratis-test/target/test/data/d6c3ea1c/MiniRaftClusterWithGrpcf715ded6/s3/5913e5d7-f0d0-40b3-8fb1-6d5932270d9d/sm
2025-09-08 20:27:49,253 [grpc-default-executor-0] INFO  impl.SimpleStateMachineStorage (SimpleStateMachineStorage.java:loadLatestSnapshot(230)) - Latest snapshot is null in /home/runner/work/ratis/ratis/ratis-test/target/test/data/d6c3ea1c/MiniRaftClusterWithGrpcf715ded6/s5/5913e5d7-f0d0-40b3-8fb1-6d5932270d9d/sm
2025-09-08 20:27:49,329 [s4@group-6D5932270D9D->s3-GrpcLogAppender-LogAppenderDaemon] INFO  impl.SimpleStateMachineStorage (SimpleStateMachineStorage.java:loadLatestSnapshot(230)) - Latest snapshot is null in /home/runner/work/ratis/ratis/ratis-test/target/test/data/d6c3ea1c/MiniRaftClusterWithGrpcf715ded6/s4/5913e5d7-f0d0-40b3-8fb1-6d5932270d9d/sm
2025-09-08 20:27:49,329 [grpc-default-executor-12] INFO  impl.SimpleStateMachineStorage (SimpleStateMachineStorage.java:loadLatestSnapshot(230)) - Latest snapshot is null in /home/runner/work/ratis/ratis/ratis-test/target/test/data/d6c3ea1c/MiniRaftClusterWithGrpcf715ded6/s3/5913e5d7-f0d0-40b3-8fb1-6d5932270d9d/sm
2025-09-08 20:27:49,330 [s4@group-6D5932270D9D->s5-GrpcLogAppender-LogAppenderDaemon] INFO  impl.SimpleStateMachineStorage (SimpleStateMachineStorage.java:loadLatestSnapshot(230)) - Latest snapshot is null in /home/runner/work/ratis/ratis/ratis-test/target/test/data/d6c3ea1c/MiniRaftClusterWithGrpcf715ded6/s4/5913e5d7-f0d0-40b3-8fb1-6d5932270d9d/sm
2025-09-08 20:27:49,331 [grpc-default-executor-12] INFO  impl.SimpleStateMachineStorage (SimpleStateMachineStorage.java:loadLatestSnapshot(230)) - Latest snapshot is null in /home/runner/work/ratis/ratis/ratis-test/target/test/data/d6c3ea1c/MiniRaftClusterWithGrpcf715ded6/s5/5913e5d7-f0d0-40b3-8fb1-6d5932270d9d/sm
2025-09-08 20:27:49,406 [s4@group-6D5932270D9D->s5-GrpcLogAppender-LogAppenderDaemon] INFO  impl.SimpleStateMachineStorage (SimpleStateMachineStorage.java:loadLatestSnapshot(230)) - Latest snapshot is null in /home/runner/work/ratis/ratis/ratis-test/target/test/data/d6c3ea1c/MiniRaftClusterWithGrpcf715ded6/s4/5913e5d7-f0d0-40b3-8fb1-6d5932270d9d/sm
2025-09-08 20:27:49,406 [s4@group-6D5932270D9D->s3-GrpcLogAppender-LogAppenderDaemon] INFO  impl.SimpleStateMachineStorage (SimpleStateMachineStorage.java:loadLatestSnapshot(230)) - Latest snapshot is null in /home/runner/work/ratis/ratis/ratis-test/target/test/data/d6c3ea1c/MiniRaftClusterWithGrpcf715ded6/s4/5913e5d7-f0d0-40b3-8fb1-6d5932270d9d/sm
2025-09-08 20:27:49,407 [grpc-default-executor-12] INFO  impl.SimpleStateMachineStorage (SimpleStateMachineStorage.java:loadLatestSnapshot(230)) - Latest snapshot is null in /home/runner/work/ratis/ratis/ratis-test/target/test/data/d6c3ea1c/MiniRaftClusterWithGrpcf715ded6/s5/5913e5d7-f0d0-40b3-8fb1-6d5932270d9d/sm
2025-09-08 20:27:49,407 [grpc-default-executor-0] INFO  impl.SimpleStateMachineStorage (SimpleStateMachineStorage.java:loadLatestSnapshot(230)) - Latest snapshot is null in /home/runner/work/ratis/ratis/ratis-test/target/test/data/d6c3ea1c/MiniRaftClusterWithGrpcf715ded6/s3/5913e5d7-f0d0-40b3-8fb1-6d5932270d9d/sm
2025-09-08 20:27:49,484 [s4@group-6D5932270D9D->s3-GrpcLogAppender-LogAppenderDaemon] INFO  impl.SimpleStateMachineStorage (SimpleStateMachineStorage.java:loadLatestSnapshot(230)) - Latest snapshot is null in /home/runner/work/ratis/ratis/ratis-test/target/test/data/d6c3ea1c/MiniRaftClusterWithGrpcf715ded6/s4/5913e5d7-f0d0-40b3-8fb1-6d5932270d9d/sm
2025-09-08 20:27:49,484 [s4@group-6D5932270D9D->s5-GrpcLogAppender-LogAppenderDaemon] INFO  impl.SimpleStateMachineStorage (SimpleStateMachineStorage.java:loadLatestSnapshot(230)) - Latest snapshot is null in /home/runner/work/ratis/ratis/ratis-test/target/test/data/d6c3ea1c/MiniRaftClusterWithGrpcf715ded6/s4/5913e5d7-f0d0-40b3-8fb1-6d5932270d9d/sm
2025-09-08 20:27:49,485 [grpc-default-executor-0] INFO  impl.SimpleStateMachineStorage (SimpleStateMachineStorage.java:loadLatestSnapshot(230)) - Latest snapshot is null in /home/runner/work/ratis/ratis/ratis-test/target/test/data/d6c3ea1c/MiniRaftClusterWithGrpcf715ded6/s5/5913e5d7-f0d0-40b3-8fb1-6d5932270d9d/sm
2025-09-08 20:27:49,485 [grpc-default-executor-12] INFO  impl.SimpleStateMachineStorage (SimpleStateMachineStorage.java:loadLatestSnapshot(230)) - Latest snapshot is null in /home/runner/work/ratis/ratis/ratis-test/target/test/data/d6c3ea1c/MiniRaftClusterWithGrpcf715ded6/s3/5913e5d7-f0d0-40b3-8fb1-6d5932270d9d/sm
2025-09-08 20:27:49,562 [s4@group-6D5932270D9D->s5-GrpcLogAppender-LogAppenderDaemon] INFO  impl.SimpleStateMachineStorage (SimpleStateMachineStorage.java:loadLatestSnapshot(230)) - Latest snapshot is null in /home/runner/work/ratis/ratis/ratis-test/target/test/data/d6c3ea1c/MiniRaftClusterWithGrpcf715ded6/s4/5913e5d7-f0d0-40b3-8fb1-6d5932270d9d/sm
2025-09-08 20:27:49,562 [s4@group-6D5932270D9D->s3-GrpcLogAppender-LogAppenderDaemon] INFO  impl.SimpleStateMachineStorage (SimpleStateMachineStorage.java:loadLatestSnapshot(230)) - Latest snapshot is null in /home/runner/work/ratis/ratis/ratis-test/target/test/data/d6c3ea1c/MiniRaftClusterWithGrpcf715ded6/s4/5913e5d7-f0d0-40b3-8fb1-6d5932270d9d/sm
2025-09-08 20:27:49,562 [grpc-default-executor-0] INFO  impl.SimpleStateMachineStorage (SimpleStateMachineStorage.java:loadLatestSnapshot(230)) - Latest snapshot is null in /home/runner/work/ratis/ratis/ratis-test/target/test/data/d6c3ea1c/MiniRaftClusterWithGrpcf715ded6/s5/5913e5d7-f0d0-40b3-8fb1-6d5932270d9d/sm
2025-09-08 20:27:49,562 [grpc-default-executor-12] INFO  impl.SimpleStateMachineStorage (SimpleStateMachineStorage.java:loadLatestSnapshot(230)) - Latest snapshot is null in /home/runner/work/ratis/ratis/ratis-test/target/test/data/d6c3ea1c/MiniRaftClusterWithGrpcf715ded6/s3/5913e5d7-f0d0-40b3-8fb1-6d5932270d9d/sm
2025-09-08 20:27:49,638 [s4@group-6D5932270D9D->s5-GrpcLogAppender-LogAppenderDaemon] INFO  impl.SimpleStateMachineStorage (SimpleStateMachineStorage.java:loadLatestSnapshot(230)) - Latest snapshot is null in /home/runner/work/ratis/ratis/ratis-test/target/test/data/d6c3ea1c/MiniRaftClusterWithGrpcf715ded6/s4/5913e5d7-f0d0-40b3-8fb1-6d5932270d9d/sm
2025-09-08 20:27:49,639 [grpc-default-executor-12] INFO  impl.SimpleStateMachineStorage (SimpleStateMachineStorage.java:loadLatestSnapshot(230)) - Latest snapshot is null in /home/runner/work/ratis/ratis/ratis-test/target/test/data/d6c3ea1c/MiniRaftClusterWithGrpcf715ded6/s5/5913e5d7-f0d0-40b3-8fb1-6d5932270d9d/sm
2025-09-08 20:27:49,639 [s4@group-6D5932270D9D->s3-GrpcLogAppender-LogAppenderDaemon] INFO  impl.SimpleStateMachineStorage (SimpleStateMachineStorage.java:loadLatestSnapshot(230)) - Latest snapshot is null in /home/runner/work/ratis/ratis/ratis-test/target/test/data/d6c3ea1c/MiniRaftClusterWithGrpcf715ded6/s4/5913e5d7-f0d0-40b3-8fb1-6d5932270d9d/sm
2025-09-08 20:27:49,640 [grpc-default-executor-12] INFO  impl.SimpleStateMachineStorage (SimpleStateMachineStorage.java:loadLatestSnapshot(230)) - Latest snapshot is null in /home/runner/work/ratis/ratis/ratis-test/target/test/data/d6c3ea1c/MiniRaftClusterWithGrpcf715ded6/s3/5913e5d7-f0d0-40b3-8fb1-6d5932270d9d/sm
2025-09-08 20:27:49,714 [s4@group-6D5932270D9D->s5-GrpcLogAppender-LogAppenderDaemon] INFO  impl.SimpleStateMachineStorage (SimpleStateMachineStorage.java:loadLatestSnapshot(230)) - Latest snapshot is null in /home/runner/work/ratis/ratis/ratis-test/target/test/data/d6c3ea1c/MiniRaftClusterWithGrpcf715ded6/s4/5913e5d7-f0d0-40b3-8fb1-6d5932270d9d/sm
2025-09-08 20:27:49,715 [grpc-default-executor-12] INFO  impl.SimpleStateMachineStorage (SimpleStateMachineStorage.java:loadLatestSnapshot(230)) - Latest snapshot is null in /home/runner/work/ratis/ratis/ratis-test/target/test/data/d6c3ea1c/MiniRaftClusterWithGrpcf715ded6/s5/5913e5d7-f0d0-40b3-8fb1-6d5932270d9d/sm
2025-09-08 20:27:49,715 [s4@group-6D5932270D9D->s3-GrpcLogAppender-LogAppenderDaemon] INFO  impl.SimpleStateMachineStorage (SimpleStateMachineStorage.java:loadLatestSnapshot(230)) - Latest snapshot is null in /home/runner/work/ratis/ratis/ratis-test/target/test/data/d6c3ea1c/MiniRaftClusterWithGrpcf715ded6/s4/5913e5d7-f0d0-40b3-8fb1-6d5932270d9d/sm
2025-09-08 20:27:49,716 [grpc-default-executor-12] INFO  impl.SimpleStateMachineStorage (SimpleStateMachineStorage.java:loadLatestSnapshot(230)) - Latest snapshot is null in /home/runner/work/ratis/ratis/ratis-test/target/test/data/d6c3ea1c/MiniRaftClusterWithGrpcf715ded6/s3/5913e5d7-f0d0-40b3-8fb1-6d5932270d9d/sm
2025-09-08 20:27:49,791 [s4@group-6D5932270D9D->s3-GrpcLogAppender-LogAppenderDaemon] INFO  impl.SimpleStateMachineStorage (SimpleStateMachineStorage.java:loadLatestSnapshot(230)) - Latest snapshot is null in /home/runner/work/ratis/ratis/ratis-test/target/test/data/d6c3ea1c/MiniRaftClusterWithGrpcf715ded6/s4/5913e5d7-f0d0-40b3-8fb1-6d5932270d9d/sm
2025-09-08 20:27:49,792 [s4@group-6D5932270D9D->s5-GrpcLogAppender-LogAppenderDaemon] INFO  impl.SimpleStateMachineStorage (SimpleStateMachineStorage.java:loadLatestSnapshot(230)) - Latest snapshot is null in /home/runner/work/ratis/ratis/ratis-test/target/test/data/d6c3ea1c/MiniRaftClusterWithGrpcf715ded6/s4/5913e5d7-f0d0-40b3-8fb1-6d5932270d9d/sm
2025-09-08 20:27:49,792 [grpc-default-executor-12] INFO  impl.SimpleStateMachineStorage (SimpleStateMachineStorage.java:loadLatestSnapshot(230)) - Latest snapshot is null in /home/runner/work/ratis/ratis/ratis-test/target/test/data/d6c3ea1c/MiniRaftClusterWithGrpcf715ded6/s3/5913e5d7-f0d0-40b3-8fb1-6d5932270d9d/sm
2025-09-08 20:27:49,792 [grpc-default-executor-12] INFO  impl.SimpleStateMachineStorage (SimpleStateMachineStorage.java:loadLatestSnapshot(230)) - Latest snapshot is null in /home/runner/work/ratis/ratis/ratis-test/target/test/data/d6c3ea1c/MiniRaftClusterWithGrpcf715ded6/s5/5913e5d7-f0d0-40b3-8fb1-6d5932270d9d/sm
2025-09-08 20:27:49,868 [s4@group-6D5932270D9D->s3-GrpcLogAppender-LogAppenderDaemon] INFO  impl.SimpleStateMachineStorage (SimpleStateMachineStorage.java:loadLatestSnapshot(230)) - Latest snapshot is null in /home/runner/work/ratis/ratis/ratis-test/target/test/data/d6c3ea1c/MiniRaftClusterWithGrpcf715ded6/s4/5913e5d7-f0d0-40b3-8fb1-6d5932270d9d/sm
2025-09-08 20:27:49,868 [s4@group-6D5932270D9D->s5-GrpcLogAppender-LogAppenderDaemon] INFO  impl.SimpleStateMachineStorage (SimpleStateMachineStorage.java:loadLatestSnapshot(230)) - Latest snapshot is null in /home/runner/work/ratis/ratis/ratis-test/target/test/data/d6c3ea1c/MiniRaftClusterWithGrpcf715ded6/s4/5913e5d7-f0d0-40b3-8fb1-6d5932270d9d/sm
2025-09-08 20:27:49,869 [grpc-default-executor-0] INFO  impl.SimpleStateMachineStorage (SimpleStateMachineStorage.java:loadLatestSnapshot(230)) - Latest snapshot is null in /home/runner/work/ratis/ratis/ratis-test/target/test/data/d6c3ea1c/MiniRaftClusterWithGrpcf715ded6/s3/5913e5d7-f0d0-40b3-8fb1-6d5932270d9d/sm
2025-09-08 20:27:49,869 [grpc-default-executor-12] INFO  impl.SimpleStateMachineStorage (SimpleStateMachineStorage.java:loadLatestSnapshot(230)) - Latest snapshot is null in /home/runner/work/ratis/ratis/ratis-test/target/test/data/d6c3ea1c/MiniRaftClusterWithGrpcf715ded6/s5/5913e5d7-f0d0-40b3-8fb1-6d5932270d9d/sm
2025-09-08 20:27:49,946 [s4@group-6D5932270D9D->s3-GrpcLogAppender-LogAppenderDaemon] INFO  impl.SimpleStateMachineStorage (SimpleStateMachineStorage.java:loadLatestSnapshot(230)) - Latest snapshot is null in /home/runner/work/ratis/ratis/ratis-test/target/test/data/d6c3ea1c/MiniRaftClusterWithGrpcf715ded6/s4/5913e5d7-f0d0-40b3-8fb1-6d5932270d9d/sm
2025-09-08 20:27:49,946 [s4@group-6D5932270D9D->s5-GrpcLogAppender-LogAppenderDaemon] INFO  impl.SimpleStateMachineStorage (SimpleStateMachineStorage.java:loadLatestSnapshot(230)) - Latest snapshot is null in /home/runner/work/ratis/ratis/ratis-test/target/test/data/d6c3ea1c/MiniRaftClusterWithGrpcf715ded6/s4/5913e5d7-f0d0-40b3-8fb1-6d5932270d9d/sm
2025-09-08 20:27:49,947 [grpc-default-executor-12] INFO  impl.SimpleStateMachineStorage (SimpleStateMachineStorage.java:loadLatestSnapshot(230)) - Latest snapshot is null in /home/runner/work/ratis/ratis/ratis-test/target/test/data/d6c3ea1c/MiniRaftClusterWithGrpcf715ded6/s3/5913e5d7-f0d0-40b3-8fb1-6d5932270d9d/sm
2025-09-08 20:27:49,947 [grpc-default-executor-0] INFO  impl.SimpleStateMachineStorage (SimpleStateMachineStorage.java:loadLatestSnapshot(230)) - Latest snapshot is null in /home/runner/work/ratis/ratis/ratis-test/target/test/data/d6c3ea1c/MiniRaftClusterWithGrpcf715ded6/s5/5913e5d7-f0d0-40b3-8fb1-6d5932270d9d/sm
2025-09-08 20:27:50,023 [s4@group-6D5932270D9D->s5-GrpcLogAppender-LogAppenderDaemon] INFO  impl.SimpleStateMachineStorage (SimpleStateMachineStorage.java:loadLatestSnapshot(230)) - Latest snapshot is null in /home/runner/work/ratis/ratis/ratis-test/target/test/data/d6c3ea1c/MiniRaftClusterWithGrpcf715ded6/s4/5913e5d7-f0d0-40b3-8fb1-6d5932270d9d/sm
2025-09-08 20:27:50,024 [s4@group-6D5932270D9D->s3-GrpcLogAppender-LogAppenderDaemon] INFO  impl.SimpleStateMachineStorage (SimpleStateMachineStorage.java:loadLatestSnapshot(230)) - Latest snapshot is null in /home/runner/work/ratis/ratis/ratis-test/target/test/data/d6c3ea1c/MiniRaftClusterWithGrpcf715ded6/s4/5913e5d7-f0d0-40b3-8fb1-6d5932270d9d/sm
2025-09-08 20:27:50,024 [grpc-default-executor-0] INFO  impl.SimpleStateMachineStorage (SimpleStateMachineStorage.java:loadLatestSnapshot(230)) - Latest snapshot is null in /home/runner/work/ratis/ratis/ratis-test/target/test/data/d6c3ea1c/MiniRaftClusterWithGrpcf715ded6/s5/5913e5d7-f0d0-40b3-8fb1-6d5932270d9d/sm
2025-09-08 20:27:50,024 [grpc-default-executor-0] INFO  impl.SimpleStateMachineStorage (SimpleStateMachineStorage.java:loadLatestSnapshot(230)) - Latest snapshot is null in /home/runner/work/ratis/ratis/ratis-test/target/test/data/d6c3ea1c/MiniRaftClusterWithGrpcf715ded6/s3/5913e5d7-f0d0-40b3-8fb1-6d5932270d9d/sm
2025-09-08 20:27:50,100 [s4@group-6D5932270D9D->s5-GrpcLogAppender-LogAppenderDaemon] INFO  impl.SimpleStateMachineStorage (SimpleStateMachineStorage.java:loadLatestSnapshot(230)) - Latest snapshot is null in /home/runner/work/ratis/ratis/ratis-test/target/test/data/d6c3ea1c/MiniRaftClusterWithGrpcf715ded6/s4/5913e5d7-f0d0-40b3-8fb1-6d5932270d9d/sm
2025-09-08 20:27:50,100 [s4@group-6D5932270D9D->s3-GrpcLogAppender-LogAppenderDaemon] INFO  impl.SimpleStateMachineStorage (SimpleStateMachineStorage.java:loadLatestSnapshot(230)) - Latest snapshot is null in /home/runner/work/ratis/ratis/ratis-test/target/test/data/d6c3ea1c/MiniRaftClusterWithGrpcf715ded6/s4/5913e5d7-f0d0-40b3-8fb1-6d5932270d9d/sm
2025-09-08 20:27:50,101 [grpc-default-executor-12] INFO  impl.SimpleStateMachineStorage (SimpleStateMachineStorage.java:loadLatestSnapshot(230)) - Latest snapshot is null in /home/runner/work/ratis/ratis/ratis-test/target/test/data/d6c3ea1c/MiniRaftClusterWithGrpcf715ded6/s5/5913e5d7-f0d0-40b3-8fb1-6d5932270d9d/sm
2025-09-08 20:27:50,101 [grpc-default-executor-0] INFO  impl.SimpleStateMachineStorage (SimpleStateMachineStorage.java:loadLatestSnapshot(230)) - Latest snapshot is null in /home/runner/work/ratis/ratis/ratis-test/target/test/data/d6c3ea1c/MiniRaftClusterWithGrpcf715ded6/s3/5913e5d7-f0d0-40b3-8fb1-6d5932270d9d/sm
2025-09-08 20:27:50,178 [s4@group-6D5932270D9D->s5-GrpcLogAppender-LogAppenderDaemon] INFO  impl.SimpleStateMachineStorage (SimpleStateMachineStorage.java:loadLatestSnapshot(230)) - Latest snapshot is null in /home/runner/work/ratis/ratis/ratis-test/target/test/data/d6c3ea1c/MiniRaftClusterWithGrpcf715ded6/s4/5913e5d7-f0d0-40b3-8fb1-6d5932270d9d/sm
2025-09-08 20:27:50,178 [s4@group-6D5932270D9D->s3-GrpcLogAppender-LogAppenderDaemon] INFO  impl.SimpleStateMachineStorage (SimpleStateMachineStorage.java:loadLatestSnapshot(230)) - Latest snapshot is null in /home/runner/work/ratis/ratis/ratis-test/target/test/data/d6c3ea1c/MiniRaftClusterWithGrpcf715ded6/s4/5913e5d7-f0d0-40b3-8fb1-6d5932270d9d/sm
2025-09-08 20:27:50,179 [grpc-default-executor-12] INFO  impl.SimpleStateMachineStorage (SimpleStateMachineStorage.java:loadLatestSnapshot(230)) - Latest snapshot is null in /home/runner/work/ratis/ratis/ratis-test/target/test/data/d6c3ea1c/MiniRaftClusterWithGrpcf715ded6/s5/5913e5d7-f0d0-40b3-8fb1-6d5932270d9d/sm
2025-09-08 20:27:50,179 [grpc-default-executor-0] INFO  impl.SimpleStateMachineStorage (SimpleStateMachineStorage.java:loadLatestSnapshot(230)) - Latest snapshot is null in /home/runner/work/ratis/ratis/ratis-test/target/test/data/d6c3ea1c/MiniRaftClusterWithGrpcf715ded6/s3/5913e5d7-f0d0-40b3-8fb1-6d5932270d9d/sm
2025-09-08 20:27:50,255 [s4@group-6D5932270D9D->s5-GrpcLogAppender-LogAppenderDaemon] INFO  impl.SimpleStateMachineStorage (SimpleStateMachineStorage.java:loadLatestSnapshot(230)) - Latest snapshot is null in /home/runner/work/ratis/ratis/ratis-test/target/test/data/d6c3ea1c/MiniRaftClusterWithGrpcf715ded6/s4/5913e5d7-f0d0-40b3-8fb1-6d5932270d9d/sm
2025-09-08 20:27:50,256 [s4@group-6D5932270D9D->s3-GrpcLogAppender-LogAppenderDaemon] INFO  impl.SimpleStateMachineStorage (SimpleStateMachineStorage.java:loadLatestSnapshot(230)) - Latest snapshot is null in /home/runner/work/ratis/ratis/ratis-test/target/test/data/d6c3ea1c/MiniRaftClusterWithGrpcf715ded6/s4/5913e5d7-f0d0-40b3-8fb1-6d5932270d9d/sm
2025-09-08 20:27:50,256 [grpc-default-executor-0] INFO  impl.SimpleStateMachineStorage (SimpleStateMachineStorage.java:loadLatestSnapshot(230)) - Latest snapshot is null in /home/runner/work/ratis/ratis/ratis-test/target/test/data/d6c3ea1c/MiniRaftClusterWithGrpcf715ded6/s5/5913e5d7-f0d0-40b3-8fb1-6d5932270d9d/sm
2025-09-08 20:27:50,256 [grpc-default-executor-12] INFO  impl.SimpleStateMachineStorage (SimpleStateMachineStorage.java:loadLatestSnapshot(230)) - Latest snapshot is null in /home/runner/work/ratis/ratis/ratis-test/target/test/data/d6c3ea1c/MiniRaftClusterWithGrpcf715ded6/s3/5913e5d7-f0d0-40b3-8fb1-6d5932270d9d/sm
2025-09-08 20:27:50,303 [Timer-3] INFO  impl.MiniRaftCluster (MiniRaftCluster.java:lambda$null$7(351)) - TIMED-PRINT: printing ALL groups
  s3:  RUNNING  FOLLOWER (RUNNING): s3@group-6D5932270D9D:t1, leader=s4, voted=s4, raftlog=Memoized:s3@group-6D5932270D9D-SegmentedRaftLog:OPENED:c2:last(t:1, i:12), conf=conf: {index: 0, cur=peers:[s3|localhost:15036, s4|localhost:15040, s5|localhost:15044]|listeners:[], old=null}
  s4:  RUNNING    LEADER (RUNNING): s4@group-6D5932270D9D:t1, leader=s4, voted=s4, raftlog=Memoized:s4@group-6D5932270D9D-SegmentedRaftLog:OPENED:c2:last(t:1, i:12), conf=conf: {index: 0, cur=peers:[s3|localhost:15036, s4|localhost:15040, s5|localhost:15044]|listeners:[], old=null}
  s5:  RUNNING  FOLLOWER (RUNNING): s5@group-6D5932270D9D:t1, leader=s4, voted=s4, raftlog=Memoized:s5@group-6D5932270D9D-SegmentedRaftLog:OPENED:c2:last(t:1, i:12), conf=conf: {index: 0, cur=peers:[s3|localhost:15036, s4|localhost:15040, s5|localhost:15044]|listeners:[], old=null}.
2025-09-08 20:27:50,332 [s4@group-6D5932270D9D->s5-GrpcLogAppender-LogAppenderDaemon] INFO  impl.SimpleStateMachineStorage (SimpleStateMachineStorage.java:loadLatestSnapshot(230)) - Latest snapshot is null in /home/runner/work/ratis/ratis/ratis-test/target/test/data/d6c3ea1c/MiniRaftClusterWithGrpcf715ded6/s4/5913e5d7-f0d0-40b3-8fb1-6d5932270d9d/sm
2025-09-08 20:27:50,332 [s4@group-6D5932270D9D->s3-GrpcLogAppender-LogAppenderDaemon] INFO  impl.SimpleStateMachineStorage (SimpleStateMachineStorage.java:loadLatestSnapshot(230)) - Latest snapshot is null in /home/runner/work/ratis/ratis/ratis-test/target/test/data/d6c3ea1c/MiniRaftClusterWithGrpcf715ded6/s4/5913e5d7-f0d0-40b3-8fb1-6d5932270d9d/sm
2025-09-08 20:27:50,333 [grpc-default-executor-12] INFO  impl.SimpleStateMachineStorage (SimpleStateMachineStorage.java:loadLatestSnapshot(230)) - Latest snapshot is null in /home/runner/work/ratis/ratis/ratis-test/target/test/data/d6c3ea1c/MiniRaftClusterWithGrpcf715ded6/s5/5913e5d7-f0d0-40b3-8fb1-6d5932270d9d/sm
2025-09-08 20:27:50,333 [grpc-default-executor-0] INFO  impl.SimpleStateMachineStorage (SimpleStateMachineStorage.java:loadLatestSnapshot(230)) - Latest snapshot is null in /home/runner/work/ratis/ratis/ratis-test/target/test/data/d6c3ea1c/MiniRaftClusterWithGrpcf715ded6/s3/5913e5d7-f0d0-40b3-8fb1-6d5932270d9d/sm
2025-09-08 20:27:50,409 [s4@group-6D5932270D9D->s5-GrpcLogAppender-LogAppenderDaemon] INFO  impl.SimpleStateMachineStorage (SimpleStateMachineStorage.java:loadLatestSnapshot(230)) - Latest snapshot is null in /home/runner/work/ratis/ratis/ratis-test/target/test/data/d6c3ea1c/MiniRaftClusterWithGrpcf715ded6/s4/5913e5d7-f0d0-40b3-8fb1-6d5932270d9d/sm
2025-09-08 20:27:50,409 [s4@group-6D5932270D9D->s3-GrpcLogAppender-LogAppenderDaemon] INFO  impl.SimpleStateMachineStorage (SimpleStateMachineStorage.java:loadLatestSnapshot(230)) - Latest snapshot is null in /home/runner/work/ratis/ratis/ratis-test/target/test/data/d6c3ea1c/MiniRaftClusterWithGrpcf715ded6/s4/5913e5d7-f0d0-40b3-8fb1-6d5932270d9d/sm
2025-09-08 20:27:50,410 [grpc-default-executor-12] INFO  impl.SimpleStateMachineStorage (SimpleStateMachineStorage.java:loadLatestSnapshot(230)) - Latest snapshot is null in /home/runner/work/ratis/ratis/ratis-test/target/test/data/d6c3ea1c/MiniRaftClusterWithGrpcf715ded6/s5/5913e5d7-f0d0-40b3-8fb1-6d5932270d9d/sm
2025-09-08 20:27:50,410 [grpc-default-executor-0] INFO  impl.SimpleStateMachineStorage (SimpleStateMachineStorage.java:loadLatestSnapshot(230)) - Latest snapshot is null in /home/runner/work/ratis/ratis/ratis-test/target/test/data/d6c3ea1c/MiniRaftClusterWithGrpcf715ded6/s3/5913e5d7-f0d0-40b3-8fb1-6d5932270d9d/sm
2025-09-08 20:27:50,485 [s4@group-6D5932270D9D->s5-GrpcLogAppender-LogAppenderDaemon] INFO  impl.SimpleStateMachineStorage (SimpleStateMachineStorage.java:loadLatestSnapshot(230)) - Latest snapshot is null in /home/runner/work/ratis/ratis/ratis-test/target/test/data/d6c3ea1c/MiniRaftClusterWithGrpcf715ded6/s4/5913e5d7-f0d0-40b3-8fb1-6d5932270d9d/sm
2025-09-08 20:27:50,486 [s4@group-6D5932270D9D->s3-GrpcLogAppender-LogAppenderDaemon] INFO  impl.SimpleStateMachineStorage (SimpleStateMachineStorage.java:loadLatestSnapshot(230)) - Latest snapshot is null in /home/runner/work/ratis/ratis/ratis-test/target/test/data/d6c3ea1c/MiniRaftClusterWithGrpcf715ded6/s4/5913e5d7-f0d0-40b3-8fb1-6d5932270d9d/sm
2025-09-08 20:27:50,486 [grpc-default-executor-12] INFO  impl.SimpleStateMachineStorage (SimpleStateMachineStorage.java:loadLatestSnapshot(230)) - Latest snapshot is null in /home/runner/work/ratis/ratis/ratis-test/target/test/data/d6c3ea1c/MiniRaftClusterWithGrpcf715ded6/s3/5913e5d7-f0d0-40b3-8fb1-6d5932270d9d/sm
2025-09-08 20:27:50,486 [grpc-default-executor-0] INFO  impl.SimpleStateMachineStorage (SimpleStateMachineStorage.java:loadLatestSnapshot(230)) - Latest snapshot is null in /home/runner/work/ratis/ratis/ratis-test/target/test/data/d6c3ea1c/MiniRaftClusterWithGrpcf715ded6/s5/5913e5d7-f0d0-40b3-8fb1-6d5932270d9d/sm
2025-09-08 20:27:50,562 [s4@group-6D5932270D9D->s3-GrpcLogAppender-LogAppenderDaemon] INFO  impl.SimpleStateMachineStorage (SimpleStateMachineStorage.java:loadLatestSnapshot(230)) - Latest snapshot is null in /home/runner/work/ratis/ratis/ratis-test/target/test/data/d6c3ea1c/MiniRaftClusterWithGrpcf715ded6/s4/5913e5d7-f0d0-40b3-8fb1-6d5932270d9d/sm
2025-09-08 20:27:50,562 [s4@group-6D5932270D9D->s5-GrpcLogAppender-LogAppenderDaemon] INFO  impl.SimpleStateMachineStorage (SimpleStateMachineStorage.java:loadLatestSnapshot(230)) - Latest snapshot is null in /home/runner/work/ratis/ratis/ratis-test/target/test/data/d6c3ea1c/MiniRaftClusterWithGrpcf715ded6/s4/5913e5d7-f0d0-40b3-8fb1-6d5932270d9d/sm
2025-09-08 20:27:50,563 [grpc-default-executor-0] INFO  impl.SimpleStateMachineStorage (SimpleStateMachineStorage.java:loadLatestSnapshot(230)) - Latest snapshot is null in /home/runner/work/ratis/ratis/ratis-test/target/test/data/d6c3ea1c/MiniRaftClusterWithGrpcf715ded6/s3/5913e5d7-f0d0-40b3-8fb1-6d5932270d9d/sm
2025-09-08 20:27:50,563 [grpc-default-executor-12] INFO  impl.SimpleStateMachineStorage (SimpleStateMachineStorage.java:loadLatestSnapshot(230)) - Latest snapshot is null in /home/runner/work/ratis/ratis/ratis-test/target/test/data/d6c3ea1c/MiniRaftClusterWithGrpcf715ded6/s5/5913e5d7-f0d0-40b3-8fb1-6d5932270d9d/sm
2025-09-08 20:27:50,639 [s4@group-6D5932270D9D->s3-GrpcLogAppender-LogAppenderDaemon] INFO  impl.SimpleStateMachineStorage (SimpleStateMachineStorage.java:loadLatestSnapshot(230)) - Latest snapshot is null in /home/runner/work/ratis/ratis/ratis-test/target/test/data/d6c3ea1c/MiniRaftClusterWithGrpcf715ded6/s4/5913e5d7-f0d0-40b3-8fb1-6d5932270d9d/sm
2025-09-08 20:27:50,639 [s4@group-6D5932270D9D->s5-GrpcLogAppender-LogAppenderDaemon] INFO  impl.SimpleStateMachineStorage (SimpleStateMachineStorage.java:loadLatestSnapshot(230)) - Latest snapshot is null in /home/runner/work/ratis/ratis/ratis-test/target/test/data/d6c3ea1c/MiniRaftClusterWithGrpcf715ded6/s4/5913e5d7-f0d0-40b3-8fb1-6d5932270d9d/sm
2025-09-08 20:27:50,640 [grpc-default-executor-12] INFO  impl.SimpleStateMachineStorage (SimpleStateMachineStorage.java:loadLatestSnapshot(230)) - Latest snapshot is null in /home/runner/work/ratis/ratis/ratis-test/target/test/data/d6c3ea1c/MiniRaftClusterWithGrpcf715ded6/s3/5913e5d7-f0d0-40b3-8fb1-6d5932270d9d/sm
2025-09-08 20:27:50,640 [grpc-default-executor-0] INFO  impl.SimpleStateMachineStorage (SimpleStateMachineStorage.java:loadLatestSnapshot(230)) - Latest snapshot is null in /home/runner/work/ratis/ratis/ratis-test/target/test/data/d6c3ea1c/MiniRaftClusterWithGrpcf715ded6/s5/5913e5d7-f0d0-40b3-8fb1-6d5932270d9d/sm
2025-09-08 20:27:50,716 [s4@group-6D5932270D9D->s3-GrpcLogAppender-LogAppenderDaemon] INFO  impl.SimpleStateMachineStorage (SimpleStateMachineStorage.java:loadLatestSnapshot(230)) - Latest snapshot is null in /home/runner/work/ratis/ratis/ratis-test/target/test/data/d6c3ea1c/MiniRaftClusterWithGrpcf715ded6/s4/5913e5d7-f0d0-40b3-8fb1-6d5932270d9d/sm
2025-09-08 20:27:50,716 [s4@group-6D5932270D9D->s5-GrpcLogAppender-LogAppenderDaemon] INFO  impl.SimpleStateMachineStorage (SimpleStateMachineStorage.java:loadLatestSnapshot(230)) - Latest snapshot is null in /home/runner/work/ratis/ratis/ratis-test/target/test/data/d6c3ea1c/MiniRaftClusterWithGrpcf715ded6/s4/5913e5d7-f0d0-40b3-8fb1-6d5932270d9d/sm
2025-09-08 20:27:50,717 [grpc-default-executor-0] INFO  impl.SimpleStateMachineStorage (SimpleStateMachineStorage.java:loadLatestSnapshot(230)) - Latest snapshot is null in /home/runner/work/ratis/ratis/ratis-test/target/test/data/d6c3ea1c/MiniRaftClusterWithGrpcf715ded6/s5/5913e5d7-f0d0-40b3-8fb1-6d5932270d9d/sm
2025-09-08 20:27:50,717 [grpc-default-executor-12] INFO  impl.SimpleStateMachineStorage (SimpleStateMachineStorage.java:loadLatestSnapshot(230)) - Latest snapshot is null in /home/runner/work/ratis/ratis/ratis-test/target/test/data/d6c3ea1c/MiniRaftClusterWithGrpcf715ded6/s3/5913e5d7-f0d0-40b3-8fb1-6d5932270d9d/sm
2025-09-08 20:27:50,753 [s4@group-6D5932270D9D-SegmentedRaftLogWorker] WARN  segmented.SegmentedRaftLogWorker (SegmentedRaftLogWorker.java:getFromFuture(98)) - Timeout 0/~
org.apache.ratis.protocol.exceptions.TimeoutIOException: Timeout 10s: s4@group-6D5932270D9D-SegmentedRaftLogWorker-flushStateMachineData
	at org.apache.ratis.util.IOUtils.getFromFuture(IOUtils.java:89)
	at org.apache.ratis.server.raftlog.segmented.SegmentedRaftLogWorker$StateMachineDataPolicy.getFromFuture(SegmentedRaftLogWorker.java:95)
	at org.apache.ratis.server.raftlog.segmented.SegmentedRaftLogWorker.flushIfNecessary(SegmentedRaftLogWorker.java:377)
	at org.apache.ratis.server.raftlog.segmented.SegmentedRaftLogWorker.access$1200(SegmentedRaftLogWorker.java:64)
	at org.apache.ratis.server.raftlog.segmented.SegmentedRaftLogWorker$WriteLog.execute(SegmentedRaftLogWorker.java:561)
	at org.apache.ratis.server.raftlog.segmented.SegmentedRaftLogWorker.run(SegmentedRaftLogWorker.java:317)
	at java.util.concurrent.Executors$RunnableAdapter.call(Executors.java:511)
	at java.util.concurrent.FutureTask.run(FutureTask.java:266)
	at java.util.concurrent.ThreadPoolExecutor.runWorker(ThreadPoolExecutor.java:1149)
	at java.util.concurrent.ThreadPoolExecutor$Worker.run(ThreadPoolExecutor.java:624)
	at java.lang.Thread.run(Thread.java:750)
Caused by: java.util.concurrent.TimeoutException
	at java.util.concurrent.CompletableFuture.timedGet(CompletableFuture.java:1784)
	at java.util.concurrent.CompletableFuture.get(CompletableFuture.java:1928)
	at org.apache.ratis.util.IOUtils.getFromFuture(IOUtils.java:80)
	... 10 more
2025-09-08 20:27:50,794 [s4@group-6D5932270D9D->s5-GrpcLogAppender-LogAppenderDaemon] INFO  impl.SimpleStateMachineStorage (SimpleStateMachineStorage.java:loadLatestSnapshot(230)) - Latest snapshot is null in /home/runner/work/ratis/ratis/ratis-test/target/test/data/d6c3ea1c/MiniRaftClusterWithGrpcf715ded6/s4/5913e5d7-f0d0-40b3-8fb1-6d5932270d9d/sm
2025-09-08 20:27:50,794 [s4@group-6D5932270D9D->s3-GrpcLogAppender-LogAppenderDaemon] INFO  impl.SimpleStateMachineStorage (SimpleStateMachineStorage.java:loadLatestSnapshot(230)) - Latest snapshot is null in /home/runner/work/ratis/ratis/ratis-test/target/test/data/d6c3ea1c/MiniRaftClusterWithGrpcf715ded6/s4/5913e5d7-f0d0-40b3-8fb1-6d5932270d9d/sm
2025-09-08 20:27:50,795 [grpc-default-executor-12] INFO  impl.SimpleStateMachineStorage (SimpleStateMachineStorage.java:loadLatestSnapshot(230)) - Latest snapshot is null in /home/runner/work/ratis/ratis/ratis-test/target/test/data/d6c3ea1c/MiniRaftClusterWithGrpcf715ded6/s5/5913e5d7-f0d0-40b3-8fb1-6d5932270d9d/sm
2025-09-08 20:27:50,795 [grpc-default-executor-0] INFO  impl.SimpleStateMachineStorage (SimpleStateMachineStorage.java:loadLatestSnapshot(230)) - Latest snapshot is null in /home/runner/work/ratis/ratis/ratis-test/target/test/data/d6c3ea1c/MiniRaftClusterWithGrpcf715ded6/s3/5913e5d7-f0d0-40b3-8fb1-6d5932270d9d/sm
2025-09-08 20:27:50,871 [s4@group-6D5932270D9D->s3-GrpcLogAppender-LogAppenderDaemon] INFO  impl.SimpleStateMachineStorage (SimpleStateMachineStorage.java:loadLatestSnapshot(230)) - Latest snapshot is null in /home/runner/work/ratis/ratis/ratis-test/target/test/data/d6c3ea1c/MiniRaftClusterWithGrpcf715ded6/s4/5913e5d7-f0d0-40b3-8fb1-6d5932270d9d/sm
2025-09-08 20:27:50,871 [s4@group-6D5932270D9D->s5-GrpcLogAppender-LogAppenderDaemon] INFO  impl.SimpleStateMachineStorage (SimpleStateMachineStorage.java:loadLatestSnapshot(230)) - Latest snapshot is null in /home/runner/work/ratis/ratis/ratis-test/target/test/data/d6c3ea1c/MiniRaftClusterWithGrpcf715ded6/s4/5913e5d7-f0d0-40b3-8fb1-6d5932270d9d/sm
2025-09-08 20:27:50,872 [grpc-default-executor-0] INFO  impl.SimpleStateMachineStorage (SimpleStateMachineStorage.java:loadLatestSnapshot(230)) - Latest snapshot is null in /home/runner/work/ratis/ratis/ratis-test/target/test/data/d6c3ea1c/MiniRaftClusterWithGrpcf715ded6/s5/5913e5d7-f0d0-40b3-8fb1-6d5932270d9d/sm
2025-09-08 20:27:50,872 [grpc-default-executor-12] INFO  impl.SimpleStateMachineStorage (SimpleStateMachineStorage.java:loadLatestSnapshot(230)) - Latest snapshot is null in /home/runner/work/ratis/ratis/ratis-test/target/test/data/d6c3ea1c/MiniRaftClusterWithGrpcf715ded6/s3/5913e5d7-f0d0-40b3-8fb1-6d5932270d9d/sm
2025-09-08 20:27:50,948 [s4@group-6D5932270D9D->s5-GrpcLogAppender-LogAppenderDaemon] INFO  impl.SimpleStateMachineStorage (SimpleStateMachineStorage.java:loadLatestSnapshot(230)) - Latest snapshot is null in /home/runner/work/ratis/ratis/ratis-test/target/test/data/d6c3ea1c/MiniRaftClusterWithGrpcf715ded6/s4/5913e5d7-f0d0-40b3-8fb1-6d5932270d9d/sm
2025-09-08 20:27:50,948 [s4@group-6D5932270D9D->s3-GrpcLogAppender-LogAppenderDaemon] INFO  impl.SimpleStateMachineStorage (SimpleStateMachineStorage.java:loadLatestSnapshot(230)) - Latest snapshot is null in /home/runner/work/ratis/ratis/ratis-test/target/test/data/d6c3ea1c/MiniRaftClusterWithGrpcf715ded6/s4/5913e5d7-f0d0-40b3-8fb1-6d5932270d9d/sm
2025-09-08 20:27:50,948 [grpc-default-executor-12] INFO  impl.SimpleStateMachineStorage (SimpleStateMachineStorage.java:loadLatestSnapshot(230)) - Latest snapshot is null in /home/runner/work/ratis/ratis/ratis-test/target/test/data/d6c3ea1c/MiniRaftClusterWithGrpcf715ded6/s5/5913e5d7-f0d0-40b3-8fb1-6d5932270d9d/sm
2025-09-08 20:27:50,949 [grpc-default-executor-12] INFO  impl.SimpleStateMachineStorage (SimpleStateMachineStorage.java:loadLatestSnapshot(230)) - Latest snapshot is null in /home/runner/work/ratis/ratis/ratis-test/target/test/data/d6c3ea1c/MiniRaftClusterWithGrpcf715ded6/s3/5913e5d7-f0d0-40b3-8fb1-6d5932270d9d/sm
2025-09-08 20:27:51,024 [s4@group-6D5932270D9D->s5-GrpcLogAppender-LogAppenderDaemon] INFO  impl.SimpleStateMachineStorage (SimpleStateMachineStorage.java:loadLatestSnapshot(230)) - Latest snapshot is null in /home/runner/work/ratis/ratis/ratis-test/target/test/data/d6c3ea1c/MiniRaftClusterWithGrpcf715ded6/s4/5913e5d7-f0d0-40b3-8fb1-6d5932270d9d/sm
2025-09-08 20:27:51,025 [s4@group-6D5932270D9D->s3-GrpcLogAppender-LogAppenderDaemon] INFO  impl.SimpleStateMachineStorage (SimpleStateMachineStorage.java:loadLatestSnapshot(230)) - Latest snapshot is null in /home/runner/work/ratis/ratis/ratis-test/target/test/data/d6c3ea1c/MiniRaftClusterWithGrpcf715ded6/s4/5913e5d7-f0d0-40b3-8fb1-6d5932270d9d/sm
2025-09-08 20:27:51,025 [grpc-default-executor-0] INFO  impl.SimpleStateMachineStorage (SimpleStateMachineStorage.java:loadLatestSnapshot(230)) - Latest snapshot is null in /home/runner/work/ratis/ratis/ratis-test/target/test/data/d6c3ea1c/MiniRaftClusterWithGrpcf715ded6/s5/5913e5d7-f0d0-40b3-8fb1-6d5932270d9d/sm
2025-09-08 20:27:51,025 [grpc-default-executor-12] INFO  impl.SimpleStateMachineStorage (SimpleStateMachineStorage.java:loadLatestSnapshot(230)) - Latest snapshot is null in /home/runner/work/ratis/ratis/ratis-test/target/test/data/d6c3ea1c/MiniRaftClusterWithGrpcf715ded6/s3/5913e5d7-f0d0-40b3-8fb1-6d5932270d9d/sm
2025-09-08 20:27:51,102 [s4@group-6D5932270D9D->s5-GrpcLogAppender-LogAppenderDaemon] INFO  impl.SimpleStateMachineStorage (SimpleStateMachineStorage.java:loadLatestSnapshot(230)) - Latest snapshot is null in /home/runner/work/ratis/ratis/ratis-test/target/test/data/d6c3ea1c/MiniRaftClusterWithGrpcf715ded6/s4/5913e5d7-f0d0-40b3-8fb1-6d5932270d9d/sm
2025-09-08 20:27:51,102 [s4@group-6D5932270D9D->s3-GrpcLogAppender-LogAppenderDaemon] INFO  impl.SimpleStateMachineStorage (SimpleStateMachineStorage.java:loadLatestSnapshot(230)) - Latest snapshot is null in /home/runner/work/ratis/ratis/ratis-test/target/test/data/d6c3ea1c/MiniRaftClusterWithGrpcf715ded6/s4/5913e5d7-f0d0-40b3-8fb1-6d5932270d9d/sm
2025-09-08 20:27:51,103 [grpc-default-executor-0] INFO  impl.SimpleStateMachineStorage (SimpleStateMachineStorage.java:loadLatestSnapshot(230)) - Latest snapshot is null in /home/runner/work/ratis/ratis/ratis-test/target/test/data/d6c3ea1c/MiniRaftClusterWithGrpcf715ded6/s5/5913e5d7-f0d0-40b3-8fb1-6d5932270d9d/sm
2025-09-08 20:27:51,103 [grpc-default-executor-12] INFO  impl.SimpleStateMachineStorage (SimpleStateMachineStorage.java:loadLatestSnapshot(230)) - Latest snapshot is null in /home/runner/work/ratis/ratis/ratis-test/target/test/data/d6c3ea1c/MiniRaftClusterWithGrpcf715ded6/s3/5913e5d7-f0d0-40b3-8fb1-6d5932270d9d/sm
2025-09-08 20:27:51,180 [s4@group-6D5932270D9D->s3-GrpcLogAppender-LogAppenderDaemon] INFO  impl.SimpleStateMachineStorage (SimpleStateMachineStorage.java:loadLatestSnapshot(230)) - Latest snapshot is null in /home/runner/work/ratis/ratis/ratis-test/target/test/data/d6c3ea1c/MiniRaftClusterWithGrpcf715ded6/s4/5913e5d7-f0d0-40b3-8fb1-6d5932270d9d/sm
2025-09-08 20:27:51,181 [s4@group-6D5932270D9D->s5-GrpcLogAppender-LogAppenderDaemon] INFO  impl.SimpleStateMachineStorage (SimpleStateMachineStorage.java:loadLatestSnapshot(230)) - Latest snapshot is null in /home/runner/work/ratis/ratis/ratis-test/target/test/data/d6c3ea1c/MiniRaftClusterWithGrpcf715ded6/s4/5913e5d7-f0d0-40b3-8fb1-6d5932270d9d/sm
2025-09-08 20:27:51,181 [grpc-default-executor-0] INFO  impl.SimpleStateMachineStorage (SimpleStateMachineStorage.java:loadLatestSnapshot(230)) - Latest snapshot is null in /home/runner/work/ratis/ratis/ratis-test/target/test/data/d6c3ea1c/MiniRaftClusterWithGrpcf715ded6/s3/5913e5d7-f0d0-40b3-8fb1-6d5932270d9d/sm
2025-09-08 20:27:51,181 [grpc-default-executor-12] INFO  impl.SimpleStateMachineStorage (SimpleStateMachineStorage.java:loadLatestSnapshot(230)) - Latest snapshot is null in /home/runner/work/ratis/ratis/ratis-test/target/test/data/d6c3ea1c/MiniRaftClusterWithGrpcf715ded6/s5/5913e5d7-f0d0-40b3-8fb1-6d5932270d9d/sm
2025-09-08 20:27:51,257 [s4@group-6D5932270D9D->s3-GrpcLogAppender-LogAppenderDaemon] INFO  impl.SimpleStateMachineStorage (SimpleStateMachineStorage.java:loadLatestSnapshot(230)) - Latest snapshot is null in /home/runner/work/ratis/ratis/ratis-test/target/test/data/d6c3ea1c/MiniRaftClusterWithGrpcf715ded6/s4/5913e5d7-f0d0-40b3-8fb1-6d5932270d9d/sm
2025-09-08 20:27:51,257 [s4@group-6D5932270D9D->s5-GrpcLogAppender-LogAppenderDaemon] INFO  impl.SimpleStateMachineStorage (SimpleStateMachineStorage.java:loadLatestSnapshot(230)) - Latest snapshot is null in /home/runner/work/ratis/ratis/ratis-test/target/test/data/d6c3ea1c/MiniRaftClusterWithGrpcf715ded6/s4/5913e5d7-f0d0-40b3-8fb1-6d5932270d9d/sm
2025-09-08 20:27:51,258 [grpc-default-executor-0] INFO  impl.SimpleStateMachineStorage (SimpleStateMachineStorage.java:loadLatestSnapshot(230)) - Latest snapshot is null in /home/runner/work/ratis/ratis/ratis-test/target/test/data/d6c3ea1c/MiniRaftClusterWithGrpcf715ded6/s5/5913e5d7-f0d0-40b3-8fb1-6d5932270d9d/sm
2025-09-08 20:27:51,258 [grpc-default-executor-12] INFO  impl.SimpleStateMachineStorage (SimpleStateMachineStorage.java:loadLatestSnapshot(230)) - Latest snapshot is null in /home/runner/work/ratis/ratis/ratis-test/target/test/data/d6c3ea1c/MiniRaftClusterWithGrpcf715ded6/s3/5913e5d7-f0d0-40b3-8fb1-6d5932270d9d/sm
2025-09-08 20:27:51,334 [s4@group-6D5932270D9D->s5-GrpcLogAppender-LogAppenderDaemon] INFO  impl.SimpleStateMachineStorage (SimpleStateMachineStorage.java:loadLatestSnapshot(230)) - Latest snapshot is null in /home/runner/work/ratis/ratis/ratis-test/target/test/data/d6c3ea1c/MiniRaftClusterWithGrpcf715ded6/s4/5913e5d7-f0d0-40b3-8fb1-6d5932270d9d/sm
2025-09-08 20:27:51,334 [grpc-default-executor-0] INFO  impl.SimpleStateMachineStorage (SimpleStateMachineStorage.java:loadLatestSnapshot(230)) - Latest snapshot is null in /home/runner/work/ratis/ratis/ratis-test/target/test/data/d6c3ea1c/MiniRaftClusterWithGrpcf715ded6/s5/5913e5d7-f0d0-40b3-8fb1-6d5932270d9d/sm
2025-09-08 20:27:51,335 [s4@group-6D5932270D9D->s3-GrpcLogAppender-LogAppenderDaemon] INFO  impl.SimpleStateMachineStorage (SimpleStateMachineStorage.java:loadLatestSnapshot(230)) - Latest snapshot is null in /home/runner/work/ratis/ratis/ratis-test/target/test/data/d6c3ea1c/MiniRaftClusterWithGrpcf715ded6/s4/5913e5d7-f0d0-40b3-8fb1-6d5932270d9d/sm
2025-09-08 20:27:51,335 [grpc-default-executor-0] INFO  impl.SimpleStateMachineStorage (SimpleStateMachineStorage.java:loadLatestSnapshot(230)) - Latest snapshot is null in /home/runner/work/ratis/ratis/ratis-test/target/test/data/d6c3ea1c/MiniRaftClusterWithGrpcf715ded6/s3/5913e5d7-f0d0-40b3-8fb1-6d5932270d9d/sm
2025-09-08 20:27:51,411 [s4@group-6D5932270D9D->s3-GrpcLogAppender-LogAppenderDaemon] INFO  impl.SimpleStateMachineStorage (SimpleStateMachineStorage.java:loadLatestSnapshot(230)) - Latest snapshot is null in /home/runner/work/ratis/ratis/ratis-test/target/test/data/d6c3ea1c/MiniRaftClusterWithGrpcf715ded6/s4/5913e5d7-f0d0-40b3-8fb1-6d5932270d9d/sm
2025-09-08 20:27:51,411 [s4@group-6D5932270D9D->s5-GrpcLogAppender-LogAppenderDaemon] INFO  impl.SimpleStateMachineStorage (SimpleStateMachineStorage.java:loadLatestSnapshot(230)) - Latest snapshot is null in /home/runner/work/ratis/ratis/ratis-test/target/test/data/d6c3ea1c/MiniRaftClusterWithGrpcf715ded6/s4/5913e5d7-f0d0-40b3-8fb1-6d5932270d9d/sm
2025-09-08 20:27:51,412 [grpc-default-executor-0] INFO  impl.SimpleStateMachineStorage (SimpleStateMachineStorage.java:loadLatestSnapshot(230)) - Latest snapshot is null in /home/runner/work/ratis/ratis/ratis-test/target/test/data/d6c3ea1c/MiniRaftClusterWithGrpcf715ded6/s3/5913e5d7-f0d0-40b3-8fb1-6d5932270d9d/sm
2025-09-08 20:27:51,412 [grpc-default-executor-12] INFO  impl.SimpleStateMachineStorage (SimpleStateMachineStorage.java:loadLatestSnapshot(230)) - Latest snapshot is null in /home/runner/work/ratis/ratis/ratis-test/target/test/data/d6c3ea1c/MiniRaftClusterWithGrpcf715ded6/s5/5913e5d7-f0d0-40b3-8fb1-6d5932270d9d/sm
2025-09-08 20:27:51,487 [s4@group-6D5932270D9D->s3-GrpcLogAppender-LogAppenderDaemon] INFO  impl.SimpleStateMachineStorage (SimpleStateMachineStorage.java:loadLatestSnapshot(230)) - Latest snapshot is null in /home/runner/work/ratis/ratis/ratis-test/target/test/data/d6c3ea1c/MiniRaftClusterWithGrpcf715ded6/s4/5913e5d7-f0d0-40b3-8fb1-6d5932270d9d/sm
2025-09-08 20:27:51,487 [s4@group-6D5932270D9D->s5-GrpcLogAppender-LogAppenderDaemon] INFO  impl.SimpleStateMachineStorage (SimpleStateMachineStorage.java:loadLatestSnapshot(230)) - Latest snapshot is null in /home/runner/work/ratis/ratis/ratis-test/target/test/data/d6c3ea1c/MiniRaftClusterWithGrpcf715ded6/s4/5913e5d7-f0d0-40b3-8fb1-6d5932270d9d/sm
2025-09-08 20:27:51,488 [grpc-default-executor-12] INFO  impl.SimpleStateMachineStorage (SimpleStateMachineStorage.java:loadLatestSnapshot(230)) - Latest snapshot is null in /home/runner/work/ratis/ratis/ratis-test/target/test/data/d6c3ea1c/MiniRaftClusterWithGrpcf715ded6/s3/5913e5d7-f0d0-40b3-8fb1-6d5932270d9d/sm
2025-09-08 20:27:51,488 [grpc-default-executor-0] INFO  impl.SimpleStateMachineStorage (SimpleStateMachineStorage.java:loadLatestSnapshot(230)) - Latest snapshot is null in /home/runner/work/ratis/ratis/ratis-test/target/test/data/d6c3ea1c/MiniRaftClusterWithGrpcf715ded6/s5/5913e5d7-f0d0-40b3-8fb1-6d5932270d9d/sm
2025-09-08 20:27:51,564 [s4@group-6D5932270D9D->s3-GrpcLogAppender-LogAppenderDaemon] INFO  impl.SimpleStateMachineStorage (SimpleStateMachineStorage.java:loadLatestSnapshot(230)) - Latest snapshot is null in /home/runner/work/ratis/ratis/ratis-test/target/test/data/d6c3ea1c/MiniRaftClusterWithGrpcf715ded6/s4/5913e5d7-f0d0-40b3-8fb1-6d5932270d9d/sm
2025-09-08 20:27:51,564 [s4@group-6D5932270D9D->s5-GrpcLogAppender-LogAppenderDaemon] INFO  impl.SimpleStateMachineStorage (SimpleStateMachineStorage.java:loadLatestSnapshot(230)) - Latest snapshot is null in /home/runner/work/ratis/ratis/ratis-test/target/test/data/d6c3ea1c/MiniRaftClusterWithGrpcf715ded6/s4/5913e5d7-f0d0-40b3-8fb1-6d5932270d9d/sm
2025-09-08 20:27:51,564 [grpc-default-executor-0] INFO  impl.SimpleStateMachineStorage (SimpleStateMachineStorage.java:loadLatestSnapshot(230)) - Latest snapshot is null in /home/runner/work/ratis/ratis/ratis-test/target/test/data/d6c3ea1c/MiniRaftClusterWithGrpcf715ded6/s3/5913e5d7-f0d0-40b3-8fb1-6d5932270d9d/sm
2025-09-08 20:27:51,565 [grpc-default-executor-12] INFO  impl.SimpleStateMachineStorage (SimpleStateMachineStorage.java:loadLatestSnapshot(230)) - Latest snapshot is null in /home/runner/work/ratis/ratis/ratis-test/target/test/data/d6c3ea1c/MiniRaftClusterWithGrpcf715ded6/s5/5913e5d7-f0d0-40b3-8fb1-6d5932270d9d/sm
2025-09-08 20:27:51,640 [s4@group-6D5932270D9D->s3-GrpcLogAppender-LogAppenderDaemon] INFO  impl.SimpleStateMachineStorage (SimpleStateMachineStorage.java:loadLatestSnapshot(230)) - Latest snapshot is null in /home/runner/work/ratis/ratis/ratis-test/target/test/data/d6c3ea1c/MiniRaftClusterWithGrpcf715ded6/s4/5913e5d7-f0d0-40b3-8fb1-6d5932270d9d/sm
2025-09-08 20:27:51,641 [grpc-default-executor-0] INFO  impl.SimpleStateMachineStorage (SimpleStateMachineStorage.java:loadLatestSnapshot(230)) - Latest snapshot is null in /home/runner/work/ratis/ratis/ratis-test/target/test/data/d6c3ea1c/MiniRaftClusterWithGrpcf715ded6/s3/5913e5d7-f0d0-40b3-8fb1-6d5932270d9d/sm
2025-09-08 20:27:51,642 [s4@group-6D5932270D9D->s5-GrpcLogAppender-LogAppenderDaemon] INFO  impl.SimpleStateMachineStorage (SimpleStateMachineStorage.java:loadLatestSnapshot(230)) - Latest snapshot is null in /home/runner/work/ratis/ratis/ratis-test/target/test/data/d6c3ea1c/MiniRaftClusterWithGrpcf715ded6/s4/5913e5d7-f0d0-40b3-8fb1-6d5932270d9d/sm
2025-09-08 20:27:51,642 [grpc-default-executor-0] INFO  impl.SimpleStateMachineStorage (SimpleStateMachineStorage.java:loadLatestSnapshot(230)) - Latest snapshot is null in /home/runner/work/ratis/ratis/ratis-test/target/test/data/d6c3ea1c/MiniRaftClusterWithGrpcf715ded6/s5/5913e5d7-f0d0-40b3-8fb1-6d5932270d9d/sm
2025-09-08 20:27:51,718 [s4@group-6D5932270D9D->s3-GrpcLogAppender-LogAppenderDaemon] INFO  impl.SimpleStateMachineStorage (SimpleStateMachineStorage.java:loadLatestSnapshot(230)) - Latest snapshot is null in /home/runner/work/ratis/ratis/ratis-test/target/test/data/d6c3ea1c/MiniRaftClusterWithGrpcf715ded6/s4/5913e5d7-f0d0-40b3-8fb1-6d5932270d9d/sm
2025-09-08 20:27:51,718 [s4@group-6D5932270D9D->s5-GrpcLogAppender-LogAppenderDaemon] INFO  impl.SimpleStateMachineStorage (SimpleStateMachineStorage.java:loadLatestSnapshot(230)) - Latest snapshot is null in /home/runner/work/ratis/ratis/ratis-test/target/test/data/d6c3ea1c/MiniRaftClusterWithGrpcf715ded6/s4/5913e5d7-f0d0-40b3-8fb1-6d5932270d9d/sm
2025-09-08 20:27:51,718 [grpc-default-executor-0] INFO  impl.SimpleStateMachineStorage (SimpleStateMachineStorage.java:loadLatestSnapshot(230)) - Latest snapshot is null in /home/runner/work/ratis/ratis/ratis-test/target/test/data/d6c3ea1c/MiniRaftClusterWithGrpcf715ded6/s3/5913e5d7-f0d0-40b3-8fb1-6d5932270d9d/sm
2025-09-08 20:27:51,719 [grpc-default-executor-12] INFO  impl.SimpleStateMachineStorage (SimpleStateMachineStorage.java:loadLatestSnapshot(230)) - Latest snapshot is null in /home/runner/work/ratis/ratis/ratis-test/target/test/data/d6c3ea1c/MiniRaftClusterWithGrpcf715ded6/s5/5913e5d7-f0d0-40b3-8fb1-6d5932270d9d/sm
2025-09-08 20:27:51,795 [s4@group-6D5932270D9D->s5-GrpcLogAppender-LogAppenderDaemon] INFO  impl.SimpleStateMachineStorage (SimpleStateMachineStorage.java:loadLatestSnapshot(230)) - Latest snapshot is null in /home/runner/work/ratis/ratis/ratis-test/target/test/data/d6c3ea1c/MiniRaftClusterWithGrpcf715ded6/s4/5913e5d7-f0d0-40b3-8fb1-6d5932270d9d/sm
2025-09-08 20:27:51,795 [s4@group-6D5932270D9D->s3-GrpcLogAppender-LogAppenderDaemon] INFO  impl.SimpleStateMachineStorage (SimpleStateMachineStorage.java:loadLatestSnapshot(230)) - Latest snapshot is null in /home/runner/work/ratis/ratis/ratis-test/target/test/data/d6c3ea1c/MiniRaftClusterWithGrpcf715ded6/s4/5913e5d7-f0d0-40b3-8fb1-6d5932270d9d/sm
2025-09-08 20:27:51,795 [grpc-default-executor-12] INFO  impl.SimpleStateMachineStorage (SimpleStateMachineStorage.java:loadLatestSnapshot(230)) - Latest snapshot is null in /home/runner/work/ratis/ratis/ratis-test/target/test/data/d6c3ea1c/MiniRaftClusterWithGrpcf715ded6/s5/5913e5d7-f0d0-40b3-8fb1-6d5932270d9d/sm
2025-09-08 20:27:51,796 [grpc-default-executor-12] INFO  impl.SimpleStateMachineStorage (SimpleStateMachineStorage.java:loadLatestSnapshot(230)) - Latest snapshot is null in /home/runner/work/ratis/ratis/ratis-test/target/test/data/d6c3ea1c/MiniRaftClusterWithGrpcf715ded6/s3/5913e5d7-f0d0-40b3-8fb1-6d5932270d9d/sm
2025-09-08 20:27:51,824 [Thread-311] WARN  grpc.GrpcUtil (GrpcUtil.java:shutdownManagedChannel(226)) - Timed out gracefully shutting down connection: ManagedChannelOrphanWrapper{delegate=ManagedChannelImpl{logId=398, target=localhost:15042}}. 
2025-09-08 20:27:51,873 [s4@group-6D5932270D9D->s3-GrpcLogAppender-LogAppenderDaemon] INFO  impl.SimpleStateMachineStorage (SimpleStateMachineStorage.java:loadLatestSnapshot(230)) - Latest snapshot is null in /home/runner/work/ratis/ratis/ratis-test/target/test/data/d6c3ea1c/MiniRaftClusterWithGrpcf715ded6/s4/5913e5d7-f0d0-40b3-8fb1-6d5932270d9d/sm
2025-09-08 20:27:51,873 [s4@group-6D5932270D9D->s5-GrpcLogAppender-LogAppenderDaemon] INFO  impl.SimpleStateMachineStorage (SimpleStateMachineStorage.java:loadLatestSnapshot(230)) - Latest snapshot is null in /home/runner/work/ratis/ratis/ratis-test/target/test/data/d6c3ea1c/MiniRaftClusterWithGrpcf715ded6/s4/5913e5d7-f0d0-40b3-8fb1-6d5932270d9d/sm
2025-09-08 20:27:51,874 [grpc-default-executor-0] INFO  impl.SimpleStateMachineStorage (SimpleStateMachineStorage.java:loadLatestSnapshot(230)) - Latest snapshot is null in /home/runner/work/ratis/ratis/ratis-test/target/test/data/d6c3ea1c/MiniRaftClusterWithGrpcf715ded6/s5/5913e5d7-f0d0-40b3-8fb1-6d5932270d9d/sm
2025-09-08 20:27:51,874 [grpc-default-executor-12] INFO  impl.SimpleStateMachineStorage (SimpleStateMachineStorage.java:loadLatestSnapshot(230)) - Latest snapshot is null in /home/runner/work/ratis/ratis/ratis-test/target/test/data/d6c3ea1c/MiniRaftClusterWithGrpcf715ded6/s3/5913e5d7-f0d0-40b3-8fb1-6d5932270d9d/sm
2025-09-08 20:27:51,950 [s4@group-6D5932270D9D->s5-GrpcLogAppender-LogAppenderDaemon] INFO  impl.SimpleStateMachineStorage (SimpleStateMachineStorage.java:loadLatestSnapshot(230)) - Latest snapshot is null in /home/runner/work/ratis/ratis/ratis-test/target/test/data/d6c3ea1c/MiniRaftClusterWithGrpcf715ded6/s4/5913e5d7-f0d0-40b3-8fb1-6d5932270d9d/sm
2025-09-08 20:27:51,950 [s4@group-6D5932270D9D->s3-GrpcLogAppender-LogAppenderDaemon] INFO  impl.SimpleStateMachineStorage (SimpleStateMachineStorage.java:loadLatestSnapshot(230)) - Latest snapshot is null in /home/runner/work/ratis/ratis/ratis-test/target/test/data/d6c3ea1c/MiniRaftClusterWithGrpcf715ded6/s4/5913e5d7-f0d0-40b3-8fb1-6d5932270d9d/sm
2025-09-08 20:27:51,951 [grpc-default-executor-12] INFO  impl.SimpleStateMachineStorage (SimpleStateMachineStorage.java:loadLatestSnapshot(230)) - Latest snapshot is null in /home/runner/work/ratis/ratis/ratis-test/target/test/data/d6c3ea1c/MiniRaftClusterWithGrpcf715ded6/s3/5913e5d7-f0d0-40b3-8fb1-6d5932270d9d/sm
2025-09-08 20:27:51,951 [grpc-default-executor-0] INFO  impl.SimpleStateMachineStorage (SimpleStateMachineStorage.java:loadLatestSnapshot(230)) - Latest snapshot is null in /home/runner/work/ratis/ratis/ratis-test/target/test/data/d6c3ea1c/MiniRaftClusterWithGrpcf715ded6/s5/5913e5d7-f0d0-40b3-8fb1-6d5932270d9d/sm
2025-09-08 20:27:52,026 [s4@group-6D5932270D9D->s5-GrpcLogAppender-LogAppenderDaemon] INFO  impl.SimpleStateMachineStorage (SimpleStateMachineStorage.java:loadLatestSnapshot(230)) - Latest snapshot is null in /home/runner/work/ratis/ratis/ratis-test/target/test/data/d6c3ea1c/MiniRaftClusterWithGrpcf715ded6/s4/5913e5d7-f0d0-40b3-8fb1-6d5932270d9d/sm
2025-09-08 20:27:52,027 [grpc-default-executor-0] INFO  impl.SimpleStateMachineStorage (SimpleStateMachineStorage.java:loadLatestSnapshot(230)) - Latest snapshot is null in /home/runner/work/ratis/ratis/ratis-test/target/test/data/d6c3ea1c/MiniRaftClusterWithGrpcf715ded6/s5/5913e5d7-f0d0-40b3-8fb1-6d5932270d9d/sm
2025-09-08 20:27:52,027 [s4@group-6D5932270D9D->s3-GrpcLogAppender-LogAppenderDaemon] INFO  impl.SimpleStateMachineStorage (SimpleStateMachineStorage.java:loadLatestSnapshot(230)) - Latest snapshot is null in /home/runner/work/ratis/ratis/ratis-test/target/test/data/d6c3ea1c/MiniRaftClusterWithGrpcf715ded6/s4/5913e5d7-f0d0-40b3-8fb1-6d5932270d9d/sm
2025-09-08 20:27:52,028 [grpc-default-executor-0] INFO  impl.SimpleStateMachineStorage (SimpleStateMachineStorage.java:loadLatestSnapshot(230)) - Latest snapshot is null in /home/runner/work/ratis/ratis/ratis-test/target/test/data/d6c3ea1c/MiniRaftClusterWithGrpcf715ded6/s3/5913e5d7-f0d0-40b3-8fb1-6d5932270d9d/sm
2025-09-08 20:27:52,104 [s4@group-6D5932270D9D->s5-GrpcLogAppender-LogAppenderDaemon] INFO  impl.SimpleStateMachineStorage (SimpleStateMachineStorage.java:loadLatestSnapshot(230)) - Latest snapshot is null in /home/runner/work/ratis/ratis/ratis-test/target/test/data/d6c3ea1c/MiniRaftClusterWithGrpcf715ded6/s4/5913e5d7-f0d0-40b3-8fb1-6d5932270d9d/sm
2025-09-08 20:27:52,105 [s4@group-6D5932270D9D->s3-GrpcLogAppender-LogAppenderDaemon] INFO  impl.SimpleStateMachineStorage (SimpleStateMachineStorage.java:loadLatestSnapshot(230)) - Latest snapshot is null in /home/runner/work/ratis/ratis/ratis-test/target/test/data/d6c3ea1c/MiniRaftClusterWithGrpcf715ded6/s4/5913e5d7-f0d0-40b3-8fb1-6d5932270d9d/sm
2025-09-08 20:27:52,105 [grpc-default-executor-0] INFO  impl.SimpleStateMachineStorage (SimpleStateMachineStorage.java:loadLatestSnapshot(230)) - Latest snapshot is null in /home/runner/work/ratis/ratis/ratis-test/target/test/data/d6c3ea1c/MiniRaftClusterWithGrpcf715ded6/s5/5913e5d7-f0d0-40b3-8fb1-6d5932270d9d/sm
2025-09-08 20:27:52,105 [grpc-default-executor-12] INFO  impl.SimpleStateMachineStorage (SimpleStateMachineStorage.java:loadLatestSnapshot(230)) - Latest snapshot is null in /home/runner/work/ratis/ratis/ratis-test/target/test/data/d6c3ea1c/MiniRaftClusterWithGrpcf715ded6/s3/5913e5d7-f0d0-40b3-8fb1-6d5932270d9d/sm
2025-09-08 20:27:52,181 [s4@group-6D5932270D9D->s3-GrpcLogAppender-LogAppenderDaemon] INFO  impl.SimpleStateMachineStorage (SimpleStateMachineStorage.java:loadLatestSnapshot(230)) - Latest snapshot is null in /home/runner/work/ratis/ratis/ratis-test/target/test/data/d6c3ea1c/MiniRaftClusterWithGrpcf715ded6/s4/5913e5d7-f0d0-40b3-8fb1-6d5932270d9d/sm
2025-09-08 20:27:52,181 [grpc-default-executor-0] INFO  impl.SimpleStateMachineStorage (SimpleStateMachineStorage.java:loadLatestSnapshot(230)) - Latest snapshot is null in /home/runner/work/ratis/ratis/ratis-test/target/test/data/d6c3ea1c/MiniRaftClusterWithGrpcf715ded6/s3/5913e5d7-f0d0-40b3-8fb1-6d5932270d9d/sm
2025-09-08 20:27:52,182 [s4@group-6D5932270D9D->s5-GrpcLogAppender-LogAppenderDaemon] INFO  impl.SimpleStateMachineStorage (SimpleStateMachineStorage.java:loadLatestSnapshot(230)) - Latest snapshot is null in /home/runner/work/ratis/ratis/ratis-test/target/test/data/d6c3ea1c/MiniRaftClusterWithGrpcf715ded6/s4/5913e5d7-f0d0-40b3-8fb1-6d5932270d9d/sm
2025-09-08 20:27:52,182 [grpc-default-executor-0] INFO  impl.SimpleStateMachineStorage (SimpleStateMachineStorage.java:loadLatestSnapshot(230)) - Latest snapshot is null in /home/runner/work/ratis/ratis/ratis-test/target/test/data/d6c3ea1c/MiniRaftClusterWithGrpcf715ded6/s5/5913e5d7-f0d0-40b3-8fb1-6d5932270d9d/sm
2025-09-08 20:27:52,258 [s4@group-6D5932270D9D->s3-GrpcLogAppender-LogAppenderDaemon] INFO  impl.SimpleStateMachineStorage (SimpleStateMachineStorage.java:loadLatestSnapshot(230)) - Latest snapshot is null in /home/runner/work/ratis/ratis/ratis-test/target/test/data/d6c3ea1c/MiniRaftClusterWithGrpcf715ded6/s4/5913e5d7-f0d0-40b3-8fb1-6d5932270d9d/sm
2025-09-08 20:27:52,259 [grpc-default-executor-0] INFO  impl.SimpleStateMachineStorage (SimpleStateMachineStorage.java:loadLatestSnapshot(230)) - Latest snapshot is null in /home/runner/work/ratis/ratis/ratis-test/target/test/data/d6c3ea1c/MiniRaftClusterWithGrpcf715ded6/s3/5913e5d7-f0d0-40b3-8fb1-6d5932270d9d/sm
2025-09-08 20:27:52,259 [s4@group-6D5932270D9D->s5-GrpcLogAppender-LogAppenderDaemon] INFO  impl.SimpleStateMachineStorage (SimpleStateMachineStorage.java:loadLatestSnapshot(230)) - Latest snapshot is null in /home/runner/work/ratis/ratis/ratis-test/target/test/data/d6c3ea1c/MiniRaftClusterWithGrpcf715ded6/s4/5913e5d7-f0d0-40b3-8fb1-6d5932270d9d/sm
2025-09-08 20:27:52,259 [grpc-default-executor-0] INFO  impl.SimpleStateMachineStorage (SimpleStateMachineStorage.java:loadLatestSnapshot(230)) - Latest snapshot is null in /home/runner/work/ratis/ratis/ratis-test/target/test/data/d6c3ea1c/MiniRaftClusterWithGrpcf715ded6/s5/5913e5d7-f0d0-40b3-8fb1-6d5932270d9d/sm
2025-09-08 20:27:52,334 [s4@group-6D5932270D9D->s3-GrpcLogAppender-LogAppenderDaemon] INFO  impl.SimpleStateMachineStorage (SimpleStateMachineStorage.java:loadLatestSnapshot(230)) - Latest snapshot is null in /home/runner/work/ratis/ratis/ratis-test/target/test/data/d6c3ea1c/MiniRaftClusterWithGrpcf715ded6/s4/5913e5d7-f0d0-40b3-8fb1-6d5932270d9d/sm
2025-09-08 20:27:52,335 [s4@group-6D5932270D9D->s5-GrpcLogAppender-LogAppenderDaemon] INFO  impl.SimpleStateMachineStorage (SimpleStateMachineStorage.java:loadLatestSnapshot(230)) - Latest snapshot is null in /home/runner/work/ratis/ratis/ratis-test/target/test/data/d6c3ea1c/MiniRaftClusterWithGrpcf715ded6/s4/5913e5d7-f0d0-40b3-8fb1-6d5932270d9d/sm
2025-09-08 20:27:52,335 [grpc-default-executor-0] INFO  impl.SimpleStateMachineStorage (SimpleStateMachineStorage.java:loadLatestSnapshot(230)) - Latest snapshot is null in /home/runner/work/ratis/ratis/ratis-test/target/test/data/d6c3ea1c/MiniRaftClusterWithGrpcf715ded6/s3/5913e5d7-f0d0-40b3-8fb1-6d5932270d9d/sm
2025-09-08 20:27:52,336 [grpc-default-executor-12] INFO  impl.SimpleStateMachineStorage (SimpleStateMachineStorage.java:loadLatestSnapshot(230)) - Latest snapshot is null in /home/runner/work/ratis/ratis/ratis-test/target/test/data/d6c3ea1c/MiniRaftClusterWithGrpcf715ded6/s5/5913e5d7-f0d0-40b3-8fb1-6d5932270d9d/sm
2025-09-08 20:27:52,411 [s4@group-6D5932270D9D->s5-GrpcLogAppender-LogAppenderDaemon] INFO  impl.SimpleStateMachineStorage (SimpleStateMachineStorage.java:loadLatestSnapshot(230)) - Latest snapshot is null in /home/runner/work/ratis/ratis/ratis-test/target/test/data/d6c3ea1c/MiniRaftClusterWithGrpcf715ded6/s4/5913e5d7-f0d0-40b3-8fb1-6d5932270d9d/sm
2025-09-08 20:27:52,411 [s4@group-6D5932270D9D->s3-GrpcLogAppender-LogAppenderDaemon] INFO  impl.SimpleStateMachineStorage (SimpleStateMachineStorage.java:loadLatestSnapshot(230)) - Latest snapshot is null in /home/runner/work/ratis/ratis/ratis-test/target/test/data/d6c3ea1c/MiniRaftClusterWithGrpcf715ded6/s4/5913e5d7-f0d0-40b3-8fb1-6d5932270d9d/sm
2025-09-08 20:27:52,413 [grpc-default-executor-12] INFO  impl.SimpleStateMachineStorage (SimpleStateMachineStorage.java:loadLatestSnapshot(230)) - Latest snapshot is null in /home/runner/work/ratis/ratis/ratis-test/target/test/data/d6c3ea1c/MiniRaftClusterWithGrpcf715ded6/s3/5913e5d7-f0d0-40b3-8fb1-6d5932270d9d/sm
2025-09-08 20:27:52,413 [grpc-default-executor-0] INFO  impl.SimpleStateMachineStorage (SimpleStateMachineStorage.java:loadLatestSnapshot(230)) - Latest snapshot is null in /home/runner/work/ratis/ratis/ratis-test/target/test/data/d6c3ea1c/MiniRaftClusterWithGrpcf715ded6/s5/5913e5d7-f0d0-40b3-8fb1-6d5932270d9d/sm
2025-09-08 20:27:52,488 [s4@group-6D5932270D9D->s5-GrpcLogAppender-LogAppenderDaemon] INFO  impl.SimpleStateMachineStorage (SimpleStateMachineStorage.java:loadLatestSnapshot(230)) - Latest snapshot is null in /home/runner/work/ratis/ratis/ratis-test/target/test/data/d6c3ea1c/MiniRaftClusterWithGrpcf715ded6/s4/5913e5d7-f0d0-40b3-8fb1-6d5932270d9d/sm
2025-09-08 20:27:52,489 [grpc-default-executor-12] INFO  impl.SimpleStateMachineStorage (SimpleStateMachineStorage.java:loadLatestSnapshot(230)) - Latest snapshot is null in /home/runner/work/ratis/ratis/ratis-test/target/test/data/d6c3ea1c/MiniRaftClusterWithGrpcf715ded6/s5/5913e5d7-f0d0-40b3-8fb1-6d5932270d9d/sm
2025-09-08 20:27:52,489 [s4@group-6D5932270D9D->s3-GrpcLogAppender-LogAppenderDaemon] INFO  impl.SimpleStateMachineStorage (SimpleStateMachineStorage.java:loadLatestSnapshot(230)) - Latest snapshot is null in /home/runner/work/ratis/ratis/ratis-test/target/test/data/d6c3ea1c/MiniRaftClusterWithGrpcf715ded6/s4/5913e5d7-f0d0-40b3-8fb1-6d5932270d9d/sm
2025-09-08 20:27:52,490 [grpc-default-executor-12] INFO  impl.SimpleStateMachineStorage (SimpleStateMachineStorage.java:loadLatestSnapshot(230)) - Latest snapshot is null in /home/runner/work/ratis/ratis/ratis-test/target/test/data/d6c3ea1c/MiniRaftClusterWithGrpcf715ded6/s3/5913e5d7-f0d0-40b3-8fb1-6d5932270d9d/sm
2025-09-08 20:27:52,565 [s4@group-6D5932270D9D->s5-GrpcLogAppender-LogAppenderDaemon] INFO  impl.SimpleStateMachineStorage (SimpleStateMachineStorage.java:loadLatestSnapshot(230)) - Latest snapshot is null in /home/runner/work/ratis/ratis/ratis-test/target/test/data/d6c3ea1c/MiniRaftClusterWithGrpcf715ded6/s4/5913e5d7-f0d0-40b3-8fb1-6d5932270d9d/sm
2025-09-08 20:27:52,566 [s4@group-6D5932270D9D->s3-GrpcLogAppender-LogAppenderDaemon] INFO  impl.SimpleStateMachineStorage (SimpleStateMachineStorage.java:loadLatestSnapshot(230)) - Latest snapshot is null in /home/runner/work/ratis/ratis/ratis-test/target/test/data/d6c3ea1c/MiniRaftClusterWithGrpcf715ded6/s4/5913e5d7-f0d0-40b3-8fb1-6d5932270d9d/sm
2025-09-08 20:27:52,566 [grpc-default-executor-12] INFO  impl.SimpleStateMachineStorage (SimpleStateMachineStorage.java:loadLatestSnapshot(230)) - Latest snapshot is null in /home/runner/work/ratis/ratis/ratis-test/target/test/data/d6c3ea1c/MiniRaftClusterWithGrpcf715ded6/s5/5913e5d7-f0d0-40b3-8fb1-6d5932270d9d/sm
2025-09-08 20:27:52,566 [grpc-default-executor-12] INFO  impl.SimpleStateMachineStorage (SimpleStateMachineStorage.java:loadLatestSnapshot(230)) - Latest snapshot is null in /home/runner/work/ratis/ratis/ratis-test/target/test/data/d6c3ea1c/MiniRaftClusterWithGrpcf715ded6/s3/5913e5d7-f0d0-40b3-8fb1-6d5932270d9d/sm
2025-09-08 20:27:52,641 [s4@group-6D5932270D9D->s5-GrpcLogAppender-LogAppenderDaemon] INFO  impl.SimpleStateMachineStorage (SimpleStateMachineStorage.java:loadLatestSnapshot(230)) - Latest snapshot is null in /home/runner/work/ratis/ratis/ratis-test/target/test/data/d6c3ea1c/MiniRaftClusterWithGrpcf715ded6/s4/5913e5d7-f0d0-40b3-8fb1-6d5932270d9d/sm
2025-09-08 20:27:52,642 [grpc-default-executor-0] INFO  impl.SimpleStateMachineStorage (SimpleStateMachineStorage.java:loadLatestSnapshot(230)) - Latest snapshot is null in /home/runner/work/ratis/ratis/ratis-test/target/test/data/d6c3ea1c/MiniRaftClusterWithGrpcf715ded6/s5/5913e5d7-f0d0-40b3-8fb1-6d5932270d9d/sm
2025-09-08 20:27:52,643 [s4@group-6D5932270D9D->s3-GrpcLogAppender-LogAppenderDaemon] INFO  impl.SimpleStateMachineStorage (SimpleStateMachineStorage.java:loadLatestSnapshot(230)) - Latest snapshot is null in /home/runner/work/ratis/ratis/ratis-test/target/test/data/d6c3ea1c/MiniRaftClusterWithGrpcf715ded6/s4/5913e5d7-f0d0-40b3-8fb1-6d5932270d9d/sm
2025-09-08 20:27:52,643 [grpc-default-executor-0] INFO  impl.SimpleStateMachineStorage (SimpleStateMachineStorage.java:loadLatestSnapshot(230)) - Latest snapshot is null in /home/runner/work/ratis/ratis/ratis-test/target/test/data/d6c3ea1c/MiniRaftClusterWithGrpcf715ded6/s3/5913e5d7-f0d0-40b3-8fb1-6d5932270d9d/sm
2025-09-08 20:27:52,718 [s4@group-6D5932270D9D->s5-GrpcLogAppender-LogAppenderDaemon] INFO  impl.SimpleStateMachineStorage (SimpleStateMachineStorage.java:loadLatestSnapshot(230)) - Latest snapshot is null in /home/runner/work/ratis/ratis/ratis-test/target/test/data/d6c3ea1c/MiniRaftClusterWithGrpcf715ded6/s4/5913e5d7-f0d0-40b3-8fb1-6d5932270d9d/sm
2025-09-08 20:27:52,719 [grpc-default-executor-0] INFO  impl.SimpleStateMachineStorage (SimpleStateMachineStorage.java:loadLatestSnapshot(230)) - Latest snapshot is null in /home/runner/work/ratis/ratis/ratis-test/target/test/data/d6c3ea1c/MiniRaftClusterWithGrpcf715ded6/s5/5913e5d7-f0d0-40b3-8fb1-6d5932270d9d/sm
2025-09-08 20:27:52,719 [s4@group-6D5932270D9D->s3-GrpcLogAppender-LogAppenderDaemon] INFO  impl.SimpleStateMachineStorage (SimpleStateMachineStorage.java:loadLatestSnapshot(230)) - Latest snapshot is null in /home/runner/work/ratis/ratis/ratis-test/target/test/data/d6c3ea1c/MiniRaftClusterWithGrpcf715ded6/s4/5913e5d7-f0d0-40b3-8fb1-6d5932270d9d/sm
2025-09-08 20:27:52,719 [grpc-default-executor-0] INFO  impl.SimpleStateMachineStorage (SimpleStateMachineStorage.java:loadLatestSnapshot(230)) - Latest snapshot is null in /home/runner/work/ratis/ratis/ratis-test/target/test/data/d6c3ea1c/MiniRaftClusterWithGrpcf715ded6/s3/5913e5d7-f0d0-40b3-8fb1-6d5932270d9d/sm
2025-09-08 20:27:52,795 [s4@group-6D5932270D9D->s5-GrpcLogAppender-LogAppenderDaemon] INFO  impl.SimpleStateMachineStorage (SimpleStateMachineStorage.java:loadLatestSnapshot(230)) - Latest snapshot is null in /home/runner/work/ratis/ratis/ratis-test/target/test/data/d6c3ea1c/MiniRaftClusterWithGrpcf715ded6/s4/5913e5d7-f0d0-40b3-8fb1-6d5932270d9d/sm
2025-09-08 20:27:52,796 [s4@group-6D5932270D9D->s3-GrpcLogAppender-LogAppenderDaemon] INFO  impl.SimpleStateMachineStorage (SimpleStateMachineStorage.java:loadLatestSnapshot(230)) - Latest snapshot is null in /home/runner/work/ratis/ratis/ratis-test/target/test/data/d6c3ea1c/MiniRaftClusterWithGrpcf715ded6/s4/5913e5d7-f0d0-40b3-8fb1-6d5932270d9d/sm
2025-09-08 20:27:52,796 [grpc-default-executor-0] INFO  impl.SimpleStateMachineStorage (SimpleStateMachineStorage.java:loadLatestSnapshot(230)) - Latest snapshot is null in /home/runner/work/ratis/ratis/ratis-test/target/test/data/d6c3ea1c/MiniRaftClusterWithGrpcf715ded6/s5/5913e5d7-f0d0-40b3-8fb1-6d5932270d9d/sm
2025-09-08 20:27:52,796 [grpc-default-executor-0] INFO  impl.SimpleStateMachineStorage (SimpleStateMachineStorage.java:loadLatestSnapshot(230)) - Latest snapshot is null in /home/runner/work/ratis/ratis/ratis-test/target/test/data/d6c3ea1c/MiniRaftClusterWithGrpcf715ded6/s3/5913e5d7-f0d0-40b3-8fb1-6d5932270d9d/sm
2025-09-08 20:27:52,872 [s4@group-6D5932270D9D->s5-GrpcLogAppender-LogAppenderDaemon] INFO  impl.SimpleStateMachineStorage (SimpleStateMachineStorage.java:loadLatestSnapshot(230)) - Latest snapshot is null in /home/runner/work/ratis/ratis/ratis-test/target/test/data/d6c3ea1c/MiniRaftClusterWithGrpcf715ded6/s4/5913e5d7-f0d0-40b3-8fb1-6d5932270d9d/sm
2025-09-08 20:27:52,872 [grpc-default-executor-0] INFO  impl.SimpleStateMachineStorage (SimpleStateMachineStorage.java:loadLatestSnapshot(230)) - Latest snapshot is null in /home/runner/work/ratis/ratis/ratis-test/target/test/data/d6c3ea1c/MiniRaftClusterWithGrpcf715ded6/s5/5913e5d7-f0d0-40b3-8fb1-6d5932270d9d/sm
2025-09-08 20:27:52,873 [s4@group-6D5932270D9D->s3-GrpcLogAppender-LogAppenderDaemon] INFO  impl.SimpleStateMachineStorage (SimpleStateMachineStorage.java:loadLatestSnapshot(230)) - Latest snapshot is null in /home/runner/work/ratis/ratis/ratis-test/target/test/data/d6c3ea1c/MiniRaftClusterWithGrpcf715ded6/s4/5913e5d7-f0d0-40b3-8fb1-6d5932270d9d/sm
2025-09-08 20:27:52,874 [grpc-default-executor-0] INFO  impl.SimpleStateMachineStorage (SimpleStateMachineStorage.java:loadLatestSnapshot(230)) - Latest snapshot is null in /home/runner/work/ratis/ratis/ratis-test/target/test/data/d6c3ea1c/MiniRaftClusterWithGrpcf715ded6/s3/5913e5d7-f0d0-40b3-8fb1-6d5932270d9d/sm
2025-09-08 20:27:52,949 [s4@group-6D5932270D9D->s3-GrpcLogAppender-LogAppenderDaemon] INFO  impl.SimpleStateMachineStorage (SimpleStateMachineStorage.java:loadLatestSnapshot(230)) - Latest snapshot is null in /home/runner/work/ratis/ratis/ratis-test/target/test/data/d6c3ea1c/MiniRaftClusterWithGrpcf715ded6/s4/5913e5d7-f0d0-40b3-8fb1-6d5932270d9d/sm
2025-09-08 20:27:52,949 [s4@group-6D5932270D9D->s5-GrpcLogAppender-LogAppenderDaemon] INFO  impl.SimpleStateMachineStorage (SimpleStateMachineStorage.java:loadLatestSnapshot(230)) - Latest snapshot is null in /home/runner/work/ratis/ratis/ratis-test/target/test/data/d6c3ea1c/MiniRaftClusterWithGrpcf715ded6/s4/5913e5d7-f0d0-40b3-8fb1-6d5932270d9d/sm
2025-09-08 20:27:52,950 [grpc-default-executor-0] INFO  impl.SimpleStateMachineStorage (SimpleStateMachineStorage.java:loadLatestSnapshot(230)) - Latest snapshot is null in /home/runner/work/ratis/ratis/ratis-test/target/test/data/d6c3ea1c/MiniRaftClusterWithGrpcf715ded6/s5/5913e5d7-f0d0-40b3-8fb1-6d5932270d9d/sm
2025-09-08 20:27:52,950 [grpc-default-executor-12] INFO  impl.SimpleStateMachineStorage (SimpleStateMachineStorage.java:loadLatestSnapshot(230)) - Latest snapshot is null in /home/runner/work/ratis/ratis/ratis-test/target/test/data/d6c3ea1c/MiniRaftClusterWithGrpcf715ded6/s3/5913e5d7-f0d0-40b3-8fb1-6d5932270d9d/sm
2025-09-08 20:27:53,025 [s4@group-6D5932270D9D->s5-GrpcLogAppender-LogAppenderDaemon] INFO  impl.SimpleStateMachineStorage (SimpleStateMachineStorage.java:loadLatestSnapshot(230)) - Latest snapshot is null in /home/runner/work/ratis/ratis/ratis-test/target/test/data/d6c3ea1c/MiniRaftClusterWithGrpcf715ded6/s4/5913e5d7-f0d0-40b3-8fb1-6d5932270d9d/sm
2025-09-08 20:27:53,026 [grpc-default-executor-12] INFO  impl.SimpleStateMachineStorage (SimpleStateMachineStorage.java:loadLatestSnapshot(230)) - Latest snapshot is null in /home/runner/work/ratis/ratis/ratis-test/target/test/data/d6c3ea1c/MiniRaftClusterWithGrpcf715ded6/s5/5913e5d7-f0d0-40b3-8fb1-6d5932270d9d/sm
2025-09-08 20:27:53,027 [s4@group-6D5932270D9D->s3-GrpcLogAppender-LogAppenderDaemon] INFO  impl.SimpleStateMachineStorage (SimpleStateMachineStorage.java:loadLatestSnapshot(230)) - Latest snapshot is null in /home/runner/work/ratis/ratis/ratis-test/target/test/data/d6c3ea1c/MiniRaftClusterWithGrpcf715ded6/s4/5913e5d7-f0d0-40b3-8fb1-6d5932270d9d/sm
2025-09-08 20:27:53,027 [grpc-default-executor-12] INFO  impl.SimpleStateMachineStorage (SimpleStateMachineStorage.java:loadLatestSnapshot(230)) - Latest snapshot is null in /home/runner/work/ratis/ratis/ratis-test/target/test/data/d6c3ea1c/MiniRaftClusterWithGrpcf715ded6/s3/5913e5d7-f0d0-40b3-8fb1-6d5932270d9d/sm
2025-09-08 20:27:53,102 [s4@group-6D5932270D9D->s5-GrpcLogAppender-LogAppenderDaemon] INFO  impl.SimpleStateMachineStorage (SimpleStateMachineStorage.java:loadLatestSnapshot(230)) - Latest snapshot is null in /home/runner/work/ratis/ratis/ratis-test/target/test/data/d6c3ea1c/MiniRaftClusterWithGrpcf715ded6/s4/5913e5d7-f0d0-40b3-8fb1-6d5932270d9d/sm
2025-09-08 20:27:53,103 [s4@group-6D5932270D9D->s3-GrpcLogAppender-LogAppenderDaemon] INFO  impl.SimpleStateMachineStorage (SimpleStateMachineStorage.java:loadLatestSnapshot(230)) - Latest snapshot is null in /home/runner/work/ratis/ratis/ratis-test/target/test/data/d6c3ea1c/MiniRaftClusterWithGrpcf715ded6/s4/5913e5d7-f0d0-40b3-8fb1-6d5932270d9d/sm
2025-09-08 20:27:53,103 [grpc-default-executor-12] INFO  impl.SimpleStateMachineStorage (SimpleStateMachineStorage.java:loadLatestSnapshot(230)) - Latest snapshot is null in /home/runner/work/ratis/ratis/ratis-test/target/test/data/d6c3ea1c/MiniRaftClusterWithGrpcf715ded6/s5/5913e5d7-f0d0-40b3-8fb1-6d5932270d9d/sm
2025-09-08 20:27:53,103 [grpc-default-executor-0] INFO  impl.SimpleStateMachineStorage (SimpleStateMachineStorage.java:loadLatestSnapshot(230)) - Latest snapshot is null in /home/runner/work/ratis/ratis/ratis-test/target/test/data/d6c3ea1c/MiniRaftClusterWithGrpcf715ded6/s3/5913e5d7-f0d0-40b3-8fb1-6d5932270d9d/sm
2025-09-08 20:27:53,179 [s4@group-6D5932270D9D->s3-GrpcLogAppender-LogAppenderDaemon] INFO  impl.SimpleStateMachineStorage (SimpleStateMachineStorage.java:loadLatestSnapshot(230)) - Latest snapshot is null in /home/runner/work/ratis/ratis/ratis-test/target/test/data/d6c3ea1c/MiniRaftClusterWithGrpcf715ded6/s4/5913e5d7-f0d0-40b3-8fb1-6d5932270d9d/sm
2025-09-08 20:27:53,180 [grpc-default-executor-12] INFO  impl.SimpleStateMachineStorage (SimpleStateMachineStorage.java:loadLatestSnapshot(230)) - Latest snapshot is null in /home/runner/work/ratis/ratis/ratis-test/target/test/data/d6c3ea1c/MiniRaftClusterWithGrpcf715ded6/s3/5913e5d7-f0d0-40b3-8fb1-6d5932270d9d/sm
2025-09-08 20:27:53,180 [s4@group-6D5932270D9D->s5-GrpcLogAppender-LogAppenderDaemon] INFO  impl.SimpleStateMachineStorage (SimpleStateMachineStorage.java:loadLatestSnapshot(230)) - Latest snapshot is null in /home/runner/work/ratis/ratis/ratis-test/target/test/data/d6c3ea1c/MiniRaftClusterWithGrpcf715ded6/s4/5913e5d7-f0d0-40b3-8fb1-6d5932270d9d/sm
2025-09-08 20:27:53,181 [grpc-default-executor-12] INFO  impl.SimpleStateMachineStorage (SimpleStateMachineStorage.java:loadLatestSnapshot(230)) - Latest snapshot is null in /home/runner/work/ratis/ratis/ratis-test/target/test/data/d6c3ea1c/MiniRaftClusterWithGrpcf715ded6/s5/5913e5d7-f0d0-40b3-8fb1-6d5932270d9d/sm
2025-09-08 20:27:53,255 [s4@group-6D5932270D9D->s3-GrpcLogAppender-LogAppenderDaemon] INFO  impl.SimpleStateMachineStorage (SimpleStateMachineStorage.java:loadLatestSnapshot(230)) - Latest snapshot is null in /home/runner/work/ratis/ratis/ratis-test/target/test/data/d6c3ea1c/MiniRaftClusterWithGrpcf715ded6/s4/5913e5d7-f0d0-40b3-8fb1-6d5932270d9d/sm
2025-09-08 20:27:53,256 [grpc-default-executor-12] INFO  impl.SimpleStateMachineStorage (SimpleStateMachineStorage.java:loadLatestSnapshot(230)) - Latest snapshot is null in /home/runner/work/ratis/ratis/ratis-test/target/test/data/d6c3ea1c/MiniRaftClusterWithGrpcf715ded6/s3/5913e5d7-f0d0-40b3-8fb1-6d5932270d9d/sm
2025-09-08 20:27:53,256 [s4@group-6D5932270D9D->s5-GrpcLogAppender-LogAppenderDaemon] INFO  impl.SimpleStateMachineStorage (SimpleStateMachineStorage.java:loadLatestSnapshot(230)) - Latest snapshot is null in /home/runner/work/ratis/ratis/ratis-test/target/test/data/d6c3ea1c/MiniRaftClusterWithGrpcf715ded6/s4/5913e5d7-f0d0-40b3-8fb1-6d5932270d9d/sm
2025-09-08 20:27:53,257 [grpc-default-executor-12] INFO  impl.SimpleStateMachineStorage (SimpleStateMachineStorage.java:loadLatestSnapshot(230)) - Latest snapshot is null in /home/runner/work/ratis/ratis/ratis-test/target/test/data/d6c3ea1c/MiniRaftClusterWithGrpcf715ded6/s5/5913e5d7-f0d0-40b3-8fb1-6d5932270d9d/sm
2025-09-08 20:27:53,332 [s4@group-6D5932270D9D->s3-GrpcLogAppender-LogAppenderDaemon] INFO  impl.SimpleStateMachineStorage (SimpleStateMachineStorage.java:loadLatestSnapshot(230)) - Latest snapshot is null in /home/runner/work/ratis/ratis/ratis-test/target/test/data/d6c3ea1c/MiniRaftClusterWithGrpcf715ded6/s4/5913e5d7-f0d0-40b3-8fb1-6d5932270d9d/sm
2025-09-08 20:27:53,333 [s4@group-6D5932270D9D->s5-GrpcLogAppender-LogAppenderDaemon] INFO  impl.SimpleStateMachineStorage (SimpleStateMachineStorage.java:loadLatestSnapshot(230)) - Latest snapshot is null in /home/runner/work/ratis/ratis/ratis-test/target/test/data/d6c3ea1c/MiniRaftClusterWithGrpcf715ded6/s4/5913e5d7-f0d0-40b3-8fb1-6d5932270d9d/sm
2025-09-08 20:27:53,333 [grpc-default-executor-12] INFO  impl.SimpleStateMachineStorage (SimpleStateMachineStorage.java:loadLatestSnapshot(230)) - Latest snapshot is null in /home/runner/work/ratis/ratis/ratis-test/target/test/data/d6c3ea1c/MiniRaftClusterWithGrpcf715ded6/s3/5913e5d7-f0d0-40b3-8fb1-6d5932270d9d/sm
2025-09-08 20:27:53,334 [grpc-default-executor-12] INFO  impl.SimpleStateMachineStorage (SimpleStateMachineStorage.java:loadLatestSnapshot(230)) - Latest snapshot is null in /home/runner/work/ratis/ratis/ratis-test/target/test/data/d6c3ea1c/MiniRaftClusterWithGrpcf715ded6/s5/5913e5d7-f0d0-40b3-8fb1-6d5932270d9d/sm
2025-09-08 20:27:53,409 [s4@group-6D5932270D9D->s3-GrpcLogAppender-LogAppenderDaemon] INFO  impl.SimpleStateMachineStorage (SimpleStateMachineStorage.java:loadLatestSnapshot(230)) - Latest snapshot is null in /home/runner/work/ratis/ratis/ratis-test/target/test/data/d6c3ea1c/MiniRaftClusterWithGrpcf715ded6/s4/5913e5d7-f0d0-40b3-8fb1-6d5932270d9d/sm
2025-09-08 20:27:53,409 [grpc-default-executor-0] INFO  impl.SimpleStateMachineStorage (SimpleStateMachineStorage.java:loadLatestSnapshot(230)) - Latest snapshot is null in /home/runner/work/ratis/ratis/ratis-test/target/test/data/d6c3ea1c/MiniRaftClusterWithGrpcf715ded6/s3/5913e5d7-f0d0-40b3-8fb1-6d5932270d9d/sm
2025-09-08 20:27:53,410 [s4@group-6D5932270D9D->s5-GrpcLogAppender-LogAppenderDaemon] INFO  impl.SimpleStateMachineStorage (SimpleStateMachineStorage.java:loadLatestSnapshot(230)) - Latest snapshot is null in /home/runner/work/ratis/ratis/ratis-test/target/test/data/d6c3ea1c/MiniRaftClusterWithGrpcf715ded6/s4/5913e5d7-f0d0-40b3-8fb1-6d5932270d9d/sm
2025-09-08 20:27:53,410 [grpc-default-executor-0] INFO  impl.SimpleStateMachineStorage (SimpleStateMachineStorage.java:loadLatestSnapshot(230)) - Latest snapshot is null in /home/runner/work/ratis/ratis/ratis-test/target/test/data/d6c3ea1c/MiniRaftClusterWithGrpcf715ded6/s5/5913e5d7-f0d0-40b3-8fb1-6d5932270d9d/sm
2025-09-08 20:27:53,485 [s4@group-6D5932270D9D->s3-GrpcLogAppender-LogAppenderDaemon] INFO  impl.SimpleStateMachineStorage (SimpleStateMachineStorage.java:loadLatestSnapshot(230)) - Latest snapshot is null in /home/runner/work/ratis/ratis/ratis-test/target/test/data/d6c3ea1c/MiniRaftClusterWithGrpcf715ded6/s4/5913e5d7-f0d0-40b3-8fb1-6d5932270d9d/sm
2025-09-08 20:27:53,485 [grpc-default-executor-0] INFO  impl.SimpleStateMachineStorage (SimpleStateMachineStorage.java:loadLatestSnapshot(230)) - Latest snapshot is null in /home/runner/work/ratis/ratis/ratis-test/target/test/data/d6c3ea1c/MiniRaftClusterWithGrpcf715ded6/s3/5913e5d7-f0d0-40b3-8fb1-6d5932270d9d/sm
2025-09-08 20:27:53,487 [s4@group-6D5932270D9D->s5-GrpcLogAppender-LogAppenderDaemon] INFO  impl.SimpleStateMachineStorage (SimpleStateMachineStorage.java:loadLatestSnapshot(230)) - Latest snapshot is null in /home/runner/work/ratis/ratis/ratis-test/target/test/data/d6c3ea1c/MiniRaftClusterWithGrpcf715ded6/s4/5913e5d7-f0d0-40b3-8fb1-6d5932270d9d/sm
2025-09-08 20:27:53,487 [grpc-default-executor-0] INFO  impl.SimpleStateMachineStorage (SimpleStateMachineStorage.java:loadLatestSnapshot(230)) - Latest snapshot is null in /home/runner/work/ratis/ratis/ratis-test/target/test/data/d6c3ea1c/MiniRaftClusterWithGrpcf715ded6/s5/5913e5d7-f0d0-40b3-8fb1-6d5932270d9d/sm
2025-09-08 20:27:53,561 [s4@group-6D5932270D9D->s3-GrpcLogAppender-LogAppenderDaemon] INFO  impl.SimpleStateMachineStorage (SimpleStateMachineStorage.java:loadLatestSnapshot(230)) - Latest snapshot is null in /home/runner/work/ratis/ratis/ratis-test/target/test/data/d6c3ea1c/MiniRaftClusterWithGrpcf715ded6/s4/5913e5d7-f0d0-40b3-8fb1-6d5932270d9d/sm
2025-09-08 20:27:53,561 [grpc-default-executor-0] INFO  impl.SimpleStateMachineStorage (SimpleStateMachineStorage.java:loadLatestSnapshot(230)) - Latest snapshot is null in /home/runner/work/ratis/ratis/ratis-test/target/test/data/d6c3ea1c/MiniRaftClusterWithGrpcf715ded6/s3/5913e5d7-f0d0-40b3-8fb1-6d5932270d9d/sm
2025-09-08 20:27:53,564 [s4@group-6D5932270D9D->s5-GrpcLogAppender-LogAppenderDaemon] INFO  impl.SimpleStateMachineStorage (SimpleStateMachineStorage.java:loadLatestSnapshot(230)) - Latest snapshot is null in /home/runner/work/ratis/ratis/ratis-test/target/test/data/d6c3ea1c/MiniRaftClusterWithGrpcf715ded6/s4/5913e5d7-f0d0-40b3-8fb1-6d5932270d9d/sm
2025-09-08 20:27:53,564 [grpc-default-executor-0] INFO  impl.SimpleStateMachineStorage (SimpleStateMachineStorage.java:loadLatestSnapshot(230)) - Latest snapshot is null in /home/runner/work/ratis/ratis/ratis-test/target/test/data/d6c3ea1c/MiniRaftClusterWithGrpcf715ded6/s5/5913e5d7-f0d0-40b3-8fb1-6d5932270d9d/sm
2025-09-08 20:27:53,638 [s4@group-6D5932270D9D->s3-GrpcLogAppender-LogAppenderDaemon] INFO  impl.SimpleStateMachineStorage (SimpleStateMachineStorage.java:loadLatestSnapshot(230)) - Latest snapshot is null in /home/runner/work/ratis/ratis/ratis-test/target/test/data/d6c3ea1c/MiniRaftClusterWithGrpcf715ded6/s4/5913e5d7-f0d0-40b3-8fb1-6d5932270d9d/sm
2025-09-08 20:27:53,639 [grpc-default-executor-0] INFO  impl.SimpleStateMachineStorage (SimpleStateMachineStorage.java:loadLatestSnapshot(230)) - Latest snapshot is null in /home/runner/work/ratis/ratis/ratis-test/target/test/data/d6c3ea1c/MiniRaftClusterWithGrpcf715ded6/s3/5913e5d7-f0d0-40b3-8fb1-6d5932270d9d/sm
2025-09-08 20:27:53,641 [s4@group-6D5932270D9D->s5-GrpcLogAppender-LogAppenderDaemon] INFO  impl.SimpleStateMachineStorage (SimpleStateMachineStorage.java:loadLatestSnapshot(230)) - Latest snapshot is null in /home/runner/work/ratis/ratis/ratis-test/target/test/data/d6c3ea1c/MiniRaftClusterWithGrpcf715ded6/s4/5913e5d7-f0d0-40b3-8fb1-6d5932270d9d/sm
2025-09-08 20:27:53,641 [grpc-default-executor-0] INFO  impl.SimpleStateMachineStorage (SimpleStateMachineStorage.java:loadLatestSnapshot(230)) - Latest snapshot is null in /home/runner/work/ratis/ratis/ratis-test/target/test/data/d6c3ea1c/MiniRaftClusterWithGrpcf715ded6/s5/5913e5d7-f0d0-40b3-8fb1-6d5932270d9d/sm
2025-09-08 20:27:53,716 [s4@group-6D5932270D9D->s3-GrpcLogAppender-LogAppenderDaemon] INFO  impl.SimpleStateMachineStorage (SimpleStateMachineStorage.java:loadLatestSnapshot(230)) - Latest snapshot is null in /home/runner/work/ratis/ratis/ratis-test/target/test/data/d6c3ea1c/MiniRaftClusterWithGrpcf715ded6/s4/5913e5d7-f0d0-40b3-8fb1-6d5932270d9d/sm
2025-09-08 20:27:53,716 [grpc-default-executor-0] INFO  impl.SimpleStateMachineStorage (SimpleStateMachineStorage.java:loadLatestSnapshot(230)) - Latest snapshot is null in /home/runner/work/ratis/ratis/ratis-test/target/test/data/d6c3ea1c/MiniRaftClusterWithGrpcf715ded6/s3/5913e5d7-f0d0-40b3-8fb1-6d5932270d9d/sm
2025-09-08 20:27:53,718 [s4@group-6D5932270D9D->s5-GrpcLogAppender-LogAppenderDaemon] INFO  impl.SimpleStateMachineStorage (SimpleStateMachineStorage.java:loadLatestSnapshot(230)) - Latest snapshot is null in /home/runner/work/ratis/ratis/ratis-test/target/test/data/d6c3ea1c/MiniRaftClusterWithGrpcf715ded6/s4/5913e5d7-f0d0-40b3-8fb1-6d5932270d9d/sm
2025-09-08 20:27:53,718 [grpc-default-executor-0] INFO  impl.SimpleStateMachineStorage (SimpleStateMachineStorage.java:loadLatestSnapshot(230)) - Latest snapshot is null in /home/runner/work/ratis/ratis/ratis-test/target/test/data/d6c3ea1c/MiniRaftClusterWithGrpcf715ded6/s5/5913e5d7-f0d0-40b3-8fb1-6d5932270d9d/sm
2025-09-08 20:27:53,792 [s4@group-6D5932270D9D->s3-GrpcLogAppender-LogAppenderDaemon] INFO  impl.SimpleStateMachineStorage (SimpleStateMachineStorage.java:loadLatestSnapshot(230)) - Latest snapshot is null in /home/runner/work/ratis/ratis/ratis-test/target/test/data/d6c3ea1c/MiniRaftClusterWithGrpcf715ded6/s4/5913e5d7-f0d0-40b3-8fb1-6d5932270d9d/sm
2025-09-08 20:27:53,792 [grpc-default-executor-0] INFO  impl.SimpleStateMachineStorage (SimpleStateMachineStorage.java:loadLatestSnapshot(230)) - Latest snapshot is null in /home/runner/work/ratis/ratis/ratis-test/target/test/data/d6c3ea1c/MiniRaftClusterWithGrpcf715ded6/s3/5913e5d7-f0d0-40b3-8fb1-6d5932270d9d/sm
2025-09-08 20:27:53,795 [s4@group-6D5932270D9D->s5-GrpcLogAppender-LogAppenderDaemon] INFO  impl.SimpleStateMachineStorage (SimpleStateMachineStorage.java:loadLatestSnapshot(230)) - Latest snapshot is null in /home/runner/work/ratis/ratis/ratis-test/target/test/data/d6c3ea1c/MiniRaftClusterWithGrpcf715ded6/s4/5913e5d7-f0d0-40b3-8fb1-6d5932270d9d/sm
2025-09-08 20:27:53,795 [grpc-default-executor-0] INFO  impl.SimpleStateMachineStorage (SimpleStateMachineStorage.java:loadLatestSnapshot(230)) - Latest snapshot is null in /home/runner/work/ratis/ratis/ratis-test/target/test/data/d6c3ea1c/MiniRaftClusterWithGrpcf715ded6/s5/5913e5d7-f0d0-40b3-8fb1-6d5932270d9d/sm
2025-09-08 20:27:53,869 [s4@group-6D5932270D9D->s3-GrpcLogAppender-LogAppenderDaemon] INFO  impl.SimpleStateMachineStorage (SimpleStateMachineStorage.java:loadLatestSnapshot(230)) - Latest snapshot is null in /home/runner/work/ratis/ratis/ratis-test/target/test/data/d6c3ea1c/MiniRaftClusterWithGrpcf715ded6/s4/5913e5d7-f0d0-40b3-8fb1-6d5932270d9d/sm
2025-09-08 20:27:53,870 [grpc-default-executor-0] INFO  impl.SimpleStateMachineStorage (SimpleStateMachineStorage.java:loadLatestSnapshot(230)) - Latest snapshot is null in /home/runner/work/ratis/ratis/ratis-test/target/test/data/d6c3ea1c/MiniRaftClusterWithGrpcf715ded6/s3/5913e5d7-f0d0-40b3-8fb1-6d5932270d9d/sm
2025-09-08 20:27:53,871 [s4@group-6D5932270D9D->s5-GrpcLogAppender-LogAppenderDaemon] INFO  impl.SimpleStateMachineStorage (SimpleStateMachineStorage.java:loadLatestSnapshot(230)) - Latest snapshot is null in /home/runner/work/ratis/ratis/ratis-test/target/test/data/d6c3ea1c/MiniRaftClusterWithGrpcf715ded6/s4/5913e5d7-f0d0-40b3-8fb1-6d5932270d9d/sm
2025-09-08 20:27:53,871 [grpc-default-executor-0] INFO  impl.SimpleStateMachineStorage (SimpleStateMachineStorage.java:loadLatestSnapshot(230)) - Latest snapshot is null in /home/runner/work/ratis/ratis/ratis-test/target/test/data/d6c3ea1c/MiniRaftClusterWithGrpcf715ded6/s5/5913e5d7-f0d0-40b3-8fb1-6d5932270d9d/sm
2025-09-08 20:27:53,945 [s4@group-6D5932270D9D->s3-GrpcLogAppender-LogAppenderDaemon] INFO  impl.SimpleStateMachineStorage (SimpleStateMachineStorage.java:loadLatestSnapshot(230)) - Latest snapshot is null in /home/runner/work/ratis/ratis/ratis-test/target/test/data/d6c3ea1c/MiniRaftClusterWithGrpcf715ded6/s4/5913e5d7-f0d0-40b3-8fb1-6d5932270d9d/sm
2025-09-08 20:27:53,946 [grpc-default-executor-0] INFO  impl.SimpleStateMachineStorage (SimpleStateMachineStorage.java:loadLatestSnapshot(230)) - Latest snapshot is null in /home/runner/work/ratis/ratis/ratis-test/target/test/data/d6c3ea1c/MiniRaftClusterWithGrpcf715ded6/s3/5913e5d7-f0d0-40b3-8fb1-6d5932270d9d/sm
2025-09-08 20:27:53,947 [s4@group-6D5932270D9D->s5-GrpcLogAppender-LogAppenderDaemon] INFO  impl.SimpleStateMachineStorage (SimpleStateMachineStorage.java:loadLatestSnapshot(230)) - Latest snapshot is null in /home/runner/work/ratis/ratis/ratis-test/target/test/data/d6c3ea1c/MiniRaftClusterWithGrpcf715ded6/s4/5913e5d7-f0d0-40b3-8fb1-6d5932270d9d/sm
2025-09-08 20:27:53,947 [grpc-default-executor-0] INFO  impl.SimpleStateMachineStorage (SimpleStateMachineStorage.java:loadLatestSnapshot(230)) - Latest snapshot is null in /home/runner/work/ratis/ratis/ratis-test/target/test/data/d6c3ea1c/MiniRaftClusterWithGrpcf715ded6/s5/5913e5d7-f0d0-40b3-8fb1-6d5932270d9d/sm
2025-09-08 20:27:54,022 [s4@group-6D5932270D9D->s3-GrpcLogAppender-LogAppenderDaemon] INFO  impl.SimpleStateMachineStorage (SimpleStateMachineStorage.java:loadLatestSnapshot(230)) - Latest snapshot is null in /home/runner/work/ratis/ratis/ratis-test/target/test/data/d6c3ea1c/MiniRaftClusterWithGrpcf715ded6/s4/5913e5d7-f0d0-40b3-8fb1-6d5932270d9d/sm
2025-09-08 20:27:54,022 [grpc-default-executor-0] INFO  impl.SimpleStateMachineStorage (SimpleStateMachineStorage.java:loadLatestSnapshot(230)) - Latest snapshot is null in /home/runner/work/ratis/ratis/ratis-test/target/test/data/d6c3ea1c/MiniRaftClusterWithGrpcf715ded6/s3/5913e5d7-f0d0-40b3-8fb1-6d5932270d9d/sm
2025-09-08 20:27:54,023 [s4@group-6D5932270D9D->s5-GrpcLogAppender-LogAppenderDaemon] INFO  impl.SimpleStateMachineStorage (SimpleStateMachineStorage.java:loadLatestSnapshot(230)) - Latest snapshot is null in /home/runner/work/ratis/ratis/ratis-test/target/test/data/d6c3ea1c/MiniRaftClusterWithGrpcf715ded6/s4/5913e5d7-f0d0-40b3-8fb1-6d5932270d9d/sm
2025-09-08 20:27:54,023 [grpc-default-executor-0] INFO  impl.SimpleStateMachineStorage (SimpleStateMachineStorage.java:loadLatestSnapshot(230)) - Latest snapshot is null in /home/runner/work/ratis/ratis/ratis-test/target/test/data/d6c3ea1c/MiniRaftClusterWithGrpcf715ded6/s5/5913e5d7-f0d0-40b3-8fb1-6d5932270d9d/sm
2025-09-08 20:27:54,099 [s4@group-6D5932270D9D->s3-GrpcLogAppender-LogAppenderDaemon] INFO  impl.SimpleStateMachineStorage (SimpleStateMachineStorage.java:loadLatestSnapshot(230)) - Latest snapshot is null in /home/runner/work/ratis/ratis/ratis-test/target/test/data/d6c3ea1c/MiniRaftClusterWithGrpcf715ded6/s4/5913e5d7-f0d0-40b3-8fb1-6d5932270d9d/sm
2025-09-08 20:27:54,100 [grpc-default-executor-0] INFO  impl.SimpleStateMachineStorage (SimpleStateMachineStorage.java:loadLatestSnapshot(230)) - Latest snapshot is null in /home/runner/work/ratis/ratis/ratis-test/target/test/data/d6c3ea1c/MiniRaftClusterWithGrpcf715ded6/s3/5913e5d7-f0d0-40b3-8fb1-6d5932270d9d/sm
2025-09-08 20:27:54,100 [s4@group-6D5932270D9D->s5-GrpcLogAppender-LogAppenderDaemon] INFO  impl.SimpleStateMachineStorage (SimpleStateMachineStorage.java:loadLatestSnapshot(230)) - Latest snapshot is null in /home/runner/work/ratis/ratis/ratis-test/target/test/data/d6c3ea1c/MiniRaftClusterWithGrpcf715ded6/s4/5913e5d7-f0d0-40b3-8fb1-6d5932270d9d/sm
2025-09-08 20:27:54,101 [grpc-default-executor-12] INFO  impl.SimpleStateMachineStorage (SimpleStateMachineStorage.java:loadLatestSnapshot(230)) - Latest snapshot is null in /home/runner/work/ratis/ratis/ratis-test/target/test/data/d6c3ea1c/MiniRaftClusterWithGrpcf715ded6/s5/5913e5d7-f0d0-40b3-8fb1-6d5932270d9d/sm
2025-09-08 20:27:54,177 [s4@group-6D5932270D9D->s3-GrpcLogAppender-LogAppenderDaemon] INFO  impl.SimpleStateMachineStorage (SimpleStateMachineStorage.java:loadLatestSnapshot(230)) - Latest snapshot is null in /home/runner/work/ratis/ratis/ratis-test/target/test/data/d6c3ea1c/MiniRaftClusterWithGrpcf715ded6/s4/5913e5d7-f0d0-40b3-8fb1-6d5932270d9d/sm
2025-09-08 20:27:54,177 [s4@group-6D5932270D9D->s5-GrpcLogAppender-LogAppenderDaemon] INFO  impl.SimpleStateMachineStorage (SimpleStateMachineStorage.java:loadLatestSnapshot(230)) - Latest snapshot is null in /home/runner/work/ratis/ratis/ratis-test/target/test/data/d6c3ea1c/MiniRaftClusterWithGrpcf715ded6/s4/5913e5d7-f0d0-40b3-8fb1-6d5932270d9d/sm
2025-09-08 20:27:54,178 [grpc-default-executor-12] INFO  impl.SimpleStateMachineStorage (SimpleStateMachineStorage.java:loadLatestSnapshot(230)) - Latest snapshot is null in /home/runner/work/ratis/ratis/ratis-test/target/test/data/d6c3ea1c/MiniRaftClusterWithGrpcf715ded6/s3/5913e5d7-f0d0-40b3-8fb1-6d5932270d9d/sm
2025-09-08 20:27:54,178 [grpc-default-executor-0] INFO  impl.SimpleStateMachineStorage (SimpleStateMachineStorage.java:loadLatestSnapshot(230)) - Latest snapshot is null in /home/runner/work/ratis/ratis/ratis-test/target/test/data/d6c3ea1c/MiniRaftClusterWithGrpcf715ded6/s5/5913e5d7-f0d0-40b3-8fb1-6d5932270d9d/sm
2025-09-08 20:27:54,254 [s4@group-6D5932270D9D->s5-GrpcLogAppender-LogAppenderDaemon] INFO  impl.SimpleStateMachineStorage (SimpleStateMachineStorage.java:loadLatestSnapshot(230)) - Latest snapshot is null in /home/runner/work/ratis/ratis/ratis-test/target/test/data/d6c3ea1c/MiniRaftClusterWithGrpcf715ded6/s4/5913e5d7-f0d0-40b3-8fb1-6d5932270d9d/sm
2025-09-08 20:27:54,254 [s4@group-6D5932270D9D->s3-GrpcLogAppender-LogAppenderDaemon] INFO  impl.SimpleStateMachineStorage (SimpleStateMachineStorage.java:loadLatestSnapshot(230)) - Latest snapshot is null in /home/runner/work/ratis/ratis/ratis-test/target/test/data/d6c3ea1c/MiniRaftClusterWithGrpcf715ded6/s4/5913e5d7-f0d0-40b3-8fb1-6d5932270d9d/sm
2025-09-08 20:27:54,255 [grpc-default-executor-12] INFO  impl.SimpleStateMachineStorage (SimpleStateMachineStorage.java:loadLatestSnapshot(230)) - Latest snapshot is null in /home/runner/work/ratis/ratis/ratis-test/target/test/data/d6c3ea1c/MiniRaftClusterWithGrpcf715ded6/s5/5913e5d7-f0d0-40b3-8fb1-6d5932270d9d/sm
2025-09-08 20:27:54,255 [grpc-default-executor-0] INFO  impl.SimpleStateMachineStorage (SimpleStateMachineStorage.java:loadLatestSnapshot(230)) - Latest snapshot is null in /home/runner/work/ratis/ratis/ratis-test/target/test/data/d6c3ea1c/MiniRaftClusterWithGrpcf715ded6/s3/5913e5d7-f0d0-40b3-8fb1-6d5932270d9d/sm
2025-09-08 20:27:54,332 [s4@group-6D5932270D9D->s5-GrpcLogAppender-LogAppenderDaemon] INFO  impl.SimpleStateMachineStorage (SimpleStateMachineStorage.java:loadLatestSnapshot(230)) - Latest snapshot is null in /home/runner/work/ratis/ratis/ratis-test/target/test/data/d6c3ea1c/MiniRaftClusterWithGrpcf715ded6/s4/5913e5d7-f0d0-40b3-8fb1-6d5932270d9d/sm
2025-09-08 20:27:54,332 [s4@group-6D5932270D9D->s3-GrpcLogAppender-LogAppenderDaemon] INFO  impl.SimpleStateMachineStorage (SimpleStateMachineStorage.java:loadLatestSnapshot(230)) - Latest snapshot is null in /home/runner/work/ratis/ratis/ratis-test/target/test/data/d6c3ea1c/MiniRaftClusterWithGrpcf715ded6/s4/5913e5d7-f0d0-40b3-8fb1-6d5932270d9d/sm
2025-09-08 20:27:54,333 [grpc-default-executor-12] INFO  impl.SimpleStateMachineStorage (SimpleStateMachineStorage.java:loadLatestSnapshot(230)) - Latest snapshot is null in /home/runner/work/ratis/ratis/ratis-test/target/test/data/d6c3ea1c/MiniRaftClusterWithGrpcf715ded6/s3/5913e5d7-f0d0-40b3-8fb1-6d5932270d9d/sm
2025-09-08 20:27:54,333 [grpc-default-executor-0] INFO  impl.SimpleStateMachineStorage (SimpleStateMachineStorage.java:loadLatestSnapshot(230)) - Latest snapshot is null in /home/runner/work/ratis/ratis/ratis-test/target/test/data/d6c3ea1c/MiniRaftClusterWithGrpcf715ded6/s5/5913e5d7-f0d0-40b3-8fb1-6d5932270d9d/sm
2025-09-08 20:27:54,409 [s4@group-6D5932270D9D->s3-GrpcLogAppender-LogAppenderDaemon] INFO  impl.SimpleStateMachineStorage (SimpleStateMachineStorage.java:loadLatestSnapshot(230)) - Latest snapshot is null in /home/runner/work/ratis/ratis/ratis-test/target/test/data/d6c3ea1c/MiniRaftClusterWithGrpcf715ded6/s4/5913e5d7-f0d0-40b3-8fb1-6d5932270d9d/sm
2025-09-08 20:27:54,409 [grpc-default-executor-0] INFO  impl.SimpleStateMachineStorage (SimpleStateMachineStorage.java:loadLatestSnapshot(230)) - Latest snapshot is null in /home/runner/work/ratis/ratis/ratis-test/target/test/data/d6c3ea1c/MiniRaftClusterWithGrpcf715ded6/s3/5913e5d7-f0d0-40b3-8fb1-6d5932270d9d/sm
2025-09-08 20:27:54,410 [s4@group-6D5932270D9D->s5-GrpcLogAppender-LogAppenderDaemon] INFO  impl.SimpleStateMachineStorage (SimpleStateMachineStorage.java:loadLatestSnapshot(230)) - Latest snapshot is null in /home/runner/work/ratis/ratis/ratis-test/target/test/data/d6c3ea1c/MiniRaftClusterWithGrpcf715ded6/s4/5913e5d7-f0d0-40b3-8fb1-6d5932270d9d/sm
2025-09-08 20:27:54,410 [grpc-default-executor-0] INFO  impl.SimpleStateMachineStorage (SimpleStateMachineStorage.java:loadLatestSnapshot(230)) - Latest snapshot is null in /home/runner/work/ratis/ratis/ratis-test/target/test/data/d6c3ea1c/MiniRaftClusterWithGrpcf715ded6/s5/5913e5d7-f0d0-40b3-8fb1-6d5932270d9d/sm
2025-09-08 20:27:54,486 [s4@group-6D5932270D9D->s3-GrpcLogAppender-LogAppenderDaemon] INFO  impl.SimpleStateMachineStorage (SimpleStateMachineStorage.java:loadLatestSnapshot(230)) - Latest snapshot is null in /home/runner/work/ratis/ratis/ratis-test/target/test/data/d6c3ea1c/MiniRaftClusterWithGrpcf715ded6/s4/5913e5d7-f0d0-40b3-8fb1-6d5932270d9d/sm
2025-09-08 20:27:54,487 [grpc-default-executor-0] INFO  impl.SimpleStateMachineStorage (SimpleStateMachineStorage.java:loadLatestSnapshot(230)) - Latest snapshot is null in /home/runner/work/ratis/ratis/ratis-test/target/test/data/d6c3ea1c/MiniRaftClusterWithGrpcf715ded6/s3/5913e5d7-f0d0-40b3-8fb1-6d5932270d9d/sm
2025-09-08 20:27:54,487 [s4@group-6D5932270D9D->s5-GrpcLogAppender-LogAppenderDaemon] INFO  impl.SimpleStateMachineStorage (SimpleStateMachineStorage.java:loadLatestSnapshot(230)) - Latest snapshot is null in /home/runner/work/ratis/ratis/ratis-test/target/test/data/d6c3ea1c/MiniRaftClusterWithGrpcf715ded6/s4/5913e5d7-f0d0-40b3-8fb1-6d5932270d9d/sm
2025-09-08 20:27:54,487 [grpc-default-executor-0] INFO  impl.SimpleStateMachineStorage (SimpleStateMachineStorage.java:loadLatestSnapshot(230)) - Latest snapshot is null in /home/runner/work/ratis/ratis/ratis-test/target/test/data/d6c3ea1c/MiniRaftClusterWithGrpcf715ded6/s5/5913e5d7-f0d0-40b3-8fb1-6d5932270d9d/sm
2025-09-08 20:27:54,562 [s4@group-6D5932270D9D->s3-GrpcLogAppender-LogAppenderDaemon] INFO  impl.SimpleStateMachineStorage (SimpleStateMachineStorage.java:loadLatestSnapshot(230)) - Latest snapshot is null in /home/runner/work/ratis/ratis/ratis-test/target/test/data/d6c3ea1c/MiniRaftClusterWithGrpcf715ded6/s4/5913e5d7-f0d0-40b3-8fb1-6d5932270d9d/sm
2025-09-08 20:27:54,563 [grpc-default-executor-0] INFO  impl.SimpleStateMachineStorage (SimpleStateMachineStorage.java:loadLatestSnapshot(230)) - Latest snapshot is null in /home/runner/work/ratis/ratis/ratis-test/target/test/data/d6c3ea1c/MiniRaftClusterWithGrpcf715ded6/s3/5913e5d7-f0d0-40b3-8fb1-6d5932270d9d/sm
2025-09-08 20:27:54,564 [s4@group-6D5932270D9D->s5-GrpcLogAppender-LogAppenderDaemon] INFO  impl.SimpleStateMachineStorage (SimpleStateMachineStorage.java:loadLatestSnapshot(230)) - Latest snapshot is null in /home/runner/work/ratis/ratis/ratis-test/target/test/data/d6c3ea1c/MiniRaftClusterWithGrpcf715ded6/s4/5913e5d7-f0d0-40b3-8fb1-6d5932270d9d/sm
2025-09-08 20:27:54,565 [grpc-default-executor-0] INFO  impl.SimpleStateMachineStorage (SimpleStateMachineStorage.java:loadLatestSnapshot(230)) - Latest snapshot is null in /home/runner/work/ratis/ratis/ratis-test/target/test/data/d6c3ea1c/MiniRaftClusterWithGrpcf715ded6/s5/5913e5d7-f0d0-40b3-8fb1-6d5932270d9d/sm
2025-09-08 20:27:54,640 [s4@group-6D5932270D9D->s3-GrpcLogAppender-LogAppenderDaemon] INFO  impl.SimpleStateMachineStorage (SimpleStateMachineStorage.java:loadLatestSnapshot(230)) - Latest snapshot is null in /home/runner/work/ratis/ratis/ratis-test/target/test/data/d6c3ea1c/MiniRaftClusterWithGrpcf715ded6/s4/5913e5d7-f0d0-40b3-8fb1-6d5932270d9d/sm
2025-09-08 20:27:54,640 [grpc-default-executor-0] INFO  impl.SimpleStateMachineStorage (SimpleStateMachineStorage.java:loadLatestSnapshot(230)) - Latest snapshot is null in /home/runner/work/ratis/ratis/ratis-test/target/test/data/d6c3ea1c/MiniRaftClusterWithGrpcf715ded6/s3/5913e5d7-f0d0-40b3-8fb1-6d5932270d9d/sm
2025-09-08 20:27:54,640 [s4@group-6D5932270D9D->s5-GrpcLogAppender-LogAppenderDaemon] INFO  impl.SimpleStateMachineStorage (SimpleStateMachineStorage.java:loadLatestSnapshot(230)) - Latest snapshot is null in /home/runner/work/ratis/ratis/ratis-test/target/test/data/d6c3ea1c/MiniRaftClusterWithGrpcf715ded6/s4/5913e5d7-f0d0-40b3-8fb1-6d5932270d9d/sm
2025-09-08 20:27:54,641 [grpc-default-executor-0] INFO  impl.SimpleStateMachineStorage (SimpleStateMachineStorage.java:loadLatestSnapshot(230)) - Latest snapshot is null in /home/runner/work/ratis/ratis/ratis-test/target/test/data/d6c3ea1c/MiniRaftClusterWithGrpcf715ded6/s5/5913e5d7-f0d0-40b3-8fb1-6d5932270d9d/sm
2025-09-08 20:27:54,716 [s4@group-6D5932270D9D->s3-GrpcLogAppender-LogAppenderDaemon] INFO  impl.SimpleStateMachineStorage (SimpleStateMachineStorage.java:loadLatestSnapshot(230)) - Latest snapshot is null in /home/runner/work/ratis/ratis/ratis-test/target/test/data/d6c3ea1c/MiniRaftClusterWithGrpcf715ded6/s4/5913e5d7-f0d0-40b3-8fb1-6d5932270d9d/sm
2025-09-08 20:27:54,716 [grpc-default-executor-0] INFO  impl.SimpleStateMachineStorage (SimpleStateMachineStorage.java:loadLatestSnapshot(230)) - Latest snapshot is null in /home/runner/work/ratis/ratis/ratis-test/target/test/data/d6c3ea1c/MiniRaftClusterWithGrpcf715ded6/s3/5913e5d7-f0d0-40b3-8fb1-6d5932270d9d/sm
2025-09-08 20:27:54,716 [s4@group-6D5932270D9D->s5-GrpcLogAppender-LogAppenderDaemon] INFO  impl.SimpleStateMachineStorage (SimpleStateMachineStorage.java:loadLatestSnapshot(230)) - Latest snapshot is null in /home/runner/work/ratis/ratis/ratis-test/target/test/data/d6c3ea1c/MiniRaftClusterWithGrpcf715ded6/s4/5913e5d7-f0d0-40b3-8fb1-6d5932270d9d/sm
2025-09-08 20:27:54,717 [grpc-default-executor-0] INFO  impl.SimpleStateMachineStorage (SimpleStateMachineStorage.java:loadLatestSnapshot(230)) - Latest snapshot is null in /home/runner/work/ratis/ratis/ratis-test/target/test/data/d6c3ea1c/MiniRaftClusterWithGrpcf715ded6/s5/5913e5d7-f0d0-40b3-8fb1-6d5932270d9d/sm
2025-09-08 20:27:54,793 [s4@group-6D5932270D9D->s3-GrpcLogAppender-LogAppenderDaemon] INFO  impl.SimpleStateMachineStorage (SimpleStateMachineStorage.java:loadLatestSnapshot(230)) - Latest snapshot is null in /home/runner/work/ratis/ratis/ratis-test/target/test/data/d6c3ea1c/MiniRaftClusterWithGrpcf715ded6/s4/5913e5d7-f0d0-40b3-8fb1-6d5932270d9d/sm
2025-09-08 20:27:54,794 [s4@group-6D5932270D9D->s5-GrpcLogAppender-LogAppenderDaemon] INFO  impl.SimpleStateMachineStorage (SimpleStateMachineStorage.java:loadLatestSnapshot(230)) - Latest snapshot is null in /home/runner/work/ratis/ratis/ratis-test/target/test/data/d6c3ea1c/MiniRaftClusterWithGrpcf715ded6/s4/5913e5d7-f0d0-40b3-8fb1-6d5932270d9d/sm
2025-09-08 20:27:54,794 [grpc-default-executor-0] INFO  impl.SimpleStateMachineStorage (SimpleStateMachineStorage.java:loadLatestSnapshot(230)) - Latest snapshot is null in /home/runner/work/ratis/ratis/ratis-test/target/test/data/d6c3ea1c/MiniRaftClusterWithGrpcf715ded6/s5/5913e5d7-f0d0-40b3-8fb1-6d5932270d9d/sm
2025-09-08 20:27:54,794 [grpc-default-executor-12] INFO  impl.SimpleStateMachineStorage (SimpleStateMachineStorage.java:loadLatestSnapshot(230)) - Latest snapshot is null in /home/runner/work/ratis/ratis/ratis-test/target/test/data/d6c3ea1c/MiniRaftClusterWithGrpcf715ded6/s3/5913e5d7-f0d0-40b3-8fb1-6d5932270d9d/sm
2025-09-08 20:27:54,827 [Thread-314] WARN  grpc.GrpcUtil (GrpcUtil.java:shutdownManagedChannel(226)) - Timed out gracefully shutting down connection: ManagedChannelOrphanWrapper{delegate=ManagedChannelImpl{logId=405, target=localhost:15042}}. 
2025-09-08 20:27:54,871 [s4@group-6D5932270D9D->s3-GrpcLogAppender-LogAppenderDaemon] INFO  impl.SimpleStateMachineStorage (SimpleStateMachineStorage.java:loadLatestSnapshot(230)) - Latest snapshot is null in /home/runner/work/ratis/ratis/ratis-test/target/test/data/d6c3ea1c/MiniRaftClusterWithGrpcf715ded6/s4/5913e5d7-f0d0-40b3-8fb1-6d5932270d9d/sm
2025-09-08 20:27:54,871 [s4@group-6D5932270D9D->s5-GrpcLogAppender-LogAppenderDaemon] INFO  impl.SimpleStateMachineStorage (SimpleStateMachineStorage.java:loadLatestSnapshot(230)) - Latest snapshot is null in /home/runner/work/ratis/ratis/ratis-test/target/test/data/d6c3ea1c/MiniRaftClusterWithGrpcf715ded6/s4/5913e5d7-f0d0-40b3-8fb1-6d5932270d9d/sm
2025-09-08 20:27:54,872 [grpc-default-executor-12] INFO  impl.SimpleStateMachineStorage (SimpleStateMachineStorage.java:loadLatestSnapshot(230)) - Latest snapshot is null in /home/runner/work/ratis/ratis/ratis-test/target/test/data/d6c3ea1c/MiniRaftClusterWithGrpcf715ded6/s3/5913e5d7-f0d0-40b3-8fb1-6d5932270d9d/sm
2025-09-08 20:27:54,872 [grpc-default-executor-0] INFO  impl.SimpleStateMachineStorage (SimpleStateMachineStorage.java:loadLatestSnapshot(230)) - Latest snapshot is null in /home/runner/work/ratis/ratis/ratis-test/target/test/data/d6c3ea1c/MiniRaftClusterWithGrpcf715ded6/s5/5913e5d7-f0d0-40b3-8fb1-6d5932270d9d/sm
2025-09-08 20:27:54,949 [s4@group-6D5932270D9D->s3-GrpcLogAppender-LogAppenderDaemon] INFO  impl.SimpleStateMachineStorage (SimpleStateMachineStorage.java:loadLatestSnapshot(230)) - Latest snapshot is null in /home/runner/work/ratis/ratis/ratis-test/target/test/data/d6c3ea1c/MiniRaftClusterWithGrpcf715ded6/s4/5913e5d7-f0d0-40b3-8fb1-6d5932270d9d/sm
2025-09-08 20:27:54,949 [s4@group-6D5932270D9D->s5-GrpcLogAppender-LogAppenderDaemon] INFO  impl.SimpleStateMachineStorage (SimpleStateMachineStorage.java:loadLatestSnapshot(230)) - Latest snapshot is null in /home/runner/work/ratis/ratis/ratis-test/target/test/data/d6c3ea1c/MiniRaftClusterWithGrpcf715ded6/s4/5913e5d7-f0d0-40b3-8fb1-6d5932270d9d/sm
2025-09-08 20:27:54,950 [grpc-default-executor-12] INFO  impl.SimpleStateMachineStorage (SimpleStateMachineStorage.java:loadLatestSnapshot(230)) - Latest snapshot is null in /home/runner/work/ratis/ratis/ratis-test/target/test/data/d6c3ea1c/MiniRaftClusterWithGrpcf715ded6/s5/5913e5d7-f0d0-40b3-8fb1-6d5932270d9d/sm
2025-09-08 20:27:54,950 [grpc-default-executor-0] INFO  impl.SimpleStateMachineStorage (SimpleStateMachineStorage.java:loadLatestSnapshot(230)) - Latest snapshot is null in /home/runner/work/ratis/ratis/ratis-test/target/test/data/d6c3ea1c/MiniRaftClusterWithGrpcf715ded6/s3/5913e5d7-f0d0-40b3-8fb1-6d5932270d9d/sm
2025-09-08 20:27:55,026 [s4@group-6D5932270D9D->s3-GrpcLogAppender-LogAppenderDaemon] INFO  impl.SimpleStateMachineStorage (SimpleStateMachineStorage.java:loadLatestSnapshot(230)) - Latest snapshot is null in /home/runner/work/ratis/ratis/ratis-test/target/test/data/d6c3ea1c/MiniRaftClusterWithGrpcf715ded6/s4/5913e5d7-f0d0-40b3-8fb1-6d5932270d9d/sm
2025-09-08 20:27:55,026 [s4@group-6D5932270D9D->s5-GrpcLogAppender-LogAppenderDaemon] INFO  impl.SimpleStateMachineStorage (SimpleStateMachineStorage.java:loadLatestSnapshot(230)) - Latest snapshot is null in /home/runner/work/ratis/ratis/ratis-test/target/test/data/d6c3ea1c/MiniRaftClusterWithGrpcf715ded6/s4/5913e5d7-f0d0-40b3-8fb1-6d5932270d9d/sm
2025-09-08 20:27:55,027 [grpc-default-executor-0] INFO  impl.SimpleStateMachineStorage (SimpleStateMachineStorage.java:loadLatestSnapshot(230)) - Latest snapshot is null in /home/runner/work/ratis/ratis/ratis-test/target/test/data/d6c3ea1c/MiniRaftClusterWithGrpcf715ded6/s3/5913e5d7-f0d0-40b3-8fb1-6d5932270d9d/sm
2025-09-08 20:27:55,027 [grpc-default-executor-12] INFO  impl.SimpleStateMachineStorage (SimpleStateMachineStorage.java:loadLatestSnapshot(230)) - Latest snapshot is null in /home/runner/work/ratis/ratis/ratis-test/target/test/data/d6c3ea1c/MiniRaftClusterWithGrpcf715ded6/s5/5913e5d7-f0d0-40b3-8fb1-6d5932270d9d/sm
2025-09-08 20:27:55,102 [s4@group-6D5932270D9D->s3-GrpcLogAppender-LogAppenderDaemon] INFO  impl.SimpleStateMachineStorage (SimpleStateMachineStorage.java:loadLatestSnapshot(230)) - Latest snapshot is null in /home/runner/work/ratis/ratis/ratis-test/target/test/data/d6c3ea1c/MiniRaftClusterWithGrpcf715ded6/s4/5913e5d7-f0d0-40b3-8fb1-6d5932270d9d/sm
2025-09-08 20:27:55,102 [s4@group-6D5932270D9D->s5-GrpcLogAppender-LogAppenderDaemon] INFO  impl.SimpleStateMachineStorage (SimpleStateMachineStorage.java:loadLatestSnapshot(230)) - Latest snapshot is null in /home/runner/work/ratis/ratis/ratis-test/target/test/data/d6c3ea1c/MiniRaftClusterWithGrpcf715ded6/s4/5913e5d7-f0d0-40b3-8fb1-6d5932270d9d/sm
2025-09-08 20:27:55,103 [grpc-default-executor-12] INFO  impl.SimpleStateMachineStorage (SimpleStateMachineStorage.java:loadLatestSnapshot(230)) - Latest snapshot is null in /home/runner/work/ratis/ratis/ratis-test/target/test/data/d6c3ea1c/MiniRaftClusterWithGrpcf715ded6/s5/5913e5d7-f0d0-40b3-8fb1-6d5932270d9d/sm
2025-09-08 20:27:55,103 [grpc-default-executor-0] INFO  impl.SimpleStateMachineStorage (SimpleStateMachineStorage.java:loadLatestSnapshot(230)) - Latest snapshot is null in /home/runner/work/ratis/ratis/ratis-test/target/test/data/d6c3ea1c/MiniRaftClusterWithGrpcf715ded6/s3/5913e5d7-f0d0-40b3-8fb1-6d5932270d9d/sm
2025-09-08 20:27:55,179 [s4@group-6D5932270D9D->s5-GrpcLogAppender-LogAppenderDaemon] INFO  impl.SimpleStateMachineStorage (SimpleStateMachineStorage.java:loadLatestSnapshot(230)) - Latest snapshot is null in /home/runner/work/ratis/ratis/ratis-test/target/test/data/d6c3ea1c/MiniRaftClusterWithGrpcf715ded6/s4/5913e5d7-f0d0-40b3-8fb1-6d5932270d9d/sm
2025-09-08 20:27:55,180 [grpc-default-executor-0] INFO  impl.SimpleStateMachineStorage (SimpleStateMachineStorage.java:loadLatestSnapshot(230)) - Latest snapshot is null in /home/runner/work/ratis/ratis/ratis-test/target/test/data/d6c3ea1c/MiniRaftClusterWithGrpcf715ded6/s5/5913e5d7-f0d0-40b3-8fb1-6d5932270d9d/sm
2025-09-08 20:27:55,180 [s4@group-6D5932270D9D->s3-GrpcLogAppender-LogAppenderDaemon] INFO  impl.SimpleStateMachineStorage (SimpleStateMachineStorage.java:loadLatestSnapshot(230)) - Latest snapshot is null in /home/runner/work/ratis/ratis/ratis-test/target/test/data/d6c3ea1c/MiniRaftClusterWithGrpcf715ded6/s4/5913e5d7-f0d0-40b3-8fb1-6d5932270d9d/sm
2025-09-08 20:27:55,181 [grpc-default-executor-0] INFO  impl.SimpleStateMachineStorage (SimpleStateMachineStorage.java:loadLatestSnapshot(230)) - Latest snapshot is null in /home/runner/work/ratis/ratis/ratis-test/target/test/data/d6c3ea1c/MiniRaftClusterWithGrpcf715ded6/s3/5913e5d7-f0d0-40b3-8fb1-6d5932270d9d/sm
2025-09-08 20:27:55,255 [s4@group-6D5932270D9D->s5-GrpcLogAppender-LogAppenderDaemon] INFO  impl.SimpleStateMachineStorage (SimpleStateMachineStorage.java:loadLatestSnapshot(230)) - Latest snapshot is null in /home/runner/work/ratis/ratis/ratis-test/target/test/data/d6c3ea1c/MiniRaftClusterWithGrpcf715ded6/s4/5913e5d7-f0d0-40b3-8fb1-6d5932270d9d/sm
2025-09-08 20:27:55,256 [grpc-default-executor-0] INFO  impl.SimpleStateMachineStorage (SimpleStateMachineStorage.java:loadLatestSnapshot(230)) - Latest snapshot is null in /home/runner/work/ratis/ratis/ratis-test/target/test/data/d6c3ea1c/MiniRaftClusterWithGrpcf715ded6/s5/5913e5d7-f0d0-40b3-8fb1-6d5932270d9d/sm
2025-09-08 20:27:55,257 [s4@group-6D5932270D9D->s3-GrpcLogAppender-LogAppenderDaemon] INFO  impl.SimpleStateMachineStorage (SimpleStateMachineStorage.java:loadLatestSnapshot(230)) - Latest snapshot is null in /home/runner/work/ratis/ratis/ratis-test/target/test/data/d6c3ea1c/MiniRaftClusterWithGrpcf715ded6/s4/5913e5d7-f0d0-40b3-8fb1-6d5932270d9d/sm
2025-09-08 20:27:55,258 [grpc-default-executor-0] INFO  impl.SimpleStateMachineStorage (SimpleStateMachineStorage.java:loadLatestSnapshot(230)) - Latest snapshot is null in /home/runner/work/ratis/ratis/ratis-test/target/test/data/d6c3ea1c/MiniRaftClusterWithGrpcf715ded6/s3/5913e5d7-f0d0-40b3-8fb1-6d5932270d9d/sm
2025-09-08 20:27:55,333 [s4@group-6D5932270D9D->s5-GrpcLogAppender-LogAppenderDaemon] INFO  impl.SimpleStateMachineStorage (SimpleStateMachineStorage.java:loadLatestSnapshot(230)) - Latest snapshot is null in /home/runner/work/ratis/ratis/ratis-test/target/test/data/d6c3ea1c/MiniRaftClusterWithGrpcf715ded6/s4/5913e5d7-f0d0-40b3-8fb1-6d5932270d9d/sm
2025-09-08 20:27:55,333 [s4@group-6D5932270D9D->s3-GrpcLogAppender-LogAppenderDaemon] INFO  impl.SimpleStateMachineStorage (SimpleStateMachineStorage.java:loadLatestSnapshot(230)) - Latest snapshot is null in /home/runner/work/ratis/ratis/ratis-test/target/test/data/d6c3ea1c/MiniRaftClusterWithGrpcf715ded6/s4/5913e5d7-f0d0-40b3-8fb1-6d5932270d9d/sm
2025-09-08 20:27:55,334 [grpc-default-executor-0] INFO  impl.SimpleStateMachineStorage (SimpleStateMachineStorage.java:loadLatestSnapshot(230)) - Latest snapshot is null in /home/runner/work/ratis/ratis/ratis-test/target/test/data/d6c3ea1c/MiniRaftClusterWithGrpcf715ded6/s5/5913e5d7-f0d0-40b3-8fb1-6d5932270d9d/sm
2025-09-08 20:27:55,334 [grpc-default-executor-0] INFO  impl.SimpleStateMachineStorage (SimpleStateMachineStorage.java:loadLatestSnapshot(230)) - Latest snapshot is null in /home/runner/work/ratis/ratis/ratis-test/target/test/data/d6c3ea1c/MiniRaftClusterWithGrpcf715ded6/s3/5913e5d7-f0d0-40b3-8fb1-6d5932270d9d/sm
2025-09-08 20:27:55,410 [s4@group-6D5932270D9D->s5-GrpcLogAppender-LogAppenderDaemon] INFO  impl.SimpleStateMachineStorage (SimpleStateMachineStorage.java:loadLatestSnapshot(230)) - Latest snapshot is null in /home/runner/work/ratis/ratis/ratis-test/target/test/data/d6c3ea1c/MiniRaftClusterWithGrpcf715ded6/s4/5913e5d7-f0d0-40b3-8fb1-6d5932270d9d/sm
2025-09-08 20:27:55,410 [s4@group-6D5932270D9D->s3-GrpcLogAppender-LogAppenderDaemon] INFO  impl.SimpleStateMachineStorage (SimpleStateMachineStorage.java:loadLatestSnapshot(230)) - Latest snapshot is null in /home/runner/work/ratis/ratis/ratis-test/target/test/data/d6c3ea1c/MiniRaftClusterWithGrpcf715ded6/s4/5913e5d7-f0d0-40b3-8fb1-6d5932270d9d/sm
2025-09-08 20:27:55,411 [grpc-default-executor-0] INFO  impl.SimpleStateMachineStorage (SimpleStateMachineStorage.java:loadLatestSnapshot(230)) - Latest snapshot is null in /home/runner/work/ratis/ratis/ratis-test/target/test/data/d6c3ea1c/MiniRaftClusterWithGrpcf715ded6/s3/5913e5d7-f0d0-40b3-8fb1-6d5932270d9d/sm
2025-09-08 20:27:55,411 [grpc-default-executor-12] INFO  impl.SimpleStateMachineStorage (SimpleStateMachineStorage.java:loadLatestSnapshot(230)) - Latest snapshot is null in /home/runner/work/ratis/ratis/ratis-test/target/test/data/d6c3ea1c/MiniRaftClusterWithGrpcf715ded6/s5/5913e5d7-f0d0-40b3-8fb1-6d5932270d9d/sm
2025-09-08 20:27:55,486 [s4@group-6D5932270D9D->s3-GrpcLogAppender-LogAppenderDaemon] INFO  impl.SimpleStateMachineStorage (SimpleStateMachineStorage.java:loadLatestSnapshot(230)) - Latest snapshot is null in /home/runner/work/ratis/ratis/ratis-test/target/test/data/d6c3ea1c/MiniRaftClusterWithGrpcf715ded6/s4/5913e5d7-f0d0-40b3-8fb1-6d5932270d9d/sm
2025-09-08 20:27:55,486 [s4@group-6D5932270D9D->s5-GrpcLogAppender-LogAppenderDaemon] INFO  impl.SimpleStateMachineStorage (SimpleStateMachineStorage.java:loadLatestSnapshot(230)) - Latest snapshot is null in /home/runner/work/ratis/ratis/ratis-test/target/test/data/d6c3ea1c/MiniRaftClusterWithGrpcf715ded6/s4/5913e5d7-f0d0-40b3-8fb1-6d5932270d9d/sm
2025-09-08 20:27:55,487 [grpc-default-executor-0] INFO  impl.SimpleStateMachineStorage (SimpleStateMachineStorage.java:loadLatestSnapshot(230)) - Latest snapshot is null in /home/runner/work/ratis/ratis/ratis-test/target/test/data/d6c3ea1c/MiniRaftClusterWithGrpcf715ded6/s3/5913e5d7-f0d0-40b3-8fb1-6d5932270d9d/sm
2025-09-08 20:27:55,487 [grpc-default-executor-12] INFO  impl.SimpleStateMachineStorage (SimpleStateMachineStorage.java:loadLatestSnapshot(230)) - Latest snapshot is null in /home/runner/work/ratis/ratis/ratis-test/target/test/data/d6c3ea1c/MiniRaftClusterWithGrpcf715ded6/s5/5913e5d7-f0d0-40b3-8fb1-6d5932270d9d/sm
2025-09-08 20:27:55,564 [s4@group-6D5932270D9D->s3-GrpcLogAppender-LogAppenderDaemon] INFO  impl.SimpleStateMachineStorage (SimpleStateMachineStorage.java:loadLatestSnapshot(230)) - Latest snapshot is null in /home/runner/work/ratis/ratis/ratis-test/target/test/data/d6c3ea1c/MiniRaftClusterWithGrpcf715ded6/s4/5913e5d7-f0d0-40b3-8fb1-6d5932270d9d/sm
2025-09-08 20:27:55,564 [s4@group-6D5932270D9D->s5-GrpcLogAppender-LogAppenderDaemon] INFO  impl.SimpleStateMachineStorage (SimpleStateMachineStorage.java:loadLatestSnapshot(230)) - Latest snapshot is null in /home/runner/work/ratis/ratis/ratis-test/target/test/data/d6c3ea1c/MiniRaftClusterWithGrpcf715ded6/s4/5913e5d7-f0d0-40b3-8fb1-6d5932270d9d/sm
2025-09-08 20:27:55,564 [grpc-default-executor-12] INFO  impl.SimpleStateMachineStorage (SimpleStateMachineStorage.java:loadLatestSnapshot(230)) - Latest snapshot is null in /home/runner/work/ratis/ratis/ratis-test/target/test/data/d6c3ea1c/MiniRaftClusterWithGrpcf715ded6/s3/5913e5d7-f0d0-40b3-8fb1-6d5932270d9d/sm
2025-09-08 20:27:55,564 [grpc-default-executor-0] INFO  impl.SimpleStateMachineStorage (SimpleStateMachineStorage.java:loadLatestSnapshot(230)) - Latest snapshot is null in /home/runner/work/ratis/ratis/ratis-test/target/test/data/d6c3ea1c/MiniRaftClusterWithGrpcf715ded6/s5/5913e5d7-f0d0-40b3-8fb1-6d5932270d9d/sm
2025-09-08 20:27:55,640 [s4@group-6D5932270D9D->s5-GrpcLogAppender-LogAppenderDaemon] INFO  impl.SimpleStateMachineStorage (SimpleStateMachineStorage.java:loadLatestSnapshot(230)) - Latest snapshot is null in /home/runner/work/ratis/ratis/ratis-test/target/test/data/d6c3ea1c/MiniRaftClusterWithGrpcf715ded6/s4/5913e5d7-f0d0-40b3-8fb1-6d5932270d9d/sm
2025-09-08 20:27:55,641 [grpc-default-executor-12] INFO  impl.SimpleStateMachineStorage (SimpleStateMachineStorage.java:loadLatestSnapshot(230)) - Latest snapshot is null in /home/runner/work/ratis/ratis/ratis-test/target/test/data/d6c3ea1c/MiniRaftClusterWithGrpcf715ded6/s5/5913e5d7-f0d0-40b3-8fb1-6d5932270d9d/sm
2025-09-08 20:27:55,641 [s4@group-6D5932270D9D->s3-GrpcLogAppender-LogAppenderDaemon] INFO  impl.SimpleStateMachineStorage (SimpleStateMachineStorage.java:loadLatestSnapshot(230)) - Latest snapshot is null in /home/runner/work/ratis/ratis/ratis-test/target/test/data/d6c3ea1c/MiniRaftClusterWithGrpcf715ded6/s4/5913e5d7-f0d0-40b3-8fb1-6d5932270d9d/sm
2025-09-08 20:27:55,642 [grpc-default-executor-12] INFO  impl.SimpleStateMachineStorage (SimpleStateMachineStorage.java:loadLatestSnapshot(230)) - Latest snapshot is null in /home/runner/work/ratis/ratis/ratis-test/target/test/data/d6c3ea1c/MiniRaftClusterWithGrpcf715ded6/s3/5913e5d7-f0d0-40b3-8fb1-6d5932270d9d/sm
2025-09-08 20:27:55,717 [s4@group-6D5932270D9D->s5-GrpcLogAppender-LogAppenderDaemon] INFO  impl.SimpleStateMachineStorage (SimpleStateMachineStorage.java:loadLatestSnapshot(230)) - Latest snapshot is null in /home/runner/work/ratis/ratis/ratis-test/target/test/data/d6c3ea1c/MiniRaftClusterWithGrpcf715ded6/s4/5913e5d7-f0d0-40b3-8fb1-6d5932270d9d/sm
2025-09-08 20:27:55,717 [grpc-default-executor-12] INFO  impl.SimpleStateMachineStorage (SimpleStateMachineStorage.java:loadLatestSnapshot(230)) - Latest snapshot is null in /home/runner/work/ratis/ratis/ratis-test/target/test/data/d6c3ea1c/MiniRaftClusterWithGrpcf715ded6/s5/5913e5d7-f0d0-40b3-8fb1-6d5932270d9d/sm
2025-09-08 20:27:55,718 [s4@group-6D5932270D9D->s3-GrpcLogAppender-LogAppenderDaemon] INFO  impl.SimpleStateMachineStorage (SimpleStateMachineStorage.java:loadLatestSnapshot(230)) - Latest snapshot is null in /home/runner/work/ratis/ratis/ratis-test/target/test/data/d6c3ea1c/MiniRaftClusterWithGrpcf715ded6/s4/5913e5d7-f0d0-40b3-8fb1-6d5932270d9d/sm
2025-09-08 20:27:55,719 [grpc-default-executor-12] INFO  impl.SimpleStateMachineStorage (SimpleStateMachineStorage.java:loadLatestSnapshot(230)) - Latest snapshot is null in /home/runner/work/ratis/ratis/ratis-test/target/test/data/d6c3ea1c/MiniRaftClusterWithGrpcf715ded6/s3/5913e5d7-f0d0-40b3-8fb1-6d5932270d9d/sm
2025-09-08 20:27:55,793 [s4@group-6D5932270D9D->s5-GrpcLogAppender-LogAppenderDaemon] INFO  impl.SimpleStateMachineStorage (SimpleStateMachineStorage.java:loadLatestSnapshot(230)) - Latest snapshot is null in /home/runner/work/ratis/ratis/ratis-test/target/test/data/d6c3ea1c/MiniRaftClusterWithGrpcf715ded6/s4/5913e5d7-f0d0-40b3-8fb1-6d5932270d9d/sm
2025-09-08 20:27:55,794 [grpc-default-executor-12] INFO  impl.SimpleStateMachineStorage (SimpleStateMachineStorage.java:loadLatestSnapshot(230)) - Latest snapshot is null in /home/runner/work/ratis/ratis/ratis-test/target/test/data/d6c3ea1c/MiniRaftClusterWithGrpcf715ded6/s5/5913e5d7-f0d0-40b3-8fb1-6d5932270d9d/sm
2025-09-08 20:27:55,795 [s4@group-6D5932270D9D->s3-GrpcLogAppender-LogAppenderDaemon] INFO  impl.SimpleStateMachineStorage (SimpleStateMachineStorage.java:loadLatestSnapshot(230)) - Latest snapshot is null in /home/runner/work/ratis/ratis/ratis-test/target/test/data/d6c3ea1c/MiniRaftClusterWithGrpcf715ded6/s4/5913e5d7-f0d0-40b3-8fb1-6d5932270d9d/sm
2025-09-08 20:27:55,795 [grpc-default-executor-12] INFO  impl.SimpleStateMachineStorage (SimpleStateMachineStorage.java:loadLatestSnapshot(230)) - Latest snapshot is null in /home/runner/work/ratis/ratis/ratis-test/target/test/data/d6c3ea1c/MiniRaftClusterWithGrpcf715ded6/s3/5913e5d7-f0d0-40b3-8fb1-6d5932270d9d/sm
2025-09-08 20:27:55,869 [s4@group-6D5932270D9D->s5-GrpcLogAppender-LogAppenderDaemon] INFO  impl.SimpleStateMachineStorage (SimpleStateMachineStorage.java:loadLatestSnapshot(230)) - Latest snapshot is null in /home/runner/work/ratis/ratis/ratis-test/target/test/data/d6c3ea1c/MiniRaftClusterWithGrpcf715ded6/s4/5913e5d7-f0d0-40b3-8fb1-6d5932270d9d/sm
2025-09-08 20:27:55,870 [grpc-default-executor-12] INFO  impl.SimpleStateMachineStorage (SimpleStateMachineStorage.java:loadLatestSnapshot(230)) - Latest snapshot is null in /home/runner/work/ratis/ratis/ratis-test/target/test/data/d6c3ea1c/MiniRaftClusterWithGrpcf715ded6/s5/5913e5d7-f0d0-40b3-8fb1-6d5932270d9d/sm
2025-09-08 20:27:55,871 [s4@group-6D5932270D9D->s3-GrpcLogAppender-LogAppenderDaemon] INFO  impl.SimpleStateMachineStorage (SimpleStateMachineStorage.java:loadLatestSnapshot(230)) - Latest snapshot is null in /home/runner/work/ratis/ratis/ratis-test/target/test/data/d6c3ea1c/MiniRaftClusterWithGrpcf715ded6/s4/5913e5d7-f0d0-40b3-8fb1-6d5932270d9d/sm
2025-09-08 20:27:55,871 [grpc-default-executor-12] INFO  impl.SimpleStateMachineStorage (SimpleStateMachineStorage.java:loadLatestSnapshot(230)) - Latest snapshot is null in /home/runner/work/ratis/ratis/ratis-test/target/test/data/d6c3ea1c/MiniRaftClusterWithGrpcf715ded6/s3/5913e5d7-f0d0-40b3-8fb1-6d5932270d9d/sm
2025-09-08 20:27:55,945 [s4@group-6D5932270D9D->s5-GrpcLogAppender-LogAppenderDaemon] INFO  impl.SimpleStateMachineStorage (SimpleStateMachineStorage.java:loadLatestSnapshot(230)) - Latest snapshot is null in /home/runner/work/ratis/ratis/ratis-test/target/test/data/d6c3ea1c/MiniRaftClusterWithGrpcf715ded6/s4/5913e5d7-f0d0-40b3-8fb1-6d5932270d9d/sm
2025-09-08 20:27:55,946 [grpc-default-executor-12] INFO  impl.SimpleStateMachineStorage (SimpleStateMachineStorage.java:loadLatestSnapshot(230)) - Latest snapshot is null in /home/runner/work/ratis/ratis/ratis-test/target/test/data/d6c3ea1c/MiniRaftClusterWithGrpcf715ded6/s5/5913e5d7-f0d0-40b3-8fb1-6d5932270d9d/sm
2025-09-08 20:27:55,947 [s4@group-6D5932270D9D->s3-GrpcLogAppender-LogAppenderDaemon] INFO  impl.SimpleStateMachineStorage (SimpleStateMachineStorage.java:loadLatestSnapshot(230)) - Latest snapshot is null in /home/runner/work/ratis/ratis/ratis-test/target/test/data/d6c3ea1c/MiniRaftClusterWithGrpcf715ded6/s4/5913e5d7-f0d0-40b3-8fb1-6d5932270d9d/sm
2025-09-08 20:27:55,947 [grpc-default-executor-12] INFO  impl.SimpleStateMachineStorage (SimpleStateMachineStorage.java:loadLatestSnapshot(230)) - Latest snapshot is null in /home/runner/work/ratis/ratis/ratis-test/target/test/data/d6c3ea1c/MiniRaftClusterWithGrpcf715ded6/s3/5913e5d7-f0d0-40b3-8fb1-6d5932270d9d/sm
2025-09-08 20:27:56,022 [s4@group-6D5932270D9D->s5-GrpcLogAppender-LogAppenderDaemon] INFO  impl.SimpleStateMachineStorage (SimpleStateMachineStorage.java:loadLatestSnapshot(230)) - Latest snapshot is null in /home/runner/work/ratis/ratis/ratis-test/target/test/data/d6c3ea1c/MiniRaftClusterWithGrpcf715ded6/s4/5913e5d7-f0d0-40b3-8fb1-6d5932270d9d/sm
2025-09-08 20:27:56,023 [grpc-default-executor-12] INFO  impl.SimpleStateMachineStorage (SimpleStateMachineStorage.java:loadLatestSnapshot(230)) - Latest snapshot is null in /home/runner/work/ratis/ratis/ratis-test/target/test/data/d6c3ea1c/MiniRaftClusterWithGrpcf715ded6/s5/5913e5d7-f0d0-40b3-8fb1-6d5932270d9d/sm
2025-09-08 20:27:56,023 [s4@group-6D5932270D9D->s3-GrpcLogAppender-LogAppenderDaemon] INFO  impl.SimpleStateMachineStorage (SimpleStateMachineStorage.java:loadLatestSnapshot(230)) - Latest snapshot is null in /home/runner/work/ratis/ratis/ratis-test/target/test/data/d6c3ea1c/MiniRaftClusterWithGrpcf715ded6/s4/5913e5d7-f0d0-40b3-8fb1-6d5932270d9d/sm
2025-09-08 20:27:56,024 [grpc-default-executor-12] INFO  impl.SimpleStateMachineStorage (SimpleStateMachineStorage.java:loadLatestSnapshot(230)) - Latest snapshot is null in /home/runner/work/ratis/ratis/ratis-test/target/test/data/d6c3ea1c/MiniRaftClusterWithGrpcf715ded6/s3/5913e5d7-f0d0-40b3-8fb1-6d5932270d9d/sm
2025-09-08 20:27:56,099 [s4@group-6D5932270D9D->s5-GrpcLogAppender-LogAppenderDaemon] INFO  impl.SimpleStateMachineStorage (SimpleStateMachineStorage.java:loadLatestSnapshot(230)) - Latest snapshot is null in /home/runner/work/ratis/ratis/ratis-test/target/test/data/d6c3ea1c/MiniRaftClusterWithGrpcf715ded6/s4/5913e5d7-f0d0-40b3-8fb1-6d5932270d9d/sm
2025-09-08 20:27:56,100 [grpc-default-executor-12] INFO  impl.SimpleStateMachineStorage (SimpleStateMachineStorage.java:loadLatestSnapshot(230)) - Latest snapshot is null in /home/runner/work/ratis/ratis/ratis-test/target/test/data/d6c3ea1c/MiniRaftClusterWithGrpcf715ded6/s5/5913e5d7-f0d0-40b3-8fb1-6d5932270d9d/sm
2025-09-08 20:27:56,100 [s4@group-6D5932270D9D->s3-GrpcLogAppender-LogAppenderDaemon] INFO  impl.SimpleStateMachineStorage (SimpleStateMachineStorage.java:loadLatestSnapshot(230)) - Latest snapshot is null in /home/runner/work/ratis/ratis/ratis-test/target/test/data/d6c3ea1c/MiniRaftClusterWithGrpcf715ded6/s4/5913e5d7-f0d0-40b3-8fb1-6d5932270d9d/sm
2025-09-08 20:27:56,101 [grpc-default-executor-12] INFO  impl.SimpleStateMachineStorage (SimpleStateMachineStorage.java:loadLatestSnapshot(230)) - Latest snapshot is null in /home/runner/work/ratis/ratis/ratis-test/target/test/data/d6c3ea1c/MiniRaftClusterWithGrpcf715ded6/s3/5913e5d7-f0d0-40b3-8fb1-6d5932270d9d/sm
2025-09-08 20:27:56,175 [s4@group-6D5932270D9D->s5-GrpcLogAppender-LogAppenderDaemon] INFO  impl.SimpleStateMachineStorage (SimpleStateMachineStorage.java:loadLatestSnapshot(230)) - Latest snapshot is null in /home/runner/work/ratis/ratis/ratis-test/target/test/data/d6c3ea1c/MiniRaftClusterWithGrpcf715ded6/s4/5913e5d7-f0d0-40b3-8fb1-6d5932270d9d/sm
2025-09-08 20:27:56,176 [grpc-default-executor-12] INFO  impl.SimpleStateMachineStorage (SimpleStateMachineStorage.java:loadLatestSnapshot(230)) - Latest snapshot is null in /home/runner/work/ratis/ratis/ratis-test/target/test/data/d6c3ea1c/MiniRaftClusterWithGrpcf715ded6/s5/5913e5d7-f0d0-40b3-8fb1-6d5932270d9d/sm
2025-09-08 20:27:56,176 [s4@group-6D5932270D9D->s3-GrpcLogAppender-LogAppenderDaemon] INFO  impl.SimpleStateMachineStorage (SimpleStateMachineStorage.java:loadLatestSnapshot(230)) - Latest snapshot is null in /home/runner/work/ratis/ratis/ratis-test/target/test/data/d6c3ea1c/MiniRaftClusterWithGrpcf715ded6/s4/5913e5d7-f0d0-40b3-8fb1-6d5932270d9d/sm
2025-09-08 20:27:56,177 [grpc-default-executor-12] INFO  impl.SimpleStateMachineStorage (SimpleStateMachineStorage.java:loadLatestSnapshot(230)) - Latest snapshot is null in /home/runner/work/ratis/ratis/ratis-test/target/test/data/d6c3ea1c/MiniRaftClusterWithGrpcf715ded6/s3/5913e5d7-f0d0-40b3-8fb1-6d5932270d9d/sm
2025-09-08 20:27:56,252 [s4@group-6D5932270D9D->s3-GrpcLogAppender-LogAppenderDaemon] INFO  impl.SimpleStateMachineStorage (SimpleStateMachineStorage.java:loadLatestSnapshot(230)) - Latest snapshot is null in /home/runner/work/ratis/ratis/ratis-test/target/test/data/d6c3ea1c/MiniRaftClusterWithGrpcf715ded6/s4/5913e5d7-f0d0-40b3-8fb1-6d5932270d9d/sm
2025-09-08 20:27:56,252 [s4@group-6D5932270D9D->s5-GrpcLogAppender-LogAppenderDaemon] INFO  impl.SimpleStateMachineStorage (SimpleStateMachineStorage.java:loadLatestSnapshot(230)) - Latest snapshot is null in /home/runner/work/ratis/ratis/ratis-test/target/test/data/d6c3ea1c/MiniRaftClusterWithGrpcf715ded6/s4/5913e5d7-f0d0-40b3-8fb1-6d5932270d9d/sm
2025-09-08 20:27:56,254 [grpc-default-executor-0] INFO  impl.SimpleStateMachineStorage (SimpleStateMachineStorage.java:loadLatestSnapshot(230)) - Latest snapshot is null in /home/runner/work/ratis/ratis/ratis-test/target/test/data/d6c3ea1c/MiniRaftClusterWithGrpcf715ded6/s5/5913e5d7-f0d0-40b3-8fb1-6d5932270d9d/sm
2025-09-08 20:27:56,254 [grpc-default-executor-12] INFO  impl.SimpleStateMachineStorage (SimpleStateMachineStorage.java:loadLatestSnapshot(230)) - Latest snapshot is null in /home/runner/work/ratis/ratis/ratis-test/target/test/data/d6c3ea1c/MiniRaftClusterWithGrpcf715ded6/s3/5913e5d7-f0d0-40b3-8fb1-6d5932270d9d/sm
2025-09-08 20:27:56,329 [s4@group-6D5932270D9D->s3-GrpcLogAppender-LogAppenderDaemon] INFO  impl.SimpleStateMachineStorage (SimpleStateMachineStorage.java:loadLatestSnapshot(230)) - Latest snapshot is null in /home/runner/work/ratis/ratis/ratis-test/target/test/data/d6c3ea1c/MiniRaftClusterWithGrpcf715ded6/s4/5913e5d7-f0d0-40b3-8fb1-6d5932270d9d/sm
2025-09-08 20:27:56,330 [s4@group-6D5932270D9D->s5-GrpcLogAppender-LogAppenderDaemon] INFO  impl.SimpleStateMachineStorage (SimpleStateMachineStorage.java:loadLatestSnapshot(230)) - Latest snapshot is null in /home/runner/work/ratis/ratis/ratis-test/target/test/data/d6c3ea1c/MiniRaftClusterWithGrpcf715ded6/s4/5913e5d7-f0d0-40b3-8fb1-6d5932270d9d/sm
2025-09-08 20:27:56,330 [grpc-default-executor-0] INFO  impl.SimpleStateMachineStorage (SimpleStateMachineStorage.java:loadLatestSnapshot(230)) - Latest snapshot is null in /home/runner/work/ratis/ratis/ratis-test/target/test/data/d6c3ea1c/MiniRaftClusterWithGrpcf715ded6/s3/5913e5d7-f0d0-40b3-8fb1-6d5932270d9d/sm
2025-09-08 20:27:56,331 [grpc-default-executor-0] INFO  impl.SimpleStateMachineStorage (SimpleStateMachineStorage.java:loadLatestSnapshot(230)) - Latest snapshot is null in /home/runner/work/ratis/ratis/ratis-test/target/test/data/d6c3ea1c/MiniRaftClusterWithGrpcf715ded6/s5/5913e5d7-f0d0-40b3-8fb1-6d5932270d9d/sm
2025-09-08 20:27:56,407 [s4@group-6D5932270D9D->s3-GrpcLogAppender-LogAppenderDaemon] INFO  impl.SimpleStateMachineStorage (SimpleStateMachineStorage.java:loadLatestSnapshot(230)) - Latest snapshot is null in /home/runner/work/ratis/ratis/ratis-test/target/test/data/d6c3ea1c/MiniRaftClusterWithGrpcf715ded6/s4/5913e5d7-f0d0-40b3-8fb1-6d5932270d9d/sm
2025-09-08 20:27:56,407 [s4@group-6D5932270D9D->s5-GrpcLogAppender-LogAppenderDaemon] INFO  impl.SimpleStateMachineStorage (SimpleStateMachineStorage.java:loadLatestSnapshot(230)) - Latest snapshot is null in /home/runner/work/ratis/ratis/ratis-test/target/test/data/d6c3ea1c/MiniRaftClusterWithGrpcf715ded6/s4/5913e5d7-f0d0-40b3-8fb1-6d5932270d9d/sm
2025-09-08 20:27:56,408 [grpc-default-executor-12] INFO  impl.SimpleStateMachineStorage (SimpleStateMachineStorage.java:loadLatestSnapshot(230)) - Latest snapshot is null in /home/runner/work/ratis/ratis/ratis-test/target/test/data/d6c3ea1c/MiniRaftClusterWithGrpcf715ded6/s5/5913e5d7-f0d0-40b3-8fb1-6d5932270d9d/sm
2025-09-08 20:27:56,408 [grpc-default-executor-0] INFO  impl.SimpleStateMachineStorage (SimpleStateMachineStorage.java:loadLatestSnapshot(230)) - Latest snapshot is null in /home/runner/work/ratis/ratis/ratis-test/target/test/data/d6c3ea1c/MiniRaftClusterWithGrpcf715ded6/s3/5913e5d7-f0d0-40b3-8fb1-6d5932270d9d/sm
2025-09-08 20:27:56,484 [s4@group-6D5932270D9D->s5-GrpcLogAppender-LogAppenderDaemon] INFO  impl.SimpleStateMachineStorage (SimpleStateMachineStorage.java:loadLatestSnapshot(230)) - Latest snapshot is null in /home/runner/work/ratis/ratis/ratis-test/target/test/data/d6c3ea1c/MiniRaftClusterWithGrpcf715ded6/s4/5913e5d7-f0d0-40b3-8fb1-6d5932270d9d/sm
2025-09-08 20:27:56,484 [s4@group-6D5932270D9D->s3-GrpcLogAppender-LogAppenderDaemon] INFO  impl.SimpleStateMachineStorage (SimpleStateMachineStorage.java:loadLatestSnapshot(230)) - Latest snapshot is null in /home/runner/work/ratis/ratis/ratis-test/target/test/data/d6c3ea1c/MiniRaftClusterWithGrpcf715ded6/s4/5913e5d7-f0d0-40b3-8fb1-6d5932270d9d/sm
2025-09-08 20:27:56,485 [grpc-default-executor-12] INFO  impl.SimpleStateMachineStorage (SimpleStateMachineStorage.java:loadLatestSnapshot(230)) - Latest snapshot is null in /home/runner/work/ratis/ratis/ratis-test/target/test/data/d6c3ea1c/MiniRaftClusterWithGrpcf715ded6/s5/5913e5d7-f0d0-40b3-8fb1-6d5932270d9d/sm
2025-09-08 20:27:56,485 [grpc-default-executor-0] INFO  impl.SimpleStateMachineStorage (SimpleStateMachineStorage.java:loadLatestSnapshot(230)) - Latest snapshot is null in /home/runner/work/ratis/ratis/ratis-test/target/test/data/d6c3ea1c/MiniRaftClusterWithGrpcf715ded6/s3/5913e5d7-f0d0-40b3-8fb1-6d5932270d9d/sm
2025-09-08 20:27:56,561 [s4@group-6D5932270D9D->s5-GrpcLogAppender-LogAppenderDaemon] INFO  impl.SimpleStateMachineStorage (SimpleStateMachineStorage.java:loadLatestSnapshot(230)) - Latest snapshot is null in /home/runner/work/ratis/ratis/ratis-test/target/test/data/d6c3ea1c/MiniRaftClusterWithGrpcf715ded6/s4/5913e5d7-f0d0-40b3-8fb1-6d5932270d9d/sm
2025-09-08 20:27:56,562 [s4@group-6D5932270D9D->s3-GrpcLogAppender-LogAppenderDaemon] INFO  impl.SimpleStateMachineStorage (SimpleStateMachineStorage.java:loadLatestSnapshot(230)) - Latest snapshot is null in /home/runner/work/ratis/ratis/ratis-test/target/test/data/d6c3ea1c/MiniRaftClusterWithGrpcf715ded6/s4/5913e5d7-f0d0-40b3-8fb1-6d5932270d9d/sm
2025-09-08 20:27:56,562 [grpc-default-executor-12] INFO  impl.SimpleStateMachineStorage (SimpleStateMachineStorage.java:loadLatestSnapshot(230)) - Latest snapshot is null in /home/runner/work/ratis/ratis/ratis-test/target/test/data/d6c3ea1c/MiniRaftClusterWithGrpcf715ded6/s5/5913e5d7-f0d0-40b3-8fb1-6d5932270d9d/sm
2025-09-08 20:27:56,563 [grpc-default-executor-12] INFO  impl.SimpleStateMachineStorage (SimpleStateMachineStorage.java:loadLatestSnapshot(230)) - Latest snapshot is null in /home/runner/work/ratis/ratis/ratis-test/target/test/data/d6c3ea1c/MiniRaftClusterWithGrpcf715ded6/s3/5913e5d7-f0d0-40b3-8fb1-6d5932270d9d/sm
2025-09-08 20:27:56,638 [s4@group-6D5932270D9D->s3-GrpcLogAppender-LogAppenderDaemon] INFO  impl.SimpleStateMachineStorage (SimpleStateMachineStorage.java:loadLatestSnapshot(230)) - Latest snapshot is null in /home/runner/work/ratis/ratis/ratis-test/target/test/data/d6c3ea1c/MiniRaftClusterWithGrpcf715ded6/s4/5913e5d7-f0d0-40b3-8fb1-6d5932270d9d/sm
2025-09-08 20:27:56,639 [s4@group-6D5932270D9D->s5-GrpcLogAppender-LogAppenderDaemon] INFO  impl.SimpleStateMachineStorage (SimpleStateMachineStorage.java:loadLatestSnapshot(230)) - Latest snapshot is null in /home/runner/work/ratis/ratis/ratis-test/target/test/data/d6c3ea1c/MiniRaftClusterWithGrpcf715ded6/s4/5913e5d7-f0d0-40b3-8fb1-6d5932270d9d/sm
2025-09-08 20:27:56,639 [grpc-default-executor-12] INFO  impl.SimpleStateMachineStorage (SimpleStateMachineStorage.java:loadLatestSnapshot(230)) - Latest snapshot is null in /home/runner/work/ratis/ratis/ratis-test/target/test/data/d6c3ea1c/MiniRaftClusterWithGrpcf715ded6/s3/5913e5d7-f0d0-40b3-8fb1-6d5932270d9d/sm
2025-09-08 20:27:56,639 [grpc-default-executor-12] INFO  impl.SimpleStateMachineStorage (SimpleStateMachineStorage.java:loadLatestSnapshot(230)) - Latest snapshot is null in /home/runner/work/ratis/ratis/ratis-test/target/test/data/d6c3ea1c/MiniRaftClusterWithGrpcf715ded6/s5/5913e5d7-f0d0-40b3-8fb1-6d5932270d9d/sm
2025-09-08 20:27:56,715 [s4@group-6D5932270D9D->s5-GrpcLogAppender-LogAppenderDaemon] INFO  impl.SimpleStateMachineStorage (SimpleStateMachineStorage.java:loadLatestSnapshot(230)) - Latest snapshot is null in /home/runner/work/ratis/ratis/ratis-test/target/test/data/d6c3ea1c/MiniRaftClusterWithGrpcf715ded6/s4/5913e5d7-f0d0-40b3-8fb1-6d5932270d9d/sm
2025-09-08 20:27:56,716 [s4@group-6D5932270D9D->s3-GrpcLogAppender-LogAppenderDaemon] INFO  impl.SimpleStateMachineStorage (SimpleStateMachineStorage.java:loadLatestSnapshot(230)) - Latest snapshot is null in /home/runner/work/ratis/ratis/ratis-test/target/test/data/d6c3ea1c/MiniRaftClusterWithGrpcf715ded6/s4/5913e5d7-f0d0-40b3-8fb1-6d5932270d9d/sm
2025-09-08 20:27:56,717 [grpc-default-executor-12] INFO  impl.SimpleStateMachineStorage (SimpleStateMachineStorage.java:loadLatestSnapshot(230)) - Latest snapshot is null in /home/runner/work/ratis/ratis/ratis-test/target/test/data/d6c3ea1c/MiniRaftClusterWithGrpcf715ded6/s3/5913e5d7-f0d0-40b3-8fb1-6d5932270d9d/sm
2025-09-08 20:27:56,717 [grpc-default-executor-0] INFO  impl.SimpleStateMachineStorage (SimpleStateMachineStorage.java:loadLatestSnapshot(230)) - Latest snapshot is null in /home/runner/work/ratis/ratis/ratis-test/target/test/data/d6c3ea1c/MiniRaftClusterWithGrpcf715ded6/s5/5913e5d7-f0d0-40b3-8fb1-6d5932270d9d/sm
2025-09-08 20:27:56,793 [s4@group-6D5932270D9D->s5-GrpcLogAppender-LogAppenderDaemon] INFO  impl.SimpleStateMachineStorage (SimpleStateMachineStorage.java:loadLatestSnapshot(230)) - Latest snapshot is null in /home/runner/work/ratis/ratis/ratis-test/target/test/data/d6c3ea1c/MiniRaftClusterWithGrpcf715ded6/s4/5913e5d7-f0d0-40b3-8fb1-6d5932270d9d/sm
2025-09-08 20:27:56,794 [s4@group-6D5932270D9D->s3-GrpcLogAppender-LogAppenderDaemon] INFO  impl.SimpleStateMachineStorage (SimpleStateMachineStorage.java:loadLatestSnapshot(230)) - Latest snapshot is null in /home/runner/work/ratis/ratis/ratis-test/target/test/data/d6c3ea1c/MiniRaftClusterWithGrpcf715ded6/s4/5913e5d7-f0d0-40b3-8fb1-6d5932270d9d/sm
2025-09-08 20:27:56,794 [grpc-default-executor-12] INFO  impl.SimpleStateMachineStorage (SimpleStateMachineStorage.java:loadLatestSnapshot(230)) - Latest snapshot is null in /home/runner/work/ratis/ratis/ratis-test/target/test/data/d6c3ea1c/MiniRaftClusterWithGrpcf715ded6/s5/5913e5d7-f0d0-40b3-8fb1-6d5932270d9d/sm
2025-09-08 20:27:56,794 [grpc-default-executor-12] INFO  impl.SimpleStateMachineStorage (SimpleStateMachineStorage.java:loadLatestSnapshot(230)) - Latest snapshot is null in /home/runner/work/ratis/ratis/ratis-test/target/test/data/d6c3ea1c/MiniRaftClusterWithGrpcf715ded6/s3/5913e5d7-f0d0-40b3-8fb1-6d5932270d9d/sm
2025-09-08 20:27:56,870 [s4@group-6D5932270D9D->s3-GrpcLogAppender-LogAppenderDaemon] INFO  impl.SimpleStateMachineStorage (SimpleStateMachineStorage.java:loadLatestSnapshot(230)) - Latest snapshot is null in /home/runner/work/ratis/ratis/ratis-test/target/test/data/d6c3ea1c/MiniRaftClusterWithGrpcf715ded6/s4/5913e5d7-f0d0-40b3-8fb1-6d5932270d9d/sm
2025-09-08 20:27:56,871 [s4@group-6D5932270D9D->s5-GrpcLogAppender-LogAppenderDaemon] INFO  impl.SimpleStateMachineStorage (SimpleStateMachineStorage.java:loadLatestSnapshot(230)) - Latest snapshot is null in /home/runner/work/ratis/ratis/ratis-test/target/test/data/d6c3ea1c/MiniRaftClusterWithGrpcf715ded6/s4/5913e5d7-f0d0-40b3-8fb1-6d5932270d9d/sm
2025-09-08 20:27:56,871 [grpc-default-executor-0] INFO  impl.SimpleStateMachineStorage (SimpleStateMachineStorage.java:loadLatestSnapshot(230)) - Latest snapshot is null in /home/runner/work/ratis/ratis/ratis-test/target/test/data/d6c3ea1c/MiniRaftClusterWithGrpcf715ded6/s3/5913e5d7-f0d0-40b3-8fb1-6d5932270d9d/sm
2025-09-08 20:27:56,871 [grpc-default-executor-0] INFO  impl.SimpleStateMachineStorage (SimpleStateMachineStorage.java:loadLatestSnapshot(230)) - Latest snapshot is null in /home/runner/work/ratis/ratis/ratis-test/target/test/data/d6c3ea1c/MiniRaftClusterWithGrpcf715ded6/s5/5913e5d7-f0d0-40b3-8fb1-6d5932270d9d/sm
2025-09-08 20:27:56,948 [s4@group-6D5932270D9D->s3-GrpcLogAppender-LogAppenderDaemon] INFO  impl.SimpleStateMachineStorage (SimpleStateMachineStorage.java:loadLatestSnapshot(230)) - Latest snapshot is null in /home/runner/work/ratis/ratis/ratis-test/target/test/data/d6c3ea1c/MiniRaftClusterWithGrpcf715ded6/s4/5913e5d7-f0d0-40b3-8fb1-6d5932270d9d/sm
2025-09-08 20:27:56,948 [s4@group-6D5932270D9D->s5-GrpcLogAppender-LogAppenderDaemon] INFO  impl.SimpleStateMachineStorage (SimpleStateMachineStorage.java:loadLatestSnapshot(230)) - Latest snapshot is null in /home/runner/work/ratis/ratis/ratis-test/target/test/data/d6c3ea1c/MiniRaftClusterWithGrpcf715ded6/s4/5913e5d7-f0d0-40b3-8fb1-6d5932270d9d/sm
2025-09-08 20:27:56,949 [grpc-default-executor-12] INFO  impl.SimpleStateMachineStorage (SimpleStateMachineStorage.java:loadLatestSnapshot(230)) - Latest snapshot is null in /home/runner/work/ratis/ratis/ratis-test/target/test/data/d6c3ea1c/MiniRaftClusterWithGrpcf715ded6/s3/5913e5d7-f0d0-40b3-8fb1-6d5932270d9d/sm
2025-09-08 20:27:56,949 [grpc-default-executor-0] INFO  impl.SimpleStateMachineStorage (SimpleStateMachineStorage.java:loadLatestSnapshot(230)) - Latest snapshot is null in /home/runner/work/ratis/ratis/ratis-test/target/test/data/d6c3ea1c/MiniRaftClusterWithGrpcf715ded6/s5/5913e5d7-f0d0-40b3-8fb1-6d5932270d9d/sm
2025-09-08 20:27:57,025 [s4@group-6D5932270D9D->s3-GrpcLogAppender-LogAppenderDaemon] INFO  impl.SimpleStateMachineStorage (SimpleStateMachineStorage.java:loadLatestSnapshot(230)) - Latest snapshot is null in /home/runner/work/ratis/ratis/ratis-test/target/test/data/d6c3ea1c/MiniRaftClusterWithGrpcf715ded6/s4/5913e5d7-f0d0-40b3-8fb1-6d5932270d9d/sm
2025-09-08 20:27:57,026 [grpc-default-executor-0] INFO  impl.SimpleStateMachineStorage (SimpleStateMachineStorage.java:loadLatestSnapshot(230)) - Latest snapshot is null in /home/runner/work/ratis/ratis/ratis-test/target/test/data/d6c3ea1c/MiniRaftClusterWithGrpcf715ded6/s3/5913e5d7-f0d0-40b3-8fb1-6d5932270d9d/sm
2025-09-08 20:27:57,026 [s4@group-6D5932270D9D->s5-GrpcLogAppender-LogAppenderDaemon] INFO  impl.SimpleStateMachineStorage (SimpleStateMachineStorage.java:loadLatestSnapshot(230)) - Latest snapshot is null in /home/runner/work/ratis/ratis/ratis-test/target/test/data/d6c3ea1c/MiniRaftClusterWithGrpcf715ded6/s4/5913e5d7-f0d0-40b3-8fb1-6d5932270d9d/sm
2025-09-08 20:27:57,026 [grpc-default-executor-0] INFO  impl.SimpleStateMachineStorage (SimpleStateMachineStorage.java:loadLatestSnapshot(230)) - Latest snapshot is null in /home/runner/work/ratis/ratis/ratis-test/target/test/data/d6c3ea1c/MiniRaftClusterWithGrpcf715ded6/s5/5913e5d7-f0d0-40b3-8fb1-6d5932270d9d/sm
2025-09-08 20:27:57,101 [s4@group-6D5932270D9D->s3-GrpcLogAppender-LogAppenderDaemon] INFO  impl.SimpleStateMachineStorage (SimpleStateMachineStorage.java:loadLatestSnapshot(230)) - Latest snapshot is null in /home/runner/work/ratis/ratis/ratis-test/target/test/data/d6c3ea1c/MiniRaftClusterWithGrpcf715ded6/s4/5913e5d7-f0d0-40b3-8fb1-6d5932270d9d/sm
2025-09-08 20:27:57,102 [grpc-default-executor-0] INFO  impl.SimpleStateMachineStorage (SimpleStateMachineStorage.java:loadLatestSnapshot(230)) - Latest snapshot is null in /home/runner/work/ratis/ratis/ratis-test/target/test/data/d6c3ea1c/MiniRaftClusterWithGrpcf715ded6/s3/5913e5d7-f0d0-40b3-8fb1-6d5932270d9d/sm
2025-09-08 20:27:57,103 [s4@group-6D5932270D9D->s5-GrpcLogAppender-LogAppenderDaemon] INFO  impl.SimpleStateMachineStorage (SimpleStateMachineStorage.java:loadLatestSnapshot(230)) - Latest snapshot is null in /home/runner/work/ratis/ratis/ratis-test/target/test/data/d6c3ea1c/MiniRaftClusterWithGrpcf715ded6/s4/5913e5d7-f0d0-40b3-8fb1-6d5932270d9d/sm
2025-09-08 20:27:57,103 [grpc-default-executor-0] INFO  impl.SimpleStateMachineStorage (SimpleStateMachineStorage.java:loadLatestSnapshot(230)) - Latest snapshot is null in /home/runner/work/ratis/ratis/ratis-test/target/test/data/d6c3ea1c/MiniRaftClusterWithGrpcf715ded6/s5/5913e5d7-f0d0-40b3-8fb1-6d5932270d9d/sm
2025-09-08 20:27:57,178 [s4@group-6D5932270D9D->s3-GrpcLogAppender-LogAppenderDaemon] INFO  impl.SimpleStateMachineStorage (SimpleStateMachineStorage.java:loadLatestSnapshot(230)) - Latest snapshot is null in /home/runner/work/ratis/ratis/ratis-test/target/test/data/d6c3ea1c/MiniRaftClusterWithGrpcf715ded6/s4/5913e5d7-f0d0-40b3-8fb1-6d5932270d9d/sm
2025-09-08 20:27:57,179 [grpc-default-executor-0] INFO  impl.SimpleStateMachineStorage (SimpleStateMachineStorage.java:loadLatestSnapshot(230)) - Latest snapshot is null in /home/runner/work/ratis/ratis/ratis-test/target/test/data/d6c3ea1c/MiniRaftClusterWithGrpcf715ded6/s3/5913e5d7-f0d0-40b3-8fb1-6d5932270d9d/sm
2025-09-08 20:27:57,179 [s4@group-6D5932270D9D->s5-GrpcLogAppender-LogAppenderDaemon] INFO  impl.SimpleStateMachineStorage (SimpleStateMachineStorage.java:loadLatestSnapshot(230)) - Latest snapshot is null in /home/runner/work/ratis/ratis/ratis-test/target/test/data/d6c3ea1c/MiniRaftClusterWithGrpcf715ded6/s4/5913e5d7-f0d0-40b3-8fb1-6d5932270d9d/sm
2025-09-08 20:27:57,179 [grpc-default-executor-12] INFO  impl.SimpleStateMachineStorage (SimpleStateMachineStorage.java:loadLatestSnapshot(230)) - Latest snapshot is null in /home/runner/work/ratis/ratis/ratis-test/target/test/data/d6c3ea1c/MiniRaftClusterWithGrpcf715ded6/s5/5913e5d7-f0d0-40b3-8fb1-6d5932270d9d/sm
2025-09-08 20:27:57,254 [s4@group-6D5932270D9D->s3-GrpcLogAppender-LogAppenderDaemon] INFO  impl.SimpleStateMachineStorage (SimpleStateMachineStorage.java:loadLatestSnapshot(230)) - Latest snapshot is null in /home/runner/work/ratis/ratis/ratis-test/target/test/data/d6c3ea1c/MiniRaftClusterWithGrpcf715ded6/s4/5913e5d7-f0d0-40b3-8fb1-6d5932270d9d/sm
2025-09-08 20:27:57,255 [s4@group-6D5932270D9D->s5-GrpcLogAppender-LogAppenderDaemon] INFO  impl.SimpleStateMachineStorage (SimpleStateMachineStorage.java:loadLatestSnapshot(230)) - Latest snapshot is null in /home/runner/work/ratis/ratis/ratis-test/target/test/data/d6c3ea1c/MiniRaftClusterWithGrpcf715ded6/s4/5913e5d7-f0d0-40b3-8fb1-6d5932270d9d/sm
2025-09-08 20:27:57,255 [grpc-default-executor-12] INFO  impl.SimpleStateMachineStorage (SimpleStateMachineStorage.java:loadLatestSnapshot(230)) - Latest snapshot is null in /home/runner/work/ratis/ratis/ratis-test/target/test/data/d6c3ea1c/MiniRaftClusterWithGrpcf715ded6/s3/5913e5d7-f0d0-40b3-8fb1-6d5932270d9d/sm
2025-09-08 20:27:57,256 [grpc-default-executor-0] INFO  impl.SimpleStateMachineStorage (SimpleStateMachineStorage.java:loadLatestSnapshot(230)) - Latest snapshot is null in /home/runner/work/ratis/ratis/ratis-test/target/test/data/d6c3ea1c/MiniRaftClusterWithGrpcf715ded6/s5/5913e5d7-f0d0-40b3-8fb1-6d5932270d9d/sm
2025-09-08 20:27:57,331 [s4@group-6D5932270D9D->s3-GrpcLogAppender-LogAppenderDaemon] INFO  impl.SimpleStateMachineStorage (SimpleStateMachineStorage.java:loadLatestSnapshot(230)) - Latest snapshot is null in /home/runner/work/ratis/ratis/ratis-test/target/test/data/d6c3ea1c/MiniRaftClusterWithGrpcf715ded6/s4/5913e5d7-f0d0-40b3-8fb1-6d5932270d9d/sm
2025-09-08 20:27:57,331 [s4@group-6D5932270D9D->s5-GrpcLogAppender-LogAppenderDaemon] INFO  impl.SimpleStateMachineStorage (SimpleStateMachineStorage.java:loadLatestSnapshot(230)) - Latest snapshot is null in /home/runner/work/ratis/ratis/ratis-test/target/test/data/d6c3ea1c/MiniRaftClusterWithGrpcf715ded6/s4/5913e5d7-f0d0-40b3-8fb1-6d5932270d9d/sm
2025-09-08 20:27:57,332 [grpc-default-executor-0] INFO  impl.SimpleStateMachineStorage (SimpleStateMachineStorage.java:loadLatestSnapshot(230)) - Latest snapshot is null in /home/runner/work/ratis/ratis/ratis-test/target/test/data/d6c3ea1c/MiniRaftClusterWithGrpcf715ded6/s3/5913e5d7-f0d0-40b3-8fb1-6d5932270d9d/sm
2025-09-08 20:27:57,332 [grpc-default-executor-12] INFO  impl.SimpleStateMachineStorage (SimpleStateMachineStorage.java:loadLatestSnapshot(230)) - Latest snapshot is null in /home/runner/work/ratis/ratis/ratis-test/target/test/data/d6c3ea1c/MiniRaftClusterWithGrpcf715ded6/s5/5913e5d7-f0d0-40b3-8fb1-6d5932270d9d/sm
2025-09-08 20:27:57,407 [s4@group-6D5932270D9D->s5-GrpcLogAppender-LogAppenderDaemon] INFO  impl.SimpleStateMachineStorage (SimpleStateMachineStorage.java:loadLatestSnapshot(230)) - Latest snapshot is null in /home/runner/work/ratis/ratis/ratis-test/target/test/data/d6c3ea1c/MiniRaftClusterWithGrpcf715ded6/s4/5913e5d7-f0d0-40b3-8fb1-6d5932270d9d/sm
2025-09-08 20:27:57,408 [grpc-default-executor-12] INFO  impl.SimpleStateMachineStorage (SimpleStateMachineStorage.java:loadLatestSnapshot(230)) - Latest snapshot is null in /home/runner/work/ratis/ratis/ratis-test/target/test/data/d6c3ea1c/MiniRaftClusterWithGrpcf715ded6/s5/5913e5d7-f0d0-40b3-8fb1-6d5932270d9d/sm
2025-09-08 20:27:57,408 [s4@group-6D5932270D9D->s3-GrpcLogAppender-LogAppenderDaemon] INFO  impl.SimpleStateMachineStorage (SimpleStateMachineStorage.java:loadLatestSnapshot(230)) - Latest snapshot is null in /home/runner/work/ratis/ratis/ratis-test/target/test/data/d6c3ea1c/MiniRaftClusterWithGrpcf715ded6/s4/5913e5d7-f0d0-40b3-8fb1-6d5932270d9d/sm
2025-09-08 20:27:57,409 [grpc-default-executor-12] INFO  impl.SimpleStateMachineStorage (SimpleStateMachineStorage.java:loadLatestSnapshot(230)) - Latest snapshot is null in /home/runner/work/ratis/ratis/ratis-test/target/test/data/d6c3ea1c/MiniRaftClusterWithGrpcf715ded6/s3/5913e5d7-f0d0-40b3-8fb1-6d5932270d9d/sm
2025-09-08 20:27:57,484 [s4@group-6D5932270D9D->s5-GrpcLogAppender-LogAppenderDaemon] INFO  impl.SimpleStateMachineStorage (SimpleStateMachineStorage.java:loadLatestSnapshot(230)) - Latest snapshot is null in /home/runner/work/ratis/ratis/ratis-test/target/test/data/d6c3ea1c/MiniRaftClusterWithGrpcf715ded6/s4/5913e5d7-f0d0-40b3-8fb1-6d5932270d9d/sm
2025-09-08 20:27:57,484 [grpc-default-executor-12] INFO  impl.SimpleStateMachineStorage (SimpleStateMachineStorage.java:loadLatestSnapshot(230)) - Latest snapshot is null in /home/runner/work/ratis/ratis/ratis-test/target/test/data/d6c3ea1c/MiniRaftClusterWithGrpcf715ded6/s5/5913e5d7-f0d0-40b3-8fb1-6d5932270d9d/sm
2025-09-08 20:27:57,485 [s4@group-6D5932270D9D->s3-GrpcLogAppender-LogAppenderDaemon] INFO  impl.SimpleStateMachineStorage (SimpleStateMachineStorage.java:loadLatestSnapshot(230)) - Latest snapshot is null in /home/runner/work/ratis/ratis/ratis-test/target/test/data/d6c3ea1c/MiniRaftClusterWithGrpcf715ded6/s4/5913e5d7-f0d0-40b3-8fb1-6d5932270d9d/sm
2025-09-08 20:27:57,485 [grpc-default-executor-0] INFO  impl.SimpleStateMachineStorage (SimpleStateMachineStorage.java:loadLatestSnapshot(230)) - Latest snapshot is null in /home/runner/work/ratis/ratis/ratis-test/target/test/data/d6c3ea1c/MiniRaftClusterWithGrpcf715ded6/s3/5913e5d7-f0d0-40b3-8fb1-6d5932270d9d/sm
2025-09-08 20:27:57,561 [s4@group-6D5932270D9D->s5-GrpcLogAppender-LogAppenderDaemon] INFO  impl.SimpleStateMachineStorage (SimpleStateMachineStorage.java:loadLatestSnapshot(230)) - Latest snapshot is null in /home/runner/work/ratis/ratis/ratis-test/target/test/data/d6c3ea1c/MiniRaftClusterWithGrpcf715ded6/s4/5913e5d7-f0d0-40b3-8fb1-6d5932270d9d/sm
2025-09-08 20:27:57,562 [s4@group-6D5932270D9D->s3-GrpcLogAppender-LogAppenderDaemon] INFO  impl.SimpleStateMachineStorage (SimpleStateMachineStorage.java:loadLatestSnapshot(230)) - Latest snapshot is null in /home/runner/work/ratis/ratis/ratis-test/target/test/data/d6c3ea1c/MiniRaftClusterWithGrpcf715ded6/s4/5913e5d7-f0d0-40b3-8fb1-6d5932270d9d/sm
2025-09-08 20:27:57,562 [grpc-default-executor-0] INFO  impl.SimpleStateMachineStorage (SimpleStateMachineStorage.java:loadLatestSnapshot(230)) - Latest snapshot is null in /home/runner/work/ratis/ratis/ratis-test/target/test/data/d6c3ea1c/MiniRaftClusterWithGrpcf715ded6/s5/5913e5d7-f0d0-40b3-8fb1-6d5932270d9d/sm
2025-09-08 20:27:57,562 [grpc-default-executor-0] INFO  impl.SimpleStateMachineStorage (SimpleStateMachineStorage.java:loadLatestSnapshot(230)) - Latest snapshot is null in /home/runner/work/ratis/ratis/ratis-test/target/test/data/d6c3ea1c/MiniRaftClusterWithGrpcf715ded6/s3/5913e5d7-f0d0-40b3-8fb1-6d5932270d9d/sm
2025-09-08 20:27:57,638 [s4@group-6D5932270D9D->s3-GrpcLogAppender-LogAppenderDaemon] INFO  impl.SimpleStateMachineStorage (SimpleStateMachineStorage.java:loadLatestSnapshot(230)) - Latest snapshot is null in /home/runner/work/ratis/ratis/ratis-test/target/test/data/d6c3ea1c/MiniRaftClusterWithGrpcf715ded6/s4/5913e5d7-f0d0-40b3-8fb1-6d5932270d9d/sm
2025-09-08 20:27:57,638 [grpc-default-executor-0] INFO  impl.SimpleStateMachineStorage (SimpleStateMachineStorage.java:loadLatestSnapshot(230)) - Latest snapshot is null in /home/runner/work/ratis/ratis/ratis-test/target/test/data/d6c3ea1c/MiniRaftClusterWithGrpcf715ded6/s3/5913e5d7-f0d0-40b3-8fb1-6d5932270d9d/sm
2025-09-08 20:27:57,638 [s4@group-6D5932270D9D->s5-GrpcLogAppender-LogAppenderDaemon] INFO  impl.SimpleStateMachineStorage (SimpleStateMachineStorage.java:loadLatestSnapshot(230)) - Latest snapshot is null in /home/runner/work/ratis/ratis/ratis-test/target/test/data/d6c3ea1c/MiniRaftClusterWithGrpcf715ded6/s4/5913e5d7-f0d0-40b3-8fb1-6d5932270d9d/sm
2025-09-08 20:27:57,639 [grpc-default-executor-12] INFO  impl.SimpleStateMachineStorage (SimpleStateMachineStorage.java:loadLatestSnapshot(230)) - Latest snapshot is null in /home/runner/work/ratis/ratis/ratis-test/target/test/data/d6c3ea1c/MiniRaftClusterWithGrpcf715ded6/s5/5913e5d7-f0d0-40b3-8fb1-6d5932270d9d/sm
2025-09-08 20:27:57,714 [s4@group-6D5932270D9D->s3-GrpcLogAppender-LogAppenderDaemon] INFO  impl.SimpleStateMachineStorage (SimpleStateMachineStorage.java:loadLatestSnapshot(230)) - Latest snapshot is null in /home/runner/work/ratis/ratis/ratis-test/target/test/data/d6c3ea1c/MiniRaftClusterWithGrpcf715ded6/s4/5913e5d7-f0d0-40b3-8fb1-6d5932270d9d/sm
2025-09-08 20:27:57,715 [s4@group-6D5932270D9D->s5-GrpcLogAppender-LogAppenderDaemon] INFO  impl.SimpleStateMachineStorage (SimpleStateMachineStorage.java:loadLatestSnapshot(230)) - Latest snapshot is null in /home/runner/work/ratis/ratis/ratis-test/target/test/data/d6c3ea1c/MiniRaftClusterWithGrpcf715ded6/s4/5913e5d7-f0d0-40b3-8fb1-6d5932270d9d/sm
2025-09-08 20:27:57,715 [grpc-default-executor-12] INFO  impl.SimpleStateMachineStorage (SimpleStateMachineStorage.java:loadLatestSnapshot(230)) - Latest snapshot is null in /home/runner/work/ratis/ratis/ratis-test/target/test/data/d6c3ea1c/MiniRaftClusterWithGrpcf715ded6/s3/5913e5d7-f0d0-40b3-8fb1-6d5932270d9d/sm
2025-09-08 20:27:57,715 [grpc-default-executor-0] INFO  impl.SimpleStateMachineStorage (SimpleStateMachineStorage.java:loadLatestSnapshot(230)) - Latest snapshot is null in /home/runner/work/ratis/ratis/ratis-test/target/test/data/d6c3ea1c/MiniRaftClusterWithGrpcf715ded6/s5/5913e5d7-f0d0-40b3-8fb1-6d5932270d9d/sm
2025-09-08 20:27:57,791 [s4@group-6D5932270D9D->s3-GrpcLogAppender-LogAppenderDaemon] INFO  impl.SimpleStateMachineStorage (SimpleStateMachineStorage.java:loadLatestSnapshot(230)) - Latest snapshot is null in /home/runner/work/ratis/ratis/ratis-test/target/test/data/d6c3ea1c/MiniRaftClusterWithGrpcf715ded6/s4/5913e5d7-f0d0-40b3-8fb1-6d5932270d9d/sm
2025-09-08 20:27:57,792 [grpc-default-executor-12] INFO  impl.SimpleStateMachineStorage (SimpleStateMachineStorage.java:loadLatestSnapshot(230)) - Latest snapshot is null in /home/runner/work/ratis/ratis/ratis-test/target/test/data/d6c3ea1c/MiniRaftClusterWithGrpcf715ded6/s3/5913e5d7-f0d0-40b3-8fb1-6d5932270d9d/sm
2025-09-08 20:27:57,792 [s4@group-6D5932270D9D->s5-GrpcLogAppender-LogAppenderDaemon] INFO  impl.SimpleStateMachineStorage (SimpleStateMachineStorage.java:loadLatestSnapshot(230)) - Latest snapshot is null in /home/runner/work/ratis/ratis/ratis-test/target/test/data/d6c3ea1c/MiniRaftClusterWithGrpcf715ded6/s4/5913e5d7-f0d0-40b3-8fb1-6d5932270d9d/sm
2025-09-08 20:27:57,792 [grpc-default-executor-12] INFO  impl.SimpleStateMachineStorage (SimpleStateMachineStorage.java:loadLatestSnapshot(230)) - Latest snapshot is null in /home/runner/work/ratis/ratis/ratis-test/target/test/data/d6c3ea1c/MiniRaftClusterWithGrpcf715ded6/s5/5913e5d7-f0d0-40b3-8fb1-6d5932270d9d/sm
2025-09-08 20:27:57,829 [Thread-317] WARN  grpc.GrpcUtil (GrpcUtil.java:shutdownManagedChannel(226)) - Timed out gracefully shutting down connection: ManagedChannelOrphanWrapper{delegate=ManagedChannelImpl{logId=412, target=localhost:15042}}. 
2025-09-08 20:27:57,867 [s4@group-6D5932270D9D->s3-GrpcLogAppender-LogAppenderDaemon] INFO  impl.SimpleStateMachineStorage (SimpleStateMachineStorage.java:loadLatestSnapshot(230)) - Latest snapshot is null in /home/runner/work/ratis/ratis/ratis-test/target/test/data/d6c3ea1c/MiniRaftClusterWithGrpcf715ded6/s4/5913e5d7-f0d0-40b3-8fb1-6d5932270d9d/sm
2025-09-08 20:27:57,868 [grpc-default-executor-0] INFO  impl.SimpleStateMachineStorage (SimpleStateMachineStorage.java:loadLatestSnapshot(230)) - Latest snapshot is null in /home/runner/work/ratis/ratis/ratis-test/target/test/data/d6c3ea1c/MiniRaftClusterWithGrpcf715ded6/s3/5913e5d7-f0d0-40b3-8fb1-6d5932270d9d/sm
2025-09-08 20:27:57,869 [s4@group-6D5932270D9D->s5-GrpcLogAppender-LogAppenderDaemon] INFO  impl.SimpleStateMachineStorage (SimpleStateMachineStorage.java:loadLatestSnapshot(230)) - Latest snapshot is null in /home/runner/work/ratis/ratis/ratis-test/target/test/data/d6c3ea1c/MiniRaftClusterWithGrpcf715ded6/s4/5913e5d7-f0d0-40b3-8fb1-6d5932270d9d/sm
2025-09-08 20:27:57,869 [grpc-default-executor-0] INFO  impl.SimpleStateMachineStorage (SimpleStateMachineStorage.java:loadLatestSnapshot(230)) - Latest snapshot is null in /home/runner/work/ratis/ratis/ratis-test/target/test/data/d6c3ea1c/MiniRaftClusterWithGrpcf715ded6/s5/5913e5d7-f0d0-40b3-8fb1-6d5932270d9d/sm
2025-09-08 20:27:57,944 [s4@group-6D5932270D9D->s3-GrpcLogAppender-LogAppenderDaemon] INFO  impl.SimpleStateMachineStorage (SimpleStateMachineStorage.java:loadLatestSnapshot(230)) - Latest snapshot is null in /home/runner/work/ratis/ratis/ratis-test/target/test/data/d6c3ea1c/MiniRaftClusterWithGrpcf715ded6/s4/5913e5d7-f0d0-40b3-8fb1-6d5932270d9d/sm
2025-09-08 20:27:57,944 [grpc-default-executor-0] INFO  impl.SimpleStateMachineStorage (SimpleStateMachineStorage.java:loadLatestSnapshot(230)) - Latest snapshot is null in /home/runner/work/ratis/ratis/ratis-test/target/test/data/d6c3ea1c/MiniRaftClusterWithGrpcf715ded6/s3/5913e5d7-f0d0-40b3-8fb1-6d5932270d9d/sm
2025-09-08 20:27:57,945 [s4@group-6D5932270D9D->s5-GrpcLogAppender-LogAppenderDaemon] INFO  impl.SimpleStateMachineStorage (SimpleStateMachineStorage.java:loadLatestSnapshot(230)) - Latest snapshot is null in /home/runner/work/ratis/ratis/ratis-test/target/test/data/d6c3ea1c/MiniRaftClusterWithGrpcf715ded6/s4/5913e5d7-f0d0-40b3-8fb1-6d5932270d9d/sm
2025-09-08 20:27:57,946 [grpc-default-executor-0] INFO  impl.SimpleStateMachineStorage (SimpleStateMachineStorage.java:loadLatestSnapshot(230)) - Latest snapshot is null in /home/runner/work/ratis/ratis/ratis-test/target/test/data/d6c3ea1c/MiniRaftClusterWithGrpcf715ded6/s5/5913e5d7-f0d0-40b3-8fb1-6d5932270d9d/sm
2025-09-08 20:27:58,020 [s4@group-6D5932270D9D->s3-GrpcLogAppender-LogAppenderDaemon] INFO  impl.SimpleStateMachineStorage (SimpleStateMachineStorage.java:loadLatestSnapshot(230)) - Latest snapshot is null in /home/runner/work/ratis/ratis/ratis-test/target/test/data/d6c3ea1c/MiniRaftClusterWithGrpcf715ded6/s4/5913e5d7-f0d0-40b3-8fb1-6d5932270d9d/sm
2025-09-08 20:27:58,021 [grpc-default-executor-0] INFO  impl.SimpleStateMachineStorage (SimpleStateMachineStorage.java:loadLatestSnapshot(230)) - Latest snapshot is null in /home/runner/work/ratis/ratis/ratis-test/target/test/data/d6c3ea1c/MiniRaftClusterWithGrpcf715ded6/s3/5913e5d7-f0d0-40b3-8fb1-6d5932270d9d/sm
2025-09-08 20:27:58,022 [s4@group-6D5932270D9D->s5-GrpcLogAppender-LogAppenderDaemon] INFO  impl.SimpleStateMachineStorage (SimpleStateMachineStorage.java:loadLatestSnapshot(230)) - Latest snapshot is null in /home/runner/work/ratis/ratis/ratis-test/target/test/data/d6c3ea1c/MiniRaftClusterWithGrpcf715ded6/s4/5913e5d7-f0d0-40b3-8fb1-6d5932270d9d/sm
2025-09-08 20:27:58,023 [grpc-default-executor-0] INFO  impl.SimpleStateMachineStorage (SimpleStateMachineStorage.java:loadLatestSnapshot(230)) - Latest snapshot is null in /home/runner/work/ratis/ratis/ratis-test/target/test/data/d6c3ea1c/MiniRaftClusterWithGrpcf715ded6/s5/5913e5d7-f0d0-40b3-8fb1-6d5932270d9d/sm
2025-09-08 20:27:58,097 [s4@group-6D5932270D9D->s3-GrpcLogAppender-LogAppenderDaemon] INFO  impl.SimpleStateMachineStorage (SimpleStateMachineStorage.java:loadLatestSnapshot(230)) - Latest snapshot is null in /home/runner/work/ratis/ratis/ratis-test/target/test/data/d6c3ea1c/MiniRaftClusterWithGrpcf715ded6/s4/5913e5d7-f0d0-40b3-8fb1-6d5932270d9d/sm
2025-09-08 20:27:58,098 [grpc-default-executor-0] INFO  impl.SimpleStateMachineStorage (SimpleStateMachineStorage.java:loadLatestSnapshot(230)) - Latest snapshot is null in /home/runner/work/ratis/ratis/ratis-test/target/test/data/d6c3ea1c/MiniRaftClusterWithGrpcf715ded6/s3/5913e5d7-f0d0-40b3-8fb1-6d5932270d9d/sm
2025-09-08 20:27:58,099 [s4@group-6D5932270D9D->s5-GrpcLogAppender-LogAppenderDaemon] INFO  impl.SimpleStateMachineStorage (SimpleStateMachineStorage.java:loadLatestSnapshot(230)) - Latest snapshot is null in /home/runner/work/ratis/ratis/ratis-test/target/test/data/d6c3ea1c/MiniRaftClusterWithGrpcf715ded6/s4/5913e5d7-f0d0-40b3-8fb1-6d5932270d9d/sm
2025-09-08 20:27:58,100 [grpc-default-executor-0] INFO  impl.SimpleStateMachineStorage (SimpleStateMachineStorage.java:loadLatestSnapshot(230)) - Latest snapshot is null in /home/runner/work/ratis/ratis/ratis-test/target/test/data/d6c3ea1c/MiniRaftClusterWithGrpcf715ded6/s5/5913e5d7-f0d0-40b3-8fb1-6d5932270d9d/sm
2025-09-08 20:27:58,174 [s4@group-6D5932270D9D->s3-GrpcLogAppender-LogAppenderDaemon] INFO  impl.SimpleStateMachineStorage (SimpleStateMachineStorage.java:loadLatestSnapshot(230)) - Latest snapshot is null in /home/runner/work/ratis/ratis/ratis-test/target/test/data/d6c3ea1c/MiniRaftClusterWithGrpcf715ded6/s4/5913e5d7-f0d0-40b3-8fb1-6d5932270d9d/sm
2025-09-08 20:27:58,175 [grpc-default-executor-0] INFO  impl.SimpleStateMachineStorage (SimpleStateMachineStorage.java:loadLatestSnapshot(230)) - Latest snapshot is null in /home/runner/work/ratis/ratis/ratis-test/target/test/data/d6c3ea1c/MiniRaftClusterWithGrpcf715ded6/s3/5913e5d7-f0d0-40b3-8fb1-6d5932270d9d/sm
2025-09-08 20:27:58,176 [s4@group-6D5932270D9D->s5-GrpcLogAppender-LogAppenderDaemon] INFO  impl.SimpleStateMachineStorage (SimpleStateMachineStorage.java:loadLatestSnapshot(230)) - Latest snapshot is null in /home/runner/work/ratis/ratis/ratis-test/target/test/data/d6c3ea1c/MiniRaftClusterWithGrpcf715ded6/s4/5913e5d7-f0d0-40b3-8fb1-6d5932270d9d/sm
2025-09-08 20:27:58,177 [grpc-default-executor-0] INFO  impl.SimpleStateMachineStorage (SimpleStateMachineStorage.java:loadLatestSnapshot(230)) - Latest snapshot is null in /home/runner/work/ratis/ratis/ratis-test/target/test/data/d6c3ea1c/MiniRaftClusterWithGrpcf715ded6/s5/5913e5d7-f0d0-40b3-8fb1-6d5932270d9d/sm
2025-09-08 20:27:58,250 [s4@group-6D5932270D9D->s3-GrpcLogAppender-LogAppenderDaemon] INFO  impl.SimpleStateMachineStorage (SimpleStateMachineStorage.java:loadLatestSnapshot(230)) - Latest snapshot is null in /home/runner/work/ratis/ratis/ratis-test/target/test/data/d6c3ea1c/MiniRaftClusterWithGrpcf715ded6/s4/5913e5d7-f0d0-40b3-8fb1-6d5932270d9d/sm
2025-09-08 20:27:58,251 [grpc-default-executor-0] INFO  impl.SimpleStateMachineStorage (SimpleStateMachineStorage.java:loadLatestSnapshot(230)) - Latest snapshot is null in /home/runner/work/ratis/ratis/ratis-test/target/test/data/d6c3ea1c/MiniRaftClusterWithGrpcf715ded6/s3/5913e5d7-f0d0-40b3-8fb1-6d5932270d9d/sm
2025-09-08 20:27:58,253 [s4@group-6D5932270D9D->s5-GrpcLogAppender-LogAppenderDaemon] INFO  impl.SimpleStateMachineStorage (SimpleStateMachineStorage.java:loadLatestSnapshot(230)) - Latest snapshot is null in /home/runner/work/ratis/ratis/ratis-test/target/test/data/d6c3ea1c/MiniRaftClusterWithGrpcf715ded6/s4/5913e5d7-f0d0-40b3-8fb1-6d5932270d9d/sm
2025-09-08 20:27:58,254 [grpc-default-executor-0] INFO  impl.SimpleStateMachineStorage (SimpleStateMachineStorage.java:loadLatestSnapshot(230)) - Latest snapshot is null in /home/runner/work/ratis/ratis/ratis-test/target/test/data/d6c3ea1c/MiniRaftClusterWithGrpcf715ded6/s5/5913e5d7-f0d0-40b3-8fb1-6d5932270d9d/sm
2025-09-08 20:27:58,326 [s4@group-6D5932270D9D->s3-GrpcLogAppender-LogAppenderDaemon] INFO  impl.SimpleStateMachineStorage (SimpleStateMachineStorage.java:loadLatestSnapshot(230)) - Latest snapshot is null in /home/runner/work/ratis/ratis/ratis-test/target/test/data/d6c3ea1c/MiniRaftClusterWithGrpcf715ded6/s4/5913e5d7-f0d0-40b3-8fb1-6d5932270d9d/sm
2025-09-08 20:27:58,327 [grpc-default-executor-0] INFO  impl.SimpleStateMachineStorage (SimpleStateMachineStorage.java:loadLatestSnapshot(230)) - Latest snapshot is null in /home/runner/work/ratis/ratis/ratis-test/target/test/data/d6c3ea1c/MiniRaftClusterWithGrpcf715ded6/s3/5913e5d7-f0d0-40b3-8fb1-6d5932270d9d/sm
2025-09-08 20:27:58,330 [s4@group-6D5932270D9D->s5-GrpcLogAppender-LogAppenderDaemon] INFO  impl.SimpleStateMachineStorage (SimpleStateMachineStorage.java:loadLatestSnapshot(230)) - Latest snapshot is null in /home/runner/work/ratis/ratis/ratis-test/target/test/data/d6c3ea1c/MiniRaftClusterWithGrpcf715ded6/s4/5913e5d7-f0d0-40b3-8fb1-6d5932270d9d/sm
2025-09-08 20:27:58,331 [grpc-default-executor-0] INFO  impl.SimpleStateMachineStorage (SimpleStateMachineStorage.java:loadLatestSnapshot(230)) - Latest snapshot is null in /home/runner/work/ratis/ratis/ratis-test/target/test/data/d6c3ea1c/MiniRaftClusterWithGrpcf715ded6/s5/5913e5d7-f0d0-40b3-8fb1-6d5932270d9d/sm
2025-09-08 20:27:58,403 [s4@group-6D5932270D9D->s3-GrpcLogAppender-LogAppenderDaemon] INFO  impl.SimpleStateMachineStorage (SimpleStateMachineStorage.java:loadLatestSnapshot(230)) - Latest snapshot is null in /home/runner/work/ratis/ratis/ratis-test/target/test/data/d6c3ea1c/MiniRaftClusterWithGrpcf715ded6/s4/5913e5d7-f0d0-40b3-8fb1-6d5932270d9d/sm
2025-09-08 20:27:58,403 [grpc-default-executor-0] INFO  impl.SimpleStateMachineStorage (SimpleStateMachineStorage.java:loadLatestSnapshot(230)) - Latest snapshot is null in /home/runner/work/ratis/ratis/ratis-test/target/test/data/d6c3ea1c/MiniRaftClusterWithGrpcf715ded6/s3/5913e5d7-f0d0-40b3-8fb1-6d5932270d9d/sm
2025-09-08 20:27:58,407 [s4@group-6D5932270D9D->s5-GrpcLogAppender-LogAppenderDaemon] INFO  impl.SimpleStateMachineStorage (SimpleStateMachineStorage.java:loadLatestSnapshot(230)) - Latest snapshot is null in /home/runner/work/ratis/ratis/ratis-test/target/test/data/d6c3ea1c/MiniRaftClusterWithGrpcf715ded6/s4/5913e5d7-f0d0-40b3-8fb1-6d5932270d9d/sm
2025-09-08 20:27:58,408 [grpc-default-executor-0] INFO  impl.SimpleStateMachineStorage (SimpleStateMachineStorage.java:loadLatestSnapshot(230)) - Latest snapshot is null in /home/runner/work/ratis/ratis/ratis-test/target/test/data/d6c3ea1c/MiniRaftClusterWithGrpcf715ded6/s5/5913e5d7-f0d0-40b3-8fb1-6d5932270d9d/sm
2025-09-08 20:27:58,480 [s4@group-6D5932270D9D->s3-GrpcLogAppender-LogAppenderDaemon] INFO  impl.SimpleStateMachineStorage (SimpleStateMachineStorage.java:loadLatestSnapshot(230)) - Latest snapshot is null in /home/runner/work/ratis/ratis/ratis-test/target/test/data/d6c3ea1c/MiniRaftClusterWithGrpcf715ded6/s4/5913e5d7-f0d0-40b3-8fb1-6d5932270d9d/sm
2025-09-08 20:27:58,480 [grpc-default-executor-0] INFO  impl.SimpleStateMachineStorage (SimpleStateMachineStorage.java:loadLatestSnapshot(230)) - Latest snapshot is null in /home/runner/work/ratis/ratis/ratis-test/target/test/data/d6c3ea1c/MiniRaftClusterWithGrpcf715ded6/s3/5913e5d7-f0d0-40b3-8fb1-6d5932270d9d/sm
2025-09-08 20:27:58,485 [s4@group-6D5932270D9D->s5-GrpcLogAppender-LogAppenderDaemon] INFO  impl.SimpleStateMachineStorage (SimpleStateMachineStorage.java:loadLatestSnapshot(230)) - Latest snapshot is null in /home/runner/work/ratis/ratis/ratis-test/target/test/data/d6c3ea1c/MiniRaftClusterWithGrpcf715ded6/s4/5913e5d7-f0d0-40b3-8fb1-6d5932270d9d/sm
2025-09-08 20:27:58,485 [grpc-default-executor-0] INFO  impl.SimpleStateMachineStorage (SimpleStateMachineStorage.java:loadLatestSnapshot(230)) - Latest snapshot is null in /home/runner/work/ratis/ratis/ratis-test/target/test/data/d6c3ea1c/MiniRaftClusterWithGrpcf715ded6/s5/5913e5d7-f0d0-40b3-8fb1-6d5932270d9d/sm
2025-09-08 20:27:58,556 [s4@group-6D5932270D9D->s3-GrpcLogAppender-LogAppenderDaemon] INFO  impl.SimpleStateMachineStorage (SimpleStateMachineStorage.java:loadLatestSnapshot(230)) - Latest snapshot is null in /home/runner/work/ratis/ratis/ratis-test/target/test/data/d6c3ea1c/MiniRaftClusterWithGrpcf715ded6/s4/5913e5d7-f0d0-40b3-8fb1-6d5932270d9d/sm
2025-09-08 20:27:58,557 [grpc-default-executor-0] INFO  impl.SimpleStateMachineStorage (SimpleStateMachineStorage.java:loadLatestSnapshot(230)) - Latest snapshot is null in /home/runner/work/ratis/ratis/ratis-test/target/test/data/d6c3ea1c/MiniRaftClusterWithGrpcf715ded6/s3/5913e5d7-f0d0-40b3-8fb1-6d5932270d9d/sm
2025-09-08 20:27:58,560 [s4@group-6D5932270D9D->s5-GrpcLogAppender-LogAppenderDaemon] INFO  impl.SimpleStateMachineStorage (SimpleStateMachineStorage.java:loadLatestSnapshot(230)) - Latest snapshot is null in /home/runner/work/ratis/ratis/ratis-test/target/test/data/d6c3ea1c/MiniRaftClusterWithGrpcf715ded6/s4/5913e5d7-f0d0-40b3-8fb1-6d5932270d9d/sm
2025-09-08 20:27:58,561 [grpc-default-executor-0] INFO  impl.SimpleStateMachineStorage (SimpleStateMachineStorage.java:loadLatestSnapshot(230)) - Latest snapshot is null in /home/runner/work/ratis/ratis/ratis-test/target/test/data/d6c3ea1c/MiniRaftClusterWithGrpcf715ded6/s5/5913e5d7-f0d0-40b3-8fb1-6d5932270d9d/sm
2025-09-08 20:27:58,632 [s4@group-6D5932270D9D->s3-GrpcLogAppender-LogAppenderDaemon] INFO  impl.SimpleStateMachineStorage (SimpleStateMachineStorage.java:loadLatestSnapshot(230)) - Latest snapshot is null in /home/runner/work/ratis/ratis/ratis-test/target/test/data/d6c3ea1c/MiniRaftClusterWithGrpcf715ded6/s4/5913e5d7-f0d0-40b3-8fb1-6d5932270d9d/sm
2025-09-08 20:27:58,633 [grpc-default-executor-0] INFO  impl.SimpleStateMachineStorage (SimpleStateMachineStorage.java:loadLatestSnapshot(230)) - Latest snapshot is null in /home/runner/work/ratis/ratis/ratis-test/target/test/data/d6c3ea1c/MiniRaftClusterWithGrpcf715ded6/s3/5913e5d7-f0d0-40b3-8fb1-6d5932270d9d/sm
2025-09-08 20:27:58,636 [s4@group-6D5932270D9D->s5-GrpcLogAppender-LogAppenderDaemon] INFO  impl.SimpleStateMachineStorage (SimpleStateMachineStorage.java:loadLatestSnapshot(230)) - Latest snapshot is null in /home/runner/work/ratis/ratis/ratis-test/target/test/data/d6c3ea1c/MiniRaftClusterWithGrpcf715ded6/s4/5913e5d7-f0d0-40b3-8fb1-6d5932270d9d/sm
2025-09-08 20:27:58,637 [grpc-default-executor-0] INFO  impl.SimpleStateMachineStorage (SimpleStateMachineStorage.java:loadLatestSnapshot(230)) - Latest snapshot is null in /home/runner/work/ratis/ratis/ratis-test/target/test/data/d6c3ea1c/MiniRaftClusterWithGrpcf715ded6/s5/5913e5d7-f0d0-40b3-8fb1-6d5932270d9d/sm
2025-09-08 20:27:58,709 [s4@group-6D5932270D9D->s3-GrpcLogAppender-LogAppenderDaemon] INFO  impl.SimpleStateMachineStorage (SimpleStateMachineStorage.java:loadLatestSnapshot(230)) - Latest snapshot is null in /home/runner/work/ratis/ratis/ratis-test/target/test/data/d6c3ea1c/MiniRaftClusterWithGrpcf715ded6/s4/5913e5d7-f0d0-40b3-8fb1-6d5932270d9d/sm
2025-09-08 20:27:58,709 [grpc-default-executor-0] INFO  impl.SimpleStateMachineStorage (SimpleStateMachineStorage.java:loadLatestSnapshot(230)) - Latest snapshot is null in /home/runner/work/ratis/ratis/ratis-test/target/test/data/d6c3ea1c/MiniRaftClusterWithGrpcf715ded6/s3/5913e5d7-f0d0-40b3-8fb1-6d5932270d9d/sm
2025-09-08 20:27:58,713 [s4@group-6D5932270D9D->s5-GrpcLogAppender-LogAppenderDaemon] INFO  impl.SimpleStateMachineStorage (SimpleStateMachineStorage.java:loadLatestSnapshot(230)) - Latest snapshot is null in /home/runner/work/ratis/ratis/ratis-test/target/test/data/d6c3ea1c/MiniRaftClusterWithGrpcf715ded6/s4/5913e5d7-f0d0-40b3-8fb1-6d5932270d9d/sm
2025-09-08 20:27:58,714 [grpc-default-executor-0] INFO  impl.SimpleStateMachineStorage (SimpleStateMachineStorage.java:loadLatestSnapshot(230)) - Latest snapshot is null in /home/runner/work/ratis/ratis/ratis-test/target/test/data/d6c3ea1c/MiniRaftClusterWithGrpcf715ded6/s5/5913e5d7-f0d0-40b3-8fb1-6d5932270d9d/sm
2025-09-08 20:27:58,785 [s4@group-6D5932270D9D->s3-GrpcLogAppender-LogAppenderDaemon] INFO  impl.SimpleStateMachineStorage (SimpleStateMachineStorage.java:loadLatestSnapshot(230)) - Latest snapshot is null in /home/runner/work/ratis/ratis/ratis-test/target/test/data/d6c3ea1c/MiniRaftClusterWithGrpcf715ded6/s4/5913e5d7-f0d0-40b3-8fb1-6d5932270d9d/sm
2025-09-08 20:27:58,785 [grpc-default-executor-0] INFO  impl.SimpleStateMachineStorage (SimpleStateMachineStorage.java:loadLatestSnapshot(230)) - Latest snapshot is null in /home/runner/work/ratis/ratis/ratis-test/target/test/data/d6c3ea1c/MiniRaftClusterWithGrpcf715ded6/s3/5913e5d7-f0d0-40b3-8fb1-6d5932270d9d/sm
2025-09-08 20:27:58,790 [s4@group-6D5932270D9D->s5-GrpcLogAppender-LogAppenderDaemon] INFO  impl.SimpleStateMachineStorage (SimpleStateMachineStorage.java:loadLatestSnapshot(230)) - Latest snapshot is null in /home/runner/work/ratis/ratis/ratis-test/target/test/data/d6c3ea1c/MiniRaftClusterWithGrpcf715ded6/s4/5913e5d7-f0d0-40b3-8fb1-6d5932270d9d/sm
2025-09-08 20:27:58,791 [grpc-default-executor-0] INFO  impl.SimpleStateMachineStorage (SimpleStateMachineStorage.java:loadLatestSnapshot(230)) - Latest snapshot is null in /home/runner/work/ratis/ratis/ratis-test/target/test/data/d6c3ea1c/MiniRaftClusterWithGrpcf715ded6/s5/5913e5d7-f0d0-40b3-8fb1-6d5932270d9d/sm
2025-09-08 20:27:58,861 [s4@group-6D5932270D9D->s3-GrpcLogAppender-LogAppenderDaemon] INFO  impl.SimpleStateMachineStorage (SimpleStateMachineStorage.java:loadLatestSnapshot(230)) - Latest snapshot is null in /home/runner/work/ratis/ratis/ratis-test/target/test/data/d6c3ea1c/MiniRaftClusterWithGrpcf715ded6/s4/5913e5d7-f0d0-40b3-8fb1-6d5932270d9d/sm
2025-09-08 20:27:58,862 [grpc-default-executor-0] INFO  impl.SimpleStateMachineStorage (SimpleStateMachineStorage.java:loadLatestSnapshot(230)) - Latest snapshot is null in /home/runner/work/ratis/ratis/ratis-test/target/test/data/d6c3ea1c/MiniRaftClusterWithGrpcf715ded6/s3/5913e5d7-f0d0-40b3-8fb1-6d5932270d9d/sm
2025-09-08 20:27:58,867 [s4@group-6D5932270D9D->s5-GrpcLogAppender-LogAppenderDaemon] INFO  impl.SimpleStateMachineStorage (SimpleStateMachineStorage.java:loadLatestSnapshot(230)) - Latest snapshot is null in /home/runner/work/ratis/ratis/ratis-test/target/test/data/d6c3ea1c/MiniRaftClusterWithGrpcf715ded6/s4/5913e5d7-f0d0-40b3-8fb1-6d5932270d9d/sm
2025-09-08 20:27:58,868 [grpc-default-executor-0] INFO  impl.SimpleStateMachineStorage (SimpleStateMachineStorage.java:loadLatestSnapshot(230)) - Latest snapshot is null in /home/runner/work/ratis/ratis/ratis-test/target/test/data/d6c3ea1c/MiniRaftClusterWithGrpcf715ded6/s5/5913e5d7-f0d0-40b3-8fb1-6d5932270d9d/sm
2025-09-08 20:27:58,937 [s4@group-6D5932270D9D->s3-GrpcLogAppender-LogAppenderDaemon] INFO  impl.SimpleStateMachineStorage (SimpleStateMachineStorage.java:loadLatestSnapshot(230)) - Latest snapshot is null in /home/runner/work/ratis/ratis/ratis-test/target/test/data/d6c3ea1c/MiniRaftClusterWithGrpcf715ded6/s4/5913e5d7-f0d0-40b3-8fb1-6d5932270d9d/sm
2025-09-08 20:27:58,938 [grpc-default-executor-0] INFO  impl.SimpleStateMachineStorage (SimpleStateMachineStorage.java:loadLatestSnapshot(230)) - Latest snapshot is null in /home/runner/work/ratis/ratis/ratis-test/target/test/data/d6c3ea1c/MiniRaftClusterWithGrpcf715ded6/s3/5913e5d7-f0d0-40b3-8fb1-6d5932270d9d/sm
2025-09-08 20:27:58,944 [s4@group-6D5932270D9D->s5-GrpcLogAppender-LogAppenderDaemon] INFO  impl.SimpleStateMachineStorage (SimpleStateMachineStorage.java:loadLatestSnapshot(230)) - Latest snapshot is null in /home/runner/work/ratis/ratis/ratis-test/target/test/data/d6c3ea1c/MiniRaftClusterWithGrpcf715ded6/s4/5913e5d7-f0d0-40b3-8fb1-6d5932270d9d/sm
2025-09-08 20:27:58,944 [grpc-default-executor-0] INFO  impl.SimpleStateMachineStorage (SimpleStateMachineStorage.java:loadLatestSnapshot(230)) - Latest snapshot is null in /home/runner/work/ratis/ratis/ratis-test/target/test/data/d6c3ea1c/MiniRaftClusterWithGrpcf715ded6/s5/5913e5d7-f0d0-40b3-8fb1-6d5932270d9d/sm
2025-09-08 20:27:59,015 [s4@group-6D5932270D9D->s3-GrpcLogAppender-LogAppenderDaemon] INFO  impl.SimpleStateMachineStorage (SimpleStateMachineStorage.java:loadLatestSnapshot(230)) - Latest snapshot is null in /home/runner/work/ratis/ratis/ratis-test/target/test/data/d6c3ea1c/MiniRaftClusterWithGrpcf715ded6/s4/5913e5d7-f0d0-40b3-8fb1-6d5932270d9d/sm
2025-09-08 20:27:59,016 [grpc-default-executor-0] INFO  impl.SimpleStateMachineStorage (SimpleStateMachineStorage.java:loadLatestSnapshot(230)) - Latest snapshot is null in /home/runner/work/ratis/ratis/ratis-test/target/test/data/d6c3ea1c/MiniRaftClusterWithGrpcf715ded6/s3/5913e5d7-f0d0-40b3-8fb1-6d5932270d9d/sm
2025-09-08 20:27:59,020 [s4@group-6D5932270D9D->s5-GrpcLogAppender-LogAppenderDaemon] INFO  impl.SimpleStateMachineStorage (SimpleStateMachineStorage.java:loadLatestSnapshot(230)) - Latest snapshot is null in /home/runner/work/ratis/ratis/ratis-test/target/test/data/d6c3ea1c/MiniRaftClusterWithGrpcf715ded6/s4/5913e5d7-f0d0-40b3-8fb1-6d5932270d9d/sm
2025-09-08 20:27:59,020 [grpc-default-executor-0] INFO  impl.SimpleStateMachineStorage (SimpleStateMachineStorage.java:loadLatestSnapshot(230)) - Latest snapshot is null in /home/runner/work/ratis/ratis/ratis-test/target/test/data/d6c3ea1c/MiniRaftClusterWithGrpcf715ded6/s5/5913e5d7-f0d0-40b3-8fb1-6d5932270d9d/sm
2025-09-08 20:27:59,092 [s4@group-6D5932270D9D->s3-GrpcLogAppender-LogAppenderDaemon] INFO  impl.SimpleStateMachineStorage (SimpleStateMachineStorage.java:loadLatestSnapshot(230)) - Latest snapshot is null in /home/runner/work/ratis/ratis/ratis-test/target/test/data/d6c3ea1c/MiniRaftClusterWithGrpcf715ded6/s4/5913e5d7-f0d0-40b3-8fb1-6d5932270d9d/sm
2025-09-08 20:27:59,093 [grpc-default-executor-0] INFO  impl.SimpleStateMachineStorage (SimpleStateMachineStorage.java:loadLatestSnapshot(230)) - Latest snapshot is null in /home/runner/work/ratis/ratis/ratis-test/target/test/data/d6c3ea1c/MiniRaftClusterWithGrpcf715ded6/s3/5913e5d7-f0d0-40b3-8fb1-6d5932270d9d/sm
2025-09-08 20:27:59,097 [s4@group-6D5932270D9D->s5-GrpcLogAppender-LogAppenderDaemon] INFO  impl.SimpleStateMachineStorage (SimpleStateMachineStorage.java:loadLatestSnapshot(230)) - Latest snapshot is null in /home/runner/work/ratis/ratis/ratis-test/target/test/data/d6c3ea1c/MiniRaftClusterWithGrpcf715ded6/s4/5913e5d7-f0d0-40b3-8fb1-6d5932270d9d/sm
2025-09-08 20:27:59,097 [grpc-default-executor-0] INFO  impl.SimpleStateMachineStorage (SimpleStateMachineStorage.java:loadLatestSnapshot(230)) - Latest snapshot is null in /home/runner/work/ratis/ratis/ratis-test/target/test/data/d6c3ea1c/MiniRaftClusterWithGrpcf715ded6/s5/5913e5d7-f0d0-40b3-8fb1-6d5932270d9d/sm
2025-09-08 20:27:59,169 [s4@group-6D5932270D9D->s3-GrpcLogAppender-LogAppenderDaemon] INFO  impl.SimpleStateMachineStorage (SimpleStateMachineStorage.java:loadLatestSnapshot(230)) - Latest snapshot is null in /home/runner/work/ratis/ratis/ratis-test/target/test/data/d6c3ea1c/MiniRaftClusterWithGrpcf715ded6/s4/5913e5d7-f0d0-40b3-8fb1-6d5932270d9d/sm
2025-09-08 20:27:59,169 [grpc-default-executor-0] INFO  impl.SimpleStateMachineStorage (SimpleStateMachineStorage.java:loadLatestSnapshot(230)) - Latest snapshot is null in /home/runner/work/ratis/ratis/ratis-test/target/test/data/d6c3ea1c/MiniRaftClusterWithGrpcf715ded6/s3/5913e5d7-f0d0-40b3-8fb1-6d5932270d9d/sm
2025-09-08 20:27:59,173 [s4@group-6D5932270D9D->s5-GrpcLogAppender-LogAppenderDaemon] INFO  impl.SimpleStateMachineStorage (SimpleStateMachineStorage.java:loadLatestSnapshot(230)) - Latest snapshot is null in /home/runner/work/ratis/ratis/ratis-test/target/test/data/d6c3ea1c/MiniRaftClusterWithGrpcf715ded6/s4/5913e5d7-f0d0-40b3-8fb1-6d5932270d9d/sm
2025-09-08 20:27:59,173 [grpc-default-executor-0] INFO  impl.SimpleStateMachineStorage (SimpleStateMachineStorage.java:loadLatestSnapshot(230)) - Latest snapshot is null in /home/runner/work/ratis/ratis/ratis-test/target/test/data/d6c3ea1c/MiniRaftClusterWithGrpcf715ded6/s5/5913e5d7-f0d0-40b3-8fb1-6d5932270d9d/sm
2025-09-08 20:27:59,246 [s4@group-6D5932270D9D->s3-GrpcLogAppender-LogAppenderDaemon] INFO  impl.SimpleStateMachineStorage (SimpleStateMachineStorage.java:loadLatestSnapshot(230)) - Latest snapshot is null in /home/runner/work/ratis/ratis/ratis-test/target/test/data/d6c3ea1c/MiniRaftClusterWithGrpcf715ded6/s4/5913e5d7-f0d0-40b3-8fb1-6d5932270d9d/sm
2025-09-08 20:27:59,247 [grpc-default-executor-0] INFO  impl.SimpleStateMachineStorage (SimpleStateMachineStorage.java:loadLatestSnapshot(230)) - Latest snapshot is null in /home/runner/work/ratis/ratis/ratis-test/target/test/data/d6c3ea1c/MiniRaftClusterWithGrpcf715ded6/s3/5913e5d7-f0d0-40b3-8fb1-6d5932270d9d/sm
2025-09-08 20:27:59,249 [s4@group-6D5932270D9D->s5-GrpcLogAppender-LogAppenderDaemon] INFO  impl.SimpleStateMachineStorage (SimpleStateMachineStorage.java:loadLatestSnapshot(230)) - Latest snapshot is null in /home/runner/work/ratis/ratis/ratis-test/target/test/data/d6c3ea1c/MiniRaftClusterWithGrpcf715ded6/s4/5913e5d7-f0d0-40b3-8fb1-6d5932270d9d/sm
2025-09-08 20:27:59,249 [grpc-default-executor-0] INFO  impl.SimpleStateMachineStorage (SimpleStateMachineStorage.java:loadLatestSnapshot(230)) - Latest snapshot is null in /home/runner/work/ratis/ratis/ratis-test/target/test/data/d6c3ea1c/MiniRaftClusterWithGrpcf715ded6/s5/5913e5d7-f0d0-40b3-8fb1-6d5932270d9d/sm
2025-09-08 20:27:59,323 [s4@group-6D5932270D9D->s3-GrpcLogAppender-LogAppenderDaemon] INFO  impl.SimpleStateMachineStorage (SimpleStateMachineStorage.java:loadLatestSnapshot(230)) - Latest snapshot is null in /home/runner/work/ratis/ratis/ratis-test/target/test/data/d6c3ea1c/MiniRaftClusterWithGrpcf715ded6/s4/5913e5d7-f0d0-40b3-8fb1-6d5932270d9d/sm
2025-09-08 20:27:59,323 [grpc-default-executor-0] INFO  impl.SimpleStateMachineStorage (SimpleStateMachineStorage.java:loadLatestSnapshot(230)) - Latest snapshot is null in /home/runner/work/ratis/ratis/ratis-test/target/test/data/d6c3ea1c/MiniRaftClusterWithGrpcf715ded6/s3/5913e5d7-f0d0-40b3-8fb1-6d5932270d9d/sm
2025-09-08 20:27:59,326 [s4@group-6D5932270D9D->s5-GrpcLogAppender-LogAppenderDaemon] INFO  impl.SimpleStateMachineStorage (SimpleStateMachineStorage.java:loadLatestSnapshot(230)) - Latest snapshot is null in /home/runner/work/ratis/ratis/ratis-test/target/test/data/d6c3ea1c/MiniRaftClusterWithGrpcf715ded6/s4/5913e5d7-f0d0-40b3-8fb1-6d5932270d9d/sm
2025-09-08 20:27:59,326 [grpc-default-executor-0] INFO  impl.SimpleStateMachineStorage (SimpleStateMachineStorage.java:loadLatestSnapshot(230)) - Latest snapshot is null in /home/runner/work/ratis/ratis/ratis-test/target/test/data/d6c3ea1c/MiniRaftClusterWithGrpcf715ded6/s5/5913e5d7-f0d0-40b3-8fb1-6d5932270d9d/sm
2025-09-08 20:27:59,399 [s4@group-6D5932270D9D->s3-GrpcLogAppender-LogAppenderDaemon] INFO  impl.SimpleStateMachineStorage (SimpleStateMachineStorage.java:loadLatestSnapshot(230)) - Latest snapshot is null in /home/runner/work/ratis/ratis/ratis-test/target/test/data/d6c3ea1c/MiniRaftClusterWithGrpcf715ded6/s4/5913e5d7-f0d0-40b3-8fb1-6d5932270d9d/sm
2025-09-08 20:27:59,399 [grpc-default-executor-0] INFO  impl.SimpleStateMachineStorage (SimpleStateMachineStorage.java:loadLatestSnapshot(230)) - Latest snapshot is null in /home/runner/work/ratis/ratis/ratis-test/target/test/data/d6c3ea1c/MiniRaftClusterWithGrpcf715ded6/s3/5913e5d7-f0d0-40b3-8fb1-6d5932270d9d/sm
2025-09-08 20:27:59,403 [s4@group-6D5932270D9D->s5-GrpcLogAppender-LogAppenderDaemon] INFO  impl.SimpleStateMachineStorage (SimpleStateMachineStorage.java:loadLatestSnapshot(230)) - Latest snapshot is null in /home/runner/work/ratis/ratis/ratis-test/target/test/data/d6c3ea1c/MiniRaftClusterWithGrpcf715ded6/s4/5913e5d7-f0d0-40b3-8fb1-6d5932270d9d/sm
2025-09-08 20:27:59,403 [grpc-default-executor-0] INFO  impl.SimpleStateMachineStorage (SimpleStateMachineStorage.java:loadLatestSnapshot(230)) - Latest snapshot is null in /home/runner/work/ratis/ratis/ratis-test/target/test/data/d6c3ea1c/MiniRaftClusterWithGrpcf715ded6/s5/5913e5d7-f0d0-40b3-8fb1-6d5932270d9d/sm
2025-09-08 20:27:59,476 [s4@group-6D5932270D9D->s3-GrpcLogAppender-LogAppenderDaemon] INFO  impl.SimpleStateMachineStorage (SimpleStateMachineStorage.java:loadLatestSnapshot(230)) - Latest snapshot is null in /home/runner/work/ratis/ratis/ratis-test/target/test/data/d6c3ea1c/MiniRaftClusterWithGrpcf715ded6/s4/5913e5d7-f0d0-40b3-8fb1-6d5932270d9d/sm
2025-09-08 20:27:59,477 [grpc-default-executor-0] INFO  impl.SimpleStateMachineStorage (SimpleStateMachineStorage.java:loadLatestSnapshot(230)) - Latest snapshot is null in /home/runner/work/ratis/ratis/ratis-test/target/test/data/d6c3ea1c/MiniRaftClusterWithGrpcf715ded6/s3/5913e5d7-f0d0-40b3-8fb1-6d5932270d9d/sm
2025-09-08 20:27:59,479 [s4@group-6D5932270D9D->s5-GrpcLogAppender-LogAppenderDaemon] INFO  impl.SimpleStateMachineStorage (SimpleStateMachineStorage.java:loadLatestSnapshot(230)) - Latest snapshot is null in /home/runner/work/ratis/ratis/ratis-test/target/test/data/d6c3ea1c/MiniRaftClusterWithGrpcf715ded6/s4/5913e5d7-f0d0-40b3-8fb1-6d5932270d9d/sm
2025-09-08 20:27:59,480 [grpc-default-executor-0] INFO  impl.SimpleStateMachineStorage (SimpleStateMachineStorage.java:loadLatestSnapshot(230)) - Latest snapshot is null in /home/runner/work/ratis/ratis/ratis-test/target/test/data/d6c3ea1c/MiniRaftClusterWithGrpcf715ded6/s5/5913e5d7-f0d0-40b3-8fb1-6d5932270d9d/sm
2025-09-08 20:27:59,552 [s4@group-6D5932270D9D->s3-GrpcLogAppender-LogAppenderDaemon] INFO  impl.SimpleStateMachineStorage (SimpleStateMachineStorage.java:loadLatestSnapshot(230)) - Latest snapshot is null in /home/runner/work/ratis/ratis/ratis-test/target/test/data/d6c3ea1c/MiniRaftClusterWithGrpcf715ded6/s4/5913e5d7-f0d0-40b3-8fb1-6d5932270d9d/sm
2025-09-08 20:27:59,553 [grpc-default-executor-0] INFO  impl.SimpleStateMachineStorage (SimpleStateMachineStorage.java:loadLatestSnapshot(230)) - Latest snapshot is null in /home/runner/work/ratis/ratis/ratis-test/target/test/data/d6c3ea1c/MiniRaftClusterWithGrpcf715ded6/s3/5913e5d7-f0d0-40b3-8fb1-6d5932270d9d/sm
2025-09-08 20:27:59,557 [s4@group-6D5932270D9D->s5-GrpcLogAppender-LogAppenderDaemon] INFO  impl.SimpleStateMachineStorage (SimpleStateMachineStorage.java:loadLatestSnapshot(230)) - Latest snapshot is null in /home/runner/work/ratis/ratis/ratis-test/target/test/data/d6c3ea1c/MiniRaftClusterWithGrpcf715ded6/s4/5913e5d7-f0d0-40b3-8fb1-6d5932270d9d/sm
2025-09-08 20:27:59,557 [grpc-default-executor-0] INFO  impl.SimpleStateMachineStorage (SimpleStateMachineStorage.java:loadLatestSnapshot(230)) - Latest snapshot is null in /home/runner/work/ratis/ratis/ratis-test/target/test/data/d6c3ea1c/MiniRaftClusterWithGrpcf715ded6/s5/5913e5d7-f0d0-40b3-8fb1-6d5932270d9d/sm
2025-09-08 20:27:59,630 [s4@group-6D5932270D9D->s3-GrpcLogAppender-LogAppenderDaemon] INFO  impl.SimpleStateMachineStorage (SimpleStateMachineStorage.java:loadLatestSnapshot(230)) - Latest snapshot is null in /home/runner/work/ratis/ratis/ratis-test/target/test/data/d6c3ea1c/MiniRaftClusterWithGrpcf715ded6/s4/5913e5d7-f0d0-40b3-8fb1-6d5932270d9d/sm
2025-09-08 20:27:59,630 [grpc-default-executor-0] INFO  impl.SimpleStateMachineStorage (SimpleStateMachineStorage.java:loadLatestSnapshot(230)) - Latest snapshot is null in /home/runner/work/ratis/ratis/ratis-test/target/test/data/d6c3ea1c/MiniRaftClusterWithGrpcf715ded6/s3/5913e5d7-f0d0-40b3-8fb1-6d5932270d9d/sm
2025-09-08 20:27:59,633 [s4@group-6D5932270D9D->s5-GrpcLogAppender-LogAppenderDaemon] INFO  impl.SimpleStateMachineStorage (SimpleStateMachineStorage.java:loadLatestSnapshot(230)) - Latest snapshot is null in /home/runner/work/ratis/ratis/ratis-test/target/test/data/d6c3ea1c/MiniRaftClusterWithGrpcf715ded6/s4/5913e5d7-f0d0-40b3-8fb1-6d5932270d9d/sm
2025-09-08 20:27:59,633 [grpc-default-executor-0] INFO  impl.SimpleStateMachineStorage (SimpleStateMachineStorage.java:loadLatestSnapshot(230)) - Latest snapshot is null in /home/runner/work/ratis/ratis/ratis-test/target/test/data/d6c3ea1c/MiniRaftClusterWithGrpcf715ded6/s5/5913e5d7-f0d0-40b3-8fb1-6d5932270d9d/sm
2025-09-08 20:27:59,706 [s4@group-6D5932270D9D->s3-GrpcLogAppender-LogAppenderDaemon] INFO  impl.SimpleStateMachineStorage (SimpleStateMachineStorage.java:loadLatestSnapshot(230)) - Latest snapshot is null in /home/runner/work/ratis/ratis/ratis-test/target/test/data/d6c3ea1c/MiniRaftClusterWithGrpcf715ded6/s4/5913e5d7-f0d0-40b3-8fb1-6d5932270d9d/sm
2025-09-08 20:27:59,706 [grpc-default-executor-0] INFO  impl.SimpleStateMachineStorage (SimpleStateMachineStorage.java:loadLatestSnapshot(230)) - Latest snapshot is null in /home/runner/work/ratis/ratis/ratis-test/target/test/data/d6c3ea1c/MiniRaftClusterWithGrpcf715ded6/s3/5913e5d7-f0d0-40b3-8fb1-6d5932270d9d/sm
2025-09-08 20:27:59,709 [s4@group-6D5932270D9D->s5-GrpcLogAppender-LogAppenderDaemon] INFO  impl.SimpleStateMachineStorage (SimpleStateMachineStorage.java:loadLatestSnapshot(230)) - Latest snapshot is null in /home/runner/work/ratis/ratis/ratis-test/target/test/data/d6c3ea1c/MiniRaftClusterWithGrpcf715ded6/s4/5913e5d7-f0d0-40b3-8fb1-6d5932270d9d/sm
2025-09-08 20:27:59,709 [grpc-default-executor-0] INFO  impl.SimpleStateMachineStorage (SimpleStateMachineStorage.java:loadLatestSnapshot(230)) - Latest snapshot is null in /home/runner/work/ratis/ratis/ratis-test/target/test/data/d6c3ea1c/MiniRaftClusterWithGrpcf715ded6/s5/5913e5d7-f0d0-40b3-8fb1-6d5932270d9d/sm
2025-09-08 20:27:59,783 [s4@group-6D5932270D9D->s3-GrpcLogAppender-LogAppenderDaemon] INFO  impl.SimpleStateMachineStorage (SimpleStateMachineStorage.java:loadLatestSnapshot(230)) - Latest snapshot is null in /home/runner/work/ratis/ratis/ratis-test/target/test/data/d6c3ea1c/MiniRaftClusterWithGrpcf715ded6/s4/5913e5d7-f0d0-40b3-8fb1-6d5932270d9d/sm
2025-09-08 20:27:59,784 [grpc-default-executor-0] INFO  impl.SimpleStateMachineStorage (SimpleStateMachineStorage.java:loadLatestSnapshot(230)) - Latest snapshot is null in /home/runner/work/ratis/ratis/ratis-test/target/test/data/d6c3ea1c/MiniRaftClusterWithGrpcf715ded6/s3/5913e5d7-f0d0-40b3-8fb1-6d5932270d9d/sm
2025-09-08 20:27:59,786 [s4@group-6D5932270D9D->s5-GrpcLogAppender-LogAppenderDaemon] INFO  impl.SimpleStateMachineStorage (SimpleStateMachineStorage.java:loadLatestSnapshot(230)) - Latest snapshot is null in /home/runner/work/ratis/ratis/ratis-test/target/test/data/d6c3ea1c/MiniRaftClusterWithGrpcf715ded6/s4/5913e5d7-f0d0-40b3-8fb1-6d5932270d9d/sm
2025-09-08 20:27:59,786 [grpc-default-executor-0] INFO  impl.SimpleStateMachineStorage (SimpleStateMachineStorage.java:loadLatestSnapshot(230)) - Latest snapshot is null in /home/runner/work/ratis/ratis/ratis-test/target/test/data/d6c3ea1c/MiniRaftClusterWithGrpcf715ded6/s5/5913e5d7-f0d0-40b3-8fb1-6d5932270d9d/sm
2025-09-08 20:27:59,861 [s4@group-6D5932270D9D->s3-GrpcLogAppender-LogAppenderDaemon] INFO  impl.SimpleStateMachineStorage (SimpleStateMachineStorage.java:loadLatestSnapshot(230)) - Latest snapshot is null in /home/runner/work/ratis/ratis/ratis-test/target/test/data/d6c3ea1c/MiniRaftClusterWithGrpcf715ded6/s4/5913e5d7-f0d0-40b3-8fb1-6d5932270d9d/sm
2025-09-08 20:27:59,861 [grpc-default-executor-0] INFO  impl.SimpleStateMachineStorage (SimpleStateMachineStorage.java:loadLatestSnapshot(230)) - Latest snapshot is null in /home/runner/work/ratis/ratis/ratis-test/target/test/data/d6c3ea1c/MiniRaftClusterWithGrpcf715ded6/s3/5913e5d7-f0d0-40b3-8fb1-6d5932270d9d/sm
2025-09-08 20:27:59,863 [s4@group-6D5932270D9D->s5-GrpcLogAppender-LogAppenderDaemon] INFO  impl.SimpleStateMachineStorage (SimpleStateMachineStorage.java:loadLatestSnapshot(230)) - Latest snapshot is null in /home/runner/work/ratis/ratis/ratis-test/target/test/data/d6c3ea1c/MiniRaftClusterWithGrpcf715ded6/s4/5913e5d7-f0d0-40b3-8fb1-6d5932270d9d/sm
2025-09-08 20:27:59,863 [grpc-default-executor-0] INFO  impl.SimpleStateMachineStorage (SimpleStateMachineStorage.java:loadLatestSnapshot(230)) - Latest snapshot is null in /home/runner/work/ratis/ratis/ratis-test/target/test/data/d6c3ea1c/MiniRaftClusterWithGrpcf715ded6/s5/5913e5d7-f0d0-40b3-8fb1-6d5932270d9d/sm
2025-09-08 20:27:59,938 [s4@group-6D5932270D9D->s3-GrpcLogAppender-LogAppenderDaemon] INFO  impl.SimpleStateMachineStorage (SimpleStateMachineStorage.java:loadLatestSnapshot(230)) - Latest snapshot is null in /home/runner/work/ratis/ratis/ratis-test/target/test/data/d6c3ea1c/MiniRaftClusterWithGrpcf715ded6/s4/5913e5d7-f0d0-40b3-8fb1-6d5932270d9d/sm
2025-09-08 20:27:59,939 [grpc-default-executor-0] INFO  impl.SimpleStateMachineStorage (SimpleStateMachineStorage.java:loadLatestSnapshot(230)) - Latest snapshot is null in /home/runner/work/ratis/ratis/ratis-test/target/test/data/d6c3ea1c/MiniRaftClusterWithGrpcf715ded6/s3/5913e5d7-f0d0-40b3-8fb1-6d5932270d9d/sm
2025-09-08 20:27:59,940 [s4@group-6D5932270D9D->s5-GrpcLogAppender-LogAppenderDaemon] INFO  impl.SimpleStateMachineStorage (SimpleStateMachineStorage.java:loadLatestSnapshot(230)) - Latest snapshot is null in /home/runner/work/ratis/ratis/ratis-test/target/test/data/d6c3ea1c/MiniRaftClusterWithGrpcf715ded6/s4/5913e5d7-f0d0-40b3-8fb1-6d5932270d9d/sm
2025-09-08 20:27:59,940 [grpc-default-executor-0] INFO  impl.SimpleStateMachineStorage (SimpleStateMachineStorage.java:loadLatestSnapshot(230)) - Latest snapshot is null in /home/runner/work/ratis/ratis/ratis-test/target/test/data/d6c3ea1c/MiniRaftClusterWithGrpcf715ded6/s5/5913e5d7-f0d0-40b3-8fb1-6d5932270d9d/sm
2025-09-08 20:28:00,016 [s4@group-6D5932270D9D->s3-GrpcLogAppender-LogAppenderDaemon] INFO  impl.SimpleStateMachineStorage (SimpleStateMachineStorage.java:loadLatestSnapshot(230)) - Latest snapshot is null in /home/runner/work/ratis/ratis/ratis-test/target/test/data/d6c3ea1c/MiniRaftClusterWithGrpcf715ded6/s4/5913e5d7-f0d0-40b3-8fb1-6d5932270d9d/sm
2025-09-08 20:28:00,017 [grpc-default-executor-0] INFO  impl.SimpleStateMachineStorage (SimpleStateMachineStorage.java:loadLatestSnapshot(230)) - Latest snapshot is null in /home/runner/work/ratis/ratis/ratis-test/target/test/data/d6c3ea1c/MiniRaftClusterWithGrpcf715ded6/s3/5913e5d7-f0d0-40b3-8fb1-6d5932270d9d/sm
2025-09-08 20:28:00,017 [s4@group-6D5932270D9D->s5-GrpcLogAppender-LogAppenderDaemon] INFO  impl.SimpleStateMachineStorage (SimpleStateMachineStorage.java:loadLatestSnapshot(230)) - Latest snapshot is null in /home/runner/work/ratis/ratis/ratis-test/target/test/data/d6c3ea1c/MiniRaftClusterWithGrpcf715ded6/s4/5913e5d7-f0d0-40b3-8fb1-6d5932270d9d/sm
2025-09-08 20:28:00,017 [grpc-default-executor-12] INFO  impl.SimpleStateMachineStorage (SimpleStateMachineStorage.java:loadLatestSnapshot(230)) - Latest snapshot is null in /home/runner/work/ratis/ratis/ratis-test/target/test/data/d6c3ea1c/MiniRaftClusterWithGrpcf715ded6/s5/5913e5d7-f0d0-40b3-8fb1-6d5932270d9d/sm
2025-09-08 20:28:00,093 [s4@group-6D5932270D9D->s5-GrpcLogAppender-LogAppenderDaemon] INFO  impl.SimpleStateMachineStorage (SimpleStateMachineStorage.java:loadLatestSnapshot(230)) - Latest snapshot is null in /home/runner/work/ratis/ratis/ratis-test/target/test/data/d6c3ea1c/MiniRaftClusterWithGrpcf715ded6/s4/5913e5d7-f0d0-40b3-8fb1-6d5932270d9d/sm
2025-09-08 20:28:00,094 [s4@group-6D5932270D9D->s3-GrpcLogAppender-LogAppenderDaemon] INFO  impl.SimpleStateMachineStorage (SimpleStateMachineStorage.java:loadLatestSnapshot(230)) - Latest snapshot is null in /home/runner/work/ratis/ratis/ratis-test/target/test/data/d6c3ea1c/MiniRaftClusterWithGrpcf715ded6/s4/5913e5d7-f0d0-40b3-8fb1-6d5932270d9d/sm
2025-09-08 20:28:00,094 [grpc-default-executor-0] INFO  impl.SimpleStateMachineStorage (SimpleStateMachineStorage.java:loadLatestSnapshot(230)) - Latest snapshot is null in /home/runner/work/ratis/ratis/ratis-test/target/test/data/d6c3ea1c/MiniRaftClusterWithGrpcf715ded6/s5/5913e5d7-f0d0-40b3-8fb1-6d5932270d9d/sm
2025-09-08 20:28:00,094 [grpc-default-executor-12] INFO  impl.SimpleStateMachineStorage (SimpleStateMachineStorage.java:loadLatestSnapshot(230)) - Latest snapshot is null in /home/runner/work/ratis/ratis/ratis-test/target/test/data/d6c3ea1c/MiniRaftClusterWithGrpcf715ded6/s3/5913e5d7-f0d0-40b3-8fb1-6d5932270d9d/sm
2025-09-08 20:28:00,170 [s4@group-6D5932270D9D->s3-GrpcLogAppender-LogAppenderDaemon] INFO  impl.SimpleStateMachineStorage (SimpleStateMachineStorage.java:loadLatestSnapshot(230)) - Latest snapshot is null in /home/runner/work/ratis/ratis/ratis-test/target/test/data/d6c3ea1c/MiniRaftClusterWithGrpcf715ded6/s4/5913e5d7-f0d0-40b3-8fb1-6d5932270d9d/sm
2025-09-08 20:28:00,171 [s4@group-6D5932270D9D->s5-GrpcLogAppender-LogAppenderDaemon] INFO  impl.SimpleStateMachineStorage (SimpleStateMachineStorage.java:loadLatestSnapshot(230)) - Latest snapshot is null in /home/runner/work/ratis/ratis/ratis-test/target/test/data/d6c3ea1c/MiniRaftClusterWithGrpcf715ded6/s4/5913e5d7-f0d0-40b3-8fb1-6d5932270d9d/sm
2025-09-08 20:28:00,171 [grpc-default-executor-0] INFO  impl.SimpleStateMachineStorage (SimpleStateMachineStorage.java:loadLatestSnapshot(230)) - Latest snapshot is null in /home/runner/work/ratis/ratis/ratis-test/target/test/data/d6c3ea1c/MiniRaftClusterWithGrpcf715ded6/s3/5913e5d7-f0d0-40b3-8fb1-6d5932270d9d/sm
2025-09-08 20:28:00,171 [grpc-default-executor-0] INFO  impl.SimpleStateMachineStorage (SimpleStateMachineStorage.java:loadLatestSnapshot(230)) - Latest snapshot is null in /home/runner/work/ratis/ratis/ratis-test/target/test/data/d6c3ea1c/MiniRaftClusterWithGrpcf715ded6/s5/5913e5d7-f0d0-40b3-8fb1-6d5932270d9d/sm
2025-09-08 20:28:00,247 [s4@group-6D5932270D9D->s5-GrpcLogAppender-LogAppenderDaemon] INFO  impl.SimpleStateMachineStorage (SimpleStateMachineStorage.java:loadLatestSnapshot(230)) - Latest snapshot is null in /home/runner/work/ratis/ratis/ratis-test/target/test/data/d6c3ea1c/MiniRaftClusterWithGrpcf715ded6/s4/5913e5d7-f0d0-40b3-8fb1-6d5932270d9d/sm
2025-09-08 20:28:00,248 [grpc-default-executor-0] INFO  impl.SimpleStateMachineStorage (SimpleStateMachineStorage.java:loadLatestSnapshot(230)) - Latest snapshot is null in /home/runner/work/ratis/ratis/ratis-test/target/test/data/d6c3ea1c/MiniRaftClusterWithGrpcf715ded6/s5/5913e5d7-f0d0-40b3-8fb1-6d5932270d9d/sm
2025-09-08 20:28:00,248 [s4@group-6D5932270D9D->s3-GrpcLogAppender-LogAppenderDaemon] INFO  impl.SimpleStateMachineStorage (SimpleStateMachineStorage.java:loadLatestSnapshot(230)) - Latest snapshot is null in /home/runner/work/ratis/ratis/ratis-test/target/test/data/d6c3ea1c/MiniRaftClusterWithGrpcf715ded6/s4/5913e5d7-f0d0-40b3-8fb1-6d5932270d9d/sm
2025-09-08 20:28:00,248 [grpc-default-executor-0] INFO  impl.SimpleStateMachineStorage (SimpleStateMachineStorage.java:loadLatestSnapshot(230)) - Latest snapshot is null in /home/runner/work/ratis/ratis/ratis-test/target/test/data/d6c3ea1c/MiniRaftClusterWithGrpcf715ded6/s3/5913e5d7-f0d0-40b3-8fb1-6d5932270d9d/sm
2025-09-08 20:28:00,302 [Timer-3] INFO  impl.MiniRaftCluster (MiniRaftCluster.java:lambda$null$7(351)) - TIMED-PRINT: printing ALL groups
  s3:  RUNNING  FOLLOWER (RUNNING): s3@group-6D5932270D9D:t1, leader=s4, voted=s4, raftlog=Memoized:s3@group-6D5932270D9D-SegmentedRaftLog:OPENED:c2:last(t:1, i:12), conf=conf: {index: 0, cur=peers:[s3|localhost:15036, s4|localhost:15040, s5|localhost:15044]|listeners:[], old=null}
  s4:  RUNNING    LEADER (RUNNING): s4@group-6D5932270D9D:t1, leader=s4, voted=s4, raftlog=Memoized:s4@group-6D5932270D9D-SegmentedRaftLog:OPENED:c2:last(t:1, i:12), conf=conf: {index: 0, cur=peers:[s3|localhost:15036, s4|localhost:15040, s5|localhost:15044]|listeners:[], old=null}
  s5:  RUNNING  FOLLOWER (RUNNING): s5@group-6D5932270D9D:t1, leader=s4, voted=s4, raftlog=Memoized:s5@group-6D5932270D9D-SegmentedRaftLog:OPENED:c2:last(t:1, i:12), conf=conf: {index: 0, cur=peers:[s3|localhost:15036, s4|localhost:15040, s5|localhost:15044]|listeners:[], old=null}.
2025-09-08 20:28:00,323 [s4@group-6D5932270D9D->s5-GrpcLogAppender-LogAppenderDaemon] INFO  impl.SimpleStateMachineStorage (SimpleStateMachineStorage.java:loadLatestSnapshot(230)) - Latest snapshot is null in /home/runner/work/ratis/ratis/ratis-test/target/test/data/d6c3ea1c/MiniRaftClusterWithGrpcf715ded6/s4/5913e5d7-f0d0-40b3-8fb1-6d5932270d9d/sm
2025-09-08 20:28:00,324 [grpc-default-executor-0] INFO  impl.SimpleStateMachineStorage (SimpleStateMachineStorage.java:loadLatestSnapshot(230)) - Latest snapshot is null in /home/runner/work/ratis/ratis/ratis-test/target/test/data/d6c3ea1c/MiniRaftClusterWithGrpcf715ded6/s5/5913e5d7-f0d0-40b3-8fb1-6d5932270d9d/sm
2025-09-08 20:28:00,325 [s4@group-6D5932270D9D->s3-GrpcLogAppender-LogAppenderDaemon] INFO  impl.SimpleStateMachineStorage (SimpleStateMachineStorage.java:loadLatestSnapshot(230)) - Latest snapshot is null in /home/runner/work/ratis/ratis/ratis-test/target/test/data/d6c3ea1c/MiniRaftClusterWithGrpcf715ded6/s4/5913e5d7-f0d0-40b3-8fb1-6d5932270d9d/sm
2025-09-08 20:28:00,325 [grpc-default-executor-0] INFO  impl.SimpleStateMachineStorage (SimpleStateMachineStorage.java:loadLatestSnapshot(230)) - Latest snapshot is null in /home/runner/work/ratis/ratis/ratis-test/target/test/data/d6c3ea1c/MiniRaftClusterWithGrpcf715ded6/s3/5913e5d7-f0d0-40b3-8fb1-6d5932270d9d/sm
2025-09-08 20:28:00,401 [s4@group-6D5932270D9D->s3-GrpcLogAppender-LogAppenderDaemon] INFO  impl.SimpleStateMachineStorage (SimpleStateMachineStorage.java:loadLatestSnapshot(230)) - Latest snapshot is null in /home/runner/work/ratis/ratis/ratis-test/target/test/data/d6c3ea1c/MiniRaftClusterWithGrpcf715ded6/s4/5913e5d7-f0d0-40b3-8fb1-6d5932270d9d/sm
2025-09-08 20:28:00,401 [s4@group-6D5932270D9D->s5-GrpcLogAppender-LogAppenderDaemon] INFO  impl.SimpleStateMachineStorage (SimpleStateMachineStorage.java:loadLatestSnapshot(230)) - Latest snapshot is null in /home/runner/work/ratis/ratis/ratis-test/target/test/data/d6c3ea1c/MiniRaftClusterWithGrpcf715ded6/s4/5913e5d7-f0d0-40b3-8fb1-6d5932270d9d/sm
2025-09-08 20:28:00,402 [grpc-default-executor-12] INFO  impl.SimpleStateMachineStorage (SimpleStateMachineStorage.java:loadLatestSnapshot(230)) - Latest snapshot is null in /home/runner/work/ratis/ratis/ratis-test/target/test/data/d6c3ea1c/MiniRaftClusterWithGrpcf715ded6/s5/5913e5d7-f0d0-40b3-8fb1-6d5932270d9d/sm
2025-09-08 20:28:00,402 [grpc-default-executor-0] INFO  impl.SimpleStateMachineStorage (SimpleStateMachineStorage.java:loadLatestSnapshot(230)) - Latest snapshot is null in /home/runner/work/ratis/ratis/ratis-test/target/test/data/d6c3ea1c/MiniRaftClusterWithGrpcf715ded6/s3/5913e5d7-f0d0-40b3-8fb1-6d5932270d9d/sm
2025-09-08 20:28:00,477 [s4@group-6D5932270D9D->s3-GrpcLogAppender-LogAppenderDaemon] INFO  impl.SimpleStateMachineStorage (SimpleStateMachineStorage.java:loadLatestSnapshot(230)) - Latest snapshot is null in /home/runner/work/ratis/ratis/ratis-test/target/test/data/d6c3ea1c/MiniRaftClusterWithGrpcf715ded6/s4/5913e5d7-f0d0-40b3-8fb1-6d5932270d9d/sm
2025-09-08 20:28:00,478 [grpc-default-executor-0] INFO  impl.SimpleStateMachineStorage (SimpleStateMachineStorage.java:loadLatestSnapshot(230)) - Latest snapshot is null in /home/runner/work/ratis/ratis/ratis-test/target/test/data/d6c3ea1c/MiniRaftClusterWithGrpcf715ded6/s3/5913e5d7-f0d0-40b3-8fb1-6d5932270d9d/sm
2025-09-08 20:28:00,478 [s4@group-6D5932270D9D->s5-GrpcLogAppender-LogAppenderDaemon] INFO  impl.SimpleStateMachineStorage (SimpleStateMachineStorage.java:loadLatestSnapshot(230)) - Latest snapshot is null in /home/runner/work/ratis/ratis/ratis-test/target/test/data/d6c3ea1c/MiniRaftClusterWithGrpcf715ded6/s4/5913e5d7-f0d0-40b3-8fb1-6d5932270d9d/sm
2025-09-08 20:28:00,479 [grpc-default-executor-0] INFO  impl.SimpleStateMachineStorage (SimpleStateMachineStorage.java:loadLatestSnapshot(230)) - Latest snapshot is null in /home/runner/work/ratis/ratis/ratis-test/target/test/data/d6c3ea1c/MiniRaftClusterWithGrpcf715ded6/s5/5913e5d7-f0d0-40b3-8fb1-6d5932270d9d/sm
2025-09-08 20:28:00,553 [s4@group-6D5932270D9D->s3-GrpcLogAppender-LogAppenderDaemon] INFO  impl.SimpleStateMachineStorage (SimpleStateMachineStorage.java:loadLatestSnapshot(230)) - Latest snapshot is null in /home/runner/work/ratis/ratis/ratis-test/target/test/data/d6c3ea1c/MiniRaftClusterWithGrpcf715ded6/s4/5913e5d7-f0d0-40b3-8fb1-6d5932270d9d/sm
2025-09-08 20:28:00,554 [grpc-default-executor-0] INFO  impl.SimpleStateMachineStorage (SimpleStateMachineStorage.java:loadLatestSnapshot(230)) - Latest snapshot is null in /home/runner/work/ratis/ratis/ratis-test/target/test/data/d6c3ea1c/MiniRaftClusterWithGrpcf715ded6/s3/5913e5d7-f0d0-40b3-8fb1-6d5932270d9d/sm
2025-09-08 20:28:00,555 [s4@group-6D5932270D9D->s5-GrpcLogAppender-LogAppenderDaemon] INFO  impl.SimpleStateMachineStorage (SimpleStateMachineStorage.java:loadLatestSnapshot(230)) - Latest snapshot is null in /home/runner/work/ratis/ratis/ratis-test/target/test/data/d6c3ea1c/MiniRaftClusterWithGrpcf715ded6/s4/5913e5d7-f0d0-40b3-8fb1-6d5932270d9d/sm
2025-09-08 20:28:00,555 [grpc-default-executor-0] INFO  impl.SimpleStateMachineStorage (SimpleStateMachineStorage.java:loadLatestSnapshot(230)) - Latest snapshot is null in /home/runner/work/ratis/ratis/ratis-test/target/test/data/d6c3ea1c/MiniRaftClusterWithGrpcf715ded6/s5/5913e5d7-f0d0-40b3-8fb1-6d5932270d9d/sm
2025-09-08 20:28:00,631 [s4@group-6D5932270D9D->s5-GrpcLogAppender-LogAppenderDaemon] INFO  impl.SimpleStateMachineStorage (SimpleStateMachineStorage.java:loadLatestSnapshot(230)) - Latest snapshot is null in /home/runner/work/ratis/ratis/ratis-test/target/test/data/d6c3ea1c/MiniRaftClusterWithGrpcf715ded6/s4/5913e5d7-f0d0-40b3-8fb1-6d5932270d9d/sm
2025-09-08 20:28:00,631 [s4@group-6D5932270D9D->s3-GrpcLogAppender-LogAppenderDaemon] INFO  impl.SimpleStateMachineStorage (SimpleStateMachineStorage.java:loadLatestSnapshot(230)) - Latest snapshot is null in /home/runner/work/ratis/ratis/ratis-test/target/test/data/d6c3ea1c/MiniRaftClusterWithGrpcf715ded6/s4/5913e5d7-f0d0-40b3-8fb1-6d5932270d9d/sm
2025-09-08 20:28:00,632 [grpc-default-executor-12] INFO  impl.SimpleStateMachineStorage (SimpleStateMachineStorage.java:loadLatestSnapshot(230)) - Latest snapshot is null in /home/runner/work/ratis/ratis/ratis-test/target/test/data/d6c3ea1c/MiniRaftClusterWithGrpcf715ded6/s3/5913e5d7-f0d0-40b3-8fb1-6d5932270d9d/sm
2025-09-08 20:28:00,632 [grpc-default-executor-0] INFO  impl.SimpleStateMachineStorage (SimpleStateMachineStorage.java:loadLatestSnapshot(230)) - Latest snapshot is null in /home/runner/work/ratis/ratis/ratis-test/target/test/data/d6c3ea1c/MiniRaftClusterWithGrpcf715ded6/s5/5913e5d7-f0d0-40b3-8fb1-6d5932270d9d/sm
2025-09-08 20:28:00,709 [s4@group-6D5932270D9D->s5-GrpcLogAppender-LogAppenderDaemon] INFO  impl.SimpleStateMachineStorage (SimpleStateMachineStorage.java:loadLatestSnapshot(230)) - Latest snapshot is null in /home/runner/work/ratis/ratis/ratis-test/target/test/data/d6c3ea1c/MiniRaftClusterWithGrpcf715ded6/s4/5913e5d7-f0d0-40b3-8fb1-6d5932270d9d/sm
2025-09-08 20:28:00,709 [s4@group-6D5932270D9D->s3-GrpcLogAppender-LogAppenderDaemon] INFO  impl.SimpleStateMachineStorage (SimpleStateMachineStorage.java:loadLatestSnapshot(230)) - Latest snapshot is null in /home/runner/work/ratis/ratis/ratis-test/target/test/data/d6c3ea1c/MiniRaftClusterWithGrpcf715ded6/s4/5913e5d7-f0d0-40b3-8fb1-6d5932270d9d/sm
2025-09-08 20:28:00,710 [grpc-default-executor-0] INFO  impl.SimpleStateMachineStorage (SimpleStateMachineStorage.java:loadLatestSnapshot(230)) - Latest snapshot is null in /home/runner/work/ratis/ratis/ratis-test/target/test/data/d6c3ea1c/MiniRaftClusterWithGrpcf715ded6/s5/5913e5d7-f0d0-40b3-8fb1-6d5932270d9d/sm
2025-09-08 20:28:00,710 [grpc-default-executor-12] INFO  impl.SimpleStateMachineStorage (SimpleStateMachineStorage.java:loadLatestSnapshot(230)) - Latest snapshot is null in /home/runner/work/ratis/ratis/ratis-test/target/test/data/d6c3ea1c/MiniRaftClusterWithGrpcf715ded6/s3/5913e5d7-f0d0-40b3-8fb1-6d5932270d9d/sm
2025-09-08 20:28:00,753 [s4@group-6D5932270D9D-SegmentedRaftLogWorker] WARN  segmented.SegmentedRaftLogWorker (SegmentedRaftLogWorker.java:getFromFuture(98)) - Timeout 1/~
org.apache.ratis.protocol.exceptions.TimeoutIOException: Timeout 10s: s4@group-6D5932270D9D-SegmentedRaftLogWorker-flushStateMachineData
	at org.apache.ratis.util.IOUtils.getFromFuture(IOUtils.java:89)
	at org.apache.ratis.server.raftlog.segmented.SegmentedRaftLogWorker$StateMachineDataPolicy.getFromFuture(SegmentedRaftLogWorker.java:95)
	at org.apache.ratis.server.raftlog.segmented.SegmentedRaftLogWorker.flushIfNecessary(SegmentedRaftLogWorker.java:377)
	at org.apache.ratis.server.raftlog.segmented.SegmentedRaftLogWorker.access$1200(SegmentedRaftLogWorker.java:64)
	at org.apache.ratis.server.raftlog.segmented.SegmentedRaftLogWorker$WriteLog.execute(SegmentedRaftLogWorker.java:561)
	at org.apache.ratis.server.raftlog.segmented.SegmentedRaftLogWorker.run(SegmentedRaftLogWorker.java:317)
	at java.util.concurrent.Executors$RunnableAdapter.call(Executors.java:511)
	at java.util.concurrent.FutureTask.run(FutureTask.java:266)
	at java.util.concurrent.ThreadPoolExecutor.runWorker(ThreadPoolExecutor.java:1149)
	at java.util.concurrent.ThreadPoolExecutor$Worker.run(ThreadPoolExecutor.java:624)
	at java.lang.Thread.run(Thread.java:750)
Caused by: java.util.concurrent.TimeoutException
	at java.util.concurrent.CompletableFuture.timedGet(CompletableFuture.java:1784)
	at java.util.concurrent.CompletableFuture.get(CompletableFuture.java:1928)
	at org.apache.ratis.util.IOUtils.getFromFuture(IOUtils.java:80)
	... 10 more
2025-09-08 20:28:00,788 [s4@group-6D5932270D9D->s5-GrpcLogAppender-LogAppenderDaemon] INFO  impl.SimpleStateMachineStorage (SimpleStateMachineStorage.java:loadLatestSnapshot(230)) - Latest snapshot is null in /home/runner/work/ratis/ratis/ratis-test/target/test/data/d6c3ea1c/MiniRaftClusterWithGrpcf715ded6/s4/5913e5d7-f0d0-40b3-8fb1-6d5932270d9d/sm
2025-09-08 20:28:00,788 [s4@group-6D5932270D9D->s3-GrpcLogAppender-LogAppenderDaemon] INFO  impl.SimpleStateMachineStorage (SimpleStateMachineStorage.java:loadLatestSnapshot(230)) - Latest snapshot is null in /home/runner/work/ratis/ratis/ratis-test/target/test/data/d6c3ea1c/MiniRaftClusterWithGrpcf715ded6/s4/5913e5d7-f0d0-40b3-8fb1-6d5932270d9d/sm
2025-09-08 20:28:00,788 [grpc-default-executor-12] INFO  impl.SimpleStateMachineStorage (SimpleStateMachineStorage.java:loadLatestSnapshot(230)) - Latest snapshot is null in /home/runner/work/ratis/ratis/ratis-test/target/test/data/d6c3ea1c/MiniRaftClusterWithGrpcf715ded6/s5/5913e5d7-f0d0-40b3-8fb1-6d5932270d9d/sm
2025-09-08 20:28:00,788 [grpc-default-executor-0] INFO  impl.SimpleStateMachineStorage (SimpleStateMachineStorage.java:loadLatestSnapshot(230)) - Latest snapshot is null in /home/runner/work/ratis/ratis/ratis-test/target/test/data/d6c3ea1c/MiniRaftClusterWithGrpcf715ded6/s3/5913e5d7-f0d0-40b3-8fb1-6d5932270d9d/sm
2025-09-08 20:28:00,832 [Thread-320] WARN  grpc.GrpcUtil (GrpcUtil.java:shutdownManagedChannel(226)) - Timed out gracefully shutting down connection: ManagedChannelOrphanWrapper{delegate=ManagedChannelImpl{logId=419, target=localhost:15042}}. 
2025-09-08 20:28:00,864 [s4@group-6D5932270D9D->s3-GrpcLogAppender-LogAppenderDaemon] INFO  impl.SimpleStateMachineStorage (SimpleStateMachineStorage.java:loadLatestSnapshot(230)) - Latest snapshot is null in /home/runner/work/ratis/ratis/ratis-test/target/test/data/d6c3ea1c/MiniRaftClusterWithGrpcf715ded6/s4/5913e5d7-f0d0-40b3-8fb1-6d5932270d9d/sm
2025-09-08 20:28:00,865 [grpc-default-executor-12] INFO  impl.SimpleStateMachineStorage (SimpleStateMachineStorage.java:loadLatestSnapshot(230)) - Latest snapshot is null in /home/runner/work/ratis/ratis/ratis-test/target/test/data/d6c3ea1c/MiniRaftClusterWithGrpcf715ded6/s3/5913e5d7-f0d0-40b3-8fb1-6d5932270d9d/sm
2025-09-08 20:28:00,865 [s4@group-6D5932270D9D->s5-GrpcLogAppender-LogAppenderDaemon] INFO  impl.SimpleStateMachineStorage (SimpleStateMachineStorage.java:loadLatestSnapshot(230)) - Latest snapshot is null in /home/runner/work/ratis/ratis/ratis-test/target/test/data/d6c3ea1c/MiniRaftClusterWithGrpcf715ded6/s4/5913e5d7-f0d0-40b3-8fb1-6d5932270d9d/sm
2025-09-08 20:28:00,865 [grpc-default-executor-12] INFO  impl.SimpleStateMachineStorage (SimpleStateMachineStorage.java:loadLatestSnapshot(230)) - Latest snapshot is null in /home/runner/work/ratis/ratis/ratis-test/target/test/data/d6c3ea1c/MiniRaftClusterWithGrpcf715ded6/s5/5913e5d7-f0d0-40b3-8fb1-6d5932270d9d/sm
2025-09-08 20:28:00,941 [s4@group-6D5932270D9D->s5-GrpcLogAppender-LogAppenderDaemon] INFO  impl.SimpleStateMachineStorage (SimpleStateMachineStorage.java:loadLatestSnapshot(230)) - Latest snapshot is null in /home/runner/work/ratis/ratis/ratis-test/target/test/data/d6c3ea1c/MiniRaftClusterWithGrpcf715ded6/s4/5913e5d7-f0d0-40b3-8fb1-6d5932270d9d/sm
2025-09-08 20:28:00,941 [s4@group-6D5932270D9D->s3-GrpcLogAppender-LogAppenderDaemon] INFO  impl.SimpleStateMachineStorage (SimpleStateMachineStorage.java:loadLatestSnapshot(230)) - Latest snapshot is null in /home/runner/work/ratis/ratis/ratis-test/target/test/data/d6c3ea1c/MiniRaftClusterWithGrpcf715ded6/s4/5913e5d7-f0d0-40b3-8fb1-6d5932270d9d/sm
2025-09-08 20:28:00,942 [grpc-default-executor-12] INFO  impl.SimpleStateMachineStorage (SimpleStateMachineStorage.java:loadLatestSnapshot(230)) - Latest snapshot is null in /home/runner/work/ratis/ratis/ratis-test/target/test/data/d6c3ea1c/MiniRaftClusterWithGrpcf715ded6/s5/5913e5d7-f0d0-40b3-8fb1-6d5932270d9d/sm
2025-09-08 20:28:00,942 [grpc-default-executor-12] INFO  impl.SimpleStateMachineStorage (SimpleStateMachineStorage.java:loadLatestSnapshot(230)) - Latest snapshot is null in /home/runner/work/ratis/ratis/ratis-test/target/test/data/d6c3ea1c/MiniRaftClusterWithGrpcf715ded6/s3/5913e5d7-f0d0-40b3-8fb1-6d5932270d9d/sm
2025-09-08 20:28:01,018 [s4@group-6D5932270D9D->s5-GrpcLogAppender-LogAppenderDaemon] INFO  impl.SimpleStateMachineStorage (SimpleStateMachineStorage.java:loadLatestSnapshot(230)) - Latest snapshot is null in /home/runner/work/ratis/ratis/ratis-test/target/test/data/d6c3ea1c/MiniRaftClusterWithGrpcf715ded6/s4/5913e5d7-f0d0-40b3-8fb1-6d5932270d9d/sm
2025-09-08 20:28:01,019 [s4@group-6D5932270D9D->s3-GrpcLogAppender-LogAppenderDaemon] INFO  impl.SimpleStateMachineStorage (SimpleStateMachineStorage.java:loadLatestSnapshot(230)) - Latest snapshot is null in /home/runner/work/ratis/ratis/ratis-test/target/test/data/d6c3ea1c/MiniRaftClusterWithGrpcf715ded6/s4/5913e5d7-f0d0-40b3-8fb1-6d5932270d9d/sm
2025-09-08 20:28:01,019 [grpc-default-executor-0] INFO  impl.SimpleStateMachineStorage (SimpleStateMachineStorage.java:loadLatestSnapshot(230)) - Latest snapshot is null in /home/runner/work/ratis/ratis/ratis-test/target/test/data/d6c3ea1c/MiniRaftClusterWithGrpcf715ded6/s3/5913e5d7-f0d0-40b3-8fb1-6d5932270d9d/sm
2025-09-08 20:28:01,019 [grpc-default-executor-12] INFO  impl.SimpleStateMachineStorage (SimpleStateMachineStorage.java:loadLatestSnapshot(230)) - Latest snapshot is null in /home/runner/work/ratis/ratis/ratis-test/target/test/data/d6c3ea1c/MiniRaftClusterWithGrpcf715ded6/s5/5913e5d7-f0d0-40b3-8fb1-6d5932270d9d/sm
2025-09-08 20:28:01,095 [s4@group-6D5932270D9D->s3-GrpcLogAppender-LogAppenderDaemon] INFO  impl.SimpleStateMachineStorage (SimpleStateMachineStorage.java:loadLatestSnapshot(230)) - Latest snapshot is null in /home/runner/work/ratis/ratis/ratis-test/target/test/data/d6c3ea1c/MiniRaftClusterWithGrpcf715ded6/s4/5913e5d7-f0d0-40b3-8fb1-6d5932270d9d/sm
2025-09-08 20:28:01,096 [grpc-default-executor-12] INFO  impl.SimpleStateMachineStorage (SimpleStateMachineStorage.java:loadLatestSnapshot(230)) - Latest snapshot is null in /home/runner/work/ratis/ratis/ratis-test/target/test/data/d6c3ea1c/MiniRaftClusterWithGrpcf715ded6/s3/5913e5d7-f0d0-40b3-8fb1-6d5932270d9d/sm
2025-09-08 20:28:01,096 [s4@group-6D5932270D9D->s5-GrpcLogAppender-LogAppenderDaemon] INFO  impl.SimpleStateMachineStorage (SimpleStateMachineStorage.java:loadLatestSnapshot(230)) - Latest snapshot is null in /home/runner/work/ratis/ratis/ratis-test/target/test/data/d6c3ea1c/MiniRaftClusterWithGrpcf715ded6/s4/5913e5d7-f0d0-40b3-8fb1-6d5932270d9d/sm
2025-09-08 20:28:01,097 [grpc-default-executor-12] INFO  impl.SimpleStateMachineStorage (SimpleStateMachineStorage.java:loadLatestSnapshot(230)) - Latest snapshot is null in /home/runner/work/ratis/ratis/ratis-test/target/test/data/d6c3ea1c/MiniRaftClusterWithGrpcf715ded6/s5/5913e5d7-f0d0-40b3-8fb1-6d5932270d9d/sm
2025-09-08 20:28:01,172 [s4@group-6D5932270D9D->s5-GrpcLogAppender-LogAppenderDaemon] INFO  impl.SimpleStateMachineStorage (SimpleStateMachineStorage.java:loadLatestSnapshot(230)) - Latest snapshot is null in /home/runner/work/ratis/ratis/ratis-test/target/test/data/d6c3ea1c/MiniRaftClusterWithGrpcf715ded6/s4/5913e5d7-f0d0-40b3-8fb1-6d5932270d9d/sm
2025-09-08 20:28:01,173 [grpc-default-executor-12] INFO  impl.SimpleStateMachineStorage (SimpleStateMachineStorage.java:loadLatestSnapshot(230)) - Latest snapshot is null in /home/runner/work/ratis/ratis/ratis-test/target/test/data/d6c3ea1c/MiniRaftClusterWithGrpcf715ded6/s5/5913e5d7-f0d0-40b3-8fb1-6d5932270d9d/sm
2025-09-08 20:28:01,173 [s4@group-6D5932270D9D->s3-GrpcLogAppender-LogAppenderDaemon] INFO  impl.SimpleStateMachineStorage (SimpleStateMachineStorage.java:loadLatestSnapshot(230)) - Latest snapshot is null in /home/runner/work/ratis/ratis/ratis-test/target/test/data/d6c3ea1c/MiniRaftClusterWithGrpcf715ded6/s4/5913e5d7-f0d0-40b3-8fb1-6d5932270d9d/sm
2025-09-08 20:28:01,173 [grpc-default-executor-0] INFO  impl.SimpleStateMachineStorage (SimpleStateMachineStorage.java:loadLatestSnapshot(230)) - Latest snapshot is null in /home/runner/work/ratis/ratis/ratis-test/target/test/data/d6c3ea1c/MiniRaftClusterWithGrpcf715ded6/s3/5913e5d7-f0d0-40b3-8fb1-6d5932270d9d/sm
2025-09-08 20:28:01,248 [s4@group-6D5932270D9D->s5-GrpcLogAppender-LogAppenderDaemon] INFO  impl.SimpleStateMachineStorage (SimpleStateMachineStorage.java:loadLatestSnapshot(230)) - Latest snapshot is null in /home/runner/work/ratis/ratis/ratis-test/target/test/data/d6c3ea1c/MiniRaftClusterWithGrpcf715ded6/s4/5913e5d7-f0d0-40b3-8fb1-6d5932270d9d/sm
2025-09-08 20:28:01,249 [s4@group-6D5932270D9D->s3-GrpcLogAppender-LogAppenderDaemon] INFO  impl.SimpleStateMachineStorage (SimpleStateMachineStorage.java:loadLatestSnapshot(230)) - Latest snapshot is null in /home/runner/work/ratis/ratis/ratis-test/target/test/data/d6c3ea1c/MiniRaftClusterWithGrpcf715ded6/s4/5913e5d7-f0d0-40b3-8fb1-6d5932270d9d/sm
2025-09-08 20:28:01,249 [grpc-default-executor-0] INFO  impl.SimpleStateMachineStorage (SimpleStateMachineStorage.java:loadLatestSnapshot(230)) - Latest snapshot is null in /home/runner/work/ratis/ratis/ratis-test/target/test/data/d6c3ea1c/MiniRaftClusterWithGrpcf715ded6/s5/5913e5d7-f0d0-40b3-8fb1-6d5932270d9d/sm
2025-09-08 20:28:01,249 [grpc-default-executor-12] INFO  impl.SimpleStateMachineStorage (SimpleStateMachineStorage.java:loadLatestSnapshot(230)) - Latest snapshot is null in /home/runner/work/ratis/ratis/ratis-test/target/test/data/d6c3ea1c/MiniRaftClusterWithGrpcf715ded6/s3/5913e5d7-f0d0-40b3-8fb1-6d5932270d9d/sm
2025-09-08 20:28:01,325 [s4@group-6D5932270D9D->s5-GrpcLogAppender-LogAppenderDaemon] INFO  impl.SimpleStateMachineStorage (SimpleStateMachineStorage.java:loadLatestSnapshot(230)) - Latest snapshot is null in /home/runner/work/ratis/ratis/ratis-test/target/test/data/d6c3ea1c/MiniRaftClusterWithGrpcf715ded6/s4/5913e5d7-f0d0-40b3-8fb1-6d5932270d9d/sm
2025-09-08 20:28:01,325 [s4@group-6D5932270D9D->s3-GrpcLogAppender-LogAppenderDaemon] INFO  impl.SimpleStateMachineStorage (SimpleStateMachineStorage.java:loadLatestSnapshot(230)) - Latest snapshot is null in /home/runner/work/ratis/ratis/ratis-test/target/test/data/d6c3ea1c/MiniRaftClusterWithGrpcf715ded6/s4/5913e5d7-f0d0-40b3-8fb1-6d5932270d9d/sm
2025-09-08 20:28:01,326 [grpc-default-executor-0] INFO  impl.SimpleStateMachineStorage (SimpleStateMachineStorage.java:loadLatestSnapshot(230)) - Latest snapshot is null in /home/runner/work/ratis/ratis/ratis-test/target/test/data/d6c3ea1c/MiniRaftClusterWithGrpcf715ded6/s5/5913e5d7-f0d0-40b3-8fb1-6d5932270d9d/sm
2025-09-08 20:28:01,326 [grpc-default-executor-12] INFO  impl.SimpleStateMachineStorage (SimpleStateMachineStorage.java:loadLatestSnapshot(230)) - Latest snapshot is null in /home/runner/work/ratis/ratis/ratis-test/target/test/data/d6c3ea1c/MiniRaftClusterWithGrpcf715ded6/s3/5913e5d7-f0d0-40b3-8fb1-6d5932270d9d/sm
2025-09-08 20:28:01,403 [s4@group-6D5932270D9D->s3-GrpcLogAppender-LogAppenderDaemon] INFO  impl.SimpleStateMachineStorage (SimpleStateMachineStorage.java:loadLatestSnapshot(230)) - Latest snapshot is null in /home/runner/work/ratis/ratis/ratis-test/target/test/data/d6c3ea1c/MiniRaftClusterWithGrpcf715ded6/s4/5913e5d7-f0d0-40b3-8fb1-6d5932270d9d/sm
2025-09-08 20:28:01,403 [s4@group-6D5932270D9D->s5-GrpcLogAppender-LogAppenderDaemon] INFO  impl.SimpleStateMachineStorage (SimpleStateMachineStorage.java:loadLatestSnapshot(230)) - Latest snapshot is null in /home/runner/work/ratis/ratis/ratis-test/target/test/data/d6c3ea1c/MiniRaftClusterWithGrpcf715ded6/s4/5913e5d7-f0d0-40b3-8fb1-6d5932270d9d/sm
2025-09-08 20:28:01,403 [grpc-default-executor-0] INFO  impl.SimpleStateMachineStorage (SimpleStateMachineStorage.java:loadLatestSnapshot(230)) - Latest snapshot is null in /home/runner/work/ratis/ratis/ratis-test/target/test/data/d6c3ea1c/MiniRaftClusterWithGrpcf715ded6/s3/5913e5d7-f0d0-40b3-8fb1-6d5932270d9d/sm
2025-09-08 20:28:01,403 [grpc-default-executor-12] INFO  impl.SimpleStateMachineStorage (SimpleStateMachineStorage.java:loadLatestSnapshot(230)) - Latest snapshot is null in /home/runner/work/ratis/ratis/ratis-test/target/test/data/d6c3ea1c/MiniRaftClusterWithGrpcf715ded6/s5/5913e5d7-f0d0-40b3-8fb1-6d5932270d9d/sm
2025-09-08 20:28:01,479 [s4@group-6D5932270D9D->s5-GrpcLogAppender-LogAppenderDaemon] INFO  impl.SimpleStateMachineStorage (SimpleStateMachineStorage.java:loadLatestSnapshot(230)) - Latest snapshot is null in /home/runner/work/ratis/ratis/ratis-test/target/test/data/d6c3ea1c/MiniRaftClusterWithGrpcf715ded6/s4/5913e5d7-f0d0-40b3-8fb1-6d5932270d9d/sm
2025-09-08 20:28:01,479 [grpc-default-executor-0] INFO  impl.SimpleStateMachineStorage (SimpleStateMachineStorage.java:loadLatestSnapshot(230)) - Latest snapshot is null in /home/runner/work/ratis/ratis/ratis-test/target/test/data/d6c3ea1c/MiniRaftClusterWithGrpcf715ded6/s5/5913e5d7-f0d0-40b3-8fb1-6d5932270d9d/sm
2025-09-08 20:28:01,480 [s4@group-6D5932270D9D->s3-GrpcLogAppender-LogAppenderDaemon] INFO  impl.SimpleStateMachineStorage (SimpleStateMachineStorage.java:loadLatestSnapshot(230)) - Latest snapshot is null in /home/runner/work/ratis/ratis/ratis-test/target/test/data/d6c3ea1c/MiniRaftClusterWithGrpcf715ded6/s4/5913e5d7-f0d0-40b3-8fb1-6d5932270d9d/sm
2025-09-08 20:28:01,480 [grpc-default-executor-0] INFO  impl.SimpleStateMachineStorage (SimpleStateMachineStorage.java:loadLatestSnapshot(230)) - Latest snapshot is null in /home/runner/work/ratis/ratis/ratis-test/target/test/data/d6c3ea1c/MiniRaftClusterWithGrpcf715ded6/s3/5913e5d7-f0d0-40b3-8fb1-6d5932270d9d/sm
2025-09-08 20:28:01,556 [s4@group-6D5932270D9D->s5-GrpcLogAppender-LogAppenderDaemon] INFO  impl.SimpleStateMachineStorage (SimpleStateMachineStorage.java:loadLatestSnapshot(230)) - Latest snapshot is null in /home/runner/work/ratis/ratis/ratis-test/target/test/data/d6c3ea1c/MiniRaftClusterWithGrpcf715ded6/s4/5913e5d7-f0d0-40b3-8fb1-6d5932270d9d/sm
2025-09-08 20:28:01,557 [grpc-default-executor-0] INFO  impl.SimpleStateMachineStorage (SimpleStateMachineStorage.java:loadLatestSnapshot(230)) - Latest snapshot is null in /home/runner/work/ratis/ratis/ratis-test/target/test/data/d6c3ea1c/MiniRaftClusterWithGrpcf715ded6/s5/5913e5d7-f0d0-40b3-8fb1-6d5932270d9d/sm
2025-09-08 20:28:01,557 [s4@group-6D5932270D9D->s3-GrpcLogAppender-LogAppenderDaemon] INFO  impl.SimpleStateMachineStorage (SimpleStateMachineStorage.java:loadLatestSnapshot(230)) - Latest snapshot is null in /home/runner/work/ratis/ratis/ratis-test/target/test/data/d6c3ea1c/MiniRaftClusterWithGrpcf715ded6/s4/5913e5d7-f0d0-40b3-8fb1-6d5932270d9d/sm
2025-09-08 20:28:01,558 [grpc-default-executor-12] INFO  impl.SimpleStateMachineStorage (SimpleStateMachineStorage.java:loadLatestSnapshot(230)) - Latest snapshot is null in /home/runner/work/ratis/ratis/ratis-test/target/test/data/d6c3ea1c/MiniRaftClusterWithGrpcf715ded6/s3/5913e5d7-f0d0-40b3-8fb1-6d5932270d9d/sm
2025-09-08 20:28:01,633 [s4@group-6D5932270D9D->s3-GrpcLogAppender-LogAppenderDaemon] INFO  impl.SimpleStateMachineStorage (SimpleStateMachineStorage.java:loadLatestSnapshot(230)) - Latest snapshot is null in /home/runner/work/ratis/ratis/ratis-test/target/test/data/d6c3ea1c/MiniRaftClusterWithGrpcf715ded6/s4/5913e5d7-f0d0-40b3-8fb1-6d5932270d9d/sm
2025-09-08 20:28:01,634 [s4@group-6D5932270D9D->s5-GrpcLogAppender-LogAppenderDaemon] INFO  impl.SimpleStateMachineStorage (SimpleStateMachineStorage.java:loadLatestSnapshot(230)) - Latest snapshot is null in /home/runner/work/ratis/ratis/ratis-test/target/test/data/d6c3ea1c/MiniRaftClusterWithGrpcf715ded6/s4/5913e5d7-f0d0-40b3-8fb1-6d5932270d9d/sm
2025-09-08 20:28:01,634 [grpc-default-executor-12] INFO  impl.SimpleStateMachineStorage (SimpleStateMachineStorage.java:loadLatestSnapshot(230)) - Latest snapshot is null in /home/runner/work/ratis/ratis/ratis-test/target/test/data/d6c3ea1c/MiniRaftClusterWithGrpcf715ded6/s3/5913e5d7-f0d0-40b3-8fb1-6d5932270d9d/sm
2025-09-08 20:28:01,634 [grpc-default-executor-12] INFO  impl.SimpleStateMachineStorage (SimpleStateMachineStorage.java:loadLatestSnapshot(230)) - Latest snapshot is null in /home/runner/work/ratis/ratis/ratis-test/target/test/data/d6c3ea1c/MiniRaftClusterWithGrpcf715ded6/s5/5913e5d7-f0d0-40b3-8fb1-6d5932270d9d/sm
2025-09-08 20:28:01,710 [s4@group-6D5932270D9D->s3-GrpcLogAppender-LogAppenderDaemon] INFO  impl.SimpleStateMachineStorage (SimpleStateMachineStorage.java:loadLatestSnapshot(230)) - Latest snapshot is null in /home/runner/work/ratis/ratis/ratis-test/target/test/data/d6c3ea1c/MiniRaftClusterWithGrpcf715ded6/s4/5913e5d7-f0d0-40b3-8fb1-6d5932270d9d/sm
2025-09-08 20:28:01,710 [grpc-default-executor-12] INFO  impl.SimpleStateMachineStorage (SimpleStateMachineStorage.java:loadLatestSnapshot(230)) - Latest snapshot is null in /home/runner/work/ratis/ratis/ratis-test/target/test/data/d6c3ea1c/MiniRaftClusterWithGrpcf715ded6/s3/5913e5d7-f0d0-40b3-8fb1-6d5932270d9d/sm
2025-09-08 20:28:01,711 [s4@group-6D5932270D9D->s5-GrpcLogAppender-LogAppenderDaemon] INFO  impl.SimpleStateMachineStorage (SimpleStateMachineStorage.java:loadLatestSnapshot(230)) - Latest snapshot is null in /home/runner/work/ratis/ratis/ratis-test/target/test/data/d6c3ea1c/MiniRaftClusterWithGrpcf715ded6/s4/5913e5d7-f0d0-40b3-8fb1-6d5932270d9d/sm
2025-09-08 20:28:01,711 [grpc-default-executor-12] INFO  impl.SimpleStateMachineStorage (SimpleStateMachineStorage.java:loadLatestSnapshot(230)) - Latest snapshot is null in /home/runner/work/ratis/ratis/ratis-test/target/test/data/d6c3ea1c/MiniRaftClusterWithGrpcf715ded6/s5/5913e5d7-f0d0-40b3-8fb1-6d5932270d9d/sm
2025-09-08 20:28:01,787 [s4@group-6D5932270D9D->s5-GrpcLogAppender-LogAppenderDaemon] INFO  impl.SimpleStateMachineStorage (SimpleStateMachineStorage.java:loadLatestSnapshot(230)) - Latest snapshot is null in /home/runner/work/ratis/ratis/ratis-test/target/test/data/d6c3ea1c/MiniRaftClusterWithGrpcf715ded6/s4/5913e5d7-f0d0-40b3-8fb1-6d5932270d9d/sm
2025-09-08 20:28:01,787 [s4@group-6D5932270D9D->s3-GrpcLogAppender-LogAppenderDaemon] INFO  impl.SimpleStateMachineStorage (SimpleStateMachineStorage.java:loadLatestSnapshot(230)) - Latest snapshot is null in /home/runner/work/ratis/ratis/ratis-test/target/test/data/d6c3ea1c/MiniRaftClusterWithGrpcf715ded6/s4/5913e5d7-f0d0-40b3-8fb1-6d5932270d9d/sm
2025-09-08 20:28:01,787 [grpc-default-executor-12] INFO  impl.SimpleStateMachineStorage (SimpleStateMachineStorage.java:loadLatestSnapshot(230)) - Latest snapshot is null in /home/runner/work/ratis/ratis/ratis-test/target/test/data/d6c3ea1c/MiniRaftClusterWithGrpcf715ded6/s5/5913e5d7-f0d0-40b3-8fb1-6d5932270d9d/sm
2025-09-08 20:28:01,787 [grpc-default-executor-0] INFO  impl.SimpleStateMachineStorage (SimpleStateMachineStorage.java:loadLatestSnapshot(230)) - Latest snapshot is null in /home/runner/work/ratis/ratis/ratis-test/target/test/data/d6c3ea1c/MiniRaftClusterWithGrpcf715ded6/s3/5913e5d7-f0d0-40b3-8fb1-6d5932270d9d/sm
2025-09-08 20:28:01,864 [s4@group-6D5932270D9D->s5-GrpcLogAppender-LogAppenderDaemon] INFO  impl.SimpleStateMachineStorage (SimpleStateMachineStorage.java:loadLatestSnapshot(230)) - Latest snapshot is null in /home/runner/work/ratis/ratis/ratis-test/target/test/data/d6c3ea1c/MiniRaftClusterWithGrpcf715ded6/s4/5913e5d7-f0d0-40b3-8fb1-6d5932270d9d/sm
2025-09-08 20:28:01,864 [s4@group-6D5932270D9D->s3-GrpcLogAppender-LogAppenderDaemon] INFO  impl.SimpleStateMachineStorage (SimpleStateMachineStorage.java:loadLatestSnapshot(230)) - Latest snapshot is null in /home/runner/work/ratis/ratis/ratis-test/target/test/data/d6c3ea1c/MiniRaftClusterWithGrpcf715ded6/s4/5913e5d7-f0d0-40b3-8fb1-6d5932270d9d/sm
2025-09-08 20:28:01,865 [grpc-default-executor-0] INFO  impl.SimpleStateMachineStorage (SimpleStateMachineStorage.java:loadLatestSnapshot(230)) - Latest snapshot is null in /home/runner/work/ratis/ratis/ratis-test/target/test/data/d6c3ea1c/MiniRaftClusterWithGrpcf715ded6/s5/5913e5d7-f0d0-40b3-8fb1-6d5932270d9d/sm
2025-09-08 20:28:01,865 [grpc-default-executor-12] INFO  impl.SimpleStateMachineStorage (SimpleStateMachineStorage.java:loadLatestSnapshot(230)) - Latest snapshot is null in /home/runner/work/ratis/ratis/ratis-test/target/test/data/d6c3ea1c/MiniRaftClusterWithGrpcf715ded6/s3/5913e5d7-f0d0-40b3-8fb1-6d5932270d9d/sm
2025-09-08 20:28:01,941 [s4@group-6D5932270D9D->s3-GrpcLogAppender-LogAppenderDaemon] INFO  impl.SimpleStateMachineStorage (SimpleStateMachineStorage.java:loadLatestSnapshot(230)) - Latest snapshot is null in /home/runner/work/ratis/ratis/ratis-test/target/test/data/d6c3ea1c/MiniRaftClusterWithGrpcf715ded6/s4/5913e5d7-f0d0-40b3-8fb1-6d5932270d9d/sm
2025-09-08 20:28:01,941 [s4@group-6D5932270D9D->s5-GrpcLogAppender-LogAppenderDaemon] INFO  impl.SimpleStateMachineStorage (SimpleStateMachineStorage.java:loadLatestSnapshot(230)) - Latest snapshot is null in /home/runner/work/ratis/ratis/ratis-test/target/test/data/d6c3ea1c/MiniRaftClusterWithGrpcf715ded6/s4/5913e5d7-f0d0-40b3-8fb1-6d5932270d9d/sm
2025-09-08 20:28:01,942 [grpc-default-executor-0] INFO  impl.SimpleStateMachineStorage (SimpleStateMachineStorage.java:loadLatestSnapshot(230)) - Latest snapshot is null in /home/runner/work/ratis/ratis/ratis-test/target/test/data/d6c3ea1c/MiniRaftClusterWithGrpcf715ded6/s3/5913e5d7-f0d0-40b3-8fb1-6d5932270d9d/sm
2025-09-08 20:28:01,942 [grpc-default-executor-12] INFO  impl.SimpleStateMachineStorage (SimpleStateMachineStorage.java:loadLatestSnapshot(230)) - Latest snapshot is null in /home/runner/work/ratis/ratis/ratis-test/target/test/data/d6c3ea1c/MiniRaftClusterWithGrpcf715ded6/s5/5913e5d7-f0d0-40b3-8fb1-6d5932270d9d/sm
2025-09-08 20:28:02,018 [s4@group-6D5932270D9D->s3-GrpcLogAppender-LogAppenderDaemon] INFO  impl.SimpleStateMachineStorage (SimpleStateMachineStorage.java:loadLatestSnapshot(230)) - Latest snapshot is null in /home/runner/work/ratis/ratis/ratis-test/target/test/data/d6c3ea1c/MiniRaftClusterWithGrpcf715ded6/s4/5913e5d7-f0d0-40b3-8fb1-6d5932270d9d/sm
2025-09-08 20:28:02,018 [s4@group-6D5932270D9D->s5-GrpcLogAppender-LogAppenderDaemon] INFO  impl.SimpleStateMachineStorage (SimpleStateMachineStorage.java:loadLatestSnapshot(230)) - Latest snapshot is null in /home/runner/work/ratis/ratis/ratis-test/target/test/data/d6c3ea1c/MiniRaftClusterWithGrpcf715ded6/s4/5913e5d7-f0d0-40b3-8fb1-6d5932270d9d/sm
2025-09-08 20:28:02,019 [grpc-default-executor-0] INFO  impl.SimpleStateMachineStorage (SimpleStateMachineStorage.java:loadLatestSnapshot(230)) - Latest snapshot is null in /home/runner/work/ratis/ratis/ratis-test/target/test/data/d6c3ea1c/MiniRaftClusterWithGrpcf715ded6/s3/5913e5d7-f0d0-40b3-8fb1-6d5932270d9d/sm
2025-09-08 20:28:02,019 [grpc-default-executor-12] INFO  impl.SimpleStateMachineStorage (SimpleStateMachineStorage.java:loadLatestSnapshot(230)) - Latest snapshot is null in /home/runner/work/ratis/ratis/ratis-test/target/test/data/d6c3ea1c/MiniRaftClusterWithGrpcf715ded6/s5/5913e5d7-f0d0-40b3-8fb1-6d5932270d9d/sm
2025-09-08 20:28:02,096 [s4@group-6D5932270D9D->s5-GrpcLogAppender-LogAppenderDaemon] INFO  impl.SimpleStateMachineStorage (SimpleStateMachineStorage.java:loadLatestSnapshot(230)) - Latest snapshot is null in /home/runner/work/ratis/ratis/ratis-test/target/test/data/d6c3ea1c/MiniRaftClusterWithGrpcf715ded6/s4/5913e5d7-f0d0-40b3-8fb1-6d5932270d9d/sm
2025-09-08 20:28:02,096 [s4@group-6D5932270D9D->s3-GrpcLogAppender-LogAppenderDaemon] INFO  impl.SimpleStateMachineStorage (SimpleStateMachineStorage.java:loadLatestSnapshot(230)) - Latest snapshot is null in /home/runner/work/ratis/ratis/ratis-test/target/test/data/d6c3ea1c/MiniRaftClusterWithGrpcf715ded6/s4/5913e5d7-f0d0-40b3-8fb1-6d5932270d9d/sm
2025-09-08 20:28:02,097 [grpc-default-executor-12] INFO  impl.SimpleStateMachineStorage (SimpleStateMachineStorage.java:loadLatestSnapshot(230)) - Latest snapshot is null in /home/runner/work/ratis/ratis/ratis-test/target/test/data/d6c3ea1c/MiniRaftClusterWithGrpcf715ded6/s5/5913e5d7-f0d0-40b3-8fb1-6d5932270d9d/sm
2025-09-08 20:28:02,097 [grpc-default-executor-0] INFO  impl.SimpleStateMachineStorage (SimpleStateMachineStorage.java:loadLatestSnapshot(230)) - Latest snapshot is null in /home/runner/work/ratis/ratis/ratis-test/target/test/data/d6c3ea1c/MiniRaftClusterWithGrpcf715ded6/s3/5913e5d7-f0d0-40b3-8fb1-6d5932270d9d/sm
2025-09-08 20:28:02,173 [s4@group-6D5932270D9D->s5-GrpcLogAppender-LogAppenderDaemon] INFO  impl.SimpleStateMachineStorage (SimpleStateMachineStorage.java:loadLatestSnapshot(230)) - Latest snapshot is null in /home/runner/work/ratis/ratis/ratis-test/target/test/data/d6c3ea1c/MiniRaftClusterWithGrpcf715ded6/s4/5913e5d7-f0d0-40b3-8fb1-6d5932270d9d/sm
2025-09-08 20:28:02,173 [grpc-default-executor-12] INFO  impl.SimpleStateMachineStorage (SimpleStateMachineStorage.java:loadLatestSnapshot(230)) - Latest snapshot is null in /home/runner/work/ratis/ratis/ratis-test/target/test/data/d6c3ea1c/MiniRaftClusterWithGrpcf715ded6/s5/5913e5d7-f0d0-40b3-8fb1-6d5932270d9d/sm
2025-09-08 20:28:02,174 [s4@group-6D5932270D9D->s3-GrpcLogAppender-LogAppenderDaemon] INFO  impl.SimpleStateMachineStorage (SimpleStateMachineStorage.java:loadLatestSnapshot(230)) - Latest snapshot is null in /home/runner/work/ratis/ratis/ratis-test/target/test/data/d6c3ea1c/MiniRaftClusterWithGrpcf715ded6/s4/5913e5d7-f0d0-40b3-8fb1-6d5932270d9d/sm
2025-09-08 20:28:02,174 [grpc-default-executor-12] INFO  impl.SimpleStateMachineStorage (SimpleStateMachineStorage.java:loadLatestSnapshot(230)) - Latest snapshot is null in /home/runner/work/ratis/ratis/ratis-test/target/test/data/d6c3ea1c/MiniRaftClusterWithGrpcf715ded6/s3/5913e5d7-f0d0-40b3-8fb1-6d5932270d9d/sm
2025-09-08 20:28:02,250 [s4@group-6D5932270D9D->s5-GrpcLogAppender-LogAppenderDaemon] INFO  impl.SimpleStateMachineStorage (SimpleStateMachineStorage.java:loadLatestSnapshot(230)) - Latest snapshot is null in /home/runner/work/ratis/ratis/ratis-test/target/test/data/d6c3ea1c/MiniRaftClusterWithGrpcf715ded6/s4/5913e5d7-f0d0-40b3-8fb1-6d5932270d9d/sm
2025-09-08 20:28:02,250 [grpc-default-executor-12] INFO  impl.SimpleStateMachineStorage (SimpleStateMachineStorage.java:loadLatestSnapshot(230)) - Latest snapshot is null in /home/runner/work/ratis/ratis/ratis-test/target/test/data/d6c3ea1c/MiniRaftClusterWithGrpcf715ded6/s5/5913e5d7-f0d0-40b3-8fb1-6d5932270d9d/sm
2025-09-08 20:28:02,251 [s4@group-6D5932270D9D->s3-GrpcLogAppender-LogAppenderDaemon] INFO  impl.SimpleStateMachineStorage (SimpleStateMachineStorage.java:loadLatestSnapshot(230)) - Latest snapshot is null in /home/runner/work/ratis/ratis/ratis-test/target/test/data/d6c3ea1c/MiniRaftClusterWithGrpcf715ded6/s4/5913e5d7-f0d0-40b3-8fb1-6d5932270d9d/sm
2025-09-08 20:28:02,251 [grpc-default-executor-12] INFO  impl.SimpleStateMachineStorage (SimpleStateMachineStorage.java:loadLatestSnapshot(230)) - Latest snapshot is null in /home/runner/work/ratis/ratis/ratis-test/target/test/data/d6c3ea1c/MiniRaftClusterWithGrpcf715ded6/s3/5913e5d7-f0d0-40b3-8fb1-6d5932270d9d/sm
2025-09-08 20:28:02,327 [s4@group-6D5932270D9D->s3-GrpcLogAppender-LogAppenderDaemon] INFO  impl.SimpleStateMachineStorage (SimpleStateMachineStorage.java:loadLatestSnapshot(230)) - Latest snapshot is null in /home/runner/work/ratis/ratis/ratis-test/target/test/data/d6c3ea1c/MiniRaftClusterWithGrpcf715ded6/s4/5913e5d7-f0d0-40b3-8fb1-6d5932270d9d/sm
2025-09-08 20:28:02,327 [s4@group-6D5932270D9D->s5-GrpcLogAppender-LogAppenderDaemon] INFO  impl.SimpleStateMachineStorage (SimpleStateMachineStorage.java:loadLatestSnapshot(230)) - Latest snapshot is null in /home/runner/work/ratis/ratis/ratis-test/target/test/data/d6c3ea1c/MiniRaftClusterWithGrpcf715ded6/s4/5913e5d7-f0d0-40b3-8fb1-6d5932270d9d/sm
2025-09-08 20:28:02,327 [grpc-default-executor-12] INFO  impl.SimpleStateMachineStorage (SimpleStateMachineStorage.java:loadLatestSnapshot(230)) - Latest snapshot is null in /home/runner/work/ratis/ratis/ratis-test/target/test/data/d6c3ea1c/MiniRaftClusterWithGrpcf715ded6/s3/5913e5d7-f0d0-40b3-8fb1-6d5932270d9d/sm
2025-09-08 20:28:02,327 [grpc-default-executor-0] INFO  impl.SimpleStateMachineStorage (SimpleStateMachineStorage.java:loadLatestSnapshot(230)) - Latest snapshot is null in /home/runner/work/ratis/ratis/ratis-test/target/test/data/d6c3ea1c/MiniRaftClusterWithGrpcf715ded6/s5/5913e5d7-f0d0-40b3-8fb1-6d5932270d9d/sm
2025-09-08 20:28:02,403 [s4@group-6D5932270D9D->s5-GrpcLogAppender-LogAppenderDaemon] INFO  impl.SimpleStateMachineStorage (SimpleStateMachineStorage.java:loadLatestSnapshot(230)) - Latest snapshot is null in /home/runner/work/ratis/ratis/ratis-test/target/test/data/d6c3ea1c/MiniRaftClusterWithGrpcf715ded6/s4/5913e5d7-f0d0-40b3-8fb1-6d5932270d9d/sm
2025-09-08 20:28:02,404 [grpc-default-executor-0] INFO  impl.SimpleStateMachineStorage (SimpleStateMachineStorage.java:loadLatestSnapshot(230)) - Latest snapshot is null in /home/runner/work/ratis/ratis/ratis-test/target/test/data/d6c3ea1c/MiniRaftClusterWithGrpcf715ded6/s5/5913e5d7-f0d0-40b3-8fb1-6d5932270d9d/sm
2025-09-08 20:28:02,404 [s4@group-6D5932270D9D->s3-GrpcLogAppender-LogAppenderDaemon] INFO  impl.SimpleStateMachineStorage (SimpleStateMachineStorage.java:loadLatestSnapshot(230)) - Latest snapshot is null in /home/runner/work/ratis/ratis/ratis-test/target/test/data/d6c3ea1c/MiniRaftClusterWithGrpcf715ded6/s4/5913e5d7-f0d0-40b3-8fb1-6d5932270d9d/sm
2025-09-08 20:28:02,404 [grpc-default-executor-0] INFO  impl.SimpleStateMachineStorage (SimpleStateMachineStorage.java:loadLatestSnapshot(230)) - Latest snapshot is null in /home/runner/work/ratis/ratis/ratis-test/target/test/data/d6c3ea1c/MiniRaftClusterWithGrpcf715ded6/s3/5913e5d7-f0d0-40b3-8fb1-6d5932270d9d/sm
2025-09-08 20:28:02,480 [s4@group-6D5932270D9D->s3-GrpcLogAppender-LogAppenderDaemon] INFO  impl.SimpleStateMachineStorage (SimpleStateMachineStorage.java:loadLatestSnapshot(230)) - Latest snapshot is null in /home/runner/work/ratis/ratis/ratis-test/target/test/data/d6c3ea1c/MiniRaftClusterWithGrpcf715ded6/s4/5913e5d7-f0d0-40b3-8fb1-6d5932270d9d/sm
2025-09-08 20:28:02,480 [s4@group-6D5932270D9D->s5-GrpcLogAppender-LogAppenderDaemon] INFO  impl.SimpleStateMachineStorage (SimpleStateMachineStorage.java:loadLatestSnapshot(230)) - Latest snapshot is null in /home/runner/work/ratis/ratis/ratis-test/target/test/data/d6c3ea1c/MiniRaftClusterWithGrpcf715ded6/s4/5913e5d7-f0d0-40b3-8fb1-6d5932270d9d/sm
2025-09-08 20:28:02,481 [grpc-default-executor-0] INFO  impl.SimpleStateMachineStorage (SimpleStateMachineStorage.java:loadLatestSnapshot(230)) - Latest snapshot is null in /home/runner/work/ratis/ratis/ratis-test/target/test/data/d6c3ea1c/MiniRaftClusterWithGrpcf715ded6/s3/5913e5d7-f0d0-40b3-8fb1-6d5932270d9d/sm
2025-09-08 20:28:02,481 [grpc-default-executor-12] INFO  impl.SimpleStateMachineStorage (SimpleStateMachineStorage.java:loadLatestSnapshot(230)) - Latest snapshot is null in /home/runner/work/ratis/ratis/ratis-test/target/test/data/d6c3ea1c/MiniRaftClusterWithGrpcf715ded6/s5/5913e5d7-f0d0-40b3-8fb1-6d5932270d9d/sm
2025-09-08 20:28:02,556 [s4@group-6D5932270D9D->s3-GrpcLogAppender-LogAppenderDaemon] INFO  impl.SimpleStateMachineStorage (SimpleStateMachineStorage.java:loadLatestSnapshot(230)) - Latest snapshot is null in /home/runner/work/ratis/ratis/ratis-test/target/test/data/d6c3ea1c/MiniRaftClusterWithGrpcf715ded6/s4/5913e5d7-f0d0-40b3-8fb1-6d5932270d9d/sm
2025-09-08 20:28:02,557 [s4@group-6D5932270D9D->s5-GrpcLogAppender-LogAppenderDaemon] INFO  impl.SimpleStateMachineStorage (SimpleStateMachineStorage.java:loadLatestSnapshot(230)) - Latest snapshot is null in /home/runner/work/ratis/ratis/ratis-test/target/test/data/d6c3ea1c/MiniRaftClusterWithGrpcf715ded6/s4/5913e5d7-f0d0-40b3-8fb1-6d5932270d9d/sm
2025-09-08 20:28:02,557 [grpc-default-executor-12] INFO  impl.SimpleStateMachineStorage (SimpleStateMachineStorage.java:loadLatestSnapshot(230)) - Latest snapshot is null in /home/runner/work/ratis/ratis/ratis-test/target/test/data/d6c3ea1c/MiniRaftClusterWithGrpcf715ded6/s3/5913e5d7-f0d0-40b3-8fb1-6d5932270d9d/sm
2025-09-08 20:28:02,557 [grpc-default-executor-0] INFO  impl.SimpleStateMachineStorage (SimpleStateMachineStorage.java:loadLatestSnapshot(230)) - Latest snapshot is null in /home/runner/work/ratis/ratis/ratis-test/target/test/data/d6c3ea1c/MiniRaftClusterWithGrpcf715ded6/s5/5913e5d7-f0d0-40b3-8fb1-6d5932270d9d/sm
2025-09-08 20:28:02,633 [s4@group-6D5932270D9D->s5-GrpcLogAppender-LogAppenderDaemon] INFO  impl.SimpleStateMachineStorage (SimpleStateMachineStorage.java:loadLatestSnapshot(230)) - Latest snapshot is null in /home/runner/work/ratis/ratis/ratis-test/target/test/data/d6c3ea1c/MiniRaftClusterWithGrpcf715ded6/s4/5913e5d7-f0d0-40b3-8fb1-6d5932270d9d/sm
2025-09-08 20:28:02,634 [grpc-default-executor-12] INFO  impl.SimpleStateMachineStorage (SimpleStateMachineStorage.java:loadLatestSnapshot(230)) - Latest snapshot is null in /home/runner/work/ratis/ratis/ratis-test/target/test/data/d6c3ea1c/MiniRaftClusterWithGrpcf715ded6/s5/5913e5d7-f0d0-40b3-8fb1-6d5932270d9d/sm
2025-09-08 20:28:02,634 [s4@group-6D5932270D9D->s3-GrpcLogAppender-LogAppenderDaemon] INFO  impl.SimpleStateMachineStorage (SimpleStateMachineStorage.java:loadLatestSnapshot(230)) - Latest snapshot is null in /home/runner/work/ratis/ratis/ratis-test/target/test/data/d6c3ea1c/MiniRaftClusterWithGrpcf715ded6/s4/5913e5d7-f0d0-40b3-8fb1-6d5932270d9d/sm
2025-09-08 20:28:02,634 [grpc-default-executor-0] INFO  impl.SimpleStateMachineStorage (SimpleStateMachineStorage.java:loadLatestSnapshot(230)) - Latest snapshot is null in /home/runner/work/ratis/ratis/ratis-test/target/test/data/d6c3ea1c/MiniRaftClusterWithGrpcf715ded6/s3/5913e5d7-f0d0-40b3-8fb1-6d5932270d9d/sm
2025-09-08 20:28:02,709 [s4@group-6D5932270D9D->s5-GrpcLogAppender-LogAppenderDaemon] INFO  impl.SimpleStateMachineStorage (SimpleStateMachineStorage.java:loadLatestSnapshot(230)) - Latest snapshot is null in /home/runner/work/ratis/ratis/ratis-test/target/test/data/d6c3ea1c/MiniRaftClusterWithGrpcf715ded6/s4/5913e5d7-f0d0-40b3-8fb1-6d5932270d9d/sm
2025-09-08 20:28:02,710 [grpc-default-executor-0] INFO  impl.SimpleStateMachineStorage (SimpleStateMachineStorage.java:loadLatestSnapshot(230)) - Latest snapshot is null in /home/runner/work/ratis/ratis/ratis-test/target/test/data/d6c3ea1c/MiniRaftClusterWithGrpcf715ded6/s5/5913e5d7-f0d0-40b3-8fb1-6d5932270d9d/sm
2025-09-08 20:28:02,712 [s4@group-6D5932270D9D->s3-GrpcLogAppender-LogAppenderDaemon] INFO  impl.SimpleStateMachineStorage (SimpleStateMachineStorage.java:loadLatestSnapshot(230)) - Latest snapshot is null in /home/runner/work/ratis/ratis/ratis-test/target/test/data/d6c3ea1c/MiniRaftClusterWithGrpcf715ded6/s4/5913e5d7-f0d0-40b3-8fb1-6d5932270d9d/sm
2025-09-08 20:28:02,712 [grpc-default-executor-0] INFO  impl.SimpleStateMachineStorage (SimpleStateMachineStorage.java:loadLatestSnapshot(230)) - Latest snapshot is null in /home/runner/work/ratis/ratis/ratis-test/target/test/data/d6c3ea1c/MiniRaftClusterWithGrpcf715ded6/s3/5913e5d7-f0d0-40b3-8fb1-6d5932270d9d/sm
2025-09-08 20:28:02,787 [s4@group-6D5932270D9D->s5-GrpcLogAppender-LogAppenderDaemon] INFO  impl.SimpleStateMachineStorage (SimpleStateMachineStorage.java:loadLatestSnapshot(230)) - Latest snapshot is null in /home/runner/work/ratis/ratis/ratis-test/target/test/data/d6c3ea1c/MiniRaftClusterWithGrpcf715ded6/s4/5913e5d7-f0d0-40b3-8fb1-6d5932270d9d/sm
2025-09-08 20:28:02,787 [grpc-default-executor-0] INFO  impl.SimpleStateMachineStorage (SimpleStateMachineStorage.java:loadLatestSnapshot(230)) - Latest snapshot is null in /home/runner/work/ratis/ratis/ratis-test/target/test/data/d6c3ea1c/MiniRaftClusterWithGrpcf715ded6/s5/5913e5d7-f0d0-40b3-8fb1-6d5932270d9d/sm
2025-09-08 20:28:02,788 [s4@group-6D5932270D9D->s3-GrpcLogAppender-LogAppenderDaemon] INFO  impl.SimpleStateMachineStorage (SimpleStateMachineStorage.java:loadLatestSnapshot(230)) - Latest snapshot is null in /home/runner/work/ratis/ratis/ratis-test/target/test/data/d6c3ea1c/MiniRaftClusterWithGrpcf715ded6/s4/5913e5d7-f0d0-40b3-8fb1-6d5932270d9d/sm
2025-09-08 20:28:02,788 [grpc-default-executor-0] INFO  impl.SimpleStateMachineStorage (SimpleStateMachineStorage.java:loadLatestSnapshot(230)) - Latest snapshot is null in /home/runner/work/ratis/ratis/ratis-test/target/test/data/d6c3ea1c/MiniRaftClusterWithGrpcf715ded6/s3/5913e5d7-f0d0-40b3-8fb1-6d5932270d9d/sm
2025-09-08 20:28:02,863 [s4@group-6D5932270D9D->s5-GrpcLogAppender-LogAppenderDaemon] INFO  impl.SimpleStateMachineStorage (SimpleStateMachineStorage.java:loadLatestSnapshot(230)) - Latest snapshot is null in /home/runner/work/ratis/ratis/ratis-test/target/test/data/d6c3ea1c/MiniRaftClusterWithGrpcf715ded6/s4/5913e5d7-f0d0-40b3-8fb1-6d5932270d9d/sm
2025-09-08 20:28:02,864 [grpc-default-executor-0] INFO  impl.SimpleStateMachineStorage (SimpleStateMachineStorage.java:loadLatestSnapshot(230)) - Latest snapshot is null in /home/runner/work/ratis/ratis/ratis-test/target/test/data/d6c3ea1c/MiniRaftClusterWithGrpcf715ded6/s5/5913e5d7-f0d0-40b3-8fb1-6d5932270d9d/sm
2025-09-08 20:28:02,865 [s4@group-6D5932270D9D->s3-GrpcLogAppender-LogAppenderDaemon] INFO  impl.SimpleStateMachineStorage (SimpleStateMachineStorage.java:loadLatestSnapshot(230)) - Latest snapshot is null in /home/runner/work/ratis/ratis/ratis-test/target/test/data/d6c3ea1c/MiniRaftClusterWithGrpcf715ded6/s4/5913e5d7-f0d0-40b3-8fb1-6d5932270d9d/sm
2025-09-08 20:28:02,865 [grpc-default-executor-0] INFO  impl.SimpleStateMachineStorage (SimpleStateMachineStorage.java:loadLatestSnapshot(230)) - Latest snapshot is null in /home/runner/work/ratis/ratis/ratis-test/target/test/data/d6c3ea1c/MiniRaftClusterWithGrpcf715ded6/s3/5913e5d7-f0d0-40b3-8fb1-6d5932270d9d/sm
2025-09-08 20:28:02,940 [s4@group-6D5932270D9D->s5-GrpcLogAppender-LogAppenderDaemon] INFO  impl.SimpleStateMachineStorage (SimpleStateMachineStorage.java:loadLatestSnapshot(230)) - Latest snapshot is null in /home/runner/work/ratis/ratis/ratis-test/target/test/data/d6c3ea1c/MiniRaftClusterWithGrpcf715ded6/s4/5913e5d7-f0d0-40b3-8fb1-6d5932270d9d/sm
2025-09-08 20:28:02,941 [grpc-default-executor-0] INFO  impl.SimpleStateMachineStorage (SimpleStateMachineStorage.java:loadLatestSnapshot(230)) - Latest snapshot is null in /home/runner/work/ratis/ratis/ratis-test/target/test/data/d6c3ea1c/MiniRaftClusterWithGrpcf715ded6/s5/5913e5d7-f0d0-40b3-8fb1-6d5932270d9d/sm
2025-09-08 20:28:02,941 [s4@group-6D5932270D9D->s3-GrpcLogAppender-LogAppenderDaemon] INFO  impl.SimpleStateMachineStorage (SimpleStateMachineStorage.java:loadLatestSnapshot(230)) - Latest snapshot is null in /home/runner/work/ratis/ratis/ratis-test/target/test/data/d6c3ea1c/MiniRaftClusterWithGrpcf715ded6/s4/5913e5d7-f0d0-40b3-8fb1-6d5932270d9d/sm
2025-09-08 20:28:02,942 [grpc-default-executor-0] INFO  impl.SimpleStateMachineStorage (SimpleStateMachineStorage.java:loadLatestSnapshot(230)) - Latest snapshot is null in /home/runner/work/ratis/ratis/ratis-test/target/test/data/d6c3ea1c/MiniRaftClusterWithGrpcf715ded6/s3/5913e5d7-f0d0-40b3-8fb1-6d5932270d9d/sm
2025-09-08 20:28:03,017 [s4@group-6D5932270D9D->s5-GrpcLogAppender-LogAppenderDaemon] INFO  impl.SimpleStateMachineStorage (SimpleStateMachineStorage.java:loadLatestSnapshot(230)) - Latest snapshot is null in /home/runner/work/ratis/ratis/ratis-test/target/test/data/d6c3ea1c/MiniRaftClusterWithGrpcf715ded6/s4/5913e5d7-f0d0-40b3-8fb1-6d5932270d9d/sm
2025-09-08 20:28:03,017 [s4@group-6D5932270D9D->s3-GrpcLogAppender-LogAppenderDaemon] INFO  impl.SimpleStateMachineStorage (SimpleStateMachineStorage.java:loadLatestSnapshot(230)) - Latest snapshot is null in /home/runner/work/ratis/ratis/ratis-test/target/test/data/d6c3ea1c/MiniRaftClusterWithGrpcf715ded6/s4/5913e5d7-f0d0-40b3-8fb1-6d5932270d9d/sm
2025-09-08 20:28:03,017 [grpc-default-executor-0] INFO  impl.SimpleStateMachineStorage (SimpleStateMachineStorage.java:loadLatestSnapshot(230)) - Latest snapshot is null in /home/runner/work/ratis/ratis/ratis-test/target/test/data/d6c3ea1c/MiniRaftClusterWithGrpcf715ded6/s5/5913e5d7-f0d0-40b3-8fb1-6d5932270d9d/sm
2025-09-08 20:28:03,018 [grpc-default-executor-0] INFO  impl.SimpleStateMachineStorage (SimpleStateMachineStorage.java:loadLatestSnapshot(230)) - Latest snapshot is null in /home/runner/work/ratis/ratis/ratis-test/target/test/data/d6c3ea1c/MiniRaftClusterWithGrpcf715ded6/s3/5913e5d7-f0d0-40b3-8fb1-6d5932270d9d/sm
2025-09-08 20:28:03,093 [s4@group-6D5932270D9D->s3-GrpcLogAppender-LogAppenderDaemon] INFO  impl.SimpleStateMachineStorage (SimpleStateMachineStorage.java:loadLatestSnapshot(230)) - Latest snapshot is null in /home/runner/work/ratis/ratis/ratis-test/target/test/data/d6c3ea1c/MiniRaftClusterWithGrpcf715ded6/s4/5913e5d7-f0d0-40b3-8fb1-6d5932270d9d/sm
2025-09-08 20:28:03,094 [s4@group-6D5932270D9D->s5-GrpcLogAppender-LogAppenderDaemon] INFO  impl.SimpleStateMachineStorage (SimpleStateMachineStorage.java:loadLatestSnapshot(230)) - Latest snapshot is null in /home/runner/work/ratis/ratis/ratis-test/target/test/data/d6c3ea1c/MiniRaftClusterWithGrpcf715ded6/s4/5913e5d7-f0d0-40b3-8fb1-6d5932270d9d/sm
2025-09-08 20:28:03,094 [grpc-default-executor-0] INFO  impl.SimpleStateMachineStorage (SimpleStateMachineStorage.java:loadLatestSnapshot(230)) - Latest snapshot is null in /home/runner/work/ratis/ratis/ratis-test/target/test/data/d6c3ea1c/MiniRaftClusterWithGrpcf715ded6/s3/5913e5d7-f0d0-40b3-8fb1-6d5932270d9d/sm
2025-09-08 20:28:03,095 [grpc-default-executor-0] INFO  impl.SimpleStateMachineStorage (SimpleStateMachineStorage.java:loadLatestSnapshot(230)) - Latest snapshot is null in /home/runner/work/ratis/ratis/ratis-test/target/test/data/d6c3ea1c/MiniRaftClusterWithGrpcf715ded6/s5/5913e5d7-f0d0-40b3-8fb1-6d5932270d9d/sm
2025-09-08 20:28:03,170 [s4@group-6D5932270D9D->s3-GrpcLogAppender-LogAppenderDaemon] INFO  impl.SimpleStateMachineStorage (SimpleStateMachineStorage.java:loadLatestSnapshot(230)) - Latest snapshot is null in /home/runner/work/ratis/ratis/ratis-test/target/test/data/d6c3ea1c/MiniRaftClusterWithGrpcf715ded6/s4/5913e5d7-f0d0-40b3-8fb1-6d5932270d9d/sm
2025-09-08 20:28:03,170 [s4@group-6D5932270D9D->s5-GrpcLogAppender-LogAppenderDaemon] INFO  impl.SimpleStateMachineStorage (SimpleStateMachineStorage.java:loadLatestSnapshot(230)) - Latest snapshot is null in /home/runner/work/ratis/ratis/ratis-test/target/test/data/d6c3ea1c/MiniRaftClusterWithGrpcf715ded6/s4/5913e5d7-f0d0-40b3-8fb1-6d5932270d9d/sm
2025-09-08 20:28:03,171 [grpc-default-executor-12] INFO  impl.SimpleStateMachineStorage (SimpleStateMachineStorage.java:loadLatestSnapshot(230)) - Latest snapshot is null in /home/runner/work/ratis/ratis/ratis-test/target/test/data/d6c3ea1c/MiniRaftClusterWithGrpcf715ded6/s5/5913e5d7-f0d0-40b3-8fb1-6d5932270d9d/sm
2025-09-08 20:28:03,171 [grpc-default-executor-0] INFO  impl.SimpleStateMachineStorage (SimpleStateMachineStorage.java:loadLatestSnapshot(230)) - Latest snapshot is null in /home/runner/work/ratis/ratis/ratis-test/target/test/data/d6c3ea1c/MiniRaftClusterWithGrpcf715ded6/s3/5913e5d7-f0d0-40b3-8fb1-6d5932270d9d/sm
2025-09-08 20:28:03,247 [s4@group-6D5932270D9D->s5-GrpcLogAppender-LogAppenderDaemon] INFO  impl.SimpleStateMachineStorage (SimpleStateMachineStorage.java:loadLatestSnapshot(230)) - Latest snapshot is null in /home/runner/work/ratis/ratis/ratis-test/target/test/data/d6c3ea1c/MiniRaftClusterWithGrpcf715ded6/s4/5913e5d7-f0d0-40b3-8fb1-6d5932270d9d/sm
2025-09-08 20:28:03,247 [s4@group-6D5932270D9D->s3-GrpcLogAppender-LogAppenderDaemon] INFO  impl.SimpleStateMachineStorage (SimpleStateMachineStorage.java:loadLatestSnapshot(230)) - Latest snapshot is null in /home/runner/work/ratis/ratis/ratis-test/target/test/data/d6c3ea1c/MiniRaftClusterWithGrpcf715ded6/s4/5913e5d7-f0d0-40b3-8fb1-6d5932270d9d/sm
2025-09-08 20:28:03,247 [grpc-default-executor-0] INFO  impl.SimpleStateMachineStorage (SimpleStateMachineStorage.java:loadLatestSnapshot(230)) - Latest snapshot is null in /home/runner/work/ratis/ratis/ratis-test/target/test/data/d6c3ea1c/MiniRaftClusterWithGrpcf715ded6/s3/5913e5d7-f0d0-40b3-8fb1-6d5932270d9d/sm
2025-09-08 20:28:03,247 [grpc-default-executor-12] INFO  impl.SimpleStateMachineStorage (SimpleStateMachineStorage.java:loadLatestSnapshot(230)) - Latest snapshot is null in /home/runner/work/ratis/ratis/ratis-test/target/test/data/d6c3ea1c/MiniRaftClusterWithGrpcf715ded6/s5/5913e5d7-f0d0-40b3-8fb1-6d5932270d9d/sm
2025-09-08 20:28:03,323 [s4@group-6D5932270D9D->s3-GrpcLogAppender-LogAppenderDaemon] INFO  impl.SimpleStateMachineStorage (SimpleStateMachineStorage.java:loadLatestSnapshot(230)) - Latest snapshot is null in /home/runner/work/ratis/ratis/ratis-test/target/test/data/d6c3ea1c/MiniRaftClusterWithGrpcf715ded6/s4/5913e5d7-f0d0-40b3-8fb1-6d5932270d9d/sm
2025-09-08 20:28:03,324 [grpc-default-executor-0] INFO  impl.SimpleStateMachineStorage (SimpleStateMachineStorage.java:loadLatestSnapshot(230)) - Latest snapshot is null in /home/runner/work/ratis/ratis/ratis-test/target/test/data/d6c3ea1c/MiniRaftClusterWithGrpcf715ded6/s3/5913e5d7-f0d0-40b3-8fb1-6d5932270d9d/sm
2025-09-08 20:28:03,324 [s4@group-6D5932270D9D->s5-GrpcLogAppender-LogAppenderDaemon] INFO  impl.SimpleStateMachineStorage (SimpleStateMachineStorage.java:loadLatestSnapshot(230)) - Latest snapshot is null in /home/runner/work/ratis/ratis/ratis-test/target/test/data/d6c3ea1c/MiniRaftClusterWithGrpcf715ded6/s4/5913e5d7-f0d0-40b3-8fb1-6d5932270d9d/sm
2025-09-08 20:28:03,325 [grpc-default-executor-0] INFO  impl.SimpleStateMachineStorage (SimpleStateMachineStorage.java:loadLatestSnapshot(230)) - Latest snapshot is null in /home/runner/work/ratis/ratis/ratis-test/target/test/data/d6c3ea1c/MiniRaftClusterWithGrpcf715ded6/s5/5913e5d7-f0d0-40b3-8fb1-6d5932270d9d/sm
2025-09-08 20:28:03,400 [s4@group-6D5932270D9D->s3-GrpcLogAppender-LogAppenderDaemon] INFO  impl.SimpleStateMachineStorage (SimpleStateMachineStorage.java:loadLatestSnapshot(230)) - Latest snapshot is null in /home/runner/work/ratis/ratis/ratis-test/target/test/data/d6c3ea1c/MiniRaftClusterWithGrpcf715ded6/s4/5913e5d7-f0d0-40b3-8fb1-6d5932270d9d/sm
2025-09-08 20:28:03,400 [grpc-default-executor-0] INFO  impl.SimpleStateMachineStorage (SimpleStateMachineStorage.java:loadLatestSnapshot(230)) - Latest snapshot is null in /home/runner/work/ratis/ratis/ratis-test/target/test/data/d6c3ea1c/MiniRaftClusterWithGrpcf715ded6/s3/5913e5d7-f0d0-40b3-8fb1-6d5932270d9d/sm
2025-09-08 20:28:03,400 [s4@group-6D5932270D9D->s5-GrpcLogAppender-LogAppenderDaemon] INFO  impl.SimpleStateMachineStorage (SimpleStateMachineStorage.java:loadLatestSnapshot(230)) - Latest snapshot is null in /home/runner/work/ratis/ratis/ratis-test/target/test/data/d6c3ea1c/MiniRaftClusterWithGrpcf715ded6/s4/5913e5d7-f0d0-40b3-8fb1-6d5932270d9d/sm
2025-09-08 20:28:03,401 [grpc-default-executor-0] INFO  impl.SimpleStateMachineStorage (SimpleStateMachineStorage.java:loadLatestSnapshot(230)) - Latest snapshot is null in /home/runner/work/ratis/ratis/ratis-test/target/test/data/d6c3ea1c/MiniRaftClusterWithGrpcf715ded6/s5/5913e5d7-f0d0-40b3-8fb1-6d5932270d9d/sm
2025-09-08 20:28:03,476 [s4@group-6D5932270D9D->s3-GrpcLogAppender-LogAppenderDaemon] INFO  impl.SimpleStateMachineStorage (SimpleStateMachineStorage.java:loadLatestSnapshot(230)) - Latest snapshot is null in /home/runner/work/ratis/ratis/ratis-test/target/test/data/d6c3ea1c/MiniRaftClusterWithGrpcf715ded6/s4/5913e5d7-f0d0-40b3-8fb1-6d5932270d9d/sm
2025-09-08 20:28:03,476 [s4@group-6D5932270D9D->s5-GrpcLogAppender-LogAppenderDaemon] INFO  impl.SimpleStateMachineStorage (SimpleStateMachineStorage.java:loadLatestSnapshot(230)) - Latest snapshot is null in /home/runner/work/ratis/ratis/ratis-test/target/test/data/d6c3ea1c/MiniRaftClusterWithGrpcf715ded6/s4/5913e5d7-f0d0-40b3-8fb1-6d5932270d9d/sm
2025-09-08 20:28:03,476 [grpc-default-executor-0] INFO  impl.SimpleStateMachineStorage (SimpleStateMachineStorage.java:loadLatestSnapshot(230)) - Latest snapshot is null in /home/runner/work/ratis/ratis/ratis-test/target/test/data/d6c3ea1c/MiniRaftClusterWithGrpcf715ded6/s3/5913e5d7-f0d0-40b3-8fb1-6d5932270d9d/sm
2025-09-08 20:28:03,477 [grpc-default-executor-12] INFO  impl.SimpleStateMachineStorage (SimpleStateMachineStorage.java:loadLatestSnapshot(230)) - Latest snapshot is null in /home/runner/work/ratis/ratis/ratis-test/target/test/data/d6c3ea1c/MiniRaftClusterWithGrpcf715ded6/s5/5913e5d7-f0d0-40b3-8fb1-6d5932270d9d/sm
2025-09-08 20:28:03,552 [s4@group-6D5932270D9D->s5-GrpcLogAppender-LogAppenderDaemon] INFO  impl.SimpleStateMachineStorage (SimpleStateMachineStorage.java:loadLatestSnapshot(230)) - Latest snapshot is null in /home/runner/work/ratis/ratis/ratis-test/target/test/data/d6c3ea1c/MiniRaftClusterWithGrpcf715ded6/s4/5913e5d7-f0d0-40b3-8fb1-6d5932270d9d/sm
2025-09-08 20:28:03,553 [s4@group-6D5932270D9D->s3-GrpcLogAppender-LogAppenderDaemon] INFO  impl.SimpleStateMachineStorage (SimpleStateMachineStorage.java:loadLatestSnapshot(230)) - Latest snapshot is null in /home/runner/work/ratis/ratis/ratis-test/target/test/data/d6c3ea1c/MiniRaftClusterWithGrpcf715ded6/s4/5913e5d7-f0d0-40b3-8fb1-6d5932270d9d/sm
2025-09-08 20:28:03,553 [grpc-default-executor-12] INFO  impl.SimpleStateMachineStorage (SimpleStateMachineStorage.java:loadLatestSnapshot(230)) - Latest snapshot is null in /home/runner/work/ratis/ratis/ratis-test/target/test/data/d6c3ea1c/MiniRaftClusterWithGrpcf715ded6/s5/5913e5d7-f0d0-40b3-8fb1-6d5932270d9d/sm
2025-09-08 20:28:03,553 [grpc-default-executor-12] INFO  impl.SimpleStateMachineStorage (SimpleStateMachineStorage.java:loadLatestSnapshot(230)) - Latest snapshot is null in /home/runner/work/ratis/ratis/ratis-test/target/test/data/d6c3ea1c/MiniRaftClusterWithGrpcf715ded6/s3/5913e5d7-f0d0-40b3-8fb1-6d5932270d9d/sm
2025-09-08 20:28:03,629 [s4@group-6D5932270D9D->s5-GrpcLogAppender-LogAppenderDaemon] INFO  impl.SimpleStateMachineStorage (SimpleStateMachineStorage.java:loadLatestSnapshot(230)) - Latest snapshot is null in /home/runner/work/ratis/ratis/ratis-test/target/test/data/d6c3ea1c/MiniRaftClusterWithGrpcf715ded6/s4/5913e5d7-f0d0-40b3-8fb1-6d5932270d9d/sm
2025-09-08 20:28:03,629 [grpc-default-executor-12] INFO  impl.SimpleStateMachineStorage (SimpleStateMachineStorage.java:loadLatestSnapshot(230)) - Latest snapshot is null in /home/runner/work/ratis/ratis/ratis-test/target/test/data/d6c3ea1c/MiniRaftClusterWithGrpcf715ded6/s5/5913e5d7-f0d0-40b3-8fb1-6d5932270d9d/sm
2025-09-08 20:28:03,630 [s4@group-6D5932270D9D->s3-GrpcLogAppender-LogAppenderDaemon] INFO  impl.SimpleStateMachineStorage (SimpleStateMachineStorage.java:loadLatestSnapshot(230)) - Latest snapshot is null in /home/runner/work/ratis/ratis/ratis-test/target/test/data/d6c3ea1c/MiniRaftClusterWithGrpcf715ded6/s4/5913e5d7-f0d0-40b3-8fb1-6d5932270d9d/sm
2025-09-08 20:28:03,630 [grpc-default-executor-12] INFO  impl.SimpleStateMachineStorage (SimpleStateMachineStorage.java:loadLatestSnapshot(230)) - Latest snapshot is null in /home/runner/work/ratis/ratis/ratis-test/target/test/data/d6c3ea1c/MiniRaftClusterWithGrpcf715ded6/s3/5913e5d7-f0d0-40b3-8fb1-6d5932270d9d/sm
2025-09-08 20:28:03,706 [s4@group-6D5932270D9D->s5-GrpcLogAppender-LogAppenderDaemon] INFO  impl.SimpleStateMachineStorage (SimpleStateMachineStorage.java:loadLatestSnapshot(230)) - Latest snapshot is null in /home/runner/work/ratis/ratis/ratis-test/target/test/data/d6c3ea1c/MiniRaftClusterWithGrpcf715ded6/s4/5913e5d7-f0d0-40b3-8fb1-6d5932270d9d/sm
2025-09-08 20:28:03,707 [s4@group-6D5932270D9D->s3-GrpcLogAppender-LogAppenderDaemon] INFO  impl.SimpleStateMachineStorage (SimpleStateMachineStorage.java:loadLatestSnapshot(230)) - Latest snapshot is null in /home/runner/work/ratis/ratis/ratis-test/target/test/data/d6c3ea1c/MiniRaftClusterWithGrpcf715ded6/s4/5913e5d7-f0d0-40b3-8fb1-6d5932270d9d/sm
2025-09-08 20:28:03,707 [grpc-default-executor-12] INFO  impl.SimpleStateMachineStorage (SimpleStateMachineStorage.java:loadLatestSnapshot(230)) - Latest snapshot is null in /home/runner/work/ratis/ratis/ratis-test/target/test/data/d6c3ea1c/MiniRaftClusterWithGrpcf715ded6/s5/5913e5d7-f0d0-40b3-8fb1-6d5932270d9d/sm
2025-09-08 20:28:03,707 [grpc-default-executor-0] INFO  impl.SimpleStateMachineStorage (SimpleStateMachineStorage.java:loadLatestSnapshot(230)) - Latest snapshot is null in /home/runner/work/ratis/ratis/ratis-test/target/test/data/d6c3ea1c/MiniRaftClusterWithGrpcf715ded6/s3/5913e5d7-f0d0-40b3-8fb1-6d5932270d9d/sm
2025-09-08 20:28:03,783 [s4@group-6D5932270D9D->s5-GrpcLogAppender-LogAppenderDaemon] INFO  impl.SimpleStateMachineStorage (SimpleStateMachineStorage.java:loadLatestSnapshot(230)) - Latest snapshot is null in /home/runner/work/ratis/ratis/ratis-test/target/test/data/d6c3ea1c/MiniRaftClusterWithGrpcf715ded6/s4/5913e5d7-f0d0-40b3-8fb1-6d5932270d9d/sm
2025-09-08 20:28:03,783 [s4@group-6D5932270D9D->s3-GrpcLogAppender-LogAppenderDaemon] INFO  impl.SimpleStateMachineStorage (SimpleStateMachineStorage.java:loadLatestSnapshot(230)) - Latest snapshot is null in /home/runner/work/ratis/ratis/ratis-test/target/test/data/d6c3ea1c/MiniRaftClusterWithGrpcf715ded6/s4/5913e5d7-f0d0-40b3-8fb1-6d5932270d9d/sm
2025-09-08 20:28:03,783 [grpc-default-executor-0] INFO  impl.SimpleStateMachineStorage (SimpleStateMachineStorage.java:loadLatestSnapshot(230)) - Latest snapshot is null in /home/runner/work/ratis/ratis/ratis-test/target/test/data/d6c3ea1c/MiniRaftClusterWithGrpcf715ded6/s5/5913e5d7-f0d0-40b3-8fb1-6d5932270d9d/sm
2025-09-08 20:28:03,784 [grpc-default-executor-0] INFO  impl.SimpleStateMachineStorage (SimpleStateMachineStorage.java:loadLatestSnapshot(230)) - Latest snapshot is null in /home/runner/work/ratis/ratis/ratis-test/target/test/data/d6c3ea1c/MiniRaftClusterWithGrpcf715ded6/s3/5913e5d7-f0d0-40b3-8fb1-6d5932270d9d/sm
2025-09-08 20:28:03,835 [Thread-323] WARN  grpc.GrpcUtil (GrpcUtil.java:shutdownManagedChannel(226)) - Timed out gracefully shutting down connection: ManagedChannelOrphanWrapper{delegate=ManagedChannelImpl{logId=426, target=localhost:15042}}. 
2025-09-08 20:28:03,859 [s4@group-6D5932270D9D->s5-GrpcLogAppender-LogAppenderDaemon] INFO  impl.SimpleStateMachineStorage (SimpleStateMachineStorage.java:loadLatestSnapshot(230)) - Latest snapshot is null in /home/runner/work/ratis/ratis/ratis-test/target/test/data/d6c3ea1c/MiniRaftClusterWithGrpcf715ded6/s4/5913e5d7-f0d0-40b3-8fb1-6d5932270d9d/sm
2025-09-08 20:28:03,859 [s4@group-6D5932270D9D->s3-GrpcLogAppender-LogAppenderDaemon] INFO  impl.SimpleStateMachineStorage (SimpleStateMachineStorage.java:loadLatestSnapshot(230)) - Latest snapshot is null in /home/runner/work/ratis/ratis/ratis-test/target/test/data/d6c3ea1c/MiniRaftClusterWithGrpcf715ded6/s4/5913e5d7-f0d0-40b3-8fb1-6d5932270d9d/sm
2025-09-08 20:28:03,860 [grpc-default-executor-12] INFO  impl.SimpleStateMachineStorage (SimpleStateMachineStorage.java:loadLatestSnapshot(230)) - Latest snapshot is null in /home/runner/work/ratis/ratis/ratis-test/target/test/data/d6c3ea1c/MiniRaftClusterWithGrpcf715ded6/s5/5913e5d7-f0d0-40b3-8fb1-6d5932270d9d/sm
2025-09-08 20:28:03,860 [grpc-default-executor-0] INFO  impl.SimpleStateMachineStorage (SimpleStateMachineStorage.java:loadLatestSnapshot(230)) - Latest snapshot is null in /home/runner/work/ratis/ratis/ratis-test/target/test/data/d6c3ea1c/MiniRaftClusterWithGrpcf715ded6/s3/5913e5d7-f0d0-40b3-8fb1-6d5932270d9d/sm
2025-09-08 20:28:03,936 [s4@group-6D5932270D9D->s5-GrpcLogAppender-LogAppenderDaemon] INFO  impl.SimpleStateMachineStorage (SimpleStateMachineStorage.java:loadLatestSnapshot(230)) - Latest snapshot is null in /home/runner/work/ratis/ratis/ratis-test/target/test/data/d6c3ea1c/MiniRaftClusterWithGrpcf715ded6/s4/5913e5d7-f0d0-40b3-8fb1-6d5932270d9d/sm
2025-09-08 20:28:03,936 [s4@group-6D5932270D9D->s3-GrpcLogAppender-LogAppenderDaemon] INFO  impl.SimpleStateMachineStorage (SimpleStateMachineStorage.java:loadLatestSnapshot(230)) - Latest snapshot is null in /home/runner/work/ratis/ratis/ratis-test/target/test/data/d6c3ea1c/MiniRaftClusterWithGrpcf715ded6/s4/5913e5d7-f0d0-40b3-8fb1-6d5932270d9d/sm
2025-09-08 20:28:03,937 [grpc-default-executor-0] INFO  impl.SimpleStateMachineStorage (SimpleStateMachineStorage.java:loadLatestSnapshot(230)) - Latest snapshot is null in /home/runner/work/ratis/ratis/ratis-test/target/test/data/d6c3ea1c/MiniRaftClusterWithGrpcf715ded6/s5/5913e5d7-f0d0-40b3-8fb1-6d5932270d9d/sm
2025-09-08 20:28:03,937 [grpc-default-executor-12] INFO  impl.SimpleStateMachineStorage (SimpleStateMachineStorage.java:loadLatestSnapshot(230)) - Latest snapshot is null in /home/runner/work/ratis/ratis/ratis-test/target/test/data/d6c3ea1c/MiniRaftClusterWithGrpcf715ded6/s3/5913e5d7-f0d0-40b3-8fb1-6d5932270d9d/sm
2025-09-08 20:28:04,013 [s4@group-6D5932270D9D->s5-GrpcLogAppender-LogAppenderDaemon] INFO  impl.SimpleStateMachineStorage (SimpleStateMachineStorage.java:loadLatestSnapshot(230)) - Latest snapshot is null in /home/runner/work/ratis/ratis/ratis-test/target/test/data/d6c3ea1c/MiniRaftClusterWithGrpcf715ded6/s4/5913e5d7-f0d0-40b3-8fb1-6d5932270d9d/sm
2025-09-08 20:28:04,014 [grpc-default-executor-0] INFO  impl.SimpleStateMachineStorage (SimpleStateMachineStorage.java:loadLatestSnapshot(230)) - Latest snapshot is null in /home/runner/work/ratis/ratis/ratis-test/target/test/data/d6c3ea1c/MiniRaftClusterWithGrpcf715ded6/s5/5913e5d7-f0d0-40b3-8fb1-6d5932270d9d/sm
2025-09-08 20:28:04,014 [s4@group-6D5932270D9D->s3-GrpcLogAppender-LogAppenderDaemon] INFO  impl.SimpleStateMachineStorage (SimpleStateMachineStorage.java:loadLatestSnapshot(230)) - Latest snapshot is null in /home/runner/work/ratis/ratis/ratis-test/target/test/data/d6c3ea1c/MiniRaftClusterWithGrpcf715ded6/s4/5913e5d7-f0d0-40b3-8fb1-6d5932270d9d/sm
2025-09-08 20:28:04,014 [grpc-default-executor-12] INFO  impl.SimpleStateMachineStorage (SimpleStateMachineStorage.java:loadLatestSnapshot(230)) - Latest snapshot is null in /home/runner/work/ratis/ratis/ratis-test/target/test/data/d6c3ea1c/MiniRaftClusterWithGrpcf715ded6/s3/5913e5d7-f0d0-40b3-8fb1-6d5932270d9d/sm
2025-09-08 20:28:04,090 [s4@group-6D5932270D9D->s5-GrpcLogAppender-LogAppenderDaemon] INFO  impl.SimpleStateMachineStorage (SimpleStateMachineStorage.java:loadLatestSnapshot(230)) - Latest snapshot is null in /home/runner/work/ratis/ratis/ratis-test/target/test/data/d6c3ea1c/MiniRaftClusterWithGrpcf715ded6/s4/5913e5d7-f0d0-40b3-8fb1-6d5932270d9d/sm
2025-09-08 20:28:04,091 [s4@group-6D5932270D9D->s3-GrpcLogAppender-LogAppenderDaemon] INFO  impl.SimpleStateMachineStorage (SimpleStateMachineStorage.java:loadLatestSnapshot(230)) - Latest snapshot is null in /home/runner/work/ratis/ratis/ratis-test/target/test/data/d6c3ea1c/MiniRaftClusterWithGrpcf715ded6/s4/5913e5d7-f0d0-40b3-8fb1-6d5932270d9d/sm
2025-09-08 20:28:04,091 [grpc-default-executor-12] INFO  impl.SimpleStateMachineStorage (SimpleStateMachineStorage.java:loadLatestSnapshot(230)) - Latest snapshot is null in /home/runner/work/ratis/ratis/ratis-test/target/test/data/d6c3ea1c/MiniRaftClusterWithGrpcf715ded6/s5/5913e5d7-f0d0-40b3-8fb1-6d5932270d9d/sm
2025-09-08 20:28:04,091 [grpc-default-executor-0] INFO  impl.SimpleStateMachineStorage (SimpleStateMachineStorage.java:loadLatestSnapshot(230)) - Latest snapshot is null in /home/runner/work/ratis/ratis/ratis-test/target/test/data/d6c3ea1c/MiniRaftClusterWithGrpcf715ded6/s3/5913e5d7-f0d0-40b3-8fb1-6d5932270d9d/sm
2025-09-08 20:28:04,167 [s4@group-6D5932270D9D->s5-GrpcLogAppender-LogAppenderDaemon] INFO  impl.SimpleStateMachineStorage (SimpleStateMachineStorage.java:loadLatestSnapshot(230)) - Latest snapshot is null in /home/runner/work/ratis/ratis/ratis-test/target/test/data/d6c3ea1c/MiniRaftClusterWithGrpcf715ded6/s4/5913e5d7-f0d0-40b3-8fb1-6d5932270d9d/sm
2025-09-08 20:28:04,167 [s4@group-6D5932270D9D->s3-GrpcLogAppender-LogAppenderDaemon] INFO  impl.SimpleStateMachineStorage (SimpleStateMachineStorage.java:loadLatestSnapshot(230)) - Latest snapshot is null in /home/runner/work/ratis/ratis/ratis-test/target/test/data/d6c3ea1c/MiniRaftClusterWithGrpcf715ded6/s4/5913e5d7-f0d0-40b3-8fb1-6d5932270d9d/sm
2025-09-08 20:28:04,168 [grpc-default-executor-12] INFO  impl.SimpleStateMachineStorage (SimpleStateMachineStorage.java:loadLatestSnapshot(230)) - Latest snapshot is null in /home/runner/work/ratis/ratis/ratis-test/target/test/data/d6c3ea1c/MiniRaftClusterWithGrpcf715ded6/s3/5913e5d7-f0d0-40b3-8fb1-6d5932270d9d/sm
2025-09-08 20:28:04,168 [grpc-default-executor-0] INFO  impl.SimpleStateMachineStorage (SimpleStateMachineStorage.java:loadLatestSnapshot(230)) - Latest snapshot is null in /home/runner/work/ratis/ratis/ratis-test/target/test/data/d6c3ea1c/MiniRaftClusterWithGrpcf715ded6/s5/5913e5d7-f0d0-40b3-8fb1-6d5932270d9d/sm
2025-09-08 20:28:04,243 [s4@group-6D5932270D9D->s3-GrpcLogAppender-LogAppenderDaemon] INFO  impl.SimpleStateMachineStorage (SimpleStateMachineStorage.java:loadLatestSnapshot(230)) - Latest snapshot is null in /home/runner/work/ratis/ratis/ratis-test/target/test/data/d6c3ea1c/MiniRaftClusterWithGrpcf715ded6/s4/5913e5d7-f0d0-40b3-8fb1-6d5932270d9d/sm
2025-09-08 20:28:04,243 [s4@group-6D5932270D9D->s5-GrpcLogAppender-LogAppenderDaemon] INFO  impl.SimpleStateMachineStorage (SimpleStateMachineStorage.java:loadLatestSnapshot(230)) - Latest snapshot is null in /home/runner/work/ratis/ratis/ratis-test/target/test/data/d6c3ea1c/MiniRaftClusterWithGrpcf715ded6/s4/5913e5d7-f0d0-40b3-8fb1-6d5932270d9d/sm
2025-09-08 20:28:04,244 [grpc-default-executor-0] INFO  impl.SimpleStateMachineStorage (SimpleStateMachineStorage.java:loadLatestSnapshot(230)) - Latest snapshot is null in /home/runner/work/ratis/ratis/ratis-test/target/test/data/d6c3ea1c/MiniRaftClusterWithGrpcf715ded6/s5/5913e5d7-f0d0-40b3-8fb1-6d5932270d9d/sm
2025-09-08 20:28:04,244 [grpc-default-executor-12] INFO  impl.SimpleStateMachineStorage (SimpleStateMachineStorage.java:loadLatestSnapshot(230)) - Latest snapshot is null in /home/runner/work/ratis/ratis/ratis-test/target/test/data/d6c3ea1c/MiniRaftClusterWithGrpcf715ded6/s3/5913e5d7-f0d0-40b3-8fb1-6d5932270d9d/sm
2025-09-08 20:28:04,321 [s4@group-6D5932270D9D->s5-GrpcLogAppender-LogAppenderDaemon] INFO  impl.SimpleStateMachineStorage (SimpleStateMachineStorage.java:loadLatestSnapshot(230)) - Latest snapshot is null in /home/runner/work/ratis/ratis/ratis-test/target/test/data/d6c3ea1c/MiniRaftClusterWithGrpcf715ded6/s4/5913e5d7-f0d0-40b3-8fb1-6d5932270d9d/sm
2025-09-08 20:28:04,321 [s4@group-6D5932270D9D->s3-GrpcLogAppender-LogAppenderDaemon] INFO  impl.SimpleStateMachineStorage (SimpleStateMachineStorage.java:loadLatestSnapshot(230)) - Latest snapshot is null in /home/runner/work/ratis/ratis/ratis-test/target/test/data/d6c3ea1c/MiniRaftClusterWithGrpcf715ded6/s4/5913e5d7-f0d0-40b3-8fb1-6d5932270d9d/sm
2025-09-08 20:28:04,322 [grpc-default-executor-0] INFO  impl.SimpleStateMachineStorage (SimpleStateMachineStorage.java:loadLatestSnapshot(230)) - Latest snapshot is null in /home/runner/work/ratis/ratis/ratis-test/target/test/data/d6c3ea1c/MiniRaftClusterWithGrpcf715ded6/s5/5913e5d7-f0d0-40b3-8fb1-6d5932270d9d/sm
2025-09-08 20:28:04,322 [grpc-default-executor-12] INFO  impl.SimpleStateMachineStorage (SimpleStateMachineStorage.java:loadLatestSnapshot(230)) - Latest snapshot is null in /home/runner/work/ratis/ratis/ratis-test/target/test/data/d6c3ea1c/MiniRaftClusterWithGrpcf715ded6/s3/5913e5d7-f0d0-40b3-8fb1-6d5932270d9d/sm
2025-09-08 20:28:04,397 [s4@group-6D5932270D9D->s3-GrpcLogAppender-LogAppenderDaemon] INFO  impl.SimpleStateMachineStorage (SimpleStateMachineStorage.java:loadLatestSnapshot(230)) - Latest snapshot is null in /home/runner/work/ratis/ratis/ratis-test/target/test/data/d6c3ea1c/MiniRaftClusterWithGrpcf715ded6/s4/5913e5d7-f0d0-40b3-8fb1-6d5932270d9d/sm
2025-09-08 20:28:04,398 [grpc-default-executor-12] INFO  impl.SimpleStateMachineStorage (SimpleStateMachineStorage.java:loadLatestSnapshot(230)) - Latest snapshot is null in /home/runner/work/ratis/ratis/ratis-test/target/test/data/d6c3ea1c/MiniRaftClusterWithGrpcf715ded6/s3/5913e5d7-f0d0-40b3-8fb1-6d5932270d9d/sm
2025-09-08 20:28:04,398 [s4@group-6D5932270D9D->s5-GrpcLogAppender-LogAppenderDaemon] INFO  impl.SimpleStateMachineStorage (SimpleStateMachineStorage.java:loadLatestSnapshot(230)) - Latest snapshot is null in /home/runner/work/ratis/ratis/ratis-test/target/test/data/d6c3ea1c/MiniRaftClusterWithGrpcf715ded6/s4/5913e5d7-f0d0-40b3-8fb1-6d5932270d9d/sm
2025-09-08 20:28:04,399 [grpc-default-executor-12] INFO  impl.SimpleStateMachineStorage (SimpleStateMachineStorage.java:loadLatestSnapshot(230)) - Latest snapshot is null in /home/runner/work/ratis/ratis/ratis-test/target/test/data/d6c3ea1c/MiniRaftClusterWithGrpcf715ded6/s5/5913e5d7-f0d0-40b3-8fb1-6d5932270d9d/sm
2025-09-08 20:28:04,473 [s4@group-6D5932270D9D->s3-GrpcLogAppender-LogAppenderDaemon] INFO  impl.SimpleStateMachineStorage (SimpleStateMachineStorage.java:loadLatestSnapshot(230)) - Latest snapshot is null in /home/runner/work/ratis/ratis/ratis-test/target/test/data/d6c3ea1c/MiniRaftClusterWithGrpcf715ded6/s4/5913e5d7-f0d0-40b3-8fb1-6d5932270d9d/sm
2025-09-08 20:28:04,474 [grpc-default-executor-12] INFO  impl.SimpleStateMachineStorage (SimpleStateMachineStorage.java:loadLatestSnapshot(230)) - Latest snapshot is null in /home/runner/work/ratis/ratis/ratis-test/target/test/data/d6c3ea1c/MiniRaftClusterWithGrpcf715ded6/s3/5913e5d7-f0d0-40b3-8fb1-6d5932270d9d/sm
2025-09-08 20:28:04,474 [s4@group-6D5932270D9D->s5-GrpcLogAppender-LogAppenderDaemon] INFO  impl.SimpleStateMachineStorage (SimpleStateMachineStorage.java:loadLatestSnapshot(230)) - Latest snapshot is null in /home/runner/work/ratis/ratis/ratis-test/target/test/data/d6c3ea1c/MiniRaftClusterWithGrpcf715ded6/s4/5913e5d7-f0d0-40b3-8fb1-6d5932270d9d/sm
2025-09-08 20:28:04,475 [grpc-default-executor-12] INFO  impl.SimpleStateMachineStorage (SimpleStateMachineStorage.java:loadLatestSnapshot(230)) - Latest snapshot is null in /home/runner/work/ratis/ratis/ratis-test/target/test/data/d6c3ea1c/MiniRaftClusterWithGrpcf715ded6/s5/5913e5d7-f0d0-40b3-8fb1-6d5932270d9d/sm
2025-09-08 20:28:04,550 [s4@group-6D5932270D9D->s5-GrpcLogAppender-LogAppenderDaemon] INFO  impl.SimpleStateMachineStorage (SimpleStateMachineStorage.java:loadLatestSnapshot(230)) - Latest snapshot is null in /home/runner/work/ratis/ratis/ratis-test/target/test/data/d6c3ea1c/MiniRaftClusterWithGrpcf715ded6/s4/5913e5d7-f0d0-40b3-8fb1-6d5932270d9d/sm
2025-09-08 20:28:04,551 [s4@group-6D5932270D9D->s3-GrpcLogAppender-LogAppenderDaemon] INFO  impl.SimpleStateMachineStorage (SimpleStateMachineStorage.java:loadLatestSnapshot(230)) - Latest snapshot is null in /home/runner/work/ratis/ratis/ratis-test/target/test/data/d6c3ea1c/MiniRaftClusterWithGrpcf715ded6/s4/5913e5d7-f0d0-40b3-8fb1-6d5932270d9d/sm
2025-09-08 20:28:04,551 [grpc-default-executor-12] INFO  impl.SimpleStateMachineStorage (SimpleStateMachineStorage.java:loadLatestSnapshot(230)) - Latest snapshot is null in /home/runner/work/ratis/ratis/ratis-test/target/test/data/d6c3ea1c/MiniRaftClusterWithGrpcf715ded6/s5/5913e5d7-f0d0-40b3-8fb1-6d5932270d9d/sm
2025-09-08 20:28:04,551 [grpc-default-executor-12] INFO  impl.SimpleStateMachineStorage (SimpleStateMachineStorage.java:loadLatestSnapshot(230)) - Latest snapshot is null in /home/runner/work/ratis/ratis/ratis-test/target/test/data/d6c3ea1c/MiniRaftClusterWithGrpcf715ded6/s3/5913e5d7-f0d0-40b3-8fb1-6d5932270d9d/sm
2025-09-08 20:28:04,626 [s4@group-6D5932270D9D->s5-GrpcLogAppender-LogAppenderDaemon] INFO  impl.SimpleStateMachineStorage (SimpleStateMachineStorage.java:loadLatestSnapshot(230)) - Latest snapshot is null in /home/runner/work/ratis/ratis/ratis-test/target/test/data/d6c3ea1c/MiniRaftClusterWithGrpcf715ded6/s4/5913e5d7-f0d0-40b3-8fb1-6d5932270d9d/sm
2025-09-08 20:28:04,627 [grpc-default-executor-12] INFO  impl.SimpleStateMachineStorage (SimpleStateMachineStorage.java:loadLatestSnapshot(230)) - Latest snapshot is null in /home/runner/work/ratis/ratis/ratis-test/target/test/data/d6c3ea1c/MiniRaftClusterWithGrpcf715ded6/s5/5913e5d7-f0d0-40b3-8fb1-6d5932270d9d/sm
2025-09-08 20:28:04,628 [s4@group-6D5932270D9D->s3-GrpcLogAppender-LogAppenderDaemon] INFO  impl.SimpleStateMachineStorage (SimpleStateMachineStorage.java:loadLatestSnapshot(230)) - Latest snapshot is null in /home/runner/work/ratis/ratis/ratis-test/target/test/data/d6c3ea1c/MiniRaftClusterWithGrpcf715ded6/s4/5913e5d7-f0d0-40b3-8fb1-6d5932270d9d/sm
2025-09-08 20:28:04,628 [grpc-default-executor-12] INFO  impl.SimpleStateMachineStorage (SimpleStateMachineStorage.java:loadLatestSnapshot(230)) - Latest snapshot is null in /home/runner/work/ratis/ratis/ratis-test/target/test/data/d6c3ea1c/MiniRaftClusterWithGrpcf715ded6/s3/5913e5d7-f0d0-40b3-8fb1-6d5932270d9d/sm
2025-09-08 20:28:04,704 [s4@group-6D5932270D9D->s5-GrpcLogAppender-LogAppenderDaemon] INFO  impl.SimpleStateMachineStorage (SimpleStateMachineStorage.java:loadLatestSnapshot(230)) - Latest snapshot is null in /home/runner/work/ratis/ratis/ratis-test/target/test/data/d6c3ea1c/MiniRaftClusterWithGrpcf715ded6/s4/5913e5d7-f0d0-40b3-8fb1-6d5932270d9d/sm
2025-09-08 20:28:04,704 [grpc-default-executor-12] INFO  impl.SimpleStateMachineStorage (SimpleStateMachineStorage.java:loadLatestSnapshot(230)) - Latest snapshot is null in /home/runner/work/ratis/ratis/ratis-test/target/test/data/d6c3ea1c/MiniRaftClusterWithGrpcf715ded6/s5/5913e5d7-f0d0-40b3-8fb1-6d5932270d9d/sm
2025-09-08 20:28:04,705 [s4@group-6D5932270D9D->s3-GrpcLogAppender-LogAppenderDaemon] INFO  impl.SimpleStateMachineStorage (SimpleStateMachineStorage.java:loadLatestSnapshot(230)) - Latest snapshot is null in /home/runner/work/ratis/ratis/ratis-test/target/test/data/d6c3ea1c/MiniRaftClusterWithGrpcf715ded6/s4/5913e5d7-f0d0-40b3-8fb1-6d5932270d9d/sm
2025-09-08 20:28:04,705 [grpc-default-executor-12] INFO  impl.SimpleStateMachineStorage (SimpleStateMachineStorage.java:loadLatestSnapshot(230)) - Latest snapshot is null in /home/runner/work/ratis/ratis/ratis-test/target/test/data/d6c3ea1c/MiniRaftClusterWithGrpcf715ded6/s3/5913e5d7-f0d0-40b3-8fb1-6d5932270d9d/sm
2025-09-08 20:28:04,780 [s4@group-6D5932270D9D->s5-GrpcLogAppender-LogAppenderDaemon] INFO  impl.SimpleStateMachineStorage (SimpleStateMachineStorage.java:loadLatestSnapshot(230)) - Latest snapshot is null in /home/runner/work/ratis/ratis/ratis-test/target/test/data/d6c3ea1c/MiniRaftClusterWithGrpcf715ded6/s4/5913e5d7-f0d0-40b3-8fb1-6d5932270d9d/sm
2025-09-08 20:28:04,781 [grpc-default-executor-12] INFO  impl.SimpleStateMachineStorage (SimpleStateMachineStorage.java:loadLatestSnapshot(230)) - Latest snapshot is null in /home/runner/work/ratis/ratis/ratis-test/target/test/data/d6c3ea1c/MiniRaftClusterWithGrpcf715ded6/s5/5913e5d7-f0d0-40b3-8fb1-6d5932270d9d/sm
2025-09-08 20:28:04,782 [s4@group-6D5932270D9D->s3-GrpcLogAppender-LogAppenderDaemon] INFO  impl.SimpleStateMachineStorage (SimpleStateMachineStorage.java:loadLatestSnapshot(230)) - Latest snapshot is null in /home/runner/work/ratis/ratis/ratis-test/target/test/data/d6c3ea1c/MiniRaftClusterWithGrpcf715ded6/s4/5913e5d7-f0d0-40b3-8fb1-6d5932270d9d/sm
2025-09-08 20:28:04,782 [grpc-default-executor-12] INFO  impl.SimpleStateMachineStorage (SimpleStateMachineStorage.java:loadLatestSnapshot(230)) - Latest snapshot is null in /home/runner/work/ratis/ratis/ratis-test/target/test/data/d6c3ea1c/MiniRaftClusterWithGrpcf715ded6/s3/5913e5d7-f0d0-40b3-8fb1-6d5932270d9d/sm
2025-09-08 20:28:04,856 [s4@group-6D5932270D9D->s5-GrpcLogAppender-LogAppenderDaemon] INFO  impl.SimpleStateMachineStorage (SimpleStateMachineStorage.java:loadLatestSnapshot(230)) - Latest snapshot is null in /home/runner/work/ratis/ratis/ratis-test/target/test/data/d6c3ea1c/MiniRaftClusterWithGrpcf715ded6/s4/5913e5d7-f0d0-40b3-8fb1-6d5932270d9d/sm
2025-09-08 20:28:04,857 [grpc-default-executor-12] INFO  impl.SimpleStateMachineStorage (SimpleStateMachineStorage.java:loadLatestSnapshot(230)) - Latest snapshot is null in /home/runner/work/ratis/ratis/ratis-test/target/test/data/d6c3ea1c/MiniRaftClusterWithGrpcf715ded6/s5/5913e5d7-f0d0-40b3-8fb1-6d5932270d9d/sm
2025-09-08 20:28:04,858 [s4@group-6D5932270D9D->s3-GrpcLogAppender-LogAppenderDaemon] INFO  impl.SimpleStateMachineStorage (SimpleStateMachineStorage.java:loadLatestSnapshot(230)) - Latest snapshot is null in /home/runner/work/ratis/ratis/ratis-test/target/test/data/d6c3ea1c/MiniRaftClusterWithGrpcf715ded6/s4/5913e5d7-f0d0-40b3-8fb1-6d5932270d9d/sm
2025-09-08 20:28:04,859 [grpc-default-executor-12] INFO  impl.SimpleStateMachineStorage (SimpleStateMachineStorage.java:loadLatestSnapshot(230)) - Latest snapshot is null in /home/runner/work/ratis/ratis/ratis-test/target/test/data/d6c3ea1c/MiniRaftClusterWithGrpcf715ded6/s3/5913e5d7-f0d0-40b3-8fb1-6d5932270d9d/sm
2025-09-08 20:28:04,933 [s4@group-6D5932270D9D->s5-GrpcLogAppender-LogAppenderDaemon] INFO  impl.SimpleStateMachineStorage (SimpleStateMachineStorage.java:loadLatestSnapshot(230)) - Latest snapshot is null in /home/runner/work/ratis/ratis/ratis-test/target/test/data/d6c3ea1c/MiniRaftClusterWithGrpcf715ded6/s4/5913e5d7-f0d0-40b3-8fb1-6d5932270d9d/sm
2025-09-08 20:28:04,934 [grpc-default-executor-12] INFO  impl.SimpleStateMachineStorage (SimpleStateMachineStorage.java:loadLatestSnapshot(230)) - Latest snapshot is null in /home/runner/work/ratis/ratis/ratis-test/target/test/data/d6c3ea1c/MiniRaftClusterWithGrpcf715ded6/s5/5913e5d7-f0d0-40b3-8fb1-6d5932270d9d/sm
2025-09-08 20:28:04,935 [s4@group-6D5932270D9D->s3-GrpcLogAppender-LogAppenderDaemon] INFO  impl.SimpleStateMachineStorage (SimpleStateMachineStorage.java:loadLatestSnapshot(230)) - Latest snapshot is null in /home/runner/work/ratis/ratis/ratis-test/target/test/data/d6c3ea1c/MiniRaftClusterWithGrpcf715ded6/s4/5913e5d7-f0d0-40b3-8fb1-6d5932270d9d/sm
2025-09-08 20:28:04,936 [grpc-default-executor-12] INFO  impl.SimpleStateMachineStorage (SimpleStateMachineStorage.java:loadLatestSnapshot(230)) - Latest snapshot is null in /home/runner/work/ratis/ratis/ratis-test/target/test/data/d6c3ea1c/MiniRaftClusterWithGrpcf715ded6/s3/5913e5d7-f0d0-40b3-8fb1-6d5932270d9d/sm
2025-09-08 20:28:05,010 [s4@group-6D5932270D9D->s5-GrpcLogAppender-LogAppenderDaemon] INFO  impl.SimpleStateMachineStorage (SimpleStateMachineStorage.java:loadLatestSnapshot(230)) - Latest snapshot is null in /home/runner/work/ratis/ratis/ratis-test/target/test/data/d6c3ea1c/MiniRaftClusterWithGrpcf715ded6/s4/5913e5d7-f0d0-40b3-8fb1-6d5932270d9d/sm
2025-09-08 20:28:05,011 [grpc-default-executor-12] INFO  impl.SimpleStateMachineStorage (SimpleStateMachineStorage.java:loadLatestSnapshot(230)) - Latest snapshot is null in /home/runner/work/ratis/ratis/ratis-test/target/test/data/d6c3ea1c/MiniRaftClusterWithGrpcf715ded6/s5/5913e5d7-f0d0-40b3-8fb1-6d5932270d9d/sm
2025-09-08 20:28:05,012 [s4@group-6D5932270D9D->s3-GrpcLogAppender-LogAppenderDaemon] INFO  impl.SimpleStateMachineStorage (SimpleStateMachineStorage.java:loadLatestSnapshot(230)) - Latest snapshot is null in /home/runner/work/ratis/ratis/ratis-test/target/test/data/d6c3ea1c/MiniRaftClusterWithGrpcf715ded6/s4/5913e5d7-f0d0-40b3-8fb1-6d5932270d9d/sm
2025-09-08 20:28:05,013 [grpc-default-executor-12] INFO  impl.SimpleStateMachineStorage (SimpleStateMachineStorage.java:loadLatestSnapshot(230)) - Latest snapshot is null in /home/runner/work/ratis/ratis/ratis-test/target/test/data/d6c3ea1c/MiniRaftClusterWithGrpcf715ded6/s3/5913e5d7-f0d0-40b3-8fb1-6d5932270d9d/sm
2025-09-08 20:28:05,086 [s4@group-6D5932270D9D->s5-GrpcLogAppender-LogAppenderDaemon] INFO  impl.SimpleStateMachineStorage (SimpleStateMachineStorage.java:loadLatestSnapshot(230)) - Latest snapshot is null in /home/runner/work/ratis/ratis/ratis-test/target/test/data/d6c3ea1c/MiniRaftClusterWithGrpcf715ded6/s4/5913e5d7-f0d0-40b3-8fb1-6d5932270d9d/sm
2025-09-08 20:28:05,087 [grpc-default-executor-12] INFO  impl.SimpleStateMachineStorage (SimpleStateMachineStorage.java:loadLatestSnapshot(230)) - Latest snapshot is null in /home/runner/work/ratis/ratis/ratis-test/target/test/data/d6c3ea1c/MiniRaftClusterWithGrpcf715ded6/s5/5913e5d7-f0d0-40b3-8fb1-6d5932270d9d/sm
2025-09-08 20:28:05,089 [s4@group-6D5932270D9D->s3-GrpcLogAppender-LogAppenderDaemon] INFO  impl.SimpleStateMachineStorage (SimpleStateMachineStorage.java:loadLatestSnapshot(230)) - Latest snapshot is null in /home/runner/work/ratis/ratis/ratis-test/target/test/data/d6c3ea1c/MiniRaftClusterWithGrpcf715ded6/s4/5913e5d7-f0d0-40b3-8fb1-6d5932270d9d/sm
2025-09-08 20:28:05,090 [grpc-default-executor-12] INFO  impl.SimpleStateMachineStorage (SimpleStateMachineStorage.java:loadLatestSnapshot(230)) - Latest snapshot is null in /home/runner/work/ratis/ratis/ratis-test/target/test/data/d6c3ea1c/MiniRaftClusterWithGrpcf715ded6/s3/5913e5d7-f0d0-40b3-8fb1-6d5932270d9d/sm
2025-09-08 20:28:05,164 [s4@group-6D5932270D9D->s5-GrpcLogAppender-LogAppenderDaemon] INFO  impl.SimpleStateMachineStorage (SimpleStateMachineStorage.java:loadLatestSnapshot(230)) - Latest snapshot is null in /home/runner/work/ratis/ratis/ratis-test/target/test/data/d6c3ea1c/MiniRaftClusterWithGrpcf715ded6/s4/5913e5d7-f0d0-40b3-8fb1-6d5932270d9d/sm
2025-09-08 20:28:05,164 [grpc-default-executor-12] INFO  impl.SimpleStateMachineStorage (SimpleStateMachineStorage.java:loadLatestSnapshot(230)) - Latest snapshot is null in /home/runner/work/ratis/ratis/ratis-test/target/test/data/d6c3ea1c/MiniRaftClusterWithGrpcf715ded6/s5/5913e5d7-f0d0-40b3-8fb1-6d5932270d9d/sm
2025-09-08 20:28:05,166 [s4@group-6D5932270D9D->s3-GrpcLogAppender-LogAppenderDaemon] INFO  impl.SimpleStateMachineStorage (SimpleStateMachineStorage.java:loadLatestSnapshot(230)) - Latest snapshot is null in /home/runner/work/ratis/ratis/ratis-test/target/test/data/d6c3ea1c/MiniRaftClusterWithGrpcf715ded6/s4/5913e5d7-f0d0-40b3-8fb1-6d5932270d9d/sm
2025-09-08 20:28:05,167 [grpc-default-executor-12] INFO  impl.SimpleStateMachineStorage (SimpleStateMachineStorage.java:loadLatestSnapshot(230)) - Latest snapshot is null in /home/runner/work/ratis/ratis/ratis-test/target/test/data/d6c3ea1c/MiniRaftClusterWithGrpcf715ded6/s3/5913e5d7-f0d0-40b3-8fb1-6d5932270d9d/sm
2025-09-08 20:28:05,241 [s4@group-6D5932270D9D->s5-GrpcLogAppender-LogAppenderDaemon] INFO  impl.SimpleStateMachineStorage (SimpleStateMachineStorage.java:loadLatestSnapshot(230)) - Latest snapshot is null in /home/runner/work/ratis/ratis/ratis-test/target/test/data/d6c3ea1c/MiniRaftClusterWithGrpcf715ded6/s4/5913e5d7-f0d0-40b3-8fb1-6d5932270d9d/sm
2025-09-08 20:28:05,242 [grpc-default-executor-12] INFO  impl.SimpleStateMachineStorage (SimpleStateMachineStorage.java:loadLatestSnapshot(230)) - Latest snapshot is null in /home/runner/work/ratis/ratis/ratis-test/target/test/data/d6c3ea1c/MiniRaftClusterWithGrpcf715ded6/s5/5913e5d7-f0d0-40b3-8fb1-6d5932270d9d/sm
2025-09-08 20:28:05,243 [s4@group-6D5932270D9D->s3-GrpcLogAppender-LogAppenderDaemon] INFO  impl.SimpleStateMachineStorage (SimpleStateMachineStorage.java:loadLatestSnapshot(230)) - Latest snapshot is null in /home/runner/work/ratis/ratis/ratis-test/target/test/data/d6c3ea1c/MiniRaftClusterWithGrpcf715ded6/s4/5913e5d7-f0d0-40b3-8fb1-6d5932270d9d/sm
2025-09-08 20:28:05,243 [grpc-default-executor-12] INFO  impl.SimpleStateMachineStorage (SimpleStateMachineStorage.java:loadLatestSnapshot(230)) - Latest snapshot is null in /home/runner/work/ratis/ratis/ratis-test/target/test/data/d6c3ea1c/MiniRaftClusterWithGrpcf715ded6/s3/5913e5d7-f0d0-40b3-8fb1-6d5932270d9d/sm
2025-09-08 20:28:05,318 [s4@group-6D5932270D9D->s5-GrpcLogAppender-LogAppenderDaemon] INFO  impl.SimpleStateMachineStorage (SimpleStateMachineStorage.java:loadLatestSnapshot(230)) - Latest snapshot is null in /home/runner/work/ratis/ratis/ratis-test/target/test/data/d6c3ea1c/MiniRaftClusterWithGrpcf715ded6/s4/5913e5d7-f0d0-40b3-8fb1-6d5932270d9d/sm
2025-09-08 20:28:05,319 [grpc-default-executor-12] INFO  impl.SimpleStateMachineStorage (SimpleStateMachineStorage.java:loadLatestSnapshot(230)) - Latest snapshot is null in /home/runner/work/ratis/ratis/ratis-test/target/test/data/d6c3ea1c/MiniRaftClusterWithGrpcf715ded6/s5/5913e5d7-f0d0-40b3-8fb1-6d5932270d9d/sm
2025-09-08 20:28:05,320 [s4@group-6D5932270D9D->s3-GrpcLogAppender-LogAppenderDaemon] INFO  impl.SimpleStateMachineStorage (SimpleStateMachineStorage.java:loadLatestSnapshot(230)) - Latest snapshot is null in /home/runner/work/ratis/ratis/ratis-test/target/test/data/d6c3ea1c/MiniRaftClusterWithGrpcf715ded6/s4/5913e5d7-f0d0-40b3-8fb1-6d5932270d9d/sm
2025-09-08 20:28:05,320 [grpc-default-executor-12] INFO  impl.SimpleStateMachineStorage (SimpleStateMachineStorage.java:loadLatestSnapshot(230)) - Latest snapshot is null in /home/runner/work/ratis/ratis/ratis-test/target/test/data/d6c3ea1c/MiniRaftClusterWithGrpcf715ded6/s3/5913e5d7-f0d0-40b3-8fb1-6d5932270d9d/sm
2025-09-08 20:28:05,395 [s4@group-6D5932270D9D->s5-GrpcLogAppender-LogAppenderDaemon] INFO  impl.SimpleStateMachineStorage (SimpleStateMachineStorage.java:loadLatestSnapshot(230)) - Latest snapshot is null in /home/runner/work/ratis/ratis/ratis-test/target/test/data/d6c3ea1c/MiniRaftClusterWithGrpcf715ded6/s4/5913e5d7-f0d0-40b3-8fb1-6d5932270d9d/sm
2025-09-08 20:28:05,395 [grpc-default-executor-12] INFO  impl.SimpleStateMachineStorage (SimpleStateMachineStorage.java:loadLatestSnapshot(230)) - Latest snapshot is null in /home/runner/work/ratis/ratis/ratis-test/target/test/data/d6c3ea1c/MiniRaftClusterWithGrpcf715ded6/s5/5913e5d7-f0d0-40b3-8fb1-6d5932270d9d/sm
2025-09-08 20:28:05,397 [s4@group-6D5932270D9D->s3-GrpcLogAppender-LogAppenderDaemon] INFO  impl.SimpleStateMachineStorage (SimpleStateMachineStorage.java:loadLatestSnapshot(230)) - Latest snapshot is null in /home/runner/work/ratis/ratis/ratis-test/target/test/data/d6c3ea1c/MiniRaftClusterWithGrpcf715ded6/s4/5913e5d7-f0d0-40b3-8fb1-6d5932270d9d/sm
2025-09-08 20:28:05,397 [grpc-default-executor-12] INFO  impl.SimpleStateMachineStorage (SimpleStateMachineStorage.java:loadLatestSnapshot(230)) - Latest snapshot is null in /home/runner/work/ratis/ratis/ratis-test/target/test/data/d6c3ea1c/MiniRaftClusterWithGrpcf715ded6/s3/5913e5d7-f0d0-40b3-8fb1-6d5932270d9d/sm
2025-09-08 20:28:05,472 [s4@group-6D5932270D9D->s5-GrpcLogAppender-LogAppenderDaemon] INFO  impl.SimpleStateMachineStorage (SimpleStateMachineStorage.java:loadLatestSnapshot(230)) - Latest snapshot is null in /home/runner/work/ratis/ratis/ratis-test/target/test/data/d6c3ea1c/MiniRaftClusterWithGrpcf715ded6/s4/5913e5d7-f0d0-40b3-8fb1-6d5932270d9d/sm
2025-09-08 20:28:05,473 [s4@group-6D5932270D9D->s3-GrpcLogAppender-LogAppenderDaemon] INFO  impl.SimpleStateMachineStorage (SimpleStateMachineStorage.java:loadLatestSnapshot(230)) - Latest snapshot is null in /home/runner/work/ratis/ratis/ratis-test/target/test/data/d6c3ea1c/MiniRaftClusterWithGrpcf715ded6/s4/5913e5d7-f0d0-40b3-8fb1-6d5932270d9d/sm
2025-09-08 20:28:05,473 [grpc-default-executor-12] INFO  impl.SimpleStateMachineStorage (SimpleStateMachineStorage.java:loadLatestSnapshot(230)) - Latest snapshot is null in /home/runner/work/ratis/ratis/ratis-test/target/test/data/d6c3ea1c/MiniRaftClusterWithGrpcf715ded6/s5/5913e5d7-f0d0-40b3-8fb1-6d5932270d9d/sm
2025-09-08 20:28:05,473 [grpc-default-executor-0] INFO  impl.SimpleStateMachineStorage (SimpleStateMachineStorage.java:loadLatestSnapshot(230)) - Latest snapshot is null in /home/runner/work/ratis/ratis/ratis-test/target/test/data/d6c3ea1c/MiniRaftClusterWithGrpcf715ded6/s3/5913e5d7-f0d0-40b3-8fb1-6d5932270d9d/sm
2025-09-08 20:28:05,549 [s4@group-6D5932270D9D->s3-GrpcLogAppender-LogAppenderDaemon] INFO  impl.SimpleStateMachineStorage (SimpleStateMachineStorage.java:loadLatestSnapshot(230)) - Latest snapshot is null in /home/runner/work/ratis/ratis/ratis-test/target/test/data/d6c3ea1c/MiniRaftClusterWithGrpcf715ded6/s4/5913e5d7-f0d0-40b3-8fb1-6d5932270d9d/sm
2025-09-08 20:28:05,549 [grpc-default-executor-0] INFO  impl.SimpleStateMachineStorage (SimpleStateMachineStorage.java:loadLatestSnapshot(230)) - Latest snapshot is null in /home/runner/work/ratis/ratis/ratis-test/target/test/data/d6c3ea1c/MiniRaftClusterWithGrpcf715ded6/s3/5913e5d7-f0d0-40b3-8fb1-6d5932270d9d/sm
2025-09-08 20:28:05,550 [s4@group-6D5932270D9D->s5-GrpcLogAppender-LogAppenderDaemon] INFO  impl.SimpleStateMachineStorage (SimpleStateMachineStorage.java:loadLatestSnapshot(230)) - Latest snapshot is null in /home/runner/work/ratis/ratis/ratis-test/target/test/data/d6c3ea1c/MiniRaftClusterWithGrpcf715ded6/s4/5913e5d7-f0d0-40b3-8fb1-6d5932270d9d/sm
2025-09-08 20:28:05,550 [grpc-default-executor-0] INFO  impl.SimpleStateMachineStorage (SimpleStateMachineStorage.java:loadLatestSnapshot(230)) - Latest snapshot is null in /home/runner/work/ratis/ratis/ratis-test/target/test/data/d6c3ea1c/MiniRaftClusterWithGrpcf715ded6/s5/5913e5d7-f0d0-40b3-8fb1-6d5932270d9d/sm
2025-09-08 20:28:05,625 [s4@group-6D5932270D9D->s3-GrpcLogAppender-LogAppenderDaemon] INFO  impl.SimpleStateMachineStorage (SimpleStateMachineStorage.java:loadLatestSnapshot(230)) - Latest snapshot is null in /home/runner/work/ratis/ratis/ratis-test/target/test/data/d6c3ea1c/MiniRaftClusterWithGrpcf715ded6/s4/5913e5d7-f0d0-40b3-8fb1-6d5932270d9d/sm
2025-09-08 20:28:05,625 [grpc-default-executor-0] INFO  impl.SimpleStateMachineStorage (SimpleStateMachineStorage.java:loadLatestSnapshot(230)) - Latest snapshot is null in /home/runner/work/ratis/ratis/ratis-test/target/test/data/d6c3ea1c/MiniRaftClusterWithGrpcf715ded6/s3/5913e5d7-f0d0-40b3-8fb1-6d5932270d9d/sm
2025-09-08 20:28:05,625 [s4@group-6D5932270D9D->s5-GrpcLogAppender-LogAppenderDaemon] INFO  impl.SimpleStateMachineStorage (SimpleStateMachineStorage.java:loadLatestSnapshot(230)) - Latest snapshot is null in /home/runner/work/ratis/ratis/ratis-test/target/test/data/d6c3ea1c/MiniRaftClusterWithGrpcf715ded6/s4/5913e5d7-f0d0-40b3-8fb1-6d5932270d9d/sm
2025-09-08 20:28:05,626 [grpc-default-executor-12] INFO  impl.SimpleStateMachineStorage (SimpleStateMachineStorage.java:loadLatestSnapshot(230)) - Latest snapshot is null in /home/runner/work/ratis/ratis/ratis-test/target/test/data/d6c3ea1c/MiniRaftClusterWithGrpcf715ded6/s5/5913e5d7-f0d0-40b3-8fb1-6d5932270d9d/sm
2025-09-08 20:28:05,701 [s4@group-6D5932270D9D->s3-GrpcLogAppender-LogAppenderDaemon] INFO  impl.SimpleStateMachineStorage (SimpleStateMachineStorage.java:loadLatestSnapshot(230)) - Latest snapshot is null in /home/runner/work/ratis/ratis/ratis-test/target/test/data/d6c3ea1c/MiniRaftClusterWithGrpcf715ded6/s4/5913e5d7-f0d0-40b3-8fb1-6d5932270d9d/sm
2025-09-08 20:28:05,702 [grpc-default-executor-12] INFO  impl.SimpleStateMachineStorage (SimpleStateMachineStorage.java:loadLatestSnapshot(230)) - Latest snapshot is null in /home/runner/work/ratis/ratis/ratis-test/target/test/data/d6c3ea1c/MiniRaftClusterWithGrpcf715ded6/s3/5913e5d7-f0d0-40b3-8fb1-6d5932270d9d/sm
2025-09-08 20:28:05,702 [s4@group-6D5932270D9D->s5-GrpcLogAppender-LogAppenderDaemon] INFO  impl.SimpleStateMachineStorage (SimpleStateMachineStorage.java:loadLatestSnapshot(230)) - Latest snapshot is null in /home/runner/work/ratis/ratis/ratis-test/target/test/data/d6c3ea1c/MiniRaftClusterWithGrpcf715ded6/s4/5913e5d7-f0d0-40b3-8fb1-6d5932270d9d/sm
2025-09-08 20:28:05,703 [grpc-default-executor-12] INFO  impl.SimpleStateMachineStorage (SimpleStateMachineStorage.java:loadLatestSnapshot(230)) - Latest snapshot is null in /home/runner/work/ratis/ratis/ratis-test/target/test/data/d6c3ea1c/MiniRaftClusterWithGrpcf715ded6/s5/5913e5d7-f0d0-40b3-8fb1-6d5932270d9d/sm
2025-09-08 20:28:05,778 [s4@group-6D5932270D9D->s3-GrpcLogAppender-LogAppenderDaemon] INFO  impl.SimpleStateMachineStorage (SimpleStateMachineStorage.java:loadLatestSnapshot(230)) - Latest snapshot is null in /home/runner/work/ratis/ratis/ratis-test/target/test/data/d6c3ea1c/MiniRaftClusterWithGrpcf715ded6/s4/5913e5d7-f0d0-40b3-8fb1-6d5932270d9d/sm
2025-09-08 20:28:05,779 [grpc-default-executor-12] INFO  impl.SimpleStateMachineStorage (SimpleStateMachineStorage.java:loadLatestSnapshot(230)) - Latest snapshot is null in /home/runner/work/ratis/ratis/ratis-test/target/test/data/d6c3ea1c/MiniRaftClusterWithGrpcf715ded6/s3/5913e5d7-f0d0-40b3-8fb1-6d5932270d9d/sm
2025-09-08 20:28:05,779 [s4@group-6D5932270D9D->s5-GrpcLogAppender-LogAppenderDaemon] INFO  impl.SimpleStateMachineStorage (SimpleStateMachineStorage.java:loadLatestSnapshot(230)) - Latest snapshot is null in /home/runner/work/ratis/ratis/ratis-test/target/test/data/d6c3ea1c/MiniRaftClusterWithGrpcf715ded6/s4/5913e5d7-f0d0-40b3-8fb1-6d5932270d9d/sm
2025-09-08 20:28:05,780 [grpc-default-executor-12] INFO  impl.SimpleStateMachineStorage (SimpleStateMachineStorage.java:loadLatestSnapshot(230)) - Latest snapshot is null in /home/runner/work/ratis/ratis/ratis-test/target/test/data/d6c3ea1c/MiniRaftClusterWithGrpcf715ded6/s5/5913e5d7-f0d0-40b3-8fb1-6d5932270d9d/sm
2025-09-08 20:28:05,855 [s4@group-6D5932270D9D->s3-GrpcLogAppender-LogAppenderDaemon] INFO  impl.SimpleStateMachineStorage (SimpleStateMachineStorage.java:loadLatestSnapshot(230)) - Latest snapshot is null in /home/runner/work/ratis/ratis/ratis-test/target/test/data/d6c3ea1c/MiniRaftClusterWithGrpcf715ded6/s4/5913e5d7-f0d0-40b3-8fb1-6d5932270d9d/sm
2025-09-08 20:28:05,855 [grpc-default-executor-12] INFO  impl.SimpleStateMachineStorage (SimpleStateMachineStorage.java:loadLatestSnapshot(230)) - Latest snapshot is null in /home/runner/work/ratis/ratis/ratis-test/target/test/data/d6c3ea1c/MiniRaftClusterWithGrpcf715ded6/s3/5913e5d7-f0d0-40b3-8fb1-6d5932270d9d/sm
2025-09-08 20:28:05,855 [s4@group-6D5932270D9D->s5-GrpcLogAppender-LogAppenderDaemon] INFO  impl.SimpleStateMachineStorage (SimpleStateMachineStorage.java:loadLatestSnapshot(230)) - Latest snapshot is null in /home/runner/work/ratis/ratis/ratis-test/target/test/data/d6c3ea1c/MiniRaftClusterWithGrpcf715ded6/s4/5913e5d7-f0d0-40b3-8fb1-6d5932270d9d/sm
2025-09-08 20:28:05,856 [grpc-default-executor-12] INFO  impl.SimpleStateMachineStorage (SimpleStateMachineStorage.java:loadLatestSnapshot(230)) - Latest snapshot is null in /home/runner/work/ratis/ratis/ratis-test/target/test/data/d6c3ea1c/MiniRaftClusterWithGrpcf715ded6/s5/5913e5d7-f0d0-40b3-8fb1-6d5932270d9d/sm
2025-09-08 20:28:05,931 [s4@group-6D5932270D9D->s3-GrpcLogAppender-LogAppenderDaemon] INFO  impl.SimpleStateMachineStorage (SimpleStateMachineStorage.java:loadLatestSnapshot(230)) - Latest snapshot is null in /home/runner/work/ratis/ratis/ratis-test/target/test/data/d6c3ea1c/MiniRaftClusterWithGrpcf715ded6/s4/5913e5d7-f0d0-40b3-8fb1-6d5932270d9d/sm
2025-09-08 20:28:05,931 [s4@group-6D5932270D9D->s5-GrpcLogAppender-LogAppenderDaemon] INFO  impl.SimpleStateMachineStorage (SimpleStateMachineStorage.java:loadLatestSnapshot(230)) - Latest snapshot is null in /home/runner/work/ratis/ratis/ratis-test/target/test/data/d6c3ea1c/MiniRaftClusterWithGrpcf715ded6/s4/5913e5d7-f0d0-40b3-8fb1-6d5932270d9d/sm
2025-09-08 20:28:05,932 [grpc-default-executor-0] INFO  impl.SimpleStateMachineStorage (SimpleStateMachineStorage.java:loadLatestSnapshot(230)) - Latest snapshot is null in /home/runner/work/ratis/ratis/ratis-test/target/test/data/d6c3ea1c/MiniRaftClusterWithGrpcf715ded6/s3/5913e5d7-f0d0-40b3-8fb1-6d5932270d9d/sm
2025-09-08 20:28:05,932 [grpc-default-executor-12] INFO  impl.SimpleStateMachineStorage (SimpleStateMachineStorage.java:loadLatestSnapshot(230)) - Latest snapshot is null in /home/runner/work/ratis/ratis/ratis-test/target/test/data/d6c3ea1c/MiniRaftClusterWithGrpcf715ded6/s5/5913e5d7-f0d0-40b3-8fb1-6d5932270d9d/sm
2025-09-08 20:28:06,009 [s4@group-6D5932270D9D->s3-GrpcLogAppender-LogAppenderDaemon] INFO  impl.SimpleStateMachineStorage (SimpleStateMachineStorage.java:loadLatestSnapshot(230)) - Latest snapshot is null in /home/runner/work/ratis/ratis/ratis-test/target/test/data/d6c3ea1c/MiniRaftClusterWithGrpcf715ded6/s4/5913e5d7-f0d0-40b3-8fb1-6d5932270d9d/sm
2025-09-08 20:28:06,009 [s4@group-6D5932270D9D->s5-GrpcLogAppender-LogAppenderDaemon] INFO  impl.SimpleStateMachineStorage (SimpleStateMachineStorage.java:loadLatestSnapshot(230)) - Latest snapshot is null in /home/runner/work/ratis/ratis/ratis-test/target/test/data/d6c3ea1c/MiniRaftClusterWithGrpcf715ded6/s4/5913e5d7-f0d0-40b3-8fb1-6d5932270d9d/sm
2025-09-08 20:28:06,010 [grpc-default-executor-0] INFO  impl.SimpleStateMachineStorage (SimpleStateMachineStorage.java:loadLatestSnapshot(230)) - Latest snapshot is null in /home/runner/work/ratis/ratis/ratis-test/target/test/data/d6c3ea1c/MiniRaftClusterWithGrpcf715ded6/s5/5913e5d7-f0d0-40b3-8fb1-6d5932270d9d/sm
2025-09-08 20:28:06,010 [grpc-default-executor-12] INFO  impl.SimpleStateMachineStorage (SimpleStateMachineStorage.java:loadLatestSnapshot(230)) - Latest snapshot is null in /home/runner/work/ratis/ratis/ratis-test/target/test/data/d6c3ea1c/MiniRaftClusterWithGrpcf715ded6/s3/5913e5d7-f0d0-40b3-8fb1-6d5932270d9d/sm
2025-09-08 20:28:06,086 [s4@group-6D5932270D9D->s3-GrpcLogAppender-LogAppenderDaemon] INFO  impl.SimpleStateMachineStorage (SimpleStateMachineStorage.java:loadLatestSnapshot(230)) - Latest snapshot is null in /home/runner/work/ratis/ratis/ratis-test/target/test/data/d6c3ea1c/MiniRaftClusterWithGrpcf715ded6/s4/5913e5d7-f0d0-40b3-8fb1-6d5932270d9d/sm
2025-09-08 20:28:06,086 [s4@group-6D5932270D9D->s5-GrpcLogAppender-LogAppenderDaemon] INFO  impl.SimpleStateMachineStorage (SimpleStateMachineStorage.java:loadLatestSnapshot(230)) - Latest snapshot is null in /home/runner/work/ratis/ratis/ratis-test/target/test/data/d6c3ea1c/MiniRaftClusterWithGrpcf715ded6/s4/5913e5d7-f0d0-40b3-8fb1-6d5932270d9d/sm
2025-09-08 20:28:06,086 [grpc-default-executor-0] INFO  impl.SimpleStateMachineStorage (SimpleStateMachineStorage.java:loadLatestSnapshot(230)) - Latest snapshot is null in /home/runner/work/ratis/ratis/ratis-test/target/test/data/d6c3ea1c/MiniRaftClusterWithGrpcf715ded6/s3/5913e5d7-f0d0-40b3-8fb1-6d5932270d9d/sm
2025-09-08 20:28:06,087 [grpc-default-executor-0] INFO  impl.SimpleStateMachineStorage (SimpleStateMachineStorage.java:loadLatestSnapshot(230)) - Latest snapshot is null in /home/runner/work/ratis/ratis/ratis-test/target/test/data/d6c3ea1c/MiniRaftClusterWithGrpcf715ded6/s5/5913e5d7-f0d0-40b3-8fb1-6d5932270d9d/sm
2025-09-08 20:28:06,162 [s4@group-6D5932270D9D->s3-GrpcLogAppender-LogAppenderDaemon] INFO  impl.SimpleStateMachineStorage (SimpleStateMachineStorage.java:loadLatestSnapshot(230)) - Latest snapshot is null in /home/runner/work/ratis/ratis/ratis-test/target/test/data/d6c3ea1c/MiniRaftClusterWithGrpcf715ded6/s4/5913e5d7-f0d0-40b3-8fb1-6d5932270d9d/sm
2025-09-08 20:28:06,163 [grpc-default-executor-12] INFO  impl.SimpleStateMachineStorage (SimpleStateMachineStorage.java:loadLatestSnapshot(230)) - Latest snapshot is null in /home/runner/work/ratis/ratis/ratis-test/target/test/data/d6c3ea1c/MiniRaftClusterWithGrpcf715ded6/s3/5913e5d7-f0d0-40b3-8fb1-6d5932270d9d/sm
2025-09-08 20:28:06,163 [s4@group-6D5932270D9D->s5-GrpcLogAppender-LogAppenderDaemon] INFO  impl.SimpleStateMachineStorage (SimpleStateMachineStorage.java:loadLatestSnapshot(230)) - Latest snapshot is null in /home/runner/work/ratis/ratis/ratis-test/target/test/data/d6c3ea1c/MiniRaftClusterWithGrpcf715ded6/s4/5913e5d7-f0d0-40b3-8fb1-6d5932270d9d/sm
2025-09-08 20:28:06,164 [grpc-default-executor-12] INFO  impl.SimpleStateMachineStorage (SimpleStateMachineStorage.java:loadLatestSnapshot(230)) - Latest snapshot is null in /home/runner/work/ratis/ratis/ratis-test/target/test/data/d6c3ea1c/MiniRaftClusterWithGrpcf715ded6/s5/5913e5d7-f0d0-40b3-8fb1-6d5932270d9d/sm
2025-09-08 20:28:06,239 [s4@group-6D5932270D9D->s5-GrpcLogAppender-LogAppenderDaemon] INFO  impl.SimpleStateMachineStorage (SimpleStateMachineStorage.java:loadLatestSnapshot(230)) - Latest snapshot is null in /home/runner/work/ratis/ratis/ratis-test/target/test/data/d6c3ea1c/MiniRaftClusterWithGrpcf715ded6/s4/5913e5d7-f0d0-40b3-8fb1-6d5932270d9d/sm
2025-09-08 20:28:06,240 [s4@group-6D5932270D9D->s3-GrpcLogAppender-LogAppenderDaemon] INFO  impl.SimpleStateMachineStorage (SimpleStateMachineStorage.java:loadLatestSnapshot(230)) - Latest snapshot is null in /home/runner/work/ratis/ratis/ratis-test/target/test/data/d6c3ea1c/MiniRaftClusterWithGrpcf715ded6/s4/5913e5d7-f0d0-40b3-8fb1-6d5932270d9d/sm
2025-09-08 20:28:06,240 [grpc-default-executor-12] INFO  impl.SimpleStateMachineStorage (SimpleStateMachineStorage.java:loadLatestSnapshot(230)) - Latest snapshot is null in /home/runner/work/ratis/ratis/ratis-test/target/test/data/d6c3ea1c/MiniRaftClusterWithGrpcf715ded6/s5/5913e5d7-f0d0-40b3-8fb1-6d5932270d9d/sm
2025-09-08 20:28:06,240 [grpc-default-executor-0] INFO  impl.SimpleStateMachineStorage (SimpleStateMachineStorage.java:loadLatestSnapshot(230)) - Latest snapshot is null in /home/runner/work/ratis/ratis/ratis-test/target/test/data/d6c3ea1c/MiniRaftClusterWithGrpcf715ded6/s3/5913e5d7-f0d0-40b3-8fb1-6d5932270d9d/sm
2025-09-08 20:28:06,316 [s4@group-6D5932270D9D->s3-GrpcLogAppender-LogAppenderDaemon] INFO  impl.SimpleStateMachineStorage (SimpleStateMachineStorage.java:loadLatestSnapshot(230)) - Latest snapshot is null in /home/runner/work/ratis/ratis/ratis-test/target/test/data/d6c3ea1c/MiniRaftClusterWithGrpcf715ded6/s4/5913e5d7-f0d0-40b3-8fb1-6d5932270d9d/sm
2025-09-08 20:28:06,317 [grpc-default-executor-0] INFO  impl.SimpleStateMachineStorage (SimpleStateMachineStorage.java:loadLatestSnapshot(230)) - Latest snapshot is null in /home/runner/work/ratis/ratis/ratis-test/target/test/data/d6c3ea1c/MiniRaftClusterWithGrpcf715ded6/s3/5913e5d7-f0d0-40b3-8fb1-6d5932270d9d/sm
2025-09-08 20:28:06,317 [s4@group-6D5932270D9D->s5-GrpcLogAppender-LogAppenderDaemon] INFO  impl.SimpleStateMachineStorage (SimpleStateMachineStorage.java:loadLatestSnapshot(230)) - Latest snapshot is null in /home/runner/work/ratis/ratis/ratis-test/target/test/data/d6c3ea1c/MiniRaftClusterWithGrpcf715ded6/s4/5913e5d7-f0d0-40b3-8fb1-6d5932270d9d/sm
2025-09-08 20:28:06,317 [grpc-default-executor-0] INFO  impl.SimpleStateMachineStorage (SimpleStateMachineStorage.java:loadLatestSnapshot(230)) - Latest snapshot is null in /home/runner/work/ratis/ratis/ratis-test/target/test/data/d6c3ea1c/MiniRaftClusterWithGrpcf715ded6/s5/5913e5d7-f0d0-40b3-8fb1-6d5932270d9d/sm
2025-09-08 20:28:06,393 [s4@group-6D5932270D9D->s3-GrpcLogAppender-LogAppenderDaemon] INFO  impl.SimpleStateMachineStorage (SimpleStateMachineStorage.java:loadLatestSnapshot(230)) - Latest snapshot is null in /home/runner/work/ratis/ratis/ratis-test/target/test/data/d6c3ea1c/MiniRaftClusterWithGrpcf715ded6/s4/5913e5d7-f0d0-40b3-8fb1-6d5932270d9d/sm
2025-09-08 20:28:06,394 [grpc-default-executor-0] INFO  impl.SimpleStateMachineStorage (SimpleStateMachineStorage.java:loadLatestSnapshot(230)) - Latest snapshot is null in /home/runner/work/ratis/ratis/ratis-test/target/test/data/d6c3ea1c/MiniRaftClusterWithGrpcf715ded6/s3/5913e5d7-f0d0-40b3-8fb1-6d5932270d9d/sm
2025-09-08 20:28:06,394 [s4@group-6D5932270D9D->s5-GrpcLogAppender-LogAppenderDaemon] INFO  impl.SimpleStateMachineStorage (SimpleStateMachineStorage.java:loadLatestSnapshot(230)) - Latest snapshot is null in /home/runner/work/ratis/ratis/ratis-test/target/test/data/d6c3ea1c/MiniRaftClusterWithGrpcf715ded6/s4/5913e5d7-f0d0-40b3-8fb1-6d5932270d9d/sm
2025-09-08 20:28:06,394 [grpc-default-executor-0] INFO  impl.SimpleStateMachineStorage (SimpleStateMachineStorage.java:loadLatestSnapshot(230)) - Latest snapshot is null in /home/runner/work/ratis/ratis/ratis-test/target/test/data/d6c3ea1c/MiniRaftClusterWithGrpcf715ded6/s5/5913e5d7-f0d0-40b3-8fb1-6d5932270d9d/sm
2025-09-08 20:28:06,470 [s4@group-6D5932270D9D->s5-GrpcLogAppender-LogAppenderDaemon] INFO  impl.SimpleStateMachineStorage (SimpleStateMachineStorage.java:loadLatestSnapshot(230)) - Latest snapshot is null in /home/runner/work/ratis/ratis/ratis-test/target/test/data/d6c3ea1c/MiniRaftClusterWithGrpcf715ded6/s4/5913e5d7-f0d0-40b3-8fb1-6d5932270d9d/sm
2025-09-08 20:28:06,470 [s4@group-6D5932270D9D->s3-GrpcLogAppender-LogAppenderDaemon] INFO  impl.SimpleStateMachineStorage (SimpleStateMachineStorage.java:loadLatestSnapshot(230)) - Latest snapshot is null in /home/runner/work/ratis/ratis/ratis-test/target/test/data/d6c3ea1c/MiniRaftClusterWithGrpcf715ded6/s4/5913e5d7-f0d0-40b3-8fb1-6d5932270d9d/sm
2025-09-08 20:28:06,471 [grpc-default-executor-0] INFO  impl.SimpleStateMachineStorage (SimpleStateMachineStorage.java:loadLatestSnapshot(230)) - Latest snapshot is null in /home/runner/work/ratis/ratis/ratis-test/target/test/data/d6c3ea1c/MiniRaftClusterWithGrpcf715ded6/s5/5913e5d7-f0d0-40b3-8fb1-6d5932270d9d/sm
2025-09-08 20:28:06,471 [grpc-default-executor-12] INFO  impl.SimpleStateMachineStorage (SimpleStateMachineStorage.java:loadLatestSnapshot(230)) - Latest snapshot is null in /home/runner/work/ratis/ratis/ratis-test/target/test/data/d6c3ea1c/MiniRaftClusterWithGrpcf715ded6/s3/5913e5d7-f0d0-40b3-8fb1-6d5932270d9d/sm
2025-09-08 20:28:06,547 [s4@group-6D5932270D9D->s5-GrpcLogAppender-LogAppenderDaemon] INFO  impl.SimpleStateMachineStorage (SimpleStateMachineStorage.java:loadLatestSnapshot(230)) - Latest snapshot is null in /home/runner/work/ratis/ratis/ratis-test/target/test/data/d6c3ea1c/MiniRaftClusterWithGrpcf715ded6/s4/5913e5d7-f0d0-40b3-8fb1-6d5932270d9d/sm
2025-09-08 20:28:06,547 [grpc-default-executor-12] INFO  impl.SimpleStateMachineStorage (SimpleStateMachineStorage.java:loadLatestSnapshot(230)) - Latest snapshot is null in /home/runner/work/ratis/ratis/ratis-test/target/test/data/d6c3ea1c/MiniRaftClusterWithGrpcf715ded6/s5/5913e5d7-f0d0-40b3-8fb1-6d5932270d9d/sm
2025-09-08 20:28:06,548 [s4@group-6D5932270D9D->s3-GrpcLogAppender-LogAppenderDaemon] INFO  impl.SimpleStateMachineStorage (SimpleStateMachineStorage.java:loadLatestSnapshot(230)) - Latest snapshot is null in /home/runner/work/ratis/ratis/ratis-test/target/test/data/d6c3ea1c/MiniRaftClusterWithGrpcf715ded6/s4/5913e5d7-f0d0-40b3-8fb1-6d5932270d9d/sm
2025-09-08 20:28:06,548 [grpc-default-executor-12] INFO  impl.SimpleStateMachineStorage (SimpleStateMachineStorage.java:loadLatestSnapshot(230)) - Latest snapshot is null in /home/runner/work/ratis/ratis/ratis-test/target/test/data/d6c3ea1c/MiniRaftClusterWithGrpcf715ded6/s3/5913e5d7-f0d0-40b3-8fb1-6d5932270d9d/sm
2025-09-08 20:28:06,624 [s4@group-6D5932270D9D->s3-GrpcLogAppender-LogAppenderDaemon] INFO  impl.SimpleStateMachineStorage (SimpleStateMachineStorage.java:loadLatestSnapshot(230)) - Latest snapshot is null in /home/runner/work/ratis/ratis/ratis-test/target/test/data/d6c3ea1c/MiniRaftClusterWithGrpcf715ded6/s4/5913e5d7-f0d0-40b3-8fb1-6d5932270d9d/sm
2025-09-08 20:28:06,624 [s4@group-6D5932270D9D->s5-GrpcLogAppender-LogAppenderDaemon] INFO  impl.SimpleStateMachineStorage (SimpleStateMachineStorage.java:loadLatestSnapshot(230)) - Latest snapshot is null in /home/runner/work/ratis/ratis/ratis-test/target/test/data/d6c3ea1c/MiniRaftClusterWithGrpcf715ded6/s4/5913e5d7-f0d0-40b3-8fb1-6d5932270d9d/sm
2025-09-08 20:28:06,624 [grpc-default-executor-12] INFO  impl.SimpleStateMachineStorage (SimpleStateMachineStorage.java:loadLatestSnapshot(230)) - Latest snapshot is null in /home/runner/work/ratis/ratis/ratis-test/target/test/data/d6c3ea1c/MiniRaftClusterWithGrpcf715ded6/s5/5913e5d7-f0d0-40b3-8fb1-6d5932270d9d/sm
2025-09-08 20:28:06,624 [grpc-default-executor-0] INFO  impl.SimpleStateMachineStorage (SimpleStateMachineStorage.java:loadLatestSnapshot(230)) - Latest snapshot is null in /home/runner/work/ratis/ratis/ratis-test/target/test/data/d6c3ea1c/MiniRaftClusterWithGrpcf715ded6/s3/5913e5d7-f0d0-40b3-8fb1-6d5932270d9d/sm
2025-09-08 20:28:06,700 [s4@group-6D5932270D9D->s3-GrpcLogAppender-LogAppenderDaemon] INFO  impl.SimpleStateMachineStorage (SimpleStateMachineStorage.java:loadLatestSnapshot(230)) - Latest snapshot is null in /home/runner/work/ratis/ratis/ratis-test/target/test/data/d6c3ea1c/MiniRaftClusterWithGrpcf715ded6/s4/5913e5d7-f0d0-40b3-8fb1-6d5932270d9d/sm
2025-09-08 20:28:06,701 [s4@group-6D5932270D9D->s5-GrpcLogAppender-LogAppenderDaemon] INFO  impl.SimpleStateMachineStorage (SimpleStateMachineStorage.java:loadLatestSnapshot(230)) - Latest snapshot is null in /home/runner/work/ratis/ratis/ratis-test/target/test/data/d6c3ea1c/MiniRaftClusterWithGrpcf715ded6/s4/5913e5d7-f0d0-40b3-8fb1-6d5932270d9d/sm
2025-09-08 20:28:06,701 [grpc-default-executor-0] INFO  impl.SimpleStateMachineStorage (SimpleStateMachineStorage.java:loadLatestSnapshot(230)) - Latest snapshot is null in /home/runner/work/ratis/ratis/ratis-test/target/test/data/d6c3ea1c/MiniRaftClusterWithGrpcf715ded6/s3/5913e5d7-f0d0-40b3-8fb1-6d5932270d9d/sm
2025-09-08 20:28:06,701 [grpc-default-executor-0] INFO  impl.SimpleStateMachineStorage (SimpleStateMachineStorage.java:loadLatestSnapshot(230)) - Latest snapshot is null in /home/runner/work/ratis/ratis/ratis-test/target/test/data/d6c3ea1c/MiniRaftClusterWithGrpcf715ded6/s5/5913e5d7-f0d0-40b3-8fb1-6d5932270d9d/sm
2025-09-08 20:28:06,777 [s4@group-6D5932270D9D->s3-GrpcLogAppender-LogAppenderDaemon] INFO  impl.SimpleStateMachineStorage (SimpleStateMachineStorage.java:loadLatestSnapshot(230)) - Latest snapshot is null in /home/runner/work/ratis/ratis/ratis-test/target/test/data/d6c3ea1c/MiniRaftClusterWithGrpcf715ded6/s4/5913e5d7-f0d0-40b3-8fb1-6d5932270d9d/sm
2025-09-08 20:28:06,777 [s4@group-6D5932270D9D->s5-GrpcLogAppender-LogAppenderDaemon] INFO  impl.SimpleStateMachineStorage (SimpleStateMachineStorage.java:loadLatestSnapshot(230)) - Latest snapshot is null in /home/runner/work/ratis/ratis/ratis-test/target/test/data/d6c3ea1c/MiniRaftClusterWithGrpcf715ded6/s4/5913e5d7-f0d0-40b3-8fb1-6d5932270d9d/sm
2025-09-08 20:28:06,777 [grpc-default-executor-0] INFO  impl.SimpleStateMachineStorage (SimpleStateMachineStorage.java:loadLatestSnapshot(230)) - Latest snapshot is null in /home/runner/work/ratis/ratis/ratis-test/target/test/data/d6c3ea1c/MiniRaftClusterWithGrpcf715ded6/s3/5913e5d7-f0d0-40b3-8fb1-6d5932270d9d/sm
2025-09-08 20:28:06,777 [grpc-default-executor-12] INFO  impl.SimpleStateMachineStorage (SimpleStateMachineStorage.java:loadLatestSnapshot(230)) - Latest snapshot is null in /home/runner/work/ratis/ratis/ratis-test/target/test/data/d6c3ea1c/MiniRaftClusterWithGrpcf715ded6/s5/5913e5d7-f0d0-40b3-8fb1-6d5932270d9d/sm
2025-09-08 20:28:06,837 [Thread-326] WARN  grpc.GrpcUtil (GrpcUtil.java:shutdownManagedChannel(226)) - Timed out gracefully shutting down connection: ManagedChannelOrphanWrapper{delegate=ManagedChannelImpl{logId=433, target=localhost:15042}}. 
2025-09-08 20:28:06,853 [s4@group-6D5932270D9D->s5-GrpcLogAppender-LogAppenderDaemon] INFO  impl.SimpleStateMachineStorage (SimpleStateMachineStorage.java:loadLatestSnapshot(230)) - Latest snapshot is null in /home/runner/work/ratis/ratis/ratis-test/target/test/data/d6c3ea1c/MiniRaftClusterWithGrpcf715ded6/s4/5913e5d7-f0d0-40b3-8fb1-6d5932270d9d/sm
2025-09-08 20:28:06,853 [grpc-default-executor-0] INFO  impl.SimpleStateMachineStorage (SimpleStateMachineStorage.java:loadLatestSnapshot(230)) - Latest snapshot is null in /home/runner/work/ratis/ratis/ratis-test/target/test/data/d6c3ea1c/MiniRaftClusterWithGrpcf715ded6/s5/5913e5d7-f0d0-40b3-8fb1-6d5932270d9d/sm
2025-09-08 20:28:06,854 [s4@group-6D5932270D9D->s3-GrpcLogAppender-LogAppenderDaemon] INFO  impl.SimpleStateMachineStorage (SimpleStateMachineStorage.java:loadLatestSnapshot(230)) - Latest snapshot is null in /home/runner/work/ratis/ratis/ratis-test/target/test/data/d6c3ea1c/MiniRaftClusterWithGrpcf715ded6/s4/5913e5d7-f0d0-40b3-8fb1-6d5932270d9d/sm
2025-09-08 20:28:06,854 [grpc-default-executor-0] INFO  impl.SimpleStateMachineStorage (SimpleStateMachineStorage.java:loadLatestSnapshot(230)) - Latest snapshot is null in /home/runner/work/ratis/ratis/ratis-test/target/test/data/d6c3ea1c/MiniRaftClusterWithGrpcf715ded6/s3/5913e5d7-f0d0-40b3-8fb1-6d5932270d9d/sm
2025-09-08 20:28:06,930 [s4@group-6D5932270D9D->s3-GrpcLogAppender-LogAppenderDaemon] INFO  impl.SimpleStateMachineStorage (SimpleStateMachineStorage.java:loadLatestSnapshot(230)) - Latest snapshot is null in /home/runner/work/ratis/ratis/ratis-test/target/test/data/d6c3ea1c/MiniRaftClusterWithGrpcf715ded6/s4/5913e5d7-f0d0-40b3-8fb1-6d5932270d9d/sm
2025-09-08 20:28:06,930 [s4@group-6D5932270D9D->s5-GrpcLogAppender-LogAppenderDaemon] INFO  impl.SimpleStateMachineStorage (SimpleStateMachineStorage.java:loadLatestSnapshot(230)) - Latest snapshot is null in /home/runner/work/ratis/ratis/ratis-test/target/test/data/d6c3ea1c/MiniRaftClusterWithGrpcf715ded6/s4/5913e5d7-f0d0-40b3-8fb1-6d5932270d9d/sm
2025-09-08 20:28:06,931 [grpc-default-executor-0] INFO  impl.SimpleStateMachineStorage (SimpleStateMachineStorage.java:loadLatestSnapshot(230)) - Latest snapshot is null in /home/runner/work/ratis/ratis/ratis-test/target/test/data/d6c3ea1c/MiniRaftClusterWithGrpcf715ded6/s3/5913e5d7-f0d0-40b3-8fb1-6d5932270d9d/sm
2025-09-08 20:28:06,931 [grpc-default-executor-12] INFO  impl.SimpleStateMachineStorage (SimpleStateMachineStorage.java:loadLatestSnapshot(230)) - Latest snapshot is null in /home/runner/work/ratis/ratis/ratis-test/target/test/data/d6c3ea1c/MiniRaftClusterWithGrpcf715ded6/s5/5913e5d7-f0d0-40b3-8fb1-6d5932270d9d/sm
2025-09-08 20:28:07,006 [s4@group-6D5932270D9D->s3-GrpcLogAppender-LogAppenderDaemon] INFO  impl.SimpleStateMachineStorage (SimpleStateMachineStorage.java:loadLatestSnapshot(230)) - Latest snapshot is null in /home/runner/work/ratis/ratis/ratis-test/target/test/data/d6c3ea1c/MiniRaftClusterWithGrpcf715ded6/s4/5913e5d7-f0d0-40b3-8fb1-6d5932270d9d/sm
2025-09-08 20:28:07,007 [s4@group-6D5932270D9D->s5-GrpcLogAppender-LogAppenderDaemon] INFO  impl.SimpleStateMachineStorage (SimpleStateMachineStorage.java:loadLatestSnapshot(230)) - Latest snapshot is null in /home/runner/work/ratis/ratis/ratis-test/target/test/data/d6c3ea1c/MiniRaftClusterWithGrpcf715ded6/s4/5913e5d7-f0d0-40b3-8fb1-6d5932270d9d/sm
2025-09-08 20:28:07,007 [grpc-default-executor-12] INFO  impl.SimpleStateMachineStorage (SimpleStateMachineStorage.java:loadLatestSnapshot(230)) - Latest snapshot is null in /home/runner/work/ratis/ratis/ratis-test/target/test/data/d6c3ea1c/MiniRaftClusterWithGrpcf715ded6/s5/5913e5d7-f0d0-40b3-8fb1-6d5932270d9d/sm
2025-09-08 20:28:07,007 [grpc-default-executor-0] INFO  impl.SimpleStateMachineStorage (SimpleStateMachineStorage.java:loadLatestSnapshot(230)) - Latest snapshot is null in /home/runner/work/ratis/ratis/ratis-test/target/test/data/d6c3ea1c/MiniRaftClusterWithGrpcf715ded6/s3/5913e5d7-f0d0-40b3-8fb1-6d5932270d9d/sm
2025-09-08 20:28:07,083 [s4@group-6D5932270D9D->s5-GrpcLogAppender-LogAppenderDaemon] INFO  impl.SimpleStateMachineStorage (SimpleStateMachineStorage.java:loadLatestSnapshot(230)) - Latest snapshot is null in /home/runner/work/ratis/ratis/ratis-test/target/test/data/d6c3ea1c/MiniRaftClusterWithGrpcf715ded6/s4/5913e5d7-f0d0-40b3-8fb1-6d5932270d9d/sm
2025-09-08 20:28:07,083 [s4@group-6D5932270D9D->s3-GrpcLogAppender-LogAppenderDaemon] INFO  impl.SimpleStateMachineStorage (SimpleStateMachineStorage.java:loadLatestSnapshot(230)) - Latest snapshot is null in /home/runner/work/ratis/ratis/ratis-test/target/test/data/d6c3ea1c/MiniRaftClusterWithGrpcf715ded6/s4/5913e5d7-f0d0-40b3-8fb1-6d5932270d9d/sm
2025-09-08 20:28:07,084 [grpc-default-executor-0] INFO  impl.SimpleStateMachineStorage (SimpleStateMachineStorage.java:loadLatestSnapshot(230)) - Latest snapshot is null in /home/runner/work/ratis/ratis/ratis-test/target/test/data/d6c3ea1c/MiniRaftClusterWithGrpcf715ded6/s5/5913e5d7-f0d0-40b3-8fb1-6d5932270d9d/sm
2025-09-08 20:28:07,084 [grpc-default-executor-12] INFO  impl.SimpleStateMachineStorage (SimpleStateMachineStorage.java:loadLatestSnapshot(230)) - Latest snapshot is null in /home/runner/work/ratis/ratis/ratis-test/target/test/data/d6c3ea1c/MiniRaftClusterWithGrpcf715ded6/s3/5913e5d7-f0d0-40b3-8fb1-6d5932270d9d/sm
2025-09-08 20:28:07,160 [s4@group-6D5932270D9D->s3-GrpcLogAppender-LogAppenderDaemon] INFO  impl.SimpleStateMachineStorage (SimpleStateMachineStorage.java:loadLatestSnapshot(230)) - Latest snapshot is null in /home/runner/work/ratis/ratis/ratis-test/target/test/data/d6c3ea1c/MiniRaftClusterWithGrpcf715ded6/s4/5913e5d7-f0d0-40b3-8fb1-6d5932270d9d/sm
2025-09-08 20:28:07,160 [grpc-default-executor-0] INFO  impl.SimpleStateMachineStorage (SimpleStateMachineStorage.java:loadLatestSnapshot(230)) - Latest snapshot is null in /home/runner/work/ratis/ratis/ratis-test/target/test/data/d6c3ea1c/MiniRaftClusterWithGrpcf715ded6/s3/5913e5d7-f0d0-40b3-8fb1-6d5932270d9d/sm
2025-09-08 20:28:07,161 [s4@group-6D5932270D9D->s5-GrpcLogAppender-LogAppenderDaemon] INFO  impl.SimpleStateMachineStorage (SimpleStateMachineStorage.java:loadLatestSnapshot(230)) - Latest snapshot is null in /home/runner/work/ratis/ratis/ratis-test/target/test/data/d6c3ea1c/MiniRaftClusterWithGrpcf715ded6/s4/5913e5d7-f0d0-40b3-8fb1-6d5932270d9d/sm
2025-09-08 20:28:07,161 [grpc-default-executor-12] INFO  impl.SimpleStateMachineStorage (SimpleStateMachineStorage.java:loadLatestSnapshot(230)) - Latest snapshot is null in /home/runner/work/ratis/ratis/ratis-test/target/test/data/d6c3ea1c/MiniRaftClusterWithGrpcf715ded6/s5/5913e5d7-f0d0-40b3-8fb1-6d5932270d9d/sm
2025-09-08 20:28:07,236 [s4@group-6D5932270D9D->s3-GrpcLogAppender-LogAppenderDaemon] INFO  impl.SimpleStateMachineStorage (SimpleStateMachineStorage.java:loadLatestSnapshot(230)) - Latest snapshot is null in /home/runner/work/ratis/ratis/ratis-test/target/test/data/d6c3ea1c/MiniRaftClusterWithGrpcf715ded6/s4/5913e5d7-f0d0-40b3-8fb1-6d5932270d9d/sm
2025-09-08 20:28:07,237 [grpc-default-executor-12] INFO  impl.SimpleStateMachineStorage (SimpleStateMachineStorage.java:loadLatestSnapshot(230)) - Latest snapshot is null in /home/runner/work/ratis/ratis/ratis-test/target/test/data/d6c3ea1c/MiniRaftClusterWithGrpcf715ded6/s3/5913e5d7-f0d0-40b3-8fb1-6d5932270d9d/sm
2025-09-08 20:28:07,238 [s4@group-6D5932270D9D->s5-GrpcLogAppender-LogAppenderDaemon] INFO  impl.SimpleStateMachineStorage (SimpleStateMachineStorage.java:loadLatestSnapshot(230)) - Latest snapshot is null in /home/runner/work/ratis/ratis/ratis-test/target/test/data/d6c3ea1c/MiniRaftClusterWithGrpcf715ded6/s4/5913e5d7-f0d0-40b3-8fb1-6d5932270d9d/sm
2025-09-08 20:28:07,238 [grpc-default-executor-12] INFO  impl.SimpleStateMachineStorage (SimpleStateMachineStorage.java:loadLatestSnapshot(230)) - Latest snapshot is null in /home/runner/work/ratis/ratis/ratis-test/target/test/data/d6c3ea1c/MiniRaftClusterWithGrpcf715ded6/s5/5913e5d7-f0d0-40b3-8fb1-6d5932270d9d/sm
2025-09-08 20:28:07,313 [s4@group-6D5932270D9D->s5-GrpcLogAppender-LogAppenderDaemon] INFO  impl.SimpleStateMachineStorage (SimpleStateMachineStorage.java:loadLatestSnapshot(230)) - Latest snapshot is null in /home/runner/work/ratis/ratis/ratis-test/target/test/data/d6c3ea1c/MiniRaftClusterWithGrpcf715ded6/s4/5913e5d7-f0d0-40b3-8fb1-6d5932270d9d/sm
2025-09-08 20:28:07,314 [s4@group-6D5932270D9D->s3-GrpcLogAppender-LogAppenderDaemon] INFO  impl.SimpleStateMachineStorage (SimpleStateMachineStorage.java:loadLatestSnapshot(230)) - Latest snapshot is null in /home/runner/work/ratis/ratis/ratis-test/target/test/data/d6c3ea1c/MiniRaftClusterWithGrpcf715ded6/s4/5913e5d7-f0d0-40b3-8fb1-6d5932270d9d/sm
2025-09-08 20:28:07,314 [grpc-default-executor-12] INFO  impl.SimpleStateMachineStorage (SimpleStateMachineStorage.java:loadLatestSnapshot(230)) - Latest snapshot is null in /home/runner/work/ratis/ratis/ratis-test/target/test/data/d6c3ea1c/MiniRaftClusterWithGrpcf715ded6/s5/5913e5d7-f0d0-40b3-8fb1-6d5932270d9d/sm
2025-09-08 20:28:07,314 [grpc-default-executor-0] INFO  impl.SimpleStateMachineStorage (SimpleStateMachineStorage.java:loadLatestSnapshot(230)) - Latest snapshot is null in /home/runner/work/ratis/ratis/ratis-test/target/test/data/d6c3ea1c/MiniRaftClusterWithGrpcf715ded6/s3/5913e5d7-f0d0-40b3-8fb1-6d5932270d9d/sm
2025-09-08 20:28:07,390 [s4@group-6D5932270D9D->s3-GrpcLogAppender-LogAppenderDaemon] INFO  impl.SimpleStateMachineStorage (SimpleStateMachineStorage.java:loadLatestSnapshot(230)) - Latest snapshot is null in /home/runner/work/ratis/ratis/ratis-test/target/test/data/d6c3ea1c/MiniRaftClusterWithGrpcf715ded6/s4/5913e5d7-f0d0-40b3-8fb1-6d5932270d9d/sm
2025-09-08 20:28:07,391 [grpc-default-executor-12] INFO  impl.SimpleStateMachineStorage (SimpleStateMachineStorage.java:loadLatestSnapshot(230)) - Latest snapshot is null in /home/runner/work/ratis/ratis/ratis-test/target/test/data/d6c3ea1c/MiniRaftClusterWithGrpcf715ded6/s3/5913e5d7-f0d0-40b3-8fb1-6d5932270d9d/sm
2025-09-08 20:28:07,391 [s4@group-6D5932270D9D->s5-GrpcLogAppender-LogAppenderDaemon] INFO  impl.SimpleStateMachineStorage (SimpleStateMachineStorage.java:loadLatestSnapshot(230)) - Latest snapshot is null in /home/runner/work/ratis/ratis/ratis-test/target/test/data/d6c3ea1c/MiniRaftClusterWithGrpcf715ded6/s4/5913e5d7-f0d0-40b3-8fb1-6d5932270d9d/sm
2025-09-08 20:28:07,391 [grpc-default-executor-12] INFO  impl.SimpleStateMachineStorage (SimpleStateMachineStorage.java:loadLatestSnapshot(230)) - Latest snapshot is null in /home/runner/work/ratis/ratis/ratis-test/target/test/data/d6c3ea1c/MiniRaftClusterWithGrpcf715ded6/s5/5913e5d7-f0d0-40b3-8fb1-6d5932270d9d/sm
2025-09-08 20:28:07,466 [s4@group-6D5932270D9D->s3-GrpcLogAppender-LogAppenderDaemon] INFO  impl.SimpleStateMachineStorage (SimpleStateMachineStorage.java:loadLatestSnapshot(230)) - Latest snapshot is null in /home/runner/work/ratis/ratis/ratis-test/target/test/data/d6c3ea1c/MiniRaftClusterWithGrpcf715ded6/s4/5913e5d7-f0d0-40b3-8fb1-6d5932270d9d/sm
2025-09-08 20:28:07,467 [grpc-default-executor-12] INFO  impl.SimpleStateMachineStorage (SimpleStateMachineStorage.java:loadLatestSnapshot(230)) - Latest snapshot is null in /home/runner/work/ratis/ratis/ratis-test/target/test/data/d6c3ea1c/MiniRaftClusterWithGrpcf715ded6/s3/5913e5d7-f0d0-40b3-8fb1-6d5932270d9d/sm
2025-09-08 20:28:07,467 [s4@group-6D5932270D9D->s5-GrpcLogAppender-LogAppenderDaemon] INFO  impl.SimpleStateMachineStorage (SimpleStateMachineStorage.java:loadLatestSnapshot(230)) - Latest snapshot is null in /home/runner/work/ratis/ratis/ratis-test/target/test/data/d6c3ea1c/MiniRaftClusterWithGrpcf715ded6/s4/5913e5d7-f0d0-40b3-8fb1-6d5932270d9d/sm
2025-09-08 20:28:07,468 [grpc-default-executor-0] INFO  impl.SimpleStateMachineStorage (SimpleStateMachineStorage.java:loadLatestSnapshot(230)) - Latest snapshot is null in /home/runner/work/ratis/ratis/ratis-test/target/test/data/d6c3ea1c/MiniRaftClusterWithGrpcf715ded6/s5/5913e5d7-f0d0-40b3-8fb1-6d5932270d9d/sm
2025-09-08 20:28:07,543 [s4@group-6D5932270D9D->s5-GrpcLogAppender-LogAppenderDaemon] INFO  impl.SimpleStateMachineStorage (SimpleStateMachineStorage.java:loadLatestSnapshot(230)) - Latest snapshot is null in /home/runner/work/ratis/ratis/ratis-test/target/test/data/d6c3ea1c/MiniRaftClusterWithGrpcf715ded6/s4/5913e5d7-f0d0-40b3-8fb1-6d5932270d9d/sm
2025-09-08 20:28:07,543 [grpc-default-executor-0] INFO  impl.SimpleStateMachineStorage (SimpleStateMachineStorage.java:loadLatestSnapshot(230)) - Latest snapshot is null in /home/runner/work/ratis/ratis/ratis-test/target/test/data/d6c3ea1c/MiniRaftClusterWithGrpcf715ded6/s5/5913e5d7-f0d0-40b3-8fb1-6d5932270d9d/sm
2025-09-08 20:28:07,544 [s4@group-6D5932270D9D->s3-GrpcLogAppender-LogAppenderDaemon] INFO  impl.SimpleStateMachineStorage (SimpleStateMachineStorage.java:loadLatestSnapshot(230)) - Latest snapshot is null in /home/runner/work/ratis/ratis/ratis-test/target/test/data/d6c3ea1c/MiniRaftClusterWithGrpcf715ded6/s4/5913e5d7-f0d0-40b3-8fb1-6d5932270d9d/sm
2025-09-08 20:28:07,544 [grpc-default-executor-0] INFO  impl.SimpleStateMachineStorage (SimpleStateMachineStorage.java:loadLatestSnapshot(230)) - Latest snapshot is null in /home/runner/work/ratis/ratis/ratis-test/target/test/data/d6c3ea1c/MiniRaftClusterWithGrpcf715ded6/s3/5913e5d7-f0d0-40b3-8fb1-6d5932270d9d/sm
2025-09-08 20:28:07,619 [s4@group-6D5932270D9D->s5-GrpcLogAppender-LogAppenderDaemon] INFO  impl.SimpleStateMachineStorage (SimpleStateMachineStorage.java:loadLatestSnapshot(230)) - Latest snapshot is null in /home/runner/work/ratis/ratis/ratis-test/target/test/data/d6c3ea1c/MiniRaftClusterWithGrpcf715ded6/s4/5913e5d7-f0d0-40b3-8fb1-6d5932270d9d/sm
2025-09-08 20:28:07,620 [grpc-default-executor-0] INFO  impl.SimpleStateMachineStorage (SimpleStateMachineStorage.java:loadLatestSnapshot(230)) - Latest snapshot is null in /home/runner/work/ratis/ratis/ratis-test/target/test/data/d6c3ea1c/MiniRaftClusterWithGrpcf715ded6/s5/5913e5d7-f0d0-40b3-8fb1-6d5932270d9d/sm
2025-09-08 20:28:07,620 [s4@group-6D5932270D9D->s3-GrpcLogAppender-LogAppenderDaemon] INFO  impl.SimpleStateMachineStorage (SimpleStateMachineStorage.java:loadLatestSnapshot(230)) - Latest snapshot is null in /home/runner/work/ratis/ratis/ratis-test/target/test/data/d6c3ea1c/MiniRaftClusterWithGrpcf715ded6/s4/5913e5d7-f0d0-40b3-8fb1-6d5932270d9d/sm
2025-09-08 20:28:07,621 [grpc-default-executor-0] INFO  impl.SimpleStateMachineStorage (SimpleStateMachineStorage.java:loadLatestSnapshot(230)) - Latest snapshot is null in /home/runner/work/ratis/ratis/ratis-test/target/test/data/d6c3ea1c/MiniRaftClusterWithGrpcf715ded6/s3/5913e5d7-f0d0-40b3-8fb1-6d5932270d9d/sm
2025-09-08 20:28:07,695 [s4@group-6D5932270D9D->s5-GrpcLogAppender-LogAppenderDaemon] INFO  impl.SimpleStateMachineStorage (SimpleStateMachineStorage.java:loadLatestSnapshot(230)) - Latest snapshot is null in /home/runner/work/ratis/ratis/ratis-test/target/test/data/d6c3ea1c/MiniRaftClusterWithGrpcf715ded6/s4/5913e5d7-f0d0-40b3-8fb1-6d5932270d9d/sm
2025-09-08 20:28:07,696 [grpc-default-executor-0] INFO  impl.SimpleStateMachineStorage (SimpleStateMachineStorage.java:loadLatestSnapshot(230)) - Latest snapshot is null in /home/runner/work/ratis/ratis/ratis-test/target/test/data/d6c3ea1c/MiniRaftClusterWithGrpcf715ded6/s5/5913e5d7-f0d0-40b3-8fb1-6d5932270d9d/sm
2025-09-08 20:28:07,696 [s4@group-6D5932270D9D->s3-GrpcLogAppender-LogAppenderDaemon] INFO  impl.SimpleStateMachineStorage (SimpleStateMachineStorage.java:loadLatestSnapshot(230)) - Latest snapshot is null in /home/runner/work/ratis/ratis/ratis-test/target/test/data/d6c3ea1c/MiniRaftClusterWithGrpcf715ded6/s4/5913e5d7-f0d0-40b3-8fb1-6d5932270d9d/sm
2025-09-08 20:28:07,697 [grpc-default-executor-0] INFO  impl.SimpleStateMachineStorage (SimpleStateMachineStorage.java:loadLatestSnapshot(230)) - Latest snapshot is null in /home/runner/work/ratis/ratis/ratis-test/target/test/data/d6c3ea1c/MiniRaftClusterWithGrpcf715ded6/s3/5913e5d7-f0d0-40b3-8fb1-6d5932270d9d/sm
2025-09-08 20:28:07,772 [s4@group-6D5932270D9D->s3-GrpcLogAppender-LogAppenderDaemon] INFO  impl.SimpleStateMachineStorage (SimpleStateMachineStorage.java:loadLatestSnapshot(230)) - Latest snapshot is null in /home/runner/work/ratis/ratis/ratis-test/target/test/data/d6c3ea1c/MiniRaftClusterWithGrpcf715ded6/s4/5913e5d7-f0d0-40b3-8fb1-6d5932270d9d/sm
2025-09-08 20:28:07,772 [s4@group-6D5932270D9D->s5-GrpcLogAppender-LogAppenderDaemon] INFO  impl.SimpleStateMachineStorage (SimpleStateMachineStorage.java:loadLatestSnapshot(230)) - Latest snapshot is null in /home/runner/work/ratis/ratis/ratis-test/target/test/data/d6c3ea1c/MiniRaftClusterWithGrpcf715ded6/s4/5913e5d7-f0d0-40b3-8fb1-6d5932270d9d/sm
2025-09-08 20:28:07,773 [grpc-default-executor-0] INFO  impl.SimpleStateMachineStorage (SimpleStateMachineStorage.java:loadLatestSnapshot(230)) - Latest snapshot is null in /home/runner/work/ratis/ratis/ratis-test/target/test/data/d6c3ea1c/MiniRaftClusterWithGrpcf715ded6/s3/5913e5d7-f0d0-40b3-8fb1-6d5932270d9d/sm
2025-09-08 20:28:07,773 [grpc-default-executor-12] INFO  impl.SimpleStateMachineStorage (SimpleStateMachineStorage.java:loadLatestSnapshot(230)) - Latest snapshot is null in /home/runner/work/ratis/ratis/ratis-test/target/test/data/d6c3ea1c/MiniRaftClusterWithGrpcf715ded6/s5/5913e5d7-f0d0-40b3-8fb1-6d5932270d9d/sm
2025-09-08 20:28:07,849 [s4@group-6D5932270D9D->s5-GrpcLogAppender-LogAppenderDaemon] INFO  impl.SimpleStateMachineStorage (SimpleStateMachineStorage.java:loadLatestSnapshot(230)) - Latest snapshot is null in /home/runner/work/ratis/ratis/ratis-test/target/test/data/d6c3ea1c/MiniRaftClusterWithGrpcf715ded6/s4/5913e5d7-f0d0-40b3-8fb1-6d5932270d9d/sm
2025-09-08 20:28:07,850 [grpc-default-executor-12] INFO  impl.SimpleStateMachineStorage (SimpleStateMachineStorage.java:loadLatestSnapshot(230)) - Latest snapshot is null in /home/runner/work/ratis/ratis/ratis-test/target/test/data/d6c3ea1c/MiniRaftClusterWithGrpcf715ded6/s5/5913e5d7-f0d0-40b3-8fb1-6d5932270d9d/sm
2025-09-08 20:28:07,850 [s4@group-6D5932270D9D->s3-GrpcLogAppender-LogAppenderDaemon] INFO  impl.SimpleStateMachineStorage (SimpleStateMachineStorage.java:loadLatestSnapshot(230)) - Latest snapshot is null in /home/runner/work/ratis/ratis/ratis-test/target/test/data/d6c3ea1c/MiniRaftClusterWithGrpcf715ded6/s4/5913e5d7-f0d0-40b3-8fb1-6d5932270d9d/sm
2025-09-08 20:28:07,850 [grpc-default-executor-12] INFO  impl.SimpleStateMachineStorage (SimpleStateMachineStorage.java:loadLatestSnapshot(230)) - Latest snapshot is null in /home/runner/work/ratis/ratis/ratis-test/target/test/data/d6c3ea1c/MiniRaftClusterWithGrpcf715ded6/s3/5913e5d7-f0d0-40b3-8fb1-6d5932270d9d/sm
2025-09-08 20:28:07,926 [s4@group-6D5932270D9D->s5-GrpcLogAppender-LogAppenderDaemon] INFO  impl.SimpleStateMachineStorage (SimpleStateMachineStorage.java:loadLatestSnapshot(230)) - Latest snapshot is null in /home/runner/work/ratis/ratis/ratis-test/target/test/data/d6c3ea1c/MiniRaftClusterWithGrpcf715ded6/s4/5913e5d7-f0d0-40b3-8fb1-6d5932270d9d/sm
2025-09-08 20:28:07,927 [s4@group-6D5932270D9D->s3-GrpcLogAppender-LogAppenderDaemon] INFO  impl.SimpleStateMachineStorage (SimpleStateMachineStorage.java:loadLatestSnapshot(230)) - Latest snapshot is null in /home/runner/work/ratis/ratis/ratis-test/target/test/data/d6c3ea1c/MiniRaftClusterWithGrpcf715ded6/s4/5913e5d7-f0d0-40b3-8fb1-6d5932270d9d/sm
2025-09-08 20:28:07,927 [grpc-default-executor-12] INFO  impl.SimpleStateMachineStorage (SimpleStateMachineStorage.java:loadLatestSnapshot(230)) - Latest snapshot is null in /home/runner/work/ratis/ratis/ratis-test/target/test/data/d6c3ea1c/MiniRaftClusterWithGrpcf715ded6/s5/5913e5d7-f0d0-40b3-8fb1-6d5932270d9d/sm
2025-09-08 20:28:07,927 [grpc-default-executor-12] INFO  impl.SimpleStateMachineStorage (SimpleStateMachineStorage.java:loadLatestSnapshot(230)) - Latest snapshot is null in /home/runner/work/ratis/ratis/ratis-test/target/test/data/d6c3ea1c/MiniRaftClusterWithGrpcf715ded6/s3/5913e5d7-f0d0-40b3-8fb1-6d5932270d9d/sm
2025-09-08 20:28:08,003 [s4@group-6D5932270D9D->s5-GrpcLogAppender-LogAppenderDaemon] INFO  impl.SimpleStateMachineStorage (SimpleStateMachineStorage.java:loadLatestSnapshot(230)) - Latest snapshot is null in /home/runner/work/ratis/ratis/ratis-test/target/test/data/d6c3ea1c/MiniRaftClusterWithGrpcf715ded6/s4/5913e5d7-f0d0-40b3-8fb1-6d5932270d9d/sm
2025-09-08 20:28:08,003 [grpc-default-executor-0] INFO  impl.SimpleStateMachineStorage (SimpleStateMachineStorage.java:loadLatestSnapshot(230)) - Latest snapshot is null in /home/runner/work/ratis/ratis/ratis-test/target/test/data/d6c3ea1c/MiniRaftClusterWithGrpcf715ded6/s5/5913e5d7-f0d0-40b3-8fb1-6d5932270d9d/sm
2025-09-08 20:28:08,004 [s4@group-6D5932270D9D->s3-GrpcLogAppender-LogAppenderDaemon] INFO  impl.SimpleStateMachineStorage (SimpleStateMachineStorage.java:loadLatestSnapshot(230)) - Latest snapshot is null in /home/runner/work/ratis/ratis/ratis-test/target/test/data/d6c3ea1c/MiniRaftClusterWithGrpcf715ded6/s4/5913e5d7-f0d0-40b3-8fb1-6d5932270d9d/sm
2025-09-08 20:28:08,005 [grpc-default-executor-0] INFO  impl.SimpleStateMachineStorage (SimpleStateMachineStorage.java:loadLatestSnapshot(230)) - Latest snapshot is null in /home/runner/work/ratis/ratis/ratis-test/target/test/data/d6c3ea1c/MiniRaftClusterWithGrpcf715ded6/s3/5913e5d7-f0d0-40b3-8fb1-6d5932270d9d/sm
2025-09-08 20:28:08,079 [s4@group-6D5932270D9D->s5-GrpcLogAppender-LogAppenderDaemon] INFO  impl.SimpleStateMachineStorage (SimpleStateMachineStorage.java:loadLatestSnapshot(230)) - Latest snapshot is null in /home/runner/work/ratis/ratis/ratis-test/target/test/data/d6c3ea1c/MiniRaftClusterWithGrpcf715ded6/s4/5913e5d7-f0d0-40b3-8fb1-6d5932270d9d/sm
2025-09-08 20:28:08,080 [grpc-default-executor-0] INFO  impl.SimpleStateMachineStorage (SimpleStateMachineStorage.java:loadLatestSnapshot(230)) - Latest snapshot is null in /home/runner/work/ratis/ratis/ratis-test/target/test/data/d6c3ea1c/MiniRaftClusterWithGrpcf715ded6/s5/5913e5d7-f0d0-40b3-8fb1-6d5932270d9d/sm
2025-09-08 20:28:08,080 [s4@group-6D5932270D9D->s3-GrpcLogAppender-LogAppenderDaemon] INFO  impl.SimpleStateMachineStorage (SimpleStateMachineStorage.java:loadLatestSnapshot(230)) - Latest snapshot is null in /home/runner/work/ratis/ratis/ratis-test/target/test/data/d6c3ea1c/MiniRaftClusterWithGrpcf715ded6/s4/5913e5d7-f0d0-40b3-8fb1-6d5932270d9d/sm
2025-09-08 20:28:08,081 [grpc-default-executor-0] INFO  impl.SimpleStateMachineStorage (SimpleStateMachineStorage.java:loadLatestSnapshot(230)) - Latest snapshot is null in /home/runner/work/ratis/ratis/ratis-test/target/test/data/d6c3ea1c/MiniRaftClusterWithGrpcf715ded6/s3/5913e5d7-f0d0-40b3-8fb1-6d5932270d9d/sm
2025-09-08 20:28:08,156 [s4@group-6D5932270D9D->s5-GrpcLogAppender-LogAppenderDaemon] INFO  impl.SimpleStateMachineStorage (SimpleStateMachineStorage.java:loadLatestSnapshot(230)) - Latest snapshot is null in /home/runner/work/ratis/ratis/ratis-test/target/test/data/d6c3ea1c/MiniRaftClusterWithGrpcf715ded6/s4/5913e5d7-f0d0-40b3-8fb1-6d5932270d9d/sm
2025-09-08 20:28:08,157 [grpc-default-executor-0] INFO  impl.SimpleStateMachineStorage (SimpleStateMachineStorage.java:loadLatestSnapshot(230)) - Latest snapshot is null in /home/runner/work/ratis/ratis/ratis-test/target/test/data/d6c3ea1c/MiniRaftClusterWithGrpcf715ded6/s5/5913e5d7-f0d0-40b3-8fb1-6d5932270d9d/sm
2025-09-08 20:28:08,157 [s4@group-6D5932270D9D->s3-GrpcLogAppender-LogAppenderDaemon] INFO  impl.SimpleStateMachineStorage (SimpleStateMachineStorage.java:loadLatestSnapshot(230)) - Latest snapshot is null in /home/runner/work/ratis/ratis/ratis-test/target/test/data/d6c3ea1c/MiniRaftClusterWithGrpcf715ded6/s4/5913e5d7-f0d0-40b3-8fb1-6d5932270d9d/sm
2025-09-08 20:28:08,158 [grpc-default-executor-0] INFO  impl.SimpleStateMachineStorage (SimpleStateMachineStorage.java:loadLatestSnapshot(230)) - Latest snapshot is null in /home/runner/work/ratis/ratis/ratis-test/target/test/data/d6c3ea1c/MiniRaftClusterWithGrpcf715ded6/s3/5913e5d7-f0d0-40b3-8fb1-6d5932270d9d/sm
2025-09-08 20:28:08,233 [s4@group-6D5932270D9D->s5-GrpcLogAppender-LogAppenderDaemon] INFO  impl.SimpleStateMachineStorage (SimpleStateMachineStorage.java:loadLatestSnapshot(230)) - Latest snapshot is null in /home/runner/work/ratis/ratis/ratis-test/target/test/data/d6c3ea1c/MiniRaftClusterWithGrpcf715ded6/s4/5913e5d7-f0d0-40b3-8fb1-6d5932270d9d/sm
2025-09-08 20:28:08,233 [s4@group-6D5932270D9D->s3-GrpcLogAppender-LogAppenderDaemon] INFO  impl.SimpleStateMachineStorage (SimpleStateMachineStorage.java:loadLatestSnapshot(230)) - Latest snapshot is null in /home/runner/work/ratis/ratis/ratis-test/target/test/data/d6c3ea1c/MiniRaftClusterWithGrpcf715ded6/s4/5913e5d7-f0d0-40b3-8fb1-6d5932270d9d/sm
2025-09-08 20:28:08,234 [grpc-default-executor-0] INFO  impl.SimpleStateMachineStorage (SimpleStateMachineStorage.java:loadLatestSnapshot(230)) - Latest snapshot is null in /home/runner/work/ratis/ratis/ratis-test/target/test/data/d6c3ea1c/MiniRaftClusterWithGrpcf715ded6/s5/5913e5d7-f0d0-40b3-8fb1-6d5932270d9d/sm
2025-09-08 20:28:08,234 [grpc-default-executor-12] INFO  impl.SimpleStateMachineStorage (SimpleStateMachineStorage.java:loadLatestSnapshot(230)) - Latest snapshot is null in /home/runner/work/ratis/ratis/ratis-test/target/test/data/d6c3ea1c/MiniRaftClusterWithGrpcf715ded6/s3/5913e5d7-f0d0-40b3-8fb1-6d5932270d9d/sm
2025-09-08 20:28:08,309 [s4@group-6D5932270D9D->s3-GrpcLogAppender-LogAppenderDaemon] INFO  impl.SimpleStateMachineStorage (SimpleStateMachineStorage.java:loadLatestSnapshot(230)) - Latest snapshot is null in /home/runner/work/ratis/ratis/ratis-test/target/test/data/d6c3ea1c/MiniRaftClusterWithGrpcf715ded6/s4/5913e5d7-f0d0-40b3-8fb1-6d5932270d9d/sm
2025-09-08 20:28:08,310 [grpc-default-executor-12] INFO  impl.SimpleStateMachineStorage (SimpleStateMachineStorage.java:loadLatestSnapshot(230)) - Latest snapshot is null in /home/runner/work/ratis/ratis/ratis-test/target/test/data/d6c3ea1c/MiniRaftClusterWithGrpcf715ded6/s3/5913e5d7-f0d0-40b3-8fb1-6d5932270d9d/sm
2025-09-08 20:28:08,310 [s4@group-6D5932270D9D->s5-GrpcLogAppender-LogAppenderDaemon] INFO  impl.SimpleStateMachineStorage (SimpleStateMachineStorage.java:loadLatestSnapshot(230)) - Latest snapshot is null in /home/runner/work/ratis/ratis/ratis-test/target/test/data/d6c3ea1c/MiniRaftClusterWithGrpcf715ded6/s4/5913e5d7-f0d0-40b3-8fb1-6d5932270d9d/sm
2025-09-08 20:28:08,311 [grpc-default-executor-12] INFO  impl.SimpleStateMachineStorage (SimpleStateMachineStorage.java:loadLatestSnapshot(230)) - Latest snapshot is null in /home/runner/work/ratis/ratis/ratis-test/target/test/data/d6c3ea1c/MiniRaftClusterWithGrpcf715ded6/s5/5913e5d7-f0d0-40b3-8fb1-6d5932270d9d/sm
2025-09-08 20:28:08,386 [s4@group-6D5932270D9D->s3-GrpcLogAppender-LogAppenderDaemon] INFO  impl.SimpleStateMachineStorage (SimpleStateMachineStorage.java:loadLatestSnapshot(230)) - Latest snapshot is null in /home/runner/work/ratis/ratis/ratis-test/target/test/data/d6c3ea1c/MiniRaftClusterWithGrpcf715ded6/s4/5913e5d7-f0d0-40b3-8fb1-6d5932270d9d/sm
2025-09-08 20:28:08,386 [grpc-default-executor-12] INFO  impl.SimpleStateMachineStorage (SimpleStateMachineStorage.java:loadLatestSnapshot(230)) - Latest snapshot is null in /home/runner/work/ratis/ratis/ratis-test/target/test/data/d6c3ea1c/MiniRaftClusterWithGrpcf715ded6/s3/5913e5d7-f0d0-40b3-8fb1-6d5932270d9d/sm
2025-09-08 20:28:08,387 [s4@group-6D5932270D9D->s5-GrpcLogAppender-LogAppenderDaemon] INFO  impl.SimpleStateMachineStorage (SimpleStateMachineStorage.java:loadLatestSnapshot(230)) - Latest snapshot is null in /home/runner/work/ratis/ratis/ratis-test/target/test/data/d6c3ea1c/MiniRaftClusterWithGrpcf715ded6/s4/5913e5d7-f0d0-40b3-8fb1-6d5932270d9d/sm
2025-09-08 20:28:08,388 [grpc-default-executor-12] INFO  impl.SimpleStateMachineStorage (SimpleStateMachineStorage.java:loadLatestSnapshot(230)) - Latest snapshot is null in /home/runner/work/ratis/ratis/ratis-test/target/test/data/d6c3ea1c/MiniRaftClusterWithGrpcf715ded6/s5/5913e5d7-f0d0-40b3-8fb1-6d5932270d9d/sm
2025-09-08 20:28:08,462 [s4@group-6D5932270D9D->s3-GrpcLogAppender-LogAppenderDaemon] INFO  impl.SimpleStateMachineStorage (SimpleStateMachineStorage.java:loadLatestSnapshot(230)) - Latest snapshot is null in /home/runner/work/ratis/ratis/ratis-test/target/test/data/d6c3ea1c/MiniRaftClusterWithGrpcf715ded6/s4/5913e5d7-f0d0-40b3-8fb1-6d5932270d9d/sm
2025-09-08 20:28:08,463 [grpc-default-executor-12] INFO  impl.SimpleStateMachineStorage (SimpleStateMachineStorage.java:loadLatestSnapshot(230)) - Latest snapshot is null in /home/runner/work/ratis/ratis/ratis-test/target/test/data/d6c3ea1c/MiniRaftClusterWithGrpcf715ded6/s3/5913e5d7-f0d0-40b3-8fb1-6d5932270d9d/sm
2025-09-08 20:28:08,463 [s4@group-6D5932270D9D->s5-GrpcLogAppender-LogAppenderDaemon] INFO  impl.SimpleStateMachineStorage (SimpleStateMachineStorage.java:loadLatestSnapshot(230)) - Latest snapshot is null in /home/runner/work/ratis/ratis/ratis-test/target/test/data/d6c3ea1c/MiniRaftClusterWithGrpcf715ded6/s4/5913e5d7-f0d0-40b3-8fb1-6d5932270d9d/sm
2025-09-08 20:28:08,464 [grpc-default-executor-12] INFO  impl.SimpleStateMachineStorage (SimpleStateMachineStorage.java:loadLatestSnapshot(230)) - Latest snapshot is null in /home/runner/work/ratis/ratis/ratis-test/target/test/data/d6c3ea1c/MiniRaftClusterWithGrpcf715ded6/s5/5913e5d7-f0d0-40b3-8fb1-6d5932270d9d/sm
2025-09-08 20:28:08,540 [s4@group-6D5932270D9D->s3-GrpcLogAppender-LogAppenderDaemon] INFO  impl.SimpleStateMachineStorage (SimpleStateMachineStorage.java:loadLatestSnapshot(230)) - Latest snapshot is null in /home/runner/work/ratis/ratis/ratis-test/target/test/data/d6c3ea1c/MiniRaftClusterWithGrpcf715ded6/s4/5913e5d7-f0d0-40b3-8fb1-6d5932270d9d/sm
2025-09-08 20:28:08,540 [grpc-default-executor-12] INFO  impl.SimpleStateMachineStorage (SimpleStateMachineStorage.java:loadLatestSnapshot(230)) - Latest snapshot is null in /home/runner/work/ratis/ratis/ratis-test/target/test/data/d6c3ea1c/MiniRaftClusterWithGrpcf715ded6/s3/5913e5d7-f0d0-40b3-8fb1-6d5932270d9d/sm
2025-09-08 20:28:08,540 [s4@group-6D5932270D9D->s5-GrpcLogAppender-LogAppenderDaemon] INFO  impl.SimpleStateMachineStorage (SimpleStateMachineStorage.java:loadLatestSnapshot(230)) - Latest snapshot is null in /home/runner/work/ratis/ratis/ratis-test/target/test/data/d6c3ea1c/MiniRaftClusterWithGrpcf715ded6/s4/5913e5d7-f0d0-40b3-8fb1-6d5932270d9d/sm
2025-09-08 20:28:08,541 [grpc-default-executor-12] INFO  impl.SimpleStateMachineStorage (SimpleStateMachineStorage.java:loadLatestSnapshot(230)) - Latest snapshot is null in /home/runner/work/ratis/ratis/ratis-test/target/test/data/d6c3ea1c/MiniRaftClusterWithGrpcf715ded6/s5/5913e5d7-f0d0-40b3-8fb1-6d5932270d9d/sm
2025-09-08 20:28:08,616 [s4@group-6D5932270D9D->s3-GrpcLogAppender-LogAppenderDaemon] INFO  impl.SimpleStateMachineStorage (SimpleStateMachineStorage.java:loadLatestSnapshot(230)) - Latest snapshot is null in /home/runner/work/ratis/ratis/ratis-test/target/test/data/d6c3ea1c/MiniRaftClusterWithGrpcf715ded6/s4/5913e5d7-f0d0-40b3-8fb1-6d5932270d9d/sm
2025-09-08 20:28:08,616 [grpc-default-executor-12] INFO  impl.SimpleStateMachineStorage (SimpleStateMachineStorage.java:loadLatestSnapshot(230)) - Latest snapshot is null in /home/runner/work/ratis/ratis/ratis-test/target/test/data/d6c3ea1c/MiniRaftClusterWithGrpcf715ded6/s3/5913e5d7-f0d0-40b3-8fb1-6d5932270d9d/sm
2025-09-08 20:28:08,617 [s4@group-6D5932270D9D->s5-GrpcLogAppender-LogAppenderDaemon] INFO  impl.SimpleStateMachineStorage (SimpleStateMachineStorage.java:loadLatestSnapshot(230)) - Latest snapshot is null in /home/runner/work/ratis/ratis/ratis-test/target/test/data/d6c3ea1c/MiniRaftClusterWithGrpcf715ded6/s4/5913e5d7-f0d0-40b3-8fb1-6d5932270d9d/sm
2025-09-08 20:28:08,618 [grpc-default-executor-12] INFO  impl.SimpleStateMachineStorage (SimpleStateMachineStorage.java:loadLatestSnapshot(230)) - Latest snapshot is null in /home/runner/work/ratis/ratis/ratis-test/target/test/data/d6c3ea1c/MiniRaftClusterWithGrpcf715ded6/s5/5913e5d7-f0d0-40b3-8fb1-6d5932270d9d/sm
2025-09-08 20:28:08,693 [s4@group-6D5932270D9D->s3-GrpcLogAppender-LogAppenderDaemon] INFO  impl.SimpleStateMachineStorage (SimpleStateMachineStorage.java:loadLatestSnapshot(230)) - Latest snapshot is null in /home/runner/work/ratis/ratis/ratis-test/target/test/data/d6c3ea1c/MiniRaftClusterWithGrpcf715ded6/s4/5913e5d7-f0d0-40b3-8fb1-6d5932270d9d/sm
2025-09-08 20:28:08,693 [s4@group-6D5932270D9D->s5-GrpcLogAppender-LogAppenderDaemon] INFO  impl.SimpleStateMachineStorage (SimpleStateMachineStorage.java:loadLatestSnapshot(230)) - Latest snapshot is null in /home/runner/work/ratis/ratis/ratis-test/target/test/data/d6c3ea1c/MiniRaftClusterWithGrpcf715ded6/s4/5913e5d7-f0d0-40b3-8fb1-6d5932270d9d/sm
2025-09-08 20:28:08,693 [grpc-default-executor-12] INFO  impl.SimpleStateMachineStorage (SimpleStateMachineStorage.java:loadLatestSnapshot(230)) - Latest snapshot is null in /home/runner/work/ratis/ratis/ratis-test/target/test/data/d6c3ea1c/MiniRaftClusterWithGrpcf715ded6/s3/5913e5d7-f0d0-40b3-8fb1-6d5932270d9d/sm
2025-09-08 20:28:08,694 [grpc-default-executor-0] INFO  impl.SimpleStateMachineStorage (SimpleStateMachineStorage.java:loadLatestSnapshot(230)) - Latest snapshot is null in /home/runner/work/ratis/ratis/ratis-test/target/test/data/d6c3ea1c/MiniRaftClusterWithGrpcf715ded6/s5/5913e5d7-f0d0-40b3-8fb1-6d5932270d9d/sm
2025-09-08 20:28:08,769 [s4@group-6D5932270D9D->s3-GrpcLogAppender-LogAppenderDaemon] INFO  impl.SimpleStateMachineStorage (SimpleStateMachineStorage.java:loadLatestSnapshot(230)) - Latest snapshot is null in /home/runner/work/ratis/ratis/ratis-test/target/test/data/d6c3ea1c/MiniRaftClusterWithGrpcf715ded6/s4/5913e5d7-f0d0-40b3-8fb1-6d5932270d9d/sm
2025-09-08 20:28:08,769 [s4@group-6D5932270D9D->s5-GrpcLogAppender-LogAppenderDaemon] INFO  impl.SimpleStateMachineStorage (SimpleStateMachineStorage.java:loadLatestSnapshot(230)) - Latest snapshot is null in /home/runner/work/ratis/ratis/ratis-test/target/test/data/d6c3ea1c/MiniRaftClusterWithGrpcf715ded6/s4/5913e5d7-f0d0-40b3-8fb1-6d5932270d9d/sm
2025-09-08 20:28:08,770 [grpc-default-executor-0] INFO  impl.SimpleStateMachineStorage (SimpleStateMachineStorage.java:loadLatestSnapshot(230)) - Latest snapshot is null in /home/runner/work/ratis/ratis/ratis-test/target/test/data/d6c3ea1c/MiniRaftClusterWithGrpcf715ded6/s5/5913e5d7-f0d0-40b3-8fb1-6d5932270d9d/sm
2025-09-08 20:28:08,770 [grpc-default-executor-12] INFO  impl.SimpleStateMachineStorage (SimpleStateMachineStorage.java:loadLatestSnapshot(230)) - Latest snapshot is null in /home/runner/work/ratis/ratis/ratis-test/target/test/data/d6c3ea1c/MiniRaftClusterWithGrpcf715ded6/s3/5913e5d7-f0d0-40b3-8fb1-6d5932270d9d/sm
2025-09-08 20:28:08,846 [s4@group-6D5932270D9D->s5-GrpcLogAppender-LogAppenderDaemon] INFO  impl.SimpleStateMachineStorage (SimpleStateMachineStorage.java:loadLatestSnapshot(230)) - Latest snapshot is null in /home/runner/work/ratis/ratis/ratis-test/target/test/data/d6c3ea1c/MiniRaftClusterWithGrpcf715ded6/s4/5913e5d7-f0d0-40b3-8fb1-6d5932270d9d/sm
2025-09-08 20:28:08,846 [s4@group-6D5932270D9D->s3-GrpcLogAppender-LogAppenderDaemon] INFO  impl.SimpleStateMachineStorage (SimpleStateMachineStorage.java:loadLatestSnapshot(230)) - Latest snapshot is null in /home/runner/work/ratis/ratis/ratis-test/target/test/data/d6c3ea1c/MiniRaftClusterWithGrpcf715ded6/s4/5913e5d7-f0d0-40b3-8fb1-6d5932270d9d/sm
2025-09-08 20:28:08,846 [grpc-default-executor-12] INFO  impl.SimpleStateMachineStorage (SimpleStateMachineStorage.java:loadLatestSnapshot(230)) - Latest snapshot is null in /home/runner/work/ratis/ratis/ratis-test/target/test/data/d6c3ea1c/MiniRaftClusterWithGrpcf715ded6/s5/5913e5d7-f0d0-40b3-8fb1-6d5932270d9d/sm
2025-09-08 20:28:08,846 [grpc-default-executor-0] INFO  impl.SimpleStateMachineStorage (SimpleStateMachineStorage.java:loadLatestSnapshot(230)) - Latest snapshot is null in /home/runner/work/ratis/ratis/ratis-test/target/test/data/d6c3ea1c/MiniRaftClusterWithGrpcf715ded6/s3/5913e5d7-f0d0-40b3-8fb1-6d5932270d9d/sm
2025-09-08 20:28:08,923 [s4@group-6D5932270D9D->s5-GrpcLogAppender-LogAppenderDaemon] INFO  impl.SimpleStateMachineStorage (SimpleStateMachineStorage.java:loadLatestSnapshot(230)) - Latest snapshot is null in /home/runner/work/ratis/ratis/ratis-test/target/test/data/d6c3ea1c/MiniRaftClusterWithGrpcf715ded6/s4/5913e5d7-f0d0-40b3-8fb1-6d5932270d9d/sm
2025-09-08 20:28:08,923 [s4@group-6D5932270D9D->s3-GrpcLogAppender-LogAppenderDaemon] INFO  impl.SimpleStateMachineStorage (SimpleStateMachineStorage.java:loadLatestSnapshot(230)) - Latest snapshot is null in /home/runner/work/ratis/ratis/ratis-test/target/test/data/d6c3ea1c/MiniRaftClusterWithGrpcf715ded6/s4/5913e5d7-f0d0-40b3-8fb1-6d5932270d9d/sm
2025-09-08 20:28:08,924 [grpc-default-executor-0] INFO  impl.SimpleStateMachineStorage (SimpleStateMachineStorage.java:loadLatestSnapshot(230)) - Latest snapshot is null in /home/runner/work/ratis/ratis/ratis-test/target/test/data/d6c3ea1c/MiniRaftClusterWithGrpcf715ded6/s5/5913e5d7-f0d0-40b3-8fb1-6d5932270d9d/sm
2025-09-08 20:28:08,924 [grpc-default-executor-12] INFO  impl.SimpleStateMachineStorage (SimpleStateMachineStorage.java:loadLatestSnapshot(230)) - Latest snapshot is null in /home/runner/work/ratis/ratis/ratis-test/target/test/data/d6c3ea1c/MiniRaftClusterWithGrpcf715ded6/s3/5913e5d7-f0d0-40b3-8fb1-6d5932270d9d/sm
2025-09-08 20:28:08,999 [s4@group-6D5932270D9D->s5-GrpcLogAppender-LogAppenderDaemon] INFO  impl.SimpleStateMachineStorage (SimpleStateMachineStorage.java:loadLatestSnapshot(230)) - Latest snapshot is null in /home/runner/work/ratis/ratis/ratis-test/target/test/data/d6c3ea1c/MiniRaftClusterWithGrpcf715ded6/s4/5913e5d7-f0d0-40b3-8fb1-6d5932270d9d/sm
2025-09-08 20:28:09,000 [grpc-default-executor-12] INFO  impl.SimpleStateMachineStorage (SimpleStateMachineStorage.java:loadLatestSnapshot(230)) - Latest snapshot is null in /home/runner/work/ratis/ratis/ratis-test/target/test/data/d6c3ea1c/MiniRaftClusterWithGrpcf715ded6/s5/5913e5d7-f0d0-40b3-8fb1-6d5932270d9d/sm
2025-09-08 20:28:09,000 [s4@group-6D5932270D9D->s3-GrpcLogAppender-LogAppenderDaemon] INFO  impl.SimpleStateMachineStorage (SimpleStateMachineStorage.java:loadLatestSnapshot(230)) - Latest snapshot is null in /home/runner/work/ratis/ratis/ratis-test/target/test/data/d6c3ea1c/MiniRaftClusterWithGrpcf715ded6/s4/5913e5d7-f0d0-40b3-8fb1-6d5932270d9d/sm
2025-09-08 20:28:09,001 [grpc-default-executor-12] INFO  impl.SimpleStateMachineStorage (SimpleStateMachineStorage.java:loadLatestSnapshot(230)) - Latest snapshot is null in /home/runner/work/ratis/ratis/ratis-test/target/test/data/d6c3ea1c/MiniRaftClusterWithGrpcf715ded6/s3/5913e5d7-f0d0-40b3-8fb1-6d5932270d9d/sm
2025-09-08 20:28:09,076 [s4@group-6D5932270D9D->s5-GrpcLogAppender-LogAppenderDaemon] INFO  impl.SimpleStateMachineStorage (SimpleStateMachineStorage.java:loadLatestSnapshot(230)) - Latest snapshot is null in /home/runner/work/ratis/ratis/ratis-test/target/test/data/d6c3ea1c/MiniRaftClusterWithGrpcf715ded6/s4/5913e5d7-f0d0-40b3-8fb1-6d5932270d9d/sm
2025-09-08 20:28:09,077 [grpc-default-executor-12] INFO  impl.SimpleStateMachineStorage (SimpleStateMachineStorage.java:loadLatestSnapshot(230)) - Latest snapshot is null in /home/runner/work/ratis/ratis/ratis-test/target/test/data/d6c3ea1c/MiniRaftClusterWithGrpcf715ded6/s5/5913e5d7-f0d0-40b3-8fb1-6d5932270d9d/sm
2025-09-08 20:28:09,077 [s4@group-6D5932270D9D->s3-GrpcLogAppender-LogAppenderDaemon] INFO  impl.SimpleStateMachineStorage (SimpleStateMachineStorage.java:loadLatestSnapshot(230)) - Latest snapshot is null in /home/runner/work/ratis/ratis/ratis-test/target/test/data/d6c3ea1c/MiniRaftClusterWithGrpcf715ded6/s4/5913e5d7-f0d0-40b3-8fb1-6d5932270d9d/sm
2025-09-08 20:28:09,078 [grpc-default-executor-12] INFO  impl.SimpleStateMachineStorage (SimpleStateMachineStorage.java:loadLatestSnapshot(230)) - Latest snapshot is null in /home/runner/work/ratis/ratis/ratis-test/target/test/data/d6c3ea1c/MiniRaftClusterWithGrpcf715ded6/s3/5913e5d7-f0d0-40b3-8fb1-6d5932270d9d/sm
2025-09-08 20:28:09,152 [s4@group-6D5932270D9D->s5-GrpcLogAppender-LogAppenderDaemon] INFO  impl.SimpleStateMachineStorage (SimpleStateMachineStorage.java:loadLatestSnapshot(230)) - Latest snapshot is null in /home/runner/work/ratis/ratis/ratis-test/target/test/data/d6c3ea1c/MiniRaftClusterWithGrpcf715ded6/s4/5913e5d7-f0d0-40b3-8fb1-6d5932270d9d/sm
2025-09-08 20:28:09,153 [grpc-default-executor-12] INFO  impl.SimpleStateMachineStorage (SimpleStateMachineStorage.java:loadLatestSnapshot(230)) - Latest snapshot is null in /home/runner/work/ratis/ratis/ratis-test/target/test/data/d6c3ea1c/MiniRaftClusterWithGrpcf715ded6/s5/5913e5d7-f0d0-40b3-8fb1-6d5932270d9d/sm
2025-09-08 20:28:09,154 [s4@group-6D5932270D9D->s3-GrpcLogAppender-LogAppenderDaemon] INFO  impl.SimpleStateMachineStorage (SimpleStateMachineStorage.java:loadLatestSnapshot(230)) - Latest snapshot is null in /home/runner/work/ratis/ratis/ratis-test/target/test/data/d6c3ea1c/MiniRaftClusterWithGrpcf715ded6/s4/5913e5d7-f0d0-40b3-8fb1-6d5932270d9d/sm
2025-09-08 20:28:09,155 [grpc-default-executor-12] INFO  impl.SimpleStateMachineStorage (SimpleStateMachineStorage.java:loadLatestSnapshot(230)) - Latest snapshot is null in /home/runner/work/ratis/ratis/ratis-test/target/test/data/d6c3ea1c/MiniRaftClusterWithGrpcf715ded6/s3/5913e5d7-f0d0-40b3-8fb1-6d5932270d9d/sm
2025-09-08 20:28:09,230 [s4@group-6D5932270D9D->s5-GrpcLogAppender-LogAppenderDaemon] INFO  impl.SimpleStateMachineStorage (SimpleStateMachineStorage.java:loadLatestSnapshot(230)) - Latest snapshot is null in /home/runner/work/ratis/ratis/ratis-test/target/test/data/d6c3ea1c/MiniRaftClusterWithGrpcf715ded6/s4/5913e5d7-f0d0-40b3-8fb1-6d5932270d9d/sm
2025-09-08 20:28:09,230 [s4@group-6D5932270D9D->s3-GrpcLogAppender-LogAppenderDaemon] INFO  impl.SimpleStateMachineStorage (SimpleStateMachineStorage.java:loadLatestSnapshot(230)) - Latest snapshot is null in /home/runner/work/ratis/ratis/ratis-test/target/test/data/d6c3ea1c/MiniRaftClusterWithGrpcf715ded6/s4/5913e5d7-f0d0-40b3-8fb1-6d5932270d9d/sm
2025-09-08 20:28:09,230 [grpc-default-executor-12] INFO  impl.SimpleStateMachineStorage (SimpleStateMachineStorage.java:loadLatestSnapshot(230)) - Latest snapshot is null in /home/runner/work/ratis/ratis/ratis-test/target/test/data/d6c3ea1c/MiniRaftClusterWithGrpcf715ded6/s5/5913e5d7-f0d0-40b3-8fb1-6d5932270d9d/sm
2025-09-08 20:28:09,231 [grpc-default-executor-0] INFO  impl.SimpleStateMachineStorage (SimpleStateMachineStorage.java:loadLatestSnapshot(230)) - Latest snapshot is null in /home/runner/work/ratis/ratis/ratis-test/target/test/data/d6c3ea1c/MiniRaftClusterWithGrpcf715ded6/s3/5913e5d7-f0d0-40b3-8fb1-6d5932270d9d/sm
2025-09-08 20:28:09,306 [s4@group-6D5932270D9D->s3-GrpcLogAppender-LogAppenderDaemon] INFO  impl.SimpleStateMachineStorage (SimpleStateMachineStorage.java:loadLatestSnapshot(230)) - Latest snapshot is null in /home/runner/work/ratis/ratis/ratis-test/target/test/data/d6c3ea1c/MiniRaftClusterWithGrpcf715ded6/s4/5913e5d7-f0d0-40b3-8fb1-6d5932270d9d/sm
2025-09-08 20:28:09,307 [grpc-default-executor-0] INFO  impl.SimpleStateMachineStorage (SimpleStateMachineStorage.java:loadLatestSnapshot(230)) - Latest snapshot is null in /home/runner/work/ratis/ratis/ratis-test/target/test/data/d6c3ea1c/MiniRaftClusterWithGrpcf715ded6/s3/5913e5d7-f0d0-40b3-8fb1-6d5932270d9d/sm
2025-09-08 20:28:09,307 [s4@group-6D5932270D9D->s5-GrpcLogAppender-LogAppenderDaemon] INFO  impl.SimpleStateMachineStorage (SimpleStateMachineStorage.java:loadLatestSnapshot(230)) - Latest snapshot is null in /home/runner/work/ratis/ratis/ratis-test/target/test/data/d6c3ea1c/MiniRaftClusterWithGrpcf715ded6/s4/5913e5d7-f0d0-40b3-8fb1-6d5932270d9d/sm
2025-09-08 20:28:09,308 [grpc-default-executor-12] INFO  impl.SimpleStateMachineStorage (SimpleStateMachineStorage.java:loadLatestSnapshot(230)) - Latest snapshot is null in /home/runner/work/ratis/ratis/ratis-test/target/test/data/d6c3ea1c/MiniRaftClusterWithGrpcf715ded6/s5/5913e5d7-f0d0-40b3-8fb1-6d5932270d9d/sm
2025-09-08 20:28:09,384 [s4@group-6D5932270D9D->s3-GrpcLogAppender-LogAppenderDaemon] INFO  impl.SimpleStateMachineStorage (SimpleStateMachineStorage.java:loadLatestSnapshot(230)) - Latest snapshot is null in /home/runner/work/ratis/ratis/ratis-test/target/test/data/d6c3ea1c/MiniRaftClusterWithGrpcf715ded6/s4/5913e5d7-f0d0-40b3-8fb1-6d5932270d9d/sm
2025-09-08 20:28:09,385 [s4@group-6D5932270D9D->s5-GrpcLogAppender-LogAppenderDaemon] INFO  impl.SimpleStateMachineStorage (SimpleStateMachineStorage.java:loadLatestSnapshot(230)) - Latest snapshot is null in /home/runner/work/ratis/ratis/ratis-test/target/test/data/d6c3ea1c/MiniRaftClusterWithGrpcf715ded6/s4/5913e5d7-f0d0-40b3-8fb1-6d5932270d9d/sm
2025-09-08 20:28:09,385 [grpc-default-executor-12] INFO  impl.SimpleStateMachineStorage (SimpleStateMachineStorage.java:loadLatestSnapshot(230)) - Latest snapshot is null in /home/runner/work/ratis/ratis/ratis-test/target/test/data/d6c3ea1c/MiniRaftClusterWithGrpcf715ded6/s3/5913e5d7-f0d0-40b3-8fb1-6d5932270d9d/sm
2025-09-08 20:28:09,385 [grpc-default-executor-12] INFO  impl.SimpleStateMachineStorage (SimpleStateMachineStorage.java:loadLatestSnapshot(230)) - Latest snapshot is null in /home/runner/work/ratis/ratis/ratis-test/target/test/data/d6c3ea1c/MiniRaftClusterWithGrpcf715ded6/s5/5913e5d7-f0d0-40b3-8fb1-6d5932270d9d/sm
2025-09-08 20:28:09,461 [s4@group-6D5932270D9D->s5-GrpcLogAppender-LogAppenderDaemon] INFO  impl.SimpleStateMachineStorage (SimpleStateMachineStorage.java:loadLatestSnapshot(230)) - Latest snapshot is null in /home/runner/work/ratis/ratis/ratis-test/target/test/data/d6c3ea1c/MiniRaftClusterWithGrpcf715ded6/s4/5913e5d7-f0d0-40b3-8fb1-6d5932270d9d/sm
2025-09-08 20:28:09,462 [grpc-default-executor-0] INFO  impl.SimpleStateMachineStorage (SimpleStateMachineStorage.java:loadLatestSnapshot(230)) - Latest snapshot is null in /home/runner/work/ratis/ratis/ratis-test/target/test/data/d6c3ea1c/MiniRaftClusterWithGrpcf715ded6/s5/5913e5d7-f0d0-40b3-8fb1-6d5932270d9d/sm
2025-09-08 20:28:09,462 [s4@group-6D5932270D9D->s3-GrpcLogAppender-LogAppenderDaemon] INFO  impl.SimpleStateMachineStorage (SimpleStateMachineStorage.java:loadLatestSnapshot(230)) - Latest snapshot is null in /home/runner/work/ratis/ratis/ratis-test/target/test/data/d6c3ea1c/MiniRaftClusterWithGrpcf715ded6/s4/5913e5d7-f0d0-40b3-8fb1-6d5932270d9d/sm
2025-09-08 20:28:09,462 [grpc-default-executor-12] INFO  impl.SimpleStateMachineStorage (SimpleStateMachineStorage.java:loadLatestSnapshot(230)) - Latest snapshot is null in /home/runner/work/ratis/ratis/ratis-test/target/test/data/d6c3ea1c/MiniRaftClusterWithGrpcf715ded6/s3/5913e5d7-f0d0-40b3-8fb1-6d5932270d9d/sm
2025-09-08 20:28:09,538 [s4@group-6D5932270D9D->s3-GrpcLogAppender-LogAppenderDaemon] INFO  impl.SimpleStateMachineStorage (SimpleStateMachineStorage.java:loadLatestSnapshot(230)) - Latest snapshot is null in /home/runner/work/ratis/ratis/ratis-test/target/test/data/d6c3ea1c/MiniRaftClusterWithGrpcf715ded6/s4/5913e5d7-f0d0-40b3-8fb1-6d5932270d9d/sm
2025-09-08 20:28:09,538 [s4@group-6D5932270D9D->s5-GrpcLogAppender-LogAppenderDaemon] INFO  impl.SimpleStateMachineStorage (SimpleStateMachineStorage.java:loadLatestSnapshot(230)) - Latest snapshot is null in /home/runner/work/ratis/ratis/ratis-test/target/test/data/d6c3ea1c/MiniRaftClusterWithGrpcf715ded6/s4/5913e5d7-f0d0-40b3-8fb1-6d5932270d9d/sm
2025-09-08 20:28:09,538 [grpc-default-executor-12] INFO  impl.SimpleStateMachineStorage (SimpleStateMachineStorage.java:loadLatestSnapshot(230)) - Latest snapshot is null in /home/runner/work/ratis/ratis/ratis-test/target/test/data/d6c3ea1c/MiniRaftClusterWithGrpcf715ded6/s3/5913e5d7-f0d0-40b3-8fb1-6d5932270d9d/sm
2025-09-08 20:28:09,539 [grpc-default-executor-12] INFO  impl.SimpleStateMachineStorage (SimpleStateMachineStorage.java:loadLatestSnapshot(230)) - Latest snapshot is null in /home/runner/work/ratis/ratis/ratis-test/target/test/data/d6c3ea1c/MiniRaftClusterWithGrpcf715ded6/s5/5913e5d7-f0d0-40b3-8fb1-6d5932270d9d/sm
2025-09-08 20:28:09,614 [s4@group-6D5932270D9D->s3-GrpcLogAppender-LogAppenderDaemon] INFO  impl.SimpleStateMachineStorage (SimpleStateMachineStorage.java:loadLatestSnapshot(230)) - Latest snapshot is null in /home/runner/work/ratis/ratis/ratis-test/target/test/data/d6c3ea1c/MiniRaftClusterWithGrpcf715ded6/s4/5913e5d7-f0d0-40b3-8fb1-6d5932270d9d/sm
2025-09-08 20:28:09,615 [grpc-default-executor-12] INFO  impl.SimpleStateMachineStorage (SimpleStateMachineStorage.java:loadLatestSnapshot(230)) - Latest snapshot is null in /home/runner/work/ratis/ratis/ratis-test/target/test/data/d6c3ea1c/MiniRaftClusterWithGrpcf715ded6/s3/5913e5d7-f0d0-40b3-8fb1-6d5932270d9d/sm
2025-09-08 20:28:09,615 [s4@group-6D5932270D9D->s5-GrpcLogAppender-LogAppenderDaemon] INFO  impl.SimpleStateMachineStorage (SimpleStateMachineStorage.java:loadLatestSnapshot(230)) - Latest snapshot is null in /home/runner/work/ratis/ratis/ratis-test/target/test/data/d6c3ea1c/MiniRaftClusterWithGrpcf715ded6/s4/5913e5d7-f0d0-40b3-8fb1-6d5932270d9d/sm
2025-09-08 20:28:09,616 [grpc-default-executor-12] INFO  impl.SimpleStateMachineStorage (SimpleStateMachineStorage.java:loadLatestSnapshot(230)) - Latest snapshot is null in /home/runner/work/ratis/ratis/ratis-test/target/test/data/d6c3ea1c/MiniRaftClusterWithGrpcf715ded6/s5/5913e5d7-f0d0-40b3-8fb1-6d5932270d9d/sm
2025-09-08 20:28:09,691 [s4@group-6D5932270D9D->s5-GrpcLogAppender-LogAppenderDaemon] INFO  impl.SimpleStateMachineStorage (SimpleStateMachineStorage.java:loadLatestSnapshot(230)) - Latest snapshot is null in /home/runner/work/ratis/ratis/ratis-test/target/test/data/d6c3ea1c/MiniRaftClusterWithGrpcf715ded6/s4/5913e5d7-f0d0-40b3-8fb1-6d5932270d9d/sm
2025-09-08 20:28:09,692 [s4@group-6D5932270D9D->s3-GrpcLogAppender-LogAppenderDaemon] INFO  impl.SimpleStateMachineStorage (SimpleStateMachineStorage.java:loadLatestSnapshot(230)) - Latest snapshot is null in /home/runner/work/ratis/ratis/ratis-test/target/test/data/d6c3ea1c/MiniRaftClusterWithGrpcf715ded6/s4/5913e5d7-f0d0-40b3-8fb1-6d5932270d9d/sm
2025-09-08 20:28:09,692 [grpc-default-executor-12] INFO  impl.SimpleStateMachineStorage (SimpleStateMachineStorage.java:loadLatestSnapshot(230)) - Latest snapshot is null in /home/runner/work/ratis/ratis/ratis-test/target/test/data/d6c3ea1c/MiniRaftClusterWithGrpcf715ded6/s5/5913e5d7-f0d0-40b3-8fb1-6d5932270d9d/sm
2025-09-08 20:28:09,692 [grpc-default-executor-0] INFO  impl.SimpleStateMachineStorage (SimpleStateMachineStorage.java:loadLatestSnapshot(230)) - Latest snapshot is null in /home/runner/work/ratis/ratis/ratis-test/target/test/data/d6c3ea1c/MiniRaftClusterWithGrpcf715ded6/s3/5913e5d7-f0d0-40b3-8fb1-6d5932270d9d/sm
2025-09-08 20:28:09,769 [s4@group-6D5932270D9D->s3-GrpcLogAppender-LogAppenderDaemon] INFO  impl.SimpleStateMachineStorage (SimpleStateMachineStorage.java:loadLatestSnapshot(230)) - Latest snapshot is null in /home/runner/work/ratis/ratis/ratis-test/target/test/data/d6c3ea1c/MiniRaftClusterWithGrpcf715ded6/s4/5913e5d7-f0d0-40b3-8fb1-6d5932270d9d/sm
2025-09-08 20:28:09,769 [s4@group-6D5932270D9D->s5-GrpcLogAppender-LogAppenderDaemon] INFO  impl.SimpleStateMachineStorage (SimpleStateMachineStorage.java:loadLatestSnapshot(230)) - Latest snapshot is null in /home/runner/work/ratis/ratis/ratis-test/target/test/data/d6c3ea1c/MiniRaftClusterWithGrpcf715ded6/s4/5913e5d7-f0d0-40b3-8fb1-6d5932270d9d/sm
2025-09-08 20:28:09,770 [grpc-default-executor-12] INFO  impl.SimpleStateMachineStorage (SimpleStateMachineStorage.java:loadLatestSnapshot(230)) - Latest snapshot is null in /home/runner/work/ratis/ratis/ratis-test/target/test/data/d6c3ea1c/MiniRaftClusterWithGrpcf715ded6/s5/5913e5d7-f0d0-40b3-8fb1-6d5932270d9d/sm
2025-09-08 20:28:09,770 [grpc-default-executor-0] INFO  impl.SimpleStateMachineStorage (SimpleStateMachineStorage.java:loadLatestSnapshot(230)) - Latest snapshot is null in /home/runner/work/ratis/ratis/ratis-test/target/test/data/d6c3ea1c/MiniRaftClusterWithGrpcf715ded6/s3/5913e5d7-f0d0-40b3-8fb1-6d5932270d9d/sm
2025-09-08 20:28:09,840 [Thread-329] WARN  grpc.GrpcUtil (GrpcUtil.java:shutdownManagedChannel(226)) - Timed out gracefully shutting down connection: ManagedChannelOrphanWrapper{delegate=ManagedChannelImpl{logId=440, target=localhost:15042}}. 
2025-09-08 20:28:09,846 [s4@group-6D5932270D9D->s3-GrpcLogAppender-LogAppenderDaemon] INFO  impl.SimpleStateMachineStorage (SimpleStateMachineStorage.java:loadLatestSnapshot(230)) - Latest snapshot is null in /home/runner/work/ratis/ratis/ratis-test/target/test/data/d6c3ea1c/MiniRaftClusterWithGrpcf715ded6/s4/5913e5d7-f0d0-40b3-8fb1-6d5932270d9d/sm
2025-09-08 20:28:09,846 [grpc-default-executor-0] INFO  impl.SimpleStateMachineStorage (SimpleStateMachineStorage.java:loadLatestSnapshot(230)) - Latest snapshot is null in /home/runner/work/ratis/ratis/ratis-test/target/test/data/d6c3ea1c/MiniRaftClusterWithGrpcf715ded6/s3/5913e5d7-f0d0-40b3-8fb1-6d5932270d9d/sm
2025-09-08 20:28:09,846 [s4@group-6D5932270D9D->s5-GrpcLogAppender-LogAppenderDaemon] INFO  impl.SimpleStateMachineStorage (SimpleStateMachineStorage.java:loadLatestSnapshot(230)) - Latest snapshot is null in /home/runner/work/ratis/ratis/ratis-test/target/test/data/d6c3ea1c/MiniRaftClusterWithGrpcf715ded6/s4/5913e5d7-f0d0-40b3-8fb1-6d5932270d9d/sm
2025-09-08 20:28:09,847 [grpc-default-executor-0] INFO  impl.SimpleStateMachineStorage (SimpleStateMachineStorage.java:loadLatestSnapshot(230)) - Latest snapshot is null in /home/runner/work/ratis/ratis/ratis-test/target/test/data/d6c3ea1c/MiniRaftClusterWithGrpcf715ded6/s5/5913e5d7-f0d0-40b3-8fb1-6d5932270d9d/sm
2025-09-08 20:28:09,923 [s4@group-6D5932270D9D->s3-GrpcLogAppender-LogAppenderDaemon] INFO  impl.SimpleStateMachineStorage (SimpleStateMachineStorage.java:loadLatestSnapshot(230)) - Latest snapshot is null in /home/runner/work/ratis/ratis/ratis-test/target/test/data/d6c3ea1c/MiniRaftClusterWithGrpcf715ded6/s4/5913e5d7-f0d0-40b3-8fb1-6d5932270d9d/sm
2025-09-08 20:28:09,923 [s4@group-6D5932270D9D->s5-GrpcLogAppender-LogAppenderDaemon] INFO  impl.SimpleStateMachineStorage (SimpleStateMachineStorage.java:loadLatestSnapshot(230)) - Latest snapshot is null in /home/runner/work/ratis/ratis/ratis-test/target/test/data/d6c3ea1c/MiniRaftClusterWithGrpcf715ded6/s4/5913e5d7-f0d0-40b3-8fb1-6d5932270d9d/sm
2025-09-08 20:28:09,924 [grpc-default-executor-0] INFO  impl.SimpleStateMachineStorage (SimpleStateMachineStorage.java:loadLatestSnapshot(230)) - Latest snapshot is null in /home/runner/work/ratis/ratis/ratis-test/target/test/data/d6c3ea1c/MiniRaftClusterWithGrpcf715ded6/s3/5913e5d7-f0d0-40b3-8fb1-6d5932270d9d/sm
2025-09-08 20:28:09,924 [grpc-default-executor-0] INFO  impl.SimpleStateMachineStorage (SimpleStateMachineStorage.java:loadLatestSnapshot(230)) - Latest snapshot is null in /home/runner/work/ratis/ratis/ratis-test/target/test/data/d6c3ea1c/MiniRaftClusterWithGrpcf715ded6/s5/5913e5d7-f0d0-40b3-8fb1-6d5932270d9d/sm
2025-09-08 20:28:09,999 [s4@group-6D5932270D9D->s3-GrpcLogAppender-LogAppenderDaemon] INFO  impl.SimpleStateMachineStorage (SimpleStateMachineStorage.java:loadLatestSnapshot(230)) - Latest snapshot is null in /home/runner/work/ratis/ratis/ratis-test/target/test/data/d6c3ea1c/MiniRaftClusterWithGrpcf715ded6/s4/5913e5d7-f0d0-40b3-8fb1-6d5932270d9d/sm
2025-09-08 20:28:10,000 [grpc-default-executor-12] INFO  impl.SimpleStateMachineStorage (SimpleStateMachineStorage.java:loadLatestSnapshot(230)) - Latest snapshot is null in /home/runner/work/ratis/ratis/ratis-test/target/test/data/d6c3ea1c/MiniRaftClusterWithGrpcf715ded6/s3/5913e5d7-f0d0-40b3-8fb1-6d5932270d9d/sm
2025-09-08 20:28:10,001 [s4@group-6D5932270D9D->s5-GrpcLogAppender-LogAppenderDaemon] INFO  impl.SimpleStateMachineStorage (SimpleStateMachineStorage.java:loadLatestSnapshot(230)) - Latest snapshot is null in /home/runner/work/ratis/ratis/ratis-test/target/test/data/d6c3ea1c/MiniRaftClusterWithGrpcf715ded6/s4/5913e5d7-f0d0-40b3-8fb1-6d5932270d9d/sm
2025-09-08 20:28:10,001 [grpc-default-executor-12] INFO  impl.SimpleStateMachineStorage (SimpleStateMachineStorage.java:loadLatestSnapshot(230)) - Latest snapshot is null in /home/runner/work/ratis/ratis/ratis-test/target/test/data/d6c3ea1c/MiniRaftClusterWithGrpcf715ded6/s5/5913e5d7-f0d0-40b3-8fb1-6d5932270d9d/sm
2025-09-08 20:28:10,076 [s4@group-6D5932270D9D->s3-GrpcLogAppender-LogAppenderDaemon] INFO  impl.SimpleStateMachineStorage (SimpleStateMachineStorage.java:loadLatestSnapshot(230)) - Latest snapshot is null in /home/runner/work/ratis/ratis/ratis-test/target/test/data/d6c3ea1c/MiniRaftClusterWithGrpcf715ded6/s4/5913e5d7-f0d0-40b3-8fb1-6d5932270d9d/sm
2025-09-08 20:28:10,077 [grpc-default-executor-12] INFO  impl.SimpleStateMachineStorage (SimpleStateMachineStorage.java:loadLatestSnapshot(230)) - Latest snapshot is null in /home/runner/work/ratis/ratis/ratis-test/target/test/data/d6c3ea1c/MiniRaftClusterWithGrpcf715ded6/s3/5913e5d7-f0d0-40b3-8fb1-6d5932270d9d/sm
2025-09-08 20:28:10,077 [s4@group-6D5932270D9D->s5-GrpcLogAppender-LogAppenderDaemon] INFO  impl.SimpleStateMachineStorage (SimpleStateMachineStorage.java:loadLatestSnapshot(230)) - Latest snapshot is null in /home/runner/work/ratis/ratis/ratis-test/target/test/data/d6c3ea1c/MiniRaftClusterWithGrpcf715ded6/s4/5913e5d7-f0d0-40b3-8fb1-6d5932270d9d/sm
2025-09-08 20:28:10,077 [grpc-default-executor-12] INFO  impl.SimpleStateMachineStorage (SimpleStateMachineStorage.java:loadLatestSnapshot(230)) - Latest snapshot is null in /home/runner/work/ratis/ratis/ratis-test/target/test/data/d6c3ea1c/MiniRaftClusterWithGrpcf715ded6/s5/5913e5d7-f0d0-40b3-8fb1-6d5932270d9d/sm
2025-09-08 20:28:10,152 [s4@group-6D5932270D9D->s3-GrpcLogAppender-LogAppenderDaemon] INFO  impl.SimpleStateMachineStorage (SimpleStateMachineStorage.java:loadLatestSnapshot(230)) - Latest snapshot is null in /home/runner/work/ratis/ratis/ratis-test/target/test/data/d6c3ea1c/MiniRaftClusterWithGrpcf715ded6/s4/5913e5d7-f0d0-40b3-8fb1-6d5932270d9d/sm
2025-09-08 20:28:10,153 [s4@group-6D5932270D9D->s5-GrpcLogAppender-LogAppenderDaemon] INFO  impl.SimpleStateMachineStorage (SimpleStateMachineStorage.java:loadLatestSnapshot(230)) - Latest snapshot is null in /home/runner/work/ratis/ratis/ratis-test/target/test/data/d6c3ea1c/MiniRaftClusterWithGrpcf715ded6/s4/5913e5d7-f0d0-40b3-8fb1-6d5932270d9d/sm
2025-09-08 20:28:10,153 [grpc-default-executor-12] INFO  impl.SimpleStateMachineStorage (SimpleStateMachineStorage.java:loadLatestSnapshot(230)) - Latest snapshot is null in /home/runner/work/ratis/ratis/ratis-test/target/test/data/d6c3ea1c/MiniRaftClusterWithGrpcf715ded6/s3/5913e5d7-f0d0-40b3-8fb1-6d5932270d9d/sm
2025-09-08 20:28:10,153 [grpc-default-executor-0] INFO  impl.SimpleStateMachineStorage (SimpleStateMachineStorage.java:loadLatestSnapshot(230)) - Latest snapshot is null in /home/runner/work/ratis/ratis/ratis-test/target/test/data/d6c3ea1c/MiniRaftClusterWithGrpcf715ded6/s5/5913e5d7-f0d0-40b3-8fb1-6d5932270d9d/sm
2025-09-08 20:28:10,230 [s4@group-6D5932270D9D->s3-GrpcLogAppender-LogAppenderDaemon] INFO  impl.SimpleStateMachineStorage (SimpleStateMachineStorage.java:loadLatestSnapshot(230)) - Latest snapshot is null in /home/runner/work/ratis/ratis/ratis-test/target/test/data/d6c3ea1c/MiniRaftClusterWithGrpcf715ded6/s4/5913e5d7-f0d0-40b3-8fb1-6d5932270d9d/sm
2025-09-08 20:28:10,230 [s4@group-6D5932270D9D->s5-GrpcLogAppender-LogAppenderDaemon] INFO  impl.SimpleStateMachineStorage (SimpleStateMachineStorage.java:loadLatestSnapshot(230)) - Latest snapshot is null in /home/runner/work/ratis/ratis/ratis-test/target/test/data/d6c3ea1c/MiniRaftClusterWithGrpcf715ded6/s4/5913e5d7-f0d0-40b3-8fb1-6d5932270d9d/sm
2025-09-08 20:28:10,231 [grpc-default-executor-0] INFO  impl.SimpleStateMachineStorage (SimpleStateMachineStorage.java:loadLatestSnapshot(230)) - Latest snapshot is null in /home/runner/work/ratis/ratis/ratis-test/target/test/data/d6c3ea1c/MiniRaftClusterWithGrpcf715ded6/s5/5913e5d7-f0d0-40b3-8fb1-6d5932270d9d/sm
2025-09-08 20:28:10,231 [grpc-default-executor-12] INFO  impl.SimpleStateMachineStorage (SimpleStateMachineStorage.java:loadLatestSnapshot(230)) - Latest snapshot is null in /home/runner/work/ratis/ratis/ratis-test/target/test/data/d6c3ea1c/MiniRaftClusterWithGrpcf715ded6/s3/5913e5d7-f0d0-40b3-8fb1-6d5932270d9d/sm
2025-09-08 20:28:10,302 [Timer-3] INFO  impl.MiniRaftCluster (MiniRaftCluster.java:lambda$null$7(351)) - TIMED-PRINT: printing ALL groups
  s3:  RUNNING  FOLLOWER (RUNNING): s3@group-6D5932270D9D:t1, leader=s4, voted=s4, raftlog=Memoized:s3@group-6D5932270D9D-SegmentedRaftLog:OPENED:c2:last(t:1, i:12), conf=conf: {index: 0, cur=peers:[s3|localhost:15036, s4|localhost:15040, s5|localhost:15044]|listeners:[], old=null}
  s4:  RUNNING    LEADER (RUNNING): s4@group-6D5932270D9D:t1, leader=s4, voted=s4, raftlog=Memoized:s4@group-6D5932270D9D-SegmentedRaftLog:OPENED:c2:last(t:1, i:12), conf=conf: {index: 0, cur=peers:[s3|localhost:15036, s4|localhost:15040, s5|localhost:15044]|listeners:[], old=null}
  s5:  RUNNING  FOLLOWER (RUNNING): s5@group-6D5932270D9D:t1, leader=s4, voted=s4, raftlog=Memoized:s5@group-6D5932270D9D-SegmentedRaftLog:OPENED:c2:last(t:1, i:12), conf=conf: {index: 0, cur=peers:[s3|localhost:15036, s4|localhost:15040, s5|localhost:15044]|listeners:[], old=null}.
2025-09-08 20:28:10,308 [s4@group-6D5932270D9D->s5-GrpcLogAppender-LogAppenderDaemon] INFO  impl.SimpleStateMachineStorage (SimpleStateMachineStorage.java:loadLatestSnapshot(230)) - Latest snapshot is null in /home/runner/work/ratis/ratis/ratis-test/target/test/data/d6c3ea1c/MiniRaftClusterWithGrpcf715ded6/s4/5913e5d7-f0d0-40b3-8fb1-6d5932270d9d/sm
2025-09-08 20:28:10,308 [s4@group-6D5932270D9D->s3-GrpcLogAppender-LogAppenderDaemon] INFO  impl.SimpleStateMachineStorage (SimpleStateMachineStorage.java:loadLatestSnapshot(230)) - Latest snapshot is null in /home/runner/work/ratis/ratis/ratis-test/target/test/data/d6c3ea1c/MiniRaftClusterWithGrpcf715ded6/s4/5913e5d7-f0d0-40b3-8fb1-6d5932270d9d/sm
2025-09-08 20:28:10,309 [grpc-default-executor-0] INFO  impl.SimpleStateMachineStorage (SimpleStateMachineStorage.java:loadLatestSnapshot(230)) - Latest snapshot is null in /home/runner/work/ratis/ratis/ratis-test/target/test/data/d6c3ea1c/MiniRaftClusterWithGrpcf715ded6/s5/5913e5d7-f0d0-40b3-8fb1-6d5932270d9d/sm
2025-09-08 20:28:10,309 [grpc-default-executor-12] INFO  impl.SimpleStateMachineStorage (SimpleStateMachineStorage.java:loadLatestSnapshot(230)) - Latest snapshot is null in /home/runner/work/ratis/ratis/ratis-test/target/test/data/d6c3ea1c/MiniRaftClusterWithGrpcf715ded6/s3/5913e5d7-f0d0-40b3-8fb1-6d5932270d9d/sm
2025-09-08 20:28:10,385 [s4@group-6D5932270D9D->s3-GrpcLogAppender-LogAppenderDaemon] INFO  impl.SimpleStateMachineStorage (SimpleStateMachineStorage.java:loadLatestSnapshot(230)) - Latest snapshot is null in /home/runner/work/ratis/ratis/ratis-test/target/test/data/d6c3ea1c/MiniRaftClusterWithGrpcf715ded6/s4/5913e5d7-f0d0-40b3-8fb1-6d5932270d9d/sm
2025-09-08 20:28:10,385 [s4@group-6D5932270D9D->s5-GrpcLogAppender-LogAppenderDaemon] INFO  impl.SimpleStateMachineStorage (SimpleStateMachineStorage.java:loadLatestSnapshot(230)) - Latest snapshot is null in /home/runner/work/ratis/ratis/ratis-test/target/test/data/d6c3ea1c/MiniRaftClusterWithGrpcf715ded6/s4/5913e5d7-f0d0-40b3-8fb1-6d5932270d9d/sm
2025-09-08 20:28:10,385 [grpc-default-executor-0] INFO  impl.SimpleStateMachineStorage (SimpleStateMachineStorage.java:loadLatestSnapshot(230)) - Latest snapshot is null in /home/runner/work/ratis/ratis/ratis-test/target/test/data/d6c3ea1c/MiniRaftClusterWithGrpcf715ded6/s5/5913e5d7-f0d0-40b3-8fb1-6d5932270d9d/sm
2025-09-08 20:28:10,385 [grpc-default-executor-12] INFO  impl.SimpleStateMachineStorage (SimpleStateMachineStorage.java:loadLatestSnapshot(230)) - Latest snapshot is null in /home/runner/work/ratis/ratis/ratis-test/target/test/data/d6c3ea1c/MiniRaftClusterWithGrpcf715ded6/s3/5913e5d7-f0d0-40b3-8fb1-6d5932270d9d/sm
2025-09-08 20:28:10,462 [s4@group-6D5932270D9D->s5-GrpcLogAppender-LogAppenderDaemon] INFO  impl.SimpleStateMachineStorage (SimpleStateMachineStorage.java:loadLatestSnapshot(230)) - Latest snapshot is null in /home/runner/work/ratis/ratis/ratis-test/target/test/data/d6c3ea1c/MiniRaftClusterWithGrpcf715ded6/s4/5913e5d7-f0d0-40b3-8fb1-6d5932270d9d/sm
2025-09-08 20:28:10,462 [s4@group-6D5932270D9D->s3-GrpcLogAppender-LogAppenderDaemon] INFO  impl.SimpleStateMachineStorage (SimpleStateMachineStorage.java:loadLatestSnapshot(230)) - Latest snapshot is null in /home/runner/work/ratis/ratis/ratis-test/target/test/data/d6c3ea1c/MiniRaftClusterWithGrpcf715ded6/s4/5913e5d7-f0d0-40b3-8fb1-6d5932270d9d/sm
2025-09-08 20:28:10,462 [grpc-default-executor-12] INFO  impl.SimpleStateMachineStorage (SimpleStateMachineStorage.java:loadLatestSnapshot(230)) - Latest snapshot is null in /home/runner/work/ratis/ratis/ratis-test/target/test/data/d6c3ea1c/MiniRaftClusterWithGrpcf715ded6/s5/5913e5d7-f0d0-40b3-8fb1-6d5932270d9d/sm
2025-09-08 20:28:10,463 [grpc-default-executor-0] INFO  impl.SimpleStateMachineStorage (SimpleStateMachineStorage.java:loadLatestSnapshot(230)) - Latest snapshot is null in /home/runner/work/ratis/ratis/ratis-test/target/test/data/d6c3ea1c/MiniRaftClusterWithGrpcf715ded6/s3/5913e5d7-f0d0-40b3-8fb1-6d5932270d9d/sm
2025-09-08 20:28:10,538 [s4@group-6D5932270D9D->s5-GrpcLogAppender-LogAppenderDaemon] INFO  impl.SimpleStateMachineStorage (SimpleStateMachineStorage.java:loadLatestSnapshot(230)) - Latest snapshot is null in /home/runner/work/ratis/ratis/ratis-test/target/test/data/d6c3ea1c/MiniRaftClusterWithGrpcf715ded6/s4/5913e5d7-f0d0-40b3-8fb1-6d5932270d9d/sm
2025-09-08 20:28:10,539 [grpc-default-executor-12] INFO  impl.SimpleStateMachineStorage (SimpleStateMachineStorage.java:loadLatestSnapshot(230)) - Latest snapshot is null in /home/runner/work/ratis/ratis/ratis-test/target/test/data/d6c3ea1c/MiniRaftClusterWithGrpcf715ded6/s5/5913e5d7-f0d0-40b3-8fb1-6d5932270d9d/sm
2025-09-08 20:28:10,539 [s4@group-6D5932270D9D->s3-GrpcLogAppender-LogAppenderDaemon] INFO  impl.SimpleStateMachineStorage (SimpleStateMachineStorage.java:loadLatestSnapshot(230)) - Latest snapshot is null in /home/runner/work/ratis/ratis/ratis-test/target/test/data/d6c3ea1c/MiniRaftClusterWithGrpcf715ded6/s4/5913e5d7-f0d0-40b3-8fb1-6d5932270d9d/sm
2025-09-08 20:28:10,540 [grpc-default-executor-12] INFO  impl.SimpleStateMachineStorage (SimpleStateMachineStorage.java:loadLatestSnapshot(230)) - Latest snapshot is null in /home/runner/work/ratis/ratis/ratis-test/target/test/data/d6c3ea1c/MiniRaftClusterWithGrpcf715ded6/s3/5913e5d7-f0d0-40b3-8fb1-6d5932270d9d/sm
2025-09-08 20:28:10,616 [s4@group-6D5932270D9D->s5-GrpcLogAppender-LogAppenderDaemon] INFO  impl.SimpleStateMachineStorage (SimpleStateMachineStorage.java:loadLatestSnapshot(230)) - Latest snapshot is null in /home/runner/work/ratis/ratis/ratis-test/target/test/data/d6c3ea1c/MiniRaftClusterWithGrpcf715ded6/s4/5913e5d7-f0d0-40b3-8fb1-6d5932270d9d/sm
2025-09-08 20:28:10,616 [grpc-default-executor-12] INFO  impl.SimpleStateMachineStorage (SimpleStateMachineStorage.java:loadLatestSnapshot(230)) - Latest snapshot is null in /home/runner/work/ratis/ratis/ratis-test/target/test/data/d6c3ea1c/MiniRaftClusterWithGrpcf715ded6/s5/5913e5d7-f0d0-40b3-8fb1-6d5932270d9d/sm
2025-09-08 20:28:10,616 [s4@group-6D5932270D9D->s3-GrpcLogAppender-LogAppenderDaemon] INFO  impl.SimpleStateMachineStorage (SimpleStateMachineStorage.java:loadLatestSnapshot(230)) - Latest snapshot is null in /home/runner/work/ratis/ratis/ratis-test/target/test/data/d6c3ea1c/MiniRaftClusterWithGrpcf715ded6/s4/5913e5d7-f0d0-40b3-8fb1-6d5932270d9d/sm
2025-09-08 20:28:10,617 [grpc-default-executor-12] INFO  impl.SimpleStateMachineStorage (SimpleStateMachineStorage.java:loadLatestSnapshot(230)) - Latest snapshot is null in /home/runner/work/ratis/ratis/ratis-test/target/test/data/d6c3ea1c/MiniRaftClusterWithGrpcf715ded6/s3/5913e5d7-f0d0-40b3-8fb1-6d5932270d9d/sm
2025-09-08 20:28:10,692 [s4@group-6D5932270D9D->s3-GrpcLogAppender-LogAppenderDaemon] INFO  impl.SimpleStateMachineStorage (SimpleStateMachineStorage.java:loadLatestSnapshot(230)) - Latest snapshot is null in /home/runner/work/ratis/ratis/ratis-test/target/test/data/d6c3ea1c/MiniRaftClusterWithGrpcf715ded6/s4/5913e5d7-f0d0-40b3-8fb1-6d5932270d9d/sm
2025-09-08 20:28:10,693 [grpc-default-executor-12] INFO  impl.SimpleStateMachineStorage (SimpleStateMachineStorage.java:loadLatestSnapshot(230)) - Latest snapshot is null in /home/runner/work/ratis/ratis/ratis-test/target/test/data/d6c3ea1c/MiniRaftClusterWithGrpcf715ded6/s3/5913e5d7-f0d0-40b3-8fb1-6d5932270d9d/sm
2025-09-08 20:28:10,693 [s4@group-6D5932270D9D->s5-GrpcLogAppender-LogAppenderDaemon] INFO  impl.SimpleStateMachineStorage (SimpleStateMachineStorage.java:loadLatestSnapshot(230)) - Latest snapshot is null in /home/runner/work/ratis/ratis/ratis-test/target/test/data/d6c3ea1c/MiniRaftClusterWithGrpcf715ded6/s4/5913e5d7-f0d0-40b3-8fb1-6d5932270d9d/sm
2025-09-08 20:28:10,693 [grpc-default-executor-12] INFO  impl.SimpleStateMachineStorage (SimpleStateMachineStorage.java:loadLatestSnapshot(230)) - Latest snapshot is null in /home/runner/work/ratis/ratis/ratis-test/target/test/data/d6c3ea1c/MiniRaftClusterWithGrpcf715ded6/s5/5913e5d7-f0d0-40b3-8fb1-6d5932270d9d/sm
2025-09-08 20:28:10,754 [s4@group-6D5932270D9D-SegmentedRaftLogWorker] WARN  segmented.SegmentedRaftLogWorker (SegmentedRaftLogWorker.java:getFromFuture(98)) - Timeout 2/~
org.apache.ratis.protocol.exceptions.TimeoutIOException: Timeout 10s: s4@group-6D5932270D9D-SegmentedRaftLogWorker-flushStateMachineData
	at org.apache.ratis.util.IOUtils.getFromFuture(IOUtils.java:89)
	at org.apache.ratis.server.raftlog.segmented.SegmentedRaftLogWorker$StateMachineDataPolicy.getFromFuture(SegmentedRaftLogWorker.java:95)
	at org.apache.ratis.server.raftlog.segmented.SegmentedRaftLogWorker.flushIfNecessary(SegmentedRaftLogWorker.java:377)
	at org.apache.ratis.server.raftlog.segmented.SegmentedRaftLogWorker.access$1200(SegmentedRaftLogWorker.java:64)
	at org.apache.ratis.server.raftlog.segmented.SegmentedRaftLogWorker$WriteLog.execute(SegmentedRaftLogWorker.java:561)
	at org.apache.ratis.server.raftlog.segmented.SegmentedRaftLogWorker.run(SegmentedRaftLogWorker.java:317)
	at java.util.concurrent.Executors$RunnableAdapter.call(Executors.java:511)
	at java.util.concurrent.FutureTask.run(FutureTask.java:266)
	at java.util.concurrent.ThreadPoolExecutor.runWorker(ThreadPoolExecutor.java:1149)
	at java.util.concurrent.ThreadPoolExecutor$Worker.run(ThreadPoolExecutor.java:624)
	at java.lang.Thread.run(Thread.java:750)
Caused by: java.util.concurrent.TimeoutException
	at java.util.concurrent.CompletableFuture.timedGet(CompletableFuture.java:1784)
	at java.util.concurrent.CompletableFuture.get(CompletableFuture.java:1928)
	at org.apache.ratis.util.IOUtils.getFromFuture(IOUtils.java:80)
	... 10 more
2025-09-08 20:28:10,769 [s4@group-6D5932270D9D->s5-GrpcLogAppender-LogAppenderDaemon] INFO  impl.SimpleStateMachineStorage (SimpleStateMachineStorage.java:loadLatestSnapshot(230)) - Latest snapshot is null in /home/runner/work/ratis/ratis/ratis-test/target/test/data/d6c3ea1c/MiniRaftClusterWithGrpcf715ded6/s4/5913e5d7-f0d0-40b3-8fb1-6d5932270d9d/sm
2025-09-08 20:28:10,769 [grpc-default-executor-12] INFO  impl.SimpleStateMachineStorage (SimpleStateMachineStorage.java:loadLatestSnapshot(230)) - Latest snapshot is null in /home/runner/work/ratis/ratis/ratis-test/target/test/data/d6c3ea1c/MiniRaftClusterWithGrpcf715ded6/s5/5913e5d7-f0d0-40b3-8fb1-6d5932270d9d/sm
2025-09-08 20:28:10,769 [s4@group-6D5932270D9D->s3-GrpcLogAppender-LogAppenderDaemon] INFO  impl.SimpleStateMachineStorage (SimpleStateMachineStorage.java:loadLatestSnapshot(230)) - Latest snapshot is null in /home/runner/work/ratis/ratis/ratis-test/target/test/data/d6c3ea1c/MiniRaftClusterWithGrpcf715ded6/s4/5913e5d7-f0d0-40b3-8fb1-6d5932270d9d/sm
2025-09-08 20:28:10,770 [grpc-default-executor-12] INFO  impl.SimpleStateMachineStorage (SimpleStateMachineStorage.java:loadLatestSnapshot(230)) - Latest snapshot is null in /home/runner/work/ratis/ratis/ratis-test/target/test/data/d6c3ea1c/MiniRaftClusterWithGrpcf715ded6/s3/5913e5d7-f0d0-40b3-8fb1-6d5932270d9d/sm
2025-09-08 20:28:10,846 [s4@group-6D5932270D9D->s3-GrpcLogAppender-LogAppenderDaemon] INFO  impl.SimpleStateMachineStorage (SimpleStateMachineStorage.java:loadLatestSnapshot(230)) - Latest snapshot is null in /home/runner/work/ratis/ratis/ratis-test/target/test/data/d6c3ea1c/MiniRaftClusterWithGrpcf715ded6/s4/5913e5d7-f0d0-40b3-8fb1-6d5932270d9d/sm
2025-09-08 20:28:10,846 [s4@group-6D5932270D9D->s5-GrpcLogAppender-LogAppenderDaemon] INFO  impl.SimpleStateMachineStorage (SimpleStateMachineStorage.java:loadLatestSnapshot(230)) - Latest snapshot is null in /home/runner/work/ratis/ratis/ratis-test/target/test/data/d6c3ea1c/MiniRaftClusterWithGrpcf715ded6/s4/5913e5d7-f0d0-40b3-8fb1-6d5932270d9d/sm
2025-09-08 20:28:10,846 [grpc-default-executor-12] INFO  impl.SimpleStateMachineStorage (SimpleStateMachineStorage.java:loadLatestSnapshot(230)) - Latest snapshot is null in /home/runner/work/ratis/ratis/ratis-test/target/test/data/d6c3ea1c/MiniRaftClusterWithGrpcf715ded6/s3/5913e5d7-f0d0-40b3-8fb1-6d5932270d9d/sm
2025-09-08 20:28:10,847 [grpc-default-executor-0] INFO  impl.SimpleStateMachineStorage (SimpleStateMachineStorage.java:loadLatestSnapshot(230)) - Latest snapshot is null in /home/runner/work/ratis/ratis/ratis-test/target/test/data/d6c3ea1c/MiniRaftClusterWithGrpcf715ded6/s5/5913e5d7-f0d0-40b3-8fb1-6d5932270d9d/sm
2025-09-08 20:28:10,922 [s4@group-6D5932270D9D->s3-GrpcLogAppender-LogAppenderDaemon] INFO  impl.SimpleStateMachineStorage (SimpleStateMachineStorage.java:loadLatestSnapshot(230)) - Latest snapshot is null in /home/runner/work/ratis/ratis/ratis-test/target/test/data/d6c3ea1c/MiniRaftClusterWithGrpcf715ded6/s4/5913e5d7-f0d0-40b3-8fb1-6d5932270d9d/sm
2025-09-08 20:28:10,923 [grpc-default-executor-12] INFO  impl.SimpleStateMachineStorage (SimpleStateMachineStorage.java:loadLatestSnapshot(230)) - Latest snapshot is null in /home/runner/work/ratis/ratis/ratis-test/target/test/data/d6c3ea1c/MiniRaftClusterWithGrpcf715ded6/s3/5913e5d7-f0d0-40b3-8fb1-6d5932270d9d/sm
2025-09-08 20:28:10,923 [s4@group-6D5932270D9D->s5-GrpcLogAppender-LogAppenderDaemon] INFO  impl.SimpleStateMachineStorage (SimpleStateMachineStorage.java:loadLatestSnapshot(230)) - Latest snapshot is null in /home/runner/work/ratis/ratis/ratis-test/target/test/data/d6c3ea1c/MiniRaftClusterWithGrpcf715ded6/s4/5913e5d7-f0d0-40b3-8fb1-6d5932270d9d/sm
2025-09-08 20:28:10,924 [grpc-default-executor-12] INFO  impl.SimpleStateMachineStorage (SimpleStateMachineStorage.java:loadLatestSnapshot(230)) - Latest snapshot is null in /home/runner/work/ratis/ratis/ratis-test/target/test/data/d6c3ea1c/MiniRaftClusterWithGrpcf715ded6/s5/5913e5d7-f0d0-40b3-8fb1-6d5932270d9d/sm
2025-09-08 20:28:10,999 [s4@group-6D5932270D9D->s5-GrpcLogAppender-LogAppenderDaemon] INFO  impl.SimpleStateMachineStorage (SimpleStateMachineStorage.java:loadLatestSnapshot(230)) - Latest snapshot is null in /home/runner/work/ratis/ratis/ratis-test/target/test/data/d6c3ea1c/MiniRaftClusterWithGrpcf715ded6/s4/5913e5d7-f0d0-40b3-8fb1-6d5932270d9d/sm
2025-09-08 20:28:10,999 [s4@group-6D5932270D9D->s3-GrpcLogAppender-LogAppenderDaemon] INFO  impl.SimpleStateMachineStorage (SimpleStateMachineStorage.java:loadLatestSnapshot(230)) - Latest snapshot is null in /home/runner/work/ratis/ratis/ratis-test/target/test/data/d6c3ea1c/MiniRaftClusterWithGrpcf715ded6/s4/5913e5d7-f0d0-40b3-8fb1-6d5932270d9d/sm
2025-09-08 20:28:11,000 [grpc-default-executor-12] INFO  impl.SimpleStateMachineStorage (SimpleStateMachineStorage.java:loadLatestSnapshot(230)) - Latest snapshot is null in /home/runner/work/ratis/ratis/ratis-test/target/test/data/d6c3ea1c/MiniRaftClusterWithGrpcf715ded6/s5/5913e5d7-f0d0-40b3-8fb1-6d5932270d9d/sm
2025-09-08 20:28:11,000 [grpc-default-executor-0] INFO  impl.SimpleStateMachineStorage (SimpleStateMachineStorage.java:loadLatestSnapshot(230)) - Latest snapshot is null in /home/runner/work/ratis/ratis/ratis-test/target/test/data/d6c3ea1c/MiniRaftClusterWithGrpcf715ded6/s3/5913e5d7-f0d0-40b3-8fb1-6d5932270d9d/sm
2025-09-08 20:28:11,077 [s4@group-6D5932270D9D->s3-GrpcLogAppender-LogAppenderDaemon] INFO  impl.SimpleStateMachineStorage (SimpleStateMachineStorage.java:loadLatestSnapshot(230)) - Latest snapshot is null in /home/runner/work/ratis/ratis/ratis-test/target/test/data/d6c3ea1c/MiniRaftClusterWithGrpcf715ded6/s4/5913e5d7-f0d0-40b3-8fb1-6d5932270d9d/sm
2025-09-08 20:28:11,077 [s4@group-6D5932270D9D->s5-GrpcLogAppender-LogAppenderDaemon] INFO  impl.SimpleStateMachineStorage (SimpleStateMachineStorage.java:loadLatestSnapshot(230)) - Latest snapshot is null in /home/runner/work/ratis/ratis/ratis-test/target/test/data/d6c3ea1c/MiniRaftClusterWithGrpcf715ded6/s4/5913e5d7-f0d0-40b3-8fb1-6d5932270d9d/sm
2025-09-08 20:28:11,077 [grpc-default-executor-0] INFO  impl.SimpleStateMachineStorage (SimpleStateMachineStorage.java:loadLatestSnapshot(230)) - Latest snapshot is null in /home/runner/work/ratis/ratis/ratis-test/target/test/data/d6c3ea1c/MiniRaftClusterWithGrpcf715ded6/s3/5913e5d7-f0d0-40b3-8fb1-6d5932270d9d/sm
2025-09-08 20:28:11,077 [grpc-default-executor-12] INFO  impl.SimpleStateMachineStorage (SimpleStateMachineStorage.java:loadLatestSnapshot(230)) - Latest snapshot is null in /home/runner/work/ratis/ratis/ratis-test/target/test/data/d6c3ea1c/MiniRaftClusterWithGrpcf715ded6/s5/5913e5d7-f0d0-40b3-8fb1-6d5932270d9d/sm
2025-09-08 20:28:11,154 [s4@group-6D5932270D9D->s5-GrpcLogAppender-LogAppenderDaemon] INFO  impl.SimpleStateMachineStorage (SimpleStateMachineStorage.java:loadLatestSnapshot(230)) - Latest snapshot is null in /home/runner/work/ratis/ratis/ratis-test/target/test/data/d6c3ea1c/MiniRaftClusterWithGrpcf715ded6/s4/5913e5d7-f0d0-40b3-8fb1-6d5932270d9d/sm
2025-09-08 20:28:11,154 [s4@group-6D5932270D9D->s3-GrpcLogAppender-LogAppenderDaemon] INFO  impl.SimpleStateMachineStorage (SimpleStateMachineStorage.java:loadLatestSnapshot(230)) - Latest snapshot is null in /home/runner/work/ratis/ratis/ratis-test/target/test/data/d6c3ea1c/MiniRaftClusterWithGrpcf715ded6/s4/5913e5d7-f0d0-40b3-8fb1-6d5932270d9d/sm
2025-09-08 20:28:11,155 [grpc-default-executor-0] INFO  impl.SimpleStateMachineStorage (SimpleStateMachineStorage.java:loadLatestSnapshot(230)) - Latest snapshot is null in /home/runner/work/ratis/ratis/ratis-test/target/test/data/d6c3ea1c/MiniRaftClusterWithGrpcf715ded6/s5/5913e5d7-f0d0-40b3-8fb1-6d5932270d9d/sm
2025-09-08 20:28:11,155 [grpc-default-executor-12] INFO  impl.SimpleStateMachineStorage (SimpleStateMachineStorage.java:loadLatestSnapshot(230)) - Latest snapshot is null in /home/runner/work/ratis/ratis/ratis-test/target/test/data/d6c3ea1c/MiniRaftClusterWithGrpcf715ded6/s3/5913e5d7-f0d0-40b3-8fb1-6d5932270d9d/sm
2025-09-08 20:28:11,231 [s4@group-6D5932270D9D->s3-GrpcLogAppender-LogAppenderDaemon] INFO  impl.SimpleStateMachineStorage (SimpleStateMachineStorage.java:loadLatestSnapshot(230)) - Latest snapshot is null in /home/runner/work/ratis/ratis/ratis-test/target/test/data/d6c3ea1c/MiniRaftClusterWithGrpcf715ded6/s4/5913e5d7-f0d0-40b3-8fb1-6d5932270d9d/sm
2025-09-08 20:28:11,231 [s4@group-6D5932270D9D->s5-GrpcLogAppender-LogAppenderDaemon] INFO  impl.SimpleStateMachineStorage (SimpleStateMachineStorage.java:loadLatestSnapshot(230)) - Latest snapshot is null in /home/runner/work/ratis/ratis/ratis-test/target/test/data/d6c3ea1c/MiniRaftClusterWithGrpcf715ded6/s4/5913e5d7-f0d0-40b3-8fb1-6d5932270d9d/sm
2025-09-08 20:28:11,232 [grpc-default-executor-0] INFO  impl.SimpleStateMachineStorage (SimpleStateMachineStorage.java:loadLatestSnapshot(230)) - Latest snapshot is null in /home/runner/work/ratis/ratis/ratis-test/target/test/data/d6c3ea1c/MiniRaftClusterWithGrpcf715ded6/s3/5913e5d7-f0d0-40b3-8fb1-6d5932270d9d/sm
2025-09-08 20:28:11,232 [grpc-default-executor-12] INFO  impl.SimpleStateMachineStorage (SimpleStateMachineStorage.java:loadLatestSnapshot(230)) - Latest snapshot is null in /home/runner/work/ratis/ratis/ratis-test/target/test/data/d6c3ea1c/MiniRaftClusterWithGrpcf715ded6/s5/5913e5d7-f0d0-40b3-8fb1-6d5932270d9d/sm
2025-09-08 20:28:11,307 [s4@group-6D5932270D9D->s3-GrpcLogAppender-LogAppenderDaemon] INFO  impl.SimpleStateMachineStorage (SimpleStateMachineStorage.java:loadLatestSnapshot(230)) - Latest snapshot is null in /home/runner/work/ratis/ratis/ratis-test/target/test/data/d6c3ea1c/MiniRaftClusterWithGrpcf715ded6/s4/5913e5d7-f0d0-40b3-8fb1-6d5932270d9d/sm
2025-09-08 20:28:11,308 [grpc-default-executor-12] INFO  impl.SimpleStateMachineStorage (SimpleStateMachineStorage.java:loadLatestSnapshot(230)) - Latest snapshot is null in /home/runner/work/ratis/ratis/ratis-test/target/test/data/d6c3ea1c/MiniRaftClusterWithGrpcf715ded6/s3/5913e5d7-f0d0-40b3-8fb1-6d5932270d9d/sm
2025-09-08 20:28:11,309 [s4@group-6D5932270D9D->s5-GrpcLogAppender-LogAppenderDaemon] INFO  impl.SimpleStateMachineStorage (SimpleStateMachineStorage.java:loadLatestSnapshot(230)) - Latest snapshot is null in /home/runner/work/ratis/ratis/ratis-test/target/test/data/d6c3ea1c/MiniRaftClusterWithGrpcf715ded6/s4/5913e5d7-f0d0-40b3-8fb1-6d5932270d9d/sm
2025-09-08 20:28:11,309 [grpc-default-executor-12] INFO  impl.SimpleStateMachineStorage (SimpleStateMachineStorage.java:loadLatestSnapshot(230)) - Latest snapshot is null in /home/runner/work/ratis/ratis/ratis-test/target/test/data/d6c3ea1c/MiniRaftClusterWithGrpcf715ded6/s5/5913e5d7-f0d0-40b3-8fb1-6d5932270d9d/sm
2025-09-08 20:28:11,385 [s4@group-6D5932270D9D->s5-GrpcLogAppender-LogAppenderDaemon] INFO  impl.SimpleStateMachineStorage (SimpleStateMachineStorage.java:loadLatestSnapshot(230)) - Latest snapshot is null in /home/runner/work/ratis/ratis/ratis-test/target/test/data/d6c3ea1c/MiniRaftClusterWithGrpcf715ded6/s4/5913e5d7-f0d0-40b3-8fb1-6d5932270d9d/sm
2025-09-08 20:28:11,385 [s4@group-6D5932270D9D->s3-GrpcLogAppender-LogAppenderDaemon] INFO  impl.SimpleStateMachineStorage (SimpleStateMachineStorage.java:loadLatestSnapshot(230)) - Latest snapshot is null in /home/runner/work/ratis/ratis/ratis-test/target/test/data/d6c3ea1c/MiniRaftClusterWithGrpcf715ded6/s4/5913e5d7-f0d0-40b3-8fb1-6d5932270d9d/sm
2025-09-08 20:28:11,385 [grpc-default-executor-12] INFO  impl.SimpleStateMachineStorage (SimpleStateMachineStorage.java:loadLatestSnapshot(230)) - Latest snapshot is null in /home/runner/work/ratis/ratis/ratis-test/target/test/data/d6c3ea1c/MiniRaftClusterWithGrpcf715ded6/s5/5913e5d7-f0d0-40b3-8fb1-6d5932270d9d/sm
2025-09-08 20:28:11,385 [grpc-default-executor-0] INFO  impl.SimpleStateMachineStorage (SimpleStateMachineStorage.java:loadLatestSnapshot(230)) - Latest snapshot is null in /home/runner/work/ratis/ratis/ratis-test/target/test/data/d6c3ea1c/MiniRaftClusterWithGrpcf715ded6/s3/5913e5d7-f0d0-40b3-8fb1-6d5932270d9d/sm
2025-09-08 20:28:11,461 [s4@group-6D5932270D9D->s3-GrpcLogAppender-LogAppenderDaemon] INFO  impl.SimpleStateMachineStorage (SimpleStateMachineStorage.java:loadLatestSnapshot(230)) - Latest snapshot is null in /home/runner/work/ratis/ratis/ratis-test/target/test/data/d6c3ea1c/MiniRaftClusterWithGrpcf715ded6/s4/5913e5d7-f0d0-40b3-8fb1-6d5932270d9d/sm
2025-09-08 20:28:11,462 [s4@group-6D5932270D9D->s5-GrpcLogAppender-LogAppenderDaemon] INFO  impl.SimpleStateMachineStorage (SimpleStateMachineStorage.java:loadLatestSnapshot(230)) - Latest snapshot is null in /home/runner/work/ratis/ratis/ratis-test/target/test/data/d6c3ea1c/MiniRaftClusterWithGrpcf715ded6/s4/5913e5d7-f0d0-40b3-8fb1-6d5932270d9d/sm
2025-09-08 20:28:11,462 [grpc-default-executor-0] INFO  impl.SimpleStateMachineStorage (SimpleStateMachineStorage.java:loadLatestSnapshot(230)) - Latest snapshot is null in /home/runner/work/ratis/ratis/ratis-test/target/test/data/d6c3ea1c/MiniRaftClusterWithGrpcf715ded6/s3/5913e5d7-f0d0-40b3-8fb1-6d5932270d9d/sm
2025-09-08 20:28:11,462 [grpc-default-executor-12] INFO  impl.SimpleStateMachineStorage (SimpleStateMachineStorage.java:loadLatestSnapshot(230)) - Latest snapshot is null in /home/runner/work/ratis/ratis/ratis-test/target/test/data/d6c3ea1c/MiniRaftClusterWithGrpcf715ded6/s5/5913e5d7-f0d0-40b3-8fb1-6d5932270d9d/sm
2025-09-08 20:28:11,538 [s4@group-6D5932270D9D->s5-GrpcLogAppender-LogAppenderDaemon] INFO  impl.SimpleStateMachineStorage (SimpleStateMachineStorage.java:loadLatestSnapshot(230)) - Latest snapshot is null in /home/runner/work/ratis/ratis/ratis-test/target/test/data/d6c3ea1c/MiniRaftClusterWithGrpcf715ded6/s4/5913e5d7-f0d0-40b3-8fb1-6d5932270d9d/sm
2025-09-08 20:28:11,539 [grpc-default-executor-12] INFO  impl.SimpleStateMachineStorage (SimpleStateMachineStorage.java:loadLatestSnapshot(230)) - Latest snapshot is null in /home/runner/work/ratis/ratis/ratis-test/target/test/data/d6c3ea1c/MiniRaftClusterWithGrpcf715ded6/s5/5913e5d7-f0d0-40b3-8fb1-6d5932270d9d/sm
2025-09-08 20:28:11,539 [s4@group-6D5932270D9D->s3-GrpcLogAppender-LogAppenderDaemon] INFO  impl.SimpleStateMachineStorage (SimpleStateMachineStorage.java:loadLatestSnapshot(230)) - Latest snapshot is null in /home/runner/work/ratis/ratis/ratis-test/target/test/data/d6c3ea1c/MiniRaftClusterWithGrpcf715ded6/s4/5913e5d7-f0d0-40b3-8fb1-6d5932270d9d/sm
2025-09-08 20:28:11,539 [grpc-default-executor-12] INFO  impl.SimpleStateMachineStorage (SimpleStateMachineStorage.java:loadLatestSnapshot(230)) - Latest snapshot is null in /home/runner/work/ratis/ratis/ratis-test/target/test/data/d6c3ea1c/MiniRaftClusterWithGrpcf715ded6/s3/5913e5d7-f0d0-40b3-8fb1-6d5932270d9d/sm
2025-09-08 20:28:11,615 [s4@group-6D5932270D9D->s3-GrpcLogAppender-LogAppenderDaemon] INFO  impl.SimpleStateMachineStorage (SimpleStateMachineStorage.java:loadLatestSnapshot(230)) - Latest snapshot is null in /home/runner/work/ratis/ratis/ratis-test/target/test/data/d6c3ea1c/MiniRaftClusterWithGrpcf715ded6/s4/5913e5d7-f0d0-40b3-8fb1-6d5932270d9d/sm
2025-09-08 20:28:11,615 [s4@group-6D5932270D9D->s5-GrpcLogAppender-LogAppenderDaemon] INFO  impl.SimpleStateMachineStorage (SimpleStateMachineStorage.java:loadLatestSnapshot(230)) - Latest snapshot is null in /home/runner/work/ratis/ratis/ratis-test/target/test/data/d6c3ea1c/MiniRaftClusterWithGrpcf715ded6/s4/5913e5d7-f0d0-40b3-8fb1-6d5932270d9d/sm
2025-09-08 20:28:11,616 [grpc-default-executor-12] INFO  impl.SimpleStateMachineStorage (SimpleStateMachineStorage.java:loadLatestSnapshot(230)) - Latest snapshot is null in /home/runner/work/ratis/ratis/ratis-test/target/test/data/d6c3ea1c/MiniRaftClusterWithGrpcf715ded6/s3/5913e5d7-f0d0-40b3-8fb1-6d5932270d9d/sm
2025-09-08 20:28:11,616 [grpc-default-executor-0] INFO  impl.SimpleStateMachineStorage (SimpleStateMachineStorage.java:loadLatestSnapshot(230)) - Latest snapshot is null in /home/runner/work/ratis/ratis/ratis-test/target/test/data/d6c3ea1c/MiniRaftClusterWithGrpcf715ded6/s5/5913e5d7-f0d0-40b3-8fb1-6d5932270d9d/sm
2025-09-08 20:28:11,691 [s4@group-6D5932270D9D->s3-GrpcLogAppender-LogAppenderDaemon] INFO  impl.SimpleStateMachineStorage (SimpleStateMachineStorage.java:loadLatestSnapshot(230)) - Latest snapshot is null in /home/runner/work/ratis/ratis/ratis-test/target/test/data/d6c3ea1c/MiniRaftClusterWithGrpcf715ded6/s4/5913e5d7-f0d0-40b3-8fb1-6d5932270d9d/sm
2025-09-08 20:28:11,692 [s4@group-6D5932270D9D->s5-GrpcLogAppender-LogAppenderDaemon] INFO  impl.SimpleStateMachineStorage (SimpleStateMachineStorage.java:loadLatestSnapshot(230)) - Latest snapshot is null in /home/runner/work/ratis/ratis/ratis-test/target/test/data/d6c3ea1c/MiniRaftClusterWithGrpcf715ded6/s4/5913e5d7-f0d0-40b3-8fb1-6d5932270d9d/sm
2025-09-08 20:28:11,692 [grpc-default-executor-12] INFO  impl.SimpleStateMachineStorage (SimpleStateMachineStorage.java:loadLatestSnapshot(230)) - Latest snapshot is null in /home/runner/work/ratis/ratis/ratis-test/target/test/data/d6c3ea1c/MiniRaftClusterWithGrpcf715ded6/s5/5913e5d7-f0d0-40b3-8fb1-6d5932270d9d/sm
2025-09-08 20:28:11,692 [grpc-default-executor-0] INFO  impl.SimpleStateMachineStorage (SimpleStateMachineStorage.java:loadLatestSnapshot(230)) - Latest snapshot is null in /home/runner/work/ratis/ratis/ratis-test/target/test/data/d6c3ea1c/MiniRaftClusterWithGrpcf715ded6/s3/5913e5d7-f0d0-40b3-8fb1-6d5932270d9d/sm
2025-09-08 20:28:11,768 [s4@group-6D5932270D9D->s5-GrpcLogAppender-LogAppenderDaemon] INFO  impl.SimpleStateMachineStorage (SimpleStateMachineStorage.java:loadLatestSnapshot(230)) - Latest snapshot is null in /home/runner/work/ratis/ratis/ratis-test/target/test/data/d6c3ea1c/MiniRaftClusterWithGrpcf715ded6/s4/5913e5d7-f0d0-40b3-8fb1-6d5932270d9d/sm
2025-09-08 20:28:11,769 [grpc-default-executor-0] INFO  impl.SimpleStateMachineStorage (SimpleStateMachineStorage.java:loadLatestSnapshot(230)) - Latest snapshot is null in /home/runner/work/ratis/ratis/ratis-test/target/test/data/d6c3ea1c/MiniRaftClusterWithGrpcf715ded6/s5/5913e5d7-f0d0-40b3-8fb1-6d5932270d9d/sm
2025-09-08 20:28:11,769 [s4@group-6D5932270D9D->s3-GrpcLogAppender-LogAppenderDaemon] INFO  impl.SimpleStateMachineStorage (SimpleStateMachineStorage.java:loadLatestSnapshot(230)) - Latest snapshot is null in /home/runner/work/ratis/ratis/ratis-test/target/test/data/d6c3ea1c/MiniRaftClusterWithGrpcf715ded6/s4/5913e5d7-f0d0-40b3-8fb1-6d5932270d9d/sm
2025-09-08 20:28:11,770 [grpc-default-executor-0] INFO  impl.SimpleStateMachineStorage (SimpleStateMachineStorage.java:loadLatestSnapshot(230)) - Latest snapshot is null in /home/runner/work/ratis/ratis/ratis-test/target/test/data/d6c3ea1c/MiniRaftClusterWithGrpcf715ded6/s3/5913e5d7-f0d0-40b3-8fb1-6d5932270d9d/sm
2025-09-08 20:28:11,845 [s4@group-6D5932270D9D->s3-GrpcLogAppender-LogAppenderDaemon] INFO  impl.SimpleStateMachineStorage (SimpleStateMachineStorage.java:loadLatestSnapshot(230)) - Latest snapshot is null in /home/runner/work/ratis/ratis/ratis-test/target/test/data/d6c3ea1c/MiniRaftClusterWithGrpcf715ded6/s4/5913e5d7-f0d0-40b3-8fb1-6d5932270d9d/sm
2025-09-08 20:28:11,845 [s4@group-6D5932270D9D->s5-GrpcLogAppender-LogAppenderDaemon] INFO  impl.SimpleStateMachineStorage (SimpleStateMachineStorage.java:loadLatestSnapshot(230)) - Latest snapshot is null in /home/runner/work/ratis/ratis/ratis-test/target/test/data/d6c3ea1c/MiniRaftClusterWithGrpcf715ded6/s4/5913e5d7-f0d0-40b3-8fb1-6d5932270d9d/sm
2025-09-08 20:28:11,846 [grpc-default-executor-0] INFO  impl.SimpleStateMachineStorage (SimpleStateMachineStorage.java:loadLatestSnapshot(230)) - Latest snapshot is null in /home/runner/work/ratis/ratis/ratis-test/target/test/data/d6c3ea1c/MiniRaftClusterWithGrpcf715ded6/s5/5913e5d7-f0d0-40b3-8fb1-6d5932270d9d/sm
2025-09-08 20:28:11,846 [grpc-default-executor-12] INFO  impl.SimpleStateMachineStorage (SimpleStateMachineStorage.java:loadLatestSnapshot(230)) - Latest snapshot is null in /home/runner/work/ratis/ratis/ratis-test/target/test/data/d6c3ea1c/MiniRaftClusterWithGrpcf715ded6/s3/5913e5d7-f0d0-40b3-8fb1-6d5932270d9d/sm
2025-09-08 20:28:11,921 [s4@group-6D5932270D9D->s5-GrpcLogAppender-LogAppenderDaemon] INFO  impl.SimpleStateMachineStorage (SimpleStateMachineStorage.java:loadLatestSnapshot(230)) - Latest snapshot is null in /home/runner/work/ratis/ratis/ratis-test/target/test/data/d6c3ea1c/MiniRaftClusterWithGrpcf715ded6/s4/5913e5d7-f0d0-40b3-8fb1-6d5932270d9d/sm
2025-09-08 20:28:11,922 [s4@group-6D5932270D9D->s3-GrpcLogAppender-LogAppenderDaemon] INFO  impl.SimpleStateMachineStorage (SimpleStateMachineStorage.java:loadLatestSnapshot(230)) - Latest snapshot is null in /home/runner/work/ratis/ratis/ratis-test/target/test/data/d6c3ea1c/MiniRaftClusterWithGrpcf715ded6/s4/5913e5d7-f0d0-40b3-8fb1-6d5932270d9d/sm
2025-09-08 20:28:11,922 [grpc-default-executor-0] INFO  impl.SimpleStateMachineStorage (SimpleStateMachineStorage.java:loadLatestSnapshot(230)) - Latest snapshot is null in /home/runner/work/ratis/ratis/ratis-test/target/test/data/d6c3ea1c/MiniRaftClusterWithGrpcf715ded6/s5/5913e5d7-f0d0-40b3-8fb1-6d5932270d9d/sm
2025-09-08 20:28:11,922 [grpc-default-executor-12] INFO  impl.SimpleStateMachineStorage (SimpleStateMachineStorage.java:loadLatestSnapshot(230)) - Latest snapshot is null in /home/runner/work/ratis/ratis/ratis-test/target/test/data/d6c3ea1c/MiniRaftClusterWithGrpcf715ded6/s3/5913e5d7-f0d0-40b3-8fb1-6d5932270d9d/sm
2025-09-08 20:28:11,999 [s4@group-6D5932270D9D->s5-GrpcLogAppender-LogAppenderDaemon] INFO  impl.SimpleStateMachineStorage (SimpleStateMachineStorage.java:loadLatestSnapshot(230)) - Latest snapshot is null in /home/runner/work/ratis/ratis/ratis-test/target/test/data/d6c3ea1c/MiniRaftClusterWithGrpcf715ded6/s4/5913e5d7-f0d0-40b3-8fb1-6d5932270d9d/sm
2025-09-08 20:28:11,999 [s4@group-6D5932270D9D->s3-GrpcLogAppender-LogAppenderDaemon] INFO  impl.SimpleStateMachineStorage (SimpleStateMachineStorage.java:loadLatestSnapshot(230)) - Latest snapshot is null in /home/runner/work/ratis/ratis/ratis-test/target/test/data/d6c3ea1c/MiniRaftClusterWithGrpcf715ded6/s4/5913e5d7-f0d0-40b3-8fb1-6d5932270d9d/sm
2025-09-08 20:28:12,000 [grpc-default-executor-0] INFO  impl.SimpleStateMachineStorage (SimpleStateMachineStorage.java:loadLatestSnapshot(230)) - Latest snapshot is null in /home/runner/work/ratis/ratis/ratis-test/target/test/data/d6c3ea1c/MiniRaftClusterWithGrpcf715ded6/s3/5913e5d7-f0d0-40b3-8fb1-6d5932270d9d/sm
2025-09-08 20:28:12,000 [grpc-default-executor-12] INFO  impl.SimpleStateMachineStorage (SimpleStateMachineStorage.java:loadLatestSnapshot(230)) - Latest snapshot is null in /home/runner/work/ratis/ratis/ratis-test/target/test/data/d6c3ea1c/MiniRaftClusterWithGrpcf715ded6/s5/5913e5d7-f0d0-40b3-8fb1-6d5932270d9d/sm
2025-09-08 20:28:12,077 [s4@group-6D5932270D9D->s5-GrpcLogAppender-LogAppenderDaemon] INFO  impl.SimpleStateMachineStorage (SimpleStateMachineStorage.java:loadLatestSnapshot(230)) - Latest snapshot is null in /home/runner/work/ratis/ratis/ratis-test/target/test/data/d6c3ea1c/MiniRaftClusterWithGrpcf715ded6/s4/5913e5d7-f0d0-40b3-8fb1-6d5932270d9d/sm
2025-09-08 20:28:12,077 [s4@group-6D5932270D9D->s3-GrpcLogAppender-LogAppenderDaemon] INFO  impl.SimpleStateMachineStorage (SimpleStateMachineStorage.java:loadLatestSnapshot(230)) - Latest snapshot is null in /home/runner/work/ratis/ratis/ratis-test/target/test/data/d6c3ea1c/MiniRaftClusterWithGrpcf715ded6/s4/5913e5d7-f0d0-40b3-8fb1-6d5932270d9d/sm
2025-09-08 20:28:12,078 [grpc-default-executor-0] INFO  impl.SimpleStateMachineStorage (SimpleStateMachineStorage.java:loadLatestSnapshot(230)) - Latest snapshot is null in /home/runner/work/ratis/ratis/ratis-test/target/test/data/d6c3ea1c/MiniRaftClusterWithGrpcf715ded6/s3/5913e5d7-f0d0-40b3-8fb1-6d5932270d9d/sm
2025-09-08 20:28:12,078 [grpc-default-executor-12] INFO  impl.SimpleStateMachineStorage (SimpleStateMachineStorage.java:loadLatestSnapshot(230)) - Latest snapshot is null in /home/runner/work/ratis/ratis/ratis-test/target/test/data/d6c3ea1c/MiniRaftClusterWithGrpcf715ded6/s5/5913e5d7-f0d0-40b3-8fb1-6d5932270d9d/sm
2025-09-08 20:28:12,153 [s4@group-6D5932270D9D->s3-GrpcLogAppender-LogAppenderDaemon] INFO  impl.SimpleStateMachineStorage (SimpleStateMachineStorage.java:loadLatestSnapshot(230)) - Latest snapshot is null in /home/runner/work/ratis/ratis/ratis-test/target/test/data/d6c3ea1c/MiniRaftClusterWithGrpcf715ded6/s4/5913e5d7-f0d0-40b3-8fb1-6d5932270d9d/sm
2025-09-08 20:28:12,154 [s4@group-6D5932270D9D->s5-GrpcLogAppender-LogAppenderDaemon] INFO  impl.SimpleStateMachineStorage (SimpleStateMachineStorage.java:loadLatestSnapshot(230)) - Latest snapshot is null in /home/runner/work/ratis/ratis/ratis-test/target/test/data/d6c3ea1c/MiniRaftClusterWithGrpcf715ded6/s4/5913e5d7-f0d0-40b3-8fb1-6d5932270d9d/sm
2025-09-08 20:28:12,154 [grpc-default-executor-12] INFO  impl.SimpleStateMachineStorage (SimpleStateMachineStorage.java:loadLatestSnapshot(230)) - Latest snapshot is null in /home/runner/work/ratis/ratis/ratis-test/target/test/data/d6c3ea1c/MiniRaftClusterWithGrpcf715ded6/s3/5913e5d7-f0d0-40b3-8fb1-6d5932270d9d/sm
2025-09-08 20:28:12,154 [grpc-default-executor-0] INFO  impl.SimpleStateMachineStorage (SimpleStateMachineStorage.java:loadLatestSnapshot(230)) - Latest snapshot is null in /home/runner/work/ratis/ratis/ratis-test/target/test/data/d6c3ea1c/MiniRaftClusterWithGrpcf715ded6/s5/5913e5d7-f0d0-40b3-8fb1-6d5932270d9d/sm
2025-09-08 20:28:12,231 [s4@group-6D5932270D9D->s3-GrpcLogAppender-LogAppenderDaemon] INFO  impl.SimpleStateMachineStorage (SimpleStateMachineStorage.java:loadLatestSnapshot(230)) - Latest snapshot is null in /home/runner/work/ratis/ratis/ratis-test/target/test/data/d6c3ea1c/MiniRaftClusterWithGrpcf715ded6/s4/5913e5d7-f0d0-40b3-8fb1-6d5932270d9d/sm
2025-09-08 20:28:12,231 [s4@group-6D5932270D9D->s5-GrpcLogAppender-LogAppenderDaemon] INFO  impl.SimpleStateMachineStorage (SimpleStateMachineStorage.java:loadLatestSnapshot(230)) - Latest snapshot is null in /home/runner/work/ratis/ratis/ratis-test/target/test/data/d6c3ea1c/MiniRaftClusterWithGrpcf715ded6/s4/5913e5d7-f0d0-40b3-8fb1-6d5932270d9d/sm
2025-09-08 20:28:12,231 [grpc-default-executor-12] INFO  impl.SimpleStateMachineStorage (SimpleStateMachineStorage.java:loadLatestSnapshot(230)) - Latest snapshot is null in /home/runner/work/ratis/ratis/ratis-test/target/test/data/d6c3ea1c/MiniRaftClusterWithGrpcf715ded6/s5/5913e5d7-f0d0-40b3-8fb1-6d5932270d9d/sm
2025-09-08 20:28:12,231 [grpc-default-executor-0] INFO  impl.SimpleStateMachineStorage (SimpleStateMachineStorage.java:loadLatestSnapshot(230)) - Latest snapshot is null in /home/runner/work/ratis/ratis/ratis-test/target/test/data/d6c3ea1c/MiniRaftClusterWithGrpcf715ded6/s3/5913e5d7-f0d0-40b3-8fb1-6d5932270d9d/sm
2025-09-08 20:28:12,307 [s4@group-6D5932270D9D->s3-GrpcLogAppender-LogAppenderDaemon] INFO  impl.SimpleStateMachineStorage (SimpleStateMachineStorage.java:loadLatestSnapshot(230)) - Latest snapshot is null in /home/runner/work/ratis/ratis/ratis-test/target/test/data/d6c3ea1c/MiniRaftClusterWithGrpcf715ded6/s4/5913e5d7-f0d0-40b3-8fb1-6d5932270d9d/sm
2025-09-08 20:28:12,307 [s4@group-6D5932270D9D->s5-GrpcLogAppender-LogAppenderDaemon] INFO  impl.SimpleStateMachineStorage (SimpleStateMachineStorage.java:loadLatestSnapshot(230)) - Latest snapshot is null in /home/runner/work/ratis/ratis/ratis-test/target/test/data/d6c3ea1c/MiniRaftClusterWithGrpcf715ded6/s4/5913e5d7-f0d0-40b3-8fb1-6d5932270d9d/sm
2025-09-08 20:28:12,308 [grpc-default-executor-12] INFO  impl.SimpleStateMachineStorage (SimpleStateMachineStorage.java:loadLatestSnapshot(230)) - Latest snapshot is null in /home/runner/work/ratis/ratis/ratis-test/target/test/data/d6c3ea1c/MiniRaftClusterWithGrpcf715ded6/s3/5913e5d7-f0d0-40b3-8fb1-6d5932270d9d/sm
2025-09-08 20:28:12,308 [grpc-default-executor-0] INFO  impl.SimpleStateMachineStorage (SimpleStateMachineStorage.java:loadLatestSnapshot(230)) - Latest snapshot is null in /home/runner/work/ratis/ratis/ratis-test/target/test/data/d6c3ea1c/MiniRaftClusterWithGrpcf715ded6/s5/5913e5d7-f0d0-40b3-8fb1-6d5932270d9d/sm
2025-09-08 20:28:12,383 [s4@group-6D5932270D9D->s3-GrpcLogAppender-LogAppenderDaemon] INFO  impl.SimpleStateMachineStorage (SimpleStateMachineStorage.java:loadLatestSnapshot(230)) - Latest snapshot is null in /home/runner/work/ratis/ratis/ratis-test/target/test/data/d6c3ea1c/MiniRaftClusterWithGrpcf715ded6/s4/5913e5d7-f0d0-40b3-8fb1-6d5932270d9d/sm
2025-09-08 20:28:12,383 [s4@group-6D5932270D9D->s5-GrpcLogAppender-LogAppenderDaemon] INFO  impl.SimpleStateMachineStorage (SimpleStateMachineStorage.java:loadLatestSnapshot(230)) - Latest snapshot is null in /home/runner/work/ratis/ratis/ratis-test/target/test/data/d6c3ea1c/MiniRaftClusterWithGrpcf715ded6/s4/5913e5d7-f0d0-40b3-8fb1-6d5932270d9d/sm
2025-09-08 20:28:12,384 [grpc-default-executor-12] INFO  impl.SimpleStateMachineStorage (SimpleStateMachineStorage.java:loadLatestSnapshot(230)) - Latest snapshot is null in /home/runner/work/ratis/ratis/ratis-test/target/test/data/d6c3ea1c/MiniRaftClusterWithGrpcf715ded6/s3/5913e5d7-f0d0-40b3-8fb1-6d5932270d9d/sm
2025-09-08 20:28:12,384 [grpc-default-executor-0] INFO  impl.SimpleStateMachineStorage (SimpleStateMachineStorage.java:loadLatestSnapshot(230)) - Latest snapshot is null in /home/runner/work/ratis/ratis/ratis-test/target/test/data/d6c3ea1c/MiniRaftClusterWithGrpcf715ded6/s5/5913e5d7-f0d0-40b3-8fb1-6d5932270d9d/sm
2025-09-08 20:28:12,460 [s4@group-6D5932270D9D->s3-GrpcLogAppender-LogAppenderDaemon] INFO  impl.SimpleStateMachineStorage (SimpleStateMachineStorage.java:loadLatestSnapshot(230)) - Latest snapshot is null in /home/runner/work/ratis/ratis/ratis-test/target/test/data/d6c3ea1c/MiniRaftClusterWithGrpcf715ded6/s4/5913e5d7-f0d0-40b3-8fb1-6d5932270d9d/sm
2025-09-08 20:28:12,460 [grpc-default-executor-12] INFO  impl.SimpleStateMachineStorage (SimpleStateMachineStorage.java:loadLatestSnapshot(230)) - Latest snapshot is null in /home/runner/work/ratis/ratis/ratis-test/target/test/data/d6c3ea1c/MiniRaftClusterWithGrpcf715ded6/s3/5913e5d7-f0d0-40b3-8fb1-6d5932270d9d/sm
2025-09-08 20:28:12,461 [s4@group-6D5932270D9D->s5-GrpcLogAppender-LogAppenderDaemon] INFO  impl.SimpleStateMachineStorage (SimpleStateMachineStorage.java:loadLatestSnapshot(230)) - Latest snapshot is null in /home/runner/work/ratis/ratis/ratis-test/target/test/data/d6c3ea1c/MiniRaftClusterWithGrpcf715ded6/s4/5913e5d7-f0d0-40b3-8fb1-6d5932270d9d/sm
2025-09-08 20:28:12,461 [grpc-default-executor-12] INFO  impl.SimpleStateMachineStorage (SimpleStateMachineStorage.java:loadLatestSnapshot(230)) - Latest snapshot is null in /home/runner/work/ratis/ratis/ratis-test/target/test/data/d6c3ea1c/MiniRaftClusterWithGrpcf715ded6/s5/5913e5d7-f0d0-40b3-8fb1-6d5932270d9d/sm
2025-09-08 20:28:12,536 [s4@group-6D5932270D9D->s3-GrpcLogAppender-LogAppenderDaemon] INFO  impl.SimpleStateMachineStorage (SimpleStateMachineStorage.java:loadLatestSnapshot(230)) - Latest snapshot is null in /home/runner/work/ratis/ratis/ratis-test/target/test/data/d6c3ea1c/MiniRaftClusterWithGrpcf715ded6/s4/5913e5d7-f0d0-40b3-8fb1-6d5932270d9d/sm
2025-09-08 20:28:12,536 [grpc-default-executor-12] INFO  impl.SimpleStateMachineStorage (SimpleStateMachineStorage.java:loadLatestSnapshot(230)) - Latest snapshot is null in /home/runner/work/ratis/ratis/ratis-test/target/test/data/d6c3ea1c/MiniRaftClusterWithGrpcf715ded6/s3/5913e5d7-f0d0-40b3-8fb1-6d5932270d9d/sm
2025-09-08 20:28:12,537 [s4@group-6D5932270D9D->s5-GrpcLogAppender-LogAppenderDaemon] INFO  impl.SimpleStateMachineStorage (SimpleStateMachineStorage.java:loadLatestSnapshot(230)) - Latest snapshot is null in /home/runner/work/ratis/ratis/ratis-test/target/test/data/d6c3ea1c/MiniRaftClusterWithGrpcf715ded6/s4/5913e5d7-f0d0-40b3-8fb1-6d5932270d9d/sm
2025-09-08 20:28:12,537 [grpc-default-executor-12] INFO  impl.SimpleStateMachineStorage (SimpleStateMachineStorage.java:loadLatestSnapshot(230)) - Latest snapshot is null in /home/runner/work/ratis/ratis/ratis-test/target/test/data/d6c3ea1c/MiniRaftClusterWithGrpcf715ded6/s5/5913e5d7-f0d0-40b3-8fb1-6d5932270d9d/sm
2025-09-08 20:28:12,612 [s4@group-6D5932270D9D->s3-GrpcLogAppender-LogAppenderDaemon] INFO  impl.SimpleStateMachineStorage (SimpleStateMachineStorage.java:loadLatestSnapshot(230)) - Latest snapshot is null in /home/runner/work/ratis/ratis/ratis-test/target/test/data/d6c3ea1c/MiniRaftClusterWithGrpcf715ded6/s4/5913e5d7-f0d0-40b3-8fb1-6d5932270d9d/sm
2025-09-08 20:28:12,613 [s4@group-6D5932270D9D->s5-GrpcLogAppender-LogAppenderDaemon] INFO  impl.SimpleStateMachineStorage (SimpleStateMachineStorage.java:loadLatestSnapshot(230)) - Latest snapshot is null in /home/runner/work/ratis/ratis/ratis-test/target/test/data/d6c3ea1c/MiniRaftClusterWithGrpcf715ded6/s4/5913e5d7-f0d0-40b3-8fb1-6d5932270d9d/sm
2025-09-08 20:28:12,613 [grpc-default-executor-12] INFO  impl.SimpleStateMachineStorage (SimpleStateMachineStorage.java:loadLatestSnapshot(230)) - Latest snapshot is null in /home/runner/work/ratis/ratis/ratis-test/target/test/data/d6c3ea1c/MiniRaftClusterWithGrpcf715ded6/s3/5913e5d7-f0d0-40b3-8fb1-6d5932270d9d/sm
2025-09-08 20:28:12,613 [grpc-default-executor-0] INFO  impl.SimpleStateMachineStorage (SimpleStateMachineStorage.java:loadLatestSnapshot(230)) - Latest snapshot is null in /home/runner/work/ratis/ratis/ratis-test/target/test/data/d6c3ea1c/MiniRaftClusterWithGrpcf715ded6/s5/5913e5d7-f0d0-40b3-8fb1-6d5932270d9d/sm
2025-09-08 20:28:12,689 [s4@group-6D5932270D9D->s5-GrpcLogAppender-LogAppenderDaemon] INFO  impl.SimpleStateMachineStorage (SimpleStateMachineStorage.java:loadLatestSnapshot(230)) - Latest snapshot is null in /home/runner/work/ratis/ratis/ratis-test/target/test/data/d6c3ea1c/MiniRaftClusterWithGrpcf715ded6/s4/5913e5d7-f0d0-40b3-8fb1-6d5932270d9d/sm
2025-09-08 20:28:12,689 [s4@group-6D5932270D9D->s3-GrpcLogAppender-LogAppenderDaemon] INFO  impl.SimpleStateMachineStorage (SimpleStateMachineStorage.java:loadLatestSnapshot(230)) - Latest snapshot is null in /home/runner/work/ratis/ratis/ratis-test/target/test/data/d6c3ea1c/MiniRaftClusterWithGrpcf715ded6/s4/5913e5d7-f0d0-40b3-8fb1-6d5932270d9d/sm
2025-09-08 20:28:12,689 [grpc-default-executor-12] INFO  impl.SimpleStateMachineStorage (SimpleStateMachineStorage.java:loadLatestSnapshot(230)) - Latest snapshot is null in /home/runner/work/ratis/ratis/ratis-test/target/test/data/d6c3ea1c/MiniRaftClusterWithGrpcf715ded6/s5/5913e5d7-f0d0-40b3-8fb1-6d5932270d9d/sm
2025-09-08 20:28:12,689 [grpc-default-executor-0] INFO  impl.SimpleStateMachineStorage (SimpleStateMachineStorage.java:loadLatestSnapshot(230)) - Latest snapshot is null in /home/runner/work/ratis/ratis/ratis-test/target/test/data/d6c3ea1c/MiniRaftClusterWithGrpcf715ded6/s3/5913e5d7-f0d0-40b3-8fb1-6d5932270d9d/sm
2025-09-08 20:28:12,766 [s4@group-6D5932270D9D->s5-GrpcLogAppender-LogAppenderDaemon] INFO  impl.SimpleStateMachineStorage (SimpleStateMachineStorage.java:loadLatestSnapshot(230)) - Latest snapshot is null in /home/runner/work/ratis/ratis/ratis-test/target/test/data/d6c3ea1c/MiniRaftClusterWithGrpcf715ded6/s4/5913e5d7-f0d0-40b3-8fb1-6d5932270d9d/sm
2025-09-08 20:28:12,766 [s4@group-6D5932270D9D->s3-GrpcLogAppender-LogAppenderDaemon] INFO  impl.SimpleStateMachineStorage (SimpleStateMachineStorage.java:loadLatestSnapshot(230)) - Latest snapshot is null in /home/runner/work/ratis/ratis/ratis-test/target/test/data/d6c3ea1c/MiniRaftClusterWithGrpcf715ded6/s4/5913e5d7-f0d0-40b3-8fb1-6d5932270d9d/sm
2025-09-08 20:28:12,767 [grpc-default-executor-0] INFO  impl.SimpleStateMachineStorage (SimpleStateMachineStorage.java:loadLatestSnapshot(230)) - Latest snapshot is null in /home/runner/work/ratis/ratis/ratis-test/target/test/data/d6c3ea1c/MiniRaftClusterWithGrpcf715ded6/s5/5913e5d7-f0d0-40b3-8fb1-6d5932270d9d/sm
2025-09-08 20:28:12,767 [grpc-default-executor-12] INFO  impl.SimpleStateMachineStorage (SimpleStateMachineStorage.java:loadLatestSnapshot(230)) - Latest snapshot is null in /home/runner/work/ratis/ratis/ratis-test/target/test/data/d6c3ea1c/MiniRaftClusterWithGrpcf715ded6/s3/5913e5d7-f0d0-40b3-8fb1-6d5932270d9d/sm
2025-09-08 20:28:12,843 [s4@group-6D5932270D9D->s5-GrpcLogAppender-LogAppenderDaemon] INFO  impl.SimpleStateMachineStorage (SimpleStateMachineStorage.java:loadLatestSnapshot(230)) - Latest snapshot is null in /home/runner/work/ratis/ratis/ratis-test/target/test/data/d6c3ea1c/MiniRaftClusterWithGrpcf715ded6/s4/5913e5d7-f0d0-40b3-8fb1-6d5932270d9d/sm
2025-09-08 20:28:12,843 [s4@group-6D5932270D9D->s3-GrpcLogAppender-LogAppenderDaemon] INFO  impl.SimpleStateMachineStorage (SimpleStateMachineStorage.java:loadLatestSnapshot(230)) - Latest snapshot is null in /home/runner/work/ratis/ratis/ratis-test/target/test/data/d6c3ea1c/MiniRaftClusterWithGrpcf715ded6/s4/5913e5d7-f0d0-40b3-8fb1-6d5932270d9d/sm
2025-09-08 20:28:12,844 [grpc-default-executor-12] INFO  impl.SimpleStateMachineStorage (SimpleStateMachineStorage.java:loadLatestSnapshot(230)) - Latest snapshot is null in /home/runner/work/ratis/ratis/ratis-test/target/test/data/d6c3ea1c/MiniRaftClusterWithGrpcf715ded6/s5/5913e5d7-f0d0-40b3-8fb1-6d5932270d9d/sm
2025-09-08 20:28:12,844 [grpc-default-executor-0] INFO  impl.SimpleStateMachineStorage (SimpleStateMachineStorage.java:loadLatestSnapshot(230)) - Latest snapshot is null in /home/runner/work/ratis/ratis/ratis-test/target/test/data/d6c3ea1c/MiniRaftClusterWithGrpcf715ded6/s3/5913e5d7-f0d0-40b3-8fb1-6d5932270d9d/sm
2025-09-08 20:28:12,844 [Thread-335] WARN  grpc.GrpcUtil (GrpcUtil.java:shutdownManagedChannel(226)) - Timed out gracefully shutting down connection: ManagedChannelOrphanWrapper{delegate=ManagedChannelImpl{logId=454, target=localhost:15042}}. 
2025-09-08 20:28:12,919 [s4@group-6D5932270D9D->s5-GrpcLogAppender-LogAppenderDaemon] INFO  impl.SimpleStateMachineStorage (SimpleStateMachineStorage.java:loadLatestSnapshot(230)) - Latest snapshot is null in /home/runner/work/ratis/ratis/ratis-test/target/test/data/d6c3ea1c/MiniRaftClusterWithGrpcf715ded6/s4/5913e5d7-f0d0-40b3-8fb1-6d5932270d9d/sm
2025-09-08 20:28:12,920 [grpc-default-executor-12] INFO  impl.SimpleStateMachineStorage (SimpleStateMachineStorage.java:loadLatestSnapshot(230)) - Latest snapshot is null in /home/runner/work/ratis/ratis/ratis-test/target/test/data/d6c3ea1c/MiniRaftClusterWithGrpcf715ded6/s5/5913e5d7-f0d0-40b3-8fb1-6d5932270d9d/sm
2025-09-08 20:28:12,921 [s4@group-6D5932270D9D->s3-GrpcLogAppender-LogAppenderDaemon] INFO  impl.SimpleStateMachineStorage (SimpleStateMachineStorage.java:loadLatestSnapshot(230)) - Latest snapshot is null in /home/runner/work/ratis/ratis/ratis-test/target/test/data/d6c3ea1c/MiniRaftClusterWithGrpcf715ded6/s4/5913e5d7-f0d0-40b3-8fb1-6d5932270d9d/sm
2025-09-08 20:28:12,921 [grpc-default-executor-12] INFO  impl.SimpleStateMachineStorage (SimpleStateMachineStorage.java:loadLatestSnapshot(230)) - Latest snapshot is null in /home/runner/work/ratis/ratis/ratis-test/target/test/data/d6c3ea1c/MiniRaftClusterWithGrpcf715ded6/s3/5913e5d7-f0d0-40b3-8fb1-6d5932270d9d/sm
2025-09-08 20:28:12,996 [s4@group-6D5932270D9D->s5-GrpcLogAppender-LogAppenderDaemon] INFO  impl.SimpleStateMachineStorage (SimpleStateMachineStorage.java:loadLatestSnapshot(230)) - Latest snapshot is null in /home/runner/work/ratis/ratis/ratis-test/target/test/data/d6c3ea1c/MiniRaftClusterWithGrpcf715ded6/s4/5913e5d7-f0d0-40b3-8fb1-6d5932270d9d/sm
2025-09-08 20:28:12,996 [grpc-default-executor-12] INFO  impl.SimpleStateMachineStorage (SimpleStateMachineStorage.java:loadLatestSnapshot(230)) - Latest snapshot is null in /home/runner/work/ratis/ratis/ratis-test/target/test/data/d6c3ea1c/MiniRaftClusterWithGrpcf715ded6/s5/5913e5d7-f0d0-40b3-8fb1-6d5932270d9d/sm
2025-09-08 20:28:12,997 [s4@group-6D5932270D9D->s3-GrpcLogAppender-LogAppenderDaemon] INFO  impl.SimpleStateMachineStorage (SimpleStateMachineStorage.java:loadLatestSnapshot(230)) - Latest snapshot is null in /home/runner/work/ratis/ratis/ratis-test/target/test/data/d6c3ea1c/MiniRaftClusterWithGrpcf715ded6/s4/5913e5d7-f0d0-40b3-8fb1-6d5932270d9d/sm
2025-09-08 20:28:12,997 [grpc-default-executor-12] INFO  impl.SimpleStateMachineStorage (SimpleStateMachineStorage.java:loadLatestSnapshot(230)) - Latest snapshot is null in /home/runner/work/ratis/ratis/ratis-test/target/test/data/d6c3ea1c/MiniRaftClusterWithGrpcf715ded6/s3/5913e5d7-f0d0-40b3-8fb1-6d5932270d9d/sm
2025-09-08 20:28:13,073 [s4@group-6D5932270D9D->s5-GrpcLogAppender-LogAppenderDaemon] INFO  impl.SimpleStateMachineStorage (SimpleStateMachineStorage.java:loadLatestSnapshot(230)) - Latest snapshot is null in /home/runner/work/ratis/ratis/ratis-test/target/test/data/d6c3ea1c/MiniRaftClusterWithGrpcf715ded6/s4/5913e5d7-f0d0-40b3-8fb1-6d5932270d9d/sm
2025-09-08 20:28:13,074 [s4@group-6D5932270D9D->s3-GrpcLogAppender-LogAppenderDaemon] INFO  impl.SimpleStateMachineStorage (SimpleStateMachineStorage.java:loadLatestSnapshot(230)) - Latest snapshot is null in /home/runner/work/ratis/ratis/ratis-test/target/test/data/d6c3ea1c/MiniRaftClusterWithGrpcf715ded6/s4/5913e5d7-f0d0-40b3-8fb1-6d5932270d9d/sm
2025-09-08 20:28:13,074 [grpc-default-executor-12] INFO  impl.SimpleStateMachineStorage (SimpleStateMachineStorage.java:loadLatestSnapshot(230)) - Latest snapshot is null in /home/runner/work/ratis/ratis/ratis-test/target/test/data/d6c3ea1c/MiniRaftClusterWithGrpcf715ded6/s5/5913e5d7-f0d0-40b3-8fb1-6d5932270d9d/sm
2025-09-08 20:28:13,074 [grpc-default-executor-0] INFO  impl.SimpleStateMachineStorage (SimpleStateMachineStorage.java:loadLatestSnapshot(230)) - Latest snapshot is null in /home/runner/work/ratis/ratis/ratis-test/target/test/data/d6c3ea1c/MiniRaftClusterWithGrpcf715ded6/s3/5913e5d7-f0d0-40b3-8fb1-6d5932270d9d/sm
2025-09-08 20:28:13,150 [s4@group-6D5932270D9D->s5-GrpcLogAppender-LogAppenderDaemon] INFO  impl.SimpleStateMachineStorage (SimpleStateMachineStorage.java:loadLatestSnapshot(230)) - Latest snapshot is null in /home/runner/work/ratis/ratis/ratis-test/target/test/data/d6c3ea1c/MiniRaftClusterWithGrpcf715ded6/s4/5913e5d7-f0d0-40b3-8fb1-6d5932270d9d/sm
2025-09-08 20:28:13,150 [s4@group-6D5932270D9D->s3-GrpcLogAppender-LogAppenderDaemon] INFO  impl.SimpleStateMachineStorage (SimpleStateMachineStorage.java:loadLatestSnapshot(230)) - Latest snapshot is null in /home/runner/work/ratis/ratis/ratis-test/target/test/data/d6c3ea1c/MiniRaftClusterWithGrpcf715ded6/s4/5913e5d7-f0d0-40b3-8fb1-6d5932270d9d/sm
2025-09-08 20:28:13,150 [grpc-default-executor-0] INFO  impl.SimpleStateMachineStorage (SimpleStateMachineStorage.java:loadLatestSnapshot(230)) - Latest snapshot is null in /home/runner/work/ratis/ratis/ratis-test/target/test/data/d6c3ea1c/MiniRaftClusterWithGrpcf715ded6/s5/5913e5d7-f0d0-40b3-8fb1-6d5932270d9d/sm
2025-09-08 20:28:13,150 [grpc-default-executor-12] INFO  impl.SimpleStateMachineStorage (SimpleStateMachineStorage.java:loadLatestSnapshot(230)) - Latest snapshot is null in /home/runner/work/ratis/ratis/ratis-test/target/test/data/d6c3ea1c/MiniRaftClusterWithGrpcf715ded6/s3/5913e5d7-f0d0-40b3-8fb1-6d5932270d9d/sm
2025-09-08 20:28:13,226 [s4@group-6D5932270D9D->s5-GrpcLogAppender-LogAppenderDaemon] INFO  impl.SimpleStateMachineStorage (SimpleStateMachineStorage.java:loadLatestSnapshot(230)) - Latest snapshot is null in /home/runner/work/ratis/ratis/ratis-test/target/test/data/d6c3ea1c/MiniRaftClusterWithGrpcf715ded6/s4/5913e5d7-f0d0-40b3-8fb1-6d5932270d9d/sm
2025-09-08 20:28:13,226 [s4@group-6D5932270D9D->s3-GrpcLogAppender-LogAppenderDaemon] INFO  impl.SimpleStateMachineStorage (SimpleStateMachineStorage.java:loadLatestSnapshot(230)) - Latest snapshot is null in /home/runner/work/ratis/ratis/ratis-test/target/test/data/d6c3ea1c/MiniRaftClusterWithGrpcf715ded6/s4/5913e5d7-f0d0-40b3-8fb1-6d5932270d9d/sm
2025-09-08 20:28:13,227 [grpc-default-executor-12] INFO  impl.SimpleStateMachineStorage (SimpleStateMachineStorage.java:loadLatestSnapshot(230)) - Latest snapshot is null in /home/runner/work/ratis/ratis/ratis-test/target/test/data/d6c3ea1c/MiniRaftClusterWithGrpcf715ded6/s3/5913e5d7-f0d0-40b3-8fb1-6d5932270d9d/sm
2025-09-08 20:28:13,227 [grpc-default-executor-0] INFO  impl.SimpleStateMachineStorage (SimpleStateMachineStorage.java:loadLatestSnapshot(230)) - Latest snapshot is null in /home/runner/work/ratis/ratis/ratis-test/target/test/data/d6c3ea1c/MiniRaftClusterWithGrpcf715ded6/s5/5913e5d7-f0d0-40b3-8fb1-6d5932270d9d/sm
2025-09-08 20:28:13,303 [s4@group-6D5932270D9D->s5-GrpcLogAppender-LogAppenderDaemon] INFO  impl.SimpleStateMachineStorage (SimpleStateMachineStorage.java:loadLatestSnapshot(230)) - Latest snapshot is null in /home/runner/work/ratis/ratis/ratis-test/target/test/data/d6c3ea1c/MiniRaftClusterWithGrpcf715ded6/s4/5913e5d7-f0d0-40b3-8fb1-6d5932270d9d/sm
2025-09-08 20:28:13,303 [grpc-default-executor-0] INFO  impl.SimpleStateMachineStorage (SimpleStateMachineStorage.java:loadLatestSnapshot(230)) - Latest snapshot is null in /home/runner/work/ratis/ratis/ratis-test/target/test/data/d6c3ea1c/MiniRaftClusterWithGrpcf715ded6/s5/5913e5d7-f0d0-40b3-8fb1-6d5932270d9d/sm
2025-09-08 20:28:13,304 [s4@group-6D5932270D9D->s3-GrpcLogAppender-LogAppenderDaemon] INFO  impl.SimpleStateMachineStorage (SimpleStateMachineStorage.java:loadLatestSnapshot(230)) - Latest snapshot is null in /home/runner/work/ratis/ratis/ratis-test/target/test/data/d6c3ea1c/MiniRaftClusterWithGrpcf715ded6/s4/5913e5d7-f0d0-40b3-8fb1-6d5932270d9d/sm
2025-09-08 20:28:13,304 [grpc-default-executor-0] INFO  impl.SimpleStateMachineStorage (SimpleStateMachineStorage.java:loadLatestSnapshot(230)) - Latest snapshot is null in /home/runner/work/ratis/ratis/ratis-test/target/test/data/d6c3ea1c/MiniRaftClusterWithGrpcf715ded6/s3/5913e5d7-f0d0-40b3-8fb1-6d5932270d9d/sm
2025-09-08 20:28:13,379 [s4@group-6D5932270D9D->s5-GrpcLogAppender-LogAppenderDaemon] INFO  impl.SimpleStateMachineStorage (SimpleStateMachineStorage.java:loadLatestSnapshot(230)) - Latest snapshot is null in /home/runner/work/ratis/ratis/ratis-test/target/test/data/d6c3ea1c/MiniRaftClusterWithGrpcf715ded6/s4/5913e5d7-f0d0-40b3-8fb1-6d5932270d9d/sm
2025-09-08 20:28:13,379 [s4@group-6D5932270D9D->s3-GrpcLogAppender-LogAppenderDaemon] INFO  impl.SimpleStateMachineStorage (SimpleStateMachineStorage.java:loadLatestSnapshot(230)) - Latest snapshot is null in /home/runner/work/ratis/ratis/ratis-test/target/test/data/d6c3ea1c/MiniRaftClusterWithGrpcf715ded6/s4/5913e5d7-f0d0-40b3-8fb1-6d5932270d9d/sm
2025-09-08 20:28:13,379 [grpc-default-executor-0] INFO  impl.SimpleStateMachineStorage (SimpleStateMachineStorage.java:loadLatestSnapshot(230)) - Latest snapshot is null in /home/runner/work/ratis/ratis/ratis-test/target/test/data/d6c3ea1c/MiniRaftClusterWithGrpcf715ded6/s5/5913e5d7-f0d0-40b3-8fb1-6d5932270d9d/sm
2025-09-08 20:28:13,380 [grpc-default-executor-0] INFO  impl.SimpleStateMachineStorage (SimpleStateMachineStorage.java:loadLatestSnapshot(230)) - Latest snapshot is null in /home/runner/work/ratis/ratis/ratis-test/target/test/data/d6c3ea1c/MiniRaftClusterWithGrpcf715ded6/s3/5913e5d7-f0d0-40b3-8fb1-6d5932270d9d/sm
2025-09-08 20:28:13,456 [s4@group-6D5932270D9D->s5-GrpcLogAppender-LogAppenderDaemon] INFO  impl.SimpleStateMachineStorage (SimpleStateMachineStorage.java:loadLatestSnapshot(230)) - Latest snapshot is null in /home/runner/work/ratis/ratis/ratis-test/target/test/data/d6c3ea1c/MiniRaftClusterWithGrpcf715ded6/s4/5913e5d7-f0d0-40b3-8fb1-6d5932270d9d/sm
2025-09-08 20:28:13,456 [s4@group-6D5932270D9D->s3-GrpcLogAppender-LogAppenderDaemon] INFO  impl.SimpleStateMachineStorage (SimpleStateMachineStorage.java:loadLatestSnapshot(230)) - Latest snapshot is null in /home/runner/work/ratis/ratis/ratis-test/target/test/data/d6c3ea1c/MiniRaftClusterWithGrpcf715ded6/s4/5913e5d7-f0d0-40b3-8fb1-6d5932270d9d/sm
2025-09-08 20:28:13,457 [grpc-default-executor-0] INFO  impl.SimpleStateMachineStorage (SimpleStateMachineStorage.java:loadLatestSnapshot(230)) - Latest snapshot is null in /home/runner/work/ratis/ratis/ratis-test/target/test/data/d6c3ea1c/MiniRaftClusterWithGrpcf715ded6/s5/5913e5d7-f0d0-40b3-8fb1-6d5932270d9d/sm
2025-09-08 20:28:13,457 [grpc-default-executor-12] INFO  impl.SimpleStateMachineStorage (SimpleStateMachineStorage.java:loadLatestSnapshot(230)) - Latest snapshot is null in /home/runner/work/ratis/ratis/ratis-test/target/test/data/d6c3ea1c/MiniRaftClusterWithGrpcf715ded6/s3/5913e5d7-f0d0-40b3-8fb1-6d5932270d9d/sm
2025-09-08 20:28:13,533 [s4@group-6D5932270D9D->s5-GrpcLogAppender-LogAppenderDaemon] INFO  impl.SimpleStateMachineStorage (SimpleStateMachineStorage.java:loadLatestSnapshot(230)) - Latest snapshot is null in /home/runner/work/ratis/ratis/ratis-test/target/test/data/d6c3ea1c/MiniRaftClusterWithGrpcf715ded6/s4/5913e5d7-f0d0-40b3-8fb1-6d5932270d9d/sm
2025-09-08 20:28:13,534 [s4@group-6D5932270D9D->s3-GrpcLogAppender-LogAppenderDaemon] INFO  impl.SimpleStateMachineStorage (SimpleStateMachineStorage.java:loadLatestSnapshot(230)) - Latest snapshot is null in /home/runner/work/ratis/ratis/ratis-test/target/test/data/d6c3ea1c/MiniRaftClusterWithGrpcf715ded6/s4/5913e5d7-f0d0-40b3-8fb1-6d5932270d9d/sm
2025-09-08 20:28:13,534 [grpc-default-executor-0] INFO  impl.SimpleStateMachineStorage (SimpleStateMachineStorage.java:loadLatestSnapshot(230)) - Latest snapshot is null in /home/runner/work/ratis/ratis/ratis-test/target/test/data/d6c3ea1c/MiniRaftClusterWithGrpcf715ded6/s5/5913e5d7-f0d0-40b3-8fb1-6d5932270d9d/sm
2025-09-08 20:28:13,534 [grpc-default-executor-12] INFO  impl.SimpleStateMachineStorage (SimpleStateMachineStorage.java:loadLatestSnapshot(230)) - Latest snapshot is null in /home/runner/work/ratis/ratis/ratis-test/target/test/data/d6c3ea1c/MiniRaftClusterWithGrpcf715ded6/s3/5913e5d7-f0d0-40b3-8fb1-6d5932270d9d/sm
2025-09-08 20:28:13,610 [s4@group-6D5932270D9D->s5-GrpcLogAppender-LogAppenderDaemon] INFO  impl.SimpleStateMachineStorage (SimpleStateMachineStorage.java:loadLatestSnapshot(230)) - Latest snapshot is null in /home/runner/work/ratis/ratis/ratis-test/target/test/data/d6c3ea1c/MiniRaftClusterWithGrpcf715ded6/s4/5913e5d7-f0d0-40b3-8fb1-6d5932270d9d/sm
2025-09-08 20:28:13,611 [s4@group-6D5932270D9D->s3-GrpcLogAppender-LogAppenderDaemon] INFO  impl.SimpleStateMachineStorage (SimpleStateMachineStorage.java:loadLatestSnapshot(230)) - Latest snapshot is null in /home/runner/work/ratis/ratis/ratis-test/target/test/data/d6c3ea1c/MiniRaftClusterWithGrpcf715ded6/s4/5913e5d7-f0d0-40b3-8fb1-6d5932270d9d/sm
2025-09-08 20:28:13,611 [grpc-default-executor-12] INFO  impl.SimpleStateMachineStorage (SimpleStateMachineStorage.java:loadLatestSnapshot(230)) - Latest snapshot is null in /home/runner/work/ratis/ratis/ratis-test/target/test/data/d6c3ea1c/MiniRaftClusterWithGrpcf715ded6/s5/5913e5d7-f0d0-40b3-8fb1-6d5932270d9d/sm
2025-09-08 20:28:13,611 [grpc-default-executor-0] INFO  impl.SimpleStateMachineStorage (SimpleStateMachineStorage.java:loadLatestSnapshot(230)) - Latest snapshot is null in /home/runner/work/ratis/ratis/ratis-test/target/test/data/d6c3ea1c/MiniRaftClusterWithGrpcf715ded6/s3/5913e5d7-f0d0-40b3-8fb1-6d5932270d9d/sm
2025-09-08 20:28:13,687 [s4@group-6D5932270D9D->s3-GrpcLogAppender-LogAppenderDaemon] INFO  impl.SimpleStateMachineStorage (SimpleStateMachineStorage.java:loadLatestSnapshot(230)) - Latest snapshot is null in /home/runner/work/ratis/ratis/ratis-test/target/test/data/d6c3ea1c/MiniRaftClusterWithGrpcf715ded6/s4/5913e5d7-f0d0-40b3-8fb1-6d5932270d9d/sm
2025-09-08 20:28:13,687 [grpc-default-executor-0] INFO  impl.SimpleStateMachineStorage (SimpleStateMachineStorage.java:loadLatestSnapshot(230)) - Latest snapshot is null in /home/runner/work/ratis/ratis/ratis-test/target/test/data/d6c3ea1c/MiniRaftClusterWithGrpcf715ded6/s3/5913e5d7-f0d0-40b3-8fb1-6d5932270d9d/sm
2025-09-08 20:28:13,688 [s4@group-6D5932270D9D->s5-GrpcLogAppender-LogAppenderDaemon] INFO  impl.SimpleStateMachineStorage (SimpleStateMachineStorage.java:loadLatestSnapshot(230)) - Latest snapshot is null in /home/runner/work/ratis/ratis/ratis-test/target/test/data/d6c3ea1c/MiniRaftClusterWithGrpcf715ded6/s4/5913e5d7-f0d0-40b3-8fb1-6d5932270d9d/sm
2025-09-08 20:28:13,688 [grpc-default-executor-0] INFO  impl.SimpleStateMachineStorage (SimpleStateMachineStorage.java:loadLatestSnapshot(230)) - Latest snapshot is null in /home/runner/work/ratis/ratis/ratis-test/target/test/data/d6c3ea1c/MiniRaftClusterWithGrpcf715ded6/s5/5913e5d7-f0d0-40b3-8fb1-6d5932270d9d/sm
2025-09-08 20:28:13,763 [s4@group-6D5932270D9D->s3-GrpcLogAppender-LogAppenderDaemon] INFO  impl.SimpleStateMachineStorage (SimpleStateMachineStorage.java:loadLatestSnapshot(230)) - Latest snapshot is null in /home/runner/work/ratis/ratis/ratis-test/target/test/data/d6c3ea1c/MiniRaftClusterWithGrpcf715ded6/s4/5913e5d7-f0d0-40b3-8fb1-6d5932270d9d/sm
2025-09-08 20:28:13,763 [grpc-default-executor-0] INFO  impl.SimpleStateMachineStorage (SimpleStateMachineStorage.java:loadLatestSnapshot(230)) - Latest snapshot is null in /home/runner/work/ratis/ratis/ratis-test/target/test/data/d6c3ea1c/MiniRaftClusterWithGrpcf715ded6/s3/5913e5d7-f0d0-40b3-8fb1-6d5932270d9d/sm
2025-09-08 20:28:13,764 [s4@group-6D5932270D9D->s5-GrpcLogAppender-LogAppenderDaemon] INFO  impl.SimpleStateMachineStorage (SimpleStateMachineStorage.java:loadLatestSnapshot(230)) - Latest snapshot is null in /home/runner/work/ratis/ratis/ratis-test/target/test/data/d6c3ea1c/MiniRaftClusterWithGrpcf715ded6/s4/5913e5d7-f0d0-40b3-8fb1-6d5932270d9d/sm
2025-09-08 20:28:13,765 [grpc-default-executor-0] INFO  impl.SimpleStateMachineStorage (SimpleStateMachineStorage.java:loadLatestSnapshot(230)) - Latest snapshot is null in /home/runner/work/ratis/ratis/ratis-test/target/test/data/d6c3ea1c/MiniRaftClusterWithGrpcf715ded6/s5/5913e5d7-f0d0-40b3-8fb1-6d5932270d9d/sm
2025-09-08 20:28:13,839 [s4@group-6D5932270D9D->s3-GrpcLogAppender-LogAppenderDaemon] INFO  impl.SimpleStateMachineStorage (SimpleStateMachineStorage.java:loadLatestSnapshot(230)) - Latest snapshot is null in /home/runner/work/ratis/ratis/ratis-test/target/test/data/d6c3ea1c/MiniRaftClusterWithGrpcf715ded6/s4/5913e5d7-f0d0-40b3-8fb1-6d5932270d9d/sm
2025-09-08 20:28:13,840 [grpc-default-executor-0] INFO  impl.SimpleStateMachineStorage (SimpleStateMachineStorage.java:loadLatestSnapshot(230)) - Latest snapshot is null in /home/runner/work/ratis/ratis/ratis-test/target/test/data/d6c3ea1c/MiniRaftClusterWithGrpcf715ded6/s3/5913e5d7-f0d0-40b3-8fb1-6d5932270d9d/sm
2025-09-08 20:28:13,840 [s4@group-6D5932270D9D->s5-GrpcLogAppender-LogAppenderDaemon] INFO  impl.SimpleStateMachineStorage (SimpleStateMachineStorage.java:loadLatestSnapshot(230)) - Latest snapshot is null in /home/runner/work/ratis/ratis/ratis-test/target/test/data/d6c3ea1c/MiniRaftClusterWithGrpcf715ded6/s4/5913e5d7-f0d0-40b3-8fb1-6d5932270d9d/sm
2025-09-08 20:28:13,841 [grpc-default-executor-0] INFO  impl.SimpleStateMachineStorage (SimpleStateMachineStorage.java:loadLatestSnapshot(230)) - Latest snapshot is null in /home/runner/work/ratis/ratis/ratis-test/target/test/data/d6c3ea1c/MiniRaftClusterWithGrpcf715ded6/s5/5913e5d7-f0d0-40b3-8fb1-6d5932270d9d/sm
2025-09-08 20:28:13,916 [s4@group-6D5932270D9D->s5-GrpcLogAppender-LogAppenderDaemon] INFO  impl.SimpleStateMachineStorage (SimpleStateMachineStorage.java:loadLatestSnapshot(230)) - Latest snapshot is null in /home/runner/work/ratis/ratis/ratis-test/target/test/data/d6c3ea1c/MiniRaftClusterWithGrpcf715ded6/s4/5913e5d7-f0d0-40b3-8fb1-6d5932270d9d/sm
2025-09-08 20:28:13,916 [s4@group-6D5932270D9D->s3-GrpcLogAppender-LogAppenderDaemon] INFO  impl.SimpleStateMachineStorage (SimpleStateMachineStorage.java:loadLatestSnapshot(230)) - Latest snapshot is null in /home/runner/work/ratis/ratis/ratis-test/target/test/data/d6c3ea1c/MiniRaftClusterWithGrpcf715ded6/s4/5913e5d7-f0d0-40b3-8fb1-6d5932270d9d/sm
2025-09-08 20:28:13,917 [grpc-default-executor-0] INFO  impl.SimpleStateMachineStorage (SimpleStateMachineStorage.java:loadLatestSnapshot(230)) - Latest snapshot is null in /home/runner/work/ratis/ratis/ratis-test/target/test/data/d6c3ea1c/MiniRaftClusterWithGrpcf715ded6/s5/5913e5d7-f0d0-40b3-8fb1-6d5932270d9d/sm
2025-09-08 20:28:13,917 [grpc-default-executor-12] INFO  impl.SimpleStateMachineStorage (SimpleStateMachineStorage.java:loadLatestSnapshot(230)) - Latest snapshot is null in /home/runner/work/ratis/ratis/ratis-test/target/test/data/d6c3ea1c/MiniRaftClusterWithGrpcf715ded6/s3/5913e5d7-f0d0-40b3-8fb1-6d5932270d9d/sm
2025-09-08 20:28:13,994 [s4@group-6D5932270D9D->s5-GrpcLogAppender-LogAppenderDaemon] INFO  impl.SimpleStateMachineStorage (SimpleStateMachineStorage.java:loadLatestSnapshot(230)) - Latest snapshot is null in /home/runner/work/ratis/ratis/ratis-test/target/test/data/d6c3ea1c/MiniRaftClusterWithGrpcf715ded6/s4/5913e5d7-f0d0-40b3-8fb1-6d5932270d9d/sm
2025-09-08 20:28:13,994 [s4@group-6D5932270D9D->s3-GrpcLogAppender-LogAppenderDaemon] INFO  impl.SimpleStateMachineStorage (SimpleStateMachineStorage.java:loadLatestSnapshot(230)) - Latest snapshot is null in /home/runner/work/ratis/ratis/ratis-test/target/test/data/d6c3ea1c/MiniRaftClusterWithGrpcf715ded6/s4/5913e5d7-f0d0-40b3-8fb1-6d5932270d9d/sm
2025-09-08 20:28:13,994 [grpc-default-executor-12] INFO  impl.SimpleStateMachineStorage (SimpleStateMachineStorage.java:loadLatestSnapshot(230)) - Latest snapshot is null in /home/runner/work/ratis/ratis/ratis-test/target/test/data/d6c3ea1c/MiniRaftClusterWithGrpcf715ded6/s5/5913e5d7-f0d0-40b3-8fb1-6d5932270d9d/sm
2025-09-08 20:28:13,994 [grpc-default-executor-0] INFO  impl.SimpleStateMachineStorage (SimpleStateMachineStorage.java:loadLatestSnapshot(230)) - Latest snapshot is null in /home/runner/work/ratis/ratis/ratis-test/target/test/data/d6c3ea1c/MiniRaftClusterWithGrpcf715ded6/s3/5913e5d7-f0d0-40b3-8fb1-6d5932270d9d/sm
2025-09-08 20:28:14,070 [s4@group-6D5932270D9D->s3-GrpcLogAppender-LogAppenderDaemon] INFO  impl.SimpleStateMachineStorage (SimpleStateMachineStorage.java:loadLatestSnapshot(230)) - Latest snapshot is null in /home/runner/work/ratis/ratis/ratis-test/target/test/data/d6c3ea1c/MiniRaftClusterWithGrpcf715ded6/s4/5913e5d7-f0d0-40b3-8fb1-6d5932270d9d/sm
2025-09-08 20:28:14,070 [s4@group-6D5932270D9D->s5-GrpcLogAppender-LogAppenderDaemon] INFO  impl.SimpleStateMachineStorage (SimpleStateMachineStorage.java:loadLatestSnapshot(230)) - Latest snapshot is null in /home/runner/work/ratis/ratis/ratis-test/target/test/data/d6c3ea1c/MiniRaftClusterWithGrpcf715ded6/s4/5913e5d7-f0d0-40b3-8fb1-6d5932270d9d/sm
2025-09-08 20:28:14,071 [grpc-default-executor-0] INFO  impl.SimpleStateMachineStorage (SimpleStateMachineStorage.java:loadLatestSnapshot(230)) - Latest snapshot is null in /home/runner/work/ratis/ratis/ratis-test/target/test/data/d6c3ea1c/MiniRaftClusterWithGrpcf715ded6/s5/5913e5d7-f0d0-40b3-8fb1-6d5932270d9d/sm
2025-09-08 20:28:14,071 [grpc-default-executor-12] INFO  impl.SimpleStateMachineStorage (SimpleStateMachineStorage.java:loadLatestSnapshot(230)) - Latest snapshot is null in /home/runner/work/ratis/ratis/ratis-test/target/test/data/d6c3ea1c/MiniRaftClusterWithGrpcf715ded6/s3/5913e5d7-f0d0-40b3-8fb1-6d5932270d9d/sm
2025-09-08 20:28:14,147 [s4@group-6D5932270D9D->s5-GrpcLogAppender-LogAppenderDaemon] INFO  impl.SimpleStateMachineStorage (SimpleStateMachineStorage.java:loadLatestSnapshot(230)) - Latest snapshot is null in /home/runner/work/ratis/ratis/ratis-test/target/test/data/d6c3ea1c/MiniRaftClusterWithGrpcf715ded6/s4/5913e5d7-f0d0-40b3-8fb1-6d5932270d9d/sm
2025-09-08 20:28:14,148 [grpc-default-executor-12] INFO  impl.SimpleStateMachineStorage (SimpleStateMachineStorage.java:loadLatestSnapshot(230)) - Latest snapshot is null in /home/runner/work/ratis/ratis/ratis-test/target/test/data/d6c3ea1c/MiniRaftClusterWithGrpcf715ded6/s5/5913e5d7-f0d0-40b3-8fb1-6d5932270d9d/sm
2025-09-08 20:28:14,148 [s4@group-6D5932270D9D->s3-GrpcLogAppender-LogAppenderDaemon] INFO  impl.SimpleStateMachineStorage (SimpleStateMachineStorage.java:loadLatestSnapshot(230)) - Latest snapshot is null in /home/runner/work/ratis/ratis/ratis-test/target/test/data/d6c3ea1c/MiniRaftClusterWithGrpcf715ded6/s4/5913e5d7-f0d0-40b3-8fb1-6d5932270d9d/sm
2025-09-08 20:28:14,149 [grpc-default-executor-0] INFO  impl.SimpleStateMachineStorage (SimpleStateMachineStorage.java:loadLatestSnapshot(230)) - Latest snapshot is null in /home/runner/work/ratis/ratis/ratis-test/target/test/data/d6c3ea1c/MiniRaftClusterWithGrpcf715ded6/s3/5913e5d7-f0d0-40b3-8fb1-6d5932270d9d/sm
2025-09-08 20:28:14,224 [s4@group-6D5932270D9D->s5-GrpcLogAppender-LogAppenderDaemon] INFO  impl.SimpleStateMachineStorage (SimpleStateMachineStorage.java:loadLatestSnapshot(230)) - Latest snapshot is null in /home/runner/work/ratis/ratis/ratis-test/target/test/data/d6c3ea1c/MiniRaftClusterWithGrpcf715ded6/s4/5913e5d7-f0d0-40b3-8fb1-6d5932270d9d/sm
2025-09-08 20:28:14,224 [grpc-default-executor-0] INFO  impl.SimpleStateMachineStorage (SimpleStateMachineStorage.java:loadLatestSnapshot(230)) - Latest snapshot is null in /home/runner/work/ratis/ratis/ratis-test/target/test/data/d6c3ea1c/MiniRaftClusterWithGrpcf715ded6/s5/5913e5d7-f0d0-40b3-8fb1-6d5932270d9d/sm
2025-09-08 20:28:14,225 [s4@group-6D5932270D9D->s3-GrpcLogAppender-LogAppenderDaemon] INFO  impl.SimpleStateMachineStorage (SimpleStateMachineStorage.java:loadLatestSnapshot(230)) - Latest snapshot is null in /home/runner/work/ratis/ratis/ratis-test/target/test/data/d6c3ea1c/MiniRaftClusterWithGrpcf715ded6/s4/5913e5d7-f0d0-40b3-8fb1-6d5932270d9d/sm
2025-09-08 20:28:14,226 [grpc-default-executor-0] INFO  impl.SimpleStateMachineStorage (SimpleStateMachineStorage.java:loadLatestSnapshot(230)) - Latest snapshot is null in /home/runner/work/ratis/ratis/ratis-test/target/test/data/d6c3ea1c/MiniRaftClusterWithGrpcf715ded6/s3/5913e5d7-f0d0-40b3-8fb1-6d5932270d9d/sm
2025-09-08 20:28:14,301 [s4@group-6D5932270D9D->s5-GrpcLogAppender-LogAppenderDaemon] INFO  impl.SimpleStateMachineStorage (SimpleStateMachineStorage.java:loadLatestSnapshot(230)) - Latest snapshot is null in /home/runner/work/ratis/ratis/ratis-test/target/test/data/d6c3ea1c/MiniRaftClusterWithGrpcf715ded6/s4/5913e5d7-f0d0-40b3-8fb1-6d5932270d9d/sm
2025-09-08 20:28:14,301 [s4@group-6D5932270D9D->s3-GrpcLogAppender-LogAppenderDaemon] INFO  impl.SimpleStateMachineStorage (SimpleStateMachineStorage.java:loadLatestSnapshot(230)) - Latest snapshot is null in /home/runner/work/ratis/ratis/ratis-test/target/test/data/d6c3ea1c/MiniRaftClusterWithGrpcf715ded6/s4/5913e5d7-f0d0-40b3-8fb1-6d5932270d9d/sm
2025-09-08 20:28:14,302 [grpc-default-executor-0] INFO  impl.SimpleStateMachineStorage (SimpleStateMachineStorage.java:loadLatestSnapshot(230)) - Latest snapshot is null in /home/runner/work/ratis/ratis/ratis-test/target/test/data/d6c3ea1c/MiniRaftClusterWithGrpcf715ded6/s5/5913e5d7-f0d0-40b3-8fb1-6d5932270d9d/sm
2025-09-08 20:28:14,302 [grpc-default-executor-12] INFO  impl.SimpleStateMachineStorage (SimpleStateMachineStorage.java:loadLatestSnapshot(230)) - Latest snapshot is null in /home/runner/work/ratis/ratis/ratis-test/target/test/data/d6c3ea1c/MiniRaftClusterWithGrpcf715ded6/s3/5913e5d7-f0d0-40b3-8fb1-6d5932270d9d/sm
2025-09-08 20:28:14,377 [s4@group-6D5932270D9D->s5-GrpcLogAppender-LogAppenderDaemon] INFO  impl.SimpleStateMachineStorage (SimpleStateMachineStorage.java:loadLatestSnapshot(230)) - Latest snapshot is null in /home/runner/work/ratis/ratis/ratis-test/target/test/data/d6c3ea1c/MiniRaftClusterWithGrpcf715ded6/s4/5913e5d7-f0d0-40b3-8fb1-6d5932270d9d/sm
2025-09-08 20:28:14,378 [grpc-default-executor-12] INFO  impl.SimpleStateMachineStorage (SimpleStateMachineStorage.java:loadLatestSnapshot(230)) - Latest snapshot is null in /home/runner/work/ratis/ratis/ratis-test/target/test/data/d6c3ea1c/MiniRaftClusterWithGrpcf715ded6/s5/5913e5d7-f0d0-40b3-8fb1-6d5932270d9d/sm
2025-09-08 20:28:14,378 [s4@group-6D5932270D9D->s3-GrpcLogAppender-LogAppenderDaemon] INFO  impl.SimpleStateMachineStorage (SimpleStateMachineStorage.java:loadLatestSnapshot(230)) - Latest snapshot is null in /home/runner/work/ratis/ratis/ratis-test/target/test/data/d6c3ea1c/MiniRaftClusterWithGrpcf715ded6/s4/5913e5d7-f0d0-40b3-8fb1-6d5932270d9d/sm
2025-09-08 20:28:14,379 [grpc-default-executor-0] INFO  impl.SimpleStateMachineStorage (SimpleStateMachineStorage.java:loadLatestSnapshot(230)) - Latest snapshot is null in /home/runner/work/ratis/ratis/ratis-test/target/test/data/d6c3ea1c/MiniRaftClusterWithGrpcf715ded6/s3/5913e5d7-f0d0-40b3-8fb1-6d5932270d9d/sm
2025-09-08 20:28:14,454 [s4@group-6D5932270D9D->s3-GrpcLogAppender-LogAppenderDaemon] INFO  impl.SimpleStateMachineStorage (SimpleStateMachineStorage.java:loadLatestSnapshot(230)) - Latest snapshot is null in /home/runner/work/ratis/ratis/ratis-test/target/test/data/d6c3ea1c/MiniRaftClusterWithGrpcf715ded6/s4/5913e5d7-f0d0-40b3-8fb1-6d5932270d9d/sm
2025-09-08 20:28:14,455 [grpc-default-executor-0] INFO  impl.SimpleStateMachineStorage (SimpleStateMachineStorage.java:loadLatestSnapshot(230)) - Latest snapshot is null in /home/runner/work/ratis/ratis/ratis-test/target/test/data/d6c3ea1c/MiniRaftClusterWithGrpcf715ded6/s3/5913e5d7-f0d0-40b3-8fb1-6d5932270d9d/sm
2025-09-08 20:28:14,455 [s4@group-6D5932270D9D->s5-GrpcLogAppender-LogAppenderDaemon] INFO  impl.SimpleStateMachineStorage (SimpleStateMachineStorage.java:loadLatestSnapshot(230)) - Latest snapshot is null in /home/runner/work/ratis/ratis/ratis-test/target/test/data/d6c3ea1c/MiniRaftClusterWithGrpcf715ded6/s4/5913e5d7-f0d0-40b3-8fb1-6d5932270d9d/sm
2025-09-08 20:28:14,455 [grpc-default-executor-0] INFO  impl.SimpleStateMachineStorage (SimpleStateMachineStorage.java:loadLatestSnapshot(230)) - Latest snapshot is null in /home/runner/work/ratis/ratis/ratis-test/target/test/data/d6c3ea1c/MiniRaftClusterWithGrpcf715ded6/s5/5913e5d7-f0d0-40b3-8fb1-6d5932270d9d/sm
2025-09-08 20:28:14,531 [s4@group-6D5932270D9D->s3-GrpcLogAppender-LogAppenderDaemon] INFO  impl.SimpleStateMachineStorage (SimpleStateMachineStorage.java:loadLatestSnapshot(230)) - Latest snapshot is null in /home/runner/work/ratis/ratis/ratis-test/target/test/data/d6c3ea1c/MiniRaftClusterWithGrpcf715ded6/s4/5913e5d7-f0d0-40b3-8fb1-6d5932270d9d/sm
2025-09-08 20:28:14,531 [grpc-default-executor-0] INFO  impl.SimpleStateMachineStorage (SimpleStateMachineStorage.java:loadLatestSnapshot(230)) - Latest snapshot is null in /home/runner/work/ratis/ratis/ratis-test/target/test/data/d6c3ea1c/MiniRaftClusterWithGrpcf715ded6/s3/5913e5d7-f0d0-40b3-8fb1-6d5932270d9d/sm
2025-09-08 20:28:14,532 [s4@group-6D5932270D9D->s5-GrpcLogAppender-LogAppenderDaemon] INFO  impl.SimpleStateMachineStorage (SimpleStateMachineStorage.java:loadLatestSnapshot(230)) - Latest snapshot is null in /home/runner/work/ratis/ratis/ratis-test/target/test/data/d6c3ea1c/MiniRaftClusterWithGrpcf715ded6/s4/5913e5d7-f0d0-40b3-8fb1-6d5932270d9d/sm
2025-09-08 20:28:14,532 [grpc-default-executor-0] INFO  impl.SimpleStateMachineStorage (SimpleStateMachineStorage.java:loadLatestSnapshot(230)) - Latest snapshot is null in /home/runner/work/ratis/ratis/ratis-test/target/test/data/d6c3ea1c/MiniRaftClusterWithGrpcf715ded6/s5/5913e5d7-f0d0-40b3-8fb1-6d5932270d9d/sm
2025-09-08 20:28:14,607 [s4@group-6D5932270D9D->s3-GrpcLogAppender-LogAppenderDaemon] INFO  impl.SimpleStateMachineStorage (SimpleStateMachineStorage.java:loadLatestSnapshot(230)) - Latest snapshot is null in /home/runner/work/ratis/ratis/ratis-test/target/test/data/d6c3ea1c/MiniRaftClusterWithGrpcf715ded6/s4/5913e5d7-f0d0-40b3-8fb1-6d5932270d9d/sm
2025-09-08 20:28:14,607 [grpc-default-executor-0] INFO  impl.SimpleStateMachineStorage (SimpleStateMachineStorage.java:loadLatestSnapshot(230)) - Latest snapshot is null in /home/runner/work/ratis/ratis/ratis-test/target/test/data/d6c3ea1c/MiniRaftClusterWithGrpcf715ded6/s3/5913e5d7-f0d0-40b3-8fb1-6d5932270d9d/sm
2025-09-08 20:28:14,608 [s4@group-6D5932270D9D->s5-GrpcLogAppender-LogAppenderDaemon] INFO  impl.SimpleStateMachineStorage (SimpleStateMachineStorage.java:loadLatestSnapshot(230)) - Latest snapshot is null in /home/runner/work/ratis/ratis/ratis-test/target/test/data/d6c3ea1c/MiniRaftClusterWithGrpcf715ded6/s4/5913e5d7-f0d0-40b3-8fb1-6d5932270d9d/sm
2025-09-08 20:28:14,608 [grpc-default-executor-0] INFO  impl.SimpleStateMachineStorage (SimpleStateMachineStorage.java:loadLatestSnapshot(230)) - Latest snapshot is null in /home/runner/work/ratis/ratis/ratis-test/target/test/data/d6c3ea1c/MiniRaftClusterWithGrpcf715ded6/s5/5913e5d7-f0d0-40b3-8fb1-6d5932270d9d/sm
2025-09-08 20:28:14,683 [s4@group-6D5932270D9D->s3-GrpcLogAppender-LogAppenderDaemon] INFO  impl.SimpleStateMachineStorage (SimpleStateMachineStorage.java:loadLatestSnapshot(230)) - Latest snapshot is null in /home/runner/work/ratis/ratis/ratis-test/target/test/data/d6c3ea1c/MiniRaftClusterWithGrpcf715ded6/s4/5913e5d7-f0d0-40b3-8fb1-6d5932270d9d/sm
2025-09-08 20:28:14,684 [grpc-default-executor-0] INFO  impl.SimpleStateMachineStorage (SimpleStateMachineStorage.java:loadLatestSnapshot(230)) - Latest snapshot is null in /home/runner/work/ratis/ratis/ratis-test/target/test/data/d6c3ea1c/MiniRaftClusterWithGrpcf715ded6/s3/5913e5d7-f0d0-40b3-8fb1-6d5932270d9d/sm
2025-09-08 20:28:14,685 [s4@group-6D5932270D9D->s5-GrpcLogAppender-LogAppenderDaemon] INFO  impl.SimpleStateMachineStorage (SimpleStateMachineStorage.java:loadLatestSnapshot(230)) - Latest snapshot is null in /home/runner/work/ratis/ratis/ratis-test/target/test/data/d6c3ea1c/MiniRaftClusterWithGrpcf715ded6/s4/5913e5d7-f0d0-40b3-8fb1-6d5932270d9d/sm
2025-09-08 20:28:14,685 [grpc-default-executor-0] INFO  impl.SimpleStateMachineStorage (SimpleStateMachineStorage.java:loadLatestSnapshot(230)) - Latest snapshot is null in /home/runner/work/ratis/ratis/ratis-test/target/test/data/d6c3ea1c/MiniRaftClusterWithGrpcf715ded6/s5/5913e5d7-f0d0-40b3-8fb1-6d5932270d9d/sm
2025-09-08 20:28:14,760 [s4@group-6D5932270D9D->s3-GrpcLogAppender-LogAppenderDaemon] INFO  impl.SimpleStateMachineStorage (SimpleStateMachineStorage.java:loadLatestSnapshot(230)) - Latest snapshot is null in /home/runner/work/ratis/ratis/ratis-test/target/test/data/d6c3ea1c/MiniRaftClusterWithGrpcf715ded6/s4/5913e5d7-f0d0-40b3-8fb1-6d5932270d9d/sm
2025-09-08 20:28:14,761 [grpc-default-executor-0] INFO  impl.SimpleStateMachineStorage (SimpleStateMachineStorage.java:loadLatestSnapshot(230)) - Latest snapshot is null in /home/runner/work/ratis/ratis/ratis-test/target/test/data/d6c3ea1c/MiniRaftClusterWithGrpcf715ded6/s3/5913e5d7-f0d0-40b3-8fb1-6d5932270d9d/sm
2025-09-08 20:28:14,761 [s4@group-6D5932270D9D->s5-GrpcLogAppender-LogAppenderDaemon] INFO  impl.SimpleStateMachineStorage (SimpleStateMachineStorage.java:loadLatestSnapshot(230)) - Latest snapshot is null in /home/runner/work/ratis/ratis/ratis-test/target/test/data/d6c3ea1c/MiniRaftClusterWithGrpcf715ded6/s4/5913e5d7-f0d0-40b3-8fb1-6d5932270d9d/sm
2025-09-08 20:28:14,761 [grpc-default-executor-0] INFO  impl.SimpleStateMachineStorage (SimpleStateMachineStorage.java:loadLatestSnapshot(230)) - Latest snapshot is null in /home/runner/work/ratis/ratis/ratis-test/target/test/data/d6c3ea1c/MiniRaftClusterWithGrpcf715ded6/s5/5913e5d7-f0d0-40b3-8fb1-6d5932270d9d/sm
2025-09-08 20:28:14,837 [s4@group-6D5932270D9D->s3-GrpcLogAppender-LogAppenderDaemon] INFO  impl.SimpleStateMachineStorage (SimpleStateMachineStorage.java:loadLatestSnapshot(230)) - Latest snapshot is null in /home/runner/work/ratis/ratis/ratis-test/target/test/data/d6c3ea1c/MiniRaftClusterWithGrpcf715ded6/s4/5913e5d7-f0d0-40b3-8fb1-6d5932270d9d/sm
2025-09-08 20:28:14,838 [s4@group-6D5932270D9D->s5-GrpcLogAppender-LogAppenderDaemon] INFO  impl.SimpleStateMachineStorage (SimpleStateMachineStorage.java:loadLatestSnapshot(230)) - Latest snapshot is null in /home/runner/work/ratis/ratis/ratis-test/target/test/data/d6c3ea1c/MiniRaftClusterWithGrpcf715ded6/s4/5913e5d7-f0d0-40b3-8fb1-6d5932270d9d/sm
2025-09-08 20:28:14,838 [grpc-default-executor-0] INFO  impl.SimpleStateMachineStorage (SimpleStateMachineStorage.java:loadLatestSnapshot(230)) - Latest snapshot is null in /home/runner/work/ratis/ratis/ratis-test/target/test/data/d6c3ea1c/MiniRaftClusterWithGrpcf715ded6/s3/5913e5d7-f0d0-40b3-8fb1-6d5932270d9d/sm
2025-09-08 20:28:14,838 [grpc-default-executor-0] INFO  impl.SimpleStateMachineStorage (SimpleStateMachineStorage.java:loadLatestSnapshot(230)) - Latest snapshot is null in /home/runner/work/ratis/ratis/ratis-test/target/test/data/d6c3ea1c/MiniRaftClusterWithGrpcf715ded6/s5/5913e5d7-f0d0-40b3-8fb1-6d5932270d9d/sm
2025-09-08 20:28:14,915 [s4@group-6D5932270D9D->s3-GrpcLogAppender-LogAppenderDaemon] INFO  impl.SimpleStateMachineStorage (SimpleStateMachineStorage.java:loadLatestSnapshot(230)) - Latest snapshot is null in /home/runner/work/ratis/ratis/ratis-test/target/test/data/d6c3ea1c/MiniRaftClusterWithGrpcf715ded6/s4/5913e5d7-f0d0-40b3-8fb1-6d5932270d9d/sm
2025-09-08 20:28:14,915 [s4@group-6D5932270D9D->s5-GrpcLogAppender-LogAppenderDaemon] INFO  impl.SimpleStateMachineStorage (SimpleStateMachineStorage.java:loadLatestSnapshot(230)) - Latest snapshot is null in /home/runner/work/ratis/ratis/ratis-test/target/test/data/d6c3ea1c/MiniRaftClusterWithGrpcf715ded6/s4/5913e5d7-f0d0-40b3-8fb1-6d5932270d9d/sm
2025-09-08 20:28:14,916 [grpc-default-executor-12] INFO  impl.SimpleStateMachineStorage (SimpleStateMachineStorage.java:loadLatestSnapshot(230)) - Latest snapshot is null in /home/runner/work/ratis/ratis/ratis-test/target/test/data/d6c3ea1c/MiniRaftClusterWithGrpcf715ded6/s5/5913e5d7-f0d0-40b3-8fb1-6d5932270d9d/sm
2025-09-08 20:28:14,916 [grpc-default-executor-12] INFO  impl.SimpleStateMachineStorage (SimpleStateMachineStorage.java:loadLatestSnapshot(230)) - Latest snapshot is null in /home/runner/work/ratis/ratis/ratis-test/target/test/data/d6c3ea1c/MiniRaftClusterWithGrpcf715ded6/s3/5913e5d7-f0d0-40b3-8fb1-6d5932270d9d/sm
2025-09-08 20:28:14,992 [s4@group-6D5932270D9D->s5-GrpcLogAppender-LogAppenderDaemon] INFO  impl.SimpleStateMachineStorage (SimpleStateMachineStorage.java:loadLatestSnapshot(230)) - Latest snapshot is null in /home/runner/work/ratis/ratis/ratis-test/target/test/data/d6c3ea1c/MiniRaftClusterWithGrpcf715ded6/s4/5913e5d7-f0d0-40b3-8fb1-6d5932270d9d/sm
2025-09-08 20:28:14,993 [s4@group-6D5932270D9D->s3-GrpcLogAppender-LogAppenderDaemon] INFO  impl.SimpleStateMachineStorage (SimpleStateMachineStorage.java:loadLatestSnapshot(230)) - Latest snapshot is null in /home/runner/work/ratis/ratis/ratis-test/target/test/data/d6c3ea1c/MiniRaftClusterWithGrpcf715ded6/s4/5913e5d7-f0d0-40b3-8fb1-6d5932270d9d/sm
2025-09-08 20:28:14,993 [grpc-default-executor-12] INFO  impl.SimpleStateMachineStorage (SimpleStateMachineStorage.java:loadLatestSnapshot(230)) - Latest snapshot is null in /home/runner/work/ratis/ratis/ratis-test/target/test/data/d6c3ea1c/MiniRaftClusterWithGrpcf715ded6/s5/5913e5d7-f0d0-40b3-8fb1-6d5932270d9d/sm
2025-09-08 20:28:14,993 [grpc-default-executor-0] INFO  impl.SimpleStateMachineStorage (SimpleStateMachineStorage.java:loadLatestSnapshot(230)) - Latest snapshot is null in /home/runner/work/ratis/ratis/ratis-test/target/test/data/d6c3ea1c/MiniRaftClusterWithGrpcf715ded6/s3/5913e5d7-f0d0-40b3-8fb1-6d5932270d9d/sm
2025-09-08 20:28:15,070 [s4@group-6D5932270D9D->s3-GrpcLogAppender-LogAppenderDaemon] INFO  impl.SimpleStateMachineStorage (SimpleStateMachineStorage.java:loadLatestSnapshot(230)) - Latest snapshot is null in /home/runner/work/ratis/ratis/ratis-test/target/test/data/d6c3ea1c/MiniRaftClusterWithGrpcf715ded6/s4/5913e5d7-f0d0-40b3-8fb1-6d5932270d9d/sm
2025-09-08 20:28:15,070 [s4@group-6D5932270D9D->s5-GrpcLogAppender-LogAppenderDaemon] INFO  impl.SimpleStateMachineStorage (SimpleStateMachineStorage.java:loadLatestSnapshot(230)) - Latest snapshot is null in /home/runner/work/ratis/ratis/ratis-test/target/test/data/d6c3ea1c/MiniRaftClusterWithGrpcf715ded6/s4/5913e5d7-f0d0-40b3-8fb1-6d5932270d9d/sm
2025-09-08 20:28:15,071 [grpc-default-executor-12] INFO  impl.SimpleStateMachineStorage (SimpleStateMachineStorage.java:loadLatestSnapshot(230)) - Latest snapshot is null in /home/runner/work/ratis/ratis/ratis-test/target/test/data/d6c3ea1c/MiniRaftClusterWithGrpcf715ded6/s5/5913e5d7-f0d0-40b3-8fb1-6d5932270d9d/sm
2025-09-08 20:28:15,071 [grpc-default-executor-0] INFO  impl.SimpleStateMachineStorage (SimpleStateMachineStorage.java:loadLatestSnapshot(230)) - Latest snapshot is null in /home/runner/work/ratis/ratis/ratis-test/target/test/data/d6c3ea1c/MiniRaftClusterWithGrpcf715ded6/s3/5913e5d7-f0d0-40b3-8fb1-6d5932270d9d/sm
2025-09-08 20:28:15,148 [s4@group-6D5932270D9D->s5-GrpcLogAppender-LogAppenderDaemon] INFO  impl.SimpleStateMachineStorage (SimpleStateMachineStorage.java:loadLatestSnapshot(230)) - Latest snapshot is null in /home/runner/work/ratis/ratis/ratis-test/target/test/data/d6c3ea1c/MiniRaftClusterWithGrpcf715ded6/s4/5913e5d7-f0d0-40b3-8fb1-6d5932270d9d/sm
2025-09-08 20:28:15,148 [s4@group-6D5932270D9D->s3-GrpcLogAppender-LogAppenderDaemon] INFO  impl.SimpleStateMachineStorage (SimpleStateMachineStorage.java:loadLatestSnapshot(230)) - Latest snapshot is null in /home/runner/work/ratis/ratis/ratis-test/target/test/data/d6c3ea1c/MiniRaftClusterWithGrpcf715ded6/s4/5913e5d7-f0d0-40b3-8fb1-6d5932270d9d/sm
2025-09-08 20:28:15,148 [grpc-default-executor-0] INFO  impl.SimpleStateMachineStorage (SimpleStateMachineStorage.java:loadLatestSnapshot(230)) - Latest snapshot is null in /home/runner/work/ratis/ratis/ratis-test/target/test/data/d6c3ea1c/MiniRaftClusterWithGrpcf715ded6/s3/5913e5d7-f0d0-40b3-8fb1-6d5932270d9d/sm
2025-09-08 20:28:15,148 [grpc-default-executor-12] INFO  impl.SimpleStateMachineStorage (SimpleStateMachineStorage.java:loadLatestSnapshot(230)) - Latest snapshot is null in /home/runner/work/ratis/ratis/ratis-test/target/test/data/d6c3ea1c/MiniRaftClusterWithGrpcf715ded6/s5/5913e5d7-f0d0-40b3-8fb1-6d5932270d9d/sm
2025-09-08 20:28:15,225 [s4@group-6D5932270D9D->s5-GrpcLogAppender-LogAppenderDaemon] INFO  impl.SimpleStateMachineStorage (SimpleStateMachineStorage.java:loadLatestSnapshot(230)) - Latest snapshot is null in /home/runner/work/ratis/ratis/ratis-test/target/test/data/d6c3ea1c/MiniRaftClusterWithGrpcf715ded6/s4/5913e5d7-f0d0-40b3-8fb1-6d5932270d9d/sm
2025-09-08 20:28:15,225 [s4@group-6D5932270D9D->s3-GrpcLogAppender-LogAppenderDaemon] INFO  impl.SimpleStateMachineStorage (SimpleStateMachineStorage.java:loadLatestSnapshot(230)) - Latest snapshot is null in /home/runner/work/ratis/ratis/ratis-test/target/test/data/d6c3ea1c/MiniRaftClusterWithGrpcf715ded6/s4/5913e5d7-f0d0-40b3-8fb1-6d5932270d9d/sm
2025-09-08 20:28:15,226 [grpc-default-executor-0] INFO  impl.SimpleStateMachineStorage (SimpleStateMachineStorage.java:loadLatestSnapshot(230)) - Latest snapshot is null in /home/runner/work/ratis/ratis/ratis-test/target/test/data/d6c3ea1c/MiniRaftClusterWithGrpcf715ded6/s5/5913e5d7-f0d0-40b3-8fb1-6d5932270d9d/sm
2025-09-08 20:28:15,226 [grpc-default-executor-12] INFO  impl.SimpleStateMachineStorage (SimpleStateMachineStorage.java:loadLatestSnapshot(230)) - Latest snapshot is null in /home/runner/work/ratis/ratis/ratis-test/target/test/data/d6c3ea1c/MiniRaftClusterWithGrpcf715ded6/s3/5913e5d7-f0d0-40b3-8fb1-6d5932270d9d/sm
2025-09-08 20:28:15,301 [s4@group-6D5932270D9D->s5-GrpcLogAppender-LogAppenderDaemon] INFO  impl.SimpleStateMachineStorage (SimpleStateMachineStorage.java:loadLatestSnapshot(230)) - Latest snapshot is null in /home/runner/work/ratis/ratis/ratis-test/target/test/data/d6c3ea1c/MiniRaftClusterWithGrpcf715ded6/s4/5913e5d7-f0d0-40b3-8fb1-6d5932270d9d/sm
2025-09-08 20:28:15,302 [s4@group-6D5932270D9D->s3-GrpcLogAppender-LogAppenderDaemon] INFO  impl.SimpleStateMachineStorage (SimpleStateMachineStorage.java:loadLatestSnapshot(230)) - Latest snapshot is null in /home/runner/work/ratis/ratis/ratis-test/target/test/data/d6c3ea1c/MiniRaftClusterWithGrpcf715ded6/s4/5913e5d7-f0d0-40b3-8fb1-6d5932270d9d/sm
2025-09-08 20:28:15,302 [grpc-default-executor-12] INFO  impl.SimpleStateMachineStorage (SimpleStateMachineStorage.java:loadLatestSnapshot(230)) - Latest snapshot is null in /home/runner/work/ratis/ratis/ratis-test/target/test/data/d6c3ea1c/MiniRaftClusterWithGrpcf715ded6/s5/5913e5d7-f0d0-40b3-8fb1-6d5932270d9d/sm
2025-09-08 20:28:15,302 [grpc-default-executor-0] INFO  impl.SimpleStateMachineStorage (SimpleStateMachineStorage.java:loadLatestSnapshot(230)) - Latest snapshot is null in /home/runner/work/ratis/ratis/ratis-test/target/test/data/d6c3ea1c/MiniRaftClusterWithGrpcf715ded6/s3/5913e5d7-f0d0-40b3-8fb1-6d5932270d9d/sm
2025-09-08 20:28:15,379 [s4@group-6D5932270D9D->s5-GrpcLogAppender-LogAppenderDaemon] INFO  impl.SimpleStateMachineStorage (SimpleStateMachineStorage.java:loadLatestSnapshot(230)) - Latest snapshot is null in /home/runner/work/ratis/ratis/ratis-test/target/test/data/d6c3ea1c/MiniRaftClusterWithGrpcf715ded6/s4/5913e5d7-f0d0-40b3-8fb1-6d5932270d9d/sm
2025-09-08 20:28:15,379 [s4@group-6D5932270D9D->s3-GrpcLogAppender-LogAppenderDaemon] INFO  impl.SimpleStateMachineStorage (SimpleStateMachineStorage.java:loadLatestSnapshot(230)) - Latest snapshot is null in /home/runner/work/ratis/ratis/ratis-test/target/test/data/d6c3ea1c/MiniRaftClusterWithGrpcf715ded6/s4/5913e5d7-f0d0-40b3-8fb1-6d5932270d9d/sm
2025-09-08 20:28:15,379 [grpc-default-executor-0] INFO  impl.SimpleStateMachineStorage (SimpleStateMachineStorage.java:loadLatestSnapshot(230)) - Latest snapshot is null in /home/runner/work/ratis/ratis/ratis-test/target/test/data/d6c3ea1c/MiniRaftClusterWithGrpcf715ded6/s5/5913e5d7-f0d0-40b3-8fb1-6d5932270d9d/sm
2025-09-08 20:28:15,379 [grpc-default-executor-12] INFO  impl.SimpleStateMachineStorage (SimpleStateMachineStorage.java:loadLatestSnapshot(230)) - Latest snapshot is null in /home/runner/work/ratis/ratis/ratis-test/target/test/data/d6c3ea1c/MiniRaftClusterWithGrpcf715ded6/s3/5913e5d7-f0d0-40b3-8fb1-6d5932270d9d/sm
2025-09-08 20:28:15,456 [s4@group-6D5932270D9D->s5-GrpcLogAppender-LogAppenderDaemon] INFO  impl.SimpleStateMachineStorage (SimpleStateMachineStorage.java:loadLatestSnapshot(230)) - Latest snapshot is null in /home/runner/work/ratis/ratis/ratis-test/target/test/data/d6c3ea1c/MiniRaftClusterWithGrpcf715ded6/s4/5913e5d7-f0d0-40b3-8fb1-6d5932270d9d/sm
2025-09-08 20:28:15,456 [s4@group-6D5932270D9D->s3-GrpcLogAppender-LogAppenderDaemon] INFO  impl.SimpleStateMachineStorage (SimpleStateMachineStorage.java:loadLatestSnapshot(230)) - Latest snapshot is null in /home/runner/work/ratis/ratis/ratis-test/target/test/data/d6c3ea1c/MiniRaftClusterWithGrpcf715ded6/s4/5913e5d7-f0d0-40b3-8fb1-6d5932270d9d/sm
2025-09-08 20:28:15,456 [grpc-default-executor-12] INFO  impl.SimpleStateMachineStorage (SimpleStateMachineStorage.java:loadLatestSnapshot(230)) - Latest snapshot is null in /home/runner/work/ratis/ratis/ratis-test/target/test/data/d6c3ea1c/MiniRaftClusterWithGrpcf715ded6/s5/5913e5d7-f0d0-40b3-8fb1-6d5932270d9d/sm
2025-09-08 20:28:15,457 [grpc-default-executor-0] INFO  impl.SimpleStateMachineStorage (SimpleStateMachineStorage.java:loadLatestSnapshot(230)) - Latest snapshot is null in /home/runner/work/ratis/ratis/ratis-test/target/test/data/d6c3ea1c/MiniRaftClusterWithGrpcf715ded6/s3/5913e5d7-f0d0-40b3-8fb1-6d5932270d9d/sm
2025-09-08 20:28:15,532 [s4@group-6D5932270D9D->s3-GrpcLogAppender-LogAppenderDaemon] INFO  impl.SimpleStateMachineStorage (SimpleStateMachineStorage.java:loadLatestSnapshot(230)) - Latest snapshot is null in /home/runner/work/ratis/ratis/ratis-test/target/test/data/d6c3ea1c/MiniRaftClusterWithGrpcf715ded6/s4/5913e5d7-f0d0-40b3-8fb1-6d5932270d9d/sm
2025-09-08 20:28:15,533 [grpc-default-executor-0] INFO  impl.SimpleStateMachineStorage (SimpleStateMachineStorage.java:loadLatestSnapshot(230)) - Latest snapshot is null in /home/runner/work/ratis/ratis/ratis-test/target/test/data/d6c3ea1c/MiniRaftClusterWithGrpcf715ded6/s3/5913e5d7-f0d0-40b3-8fb1-6d5932270d9d/sm
2025-09-08 20:28:15,533 [s4@group-6D5932270D9D->s5-GrpcLogAppender-LogAppenderDaemon] INFO  impl.SimpleStateMachineStorage (SimpleStateMachineStorage.java:loadLatestSnapshot(230)) - Latest snapshot is null in /home/runner/work/ratis/ratis/ratis-test/target/test/data/d6c3ea1c/MiniRaftClusterWithGrpcf715ded6/s4/5913e5d7-f0d0-40b3-8fb1-6d5932270d9d/sm
2025-09-08 20:28:15,534 [grpc-default-executor-12] INFO  impl.SimpleStateMachineStorage (SimpleStateMachineStorage.java:loadLatestSnapshot(230)) - Latest snapshot is null in /home/runner/work/ratis/ratis/ratis-test/target/test/data/d6c3ea1c/MiniRaftClusterWithGrpcf715ded6/s5/5913e5d7-f0d0-40b3-8fb1-6d5932270d9d/sm
2025-09-08 20:28:15,609 [s4@group-6D5932270D9D->s3-GrpcLogAppender-LogAppenderDaemon] INFO  impl.SimpleStateMachineStorage (SimpleStateMachineStorage.java:loadLatestSnapshot(230)) - Latest snapshot is null in /home/runner/work/ratis/ratis/ratis-test/target/test/data/d6c3ea1c/MiniRaftClusterWithGrpcf715ded6/s4/5913e5d7-f0d0-40b3-8fb1-6d5932270d9d/sm
2025-09-08 20:28:15,610 [grpc-default-executor-12] INFO  impl.SimpleStateMachineStorage (SimpleStateMachineStorage.java:loadLatestSnapshot(230)) - Latest snapshot is null in /home/runner/work/ratis/ratis/ratis-test/target/test/data/d6c3ea1c/MiniRaftClusterWithGrpcf715ded6/s3/5913e5d7-f0d0-40b3-8fb1-6d5932270d9d/sm
2025-09-08 20:28:15,611 [s4@group-6D5932270D9D->s5-GrpcLogAppender-LogAppenderDaemon] INFO  impl.SimpleStateMachineStorage (SimpleStateMachineStorage.java:loadLatestSnapshot(230)) - Latest snapshot is null in /home/runner/work/ratis/ratis/ratis-test/target/test/data/d6c3ea1c/MiniRaftClusterWithGrpcf715ded6/s4/5913e5d7-f0d0-40b3-8fb1-6d5932270d9d/sm
2025-09-08 20:28:15,611 [grpc-default-executor-12] INFO  impl.SimpleStateMachineStorage (SimpleStateMachineStorage.java:loadLatestSnapshot(230)) - Latest snapshot is null in /home/runner/work/ratis/ratis/ratis-test/target/test/data/d6c3ea1c/MiniRaftClusterWithGrpcf715ded6/s5/5913e5d7-f0d0-40b3-8fb1-6d5932270d9d/sm
2025-09-08 20:28:15,686 [s4@group-6D5932270D9D->s3-GrpcLogAppender-LogAppenderDaemon] INFO  impl.SimpleStateMachineStorage (SimpleStateMachineStorage.java:loadLatestSnapshot(230)) - Latest snapshot is null in /home/runner/work/ratis/ratis/ratis-test/target/test/data/d6c3ea1c/MiniRaftClusterWithGrpcf715ded6/s4/5913e5d7-f0d0-40b3-8fb1-6d5932270d9d/sm
2025-09-08 20:28:15,686 [grpc-default-executor-12] INFO  impl.SimpleStateMachineStorage (SimpleStateMachineStorage.java:loadLatestSnapshot(230)) - Latest snapshot is null in /home/runner/work/ratis/ratis/ratis-test/target/test/data/d6c3ea1c/MiniRaftClusterWithGrpcf715ded6/s3/5913e5d7-f0d0-40b3-8fb1-6d5932270d9d/sm
2025-09-08 20:28:15,687 [s4@group-6D5932270D9D->s5-GrpcLogAppender-LogAppenderDaemon] INFO  impl.SimpleStateMachineStorage (SimpleStateMachineStorage.java:loadLatestSnapshot(230)) - Latest snapshot is null in /home/runner/work/ratis/ratis/ratis-test/target/test/data/d6c3ea1c/MiniRaftClusterWithGrpcf715ded6/s4/5913e5d7-f0d0-40b3-8fb1-6d5932270d9d/sm
2025-09-08 20:28:15,687 [grpc-default-executor-12] INFO  impl.SimpleStateMachineStorage (SimpleStateMachineStorage.java:loadLatestSnapshot(230)) - Latest snapshot is null in /home/runner/work/ratis/ratis/ratis-test/target/test/data/d6c3ea1c/MiniRaftClusterWithGrpcf715ded6/s5/5913e5d7-f0d0-40b3-8fb1-6d5932270d9d/sm
2025-09-08 20:28:15,762 [s4@group-6D5932270D9D->s3-GrpcLogAppender-LogAppenderDaemon] INFO  impl.SimpleStateMachineStorage (SimpleStateMachineStorage.java:loadLatestSnapshot(230)) - Latest snapshot is null in /home/runner/work/ratis/ratis/ratis-test/target/test/data/d6c3ea1c/MiniRaftClusterWithGrpcf715ded6/s4/5913e5d7-f0d0-40b3-8fb1-6d5932270d9d/sm
2025-09-08 20:28:15,762 [grpc-default-executor-12] INFO  impl.SimpleStateMachineStorage (SimpleStateMachineStorage.java:loadLatestSnapshot(230)) - Latest snapshot is null in /home/runner/work/ratis/ratis/ratis-test/target/test/data/d6c3ea1c/MiniRaftClusterWithGrpcf715ded6/s3/5913e5d7-f0d0-40b3-8fb1-6d5932270d9d/sm
2025-09-08 20:28:15,764 [s4@group-6D5932270D9D->s5-GrpcLogAppender-LogAppenderDaemon] INFO  impl.SimpleStateMachineStorage (SimpleStateMachineStorage.java:loadLatestSnapshot(230)) - Latest snapshot is null in /home/runner/work/ratis/ratis/ratis-test/target/test/data/d6c3ea1c/MiniRaftClusterWithGrpcf715ded6/s4/5913e5d7-f0d0-40b3-8fb1-6d5932270d9d/sm
2025-09-08 20:28:15,764 [grpc-default-executor-12] INFO  impl.SimpleStateMachineStorage (SimpleStateMachineStorage.java:loadLatestSnapshot(230)) - Latest snapshot is null in /home/runner/work/ratis/ratis/ratis-test/target/test/data/d6c3ea1c/MiniRaftClusterWithGrpcf715ded6/s5/5913e5d7-f0d0-40b3-8fb1-6d5932270d9d/sm
2025-09-08 20:28:15,839 [s4@group-6D5932270D9D->s3-GrpcLogAppender-LogAppenderDaemon] INFO  impl.SimpleStateMachineStorage (SimpleStateMachineStorage.java:loadLatestSnapshot(230)) - Latest snapshot is null in /home/runner/work/ratis/ratis/ratis-test/target/test/data/d6c3ea1c/MiniRaftClusterWithGrpcf715ded6/s4/5913e5d7-f0d0-40b3-8fb1-6d5932270d9d/sm
2025-09-08 20:28:15,839 [grpc-default-executor-12] INFO  impl.SimpleStateMachineStorage (SimpleStateMachineStorage.java:loadLatestSnapshot(230)) - Latest snapshot is null in /home/runner/work/ratis/ratis/ratis-test/target/test/data/d6c3ea1c/MiniRaftClusterWithGrpcf715ded6/s3/5913e5d7-f0d0-40b3-8fb1-6d5932270d9d/sm
2025-09-08 20:28:15,839 [s4@group-6D5932270D9D->s5-GrpcLogAppender-LogAppenderDaemon] INFO  impl.SimpleStateMachineStorage (SimpleStateMachineStorage.java:loadLatestSnapshot(230)) - Latest snapshot is null in /home/runner/work/ratis/ratis/ratis-test/target/test/data/d6c3ea1c/MiniRaftClusterWithGrpcf715ded6/s4/5913e5d7-f0d0-40b3-8fb1-6d5932270d9d/sm
2025-09-08 20:28:15,840 [grpc-default-executor-12] INFO  impl.SimpleStateMachineStorage (SimpleStateMachineStorage.java:loadLatestSnapshot(230)) - Latest snapshot is null in /home/runner/work/ratis/ratis/ratis-test/target/test/data/d6c3ea1c/MiniRaftClusterWithGrpcf715ded6/s5/5913e5d7-f0d0-40b3-8fb1-6d5932270d9d/sm
2025-09-08 20:28:15,846 [Thread-338] WARN  grpc.GrpcUtil (GrpcUtil.java:shutdownManagedChannel(226)) - Timed out gracefully shutting down connection: ManagedChannelOrphanWrapper{delegate=ManagedChannelImpl{logId=460, target=localhost:15042}}. 
2025-09-08 20:28:15,848 [main] INFO  impl.MiniRaftCluster (MiniRaftCluster.java:shutdown(838)) - ************************************************************** 
2025-09-08 20:28:15,848 [main] INFO  impl.MiniRaftCluster (MiniRaftCluster.java:shutdown(839)) - *** 
2025-09-08 20:28:15,848 [main] INFO  impl.MiniRaftCluster (MiniRaftCluster.java:shutdown(840)) - ***     Stopping MiniRaftClusterWithGrpc
2025-09-08 20:28:15,849 [main] INFO  impl.MiniRaftCluster (MiniRaftCluster.java:shutdown(841)) - *** 
2025-09-08 20:28:15,849 [main] INFO  impl.MiniRaftCluster (MiniRaftCluster.java:shutdown(842)) - ************************************************************** 
2025-09-08 20:28:15,849 [main] INFO  impl.MiniRaftCluster (MiniRaftCluster.java:shutdown(843)) - printing ALL groups
  s3:  RUNNING  FOLLOWER (RUNNING): s3@group-6D5932270D9D:t1, leader=s4, voted=s4, raftlog=Memoized:s3@group-6D5932270D9D-SegmentedRaftLog:OPENED:c2:last(t:1, i:12), conf=conf: {index: 0, cur=peers:[s3|localhost:15036, s4|localhost:15040, s5|localhost:15044]|listeners:[], old=null}
  s4:  RUNNING    LEADER (RUNNING): s4@group-6D5932270D9D:t1, leader=s4, voted=s4, raftlog=Memoized:s4@group-6D5932270D9D-SegmentedRaftLog:OPENED:c2:last(t:1, i:12), conf=conf: {index: 0, cur=peers:[s3|localhost:15036, s4|localhost:15040, s5|localhost:15044]|listeners:[], old=null}
  s5:  RUNNING  FOLLOWER (RUNNING): s5@group-6D5932270D9D:t1, leader=s4, voted=s4, raftlog=Memoized:s5@group-6D5932270D9D-SegmentedRaftLog:OPENED:c2:last(t:1, i:12), conf=conf: {index: 0, cur=peers:[s3|localhost:15036, s4|localhost:15040, s5|localhost:15044]|listeners:[], old=null}
2025-09-08 20:28:15,850 [MiniRaftCluster-10] INFO  server.RaftServer (RaftServerProxy.java:lambda$close$9(422)) - s3: close
2025-09-08 20:28:15,850 [MiniRaftCluster-11] INFO  server.RaftServer (RaftServerProxy.java:lambda$close$9(422)) - s4: close
2025-09-08 20:28:15,850 [MiniRaftCluster-12] INFO  server.RaftServer (RaftServerProxy.java:lambda$close$9(422)) - s5: close
2025-09-08 20:28:15,850 [MiniRaftCluster-11] INFO  server.GrpcServicesImpl (GrpcServicesImpl.java:closeImpl(355)) - s4: shutdown server org.apache.ratis.grpc.server.GrpcClientProtocolService now
2025-09-08 20:28:15,850 [MiniRaftCluster-10] INFO  server.GrpcServicesImpl (GrpcServicesImpl.java:closeImpl(355)) - s3: shutdown server org.apache.ratis.grpc.server.GrpcClientProtocolService now
2025-09-08 20:28:15,850 [s3-impl-thread1] INFO  server.RaftServer$Division (RaftServerImpl.java:lambda$close$1(527)) - s3@group-6D5932270D9D: shutdown
2025-09-08 20:28:15,851 [s3-impl-thread1] INFO  util.JmxRegister (JmxRegister.java:unregister(74)) - Successfully un-registered JMX Bean with object name Ratis:service=RaftServer,group=group-6D5932270D9D,id=s3
2025-09-08 20:28:15,851 [s3-impl-thread1] INFO  impl.RoleInfo (RoleInfo.java:shutdownFollowerState(121)) - s3: shutdown s3@group-6D5932270D9D-FollowerState
2025-09-08 20:28:15,851 [s4-impl-thread1] INFO  server.RaftServer$Division (RaftServerImpl.java:lambda$close$1(527)) - s4@group-6D5932270D9D: shutdown
2025-09-08 20:28:15,851 [s4-impl-thread1] INFO  util.JmxRegister (JmxRegister.java:unregister(74)) - Successfully un-registered JMX Bean with object name Ratis:service=RaftServer,group=group-6D5932270D9D,id=s4
2025-09-08 20:28:15,851 [s4-impl-thread1] INFO  impl.RoleInfo (RoleInfo.java:shutdownLeaderState(103)) - s4: shutdown s4@group-6D5932270D9D-LeaderStateImpl
2025-09-08 20:28:15,851 [s3@group-6D5932270D9D-FollowerState] INFO  impl.FollowerState (FollowerState.java:runImpl(170)) - s3@group-6D5932270D9D-FollowerState was interrupted
2025-09-08 20:28:15,851 [MiniRaftCluster-12] INFO  server.GrpcServicesImpl (GrpcServicesImpl.java:closeImpl(355)) - s5: shutdown server org.apache.ratis.grpc.server.GrpcClientProtocolService now
2025-09-08 20:28:15,852 [s4@group-6D5932270D9D->s3-GrpcLogAppender-LogAppenderDaemon] WARN  server.GrpcLogAppender (GrpcLogAppender.java:mayWait(300)) - s4@group-6D5932270D9D->s3-GrpcLogAppender: Wait interrupted by java.lang.InterruptedException
2025-09-08 20:28:15,851 [s3@group-6D5932270D9D-StateMachineUpdater] INFO  impl.StateMachineUpdater (StateMachineUpdater.java:stop(140)) - s3@group-6D5932270D9D-StateMachineUpdater: closing SimpleStateMachine4Testing, lastApplied=(t:1, i:2)
2025-09-08 20:28:15,851 [s3-impl-thread1] INFO  impl.StateMachineUpdater (StateMachineUpdater.java:stopAndJoin(163)) - s3@group-6D5932270D9D-StateMachineUpdater: set stopIndex = 2
2025-09-08 20:28:15,851 [s5-impl-thread1] INFO  server.RaftServer$Division (RaftServerImpl.java:lambda$close$1(527)) - s5@group-6D5932270D9D: shutdown
2025-09-08 20:28:15,852 [s5-impl-thread1] INFO  util.JmxRegister (JmxRegister.java:unregister(74)) - Successfully un-registered JMX Bean with object name Ratis:service=RaftServer,group=group-6D5932270D9D,id=s5
2025-09-08 20:28:15,852 [s5-impl-thread1] INFO  impl.RoleInfo (RoleInfo.java:shutdownFollowerState(121)) - s5: shutdown s5@group-6D5932270D9D-FollowerState
2025-09-08 20:28:15,853 [s4@group-6D5932270D9D->s5-GrpcLogAppender-LogAppenderDaemon] WARN  server.GrpcLogAppender (GrpcLogAppender.java:mayWait(300)) - s4@group-6D5932270D9D->s5-GrpcLogAppender: Wait interrupted by java.lang.InterruptedException
2025-09-08 20:28:15,853 [Thread-346] INFO  server.GrpcServerProtocolClient (GrpcServerProtocolClient.java:close(105)) - s5 Close channels
2025-09-08 20:28:15,854 [s5@group-6D5932270D9D-StateMachineUpdater] INFO  impl.StateMachineUpdater (StateMachineUpdater.java:stop(140)) - s5@group-6D5932270D9D-StateMachineUpdater: closing SimpleStateMachine4Testing, lastApplied=(t:1, i:2)
2025-09-08 20:28:15,854 [Thread-347] INFO  server.GrpcServerProtocolClient (GrpcServerProtocolClient.java:close(105)) - s4 Close channels
2025-09-08 20:28:15,853 [Thread-343] INFO  server.GrpcServerProtocolClient (GrpcServerProtocolClient.java:close(105)) - s3 Close channels
2025-09-08 20:28:15,853 [s4-impl-thread1] INFO  impl.PendingRequests (PendingRequests.java:sendNotLeaderResponses(287)) - s4@group-6D5932270D9D-PendingRequests: sendNotLeaderResponses
2025-09-08 20:28:15,855 [grpc-default-executor-12] INFO  server.GrpcServerProtocolService (GrpcServerProtocolService.java:lambda$null$7(175)) - s3: Completed APPEND_ENTRIES, lastReply: serverReply {
  requestorId: "s4"
  replyId: "s3"
  raftGroupId {
    id: "Y\023\345\327\360\320@\263\217\261mY2\'\r\235"
  }
  callId: 472
  success: true
}
term: 1
nextIndex: 13
followerCommit: 2
matchIndex: 18446744073709551615
isHearbeat: true
 
2025-09-08 20:28:15,854 [grpc-default-executor-5] INFO  server.GrpcServerProtocolService (GrpcServerProtocolService.java:lambda$onCompleted$6(171)) - s5: Completed APPEND_ENTRIES, lastRequest: s4->s5#17-t1,previous=(t:1, i:11),leaderCommit=2,initializing? false,entries: size=1, first=(t:1, i:12), STATEMACHINELOGENTRY, WRITE: logData.size=9, stateMachineData.size=17, logEntryProtoSerializedSize=0 
2025-09-08 20:28:15,855 [grpc-default-executor-5] INFO  server.GrpcServerProtocolService (GrpcServerProtocolService.java:lambda$null$7(175)) - s5: Completed APPEND_ENTRIES, lastReply: null 
2025-09-08 20:28:15,854 [grpc-default-executor-0] INFO  server.GrpcServerProtocolService (GrpcServerProtocolService.java:lambda$onCompleted$6(171)) - s3: Completed APPEND_ENTRIES, lastRequest: s4->s3#17-t1,previous=(t:1, i:11),leaderCommit=2,initializing? false,entries: size=1, first=(t:1, i:12), STATEMACHINELOGENTRY, WRITE: logData.size=9, stateMachineData.size=17, logEntryProtoSerializedSize=0 
2025-09-08 20:28:15,856 [Thread-350] INFO  server.GrpcServerProtocolClient (GrpcServerProtocolClient.java:close(105)) - s4 Close channels
2025-09-08 20:28:15,854 [s3@group-6D5932270D9D-cacheEviction-AwaitToRun] INFO  util.AwaitToRun (AwaitToRun.java:run(49)) - s3@group-6D5932270D9D-cacheEviction-AwaitToRun-AwaitForSignal is interrupted
2025-09-08 20:28:15,856 [Thread-349] INFO  server.GrpcServerProtocolClient (GrpcServerProtocolClient.java:close(105)) - s3 Close channels
2025-09-08 20:28:15,856 [Thread-348] INFO  server.GrpcServerProtocolClient (GrpcServerProtocolClient.java:close(105)) - s5 Close channels
2025-09-08 20:28:15,854 [s5@group-6D5932270D9D-FollowerState] INFO  impl.FollowerState (FollowerState.java:runImpl(170)) - s5@group-6D5932270D9D-FollowerState was interrupted
2025-09-08 20:28:15,857 [grpc-default-executor-5] INFO  server.GrpcLogAppender (GrpcLogAppender.java:onCompleted(558)) - s4@group-6D5932270D9D->s3-AppendLogResponseHandler: follower responses appendEntries COMPLETED
2025-09-08 20:28:15,857 [grpc-default-executor-5] WARN  server.GrpcLogAppender (GrpcLogAppender.java:resetClient(237)) - s4@group-6D5932270D9D->s3-GrpcLogAppender: Failed to getClient for s3
org.apache.ratis.protocol.exceptions.AlreadyClosedException: s4 is already CLOSED
	at org.apache.ratis.util.PeerProxyMap$PeerAndProxy.getProxy(PeerProxyMap.java:67)
	at org.apache.ratis.util.PeerProxyMap.getProxy(PeerProxyMap.java:124)
	at org.apache.ratis.grpc.server.GrpcLogAppender.getClient(GrpcLogAppender.java:207)
	at org.apache.ratis.grpc.server.GrpcLogAppender.resetClient(GrpcLogAppender.java:212)
	at org.apache.ratis.grpc.server.GrpcLogAppender.access$800(GrpcLogAppender.java:70)
	at org.apache.ratis.grpc.server.GrpcLogAppender$AppendLogResponseHandler.onCompleted(GrpcLogAppender.java:559)
	at org.apache.ratis.thirdparty.io.grpc.stub.ClientCalls$StreamObserverToCallListenerAdapter.onClose(ClientCalls.java:562)
	at org.apache.ratis.thirdparty.io.grpc.internal.DelayedClientCall$DelayedListener$3.run(DelayedClientCall.java:489)
	at org.apache.ratis.thirdparty.io.grpc.internal.DelayedClientCall$DelayedListener.delayOrExecute(DelayedClientCall.java:453)
	at org.apache.ratis.thirdparty.io.grpc.internal.DelayedClientCall$DelayedListener.onClose(DelayedClientCall.java:486)
	at org.apache.ratis.thirdparty.io.grpc.internal.ClientCallImpl.closeObserver(ClientCallImpl.java:565)
	at org.apache.ratis.thirdparty.io.grpc.internal.ClientCallImpl.access$100(ClientCallImpl.java:72)
	at org.apache.ratis.thirdparty.io.grpc.internal.ClientCallImpl$ClientStreamListenerImpl$1StreamClosed.runInternal(ClientCallImpl.java:733)
	at org.apache.ratis.thirdparty.io.grpc.internal.ClientCallImpl$ClientStreamListenerImpl$1StreamClosed.runInContext(ClientCallImpl.java:714)
	at org.apache.ratis.thirdparty.io.grpc.internal.ContextRunnable.run(ContextRunnable.java:37)
	at org.apache.ratis.thirdparty.io.grpc.internal.SerializingExecutor.run(SerializingExecutor.java:133)
	at java.util.concurrent.ThreadPoolExecutor.runWorker(ThreadPoolExecutor.java:1149)
	at java.util.concurrent.ThreadPoolExecutor$Worker.run(ThreadPoolExecutor.java:624)
	at java.lang.Thread.run(Thread.java:750)
2025-09-08 20:28:15,853 [s5-impl-thread1] INFO  impl.StateMachineUpdater (StateMachineUpdater.java:stopAndJoin(163)) - s5@group-6D5932270D9D-StateMachineUpdater: set stopIndex = 2
2025-09-08 20:28:15,858 [s5@group-6D5932270D9D-cacheEviction-AwaitToRun] INFO  util.AwaitToRun (AwaitToRun.java:run(49)) - s5@group-6D5932270D9D-cacheEviction-AwaitToRun-AwaitForSignal is interrupted
2025-09-08 20:28:15,860 [MiniRaftCluster-12] INFO  server.GrpcServicesImpl (GrpcServicesImpl.java:closeImpl(364)) - s5: shutdown server org.apache.ratis.grpc.server.GrpcClientProtocolService successfully
2025-09-08 20:28:15,860 [MiniRaftCluster-12] INFO  server.GrpcServicesImpl (GrpcServicesImpl.java:closeImpl(355)) - s5: shutdown server GrpcServerProtocolService now
2025-09-08 20:28:15,861 [MiniRaftCluster-10] INFO  server.GrpcServicesImpl (GrpcServicesImpl.java:closeImpl(364)) - s3: shutdown server org.apache.ratis.grpc.server.GrpcClientProtocolService successfully
2025-09-08 20:28:15,861 [MiniRaftCluster-10] INFO  server.GrpcServicesImpl (GrpcServicesImpl.java:closeImpl(355)) - s3: shutdown server GrpcServerProtocolService now
2025-09-08 20:28:15,862 [grpc-default-executor-12] INFO  server.GrpcLogAppender (GrpcLogAppender.java:onCompleted(558)) - s4@group-6D5932270D9D->s3-AppendLogResponseHandler: follower responses appendEntries COMPLETED
2025-09-08 20:28:15,862 [grpc-default-executor-12] WARN  server.GrpcLogAppender (GrpcLogAppender.java:resetClient(237)) - s4@group-6D5932270D9D->s3-GrpcLogAppender: Failed to getClient for s3
org.apache.ratis.protocol.exceptions.AlreadyClosedException: s4 is already CLOSED
	at org.apache.ratis.util.PeerProxyMap$PeerAndProxy.getProxy(PeerProxyMap.java:67)
	at org.apache.ratis.util.PeerProxyMap.getProxy(PeerProxyMap.java:124)
	at org.apache.ratis.grpc.server.GrpcLogAppender.getClient(GrpcLogAppender.java:207)
	at org.apache.ratis.grpc.server.GrpcLogAppender.resetClient(GrpcLogAppender.java:212)
	at org.apache.ratis.grpc.server.GrpcLogAppender.access$800(GrpcLogAppender.java:70)
	at org.apache.ratis.grpc.server.GrpcLogAppender$AppendLogResponseHandler.onCompleted(GrpcLogAppender.java:559)
	at org.apache.ratis.thirdparty.io.grpc.stub.ClientCalls$StreamObserverToCallListenerAdapter.onClose(ClientCalls.java:562)
	at org.apache.ratis.thirdparty.io.grpc.internal.ClientCallImpl.closeObserver(ClientCallImpl.java:565)
	at org.apache.ratis.thirdparty.io.grpc.internal.ClientCallImpl.access$100(ClientCallImpl.java:72)
	at org.apache.ratis.thirdparty.io.grpc.internal.ClientCallImpl$ClientStreamListenerImpl$1StreamClosed.runInternal(ClientCallImpl.java:733)
	at org.apache.ratis.thirdparty.io.grpc.internal.ClientCallImpl$ClientStreamListenerImpl$1StreamClosed.runInContext(ClientCallImpl.java:714)
	at org.apache.ratis.thirdparty.io.grpc.internal.ContextRunnable.run(ContextRunnable.java:37)
	at org.apache.ratis.thirdparty.io.grpc.internal.SerializingExecutor.run(SerializingExecutor.java:133)
	at java.util.concurrent.ThreadPoolExecutor.runWorker(ThreadPoolExecutor.java:1149)
	at java.util.concurrent.ThreadPoolExecutor$Worker.run(ThreadPoolExecutor.java:624)
	at java.lang.Thread.run(Thread.java:750)
2025-09-08 20:28:15,863 [grpc-default-executor-5] INFO  server.GrpcLogAppender (GrpcLogAppender.java:onCompleted(558)) - s4@group-6D5932270D9D->s5-AppendLogResponseHandler: follower responses appendEntries COMPLETED
2025-09-08 20:28:15,863 [grpc-default-executor-5] WARN  server.GrpcLogAppender (GrpcLogAppender.java:resetClient(237)) - s4@group-6D5932270D9D->s5-GrpcLogAppender: Failed to getClient for s5
org.apache.ratis.protocol.exceptions.AlreadyClosedException: s4 is already CLOSED
	at org.apache.ratis.util.PeerProxyMap$PeerAndProxy.getProxy(PeerProxyMap.java:67)
	at org.apache.ratis.util.PeerProxyMap.getProxy(PeerProxyMap.java:124)
	at org.apache.ratis.grpc.server.GrpcLogAppender.getClient(GrpcLogAppender.java:207)
	at org.apache.ratis.grpc.server.GrpcLogAppender.resetClient(GrpcLogAppender.java:212)
	at org.apache.ratis.grpc.server.GrpcLogAppender.access$800(GrpcLogAppender.java:70)
	at org.apache.ratis.grpc.server.GrpcLogAppender$AppendLogResponseHandler.onCompleted(GrpcLogAppender.java:559)
	at org.apache.ratis.thirdparty.io.grpc.stub.ClientCalls$StreamObserverToCallListenerAdapter.onClose(ClientCalls.java:562)
	at org.apache.ratis.thirdparty.io.grpc.internal.ClientCallImpl.closeObserver(ClientCallImpl.java:565)
	at org.apache.ratis.thirdparty.io.grpc.internal.ClientCallImpl.access$100(ClientCallImpl.java:72)
	at org.apache.ratis.thirdparty.io.grpc.internal.ClientCallImpl$ClientStreamListenerImpl$1StreamClosed.runInternal(ClientCallImpl.java:733)
	at org.apache.ratis.thirdparty.io.grpc.internal.ClientCallImpl$ClientStreamListenerImpl$1StreamClosed.runInContext(ClientCallImpl.java:714)
	at org.apache.ratis.thirdparty.io.grpc.internal.ContextRunnable.run(ContextRunnable.java:37)
	at org.apache.ratis.thirdparty.io.grpc.internal.SerializingExecutor.run(SerializingExecutor.java:133)
	at java.util.concurrent.ThreadPoolExecutor.runWorker(ThreadPoolExecutor.java:1149)
	at java.util.concurrent.ThreadPoolExecutor$Worker.run(ThreadPoolExecutor.java:624)
	at java.lang.Thread.run(Thread.java:750)
2025-09-08 20:28:15,864 [s4-impl-thread1] INFO  impl.StateMachineUpdater (StateMachineUpdater.java:stopAndJoin(163)) - s4@group-6D5932270D9D-StateMachineUpdater: set stopIndex = 2
2025-09-08 20:28:15,864 [s4@group-6D5932270D9D-StateMachineUpdater] INFO  impl.StateMachineUpdater (StateMachineUpdater.java:stop(140)) - s4@group-6D5932270D9D-StateMachineUpdater: closing SimpleStateMachine4Testing, lastApplied=(t:1, i:2)
2025-09-08 20:28:15,865 [MiniRaftCluster-10] INFO  server.GrpcServicesImpl (GrpcServicesImpl.java:closeImpl(364)) - s3: shutdown server GrpcServerProtocolService successfully
2025-09-08 20:28:15,865 [s4@group-6D5932270D9D-cacheEviction-AwaitToRun] INFO  util.AwaitToRun (AwaitToRun.java:run(49)) - s4@group-6D5932270D9D-cacheEviction-AwaitToRun-AwaitForSignal is interrupted
2025-09-08 20:28:15,865 [MiniRaftCluster-10] INFO  server.GrpcServicesImpl (GrpcServicesImpl.java:closeImpl(355)) - s3: shutdown server org.apache.ratis.grpc.server.GrpcAdminProtocolService now
2025-09-08 20:28:15,866 [MiniRaftCluster-10] INFO  server.GrpcServicesImpl (GrpcServicesImpl.java:closeImpl(364)) - s3: shutdown server org.apache.ratis.grpc.server.GrpcAdminProtocolService successfully
2025-09-08 20:28:15,867 [MiniRaftCluster-12] INFO  server.GrpcServicesImpl (GrpcServicesImpl.java:closeImpl(364)) - s5: shutdown server GrpcServerProtocolService successfully
2025-09-08 20:28:15,867 [MiniRaftCluster-12] INFO  server.GrpcServicesImpl (GrpcServicesImpl.java:closeImpl(355)) - s5: shutdown server org.apache.ratis.grpc.server.GrpcAdminProtocolService now
2025-09-08 20:28:15,868 [MiniRaftCluster-12] INFO  server.GrpcServicesImpl (GrpcServicesImpl.java:closeImpl(364)) - s5: shutdown server org.apache.ratis.grpc.server.GrpcAdminProtocolService successfully
2025-09-08 20:28:15,868 [grpc-default-executor-5] INFO  server.GrpcLogAppender (GrpcLogAppender.java:onError(545)) - s4@group-6D5932270D9D->s5-GrpcLogAppender is already stopped
2025-09-08 20:28:15,869 [MiniRaftCluster-11] INFO  server.GrpcServicesImpl (GrpcServicesImpl.java:closeImpl(364)) - s4: shutdown server org.apache.ratis.grpc.server.GrpcClientProtocolService successfully
2025-09-08 20:28:15,869 [MiniRaftCluster-11] INFO  server.GrpcServicesImpl (GrpcServicesImpl.java:closeImpl(355)) - s4: shutdown server GrpcServerProtocolService now
2025-09-08 20:28:15,870 [MiniRaftCluster-11] INFO  server.GrpcServicesImpl (GrpcServicesImpl.java:closeImpl(364)) - s4: shutdown server GrpcServerProtocolService successfully
2025-09-08 20:28:15,870 [MiniRaftCluster-11] INFO  server.GrpcServicesImpl (GrpcServicesImpl.java:closeImpl(355)) - s4: shutdown server org.apache.ratis.grpc.server.GrpcAdminProtocolService now
2025-09-08 20:28:15,870 [MiniRaftCluster-11] INFO  server.GrpcServicesImpl (GrpcServicesImpl.java:closeImpl(364)) - s4: shutdown server org.apache.ratis.grpc.server.GrpcAdminProtocolService successfully
2025-09-08 20:28:16,829 [s5-impl-thread1] INFO  segmented.SegmentedRaftLogWorker (SegmentedRaftLogWorker.java:close(254)) - s5@group-6D5932270D9D-SegmentedRaftLogWorker close()
2025-09-08 20:28:16,829 [s3-impl-thread1] INFO  segmented.SegmentedRaftLogWorker (SegmentedRaftLogWorker.java:close(254)) - s3@group-6D5932270D9D-SegmentedRaftLogWorker close()
2025-09-08 20:28:16,832 [JvmPauseMonitor9] INFO  util.JvmPauseMonitor (JvmPauseMonitor.java:run(152)) - JvmPauseMonitor-s3: Stopped
2025-09-08 20:28:16,832 [JvmPauseMonitor11] INFO  util.JvmPauseMonitor (JvmPauseMonitor.java:run(152)) - JvmPauseMonitor-s5: Stopped
2025-09-08 20:28:18,866 [s4-impl-thread1] WARN  segmented.SegmentedRaftLogWorker (SegmentedRaftLogWorker.java:lambda$close$3(251)) - s4@group-6D5932270D9D-SegmentedRaftLogWorker: shutdown timeout in 3s
2025-09-08 20:28:18,867 [s4-impl-thread1] INFO  segmented.SegmentedRaftLogWorker (SegmentedRaftLogWorker.java:close(254)) - s4@group-6D5932270D9D-SegmentedRaftLogWorker close()
2025-09-08 20:28:18,868 [JvmPauseMonitor10] INFO  util.JvmPauseMonitor (JvmPauseMonitor.java:run(152)) - JvmPauseMonitor-s4: Stopped
2025-09-08 20:28:18,868 [main] INFO  impl.MiniRaftCluster (MiniRaftCluster.java:shutdown(862)) - MiniRaftClusterWithGrpc shutdown completed
]]></system-out>
  </testcase>
  <testcase name="testRaftServerMetrics(Boolean)[1]" classname="org.apache.ratis.grpc.TestRaftServerWithGrpc" time="1.659"/>
  <testcase name="testRaftServerMetrics(Boolean)[2]" classname="org.apache.ratis.grpc.TestRaftServerWithGrpc" time="1.636"/>
  <testcase name="testUnsupportedMethods(Boolean)[1]" classname="org.apache.ratis.grpc.TestRaftServerWithGrpc" time="1.275"/>
  <testcase name="testUnsupportedMethods(Boolean)[2]" classname="org.apache.ratis.grpc.TestRaftServerWithGrpc" time="1.22"/>
  <testcase name="testServerRestartOnException(Boolean)[1]" classname="org.apache.ratis.grpc.TestRaftServerWithGrpc" time="5.192"/>
  <testcase name="testServerRestartOnException(Boolean)[2]" classname="org.apache.ratis.grpc.TestRaftServerWithGrpc" time="5.217"/>
  <testcase name="testLeaderRestart(Boolean)[1]" classname="org.apache.ratis.grpc.TestRaftServerWithGrpc" time="5.944"/>
  <testcase name="testLeaderRestart(Boolean)[2]" classname="org.apache.ratis.grpc.TestRaftServerWithGrpc" time="5.985"/>
</testsuite>