<?xml version="1.0" encoding="UTF-8"?>
<testsuite xmlns:xsi="http://www.w3.org/2001/XMLSchema-instance" xsi:noNamespaceSchemaLocation="https://maven.apache.org/surefire/maven-surefire-plugin/xsd/surefire-test-report.xsd" name="org.apache.ratis.datastream.TestNettyDataStreamStarTopologyWithGrpcCluster" time="393.083" tests="4" errors="1" skipped="0" failures="0">
  <properties>
    <property name="awt.toolkit" value="sun.awt.X11.XToolkit"/>
    <property name="java.specification.version" value="11"/>
    <property name="sun.cpu.isalist" value=""/>
    <property name="sun.jnu.encoding" value="UTF-8"/>
    <property name="java.class.path" value="/home/runner/work/ratis/ratis/ratis-test/target/test-classes:/home/runner/work/ratis/ratis/ratis-test/target/classes:/home/runner/work/ratis/ratis/ratis-common/target/classes:/home/runner/.m2/repository/org/apache/ratis/ratis-thirdparty-misc/1.0.3/ratis-thirdparty-misc-1.0.3.jar:/home/runner/work/ratis/ratis/ratis-proto/target/ratis-proto-3.0.0-SNAPSHOT.jar:/home/runner/work/ratis/ratis/ratis-common/target/test-classes:/home/runner/work/ratis/ratis/ratis-client/target/classes:/home/runner/work/ratis/ratis/ratis-server/target/classes:/home/runner/work/ratis/ratis/ratis-server-api/target/classes:/home/runner/work/ratis/ratis/ratis-metrics-api/target/classes:/home/runner/work/ratis/ratis/ratis-server/target/test-classes:/home/runner/work/ratis/ratis/ratis-metrics-default/target/classes:/home/runner/work/ratis/ratis/ratis-netty/target/classes:/home/runner/work/ratis/ratis/ratis-netty/target/test-classes:/home/runner/work/ratis/ratis/ratis-grpc/target/classes:/home/runner/work/ratis/ratis/ratis-grpc/target/test-classes:/home/runner/work/ratis/ratis/ratis-shell/target/classes:/home/runner/.m2/repository/commons-cli/commons-cli/1.5.0/commons-cli-1.5.0.jar:/home/runner/.m2/repository/org/reflections/reflections/0.10.2/reflections-0.10.2.jar:/home/runner/.m2/repository/org/javassist/javassist/3.28.0-GA/javassist-3.28.0-GA.jar:/home/runner/.m2/repository/com/google/code/findbugs/jsr305/3.0.2/jsr305-3.0.2.jar:/home/runner/.m2/repository/org/bouncycastle/bcprov-jdk15on/1.70/bcprov-jdk15on-1.70.jar:/home/runner/.m2/repository/org/bouncycastle/bcpkix-jdk15on/1.70/bcpkix-jdk15on-1.70.jar:/home/runner/.m2/repository/org/bouncycastle/bcutil-jdk15on/1.70/bcutil-jdk15on-1.70.jar:/home/runner/.m2/repository/org/slf4j/slf4j-api/1.7.36/slf4j-api-1.7.36.jar:/home/runner/.m2/repository/org/slf4j/slf4j-reload4j/1.7.36/slf4j-reload4j-1.7.36.jar:/home/runner/.m2/repository/ch/qos/reload4j/reload4j/1.2.19/reload4j-1.2.19.jar:/home/runner/.m2/repository/junit/junit/4.13.2/junit-4.13.2.jar:/home/runner/.m2/repository/org/hamcrest/hamcrest-core/1.3/hamcrest-core-1.3.jar:/home/runner/.m2/repository/org/mockito/mockito-core/4.3.1/mockito-core-4.3.1.jar:/home/runner/.m2/repository/net/bytebuddy/byte-buddy/1.12.7/byte-buddy-1.12.7.jar:/home/runner/.m2/repository/net/bytebuddy/byte-buddy-agent/1.12.7/byte-buddy-agent-1.12.7.jar:/home/runner/.m2/repository/org/objenesis/objenesis/3.2/objenesis-3.2.jar:"/>
    <property name="java.vm.vendor" value="Eclipse Adoptium"/>
    <property name="sun.arch.data.model" value="64"/>
    <property name="java.vendor.url" value="https://adoptium.net/"/>
    <property name="user.timezone" value=""/>
    <property name="java.vm.specification.version" value="11"/>
    <property name="os.name" value="Linux"/>
    <property name="sun.java.launcher" value="SUN_STANDARD"/>
    <property name="sun.boot.library.path" value="/usr/lib/jvm/temurin-11-jdk-amd64/lib"/>
    <property name="sun.java.command" value="/home/runner/work/ratis/ratis/ratis-test/target/surefire/surefirebooter6428966754649190018.jar /home/runner/work/ratis/ratis/ratis-test/target/surefire 2023-02-21T19-16-58_163-jvmRun1 surefire15781959503707973778tmp surefire_3511804924032305120147tmp"/>
    <property name="jdk.debug" value="release"/>
    <property name="surefire.test.class.path" value="/home/runner/work/ratis/ratis/ratis-test/target/test-classes:/home/runner/work/ratis/ratis/ratis-test/target/classes:/home/runner/work/ratis/ratis/ratis-common/target/classes:/home/runner/.m2/repository/org/apache/ratis/ratis-thirdparty-misc/1.0.3/ratis-thirdparty-misc-1.0.3.jar:/home/runner/work/ratis/ratis/ratis-proto/target/ratis-proto-3.0.0-SNAPSHOT.jar:/home/runner/work/ratis/ratis/ratis-common/target/test-classes:/home/runner/work/ratis/ratis/ratis-client/target/classes:/home/runner/work/ratis/ratis/ratis-server/target/classes:/home/runner/work/ratis/ratis/ratis-server-api/target/classes:/home/runner/work/ratis/ratis/ratis-metrics-api/target/classes:/home/runner/work/ratis/ratis/ratis-server/target/test-classes:/home/runner/work/ratis/ratis/ratis-metrics-default/target/classes:/home/runner/work/ratis/ratis/ratis-netty/target/classes:/home/runner/work/ratis/ratis/ratis-netty/target/test-classes:/home/runner/work/ratis/ratis/ratis-grpc/target/classes:/home/runner/work/ratis/ratis/ratis-grpc/target/test-classes:/home/runner/work/ratis/ratis/ratis-shell/target/classes:/home/runner/.m2/repository/commons-cli/commons-cli/1.5.0/commons-cli-1.5.0.jar:/home/runner/.m2/repository/org/reflections/reflections/0.10.2/reflections-0.10.2.jar:/home/runner/.m2/repository/org/javassist/javassist/3.28.0-GA/javassist-3.28.0-GA.jar:/home/runner/.m2/repository/com/google/code/findbugs/jsr305/3.0.2/jsr305-3.0.2.jar:/home/runner/.m2/repository/org/bouncycastle/bcprov-jdk15on/1.70/bcprov-jdk15on-1.70.jar:/home/runner/.m2/repository/org/bouncycastle/bcpkix-jdk15on/1.70/bcpkix-jdk15on-1.70.jar:/home/runner/.m2/repository/org/bouncycastle/bcutil-jdk15on/1.70/bcutil-jdk15on-1.70.jar:/home/runner/.m2/repository/org/slf4j/slf4j-api/1.7.36/slf4j-api-1.7.36.jar:/home/runner/.m2/repository/org/slf4j/slf4j-reload4j/1.7.36/slf4j-reload4j-1.7.36.jar:/home/runner/.m2/repository/ch/qos/reload4j/reload4j/1.2.19/reload4j-1.2.19.jar:/home/runner/.m2/repository/junit/junit/4.13.2/junit-4.13.2.jar:/home/runner/.m2/repository/org/hamcrest/hamcrest-core/1.3/hamcrest-core-1.3.jar:/home/runner/.m2/repository/org/mockito/mockito-core/4.3.1/mockito-core-4.3.1.jar:/home/runner/.m2/repository/net/bytebuddy/byte-buddy/1.12.7/byte-buddy-1.12.7.jar:/home/runner/.m2/repository/net/bytebuddy/byte-buddy-agent/1.12.7/byte-buddy-agent-1.12.7.jar:/home/runner/.m2/repository/org/objenesis/objenesis/3.2/objenesis-3.2.jar:"/>
    <property name="sun.cpu.endian" value="little"/>
    <property name="user.home" value="/home/runner"/>
    <property name="user.language" value="en"/>
    <property name="java.specification.vendor" value="Oracle Corporation"/>
    <property name="java.version.date" value="2023-01-17"/>
    <property name="java.home" value="/usr/lib/jvm/temurin-11-jdk-amd64"/>
    <property name="file.separator" value="/"/>
    <property name="basedir" value="/home/runner/work/ratis/ratis/ratis-test"/>
    <property name="java.vm.compressedOopsMode" value="32-bit"/>
    <property name="line.separator" value="&#10;"/>
    <property name="java.specification.name" value="Java Platform API Specification"/>
    <property name="java.vm.specification.vendor" value="Oracle Corporation"/>
    <property name="java.awt.graphicsenv" value="sun.awt.X11GraphicsEnvironment"/>
    <property name="surefire.real.class.path" value="/home/runner/work/ratis/ratis/ratis-test/target/surefire/surefirebooter6428966754649190018.jar"/>
    <property name="sun.management.compiler" value="HotSpot 64-Bit Tiered Compilers"/>
    <property name="java.runtime.version" value="11.0.18+10"/>
    <property name="user.name" value="runner"/>
    <property name="java.net.preferIPv4Stack" value="true"/>
    <property name="path.separator" value=":"/>
    <property name="os.version" value="5.15.0-1033-azure"/>
    <property name="java.runtime.name" value="OpenJDK Runtime Environment"/>
    <property name="file.encoding" value="UTF-8"/>
    <property name="java.vm.name" value="OpenJDK 64-Bit Server VM"/>
    <property name="java.vendor.version" value="Temurin-11.0.18+10"/>
    <property name="localRepository" value="/home/runner/.m2/repository"/>
    <property name="java.vendor.url.bug" value="https://github.com/adoptium/adoptium-support/issues"/>
    <property name="java.io.tmpdir" value="/tmp"/>
    <property name="java.version" value="11.0.18"/>
    <property name="user.dir" value="/home/runner/work/ratis/ratis/ratis-test"/>
    <property name="os.arch" value="amd64"/>
    <property name="ratis.tmp.dir" value="/home/runner/work/ratis/ratis/ratis-test/target/tmp"/>
    <property name="java.vm.specification.name" value="Java Virtual Machine Specification"/>
    <property name="java.awt.printerjob" value="sun.print.PSPrinterJob"/>
    <property name="ratis.log.dir" value="/home/runner/work/ratis/ratis/ratis-test/target/log"/>
    <property name="sun.os.patch.level" value="unknown"/>
    <property name="java.library.path" value="/usr/java/packages/lib:/usr/lib64:/lib64:/lib:/usr/lib"/>
    <property name="java.vm.info" value="mixed mode"/>
    <property name="java.vendor" value="Eclipse Adoptium"/>
    <property name="java.vm.version" value="11.0.18+10"/>
    <property name="sun.io.unicode.encoding" value="UnicodeLittle"/>
    <property name="java.class.version" value="55.0"/>
  </properties>
  <testcase name="testMultipleStreamsSingleServer" classname="org.apache.ratis.datastream.TestNettyDataStreamStarTopologyWithGrpcCluster" time="16.327"/>
  <testcase name="testMultipleStreamsMultipleServers" classname="org.apache.ratis.datastream.TestNettyDataStreamStarTopologyWithGrpcCluster" time="71.223"/>
  <testcase name="testMultipleStreamsMultipleServersStepDownLeader" classname="org.apache.ratis.datastream.TestNettyDataStreamStarTopologyWithGrpcCluster" time="300.023">
    <error message="test timed out after 300 seconds" type="org.junit.runners.model.TestTimedOutException">org.junit.runners.model.TestTimedOutException: test timed out after 300 seconds
	at java.base@11.0.18/jdk.internal.misc.Unsafe.park(Native Method)
	at java.base@11.0.18/java.util.concurrent.locks.LockSupport.park(LockSupport.java:194)
	at java.base@11.0.18/java.util.concurrent.CompletableFuture$Signaller.block(CompletableFuture.java:1796)
	at java.base@11.0.18/java.util.concurrent.ForkJoinPool.managedBlock(ForkJoinPool.java:3128)
	at java.base@11.0.18/java.util.concurrent.CompletableFuture.waitingGet(CompletableFuture.java:1823)
	at java.base@11.0.18/java.util.concurrent.CompletableFuture.join(CompletableFuture.java:2043)
	at app//org.apache.ratis.datastream.DataStreamAsyncClusterTests$$Lambda$516/0x0000000100341040.apply(Unknown Source)
	at java.base@11.0.18/java.util.stream.ReferencePipeline$3$1.accept(ReferencePipeline.java:195)
	at java.base@11.0.18/java.util.ArrayList$ArrayListSpliterator.forEachRemaining(ArrayList.java:1655)
	at java.base@11.0.18/java.util.stream.AbstractPipeline.copyInto(AbstractPipeline.java:484)
	at java.base@11.0.18/java.util.stream.AbstractPipeline.wrapAndCopyInto(AbstractPipeline.java:474)
	at java.base@11.0.18/java.util.stream.ReduceOps$ReduceOp.evaluateSequential(ReduceOps.java:913)
	at java.base@11.0.18/java.util.stream.AbstractPipeline.evaluate(AbstractPipeline.java:234)
	at java.base@11.0.18/java.util.stream.ReferencePipeline.reduce(ReferencePipeline.java:558)
	at java.base@11.0.18/java.util.stream.ReferencePipeline.max(ReferencePipeline.java:594)
	at app//org.apache.ratis.datastream.DataStreamAsyncClusterTests.runTestDataStream(DataStreamAsyncClusterTests.java:97)
	at app//org.apache.ratis.datastream.DataStreamAsyncClusterTests.runTestDataStreamStepDownLeader(DataStreamAsyncClusterTests.java:82)
	at app//org.apache.ratis.datastream.DataStreamAsyncClusterTests$$Lambda$967/0x00000001004a3040.accept(Unknown Source)
	at app//org.apache.ratis.server.impl.MiniRaftCluster$Factory$Get.runWithNewCluster(MiniRaftCluster.java:141)
	at app//org.apache.ratis.server.impl.MiniRaftCluster$Factory$Get.runWithNewCluster(MiniRaftCluster.java:121)
	at app//org.apache.ratis.datastream.DataStreamAsyncClusterTests.testMultipleStreamsMultipleServersStepDownLeader(DataStreamAsyncClusterTests.java:78)
	at java.base@11.0.18/jdk.internal.reflect.NativeMethodAccessorImpl.invoke0(Native Method)
	at java.base@11.0.18/jdk.internal.reflect.NativeMethodAccessorImpl.invoke(NativeMethodAccessorImpl.java:62)
	at java.base@11.0.18/jdk.internal.reflect.DelegatingMethodAccessorImpl.invoke(DelegatingMethodAccessorImpl.java:43)
	at java.base@11.0.18/java.lang.reflect.Method.invoke(Method.java:566)
	at app//org.junit.runners.model.FrameworkMethod$1.runReflectiveCall(FrameworkMethod.java:59)
	at app//org.junit.internal.runners.model.ReflectiveCallable.run(ReflectiveCallable.java:12)
	at app//org.junit.runners.model.FrameworkMethod.invokeExplosively(FrameworkMethod.java:56)
	at app//org.junit.internal.runners.statements.InvokeMethod.evaluate(InvokeMethod.java:17)
	at app//org.junit.internal.runners.statements.RunBefores.evaluate(RunBefores.java:26)
	at app//org.junit.internal.runners.statements.RunAfters.evaluate(RunAfters.java:27)
	at app//org.junit.internal.runners.statements.FailOnTimeout$CallableStatement.call(FailOnTimeout.java:299)
	at app//org.junit.internal.runners.statements.FailOnTimeout$CallableStatement.call(FailOnTimeout.java:293)
	at java.base@11.0.18/java.util.concurrent.FutureTask.run(FutureTask.java:264)
	at java.base@11.0.18/java.lang.Thread.run(Thread.java:829)
</error>
    <system-out><![CDATA[2023-02-21 19:25:38,842 [main] INFO  util.LogUtils (Slf4jUtils.java:setLogLevel(38)) - Successfully set org.apache.ratis.conf.ConfUtils log level to WARN
2023-02-21 19:25:38,842 [main] INFO  util.LogUtils (Slf4jUtils.java:setLogLevel(38)) - Successfully set org.apache.ratis.util.FileUtils log level to TRACE
2023-02-21 19:25:38,854 [Time-limited test] INFO  impl.MiniRaftCluster (MiniRaftCluster.java:runWithNewCluster(135)) - Running runWithNewCluster
2023-02-21 19:25:38,879 [Time-limited test] INFO  impl.MiniRaftCluster (MiniRaftCluster.java:<init>(306)) - new MiniRaftClusterWithRpcTypeGrpcAndDataStreamTypeNetty with group-ECF61963C484:[s0|rpc:localhost:36399|admin:localhost:45573|client:localhost:36971|dataStream:localhost:43269|priority:0|startupRole:FOLLOWER, s1|rpc:localhost:45309|admin:localhost:41751|client:localhost:45149|dataStream:localhost:41895|priority:0|startupRole:FOLLOWER, s2|rpc:localhost:36685|admin:localhost:46439|client:localhost:40511|dataStream:localhost:44375|priority:0|startupRole:FOLLOWER]
2023-02-21 19:25:38,879 [Time-limited test] INFO  impl.MiniRaftCluster (MiniRaftCluster.java:start(339)) - .............................................................. 
2023-02-21 19:25:38,879 [Time-limited test] INFO  impl.MiniRaftCluster (MiniRaftCluster.java:start(340)) - ... 
2023-02-21 19:25:38,879 [Time-limited test] INFO  impl.MiniRaftCluster (MiniRaftCluster.java:start(341)) - ...     Starting MiniRaftClusterWithRpcTypeGrpcAndDataStreamTypeNetty
2023-02-21 19:25:38,879 [Time-limited test] INFO  impl.MiniRaftCluster (MiniRaftCluster.java:start(342)) - ... 
2023-02-21 19:25:38,879 [Time-limited test] INFO  impl.MiniRaftCluster (MiniRaftCluster.java:start(343)) - .............................................................. 
2023-02-21 19:25:38,879 [Time-limited test] INFO  impl.MiniRaftCluster (MiniRaftCluster.java:initServers(318)) - servers = {}
2023-02-21 19:25:38,880 [Time-limited test] INFO  impl.MiniRaftCluster (MiniRaftCluster.java:newRaftServer(382)) - newRaftServer: s0, group-ECF61963C484:[s0|rpc:localhost:36399|admin:localhost:45573|client:localhost:36971|dataStream:localhost:43269|priority:0|startupRole:FOLLOWER, s1|rpc:localhost:45309|admin:localhost:41751|client:localhost:45149|dataStream:localhost:41895|priority:0|startupRole:FOLLOWER, s2|rpc:localhost:36685|admin:localhost:46439|client:localhost:40511|dataStream:localhost:44375|priority:0|startupRole:FOLLOWER], format? true
2023-02-21 19:25:38,880 [Time-limited test] TRACE util.FileUtils (FileUtils.java:deleteFully(201)) - deleteFully target/test/data/90d2e47f/MiniRaftClusterWithRpcTypeGrpcAndDataStreamTypeNettyb33d0f7d/s0
2023-02-21 19:25:38,880 [Time-limited test] TRACE util.FileUtils (FileUtils.java:deleteFully(217)) - deleteFully: target/test/data/90d2e47f/MiniRaftClusterWithRpcTypeGrpcAndDataStreamTypeNettyb33d0f7d/s0 does not exist.
2023-02-21 19:25:38,880 [Time-limited test] INFO  impl.MiniRaftCluster (MiniRaftCluster.java:newRaftServer(387)) - Formatted directory target/test/data/90d2e47f/MiniRaftClusterWithRpcTypeGrpcAndDataStreamTypeNettyb33d0f7d/s0
2023-02-21 19:25:38,880 [Time-limited test] INFO  server.RaftServer (ConfUtils.java:logGet(46)) - raft.rpc.type = GRPC (default)
2023-02-21 19:25:38,880 [Time-limited test] INFO  grpc.GrpcConfigKeys (ConfUtils.java:logFallback(53)) - raft.grpc.admin.host = null (fallback to raft.grpc.server.host)
2023-02-21 19:25:38,881 [Time-limited test] INFO  grpc.GrpcConfigKeys (ConfUtils.java:logGet(46)) - raft.grpc.admin.port = 45573 (custom)
2023-02-21 19:25:38,881 [Time-limited test] INFO  grpc.GrpcConfigKeys (ConfUtils.java:logFallback(53)) - raft.grpc.client.host = null (fallback to raft.grpc.server.host)
2023-02-21 19:25:38,881 [Time-limited test] INFO  grpc.GrpcConfigKeys (ConfUtils.java:logGet(46)) - raft.grpc.client.port = 36971 (custom)
2023-02-21 19:25:38,881 [Time-limited test] INFO  grpc.GrpcConfigKeys (ConfUtils.java:logGet(46)) - raft.grpc.server.host = null (default)
2023-02-21 19:25:38,881 [Time-limited test] INFO  grpc.GrpcConfigKeys (ConfUtils.java:logGet(46)) - raft.grpc.server.port = 36399 (custom)
2023-02-21 19:25:38,881 [Time-limited test] INFO  server.GrpcService (ConfUtils.java:logGet(46)) - raft.grpc.message.size.max = 64MB (=67108864) (default)
2023-02-21 19:25:38,881 [Time-limited test] INFO  server.RaftServerConfigKeys (ConfUtils.java:logGet(46)) - raft.server.log.appender.buffer.byte-limit = 4MB (=4194304) (default)
2023-02-21 19:25:38,881 [Time-limited test] INFO  server.GrpcService (ConfUtils.java:logGet(46)) - raft.grpc.flow.control.window = 1MB (=1048576) (default)
2023-02-21 19:25:38,881 [Time-limited test] INFO  server.RaftServerConfigKeys (ConfUtils.java:logGet(46)) - raft.server.rpc.request.timeout = 3000ms (default)
2023-02-21 19:25:38,881 [Time-limited test] INFO  grpc.GrpcConfigKeys (ConfUtils.java:logGet(46)) - raft.grpc.server.heartbeat.channel = true (default)
2023-02-21 19:25:38,881 [Time-limited test] INFO  grpc.GrpcConfigKeys (ConfUtils.java:logGet(46)) - raft.grpc.server.async.request.thread.pool.cached = true (default)
2023-02-21 19:25:38,881 [Time-limited test] INFO  grpc.GrpcConfigKeys (ConfUtils.java:logGet(46)) - raft.grpc.server.async.request.thread.pool.size = 32 (default)
2023-02-21 19:25:38,883 [Time-limited test] INFO  impl.DataStreamServerImpl (ConfUtils.java:logGet(46)) - raft.datastream.type = NETTY (custom)
2023-02-21 19:25:38,883 [Time-limited test] INFO  server.RaftServerConfigKeys (ConfUtils.java:logGet(46)) - raft.server.data-stream.async.request.thread.pool.cached = false (default)
2023-02-21 19:25:38,888 [Time-limited test] INFO  server.RaftServerConfigKeys (ConfUtils.java:logGet(46)) - raft.server.data-stream.async.request.thread.pool.size = 32 (default)
2023-02-21 19:25:38,888 [Time-limited test] INFO  server.RaftServerConfigKeys (ConfUtils.java:logGet(46)) - raft.server.data-stream.async.write.thread.pool.size = 16 (default)
2023-02-21 19:25:38,888 [Time-limited test] INFO  server.RaftServerConfigKeys (ConfUtils.java:logGet(46)) - raft.server.data-stream.client.pool.size = 10 (default)
2023-02-21 19:25:38,888 [Time-limited test] INFO  netty.NettyConfigKeys$DataStream (ConfUtils.java:logGet(46)) - raft.netty.dataStream.server.use-epoll = false (default)
2023-02-21 19:25:38,888 [Time-limited test] INFO  netty.NettyConfigKeys$DataStream (ConfUtils.java:logGet(46)) - raft.netty.dataStream.server.boss-group.size = 0 (default)
2023-02-21 19:25:38,889 [Time-limited test] INFO  netty.NettyConfigKeys$DataStream (ConfUtils.java:logGet(46)) - raft.netty.dataStream.server.worker-group.size = 0 (default)
2023-02-21 19:25:38,889 [Time-limited test] INFO  netty.NettyConfigKeys$DataStream (ConfUtils.java:logGet(46)) - raft.netty.dataStream.server.tls.conf = null (default)
2023-02-21 19:25:38,889 [Time-limited test] INFO  netty.NettyConfigKeys$DataStream (ConfUtils.java:logGet(46)) - raft.netty.dataStream.host = null (default)
2023-02-21 19:25:38,889 [Time-limited test] INFO  netty.NettyConfigKeys$DataStream (ConfUtils.java:logGet(46)) - raft.netty.dataStream.port = 43269 (custom)
2023-02-21 19:25:38,890 [Time-limited test] INFO  server.RaftServerConfigKeys (ConfUtils.java:logGet(46)) - raft.server.threadpool.proxy.cached = true (default)
2023-02-21 19:25:38,890 [Time-limited test] INFO  server.RaftServerConfigKeys (ConfUtils.java:logGet(46)) - raft.server.threadpool.proxy.size = 0 (default)
2023-02-21 19:25:38,890 [Time-limited test] INFO  server.RaftServerConfigKeys (ConfUtils.java:logGet(46)) - raft.server.rpc.slowness.timeout = 60s (default)
2023-02-21 19:25:38,890 [Time-limited test] INFO  server.RaftServerConfigKeys (ConfUtils.java:logGet(46)) - raft.server.leaderelection.leader.step-down.wait-time = 10s (default)
2023-02-21 19:25:38,890 [Time-limited test] INFO  server.RaftServerConfigKeys (ConfUtils.java:logGet(46)) - raft.server.storage.dir = [/home/runner/work/ratis/ratis/ratis-test/target/test/data/90d2e47f/MiniRaftClusterWithRpcTypeGrpcAndDataStreamTypeNettyb33d0f7d/s0] (custom)
2023-02-21 19:25:38,891 [s0-NettyServerStreamRpc-bossGroup--thread1] INFO  logging.LoggingHandler (AbstractInternalLogger.java:log(148)) - [id: 0x6a589727] REGISTERED
2023-02-21 19:25:38,897 [s0-NettyServerStreamRpc-bossGroup--thread1] INFO  logging.LoggingHandler (AbstractInternalLogger.java:log(148)) - [id: 0x6a589727] BIND: 0.0.0.0/0.0.0.0:43269
2023-02-21 19:25:38,897 [s0-NettyServerStreamRpc-bossGroup--thread1] INFO  logging.LoggingHandler (AbstractInternalLogger.java:log(148)) - [id: 0x6a589727, L:/0.0.0.0:43269] ACTIVE
2023-02-21 19:25:38,898 [Time-limited test] INFO  server.RaftServer (RaftServerProxy.java:addNew(99)) - s0: addNew group-ECF61963C484:[s0|rpc:localhost:36399|admin:localhost:45573|client:localhost:36971|dataStream:localhost:43269|priority:0|startupRole:FOLLOWER, s1|rpc:localhost:45309|admin:localhost:41751|client:localhost:45149|dataStream:localhost:41895|priority:0|startupRole:FOLLOWER, s2|rpc:localhost:36685|admin:localhost:46439|client:localhost:40511|dataStream:localhost:44375|priority:0|startupRole:FOLLOWER] returns group-ECF61963C484:java.util.concurrent.CompletableFuture@2adc4bd3[Not completed]
2023-02-21 19:25:38,899 [Time-limited test] INFO  impl.MiniRaftCluster (MiniRaftCluster.java:newRaftServer(382)) - newRaftServer: s1, group-ECF61963C484:[s0|rpc:localhost:36399|admin:localhost:45573|client:localhost:36971|dataStream:localhost:43269|priority:0|startupRole:FOLLOWER, s1|rpc:localhost:45309|admin:localhost:41751|client:localhost:45149|dataStream:localhost:41895|priority:0|startupRole:FOLLOWER, s2|rpc:localhost:36685|admin:localhost:46439|client:localhost:40511|dataStream:localhost:44375|priority:0|startupRole:FOLLOWER], format? true
2023-02-21 19:25:38,899 [Time-limited test] TRACE util.FileUtils (FileUtils.java:deleteFully(201)) - deleteFully target/test/data/90d2e47f/MiniRaftClusterWithRpcTypeGrpcAndDataStreamTypeNettyb33d0f7d/s1
2023-02-21 19:25:38,899 [Time-limited test] TRACE util.FileUtils (FileUtils.java:deleteFully(217)) - deleteFully: target/test/data/90d2e47f/MiniRaftClusterWithRpcTypeGrpcAndDataStreamTypeNettyb33d0f7d/s1 does not exist.
2023-02-21 19:25:38,899 [Time-limited test] INFO  impl.MiniRaftCluster (MiniRaftCluster.java:newRaftServer(387)) - Formatted directory target/test/data/90d2e47f/MiniRaftClusterWithRpcTypeGrpcAndDataStreamTypeNettyb33d0f7d/s1
2023-02-21 19:25:38,899 [Time-limited test] INFO  server.RaftServer (ConfUtils.java:logGet(46)) - raft.rpc.type = GRPC (default)
2023-02-21 19:25:38,900 [Time-limited test] INFO  grpc.GrpcConfigKeys (ConfUtils.java:logFallback(53)) - raft.grpc.admin.host = null (fallback to raft.grpc.server.host)
2023-02-21 19:25:38,900 [Time-limited test] INFO  grpc.GrpcConfigKeys (ConfUtils.java:logGet(46)) - raft.grpc.admin.port = 41751 (custom)
2023-02-21 19:25:38,900 [Time-limited test] INFO  grpc.GrpcConfigKeys (ConfUtils.java:logFallback(53)) - raft.grpc.client.host = null (fallback to raft.grpc.server.host)
2023-02-21 19:25:38,900 [Time-limited test] INFO  grpc.GrpcConfigKeys (ConfUtils.java:logGet(46)) - raft.grpc.client.port = 45149 (custom)
2023-02-21 19:25:38,900 [Time-limited test] INFO  grpc.GrpcConfigKeys (ConfUtils.java:logGet(46)) - raft.grpc.server.host = null (default)
2023-02-21 19:25:38,900 [Time-limited test] INFO  grpc.GrpcConfigKeys (ConfUtils.java:logGet(46)) - raft.grpc.server.port = 45309 (custom)
2023-02-21 19:25:38,900 [Time-limited test] INFO  server.GrpcService (ConfUtils.java:logGet(46)) - raft.grpc.message.size.max = 64MB (=67108864) (default)
2023-02-21 19:25:38,900 [Time-limited test] INFO  server.RaftServerConfigKeys (ConfUtils.java:logGet(46)) - raft.server.log.appender.buffer.byte-limit = 4MB (=4194304) (default)
2023-02-21 19:25:38,900 [Time-limited test] INFO  server.GrpcService (ConfUtils.java:logGet(46)) - raft.grpc.flow.control.window = 1MB (=1048576) (default)
2023-02-21 19:25:38,900 [Time-limited test] INFO  server.RaftServerConfigKeys (ConfUtils.java:logGet(46)) - raft.server.rpc.request.timeout = 3000ms (default)
2023-02-21 19:25:38,900 [Time-limited test] INFO  grpc.GrpcConfigKeys (ConfUtils.java:logGet(46)) - raft.grpc.server.heartbeat.channel = true (default)
2023-02-21 19:25:38,900 [Time-limited test] INFO  grpc.GrpcConfigKeys (ConfUtils.java:logGet(46)) - raft.grpc.server.async.request.thread.pool.cached = true (default)
2023-02-21 19:25:38,900 [Time-limited test] INFO  grpc.GrpcConfigKeys (ConfUtils.java:logGet(46)) - raft.grpc.server.async.request.thread.pool.size = 32 (default)
2023-02-21 19:25:38,902 [Time-limited test] INFO  impl.DataStreamServerImpl (ConfUtils.java:logGet(46)) - raft.datastream.type = NETTY (custom)
2023-02-21 19:25:38,902 [Time-limited test] INFO  server.RaftServerConfigKeys (ConfUtils.java:logGet(46)) - raft.server.data-stream.async.request.thread.pool.cached = false (default)
2023-02-21 19:25:38,902 [Time-limited test] INFO  server.RaftServerConfigKeys (ConfUtils.java:logGet(46)) - raft.server.data-stream.async.request.thread.pool.size = 32 (default)
2023-02-21 19:25:38,902 [Time-limited test] INFO  server.RaftServerConfigKeys (ConfUtils.java:logGet(46)) - raft.server.data-stream.async.write.thread.pool.size = 16 (default)
2023-02-21 19:25:38,902 [Time-limited test] INFO  server.RaftServerConfigKeys (ConfUtils.java:logGet(46)) - raft.server.data-stream.client.pool.size = 10 (default)
2023-02-21 19:25:38,903 [Time-limited test] INFO  netty.NettyConfigKeys$DataStream (ConfUtils.java:logGet(46)) - raft.netty.dataStream.server.use-epoll = false (default)
2023-02-21 19:25:38,903 [Time-limited test] INFO  netty.NettyConfigKeys$DataStream (ConfUtils.java:logGet(46)) - raft.netty.dataStream.server.boss-group.size = 0 (default)
2023-02-21 19:25:38,903 [Time-limited test] INFO  netty.NettyConfigKeys$DataStream (ConfUtils.java:logGet(46)) - raft.netty.dataStream.server.worker-group.size = 0 (default)
2023-02-21 19:25:38,903 [Time-limited test] INFO  netty.NettyConfigKeys$DataStream (ConfUtils.java:logGet(46)) - raft.netty.dataStream.server.tls.conf = null (default)
2023-02-21 19:25:38,903 [Time-limited test] INFO  netty.NettyConfigKeys$DataStream (ConfUtils.java:logGet(46)) - raft.netty.dataStream.host = null (default)
2023-02-21 19:25:38,903 [Time-limited test] INFO  netty.NettyConfigKeys$DataStream (ConfUtils.java:logGet(46)) - raft.netty.dataStream.port = 41895 (custom)
2023-02-21 19:25:38,904 [pool-10-thread-1] INFO  server.RaftServer$Division (RaftServerImpl.java:<init>(198)) - s0: new RaftServerImpl for group-ECF61963C484:[s0|rpc:localhost:36399|admin:localhost:45573|client:localhost:36971|dataStream:localhost:43269|priority:0|startupRole:FOLLOWER, s1|rpc:localhost:45309|admin:localhost:41751|client:localhost:45149|dataStream:localhost:41895|priority:0|startupRole:FOLLOWER, s2|rpc:localhost:36685|admin:localhost:46439|client:localhost:40511|dataStream:localhost:44375|priority:0|startupRole:FOLLOWER] with MultiDataStreamStateMachine:uninitialized
2023-02-21 19:25:38,905 [pool-10-thread-1] INFO  server.RaftServerConfigKeys (ConfUtils.java:logGet(46)) - raft.server.rpc.timeout.min = 150ms (default)
2023-02-21 19:25:38,906 [pool-10-thread-1] INFO  server.RaftServerConfigKeys (ConfUtils.java:logGet(46)) - raft.server.rpc.timeout.max = 300ms (default)
2023-02-21 19:25:38,906 [pool-10-thread-1] INFO  server.RaftServerConfigKeys (ConfUtils.java:logGet(46)) - raft.server.rpc.sleep.time = 25ms (default)
2023-02-21 19:25:38,906 [pool-10-thread-1] INFO  server.RaftServerConfigKeys (ConfUtils.java:logGet(46)) - raft.server.rpc.slowness.timeout = 60s (default)
2023-02-21 19:25:38,906 [pool-10-thread-1] INFO  server.RaftServerConfigKeys (ConfUtils.java:logGet(46)) - raft.server.leaderelection.leader.step-down.wait-time = 10s (default)
2023-02-21 19:25:38,906 [pool-10-thread-1] INFO  server.RaftServerConfigKeys (ConfUtils.java:logGet(46)) - raft.server.sleep.deviation.threshold = 300ms (default)
2023-02-21 19:25:38,906 [pool-10-thread-1] INFO  server.RaftServer$Division (ServerState.java:<init>(113)) - s0@group-ECF61963C484: ConfigurationManager, init=-1: peers:[s0|rpc:localhost:36399|admin:localhost:45573|client:localhost:36971|dataStream:localhost:43269|priority:0|startupRole:FOLLOWER, s1|rpc:localhost:45309|admin:localhost:41751|client:localhost:45149|dataStream:localhost:41895|priority:0|startupRole:FOLLOWER, s2|rpc:localhost:36685|admin:localhost:46439|client:localhost:40511|dataStream:localhost:44375|priority:0|startupRole:FOLLOWER]|listeners:[], old=null, confs=<EMPTY_MAP>
2023-02-21 19:25:38,906 [pool-10-thread-1] INFO  server.RaftServerConfigKeys (ConfUtils.java:logGet(46)) - raft.server.notification.no-leader.timeout = 60s (default)
2023-02-21 19:25:38,906 [pool-10-thread-1] INFO  server.RaftServerConfigKeys (ConfUtils.java:logGet(46)) - raft.server.read.timeout = 10s (default)
2023-02-21 19:25:38,906 [pool-10-thread-1] INFO  server.RaftServerConfigKeys (ConfUtils.java:logGet(46)) - raft.server.retrycache.expirytime = 60s (default)
2023-02-21 19:25:38,906 [pool-10-thread-1] INFO  server.RaftServerConfigKeys (ConfUtils.java:logGet(46)) - raft.server.retrycache.statistics.expirytime = 100μs (default)
2023-02-21 19:25:38,906 [pool-10-thread-1] INFO  server.RaftServerConfigKeys (ConfUtils.java:logGet(46)) - raft.server.read.option = DEFAULT (default)
2023-02-21 19:25:38,904 [s1-NettyServerStreamRpc-bossGroup--thread1] INFO  logging.LoggingHandler (AbstractInternalLogger.java:log(148)) - [id: 0x5746a9a5] REGISTERED
2023-02-21 19:25:38,904 [Time-limited test] INFO  server.RaftServerConfigKeys (ConfUtils.java:logGet(46)) - raft.server.threadpool.proxy.cached = true (default)
2023-02-21 19:25:38,909 [Time-limited test] INFO  server.RaftServerConfigKeys (ConfUtils.java:logGet(46)) - raft.server.threadpool.proxy.size = 0 (default)
2023-02-21 19:25:38,909 [Time-limited test] INFO  server.RaftServerConfigKeys (ConfUtils.java:logGet(46)) - raft.server.rpc.slowness.timeout = 60s (default)
2023-02-21 19:25:38,909 [Time-limited test] INFO  server.RaftServerConfigKeys (ConfUtils.java:logGet(46)) - raft.server.leaderelection.leader.step-down.wait-time = 10s (default)
2023-02-21 19:25:38,909 [Time-limited test] INFO  server.RaftServerConfigKeys (ConfUtils.java:logGet(46)) - raft.server.storage.dir = [/home/runner/work/ratis/ratis/ratis-test/target/test/data/90d2e47f/MiniRaftClusterWithRpcTypeGrpcAndDataStreamTypeNettyb33d0f7d/s1] (custom)
2023-02-21 19:25:38,909 [s1-NettyServerStreamRpc-bossGroup--thread1] INFO  logging.LoggingHandler (AbstractInternalLogger.java:log(148)) - [id: 0x5746a9a5] BIND: 0.0.0.0/0.0.0.0:41895
2023-02-21 19:25:38,910 [s1-NettyServerStreamRpc-bossGroup--thread1] INFO  logging.LoggingHandler (AbstractInternalLogger.java:log(148)) - [id: 0x5746a9a5, L:/0.0.0.0:41895] ACTIVE
2023-02-21 19:25:38,912 [pool-10-thread-1] INFO  server.RaftServerConfigKeys (ConfUtils.java:logGet(46)) - raft.server.log.appender.install.snapshot.enabled = true (default)
2023-02-21 19:25:38,913 [pool-10-thread-1] INFO  server.RaftServerConfigKeys (ConfUtils.java:logGet(46)) - raft.server.threadpool.server.cached = true (default)
2023-02-21 19:25:38,914 [pool-10-thread-1] INFO  server.RaftServerConfigKeys (ConfUtils.java:logGet(46)) - raft.server.threadpool.server.size = 0 (default)
2023-02-21 19:25:38,914 [pool-10-thread-1] INFO  server.RaftServerConfigKeys (ConfUtils.java:logGet(46)) - raft.server.threadpool.client.cached = true (default)
2023-02-21 19:25:38,914 [pool-10-thread-1] INFO  server.RaftServerConfigKeys (ConfUtils.java:logGet(46)) - raft.server.threadpool.client.size = 0 (default)
2023-02-21 19:25:38,924 [Time-limited test] INFO  server.RaftServer (RaftServerProxy.java:addNew(99)) - s1: addNew group-ECF61963C484:[s0|rpc:localhost:36399|admin:localhost:45573|client:localhost:36971|dataStream:localhost:43269|priority:0|startupRole:FOLLOWER, s1|rpc:localhost:45309|admin:localhost:41751|client:localhost:45149|dataStream:localhost:41895|priority:0|startupRole:FOLLOWER, s2|rpc:localhost:36685|admin:localhost:46439|client:localhost:40511|dataStream:localhost:44375|priority:0|startupRole:FOLLOWER] returns group-ECF61963C484:java.util.concurrent.CompletableFuture@7c046e96[Not completed]
2023-02-21 19:25:38,925 [Time-limited test] INFO  impl.MiniRaftCluster (MiniRaftCluster.java:newRaftServer(382)) - newRaftServer: s2, group-ECF61963C484:[s0|rpc:localhost:36399|admin:localhost:45573|client:localhost:36971|dataStream:localhost:43269|priority:0|startupRole:FOLLOWER, s1|rpc:localhost:45309|admin:localhost:41751|client:localhost:45149|dataStream:localhost:41895|priority:0|startupRole:FOLLOWER, s2|rpc:localhost:36685|admin:localhost:46439|client:localhost:40511|dataStream:localhost:44375|priority:0|startupRole:FOLLOWER], format? true
2023-02-21 19:25:38,925 [Time-limited test] TRACE util.FileUtils (FileUtils.java:deleteFully(201)) - deleteFully target/test/data/90d2e47f/MiniRaftClusterWithRpcTypeGrpcAndDataStreamTypeNettyb33d0f7d/s2
2023-02-21 19:25:38,925 [Time-limited test] TRACE util.FileUtils (FileUtils.java:deleteFully(217)) - deleteFully: target/test/data/90d2e47f/MiniRaftClusterWithRpcTypeGrpcAndDataStreamTypeNettyb33d0f7d/s2 does not exist.
2023-02-21 19:25:38,926 [Time-limited test] INFO  impl.MiniRaftCluster (MiniRaftCluster.java:newRaftServer(387)) - Formatted directory target/test/data/90d2e47f/MiniRaftClusterWithRpcTypeGrpcAndDataStreamTypeNettyb33d0f7d/s2
2023-02-21 19:25:38,926 [Time-limited test] INFO  server.RaftServer (ConfUtils.java:logGet(46)) - raft.rpc.type = GRPC (default)
2023-02-21 19:25:38,926 [Time-limited test] INFO  grpc.GrpcConfigKeys (ConfUtils.java:logFallback(53)) - raft.grpc.admin.host = null (fallback to raft.grpc.server.host)
2023-02-21 19:25:38,926 [Time-limited test] INFO  grpc.GrpcConfigKeys (ConfUtils.java:logGet(46)) - raft.grpc.admin.port = 46439 (custom)
2023-02-21 19:25:38,926 [Time-limited test] INFO  grpc.GrpcConfigKeys (ConfUtils.java:logFallback(53)) - raft.grpc.client.host = null (fallback to raft.grpc.server.host)
2023-02-21 19:25:38,926 [Time-limited test] INFO  grpc.GrpcConfigKeys (ConfUtils.java:logGet(46)) - raft.grpc.client.port = 40511 (custom)
2023-02-21 19:25:38,926 [Time-limited test] INFO  grpc.GrpcConfigKeys (ConfUtils.java:logGet(46)) - raft.grpc.server.host = null (default)
2023-02-21 19:25:38,926 [Time-limited test] INFO  grpc.GrpcConfigKeys (ConfUtils.java:logGet(46)) - raft.grpc.server.port = 36685 (custom)
2023-02-21 19:25:38,926 [Time-limited test] INFO  server.GrpcService (ConfUtils.java:logGet(46)) - raft.grpc.message.size.max = 64MB (=67108864) (default)
2023-02-21 19:25:38,926 [Time-limited test] INFO  server.RaftServerConfigKeys (ConfUtils.java:logGet(46)) - raft.server.log.appender.buffer.byte-limit = 4MB (=4194304) (default)
2023-02-21 19:25:38,927 [Time-limited test] INFO  server.GrpcService (ConfUtils.java:logGet(46)) - raft.grpc.flow.control.window = 1MB (=1048576) (default)
2023-02-21 19:25:38,927 [Time-limited test] INFO  server.RaftServerConfigKeys (ConfUtils.java:logGet(46)) - raft.server.rpc.request.timeout = 3000ms (default)
2023-02-21 19:25:38,927 [Time-limited test] INFO  grpc.GrpcConfigKeys (ConfUtils.java:logGet(46)) - raft.grpc.server.heartbeat.channel = true (default)
2023-02-21 19:25:38,927 [Time-limited test] INFO  grpc.GrpcConfigKeys (ConfUtils.java:logGet(46)) - raft.grpc.server.async.request.thread.pool.cached = true (default)
2023-02-21 19:25:38,927 [Time-limited test] INFO  grpc.GrpcConfigKeys (ConfUtils.java:logGet(46)) - raft.grpc.server.async.request.thread.pool.size = 32 (default)
2023-02-21 19:25:38,929 [Time-limited test] INFO  impl.DataStreamServerImpl (ConfUtils.java:logGet(46)) - raft.datastream.type = NETTY (custom)
2023-02-21 19:25:38,929 [Time-limited test] INFO  server.RaftServerConfigKeys (ConfUtils.java:logGet(46)) - raft.server.data-stream.async.request.thread.pool.cached = false (default)
2023-02-21 19:25:38,929 [Time-limited test] INFO  server.RaftServerConfigKeys (ConfUtils.java:logGet(46)) - raft.server.data-stream.async.request.thread.pool.size = 32 (default)
2023-02-21 19:25:38,930 [Time-limited test] INFO  server.RaftServerConfigKeys (ConfUtils.java:logGet(46)) - raft.server.data-stream.async.write.thread.pool.size = 16 (default)
2023-02-21 19:25:38,930 [Time-limited test] INFO  server.RaftServerConfigKeys (ConfUtils.java:logGet(46)) - raft.server.data-stream.client.pool.size = 10 (default)
2023-02-21 19:25:38,930 [Time-limited test] INFO  netty.NettyConfigKeys$DataStream (ConfUtils.java:logGet(46)) - raft.netty.dataStream.server.use-epoll = false (default)
2023-02-21 19:25:38,930 [Time-limited test] INFO  netty.NettyConfigKeys$DataStream (ConfUtils.java:logGet(46)) - raft.netty.dataStream.server.boss-group.size = 0 (default)
2023-02-21 19:25:38,931 [Time-limited test] INFO  netty.NettyConfigKeys$DataStream (ConfUtils.java:logGet(46)) - raft.netty.dataStream.server.worker-group.size = 0 (default)
2023-02-21 19:25:38,931 [Time-limited test] INFO  netty.NettyConfigKeys$DataStream (ConfUtils.java:logGet(46)) - raft.netty.dataStream.server.tls.conf = null (default)
2023-02-21 19:25:38,931 [Time-limited test] INFO  netty.NettyConfigKeys$DataStream (ConfUtils.java:logGet(46)) - raft.netty.dataStream.host = null (default)
2023-02-21 19:25:38,931 [Time-limited test] INFO  netty.NettyConfigKeys$DataStream (ConfUtils.java:logGet(46)) - raft.netty.dataStream.port = 44375 (custom)
2023-02-21 19:25:38,932 [pool-11-thread-1] INFO  server.RaftServer$Division (RaftServerImpl.java:<init>(198)) - s1: new RaftServerImpl for group-ECF61963C484:[s0|rpc:localhost:36399|admin:localhost:45573|client:localhost:36971|dataStream:localhost:43269|priority:0|startupRole:FOLLOWER, s1|rpc:localhost:45309|admin:localhost:41751|client:localhost:45149|dataStream:localhost:41895|priority:0|startupRole:FOLLOWER, s2|rpc:localhost:36685|admin:localhost:46439|client:localhost:40511|dataStream:localhost:44375|priority:0|startupRole:FOLLOWER] with MultiDataStreamStateMachine:uninitialized
2023-02-21 19:25:38,942 [pool-11-thread-1] INFO  server.RaftServerConfigKeys (ConfUtils.java:logGet(46)) - raft.server.rpc.timeout.min = 150ms (default)
2023-02-21 19:25:38,942 [pool-11-thread-1] INFO  server.RaftServerConfigKeys (ConfUtils.java:logGet(46)) - raft.server.rpc.timeout.max = 300ms (default)
2023-02-21 19:25:38,942 [pool-11-thread-1] INFO  server.RaftServerConfigKeys (ConfUtils.java:logGet(46)) - raft.server.rpc.sleep.time = 25ms (default)
2023-02-21 19:25:38,942 [pool-11-thread-1] INFO  server.RaftServerConfigKeys (ConfUtils.java:logGet(46)) - raft.server.rpc.slowness.timeout = 60s (default)
2023-02-21 19:25:38,942 [pool-11-thread-1] INFO  server.RaftServerConfigKeys (ConfUtils.java:logGet(46)) - raft.server.leaderelection.leader.step-down.wait-time = 10s (default)
2023-02-21 19:25:38,942 [pool-11-thread-1] INFO  server.RaftServerConfigKeys (ConfUtils.java:logGet(46)) - raft.server.sleep.deviation.threshold = 300ms (default)
2023-02-21 19:25:38,943 [pool-11-thread-1] INFO  server.RaftServer$Division (ServerState.java:<init>(113)) - s1@group-ECF61963C484: ConfigurationManager, init=-1: peers:[s0|rpc:localhost:36399|admin:localhost:45573|client:localhost:36971|dataStream:localhost:43269|priority:0|startupRole:FOLLOWER, s1|rpc:localhost:45309|admin:localhost:41751|client:localhost:45149|dataStream:localhost:41895|priority:0|startupRole:FOLLOWER, s2|rpc:localhost:36685|admin:localhost:46439|client:localhost:40511|dataStream:localhost:44375|priority:0|startupRole:FOLLOWER]|listeners:[], old=null, confs=<EMPTY_MAP>
2023-02-21 19:25:38,943 [pool-11-thread-1] INFO  server.RaftServerConfigKeys (ConfUtils.java:logGet(46)) - raft.server.notification.no-leader.timeout = 60s (default)
2023-02-21 19:25:38,943 [pool-11-thread-1] INFO  server.RaftServerConfigKeys (ConfUtils.java:logGet(46)) - raft.server.read.timeout = 10s (default)
2023-02-21 19:25:38,943 [pool-11-thread-1] INFO  server.RaftServerConfigKeys (ConfUtils.java:logGet(46)) - raft.server.retrycache.expirytime = 60s (default)
2023-02-21 19:25:38,943 [pool-11-thread-1] INFO  server.RaftServerConfigKeys (ConfUtils.java:logGet(46)) - raft.server.retrycache.statistics.expirytime = 100μs (default)
2023-02-21 19:25:38,943 [pool-11-thread-1] INFO  server.RaftServerConfigKeys (ConfUtils.java:logGet(46)) - raft.server.read.option = DEFAULT (default)
2023-02-21 19:25:38,942 [Time-limited test] INFO  server.RaftServerConfigKeys (ConfUtils.java:logGet(46)) - raft.server.threadpool.proxy.cached = true (default)
2023-02-21 19:25:38,945 [Time-limited test] INFO  server.RaftServerConfigKeys (ConfUtils.java:logGet(46)) - raft.server.threadpool.proxy.size = 0 (default)
2023-02-21 19:25:38,945 [Time-limited test] INFO  server.RaftServerConfigKeys (ConfUtils.java:logGet(46)) - raft.server.rpc.slowness.timeout = 60s (default)
2023-02-21 19:25:38,945 [Time-limited test] INFO  server.RaftServerConfigKeys (ConfUtils.java:logGet(46)) - raft.server.leaderelection.leader.step-down.wait-time = 10s (default)
2023-02-21 19:25:38,946 [Time-limited test] INFO  server.RaftServerConfigKeys (ConfUtils.java:logGet(46)) - raft.server.storage.dir = [/home/runner/work/ratis/ratis/ratis-test/target/test/data/90d2e47f/MiniRaftClusterWithRpcTypeGrpcAndDataStreamTypeNettyb33d0f7d/s2] (custom)
2023-02-21 19:25:38,951 [s2-NettyServerStreamRpc-bossGroup--thread1] INFO  logging.LoggingHandler (AbstractInternalLogger.java:log(148)) - [id: 0x03cec995] REGISTERED
2023-02-21 19:25:38,951 [s2-NettyServerStreamRpc-bossGroup--thread1] INFO  logging.LoggingHandler (AbstractInternalLogger.java:log(148)) - [id: 0x03cec995] BIND: 0.0.0.0/0.0.0.0:44375
2023-02-21 19:25:38,951 [s2-NettyServerStreamRpc-bossGroup--thread1] INFO  logging.LoggingHandler (AbstractInternalLogger.java:log(148)) - [id: 0x03cec995, L:/0.0.0.0:44375] ACTIVE
2023-02-21 19:25:38,952 [pool-11-thread-1] INFO  server.RaftServerConfigKeys (ConfUtils.java:logGet(46)) - raft.server.log.appender.install.snapshot.enabled = true (default)
2023-02-21 19:25:38,952 [pool-11-thread-1] INFO  server.RaftServerConfigKeys (ConfUtils.java:logGet(46)) - raft.server.threadpool.server.cached = true (default)
2023-02-21 19:25:38,952 [pool-11-thread-1] INFO  server.RaftServerConfigKeys (ConfUtils.java:logGet(46)) - raft.server.threadpool.server.size = 0 (default)
2023-02-21 19:25:38,952 [pool-11-thread-1] INFO  server.RaftServerConfigKeys (ConfUtils.java:logGet(46)) - raft.server.threadpool.client.cached = true (default)
2023-02-21 19:25:38,952 [pool-11-thread-1] INFO  server.RaftServerConfigKeys (ConfUtils.java:logGet(46)) - raft.server.threadpool.client.size = 0 (default)
2023-02-21 19:25:38,956 [Time-limited test] INFO  server.RaftServer (RaftServerProxy.java:addNew(99)) - s2: addNew group-ECF61963C484:[s0|rpc:localhost:36399|admin:localhost:45573|client:localhost:36971|dataStream:localhost:43269|priority:0|startupRole:FOLLOWER, s1|rpc:localhost:45309|admin:localhost:41751|client:localhost:45149|dataStream:localhost:41895|priority:0|startupRole:FOLLOWER, s2|rpc:localhost:36685|admin:localhost:46439|client:localhost:40511|dataStream:localhost:44375|priority:0|startupRole:FOLLOWER] returns group-ECF61963C484:java.util.concurrent.CompletableFuture@8bb5da1[Not completed]
2023-02-21 19:25:38,958 [s0-impl-thread1] INFO  server.RaftServerConfigKeys (ConfUtils.java:logGet(46)) - raft.server.storage.free-space.min = 0MB (=0) (default)
2023-02-21 19:25:38,958 [s0-impl-thread1] INFO  server.RaftServerConfigKeys (ConfUtils.java:logGet(46)) - raft.server.log.corruption.policy = EXCEPTION (default)
2023-02-21 19:25:38,958 [s0-impl-thread1] INFO  server.RaftServerConfigKeys (ConfUtils.java:logGet(46)) - raft.server.storage.dir = [/home/runner/work/ratis/ratis/ratis-test/target/test/data/90d2e47f/MiniRaftClusterWithRpcTypeGrpcAndDataStreamTypeNettyb33d0f7d/s0] (custom)
2023-02-21 19:25:38,958 [s0-impl-thread1] INFO  storage.RaftStorageDirectory (RaftStorageDirectoryImpl.java:analyzeStorage(138)) - The storage directory /home/runner/work/ratis/ratis/ratis-test/target/test/data/90d2e47f/MiniRaftClusterWithRpcTypeGrpcAndDataStreamTypeNettyb33d0f7d/s0/29fbe4a6-54bc-4e76-9658-ecf61963c484 does not exist. Creating ...
2023-02-21 19:25:38,959 [s0-impl-thread1] TRACE util.FileUtils (LogUtils.java:runAndLog(49)) - Successfully ran Files.createDirectories /home/runner/work/ratis/ratis/ratis-test/target/test/data/90d2e47f/MiniRaftClusterWithRpcTypeGrpcAndDataStreamTypeNettyb33d0f7d/s0/29fbe4a6-54bc-4e76-9658-ecf61963c484
2023-02-21 19:25:38,960 [s0-impl-thread1] INFO  storage.RaftStorageDirectory (RaftStorageDirectoryImpl.java:tryLock(232)) - Lock on /home/runner/work/ratis/ratis/ratis-test/target/test/data/90d2e47f/MiniRaftClusterWithRpcTypeGrpcAndDataStreamTypeNettyb33d0f7d/s0/29fbe4a6-54bc-4e76-9658-ecf61963c484/in_use.lock acquired by nodename 12129@fv-az47-212
2023-02-21 19:25:38,960 [s0-impl-thread1] TRACE util.FileUtils (LogUtils.java:runAndLog(49)) - Successfully ran Files.createDirectories /home/runner/work/ratis/ratis/ratis-test/target/test/data/90d2e47f/MiniRaftClusterWithRpcTypeGrpcAndDataStreamTypeNettyb33d0f7d/s0/29fbe4a6-54bc-4e76-9658-ecf61963c484/current
2023-02-21 19:25:38,961 [s0-impl-thread1] TRACE util.FileUtils (LogUtils.java:runAndLog(49)) - Successfully ran Files.createDirectories /home/runner/work/ratis/ratis/ratis-test/target/test/data/90d2e47f/MiniRaftClusterWithRpcTypeGrpcAndDataStreamTypeNettyb33d0f7d/s0/29fbe4a6-54bc-4e76-9658-ecf61963c484/sm
2023-02-21 19:25:38,961 [pool-12-thread-1] INFO  server.RaftServer$Division (RaftServerImpl.java:<init>(198)) - s2: new RaftServerImpl for group-ECF61963C484:[s0|rpc:localhost:36399|admin:localhost:45573|client:localhost:36971|dataStream:localhost:43269|priority:0|startupRole:FOLLOWER, s1|rpc:localhost:45309|admin:localhost:41751|client:localhost:45149|dataStream:localhost:41895|priority:0|startupRole:FOLLOWER, s2|rpc:localhost:36685|admin:localhost:46439|client:localhost:40511|dataStream:localhost:44375|priority:0|startupRole:FOLLOWER] with MultiDataStreamStateMachine:uninitialized
2023-02-21 19:25:38,962 [s0-impl-thread1] INFO  storage.RaftStorage (RaftStorageImpl.java:format(96)) - Storage directory /home/runner/work/ratis/ratis/ratis-test/target/test/data/90d2e47f/MiniRaftClusterWithRpcTypeGrpcAndDataStreamTypeNettyb33d0f7d/s0/29fbe4a6-54bc-4e76-9658-ecf61963c484 has been successfully formatted.
2023-02-21 19:25:38,963 [s0-impl-thread1] INFO  server.RaftServerConfigKeys (ConfUtils.java:logGet(46)) - raft.server.log.use.memory = false (default)
2023-02-21 19:25:38,963 [s0-impl-thread1] INFO  server.RaftServerConfigKeys (ConfUtils.java:logGet(46)) - raft.server.log.purge.gap = 1024 (default)
2023-02-21 19:25:38,963 [s0-impl-thread1] INFO  server.RaftServerConfigKeys (ConfUtils.java:logGet(46)) - raft.server.log.appender.buffer.byte-limit = 4MB (=4194304) (default)
2023-02-21 19:25:38,963 [s0-impl-thread1] INFO  server.RaftServerConfigKeys (ConfUtils.java:logGet(46)) - raft.server.log.statemachine.data.read.timeout = 1000ms (default)
2023-02-21 19:25:38,963 [s0-impl-thread1] INFO  server.RaftServerConfigKeys (ConfUtils.java:logGet(46)) - raft.server.log.purge.preservation.log.num = 0 (default)
2023-02-21 19:25:38,964 [s0-impl-thread1] INFO  server.RaftServerConfigKeys (ConfUtils.java:logGet(46)) - raft.server.log.segment.size.max = 8MB (=8388608) (default)
2023-02-21 19:25:38,964 [s0-impl-thread1] INFO  server.RaftServerConfigKeys (ConfUtils.java:logGet(46)) - raft.server.log.segment.cache.num.max = 6 (default)
2023-02-21 19:25:38,964 [s0-impl-thread1] INFO  server.RaftServerConfigKeys (ConfUtils.java:logGet(46)) - raft.server.log.segment.cache.size.max = 200MB (=209715200) (default)
2023-02-21 19:25:38,964 [s0-impl-thread1] INFO  server.RaftServerConfigKeys (ConfUtils.java:logGet(46)) - raft.server.log.appender.buffer.byte-limit = 4MB (=4194304) (default)
2023-02-21 19:25:38,964 [s0-impl-thread1] INFO  segmented.SegmentedRaftLogWorker (SegmentedRaftLogWorker.java:<init>(184)) - new s0@group-ECF61963C484-SegmentedRaftLogWorker for RaftStorageImpl:Storage Directory /home/runner/work/ratis/ratis/ratis-test/target/test/data/90d2e47f/MiniRaftClusterWithRpcTypeGrpcAndDataStreamTypeNettyb33d0f7d/s0/29fbe4a6-54bc-4e76-9658-ecf61963c484
2023-02-21 19:25:38,964 [s0-impl-thread1] INFO  server.RaftServerConfigKeys (ConfUtils.java:logGet(46)) - raft.server.log.queue.byte-limit = 64MB (=67108864) (default)
2023-02-21 19:25:38,964 [s0-impl-thread1] INFO  server.RaftServerConfigKeys (ConfUtils.java:logGet(46)) - raft.server.log.queue.element-limit = 4096 (default)
2023-02-21 19:25:38,964 [s0-impl-thread1] INFO  server.RaftServerConfigKeys (ConfUtils.java:logGet(46)) - raft.server.log.segment.size.max = 8MB (=8388608) (default)
2023-02-21 19:25:38,964 [s0-impl-thread1] INFO  server.RaftServerConfigKeys (ConfUtils.java:logGet(46)) - raft.server.log.preallocated.size = 4MB (=4194304) (default)
2023-02-21 19:25:38,964 [s0-impl-thread1] INFO  server.RaftServerConfigKeys (ConfUtils.java:logGet(46)) - raft.server.log.force.sync.num = 128 (default)
2023-02-21 19:25:38,965 [s0-impl-thread1] INFO  server.RaftServerConfigKeys (ConfUtils.java:logGet(46)) - raft.server.log.statemachine.data.sync = true (default)
2023-02-21 19:25:38,965 [s0-impl-thread1] INFO  server.RaftServerConfigKeys (ConfUtils.java:logGet(46)) - raft.server.log.statemachine.data.sync.timeout = 10s (default)
2023-02-21 19:25:38,965 [s0-impl-thread1] INFO  server.RaftServerConfigKeys (ConfUtils.java:logGet(46)) - raft.server.log.statemachine.data.sync.timeout.retry = -1 (default)
2023-02-21 19:25:38,965 [s0-impl-thread1] INFO  server.RaftServerConfigKeys (ConfUtils.java:logGet(46)) - raft.server.log.write.buffer.size = 64KB (=65536) (default)
2023-02-21 19:25:38,965 [s0-impl-thread1] INFO  server.RaftServerConfigKeys (ConfUtils.java:logGet(46)) - raft.server.log.appender.buffer.byte-limit = 4MB (=4194304) (default)
2023-02-21 19:25:38,966 [s0-impl-thread1] INFO  server.RaftServerConfigKeys (ConfUtils.java:logGet(46)) - raft.server.log.unsafe-flush.enabled = false (default)
2023-02-21 19:25:38,966 [s0-impl-thread1] INFO  server.RaftServerConfigKeys (ConfUtils.java:logGet(46)) - raft.server.log.async-flush.enabled = false (default)
2023-02-21 19:25:38,966 [s0-impl-thread1] INFO  server.RaftServerConfigKeys (ConfUtils.java:logGet(46)) - raft.server.log.statemachine.data.caching.enabled = false (default)
2023-02-21 19:25:38,966 [s0-impl-thread1] INFO  segmented.SegmentedRaftLogWorker (SegmentedRaftLogWorker.java:lambda$new$0(134)) - s0@group-ECF61963C484-SegmentedRaftLogWorker: flushIndex: setUnconditionally 0 -> -1
2023-02-21 19:25:38,966 [s0-impl-thread1] INFO  segmented.SegmentedRaftLogWorker (SegmentedRaftLogWorker.java:lambda$new$0(134)) - s0@group-ECF61963C484-SegmentedRaftLogWorker: safeCacheEvictIndex: setUnconditionally 0 -> -1
2023-02-21 19:25:38,968 [pool-12-thread-1] INFO  server.RaftServerConfigKeys (ConfUtils.java:logGet(46)) - raft.server.rpc.timeout.min = 150ms (default)
2023-02-21 19:25:38,971 [s0-impl-thread1] INFO  server.RaftServer$Division (RaftServerImpl.java:start(342)) - s0@group-ECF61963C484: start as a follower, conf=-1: peers:[s0|rpc:localhost:36399|admin:localhost:45573|client:localhost:36971|dataStream:localhost:43269|priority:0|startupRole:FOLLOWER, s1|rpc:localhost:45309|admin:localhost:41751|client:localhost:45149|dataStream:localhost:41895|priority:0|startupRole:FOLLOWER, s2|rpc:localhost:36685|admin:localhost:46439|client:localhost:40511|dataStream:localhost:44375|priority:0|startupRole:FOLLOWER]|listeners:[], old=null
2023-02-21 19:25:38,971 [s0-impl-thread1] INFO  server.RaftServer$Division (RaftServerImpl.java:setRole(329)) - s0@group-ECF61963C484: changes role from      null to FOLLOWER at term 0 for startAsFollower
2023-02-21 19:25:38,971 [s0-impl-thread1] INFO  impl.RoleInfo (RoleInfo.java:updateAndGet(139)) - s0: start s0@group-ECF61963C484-FollowerState
2023-02-21 19:25:38,972 [s0-impl-thread1] INFO  util.JmxRegister (JmxRegister.java:tryRegister(44)) - Successfully registered JMX Bean with object name Ratis:service=RaftServer,group=group-ECF61963C484,id=s0
2023-02-21 19:25:38,972 [pool-12-thread-1] INFO  server.RaftServerConfigKeys (ConfUtils.java:logGet(46)) - raft.server.rpc.timeout.max = 300ms (default)
2023-02-21 19:25:38,972 [s0-impl-thread1] INFO  server.RaftServerConfigKeys (ConfUtils.java:logGet(46)) - raft.server.snapshot.auto.trigger.enabled = false (default)
2023-02-21 19:25:38,974 [s0-impl-thread1] INFO  server.RaftServerConfigKeys (ConfUtils.java:logGet(46)) - raft.server.snapshot.retention.file.num = -1 (default)
2023-02-21 19:25:38,974 [s0-impl-thread1] INFO  server.RaftServerConfigKeys (ConfUtils.java:logGet(46)) - raft.server.log.purge.upto.snapshot.index = false (default)
2023-02-21 19:25:38,975 [pool-12-thread-1] INFO  server.RaftServerConfigKeys (ConfUtils.java:logGet(46)) - raft.server.rpc.sleep.time = 25ms (default)
2023-02-21 19:25:38,975 [pool-12-thread-1] INFO  server.RaftServerConfigKeys (ConfUtils.java:logGet(46)) - raft.server.rpc.slowness.timeout = 60s (default)
2023-02-21 19:25:38,975 [pool-12-thread-1] INFO  server.RaftServerConfigKeys (ConfUtils.java:logGet(46)) - raft.server.leaderelection.leader.step-down.wait-time = 10s (default)
2023-02-21 19:25:38,975 [pool-12-thread-1] INFO  server.RaftServerConfigKeys (ConfUtils.java:logGet(46)) - raft.server.sleep.deviation.threshold = 300ms (default)
2023-02-21 19:25:38,975 [pool-12-thread-1] INFO  server.RaftServer$Division (ServerState.java:<init>(113)) - s2@group-ECF61963C484: ConfigurationManager, init=-1: peers:[s0|rpc:localhost:36399|admin:localhost:45573|client:localhost:36971|dataStream:localhost:43269|priority:0|startupRole:FOLLOWER, s1|rpc:localhost:45309|admin:localhost:41751|client:localhost:45149|dataStream:localhost:41895|priority:0|startupRole:FOLLOWER, s2|rpc:localhost:36685|admin:localhost:46439|client:localhost:40511|dataStream:localhost:44375|priority:0|startupRole:FOLLOWER]|listeners:[], old=null, confs=<EMPTY_MAP>
2023-02-21 19:25:38,975 [pool-12-thread-1] INFO  server.RaftServerConfigKeys (ConfUtils.java:logGet(46)) - raft.server.notification.no-leader.timeout = 60s (default)
2023-02-21 19:25:38,976 [pool-12-thread-1] INFO  server.RaftServerConfigKeys (ConfUtils.java:logGet(46)) - raft.server.read.timeout = 10s (default)
2023-02-21 19:25:38,976 [pool-12-thread-1] INFO  server.RaftServerConfigKeys (ConfUtils.java:logGet(46)) - raft.server.retrycache.expirytime = 60s (default)
2023-02-21 19:25:38,976 [pool-12-thread-1] INFO  server.RaftServerConfigKeys (ConfUtils.java:logGet(46)) - raft.server.retrycache.statistics.expirytime = 100μs (default)
2023-02-21 19:25:38,976 [pool-12-thread-1] INFO  server.RaftServerConfigKeys (ConfUtils.java:logGet(46)) - raft.server.read.option = DEFAULT (default)
2023-02-21 19:25:38,978 [pool-12-thread-1] INFO  server.RaftServerConfigKeys (ConfUtils.java:logGet(46)) - raft.server.log.appender.install.snapshot.enabled = true (default)
2023-02-21 19:25:38,978 [pool-12-thread-1] INFO  server.RaftServerConfigKeys (ConfUtils.java:logGet(46)) - raft.server.threadpool.server.cached = true (default)
2023-02-21 19:25:38,978 [pool-12-thread-1] INFO  server.RaftServerConfigKeys (ConfUtils.java:logGet(46)) - raft.server.threadpool.server.size = 0 (default)
2023-02-21 19:25:38,978 [pool-12-thread-1] INFO  server.RaftServerConfigKeys (ConfUtils.java:logGet(46)) - raft.server.threadpool.client.cached = true (default)
2023-02-21 19:25:38,978 [pool-12-thread-1] INFO  server.RaftServerConfigKeys (ConfUtils.java:logGet(46)) - raft.server.threadpool.client.size = 0 (default)
2023-02-21 19:25:38,985 [Time-limited test] INFO  server.RaftServer (RaftServerProxy.java:startImpl(396)) - s0: start RPC server
2023-02-21 19:25:38,986 [s0@group-ECF61963C484-FollowerState] INFO  server.RaftServerConfigKeys (ConfUtils.java:logFallback(53)) - raft.server.rpc.first-election.timeout.min = 150ms (fallback to raft.server.rpc.timeout.min)
2023-02-21 19:25:38,986 [s0@group-ECF61963C484-FollowerState] INFO  server.RaftServerConfigKeys (ConfUtils.java:logFallback(53)) - raft.server.rpc.first-election.timeout.max = 300ms (fallback to raft.server.rpc.timeout.max)
2023-02-21 19:25:38,989 [Time-limited test] INFO  server.GrpcService (GrpcService.java:startImpl(302)) - s0: GrpcService started, listening on 36971
2023-02-21 19:25:38,991 [Time-limited test] INFO  server.GrpcService (GrpcService.java:startImpl(302)) - s0: GrpcService started, listening on 36399
2023-02-21 19:25:38,992 [Time-limited test] INFO  server.GrpcService (GrpcService.java:startImpl(302)) - s0: GrpcService started, listening on 45573
2023-02-21 19:25:38,997 [s1-impl-thread1] INFO  server.RaftServerConfigKeys (ConfUtils.java:logGet(46)) - raft.server.storage.free-space.min = 0MB (=0) (default)
2023-02-21 19:25:38,997 [s1-impl-thread1] INFO  server.RaftServerConfigKeys (ConfUtils.java:logGet(46)) - raft.server.log.corruption.policy = EXCEPTION (default)
2023-02-21 19:25:38,998 [s1-impl-thread1] INFO  server.RaftServerConfigKeys (ConfUtils.java:logGet(46)) - raft.server.storage.dir = [/home/runner/work/ratis/ratis/ratis-test/target/test/data/90d2e47f/MiniRaftClusterWithRpcTypeGrpcAndDataStreamTypeNettyb33d0f7d/s1] (custom)
2023-02-21 19:25:38,998 [s1-impl-thread1] INFO  storage.RaftStorageDirectory (RaftStorageDirectoryImpl.java:analyzeStorage(138)) - The storage directory /home/runner/work/ratis/ratis/ratis-test/target/test/data/90d2e47f/MiniRaftClusterWithRpcTypeGrpcAndDataStreamTypeNettyb33d0f7d/s1/29fbe4a6-54bc-4e76-9658-ecf61963c484 does not exist. Creating ...
2023-02-21 19:25:38,998 [s1-impl-thread1] TRACE util.FileUtils (LogUtils.java:runAndLog(49)) - Successfully ran Files.createDirectories /home/runner/work/ratis/ratis/ratis-test/target/test/data/90d2e47f/MiniRaftClusterWithRpcTypeGrpcAndDataStreamTypeNettyb33d0f7d/s1/29fbe4a6-54bc-4e76-9658-ecf61963c484
2023-02-21 19:25:38,999 [JvmPauseMonitor4] INFO  util.JvmPauseMonitor (JvmPauseMonitor.java:run(105)) - JvmPauseMonitor-s0: Started
2023-02-21 19:25:38,999 [s1-impl-thread1] INFO  storage.RaftStorageDirectory (RaftStorageDirectoryImpl.java:tryLock(232)) - Lock on /home/runner/work/ratis/ratis/ratis-test/target/test/data/90d2e47f/MiniRaftClusterWithRpcTypeGrpcAndDataStreamTypeNettyb33d0f7d/s1/29fbe4a6-54bc-4e76-9658-ecf61963c484/in_use.lock acquired by nodename 12129@fv-az47-212
2023-02-21 19:25:39,000 [s1-impl-thread1] TRACE util.FileUtils (LogUtils.java:runAndLog(49)) - Successfully ran Files.createDirectories /home/runner/work/ratis/ratis/ratis-test/target/test/data/90d2e47f/MiniRaftClusterWithRpcTypeGrpcAndDataStreamTypeNettyb33d0f7d/s1/29fbe4a6-54bc-4e76-9658-ecf61963c484/current
2023-02-21 19:25:39,000 [s1-impl-thread1] TRACE util.FileUtils (LogUtils.java:runAndLog(49)) - Successfully ran Files.createDirectories /home/runner/work/ratis/ratis/ratis-test/target/test/data/90d2e47f/MiniRaftClusterWithRpcTypeGrpcAndDataStreamTypeNettyb33d0f7d/s1/29fbe4a6-54bc-4e76-9658-ecf61963c484/sm
2023-02-21 19:25:39,001 [s1-impl-thread1] INFO  storage.RaftStorage (RaftStorageImpl.java:format(96)) - Storage directory /home/runner/work/ratis/ratis/ratis-test/target/test/data/90d2e47f/MiniRaftClusterWithRpcTypeGrpcAndDataStreamTypeNettyb33d0f7d/s1/29fbe4a6-54bc-4e76-9658-ecf61963c484 has been successfully formatted.
2023-02-21 19:25:39,001 [s1-impl-thread1] INFO  server.RaftServerConfigKeys (ConfUtils.java:logGet(46)) - raft.server.log.use.memory = false (default)
2023-02-21 19:25:39,001 [s1-impl-thread1] INFO  server.RaftServerConfigKeys (ConfUtils.java:logGet(46)) - raft.server.log.purge.gap = 1024 (default)
2023-02-21 19:25:39,001 [s1-impl-thread1] INFO  server.RaftServerConfigKeys (ConfUtils.java:logGet(46)) - raft.server.log.appender.buffer.byte-limit = 4MB (=4194304) (default)
2023-02-21 19:25:39,001 [s1-impl-thread1] INFO  server.RaftServerConfigKeys (ConfUtils.java:logGet(46)) - raft.server.log.statemachine.data.read.timeout = 1000ms (default)
2023-02-21 19:25:39,002 [s1-impl-thread1] INFO  server.RaftServerConfigKeys (ConfUtils.java:logGet(46)) - raft.server.log.purge.preservation.log.num = 0 (default)
2023-02-21 19:25:39,002 [s1-impl-thread1] INFO  server.RaftServerConfigKeys (ConfUtils.java:logGet(46)) - raft.server.log.segment.size.max = 8MB (=8388608) (default)
2023-02-21 19:25:39,002 [s1-impl-thread1] INFO  server.RaftServerConfigKeys (ConfUtils.java:logGet(46)) - raft.server.log.segment.cache.num.max = 6 (default)
2023-02-21 19:25:39,002 [s1-impl-thread1] INFO  server.RaftServerConfigKeys (ConfUtils.java:logGet(46)) - raft.server.log.segment.cache.size.max = 200MB (=209715200) (default)
2023-02-21 19:25:39,003 [s1-impl-thread1] INFO  server.RaftServerConfigKeys (ConfUtils.java:logGet(46)) - raft.server.log.appender.buffer.byte-limit = 4MB (=4194304) (default)
2023-02-21 19:25:39,003 [s1-impl-thread1] INFO  segmented.SegmentedRaftLogWorker (SegmentedRaftLogWorker.java:<init>(184)) - new s1@group-ECF61963C484-SegmentedRaftLogWorker for RaftStorageImpl:Storage Directory /home/runner/work/ratis/ratis/ratis-test/target/test/data/90d2e47f/MiniRaftClusterWithRpcTypeGrpcAndDataStreamTypeNettyb33d0f7d/s1/29fbe4a6-54bc-4e76-9658-ecf61963c484
2023-02-21 19:25:39,003 [s1-impl-thread1] INFO  server.RaftServerConfigKeys (ConfUtils.java:logGet(46)) - raft.server.log.queue.byte-limit = 64MB (=67108864) (default)
2023-02-21 19:25:39,003 [s1-impl-thread1] INFO  server.RaftServerConfigKeys (ConfUtils.java:logGet(46)) - raft.server.log.queue.element-limit = 4096 (default)
2023-02-21 19:25:39,003 [s1-impl-thread1] INFO  server.RaftServerConfigKeys (ConfUtils.java:logGet(46)) - raft.server.log.segment.size.max = 8MB (=8388608) (default)
2023-02-21 19:25:39,003 [s1-impl-thread1] INFO  server.RaftServerConfigKeys (ConfUtils.java:logGet(46)) - raft.server.log.preallocated.size = 4MB (=4194304) (default)
2023-02-21 19:25:39,003 [s1-impl-thread1] INFO  server.RaftServerConfigKeys (ConfUtils.java:logGet(46)) - raft.server.log.force.sync.num = 128 (default)
2023-02-21 19:25:39,003 [s1-impl-thread1] INFO  server.RaftServerConfigKeys (ConfUtils.java:logGet(46)) - raft.server.log.statemachine.data.sync = true (default)
2023-02-21 19:25:39,003 [s1-impl-thread1] INFO  server.RaftServerConfigKeys (ConfUtils.java:logGet(46)) - raft.server.log.statemachine.data.sync.timeout = 10s (default)
2023-02-21 19:25:39,003 [s1-impl-thread1] INFO  server.RaftServerConfigKeys (ConfUtils.java:logGet(46)) - raft.server.log.statemachine.data.sync.timeout.retry = -1 (default)
2023-02-21 19:25:39,003 [s1-impl-thread1] INFO  server.RaftServerConfigKeys (ConfUtils.java:logGet(46)) - raft.server.log.write.buffer.size = 64KB (=65536) (default)
2023-02-21 19:25:39,004 [s1-impl-thread1] INFO  server.RaftServerConfigKeys (ConfUtils.java:logGet(46)) - raft.server.log.appender.buffer.byte-limit = 4MB (=4194304) (default)
2023-02-21 19:25:39,004 [s1-impl-thread1] INFO  server.RaftServerConfigKeys (ConfUtils.java:logGet(46)) - raft.server.log.unsafe-flush.enabled = false (default)
2023-02-21 19:25:39,004 [s1-impl-thread1] INFO  server.RaftServerConfigKeys (ConfUtils.java:logGet(46)) - raft.server.log.async-flush.enabled = false (default)
2023-02-21 19:25:39,005 [s1-impl-thread1] INFO  server.RaftServerConfigKeys (ConfUtils.java:logGet(46)) - raft.server.log.statemachine.data.caching.enabled = false (default)
2023-02-21 19:25:39,005 [s1-impl-thread1] INFO  segmented.SegmentedRaftLogWorker (SegmentedRaftLogWorker.java:lambda$new$0(134)) - s1@group-ECF61963C484-SegmentedRaftLogWorker: flushIndex: setUnconditionally 0 -> -1
2023-02-21 19:25:39,005 [s1-impl-thread1] INFO  segmented.SegmentedRaftLogWorker (SegmentedRaftLogWorker.java:lambda$new$0(134)) - s1@group-ECF61963C484-SegmentedRaftLogWorker: safeCacheEvictIndex: setUnconditionally 0 -> -1
2023-02-21 19:25:39,014 [s1-impl-thread1] INFO  server.RaftServer$Division (RaftServerImpl.java:start(342)) - s1@group-ECF61963C484: start as a follower, conf=-1: peers:[s0|rpc:localhost:36399|admin:localhost:45573|client:localhost:36971|dataStream:localhost:43269|priority:0|startupRole:FOLLOWER, s1|rpc:localhost:45309|admin:localhost:41751|client:localhost:45149|dataStream:localhost:41895|priority:0|startupRole:FOLLOWER, s2|rpc:localhost:36685|admin:localhost:46439|client:localhost:40511|dataStream:localhost:44375|priority:0|startupRole:FOLLOWER]|listeners:[], old=null
2023-02-21 19:25:39,014 [s1-impl-thread1] INFO  server.RaftServer$Division (RaftServerImpl.java:setRole(329)) - s1@group-ECF61963C484: changes role from      null to FOLLOWER at term 0 for startAsFollower
2023-02-21 19:25:39,014 [s1-impl-thread1] INFO  impl.RoleInfo (RoleInfo.java:updateAndGet(139)) - s1: start s1@group-ECF61963C484-FollowerState
2023-02-21 19:25:39,018 [s1-impl-thread1] INFO  util.JmxRegister (JmxRegister.java:tryRegister(44)) - Successfully registered JMX Bean with object name Ratis:service=RaftServer,group=group-ECF61963C484,id=s1
2023-02-21 19:25:39,018 [s1-impl-thread1] INFO  server.RaftServerConfigKeys (ConfUtils.java:logGet(46)) - raft.server.snapshot.auto.trigger.enabled = false (default)
2023-02-21 19:25:39,019 [s1-impl-thread1] INFO  server.RaftServerConfigKeys (ConfUtils.java:logGet(46)) - raft.server.snapshot.retention.file.num = -1 (default)
2023-02-21 19:25:39,019 [s1-impl-thread1] INFO  server.RaftServerConfigKeys (ConfUtils.java:logGet(46)) - raft.server.log.purge.upto.snapshot.index = false (default)
2023-02-21 19:25:39,019 [s1@group-ECF61963C484-FollowerState] INFO  server.RaftServerConfigKeys (ConfUtils.java:logFallback(53)) - raft.server.rpc.first-election.timeout.min = 150ms (fallback to raft.server.rpc.timeout.min)
2023-02-21 19:25:39,024 [s1@group-ECF61963C484-FollowerState] INFO  server.RaftServerConfigKeys (ConfUtils.java:logFallback(53)) - raft.server.rpc.first-election.timeout.max = 300ms (fallback to raft.server.rpc.timeout.max)
2023-02-21 19:25:39,030 [Time-limited test] INFO  server.RaftServer (RaftServerProxy.java:startImpl(396)) - s1: start RPC server
2023-02-21 19:25:39,032 [Time-limited test] INFO  server.GrpcService (GrpcService.java:startImpl(302)) - s1: GrpcService started, listening on 45149
2023-02-21 19:25:39,034 [Time-limited test] INFO  server.GrpcService (GrpcService.java:startImpl(302)) - s1: GrpcService started, listening on 45309
2023-02-21 19:25:39,036 [Time-limited test] INFO  server.GrpcService (GrpcService.java:startImpl(302)) - s1: GrpcService started, listening on 41751
2023-02-21 19:25:39,041 [s2-impl-thread1] INFO  server.RaftServerConfigKeys (ConfUtils.java:logGet(46)) - raft.server.storage.free-space.min = 0MB (=0) (default)
2023-02-21 19:25:39,041 [s2-impl-thread1] INFO  server.RaftServerConfigKeys (ConfUtils.java:logGet(46)) - raft.server.log.corruption.policy = EXCEPTION (default)
2023-02-21 19:25:39,041 [s2-impl-thread1] INFO  server.RaftServerConfigKeys (ConfUtils.java:logGet(46)) - raft.server.storage.dir = [/home/runner/work/ratis/ratis/ratis-test/target/test/data/90d2e47f/MiniRaftClusterWithRpcTypeGrpcAndDataStreamTypeNettyb33d0f7d/s2] (custom)
2023-02-21 19:25:39,042 [s2-impl-thread1] INFO  storage.RaftStorageDirectory (RaftStorageDirectoryImpl.java:analyzeStorage(138)) - The storage directory /home/runner/work/ratis/ratis/ratis-test/target/test/data/90d2e47f/MiniRaftClusterWithRpcTypeGrpcAndDataStreamTypeNettyb33d0f7d/s2/29fbe4a6-54bc-4e76-9658-ecf61963c484 does not exist. Creating ...
2023-02-21 19:25:39,042 [s2-impl-thread1] TRACE util.FileUtils (LogUtils.java:runAndLog(49)) - Successfully ran Files.createDirectories /home/runner/work/ratis/ratis/ratis-test/target/test/data/90d2e47f/MiniRaftClusterWithRpcTypeGrpcAndDataStreamTypeNettyb33d0f7d/s2/29fbe4a6-54bc-4e76-9658-ecf61963c484
2023-02-21 19:25:39,043 [JvmPauseMonitor5] INFO  util.JvmPauseMonitor (JvmPauseMonitor.java:run(105)) - JvmPauseMonitor-s1: Started
2023-02-21 19:25:39,044 [s2-impl-thread1] INFO  storage.RaftStorageDirectory (RaftStorageDirectoryImpl.java:tryLock(232)) - Lock on /home/runner/work/ratis/ratis/ratis-test/target/test/data/90d2e47f/MiniRaftClusterWithRpcTypeGrpcAndDataStreamTypeNettyb33d0f7d/s2/29fbe4a6-54bc-4e76-9658-ecf61963c484/in_use.lock acquired by nodename 12129@fv-az47-212
2023-02-21 19:25:39,044 [s2-impl-thread1] TRACE util.FileUtils (LogUtils.java:runAndLog(49)) - Successfully ran Files.createDirectories /home/runner/work/ratis/ratis/ratis-test/target/test/data/90d2e47f/MiniRaftClusterWithRpcTypeGrpcAndDataStreamTypeNettyb33d0f7d/s2/29fbe4a6-54bc-4e76-9658-ecf61963c484/current
2023-02-21 19:25:39,044 [s2-impl-thread1] TRACE util.FileUtils (LogUtils.java:runAndLog(49)) - Successfully ran Files.createDirectories /home/runner/work/ratis/ratis/ratis-test/target/test/data/90d2e47f/MiniRaftClusterWithRpcTypeGrpcAndDataStreamTypeNettyb33d0f7d/s2/29fbe4a6-54bc-4e76-9658-ecf61963c484/sm
2023-02-21 19:25:39,045 [s2-impl-thread1] INFO  storage.RaftStorage (RaftStorageImpl.java:format(96)) - Storage directory /home/runner/work/ratis/ratis/ratis-test/target/test/data/90d2e47f/MiniRaftClusterWithRpcTypeGrpcAndDataStreamTypeNettyb33d0f7d/s2/29fbe4a6-54bc-4e76-9658-ecf61963c484 has been successfully formatted.
2023-02-21 19:25:39,045 [s2-impl-thread1] INFO  server.RaftServerConfigKeys (ConfUtils.java:logGet(46)) - raft.server.log.use.memory = false (default)
2023-02-21 19:25:39,046 [s2-impl-thread1] INFO  server.RaftServerConfigKeys (ConfUtils.java:logGet(46)) - raft.server.log.purge.gap = 1024 (default)
2023-02-21 19:25:39,046 [s2-impl-thread1] INFO  server.RaftServerConfigKeys (ConfUtils.java:logGet(46)) - raft.server.log.appender.buffer.byte-limit = 4MB (=4194304) (default)
2023-02-21 19:25:39,046 [s2-impl-thread1] INFO  server.RaftServerConfigKeys (ConfUtils.java:logGet(46)) - raft.server.log.statemachine.data.read.timeout = 1000ms (default)
2023-02-21 19:25:39,046 [s2-impl-thread1] INFO  server.RaftServerConfigKeys (ConfUtils.java:logGet(46)) - raft.server.log.purge.preservation.log.num = 0 (default)
2023-02-21 19:25:39,046 [s2-impl-thread1] INFO  server.RaftServerConfigKeys (ConfUtils.java:logGet(46)) - raft.server.log.segment.size.max = 8MB (=8388608) (default)
2023-02-21 19:25:39,046 [s2-impl-thread1] INFO  server.RaftServerConfigKeys (ConfUtils.java:logGet(46)) - raft.server.log.segment.cache.num.max = 6 (default)
2023-02-21 19:25:39,046 [s2-impl-thread1] INFO  server.RaftServerConfigKeys (ConfUtils.java:logGet(46)) - raft.server.log.segment.cache.size.max = 200MB (=209715200) (default)
2023-02-21 19:25:39,046 [s2-impl-thread1] INFO  server.RaftServerConfigKeys (ConfUtils.java:logGet(46)) - raft.server.log.appender.buffer.byte-limit = 4MB (=4194304) (default)
2023-02-21 19:25:39,050 [s2-impl-thread1] INFO  segmented.SegmentedRaftLogWorker (SegmentedRaftLogWorker.java:<init>(184)) - new s2@group-ECF61963C484-SegmentedRaftLogWorker for RaftStorageImpl:Storage Directory /home/runner/work/ratis/ratis/ratis-test/target/test/data/90d2e47f/MiniRaftClusterWithRpcTypeGrpcAndDataStreamTypeNettyb33d0f7d/s2/29fbe4a6-54bc-4e76-9658-ecf61963c484
2023-02-21 19:25:39,050 [s2-impl-thread1] INFO  server.RaftServerConfigKeys (ConfUtils.java:logGet(46)) - raft.server.log.queue.byte-limit = 64MB (=67108864) (default)
2023-02-21 19:25:39,050 [s2-impl-thread1] INFO  server.RaftServerConfigKeys (ConfUtils.java:logGet(46)) - raft.server.log.queue.element-limit = 4096 (default)
2023-02-21 19:25:39,050 [s2-impl-thread1] INFO  server.RaftServerConfigKeys (ConfUtils.java:logGet(46)) - raft.server.log.segment.size.max = 8MB (=8388608) (default)
2023-02-21 19:25:39,050 [s2-impl-thread1] INFO  server.RaftServerConfigKeys (ConfUtils.java:logGet(46)) - raft.server.log.preallocated.size = 4MB (=4194304) (default)
2023-02-21 19:25:39,051 [s2-impl-thread1] INFO  server.RaftServerConfigKeys (ConfUtils.java:logGet(46)) - raft.server.log.force.sync.num = 128 (default)
2023-02-21 19:25:39,051 [s2-impl-thread1] INFO  server.RaftServerConfigKeys (ConfUtils.java:logGet(46)) - raft.server.log.statemachine.data.sync = true (default)
2023-02-21 19:25:39,051 [s2-impl-thread1] INFO  server.RaftServerConfigKeys (ConfUtils.java:logGet(46)) - raft.server.log.statemachine.data.sync.timeout = 10s (default)
2023-02-21 19:25:39,051 [s2-impl-thread1] INFO  server.RaftServerConfigKeys (ConfUtils.java:logGet(46)) - raft.server.log.statemachine.data.sync.timeout.retry = -1 (default)
2023-02-21 19:25:39,051 [s2-impl-thread1] INFO  server.RaftServerConfigKeys (ConfUtils.java:logGet(46)) - raft.server.log.write.buffer.size = 64KB (=65536) (default)
2023-02-21 19:25:39,051 [s2-impl-thread1] INFO  server.RaftServerConfigKeys (ConfUtils.java:logGet(46)) - raft.server.log.appender.buffer.byte-limit = 4MB (=4194304) (default)
2023-02-21 19:25:39,052 [s2-impl-thread1] INFO  server.RaftServerConfigKeys (ConfUtils.java:logGet(46)) - raft.server.log.unsafe-flush.enabled = false (default)
2023-02-21 19:25:39,052 [s2-impl-thread1] INFO  server.RaftServerConfigKeys (ConfUtils.java:logGet(46)) - raft.server.log.async-flush.enabled = false (default)
2023-02-21 19:25:39,052 [s2-impl-thread1] INFO  server.RaftServerConfigKeys (ConfUtils.java:logGet(46)) - raft.server.log.statemachine.data.caching.enabled = false (default)
2023-02-21 19:25:39,053 [s2-impl-thread1] INFO  segmented.SegmentedRaftLogWorker (SegmentedRaftLogWorker.java:lambda$new$0(134)) - s2@group-ECF61963C484-SegmentedRaftLogWorker: flushIndex: setUnconditionally 0 -> -1
2023-02-21 19:25:39,053 [s2-impl-thread1] INFO  segmented.SegmentedRaftLogWorker (SegmentedRaftLogWorker.java:lambda$new$0(134)) - s2@group-ECF61963C484-SegmentedRaftLogWorker: safeCacheEvictIndex: setUnconditionally 0 -> -1
2023-02-21 19:25:39,057 [s2-impl-thread1] INFO  server.RaftServer$Division (RaftServerImpl.java:start(342)) - s2@group-ECF61963C484: start as a follower, conf=-1: peers:[s0|rpc:localhost:36399|admin:localhost:45573|client:localhost:36971|dataStream:localhost:43269|priority:0|startupRole:FOLLOWER, s1|rpc:localhost:45309|admin:localhost:41751|client:localhost:45149|dataStream:localhost:41895|priority:0|startupRole:FOLLOWER, s2|rpc:localhost:36685|admin:localhost:46439|client:localhost:40511|dataStream:localhost:44375|priority:0|startupRole:FOLLOWER]|listeners:[], old=null
2023-02-21 19:25:39,058 [s2-impl-thread1] INFO  server.RaftServer$Division (RaftServerImpl.java:setRole(329)) - s2@group-ECF61963C484: changes role from      null to FOLLOWER at term 0 for startAsFollower
2023-02-21 19:25:39,058 [s2-impl-thread1] INFO  impl.RoleInfo (RoleInfo.java:updateAndGet(139)) - s2: start s2@group-ECF61963C484-FollowerState
2023-02-21 19:25:39,061 [s2-impl-thread1] INFO  util.JmxRegister (JmxRegister.java:tryRegister(44)) - Successfully registered JMX Bean with object name Ratis:service=RaftServer,group=group-ECF61963C484,id=s2
2023-02-21 19:25:39,061 [s2-impl-thread1] INFO  server.RaftServerConfigKeys (ConfUtils.java:logGet(46)) - raft.server.snapshot.auto.trigger.enabled = false (default)
2023-02-21 19:25:39,062 [s2@group-ECF61963C484-FollowerState] INFO  server.RaftServerConfigKeys (ConfUtils.java:logFallback(53)) - raft.server.rpc.first-election.timeout.min = 150ms (fallback to raft.server.rpc.timeout.min)
2023-02-21 19:25:39,062 [s2-impl-thread1] INFO  server.RaftServerConfigKeys (ConfUtils.java:logGet(46)) - raft.server.snapshot.retention.file.num = -1 (default)
2023-02-21 19:25:39,063 [s2-impl-thread1] INFO  server.RaftServerConfigKeys (ConfUtils.java:logGet(46)) - raft.server.log.purge.upto.snapshot.index = false (default)
2023-02-21 19:25:39,063 [s2@group-ECF61963C484-FollowerState] INFO  server.RaftServerConfigKeys (ConfUtils.java:logFallback(53)) - raft.server.rpc.first-election.timeout.max = 300ms (fallback to raft.server.rpc.timeout.max)
2023-02-21 19:25:39,067 [Time-limited test] INFO  server.RaftServer (RaftServerProxy.java:startImpl(396)) - s2: start RPC server
2023-02-21 19:25:39,074 [Time-limited test] INFO  server.GrpcService (GrpcService.java:startImpl(302)) - s2: GrpcService started, listening on 40511
2023-02-21 19:25:39,089 [Time-limited test] INFO  server.GrpcService (GrpcService.java:startImpl(302)) - s2: GrpcService started, listening on 36685
2023-02-21 19:25:39,091 [Time-limited test] INFO  server.GrpcService (GrpcService.java:startImpl(302)) - s2: GrpcService started, listening on 46439
2023-02-21 19:25:39,096 [JvmPauseMonitor6] INFO  util.JvmPauseMonitor (JvmPauseMonitor.java:run(105)) - JvmPauseMonitor-s2: Started
2023-02-21 19:25:39,101 [Time-limited test] INFO  server.RaftServerConfigKeys (ConfUtils.java:logGet(46)) - raft.server.rpc.timeout.max = 300ms (default)
2023-02-21 19:25:39,101 [Time-limited test] INFO  ratis.RaftTestUtil (RaftTestUtil.java:waitForLeader(100)) - printing ALL groups
  s0:  RUNNING  FOLLOWER s0@group-ECF61963C484:t0, leader=null, voted=, raftlog=Memoized:s0@group-ECF61963C484-SegmentedRaftLog:OPENED:c-1, conf=-1: peers:[s0|rpc:localhost:36399|admin:localhost:45573|client:localhost:36971|dataStream:localhost:43269|priority:0|startupRole:FOLLOWER, s1|rpc:localhost:45309|admin:localhost:41751|client:localhost:45149|dataStream:localhost:41895|priority:0|startupRole:FOLLOWER, s2|rpc:localhost:36685|admin:localhost:46439|client:localhost:40511|dataStream:localhost:44375|priority:0|startupRole:FOLLOWER]|listeners:[], old=null RUNNING
  s1:  RUNNING  FOLLOWER s1@group-ECF61963C484:t0, leader=null, voted=, raftlog=Memoized:s1@group-ECF61963C484-SegmentedRaftLog:OPENED:c-1, conf=-1: peers:[s0|rpc:localhost:36399|admin:localhost:45573|client:localhost:36971|dataStream:localhost:43269|priority:0|startupRole:FOLLOWER, s1|rpc:localhost:45309|admin:localhost:41751|client:localhost:45149|dataStream:localhost:41895|priority:0|startupRole:FOLLOWER, s2|rpc:localhost:36685|admin:localhost:46439|client:localhost:40511|dataStream:localhost:44375|priority:0|startupRole:FOLLOWER]|listeners:[], old=null RUNNING
  s2:  RUNNING  FOLLOWER s2@group-ECF61963C484:t0, leader=null, voted=, raftlog=Memoized:s2@group-ECF61963C484-SegmentedRaftLog:OPENED:c-1, conf=-1: peers:[s0|rpc:localhost:36399|admin:localhost:45573|client:localhost:36971|dataStream:localhost:43269|priority:0|startupRole:FOLLOWER, s1|rpc:localhost:45309|admin:localhost:41751|client:localhost:45149|dataStream:localhost:41895|priority:0|startupRole:FOLLOWER, s2|rpc:localhost:36685|admin:localhost:46439|client:localhost:40511|dataStream:localhost:44375|priority:0|startupRole:FOLLOWER]|listeners:[], old=null RUNNING
2023-02-21 19:25:39,102 [Time-limited test] WARN  ratis.RaftTestUtil (JavaUtils.java:attempt(217)) - FAILED "waitForLeader-null-(expectLeader? true)", attempt #1/100: java.lang.IllegalStateException: No leader yet : printing ALL groups
  s0:  RUNNING  FOLLOWER s0@group-ECF61963C484:t0, leader=null, voted=, raftlog=Memoized:s0@group-ECF61963C484-SegmentedRaftLog:OPENED:c-1, conf=-1: peers:[s0|rpc:localhost:36399|admin:localhost:45573|client:localhost:36971|dataStream:localhost:43269|priority:0|startupRole:FOLLOWER, s1|rpc:localhost:45309|admin:localhost:41751|client:localhost:45149|dataStream:localhost:41895|priority:0|startupRole:FOLLOWER, s2|rpc:localhost:36685|admin:localhost:46439|client:localhost:40511|dataStream:localhost:44375|priority:0|startupRole:FOLLOWER]|listeners:[], old=null RUNNING
  s1:  RUNNING  FOLLOWER s1@group-ECF61963C484:t0, leader=null, voted=, raftlog=Memoized:s1@group-ECF61963C484-SegmentedRaftLog:OPENED:c-1, conf=-1: peers:[s0|rpc:localhost:36399|admin:localhost:45573|client:localhost:36971|dataStream:localhost:43269|priority:0|startupRole:FOLLOWER, s1|rpc:localhost:45309|admin:localhost:41751|client:localhost:45149|dataStream:localhost:41895|priority:0|startupRole:FOLLOWER, s2|rpc:localhost:36685|admin:localhost:46439|client:localhost:40511|dataStream:localhost:44375|priority:0|startupRole:FOLLOWER]|listeners:[], old=null RUNNING
  s2:  RUNNING  FOLLOWER s2@group-ECF61963C484:t0, leader=null, voted=, raftlog=Memoized:s2@group-ECF61963C484-SegmentedRaftLog:OPENED:c-1, conf=-1: peers:[s0|rpc:localhost:36399|admin:localhost:45573|client:localhost:36971|dataStream:localhost:43269|priority:0|startupRole:FOLLOWER, s1|rpc:localhost:45309|admin:localhost:41751|client:localhost:45149|dataStream:localhost:41895|priority:0|startupRole:FOLLOWER, s2|rpc:localhost:36685|admin:localhost:46439|client:localhost:40511|dataStream:localhost:44375|priority:0|startupRole:FOLLOWER]|listeners:[], old=null RUNNING, sleep 450ms and then retry.
java.lang.IllegalStateException: No leader yet : printing ALL groups
  s0:  RUNNING  FOLLOWER s0@group-ECF61963C484:t0, leader=null, voted=, raftlog=Memoized:s0@group-ECF61963C484-SegmentedRaftLog:OPENED:c-1, conf=-1: peers:[s0|rpc:localhost:36399|admin:localhost:45573|client:localhost:36971|dataStream:localhost:43269|priority:0|startupRole:FOLLOWER, s1|rpc:localhost:45309|admin:localhost:41751|client:localhost:45149|dataStream:localhost:41895|priority:0|startupRole:FOLLOWER, s2|rpc:localhost:36685|admin:localhost:46439|client:localhost:40511|dataStream:localhost:44375|priority:0|startupRole:FOLLOWER]|listeners:[], old=null RUNNING
  s1:  RUNNING  FOLLOWER s1@group-ECF61963C484:t0, leader=null, voted=, raftlog=Memoized:s1@group-ECF61963C484-SegmentedRaftLog:OPENED:c-1, conf=-1: peers:[s0|rpc:localhost:36399|admin:localhost:45573|client:localhost:36971|dataStream:localhost:43269|priority:0|startupRole:FOLLOWER, s1|rpc:localhost:45309|admin:localhost:41751|client:localhost:45149|dataStream:localhost:41895|priority:0|startupRole:FOLLOWER, s2|rpc:localhost:36685|admin:localhost:46439|client:localhost:40511|dataStream:localhost:44375|priority:0|startupRole:FOLLOWER]|listeners:[], old=null RUNNING
  s2:  RUNNING  FOLLOWER s2@group-ECF61963C484:t0, leader=null, voted=, raftlog=Memoized:s2@group-ECF61963C484-SegmentedRaftLog:OPENED:c-1, conf=-1: peers:[s0|rpc:localhost:36399|admin:localhost:45573|client:localhost:36971|dataStream:localhost:43269|priority:0|startupRole:FOLLOWER, s1|rpc:localhost:45309|admin:localhost:41751|client:localhost:45149|dataStream:localhost:41895|priority:0|startupRole:FOLLOWER, s2|rpc:localhost:36685|admin:localhost:46439|client:localhost:40511|dataStream:localhost:44375|priority:0|startupRole:FOLLOWER]|listeners:[], old=null RUNNING
	at org.apache.ratis.server.impl.MiniRaftCluster.newIllegalStateExceptionForNoLeaders(MiniRaftCluster.java:581)
	at org.apache.ratis.RaftTestUtil.lambda$waitForLeader$1(RaftTestUtil.java:104)
	at org.apache.ratis.server.impl.MiniRaftCluster.getLeader(MiniRaftCluster.java:615)
	at org.apache.ratis.server.impl.MiniRaftCluster.getLeader(MiniRaftCluster.java:608)
	at org.apache.ratis.RaftTestUtil.lambda$waitForLeader$3(RaftTestUtil.java:112)
	at org.apache.ratis.util.JavaUtils.attempt(JavaUtils.java:211)
	at org.apache.ratis.util.JavaUtils.attemptRepeatedly(JavaUtils.java:197)
	at org.apache.ratis.RaftTestUtil.waitForLeader(RaftTestUtil.java:111)
	at org.apache.ratis.RaftTestUtil.waitForLeader(RaftTestUtil.java:92)
	at org.apache.ratis.RaftTestUtil.waitForLeader(RaftTestUtil.java:87)
	at org.apache.ratis.datastream.DataStreamAsyncClusterTests.runTestDataStream(DataStreamAsyncClusterTests.java:90)
	at org.apache.ratis.datastream.DataStreamAsyncClusterTests.runTestDataStreamStepDownLeader(DataStreamAsyncClusterTests.java:82)
	at org.apache.ratis.server.impl.MiniRaftCluster$Factory$Get.runWithNewCluster(MiniRaftCluster.java:141)
	at org.apache.ratis.server.impl.MiniRaftCluster$Factory$Get.runWithNewCluster(MiniRaftCluster.java:121)
	at org.apache.ratis.datastream.DataStreamAsyncClusterTests.testMultipleStreamsMultipleServersStepDownLeader(DataStreamAsyncClusterTests.java:78)
	at java.base/jdk.internal.reflect.NativeMethodAccessorImpl.invoke0(Native Method)
	at java.base/jdk.internal.reflect.NativeMethodAccessorImpl.invoke(NativeMethodAccessorImpl.java:62)
	at java.base/jdk.internal.reflect.DelegatingMethodAccessorImpl.invoke(DelegatingMethodAccessorImpl.java:43)
	at java.base/java.lang.reflect.Method.invoke(Method.java:566)
	at org.junit.runners.model.FrameworkMethod$1.runReflectiveCall(FrameworkMethod.java:59)
	at org.junit.internal.runners.model.ReflectiveCallable.run(ReflectiveCallable.java:12)
	at org.junit.runners.model.FrameworkMethod.invokeExplosively(FrameworkMethod.java:56)
	at org.junit.internal.runners.statements.InvokeMethod.evaluate(InvokeMethod.java:17)
	at org.junit.internal.runners.statements.RunBefores.evaluate(RunBefores.java:26)
	at org.junit.internal.runners.statements.RunAfters.evaluate(RunAfters.java:27)
	at org.junit.internal.runners.statements.FailOnTimeout$CallableStatement.call(FailOnTimeout.java:299)
	at org.junit.internal.runners.statements.FailOnTimeout$CallableStatement.call(FailOnTimeout.java:293)
	at java.base/java.util.concurrent.FutureTask.run(FutureTask.java:264)
	at java.base/java.lang.Thread.run(Thread.java:829)
2023-02-21 19:25:39,172 [s0@group-ECF61963C484-FollowerState] INFO  impl.FollowerState (FollowerState.java:run(143)) - s0@group-ECF61963C484-FollowerState: change to CANDIDATE, lastRpcElapsedTime:200165664ns, electionTimeout:185ms
2023-02-21 19:25:39,173 [s0@group-ECF61963C484-FollowerState] INFO  impl.RoleInfo (RoleInfo.java:shutdownFollowerState(110)) - s0: shutdown s0@group-ECF61963C484-FollowerState
2023-02-21 19:25:39,173 [s0@group-ECF61963C484-FollowerState] INFO  server.RaftServer$Division (RaftServerImpl.java:setRole(329)) - s0@group-ECF61963C484: changes role from  FOLLOWER to CANDIDATE at term 0 for changeToCandidate
2023-02-21 19:25:39,175 [s0@group-ECF61963C484-FollowerState] INFO  server.RaftServerConfigKeys (ConfUtils.java:logGet(46)) - raft.server.leaderelection.pre-vote = true (default)
2023-02-21 19:25:39,175 [s0@group-ECF61963C484-FollowerState] INFO  impl.RoleInfo (RoleInfo.java:updateAndGet(139)) - s0: start s0@group-ECF61963C484-LeaderElection3
2023-02-21 19:25:39,181 [s0@group-ECF61963C484-LeaderElection3] INFO  impl.LeaderElection (LeaderElection.java:askForVotes(309)) - s0@group-ECF61963C484-LeaderElection3 PRE_VOTE round 0: submit vote requests at term 0 for -1: peers:[s0|rpc:localhost:36399|admin:localhost:45573|client:localhost:36971|dataStream:localhost:43269|priority:0|startupRole:FOLLOWER, s1|rpc:localhost:45309|admin:localhost:41751|client:localhost:45149|dataStream:localhost:41895|priority:0|startupRole:FOLLOWER, s2|rpc:localhost:36685|admin:localhost:46439|client:localhost:40511|dataStream:localhost:44375|priority:0|startupRole:FOLLOWER]|listeners:[], old=null
2023-02-21 19:25:39,192 [s0@group-ECF61963C484-LeaderElection3-1] INFO  server.GrpcServerProtocolClient (GrpcServerProtocolClient.java:<init>(63)) - Build channel for s1
2023-02-21 19:25:39,192 [s0@group-ECF61963C484-LeaderElection3] INFO  server.RaftServerConfigKeys (ConfUtils.java:logFallback(53)) - raft.server.rpc.first-election.timeout.min = 150ms (fallback to raft.server.rpc.timeout.min)
2023-02-21 19:25:39,201 [s0@group-ECF61963C484-LeaderElection3] INFO  server.RaftServerConfigKeys (ConfUtils.java:logFallback(53)) - raft.server.rpc.first-election.timeout.max = 300ms (fallback to raft.server.rpc.timeout.max)
2023-02-21 19:25:39,206 [s0@group-ECF61963C484-LeaderElection3-2] INFO  server.GrpcServerProtocolClient (GrpcServerProtocolClient.java:<init>(63)) - Build channel for s2
2023-02-21 19:25:39,213 [grpc-default-executor-7] INFO  server.RaftServer$Division (RaftServerImpl.java:requestVote(1302)) - s2@group-ECF61963C484: receive requestVote(PRE_VOTE, s0, group-ECF61963C484, 0, (t:0, i:0))
2023-02-21 19:25:39,213 [grpc-default-executor-7] INFO  impl.VoteContext (VoteContext.java:log(49)) - s2@group-ECF61963C484-FOLLOWER: accept PRE_VOTE from s0: our priority 0 <= candidate's priority 0
2023-02-21 19:25:39,214 [grpc-default-executor-7] INFO  server.RaftServer$Division (RaftServerImpl.java:requestVote(1335)) - s2@group-ECF61963C484 replies to PRE_VOTE vote request: s0<-s2#0:OK-t0. Peer's state: s2@group-ECF61963C484:t0, leader=null, voted=, raftlog=Memoized:s2@group-ECF61963C484-SegmentedRaftLog:OPENED:c-1, conf=-1: peers:[s0|rpc:localhost:36399|admin:localhost:45573|client:localhost:36971|dataStream:localhost:43269|priority:0|startupRole:FOLLOWER, s1|rpc:localhost:45309|admin:localhost:41751|client:localhost:45149|dataStream:localhost:41895|priority:0|startupRole:FOLLOWER, s2|rpc:localhost:36685|admin:localhost:46439|client:localhost:40511|dataStream:localhost:44375|priority:0|startupRole:FOLLOWER]|listeners:[], old=null
2023-02-21 19:25:39,217 [s0@group-ECF61963C484-LeaderElection3] INFO  impl.LeaderElection (LeaderElection.java:logAndReturn(89)) - s0@group-ECF61963C484-LeaderElection3: PRE_VOTE PASSED received 1 response(s) and 0 exception(s):
2023-02-21 19:25:39,217 [s0@group-ECF61963C484-LeaderElection3] INFO  impl.LeaderElection (LeaderElection.java:logAndReturn(93)) -   Response 0: s0<-s2#0:OK-t0
2023-02-21 19:25:39,217 [grpc-default-executor-7] INFO  server.RaftServer$Division (RaftServerImpl.java:requestVote(1302)) - s1@group-ECF61963C484: receive requestVote(PRE_VOTE, s0, group-ECF61963C484, 0, (t:0, i:0))
2023-02-21 19:25:39,217 [s0@group-ECF61963C484-LeaderElection3] INFO  impl.LeaderElection (LeaderElection.java:askForVotes(311)) - s0@group-ECF61963C484-LeaderElection3 PRE_VOTE round 0: result PASSED
2023-02-21 19:25:39,218 [grpc-default-executor-7] INFO  impl.VoteContext (VoteContext.java:log(49)) - s1@group-ECF61963C484-FOLLOWER: accept PRE_VOTE from s0: our priority 0 <= candidate's priority 0
2023-02-21 19:25:39,218 [grpc-default-executor-7] INFO  server.RaftServer$Division (RaftServerImpl.java:requestVote(1335)) - s1@group-ECF61963C484 replies to PRE_VOTE vote request: s0<-s1#0:OK-t0. Peer's state: s1@group-ECF61963C484:t0, leader=null, voted=, raftlog=Memoized:s1@group-ECF61963C484-SegmentedRaftLog:OPENED:c-1, conf=-1: peers:[s0|rpc:localhost:36399|admin:localhost:45573|client:localhost:36971|dataStream:localhost:43269|priority:0|startupRole:FOLLOWER, s1|rpc:localhost:45309|admin:localhost:41751|client:localhost:45149|dataStream:localhost:41895|priority:0|startupRole:FOLLOWER, s2|rpc:localhost:36685|admin:localhost:46439|client:localhost:40511|dataStream:localhost:44375|priority:0|startupRole:FOLLOWER]|listeners:[], old=null
2023-02-21 19:25:39,219 [s0@group-ECF61963C484-LeaderElection3] INFO  impl.LeaderElection (LeaderElection.java:askForVotes(309)) - s0@group-ECF61963C484-LeaderElection3 ELECTION round 0: submit vote requests at term 1 for -1: peers:[s0|rpc:localhost:36399|admin:localhost:45573|client:localhost:36971|dataStream:localhost:43269|priority:0|startupRole:FOLLOWER, s1|rpc:localhost:45309|admin:localhost:41751|client:localhost:45149|dataStream:localhost:41895|priority:0|startupRole:FOLLOWER, s2|rpc:localhost:36685|admin:localhost:46439|client:localhost:40511|dataStream:localhost:44375|priority:0|startupRole:FOLLOWER]|listeners:[], old=null
2023-02-21 19:25:39,224 [s0@group-ECF61963C484-LeaderElection3] INFO  server.RaftServerConfigKeys (ConfUtils.java:logFallback(53)) - raft.server.rpc.first-election.timeout.min = 150ms (fallback to raft.server.rpc.timeout.min)
2023-02-21 19:25:39,224 [s0@group-ECF61963C484-LeaderElection3] INFO  server.RaftServerConfigKeys (ConfUtils.java:logFallback(53)) - raft.server.rpc.first-election.timeout.max = 300ms (fallback to raft.server.rpc.timeout.max)
2023-02-21 19:25:39,226 [grpc-default-executor-7] INFO  server.RaftServer$Division (RaftServerImpl.java:requestVote(1302)) - s1@group-ECF61963C484: receive requestVote(ELECTION, s0, group-ECF61963C484, 1, (t:0, i:0))
2023-02-21 19:25:39,226 [grpc-default-executor-7] INFO  impl.VoteContext (VoteContext.java:log(49)) - s1@group-ECF61963C484-FOLLOWER: accept ELECTION from s0: our priority 0 <= candidate's priority 0
2023-02-21 19:25:39,226 [grpc-default-executor-7] INFO  server.RaftServer$Division (RaftServerImpl.java:setRole(329)) - s1@group-ECF61963C484: changes role from  FOLLOWER to FOLLOWER at term 1 for candidate:s0
2023-02-21 19:25:39,227 [grpc-default-executor-7] INFO  impl.RoleInfo (RoleInfo.java:shutdownFollowerState(110)) - s1: shutdown s1@group-ECF61963C484-FollowerState
2023-02-21 19:25:39,227 [s1@group-ECF61963C484-FollowerState] INFO  impl.FollowerState (FollowerState.java:run(152)) - s1@group-ECF61963C484-FollowerState was interrupted
2023-02-21 19:25:39,226 [grpc-default-executor-6] INFO  server.RaftServer$Division (RaftServerImpl.java:requestVote(1302)) - s2@group-ECF61963C484: receive requestVote(ELECTION, s0, group-ECF61963C484, 1, (t:0, i:0))
2023-02-21 19:25:39,228 [grpc-default-executor-6] INFO  impl.VoteContext (VoteContext.java:log(49)) - s2@group-ECF61963C484-FOLLOWER: accept ELECTION from s0: our priority 0 <= candidate's priority 0
2023-02-21 19:25:39,228 [grpc-default-executor-6] INFO  server.RaftServer$Division (RaftServerImpl.java:setRole(329)) - s2@group-ECF61963C484: changes role from  FOLLOWER to FOLLOWER at term 1 for candidate:s0
2023-02-21 19:25:39,228 [grpc-default-executor-6] INFO  impl.RoleInfo (RoleInfo.java:shutdownFollowerState(110)) - s2: shutdown s2@group-ECF61963C484-FollowerState
2023-02-21 19:25:39,229 [grpc-default-executor-6] INFO  impl.RoleInfo (RoleInfo.java:updateAndGet(139)) - s2: start s2@group-ECF61963C484-FollowerState
2023-02-21 19:25:39,238 [s2@group-ECF61963C484-FollowerState] INFO  server.RaftServerConfigKeys (ConfUtils.java:logFallback(53)) - raft.server.rpc.first-election.timeout.min = 150ms (fallback to raft.server.rpc.timeout.min)
2023-02-21 19:25:39,238 [s2@group-ECF61963C484-FollowerState] INFO  server.RaftServerConfigKeys (ConfUtils.java:logFallback(53)) - raft.server.rpc.first-election.timeout.max = 300ms (fallback to raft.server.rpc.timeout.max)
2023-02-21 19:25:39,238 [grpc-default-executor-7] INFO  impl.RoleInfo (RoleInfo.java:updateAndGet(139)) - s1: start s1@group-ECF61963C484-FollowerState
2023-02-21 19:25:39,241 [grpc-default-executor-6] INFO  server.RaftServer$Division (RaftServerImpl.java:requestVote(1335)) - s2@group-ECF61963C484 replies to ELECTION vote request: s0<-s2#0:OK-t1. Peer's state: s2@group-ECF61963C484:t1, leader=null, voted=s0, raftlog=Memoized:s2@group-ECF61963C484-SegmentedRaftLog:OPENED:c-1, conf=-1: peers:[s0|rpc:localhost:36399|admin:localhost:45573|client:localhost:36971|dataStream:localhost:43269|priority:0|startupRole:FOLLOWER, s1|rpc:localhost:45309|admin:localhost:41751|client:localhost:45149|dataStream:localhost:41895|priority:0|startupRole:FOLLOWER, s2|rpc:localhost:36685|admin:localhost:46439|client:localhost:40511|dataStream:localhost:44375|priority:0|startupRole:FOLLOWER]|listeners:[], old=null
2023-02-21 19:25:39,242 [s0@group-ECF61963C484-LeaderElection3] INFO  impl.LeaderElection (LeaderElection.java:logAndReturn(89)) - s0@group-ECF61963C484-LeaderElection3: ELECTION PASSED received 1 response(s) and 0 exception(s):
2023-02-21 19:25:39,242 [s0@group-ECF61963C484-LeaderElection3] INFO  impl.LeaderElection (LeaderElection.java:logAndReturn(93)) -   Response 0: s0<-s2#0:OK-t1
2023-02-21 19:25:39,242 [s0@group-ECF61963C484-LeaderElection3] INFO  impl.LeaderElection (LeaderElection.java:askForVotes(311)) - s0@group-ECF61963C484-LeaderElection3 ELECTION round 0: result PASSED
2023-02-21 19:25:39,242 [s0@group-ECF61963C484-LeaderElection3] INFO  impl.RoleInfo (RoleInfo.java:shutdownLeaderElection(130)) - s0: shutdown s0@group-ECF61963C484-LeaderElection3
2023-02-21 19:25:39,242 [s0@group-ECF61963C484-LeaderElection3] INFO  server.RaftServer$Division (RaftServerImpl.java:setRole(329)) - s0@group-ECF61963C484: changes role from CANDIDATE to LEADER at term 1 for changeToLeader
2023-02-21 19:25:39,242 [s0@group-ECF61963C484-LeaderElection3] INFO  server.RaftServer$Division (ServerState.java:setLeader(260)) - s0@group-ECF61963C484: change Leader from null to s0 at term 1 for becomeLeader, leader elected after 336ms
2023-02-21 19:25:39,242 [s0@group-ECF61963C484-LeaderElection3] INFO  server.RaftServerConfigKeys (ConfUtils.java:logGet(46)) - raft.server.staging.catchup.gap = 1000 (default)
2023-02-21 19:25:39,242 [s2@group-ECF61963C484-FollowerState] INFO  impl.FollowerState (FollowerState.java:run(152)) - s2@group-ECF61963C484-FollowerState was interrupted
2023-02-21 19:25:39,242 [s1@group-ECF61963C484-FollowerState] INFO  server.RaftServerConfigKeys (ConfUtils.java:logFallback(53)) - raft.server.rpc.first-election.timeout.min = 150ms (fallback to raft.server.rpc.timeout.min)
2023-02-21 19:25:39,242 [s0@group-ECF61963C484-LeaderElection3] INFO  server.RaftServerConfigKeys (ConfUtils.java:logGet(46)) - raft.server.write.element-limit = 4096 (default)
2023-02-21 19:25:39,244 [s0@group-ECF61963C484-LeaderElection3] INFO  server.RaftServerConfigKeys (ConfUtils.java:logGet(46)) - raft.server.write.byte-limit = 64MB (=67108864) (default)
2023-02-21 19:25:39,244 [grpc-default-executor-7] INFO  server.RaftServer$Division (RaftServerImpl.java:requestVote(1335)) - s1@group-ECF61963C484 replies to ELECTION vote request: s0<-s1#0:OK-t1. Peer's state: s1@group-ECF61963C484:t1, leader=null, voted=s0, raftlog=Memoized:s1@group-ECF61963C484-SegmentedRaftLog:OPENED:c-1, conf=-1: peers:[s0|rpc:localhost:36399|admin:localhost:45573|client:localhost:36971|dataStream:localhost:43269|priority:0|startupRole:FOLLOWER, s1|rpc:localhost:45309|admin:localhost:41751|client:localhost:45149|dataStream:localhost:41895|priority:0|startupRole:FOLLOWER, s2|rpc:localhost:36685|admin:localhost:46439|client:localhost:40511|dataStream:localhost:44375|priority:0|startupRole:FOLLOWER]|listeners:[], old=null
2023-02-21 19:25:39,245 [s0@group-ECF61963C484-LeaderElection3] INFO  server.RaftServerConfigKeys (ConfUtils.java:logGet(46)) - raft.server.watch.timeout = 10s (default)
2023-02-21 19:25:39,245 [s0@group-ECF61963C484-LeaderElection3] INFO  server.RaftServerConfigKeys (ConfUtils.java:logGet(46)) - raft.server.watch.timeout.denomination = 1s (default)
2023-02-21 19:25:39,245 [s0@group-ECF61963C484-LeaderElection3] INFO  server.RaftServerConfigKeys (ConfUtils.java:logGet(46)) - raft.server.watch.element-limit = 65536 (default)
2023-02-21 19:25:39,245 [s0@group-ECF61963C484-LeaderElection3] INFO  server.RaftServerConfigKeys (ConfUtils.java:logGet(46)) - raft.server.write.element-limit = 4096 (default)
2023-02-21 19:25:39,245 [s0@group-ECF61963C484-LeaderElection3] INFO  server.RaftServerConfigKeys (ConfUtils.java:logGet(46)) - raft.server.write.follower.gap.ratio.max = -1.0 (default)
2023-02-21 19:25:39,245 [s0@group-ECF61963C484-LeaderElection3] INFO  server.RaftServerConfigKeys (ConfUtils.java:logGet(46)) - raft.server.log.appender.snapshot.chunk.size.max = 16MB (=16777216) (default)
2023-02-21 19:25:39,245 [s0@group-ECF61963C484-LeaderElection3] INFO  server.RaftServerConfigKeys (ConfUtils.java:logGet(46)) - raft.server.log.appender.buffer.byte-limit = 4MB (=4194304) (default)
2023-02-21 19:25:39,245 [s0@group-ECF61963C484-LeaderElection3] INFO  server.RaftServerConfigKeys (ConfUtils.java:logGet(46)) - raft.server.log.appender.buffer.element-limit = 0 (default)
2023-02-21 19:25:39,246 [s0@group-ECF61963C484-LeaderElection3] INFO  grpc.GrpcConfigKeys (ConfUtils.java:logGet(46)) - raft.grpc.server.leader.outstanding.appends.max = 128 (default)
2023-02-21 19:25:39,246 [s0@group-ECF61963C484-LeaderElection3] INFO  server.RaftServerConfigKeys (ConfUtils.java:logGet(46)) - raft.server.rpc.request.timeout = 3000ms (default)
2023-02-21 19:25:39,246 [s0@group-ECF61963C484-LeaderElection3] INFO  server.RaftServerConfigKeys (ConfUtils.java:logGet(46)) - raft.server.log.appender.install.snapshot.enabled = true (default)
2023-02-21 19:25:39,246 [s0@group-ECF61963C484-LeaderElection3] INFO  grpc.GrpcConfigKeys (ConfUtils.java:logGet(46)) - raft.grpc.server.heartbeat.channel = true (default)
2023-02-21 19:25:39,246 [s0@group-ECF61963C484-LeaderElection3] INFO  server.RaftServerConfigKeys (ConfUtils.java:logGet(46)) - raft.server.log.appender.wait-time.min = 10ms (default)
2023-02-21 19:25:39,246 [s0@group-ECF61963C484-LeaderElection3] INFO  server.RaftServerConfigKeys (ConfUtils.java:logGet(46)) - raft.server.log.appender.snapshot.chunk.size.max = 16MB (=16777216) (default)
2023-02-21 19:25:39,246 [s0@group-ECF61963C484-LeaderElection3] INFO  server.RaftServerConfigKeys (ConfUtils.java:logGet(46)) - raft.server.log.appender.buffer.byte-limit = 4MB (=4194304) (default)
2023-02-21 19:25:39,246 [s0@group-ECF61963C484-LeaderElection3] INFO  server.RaftServerConfigKeys (ConfUtils.java:logGet(46)) - raft.server.log.appender.buffer.element-limit = 0 (default)
2023-02-21 19:25:39,246 [s0@group-ECF61963C484-LeaderElection3] INFO  grpc.GrpcConfigKeys (ConfUtils.java:logGet(46)) - raft.grpc.server.leader.outstanding.appends.max = 128 (default)
2023-02-21 19:25:39,246 [s0@group-ECF61963C484-LeaderElection3] INFO  server.RaftServerConfigKeys (ConfUtils.java:logGet(46)) - raft.server.rpc.request.timeout = 3000ms (default)
2023-02-21 19:25:39,246 [s0@group-ECF61963C484-LeaderElection3] INFO  server.RaftServerConfigKeys (ConfUtils.java:logGet(46)) - raft.server.log.appender.install.snapshot.enabled = true (default)
2023-02-21 19:25:39,246 [s0@group-ECF61963C484-LeaderElection3] INFO  grpc.GrpcConfigKeys (ConfUtils.java:logGet(46)) - raft.grpc.server.heartbeat.channel = true (default)
2023-02-21 19:25:39,246 [s0@group-ECF61963C484-LeaderElection3] INFO  server.RaftServerConfigKeys (ConfUtils.java:logGet(46)) - raft.server.log.appender.wait-time.min = 10ms (default)
2023-02-21 19:25:39,247 [s0@group-ECF61963C484-LeaderElection3] INFO  impl.RoleInfo (RoleInfo.java:updateAndGet(139)) - s0: start s0@group-ECF61963C484-LeaderStateImpl
2023-02-21 19:25:39,247 [s0@group-ECF61963C484-LeaderElection3] INFO  segmented.SegmentedRaftLogWorker (SegmentedRaftLogWorker.java:startLogSegment(431)) - s0@group-ECF61963C484-SegmentedRaftLogWorker: Starting segment from index:0
2023-02-21 19:25:39,247 [s1@group-ECF61963C484-FollowerState] INFO  server.RaftServerConfigKeys (ConfUtils.java:logFallback(53)) - raft.server.rpc.first-election.timeout.max = 300ms (fallback to raft.server.rpc.timeout.max)
2023-02-21 19:25:39,261 [s0@group-ECF61963C484-SegmentedRaftLogWorker] INFO  segmented.SegmentedRaftLogWorker (SegmentedRaftLogWorker.java:execute(635)) - s0@group-ECF61963C484-SegmentedRaftLogWorker: created new log segment /home/runner/work/ratis/ratis/ratis-test/target/test/data/90d2e47f/MiniRaftClusterWithRpcTypeGrpcAndDataStreamTypeNettyb33d0f7d/s0/29fbe4a6-54bc-4e76-9658-ecf61963c484/current/log_inprogress_0
2023-02-21 19:25:39,278 [s0@group-ECF61963C484-LeaderElection3] INFO  server.RaftServer$Division (ServerState.java:setRaftConf(378)) - s0@group-ECF61963C484: set configuration 0: peers:[s0|rpc:localhost:36399|admin:localhost:45573|client:localhost:36971|dataStream:localhost:43269|priority:0|startupRole:FOLLOWER, s1|rpc:localhost:45309|admin:localhost:41751|client:localhost:45149|dataStream:localhost:41895|priority:0|startupRole:FOLLOWER, s2|rpc:localhost:36685|admin:localhost:46439|client:localhost:40511|dataStream:localhost:44375|priority:0|startupRole:FOLLOWER]|listeners:[], old=null
2023-02-21 19:25:39,279 [s1-server-thread1] INFO  server.RaftServer$Division (ServerState.java:setLeader(260)) - s1@group-ECF61963C484: change Leader from null to s0 at term 1 for appendEntries, leader elected after 336ms
2023-02-21 19:25:39,282 [s2-server-thread1] INFO  server.RaftServer$Division (ServerState.java:setLeader(260)) - s2@group-ECF61963C484: change Leader from null to s0 at term 1 for appendEntries, leader elected after 306ms
2023-02-21 19:25:39,294 [s1-server-thread2] INFO  server.RaftServer$Division (ServerState.java:setRaftConf(378)) - s1@group-ECF61963C484: set configuration 0: peers:[s0|rpc:localhost:36399|admin:localhost:45573|client:localhost:36971|dataStream:localhost:43269|priority:0|startupRole:FOLLOWER, s1|rpc:localhost:45309|admin:localhost:41751|client:localhost:45149|dataStream:localhost:41895|priority:0|startupRole:FOLLOWER, s2|rpc:localhost:36685|admin:localhost:46439|client:localhost:40511|dataStream:localhost:44375|priority:0|startupRole:FOLLOWER]|listeners:[], old=null
2023-02-21 19:25:39,294 [s1-server-thread2] INFO  segmented.SegmentedRaftLogWorker (SegmentedRaftLogWorker.java:startLogSegment(431)) - s1@group-ECF61963C484-SegmentedRaftLogWorker: Starting segment from index:0
2023-02-21 19:25:39,299 [s2-server-thread2] INFO  server.RaftServer$Division (ServerState.java:setRaftConf(378)) - s2@group-ECF61963C484: set configuration 0: peers:[s0|rpc:localhost:36399|admin:localhost:45573|client:localhost:36971|dataStream:localhost:43269|priority:0|startupRole:FOLLOWER, s1|rpc:localhost:45309|admin:localhost:41751|client:localhost:45149|dataStream:localhost:41895|priority:0|startupRole:FOLLOWER, s2|rpc:localhost:36685|admin:localhost:46439|client:localhost:40511|dataStream:localhost:44375|priority:0|startupRole:FOLLOWER]|listeners:[], old=null
2023-02-21 19:25:39,302 [s2-server-thread2] INFO  segmented.SegmentedRaftLogWorker (SegmentedRaftLogWorker.java:startLogSegment(431)) - s2@group-ECF61963C484-SegmentedRaftLogWorker: Starting segment from index:0
2023-02-21 19:25:39,314 [s1@group-ECF61963C484-SegmentedRaftLogWorker] INFO  segmented.SegmentedRaftLogWorker (SegmentedRaftLogWorker.java:execute(635)) - s1@group-ECF61963C484-SegmentedRaftLogWorker: created new log segment /home/runner/work/ratis/ratis/ratis-test/target/test/data/90d2e47f/MiniRaftClusterWithRpcTypeGrpcAndDataStreamTypeNettyb33d0f7d/s1/29fbe4a6-54bc-4e76-9658-ecf61963c484/current/log_inprogress_0
2023-02-21 19:25:39,314 [s2@group-ECF61963C484-SegmentedRaftLogWorker] INFO  segmented.SegmentedRaftLogWorker (SegmentedRaftLogWorker.java:execute(635)) - s2@group-ECF61963C484-SegmentedRaftLogWorker: created new log segment /home/runner/work/ratis/ratis/ratis-test/target/test/data/90d2e47f/MiniRaftClusterWithRpcTypeGrpcAndDataStreamTypeNettyb33d0f7d/s2/29fbe4a6-54bc-4e76-9658-ecf61963c484/current/log_inprogress_0
2023-02-21 19:25:39,552 [Time-limited test] INFO  ratis.RaftTestUtil (RaftTestUtil.java:waitForLeader(119)) - printing ALL groups
  s0:  RUNNING    LEADER s0@group-ECF61963C484:t1, leader=s0, voted=s0, raftlog=Memoized:s0@group-ECF61963C484-SegmentedRaftLog:OPENED:c0, conf=0: peers:[s0|rpc:localhost:36399|admin:localhost:45573|client:localhost:36971|dataStream:localhost:43269|priority:0|startupRole:FOLLOWER, s1|rpc:localhost:45309|admin:localhost:41751|client:localhost:45149|dataStream:localhost:41895|priority:0|startupRole:FOLLOWER, s2|rpc:localhost:36685|admin:localhost:46439|client:localhost:40511|dataStream:localhost:44375|priority:0|startupRole:FOLLOWER]|listeners:[], old=null RUNNING
  s1:  RUNNING  FOLLOWER s1@group-ECF61963C484:t1, leader=s0, voted=s0, raftlog=Memoized:s1@group-ECF61963C484-SegmentedRaftLog:OPENED:c0, conf=0: peers:[s0|rpc:localhost:36399|admin:localhost:45573|client:localhost:36971|dataStream:localhost:43269|priority:0|startupRole:FOLLOWER, s1|rpc:localhost:45309|admin:localhost:41751|client:localhost:45149|dataStream:localhost:41895|priority:0|startupRole:FOLLOWER, s2|rpc:localhost:36685|admin:localhost:46439|client:localhost:40511|dataStream:localhost:44375|priority:0|startupRole:FOLLOWER]|listeners:[], old=null RUNNING
  s2:  RUNNING  FOLLOWER s2@group-ECF61963C484:t1, leader=s0, voted=s0, raftlog=Memoized:s2@group-ECF61963C484-SegmentedRaftLog:OPENED:c0, conf=0: peers:[s0|rpc:localhost:36399|admin:localhost:45573|client:localhost:36971|dataStream:localhost:43269|priority:0|startupRole:FOLLOWER, s1|rpc:localhost:45309|admin:localhost:41751|client:localhost:45149|dataStream:localhost:41895|priority:0|startupRole:FOLLOWER, s2|rpc:localhost:36685|admin:localhost:46439|client:localhost:40511|dataStream:localhost:44375|priority:0|startupRole:FOLLOWER]|listeners:[], old=null RUNNING
2023-02-21 19:25:39,557 [pool-9-thread-3] INFO  server.RaftServerConfigKeys (ConfUtils.java:logGet(46)) - raft.server.rpc.timeout.max = 300ms (default)
2023-02-21 19:25:39,557 [pool-9-thread-5] INFO  server.RaftServerConfigKeys (ConfUtils.java:logGet(46)) - raft.server.rpc.timeout.max = 300ms (default)
2023-02-21 19:25:39,563 [pool-9-thread-8] INFO  server.RaftServerConfigKeys (ConfUtils.java:logGet(46)) - raft.server.rpc.timeout.max = 300ms (default)
2023-02-21 19:25:39,568 [pool-9-thread-9] INFO  server.RaftServerConfigKeys (ConfUtils.java:logGet(46)) - raft.server.rpc.timeout.max = 300ms (default)
2023-02-21 19:25:39,558 [pool-9-thread-7] INFO  server.RaftServerConfigKeys (ConfUtils.java:logGet(46)) - raft.server.rpc.timeout.max = 300ms (default)
2023-02-21 19:25:39,558 [pool-9-thread-6] INFO  server.RaftServerConfigKeys (ConfUtils.java:logGet(46)) - raft.server.rpc.timeout.max = 300ms (default)
2023-02-21 19:25:39,567 [pool-9-thread-4] INFO  server.RaftServerConfigKeys (ConfUtils.java:logGet(46)) - raft.server.rpc.timeout.max = 300ms (default)
2023-02-21 19:25:39,573 [pool-9-thread-8] INFO  ratis.RaftTestUtil (RaftTestUtil.java:waitForLeader(100)) - printing ALL groups
  s0:  RUNNING    LEADER s0@group-ECF61963C484:t1, leader=s0, voted=s0, raftlog=Memoized:s0@group-ECF61963C484-SegmentedRaftLog:OPENED:c0, conf=0: peers:[s0|rpc:localhost:36399|admin:localhost:45573|client:localhost:36971|dataStream:localhost:43269|priority:0|startupRole:FOLLOWER, s1|rpc:localhost:45309|admin:localhost:41751|client:localhost:45149|dataStream:localhost:41895|priority:0|startupRole:FOLLOWER, s2|rpc:localhost:36685|admin:localhost:46439|client:localhost:40511|dataStream:localhost:44375|priority:0|startupRole:FOLLOWER]|listeners:[], old=null RUNNING
  s1:  RUNNING  FOLLOWER s1@group-ECF61963C484:t1, leader=s0, voted=s0, raftlog=Memoized:s1@group-ECF61963C484-SegmentedRaftLog:OPENED:c0, conf=0: peers:[s0|rpc:localhost:36399|admin:localhost:45573|client:localhost:36971|dataStream:localhost:43269|priority:0|startupRole:FOLLOWER, s1|rpc:localhost:45309|admin:localhost:41751|client:localhost:45149|dataStream:localhost:41895|priority:0|startupRole:FOLLOWER, s2|rpc:localhost:36685|admin:localhost:46439|client:localhost:40511|dataStream:localhost:44375|priority:0|startupRole:FOLLOWER]|listeners:[], old=null RUNNING
  s2:  RUNNING  FOLLOWER s2@group-ECF61963C484:t1, leader=s0, voted=s0, raftlog=Memoized:s2@group-ECF61963C484-SegmentedRaftLog:OPENED:c0, conf=0: peers:[s0|rpc:localhost:36399|admin:localhost:45573|client:localhost:36971|dataStream:localhost:43269|priority:0|startupRole:FOLLOWER, s1|rpc:localhost:45309|admin:localhost:41751|client:localhost:45149|dataStream:localhost:41895|priority:0|startupRole:FOLLOWER, s2|rpc:localhost:36685|admin:localhost:46439|client:localhost:40511|dataStream:localhost:44375|priority:0|startupRole:FOLLOWER]|listeners:[], old=null RUNNING
2023-02-21 19:25:39,573 [pool-9-thread-5] INFO  ratis.RaftTestUtil (RaftTestUtil.java:waitForLeader(100)) - printing ALL groups
  s0:  RUNNING    LEADER s0@group-ECF61963C484:t1, leader=s0, voted=s0, raftlog=Memoized:s0@group-ECF61963C484-SegmentedRaftLog:OPENED:c0, conf=0: peers:[s0|rpc:localhost:36399|admin:localhost:45573|client:localhost:36971|dataStream:localhost:43269|priority:0|startupRole:FOLLOWER, s1|rpc:localhost:45309|admin:localhost:41751|client:localhost:45149|dataStream:localhost:41895|priority:0|startupRole:FOLLOWER, s2|rpc:localhost:36685|admin:localhost:46439|client:localhost:40511|dataStream:localhost:44375|priority:0|startupRole:FOLLOWER]|listeners:[], old=null RUNNING
  s1:  RUNNING  FOLLOWER s1@group-ECF61963C484:t1, leader=s0, voted=s0, raftlog=Memoized:s1@group-ECF61963C484-SegmentedRaftLog:OPENED:c0, conf=0: peers:[s0|rpc:localhost:36399|admin:localhost:45573|client:localhost:36971|dataStream:localhost:43269|priority:0|startupRole:FOLLOWER, s1|rpc:localhost:45309|admin:localhost:41751|client:localhost:45149|dataStream:localhost:41895|priority:0|startupRole:FOLLOWER, s2|rpc:localhost:36685|admin:localhost:46439|client:localhost:40511|dataStream:localhost:44375|priority:0|startupRole:FOLLOWER]|listeners:[], old=null RUNNING
  s2:  RUNNING  FOLLOWER s2@group-ECF61963C484:t1, leader=s0, voted=s0, raftlog=Memoized:s2@group-ECF61963C484-SegmentedRaftLog:OPENED:c0, conf=0: peers:[s0|rpc:localhost:36399|admin:localhost:45573|client:localhost:36971|dataStream:localhost:43269|priority:0|startupRole:FOLLOWER, s1|rpc:localhost:45309|admin:localhost:41751|client:localhost:45149|dataStream:localhost:41895|priority:0|startupRole:FOLLOWER, s2|rpc:localhost:36685|admin:localhost:46439|client:localhost:40511|dataStream:localhost:44375|priority:0|startupRole:FOLLOWER]|listeners:[], old=null RUNNING
2023-02-21 19:25:39,574 [pool-9-thread-4] INFO  ratis.RaftTestUtil (RaftTestUtil.java:waitForLeader(100)) - printing ALL groups
  s0:  RUNNING    LEADER s0@group-ECF61963C484:t1, leader=s0, voted=s0, raftlog=Memoized:s0@group-ECF61963C484-SegmentedRaftLog:OPENED:c0, conf=0: peers:[s0|rpc:localhost:36399|admin:localhost:45573|client:localhost:36971|dataStream:localhost:43269|priority:0|startupRole:FOLLOWER, s1|rpc:localhost:45309|admin:localhost:41751|client:localhost:45149|dataStream:localhost:41895|priority:0|startupRole:FOLLOWER, s2|rpc:localhost:36685|admin:localhost:46439|client:localhost:40511|dataStream:localhost:44375|priority:0|startupRole:FOLLOWER]|listeners:[], old=null RUNNING
  s1:  RUNNING  FOLLOWER s1@group-ECF61963C484:t1, leader=s0, voted=s0, raftlog=Memoized:s1@group-ECF61963C484-SegmentedRaftLog:OPENED:c0, conf=0: peers:[s0|rpc:localhost:36399|admin:localhost:45573|client:localhost:36971|dataStream:localhost:43269|priority:0|startupRole:FOLLOWER, s1|rpc:localhost:45309|admin:localhost:41751|client:localhost:45149|dataStream:localhost:41895|priority:0|startupRole:FOLLOWER, s2|rpc:localhost:36685|admin:localhost:46439|client:localhost:40511|dataStream:localhost:44375|priority:0|startupRole:FOLLOWER]|listeners:[], old=null RUNNING
  s2:  RUNNING  FOLLOWER s2@group-ECF61963C484:t1, leader=s0, voted=s0, raftlog=Memoized:s2@group-ECF61963C484-SegmentedRaftLog:OPENED:c0, conf=0: peers:[s0|rpc:localhost:36399|admin:localhost:45573|client:localhost:36971|dataStream:localhost:43269|priority:0|startupRole:FOLLOWER, s1|rpc:localhost:45309|admin:localhost:41751|client:localhost:45149|dataStream:localhost:41895|priority:0|startupRole:FOLLOWER, s2|rpc:localhost:36685|admin:localhost:46439|client:localhost:40511|dataStream:localhost:44375|priority:0|startupRole:FOLLOWER]|listeners:[], old=null RUNNING
2023-02-21 19:25:39,573 [pool-9-thread-3] INFO  ratis.RaftTestUtil (RaftTestUtil.java:waitForLeader(100)) - printing ALL groups
  s0:  RUNNING    LEADER s0@group-ECF61963C484:t1, leader=s0, voted=s0, raftlog=Memoized:s0@group-ECF61963C484-SegmentedRaftLog:OPENED:c0, conf=0: peers:[s0|rpc:localhost:36399|admin:localhost:45573|client:localhost:36971|dataStream:localhost:43269|priority:0|startupRole:FOLLOWER, s1|rpc:localhost:45309|admin:localhost:41751|client:localhost:45149|dataStream:localhost:41895|priority:0|startupRole:FOLLOWER, s2|rpc:localhost:36685|admin:localhost:46439|client:localhost:40511|dataStream:localhost:44375|priority:0|startupRole:FOLLOWER]|listeners:[], old=null RUNNING
  s1:  RUNNING  FOLLOWER s1@group-ECF61963C484:t1, leader=s0, voted=s0, raftlog=Memoized:s1@group-ECF61963C484-SegmentedRaftLog:OPENED:c0, conf=0: peers:[s0|rpc:localhost:36399|admin:localhost:45573|client:localhost:36971|dataStream:localhost:43269|priority:0|startupRole:FOLLOWER, s1|rpc:localhost:45309|admin:localhost:41751|client:localhost:45149|dataStream:localhost:41895|priority:0|startupRole:FOLLOWER, s2|rpc:localhost:36685|admin:localhost:46439|client:localhost:40511|dataStream:localhost:44375|priority:0|startupRole:FOLLOWER]|listeners:[], old=null RUNNING
  s2:  RUNNING  FOLLOWER s2@group-ECF61963C484:t1, leader=s0, voted=s0, raftlog=Memoized:s2@group-ECF61963C484-SegmentedRaftLog:OPENED:c0, conf=0: peers:[s0|rpc:localhost:36399|admin:localhost:45573|client:localhost:36971|dataStream:localhost:43269|priority:0|startupRole:FOLLOWER, s1|rpc:localhost:45309|admin:localhost:41751|client:localhost:45149|dataStream:localhost:41895|priority:0|startupRole:FOLLOWER, s2|rpc:localhost:36685|admin:localhost:46439|client:localhost:40511|dataStream:localhost:44375|priority:0|startupRole:FOLLOWER]|listeners:[], old=null RUNNING
2023-02-21 19:25:39,575 [pool-9-thread-4] INFO  ratis.RaftTestUtil (RaftTestUtil.java:waitForLeader(119)) - printing ALL groups
  s0:  RUNNING    LEADER s0@group-ECF61963C484:t1, leader=s0, voted=s0, raftlog=Memoized:s0@group-ECF61963C484-SegmentedRaftLog:OPENED:c0, conf=0: peers:[s0|rpc:localhost:36399|admin:localhost:45573|client:localhost:36971|dataStream:localhost:43269|priority:0|startupRole:FOLLOWER, s1|rpc:localhost:45309|admin:localhost:41751|client:localhost:45149|dataStream:localhost:41895|priority:0|startupRole:FOLLOWER, s2|rpc:localhost:36685|admin:localhost:46439|client:localhost:40511|dataStream:localhost:44375|priority:0|startupRole:FOLLOWER]|listeners:[], old=null RUNNING
  s1:  RUNNING  FOLLOWER s1@group-ECF61963C484:t1, leader=s0, voted=s0, raftlog=Memoized:s1@group-ECF61963C484-SegmentedRaftLog:OPENED:c0, conf=0: peers:[s0|rpc:localhost:36399|admin:localhost:45573|client:localhost:36971|dataStream:localhost:43269|priority:0|startupRole:FOLLOWER, s1|rpc:localhost:45309|admin:localhost:41751|client:localhost:45149|dataStream:localhost:41895|priority:0|startupRole:FOLLOWER, s2|rpc:localhost:36685|admin:localhost:46439|client:localhost:40511|dataStream:localhost:44375|priority:0|startupRole:FOLLOWER]|listeners:[], old=null RUNNING
  s2:  RUNNING  FOLLOWER s2@group-ECF61963C484:t1, leader=s0, voted=s0, raftlog=Memoized:s2@group-ECF61963C484-SegmentedRaftLog:OPENED:c0, conf=0: peers:[s0|rpc:localhost:36399|admin:localhost:45573|client:localhost:36971|dataStream:localhost:43269|priority:0|startupRole:FOLLOWER, s1|rpc:localhost:45309|admin:localhost:41751|client:localhost:45149|dataStream:localhost:41895|priority:0|startupRole:FOLLOWER, s2|rpc:localhost:36685|admin:localhost:46439|client:localhost:40511|dataStream:localhost:44375|priority:0|startupRole:FOLLOWER]|listeners:[], old=null RUNNING
2023-02-21 19:25:39,577 [pool-9-thread-3] INFO  ratis.RaftTestUtil (RaftTestUtil.java:waitForLeader(119)) - printing ALL groups
  s0:  RUNNING    LEADER s0@group-ECF61963C484:t1, leader=s0, voted=s0, raftlog=Memoized:s0@group-ECF61963C484-SegmentedRaftLog:OPENED:c0, conf=0: peers:[s0|rpc:localhost:36399|admin:localhost:45573|client:localhost:36971|dataStream:localhost:43269|priority:0|startupRole:FOLLOWER, s1|rpc:localhost:45309|admin:localhost:41751|client:localhost:45149|dataStream:localhost:41895|priority:0|startupRole:FOLLOWER, s2|rpc:localhost:36685|admin:localhost:46439|client:localhost:40511|dataStream:localhost:44375|priority:0|startupRole:FOLLOWER]|listeners:[], old=null RUNNING
  s1:  RUNNING  FOLLOWER s1@group-ECF61963C484:t1, leader=s0, voted=s0, raftlog=Memoized:s1@group-ECF61963C484-SegmentedRaftLog:OPENED:c0, conf=0: peers:[s0|rpc:localhost:36399|admin:localhost:45573|client:localhost:36971|dataStream:localhost:43269|priority:0|startupRole:FOLLOWER, s1|rpc:localhost:45309|admin:localhost:41751|client:localhost:45149|dataStream:localhost:41895|priority:0|startupRole:FOLLOWER, s2|rpc:localhost:36685|admin:localhost:46439|client:localhost:40511|dataStream:localhost:44375|priority:0|startupRole:FOLLOWER]|listeners:[], old=null RUNNING
  s2:  RUNNING  FOLLOWER s2@group-ECF61963C484:t1, leader=s0, voted=s0, raftlog=Memoized:s2@group-ECF61963C484-SegmentedRaftLog:OPENED:c0, conf=0: peers:[s0|rpc:localhost:36399|admin:localhost:45573|client:localhost:36971|dataStream:localhost:43269|priority:0|startupRole:FOLLOWER, s1|rpc:localhost:45309|admin:localhost:41751|client:localhost:45149|dataStream:localhost:41895|priority:0|startupRole:FOLLOWER, s2|rpc:localhost:36685|admin:localhost:46439|client:localhost:40511|dataStream:localhost:44375|priority:0|startupRole:FOLLOWER]|listeners:[], old=null RUNNING
2023-02-21 19:25:39,578 [pool-9-thread-3] INFO  client.DataStreamClient (ConfUtils.java:logGet(46)) - raft.datastream.type = NETTY (custom)
2023-02-21 19:25:39,578 [pool-9-thread-3] INFO  netty.NettyConfigKeys$DataStream (ConfUtils.java:logGet(46)) - raft.netty.dataStream.client.tls.conf = null (default)
2023-02-21 19:25:39,578 [pool-9-thread-3] INFO  netty.NettyConfigKeys$DataStream (ConfUtils.java:logGet(46)) - raft.netty.dataStream.client.reply.queue.grace-period = 1s (default)
2023-02-21 19:25:39,578 [pool-9-thread-3] INFO  netty.NettyConfigKeys$DataStream (ConfUtils.java:logGet(46)) - raft.netty.dataStream.client.worker-group.share = false (default)
2023-02-21 19:25:39,578 [pool-9-thread-3] INFO  netty.NettyConfigKeys$DataStream (ConfUtils.java:logGet(46)) - raft.netty.dataStream.client.worker-group.size = 4 (default)
2023-02-21 19:25:39,574 [pool-9-thread-9] INFO  ratis.RaftTestUtil (RaftTestUtil.java:waitForLeader(100)) - printing ALL groups
  s0:  RUNNING    LEADER s0@group-ECF61963C484:t1, leader=s0, voted=s0, raftlog=Memoized:s0@group-ECF61963C484-SegmentedRaftLog:OPENED:c0, conf=0: peers:[s0|rpc:localhost:36399|admin:localhost:45573|client:localhost:36971|dataStream:localhost:43269|priority:0|startupRole:FOLLOWER, s1|rpc:localhost:45309|admin:localhost:41751|client:localhost:45149|dataStream:localhost:41895|priority:0|startupRole:FOLLOWER, s2|rpc:localhost:36685|admin:localhost:46439|client:localhost:40511|dataStream:localhost:44375|priority:0|startupRole:FOLLOWER]|listeners:[], old=null RUNNING
  s1:  RUNNING  FOLLOWER s1@group-ECF61963C484:t1, leader=s0, voted=s0, raftlog=Memoized:s1@group-ECF61963C484-SegmentedRaftLog:OPENED:c0, conf=0: peers:[s0|rpc:localhost:36399|admin:localhost:45573|client:localhost:36971|dataStream:localhost:43269|priority:0|startupRole:FOLLOWER, s1|rpc:localhost:45309|admin:localhost:41751|client:localhost:45149|dataStream:localhost:41895|priority:0|startupRole:FOLLOWER, s2|rpc:localhost:36685|admin:localhost:46439|client:localhost:40511|dataStream:localhost:44375|priority:0|startupRole:FOLLOWER]|listeners:[], old=null RUNNING
  s2:  RUNNING  FOLLOWER s2@group-ECF61963C484:t1, leader=s0, voted=s0, raftlog=Memoized:s2@group-ECF61963C484-SegmentedRaftLog:OPENED:c0, conf=0: peers:[s0|rpc:localhost:36399|admin:localhost:45573|client:localhost:36971|dataStream:localhost:43269|priority:0|startupRole:FOLLOWER, s1|rpc:localhost:45309|admin:localhost:41751|client:localhost:45149|dataStream:localhost:41895|priority:0|startupRole:FOLLOWER, s2|rpc:localhost:36685|admin:localhost:46439|client:localhost:40511|dataStream:localhost:44375|priority:0|startupRole:FOLLOWER]|listeners:[], old=null RUNNING
2023-02-21 19:25:39,590 [pool-9-thread-9] INFO  ratis.RaftTestUtil (RaftTestUtil.java:waitForLeader(119)) - printing ALL groups
  s0:  RUNNING    LEADER s0@group-ECF61963C484:t1, leader=s0, voted=s0, raftlog=Memoized:s0@group-ECF61963C484-SegmentedRaftLog:OPENED:c0, conf=0: peers:[s0|rpc:localhost:36399|admin:localhost:45573|client:localhost:36971|dataStream:localhost:43269|priority:0|startupRole:FOLLOWER, s1|rpc:localhost:45309|admin:localhost:41751|client:localhost:45149|dataStream:localhost:41895|priority:0|startupRole:FOLLOWER, s2|rpc:localhost:36685|admin:localhost:46439|client:localhost:40511|dataStream:localhost:44375|priority:0|startupRole:FOLLOWER]|listeners:[], old=null RUNNING
  s1:  RUNNING  FOLLOWER s1@group-ECF61963C484:t1, leader=s0, voted=s0, raftlog=Memoized:s1@group-ECF61963C484-SegmentedRaftLog:OPENED:c0, conf=0: peers:[s0|rpc:localhost:36399|admin:localhost:45573|client:localhost:36971|dataStream:localhost:43269|priority:0|startupRole:FOLLOWER, s1|rpc:localhost:45309|admin:localhost:41751|client:localhost:45149|dataStream:localhost:41895|priority:0|startupRole:FOLLOWER, s2|rpc:localhost:36685|admin:localhost:46439|client:localhost:40511|dataStream:localhost:44375|priority:0|startupRole:FOLLOWER]|listeners:[], old=null RUNNING
  s2:  RUNNING  FOLLOWER s2@group-ECF61963C484:t1, leader=s0, voted=s0, raftlog=Memoized:s2@group-ECF61963C484-SegmentedRaftLog:OPENED:c0, conf=0: peers:[s0|rpc:localhost:36399|admin:localhost:45573|client:localhost:36971|dataStream:localhost:43269|priority:0|startupRole:FOLLOWER, s1|rpc:localhost:45309|admin:localhost:41751|client:localhost:45149|dataStream:localhost:41895|priority:0|startupRole:FOLLOWER, s2|rpc:localhost:36685|admin:localhost:46439|client:localhost:40511|dataStream:localhost:44375|priority:0|startupRole:FOLLOWER]|listeners:[], old=null RUNNING
2023-02-21 19:25:39,574 [pool-9-thread-5] INFO  ratis.RaftTestUtil (RaftTestUtil.java:waitForLeader(119)) - printing ALL groups
  s0:  RUNNING    LEADER s0@group-ECF61963C484:t1, leader=s0, voted=s0, raftlog=Memoized:s0@group-ECF61963C484-SegmentedRaftLog:OPENED:c0, conf=0: peers:[s0|rpc:localhost:36399|admin:localhost:45573|client:localhost:36971|dataStream:localhost:43269|priority:0|startupRole:FOLLOWER, s1|rpc:localhost:45309|admin:localhost:41751|client:localhost:45149|dataStream:localhost:41895|priority:0|startupRole:FOLLOWER, s2|rpc:localhost:36685|admin:localhost:46439|client:localhost:40511|dataStream:localhost:44375|priority:0|startupRole:FOLLOWER]|listeners:[], old=null RUNNING
  s1:  RUNNING  FOLLOWER s1@group-ECF61963C484:t1, leader=s0, voted=s0, raftlog=Memoized:s1@group-ECF61963C484-SegmentedRaftLog:OPENED:c0, conf=0: peers:[s0|rpc:localhost:36399|admin:localhost:45573|client:localhost:36971|dataStream:localhost:43269|priority:0|startupRole:FOLLOWER, s1|rpc:localhost:45309|admin:localhost:41751|client:localhost:45149|dataStream:localhost:41895|priority:0|startupRole:FOLLOWER, s2|rpc:localhost:36685|admin:localhost:46439|client:localhost:40511|dataStream:localhost:44375|priority:0|startupRole:FOLLOWER]|listeners:[], old=null RUNNING
  s2:  RUNNING  FOLLOWER s2@group-ECF61963C484:t1, leader=s0, voted=s0, raftlog=Memoized:s2@group-ECF61963C484-SegmentedRaftLog:OPENED:c0, conf=0: peers:[s0|rpc:localhost:36399|admin:localhost:45573|client:localhost:36971|dataStream:localhost:43269|priority:0|startupRole:FOLLOWER, s1|rpc:localhost:45309|admin:localhost:41751|client:localhost:45149|dataStream:localhost:41895|priority:0|startupRole:FOLLOWER, s2|rpc:localhost:36685|admin:localhost:46439|client:localhost:40511|dataStream:localhost:44375|priority:0|startupRole:FOLLOWER]|listeners:[], old=null RUNNING
2023-02-21 19:25:39,602 [pool-9-thread-5] INFO  client.DataStreamClient (ConfUtils.java:logGet(46)) - raft.datastream.type = NETTY (custom)
2023-02-21 19:25:39,602 [pool-9-thread-5] INFO  netty.NettyConfigKeys$DataStream (ConfUtils.java:logGet(46)) - raft.netty.dataStream.client.tls.conf = null (default)
2023-02-21 19:25:39,602 [pool-9-thread-5] INFO  netty.NettyConfigKeys$DataStream (ConfUtils.java:logGet(46)) - raft.netty.dataStream.client.reply.queue.grace-period = 1s (default)
2023-02-21 19:25:39,602 [pool-9-thread-5] INFO  netty.NettyConfigKeys$DataStream (ConfUtils.java:logGet(46)) - raft.netty.dataStream.client.worker-group.share = false (default)
2023-02-21 19:25:39,602 [pool-9-thread-5] INFO  netty.NettyConfigKeys$DataStream (ConfUtils.java:logGet(46)) - raft.netty.dataStream.client.worker-group.size = 4 (default)
2023-02-21 19:25:39,574 [pool-9-thread-7] INFO  ratis.RaftTestUtil (RaftTestUtil.java:waitForLeader(100)) - printing ALL groups
  s0:  RUNNING    LEADER s0@group-ECF61963C484:t1, leader=s0, voted=s0, raftlog=Memoized:s0@group-ECF61963C484-SegmentedRaftLog:OPENED:c0, conf=0: peers:[s0|rpc:localhost:36399|admin:localhost:45573|client:localhost:36971|dataStream:localhost:43269|priority:0|startupRole:FOLLOWER, s1|rpc:localhost:45309|admin:localhost:41751|client:localhost:45149|dataStream:localhost:41895|priority:0|startupRole:FOLLOWER, s2|rpc:localhost:36685|admin:localhost:46439|client:localhost:40511|dataStream:localhost:44375|priority:0|startupRole:FOLLOWER]|listeners:[], old=null RUNNING
  s1:  RUNNING  FOLLOWER s1@group-ECF61963C484:t1, leader=s0, voted=s0, raftlog=Memoized:s1@group-ECF61963C484-SegmentedRaftLog:OPENED:c0, conf=0: peers:[s0|rpc:localhost:36399|admin:localhost:45573|client:localhost:36971|dataStream:localhost:43269|priority:0|startupRole:FOLLOWER, s1|rpc:localhost:45309|admin:localhost:41751|client:localhost:45149|dataStream:localhost:41895|priority:0|startupRole:FOLLOWER, s2|rpc:localhost:36685|admin:localhost:46439|client:localhost:40511|dataStream:localhost:44375|priority:0|startupRole:FOLLOWER]|listeners:[], old=null RUNNING
  s2:  RUNNING  FOLLOWER s2@group-ECF61963C484:t1, leader=s0, voted=s0, raftlog=Memoized:s2@group-ECF61963C484-SegmentedRaftLog:OPENED:c0, conf=0: peers:[s0|rpc:localhost:36399|admin:localhost:45573|client:localhost:36971|dataStream:localhost:43269|priority:0|startupRole:FOLLOWER, s1|rpc:localhost:45309|admin:localhost:41751|client:localhost:45149|dataStream:localhost:41895|priority:0|startupRole:FOLLOWER, s2|rpc:localhost:36685|admin:localhost:46439|client:localhost:40511|dataStream:localhost:44375|priority:0|startupRole:FOLLOWER]|listeners:[], old=null RUNNING
2023-02-21 19:25:39,605 [pool-9-thread-7] INFO  ratis.RaftTestUtil (RaftTestUtil.java:waitForLeader(119)) - printing ALL groups
  s0:  RUNNING    LEADER s0@group-ECF61963C484:t1, leader=s0, voted=s0, raftlog=Memoized:s0@group-ECF61963C484-SegmentedRaftLog:OPENED:c0, conf=0: peers:[s0|rpc:localhost:36399|admin:localhost:45573|client:localhost:36971|dataStream:localhost:43269|priority:0|startupRole:FOLLOWER, s1|rpc:localhost:45309|admin:localhost:41751|client:localhost:45149|dataStream:localhost:41895|priority:0|startupRole:FOLLOWER, s2|rpc:localhost:36685|admin:localhost:46439|client:localhost:40511|dataStream:localhost:44375|priority:0|startupRole:FOLLOWER]|listeners:[], old=null RUNNING
  s1:  RUNNING  FOLLOWER s1@group-ECF61963C484:t1, leader=s0, voted=s0, raftlog=Memoized:s1@group-ECF61963C484-SegmentedRaftLog:OPENED:c0, conf=0: peers:[s0|rpc:localhost:36399|admin:localhost:45573|client:localhost:36971|dataStream:localhost:43269|priority:0|startupRole:FOLLOWER, s1|rpc:localhost:45309|admin:localhost:41751|client:localhost:45149|dataStream:localhost:41895|priority:0|startupRole:FOLLOWER, s2|rpc:localhost:36685|admin:localhost:46439|client:localhost:40511|dataStream:localhost:44375|priority:0|startupRole:FOLLOWER]|listeners:[], old=null RUNNING
  s2:  RUNNING  FOLLOWER s2@group-ECF61963C484:t1, leader=s0, voted=s0, raftlog=Memoized:s2@group-ECF61963C484-SegmentedRaftLog:OPENED:c0, conf=0: peers:[s0|rpc:localhost:36399|admin:localhost:45573|client:localhost:36971|dataStream:localhost:43269|priority:0|startupRole:FOLLOWER, s1|rpc:localhost:45309|admin:localhost:41751|client:localhost:45149|dataStream:localhost:41895|priority:0|startupRole:FOLLOWER, s2|rpc:localhost:36685|admin:localhost:46439|client:localhost:40511|dataStream:localhost:44375|priority:0|startupRole:FOLLOWER]|listeners:[], old=null RUNNING
2023-02-21 19:25:39,574 [pool-9-thread-8] INFO  ratis.RaftTestUtil (RaftTestUtil.java:waitForLeader(119)) - printing ALL groups
  s0:  RUNNING    LEADER s0@group-ECF61963C484:t1, leader=s0, voted=s0, raftlog=Memoized:s0@group-ECF61963C484-SegmentedRaftLog:OPENED:c0, conf=0: peers:[s0|rpc:localhost:36399|admin:localhost:45573|client:localhost:36971|dataStream:localhost:43269|priority:0|startupRole:FOLLOWER, s1|rpc:localhost:45309|admin:localhost:41751|client:localhost:45149|dataStream:localhost:41895|priority:0|startupRole:FOLLOWER, s2|rpc:localhost:36685|admin:localhost:46439|client:localhost:40511|dataStream:localhost:44375|priority:0|startupRole:FOLLOWER]|listeners:[], old=null RUNNING
  s1:  RUNNING  FOLLOWER s1@group-ECF61963C484:t1, leader=s0, voted=s0, raftlog=Memoized:s1@group-ECF61963C484-SegmentedRaftLog:OPENED:c0, conf=0: peers:[s0|rpc:localhost:36399|admin:localhost:45573|client:localhost:36971|dataStream:localhost:43269|priority:0|startupRole:FOLLOWER, s1|rpc:localhost:45309|admin:localhost:41751|client:localhost:45149|dataStream:localhost:41895|priority:0|startupRole:FOLLOWER, s2|rpc:localhost:36685|admin:localhost:46439|client:localhost:40511|dataStream:localhost:44375|priority:0|startupRole:FOLLOWER]|listeners:[], old=null RUNNING
  s2:  RUNNING  FOLLOWER s2@group-ECF61963C484:t1, leader=s0, voted=s0, raftlog=Memoized:s2@group-ECF61963C484-SegmentedRaftLog:OPENED:c0, conf=0: peers:[s0|rpc:localhost:36399|admin:localhost:45573|client:localhost:36971|dataStream:localhost:43269|priority:0|startupRole:FOLLOWER, s1|rpc:localhost:45309|admin:localhost:41751|client:localhost:45149|dataStream:localhost:41895|priority:0|startupRole:FOLLOWER, s2|rpc:localhost:36685|admin:localhost:46439|client:localhost:40511|dataStream:localhost:44375|priority:0|startupRole:FOLLOWER]|listeners:[], old=null RUNNING
2023-02-21 19:25:39,609 [pool-9-thread-8] INFO  client.DataStreamClient (ConfUtils.java:logGet(46)) - raft.datastream.type = NETTY (custom)
2023-02-21 19:25:39,609 [pool-9-thread-8] INFO  netty.NettyConfigKeys$DataStream (ConfUtils.java:logGet(46)) - raft.netty.dataStream.client.tls.conf = null (default)
2023-02-21 19:25:39,609 [pool-9-thread-8] INFO  netty.NettyConfigKeys$DataStream (ConfUtils.java:logGet(46)) - raft.netty.dataStream.client.reply.queue.grace-period = 1s (default)
2023-02-21 19:25:39,610 [pool-9-thread-8] INFO  netty.NettyConfigKeys$DataStream (ConfUtils.java:logGet(46)) - raft.netty.dataStream.client.worker-group.share = false (default)
2023-02-21 19:25:39,610 [pool-9-thread-8] INFO  netty.NettyConfigKeys$DataStream (ConfUtils.java:logGet(46)) - raft.netty.dataStream.client.worker-group.size = 4 (default)
2023-02-21 19:25:39,574 [pool-9-thread-6] INFO  ratis.RaftTestUtil (RaftTestUtil.java:waitForLeader(100)) - printing ALL groups
  s0:  RUNNING    LEADER s0@group-ECF61963C484:t1, leader=s0, voted=s0, raftlog=Memoized:s0@group-ECF61963C484-SegmentedRaftLog:OPENED:c0, conf=0: peers:[s0|rpc:localhost:36399|admin:localhost:45573|client:localhost:36971|dataStream:localhost:43269|priority:0|startupRole:FOLLOWER, s1|rpc:localhost:45309|admin:localhost:41751|client:localhost:45149|dataStream:localhost:41895|priority:0|startupRole:FOLLOWER, s2|rpc:localhost:36685|admin:localhost:46439|client:localhost:40511|dataStream:localhost:44375|priority:0|startupRole:FOLLOWER]|listeners:[], old=null RUNNING
  s1:  RUNNING  FOLLOWER s1@group-ECF61963C484:t1, leader=s0, voted=s0, raftlog=Memoized:s1@group-ECF61963C484-SegmentedRaftLog:OPENED:c0, conf=0: peers:[s0|rpc:localhost:36399|admin:localhost:45573|client:localhost:36971|dataStream:localhost:43269|priority:0|startupRole:FOLLOWER, s1|rpc:localhost:45309|admin:localhost:41751|client:localhost:45149|dataStream:localhost:41895|priority:0|startupRole:FOLLOWER, s2|rpc:localhost:36685|admin:localhost:46439|client:localhost:40511|dataStream:localhost:44375|priority:0|startupRole:FOLLOWER]|listeners:[], old=null RUNNING
  s2:  RUNNING  FOLLOWER s2@group-ECF61963C484:t1, leader=s0, voted=s0, raftlog=Memoized:s2@group-ECF61963C484-SegmentedRaftLog:OPENED:c0, conf=0: peers:[s0|rpc:localhost:36399|admin:localhost:45573|client:localhost:36971|dataStream:localhost:43269|priority:0|startupRole:FOLLOWER, s1|rpc:localhost:45309|admin:localhost:41751|client:localhost:45149|dataStream:localhost:41895|priority:0|startupRole:FOLLOWER, s2|rpc:localhost:36685|admin:localhost:46439|client:localhost:40511|dataStream:localhost:44375|priority:0|startupRole:FOLLOWER]|listeners:[], old=null RUNNING
2023-02-21 19:25:39,612 [pool-9-thread-6] INFO  ratis.RaftTestUtil (RaftTestUtil.java:waitForLeader(119)) - printing ALL groups
  s0:  RUNNING    LEADER s0@group-ECF61963C484:t1, leader=s0, voted=s0, raftlog=Memoized:s0@group-ECF61963C484-SegmentedRaftLog:OPENED:c0, conf=0: peers:[s0|rpc:localhost:36399|admin:localhost:45573|client:localhost:36971|dataStream:localhost:43269|priority:0|startupRole:FOLLOWER, s1|rpc:localhost:45309|admin:localhost:41751|client:localhost:45149|dataStream:localhost:41895|priority:0|startupRole:FOLLOWER, s2|rpc:localhost:36685|admin:localhost:46439|client:localhost:40511|dataStream:localhost:44375|priority:0|startupRole:FOLLOWER]|listeners:[], old=null RUNNING
  s1:  RUNNING  FOLLOWER s1@group-ECF61963C484:t1, leader=s0, voted=s0, raftlog=Memoized:s1@group-ECF61963C484-SegmentedRaftLog:OPENED:c0, conf=0: peers:[s0|rpc:localhost:36399|admin:localhost:45573|client:localhost:36971|dataStream:localhost:43269|priority:0|startupRole:FOLLOWER, s1|rpc:localhost:45309|admin:localhost:41751|client:localhost:45149|dataStream:localhost:41895|priority:0|startupRole:FOLLOWER, s2|rpc:localhost:36685|admin:localhost:46439|client:localhost:40511|dataStream:localhost:44375|priority:0|startupRole:FOLLOWER]|listeners:[], old=null RUNNING
  s2:  RUNNING  FOLLOWER s2@group-ECF61963C484:t1, leader=s0, voted=s0, raftlog=Memoized:s2@group-ECF61963C484-SegmentedRaftLog:OPENED:c0, conf=0: peers:[s0|rpc:localhost:36399|admin:localhost:45573|client:localhost:36971|dataStream:localhost:43269|priority:0|startupRole:FOLLOWER, s1|rpc:localhost:45309|admin:localhost:41751|client:localhost:45149|dataStream:localhost:41895|priority:0|startupRole:FOLLOWER, s2|rpc:localhost:36685|admin:localhost:46439|client:localhost:40511|dataStream:localhost:44375|priority:0|startupRole:FOLLOWER]|listeners:[], old=null RUNNING
2023-02-21 19:25:39,612 [pool-9-thread-6] INFO  client.DataStreamClient (ConfUtils.java:logGet(46)) - raft.datastream.type = NETTY (custom)
2023-02-21 19:25:39,612 [pool-9-thread-6] INFO  netty.NettyConfigKeys$DataStream (ConfUtils.java:logGet(46)) - raft.netty.dataStream.client.tls.conf = null (default)
2023-02-21 19:25:39,612 [pool-9-thread-6] INFO  netty.NettyConfigKeys$DataStream (ConfUtils.java:logGet(46)) - raft.netty.dataStream.client.reply.queue.grace-period = 1s (default)
2023-02-21 19:25:39,612 [pool-9-thread-6] INFO  netty.NettyConfigKeys$DataStream (ConfUtils.java:logGet(46)) - raft.netty.dataStream.client.worker-group.share = false (default)
2023-02-21 19:25:39,612 [pool-9-thread-6] INFO  netty.NettyConfigKeys$DataStream (ConfUtils.java:logGet(46)) - raft.netty.dataStream.client.worker-group.size = 4 (default)
2023-02-21 19:25:39,608 [s1-NettyServerStreamRpc-bossGroup--thread1] INFO  logging.LoggingHandler (AbstractInternalLogger.java:log(148)) - [id: 0x5746a9a5, L:/0.0.0.0:41895] READ: [id: 0x3760bab2, L:/127.0.0.1:41895 - R:/127.0.0.1:59682]
2023-02-21 19:25:39,605 [pool-9-thread-7] INFO  client.DataStreamClient (ConfUtils.java:logGet(46)) - raft.datastream.type = NETTY (custom)
2023-02-21 19:25:39,619 [pool-9-thread-7] INFO  netty.NettyConfigKeys$DataStream (ConfUtils.java:logGet(46)) - raft.netty.dataStream.client.tls.conf = null (default)
2023-02-21 19:25:39,620 [pool-9-thread-7] INFO  netty.NettyConfigKeys$DataStream (ConfUtils.java:logGet(46)) - raft.netty.dataStream.client.reply.queue.grace-period = 1s (default)
2023-02-21 19:25:39,620 [pool-9-thread-7] INFO  netty.NettyConfigKeys$DataStream (ConfUtils.java:logGet(46)) - raft.netty.dataStream.client.worker-group.share = false (default)
2023-02-21 19:25:39,620 [pool-9-thread-7] INFO  netty.NettyConfigKeys$DataStream (ConfUtils.java:logGet(46)) - raft.netty.dataStream.client.worker-group.size = 4 (default)
2023-02-21 19:25:39,603 [pool-9-thread-16] INFO  datastream.DataStreamTestUtils (DataStreamTestUtils.java:writeAndCloseAndAssertReplies(311)) - start Stream382
2023-02-21 19:25:39,594 [pool-9-thread-15] INFO  datastream.DataStreamTestUtils (DataStreamTestUtils.java:writeAndCloseAndAssertReplies(311)) - start Stream381
2023-02-21 19:25:39,594 [pool-9-thread-14] INFO  datastream.DataStreamTestUtils (DataStreamTestUtils.java:writeAndCloseAndAssertReplies(311)) - start Stream380
2023-02-21 19:25:39,594 [pool-9-thread-13] INFO  datastream.DataStreamTestUtils (DataStreamTestUtils.java:writeAndCloseAndAssertReplies(311)) - start Stream379
2023-02-21 19:25:39,591 [pool-9-thread-12] INFO  datastream.DataStreamTestUtils (DataStreamTestUtils.java:writeAndCloseAndAssertReplies(311)) - start Stream378
2023-02-21 19:25:39,591 [pool-9-thread-10] INFO  datastream.DataStreamTestUtils (DataStreamTestUtils.java:writeAndCloseAndAssertReplies(311)) - start Stream376
2023-02-21 19:25:39,590 [pool-9-thread-11] INFO  datastream.DataStreamTestUtils (DataStreamTestUtils.java:writeAndCloseAndAssertReplies(311)) - start Stream377
2023-02-21 19:25:39,590 [pool-9-thread-9] INFO  client.DataStreamClient (ConfUtils.java:logGet(46)) - raft.datastream.type = NETTY (custom)
2023-02-21 19:25:39,629 [pool-9-thread-9] INFO  netty.NettyConfigKeys$DataStream (ConfUtils.java:logGet(46)) - raft.netty.dataStream.client.tls.conf = null (default)
2023-02-21 19:25:39,629 [pool-9-thread-9] INFO  netty.NettyConfigKeys$DataStream (ConfUtils.java:logGet(46)) - raft.netty.dataStream.client.reply.queue.grace-period = 1s (default)
2023-02-21 19:25:39,629 [pool-9-thread-9] INFO  netty.NettyConfigKeys$DataStream (ConfUtils.java:logGet(46)) - raft.netty.dataStream.client.worker-group.share = false (default)
2023-02-21 19:25:39,629 [pool-9-thread-9] INFO  netty.NettyConfigKeys$DataStream (ConfUtils.java:logGet(46)) - raft.netty.dataStream.client.worker-group.size = 4 (default)
2023-02-21 19:25:39,585 [s0-NettyServerStreamRpc-bossGroup--thread1] INFO  logging.LoggingHandler (AbstractInternalLogger.java:log(148)) - [id: 0x6a589727, L:/0.0.0.0:43269] READ: [id: 0xbba128ba, L:/127.0.0.1:43269 - R:/127.0.0.1:39618]
2023-02-21 19:25:39,577 [pool-9-thread-4] INFO  client.DataStreamClient (ConfUtils.java:logGet(46)) - raft.datastream.type = NETTY (custom)
2023-02-21 19:25:39,623 [s1-NettyServerStreamRpc-bossGroup--thread1] INFO  logging.LoggingHandler (AbstractInternalLogger.java:log(148)) - [id: 0x5746a9a5, L:/0.0.0.0:41895] READ COMPLETE
2023-02-21 19:25:39,631 [pool-9-thread-4] INFO  netty.NettyConfigKeys$DataStream (ConfUtils.java:logGet(46)) - raft.netty.dataStream.client.tls.conf = null (default)
2023-02-21 19:25:39,631 [pool-9-thread-4] INFO  netty.NettyConfigKeys$DataStream (ConfUtils.java:logGet(46)) - raft.netty.dataStream.client.reply.queue.grace-period = 1s (default)
2023-02-21 19:25:39,631 [pool-9-thread-4] INFO  netty.NettyConfigKeys$DataStream (ConfUtils.java:logGet(46)) - raft.netty.dataStream.client.worker-group.share = false (default)
2023-02-21 19:25:39,631 [pool-9-thread-4] INFO  netty.NettyConfigKeys$DataStream (ConfUtils.java:logGet(46)) - raft.netty.dataStream.client.worker-group.size = 4 (default)
2023-02-21 19:25:39,637 [s2-NettyServerStreamRpc-bossGroup--thread1] INFO  logging.LoggingHandler (AbstractInternalLogger.java:log(148)) - [id: 0x03cec995, L:/0.0.0.0:44375] READ: [id: 0x03784f31, L:/127.0.0.1:44375 - R:/127.0.0.1:35280]
2023-02-21 19:25:39,639 [s1-NettyServerStreamRpc-workerGroup--thread1] INFO  client.DataStreamClient (ConfUtils.java:logGet(46)) - raft.datastream.type = NETTY (custom)
2023-02-21 19:25:39,640 [s1-NettyServerStreamRpc-workerGroup--thread1] INFO  netty.NettyConfigKeys$DataStream (ConfUtils.java:logGet(46)) - raft.netty.dataStream.client.tls.conf = null (default)
2023-02-21 19:25:39,640 [s1-NettyServerStreamRpc-workerGroup--thread1] INFO  netty.NettyConfigKeys$DataStream (ConfUtils.java:logGet(46)) - raft.netty.dataStream.client.reply.queue.grace-period = 1s (default)
2023-02-21 19:25:39,640 [s1-NettyServerStreamRpc-workerGroup--thread1] INFO  netty.NettyConfigKeys$DataStream (ConfUtils.java:logGet(46)) - raft.netty.dataStream.client.worker-group.share = false (default)
2023-02-21 19:25:39,640 [s1-NettyServerStreamRpc-workerGroup--thread1] INFO  netty.NettyConfigKeys$DataStream (ConfUtils.java:logGet(46)) - raft.netty.dataStream.client.worker-group.size = 4 (default)
2023-02-21 19:25:39,654 [s2-NettyServerStreamRpc-bossGroup--thread1] INFO  logging.LoggingHandler (AbstractInternalLogger.java:log(148)) - [id: 0x03cec995, L:/0.0.0.0:44375] READ COMPLETE
2023-02-21 19:25:39,656 [s2-NettyServerStreamRpc-workerGroup--thread1] INFO  client.DataStreamClient (ConfUtils.java:logGet(46)) - raft.datastream.type = NETTY (custom)
2023-02-21 19:25:39,656 [s2-NettyServerStreamRpc-workerGroup--thread1] INFO  netty.NettyConfigKeys$DataStream (ConfUtils.java:logGet(46)) - raft.netty.dataStream.client.tls.conf = null (default)
2023-02-21 19:25:39,656 [s2-NettyServerStreamRpc-workerGroup--thread1] INFO  netty.NettyConfigKeys$DataStream (ConfUtils.java:logGet(46)) - raft.netty.dataStream.client.reply.queue.grace-period = 1s (default)
2023-02-21 19:25:39,658 [s2-NettyServerStreamRpc-workerGroup--thread1] INFO  netty.NettyConfigKeys$DataStream (ConfUtils.java:logGet(46)) - raft.netty.dataStream.client.worker-group.share = false (default)
2023-02-21 19:25:39,658 [s2-NettyServerStreamRpc-workerGroup--thread1] INFO  netty.NettyConfigKeys$DataStream (ConfUtils.java:logGet(46)) - raft.netty.dataStream.client.worker-group.size = 4 (default)
2023-02-21 19:25:39,666 [s2-NettyServerStreamRpc-bossGroup--thread1] INFO  logging.LoggingHandler (AbstractInternalLogger.java:log(148)) - [id: 0x03cec995, L:/0.0.0.0:44375] READ: [id: 0x21c5cf21, L:/127.0.0.1:44375 - R:/127.0.0.1:35294]
2023-02-21 19:25:39,681 [s0-NettyServerStreamRpc-bossGroup--thread1] INFO  logging.LoggingHandler (AbstractInternalLogger.java:log(148)) - [id: 0x6a589727, L:/0.0.0.0:43269] READ COMPLETE
2023-02-21 19:25:39,682 [s0-NettyServerStreamRpc-bossGroup--thread1] INFO  logging.LoggingHandler (AbstractInternalLogger.java:log(148)) - [id: 0x6a589727, L:/0.0.0.0:43269] READ: [id: 0x92debce2, L:/127.0.0.1:43269 - R:/127.0.0.1:39634]
2023-02-21 19:25:39,683 [s0-NettyServerStreamRpc-workerGroup--thread1] INFO  client.DataStreamClient (ConfUtils.java:logGet(46)) - raft.datastream.type = NETTY (custom)
2023-02-21 19:25:39,683 [s0-NettyServerStreamRpc-workerGroup--thread1] INFO  netty.NettyConfigKeys$DataStream (ConfUtils.java:logGet(46)) - raft.netty.dataStream.client.tls.conf = null (default)
2023-02-21 19:25:39,683 [s0-NettyServerStreamRpc-workerGroup--thread1] INFO  netty.NettyConfigKeys$DataStream (ConfUtils.java:logGet(46)) - raft.netty.dataStream.client.reply.queue.grace-period = 1s (default)
2023-02-21 19:25:39,683 [s0-NettyServerStreamRpc-workerGroup--thread1] INFO  netty.NettyConfigKeys$DataStream (ConfUtils.java:logGet(46)) - raft.netty.dataStream.client.worker-group.share = false (default)
2023-02-21 19:25:39,683 [s0-NettyServerStreamRpc-workerGroup--thread1] INFO  netty.NettyConfigKeys$DataStream (ConfUtils.java:logGet(46)) - raft.netty.dataStream.client.worker-group.size = 4 (default)
2023-02-21 19:25:39,686 [s2-NettyServerStreamRpc-bossGroup--thread1] INFO  logging.LoggingHandler (AbstractInternalLogger.java:log(148)) - [id: 0x03cec995, L:/0.0.0.0:44375] READ COMPLETE
2023-02-21 19:25:39,687 [s2-NettyServerStreamRpc-workerGroup--thread2] INFO  client.DataStreamClient (ConfUtils.java:logGet(46)) - raft.datastream.type = NETTY (custom)
2023-02-21 19:25:39,688 [s2-NettyServerStreamRpc-workerGroup--thread2] INFO  netty.NettyConfigKeys$DataStream (ConfUtils.java:logGet(46)) - raft.netty.dataStream.client.tls.conf = null (default)
2023-02-21 19:25:39,688 [s2-NettyServerStreamRpc-workerGroup--thread2] INFO  netty.NettyConfigKeys$DataStream (ConfUtils.java:logGet(46)) - raft.netty.dataStream.client.reply.queue.grace-period = 1s (default)
2023-02-21 19:25:39,688 [s2-NettyServerStreamRpc-workerGroup--thread2] INFO  netty.NettyConfigKeys$DataStream (ConfUtils.java:logGet(46)) - raft.netty.dataStream.client.worker-group.share = false (default)
2023-02-21 19:25:39,689 [s2-NettyServerStreamRpc-workerGroup--thread2] INFO  netty.NettyConfigKeys$DataStream (ConfUtils.java:logGet(46)) - raft.netty.dataStream.client.worker-group.size = 4 (default)
2023-02-21 19:25:39,690 [s2-NettyServerStreamRpc-workerGroup--thread1] INFO  client.DataStreamClient (ConfUtils.java:logGet(46)) - raft.datastream.type = NETTY (custom)
2023-02-21 19:25:39,690 [s2-NettyServerStreamRpc-workerGroup--thread1] INFO  netty.NettyConfigKeys$DataStream (ConfUtils.java:logGet(46)) - raft.netty.dataStream.client.tls.conf = null (default)
2023-02-21 19:25:39,690 [s2-NettyServerStreamRpc-workerGroup--thread1] INFO  netty.NettyConfigKeys$DataStream (ConfUtils.java:logGet(46)) - raft.netty.dataStream.client.reply.queue.grace-period = 1s (default)
2023-02-21 19:25:39,690 [s2-NettyServerStreamRpc-workerGroup--thread1] INFO  netty.NettyConfigKeys$DataStream (ConfUtils.java:logGet(46)) - raft.netty.dataStream.client.worker-group.share = false (default)
2023-02-21 19:25:39,691 [s2-NettyServerStreamRpc-workerGroup--thread1] INFO  netty.NettyConfigKeys$DataStream (ConfUtils.java:logGet(46)) - raft.netty.dataStream.client.worker-group.size = 4 (default)
2023-02-21 19:25:39,694 [s1-NettyServerStreamRpc-workerGroup--thread1] INFO  client.DataStreamClient (ConfUtils.java:logGet(46)) - raft.datastream.type = NETTY (custom)
2023-02-21 19:25:39,694 [s1-NettyServerStreamRpc-workerGroup--thread1] INFO  netty.NettyConfigKeys$DataStream (ConfUtils.java:logGet(46)) - raft.netty.dataStream.client.tls.conf = null (default)
2023-02-21 19:25:39,695 [s1-NettyServerStreamRpc-workerGroup--thread1] INFO  netty.NettyConfigKeys$DataStream (ConfUtils.java:logGet(46)) - raft.netty.dataStream.client.reply.queue.grace-period = 1s (default)
2023-02-21 19:25:39,695 [s1-NettyServerStreamRpc-workerGroup--thread1] INFO  netty.NettyConfigKeys$DataStream (ConfUtils.java:logGet(46)) - raft.netty.dataStream.client.worker-group.share = false (default)
2023-02-21 19:25:39,695 [s1-NettyServerStreamRpc-workerGroup--thread1] INFO  netty.NettyConfigKeys$DataStream (ConfUtils.java:logGet(46)) - raft.netty.dataStream.client.worker-group.size = 4 (default)
2023-02-21 19:25:39,702 [s2-NettyServerStreamRpc-workerGroup--thread2] INFO  client.DataStreamClient (ConfUtils.java:logGet(46)) - raft.datastream.type = NETTY (custom)
2023-02-21 19:25:39,702 [s2-NettyServerStreamRpc-workerGroup--thread2] INFO  netty.NettyConfigKeys$DataStream (ConfUtils.java:logGet(46)) - raft.netty.dataStream.client.tls.conf = null (default)
2023-02-21 19:25:39,702 [s2-NettyServerStreamRpc-workerGroup--thread2] INFO  netty.NettyConfigKeys$DataStream (ConfUtils.java:logGet(46)) - raft.netty.dataStream.client.reply.queue.grace-period = 1s (default)
2023-02-21 19:25:39,702 [s2-NettyServerStreamRpc-workerGroup--thread2] INFO  netty.NettyConfigKeys$DataStream (ConfUtils.java:logGet(46)) - raft.netty.dataStream.client.worker-group.share = false (default)
2023-02-21 19:25:39,702 [s2-NettyServerStreamRpc-workerGroup--thread2] INFO  netty.NettyConfigKeys$DataStream (ConfUtils.java:logGet(46)) - raft.netty.dataStream.client.worker-group.size = 4 (default)
2023-02-21 19:25:39,705 [s1-NettyServerStreamRpc-bossGroup--thread1] INFO  logging.LoggingHandler (AbstractInternalLogger.java:log(148)) - [id: 0x5746a9a5, L:/0.0.0.0:41895] READ: [id: 0xf0ea6f74, L:/127.0.0.1:41895 - R:/127.0.0.1:59692]
2023-02-21 19:25:39,713 [s0-NettyServerStreamRpc-workerGroup--thread1] INFO  client.DataStreamClient (ConfUtils.java:logGet(46)) - raft.datastream.type = NETTY (custom)
2023-02-21 19:25:39,713 [s0-NettyServerStreamRpc-workerGroup--thread1] INFO  netty.NettyConfigKeys$DataStream (ConfUtils.java:logGet(46)) - raft.netty.dataStream.client.tls.conf = null (default)
2023-02-21 19:25:39,713 [s0-NettyServerStreamRpc-workerGroup--thread1] INFO  netty.NettyConfigKeys$DataStream (ConfUtils.java:logGet(46)) - raft.netty.dataStream.client.reply.queue.grace-period = 1s (default)
2023-02-21 19:25:39,714 [s0-NettyServerStreamRpc-workerGroup--thread1] INFO  netty.NettyConfigKeys$DataStream (ConfUtils.java:logGet(46)) - raft.netty.dataStream.client.worker-group.share = false (default)
2023-02-21 19:25:39,714 [s0-NettyServerStreamRpc-workerGroup--thread1] INFO  netty.NettyConfigKeys$DataStream (ConfUtils.java:logGet(46)) - raft.netty.dataStream.client.worker-group.size = 4 (default)
2023-02-21 19:25:39,719 [s0-NettyServerStreamRpc-bossGroup--thread1] INFO  logging.LoggingHandler (AbstractInternalLogger.java:log(148)) - [id: 0x6a589727, L:/0.0.0.0:43269] READ: [id: 0xc67e3797, L:/127.0.0.1:43269 - R:/127.0.0.1:39636]
2023-02-21 19:25:39,720 [s0-NettyServerStreamRpc-workerGroup--thread2] INFO  client.DataStreamClient (ConfUtils.java:logGet(46)) - raft.datastream.type = NETTY (custom)
2023-02-21 19:25:39,720 [s0-NettyServerStreamRpc-workerGroup--thread2] INFO  netty.NettyConfigKeys$DataStream (ConfUtils.java:logGet(46)) - raft.netty.dataStream.client.tls.conf = null (default)
2023-02-21 19:25:39,720 [s0-NettyServerStreamRpc-workerGroup--thread2] INFO  netty.NettyConfigKeys$DataStream (ConfUtils.java:logGet(46)) - raft.netty.dataStream.client.reply.queue.grace-period = 1s (default)
2023-02-21 19:25:39,720 [s0-NettyServerStreamRpc-workerGroup--thread2] INFO  netty.NettyConfigKeys$DataStream (ConfUtils.java:logGet(46)) - raft.netty.dataStream.client.worker-group.share = false (default)
2023-02-21 19:25:39,720 [s0-NettyServerStreamRpc-workerGroup--thread2] INFO  netty.NettyConfigKeys$DataStream (ConfUtils.java:logGet(46)) - raft.netty.dataStream.client.worker-group.size = 4 (default)
2023-02-21 19:25:39,725 [s2-NettyServerStreamRpc-bossGroup--thread1] INFO  logging.LoggingHandler (AbstractInternalLogger.java:log(148)) - [id: 0x03cec995, L:/0.0.0.0:44375] READ: [id: 0x88c267bd, L:/127.0.0.1:44375 - R:/127.0.0.1:35298]
2023-02-21 19:25:39,728 [s2-NettyServerStreamRpc-workerGroup--thread1] INFO  client.DataStreamClient (ConfUtils.java:logGet(46)) - raft.datastream.type = NETTY (custom)
2023-02-21 19:25:39,728 [s2-NettyServerStreamRpc-workerGroup--thread1] INFO  netty.NettyConfigKeys$DataStream (ConfUtils.java:logGet(46)) - raft.netty.dataStream.client.tls.conf = null (default)
2023-02-21 19:25:39,728 [s2-NettyServerStreamRpc-workerGroup--thread1] INFO  netty.NettyConfigKeys$DataStream (ConfUtils.java:logGet(46)) - raft.netty.dataStream.client.reply.queue.grace-period = 1s (default)
2023-02-21 19:25:39,728 [s2-NettyServerStreamRpc-workerGroup--thread1] INFO  netty.NettyConfigKeys$DataStream (ConfUtils.java:logGet(46)) - raft.netty.dataStream.client.worker-group.share = false (default)
2023-02-21 19:25:39,728 [s2-NettyServerStreamRpc-workerGroup--thread1] INFO  netty.NettyConfigKeys$DataStream (ConfUtils.java:logGet(46)) - raft.netty.dataStream.client.worker-group.size = 4 (default)
2023-02-21 19:25:39,732 [s2-NettyServerStreamRpc-workerGroup--thread1] INFO  client.DataStreamClient (ConfUtils.java:logGet(46)) - raft.datastream.type = NETTY (custom)
2023-02-21 19:25:39,732 [s2-NettyServerStreamRpc-workerGroup--thread1] INFO  netty.NettyConfigKeys$DataStream (ConfUtils.java:logGet(46)) - raft.netty.dataStream.client.tls.conf = null (default)
2023-02-21 19:25:39,732 [s2-NettyServerStreamRpc-workerGroup--thread1] INFO  netty.NettyConfigKeys$DataStream (ConfUtils.java:logGet(46)) - raft.netty.dataStream.client.reply.queue.grace-period = 1s (default)
2023-02-21 19:25:39,732 [s2-NettyServerStreamRpc-workerGroup--thread1] INFO  netty.NettyConfigKeys$DataStream (ConfUtils.java:logGet(46)) - raft.netty.dataStream.client.worker-group.share = false (default)
2023-02-21 19:25:39,732 [s2-NettyServerStreamRpc-workerGroup--thread1] INFO  netty.NettyConfigKeys$DataStream (ConfUtils.java:logGet(46)) - raft.netty.dataStream.client.worker-group.size = 4 (default)
2023-02-21 19:25:39,735 [s1-NettyServerStreamRpc-bossGroup--thread1] INFO  logging.LoggingHandler (AbstractInternalLogger.java:log(148)) - [id: 0x5746a9a5, L:/0.0.0.0:41895] READ COMPLETE
2023-02-21 19:25:39,735 [s1-NettyServerStreamRpc-bossGroup--thread1] INFO  logging.LoggingHandler (AbstractInternalLogger.java:log(148)) - [id: 0x5746a9a5, L:/0.0.0.0:41895] READ: [id: 0x4be82f55, L:/127.0.0.1:41895 - R:/127.0.0.1:59708]
2023-02-21 19:25:39,750 [s2-NettyServerStreamRpc-workerGroup--thread2] INFO  client.DataStreamClient (ConfUtils.java:logGet(46)) - raft.datastream.type = NETTY (custom)
2023-02-21 19:25:39,750 [s2-NettyServerStreamRpc-workerGroup--thread2] INFO  netty.NettyConfigKeys$DataStream (ConfUtils.java:logGet(46)) - raft.netty.dataStream.client.tls.conf = null (default)
2023-02-21 19:25:39,750 [s2-NettyServerStreamRpc-workerGroup--thread2] INFO  netty.NettyConfigKeys$DataStream (ConfUtils.java:logGet(46)) - raft.netty.dataStream.client.reply.queue.grace-period = 1s (default)
2023-02-21 19:25:39,750 [s2-NettyServerStreamRpc-workerGroup--thread2] INFO  netty.NettyConfigKeys$DataStream (ConfUtils.java:logGet(46)) - raft.netty.dataStream.client.worker-group.share = false (default)
2023-02-21 19:25:39,750 [s2-NettyServerStreamRpc-workerGroup--thread2] INFO  netty.NettyConfigKeys$DataStream (ConfUtils.java:logGet(46)) - raft.netty.dataStream.client.worker-group.size = 4 (default)
2023-02-21 19:25:39,762 [s1-NettyServerStreamRpc-bossGroup--thread1] INFO  logging.LoggingHandler (AbstractInternalLogger.java:log(148)) - [id: 0x5746a9a5, L:/0.0.0.0:41895] READ COMPLETE
2023-02-21 19:25:39,762 [s1-NettyServerStreamRpc-bossGroup--thread1] INFO  logging.LoggingHandler (AbstractInternalLogger.java:log(148)) - [id: 0x5746a9a5, L:/0.0.0.0:41895] READ: [id: 0x191225c3, L:/127.0.0.1:41895 - R:/127.0.0.1:59710]
2023-02-21 19:25:39,769 [s1-NettyServerStreamRpc-bossGroup--thread1] INFO  logging.LoggingHandler (AbstractInternalLogger.java:log(148)) - [id: 0x5746a9a5, L:/0.0.0.0:41895] READ COMPLETE
2023-02-21 19:25:39,773 [s1-NettyServerStreamRpc-bossGroup--thread1] INFO  logging.LoggingHandler (AbstractInternalLogger.java:log(148)) - [id: 0x5746a9a5, L:/0.0.0.0:41895] READ: [id: 0x36b6a0a5, L:/127.0.0.1:41895 - R:/127.0.0.1:59720]
2023-02-21 19:25:39,774 [s1-NettyServerStreamRpc-bossGroup--thread1] INFO  logging.LoggingHandler (AbstractInternalLogger.java:log(148)) - [id: 0x5746a9a5, L:/0.0.0.0:41895] READ COMPLETE
2023-02-21 19:25:39,782 [s2-NettyServerStreamRpc-bossGroup--thread1] INFO  logging.LoggingHandler (AbstractInternalLogger.java:log(148)) - [id: 0x03cec995, L:/0.0.0.0:44375] READ COMPLETE
2023-02-21 19:25:39,782 [s2-NettyServerStreamRpc-bossGroup--thread1] INFO  logging.LoggingHandler (AbstractInternalLogger.java:log(148)) - [id: 0x03cec995, L:/0.0.0.0:44375] READ: [id: 0xd8b099ea, L:/127.0.0.1:44375 - R:/127.0.0.1:35308]
2023-02-21 19:25:39,787 [s0-NettyServerStreamRpc-workerGroup--thread1] INFO  client.DataStreamClient (ConfUtils.java:logGet(46)) - raft.datastream.type = NETTY (custom)
2023-02-21 19:25:39,787 [s0-NettyServerStreamRpc-workerGroup--thread1] INFO  netty.NettyConfigKeys$DataStream (ConfUtils.java:logGet(46)) - raft.netty.dataStream.client.tls.conf = null (default)
2023-02-21 19:25:39,787 [s0-NettyServerStreamRpc-workerGroup--thread1] INFO  netty.NettyConfigKeys$DataStream (ConfUtils.java:logGet(46)) - raft.netty.dataStream.client.reply.queue.grace-period = 1s (default)
2023-02-21 19:25:39,787 [s0-NettyServerStreamRpc-workerGroup--thread1] INFO  netty.NettyConfigKeys$DataStream (ConfUtils.java:logGet(46)) - raft.netty.dataStream.client.worker-group.share = false (default)
2023-02-21 19:25:39,787 [s0-NettyServerStreamRpc-workerGroup--thread1] INFO  netty.NettyConfigKeys$DataStream (ConfUtils.java:logGet(46)) - raft.netty.dataStream.client.worker-group.size = 4 (default)
2023-02-21 19:25:39,795 [s1-NettyServerStreamRpc-bossGroup--thread1] INFO  logging.LoggingHandler (AbstractInternalLogger.java:log(148)) - [id: 0x5746a9a5, L:/0.0.0.0:41895] READ: [id: 0xba641a55, L:/127.0.0.1:41895 - R:/127.0.0.1:59728]
2023-02-21 19:25:39,795 [s1-NettyServerStreamRpc-bossGroup--thread1] INFO  logging.LoggingHandler (AbstractInternalLogger.java:log(148)) - [id: 0x5746a9a5, L:/0.0.0.0:41895] READ COMPLETE
2023-02-21 19:25:39,795 [s0-NettyServerStreamRpc-workerGroup--thread2] INFO  client.DataStreamClient (ConfUtils.java:logGet(46)) - raft.datastream.type = NETTY (custom)
2023-02-21 19:25:39,795 [s0-NettyServerStreamRpc-workerGroup--thread2] INFO  netty.NettyConfigKeys$DataStream (ConfUtils.java:logGet(46)) - raft.netty.dataStream.client.tls.conf = null (default)
2023-02-21 19:25:39,795 [s0-NettyServerStreamRpc-workerGroup--thread2] INFO  netty.NettyConfigKeys$DataStream (ConfUtils.java:logGet(46)) - raft.netty.dataStream.client.reply.queue.grace-period = 1s (default)
2023-02-21 19:25:39,795 [s0-NettyServerStreamRpc-workerGroup--thread2] INFO  netty.NettyConfigKeys$DataStream (ConfUtils.java:logGet(46)) - raft.netty.dataStream.client.worker-group.share = false (default)
2023-02-21 19:25:39,795 [s0-NettyServerStreamRpc-workerGroup--thread2] INFO  netty.NettyConfigKeys$DataStream (ConfUtils.java:logGet(46)) - raft.netty.dataStream.client.worker-group.size = 4 (default)
2023-02-21 19:25:39,798 [s0-NettyServerStreamRpc-bossGroup--thread1] INFO  logging.LoggingHandler (AbstractInternalLogger.java:log(148)) - [id: 0x6a589727, L:/0.0.0.0:43269] READ: [id: 0x60ff3e92, L:/127.0.0.1:43269 - R:/127.0.0.1:39638]
2023-02-21 19:25:39,799 [s0-NettyServerStreamRpc-bossGroup--thread1] INFO  logging.LoggingHandler (AbstractInternalLogger.java:log(148)) - [id: 0x6a589727, L:/0.0.0.0:43269] READ COMPLETE
2023-02-21 19:25:39,799 [s0-NettyServerStreamRpc-bossGroup--thread1] INFO  logging.LoggingHandler (AbstractInternalLogger.java:log(148)) - [id: 0x6a589727, L:/0.0.0.0:43269] READ: [id: 0xc6e71251, L:/127.0.0.1:43269 - R:/127.0.0.1:39652]
2023-02-21 19:25:39,799 [s0-NettyServerStreamRpc-bossGroup--thread1] INFO  logging.LoggingHandler (AbstractInternalLogger.java:log(148)) - [id: 0x6a589727, L:/0.0.0.0:43269] READ: [id: 0x62cae1c0, L:/127.0.0.1:43269 - R:/127.0.0.1:39666]
2023-02-21 19:25:39,799 [s0-NettyServerStreamRpc-bossGroup--thread1] INFO  logging.LoggingHandler (AbstractInternalLogger.java:log(148)) - [id: 0x6a589727, L:/0.0.0.0:43269] READ: [id: 0xdf37ea56, L:/127.0.0.1:43269 - R:/127.0.0.1:39676]
2023-02-21 19:25:39,799 [s0-NettyServerStreamRpc-bossGroup--thread1] INFO  logging.LoggingHandler (AbstractInternalLogger.java:log(148)) - [id: 0x6a589727, L:/0.0.0.0:43269] READ: [id: 0x61abffc6, L:/127.0.0.1:43269 - R:/127.0.0.1:39688]
2023-02-21 19:25:39,799 [s0-NettyServerStreamRpc-bossGroup--thread1] INFO  logging.LoggingHandler (AbstractInternalLogger.java:log(148)) - [id: 0x6a589727, L:/0.0.0.0:43269] READ COMPLETE
2023-02-21 19:25:39,808 [s1-NettyServerStreamRpc-bossGroup--thread1] INFO  logging.LoggingHandler (AbstractInternalLogger.java:log(148)) - [id: 0x5746a9a5, L:/0.0.0.0:41895] READ: [id: 0x75c1887e, L:/127.0.0.1:41895 - R:/127.0.0.1:59730]
2023-02-21 19:25:39,808 [s1-NettyServerStreamRpc-bossGroup--thread1] INFO  logging.LoggingHandler (AbstractInternalLogger.java:log(148)) - [id: 0x5746a9a5, L:/0.0.0.0:41895] READ COMPLETE
2023-02-21 19:25:39,809 [s0-NettyServerStreamRpc-workerGroup--thread1] INFO  client.DataStreamClient (ConfUtils.java:logGet(46)) - raft.datastream.type = NETTY (custom)
2023-02-21 19:25:39,809 [s0-NettyServerStreamRpc-workerGroup--thread1] INFO  netty.NettyConfigKeys$DataStream (ConfUtils.java:logGet(46)) - raft.netty.dataStream.client.tls.conf = null (default)
2023-02-21 19:25:39,809 [s0-NettyServerStreamRpc-workerGroup--thread1] INFO  netty.NettyConfigKeys$DataStream (ConfUtils.java:logGet(46)) - raft.netty.dataStream.client.reply.queue.grace-period = 1s (default)
2023-02-21 19:25:39,809 [s0-NettyServerStreamRpc-workerGroup--thread1] INFO  netty.NettyConfigKeys$DataStream (ConfUtils.java:logGet(46)) - raft.netty.dataStream.client.worker-group.share = false (default)
2023-02-21 19:25:39,809 [s0-NettyServerStreamRpc-workerGroup--thread1] INFO  netty.NettyConfigKeys$DataStream (ConfUtils.java:logGet(46)) - raft.netty.dataStream.client.worker-group.size = 4 (default)
2023-02-21 19:25:39,809 [s2-NettyServerStreamRpc-bossGroup--thread1] INFO  logging.LoggingHandler (AbstractInternalLogger.java:log(148)) - [id: 0x03cec995, L:/0.0.0.0:44375] READ COMPLETE
2023-02-21 19:25:39,810 [s2-NettyServerStreamRpc-bossGroup--thread1] INFO  logging.LoggingHandler (AbstractInternalLogger.java:log(148)) - [id: 0x03cec995, L:/0.0.0.0:44375] READ: [id: 0xc72cea10, L:/127.0.0.1:44375 - R:/127.0.0.1:35316]
2023-02-21 19:25:39,810 [s2-NettyServerStreamRpc-bossGroup--thread1] INFO  logging.LoggingHandler (AbstractInternalLogger.java:log(148)) - [id: 0x03cec995, L:/0.0.0.0:44375] READ COMPLETE
2023-02-21 19:25:39,811 [s2-NettyServerStreamRpc-bossGroup--thread1] INFO  logging.LoggingHandler (AbstractInternalLogger.java:log(148)) - [id: 0x03cec995, L:/0.0.0.0:44375] READ: [id: 0xe29baeff, L:/127.0.0.1:44375 - R:/127.0.0.1:35320]
2023-02-21 19:25:39,811 [s2-NettyServerStreamRpc-bossGroup--thread1] INFO  logging.LoggingHandler (AbstractInternalLogger.java:log(148)) - [id: 0x03cec995, L:/0.0.0.0:44375] READ COMPLETE
2023-02-21 19:25:39,811 [s2-NettyServerStreamRpc-workerGroup--thread1] INFO  client.DataStreamClient (ConfUtils.java:logGet(46)) - raft.datastream.type = NETTY (custom)
2023-02-21 19:25:39,811 [s2-NettyServerStreamRpc-workerGroup--thread1] INFO  netty.NettyConfigKeys$DataStream (ConfUtils.java:logGet(46)) - raft.netty.dataStream.client.tls.conf = null (default)
2023-02-21 19:25:39,811 [s2-NettyServerStreamRpc-workerGroup--thread1] INFO  netty.NettyConfigKeys$DataStream (ConfUtils.java:logGet(46)) - raft.netty.dataStream.client.reply.queue.grace-period = 1s (default)
2023-02-21 19:25:39,811 [s2-NettyServerStreamRpc-workerGroup--thread1] INFO  netty.NettyConfigKeys$DataStream (ConfUtils.java:logGet(46)) - raft.netty.dataStream.client.worker-group.share = false (default)
2023-02-21 19:25:39,811 [s2-NettyServerStreamRpc-workerGroup--thread1] INFO  netty.NettyConfigKeys$DataStream (ConfUtils.java:logGet(46)) - raft.netty.dataStream.client.worker-group.size = 4 (default)
2023-02-21 19:25:39,815 [s0-NettyServerStreamRpc-bossGroup--thread1] INFO  logging.LoggingHandler (AbstractInternalLogger.java:log(148)) - [id: 0x6a589727, L:/0.0.0.0:43269] READ: [id: 0x76b89986, L:/127.0.0.1:43269 - R:/127.0.0.1:39704]
2023-02-21 19:25:39,815 [s2-NettyServerStreamRpc-workerGroup--thread2] INFO  client.DataStreamClient (ConfUtils.java:logGet(46)) - raft.datastream.type = NETTY (custom)
2023-02-21 19:25:39,816 [s2-NettyServerStreamRpc-workerGroup--thread2] INFO  netty.NettyConfigKeys$DataStream (ConfUtils.java:logGet(46)) - raft.netty.dataStream.client.tls.conf = null (default)
2023-02-21 19:25:39,816 [s2-NettyServerStreamRpc-workerGroup--thread2] INFO  netty.NettyConfigKeys$DataStream (ConfUtils.java:logGet(46)) - raft.netty.dataStream.client.reply.queue.grace-period = 1s (default)
2023-02-21 19:25:39,815 [s0-NettyServerStreamRpc-bossGroup--thread1] INFO  logging.LoggingHandler (AbstractInternalLogger.java:log(148)) - [id: 0x6a589727, L:/0.0.0.0:43269] READ COMPLETE
2023-02-21 19:25:39,816 [s2-NettyServerStreamRpc-workerGroup--thread2] INFO  netty.NettyConfigKeys$DataStream (ConfUtils.java:logGet(46)) - raft.netty.dataStream.client.worker-group.share = false (default)
2023-02-21 19:25:39,816 [s2-NettyServerStreamRpc-workerGroup--thread2] INFO  netty.NettyConfigKeys$DataStream (ConfUtils.java:logGet(46)) - raft.netty.dataStream.client.worker-group.size = 4 (default)
2023-02-21 19:25:39,825 [s1-NettyServerStreamRpc-workerGroup--thread1] INFO  client.DataStreamClient (ConfUtils.java:logGet(46)) - raft.datastream.type = NETTY (custom)
2023-02-21 19:25:39,825 [s1-NettyServerStreamRpc-workerGroup--thread1] INFO  netty.NettyConfigKeys$DataStream (ConfUtils.java:logGet(46)) - raft.netty.dataStream.client.tls.conf = null (default)
2023-02-21 19:25:39,825 [s1-NettyServerStreamRpc-workerGroup--thread1] INFO  netty.NettyConfigKeys$DataStream (ConfUtils.java:logGet(46)) - raft.netty.dataStream.client.reply.queue.grace-period = 1s (default)
2023-02-21 19:25:39,825 [s1-NettyServerStreamRpc-workerGroup--thread1] INFO  netty.NettyConfigKeys$DataStream (ConfUtils.java:logGet(46)) - raft.netty.dataStream.client.worker-group.share = false (default)
2023-02-21 19:25:39,825 [s1-NettyServerStreamRpc-workerGroup--thread1] INFO  netty.NettyConfigKeys$DataStream (ConfUtils.java:logGet(46)) - raft.netty.dataStream.client.worker-group.size = 4 (default)
2023-02-21 19:25:39,830 [s0-NettyServerStreamRpc-bossGroup--thread1] INFO  logging.LoggingHandler (AbstractInternalLogger.java:log(148)) - [id: 0x6a589727, L:/0.0.0.0:43269] READ: [id: 0xcbd6d00c, L:/127.0.0.1:43269 - R:/127.0.0.1:39718]
2023-02-21 19:25:39,830 [s0-NettyServerStreamRpc-bossGroup--thread1] INFO  logging.LoggingHandler (AbstractInternalLogger.java:log(148)) - [id: 0x6a589727, L:/0.0.0.0:43269] READ COMPLETE
2023-02-21 19:25:39,832 [s1-NettyServerStreamRpc-workerGroup--thread1] INFO  client.DataStreamClient (ConfUtils.java:logGet(46)) - raft.datastream.type = NETTY (custom)
2023-02-21 19:25:39,832 [s1-NettyServerStreamRpc-workerGroup--thread1] INFO  netty.NettyConfigKeys$DataStream (ConfUtils.java:logGet(46)) - raft.netty.dataStream.client.tls.conf = null (default)
2023-02-21 19:25:39,832 [s1-NettyServerStreamRpc-workerGroup--thread1] INFO  netty.NettyConfigKeys$DataStream (ConfUtils.java:logGet(46)) - raft.netty.dataStream.client.reply.queue.grace-period = 1s (default)
2023-02-21 19:25:39,832 [s1-NettyServerStreamRpc-workerGroup--thread1] INFO  netty.NettyConfigKeys$DataStream (ConfUtils.java:logGet(46)) - raft.netty.dataStream.client.worker-group.share = false (default)
2023-02-21 19:25:39,832 [s1-NettyServerStreamRpc-workerGroup--thread1] INFO  netty.NettyConfigKeys$DataStream (ConfUtils.java:logGet(46)) - raft.netty.dataStream.client.worker-group.size = 4 (default)
2023-02-21 19:25:39,834 [s1-NettyServerStreamRpc-bossGroup--thread1] INFO  logging.LoggingHandler (AbstractInternalLogger.java:log(148)) - [id: 0x5746a9a5, L:/0.0.0.0:41895] READ: [id: 0x0f8385ab, L:/127.0.0.1:41895 - R:/127.0.0.1:59742]
2023-02-21 19:25:39,834 [s1-NettyServerStreamRpc-bossGroup--thread1] INFO  logging.LoggingHandler (AbstractInternalLogger.java:log(148)) - [id: 0x5746a9a5, L:/0.0.0.0:41895] READ COMPLETE
2023-02-21 19:25:39,866 [s0-NettyServerStreamRpc-bossGroup--thread1] INFO  logging.LoggingHandler (AbstractInternalLogger.java:log(148)) - [id: 0x6a589727, L:/0.0.0.0:43269] READ: [id: 0xd7dc49f9, L:/127.0.0.1:43269 - R:/127.0.0.1:39732]
2023-02-21 19:25:39,867 [s0-NettyServerStreamRpc-bossGroup--thread1] INFO  logging.LoggingHandler (AbstractInternalLogger.java:log(148)) - [id: 0x6a589727, L:/0.0.0.0:43269] READ COMPLETE
2023-02-21 19:25:39,867 [s2-NettyServerStreamRpc-workerGroup--thread1] INFO  client.DataStreamClient (ConfUtils.java:logGet(46)) - raft.datastream.type = NETTY (custom)
2023-02-21 19:25:39,867 [s2-NettyServerStreamRpc-workerGroup--thread1] INFO  netty.NettyConfigKeys$DataStream (ConfUtils.java:logGet(46)) - raft.netty.dataStream.client.tls.conf = null (default)
2023-02-21 19:25:39,867 [s2-NettyServerStreamRpc-workerGroup--thread1] INFO  netty.NettyConfigKeys$DataStream (ConfUtils.java:logGet(46)) - raft.netty.dataStream.client.reply.queue.grace-period = 1s (default)
2023-02-21 19:25:39,867 [s2-NettyServerStreamRpc-workerGroup--thread1] INFO  netty.NettyConfigKeys$DataStream (ConfUtils.java:logGet(46)) - raft.netty.dataStream.client.worker-group.share = false (default)
2023-02-21 19:25:39,868 [s2-NettyServerStreamRpc-workerGroup--thread1] INFO  netty.NettyConfigKeys$DataStream (ConfUtils.java:logGet(46)) - raft.netty.dataStream.client.worker-group.size = 4 (default)
2023-02-21 19:25:39,869 [s0-NettyServerStreamRpc-workerGroup--thread1] INFO  client.DataStreamClient (ConfUtils.java:logGet(46)) - raft.datastream.type = NETTY (custom)
2023-02-21 19:25:39,869 [s0-NettyServerStreamRpc-workerGroup--thread1] INFO  netty.NettyConfigKeys$DataStream (ConfUtils.java:logGet(46)) - raft.netty.dataStream.client.tls.conf = null (default)
2023-02-21 19:25:39,869 [s0-NettyServerStreamRpc-workerGroup--thread1] INFO  netty.NettyConfigKeys$DataStream (ConfUtils.java:logGet(46)) - raft.netty.dataStream.client.reply.queue.grace-period = 1s (default)
2023-02-21 19:25:39,869 [s0-NettyServerStreamRpc-workerGroup--thread1] INFO  netty.NettyConfigKeys$DataStream (ConfUtils.java:logGet(46)) - raft.netty.dataStream.client.worker-group.share = false (default)
2023-02-21 19:25:39,869 [s0-NettyServerStreamRpc-workerGroup--thread1] INFO  netty.NettyConfigKeys$DataStream (ConfUtils.java:logGet(46)) - raft.netty.dataStream.client.worker-group.size = 4 (default)
2023-02-21 19:25:39,871 [s0-NettyServerStreamRpc-workerGroup--thread2] INFO  client.DataStreamClient (ConfUtils.java:logGet(46)) - raft.datastream.type = NETTY (custom)
2023-02-21 19:25:39,871 [s0-NettyServerStreamRpc-workerGroup--thread2] INFO  netty.NettyConfigKeys$DataStream (ConfUtils.java:logGet(46)) - raft.netty.dataStream.client.tls.conf = null (default)
2023-02-21 19:25:39,871 [s0-NettyServerStreamRpc-workerGroup--thread2] INFO  netty.NettyConfigKeys$DataStream (ConfUtils.java:logGet(46)) - raft.netty.dataStream.client.reply.queue.grace-period = 1s (default)
2023-02-21 19:25:39,871 [s0-NettyServerStreamRpc-workerGroup--thread2] INFO  netty.NettyConfigKeys$DataStream (ConfUtils.java:logGet(46)) - raft.netty.dataStream.client.worker-group.share = false (default)
2023-02-21 19:25:39,871 [s0-NettyServerStreamRpc-workerGroup--thread2] INFO  netty.NettyConfigKeys$DataStream (ConfUtils.java:logGet(46)) - raft.netty.dataStream.client.worker-group.size = 4 (default)
2023-02-21 19:25:39,873 [s0-NettyServerStreamRpc-workerGroup--thread2] INFO  client.DataStreamClient (ConfUtils.java:logGet(46)) - raft.datastream.type = NETTY (custom)
2023-02-21 19:25:39,873 [s0-NettyServerStreamRpc-workerGroup--thread2] INFO  netty.NettyConfigKeys$DataStream (ConfUtils.java:logGet(46)) - raft.netty.dataStream.client.tls.conf = null (default)
2023-02-21 19:25:39,873 [s0-NettyServerStreamRpc-workerGroup--thread2] INFO  netty.NettyConfigKeys$DataStream (ConfUtils.java:logGet(46)) - raft.netty.dataStream.client.reply.queue.grace-period = 1s (default)
2023-02-21 19:25:39,873 [s0-NettyServerStreamRpc-workerGroup--thread2] INFO  netty.NettyConfigKeys$DataStream (ConfUtils.java:logGet(46)) - raft.netty.dataStream.client.worker-group.share = false (default)
2023-02-21 19:25:39,873 [s0-NettyServerStreamRpc-workerGroup--thread2] INFO  netty.NettyConfigKeys$DataStream (ConfUtils.java:logGet(46)) - raft.netty.dataStream.client.worker-group.size = 4 (default)
2023-02-21 19:25:39,873 [s1-NettyServerStreamRpc-bossGroup--thread1] INFO  logging.LoggingHandler (AbstractInternalLogger.java:log(148)) - [id: 0x5746a9a5, L:/0.0.0.0:41895] READ: [id: 0x429fcfff, L:/127.0.0.1:41895 - R:/127.0.0.1:59744]
2023-02-21 19:25:39,874 [s1-NettyServerStreamRpc-bossGroup--thread1] INFO  logging.LoggingHandler (AbstractInternalLogger.java:log(148)) - [id: 0x5746a9a5, L:/0.0.0.0:41895] READ COMPLETE
2023-02-21 19:25:39,882 [s0-NettyServerStreamRpc-workerGroup--thread3] INFO  client.DataStreamClient (ConfUtils.java:logGet(46)) - raft.datastream.type = NETTY (custom)
2023-02-21 19:25:39,883 [s0-NettyServerStreamRpc-workerGroup--thread3] INFO  netty.NettyConfigKeys$DataStream (ConfUtils.java:logGet(46)) - raft.netty.dataStream.client.tls.conf = null (default)
2023-02-21 19:25:39,883 [s0-NettyServerStreamRpc-workerGroup--thread3] INFO  netty.NettyConfigKeys$DataStream (ConfUtils.java:logGet(46)) - raft.netty.dataStream.client.reply.queue.grace-period = 1s (default)
2023-02-21 19:25:39,883 [s0-NettyServerStreamRpc-workerGroup--thread3] INFO  netty.NettyConfigKeys$DataStream (ConfUtils.java:logGet(46)) - raft.netty.dataStream.client.worker-group.share = false (default)
2023-02-21 19:25:39,883 [s0-NettyServerStreamRpc-workerGroup--thread3] INFO  netty.NettyConfigKeys$DataStream (ConfUtils.java:logGet(46)) - raft.netty.dataStream.client.worker-group.size = 4 (default)
2023-02-21 19:25:39,886 [s2-NettyServerStreamRpc-bossGroup--thread1] INFO  logging.LoggingHandler (AbstractInternalLogger.java:log(148)) - [id: 0x03cec995, L:/0.0.0.0:44375] READ: [id: 0x08669a30, L:/127.0.0.1:44375 - R:/127.0.0.1:35322]
2023-02-21 19:25:39,887 [s2-NettyServerStreamRpc-bossGroup--thread1] INFO  logging.LoggingHandler (AbstractInternalLogger.java:log(148)) - [id: 0x03cec995, L:/0.0.0.0:44375] READ COMPLETE
2023-02-21 19:25:39,907 [s1-NettyServerStreamRpc-bossGroup--thread1] INFO  logging.LoggingHandler (AbstractInternalLogger.java:log(148)) - [id: 0x5746a9a5, L:/0.0.0.0:41895] READ: [id: 0x88844b3f, L:/127.0.0.1:41895 - R:/127.0.0.1:59750]
2023-02-21 19:25:39,907 [s1-NettyServerStreamRpc-bossGroup--thread1] INFO  logging.LoggingHandler (AbstractInternalLogger.java:log(148)) - [id: 0x5746a9a5, L:/0.0.0.0:41895] READ COMPLETE
2023-02-21 19:25:39,908 [s0-NettyServerStreamRpc-workerGroup--thread1] INFO  client.DataStreamClient (ConfUtils.java:logGet(46)) - raft.datastream.type = NETTY (custom)
2023-02-21 19:25:39,908 [s0-NettyServerStreamRpc-workerGroup--thread1] INFO  netty.NettyConfigKeys$DataStream (ConfUtils.java:logGet(46)) - raft.netty.dataStream.client.tls.conf = null (default)
2023-02-21 19:25:39,908 [s0-NettyServerStreamRpc-workerGroup--thread1] INFO  netty.NettyConfigKeys$DataStream (ConfUtils.java:logGet(46)) - raft.netty.dataStream.client.reply.queue.grace-period = 1s (default)
2023-02-21 19:25:39,908 [s0-NettyServerStreamRpc-workerGroup--thread1] INFO  netty.NettyConfigKeys$DataStream (ConfUtils.java:logGet(46)) - raft.netty.dataStream.client.worker-group.share = false (default)
2023-02-21 19:25:39,908 [s0-NettyServerStreamRpc-workerGroup--thread1] INFO  netty.NettyConfigKeys$DataStream (ConfUtils.java:logGet(46)) - raft.netty.dataStream.client.worker-group.size = 4 (default)
2023-02-21 19:25:39,914 [s1-NettyServerStreamRpc-bossGroup--thread1] INFO  logging.LoggingHandler (AbstractInternalLogger.java:log(148)) - [id: 0x5746a9a5, L:/0.0.0.0:41895] READ: [id: 0xcff29543, L:/127.0.0.1:41895 - R:/127.0.0.1:59752]
2023-02-21 19:25:39,914 [s1-NettyServerStreamRpc-bossGroup--thread1] INFO  logging.LoggingHandler (AbstractInternalLogger.java:log(148)) - [id: 0x5746a9a5, L:/0.0.0.0:41895] READ COMPLETE
2023-02-21 19:25:39,927 [s2-NettyServerStreamRpc-workerGroup--thread2] INFO  client.DataStreamClient (ConfUtils.java:logGet(46)) - raft.datastream.type = NETTY (custom)
2023-02-21 19:25:39,927 [s2-NettyServerStreamRpc-workerGroup--thread2] INFO  netty.NettyConfigKeys$DataStream (ConfUtils.java:logGet(46)) - raft.netty.dataStream.client.tls.conf = null (default)
2023-02-21 19:25:39,927 [s2-NettyServerStreamRpc-workerGroup--thread2] INFO  netty.NettyConfigKeys$DataStream (ConfUtils.java:logGet(46)) - raft.netty.dataStream.client.reply.queue.grace-period = 1s (default)
2023-02-21 19:25:39,927 [s2-NettyServerStreamRpc-workerGroup--thread2] INFO  netty.NettyConfigKeys$DataStream (ConfUtils.java:logGet(46)) - raft.netty.dataStream.client.worker-group.share = false (default)
2023-02-21 19:25:39,927 [s2-NettyServerStreamRpc-workerGroup--thread2] INFO  netty.NettyConfigKeys$DataStream (ConfUtils.java:logGet(46)) - raft.netty.dataStream.client.worker-group.size = 4 (default)
2023-02-21 19:25:39,933 [s2-NettyServerStreamRpc-bossGroup--thread1] INFO  logging.LoggingHandler (AbstractInternalLogger.java:log(148)) - [id: 0x03cec995, L:/0.0.0.0:44375] READ: [id: 0xf31aabc1, L:/127.0.0.1:44375 - R:/127.0.0.1:35328]
2023-02-21 19:25:39,933 [s2-NettyServerStreamRpc-bossGroup--thread1] INFO  logging.LoggingHandler (AbstractInternalLogger.java:log(148)) - [id: 0x03cec995, L:/0.0.0.0:44375] READ COMPLETE
2023-02-21 19:25:39,934 [s0-NettyServerStreamRpc-bossGroup--thread1] INFO  logging.LoggingHandler (AbstractInternalLogger.java:log(148)) - [id: 0x6a589727, L:/0.0.0.0:43269] READ: [id: 0x2e67abf0, L:/127.0.0.1:43269 - R:/127.0.0.1:39744]
2023-02-21 19:25:39,934 [s0-NettyServerStreamRpc-bossGroup--thread1] INFO  logging.LoggingHandler (AbstractInternalLogger.java:log(148)) - [id: 0x6a589727, L:/0.0.0.0:43269] READ COMPLETE
2023-02-21 19:25:39,934 [s2-NettyServerStreamRpc-workerGroup--thread2] INFO  client.DataStreamClient (ConfUtils.java:logGet(46)) - raft.datastream.type = NETTY (custom)
2023-02-21 19:25:39,934 [s2-NettyServerStreamRpc-workerGroup--thread2] INFO  netty.NettyConfigKeys$DataStream (ConfUtils.java:logGet(46)) - raft.netty.dataStream.client.tls.conf = null (default)
2023-02-21 19:25:39,935 [s2-NettyServerStreamRpc-workerGroup--thread2] INFO  netty.NettyConfigKeys$DataStream (ConfUtils.java:logGet(46)) - raft.netty.dataStream.client.reply.queue.grace-period = 1s (default)
2023-02-21 19:25:39,935 [s2-NettyServerStreamRpc-workerGroup--thread2] INFO  netty.NettyConfigKeys$DataStream (ConfUtils.java:logGet(46)) - raft.netty.dataStream.client.worker-group.share = false (default)
2023-02-21 19:25:39,935 [s2-NettyServerStreamRpc-workerGroup--thread2] INFO  netty.NettyConfigKeys$DataStream (ConfUtils.java:logGet(46)) - raft.netty.dataStream.client.worker-group.size = 4 (default)
2023-02-21 19:25:39,950 [s1-NettyServerStreamRpc-workerGroup--thread1] INFO  client.DataStreamClient (ConfUtils.java:logGet(46)) - raft.datastream.type = NETTY (custom)
2023-02-21 19:25:39,950 [s1-NettyServerStreamRpc-workerGroup--thread1] INFO  netty.NettyConfigKeys$DataStream (ConfUtils.java:logGet(46)) - raft.netty.dataStream.client.tls.conf = null (default)
2023-02-21 19:25:39,950 [s1-NettyServerStreamRpc-workerGroup--thread1] INFO  netty.NettyConfigKeys$DataStream (ConfUtils.java:logGet(46)) - raft.netty.dataStream.client.reply.queue.grace-period = 1s (default)
2023-02-21 19:25:39,950 [s1-NettyServerStreamRpc-workerGroup--thread1] INFO  netty.NettyConfigKeys$DataStream (ConfUtils.java:logGet(46)) - raft.netty.dataStream.client.worker-group.share = false (default)
2023-02-21 19:25:39,950 [s1-NettyServerStreamRpc-workerGroup--thread1] INFO  netty.NettyConfigKeys$DataStream (ConfUtils.java:logGet(46)) - raft.netty.dataStream.client.worker-group.size = 4 (default)
2023-02-21 19:25:39,958 [s1-NettyServerStreamRpc-bossGroup--thread1] INFO  logging.LoggingHandler (AbstractInternalLogger.java:log(148)) - [id: 0x5746a9a5, L:/0.0.0.0:41895] READ: [id: 0x466057d4, L:/127.0.0.1:41895 - R:/127.0.0.1:59760]
2023-02-21 19:25:39,958 [s1-NettyServerStreamRpc-bossGroup--thread1] INFO  logging.LoggingHandler (AbstractInternalLogger.java:log(148)) - [id: 0x5746a9a5, L:/0.0.0.0:41895] READ COMPLETE
2023-02-21 19:25:39,968 [s2-NettyServerStreamRpc-workerGroup--thread1] INFO  client.DataStreamClient (ConfUtils.java:logGet(46)) - raft.datastream.type = NETTY (custom)
2023-02-21 19:25:39,968 [s2-NettyServerStreamRpc-workerGroup--thread1] INFO  netty.NettyConfigKeys$DataStream (ConfUtils.java:logGet(46)) - raft.netty.dataStream.client.tls.conf = null (default)
2023-02-21 19:25:39,968 [s2-NettyServerStreamRpc-workerGroup--thread1] INFO  netty.NettyConfigKeys$DataStream (ConfUtils.java:logGet(46)) - raft.netty.dataStream.client.reply.queue.grace-period = 1s (default)
2023-02-21 19:25:39,968 [s2-NettyServerStreamRpc-workerGroup--thread1] INFO  netty.NettyConfigKeys$DataStream (ConfUtils.java:logGet(46)) - raft.netty.dataStream.client.worker-group.share = false (default)
2023-02-21 19:25:39,968 [s2-NettyServerStreamRpc-workerGroup--thread1] INFO  netty.NettyConfigKeys$DataStream (ConfUtils.java:logGet(46)) - raft.netty.dataStream.client.worker-group.size = 4 (default)
2023-02-21 19:25:39,982 [s2-NettyServerStreamRpc-bossGroup--thread1] INFO  logging.LoggingHandler (AbstractInternalLogger.java:log(148)) - [id: 0x03cec995, L:/0.0.0.0:44375] READ: [id: 0xd0bc4eda, L:/127.0.0.1:44375 - R:/127.0.0.1:35342]
2023-02-21 19:25:39,982 [s2-NettyServerStreamRpc-bossGroup--thread1] INFO  logging.LoggingHandler (AbstractInternalLogger.java:log(148)) - [id: 0x03cec995, L:/0.0.0.0:44375] READ COMPLETE
2023-02-21 19:25:39,983 [s0-NettyServerStreamRpc-workerGroup--thread2] INFO  client.DataStreamClient (ConfUtils.java:logGet(46)) - raft.datastream.type = NETTY (custom)
2023-02-21 19:25:39,983 [s0-NettyServerStreamRpc-workerGroup--thread2] INFO  netty.NettyConfigKeys$DataStream (ConfUtils.java:logGet(46)) - raft.netty.dataStream.client.tls.conf = null (default)
2023-02-21 19:25:39,983 [s0-NettyServerStreamRpc-workerGroup--thread2] INFO  netty.NettyConfigKeys$DataStream (ConfUtils.java:logGet(46)) - raft.netty.dataStream.client.reply.queue.grace-period = 1s (default)
2023-02-21 19:25:39,983 [s0-NettyServerStreamRpc-workerGroup--thread2] INFO  netty.NettyConfigKeys$DataStream (ConfUtils.java:logGet(46)) - raft.netty.dataStream.client.worker-group.share = false (default)
2023-02-21 19:25:39,984 [s0-NettyServerStreamRpc-workerGroup--thread2] INFO  netty.NettyConfigKeys$DataStream (ConfUtils.java:logGet(46)) - raft.netty.dataStream.client.worker-group.size = 4 (default)
2023-02-21 19:25:39,987 [s1-NettyServerStreamRpc-bossGroup--thread1] INFO  logging.LoggingHandler (AbstractInternalLogger.java:log(148)) - [id: 0x5746a9a5, L:/0.0.0.0:41895] READ: [id: 0x9a040a36, L:/127.0.0.1:41895 - R:/127.0.0.1:59762]
2023-02-21 19:25:39,987 [s1-NettyServerStreamRpc-bossGroup--thread1] INFO  logging.LoggingHandler (AbstractInternalLogger.java:log(148)) - [id: 0x5746a9a5, L:/0.0.0.0:41895] READ COMPLETE
2023-02-21 19:25:39,988 [s0-NettyServerStreamRpc-workerGroup--thread2] INFO  client.DataStreamClient (ConfUtils.java:logGet(46)) - raft.datastream.type = NETTY (custom)
2023-02-21 19:25:39,988 [s0-NettyServerStreamRpc-workerGroup--thread2] INFO  netty.NettyConfigKeys$DataStream (ConfUtils.java:logGet(46)) - raft.netty.dataStream.client.tls.conf = null (default)
2023-02-21 19:25:39,988 [s0-NettyServerStreamRpc-workerGroup--thread2] INFO  netty.NettyConfigKeys$DataStream (ConfUtils.java:logGet(46)) - raft.netty.dataStream.client.reply.queue.grace-period = 1s (default)
2023-02-21 19:25:39,988 [s0-NettyServerStreamRpc-workerGroup--thread2] INFO  netty.NettyConfigKeys$DataStream (ConfUtils.java:logGet(46)) - raft.netty.dataStream.client.worker-group.share = false (default)
2023-02-21 19:25:39,988 [s0-NettyServerStreamRpc-workerGroup--thread2] INFO  netty.NettyConfigKeys$DataStream (ConfUtils.java:logGet(46)) - raft.netty.dataStream.client.worker-group.size = 4 (default)
2023-02-21 19:25:39,991 [s1-NettyServerStreamRpc-bossGroup--thread1] INFO  logging.LoggingHandler (AbstractInternalLogger.java:log(148)) - [id: 0x5746a9a5, L:/0.0.0.0:41895] READ: [id: 0xacaa4cb9, L:/127.0.0.1:41895 - R:/127.0.0.1:59764]
2023-02-21 19:25:39,991 [s1-NettyServerStreamRpc-bossGroup--thread1] INFO  logging.LoggingHandler (AbstractInternalLogger.java:log(148)) - [id: 0x5746a9a5, L:/0.0.0.0:41895] READ COMPLETE
2023-02-21 19:25:39,994 [s0-NettyServerStreamRpc-workerGroup--thread3] INFO  client.DataStreamClient (ConfUtils.java:logGet(46)) - raft.datastream.type = NETTY (custom)
2023-02-21 19:25:39,994 [s0-NettyServerStreamRpc-workerGroup--thread3] INFO  netty.NettyConfigKeys$DataStream (ConfUtils.java:logGet(46)) - raft.netty.dataStream.client.tls.conf = null (default)
2023-02-21 19:25:39,994 [s0-NettyServerStreamRpc-workerGroup--thread3] INFO  netty.NettyConfigKeys$DataStream (ConfUtils.java:logGet(46)) - raft.netty.dataStream.client.reply.queue.grace-period = 1s (default)
2023-02-21 19:25:39,994 [s0-NettyServerStreamRpc-workerGroup--thread3] INFO  netty.NettyConfigKeys$DataStream (ConfUtils.java:logGet(46)) - raft.netty.dataStream.client.worker-group.share = false (default)
2023-02-21 19:25:39,994 [s0-NettyServerStreamRpc-workerGroup--thread3] INFO  netty.NettyConfigKeys$DataStream (ConfUtils.java:logGet(46)) - raft.netty.dataStream.client.worker-group.size = 4 (default)
2023-02-21 19:25:39,999 [s2-NettyServerStreamRpc-bossGroup--thread1] INFO  logging.LoggingHandler (AbstractInternalLogger.java:log(148)) - [id: 0x03cec995, L:/0.0.0.0:44375] READ: [id: 0x62491830, L:/127.0.0.1:44375 - R:/127.0.0.1:35358]
2023-02-21 19:25:39,999 [s2-NettyServerStreamRpc-bossGroup--thread1] INFO  logging.LoggingHandler (AbstractInternalLogger.java:log(148)) - [id: 0x03cec995, L:/0.0.0.0:44375] READ COMPLETE
2023-02-21 19:25:40,001 [s0-NettyServerStreamRpc-workerGroup--thread1] INFO  client.DataStreamClient (ConfUtils.java:logGet(46)) - raft.datastream.type = NETTY (custom)
2023-02-21 19:25:40,001 [s0-NettyServerStreamRpc-workerGroup--thread1] INFO  netty.NettyConfigKeys$DataStream (ConfUtils.java:logGet(46)) - raft.netty.dataStream.client.tls.conf = null (default)
2023-02-21 19:25:40,002 [s0-NettyServerStreamRpc-workerGroup--thread1] INFO  netty.NettyConfigKeys$DataStream (ConfUtils.java:logGet(46)) - raft.netty.dataStream.client.reply.queue.grace-period = 1s (default)
2023-02-21 19:25:40,002 [s0-NettyServerStreamRpc-workerGroup--thread1] INFO  netty.NettyConfigKeys$DataStream (ConfUtils.java:logGet(46)) - raft.netty.dataStream.client.worker-group.share = false (default)
2023-02-21 19:25:40,002 [s0-NettyServerStreamRpc-workerGroup--thread1] INFO  netty.NettyConfigKeys$DataStream (ConfUtils.java:logGet(46)) - raft.netty.dataStream.client.worker-group.size = 4 (default)
2023-02-21 19:25:40,018 [s0-NettyServerStreamRpc-bossGroup--thread1] INFO  logging.LoggingHandler (AbstractInternalLogger.java:log(148)) - [id: 0x6a589727, L:/0.0.0.0:43269] READ: [id: 0xd3bec5a1, L:/127.0.0.1:43269 - R:/127.0.0.1:39758]
2023-02-21 19:25:40,018 [s2-NettyServerStreamRpc-workerGroup--thread1] INFO  client.DataStreamClient (ConfUtils.java:logGet(46)) - raft.datastream.type = NETTY (custom)
2023-02-21 19:25:40,018 [s0-NettyServerStreamRpc-bossGroup--thread1] INFO  logging.LoggingHandler (AbstractInternalLogger.java:log(148)) - [id: 0x6a589727, L:/0.0.0.0:43269] READ COMPLETE
2023-02-21 19:25:40,019 [s2-NettyServerStreamRpc-workerGroup--thread1] INFO  netty.NettyConfigKeys$DataStream (ConfUtils.java:logGet(46)) - raft.netty.dataStream.client.tls.conf = null (default)
2023-02-21 19:25:40,019 [s2-NettyServerStreamRpc-workerGroup--thread1] INFO  netty.NettyConfigKeys$DataStream (ConfUtils.java:logGet(46)) - raft.netty.dataStream.client.reply.queue.grace-period = 1s (default)
2023-02-21 19:25:40,019 [s2-NettyServerStreamRpc-workerGroup--thread1] INFO  netty.NettyConfigKeys$DataStream (ConfUtils.java:logGet(46)) - raft.netty.dataStream.client.worker-group.share = false (default)
2023-02-21 19:25:40,019 [s2-NettyServerStreamRpc-workerGroup--thread1] INFO  netty.NettyConfigKeys$DataStream (ConfUtils.java:logGet(46)) - raft.netty.dataStream.client.worker-group.size = 4 (default)
2023-02-21 19:25:40,033 [s0-NettyServerStreamRpc-bossGroup--thread1] INFO  logging.LoggingHandler (AbstractInternalLogger.java:log(148)) - [id: 0x6a589727, L:/0.0.0.0:43269] READ: [id: 0x2341b271, L:/127.0.0.1:43269 - R:/127.0.0.1:39760]
2023-02-21 19:25:40,033 [s1-NettyServerStreamRpc-workerGroup--thread1] INFO  client.DataStreamClient (ConfUtils.java:logGet(46)) - raft.datastream.type = NETTY (custom)
2023-02-21 19:25:40,033 [s1-NettyServerStreamRpc-workerGroup--thread1] INFO  netty.NettyConfigKeys$DataStream (ConfUtils.java:logGet(46)) - raft.netty.dataStream.client.tls.conf = null (default)
2023-02-21 19:25:40,034 [s1-NettyServerStreamRpc-workerGroup--thread1] INFO  netty.NettyConfigKeys$DataStream (ConfUtils.java:logGet(46)) - raft.netty.dataStream.client.reply.queue.grace-period = 1s (default)
2023-02-21 19:25:40,034 [s1-NettyServerStreamRpc-workerGroup--thread1] INFO  netty.NettyConfigKeys$DataStream (ConfUtils.java:logGet(46)) - raft.netty.dataStream.client.worker-group.share = false (default)
2023-02-21 19:25:40,034 [s1-NettyServerStreamRpc-workerGroup--thread1] INFO  netty.NettyConfigKeys$DataStream (ConfUtils.java:logGet(46)) - raft.netty.dataStream.client.worker-group.size = 4 (default)
2023-02-21 19:25:40,033 [s0-NettyServerStreamRpc-bossGroup--thread1] INFO  logging.LoggingHandler (AbstractInternalLogger.java:log(148)) - [id: 0x6a589727, L:/0.0.0.0:43269] READ COMPLETE
2023-02-21 19:25:40,038 [s1-NettyServerStreamRpc-bossGroup--thread1] INFO  logging.LoggingHandler (AbstractInternalLogger.java:log(148)) - [id: 0x5746a9a5, L:/0.0.0.0:41895] READ: [id: 0x076555e7, L:/127.0.0.1:41895 - R:/127.0.0.1:59768]
2023-02-21 19:25:40,038 [s1-NettyServerStreamRpc-bossGroup--thread1] INFO  logging.LoggingHandler (AbstractInternalLogger.java:log(148)) - [id: 0x5746a9a5, L:/0.0.0.0:41895] READ COMPLETE
2023-02-21 19:25:40,038 [s1-NettyServerStreamRpc-bossGroup--thread1] INFO  logging.LoggingHandler (AbstractInternalLogger.java:log(148)) - [id: 0x5746a9a5, L:/0.0.0.0:41895] READ: [id: 0x9f0a071b, L:/127.0.0.1:41895 - R:/127.0.0.1:59774]
2023-02-21 19:25:40,038 [s1-NettyServerStreamRpc-bossGroup--thread1] INFO  logging.LoggingHandler (AbstractInternalLogger.java:log(148)) - [id: 0x5746a9a5, L:/0.0.0.0:41895] READ COMPLETE
2023-02-21 19:25:40,048 [s0-NettyServerStreamRpc-workerGroup--thread1] INFO  client.DataStreamClient (ConfUtils.java:logGet(46)) - raft.datastream.type = NETTY (custom)
2023-02-21 19:25:40,048 [s0-NettyServerStreamRpc-workerGroup--thread1] INFO  netty.NettyConfigKeys$DataStream (ConfUtils.java:logGet(46)) - raft.netty.dataStream.client.tls.conf = null (default)
2023-02-21 19:25:40,048 [s0-NettyServerStreamRpc-workerGroup--thread1] INFO  netty.NettyConfigKeys$DataStream (ConfUtils.java:logGet(46)) - raft.netty.dataStream.client.reply.queue.grace-period = 1s (default)
2023-02-21 19:25:40,048 [s0-NettyServerStreamRpc-workerGroup--thread1] INFO  netty.NettyConfigKeys$DataStream (ConfUtils.java:logGet(46)) - raft.netty.dataStream.client.worker-group.share = false (default)
2023-02-21 19:25:40,048 [s0-NettyServerStreamRpc-workerGroup--thread1] INFO  netty.NettyConfigKeys$DataStream (ConfUtils.java:logGet(46)) - raft.netty.dataStream.client.worker-group.size = 4 (default)
2023-02-21 19:25:40,053 [s2-NettyServerStreamRpc-bossGroup--thread1] INFO  logging.LoggingHandler (AbstractInternalLogger.java:log(148)) - [id: 0x03cec995, L:/0.0.0.0:44375] READ: [id: 0x3c96f98a, L:/127.0.0.1:44375 - R:/127.0.0.1:35362]
2023-02-21 19:25:40,053 [s2-NettyServerStreamRpc-bossGroup--thread1] INFO  logging.LoggingHandler (AbstractInternalLogger.java:log(148)) - [id: 0x03cec995, L:/0.0.0.0:44375] READ COMPLETE
2023-02-21 19:25:40,053 [s2-NettyServerStreamRpc-bossGroup--thread1] INFO  logging.LoggingHandler (AbstractInternalLogger.java:log(148)) - [id: 0x03cec995, L:/0.0.0.0:44375] READ: [id: 0x9a1a3a73, L:/127.0.0.1:44375 - R:/127.0.0.1:35366]
2023-02-21 19:25:40,053 [s2-NettyServerStreamRpc-bossGroup--thread1] INFO  logging.LoggingHandler (AbstractInternalLogger.java:log(148)) - [id: 0x03cec995, L:/0.0.0.0:44375] READ COMPLETE
2023-02-21 19:25:40,070 [s2-NettyServerStreamRpc-workerGroup--thread2] INFO  client.DataStreamClient (ConfUtils.java:logGet(46)) - raft.datastream.type = NETTY (custom)
2023-02-21 19:25:40,070 [s2-NettyServerStreamRpc-workerGroup--thread2] INFO  netty.NettyConfigKeys$DataStream (ConfUtils.java:logGet(46)) - raft.netty.dataStream.client.tls.conf = null (default)
2023-02-21 19:25:40,070 [s2-NettyServerStreamRpc-workerGroup--thread2] INFO  netty.NettyConfigKeys$DataStream (ConfUtils.java:logGet(46)) - raft.netty.dataStream.client.reply.queue.grace-period = 1s (default)
2023-02-21 19:25:40,070 [s2-NettyServerStreamRpc-workerGroup--thread2] INFO  netty.NettyConfigKeys$DataStream (ConfUtils.java:logGet(46)) - raft.netty.dataStream.client.worker-group.share = false (default)
2023-02-21 19:25:40,070 [s2-NettyServerStreamRpc-workerGroup--thread2] INFO  netty.NettyConfigKeys$DataStream (ConfUtils.java:logGet(46)) - raft.netty.dataStream.client.worker-group.size = 4 (default)
2023-02-21 19:25:40,075 [s0-NettyServerStreamRpc-bossGroup--thread1] INFO  logging.LoggingHandler (AbstractInternalLogger.java:log(148)) - [id: 0x6a589727, L:/0.0.0.0:43269] READ: [id: 0x84a76df9, L:/127.0.0.1:43269 - R:/127.0.0.1:39776]
2023-02-21 19:25:40,076 [s0-NettyServerStreamRpc-bossGroup--thread1] INFO  logging.LoggingHandler (AbstractInternalLogger.java:log(148)) - [id: 0x6a589727, L:/0.0.0.0:43269] READ COMPLETE
2023-02-21 19:25:40,077 [s2-NettyServerStreamRpc-workerGroup--thread2] INFO  client.DataStreamClient (ConfUtils.java:logGet(46)) - raft.datastream.type = NETTY (custom)
2023-02-21 19:25:40,077 [s2-NettyServerStreamRpc-workerGroup--thread2] INFO  netty.NettyConfigKeys$DataStream (ConfUtils.java:logGet(46)) - raft.netty.dataStream.client.tls.conf = null (default)
2023-02-21 19:25:40,077 [s2-NettyServerStreamRpc-workerGroup--thread2] INFO  netty.NettyConfigKeys$DataStream (ConfUtils.java:logGet(46)) - raft.netty.dataStream.client.reply.queue.grace-period = 1s (default)
2023-02-21 19:25:40,077 [s2-NettyServerStreamRpc-workerGroup--thread2] INFO  netty.NettyConfigKeys$DataStream (ConfUtils.java:logGet(46)) - raft.netty.dataStream.client.worker-group.share = false (default)
2023-02-21 19:25:40,077 [s2-NettyServerStreamRpc-workerGroup--thread2] INFO  netty.NettyConfigKeys$DataStream (ConfUtils.java:logGet(46)) - raft.netty.dataStream.client.worker-group.size = 4 (default)
2023-02-21 19:25:40,088 [s0-NettyServerStreamRpc-workerGroup--thread4] INFO  client.DataStreamClient (ConfUtils.java:logGet(46)) - raft.datastream.type = NETTY (custom)
2023-02-21 19:25:40,088 [s0-NettyServerStreamRpc-workerGroup--thread4] INFO  netty.NettyConfigKeys$DataStream (ConfUtils.java:logGet(46)) - raft.netty.dataStream.client.tls.conf = null (default)
2023-02-21 19:25:40,088 [s0-NettyServerStreamRpc-workerGroup--thread4] INFO  netty.NettyConfigKeys$DataStream (ConfUtils.java:logGet(46)) - raft.netty.dataStream.client.reply.queue.grace-period = 1s (default)
2023-02-21 19:25:40,089 [s0-NettyServerStreamRpc-workerGroup--thread4] INFO  netty.NettyConfigKeys$DataStream (ConfUtils.java:logGet(46)) - raft.netty.dataStream.client.worker-group.share = false (default)
2023-02-21 19:25:40,089 [s0-NettyServerStreamRpc-workerGroup--thread4] INFO  netty.NettyConfigKeys$DataStream (ConfUtils.java:logGet(46)) - raft.netty.dataStream.client.worker-group.size = 4 (default)
2023-02-21 19:25:40,107 [s1-NettyServerStreamRpc-bossGroup--thread1] INFO  logging.LoggingHandler (AbstractInternalLogger.java:log(148)) - [id: 0x5746a9a5, L:/0.0.0.0:41895] READ: [id: 0x86cb01a7, L:/127.0.0.1:41895 - R:/127.0.0.1:59788]
2023-02-21 19:25:40,107 [s1-NettyServerStreamRpc-bossGroup--thread1] INFO  logging.LoggingHandler (AbstractInternalLogger.java:log(148)) - [id: 0x5746a9a5, L:/0.0.0.0:41895] READ COMPLETE
2023-02-21 19:25:40,108 [s0-NettyServerStreamRpc-workerGroup--thread4] INFO  client.DataStreamClient (ConfUtils.java:logGet(46)) - raft.datastream.type = NETTY (custom)
2023-02-21 19:25:40,108 [s0-NettyServerStreamRpc-workerGroup--thread4] INFO  netty.NettyConfigKeys$DataStream (ConfUtils.java:logGet(46)) - raft.netty.dataStream.client.tls.conf = null (default)
2023-02-21 19:25:40,108 [s0-NettyServerStreamRpc-workerGroup--thread4] INFO  netty.NettyConfigKeys$DataStream (ConfUtils.java:logGet(46)) - raft.netty.dataStream.client.reply.queue.grace-period = 1s (default)
2023-02-21 19:25:40,108 [s0-NettyServerStreamRpc-workerGroup--thread4] INFO  netty.NettyConfigKeys$DataStream (ConfUtils.java:logGet(46)) - raft.netty.dataStream.client.worker-group.share = false (default)
2023-02-21 19:25:40,108 [s0-NettyServerStreamRpc-workerGroup--thread4] INFO  netty.NettyConfigKeys$DataStream (ConfUtils.java:logGet(46)) - raft.netty.dataStream.client.worker-group.size = 4 (default)
2023-02-21 19:25:40,118 [s2-NettyServerStreamRpc-bossGroup--thread1] INFO  logging.LoggingHandler (AbstractInternalLogger.java:log(148)) - [id: 0x03cec995, L:/0.0.0.0:44375] READ: [id: 0x88436ddf, L:/127.0.0.1:44375 - R:/127.0.0.1:35374]
2023-02-21 19:25:40,119 [s2-NettyServerStreamRpc-bossGroup--thread1] INFO  logging.LoggingHandler (AbstractInternalLogger.java:log(148)) - [id: 0x03cec995, L:/0.0.0.0:44375] READ COMPLETE
2023-02-21 19:25:40,120 [s0-NettyServerStreamRpc-workerGroup--thread4] INFO  client.DataStreamClient (ConfUtils.java:logGet(46)) - raft.datastream.type = NETTY (custom)
2023-02-21 19:25:40,120 [s0-NettyServerStreamRpc-workerGroup--thread4] INFO  netty.NettyConfigKeys$DataStream (ConfUtils.java:logGet(46)) - raft.netty.dataStream.client.tls.conf = null (default)
2023-02-21 19:25:40,120 [s0-NettyServerStreamRpc-workerGroup--thread4] INFO  netty.NettyConfigKeys$DataStream (ConfUtils.java:logGet(46)) - raft.netty.dataStream.client.reply.queue.grace-period = 1s (default)
2023-02-21 19:25:40,120 [s0-NettyServerStreamRpc-workerGroup--thread4] INFO  netty.NettyConfigKeys$DataStream (ConfUtils.java:logGet(46)) - raft.netty.dataStream.client.worker-group.share = false (default)
2023-02-21 19:25:40,120 [s0-NettyServerStreamRpc-workerGroup--thread4] INFO  netty.NettyConfigKeys$DataStream (ConfUtils.java:logGet(46)) - raft.netty.dataStream.client.worker-group.size = 4 (default)
2023-02-21 19:25:40,130 [s1-NettyServerStreamRpc-bossGroup--thread1] INFO  logging.LoggingHandler (AbstractInternalLogger.java:log(148)) - [id: 0x5746a9a5, L:/0.0.0.0:41895] READ: [id: 0x52709201, L:/127.0.0.1:41895 - R:/127.0.0.1:59792]
2023-02-21 19:25:40,130 [s1-NettyServerStreamRpc-bossGroup--thread1] INFO  logging.LoggingHandler (AbstractInternalLogger.java:log(148)) - [id: 0x5746a9a5, L:/0.0.0.0:41895] READ COMPLETE
2023-02-21 19:25:40,130 [s2-NettyServerStreamRpc-workerGroup--thread2] INFO  client.DataStreamClient (ConfUtils.java:logGet(46)) - raft.datastream.type = NETTY (custom)
2023-02-21 19:25:40,130 [s2-NettyServerStreamRpc-workerGroup--thread2] INFO  netty.NettyConfigKeys$DataStream (ConfUtils.java:logGet(46)) - raft.netty.dataStream.client.tls.conf = null (default)
2023-02-21 19:25:40,131 [s2-NettyServerStreamRpc-workerGroup--thread2] INFO  netty.NettyConfigKeys$DataStream (ConfUtils.java:logGet(46)) - raft.netty.dataStream.client.reply.queue.grace-period = 1s (default)
2023-02-21 19:25:40,132 [s2-NettyServerStreamRpc-workerGroup--thread2] INFO  netty.NettyConfigKeys$DataStream (ConfUtils.java:logGet(46)) - raft.netty.dataStream.client.worker-group.share = false (default)
2023-02-21 19:25:40,132 [s2-NettyServerStreamRpc-workerGroup--thread2] INFO  netty.NettyConfigKeys$DataStream (ConfUtils.java:logGet(46)) - raft.netty.dataStream.client.worker-group.size = 4 (default)
2023-02-21 19:25:40,141 [s1-NettyServerStreamRpc-bossGroup--thread1] INFO  logging.LoggingHandler (AbstractInternalLogger.java:log(148)) - [id: 0x5746a9a5, L:/0.0.0.0:41895] READ: [id: 0xdd75311c, L:/127.0.0.1:41895 - R:/127.0.0.1:59806]
2023-02-21 19:25:40,141 [s1-NettyServerStreamRpc-bossGroup--thread1] INFO  logging.LoggingHandler (AbstractInternalLogger.java:log(148)) - [id: 0x5746a9a5, L:/0.0.0.0:41895] READ COMPLETE
2023-02-21 19:25:40,141 [s0-NettyServerStreamRpc-workerGroup--thread4] INFO  client.DataStreamClient (ConfUtils.java:logGet(46)) - raft.datastream.type = NETTY (custom)
2023-02-21 19:25:40,141 [s0-NettyServerStreamRpc-workerGroup--thread4] INFO  netty.NettyConfigKeys$DataStream (ConfUtils.java:logGet(46)) - raft.netty.dataStream.client.tls.conf = null (default)
2023-02-21 19:25:40,141 [s0-NettyServerStreamRpc-workerGroup--thread4] INFO  netty.NettyConfigKeys$DataStream (ConfUtils.java:logGet(46)) - raft.netty.dataStream.client.reply.queue.grace-period = 1s (default)
2023-02-21 19:25:40,141 [s0-NettyServerStreamRpc-workerGroup--thread4] INFO  netty.NettyConfigKeys$DataStream (ConfUtils.java:logGet(46)) - raft.netty.dataStream.client.worker-group.share = false (default)
2023-02-21 19:25:40,141 [s0-NettyServerStreamRpc-workerGroup--thread4] INFO  netty.NettyConfigKeys$DataStream (ConfUtils.java:logGet(46)) - raft.netty.dataStream.client.worker-group.size = 4 (default)
2023-02-21 19:25:40,143 [s2-NettyServerStreamRpc-bossGroup--thread1] INFO  logging.LoggingHandler (AbstractInternalLogger.java:log(148)) - [id: 0x03cec995, L:/0.0.0.0:44375] READ: [id: 0x45baf2d3, L:/127.0.0.1:44375 - R:/127.0.0.1:35388]
2023-02-21 19:25:40,143 [s2-NettyServerStreamRpc-bossGroup--thread1] INFO  logging.LoggingHandler (AbstractInternalLogger.java:log(148)) - [id: 0x03cec995, L:/0.0.0.0:44375] READ COMPLETE
2023-02-21 19:25:40,143 [s1-NettyServerStreamRpc-workerGroup--thread1] INFO  client.DataStreamClient (ConfUtils.java:logGet(46)) - raft.datastream.type = NETTY (custom)
2023-02-21 19:25:40,144 [s1-NettyServerStreamRpc-workerGroup--thread1] INFO  netty.NettyConfigKeys$DataStream (ConfUtils.java:logGet(46)) - raft.netty.dataStream.client.tls.conf = null (default)
2023-02-21 19:25:40,144 [s1-NettyServerStreamRpc-workerGroup--thread1] INFO  netty.NettyConfigKeys$DataStream (ConfUtils.java:logGet(46)) - raft.netty.dataStream.client.reply.queue.grace-period = 1s (default)
2023-02-21 19:25:40,144 [s1-NettyServerStreamRpc-workerGroup--thread1] INFO  netty.NettyConfigKeys$DataStream (ConfUtils.java:logGet(46)) - raft.netty.dataStream.client.worker-group.share = false (default)
2023-02-21 19:25:40,144 [s1-NettyServerStreamRpc-workerGroup--thread1] INFO  netty.NettyConfigKeys$DataStream (ConfUtils.java:logGet(46)) - raft.netty.dataStream.client.worker-group.size = 4 (default)
2023-02-21 19:25:40,153 [s2-NettyServerStreamRpc-workerGroup--thread2] INFO  client.DataStreamClient (ConfUtils.java:logGet(46)) - raft.datastream.type = NETTY (custom)
2023-02-21 19:25:40,153 [s2-NettyServerStreamRpc-workerGroup--thread2] INFO  netty.NettyConfigKeys$DataStream (ConfUtils.java:logGet(46)) - raft.netty.dataStream.client.tls.conf = null (default)
2023-02-21 19:25:40,153 [s2-NettyServerStreamRpc-workerGroup--thread2] INFO  netty.NettyConfigKeys$DataStream (ConfUtils.java:logGet(46)) - raft.netty.dataStream.client.reply.queue.grace-period = 1s (default)
2023-02-21 19:25:40,153 [s2-NettyServerStreamRpc-workerGroup--thread2] INFO  netty.NettyConfigKeys$DataStream (ConfUtils.java:logGet(46)) - raft.netty.dataStream.client.worker-group.share = false (default)
2023-02-21 19:25:40,153 [s2-NettyServerStreamRpc-workerGroup--thread2] INFO  netty.NettyConfigKeys$DataStream (ConfUtils.java:logGet(46)) - raft.netty.dataStream.client.worker-group.size = 4 (default)
2023-02-21 19:25:40,158 [s1-NettyServerStreamRpc-bossGroup--thread1] INFO  logging.LoggingHandler (AbstractInternalLogger.java:log(148)) - [id: 0x5746a9a5, L:/0.0.0.0:41895] READ: [id: 0x01aa8333, L:/127.0.0.1:41895 - R:/127.0.0.1:59808]
2023-02-21 19:25:40,158 [s1-NettyServerStreamRpc-bossGroup--thread1] INFO  logging.LoggingHandler (AbstractInternalLogger.java:log(148)) - [id: 0x5746a9a5, L:/0.0.0.0:41895] READ COMPLETE
2023-02-21 19:25:40,153 [s0-NettyServerStreamRpc-bossGroup--thread1] INFO  logging.LoggingHandler (AbstractInternalLogger.java:log(148)) - [id: 0x6a589727, L:/0.0.0.0:43269] READ: [id: 0x5ca8c388, L:/127.0.0.1:43269 - R:/127.0.0.1:39788]
2023-02-21 19:25:40,161 [s0-NettyServerStreamRpc-bossGroup--thread1] INFO  logging.LoggingHandler (AbstractInternalLogger.java:log(148)) - [id: 0x6a589727, L:/0.0.0.0:43269] READ COMPLETE
2023-02-21 19:25:40,162 [s2-NettyServerStreamRpc-workerGroup--thread1] INFO  client.DataStreamClient (ConfUtils.java:logGet(46)) - raft.datastream.type = NETTY (custom)
2023-02-21 19:25:40,162 [s2-NettyServerStreamRpc-workerGroup--thread1] INFO  netty.NettyConfigKeys$DataStream (ConfUtils.java:logGet(46)) - raft.netty.dataStream.client.tls.conf = null (default)
2023-02-21 19:25:40,162 [s2-NettyServerStreamRpc-workerGroup--thread1] INFO  netty.NettyConfigKeys$DataStream (ConfUtils.java:logGet(46)) - raft.netty.dataStream.client.reply.queue.grace-period = 1s (default)
2023-02-21 19:25:40,163 [s2-NettyServerStreamRpc-workerGroup--thread1] INFO  netty.NettyConfigKeys$DataStream (ConfUtils.java:logGet(46)) - raft.netty.dataStream.client.worker-group.share = false (default)
2023-02-21 19:25:40,163 [s2-NettyServerStreamRpc-workerGroup--thread1] INFO  netty.NettyConfigKeys$DataStream (ConfUtils.java:logGet(46)) - raft.netty.dataStream.client.worker-group.size = 4 (default)
2023-02-21 19:25:40,163 [s0-NettyServerStreamRpc-bossGroup--thread1] INFO  logging.LoggingHandler (AbstractInternalLogger.java:log(148)) - [id: 0x6a589727, L:/0.0.0.0:43269] READ: [id: 0x831db498, L:/127.0.0.1:43269 - R:/127.0.0.1:39790]
2023-02-21 19:25:40,163 [s0-NettyServerStreamRpc-bossGroup--thread1] INFO  logging.LoggingHandler (AbstractInternalLogger.java:log(148)) - [id: 0x6a589727, L:/0.0.0.0:43269] READ COMPLETE
2023-02-21 19:25:40,163 [s1-NettyServerStreamRpc-workerGroup--thread1] INFO  client.DataStreamClient (ConfUtils.java:logGet(46)) - raft.datastream.type = NETTY (custom)
2023-02-21 19:25:40,163 [s1-NettyServerStreamRpc-workerGroup--thread1] INFO  netty.NettyConfigKeys$DataStream (ConfUtils.java:logGet(46)) - raft.netty.dataStream.client.tls.conf = null (default)
2023-02-21 19:25:40,163 [s1-NettyServerStreamRpc-workerGroup--thread1] INFO  netty.NettyConfigKeys$DataStream (ConfUtils.java:logGet(46)) - raft.netty.dataStream.client.reply.queue.grace-period = 1s (default)
2023-02-21 19:25:40,164 [s1-NettyServerStreamRpc-workerGroup--thread1] INFO  netty.NettyConfigKeys$DataStream (ConfUtils.java:logGet(46)) - raft.netty.dataStream.client.worker-group.share = false (default)
2023-02-21 19:25:40,164 [s1-NettyServerStreamRpc-workerGroup--thread1] INFO  netty.NettyConfigKeys$DataStream (ConfUtils.java:logGet(46)) - raft.netty.dataStream.client.worker-group.size = 4 (default)
2023-02-21 19:25:40,165 [s2-NettyServerStreamRpc-bossGroup--thread1] INFO  logging.LoggingHandler (AbstractInternalLogger.java:log(148)) - [id: 0x03cec995, L:/0.0.0.0:44375] READ: [id: 0x760684bf, L:/127.0.0.1:44375 - R:/127.0.0.1:35392]
2023-02-21 19:25:40,166 [s2-NettyServerStreamRpc-bossGroup--thread1] INFO  logging.LoggingHandler (AbstractInternalLogger.java:log(148)) - [id: 0x03cec995, L:/0.0.0.0:44375] READ COMPLETE
2023-02-21 19:25:40,198 [s0-NettyServerStreamRpc-bossGroup--thread1] INFO  logging.LoggingHandler (AbstractInternalLogger.java:log(148)) - [id: 0x6a589727, L:/0.0.0.0:43269] READ: [id: 0x5ff5546b, L:/127.0.0.1:43269 - R:/127.0.0.1:39806]
2023-02-21 19:25:40,198 [s0-NettyServerStreamRpc-bossGroup--thread1] INFO  logging.LoggingHandler (AbstractInternalLogger.java:log(148)) - [id: 0x6a589727, L:/0.0.0.0:43269] READ COMPLETE
2023-02-21 19:25:40,198 [s2-NettyServerStreamRpc-workerGroup--thread1] INFO  client.DataStreamClient (ConfUtils.java:logGet(46)) - raft.datastream.type = NETTY (custom)
2023-02-21 19:25:40,198 [s2-NettyServerStreamRpc-workerGroup--thread1] INFO  netty.NettyConfigKeys$DataStream (ConfUtils.java:logGet(46)) - raft.netty.dataStream.client.tls.conf = null (default)
2023-02-21 19:25:40,199 [s2-NettyServerStreamRpc-workerGroup--thread1] INFO  netty.NettyConfigKeys$DataStream (ConfUtils.java:logGet(46)) - raft.netty.dataStream.client.reply.queue.grace-period = 1s (default)
2023-02-21 19:25:40,199 [s2-NettyServerStreamRpc-workerGroup--thread1] INFO  netty.NettyConfigKeys$DataStream (ConfUtils.java:logGet(46)) - raft.netty.dataStream.client.worker-group.share = false (default)
2023-02-21 19:25:40,199 [s2-NettyServerStreamRpc-workerGroup--thread1] INFO  netty.NettyConfigKeys$DataStream (ConfUtils.java:logGet(46)) - raft.netty.dataStream.client.worker-group.size = 4 (default)
2023-02-21 19:25:40,211 [s2-NettyServerStreamRpc-bossGroup--thread1] INFO  logging.LoggingHandler (AbstractInternalLogger.java:log(148)) - [id: 0x03cec995, L:/0.0.0.0:44375] READ: [id: 0xd5fa9b85, L:/127.0.0.1:44375 - R:/127.0.0.1:35394]
2023-02-21 19:25:40,211 [s2-NettyServerStreamRpc-bossGroup--thread1] INFO  logging.LoggingHandler (AbstractInternalLogger.java:log(148)) - [id: 0x03cec995, L:/0.0.0.0:44375] READ COMPLETE
2023-02-21 19:25:40,214 [s1-NettyServerStreamRpc-workerGroup--thread1] INFO  client.DataStreamClient (ConfUtils.java:logGet(46)) - raft.datastream.type = NETTY (custom)
2023-02-21 19:25:40,214 [s1-NettyServerStreamRpc-workerGroup--thread1] INFO  netty.NettyConfigKeys$DataStream (ConfUtils.java:logGet(46)) - raft.netty.dataStream.client.tls.conf = null (default)
2023-02-21 19:25:40,214 [s1-NettyServerStreamRpc-workerGroup--thread1] INFO  netty.NettyConfigKeys$DataStream (ConfUtils.java:logGet(46)) - raft.netty.dataStream.client.reply.queue.grace-period = 1s (default)
2023-02-21 19:25:40,214 [s1-NettyServerStreamRpc-workerGroup--thread1] INFO  netty.NettyConfigKeys$DataStream (ConfUtils.java:logGet(46)) - raft.netty.dataStream.client.worker-group.share = false (default)
2023-02-21 19:25:40,214 [s1-NettyServerStreamRpc-workerGroup--thread1] INFO  netty.NettyConfigKeys$DataStream (ConfUtils.java:logGet(46)) - raft.netty.dataStream.client.worker-group.size = 4 (default)
2023-02-21 19:25:40,218 [s1-NettyServerStreamRpc-bossGroup--thread1] INFO  logging.LoggingHandler (AbstractInternalLogger.java:log(148)) - [id: 0x5746a9a5, L:/0.0.0.0:41895] READ: [id: 0x5d03f1ca, L:/127.0.0.1:41895 - R:/127.0.0.1:59822]
2023-02-21 19:25:40,218 [s1-NettyServerStreamRpc-bossGroup--thread1] INFO  logging.LoggingHandler (AbstractInternalLogger.java:log(148)) - [id: 0x5746a9a5, L:/0.0.0.0:41895] READ COMPLETE
2023-02-21 19:25:40,261 [s0-NettyServerStreamRpc-bossGroup--thread1] INFO  logging.LoggingHandler (AbstractInternalLogger.java:log(148)) - [id: 0x6a589727, L:/0.0.0.0:43269] READ: [id: 0x647961b9, L:/127.0.0.1:43269 - R:/127.0.0.1:39820]
2023-02-21 19:25:40,261 [s0-NettyServerStreamRpc-bossGroup--thread1] INFO  logging.LoggingHandler (AbstractInternalLogger.java:log(148)) - [id: 0x6a589727, L:/0.0.0.0:43269] READ COMPLETE
2023-02-21 19:25:40,262 [s1-NettyServerStreamRpc-workerGroup--thread1] INFO  client.DataStreamClient (ConfUtils.java:logGet(46)) - raft.datastream.type = NETTY (custom)
2023-02-21 19:25:40,262 [s1-NettyServerStreamRpc-workerGroup--thread1] INFO  netty.NettyConfigKeys$DataStream (ConfUtils.java:logGet(46)) - raft.netty.dataStream.client.tls.conf = null (default)
2023-02-21 19:25:40,262 [s1-NettyServerStreamRpc-workerGroup--thread1] INFO  netty.NettyConfigKeys$DataStream (ConfUtils.java:logGet(46)) - raft.netty.dataStream.client.reply.queue.grace-period = 1s (default)
2023-02-21 19:25:40,262 [s1-NettyServerStreamRpc-workerGroup--thread1] INFO  netty.NettyConfigKeys$DataStream (ConfUtils.java:logGet(46)) - raft.netty.dataStream.client.worker-group.share = false (default)
2023-02-21 19:25:40,262 [s1-NettyServerStreamRpc-workerGroup--thread1] INFO  netty.NettyConfigKeys$DataStream (ConfUtils.java:logGet(46)) - raft.netty.dataStream.client.worker-group.size = 4 (default)
2023-02-21 19:25:40,271 [s1-NettyServerStreamRpc-workerGroup--thread1] INFO  client.DataStreamClient (ConfUtils.java:logGet(46)) - raft.datastream.type = NETTY (custom)
2023-02-21 19:25:40,271 [s1-NettyServerStreamRpc-workerGroup--thread1] INFO  netty.NettyConfigKeys$DataStream (ConfUtils.java:logGet(46)) - raft.netty.dataStream.client.tls.conf = null (default)
2023-02-21 19:25:40,271 [s1-NettyServerStreamRpc-workerGroup--thread1] INFO  netty.NettyConfigKeys$DataStream (ConfUtils.java:logGet(46)) - raft.netty.dataStream.client.reply.queue.grace-period = 1s (default)
2023-02-21 19:25:40,271 [s1-NettyServerStreamRpc-workerGroup--thread1] INFO  netty.NettyConfigKeys$DataStream (ConfUtils.java:logGet(46)) - raft.netty.dataStream.client.worker-group.share = false (default)
2023-02-21 19:25:40,272 [s1-NettyServerStreamRpc-workerGroup--thread1] INFO  netty.NettyConfigKeys$DataStream (ConfUtils.java:logGet(46)) - raft.netty.dataStream.client.worker-group.size = 4 (default)
2023-02-21 19:25:40,271 [s2-NettyServerStreamRpc-bossGroup--thread1] INFO  logging.LoggingHandler (AbstractInternalLogger.java:log(148)) - [id: 0x03cec995, L:/0.0.0.0:44375] READ: [id: 0x8109a1ce, L:/127.0.0.1:44375 - R:/127.0.0.1:35398]
2023-02-21 19:25:40,273 [s2-NettyServerStreamRpc-bossGroup--thread1] INFO  logging.LoggingHandler (AbstractInternalLogger.java:log(148)) - [id: 0x03cec995, L:/0.0.0.0:44375] READ COMPLETE
2023-02-21 19:25:40,318 [s0-NettyServerStreamRpc-bossGroup--thread1] INFO  logging.LoggingHandler (AbstractInternalLogger.java:log(148)) - [id: 0x6a589727, L:/0.0.0.0:43269] READ: [id: 0x6bad19d6, L:/127.0.0.1:43269 - R:/127.0.0.1:39828]
2023-02-21 19:25:40,318 [s0-NettyServerStreamRpc-bossGroup--thread1] INFO  logging.LoggingHandler (AbstractInternalLogger.java:log(148)) - [id: 0x6a589727, L:/0.0.0.0:43269] READ COMPLETE
2023-02-21 19:25:40,321 [s1-NettyServerStreamRpc-workerGroup--thread1] INFO  client.DataStreamClient (ConfUtils.java:logGet(46)) - raft.datastream.type = NETTY (custom)
2023-02-21 19:25:40,321 [s1-NettyServerStreamRpc-workerGroup--thread1] INFO  netty.NettyConfigKeys$DataStream (ConfUtils.java:logGet(46)) - raft.netty.dataStream.client.tls.conf = null (default)
2023-02-21 19:25:40,321 [s1-NettyServerStreamRpc-workerGroup--thread1] INFO  netty.NettyConfigKeys$DataStream (ConfUtils.java:logGet(46)) - raft.netty.dataStream.client.reply.queue.grace-period = 1s (default)
2023-02-21 19:25:40,328 [s1-NettyServerStreamRpc-workerGroup--thread1] INFO  netty.NettyConfigKeys$DataStream (ConfUtils.java:logGet(46)) - raft.netty.dataStream.client.worker-group.share = false (default)
2023-02-21 19:25:40,328 [s1-NettyServerStreamRpc-workerGroup--thread1] INFO  netty.NettyConfigKeys$DataStream (ConfUtils.java:logGet(46)) - raft.netty.dataStream.client.worker-group.size = 4 (default)
2023-02-21 19:25:40,331 [s2-NettyServerStreamRpc-bossGroup--thread1] INFO  logging.LoggingHandler (AbstractInternalLogger.java:log(148)) - [id: 0x03cec995, L:/0.0.0.0:44375] READ: [id: 0x7cf36022, L:/127.0.0.1:44375 - R:/127.0.0.1:35408]
2023-02-21 19:25:40,331 [s2-NettyServerStreamRpc-bossGroup--thread1] INFO  logging.LoggingHandler (AbstractInternalLogger.java:log(148)) - [id: 0x03cec995, L:/0.0.0.0:44375] READ COMPLETE
2023-02-21 19:25:40,331 [s1-NettyServerStreamRpc-workerGroup--thread1] INFO  client.DataStreamClient (ConfUtils.java:logGet(46)) - raft.datastream.type = NETTY (custom)
2023-02-21 19:25:40,331 [s1-NettyServerStreamRpc-workerGroup--thread1] INFO  netty.NettyConfigKeys$DataStream (ConfUtils.java:logGet(46)) - raft.netty.dataStream.client.tls.conf = null (default)
2023-02-21 19:25:40,331 [s1-NettyServerStreamRpc-workerGroup--thread1] INFO  netty.NettyConfigKeys$DataStream (ConfUtils.java:logGet(46)) - raft.netty.dataStream.client.reply.queue.grace-period = 1s (default)
2023-02-21 19:25:40,331 [s1-NettyServerStreamRpc-workerGroup--thread1] INFO  netty.NettyConfigKeys$DataStream (ConfUtils.java:logGet(46)) - raft.netty.dataStream.client.worker-group.share = false (default)
2023-02-21 19:25:40,331 [s1-NettyServerStreamRpc-workerGroup--thread1] INFO  netty.NettyConfigKeys$DataStream (ConfUtils.java:logGet(46)) - raft.netty.dataStream.client.worker-group.size = 4 (default)
2023-02-21 19:25:40,335 [s0-NettyServerStreamRpc-bossGroup--thread1] INFO  logging.LoggingHandler (AbstractInternalLogger.java:log(148)) - [id: 0x6a589727, L:/0.0.0.0:43269] READ: [id: 0x280fd9c8, L:/127.0.0.1:43269 - R:/127.0.0.1:39830]
2023-02-21 19:25:40,335 [s0-NettyServerStreamRpc-bossGroup--thread1] INFO  logging.LoggingHandler (AbstractInternalLogger.java:log(148)) - [id: 0x6a589727, L:/0.0.0.0:43269] READ COMPLETE
2023-02-21 19:25:40,347 [pool-9-thread-12] INFO  datastream.DataStreamTestUtils (DataStreamTestUtils.java:writeAndCloseAndAssertReplies(320)) - Stream378: bytesWritten=685060
2023-02-21 19:25:40,353 [s1-NettyServerStreamRpc-workerGroup--thread1] INFO  client.DataStreamClient (ConfUtils.java:logGet(46)) - raft.datastream.type = NETTY (custom)
2023-02-21 19:25:40,353 [s1-NettyServerStreamRpc-workerGroup--thread1] INFO  netty.NettyConfigKeys$DataStream (ConfUtils.java:logGet(46)) - raft.netty.dataStream.client.tls.conf = null (default)
2023-02-21 19:25:40,354 [s1-NettyServerStreamRpc-workerGroup--thread1] INFO  netty.NettyConfigKeys$DataStream (ConfUtils.java:logGet(46)) - raft.netty.dataStream.client.reply.queue.grace-period = 1s (default)
2023-02-21 19:25:40,354 [s1-NettyServerStreamRpc-workerGroup--thread1] INFO  netty.NettyConfigKeys$DataStream (ConfUtils.java:logGet(46)) - raft.netty.dataStream.client.worker-group.share = false (default)
2023-02-21 19:25:40,354 [s1-NettyServerStreamRpc-workerGroup--thread1] INFO  netty.NettyConfigKeys$DataStream (ConfUtils.java:logGet(46)) - raft.netty.dataStream.client.worker-group.size = 4 (default)
2023-02-21 19:25:40,361 [pool-9-thread-11] INFO  datastream.DataStreamTestUtils (DataStreamTestUtils.java:writeAndCloseAndAssertReplies(320)) - Stream377: bytesWritten=755532
2023-02-21 19:25:40,362 [pool-9-thread-16] INFO  datastream.DataStreamTestUtils (DataStreamTestUtils.java:writeAndCloseAndAssertReplies(320)) - Stream382: bytesWritten=748873
2023-02-21 19:25:40,362 [pool-9-thread-13] INFO  datastream.DataStreamTestUtils (DataStreamTestUtils.java:writeAndCloseAndAssertReplies(320)) - Stream379: bytesWritten=759541
2023-02-21 19:25:40,362 [pool-9-thread-10] INFO  datastream.DataStreamTestUtils (DataStreamTestUtils.java:writeAndCloseAndAssertReplies(320)) - Stream376: bytesWritten=786965
2023-02-21 19:25:40,362 [pool-9-thread-15] INFO  datastream.DataStreamTestUtils (DataStreamTestUtils.java:writeAndCloseAndAssertReplies(320)) - Stream381: bytesWritten=746977
2023-02-21 19:25:40,374 [s2-NettyServerStreamRpc-bossGroup--thread1] INFO  logging.LoggingHandler (AbstractInternalLogger.java:log(148)) - [id: 0x03cec995, L:/0.0.0.0:44375] READ: [id: 0x5ff5300d, L:/127.0.0.1:44375 - R:/127.0.0.1:35420]
2023-02-21 19:25:40,374 [s2-NettyServerStreamRpc-bossGroup--thread1] INFO  logging.LoggingHandler (AbstractInternalLogger.java:log(148)) - [id: 0x03cec995, L:/0.0.0.0:44375] READ COMPLETE
2023-02-21 19:25:40,375 [s1-NettyServerStreamRpc-workerGroup--thread1] INFO  client.DataStreamClient (ConfUtils.java:logGet(46)) - raft.datastream.type = NETTY (custom)
2023-02-21 19:25:40,375 [s1-NettyServerStreamRpc-workerGroup--thread1] INFO  netty.NettyConfigKeys$DataStream (ConfUtils.java:logGet(46)) - raft.netty.dataStream.client.tls.conf = null (default)
2023-02-21 19:25:40,375 [s1-NettyServerStreamRpc-workerGroup--thread1] INFO  netty.NettyConfigKeys$DataStream (ConfUtils.java:logGet(46)) - raft.netty.dataStream.client.reply.queue.grace-period = 1s (default)
2023-02-21 19:25:40,375 [s1-NettyServerStreamRpc-workerGroup--thread1] INFO  netty.NettyConfigKeys$DataStream (ConfUtils.java:logGet(46)) - raft.netty.dataStream.client.worker-group.share = false (default)
2023-02-21 19:25:40,375 [s1-NettyServerStreamRpc-workerGroup--thread1] INFO  netty.NettyConfigKeys$DataStream (ConfUtils.java:logGet(46)) - raft.netty.dataStream.client.worker-group.size = 4 (default)
2023-02-21 19:25:40,379 [s0-client-thread1] INFO  statemachine.StateMachine (DataStreamTestUtils.java:link(157)) - link SingleDataStream: writeRequest=RaftClientRequest:client-36EE94D59112->s0@group-ECF61963C484, cid=378, seq=0, DataStream, Message:<EMPTY>, logEntry=null
2023-02-21 19:25:40,380 [s1-server-thread3] INFO  statemachine.StateMachine (DataStreamTestUtils.java:link(157)) - link SingleDataStream: writeRequest=RaftClientRequest:client-36EE94D59112->s0@group-ECF61963C484, cid=378, seq=0, DataStream, Message:<EMPTY>, logEntry=null
2023-02-21 19:25:40,381 [s2-server-thread2] INFO  statemachine.StateMachine (DataStreamTestUtils.java:link(157)) - link SingleDataStream: writeRequest=RaftClientRequest:client-36EE94D59112->s0@group-ECF61963C484, cid=378, seq=0, DataStream, Message:<EMPTY>, logEntry=null
2023-02-21 19:25:40,386 [s0-NettyServerStreamRpc-bossGroup--thread1] INFO  logging.LoggingHandler (AbstractInternalLogger.java:log(148)) - [id: 0x6a589727, L:/0.0.0.0:43269] READ: [id: 0xc10d19fa, L:/127.0.0.1:43269 - R:/127.0.0.1:39846]
2023-02-21 19:25:40,386 [s0-NettyServerStreamRpc-bossGroup--thread1] INFO  logging.LoggingHandler (AbstractInternalLogger.java:log(148)) - [id: 0x6a589727, L:/0.0.0.0:43269] READ COMPLETE
2023-02-21 19:25:40,387 [s1-NettyServerStreamRpc-workerGroup--thread1] INFO  client.DataStreamClient (ConfUtils.java:logGet(46)) - raft.datastream.type = NETTY (custom)
2023-02-21 19:25:40,387 [s1-NettyServerStreamRpc-workerGroup--thread1] INFO  netty.NettyConfigKeys$DataStream (ConfUtils.java:logGet(46)) - raft.netty.dataStream.client.tls.conf = null (default)
2023-02-21 19:25:40,387 [s1-NettyServerStreamRpc-workerGroup--thread1] INFO  netty.NettyConfigKeys$DataStream (ConfUtils.java:logGet(46)) - raft.netty.dataStream.client.reply.queue.grace-period = 1s (default)
2023-02-21 19:25:40,387 [s1-NettyServerStreamRpc-workerGroup--thread1] INFO  netty.NettyConfigKeys$DataStream (ConfUtils.java:logGet(46)) - raft.netty.dataStream.client.worker-group.share = false (default)
2023-02-21 19:25:40,387 [s1-NettyServerStreamRpc-workerGroup--thread1] INFO  netty.NettyConfigKeys$DataStream (ConfUtils.java:logGet(46)) - raft.netty.dataStream.client.worker-group.size = 4 (default)
2023-02-21 19:25:40,392 [s0-client-thread1] INFO  statemachine.StateMachine (DataStreamTestUtils.java:link(157)) - link SingleDataStream: writeRequest=RaftClientRequest:client-36EE94D59112->s0@group-ECF61963C484, cid=377, seq=0, DataStream, Message:<EMPTY>, logEntry=null
2023-02-21 19:25:40,393 [s2-NettyServerStreamRpc-bossGroup--thread1] INFO  logging.LoggingHandler (AbstractInternalLogger.java:log(148)) - [id: 0x03cec995, L:/0.0.0.0:44375] READ: [id: 0x3d92f2c6, L:/127.0.0.1:44375 - R:/127.0.0.1:35436]
2023-02-21 19:25:40,393 [s2-NettyServerStreamRpc-bossGroup--thread1] INFO  logging.LoggingHandler (AbstractInternalLogger.java:log(148)) - [id: 0x03cec995, L:/0.0.0.0:44375] READ COMPLETE
2023-02-21 19:25:40,394 [s2-server-thread2] INFO  statemachine.StateMachine (DataStreamTestUtils.java:link(157)) - link SingleDataStream: writeRequest=RaftClientRequest:client-36EE94D59112->s0@group-ECF61963C484, cid=377, seq=0, DataStream, Message:<EMPTY>, logEntry=null
2023-02-21 19:25:40,394 [pool-9-thread-12] INFO  datastream.DataStreamTestUtils (DataStreamTestUtils.java:writeAndCloseAndAssertReplies(311)) - start Stream383
2023-02-21 19:25:40,394 [s0-client-thread1] INFO  statemachine.StateMachine (DataStreamTestUtils.java:link(157)) - link SingleDataStream: writeRequest=RaftClientRequest:client-36EE94D59112->s0@group-ECF61963C484, cid=382, seq=0, DataStream, Message:<EMPTY>, logEntry=null
2023-02-21 19:25:40,395 [s1-server-thread3] INFO  statemachine.StateMachine (DataStreamTestUtils.java:link(157)) - link SingleDataStream: writeRequest=RaftClientRequest:client-36EE94D59112->s0@group-ECF61963C484, cid=377, seq=0, DataStream, Message:<EMPTY>, logEntry=null
2023-02-21 19:25:40,398 [s0-client-thread1] INFO  statemachine.StateMachine (DataStreamTestUtils.java:link(157)) - link SingleDataStream: writeRequest=RaftClientRequest:client-36EE94D59112->s0@group-ECF61963C484, cid=379, seq=0, DataStream, Message:<EMPTY>, logEntry=null
2023-02-21 19:25:40,399 [s1-server-thread3] INFO  statemachine.StateMachine (DataStreamTestUtils.java:link(157)) - link SingleDataStream: writeRequest=RaftClientRequest:client-36EE94D59112->s0@group-ECF61963C484, cid=382, seq=0, DataStream, Message:<EMPTY>, logEntry=null
2023-02-21 19:25:40,399 [s1-server-thread3] INFO  statemachine.StateMachine (DataStreamTestUtils.java:link(157)) - link SingleDataStream: writeRequest=RaftClientRequest:client-36EE94D59112->s0@group-ECF61963C484, cid=379, seq=0, DataStream, Message:<EMPTY>, logEntry=null
2023-02-21 19:25:40,399 [s0-client-thread1] INFO  statemachine.StateMachine (DataStreamTestUtils.java:link(157)) - link SingleDataStream: writeRequest=RaftClientRequest:client-36EE94D59112->s0@group-ECF61963C484, cid=376, seq=0, DataStream, Message:<EMPTY>, logEntry=null
2023-02-21 19:25:40,401 [s2-server-thread3] INFO  statemachine.StateMachine (DataStreamTestUtils.java:link(157)) - link SingleDataStream: writeRequest=RaftClientRequest:client-36EE94D59112->s0@group-ECF61963C484, cid=382, seq=0, DataStream, Message:<EMPTY>, logEntry=null
2023-02-21 19:25:40,403 [s2-server-thread2] INFO  statemachine.StateMachine (DataStreamTestUtils.java:link(157)) - link SingleDataStream: writeRequest=RaftClientRequest:client-36EE94D59112->s0@group-ECF61963C484, cid=379, seq=0, DataStream, Message:<EMPTY>, logEntry=null
2023-02-21 19:25:40,403 [s1-server-thread3] INFO  statemachine.StateMachine (DataStreamTestUtils.java:link(157)) - link SingleDataStream: writeRequest=RaftClientRequest:client-36EE94D59112->s0@group-ECF61963C484, cid=376, seq=0, DataStream, Message:<EMPTY>, logEntry=null
2023-02-21 19:25:40,404 [s2-server-thread2] INFO  statemachine.StateMachine (DataStreamTestUtils.java:link(157)) - link SingleDataStream: writeRequest=RaftClientRequest:client-36EE94D59112->s0@group-ECF61963C484, cid=376, seq=0, DataStream, Message:<EMPTY>, logEntry=null
2023-02-21 19:25:40,405 [s0-client-thread1] INFO  statemachine.StateMachine (DataStreamTestUtils.java:link(157)) - link SingleDataStream: writeRequest=RaftClientRequest:client-36EE94D59112->s0@group-ECF61963C484, cid=381, seq=0, DataStream, Message:<EMPTY>, logEntry=null
2023-02-21 19:25:40,406 [s1-NettyServerStreamRpc-workerGroup--thread1] INFO  client.DataStreamClient (ConfUtils.java:logGet(46)) - raft.datastream.type = NETTY (custom)
2023-02-21 19:25:40,406 [s1-NettyServerStreamRpc-workerGroup--thread1] INFO  netty.NettyConfigKeys$DataStream (ConfUtils.java:logGet(46)) - raft.netty.dataStream.client.tls.conf = null (default)
2023-02-21 19:25:40,406 [s1-NettyServerStreamRpc-workerGroup--thread1] INFO  netty.NettyConfigKeys$DataStream (ConfUtils.java:logGet(46)) - raft.netty.dataStream.client.reply.queue.grace-period = 1s (default)
2023-02-21 19:25:40,406 [s1-NettyServerStreamRpc-workerGroup--thread1] INFO  netty.NettyConfigKeys$DataStream (ConfUtils.java:logGet(46)) - raft.netty.dataStream.client.worker-group.share = false (default)
2023-02-21 19:25:40,406 [s1-NettyServerStreamRpc-workerGroup--thread1] INFO  netty.NettyConfigKeys$DataStream (ConfUtils.java:logGet(46)) - raft.netty.dataStream.client.worker-group.size = 4 (default)
2023-02-21 19:25:40,408 [s2-server-thread2] INFO  statemachine.StateMachine (DataStreamTestUtils.java:link(157)) - link SingleDataStream: writeRequest=RaftClientRequest:client-36EE94D59112->s0@group-ECF61963C484, cid=381, seq=0, DataStream, Message:<EMPTY>, logEntry=null
2023-02-21 19:25:40,425 [s0-NettyServerStreamRpc-bossGroup--thread1] INFO  logging.LoggingHandler (AbstractInternalLogger.java:log(148)) - [id: 0x6a589727, L:/0.0.0.0:43269] READ: [id: 0x6503714f, L:/127.0.0.1:43269 - R:/127.0.0.1:39850]
2023-02-21 19:25:40,425 [s0-NettyServerStreamRpc-bossGroup--thread1] INFO  logging.LoggingHandler (AbstractInternalLogger.java:log(148)) - [id: 0x6a589727, L:/0.0.0.0:43269] READ COMPLETE
2023-02-21 19:25:40,425 [s1-NettyServerStreamRpc-workerGroup--thread1] INFO  client.DataStreamClient (ConfUtils.java:logGet(46)) - raft.datastream.type = NETTY (custom)
2023-02-21 19:25:40,426 [s1-NettyServerStreamRpc-workerGroup--thread1] INFO  netty.NettyConfigKeys$DataStream (ConfUtils.java:logGet(46)) - raft.netty.dataStream.client.tls.conf = null (default)
2023-02-21 19:25:40,426 [s1-NettyServerStreamRpc-workerGroup--thread1] INFO  netty.NettyConfigKeys$DataStream (ConfUtils.java:logGet(46)) - raft.netty.dataStream.client.reply.queue.grace-period = 1s (default)
2023-02-21 19:25:40,426 [s1-NettyServerStreamRpc-workerGroup--thread1] INFO  netty.NettyConfigKeys$DataStream (ConfUtils.java:logGet(46)) - raft.netty.dataStream.client.worker-group.share = false (default)
2023-02-21 19:25:40,426 [s1-NettyServerStreamRpc-workerGroup--thread1] INFO  netty.NettyConfigKeys$DataStream (ConfUtils.java:logGet(46)) - raft.netty.dataStream.client.worker-group.size = 4 (default)
2023-02-21 19:25:40,431 [pool-9-thread-11] INFO  datastream.DataStreamTestUtils (DataStreamTestUtils.java:writeAndCloseAndAssertReplies(311)) - start Stream384
2023-02-21 19:25:40,434 [s1-server-thread3] INFO  statemachine.StateMachine (DataStreamTestUtils.java:link(157)) - link SingleDataStream: writeRequest=RaftClientRequest:client-36EE94D59112->s0@group-ECF61963C484, cid=381, seq=0, DataStream, Message:<EMPTY>, logEntry=null
2023-02-21 19:25:40,439 [pool-9-thread-16] INFO  datastream.DataStreamTestUtils (DataStreamTestUtils.java:writeAndCloseAndAssertReplies(311)) - start Stream385
2023-02-21 19:25:40,443 [pool-9-thread-13] INFO  datastream.DataStreamTestUtils (DataStreamTestUtils.java:writeAndCloseAndAssertReplies(311)) - start Stream386
2023-02-21 19:25:40,446 [pool-9-thread-12] INFO  datastream.DataStreamTestUtils (DataStreamTestUtils.java:writeAndCloseAndAssertReplies(320)) - Stream383: bytesWritten=744022
2023-02-21 19:25:40,447 [pool-9-thread-10] INFO  datastream.DataStreamTestUtils (DataStreamTestUtils.java:writeAndCloseAndAssertReplies(311)) - start Stream387
2023-02-21 19:25:40,454 [pool-9-thread-15] INFO  datastream.DataStreamTestUtils (DataStreamTestUtils.java:writeAndCloseAndAssertReplies(311)) - start Stream388
2023-02-21 19:25:40,463 [s0-client-thread1] INFO  statemachine.StateMachine (DataStreamTestUtils.java:link(157)) - link SingleDataStream: writeRequest=RaftClientRequest:client-36EE94D59112->s0@group-ECF61963C484, cid=383, seq=0, DataStream, Message:<EMPTY>, logEntry=null
2023-02-21 19:25:40,463 [s1-NettyServerStreamRpc-workerGroup--thread1] INFO  client.DataStreamClient (ConfUtils.java:logGet(46)) - raft.datastream.type = NETTY (custom)
2023-02-21 19:25:40,463 [s1-NettyServerStreamRpc-workerGroup--thread1] INFO  netty.NettyConfigKeys$DataStream (ConfUtils.java:logGet(46)) - raft.netty.dataStream.client.tls.conf = null (default)
2023-02-21 19:25:40,463 [s1-NettyServerStreamRpc-workerGroup--thread1] INFO  netty.NettyConfigKeys$DataStream (ConfUtils.java:logGet(46)) - raft.netty.dataStream.client.reply.queue.grace-period = 1s (default)
2023-02-21 19:25:40,463 [s1-NettyServerStreamRpc-workerGroup--thread1] INFO  netty.NettyConfigKeys$DataStream (ConfUtils.java:logGet(46)) - raft.netty.dataStream.client.worker-group.share = false (default)
2023-02-21 19:25:40,464 [s1-NettyServerStreamRpc-workerGroup--thread1] INFO  netty.NettyConfigKeys$DataStream (ConfUtils.java:logGet(46)) - raft.netty.dataStream.client.worker-group.size = 4 (default)
2023-02-21 19:25:40,464 [s2-server-thread2] INFO  statemachine.StateMachine (DataStreamTestUtils.java:link(157)) - link SingleDataStream: writeRequest=RaftClientRequest:client-36EE94D59112->s0@group-ECF61963C484, cid=383, seq=0, DataStream, Message:<EMPTY>, logEntry=null
2023-02-21 19:25:40,464 [s1-server-thread3] INFO  statemachine.StateMachine (DataStreamTestUtils.java:link(157)) - link SingleDataStream: writeRequest=RaftClientRequest:client-36EE94D59112->s0@group-ECF61963C484, cid=383, seq=0, DataStream, Message:<EMPTY>, logEntry=null
2023-02-21 19:25:40,465 [s2-NettyServerStreamRpc-bossGroup--thread1] INFO  logging.LoggingHandler (AbstractInternalLogger.java:log(148)) - [id: 0x03cec995, L:/0.0.0.0:44375] READ: [id: 0xb61d3a7b, L:/127.0.0.1:44375 - R:/127.0.0.1:35442]
2023-02-21 19:25:40,465 [s2-NettyServerStreamRpc-bossGroup--thread1] INFO  logging.LoggingHandler (AbstractInternalLogger.java:log(148)) - [id: 0x03cec995, L:/0.0.0.0:44375] READ COMPLETE
2023-02-21 19:25:40,468 [pool-9-thread-12] INFO  datastream.DataStreamTestUtils (DataStreamTestUtils.java:writeAndCloseAndAssertReplies(311)) - start Stream389
2023-02-21 19:25:40,480 [s0-NettyServerStreamRpc-bossGroup--thread1] INFO  logging.LoggingHandler (AbstractInternalLogger.java:log(148)) - [id: 0x6a589727, L:/0.0.0.0:43269] READ: [id: 0x27282f7e, L:/127.0.0.1:43269 - R:/127.0.0.1:39852]
2023-02-21 19:25:40,480 [s1-NettyServerStreamRpc-workerGroup--thread1] INFO  client.DataStreamClient (ConfUtils.java:logGet(46)) - raft.datastream.type = NETTY (custom)
2023-02-21 19:25:40,480 [s1-NettyServerStreamRpc-workerGroup--thread1] INFO  netty.NettyConfigKeys$DataStream (ConfUtils.java:logGet(46)) - raft.netty.dataStream.client.tls.conf = null (default)
2023-02-21 19:25:40,480 [s0-NettyServerStreamRpc-bossGroup--thread1] INFO  logging.LoggingHandler (AbstractInternalLogger.java:log(148)) - [id: 0x6a589727, L:/0.0.0.0:43269] READ COMPLETE
2023-02-21 19:25:40,480 [s1-NettyServerStreamRpc-workerGroup--thread1] INFO  netty.NettyConfigKeys$DataStream (ConfUtils.java:logGet(46)) - raft.netty.dataStream.client.reply.queue.grace-period = 1s (default)
2023-02-21 19:25:40,481 [s1-NettyServerStreamRpc-workerGroup--thread1] INFO  netty.NettyConfigKeys$DataStream (ConfUtils.java:logGet(46)) - raft.netty.dataStream.client.worker-group.share = false (default)
2023-02-21 19:25:40,481 [s1-NettyServerStreamRpc-workerGroup--thread1] INFO  netty.NettyConfigKeys$DataStream (ConfUtils.java:logGet(46)) - raft.netty.dataStream.client.worker-group.size = 4 (default)
2023-02-21 19:25:40,486 [s2-NettyServerStreamRpc-bossGroup--thread1] INFO  logging.LoggingHandler (AbstractInternalLogger.java:log(148)) - [id: 0x03cec995, L:/0.0.0.0:44375] READ: [id: 0x09a69527, L:/127.0.0.1:44375 - R:/127.0.0.1:35448]
2023-02-21 19:25:40,486 [s2-NettyServerStreamRpc-bossGroup--thread1] INFO  logging.LoggingHandler (AbstractInternalLogger.java:log(148)) - [id: 0x03cec995, L:/0.0.0.0:44375] READ COMPLETE
2023-02-21 19:25:40,528 [pool-9-thread-14] INFO  datastream.DataStreamTestUtils (DataStreamTestUtils.java:writeAndCloseAndAssertReplies(320)) - Stream380: bytesWritten=784871
2023-02-21 19:25:40,538 [pool-9-thread-11] INFO  datastream.DataStreamTestUtils (DataStreamTestUtils.java:writeAndCloseAndAssertReplies(320)) - Stream384: bytesWritten=709520
2023-02-21 19:25:40,538 [pool-9-thread-16] INFO  datastream.DataStreamTestUtils (DataStreamTestUtils.java:writeAndCloseAndAssertReplies(320)) - Stream385: bytesWritten=734068
2023-02-21 19:25:40,542 [s0-client-thread1] INFO  statemachine.StateMachine (DataStreamTestUtils.java:link(157)) - link SingleDataStream: writeRequest=RaftClientRequest:client-36EE94D59112->s0@group-ECF61963C484, cid=380, seq=0, DataStream, Message:<EMPTY>, logEntry=null
2023-02-21 19:25:40,544 [s1-server-thread3] INFO  statemachine.StateMachine (DataStreamTestUtils.java:link(157)) - link SingleDataStream: writeRequest=RaftClientRequest:client-36EE94D59112->s0@group-ECF61963C484, cid=380, seq=0, DataStream, Message:<EMPTY>, logEntry=null
2023-02-21 19:25:40,545 [s2-server-thread2] INFO  statemachine.StateMachine (DataStreamTestUtils.java:link(157)) - link SingleDataStream: writeRequest=RaftClientRequest:client-36EE94D59112->s0@group-ECF61963C484, cid=380, seq=0, DataStream, Message:<EMPTY>, logEntry=null
2023-02-21 19:25:40,548 [pool-9-thread-14] INFO  datastream.DataStreamTestUtils (DataStreamTestUtils.java:writeAndCloseAndAssertReplies(311)) - start Stream390
2023-02-21 19:25:40,556 [s0-client-thread1] INFO  statemachine.StateMachine (DataStreamTestUtils.java:link(157)) - link SingleDataStream: writeRequest=RaftClientRequest:client-36EE94D59112->s0@group-ECF61963C484, cid=385, seq=0, DataStream, Message:<EMPTY>, logEntry=null
2023-02-21 19:25:40,557 [s0-client-thread1] INFO  statemachine.StateMachine (DataStreamTestUtils.java:link(157)) - link SingleDataStream: writeRequest=RaftClientRequest:client-36EE94D59112->s0@group-ECF61963C484, cid=384, seq=0, DataStream, Message:<EMPTY>, logEntry=null
2023-02-21 19:25:40,558 [s1-server-thread3] INFO  statemachine.StateMachine (DataStreamTestUtils.java:link(157)) - link SingleDataStream: writeRequest=RaftClientRequest:client-36EE94D59112->s0@group-ECF61963C484, cid=385, seq=0, DataStream, Message:<EMPTY>, logEntry=null
2023-02-21 19:25:40,560 [s2-server-thread3] INFO  statemachine.StateMachine (DataStreamTestUtils.java:link(157)) - link SingleDataStream: writeRequest=RaftClientRequest:client-36EE94D59112->s0@group-ECF61963C484, cid=385, seq=0, DataStream, Message:<EMPTY>, logEntry=null
2023-02-21 19:25:40,561 [s1-server-thread2] INFO  statemachine.StateMachine (DataStreamTestUtils.java:link(157)) - link SingleDataStream: writeRequest=RaftClientRequest:client-36EE94D59112->s0@group-ECF61963C484, cid=384, seq=0, DataStream, Message:<EMPTY>, logEntry=null
2023-02-21 19:25:40,561 [s2-server-thread3] INFO  statemachine.StateMachine (DataStreamTestUtils.java:link(157)) - link SingleDataStream: writeRequest=RaftClientRequest:client-36EE94D59112->s0@group-ECF61963C484, cid=384, seq=0, DataStream, Message:<EMPTY>, logEntry=null
2023-02-21 19:25:40,564 [pool-9-thread-16] INFO  datastream.DataStreamTestUtils (DataStreamTestUtils.java:writeAndCloseAndAssertReplies(311)) - start Stream391
2023-02-21 19:25:40,568 [pool-9-thread-11] INFO  datastream.DataStreamTestUtils (DataStreamTestUtils.java:writeAndCloseAndAssertReplies(311)) - start Stream392
2023-02-21 19:25:40,598 [pool-9-thread-14] INFO  datastream.DataStreamTestUtils (DataStreamTestUtils.java:writeAndCloseAndAssertReplies(320)) - Stream390: bytesWritten=690649
2023-02-21 19:25:40,598 [pool-9-thread-16] INFO  datastream.DataStreamTestUtils (DataStreamTestUtils.java:writeAndCloseAndAssertReplies(320)) - Stream391: bytesWritten=748170
2023-02-21 19:25:40,598 [pool-9-thread-15] INFO  datastream.DataStreamTestUtils (DataStreamTestUtils.java:writeAndCloseAndAssertReplies(320)) - Stream388: bytesWritten=729529
2023-02-21 19:25:40,602 [pool-9-thread-13] INFO  datastream.DataStreamTestUtils (DataStreamTestUtils.java:writeAndCloseAndAssertReplies(320)) - Stream386: bytesWritten=714988
2023-02-21 19:25:40,615 [pool-9-thread-3] INFO  datastream.DataStreamTestUtils (DataStreamTestUtils.java:writeAndCloseAndAssertReplies(311)) - start Stream393
2023-02-21 19:25:40,626 [pool-9-thread-10] INFO  datastream.DataStreamTestUtils (DataStreamTestUtils.java:writeAndCloseAndAssertReplies(320)) - Stream387: bytesWritten=737276
2023-02-21 19:25:40,626 [pool-9-thread-12] INFO  datastream.DataStreamTestUtils (DataStreamTestUtils.java:writeAndCloseAndAssertReplies(320)) - Stream389: bytesWritten=764951
2023-02-21 19:25:40,644 [pool-9-thread-11] INFO  datastream.DataStreamTestUtils (DataStreamTestUtils.java:writeAndCloseAndAssertReplies(320)) - Stream392: bytesWritten=761215
2023-02-21 19:25:40,726 [s0-client-thread1] INFO  statemachine.StateMachine (DataStreamTestUtils.java:link(157)) - link SingleDataStream: writeRequest=RaftClientRequest:client-FE3A602C0658->s1@group-ECF61963C484, cid=390, seq=0, DataStream, Message:<EMPTY>, logEntry=null
2023-02-21 19:25:40,727 [pool-9-thread-3] INFO  datastream.DataStreamTestUtils (DataStreamTestUtils.java:writeAndCloseAndAssertReplies(320)) - Stream393: bytesWritten=793185
2023-02-21 19:25:40,728 [s1-server-thread3] INFO  statemachine.StateMachine (DataStreamTestUtils.java:link(157)) - link SingleDataStream: writeRequest=RaftClientRequest:client-FE3A602C0658->s1@group-ECF61963C484, cid=390, seq=0, DataStream, Message:<EMPTY>, logEntry=null
2023-02-21 19:25:40,728 [s2-server-thread3] INFO  statemachine.StateMachine (DataStreamTestUtils.java:link(157)) - link SingleDataStream: writeRequest=RaftClientRequest:client-FE3A602C0658->s1@group-ECF61963C484, cid=390, seq=0, DataStream, Message:<EMPTY>, logEntry=null
2023-02-21 19:25:40,730 [s0-client-thread1] INFO  statemachine.StateMachine (DataStreamTestUtils.java:link(157)) - link SingleDataStream: writeRequest=RaftClientRequest:client-FE3A602C0658->s1@group-ECF61963C484, cid=388, seq=0, DataStream, Message:<EMPTY>, logEntry=null
2023-02-21 19:25:40,738 [s2-server-thread3] INFO  statemachine.StateMachine (DataStreamTestUtils.java:link(157)) - link SingleDataStream: writeRequest=RaftClientRequest:client-FE3A602C0658->s1@group-ECF61963C484, cid=388, seq=0, DataStream, Message:<EMPTY>, logEntry=null
2023-02-21 19:25:40,739 [s1-server-thread3] INFO  statemachine.StateMachine (DataStreamTestUtils.java:link(157)) - link SingleDataStream: writeRequest=RaftClientRequest:client-FE3A602C0658->s1@group-ECF61963C484, cid=388, seq=0, DataStream, Message:<EMPTY>, logEntry=null
2023-02-21 19:25:40,739 [pool-9-thread-14] INFO  datastream.DataStreamTestUtils (DataStreamTestUtils.java:writeAndCloseAndAssertReplies(311)) - start Stream394
2023-02-21 19:25:40,746 [s0-client-thread1] INFO  statemachine.StateMachine (DataStreamTestUtils.java:link(157)) - link SingleDataStream: writeRequest=RaftClientRequest:client-FE3A602C0658->s1@group-ECF61963C484, cid=391, seq=0, DataStream, Message:<EMPTY>, logEntry=null
2023-02-21 19:25:40,748 [s1-server-thread3] INFO  statemachine.StateMachine (DataStreamTestUtils.java:link(157)) - link SingleDataStream: writeRequest=RaftClientRequest:client-FE3A602C0658->s1@group-ECF61963C484, cid=391, seq=0, DataStream, Message:<EMPTY>, logEntry=null
2023-02-21 19:25:40,748 [s2-server-thread3] INFO  statemachine.StateMachine (DataStreamTestUtils.java:link(157)) - link SingleDataStream: writeRequest=RaftClientRequest:client-FE3A602C0658->s1@group-ECF61963C484, cid=391, seq=0, DataStream, Message:<EMPTY>, logEntry=null
2023-02-21 19:25:40,750 [s0-client-thread1] INFO  statemachine.StateMachine (DataStreamTestUtils.java:link(157)) - link SingleDataStream: writeRequest=RaftClientRequest:client-FE3A602C0658->s1@group-ECF61963C484, cid=386, seq=0, DataStream, Message:<EMPTY>, logEntry=null
2023-02-21 19:25:40,752 [pool-9-thread-15] INFO  datastream.DataStreamTestUtils (DataStreamTestUtils.java:writeAndCloseAndAssertReplies(311)) - start Stream395
2023-02-21 19:25:40,752 [s1-server-thread2] INFO  statemachine.StateMachine (DataStreamTestUtils.java:link(157)) - link SingleDataStream: writeRequest=RaftClientRequest:client-FE3A602C0658->s1@group-ECF61963C484, cid=386, seq=0, DataStream, Message:<EMPTY>, logEntry=null
2023-02-21 19:25:40,753 [s2-server-thread3] INFO  statemachine.StateMachine (DataStreamTestUtils.java:link(157)) - link SingleDataStream: writeRequest=RaftClientRequest:client-FE3A602C0658->s1@group-ECF61963C484, cid=386, seq=0, DataStream, Message:<EMPTY>, logEntry=null
2023-02-21 19:25:40,762 [s0-client-thread1] INFO  statemachine.StateMachine (DataStreamTestUtils.java:link(157)) - link SingleDataStream: writeRequest=RaftClientRequest:client-FE3A602C0658->s1@group-ECF61963C484, cid=389, seq=0, DataStream, Message:<EMPTY>, logEntry=null
2023-02-21 19:25:40,766 [pool-9-thread-16] INFO  datastream.DataStreamTestUtils (DataStreamTestUtils.java:writeAndCloseAndAssertReplies(311)) - start Stream397
2023-02-21 19:25:40,767 [s1-server-thread3] INFO  statemachine.StateMachine (DataStreamTestUtils.java:link(157)) - link SingleDataStream: writeRequest=RaftClientRequest:client-FE3A602C0658->s1@group-ECF61963C484, cid=389, seq=0, DataStream, Message:<EMPTY>, logEntry=null
2023-02-21 19:25:40,768 [s2-server-thread3] INFO  statemachine.StateMachine (DataStreamTestUtils.java:link(157)) - link SingleDataStream: writeRequest=RaftClientRequest:client-FE3A602C0658->s1@group-ECF61963C484, cid=389, seq=0, DataStream, Message:<EMPTY>, logEntry=null
2023-02-21 19:25:40,771 [s0-client-thread1] INFO  statemachine.StateMachine (DataStreamTestUtils.java:link(157)) - link SingleDataStream: writeRequest=RaftClientRequest:client-FE3A602C0658->s1@group-ECF61963C484, cid=387, seq=0, DataStream, Message:<EMPTY>, logEntry=null
2023-02-21 19:25:40,773 [pool-9-thread-13] INFO  datastream.DataStreamTestUtils (DataStreamTestUtils.java:writeAndCloseAndAssertReplies(311)) - start Stream398
2023-02-21 19:25:40,777 [s1-server-thread3] INFO  statemachine.StateMachine (DataStreamTestUtils.java:link(157)) - link SingleDataStream: writeRequest=RaftClientRequest:client-FE3A602C0658->s1@group-ECF61963C484, cid=387, seq=0, DataStream, Message:<EMPTY>, logEntry=null
2023-02-21 19:25:40,781 [s2-server-thread3] INFO  statemachine.StateMachine (DataStreamTestUtils.java:link(157)) - link SingleDataStream: writeRequest=RaftClientRequest:client-FE3A602C0658->s1@group-ECF61963C484, cid=387, seq=0, DataStream, Message:<EMPTY>, logEntry=null
2023-02-21 19:25:40,785 [s0-client-thread1] INFO  statemachine.StateMachine (DataStreamTestUtils.java:link(157)) - link SingleDataStream: writeRequest=RaftClientRequest:client-FE3A602C0658->s1@group-ECF61963C484, cid=392, seq=0, DataStream, Message:<EMPTY>, logEntry=null
2023-02-21 19:25:40,787 [pool-9-thread-12] INFO  datastream.DataStreamTestUtils (DataStreamTestUtils.java:writeAndCloseAndAssertReplies(311)) - start Stream399
2023-02-21 19:25:40,789 [pool-9-thread-14] INFO  datastream.DataStreamTestUtils (DataStreamTestUtils.java:writeAndCloseAndAssertReplies(320)) - Stream394: bytesWritten=810194
2023-02-21 19:25:40,791 [s1-server-thread3] INFO  statemachine.StateMachine (DataStreamTestUtils.java:link(157)) - link SingleDataStream: writeRequest=RaftClientRequest:client-FE3A602C0658->s1@group-ECF61963C484, cid=392, seq=0, DataStream, Message:<EMPTY>, logEntry=null
2023-02-21 19:25:40,792 [s2-server-thread2] INFO  statemachine.StateMachine (DataStreamTestUtils.java:link(157)) - link SingleDataStream: writeRequest=RaftClientRequest:client-FE3A602C0658->s1@group-ECF61963C484, cid=392, seq=0, DataStream, Message:<EMPTY>, logEntry=null
2023-02-21 19:25:40,795 [s0-client-thread1] INFO  statemachine.StateMachine (DataStreamTestUtils.java:link(157)) - link SingleDataStream: writeRequest=RaftClientRequest:client-FE3A602C0658->s1@group-ECF61963C484, cid=393, seq=0, DataStream, Message:<EMPTY>, logEntry=null
2023-02-21 19:25:40,797 [pool-9-thread-10] INFO  datastream.DataStreamTestUtils (DataStreamTestUtils.java:writeAndCloseAndAssertReplies(311)) - start Stream400
2023-02-21 19:25:40,797 [pool-9-thread-15] INFO  datastream.DataStreamTestUtils (DataStreamTestUtils.java:writeAndCloseAndAssertReplies(320)) - Stream395: bytesWritten=761575
2023-02-21 19:25:40,800 [s2-server-thread3] INFO  statemachine.StateMachine (DataStreamTestUtils.java:link(157)) - link SingleDataStream: writeRequest=RaftClientRequest:client-FE3A602C0658->s1@group-ECF61963C484, cid=393, seq=0, DataStream, Message:<EMPTY>, logEntry=null
2023-02-21 19:25:40,800 [s1-server-thread3] INFO  statemachine.StateMachine (DataStreamTestUtils.java:link(157)) - link SingleDataStream: writeRequest=RaftClientRequest:client-FE3A602C0658->s1@group-ECF61963C484, cid=393, seq=0, DataStream, Message:<EMPTY>, logEntry=null
2023-02-21 19:25:40,807 [pool-9-thread-11] INFO  datastream.DataStreamTestUtils (DataStreamTestUtils.java:writeAndCloseAndAssertReplies(311)) - start Stream401
2023-02-21 19:25:40,815 [s0-client-thread1] INFO  statemachine.StateMachine (DataStreamTestUtils.java:link(157)) - link SingleDataStream: writeRequest=RaftClientRequest:client-FE3A602C0658->s1@group-ECF61963C484, cid=394, seq=0, DataStream, Message:<EMPTY>, logEntry=null
2023-02-21 19:25:40,823 [s2-server-thread3] INFO  statemachine.StateMachine (DataStreamTestUtils.java:link(157)) - link SingleDataStream: writeRequest=RaftClientRequest:client-FE3A602C0658->s1@group-ECF61963C484, cid=394, seq=0, DataStream, Message:<EMPTY>, logEntry=null
2023-02-21 19:25:40,827 [s1-server-thread3] INFO  statemachine.StateMachine (DataStreamTestUtils.java:link(157)) - link SingleDataStream: writeRequest=RaftClientRequest:client-FE3A602C0658->s1@group-ECF61963C484, cid=394, seq=0, DataStream, Message:<EMPTY>, logEntry=null
2023-02-21 19:25:40,831 [pool-9-thread-3] INFO  datastream.DataStreamTestUtils (DataStreamTestUtils.java:writeAndCloseAndAssertReplies(311)) - start Stream402
2023-02-21 19:25:40,836 [s0-client-thread1] INFO  statemachine.StateMachine (DataStreamTestUtils.java:link(157)) - link SingleDataStream: writeRequest=RaftClientRequest:client-FE3A602C0658->s1@group-ECF61963C484, cid=395, seq=0, DataStream, Message:<EMPTY>, logEntry=null
2023-02-21 19:25:40,840 [s2-server-thread3] INFO  statemachine.StateMachine (DataStreamTestUtils.java:link(157)) - link SingleDataStream: writeRequest=RaftClientRequest:client-FE3A602C0658->s1@group-ECF61963C484, cid=395, seq=0, DataStream, Message:<EMPTY>, logEntry=null
2023-02-21 19:25:40,840 [s1-server-thread3] INFO  statemachine.StateMachine (DataStreamTestUtils.java:link(157)) - link SingleDataStream: writeRequest=RaftClientRequest:client-FE3A602C0658->s1@group-ECF61963C484, cid=395, seq=0, DataStream, Message:<EMPTY>, logEntry=null
2023-02-21 19:25:40,842 [pool-9-thread-14] INFO  datastream.DataStreamTestUtils (DataStreamTestUtils.java:writeAndCloseAndAssertReplies(311)) - start Stream403
2023-02-21 19:25:40,844 [pool-9-thread-15] INFO  datastream.DataStreamTestUtils (DataStreamTestUtils.java:writeAndCloseAndAssertReplies(311)) - start Stream404
2023-02-21 19:25:40,879 [pool-9-thread-16] INFO  datastream.DataStreamTestUtils (DataStreamTestUtils.java:writeAndCloseAndAssertReplies(320)) - Stream397: bytesWritten=753385
2023-02-21 19:25:40,888 [pool-9-thread-5] INFO  datastream.DataStreamTestUtils (DataStreamTestUtils.java:writeAndCloseAndAssertReplies(311)) - start Stream405
2023-02-21 19:25:40,912 [pool-9-thread-13] INFO  datastream.DataStreamTestUtils (DataStreamTestUtils.java:writeAndCloseAndAssertReplies(320)) - Stream398: bytesWritten=823288
2023-02-21 19:25:40,913 [pool-9-thread-10] INFO  datastream.DataStreamTestUtils (DataStreamTestUtils.java:writeAndCloseAndAssertReplies(320)) - Stream400: bytesWritten=740136
2023-02-21 19:25:40,913 [pool-9-thread-12] INFO  datastream.DataStreamTestUtils (DataStreamTestUtils.java:writeAndCloseAndAssertReplies(320)) - Stream399: bytesWritten=721150
2023-02-21 19:25:40,914 [pool-9-thread-11] INFO  datastream.DataStreamTestUtils (DataStreamTestUtils.java:writeAndCloseAndAssertReplies(320)) - Stream401: bytesWritten=692126
2023-02-21 19:25:40,914 [pool-9-thread-3] INFO  datastream.DataStreamTestUtils (DataStreamTestUtils.java:writeAndCloseAndAssertReplies(320)) - Stream402: bytesWritten=750137
2023-02-21 19:25:40,915 [pool-9-thread-15] INFO  datastream.DataStreamTestUtils (DataStreamTestUtils.java:writeAndCloseAndAssertReplies(320)) - Stream404: bytesWritten=735668
2023-02-21 19:25:40,930 [s0-client-thread1] INFO  statemachine.StateMachine (DataStreamTestUtils.java:link(157)) - link SingleDataStream: writeRequest=RaftClientRequest:client-A36CCD7A71B3->s0@group-ECF61963C484, cid=397, seq=0, DataStream, Message:<EMPTY>, logEntry=null
2023-02-21 19:25:40,931 [s1-server-thread3] INFO  statemachine.StateMachine (DataStreamTestUtils.java:link(157)) - link SingleDataStream: writeRequest=RaftClientRequest:client-A36CCD7A71B3->s0@group-ECF61963C484, cid=397, seq=0, DataStream, Message:<EMPTY>, logEntry=null
2023-02-21 19:25:40,931 [s2-server-thread3] INFO  statemachine.StateMachine (DataStreamTestUtils.java:link(157)) - link SingleDataStream: writeRequest=RaftClientRequest:client-A36CCD7A71B3->s0@group-ECF61963C484, cid=397, seq=0, DataStream, Message:<EMPTY>, logEntry=null
2023-02-21 19:25:40,932 [pool-9-thread-14] INFO  datastream.DataStreamTestUtils (DataStreamTestUtils.java:writeAndCloseAndAssertReplies(320)) - Stream403: bytesWritten=846350
2023-02-21 19:25:40,932 [pool-9-thread-5] INFO  datastream.DataStreamTestUtils (DataStreamTestUtils.java:writeAndCloseAndAssertReplies(320)) - Stream405: bytesWritten=734018
2023-02-21 19:25:40,933 [s0-client-thread1] INFO  statemachine.StateMachine (DataStreamTestUtils.java:link(157)) - link SingleDataStream: writeRequest=RaftClientRequest:client-A36CCD7A71B3->s0@group-ECF61963C484, cid=399, seq=0, DataStream, Message:<EMPTY>, logEntry=null
2023-02-21 19:25:40,934 [pool-9-thread-16] INFO  datastream.DataStreamTestUtils (DataStreamTestUtils.java:writeAndCloseAndAssertReplies(311)) - start Stream406
2023-02-21 19:25:40,934 [s1-server-thread3] INFO  statemachine.StateMachine (DataStreamTestUtils.java:link(157)) - link SingleDataStream: writeRequest=RaftClientRequest:client-A36CCD7A71B3->s0@group-ECF61963C484, cid=399, seq=0, DataStream, Message:<EMPTY>, logEntry=null
2023-02-21 19:25:40,936 [s2-server-thread3] INFO  statemachine.StateMachine (DataStreamTestUtils.java:link(157)) - link SingleDataStream: writeRequest=RaftClientRequest:client-A36CCD7A71B3->s0@group-ECF61963C484, cid=399, seq=0, DataStream, Message:<EMPTY>, logEntry=null
2023-02-21 19:25:40,937 [s0-client-thread1] INFO  statemachine.StateMachine (DataStreamTestUtils.java:link(157)) - link SingleDataStream: writeRequest=RaftClientRequest:client-A36CCD7A71B3->s0@group-ECF61963C484, cid=398, seq=0, DataStream, Message:<EMPTY>, logEntry=null
2023-02-21 19:25:40,942 [s2-server-thread2] INFO  statemachine.StateMachine (DataStreamTestUtils.java:link(157)) - link SingleDataStream: writeRequest=RaftClientRequest:client-A36CCD7A71B3->s0@group-ECF61963C484, cid=398, seq=0, DataStream, Message:<EMPTY>, logEntry=null
2023-02-21 19:25:40,942 [s1-server-thread3] INFO  statemachine.StateMachine (DataStreamTestUtils.java:link(157)) - link SingleDataStream: writeRequest=RaftClientRequest:client-A36CCD7A71B3->s0@group-ECF61963C484, cid=398, seq=0, DataStream, Message:<EMPTY>, logEntry=null
2023-02-21 19:25:40,947 [s0-client-thread1] INFO  statemachine.StateMachine (DataStreamTestUtils.java:link(157)) - link SingleDataStream: writeRequest=RaftClientRequest:client-A36CCD7A71B3->s0@group-ECF61963C484, cid=400, seq=0, DataStream, Message:<EMPTY>, logEntry=null
2023-02-21 19:25:40,949 [s0-client-thread1] INFO  statemachine.StateMachine (DataStreamTestUtils.java:link(157)) - link SingleDataStream: writeRequest=RaftClientRequest:client-A36CCD7A71B3->s0@group-ECF61963C484, cid=401, seq=0, DataStream, Message:<EMPTY>, logEntry=null
2023-02-21 19:25:40,950 [pool-9-thread-12] INFO  datastream.DataStreamTestUtils (DataStreamTestUtils.java:writeAndCloseAndAssertReplies(311)) - start Stream396
2023-02-21 19:25:40,950 [s1-server-thread3] INFO  statemachine.StateMachine (DataStreamTestUtils.java:link(157)) - link SingleDataStream: writeRequest=RaftClientRequest:client-A36CCD7A71B3->s0@group-ECF61963C484, cid=400, seq=0, DataStream, Message:<EMPTY>, logEntry=null
2023-02-21 19:25:40,951 [s2-server-thread3] INFO  statemachine.StateMachine (DataStreamTestUtils.java:link(157)) - link SingleDataStream: writeRequest=RaftClientRequest:client-A36CCD7A71B3->s0@group-ECF61963C484, cid=400, seq=0, DataStream, Message:<EMPTY>, logEntry=null
2023-02-21 19:25:40,953 [pool-9-thread-13] INFO  datastream.DataStreamTestUtils (DataStreamTestUtils.java:writeAndCloseAndAssertReplies(311)) - start Stream407
2023-02-21 19:25:40,969 [s2-server-thread3] INFO  statemachine.StateMachine (DataStreamTestUtils.java:link(157)) - link SingleDataStream: writeRequest=RaftClientRequest:client-A36CCD7A71B3->s0@group-ECF61963C484, cid=401, seq=0, DataStream, Message:<EMPTY>, logEntry=null
2023-02-21 19:25:40,971 [s0-client-thread1] INFO  statemachine.StateMachine (DataStreamTestUtils.java:link(157)) - link SingleDataStream: writeRequest=RaftClientRequest:client-A36CCD7A71B3->s0@group-ECF61963C484, cid=402, seq=0, DataStream, Message:<EMPTY>, logEntry=null
2023-02-21 19:25:40,972 [s1-server-thread3] INFO  statemachine.StateMachine (DataStreamTestUtils.java:link(157)) - link SingleDataStream: writeRequest=RaftClientRequest:client-A36CCD7A71B3->s0@group-ECF61963C484, cid=401, seq=0, DataStream, Message:<EMPTY>, logEntry=null
2023-02-21 19:25:40,973 [s0-client-thread1] INFO  statemachine.StateMachine (DataStreamTestUtils.java:link(157)) - link SingleDataStream: writeRequest=RaftClientRequest:client-A36CCD7A71B3->s0@group-ECF61963C484, cid=404, seq=0, DataStream, Message:<EMPTY>, logEntry=null
2023-02-21 19:25:40,975 [pool-9-thread-10] INFO  datastream.DataStreamTestUtils (DataStreamTestUtils.java:writeAndCloseAndAssertReplies(311)) - start Stream408
2023-02-21 19:25:40,975 [s1-server-thread2] INFO  statemachine.StateMachine (DataStreamTestUtils.java:link(157)) - link SingleDataStream: writeRequest=RaftClientRequest:client-A36CCD7A71B3->s0@group-ECF61963C484, cid=402, seq=0, DataStream, Message:<EMPTY>, logEntry=null
2023-02-21 19:25:40,975 [s1-server-thread2] INFO  statemachine.StateMachine (DataStreamTestUtils.java:link(157)) - link SingleDataStream: writeRequest=RaftClientRequest:client-A36CCD7A71B3->s0@group-ECF61963C484, cid=404, seq=0, DataStream, Message:<EMPTY>, logEntry=null
2023-02-21 19:25:40,976 [s0-client-thread1] INFO  statemachine.StateMachine (DataStreamTestUtils.java:link(157)) - link SingleDataStream: writeRequest=RaftClientRequest:client-A36CCD7A71B3->s0@group-ECF61963C484, cid=405, seq=0, DataStream, Message:<EMPTY>, logEntry=null
2023-02-21 19:25:40,977 [s0-client-thread1] INFO  statemachine.StateMachine (DataStreamTestUtils.java:link(157)) - link SingleDataStream: writeRequest=RaftClientRequest:client-A36CCD7A71B3->s0@group-ECF61963C484, cid=403, seq=0, DataStream, Message:<EMPTY>, logEntry=null
2023-02-21 19:25:40,979 [s2-server-thread2] INFO  statemachine.StateMachine (DataStreamTestUtils.java:link(157)) - link SingleDataStream: writeRequest=RaftClientRequest:client-A36CCD7A71B3->s0@group-ECF61963C484, cid=402, seq=0, DataStream, Message:<EMPTY>, logEntry=null
2023-02-21 19:25:40,979 [s2-server-thread2] INFO  statemachine.StateMachine (DataStreamTestUtils.java:link(157)) - link SingleDataStream: writeRequest=RaftClientRequest:client-A36CCD7A71B3->s0@group-ECF61963C484, cid=404, seq=0, DataStream, Message:<EMPTY>, logEntry=null
2023-02-21 19:25:40,983 [s1-server-thread3] INFO  statemachine.StateMachine (DataStreamTestUtils.java:link(157)) - link SingleDataStream: writeRequest=RaftClientRequest:client-A36CCD7A71B3->s0@group-ECF61963C484, cid=405, seq=0, DataStream, Message:<EMPTY>, logEntry=null
2023-02-21 19:25:40,983 [s1-server-thread3] INFO  statemachine.StateMachine (DataStreamTestUtils.java:link(157)) - link SingleDataStream: writeRequest=RaftClientRequest:client-A36CCD7A71B3->s0@group-ECF61963C484, cid=403, seq=0, DataStream, Message:<EMPTY>, logEntry=null
2023-02-21 19:25:40,984 [s2-server-thread2] INFO  statemachine.StateMachine (DataStreamTestUtils.java:link(157)) - link SingleDataStream: writeRequest=RaftClientRequest:client-A36CCD7A71B3->s0@group-ECF61963C484, cid=405, seq=0, DataStream, Message:<EMPTY>, logEntry=null
2023-02-21 19:25:40,984 [s2-server-thread2] INFO  statemachine.StateMachine (DataStreamTestUtils.java:link(157)) - link SingleDataStream: writeRequest=RaftClientRequest:client-A36CCD7A71B3->s0@group-ECF61963C484, cid=403, seq=0, DataStream, Message:<EMPTY>, logEntry=null
2023-02-21 19:25:40,986 [pool-9-thread-11] INFO  datastream.DataStreamTestUtils (DataStreamTestUtils.java:writeAndCloseAndAssertReplies(311)) - start Stream409
2023-02-21 19:25:40,999 [pool-9-thread-16] INFO  datastream.DataStreamTestUtils (DataStreamTestUtils.java:writeAndCloseAndAssertReplies(320)) - Stream406: bytesWritten=724322
2023-02-21 19:25:41,006 [s0-client-thread1] INFO  statemachine.StateMachine (DataStreamTestUtils.java:link(157)) - link SingleDataStream: writeRequest=RaftClientRequest:client-A36CCD7A71B3->s0@group-ECF61963C484, cid=406, seq=0, DataStream, Message:<EMPTY>, logEntry=null
2023-02-21 19:25:41,008 [s2-server-thread3] INFO  statemachine.StateMachine (DataStreamTestUtils.java:link(157)) - link SingleDataStream: writeRequest=RaftClientRequest:client-A36CCD7A71B3->s0@group-ECF61963C484, cid=406, seq=0, DataStream, Message:<EMPTY>, logEntry=null
2023-02-21 19:25:41,008 [s1-server-thread2] INFO  statemachine.StateMachine (DataStreamTestUtils.java:link(157)) - link SingleDataStream: writeRequest=RaftClientRequest:client-A36CCD7A71B3->s0@group-ECF61963C484, cid=406, seq=0, DataStream, Message:<EMPTY>, logEntry=null
2023-02-21 19:25:41,008 [pool-9-thread-3] INFO  datastream.DataStreamTestUtils (DataStreamTestUtils.java:writeAndCloseAndAssertReplies(311)) - start Stream410
2023-02-21 19:25:41,013 [pool-9-thread-15] INFO  datastream.DataStreamTestUtils (DataStreamTestUtils.java:writeAndCloseAndAssertReplies(311)) - start Stream411
2023-02-21 19:25:41,013 [pool-9-thread-5] INFO  datastream.DataStreamTestUtils (DataStreamTestUtils.java:writeAndCloseAndAssertReplies(311)) - start Stream412
2023-02-21 19:25:41,015 [pool-9-thread-13] INFO  datastream.DataStreamTestUtils (DataStreamTestUtils.java:writeAndCloseAndAssertReplies(320)) - Stream407: bytesWritten=815738
2023-02-21 19:25:41,015 [pool-9-thread-14] INFO  datastream.DataStreamTestUtils (DataStreamTestUtils.java:writeAndCloseAndAssertReplies(311)) - start Stream413
2023-02-21 19:25:41,019 [pool-9-thread-16] INFO  datastream.DataStreamTestUtils (DataStreamTestUtils.java:writeAndCloseAndAssertReplies(311)) - start Stream414
2023-02-21 19:25:41,019 [pool-9-thread-12] INFO  datastream.DataStreamTestUtils (DataStreamTestUtils.java:writeAndCloseAndAssertReplies(320)) - Stream396: bytesWritten=669260
2023-02-21 19:25:41,048 [pool-9-thread-10] INFO  datastream.DataStreamTestUtils (DataStreamTestUtils.java:writeAndCloseAndAssertReplies(320)) - Stream408: bytesWritten=823974
2023-02-21 19:25:42,774 [JvmPauseMonitor5] WARN  util.JvmPauseMonitor (JvmPauseMonitor.java:detectPause(126)) - JvmPauseMonitor-s1: Detected pause in JVM or host machine (eg GC): pause of approximately 1229172021ns.
GC pool 'G1 Young Generation' had collection(s): count=1 time=30ms
GC pool 'G1 Old Generation' had collection(s): count=1 time=1693ms
2023-02-21 19:25:42,780 [s2@group-ECF61963C484-FollowerState] WARN  impl.FollowerState (FollowerState.java:run(130)) - Unexpected long sleep: sleep 264ms but took extra 1637859827ns (> threshold = 300ms)
2023-02-21 19:25:42,775 [JvmPauseMonitor4] WARN  util.JvmPauseMonitor (JvmPauseMonitor.java:detectPause(126)) - JvmPauseMonitor-s0: Detected pause in JVM or host machine (eg GC): pause of approximately 1273273364ns.
GC pool 'G1 Young Generation' had collection(s): count=1 time=30ms
GC pool 'G1 Old Generation' had collection(s): count=1 time=1693ms
2023-02-21 19:25:42,786 [s0@group-ECF61963C484-LeaderStateImpl] WARN  server.RaftServer$Division (LeaderStateImpl.java:checkLeadership(1098)) - s0@group-ECF61963C484-LeaderStateImpl: Lost leadership on term: 1. Election timeout: 300ms. In charge for: 3543ms. Conf: 0: peers:[s0|rpc:localhost:36399|admin:localhost:45573|client:localhost:36971|dataStream:localhost:43269|priority:0|startupRole:FOLLOWER, s1|rpc:localhost:45309|admin:localhost:41751|client:localhost:45149|dataStream:localhost:41895|priority:0|startupRole:FOLLOWER, s2|rpc:localhost:36685|admin:localhost:46439|client:localhost:40511|dataStream:localhost:44375|priority:0|startupRole:FOLLOWER]|listeners:[], old=null
2023-02-21 19:25:42,787 [s0@group-ECF61963C484-LeaderStateImpl] WARN  server.RaftServer$Division (LeaderStateImpl.java:lambda$checkLeadership$20(1102)) - Follower s0@group-ECF61963C484->s1(c56,m57,n58, attendVote=true, lastRpcSendTime=1775, lastRpcResponseTime=1774)
2023-02-21 19:25:42,787 [s0@group-ECF61963C484-LeaderStateImpl] WARN  server.RaftServer$Division (LeaderStateImpl.java:lambda$checkLeadership$20(1102)) - Follower s0@group-ECF61963C484->s2(c56,m57,n58, attendVote=true, lastRpcSendTime=1775, lastRpcResponseTime=1754)
2023-02-21 19:25:42,787 [s0@group-ECF61963C484-LeaderStateImpl] INFO  server.RaftServer$Division (RaftServerImpl.java:setRole(329)) - s0@group-ECF61963C484: changes role from    LEADER to FOLLOWER at term 1 for StepDownReason:LOST_MAJORITY_HEARTBEATS
2023-02-21 19:25:42,787 [s0@group-ECF61963C484-LeaderStateImpl] INFO  impl.RoleInfo (RoleInfo.java:shutdownLeaderState(93)) - s0: shutdown s0@group-ECF61963C484-LeaderStateImpl
2023-02-21 19:25:42,790 [pool-9-thread-11] INFO  datastream.DataStreamTestUtils (DataStreamTestUtils.java:writeAndCloseAndAssertReplies(320)) - Stream409: bytesWritten=862753
2023-02-21 19:25:42,796 [s1@group-ECF61963C484-FollowerState] WARN  impl.FollowerState (FollowerState.java:run(130)) - Unexpected long sleep: sleep 163ms but took extra 1716126707ns (> threshold = 300ms)
2023-02-21 19:25:42,796 [JvmPauseMonitor6] WARN  util.JvmPauseMonitor (JvmPauseMonitor.java:detectPause(126)) - JvmPauseMonitor-s2: Detected pause in JVM or host machine (eg GC): pause of approximately 1694137255ns.
GC pool 'G1 Young Generation' had collection(s): count=2 time=99ms
GC pool 'G1 Old Generation' had collection(s): count=1 time=1693ms
2023-02-21 19:25:42,822 [s0@group-ECF61963C484->s2-GrpcLogAppender-LogAppenderDaemon] WARN  server.GrpcLogAppender (GrpcLogAppender.java:mayWait(199)) - s0@group-ECF61963C484->s2-GrpcLogAppender: Wait interrupted by java.lang.InterruptedException
2023-02-21 19:25:42,824 [pool-9-thread-8] INFO  datastream.DataStreamTestUtils (DataStreamTestUtils.java:writeAndCloseAndAssertReplies(311)) - start Stream415
2023-02-21 19:25:42,822 [s0@group-ECF61963C484-LeaderStateImpl] INFO  impl.PendingRequests (PendingRequests.java:sendNotLeaderResponses(282)) - s0@group-ECF61963C484-PendingRequests: sendNotLeaderResponses
2023-02-21 19:25:42,826 [pool-9-thread-5] INFO  datastream.DataStreamTestUtils (DataStreamTestUtils.java:writeAndCloseAndAssertReplies(320)) - Stream412: bytesWritten=783128
2023-02-21 19:25:42,826 [s0@group-ECF61963C484-LeaderStateImpl] INFO  server.RaftServer$Division (ServerState.java:setLeader(260)) - s0@group-ECF61963C484: change Leader from s0 to null at term 1 for StepDownReason:LOST_MAJORITY_HEARTBEATS
2023-02-21 19:25:42,826 [s0@group-ECF61963C484-LeaderStateImpl] INFO  impl.RoleInfo (RoleInfo.java:updateAndGet(139)) - s0: start s0@group-ECF61963C484-FollowerState
2023-02-21 19:25:42,827 [s0@group-ECF61963C484->s1-GrpcLogAppender-LogAppenderDaemon] WARN  server.GrpcLogAppender (GrpcLogAppender.java:mayWait(199)) - s0@group-ECF61963C484->s1-GrpcLogAppender: Wait interrupted by java.lang.InterruptedException
2023-02-21 19:25:42,828 [grpc-default-executor-6] INFO  server.GrpcServerProtocolService (GrpcServerProtocolService.java:onCompleted(143)) - s1: Completed APPEND_ENTRIES, lastRequest: s0->s1#151-t1,previous=(t:1, i:56),leaderCommit=56,initializing? true,entries: size=1, first=(t:1, i:57), METADATAENTRY(c:56)
2023-02-21 19:25:42,831 [pool-9-thread-3] INFO  datastream.DataStreamTestUtils (DataStreamTestUtils.java:writeAndCloseAndAssertReplies(320)) - Stream410: bytesWritten=787665
2023-02-21 19:25:42,832 [grpc-default-executor-6] INFO  server.GrpcLogAppender (GrpcLogAppender.java:onCompleted(417)) - s0@group-ECF61963C484->s1-AppendLogResponseHandler: follower responses appendEntries COMPLETED
2023-02-21 19:25:42,832 [grpc-default-executor-6] INFO  leader.FollowerInfo (FollowerInfoImpl.java:lambda$new$0(52)) - s0@group-ECF61963C484->s1: nextIndex: updateUnconditionally 58 -> 57
2023-02-21 19:25:42,833 [grpc-default-executor-7] INFO  server.GrpcServerProtocolService (GrpcServerProtocolService.java:onCompleted(143)) - s2: Completed APPEND_ENTRIES, lastRequest: s0->s2#153-t1,previous=(t:1, i:56),leaderCommit=56,initializing? true,entries: size=1, first=(t:1, i:57), METADATAENTRY(c:56)
2023-02-21 19:25:42,833 [grpc-default-executor-0] INFO  server.GrpcServerProtocolService (GrpcServerProtocolService.java:onCompleted(143)) - s2: Completed APPEND_ENTRIES, lastRequest: null
2023-02-21 19:25:42,847 [grpc-default-executor-4] INFO  server.GrpcServerProtocolService (GrpcServerProtocolService.java:onCompleted(143)) - s1: Completed APPEND_ENTRIES, lastRequest: null
2023-02-21 19:25:42,848 [grpc-default-executor-2] INFO  server.GrpcLogAppender (GrpcLogAppender.java:onCompleted(417)) - s0@group-ECF61963C484->s2-AppendLogResponseHandler: follower responses appendEntries COMPLETED
2023-02-21 19:25:42,848 [grpc-default-executor-2] INFO  leader.FollowerInfo (FollowerInfoImpl.java:lambda$new$0(52)) - s0@group-ECF61963C484->s2: nextIndex: updateUnconditionally 58 -> 57
2023-02-21 19:25:42,850 [pool-9-thread-14] INFO  datastream.DataStreamTestUtils (DataStreamTestUtils.java:writeAndCloseAndAssertReplies(320)) - Stream413: bytesWritten=703255
2023-02-21 19:25:42,851 [grpc-default-executor-6] INFO  server.GrpcLogAppender (GrpcLogAppender.java:onCompleted(417)) - s0@group-ECF61963C484->s2-AppendLogResponseHandler: follower responses appendEntries COMPLETED
2023-02-21 19:25:42,851 [grpc-default-executor-6] INFO  leader.FollowerInfo (FollowerInfoImpl.java:lambda$new$0(52)) - s0@group-ECF61963C484->s2: nextIndex: updateUnconditionally 57 -> 56
2023-02-21 19:25:42,852 [grpc-default-executor-2] INFO  server.GrpcLogAppender (GrpcLogAppender.java:onCompleted(417)) - s0@group-ECF61963C484->s1-AppendLogResponseHandler: follower responses appendEntries COMPLETED
2023-02-21 19:25:42,852 [grpc-default-executor-2] INFO  leader.FollowerInfo (FollowerInfoImpl.java:lambda$new$0(52)) - s0@group-ECF61963C484->s1: nextIndex: updateUnconditionally 57 -> 56
2023-02-21 19:25:42,863 [pool-9-thread-16] INFO  datastream.DataStreamTestUtils (DataStreamTestUtils.java:writeAndCloseAndAssertReplies(320)) - Stream414: bytesWritten=754888
2023-02-21 19:25:42,863 [pool-9-thread-15] INFO  datastream.DataStreamTestUtils (DataStreamTestUtils.java:writeAndCloseAndAssertReplies(320)) - Stream411: bytesWritten=689691
2023-02-21 19:25:42,867 [pool-9-thread-8] INFO  datastream.DataStreamTestUtils (DataStreamTestUtils.java:writeAndCloseAndAssertReplies(320)) - Stream415: bytesWritten=768735
2023-02-21 19:25:43,142 [s0@group-ECF61963C484-FollowerState] INFO  impl.FollowerState (FollowerState.java:lostMajorityHeartbeatsRecently(108)) - s0@group-ECF61963C484-FollowerState: Skipping leader election since it stepped down recently (elapsed = 315ms < waitTime = 10s)
2023-02-21 19:25:43,253 [s1@group-ECF61963C484-FollowerState] INFO  impl.FollowerState (FollowerState.java:run(143)) - s1@group-ECF61963C484-FollowerState: change to CANDIDATE, lastRpcElapsedTime:425726838ns, electionTimeout:200ms
2023-02-21 19:25:43,254 [s1@group-ECF61963C484-FollowerState] INFO  impl.RoleInfo (RoleInfo.java:shutdownFollowerState(110)) - s1: shutdown s1@group-ECF61963C484-FollowerState
2023-02-21 19:25:43,254 [s1@group-ECF61963C484-FollowerState] INFO  server.RaftServer$Division (RaftServerImpl.java:setRole(329)) - s1@group-ECF61963C484: changes role from  FOLLOWER to CANDIDATE at term 1 for changeToCandidate
2023-02-21 19:25:43,254 [s1@group-ECF61963C484-FollowerState] INFO  server.RaftServerConfigKeys (ConfUtils.java:logGet(46)) - raft.server.leaderelection.pre-vote = true (default)
2023-02-21 19:25:43,254 [s1@group-ECF61963C484-FollowerState] INFO  impl.RoleInfo (RoleInfo.java:updateAndGet(139)) - s1: start s1@group-ECF61963C484-LeaderElection4
2023-02-21 19:25:43,254 [s1@group-ECF61963C484-LeaderElection4] INFO  server.RaftServer$Division (ServerState.java:setLeader(260)) - s1@group-ECF61963C484: change Leader from s0 to null at term 1 for PRE_VOTE
2023-02-21 19:25:43,254 [s1@group-ECF61963C484-LeaderElection4] INFO  impl.LeaderElection (LeaderElection.java:askForVotes(309)) - s1@group-ECF61963C484-LeaderElection4 PRE_VOTE round 0: submit vote requests at term 1 for 0: peers:[s0|rpc:localhost:36399|admin:localhost:45573|client:localhost:36971|dataStream:localhost:43269|priority:0|startupRole:FOLLOWER, s1|rpc:localhost:45309|admin:localhost:41751|client:localhost:45149|dataStream:localhost:41895|priority:0|startupRole:FOLLOWER, s2|rpc:localhost:36685|admin:localhost:46439|client:localhost:40511|dataStream:localhost:44375|priority:0|startupRole:FOLLOWER]|listeners:[], old=null
2023-02-21 19:25:43,255 [s1@group-ECF61963C484-LeaderElection4-1] INFO  server.GrpcServerProtocolClient (GrpcServerProtocolClient.java:<init>(63)) - Build channel for s0
2023-02-21 19:25:43,255 [s1@group-ECF61963C484-LeaderElection4-2] INFO  server.GrpcServerProtocolClient (GrpcServerProtocolClient.java:<init>(63)) - Build channel for s2
2023-02-21 19:25:43,261 [grpc-default-executor-2] INFO  server.RaftServer$Division (RaftServerImpl.java:requestVote(1302)) - s2@group-ECF61963C484: receive requestVote(PRE_VOTE, s1, group-ECF61963C484, 1, (t:1, i:57))
2023-02-21 19:25:43,262 [grpc-default-executor-2] INFO  impl.VoteContext (VoteContext.java:log(49)) - s2@group-ECF61963C484-FOLLOWER: accept PRE_VOTE from s1: our priority 0 <= candidate's priority 0
2023-02-21 19:25:43,262 [grpc-default-executor-2] INFO  server.RaftServer$Division (RaftServerImpl.java:requestVote(1335)) - s2@group-ECF61963C484 replies to PRE_VOTE vote request: s1<-s2#0:OK-t1. Peer's state: s2@group-ECF61963C484:t1, leader=s0, voted=s0, raftlog=Memoized:s2@group-ECF61963C484-SegmentedRaftLog:OPENED:c57, conf=0: peers:[s0|rpc:localhost:36399|admin:localhost:45573|client:localhost:36971|dataStream:localhost:43269|priority:0|startupRole:FOLLOWER, s1|rpc:localhost:45309|admin:localhost:41751|client:localhost:45149|dataStream:localhost:41895|priority:0|startupRole:FOLLOWER, s2|rpc:localhost:36685|admin:localhost:46439|client:localhost:40511|dataStream:localhost:44375|priority:0|startupRole:FOLLOWER]|listeners:[], old=null
2023-02-21 19:25:43,263 [s1@group-ECF61963C484-LeaderElection4] INFO  impl.LeaderElection (LeaderElection.java:logAndReturn(89)) - s1@group-ECF61963C484-LeaderElection4: PRE_VOTE PASSED received 1 response(s) and 0 exception(s):
2023-02-21 19:25:43,263 [s1@group-ECF61963C484-LeaderElection4] INFO  impl.LeaderElection (LeaderElection.java:logAndReturn(93)) -   Response 0: s1<-s2#0:OK-t1
2023-02-21 19:25:43,263 [s1@group-ECF61963C484-LeaderElection4] INFO  impl.LeaderElection (LeaderElection.java:askForVotes(311)) - s1@group-ECF61963C484-LeaderElection4 PRE_VOTE round 0: result PASSED
2023-02-21 19:25:43,266 [s1@group-ECF61963C484-LeaderElection4] INFO  impl.LeaderElection (LeaderElection.java:askForVotes(309)) - s1@group-ECF61963C484-LeaderElection4 ELECTION round 0: submit vote requests at term 2 for 0: peers:[s0|rpc:localhost:36399|admin:localhost:45573|client:localhost:36971|dataStream:localhost:43269|priority:0|startupRole:FOLLOWER, s1|rpc:localhost:45309|admin:localhost:41751|client:localhost:45149|dataStream:localhost:41895|priority:0|startupRole:FOLLOWER, s2|rpc:localhost:36685|admin:localhost:46439|client:localhost:40511|dataStream:localhost:44375|priority:0|startupRole:FOLLOWER]|listeners:[], old=null
2023-02-21 19:25:43,278 [grpc-default-executor-2] INFO  server.RaftServer$Division (RaftServerImpl.java:requestVote(1302)) - s2@group-ECF61963C484: receive requestVote(ELECTION, s1, group-ECF61963C484, 2, (t:1, i:57))
2023-02-21 19:25:43,278 [grpc-default-executor-2] INFO  impl.VoteContext (VoteContext.java:log(49)) - s2@group-ECF61963C484-FOLLOWER: accept ELECTION from s1: our priority 0 <= candidate's priority 0
2023-02-21 19:25:43,278 [grpc-default-executor-2] INFO  server.RaftServer$Division (ServerState.java:setLeader(260)) - s2@group-ECF61963C484: change Leader from s0 to null at term 2 for updateCurrentTerm
2023-02-21 19:25:43,278 [grpc-default-executor-2] INFO  server.RaftServer$Division (RaftServerImpl.java:setRole(329)) - s2@group-ECF61963C484: changes role from  FOLLOWER to FOLLOWER at term 2 for candidate:s1
2023-02-21 19:25:43,278 [grpc-default-executor-2] INFO  impl.RoleInfo (RoleInfo.java:shutdownFollowerState(110)) - s2: shutdown s2@group-ECF61963C484-FollowerState
2023-02-21 19:25:43,278 [grpc-default-executor-2] INFO  impl.RoleInfo (RoleInfo.java:updateAndGet(139)) - s2: start s2@group-ECF61963C484-FollowerState
2023-02-21 19:25:43,278 [s2@group-ECF61963C484-FollowerState] INFO  impl.FollowerState (FollowerState.java:run(152)) - s2@group-ECF61963C484-FollowerState was interrupted
2023-02-21 19:25:43,285 [grpc-default-executor-6] INFO  server.RaftServer$Division (RaftServerImpl.java:requestVote(1302)) - s0@group-ECF61963C484: receive requestVote(PRE_VOTE, s1, group-ECF61963C484, 1, (t:1, i:57))
2023-02-21 19:25:43,285 [grpc-default-executor-6] INFO  impl.VoteContext (VoteContext.java:log(49)) - s0@group-ECF61963C484-FOLLOWER: accept PRE_VOTE from s1: our priority 0 <= candidate's priority 0
2023-02-21 19:25:43,285 [grpc-default-executor-6] INFO  server.RaftServer$Division (RaftServerImpl.java:requestVote(1335)) - s0@group-ECF61963C484 replies to PRE_VOTE vote request: s1<-s0#0:OK-t1. Peer's state: s0@group-ECF61963C484:t1, leader=null, voted=s0, raftlog=Memoized:s0@group-ECF61963C484-SegmentedRaftLog:OPENED:c57, conf=0: peers:[s0|rpc:localhost:36399|admin:localhost:45573|client:localhost:36971|dataStream:localhost:43269|priority:0|startupRole:FOLLOWER, s1|rpc:localhost:45309|admin:localhost:41751|client:localhost:45149|dataStream:localhost:41895|priority:0|startupRole:FOLLOWER, s2|rpc:localhost:36685|admin:localhost:46439|client:localhost:40511|dataStream:localhost:44375|priority:0|startupRole:FOLLOWER]|listeners:[], old=null
2023-02-21 19:25:43,286 [grpc-default-executor-2] INFO  server.RaftServer$Division (RaftServerImpl.java:requestVote(1335)) - s2@group-ECF61963C484 replies to ELECTION vote request: s1<-s2#0:OK-t2. Peer's state: s2@group-ECF61963C484:t2, leader=null, voted=s1, raftlog=Memoized:s2@group-ECF61963C484-SegmentedRaftLog:OPENED:c57, conf=0: peers:[s0|rpc:localhost:36399|admin:localhost:45573|client:localhost:36971|dataStream:localhost:43269|priority:0|startupRole:FOLLOWER, s1|rpc:localhost:45309|admin:localhost:41751|client:localhost:45149|dataStream:localhost:41895|priority:0|startupRole:FOLLOWER, s2|rpc:localhost:36685|admin:localhost:46439|client:localhost:40511|dataStream:localhost:44375|priority:0|startupRole:FOLLOWER]|listeners:[], old=null
2023-02-21 19:25:43,292 [grpc-default-executor-8] INFO  server.RaftServer$Division (RaftServerImpl.java:requestVote(1302)) - s0@group-ECF61963C484: receive requestVote(ELECTION, s1, group-ECF61963C484, 2, (t:1, i:57))
2023-02-21 19:25:43,292 [grpc-default-executor-8] INFO  impl.VoteContext (VoteContext.java:log(49)) - s0@group-ECF61963C484-FOLLOWER: accept ELECTION from s1: our priority 0 <= candidate's priority 0
2023-02-21 19:25:43,293 [grpc-default-executor-8] INFO  server.RaftServer$Division (RaftServerImpl.java:setRole(329)) - s0@group-ECF61963C484: changes role from  FOLLOWER to FOLLOWER at term 2 for candidate:s1
2023-02-21 19:25:43,293 [grpc-default-executor-8] INFO  impl.RoleInfo (RoleInfo.java:shutdownFollowerState(110)) - s0: shutdown s0@group-ECF61963C484-FollowerState
2023-02-21 19:25:43,293 [grpc-default-executor-8] INFO  impl.RoleInfo (RoleInfo.java:updateAndGet(139)) - s0: start s0@group-ECF61963C484-FollowerState
2023-02-21 19:25:43,293 [s0@group-ECF61963C484-FollowerState] INFO  impl.FollowerState (FollowerState.java:run(152)) - s0@group-ECF61963C484-FollowerState was interrupted
2023-02-21 19:25:43,293 [s1@group-ECF61963C484-LeaderElection4] INFO  impl.LeaderElection (LeaderElection.java:logAndReturn(89)) - s1@group-ECF61963C484-LeaderElection4: ELECTION PASSED received 1 response(s) and 0 exception(s):
2023-02-21 19:25:43,293 [s1@group-ECF61963C484-LeaderElection4] INFO  impl.LeaderElection (LeaderElection.java:logAndReturn(93)) -   Response 0: s1<-s2#0:OK-t2
2023-02-21 19:25:43,293 [s1@group-ECF61963C484-LeaderElection4] INFO  impl.LeaderElection (LeaderElection.java:askForVotes(311)) - s1@group-ECF61963C484-LeaderElection4 ELECTION round 0: result PASSED
2023-02-21 19:25:43,293 [s1@group-ECF61963C484-LeaderElection4] INFO  impl.RoleInfo (RoleInfo.java:shutdownLeaderElection(130)) - s1: shutdown s1@group-ECF61963C484-LeaderElection4
2023-02-21 19:25:43,293 [s1@group-ECF61963C484-LeaderElection4] INFO  server.RaftServer$Division (RaftServerImpl.java:setRole(329)) - s1@group-ECF61963C484: changes role from CANDIDATE to LEADER at term 2 for changeToLeader
2023-02-21 19:25:43,293 [s1@group-ECF61963C484-LeaderElection4] INFO  server.RaftServer$Division (ServerState.java:setLeader(260)) - s1@group-ECF61963C484: change Leader from null to s1 at term 2 for becomeLeader, leader elected after 39ms
2023-02-21 19:25:43,293 [s1@group-ECF61963C484-LeaderElection4] INFO  server.RaftServerConfigKeys (ConfUtils.java:logGet(46)) - raft.server.staging.catchup.gap = 1000 (default)
2023-02-21 19:25:43,294 [s1@group-ECF61963C484-LeaderElection4] INFO  server.RaftServerConfigKeys (ConfUtils.java:logGet(46)) - raft.server.write.element-limit = 4096 (default)
2023-02-21 19:25:43,294 [s1@group-ECF61963C484-LeaderElection4] INFO  server.RaftServerConfigKeys (ConfUtils.java:logGet(46)) - raft.server.write.byte-limit = 64MB (=67108864) (default)
2023-02-21 19:25:43,294 [s1@group-ECF61963C484-LeaderElection4] INFO  server.RaftServerConfigKeys (ConfUtils.java:logGet(46)) - raft.server.watch.timeout = 10s (default)
2023-02-21 19:25:43,294 [s1@group-ECF61963C484-LeaderElection4] INFO  server.RaftServerConfigKeys (ConfUtils.java:logGet(46)) - raft.server.watch.timeout.denomination = 1s (default)
2023-02-21 19:25:43,294 [s1@group-ECF61963C484-LeaderElection4] INFO  server.RaftServerConfigKeys (ConfUtils.java:logGet(46)) - raft.server.watch.element-limit = 65536 (default)
2023-02-21 19:25:43,294 [s1@group-ECF61963C484-LeaderElection4] INFO  server.RaftServerConfigKeys (ConfUtils.java:logGet(46)) - raft.server.write.element-limit = 4096 (default)
2023-02-21 19:25:43,294 [s1@group-ECF61963C484-LeaderElection4] INFO  server.RaftServerConfigKeys (ConfUtils.java:logGet(46)) - raft.server.write.follower.gap.ratio.max = -1.0 (default)
2023-02-21 19:25:43,294 [s1@group-ECF61963C484-LeaderElection4] INFO  server.RaftServerConfigKeys (ConfUtils.java:logGet(46)) - raft.server.log.appender.snapshot.chunk.size.max = 16MB (=16777216) (default)
2023-02-21 19:25:43,294 [s1@group-ECF61963C484-LeaderElection4] INFO  server.RaftServerConfigKeys (ConfUtils.java:logGet(46)) - raft.server.log.appender.buffer.byte-limit = 4MB (=4194304) (default)
2023-02-21 19:25:43,295 [s1@group-ECF61963C484-LeaderElection4] INFO  server.RaftServerConfigKeys (ConfUtils.java:logGet(46)) - raft.server.log.appender.buffer.element-limit = 0 (default)
2023-02-21 19:25:43,295 [s1@group-ECF61963C484-LeaderElection4] INFO  grpc.GrpcConfigKeys (ConfUtils.java:logGet(46)) - raft.grpc.server.leader.outstanding.appends.max = 128 (default)
2023-02-21 19:25:43,295 [s1@group-ECF61963C484-LeaderElection4] INFO  server.RaftServerConfigKeys (ConfUtils.java:logGet(46)) - raft.server.rpc.request.timeout = 3000ms (default)
2023-02-21 19:25:43,295 [s1@group-ECF61963C484-LeaderElection4] INFO  server.RaftServerConfigKeys (ConfUtils.java:logGet(46)) - raft.server.log.appender.install.snapshot.enabled = true (default)
2023-02-21 19:25:43,295 [s1@group-ECF61963C484-LeaderElection4] INFO  grpc.GrpcConfigKeys (ConfUtils.java:logGet(46)) - raft.grpc.server.heartbeat.channel = true (default)
2023-02-21 19:25:43,295 [s1@group-ECF61963C484-LeaderElection4] INFO  server.RaftServerConfigKeys (ConfUtils.java:logGet(46)) - raft.server.log.appender.wait-time.min = 10ms (default)
2023-02-21 19:25:43,295 [s1@group-ECF61963C484-LeaderElection4] INFO  server.RaftServerConfigKeys (ConfUtils.java:logGet(46)) - raft.server.log.appender.snapshot.chunk.size.max = 16MB (=16777216) (default)
2023-02-21 19:25:43,295 [s1@group-ECF61963C484-LeaderElection4] INFO  server.RaftServerConfigKeys (ConfUtils.java:logGet(46)) - raft.server.log.appender.buffer.byte-limit = 4MB (=4194304) (default)
2023-02-21 19:25:43,295 [s1@group-ECF61963C484-LeaderElection4] INFO  server.RaftServerConfigKeys (ConfUtils.java:logGet(46)) - raft.server.log.appender.buffer.element-limit = 0 (default)
2023-02-21 19:25:43,295 [s1@group-ECF61963C484-LeaderElection4] INFO  grpc.GrpcConfigKeys (ConfUtils.java:logGet(46)) - raft.grpc.server.leader.outstanding.appends.max = 128 (default)
2023-02-21 19:25:43,295 [s1@group-ECF61963C484-LeaderElection4] INFO  server.RaftServerConfigKeys (ConfUtils.java:logGet(46)) - raft.server.rpc.request.timeout = 3000ms (default)
2023-02-21 19:25:43,295 [s1@group-ECF61963C484-LeaderElection4] INFO  server.RaftServerConfigKeys (ConfUtils.java:logGet(46)) - raft.server.log.appender.install.snapshot.enabled = true (default)
2023-02-21 19:25:43,295 [s1@group-ECF61963C484-LeaderElection4] INFO  grpc.GrpcConfigKeys (ConfUtils.java:logGet(46)) - raft.grpc.server.heartbeat.channel = true (default)
2023-02-21 19:25:43,295 [s1@group-ECF61963C484-LeaderElection4] INFO  server.RaftServerConfigKeys (ConfUtils.java:logGet(46)) - raft.server.log.appender.wait-time.min = 10ms (default)
2023-02-21 19:25:43,296 [s1@group-ECF61963C484-LeaderElection4] INFO  impl.RoleInfo (RoleInfo.java:updateAndGet(139)) - s1: start s1@group-ECF61963C484-LeaderStateImpl
2023-02-21 19:25:43,296 [grpc-default-executor-8] INFO  server.RaftServer$Division (RaftServerImpl.java:requestVote(1335)) - s0@group-ECF61963C484 replies to ELECTION vote request: s1<-s0#0:OK-t2. Peer's state: s0@group-ECF61963C484:t2, leader=null, voted=s1, raftlog=Memoized:s0@group-ECF61963C484-SegmentedRaftLog:OPENED:c57, conf=0: peers:[s0|rpc:localhost:36399|admin:localhost:45573|client:localhost:36971|dataStream:localhost:43269|priority:0|startupRole:FOLLOWER, s1|rpc:localhost:45309|admin:localhost:41751|client:localhost:45149|dataStream:localhost:41895|priority:0|startupRole:FOLLOWER, s2|rpc:localhost:36685|admin:localhost:46439|client:localhost:40511|dataStream:localhost:44375|priority:0|startupRole:FOLLOWER]|listeners:[], old=null
2023-02-21 19:25:43,297 [s1@group-ECF61963C484-LeaderElection4] INFO  segmented.SegmentedRaftLogWorker (SegmentedRaftLogWorker.java:rollLogSegment(436)) - s1@group-ECF61963C484-SegmentedRaftLogWorker: Rolling segment log-0_57 to index:57
2023-02-21 19:25:43,301 [s1@group-ECF61963C484-SegmentedRaftLogWorker] TRACE util.FileUtils (LogUtils.java:runAndLog(49)) - Successfully ran Atomic Files.move /home/runner/work/ratis/ratis/ratis-test/target/test/data/90d2e47f/MiniRaftClusterWithRpcTypeGrpcAndDataStreamTypeNettyb33d0f7d/s1/29fbe4a6-54bc-4e76-9658-ecf61963c484/current/log_inprogress_0 to /home/runner/work/ratis/ratis/ratis-test/target/test/data/90d2e47f/MiniRaftClusterWithRpcTypeGrpcAndDataStreamTypeNettyb33d0f7d/s1/29fbe4a6-54bc-4e76-9658-ecf61963c484/current/log_0-57
2023-02-21 19:25:43,302 [s1@group-ECF61963C484-SegmentedRaftLogWorker] INFO  segmented.SegmentedRaftLogWorker (SegmentedRaftLogWorker.java:execute(592)) - s1@group-ECF61963C484-SegmentedRaftLogWorker: Rolled log segment from /home/runner/work/ratis/ratis/ratis-test/target/test/data/90d2e47f/MiniRaftClusterWithRpcTypeGrpcAndDataStreamTypeNettyb33d0f7d/s1/29fbe4a6-54bc-4e76-9658-ecf61963c484/current/log_inprogress_0 to /home/runner/work/ratis/ratis/ratis-test/target/test/data/90d2e47f/MiniRaftClusterWithRpcTypeGrpcAndDataStreamTypeNettyb33d0f7d/s1/29fbe4a6-54bc-4e76-9658-ecf61963c484/current/log_0-57
2023-02-21 19:25:43,311 [s1@group-ECF61963C484-LeaderElection4] INFO  server.RaftServer$Division (ServerState.java:setRaftConf(378)) - s1@group-ECF61963C484: set configuration 58: peers:[s0|rpc:localhost:36399|admin:localhost:45573|client:localhost:36971|dataStream:localhost:43269|priority:0|startupRole:FOLLOWER, s1|rpc:localhost:45309|admin:localhost:41751|client:localhost:45149|dataStream:localhost:41895|priority:0|startupRole:FOLLOWER, s2|rpc:localhost:36685|admin:localhost:46439|client:localhost:40511|dataStream:localhost:44375|priority:0|startupRole:FOLLOWER]|listeners:[], old=null
2023-02-21 19:25:43,315 [s1@group-ECF61963C484-SegmentedRaftLogWorker] INFO  segmented.SegmentedRaftLogWorker (SegmentedRaftLogWorker.java:execute(635)) - s1@group-ECF61963C484-SegmentedRaftLogWorker: created new log segment /home/runner/work/ratis/ratis/ratis-test/target/test/data/90d2e47f/MiniRaftClusterWithRpcTypeGrpcAndDataStreamTypeNettyb33d0f7d/s1/29fbe4a6-54bc-4e76-9658-ecf61963c484/current/log_inprogress_58
2023-02-21 19:25:43,322 [s2-server-thread3] INFO  server.RaftServer$Division (ServerState.java:setLeader(260)) - s2@group-ECF61963C484: change Leader from null to s1 at term 2 for appendEntries, leader elected after 43ms
2023-02-21 19:25:43,326 [s0-server-thread2] INFO  server.RaftServer$Division (ServerState.java:setLeader(260)) - s0@group-ECF61963C484: change Leader from null to s1 at term 2 for appendEntries, leader elected after 500ms
2023-02-21 19:25:43,328 [s2-server-thread2] INFO  server.RaftServer$Division (ServerState.java:setRaftConf(378)) - s2@group-ECF61963C484: set configuration 58: peers:[s0|rpc:localhost:36399|admin:localhost:45573|client:localhost:36971|dataStream:localhost:43269|priority:0|startupRole:FOLLOWER, s1|rpc:localhost:45309|admin:localhost:41751|client:localhost:45149|dataStream:localhost:41895|priority:0|startupRole:FOLLOWER, s2|rpc:localhost:36685|admin:localhost:46439|client:localhost:40511|dataStream:localhost:44375|priority:0|startupRole:FOLLOWER]|listeners:[], old=null
2023-02-21 19:25:43,328 [s2-server-thread2] INFO  segmented.SegmentedRaftLogWorker (SegmentedRaftLogWorker.java:rollLogSegment(436)) - s2@group-ECF61963C484-SegmentedRaftLogWorker: Rolling segment log-0_57 to index:57
2023-02-21 19:25:43,328 [s0-server-thread2] INFO  server.RaftServer$Division (ServerState.java:setRaftConf(378)) - s0@group-ECF61963C484: set configuration 58: peers:[s0|rpc:localhost:36399|admin:localhost:45573|client:localhost:36971|dataStream:localhost:43269|priority:0|startupRole:FOLLOWER, s1|rpc:localhost:45309|admin:localhost:41751|client:localhost:45149|dataStream:localhost:41895|priority:0|startupRole:FOLLOWER, s2|rpc:localhost:36685|admin:localhost:46439|client:localhost:40511|dataStream:localhost:44375|priority:0|startupRole:FOLLOWER]|listeners:[], old=null
2023-02-21 19:25:43,329 [s0-server-thread2] INFO  segmented.SegmentedRaftLogWorker (SegmentedRaftLogWorker.java:rollLogSegment(436)) - s0@group-ECF61963C484-SegmentedRaftLogWorker: Rolling segment log-0_57 to index:57
2023-02-21 19:25:43,330 [s0@group-ECF61963C484-SegmentedRaftLogWorker] TRACE util.FileUtils (LogUtils.java:runAndLog(49)) - Successfully ran Atomic Files.move /home/runner/work/ratis/ratis/ratis-test/target/test/data/90d2e47f/MiniRaftClusterWithRpcTypeGrpcAndDataStreamTypeNettyb33d0f7d/s0/29fbe4a6-54bc-4e76-9658-ecf61963c484/current/log_inprogress_0 to /home/runner/work/ratis/ratis/ratis-test/target/test/data/90d2e47f/MiniRaftClusterWithRpcTypeGrpcAndDataStreamTypeNettyb33d0f7d/s0/29fbe4a6-54bc-4e76-9658-ecf61963c484/current/log_0-57
2023-02-21 19:25:43,330 [s0@group-ECF61963C484-SegmentedRaftLogWorker] INFO  segmented.SegmentedRaftLogWorker (SegmentedRaftLogWorker.java:execute(592)) - s0@group-ECF61963C484-SegmentedRaftLogWorker: Rolled log segment from /home/runner/work/ratis/ratis/ratis-test/target/test/data/90d2e47f/MiniRaftClusterWithRpcTypeGrpcAndDataStreamTypeNettyb33d0f7d/s0/29fbe4a6-54bc-4e76-9658-ecf61963c484/current/log_inprogress_0 to /home/runner/work/ratis/ratis/ratis-test/target/test/data/90d2e47f/MiniRaftClusterWithRpcTypeGrpcAndDataStreamTypeNettyb33d0f7d/s0/29fbe4a6-54bc-4e76-9658-ecf61963c484/current/log_0-57
2023-02-21 19:25:43,334 [s2@group-ECF61963C484-SegmentedRaftLogWorker] TRACE util.FileUtils (LogUtils.java:runAndLog(49)) - Successfully ran Atomic Files.move /home/runner/work/ratis/ratis/ratis-test/target/test/data/90d2e47f/MiniRaftClusterWithRpcTypeGrpcAndDataStreamTypeNettyb33d0f7d/s2/29fbe4a6-54bc-4e76-9658-ecf61963c484/current/log_inprogress_0 to /home/runner/work/ratis/ratis/ratis-test/target/test/data/90d2e47f/MiniRaftClusterWithRpcTypeGrpcAndDataStreamTypeNettyb33d0f7d/s2/29fbe4a6-54bc-4e76-9658-ecf61963c484/current/log_0-57
2023-02-21 19:25:43,334 [s2@group-ECF61963C484-SegmentedRaftLogWorker] INFO  segmented.SegmentedRaftLogWorker (SegmentedRaftLogWorker.java:execute(592)) - s2@group-ECF61963C484-SegmentedRaftLogWorker: Rolled log segment from /home/runner/work/ratis/ratis/ratis-test/target/test/data/90d2e47f/MiniRaftClusterWithRpcTypeGrpcAndDataStreamTypeNettyb33d0f7d/s2/29fbe4a6-54bc-4e76-9658-ecf61963c484/current/log_inprogress_0 to /home/runner/work/ratis/ratis/ratis-test/target/test/data/90d2e47f/MiniRaftClusterWithRpcTypeGrpcAndDataStreamTypeNettyb33d0f7d/s2/29fbe4a6-54bc-4e76-9658-ecf61963c484/current/log_0-57
2023-02-21 19:25:43,352 [s2@group-ECF61963C484-SegmentedRaftLogWorker] INFO  segmented.SegmentedRaftLogWorker (SegmentedRaftLogWorker.java:execute(635)) - s2@group-ECF61963C484-SegmentedRaftLogWorker: created new log segment /home/runner/work/ratis/ratis/ratis-test/target/test/data/90d2e47f/MiniRaftClusterWithRpcTypeGrpcAndDataStreamTypeNettyb33d0f7d/s2/29fbe4a6-54bc-4e76-9658-ecf61963c484/current/log_inprogress_58
2023-02-21 19:25:43,353 [s0@group-ECF61963C484-SegmentedRaftLogWorker] INFO  segmented.SegmentedRaftLogWorker (SegmentedRaftLogWorker.java:execute(635)) - s0@group-ECF61963C484-SegmentedRaftLogWorker: created new log segment /home/runner/work/ratis/ratis/ratis-test/target/test/data/90d2e47f/MiniRaftClusterWithRpcTypeGrpcAndDataStreamTypeNettyb33d0f7d/s0/29fbe4a6-54bc-4e76-9658-ecf61963c484/current/log_inprogress_58
2023-02-21 19:25:43,361 [s1-client-thread1] INFO  statemachine.StateMachine (DataStreamTestUtils.java:link(157)) - link SingleDataStream: writeRequest=RaftClientRequest:client-43FD34D4BC38->s2@group-ECF61963C484, cid=407, seq=0, DataStream, Message:<EMPTY>, logEntry=null
2023-02-21 19:25:43,362 [s1-client-thread1] INFO  statemachine.StateMachine (DataStreamTestUtils.java:link(157)) - link SingleDataStream: writeRequest=RaftClientRequest:client-43FD34D4BC38->s2@group-ECF61963C484, cid=396, seq=0, DataStream, Message:<EMPTY>, logEntry=null
2023-02-21 19:25:43,363 [s1-client-thread1] INFO  statemachine.StateMachine (DataStreamTestUtils.java:link(157)) - link SingleDataStream: writeRequest=RaftClientRequest:client-43FD34D4BC38->s2@group-ECF61963C484, cid=408, seq=0, DataStream, Message:<EMPTY>, logEntry=null
2023-02-21 19:25:43,364 [s1-client-thread1] INFO  statemachine.StateMachine (DataStreamTestUtils.java:link(157)) - link SingleDataStream: writeRequest=RaftClientRequest:client-43FD34D4BC38->s2@group-ECF61963C484, cid=409, seq=0, DataStream, Message:<EMPTY>, logEntry=null
2023-02-21 19:25:43,364 [s1-client-thread1] INFO  statemachine.StateMachine (DataStreamTestUtils.java:link(157)) - link SingleDataStream: writeRequest=RaftClientRequest:client-43FD34D4BC38->s2@group-ECF61963C484, cid=410, seq=0, DataStream, Message:<EMPTY>, logEntry=null
2023-02-21 19:25:43,365 [s0-server-thread1] INFO  statemachine.StateMachine (DataStreamTestUtils.java:link(157)) - link SingleDataStream: writeRequest=RaftClientRequest:client-43FD34D4BC38->s2@group-ECF61963C484, cid=407, seq=0, DataStream, Message:<EMPTY>, logEntry=null
2023-02-21 19:25:43,366 [s2-server-thread2] INFO  statemachine.StateMachine (DataStreamTestUtils.java:link(157)) - link SingleDataStream: writeRequest=RaftClientRequest:client-43FD34D4BC38->s2@group-ECF61963C484, cid=407, seq=0, DataStream, Message:<EMPTY>, logEntry=null
2023-02-21 19:25:43,366 [s1-client-thread1] INFO  statemachine.StateMachine (DataStreamTestUtils.java:link(157)) - link SingleDataStream: writeRequest=RaftClientRequest:client-43FD34D4BC38->s2@group-ECF61963C484, cid=412, seq=0, DataStream, Message:<EMPTY>, logEntry=null
2023-02-21 19:25:43,366 [s2-server-thread2] INFO  statemachine.StateMachine (DataStreamTestUtils.java:link(157)) - link SingleDataStream: writeRequest=RaftClientRequest:client-43FD34D4BC38->s2@group-ECF61963C484, cid=396, seq=0, DataStream, Message:<EMPTY>, logEntry=null
2023-02-21 19:25:43,366 [s0-server-thread1] INFO  statemachine.StateMachine (DataStreamTestUtils.java:link(157)) - link SingleDataStream: writeRequest=RaftClientRequest:client-43FD34D4BC38->s2@group-ECF61963C484, cid=396, seq=0, DataStream, Message:<EMPTY>, logEntry=null
2023-02-21 19:25:43,367 [s2-server-thread2] INFO  statemachine.StateMachine (DataStreamTestUtils.java:link(157)) - link SingleDataStream: writeRequest=RaftClientRequest:client-43FD34D4BC38->s2@group-ECF61963C484, cid=408, seq=0, DataStream, Message:<EMPTY>, logEntry=null
2023-02-21 19:25:43,367 [s0-server-thread1] INFO  statemachine.StateMachine (DataStreamTestUtils.java:link(157)) - link SingleDataStream: writeRequest=RaftClientRequest:client-43FD34D4BC38->s2@group-ECF61963C484, cid=408, seq=0, DataStream, Message:<EMPTY>, logEntry=null
2023-02-21 19:25:43,367 [s2-server-thread2] INFO  statemachine.StateMachine (DataStreamTestUtils.java:link(157)) - link SingleDataStream: writeRequest=RaftClientRequest:client-43FD34D4BC38->s2@group-ECF61963C484, cid=409, seq=0, DataStream, Message:<EMPTY>, logEntry=null
2023-02-21 19:25:43,368 [s1-client-thread1] INFO  statemachine.StateMachine (DataStreamTestUtils.java:link(157)) - link SingleDataStream: writeRequest=RaftClientRequest:client-43FD34D4BC38->s2@group-ECF61963C484, cid=413, seq=0, DataStream, Message:<EMPTY>, logEntry=null
2023-02-21 19:25:43,368 [s0-server-thread1] INFO  statemachine.StateMachine (DataStreamTestUtils.java:link(157)) - link SingleDataStream: writeRequest=RaftClientRequest:client-43FD34D4BC38->s2@group-ECF61963C484, cid=409, seq=0, DataStream, Message:<EMPTY>, logEntry=null
2023-02-21 19:25:43,368 [s0-server-thread1] INFO  statemachine.StateMachine (DataStreamTestUtils.java:link(157)) - link SingleDataStream: writeRequest=RaftClientRequest:client-43FD34D4BC38->s2@group-ECF61963C484, cid=410, seq=0, DataStream, Message:<EMPTY>, logEntry=null
2023-02-21 19:25:43,368 [s2-server-thread2] INFO  statemachine.StateMachine (DataStreamTestUtils.java:link(157)) - link SingleDataStream: writeRequest=RaftClientRequest:client-43FD34D4BC38->s2@group-ECF61963C484, cid=410, seq=0, DataStream, Message:<EMPTY>, logEntry=null
2023-02-21 19:25:43,368 [s1-client-thread1] INFO  statemachine.StateMachine (DataStreamTestUtils.java:link(157)) - link SingleDataStream: writeRequest=RaftClientRequest:client-43FD34D4BC38->s2@group-ECF61963C484, cid=414, seq=0, DataStream, Message:<EMPTY>, logEntry=null
2023-02-21 19:25:43,369 [s0-server-thread1] INFO  statemachine.StateMachine (DataStreamTestUtils.java:link(157)) - link SingleDataStream: writeRequest=RaftClientRequest:client-43FD34D4BC38->s2@group-ECF61963C484, cid=412, seq=0, DataStream, Message:<EMPTY>, logEntry=null
2023-02-21 19:25:43,369 [s2-server-thread2] INFO  statemachine.StateMachine (DataStreamTestUtils.java:link(157)) - link SingleDataStream: writeRequest=RaftClientRequest:client-43FD34D4BC38->s2@group-ECF61963C484, cid=412, seq=0, DataStream, Message:<EMPTY>, logEntry=null
2023-02-21 19:25:43,369 [s1-client-thread1] INFO  statemachine.StateMachine (DataStreamTestUtils.java:link(157)) - link SingleDataStream: writeRequest=RaftClientRequest:client-43FD34D4BC38->s2@group-ECF61963C484, cid=411, seq=0, DataStream, Message:<EMPTY>, logEntry=null
2023-02-21 19:25:43,370 [s0-server-thread1] INFO  statemachine.StateMachine (DataStreamTestUtils.java:link(157)) - link SingleDataStream: writeRequest=RaftClientRequest:client-43FD34D4BC38->s2@group-ECF61963C484, cid=413, seq=0, DataStream, Message:<EMPTY>, logEntry=null
2023-02-21 19:25:43,370 [s0-server-thread1] INFO  statemachine.StateMachine (DataStreamTestUtils.java:link(157)) - link SingleDataStream: writeRequest=RaftClientRequest:client-43FD34D4BC38->s2@group-ECF61963C484, cid=414, seq=0, DataStream, Message:<EMPTY>, logEntry=null
2023-02-21 19:25:43,370 [s1-client-thread1] INFO  statemachine.StateMachine (DataStreamTestUtils.java:link(157)) - link SingleDataStream: writeRequest=RaftClientRequest:client-43FD34D4BC38->s2@group-ECF61963C484, cid=415, seq=0, DataStream, Message:<EMPTY>, logEntry=null
2023-02-21 19:25:43,370 [s2-server-thread2] INFO  statemachine.StateMachine (DataStreamTestUtils.java:link(157)) - link SingleDataStream: writeRequest=RaftClientRequest:client-43FD34D4BC38->s2@group-ECF61963C484, cid=413, seq=0, DataStream, Message:<EMPTY>, logEntry=null
2023-02-21 19:25:43,371 [s0-server-thread1] INFO  statemachine.StateMachine (DataStreamTestUtils.java:link(157)) - link SingleDataStream: writeRequest=RaftClientRequest:client-43FD34D4BC38->s2@group-ECF61963C484, cid=411, seq=0, DataStream, Message:<EMPTY>, logEntry=null
2023-02-21 19:25:43,371 [s0-server-thread1] INFO  statemachine.StateMachine (DataStreamTestUtils.java:link(157)) - link SingleDataStream: writeRequest=RaftClientRequest:client-43FD34D4BC38->s2@group-ECF61963C484, cid=415, seq=0, DataStream, Message:<EMPTY>, logEntry=null
2023-02-21 19:25:43,372 [s2-server-thread2] INFO  statemachine.StateMachine (DataStreamTestUtils.java:link(157)) - link SingleDataStream: writeRequest=RaftClientRequest:client-43FD34D4BC38->s2@group-ECF61963C484, cid=414, seq=0, DataStream, Message:<EMPTY>, logEntry=null
2023-02-21 19:25:43,373 [s2-server-thread2] INFO  statemachine.StateMachine (DataStreamTestUtils.java:link(157)) - link SingleDataStream: writeRequest=RaftClientRequest:client-43FD34D4BC38->s2@group-ECF61963C484, cid=411, seq=0, DataStream, Message:<EMPTY>, logEntry=null
2023-02-21 19:25:43,374 [s2-server-thread1] INFO  statemachine.StateMachine (DataStreamTestUtils.java:link(157)) - link SingleDataStream: writeRequest=RaftClientRequest:client-43FD34D4BC38->s2@group-ECF61963C484, cid=415, seq=0, DataStream, Message:<EMPTY>, logEntry=null
2023-02-21 19:25:43,390 [pool-9-thread-13] INFO  datastream.DataStreamTestUtils (DataStreamTestUtils.java:writeAndCloseAndAssertReplies(311)) - start Stream416
2023-02-21 19:25:43,390 [pool-9-thread-12] INFO  datastream.DataStreamTestUtils (DataStreamTestUtils.java:writeAndCloseAndAssertReplies(311)) - start Stream417
2023-02-21 19:25:43,393 [pool-9-thread-10] INFO  datastream.DataStreamTestUtils (DataStreamTestUtils.java:writeAndCloseAndAssertReplies(311)) - start Stream418
2023-02-21 19:25:43,404 [pool-9-thread-11] INFO  datastream.DataStreamTestUtils (DataStreamTestUtils.java:writeAndCloseAndAssertReplies(311)) - start Stream419
2023-02-21 19:25:43,408 [pool-9-thread-3] INFO  datastream.DataStreamTestUtils (DataStreamTestUtils.java:writeAndCloseAndAssertReplies(311)) - start Stream420
2023-02-21 19:25:43,430 [pool-9-thread-5] INFO  datastream.DataStreamTestUtils (DataStreamTestUtils.java:writeAndCloseAndAssertReplies(311)) - start Stream421
2023-02-21 19:25:43,435 [pool-9-thread-14] INFO  datastream.DataStreamTestUtils (DataStreamTestUtils.java:writeAndCloseAndAssertReplies(311)) - start Stream422
2023-02-21 19:25:43,441 [pool-9-thread-16] INFO  datastream.DataStreamTestUtils (DataStreamTestUtils.java:writeAndCloseAndAssertReplies(311)) - start Stream423
2023-02-21 19:25:43,445 [pool-9-thread-15] INFO  datastream.DataStreamTestUtils (DataStreamTestUtils.java:writeAndCloseAndAssertReplies(311)) - start Stream424
2023-02-21 19:25:43,449 [pool-9-thread-8] INFO  datastream.DataStreamTestUtils (DataStreamTestUtils.java:writeAndCloseAndAssertReplies(311)) - start Stream425
2023-02-21 19:25:43,469 [pool-9-thread-13] INFO  datastream.DataStreamTestUtils (DataStreamTestUtils.java:writeAndCloseAndAssertReplies(320)) - Stream416: bytesWritten=807367
2023-02-21 19:25:43,470 [pool-9-thread-12] INFO  datastream.DataStreamTestUtils (DataStreamTestUtils.java:writeAndCloseAndAssertReplies(320)) - Stream417: bytesWritten=740699
2023-02-21 19:25:43,491 [pool-9-thread-6] INFO  datastream.DataStreamTestUtils (DataStreamTestUtils.java:writeAndCloseAndAssertReplies(311)) - start Stream426
2023-02-21 19:25:43,509 [pool-9-thread-10] INFO  datastream.DataStreamTestUtils (DataStreamTestUtils.java:writeAndCloseAndAssertReplies(320)) - Stream418: bytesWritten=726875
2023-02-21 19:25:43,517 [pool-9-thread-11] INFO  datastream.DataStreamTestUtils (DataStreamTestUtils.java:writeAndCloseAndAssertReplies(320)) - Stream419: bytesWritten=772011
2023-02-21 19:25:43,528 [pool-9-thread-3] INFO  datastream.DataStreamTestUtils (DataStreamTestUtils.java:writeAndCloseAndAssertReplies(320)) - Stream420: bytesWritten=697307
2023-02-21 19:25:43,528 [pool-9-thread-5] INFO  datastream.DataStreamTestUtils (DataStreamTestUtils.java:writeAndCloseAndAssertReplies(320)) - Stream421: bytesWritten=750391
2023-02-21 19:25:43,528 [pool-9-thread-16] INFO  datastream.DataStreamTestUtils (DataStreamTestUtils.java:writeAndCloseAndAssertReplies(320)) - Stream423: bytesWritten=726650
2023-02-21 19:25:43,528 [pool-9-thread-14] INFO  datastream.DataStreamTestUtils (DataStreamTestUtils.java:writeAndCloseAndAssertReplies(320)) - Stream422: bytesWritten=715856
2023-02-21 19:25:43,537 [pool-9-thread-15] INFO  datastream.DataStreamTestUtils (DataStreamTestUtils.java:writeAndCloseAndAssertReplies(320)) - Stream424: bytesWritten=738721
2023-02-21 19:25:43,537 [pool-9-thread-8] INFO  datastream.DataStreamTestUtils (DataStreamTestUtils.java:writeAndCloseAndAssertReplies(320)) - Stream425: bytesWritten=784192
2023-02-21 19:25:43,605 [s1-client-thread1] INFO  statemachine.StateMachine (DataStreamTestUtils.java:link(157)) - link SingleDataStream: writeRequest=RaftClientRequest:client-FB52C8DAD3FE->s0@group-ECF61963C484, cid=417, seq=0, DataStream, Message:<EMPTY>, logEntry=null
2023-02-21 19:25:43,606 [s1-client-thread1] INFO  statemachine.StateMachine (DataStreamTestUtils.java:link(157)) - link SingleDataStream: writeRequest=RaftClientRequest:client-FB52C8DAD3FE->s0@group-ECF61963C484, cid=416, seq=0, DataStream, Message:<EMPTY>, logEntry=null
2023-02-21 19:25:43,607 [s1-client-thread1] INFO  statemachine.StateMachine (DataStreamTestUtils.java:link(157)) - link SingleDataStream: writeRequest=RaftClientRequest:client-FB52C8DAD3FE->s0@group-ECF61963C484, cid=418, seq=0, DataStream, Message:<EMPTY>, logEntry=null
2023-02-21 19:25:43,607 [s1-client-thread1] INFO  statemachine.StateMachine (DataStreamTestUtils.java:link(157)) - link SingleDataStream: writeRequest=RaftClientRequest:client-FB52C8DAD3FE->s0@group-ECF61963C484, cid=419, seq=0, DataStream, Message:<EMPTY>, logEntry=null
2023-02-21 19:25:43,608 [s1-client-thread1] INFO  statemachine.StateMachine (DataStreamTestUtils.java:link(157)) - link SingleDataStream: writeRequest=RaftClientRequest:client-FB52C8DAD3FE->s0@group-ECF61963C484, cid=420, seq=0, DataStream, Message:<EMPTY>, logEntry=null
2023-02-21 19:25:43,609 [s1-client-thread1] INFO  statemachine.StateMachine (DataStreamTestUtils.java:link(157)) - link SingleDataStream: writeRequest=RaftClientRequest:client-FB52C8DAD3FE->s0@group-ECF61963C484, cid=423, seq=0, DataStream, Message:<EMPTY>, logEntry=null
2023-02-21 19:25:43,610 [s2-server-thread5] INFO  statemachine.StateMachine (DataStreamTestUtils.java:link(157)) - link SingleDataStream: writeRequest=RaftClientRequest:client-FB52C8DAD3FE->s0@group-ECF61963C484, cid=417, seq=0, DataStream, Message:<EMPTY>, logEntry=null
2023-02-21 19:25:43,610 [s0-server-thread3] INFO  statemachine.StateMachine (DataStreamTestUtils.java:link(157)) - link SingleDataStream: writeRequest=RaftClientRequest:client-FB52C8DAD3FE->s0@group-ECF61963C484, cid=417, seq=0, DataStream, Message:<EMPTY>, logEntry=null
2023-02-21 19:25:43,611 [s1-client-thread1] INFO  statemachine.StateMachine (DataStreamTestUtils.java:link(157)) - link SingleDataStream: writeRequest=RaftClientRequest:client-FB52C8DAD3FE->s0@group-ECF61963C484, cid=422, seq=0, DataStream, Message:<EMPTY>, logEntry=null
2023-02-21 19:25:43,612 [s1-client-thread1] INFO  statemachine.StateMachine (DataStreamTestUtils.java:link(157)) - link SingleDataStream: writeRequest=RaftClientRequest:client-FB52C8DAD3FE->s0@group-ECF61963C484, cid=421, seq=0, DataStream, Message:<EMPTY>, logEntry=null
2023-02-21 19:25:43,613 [s1-client-thread1] INFO  statemachine.StateMachine (DataStreamTestUtils.java:link(157)) - link SingleDataStream: writeRequest=RaftClientRequest:client-FB52C8DAD3FE->s0@group-ECF61963C484, cid=424, seq=0, DataStream, Message:<EMPTY>, logEntry=null
2023-02-21 19:25:43,616 [s1-client-thread2] INFO  statemachine.StateMachine (DataStreamTestUtils.java:link(157)) - link SingleDataStream: writeRequest=RaftClientRequest:client-FB52C8DAD3FE->s0@group-ECF61963C484, cid=425, seq=0, DataStream, Message:<EMPTY>, logEntry=null
2023-02-21 19:25:43,617 [s2-server-thread5] INFO  statemachine.StateMachine (DataStreamTestUtils.java:link(157)) - link SingleDataStream: writeRequest=RaftClientRequest:client-FB52C8DAD3FE->s0@group-ECF61963C484, cid=416, seq=0, DataStream, Message:<EMPTY>, logEntry=null
2023-02-21 19:25:43,619 [pool-9-thread-12] INFO  datastream.DataStreamTestUtils (DataStreamTestUtils.java:writeAndCloseAndAssertReplies(311)) - start Stream427
2023-02-21 19:25:43,622 [s2-server-thread3] INFO  statemachine.StateMachine (DataStreamTestUtils.java:link(157)) - link SingleDataStream: writeRequest=RaftClientRequest:client-FB52C8DAD3FE->s0@group-ECF61963C484, cid=418, seq=0, DataStream, Message:<EMPTY>, logEntry=null
2023-02-21 19:25:43,623 [s2-server-thread3] INFO  statemachine.StateMachine (DataStreamTestUtils.java:link(157)) - link SingleDataStream: writeRequest=RaftClientRequest:client-FB52C8DAD3FE->s0@group-ECF61963C484, cid=419, seq=0, DataStream, Message:<EMPTY>, logEntry=null
2023-02-21 19:25:43,618 [s0-server-thread3] INFO  statemachine.StateMachine (DataStreamTestUtils.java:link(157)) - link SingleDataStream: writeRequest=RaftClientRequest:client-FB52C8DAD3FE->s0@group-ECF61963C484, cid=416, seq=0, DataStream, Message:<EMPTY>, logEntry=null
2023-02-21 19:25:43,625 [s0-server-thread3] INFO  statemachine.StateMachine (DataStreamTestUtils.java:link(157)) - link SingleDataStream: writeRequest=RaftClientRequest:client-FB52C8DAD3FE->s0@group-ECF61963C484, cid=418, seq=0, DataStream, Message:<EMPTY>, logEntry=null
2023-02-21 19:25:43,626 [pool-9-thread-13] INFO  datastream.DataStreamTestUtils (DataStreamTestUtils.java:writeAndCloseAndAssertReplies(311)) - start Stream428
2023-02-21 19:25:43,629 [s0-server-thread1] INFO  statemachine.StateMachine (DataStreamTestUtils.java:link(157)) - link SingleDataStream: writeRequest=RaftClientRequest:client-FB52C8DAD3FE->s0@group-ECF61963C484, cid=419, seq=0, DataStream, Message:<EMPTY>, logEntry=null
2023-02-21 19:25:43,630 [s2-server-thread3] INFO  statemachine.StateMachine (DataStreamTestUtils.java:link(157)) - link SingleDataStream: writeRequest=RaftClientRequest:client-FB52C8DAD3FE->s0@group-ECF61963C484, cid=420, seq=0, DataStream, Message:<EMPTY>, logEntry=null
2023-02-21 19:25:43,631 [s2-server-thread5] INFO  statemachine.StateMachine (DataStreamTestUtils.java:link(157)) - link SingleDataStream: writeRequest=RaftClientRequest:client-FB52C8DAD3FE->s0@group-ECF61963C484, cid=423, seq=0, DataStream, Message:<EMPTY>, logEntry=null
2023-02-21 19:25:43,632 [s0-server-thread3] INFO  statemachine.StateMachine (DataStreamTestUtils.java:link(157)) - link SingleDataStream: writeRequest=RaftClientRequest:client-FB52C8DAD3FE->s0@group-ECF61963C484, cid=420, seq=0, DataStream, Message:<EMPTY>, logEntry=null
2023-02-21 19:25:43,632 [pool-9-thread-10] INFO  datastream.DataStreamTestUtils (DataStreamTestUtils.java:writeAndCloseAndAssertReplies(311)) - start Stream429
2023-02-21 19:25:43,633 [s0-server-thread1] INFO  statemachine.StateMachine (DataStreamTestUtils.java:link(157)) - link SingleDataStream: writeRequest=RaftClientRequest:client-FB52C8DAD3FE->s0@group-ECF61963C484, cid=423, seq=0, DataStream, Message:<EMPTY>, logEntry=null
2023-02-21 19:25:43,634 [pool-9-thread-11] INFO  datastream.DataStreamTestUtils (DataStreamTestUtils.java:writeAndCloseAndAssertReplies(311)) - start Stream430
2023-02-21 19:25:43,638 [s2-server-thread3] INFO  statemachine.StateMachine (DataStreamTestUtils.java:link(157)) - link SingleDataStream: writeRequest=RaftClientRequest:client-FB52C8DAD3FE->s0@group-ECF61963C484, cid=422, seq=0, DataStream, Message:<EMPTY>, logEntry=null
2023-02-21 19:25:43,641 [pool-9-thread-3] INFO  datastream.DataStreamTestUtils (DataStreamTestUtils.java:writeAndCloseAndAssertReplies(311)) - start Stream431
2023-02-21 19:25:43,641 [s0-server-thread3] INFO  statemachine.StateMachine (DataStreamTestUtils.java:link(157)) - link SingleDataStream: writeRequest=RaftClientRequest:client-FB52C8DAD3FE->s0@group-ECF61963C484, cid=422, seq=0, DataStream, Message:<EMPTY>, logEntry=null
2023-02-21 19:25:43,647 [s2-server-thread3] INFO  statemachine.StateMachine (DataStreamTestUtils.java:link(157)) - link SingleDataStream: writeRequest=RaftClientRequest:client-FB52C8DAD3FE->s0@group-ECF61963C484, cid=421, seq=0, DataStream, Message:<EMPTY>, logEntry=null
2023-02-21 19:25:43,648 [s0-server-thread3] INFO  statemachine.StateMachine (DataStreamTestUtils.java:link(157)) - link SingleDataStream: writeRequest=RaftClientRequest:client-FB52C8DAD3FE->s0@group-ECF61963C484, cid=421, seq=0, DataStream, Message:<EMPTY>, logEntry=null
2023-02-21 19:25:43,649 [pool-9-thread-16] INFO  datastream.DataStreamTestUtils (DataStreamTestUtils.java:writeAndCloseAndAssertReplies(311)) - start Stream432
2023-02-21 19:25:43,654 [s2-server-thread3] INFO  statemachine.StateMachine (DataStreamTestUtils.java:link(157)) - link SingleDataStream: writeRequest=RaftClientRequest:client-FB52C8DAD3FE->s0@group-ECF61963C484, cid=424, seq=0, DataStream, Message:<EMPTY>, logEntry=null
2023-02-21 19:25:43,654 [s0-server-thread3] INFO  statemachine.StateMachine (DataStreamTestUtils.java:link(157)) - link SingleDataStream: writeRequest=RaftClientRequest:client-FB52C8DAD3FE->s0@group-ECF61963C484, cid=424, seq=0, DataStream, Message:<EMPTY>, logEntry=null
2023-02-21 19:25:43,655 [s2-server-thread5] INFO  statemachine.StateMachine (DataStreamTestUtils.java:link(157)) - link SingleDataStream: writeRequest=RaftClientRequest:client-FB52C8DAD3FE->s0@group-ECF61963C484, cid=425, seq=0, DataStream, Message:<EMPTY>, logEntry=null
2023-02-21 19:25:43,655 [pool-9-thread-14] INFO  datastream.DataStreamTestUtils (DataStreamTestUtils.java:writeAndCloseAndAssertReplies(311)) - start Stream433
2023-02-21 19:25:43,656 [s0-server-thread3] INFO  statemachine.StateMachine (DataStreamTestUtils.java:link(157)) - link SingleDataStream: writeRequest=RaftClientRequest:client-FB52C8DAD3FE->s0@group-ECF61963C484, cid=425, seq=0, DataStream, Message:<EMPTY>, logEntry=null
2023-02-21 19:25:43,657 [pool-9-thread-5] INFO  datastream.DataStreamTestUtils (DataStreamTestUtils.java:writeAndCloseAndAssertReplies(311)) - start Stream434
2023-02-21 19:25:43,674 [pool-9-thread-15] INFO  datastream.DataStreamTestUtils (DataStreamTestUtils.java:writeAndCloseAndAssertReplies(311)) - start Stream435
2023-02-21 19:25:43,679 [pool-9-thread-8] INFO  datastream.DataStreamTestUtils (DataStreamTestUtils.java:writeAndCloseAndAssertReplies(311)) - start Stream436
2023-02-21 19:25:43,714 [pool-9-thread-7] INFO  datastream.DataStreamTestUtils (DataStreamTestUtils.java:writeAndCloseAndAssertReplies(311)) - start Stream437
2023-02-21 19:25:43,714 [pool-9-thread-1] INFO  datastream.DataStreamTestUtils (DataStreamTestUtils.java:writeAndCloseAndAssertReplies(311)) - start Stream438
2023-02-21 19:25:45,403 [JvmPauseMonitor5] WARN  util.JvmPauseMonitor (JvmPauseMonitor.java:detectPause(126)) - JvmPauseMonitor-s1: Detected pause in JVM or host machine (eg GC): pause of approximately 116262444ns.
GC pool 'G1 Young Generation' had collection(s): count=1 time=96ms
2023-02-21 19:25:45,403 [JvmPauseMonitor4] WARN  util.JvmPauseMonitor (JvmPauseMonitor.java:detectPause(126)) - JvmPauseMonitor-s0: Detected pause in JVM or host machine (eg GC): pause of approximately 116627371ns.
GC pool 'G1 Young Generation' had collection(s): count=1 time=96ms
2023-02-21 19:25:48,915 [pool-9-thread-6] INFO  datastream.DataStreamTestUtils (DataStreamTestUtils.java:writeAndCloseAndAssertReplies(320)) - Stream426: bytesWritten=3736951
2023-02-21 19:25:49,101 [Timer-2] INFO  impl.MiniRaftCluster (MiniRaftCluster.java:lambda$start$6(349)) - TIMED-PRINT: printing ALL groups
  s0:  RUNNING  FOLLOWER s0@group-ECF61963C484:t2, leader=s1, voted=s1, raftlog=Memoized:s0@group-ECF61963C484-SegmentedRaftLog:OPENED:c91, conf=58: peers:[s0|rpc:localhost:36399|admin:localhost:45573|client:localhost:36971|dataStream:localhost:43269|priority:0|startupRole:FOLLOWER, s1|rpc:localhost:45309|admin:localhost:41751|client:localhost:45149|dataStream:localhost:41895|priority:0|startupRole:FOLLOWER, s2|rpc:localhost:36685|admin:localhost:46439|client:localhost:40511|dataStream:localhost:44375|priority:0|startupRole:FOLLOWER]|listeners:[], old=null RUNNING
  s1:  RUNNING    LEADER s1@group-ECF61963C484:t2, leader=s1, voted=s1, raftlog=Memoized:s1@group-ECF61963C484-SegmentedRaftLog:OPENED:c91, conf=58: peers:[s0|rpc:localhost:36399|admin:localhost:45573|client:localhost:36971|dataStream:localhost:43269|priority:0|startupRole:FOLLOWER, s1|rpc:localhost:45309|admin:localhost:41751|client:localhost:45149|dataStream:localhost:41895|priority:0|startupRole:FOLLOWER, s2|rpc:localhost:36685|admin:localhost:46439|client:localhost:40511|dataStream:localhost:44375|priority:0|startupRole:FOLLOWER]|listeners:[], old=null RUNNING
  s2:  RUNNING  FOLLOWER s2@group-ECF61963C484:t2, leader=s1, voted=s1, raftlog=Memoized:s2@group-ECF61963C484-SegmentedRaftLog:OPENED:c91, conf=58: peers:[s0|rpc:localhost:36399|admin:localhost:45573|client:localhost:36971|dataStream:localhost:43269|priority:0|startupRole:FOLLOWER, s1|rpc:localhost:45309|admin:localhost:41751|client:localhost:45149|dataStream:localhost:41895|priority:0|startupRole:FOLLOWER, s2|rpc:localhost:36685|admin:localhost:46439|client:localhost:40511|dataStream:localhost:44375|priority:0|startupRole:FOLLOWER]|listeners:[], old=null RUNNING
2023-02-21 19:25:54,645 [pool-9-thread-12] INFO  datastream.DataStreamTestUtils (DataStreamTestUtils.java:writeAndCloseAndAssertReplies(320)) - Stream427: bytesWritten=3754397
2023-02-21 19:25:57,320 [pool-9-thread-14] INFO  datastream.DataStreamTestUtils (DataStreamTestUtils.java:writeAndCloseAndAssertReplies(320)) - Stream433: bytesWritten=3759668
2023-02-21 19:25:57,328 [pool-9-thread-5] INFO  datastream.DataStreamTestUtils (DataStreamTestUtils.java:writeAndCloseAndAssertReplies(320)) - Stream434: bytesWritten=3746755
2023-02-21 19:25:58,311 [pool-9-thread-3] INFO  datastream.DataStreamTestUtils (DataStreamTestUtils.java:writeAndCloseAndAssertReplies(320)) - Stream431: bytesWritten=3754228
2023-02-21 19:25:58,948 [pool-9-thread-13] INFO  datastream.DataStreamTestUtils (DataStreamTestUtils.java:writeAndCloseAndAssertReplies(320)) - Stream428: bytesWritten=3753001
2023-02-21 19:25:59,102 [Timer-2] INFO  impl.MiniRaftCluster (MiniRaftCluster.java:lambda$start$6(349)) - TIMED-PRINT: printing ALL groups
  s0:  RUNNING  FOLLOWER s0@group-ECF61963C484:t2, leader=s1, voted=s1, raftlog=Memoized:s0@group-ECF61963C484-SegmentedRaftLog:OPENED:c91, conf=58: peers:[s0|rpc:localhost:36399|admin:localhost:45573|client:localhost:36971|dataStream:localhost:43269|priority:0|startupRole:FOLLOWER, s1|rpc:localhost:45309|admin:localhost:41751|client:localhost:45149|dataStream:localhost:41895|priority:0|startupRole:FOLLOWER, s2|rpc:localhost:36685|admin:localhost:46439|client:localhost:40511|dataStream:localhost:44375|priority:0|startupRole:FOLLOWER]|listeners:[], old=null RUNNING
  s1:  RUNNING    LEADER s1@group-ECF61963C484:t2, leader=s1, voted=s1, raftlog=Memoized:s1@group-ECF61963C484-SegmentedRaftLog:OPENED:c91, conf=58: peers:[s0|rpc:localhost:36399|admin:localhost:45573|client:localhost:36971|dataStream:localhost:43269|priority:0|startupRole:FOLLOWER, s1|rpc:localhost:45309|admin:localhost:41751|client:localhost:45149|dataStream:localhost:41895|priority:0|startupRole:FOLLOWER, s2|rpc:localhost:36685|admin:localhost:46439|client:localhost:40511|dataStream:localhost:44375|priority:0|startupRole:FOLLOWER]|listeners:[], old=null RUNNING
  s2:  RUNNING  FOLLOWER s2@group-ECF61963C484:t2, leader=s1, voted=s1, raftlog=Memoized:s2@group-ECF61963C484-SegmentedRaftLog:OPENED:c91, conf=58: peers:[s0|rpc:localhost:36399|admin:localhost:45573|client:localhost:36971|dataStream:localhost:43269|priority:0|startupRole:FOLLOWER, s1|rpc:localhost:45309|admin:localhost:41751|client:localhost:45149|dataStream:localhost:41895|priority:0|startupRole:FOLLOWER, s2|rpc:localhost:36685|admin:localhost:46439|client:localhost:40511|dataStream:localhost:44375|priority:0|startupRole:FOLLOWER]|listeners:[], old=null RUNNING
2023-02-21 19:25:59,136 [pool-9-thread-16] INFO  datastream.DataStreamTestUtils (DataStreamTestUtils.java:writeAndCloseAndAssertReplies(320)) - Stream432: bytesWritten=3732760
2023-02-21 19:25:59,568 [pool-9-thread-11] INFO  datastream.DataStreamTestUtils (DataStreamTestUtils.java:writeAndCloseAndAssertReplies(320)) - Stream430: bytesWritten=3737264
2023-02-21 19:26:00,318 [pool-9-thread-15] INFO  datastream.DataStreamTestUtils (DataStreamTestUtils.java:writeAndCloseAndAssertReplies(320)) - Stream435: bytesWritten=3742888
2023-02-21 19:26:00,438 [s1-client-thread2] INFO  statemachine.StateMachine (DataStreamTestUtils.java:link(157)) - link SingleDataStream: writeRequest=RaftClientRequest:client-8A0E3AB17445->s2@group-ECF61963C484, cid=433, seq=0, DataStream, Message:<EMPTY>, logEntry=null
2023-02-21 19:26:00,440 [s0-server-thread3] INFO  statemachine.StateMachine (DataStreamTestUtils.java:link(157)) - link SingleDataStream: writeRequest=RaftClientRequest:client-8A0E3AB17445->s2@group-ECF61963C484, cid=433, seq=0, DataStream, Message:<EMPTY>, logEntry=null
2023-02-21 19:26:00,441 [s2-server-thread5] INFO  statemachine.StateMachine (DataStreamTestUtils.java:link(157)) - link SingleDataStream: writeRequest=RaftClientRequest:client-8A0E3AB17445->s2@group-ECF61963C484, cid=433, seq=0, DataStream, Message:<EMPTY>, logEntry=null
2023-02-21 19:26:00,445 [s1-client-thread2] INFO  statemachine.StateMachine (DataStreamTestUtils.java:link(157)) - link SingleDataStream: writeRequest=RaftClientRequest:client-8A0E3AB17445->s2@group-ECF61963C484, cid=431, seq=0, DataStream, Message:<EMPTY>, logEntry=null
2023-02-21 19:26:00,447 [pool-9-thread-14] INFO  datastream.DataStreamTestUtils (DataStreamTestUtils.java:writeAndCloseAndAssertReplies(311)) - start Stream439
2023-02-21 19:26:00,448 [s0-server-thread3] INFO  statemachine.StateMachine (DataStreamTestUtils.java:link(157)) - link SingleDataStream: writeRequest=RaftClientRequest:client-8A0E3AB17445->s2@group-ECF61963C484, cid=431, seq=0, DataStream, Message:<EMPTY>, logEntry=null
2023-02-21 19:26:00,448 [s2-server-thread5] INFO  statemachine.StateMachine (DataStreamTestUtils.java:link(157)) - link SingleDataStream: writeRequest=RaftClientRequest:client-8A0E3AB17445->s2@group-ECF61963C484, cid=431, seq=0, DataStream, Message:<EMPTY>, logEntry=null
2023-02-21 19:26:00,449 [s1-client-thread2] INFO  statemachine.StateMachine (DataStreamTestUtils.java:link(157)) - link SingleDataStream: writeRequest=RaftClientRequest:client-8A0E3AB17445->s2@group-ECF61963C484, cid=430, seq=0, DataStream, Message:<EMPTY>, logEntry=null
2023-02-21 19:26:00,450 [s2-server-thread5] INFO  statemachine.StateMachine (DataStreamTestUtils.java:link(157)) - link SingleDataStream: writeRequest=RaftClientRequest:client-8A0E3AB17445->s2@group-ECF61963C484, cid=430, seq=0, DataStream, Message:<EMPTY>, logEntry=null
2023-02-21 19:26:00,451 [s0-server-thread3] INFO  statemachine.StateMachine (DataStreamTestUtils.java:link(157)) - link SingleDataStream: writeRequest=RaftClientRequest:client-8A0E3AB17445->s2@group-ECF61963C484, cid=430, seq=0, DataStream, Message:<EMPTY>, logEntry=null
2023-02-21 19:26:00,454 [s1-client-thread2] INFO  statemachine.StateMachine (DataStreamTestUtils.java:link(157)) - link SingleDataStream: writeRequest=RaftClientRequest:client-8A0E3AB17445->s2@group-ECF61963C484, cid=432, seq=0, DataStream, Message:<EMPTY>, logEntry=null
2023-02-21 19:26:00,456 [pool-9-thread-3] INFO  datastream.DataStreamTestUtils (DataStreamTestUtils.java:writeAndCloseAndAssertReplies(311)) - start Stream440
2023-02-21 19:26:00,462 [s2-server-thread5] INFO  statemachine.StateMachine (DataStreamTestUtils.java:link(157)) - link SingleDataStream: writeRequest=RaftClientRequest:client-8A0E3AB17445->s2@group-ECF61963C484, cid=432, seq=0, DataStream, Message:<EMPTY>, logEntry=null
2023-02-21 19:26:00,462 [s0-server-thread3] INFO  statemachine.StateMachine (DataStreamTestUtils.java:link(157)) - link SingleDataStream: writeRequest=RaftClientRequest:client-8A0E3AB17445->s2@group-ECF61963C484, cid=432, seq=0, DataStream, Message:<EMPTY>, logEntry=null
2023-02-21 19:26:00,464 [s1-client-thread2] INFO  statemachine.StateMachine (DataStreamTestUtils.java:link(157)) - link SingleDataStream: writeRequest=RaftClientRequest:client-8A0E3AB17445->s2@group-ECF61963C484, cid=428, seq=0, DataStream, Message:<EMPTY>, logEntry=null
2023-02-21 19:26:00,465 [pool-9-thread-11] INFO  datastream.DataStreamTestUtils (DataStreamTestUtils.java:writeAndCloseAndAssertReplies(311)) - start Stream441
2023-02-21 19:26:00,466 [s0-server-thread3] INFO  statemachine.StateMachine (DataStreamTestUtils.java:link(157)) - link SingleDataStream: writeRequest=RaftClientRequest:client-8A0E3AB17445->s2@group-ECF61963C484, cid=428, seq=0, DataStream, Message:<EMPTY>, logEntry=null
2023-02-21 19:26:00,467 [s2-server-thread5] INFO  statemachine.StateMachine (DataStreamTestUtils.java:link(157)) - link SingleDataStream: writeRequest=RaftClientRequest:client-8A0E3AB17445->s2@group-ECF61963C484, cid=428, seq=0, DataStream, Message:<EMPTY>, logEntry=null
2023-02-21 19:26:00,469 [s1-client-thread2] INFO  statemachine.StateMachine (DataStreamTestUtils.java:link(157)) - link SingleDataStream: writeRequest=RaftClientRequest:client-8A0E3AB17445->s2@group-ECF61963C484, cid=427, seq=0, DataStream, Message:<EMPTY>, logEntry=null
2023-02-21 19:26:00,472 [s1-client-thread2] INFO  statemachine.StateMachine (DataStreamTestUtils.java:link(157)) - link SingleDataStream: writeRequest=RaftClientRequest:client-8A0E3AB17445->s2@group-ECF61963C484, cid=426, seq=0, DataStream, Message:<EMPTY>, logEntry=null
2023-02-21 19:26:00,473 [pool-9-thread-16] INFO  datastream.DataStreamTestUtils (DataStreamTestUtils.java:writeAndCloseAndAssertReplies(311)) - start Stream442
2023-02-21 19:26:00,482 [s0-server-thread3] INFO  statemachine.StateMachine (DataStreamTestUtils.java:link(157)) - link SingleDataStream: writeRequest=RaftClientRequest:client-8A0E3AB17445->s2@group-ECF61963C484, cid=427, seq=0, DataStream, Message:<EMPTY>, logEntry=null
2023-02-21 19:26:00,483 [s2-server-thread5] INFO  statemachine.StateMachine (DataStreamTestUtils.java:link(157)) - link SingleDataStream: writeRequest=RaftClientRequest:client-8A0E3AB17445->s2@group-ECF61963C484, cid=427, seq=0, DataStream, Message:<EMPTY>, logEntry=null
2023-02-21 19:26:00,483 [pool-9-thread-13] INFO  datastream.DataStreamTestUtils (DataStreamTestUtils.java:writeAndCloseAndAssertReplies(311)) - start Stream443
2023-02-21 19:26:00,486 [s2-server-thread3] INFO  statemachine.StateMachine (DataStreamTestUtils.java:link(157)) - link SingleDataStream: writeRequest=RaftClientRequest:client-8A0E3AB17445->s2@group-ECF61963C484, cid=426, seq=0, DataStream, Message:<EMPTY>, logEntry=null
2023-02-21 19:26:00,490 [s0-server-thread3] INFO  statemachine.StateMachine (DataStreamTestUtils.java:link(157)) - link SingleDataStream: writeRequest=RaftClientRequest:client-8A0E3AB17445->s2@group-ECF61963C484, cid=426, seq=0, DataStream, Message:<EMPTY>, logEntry=null
2023-02-21 19:26:00,491 [s1-client-thread2] INFO  statemachine.StateMachine (DataStreamTestUtils.java:link(157)) - link SingleDataStream: writeRequest=RaftClientRequest:client-8A0E3AB17445->s2@group-ECF61963C484, cid=434, seq=0, DataStream, Message:<EMPTY>, logEntry=null
2023-02-21 19:26:00,493 [pool-9-thread-12] INFO  datastream.DataStreamTestUtils (DataStreamTestUtils.java:writeAndCloseAndAssertReplies(311)) - start Stream444
2023-02-21 19:26:00,494 [s1-client-thread2] INFO  statemachine.StateMachine (DataStreamTestUtils.java:link(157)) - link SingleDataStream: writeRequest=RaftClientRequest:client-8A0E3AB17445->s2@group-ECF61963C484, cid=435, seq=0, DataStream, Message:<EMPTY>, logEntry=null
2023-02-21 19:26:00,497 [pool-9-thread-6] INFO  datastream.DataStreamTestUtils (DataStreamTestUtils.java:writeAndCloseAndAssertReplies(311)) - start Stream445
2023-02-21 19:26:00,498 [s2-server-thread5] INFO  statemachine.StateMachine (DataStreamTestUtils.java:link(157)) - link SingleDataStream: writeRequest=RaftClientRequest:client-8A0E3AB17445->s2@group-ECF61963C484, cid=434, seq=0, DataStream, Message:<EMPTY>, logEntry=null
2023-02-21 19:26:00,498 [s0-server-thread3] INFO  statemachine.StateMachine (DataStreamTestUtils.java:link(157)) - link SingleDataStream: writeRequest=RaftClientRequest:client-8A0E3AB17445->s2@group-ECF61963C484, cid=434, seq=0, DataStream, Message:<EMPTY>, logEntry=null
2023-02-21 19:26:00,499 [s2-server-thread5] INFO  statemachine.StateMachine (DataStreamTestUtils.java:link(157)) - link SingleDataStream: writeRequest=RaftClientRequest:client-8A0E3AB17445->s2@group-ECF61963C484, cid=435, seq=0, DataStream, Message:<EMPTY>, logEntry=null
2023-02-21 19:26:00,499 [s0-server-thread3] INFO  statemachine.StateMachine (DataStreamTestUtils.java:link(157)) - link SingleDataStream: writeRequest=RaftClientRequest:client-8A0E3AB17445->s2@group-ECF61963C484, cid=435, seq=0, DataStream, Message:<EMPTY>, logEntry=null
2023-02-21 19:26:00,501 [pool-9-thread-5] INFO  datastream.DataStreamTestUtils (DataStreamTestUtils.java:writeAndCloseAndAssertReplies(311)) - start Stream446
2023-02-21 19:26:00,501 [pool-9-thread-15] INFO  datastream.DataStreamTestUtils (DataStreamTestUtils.java:writeAndCloseAndAssertReplies(311)) - start Stream447
2023-02-21 19:26:00,985 [pool-9-thread-7] INFO  datastream.DataStreamTestUtils (DataStreamTestUtils.java:writeAndCloseAndAssertReplies(320)) - Stream437: bytesWritten=3770181
2023-02-21 19:26:01,041 [pool-9-thread-8] INFO  datastream.DataStreamTestUtils (DataStreamTestUtils.java:writeAndCloseAndAssertReplies(320)) - Stream436: bytesWritten=3757344
2023-02-21 19:26:03,570 [pool-9-thread-1] INFO  datastream.DataStreamTestUtils (DataStreamTestUtils.java:writeAndCloseAndAssertReplies(320)) - Stream438: bytesWritten=3743502
2023-02-21 19:26:03,884 [pool-9-thread-10] INFO  datastream.DataStreamTestUtils (DataStreamTestUtils.java:writeAndCloseAndAssertReplies(320)) - Stream429: bytesWritten=3741535
2023-02-21 19:26:08,771 [pool-9-thread-15] INFO  datastream.DataStreamTestUtils (DataStreamTestUtils.java:writeAndCloseAndAssertReplies(320)) - Stream447: bytesWritten=3746727
2023-02-21 19:26:08,942 [s1-client-thread2] INFO  statemachine.StateMachine (DataStreamTestUtils.java:link(157)) - link SingleDataStream: writeRequest=RaftClientRequest:client-6292E99174B0->s0@group-ECF61963C484, cid=447, seq=0, DataStream, Message:<EMPTY>, logEntry=null
2023-02-21 19:26:08,943 [s2-server-thread3] INFO  statemachine.StateMachine (DataStreamTestUtils.java:link(157)) - link SingleDataStream: writeRequest=RaftClientRequest:client-6292E99174B0->s0@group-ECF61963C484, cid=447, seq=0, DataStream, Message:<EMPTY>, logEntry=null
2023-02-21 19:26:08,943 [s0-server-thread1] INFO  statemachine.StateMachine (DataStreamTestUtils.java:link(157)) - link SingleDataStream: writeRequest=RaftClientRequest:client-6292E99174B0->s0@group-ECF61963C484, cid=447, seq=0, DataStream, Message:<EMPTY>, logEntry=null
2023-02-21 19:26:08,945 [pool-9-thread-15] INFO  datastream.DataStreamTestUtils (DataStreamTestUtils.java:writeAndCloseAndAssertReplies(311)) - start Stream448
2023-02-21 19:26:09,102 [Timer-2] INFO  impl.MiniRaftCluster (MiniRaftCluster.java:lambda$start$6(349)) - TIMED-PRINT: printing ALL groups
  s0:  RUNNING  FOLLOWER s0@group-ECF61963C484:t2, leader=s1, voted=s1, raftlog=Memoized:s0@group-ECF61963C484-SegmentedRaftLog:OPENED:c110, conf=58: peers:[s0|rpc:localhost:36399|admin:localhost:45573|client:localhost:36971|dataStream:localhost:43269|priority:0|startupRole:FOLLOWER, s1|rpc:localhost:45309|admin:localhost:41751|client:localhost:45149|dataStream:localhost:41895|priority:0|startupRole:FOLLOWER, s2|rpc:localhost:36685|admin:localhost:46439|client:localhost:40511|dataStream:localhost:44375|priority:0|startupRole:FOLLOWER]|listeners:[], old=null RUNNING
  s1:  RUNNING    LEADER s1@group-ECF61963C484:t2, leader=s1, voted=s1, raftlog=Memoized:s1@group-ECF61963C484-SegmentedRaftLog:OPENED:c110, conf=58: peers:[s0|rpc:localhost:36399|admin:localhost:45573|client:localhost:36971|dataStream:localhost:43269|priority:0|startupRole:FOLLOWER, s1|rpc:localhost:45309|admin:localhost:41751|client:localhost:45149|dataStream:localhost:41895|priority:0|startupRole:FOLLOWER, s2|rpc:localhost:36685|admin:localhost:46439|client:localhost:40511|dataStream:localhost:44375|priority:0|startupRole:FOLLOWER]|listeners:[], old=null RUNNING
  s2:  RUNNING  FOLLOWER s2@group-ECF61963C484:t2, leader=s1, voted=s1, raftlog=Memoized:s2@group-ECF61963C484-SegmentedRaftLog:OPENED:c110, conf=58: peers:[s0|rpc:localhost:36399|admin:localhost:45573|client:localhost:36971|dataStream:localhost:43269|priority:0|startupRole:FOLLOWER, s1|rpc:localhost:45309|admin:localhost:41751|client:localhost:45149|dataStream:localhost:41895|priority:0|startupRole:FOLLOWER, s2|rpc:localhost:36685|admin:localhost:46439|client:localhost:40511|dataStream:localhost:44375|priority:0|startupRole:FOLLOWER]|listeners:[], old=null RUNNING
2023-02-21 19:26:09,342 [pool-9-thread-5] INFO  datastream.DataStreamTestUtils (DataStreamTestUtils.java:writeAndCloseAndAssertReplies(320)) - Stream446: bytesWritten=3716166
2023-02-21 19:26:09,597 [s1-client-thread2] INFO  statemachine.StateMachine (DataStreamTestUtils.java:link(157)) - link SingleDataStream: writeRequest=RaftClientRequest:client-6292E99174B0->s0@group-ECF61963C484, cid=446, seq=0, DataStream, Message:<EMPTY>, logEntry=null
2023-02-21 19:26:09,597 [s0-server-thread3] INFO  statemachine.StateMachine (DataStreamTestUtils.java:link(157)) - link SingleDataStream: writeRequest=RaftClientRequest:client-6292E99174B0->s0@group-ECF61963C484, cid=446, seq=0, DataStream, Message:<EMPTY>, logEntry=null
2023-02-21 19:26:09,600 [s2-server-thread5] INFO  statemachine.StateMachine (DataStreamTestUtils.java:link(157)) - link SingleDataStream: writeRequest=RaftClientRequest:client-6292E99174B0->s0@group-ECF61963C484, cid=446, seq=0, DataStream, Message:<EMPTY>, logEntry=null
2023-02-21 19:26:09,601 [pool-9-thread-5] INFO  datastream.DataStreamTestUtils (DataStreamTestUtils.java:writeAndCloseAndAssertReplies(311)) - start Stream449
2023-02-21 19:26:12,131 [pool-9-thread-14] INFO  datastream.DataStreamTestUtils (DataStreamTestUtils.java:writeAndCloseAndAssertReplies(320)) - Stream439: bytesWritten=3737854
2023-02-21 19:26:12,201 [pool-9-thread-11] INFO  datastream.DataStreamTestUtils (DataStreamTestUtils.java:writeAndCloseAndAssertReplies(320)) - Stream441: bytesWritten=3734460
2023-02-21 19:26:13,529 [pool-9-thread-12] INFO  datastream.DataStreamTestUtils (DataStreamTestUtils.java:writeAndCloseAndAssertReplies(320)) - Stream444: bytesWritten=3738541
2023-02-21 19:26:13,586 [pool-9-thread-6] INFO  datastream.DataStreamTestUtils (DataStreamTestUtils.java:writeAndCloseAndAssertReplies(320)) - Stream445: bytesWritten=3751402
2023-02-21 19:26:13,876 [s1-client-thread2] INFO  statemachine.StateMachine (DataStreamTestUtils.java:link(157)) - link SingleDataStream: writeRequest=RaftClientRequest:client-8A0E3AB17445->s2@group-ECF61963C484, cid=437, seq=0, DataStream, Message:<EMPTY>, logEntry=null
2023-02-21 19:26:13,877 [s0-server-thread3] INFO  statemachine.StateMachine (DataStreamTestUtils.java:link(157)) - link SingleDataStream: writeRequest=RaftClientRequest:client-8A0E3AB17445->s2@group-ECF61963C484, cid=437, seq=0, DataStream, Message:<EMPTY>, logEntry=null
2023-02-21 19:26:13,877 [s2-server-thread5] INFO  statemachine.StateMachine (DataStreamTestUtils.java:link(157)) - link SingleDataStream: writeRequest=RaftClientRequest:client-8A0E3AB17445->s2@group-ECF61963C484, cid=437, seq=0, DataStream, Message:<EMPTY>, logEntry=null
2023-02-21 19:26:13,879 [pool-9-thread-16] INFO  datastream.DataStreamTestUtils (DataStreamTestUtils.java:writeAndCloseAndAssertReplies(320)) - Stream442: bytesWritten=3753340
2023-02-21 19:26:13,880 [pool-9-thread-7] INFO  datastream.DataStreamTestUtils (DataStreamTestUtils.java:writeAndCloseAndAssertReplies(311)) - start Stream450
2023-02-21 19:26:13,887 [s1-client-thread2] INFO  statemachine.StateMachine (DataStreamTestUtils.java:link(157)) - link SingleDataStream: writeRequest=RaftClientRequest:client-8A0E3AB17445->s2@group-ECF61963C484, cid=436, seq=0, DataStream, Message:<EMPTY>, logEntry=null
2023-02-21 19:26:13,889 [s0-server-thread3] INFO  statemachine.StateMachine (DataStreamTestUtils.java:link(157)) - link SingleDataStream: writeRequest=RaftClientRequest:client-8A0E3AB17445->s2@group-ECF61963C484, cid=436, seq=0, DataStream, Message:<EMPTY>, logEntry=null
2023-02-21 19:26:13,890 [s2-server-thread5] INFO  statemachine.StateMachine (DataStreamTestUtils.java:link(157)) - link SingleDataStream: writeRequest=RaftClientRequest:client-8A0E3AB17445->s2@group-ECF61963C484, cid=436, seq=0, DataStream, Message:<EMPTY>, logEntry=null
2023-02-21 19:26:13,895 [s1-client-thread2] INFO  statemachine.StateMachine (DataStreamTestUtils.java:link(157)) - link SingleDataStream: writeRequest=RaftClientRequest:client-8A0E3AB17445->s2@group-ECF61963C484, cid=438, seq=0, DataStream, Message:<EMPTY>, logEntry=null
2023-02-21 19:26:13,896 [s0-server-thread3] INFO  statemachine.StateMachine (DataStreamTestUtils.java:link(157)) - link SingleDataStream: writeRequest=RaftClientRequest:client-8A0E3AB17445->s2@group-ECF61963C484, cid=438, seq=0, DataStream, Message:<EMPTY>, logEntry=null
2023-02-21 19:26:13,896 [s1-client-thread2] INFO  statemachine.StateMachine (DataStreamTestUtils.java:link(157)) - link SingleDataStream: writeRequest=RaftClientRequest:client-8A0E3AB17445->s2@group-ECF61963C484, cid=429, seq=0, DataStream, Message:<EMPTY>, logEntry=null
2023-02-21 19:26:13,897 [s2-server-thread5] INFO  statemachine.StateMachine (DataStreamTestUtils.java:link(157)) - link SingleDataStream: writeRequest=RaftClientRequest:client-8A0E3AB17445->s2@group-ECF61963C484, cid=438, seq=0, DataStream, Message:<EMPTY>, logEntry=null
2023-02-21 19:26:13,898 [s0-server-thread3] INFO  statemachine.StateMachine (DataStreamTestUtils.java:link(157)) - link SingleDataStream: writeRequest=RaftClientRequest:client-8A0E3AB17445->s2@group-ECF61963C484, cid=429, seq=0, DataStream, Message:<EMPTY>, logEntry=null
2023-02-21 19:26:13,898 [pool-9-thread-8] INFO  datastream.DataStreamTestUtils (DataStreamTestUtils.java:writeAndCloseAndAssertReplies(311)) - start Stream451
2023-02-21 19:26:13,905 [s2-server-thread5] INFO  statemachine.StateMachine (DataStreamTestUtils.java:link(157)) - link SingleDataStream: writeRequest=RaftClientRequest:client-8A0E3AB17445->s2@group-ECF61963C484, cid=429, seq=0, DataStream, Message:<EMPTY>, logEntry=null
2023-02-21 19:26:13,905 [pool-9-thread-1] INFO  datastream.DataStreamTestUtils (DataStreamTestUtils.java:writeAndCloseAndAssertReplies(311)) - start Stream452
2023-02-21 19:26:13,909 [pool-9-thread-10] INFO  datastream.DataStreamTestUtils (DataStreamTestUtils.java:writeAndCloseAndAssertReplies(311)) - start Stream453
2023-02-21 19:26:13,931 [s1-client-thread2] INFO  statemachine.StateMachine (DataStreamTestUtils.java:link(157)) - link SingleDataStream: writeRequest=RaftClientRequest:client-8A0E3AB17445->s2@group-ECF61963C484, cid=439, seq=0, DataStream, Message:<EMPTY>, logEntry=null
2023-02-21 19:26:13,931 [s1-client-thread2] INFO  statemachine.StateMachine (DataStreamTestUtils.java:link(157)) - link SingleDataStream: writeRequest=RaftClientRequest:client-8A0E3AB17445->s2@group-ECF61963C484, cid=445, seq=0, DataStream, Message:<EMPTY>, logEntry=null
2023-02-21 19:26:13,932 [s2-server-thread5] INFO  statemachine.StateMachine (DataStreamTestUtils.java:link(157)) - link SingleDataStream: writeRequest=RaftClientRequest:client-8A0E3AB17445->s2@group-ECF61963C484, cid=439, seq=0, DataStream, Message:<EMPTY>, logEntry=null
2023-02-21 19:26:13,932 [s0-server-thread3] INFO  statemachine.StateMachine (DataStreamTestUtils.java:link(157)) - link SingleDataStream: writeRequest=RaftClientRequest:client-8A0E3AB17445->s2@group-ECF61963C484, cid=439, seq=0, DataStream, Message:<EMPTY>, logEntry=null
2023-02-21 19:26:13,932 [s2-server-thread3] INFO  statemachine.StateMachine (DataStreamTestUtils.java:link(157)) - link SingleDataStream: writeRequest=RaftClientRequest:client-8A0E3AB17445->s2@group-ECF61963C484, cid=445, seq=0, DataStream, Message:<EMPTY>, logEntry=null
2023-02-21 19:26:13,933 [s1-client-thread2] INFO  statemachine.StateMachine (DataStreamTestUtils.java:link(157)) - link SingleDataStream: writeRequest=RaftClientRequest:client-8A0E3AB17445->s2@group-ECF61963C484, cid=441, seq=0, DataStream, Message:<EMPTY>, logEntry=null
2023-02-21 19:26:13,933 [s2-server-thread5] INFO  statemachine.StateMachine (DataStreamTestUtils.java:link(157)) - link SingleDataStream: writeRequest=RaftClientRequest:client-8A0E3AB17445->s2@group-ECF61963C484, cid=441, seq=0, DataStream, Message:<EMPTY>, logEntry=null
2023-02-21 19:26:13,934 [s0-server-thread3] INFO  statemachine.StateMachine (DataStreamTestUtils.java:link(157)) - link SingleDataStream: writeRequest=RaftClientRequest:client-8A0E3AB17445->s2@group-ECF61963C484, cid=445, seq=0, DataStream, Message:<EMPTY>, logEntry=null
2023-02-21 19:26:15,924 [s1@group-ECF61963C484-LeaderStateImpl] WARN  server.RaftServer$Division (LeaderStateImpl.java:checkLeadership(1098)) - s1@group-ECF61963C484-LeaderStateImpl: Lost leadership on term: 2. Election timeout: 300ms. In charge for: 32630ms. Conf: 58: peers:[s0|rpc:localhost:36399|admin:localhost:45573|client:localhost:36971|dataStream:localhost:43269|priority:0|startupRole:FOLLOWER, s1|rpc:localhost:45309|admin:localhost:41751|client:localhost:45149|dataStream:localhost:41895|priority:0|startupRole:FOLLOWER, s2|rpc:localhost:36685|admin:localhost:46439|client:localhost:40511|dataStream:localhost:44375|priority:0|startupRole:FOLLOWER]|listeners:[], old=null
2023-02-21 19:26:15,924 [s1@group-ECF61963C484-LeaderStateImpl] WARN  server.RaftServer$Division (LeaderStateImpl.java:lambda$checkLeadership$20(1102)) - Follower s1@group-ECF61963C484->s0(c120,m121,n126, attendVote=true, lastRpcSendTime=1990, lastRpcResponseTime=1990)
2023-02-21 19:26:15,925 [s1@group-ECF61963C484-LeaderStateImpl] WARN  server.RaftServer$Division (LeaderStateImpl.java:lambda$checkLeadership$20(1102)) - Follower s1@group-ECF61963C484->s2(c120,m122,n125, attendVote=true, lastRpcSendTime=1990, lastRpcResponseTime=1990)
2023-02-21 19:26:15,925 [s1@group-ECF61963C484-LeaderStateImpl] INFO  server.RaftServer$Division (RaftServerImpl.java:setRole(329)) - s1@group-ECF61963C484: changes role from    LEADER to FOLLOWER at term 2 for StepDownReason:LOST_MAJORITY_HEARTBEATS
2023-02-21 19:26:15,925 [s1@group-ECF61963C484-LeaderStateImpl] INFO  impl.RoleInfo (RoleInfo.java:shutdownLeaderState(93)) - s1: shutdown s1@group-ECF61963C484-LeaderStateImpl
2023-02-21 19:26:15,925 [s1@group-ECF61963C484-LeaderStateImpl] INFO  impl.PendingRequests (PendingRequests.java:sendNotLeaderResponses(282)) - s1@group-ECF61963C484-PendingRequests: sendNotLeaderResponses
2023-02-21 19:26:15,924 [s0@group-ECF61963C484-FollowerState] WARN  impl.FollowerState (FollowerState.java:run(130)) - Unexpected long sleep: sleep 235ms but took extra 1811678792ns (> threshold = 300ms)
2023-02-21 19:26:15,926 [s1@group-ECF61963C484-LeaderStateImpl] INFO  server.RaftServer$Division (ServerState.java:setLeader(260)) - s1@group-ECF61963C484: change Leader from s1 to null at term 2 for StepDownReason:LOST_MAJORITY_HEARTBEATS
2023-02-21 19:26:15,926 [s1@group-ECF61963C484-LeaderStateImpl] INFO  impl.RoleInfo (RoleInfo.java:updateAndGet(139)) - s1: start s1@group-ECF61963C484-FollowerState
2023-02-21 19:26:15,924 [s2@group-ECF61963C484-FollowerState] WARN  impl.FollowerState (FollowerState.java:run(130)) - Unexpected long sleep: sleep 171ms but took extra 1872521961ns (> threshold = 300ms)
2023-02-21 19:26:15,936 [grpc-default-executor-5] INFO  server.GrpcServerProtocolService (GrpcServerProtocolService.java:onCompleted(143)) - s0: Completed APPEND_ENTRIES, lastRequest: null
2023-02-21 19:26:15,936 [s0-server-thread1] INFO  statemachine.StateMachine (DataStreamTestUtils.java:link(157)) - link SingleDataStream: writeRequest=RaftClientRequest:client-8A0E3AB17445->s2@group-ECF61963C484, cid=441, seq=0, DataStream, Message:<EMPTY>, logEntry=null
2023-02-21 19:26:15,937 [s1@group-ECF61963C484->s2-GrpcLogAppender-LogAppenderDaemon] WARN  server.GrpcLogAppender (GrpcLogAppender.java:mayWait(199)) - s1@group-ECF61963C484->s2-GrpcLogAppender: Wait interrupted by java.lang.InterruptedException
2023-02-21 19:26:15,940 [grpc-default-executor-8] INFO  server.GrpcServerProtocolService (GrpcServerProtocolService.java:onCompleted(143)) - s2: Completed APPEND_ENTRIES, lastRequest: null
2023-02-21 19:26:15,941 [grpc-default-executor-0] INFO  server.GrpcLogAppender (GrpcLogAppender.java:onCompleted(417)) - s1@group-ECF61963C484->s0-AppendLogResponseHandler: follower responses appendEntries COMPLETED
2023-02-21 19:26:15,941 [grpc-default-executor-0] INFO  leader.FollowerInfo (FollowerInfoImpl.java:lambda$new$0(52)) - s1@group-ECF61963C484->s0: nextIndex: updateUnconditionally 126 -> 123
2023-02-21 19:26:15,942 [grpc-default-executor-5] INFO  server.GrpcServerProtocolService (GrpcServerProtocolService.java:onCompleted(143)) - s2: Completed APPEND_ENTRIES, lastRequest: s1->s2#563-t2,previous=(t:2, i:123),leaderCommit=121,initializing? true,entries: size=1, first=(t:2, i:124), METADATAENTRY(c:121)
2023-02-21 19:26:15,944 [grpc-default-executor-5] INFO  server.GrpcLogAppender (GrpcLogAppender.java:onCompleted(417)) - s1@group-ECF61963C484->s2-AppendLogResponseHandler: follower responses appendEntries COMPLETED
2023-02-21 19:26:15,944 [grpc-default-executor-5] INFO  leader.FollowerInfo (FollowerInfoImpl.java:lambda$new$0(52)) - s1@group-ECF61963C484->s2: nextIndex: updateUnconditionally 126 -> 125
2023-02-21 19:26:15,946 [grpc-default-executor-5] INFO  server.GrpcServerProtocolService (GrpcServerProtocolService.java:onCompleted(143)) - s0: Completed APPEND_ENTRIES, lastRequest: s1->s0#556-t2,previous=(t:2, i:124),leaderCommit=122,initializing? true,entries: size=1, first=(t:2, i:125), METADATAENTRY(c:122)
2023-02-21 19:26:15,947 [grpc-default-executor-5] INFO  server.GrpcLogAppender (GrpcLogAppender.java:onCompleted(417)) - s1@group-ECF61963C484->s2-AppendLogResponseHandler: follower responses appendEntries COMPLETED
2023-02-21 19:26:15,948 [grpc-default-executor-5] INFO  leader.FollowerInfo (FollowerInfoImpl.java:lambda$new$0(52)) - s1@group-ECF61963C484->s2: nextIndex: updateUnconditionally 125 -> 124
2023-02-21 19:26:15,977 [grpc-default-executor-4] INFO  server.GrpcLogAppender (GrpcLogAppender.java:onCompleted(417)) - s1@group-ECF61963C484->s0-AppendLogResponseHandler: follower responses appendEntries COMPLETED
2023-02-21 19:26:15,977 [grpc-default-executor-4] INFO  leader.FollowerInfo (FollowerInfoImpl.java:lambda$new$0(52)) - s1@group-ECF61963C484->s0: nextIndex: updateUnconditionally 123 -> 122
2023-02-21 19:26:16,001 [JvmPauseMonitor6] WARN  util.JvmPauseMonitor (JvmPauseMonitor.java:detectPause(126)) - JvmPauseMonitor-s2: Detected pause in JVM or host machine (eg GC): pause of approximately 1984573411ns.
GC pool 'G1 Young Generation' had collection(s): count=1 time=119ms
GC pool 'G1 Old Generation' had collection(s): count=1 time=1867ms
2023-02-21 19:26:16,002 [JvmPauseMonitor5] WARN  util.JvmPauseMonitor (JvmPauseMonitor.java:detectPause(126)) - JvmPauseMonitor-s1: Detected pause in JVM or host machine (eg GC): pause of approximately 1984532308ns.
GC pool 'G1 Young Generation' had collection(s): count=1 time=119ms
GC pool 'G1 Old Generation' had collection(s): count=1 time=1867ms
2023-02-21 19:26:16,002 [JvmPauseMonitor4] WARN  util.JvmPauseMonitor (JvmPauseMonitor.java:detectPause(126)) - JvmPauseMonitor-s0: Detected pause in JVM or host machine (eg GC): pause of approximately 1984281990ns.
GC pool 'G1 Young Generation' had collection(s): count=1 time=119ms
GC pool 'G1 Old Generation' had collection(s): count=1 time=1867ms
2023-02-21 19:26:16,196 [s1@group-ECF61963C484-FollowerState] INFO  impl.FollowerState (FollowerState.java:lostMajorityHeartbeatsRecently(108)) - s1@group-ECF61963C484-FollowerState: Skipping leader election since it stepped down recently (elapsed = 270ms < waitTime = 10s)
2023-02-21 19:26:16,313 [s0@group-ECF61963C484-FollowerState] INFO  impl.FollowerState (FollowerState.java:run(143)) - s0@group-ECF61963C484-FollowerState: change to CANDIDATE, lastRpcElapsedTime:367123861ns, electionTimeout:179ms
2023-02-21 19:26:16,313 [s0@group-ECF61963C484-FollowerState] INFO  impl.RoleInfo (RoleInfo.java:shutdownFollowerState(110)) - s0: shutdown s0@group-ECF61963C484-FollowerState
2023-02-21 19:26:16,313 [s0@group-ECF61963C484-FollowerState] INFO  server.RaftServer$Division (RaftServerImpl.java:setRole(329)) - s0@group-ECF61963C484: changes role from  FOLLOWER to CANDIDATE at term 2 for changeToCandidate
2023-02-21 19:26:16,313 [s0@group-ECF61963C484-FollowerState] INFO  server.RaftServerConfigKeys (ConfUtils.java:logGet(46)) - raft.server.leaderelection.pre-vote = true (default)
2023-02-21 19:26:16,313 [s0@group-ECF61963C484-FollowerState] INFO  impl.RoleInfo (RoleInfo.java:updateAndGet(139)) - s0: start s0@group-ECF61963C484-LeaderElection5
2023-02-21 19:26:16,355 [s0@group-ECF61963C484-LeaderElection5] INFO  server.RaftServer$Division (ServerState.java:setLeader(260)) - s0@group-ECF61963C484: change Leader from s1 to null at term 2 for PRE_VOTE
2023-02-21 19:26:16,358 [s0@group-ECF61963C484-LeaderElection5] INFO  impl.LeaderElection (LeaderElection.java:askForVotes(309)) - s0@group-ECF61963C484-LeaderElection5 PRE_VOTE round 0: submit vote requests at term 2 for 58: peers:[s0|rpc:localhost:36399|admin:localhost:45573|client:localhost:36971|dataStream:localhost:43269|priority:0|startupRole:FOLLOWER, s1|rpc:localhost:45309|admin:localhost:41751|client:localhost:45149|dataStream:localhost:41895|priority:0|startupRole:FOLLOWER, s2|rpc:localhost:36685|admin:localhost:46439|client:localhost:40511|dataStream:localhost:44375|priority:0|startupRole:FOLLOWER]|listeners:[], old=null
2023-02-21 19:26:16,374 [s2@group-ECF61963C484-FollowerState] INFO  impl.FollowerState (FollowerState.java:run(143)) - s2@group-ECF61963C484-FollowerState: change to CANDIDATE, lastRpcElapsedTime:435165422ns, electionTimeout:235ms
2023-02-21 19:26:16,374 [s2@group-ECF61963C484-FollowerState] INFO  impl.RoleInfo (RoleInfo.java:shutdownFollowerState(110)) - s2: shutdown s2@group-ECF61963C484-FollowerState
2023-02-21 19:26:16,375 [s2@group-ECF61963C484-FollowerState] INFO  server.RaftServer$Division (RaftServerImpl.java:setRole(329)) - s2@group-ECF61963C484: changes role from  FOLLOWER to CANDIDATE at term 2 for changeToCandidate
2023-02-21 19:26:16,375 [s2@group-ECF61963C484-FollowerState] INFO  server.RaftServerConfigKeys (ConfUtils.java:logGet(46)) - raft.server.leaderelection.pre-vote = true (default)
2023-02-21 19:26:16,375 [s2@group-ECF61963C484-FollowerState] INFO  impl.RoleInfo (RoleInfo.java:updateAndGet(139)) - s2: start s2@group-ECF61963C484-LeaderElection6
2023-02-21 19:26:16,449 [grpc-default-executor-4] INFO  server.RaftServer$Division (RaftServerImpl.java:requestVote(1302)) - s1@group-ECF61963C484: receive requestVote(PRE_VOTE, s0, group-ECF61963C484, 2, (t:2, i:125))
2023-02-21 19:26:16,449 [grpc-default-executor-4] INFO  impl.VoteContext (VoteContext.java:log(49)) - s1@group-ECF61963C484-FOLLOWER: accept PRE_VOTE from s0: our priority 0 <= candidate's priority 0
2023-02-21 19:26:16,449 [grpc-default-executor-4] INFO  server.RaftServer$Division (RaftServerImpl.java:requestVote(1335)) - s1@group-ECF61963C484 replies to PRE_VOTE vote request: s0<-s1#0:OK-t2. Peer's state: s1@group-ECF61963C484:t2, leader=null, voted=s1, raftlog=Memoized:s1@group-ECF61963C484-SegmentedRaftLog:OPENED:c122, conf=58: peers:[s0|rpc:localhost:36399|admin:localhost:45573|client:localhost:36971|dataStream:localhost:43269|priority:0|startupRole:FOLLOWER, s1|rpc:localhost:45309|admin:localhost:41751|client:localhost:45149|dataStream:localhost:41895|priority:0|startupRole:FOLLOWER, s2|rpc:localhost:36685|admin:localhost:46439|client:localhost:40511|dataStream:localhost:44375|priority:0|startupRole:FOLLOWER]|listeners:[], old=null
2023-02-21 19:26:16,450 [s0@group-ECF61963C484-LeaderElection5] INFO  impl.LeaderElection (LeaderElection.java:logAndReturn(89)) - s0@group-ECF61963C484-LeaderElection5: PRE_VOTE PASSED received 1 response(s) and 0 exception(s):
2023-02-21 19:26:16,451 [s0@group-ECF61963C484-LeaderElection5] INFO  impl.LeaderElection (LeaderElection.java:logAndReturn(93)) -   Response 0: s0<-s1#0:OK-t2
2023-02-21 19:26:16,451 [s0@group-ECF61963C484-LeaderElection5] INFO  impl.LeaderElection (LeaderElection.java:askForVotes(311)) - s0@group-ECF61963C484-LeaderElection5 PRE_VOTE round 0: result PASSED
2023-02-21 19:26:16,455 [s2@group-ECF61963C484-LeaderElection6] INFO  server.RaftServer$Division (ServerState.java:setLeader(260)) - s2@group-ECF61963C484: change Leader from s1 to null at term 2 for PRE_VOTE
2023-02-21 19:26:16,455 [s2@group-ECF61963C484-LeaderElection6] INFO  impl.LeaderElection (LeaderElection.java:askForVotes(309)) - s2@group-ECF61963C484-LeaderElection6 PRE_VOTE round 0: submit vote requests at term 2 for 58: peers:[s0|rpc:localhost:36399|admin:localhost:45573|client:localhost:36971|dataStream:localhost:43269|priority:0|startupRole:FOLLOWER, s1|rpc:localhost:45309|admin:localhost:41751|client:localhost:45149|dataStream:localhost:41895|priority:0|startupRole:FOLLOWER, s2|rpc:localhost:36685|admin:localhost:46439|client:localhost:40511|dataStream:localhost:44375|priority:0|startupRole:FOLLOWER]|listeners:[], old=null
2023-02-21 19:26:16,464 [s2@group-ECF61963C484-LeaderElection6-1] INFO  server.GrpcServerProtocolClient (GrpcServerProtocolClient.java:<init>(63)) - Build channel for s0
2023-02-21 19:26:16,467 [s2@group-ECF61963C484-LeaderElection6-2] INFO  server.GrpcServerProtocolClient (GrpcServerProtocolClient.java:<init>(63)) - Build channel for s1
2023-02-21 19:26:16,471 [s0@group-ECF61963C484-LeaderElection5] INFO  impl.LeaderElection (LeaderElection.java:askForVotes(309)) - s0@group-ECF61963C484-LeaderElection5 ELECTION round 0: submit vote requests at term 3 for 58: peers:[s0|rpc:localhost:36399|admin:localhost:45573|client:localhost:36971|dataStream:localhost:43269|priority:0|startupRole:FOLLOWER, s1|rpc:localhost:45309|admin:localhost:41751|client:localhost:45149|dataStream:localhost:41895|priority:0|startupRole:FOLLOWER, s2|rpc:localhost:36685|admin:localhost:46439|client:localhost:40511|dataStream:localhost:44375|priority:0|startupRole:FOLLOWER]|listeners:[], old=null
2023-02-21 19:26:16,611 [grpc-default-executor-6] INFO  server.RaftServer$Division (RaftServerImpl.java:requestVote(1302)) - s1@group-ECF61963C484: receive requestVote(ELECTION, s0, group-ECF61963C484, 3, (t:2, i:125))
2023-02-21 19:26:16,611 [grpc-default-executor-6] INFO  impl.VoteContext (VoteContext.java:log(49)) - s1@group-ECF61963C484-FOLLOWER: accept ELECTION from s0: our priority 0 <= candidate's priority 0
2023-02-21 19:26:16,611 [grpc-default-executor-6] INFO  server.RaftServer$Division (RaftServerImpl.java:setRole(329)) - s1@group-ECF61963C484: changes role from  FOLLOWER to FOLLOWER at term 3 for candidate:s0
2023-02-21 19:26:16,612 [grpc-default-executor-6] INFO  impl.RoleInfo (RoleInfo.java:shutdownFollowerState(110)) - s1: shutdown s1@group-ECF61963C484-FollowerState
2023-02-21 19:26:16,612 [grpc-default-executor-6] INFO  impl.RoleInfo (RoleInfo.java:updateAndGet(139)) - s1: start s1@group-ECF61963C484-FollowerState
2023-02-21 19:26:16,612 [grpc-default-executor-5] INFO  server.RaftServer$Division (RaftServerImpl.java:requestVote(1302)) - s1@group-ECF61963C484: receive requestVote(PRE_VOTE, s2, group-ECF61963C484, 2, (t:2, i:124))
2023-02-21 19:26:16,612 [s1@group-ECF61963C484-FollowerState] INFO  impl.FollowerState (FollowerState.java:run(152)) - s1@group-ECF61963C484-FollowerState was interrupted
2023-02-21 19:26:16,616 [grpc-default-executor-4] INFO  server.RaftServer$Division (RaftServerImpl.java:requestVote(1302)) - s2@group-ECF61963C484: receive requestVote(PRE_VOTE, s0, group-ECF61963C484, 2, (t:2, i:125))
2023-02-21 19:26:16,616 [grpc-default-executor-4] INFO  impl.VoteContext (VoteContext.java:log(49)) - s2@group-ECF61963C484-CANDIDATE: accept PRE_VOTE from s0: our last entry (t:2, i:124) < candidate's last entry (t:2, i:125)
2023-02-21 19:26:16,616 [grpc-default-executor-4] INFO  server.RaftServer$Division (RaftServerImpl.java:requestVote(1335)) - s2@group-ECF61963C484 replies to PRE_VOTE vote request: s0<-s2#0:OK-t2. Peer's state: s2@group-ECF61963C484:t2, leader=null, voted=s1, raftlog=Memoized:s2@group-ECF61963C484-SegmentedRaftLog:OPENED:c121, conf=58: peers:[s0|rpc:localhost:36399|admin:localhost:45573|client:localhost:36971|dataStream:localhost:43269|priority:0|startupRole:FOLLOWER, s1|rpc:localhost:45309|admin:localhost:41751|client:localhost:45149|dataStream:localhost:41895|priority:0|startupRole:FOLLOWER, s2|rpc:localhost:36685|admin:localhost:46439|client:localhost:40511|dataStream:localhost:44375|priority:0|startupRole:FOLLOWER]|listeners:[], old=null
2023-02-21 19:26:16,618 [pool-9-thread-3] INFO  datastream.DataStreamTestUtils (DataStreamTestUtils.java:writeAndCloseAndAssertReplies(320)) - Stream440: bytesWritten=3729321
2023-02-21 19:26:16,628 [grpc-default-executor-6] INFO  server.RaftServer$Division (RaftServerImpl.java:requestVote(1335)) - s1@group-ECF61963C484 replies to ELECTION vote request: s0<-s1#0:OK-t3. Peer's state: s1@group-ECF61963C484:t3, leader=null, voted=s0, raftlog=Memoized:s1@group-ECF61963C484-SegmentedRaftLog:OPENED:c122, conf=58: peers:[s0|rpc:localhost:36399|admin:localhost:45573|client:localhost:36971|dataStream:localhost:43269|priority:0|startupRole:FOLLOWER, s1|rpc:localhost:45309|admin:localhost:41751|client:localhost:45149|dataStream:localhost:41895|priority:0|startupRole:FOLLOWER, s2|rpc:localhost:36685|admin:localhost:46439|client:localhost:40511|dataStream:localhost:44375|priority:0|startupRole:FOLLOWER]|listeners:[], old=null
2023-02-21 19:26:16,629 [grpc-default-executor-5] INFO  impl.VoteContext (VoteContext.java:log(49)) - s1@group-ECF61963C484-FOLLOWER: reject PRE_VOTE from s2: our last entry (t:2, i:125) > candidate's last entry (t:2, i:124)
2023-02-21 19:26:16,629 [grpc-default-executor-5] INFO  server.RaftServer$Division (RaftServerImpl.java:requestVote(1335)) - s1@group-ECF61963C484 replies to PRE_VOTE vote request: s2<-s1#0:FAIL-t3. Peer's state: s1@group-ECF61963C484:t3, leader=null, voted=s0, raftlog=Memoized:s1@group-ECF61963C484-SegmentedRaftLog:OPENED:c122, conf=58: peers:[s0|rpc:localhost:36399|admin:localhost:45573|client:localhost:36971|dataStream:localhost:43269|priority:0|startupRole:FOLLOWER, s1|rpc:localhost:45309|admin:localhost:41751|client:localhost:45149|dataStream:localhost:41895|priority:0|startupRole:FOLLOWER, s2|rpc:localhost:36685|admin:localhost:46439|client:localhost:40511|dataStream:localhost:44375|priority:0|startupRole:FOLLOWER]|listeners:[], old=null
2023-02-21 19:26:16,630 [grpc-default-executor-4] INFO  server.RaftServer$Division (RaftServerImpl.java:requestVote(1302)) - s2@group-ECF61963C484: receive requestVote(ELECTION, s0, group-ECF61963C484, 3, (t:2, i:125))
2023-02-21 19:26:16,630 [grpc-default-executor-4] INFO  impl.VoteContext (VoteContext.java:log(49)) - s2@group-ECF61963C484-CANDIDATE: accept ELECTION from s0: our last entry (t:2, i:124) < candidate's last entry (t:2, i:125)
2023-02-21 19:26:16,630 [grpc-default-executor-4] INFO  server.RaftServer$Division (RaftServerImpl.java:setRole(329)) - s2@group-ECF61963C484: changes role from CANDIDATE to FOLLOWER at term 3 for candidate:s0
2023-02-21 19:26:16,630 [grpc-default-executor-4] INFO  impl.RoleInfo (RoleInfo.java:shutdownLeaderElection(130)) - s2: shutdown s2@group-ECF61963C484-LeaderElection6
2023-02-21 19:26:16,631 [grpc-default-executor-4] INFO  impl.RoleInfo (RoleInfo.java:updateAndGet(139)) - s2: start s2@group-ECF61963C484-FollowerState
2023-02-21 19:26:16,631 [s0@group-ECF61963C484-LeaderElection5] INFO  impl.LeaderElection (LeaderElection.java:logAndReturn(89)) - s0@group-ECF61963C484-LeaderElection5: ELECTION PASSED received 1 response(s) and 0 exception(s):
2023-02-21 19:26:16,631 [s0@group-ECF61963C484-LeaderElection5] INFO  impl.LeaderElection (LeaderElection.java:logAndReturn(93)) -   Response 0: s0<-s1#0:OK-t3
2023-02-21 19:26:16,631 [s0@group-ECF61963C484-LeaderElection5] INFO  impl.LeaderElection (LeaderElection.java:askForVotes(311)) - s0@group-ECF61963C484-LeaderElection5 ELECTION round 0: result PASSED
2023-02-21 19:26:16,631 [s0@group-ECF61963C484-LeaderElection5] INFO  impl.RoleInfo (RoleInfo.java:shutdownLeaderElection(130)) - s0: shutdown s0@group-ECF61963C484-LeaderElection5
2023-02-21 19:26:16,631 [s0@group-ECF61963C484-LeaderElection5] INFO  server.RaftServer$Division (RaftServerImpl.java:setRole(329)) - s0@group-ECF61963C484: changes role from CANDIDATE to LEADER at term 3 for changeToLeader
2023-02-21 19:26:16,631 [s0@group-ECF61963C484-LeaderElection5] INFO  server.RaftServer$Division (ServerState.java:setLeader(260)) - s0@group-ECF61963C484: change Leader from null to s0 at term 3 for becomeLeader, leader elected after 275ms
2023-02-21 19:26:16,631 [s0@group-ECF61963C484-LeaderElection5] INFO  server.RaftServerConfigKeys (ConfUtils.java:logGet(46)) - raft.server.staging.catchup.gap = 1000 (default)
2023-02-21 19:26:16,631 [s2@group-ECF61963C484-LeaderElection6] INFO  impl.LeaderElection (LeaderElection.java:logAndReturn(89)) - s2@group-ECF61963C484-LeaderElection6: PRE_VOTE REJECTED received 0 response(s) and 0 exception(s):
2023-02-21 19:26:16,631 [s0@group-ECF61963C484-LeaderElection5] INFO  server.RaftServerConfigKeys (ConfUtils.java:logGet(46)) - raft.server.write.element-limit = 4096 (default)
2023-02-21 19:26:16,631 [s0@group-ECF61963C484-LeaderElection5] INFO  server.RaftServerConfigKeys (ConfUtils.java:logGet(46)) - raft.server.write.byte-limit = 64MB (=67108864) (default)
2023-02-21 19:26:16,631 [s0@group-ECF61963C484-LeaderElection5] INFO  server.RaftServerConfigKeys (ConfUtils.java:logGet(46)) - raft.server.watch.timeout = 10s (default)
2023-02-21 19:26:16,631 [s0@group-ECF61963C484-LeaderElection5] INFO  server.RaftServerConfigKeys (ConfUtils.java:logGet(46)) - raft.server.watch.timeout.denomination = 1s (default)
2023-02-21 19:26:16,631 [s0@group-ECF61963C484-LeaderElection5] INFO  server.RaftServerConfigKeys (ConfUtils.java:logGet(46)) - raft.server.watch.element-limit = 65536 (default)
2023-02-21 19:26:16,632 [s0@group-ECF61963C484-LeaderElection5] INFO  server.RaftServerConfigKeys (ConfUtils.java:logGet(46)) - raft.server.write.element-limit = 4096 (default)
2023-02-21 19:26:16,632 [s0@group-ECF61963C484-LeaderElection5] INFO  server.RaftServerConfigKeys (ConfUtils.java:logGet(46)) - raft.server.write.follower.gap.ratio.max = -1.0 (default)
2023-02-21 19:26:16,632 [s0@group-ECF61963C484-LeaderElection5] INFO  server.RaftServerConfigKeys (ConfUtils.java:logGet(46)) - raft.server.log.appender.snapshot.chunk.size.max = 16MB (=16777216) (default)
2023-02-21 19:26:16,632 [s0@group-ECF61963C484-LeaderElection5] INFO  server.RaftServerConfigKeys (ConfUtils.java:logGet(46)) - raft.server.log.appender.buffer.byte-limit = 4MB (=4194304) (default)
2023-02-21 19:26:16,632 [s0@group-ECF61963C484-LeaderElection5] INFO  server.RaftServerConfigKeys (ConfUtils.java:logGet(46)) - raft.server.log.appender.buffer.element-limit = 0 (default)
2023-02-21 19:26:16,632 [s0@group-ECF61963C484-LeaderElection5] INFO  grpc.GrpcConfigKeys (ConfUtils.java:logGet(46)) - raft.grpc.server.leader.outstanding.appends.max = 128 (default)
2023-02-21 19:26:16,632 [s0@group-ECF61963C484-LeaderElection5] INFO  server.RaftServerConfigKeys (ConfUtils.java:logGet(46)) - raft.server.rpc.request.timeout = 3000ms (default)
2023-02-21 19:26:16,632 [s0@group-ECF61963C484-LeaderElection5] INFO  server.RaftServerConfigKeys (ConfUtils.java:logGet(46)) - raft.server.log.appender.install.snapshot.enabled = true (default)
2023-02-21 19:26:16,632 [s0@group-ECF61963C484-LeaderElection5] INFO  grpc.GrpcConfigKeys (ConfUtils.java:logGet(46)) - raft.grpc.server.heartbeat.channel = true (default)
2023-02-21 19:26:16,632 [s0@group-ECF61963C484-LeaderElection5] INFO  server.RaftServerConfigKeys (ConfUtils.java:logGet(46)) - raft.server.log.appender.wait-time.min = 10ms (default)
2023-02-21 19:26:16,633 [s0@group-ECF61963C484-LeaderElection5] INFO  server.RaftServerConfigKeys (ConfUtils.java:logGet(46)) - raft.server.log.appender.snapshot.chunk.size.max = 16MB (=16777216) (default)
2023-02-21 19:26:16,633 [s0@group-ECF61963C484-LeaderElection5] INFO  server.RaftServerConfigKeys (ConfUtils.java:logGet(46)) - raft.server.log.appender.buffer.byte-limit = 4MB (=4194304) (default)
2023-02-21 19:26:16,633 [s0@group-ECF61963C484-LeaderElection5] INFO  server.RaftServerConfigKeys (ConfUtils.java:logGet(46)) - raft.server.log.appender.buffer.element-limit = 0 (default)
2023-02-21 19:26:16,633 [s0@group-ECF61963C484-LeaderElection5] INFO  grpc.GrpcConfigKeys (ConfUtils.java:logGet(46)) - raft.grpc.server.leader.outstanding.appends.max = 128 (default)
2023-02-21 19:26:16,633 [s0@group-ECF61963C484-LeaderElection5] INFO  server.RaftServerConfigKeys (ConfUtils.java:logGet(46)) - raft.server.rpc.request.timeout = 3000ms (default)
2023-02-21 19:26:16,633 [s0@group-ECF61963C484-LeaderElection5] INFO  server.RaftServerConfigKeys (ConfUtils.java:logGet(46)) - raft.server.log.appender.install.snapshot.enabled = true (default)
2023-02-21 19:26:16,633 [s0@group-ECF61963C484-LeaderElection5] INFO  grpc.GrpcConfigKeys (ConfUtils.java:logGet(46)) - raft.grpc.server.heartbeat.channel = true (default)
2023-02-21 19:26:16,633 [s0@group-ECF61963C484-LeaderElection5] INFO  server.RaftServerConfigKeys (ConfUtils.java:logGet(46)) - raft.server.log.appender.wait-time.min = 10ms (default)
2023-02-21 19:26:16,633 [s0@group-ECF61963C484-LeaderElection5] INFO  impl.RoleInfo (RoleInfo.java:updateAndGet(139)) - s0: start s0@group-ECF61963C484-LeaderStateImpl
2023-02-21 19:26:16,633 [s0@group-ECF61963C484-LeaderElection5] INFO  segmented.SegmentedRaftLogWorker (SegmentedRaftLogWorker.java:rollLogSegment(436)) - s0@group-ECF61963C484-SegmentedRaftLogWorker: Rolling segment log-58_125 to index:125
2023-02-21 19:26:16,634 [s0@group-ECF61963C484-SegmentedRaftLogWorker] TRACE util.FileUtils (LogUtils.java:runAndLog(49)) - Successfully ran Atomic Files.move /home/runner/work/ratis/ratis/ratis-test/target/test/data/90d2e47f/MiniRaftClusterWithRpcTypeGrpcAndDataStreamTypeNettyb33d0f7d/s0/29fbe4a6-54bc-4e76-9658-ecf61963c484/current/log_inprogress_58 to /home/runner/work/ratis/ratis/ratis-test/target/test/data/90d2e47f/MiniRaftClusterWithRpcTypeGrpcAndDataStreamTypeNettyb33d0f7d/s0/29fbe4a6-54bc-4e76-9658-ecf61963c484/current/log_58-125
2023-02-21 19:26:16,634 [s0@group-ECF61963C484-SegmentedRaftLogWorker] INFO  segmented.SegmentedRaftLogWorker (SegmentedRaftLogWorker.java:execute(592)) - s0@group-ECF61963C484-SegmentedRaftLogWorker: Rolled log segment from /home/runner/work/ratis/ratis/ratis-test/target/test/data/90d2e47f/MiniRaftClusterWithRpcTypeGrpcAndDataStreamTypeNettyb33d0f7d/s0/29fbe4a6-54bc-4e76-9658-ecf61963c484/current/log_inprogress_58 to /home/runner/work/ratis/ratis/ratis-test/target/test/data/90d2e47f/MiniRaftClusterWithRpcTypeGrpcAndDataStreamTypeNettyb33d0f7d/s0/29fbe4a6-54bc-4e76-9658-ecf61963c484/current/log_58-125
2023-02-21 19:26:16,631 [s2@group-ECF61963C484-LeaderElection6] INFO  impl.LeaderElection (LeaderElection.java:askForVotes(311)) - s2@group-ECF61963C484-LeaderElection6 PRE_VOTE round 0: result REJECTED
2023-02-21 19:26:16,639 [grpc-default-executor-4] INFO  server.RaftServer$Division (RaftServerImpl.java:requestVote(1335)) - s2@group-ECF61963C484 replies to ELECTION vote request: s0<-s2#0:OK-t3. Peer's state: s2@group-ECF61963C484:t3, leader=null, voted=s0, raftlog=Memoized:s2@group-ECF61963C484-SegmentedRaftLog:OPENED:c121, conf=58: peers:[s0|rpc:localhost:36399|admin:localhost:45573|client:localhost:36971|dataStream:localhost:43269|priority:0|startupRole:FOLLOWER, s1|rpc:localhost:45309|admin:localhost:41751|client:localhost:45149|dataStream:localhost:41895|priority:0|startupRole:FOLLOWER, s2|rpc:localhost:36685|admin:localhost:46439|client:localhost:40511|dataStream:localhost:44375|priority:0|startupRole:FOLLOWER]|listeners:[], old=null
2023-02-21 19:26:16,654 [s0@group-ECF61963C484-SegmentedRaftLogWorker] INFO  segmented.SegmentedRaftLogWorker (SegmentedRaftLogWorker.java:execute(635)) - s0@group-ECF61963C484-SegmentedRaftLogWorker: created new log segment /home/runner/work/ratis/ratis/ratis-test/target/test/data/90d2e47f/MiniRaftClusterWithRpcTypeGrpcAndDataStreamTypeNettyb33d0f7d/s0/29fbe4a6-54bc-4e76-9658-ecf61963c484/current/log_inprogress_126
2023-02-21 19:26:16,681 [s0@group-ECF61963C484-LeaderElection5] INFO  server.RaftServer$Division (ServerState.java:setRaftConf(378)) - s0@group-ECF61963C484: set configuration 126: peers:[s0|rpc:localhost:36399|admin:localhost:45573|client:localhost:36971|dataStream:localhost:43269|priority:0|startupRole:FOLLOWER, s1|rpc:localhost:45309|admin:localhost:41751|client:localhost:45149|dataStream:localhost:41895|priority:0|startupRole:FOLLOWER, s2|rpc:localhost:36685|admin:localhost:46439|client:localhost:40511|dataStream:localhost:44375|priority:0|startupRole:FOLLOWER]|listeners:[], old=null
2023-02-21 19:26:16,692 [s1-server-thread3] INFO  server.RaftServer$Division (ServerState.java:setLeader(260)) - s1@group-ECF61963C484: change Leader from null to s0 at term 3 for appendEntries, leader elected after 765ms
2023-02-21 19:26:16,692 [s1-server-thread3] INFO  server.RaftServer$Division (ServerState.java:setRaftConf(378)) - s1@group-ECF61963C484: set configuration 126: peers:[s0|rpc:localhost:36399|admin:localhost:45573|client:localhost:36971|dataStream:localhost:43269|priority:0|startupRole:FOLLOWER, s1|rpc:localhost:45309|admin:localhost:41751|client:localhost:45149|dataStream:localhost:41895|priority:0|startupRole:FOLLOWER, s2|rpc:localhost:36685|admin:localhost:46439|client:localhost:40511|dataStream:localhost:44375|priority:0|startupRole:FOLLOWER]|listeners:[], old=null
2023-02-21 19:26:16,692 [s1-server-thread3] INFO  segmented.SegmentedRaftLogWorker (SegmentedRaftLogWorker.java:rollLogSegment(436)) - s1@group-ECF61963C484-SegmentedRaftLogWorker: Rolling segment log-58_125 to index:125
2023-02-21 19:26:16,693 [s1@group-ECF61963C484-SegmentedRaftLogWorker] TRACE util.FileUtils (LogUtils.java:runAndLog(49)) - Successfully ran Atomic Files.move /home/runner/work/ratis/ratis/ratis-test/target/test/data/90d2e47f/MiniRaftClusterWithRpcTypeGrpcAndDataStreamTypeNettyb33d0f7d/s1/29fbe4a6-54bc-4e76-9658-ecf61963c484/current/log_inprogress_58 to /home/runner/work/ratis/ratis/ratis-test/target/test/data/90d2e47f/MiniRaftClusterWithRpcTypeGrpcAndDataStreamTypeNettyb33d0f7d/s1/29fbe4a6-54bc-4e76-9658-ecf61963c484/current/log_58-125
2023-02-21 19:26:16,693 [s1@group-ECF61963C484-SegmentedRaftLogWorker] INFO  segmented.SegmentedRaftLogWorker (SegmentedRaftLogWorker.java:execute(592)) - s1@group-ECF61963C484-SegmentedRaftLogWorker: Rolled log segment from /home/runner/work/ratis/ratis/ratis-test/target/test/data/90d2e47f/MiniRaftClusterWithRpcTypeGrpcAndDataStreamTypeNettyb33d0f7d/s1/29fbe4a6-54bc-4e76-9658-ecf61963c484/current/log_inprogress_58 to /home/runner/work/ratis/ratis/ratis-test/target/test/data/90d2e47f/MiniRaftClusterWithRpcTypeGrpcAndDataStreamTypeNettyb33d0f7d/s1/29fbe4a6-54bc-4e76-9658-ecf61963c484/current/log_58-125
2023-02-21 19:26:16,709 [pool-9-thread-13] INFO  datastream.DataStreamTestUtils (DataStreamTestUtils.java:writeAndCloseAndAssertReplies(320)) - Stream443: bytesWritten=3755797
2023-02-21 19:26:16,712 [s1@group-ECF61963C484-SegmentedRaftLogWorker] INFO  segmented.SegmentedRaftLogWorker (SegmentedRaftLogWorker.java:execute(635)) - s1@group-ECF61963C484-SegmentedRaftLogWorker: created new log segment /home/runner/work/ratis/ratis/ratis-test/target/test/data/90d2e47f/MiniRaftClusterWithRpcTypeGrpcAndDataStreamTypeNettyb33d0f7d/s1/29fbe4a6-54bc-4e76-9658-ecf61963c484/current/log_inprogress_126
2023-02-21 19:26:16,714 [grpc-default-executor-0] INFO  server.RaftServer$Division (RaftServerImpl.java:requestVote(1302)) - s0@group-ECF61963C484: receive requestVote(PRE_VOTE, s2, group-ECF61963C484, 2, (t:2, i:124))
2023-02-21 19:26:16,715 [grpc-default-executor-0] INFO  impl.VoteContext (VoteContext.java:log(49)) - s0@group-ECF61963C484-LEADER: reject PRE_VOTE from s2: this server is the leader and still has leadership
2023-02-21 19:26:16,715 [grpc-default-executor-0] INFO  server.RaftServer$Division (RaftServerImpl.java:requestVote(1335)) - s0@group-ECF61963C484 replies to PRE_VOTE vote request: s2<-s0#0:FAIL-t3. Peer's state: s0@group-ECF61963C484:t3, leader=s0, voted=s0, raftlog=Memoized:s0@group-ECF61963C484-SegmentedRaftLog:OPENED:c122, conf=126: peers:[s0|rpc:localhost:36399|admin:localhost:45573|client:localhost:36971|dataStream:localhost:43269|priority:0|startupRole:FOLLOWER, s1|rpc:localhost:45309|admin:localhost:41751|client:localhost:45149|dataStream:localhost:41895|priority:0|startupRole:FOLLOWER, s2|rpc:localhost:36685|admin:localhost:46439|client:localhost:40511|dataStream:localhost:44375|priority:0|startupRole:FOLLOWER]|listeners:[], old=null
2023-02-21 19:26:16,719 [s2-server-thread5] INFO  server.RaftServer$Division (ServerState.java:setLeader(260)) - s2@group-ECF61963C484: change Leader from null to s0 at term 3 for appendEntries, leader elected after 264ms
2023-02-21 19:26:16,719 [s2-server-thread5] INFO  server.RaftServer$Division (RaftServerImpl.java:checkInconsistentAppendEntries(1609)) - s2@group-ECF61963C484: Failed appendEntries as previous log entry ((t:2, i:125)) is not found
2023-02-21 19:26:16,719 [s2-server-thread5] INFO  server.RaftServer$Division (RaftServerImpl.java:checkInconsistentAppendEntries(1579)) - s2@group-ECF61963C484: inconsistency entries. Reply:s0<-s2#0:FAIL-t3,INCONSISTENCY,nextIndex=125,followerCommit=121,matchIndex=-1
2023-02-21 19:26:16,729 [grpc-default-executor-6] WARN  server.GrpcLogAppender (GrpcLogAppender.java:onNextImpl(390)) - s0@group-ECF61963C484->s2-AppendLogResponseHandler: received INCONSISTENCY reply with nextIndex 125
2023-02-21 19:26:16,729 [grpc-default-executor-6] INFO  leader.FollowerInfo (FollowerInfoImpl.java:lambda$new$0(52)) - s0@group-ECF61963C484->s2: nextIndex: updateUnconditionally 127 -> 125
2023-02-21 19:26:16,732 [s2-server-thread5] INFO  server.RaftServer$Division (RaftServerImpl.java:checkInconsistentAppendEntries(1609)) - s2@group-ECF61963C484: Failed appendEntries as previous log entry ((t:2, i:125)) is not found
2023-02-21 19:26:16,732 [s2-server-thread5] INFO  server.RaftServer$Division (RaftServerImpl.java:checkInconsistentAppendEntries(1579)) - s2@group-ECF61963C484: inconsistency entries. Reply:s0<-s2#1:FAIL-t3,INCONSISTENCY,nextIndex=125,followerCommit=121,matchIndex=-1
2023-02-21 19:26:16,741 [grpc-default-executor-6] WARN  server.GrpcLogAppender (GrpcLogAppender.java:onNextImpl(390)) - s0@group-ECF61963C484->s2-AppendLogResponseHandler: received INCONSISTENCY reply with nextIndex 125
2023-02-21 19:26:16,741 [grpc-default-executor-6] INFO  leader.FollowerInfo (FollowerInfoImpl.java:lambda$new$0(52)) - s0@group-ECF61963C484->s2: nextIndex: updateUnconditionally 125 -> 125
2023-02-21 19:26:16,750 [s2-server-thread5] INFO  server.RaftServer$Division (ServerState.java:setRaftConf(378)) - s2@group-ECF61963C484: set configuration 126: peers:[s0|rpc:localhost:36399|admin:localhost:45573|client:localhost:36971|dataStream:localhost:43269|priority:0|startupRole:FOLLOWER, s1|rpc:localhost:45309|admin:localhost:41751|client:localhost:45149|dataStream:localhost:41895|priority:0|startupRole:FOLLOWER, s2|rpc:localhost:36685|admin:localhost:46439|client:localhost:40511|dataStream:localhost:44375|priority:0|startupRole:FOLLOWER]|listeners:[], old=null
2023-02-21 19:26:16,750 [s2-server-thread5] INFO  segmented.SegmentedRaftLogWorker (SegmentedRaftLogWorker.java:rollLogSegment(436)) - s2@group-ECF61963C484-SegmentedRaftLogWorker: Rolling segment log-58_125 to index:125
2023-02-21 19:26:16,755 [s2@group-ECF61963C484-SegmentedRaftLogWorker] TRACE util.FileUtils (LogUtils.java:runAndLog(49)) - Successfully ran Atomic Files.move /home/runner/work/ratis/ratis/ratis-test/target/test/data/90d2e47f/MiniRaftClusterWithRpcTypeGrpcAndDataStreamTypeNettyb33d0f7d/s2/29fbe4a6-54bc-4e76-9658-ecf61963c484/current/log_inprogress_58 to /home/runner/work/ratis/ratis/ratis-test/target/test/data/90d2e47f/MiniRaftClusterWithRpcTypeGrpcAndDataStreamTypeNettyb33d0f7d/s2/29fbe4a6-54bc-4e76-9658-ecf61963c484/current/log_58-125
2023-02-21 19:26:16,755 [s2@group-ECF61963C484-SegmentedRaftLogWorker] INFO  segmented.SegmentedRaftLogWorker (SegmentedRaftLogWorker.java:execute(592)) - s2@group-ECF61963C484-SegmentedRaftLogWorker: Rolled log segment from /home/runner/work/ratis/ratis/ratis-test/target/test/data/90d2e47f/MiniRaftClusterWithRpcTypeGrpcAndDataStreamTypeNettyb33d0f7d/s2/29fbe4a6-54bc-4e76-9658-ecf61963c484/current/log_inprogress_58 to /home/runner/work/ratis/ratis/ratis-test/target/test/data/90d2e47f/MiniRaftClusterWithRpcTypeGrpcAndDataStreamTypeNettyb33d0f7d/s2/29fbe4a6-54bc-4e76-9658-ecf61963c484/current/log_58-125
2023-02-21 19:26:16,779 [s2@group-ECF61963C484-SegmentedRaftLogWorker] INFO  segmented.SegmentedRaftLogWorker (SegmentedRaftLogWorker.java:execute(635)) - s2@group-ECF61963C484-SegmentedRaftLogWorker: created new log segment /home/runner/work/ratis/ratis/ratis-test/target/test/data/90d2e47f/MiniRaftClusterWithRpcTypeGrpcAndDataStreamTypeNettyb33d0f7d/s2/29fbe4a6-54bc-4e76-9658-ecf61963c484/current/log_inprogress_126
2023-02-21 19:26:16,789 [s0-client-thread1] INFO  statemachine.StateMachine (DataStreamTestUtils.java:link(157)) - link null
2023-02-21 19:26:17,041 [s1@group-ECF61963C484-FollowerState] INFO  impl.FollowerState (FollowerState.java:run(143)) - s1@group-ECF61963C484-FollowerState: change to CANDIDATE, lastRpcElapsedTime:266740496ns, electionTimeout:233ms
2023-02-21 19:26:17,041 [s1@group-ECF61963C484-FollowerState] INFO  impl.RoleInfo (RoleInfo.java:shutdownFollowerState(110)) - s1: shutdown s1@group-ECF61963C484-FollowerState
2023-02-21 19:26:17,041 [s1@group-ECF61963C484-FollowerState] INFO  server.RaftServer$Division (RaftServerImpl.java:setRole(329)) - s1@group-ECF61963C484: changes role from  FOLLOWER to CANDIDATE at term 3 for changeToCandidate
2023-02-21 19:26:17,041 [s1@group-ECF61963C484-FollowerState] INFO  server.RaftServerConfigKeys (ConfUtils.java:logGet(46)) - raft.server.leaderelection.pre-vote = true (default)
2023-02-21 19:26:17,041 [s1@group-ECF61963C484-FollowerState] INFO  impl.RoleInfo (RoleInfo.java:updateAndGet(139)) - s1: start s1@group-ECF61963C484-LeaderElection7
2023-02-21 19:26:17,051 [s2@group-ECF61963C484-FollowerState] INFO  impl.FollowerState (FollowerState.java:run(143)) - s2@group-ECF61963C484-FollowerState: change to CANDIDATE, lastRpcElapsedTime:270666880ns, electionTimeout:202ms
2023-02-21 19:26:17,051 [s2@group-ECF61963C484-FollowerState] INFO  impl.RoleInfo (RoleInfo.java:shutdownFollowerState(110)) - s2: shutdown s2@group-ECF61963C484-FollowerState
2023-02-21 19:26:17,051 [s2@group-ECF61963C484-FollowerState] INFO  server.RaftServer$Division (RaftServerImpl.java:setRole(329)) - s2@group-ECF61963C484: changes role from  FOLLOWER to CANDIDATE at term 3 for changeToCandidate
2023-02-21 19:26:17,051 [s2@group-ECF61963C484-FollowerState] INFO  server.RaftServerConfigKeys (ConfUtils.java:logGet(46)) - raft.server.leaderelection.pre-vote = true (default)
2023-02-21 19:26:17,051 [s2@group-ECF61963C484-FollowerState] INFO  impl.RoleInfo (RoleInfo.java:updateAndGet(139)) - s2: start s2@group-ECF61963C484-LeaderElection8
2023-02-21 19:26:17,051 [s1@group-ECF61963C484-LeaderElection7] INFO  server.RaftServer$Division (ServerState.java:setLeader(260)) - s1@group-ECF61963C484: change Leader from s0 to null at term 3 for PRE_VOTE
2023-02-21 19:26:17,051 [s1@group-ECF61963C484-LeaderElection7] INFO  impl.LeaderElection (LeaderElection.java:askForVotes(309)) - s1@group-ECF61963C484-LeaderElection7 PRE_VOTE round 0: submit vote requests at term 3 for 126: peers:[s0|rpc:localhost:36399|admin:localhost:45573|client:localhost:36971|dataStream:localhost:43269|priority:0|startupRole:FOLLOWER, s1|rpc:localhost:45309|admin:localhost:41751|client:localhost:45149|dataStream:localhost:41895|priority:0|startupRole:FOLLOWER, s2|rpc:localhost:36685|admin:localhost:46439|client:localhost:40511|dataStream:localhost:44375|priority:0|startupRole:FOLLOWER]|listeners:[], old=null
2023-02-21 19:26:17,090 [s2@group-ECF61963C484-LeaderElection8] INFO  server.RaftServer$Division (ServerState.java:setLeader(260)) - s2@group-ECF61963C484: change Leader from s0 to null at term 3 for PRE_VOTE
2023-02-21 19:26:17,090 [s2@group-ECF61963C484-LeaderElection8] INFO  impl.LeaderElection (LeaderElection.java:askForVotes(309)) - s2@group-ECF61963C484-LeaderElection8 PRE_VOTE round 0: submit vote requests at term 3 for 126: peers:[s0|rpc:localhost:36399|admin:localhost:45573|client:localhost:36971|dataStream:localhost:43269|priority:0|startupRole:FOLLOWER, s1|rpc:localhost:45309|admin:localhost:41751|client:localhost:45149|dataStream:localhost:41895|priority:0|startupRole:FOLLOWER, s2|rpc:localhost:36685|admin:localhost:46439|client:localhost:40511|dataStream:localhost:44375|priority:0|startupRole:FOLLOWER]|listeners:[], old=null
2023-02-21 19:26:17,239 [grpc-default-executor-6] INFO  server.RaftServer$Division (RaftServerImpl.java:requestVote(1302)) - s0@group-ECF61963C484: receive requestVote(PRE_VOTE, s1, group-ECF61963C484, 3, (t:3, i:127))
2023-02-21 19:26:17,240 [grpc-default-executor-4] INFO  server.RaftServer$Division (RaftServerImpl.java:requestVote(1302)) - s2@group-ECF61963C484: receive requestVote(PRE_VOTE, s1, group-ECF61963C484, 3, (t:3, i:127))
2023-02-21 19:26:17,240 [grpc-default-executor-4] INFO  impl.VoteContext (VoteContext.java:log(49)) - s2@group-ECF61963C484-CANDIDATE: accept PRE_VOTE from s1: our priority 0 <= candidate's priority 0
2023-02-21 19:26:17,240 [grpc-default-executor-4] INFO  server.RaftServer$Division (RaftServerImpl.java:requestVote(1335)) - s2@group-ECF61963C484 replies to PRE_VOTE vote request: s1<-s2#0:OK-t3. Peer's state: s2@group-ECF61963C484:t3, leader=null, voted=s0, raftlog=Memoized:s2@group-ECF61963C484-SegmentedRaftLog:OPENED:c126, conf=126: peers:[s0|rpc:localhost:36399|admin:localhost:45573|client:localhost:36971|dataStream:localhost:43269|priority:0|startupRole:FOLLOWER, s1|rpc:localhost:45309|admin:localhost:41751|client:localhost:45149|dataStream:localhost:41895|priority:0|startupRole:FOLLOWER, s2|rpc:localhost:36685|admin:localhost:46439|client:localhost:40511|dataStream:localhost:44375|priority:0|startupRole:FOLLOWER]|listeners:[], old=null
2023-02-21 19:26:17,240 [grpc-default-executor-8] INFO  server.RaftServer$Division (RaftServerImpl.java:requestVote(1302)) - s0@group-ECF61963C484: receive requestVote(PRE_VOTE, s2, group-ECF61963C484, 3, (t:3, i:127))
2023-02-21 19:26:17,244 [s1@group-ECF61963C484-LeaderElection7] INFO  impl.LeaderElection (LeaderElection.java:logAndReturn(89)) - s1@group-ECF61963C484-LeaderElection7: PRE_VOTE PASSED received 1 response(s) and 0 exception(s):
2023-02-21 19:26:17,244 [s1@group-ECF61963C484-LeaderElection7] INFO  impl.LeaderElection (LeaderElection.java:logAndReturn(93)) -   Response 0: s1<-s2#0:OK-t3
2023-02-21 19:26:17,244 [s1@group-ECF61963C484-LeaderElection7] INFO  impl.LeaderElection (LeaderElection.java:askForVotes(311)) - s1@group-ECF61963C484-LeaderElection7 PRE_VOTE round 0: result PASSED
2023-02-21 19:26:17,246 [s1@group-ECF61963C484-LeaderElection7] INFO  impl.LeaderElection (LeaderElection.java:askForVotes(309)) - s1@group-ECF61963C484-LeaderElection7 ELECTION round 0: submit vote requests at term 4 for 126: peers:[s0|rpc:localhost:36399|admin:localhost:45573|client:localhost:36971|dataStream:localhost:43269|priority:0|startupRole:FOLLOWER, s1|rpc:localhost:45309|admin:localhost:41751|client:localhost:45149|dataStream:localhost:41895|priority:0|startupRole:FOLLOWER, s2|rpc:localhost:36685|admin:localhost:46439|client:localhost:40511|dataStream:localhost:44375|priority:0|startupRole:FOLLOWER]|listeners:[], old=null
2023-02-21 19:26:17,430 [grpc-default-executor-4] INFO  server.RaftServer$Division (RaftServerImpl.java:requestVote(1302)) - s0@group-ECF61963C484: receive requestVote(ELECTION, s1, group-ECF61963C484, 4, (t:3, i:127))
2023-02-21 19:26:17,430 [grpc-default-executor-2] INFO  server.RaftServer$Division (RaftServerImpl.java:requestVote(1302)) - s1@group-ECF61963C484: receive requestVote(PRE_VOTE, s2, group-ECF61963C484, 3, (t:3, i:127))
2023-02-21 19:26:17,430 [grpc-default-executor-2] INFO  impl.VoteContext (VoteContext.java:log(49)) - s1@group-ECF61963C484-CANDIDATE: accept PRE_VOTE from s2: our priority 0 <= candidate's priority 0
2023-02-21 19:26:17,430 [grpc-default-executor-2] INFO  server.RaftServer$Division (RaftServerImpl.java:requestVote(1335)) - s1@group-ECF61963C484 replies to PRE_VOTE vote request: s2<-s1#0:OK-t4. Peer's state: s1@group-ECF61963C484:t4, leader=null, voted=s1, raftlog=Memoized:s1@group-ECF61963C484-SegmentedRaftLog:OPENED:c126, conf=126: peers:[s0|rpc:localhost:36399|admin:localhost:45573|client:localhost:36971|dataStream:localhost:43269|priority:0|startupRole:FOLLOWER, s1|rpc:localhost:45309|admin:localhost:41751|client:localhost:45149|dataStream:localhost:41895|priority:0|startupRole:FOLLOWER, s2|rpc:localhost:36685|admin:localhost:46439|client:localhost:40511|dataStream:localhost:44375|priority:0|startupRole:FOLLOWER]|listeners:[], old=null
2023-02-21 19:26:17,431 [s2@group-ECF61963C484-LeaderElection8] INFO  impl.LeaderElection (LeaderElection.java:logAndReturn(89)) - s2@group-ECF61963C484-LeaderElection8: PRE_VOTE DISCOVERED_A_NEW_TERM (term=4) received 1 response(s) and 0 exception(s):
2023-02-21 19:26:17,431 [s2@group-ECF61963C484-LeaderElection8] INFO  impl.LeaderElection (LeaderElection.java:logAndReturn(93)) -   Response 0: s2<-s1#0:OK-t4
2023-02-21 19:26:17,431 [s2@group-ECF61963C484-LeaderElection8] INFO  impl.LeaderElection (LeaderElection.java:askForVotes(311)) - s2@group-ECF61963C484-LeaderElection8 PRE_VOTE round 0: result DISCOVERED_A_NEW_TERM (term=4)
2023-02-21 19:26:17,431 [s2@group-ECF61963C484-LeaderElection8] INFO  server.RaftServer$Division (RaftServerImpl.java:setRole(329)) - s2@group-ECF61963C484: changes role from CANDIDATE to FOLLOWER at term 4 for DISCOVERED_A_NEW_TERM (term=4)
2023-02-21 19:26:17,431 [s2@group-ECF61963C484-LeaderElection8] INFO  impl.RoleInfo (RoleInfo.java:shutdownLeaderElection(130)) - s2: shutdown s2@group-ECF61963C484-LeaderElection8
2023-02-21 19:26:17,431 [s2@group-ECF61963C484-LeaderElection8] INFO  impl.RoleInfo (RoleInfo.java:updateAndGet(139)) - s2: start s2@group-ECF61963C484-FollowerState
2023-02-21 19:26:17,606 [s2@group-ECF61963C484-FollowerState] INFO  impl.FollowerState (FollowerState.java:run(143)) - s2@group-ECF61963C484-FollowerState: change to CANDIDATE, lastRpcElapsedTime:173766270ns, electionTimeout:159ms
2023-02-21 19:26:17,612 [s2@group-ECF61963C484-FollowerState] INFO  impl.RoleInfo (RoleInfo.java:shutdownFollowerState(110)) - s2: shutdown s2@group-ECF61963C484-FollowerState
2023-02-21 19:26:17,623 [s2@group-ECF61963C484-FollowerState] INFO  server.RaftServer$Division (RaftServerImpl.java:setRole(329)) - s2@group-ECF61963C484: changes role from  FOLLOWER to CANDIDATE at term 4 for changeToCandidate
2023-02-21 19:26:17,626 [s2@group-ECF61963C484-FollowerState] INFO  server.RaftServerConfigKeys (ConfUtils.java:logGet(46)) - raft.server.leaderelection.pre-vote = true (default)
2023-02-21 19:26:17,626 [s2@group-ECF61963C484-FollowerState] INFO  impl.RoleInfo (RoleInfo.java:updateAndGet(139)) - s2: start s2@group-ECF61963C484-LeaderElection9
2023-02-21 19:26:17,648 [s2@group-ECF61963C484-LeaderElection9] INFO  impl.LeaderElection (LeaderElection.java:askForVotes(309)) - s2@group-ECF61963C484-LeaderElection9 PRE_VOTE round 0: submit vote requests at term 4 for 126: peers:[s0|rpc:localhost:36399|admin:localhost:45573|client:localhost:36971|dataStream:localhost:43269|priority:0|startupRole:FOLLOWER, s1|rpc:localhost:45309|admin:localhost:41751|client:localhost:45149|dataStream:localhost:41895|priority:0|startupRole:FOLLOWER, s2|rpc:localhost:36685|admin:localhost:46439|client:localhost:40511|dataStream:localhost:44375|priority:0|startupRole:FOLLOWER]|listeners:[], old=null
2023-02-21 19:26:17,703 [s1@group-ECF61963C484-LeaderElection7] INFO  impl.LeaderElection (LeaderElection.java:logAndReturn(89)) - s1@group-ECF61963C484-LeaderElection7: ELECTION TIMEOUT received 0 response(s) and 0 exception(s):
2023-02-21 19:26:17,703 [s1@group-ECF61963C484-LeaderElection7] INFO  impl.LeaderElection (LeaderElection.java:askForVotes(311)) - s1@group-ECF61963C484-LeaderElection7 ELECTION round 0: result TIMEOUT
2023-02-21 19:26:17,704 [s1@group-ECF61963C484-LeaderElection7] INFO  impl.LeaderElection (LeaderElection.java:askForVotes(309)) - s1@group-ECF61963C484-LeaderElection7 ELECTION round 1: submit vote requests at term 5 for 126: peers:[s0|rpc:localhost:36399|admin:localhost:45573|client:localhost:36971|dataStream:localhost:43269|priority:0|startupRole:FOLLOWER, s1|rpc:localhost:45309|admin:localhost:41751|client:localhost:45149|dataStream:localhost:41895|priority:0|startupRole:FOLLOWER, s2|rpc:localhost:36685|admin:localhost:46439|client:localhost:40511|dataStream:localhost:44375|priority:0|startupRole:FOLLOWER]|listeners:[], old=null
2023-02-21 19:26:17,886 [grpc-default-executor-2] INFO  server.RaftServer$Division (RaftServerImpl.java:requestVote(1302)) - s2@group-ECF61963C484: receive requestVote(ELECTION, s1, group-ECF61963C484, 4, (t:3, i:127))
2023-02-21 19:26:17,887 [grpc-default-executor-2] INFO  impl.VoteContext (VoteContext.java:log(49)) - s2@group-ECF61963C484-CANDIDATE: accept ELECTION from s1: our priority 0 <= candidate's priority 0
2023-02-21 19:26:17,887 [grpc-default-executor-2] INFO  server.RaftServer$Division (RaftServerImpl.java:setRole(329)) - s2@group-ECF61963C484: changes role from CANDIDATE to FOLLOWER at term 4 for candidate:s1
2023-02-21 19:26:17,887 [grpc-default-executor-2] INFO  impl.RoleInfo (RoleInfo.java:shutdownLeaderElection(130)) - s2: shutdown s2@group-ECF61963C484-LeaderElection9
2023-02-21 19:26:17,887 [grpc-default-executor-2] INFO  impl.RoleInfo (RoleInfo.java:updateAndGet(139)) - s2: start s2@group-ECF61963C484-FollowerState
2023-02-21 19:26:17,888 [grpc-default-executor-2] INFO  server.RaftServer$Division (RaftServerImpl.java:requestVote(1335)) - s2@group-ECF61963C484 replies to ELECTION vote request: s1<-s2#0:OK-t4. Peer's state: s2@group-ECF61963C484:t4, leader=null, voted=s1, raftlog=Memoized:s2@group-ECF61963C484-SegmentedRaftLog:OPENED:c126, conf=126: peers:[s0|rpc:localhost:36399|admin:localhost:45573|client:localhost:36971|dataStream:localhost:43269|priority:0|startupRole:FOLLOWER, s1|rpc:localhost:45309|admin:localhost:41751|client:localhost:45149|dataStream:localhost:41895|priority:0|startupRole:FOLLOWER, s2|rpc:localhost:36685|admin:localhost:46439|client:localhost:40511|dataStream:localhost:44375|priority:0|startupRole:FOLLOWER]|listeners:[], old=null
2023-02-21 19:26:17,965 [pool-9-thread-5] INFO  datastream.DataStreamTestUtils (DataStreamTestUtils.java:writeAndCloseAndAssertReplies(320)) - Stream449: bytesWritten=3740366
2023-02-21 19:26:17,967 [grpc-default-executor-0] INFO  server.RaftServer$Division (RaftServerImpl.java:requestVote(1302)) - s0@group-ECF61963C484: receive requestVote(PRE_VOTE, s2, group-ECF61963C484, 4, (t:3, i:127))
2023-02-21 19:26:17,967 [grpc-default-executor-7] INFO  server.RaftServer$Division (RaftServerImpl.java:requestVote(1302)) - s0@group-ECF61963C484: receive requestVote(ELECTION, s1, group-ECF61963C484, 5, (t:3, i:127))
2023-02-21 19:26:17,967 [grpc-default-executor-2] INFO  server.RaftServer$Division (RaftServerImpl.java:requestVote(1302)) - s1@group-ECF61963C484: receive requestVote(PRE_VOTE, s2, group-ECF61963C484, 4, (t:3, i:127))
2023-02-21 19:26:17,967 [grpc-default-executor-2] INFO  impl.VoteContext (VoteContext.java:log(49)) - s1@group-ECF61963C484-CANDIDATE: accept PRE_VOTE from s2: our priority 0 <= candidate's priority 0
2023-02-21 19:26:17,968 [grpc-default-executor-2] INFO  server.RaftServer$Division (RaftServerImpl.java:requestVote(1335)) - s1@group-ECF61963C484 replies to PRE_VOTE vote request: s2<-s1#0:OK-t5. Peer's state: s1@group-ECF61963C484:t5, leader=null, voted=s1, raftlog=Memoized:s1@group-ECF61963C484-SegmentedRaftLog:OPENED:c126, conf=126: peers:[s0|rpc:localhost:36399|admin:localhost:45573|client:localhost:36971|dataStream:localhost:43269|priority:0|startupRole:FOLLOWER, s1|rpc:localhost:45309|admin:localhost:41751|client:localhost:45149|dataStream:localhost:41895|priority:0|startupRole:FOLLOWER, s2|rpc:localhost:36685|admin:localhost:46439|client:localhost:40511|dataStream:localhost:44375|priority:0|startupRole:FOLLOWER]|listeners:[], old=null
2023-02-21 19:26:17,969 [s2@group-ECF61963C484-LeaderElection9] INFO  impl.LeaderElection (LeaderElection.java:logAndReturn(89)) - s2@group-ECF61963C484-LeaderElection9: PRE_VOTE DISCOVERED_A_NEW_TERM (term=5) received 1 response(s) and 0 exception(s):
2023-02-21 19:26:17,969 [s2@group-ECF61963C484-LeaderElection9] INFO  impl.LeaderElection (LeaderElection.java:logAndReturn(93)) -   Response 0: s2<-s1#0:OK-t5
2023-02-21 19:26:17,969 [s2@group-ECF61963C484-LeaderElection9] INFO  impl.LeaderElection (LeaderElection.java:askForVotes(311)) - s2@group-ECF61963C484-LeaderElection9 PRE_VOTE round 0: result DISCOVERED_A_NEW_TERM (term=5)
2023-02-21 19:26:18,015 [grpc-default-executor-2] INFO  server.RaftServer$Division (RaftServerImpl.java:requestVote(1302)) - s2@group-ECF61963C484: receive requestVote(ELECTION, s1, group-ECF61963C484, 5, (t:3, i:127))
2023-02-21 19:26:18,015 [grpc-default-executor-2] INFO  impl.VoteContext (VoteContext.java:log(49)) - s2@group-ECF61963C484-FOLLOWER: accept ELECTION from s1: our priority 0 <= candidate's priority 0
2023-02-21 19:26:18,015 [grpc-default-executor-2] INFO  server.RaftServer$Division (RaftServerImpl.java:setRole(329)) - s2@group-ECF61963C484: changes role from  FOLLOWER to FOLLOWER at term 5 for candidate:s1
2023-02-21 19:26:18,015 [grpc-default-executor-2] INFO  impl.RoleInfo (RoleInfo.java:shutdownFollowerState(110)) - s2: shutdown s2@group-ECF61963C484-FollowerState
2023-02-21 19:26:18,015 [grpc-default-executor-2] INFO  impl.RoleInfo (RoleInfo.java:updateAndGet(139)) - s2: start s2@group-ECF61963C484-FollowerState
2023-02-21 19:26:18,015 [s2@group-ECF61963C484-FollowerState] INFO  impl.FollowerState (FollowerState.java:run(152)) - s2@group-ECF61963C484-FollowerState was interrupted
2023-02-21 19:26:18,110 [grpc-default-executor-7] INFO  impl.VoteContext (VoteContext.java:log(49)) - s0@group-ECF61963C484-LEADER: reject ELECTION from s1: our last entry (t:3, i:128) > candidate's last entry (t:3, i:127)
2023-02-21 19:26:18,111 [grpc-default-executor-7] INFO  server.RaftServer$Division (ServerState.java:setLeader(260)) - s0@group-ECF61963C484: change Leader from s0 to null at term 5 for updateCurrentTerm
2023-02-21 19:26:18,111 [grpc-default-executor-7] INFO  server.RaftServer$Division (RaftServerImpl.java:setRole(329)) - s0@group-ECF61963C484: changes role from    LEADER to FOLLOWER at term 5 for candidate:s1
2023-02-21 19:26:18,111 [grpc-default-executor-7] INFO  impl.RoleInfo (RoleInfo.java:shutdownLeaderState(93)) - s0: shutdown s0@group-ECF61963C484-LeaderStateImpl
2023-02-21 19:26:18,111 [grpc-default-executor-7] INFO  impl.PendingRequests (PendingRequests.java:sendNotLeaderResponses(282)) - s0@group-ECF61963C484-PendingRequests: sendNotLeaderResponses
2023-02-21 19:26:18,113 [JvmPauseMonitor5] WARN  util.JvmPauseMonitor (JvmPauseMonitor.java:detectPause(126)) - JvmPauseMonitor-s1: Detected pause in JVM or host machine (eg GC): pause of approximately 110724680ns.
GC pool 'G1 Young Generation' had collection(s): count=1 time=105ms
2023-02-21 19:26:18,113 [JvmPauseMonitor6] WARN  util.JvmPauseMonitor (JvmPauseMonitor.java:detectPause(126)) - JvmPauseMonitor-s2: Detected pause in JVM or host machine (eg GC): pause of approximately 110974498ns.
GC pool 'G1 Young Generation' had collection(s): count=1 time=105ms
2023-02-21 19:26:18,116 [JvmPauseMonitor4] WARN  util.JvmPauseMonitor (JvmPauseMonitor.java:detectPause(126)) - JvmPauseMonitor-s0: Detected pause in JVM or host machine (eg GC): pause of approximately 109826314ns.
GC pool 'G1 Young Generation' had collection(s): count=1 time=105ms
2023-02-21 19:26:18,118 [grpc-default-executor-7] INFO  impl.RoleInfo (RoleInfo.java:updateAndGet(139)) - s0: start s0@group-ECF61963C484-FollowerState
2023-02-21 19:26:18,123 [s0@group-ECF61963C484->s2-GrpcLogAppender-LogAppenderDaemon] WARN  server.GrpcLogAppender (GrpcLogAppender.java:mayWait(199)) - s0@group-ECF61963C484->s2-GrpcLogAppender: Wait interrupted by java.lang.InterruptedException
2023-02-21 19:26:18,123 [s0@group-ECF61963C484->s1-GrpcLogAppender-LogAppenderDaemon] WARN  server.GrpcLogAppender (GrpcLogAppender.java:mayWait(199)) - s0@group-ECF61963C484->s1-GrpcLogAppender: Wait interrupted by java.lang.InterruptedException
2023-02-21 19:26:18,124 [grpc-default-executor-7] INFO  server.RaftServer$Division (RaftServerImpl.java:requestVote(1335)) - s0@group-ECF61963C484 replies to ELECTION vote request: s1<-s0#0:FAIL-t5. Peer's state: s0@group-ECF61963C484:t5, leader=null, voted=null, raftlog=Memoized:s0@group-ECF61963C484-SegmentedRaftLog:OPENED:c127, conf=126: peers:[s0|rpc:localhost:36399|admin:localhost:45573|client:localhost:36971|dataStream:localhost:43269|priority:0|startupRole:FOLLOWER, s1|rpc:localhost:45309|admin:localhost:41751|client:localhost:45149|dataStream:localhost:41895|priority:0|startupRole:FOLLOWER, s2|rpc:localhost:36685|admin:localhost:46439|client:localhost:40511|dataStream:localhost:44375|priority:0|startupRole:FOLLOWER]|listeners:[], old=null
2023-02-21 19:26:18,125 [grpc-default-executor-0] INFO  impl.VoteContext (VoteContext.java:log(49)) - s0@group-ECF61963C484-FOLLOWER: reject PRE_VOTE from s2: our last entry (t:3, i:128) > candidate's last entry (t:3, i:127)
2023-02-21 19:26:18,125 [grpc-default-executor-0] INFO  server.RaftServer$Division (RaftServerImpl.java:requestVote(1335)) - s0@group-ECF61963C484 replies to PRE_VOTE vote request: s2<-s0#0:FAIL-t5. Peer's state: s0@group-ECF61963C484:t5, leader=null, voted=null, raftlog=Memoized:s0@group-ECF61963C484-SegmentedRaftLog:OPENED:c127, conf=126: peers:[s0|rpc:localhost:36399|admin:localhost:45573|client:localhost:36971|dataStream:localhost:43269|priority:0|startupRole:FOLLOWER, s1|rpc:localhost:45309|admin:localhost:41751|client:localhost:45149|dataStream:localhost:41895|priority:0|startupRole:FOLLOWER, s2|rpc:localhost:36685|admin:localhost:46439|client:localhost:40511|dataStream:localhost:44375|priority:0|startupRole:FOLLOWER]|listeners:[], old=null
2023-02-21 19:26:18,125 [grpc-default-executor-4] INFO  impl.VoteContext (VoteContext.java:log(49)) - s0@group-ECF61963C484-FOLLOWER: reject ELECTION from s1: current term 5 > candidate's term 4
2023-02-21 19:26:18,125 [grpc-default-executor-4] INFO  server.RaftServer$Division (RaftServerImpl.java:requestVote(1335)) - s0@group-ECF61963C484 replies to ELECTION vote request: s1<-s0#0:FAIL-t5. Peer's state: s0@group-ECF61963C484:t5, leader=null, voted=null, raftlog=Memoized:s0@group-ECF61963C484-SegmentedRaftLog:OPENED:c127, conf=126: peers:[s0|rpc:localhost:36399|admin:localhost:45573|client:localhost:36971|dataStream:localhost:43269|priority:0|startupRole:FOLLOWER, s1|rpc:localhost:45309|admin:localhost:41751|client:localhost:45149|dataStream:localhost:41895|priority:0|startupRole:FOLLOWER, s2|rpc:localhost:36685|admin:localhost:46439|client:localhost:40511|dataStream:localhost:44375|priority:0|startupRole:FOLLOWER]|listeners:[], old=null
2023-02-21 19:26:18,125 [grpc-default-executor-8] INFO  impl.VoteContext (VoteContext.java:log(49)) - s0@group-ECF61963C484-FOLLOWER: reject PRE_VOTE from s2: our last entry (t:3, i:128) > candidate's last entry (t:3, i:127)
2023-02-21 19:26:18,125 [grpc-default-executor-8] INFO  server.RaftServer$Division (RaftServerImpl.java:requestVote(1335)) - s0@group-ECF61963C484 replies to PRE_VOTE vote request: s2<-s0#0:FAIL-t5. Peer's state: s0@group-ECF61963C484:t5, leader=null, voted=null, raftlog=Memoized:s0@group-ECF61963C484-SegmentedRaftLog:OPENED:c127, conf=126: peers:[s0|rpc:localhost:36399|admin:localhost:45573|client:localhost:36971|dataStream:localhost:43269|priority:0|startupRole:FOLLOWER, s1|rpc:localhost:45309|admin:localhost:41751|client:localhost:45149|dataStream:localhost:41895|priority:0|startupRole:FOLLOWER, s2|rpc:localhost:36685|admin:localhost:46439|client:localhost:40511|dataStream:localhost:44375|priority:0|startupRole:FOLLOWER]|listeners:[], old=null
2023-02-21 19:26:18,126 [grpc-default-executor-6] INFO  impl.VoteContext (VoteContext.java:log(49)) - s0@group-ECF61963C484-FOLLOWER: reject PRE_VOTE from s1: our last entry (t:3, i:128) > candidate's last entry (t:3, i:127)
2023-02-21 19:26:18,126 [grpc-default-executor-6] INFO  server.RaftServer$Division (RaftServerImpl.java:requestVote(1335)) - s0@group-ECF61963C484 replies to PRE_VOTE vote request: s1<-s0#0:FAIL-t5. Peer's state: s0@group-ECF61963C484:t5, leader=null, voted=null, raftlog=Memoized:s0@group-ECF61963C484-SegmentedRaftLog:OPENED:c127, conf=126: peers:[s0|rpc:localhost:36399|admin:localhost:45573|client:localhost:36971|dataStream:localhost:43269|priority:0|startupRole:FOLLOWER, s1|rpc:localhost:45309|admin:localhost:41751|client:localhost:45149|dataStream:localhost:41895|priority:0|startupRole:FOLLOWER, s2|rpc:localhost:36685|admin:localhost:46439|client:localhost:40511|dataStream:localhost:44375|priority:0|startupRole:FOLLOWER]|listeners:[], old=null
2023-02-21 19:26:18,137 [grpc-default-executor-11] INFO  server.GrpcServerProtocolService (GrpcServerProtocolService.java:onCompleted(143)) - s1: Completed APPEND_ENTRIES, lastRequest: s0->s1#10-t3,previous=(t:3, i:127),leaderCommit=127,initializing? true,entries: size=1, first=(t:3, i:128), STATEMACHINELOGENTRY, 439@client-8A0E3AB17445
2023-02-21 19:26:18,140 [grpc-default-executor-9] WARN  server.GrpcLogAppender (GrpcLogAppender.java:onNextImpl(383)) - s0@group-ECF61963C484->s1-AppendLogResponseHandler: received NOT_LEADER reply with term 5
2023-02-21 19:26:18,140 [grpc-default-executor-9] INFO  server.GrpcLogAppender (GrpcLogAppender.java:onCompleted(417)) - s0@group-ECF61963C484->s1-AppendLogResponseHandler: follower responses appendEntries COMPLETED
2023-02-21 19:26:18,141 [grpc-default-executor-9] INFO  leader.FollowerInfo (FollowerInfoImpl.java:lambda$new$0(52)) - s0@group-ECF61963C484->s1: nextIndex: updateUnconditionally 129 -> 128
2023-02-21 19:26:18,141 [grpc-default-executor-5] INFO  server.GrpcServerProtocolService (GrpcServerProtocolService.java:onCompleted(143)) - s1: Completed APPEND_ENTRIES, lastRequest: null
2023-02-21 19:26:18,141 [grpc-default-executor-8] WARN  server.GrpcLogAppender (GrpcLogAppender.java:onNextImpl(383)) - s0@group-ECF61963C484->s1-AppendLogResponseHandler: received NOT_LEADER reply with term 5
2023-02-21 19:26:18,142 [grpc-default-executor-5] WARN  server.GrpcLogAppender (GrpcLogAppender.java:onNextImpl(383)) - s0@group-ECF61963C484->s1-AppendLogResponseHandler: received NOT_LEADER reply with term 5
2023-02-21 19:26:18,158 [grpc-default-executor-2] INFO  server.RaftServer$Division (RaftServerImpl.java:requestVote(1335)) - s2@group-ECF61963C484 replies to ELECTION vote request: s1<-s2#0:OK-t5. Peer's state: s2@group-ECF61963C484:t5, leader=null, voted=s1, raftlog=Memoized:s2@group-ECF61963C484-SegmentedRaftLog:OPENED:c126, conf=126: peers:[s0|rpc:localhost:36399|admin:localhost:45573|client:localhost:36971|dataStream:localhost:43269|priority:0|startupRole:FOLLOWER, s1|rpc:localhost:45309|admin:localhost:41751|client:localhost:45149|dataStream:localhost:41895|priority:0|startupRole:FOLLOWER, s2|rpc:localhost:36685|admin:localhost:46439|client:localhost:40511|dataStream:localhost:44375|priority:0|startupRole:FOLLOWER]|listeners:[], old=null
2023-02-21 19:26:18,160 [grpc-default-executor-6] INFO  server.GrpcServerProtocolService (GrpcServerProtocolService.java:onCompleted(143)) - s2: Completed APPEND_ENTRIES, lastRequest: s0->s2#10-t3,previous=(t:3, i:127),leaderCommit=127,initializing? true,entries: size=1, first=(t:3, i:128), STATEMACHINELOGENTRY, 439@client-8A0E3AB17445
2023-02-21 19:26:18,161 [grpc-default-executor-11] WARN  server.GrpcLogAppender (GrpcLogAppender.java:onNextImpl(383)) - s0@group-ECF61963C484->s2-AppendLogResponseHandler: received NOT_LEADER reply with term 5
2023-02-21 19:26:18,161 [grpc-default-executor-11] INFO  server.GrpcLogAppender (GrpcLogAppender.java:onCompleted(417)) - s0@group-ECF61963C484->s2-AppendLogResponseHandler: follower responses appendEntries COMPLETED
2023-02-21 19:26:18,162 [grpc-default-executor-11] INFO  leader.FollowerInfo (FollowerInfoImpl.java:lambda$new$0(52)) - s0@group-ECF61963C484->s2: nextIndex: updateUnconditionally 129 -> 128
2023-02-21 19:26:18,162 [s1@group-ECF61963C484-LeaderElection7] INFO  impl.LeaderElection (LeaderElection.java:logAndReturn(89)) - s1@group-ECF61963C484-LeaderElection7: ELECTION PASSED received 2 response(s) and 0 exception(s):
2023-02-21 19:26:18,162 [s1@group-ECF61963C484-LeaderElection7] INFO  impl.LeaderElection (LeaderElection.java:logAndReturn(93)) -   Response 0: s1<-s0#0:FAIL-t5
2023-02-21 19:26:18,162 [s1@group-ECF61963C484-LeaderElection7] INFO  impl.LeaderElection (LeaderElection.java:logAndReturn(93)) -   Response 1: s1<-s2#0:OK-t5
2023-02-21 19:26:18,162 [s1@group-ECF61963C484-LeaderElection7] INFO  impl.LeaderElection (LeaderElection.java:askForVotes(311)) - s1@group-ECF61963C484-LeaderElection7 ELECTION round 1: result PASSED
2023-02-21 19:26:18,162 [s1@group-ECF61963C484-LeaderElection7] INFO  impl.RoleInfo (RoleInfo.java:shutdownLeaderElection(130)) - s1: shutdown s1@group-ECF61963C484-LeaderElection7
2023-02-21 19:26:18,162 [s1@group-ECF61963C484-LeaderElection7] INFO  server.RaftServer$Division (RaftServerImpl.java:setRole(329)) - s1@group-ECF61963C484: changes role from CANDIDATE to LEADER at term 5 for changeToLeader
2023-02-21 19:26:18,162 [s1@group-ECF61963C484-LeaderElection7] INFO  server.RaftServer$Division (ServerState.java:setLeader(260)) - s1@group-ECF61963C484: change Leader from null to s1 at term 5 for becomeLeader, leader elected after 1110ms
2023-02-21 19:26:18,162 [s1@group-ECF61963C484-LeaderElection7] INFO  server.RaftServerConfigKeys (ConfUtils.java:logGet(46)) - raft.server.staging.catchup.gap = 1000 (default)
2023-02-21 19:26:18,162 [s1@group-ECF61963C484-LeaderElection7] INFO  server.RaftServerConfigKeys (ConfUtils.java:logGet(46)) - raft.server.write.element-limit = 4096 (default)
2023-02-21 19:26:18,162 [s1@group-ECF61963C484-LeaderElection7] INFO  server.RaftServerConfigKeys (ConfUtils.java:logGet(46)) - raft.server.write.byte-limit = 64MB (=67108864) (default)
2023-02-21 19:26:18,162 [s1@group-ECF61963C484-LeaderElection7] INFO  server.RaftServerConfigKeys (ConfUtils.java:logGet(46)) - raft.server.watch.timeout = 10s (default)
2023-02-21 19:26:18,162 [s1@group-ECF61963C484-LeaderElection7] INFO  server.RaftServerConfigKeys (ConfUtils.java:logGet(46)) - raft.server.watch.timeout.denomination = 1s (default)
2023-02-21 19:26:18,162 [s1@group-ECF61963C484-LeaderElection7] INFO  server.RaftServerConfigKeys (ConfUtils.java:logGet(46)) - raft.server.watch.element-limit = 65536 (default)
2023-02-21 19:26:18,162 [s1@group-ECF61963C484-LeaderElection7] INFO  server.RaftServerConfigKeys (ConfUtils.java:logGet(46)) - raft.server.write.element-limit = 4096 (default)
2023-02-21 19:26:18,162 [s1@group-ECF61963C484-LeaderElection7] INFO  server.RaftServerConfigKeys (ConfUtils.java:logGet(46)) - raft.server.write.follower.gap.ratio.max = -1.0 (default)
2023-02-21 19:26:18,163 [s1@group-ECF61963C484-LeaderElection7] INFO  server.RaftServerConfigKeys (ConfUtils.java:logGet(46)) - raft.server.log.appender.snapshot.chunk.size.max = 16MB (=16777216) (default)
2023-02-21 19:26:18,163 [s1@group-ECF61963C484-LeaderElection7] INFO  server.RaftServerConfigKeys (ConfUtils.java:logGet(46)) - raft.server.log.appender.buffer.byte-limit = 4MB (=4194304) (default)
2023-02-21 19:26:18,163 [s1@group-ECF61963C484-LeaderElection7] INFO  server.RaftServerConfigKeys (ConfUtils.java:logGet(46)) - raft.server.log.appender.buffer.element-limit = 0 (default)
2023-02-21 19:26:18,163 [s1@group-ECF61963C484-LeaderElection7] INFO  grpc.GrpcConfigKeys (ConfUtils.java:logGet(46)) - raft.grpc.server.leader.outstanding.appends.max = 128 (default)
2023-02-21 19:26:18,163 [s1@group-ECF61963C484-LeaderElection7] INFO  server.RaftServerConfigKeys (ConfUtils.java:logGet(46)) - raft.server.rpc.request.timeout = 3000ms (default)
2023-02-21 19:26:18,163 [s1@group-ECF61963C484-LeaderElection7] INFO  server.RaftServerConfigKeys (ConfUtils.java:logGet(46)) - raft.server.log.appender.install.snapshot.enabled = true (default)
2023-02-21 19:26:18,163 [s1@group-ECF61963C484-LeaderElection7] INFO  grpc.GrpcConfigKeys (ConfUtils.java:logGet(46)) - raft.grpc.server.heartbeat.channel = true (default)
2023-02-21 19:26:18,163 [s1@group-ECF61963C484-LeaderElection7] INFO  server.RaftServerConfigKeys (ConfUtils.java:logGet(46)) - raft.server.log.appender.wait-time.min = 10ms (default)
2023-02-21 19:26:18,163 [s1@group-ECF61963C484-LeaderElection7] INFO  server.RaftServerConfigKeys (ConfUtils.java:logGet(46)) - raft.server.log.appender.snapshot.chunk.size.max = 16MB (=16777216) (default)
2023-02-21 19:26:18,163 [s1@group-ECF61963C484-LeaderElection7] INFO  server.RaftServerConfigKeys (ConfUtils.java:logGet(46)) - raft.server.log.appender.buffer.byte-limit = 4MB (=4194304) (default)
2023-02-21 19:26:18,163 [s1@group-ECF61963C484-LeaderElection7] INFO  server.RaftServerConfigKeys (ConfUtils.java:logGet(46)) - raft.server.log.appender.buffer.element-limit = 0 (default)
2023-02-21 19:26:18,163 [s1@group-ECF61963C484-LeaderElection7] INFO  grpc.GrpcConfigKeys (ConfUtils.java:logGet(46)) - raft.grpc.server.leader.outstanding.appends.max = 128 (default)
2023-02-21 19:26:18,163 [s1@group-ECF61963C484-LeaderElection7] INFO  server.RaftServerConfigKeys (ConfUtils.java:logGet(46)) - raft.server.rpc.request.timeout = 3000ms (default)
2023-02-21 19:26:18,163 [s1@group-ECF61963C484-LeaderElection7] INFO  server.RaftServerConfigKeys (ConfUtils.java:logGet(46)) - raft.server.log.appender.install.snapshot.enabled = true (default)
2023-02-21 19:26:18,163 [s1@group-ECF61963C484-LeaderElection7] INFO  grpc.GrpcConfigKeys (ConfUtils.java:logGet(46)) - raft.grpc.server.heartbeat.channel = true (default)
2023-02-21 19:26:18,163 [s1@group-ECF61963C484-LeaderElection7] INFO  server.RaftServerConfigKeys (ConfUtils.java:logGet(46)) - raft.server.log.appender.wait-time.min = 10ms (default)
2023-02-21 19:26:18,164 [s1@group-ECF61963C484-LeaderElection7] INFO  impl.RoleInfo (RoleInfo.java:updateAndGet(139)) - s1: start s1@group-ECF61963C484-LeaderStateImpl
2023-02-21 19:26:18,164 [s1@group-ECF61963C484-LeaderElection7] INFO  segmented.SegmentedRaftLogWorker (SegmentedRaftLogWorker.java:rollLogSegment(436)) - s1@group-ECF61963C484-SegmentedRaftLogWorker: Rolling segment log-126_127 to index:127
2023-02-21 19:26:18,165 [s1@group-ECF61963C484-SegmentedRaftLogWorker] TRACE util.FileUtils (LogUtils.java:runAndLog(49)) - Successfully ran Atomic Files.move /home/runner/work/ratis/ratis/ratis-test/target/test/data/90d2e47f/MiniRaftClusterWithRpcTypeGrpcAndDataStreamTypeNettyb33d0f7d/s1/29fbe4a6-54bc-4e76-9658-ecf61963c484/current/log_inprogress_126 to /home/runner/work/ratis/ratis/ratis-test/target/test/data/90d2e47f/MiniRaftClusterWithRpcTypeGrpcAndDataStreamTypeNettyb33d0f7d/s1/29fbe4a6-54bc-4e76-9658-ecf61963c484/current/log_126-127
2023-02-21 19:26:18,165 [s1@group-ECF61963C484-SegmentedRaftLogWorker] INFO  segmented.SegmentedRaftLogWorker (SegmentedRaftLogWorker.java:execute(592)) - s1@group-ECF61963C484-SegmentedRaftLogWorker: Rolled log segment from /home/runner/work/ratis/ratis/ratis-test/target/test/data/90d2e47f/MiniRaftClusterWithRpcTypeGrpcAndDataStreamTypeNettyb33d0f7d/s1/29fbe4a6-54bc-4e76-9658-ecf61963c484/current/log_inprogress_126 to /home/runner/work/ratis/ratis/ratis-test/target/test/data/90d2e47f/MiniRaftClusterWithRpcTypeGrpcAndDataStreamTypeNettyb33d0f7d/s1/29fbe4a6-54bc-4e76-9658-ecf61963c484/current/log_126-127
2023-02-21 19:26:18,175 [grpc-default-executor-2] WARN  server.GrpcLogAppender (GrpcLogAppender.java:onNextImpl(383)) - s0@group-ECF61963C484->s1-AppendLogResponseHandler: received NOT_LEADER reply with term 5
2023-02-21 19:26:18,175 [grpc-default-executor-2] INFO  server.GrpcLogAppender (GrpcLogAppender.java:onCompleted(417)) - s0@group-ECF61963C484->s1-AppendLogResponseHandler: follower responses appendEntries COMPLETED
2023-02-21 19:26:18,175 [grpc-default-executor-2] INFO  leader.FollowerInfo (FollowerInfoImpl.java:lambda$new$0(52)) - s0@group-ECF61963C484->s1: nextIndex: updateUnconditionally 128 -> 127
2023-02-21 19:26:18,217 [s1@group-ECF61963C484-SegmentedRaftLogWorker] INFO  segmented.SegmentedRaftLogWorker (SegmentedRaftLogWorker.java:execute(635)) - s1@group-ECF61963C484-SegmentedRaftLogWorker: created new log segment /home/runner/work/ratis/ratis/ratis-test/target/test/data/90d2e47f/MiniRaftClusterWithRpcTypeGrpcAndDataStreamTypeNettyb33d0f7d/s1/29fbe4a6-54bc-4e76-9658-ecf61963c484/current/log_inprogress_128
2023-02-21 19:26:18,355 [s1@group-ECF61963C484-LeaderElection7] INFO  server.RaftServer$Division (ServerState.java:setRaftConf(378)) - s1@group-ECF61963C484: set configuration 128: peers:[s0|rpc:localhost:36399|admin:localhost:45573|client:localhost:36971|dataStream:localhost:43269|priority:0|startupRole:FOLLOWER, s1|rpc:localhost:45309|admin:localhost:41751|client:localhost:45149|dataStream:localhost:41895|priority:0|startupRole:FOLLOWER, s2|rpc:localhost:36685|admin:localhost:46439|client:localhost:40511|dataStream:localhost:44375|priority:0|startupRole:FOLLOWER]|listeners:[], old=null
2023-02-21 19:26:18,384 [s0@group-ECF61963C484-FollowerState] INFO  impl.FollowerState (FollowerState.java:run(143)) - s0@group-ECF61963C484-FollowerState: change to CANDIDATE, lastRpcElapsedTime:265881834ns, electionTimeout:260ms
2023-02-21 19:26:18,384 [s0@group-ECF61963C484-FollowerState] INFO  impl.RoleInfo (RoleInfo.java:shutdownFollowerState(110)) - s0: shutdown s0@group-ECF61963C484-FollowerState
2023-02-21 19:26:18,384 [s0@group-ECF61963C484-FollowerState] INFO  server.RaftServer$Division (RaftServerImpl.java:setRole(329)) - s0@group-ECF61963C484: changes role from  FOLLOWER to CANDIDATE at term 5 for changeToCandidate
2023-02-21 19:26:18,384 [s0@group-ECF61963C484-FollowerState] INFO  server.RaftServerConfigKeys (ConfUtils.java:logGet(46)) - raft.server.leaderelection.pre-vote = true (default)
2023-02-21 19:26:18,384 [s0@group-ECF61963C484-FollowerState] INFO  impl.RoleInfo (RoleInfo.java:updateAndGet(139)) - s0: start s0@group-ECF61963C484-LeaderElection10
2023-02-21 19:26:18,387 [grpc-default-executor-10] WARN  server.GrpcLogAppender (GrpcLogAppender.java:onNextImpl(383)) - s0@group-ECF61963C484->s2-AppendLogResponseHandler: received NOT_LEADER reply with term 5
2023-02-21 19:26:18,388 [s0-server-thread3] INFO  server.RaftServer$Division (RaftServerImpl.java:setRole(329)) - s0@group-ECF61963C484: changes role from CANDIDATE to FOLLOWER at term 5 for appendEntries
2023-02-21 19:26:18,388 [s0-server-thread3] INFO  impl.RoleInfo (RoleInfo.java:shutdownLeaderElection(130)) - s0: shutdown s0@group-ECF61963C484-LeaderElection10
2023-02-21 19:26:18,388 [s0-server-thread3] INFO  impl.RoleInfo (RoleInfo.java:updateAndGet(139)) - s0: start s0@group-ECF61963C484-FollowerState
2023-02-21 19:26:18,388 [grpc-default-executor-8] INFO  server.GrpcServerProtocolService (GrpcServerProtocolService.java:onCompleted(143)) - s2: Completed APPEND_ENTRIES, lastRequest: null
2023-02-21 19:26:18,388 [s2-server-thread5] INFO  server.RaftServer$Division (ServerState.java:setLeader(260)) - s2@group-ECF61963C484: change Leader from null to s1 at term 5 for appendEntries, leader elected after 1298ms
2023-02-21 19:26:18,389 [grpc-default-executor-8] WARN  server.GrpcLogAppender (GrpcLogAppender.java:onNextImpl(383)) - s0@group-ECF61963C484->s2-AppendLogResponseHandler: received NOT_LEADER reply with term 5
2023-02-21 19:26:18,392 [s0-server-thread3] INFO  server.RaftServer$Division (ServerState.java:setLeader(260)) - s0@group-ECF61963C484: change Leader from null to s1 at term 5 for appendEntries, leader elected after 281ms
2023-02-21 19:26:18,392 [s0@group-ECF61963C484-LeaderElection10] INFO  impl.LeaderElection (LeaderElection.java:run(232)) - s0@group-ECF61963C484-LeaderElection10: skip running since this is already CLOSING
2023-02-21 19:26:18,393 [grpc-default-executor-10] WARN  server.GrpcLogAppender (GrpcLogAppender.java:onNextImpl(383)) - s0@group-ECF61963C484->s2-AppendLogResponseHandler: received NOT_LEADER reply with term 5
2023-02-21 19:26:18,393 [grpc-default-executor-10] INFO  server.GrpcLogAppender (GrpcLogAppender.java:onCompleted(417)) - s0@group-ECF61963C484->s2-AppendLogResponseHandler: follower responses appendEntries COMPLETED
2023-02-21 19:26:18,393 [grpc-default-executor-10] INFO  leader.FollowerInfo (FollowerInfoImpl.java:lambda$new$0(52)) - s0@group-ECF61963C484->s2: nextIndex: updateUnconditionally 128 -> 127
2023-02-21 19:26:18,398 [s0-server-thread1] INFO  server.RaftServer$Division (ServerState.java:setRaftConf(378)) - s0@group-ECF61963C484: set configuration 128: peers:[s0|rpc:localhost:36399|admin:localhost:45573|client:localhost:36971|dataStream:localhost:43269|priority:0|startupRole:FOLLOWER, s1|rpc:localhost:45309|admin:localhost:41751|client:localhost:45149|dataStream:localhost:41895|priority:0|startupRole:FOLLOWER, s2|rpc:localhost:36685|admin:localhost:46439|client:localhost:40511|dataStream:localhost:44375|priority:0|startupRole:FOLLOWER]|listeners:[], old=null
2023-02-21 19:26:18,400 [s2-server-thread3] INFO  server.RaftServer$Division (ServerState.java:setRaftConf(378)) - s2@group-ECF61963C484: set configuration 128: peers:[s0|rpc:localhost:36399|admin:localhost:45573|client:localhost:36971|dataStream:localhost:43269|priority:0|startupRole:FOLLOWER, s1|rpc:localhost:45309|admin:localhost:41751|client:localhost:45149|dataStream:localhost:41895|priority:0|startupRole:FOLLOWER, s2|rpc:localhost:36685|admin:localhost:46439|client:localhost:40511|dataStream:localhost:44375|priority:0|startupRole:FOLLOWER]|listeners:[], old=null
2023-02-21 19:26:18,400 [s2-server-thread3] INFO  segmented.SegmentedRaftLogWorker (SegmentedRaftLogWorker.java:rollLogSegment(436)) - s2@group-ECF61963C484-SegmentedRaftLogWorker: Rolling segment log-126_127 to index:127
2023-02-21 19:26:18,401 [s0-server-thread1] INFO  segmented.SegmentedRaftLogWorker (SegmentedRaftLogWorker.java:truncate(447)) - s0@group-ECF61963C484-SegmentedRaftLogWorker: Truncating segments toTruncate: (126, 128) isOpen? true, length=262, newEndIndex=127
  toDelete: [], start index 128
2023-02-21 19:26:18,404 [s0-server-thread1] INFO  segmented.SegmentedRaftLogWorker (SegmentedRaftLogWorker.java:startLogSegment(431)) - s0@group-ECF61963C484-SegmentedRaftLogWorker: Starting segment from index:128
2023-02-21 19:26:18,401 [s2@group-ECF61963C484-SegmentedRaftLogWorker] TRACE util.FileUtils (LogUtils.java:runAndLog(49)) - Successfully ran Atomic Files.move /home/runner/work/ratis/ratis/ratis-test/target/test/data/90d2e47f/MiniRaftClusterWithRpcTypeGrpcAndDataStreamTypeNettyb33d0f7d/s2/29fbe4a6-54bc-4e76-9658-ecf61963c484/current/log_inprogress_126 to /home/runner/work/ratis/ratis/ratis-test/target/test/data/90d2e47f/MiniRaftClusterWithRpcTypeGrpcAndDataStreamTypeNettyb33d0f7d/s2/29fbe4a6-54bc-4e76-9658-ecf61963c484/current/log_126-127
2023-02-21 19:26:18,406 [s2@group-ECF61963C484-SegmentedRaftLogWorker] INFO  segmented.SegmentedRaftLogWorker (SegmentedRaftLogWorker.java:execute(592)) - s2@group-ECF61963C484-SegmentedRaftLogWorker: Rolled log segment from /home/runner/work/ratis/ratis/ratis-test/target/test/data/90d2e47f/MiniRaftClusterWithRpcTypeGrpcAndDataStreamTypeNettyb33d0f7d/s2/29fbe4a6-54bc-4e76-9658-ecf61963c484/current/log_inprogress_126 to /home/runner/work/ratis/ratis/ratis-test/target/test/data/90d2e47f/MiniRaftClusterWithRpcTypeGrpcAndDataStreamTypeNettyb33d0f7d/s2/29fbe4a6-54bc-4e76-9658-ecf61963c484/current/log_126-127
2023-02-21 19:26:18,409 [grpc-default-executor-2] WARN  server.GrpcServerProtocolService (LogUtils.java:warn(124)) - s0: Failed APPEND_ENTRIES request s1->s0#1-t5,previous=(t:3, i:127),leaderCommit=126,initializing? true,entries: size=1, first=(t:5, i:128), CONFIGURATIONENTRY(current:id: "s0"
address: "localhost:36399"
dataStreamAddress: "localhost:43269"
clientAddress: "localhost:36971"
adminAddress: "localhost:45573"
startupRole: FOLLOWER
,id: "s1"
address: "localhost:45309"
dataStreamAddress: "localhost:41895"
clientAddress: "localhost:45149"
adminAddress: "localhost:41751"
startupRole: FOLLOWER
,id: "s2"
address: "localhost:36685"
dataStreamAddress: "localhost:44375"
clientAddress: "localhost:40511"
adminAddress: "localhost:46439"
startupRole: FOLLOWER
, old:)
java.util.concurrent.CompletionException: org.apache.ratis.server.raftlog.RaftLogIOException: Log already failed at index 128 for task WriteLog:128: (t:3, i:128), STATEMACHINELOGENTRY, StateMachineLogEntryProto:439@client-8A0E3AB17445
	at java.base/java.util.concurrent.CompletableFuture.encodeThrowable(CompletableFuture.java:331)
	at java.base/java.util.concurrent.CompletableFuture.andTree(CompletableFuture.java:1452)
	at java.base/java.util.concurrent.CompletableFuture.allOf(CompletableFuture.java:2337)
	at org.apache.ratis.util.JavaUtils.allOf(JavaUtils.java:278)
	at org.apache.ratis.server.impl.RaftServerImpl.appendEntriesAsync(RaftServerImpl.java:1539)
	at org.apache.ratis.server.impl.RaftServerImpl.appendEntriesAsync(RaftServerImpl.java:1396)
	at org.apache.ratis.server.impl.RaftServerProxy.lambda$appendEntriesAsync$26(RaftServerProxy.java:634)
	at org.apache.ratis.util.JavaUtils.callAsUnchecked(JavaUtils.java:117)
	at org.apache.ratis.server.impl.RaftServerImpl.lambda$executeSubmitServerRequestAsync$11(RaftServerImpl.java:818)
	at java.base/java.util.concurrent.CompletableFuture$AsyncSupply.run(CompletableFuture.java:1700)
	at java.base/java.util.concurrent.ThreadPoolExecutor.runWorker(ThreadPoolExecutor.java:1128)
	at java.base/java.util.concurrent.ThreadPoolExecutor$Worker.run(ThreadPoolExecutor.java:628)
	at java.base/java.lang.Thread.run(Thread.java:829)
Caused by: org.apache.ratis.server.raftlog.RaftLogIOException: Log already failed at index 128 for task WriteLog:128: (t:3, i:128), STATEMACHINELOGENTRY, StateMachineLogEntryProto:439@client-8A0E3AB17445
	at org.apache.ratis.server.raftlog.segmented.SegmentedRaftLogWorker.run(SegmentedRaftLogWorker.java:320)
	... 1 more
Caused by: java.io.IOException: java.lang.IllegalStateException: Null stream: entry=term: 3
index: 128
stateMachineLogEntry {
  type: DATASTREAM
  clientId: "\231!h\2642\231BI\224\205\212\016:\261tE"
  callId: 439
}

	at org.apache.ratis.util.IOUtils.asIOException(IOUtils.java:56)
	at org.apache.ratis.util.IOUtils.toIOException(IOUtils.java:61)
	at org.apache.ratis.util.IOUtils.getFromFuture(IOUtils.java:85)
	at org.apache.ratis.server.raftlog.segmented.SegmentedRaftLogWorker$StateMachineDataPolicy.getFromFuture(SegmentedRaftLogWorker.java:88)
	at org.apache.ratis.server.raftlog.segmented.SegmentedRaftLogWorker$WriteLog.execute(SegmentedRaftLogWorker.java:540)
	at org.apache.ratis.server.raftlog.segmented.SegmentedRaftLogWorker.run(SegmentedRaftLogWorker.java:308)
	... 1 more
Caused by: java.lang.IllegalStateException: Null stream: entry=term: 3
index: 128
stateMachineLogEntry {
  type: DATASTREAM
  clientId: "\231!h\2642\231BI\224\205\212\016:\261tE"
  callId: 439
}

	at org.apache.ratis.datastream.DataStreamTestUtils$MultiDataStreamStateMachine.link(DataStreamTestUtils.java:159)
	at org.apache.ratis.server.raftlog.segmented.SegmentedRaftLogWorker$WriteLog.<init>(SegmentedRaftLogWorker.java:497)
	at org.apache.ratis.server.raftlog.segmented.SegmentedRaftLogWorker.writeLogEntry(SegmentedRaftLogWorker.java:443)
	at org.apache.ratis.server.raftlog.segmented.SegmentedRaftLog.appendEntryImpl(SegmentedRaftLog.java:409)
	at org.apache.ratis.server.raftlog.RaftLogBase.lambda$appendEntry$10(RaftLogBase.java:330)
	at org.apache.ratis.server.raftlog.RaftLogSequentialOps$Runner.runSequentially(RaftLogSequentialOps.java:78)
	at org.apache.ratis.server.raftlog.RaftLogBase.appendEntry(RaftLogBase.java:330)
	at org.apache.ratis.server.raftlog.RaftLogBase.appendImpl(RaftLogBase.java:187)
	at org.apache.ratis.server.raftlog.RaftLogBase.lambda$append$2(RaftLogBase.java:161)
	at org.apache.ratis.server.raftlog.RaftLogSequentialOps$Runner.runSequentially(RaftLogSequentialOps.java:69)
	at org.apache.ratis.server.raftlog.RaftLogBase.append(RaftLogBase.java:161)
	at org.apache.ratis.server.impl.ServerState.appendLog(ServerState.java:312)
	at org.apache.ratis.server.impl.RaftServerImpl.appendTransaction(RaftServerImpl.java:779)
	at org.apache.ratis.server.impl.RaftServerImpl.submitClientRequestAsync(RaftServerImpl.java:886)
	at org.apache.ratis.server.impl.RaftServerImpl.lambda$executeSubmitClientRequestAsync$12(RaftServerImpl.java:824)
	at org.apache.ratis.util.JavaUtils.callAsUnchecked(JavaUtils.java:117)
	at org.apache.ratis.server.impl.RaftServerImpl.lambda$executeSubmitClientRequestAsync$13(RaftServerImpl.java:824)
	at java.base/java.util.concurrent.CompletableFuture$AsyncSupply.run(CompletableFuture.java:1700)
	at java.base/java.util.concurrent.ThreadPoolExecutor.runWorker(ThreadPoolExecutor.java:1128)
	at java.base/java.util.concurrent.ThreadPoolExecutor$Worker.run(ThreadPoolExecutor.java:628)
	... 1 more
2023-02-21 19:26:18,447 [s2@group-ECF61963C484-SegmentedRaftLogWorker] INFO  segmented.SegmentedRaftLogWorker (SegmentedRaftLogWorker.java:execute(635)) - s2@group-ECF61963C484-SegmentedRaftLogWorker: created new log segment /home/runner/work/ratis/ratis/ratis-test/target/test/data/90d2e47f/MiniRaftClusterWithRpcTypeGrpcAndDataStreamTypeNettyb33d0f7d/s2/29fbe4a6-54bc-4e76-9658-ecf61963c484/current/log_inprogress_128
2023-02-21 19:26:18,808 [grpc-default-executor-2] WARN  server.GrpcLogAppender (LogUtils.java:warn(124)) - s1@group-ECF61963C484->s0-AppendLogResponseHandler: Failed appendEntries
org.apache.ratis.server.raftlog.RaftLogIOException: Log already failed at index 128 for task WriteLog:128: (t:3, i:128), STATEMACHINELOGENTRY, StateMachineLogEntryProto:439@client-8A0E3AB17445
	at org.apache.ratis.server.raftlog.segmented.SegmentedRaftLogWorker.run(SegmentedRaftLogWorker.java:320)
	at java.base/java.lang.Thread.run(Thread.java:829)
Caused by: java.io.IOException: java.lang.IllegalStateException: Null stream: entry=term: 3
index: 128
stateMachineLogEntry {
  type: DATASTREAM
  clientId: "\231!h\2642\231BI\224\205\212\016:\261tE"
  callId: 439
}

	at org.apache.ratis.util.IOUtils.asIOException(IOUtils.java:56)
	at org.apache.ratis.util.IOUtils.toIOException(IOUtils.java:61)
	at org.apache.ratis.util.IOUtils.getFromFuture(IOUtils.java:85)
	at org.apache.ratis.server.raftlog.segmented.SegmentedRaftLogWorker$StateMachineDataPolicy.getFromFuture(SegmentedRaftLogWorker.java:88)
	at org.apache.ratis.server.raftlog.segmented.SegmentedRaftLogWorker$WriteLog.execute(SegmentedRaftLogWorker.java:540)
	at org.apache.ratis.server.raftlog.segmented.SegmentedRaftLogWorker.run(SegmentedRaftLogWorker.java:308)
	... 1 more
Caused by: java.lang.IllegalStateException: Null stream: entry=term: 3
index: 128
stateMachineLogEntry {
  type: DATASTREAM
  clientId: "\231!h\2642\231BI\224\205\212\016:\261tE"
  callId: 439
}

	at org.apache.ratis.datastream.DataStreamTestUtils$MultiDataStreamStateMachine.link(DataStreamTestUtils.java:159)
	at org.apache.ratis.server.raftlog.segmented.SegmentedRaftLogWorker$WriteLog.<init>(SegmentedRaftLogWorker.java:497)
	at org.apache.ratis.server.raftlog.segmented.SegmentedRaftLogWorker.writeLogEntry(SegmentedRaftLogWorker.java:443)
	at org.apache.ratis.server.raftlog.segmented.SegmentedRaftLog.appendEntryImpl(SegmentedRaftLog.java:409)
	at org.apache.ratis.server.raftlog.RaftLogBase.lambda$appendEntry$10(RaftLogBase.java:330)
	at org.apache.ratis.server.raftlog.RaftLogSequentialOps$Runner.runSequentially(RaftLogSequentialOps.java:78)
	at org.apache.ratis.server.raftlog.RaftLogBase.appendEntry(RaftLogBase.java:330)
	at org.apache.ratis.server.raftlog.RaftLogBase.appendImpl(RaftLogBase.java:187)
	at org.apache.ratis.server.raftlog.RaftLogBase.lambda$append$2(RaftLogBase.java:161)
	at org.apache.ratis.server.raftlog.RaftLogSequentialOps$Runner.runSequentially(RaftLogSequentialOps.java:69)
	at org.apache.ratis.server.raftlog.RaftLogBase.append(RaftLogBase.java:161)
	at org.apache.ratis.server.impl.ServerState.appendLog(ServerState.java:312)
	at org.apache.ratis.server.impl.RaftServerImpl.appendTransaction(RaftServerImpl.java:779)
	at org.apache.ratis.server.impl.RaftServerImpl.submitClientRequestAsync(RaftServerImpl.java:886)
	at org.apache.ratis.server.impl.RaftServerImpl.lambda$executeSubmitClientRequestAsync$12(RaftServerImpl.java:824)
	at org.apache.ratis.util.JavaUtils.callAsUnchecked(JavaUtils.java:117)
	at org.apache.ratis.server.impl.RaftServerImpl.lambda$executeSubmitClientRequestAsync$13(RaftServerImpl.java:824)
	at java.base/java.util.concurrent.CompletableFuture$AsyncSupply.run(CompletableFuture.java:1700)
	at java.base/java.util.concurrent.ThreadPoolExecutor.runWorker(ThreadPoolExecutor.java:1128)
	at java.base/java.util.concurrent.ThreadPoolExecutor$Worker.run(ThreadPoolExecutor.java:628)
	... 1 more
2023-02-21 19:26:18,836 [grpc-default-executor-2] INFO  leader.FollowerInfo (FollowerInfoImpl.java:lambda$new$0(52)) - s1@group-ECF61963C484->s0: nextIndex: updateUnconditionally 130 -> 128
2023-02-21 19:26:18,840 [s0-server-thread1] INFO  server.RaftServer$Division (ServerState.java:setRaftConf(378)) - s0@group-ECF61963C484: set configuration 128: peers:[s0|rpc:localhost:36399|admin:localhost:45573|client:localhost:36971|dataStream:localhost:43269|priority:0|startupRole:FOLLOWER, s1|rpc:localhost:45309|admin:localhost:41751|client:localhost:45149|dataStream:localhost:41895|priority:0|startupRole:FOLLOWER, s2|rpc:localhost:36685|admin:localhost:46439|client:localhost:40511|dataStream:localhost:44375|priority:0|startupRole:FOLLOWER]|listeners:[], old=null
2023-02-21 19:26:18,841 [s0-server-thread1] WARN  server.GrpcServerProtocolService (LogUtils.java:warn(124)) - s0: Failed APPEND_ENTRIES request s1->s0#47-t5,previous=(t:3, i:127),leaderCommit=129,initializing? true,entries: size=2, first=(t:5, i:128), CONFIGURATIONENTRY(current:id: "s0"
address: "localhost:36399"
dataStreamAddress: "localhost:43269"
clientAddress: "localhost:36971"
adminAddress: "localhost:45573"
startupRole: FOLLOWER
,id: "s1"
address: "localhost:45309"
dataStreamAddress: "localhost:41895"
clientAddress: "localhost:45149"
adminAddress: "localhost:41751"
startupRole: FOLLOWER
,id: "s2"
address: "localhost:36685"
dataStreamAddress: "localhost:44375"
clientAddress: "localhost:40511"
adminAddress: "localhost:46439"
startupRole: FOLLOWER
, old:)
java.util.concurrent.CompletionException: org.apache.ratis.server.raftlog.RaftLogIOException: Log already failed at index 128 for task WriteLog:128: (t:3, i:128), STATEMACHINELOGENTRY, StateMachineLogEntryProto:439@client-8A0E3AB17445
	at java.base/java.util.concurrent.CompletableFuture.encodeThrowable(CompletableFuture.java:331)
	at java.base/java.util.concurrent.CompletableFuture.completeThrowable(CompletableFuture.java:346)
	at java.base/java.util.concurrent.CompletableFuture$BiRelay.tryFire(CompletableFuture.java:1423)
	at java.base/java.util.concurrent.CompletableFuture$CoCompletion.tryFire(CompletableFuture.java:1144)
	at java.base/java.util.concurrent.CompletableFuture.postComplete(CompletableFuture.java:506)
	at java.base/java.util.concurrent.CompletableFuture.completeExceptionally(CompletableFuture.java:2088)
	at org.apache.ratis.server.raftlog.segmented.SegmentedRaftLog$Task.failed(SegmentedRaftLog.java:105)
	at org.apache.ratis.server.raftlog.segmented.SegmentedRaftLogWorker$WriteLog.failed(SegmentedRaftLogWorker.java:519)
	at org.apache.ratis.server.raftlog.segmented.SegmentedRaftLogWorker.run(SegmentedRaftLogWorker.java:317)
	at java.base/java.lang.Thread.run(Thread.java:829)
Caused by: org.apache.ratis.server.raftlog.RaftLogIOException: Log already failed at index 128 for task WriteLog:128: (t:3, i:128), STATEMACHINELOGENTRY, StateMachineLogEntryProto:439@client-8A0E3AB17445
	at org.apache.ratis.server.raftlog.segmented.SegmentedRaftLogWorker.run(SegmentedRaftLogWorker.java:320)
	... 1 more
Caused by: java.io.IOException: java.lang.IllegalStateException: Null stream: entry=term: 3
index: 128
stateMachineLogEntry {
  type: DATASTREAM
  clientId: "\231!h\2642\231BI\224\205\212\016:\261tE"
  callId: 439
}

	at org.apache.ratis.util.IOUtils.asIOException(IOUtils.java:56)
	at org.apache.ratis.util.IOUtils.toIOException(IOUtils.java:61)
	at org.apache.ratis.util.IOUtils.getFromFuture(IOUtils.java:85)
	at org.apache.ratis.server.raftlog.segmented.SegmentedRaftLogWorker$StateMachineDataPolicy.getFromFuture(SegmentedRaftLogWorker.java:88)
	at org.apache.ratis.server.raftlog.segmented.SegmentedRaftLogWorker$WriteLog.execute(SegmentedRaftLogWorker.java:540)
	at org.apache.ratis.server.raftlog.segmented.SegmentedRaftLogWorker.run(SegmentedRaftLogWorker.java:308)
	... 1 more
Caused by: java.lang.IllegalStateException: Null stream: entry=term: 3
index: 128
stateMachineLogEntry {
  type: DATASTREAM
  clientId: "\231!h\2642\231BI\224\205\212\016:\261tE"
  callId: 439
}

	at org.apache.ratis.datastream.DataStreamTestUtils$MultiDataStreamStateMachine.link(DataStreamTestUtils.java:159)
	at org.apache.ratis.server.raftlog.segmented.SegmentedRaftLogWorker$WriteLog.<init>(SegmentedRaftLogWorker.java:497)
	at org.apache.ratis.server.raftlog.segmented.SegmentedRaftLogWorker.writeLogEntry(SegmentedRaftLogWorker.java:443)
	at org.apache.ratis.server.raftlog.segmented.SegmentedRaftLog.appendEntryImpl(SegmentedRaftLog.java:409)
	at org.apache.ratis.server.raftlog.RaftLogBase.lambda$appendEntry$10(RaftLogBase.java:330)
	at org.apache.ratis.server.raftlog.RaftLogSequentialOps$Runner.runSequentially(RaftLogSequentialOps.java:78)
	at org.apache.ratis.server.raftlog.RaftLogBase.appendEntry(RaftLogBase.java:330)
	at org.apache.ratis.server.raftlog.RaftLogBase.appendImpl(RaftLogBase.java:187)
	at org.apache.ratis.server.raftlog.RaftLogBase.lambda$append$2(RaftLogBase.java:161)
	at org.apache.ratis.server.raftlog.RaftLogSequentialOps$Runner.runSequentially(RaftLogSequentialOps.java:69)
	at org.apache.ratis.server.raftlog.RaftLogBase.append(RaftLogBase.java:161)
	at org.apache.ratis.server.impl.ServerState.appendLog(ServerState.java:312)
	at org.apache.ratis.server.impl.RaftServerImpl.appendTransaction(RaftServerImpl.java:779)
	at org.apache.ratis.server.impl.RaftServerImpl.submitClientRequestAsync(RaftServerImpl.java:886)
	at org.apache.ratis.server.impl.RaftServerImpl.lambda$executeSubmitClientRequestAsync$12(RaftServerImpl.java:824)
	at org.apache.ratis.util.JavaUtils.callAsUnchecked(JavaUtils.java:117)
	at org.apache.ratis.server.impl.RaftServerImpl.lambda$executeSubmitClientRequestAsync$13(RaftServerImpl.java:824)
	at java.base/java.util.concurrent.CompletableFuture$AsyncSupply.run(CompletableFuture.java:1700)
	at java.base/java.util.concurrent.ThreadPoolExecutor.runWorker(ThreadPoolExecutor.java:1128)
	at java.base/java.util.concurrent.ThreadPoolExecutor$Worker.run(ThreadPoolExecutor.java:628)
	... 1 more
2023-02-21 19:26:18,850 [grpc-default-executor-8] WARN  server.GrpcLogAppender (LogUtils.java:warn(124)) - s1@group-ECF61963C484->s0-AppendLogResponseHandler: Failed appendEntries
org.apache.ratis.server.raftlog.RaftLogIOException: Log already failed at index 128 for task WriteLog:128: (t:3, i:128), STATEMACHINELOGENTRY, StateMachineLogEntryProto:439@client-8A0E3AB17445
	at org.apache.ratis.server.raftlog.segmented.SegmentedRaftLogWorker.run(SegmentedRaftLogWorker.java:320)
	at java.base/java.lang.Thread.run(Thread.java:829)
Caused by: java.io.IOException: java.lang.IllegalStateException: Null stream: entry=term: 3
index: 128
stateMachineLogEntry {
  type: DATASTREAM
  clientId: "\231!h\2642\231BI\224\205\212\016:\261tE"
  callId: 439
}

	at org.apache.ratis.util.IOUtils.asIOException(IOUtils.java:56)
	at org.apache.ratis.util.IOUtils.toIOException(IOUtils.java:61)
	at org.apache.ratis.util.IOUtils.getFromFuture(IOUtils.java:85)
	at org.apache.ratis.server.raftlog.segmented.SegmentedRaftLogWorker$StateMachineDataPolicy.getFromFuture(SegmentedRaftLogWorker.java:88)
	at org.apache.ratis.server.raftlog.segmented.SegmentedRaftLogWorker$WriteLog.execute(SegmentedRaftLogWorker.java:540)
	at org.apache.ratis.server.raftlog.segmented.SegmentedRaftLogWorker.run(SegmentedRaftLogWorker.java:308)
	... 1 more
Caused by: java.lang.IllegalStateException: Null stream: entry=term: 3
index: 128
stateMachineLogEntry {
  type: DATASTREAM
  clientId: "\231!h\2642\231BI\224\205\212\016:\261tE"
  callId: 439
}

	at org.apache.ratis.datastream.DataStreamTestUtils$MultiDataStreamStateMachine.link(DataStreamTestUtils.java:159)
	at org.apache.ratis.server.raftlog.segmented.SegmentedRaftLogWorker$WriteLog.<init>(SegmentedRaftLogWorker.java:497)
	at org.apache.ratis.server.raftlog.segmented.SegmentedRaftLogWorker.writeLogEntry(SegmentedRaftLogWorker.java:443)
	at org.apache.ratis.server.raftlog.segmented.SegmentedRaftLog.appendEntryImpl(SegmentedRaftLog.java:409)
	at org.apache.ratis.server.raftlog.RaftLogBase.lambda$appendEntry$10(RaftLogBase.java:330)
	at org.apache.ratis.server.raftlog.RaftLogSequentialOps$Runner.runSequentially(RaftLogSequentialOps.java:78)
	at org.apache.ratis.server.raftlog.RaftLogBase.appendEntry(RaftLogBase.java:330)
	at org.apache.ratis.server.raftlog.RaftLogBase.appendImpl(RaftLogBase.java:187)
	at org.apache.ratis.server.raftlog.RaftLogBase.lambda$append$2(RaftLogBase.java:161)
	at org.apache.ratis.server.raftlog.RaftLogSequentialOps$Runner.runSequentially(RaftLogSequentialOps.java:69)
	at org.apache.ratis.server.raftlog.RaftLogBase.append(RaftLogBase.java:161)
	at org.apache.ratis.server.impl.ServerState.appendLog(ServerState.java:312)
	at org.apache.ratis.server.impl.RaftServerImpl.appendTransaction(RaftServerImpl.java:779)
	at org.apache.ratis.server.impl.RaftServerImpl.submitClientRequestAsync(RaftServerImpl.java:886)
	at org.apache.ratis.server.impl.RaftServerImpl.lambda$executeSubmitClientRequestAsync$12(RaftServerImpl.java:824)
	at org.apache.ratis.util.JavaUtils.callAsUnchecked(JavaUtils.java:117)
	at org.apache.ratis.server.impl.RaftServerImpl.lambda$executeSubmitClientRequestAsync$13(RaftServerImpl.java:824)
	at java.base/java.util.concurrent.CompletableFuture$AsyncSupply.run(CompletableFuture.java:1700)
	at java.base/java.util.concurrent.ThreadPoolExecutor.runWorker(ThreadPoolExecutor.java:1128)
	at java.base/java.util.concurrent.ThreadPoolExecutor$Worker.run(ThreadPoolExecutor.java:628)
	... 1 more
2023-02-21 19:26:18,851 [grpc-default-executor-8] INFO  leader.FollowerInfo (FollowerInfoImpl.java:lambda$new$0(52)) - s1@group-ECF61963C484->s0: nextIndex: updateUnconditionally 130 -> 128
2023-02-21 19:26:18,871 [s0-server-thread3] INFO  server.RaftServer$Division (ServerState.java:setRaftConf(378)) - s0@group-ECF61963C484: set configuration 128: peers:[s0|rpc:localhost:36399|admin:localhost:45573|client:localhost:36971|dataStream:localhost:43269|priority:0|startupRole:FOLLOWER, s1|rpc:localhost:45309|admin:localhost:41751|client:localhost:45149|dataStream:localhost:41895|priority:0|startupRole:FOLLOWER, s2|rpc:localhost:36685|admin:localhost:46439|client:localhost:40511|dataStream:localhost:44375|priority:0|startupRole:FOLLOWER]|listeners:[], old=null
2023-02-21 19:26:19,104 [Timer-2] INFO  impl.MiniRaftCluster (MiniRaftCluster.java:lambda$start$6(349)) - TIMED-PRINT: printing ALL groups
  s0:  RUNNING  FOLLOWER s0@group-ECF61963C484:t5, leader=s1, voted=null, raftlog=Memoized:s0@group-ECF61963C484-SegmentedRaftLog:OPENED:c127, conf=128: peers:[s0|rpc:localhost:36399|admin:localhost:45573|client:localhost:36971|dataStream:localhost:43269|priority:0|startupRole:FOLLOWER, s1|rpc:localhost:45309|admin:localhost:41751|client:localhost:45149|dataStream:localhost:41895|priority:0|startupRole:FOLLOWER, s2|rpc:localhost:36685|admin:localhost:46439|client:localhost:40511|dataStream:localhost:44375|priority:0|startupRole:FOLLOWER]|listeners:[], old=null RUNNING
  s1:  RUNNING    LEADER s1@group-ECF61963C484:t5, leader=s1, voted=s1, raftlog=Memoized:s1@group-ECF61963C484-SegmentedRaftLog:OPENED:c129, conf=128: peers:[s0|rpc:localhost:36399|admin:localhost:45573|client:localhost:36971|dataStream:localhost:43269|priority:0|startupRole:FOLLOWER, s1|rpc:localhost:45309|admin:localhost:41751|client:localhost:45149|dataStream:localhost:41895|priority:0|startupRole:FOLLOWER, s2|rpc:localhost:36685|admin:localhost:46439|client:localhost:40511|dataStream:localhost:44375|priority:0|startupRole:FOLLOWER]|listeners:[], old=null RUNNING
  s2:  RUNNING  FOLLOWER s2@group-ECF61963C484:t5, leader=s1, voted=s1, raftlog=Memoized:s2@group-ECF61963C484-SegmentedRaftLog:OPENED:c129, conf=128: peers:[s0|rpc:localhost:36399|admin:localhost:45573|client:localhost:36971|dataStream:localhost:43269|priority:0|startupRole:FOLLOWER, s1|rpc:localhost:45309|admin:localhost:41751|client:localhost:45149|dataStream:localhost:41895|priority:0|startupRole:FOLLOWER, s2|rpc:localhost:36685|admin:localhost:46439|client:localhost:40511|dataStream:localhost:44375|priority:0|startupRole:FOLLOWER]|listeners:[], old=null RUNNING
2023-02-21 19:26:20,047 [s1-client-thread2] INFO  statemachine.StateMachine (DataStreamTestUtils.java:link(157)) - link SingleDataStream: writeRequest=RaftClientRequest:client-6292E99174B0->s0@group-ECF61963C484, cid=449, seq=0, DataStream, Message:<EMPTY>, logEntry=null
2023-02-21 19:26:20,054 [s0-server-thread3] INFO  statemachine.StateMachine (DataStreamTestUtils.java:link(157)) - link SingleDataStream: writeRequest=RaftClientRequest:client-6292E99174B0->s0@group-ECF61963C484, cid=449, seq=0, DataStream, Message:<EMPTY>, logEntry=null
2023-02-21 19:26:20,054 [s2-server-thread5] INFO  statemachine.StateMachine (DataStreamTestUtils.java:link(157)) - link SingleDataStream: writeRequest=RaftClientRequest:client-6292E99174B0->s0@group-ECF61963C484, cid=449, seq=0, DataStream, Message:<EMPTY>, logEntry=null
2023-02-21 19:26:20,054 [s0-server-thread3] WARN  server.GrpcServerProtocolService (LogUtils.java:warn(124)) - s0: Failed APPEND_ENTRIES request s1->s0#170-t5,previous=(t:5, i:129),leaderCommit=129,initializing? true,entries: size=1, first=(t:5, i:130), STATEMACHINELOGENTRY, 449@client-6292E99174B0
java.util.concurrent.CompletionException: org.apache.ratis.server.raftlog.RaftLogIOException: Log already failed at index 128 for task WriteLog:128: (t:3, i:128), STATEMACHINELOGENTRY, StateMachineLogEntryProto:439@client-8A0E3AB17445
	at java.base/java.util.concurrent.CompletableFuture.encodeThrowable(CompletableFuture.java:331)
	at java.base/java.util.concurrent.CompletableFuture.completeThrowable(CompletableFuture.java:346)
	at java.base/java.util.concurrent.CompletableFuture$BiRelay.tryFire(CompletableFuture.java:1423)
	at java.base/java.util.concurrent.CompletableFuture$CoCompletion.tryFire(CompletableFuture.java:1144)
	at java.base/java.util.concurrent.CompletableFuture.postComplete(CompletableFuture.java:506)
	at java.base/java.util.concurrent.CompletableFuture.completeExceptionally(CompletableFuture.java:2088)
	at org.apache.ratis.server.raftlog.segmented.SegmentedRaftLog$Task.failed(SegmentedRaftLog.java:105)
	at org.apache.ratis.server.raftlog.segmented.SegmentedRaftLogWorker$WriteLog.failed(SegmentedRaftLogWorker.java:519)
	at org.apache.ratis.server.raftlog.segmented.SegmentedRaftLogWorker.run(SegmentedRaftLogWorker.java:317)
	at java.base/java.lang.Thread.run(Thread.java:829)
Caused by: org.apache.ratis.server.raftlog.RaftLogIOException: Log already failed at index 128 for task WriteLog:128: (t:3, i:128), STATEMACHINELOGENTRY, StateMachineLogEntryProto:439@client-8A0E3AB17445
	at org.apache.ratis.server.raftlog.segmented.SegmentedRaftLogWorker.run(SegmentedRaftLogWorker.java:320)
	... 1 more
Caused by: java.io.IOException: java.lang.IllegalStateException: Null stream: entry=term: 3
index: 128
stateMachineLogEntry {
  type: DATASTREAM
  clientId: "\231!h\2642\231BI\224\205\212\016:\261tE"
  callId: 439
}

	at org.apache.ratis.util.IOUtils.asIOException(IOUtils.java:56)
	at org.apache.ratis.util.IOUtils.toIOException(IOUtils.java:61)
	at org.apache.ratis.util.IOUtils.getFromFuture(IOUtils.java:85)
	at org.apache.ratis.server.raftlog.segmented.SegmentedRaftLogWorker$StateMachineDataPolicy.getFromFuture(SegmentedRaftLogWorker.java:88)
	at org.apache.ratis.server.raftlog.segmented.SegmentedRaftLogWorker$WriteLog.execute(SegmentedRaftLogWorker.java:540)
	at org.apache.ratis.server.raftlog.segmented.SegmentedRaftLogWorker.run(SegmentedRaftLogWorker.java:308)
	... 1 more
Caused by: java.lang.IllegalStateException: Null stream: entry=term: 3
index: 128
stateMachineLogEntry {
  type: DATASTREAM
  clientId: "\231!h\2642\231BI\224\205\212\016:\261tE"
  callId: 439
}

	at org.apache.ratis.datastream.DataStreamTestUtils$MultiDataStreamStateMachine.link(DataStreamTestUtils.java:159)
	at org.apache.ratis.server.raftlog.segmented.SegmentedRaftLogWorker$WriteLog.<init>(SegmentedRaftLogWorker.java:497)
	at org.apache.ratis.server.raftlog.segmented.SegmentedRaftLogWorker.writeLogEntry(SegmentedRaftLogWorker.java:443)
	at org.apache.ratis.server.raftlog.segmented.SegmentedRaftLog.appendEntryImpl(SegmentedRaftLog.java:409)
	at org.apache.ratis.server.raftlog.RaftLogBase.lambda$appendEntry$10(RaftLogBase.java:330)
	at org.apache.ratis.server.raftlog.RaftLogSequentialOps$Runner.runSequentially(RaftLogSequentialOps.java:78)
	at org.apache.ratis.server.raftlog.RaftLogBase.appendEntry(RaftLogBase.java:330)
	at org.apache.ratis.server.raftlog.RaftLogBase.appendImpl(RaftLogBase.java:187)
	at org.apache.ratis.server.raftlog.RaftLogBase.lambda$append$2(RaftLogBase.java:161)
	at org.apache.ratis.server.raftlog.RaftLogSequentialOps$Runner.runSequentially(RaftLogSequentialOps.java:69)
	at org.apache.ratis.server.raftlog.RaftLogBase.append(RaftLogBase.java:161)
	at org.apache.ratis.server.impl.ServerState.appendLog(ServerState.java:312)
	at org.apache.ratis.server.impl.RaftServerImpl.appendTransaction(RaftServerImpl.java:779)
	at org.apache.ratis.server.impl.RaftServerImpl.submitClientRequestAsync(RaftServerImpl.java:886)
	at org.apache.ratis.server.impl.RaftServerImpl.lambda$executeSubmitClientRequestAsync$12(RaftServerImpl.java:824)
	at org.apache.ratis.util.JavaUtils.callAsUnchecked(JavaUtils.java:117)
	at org.apache.ratis.server.impl.RaftServerImpl.lambda$executeSubmitClientRequestAsync$13(RaftServerImpl.java:824)
	at java.base/java.util.concurrent.CompletableFuture$AsyncSupply.run(CompletableFuture.java:1700)
	at java.base/java.util.concurrent.ThreadPoolExecutor.runWorker(ThreadPoolExecutor.java:1128)
	at java.base/java.util.concurrent.ThreadPoolExecutor$Worker.run(ThreadPoolExecutor.java:628)
	... 1 more
2023-02-21 19:26:20,067 [grpc-default-executor-8] WARN  server.GrpcLogAppender (LogUtils.java:warn(124)) - s1@group-ECF61963C484->s0-AppendLogResponseHandler: Failed appendEntries
org.apache.ratis.server.raftlog.RaftLogIOException: Log already failed at index 128 for task WriteLog:128: (t:3, i:128), STATEMACHINELOGENTRY, StateMachineLogEntryProto:439@client-8A0E3AB17445
	at org.apache.ratis.server.raftlog.segmented.SegmentedRaftLogWorker.run(SegmentedRaftLogWorker.java:320)
	at java.base/java.lang.Thread.run(Thread.java:829)
Caused by: java.io.IOException: java.lang.IllegalStateException: Null stream: entry=term: 3
index: 128
stateMachineLogEntry {
  type: DATASTREAM
  clientId: "\231!h\2642\231BI\224\205\212\016:\261tE"
  callId: 439
}

	at org.apache.ratis.util.IOUtils.asIOException(IOUtils.java:56)
	at org.apache.ratis.util.IOUtils.toIOException(IOUtils.java:61)
	at org.apache.ratis.util.IOUtils.getFromFuture(IOUtils.java:85)
	at org.apache.ratis.server.raftlog.segmented.SegmentedRaftLogWorker$StateMachineDataPolicy.getFromFuture(SegmentedRaftLogWorker.java:88)
	at org.apache.ratis.server.raftlog.segmented.SegmentedRaftLogWorker$WriteLog.execute(SegmentedRaftLogWorker.java:540)
	at org.apache.ratis.server.raftlog.segmented.SegmentedRaftLogWorker.run(SegmentedRaftLogWorker.java:308)
	... 1 more
Caused by: java.lang.IllegalStateException: Null stream: entry=term: 3
index: 128
stateMachineLogEntry {
  type: DATASTREAM
  clientId: "\231!h\2642\231BI\224\205\212\016:\261tE"
  callId: 439
}

	at org.apache.ratis.datastream.DataStreamTestUtils$MultiDataStreamStateMachine.link(DataStreamTestUtils.java:159)
	at org.apache.ratis.server.raftlog.segmented.SegmentedRaftLogWorker$WriteLog.<init>(SegmentedRaftLogWorker.java:497)
	at org.apache.ratis.server.raftlog.segmented.SegmentedRaftLogWorker.writeLogEntry(SegmentedRaftLogWorker.java:443)
	at org.apache.ratis.server.raftlog.segmented.SegmentedRaftLog.appendEntryImpl(SegmentedRaftLog.java:409)
	at org.apache.ratis.server.raftlog.RaftLogBase.lambda$appendEntry$10(RaftLogBase.java:330)
	at org.apache.ratis.server.raftlog.RaftLogSequentialOps$Runner.runSequentially(RaftLogSequentialOps.java:78)
	at org.apache.ratis.server.raftlog.RaftLogBase.appendEntry(RaftLogBase.java:330)
	at org.apache.ratis.server.raftlog.RaftLogBase.appendImpl(RaftLogBase.java:187)
	at org.apache.ratis.server.raftlog.RaftLogBase.lambda$append$2(RaftLogBase.java:161)
	at org.apache.ratis.server.raftlog.RaftLogSequentialOps$Runner.runSequentially(RaftLogSequentialOps.java:69)
	at org.apache.ratis.server.raftlog.RaftLogBase.append(RaftLogBase.java:161)
	at org.apache.ratis.server.impl.ServerState.appendLog(ServerState.java:312)
	at org.apache.ratis.server.impl.RaftServerImpl.appendTransaction(RaftServerImpl.java:779)
	at org.apache.ratis.server.impl.RaftServerImpl.submitClientRequestAsync(RaftServerImpl.java:886)
	at org.apache.ratis.server.impl.RaftServerImpl.lambda$executeSubmitClientRequestAsync$12(RaftServerImpl.java:824)
	at org.apache.ratis.util.JavaUtils.callAsUnchecked(JavaUtils.java:117)
	at org.apache.ratis.server.impl.RaftServerImpl.lambda$executeSubmitClientRequestAsync$13(RaftServerImpl.java:824)
	at java.base/java.util.concurrent.CompletableFuture$AsyncSupply.run(CompletableFuture.java:1700)
	at java.base/java.util.concurrent.ThreadPoolExecutor.runWorker(ThreadPoolExecutor.java:1128)
	at java.base/java.util.concurrent.ThreadPoolExecutor$Worker.run(ThreadPoolExecutor.java:628)
	... 1 more
2023-02-21 19:26:20,082 [grpc-default-executor-8] INFO  leader.FollowerInfo (FollowerInfoImpl.java:lambda$new$0(52)) - s1@group-ECF61963C484->s0: nextIndex: updateUnconditionally 132 -> 130
2023-02-21 19:26:20,099 [s0-server-thread3] WARN  server.GrpcServerProtocolService (LogUtils.java:warn(124)) - s0: Failed APPEND_ENTRIES request s1->s0#174-t5,previous=(t:5, i:129),leaderCommit=130,initializing? true,entries: size=2, first=(t:5, i:130), STATEMACHINELOGENTRY, 449@client-6292E99174B0
java.util.concurrent.CompletionException: org.apache.ratis.server.raftlog.RaftLogIOException: Log already failed at index 128 for task WriteLog:128: (t:3, i:128), STATEMACHINELOGENTRY, StateMachineLogEntryProto:439@client-8A0E3AB17445
	at java.base/java.util.concurrent.CompletableFuture.encodeThrowable(CompletableFuture.java:331)
	at java.base/java.util.concurrent.CompletableFuture.completeThrowable(CompletableFuture.java:346)
	at java.base/java.util.concurrent.CompletableFuture$BiRelay.tryFire(CompletableFuture.java:1423)
	at java.base/java.util.concurrent.CompletableFuture$CoCompletion.tryFire(CompletableFuture.java:1144)
	at java.base/java.util.concurrent.CompletableFuture.postComplete(CompletableFuture.java:506)
	at java.base/java.util.concurrent.CompletableFuture.completeExceptionally(CompletableFuture.java:2088)
	at org.apache.ratis.server.raftlog.segmented.SegmentedRaftLog$Task.failed(SegmentedRaftLog.java:105)
	at org.apache.ratis.server.raftlog.segmented.SegmentedRaftLogWorker$WriteLog.failed(SegmentedRaftLogWorker.java:519)
	at org.apache.ratis.server.raftlog.segmented.SegmentedRaftLogWorker.run(SegmentedRaftLogWorker.java:317)
	at java.base/java.lang.Thread.run(Thread.java:829)
Caused by: org.apache.ratis.server.raftlog.RaftLogIOException: Log already failed at index 128 for task WriteLog:128: (t:3, i:128), STATEMACHINELOGENTRY, StateMachineLogEntryProto:439@client-8A0E3AB17445
	at org.apache.ratis.server.raftlog.segmented.SegmentedRaftLogWorker.run(SegmentedRaftLogWorker.java:320)
	... 1 more
Caused by: java.io.IOException: java.lang.IllegalStateException: Null stream: entry=term: 3
index: 128
stateMachineLogEntry {
  type: DATASTREAM
  clientId: "\231!h\2642\231BI\224\205\212\016:\261tE"
  callId: 439
}

	at org.apache.ratis.util.IOUtils.asIOException(IOUtils.java:56)
	at org.apache.ratis.util.IOUtils.toIOException(IOUtils.java:61)
	at org.apache.ratis.util.IOUtils.getFromFuture(IOUtils.java:85)
	at org.apache.ratis.server.raftlog.segmented.SegmentedRaftLogWorker$StateMachineDataPolicy.getFromFuture(SegmentedRaftLogWorker.java:88)
	at org.apache.ratis.server.raftlog.segmented.SegmentedRaftLogWorker$WriteLog.execute(SegmentedRaftLogWorker.java:540)
	at org.apache.ratis.server.raftlog.segmented.SegmentedRaftLogWorker.run(SegmentedRaftLogWorker.java:308)
	... 1 more
Caused by: java.lang.IllegalStateException: Null stream: entry=term: 3
index: 128
stateMachineLogEntry {
  type: DATASTREAM
  clientId: "\231!h\2642\231BI\224\205\212\016:\261tE"
  callId: 439
}

	at org.apache.ratis.datastream.DataStreamTestUtils$MultiDataStreamStateMachine.link(DataStreamTestUtils.java:159)
	at org.apache.ratis.server.raftlog.segmented.SegmentedRaftLogWorker$WriteLog.<init>(SegmentedRaftLogWorker.java:497)
	at org.apache.ratis.server.raftlog.segmented.SegmentedRaftLogWorker.writeLogEntry(SegmentedRaftLogWorker.java:443)
	at org.apache.ratis.server.raftlog.segmented.SegmentedRaftLog.appendEntryImpl(SegmentedRaftLog.java:409)
	at org.apache.ratis.server.raftlog.RaftLogBase.lambda$appendEntry$10(RaftLogBase.java:330)
	at org.apache.ratis.server.raftlog.RaftLogSequentialOps$Runner.runSequentially(RaftLogSequentialOps.java:78)
	at org.apache.ratis.server.raftlog.RaftLogBase.appendEntry(RaftLogBase.java:330)
	at org.apache.ratis.server.raftlog.RaftLogBase.appendImpl(RaftLogBase.java:187)
	at org.apache.ratis.server.raftlog.RaftLogBase.lambda$append$2(RaftLogBase.java:161)
	at org.apache.ratis.server.raftlog.RaftLogSequentialOps$Runner.runSequentially(RaftLogSequentialOps.java:69)
	at org.apache.ratis.server.raftlog.RaftLogBase.append(RaftLogBase.java:161)
	at org.apache.ratis.server.impl.ServerState.appendLog(ServerState.java:312)
	at org.apache.ratis.server.impl.RaftServerImpl.appendTransaction(RaftServerImpl.java:779)
	at org.apache.ratis.server.impl.RaftServerImpl.submitClientRequestAsync(RaftServerImpl.java:886)
	at org.apache.ratis.server.impl.RaftServerImpl.lambda$executeSubmitClientRequestAsync$12(RaftServerImpl.java:824)
	at org.apache.ratis.util.JavaUtils.callAsUnchecked(JavaUtils.java:117)
	at org.apache.ratis.server.impl.RaftServerImpl.lambda$executeSubmitClientRequestAsync$13(RaftServerImpl.java:824)
	at java.base/java.util.concurrent.CompletableFuture$AsyncSupply.run(CompletableFuture.java:1700)
	at java.base/java.util.concurrent.ThreadPoolExecutor.runWorker(ThreadPoolExecutor.java:1128)
	at java.base/java.util.concurrent.ThreadPoolExecutor$Worker.run(ThreadPoolExecutor.java:628)
	... 1 more
2023-02-21 19:26:20,168 [pool-9-thread-5] INFO  datastream.DataStreamTestUtils (DataStreamTestUtils.java:writeAndCloseAndAssertReplies(311)) - start Stream454
2023-02-21 19:26:20,175 [grpc-default-executor-6] WARN  server.GrpcLogAppender (LogUtils.java:warn(124)) - s1@group-ECF61963C484->s0-AppendLogResponseHandler: Failed appendEntries
org.apache.ratis.server.raftlog.RaftLogIOException: Log already failed at index 128 for task WriteLog:128: (t:3, i:128), STATEMACHINELOGENTRY, StateMachineLogEntryProto:439@client-8A0E3AB17445
	at org.apache.ratis.server.raftlog.segmented.SegmentedRaftLogWorker.run(SegmentedRaftLogWorker.java:320)
	at java.base/java.lang.Thread.run(Thread.java:829)
Caused by: java.io.IOException: java.lang.IllegalStateException: Null stream: entry=term: 3
index: 128
stateMachineLogEntry {
  type: DATASTREAM
  clientId: "\231!h\2642\231BI\224\205\212\016:\261tE"
  callId: 439
}

	at org.apache.ratis.util.IOUtils.asIOException(IOUtils.java:56)
	at org.apache.ratis.util.IOUtils.toIOException(IOUtils.java:61)
	at org.apache.ratis.util.IOUtils.getFromFuture(IOUtils.java:85)
	at org.apache.ratis.server.raftlog.segmented.SegmentedRaftLogWorker$StateMachineDataPolicy.getFromFuture(SegmentedRaftLogWorker.java:88)
	at org.apache.ratis.server.raftlog.segmented.SegmentedRaftLogWorker$WriteLog.execute(SegmentedRaftLogWorker.java:540)
	at org.apache.ratis.server.raftlog.segmented.SegmentedRaftLogWorker.run(SegmentedRaftLogWorker.java:308)
	... 1 more
Caused by: java.lang.IllegalStateException: Null stream: entry=term: 3
index: 128
stateMachineLogEntry {
  type: DATASTREAM
  clientId: "\231!h\2642\231BI\224\205\212\016:\261tE"
  callId: 439
}

	at org.apache.ratis.datastream.DataStreamTestUtils$MultiDataStreamStateMachine.link(DataStreamTestUtils.java:159)
	at org.apache.ratis.server.raftlog.segmented.SegmentedRaftLogWorker$WriteLog.<init>(SegmentedRaftLogWorker.java:497)
	at org.apache.ratis.server.raftlog.segmented.SegmentedRaftLogWorker.writeLogEntry(SegmentedRaftLogWorker.java:443)
	at org.apache.ratis.server.raftlog.segmented.SegmentedRaftLog.appendEntryImpl(SegmentedRaftLog.java:409)
	at org.apache.ratis.server.raftlog.RaftLogBase.lambda$appendEntry$10(RaftLogBase.java:330)
	at org.apache.ratis.server.raftlog.RaftLogSequentialOps$Runner.runSequentially(RaftLogSequentialOps.java:78)
	at org.apache.ratis.server.raftlog.RaftLogBase.appendEntry(RaftLogBase.java:330)
	at org.apache.ratis.server.raftlog.RaftLogBase.appendImpl(RaftLogBase.java:187)
	at org.apache.ratis.server.raftlog.RaftLogBase.lambda$append$2(RaftLogBase.java:161)
	at org.apache.ratis.server.raftlog.RaftLogSequentialOps$Runner.runSequentially(RaftLogSequentialOps.java:69)
	at org.apache.ratis.server.raftlog.RaftLogBase.append(RaftLogBase.java:161)
	at org.apache.ratis.server.impl.ServerState.appendLog(ServerState.java:312)
	at org.apache.ratis.server.impl.RaftServerImpl.appendTransaction(RaftServerImpl.java:779)
	at org.apache.ratis.server.impl.RaftServerImpl.submitClientRequestAsync(RaftServerImpl.java:886)
	at org.apache.ratis.server.impl.RaftServerImpl.lambda$executeSubmitClientRequestAsync$12(RaftServerImpl.java:824)
	at org.apache.ratis.util.JavaUtils.callAsUnchecked(JavaUtils.java:117)
	at org.apache.ratis.server.impl.RaftServerImpl.lambda$executeSubmitClientRequestAsync$13(RaftServerImpl.java:824)
	at java.base/java.util.concurrent.CompletableFuture$AsyncSupply.run(CompletableFuture.java:1700)
	at java.base/java.util.concurrent.ThreadPoolExecutor.runWorker(ThreadPoolExecutor.java:1128)
	at java.base/java.util.concurrent.ThreadPoolExecutor$Worker.run(ThreadPoolExecutor.java:628)
	... 1 more
2023-02-21 19:26:20,175 [grpc-default-executor-6] INFO  leader.FollowerInfo (FollowerInfoImpl.java:lambda$new$0(52)) - s1@group-ECF61963C484->s0: nextIndex: updateUnconditionally 132 -> 130
2023-02-21 19:26:22,187 [s2@group-ECF61963C484-FollowerState] INFO  impl.FollowerState (FollowerState.java:run(143)) - s2@group-ECF61963C484-FollowerState: change to CANDIDATE, lastRpcElapsedTime:265371097ns, electionTimeout:240ms
2023-02-21 19:26:22,187 [s2@group-ECF61963C484-FollowerState] INFO  impl.RoleInfo (RoleInfo.java:shutdownFollowerState(110)) - s2: shutdown s2@group-ECF61963C484-FollowerState
2023-02-21 19:26:22,187 [s2@group-ECF61963C484-FollowerState] INFO  server.RaftServer$Division (RaftServerImpl.java:setRole(329)) - s2@group-ECF61963C484: changes role from  FOLLOWER to CANDIDATE at term 5 for changeToCandidate
2023-02-21 19:26:22,187 [s2@group-ECF61963C484-FollowerState] INFO  server.RaftServerConfigKeys (ConfUtils.java:logGet(46)) - raft.server.leaderelection.pre-vote = true (default)
2023-02-21 19:26:22,187 [s2@group-ECF61963C484-FollowerState] INFO  impl.RoleInfo (RoleInfo.java:updateAndGet(139)) - s2: start s2@group-ECF61963C484-LeaderElection11
2023-02-21 19:26:22,202 [s2@group-ECF61963C484-LeaderElection11] INFO  server.RaftServer$Division (ServerState.java:setLeader(260)) - s2@group-ECF61963C484: change Leader from s1 to null at term 5 for PRE_VOTE
2023-02-21 19:26:22,202 [s2@group-ECF61963C484-LeaderElection11] INFO  impl.LeaderElection (LeaderElection.java:askForVotes(309)) - s2@group-ECF61963C484-LeaderElection11 PRE_VOTE round 0: submit vote requests at term 5 for 128: peers:[s0|rpc:localhost:36399|admin:localhost:45573|client:localhost:36971|dataStream:localhost:43269|priority:0|startupRole:FOLLOWER, s1|rpc:localhost:45309|admin:localhost:41751|client:localhost:45149|dataStream:localhost:41895|priority:0|startupRole:FOLLOWER, s2|rpc:localhost:36685|admin:localhost:46439|client:localhost:40511|dataStream:localhost:44375|priority:0|startupRole:FOLLOWER]|listeners:[], old=null
2023-02-21 19:26:22,218 [s0@group-ECF61963C484-FollowerState] INFO  impl.FollowerState (FollowerState.java:run(143)) - s0@group-ECF61963C484-FollowerState: change to CANDIDATE, lastRpcElapsedTime:304865554ns, electionTimeout:165ms
2023-02-21 19:26:22,218 [s0@group-ECF61963C484-FollowerState] INFO  impl.RoleInfo (RoleInfo.java:shutdownFollowerState(110)) - s0: shutdown s0@group-ECF61963C484-FollowerState
2023-02-21 19:26:22,223 [s2-server-thread5] INFO  server.RaftServer$Division (RaftServerImpl.java:setRole(329)) - s2@group-ECF61963C484: changes role from CANDIDATE to FOLLOWER at term 5 for appendEntries
2023-02-21 19:26:22,224 [s2-server-thread5] INFO  impl.RoleInfo (RoleInfo.java:shutdownLeaderElection(130)) - s2: shutdown s2@group-ECF61963C484-LeaderElection11
2023-02-21 19:26:22,224 [s0@group-ECF61963C484-FollowerState] INFO  server.RaftServer$Division (RaftServerImpl.java:setRole(329)) - s0@group-ECF61963C484: changes role from  FOLLOWER to CANDIDATE at term 5 for changeToCandidate
2023-02-21 19:26:22,224 [s0@group-ECF61963C484-FollowerState] INFO  server.RaftServerConfigKeys (ConfUtils.java:logGet(46)) - raft.server.leaderelection.pre-vote = true (default)
2023-02-21 19:26:22,224 [s0@group-ECF61963C484-FollowerState] INFO  impl.RoleInfo (RoleInfo.java:updateAndGet(139)) - s0: start s0@group-ECF61963C484-LeaderElection12
2023-02-21 19:26:22,224 [s2-server-thread5] INFO  impl.RoleInfo (RoleInfo.java:updateAndGet(139)) - s2: start s2@group-ECF61963C484-FollowerState
2023-02-21 19:26:22,285 [s0-server-thread1] INFO  server.RaftServer$Division (RaftServerImpl.java:setRole(329)) - s0@group-ECF61963C484: changes role from CANDIDATE to FOLLOWER at term 5 for appendEntries
2023-02-21 19:26:22,285 [s0-server-thread1] INFO  impl.RoleInfo (RoleInfo.java:shutdownLeaderElection(130)) - s0: shutdown s0@group-ECF61963C484-LeaderElection12
2023-02-21 19:26:22,286 [s0-server-thread1] INFO  impl.RoleInfo (RoleInfo.java:updateAndGet(139)) - s0: start s0@group-ECF61963C484-FollowerState
2023-02-21 19:26:22,290 [s0@group-ECF61963C484-LeaderElection12] INFO  impl.LeaderElection (LeaderElection.java:run(232)) - s0@group-ECF61963C484-LeaderElection12: skip running since this is already CLOSING
2023-02-21 19:26:22,313 [s2-server-thread5] INFO  server.RaftServer$Division (ServerState.java:setLeader(260)) - s2@group-ECF61963C484: change Leader from null to s1 at term 5 for appendEntries, leader elected after 111ms
2023-02-21 19:26:22,330 [grpc-default-executor-6] INFO  server.RaftServer$Division (RaftServerImpl.java:requestVote(1302)) - s0@group-ECF61963C484: receive requestVote(PRE_VOTE, s2, group-ECF61963C484, 5, (t:5, i:131))
2023-02-21 19:26:22,330 [grpc-default-executor-6] INFO  impl.VoteContext (VoteContext.java:log(49)) - s0@group-ECF61963C484-FOLLOWER: reject PRE_VOTE from s2: this server is a follower and still has a valid leader s1
2023-02-21 19:26:22,330 [grpc-default-executor-6] INFO  server.RaftServer$Division (RaftServerImpl.java:requestVote(1335)) - s0@group-ECF61963C484 replies to PRE_VOTE vote request: s2<-s0#0:FAIL-t5. Peer's state: s0@group-ECF61963C484:t5, leader=s1, voted=null, raftlog=Memoized:s0@group-ECF61963C484-SegmentedRaftLog:OPENED:c127, conf=128: peers:[s0|rpc:localhost:36399|admin:localhost:45573|client:localhost:36971|dataStream:localhost:43269|priority:0|startupRole:FOLLOWER, s1|rpc:localhost:45309|admin:localhost:41751|client:localhost:45149|dataStream:localhost:41895|priority:0|startupRole:FOLLOWER, s2|rpc:localhost:36685|admin:localhost:46439|client:localhost:40511|dataStream:localhost:44375|priority:0|startupRole:FOLLOWER]|listeners:[], old=null
2023-02-21 19:26:22,387 [s2@group-ECF61963C484-LeaderElection11] INFO  impl.LeaderElection (LeaderElection.java:logAndReturn(89)) - s2@group-ECF61963C484-LeaderElection11: PRE_VOTE REJECTED received 1 response(s) and 0 exception(s):
2023-02-21 19:26:22,387 [s2@group-ECF61963C484-LeaderElection11] INFO  impl.LeaderElection (LeaderElection.java:logAndReturn(93)) -   Response 0: s2<-s0#0:FAIL-t5
2023-02-21 19:26:22,387 [s2@group-ECF61963C484-LeaderElection11] INFO  impl.LeaderElection (LeaderElection.java:askForVotes(311)) - s2@group-ECF61963C484-LeaderElection11 PRE_VOTE round 0: result REJECTED
2023-02-21 19:26:22,387 [grpc-default-executor-8] INFO  server.RaftServer$Division (RaftServerImpl.java:requestVote(1302)) - s1@group-ECF61963C484: receive requestVote(PRE_VOTE, s2, group-ECF61963C484, 5, (t:5, i:131))
2023-02-21 19:26:22,387 [grpc-default-executor-8] INFO  impl.VoteContext (VoteContext.java:log(49)) - s1@group-ECF61963C484-LEADER: reject PRE_VOTE from s2: this server is the leader and still has leadership
2023-02-21 19:26:22,387 [grpc-default-executor-8] INFO  server.RaftServer$Division (RaftServerImpl.java:requestVote(1335)) - s1@group-ECF61963C484 replies to PRE_VOTE vote request: s2<-s1#0:FAIL-t5. Peer's state: s1@group-ECF61963C484:t5, leader=s1, voted=s1, raftlog=Memoized:s1@group-ECF61963C484-SegmentedRaftLog:OPENED:c131, conf=128: peers:[s0|rpc:localhost:36399|admin:localhost:45573|client:localhost:36971|dataStream:localhost:43269|priority:0|startupRole:FOLLOWER, s1|rpc:localhost:45309|admin:localhost:41751|client:localhost:45149|dataStream:localhost:41895|priority:0|startupRole:FOLLOWER, s2|rpc:localhost:36685|admin:localhost:46439|client:localhost:40511|dataStream:localhost:44375|priority:0|startupRole:FOLLOWER]|listeners:[], old=null
2023-02-21 19:26:22,650 [pool-9-thread-8] INFO  datastream.DataStreamTestUtils (DataStreamTestUtils.java:writeAndCloseAndAssertReplies(320)) - Stream451: bytesWritten=3745401
2023-02-21 19:26:22,823 [pool-9-thread-1] INFO  datastream.DataStreamTestUtils (DataStreamTestUtils.java:writeAndCloseAndAssertReplies(320)) - Stream452: bytesWritten=3736687
2023-02-21 19:26:22,826 [pool-9-thread-7] INFO  datastream.DataStreamTestUtils (DataStreamTestUtils.java:writeAndCloseAndAssertReplies(320)) - Stream450: bytesWritten=3749502
2023-02-21 19:26:22,977 [pool-9-thread-15] INFO  datastream.DataStreamTestUtils (DataStreamTestUtils.java:writeAndCloseAndAssertReplies(320)) - Stream448: bytesWritten=3753982
2023-02-21 19:26:23,058 [s1-client-thread2] INFO  statemachine.StateMachine (DataStreamTestUtils.java:link(157)) - link SingleDataStream: writeRequest=RaftClientRequest:client-6292E99174B0->s0@group-ECF61963C484, cid=451, seq=0, DataStream, Message:<EMPTY>, logEntry=null
2023-02-21 19:26:23,059 [s0-server-thread3] INFO  statemachine.StateMachine (DataStreamTestUtils.java:link(157)) - link SingleDataStream: writeRequest=RaftClientRequest:client-6292E99174B0->s0@group-ECF61963C484, cid=451, seq=0, DataStream, Message:<EMPTY>, logEntry=null
2023-02-21 19:26:23,060 [s2-server-thread3] INFO  statemachine.StateMachine (DataStreamTestUtils.java:link(157)) - link SingleDataStream: writeRequest=RaftClientRequest:client-6292E99174B0->s0@group-ECF61963C484, cid=451, seq=0, DataStream, Message:<EMPTY>, logEntry=null
2023-02-21 19:26:23,062 [s0-server-thread3] WARN  server.GrpcServerProtocolService (LogUtils.java:warn(124)) - s0: Failed APPEND_ENTRIES request s1->s0#486-t5,previous=(t:5, i:131),leaderCommit=131,initializing? true,entries: size=1, first=(t:5, i:132), STATEMACHINELOGENTRY, 451@client-6292E99174B0
java.util.concurrent.CompletionException: org.apache.ratis.server.raftlog.RaftLogIOException: Log already failed at index 128 for task WriteLog:128: (t:3, i:128), STATEMACHINELOGENTRY, StateMachineLogEntryProto:439@client-8A0E3AB17445
	at java.base/java.util.concurrent.CompletableFuture.encodeThrowable(CompletableFuture.java:331)
	at java.base/java.util.concurrent.CompletableFuture.completeThrowable(CompletableFuture.java:346)
	at java.base/java.util.concurrent.CompletableFuture$BiRelay.tryFire(CompletableFuture.java:1423)
	at java.base/java.util.concurrent.CompletableFuture$CoCompletion.tryFire(CompletableFuture.java:1144)
	at java.base/java.util.concurrent.CompletableFuture.postComplete(CompletableFuture.java:506)
	at java.base/java.util.concurrent.CompletableFuture.completeExceptionally(CompletableFuture.java:2088)
	at org.apache.ratis.server.raftlog.segmented.SegmentedRaftLog$Task.failed(SegmentedRaftLog.java:105)
	at org.apache.ratis.server.raftlog.segmented.SegmentedRaftLogWorker$WriteLog.failed(SegmentedRaftLogWorker.java:519)
	at org.apache.ratis.server.raftlog.segmented.SegmentedRaftLogWorker.run(SegmentedRaftLogWorker.java:317)
	at java.base/java.lang.Thread.run(Thread.java:829)
Caused by: org.apache.ratis.server.raftlog.RaftLogIOException: Log already failed at index 128 for task WriteLog:128: (t:3, i:128), STATEMACHINELOGENTRY, StateMachineLogEntryProto:439@client-8A0E3AB17445
	at org.apache.ratis.server.raftlog.segmented.SegmentedRaftLogWorker.run(SegmentedRaftLogWorker.java:320)
	... 1 more
Caused by: java.io.IOException: java.lang.IllegalStateException: Null stream: entry=term: 3
index: 128
stateMachineLogEntry {
  type: DATASTREAM
  clientId: "\231!h\2642\231BI\224\205\212\016:\261tE"
  callId: 439
}

	at org.apache.ratis.util.IOUtils.asIOException(IOUtils.java:56)
	at org.apache.ratis.util.IOUtils.toIOException(IOUtils.java:61)
	at org.apache.ratis.util.IOUtils.getFromFuture(IOUtils.java:85)
	at org.apache.ratis.server.raftlog.segmented.SegmentedRaftLogWorker$StateMachineDataPolicy.getFromFuture(SegmentedRaftLogWorker.java:88)
	at org.apache.ratis.server.raftlog.segmented.SegmentedRaftLogWorker$WriteLog.execute(SegmentedRaftLogWorker.java:540)
	at org.apache.ratis.server.raftlog.segmented.SegmentedRaftLogWorker.run(SegmentedRaftLogWorker.java:308)
	... 1 more
Caused by: java.lang.IllegalStateException: Null stream: entry=term: 3
index: 128
stateMachineLogEntry {
  type: DATASTREAM
  clientId: "\231!h\2642\231BI\224\205\212\016:\261tE"
  callId: 439
}

	at org.apache.ratis.datastream.DataStreamTestUtils$MultiDataStreamStateMachine.link(DataStreamTestUtils.java:159)
	at org.apache.ratis.server.raftlog.segmented.SegmentedRaftLogWorker$WriteLog.<init>(SegmentedRaftLogWorker.java:497)
	at org.apache.ratis.server.raftlog.segmented.SegmentedRaftLogWorker.writeLogEntry(SegmentedRaftLogWorker.java:443)
	at org.apache.ratis.server.raftlog.segmented.SegmentedRaftLog.appendEntryImpl(SegmentedRaftLog.java:409)
	at org.apache.ratis.server.raftlog.RaftLogBase.lambda$appendEntry$10(RaftLogBase.java:330)
	at org.apache.ratis.server.raftlog.RaftLogSequentialOps$Runner.runSequentially(RaftLogSequentialOps.java:78)
	at org.apache.ratis.server.raftlog.RaftLogBase.appendEntry(RaftLogBase.java:330)
	at org.apache.ratis.server.raftlog.RaftLogBase.appendImpl(RaftLogBase.java:187)
	at org.apache.ratis.server.raftlog.RaftLogBase.lambda$append$2(RaftLogBase.java:161)
	at org.apache.ratis.server.raftlog.RaftLogSequentialOps$Runner.runSequentially(RaftLogSequentialOps.java:69)
	at org.apache.ratis.server.raftlog.RaftLogBase.append(RaftLogBase.java:161)
	at org.apache.ratis.server.impl.ServerState.appendLog(ServerState.java:312)
	at org.apache.ratis.server.impl.RaftServerImpl.appendTransaction(RaftServerImpl.java:779)
	at org.apache.ratis.server.impl.RaftServerImpl.submitClientRequestAsync(RaftServerImpl.java:886)
	at org.apache.ratis.server.impl.RaftServerImpl.lambda$executeSubmitClientRequestAsync$12(RaftServerImpl.java:824)
	at org.apache.ratis.util.JavaUtils.callAsUnchecked(JavaUtils.java:117)
	at org.apache.ratis.server.impl.RaftServerImpl.lambda$executeSubmitClientRequestAsync$13(RaftServerImpl.java:824)
	at java.base/java.util.concurrent.CompletableFuture$AsyncSupply.run(CompletableFuture.java:1700)
	at java.base/java.util.concurrent.ThreadPoolExecutor.runWorker(ThreadPoolExecutor.java:1128)
	at java.base/java.util.concurrent.ThreadPoolExecutor$Worker.run(ThreadPoolExecutor.java:628)
	... 1 more
2023-02-21 19:26:23,064 [pool-9-thread-10] INFO  datastream.DataStreamTestUtils (DataStreamTestUtils.java:writeAndCloseAndAssertReplies(320)) - Stream453: bytesWritten=3742069
2023-02-21 19:26:23,063 [pool-9-thread-8] INFO  datastream.DataStreamTestUtils (DataStreamTestUtils.java:writeAndCloseAndAssertReplies(311)) - start Stream455
2023-02-21 19:26:23,063 [grpc-default-executor-8] WARN  server.GrpcServerProtocolService (LogUtils.java:warn(124)) - s0: Failed APPEND_ENTRIES request s1->s0#487-t5,previous=(t:5, i:132),leaderCommit=132,initializing? true,entries: size=1, first=(t:5, i:133), METADATAENTRY(c:132)
java.util.concurrent.CompletionException: org.apache.ratis.server.raftlog.RaftLogIOException: Log already failed at index 128 for task WriteLog:128: (t:3, i:128), STATEMACHINELOGENTRY, StateMachineLogEntryProto:439@client-8A0E3AB17445
	at java.base/java.util.concurrent.CompletableFuture.encodeThrowable(CompletableFuture.java:331)
	at java.base/java.util.concurrent.CompletableFuture.completeThrowable(CompletableFuture.java:346)
	at java.base/java.util.concurrent.CompletableFuture$BiRelay.tryFire(CompletableFuture.java:1423)
	at java.base/java.util.concurrent.CompletableFuture$CoCompletion.tryFire(CompletableFuture.java:1144)
	at java.base/java.util.concurrent.CompletableFuture.postComplete(CompletableFuture.java:506)
	at java.base/java.util.concurrent.CompletableFuture.completeExceptionally(CompletableFuture.java:2088)
	at org.apache.ratis.server.raftlog.segmented.SegmentedRaftLog$Task.failed(SegmentedRaftLog.java:105)
	at org.apache.ratis.server.raftlog.segmented.SegmentedRaftLogWorker$WriteLog.failed(SegmentedRaftLogWorker.java:519)
	at org.apache.ratis.server.raftlog.segmented.SegmentedRaftLogWorker.run(SegmentedRaftLogWorker.java:317)
	at java.base/java.lang.Thread.run(Thread.java:829)
Caused by: org.apache.ratis.server.raftlog.RaftLogIOException: Log already failed at index 128 for task WriteLog:128: (t:3, i:128), STATEMACHINELOGENTRY, StateMachineLogEntryProto:439@client-8A0E3AB17445
	at org.apache.ratis.server.raftlog.segmented.SegmentedRaftLogWorker.run(SegmentedRaftLogWorker.java:320)
	... 1 more
Caused by: java.io.IOException: java.lang.IllegalStateException: Null stream: entry=term: 3
index: 128
stateMachineLogEntry {
  type: DATASTREAM
  clientId: "\231!h\2642\231BI\224\205\212\016:\261tE"
  callId: 439
}

	at org.apache.ratis.util.IOUtils.asIOException(IOUtils.java:56)
	at org.apache.ratis.util.IOUtils.toIOException(IOUtils.java:61)
	at org.apache.ratis.util.IOUtils.getFromFuture(IOUtils.java:85)
	at org.apache.ratis.server.raftlog.segmented.SegmentedRaftLogWorker$StateMachineDataPolicy.getFromFuture(SegmentedRaftLogWorker.java:88)
	at org.apache.ratis.server.raftlog.segmented.SegmentedRaftLogWorker$WriteLog.execute(SegmentedRaftLogWorker.java:540)
	at org.apache.ratis.server.raftlog.segmented.SegmentedRaftLogWorker.run(SegmentedRaftLogWorker.java:308)
	... 1 more
Caused by: java.lang.IllegalStateException: Null stream: entry=term: 3
index: 128
stateMachineLogEntry {
  type: DATASTREAM
  clientId: "\231!h\2642\231BI\224\205\212\016:\261tE"
  callId: 439
}

	at org.apache.ratis.datastream.DataStreamTestUtils$MultiDataStreamStateMachine.link(DataStreamTestUtils.java:159)
	at org.apache.ratis.server.raftlog.segmented.SegmentedRaftLogWorker$WriteLog.<init>(SegmentedRaftLogWorker.java:497)
	at org.apache.ratis.server.raftlog.segmented.SegmentedRaftLogWorker.writeLogEntry(SegmentedRaftLogWorker.java:443)
	at org.apache.ratis.server.raftlog.segmented.SegmentedRaftLog.appendEntryImpl(SegmentedRaftLog.java:409)
	at org.apache.ratis.server.raftlog.RaftLogBase.lambda$appendEntry$10(RaftLogBase.java:330)
	at org.apache.ratis.server.raftlog.RaftLogSequentialOps$Runner.runSequentially(RaftLogSequentialOps.java:78)
	at org.apache.ratis.server.raftlog.RaftLogBase.appendEntry(RaftLogBase.java:330)
	at org.apache.ratis.server.raftlog.RaftLogBase.appendImpl(RaftLogBase.java:187)
	at org.apache.ratis.server.raftlog.RaftLogBase.lambda$append$2(RaftLogBase.java:161)
	at org.apache.ratis.server.raftlog.RaftLogSequentialOps$Runner.runSequentially(RaftLogSequentialOps.java:69)
	at org.apache.ratis.server.raftlog.RaftLogBase.append(RaftLogBase.java:161)
	at org.apache.ratis.server.impl.ServerState.appendLog(ServerState.java:312)
	at org.apache.ratis.server.impl.RaftServerImpl.appendTransaction(RaftServerImpl.java:779)
	at org.apache.ratis.server.impl.RaftServerImpl.submitClientRequestAsync(RaftServerImpl.java:886)
	at org.apache.ratis.server.impl.RaftServerImpl.lambda$executeSubmitClientRequestAsync$12(RaftServerImpl.java:824)
	at org.apache.ratis.util.JavaUtils.callAsUnchecked(JavaUtils.java:117)
	at org.apache.ratis.server.impl.RaftServerImpl.lambda$executeSubmitClientRequestAsync$13(RaftServerImpl.java:824)
	at java.base/java.util.concurrent.CompletableFuture$AsyncSupply.run(CompletableFuture.java:1700)
	at java.base/java.util.concurrent.ThreadPoolExecutor.runWorker(ThreadPoolExecutor.java:1128)
	at java.base/java.util.concurrent.ThreadPoolExecutor$Worker.run(ThreadPoolExecutor.java:628)
	... 1 more
2023-02-21 19:26:23,072 [grpc-default-executor-2] WARN  server.GrpcLogAppender (LogUtils.java:warn(124)) - s1@group-ECF61963C484->s0-AppendLogResponseHandler: Failed appendEntries
org.apache.ratis.server.raftlog.RaftLogIOException: Log already failed at index 128 for task WriteLog:128: (t:3, i:128), STATEMACHINELOGENTRY, StateMachineLogEntryProto:439@client-8A0E3AB17445
	at org.apache.ratis.server.raftlog.segmented.SegmentedRaftLogWorker.run(SegmentedRaftLogWorker.java:320)
	at java.base/java.lang.Thread.run(Thread.java:829)
Caused by: java.io.IOException: java.lang.IllegalStateException: Null stream: entry=term: 3
index: 128
stateMachineLogEntry {
  type: DATASTREAM
  clientId: "\231!h\2642\231BI\224\205\212\016:\261tE"
  callId: 439
}

	at org.apache.ratis.util.IOUtils.asIOException(IOUtils.java:56)
	at org.apache.ratis.util.IOUtils.toIOException(IOUtils.java:61)
	at org.apache.ratis.util.IOUtils.getFromFuture(IOUtils.java:85)
	at org.apache.ratis.server.raftlog.segmented.SegmentedRaftLogWorker$StateMachineDataPolicy.getFromFuture(SegmentedRaftLogWorker.java:88)
	at org.apache.ratis.server.raftlog.segmented.SegmentedRaftLogWorker$WriteLog.execute(SegmentedRaftLogWorker.java:540)
	at org.apache.ratis.server.raftlog.segmented.SegmentedRaftLogWorker.run(SegmentedRaftLogWorker.java:308)
	... 1 more
Caused by: java.lang.IllegalStateException: Null stream: entry=term: 3
index: 128
stateMachineLogEntry {
  type: DATASTREAM
  clientId: "\231!h\2642\231BI\224\205\212\016:\261tE"
  callId: 439
}

	at org.apache.ratis.datastream.DataStreamTestUtils$MultiDataStreamStateMachine.link(DataStreamTestUtils.java:159)
	at org.apache.ratis.server.raftlog.segmented.SegmentedRaftLogWorker$WriteLog.<init>(SegmentedRaftLogWorker.java:497)
	at org.apache.ratis.server.raftlog.segmented.SegmentedRaftLogWorker.writeLogEntry(SegmentedRaftLogWorker.java:443)
	at org.apache.ratis.server.raftlog.segmented.SegmentedRaftLog.appendEntryImpl(SegmentedRaftLog.java:409)
	at org.apache.ratis.server.raftlog.RaftLogBase.lambda$appendEntry$10(RaftLogBase.java:330)
	at org.apache.ratis.server.raftlog.RaftLogSequentialOps$Runner.runSequentially(RaftLogSequentialOps.java:78)
	at org.apache.ratis.server.raftlog.RaftLogBase.appendEntry(RaftLogBase.java:330)
	at org.apache.ratis.server.raftlog.RaftLogBase.appendImpl(RaftLogBase.java:187)
	at org.apache.ratis.server.raftlog.RaftLogBase.lambda$append$2(RaftLogBase.java:161)
	at org.apache.ratis.server.raftlog.RaftLogSequentialOps$Runner.runSequentially(RaftLogSequentialOps.java:69)
	at org.apache.ratis.server.raftlog.RaftLogBase.append(RaftLogBase.java:161)
	at org.apache.ratis.server.impl.ServerState.appendLog(ServerState.java:312)
	at org.apache.ratis.server.impl.RaftServerImpl.appendTransaction(RaftServerImpl.java:779)
	at org.apache.ratis.server.impl.RaftServerImpl.submitClientRequestAsync(RaftServerImpl.java:886)
	at org.apache.ratis.server.impl.RaftServerImpl.lambda$executeSubmitClientRequestAsync$12(RaftServerImpl.java:824)
	at org.apache.ratis.util.JavaUtils.callAsUnchecked(JavaUtils.java:117)
	at org.apache.ratis.server.impl.RaftServerImpl.lambda$executeSubmitClientRequestAsync$13(RaftServerImpl.java:824)
	at java.base/java.util.concurrent.CompletableFuture$AsyncSupply.run(CompletableFuture.java:1700)
	at java.base/java.util.concurrent.ThreadPoolExecutor.runWorker(ThreadPoolExecutor.java:1128)
	at java.base/java.util.concurrent.ThreadPoolExecutor$Worker.run(ThreadPoolExecutor.java:628)
	... 1 more
2023-02-21 19:26:23,120 [grpc-default-executor-2] INFO  leader.FollowerInfo (FollowerInfoImpl.java:lambda$new$0(52)) - s1@group-ECF61963C484->s0: nextIndex: updateUnconditionally 134 -> 132
2023-02-21 19:26:23,433 [s1-client-thread2] INFO  statemachine.StateMachine (DataStreamTestUtils.java:link(157)) - link SingleDataStream: writeRequest=RaftClientRequest:client-6292E99174B0->s0@group-ECF61963C484, cid=453, seq=0, DataStream, Message:<EMPTY>, logEntry=null
2023-02-21 19:26:23,435 [s0-server-thread3] INFO  statemachine.StateMachine (DataStreamTestUtils.java:link(157)) - link SingleDataStream: writeRequest=RaftClientRequest:client-6292E99174B0->s0@group-ECF61963C484, cid=453, seq=0, DataStream, Message:<EMPTY>, logEntry=null
2023-02-21 19:26:23,436 [s2-server-thread3] INFO  statemachine.StateMachine (DataStreamTestUtils.java:link(157)) - link SingleDataStream: writeRequest=RaftClientRequest:client-6292E99174B0->s0@group-ECF61963C484, cid=453, seq=0, DataStream, Message:<EMPTY>, logEntry=null
2023-02-21 19:26:23,447 [s1-client-thread2] INFO  statemachine.StateMachine (DataStreamTestUtils.java:link(157)) - link SingleDataStream: writeRequest=RaftClientRequest:client-6292E99174B0->s0@group-ECF61963C484, cid=450, seq=0, DataStream, Message:<EMPTY>, logEntry=null
2023-02-21 19:26:23,447 [s0-server-thread3] WARN  server.GrpcServerProtocolService (LogUtils.java:warn(124)) - s0: Failed APPEND_ENTRIES request s1->s0#532-t5,previous=(t:5, i:133),leaderCommit=133,initializing? true,entries: size=1, first=(t:5, i:134), STATEMACHINELOGENTRY, 453@client-6292E99174B0
java.util.concurrent.CompletionException: org.apache.ratis.server.raftlog.RaftLogIOException: Log already failed at index 128 for task WriteLog:128: (t:3, i:128), STATEMACHINELOGENTRY, StateMachineLogEntryProto:439@client-8A0E3AB17445
	at java.base/java.util.concurrent.CompletableFuture.encodeThrowable(CompletableFuture.java:331)
	at java.base/java.util.concurrent.CompletableFuture.completeThrowable(CompletableFuture.java:346)
	at java.base/java.util.concurrent.CompletableFuture$BiRelay.tryFire(CompletableFuture.java:1423)
	at java.base/java.util.concurrent.CompletableFuture$CoCompletion.tryFire(CompletableFuture.java:1144)
	at java.base/java.util.concurrent.CompletableFuture.postComplete(CompletableFuture.java:506)
	at java.base/java.util.concurrent.CompletableFuture.completeExceptionally(CompletableFuture.java:2088)
	at org.apache.ratis.server.raftlog.segmented.SegmentedRaftLog$Task.failed(SegmentedRaftLog.java:105)
	at org.apache.ratis.server.raftlog.segmented.SegmentedRaftLogWorker$WriteLog.failed(SegmentedRaftLogWorker.java:519)
	at org.apache.ratis.server.raftlog.segmented.SegmentedRaftLogWorker.run(SegmentedRaftLogWorker.java:317)
	at java.base/java.lang.Thread.run(Thread.java:829)
Caused by: org.apache.ratis.server.raftlog.RaftLogIOException: Log already failed at index 128 for task WriteLog:128: (t:3, i:128), STATEMACHINELOGENTRY, StateMachineLogEntryProto:439@client-8A0E3AB17445
	at org.apache.ratis.server.raftlog.segmented.SegmentedRaftLogWorker.run(SegmentedRaftLogWorker.java:320)
	... 1 more
Caused by: java.io.IOException: java.lang.IllegalStateException: Null stream: entry=term: 3
index: 128
stateMachineLogEntry {
  type: DATASTREAM
  clientId: "\231!h\2642\231BI\224\205\212\016:\261tE"
  callId: 439
}

	at org.apache.ratis.util.IOUtils.asIOException(IOUtils.java:56)
	at org.apache.ratis.util.IOUtils.toIOException(IOUtils.java:61)
	at org.apache.ratis.util.IOUtils.getFromFuture(IOUtils.java:85)
	at org.apache.ratis.server.raftlog.segmented.SegmentedRaftLogWorker$StateMachineDataPolicy.getFromFuture(SegmentedRaftLogWorker.java:88)
	at org.apache.ratis.server.raftlog.segmented.SegmentedRaftLogWorker$WriteLog.execute(SegmentedRaftLogWorker.java:540)
	at org.apache.ratis.server.raftlog.segmented.SegmentedRaftLogWorker.run(SegmentedRaftLogWorker.java:308)
	... 1 more
Caused by: java.lang.IllegalStateException: Null stream: entry=term: 3
index: 128
stateMachineLogEntry {
  type: DATASTREAM
  clientId: "\231!h\2642\231BI\224\205\212\016:\261tE"
  callId: 439
}

	at org.apache.ratis.datastream.DataStreamTestUtils$MultiDataStreamStateMachine.link(DataStreamTestUtils.java:159)
	at org.apache.ratis.server.raftlog.segmented.SegmentedRaftLogWorker$WriteLog.<init>(SegmentedRaftLogWorker.java:497)
	at org.apache.ratis.server.raftlog.segmented.SegmentedRaftLogWorker.writeLogEntry(SegmentedRaftLogWorker.java:443)
	at org.apache.ratis.server.raftlog.segmented.SegmentedRaftLog.appendEntryImpl(SegmentedRaftLog.java:409)
	at org.apache.ratis.server.raftlog.RaftLogBase.lambda$appendEntry$10(RaftLogBase.java:330)
	at org.apache.ratis.server.raftlog.RaftLogSequentialOps$Runner.runSequentially(RaftLogSequentialOps.java:78)
	at org.apache.ratis.server.raftlog.RaftLogBase.appendEntry(RaftLogBase.java:330)
	at org.apache.ratis.server.raftlog.RaftLogBase.appendImpl(RaftLogBase.java:187)
	at org.apache.ratis.server.raftlog.RaftLogBase.lambda$append$2(RaftLogBase.java:161)
	at org.apache.ratis.server.raftlog.RaftLogSequentialOps$Runner.runSequentially(RaftLogSequentialOps.java:69)
	at org.apache.ratis.server.raftlog.RaftLogBase.append(RaftLogBase.java:161)
	at org.apache.ratis.server.impl.ServerState.appendLog(ServerState.java:312)
	at org.apache.ratis.server.impl.RaftServerImpl.appendTransaction(RaftServerImpl.java:779)
	at org.apache.ratis.server.impl.RaftServerImpl.submitClientRequestAsync(RaftServerImpl.java:886)
	at org.apache.ratis.server.impl.RaftServerImpl.lambda$executeSubmitClientRequestAsync$12(RaftServerImpl.java:824)
	at org.apache.ratis.util.JavaUtils.callAsUnchecked(JavaUtils.java:117)
	at org.apache.ratis.server.impl.RaftServerImpl.lambda$executeSubmitClientRequestAsync$13(RaftServerImpl.java:824)
	at java.base/java.util.concurrent.CompletableFuture$AsyncSupply.run(CompletableFuture.java:1700)
	at java.base/java.util.concurrent.ThreadPoolExecutor.runWorker(ThreadPoolExecutor.java:1128)
	at java.base/java.util.concurrent.ThreadPoolExecutor$Worker.run(ThreadPoolExecutor.java:628)
	... 1 more
2023-02-21 19:26:23,470 [grpc-default-executor-6] WARN  server.GrpcLogAppender (LogUtils.java:warn(124)) - s1@group-ECF61963C484->s0-AppendLogResponseHandler: Failed appendEntries
org.apache.ratis.server.raftlog.RaftLogIOException: Log already failed at index 128 for task WriteLog:128: (t:3, i:128), STATEMACHINELOGENTRY, StateMachineLogEntryProto:439@client-8A0E3AB17445
	at org.apache.ratis.server.raftlog.segmented.SegmentedRaftLogWorker.run(SegmentedRaftLogWorker.java:320)
	at java.base/java.lang.Thread.run(Thread.java:829)
Caused by: java.io.IOException: java.lang.IllegalStateException: Null stream: entry=term: 3
index: 128
stateMachineLogEntry {
  type: DATASTREAM
  clientId: "\231!h\2642\231BI\224\205\212\016:\261tE"
  callId: 439
}

	at org.apache.ratis.util.IOUtils.asIOException(IOUtils.java:56)
	at org.apache.ratis.util.IOUtils.toIOException(IOUtils.java:61)
	at org.apache.ratis.util.IOUtils.getFromFuture(IOUtils.java:85)
	at org.apache.ratis.server.raftlog.segmented.SegmentedRaftLogWorker$StateMachineDataPolicy.getFromFuture(SegmentedRaftLogWorker.java:88)
	at org.apache.ratis.server.raftlog.segmented.SegmentedRaftLogWorker$WriteLog.execute(SegmentedRaftLogWorker.java:540)
	at org.apache.ratis.server.raftlog.segmented.SegmentedRaftLogWorker.run(SegmentedRaftLogWorker.java:308)
	... 1 more
Caused by: java.lang.IllegalStateException: Null stream: entry=term: 3
index: 128
stateMachineLogEntry {
  type: DATASTREAM
  clientId: "\231!h\2642\231BI\224\205\212\016:\261tE"
  callId: 439
}

	at org.apache.ratis.datastream.DataStreamTestUtils$MultiDataStreamStateMachine.link(DataStreamTestUtils.java:159)
	at org.apache.ratis.server.raftlog.segmented.SegmentedRaftLogWorker$WriteLog.<init>(SegmentedRaftLogWorker.java:497)
	at org.apache.ratis.server.raftlog.segmented.SegmentedRaftLogWorker.writeLogEntry(SegmentedRaftLogWorker.java:443)
	at org.apache.ratis.server.raftlog.segmented.SegmentedRaftLog.appendEntryImpl(SegmentedRaftLog.java:409)
	at org.apache.ratis.server.raftlog.RaftLogBase.lambda$appendEntry$10(RaftLogBase.java:330)
	at org.apache.ratis.server.raftlog.RaftLogSequentialOps$Runner.runSequentially(RaftLogSequentialOps.java:78)
	at org.apache.ratis.server.raftlog.RaftLogBase.appendEntry(RaftLogBase.java:330)
	at org.apache.ratis.server.raftlog.RaftLogBase.appendImpl(RaftLogBase.java:187)
	at org.apache.ratis.server.raftlog.RaftLogBase.lambda$append$2(RaftLogBase.java:161)
	at org.apache.ratis.server.raftlog.RaftLogSequentialOps$Runner.runSequentially(RaftLogSequentialOps.java:69)
	at org.apache.ratis.server.raftlog.RaftLogBase.append(RaftLogBase.java:161)
	at org.apache.ratis.server.impl.ServerState.appendLog(ServerState.java:312)
	at org.apache.ratis.server.impl.RaftServerImpl.appendTransaction(RaftServerImpl.java:779)
	at org.apache.ratis.server.impl.RaftServerImpl.submitClientRequestAsync(RaftServerImpl.java:886)
	at org.apache.ratis.server.impl.RaftServerImpl.lambda$executeSubmitClientRequestAsync$12(RaftServerImpl.java:824)
	at org.apache.ratis.util.JavaUtils.callAsUnchecked(JavaUtils.java:117)
	at org.apache.ratis.server.impl.RaftServerImpl.lambda$executeSubmitClientRequestAsync$13(RaftServerImpl.java:824)
	at java.base/java.util.concurrent.CompletableFuture$AsyncSupply.run(CompletableFuture.java:1700)
	at java.base/java.util.concurrent.ThreadPoolExecutor.runWorker(ThreadPoolExecutor.java:1128)
	at java.base/java.util.concurrent.ThreadPoolExecutor$Worker.run(ThreadPoolExecutor.java:628)
	... 1 more
2023-02-21 19:26:23,450 [s1-client-thread2] INFO  statemachine.StateMachine (DataStreamTestUtils.java:link(157)) - link SingleDataStream: writeRequest=RaftClientRequest:client-6292E99174B0->s0@group-ECF61963C484, cid=448, seq=0, DataStream, Message:<EMPTY>, logEntry=null
2023-02-21 19:26:23,449 [s2-server-thread3] INFO  statemachine.StateMachine (DataStreamTestUtils.java:link(157)) - link SingleDataStream: writeRequest=RaftClientRequest:client-6292E99174B0->s0@group-ECF61963C484, cid=450, seq=0, DataStream, Message:<EMPTY>, logEntry=null
2023-02-21 19:26:23,449 [s0-server-thread2] INFO  statemachine.StateMachine (DataStreamTestUtils.java:link(157)) - link SingleDataStream: writeRequest=RaftClientRequest:client-6292E99174B0->s0@group-ECF61963C484, cid=450, seq=0, DataStream, Message:<EMPTY>, logEntry=null
2023-02-21 19:26:23,471 [grpc-default-executor-6] INFO  leader.FollowerInfo (FollowerInfoImpl.java:lambda$new$0(52)) - s1@group-ECF61963C484->s0: nextIndex: updateUnconditionally 137 -> 134
2023-02-21 19:26:23,472 [grpc-default-executor-8] WARN  server.GrpcServerProtocolService (LogUtils.java:warn(124)) - s0: Failed APPEND_ENTRIES request s1->s0#534-t5,previous=(t:5, i:134),leaderCommit=133,initializing? true,entries: size=1, first=(t:5, i:135), STATEMACHINELOGENTRY, 450@client-6292E99174B0
java.util.concurrent.CompletionException: org.apache.ratis.server.raftlog.RaftLogIOException: Log already failed at index 128 for task WriteLog:128: (t:3, i:128), STATEMACHINELOGENTRY, StateMachineLogEntryProto:439@client-8A0E3AB17445
	at java.base/java.util.concurrent.CompletableFuture.encodeThrowable(CompletableFuture.java:331)
	at java.base/java.util.concurrent.CompletableFuture.completeThrowable(CompletableFuture.java:346)
	at java.base/java.util.concurrent.CompletableFuture$BiRelay.tryFire(CompletableFuture.java:1423)
	at java.base/java.util.concurrent.CompletableFuture$CoCompletion.tryFire(CompletableFuture.java:1144)
	at java.base/java.util.concurrent.CompletableFuture.postComplete(CompletableFuture.java:506)
	at java.base/java.util.concurrent.CompletableFuture.completeExceptionally(CompletableFuture.java:2088)
	at org.apache.ratis.server.raftlog.segmented.SegmentedRaftLog$Task.failed(SegmentedRaftLog.java:105)
	at org.apache.ratis.server.raftlog.segmented.SegmentedRaftLogWorker$WriteLog.failed(SegmentedRaftLogWorker.java:519)
	at org.apache.ratis.server.raftlog.segmented.SegmentedRaftLogWorker.run(SegmentedRaftLogWorker.java:317)
	at java.base/java.lang.Thread.run(Thread.java:829)
Caused by: org.apache.ratis.server.raftlog.RaftLogIOException: Log already failed at index 128 for task WriteLog:128: (t:3, i:128), STATEMACHINELOGENTRY, StateMachineLogEntryProto:439@client-8A0E3AB17445
	at org.apache.ratis.server.raftlog.segmented.SegmentedRaftLogWorker.run(SegmentedRaftLogWorker.java:320)
	... 1 more
Caused by: java.io.IOException: java.lang.IllegalStateException: Null stream: entry=term: 3
index: 128
stateMachineLogEntry {
  type: DATASTREAM
  clientId: "\231!h\2642\231BI\224\205\212\016:\261tE"
  callId: 439
}

	at org.apache.ratis.util.IOUtils.asIOException(IOUtils.java:56)
	at org.apache.ratis.util.IOUtils.toIOException(IOUtils.java:61)
	at org.apache.ratis.util.IOUtils.getFromFuture(IOUtils.java:85)
	at org.apache.ratis.server.raftlog.segmented.SegmentedRaftLogWorker$StateMachineDataPolicy.getFromFuture(SegmentedRaftLogWorker.java:88)
	at org.apache.ratis.server.raftlog.segmented.SegmentedRaftLogWorker$WriteLog.execute(SegmentedRaftLogWorker.java:540)
	at org.apache.ratis.server.raftlog.segmented.SegmentedRaftLogWorker.run(SegmentedRaftLogWorker.java:308)
	... 1 more
Caused by: java.lang.IllegalStateException: Null stream: entry=term: 3
index: 128
stateMachineLogEntry {
  type: DATASTREAM
  clientId: "\231!h\2642\231BI\224\205\212\016:\261tE"
  callId: 439
}

	at org.apache.ratis.datastream.DataStreamTestUtils$MultiDataStreamStateMachine.link(DataStreamTestUtils.java:159)
	at org.apache.ratis.server.raftlog.segmented.SegmentedRaftLogWorker$WriteLog.<init>(SegmentedRaftLogWorker.java:497)
	at org.apache.ratis.server.raftlog.segmented.SegmentedRaftLogWorker.writeLogEntry(SegmentedRaftLogWorker.java:443)
	at org.apache.ratis.server.raftlog.segmented.SegmentedRaftLog.appendEntryImpl(SegmentedRaftLog.java:409)
	at org.apache.ratis.server.raftlog.RaftLogBase.lambda$appendEntry$10(RaftLogBase.java:330)
	at org.apache.ratis.server.raftlog.RaftLogSequentialOps$Runner.runSequentially(RaftLogSequentialOps.java:78)
	at org.apache.ratis.server.raftlog.RaftLogBase.appendEntry(RaftLogBase.java:330)
	at org.apache.ratis.server.raftlog.RaftLogBase.appendImpl(RaftLogBase.java:187)
	at org.apache.ratis.server.raftlog.RaftLogBase.lambda$append$2(RaftLogBase.java:161)
	at org.apache.ratis.server.raftlog.RaftLogSequentialOps$Runner.runSequentially(RaftLogSequentialOps.java:69)
	at org.apache.ratis.server.raftlog.RaftLogBase.append(RaftLogBase.java:161)
	at org.apache.ratis.server.impl.ServerState.appendLog(ServerState.java:312)
	at org.apache.ratis.server.impl.RaftServerImpl.appendTransaction(RaftServerImpl.java:779)
	at org.apache.ratis.server.impl.RaftServerImpl.submitClientRequestAsync(RaftServerImpl.java:886)
	at org.apache.ratis.server.impl.RaftServerImpl.lambda$executeSubmitClientRequestAsync$12(RaftServerImpl.java:824)
	at org.apache.ratis.util.JavaUtils.callAsUnchecked(JavaUtils.java:117)
	at org.apache.ratis.server.impl.RaftServerImpl.lambda$executeSubmitClientRequestAsync$13(RaftServerImpl.java:824)
	at java.base/java.util.concurrent.CompletableFuture$AsyncSupply.run(CompletableFuture.java:1700)
	at java.base/java.util.concurrent.ThreadPoolExecutor.runWorker(ThreadPoolExecutor.java:1128)
	at java.base/java.util.concurrent.ThreadPoolExecutor$Worker.run(ThreadPoolExecutor.java:628)
	... 1 more
2023-02-21 19:26:23,477 [s1-client-thread2] INFO  statemachine.StateMachine (DataStreamTestUtils.java:link(157)) - link SingleDataStream: writeRequest=RaftClientRequest:client-6292E99174B0->s0@group-ECF61963C484, cid=452, seq=0, DataStream, Message:<EMPTY>, logEntry=null
2023-02-21 19:26:23,477 [pool-9-thread-10] INFO  datastream.DataStreamTestUtils (DataStreamTestUtils.java:writeAndCloseAndAssertReplies(311)) - start Stream456
2023-02-21 19:26:23,478 [s0-server-thread2] INFO  statemachine.StateMachine (DataStreamTestUtils.java:link(157)) - link SingleDataStream: writeRequest=RaftClientRequest:client-6292E99174B0->s0@group-ECF61963C484, cid=448, seq=0, DataStream, Message:<EMPTY>, logEntry=null
2023-02-21 19:26:23,478 [grpc-default-executor-6] WARN  server.GrpcServerProtocolService (LogUtils.java:warn(124)) - s0: Failed APPEND_ENTRIES request s1->s0#537-t5,previous=(t:5, i:133),leaderCommit=134,initializing? true,entries: size=4, first=(t:5, i:134), STATEMACHINELOGENTRY, 453@client-6292E99174B0
java.util.concurrent.CompletionException: org.apache.ratis.server.raftlog.RaftLogIOException: Log already failed at index 128 for task WriteLog:128: (t:3, i:128), STATEMACHINELOGENTRY, StateMachineLogEntryProto:439@client-8A0E3AB17445
	at java.base/java.util.concurrent.CompletableFuture.encodeThrowable(CompletableFuture.java:331)
	at java.base/java.util.concurrent.CompletableFuture.completeThrowable(CompletableFuture.java:346)
	at java.base/java.util.concurrent.CompletableFuture$BiRelay.tryFire(CompletableFuture.java:1423)
	at java.base/java.util.concurrent.CompletableFuture$CoCompletion.tryFire(CompletableFuture.java:1144)
	at java.base/java.util.concurrent.CompletableFuture.postComplete(CompletableFuture.java:506)
	at java.base/java.util.concurrent.CompletableFuture.completeExceptionally(CompletableFuture.java:2088)
	at org.apache.ratis.server.raftlog.segmented.SegmentedRaftLog$Task.failed(SegmentedRaftLog.java:105)
	at org.apache.ratis.server.raftlog.segmented.SegmentedRaftLogWorker$WriteLog.failed(SegmentedRaftLogWorker.java:519)
	at org.apache.ratis.server.raftlog.segmented.SegmentedRaftLogWorker.run(SegmentedRaftLogWorker.java:317)
	at java.base/java.lang.Thread.run(Thread.java:829)
Caused by: org.apache.ratis.server.raftlog.RaftLogIOException: Log already failed at index 128 for task WriteLog:128: (t:3, i:128), STATEMACHINELOGENTRY, StateMachineLogEntryProto:439@client-8A0E3AB17445
	at org.apache.ratis.server.raftlog.segmented.SegmentedRaftLogWorker.run(SegmentedRaftLogWorker.java:320)
	... 1 more
Caused by: java.io.IOException: java.lang.IllegalStateException: Null stream: entry=term: 3
index: 128
stateMachineLogEntry {
  type: DATASTREAM
  clientId: "\231!h\2642\231BI\224\205\212\016:\261tE"
  callId: 439
}

	at org.apache.ratis.util.IOUtils.asIOException(IOUtils.java:56)
	at org.apache.ratis.util.IOUtils.toIOException(IOUtils.java:61)
	at org.apache.ratis.util.IOUtils.getFromFuture(IOUtils.java:85)
	at org.apache.ratis.server.raftlog.segmented.SegmentedRaftLogWorker$StateMachineDataPolicy.getFromFuture(SegmentedRaftLogWorker.java:88)
	at org.apache.ratis.server.raftlog.segmented.SegmentedRaftLogWorker$WriteLog.execute(SegmentedRaftLogWorker.java:540)
	at org.apache.ratis.server.raftlog.segmented.SegmentedRaftLogWorker.run(SegmentedRaftLogWorker.java:308)
	... 1 more
Caused by: java.lang.IllegalStateException: Null stream: entry=term: 3
index: 128
stateMachineLogEntry {
  type: DATASTREAM
  clientId: "\231!h\2642\231BI\224\205\212\016:\261tE"
  callId: 439
}

	at org.apache.ratis.datastream.DataStreamTestUtils$MultiDataStreamStateMachine.link(DataStreamTestUtils.java:159)
	at org.apache.ratis.server.raftlog.segmented.SegmentedRaftLogWorker$WriteLog.<init>(SegmentedRaftLogWorker.java:497)
	at org.apache.ratis.server.raftlog.segmented.SegmentedRaftLogWorker.writeLogEntry(SegmentedRaftLogWorker.java:443)
	at org.apache.ratis.server.raftlog.segmented.SegmentedRaftLog.appendEntryImpl(SegmentedRaftLog.java:409)
	at org.apache.ratis.server.raftlog.RaftLogBase.lambda$appendEntry$10(RaftLogBase.java:330)
	at org.apache.ratis.server.raftlog.RaftLogSequentialOps$Runner.runSequentially(RaftLogSequentialOps.java:78)
	at org.apache.ratis.server.raftlog.RaftLogBase.appendEntry(RaftLogBase.java:330)
	at org.apache.ratis.server.raftlog.RaftLogBase.appendImpl(RaftLogBase.java:187)
	at org.apache.ratis.server.raftlog.RaftLogBase.lambda$append$2(RaftLogBase.java:161)
	at org.apache.ratis.server.raftlog.RaftLogSequentialOps$Runner.runSequentially(RaftLogSequentialOps.java:69)
	at org.apache.ratis.server.raftlog.RaftLogBase.append(RaftLogBase.java:161)
	at org.apache.ratis.server.impl.ServerState.appendLog(ServerState.java:312)
	at org.apache.ratis.server.impl.RaftServerImpl.appendTransaction(RaftServerImpl.java:779)
	at org.apache.ratis.server.impl.RaftServerImpl.submitClientRequestAsync(RaftServerImpl.java:886)
	at org.apache.ratis.server.impl.RaftServerImpl.lambda$executeSubmitClientRequestAsync$12(RaftServerImpl.java:824)
	at org.apache.ratis.util.JavaUtils.callAsUnchecked(JavaUtils.java:117)
	at org.apache.ratis.server.impl.RaftServerImpl.lambda$executeSubmitClientRequestAsync$13(RaftServerImpl.java:824)
	at java.base/java.util.concurrent.CompletableFuture$AsyncSupply.run(CompletableFuture.java:1700)
	at java.base/java.util.concurrent.ThreadPoolExecutor.runWorker(ThreadPoolExecutor.java:1128)
	at java.base/java.util.concurrent.ThreadPoolExecutor$Worker.run(ThreadPoolExecutor.java:628)
	... 1 more
2023-02-21 19:26:23,484 [grpc-default-executor-8] WARN  server.GrpcLogAppender (LogUtils.java:warn(124)) - s1@group-ECF61963C484->s0-AppendLogResponseHandler: Failed appendEntries
org.apache.ratis.server.raftlog.RaftLogIOException: Log already failed at index 128 for task WriteLog:128: (t:3, i:128), STATEMACHINELOGENTRY, StateMachineLogEntryProto:439@client-8A0E3AB17445
	at org.apache.ratis.server.raftlog.segmented.SegmentedRaftLogWorker.run(SegmentedRaftLogWorker.java:320)
	at java.base/java.lang.Thread.run(Thread.java:829)
Caused by: java.io.IOException: java.lang.IllegalStateException: Null stream: entry=term: 3
index: 128
stateMachineLogEntry {
  type: DATASTREAM
  clientId: "\231!h\2642\231BI\224\205\212\016:\261tE"
  callId: 439
}

	at org.apache.ratis.util.IOUtils.asIOException(IOUtils.java:56)
	at org.apache.ratis.util.IOUtils.toIOException(IOUtils.java:61)
	at org.apache.ratis.util.IOUtils.getFromFuture(IOUtils.java:85)
	at org.apache.ratis.server.raftlog.segmented.SegmentedRaftLogWorker$StateMachineDataPolicy.getFromFuture(SegmentedRaftLogWorker.java:88)
	at org.apache.ratis.server.raftlog.segmented.SegmentedRaftLogWorker$WriteLog.execute(SegmentedRaftLogWorker.java:540)
	at org.apache.ratis.server.raftlog.segmented.SegmentedRaftLogWorker.run(SegmentedRaftLogWorker.java:308)
	... 1 more
Caused by: java.lang.IllegalStateException: Null stream: entry=term: 3
index: 128
stateMachineLogEntry {
  type: DATASTREAM
  clientId: "\231!h\2642\231BI\224\205\212\016:\261tE"
  callId: 439
}

	at org.apache.ratis.datastream.DataStreamTestUtils$MultiDataStreamStateMachine.link(DataStreamTestUtils.java:159)
	at org.apache.ratis.server.raftlog.segmented.SegmentedRaftLogWorker$WriteLog.<init>(SegmentedRaftLogWorker.java:497)
	at org.apache.ratis.server.raftlog.segmented.SegmentedRaftLogWorker.writeLogEntry(SegmentedRaftLogWorker.java:443)
	at org.apache.ratis.server.raftlog.segmented.SegmentedRaftLog.appendEntryImpl(SegmentedRaftLog.java:409)
	at org.apache.ratis.server.raftlog.RaftLogBase.lambda$appendEntry$10(RaftLogBase.java:330)
	at org.apache.ratis.server.raftlog.RaftLogSequentialOps$Runner.runSequentially(RaftLogSequentialOps.java:78)
	at org.apache.ratis.server.raftlog.RaftLogBase.appendEntry(RaftLogBase.java:330)
	at org.apache.ratis.server.raftlog.RaftLogBase.appendImpl(RaftLogBase.java:187)
	at org.apache.ratis.server.raftlog.RaftLogBase.lambda$append$2(RaftLogBase.java:161)
	at org.apache.ratis.server.raftlog.RaftLogSequentialOps$Runner.runSequentially(RaftLogSequentialOps.java:69)
	at org.apache.ratis.server.raftlog.RaftLogBase.append(RaftLogBase.java:161)
	at org.apache.ratis.server.impl.ServerState.appendLog(ServerState.java:312)
	at org.apache.ratis.server.impl.RaftServerImpl.appendTransaction(RaftServerImpl.java:779)
	at org.apache.ratis.server.impl.RaftServerImpl.submitClientRequestAsync(RaftServerImpl.java:886)
	at org.apache.ratis.server.impl.RaftServerImpl.lambda$executeSubmitClientRequestAsync$12(RaftServerImpl.java:824)
	at org.apache.ratis.util.JavaUtils.callAsUnchecked(JavaUtils.java:117)
	at org.apache.ratis.server.impl.RaftServerImpl.lambda$executeSubmitClientRequestAsync$13(RaftServerImpl.java:824)
	at java.base/java.util.concurrent.CompletableFuture$AsyncSupply.run(CompletableFuture.java:1700)
	at java.base/java.util.concurrent.ThreadPoolExecutor.runWorker(ThreadPoolExecutor.java:1128)
	at java.base/java.util.concurrent.ThreadPoolExecutor$Worker.run(ThreadPoolExecutor.java:628)
	... 1 more
2023-02-21 19:26:23,485 [grpc-default-executor-8] INFO  leader.FollowerInfo (FollowerInfoImpl.java:lambda$new$0(52)) - s1@group-ECF61963C484->s0: nextIndex: updateUnconditionally 138 -> 134
2023-02-21 19:26:23,490 [s2-server-thread5] INFO  statemachine.StateMachine (DataStreamTestUtils.java:link(157)) - link SingleDataStream: writeRequest=RaftClientRequest:client-6292E99174B0->s0@group-ECF61963C484, cid=448, seq=0, DataStream, Message:<EMPTY>, logEntry=null
2023-02-21 19:26:23,493 [pool-9-thread-7] INFO  datastream.DataStreamTestUtils (DataStreamTestUtils.java:writeAndCloseAndAssertReplies(311)) - start Stream457
2023-02-21 19:26:23,493 [s2-server-thread3] INFO  statemachine.StateMachine (DataStreamTestUtils.java:link(157)) - link SingleDataStream: writeRequest=RaftClientRequest:client-6292E99174B0->s0@group-ECF61963C484, cid=452, seq=0, DataStream, Message:<EMPTY>, logEntry=null
2023-02-21 19:26:23,495 [s0-server-thread2] INFO  statemachine.StateMachine (DataStreamTestUtils.java:link(157)) - link SingleDataStream: writeRequest=RaftClientRequest:client-6292E99174B0->s0@group-ECF61963C484, cid=452, seq=0, DataStream, Message:<EMPTY>, logEntry=null
2023-02-21 19:26:23,495 [grpc-default-executor-2] WARN  server.GrpcServerProtocolService (LogUtils.java:warn(124)) - s0: Failed APPEND_ENTRIES request s1->s0#538-t5,previous=(t:5, i:133),leaderCommit=135,initializing? true,entries: size=5, first=(t:5, i:134), STATEMACHINELOGENTRY, 453@client-6292E99174B0
java.util.concurrent.CompletionException: org.apache.ratis.server.raftlog.RaftLogIOException: Log already failed at index 128 for task WriteLog:128: (t:3, i:128), STATEMACHINELOGENTRY, StateMachineLogEntryProto:439@client-8A0E3AB17445
	at java.base/java.util.concurrent.CompletableFuture.encodeThrowable(CompletableFuture.java:331)
	at java.base/java.util.concurrent.CompletableFuture.completeThrowable(CompletableFuture.java:346)
	at java.base/java.util.concurrent.CompletableFuture$BiRelay.tryFire(CompletableFuture.java:1423)
	at java.base/java.util.concurrent.CompletableFuture$CoCompletion.tryFire(CompletableFuture.java:1144)
	at java.base/java.util.concurrent.CompletableFuture.postComplete(CompletableFuture.java:506)
	at java.base/java.util.concurrent.CompletableFuture.completeExceptionally(CompletableFuture.java:2088)
	at org.apache.ratis.server.raftlog.segmented.SegmentedRaftLog$Task.failed(SegmentedRaftLog.java:105)
	at org.apache.ratis.server.raftlog.segmented.SegmentedRaftLogWorker$WriteLog.failed(SegmentedRaftLogWorker.java:519)
	at org.apache.ratis.server.raftlog.segmented.SegmentedRaftLogWorker.run(SegmentedRaftLogWorker.java:317)
	at java.base/java.lang.Thread.run(Thread.java:829)
Caused by: org.apache.ratis.server.raftlog.RaftLogIOException: Log already failed at index 128 for task WriteLog:128: (t:3, i:128), STATEMACHINELOGENTRY, StateMachineLogEntryProto:439@client-8A0E3AB17445
	at org.apache.ratis.server.raftlog.segmented.SegmentedRaftLogWorker.run(SegmentedRaftLogWorker.java:320)
	... 1 more
Caused by: java.io.IOException: java.lang.IllegalStateException: Null stream: entry=term: 3
index: 128
stateMachineLogEntry {
  type: DATASTREAM
  clientId: "\231!h\2642\231BI\224\205\212\016:\261tE"
  callId: 439
}

	at org.apache.ratis.util.IOUtils.asIOException(IOUtils.java:56)
	at org.apache.ratis.util.IOUtils.toIOException(IOUtils.java:61)
	at org.apache.ratis.util.IOUtils.getFromFuture(IOUtils.java:85)
	at org.apache.ratis.server.raftlog.segmented.SegmentedRaftLogWorker$StateMachineDataPolicy.getFromFuture(SegmentedRaftLogWorker.java:88)
	at org.apache.ratis.server.raftlog.segmented.SegmentedRaftLogWorker$WriteLog.execute(SegmentedRaftLogWorker.java:540)
	at org.apache.ratis.server.raftlog.segmented.SegmentedRaftLogWorker.run(SegmentedRaftLogWorker.java:308)
	... 1 more
Caused by: java.lang.IllegalStateException: Null stream: entry=term: 3
index: 128
stateMachineLogEntry {
  type: DATASTREAM
  clientId: "\231!h\2642\231BI\224\205\212\016:\261tE"
  callId: 439
}

	at org.apache.ratis.datastream.DataStreamTestUtils$MultiDataStreamStateMachine.link(DataStreamTestUtils.java:159)
	at org.apache.ratis.server.raftlog.segmented.SegmentedRaftLogWorker$WriteLog.<init>(SegmentedRaftLogWorker.java:497)
	at org.apache.ratis.server.raftlog.segmented.SegmentedRaftLogWorker.writeLogEntry(SegmentedRaftLogWorker.java:443)
	at org.apache.ratis.server.raftlog.segmented.SegmentedRaftLog.appendEntryImpl(SegmentedRaftLog.java:409)
	at org.apache.ratis.server.raftlog.RaftLogBase.lambda$appendEntry$10(RaftLogBase.java:330)
	at org.apache.ratis.server.raftlog.RaftLogSequentialOps$Runner.runSequentially(RaftLogSequentialOps.java:78)
	at org.apache.ratis.server.raftlog.RaftLogBase.appendEntry(RaftLogBase.java:330)
	at org.apache.ratis.server.raftlog.RaftLogBase.appendImpl(RaftLogBase.java:187)
	at org.apache.ratis.server.raftlog.RaftLogBase.lambda$append$2(RaftLogBase.java:161)
	at org.apache.ratis.server.raftlog.RaftLogSequentialOps$Runner.runSequentially(RaftLogSequentialOps.java:69)
	at org.apache.ratis.server.raftlog.RaftLogBase.append(RaftLogBase.java:161)
	at org.apache.ratis.server.impl.ServerState.appendLog(ServerState.java:312)
	at org.apache.ratis.server.impl.RaftServerImpl.appendTransaction(RaftServerImpl.java:779)
	at org.apache.ratis.server.impl.RaftServerImpl.submitClientRequestAsync(RaftServerImpl.java:886)
	at org.apache.ratis.server.impl.RaftServerImpl.lambda$executeSubmitClientRequestAsync$12(RaftServerImpl.java:824)
	at org.apache.ratis.util.JavaUtils.callAsUnchecked(JavaUtils.java:117)
	at org.apache.ratis.server.impl.RaftServerImpl.lambda$executeSubmitClientRequestAsync$13(RaftServerImpl.java:824)
	at java.base/java.util.concurrent.CompletableFuture$AsyncSupply.run(CompletableFuture.java:1700)
	at java.base/java.util.concurrent.ThreadPoolExecutor.runWorker(ThreadPoolExecutor.java:1128)
	at java.base/java.util.concurrent.ThreadPoolExecutor$Worker.run(ThreadPoolExecutor.java:628)
	... 1 more
2023-02-21 19:26:23,501 [pool-9-thread-1] INFO  datastream.DataStreamTestUtils (DataStreamTestUtils.java:writeAndCloseAndAssertReplies(311)) - start Stream459
2023-02-21 19:26:23,496 [pool-9-thread-15] INFO  datastream.DataStreamTestUtils (DataStreamTestUtils.java:writeAndCloseAndAssertReplies(311)) - start Stream458
2023-02-21 19:26:23,557 [grpc-default-executor-6] WARN  server.GrpcLogAppender (LogUtils.java:warn(124)) - s1@group-ECF61963C484->s0-AppendLogResponseHandler: Failed appendEntries
org.apache.ratis.server.raftlog.RaftLogIOException: Log already failed at index 128 for task WriteLog:128: (t:3, i:128), STATEMACHINELOGENTRY, StateMachineLogEntryProto:439@client-8A0E3AB17445
	at org.apache.ratis.server.raftlog.segmented.SegmentedRaftLogWorker.run(SegmentedRaftLogWorker.java:320)
	at java.base/java.lang.Thread.run(Thread.java:829)
Caused by: java.io.IOException: java.lang.IllegalStateException: Null stream: entry=term: 3
index: 128
stateMachineLogEntry {
  type: DATASTREAM
  clientId: "\231!h\2642\231BI\224\205\212\016:\261tE"
  callId: 439
}

	at org.apache.ratis.util.IOUtils.asIOException(IOUtils.java:56)
	at org.apache.ratis.util.IOUtils.toIOException(IOUtils.java:61)
	at org.apache.ratis.util.IOUtils.getFromFuture(IOUtils.java:85)
	at org.apache.ratis.server.raftlog.segmented.SegmentedRaftLogWorker$StateMachineDataPolicy.getFromFuture(SegmentedRaftLogWorker.java:88)
	at org.apache.ratis.server.raftlog.segmented.SegmentedRaftLogWorker$WriteLog.execute(SegmentedRaftLogWorker.java:540)
	at org.apache.ratis.server.raftlog.segmented.SegmentedRaftLogWorker.run(SegmentedRaftLogWorker.java:308)
	... 1 more
Caused by: java.lang.IllegalStateException: Null stream: entry=term: 3
index: 128
stateMachineLogEntry {
  type: DATASTREAM
  clientId: "\231!h\2642\231BI\224\205\212\016:\261tE"
  callId: 439
}

	at org.apache.ratis.datastream.DataStreamTestUtils$MultiDataStreamStateMachine.link(DataStreamTestUtils.java:159)
	at org.apache.ratis.server.raftlog.segmented.SegmentedRaftLogWorker$WriteLog.<init>(SegmentedRaftLogWorker.java:497)
	at org.apache.ratis.server.raftlog.segmented.SegmentedRaftLogWorker.writeLogEntry(SegmentedRaftLogWorker.java:443)
	at org.apache.ratis.server.raftlog.segmented.SegmentedRaftLog.appendEntryImpl(SegmentedRaftLog.java:409)
	at org.apache.ratis.server.raftlog.RaftLogBase.lambda$appendEntry$10(RaftLogBase.java:330)
	at org.apache.ratis.server.raftlog.RaftLogSequentialOps$Runner.runSequentially(RaftLogSequentialOps.java:78)
	at org.apache.ratis.server.raftlog.RaftLogBase.appendEntry(RaftLogBase.java:330)
	at org.apache.ratis.server.raftlog.RaftLogBase.appendImpl(RaftLogBase.java:187)
	at org.apache.ratis.server.raftlog.RaftLogBase.lambda$append$2(RaftLogBase.java:161)
	at org.apache.ratis.server.raftlog.RaftLogSequentialOps$Runner.runSequentially(RaftLogSequentialOps.java:69)
	at org.apache.ratis.server.raftlog.RaftLogBase.append(RaftLogBase.java:161)
	at org.apache.ratis.server.impl.ServerState.appendLog(ServerState.java:312)
	at org.apache.ratis.server.impl.RaftServerImpl.appendTransaction(RaftServerImpl.java:779)
	at org.apache.ratis.server.impl.RaftServerImpl.submitClientRequestAsync(RaftServerImpl.java:886)
	at org.apache.ratis.server.impl.RaftServerImpl.lambda$executeSubmitClientRequestAsync$12(RaftServerImpl.java:824)
	at org.apache.ratis.util.JavaUtils.callAsUnchecked(JavaUtils.java:117)
	at org.apache.ratis.server.impl.RaftServerImpl.lambda$executeSubmitClientRequestAsync$13(RaftServerImpl.java:824)
	at java.base/java.util.concurrent.CompletableFuture$AsyncSupply.run(CompletableFuture.java:1700)
	at java.base/java.util.concurrent.ThreadPoolExecutor.runWorker(ThreadPoolExecutor.java:1128)
	at java.base/java.util.concurrent.ThreadPoolExecutor$Worker.run(ThreadPoolExecutor.java:628)
	... 1 more
2023-02-21 19:26:23,557 [grpc-default-executor-6] INFO  leader.FollowerInfo (FollowerInfoImpl.java:lambda$new$0(52)) - s1@group-ECF61963C484->s0: nextIndex: updateUnconditionally 142 -> 134
2023-02-21 19:26:23,560 [s0-server-thread3] WARN  server.GrpcServerProtocolService (LogUtils.java:warn(124)) - s0: Failed APPEND_ENTRIES request s1->s0#553-t5,previous=(t:5, i:133),leaderCommit=141,initializing? true,entries: size=8, first=(t:5, i:134), STATEMACHINELOGENTRY, 453@client-6292E99174B0
java.util.concurrent.CompletionException: org.apache.ratis.server.raftlog.RaftLogIOException: Log already failed at index 128 for task WriteLog:128: (t:3, i:128), STATEMACHINELOGENTRY, StateMachineLogEntryProto:439@client-8A0E3AB17445
	at java.base/java.util.concurrent.CompletableFuture.encodeThrowable(CompletableFuture.java:331)
	at java.base/java.util.concurrent.CompletableFuture.completeThrowable(CompletableFuture.java:346)
	at java.base/java.util.concurrent.CompletableFuture$BiRelay.tryFire(CompletableFuture.java:1423)
	at java.base/java.util.concurrent.CompletableFuture$CoCompletion.tryFire(CompletableFuture.java:1144)
	at java.base/java.util.concurrent.CompletableFuture.postComplete(CompletableFuture.java:506)
	at java.base/java.util.concurrent.CompletableFuture.completeExceptionally(CompletableFuture.java:2088)
	at org.apache.ratis.server.raftlog.segmented.SegmentedRaftLog$Task.failed(SegmentedRaftLog.java:105)
	at org.apache.ratis.server.raftlog.segmented.SegmentedRaftLogWorker$WriteLog.failed(SegmentedRaftLogWorker.java:519)
	at org.apache.ratis.server.raftlog.segmented.SegmentedRaftLogWorker.run(SegmentedRaftLogWorker.java:317)
	at java.base/java.lang.Thread.run(Thread.java:829)
Caused by: org.apache.ratis.server.raftlog.RaftLogIOException: Log already failed at index 128 for task WriteLog:128: (t:3, i:128), STATEMACHINELOGENTRY, StateMachineLogEntryProto:439@client-8A0E3AB17445
	at org.apache.ratis.server.raftlog.segmented.SegmentedRaftLogWorker.run(SegmentedRaftLogWorker.java:320)
	... 1 more
Caused by: java.io.IOException: java.lang.IllegalStateException: Null stream: entry=term: 3
index: 128
stateMachineLogEntry {
  type: DATASTREAM
  clientId: "\231!h\2642\231BI\224\205\212\016:\261tE"
  callId: 439
}

	at org.apache.ratis.util.IOUtils.asIOException(IOUtils.java:56)
	at org.apache.ratis.util.IOUtils.toIOException(IOUtils.java:61)
	at org.apache.ratis.util.IOUtils.getFromFuture(IOUtils.java:85)
	at org.apache.ratis.server.raftlog.segmented.SegmentedRaftLogWorker$StateMachineDataPolicy.getFromFuture(SegmentedRaftLogWorker.java:88)
	at org.apache.ratis.server.raftlog.segmented.SegmentedRaftLogWorker$WriteLog.execute(SegmentedRaftLogWorker.java:540)
	at org.apache.ratis.server.raftlog.segmented.SegmentedRaftLogWorker.run(SegmentedRaftLogWorker.java:308)
	... 1 more
Caused by: java.lang.IllegalStateException: Null stream: entry=term: 3
index: 128
stateMachineLogEntry {
  type: DATASTREAM
  clientId: "\231!h\2642\231BI\224\205\212\016:\261tE"
  callId: 439
}

	at org.apache.ratis.datastream.DataStreamTestUtils$MultiDataStreamStateMachine.link(DataStreamTestUtils.java:159)
	at org.apache.ratis.server.raftlog.segmented.SegmentedRaftLogWorker$WriteLog.<init>(SegmentedRaftLogWorker.java:497)
	at org.apache.ratis.server.raftlog.segmented.SegmentedRaftLogWorker.writeLogEntry(SegmentedRaftLogWorker.java:443)
	at org.apache.ratis.server.raftlog.segmented.SegmentedRaftLog.appendEntryImpl(SegmentedRaftLog.java:409)
	at org.apache.ratis.server.raftlog.RaftLogBase.lambda$appendEntry$10(RaftLogBase.java:330)
	at org.apache.ratis.server.raftlog.RaftLogSequentialOps$Runner.runSequentially(RaftLogSequentialOps.java:78)
	at org.apache.ratis.server.raftlog.RaftLogBase.appendEntry(RaftLogBase.java:330)
	at org.apache.ratis.server.raftlog.RaftLogBase.appendImpl(RaftLogBase.java:187)
	at org.apache.ratis.server.raftlog.RaftLogBase.lambda$append$2(RaftLogBase.java:161)
	at org.apache.ratis.server.raftlog.RaftLogSequentialOps$Runner.runSequentially(RaftLogSequentialOps.java:69)
	at org.apache.ratis.server.raftlog.RaftLogBase.append(RaftLogBase.java:161)
	at org.apache.ratis.server.impl.ServerState.appendLog(ServerState.java:312)
	at org.apache.ratis.server.impl.RaftServerImpl.appendTransaction(RaftServerImpl.java:779)
	at org.apache.ratis.server.impl.RaftServerImpl.submitClientRequestAsync(RaftServerImpl.java:886)
	at org.apache.ratis.server.impl.RaftServerImpl.lambda$executeSubmitClientRequestAsync$12(RaftServerImpl.java:824)
	at org.apache.ratis.util.JavaUtils.callAsUnchecked(JavaUtils.java:117)
	at org.apache.ratis.server.impl.RaftServerImpl.lambda$executeSubmitClientRequestAsync$13(RaftServerImpl.java:824)
	at java.base/java.util.concurrent.CompletableFuture$AsyncSupply.run(CompletableFuture.java:1700)
	at java.base/java.util.concurrent.ThreadPoolExecutor.runWorker(ThreadPoolExecutor.java:1128)
	at java.base/java.util.concurrent.ThreadPoolExecutor$Worker.run(ThreadPoolExecutor.java:628)
	... 1 more
2023-02-21 19:26:23,584 [grpc-default-executor-2] WARN  server.GrpcLogAppender (LogUtils.java:warn(124)) - s1@group-ECF61963C484->s0-AppendLogResponseHandler: Failed appendEntries
org.apache.ratis.server.raftlog.RaftLogIOException: Log already failed at index 128 for task WriteLog:128: (t:3, i:128), STATEMACHINELOGENTRY, StateMachineLogEntryProto:439@client-8A0E3AB17445
	at org.apache.ratis.server.raftlog.segmented.SegmentedRaftLogWorker.run(SegmentedRaftLogWorker.java:320)
	at java.base/java.lang.Thread.run(Thread.java:829)
Caused by: java.io.IOException: java.lang.IllegalStateException: Null stream: entry=term: 3
index: 128
stateMachineLogEntry {
  type: DATASTREAM
  clientId: "\231!h\2642\231BI\224\205\212\016:\261tE"
  callId: 439
}

	at org.apache.ratis.util.IOUtils.asIOException(IOUtils.java:56)
	at org.apache.ratis.util.IOUtils.toIOException(IOUtils.java:61)
	at org.apache.ratis.util.IOUtils.getFromFuture(IOUtils.java:85)
	at org.apache.ratis.server.raftlog.segmented.SegmentedRaftLogWorker$StateMachineDataPolicy.getFromFuture(SegmentedRaftLogWorker.java:88)
	at org.apache.ratis.server.raftlog.segmented.SegmentedRaftLogWorker$WriteLog.execute(SegmentedRaftLogWorker.java:540)
	at org.apache.ratis.server.raftlog.segmented.SegmentedRaftLogWorker.run(SegmentedRaftLogWorker.java:308)
	... 1 more
Caused by: java.lang.IllegalStateException: Null stream: entry=term: 3
index: 128
stateMachineLogEntry {
  type: DATASTREAM
  clientId: "\231!h\2642\231BI\224\205\212\016:\261tE"
  callId: 439
}

	at org.apache.ratis.datastream.DataStreamTestUtils$MultiDataStreamStateMachine.link(DataStreamTestUtils.java:159)
	at org.apache.ratis.server.raftlog.segmented.SegmentedRaftLogWorker$WriteLog.<init>(SegmentedRaftLogWorker.java:497)
	at org.apache.ratis.server.raftlog.segmented.SegmentedRaftLogWorker.writeLogEntry(SegmentedRaftLogWorker.java:443)
	at org.apache.ratis.server.raftlog.segmented.SegmentedRaftLog.appendEntryImpl(SegmentedRaftLog.java:409)
	at org.apache.ratis.server.raftlog.RaftLogBase.lambda$appendEntry$10(RaftLogBase.java:330)
	at org.apache.ratis.server.raftlog.RaftLogSequentialOps$Runner.runSequentially(RaftLogSequentialOps.java:78)
	at org.apache.ratis.server.raftlog.RaftLogBase.appendEntry(RaftLogBase.java:330)
	at org.apache.ratis.server.raftlog.RaftLogBase.appendImpl(RaftLogBase.java:187)
	at org.apache.ratis.server.raftlog.RaftLogBase.lambda$append$2(RaftLogBase.java:161)
	at org.apache.ratis.server.raftlog.RaftLogSequentialOps$Runner.runSequentially(RaftLogSequentialOps.java:69)
	at org.apache.ratis.server.raftlog.RaftLogBase.append(RaftLogBase.java:161)
	at org.apache.ratis.server.impl.ServerState.appendLog(ServerState.java:312)
	at org.apache.ratis.server.impl.RaftServerImpl.appendTransaction(RaftServerImpl.java:779)
	at org.apache.ratis.server.impl.RaftServerImpl.submitClientRequestAsync(RaftServerImpl.java:886)
	at org.apache.ratis.server.impl.RaftServerImpl.lambda$executeSubmitClientRequestAsync$12(RaftServerImpl.java:824)
	at org.apache.ratis.util.JavaUtils.callAsUnchecked(JavaUtils.java:117)
	at org.apache.ratis.server.impl.RaftServerImpl.lambda$executeSubmitClientRequestAsync$13(RaftServerImpl.java:824)
	at java.base/java.util.concurrent.CompletableFuture$AsyncSupply.run(CompletableFuture.java:1700)
	at java.base/java.util.concurrent.ThreadPoolExecutor.runWorker(ThreadPoolExecutor.java:1128)
	at java.base/java.util.concurrent.ThreadPoolExecutor$Worker.run(ThreadPoolExecutor.java:628)
	... 1 more
2023-02-21 19:26:23,584 [grpc-default-executor-2] INFO  leader.FollowerInfo (FollowerInfoImpl.java:lambda$new$0(52)) - s1@group-ECF61963C484->s0: nextIndex: updateUnconditionally 142 -> 134
2023-02-21 19:26:24,651 [pool-9-thread-5] INFO  datastream.DataStreamTestUtils (DataStreamTestUtils.java:writeAndCloseAndAssertReplies(320)) - Stream454: bytesWritten=3754314
2023-02-21 19:26:24,680 [timer5] WARN  grpc.GrpcUtil (GrpcUtil.java:shutdownManagedChannel(223)) - Timed out gracefully shutting down connection: ManagedChannelOrphanWrapper{delegate=ManagedChannelImpl{logId=467, target=localhost:45149}}. 
2023-02-21 19:26:25,807 [JvmPauseMonitor5] WARN  util.JvmPauseMonitor (JvmPauseMonitor.java:detectPause(126)) - JvmPauseMonitor-s1: Detected pause in JVM or host machine (eg GC): pause of approximately 103900734ns.
GC pool 'G1 Young Generation' had collection(s): count=1 time=124ms
2023-02-21 19:26:25,807 [JvmPauseMonitor6] WARN  util.JvmPauseMonitor (JvmPauseMonitor.java:detectPause(126)) - JvmPauseMonitor-s2: Detected pause in JVM or host machine (eg GC): pause of approximately 104322964ns.
GC pool 'G1 Young Generation' had collection(s): count=1 time=124ms
2023-02-21 19:26:25,807 [JvmPauseMonitor4] WARN  util.JvmPauseMonitor (JvmPauseMonitor.java:detectPause(126)) - JvmPauseMonitor-s0: Detected pause in JVM or host machine (eg GC): pause of approximately 104559882ns.
GC pool 'G1 Young Generation' had collection(s): count=1 time=124ms
2023-02-21 19:26:29,104 [Timer-2] INFO  impl.MiniRaftCluster (MiniRaftCluster.java:lambda$start$6(349)) - TIMED-PRINT: printing ALL groups
  s0:  RUNNING  FOLLOWER s0@group-ECF61963C484:t5, leader=s1, voted=null, raftlog=Memoized:s0@group-ECF61963C484-SegmentedRaftLog:OPENED:c127, conf=128: peers:[s0|rpc:localhost:36399|admin:localhost:45573|client:localhost:36971|dataStream:localhost:43269|priority:0|startupRole:FOLLOWER, s1|rpc:localhost:45309|admin:localhost:41751|client:localhost:45149|dataStream:localhost:41895|priority:0|startupRole:FOLLOWER, s2|rpc:localhost:36685|admin:localhost:46439|client:localhost:40511|dataStream:localhost:44375|priority:0|startupRole:FOLLOWER]|listeners:[], old=null RUNNING
  s1:  RUNNING    LEADER s1@group-ECF61963C484:t5, leader=s1, voted=s1, raftlog=Memoized:s1@group-ECF61963C484-SegmentedRaftLog:OPENED:c141, conf=128: peers:[s0|rpc:localhost:36399|admin:localhost:45573|client:localhost:36971|dataStream:localhost:43269|priority:0|startupRole:FOLLOWER, s1|rpc:localhost:45309|admin:localhost:41751|client:localhost:45149|dataStream:localhost:41895|priority:0|startupRole:FOLLOWER, s2|rpc:localhost:36685|admin:localhost:46439|client:localhost:40511|dataStream:localhost:44375|priority:0|startupRole:FOLLOWER]|listeners:[], old=null RUNNING
  s2:  RUNNING  FOLLOWER s2@group-ECF61963C484:t5, leader=s1, voted=s1, raftlog=Memoized:s2@group-ECF61963C484-SegmentedRaftLog:OPENED:c141, conf=128: peers:[s0|rpc:localhost:36399|admin:localhost:45573|client:localhost:36971|dataStream:localhost:43269|priority:0|startupRole:FOLLOWER, s1|rpc:localhost:45309|admin:localhost:41751|client:localhost:45149|dataStream:localhost:41895|priority:0|startupRole:FOLLOWER, s2|rpc:localhost:36685|admin:localhost:46439|client:localhost:40511|dataStream:localhost:44375|priority:0|startupRole:FOLLOWER]|listeners:[], old=null RUNNING
2023-02-21 19:26:29,538 [pool-9-thread-8] INFO  datastream.DataStreamTestUtils (DataStreamTestUtils.java:writeAndCloseAndAssertReplies(320)) - Stream455: bytesWritten=3739644
2023-02-21 19:26:29,780 [s1-client-thread2] INFO  statemachine.StateMachine (DataStreamTestUtils.java:link(157)) - link SingleDataStream: writeRequest=RaftClientRequest:client-6292E99174B0->s0@group-ECF61963C484, cid=455, seq=0, DataStream, Message:<EMPTY>, logEntry=null
2023-02-21 19:26:29,781 [s2-server-thread3] INFO  statemachine.StateMachine (DataStreamTestUtils.java:link(157)) - link SingleDataStream: writeRequest=RaftClientRequest:client-6292E99174B0->s0@group-ECF61963C484, cid=455, seq=0, DataStream, Message:<EMPTY>, logEntry=null
2023-02-21 19:26:29,782 [s0-server-thread2] INFO  statemachine.StateMachine (DataStreamTestUtils.java:link(157)) - link SingleDataStream: writeRequest=RaftClientRequest:client-6292E99174B0->s0@group-ECF61963C484, cid=455, seq=0, DataStream, Message:<EMPTY>, logEntry=null
2023-02-21 19:26:29,782 [s0-server-thread2] WARN  server.GrpcServerProtocolService (LogUtils.java:warn(124)) - s0: Failed APPEND_ENTRIES request s1->s0#1219-t5,previous=(t:5, i:141),leaderCommit=141,initializing? true,entries: size=1, first=(t:5, i:142), STATEMACHINELOGENTRY, 455@client-6292E99174B0
java.util.concurrent.CompletionException: org.apache.ratis.server.raftlog.RaftLogIOException: Log already failed at index 128 for task WriteLog:128: (t:3, i:128), STATEMACHINELOGENTRY, StateMachineLogEntryProto:439@client-8A0E3AB17445
	at java.base/java.util.concurrent.CompletableFuture.encodeThrowable(CompletableFuture.java:331)
	at java.base/java.util.concurrent.CompletableFuture.completeThrowable(CompletableFuture.java:346)
	at java.base/java.util.concurrent.CompletableFuture$BiRelay.tryFire(CompletableFuture.java:1423)
	at java.base/java.util.concurrent.CompletableFuture$CoCompletion.tryFire(CompletableFuture.java:1144)
	at java.base/java.util.concurrent.CompletableFuture.postComplete(CompletableFuture.java:506)
	at java.base/java.util.concurrent.CompletableFuture.completeExceptionally(CompletableFuture.java:2088)
	at org.apache.ratis.server.raftlog.segmented.SegmentedRaftLog$Task.failed(SegmentedRaftLog.java:105)
	at org.apache.ratis.server.raftlog.segmented.SegmentedRaftLogWorker$WriteLog.failed(SegmentedRaftLogWorker.java:519)
	at org.apache.ratis.server.raftlog.segmented.SegmentedRaftLogWorker.run(SegmentedRaftLogWorker.java:317)
	at java.base/java.lang.Thread.run(Thread.java:829)
Caused by: org.apache.ratis.server.raftlog.RaftLogIOException: Log already failed at index 128 for task WriteLog:128: (t:3, i:128), STATEMACHINELOGENTRY, StateMachineLogEntryProto:439@client-8A0E3AB17445
	at org.apache.ratis.server.raftlog.segmented.SegmentedRaftLogWorker.run(SegmentedRaftLogWorker.java:320)
	... 1 more
Caused by: java.io.IOException: java.lang.IllegalStateException: Null stream: entry=term: 3
index: 128
stateMachineLogEntry {
  type: DATASTREAM
  clientId: "\231!h\2642\231BI\224\205\212\016:\261tE"
  callId: 439
}

	at org.apache.ratis.util.IOUtils.asIOException(IOUtils.java:56)
	at org.apache.ratis.util.IOUtils.toIOException(IOUtils.java:61)
	at org.apache.ratis.util.IOUtils.getFromFuture(IOUtils.java:85)
	at org.apache.ratis.server.raftlog.segmented.SegmentedRaftLogWorker$StateMachineDataPolicy.getFromFuture(SegmentedRaftLogWorker.java:88)
	at org.apache.ratis.server.raftlog.segmented.SegmentedRaftLogWorker$WriteLog.execute(SegmentedRaftLogWorker.java:540)
	at org.apache.ratis.server.raftlog.segmented.SegmentedRaftLogWorker.run(SegmentedRaftLogWorker.java:308)
	... 1 more
Caused by: java.lang.IllegalStateException: Null stream: entry=term: 3
index: 128
stateMachineLogEntry {
  type: DATASTREAM
  clientId: "\231!h\2642\231BI\224\205\212\016:\261tE"
  callId: 439
}

	at org.apache.ratis.datastream.DataStreamTestUtils$MultiDataStreamStateMachine.link(DataStreamTestUtils.java:159)
	at org.apache.ratis.server.raftlog.segmented.SegmentedRaftLogWorker$WriteLog.<init>(SegmentedRaftLogWorker.java:497)
	at org.apache.ratis.server.raftlog.segmented.SegmentedRaftLogWorker.writeLogEntry(SegmentedRaftLogWorker.java:443)
	at org.apache.ratis.server.raftlog.segmented.SegmentedRaftLog.appendEntryImpl(SegmentedRaftLog.java:409)
	at org.apache.ratis.server.raftlog.RaftLogBase.lambda$appendEntry$10(RaftLogBase.java:330)
	at org.apache.ratis.server.raftlog.RaftLogSequentialOps$Runner.runSequentially(RaftLogSequentialOps.java:78)
	at org.apache.ratis.server.raftlog.RaftLogBase.appendEntry(RaftLogBase.java:330)
	at org.apache.ratis.server.raftlog.RaftLogBase.appendImpl(RaftLogBase.java:187)
	at org.apache.ratis.server.raftlog.RaftLogBase.lambda$append$2(RaftLogBase.java:161)
	at org.apache.ratis.server.raftlog.RaftLogSequentialOps$Runner.runSequentially(RaftLogSequentialOps.java:69)
	at org.apache.ratis.server.raftlog.RaftLogBase.append(RaftLogBase.java:161)
	at org.apache.ratis.server.impl.ServerState.appendLog(ServerState.java:312)
	at org.apache.ratis.server.impl.RaftServerImpl.appendTransaction(RaftServerImpl.java:779)
	at org.apache.ratis.server.impl.RaftServerImpl.submitClientRequestAsync(RaftServerImpl.java:886)
	at org.apache.ratis.server.impl.RaftServerImpl.lambda$executeSubmitClientRequestAsync$12(RaftServerImpl.java:824)
	at org.apache.ratis.util.JavaUtils.callAsUnchecked(JavaUtils.java:117)
	at org.apache.ratis.server.impl.RaftServerImpl.lambda$executeSubmitClientRequestAsync$13(RaftServerImpl.java:824)
	at java.base/java.util.concurrent.CompletableFuture$AsyncSupply.run(CompletableFuture.java:1700)
	at java.base/java.util.concurrent.ThreadPoolExecutor.runWorker(ThreadPoolExecutor.java:1128)
	at java.base/java.util.concurrent.ThreadPoolExecutor$Worker.run(ThreadPoolExecutor.java:628)
	... 1 more
2023-02-21 19:26:29,784 [grpc-default-executor-10] WARN  server.GrpcServerProtocolService (LogUtils.java:warn(124)) - s0: Failed APPEND_ENTRIES request s1->s0#1220-t5,previous=(t:5, i:142),leaderCommit=142,initializing? true,entries: size=1, first=(t:5, i:143), METADATAENTRY(c:142)
java.util.concurrent.CompletionException: org.apache.ratis.server.raftlog.RaftLogIOException: Log already failed at index 128 for task WriteLog:128: (t:3, i:128), STATEMACHINELOGENTRY, StateMachineLogEntryProto:439@client-8A0E3AB17445
	at java.base/java.util.concurrent.CompletableFuture.encodeThrowable(CompletableFuture.java:331)
	at java.base/java.util.concurrent.CompletableFuture.completeThrowable(CompletableFuture.java:346)
	at java.base/java.util.concurrent.CompletableFuture$BiRelay.tryFire(CompletableFuture.java:1423)
	at java.base/java.util.concurrent.CompletableFuture$CoCompletion.tryFire(CompletableFuture.java:1144)
	at java.base/java.util.concurrent.CompletableFuture.postComplete(CompletableFuture.java:506)
	at java.base/java.util.concurrent.CompletableFuture.completeExceptionally(CompletableFuture.java:2088)
	at org.apache.ratis.server.raftlog.segmented.SegmentedRaftLog$Task.failed(SegmentedRaftLog.java:105)
	at org.apache.ratis.server.raftlog.segmented.SegmentedRaftLogWorker$WriteLog.failed(SegmentedRaftLogWorker.java:519)
	at org.apache.ratis.server.raftlog.segmented.SegmentedRaftLogWorker.run(SegmentedRaftLogWorker.java:317)
	at java.base/java.lang.Thread.run(Thread.java:829)
Caused by: org.apache.ratis.server.raftlog.RaftLogIOException: Log already failed at index 128 for task WriteLog:128: (t:3, i:128), STATEMACHINELOGENTRY, StateMachineLogEntryProto:439@client-8A0E3AB17445
	at org.apache.ratis.server.raftlog.segmented.SegmentedRaftLogWorker.run(SegmentedRaftLogWorker.java:320)
	... 1 more
Caused by: java.io.IOException: java.lang.IllegalStateException: Null stream: entry=term: 3
index: 128
stateMachineLogEntry {
  type: DATASTREAM
  clientId: "\231!h\2642\231BI\224\205\212\016:\261tE"
  callId: 439
}

	at org.apache.ratis.util.IOUtils.asIOException(IOUtils.java:56)
	at org.apache.ratis.util.IOUtils.toIOException(IOUtils.java:61)
	at org.apache.ratis.util.IOUtils.getFromFuture(IOUtils.java:85)
	at org.apache.ratis.server.raftlog.segmented.SegmentedRaftLogWorker$StateMachineDataPolicy.getFromFuture(SegmentedRaftLogWorker.java:88)
	at org.apache.ratis.server.raftlog.segmented.SegmentedRaftLogWorker$WriteLog.execute(SegmentedRaftLogWorker.java:540)
	at org.apache.ratis.server.raftlog.segmented.SegmentedRaftLogWorker.run(SegmentedRaftLogWorker.java:308)
	... 1 more
Caused by: java.lang.IllegalStateException: Null stream: entry=term: 3
index: 128
stateMachineLogEntry {
  type: DATASTREAM
  clientId: "\231!h\2642\231BI\224\205\212\016:\261tE"
  callId: 439
}

	at org.apache.ratis.datastream.DataStreamTestUtils$MultiDataStreamStateMachine.link(DataStreamTestUtils.java:159)
	at org.apache.ratis.server.raftlog.segmented.SegmentedRaftLogWorker$WriteLog.<init>(SegmentedRaftLogWorker.java:497)
	at org.apache.ratis.server.raftlog.segmented.SegmentedRaftLogWorker.writeLogEntry(SegmentedRaftLogWorker.java:443)
	at org.apache.ratis.server.raftlog.segmented.SegmentedRaftLog.appendEntryImpl(SegmentedRaftLog.java:409)
	at org.apache.ratis.server.raftlog.RaftLogBase.lambda$appendEntry$10(RaftLogBase.java:330)
	at org.apache.ratis.server.raftlog.RaftLogSequentialOps$Runner.runSequentially(RaftLogSequentialOps.java:78)
	at org.apache.ratis.server.raftlog.RaftLogBase.appendEntry(RaftLogBase.java:330)
	at org.apache.ratis.server.raftlog.RaftLogBase.appendImpl(RaftLogBase.java:187)
	at org.apache.ratis.server.raftlog.RaftLogBase.lambda$append$2(RaftLogBase.java:161)
	at org.apache.ratis.server.raftlog.RaftLogSequentialOps$Runner.runSequentially(RaftLogSequentialOps.java:69)
	at org.apache.ratis.server.raftlog.RaftLogBase.append(RaftLogBase.java:161)
	at org.apache.ratis.server.impl.ServerState.appendLog(ServerState.java:312)
	at org.apache.ratis.server.impl.RaftServerImpl.appendTransaction(RaftServerImpl.java:779)
	at org.apache.ratis.server.impl.RaftServerImpl.submitClientRequestAsync(RaftServerImpl.java:886)
	at org.apache.ratis.server.impl.RaftServerImpl.lambda$executeSubmitClientRequestAsync$12(RaftServerImpl.java:824)
	at org.apache.ratis.util.JavaUtils.callAsUnchecked(JavaUtils.java:117)
	at org.apache.ratis.server.impl.RaftServerImpl.lambda$executeSubmitClientRequestAsync$13(RaftServerImpl.java:824)
	at java.base/java.util.concurrent.CompletableFuture$AsyncSupply.run(CompletableFuture.java:1700)
	at java.base/java.util.concurrent.ThreadPoolExecutor.runWorker(ThreadPoolExecutor.java:1128)
	at java.base/java.util.concurrent.ThreadPoolExecutor$Worker.run(ThreadPoolExecutor.java:628)
	... 1 more
2023-02-21 19:26:29,795 [pool-9-thread-8] INFO  datastream.DataStreamTestUtils (DataStreamTestUtils.java:writeAndCloseAndAssertReplies(311)) - start Stream460
2023-02-21 19:26:29,809 [grpc-default-executor-2] WARN  server.GrpcLogAppender (LogUtils.java:warn(124)) - s1@group-ECF61963C484->s0-AppendLogResponseHandler: Failed appendEntries
org.apache.ratis.server.raftlog.RaftLogIOException: Log already failed at index 128 for task WriteLog:128: (t:3, i:128), STATEMACHINELOGENTRY, StateMachineLogEntryProto:439@client-8A0E3AB17445
	at org.apache.ratis.server.raftlog.segmented.SegmentedRaftLogWorker.run(SegmentedRaftLogWorker.java:320)
	at java.base/java.lang.Thread.run(Thread.java:829)
Caused by: java.io.IOException: java.lang.IllegalStateException: Null stream: entry=term: 3
index: 128
stateMachineLogEntry {
  type: DATASTREAM
  clientId: "\231!h\2642\231BI\224\205\212\016:\261tE"
  callId: 439
}

	at org.apache.ratis.util.IOUtils.asIOException(IOUtils.java:56)
	at org.apache.ratis.util.IOUtils.toIOException(IOUtils.java:61)
	at org.apache.ratis.util.IOUtils.getFromFuture(IOUtils.java:85)
	at org.apache.ratis.server.raftlog.segmented.SegmentedRaftLogWorker$StateMachineDataPolicy.getFromFuture(SegmentedRaftLogWorker.java:88)
	at org.apache.ratis.server.raftlog.segmented.SegmentedRaftLogWorker$WriteLog.execute(SegmentedRaftLogWorker.java:540)
	at org.apache.ratis.server.raftlog.segmented.SegmentedRaftLogWorker.run(SegmentedRaftLogWorker.java:308)
	... 1 more
Caused by: java.lang.IllegalStateException: Null stream: entry=term: 3
index: 128
stateMachineLogEntry {
  type: DATASTREAM
  clientId: "\231!h\2642\231BI\224\205\212\016:\261tE"
  callId: 439
}

	at org.apache.ratis.datastream.DataStreamTestUtils$MultiDataStreamStateMachine.link(DataStreamTestUtils.java:159)
	at org.apache.ratis.server.raftlog.segmented.SegmentedRaftLogWorker$WriteLog.<init>(SegmentedRaftLogWorker.java:497)
	at org.apache.ratis.server.raftlog.segmented.SegmentedRaftLogWorker.writeLogEntry(SegmentedRaftLogWorker.java:443)
	at org.apache.ratis.server.raftlog.segmented.SegmentedRaftLog.appendEntryImpl(SegmentedRaftLog.java:409)
	at org.apache.ratis.server.raftlog.RaftLogBase.lambda$appendEntry$10(RaftLogBase.java:330)
	at org.apache.ratis.server.raftlog.RaftLogSequentialOps$Runner.runSequentially(RaftLogSequentialOps.java:78)
	at org.apache.ratis.server.raftlog.RaftLogBase.appendEntry(RaftLogBase.java:330)
	at org.apache.ratis.server.raftlog.RaftLogBase.appendImpl(RaftLogBase.java:187)
	at org.apache.ratis.server.raftlog.RaftLogBase.lambda$append$2(RaftLogBase.java:161)
	at org.apache.ratis.server.raftlog.RaftLogSequentialOps$Runner.runSequentially(RaftLogSequentialOps.java:69)
	at org.apache.ratis.server.raftlog.RaftLogBase.append(RaftLogBase.java:161)
	at org.apache.ratis.server.impl.ServerState.appendLog(ServerState.java:312)
	at org.apache.ratis.server.impl.RaftServerImpl.appendTransaction(RaftServerImpl.java:779)
	at org.apache.ratis.server.impl.RaftServerImpl.submitClientRequestAsync(RaftServerImpl.java:886)
	at org.apache.ratis.server.impl.RaftServerImpl.lambda$executeSubmitClientRequestAsync$12(RaftServerImpl.java:824)
	at org.apache.ratis.util.JavaUtils.callAsUnchecked(JavaUtils.java:117)
	at org.apache.ratis.server.impl.RaftServerImpl.lambda$executeSubmitClientRequestAsync$13(RaftServerImpl.java:824)
	at java.base/java.util.concurrent.CompletableFuture$AsyncSupply.run(CompletableFuture.java:1700)
	at java.base/java.util.concurrent.ThreadPoolExecutor.runWorker(ThreadPoolExecutor.java:1128)
	at java.base/java.util.concurrent.ThreadPoolExecutor$Worker.run(ThreadPoolExecutor.java:628)
	... 1 more
2023-02-21 19:26:29,809 [grpc-default-executor-2] INFO  leader.FollowerInfo (FollowerInfoImpl.java:lambda$new$0(52)) - s1@group-ECF61963C484->s0: nextIndex: updateUnconditionally 144 -> 142
2023-02-21 19:26:29,847 [s1-client-thread2] INFO  statemachine.StateMachine (DataStreamTestUtils.java:link(157)) - link SingleDataStream: writeRequest=RaftClientRequest:client-6292E99174B0->s0@group-ECF61963C484, cid=454, seq=0, DataStream, Message:<EMPTY>, logEntry=null
2023-02-21 19:26:29,848 [s0-server-thread2] INFO  statemachine.StateMachine (DataStreamTestUtils.java:link(157)) - link SingleDataStream: writeRequest=RaftClientRequest:client-6292E99174B0->s0@group-ECF61963C484, cid=454, seq=0, DataStream, Message:<EMPTY>, logEntry=null
2023-02-21 19:26:29,849 [s2-server-thread3] INFO  statemachine.StateMachine (DataStreamTestUtils.java:link(157)) - link SingleDataStream: writeRequest=RaftClientRequest:client-6292E99174B0->s0@group-ECF61963C484, cid=454, seq=0, DataStream, Message:<EMPTY>, logEntry=null
2023-02-21 19:26:29,849 [s0-server-thread2] WARN  server.GrpcServerProtocolService (LogUtils.java:warn(124)) - s0: Failed APPEND_ENTRIES request s1->s0#1231-t5,previous=(t:5, i:143),leaderCommit=143,initializing? true,entries: size=1, first=(t:5, i:144), STATEMACHINELOGENTRY, 454@client-6292E99174B0
java.util.concurrent.CompletionException: org.apache.ratis.server.raftlog.RaftLogIOException: Log already failed at index 128 for task WriteLog:128: (t:3, i:128), STATEMACHINELOGENTRY, StateMachineLogEntryProto:439@client-8A0E3AB17445
	at java.base/java.util.concurrent.CompletableFuture.encodeThrowable(CompletableFuture.java:331)
	at java.base/java.util.concurrent.CompletableFuture.completeThrowable(CompletableFuture.java:346)
	at java.base/java.util.concurrent.CompletableFuture$BiRelay.tryFire(CompletableFuture.java:1423)
	at java.base/java.util.concurrent.CompletableFuture$CoCompletion.tryFire(CompletableFuture.java:1144)
	at java.base/java.util.concurrent.CompletableFuture.postComplete(CompletableFuture.java:506)
	at java.base/java.util.concurrent.CompletableFuture.completeExceptionally(CompletableFuture.java:2088)
	at org.apache.ratis.server.raftlog.segmented.SegmentedRaftLog$Task.failed(SegmentedRaftLog.java:105)
	at org.apache.ratis.server.raftlog.segmented.SegmentedRaftLogWorker$WriteLog.failed(SegmentedRaftLogWorker.java:519)
	at org.apache.ratis.server.raftlog.segmented.SegmentedRaftLogWorker.run(SegmentedRaftLogWorker.java:317)
	at java.base/java.lang.Thread.run(Thread.java:829)
Caused by: org.apache.ratis.server.raftlog.RaftLogIOException: Log already failed at index 128 for task WriteLog:128: (t:3, i:128), STATEMACHINELOGENTRY, StateMachineLogEntryProto:439@client-8A0E3AB17445
	at org.apache.ratis.server.raftlog.segmented.SegmentedRaftLogWorker.run(SegmentedRaftLogWorker.java:320)
	... 1 more
Caused by: java.io.IOException: java.lang.IllegalStateException: Null stream: entry=term: 3
index: 128
stateMachineLogEntry {
  type: DATASTREAM
  clientId: "\231!h\2642\231BI\224\205\212\016:\261tE"
  callId: 439
}

	at org.apache.ratis.util.IOUtils.asIOException(IOUtils.java:56)
	at org.apache.ratis.util.IOUtils.toIOException(IOUtils.java:61)
	at org.apache.ratis.util.IOUtils.getFromFuture(IOUtils.java:85)
	at org.apache.ratis.server.raftlog.segmented.SegmentedRaftLogWorker$StateMachineDataPolicy.getFromFuture(SegmentedRaftLogWorker.java:88)
	at org.apache.ratis.server.raftlog.segmented.SegmentedRaftLogWorker$WriteLog.execute(SegmentedRaftLogWorker.java:540)
	at org.apache.ratis.server.raftlog.segmented.SegmentedRaftLogWorker.run(SegmentedRaftLogWorker.java:308)
	... 1 more
Caused by: java.lang.IllegalStateException: Null stream: entry=term: 3
index: 128
stateMachineLogEntry {
  type: DATASTREAM
  clientId: "\231!h\2642\231BI\224\205\212\016:\261tE"
  callId: 439
}

	at org.apache.ratis.datastream.DataStreamTestUtils$MultiDataStreamStateMachine.link(DataStreamTestUtils.java:159)
	at org.apache.ratis.server.raftlog.segmented.SegmentedRaftLogWorker$WriteLog.<init>(SegmentedRaftLogWorker.java:497)
	at org.apache.ratis.server.raftlog.segmented.SegmentedRaftLogWorker.writeLogEntry(SegmentedRaftLogWorker.java:443)
	at org.apache.ratis.server.raftlog.segmented.SegmentedRaftLog.appendEntryImpl(SegmentedRaftLog.java:409)
	at org.apache.ratis.server.raftlog.RaftLogBase.lambda$appendEntry$10(RaftLogBase.java:330)
	at org.apache.ratis.server.raftlog.RaftLogSequentialOps$Runner.runSequentially(RaftLogSequentialOps.java:78)
	at org.apache.ratis.server.raftlog.RaftLogBase.appendEntry(RaftLogBase.java:330)
	at org.apache.ratis.server.raftlog.RaftLogBase.appendImpl(RaftLogBase.java:187)
	at org.apache.ratis.server.raftlog.RaftLogBase.lambda$append$2(RaftLogBase.java:161)
	at org.apache.ratis.server.raftlog.RaftLogSequentialOps$Runner.runSequentially(RaftLogSequentialOps.java:69)
	at org.apache.ratis.server.raftlog.RaftLogBase.append(RaftLogBase.java:161)
	at org.apache.ratis.server.impl.ServerState.appendLog(ServerState.java:312)
	at org.apache.ratis.server.impl.RaftServerImpl.appendTransaction(RaftServerImpl.java:779)
	at org.apache.ratis.server.impl.RaftServerImpl.submitClientRequestAsync(RaftServerImpl.java:886)
	at org.apache.ratis.server.impl.RaftServerImpl.lambda$executeSubmitClientRequestAsync$12(RaftServerImpl.java:824)
	at org.apache.ratis.util.JavaUtils.callAsUnchecked(JavaUtils.java:117)
	at org.apache.ratis.server.impl.RaftServerImpl.lambda$executeSubmitClientRequestAsync$13(RaftServerImpl.java:824)
	at java.base/java.util.concurrent.CompletableFuture$AsyncSupply.run(CompletableFuture.java:1700)
	at java.base/java.util.concurrent.ThreadPoolExecutor.runWorker(ThreadPoolExecutor.java:1128)
	at java.base/java.util.concurrent.ThreadPoolExecutor$Worker.run(ThreadPoolExecutor.java:628)
	... 1 more
2023-02-21 19:26:29,853 [pool-9-thread-5] INFO  datastream.DataStreamTestUtils (DataStreamTestUtils.java:writeAndCloseAndAssertReplies(311)) - start Stream461
2023-02-21 19:26:29,853 [grpc-default-executor-2] WARN  server.GrpcServerProtocolService (LogUtils.java:warn(124)) - s0: Failed APPEND_ENTRIES request s1->s0#1232-t5,previous=(t:5, i:144),leaderCommit=144,initializing? true,entries: size=1, first=(t:5, i:145), METADATAENTRY(c:144)
java.util.concurrent.CompletionException: org.apache.ratis.server.raftlog.RaftLogIOException: Log already failed at index 128 for task WriteLog:128: (t:3, i:128), STATEMACHINELOGENTRY, StateMachineLogEntryProto:439@client-8A0E3AB17445
	at java.base/java.util.concurrent.CompletableFuture.encodeThrowable(CompletableFuture.java:331)
	at java.base/java.util.concurrent.CompletableFuture.completeThrowable(CompletableFuture.java:346)
	at java.base/java.util.concurrent.CompletableFuture$BiRelay.tryFire(CompletableFuture.java:1423)
	at java.base/java.util.concurrent.CompletableFuture$CoCompletion.tryFire(CompletableFuture.java:1144)
	at java.base/java.util.concurrent.CompletableFuture.postComplete(CompletableFuture.java:506)
	at java.base/java.util.concurrent.CompletableFuture.completeExceptionally(CompletableFuture.java:2088)
	at org.apache.ratis.server.raftlog.segmented.SegmentedRaftLog$Task.failed(SegmentedRaftLog.java:105)
	at org.apache.ratis.server.raftlog.segmented.SegmentedRaftLogWorker$WriteLog.failed(SegmentedRaftLogWorker.java:519)
	at org.apache.ratis.server.raftlog.segmented.SegmentedRaftLogWorker.run(SegmentedRaftLogWorker.java:317)
	at java.base/java.lang.Thread.run(Thread.java:829)
Caused by: org.apache.ratis.server.raftlog.RaftLogIOException: Log already failed at index 128 for task WriteLog:128: (t:3, i:128), STATEMACHINELOGENTRY, StateMachineLogEntryProto:439@client-8A0E3AB17445
	at org.apache.ratis.server.raftlog.segmented.SegmentedRaftLogWorker.run(SegmentedRaftLogWorker.java:320)
	... 1 more
Caused by: java.io.IOException: java.lang.IllegalStateException: Null stream: entry=term: 3
index: 128
stateMachineLogEntry {
  type: DATASTREAM
  clientId: "\231!h\2642\231BI\224\205\212\016:\261tE"
  callId: 439
}

	at org.apache.ratis.util.IOUtils.asIOException(IOUtils.java:56)
	at org.apache.ratis.util.IOUtils.toIOException(IOUtils.java:61)
	at org.apache.ratis.util.IOUtils.getFromFuture(IOUtils.java:85)
	at org.apache.ratis.server.raftlog.segmented.SegmentedRaftLogWorker$StateMachineDataPolicy.getFromFuture(SegmentedRaftLogWorker.java:88)
	at org.apache.ratis.server.raftlog.segmented.SegmentedRaftLogWorker$WriteLog.execute(SegmentedRaftLogWorker.java:540)
	at org.apache.ratis.server.raftlog.segmented.SegmentedRaftLogWorker.run(SegmentedRaftLogWorker.java:308)
	... 1 more
Caused by: java.lang.IllegalStateException: Null stream: entry=term: 3
index: 128
stateMachineLogEntry {
  type: DATASTREAM
  clientId: "\231!h\2642\231BI\224\205\212\016:\261tE"
  callId: 439
}

	at org.apache.ratis.datastream.DataStreamTestUtils$MultiDataStreamStateMachine.link(DataStreamTestUtils.java:159)
	at org.apache.ratis.server.raftlog.segmented.SegmentedRaftLogWorker$WriteLog.<init>(SegmentedRaftLogWorker.java:497)
	at org.apache.ratis.server.raftlog.segmented.SegmentedRaftLogWorker.writeLogEntry(SegmentedRaftLogWorker.java:443)
	at org.apache.ratis.server.raftlog.segmented.SegmentedRaftLog.appendEntryImpl(SegmentedRaftLog.java:409)
	at org.apache.ratis.server.raftlog.RaftLogBase.lambda$appendEntry$10(RaftLogBase.java:330)
	at org.apache.ratis.server.raftlog.RaftLogSequentialOps$Runner.runSequentially(RaftLogSequentialOps.java:78)
	at org.apache.ratis.server.raftlog.RaftLogBase.appendEntry(RaftLogBase.java:330)
	at org.apache.ratis.server.raftlog.RaftLogBase.appendImpl(RaftLogBase.java:187)
	at org.apache.ratis.server.raftlog.RaftLogBase.lambda$append$2(RaftLogBase.java:161)
	at org.apache.ratis.server.raftlog.RaftLogSequentialOps$Runner.runSequentially(RaftLogSequentialOps.java:69)
	at org.apache.ratis.server.raftlog.RaftLogBase.append(RaftLogBase.java:161)
	at org.apache.ratis.server.impl.ServerState.appendLog(ServerState.java:312)
	at org.apache.ratis.server.impl.RaftServerImpl.appendTransaction(RaftServerImpl.java:779)
	at org.apache.ratis.server.impl.RaftServerImpl.submitClientRequestAsync(RaftServerImpl.java:886)
	at org.apache.ratis.server.impl.RaftServerImpl.lambda$executeSubmitClientRequestAsync$12(RaftServerImpl.java:824)
	at org.apache.ratis.util.JavaUtils.callAsUnchecked(JavaUtils.java:117)
	at org.apache.ratis.server.impl.RaftServerImpl.lambda$executeSubmitClientRequestAsync$13(RaftServerImpl.java:824)
	at java.base/java.util.concurrent.CompletableFuture$AsyncSupply.run(CompletableFuture.java:1700)
	at java.base/java.util.concurrent.ThreadPoolExecutor.runWorker(ThreadPoolExecutor.java:1128)
	at java.base/java.util.concurrent.ThreadPoolExecutor$Worker.run(ThreadPoolExecutor.java:628)
	... 1 more
2023-02-21 19:26:29,876 [grpc-default-executor-2] WARN  server.GrpcLogAppender (LogUtils.java:warn(124)) - s1@group-ECF61963C484->s0-AppendLogResponseHandler: Failed appendEntries
org.apache.ratis.server.raftlog.RaftLogIOException: Log already failed at index 128 for task WriteLog:128: (t:3, i:128), STATEMACHINELOGENTRY, StateMachineLogEntryProto:439@client-8A0E3AB17445
	at org.apache.ratis.server.raftlog.segmented.SegmentedRaftLogWorker.run(SegmentedRaftLogWorker.java:320)
	at java.base/java.lang.Thread.run(Thread.java:829)
Caused by: java.io.IOException: java.lang.IllegalStateException: Null stream: entry=term: 3
index: 128
stateMachineLogEntry {
  type: DATASTREAM
  clientId: "\231!h\2642\231BI\224\205\212\016:\261tE"
  callId: 439
}

	at org.apache.ratis.util.IOUtils.asIOException(IOUtils.java:56)
	at org.apache.ratis.util.IOUtils.toIOException(IOUtils.java:61)
	at org.apache.ratis.util.IOUtils.getFromFuture(IOUtils.java:85)
	at org.apache.ratis.server.raftlog.segmented.SegmentedRaftLogWorker$StateMachineDataPolicy.getFromFuture(SegmentedRaftLogWorker.java:88)
	at org.apache.ratis.server.raftlog.segmented.SegmentedRaftLogWorker$WriteLog.execute(SegmentedRaftLogWorker.java:540)
	at org.apache.ratis.server.raftlog.segmented.SegmentedRaftLogWorker.run(SegmentedRaftLogWorker.java:308)
	... 1 more
Caused by: java.lang.IllegalStateException: Null stream: entry=term: 3
index: 128
stateMachineLogEntry {
  type: DATASTREAM
  clientId: "\231!h\2642\231BI\224\205\212\016:\261tE"
  callId: 439
}

	at org.apache.ratis.datastream.DataStreamTestUtils$MultiDataStreamStateMachine.link(DataStreamTestUtils.java:159)
	at org.apache.ratis.server.raftlog.segmented.SegmentedRaftLogWorker$WriteLog.<init>(SegmentedRaftLogWorker.java:497)
	at org.apache.ratis.server.raftlog.segmented.SegmentedRaftLogWorker.writeLogEntry(SegmentedRaftLogWorker.java:443)
	at org.apache.ratis.server.raftlog.segmented.SegmentedRaftLog.appendEntryImpl(SegmentedRaftLog.java:409)
	at org.apache.ratis.server.raftlog.RaftLogBase.lambda$appendEntry$10(RaftLogBase.java:330)
	at org.apache.ratis.server.raftlog.RaftLogSequentialOps$Runner.runSequentially(RaftLogSequentialOps.java:78)
	at org.apache.ratis.server.raftlog.RaftLogBase.appendEntry(RaftLogBase.java:330)
	at org.apache.ratis.server.raftlog.RaftLogBase.appendImpl(RaftLogBase.java:187)
	at org.apache.ratis.server.raftlog.RaftLogBase.lambda$append$2(RaftLogBase.java:161)
	at org.apache.ratis.server.raftlog.RaftLogSequentialOps$Runner.runSequentially(RaftLogSequentialOps.java:69)
	at org.apache.ratis.server.raftlog.RaftLogBase.append(RaftLogBase.java:161)
	at org.apache.ratis.server.impl.ServerState.appendLog(ServerState.java:312)
	at org.apache.ratis.server.impl.RaftServerImpl.appendTransaction(RaftServerImpl.java:779)
	at org.apache.ratis.server.impl.RaftServerImpl.submitClientRequestAsync(RaftServerImpl.java:886)
	at org.apache.ratis.server.impl.RaftServerImpl.lambda$executeSubmitClientRequestAsync$12(RaftServerImpl.java:824)
	at org.apache.ratis.util.JavaUtils.callAsUnchecked(JavaUtils.java:117)
	at org.apache.ratis.server.impl.RaftServerImpl.lambda$executeSubmitClientRequestAsync$13(RaftServerImpl.java:824)
	at java.base/java.util.concurrent.CompletableFuture$AsyncSupply.run(CompletableFuture.java:1700)
	at java.base/java.util.concurrent.ThreadPoolExecutor.runWorker(ThreadPoolExecutor.java:1128)
	at java.base/java.util.concurrent.ThreadPoolExecutor$Worker.run(ThreadPoolExecutor.java:628)
	... 1 more
2023-02-21 19:26:29,876 [grpc-default-executor-2] INFO  leader.FollowerInfo (FollowerInfoImpl.java:lambda$new$0(52)) - s1@group-ECF61963C484->s0: nextIndex: updateUnconditionally 146 -> 144
2023-02-21 19:26:30,522 [pool-9-thread-10] INFO  datastream.DataStreamTestUtils (DataStreamTestUtils.java:writeAndCloseAndAssertReplies(320)) - Stream456: bytesWritten=3747373
2023-02-21 19:26:30,621 [pool-9-thread-1] INFO  datastream.DataStreamTestUtils (DataStreamTestUtils.java:writeAndCloseAndAssertReplies(320)) - Stream459: bytesWritten=3757814
2023-02-21 19:26:30,655 [pool-9-thread-15] INFO  datastream.DataStreamTestUtils (DataStreamTestUtils.java:writeAndCloseAndAssertReplies(320)) - Stream458: bytesWritten=3746893
2023-02-21 19:26:30,674 [pool-9-thread-7] INFO  datastream.DataStreamTestUtils (DataStreamTestUtils.java:writeAndCloseAndAssertReplies(320)) - Stream457: bytesWritten=3733418
2023-02-21 19:26:30,849 [timer2] WARN  grpc.GrpcUtil (GrpcUtil.java:shutdownManagedChannel(223)) - Timed out gracefully shutting down connection: ManagedChannelOrphanWrapper{delegate=ManagedChannelImpl{logId=495, target=localhost:45149}}. 
2023-02-21 19:26:32,399 [s1-client-thread2] INFO  statemachine.StateMachine (DataStreamTestUtils.java:link(157)) - link SingleDataStream: writeRequest=RaftClientRequest:client-6292E99174B0->s0@group-ECF61963C484, cid=456, seq=0, DataStream, Message:<EMPTY>, logEntry=null
2023-02-21 19:26:32,401 [s0-server-thread3] INFO  statemachine.StateMachine (DataStreamTestUtils.java:link(157)) - link SingleDataStream: writeRequest=RaftClientRequest:client-6292E99174B0->s0@group-ECF61963C484, cid=456, seq=0, DataStream, Message:<EMPTY>, logEntry=null
2023-02-21 19:26:32,403 [s0-server-thread3] WARN  server.GrpcServerProtocolService (LogUtils.java:warn(124)) - s0: Failed APPEND_ENTRIES request s1->s0#1496-t5,previous=(t:5, i:145),leaderCommit=145,initializing? true,entries: size=1, first=(t:5, i:146), STATEMACHINELOGENTRY, 456@client-6292E99174B0
java.util.concurrent.CompletionException: org.apache.ratis.server.raftlog.RaftLogIOException: Log already failed at index 128 for task WriteLog:128: (t:3, i:128), STATEMACHINELOGENTRY, StateMachineLogEntryProto:439@client-8A0E3AB17445
	at java.base/java.util.concurrent.CompletableFuture.encodeThrowable(CompletableFuture.java:331)
	at java.base/java.util.concurrent.CompletableFuture.completeThrowable(CompletableFuture.java:346)
	at java.base/java.util.concurrent.CompletableFuture$BiRelay.tryFire(CompletableFuture.java:1423)
	at java.base/java.util.concurrent.CompletableFuture$CoCompletion.tryFire(CompletableFuture.java:1144)
	at java.base/java.util.concurrent.CompletableFuture.postComplete(CompletableFuture.java:506)
	at java.base/java.util.concurrent.CompletableFuture.completeExceptionally(CompletableFuture.java:2088)
	at org.apache.ratis.server.raftlog.segmented.SegmentedRaftLog$Task.failed(SegmentedRaftLog.java:105)
	at org.apache.ratis.server.raftlog.segmented.SegmentedRaftLogWorker$WriteLog.failed(SegmentedRaftLogWorker.java:519)
	at org.apache.ratis.server.raftlog.segmented.SegmentedRaftLogWorker.run(SegmentedRaftLogWorker.java:317)
	at java.base/java.lang.Thread.run(Thread.java:829)
Caused by: org.apache.ratis.server.raftlog.RaftLogIOException: Log already failed at index 128 for task WriteLog:128: (t:3, i:128), STATEMACHINELOGENTRY, StateMachineLogEntryProto:439@client-8A0E3AB17445
	at org.apache.ratis.server.raftlog.segmented.SegmentedRaftLogWorker.run(SegmentedRaftLogWorker.java:320)
	... 1 more
Caused by: java.io.IOException: java.lang.IllegalStateException: Null stream: entry=term: 3
index: 128
stateMachineLogEntry {
  type: DATASTREAM
  clientId: "\231!h\2642\231BI\224\205\212\016:\261tE"
  callId: 439
}

	at org.apache.ratis.util.IOUtils.asIOException(IOUtils.java:56)
	at org.apache.ratis.util.IOUtils.toIOException(IOUtils.java:61)
	at org.apache.ratis.util.IOUtils.getFromFuture(IOUtils.java:85)
	at org.apache.ratis.server.raftlog.segmented.SegmentedRaftLogWorker$StateMachineDataPolicy.getFromFuture(SegmentedRaftLogWorker.java:88)
	at org.apache.ratis.server.raftlog.segmented.SegmentedRaftLogWorker$WriteLog.execute(SegmentedRaftLogWorker.java:540)
	at org.apache.ratis.server.raftlog.segmented.SegmentedRaftLogWorker.run(SegmentedRaftLogWorker.java:308)
	... 1 more
Caused by: java.lang.IllegalStateException: Null stream: entry=term: 3
index: 128
stateMachineLogEntry {
  type: DATASTREAM
  clientId: "\231!h\2642\231BI\224\205\212\016:\261tE"
  callId: 439
}

	at org.apache.ratis.datastream.DataStreamTestUtils$MultiDataStreamStateMachine.link(DataStreamTestUtils.java:159)
	at org.apache.ratis.server.raftlog.segmented.SegmentedRaftLogWorker$WriteLog.<init>(SegmentedRaftLogWorker.java:497)
	at org.apache.ratis.server.raftlog.segmented.SegmentedRaftLogWorker.writeLogEntry(SegmentedRaftLogWorker.java:443)
	at org.apache.ratis.server.raftlog.segmented.SegmentedRaftLog.appendEntryImpl(SegmentedRaftLog.java:409)
	at org.apache.ratis.server.raftlog.RaftLogBase.lambda$appendEntry$10(RaftLogBase.java:330)
	at org.apache.ratis.server.raftlog.RaftLogSequentialOps$Runner.runSequentially(RaftLogSequentialOps.java:78)
	at org.apache.ratis.server.raftlog.RaftLogBase.appendEntry(RaftLogBase.java:330)
	at org.apache.ratis.server.raftlog.RaftLogBase.appendImpl(RaftLogBase.java:187)
	at org.apache.ratis.server.raftlog.RaftLogBase.lambda$append$2(RaftLogBase.java:161)
	at org.apache.ratis.server.raftlog.RaftLogSequentialOps$Runner.runSequentially(RaftLogSequentialOps.java:69)
	at org.apache.ratis.server.raftlog.RaftLogBase.append(RaftLogBase.java:161)
	at org.apache.ratis.server.impl.ServerState.appendLog(ServerState.java:312)
	at org.apache.ratis.server.impl.RaftServerImpl.appendTransaction(RaftServerImpl.java:779)
	at org.apache.ratis.server.impl.RaftServerImpl.submitClientRequestAsync(RaftServerImpl.java:886)
	at org.apache.ratis.server.impl.RaftServerImpl.lambda$executeSubmitClientRequestAsync$12(RaftServerImpl.java:824)
	at org.apache.ratis.util.JavaUtils.callAsUnchecked(JavaUtils.java:117)
	at org.apache.ratis.server.impl.RaftServerImpl.lambda$executeSubmitClientRequestAsync$13(RaftServerImpl.java:824)
	at java.base/java.util.concurrent.CompletableFuture$AsyncSupply.run(CompletableFuture.java:1700)
	at java.base/java.util.concurrent.ThreadPoolExecutor.runWorker(ThreadPoolExecutor.java:1128)
	at java.base/java.util.concurrent.ThreadPoolExecutor$Worker.run(ThreadPoolExecutor.java:628)
	... 1 more
2023-02-21 19:26:32,404 [s1-client-thread2] INFO  statemachine.StateMachine (DataStreamTestUtils.java:link(157)) - link SingleDataStream: writeRequest=RaftClientRequest:client-6292E99174B0->s0@group-ECF61963C484, cid=459, seq=0, DataStream, Message:<EMPTY>, logEntry=null
2023-02-21 19:26:32,417 [grpc-default-executor-2] WARN  server.GrpcLogAppender (LogUtils.java:warn(124)) - s1@group-ECF61963C484->s0-AppendLogResponseHandler: Failed appendEntries
org.apache.ratis.server.raftlog.RaftLogIOException: Log already failed at index 128 for task WriteLog:128: (t:3, i:128), STATEMACHINELOGENTRY, StateMachineLogEntryProto:439@client-8A0E3AB17445
	at org.apache.ratis.server.raftlog.segmented.SegmentedRaftLogWorker.run(SegmentedRaftLogWorker.java:320)
	at java.base/java.lang.Thread.run(Thread.java:829)
Caused by: java.io.IOException: java.lang.IllegalStateException: Null stream: entry=term: 3
index: 128
stateMachineLogEntry {
  type: DATASTREAM
  clientId: "\231!h\2642\231BI\224\205\212\016:\261tE"
  callId: 439
}

	at org.apache.ratis.util.IOUtils.asIOException(IOUtils.java:56)
	at org.apache.ratis.util.IOUtils.toIOException(IOUtils.java:61)
	at org.apache.ratis.util.IOUtils.getFromFuture(IOUtils.java:85)
	at org.apache.ratis.server.raftlog.segmented.SegmentedRaftLogWorker$StateMachineDataPolicy.getFromFuture(SegmentedRaftLogWorker.java:88)
	at org.apache.ratis.server.raftlog.segmented.SegmentedRaftLogWorker$WriteLog.execute(SegmentedRaftLogWorker.java:540)
	at org.apache.ratis.server.raftlog.segmented.SegmentedRaftLogWorker.run(SegmentedRaftLogWorker.java:308)
	... 1 more
Caused by: java.lang.IllegalStateException: Null stream: entry=term: 3
index: 128
stateMachineLogEntry {
  type: DATASTREAM
  clientId: "\231!h\2642\231BI\224\205\212\016:\261tE"
  callId: 439
}

	at org.apache.ratis.datastream.DataStreamTestUtils$MultiDataStreamStateMachine.link(DataStreamTestUtils.java:159)
	at org.apache.ratis.server.raftlog.segmented.SegmentedRaftLogWorker$WriteLog.<init>(SegmentedRaftLogWorker.java:497)
	at org.apache.ratis.server.raftlog.segmented.SegmentedRaftLogWorker.writeLogEntry(SegmentedRaftLogWorker.java:443)
	at org.apache.ratis.server.raftlog.segmented.SegmentedRaftLog.appendEntryImpl(SegmentedRaftLog.java:409)
	at org.apache.ratis.server.raftlog.RaftLogBase.lambda$appendEntry$10(RaftLogBase.java:330)
	at org.apache.ratis.server.raftlog.RaftLogSequentialOps$Runner.runSequentially(RaftLogSequentialOps.java:78)
	at org.apache.ratis.server.raftlog.RaftLogBase.appendEntry(RaftLogBase.java:330)
	at org.apache.ratis.server.raftlog.RaftLogBase.appendImpl(RaftLogBase.java:187)
	at org.apache.ratis.server.raftlog.RaftLogBase.lambda$append$2(RaftLogBase.java:161)
	at org.apache.ratis.server.raftlog.RaftLogSequentialOps$Runner.runSequentially(RaftLogSequentialOps.java:69)
	at org.apache.ratis.server.raftlog.RaftLogBase.append(RaftLogBase.java:161)
	at org.apache.ratis.server.impl.ServerState.appendLog(ServerState.java:312)
	at org.apache.ratis.server.impl.RaftServerImpl.appendTransaction(RaftServerImpl.java:779)
	at org.apache.ratis.server.impl.RaftServerImpl.submitClientRequestAsync(RaftServerImpl.java:886)
	at org.apache.ratis.server.impl.RaftServerImpl.lambda$executeSubmitClientRequestAsync$12(RaftServerImpl.java:824)
	at org.apache.ratis.util.JavaUtils.callAsUnchecked(JavaUtils.java:117)
	at org.apache.ratis.server.impl.RaftServerImpl.lambda$executeSubmitClientRequestAsync$13(RaftServerImpl.java:824)
	at java.base/java.util.concurrent.CompletableFuture$AsyncSupply.run(CompletableFuture.java:1700)
	at java.base/java.util.concurrent.ThreadPoolExecutor.runWorker(ThreadPoolExecutor.java:1128)
	at java.base/java.util.concurrent.ThreadPoolExecutor$Worker.run(ThreadPoolExecutor.java:628)
	... 1 more
2023-02-21 19:26:32,418 [grpc-default-executor-2] INFO  leader.FollowerInfo (FollowerInfoImpl.java:lambda$new$0(52)) - s1@group-ECF61963C484->s0: nextIndex: updateUnconditionally 148 -> 146
2023-02-21 19:26:32,403 [s2-server-thread5] INFO  statemachine.StateMachine (DataStreamTestUtils.java:link(157)) - link SingleDataStream: writeRequest=RaftClientRequest:client-6292E99174B0->s0@group-ECF61963C484, cid=456, seq=0, DataStream, Message:<EMPTY>, logEntry=null
2023-02-21 19:26:32,419 [s2-server-thread5] INFO  statemachine.StateMachine (DataStreamTestUtils.java:link(157)) - link SingleDataStream: writeRequest=RaftClientRequest:client-6292E99174B0->s0@group-ECF61963C484, cid=459, seq=0, DataStream, Message:<EMPTY>, logEntry=null
2023-02-21 19:26:32,419 [s1-client-thread2] INFO  statemachine.StateMachine (DataStreamTestUtils.java:link(157)) - link SingleDataStream: writeRequest=RaftClientRequest:client-6292E99174B0->s0@group-ECF61963C484, cid=458, seq=0, DataStream, Message:<EMPTY>, logEntry=null
2023-02-21 19:26:32,420 [s2-server-thread3] INFO  statemachine.StateMachine (DataStreamTestUtils.java:link(157)) - link SingleDataStream: writeRequest=RaftClientRequest:client-6292E99174B0->s0@group-ECF61963C484, cid=458, seq=0, DataStream, Message:<EMPTY>, logEntry=null
2023-02-21 19:26:32,421 [s1-client-thread2] INFO  statemachine.StateMachine (DataStreamTestUtils.java:link(157)) - link SingleDataStream: writeRequest=RaftClientRequest:client-6292E99174B0->s0@group-ECF61963C484, cid=457, seq=0, DataStream, Message:<EMPTY>, logEntry=null
2023-02-21 19:26:32,422 [s2-server-thread3] INFO  statemachine.StateMachine (DataStreamTestUtils.java:link(157)) - link SingleDataStream: writeRequest=RaftClientRequest:client-6292E99174B0->s0@group-ECF61963C484, cid=457, seq=0, DataStream, Message:<EMPTY>, logEntry=null
2023-02-21 19:26:32,422 [pool-9-thread-10] INFO  datastream.DataStreamTestUtils (DataStreamTestUtils.java:writeAndCloseAndAssertReplies(311)) - start Stream462
2023-02-21 19:26:32,423 [s0-server-thread3] INFO  statemachine.StateMachine (DataStreamTestUtils.java:link(157)) - link SingleDataStream: writeRequest=RaftClientRequest:client-6292E99174B0->s0@group-ECF61963C484, cid=459, seq=0, DataStream, Message:<EMPTY>, logEntry=null
2023-02-21 19:26:32,423 [s0-server-thread3] INFO  statemachine.StateMachine (DataStreamTestUtils.java:link(157)) - link SingleDataStream: writeRequest=RaftClientRequest:client-6292E99174B0->s0@group-ECF61963C484, cid=458, seq=0, DataStream, Message:<EMPTY>, logEntry=null
2023-02-21 19:26:32,425 [grpc-default-executor-6] WARN  server.GrpcServerProtocolService (LogUtils.java:warn(124)) - s0: Failed APPEND_ENTRIES request s1->s0#1498-t5,previous=(t:5, i:145),leaderCommit=145,initializing? true,entries: size=3, first=(t:5, i:146), STATEMACHINELOGENTRY, 456@client-6292E99174B0
java.util.concurrent.CompletionException: org.apache.ratis.server.raftlog.RaftLogIOException: Log already failed at index 128 for task WriteLog:128: (t:3, i:128), STATEMACHINELOGENTRY, StateMachineLogEntryProto:439@client-8A0E3AB17445
	at java.base/java.util.concurrent.CompletableFuture.encodeThrowable(CompletableFuture.java:331)
	at java.base/java.util.concurrent.CompletableFuture.completeThrowable(CompletableFuture.java:346)
	at java.base/java.util.concurrent.CompletableFuture$BiRelay.tryFire(CompletableFuture.java:1423)
	at java.base/java.util.concurrent.CompletableFuture$CoCompletion.tryFire(CompletableFuture.java:1144)
	at java.base/java.util.concurrent.CompletableFuture.postComplete(CompletableFuture.java:506)
	at java.base/java.util.concurrent.CompletableFuture.completeExceptionally(CompletableFuture.java:2088)
	at org.apache.ratis.server.raftlog.segmented.SegmentedRaftLog$Task.failed(SegmentedRaftLog.java:105)
	at org.apache.ratis.server.raftlog.segmented.SegmentedRaftLogWorker$WriteLog.failed(SegmentedRaftLogWorker.java:519)
	at org.apache.ratis.server.raftlog.segmented.SegmentedRaftLogWorker.run(SegmentedRaftLogWorker.java:317)
	at java.base/java.lang.Thread.run(Thread.java:829)
Caused by: org.apache.ratis.server.raftlog.RaftLogIOException: Log already failed at index 128 for task WriteLog:128: (t:3, i:128), STATEMACHINELOGENTRY, StateMachineLogEntryProto:439@client-8A0E3AB17445
	at org.apache.ratis.server.raftlog.segmented.SegmentedRaftLogWorker.run(SegmentedRaftLogWorker.java:320)
	... 1 more
Caused by: java.io.IOException: java.lang.IllegalStateException: Null stream: entry=term: 3
index: 128
stateMachineLogEntry {
  type: DATASTREAM
  clientId: "\231!h\2642\231BI\224\205\212\016:\261tE"
  callId: 439
}

	at org.apache.ratis.util.IOUtils.asIOException(IOUtils.java:56)
	at org.apache.ratis.util.IOUtils.toIOException(IOUtils.java:61)
	at org.apache.ratis.util.IOUtils.getFromFuture(IOUtils.java:85)
	at org.apache.ratis.server.raftlog.segmented.SegmentedRaftLogWorker$StateMachineDataPolicy.getFromFuture(SegmentedRaftLogWorker.java:88)
	at org.apache.ratis.server.raftlog.segmented.SegmentedRaftLogWorker$WriteLog.execute(SegmentedRaftLogWorker.java:540)
	at org.apache.ratis.server.raftlog.segmented.SegmentedRaftLogWorker.run(SegmentedRaftLogWorker.java:308)
	... 1 more
Caused by: java.lang.IllegalStateException: Null stream: entry=term: 3
index: 128
stateMachineLogEntry {
  type: DATASTREAM
  clientId: "\231!h\2642\231BI\224\205\212\016:\261tE"
  callId: 439
}

	at org.apache.ratis.datastream.DataStreamTestUtils$MultiDataStreamStateMachine.link(DataStreamTestUtils.java:159)
	at org.apache.ratis.server.raftlog.segmented.SegmentedRaftLogWorker$WriteLog.<init>(SegmentedRaftLogWorker.java:497)
	at org.apache.ratis.server.raftlog.segmented.SegmentedRaftLogWorker.writeLogEntry(SegmentedRaftLogWorker.java:443)
	at org.apache.ratis.server.raftlog.segmented.SegmentedRaftLog.appendEntryImpl(SegmentedRaftLog.java:409)
	at org.apache.ratis.server.raftlog.RaftLogBase.lambda$appendEntry$10(RaftLogBase.java:330)
	at org.apache.ratis.server.raftlog.RaftLogSequentialOps$Runner.runSequentially(RaftLogSequentialOps.java:78)
	at org.apache.ratis.server.raftlog.RaftLogBase.appendEntry(RaftLogBase.java:330)
	at org.apache.ratis.server.raftlog.RaftLogBase.appendImpl(RaftLogBase.java:187)
	at org.apache.ratis.server.raftlog.RaftLogBase.lambda$append$2(RaftLogBase.java:161)
	at org.apache.ratis.server.raftlog.RaftLogSequentialOps$Runner.runSequentially(RaftLogSequentialOps.java:69)
	at org.apache.ratis.server.raftlog.RaftLogBase.append(RaftLogBase.java:161)
	at org.apache.ratis.server.impl.ServerState.appendLog(ServerState.java:312)
	at org.apache.ratis.server.impl.RaftServerImpl.appendTransaction(RaftServerImpl.java:779)
	at org.apache.ratis.server.impl.RaftServerImpl.submitClientRequestAsync(RaftServerImpl.java:886)
	at org.apache.ratis.server.impl.RaftServerImpl.lambda$executeSubmitClientRequestAsync$12(RaftServerImpl.java:824)
	at org.apache.ratis.util.JavaUtils.callAsUnchecked(JavaUtils.java:117)
	at org.apache.ratis.server.impl.RaftServerImpl.lambda$executeSubmitClientRequestAsync$13(RaftServerImpl.java:824)
	at java.base/java.util.concurrent.CompletableFuture$AsyncSupply.run(CompletableFuture.java:1700)
	at java.base/java.util.concurrent.ThreadPoolExecutor.runWorker(ThreadPoolExecutor.java:1128)
	at java.base/java.util.concurrent.ThreadPoolExecutor$Worker.run(ThreadPoolExecutor.java:628)
	... 1 more
2023-02-21 19:26:32,432 [pool-9-thread-7] INFO  datastream.DataStreamTestUtils (DataStreamTestUtils.java:writeAndCloseAndAssertReplies(311)) - start Stream465
2023-02-21 19:26:32,430 [pool-9-thread-15] INFO  datastream.DataStreamTestUtils (DataStreamTestUtils.java:writeAndCloseAndAssertReplies(311)) - start Stream464
2023-02-21 19:26:32,450 [grpc-default-executor-6] WARN  server.GrpcLogAppender (LogUtils.java:warn(124)) - s1@group-ECF61963C484->s0-AppendLogResponseHandler: Failed appendEntries
org.apache.ratis.server.raftlog.RaftLogIOException: Log already failed at index 128 for task WriteLog:128: (t:3, i:128), STATEMACHINELOGENTRY, StateMachineLogEntryProto:439@client-8A0E3AB17445
	at org.apache.ratis.server.raftlog.segmented.SegmentedRaftLogWorker.run(SegmentedRaftLogWorker.java:320)
	at java.base/java.lang.Thread.run(Thread.java:829)
Caused by: java.io.IOException: java.lang.IllegalStateException: Null stream: entry=term: 3
index: 128
stateMachineLogEntry {
  type: DATASTREAM
  clientId: "\231!h\2642\231BI\224\205\212\016:\261tE"
  callId: 439
}

	at org.apache.ratis.util.IOUtils.asIOException(IOUtils.java:56)
	at org.apache.ratis.util.IOUtils.toIOException(IOUtils.java:61)
	at org.apache.ratis.util.IOUtils.getFromFuture(IOUtils.java:85)
	at org.apache.ratis.server.raftlog.segmented.SegmentedRaftLogWorker$StateMachineDataPolicy.getFromFuture(SegmentedRaftLogWorker.java:88)
	at org.apache.ratis.server.raftlog.segmented.SegmentedRaftLogWorker$WriteLog.execute(SegmentedRaftLogWorker.java:540)
	at org.apache.ratis.server.raftlog.segmented.SegmentedRaftLogWorker.run(SegmentedRaftLogWorker.java:308)
	... 1 more
Caused by: java.lang.IllegalStateException: Null stream: entry=term: 3
index: 128
stateMachineLogEntry {
  type: DATASTREAM
  clientId: "\231!h\2642\231BI\224\205\212\016:\261tE"
  callId: 439
}

	at org.apache.ratis.datastream.DataStreamTestUtils$MultiDataStreamStateMachine.link(DataStreamTestUtils.java:159)
	at org.apache.ratis.server.raftlog.segmented.SegmentedRaftLogWorker$WriteLog.<init>(SegmentedRaftLogWorker.java:497)
	at org.apache.ratis.server.raftlog.segmented.SegmentedRaftLogWorker.writeLogEntry(SegmentedRaftLogWorker.java:443)
	at org.apache.ratis.server.raftlog.segmented.SegmentedRaftLog.appendEntryImpl(SegmentedRaftLog.java:409)
	at org.apache.ratis.server.raftlog.RaftLogBase.lambda$appendEntry$10(RaftLogBase.java:330)
	at org.apache.ratis.server.raftlog.RaftLogSequentialOps$Runner.runSequentially(RaftLogSequentialOps.java:78)
	at org.apache.ratis.server.raftlog.RaftLogBase.appendEntry(RaftLogBase.java:330)
	at org.apache.ratis.server.raftlog.RaftLogBase.appendImpl(RaftLogBase.java:187)
	at org.apache.ratis.server.raftlog.RaftLogBase.lambda$append$2(RaftLogBase.java:161)
	at org.apache.ratis.server.raftlog.RaftLogSequentialOps$Runner.runSequentially(RaftLogSequentialOps.java:69)
	at org.apache.ratis.server.raftlog.RaftLogBase.append(RaftLogBase.java:161)
	at org.apache.ratis.server.impl.ServerState.appendLog(ServerState.java:312)
	at org.apache.ratis.server.impl.RaftServerImpl.appendTransaction(RaftServerImpl.java:779)
	at org.apache.ratis.server.impl.RaftServerImpl.submitClientRequestAsync(RaftServerImpl.java:886)
	at org.apache.ratis.server.impl.RaftServerImpl.lambda$executeSubmitClientRequestAsync$12(RaftServerImpl.java:824)
	at org.apache.ratis.util.JavaUtils.callAsUnchecked(JavaUtils.java:117)
	at org.apache.ratis.server.impl.RaftServerImpl.lambda$executeSubmitClientRequestAsync$13(RaftServerImpl.java:824)
	at java.base/java.util.concurrent.CompletableFuture$AsyncSupply.run(CompletableFuture.java:1700)
	at java.base/java.util.concurrent.ThreadPoolExecutor.runWorker(ThreadPoolExecutor.java:1128)
	at java.base/java.util.concurrent.ThreadPoolExecutor$Worker.run(ThreadPoolExecutor.java:628)
	... 1 more
2023-02-21 19:26:32,450 [grpc-default-executor-6] INFO  leader.FollowerInfo (FollowerInfoImpl.java:lambda$new$0(52)) - s1@group-ECF61963C484->s0: nextIndex: updateUnconditionally 154 -> 146
2023-02-21 19:26:32,426 [pool-9-thread-1] INFO  datastream.DataStreamTestUtils (DataStreamTestUtils.java:writeAndCloseAndAssertReplies(311)) - start Stream463
2023-02-21 19:26:32,470 [s0-server-thread2] INFO  statemachine.StateMachine (DataStreamTestUtils.java:link(157)) - link SingleDataStream: writeRequest=RaftClientRequest:client-6292E99174B0->s0@group-ECF61963C484, cid=457, seq=0, DataStream, Message:<EMPTY>, logEntry=null
2023-02-21 19:26:32,471 [grpc-default-executor-6] WARN  server.GrpcServerProtocolService (LogUtils.java:warn(124)) - s0: Failed APPEND_ENTRIES request s1->s0#1509-t5,previous=(t:5, i:145),leaderCommit=153,initializing? true,entries: size=8, first=(t:5, i:146), STATEMACHINELOGENTRY, 456@client-6292E99174B0
java.util.concurrent.CompletionException: org.apache.ratis.server.raftlog.RaftLogIOException: Log already failed at index 128 for task WriteLog:128: (t:3, i:128), STATEMACHINELOGENTRY, StateMachineLogEntryProto:439@client-8A0E3AB17445
	at java.base/java.util.concurrent.CompletableFuture.encodeThrowable(CompletableFuture.java:331)
	at java.base/java.util.concurrent.CompletableFuture.completeThrowable(CompletableFuture.java:346)
	at java.base/java.util.concurrent.CompletableFuture$BiRelay.tryFire(CompletableFuture.java:1423)
	at java.base/java.util.concurrent.CompletableFuture$CoCompletion.tryFire(CompletableFuture.java:1144)
	at java.base/java.util.concurrent.CompletableFuture.postComplete(CompletableFuture.java:506)
	at java.base/java.util.concurrent.CompletableFuture.completeExceptionally(CompletableFuture.java:2088)
	at org.apache.ratis.server.raftlog.segmented.SegmentedRaftLog$Task.failed(SegmentedRaftLog.java:105)
	at org.apache.ratis.server.raftlog.segmented.SegmentedRaftLogWorker$WriteLog.failed(SegmentedRaftLogWorker.java:519)
	at org.apache.ratis.server.raftlog.segmented.SegmentedRaftLogWorker.run(SegmentedRaftLogWorker.java:317)
	at java.base/java.lang.Thread.run(Thread.java:829)
Caused by: org.apache.ratis.server.raftlog.RaftLogIOException: Log already failed at index 128 for task WriteLog:128: (t:3, i:128), STATEMACHINELOGENTRY, StateMachineLogEntryProto:439@client-8A0E3AB17445
	at org.apache.ratis.server.raftlog.segmented.SegmentedRaftLogWorker.run(SegmentedRaftLogWorker.java:320)
	... 1 more
Caused by: java.io.IOException: java.lang.IllegalStateException: Null stream: entry=term: 3
index: 128
stateMachineLogEntry {
  type: DATASTREAM
  clientId: "\231!h\2642\231BI\224\205\212\016:\261tE"
  callId: 439
}

	at org.apache.ratis.util.IOUtils.asIOException(IOUtils.java:56)
	at org.apache.ratis.util.IOUtils.toIOException(IOUtils.java:61)
	at org.apache.ratis.util.IOUtils.getFromFuture(IOUtils.java:85)
	at org.apache.ratis.server.raftlog.segmented.SegmentedRaftLogWorker$StateMachineDataPolicy.getFromFuture(SegmentedRaftLogWorker.java:88)
	at org.apache.ratis.server.raftlog.segmented.SegmentedRaftLogWorker$WriteLog.execute(SegmentedRaftLogWorker.java:540)
	at org.apache.ratis.server.raftlog.segmented.SegmentedRaftLogWorker.run(SegmentedRaftLogWorker.java:308)
	... 1 more
Caused by: java.lang.IllegalStateException: Null stream: entry=term: 3
index: 128
stateMachineLogEntry {
  type: DATASTREAM
  clientId: "\231!h\2642\231BI\224\205\212\016:\261tE"
  callId: 439
}

	at org.apache.ratis.datastream.DataStreamTestUtils$MultiDataStreamStateMachine.link(DataStreamTestUtils.java:159)
	at org.apache.ratis.server.raftlog.segmented.SegmentedRaftLogWorker$WriteLog.<init>(SegmentedRaftLogWorker.java:497)
	at org.apache.ratis.server.raftlog.segmented.SegmentedRaftLogWorker.writeLogEntry(SegmentedRaftLogWorker.java:443)
	at org.apache.ratis.server.raftlog.segmented.SegmentedRaftLog.appendEntryImpl(SegmentedRaftLog.java:409)
	at org.apache.ratis.server.raftlog.RaftLogBase.lambda$appendEntry$10(RaftLogBase.java:330)
	at org.apache.ratis.server.raftlog.RaftLogSequentialOps$Runner.runSequentially(RaftLogSequentialOps.java:78)
	at org.apache.ratis.server.raftlog.RaftLogBase.appendEntry(RaftLogBase.java:330)
	at org.apache.ratis.server.raftlog.RaftLogBase.appendImpl(RaftLogBase.java:187)
	at org.apache.ratis.server.raftlog.RaftLogBase.lambda$append$2(RaftLogBase.java:161)
	at org.apache.ratis.server.raftlog.RaftLogSequentialOps$Runner.runSequentially(RaftLogSequentialOps.java:69)
	at org.apache.ratis.server.raftlog.RaftLogBase.append(RaftLogBase.java:161)
	at org.apache.ratis.server.impl.ServerState.appendLog(ServerState.java:312)
	at org.apache.ratis.server.impl.RaftServerImpl.appendTransaction(RaftServerImpl.java:779)
	at org.apache.ratis.server.impl.RaftServerImpl.submitClientRequestAsync(RaftServerImpl.java:886)
	at org.apache.ratis.server.impl.RaftServerImpl.lambda$executeSubmitClientRequestAsync$12(RaftServerImpl.java:824)
	at org.apache.ratis.util.JavaUtils.callAsUnchecked(JavaUtils.java:117)
	at org.apache.ratis.server.impl.RaftServerImpl.lambda$executeSubmitClientRequestAsync$13(RaftServerImpl.java:824)
	at java.base/java.util.concurrent.CompletableFuture$AsyncSupply.run(CompletableFuture.java:1700)
	at java.base/java.util.concurrent.ThreadPoolExecutor.runWorker(ThreadPoolExecutor.java:1128)
	at java.base/java.util.concurrent.ThreadPoolExecutor$Worker.run(ThreadPoolExecutor.java:628)
	... 1 more
2023-02-21 19:26:32,570 [grpc-default-executor-2] WARN  server.GrpcLogAppender (LogUtils.java:warn(124)) - s1@group-ECF61963C484->s0-AppendLogResponseHandler: Failed appendEntries
org.apache.ratis.server.raftlog.RaftLogIOException: Log already failed at index 128 for task WriteLog:128: (t:3, i:128), STATEMACHINELOGENTRY, StateMachineLogEntryProto:439@client-8A0E3AB17445
	at org.apache.ratis.server.raftlog.segmented.SegmentedRaftLogWorker.run(SegmentedRaftLogWorker.java:320)
	at java.base/java.lang.Thread.run(Thread.java:829)
Caused by: java.io.IOException: java.lang.IllegalStateException: Null stream: entry=term: 3
index: 128
stateMachineLogEntry {
  type: DATASTREAM
  clientId: "\231!h\2642\231BI\224\205\212\016:\261tE"
  callId: 439
}

	at org.apache.ratis.util.IOUtils.asIOException(IOUtils.java:56)
	at org.apache.ratis.util.IOUtils.toIOException(IOUtils.java:61)
	at org.apache.ratis.util.IOUtils.getFromFuture(IOUtils.java:85)
	at org.apache.ratis.server.raftlog.segmented.SegmentedRaftLogWorker$StateMachineDataPolicy.getFromFuture(SegmentedRaftLogWorker.java:88)
	at org.apache.ratis.server.raftlog.segmented.SegmentedRaftLogWorker$WriteLog.execute(SegmentedRaftLogWorker.java:540)
	at org.apache.ratis.server.raftlog.segmented.SegmentedRaftLogWorker.run(SegmentedRaftLogWorker.java:308)
	... 1 more
Caused by: java.lang.IllegalStateException: Null stream: entry=term: 3
index: 128
stateMachineLogEntry {
  type: DATASTREAM
  clientId: "\231!h\2642\231BI\224\205\212\016:\261tE"
  callId: 439
}

	at org.apache.ratis.datastream.DataStreamTestUtils$MultiDataStreamStateMachine.link(DataStreamTestUtils.java:159)
	at org.apache.ratis.server.raftlog.segmented.SegmentedRaftLogWorker$WriteLog.<init>(SegmentedRaftLogWorker.java:497)
	at org.apache.ratis.server.raftlog.segmented.SegmentedRaftLogWorker.writeLogEntry(SegmentedRaftLogWorker.java:443)
	at org.apache.ratis.server.raftlog.segmented.SegmentedRaftLog.appendEntryImpl(SegmentedRaftLog.java:409)
	at org.apache.ratis.server.raftlog.RaftLogBase.lambda$appendEntry$10(RaftLogBase.java:330)
	at org.apache.ratis.server.raftlog.RaftLogSequentialOps$Runner.runSequentially(RaftLogSequentialOps.java:78)
	at org.apache.ratis.server.raftlog.RaftLogBase.appendEntry(RaftLogBase.java:330)
	at org.apache.ratis.server.raftlog.RaftLogBase.appendImpl(RaftLogBase.java:187)
	at org.apache.ratis.server.raftlog.RaftLogBase.lambda$append$2(RaftLogBase.java:161)
	at org.apache.ratis.server.raftlog.RaftLogSequentialOps$Runner.runSequentially(RaftLogSequentialOps.java:69)
	at org.apache.ratis.server.raftlog.RaftLogBase.append(RaftLogBase.java:161)
	at org.apache.ratis.server.impl.ServerState.appendLog(ServerState.java:312)
	at org.apache.ratis.server.impl.RaftServerImpl.appendTransaction(RaftServerImpl.java:779)
	at org.apache.ratis.server.impl.RaftServerImpl.submitClientRequestAsync(RaftServerImpl.java:886)
	at org.apache.ratis.server.impl.RaftServerImpl.lambda$executeSubmitClientRequestAsync$12(RaftServerImpl.java:824)
	at org.apache.ratis.util.JavaUtils.callAsUnchecked(JavaUtils.java:117)
	at org.apache.ratis.server.impl.RaftServerImpl.lambda$executeSubmitClientRequestAsync$13(RaftServerImpl.java:824)
	at java.base/java.util.concurrent.CompletableFuture$AsyncSupply.run(CompletableFuture.java:1700)
	at java.base/java.util.concurrent.ThreadPoolExecutor.runWorker(ThreadPoolExecutor.java:1128)
	at java.base/java.util.concurrent.ThreadPoolExecutor$Worker.run(ThreadPoolExecutor.java:628)
	... 1 more
2023-02-21 19:26:32,570 [grpc-default-executor-2] INFO  leader.FollowerInfo (FollowerInfoImpl.java:lambda$new$0(52)) - s1@group-ECF61963C484->s0: nextIndex: updateUnconditionally 154 -> 146
2023-02-21 19:26:33,878 [pool-9-thread-8] INFO  datastream.DataStreamTestUtils (DataStreamTestUtils.java:writeAndCloseAndAssertReplies(320)) - Stream460: bytesWritten=3755837
2023-02-21 19:26:34,865 [pool-9-thread-5] INFO  datastream.DataStreamTestUtils (DataStreamTestUtils.java:writeAndCloseAndAssertReplies(320)) - Stream461: bytesWritten=3753173
2023-02-21 19:26:37,166 [timer5] WARN  grpc.GrpcUtil (GrpcUtil.java:shutdownManagedChannel(223)) - Timed out gracefully shutting down connection: ManagedChannelOrphanWrapper{delegate=ManagedChannelImpl{logId=509, target=localhost:45149}}. 
2023-02-21 19:26:37,522 [pool-9-thread-7] INFO  datastream.DataStreamTestUtils (DataStreamTestUtils.java:writeAndCloseAndAssertReplies(320)) - Stream465: bytesWritten=3754245
2023-02-21 19:26:37,983 [pool-9-thread-15] INFO  datastream.DataStreamTestUtils (DataStreamTestUtils.java:writeAndCloseAndAssertReplies(320)) - Stream464: bytesWritten=3727072
2023-02-21 19:26:38,267 [s1-client-thread2] INFO  statemachine.StateMachine (DataStreamTestUtils.java:link(157)) - link SingleDataStream: writeRequest=RaftClientRequest:client-6292E99174B0->s0@group-ECF61963C484, cid=465, seq=0, DataStream, Message:<EMPTY>, logEntry=null
2023-02-21 19:26:38,269 [s0-server-thread3] INFO  statemachine.StateMachine (DataStreamTestUtils.java:link(157)) - link SingleDataStream: writeRequest=RaftClientRequest:client-6292E99174B0->s0@group-ECF61963C484, cid=465, seq=0, DataStream, Message:<EMPTY>, logEntry=null
2023-02-21 19:26:38,270 [s0-server-thread3] WARN  server.GrpcServerProtocolService (LogUtils.java:warn(124)) - s0: Failed APPEND_ENTRIES request s1->s0#2124-t5,previous=(t:5, i:153),leaderCommit=153,initializing? true,entries: size=1, first=(t:5, i:154), STATEMACHINELOGENTRY, 465@client-6292E99174B0
java.util.concurrent.CompletionException: org.apache.ratis.server.raftlog.RaftLogIOException: Log already failed at index 128 for task WriteLog:128: (t:3, i:128), STATEMACHINELOGENTRY, StateMachineLogEntryProto:439@client-8A0E3AB17445
	at java.base/java.util.concurrent.CompletableFuture.encodeThrowable(CompletableFuture.java:331)
	at java.base/java.util.concurrent.CompletableFuture.completeThrowable(CompletableFuture.java:346)
	at java.base/java.util.concurrent.CompletableFuture$BiRelay.tryFire(CompletableFuture.java:1423)
	at java.base/java.util.concurrent.CompletableFuture$CoCompletion.tryFire(CompletableFuture.java:1144)
	at java.base/java.util.concurrent.CompletableFuture.postComplete(CompletableFuture.java:506)
	at java.base/java.util.concurrent.CompletableFuture.completeExceptionally(CompletableFuture.java:2088)
	at org.apache.ratis.server.raftlog.segmented.SegmentedRaftLog$Task.failed(SegmentedRaftLog.java:105)
	at org.apache.ratis.server.raftlog.segmented.SegmentedRaftLogWorker$WriteLog.failed(SegmentedRaftLogWorker.java:519)
	at org.apache.ratis.server.raftlog.segmented.SegmentedRaftLogWorker.run(SegmentedRaftLogWorker.java:317)
	at java.base/java.lang.Thread.run(Thread.java:829)
Caused by: org.apache.ratis.server.raftlog.RaftLogIOException: Log already failed at index 128 for task WriteLog:128: (t:3, i:128), STATEMACHINELOGENTRY, StateMachineLogEntryProto:439@client-8A0E3AB17445
	at org.apache.ratis.server.raftlog.segmented.SegmentedRaftLogWorker.run(SegmentedRaftLogWorker.java:320)
	... 1 more
Caused by: java.io.IOException: java.lang.IllegalStateException: Null stream: entry=term: 3
index: 128
stateMachineLogEntry {
  type: DATASTREAM
  clientId: "\231!h\2642\231BI\224\205\212\016:\261tE"
  callId: 439
}

	at org.apache.ratis.util.IOUtils.asIOException(IOUtils.java:56)
	at org.apache.ratis.util.IOUtils.toIOException(IOUtils.java:61)
	at org.apache.ratis.util.IOUtils.getFromFuture(IOUtils.java:85)
	at org.apache.ratis.server.raftlog.segmented.SegmentedRaftLogWorker$StateMachineDataPolicy.getFromFuture(SegmentedRaftLogWorker.java:88)
	at org.apache.ratis.server.raftlog.segmented.SegmentedRaftLogWorker$WriteLog.execute(SegmentedRaftLogWorker.java:540)
	at org.apache.ratis.server.raftlog.segmented.SegmentedRaftLogWorker.run(SegmentedRaftLogWorker.java:308)
	... 1 more
Caused by: java.lang.IllegalStateException: Null stream: entry=term: 3
index: 128
stateMachineLogEntry {
  type: DATASTREAM
  clientId: "\231!h\2642\231BI\224\205\212\016:\261tE"
  callId: 439
}

	at org.apache.ratis.datastream.DataStreamTestUtils$MultiDataStreamStateMachine.link(DataStreamTestUtils.java:159)
	at org.apache.ratis.server.raftlog.segmented.SegmentedRaftLogWorker$WriteLog.<init>(SegmentedRaftLogWorker.java:497)
	at org.apache.ratis.server.raftlog.segmented.SegmentedRaftLogWorker.writeLogEntry(SegmentedRaftLogWorker.java:443)
	at org.apache.ratis.server.raftlog.segmented.SegmentedRaftLog.appendEntryImpl(SegmentedRaftLog.java:409)
	at org.apache.ratis.server.raftlog.RaftLogBase.lambda$appendEntry$10(RaftLogBase.java:330)
	at org.apache.ratis.server.raftlog.RaftLogSequentialOps$Runner.runSequentially(RaftLogSequentialOps.java:78)
	at org.apache.ratis.server.raftlog.RaftLogBase.appendEntry(RaftLogBase.java:330)
	at org.apache.ratis.server.raftlog.RaftLogBase.appendImpl(RaftLogBase.java:187)
	at org.apache.ratis.server.raftlog.RaftLogBase.lambda$append$2(RaftLogBase.java:161)
	at org.apache.ratis.server.raftlog.RaftLogSequentialOps$Runner.runSequentially(RaftLogSequentialOps.java:69)
	at org.apache.ratis.server.raftlog.RaftLogBase.append(RaftLogBase.java:161)
	at org.apache.ratis.server.impl.ServerState.appendLog(ServerState.java:312)
	at org.apache.ratis.server.impl.RaftServerImpl.appendTransaction(RaftServerImpl.java:779)
	at org.apache.ratis.server.impl.RaftServerImpl.submitClientRequestAsync(RaftServerImpl.java:886)
	at org.apache.ratis.server.impl.RaftServerImpl.lambda$executeSubmitClientRequestAsync$12(RaftServerImpl.java:824)
	at org.apache.ratis.util.JavaUtils.callAsUnchecked(JavaUtils.java:117)
	at org.apache.ratis.server.impl.RaftServerImpl.lambda$executeSubmitClientRequestAsync$13(RaftServerImpl.java:824)
	at java.base/java.util.concurrent.CompletableFuture$AsyncSupply.run(CompletableFuture.java:1700)
	at java.base/java.util.concurrent.ThreadPoolExecutor.runWorker(ThreadPoolExecutor.java:1128)
	at java.base/java.util.concurrent.ThreadPoolExecutor$Worker.run(ThreadPoolExecutor.java:628)
	... 1 more
2023-02-21 19:26:38,270 [s2-server-thread3] INFO  statemachine.StateMachine (DataStreamTestUtils.java:link(157)) - link SingleDataStream: writeRequest=RaftClientRequest:client-6292E99174B0->s0@group-ECF61963C484, cid=465, seq=0, DataStream, Message:<EMPTY>, logEntry=null
2023-02-21 19:26:38,282 [grpc-default-executor-8] WARN  server.GrpcLogAppender (LogUtils.java:warn(124)) - s1@group-ECF61963C484->s0-AppendLogResponseHandler: Failed appendEntries
org.apache.ratis.server.raftlog.RaftLogIOException: Log already failed at index 128 for task WriteLog:128: (t:3, i:128), STATEMACHINELOGENTRY, StateMachineLogEntryProto:439@client-8A0E3AB17445
	at org.apache.ratis.server.raftlog.segmented.SegmentedRaftLogWorker.run(SegmentedRaftLogWorker.java:320)
	at java.base/java.lang.Thread.run(Thread.java:829)
Caused by: java.io.IOException: java.lang.IllegalStateException: Null stream: entry=term: 3
index: 128
stateMachineLogEntry {
  type: DATASTREAM
  clientId: "\231!h\2642\231BI\224\205\212\016:\261tE"
  callId: 439
}

	at org.apache.ratis.util.IOUtils.asIOException(IOUtils.java:56)
	at org.apache.ratis.util.IOUtils.toIOException(IOUtils.java:61)
	at org.apache.ratis.util.IOUtils.getFromFuture(IOUtils.java:85)
	at org.apache.ratis.server.raftlog.segmented.SegmentedRaftLogWorker$StateMachineDataPolicy.getFromFuture(SegmentedRaftLogWorker.java:88)
	at org.apache.ratis.server.raftlog.segmented.SegmentedRaftLogWorker$WriteLog.execute(SegmentedRaftLogWorker.java:540)
	at org.apache.ratis.server.raftlog.segmented.SegmentedRaftLogWorker.run(SegmentedRaftLogWorker.java:308)
	... 1 more
Caused by: java.lang.IllegalStateException: Null stream: entry=term: 3
index: 128
stateMachineLogEntry {
  type: DATASTREAM
  clientId: "\231!h\2642\231BI\224\205\212\016:\261tE"
  callId: 439
}

	at org.apache.ratis.datastream.DataStreamTestUtils$MultiDataStreamStateMachine.link(DataStreamTestUtils.java:159)
	at org.apache.ratis.server.raftlog.segmented.SegmentedRaftLogWorker$WriteLog.<init>(SegmentedRaftLogWorker.java:497)
	at org.apache.ratis.server.raftlog.segmented.SegmentedRaftLogWorker.writeLogEntry(SegmentedRaftLogWorker.java:443)
	at org.apache.ratis.server.raftlog.segmented.SegmentedRaftLog.appendEntryImpl(SegmentedRaftLog.java:409)
	at org.apache.ratis.server.raftlog.RaftLogBase.lambda$appendEntry$10(RaftLogBase.java:330)
	at org.apache.ratis.server.raftlog.RaftLogSequentialOps$Runner.runSequentially(RaftLogSequentialOps.java:78)
	at org.apache.ratis.server.raftlog.RaftLogBase.appendEntry(RaftLogBase.java:330)
	at org.apache.ratis.server.raftlog.RaftLogBase.appendImpl(RaftLogBase.java:187)
	at org.apache.ratis.server.raftlog.RaftLogBase.lambda$append$2(RaftLogBase.java:161)
	at org.apache.ratis.server.raftlog.RaftLogSequentialOps$Runner.runSequentially(RaftLogSequentialOps.java:69)
	at org.apache.ratis.server.raftlog.RaftLogBase.append(RaftLogBase.java:161)
	at org.apache.ratis.server.impl.ServerState.appendLog(ServerState.java:312)
	at org.apache.ratis.server.impl.RaftServerImpl.appendTransaction(RaftServerImpl.java:779)
	at org.apache.ratis.server.impl.RaftServerImpl.submitClientRequestAsync(RaftServerImpl.java:886)
	at org.apache.ratis.server.impl.RaftServerImpl.lambda$executeSubmitClientRequestAsync$12(RaftServerImpl.java:824)
	at org.apache.ratis.util.JavaUtils.callAsUnchecked(JavaUtils.java:117)
	at org.apache.ratis.server.impl.RaftServerImpl.lambda$executeSubmitClientRequestAsync$13(RaftServerImpl.java:824)
	at java.base/java.util.concurrent.CompletableFuture$AsyncSupply.run(CompletableFuture.java:1700)
	at java.base/java.util.concurrent.ThreadPoolExecutor.runWorker(ThreadPoolExecutor.java:1128)
	at java.base/java.util.concurrent.ThreadPoolExecutor$Worker.run(ThreadPoolExecutor.java:628)
	... 1 more
2023-02-21 19:26:38,282 [grpc-default-executor-8] INFO  leader.FollowerInfo (FollowerInfoImpl.java:lambda$new$0(52)) - s1@group-ECF61963C484->s0: nextIndex: updateUnconditionally 155 -> 154
2023-02-21 19:26:38,292 [s1-client-thread2] INFO  statemachine.StateMachine (DataStreamTestUtils.java:link(157)) - link SingleDataStream: writeRequest=RaftClientRequest:client-6292E99174B0->s0@group-ECF61963C484, cid=460, seq=0, DataStream, Message:<EMPTY>, logEntry=null
2023-02-21 19:26:38,293 [s2-server-thread4] INFO  statemachine.StateMachine (DataStreamTestUtils.java:link(157)) - link SingleDataStream: writeRequest=RaftClientRequest:client-6292E99174B0->s0@group-ECF61963C484, cid=460, seq=0, DataStream, Message:<EMPTY>, logEntry=null
2023-02-21 19:26:38,294 [s1-client-thread2] INFO  statemachine.StateMachine (DataStreamTestUtils.java:link(157)) - link SingleDataStream: writeRequest=RaftClientRequest:client-6292E99174B0->s0@group-ECF61963C484, cid=461, seq=0, DataStream, Message:<EMPTY>, logEntry=null
2023-02-21 19:26:38,295 [s2-server-thread4] INFO  statemachine.StateMachine (DataStreamTestUtils.java:link(157)) - link SingleDataStream: writeRequest=RaftClientRequest:client-6292E99174B0->s0@group-ECF61963C484, cid=461, seq=0, DataStream, Message:<EMPTY>, logEntry=null
2023-02-21 19:26:38,296 [s1-client-thread2] INFO  statemachine.StateMachine (DataStreamTestUtils.java:link(157)) - link SingleDataStream: writeRequest=RaftClientRequest:client-6292E99174B0->s0@group-ECF61963C484, cid=464, seq=0, DataStream, Message:<EMPTY>, logEntry=null
2023-02-21 19:26:38,298 [s2-server-thread4] INFO  statemachine.StateMachine (DataStreamTestUtils.java:link(157)) - link SingleDataStream: writeRequest=RaftClientRequest:client-6292E99174B0->s0@group-ECF61963C484, cid=464, seq=0, DataStream, Message:<EMPTY>, logEntry=null
2023-02-21 19:26:38,308 [s0-server-thread1] INFO  statemachine.StateMachine (DataStreamTestUtils.java:link(157)) - link SingleDataStream: writeRequest=RaftClientRequest:client-6292E99174B0->s0@group-ECF61963C484, cid=460, seq=0, DataStream, Message:<EMPTY>, logEntry=null
2023-02-21 19:26:38,309 [s0-server-thread1] INFO  statemachine.StateMachine (DataStreamTestUtils.java:link(157)) - link SingleDataStream: writeRequest=RaftClientRequest:client-6292E99174B0->s0@group-ECF61963C484, cid=461, seq=0, DataStream, Message:<EMPTY>, logEntry=null
2023-02-21 19:26:38,309 [s0-server-thread1] INFO  statemachine.StateMachine (DataStreamTestUtils.java:link(157)) - link SingleDataStream: writeRequest=RaftClientRequest:client-6292E99174B0->s0@group-ECF61963C484, cid=464, seq=0, DataStream, Message:<EMPTY>, logEntry=null
2023-02-21 19:26:38,309 [grpc-default-executor-10] WARN  server.GrpcServerProtocolService (LogUtils.java:warn(124)) - s0: Failed APPEND_ENTRIES request s1->s0#2126-t5,previous=(t:5, i:153),leaderCommit=160,initializing? true,entries: size=8, first=(t:5, i:154), STATEMACHINELOGENTRY, 465@client-6292E99174B0
java.util.concurrent.CompletionException: org.apache.ratis.server.raftlog.RaftLogIOException: Log already failed at index 128 for task WriteLog:128: (t:3, i:128), STATEMACHINELOGENTRY, StateMachineLogEntryProto:439@client-8A0E3AB17445
	at java.base/java.util.concurrent.CompletableFuture.encodeThrowable(CompletableFuture.java:331)
	at java.base/java.util.concurrent.CompletableFuture.andTree(CompletableFuture.java:1452)
	at java.base/java.util.concurrent.CompletableFuture.andTree(CompletableFuture.java:1442)
	at java.base/java.util.concurrent.CompletableFuture.andTree(CompletableFuture.java:1442)
	at java.base/java.util.concurrent.CompletableFuture.allOf(CompletableFuture.java:2337)
	at org.apache.ratis.util.JavaUtils.allOf(JavaUtils.java:278)
	at org.apache.ratis.server.impl.RaftServerImpl.appendEntriesAsync(RaftServerImpl.java:1539)
	at org.apache.ratis.server.impl.RaftServerImpl.appendEntriesAsync(RaftServerImpl.java:1396)
	at org.apache.ratis.server.impl.RaftServerProxy.lambda$appendEntriesAsync$26(RaftServerProxy.java:634)
	at org.apache.ratis.util.JavaUtils.callAsUnchecked(JavaUtils.java:117)
	at org.apache.ratis.server.impl.RaftServerImpl.lambda$executeSubmitServerRequestAsync$11(RaftServerImpl.java:818)
	at java.base/java.util.concurrent.CompletableFuture$AsyncSupply.run(CompletableFuture.java:1700)
	at java.base/java.util.concurrent.ThreadPoolExecutor.runWorker(ThreadPoolExecutor.java:1128)
	at java.base/java.util.concurrent.ThreadPoolExecutor$Worker.run(ThreadPoolExecutor.java:628)
	at java.base/java.lang.Thread.run(Thread.java:829)
Caused by: org.apache.ratis.server.raftlog.RaftLogIOException: Log already failed at index 128 for task WriteLog:128: (t:3, i:128), STATEMACHINELOGENTRY, StateMachineLogEntryProto:439@client-8A0E3AB17445
	at org.apache.ratis.server.raftlog.segmented.SegmentedRaftLogWorker.run(SegmentedRaftLogWorker.java:320)
	... 1 more
Caused by: java.io.IOException: java.lang.IllegalStateException: Null stream: entry=term: 3
index: 128
stateMachineLogEntry {
  type: DATASTREAM
  clientId: "\231!h\2642\231BI\224\205\212\016:\261tE"
  callId: 439
}

	at org.apache.ratis.util.IOUtils.asIOException(IOUtils.java:56)
	at org.apache.ratis.util.IOUtils.toIOException(IOUtils.java:61)
	at org.apache.ratis.util.IOUtils.getFromFuture(IOUtils.java:85)
	at org.apache.ratis.server.raftlog.segmented.SegmentedRaftLogWorker$StateMachineDataPolicy.getFromFuture(SegmentedRaftLogWorker.java:88)
	at org.apache.ratis.server.raftlog.segmented.SegmentedRaftLogWorker$WriteLog.execute(SegmentedRaftLogWorker.java:540)
	at org.apache.ratis.server.raftlog.segmented.SegmentedRaftLogWorker.run(SegmentedRaftLogWorker.java:308)
	... 1 more
Caused by: java.lang.IllegalStateException: Null stream: entry=term: 3
index: 128
stateMachineLogEntry {
  type: DATASTREAM
  clientId: "\231!h\2642\231BI\224\205\212\016:\261tE"
  callId: 439
}

	at org.apache.ratis.datastream.DataStreamTestUtils$MultiDataStreamStateMachine.link(DataStreamTestUtils.java:159)
	at org.apache.ratis.server.raftlog.segmented.SegmentedRaftLogWorker$WriteLog.<init>(SegmentedRaftLogWorker.java:497)
	at org.apache.ratis.server.raftlog.segmented.SegmentedRaftLogWorker.writeLogEntry(SegmentedRaftLogWorker.java:443)
	at org.apache.ratis.server.raftlog.segmented.SegmentedRaftLog.appendEntryImpl(SegmentedRaftLog.java:409)
	at org.apache.ratis.server.raftlog.RaftLogBase.lambda$appendEntry$10(RaftLogBase.java:330)
	at org.apache.ratis.server.raftlog.RaftLogSequentialOps$Runner.runSequentially(RaftLogSequentialOps.java:78)
	at org.apache.ratis.server.raftlog.RaftLogBase.appendEntry(RaftLogBase.java:330)
	at org.apache.ratis.server.raftlog.RaftLogBase.appendImpl(RaftLogBase.java:187)
	at org.apache.ratis.server.raftlog.RaftLogBase.lambda$append$2(RaftLogBase.java:161)
	at org.apache.ratis.server.raftlog.RaftLogSequentialOps$Runner.runSequentially(RaftLogSequentialOps.java:69)
	at org.apache.ratis.server.raftlog.RaftLogBase.append(RaftLogBase.java:161)
	at org.apache.ratis.server.impl.ServerState.appendLog(ServerState.java:312)
	at org.apache.ratis.server.impl.RaftServerImpl.appendTransaction(RaftServerImpl.java:779)
	at org.apache.ratis.server.impl.RaftServerImpl.submitClientRequestAsync(RaftServerImpl.java:886)
	at org.apache.ratis.server.impl.RaftServerImpl.lambda$executeSubmitClientRequestAsync$12(RaftServerImpl.java:824)
	at org.apache.ratis.util.JavaUtils.callAsUnchecked(JavaUtils.java:117)
	at org.apache.ratis.server.impl.RaftServerImpl.lambda$executeSubmitClientRequestAsync$13(RaftServerImpl.java:824)
	at java.base/java.util.concurrent.CompletableFuture$AsyncSupply.run(CompletableFuture.java:1700)
	at java.base/java.util.concurrent.ThreadPoolExecutor.runWorker(ThreadPoolExecutor.java:1128)
	at java.base/java.util.concurrent.ThreadPoolExecutor$Worker.run(ThreadPoolExecutor.java:628)
	... 1 more
2023-02-21 19:26:38,338 [grpc-default-executor-10] WARN  server.GrpcLogAppender (LogUtils.java:warn(124)) - s1@group-ECF61963C484->s0-AppendLogResponseHandler: Failed appendEntries
org.apache.ratis.server.raftlog.RaftLogIOException: Log already failed at index 128 for task WriteLog:128: (t:3, i:128), STATEMACHINELOGENTRY, StateMachineLogEntryProto:439@client-8A0E3AB17445
	at org.apache.ratis.server.raftlog.segmented.SegmentedRaftLogWorker.run(SegmentedRaftLogWorker.java:320)
	at java.base/java.lang.Thread.run(Thread.java:829)
Caused by: java.io.IOException: java.lang.IllegalStateException: Null stream: entry=term: 3
index: 128
stateMachineLogEntry {
  type: DATASTREAM
  clientId: "\231!h\2642\231BI\224\205\212\016:\261tE"
  callId: 439
}

	at org.apache.ratis.util.IOUtils.asIOException(IOUtils.java:56)
	at org.apache.ratis.util.IOUtils.toIOException(IOUtils.java:61)
	at org.apache.ratis.util.IOUtils.getFromFuture(IOUtils.java:85)
	at org.apache.ratis.server.raftlog.segmented.SegmentedRaftLogWorker$StateMachineDataPolicy.getFromFuture(SegmentedRaftLogWorker.java:88)
	at org.apache.ratis.server.raftlog.segmented.SegmentedRaftLogWorker$WriteLog.execute(SegmentedRaftLogWorker.java:540)
	at org.apache.ratis.server.raftlog.segmented.SegmentedRaftLogWorker.run(SegmentedRaftLogWorker.java:308)
	... 1 more
Caused by: java.lang.IllegalStateException: Null stream: entry=term: 3
index: 128
stateMachineLogEntry {
  type: DATASTREAM
  clientId: "\231!h\2642\231BI\224\205\212\016:\261tE"
  callId: 439
}

	at org.apache.ratis.datastream.DataStreamTestUtils$MultiDataStreamStateMachine.link(DataStreamTestUtils.java:159)
	at org.apache.ratis.server.raftlog.segmented.SegmentedRaftLogWorker$WriteLog.<init>(SegmentedRaftLogWorker.java:497)
	at org.apache.ratis.server.raftlog.segmented.SegmentedRaftLogWorker.writeLogEntry(SegmentedRaftLogWorker.java:443)
	at org.apache.ratis.server.raftlog.segmented.SegmentedRaftLog.appendEntryImpl(SegmentedRaftLog.java:409)
	at org.apache.ratis.server.raftlog.RaftLogBase.lambda$appendEntry$10(RaftLogBase.java:330)
	at org.apache.ratis.server.raftlog.RaftLogSequentialOps$Runner.runSequentially(RaftLogSequentialOps.java:78)
	at org.apache.ratis.server.raftlog.RaftLogBase.appendEntry(RaftLogBase.java:330)
	at org.apache.ratis.server.raftlog.RaftLogBase.appendImpl(RaftLogBase.java:187)
	at org.apache.ratis.server.raftlog.RaftLogBase.lambda$append$2(RaftLogBase.java:161)
	at org.apache.ratis.server.raftlog.RaftLogSequentialOps$Runner.runSequentially(RaftLogSequentialOps.java:69)
	at org.apache.ratis.server.raftlog.RaftLogBase.append(RaftLogBase.java:161)
	at org.apache.ratis.server.impl.ServerState.appendLog(ServerState.java:312)
	at org.apache.ratis.server.impl.RaftServerImpl.appendTransaction(RaftServerImpl.java:779)
	at org.apache.ratis.server.impl.RaftServerImpl.submitClientRequestAsync(RaftServerImpl.java:886)
	at org.apache.ratis.server.impl.RaftServerImpl.lambda$executeSubmitClientRequestAsync$12(RaftServerImpl.java:824)
	at org.apache.ratis.util.JavaUtils.callAsUnchecked(JavaUtils.java:117)
	at org.apache.ratis.server.impl.RaftServerImpl.lambda$executeSubmitClientRequestAsync$13(RaftServerImpl.java:824)
	at java.base/java.util.concurrent.CompletableFuture$AsyncSupply.run(CompletableFuture.java:1700)
	at java.base/java.util.concurrent.ThreadPoolExecutor.runWorker(ThreadPoolExecutor.java:1128)
	at java.base/java.util.concurrent.ThreadPoolExecutor$Worker.run(ThreadPoolExecutor.java:628)
	... 1 more
2023-02-21 19:26:38,338 [grpc-default-executor-10] INFO  leader.FollowerInfo (FollowerInfoImpl.java:lambda$new$0(52)) - s1@group-ECF61963C484->s0: nextIndex: updateUnconditionally 162 -> 154
2023-02-21 19:26:38,367 [pool-9-thread-1] INFO  datastream.DataStreamTestUtils (DataStreamTestUtils.java:writeAndCloseAndAssertReplies(320)) - Stream463: bytesWritten=3752427
2023-02-21 19:26:38,369 [s1-client-thread2] INFO  statemachine.StateMachine (DataStreamTestUtils.java:link(157)) - link SingleDataStream: writeRequest=RaftClientRequest:client-6292E99174B0->s0@group-ECF61963C484, cid=463, seq=0, DataStream, Message:<EMPTY>, logEntry=null
2023-02-21 19:26:38,370 [s2-server-thread4] INFO  statemachine.StateMachine (DataStreamTestUtils.java:link(157)) - link SingleDataStream: writeRequest=RaftClientRequest:client-6292E99174B0->s0@group-ECF61963C484, cid=463, seq=0, DataStream, Message:<EMPTY>, logEntry=null
2023-02-21 19:26:38,370 [s0-server-thread2] INFO  statemachine.StateMachine (DataStreamTestUtils.java:link(157)) - link SingleDataStream: writeRequest=RaftClientRequest:client-6292E99174B0->s0@group-ECF61963C484, cid=463, seq=0, DataStream, Message:<EMPTY>, logEntry=null
2023-02-21 19:26:38,370 [s0-server-thread2] WARN  server.GrpcServerProtocolService (LogUtils.java:warn(124)) - s0: Failed APPEND_ENTRIES request s1->s0#2134-t5,previous=(t:5, i:161),leaderCommit=161,initializing? true,entries: size=1, first=(t:5, i:162), STATEMACHINELOGENTRY, 463@client-6292E99174B0
java.util.concurrent.CompletionException: org.apache.ratis.server.raftlog.RaftLogIOException: Log already failed at index 128 for task WriteLog:128: (t:3, i:128), STATEMACHINELOGENTRY, StateMachineLogEntryProto:439@client-8A0E3AB17445
	at java.base/java.util.concurrent.CompletableFuture.encodeThrowable(CompletableFuture.java:331)
	at java.base/java.util.concurrent.CompletableFuture.completeThrowable(CompletableFuture.java:346)
	at java.base/java.util.concurrent.CompletableFuture$BiRelay.tryFire(CompletableFuture.java:1423)
	at java.base/java.util.concurrent.CompletableFuture$CoCompletion.tryFire(CompletableFuture.java:1144)
	at java.base/java.util.concurrent.CompletableFuture.postComplete(CompletableFuture.java:506)
	at java.base/java.util.concurrent.CompletableFuture.completeExceptionally(CompletableFuture.java:2088)
	at org.apache.ratis.server.raftlog.segmented.SegmentedRaftLog$Task.failed(SegmentedRaftLog.java:105)
	at org.apache.ratis.server.raftlog.segmented.SegmentedRaftLogWorker$WriteLog.failed(SegmentedRaftLogWorker.java:519)
	at org.apache.ratis.server.raftlog.segmented.SegmentedRaftLogWorker.run(SegmentedRaftLogWorker.java:317)
	at java.base/java.lang.Thread.run(Thread.java:829)
Caused by: org.apache.ratis.server.raftlog.RaftLogIOException: Log already failed at index 128 for task WriteLog:128: (t:3, i:128), STATEMACHINELOGENTRY, StateMachineLogEntryProto:439@client-8A0E3AB17445
	at org.apache.ratis.server.raftlog.segmented.SegmentedRaftLogWorker.run(SegmentedRaftLogWorker.java:320)
	... 1 more
Caused by: java.io.IOException: java.lang.IllegalStateException: Null stream: entry=term: 3
index: 128
stateMachineLogEntry {
  type: DATASTREAM
  clientId: "\231!h\2642\231BI\224\205\212\016:\261tE"
  callId: 439
}

	at org.apache.ratis.util.IOUtils.asIOException(IOUtils.java:56)
	at org.apache.ratis.util.IOUtils.toIOException(IOUtils.java:61)
	at org.apache.ratis.util.IOUtils.getFromFuture(IOUtils.java:85)
	at org.apache.ratis.server.raftlog.segmented.SegmentedRaftLogWorker$StateMachineDataPolicy.getFromFuture(SegmentedRaftLogWorker.java:88)
	at org.apache.ratis.server.raftlog.segmented.SegmentedRaftLogWorker$WriteLog.execute(SegmentedRaftLogWorker.java:540)
	at org.apache.ratis.server.raftlog.segmented.SegmentedRaftLogWorker.run(SegmentedRaftLogWorker.java:308)
	... 1 more
Caused by: java.lang.IllegalStateException: Null stream: entry=term: 3
index: 128
stateMachineLogEntry {
  type: DATASTREAM
  clientId: "\231!h\2642\231BI\224\205\212\016:\261tE"
  callId: 439
}

	at org.apache.ratis.datastream.DataStreamTestUtils$MultiDataStreamStateMachine.link(DataStreamTestUtils.java:159)
	at org.apache.ratis.server.raftlog.segmented.SegmentedRaftLogWorker$WriteLog.<init>(SegmentedRaftLogWorker.java:497)
	at org.apache.ratis.server.raftlog.segmented.SegmentedRaftLogWorker.writeLogEntry(SegmentedRaftLogWorker.java:443)
	at org.apache.ratis.server.raftlog.segmented.SegmentedRaftLog.appendEntryImpl(SegmentedRaftLog.java:409)
	at org.apache.ratis.server.raftlog.RaftLogBase.lambda$appendEntry$10(RaftLogBase.java:330)
	at org.apache.ratis.server.raftlog.RaftLogSequentialOps$Runner.runSequentially(RaftLogSequentialOps.java:78)
	at org.apache.ratis.server.raftlog.RaftLogBase.appendEntry(RaftLogBase.java:330)
	at org.apache.ratis.server.raftlog.RaftLogBase.appendImpl(RaftLogBase.java:187)
	at org.apache.ratis.server.raftlog.RaftLogBase.lambda$append$2(RaftLogBase.java:161)
	at org.apache.ratis.server.raftlog.RaftLogSequentialOps$Runner.runSequentially(RaftLogSequentialOps.java:69)
	at org.apache.ratis.server.raftlog.RaftLogBase.append(RaftLogBase.java:161)
	at org.apache.ratis.server.impl.ServerState.appendLog(ServerState.java:312)
	at org.apache.ratis.server.impl.RaftServerImpl.appendTransaction(RaftServerImpl.java:779)
	at org.apache.ratis.server.impl.RaftServerImpl.submitClientRequestAsync(RaftServerImpl.java:886)
	at org.apache.ratis.server.impl.RaftServerImpl.lambda$executeSubmitClientRequestAsync$12(RaftServerImpl.java:824)
	at org.apache.ratis.util.JavaUtils.callAsUnchecked(JavaUtils.java:117)
	at org.apache.ratis.server.impl.RaftServerImpl.lambda$executeSubmitClientRequestAsync$13(RaftServerImpl.java:824)
	at java.base/java.util.concurrent.CompletableFuture$AsyncSupply.run(CompletableFuture.java:1700)
	at java.base/java.util.concurrent.ThreadPoolExecutor.runWorker(ThreadPoolExecutor.java:1128)
	at java.base/java.util.concurrent.ThreadPoolExecutor$Worker.run(ThreadPoolExecutor.java:628)
	... 1 more
2023-02-21 19:26:38,379 [grpc-default-executor-6] WARN  server.GrpcLogAppender (LogUtils.java:warn(124)) - s1@group-ECF61963C484->s0-AppendLogResponseHandler: Failed appendEntries
org.apache.ratis.server.raftlog.RaftLogIOException: Log already failed at index 128 for task WriteLog:128: (t:3, i:128), STATEMACHINELOGENTRY, StateMachineLogEntryProto:439@client-8A0E3AB17445
	at org.apache.ratis.server.raftlog.segmented.SegmentedRaftLogWorker.run(SegmentedRaftLogWorker.java:320)
	at java.base/java.lang.Thread.run(Thread.java:829)
Caused by: java.io.IOException: java.lang.IllegalStateException: Null stream: entry=term: 3
index: 128
stateMachineLogEntry {
  type: DATASTREAM
  clientId: "\231!h\2642\231BI\224\205\212\016:\261tE"
  callId: 439
}

	at org.apache.ratis.util.IOUtils.asIOException(IOUtils.java:56)
	at org.apache.ratis.util.IOUtils.toIOException(IOUtils.java:61)
	at org.apache.ratis.util.IOUtils.getFromFuture(IOUtils.java:85)
	at org.apache.ratis.server.raftlog.segmented.SegmentedRaftLogWorker$StateMachineDataPolicy.getFromFuture(SegmentedRaftLogWorker.java:88)
	at org.apache.ratis.server.raftlog.segmented.SegmentedRaftLogWorker$WriteLog.execute(SegmentedRaftLogWorker.java:540)
	at org.apache.ratis.server.raftlog.segmented.SegmentedRaftLogWorker.run(SegmentedRaftLogWorker.java:308)
	... 1 more
Caused by: java.lang.IllegalStateException: Null stream: entry=term: 3
index: 128
stateMachineLogEntry {
  type: DATASTREAM
  clientId: "\231!h\2642\231BI\224\205\212\016:\261tE"
  callId: 439
}

	at org.apache.ratis.datastream.DataStreamTestUtils$MultiDataStreamStateMachine.link(DataStreamTestUtils.java:159)
	at org.apache.ratis.server.raftlog.segmented.SegmentedRaftLogWorker$WriteLog.<init>(SegmentedRaftLogWorker.java:497)
	at org.apache.ratis.server.raftlog.segmented.SegmentedRaftLogWorker.writeLogEntry(SegmentedRaftLogWorker.java:443)
	at org.apache.ratis.server.raftlog.segmented.SegmentedRaftLog.appendEntryImpl(SegmentedRaftLog.java:409)
	at org.apache.ratis.server.raftlog.RaftLogBase.lambda$appendEntry$10(RaftLogBase.java:330)
	at org.apache.ratis.server.raftlog.RaftLogSequentialOps$Runner.runSequentially(RaftLogSequentialOps.java:78)
	at org.apache.ratis.server.raftlog.RaftLogBase.appendEntry(RaftLogBase.java:330)
	at org.apache.ratis.server.raftlog.RaftLogBase.appendImpl(RaftLogBase.java:187)
	at org.apache.ratis.server.raftlog.RaftLogBase.lambda$append$2(RaftLogBase.java:161)
	at org.apache.ratis.server.raftlog.RaftLogSequentialOps$Runner.runSequentially(RaftLogSequentialOps.java:69)
	at org.apache.ratis.server.raftlog.RaftLogBase.append(RaftLogBase.java:161)
	at org.apache.ratis.server.impl.ServerState.appendLog(ServerState.java:312)
	at org.apache.ratis.server.impl.RaftServerImpl.appendTransaction(RaftServerImpl.java:779)
	at org.apache.ratis.server.impl.RaftServerImpl.submitClientRequestAsync(RaftServerImpl.java:886)
	at org.apache.ratis.server.impl.RaftServerImpl.lambda$executeSubmitClientRequestAsync$12(RaftServerImpl.java:824)
	at org.apache.ratis.util.JavaUtils.callAsUnchecked(JavaUtils.java:117)
	at org.apache.ratis.server.impl.RaftServerImpl.lambda$executeSubmitClientRequestAsync$13(RaftServerImpl.java:824)
	at java.base/java.util.concurrent.CompletableFuture$AsyncSupply.run(CompletableFuture.java:1700)
	at java.base/java.util.concurrent.ThreadPoolExecutor.runWorker(ThreadPoolExecutor.java:1128)
	at java.base/java.util.concurrent.ThreadPoolExecutor$Worker.run(ThreadPoolExecutor.java:628)
	... 1 more
2023-02-21 19:26:38,379 [grpc-default-executor-6] INFO  leader.FollowerInfo (FollowerInfoImpl.java:lambda$new$0(52)) - s1@group-ECF61963C484->s0: nextIndex: updateUnconditionally 164 -> 162
2023-02-21 19:26:38,384 [grpc-default-executor-6] WARN  server.GrpcServerProtocolService (LogUtils.java:warn(124)) - s0: Failed APPEND_ENTRIES request s1->s0#2137-t5,previous=(t:5, i:161),leaderCommit=163,initializing? true,entries: size=2, first=(t:5, i:162), STATEMACHINELOGENTRY, 463@client-6292E99174B0
java.util.concurrent.CompletionException: org.apache.ratis.server.raftlog.RaftLogIOException: Log already failed at index 128 for task WriteLog:128: (t:3, i:128), STATEMACHINELOGENTRY, StateMachineLogEntryProto:439@client-8A0E3AB17445
	at java.base/java.util.concurrent.CompletableFuture.encodeThrowable(CompletableFuture.java:331)
	at java.base/java.util.concurrent.CompletableFuture.completeThrowable(CompletableFuture.java:346)
	at java.base/java.util.concurrent.CompletableFuture$BiRelay.tryFire(CompletableFuture.java:1423)
	at java.base/java.util.concurrent.CompletableFuture$CoCompletion.tryFire(CompletableFuture.java:1144)
	at java.base/java.util.concurrent.CompletableFuture.postComplete(CompletableFuture.java:506)
	at java.base/java.util.concurrent.CompletableFuture.completeExceptionally(CompletableFuture.java:2088)
	at org.apache.ratis.server.raftlog.segmented.SegmentedRaftLog$Task.failed(SegmentedRaftLog.java:105)
	at org.apache.ratis.server.raftlog.segmented.SegmentedRaftLogWorker$WriteLog.failed(SegmentedRaftLogWorker.java:519)
	at org.apache.ratis.server.raftlog.segmented.SegmentedRaftLogWorker.run(SegmentedRaftLogWorker.java:317)
	at java.base/java.lang.Thread.run(Thread.java:829)
Caused by: org.apache.ratis.server.raftlog.RaftLogIOException: Log already failed at index 128 for task WriteLog:128: (t:3, i:128), STATEMACHINELOGENTRY, StateMachineLogEntryProto:439@client-8A0E3AB17445
	at org.apache.ratis.server.raftlog.segmented.SegmentedRaftLogWorker.run(SegmentedRaftLogWorker.java:320)
	... 1 more
Caused by: java.io.IOException: java.lang.IllegalStateException: Null stream: entry=term: 3
index: 128
stateMachineLogEntry {
  type: DATASTREAM
  clientId: "\231!h\2642\231BI\224\205\212\016:\261tE"
  callId: 439
}

	at org.apache.ratis.util.IOUtils.asIOException(IOUtils.java:56)
	at org.apache.ratis.util.IOUtils.toIOException(IOUtils.java:61)
	at org.apache.ratis.util.IOUtils.getFromFuture(IOUtils.java:85)
	at org.apache.ratis.server.raftlog.segmented.SegmentedRaftLogWorker$StateMachineDataPolicy.getFromFuture(SegmentedRaftLogWorker.java:88)
	at org.apache.ratis.server.raftlog.segmented.SegmentedRaftLogWorker$WriteLog.execute(SegmentedRaftLogWorker.java:540)
	at org.apache.ratis.server.raftlog.segmented.SegmentedRaftLogWorker.run(SegmentedRaftLogWorker.java:308)
	... 1 more
Caused by: java.lang.IllegalStateException: Null stream: entry=term: 3
index: 128
stateMachineLogEntry {
  type: DATASTREAM
  clientId: "\231!h\2642\231BI\224\205\212\016:\261tE"
  callId: 439
}

	at org.apache.ratis.datastream.DataStreamTestUtils$MultiDataStreamStateMachine.link(DataStreamTestUtils.java:159)
	at org.apache.ratis.server.raftlog.segmented.SegmentedRaftLogWorker$WriteLog.<init>(SegmentedRaftLogWorker.java:497)
	at org.apache.ratis.server.raftlog.segmented.SegmentedRaftLogWorker.writeLogEntry(SegmentedRaftLogWorker.java:443)
	at org.apache.ratis.server.raftlog.segmented.SegmentedRaftLog.appendEntryImpl(SegmentedRaftLog.java:409)
	at org.apache.ratis.server.raftlog.RaftLogBase.lambda$appendEntry$10(RaftLogBase.java:330)
	at org.apache.ratis.server.raftlog.RaftLogSequentialOps$Runner.runSequentially(RaftLogSequentialOps.java:78)
	at org.apache.ratis.server.raftlog.RaftLogBase.appendEntry(RaftLogBase.java:330)
	at org.apache.ratis.server.raftlog.RaftLogBase.appendImpl(RaftLogBase.java:187)
	at org.apache.ratis.server.raftlog.RaftLogBase.lambda$append$2(RaftLogBase.java:161)
	at org.apache.ratis.server.raftlog.RaftLogSequentialOps$Runner.runSequentially(RaftLogSequentialOps.java:69)
	at org.apache.ratis.server.raftlog.RaftLogBase.append(RaftLogBase.java:161)
	at org.apache.ratis.server.impl.ServerState.appendLog(ServerState.java:312)
	at org.apache.ratis.server.impl.RaftServerImpl.appendTransaction(RaftServerImpl.java:779)
	at org.apache.ratis.server.impl.RaftServerImpl.submitClientRequestAsync(RaftServerImpl.java:886)
	at org.apache.ratis.server.impl.RaftServerImpl.lambda$executeSubmitClientRequestAsync$12(RaftServerImpl.java:824)
	at org.apache.ratis.util.JavaUtils.callAsUnchecked(JavaUtils.java:117)
	at org.apache.ratis.server.impl.RaftServerImpl.lambda$executeSubmitClientRequestAsync$13(RaftServerImpl.java:824)
	at java.base/java.util.concurrent.CompletableFuture$AsyncSupply.run(CompletableFuture.java:1700)
	at java.base/java.util.concurrent.ThreadPoolExecutor.runWorker(ThreadPoolExecutor.java:1128)
	at java.base/java.util.concurrent.ThreadPoolExecutor$Worker.run(ThreadPoolExecutor.java:628)
	... 1 more
2023-02-21 19:26:38,391 [grpc-default-executor-6] WARN  server.GrpcLogAppender (LogUtils.java:warn(124)) - s1@group-ECF61963C484->s0-AppendLogResponseHandler: Failed appendEntries
org.apache.ratis.server.raftlog.RaftLogIOException: Log already failed at index 128 for task WriteLog:128: (t:3, i:128), STATEMACHINELOGENTRY, StateMachineLogEntryProto:439@client-8A0E3AB17445
	at org.apache.ratis.server.raftlog.segmented.SegmentedRaftLogWorker.run(SegmentedRaftLogWorker.java:320)
	at java.base/java.lang.Thread.run(Thread.java:829)
Caused by: java.io.IOException: java.lang.IllegalStateException: Null stream: entry=term: 3
index: 128
stateMachineLogEntry {
  type: DATASTREAM
  clientId: "\231!h\2642\231BI\224\205\212\016:\261tE"
  callId: 439
}

	at org.apache.ratis.util.IOUtils.asIOException(IOUtils.java:56)
	at org.apache.ratis.util.IOUtils.toIOException(IOUtils.java:61)
	at org.apache.ratis.util.IOUtils.getFromFuture(IOUtils.java:85)
	at org.apache.ratis.server.raftlog.segmented.SegmentedRaftLogWorker$StateMachineDataPolicy.getFromFuture(SegmentedRaftLogWorker.java:88)
	at org.apache.ratis.server.raftlog.segmented.SegmentedRaftLogWorker$WriteLog.execute(SegmentedRaftLogWorker.java:540)
	at org.apache.ratis.server.raftlog.segmented.SegmentedRaftLogWorker.run(SegmentedRaftLogWorker.java:308)
	... 1 more
Caused by: java.lang.IllegalStateException: Null stream: entry=term: 3
index: 128
stateMachineLogEntry {
  type: DATASTREAM
  clientId: "\231!h\2642\231BI\224\205\212\016:\261tE"
  callId: 439
}

	at org.apache.ratis.datastream.DataStreamTestUtils$MultiDataStreamStateMachine.link(DataStreamTestUtils.java:159)
	at org.apache.ratis.server.raftlog.segmented.SegmentedRaftLogWorker$WriteLog.<init>(SegmentedRaftLogWorker.java:497)
	at org.apache.ratis.server.raftlog.segmented.SegmentedRaftLogWorker.writeLogEntry(SegmentedRaftLogWorker.java:443)
	at org.apache.ratis.server.raftlog.segmented.SegmentedRaftLog.appendEntryImpl(SegmentedRaftLog.java:409)
	at org.apache.ratis.server.raftlog.RaftLogBase.lambda$appendEntry$10(RaftLogBase.java:330)
	at org.apache.ratis.server.raftlog.RaftLogSequentialOps$Runner.runSequentially(RaftLogSequentialOps.java:78)
	at org.apache.ratis.server.raftlog.RaftLogBase.appendEntry(RaftLogBase.java:330)
	at org.apache.ratis.server.raftlog.RaftLogBase.appendImpl(RaftLogBase.java:187)
	at org.apache.ratis.server.raftlog.RaftLogBase.lambda$append$2(RaftLogBase.java:161)
	at org.apache.ratis.server.raftlog.RaftLogSequentialOps$Runner.runSequentially(RaftLogSequentialOps.java:69)
	at org.apache.ratis.server.raftlog.RaftLogBase.append(RaftLogBase.java:161)
	at org.apache.ratis.server.impl.ServerState.appendLog(ServerState.java:312)
	at org.apache.ratis.server.impl.RaftServerImpl.appendTransaction(RaftServerImpl.java:779)
	at org.apache.ratis.server.impl.RaftServerImpl.submitClientRequestAsync(RaftServerImpl.java:886)
	at org.apache.ratis.server.impl.RaftServerImpl.lambda$executeSubmitClientRequestAsync$12(RaftServerImpl.java:824)
	at org.apache.ratis.util.JavaUtils.callAsUnchecked(JavaUtils.java:117)
	at org.apache.ratis.server.impl.RaftServerImpl.lambda$executeSubmitClientRequestAsync$13(RaftServerImpl.java:824)
	at java.base/java.util.concurrent.CompletableFuture$AsyncSupply.run(CompletableFuture.java:1700)
	at java.base/java.util.concurrent.ThreadPoolExecutor.runWorker(ThreadPoolExecutor.java:1128)
	at java.base/java.util.concurrent.ThreadPoolExecutor$Worker.run(ThreadPoolExecutor.java:628)
	... 1 more
2023-02-21 19:26:38,391 [grpc-default-executor-6] INFO  leader.FollowerInfo (FollowerInfoImpl.java:lambda$new$0(52)) - s1@group-ECF61963C484->s0: nextIndex: updateUnconditionally 164 -> 162
2023-02-21 19:26:38,667 [pool-9-thread-10] INFO  datastream.DataStreamTestUtils (DataStreamTestUtils.java:writeAndCloseAndAssertReplies(320)) - Stream462: bytesWritten=3740646
2023-02-21 19:26:38,670 [s1-client-thread2] INFO  statemachine.StateMachine (DataStreamTestUtils.java:link(157)) - link SingleDataStream: writeRequest=RaftClientRequest:client-6292E99174B0->s0@group-ECF61963C484, cid=462, seq=0, DataStream, Message:<EMPTY>, logEntry=null
2023-02-21 19:26:38,670 [s2-server-thread3] INFO  statemachine.StateMachine (DataStreamTestUtils.java:link(157)) - link SingleDataStream: writeRequest=RaftClientRequest:client-6292E99174B0->s0@group-ECF61963C484, cid=462, seq=0, DataStream, Message:<EMPTY>, logEntry=null
2023-02-21 19:26:38,671 [s0-server-thread3] INFO  statemachine.StateMachine (DataStreamTestUtils.java:link(157)) - link SingleDataStream: writeRequest=RaftClientRequest:client-6292E99174B0->s0@group-ECF61963C484, cid=462, seq=0, DataStream, Message:<EMPTY>, logEntry=null
2023-02-21 19:26:38,671 [s0-server-thread3] WARN  server.GrpcServerProtocolService (LogUtils.java:warn(124)) - s0: Failed APPEND_ENTRIES request s1->s0#2169-t5,previous=(t:5, i:163),leaderCommit=163,initializing? true,entries: size=1, first=(t:5, i:164), STATEMACHINELOGENTRY, 462@client-6292E99174B0
java.util.concurrent.CompletionException: org.apache.ratis.server.raftlog.RaftLogIOException: Log already failed at index 128 for task WriteLog:128: (t:3, i:128), STATEMACHINELOGENTRY, StateMachineLogEntryProto:439@client-8A0E3AB17445
	at java.base/java.util.concurrent.CompletableFuture.encodeThrowable(CompletableFuture.java:331)
	at java.base/java.util.concurrent.CompletableFuture.completeThrowable(CompletableFuture.java:346)
	at java.base/java.util.concurrent.CompletableFuture$BiRelay.tryFire(CompletableFuture.java:1423)
	at java.base/java.util.concurrent.CompletableFuture$CoCompletion.tryFire(CompletableFuture.java:1144)
	at java.base/java.util.concurrent.CompletableFuture.postComplete(CompletableFuture.java:506)
	at java.base/java.util.concurrent.CompletableFuture.completeExceptionally(CompletableFuture.java:2088)
	at org.apache.ratis.server.raftlog.segmented.SegmentedRaftLog$Task.failed(SegmentedRaftLog.java:105)
	at org.apache.ratis.server.raftlog.segmented.SegmentedRaftLogWorker$WriteLog.failed(SegmentedRaftLogWorker.java:519)
	at org.apache.ratis.server.raftlog.segmented.SegmentedRaftLogWorker.run(SegmentedRaftLogWorker.java:317)
	at java.base/java.lang.Thread.run(Thread.java:829)
Caused by: org.apache.ratis.server.raftlog.RaftLogIOException: Log already failed at index 128 for task WriteLog:128: (t:3, i:128), STATEMACHINELOGENTRY, StateMachineLogEntryProto:439@client-8A0E3AB17445
	at org.apache.ratis.server.raftlog.segmented.SegmentedRaftLogWorker.run(SegmentedRaftLogWorker.java:320)
	... 1 more
Caused by: java.io.IOException: java.lang.IllegalStateException: Null stream: entry=term: 3
index: 128
stateMachineLogEntry {
  type: DATASTREAM
  clientId: "\231!h\2642\231BI\224\205\212\016:\261tE"
  callId: 439
}

	at org.apache.ratis.util.IOUtils.asIOException(IOUtils.java:56)
	at org.apache.ratis.util.IOUtils.toIOException(IOUtils.java:61)
	at org.apache.ratis.util.IOUtils.getFromFuture(IOUtils.java:85)
	at org.apache.ratis.server.raftlog.segmented.SegmentedRaftLogWorker$StateMachineDataPolicy.getFromFuture(SegmentedRaftLogWorker.java:88)
	at org.apache.ratis.server.raftlog.segmented.SegmentedRaftLogWorker$WriteLog.execute(SegmentedRaftLogWorker.java:540)
	at org.apache.ratis.server.raftlog.segmented.SegmentedRaftLogWorker.run(SegmentedRaftLogWorker.java:308)
	... 1 more
Caused by: java.lang.IllegalStateException: Null stream: entry=term: 3
index: 128
stateMachineLogEntry {
  type: DATASTREAM
  clientId: "\231!h\2642\231BI\224\205\212\016:\261tE"
  callId: 439
}

	at org.apache.ratis.datastream.DataStreamTestUtils$MultiDataStreamStateMachine.link(DataStreamTestUtils.java:159)
	at org.apache.ratis.server.raftlog.segmented.SegmentedRaftLogWorker$WriteLog.<init>(SegmentedRaftLogWorker.java:497)
	at org.apache.ratis.server.raftlog.segmented.SegmentedRaftLogWorker.writeLogEntry(SegmentedRaftLogWorker.java:443)
	at org.apache.ratis.server.raftlog.segmented.SegmentedRaftLog.appendEntryImpl(SegmentedRaftLog.java:409)
	at org.apache.ratis.server.raftlog.RaftLogBase.lambda$appendEntry$10(RaftLogBase.java:330)
	at org.apache.ratis.server.raftlog.RaftLogSequentialOps$Runner.runSequentially(RaftLogSequentialOps.java:78)
	at org.apache.ratis.server.raftlog.RaftLogBase.appendEntry(RaftLogBase.java:330)
	at org.apache.ratis.server.raftlog.RaftLogBase.appendImpl(RaftLogBase.java:187)
	at org.apache.ratis.server.raftlog.RaftLogBase.lambda$append$2(RaftLogBase.java:161)
	at org.apache.ratis.server.raftlog.RaftLogSequentialOps$Runner.runSequentially(RaftLogSequentialOps.java:69)
	at org.apache.ratis.server.raftlog.RaftLogBase.append(RaftLogBase.java:161)
	at org.apache.ratis.server.impl.ServerState.appendLog(ServerState.java:312)
	at org.apache.ratis.server.impl.RaftServerImpl.appendTransaction(RaftServerImpl.java:779)
	at org.apache.ratis.server.impl.RaftServerImpl.submitClientRequestAsync(RaftServerImpl.java:886)
	at org.apache.ratis.server.impl.RaftServerImpl.lambda$executeSubmitClientRequestAsync$12(RaftServerImpl.java:824)
	at org.apache.ratis.util.JavaUtils.callAsUnchecked(JavaUtils.java:117)
	at org.apache.ratis.server.impl.RaftServerImpl.lambda$executeSubmitClientRequestAsync$13(RaftServerImpl.java:824)
	at java.base/java.util.concurrent.CompletableFuture$AsyncSupply.run(CompletableFuture.java:1700)
	at java.base/java.util.concurrent.ThreadPoolExecutor.runWorker(ThreadPoolExecutor.java:1128)
	at java.base/java.util.concurrent.ThreadPoolExecutor$Worker.run(ThreadPoolExecutor.java:628)
	... 1 more
2023-02-21 19:26:38,683 [grpc-default-executor-10] WARN  server.GrpcLogAppender (LogUtils.java:warn(124)) - s1@group-ECF61963C484->s0-AppendLogResponseHandler: Failed appendEntries
org.apache.ratis.server.raftlog.RaftLogIOException: Log already failed at index 128 for task WriteLog:128: (t:3, i:128), STATEMACHINELOGENTRY, StateMachineLogEntryProto:439@client-8A0E3AB17445
	at org.apache.ratis.server.raftlog.segmented.SegmentedRaftLogWorker.run(SegmentedRaftLogWorker.java:320)
	at java.base/java.lang.Thread.run(Thread.java:829)
Caused by: java.io.IOException: java.lang.IllegalStateException: Null stream: entry=term: 3
index: 128
stateMachineLogEntry {
  type: DATASTREAM
  clientId: "\231!h\2642\231BI\224\205\212\016:\261tE"
  callId: 439
}

	at org.apache.ratis.util.IOUtils.asIOException(IOUtils.java:56)
	at org.apache.ratis.util.IOUtils.toIOException(IOUtils.java:61)
	at org.apache.ratis.util.IOUtils.getFromFuture(IOUtils.java:85)
	at org.apache.ratis.server.raftlog.segmented.SegmentedRaftLogWorker$StateMachineDataPolicy.getFromFuture(SegmentedRaftLogWorker.java:88)
	at org.apache.ratis.server.raftlog.segmented.SegmentedRaftLogWorker$WriteLog.execute(SegmentedRaftLogWorker.java:540)
	at org.apache.ratis.server.raftlog.segmented.SegmentedRaftLogWorker.run(SegmentedRaftLogWorker.java:308)
	... 1 more
Caused by: java.lang.IllegalStateException: Null stream: entry=term: 3
index: 128
stateMachineLogEntry {
  type: DATASTREAM
  clientId: "\231!h\2642\231BI\224\205\212\016:\261tE"
  callId: 439
}

	at org.apache.ratis.datastream.DataStreamTestUtils$MultiDataStreamStateMachine.link(DataStreamTestUtils.java:159)
	at org.apache.ratis.server.raftlog.segmented.SegmentedRaftLogWorker$WriteLog.<init>(SegmentedRaftLogWorker.java:497)
	at org.apache.ratis.server.raftlog.segmented.SegmentedRaftLogWorker.writeLogEntry(SegmentedRaftLogWorker.java:443)
	at org.apache.ratis.server.raftlog.segmented.SegmentedRaftLog.appendEntryImpl(SegmentedRaftLog.java:409)
	at org.apache.ratis.server.raftlog.RaftLogBase.lambda$appendEntry$10(RaftLogBase.java:330)
	at org.apache.ratis.server.raftlog.RaftLogSequentialOps$Runner.runSequentially(RaftLogSequentialOps.java:78)
	at org.apache.ratis.server.raftlog.RaftLogBase.appendEntry(RaftLogBase.java:330)
	at org.apache.ratis.server.raftlog.RaftLogBase.appendImpl(RaftLogBase.java:187)
	at org.apache.ratis.server.raftlog.RaftLogBase.lambda$append$2(RaftLogBase.java:161)
	at org.apache.ratis.server.raftlog.RaftLogSequentialOps$Runner.runSequentially(RaftLogSequentialOps.java:69)
	at org.apache.ratis.server.raftlog.RaftLogBase.append(RaftLogBase.java:161)
	at org.apache.ratis.server.impl.ServerState.appendLog(ServerState.java:312)
	at org.apache.ratis.server.impl.RaftServerImpl.appendTransaction(RaftServerImpl.java:779)
	at org.apache.ratis.server.impl.RaftServerImpl.submitClientRequestAsync(RaftServerImpl.java:886)
	at org.apache.ratis.server.impl.RaftServerImpl.lambda$executeSubmitClientRequestAsync$12(RaftServerImpl.java:824)
	at org.apache.ratis.util.JavaUtils.callAsUnchecked(JavaUtils.java:117)
	at org.apache.ratis.server.impl.RaftServerImpl.lambda$executeSubmitClientRequestAsync$13(RaftServerImpl.java:824)
	at java.base/java.util.concurrent.CompletableFuture$AsyncSupply.run(CompletableFuture.java:1700)
	at java.base/java.util.concurrent.ThreadPoolExecutor.runWorker(ThreadPoolExecutor.java:1128)
	at java.base/java.util.concurrent.ThreadPoolExecutor$Worker.run(ThreadPoolExecutor.java:628)
	... 1 more
2023-02-21 19:26:38,684 [grpc-default-executor-10] INFO  leader.FollowerInfo (FollowerInfoImpl.java:lambda$new$0(52)) - s1@group-ECF61963C484->s0: nextIndex: updateUnconditionally 166 -> 164
2023-02-21 19:26:38,688 [s0-server-thread3] WARN  server.GrpcServerProtocolService (LogUtils.java:warn(124)) - s0: Failed APPEND_ENTRIES request s1->s0#2171-t5,previous=(t:5, i:163),leaderCommit=164,initializing? true,entries: size=2, first=(t:5, i:164), STATEMACHINELOGENTRY, 462@client-6292E99174B0
java.util.concurrent.CompletionException: org.apache.ratis.server.raftlog.RaftLogIOException: Log already failed at index 128 for task WriteLog:128: (t:3, i:128), STATEMACHINELOGENTRY, StateMachineLogEntryProto:439@client-8A0E3AB17445
	at java.base/java.util.concurrent.CompletableFuture.encodeThrowable(CompletableFuture.java:331)
	at java.base/java.util.concurrent.CompletableFuture.completeThrowable(CompletableFuture.java:346)
	at java.base/java.util.concurrent.CompletableFuture$BiRelay.tryFire(CompletableFuture.java:1423)
	at java.base/java.util.concurrent.CompletableFuture$CoCompletion.tryFire(CompletableFuture.java:1144)
	at java.base/java.util.concurrent.CompletableFuture.postComplete(CompletableFuture.java:506)
	at java.base/java.util.concurrent.CompletableFuture.completeExceptionally(CompletableFuture.java:2088)
	at org.apache.ratis.server.raftlog.segmented.SegmentedRaftLog$Task.failed(SegmentedRaftLog.java:105)
	at org.apache.ratis.server.raftlog.segmented.SegmentedRaftLogWorker$WriteLog.failed(SegmentedRaftLogWorker.java:519)
	at org.apache.ratis.server.raftlog.segmented.SegmentedRaftLogWorker.run(SegmentedRaftLogWorker.java:317)
	at java.base/java.lang.Thread.run(Thread.java:829)
Caused by: org.apache.ratis.server.raftlog.RaftLogIOException: Log already failed at index 128 for task WriteLog:128: (t:3, i:128), STATEMACHINELOGENTRY, StateMachineLogEntryProto:439@client-8A0E3AB17445
	at org.apache.ratis.server.raftlog.segmented.SegmentedRaftLogWorker.run(SegmentedRaftLogWorker.java:320)
	... 1 more
Caused by: java.io.IOException: java.lang.IllegalStateException: Null stream: entry=term: 3
index: 128
stateMachineLogEntry {
  type: DATASTREAM
  clientId: "\231!h\2642\231BI\224\205\212\016:\261tE"
  callId: 439
}

	at org.apache.ratis.util.IOUtils.asIOException(IOUtils.java:56)
	at org.apache.ratis.util.IOUtils.toIOException(IOUtils.java:61)
	at org.apache.ratis.util.IOUtils.getFromFuture(IOUtils.java:85)
	at org.apache.ratis.server.raftlog.segmented.SegmentedRaftLogWorker$StateMachineDataPolicy.getFromFuture(SegmentedRaftLogWorker.java:88)
	at org.apache.ratis.server.raftlog.segmented.SegmentedRaftLogWorker$WriteLog.execute(SegmentedRaftLogWorker.java:540)
	at org.apache.ratis.server.raftlog.segmented.SegmentedRaftLogWorker.run(SegmentedRaftLogWorker.java:308)
	... 1 more
Caused by: java.lang.IllegalStateException: Null stream: entry=term: 3
index: 128
stateMachineLogEntry {
  type: DATASTREAM
  clientId: "\231!h\2642\231BI\224\205\212\016:\261tE"
  callId: 439
}

	at org.apache.ratis.datastream.DataStreamTestUtils$MultiDataStreamStateMachine.link(DataStreamTestUtils.java:159)
	at org.apache.ratis.server.raftlog.segmented.SegmentedRaftLogWorker$WriteLog.<init>(SegmentedRaftLogWorker.java:497)
	at org.apache.ratis.server.raftlog.segmented.SegmentedRaftLogWorker.writeLogEntry(SegmentedRaftLogWorker.java:443)
	at org.apache.ratis.server.raftlog.segmented.SegmentedRaftLog.appendEntryImpl(SegmentedRaftLog.java:409)
	at org.apache.ratis.server.raftlog.RaftLogBase.lambda$appendEntry$10(RaftLogBase.java:330)
	at org.apache.ratis.server.raftlog.RaftLogSequentialOps$Runner.runSequentially(RaftLogSequentialOps.java:78)
	at org.apache.ratis.server.raftlog.RaftLogBase.appendEntry(RaftLogBase.java:330)
	at org.apache.ratis.server.raftlog.RaftLogBase.appendImpl(RaftLogBase.java:187)
	at org.apache.ratis.server.raftlog.RaftLogBase.lambda$append$2(RaftLogBase.java:161)
	at org.apache.ratis.server.raftlog.RaftLogSequentialOps$Runner.runSequentially(RaftLogSequentialOps.java:69)
	at org.apache.ratis.server.raftlog.RaftLogBase.append(RaftLogBase.java:161)
	at org.apache.ratis.server.impl.ServerState.appendLog(ServerState.java:312)
	at org.apache.ratis.server.impl.RaftServerImpl.appendTransaction(RaftServerImpl.java:779)
	at org.apache.ratis.server.impl.RaftServerImpl.submitClientRequestAsync(RaftServerImpl.java:886)
	at org.apache.ratis.server.impl.RaftServerImpl.lambda$executeSubmitClientRequestAsync$12(RaftServerImpl.java:824)
	at org.apache.ratis.util.JavaUtils.callAsUnchecked(JavaUtils.java:117)
	at org.apache.ratis.server.impl.RaftServerImpl.lambda$executeSubmitClientRequestAsync$13(RaftServerImpl.java:824)
	at java.base/java.util.concurrent.CompletableFuture$AsyncSupply.run(CompletableFuture.java:1700)
	at java.base/java.util.concurrent.ThreadPoolExecutor.runWorker(ThreadPoolExecutor.java:1128)
	at java.base/java.util.concurrent.ThreadPoolExecutor$Worker.run(ThreadPoolExecutor.java:628)
	... 1 more
2023-02-21 19:26:38,708 [grpc-default-executor-10] WARN  server.GrpcLogAppender (LogUtils.java:warn(124)) - s1@group-ECF61963C484->s0-AppendLogResponseHandler: Failed appendEntries
org.apache.ratis.server.raftlog.RaftLogIOException: Log already failed at index 128 for task WriteLog:128: (t:3, i:128), STATEMACHINELOGENTRY, StateMachineLogEntryProto:439@client-8A0E3AB17445
	at org.apache.ratis.server.raftlog.segmented.SegmentedRaftLogWorker.run(SegmentedRaftLogWorker.java:320)
	at java.base/java.lang.Thread.run(Thread.java:829)
Caused by: java.io.IOException: java.lang.IllegalStateException: Null stream: entry=term: 3
index: 128
stateMachineLogEntry {
  type: DATASTREAM
  clientId: "\231!h\2642\231BI\224\205\212\016:\261tE"
  callId: 439
}

	at org.apache.ratis.util.IOUtils.asIOException(IOUtils.java:56)
	at org.apache.ratis.util.IOUtils.toIOException(IOUtils.java:61)
	at org.apache.ratis.util.IOUtils.getFromFuture(IOUtils.java:85)
	at org.apache.ratis.server.raftlog.segmented.SegmentedRaftLogWorker$StateMachineDataPolicy.getFromFuture(SegmentedRaftLogWorker.java:88)
	at org.apache.ratis.server.raftlog.segmented.SegmentedRaftLogWorker$WriteLog.execute(SegmentedRaftLogWorker.java:540)
	at org.apache.ratis.server.raftlog.segmented.SegmentedRaftLogWorker.run(SegmentedRaftLogWorker.java:308)
	... 1 more
Caused by: java.lang.IllegalStateException: Null stream: entry=term: 3
index: 128
stateMachineLogEntry {
  type: DATASTREAM
  clientId: "\231!h\2642\231BI\224\205\212\016:\261tE"
  callId: 439
}

	at org.apache.ratis.datastream.DataStreamTestUtils$MultiDataStreamStateMachine.link(DataStreamTestUtils.java:159)
	at org.apache.ratis.server.raftlog.segmented.SegmentedRaftLogWorker$WriteLog.<init>(SegmentedRaftLogWorker.java:497)
	at org.apache.ratis.server.raftlog.segmented.SegmentedRaftLogWorker.writeLogEntry(SegmentedRaftLogWorker.java:443)
	at org.apache.ratis.server.raftlog.segmented.SegmentedRaftLog.appendEntryImpl(SegmentedRaftLog.java:409)
	at org.apache.ratis.server.raftlog.RaftLogBase.lambda$appendEntry$10(RaftLogBase.java:330)
	at org.apache.ratis.server.raftlog.RaftLogSequentialOps$Runner.runSequentially(RaftLogSequentialOps.java:78)
	at org.apache.ratis.server.raftlog.RaftLogBase.appendEntry(RaftLogBase.java:330)
	at org.apache.ratis.server.raftlog.RaftLogBase.appendImpl(RaftLogBase.java:187)
	at org.apache.ratis.server.raftlog.RaftLogBase.lambda$append$2(RaftLogBase.java:161)
	at org.apache.ratis.server.raftlog.RaftLogSequentialOps$Runner.runSequentially(RaftLogSequentialOps.java:69)
	at org.apache.ratis.server.raftlog.RaftLogBase.append(RaftLogBase.java:161)
	at org.apache.ratis.server.impl.ServerState.appendLog(ServerState.java:312)
	at org.apache.ratis.server.impl.RaftServerImpl.appendTransaction(RaftServerImpl.java:779)
	at org.apache.ratis.server.impl.RaftServerImpl.submitClientRequestAsync(RaftServerImpl.java:886)
	at org.apache.ratis.server.impl.RaftServerImpl.lambda$executeSubmitClientRequestAsync$12(RaftServerImpl.java:824)
	at org.apache.ratis.util.JavaUtils.callAsUnchecked(JavaUtils.java:117)
	at org.apache.ratis.server.impl.RaftServerImpl.lambda$executeSubmitClientRequestAsync$13(RaftServerImpl.java:824)
	at java.base/java.util.concurrent.CompletableFuture$AsyncSupply.run(CompletableFuture.java:1700)
	at java.base/java.util.concurrent.ThreadPoolExecutor.runWorker(ThreadPoolExecutor.java:1128)
	at java.base/java.util.concurrent.ThreadPoolExecutor$Worker.run(ThreadPoolExecutor.java:628)
	... 1 more
2023-02-21 19:26:38,709 [grpc-default-executor-10] INFO  leader.FollowerInfo (FollowerInfoImpl.java:lambda$new$0(52)) - s1@group-ECF61963C484->s0: nextIndex: updateUnconditionally 166 -> 164
2023-02-21 19:26:39,105 [Timer-2] INFO  impl.MiniRaftCluster (MiniRaftCluster.java:lambda$start$6(349)) - TIMED-PRINT: printing ALL groups
  s0:  RUNNING  FOLLOWER s0@group-ECF61963C484:t5, leader=s1, voted=null, raftlog=Memoized:s0@group-ECF61963C484-SegmentedRaftLog:OPENED:c127, conf=128: peers:[s0|rpc:localhost:36399|admin:localhost:45573|client:localhost:36971|dataStream:localhost:43269|priority:0|startupRole:FOLLOWER, s1|rpc:localhost:45309|admin:localhost:41751|client:localhost:45149|dataStream:localhost:41895|priority:0|startupRole:FOLLOWER, s2|rpc:localhost:36685|admin:localhost:46439|client:localhost:40511|dataStream:localhost:44375|priority:0|startupRole:FOLLOWER]|listeners:[], old=null RUNNING
  s1:  RUNNING    LEADER s1@group-ECF61963C484:t5, leader=s1, voted=s1, raftlog=Memoized:s1@group-ECF61963C484-SegmentedRaftLog:OPENED:c165, conf=128: peers:[s0|rpc:localhost:36399|admin:localhost:45573|client:localhost:36971|dataStream:localhost:43269|priority:0|startupRole:FOLLOWER, s1|rpc:localhost:45309|admin:localhost:41751|client:localhost:45149|dataStream:localhost:41895|priority:0|startupRole:FOLLOWER, s2|rpc:localhost:36685|admin:localhost:46439|client:localhost:40511|dataStream:localhost:44375|priority:0|startupRole:FOLLOWER]|listeners:[], old=null RUNNING
  s2:  RUNNING  FOLLOWER s2@group-ECF61963C484:t5, leader=s1, voted=s1, raftlog=Memoized:s2@group-ECF61963C484-SegmentedRaftLog:OPENED:c165, conf=128: peers:[s0|rpc:localhost:36399|admin:localhost:45573|client:localhost:36971|dataStream:localhost:43269|priority:0|startupRole:FOLLOWER, s1|rpc:localhost:45309|admin:localhost:41751|client:localhost:45149|dataStream:localhost:41895|priority:0|startupRole:FOLLOWER, s2|rpc:localhost:36685|admin:localhost:46439|client:localhost:40511|dataStream:localhost:44375|priority:0|startupRole:FOLLOWER]|listeners:[], old=null RUNNING
2023-02-21 19:26:43,315 [timer5] WARN  grpc.GrpcUtil (GrpcUtil.java:shutdownManagedChannel(223)) - Timed out gracefully shutting down connection: ManagedChannelOrphanWrapper{delegate=ManagedChannelImpl{logId=523, target=localhost:45149}}. 
2023-02-21 19:26:49,105 [Timer-2] INFO  impl.MiniRaftCluster (MiniRaftCluster.java:lambda$start$6(349)) - TIMED-PRINT: printing ALL groups
  s0:  RUNNING  FOLLOWER s0@group-ECF61963C484:t5, leader=s1, voted=null, raftlog=Memoized:s0@group-ECF61963C484-SegmentedRaftLog:OPENED:c127, conf=128: peers:[s0|rpc:localhost:36399|admin:localhost:45573|client:localhost:36971|dataStream:localhost:43269|priority:0|startupRole:FOLLOWER, s1|rpc:localhost:45309|admin:localhost:41751|client:localhost:45149|dataStream:localhost:41895|priority:0|startupRole:FOLLOWER, s2|rpc:localhost:36685|admin:localhost:46439|client:localhost:40511|dataStream:localhost:44375|priority:0|startupRole:FOLLOWER]|listeners:[], old=null RUNNING
  s1:  RUNNING    LEADER s1@group-ECF61963C484:t5, leader=s1, voted=s1, raftlog=Memoized:s1@group-ECF61963C484-SegmentedRaftLog:OPENED:c165, conf=128: peers:[s0|rpc:localhost:36399|admin:localhost:45573|client:localhost:36971|dataStream:localhost:43269|priority:0|startupRole:FOLLOWER, s1|rpc:localhost:45309|admin:localhost:41751|client:localhost:45149|dataStream:localhost:41895|priority:0|startupRole:FOLLOWER, s2|rpc:localhost:36685|admin:localhost:46439|client:localhost:40511|dataStream:localhost:44375|priority:0|startupRole:FOLLOWER]|listeners:[], old=null RUNNING
  s2:  RUNNING  FOLLOWER s2@group-ECF61963C484:t5, leader=s1, voted=s1, raftlog=Memoized:s2@group-ECF61963C484-SegmentedRaftLog:OPENED:c165, conf=128: peers:[s0|rpc:localhost:36399|admin:localhost:45573|client:localhost:36971|dataStream:localhost:43269|priority:0|startupRole:FOLLOWER, s1|rpc:localhost:45309|admin:localhost:41751|client:localhost:45149|dataStream:localhost:41895|priority:0|startupRole:FOLLOWER, s2|rpc:localhost:36685|admin:localhost:46439|client:localhost:40511|dataStream:localhost:44375|priority:0|startupRole:FOLLOWER]|listeners:[], old=null RUNNING
2023-02-21 19:26:49,445 [timer3] WARN  grpc.GrpcUtil (GrpcUtil.java:shutdownManagedChannel(223)) - Timed out gracefully shutting down connection: ManagedChannelOrphanWrapper{delegate=ManagedChannelImpl{logId=537, target=localhost:45149}}. 
2023-02-21 19:26:55,592 [timer2] WARN  grpc.GrpcUtil (GrpcUtil.java:shutdownManagedChannel(223)) - Timed out gracefully shutting down connection: ManagedChannelOrphanWrapper{delegate=ManagedChannelImpl{logId=551, target=localhost:45149}}. 
2023-02-21 19:26:59,106 [Timer-2] INFO  impl.MiniRaftCluster (MiniRaftCluster.java:lambda$start$6(349)) - TIMED-PRINT: printing ALL groups
  s0:  RUNNING  FOLLOWER s0@group-ECF61963C484:t5, leader=s1, voted=null, raftlog=Memoized:s0@group-ECF61963C484-SegmentedRaftLog:OPENED:c127, conf=128: peers:[s0|rpc:localhost:36399|admin:localhost:45573|client:localhost:36971|dataStream:localhost:43269|priority:0|startupRole:FOLLOWER, s1|rpc:localhost:45309|admin:localhost:41751|client:localhost:45149|dataStream:localhost:41895|priority:0|startupRole:FOLLOWER, s2|rpc:localhost:36685|admin:localhost:46439|client:localhost:40511|dataStream:localhost:44375|priority:0|startupRole:FOLLOWER]|listeners:[], old=null RUNNING
  s1:  RUNNING    LEADER s1@group-ECF61963C484:t5, leader=s1, voted=s1, raftlog=Memoized:s1@group-ECF61963C484-SegmentedRaftLog:OPENED:c165, conf=128: peers:[s0|rpc:localhost:36399|admin:localhost:45573|client:localhost:36971|dataStream:localhost:43269|priority:0|startupRole:FOLLOWER, s1|rpc:localhost:45309|admin:localhost:41751|client:localhost:45149|dataStream:localhost:41895|priority:0|startupRole:FOLLOWER, s2|rpc:localhost:36685|admin:localhost:46439|client:localhost:40511|dataStream:localhost:44375|priority:0|startupRole:FOLLOWER]|listeners:[], old=null RUNNING
  s2:  RUNNING  FOLLOWER s2@group-ECF61963C484:t5, leader=s1, voted=s1, raftlog=Memoized:s2@group-ECF61963C484-SegmentedRaftLog:OPENED:c165, conf=128: peers:[s0|rpc:localhost:36399|admin:localhost:45573|client:localhost:36971|dataStream:localhost:43269|priority:0|startupRole:FOLLOWER, s1|rpc:localhost:45309|admin:localhost:41751|client:localhost:45149|dataStream:localhost:41895|priority:0|startupRole:FOLLOWER, s2|rpc:localhost:36685|admin:localhost:46439|client:localhost:40511|dataStream:localhost:44375|priority:0|startupRole:FOLLOWER]|listeners:[], old=null RUNNING
2023-02-21 19:27:01,730 [timer6] WARN  grpc.GrpcUtil (GrpcUtil.java:shutdownManagedChannel(223)) - Timed out gracefully shutting down connection: ManagedChannelOrphanWrapper{delegate=ManagedChannelImpl{logId=565, target=localhost:45149}}. 
2023-02-21 19:27:07,867 [timer0] WARN  grpc.GrpcUtil (GrpcUtil.java:shutdownManagedChannel(223)) - Timed out gracefully shutting down connection: ManagedChannelOrphanWrapper{delegate=ManagedChannelImpl{logId=579, target=localhost:45149}}. 
2023-02-21 19:27:09,105 [Timer-2] INFO  impl.MiniRaftCluster (MiniRaftCluster.java:lambda$start$6(349)) - TIMED-PRINT: printing ALL groups
  s0:  RUNNING  FOLLOWER s0@group-ECF61963C484:t5, leader=s1, voted=null, raftlog=Memoized:s0@group-ECF61963C484-SegmentedRaftLog:OPENED:c127, conf=128: peers:[s0|rpc:localhost:36399|admin:localhost:45573|client:localhost:36971|dataStream:localhost:43269|priority:0|startupRole:FOLLOWER, s1|rpc:localhost:45309|admin:localhost:41751|client:localhost:45149|dataStream:localhost:41895|priority:0|startupRole:FOLLOWER, s2|rpc:localhost:36685|admin:localhost:46439|client:localhost:40511|dataStream:localhost:44375|priority:0|startupRole:FOLLOWER]|listeners:[], old=null RUNNING
  s1:  RUNNING    LEADER s1@group-ECF61963C484:t5, leader=s1, voted=s1, raftlog=Memoized:s1@group-ECF61963C484-SegmentedRaftLog:OPENED:c165, conf=128: peers:[s0|rpc:localhost:36399|admin:localhost:45573|client:localhost:36971|dataStream:localhost:43269|priority:0|startupRole:FOLLOWER, s1|rpc:localhost:45309|admin:localhost:41751|client:localhost:45149|dataStream:localhost:41895|priority:0|startupRole:FOLLOWER, s2|rpc:localhost:36685|admin:localhost:46439|client:localhost:40511|dataStream:localhost:44375|priority:0|startupRole:FOLLOWER]|listeners:[], old=null RUNNING
  s2:  RUNNING  FOLLOWER s2@group-ECF61963C484:t5, leader=s1, voted=s1, raftlog=Memoized:s2@group-ECF61963C484-SegmentedRaftLog:OPENED:c165, conf=128: peers:[s0|rpc:localhost:36399|admin:localhost:45573|client:localhost:36971|dataStream:localhost:43269|priority:0|startupRole:FOLLOWER, s1|rpc:localhost:45309|admin:localhost:41751|client:localhost:45149|dataStream:localhost:41895|priority:0|startupRole:FOLLOWER, s2|rpc:localhost:36685|admin:localhost:46439|client:localhost:40511|dataStream:localhost:44375|priority:0|startupRole:FOLLOWER]|listeners:[], old=null RUNNING
2023-02-21 19:27:13,993 [timer1] WARN  grpc.GrpcUtil (GrpcUtil.java:shutdownManagedChannel(223)) - Timed out gracefully shutting down connection: ManagedChannelOrphanWrapper{delegate=ManagedChannelImpl{logId=593, target=localhost:45149}}. 
2023-02-21 19:27:14,127 [s1-client-thread2] INFO  statemachine.StateMachine (DataStreamTestUtils.java:link(157)) - link null
2023-02-21 19:27:14,131 [s2-server-thread3] INFO  statemachine.StateMachine (DataStreamTestUtils.java:link(157)) - link null
2023-02-21 19:27:14,132 [s0-server-thread3] INFO  statemachine.StateMachine (DataStreamTestUtils.java:link(157)) - link null
2023-02-21 19:27:14,132 [s2-server-thread3] WARN  server.GrpcServerProtocolService (LogUtils.java:warn(124)) - s2: Failed APPEND_ENTRIES request s1->s2#847-t5,previous=(t:5, i:165),leaderCommit=165,initializing? true,entries: size=1, first=(t:5, i:166), STATEMACHINELOGENTRY, 439@client-8A0E3AB17445
java.util.concurrent.CompletionException: java.io.IOException: java.lang.IllegalStateException: Null stream: entry=term: 5
index: 166
stateMachineLogEntry {
  type: DATASTREAM
  clientId: "\231!h\2642\231BI\224\205\212\016:\261tE"
  callId: 439
}

	at java.base/java.util.concurrent.CompletableFuture.encodeThrowable(CompletableFuture.java:331)
	at java.base/java.util.concurrent.CompletableFuture.completeThrowable(CompletableFuture.java:346)
	at java.base/java.util.concurrent.CompletableFuture$BiRelay.tryFire(CompletableFuture.java:1423)
	at java.base/java.util.concurrent.CompletableFuture$CoCompletion.tryFire(CompletableFuture.java:1144)
	at java.base/java.util.concurrent.CompletableFuture.postComplete(CompletableFuture.java:506)
	at java.base/java.util.concurrent.CompletableFuture.completeExceptionally(CompletableFuture.java:2088)
	at org.apache.ratis.server.raftlog.segmented.SegmentedRaftLog$Task.failed(SegmentedRaftLog.java:105)
	at org.apache.ratis.server.raftlog.segmented.SegmentedRaftLogWorker$WriteLog.failed(SegmentedRaftLogWorker.java:519)
	at org.apache.ratis.server.raftlog.segmented.SegmentedRaftLogWorker.run(SegmentedRaftLogWorker.java:317)
	at java.base/java.lang.Thread.run(Thread.java:829)
Caused by: java.io.IOException: java.lang.IllegalStateException: Null stream: entry=term: 5
index: 166
stateMachineLogEntry {
  type: DATASTREAM
  clientId: "\231!h\2642\231BI\224\205\212\016:\261tE"
  callId: 439
}

	at org.apache.ratis.util.IOUtils.asIOException(IOUtils.java:56)
	at org.apache.ratis.util.IOUtils.toIOException(IOUtils.java:61)
	at org.apache.ratis.util.IOUtils.getFromFuture(IOUtils.java:85)
	at org.apache.ratis.server.raftlog.segmented.SegmentedRaftLogWorker$StateMachineDataPolicy.getFromFuture(SegmentedRaftLogWorker.java:88)
	at org.apache.ratis.server.raftlog.segmented.SegmentedRaftLogWorker$WriteLog.execute(SegmentedRaftLogWorker.java:540)
	at org.apache.ratis.server.raftlog.segmented.SegmentedRaftLogWorker.run(SegmentedRaftLogWorker.java:308)
	... 1 more
Caused by: java.lang.IllegalStateException: Null stream: entry=term: 5
index: 166
stateMachineLogEntry {
  type: DATASTREAM
  clientId: "\231!h\2642\231BI\224\205\212\016:\261tE"
  callId: 439
}

	at org.apache.ratis.datastream.DataStreamTestUtils$MultiDataStreamStateMachine.link(DataStreamTestUtils.java:159)
	at org.apache.ratis.server.raftlog.segmented.SegmentedRaftLogWorker$WriteLog.<init>(SegmentedRaftLogWorker.java:497)
	at org.apache.ratis.server.raftlog.segmented.SegmentedRaftLogWorker.writeLogEntry(SegmentedRaftLogWorker.java:443)
	at org.apache.ratis.server.raftlog.segmented.SegmentedRaftLog.appendEntryImpl(SegmentedRaftLog.java:409)
	at org.apache.ratis.server.raftlog.RaftLogBase.lambda$appendEntry$10(RaftLogBase.java:330)
	at org.apache.ratis.server.raftlog.RaftLogSequentialOps$Runner.runSequentially(RaftLogSequentialOps.java:78)
	at org.apache.ratis.server.raftlog.RaftLogBase.appendEntry(RaftLogBase.java:330)
	at org.apache.ratis.server.raftlog.segmented.SegmentedRaftLog.appendImpl(SegmentedRaftLog.java:456)
	at org.apache.ratis.server.raftlog.RaftLogBase.lambda$append$11(RaftLogBase.java:337)
	at org.apache.ratis.server.raftlog.RaftLogSequentialOps$Runner.runSequentially(RaftLogSequentialOps.java:69)
	at org.apache.ratis.server.raftlog.RaftLogBase.append(RaftLogBase.java:337)
	at org.apache.ratis.server.impl.RaftServerImpl.appendEntriesAsync(RaftServerImpl.java:1528)
	at org.apache.ratis.server.impl.RaftServerImpl.appendEntriesAsync(RaftServerImpl.java:1396)
	at org.apache.ratis.server.impl.RaftServerProxy.lambda$appendEntriesAsync$26(RaftServerProxy.java:634)
	at org.apache.ratis.util.JavaUtils.callAsUnchecked(JavaUtils.java:117)
	at org.apache.ratis.server.impl.RaftServerImpl.lambda$executeSubmitServerRequestAsync$11(RaftServerImpl.java:818)
	at java.base/java.util.concurrent.CompletableFuture$AsyncSupply.run(CompletableFuture.java:1700)
	at java.base/java.util.concurrent.ThreadPoolExecutor.runWorker(ThreadPoolExecutor.java:1128)
	at java.base/java.util.concurrent.ThreadPoolExecutor$Worker.run(ThreadPoolExecutor.java:628)
	... 1 more
2023-02-21 19:27:14,132 [s0-server-thread3] WARN  server.GrpcServerProtocolService (LogUtils.java:warn(124)) - s0: Failed APPEND_ENTRIES request s1->s0#6315-t5,previous=(t:5, i:165),leaderCommit=165,initializing? true,entries: size=1, first=(t:5, i:166), STATEMACHINELOGENTRY, 439@client-8A0E3AB17445
java.util.concurrent.CompletionException: org.apache.ratis.server.raftlog.RaftLogIOException: Log already failed at index 128 for task WriteLog:128: (t:3, i:128), STATEMACHINELOGENTRY, StateMachineLogEntryProto:439@client-8A0E3AB17445
	at java.base/java.util.concurrent.CompletableFuture.encodeThrowable(CompletableFuture.java:331)
	at java.base/java.util.concurrent.CompletableFuture.completeThrowable(CompletableFuture.java:346)
	at java.base/java.util.concurrent.CompletableFuture$BiRelay.tryFire(CompletableFuture.java:1423)
	at java.base/java.util.concurrent.CompletableFuture$CoCompletion.tryFire(CompletableFuture.java:1144)
	at java.base/java.util.concurrent.CompletableFuture.postComplete(CompletableFuture.java:506)
	at java.base/java.util.concurrent.CompletableFuture.completeExceptionally(CompletableFuture.java:2088)
	at org.apache.ratis.server.raftlog.segmented.SegmentedRaftLog$Task.failed(SegmentedRaftLog.java:105)
	at org.apache.ratis.server.raftlog.segmented.SegmentedRaftLogWorker$WriteLog.failed(SegmentedRaftLogWorker.java:519)
	at org.apache.ratis.server.raftlog.segmented.SegmentedRaftLogWorker.run(SegmentedRaftLogWorker.java:317)
	at java.base/java.lang.Thread.run(Thread.java:829)
Caused by: org.apache.ratis.server.raftlog.RaftLogIOException: Log already failed at index 128 for task WriteLog:128: (t:3, i:128), STATEMACHINELOGENTRY, StateMachineLogEntryProto:439@client-8A0E3AB17445
	at org.apache.ratis.server.raftlog.segmented.SegmentedRaftLogWorker.run(SegmentedRaftLogWorker.java:320)
	... 1 more
Caused by: java.io.IOException: java.lang.IllegalStateException: Null stream: entry=term: 3
index: 128
stateMachineLogEntry {
  type: DATASTREAM
  clientId: "\231!h\2642\231BI\224\205\212\016:\261tE"
  callId: 439
}

	at org.apache.ratis.util.IOUtils.asIOException(IOUtils.java:56)
	at org.apache.ratis.util.IOUtils.toIOException(IOUtils.java:61)
	at org.apache.ratis.util.IOUtils.getFromFuture(IOUtils.java:85)
	at org.apache.ratis.server.raftlog.segmented.SegmentedRaftLogWorker$StateMachineDataPolicy.getFromFuture(SegmentedRaftLogWorker.java:88)
	at org.apache.ratis.server.raftlog.segmented.SegmentedRaftLogWorker$WriteLog.execute(SegmentedRaftLogWorker.java:540)
	at org.apache.ratis.server.raftlog.segmented.SegmentedRaftLogWorker.run(SegmentedRaftLogWorker.java:308)
	... 1 more
Caused by: java.lang.IllegalStateException: Null stream: entry=term: 3
index: 128
stateMachineLogEntry {
  type: DATASTREAM
  clientId: "\231!h\2642\231BI\224\205\212\016:\261tE"
  callId: 439
}

	at org.apache.ratis.datastream.DataStreamTestUtils$MultiDataStreamStateMachine.link(DataStreamTestUtils.java:159)
	at org.apache.ratis.server.raftlog.segmented.SegmentedRaftLogWorker$WriteLog.<init>(SegmentedRaftLogWorker.java:497)
	at org.apache.ratis.server.raftlog.segmented.SegmentedRaftLogWorker.writeLogEntry(SegmentedRaftLogWorker.java:443)
	at org.apache.ratis.server.raftlog.segmented.SegmentedRaftLog.appendEntryImpl(SegmentedRaftLog.java:409)
	at org.apache.ratis.server.raftlog.RaftLogBase.lambda$appendEntry$10(RaftLogBase.java:330)
	at org.apache.ratis.server.raftlog.RaftLogSequentialOps$Runner.runSequentially(RaftLogSequentialOps.java:78)
	at org.apache.ratis.server.raftlog.RaftLogBase.appendEntry(RaftLogBase.java:330)
	at org.apache.ratis.server.raftlog.RaftLogBase.appendImpl(RaftLogBase.java:187)
	at org.apache.ratis.server.raftlog.RaftLogBase.lambda$append$2(RaftLogBase.java:161)
	at org.apache.ratis.server.raftlog.RaftLogSequentialOps$Runner.runSequentially(RaftLogSequentialOps.java:69)
	at org.apache.ratis.server.raftlog.RaftLogBase.append(RaftLogBase.java:161)
	at org.apache.ratis.server.impl.ServerState.appendLog(ServerState.java:312)
	at org.apache.ratis.server.impl.RaftServerImpl.appendTransaction(RaftServerImpl.java:779)
	at org.apache.ratis.server.impl.RaftServerImpl.submitClientRequestAsync(RaftServerImpl.java:886)
	at org.apache.ratis.server.impl.RaftServerImpl.lambda$executeSubmitClientRequestAsync$12(RaftServerImpl.java:824)
	at org.apache.ratis.util.JavaUtils.callAsUnchecked(JavaUtils.java:117)
	at org.apache.ratis.server.impl.RaftServerImpl.lambda$executeSubmitClientRequestAsync$13(RaftServerImpl.java:824)
	at java.base/java.util.concurrent.CompletableFuture$AsyncSupply.run(CompletableFuture.java:1700)
	at java.base/java.util.concurrent.ThreadPoolExecutor.runWorker(ThreadPoolExecutor.java:1128)
	at java.base/java.util.concurrent.ThreadPoolExecutor$Worker.run(ThreadPoolExecutor.java:628)
	... 1 more
2023-02-21 19:27:14,137 [grpc-default-executor-6] WARN  server.GrpcLogAppender (LogUtils.java:warn(124)) - s1@group-ECF61963C484->s0-AppendLogResponseHandler: Failed appendEntries
org.apache.ratis.server.raftlog.RaftLogIOException: Log already failed at index 128 for task WriteLog:128: (t:3, i:128), STATEMACHINELOGENTRY, StateMachineLogEntryProto:439@client-8A0E3AB17445
	at org.apache.ratis.server.raftlog.segmented.SegmentedRaftLogWorker.run(SegmentedRaftLogWorker.java:320)
	at java.base/java.lang.Thread.run(Thread.java:829)
Caused by: java.io.IOException: java.lang.IllegalStateException: Null stream: entry=term: 3
index: 128
stateMachineLogEntry {
  type: DATASTREAM
  clientId: "\231!h\2642\231BI\224\205\212\016:\261tE"
  callId: 439
}

	at org.apache.ratis.util.IOUtils.asIOException(IOUtils.java:56)
	at org.apache.ratis.util.IOUtils.toIOException(IOUtils.java:61)
	at org.apache.ratis.util.IOUtils.getFromFuture(IOUtils.java:85)
	at org.apache.ratis.server.raftlog.segmented.SegmentedRaftLogWorker$StateMachineDataPolicy.getFromFuture(SegmentedRaftLogWorker.java:88)
	at org.apache.ratis.server.raftlog.segmented.SegmentedRaftLogWorker$WriteLog.execute(SegmentedRaftLogWorker.java:540)
	at org.apache.ratis.server.raftlog.segmented.SegmentedRaftLogWorker.run(SegmentedRaftLogWorker.java:308)
	... 1 more
Caused by: java.lang.IllegalStateException: Null stream: entry=term: 3
index: 128
stateMachineLogEntry {
  type: DATASTREAM
  clientId: "\231!h\2642\231BI\224\205\212\016:\261tE"
  callId: 439
}

	at org.apache.ratis.datastream.DataStreamTestUtils$MultiDataStreamStateMachine.link(DataStreamTestUtils.java:159)
	at org.apache.ratis.server.raftlog.segmented.SegmentedRaftLogWorker$WriteLog.<init>(SegmentedRaftLogWorker.java:497)
	at org.apache.ratis.server.raftlog.segmented.SegmentedRaftLogWorker.writeLogEntry(SegmentedRaftLogWorker.java:443)
	at org.apache.ratis.server.raftlog.segmented.SegmentedRaftLog.appendEntryImpl(SegmentedRaftLog.java:409)
	at org.apache.ratis.server.raftlog.RaftLogBase.lambda$appendEntry$10(RaftLogBase.java:330)
	at org.apache.ratis.server.raftlog.RaftLogSequentialOps$Runner.runSequentially(RaftLogSequentialOps.java:78)
	at org.apache.ratis.server.raftlog.RaftLogBase.appendEntry(RaftLogBase.java:330)
	at org.apache.ratis.server.raftlog.RaftLogBase.appendImpl(RaftLogBase.java:187)
	at org.apache.ratis.server.raftlog.RaftLogBase.lambda$append$2(RaftLogBase.java:161)
	at org.apache.ratis.server.raftlog.RaftLogSequentialOps$Runner.runSequentially(RaftLogSequentialOps.java:69)
	at org.apache.ratis.server.raftlog.RaftLogBase.append(RaftLogBase.java:161)
	at org.apache.ratis.server.impl.ServerState.appendLog(ServerState.java:312)
	at org.apache.ratis.server.impl.RaftServerImpl.appendTransaction(RaftServerImpl.java:779)
	at org.apache.ratis.server.impl.RaftServerImpl.submitClientRequestAsync(RaftServerImpl.java:886)
	at org.apache.ratis.server.impl.RaftServerImpl.lambda$executeSubmitClientRequestAsync$12(RaftServerImpl.java:824)
	at org.apache.ratis.util.JavaUtils.callAsUnchecked(JavaUtils.java:117)
	at org.apache.ratis.server.impl.RaftServerImpl.lambda$executeSubmitClientRequestAsync$13(RaftServerImpl.java:824)
	at java.base/java.util.concurrent.CompletableFuture$AsyncSupply.run(CompletableFuture.java:1700)
	at java.base/java.util.concurrent.ThreadPoolExecutor.runWorker(ThreadPoolExecutor.java:1128)
	at java.base/java.util.concurrent.ThreadPoolExecutor$Worker.run(ThreadPoolExecutor.java:628)
	... 1 more
2023-02-21 19:27:14,138 [grpc-default-executor-6] INFO  leader.FollowerInfo (FollowerInfoImpl.java:lambda$new$0(52)) - s1@group-ECF61963C484->s0: nextIndex: updateUnconditionally 167 -> 166
2023-02-21 19:27:14,148 [grpc-default-executor-6] WARN  server.GrpcLogAppender (LogUtils.java:warn(124)) - s1@group-ECF61963C484->s2-AppendLogResponseHandler: Failed appendEntries
java.io.IOException: java.lang.IllegalStateException: Null stream: entry=term: 5
index: 166
stateMachineLogEntry {
  type: DATASTREAM
  clientId: "\231!h\2642\231BI\224\205\212\016:\261tE"
  callId: 439
}

	at org.apache.ratis.util.IOUtils.asIOException(IOUtils.java:56)
	at org.apache.ratis.util.IOUtils.toIOException(IOUtils.java:61)
	at org.apache.ratis.util.IOUtils.getFromFuture(IOUtils.java:85)
	at org.apache.ratis.server.raftlog.segmented.SegmentedRaftLogWorker$StateMachineDataPolicy.getFromFuture(SegmentedRaftLogWorker.java:88)
	at org.apache.ratis.server.raftlog.segmented.SegmentedRaftLogWorker$WriteLog.execute(SegmentedRaftLogWorker.java:540)
	at org.apache.ratis.server.raftlog.segmented.SegmentedRaftLogWorker.run(SegmentedRaftLogWorker.java:308)
	at java.base/java.lang.Thread.run(Thread.java:829)
Caused by: java.lang.IllegalStateException: Null stream: entry=term: 5
index: 166
stateMachineLogEntry {
  type: DATASTREAM
  clientId: "\231!h\2642\231BI\224\205\212\016:\261tE"
  callId: 439
}

	at org.apache.ratis.datastream.DataStreamTestUtils$MultiDataStreamStateMachine.link(DataStreamTestUtils.java:159)
	at org.apache.ratis.server.raftlog.segmented.SegmentedRaftLogWorker$WriteLog.<init>(SegmentedRaftLogWorker.java:497)
	at org.apache.ratis.server.raftlog.segmented.SegmentedRaftLogWorker.writeLogEntry(SegmentedRaftLogWorker.java:443)
	at org.apache.ratis.server.raftlog.segmented.SegmentedRaftLog.appendEntryImpl(SegmentedRaftLog.java:409)
	at org.apache.ratis.server.raftlog.RaftLogBase.lambda$appendEntry$10(RaftLogBase.java:330)
	at org.apache.ratis.server.raftlog.RaftLogSequentialOps$Runner.runSequentially(RaftLogSequentialOps.java:78)
	at org.apache.ratis.server.raftlog.RaftLogBase.appendEntry(RaftLogBase.java:330)
	at org.apache.ratis.server.raftlog.segmented.SegmentedRaftLog.appendImpl(SegmentedRaftLog.java:456)
	at org.apache.ratis.server.raftlog.RaftLogBase.lambda$append$11(RaftLogBase.java:337)
	at org.apache.ratis.server.raftlog.RaftLogSequentialOps$Runner.runSequentially(RaftLogSequentialOps.java:69)
	at org.apache.ratis.server.raftlog.RaftLogBase.append(RaftLogBase.java:337)
	at org.apache.ratis.server.impl.RaftServerImpl.appendEntriesAsync(RaftServerImpl.java:1528)
	at org.apache.ratis.server.impl.RaftServerImpl.appendEntriesAsync(RaftServerImpl.java:1396)
	at org.apache.ratis.server.impl.RaftServerProxy.lambda$appendEntriesAsync$26(RaftServerProxy.java:634)
	at org.apache.ratis.util.JavaUtils.callAsUnchecked(JavaUtils.java:117)
	at org.apache.ratis.server.impl.RaftServerImpl.lambda$executeSubmitServerRequestAsync$11(RaftServerImpl.java:818)
	at java.base/java.util.concurrent.CompletableFuture$AsyncSupply.run(CompletableFuture.java:1700)
	at java.base/java.util.concurrent.ThreadPoolExecutor.runWorker(ThreadPoolExecutor.java:1128)
	at java.base/java.util.concurrent.ThreadPoolExecutor$Worker.run(ThreadPoolExecutor.java:628)
	... 1 more
2023-02-21 19:27:14,148 [grpc-default-executor-6] INFO  leader.FollowerInfo (FollowerInfoImpl.java:lambda$new$0(52)) - s1@group-ECF61963C484->s2: nextIndex: updateUnconditionally 167 -> 166
2023-02-21 19:27:19,106 [Timer-2] INFO  impl.MiniRaftCluster (MiniRaftCluster.java:lambda$start$6(349)) - TIMED-PRINT: printing ALL groups
  s0:  RUNNING  FOLLOWER s0@group-ECF61963C484:t5, leader=s1, voted=null, raftlog=Memoized:s0@group-ECF61963C484-SegmentedRaftLog:OPENED:c127, conf=128: peers:[s0|rpc:localhost:36399|admin:localhost:45573|client:localhost:36971|dataStream:localhost:43269|priority:0|startupRole:FOLLOWER, s1|rpc:localhost:45309|admin:localhost:41751|client:localhost:45149|dataStream:localhost:41895|priority:0|startupRole:FOLLOWER, s2|rpc:localhost:36685|admin:localhost:46439|client:localhost:40511|dataStream:localhost:44375|priority:0|startupRole:FOLLOWER]|listeners:[], old=null RUNNING
  s1:  RUNNING    LEADER s1@group-ECF61963C484:t5, leader=s1, voted=s1, raftlog=Memoized:s1@group-ECF61963C484-SegmentedRaftLog:OPENED:c165, conf=128: peers:[s0|rpc:localhost:36399|admin:localhost:45573|client:localhost:36971|dataStream:localhost:43269|priority:0|startupRole:FOLLOWER, s1|rpc:localhost:45309|admin:localhost:41751|client:localhost:45149|dataStream:localhost:41895|priority:0|startupRole:FOLLOWER, s2|rpc:localhost:36685|admin:localhost:46439|client:localhost:40511|dataStream:localhost:44375|priority:0|startupRole:FOLLOWER]|listeners:[], old=null RUNNING
  s2:  RUNNING  FOLLOWER s2@group-ECF61963C484:t5, leader=s1, voted=s1, raftlog=Memoized:s2@group-ECF61963C484-SegmentedRaftLog:OPENED:c165, conf=128: peers:[s0|rpc:localhost:36399|admin:localhost:45573|client:localhost:36971|dataStream:localhost:43269|priority:0|startupRole:FOLLOWER, s1|rpc:localhost:45309|admin:localhost:41751|client:localhost:45149|dataStream:localhost:41895|priority:0|startupRole:FOLLOWER, s2|rpc:localhost:36685|admin:localhost:46439|client:localhost:40511|dataStream:localhost:44375|priority:0|startupRole:FOLLOWER]|listeners:[], old=null RUNNING
2023-02-21 19:27:20,125 [timer2] WARN  grpc.GrpcUtil (GrpcUtil.java:shutdownManagedChannel(223)) - Timed out gracefully shutting down connection: ManagedChannelOrphanWrapper{delegate=ManagedChannelImpl{logId=607, target=localhost:45149}}. 
2023-02-21 19:27:26,258 [timer7] WARN  grpc.GrpcUtil (GrpcUtil.java:shutdownManagedChannel(223)) - Timed out gracefully shutting down connection: ManagedChannelOrphanWrapper{delegate=ManagedChannelImpl{logId=621, target=localhost:45149}}. 
2023-02-21 19:27:29,106 [Timer-2] INFO  impl.MiniRaftCluster (MiniRaftCluster.java:lambda$start$6(349)) - TIMED-PRINT: printing ALL groups
  s0:  RUNNING  FOLLOWER s0@group-ECF61963C484:t5, leader=s1, voted=null, raftlog=Memoized:s0@group-ECF61963C484-SegmentedRaftLog:OPENED:c127, conf=128: peers:[s0|rpc:localhost:36399|admin:localhost:45573|client:localhost:36971|dataStream:localhost:43269|priority:0|startupRole:FOLLOWER, s1|rpc:localhost:45309|admin:localhost:41751|client:localhost:45149|dataStream:localhost:41895|priority:0|startupRole:FOLLOWER, s2|rpc:localhost:36685|admin:localhost:46439|client:localhost:40511|dataStream:localhost:44375|priority:0|startupRole:FOLLOWER]|listeners:[], old=null RUNNING
  s1:  RUNNING    LEADER s1@group-ECF61963C484:t5, leader=s1, voted=s1, raftlog=Memoized:s1@group-ECF61963C484-SegmentedRaftLog:OPENED:c165, conf=128: peers:[s0|rpc:localhost:36399|admin:localhost:45573|client:localhost:36971|dataStream:localhost:43269|priority:0|startupRole:FOLLOWER, s1|rpc:localhost:45309|admin:localhost:41751|client:localhost:45149|dataStream:localhost:41895|priority:0|startupRole:FOLLOWER, s2|rpc:localhost:36685|admin:localhost:46439|client:localhost:40511|dataStream:localhost:44375|priority:0|startupRole:FOLLOWER]|listeners:[], old=null RUNNING
  s2:  RUNNING  FOLLOWER s2@group-ECF61963C484:t5, leader=s1, voted=s1, raftlog=Memoized:s2@group-ECF61963C484-SegmentedRaftLog:OPENED:c165, conf=128: peers:[s0|rpc:localhost:36399|admin:localhost:45573|client:localhost:36971|dataStream:localhost:43269|priority:0|startupRole:FOLLOWER, s1|rpc:localhost:45309|admin:localhost:41751|client:localhost:45149|dataStream:localhost:41895|priority:0|startupRole:FOLLOWER, s2|rpc:localhost:36685|admin:localhost:46439|client:localhost:40511|dataStream:localhost:44375|priority:0|startupRole:FOLLOWER]|listeners:[], old=null RUNNING
2023-02-21 19:27:32,382 [timer3] WARN  grpc.GrpcUtil (GrpcUtil.java:shutdownManagedChannel(223)) - Timed out gracefully shutting down connection: ManagedChannelOrphanWrapper{delegate=ManagedChannelImpl{logId=635, target=localhost:45149}}. 
2023-02-21 19:27:38,509 [timer1] WARN  grpc.GrpcUtil (GrpcUtil.java:shutdownManagedChannel(223)) - Timed out gracefully shutting down connection: ManagedChannelOrphanWrapper{delegate=ManagedChannelImpl{logId=649, target=localhost:45149}}. 
2023-02-21 19:27:39,105 [Timer-2] INFO  impl.MiniRaftCluster (MiniRaftCluster.java:lambda$start$6(349)) - TIMED-PRINT: printing ALL groups
  s0:  RUNNING  FOLLOWER s0@group-ECF61963C484:t5, leader=s1, voted=null, raftlog=Memoized:s0@group-ECF61963C484-SegmentedRaftLog:OPENED:c127, conf=128: peers:[s0|rpc:localhost:36399|admin:localhost:45573|client:localhost:36971|dataStream:localhost:43269|priority:0|startupRole:FOLLOWER, s1|rpc:localhost:45309|admin:localhost:41751|client:localhost:45149|dataStream:localhost:41895|priority:0|startupRole:FOLLOWER, s2|rpc:localhost:36685|admin:localhost:46439|client:localhost:40511|dataStream:localhost:44375|priority:0|startupRole:FOLLOWER]|listeners:[], old=null RUNNING
  s1:  RUNNING    LEADER s1@group-ECF61963C484:t5, leader=s1, voted=s1, raftlog=Memoized:s1@group-ECF61963C484-SegmentedRaftLog:OPENED:c165, conf=128: peers:[s0|rpc:localhost:36399|admin:localhost:45573|client:localhost:36971|dataStream:localhost:43269|priority:0|startupRole:FOLLOWER, s1|rpc:localhost:45309|admin:localhost:41751|client:localhost:45149|dataStream:localhost:41895|priority:0|startupRole:FOLLOWER, s2|rpc:localhost:36685|admin:localhost:46439|client:localhost:40511|dataStream:localhost:44375|priority:0|startupRole:FOLLOWER]|listeners:[], old=null RUNNING
  s2:  RUNNING  FOLLOWER s2@group-ECF61963C484:t5, leader=s1, voted=s1, raftlog=Memoized:s2@group-ECF61963C484-SegmentedRaftLog:OPENED:c165, conf=128: peers:[s0|rpc:localhost:36399|admin:localhost:45573|client:localhost:36971|dataStream:localhost:43269|priority:0|startupRole:FOLLOWER, s1|rpc:localhost:45309|admin:localhost:41751|client:localhost:45149|dataStream:localhost:41895|priority:0|startupRole:FOLLOWER, s2|rpc:localhost:36685|admin:localhost:46439|client:localhost:40511|dataStream:localhost:44375|priority:0|startupRole:FOLLOWER]|listeners:[], old=null RUNNING
2023-02-21 19:27:44,636 [timer1] WARN  grpc.GrpcUtil (GrpcUtil.java:shutdownManagedChannel(223)) - Timed out gracefully shutting down connection: ManagedChannelOrphanWrapper{delegate=ManagedChannelImpl{logId=663, target=localhost:45149}}. 
2023-02-21 19:27:49,106 [Timer-2] INFO  impl.MiniRaftCluster (MiniRaftCluster.java:lambda$start$6(349)) - TIMED-PRINT: printing ALL groups
  s0:  RUNNING  FOLLOWER s0@group-ECF61963C484:t5, leader=s1, voted=null, raftlog=Memoized:s0@group-ECF61963C484-SegmentedRaftLog:OPENED:c127, conf=128: peers:[s0|rpc:localhost:36399|admin:localhost:45573|client:localhost:36971|dataStream:localhost:43269|priority:0|startupRole:FOLLOWER, s1|rpc:localhost:45309|admin:localhost:41751|client:localhost:45149|dataStream:localhost:41895|priority:0|startupRole:FOLLOWER, s2|rpc:localhost:36685|admin:localhost:46439|client:localhost:40511|dataStream:localhost:44375|priority:0|startupRole:FOLLOWER]|listeners:[], old=null RUNNING
  s1:  RUNNING    LEADER s1@group-ECF61963C484:t5, leader=s1, voted=s1, raftlog=Memoized:s1@group-ECF61963C484-SegmentedRaftLog:OPENED:c165, conf=128: peers:[s0|rpc:localhost:36399|admin:localhost:45573|client:localhost:36971|dataStream:localhost:43269|priority:0|startupRole:FOLLOWER, s1|rpc:localhost:45309|admin:localhost:41751|client:localhost:45149|dataStream:localhost:41895|priority:0|startupRole:FOLLOWER, s2|rpc:localhost:36685|admin:localhost:46439|client:localhost:40511|dataStream:localhost:44375|priority:0|startupRole:FOLLOWER]|listeners:[], old=null RUNNING
  s2:  RUNNING  FOLLOWER s2@group-ECF61963C484:t5, leader=s1, voted=s1, raftlog=Memoized:s2@group-ECF61963C484-SegmentedRaftLog:OPENED:c165, conf=128: peers:[s0|rpc:localhost:36399|admin:localhost:45573|client:localhost:36971|dataStream:localhost:43269|priority:0|startupRole:FOLLOWER, s1|rpc:localhost:45309|admin:localhost:41751|client:localhost:45149|dataStream:localhost:41895|priority:0|startupRole:FOLLOWER, s2|rpc:localhost:36685|admin:localhost:46439|client:localhost:40511|dataStream:localhost:44375|priority:0|startupRole:FOLLOWER]|listeners:[], old=null RUNNING
2023-02-21 19:27:50,770 [timer1] WARN  grpc.GrpcUtil (GrpcUtil.java:shutdownManagedChannel(223)) - Timed out gracefully shutting down connection: ManagedChannelOrphanWrapper{delegate=ManagedChannelImpl{logId=677, target=localhost:45149}}. 
2023-02-21 19:27:56,905 [timer2] WARN  grpc.GrpcUtil (GrpcUtil.java:shutdownManagedChannel(223)) - Timed out gracefully shutting down connection: ManagedChannelOrphanWrapper{delegate=ManagedChannelImpl{logId=691, target=localhost:45149}}. 
2023-02-21 19:27:59,105 [Timer-2] INFO  impl.MiniRaftCluster (MiniRaftCluster.java:lambda$start$6(349)) - TIMED-PRINT: printing ALL groups
  s0:  RUNNING  FOLLOWER s0@group-ECF61963C484:t5, leader=s1, voted=null, raftlog=Memoized:s0@group-ECF61963C484-SegmentedRaftLog:OPENED:c127, conf=128: peers:[s0|rpc:localhost:36399|admin:localhost:45573|client:localhost:36971|dataStream:localhost:43269|priority:0|startupRole:FOLLOWER, s1|rpc:localhost:45309|admin:localhost:41751|client:localhost:45149|dataStream:localhost:41895|priority:0|startupRole:FOLLOWER, s2|rpc:localhost:36685|admin:localhost:46439|client:localhost:40511|dataStream:localhost:44375|priority:0|startupRole:FOLLOWER]|listeners:[], old=null RUNNING
  s1:  RUNNING    LEADER s1@group-ECF61963C484:t5, leader=s1, voted=s1, raftlog=Memoized:s1@group-ECF61963C484-SegmentedRaftLog:OPENED:c165, conf=128: peers:[s0|rpc:localhost:36399|admin:localhost:45573|client:localhost:36971|dataStream:localhost:43269|priority:0|startupRole:FOLLOWER, s1|rpc:localhost:45309|admin:localhost:41751|client:localhost:45149|dataStream:localhost:41895|priority:0|startupRole:FOLLOWER, s2|rpc:localhost:36685|admin:localhost:46439|client:localhost:40511|dataStream:localhost:44375|priority:0|startupRole:FOLLOWER]|listeners:[], old=null RUNNING
  s2:  RUNNING  FOLLOWER s2@group-ECF61963C484:t5, leader=s1, voted=s1, raftlog=Memoized:s2@group-ECF61963C484-SegmentedRaftLog:OPENED:c165, conf=128: peers:[s0|rpc:localhost:36399|admin:localhost:45573|client:localhost:36971|dataStream:localhost:43269|priority:0|startupRole:FOLLOWER, s1|rpc:localhost:45309|admin:localhost:41751|client:localhost:45149|dataStream:localhost:41895|priority:0|startupRole:FOLLOWER, s2|rpc:localhost:36685|admin:localhost:46439|client:localhost:40511|dataStream:localhost:44375|priority:0|startupRole:FOLLOWER]|listeners:[], old=null RUNNING
2023-02-21 19:28:03,028 [timer0] WARN  grpc.GrpcUtil (GrpcUtil.java:shutdownManagedChannel(223)) - Timed out gracefully shutting down connection: ManagedChannelOrphanWrapper{delegate=ManagedChannelImpl{logId=705, target=localhost:45149}}. 
2023-02-21 19:28:09,105 [Timer-2] INFO  impl.MiniRaftCluster (MiniRaftCluster.java:lambda$start$6(349)) - TIMED-PRINT: printing ALL groups
  s0:  RUNNING  FOLLOWER s0@group-ECF61963C484:t5, leader=s1, voted=null, raftlog=Memoized:s0@group-ECF61963C484-SegmentedRaftLog:OPENED:c127, conf=128: peers:[s0|rpc:localhost:36399|admin:localhost:45573|client:localhost:36971|dataStream:localhost:43269|priority:0|startupRole:FOLLOWER, s1|rpc:localhost:45309|admin:localhost:41751|client:localhost:45149|dataStream:localhost:41895|priority:0|startupRole:FOLLOWER, s2|rpc:localhost:36685|admin:localhost:46439|client:localhost:40511|dataStream:localhost:44375|priority:0|startupRole:FOLLOWER]|listeners:[], old=null RUNNING
  s1:  RUNNING    LEADER s1@group-ECF61963C484:t5, leader=s1, voted=s1, raftlog=Memoized:s1@group-ECF61963C484-SegmentedRaftLog:OPENED:c165, conf=128: peers:[s0|rpc:localhost:36399|admin:localhost:45573|client:localhost:36971|dataStream:localhost:43269|priority:0|startupRole:FOLLOWER, s1|rpc:localhost:45309|admin:localhost:41751|client:localhost:45149|dataStream:localhost:41895|priority:0|startupRole:FOLLOWER, s2|rpc:localhost:36685|admin:localhost:46439|client:localhost:40511|dataStream:localhost:44375|priority:0|startupRole:FOLLOWER]|listeners:[], old=null RUNNING
  s2:  RUNNING  FOLLOWER s2@group-ECF61963C484:t5, leader=s1, voted=s1, raftlog=Memoized:s2@group-ECF61963C484-SegmentedRaftLog:OPENED:c165, conf=128: peers:[s0|rpc:localhost:36399|admin:localhost:45573|client:localhost:36971|dataStream:localhost:43269|priority:0|startupRole:FOLLOWER, s1|rpc:localhost:45309|admin:localhost:41751|client:localhost:45149|dataStream:localhost:41895|priority:0|startupRole:FOLLOWER, s2|rpc:localhost:36685|admin:localhost:46439|client:localhost:40511|dataStream:localhost:44375|priority:0|startupRole:FOLLOWER]|listeners:[], old=null RUNNING
2023-02-21 19:28:09,157 [timer6] WARN  grpc.GrpcUtil (GrpcUtil.java:shutdownManagedChannel(223)) - Timed out gracefully shutting down connection: ManagedChannelOrphanWrapper{delegate=ManagedChannelImpl{logId=719, target=localhost:45149}}. 
2023-02-21 19:28:15,290 [timer1] WARN  grpc.GrpcUtil (GrpcUtil.java:shutdownManagedChannel(223)) - Timed out gracefully shutting down connection: ManagedChannelOrphanWrapper{delegate=ManagedChannelImpl{logId=733, target=localhost:45149}}. 
2023-02-21 19:28:15,421 [s1-client-thread2] INFO  statemachine.StateMachine (DataStreamTestUtils.java:link(157)) - link null
2023-02-21 19:28:15,423 [s0-server-thread2] INFO  statemachine.StateMachine (DataStreamTestUtils.java:link(157)) - link null
2023-02-21 19:28:15,423 [s2-server-thread3] INFO  statemachine.StateMachine (DataStreamTestUtils.java:link(157)) - link null
2023-02-21 19:28:15,423 [grpc-default-executor-8] WARN  server.GrpcServerProtocolService (LogUtils.java:warn(124)) - s2: Failed APPEND_ENTRIES request s1->s2#1649-t5,previous=(t:5, i:166),leaderCommit=165,initializing? true,entries: size=1, first=(t:5, i:167), STATEMACHINELOGENTRY, 439@client-8A0E3AB17445
java.util.concurrent.CompletionException: org.apache.ratis.server.raftlog.RaftLogIOException: Log already failed at index 166 for task WriteLog:166: (t:5, i:166), STATEMACHINELOGENTRY, StateMachineLogEntryProto:439@client-8A0E3AB17445
	at java.base/java.util.concurrent.CompletableFuture.encodeThrowable(CompletableFuture.java:331)
	at java.base/java.util.concurrent.CompletableFuture.completeThrowable(CompletableFuture.java:346)
	at java.base/java.util.concurrent.CompletableFuture$BiRelay.tryFire(CompletableFuture.java:1423)
	at java.base/java.util.concurrent.CompletableFuture$CoCompletion.tryFire(CompletableFuture.java:1144)
	at java.base/java.util.concurrent.CompletableFuture.postComplete(CompletableFuture.java:506)
	at java.base/java.util.concurrent.CompletableFuture.completeExceptionally(CompletableFuture.java:2088)
	at org.apache.ratis.server.raftlog.segmented.SegmentedRaftLog$Task.failed(SegmentedRaftLog.java:105)
	at org.apache.ratis.server.raftlog.segmented.SegmentedRaftLogWorker$WriteLog.failed(SegmentedRaftLogWorker.java:519)
	at org.apache.ratis.server.raftlog.segmented.SegmentedRaftLogWorker.run(SegmentedRaftLogWorker.java:317)
	at java.base/java.lang.Thread.run(Thread.java:829)
Caused by: org.apache.ratis.server.raftlog.RaftLogIOException: Log already failed at index 166 for task WriteLog:166: (t:5, i:166), STATEMACHINELOGENTRY, StateMachineLogEntryProto:439@client-8A0E3AB17445
	at org.apache.ratis.server.raftlog.segmented.SegmentedRaftLogWorker.run(SegmentedRaftLogWorker.java:320)
	... 1 more
Caused by: java.io.IOException: java.lang.IllegalStateException: Null stream: entry=term: 5
index: 166
stateMachineLogEntry {
  type: DATASTREAM
  clientId: "\231!h\2642\231BI\224\205\212\016:\261tE"
  callId: 439
}

	at org.apache.ratis.util.IOUtils.asIOException(IOUtils.java:56)
	at org.apache.ratis.util.IOUtils.toIOException(IOUtils.java:61)
	at org.apache.ratis.util.IOUtils.getFromFuture(IOUtils.java:85)
	at org.apache.ratis.server.raftlog.segmented.SegmentedRaftLogWorker$StateMachineDataPolicy.getFromFuture(SegmentedRaftLogWorker.java:88)
	at org.apache.ratis.server.raftlog.segmented.SegmentedRaftLogWorker$WriteLog.execute(SegmentedRaftLogWorker.java:540)
	at org.apache.ratis.server.raftlog.segmented.SegmentedRaftLogWorker.run(SegmentedRaftLogWorker.java:308)
	... 1 more
Caused by: java.lang.IllegalStateException: Null stream: entry=term: 5
index: 166
stateMachineLogEntry {
  type: DATASTREAM
  clientId: "\231!h\2642\231BI\224\205\212\016:\261tE"
  callId: 439
}

	at org.apache.ratis.datastream.DataStreamTestUtils$MultiDataStreamStateMachine.link(DataStreamTestUtils.java:159)
	at org.apache.ratis.server.raftlog.segmented.SegmentedRaftLogWorker$WriteLog.<init>(SegmentedRaftLogWorker.java:497)
	at org.apache.ratis.server.raftlog.segmented.SegmentedRaftLogWorker.writeLogEntry(SegmentedRaftLogWorker.java:443)
	at org.apache.ratis.server.raftlog.segmented.SegmentedRaftLog.appendEntryImpl(SegmentedRaftLog.java:409)
	at org.apache.ratis.server.raftlog.RaftLogBase.lambda$appendEntry$10(RaftLogBase.java:330)
	at org.apache.ratis.server.raftlog.RaftLogSequentialOps$Runner.runSequentially(RaftLogSequentialOps.java:78)
	at org.apache.ratis.server.raftlog.RaftLogBase.appendEntry(RaftLogBase.java:330)
	at org.apache.ratis.server.raftlog.segmented.SegmentedRaftLog.appendImpl(SegmentedRaftLog.java:456)
	at org.apache.ratis.server.raftlog.RaftLogBase.lambda$append$11(RaftLogBase.java:337)
	at org.apache.ratis.server.raftlog.RaftLogSequentialOps$Runner.runSequentially(RaftLogSequentialOps.java:69)
	at org.apache.ratis.server.raftlog.RaftLogBase.append(RaftLogBase.java:337)
	at org.apache.ratis.server.impl.RaftServerImpl.appendEntriesAsync(RaftServerImpl.java:1528)
	at org.apache.ratis.server.impl.RaftServerImpl.appendEntriesAsync(RaftServerImpl.java:1396)
	at org.apache.ratis.server.impl.RaftServerProxy.lambda$appendEntriesAsync$26(RaftServerProxy.java:634)
	at org.apache.ratis.util.JavaUtils.callAsUnchecked(JavaUtils.java:117)
	at org.apache.ratis.server.impl.RaftServerImpl.lambda$executeSubmitServerRequestAsync$11(RaftServerImpl.java:818)
	at java.base/java.util.concurrent.CompletableFuture$AsyncSupply.run(CompletableFuture.java:1700)
	at java.base/java.util.concurrent.ThreadPoolExecutor.runWorker(ThreadPoolExecutor.java:1128)
	at java.base/java.util.concurrent.ThreadPoolExecutor$Worker.run(ThreadPoolExecutor.java:628)
	... 1 more
2023-02-21 19:28:15,424 [s0-server-thread2] WARN  server.GrpcServerProtocolService (LogUtils.java:warn(124)) - s0: Failed APPEND_ENTRIES request s1->s0#13520-t5,previous=(t:5, i:166),leaderCommit=165,initializing? true,entries: size=1, first=(t:5, i:167), STATEMACHINELOGENTRY, 439@client-8A0E3AB17445
java.util.concurrent.CompletionException: org.apache.ratis.server.raftlog.RaftLogIOException: Log already failed at index 128 for task WriteLog:128: (t:3, i:128), STATEMACHINELOGENTRY, StateMachineLogEntryProto:439@client-8A0E3AB17445
	at java.base/java.util.concurrent.CompletableFuture.encodeThrowable(CompletableFuture.java:331)
	at java.base/java.util.concurrent.CompletableFuture.completeThrowable(CompletableFuture.java:346)
	at java.base/java.util.concurrent.CompletableFuture$BiRelay.tryFire(CompletableFuture.java:1423)
	at java.base/java.util.concurrent.CompletableFuture$CoCompletion.tryFire(CompletableFuture.java:1144)
	at java.base/java.util.concurrent.CompletableFuture.postComplete(CompletableFuture.java:506)
	at java.base/java.util.concurrent.CompletableFuture.completeExceptionally(CompletableFuture.java:2088)
	at org.apache.ratis.server.raftlog.segmented.SegmentedRaftLog$Task.failed(SegmentedRaftLog.java:105)
	at org.apache.ratis.server.raftlog.segmented.SegmentedRaftLogWorker$WriteLog.failed(SegmentedRaftLogWorker.java:519)
	at org.apache.ratis.server.raftlog.segmented.SegmentedRaftLogWorker.run(SegmentedRaftLogWorker.java:317)
	at java.base/java.lang.Thread.run(Thread.java:829)
Caused by: org.apache.ratis.server.raftlog.RaftLogIOException: Log already failed at index 128 for task WriteLog:128: (t:3, i:128), STATEMACHINELOGENTRY, StateMachineLogEntryProto:439@client-8A0E3AB17445
	at org.apache.ratis.server.raftlog.segmented.SegmentedRaftLogWorker.run(SegmentedRaftLogWorker.java:320)
	... 1 more
Caused by: java.io.IOException: java.lang.IllegalStateException: Null stream: entry=term: 3
index: 128
stateMachineLogEntry {
  type: DATASTREAM
  clientId: "\231!h\2642\231BI\224\205\212\016:\261tE"
  callId: 439
}

	at org.apache.ratis.util.IOUtils.asIOException(IOUtils.java:56)
	at org.apache.ratis.util.IOUtils.toIOException(IOUtils.java:61)
	at org.apache.ratis.util.IOUtils.getFromFuture(IOUtils.java:85)
	at org.apache.ratis.server.raftlog.segmented.SegmentedRaftLogWorker$StateMachineDataPolicy.getFromFuture(SegmentedRaftLogWorker.java:88)
	at org.apache.ratis.server.raftlog.segmented.SegmentedRaftLogWorker$WriteLog.execute(SegmentedRaftLogWorker.java:540)
	at org.apache.ratis.server.raftlog.segmented.SegmentedRaftLogWorker.run(SegmentedRaftLogWorker.java:308)
	... 1 more
Caused by: java.lang.IllegalStateException: Null stream: entry=term: 3
index: 128
stateMachineLogEntry {
  type: DATASTREAM
  clientId: "\231!h\2642\231BI\224\205\212\016:\261tE"
  callId: 439
}

	at org.apache.ratis.datastream.DataStreamTestUtils$MultiDataStreamStateMachine.link(DataStreamTestUtils.java:159)
	at org.apache.ratis.server.raftlog.segmented.SegmentedRaftLogWorker$WriteLog.<init>(SegmentedRaftLogWorker.java:497)
	at org.apache.ratis.server.raftlog.segmented.SegmentedRaftLogWorker.writeLogEntry(SegmentedRaftLogWorker.java:443)
	at org.apache.ratis.server.raftlog.segmented.SegmentedRaftLog.appendEntryImpl(SegmentedRaftLog.java:409)
	at org.apache.ratis.server.raftlog.RaftLogBase.lambda$appendEntry$10(RaftLogBase.java:330)
	at org.apache.ratis.server.raftlog.RaftLogSequentialOps$Runner.runSequentially(RaftLogSequentialOps.java:78)
	at org.apache.ratis.server.raftlog.RaftLogBase.appendEntry(RaftLogBase.java:330)
	at org.apache.ratis.server.raftlog.RaftLogBase.appendImpl(RaftLogBase.java:187)
	at org.apache.ratis.server.raftlog.RaftLogBase.lambda$append$2(RaftLogBase.java:161)
	at org.apache.ratis.server.raftlog.RaftLogSequentialOps$Runner.runSequentially(RaftLogSequentialOps.java:69)
	at org.apache.ratis.server.raftlog.RaftLogBase.append(RaftLogBase.java:161)
	at org.apache.ratis.server.impl.ServerState.appendLog(ServerState.java:312)
	at org.apache.ratis.server.impl.RaftServerImpl.appendTransaction(RaftServerImpl.java:779)
	at org.apache.ratis.server.impl.RaftServerImpl.submitClientRequestAsync(RaftServerImpl.java:886)
	at org.apache.ratis.server.impl.RaftServerImpl.lambda$executeSubmitClientRequestAsync$12(RaftServerImpl.java:824)
	at org.apache.ratis.util.JavaUtils.callAsUnchecked(JavaUtils.java:117)
	at org.apache.ratis.server.impl.RaftServerImpl.lambda$executeSubmitClientRequestAsync$13(RaftServerImpl.java:824)
	at java.base/java.util.concurrent.CompletableFuture$AsyncSupply.run(CompletableFuture.java:1700)
	at java.base/java.util.concurrent.ThreadPoolExecutor.runWorker(ThreadPoolExecutor.java:1128)
	at java.base/java.util.concurrent.ThreadPoolExecutor$Worker.run(ThreadPoolExecutor.java:628)
	... 1 more
2023-02-21 19:28:15,427 [grpc-default-executor-10] WARN  server.GrpcLogAppender (LogUtils.java:warn(124)) - s1@group-ECF61963C484->s2-AppendLogResponseHandler: Failed appendEntries
org.apache.ratis.server.raftlog.RaftLogIOException: Log already failed at index 166 for task WriteLog:166: (t:5, i:166), STATEMACHINELOGENTRY, StateMachineLogEntryProto:439@client-8A0E3AB17445
	at org.apache.ratis.server.raftlog.segmented.SegmentedRaftLogWorker.run(SegmentedRaftLogWorker.java:320)
	at java.base/java.lang.Thread.run(Thread.java:829)
Caused by: java.io.IOException: java.lang.IllegalStateException: Null stream: entry=term: 5
index: 166
stateMachineLogEntry {
  type: DATASTREAM
  clientId: "\231!h\2642\231BI\224\205\212\016:\261tE"
  callId: 439
}

	at org.apache.ratis.util.IOUtils.asIOException(IOUtils.java:56)
	at org.apache.ratis.util.IOUtils.toIOException(IOUtils.java:61)
	at org.apache.ratis.util.IOUtils.getFromFuture(IOUtils.java:85)
	at org.apache.ratis.server.raftlog.segmented.SegmentedRaftLogWorker$StateMachineDataPolicy.getFromFuture(SegmentedRaftLogWorker.java:88)
	at org.apache.ratis.server.raftlog.segmented.SegmentedRaftLogWorker$WriteLog.execute(SegmentedRaftLogWorker.java:540)
	at org.apache.ratis.server.raftlog.segmented.SegmentedRaftLogWorker.run(SegmentedRaftLogWorker.java:308)
	... 1 more
Caused by: java.lang.IllegalStateException: Null stream: entry=term: 5
index: 166
stateMachineLogEntry {
  type: DATASTREAM
  clientId: "\231!h\2642\231BI\224\205\212\016:\261tE"
  callId: 439
}

	at org.apache.ratis.datastream.DataStreamTestUtils$MultiDataStreamStateMachine.link(DataStreamTestUtils.java:159)
	at org.apache.ratis.server.raftlog.segmented.SegmentedRaftLogWorker$WriteLog.<init>(SegmentedRaftLogWorker.java:497)
	at org.apache.ratis.server.raftlog.segmented.SegmentedRaftLogWorker.writeLogEntry(SegmentedRaftLogWorker.java:443)
	at org.apache.ratis.server.raftlog.segmented.SegmentedRaftLog.appendEntryImpl(SegmentedRaftLog.java:409)
	at org.apache.ratis.server.raftlog.RaftLogBase.lambda$appendEntry$10(RaftLogBase.java:330)
	at org.apache.ratis.server.raftlog.RaftLogSequentialOps$Runner.runSequentially(RaftLogSequentialOps.java:78)
	at org.apache.ratis.server.raftlog.RaftLogBase.appendEntry(RaftLogBase.java:330)
	at org.apache.ratis.server.raftlog.segmented.SegmentedRaftLog.appendImpl(SegmentedRaftLog.java:456)
	at org.apache.ratis.server.raftlog.RaftLogBase.lambda$append$11(RaftLogBase.java:337)
	at org.apache.ratis.server.raftlog.RaftLogSequentialOps$Runner.runSequentially(RaftLogSequentialOps.java:69)
	at org.apache.ratis.server.raftlog.RaftLogBase.append(RaftLogBase.java:337)
	at org.apache.ratis.server.impl.RaftServerImpl.appendEntriesAsync(RaftServerImpl.java:1528)
	at org.apache.ratis.server.impl.RaftServerImpl.appendEntriesAsync(RaftServerImpl.java:1396)
	at org.apache.ratis.server.impl.RaftServerProxy.lambda$appendEntriesAsync$26(RaftServerProxy.java:634)
	at org.apache.ratis.util.JavaUtils.callAsUnchecked(JavaUtils.java:117)
	at org.apache.ratis.server.impl.RaftServerImpl.lambda$executeSubmitServerRequestAsync$11(RaftServerImpl.java:818)
	at java.base/java.util.concurrent.CompletableFuture$AsyncSupply.run(CompletableFuture.java:1700)
	at java.base/java.util.concurrent.ThreadPoolExecutor.runWorker(ThreadPoolExecutor.java:1128)
	at java.base/java.util.concurrent.ThreadPoolExecutor$Worker.run(ThreadPoolExecutor.java:628)
	... 1 more
2023-02-21 19:28:15,429 [grpc-default-executor-10] INFO  leader.FollowerInfo (FollowerInfoImpl.java:lambda$new$0(52)) - s1@group-ECF61963C484->s2: nextIndex: updateUnconditionally 168 -> 167
2023-02-21 19:28:15,433 [grpc-default-executor-10] WARN  server.GrpcLogAppender (LogUtils.java:warn(124)) - s1@group-ECF61963C484->s0-AppendLogResponseHandler: Failed appendEntries
org.apache.ratis.server.raftlog.RaftLogIOException: Log already failed at index 128 for task WriteLog:128: (t:3, i:128), STATEMACHINELOGENTRY, StateMachineLogEntryProto:439@client-8A0E3AB17445
	at org.apache.ratis.server.raftlog.segmented.SegmentedRaftLogWorker.run(SegmentedRaftLogWorker.java:320)
	at java.base/java.lang.Thread.run(Thread.java:829)
Caused by: java.io.IOException: java.lang.IllegalStateException: Null stream: entry=term: 3
index: 128
stateMachineLogEntry {
  type: DATASTREAM
  clientId: "\231!h\2642\231BI\224\205\212\016:\261tE"
  callId: 439
}

	at org.apache.ratis.util.IOUtils.asIOException(IOUtils.java:56)
	at org.apache.ratis.util.IOUtils.toIOException(IOUtils.java:61)
	at org.apache.ratis.util.IOUtils.getFromFuture(IOUtils.java:85)
	at org.apache.ratis.server.raftlog.segmented.SegmentedRaftLogWorker$StateMachineDataPolicy.getFromFuture(SegmentedRaftLogWorker.java:88)
	at org.apache.ratis.server.raftlog.segmented.SegmentedRaftLogWorker$WriteLog.execute(SegmentedRaftLogWorker.java:540)
	at org.apache.ratis.server.raftlog.segmented.SegmentedRaftLogWorker.run(SegmentedRaftLogWorker.java:308)
	... 1 more
Caused by: java.lang.IllegalStateException: Null stream: entry=term: 3
index: 128
stateMachineLogEntry {
  type: DATASTREAM
  clientId: "\231!h\2642\231BI\224\205\212\016:\261tE"
  callId: 439
}

	at org.apache.ratis.datastream.DataStreamTestUtils$MultiDataStreamStateMachine.link(DataStreamTestUtils.java:159)
	at org.apache.ratis.server.raftlog.segmented.SegmentedRaftLogWorker$WriteLog.<init>(SegmentedRaftLogWorker.java:497)
	at org.apache.ratis.server.raftlog.segmented.SegmentedRaftLogWorker.writeLogEntry(SegmentedRaftLogWorker.java:443)
	at org.apache.ratis.server.raftlog.segmented.SegmentedRaftLog.appendEntryImpl(SegmentedRaftLog.java:409)
	at org.apache.ratis.server.raftlog.RaftLogBase.lambda$appendEntry$10(RaftLogBase.java:330)
	at org.apache.ratis.server.raftlog.RaftLogSequentialOps$Runner.runSequentially(RaftLogSequentialOps.java:78)
	at org.apache.ratis.server.raftlog.RaftLogBase.appendEntry(RaftLogBase.java:330)
	at org.apache.ratis.server.raftlog.RaftLogBase.appendImpl(RaftLogBase.java:187)
	at org.apache.ratis.server.raftlog.RaftLogBase.lambda$append$2(RaftLogBase.java:161)
	at org.apache.ratis.server.raftlog.RaftLogSequentialOps$Runner.runSequentially(RaftLogSequentialOps.java:69)
	at org.apache.ratis.server.raftlog.RaftLogBase.append(RaftLogBase.java:161)
	at org.apache.ratis.server.impl.ServerState.appendLog(ServerState.java:312)
	at org.apache.ratis.server.impl.RaftServerImpl.appendTransaction(RaftServerImpl.java:779)
	at org.apache.ratis.server.impl.RaftServerImpl.submitClientRequestAsync(RaftServerImpl.java:886)
	at org.apache.ratis.server.impl.RaftServerImpl.lambda$executeSubmitClientRequestAsync$12(RaftServerImpl.java:824)
	at org.apache.ratis.util.JavaUtils.callAsUnchecked(JavaUtils.java:117)
	at org.apache.ratis.server.impl.RaftServerImpl.lambda$executeSubmitClientRequestAsync$13(RaftServerImpl.java:824)
	at java.base/java.util.concurrent.CompletableFuture$AsyncSupply.run(CompletableFuture.java:1700)
	at java.base/java.util.concurrent.ThreadPoolExecutor.runWorker(ThreadPoolExecutor.java:1128)
	at java.base/java.util.concurrent.ThreadPoolExecutor$Worker.run(ThreadPoolExecutor.java:628)
	... 1 more
2023-02-21 19:28:15,433 [grpc-default-executor-10] INFO  leader.FollowerInfo (FollowerInfoImpl.java:lambda$new$0(52)) - s1@group-ECF61963C484->s0: nextIndex: updateUnconditionally 168 -> 167
2023-02-21 19:28:19,106 [Timer-2] INFO  impl.MiniRaftCluster (MiniRaftCluster.java:lambda$start$6(349)) - TIMED-PRINT: printing ALL groups
  s0:  RUNNING  FOLLOWER s0@group-ECF61963C484:t5, leader=s1, voted=null, raftlog=Memoized:s0@group-ECF61963C484-SegmentedRaftLog:OPENED:c127, conf=128: peers:[s0|rpc:localhost:36399|admin:localhost:45573|client:localhost:36971|dataStream:localhost:43269|priority:0|startupRole:FOLLOWER, s1|rpc:localhost:45309|admin:localhost:41751|client:localhost:45149|dataStream:localhost:41895|priority:0|startupRole:FOLLOWER, s2|rpc:localhost:36685|admin:localhost:46439|client:localhost:40511|dataStream:localhost:44375|priority:0|startupRole:FOLLOWER]|listeners:[], old=null RUNNING
  s1:  RUNNING    LEADER s1@group-ECF61963C484:t5, leader=s1, voted=s1, raftlog=Memoized:s1@group-ECF61963C484-SegmentedRaftLog:OPENED:c165, conf=128: peers:[s0|rpc:localhost:36399|admin:localhost:45573|client:localhost:36971|dataStream:localhost:43269|priority:0|startupRole:FOLLOWER, s1|rpc:localhost:45309|admin:localhost:41751|client:localhost:45149|dataStream:localhost:41895|priority:0|startupRole:FOLLOWER, s2|rpc:localhost:36685|admin:localhost:46439|client:localhost:40511|dataStream:localhost:44375|priority:0|startupRole:FOLLOWER]|listeners:[], old=null RUNNING
  s2:  RUNNING  FOLLOWER s2@group-ECF61963C484:t5, leader=s1, voted=s1, raftlog=Memoized:s2@group-ECF61963C484-SegmentedRaftLog:OPENED:c165, conf=128: peers:[s0|rpc:localhost:36399|admin:localhost:45573|client:localhost:36971|dataStream:localhost:43269|priority:0|startupRole:FOLLOWER, s1|rpc:localhost:45309|admin:localhost:41751|client:localhost:45149|dataStream:localhost:41895|priority:0|startupRole:FOLLOWER, s2|rpc:localhost:36685|admin:localhost:46439|client:localhost:40511|dataStream:localhost:44375|priority:0|startupRole:FOLLOWER]|listeners:[], old=null RUNNING
2023-02-21 19:28:21,428 [timer7] WARN  grpc.GrpcUtil (GrpcUtil.java:shutdownManagedChannel(223)) - Timed out gracefully shutting down connection: ManagedChannelOrphanWrapper{delegate=ManagedChannelImpl{logId=747, target=localhost:45149}}. 
2023-02-21 19:28:27,558 [timer4] WARN  grpc.GrpcUtil (GrpcUtil.java:shutdownManagedChannel(223)) - Timed out gracefully shutting down connection: ManagedChannelOrphanWrapper{delegate=ManagedChannelImpl{logId=761, target=localhost:45149}}. 
2023-02-21 19:28:29,105 [Timer-2] INFO  impl.MiniRaftCluster (MiniRaftCluster.java:lambda$start$6(349)) - TIMED-PRINT: printing ALL groups
  s0:  RUNNING  FOLLOWER s0@group-ECF61963C484:t5, leader=s1, voted=null, raftlog=Memoized:s0@group-ECF61963C484-SegmentedRaftLog:OPENED:c127, conf=128: peers:[s0|rpc:localhost:36399|admin:localhost:45573|client:localhost:36971|dataStream:localhost:43269|priority:0|startupRole:FOLLOWER, s1|rpc:localhost:45309|admin:localhost:41751|client:localhost:45149|dataStream:localhost:41895|priority:0|startupRole:FOLLOWER, s2|rpc:localhost:36685|admin:localhost:46439|client:localhost:40511|dataStream:localhost:44375|priority:0|startupRole:FOLLOWER]|listeners:[], old=null RUNNING
  s1:  RUNNING    LEADER s1@group-ECF61963C484:t5, leader=s1, voted=s1, raftlog=Memoized:s1@group-ECF61963C484-SegmentedRaftLog:OPENED:c165, conf=128: peers:[s0|rpc:localhost:36399|admin:localhost:45573|client:localhost:36971|dataStream:localhost:43269|priority:0|startupRole:FOLLOWER, s1|rpc:localhost:45309|admin:localhost:41751|client:localhost:45149|dataStream:localhost:41895|priority:0|startupRole:FOLLOWER, s2|rpc:localhost:36685|admin:localhost:46439|client:localhost:40511|dataStream:localhost:44375|priority:0|startupRole:FOLLOWER]|listeners:[], old=null RUNNING
  s2:  RUNNING  FOLLOWER s2@group-ECF61963C484:t5, leader=s1, voted=s1, raftlog=Memoized:s2@group-ECF61963C484-SegmentedRaftLog:OPENED:c165, conf=128: peers:[s0|rpc:localhost:36399|admin:localhost:45573|client:localhost:36971|dataStream:localhost:43269|priority:0|startupRole:FOLLOWER, s1|rpc:localhost:45309|admin:localhost:41751|client:localhost:45149|dataStream:localhost:41895|priority:0|startupRole:FOLLOWER, s2|rpc:localhost:36685|admin:localhost:46439|client:localhost:40511|dataStream:localhost:44375|priority:0|startupRole:FOLLOWER]|listeners:[], old=null RUNNING
2023-02-21 19:28:33,691 [timer6] WARN  grpc.GrpcUtil (GrpcUtil.java:shutdownManagedChannel(223)) - Timed out gracefully shutting down connection: ManagedChannelOrphanWrapper{delegate=ManagedChannelImpl{logId=775, target=localhost:45149}}. 
2023-02-21 19:28:39,106 [Timer-2] INFO  impl.MiniRaftCluster (MiniRaftCluster.java:lambda$start$6(349)) - TIMED-PRINT: printing ALL groups
  s0:  RUNNING  FOLLOWER s0@group-ECF61963C484:t5, leader=s1, voted=null, raftlog=Memoized:s0@group-ECF61963C484-SegmentedRaftLog:OPENED:c127, conf=128: peers:[s0|rpc:localhost:36399|admin:localhost:45573|client:localhost:36971|dataStream:localhost:43269|priority:0|startupRole:FOLLOWER, s1|rpc:localhost:45309|admin:localhost:41751|client:localhost:45149|dataStream:localhost:41895|priority:0|startupRole:FOLLOWER, s2|rpc:localhost:36685|admin:localhost:46439|client:localhost:40511|dataStream:localhost:44375|priority:0|startupRole:FOLLOWER]|listeners:[], old=null RUNNING
  s1:  RUNNING    LEADER s1@group-ECF61963C484:t5, leader=s1, voted=s1, raftlog=Memoized:s1@group-ECF61963C484-SegmentedRaftLog:OPENED:c165, conf=128: peers:[s0|rpc:localhost:36399|admin:localhost:45573|client:localhost:36971|dataStream:localhost:43269|priority:0|startupRole:FOLLOWER, s1|rpc:localhost:45309|admin:localhost:41751|client:localhost:45149|dataStream:localhost:41895|priority:0|startupRole:FOLLOWER, s2|rpc:localhost:36685|admin:localhost:46439|client:localhost:40511|dataStream:localhost:44375|priority:0|startupRole:FOLLOWER]|listeners:[], old=null RUNNING
  s2:  RUNNING  FOLLOWER s2@group-ECF61963C484:t5, leader=s1, voted=s1, raftlog=Memoized:s2@group-ECF61963C484-SegmentedRaftLog:OPENED:c165, conf=128: peers:[s0|rpc:localhost:36399|admin:localhost:45573|client:localhost:36971|dataStream:localhost:43269|priority:0|startupRole:FOLLOWER, s1|rpc:localhost:45309|admin:localhost:41751|client:localhost:45149|dataStream:localhost:41895|priority:0|startupRole:FOLLOWER, s2|rpc:localhost:36685|admin:localhost:46439|client:localhost:40511|dataStream:localhost:44375|priority:0|startupRole:FOLLOWER]|listeners:[], old=null RUNNING
2023-02-21 19:28:39,814 [timer3] WARN  grpc.GrpcUtil (GrpcUtil.java:shutdownManagedChannel(223)) - Timed out gracefully shutting down connection: ManagedChannelOrphanWrapper{delegate=ManagedChannelImpl{logId=789, target=localhost:45149}}. 
2023-02-21 19:28:45,938 [timer1] WARN  grpc.GrpcUtil (GrpcUtil.java:shutdownManagedChannel(223)) - Timed out gracefully shutting down connection: ManagedChannelOrphanWrapper{delegate=ManagedChannelImpl{logId=803, target=localhost:45149}}. 
2023-02-21 19:28:49,105 [Timer-2] INFO  impl.MiniRaftCluster (MiniRaftCluster.java:lambda$start$6(349)) - TIMED-PRINT: printing ALL groups
  s0:  RUNNING  FOLLOWER s0@group-ECF61963C484:t5, leader=s1, voted=null, raftlog=Memoized:s0@group-ECF61963C484-SegmentedRaftLog:OPENED:c127, conf=128: peers:[s0|rpc:localhost:36399|admin:localhost:45573|client:localhost:36971|dataStream:localhost:43269|priority:0|startupRole:FOLLOWER, s1|rpc:localhost:45309|admin:localhost:41751|client:localhost:45149|dataStream:localhost:41895|priority:0|startupRole:FOLLOWER, s2|rpc:localhost:36685|admin:localhost:46439|client:localhost:40511|dataStream:localhost:44375|priority:0|startupRole:FOLLOWER]|listeners:[], old=null RUNNING
  s1:  RUNNING    LEADER s1@group-ECF61963C484:t5, leader=s1, voted=s1, raftlog=Memoized:s1@group-ECF61963C484-SegmentedRaftLog:OPENED:c165, conf=128: peers:[s0|rpc:localhost:36399|admin:localhost:45573|client:localhost:36971|dataStream:localhost:43269|priority:0|startupRole:FOLLOWER, s1|rpc:localhost:45309|admin:localhost:41751|client:localhost:45149|dataStream:localhost:41895|priority:0|startupRole:FOLLOWER, s2|rpc:localhost:36685|admin:localhost:46439|client:localhost:40511|dataStream:localhost:44375|priority:0|startupRole:FOLLOWER]|listeners:[], old=null RUNNING
  s2:  RUNNING  FOLLOWER s2@group-ECF61963C484:t5, leader=s1, voted=s1, raftlog=Memoized:s2@group-ECF61963C484-SegmentedRaftLog:OPENED:c165, conf=128: peers:[s0|rpc:localhost:36399|admin:localhost:45573|client:localhost:36971|dataStream:localhost:43269|priority:0|startupRole:FOLLOWER, s1|rpc:localhost:45309|admin:localhost:41751|client:localhost:45149|dataStream:localhost:41895|priority:0|startupRole:FOLLOWER, s2|rpc:localhost:36685|admin:localhost:46439|client:localhost:40511|dataStream:localhost:44375|priority:0|startupRole:FOLLOWER]|listeners:[], old=null RUNNING
2023-02-21 19:28:52,061 [timer1] WARN  grpc.GrpcUtil (GrpcUtil.java:shutdownManagedChannel(223)) - Timed out gracefully shutting down connection: ManagedChannelOrphanWrapper{delegate=ManagedChannelImpl{logId=817, target=localhost:45149}}. 
2023-02-21 19:28:58,185 [timer3] WARN  grpc.GrpcUtil (GrpcUtil.java:shutdownManagedChannel(223)) - Timed out gracefully shutting down connection: ManagedChannelOrphanWrapper{delegate=ManagedChannelImpl{logId=831, target=localhost:45149}}. 
2023-02-21 19:28:59,105 [Timer-2] INFO  impl.MiniRaftCluster (MiniRaftCluster.java:lambda$start$6(349)) - TIMED-PRINT: printing ALL groups
  s0:  RUNNING  FOLLOWER s0@group-ECF61963C484:t5, leader=s1, voted=null, raftlog=Memoized:s0@group-ECF61963C484-SegmentedRaftLog:OPENED:c127, conf=128: peers:[s0|rpc:localhost:36399|admin:localhost:45573|client:localhost:36971|dataStream:localhost:43269|priority:0|startupRole:FOLLOWER, s1|rpc:localhost:45309|admin:localhost:41751|client:localhost:45149|dataStream:localhost:41895|priority:0|startupRole:FOLLOWER, s2|rpc:localhost:36685|admin:localhost:46439|client:localhost:40511|dataStream:localhost:44375|priority:0|startupRole:FOLLOWER]|listeners:[], old=null RUNNING
  s1:  RUNNING    LEADER s1@group-ECF61963C484:t5, leader=s1, voted=s1, raftlog=Memoized:s1@group-ECF61963C484-SegmentedRaftLog:OPENED:c165, conf=128: peers:[s0|rpc:localhost:36399|admin:localhost:45573|client:localhost:36971|dataStream:localhost:43269|priority:0|startupRole:FOLLOWER, s1|rpc:localhost:45309|admin:localhost:41751|client:localhost:45149|dataStream:localhost:41895|priority:0|startupRole:FOLLOWER, s2|rpc:localhost:36685|admin:localhost:46439|client:localhost:40511|dataStream:localhost:44375|priority:0|startupRole:FOLLOWER]|listeners:[], old=null RUNNING
  s2:  RUNNING  FOLLOWER s2@group-ECF61963C484:t5, leader=s1, voted=s1, raftlog=Memoized:s2@group-ECF61963C484-SegmentedRaftLog:OPENED:c165, conf=128: peers:[s0|rpc:localhost:36399|admin:localhost:45573|client:localhost:36971|dataStream:localhost:43269|priority:0|startupRole:FOLLOWER, s1|rpc:localhost:45309|admin:localhost:41751|client:localhost:45149|dataStream:localhost:41895|priority:0|startupRole:FOLLOWER, s2|rpc:localhost:36685|admin:localhost:46439|client:localhost:40511|dataStream:localhost:44375|priority:0|startupRole:FOLLOWER]|listeners:[], old=null RUNNING
2023-02-21 19:29:04,312 [timer1] WARN  grpc.GrpcUtil (GrpcUtil.java:shutdownManagedChannel(223)) - Timed out gracefully shutting down connection: ManagedChannelOrphanWrapper{delegate=ManagedChannelImpl{logId=845, target=localhost:45149}}. 
2023-02-21 19:29:09,106 [Timer-2] INFO  impl.MiniRaftCluster (MiniRaftCluster.java:lambda$start$6(349)) - TIMED-PRINT: printing ALL groups
  s0:  RUNNING  FOLLOWER s0@group-ECF61963C484:t5, leader=s1, voted=null, raftlog=Memoized:s0@group-ECF61963C484-SegmentedRaftLog:OPENED:c127, conf=128: peers:[s0|rpc:localhost:36399|admin:localhost:45573|client:localhost:36971|dataStream:localhost:43269|priority:0|startupRole:FOLLOWER, s1|rpc:localhost:45309|admin:localhost:41751|client:localhost:45149|dataStream:localhost:41895|priority:0|startupRole:FOLLOWER, s2|rpc:localhost:36685|admin:localhost:46439|client:localhost:40511|dataStream:localhost:44375|priority:0|startupRole:FOLLOWER]|listeners:[], old=null RUNNING
  s1:  RUNNING    LEADER s1@group-ECF61963C484:t5, leader=s1, voted=s1, raftlog=Memoized:s1@group-ECF61963C484-SegmentedRaftLog:OPENED:c165, conf=128: peers:[s0|rpc:localhost:36399|admin:localhost:45573|client:localhost:36971|dataStream:localhost:43269|priority:0|startupRole:FOLLOWER, s1|rpc:localhost:45309|admin:localhost:41751|client:localhost:45149|dataStream:localhost:41895|priority:0|startupRole:FOLLOWER, s2|rpc:localhost:36685|admin:localhost:46439|client:localhost:40511|dataStream:localhost:44375|priority:0|startupRole:FOLLOWER]|listeners:[], old=null RUNNING
  s2:  RUNNING  FOLLOWER s2@group-ECF61963C484:t5, leader=s1, voted=s1, raftlog=Memoized:s2@group-ECF61963C484-SegmentedRaftLog:OPENED:c165, conf=128: peers:[s0|rpc:localhost:36399|admin:localhost:45573|client:localhost:36971|dataStream:localhost:43269|priority:0|startupRole:FOLLOWER, s1|rpc:localhost:45309|admin:localhost:41751|client:localhost:45149|dataStream:localhost:41895|priority:0|startupRole:FOLLOWER, s2|rpc:localhost:36685|admin:localhost:46439|client:localhost:40511|dataStream:localhost:44375|priority:0|startupRole:FOLLOWER]|listeners:[], old=null RUNNING
2023-02-21 19:29:10,448 [timer1] WARN  grpc.GrpcUtil (GrpcUtil.java:shutdownManagedChannel(223)) - Timed out gracefully shutting down connection: ManagedChannelOrphanWrapper{delegate=ManagedChannelImpl{logId=859, target=localhost:45149}}. 
2023-02-21 19:29:16,571 [timer1] WARN  grpc.GrpcUtil (GrpcUtil.java:shutdownManagedChannel(223)) - Timed out gracefully shutting down connection: ManagedChannelOrphanWrapper{delegate=ManagedChannelImpl{logId=873, target=localhost:45149}}. 
2023-02-21 19:29:16,701 [s1-client-thread2] INFO  statemachine.StateMachine (DataStreamTestUtils.java:link(157)) - link null
2023-02-21 19:29:16,703 [s2-server-thread3] INFO  statemachine.StateMachine (DataStreamTestUtils.java:link(157)) - link null
2023-02-21 19:29:16,704 [grpc-default-executor-4] WARN  server.GrpcServerProtocolService (LogUtils.java:warn(124)) - s2: Failed APPEND_ENTRIES request s1->s2#2453-t5,previous=(t:5, i:167),leaderCommit=165,initializing? true,entries: size=1, first=(t:5, i:168), STATEMACHINELOGENTRY, 439@client-8A0E3AB17445
java.util.concurrent.CompletionException: org.apache.ratis.server.raftlog.RaftLogIOException: Log already failed at index 166 for task WriteLog:166: (t:5, i:166), STATEMACHINELOGENTRY, StateMachineLogEntryProto:439@client-8A0E3AB17445
	at java.base/java.util.concurrent.CompletableFuture.encodeThrowable(CompletableFuture.java:331)
	at java.base/java.util.concurrent.CompletableFuture.completeThrowable(CompletableFuture.java:346)
	at java.base/java.util.concurrent.CompletableFuture$BiRelay.tryFire(CompletableFuture.java:1423)
	at java.base/java.util.concurrent.CompletableFuture$CoCompletion.tryFire(CompletableFuture.java:1144)
	at java.base/java.util.concurrent.CompletableFuture.postComplete(CompletableFuture.java:506)
	at java.base/java.util.concurrent.CompletableFuture.completeExceptionally(CompletableFuture.java:2088)
	at org.apache.ratis.server.raftlog.segmented.SegmentedRaftLog$Task.failed(SegmentedRaftLog.java:105)
	at org.apache.ratis.server.raftlog.segmented.SegmentedRaftLogWorker$WriteLog.failed(SegmentedRaftLogWorker.java:519)
	at org.apache.ratis.server.raftlog.segmented.SegmentedRaftLogWorker.run(SegmentedRaftLogWorker.java:317)
	at java.base/java.lang.Thread.run(Thread.java:829)
Caused by: org.apache.ratis.server.raftlog.RaftLogIOException: Log already failed at index 166 for task WriteLog:166: (t:5, i:166), STATEMACHINELOGENTRY, StateMachineLogEntryProto:439@client-8A0E3AB17445
	at org.apache.ratis.server.raftlog.segmented.SegmentedRaftLogWorker.run(SegmentedRaftLogWorker.java:320)
	... 1 more
Caused by: java.io.IOException: java.lang.IllegalStateException: Null stream: entry=term: 5
index: 166
stateMachineLogEntry {
  type: DATASTREAM
  clientId: "\231!h\2642\231BI\224\205\212\016:\261tE"
  callId: 439
}

	at org.apache.ratis.util.IOUtils.asIOException(IOUtils.java:56)
	at org.apache.ratis.util.IOUtils.toIOException(IOUtils.java:61)
	at org.apache.ratis.util.IOUtils.getFromFuture(IOUtils.java:85)
	at org.apache.ratis.server.raftlog.segmented.SegmentedRaftLogWorker$StateMachineDataPolicy.getFromFuture(SegmentedRaftLogWorker.java:88)
	at org.apache.ratis.server.raftlog.segmented.SegmentedRaftLogWorker$WriteLog.execute(SegmentedRaftLogWorker.java:540)
	at org.apache.ratis.server.raftlog.segmented.SegmentedRaftLogWorker.run(SegmentedRaftLogWorker.java:308)
	... 1 more
Caused by: java.lang.IllegalStateException: Null stream: entry=term: 5
index: 166
stateMachineLogEntry {
  type: DATASTREAM
  clientId: "\231!h\2642\231BI\224\205\212\016:\261tE"
  callId: 439
}

	at org.apache.ratis.datastream.DataStreamTestUtils$MultiDataStreamStateMachine.link(DataStreamTestUtils.java:159)
	at org.apache.ratis.server.raftlog.segmented.SegmentedRaftLogWorker$WriteLog.<init>(SegmentedRaftLogWorker.java:497)
	at org.apache.ratis.server.raftlog.segmented.SegmentedRaftLogWorker.writeLogEntry(SegmentedRaftLogWorker.java:443)
	at org.apache.ratis.server.raftlog.segmented.SegmentedRaftLog.appendEntryImpl(SegmentedRaftLog.java:409)
	at org.apache.ratis.server.raftlog.RaftLogBase.lambda$appendEntry$10(RaftLogBase.java:330)
	at org.apache.ratis.server.raftlog.RaftLogSequentialOps$Runner.runSequentially(RaftLogSequentialOps.java:78)
	at org.apache.ratis.server.raftlog.RaftLogBase.appendEntry(RaftLogBase.java:330)
	at org.apache.ratis.server.raftlog.segmented.SegmentedRaftLog.appendImpl(SegmentedRaftLog.java:456)
	at org.apache.ratis.server.raftlog.RaftLogBase.lambda$append$11(RaftLogBase.java:337)
	at org.apache.ratis.server.raftlog.RaftLogSequentialOps$Runner.runSequentially(RaftLogSequentialOps.java:69)
	at org.apache.ratis.server.raftlog.RaftLogBase.append(RaftLogBase.java:337)
	at org.apache.ratis.server.impl.RaftServerImpl.appendEntriesAsync(RaftServerImpl.java:1528)
	at org.apache.ratis.server.impl.RaftServerImpl.appendEntriesAsync(RaftServerImpl.java:1396)
	at org.apache.ratis.server.impl.RaftServerProxy.lambda$appendEntriesAsync$26(RaftServerProxy.java:634)
	at org.apache.ratis.util.JavaUtils.callAsUnchecked(JavaUtils.java:117)
	at org.apache.ratis.server.impl.RaftServerImpl.lambda$executeSubmitServerRequestAsync$11(RaftServerImpl.java:818)
	at java.base/java.util.concurrent.CompletableFuture$AsyncSupply.run(CompletableFuture.java:1700)
	at java.base/java.util.concurrent.ThreadPoolExecutor.runWorker(ThreadPoolExecutor.java:1128)
	at java.base/java.util.concurrent.ThreadPoolExecutor$Worker.run(ThreadPoolExecutor.java:628)
	... 1 more
2023-02-21 19:29:16,705 [s0-server-thread2] INFO  statemachine.StateMachine (DataStreamTestUtils.java:link(157)) - link null
2023-02-21 19:29:16,707 [grpc-default-executor-4] WARN  server.GrpcLogAppender (LogUtils.java:warn(124)) - s1@group-ECF61963C484->s2-AppendLogResponseHandler: Failed appendEntries
org.apache.ratis.server.raftlog.RaftLogIOException: Log already failed at index 166 for task WriteLog:166: (t:5, i:166), STATEMACHINELOGENTRY, StateMachineLogEntryProto:439@client-8A0E3AB17445
	at org.apache.ratis.server.raftlog.segmented.SegmentedRaftLogWorker.run(SegmentedRaftLogWorker.java:320)
	at java.base/java.lang.Thread.run(Thread.java:829)
Caused by: java.io.IOException: java.lang.IllegalStateException: Null stream: entry=term: 5
index: 166
stateMachineLogEntry {
  type: DATASTREAM
  clientId: "\231!h\2642\231BI\224\205\212\016:\261tE"
  callId: 439
}

	at org.apache.ratis.util.IOUtils.asIOException(IOUtils.java:56)
	at org.apache.ratis.util.IOUtils.toIOException(IOUtils.java:61)
	at org.apache.ratis.util.IOUtils.getFromFuture(IOUtils.java:85)
	at org.apache.ratis.server.raftlog.segmented.SegmentedRaftLogWorker$StateMachineDataPolicy.getFromFuture(SegmentedRaftLogWorker.java:88)
	at org.apache.ratis.server.raftlog.segmented.SegmentedRaftLogWorker$WriteLog.execute(SegmentedRaftLogWorker.java:540)
	at org.apache.ratis.server.raftlog.segmented.SegmentedRaftLogWorker.run(SegmentedRaftLogWorker.java:308)
	... 1 more
Caused by: java.lang.IllegalStateException: Null stream: entry=term: 5
index: 166
stateMachineLogEntry {
  type: DATASTREAM
  clientId: "\231!h\2642\231BI\224\205\212\016:\261tE"
  callId: 439
}

	at org.apache.ratis.datastream.DataStreamTestUtils$MultiDataStreamStateMachine.link(DataStreamTestUtils.java:159)
	at org.apache.ratis.server.raftlog.segmented.SegmentedRaftLogWorker$WriteLog.<init>(SegmentedRaftLogWorker.java:497)
	at org.apache.ratis.server.raftlog.segmented.SegmentedRaftLogWorker.writeLogEntry(SegmentedRaftLogWorker.java:443)
	at org.apache.ratis.server.raftlog.segmented.SegmentedRaftLog.appendEntryImpl(SegmentedRaftLog.java:409)
	at org.apache.ratis.server.raftlog.RaftLogBase.lambda$appendEntry$10(RaftLogBase.java:330)
	at org.apache.ratis.server.raftlog.RaftLogSequentialOps$Runner.runSequentially(RaftLogSequentialOps.java:78)
	at org.apache.ratis.server.raftlog.RaftLogBase.appendEntry(RaftLogBase.java:330)
	at org.apache.ratis.server.raftlog.segmented.SegmentedRaftLog.appendImpl(SegmentedRaftLog.java:456)
	at org.apache.ratis.server.raftlog.RaftLogBase.lambda$append$11(RaftLogBase.java:337)
	at org.apache.ratis.server.raftlog.RaftLogSequentialOps$Runner.runSequentially(RaftLogSequentialOps.java:69)
	at org.apache.ratis.server.raftlog.RaftLogBase.append(RaftLogBase.java:337)
	at org.apache.ratis.server.impl.RaftServerImpl.appendEntriesAsync(RaftServerImpl.java:1528)
	at org.apache.ratis.server.impl.RaftServerImpl.appendEntriesAsync(RaftServerImpl.java:1396)
	at org.apache.ratis.server.impl.RaftServerProxy.lambda$appendEntriesAsync$26(RaftServerProxy.java:634)
	at org.apache.ratis.util.JavaUtils.callAsUnchecked(JavaUtils.java:117)
	at org.apache.ratis.server.impl.RaftServerImpl.lambda$executeSubmitServerRequestAsync$11(RaftServerImpl.java:818)
	at java.base/java.util.concurrent.CompletableFuture$AsyncSupply.run(CompletableFuture.java:1700)
	at java.base/java.util.concurrent.ThreadPoolExecutor.runWorker(ThreadPoolExecutor.java:1128)
	at java.base/java.util.concurrent.ThreadPoolExecutor$Worker.run(ThreadPoolExecutor.java:628)
	... 1 more
2023-02-21 19:29:16,707 [grpc-default-executor-4] INFO  leader.FollowerInfo (FollowerInfoImpl.java:lambda$new$0(52)) - s1@group-ECF61963C484->s2: nextIndex: updateUnconditionally 169 -> 168
2023-02-21 19:29:16,708 [grpc-default-executor-8] WARN  server.GrpcServerProtocolService (LogUtils.java:warn(124)) - s0: Failed APPEND_ENTRIES request s1->s0#20733-t5,previous=(t:5, i:167),leaderCommit=165,initializing? true,entries: size=1, first=(t:5, i:168), STATEMACHINELOGENTRY, 439@client-8A0E3AB17445
java.util.concurrent.CompletionException: org.apache.ratis.server.raftlog.RaftLogIOException: Log already failed at index 128 for task WriteLog:128: (t:3, i:128), STATEMACHINELOGENTRY, StateMachineLogEntryProto:439@client-8A0E3AB17445
	at java.base/java.util.concurrent.CompletableFuture.encodeThrowable(CompletableFuture.java:331)
	at java.base/java.util.concurrent.CompletableFuture.completeThrowable(CompletableFuture.java:346)
	at java.base/java.util.concurrent.CompletableFuture$BiRelay.tryFire(CompletableFuture.java:1423)
	at java.base/java.util.concurrent.CompletableFuture$CoCompletion.tryFire(CompletableFuture.java:1144)
	at java.base/java.util.concurrent.CompletableFuture.postComplete(CompletableFuture.java:506)
	at java.base/java.util.concurrent.CompletableFuture.completeExceptionally(CompletableFuture.java:2088)
	at org.apache.ratis.server.raftlog.segmented.SegmentedRaftLog$Task.failed(SegmentedRaftLog.java:105)
	at org.apache.ratis.server.raftlog.segmented.SegmentedRaftLogWorker$WriteLog.failed(SegmentedRaftLogWorker.java:519)
	at org.apache.ratis.server.raftlog.segmented.SegmentedRaftLogWorker.run(SegmentedRaftLogWorker.java:317)
	at java.base/java.lang.Thread.run(Thread.java:829)
Caused by: org.apache.ratis.server.raftlog.RaftLogIOException: Log already failed at index 128 for task WriteLog:128: (t:3, i:128), STATEMACHINELOGENTRY, StateMachineLogEntryProto:439@client-8A0E3AB17445
	at org.apache.ratis.server.raftlog.segmented.SegmentedRaftLogWorker.run(SegmentedRaftLogWorker.java:320)
	... 1 more
Caused by: java.io.IOException: java.lang.IllegalStateException: Null stream: entry=term: 3
index: 128
stateMachineLogEntry {
  type: DATASTREAM
  clientId: "\231!h\2642\231BI\224\205\212\016:\261tE"
  callId: 439
}

	at org.apache.ratis.util.IOUtils.asIOException(IOUtils.java:56)
	at org.apache.ratis.util.IOUtils.toIOException(IOUtils.java:61)
	at org.apache.ratis.util.IOUtils.getFromFuture(IOUtils.java:85)
	at org.apache.ratis.server.raftlog.segmented.SegmentedRaftLogWorker$StateMachineDataPolicy.getFromFuture(SegmentedRaftLogWorker.java:88)
	at org.apache.ratis.server.raftlog.segmented.SegmentedRaftLogWorker$WriteLog.execute(SegmentedRaftLogWorker.java:540)
	at org.apache.ratis.server.raftlog.segmented.SegmentedRaftLogWorker.run(SegmentedRaftLogWorker.java:308)
	... 1 more
Caused by: java.lang.IllegalStateException: Null stream: entry=term: 3
index: 128
stateMachineLogEntry {
  type: DATASTREAM
  clientId: "\231!h\2642\231BI\224\205\212\016:\261tE"
  callId: 439
}

	at org.apache.ratis.datastream.DataStreamTestUtils$MultiDataStreamStateMachine.link(DataStreamTestUtils.java:159)
	at org.apache.ratis.server.raftlog.segmented.SegmentedRaftLogWorker$WriteLog.<init>(SegmentedRaftLogWorker.java:497)
	at org.apache.ratis.server.raftlog.segmented.SegmentedRaftLogWorker.writeLogEntry(SegmentedRaftLogWorker.java:443)
	at org.apache.ratis.server.raftlog.segmented.SegmentedRaftLog.appendEntryImpl(SegmentedRaftLog.java:409)
	at org.apache.ratis.server.raftlog.RaftLogBase.lambda$appendEntry$10(RaftLogBase.java:330)
	at org.apache.ratis.server.raftlog.RaftLogSequentialOps$Runner.runSequentially(RaftLogSequentialOps.java:78)
	at org.apache.ratis.server.raftlog.RaftLogBase.appendEntry(RaftLogBase.java:330)
	at org.apache.ratis.server.raftlog.RaftLogBase.appendImpl(RaftLogBase.java:187)
	at org.apache.ratis.server.raftlog.RaftLogBase.lambda$append$2(RaftLogBase.java:161)
	at org.apache.ratis.server.raftlog.RaftLogSequentialOps$Runner.runSequentially(RaftLogSequentialOps.java:69)
	at org.apache.ratis.server.raftlog.RaftLogBase.append(RaftLogBase.java:161)
	at org.apache.ratis.server.impl.ServerState.appendLog(ServerState.java:312)
	at org.apache.ratis.server.impl.RaftServerImpl.appendTransaction(RaftServerImpl.java:779)
	at org.apache.ratis.server.impl.RaftServerImpl.submitClientRequestAsync(RaftServerImpl.java:886)
	at org.apache.ratis.server.impl.RaftServerImpl.lambda$executeSubmitClientRequestAsync$12(RaftServerImpl.java:824)
	at org.apache.ratis.util.JavaUtils.callAsUnchecked(JavaUtils.java:117)
	at org.apache.ratis.server.impl.RaftServerImpl.lambda$executeSubmitClientRequestAsync$13(RaftServerImpl.java:824)
	at java.base/java.util.concurrent.CompletableFuture$AsyncSupply.run(CompletableFuture.java:1700)
	at java.base/java.util.concurrent.ThreadPoolExecutor.runWorker(ThreadPoolExecutor.java:1128)
	at java.base/java.util.concurrent.ThreadPoolExecutor$Worker.run(ThreadPoolExecutor.java:628)
	... 1 more
2023-02-21 19:29:16,711 [grpc-default-executor-8] WARN  server.GrpcLogAppender (LogUtils.java:warn(124)) - s1@group-ECF61963C484->s0-AppendLogResponseHandler: Failed appendEntries
org.apache.ratis.server.raftlog.RaftLogIOException: Log already failed at index 128 for task WriteLog:128: (t:3, i:128), STATEMACHINELOGENTRY, StateMachineLogEntryProto:439@client-8A0E3AB17445
	at org.apache.ratis.server.raftlog.segmented.SegmentedRaftLogWorker.run(SegmentedRaftLogWorker.java:320)
	at java.base/java.lang.Thread.run(Thread.java:829)
Caused by: java.io.IOException: java.lang.IllegalStateException: Null stream: entry=term: 3
index: 128
stateMachineLogEntry {
  type: DATASTREAM
  clientId: "\231!h\2642\231BI\224\205\212\016:\261tE"
  callId: 439
}

	at org.apache.ratis.util.IOUtils.asIOException(IOUtils.java:56)
	at org.apache.ratis.util.IOUtils.toIOException(IOUtils.java:61)
	at org.apache.ratis.util.IOUtils.getFromFuture(IOUtils.java:85)
	at org.apache.ratis.server.raftlog.segmented.SegmentedRaftLogWorker$StateMachineDataPolicy.getFromFuture(SegmentedRaftLogWorker.java:88)
	at org.apache.ratis.server.raftlog.segmented.SegmentedRaftLogWorker$WriteLog.execute(SegmentedRaftLogWorker.java:540)
	at org.apache.ratis.server.raftlog.segmented.SegmentedRaftLogWorker.run(SegmentedRaftLogWorker.java:308)
	... 1 more
Caused by: java.lang.IllegalStateException: Null stream: entry=term: 3
index: 128
stateMachineLogEntry {
  type: DATASTREAM
  clientId: "\231!h\2642\231BI\224\205\212\016:\261tE"
  callId: 439
}

	at org.apache.ratis.datastream.DataStreamTestUtils$MultiDataStreamStateMachine.link(DataStreamTestUtils.java:159)
	at org.apache.ratis.server.raftlog.segmented.SegmentedRaftLogWorker$WriteLog.<init>(SegmentedRaftLogWorker.java:497)
	at org.apache.ratis.server.raftlog.segmented.SegmentedRaftLogWorker.writeLogEntry(SegmentedRaftLogWorker.java:443)
	at org.apache.ratis.server.raftlog.segmented.SegmentedRaftLog.appendEntryImpl(SegmentedRaftLog.java:409)
	at org.apache.ratis.server.raftlog.RaftLogBase.lambda$appendEntry$10(RaftLogBase.java:330)
	at org.apache.ratis.server.raftlog.RaftLogSequentialOps$Runner.runSequentially(RaftLogSequentialOps.java:78)
	at org.apache.ratis.server.raftlog.RaftLogBase.appendEntry(RaftLogBase.java:330)
	at org.apache.ratis.server.raftlog.RaftLogBase.appendImpl(RaftLogBase.java:187)
	at org.apache.ratis.server.raftlog.RaftLogBase.lambda$append$2(RaftLogBase.java:161)
	at org.apache.ratis.server.raftlog.RaftLogSequentialOps$Runner.runSequentially(RaftLogSequentialOps.java:69)
	at org.apache.ratis.server.raftlog.RaftLogBase.append(RaftLogBase.java:161)
	at org.apache.ratis.server.impl.ServerState.appendLog(ServerState.java:312)
	at org.apache.ratis.server.impl.RaftServerImpl.appendTransaction(RaftServerImpl.java:779)
	at org.apache.ratis.server.impl.RaftServerImpl.submitClientRequestAsync(RaftServerImpl.java:886)
	at org.apache.ratis.server.impl.RaftServerImpl.lambda$executeSubmitClientRequestAsync$12(RaftServerImpl.java:824)
	at org.apache.ratis.util.JavaUtils.callAsUnchecked(JavaUtils.java:117)
	at org.apache.ratis.server.impl.RaftServerImpl.lambda$executeSubmitClientRequestAsync$13(RaftServerImpl.java:824)
	at java.base/java.util.concurrent.CompletableFuture$AsyncSupply.run(CompletableFuture.java:1700)
	at java.base/java.util.concurrent.ThreadPoolExecutor.runWorker(ThreadPoolExecutor.java:1128)
	at java.base/java.util.concurrent.ThreadPoolExecutor$Worker.run(ThreadPoolExecutor.java:628)
	... 1 more
2023-02-21 19:29:16,712 [grpc-default-executor-8] INFO  leader.FollowerInfo (FollowerInfoImpl.java:lambda$new$0(52)) - s1@group-ECF61963C484->s0: nextIndex: updateUnconditionally 169 -> 168
2023-02-21 19:29:19,105 [Timer-2] INFO  impl.MiniRaftCluster (MiniRaftCluster.java:lambda$start$6(349)) - TIMED-PRINT: printing ALL groups
  s0:  RUNNING  FOLLOWER s0@group-ECF61963C484:t5, leader=s1, voted=null, raftlog=Memoized:s0@group-ECF61963C484-SegmentedRaftLog:OPENED:c127, conf=128: peers:[s0|rpc:localhost:36399|admin:localhost:45573|client:localhost:36971|dataStream:localhost:43269|priority:0|startupRole:FOLLOWER, s1|rpc:localhost:45309|admin:localhost:41751|client:localhost:45149|dataStream:localhost:41895|priority:0|startupRole:FOLLOWER, s2|rpc:localhost:36685|admin:localhost:46439|client:localhost:40511|dataStream:localhost:44375|priority:0|startupRole:FOLLOWER]|listeners:[], old=null RUNNING
  s1:  RUNNING    LEADER s1@group-ECF61963C484:t5, leader=s1, voted=s1, raftlog=Memoized:s1@group-ECF61963C484-SegmentedRaftLog:OPENED:c165, conf=128: peers:[s0|rpc:localhost:36399|admin:localhost:45573|client:localhost:36971|dataStream:localhost:43269|priority:0|startupRole:FOLLOWER, s1|rpc:localhost:45309|admin:localhost:41751|client:localhost:45149|dataStream:localhost:41895|priority:0|startupRole:FOLLOWER, s2|rpc:localhost:36685|admin:localhost:46439|client:localhost:40511|dataStream:localhost:44375|priority:0|startupRole:FOLLOWER]|listeners:[], old=null RUNNING
  s2:  RUNNING  FOLLOWER s2@group-ECF61963C484:t5, leader=s1, voted=s1, raftlog=Memoized:s2@group-ECF61963C484-SegmentedRaftLog:OPENED:c165, conf=128: peers:[s0|rpc:localhost:36399|admin:localhost:45573|client:localhost:36971|dataStream:localhost:43269|priority:0|startupRole:FOLLOWER, s1|rpc:localhost:45309|admin:localhost:41751|client:localhost:45149|dataStream:localhost:41895|priority:0|startupRole:FOLLOWER, s2|rpc:localhost:36685|admin:localhost:46439|client:localhost:40511|dataStream:localhost:44375|priority:0|startupRole:FOLLOWER]|listeners:[], old=null RUNNING
2023-02-21 19:29:22,702 [timer1] WARN  grpc.GrpcUtil (GrpcUtil.java:shutdownManagedChannel(223)) - Timed out gracefully shutting down connection: ManagedChannelOrphanWrapper{delegate=ManagedChannelImpl{logId=887, target=localhost:45149}}. 
2023-02-21 19:29:28,833 [timer3] WARN  grpc.GrpcUtil (GrpcUtil.java:shutdownManagedChannel(223)) - Timed out gracefully shutting down connection: ManagedChannelOrphanWrapper{delegate=ManagedChannelImpl{logId=901, target=localhost:45149}}. 
2023-02-21 19:29:29,106 [Timer-2] INFO  impl.MiniRaftCluster (MiniRaftCluster.java:lambda$start$6(349)) - TIMED-PRINT: printing ALL groups
  s0:  RUNNING  FOLLOWER s0@group-ECF61963C484:t5, leader=s1, voted=null, raftlog=Memoized:s0@group-ECF61963C484-SegmentedRaftLog:OPENED:c127, conf=128: peers:[s0|rpc:localhost:36399|admin:localhost:45573|client:localhost:36971|dataStream:localhost:43269|priority:0|startupRole:FOLLOWER, s1|rpc:localhost:45309|admin:localhost:41751|client:localhost:45149|dataStream:localhost:41895|priority:0|startupRole:FOLLOWER, s2|rpc:localhost:36685|admin:localhost:46439|client:localhost:40511|dataStream:localhost:44375|priority:0|startupRole:FOLLOWER]|listeners:[], old=null RUNNING
  s1:  RUNNING    LEADER s1@group-ECF61963C484:t5, leader=s1, voted=s1, raftlog=Memoized:s1@group-ECF61963C484-SegmentedRaftLog:OPENED:c165, conf=128: peers:[s0|rpc:localhost:36399|admin:localhost:45573|client:localhost:36971|dataStream:localhost:43269|priority:0|startupRole:FOLLOWER, s1|rpc:localhost:45309|admin:localhost:41751|client:localhost:45149|dataStream:localhost:41895|priority:0|startupRole:FOLLOWER, s2|rpc:localhost:36685|admin:localhost:46439|client:localhost:40511|dataStream:localhost:44375|priority:0|startupRole:FOLLOWER]|listeners:[], old=null RUNNING
  s2:  RUNNING  FOLLOWER s2@group-ECF61963C484:t5, leader=s1, voted=s1, raftlog=Memoized:s2@group-ECF61963C484-SegmentedRaftLog:OPENED:c165, conf=128: peers:[s0|rpc:localhost:36399|admin:localhost:45573|client:localhost:36971|dataStream:localhost:43269|priority:0|startupRole:FOLLOWER, s1|rpc:localhost:45309|admin:localhost:41751|client:localhost:45149|dataStream:localhost:41895|priority:0|startupRole:FOLLOWER, s2|rpc:localhost:36685|admin:localhost:46439|client:localhost:40511|dataStream:localhost:44375|priority:0|startupRole:FOLLOWER]|listeners:[], old=null RUNNING
2023-02-21 19:29:34,960 [timer3] WARN  grpc.GrpcUtil (GrpcUtil.java:shutdownManagedChannel(223)) - Timed out gracefully shutting down connection: ManagedChannelOrphanWrapper{delegate=ManagedChannelImpl{logId=915, target=localhost:45149}}. 
2023-02-21 19:29:39,106 [Timer-2] INFO  impl.MiniRaftCluster (MiniRaftCluster.java:lambda$start$6(349)) - TIMED-PRINT: printing ALL groups
  s0:  RUNNING  FOLLOWER s0@group-ECF61963C484:t5, leader=s1, voted=null, raftlog=Memoized:s0@group-ECF61963C484-SegmentedRaftLog:OPENED:c127, conf=128: peers:[s0|rpc:localhost:36399|admin:localhost:45573|client:localhost:36971|dataStream:localhost:43269|priority:0|startupRole:FOLLOWER, s1|rpc:localhost:45309|admin:localhost:41751|client:localhost:45149|dataStream:localhost:41895|priority:0|startupRole:FOLLOWER, s2|rpc:localhost:36685|admin:localhost:46439|client:localhost:40511|dataStream:localhost:44375|priority:0|startupRole:FOLLOWER]|listeners:[], old=null RUNNING
  s1:  RUNNING    LEADER s1@group-ECF61963C484:t5, leader=s1, voted=s1, raftlog=Memoized:s1@group-ECF61963C484-SegmentedRaftLog:OPENED:c165, conf=128: peers:[s0|rpc:localhost:36399|admin:localhost:45573|client:localhost:36971|dataStream:localhost:43269|priority:0|startupRole:FOLLOWER, s1|rpc:localhost:45309|admin:localhost:41751|client:localhost:45149|dataStream:localhost:41895|priority:0|startupRole:FOLLOWER, s2|rpc:localhost:36685|admin:localhost:46439|client:localhost:40511|dataStream:localhost:44375|priority:0|startupRole:FOLLOWER]|listeners:[], old=null RUNNING
  s2:  RUNNING  FOLLOWER s2@group-ECF61963C484:t5, leader=s1, voted=s1, raftlog=Memoized:s2@group-ECF61963C484-SegmentedRaftLog:OPENED:c165, conf=128: peers:[s0|rpc:localhost:36399|admin:localhost:45573|client:localhost:36971|dataStream:localhost:43269|priority:0|startupRole:FOLLOWER, s1|rpc:localhost:45309|admin:localhost:41751|client:localhost:45149|dataStream:localhost:41895|priority:0|startupRole:FOLLOWER, s2|rpc:localhost:36685|admin:localhost:46439|client:localhost:40511|dataStream:localhost:44375|priority:0|startupRole:FOLLOWER]|listeners:[], old=null RUNNING
2023-02-21 19:29:41,088 [timer1] WARN  grpc.GrpcUtil (GrpcUtil.java:shutdownManagedChannel(223)) - Timed out gracefully shutting down connection: ManagedChannelOrphanWrapper{delegate=ManagedChannelImpl{logId=929, target=localhost:45149}}. 
2023-02-21 19:29:47,228 [timer3] WARN  grpc.GrpcUtil (GrpcUtil.java:shutdownManagedChannel(223)) - Timed out gracefully shutting down connection: ManagedChannelOrphanWrapper{delegate=ManagedChannelImpl{logId=943, target=localhost:45149}}. 
2023-02-21 19:29:49,107 [Timer-2] INFO  impl.MiniRaftCluster (MiniRaftCluster.java:lambda$start$6(349)) - TIMED-PRINT: printing ALL groups
  s0:  RUNNING  FOLLOWER s0@group-ECF61963C484:t5, leader=s1, voted=null, raftlog=Memoized:s0@group-ECF61963C484-SegmentedRaftLog:OPENED:c127, conf=128: peers:[s0|rpc:localhost:36399|admin:localhost:45573|client:localhost:36971|dataStream:localhost:43269|priority:0|startupRole:FOLLOWER, s1|rpc:localhost:45309|admin:localhost:41751|client:localhost:45149|dataStream:localhost:41895|priority:0|startupRole:FOLLOWER, s2|rpc:localhost:36685|admin:localhost:46439|client:localhost:40511|dataStream:localhost:44375|priority:0|startupRole:FOLLOWER]|listeners:[], old=null RUNNING
  s1:  RUNNING    LEADER s1@group-ECF61963C484:t5, leader=s1, voted=s1, raftlog=Memoized:s1@group-ECF61963C484-SegmentedRaftLog:OPENED:c165, conf=128: peers:[s0|rpc:localhost:36399|admin:localhost:45573|client:localhost:36971|dataStream:localhost:43269|priority:0|startupRole:FOLLOWER, s1|rpc:localhost:45309|admin:localhost:41751|client:localhost:45149|dataStream:localhost:41895|priority:0|startupRole:FOLLOWER, s2|rpc:localhost:36685|admin:localhost:46439|client:localhost:40511|dataStream:localhost:44375|priority:0|startupRole:FOLLOWER]|listeners:[], old=null RUNNING
  s2:  RUNNING  FOLLOWER s2@group-ECF61963C484:t5, leader=s1, voted=s1, raftlog=Memoized:s2@group-ECF61963C484-SegmentedRaftLog:OPENED:c165, conf=128: peers:[s0|rpc:localhost:36399|admin:localhost:45573|client:localhost:36971|dataStream:localhost:43269|priority:0|startupRole:FOLLOWER, s1|rpc:localhost:45309|admin:localhost:41751|client:localhost:45149|dataStream:localhost:41895|priority:0|startupRole:FOLLOWER, s2|rpc:localhost:36685|admin:localhost:46439|client:localhost:40511|dataStream:localhost:44375|priority:0|startupRole:FOLLOWER]|listeners:[], old=null RUNNING
2023-02-21 19:29:53,357 [timer1] WARN  grpc.GrpcUtil (GrpcUtil.java:shutdownManagedChannel(223)) - Timed out gracefully shutting down connection: ManagedChannelOrphanWrapper{delegate=ManagedChannelImpl{logId=957, target=localhost:45149}}. 
2023-02-21 19:29:59,107 [Timer-2] INFO  impl.MiniRaftCluster (MiniRaftCluster.java:lambda$start$6(349)) - TIMED-PRINT: printing ALL groups
  s0:  RUNNING  FOLLOWER s0@group-ECF61963C484:t5, leader=s1, voted=null, raftlog=Memoized:s0@group-ECF61963C484-SegmentedRaftLog:OPENED:c127, conf=128: peers:[s0|rpc:localhost:36399|admin:localhost:45573|client:localhost:36971|dataStream:localhost:43269|priority:0|startupRole:FOLLOWER, s1|rpc:localhost:45309|admin:localhost:41751|client:localhost:45149|dataStream:localhost:41895|priority:0|startupRole:FOLLOWER, s2|rpc:localhost:36685|admin:localhost:46439|client:localhost:40511|dataStream:localhost:44375|priority:0|startupRole:FOLLOWER]|listeners:[], old=null RUNNING
  s1:  RUNNING    LEADER s1@group-ECF61963C484:t5, leader=s1, voted=s1, raftlog=Memoized:s1@group-ECF61963C484-SegmentedRaftLog:OPENED:c165, conf=128: peers:[s0|rpc:localhost:36399|admin:localhost:45573|client:localhost:36971|dataStream:localhost:43269|priority:0|startupRole:FOLLOWER, s1|rpc:localhost:45309|admin:localhost:41751|client:localhost:45149|dataStream:localhost:41895|priority:0|startupRole:FOLLOWER, s2|rpc:localhost:36685|admin:localhost:46439|client:localhost:40511|dataStream:localhost:44375|priority:0|startupRole:FOLLOWER]|listeners:[], old=null RUNNING
  s2:  RUNNING  FOLLOWER s2@group-ECF61963C484:t5, leader=s1, voted=s1, raftlog=Memoized:s2@group-ECF61963C484-SegmentedRaftLog:OPENED:c165, conf=128: peers:[s0|rpc:localhost:36399|admin:localhost:45573|client:localhost:36971|dataStream:localhost:43269|priority:0|startupRole:FOLLOWER, s1|rpc:localhost:45309|admin:localhost:41751|client:localhost:45149|dataStream:localhost:41895|priority:0|startupRole:FOLLOWER, s2|rpc:localhost:36685|admin:localhost:46439|client:localhost:40511|dataStream:localhost:44375|priority:0|startupRole:FOLLOWER]|listeners:[], old=null RUNNING
2023-02-21 19:29:59,480 [timer1] WARN  grpc.GrpcUtil (GrpcUtil.java:shutdownManagedChannel(223)) - Timed out gracefully shutting down connection: ManagedChannelOrphanWrapper{delegate=ManagedChannelImpl{logId=971, target=localhost:45149}}. 
2023-02-21 19:30:05,606 [timer1] WARN  grpc.GrpcUtil (GrpcUtil.java:shutdownManagedChannel(223)) - Timed out gracefully shutting down connection: ManagedChannelOrphanWrapper{delegate=ManagedChannelImpl{logId=985, target=localhost:45149}}. 
2023-02-21 19:30:09,108 [Timer-2] INFO  impl.MiniRaftCluster (MiniRaftCluster.java:lambda$start$6(349)) - TIMED-PRINT: printing ALL groups
  s0:  RUNNING  FOLLOWER s0@group-ECF61963C484:t5, leader=s1, voted=null, raftlog=Memoized:s0@group-ECF61963C484-SegmentedRaftLog:OPENED:c127, conf=128: peers:[s0|rpc:localhost:36399|admin:localhost:45573|client:localhost:36971|dataStream:localhost:43269|priority:0|startupRole:FOLLOWER, s1|rpc:localhost:45309|admin:localhost:41751|client:localhost:45149|dataStream:localhost:41895|priority:0|startupRole:FOLLOWER, s2|rpc:localhost:36685|admin:localhost:46439|client:localhost:40511|dataStream:localhost:44375|priority:0|startupRole:FOLLOWER]|listeners:[], old=null RUNNING
  s1:  RUNNING    LEADER s1@group-ECF61963C484:t5, leader=s1, voted=s1, raftlog=Memoized:s1@group-ECF61963C484-SegmentedRaftLog:OPENED:c165, conf=128: peers:[s0|rpc:localhost:36399|admin:localhost:45573|client:localhost:36971|dataStream:localhost:43269|priority:0|startupRole:FOLLOWER, s1|rpc:localhost:45309|admin:localhost:41751|client:localhost:45149|dataStream:localhost:41895|priority:0|startupRole:FOLLOWER, s2|rpc:localhost:36685|admin:localhost:46439|client:localhost:40511|dataStream:localhost:44375|priority:0|startupRole:FOLLOWER]|listeners:[], old=null RUNNING
  s2:  RUNNING  FOLLOWER s2@group-ECF61963C484:t5, leader=s1, voted=s1, raftlog=Memoized:s2@group-ECF61963C484-SegmentedRaftLog:OPENED:c165, conf=128: peers:[s0|rpc:localhost:36399|admin:localhost:45573|client:localhost:36971|dataStream:localhost:43269|priority:0|startupRole:FOLLOWER, s1|rpc:localhost:45309|admin:localhost:41751|client:localhost:45149|dataStream:localhost:41895|priority:0|startupRole:FOLLOWER, s2|rpc:localhost:36685|admin:localhost:46439|client:localhost:40511|dataStream:localhost:44375|priority:0|startupRole:FOLLOWER]|listeners:[], old=null RUNNING
2023-02-21 19:30:11,727 [timer3] WARN  grpc.GrpcUtil (GrpcUtil.java:shutdownManagedChannel(223)) - Timed out gracefully shutting down connection: ManagedChannelOrphanWrapper{delegate=ManagedChannelImpl{logId=999, target=localhost:45149}}. 
2023-02-21 19:30:17,853 [timer1] WARN  grpc.GrpcUtil (GrpcUtil.java:shutdownManagedChannel(223)) - Timed out gracefully shutting down connection: ManagedChannelOrphanWrapper{delegate=ManagedChannelImpl{logId=1013, target=localhost:45149}}. 
2023-02-21 19:30:17,983 [s1-client-thread2] INFO  statemachine.StateMachine (DataStreamTestUtils.java:link(157)) - link null
2023-02-21 19:30:17,984 [s2-server-thread4] INFO  statemachine.StateMachine (DataStreamTestUtils.java:link(157)) - link null
2023-02-21 19:30:17,984 [s2-server-thread4] WARN  server.GrpcServerProtocolService (LogUtils.java:warn(124)) - s2: Failed APPEND_ENTRIES request s1->s2#3258-t5,previous=(t:5, i:168),leaderCommit=165,initializing? true,entries: size=1, first=(t:5, i:169), STATEMACHINELOGENTRY, 439@client-8A0E3AB17445
java.util.concurrent.CompletionException: org.apache.ratis.server.raftlog.RaftLogIOException: Log already failed at index 166 for task WriteLog:166: (t:5, i:166), STATEMACHINELOGENTRY, StateMachineLogEntryProto:439@client-8A0E3AB17445
	at java.base/java.util.concurrent.CompletableFuture.encodeThrowable(CompletableFuture.java:331)
	at java.base/java.util.concurrent.CompletableFuture.completeThrowable(CompletableFuture.java:346)
	at java.base/java.util.concurrent.CompletableFuture$BiRelay.tryFire(CompletableFuture.java:1423)
	at java.base/java.util.concurrent.CompletableFuture$CoCompletion.tryFire(CompletableFuture.java:1144)
	at java.base/java.util.concurrent.CompletableFuture.postComplete(CompletableFuture.java:506)
	at java.base/java.util.concurrent.CompletableFuture.completeExceptionally(CompletableFuture.java:2088)
	at org.apache.ratis.server.raftlog.segmented.SegmentedRaftLog$Task.failed(SegmentedRaftLog.java:105)
	at org.apache.ratis.server.raftlog.segmented.SegmentedRaftLogWorker$WriteLog.failed(SegmentedRaftLogWorker.java:519)
	at org.apache.ratis.server.raftlog.segmented.SegmentedRaftLogWorker.run(SegmentedRaftLogWorker.java:317)
	at java.base/java.lang.Thread.run(Thread.java:829)
Caused by: org.apache.ratis.server.raftlog.RaftLogIOException: Log already failed at index 166 for task WriteLog:166: (t:5, i:166), STATEMACHINELOGENTRY, StateMachineLogEntryProto:439@client-8A0E3AB17445
	at org.apache.ratis.server.raftlog.segmented.SegmentedRaftLogWorker.run(SegmentedRaftLogWorker.java:320)
	... 1 more
Caused by: java.io.IOException: java.lang.IllegalStateException: Null stream: entry=term: 5
index: 166
stateMachineLogEntry {
  type: DATASTREAM
  clientId: "\231!h\2642\231BI\224\205\212\016:\261tE"
  callId: 439
}

	at org.apache.ratis.util.IOUtils.asIOException(IOUtils.java:56)
	at org.apache.ratis.util.IOUtils.toIOException(IOUtils.java:61)
	at org.apache.ratis.util.IOUtils.getFromFuture(IOUtils.java:85)
	at org.apache.ratis.server.raftlog.segmented.SegmentedRaftLogWorker$StateMachineDataPolicy.getFromFuture(SegmentedRaftLogWorker.java:88)
	at org.apache.ratis.server.raftlog.segmented.SegmentedRaftLogWorker$WriteLog.execute(SegmentedRaftLogWorker.java:540)
	at org.apache.ratis.server.raftlog.segmented.SegmentedRaftLogWorker.run(SegmentedRaftLogWorker.java:308)
	... 1 more
Caused by: java.lang.IllegalStateException: Null stream: entry=term: 5
index: 166
stateMachineLogEntry {
  type: DATASTREAM
  clientId: "\231!h\2642\231BI\224\205\212\016:\261tE"
  callId: 439
}

	at org.apache.ratis.datastream.DataStreamTestUtils$MultiDataStreamStateMachine.link(DataStreamTestUtils.java:159)
	at org.apache.ratis.server.raftlog.segmented.SegmentedRaftLogWorker$WriteLog.<init>(SegmentedRaftLogWorker.java:497)
	at org.apache.ratis.server.raftlog.segmented.SegmentedRaftLogWorker.writeLogEntry(SegmentedRaftLogWorker.java:443)
	at org.apache.ratis.server.raftlog.segmented.SegmentedRaftLog.appendEntryImpl(SegmentedRaftLog.java:409)
	at org.apache.ratis.server.raftlog.RaftLogBase.lambda$appendEntry$10(RaftLogBase.java:330)
	at org.apache.ratis.server.raftlog.RaftLogSequentialOps$Runner.runSequentially(RaftLogSequentialOps.java:78)
	at org.apache.ratis.server.raftlog.RaftLogBase.appendEntry(RaftLogBase.java:330)
	at org.apache.ratis.server.raftlog.segmented.SegmentedRaftLog.appendImpl(SegmentedRaftLog.java:456)
	at org.apache.ratis.server.raftlog.RaftLogBase.lambda$append$11(RaftLogBase.java:337)
	at org.apache.ratis.server.raftlog.RaftLogSequentialOps$Runner.runSequentially(RaftLogSequentialOps.java:69)
	at org.apache.ratis.server.raftlog.RaftLogBase.append(RaftLogBase.java:337)
	at org.apache.ratis.server.impl.RaftServerImpl.appendEntriesAsync(RaftServerImpl.java:1528)
	at org.apache.ratis.server.impl.RaftServerImpl.appendEntriesAsync(RaftServerImpl.java:1396)
	at org.apache.ratis.server.impl.RaftServerProxy.lambda$appendEntriesAsync$26(RaftServerProxy.java:634)
	at org.apache.ratis.util.JavaUtils.callAsUnchecked(JavaUtils.java:117)
	at org.apache.ratis.server.impl.RaftServerImpl.lambda$executeSubmitServerRequestAsync$11(RaftServerImpl.java:818)
	at java.base/java.util.concurrent.CompletableFuture$AsyncSupply.run(CompletableFuture.java:1700)
	at java.base/java.util.concurrent.ThreadPoolExecutor.runWorker(ThreadPoolExecutor.java:1128)
	at java.base/java.util.concurrent.ThreadPoolExecutor$Worker.run(ThreadPoolExecutor.java:628)
	... 1 more
2023-02-21 19:30:17,985 [s0-server-thread3] INFO  statemachine.StateMachine (DataStreamTestUtils.java:link(157)) - link null
2023-02-21 19:30:17,986 [s0-server-thread3] WARN  server.GrpcServerProtocolService (LogUtils.java:warn(124)) - s0: Failed APPEND_ENTRIES request s1->s0#27951-t5,previous=(t:5, i:168),leaderCommit=165,initializing? true,entries: size=1, first=(t:5, i:169), STATEMACHINELOGENTRY, 439@client-8A0E3AB17445
java.util.concurrent.CompletionException: org.apache.ratis.server.raftlog.RaftLogIOException: Log already failed at index 128 for task WriteLog:128: (t:3, i:128), STATEMACHINELOGENTRY, StateMachineLogEntryProto:439@client-8A0E3AB17445
	at java.base/java.util.concurrent.CompletableFuture.encodeThrowable(CompletableFuture.java:331)
	at java.base/java.util.concurrent.CompletableFuture.completeThrowable(CompletableFuture.java:346)
	at java.base/java.util.concurrent.CompletableFuture$BiRelay.tryFire(CompletableFuture.java:1423)
	at java.base/java.util.concurrent.CompletableFuture$CoCompletion.tryFire(CompletableFuture.java:1144)
	at java.base/java.util.concurrent.CompletableFuture.postComplete(CompletableFuture.java:506)
	at java.base/java.util.concurrent.CompletableFuture.completeExceptionally(CompletableFuture.java:2088)
	at org.apache.ratis.server.raftlog.segmented.SegmentedRaftLog$Task.failed(SegmentedRaftLog.java:105)
	at org.apache.ratis.server.raftlog.segmented.SegmentedRaftLogWorker$WriteLog.failed(SegmentedRaftLogWorker.java:519)
	at org.apache.ratis.server.raftlog.segmented.SegmentedRaftLogWorker.run(SegmentedRaftLogWorker.java:317)
	at java.base/java.lang.Thread.run(Thread.java:829)
Caused by: org.apache.ratis.server.raftlog.RaftLogIOException: Log already failed at index 128 for task WriteLog:128: (t:3, i:128), STATEMACHINELOGENTRY, StateMachineLogEntryProto:439@client-8A0E3AB17445
	at org.apache.ratis.server.raftlog.segmented.SegmentedRaftLogWorker.run(SegmentedRaftLogWorker.java:320)
	... 1 more
Caused by: java.io.IOException: java.lang.IllegalStateException: Null stream: entry=term: 3
index: 128
stateMachineLogEntry {
  type: DATASTREAM
  clientId: "\231!h\2642\231BI\224\205\212\016:\261tE"
  callId: 439
}

	at org.apache.ratis.util.IOUtils.asIOException(IOUtils.java:56)
	at org.apache.ratis.util.IOUtils.toIOException(IOUtils.java:61)
	at org.apache.ratis.util.IOUtils.getFromFuture(IOUtils.java:85)
	at org.apache.ratis.server.raftlog.segmented.SegmentedRaftLogWorker$StateMachineDataPolicy.getFromFuture(SegmentedRaftLogWorker.java:88)
	at org.apache.ratis.server.raftlog.segmented.SegmentedRaftLogWorker$WriteLog.execute(SegmentedRaftLogWorker.java:540)
	at org.apache.ratis.server.raftlog.segmented.SegmentedRaftLogWorker.run(SegmentedRaftLogWorker.java:308)
	... 1 more
Caused by: java.lang.IllegalStateException: Null stream: entry=term: 3
index: 128
stateMachineLogEntry {
  type: DATASTREAM
  clientId: "\231!h\2642\231BI\224\205\212\016:\261tE"
  callId: 439
}

	at org.apache.ratis.datastream.DataStreamTestUtils$MultiDataStreamStateMachine.link(DataStreamTestUtils.java:159)
	at org.apache.ratis.server.raftlog.segmented.SegmentedRaftLogWorker$WriteLog.<init>(SegmentedRaftLogWorker.java:497)
	at org.apache.ratis.server.raftlog.segmented.SegmentedRaftLogWorker.writeLogEntry(SegmentedRaftLogWorker.java:443)
	at org.apache.ratis.server.raftlog.segmented.SegmentedRaftLog.appendEntryImpl(SegmentedRaftLog.java:409)
	at org.apache.ratis.server.raftlog.RaftLogBase.lambda$appendEntry$10(RaftLogBase.java:330)
	at org.apache.ratis.server.raftlog.RaftLogSequentialOps$Runner.runSequentially(RaftLogSequentialOps.java:78)
	at org.apache.ratis.server.raftlog.RaftLogBase.appendEntry(RaftLogBase.java:330)
	at org.apache.ratis.server.raftlog.RaftLogBase.appendImpl(RaftLogBase.java:187)
	at org.apache.ratis.server.raftlog.RaftLogBase.lambda$append$2(RaftLogBase.java:161)
	at org.apache.ratis.server.raftlog.RaftLogSequentialOps$Runner.runSequentially(RaftLogSequentialOps.java:69)
	at org.apache.ratis.server.raftlog.RaftLogBase.append(RaftLogBase.java:161)
	at org.apache.ratis.server.impl.ServerState.appendLog(ServerState.java:312)
	at org.apache.ratis.server.impl.RaftServerImpl.appendTransaction(RaftServerImpl.java:779)
	at org.apache.ratis.server.impl.RaftServerImpl.submitClientRequestAsync(RaftServerImpl.java:886)
	at org.apache.ratis.server.impl.RaftServerImpl.lambda$executeSubmitClientRequestAsync$12(RaftServerImpl.java:824)
	at org.apache.ratis.util.JavaUtils.callAsUnchecked(JavaUtils.java:117)
	at org.apache.ratis.server.impl.RaftServerImpl.lambda$executeSubmitClientRequestAsync$13(RaftServerImpl.java:824)
	at java.base/java.util.concurrent.CompletableFuture$AsyncSupply.run(CompletableFuture.java:1700)
	at java.base/java.util.concurrent.ThreadPoolExecutor.runWorker(ThreadPoolExecutor.java:1128)
	at java.base/java.util.concurrent.ThreadPoolExecutor$Worker.run(ThreadPoolExecutor.java:628)
	... 1 more
2023-02-21 19:30:17,988 [grpc-default-executor-4] WARN  server.GrpcLogAppender (LogUtils.java:warn(124)) - s1@group-ECF61963C484->s2-AppendLogResponseHandler: Failed appendEntries
org.apache.ratis.server.raftlog.RaftLogIOException: Log already failed at index 166 for task WriteLog:166: (t:5, i:166), STATEMACHINELOGENTRY, StateMachineLogEntryProto:439@client-8A0E3AB17445
	at org.apache.ratis.server.raftlog.segmented.SegmentedRaftLogWorker.run(SegmentedRaftLogWorker.java:320)
	at java.base/java.lang.Thread.run(Thread.java:829)
Caused by: java.io.IOException: java.lang.IllegalStateException: Null stream: entry=term: 5
index: 166
stateMachineLogEntry {
  type: DATASTREAM
  clientId: "\231!h\2642\231BI\224\205\212\016:\261tE"
  callId: 439
}

	at org.apache.ratis.util.IOUtils.asIOException(IOUtils.java:56)
	at org.apache.ratis.util.IOUtils.toIOException(IOUtils.java:61)
	at org.apache.ratis.util.IOUtils.getFromFuture(IOUtils.java:85)
	at org.apache.ratis.server.raftlog.segmented.SegmentedRaftLogWorker$StateMachineDataPolicy.getFromFuture(SegmentedRaftLogWorker.java:88)
	at org.apache.ratis.server.raftlog.segmented.SegmentedRaftLogWorker$WriteLog.execute(SegmentedRaftLogWorker.java:540)
	at org.apache.ratis.server.raftlog.segmented.SegmentedRaftLogWorker.run(SegmentedRaftLogWorker.java:308)
	... 1 more
Caused by: java.lang.IllegalStateException: Null stream: entry=term: 5
index: 166
stateMachineLogEntry {
  type: DATASTREAM
  clientId: "\231!h\2642\231BI\224\205\212\016:\261tE"
  callId: 439
}

	at org.apache.ratis.datastream.DataStreamTestUtils$MultiDataStreamStateMachine.link(DataStreamTestUtils.java:159)
	at org.apache.ratis.server.raftlog.segmented.SegmentedRaftLogWorker$WriteLog.<init>(SegmentedRaftLogWorker.java:497)
	at org.apache.ratis.server.raftlog.segmented.SegmentedRaftLogWorker.writeLogEntry(SegmentedRaftLogWorker.java:443)
	at org.apache.ratis.server.raftlog.segmented.SegmentedRaftLog.appendEntryImpl(SegmentedRaftLog.java:409)
	at org.apache.ratis.server.raftlog.RaftLogBase.lambda$appendEntry$10(RaftLogBase.java:330)
	at org.apache.ratis.server.raftlog.RaftLogSequentialOps$Runner.runSequentially(RaftLogSequentialOps.java:78)
	at org.apache.ratis.server.raftlog.RaftLogBase.appendEntry(RaftLogBase.java:330)
	at org.apache.ratis.server.raftlog.segmented.SegmentedRaftLog.appendImpl(SegmentedRaftLog.java:456)
	at org.apache.ratis.server.raftlog.RaftLogBase.lambda$append$11(RaftLogBase.java:337)
	at org.apache.ratis.server.raftlog.RaftLogSequentialOps$Runner.runSequentially(RaftLogSequentialOps.java:69)
	at org.apache.ratis.server.raftlog.RaftLogBase.append(RaftLogBase.java:337)
	at org.apache.ratis.server.impl.RaftServerImpl.appendEntriesAsync(RaftServerImpl.java:1528)
	at org.apache.ratis.server.impl.RaftServerImpl.appendEntriesAsync(RaftServerImpl.java:1396)
	at org.apache.ratis.server.impl.RaftServerProxy.lambda$appendEntriesAsync$26(RaftServerProxy.java:634)
	at org.apache.ratis.util.JavaUtils.callAsUnchecked(JavaUtils.java:117)
	at org.apache.ratis.server.impl.RaftServerImpl.lambda$executeSubmitServerRequestAsync$11(RaftServerImpl.java:818)
	at java.base/java.util.concurrent.CompletableFuture$AsyncSupply.run(CompletableFuture.java:1700)
	at java.base/java.util.concurrent.ThreadPoolExecutor.runWorker(ThreadPoolExecutor.java:1128)
	at java.base/java.util.concurrent.ThreadPoolExecutor$Worker.run(ThreadPoolExecutor.java:628)
	... 1 more
2023-02-21 19:30:17,990 [grpc-default-executor-4] INFO  leader.FollowerInfo (FollowerInfoImpl.java:lambda$new$0(52)) - s1@group-ECF61963C484->s2: nextIndex: updateUnconditionally 170 -> 169
2023-02-21 19:30:17,991 [grpc-default-executor-4] WARN  server.GrpcLogAppender (LogUtils.java:warn(124)) - s1@group-ECF61963C484->s0-AppendLogResponseHandler: Failed appendEntries
org.apache.ratis.server.raftlog.RaftLogIOException: Log already failed at index 128 for task WriteLog:128: (t:3, i:128), STATEMACHINELOGENTRY, StateMachineLogEntryProto:439@client-8A0E3AB17445
	at org.apache.ratis.server.raftlog.segmented.SegmentedRaftLogWorker.run(SegmentedRaftLogWorker.java:320)
	at java.base/java.lang.Thread.run(Thread.java:829)
Caused by: java.io.IOException: java.lang.IllegalStateException: Null stream: entry=term: 3
index: 128
stateMachineLogEntry {
  type: DATASTREAM
  clientId: "\231!h\2642\231BI\224\205\212\016:\261tE"
  callId: 439
}

	at org.apache.ratis.util.IOUtils.asIOException(IOUtils.java:56)
	at org.apache.ratis.util.IOUtils.toIOException(IOUtils.java:61)
	at org.apache.ratis.util.IOUtils.getFromFuture(IOUtils.java:85)
	at org.apache.ratis.server.raftlog.segmented.SegmentedRaftLogWorker$StateMachineDataPolicy.getFromFuture(SegmentedRaftLogWorker.java:88)
	at org.apache.ratis.server.raftlog.segmented.SegmentedRaftLogWorker$WriteLog.execute(SegmentedRaftLogWorker.java:540)
	at org.apache.ratis.server.raftlog.segmented.SegmentedRaftLogWorker.run(SegmentedRaftLogWorker.java:308)
	... 1 more
Caused by: java.lang.IllegalStateException: Null stream: entry=term: 3
index: 128
stateMachineLogEntry {
  type: DATASTREAM
  clientId: "\231!h\2642\231BI\224\205\212\016:\261tE"
  callId: 439
}

	at org.apache.ratis.datastream.DataStreamTestUtils$MultiDataStreamStateMachine.link(DataStreamTestUtils.java:159)
	at org.apache.ratis.server.raftlog.segmented.SegmentedRaftLogWorker$WriteLog.<init>(SegmentedRaftLogWorker.java:497)
	at org.apache.ratis.server.raftlog.segmented.SegmentedRaftLogWorker.writeLogEntry(SegmentedRaftLogWorker.java:443)
	at org.apache.ratis.server.raftlog.segmented.SegmentedRaftLog.appendEntryImpl(SegmentedRaftLog.java:409)
	at org.apache.ratis.server.raftlog.RaftLogBase.lambda$appendEntry$10(RaftLogBase.java:330)
	at org.apache.ratis.server.raftlog.RaftLogSequentialOps$Runner.runSequentially(RaftLogSequentialOps.java:78)
	at org.apache.ratis.server.raftlog.RaftLogBase.appendEntry(RaftLogBase.java:330)
	at org.apache.ratis.server.raftlog.RaftLogBase.appendImpl(RaftLogBase.java:187)
	at org.apache.ratis.server.raftlog.RaftLogBase.lambda$append$2(RaftLogBase.java:161)
	at org.apache.ratis.server.raftlog.RaftLogSequentialOps$Runner.runSequentially(RaftLogSequentialOps.java:69)
	at org.apache.ratis.server.raftlog.RaftLogBase.append(RaftLogBase.java:161)
	at org.apache.ratis.server.impl.ServerState.appendLog(ServerState.java:312)
	at org.apache.ratis.server.impl.RaftServerImpl.appendTransaction(RaftServerImpl.java:779)
	at org.apache.ratis.server.impl.RaftServerImpl.submitClientRequestAsync(RaftServerImpl.java:886)
	at org.apache.ratis.server.impl.RaftServerImpl.lambda$executeSubmitClientRequestAsync$12(RaftServerImpl.java:824)
	at org.apache.ratis.util.JavaUtils.callAsUnchecked(JavaUtils.java:117)
	at org.apache.ratis.server.impl.RaftServerImpl.lambda$executeSubmitClientRequestAsync$13(RaftServerImpl.java:824)
	at java.base/java.util.concurrent.CompletableFuture$AsyncSupply.run(CompletableFuture.java:1700)
	at java.base/java.util.concurrent.ThreadPoolExecutor.runWorker(ThreadPoolExecutor.java:1128)
	at java.base/java.util.concurrent.ThreadPoolExecutor$Worker.run(ThreadPoolExecutor.java:628)
	... 1 more
2023-02-21 19:30:17,992 [grpc-default-executor-4] INFO  leader.FollowerInfo (FollowerInfoImpl.java:lambda$new$0(52)) - s1@group-ECF61963C484->s0: nextIndex: updateUnconditionally 170 -> 169
2023-02-21 19:30:19,109 [Timer-2] INFO  impl.MiniRaftCluster (MiniRaftCluster.java:lambda$start$6(349)) - TIMED-PRINT: printing ALL groups
  s0:  RUNNING  FOLLOWER s0@group-ECF61963C484:t5, leader=s1, voted=null, raftlog=Memoized:s0@group-ECF61963C484-SegmentedRaftLog:OPENED:c127, conf=128: peers:[s0|rpc:localhost:36399|admin:localhost:45573|client:localhost:36971|dataStream:localhost:43269|priority:0|startupRole:FOLLOWER, s1|rpc:localhost:45309|admin:localhost:41751|client:localhost:45149|dataStream:localhost:41895|priority:0|startupRole:FOLLOWER, s2|rpc:localhost:36685|admin:localhost:46439|client:localhost:40511|dataStream:localhost:44375|priority:0|startupRole:FOLLOWER]|listeners:[], old=null RUNNING
  s1:  RUNNING    LEADER s1@group-ECF61963C484:t5, leader=s1, voted=s1, raftlog=Memoized:s1@group-ECF61963C484-SegmentedRaftLog:OPENED:c165, conf=128: peers:[s0|rpc:localhost:36399|admin:localhost:45573|client:localhost:36971|dataStream:localhost:43269|priority:0|startupRole:FOLLOWER, s1|rpc:localhost:45309|admin:localhost:41751|client:localhost:45149|dataStream:localhost:41895|priority:0|startupRole:FOLLOWER, s2|rpc:localhost:36685|admin:localhost:46439|client:localhost:40511|dataStream:localhost:44375|priority:0|startupRole:FOLLOWER]|listeners:[], old=null RUNNING
  s2:  RUNNING  FOLLOWER s2@group-ECF61963C484:t5, leader=s1, voted=s1, raftlog=Memoized:s2@group-ECF61963C484-SegmentedRaftLog:OPENED:c165, conf=128: peers:[s0|rpc:localhost:36399|admin:localhost:45573|client:localhost:36971|dataStream:localhost:43269|priority:0|startupRole:FOLLOWER, s1|rpc:localhost:45309|admin:localhost:41751|client:localhost:45149|dataStream:localhost:41895|priority:0|startupRole:FOLLOWER, s2|rpc:localhost:36685|admin:localhost:46439|client:localhost:40511|dataStream:localhost:44375|priority:0|startupRole:FOLLOWER]|listeners:[], old=null RUNNING
2023-02-21 19:30:23,981 [timer3] WARN  grpc.GrpcUtil (GrpcUtil.java:shutdownManagedChannel(223)) - Timed out gracefully shutting down connection: ManagedChannelOrphanWrapper{delegate=ManagedChannelImpl{logId=1027, target=localhost:45149}}. 
2023-02-21 19:30:29,108 [Timer-2] INFO  impl.MiniRaftCluster (MiniRaftCluster.java:lambda$start$6(349)) - TIMED-PRINT: printing ALL groups
  s0:  RUNNING  FOLLOWER s0@group-ECF61963C484:t5, leader=s1, voted=null, raftlog=Memoized:s0@group-ECF61963C484-SegmentedRaftLog:OPENED:c127, conf=128: peers:[s0|rpc:localhost:36399|admin:localhost:45573|client:localhost:36971|dataStream:localhost:43269|priority:0|startupRole:FOLLOWER, s1|rpc:localhost:45309|admin:localhost:41751|client:localhost:45149|dataStream:localhost:41895|priority:0|startupRole:FOLLOWER, s2|rpc:localhost:36685|admin:localhost:46439|client:localhost:40511|dataStream:localhost:44375|priority:0|startupRole:FOLLOWER]|listeners:[], old=null RUNNING
  s1:  RUNNING    LEADER s1@group-ECF61963C484:t5, leader=s1, voted=s1, raftlog=Memoized:s1@group-ECF61963C484-SegmentedRaftLog:OPENED:c165, conf=128: peers:[s0|rpc:localhost:36399|admin:localhost:45573|client:localhost:36971|dataStream:localhost:43269|priority:0|startupRole:FOLLOWER, s1|rpc:localhost:45309|admin:localhost:41751|client:localhost:45149|dataStream:localhost:41895|priority:0|startupRole:FOLLOWER, s2|rpc:localhost:36685|admin:localhost:46439|client:localhost:40511|dataStream:localhost:44375|priority:0|startupRole:FOLLOWER]|listeners:[], old=null RUNNING
  s2:  RUNNING  FOLLOWER s2@group-ECF61963C484:t5, leader=s1, voted=s1, raftlog=Memoized:s2@group-ECF61963C484-SegmentedRaftLog:OPENED:c165, conf=128: peers:[s0|rpc:localhost:36399|admin:localhost:45573|client:localhost:36971|dataStream:localhost:43269|priority:0|startupRole:FOLLOWER, s1|rpc:localhost:45309|admin:localhost:41751|client:localhost:45149|dataStream:localhost:41895|priority:0|startupRole:FOLLOWER, s2|rpc:localhost:36685|admin:localhost:46439|client:localhost:40511|dataStream:localhost:44375|priority:0|startupRole:FOLLOWER]|listeners:[], old=null RUNNING
2023-02-21 19:30:30,105 [timer3] WARN  grpc.GrpcUtil (GrpcUtil.java:shutdownManagedChannel(223)) - Timed out gracefully shutting down connection: ManagedChannelOrphanWrapper{delegate=ManagedChannelImpl{logId=1041, target=localhost:45149}}. 
2023-02-21 19:30:36,237 [timer1] WARN  grpc.GrpcUtil (GrpcUtil.java:shutdownManagedChannel(223)) - Timed out gracefully shutting down connection: ManagedChannelOrphanWrapper{delegate=ManagedChannelImpl{logId=1055, target=localhost:45149}}. 
]]></system-out>
  </testcase>
  <testcase name="testStreamWrites" classname="org.apache.ratis.datastream.TestNettyDataStreamStarTopologyWithGrpcCluster" time="4.234"/>
</testsuite>