<?xml version="1.0" encoding="UTF-8"?>
<testsuite xmlns:xsi="http://www.w3.org/2001/XMLSchema-instance" xsi:noNamespaceSchemaLocation="https://maven.apache.org/surefire/maven-surefire-plugin/xsd/surefire-test-report-3.0.xsd" version="3.0" name="org.apache.ratis.grpc.TestRetryCacheWithGrpc" time="10.466" tests="4" errors="0" skipped="0" failures="1">
  <properties>
    <property name="awt.toolkit" value="sun.awt.X11.XToolkit"/>
    <property name="java.specification.version" value="11"/>
    <property name="sun.cpu.isalist" value=""/>
    <property name="sun.jnu.encoding" value="UTF-8"/>
    <property name="java.class.path" value="/home/runner/work/ratis/ratis/ratis-test/target/test-classes:/home/runner/work/ratis/ratis/ratis-test/target/classes:/home/runner/work/ratis/ratis/ratis-common/target/classes:/home/runner/.m2/repository/org/apache/ratis/ratis-thirdparty-misc/1.0.5/ratis-thirdparty-misc-1.0.5.jar:/home/runner/work/ratis/ratis/ratis-proto/target/classes:/home/runner/work/ratis/ratis/ratis-common/target/test-classes:/home/runner/work/ratis/ratis/ratis-client/target/classes:/home/runner/work/ratis/ratis/ratis-server/target/classes:/home/runner/work/ratis/ratis/ratis-server-api/target/classes:/home/runner/work/ratis/ratis/ratis-metrics-api/target/classes:/home/runner/work/ratis/ratis/ratis-server/target/test-classes:/home/runner/work/ratis/ratis/ratis-metrics-default/target/classes:/home/runner/work/ratis/ratis/ratis-netty/target/classes:/home/runner/work/ratis/ratis/ratis-netty/target/test-classes:/home/runner/work/ratis/ratis/ratis-grpc/target/classes:/home/runner/work/ratis/ratis/ratis-grpc/target/test-classes:/home/runner/work/ratis/ratis/ratis-shell/target/classes:/home/runner/.m2/repository/commons-cli/commons-cli/1.5.0/commons-cli-1.5.0.jar:/home/runner/.m2/repository/org/reflections/reflections/0.10.2/reflections-0.10.2.jar:/home/runner/.m2/repository/org/javassist/javassist/3.28.0-GA/javassist-3.28.0-GA.jar:/home/runner/.m2/repository/com/google/code/findbugs/jsr305/3.0.2/jsr305-3.0.2.jar:/home/runner/.m2/repository/org/bouncycastle/bcprov-jdk18on/1.76/bcprov-jdk18on-1.76.jar:/home/runner/.m2/repository/org/bouncycastle/bcpkix-jdk18on/1.76/bcpkix-jdk18on-1.76.jar:/home/runner/.m2/repository/org/bouncycastle/bcutil-jdk18on/1.76/bcutil-jdk18on-1.76.jar:/home/runner/.m2/repository/org/slf4j/slf4j-api/2.0.7/slf4j-api-2.0.7.jar:/home/runner/.m2/repository/org/slf4j/slf4j-reload4j/2.0.7/slf4j-reload4j-2.0.7.jar:/home/runner/.m2/repository/ch/qos/reload4j/reload4j/1.2.22/reload4j-1.2.22.jar:/home/runner/.m2/repository/junit/junit/4.13.2/junit-4.13.2.jar:/home/runner/.m2/repository/org/hamcrest/hamcrest-core/1.3/hamcrest-core-1.3.jar:/home/runner/.m2/repository/org/mockito/mockito-core/4.3.1/mockito-core-4.3.1.jar:/home/runner/.m2/repository/net/bytebuddy/byte-buddy/1.12.7/byte-buddy-1.12.7.jar:/home/runner/.m2/repository/net/bytebuddy/byte-buddy-agent/1.12.7/byte-buddy-agent-1.12.7.jar:/home/runner/.m2/repository/org/objenesis/objenesis/3.2/objenesis-3.2.jar:"/>
    <property name="java.vm.vendor" value="Eclipse Adoptium"/>
    <property name="sun.arch.data.model" value="64"/>
    <property name="java.vendor.url" value="https://adoptium.net/"/>
    <property name="user.timezone" value=""/>
    <property name="java.vm.specification.version" value="11"/>
    <property name="os.name" value="Linux"/>
    <property name="sun.java.launcher" value="SUN_STANDARD"/>
    <property name="sun.boot.library.path" value="/usr/lib/jvm/temurin-11-jdk-amd64/lib"/>
    <property name="sun.java.command" value="/home/runner/work/ratis/ratis/ratis-test/target/surefire/surefirebooter-20231120192539126_50.jar /home/runner/work/ratis/ratis/ratis-test/target/surefire 2023-11-20T19-25-05_118-jvmRun1 surefire-20231120192539126_48tmp surefire_7-20231120192539126_49tmp"/>
    <property name="jdk.debug" value="release"/>
    <property name="surefire.test.class.path" value="/home/runner/work/ratis/ratis/ratis-test/target/test-classes:/home/runner/work/ratis/ratis/ratis-test/target/classes:/home/runner/work/ratis/ratis/ratis-common/target/classes:/home/runner/.m2/repository/org/apache/ratis/ratis-thirdparty-misc/1.0.5/ratis-thirdparty-misc-1.0.5.jar:/home/runner/work/ratis/ratis/ratis-proto/target/classes:/home/runner/work/ratis/ratis/ratis-common/target/test-classes:/home/runner/work/ratis/ratis/ratis-client/target/classes:/home/runner/work/ratis/ratis/ratis-server/target/classes:/home/runner/work/ratis/ratis/ratis-server-api/target/classes:/home/runner/work/ratis/ratis/ratis-metrics-api/target/classes:/home/runner/work/ratis/ratis/ratis-server/target/test-classes:/home/runner/work/ratis/ratis/ratis-metrics-default/target/classes:/home/runner/work/ratis/ratis/ratis-netty/target/classes:/home/runner/work/ratis/ratis/ratis-netty/target/test-classes:/home/runner/work/ratis/ratis/ratis-grpc/target/classes:/home/runner/work/ratis/ratis/ratis-grpc/target/test-classes:/home/runner/work/ratis/ratis/ratis-shell/target/classes:/home/runner/.m2/repository/commons-cli/commons-cli/1.5.0/commons-cli-1.5.0.jar:/home/runner/.m2/repository/org/reflections/reflections/0.10.2/reflections-0.10.2.jar:/home/runner/.m2/repository/org/javassist/javassist/3.28.0-GA/javassist-3.28.0-GA.jar:/home/runner/.m2/repository/com/google/code/findbugs/jsr305/3.0.2/jsr305-3.0.2.jar:/home/runner/.m2/repository/org/bouncycastle/bcprov-jdk18on/1.76/bcprov-jdk18on-1.76.jar:/home/runner/.m2/repository/org/bouncycastle/bcpkix-jdk18on/1.76/bcpkix-jdk18on-1.76.jar:/home/runner/.m2/repository/org/bouncycastle/bcutil-jdk18on/1.76/bcutil-jdk18on-1.76.jar:/home/runner/.m2/repository/org/slf4j/slf4j-api/2.0.7/slf4j-api-2.0.7.jar:/home/runner/.m2/repository/org/slf4j/slf4j-reload4j/2.0.7/slf4j-reload4j-2.0.7.jar:/home/runner/.m2/repository/ch/qos/reload4j/reload4j/1.2.22/reload4j-1.2.22.jar:/home/runner/.m2/repository/junit/junit/4.13.2/junit-4.13.2.jar:/home/runner/.m2/repository/org/hamcrest/hamcrest-core/1.3/hamcrest-core-1.3.jar:/home/runner/.m2/repository/org/mockito/mockito-core/4.3.1/mockito-core-4.3.1.jar:/home/runner/.m2/repository/net/bytebuddy/byte-buddy/1.12.7/byte-buddy-1.12.7.jar:/home/runner/.m2/repository/net/bytebuddy/byte-buddy-agent/1.12.7/byte-buddy-agent-1.12.7.jar:/home/runner/.m2/repository/org/objenesis/objenesis/3.2/objenesis-3.2.jar:"/>
    <property name="sun.cpu.endian" value="little"/>
    <property name="user.home" value="/home/runner"/>
    <property name="user.language" value="en"/>
    <property name="java.specification.vendor" value="Oracle Corporation"/>
    <property name="java.version.date" value="2023-10-17"/>
    <property name="java.home" value="/usr/lib/jvm/temurin-11-jdk-amd64"/>
    <property name="file.separator" value="/"/>
    <property name="basedir" value="/home/runner/work/ratis/ratis/ratis-test"/>
    <property name="java.vm.compressedOopsMode" value="32-bit"/>
    <property name="line.separator" value="&#10;"/>
    <property name="java.specification.name" value="Java Platform API Specification"/>
    <property name="java.vm.specification.vendor" value="Oracle Corporation"/>
    <property name="java.awt.graphicsenv" value="sun.awt.X11GraphicsEnvironment"/>
    <property name="surefire.real.class.path" value="/home/runner/work/ratis/ratis/ratis-test/target/surefire/surefirebooter-20231120192539126_50.jar"/>
    <property name="sun.management.compiler" value="HotSpot 64-Bit Tiered Compilers"/>
    <property name="java.runtime.version" value="11.0.21+9"/>
    <property name="user.name" value="runner"/>
    <property name="java.net.preferIPv4Stack" value="true"/>
    <property name="path.separator" value=":"/>
    <property name="os.version" value="5.15.0-1051-azure"/>
    <property name="java.runtime.name" value="OpenJDK Runtime Environment"/>
    <property name="file.encoding" value="UTF-8"/>
    <property name="java.vm.name" value="OpenJDK 64-Bit Server VM"/>
    <property name="java.vendor.version" value="Temurin-11.0.21+9"/>
    <property name="localRepository" value="/home/runner/.m2/repository"/>
    <property name="java.vendor.url.bug" value="https://github.com/adoptium/adoptium-support/issues"/>
    <property name="java.io.tmpdir" value="/tmp"/>
    <property name="java.version" value="11.0.21"/>
    <property name="user.dir" value="/home/runner/work/ratis/ratis/ratis-test"/>
    <property name="os.arch" value="amd64"/>
    <property name="ratis.tmp.dir" value="/home/runner/work/ratis/ratis/ratis-test/target/tmp"/>
    <property name="java.vm.specification.name" value="Java Virtual Machine Specification"/>
    <property name="java.awt.printerjob" value="sun.print.PSPrinterJob"/>
    <property name="ratis.log.dir" value="/home/runner/work/ratis/ratis/ratis-test/target/log"/>
    <property name="sun.os.patch.level" value="unknown"/>
    <property name="java.library.path" value="/usr/java/packages/lib:/usr/lib64:/lib64:/lib:/usr/lib"/>
    <property name="java.vm.info" value="mixed mode"/>
    <property name="java.vendor" value="Eclipse Adoptium"/>
    <property name="java.vm.version" value="11.0.21+9"/>
    <property name="java.specification.maintenance.version" value="2"/>
    <property name="sun.io.unicode.encoding" value="UnicodeLittle"/>
    <property name="java.class.version" value="55.0"/>
  </properties>
  <testcase name="testRetryOnResourceUnavailableException" classname="org.apache.ratis.grpc.TestRetryCacheWithGrpc" time="2.744">
    <system-out><![CDATA[2023-11-20 19:26:35,317 [main] INFO  util.LogUtils (Slf4jUtils.java:setLogLevel(38)) - Successfully set org.apache.ratis.server.RaftServer$Division log level to DEBUG
2023-11-20 19:26:35,320 [main] INFO  util.LogUtils (Slf4jUtils.java:setLogLevel(38)) - Successfully set org.apache.ratis.conf.ConfUtils log level to WARN
2023-11-20 19:26:35,321 [main] INFO  util.LogUtils (Slf4jUtils.java:setLogLevel(38)) - Successfully set org.apache.ratis.util.FileUtils log level to TRACE
2023-11-20 19:26:35,323 [main] INFO  util.LogUtils (Slf4jUtils.java:setLogLevel(38)) - Successfully set org.apache.ratis.server.RetryCache log level to TRACE
2023-11-20 19:26:35,405 [Time-limited test] INFO  impl.MiniRaftCluster (MiniRaftCluster.java:<init>(306)) - new MiniRaftClusterWithGrpc with group-2A893677AE84:[s0|localhost:44139, s1|localhost:39265, s2|localhost:45287]
2023-11-20 19:26:35,406 [Time-limited test] INFO  impl.MiniRaftCluster (MiniRaftCluster.java:start(339)) - .............................................................. 
2023-11-20 19:26:35,406 [Time-limited test] INFO  impl.MiniRaftCluster (MiniRaftCluster.java:start(340)) - ... 
2023-11-20 19:26:35,407 [Time-limited test] INFO  impl.MiniRaftCluster (MiniRaftCluster.java:start(341)) - ...     Starting MiniRaftClusterWithGrpc
2023-11-20 19:26:35,407 [Time-limited test] INFO  impl.MiniRaftCluster (MiniRaftCluster.java:start(342)) - ... 
2023-11-20 19:26:35,407 [Time-limited test] INFO  impl.MiniRaftCluster (MiniRaftCluster.java:start(343)) - .............................................................. 
2023-11-20 19:26:35,407 [Time-limited test] INFO  impl.MiniRaftCluster (MiniRaftCluster.java:initServers(318)) - servers = {}
2023-11-20 19:26:35,411 [Time-limited test] INFO  impl.MiniRaftCluster (MiniRaftCluster.java:newRaftServer(382)) - newRaftServer: s0, group-2A893677AE84:[s0|localhost:44139, s1|localhost:39265, s2|localhost:45287], format? true
2023-11-20 19:26:35,412 [Time-limited test] TRACE util.FileUtils (FileUtils.java:deleteFully(305)) - deleteFully target/test/data/42d3a8b8/MiniRaftClusterWithGrpc35a461f6/s0
2023-11-20 19:26:35,413 [Time-limited test] TRACE util.FileUtils (FileUtils.java:deleteFully(318)) - deleteFully: target/test/data/42d3a8b8/MiniRaftClusterWithGrpc35a461f6/s0 does not exist.
2023-11-20 19:26:35,413 [Time-limited test] INFO  impl.MiniRaftCluster (MiniRaftCluster.java:newRaftServer(387)) - Formatted directory target/test/data/42d3a8b8/MiniRaftClusterWithGrpc35a461f6/s0
2023-11-20 19:26:35,430 [Time-limited test] INFO  server.RaftServer (ConfUtils.java:logGet(46)) - raft.rpc.type = GRPC (default)
2023-11-20 19:26:35,475 [Time-limited test] INFO  grpc.GrpcConfigKeys (ConfUtils.java:logFallback(53)) - raft.grpc.admin.host = null (fallback to raft.grpc.server.host)
2023-11-20 19:26:35,477 [Time-limited test] INFO  grpc.GrpcConfigKeys (ConfUtils.java:logGet(46)) - raft.grpc.admin.port = 33099 (custom)
2023-11-20 19:26:35,477 [Time-limited test] INFO  grpc.GrpcConfigKeys (ConfUtils.java:logFallback(53)) - raft.grpc.client.host = null (fallback to raft.grpc.server.host)
2023-11-20 19:26:35,477 [Time-limited test] INFO  grpc.GrpcConfigKeys (ConfUtils.java:logGet(46)) - raft.grpc.client.port = 37679 (custom)
2023-11-20 19:26:35,478 [Time-limited test] INFO  grpc.GrpcConfigKeys (ConfUtils.java:logGet(46)) - raft.grpc.server.host = null (default)
2023-11-20 19:26:35,478 [Time-limited test] INFO  grpc.GrpcConfigKeys (ConfUtils.java:logGet(46)) - raft.grpc.server.port = 44139 (custom)
2023-11-20 19:26:35,479 [Time-limited test] INFO  server.GrpcService (ConfUtils.java:logGet(46)) - raft.grpc.message.size.max = 64MB (=67108864) (default)
2023-11-20 19:26:35,481 [Time-limited test] INFO  server.RaftServerConfigKeys (ConfUtils.java:logGet(46)) - raft.server.log.appender.buffer.byte-limit = 4MB (=4194304) (default)
2023-11-20 19:26:35,481 [Time-limited test] INFO  server.GrpcService (ConfUtils.java:logGet(46)) - raft.grpc.flow.control.window = 1MB (=1048576) (default)
2023-11-20 19:26:35,484 [Time-limited test] INFO  server.RaftServerConfigKeys (ConfUtils.java:logGet(46)) - raft.server.rpc.request.timeout = 3000ms (default)
2023-11-20 19:26:35,498 [Time-limited test] INFO  grpc.GrpcConfigKeys (ConfUtils.java:logGet(46)) - raft.grpc.server.heartbeat.channel = true (default)
2023-11-20 19:26:35,502 [Time-limited test] INFO  grpc.GrpcConfigKeys (ConfUtils.java:logGet(46)) - raft.grpc.server.async.request.thread.pool.cached = true (default)
2023-11-20 19:26:35,502 [Time-limited test] INFO  grpc.GrpcConfigKeys (ConfUtils.java:logGet(46)) - raft.grpc.server.async.request.thread.pool.size = 32 (default)
2023-11-20 19:26:35,650 [Time-limited test] INFO  impl.DataStreamServerImpl (ConfUtils.java:logGet(46)) - raft.datastream.type = DISABLED (default)
2023-11-20 19:26:35,652 [Time-limited test] INFO  server.RaftServerConfigKeys (ConfUtils.java:logGet(46)) - raft.server.sleep.deviation.threshold = 300ms (default)
2023-11-20 19:26:35,652 [Time-limited test] INFO  server.RaftServerConfigKeys (ConfUtils.java:logGet(46)) - raft.server.close.threshold = 60s (default)
2023-11-20 19:26:35,653 [Time-limited test] INFO  server.RaftServerConfigKeys (ConfUtils.java:logGet(46)) - raft.server.leaderelection.leader.step-down.wait-time = 10s (default)
2023-11-20 19:26:35,656 [Time-limited test] INFO  server.RaftServerConfigKeys (ConfUtils.java:logGet(46)) - raft.server.storage.dir = [/home/runner/work/ratis/ratis/ratis-test/target/test/data/42d3a8b8/MiniRaftClusterWithGrpc35a461f6/s0] (custom)
2023-11-20 19:26:35,658 [Time-limited test] INFO  server.RaftServerConfigKeys (ConfUtils.java:logGet(46)) - raft.server.threadpool.proxy.cached = true (default)
2023-11-20 19:26:35,658 [Time-limited test] INFO  server.RaftServerConfigKeys (ConfUtils.java:logGet(46)) - raft.server.threadpool.proxy.size = 0 (default)
2023-11-20 19:26:35,675 [Time-limited test] INFO  server.RaftServer (RaftServerProxy.java:addNew(100)) - s0: addNew group-2A893677AE84:[s0|localhost:44139, s1|localhost:39265, s2|localhost:45287] returns group-2A893677AE84:java.util.concurrent.CompletableFuture@4b5d578e[Not completed]
2023-11-20 19:26:35,676 [Time-limited test] INFO  impl.MiniRaftCluster (MiniRaftCluster.java:newRaftServer(382)) - newRaftServer: s1, group-2A893677AE84:[s0|localhost:44139, s1|localhost:39265, s2|localhost:45287], format? true
2023-11-20 19:26:35,676 [Time-limited test] TRACE util.FileUtils (FileUtils.java:deleteFully(305)) - deleteFully target/test/data/42d3a8b8/MiniRaftClusterWithGrpc35a461f6/s1
2023-11-20 19:26:35,676 [Time-limited test] TRACE util.FileUtils (FileUtils.java:deleteFully(318)) - deleteFully: target/test/data/42d3a8b8/MiniRaftClusterWithGrpc35a461f6/s1 does not exist.
2023-11-20 19:26:35,676 [Time-limited test] INFO  impl.MiniRaftCluster (MiniRaftCluster.java:newRaftServer(387)) - Formatted directory target/test/data/42d3a8b8/MiniRaftClusterWithGrpc35a461f6/s1
2023-11-20 19:26:35,677 [Time-limited test] INFO  server.RaftServer (ConfUtils.java:logGet(46)) - raft.rpc.type = GRPC (default)
2023-11-20 19:26:35,677 [Time-limited test] INFO  grpc.GrpcConfigKeys (ConfUtils.java:logFallback(53)) - raft.grpc.admin.host = null (fallback to raft.grpc.server.host)
2023-11-20 19:26:35,678 [Time-limited test] INFO  grpc.GrpcConfigKeys (ConfUtils.java:logGet(46)) - raft.grpc.admin.port = 35039 (custom)
2023-11-20 19:26:35,678 [Time-limited test] INFO  grpc.GrpcConfigKeys (ConfUtils.java:logFallback(53)) - raft.grpc.client.host = null (fallback to raft.grpc.server.host)
2023-11-20 19:26:35,678 [Time-limited test] INFO  grpc.GrpcConfigKeys (ConfUtils.java:logGet(46)) - raft.grpc.client.port = 41071 (custom)
2023-11-20 19:26:35,678 [Time-limited test] INFO  grpc.GrpcConfigKeys (ConfUtils.java:logGet(46)) - raft.grpc.server.host = null (default)
2023-11-20 19:26:35,679 [Time-limited test] INFO  grpc.GrpcConfigKeys (ConfUtils.java:logGet(46)) - raft.grpc.server.port = 39265 (custom)
2023-11-20 19:26:35,679 [Time-limited test] INFO  server.GrpcService (ConfUtils.java:logGet(46)) - raft.grpc.message.size.max = 64MB (=67108864) (default)
2023-11-20 19:26:35,679 [Time-limited test] INFO  server.RaftServerConfigKeys (ConfUtils.java:logGet(46)) - raft.server.log.appender.buffer.byte-limit = 4MB (=4194304) (default)
2023-11-20 19:26:35,679 [Time-limited test] INFO  server.GrpcService (ConfUtils.java:logGet(46)) - raft.grpc.flow.control.window = 1MB (=1048576) (default)
2023-11-20 19:26:35,680 [Time-limited test] INFO  server.RaftServerConfigKeys (ConfUtils.java:logGet(46)) - raft.server.rpc.request.timeout = 3000ms (default)
2023-11-20 19:26:35,680 [Time-limited test] INFO  grpc.GrpcConfigKeys (ConfUtils.java:logGet(46)) - raft.grpc.server.heartbeat.channel = true (default)
2023-11-20 19:26:35,680 [Time-limited test] INFO  grpc.GrpcConfigKeys (ConfUtils.java:logGet(46)) - raft.grpc.server.async.request.thread.pool.cached = true (default)
2023-11-20 19:26:35,680 [Time-limited test] INFO  grpc.GrpcConfigKeys (ConfUtils.java:logGet(46)) - raft.grpc.server.async.request.thread.pool.size = 32 (default)
2023-11-20 19:26:35,683 [Time-limited test] INFO  impl.DataStreamServerImpl (ConfUtils.java:logGet(46)) - raft.datastream.type = DISABLED (default)
2023-11-20 19:26:35,683 [Time-limited test] INFO  server.RaftServerConfigKeys (ConfUtils.java:logGet(46)) - raft.server.sleep.deviation.threshold = 300ms (default)
2023-11-20 19:26:35,683 [Time-limited test] INFO  server.RaftServerConfigKeys (ConfUtils.java:logGet(46)) - raft.server.close.threshold = 60s (default)
2023-11-20 19:26:35,684 [Time-limited test] INFO  server.RaftServerConfigKeys (ConfUtils.java:logGet(46)) - raft.server.leaderelection.leader.step-down.wait-time = 10s (default)
2023-11-20 19:26:35,684 [Time-limited test] INFO  server.RaftServerConfigKeys (ConfUtils.java:logGet(46)) - raft.server.storage.dir = [/home/runner/work/ratis/ratis/ratis-test/target/test/data/42d3a8b8/MiniRaftClusterWithGrpc35a461f6/s1] (custom)
2023-11-20 19:26:35,684 [Time-limited test] INFO  server.RaftServerConfigKeys (ConfUtils.java:logGet(46)) - raft.server.threadpool.proxy.cached = true (default)
2023-11-20 19:26:35,685 [Time-limited test] INFO  server.RaftServerConfigKeys (ConfUtils.java:logGet(46)) - raft.server.threadpool.proxy.size = 0 (default)
2023-11-20 19:26:35,685 [Time-limited test] INFO  server.RaftServer (RaftServerProxy.java:addNew(100)) - s1: addNew group-2A893677AE84:[s0|localhost:44139, s1|localhost:39265, s2|localhost:45287] returns group-2A893677AE84:java.util.concurrent.CompletableFuture@4a1cacb9[Not completed]
2023-11-20 19:26:35,686 [Time-limited test] INFO  impl.MiniRaftCluster (MiniRaftCluster.java:newRaftServer(382)) - newRaftServer: s2, group-2A893677AE84:[s0|localhost:44139, s1|localhost:39265, s2|localhost:45287], format? true
2023-11-20 19:26:35,686 [Time-limited test] TRACE util.FileUtils (FileUtils.java:deleteFully(305)) - deleteFully target/test/data/42d3a8b8/MiniRaftClusterWithGrpc35a461f6/s2
2023-11-20 19:26:35,686 [Time-limited test] TRACE util.FileUtils (FileUtils.java:deleteFully(318)) - deleteFully: target/test/data/42d3a8b8/MiniRaftClusterWithGrpc35a461f6/s2 does not exist.
2023-11-20 19:26:35,686 [Time-limited test] INFO  impl.MiniRaftCluster (MiniRaftCluster.java:newRaftServer(387)) - Formatted directory target/test/data/42d3a8b8/MiniRaftClusterWithGrpc35a461f6/s2
2023-11-20 19:26:35,687 [Time-limited test] INFO  server.RaftServer (ConfUtils.java:logGet(46)) - raft.rpc.type = GRPC (default)
2023-11-20 19:26:35,687 [Time-limited test] INFO  grpc.GrpcConfigKeys (ConfUtils.java:logFallback(53)) - raft.grpc.admin.host = null (fallback to raft.grpc.server.host)
2023-11-20 19:26:35,687 [Time-limited test] INFO  grpc.GrpcConfigKeys (ConfUtils.java:logGet(46)) - raft.grpc.admin.port = 45329 (custom)
2023-11-20 19:26:35,687 [s0-groupManagement] INFO  server.RaftServerConfigKeys (ConfUtils.java:logGet(46)) - raft.server.log.segment.size.max = 32MB (=33554432) (default)
2023-11-20 19:26:35,688 [Time-limited test] INFO  grpc.GrpcConfigKeys (ConfUtils.java:logFallback(53)) - raft.grpc.client.host = null (fallback to raft.grpc.server.host)
2023-11-20 19:26:35,687 [s1-groupManagement] INFO  server.RaftServerConfigKeys (ConfUtils.java:logGet(46)) - raft.server.log.segment.size.max = 32MB (=33554432) (default)
2023-11-20 19:26:35,688 [s0-groupManagement] INFO  server.RaftServerConfigKeys (ConfUtils.java:logGet(46)) - raft.server.log.preallocated.size = 4MB (=4194304) (default)
2023-11-20 19:26:35,688 [s1-groupManagement] INFO  server.RaftServerConfigKeys (ConfUtils.java:logGet(46)) - raft.server.log.preallocated.size = 4MB (=4194304) (default)
2023-11-20 19:26:35,688 [Time-limited test] INFO  grpc.GrpcConfigKeys (ConfUtils.java:logGet(46)) - raft.grpc.client.port = 37633 (custom)
2023-11-20 19:26:35,688 [s1-groupManagement] INFO  server.RaftServerConfigKeys (ConfUtils.java:logGet(46)) - raft.server.log.write.buffer.size = 8MB (=8388608) (default)
2023-11-20 19:26:35,688 [s0-groupManagement] INFO  server.RaftServerConfigKeys (ConfUtils.java:logGet(46)) - raft.server.log.write.buffer.size = 8MB (=8388608) (default)
2023-11-20 19:26:35,688 [Time-limited test] INFO  grpc.GrpcConfigKeys (ConfUtils.java:logGet(46)) - raft.grpc.server.host = null (default)
2023-11-20 19:26:35,689 [Time-limited test] INFO  grpc.GrpcConfigKeys (ConfUtils.java:logGet(46)) - raft.grpc.server.port = 45287 (custom)
2023-11-20 19:26:35,689 [Time-limited test] INFO  server.GrpcService (ConfUtils.java:logGet(46)) - raft.grpc.message.size.max = 64MB (=67108864) (default)
2023-11-20 19:26:35,690 [Time-limited test] INFO  server.RaftServerConfigKeys (ConfUtils.java:logGet(46)) - raft.server.log.appender.buffer.byte-limit = 4MB (=4194304) (default)
2023-11-20 19:26:35,690 [Time-limited test] INFO  server.GrpcService (ConfUtils.java:logGet(46)) - raft.grpc.flow.control.window = 1MB (=1048576) (default)
2023-11-20 19:26:35,691 [Time-limited test] INFO  server.RaftServerConfigKeys (ConfUtils.java:logGet(46)) - raft.server.rpc.request.timeout = 3000ms (default)
2023-11-20 19:26:35,691 [Time-limited test] INFO  grpc.GrpcConfigKeys (ConfUtils.java:logGet(46)) - raft.grpc.server.heartbeat.channel = true (default)
2023-11-20 19:26:35,691 [Time-limited test] INFO  grpc.GrpcConfigKeys (ConfUtils.java:logGet(46)) - raft.grpc.server.async.request.thread.pool.cached = true (default)
2023-11-20 19:26:35,691 [Time-limited test] INFO  grpc.GrpcConfigKeys (ConfUtils.java:logGet(46)) - raft.grpc.server.async.request.thread.pool.size = 32 (default)
2023-11-20 19:26:35,693 [Time-limited test] INFO  impl.DataStreamServerImpl (ConfUtils.java:logGet(46)) - raft.datastream.type = DISABLED (default)
2023-11-20 19:26:35,694 [Time-limited test] INFO  server.RaftServerConfigKeys (ConfUtils.java:logGet(46)) - raft.server.sleep.deviation.threshold = 300ms (default)
2023-11-20 19:26:35,694 [Time-limited test] INFO  server.RaftServerConfigKeys (ConfUtils.java:logGet(46)) - raft.server.close.threshold = 60s (default)
2023-11-20 19:26:35,694 [s0-groupManagement] INFO  server.RaftServer$Division (RaftServerImpl.java:<init>(256)) - s0: new RaftServerImpl for group-2A893677AE84:[s0|localhost:44139, s1|localhost:39265, s2|localhost:45287] with SimpleStateMachine4Testing:uninitialized
2023-11-20 19:26:35,695 [s0-groupManagement] INFO  server.RaftServerConfigKeys (ConfUtils.java:logGet(46)) - raft.server.rpc.timeout.min = 150ms (default)
2023-11-20 19:26:35,695 [s0-groupManagement] INFO  server.RaftServerConfigKeys (ConfUtils.java:logGet(46)) - raft.server.rpc.timeout.max = 300ms (default)
2023-11-20 19:26:35,695 [s0-groupManagement] INFO  server.RaftServerConfigKeys (ConfUtils.java:logGet(46)) - raft.server.rpc.sleep.time = 25ms (default)
2023-11-20 19:26:35,694 [s1-groupManagement] INFO  server.RaftServer$Division (RaftServerImpl.java:<init>(256)) - s1: new RaftServerImpl for group-2A893677AE84:[s0|localhost:44139, s1|localhost:39265, s2|localhost:45287] with SimpleStateMachine4Testing:uninitialized
2023-11-20 19:26:35,696 [s0-groupManagement] INFO  server.RaftServerConfigKeys (ConfUtils.java:logGet(46)) - raft.server.rpc.slowness.timeout = 60s (default)
2023-11-20 19:26:35,696 [s1-groupManagement] INFO  server.RaftServerConfigKeys (ConfUtils.java:logGet(46)) - raft.server.rpc.timeout.min = 150ms (default)
2023-11-20 19:26:35,694 [Time-limited test] INFO  server.RaftServerConfigKeys (ConfUtils.java:logGet(46)) - raft.server.leaderelection.leader.step-down.wait-time = 10s (default)
2023-11-20 19:26:35,696 [s1-groupManagement] INFO  server.RaftServerConfigKeys (ConfUtils.java:logGet(46)) - raft.server.rpc.timeout.max = 300ms (default)
2023-11-20 19:26:35,696 [s0-groupManagement] INFO  server.RaftServerConfigKeys (ConfUtils.java:logGet(46)) - raft.server.leaderelection.leader.step-down.wait-time = 10s (default)
2023-11-20 19:26:35,696 [s1-groupManagement] INFO  server.RaftServerConfigKeys (ConfUtils.java:logGet(46)) - raft.server.rpc.sleep.time = 25ms (default)
2023-11-20 19:26:35,696 [Time-limited test] INFO  server.RaftServerConfigKeys (ConfUtils.java:logGet(46)) - raft.server.storage.dir = [/home/runner/work/ratis/ratis/ratis-test/target/test/data/42d3a8b8/MiniRaftClusterWithGrpc35a461f6/s2] (custom)
2023-11-20 19:26:35,696 [s1-groupManagement] INFO  server.RaftServerConfigKeys (ConfUtils.java:logGet(46)) - raft.server.rpc.slowness.timeout = 60s (default)
2023-11-20 19:26:35,696 [s0-groupManagement] INFO  server.RaftServerConfigKeys (ConfUtils.java:logGet(46)) - raft.server.leaderelection.member.majority-add = false (default)
2023-11-20 19:26:35,696 [Time-limited test] INFO  server.RaftServerConfigKeys (ConfUtils.java:logGet(46)) - raft.server.threadpool.proxy.cached = true (default)
2023-11-20 19:26:35,697 [s0-groupManagement] INFO  server.RaftServerConfigKeys (ConfUtils.java:logGet(46)) - raft.server.sleep.deviation.threshold = 300ms (default)
2023-11-20 19:26:35,697 [s1-groupManagement] INFO  server.RaftServerConfigKeys (ConfUtils.java:logGet(46)) - raft.server.leaderelection.leader.step-down.wait-time = 10s (default)
2023-11-20 19:26:35,697 [Time-limited test] INFO  server.RaftServerConfigKeys (ConfUtils.java:logGet(46)) - raft.server.threadpool.proxy.size = 0 (default)
2023-11-20 19:26:35,697 [s1-groupManagement] INFO  server.RaftServerConfigKeys (ConfUtils.java:logGet(46)) - raft.server.leaderelection.member.majority-add = false (default)
2023-11-20 19:26:35,697 [s1-groupManagement] INFO  server.RaftServerConfigKeys (ConfUtils.java:logGet(46)) - raft.server.sleep.deviation.threshold = 300ms (default)
2023-11-20 19:26:35,700 [s0-groupManagement] INFO  server.RaftServer$Division (ServerState.java:<init>(113)) - s0@group-2A893677AE84: ConfigurationManager, init=-1: peers:[s0|localhost:44139, s1|localhost:39265, s2|localhost:45287]|listeners:[], old=null, confs=<EMPTY_MAP>
2023-11-20 19:26:35,700 [Time-limited test] INFO  server.RaftServer (RaftServerProxy.java:addNew(100)) - s2: addNew group-2A893677AE84:[s0|localhost:44139, s1|localhost:39265, s2|localhost:45287] returns group-2A893677AE84:java.util.concurrent.CompletableFuture@67c017bc[Not completed]
2023-11-20 19:26:35,700 [s1-groupManagement] INFO  server.RaftServer$Division (ServerState.java:<init>(113)) - s1@group-2A893677AE84: ConfigurationManager, init=-1: peers:[s0|localhost:44139, s1|localhost:39265, s2|localhost:45287]|listeners:[], old=null, confs=<EMPTY_MAP>
2023-11-20 19:26:35,701 [s2-groupManagement] INFO  server.RaftServerConfigKeys (ConfUtils.java:logGet(46)) - raft.server.log.segment.size.max = 32MB (=33554432) (default)
2023-11-20 19:26:35,701 [s2-groupManagement] INFO  server.RaftServerConfigKeys (ConfUtils.java:logGet(46)) - raft.server.log.preallocated.size = 4MB (=4194304) (default)
2023-11-20 19:26:35,701 [s2-groupManagement] INFO  server.RaftServerConfigKeys (ConfUtils.java:logGet(46)) - raft.server.log.write.buffer.size = 8MB (=8388608) (default)
2023-11-20 19:26:35,701 [s2-groupManagement] INFO  server.RaftServer$Division (RaftServerImpl.java:<init>(256)) - s2: new RaftServerImpl for group-2A893677AE84:[s0|localhost:44139, s1|localhost:39265, s2|localhost:45287] with SimpleStateMachine4Testing:uninitialized
2023-11-20 19:26:35,702 [s2-groupManagement] INFO  server.RaftServerConfigKeys (ConfUtils.java:logGet(46)) - raft.server.rpc.timeout.min = 150ms (default)
2023-11-20 19:26:35,702 [s2-groupManagement] INFO  server.RaftServerConfigKeys (ConfUtils.java:logGet(46)) - raft.server.rpc.timeout.max = 300ms (default)
2023-11-20 19:26:35,702 [s2-groupManagement] INFO  server.RaftServerConfigKeys (ConfUtils.java:logGet(46)) - raft.server.rpc.sleep.time = 25ms (default)
2023-11-20 19:26:35,702 [s2-groupManagement] INFO  server.RaftServerConfigKeys (ConfUtils.java:logGet(46)) - raft.server.rpc.slowness.timeout = 60s (default)
2023-11-20 19:26:35,702 [s2-groupManagement] INFO  server.RaftServerConfigKeys (ConfUtils.java:logGet(46)) - raft.server.leaderelection.leader.step-down.wait-time = 10s (default)
2023-11-20 19:26:35,703 [s2-groupManagement] INFO  server.RaftServerConfigKeys (ConfUtils.java:logGet(46)) - raft.server.leaderelection.member.majority-add = false (default)
2023-11-20 19:26:35,708 [s2-groupManagement] INFO  server.RaftServerConfigKeys (ConfUtils.java:logGet(46)) - raft.server.sleep.deviation.threshold = 300ms (default)
2023-11-20 19:26:35,708 [s1-groupManagement] INFO  server.RaftServerConfigKeys (ConfUtils.java:logGet(46)) - raft.server.notification.no-leader.timeout = 60s (default)
2023-11-20 19:26:35,709 [s2-groupManagement] INFO  server.RaftServer$Division (ServerState.java:<init>(113)) - s2@group-2A893677AE84: ConfigurationManager, init=-1: peers:[s0|localhost:44139, s1|localhost:39265, s2|localhost:45287]|listeners:[], old=null, confs=<EMPTY_MAP>
2023-11-20 19:26:35,709 [s2-groupManagement] INFO  server.RaftServerConfigKeys (ConfUtils.java:logGet(46)) - raft.server.notification.no-leader.timeout = 60s (default)
2023-11-20 19:26:35,709 [s0-groupManagement] INFO  server.RaftServerConfigKeys (ConfUtils.java:logGet(46)) - raft.server.notification.no-leader.timeout = 60s (default)
2023-11-20 19:26:35,712 [s1-groupManagement] INFO  server.RaftServerConfigKeys (ConfUtils.java:logGet(46)) - raft.server.read.timeout = 10s (default)
2023-11-20 19:26:35,712 [s0-groupManagement] INFO  server.RaftServerConfigKeys (ConfUtils.java:logGet(46)) - raft.server.read.timeout = 10s (default)
2023-11-20 19:26:35,712 [s2-groupManagement] INFO  server.RaftServerConfigKeys (ConfUtils.java:logGet(46)) - raft.server.read.timeout = 10s (default)
2023-11-20 19:26:35,715 [s2-groupManagement] INFO  server.RaftServerConfigKeys (ConfUtils.java:logGet(46)) - raft.server.retrycache.expirytime = 60s (default)
2023-11-20 19:26:35,715 [s0-groupManagement] INFO  server.RaftServerConfigKeys (ConfUtils.java:logGet(46)) - raft.server.retrycache.expirytime = 60s (default)
2023-11-20 19:26:35,716 [s2-groupManagement] INFO  server.RaftServerConfigKeys (ConfUtils.java:logGet(46)) - raft.server.retrycache.statistics.expirytime = 100ms (default)
2023-11-20 19:26:35,715 [s1-groupManagement] INFO  server.RaftServerConfigKeys (ConfUtils.java:logGet(46)) - raft.server.retrycache.expirytime = 60s (default)
2023-11-20 19:26:35,716 [s0-groupManagement] INFO  server.RaftServerConfigKeys (ConfUtils.java:logGet(46)) - raft.server.retrycache.statistics.expirytime = 100ms (default)
2023-11-20 19:26:35,716 [s1-groupManagement] INFO  server.RaftServerConfigKeys (ConfUtils.java:logGet(46)) - raft.server.retrycache.statistics.expirytime = 100ms (default)
2023-11-20 19:26:35,719 [s0-groupManagement] INFO  server.RaftServerConfigKeys (ConfUtils.java:logGet(46)) - raft.server.read.option = DEFAULT (default)
2023-11-20 19:26:35,719 [s2-groupManagement] INFO  server.RaftServerConfigKeys (ConfUtils.java:logGet(46)) - raft.server.read.option = DEFAULT (default)
2023-11-20 19:26:35,719 [s1-groupManagement] INFO  server.RaftServerConfigKeys (ConfUtils.java:logGet(46)) - raft.server.read.option = DEFAULT (default)
2023-11-20 19:26:35,720 [s0-groupManagement] INFO  server.RaftServerConfigKeys (ConfUtils.java:logGet(46)) - raft.server.read.read-after-write-consistent.write-index-cache.expiry-time = 60s (default)
2023-11-20 19:26:35,720 [s1-groupManagement] INFO  server.RaftServerConfigKeys (ConfUtils.java:logGet(46)) - raft.server.read.read-after-write-consistent.write-index-cache.expiry-time = 60s (default)
2023-11-20 19:26:35,720 [s2-groupManagement] INFO  server.RaftServerConfigKeys (ConfUtils.java:logGet(46)) - raft.server.read.read-after-write-consistent.write-index-cache.expiry-time = 60s (default)
2023-11-20 19:26:35,727 [s0-groupManagement] INFO  metrics.MetricRegistries (MetricRegistriesLoader.java:load(64)) - Loaded MetricRegistries class org.apache.ratis.metrics.impl.MetricRegistriesImpl
2023-11-20 19:26:35,829 [s1-groupManagement] INFO  server.RaftServerConfigKeys (ConfUtils.java:logGet(46)) - raft.server.rpc.request.timeout = 3000ms (default)
2023-11-20 19:26:35,830 [s2-groupManagement] INFO  server.RaftServerConfigKeys (ConfUtils.java:logGet(46)) - raft.server.rpc.request.timeout = 3000ms (default)
2023-11-20 19:26:35,831 [s1-groupManagement] INFO  server.RaftServerConfigKeys (ConfUtils.java:logGet(46)) - raft.server.log.appender.install.snapshot.enabled = true (default)
2023-11-20 19:26:35,831 [s1-groupManagement] INFO  server.RaftServerConfigKeys (ConfUtils.java:logGet(46)) - raft.server.threadpool.server.cached = true (default)
2023-11-20 19:26:35,832 [s1-groupManagement] INFO  server.RaftServerConfigKeys (ConfUtils.java:logGet(46)) - raft.server.threadpool.server.size = 0 (default)
2023-11-20 19:26:35,832 [s1-groupManagement] INFO  server.RaftServerConfigKeys (ConfUtils.java:logGet(46)) - raft.server.threadpool.client.cached = true (default)
2023-11-20 19:26:35,832 [s1-groupManagement] INFO  server.RaftServerConfigKeys (ConfUtils.java:logGet(46)) - raft.server.threadpool.client.size = 0 (default)
2023-11-20 19:26:35,833 [s0-groupManagement] INFO  server.RaftServerConfigKeys (ConfUtils.java:logGet(46)) - raft.server.rpc.request.timeout = 3000ms (default)
2023-11-20 19:26:35,833 [s0-groupManagement] INFO  server.RaftServerConfigKeys (ConfUtils.java:logGet(46)) - raft.server.log.appender.install.snapshot.enabled = true (default)
2023-11-20 19:26:35,833 [s0-groupManagement] INFO  server.RaftServerConfigKeys (ConfUtils.java:logGet(46)) - raft.server.threadpool.server.cached = true (default)
2023-11-20 19:26:35,833 [s0-groupManagement] INFO  server.RaftServerConfigKeys (ConfUtils.java:logGet(46)) - raft.server.threadpool.server.size = 0 (default)
2023-11-20 19:26:35,833 [s0-groupManagement] INFO  server.RaftServerConfigKeys (ConfUtils.java:logGet(46)) - raft.server.threadpool.client.cached = true (default)
2023-11-20 19:26:35,833 [s0-groupManagement] INFO  server.RaftServerConfigKeys (ConfUtils.java:logGet(46)) - raft.server.threadpool.client.size = 0 (default)
2023-11-20 19:26:35,831 [s2-groupManagement] INFO  server.RaftServerConfigKeys (ConfUtils.java:logGet(46)) - raft.server.log.appender.install.snapshot.enabled = true (default)
2023-11-20 19:26:35,834 [s2-groupManagement] INFO  server.RaftServerConfigKeys (ConfUtils.java:logGet(46)) - raft.server.threadpool.server.cached = true (default)
2023-11-20 19:26:35,834 [s2-groupManagement] INFO  server.RaftServerConfigKeys (ConfUtils.java:logGet(46)) - raft.server.threadpool.server.size = 0 (default)
2023-11-20 19:26:35,834 [s2-groupManagement] INFO  server.RaftServerConfigKeys (ConfUtils.java:logGet(46)) - raft.server.threadpool.client.cached = true (default)
2023-11-20 19:26:35,834 [s2-groupManagement] INFO  server.RaftServerConfigKeys (ConfUtils.java:logGet(46)) - raft.server.threadpool.client.size = 0 (default)
2023-11-20 19:26:35,834 [s0-impl-thread1] INFO  server.RaftServerConfigKeys (ConfUtils.java:logGet(46)) - raft.server.storage.free-space.min = 0MB (=0) (default)
2023-11-20 19:26:35,835 [s0-impl-thread1] INFO  server.RaftServerConfigKeys (ConfUtils.java:logGet(46)) - raft.server.log.corruption.policy = EXCEPTION (default)
2023-11-20 19:26:35,835 [s0-impl-thread1] INFO  server.RaftServerConfigKeys (ConfUtils.java:logGet(46)) - raft.server.storage.dir = [/home/runner/work/ratis/ratis/ratis-test/target/test/data/42d3a8b8/MiniRaftClusterWithGrpc35a461f6/s0] (custom)
2023-11-20 19:26:35,843 [s0-impl-thread1] INFO  storage.RaftStorageDirectory (RaftStorageDirectoryImpl.java:analyzeStorage(138)) - The storage directory /home/runner/work/ratis/ratis/ratis-test/target/test/data/42d3a8b8/MiniRaftClusterWithGrpc35a461f6/s0/fbd94465-6231-4c3a-8cc2-2a893677ae84 does not exist. Creating ...
2023-11-20 19:26:35,845 [s0-impl-thread1] TRACE util.FileUtils (LogUtils.java:runAndLog(49)) - Successfully ran Files.createDirectories /home/runner/work/ratis/ratis/ratis-test/target/test/data/42d3a8b8/MiniRaftClusterWithGrpc35a461f6/s0/fbd94465-6231-4c3a-8cc2-2a893677ae84
2023-11-20 19:26:35,848 [s0-impl-thread1] INFO  storage.RaftStorageDirectory (RaftStorageDirectoryImpl.java:tryLock(232)) - Lock on /home/runner/work/ratis/ratis/ratis-test/target/test/data/42d3a8b8/MiniRaftClusterWithGrpc35a461f6/s0/fbd94465-6231-4c3a-8cc2-2a893677ae84/in_use.lock acquired by nodename 4652@fv-az1023-122
2023-11-20 19:26:35,848 [s0-impl-thread1] TRACE util.FileUtils (LogUtils.java:runAndLog(49)) - Successfully ran Files.createDirectories /home/runner/work/ratis/ratis/ratis-test/target/test/data/42d3a8b8/MiniRaftClusterWithGrpc35a461f6/s0/fbd94465-6231-4c3a-8cc2-2a893677ae84/current
2023-11-20 19:26:35,848 [s0-impl-thread1] TRACE util.FileUtils (LogUtils.java:runAndLog(49)) - Successfully ran Files.createDirectories /home/runner/work/ratis/ratis/ratis-test/target/test/data/42d3a8b8/MiniRaftClusterWithGrpc35a461f6/s0/fbd94465-6231-4c3a-8cc2-2a893677ae84/sm
2023-11-20 19:26:35,852 [s0-impl-thread1] TRACE util.FileUtils (LogUtils.java:supplyAndLog(69)) - Successfully supplied FileChannel.open /home/runner/work/ratis/ratis/ratis-test/target/test/data/42d3a8b8/MiniRaftClusterWithGrpc35a461f6/s0/fbd94465-6231-4c3a-8cc2-2a893677ae84/current/raft-meta.tmp with options [CREATE, WRITE]: sun.nio.ch.FileChannelImpl@438d6a68
2023-11-20 19:26:35,864 [s0-impl-thread1] TRACE util.FileUtils (LogUtils.java:runAndLog(49)) - Successfully ran Atomic Files.move /home/runner/work/ratis/ratis/ratis-test/target/test/data/42d3a8b8/MiniRaftClusterWithGrpc35a461f6/s0/fbd94465-6231-4c3a-8cc2-2a893677ae84/current/raft-meta.tmp to /home/runner/work/ratis/ratis/ratis-test/target/test/data/42d3a8b8/MiniRaftClusterWithGrpc35a461f6/s0/fbd94465-6231-4c3a-8cc2-2a893677ae84/current/raft-meta with options [REPLACE_EXISTING]
2023-11-20 19:26:35,864 [s0-impl-thread1] INFO  storage.RaftStorage (RaftStorageImpl.java:format(99)) - Storage directory /home/runner/work/ratis/ratis/ratis-test/target/test/data/42d3a8b8/MiniRaftClusterWithGrpc35a461f6/s0/fbd94465-6231-4c3a-8cc2-2a893677ae84 has been successfully formatted.
2023-11-20 19:26:35,866 [s0-impl-thread1] TRACE util.FileUtils (LogUtils.java:supplyAndLog(61)) - Failed to Files.newInputStream /home/runner/work/ratis/ratis/ratis-test/target/test/data/42d3a8b8/MiniRaftClusterWithGrpc35a461f6/s0/fbd94465-6231-4c3a-8cc2-2a893677ae84/current/raft-meta.conf with options []
java.nio.file.NoSuchFileException: /home/runner/work/ratis/ratis/ratis-test/target/test/data/42d3a8b8/MiniRaftClusterWithGrpc35a461f6/s0/fbd94465-6231-4c3a-8cc2-2a893677ae84/current/raft-meta.conf
	at java.base/sun.nio.fs.UnixException.translateToIOException(UnixException.java:92)
	at java.base/sun.nio.fs.UnixException.rethrowAsIOException(UnixException.java:111)
	at java.base/sun.nio.fs.UnixException.rethrowAsIOException(UnixException.java:116)
	at java.base/sun.nio.fs.UnixFileSystemProvider.newByteChannel(UnixFileSystemProvider.java:219)
	at java.base/java.nio.file.Files.newByteChannel(Files.java:371)
	at java.base/java.nio.file.Files.newByteChannel(Files.java:422)
	at java.base/java.nio.file.spi.FileSystemProvider.newInputStream(FileSystemProvider.java:420)
	at java.base/java.nio.file.Files.newInputStream(Files.java:156)
	at org.apache.ratis.util.FileUtils.lambda$newInputStream$2(FileUtils.java:73)
	at org.apache.ratis.util.LogUtils.supplyAndLog(LogUtils.java:58)
	at org.apache.ratis.util.FileUtils.newInputStream(FileUtils.java:72)
	at org.apache.ratis.util.FileUtils.newInputStream(FileUtils.java:68)
	at org.apache.ratis.server.storage.RaftStorageImpl.readRaftConfiguration(RaftStorageImpl.java:156)
	at org.apache.ratis.server.impl.ServerState.initialize(ServerState.java:141)
	at org.apache.ratis.server.impl.RaftServerImpl.start(RaftServerImpl.java:388)
	at org.apache.ratis.util.ConcurrentUtils.accept(ConcurrentUtils.java:203)
	at org.apache.ratis.util.ConcurrentUtils.lambda$parallelForEachAsync$4(ConcurrentUtils.java:182)
	at java.base/java.util.concurrent.ThreadPoolExecutor.runWorker(ThreadPoolExecutor.java:1128)
	at java.base/java.util.concurrent.ThreadPoolExecutor$Worker.run(ThreadPoolExecutor.java:628)
	at java.base/java.lang.Thread.run(Thread.java:829)
2023-11-20 19:26:35,868 [s0-impl-thread1] INFO  impl.SimpleStateMachine4Testing (SimpleStateMachine4Testing.java:initialize(213)) - Initializing SimpleStateMachine4Testing:uninitialized
2023-11-20 19:26:35,870 [s0-impl-thread1] INFO  impl.SimpleStateMachine4Testing (SimpleStateMachine4Testing.java:loadSnapshot(296)) - Loading snapshot null
2023-11-20 19:26:35,871 [s0-impl-thread1] INFO  server.RaftServerConfigKeys (ConfUtils.java:logGet(46)) - raft.server.log.use.memory = false (default)
2023-11-20 19:26:35,877 [s0-impl-thread1] INFO  server.RaftServerConfigKeys (ConfUtils.java:logGet(46)) - raft.server.log.purge.gap = 1024 (default)
2023-11-20 19:26:35,878 [s0-impl-thread1] INFO  server.RaftServerConfigKeys (ConfUtils.java:logGet(46)) - raft.server.log.appender.buffer.byte-limit = 4MB (=4194304) (default)
2023-11-20 19:26:35,879 [s0-impl-thread1] INFO  server.RaftServerConfigKeys (ConfUtils.java:logGet(46)) - raft.server.log.statemachine.data.read.timeout = 1000ms (default)
2023-11-20 19:26:35,879 [s0-impl-thread1] INFO  server.RaftServerConfigKeys (ConfUtils.java:logGet(46)) - raft.server.log.purge.preservation.log.num = 0 (default)
2023-11-20 19:26:35,882 [s0-impl-thread1] INFO  server.RaftServerConfigKeys (ConfUtils.java:logGet(46)) - raft.server.log.segment.size.max = 32MB (=33554432) (default)
2023-11-20 19:26:35,886 [s0-impl-thread1] INFO  server.RaftServerConfigKeys (ConfUtils.java:logGet(46)) - raft.server.log.segment.cache.num.max = 6 (default)
2023-11-20 19:26:35,886 [s0-impl-thread1] INFO  server.RaftServerConfigKeys (ConfUtils.java:logGet(46)) - raft.server.log.segment.cache.size.max = 200MB (=209715200) (default)
2023-11-20 19:26:35,886 [s0-impl-thread1] INFO  server.RaftServerConfigKeys (ConfUtils.java:logGet(46)) - raft.server.log.appender.buffer.byte-limit = 4MB (=4194304) (default)
2023-11-20 19:26:35,887 [s0-impl-thread1] INFO  util.AwaitToRun (AwaitToRun.java:start(81)) - Thread[s0@group-2A893677AE84-cacheEviction-AwaitToRun,5,main] started
2023-11-20 19:26:35,890 [s0-impl-thread1] INFO  segmented.SegmentedRaftLogWorker (SegmentedRaftLogWorker.java:<init>(182)) - new s0@group-2A893677AE84-SegmentedRaftLogWorker for RaftStorageImpl:Storage Directory /home/runner/work/ratis/ratis/ratis-test/target/test/data/42d3a8b8/MiniRaftClusterWithGrpc35a461f6/s0/fbd94465-6231-4c3a-8cc2-2a893677ae84
2023-11-20 19:26:35,890 [s0-impl-thread1] INFO  server.RaftServerConfigKeys (ConfUtils.java:logGet(46)) - raft.server.log.queue.byte-limit = 64MB (=67108864) (default)
2023-11-20 19:26:35,890 [s0-impl-thread1] INFO  server.RaftServerConfigKeys (ConfUtils.java:logGet(46)) - raft.server.log.queue.element-limit = 4096 (default)
2023-11-20 19:26:35,891 [s0-impl-thread1] INFO  server.RaftServerConfigKeys (ConfUtils.java:logGet(46)) - raft.server.log.segment.size.max = 32MB (=33554432) (default)
2023-11-20 19:26:35,891 [s0-impl-thread1] INFO  server.RaftServerConfigKeys (ConfUtils.java:logGet(46)) - raft.server.log.preallocated.size = 4MB (=4194304) (default)
2023-11-20 19:26:35,892 [s0-impl-thread1] INFO  server.RaftServerConfigKeys (ConfUtils.java:logGet(46)) - raft.server.log.force.sync.num = 128 (default)
2023-11-20 19:26:35,892 [s0-impl-thread1] INFO  server.RaftServerConfigKeys (ConfUtils.java:logGet(46)) - raft.server.log.statemachine.data.sync = true (default)
2023-11-20 19:26:35,892 [s0-impl-thread1] INFO  server.RaftServerConfigKeys (ConfUtils.java:logGet(46)) - raft.server.log.statemachine.data.sync.timeout = 10s (default)
2023-11-20 19:26:35,892 [s0-impl-thread1] INFO  server.RaftServerConfigKeys (ConfUtils.java:logGet(46)) - raft.server.log.statemachine.data.sync.timeout.retry = -1 (default)
2023-11-20 19:26:35,894 [s0-impl-thread1] INFO  server.RaftServerConfigKeys (ConfUtils.java:logGet(46)) - raft.server.log.write.buffer.size = 8MB (=8388608) (default)
2023-11-20 19:26:35,895 [s0-impl-thread1] INFO  server.RaftServerConfigKeys (ConfUtils.java:logGet(46)) - raft.server.log.appender.buffer.byte-limit = 4MB (=4194304) (default)
2023-11-20 19:26:35,896 [s0-impl-thread1] INFO  server.RaftServerConfigKeys (ConfUtils.java:logGet(46)) - raft.server.log.unsafe-flush.enabled = false (default)
2023-11-20 19:26:35,896 [s0-impl-thread1] INFO  server.RaftServerConfigKeys (ConfUtils.java:logGet(46)) - raft.server.log.async-flush.enabled = false (default)
2023-11-20 19:26:35,896 [s0-impl-thread1] INFO  server.RaftServerConfigKeys (ConfUtils.java:logGet(46)) - raft.server.log.statemachine.data.caching.enabled = false (default)
2023-11-20 19:26:35,900 [s0-impl-thread1] INFO  segmented.SegmentedRaftLogWorker (SegmentedRaftLogWorker.java:lambda$new$0(134)) - s0@group-2A893677AE84-SegmentedRaftLogWorker: flushIndex: setUnconditionally 0 -> -1
2023-11-20 19:26:35,900 [s0-impl-thread1] INFO  segmented.SegmentedRaftLogWorker (SegmentedRaftLogWorker.java:lambda$new$0(134)) - s0@group-2A893677AE84-SegmentedRaftLogWorker: safeCacheEvictIndex: setUnconditionally 0 -> -1
2023-11-20 19:26:35,902 [s0-impl-thread1] INFO  server.RaftServer$Division (RaftServerImpl.java:start(392)) - s0@group-2A893677AE84: start as a follower, conf=-1: peers:[s0|localhost:44139, s1|localhost:39265, s2|localhost:45287]|listeners:[], old=null
2023-11-20 19:26:35,902 [s0-impl-thread1] INFO  server.RaftServer$Division (RaftServerImpl.java:setRole(379)) - s0@group-2A893677AE84: changes role from      null to FOLLOWER at term 0 for startAsFollower
2023-11-20 19:26:35,902 [s0-impl-thread1] INFO  impl.RoleInfo (RoleInfo.java:updateAndGet(139)) - s0: start s0@group-2A893677AE84-FollowerState
2023-11-20 19:26:35,903 [s0@group-2A893677AE84-FollowerState] INFO  server.RaftServerConfigKeys (ConfUtils.java:logFallback(53)) - raft.server.rpc.first-election.timeout.min = 150ms (fallback to raft.server.rpc.timeout.min)
2023-11-20 19:26:35,903 [s0@group-2A893677AE84-FollowerState] INFO  server.RaftServerConfigKeys (ConfUtils.java:logFallback(53)) - raft.server.rpc.first-election.timeout.max = 300ms (fallback to raft.server.rpc.timeout.max)
2023-11-20 19:26:35,905 [s0-impl-thread1] INFO  util.JmxRegister (JmxRegister.java:tryRegister(44)) - Successfully registered JMX Bean with object name Ratis:service=RaftServer,group=group-2A893677AE84,id=s0
2023-11-20 19:26:35,906 [s0-impl-thread1] INFO  server.RaftServerConfigKeys (ConfUtils.java:logGet(46)) - raft.server.snapshot.trigger-when-stop.enabled = true (default)
2023-11-20 19:26:35,906 [s0-impl-thread1] INFO  server.RaftServerConfigKeys (ConfUtils.java:logGet(46)) - raft.server.snapshot.auto.trigger.enabled = false (default)
2023-11-20 19:26:35,907 [s0-impl-thread1] INFO  server.RaftServerConfigKeys (ConfUtils.java:logGet(46)) - raft.server.snapshot.retention.file.num = -1 (default)
2023-11-20 19:26:35,907 [s0-impl-thread1] INFO  server.RaftServerConfigKeys (ConfUtils.java:logGet(46)) - raft.server.log.purge.upto.snapshot.index = false (default)
2023-11-20 19:26:35,911 [Time-limited test] INFO  server.RaftServer (RaftServerProxy.java:startImpl(406)) - s0: start RPC server
2023-11-20 19:26:35,940 [Time-limited test] INFO  server.GrpcService (GrpcService.java:startImpl(302)) - s0: GrpcService started, listening on 37679
2023-11-20 19:26:35,941 [Time-limited test] INFO  server.GrpcService (GrpcService.java:startImpl(302)) - s0: GrpcService started, listening on 44139
2023-11-20 19:26:35,942 [Time-limited test] INFO  server.GrpcService (GrpcService.java:startImpl(302)) - s0: GrpcService started, listening on 33099
2023-11-20 19:26:35,943 [JvmPauseMonitor0] INFO  util.JvmPauseMonitor (JvmPauseMonitor.java:run(146)) - JvmPauseMonitor-s0: Started
2023-11-20 19:26:35,943 [s1-impl-thread1] INFO  server.RaftServerConfigKeys (ConfUtils.java:logGet(46)) - raft.server.storage.free-space.min = 0MB (=0) (default)
2023-11-20 19:26:35,943 [s1-impl-thread1] INFO  server.RaftServerConfigKeys (ConfUtils.java:logGet(46)) - raft.server.log.corruption.policy = EXCEPTION (default)
2023-11-20 19:26:35,944 [s1-impl-thread1] INFO  server.RaftServerConfigKeys (ConfUtils.java:logGet(46)) - raft.server.storage.dir = [/home/runner/work/ratis/ratis/ratis-test/target/test/data/42d3a8b8/MiniRaftClusterWithGrpc35a461f6/s1] (custom)
2023-11-20 19:26:35,944 [s1-impl-thread1] INFO  storage.RaftStorageDirectory (RaftStorageDirectoryImpl.java:analyzeStorage(138)) - The storage directory /home/runner/work/ratis/ratis/ratis-test/target/test/data/42d3a8b8/MiniRaftClusterWithGrpc35a461f6/s1/fbd94465-6231-4c3a-8cc2-2a893677ae84 does not exist. Creating ...
2023-11-20 19:26:35,944 [s1-impl-thread1] TRACE util.FileUtils (LogUtils.java:runAndLog(49)) - Successfully ran Files.createDirectories /home/runner/work/ratis/ratis/ratis-test/target/test/data/42d3a8b8/MiniRaftClusterWithGrpc35a461f6/s1/fbd94465-6231-4c3a-8cc2-2a893677ae84
2023-11-20 19:26:35,945 [s1-impl-thread1] INFO  storage.RaftStorageDirectory (RaftStorageDirectoryImpl.java:tryLock(232)) - Lock on /home/runner/work/ratis/ratis/ratis-test/target/test/data/42d3a8b8/MiniRaftClusterWithGrpc35a461f6/s1/fbd94465-6231-4c3a-8cc2-2a893677ae84/in_use.lock acquired by nodename 4652@fv-az1023-122
2023-11-20 19:26:35,945 [s1-impl-thread1] TRACE util.FileUtils (LogUtils.java:runAndLog(49)) - Successfully ran Files.createDirectories /home/runner/work/ratis/ratis/ratis-test/target/test/data/42d3a8b8/MiniRaftClusterWithGrpc35a461f6/s1/fbd94465-6231-4c3a-8cc2-2a893677ae84/current
2023-11-20 19:26:35,945 [s1-impl-thread1] TRACE util.FileUtils (LogUtils.java:runAndLog(49)) - Successfully ran Files.createDirectories /home/runner/work/ratis/ratis/ratis-test/target/test/data/42d3a8b8/MiniRaftClusterWithGrpc35a461f6/s1/fbd94465-6231-4c3a-8cc2-2a893677ae84/sm
2023-11-20 19:26:35,946 [s1-impl-thread1] TRACE util.FileUtils (LogUtils.java:supplyAndLog(69)) - Successfully supplied FileChannel.open /home/runner/work/ratis/ratis/ratis-test/target/test/data/42d3a8b8/MiniRaftClusterWithGrpc35a461f6/s1/fbd94465-6231-4c3a-8cc2-2a893677ae84/current/raft-meta.tmp with options [CREATE, WRITE]: sun.nio.ch.FileChannelImpl@2942932f
2023-11-20 19:26:35,947 [s1-impl-thread1] TRACE util.FileUtils (LogUtils.java:runAndLog(49)) - Successfully ran Atomic Files.move /home/runner/work/ratis/ratis/ratis-test/target/test/data/42d3a8b8/MiniRaftClusterWithGrpc35a461f6/s1/fbd94465-6231-4c3a-8cc2-2a893677ae84/current/raft-meta.tmp to /home/runner/work/ratis/ratis/ratis-test/target/test/data/42d3a8b8/MiniRaftClusterWithGrpc35a461f6/s1/fbd94465-6231-4c3a-8cc2-2a893677ae84/current/raft-meta with options [REPLACE_EXISTING]
2023-11-20 19:26:35,947 [s1-impl-thread1] INFO  storage.RaftStorage (RaftStorageImpl.java:format(99)) - Storage directory /home/runner/work/ratis/ratis/ratis-test/target/test/data/42d3a8b8/MiniRaftClusterWithGrpc35a461f6/s1/fbd94465-6231-4c3a-8cc2-2a893677ae84 has been successfully formatted.
2023-11-20 19:26:35,947 [s1-impl-thread1] TRACE util.FileUtils (LogUtils.java:supplyAndLog(61)) - Failed to Files.newInputStream /home/runner/work/ratis/ratis/ratis-test/target/test/data/42d3a8b8/MiniRaftClusterWithGrpc35a461f6/s1/fbd94465-6231-4c3a-8cc2-2a893677ae84/current/raft-meta.conf with options []
java.nio.file.NoSuchFileException: /home/runner/work/ratis/ratis/ratis-test/target/test/data/42d3a8b8/MiniRaftClusterWithGrpc35a461f6/s1/fbd94465-6231-4c3a-8cc2-2a893677ae84/current/raft-meta.conf
	at java.base/sun.nio.fs.UnixException.translateToIOException(UnixException.java:92)
	at java.base/sun.nio.fs.UnixException.rethrowAsIOException(UnixException.java:111)
	at java.base/sun.nio.fs.UnixException.rethrowAsIOException(UnixException.java:116)
	at java.base/sun.nio.fs.UnixFileSystemProvider.newByteChannel(UnixFileSystemProvider.java:219)
	at java.base/java.nio.file.Files.newByteChannel(Files.java:371)
	at java.base/java.nio.file.Files.newByteChannel(Files.java:422)
	at java.base/java.nio.file.spi.FileSystemProvider.newInputStream(FileSystemProvider.java:420)
	at java.base/java.nio.file.Files.newInputStream(Files.java:156)
	at org.apache.ratis.util.FileUtils.lambda$newInputStream$2(FileUtils.java:73)
	at org.apache.ratis.util.LogUtils.supplyAndLog(LogUtils.java:58)
	at org.apache.ratis.util.FileUtils.newInputStream(FileUtils.java:72)
	at org.apache.ratis.util.FileUtils.newInputStream(FileUtils.java:68)
	at org.apache.ratis.server.storage.RaftStorageImpl.readRaftConfiguration(RaftStorageImpl.java:156)
	at org.apache.ratis.server.impl.ServerState.initialize(ServerState.java:141)
	at org.apache.ratis.server.impl.RaftServerImpl.start(RaftServerImpl.java:388)
	at org.apache.ratis.util.ConcurrentUtils.accept(ConcurrentUtils.java:203)
	at org.apache.ratis.util.ConcurrentUtils.lambda$parallelForEachAsync$4(ConcurrentUtils.java:182)
	at java.base/java.util.concurrent.ThreadPoolExecutor.runWorker(ThreadPoolExecutor.java:1128)
	at java.base/java.util.concurrent.ThreadPoolExecutor$Worker.run(ThreadPoolExecutor.java:628)
	at java.base/java.lang.Thread.run(Thread.java:829)
2023-11-20 19:26:35,948 [s1-impl-thread1] INFO  impl.SimpleStateMachine4Testing (SimpleStateMachine4Testing.java:initialize(213)) - Initializing SimpleStateMachine4Testing:uninitialized
2023-11-20 19:26:35,948 [s1-impl-thread1] INFO  impl.SimpleStateMachine4Testing (SimpleStateMachine4Testing.java:loadSnapshot(296)) - Loading snapshot null
2023-11-20 19:26:35,948 [s1-impl-thread1] INFO  server.RaftServerConfigKeys (ConfUtils.java:logGet(46)) - raft.server.log.use.memory = false (default)
2023-11-20 19:26:35,948 [s1-impl-thread1] INFO  server.RaftServerConfigKeys (ConfUtils.java:logGet(46)) - raft.server.log.purge.gap = 1024 (default)
2023-11-20 19:26:35,948 [s1-impl-thread1] INFO  server.RaftServerConfigKeys (ConfUtils.java:logGet(46)) - raft.server.log.appender.buffer.byte-limit = 4MB (=4194304) (default)
2023-11-20 19:26:35,948 [s1-impl-thread1] INFO  server.RaftServerConfigKeys (ConfUtils.java:logGet(46)) - raft.server.log.statemachine.data.read.timeout = 1000ms (default)
2023-11-20 19:26:35,948 [s1-impl-thread1] INFO  server.RaftServerConfigKeys (ConfUtils.java:logGet(46)) - raft.server.log.purge.preservation.log.num = 0 (default)
2023-11-20 19:26:35,950 [s1-impl-thread1] INFO  server.RaftServerConfigKeys (ConfUtils.java:logGet(46)) - raft.server.log.segment.size.max = 32MB (=33554432) (default)
2023-11-20 19:26:35,950 [s1-impl-thread1] INFO  server.RaftServerConfigKeys (ConfUtils.java:logGet(46)) - raft.server.log.segment.cache.num.max = 6 (default)
2023-11-20 19:26:35,950 [s1-impl-thread1] INFO  server.RaftServerConfigKeys (ConfUtils.java:logGet(46)) - raft.server.log.segment.cache.size.max = 200MB (=209715200) (default)
2023-11-20 19:26:35,951 [s1-impl-thread1] INFO  server.RaftServerConfigKeys (ConfUtils.java:logGet(46)) - raft.server.log.appender.buffer.byte-limit = 4MB (=4194304) (default)
2023-11-20 19:26:35,951 [s1-impl-thread1] INFO  util.AwaitToRun (AwaitToRun.java:start(81)) - Thread[s1@group-2A893677AE84-cacheEviction-AwaitToRun,5,main] started
2023-11-20 19:26:35,951 [s1-impl-thread1] INFO  segmented.SegmentedRaftLogWorker (SegmentedRaftLogWorker.java:<init>(182)) - new s1@group-2A893677AE84-SegmentedRaftLogWorker for RaftStorageImpl:Storage Directory /home/runner/work/ratis/ratis/ratis-test/target/test/data/42d3a8b8/MiniRaftClusterWithGrpc35a461f6/s1/fbd94465-6231-4c3a-8cc2-2a893677ae84
2023-11-20 19:26:35,951 [s1-impl-thread1] INFO  server.RaftServerConfigKeys (ConfUtils.java:logGet(46)) - raft.server.log.queue.byte-limit = 64MB (=67108864) (default)
2023-11-20 19:26:35,951 [s1-impl-thread1] INFO  server.RaftServerConfigKeys (ConfUtils.java:logGet(46)) - raft.server.log.queue.element-limit = 4096 (default)
2023-11-20 19:26:35,951 [s1-impl-thread1] INFO  server.RaftServerConfigKeys (ConfUtils.java:logGet(46)) - raft.server.log.segment.size.max = 32MB (=33554432) (default)
2023-11-20 19:26:35,952 [s1-impl-thread1] INFO  server.RaftServerConfigKeys (ConfUtils.java:logGet(46)) - raft.server.log.preallocated.size = 4MB (=4194304) (default)
2023-11-20 19:26:35,952 [s1-impl-thread1] INFO  server.RaftServerConfigKeys (ConfUtils.java:logGet(46)) - raft.server.log.force.sync.num = 128 (default)
2023-11-20 19:26:35,952 [s1-impl-thread1] INFO  server.RaftServerConfigKeys (ConfUtils.java:logGet(46)) - raft.server.log.statemachine.data.sync = true (default)
2023-11-20 19:26:35,952 [s1-impl-thread1] INFO  server.RaftServerConfigKeys (ConfUtils.java:logGet(46)) - raft.server.log.statemachine.data.sync.timeout = 10s (default)
2023-11-20 19:26:35,952 [s1-impl-thread1] INFO  server.RaftServerConfigKeys (ConfUtils.java:logGet(46)) - raft.server.log.statemachine.data.sync.timeout.retry = -1 (default)
2023-11-20 19:26:35,952 [s1-impl-thread1] INFO  server.RaftServerConfigKeys (ConfUtils.java:logGet(46)) - raft.server.log.write.buffer.size = 8MB (=8388608) (default)
2023-11-20 19:26:35,954 [s1-impl-thread1] INFO  server.RaftServerConfigKeys (ConfUtils.java:logGet(46)) - raft.server.log.appender.buffer.byte-limit = 4MB (=4194304) (default)
2023-11-20 19:26:35,954 [s1-impl-thread1] INFO  server.RaftServerConfigKeys (ConfUtils.java:logGet(46)) - raft.server.log.unsafe-flush.enabled = false (default)
2023-11-20 19:26:35,954 [s1-impl-thread1] INFO  server.RaftServerConfigKeys (ConfUtils.java:logGet(46)) - raft.server.log.async-flush.enabled = false (default)
2023-11-20 19:26:35,954 [s1-impl-thread1] INFO  server.RaftServerConfigKeys (ConfUtils.java:logGet(46)) - raft.server.log.statemachine.data.caching.enabled = false (default)
2023-11-20 19:26:35,955 [s1-impl-thread1] INFO  segmented.SegmentedRaftLogWorker (SegmentedRaftLogWorker.java:lambda$new$0(134)) - s1@group-2A893677AE84-SegmentedRaftLogWorker: flushIndex: setUnconditionally 0 -> -1
2023-11-20 19:26:35,955 [s1-impl-thread1] INFO  segmented.SegmentedRaftLogWorker (SegmentedRaftLogWorker.java:lambda$new$0(134)) - s1@group-2A893677AE84-SegmentedRaftLogWorker: safeCacheEvictIndex: setUnconditionally 0 -> -1
2023-11-20 19:26:35,955 [s1-impl-thread1] INFO  server.RaftServer$Division (RaftServerImpl.java:start(392)) - s1@group-2A893677AE84: start as a follower, conf=-1: peers:[s0|localhost:44139, s1|localhost:39265, s2|localhost:45287]|listeners:[], old=null
2023-11-20 19:26:35,955 [s1-impl-thread1] INFO  server.RaftServer$Division (RaftServerImpl.java:setRole(379)) - s1@group-2A893677AE84: changes role from      null to FOLLOWER at term 0 for startAsFollower
2023-11-20 19:26:35,955 [s1-impl-thread1] INFO  impl.RoleInfo (RoleInfo.java:updateAndGet(139)) - s1: start s1@group-2A893677AE84-FollowerState
2023-11-20 19:26:35,956 [s1-impl-thread1] INFO  util.JmxRegister (JmxRegister.java:tryRegister(44)) - Successfully registered JMX Bean with object name Ratis:service=RaftServer,group=group-2A893677AE84,id=s1
2023-11-20 19:26:35,956 [s1@group-2A893677AE84-FollowerState] INFO  server.RaftServerConfigKeys (ConfUtils.java:logFallback(53)) - raft.server.rpc.first-election.timeout.min = 150ms (fallback to raft.server.rpc.timeout.min)
2023-11-20 19:26:35,956 [s1-impl-thread1] INFO  server.RaftServerConfigKeys (ConfUtils.java:logGet(46)) - raft.server.snapshot.trigger-when-stop.enabled = true (default)
2023-11-20 19:26:35,956 [s1@group-2A893677AE84-FollowerState] INFO  server.RaftServerConfigKeys (ConfUtils.java:logFallback(53)) - raft.server.rpc.first-election.timeout.max = 300ms (fallback to raft.server.rpc.timeout.max)
2023-11-20 19:26:35,956 [s1-impl-thread1] INFO  server.RaftServerConfigKeys (ConfUtils.java:logGet(46)) - raft.server.snapshot.auto.trigger.enabled = false (default)
2023-11-20 19:26:35,957 [s1-impl-thread1] INFO  server.RaftServerConfigKeys (ConfUtils.java:logGet(46)) - raft.server.snapshot.retention.file.num = -1 (default)
2023-11-20 19:26:35,957 [s1-impl-thread1] INFO  server.RaftServerConfigKeys (ConfUtils.java:logGet(46)) - raft.server.log.purge.upto.snapshot.index = false (default)
2023-11-20 19:26:35,960 [Time-limited test] INFO  server.RaftServer (RaftServerProxy.java:startImpl(406)) - s1: start RPC server
2023-11-20 19:26:35,961 [Time-limited test] INFO  server.GrpcService (GrpcService.java:startImpl(302)) - s1: GrpcService started, listening on 41071
2023-11-20 19:26:35,962 [Time-limited test] INFO  server.GrpcService (GrpcService.java:startImpl(302)) - s1: GrpcService started, listening on 39265
2023-11-20 19:26:35,963 [Time-limited test] INFO  server.GrpcService (GrpcService.java:startImpl(302)) - s1: GrpcService started, listening on 35039
2023-11-20 19:26:35,963 [JvmPauseMonitor1] INFO  util.JvmPauseMonitor (JvmPauseMonitor.java:run(146)) - JvmPauseMonitor-s1: Started
2023-11-20 19:26:35,963 [s2-impl-thread1] INFO  server.RaftServerConfigKeys (ConfUtils.java:logGet(46)) - raft.server.storage.free-space.min = 0MB (=0) (default)
2023-11-20 19:26:35,963 [s2-impl-thread1] INFO  server.RaftServerConfigKeys (ConfUtils.java:logGet(46)) - raft.server.log.corruption.policy = EXCEPTION (default)
2023-11-20 19:26:35,963 [s2-impl-thread1] INFO  server.RaftServerConfigKeys (ConfUtils.java:logGet(46)) - raft.server.storage.dir = [/home/runner/work/ratis/ratis/ratis-test/target/test/data/42d3a8b8/MiniRaftClusterWithGrpc35a461f6/s2] (custom)
2023-11-20 19:26:35,964 [s2-impl-thread1] INFO  storage.RaftStorageDirectory (RaftStorageDirectoryImpl.java:analyzeStorage(138)) - The storage directory /home/runner/work/ratis/ratis/ratis-test/target/test/data/42d3a8b8/MiniRaftClusterWithGrpc35a461f6/s2/fbd94465-6231-4c3a-8cc2-2a893677ae84 does not exist. Creating ...
2023-11-20 19:26:35,964 [s2-impl-thread1] TRACE util.FileUtils (LogUtils.java:runAndLog(49)) - Successfully ran Files.createDirectories /home/runner/work/ratis/ratis/ratis-test/target/test/data/42d3a8b8/MiniRaftClusterWithGrpc35a461f6/s2/fbd94465-6231-4c3a-8cc2-2a893677ae84
2023-11-20 19:26:35,965 [s2-impl-thread1] INFO  storage.RaftStorageDirectory (RaftStorageDirectoryImpl.java:tryLock(232)) - Lock on /home/runner/work/ratis/ratis/ratis-test/target/test/data/42d3a8b8/MiniRaftClusterWithGrpc35a461f6/s2/fbd94465-6231-4c3a-8cc2-2a893677ae84/in_use.lock acquired by nodename 4652@fv-az1023-122
2023-11-20 19:26:35,965 [s2-impl-thread1] TRACE util.FileUtils (LogUtils.java:runAndLog(49)) - Successfully ran Files.createDirectories /home/runner/work/ratis/ratis/ratis-test/target/test/data/42d3a8b8/MiniRaftClusterWithGrpc35a461f6/s2/fbd94465-6231-4c3a-8cc2-2a893677ae84/current
2023-11-20 19:26:35,965 [s2-impl-thread1] TRACE util.FileUtils (LogUtils.java:runAndLog(49)) - Successfully ran Files.createDirectories /home/runner/work/ratis/ratis/ratis-test/target/test/data/42d3a8b8/MiniRaftClusterWithGrpc35a461f6/s2/fbd94465-6231-4c3a-8cc2-2a893677ae84/sm
2023-11-20 19:26:35,965 [s2-impl-thread1] TRACE util.FileUtils (LogUtils.java:supplyAndLog(69)) - Successfully supplied FileChannel.open /home/runner/work/ratis/ratis/ratis-test/target/test/data/42d3a8b8/MiniRaftClusterWithGrpc35a461f6/s2/fbd94465-6231-4c3a-8cc2-2a893677ae84/current/raft-meta.tmp with options [CREATE, WRITE]: sun.nio.ch.FileChannelImpl@6407d405
2023-11-20 19:26:35,966 [s2-impl-thread1] TRACE util.FileUtils (LogUtils.java:runAndLog(49)) - Successfully ran Atomic Files.move /home/runner/work/ratis/ratis/ratis-test/target/test/data/42d3a8b8/MiniRaftClusterWithGrpc35a461f6/s2/fbd94465-6231-4c3a-8cc2-2a893677ae84/current/raft-meta.tmp to /home/runner/work/ratis/ratis/ratis-test/target/test/data/42d3a8b8/MiniRaftClusterWithGrpc35a461f6/s2/fbd94465-6231-4c3a-8cc2-2a893677ae84/current/raft-meta with options [REPLACE_EXISTING]
2023-11-20 19:26:35,966 [s2-impl-thread1] INFO  storage.RaftStorage (RaftStorageImpl.java:format(99)) - Storage directory /home/runner/work/ratis/ratis/ratis-test/target/test/data/42d3a8b8/MiniRaftClusterWithGrpc35a461f6/s2/fbd94465-6231-4c3a-8cc2-2a893677ae84 has been successfully formatted.
2023-11-20 19:26:35,967 [s2-impl-thread1] TRACE util.FileUtils (LogUtils.java:supplyAndLog(61)) - Failed to Files.newInputStream /home/runner/work/ratis/ratis/ratis-test/target/test/data/42d3a8b8/MiniRaftClusterWithGrpc35a461f6/s2/fbd94465-6231-4c3a-8cc2-2a893677ae84/current/raft-meta.conf with options []
java.nio.file.NoSuchFileException: /home/runner/work/ratis/ratis/ratis-test/target/test/data/42d3a8b8/MiniRaftClusterWithGrpc35a461f6/s2/fbd94465-6231-4c3a-8cc2-2a893677ae84/current/raft-meta.conf
	at java.base/sun.nio.fs.UnixException.translateToIOException(UnixException.java:92)
	at java.base/sun.nio.fs.UnixException.rethrowAsIOException(UnixException.java:111)
	at java.base/sun.nio.fs.UnixException.rethrowAsIOException(UnixException.java:116)
	at java.base/sun.nio.fs.UnixFileSystemProvider.newByteChannel(UnixFileSystemProvider.java:219)
	at java.base/java.nio.file.Files.newByteChannel(Files.java:371)
	at java.base/java.nio.file.Files.newByteChannel(Files.java:422)
	at java.base/java.nio.file.spi.FileSystemProvider.newInputStream(FileSystemProvider.java:420)
	at java.base/java.nio.file.Files.newInputStream(Files.java:156)
	at org.apache.ratis.util.FileUtils.lambda$newInputStream$2(FileUtils.java:73)
	at org.apache.ratis.util.LogUtils.supplyAndLog(LogUtils.java:58)
	at org.apache.ratis.util.FileUtils.newInputStream(FileUtils.java:72)
	at org.apache.ratis.util.FileUtils.newInputStream(FileUtils.java:68)
	at org.apache.ratis.server.storage.RaftStorageImpl.readRaftConfiguration(RaftStorageImpl.java:156)
	at org.apache.ratis.server.impl.ServerState.initialize(ServerState.java:141)
	at org.apache.ratis.server.impl.RaftServerImpl.start(RaftServerImpl.java:388)
	at org.apache.ratis.util.ConcurrentUtils.accept(ConcurrentUtils.java:203)
	at org.apache.ratis.util.ConcurrentUtils.lambda$parallelForEachAsync$4(ConcurrentUtils.java:182)
	at java.base/java.util.concurrent.ThreadPoolExecutor.runWorker(ThreadPoolExecutor.java:1128)
	at java.base/java.util.concurrent.ThreadPoolExecutor$Worker.run(ThreadPoolExecutor.java:628)
	at java.base/java.lang.Thread.run(Thread.java:829)
2023-11-20 19:26:35,967 [s2-impl-thread1] INFO  impl.SimpleStateMachine4Testing (SimpleStateMachine4Testing.java:initialize(213)) - Initializing SimpleStateMachine4Testing:uninitialized
2023-11-20 19:26:35,967 [s2-impl-thread1] INFO  impl.SimpleStateMachine4Testing (SimpleStateMachine4Testing.java:loadSnapshot(296)) - Loading snapshot null
2023-11-20 19:26:35,968 [s2-impl-thread1] INFO  server.RaftServerConfigKeys (ConfUtils.java:logGet(46)) - raft.server.log.use.memory = false (default)
2023-11-20 19:26:35,968 [s2-impl-thread1] INFO  server.RaftServerConfigKeys (ConfUtils.java:logGet(46)) - raft.server.log.purge.gap = 1024 (default)
2023-11-20 19:26:35,968 [s2-impl-thread1] INFO  server.RaftServerConfigKeys (ConfUtils.java:logGet(46)) - raft.server.log.appender.buffer.byte-limit = 4MB (=4194304) (default)
2023-11-20 19:26:35,968 [s2-impl-thread1] INFO  server.RaftServerConfigKeys (ConfUtils.java:logGet(46)) - raft.server.log.statemachine.data.read.timeout = 1000ms (default)
2023-11-20 19:26:35,968 [s2-impl-thread1] INFO  server.RaftServerConfigKeys (ConfUtils.java:logGet(46)) - raft.server.log.purge.preservation.log.num = 0 (default)
2023-11-20 19:26:35,969 [s2-impl-thread1] INFO  server.RaftServerConfigKeys (ConfUtils.java:logGet(46)) - raft.server.log.segment.size.max = 32MB (=33554432) (default)
2023-11-20 19:26:35,970 [s2-impl-thread1] INFO  server.RaftServerConfigKeys (ConfUtils.java:logGet(46)) - raft.server.log.segment.cache.num.max = 6 (default)
2023-11-20 19:26:35,970 [s2-impl-thread1] INFO  server.RaftServerConfigKeys (ConfUtils.java:logGet(46)) - raft.server.log.segment.cache.size.max = 200MB (=209715200) (default)
2023-11-20 19:26:35,970 [s2-impl-thread1] INFO  server.RaftServerConfigKeys (ConfUtils.java:logGet(46)) - raft.server.log.appender.buffer.byte-limit = 4MB (=4194304) (default)
2023-11-20 19:26:35,970 [s2-impl-thread1] INFO  util.AwaitToRun (AwaitToRun.java:start(81)) - Thread[s2@group-2A893677AE84-cacheEviction-AwaitToRun,5,main] started
2023-11-20 19:26:35,970 [s2-impl-thread1] INFO  segmented.SegmentedRaftLogWorker (SegmentedRaftLogWorker.java:<init>(182)) - new s2@group-2A893677AE84-SegmentedRaftLogWorker for RaftStorageImpl:Storage Directory /home/runner/work/ratis/ratis/ratis-test/target/test/data/42d3a8b8/MiniRaftClusterWithGrpc35a461f6/s2/fbd94465-6231-4c3a-8cc2-2a893677ae84
2023-11-20 19:26:35,970 [s2-impl-thread1] INFO  server.RaftServerConfigKeys (ConfUtils.java:logGet(46)) - raft.server.log.queue.byte-limit = 64MB (=67108864) (default)
2023-11-20 19:26:35,970 [s2-impl-thread1] INFO  server.RaftServerConfigKeys (ConfUtils.java:logGet(46)) - raft.server.log.queue.element-limit = 4096 (default)
2023-11-20 19:26:35,971 [s2-impl-thread1] INFO  server.RaftServerConfigKeys (ConfUtils.java:logGet(46)) - raft.server.log.segment.size.max = 32MB (=33554432) (default)
2023-11-20 19:26:35,971 [s2-impl-thread1] INFO  server.RaftServerConfigKeys (ConfUtils.java:logGet(46)) - raft.server.log.preallocated.size = 4MB (=4194304) (default)
2023-11-20 19:26:35,971 [s2-impl-thread1] INFO  server.RaftServerConfigKeys (ConfUtils.java:logGet(46)) - raft.server.log.force.sync.num = 128 (default)
2023-11-20 19:26:35,971 [s2-impl-thread1] INFO  server.RaftServerConfigKeys (ConfUtils.java:logGet(46)) - raft.server.log.statemachine.data.sync = true (default)
2023-11-20 19:26:35,971 [s2-impl-thread1] INFO  server.RaftServerConfigKeys (ConfUtils.java:logGet(46)) - raft.server.log.statemachine.data.sync.timeout = 10s (default)
2023-11-20 19:26:35,971 [s2-impl-thread1] INFO  server.RaftServerConfigKeys (ConfUtils.java:logGet(46)) - raft.server.log.statemachine.data.sync.timeout.retry = -1 (default)
2023-11-20 19:26:35,971 [s2-impl-thread1] INFO  server.RaftServerConfigKeys (ConfUtils.java:logGet(46)) - raft.server.log.write.buffer.size = 8MB (=8388608) (default)
2023-11-20 19:26:35,973 [s2-impl-thread1] INFO  server.RaftServerConfigKeys (ConfUtils.java:logGet(46)) - raft.server.log.appender.buffer.byte-limit = 4MB (=4194304) (default)
2023-11-20 19:26:35,974 [s2-impl-thread1] INFO  server.RaftServerConfigKeys (ConfUtils.java:logGet(46)) - raft.server.log.unsafe-flush.enabled = false (default)
2023-11-20 19:26:35,974 [s2-impl-thread1] INFO  server.RaftServerConfigKeys (ConfUtils.java:logGet(46)) - raft.server.log.async-flush.enabled = false (default)
2023-11-20 19:26:35,974 [s2-impl-thread1] INFO  server.RaftServerConfigKeys (ConfUtils.java:logGet(46)) - raft.server.log.statemachine.data.caching.enabled = false (default)
2023-11-20 19:26:35,974 [s2-impl-thread1] INFO  segmented.SegmentedRaftLogWorker (SegmentedRaftLogWorker.java:lambda$new$0(134)) - s2@group-2A893677AE84-SegmentedRaftLogWorker: flushIndex: setUnconditionally 0 -> -1
2023-11-20 19:26:35,974 [s2-impl-thread1] INFO  segmented.SegmentedRaftLogWorker (SegmentedRaftLogWorker.java:lambda$new$0(134)) - s2@group-2A893677AE84-SegmentedRaftLogWorker: safeCacheEvictIndex: setUnconditionally 0 -> -1
2023-11-20 19:26:35,975 [s2-impl-thread1] INFO  server.RaftServer$Division (RaftServerImpl.java:start(392)) - s2@group-2A893677AE84: start as a follower, conf=-1: peers:[s0|localhost:44139, s1|localhost:39265, s2|localhost:45287]|listeners:[], old=null
2023-11-20 19:26:35,975 [s2-impl-thread1] INFO  server.RaftServer$Division (RaftServerImpl.java:setRole(379)) - s2@group-2A893677AE84: changes role from      null to FOLLOWER at term 0 for startAsFollower
2023-11-20 19:26:35,975 [s2-impl-thread1] INFO  impl.RoleInfo (RoleInfo.java:updateAndGet(139)) - s2: start s2@group-2A893677AE84-FollowerState
2023-11-20 19:26:35,975 [s2-impl-thread1] INFO  util.JmxRegister (JmxRegister.java:tryRegister(44)) - Successfully registered JMX Bean with object name Ratis:service=RaftServer,group=group-2A893677AE84,id=s2
2023-11-20 19:26:35,975 [s2-impl-thread1] INFO  server.RaftServerConfigKeys (ConfUtils.java:logGet(46)) - raft.server.snapshot.trigger-when-stop.enabled = true (default)
2023-11-20 19:26:35,975 [s2-impl-thread1] INFO  server.RaftServerConfigKeys (ConfUtils.java:logGet(46)) - raft.server.snapshot.auto.trigger.enabled = false (default)
2023-11-20 19:26:35,976 [s2-impl-thread1] INFO  server.RaftServerConfigKeys (ConfUtils.java:logGet(46)) - raft.server.snapshot.retention.file.num = -1 (default)
2023-11-20 19:26:35,976 [s2-impl-thread1] INFO  server.RaftServerConfigKeys (ConfUtils.java:logGet(46)) - raft.server.log.purge.upto.snapshot.index = false (default)
2023-11-20 19:26:35,976 [Time-limited test] INFO  server.RaftServer (RaftServerProxy.java:startImpl(406)) - s2: start RPC server
2023-11-20 19:26:35,977 [s2@group-2A893677AE84-FollowerState] INFO  server.RaftServerConfigKeys (ConfUtils.java:logFallback(53)) - raft.server.rpc.first-election.timeout.min = 150ms (fallback to raft.server.rpc.timeout.min)
2023-11-20 19:26:35,977 [s2@group-2A893677AE84-FollowerState] INFO  server.RaftServerConfigKeys (ConfUtils.java:logFallback(53)) - raft.server.rpc.first-election.timeout.max = 300ms (fallback to raft.server.rpc.timeout.max)
2023-11-20 19:26:35,977 [Time-limited test] INFO  server.GrpcService (GrpcService.java:startImpl(302)) - s2: GrpcService started, listening on 37633
2023-11-20 19:26:35,978 [Time-limited test] INFO  server.GrpcService (GrpcService.java:startImpl(302)) - s2: GrpcService started, listening on 45287
2023-11-20 19:26:35,978 [Time-limited test] INFO  server.GrpcService (GrpcService.java:startImpl(302)) - s2: GrpcService started, listening on 45329
2023-11-20 19:26:35,979 [JvmPauseMonitor2] INFO  util.JvmPauseMonitor (JvmPauseMonitor.java:run(146)) - JvmPauseMonitor-s2: Started
2023-11-20 19:26:35,981 [Time-limited test] INFO  server.RaftServerConfigKeys (ConfUtils.java:logGet(46)) - raft.server.rpc.timeout.max = 300ms (default)
2023-11-20 19:26:35,982 [Time-limited test] INFO  ratis.RaftTestUtil (RaftTestUtil.java:waitForLeader(100)) - printing ALL groups
  s0:  RUNNING  FOLLOWER s0@group-2A893677AE84:t0, leader=null, voted=, raftlog=Memoized:s0@group-2A893677AE84-SegmentedRaftLog:OPENED:c-1, conf=-1: peers:[s0|localhost:44139, s1|localhost:39265, s2|localhost:45287]|listeners:[], old=null RUNNING
  s1:  RUNNING  FOLLOWER s1@group-2A893677AE84:t0, leader=null, voted=, raftlog=Memoized:s1@group-2A893677AE84-SegmentedRaftLog:OPENED:c-1, conf=-1: peers:[s0|localhost:44139, s1|localhost:39265, s2|localhost:45287]|listeners:[], old=null RUNNING
  s2:  RUNNING  FOLLOWER s2@group-2A893677AE84:t0, leader=null, voted=, raftlog=Memoized:s2@group-2A893677AE84-SegmentedRaftLog:OPENED:c-1, conf=-1: peers:[s0|localhost:44139, s1|localhost:39265, s2|localhost:45287]|listeners:[], old=null RUNNING
2023-11-20 19:26:35,984 [Time-limited test] WARN  ratis.RaftTestUtil (JavaUtils.java:attempt(223)) - FAILED "waitForLeader-null-(expectLeader? true)", attempt #1/100: java.lang.IllegalStateException: No leader yet : printing ALL groups
  s0:  RUNNING  FOLLOWER s0@group-2A893677AE84:t0, leader=null, voted=, raftlog=Memoized:s0@group-2A893677AE84-SegmentedRaftLog:OPENED:c-1, conf=-1: peers:[s0|localhost:44139, s1|localhost:39265, s2|localhost:45287]|listeners:[], old=null RUNNING
  s1:  RUNNING  FOLLOWER s1@group-2A893677AE84:t0, leader=null, voted=, raftlog=Memoized:s1@group-2A893677AE84-SegmentedRaftLog:OPENED:c-1, conf=-1: peers:[s0|localhost:44139, s1|localhost:39265, s2|localhost:45287]|listeners:[], old=null RUNNING
  s2:  RUNNING  FOLLOWER s2@group-2A893677AE84:t0, leader=null, voted=, raftlog=Memoized:s2@group-2A893677AE84-SegmentedRaftLog:OPENED:c-1, conf=-1: peers:[s0|localhost:44139, s1|localhost:39265, s2|localhost:45287]|listeners:[], old=null RUNNING, sleep 450ms and then retry.
java.lang.IllegalStateException: No leader yet : printing ALL groups
  s0:  RUNNING  FOLLOWER s0@group-2A893677AE84:t0, leader=null, voted=, raftlog=Memoized:s0@group-2A893677AE84-SegmentedRaftLog:OPENED:c-1, conf=-1: peers:[s0|localhost:44139, s1|localhost:39265, s2|localhost:45287]|listeners:[], old=null RUNNING
  s1:  RUNNING  FOLLOWER s1@group-2A893677AE84:t0, leader=null, voted=, raftlog=Memoized:s1@group-2A893677AE84-SegmentedRaftLog:OPENED:c-1, conf=-1: peers:[s0|localhost:44139, s1|localhost:39265, s2|localhost:45287]|listeners:[], old=null RUNNING
  s2:  RUNNING  FOLLOWER s2@group-2A893677AE84:t0, leader=null, voted=, raftlog=Memoized:s2@group-2A893677AE84-SegmentedRaftLog:OPENED:c-1, conf=-1: peers:[s0|localhost:44139, s1|localhost:39265, s2|localhost:45287]|listeners:[], old=null RUNNING
	at org.apache.ratis.server.impl.MiniRaftCluster.newIllegalStateExceptionForNoLeaders(MiniRaftCluster.java:581)
	at org.apache.ratis.RaftTestUtil.lambda$waitForLeader$1(RaftTestUtil.java:104)
	at org.apache.ratis.server.impl.MiniRaftCluster.getLeader(MiniRaftCluster.java:615)
	at org.apache.ratis.server.impl.MiniRaftCluster.getLeader(MiniRaftCluster.java:608)
	at org.apache.ratis.RaftTestUtil.lambda$waitForLeader$3(RaftTestUtil.java:112)
	at org.apache.ratis.util.JavaUtils.attempt(JavaUtils.java:217)
	at org.apache.ratis.util.JavaUtils.attemptRepeatedly(JavaUtils.java:203)
	at org.apache.ratis.RaftTestUtil.waitForLeader(RaftTestUtil.java:111)
	at org.apache.ratis.RaftTestUtil.waitForLeader(RaftTestUtil.java:92)
	at org.apache.ratis.RaftTestUtil.waitForLeader(RaftTestUtil.java:87)
	at org.apache.ratis.grpc.TestRetryCacheWithGrpc.testRetryOnResourceUnavailableException(TestRetryCacheWithGrpc.java:173)
	at java.base/jdk.internal.reflect.NativeMethodAccessorImpl.invoke0(Native Method)
	at java.base/jdk.internal.reflect.NativeMethodAccessorImpl.invoke(NativeMethodAccessorImpl.java:62)
	at java.base/jdk.internal.reflect.DelegatingMethodAccessorImpl.invoke(DelegatingMethodAccessorImpl.java:43)
	at java.base/java.lang.reflect.Method.invoke(Method.java:566)
	at org.junit.runners.model.FrameworkMethod$1.runReflectiveCall(FrameworkMethod.java:59)
	at org.junit.internal.runners.model.ReflectiveCallable.run(ReflectiveCallable.java:12)
	at org.junit.runners.model.FrameworkMethod.invokeExplosively(FrameworkMethod.java:56)
	at org.junit.internal.runners.statements.InvokeMethod.evaluate(InvokeMethod.java:17)
	at org.junit.internal.runners.statements.FailOnTimeout$CallableStatement.call(FailOnTimeout.java:299)
	at org.junit.internal.runners.statements.FailOnTimeout$CallableStatement.call(FailOnTimeout.java:293)
	at java.base/java.util.concurrent.FutureTask.run(FutureTask.java:264)
	at java.base/java.lang.Thread.run(Thread.java:829)
2023-11-20 19:26:36,100 [s0@group-2A893677AE84-FollowerState] INFO  impl.FollowerState (FollowerState.java:run(143)) - s0@group-2A893677AE84-FollowerState: change to CANDIDATE, lastRpcElapsedTime:197628552ns, electionTimeout:196ms
2023-11-20 19:26:36,100 [s0@group-2A893677AE84-FollowerState] INFO  impl.RoleInfo (RoleInfo.java:shutdownFollowerState(110)) - s0: shutdown s0@group-2A893677AE84-FollowerState
2023-11-20 19:26:36,100 [s0@group-2A893677AE84-FollowerState] INFO  server.RaftServer$Division (RaftServerImpl.java:setRole(379)) - s0@group-2A893677AE84: changes role from  FOLLOWER to CANDIDATE at term 0 for changeToCandidate
2023-11-20 19:26:36,102 [s0@group-2A893677AE84-FollowerState] INFO  server.RaftServerConfigKeys (ConfUtils.java:logGet(46)) - raft.server.leaderelection.pre-vote = true (default)
2023-11-20 19:26:36,102 [s0@group-2A893677AE84-FollowerState] INFO  impl.RoleInfo (RoleInfo.java:updateAndGet(139)) - s0: start s0@group-2A893677AE84-LeaderElection1
2023-11-20 19:26:36,105 [s0@group-2A893677AE84-LeaderElection1] INFO  impl.LeaderElection (LeaderElection.java:askForVotes(323)) - s0@group-2A893677AE84-LeaderElection1 PRE_VOTE round 0: submit vote requests at term 0 for -1: peers:[s0|localhost:44139, s1|localhost:39265, s2|localhost:45287]|listeners:[], old=null
2023-11-20 19:26:36,116 [s0@group-2A893677AE84-LeaderElection1] INFO  server.RaftServerConfigKeys (ConfUtils.java:logFallback(53)) - raft.server.rpc.first-election.timeout.min = 150ms (fallback to raft.server.rpc.timeout.min)
2023-11-20 19:26:36,116 [s0@group-2A893677AE84-LeaderElection1] INFO  server.RaftServerConfigKeys (ConfUtils.java:logFallback(53)) - raft.server.rpc.first-election.timeout.max = 300ms (fallback to raft.server.rpc.timeout.max)
2023-11-20 19:26:36,117 [s0@group-2A893677AE84-LeaderElection1-2] INFO  server.GrpcServerProtocolClient (GrpcServerProtocolClient.java:<init>(65)) - Build channel for s2
2023-11-20 19:26:36,117 [s0@group-2A893677AE84-LeaderElection1-1] INFO  server.GrpcServerProtocolClient (GrpcServerProtocolClient.java:<init>(65)) - Build channel for s1
2023-11-20 19:26:36,201 [s2@group-2A893677AE84-FollowerState] INFO  impl.FollowerState (FollowerState.java:run(143)) - s2@group-2A893677AE84-FollowerState: change to CANDIDATE, lastRpcElapsedTime:226596218ns, electionTimeout:224ms
2023-11-20 19:26:36,202 [s2@group-2A893677AE84-FollowerState] INFO  impl.RoleInfo (RoleInfo.java:shutdownFollowerState(110)) - s2: shutdown s2@group-2A893677AE84-FollowerState
2023-11-20 19:26:36,202 [s2@group-2A893677AE84-FollowerState] INFO  server.RaftServer$Division (RaftServerImpl.java:setRole(379)) - s2@group-2A893677AE84: changes role from  FOLLOWER to CANDIDATE at term 0 for changeToCandidate
2023-11-20 19:26:36,202 [s2@group-2A893677AE84-FollowerState] INFO  server.RaftServerConfigKeys (ConfUtils.java:logGet(46)) - raft.server.leaderelection.pre-vote = true (default)
2023-11-20 19:26:36,202 [s2@group-2A893677AE84-FollowerState] INFO  impl.RoleInfo (RoleInfo.java:updateAndGet(139)) - s2: start s2@group-2A893677AE84-LeaderElection2
2023-11-20 19:26:36,203 [s2@group-2A893677AE84-LeaderElection2] INFO  impl.LeaderElection (LeaderElection.java:askForVotes(323)) - s2@group-2A893677AE84-LeaderElection2 PRE_VOTE round 0: submit vote requests at term 0 for -1: peers:[s0|localhost:44139, s1|localhost:39265, s2|localhost:45287]|listeners:[], old=null
2023-11-20 19:26:36,204 [s1@group-2A893677AE84-FollowerState] INFO  impl.FollowerState (FollowerState.java:run(143)) - s1@group-2A893677AE84-FollowerState: change to CANDIDATE, lastRpcElapsedTime:248154676ns, electionTimeout:247ms
2023-11-20 19:26:36,210 [s1@group-2A893677AE84-FollowerState] INFO  impl.RoleInfo (RoleInfo.java:shutdownFollowerState(110)) - s1: shutdown s1@group-2A893677AE84-FollowerState
2023-11-20 19:26:36,210 [s1@group-2A893677AE84-FollowerState] INFO  server.RaftServer$Division (RaftServerImpl.java:setRole(379)) - s1@group-2A893677AE84: changes role from  FOLLOWER to CANDIDATE at term 0 for changeToCandidate
2023-11-20 19:26:36,210 [s1@group-2A893677AE84-FollowerState] INFO  server.RaftServerConfigKeys (ConfUtils.java:logGet(46)) - raft.server.leaderelection.pre-vote = true (default)
2023-11-20 19:26:36,211 [s1@group-2A893677AE84-FollowerState] INFO  impl.RoleInfo (RoleInfo.java:updateAndGet(139)) - s1: start s1@group-2A893677AE84-LeaderElection3
2023-11-20 19:26:36,211 [s2@group-2A893677AE84-LeaderElection2] INFO  server.RaftServerConfigKeys (ConfUtils.java:logFallback(53)) - raft.server.rpc.first-election.timeout.min = 150ms (fallback to raft.server.rpc.timeout.min)
2023-11-20 19:26:36,211 [s2@group-2A893677AE84-LeaderElection2] INFO  server.RaftServerConfigKeys (ConfUtils.java:logFallback(53)) - raft.server.rpc.first-election.timeout.max = 300ms (fallback to raft.server.rpc.timeout.max)
2023-11-20 19:26:36,211 [s2@group-2A893677AE84-LeaderElection2-1] INFO  server.GrpcServerProtocolClient (GrpcServerProtocolClient.java:<init>(65)) - Build channel for s0
2023-11-20 19:26:36,215 [s1@group-2A893677AE84-LeaderElection3] INFO  impl.LeaderElection (LeaderElection.java:askForVotes(323)) - s1@group-2A893677AE84-LeaderElection3 PRE_VOTE round 0: submit vote requests at term 0 for -1: peers:[s0|localhost:44139, s1|localhost:39265, s2|localhost:45287]|listeners:[], old=null
2023-11-20 19:26:36,215 [s1@group-2A893677AE84-LeaderElection3-1] INFO  server.GrpcServerProtocolClient (GrpcServerProtocolClient.java:<init>(65)) - Build channel for s0
2023-11-20 19:26:36,215 [s1@group-2A893677AE84-LeaderElection3] INFO  server.RaftServerConfigKeys (ConfUtils.java:logFallback(53)) - raft.server.rpc.first-election.timeout.min = 150ms (fallback to raft.server.rpc.timeout.min)
2023-11-20 19:26:36,216 [s1@group-2A893677AE84-LeaderElection3] INFO  server.RaftServerConfigKeys (ConfUtils.java:logFallback(53)) - raft.server.rpc.first-election.timeout.max = 300ms (fallback to raft.server.rpc.timeout.max)
2023-11-20 19:26:36,216 [s1@group-2A893677AE84-LeaderElection3-2] INFO  server.GrpcServerProtocolClient (GrpcServerProtocolClient.java:<init>(65)) - Build channel for s2
2023-11-20 19:26:36,215 [s2@group-2A893677AE84-LeaderElection2-2] INFO  server.GrpcServerProtocolClient (GrpcServerProtocolClient.java:<init>(65)) - Build channel for s1
2023-11-20 19:26:36,338 [grpc-default-executor-2] INFO  server.RaftServer$Division (RaftServerImpl.java:requestVote(1377)) - s2@group-2A893677AE84: receive requestVote(PRE_VOTE, s0, group-2A893677AE84, 0, (t:0, i:0))
2023-11-20 19:26:36,339 [grpc-default-executor-2] INFO  impl.VoteContext (VoteContext.java:log(49)) - s2@group-2A893677AE84-CANDIDATE: accept PRE_VOTE from s0: our priority 0 <= candidate's priority 0
2023-11-20 19:26:36,342 [grpc-default-executor-3] INFO  server.RaftServer$Division (RaftServerImpl.java:requestVote(1377)) - s1@group-2A893677AE84: receive requestVote(PRE_VOTE, s0, group-2A893677AE84, 0, (t:0, i:0))
2023-11-20 19:26:36,343 [grpc-default-executor-1] INFO  server.RaftServer$Division (RaftServerImpl.java:requestVote(1377)) - s0@group-2A893677AE84: receive requestVote(PRE_VOTE, s1, group-2A893677AE84, 0, (t:0, i:0))
2023-11-20 19:26:36,343 [grpc-default-executor-5] INFO  server.RaftServer$Division (RaftServerImpl.java:requestVote(1377)) - s0@group-2A893677AE84: receive requestVote(PRE_VOTE, s2, group-2A893677AE84, 0, (t:0, i:0))
2023-11-20 19:26:36,343 [grpc-default-executor-4] INFO  server.RaftServer$Division (RaftServerImpl.java:requestVote(1377)) - s2@group-2A893677AE84: receive requestVote(PRE_VOTE, s1, group-2A893677AE84, 0, (t:0, i:0))
2023-11-20 19:26:36,343 [grpc-default-executor-0] INFO  server.RaftServer$Division (RaftServerImpl.java:requestVote(1377)) - s1@group-2A893677AE84: receive requestVote(PRE_VOTE, s2, group-2A893677AE84, 0, (t:0, i:0))
2023-11-20 19:26:36,342 [grpc-default-executor-3] INFO  impl.VoteContext (VoteContext.java:log(49)) - s1@group-2A893677AE84-CANDIDATE: accept PRE_VOTE from s0: our priority 0 <= candidate's priority 0
2023-11-20 19:26:36,344 [grpc-default-executor-3] INFO  server.RaftServer$Division (RaftServerImpl.java:requestVote(1410)) - s1@group-2A893677AE84 replies to PRE_VOTE vote request: s0<-s1#0:OK-t0. Peer's state: s1@group-2A893677AE84:t0, leader=null, voted=, raftlog=Memoized:s1@group-2A893677AE84-SegmentedRaftLog:OPENED:c-1, conf=-1: peers:[s0|localhost:44139, s1|localhost:39265, s2|localhost:45287]|listeners:[], old=null
2023-11-20 19:26:36,343 [grpc-default-executor-1] INFO  impl.VoteContext (VoteContext.java:log(49)) - s0@group-2A893677AE84-CANDIDATE: accept PRE_VOTE from s1: our priority 0 <= candidate's priority 0
2023-11-20 19:26:36,346 [grpc-default-executor-1] INFO  server.RaftServer$Division (RaftServerImpl.java:requestVote(1410)) - s0@group-2A893677AE84 replies to PRE_VOTE vote request: s1<-s0#0:OK-t0. Peer's state: s0@group-2A893677AE84:t0, leader=null, voted=, raftlog=Memoized:s0@group-2A893677AE84-SegmentedRaftLog:OPENED:c-1, conf=-1: peers:[s0|localhost:44139, s1|localhost:39265, s2|localhost:45287]|listeners:[], old=null
2023-11-20 19:26:36,344 [grpc-default-executor-2] INFO  server.RaftServer$Division (RaftServerImpl.java:requestVote(1410)) - s2@group-2A893677AE84 replies to PRE_VOTE vote request: s0<-s2#0:OK-t0. Peer's state: s2@group-2A893677AE84:t0, leader=null, voted=, raftlog=Memoized:s2@group-2A893677AE84-SegmentedRaftLog:OPENED:c-1, conf=-1: peers:[s0|localhost:44139, s1|localhost:39265, s2|localhost:45287]|listeners:[], old=null
2023-11-20 19:26:36,351 [grpc-default-executor-5] INFO  impl.VoteContext (VoteContext.java:log(49)) - s0@group-2A893677AE84-CANDIDATE: accept PRE_VOTE from s2: our priority 0 <= candidate's priority 0
2023-11-20 19:26:36,351 [s0@group-2A893677AE84-LeaderElection1] INFO  impl.LeaderElection (LeaderElection.java:logAndReturn(89)) - s0@group-2A893677AE84-LeaderElection1: PRE_VOTE PASSED received 1 response(s) and 0 exception(s):
2023-11-20 19:26:36,352 [grpc-default-executor-4] INFO  impl.VoteContext (VoteContext.java:log(49)) - s2@group-2A893677AE84-CANDIDATE: accept PRE_VOTE from s1: our priority 0 <= candidate's priority 0
2023-11-20 19:26:36,352 [s0@group-2A893677AE84-LeaderElection1] INFO  impl.LeaderElection (LeaderElection.java:logAndReturn(93)) -   Response 0: s0<-s1#0:OK-t0
2023-11-20 19:26:36,352 [grpc-default-executor-4] INFO  server.RaftServer$Division (RaftServerImpl.java:requestVote(1410)) - s2@group-2A893677AE84 replies to PRE_VOTE vote request: s1<-s2#0:OK-t0. Peer's state: s2@group-2A893677AE84:t0, leader=null, voted=, raftlog=Memoized:s2@group-2A893677AE84-SegmentedRaftLog:OPENED:c-1, conf=-1: peers:[s0|localhost:44139, s1|localhost:39265, s2|localhost:45287]|listeners:[], old=null
2023-11-20 19:26:36,352 [s0@group-2A893677AE84-LeaderElection1] INFO  impl.LeaderElection (LeaderElection.java:askForVotes(325)) - s0@group-2A893677AE84-LeaderElection1 PRE_VOTE round 0: result PASSED
2023-11-20 19:26:36,347 [grpc-default-executor-0] INFO  impl.VoteContext (VoteContext.java:log(49)) - s1@group-2A893677AE84-CANDIDATE: accept PRE_VOTE from s2: our priority 0 <= candidate's priority 0
2023-11-20 19:26:36,352 [grpc-default-executor-5] INFO  server.RaftServer$Division (RaftServerImpl.java:requestVote(1410)) - s0@group-2A893677AE84 replies to PRE_VOTE vote request: s2<-s0#0:OK-t0. Peer's state: s0@group-2A893677AE84:t0, leader=null, voted=, raftlog=Memoized:s0@group-2A893677AE84-SegmentedRaftLog:OPENED:c-1, conf=-1: peers:[s0|localhost:44139, s1|localhost:39265, s2|localhost:45287]|listeners:[], old=null
2023-11-20 19:26:36,352 [grpc-default-executor-0] INFO  server.RaftServer$Division (RaftServerImpl.java:requestVote(1410)) - s1@group-2A893677AE84 replies to PRE_VOTE vote request: s2<-s1#0:OK-t0. Peer's state: s1@group-2A893677AE84:t0, leader=null, voted=, raftlog=Memoized:s1@group-2A893677AE84-SegmentedRaftLog:OPENED:c-1, conf=-1: peers:[s0|localhost:44139, s1|localhost:39265, s2|localhost:45287]|listeners:[], old=null
2023-11-20 19:26:36,354 [s0@group-2A893677AE84-LeaderElection1] TRACE util.FileUtils (LogUtils.java:supplyAndLog(69)) - Successfully supplied FileChannel.open /home/runner/work/ratis/ratis/ratis-test/target/test/data/42d3a8b8/MiniRaftClusterWithGrpc35a461f6/s0/fbd94465-6231-4c3a-8cc2-2a893677ae84/current/raft-meta.tmp with options [CREATE, WRITE]: sun.nio.ch.FileChannelImpl@5bedd56e
2023-11-20 19:26:36,357 [s0@group-2A893677AE84-LeaderElection1] TRACE util.FileUtils (LogUtils.java:runAndLog(49)) - Successfully ran Atomic Files.move /home/runner/work/ratis/ratis/ratis-test/target/test/data/42d3a8b8/MiniRaftClusterWithGrpc35a461f6/s0/fbd94465-6231-4c3a-8cc2-2a893677ae84/current/raft-meta.tmp to /home/runner/work/ratis/ratis/ratis-test/target/test/data/42d3a8b8/MiniRaftClusterWithGrpc35a461f6/s0/fbd94465-6231-4c3a-8cc2-2a893677ae84/current/raft-meta with options [REPLACE_EXISTING]
2023-11-20 19:26:36,357 [s0@group-2A893677AE84-LeaderElection1] INFO  impl.LeaderElection (LeaderElection.java:askForVotes(323)) - s0@group-2A893677AE84-LeaderElection1 ELECTION round 0: submit vote requests at term 1 for -1: peers:[s0|localhost:44139, s1|localhost:39265, s2|localhost:45287]|listeners:[], old=null
2023-11-20 19:26:36,359 [s0@group-2A893677AE84-LeaderElection1] INFO  server.RaftServerConfigKeys (ConfUtils.java:logFallback(53)) - raft.server.rpc.first-election.timeout.min = 150ms (fallback to raft.server.rpc.timeout.min)
2023-11-20 19:26:36,359 [s0@group-2A893677AE84-LeaderElection1] INFO  server.RaftServerConfigKeys (ConfUtils.java:logFallback(53)) - raft.server.rpc.first-election.timeout.max = 300ms (fallback to raft.server.rpc.timeout.max)
2023-11-20 19:26:36,362 [s1@group-2A893677AE84-LeaderElection3] INFO  impl.LeaderElection (LeaderElection.java:logAndReturn(89)) - s1@group-2A893677AE84-LeaderElection3: PRE_VOTE PASSED received 1 response(s) and 0 exception(s):
2023-11-20 19:26:36,363 [s1@group-2A893677AE84-LeaderElection3] INFO  impl.LeaderElection (LeaderElection.java:logAndReturn(93)) -   Response 0: s1<-s2#0:OK-t0
2023-11-20 19:26:36,363 [s1@group-2A893677AE84-LeaderElection3] INFO  impl.LeaderElection (LeaderElection.java:askForVotes(325)) - s1@group-2A893677AE84-LeaderElection3 PRE_VOTE round 0: result PASSED
2023-11-20 19:26:36,363 [s1@group-2A893677AE84-LeaderElection3] TRACE util.FileUtils (LogUtils.java:supplyAndLog(69)) - Successfully supplied FileChannel.open /home/runner/work/ratis/ratis/ratis-test/target/test/data/42d3a8b8/MiniRaftClusterWithGrpc35a461f6/s1/fbd94465-6231-4c3a-8cc2-2a893677ae84/current/raft-meta.tmp with options [CREATE, WRITE]: sun.nio.ch.FileChannelImpl@6432eae7
2023-11-20 19:26:36,365 [s1@group-2A893677AE84-LeaderElection3] TRACE util.FileUtils (LogUtils.java:runAndLog(49)) - Successfully ran Atomic Files.move /home/runner/work/ratis/ratis/ratis-test/target/test/data/42d3a8b8/MiniRaftClusterWithGrpc35a461f6/s1/fbd94465-6231-4c3a-8cc2-2a893677ae84/current/raft-meta.tmp to /home/runner/work/ratis/ratis/ratis-test/target/test/data/42d3a8b8/MiniRaftClusterWithGrpc35a461f6/s1/fbd94465-6231-4c3a-8cc2-2a893677ae84/current/raft-meta with options [REPLACE_EXISTING]
2023-11-20 19:26:36,365 [s2@group-2A893677AE84-LeaderElection2] INFO  impl.LeaderElection (LeaderElection.java:logAndReturn(89)) - s2@group-2A893677AE84-LeaderElection2: PRE_VOTE PASSED received 1 response(s) and 0 exception(s):
2023-11-20 19:26:36,365 [s1@group-2A893677AE84-LeaderElection3] INFO  impl.LeaderElection (LeaderElection.java:askForVotes(323)) - s1@group-2A893677AE84-LeaderElection3 ELECTION round 0: submit vote requests at term 1 for -1: peers:[s0|localhost:44139, s1|localhost:39265, s2|localhost:45287]|listeners:[], old=null
2023-11-20 19:26:36,365 [s2@group-2A893677AE84-LeaderElection2] INFO  impl.LeaderElection (LeaderElection.java:logAndReturn(93)) -   Response 0: s2<-s0#0:OK-t0
2023-11-20 19:26:36,365 [s2@group-2A893677AE84-LeaderElection2] INFO  impl.LeaderElection (LeaderElection.java:askForVotes(325)) - s2@group-2A893677AE84-LeaderElection2 PRE_VOTE round 0: result PASSED
2023-11-20 19:26:36,366 [s2@group-2A893677AE84-LeaderElection2] TRACE util.FileUtils (LogUtils.java:supplyAndLog(69)) - Successfully supplied FileChannel.open /home/runner/work/ratis/ratis/ratis-test/target/test/data/42d3a8b8/MiniRaftClusterWithGrpc35a461f6/s2/fbd94465-6231-4c3a-8cc2-2a893677ae84/current/raft-meta.tmp with options [CREATE, WRITE]: sun.nio.ch.FileChannelImpl@71e9e59b
2023-11-20 19:26:36,367 [grpc-default-executor-2] INFO  server.RaftServer$Division (RaftServerImpl.java:requestVote(1377)) - s2@group-2A893677AE84: receive requestVote(ELECTION, s0, group-2A893677AE84, 1, (t:0, i:0))
2023-11-20 19:26:36,367 [s2@group-2A893677AE84-LeaderElection2] TRACE util.FileUtils (LogUtils.java:runAndLog(49)) - Successfully ran Atomic Files.move /home/runner/work/ratis/ratis/ratis-test/target/test/data/42d3a8b8/MiniRaftClusterWithGrpc35a461f6/s2/fbd94465-6231-4c3a-8cc2-2a893677ae84/current/raft-meta.tmp to /home/runner/work/ratis/ratis/ratis-test/target/test/data/42d3a8b8/MiniRaftClusterWithGrpc35a461f6/s2/fbd94465-6231-4c3a-8cc2-2a893677ae84/current/raft-meta with options [REPLACE_EXISTING]
2023-11-20 19:26:36,367 [s2@group-2A893677AE84-LeaderElection2] INFO  impl.LeaderElection (LeaderElection.java:askForVotes(323)) - s2@group-2A893677AE84-LeaderElection2 ELECTION round 0: submit vote requests at term 1 for -1: peers:[s0|localhost:44139, s1|localhost:39265, s2|localhost:45287]|listeners:[], old=null
2023-11-20 19:26:36,368 [grpc-default-executor-2] INFO  impl.VoteContext (VoteContext.java:log(49)) - s2@group-2A893677AE84-CANDIDATE: reject ELECTION from s0: already has voted for s2 at current term 1
2023-11-20 19:26:36,368 [grpc-default-executor-2] INFO  server.RaftServer$Division (RaftServerImpl.java:requestVote(1410)) - s2@group-2A893677AE84 replies to ELECTION vote request: s0<-s2#0:FAIL-t1. Peer's state: s2@group-2A893677AE84:t1, leader=null, voted=s2, raftlog=Memoized:s2@group-2A893677AE84-SegmentedRaftLog:OPENED:c-1, conf=-1: peers:[s0|localhost:44139, s1|localhost:39265, s2|localhost:45287]|listeners:[], old=null
2023-11-20 19:26:36,368 [s1@group-2A893677AE84-LeaderElection3] INFO  server.RaftServerConfigKeys (ConfUtils.java:logFallback(53)) - raft.server.rpc.first-election.timeout.min = 150ms (fallback to raft.server.rpc.timeout.min)
2023-11-20 19:26:36,368 [s1@group-2A893677AE84-LeaderElection3] INFO  server.RaftServerConfigKeys (ConfUtils.java:logFallback(53)) - raft.server.rpc.first-election.timeout.max = 300ms (fallback to raft.server.rpc.timeout.max)
2023-11-20 19:26:36,373 [grpc-default-executor-2] INFO  server.RaftServer$Division (RaftServerImpl.java:requestVote(1377)) - s0@group-2A893677AE84: receive requestVote(ELECTION, s1, group-2A893677AE84, 1, (t:0, i:0))
2023-11-20 19:26:36,374 [grpc-default-executor-2] INFO  impl.VoteContext (VoteContext.java:log(49)) - s0@group-2A893677AE84-CANDIDATE: reject ELECTION from s1: already has voted for s0 at current term 1
2023-11-20 19:26:36,374 [grpc-default-executor-2] INFO  server.RaftServer$Division (RaftServerImpl.java:requestVote(1410)) - s0@group-2A893677AE84 replies to ELECTION vote request: s1<-s0#0:FAIL-t1. Peer's state: s0@group-2A893677AE84:t1, leader=null, voted=s0, raftlog=Memoized:s0@group-2A893677AE84-SegmentedRaftLog:OPENED:c-1, conf=-1: peers:[s0|localhost:44139, s1|localhost:39265, s2|localhost:45287]|listeners:[], old=null
2023-11-20 19:26:36,376 [s2@group-2A893677AE84-LeaderElection2] INFO  server.RaftServerConfigKeys (ConfUtils.java:logFallback(53)) - raft.server.rpc.first-election.timeout.min = 150ms (fallback to raft.server.rpc.timeout.min)
2023-11-20 19:26:36,376 [s2@group-2A893677AE84-LeaderElection2] INFO  server.RaftServerConfigKeys (ConfUtils.java:logFallback(53)) - raft.server.rpc.first-election.timeout.max = 300ms (fallback to raft.server.rpc.timeout.max)
2023-11-20 19:26:36,377 [grpc-default-executor-0] INFO  server.RaftServer$Division (RaftServerImpl.java:requestVote(1377)) - s1@group-2A893677AE84: receive requestVote(ELECTION, s0, group-2A893677AE84, 1, (t:0, i:0))
2023-11-20 19:26:36,377 [grpc-default-executor-0] INFO  impl.VoteContext (VoteContext.java:log(49)) - s1@group-2A893677AE84-CANDIDATE: reject ELECTION from s0: already has voted for s1 at current term 1
2023-11-20 19:26:36,377 [grpc-default-executor-0] INFO  server.RaftServer$Division (RaftServerImpl.java:requestVote(1410)) - s1@group-2A893677AE84 replies to ELECTION vote request: s0<-s1#0:FAIL-t1. Peer's state: s1@group-2A893677AE84:t1, leader=null, voted=s1, raftlog=Memoized:s1@group-2A893677AE84-SegmentedRaftLog:OPENED:c-1, conf=-1: peers:[s0|localhost:44139, s1|localhost:39265, s2|localhost:45287]|listeners:[], old=null
2023-11-20 19:26:36,380 [grpc-default-executor-0] INFO  server.RaftServer$Division (RaftServerImpl.java:requestVote(1377)) - s2@group-2A893677AE84: receive requestVote(ELECTION, s1, group-2A893677AE84, 1, (t:0, i:0))
2023-11-20 19:26:36,380 [grpc-default-executor-0] INFO  impl.VoteContext (VoteContext.java:log(49)) - s2@group-2A893677AE84-CANDIDATE: reject ELECTION from s1: already has voted for s2 at current term 1
2023-11-20 19:26:36,380 [grpc-default-executor-0] INFO  server.RaftServer$Division (RaftServerImpl.java:requestVote(1410)) - s2@group-2A893677AE84 replies to ELECTION vote request: s1<-s2#0:FAIL-t1. Peer's state: s2@group-2A893677AE84:t1, leader=null, voted=s2, raftlog=Memoized:s2@group-2A893677AE84-SegmentedRaftLog:OPENED:c-1, conf=-1: peers:[s0|localhost:44139, s1|localhost:39265, s2|localhost:45287]|listeners:[], old=null
2023-11-20 19:26:36,380 [grpc-default-executor-2] INFO  server.RaftServer$Division (RaftServerImpl.java:requestVote(1377)) - s1@group-2A893677AE84: receive requestVote(ELECTION, s2, group-2A893677AE84, 1, (t:0, i:0))
2023-11-20 19:26:36,380 [grpc-default-executor-2] INFO  impl.VoteContext (VoteContext.java:log(49)) - s1@group-2A893677AE84-CANDIDATE: reject ELECTION from s2: already has voted for s1 at current term 1
2023-11-20 19:26:36,381 [grpc-default-executor-2] INFO  server.RaftServer$Division (RaftServerImpl.java:requestVote(1410)) - s1@group-2A893677AE84 replies to ELECTION vote request: s2<-s1#0:FAIL-t1. Peer's state: s1@group-2A893677AE84:t1, leader=null, voted=s1, raftlog=Memoized:s1@group-2A893677AE84-SegmentedRaftLog:OPENED:c-1, conf=-1: peers:[s0|localhost:44139, s1|localhost:39265, s2|localhost:45287]|listeners:[], old=null
2023-11-20 19:26:36,384 [s1@group-2A893677AE84-LeaderElection3] INFO  impl.LeaderElection (LeaderElection.java:logAndReturn(89)) - s1@group-2A893677AE84-LeaderElection3: ELECTION REJECTED received 2 response(s) and 0 exception(s):
2023-11-20 19:26:36,384 [s1@group-2A893677AE84-LeaderElection3] INFO  impl.LeaderElection (LeaderElection.java:logAndReturn(93)) -   Response 0: s1<-s0#0:FAIL-t1
2023-11-20 19:26:36,384 [s1@group-2A893677AE84-LeaderElection3] INFO  impl.LeaderElection (LeaderElection.java:logAndReturn(93)) -   Response 1: s1<-s2#0:FAIL-t1
2023-11-20 19:26:36,384 [s1@group-2A893677AE84-LeaderElection3] INFO  impl.LeaderElection (LeaderElection.java:askForVotes(325)) - s1@group-2A893677AE84-LeaderElection3 ELECTION round 0: result REJECTED
2023-11-20 19:26:36,385 [grpc-default-executor-0] INFO  server.RaftServer$Division (RaftServerImpl.java:requestVote(1377)) - s0@group-2A893677AE84: receive requestVote(ELECTION, s2, group-2A893677AE84, 1, (t:0, i:0))
2023-11-20 19:26:36,385 [grpc-default-executor-0] INFO  impl.VoteContext (VoteContext.java:log(49)) - s0@group-2A893677AE84-CANDIDATE: reject ELECTION from s2: already has voted for s0 at current term 1
2023-11-20 19:26:36,385 [grpc-default-executor-0] INFO  server.RaftServer$Division (RaftServerImpl.java:requestVote(1410)) - s0@group-2A893677AE84 replies to ELECTION vote request: s2<-s0#0:FAIL-t1. Peer's state: s0@group-2A893677AE84:t1, leader=null, voted=s0, raftlog=Memoized:s0@group-2A893677AE84-SegmentedRaftLog:OPENED:c-1, conf=-1: peers:[s0|localhost:44139, s1|localhost:39265, s2|localhost:45287]|listeners:[], old=null
2023-11-20 19:26:36,385 [s1@group-2A893677AE84-LeaderElection3] INFO  server.RaftServer$Division (RaftServerImpl.java:setRole(379)) - s1@group-2A893677AE84: changes role from CANDIDATE to FOLLOWER at term 1 for REJECTED
2023-11-20 19:26:36,386 [s1@group-2A893677AE84-LeaderElection3] INFO  impl.RoleInfo (RoleInfo.java:shutdownLeaderElection(130)) - s1: shutdown s1@group-2A893677AE84-LeaderElection3
2023-11-20 19:26:36,386 [s1@group-2A893677AE84-LeaderElection3] INFO  impl.RoleInfo (RoleInfo.java:updateAndGet(139)) - s1: start s1@group-2A893677AE84-FollowerState
2023-11-20 19:26:36,386 [s0@group-2A893677AE84-LeaderElection1] INFO  impl.LeaderElection (LeaderElection.java:logAndReturn(89)) - s0@group-2A893677AE84-LeaderElection1: ELECTION REJECTED received 2 response(s) and 0 exception(s):
2023-11-20 19:26:36,386 [s0@group-2A893677AE84-LeaderElection1] INFO  impl.LeaderElection (LeaderElection.java:logAndReturn(93)) -   Response 0: s0<-s1#0:FAIL-t1
2023-11-20 19:26:36,386 [s0@group-2A893677AE84-LeaderElection1] INFO  impl.LeaderElection (LeaderElection.java:logAndReturn(93)) -   Response 1: s0<-s2#0:FAIL-t1
2023-11-20 19:26:36,386 [s0@group-2A893677AE84-LeaderElection1] INFO  impl.LeaderElection (LeaderElection.java:askForVotes(325)) - s0@group-2A893677AE84-LeaderElection1 ELECTION round 0: result REJECTED
2023-11-20 19:26:36,386 [s0@group-2A893677AE84-LeaderElection1] INFO  server.RaftServer$Division (RaftServerImpl.java:setRole(379)) - s0@group-2A893677AE84: changes role from CANDIDATE to FOLLOWER at term 1 for REJECTED
2023-11-20 19:26:36,386 [s0@group-2A893677AE84-LeaderElection1] INFO  impl.RoleInfo (RoleInfo.java:shutdownLeaderElection(130)) - s0: shutdown s0@group-2A893677AE84-LeaderElection1
2023-11-20 19:26:36,387 [s0@group-2A893677AE84-LeaderElection1] INFO  impl.RoleInfo (RoleInfo.java:updateAndGet(139)) - s0: start s0@group-2A893677AE84-FollowerState
2023-11-20 19:26:36,387 [s1@group-2A893677AE84-LeaderElection3] INFO  server.RaftServer$Division (RaftServerImpl.java:setFirstElection(564)) - s1@group-2A893677AE84: set firstElectionSinceStartup to false for REJECTED
2023-11-20 19:26:36,387 [s0@group-2A893677AE84-LeaderElection1] INFO  server.RaftServer$Division (RaftServerImpl.java:setFirstElection(564)) - s0@group-2A893677AE84: set firstElectionSinceStartup to false for REJECTED
2023-11-20 19:26:36,390 [s2@group-2A893677AE84-LeaderElection2] INFO  impl.LeaderElection (LeaderElection.java:logAndReturn(89)) - s2@group-2A893677AE84-LeaderElection2: ELECTION REJECTED received 2 response(s) and 0 exception(s):
2023-11-20 19:26:36,390 [s2@group-2A893677AE84-LeaderElection2] INFO  impl.LeaderElection (LeaderElection.java:logAndReturn(93)) -   Response 0: s2<-s0#0:FAIL-t1
2023-11-20 19:26:36,390 [s2@group-2A893677AE84-LeaderElection2] INFO  impl.LeaderElection (LeaderElection.java:logAndReturn(93)) -   Response 1: s2<-s1#0:FAIL-t1
2023-11-20 19:26:36,390 [s2@group-2A893677AE84-LeaderElection2] INFO  impl.LeaderElection (LeaderElection.java:askForVotes(325)) - s2@group-2A893677AE84-LeaderElection2 ELECTION round 0: result REJECTED
2023-11-20 19:26:36,390 [s2@group-2A893677AE84-LeaderElection2] INFO  server.RaftServer$Division (RaftServerImpl.java:setRole(379)) - s2@group-2A893677AE84: changes role from CANDIDATE to FOLLOWER at term 1 for REJECTED
2023-11-20 19:26:36,390 [s2@group-2A893677AE84-LeaderElection2] INFO  impl.RoleInfo (RoleInfo.java:shutdownLeaderElection(130)) - s2: shutdown s2@group-2A893677AE84-LeaderElection2
2023-11-20 19:26:36,390 [s2@group-2A893677AE84-LeaderElection2] INFO  impl.RoleInfo (RoleInfo.java:updateAndGet(139)) - s2: start s2@group-2A893677AE84-FollowerState
2023-11-20 19:26:36,390 [s2@group-2A893677AE84-LeaderElection2] INFO  server.RaftServer$Division (RaftServerImpl.java:setFirstElection(564)) - s2@group-2A893677AE84: set firstElectionSinceStartup to false for REJECTED
2023-11-20 19:26:36,435 [Time-limited test] WARN  ratis.RaftTestUtil (JavaUtils.java:attempt(223)) - FAILED "waitForLeader-null-(expectLeader? true)", attempt #2/100: java.lang.IllegalStateException: No leader yet : printing ALL groups
  s0:  RUNNING  FOLLOWER s0@group-2A893677AE84:t1, leader=null, voted=s0, raftlog=Memoized:s0@group-2A893677AE84-SegmentedRaftLog:OPENED:c-1, conf=-1: peers:[s0|localhost:44139, s1|localhost:39265, s2|localhost:45287]|listeners:[], old=null RUNNING
  s1:  RUNNING  FOLLOWER s1@group-2A893677AE84:t1, leader=null, voted=s1, raftlog=Memoized:s1@group-2A893677AE84-SegmentedRaftLog:OPENED:c-1, conf=-1: peers:[s0|localhost:44139, s1|localhost:39265, s2|localhost:45287]|listeners:[], old=null RUNNING
  s2:  RUNNING  FOLLOWER s2@group-2A893677AE84:t1, leader=null, voted=s2, raftlog=Memoized:s2@group-2A893677AE84-SegmentedRaftLog:OPENED:c-1, conf=-1: peers:[s0|localhost:44139, s1|localhost:39265, s2|localhost:45287]|listeners:[], old=null RUNNING, sleep 450ms and then retry.
java.lang.IllegalStateException: No leader yet : printing ALL groups
  s0:  RUNNING  FOLLOWER s0@group-2A893677AE84:t1, leader=null, voted=s0, raftlog=Memoized:s0@group-2A893677AE84-SegmentedRaftLog:OPENED:c-1, conf=-1: peers:[s0|localhost:44139, s1|localhost:39265, s2|localhost:45287]|listeners:[], old=null RUNNING
  s1:  RUNNING  FOLLOWER s1@group-2A893677AE84:t1, leader=null, voted=s1, raftlog=Memoized:s1@group-2A893677AE84-SegmentedRaftLog:OPENED:c-1, conf=-1: peers:[s0|localhost:44139, s1|localhost:39265, s2|localhost:45287]|listeners:[], old=null RUNNING
  s2:  RUNNING  FOLLOWER s2@group-2A893677AE84:t1, leader=null, voted=s2, raftlog=Memoized:s2@group-2A893677AE84-SegmentedRaftLog:OPENED:c-1, conf=-1: peers:[s0|localhost:44139, s1|localhost:39265, s2|localhost:45287]|listeners:[], old=null RUNNING
	at org.apache.ratis.server.impl.MiniRaftCluster.newIllegalStateExceptionForNoLeaders(MiniRaftCluster.java:581)
	at org.apache.ratis.RaftTestUtil.lambda$waitForLeader$1(RaftTestUtil.java:104)
	at org.apache.ratis.server.impl.MiniRaftCluster.getLeader(MiniRaftCluster.java:615)
	at org.apache.ratis.server.impl.MiniRaftCluster.getLeader(MiniRaftCluster.java:608)
	at org.apache.ratis.RaftTestUtil.lambda$waitForLeader$3(RaftTestUtil.java:112)
	at org.apache.ratis.util.JavaUtils.attempt(JavaUtils.java:217)
	at org.apache.ratis.util.JavaUtils.attemptRepeatedly(JavaUtils.java:203)
	at org.apache.ratis.RaftTestUtil.waitForLeader(RaftTestUtil.java:111)
	at org.apache.ratis.RaftTestUtil.waitForLeader(RaftTestUtil.java:92)
	at org.apache.ratis.RaftTestUtil.waitForLeader(RaftTestUtil.java:87)
	at org.apache.ratis.grpc.TestRetryCacheWithGrpc.testRetryOnResourceUnavailableException(TestRetryCacheWithGrpc.java:173)
	at java.base/jdk.internal.reflect.NativeMethodAccessorImpl.invoke0(Native Method)
	at java.base/jdk.internal.reflect.NativeMethodAccessorImpl.invoke(NativeMethodAccessorImpl.java:62)
	at java.base/jdk.internal.reflect.DelegatingMethodAccessorImpl.invoke(DelegatingMethodAccessorImpl.java:43)
	at java.base/java.lang.reflect.Method.invoke(Method.java:566)
	at org.junit.runners.model.FrameworkMethod$1.runReflectiveCall(FrameworkMethod.java:59)
	at org.junit.internal.runners.model.ReflectiveCallable.run(ReflectiveCallable.java:12)
	at org.junit.runners.model.FrameworkMethod.invokeExplosively(FrameworkMethod.java:56)
	at org.junit.internal.runners.statements.InvokeMethod.evaluate(InvokeMethod.java:17)
	at org.junit.internal.runners.statements.FailOnTimeout$CallableStatement.call(FailOnTimeout.java:299)
	at org.junit.internal.runners.statements.FailOnTimeout$CallableStatement.call(FailOnTimeout.java:293)
	at java.base/java.util.concurrent.FutureTask.run(FutureTask.java:264)
	at java.base/java.lang.Thread.run(Thread.java:829)
2023-11-20 19:26:36,556 [s1@group-2A893677AE84-FollowerState] INFO  impl.FollowerState (FollowerState.java:run(143)) - s1@group-2A893677AE84-FollowerState: change to CANDIDATE, lastRpcElapsedTime:170011351ns, electionTimeout:169ms
2023-11-20 19:26:36,556 [s1@group-2A893677AE84-FollowerState] INFO  impl.RoleInfo (RoleInfo.java:shutdownFollowerState(110)) - s1: shutdown s1@group-2A893677AE84-FollowerState
2023-11-20 19:26:36,556 [s1@group-2A893677AE84-FollowerState] INFO  server.RaftServer$Division (RaftServerImpl.java:setRole(379)) - s1@group-2A893677AE84: changes role from  FOLLOWER to CANDIDATE at term 1 for changeToCandidate
2023-11-20 19:26:36,557 [s1@group-2A893677AE84-FollowerState] INFO  server.RaftServerConfigKeys (ConfUtils.java:logGet(46)) - raft.server.leaderelection.pre-vote = true (default)
2023-11-20 19:26:36,557 [s1@group-2A893677AE84-FollowerState] INFO  impl.RoleInfo (RoleInfo.java:updateAndGet(139)) - s1: start s1@group-2A893677AE84-LeaderElection4
2023-11-20 19:26:36,557 [s1@group-2A893677AE84-LeaderElection4] INFO  impl.LeaderElection (LeaderElection.java:askForVotes(323)) - s1@group-2A893677AE84-LeaderElection4 PRE_VOTE round 0: submit vote requests at term 1 for -1: peers:[s0|localhost:44139, s1|localhost:39265, s2|localhost:45287]|listeners:[], old=null
2023-11-20 19:26:36,561 [grpc-default-executor-2] INFO  server.RaftServer$Division (RaftServerImpl.java:requestVote(1377)) - s2@group-2A893677AE84: receive requestVote(PRE_VOTE, s1, group-2A893677AE84, 1, (t:0, i:0))
2023-11-20 19:26:36,561 [grpc-default-executor-0] INFO  server.RaftServer$Division (RaftServerImpl.java:requestVote(1377)) - s0@group-2A893677AE84: receive requestVote(PRE_VOTE, s1, group-2A893677AE84, 1, (t:0, i:0))
2023-11-20 19:26:36,562 [grpc-default-executor-2] INFO  impl.VoteContext (VoteContext.java:log(49)) - s2@group-2A893677AE84-FOLLOWER: accept PRE_VOTE from s1: our priority 0 <= candidate's priority 0
2023-11-20 19:26:36,562 [grpc-default-executor-0] INFO  impl.VoteContext (VoteContext.java:log(49)) - s0@group-2A893677AE84-FOLLOWER: accept PRE_VOTE from s1: our priority 0 <= candidate's priority 0
2023-11-20 19:26:36,563 [grpc-default-executor-2] INFO  server.RaftServer$Division (RaftServerImpl.java:requestVote(1410)) - s2@group-2A893677AE84 replies to PRE_VOTE vote request: s1<-s2#0:OK-t1. Peer's state: s2@group-2A893677AE84:t1, leader=null, voted=s2, raftlog=Memoized:s2@group-2A893677AE84-SegmentedRaftLog:OPENED:c-1, conf=-1: peers:[s0|localhost:44139, s1|localhost:39265, s2|localhost:45287]|listeners:[], old=null
2023-11-20 19:26:36,563 [grpc-default-executor-0] INFO  server.RaftServer$Division (RaftServerImpl.java:requestVote(1410)) - s0@group-2A893677AE84 replies to PRE_VOTE vote request: s1<-s0#0:OK-t1. Peer's state: s0@group-2A893677AE84:t1, leader=null, voted=s0, raftlog=Memoized:s0@group-2A893677AE84-SegmentedRaftLog:OPENED:c-1, conf=-1: peers:[s0|localhost:44139, s1|localhost:39265, s2|localhost:45287]|listeners:[], old=null
2023-11-20 19:26:36,564 [s1@group-2A893677AE84-LeaderElection4] INFO  impl.LeaderElection (LeaderElection.java:logAndReturn(89)) - s1@group-2A893677AE84-LeaderElection4: PRE_VOTE PASSED received 1 response(s) and 0 exception(s):
2023-11-20 19:26:36,565 [s1@group-2A893677AE84-LeaderElection4] INFO  impl.LeaderElection (LeaderElection.java:logAndReturn(93)) -   Response 0: s1<-s2#0:OK-t1
2023-11-20 19:26:36,565 [s1@group-2A893677AE84-LeaderElection4] INFO  impl.LeaderElection (LeaderElection.java:askForVotes(325)) - s1@group-2A893677AE84-LeaderElection4 PRE_VOTE round 0: result PASSED
2023-11-20 19:26:36,567 [s1@group-2A893677AE84-LeaderElection4] TRACE util.FileUtils (LogUtils.java:supplyAndLog(69)) - Successfully supplied FileChannel.open /home/runner/work/ratis/ratis/ratis-test/target/test/data/42d3a8b8/MiniRaftClusterWithGrpc35a461f6/s1/fbd94465-6231-4c3a-8cc2-2a893677ae84/current/raft-meta.tmp with options [CREATE, WRITE]: sun.nio.ch.FileChannelImpl@51dfd003
2023-11-20 19:26:36,569 [s1@group-2A893677AE84-LeaderElection4] TRACE util.FileUtils (LogUtils.java:runAndLog(49)) - Successfully ran Atomic Files.move /home/runner/work/ratis/ratis/ratis-test/target/test/data/42d3a8b8/MiniRaftClusterWithGrpc35a461f6/s1/fbd94465-6231-4c3a-8cc2-2a893677ae84/current/raft-meta.tmp to /home/runner/work/ratis/ratis/ratis-test/target/test/data/42d3a8b8/MiniRaftClusterWithGrpc35a461f6/s1/fbd94465-6231-4c3a-8cc2-2a893677ae84/current/raft-meta with options [REPLACE_EXISTING]
2023-11-20 19:26:36,569 [s1@group-2A893677AE84-LeaderElection4] INFO  impl.LeaderElection (LeaderElection.java:askForVotes(323)) - s1@group-2A893677AE84-LeaderElection4 ELECTION round 0: submit vote requests at term 2 for -1: peers:[s0|localhost:44139, s1|localhost:39265, s2|localhost:45287]|listeners:[], old=null
2023-11-20 19:26:36,572 [grpc-default-executor-0] INFO  server.RaftServer$Division (RaftServerImpl.java:requestVote(1377)) - s2@group-2A893677AE84: receive requestVote(ELECTION, s1, group-2A893677AE84, 2, (t:0, i:0))
2023-11-20 19:26:36,572 [grpc-default-executor-0] INFO  impl.VoteContext (VoteContext.java:log(49)) - s2@group-2A893677AE84-FOLLOWER: accept ELECTION from s1: our priority 0 <= candidate's priority 0
2023-11-20 19:26:36,572 [grpc-default-executor-0] INFO  server.RaftServer$Division (RaftServerImpl.java:setRole(379)) - s2@group-2A893677AE84: changes role from  FOLLOWER to FOLLOWER at term 2 for candidate:s1
2023-11-20 19:26:36,572 [grpc-default-executor-0] INFO  impl.RoleInfo (RoleInfo.java:shutdownFollowerState(110)) - s2: shutdown s2@group-2A893677AE84-FollowerState
2023-11-20 19:26:36,572 [grpc-default-executor-2] INFO  server.RaftServer$Division (RaftServerImpl.java:requestVote(1377)) - s0@group-2A893677AE84: receive requestVote(ELECTION, s1, group-2A893677AE84, 2, (t:0, i:0))
2023-11-20 19:26:36,573 [s2@group-2A893677AE84-FollowerState] INFO  impl.FollowerState (FollowerState.java:run(152)) - s2@group-2A893677AE84-FollowerState was interrupted
2023-11-20 19:26:36,573 [grpc-default-executor-0] INFO  impl.RoleInfo (RoleInfo.java:updateAndGet(139)) - s2: start s2@group-2A893677AE84-FollowerState
2023-11-20 19:26:36,573 [grpc-default-executor-2] INFO  impl.VoteContext (VoteContext.java:log(49)) - s0@group-2A893677AE84-FOLLOWER: accept ELECTION from s1: our priority 0 <= candidate's priority 0
2023-11-20 19:26:36,573 [grpc-default-executor-2] INFO  server.RaftServer$Division (RaftServerImpl.java:setRole(379)) - s0@group-2A893677AE84: changes role from  FOLLOWER to FOLLOWER at term 2 for candidate:s1
2023-11-20 19:26:36,573 [grpc-default-executor-2] INFO  impl.RoleInfo (RoleInfo.java:shutdownFollowerState(110)) - s0: shutdown s0@group-2A893677AE84-FollowerState
2023-11-20 19:26:36,573 [grpc-default-executor-0] TRACE util.FileUtils (LogUtils.java:supplyAndLog(69)) - Successfully supplied FileChannel.open /home/runner/work/ratis/ratis/ratis-test/target/test/data/42d3a8b8/MiniRaftClusterWithGrpc35a461f6/s2/fbd94465-6231-4c3a-8cc2-2a893677ae84/current/raft-meta.tmp with options [CREATE, WRITE]: sun.nio.ch.FileChannelImpl@1acd1907
2023-11-20 19:26:36,573 [s0@group-2A893677AE84-FollowerState] INFO  impl.FollowerState (FollowerState.java:run(152)) - s0@group-2A893677AE84-FollowerState was interrupted
2023-11-20 19:26:36,573 [grpc-default-executor-2] INFO  impl.RoleInfo (RoleInfo.java:updateAndGet(139)) - s0: start s0@group-2A893677AE84-FollowerState
2023-11-20 19:26:36,574 [grpc-default-executor-2] TRACE util.FileUtils (LogUtils.java:supplyAndLog(69)) - Successfully supplied FileChannel.open /home/runner/work/ratis/ratis/ratis-test/target/test/data/42d3a8b8/MiniRaftClusterWithGrpc35a461f6/s0/fbd94465-6231-4c3a-8cc2-2a893677ae84/current/raft-meta.tmp with options [CREATE, WRITE]: sun.nio.ch.FileChannelImpl@1d252f4f
2023-11-20 19:26:36,575 [grpc-default-executor-0] TRACE util.FileUtils (LogUtils.java:runAndLog(49)) - Successfully ran Atomic Files.move /home/runner/work/ratis/ratis/ratis-test/target/test/data/42d3a8b8/MiniRaftClusterWithGrpc35a461f6/s2/fbd94465-6231-4c3a-8cc2-2a893677ae84/current/raft-meta.tmp to /home/runner/work/ratis/ratis/ratis-test/target/test/data/42d3a8b8/MiniRaftClusterWithGrpc35a461f6/s2/fbd94465-6231-4c3a-8cc2-2a893677ae84/current/raft-meta with options [REPLACE_EXISTING]
2023-11-20 19:26:36,575 [grpc-default-executor-0] INFO  server.RaftServer$Division (RaftServerImpl.java:requestVote(1410)) - s2@group-2A893677AE84 replies to ELECTION vote request: s1<-s2#0:OK-t2. Peer's state: s2@group-2A893677AE84:t2, leader=null, voted=s1, raftlog=Memoized:s2@group-2A893677AE84-SegmentedRaftLog:OPENED:c-1, conf=-1: peers:[s0|localhost:44139, s1|localhost:39265, s2|localhost:45287]|listeners:[], old=null
2023-11-20 19:26:36,575 [grpc-default-executor-2] TRACE util.FileUtils (LogUtils.java:runAndLog(49)) - Successfully ran Atomic Files.move /home/runner/work/ratis/ratis/ratis-test/target/test/data/42d3a8b8/MiniRaftClusterWithGrpc35a461f6/s0/fbd94465-6231-4c3a-8cc2-2a893677ae84/current/raft-meta.tmp to /home/runner/work/ratis/ratis/ratis-test/target/test/data/42d3a8b8/MiniRaftClusterWithGrpc35a461f6/s0/fbd94465-6231-4c3a-8cc2-2a893677ae84/current/raft-meta with options [REPLACE_EXISTING]
2023-11-20 19:26:36,575 [grpc-default-executor-2] INFO  server.RaftServer$Division (RaftServerImpl.java:requestVote(1410)) - s0@group-2A893677AE84 replies to ELECTION vote request: s1<-s0#0:OK-t2. Peer's state: s0@group-2A893677AE84:t2, leader=null, voted=s1, raftlog=Memoized:s0@group-2A893677AE84-SegmentedRaftLog:OPENED:c-1, conf=-1: peers:[s0|localhost:44139, s1|localhost:39265, s2|localhost:45287]|listeners:[], old=null
2023-11-20 19:26:36,576 [s1@group-2A893677AE84-LeaderElection4] INFO  impl.LeaderElection (LeaderElection.java:logAndReturn(89)) - s1@group-2A893677AE84-LeaderElection4: ELECTION PASSED received 1 response(s) and 0 exception(s):
2023-11-20 19:26:36,576 [s1@group-2A893677AE84-LeaderElection4] INFO  impl.LeaderElection (LeaderElection.java:logAndReturn(93)) -   Response 0: s1<-s2#0:OK-t2
2023-11-20 19:26:36,576 [s1@group-2A893677AE84-LeaderElection4] INFO  impl.LeaderElection (LeaderElection.java:askForVotes(325)) - s1@group-2A893677AE84-LeaderElection4 ELECTION round 0: result PASSED
2023-11-20 19:26:36,579 [s1@group-2A893677AE84-LeaderElection4] INFO  impl.RoleInfo (RoleInfo.java:shutdownLeaderElection(130)) - s1: shutdown s1@group-2A893677AE84-LeaderElection4
2023-11-20 19:26:36,579 [s1@group-2A893677AE84-LeaderElection4] INFO  server.RaftServer$Division (RaftServerImpl.java:setRole(379)) - s1@group-2A893677AE84: changes role from CANDIDATE to LEADER at term 2 for changeToLeader
2023-11-20 19:26:36,582 [s1@group-2A893677AE84-LeaderElection4] INFO  server.RaftServerConfigKeys (ConfUtils.java:logGet(46)) - raft.server.staging.catchup.gap = 1000 (default)
2023-11-20 19:26:36,586 [s1@group-2A893677AE84-LeaderElection4] INFO  server.RaftServerConfigKeys (ConfUtils.java:logGet(46)) - raft.server.write.element-limit = 1 (custom)
2023-11-20 19:26:36,586 [s1@group-2A893677AE84-LeaderElection4] INFO  server.RaftServerConfigKeys (ConfUtils.java:logGet(46)) - raft.server.write.byte-limit = 64MB (=67108864) (default)
2023-11-20 19:26:36,589 [s1@group-2A893677AE84-LeaderElection4] INFO  server.RaftServerConfigKeys (ConfUtils.java:logGet(46)) - raft.server.watch.timeout = 10s (default)
2023-11-20 19:26:36,589 [s1@group-2A893677AE84-LeaderElection4] INFO  server.RaftServerConfigKeys (ConfUtils.java:logGet(46)) - raft.server.watch.timeout.denomination = 1s (default)
2023-11-20 19:26:36,590 [s1@group-2A893677AE84-LeaderElection4] INFO  server.RaftServerConfigKeys (ConfUtils.java:logGet(46)) - raft.server.watch.element-limit = 65536 (default)
2023-11-20 19:26:36,595 [s1@group-2A893677AE84-LeaderElection4] INFO  server.RaftServerConfigKeys (ConfUtils.java:logGet(46)) - raft.server.read.leader.lease.enabled = false (default)
2023-11-20 19:26:36,596 [s1@group-2A893677AE84-LeaderElection4] INFO  server.RaftServerConfigKeys (ConfUtils.java:logGet(46)) - raft.server.read.leader.lease.timeout.ratio = 0.9 (default)
2023-11-20 19:26:36,596 [s1@group-2A893677AE84-LeaderElection4] INFO  server.RaftServerConfigKeys (ConfUtils.java:logGet(46)) - raft.server.rpc.timeout.min = 150ms (default)
2023-11-20 19:26:36,597 [s1@group-2A893677AE84-LeaderElection4] INFO  server.RaftServerConfigKeys (ConfUtils.java:logGet(46)) - raft.server.write.element-limit = 1 (custom)
2023-11-20 19:26:36,597 [s1@group-2A893677AE84-LeaderElection4] INFO  server.RaftServerConfigKeys (ConfUtils.java:logGet(46)) - raft.server.write.follower.gap.ratio.max = -1.0 (default)
2023-11-20 19:26:36,604 [s1@group-2A893677AE84-LeaderElection4] INFO  server.RaftServerConfigKeys (ConfUtils.java:logGet(46)) - raft.server.log.appender.snapshot.chunk.size.max = 16MB (=16777216) (default)
2023-11-20 19:26:36,604 [s1@group-2A893677AE84-LeaderElection4] INFO  server.RaftServerConfigKeys (ConfUtils.java:logGet(46)) - raft.server.log.appender.buffer.byte-limit = 4MB (=4194304) (default)
2023-11-20 19:26:36,604 [s1@group-2A893677AE84-LeaderElection4] INFO  server.RaftServerConfigKeys (ConfUtils.java:logGet(46)) - raft.server.log.appender.buffer.element-limit = 0 (default)
2023-11-20 19:26:36,606 [s1@group-2A893677AE84-LeaderElection4] INFO  server.RaftServerConfigKeys (ConfUtils.java:logGet(46)) - raft.server.log.appender.wait-time.min = 1ms (default)
2023-11-20 19:26:36,606 [s1@group-2A893677AE84-LeaderElection4] INFO  grpc.GrpcConfigKeys (ConfUtils.java:logGet(46)) - raft.grpc.server.leader.outstanding.appends.max = 8 (default)
2023-11-20 19:26:36,607 [s1@group-2A893677AE84-LeaderElection4] INFO  server.RaftServerConfigKeys (ConfUtils.java:logGet(46)) - raft.server.rpc.request.timeout = 3000ms (default)
2023-11-20 19:26:36,607 [s1@group-2A893677AE84-LeaderElection4] INFO  grpc.GrpcConfigKeys (ConfUtils.java:logGet(46)) - raft.grpc.server.install_snapshot.request.element-limit = 8 (default)
2023-11-20 19:26:36,607 [s1@group-2A893677AE84-LeaderElection4] INFO  grpc.GrpcConfigKeys (ConfUtils.java:logGet(46)) - raft.grpc.server.install_snapshot.request.timeout = 3000ms (default)
2023-11-20 19:26:36,607 [s1@group-2A893677AE84-LeaderElection4] INFO  server.RaftServerConfigKeys (ConfUtils.java:logGet(46)) - raft.server.log.appender.install.snapshot.enabled = true (default)
2023-11-20 19:26:36,607 [s1@group-2A893677AE84-LeaderElection4] INFO  grpc.GrpcConfigKeys (ConfUtils.java:logGet(46)) - raft.grpc.server.heartbeat.channel = true (default)
2023-11-20 19:26:36,611 [s1@group-2A893677AE84-LeaderElection4] INFO  server.RaftServerConfigKeys (ConfUtils.java:logGet(46)) - raft.server.log.appender.snapshot.chunk.size.max = 16MB (=16777216) (default)
2023-11-20 19:26:36,611 [s1@group-2A893677AE84-LeaderElection4] INFO  server.RaftServerConfigKeys (ConfUtils.java:logGet(46)) - raft.server.log.appender.buffer.byte-limit = 4MB (=4194304) (default)
2023-11-20 19:26:36,611 [s1@group-2A893677AE84-LeaderElection4] INFO  server.RaftServerConfigKeys (ConfUtils.java:logGet(46)) - raft.server.log.appender.buffer.element-limit = 0 (default)
2023-11-20 19:26:36,611 [s1@group-2A893677AE84-LeaderElection4] INFO  server.RaftServerConfigKeys (ConfUtils.java:logGet(46)) - raft.server.log.appender.wait-time.min = 1ms (default)
2023-11-20 19:26:36,611 [s1@group-2A893677AE84-LeaderElection4] INFO  grpc.GrpcConfigKeys (ConfUtils.java:logGet(46)) - raft.grpc.server.leader.outstanding.appends.max = 8 (default)
2023-11-20 19:26:36,612 [s1@group-2A893677AE84-LeaderElection4] INFO  server.RaftServerConfigKeys (ConfUtils.java:logGet(46)) - raft.server.rpc.request.timeout = 3000ms (default)
2023-11-20 19:26:36,612 [s1@group-2A893677AE84-LeaderElection4] INFO  grpc.GrpcConfigKeys (ConfUtils.java:logGet(46)) - raft.grpc.server.install_snapshot.request.element-limit = 8 (default)
2023-11-20 19:26:36,612 [s1@group-2A893677AE84-LeaderElection4] INFO  grpc.GrpcConfigKeys (ConfUtils.java:logGet(46)) - raft.grpc.server.install_snapshot.request.timeout = 3000ms (default)
2023-11-20 19:26:36,612 [s1@group-2A893677AE84-LeaderElection4] INFO  server.RaftServerConfigKeys (ConfUtils.java:logGet(46)) - raft.server.log.appender.install.snapshot.enabled = true (default)
2023-11-20 19:26:36,612 [s1@group-2A893677AE84-LeaderElection4] INFO  grpc.GrpcConfigKeys (ConfUtils.java:logGet(46)) - raft.grpc.server.heartbeat.channel = true (default)
2023-11-20 19:26:36,613 [s1@group-2A893677AE84-LeaderElection4] INFO  impl.RoleInfo (RoleInfo.java:updateAndGet(139)) - s1: start s1@group-2A893677AE84-LeaderStateImpl
2023-11-20 19:26:36,613 [s1@group-2A893677AE84-LeaderElection4] INFO  server.RaftServer$Division (ServerState.java:setLeader(265)) - s1@group-2A893677AE84: change Leader from null to s1 at term 2 for becomeLeader, leader elected after 905ms
2023-11-20 19:26:36,626 [s1@group-2A893677AE84-LeaderElection4] INFO  segmented.SegmentedRaftLogWorker (SegmentedRaftLogWorker.java:startLogSegment(430)) - s1@group-2A893677AE84-SegmentedRaftLogWorker: Starting segment from index:0
2023-11-20 19:26:36,634 [s1@group-2A893677AE84-LeaderElection4] INFO  server.RaftServer$Division (ServerState.java:setRaftConf(382)) - s1@group-2A893677AE84: set configuration 0: peers:[s0|localhost:44139, s1|localhost:39265, s2|localhost:45287]|listeners:[], old=null
2023-11-20 19:26:36,645 [s1@group-2A893677AE84-SegmentedRaftLogWorker] INFO  segmented.BufferedWriteChannel (BufferedWriteChannel.java:open(62)) - open log_inprogress_0 at position 0
2023-11-20 19:26:36,659 [s0-server-thread1] INFO  server.RaftServer$Division (ServerState.java:setLeader(265)) - s0@group-2A893677AE84: change Leader from null to s1 at term 2 for appendEntries, leader elected after 951ms
2023-11-20 19:26:36,669 [s2-server-thread1] INFO  server.RaftServer$Division (ServerState.java:setLeader(265)) - s2@group-2A893677AE84: change Leader from null to s1 at term 2 for appendEntries, leader elected after 960ms
2023-11-20 19:26:36,672 [s1@group-2A893677AE84-SegmentedRaftLogWorker] INFO  segmented.SegmentedRaftLogWorker (SegmentedRaftLogWorker.java:execute(634)) - s1@group-2A893677AE84-SegmentedRaftLogWorker: created new log segment /home/runner/work/ratis/ratis/ratis-test/target/test/data/42d3a8b8/MiniRaftClusterWithGrpc35a461f6/s1/fbd94465-6231-4c3a-8cc2-2a893677ae84/current/log_inprogress_0
2023-11-20 19:26:36,747 [s2-server-thread1] DEBUG server.RaftServer$Division (RaftServerImpl.java:logAppendEntries(1504)) - s2@group-2A893677AE84: receive appendEntries(s1, 2, null, -1, true, commits:[s1:c-1, s0:c-1, s2:c-1], cId:1, entries: [(t:2, i:0), CONFIGURATIONENTRY(current:id: "s0"
address: "localhost:44139"
dataStreamAddress: "localhost:44613"
clientAddress: "localhost:37679"
adminAddress: "localhost:33099"
startupRole: FOLLOWER
,id: "s1"
address: "localhost:39265"
dataStreamAddress: "localhost:44001"
clientAddress: "localhost:41071"
adminAddress: "localhost:35039"
startupRole: FOLLOWER
,id: "s2"
address: "localhost:45287"
dataStreamAddress: "localhost:34697"
clientAddress: "localhost:37633"
adminAddress: "localhost:45329"
startupRole: FOLLOWER
, old:)]
2023-11-20 19:26:36,748 [s0-server-thread2] DEBUG server.RaftServer$Division (RaftServerImpl.java:logAppendEntries(1504)) - s0@group-2A893677AE84: receive appendEntries(s1, 2, null, -1, true, commits:[s1:c-1, s0:c-1, s2:c-1], cId:1, entries: [(t:2, i:0), CONFIGURATIONENTRY(current:id: "s0"
address: "localhost:44139"
dataStreamAddress: "localhost:44613"
clientAddress: "localhost:37679"
adminAddress: "localhost:33099"
startupRole: FOLLOWER
,id: "s1"
address: "localhost:39265"
dataStreamAddress: "localhost:44001"
clientAddress: "localhost:41071"
adminAddress: "localhost:35039"
startupRole: FOLLOWER
,id: "s2"
address: "localhost:45287"
dataStreamAddress: "localhost:34697"
clientAddress: "localhost:37633"
adminAddress: "localhost:45329"
startupRole: FOLLOWER
, old:)]
2023-11-20 19:26:36,752 [s0-server-thread2] INFO  server.RaftServer$Division (ServerState.java:setRaftConf(382)) - s0@group-2A893677AE84: set configuration 0: peers:[s0|localhost:44139, s1|localhost:39265, s2|localhost:45287]|listeners:[], old=null
2023-11-20 19:26:36,752 [s2-server-thread1] INFO  server.RaftServer$Division (ServerState.java:setRaftConf(382)) - s2@group-2A893677AE84: set configuration 0: peers:[s0|localhost:44139, s1|localhost:39265, s2|localhost:45287]|listeners:[], old=null
2023-11-20 19:26:36,756 [s2-server-thread1] INFO  segmented.SegmentedRaftLogWorker (SegmentedRaftLogWorker.java:startLogSegment(430)) - s2@group-2A893677AE84-SegmentedRaftLogWorker: Starting segment from index:0
2023-11-20 19:26:36,756 [s0-server-thread2] INFO  segmented.SegmentedRaftLogWorker (SegmentedRaftLogWorker.java:startLogSegment(430)) - s0@group-2A893677AE84-SegmentedRaftLogWorker: Starting segment from index:0
2023-11-20 19:26:36,757 [s0@group-2A893677AE84-SegmentedRaftLogWorker] INFO  segmented.BufferedWriteChannel (BufferedWriteChannel.java:open(62)) - open log_inprogress_0 at position 0
2023-11-20 19:26:36,757 [s2@group-2A893677AE84-SegmentedRaftLogWorker] INFO  segmented.BufferedWriteChannel (BufferedWriteChannel.java:open(62)) - open log_inprogress_0 at position 0
2023-11-20 19:26:36,770 [s0@group-2A893677AE84-SegmentedRaftLogWorker] INFO  segmented.SegmentedRaftLogWorker (SegmentedRaftLogWorker.java:execute(634)) - s0@group-2A893677AE84-SegmentedRaftLogWorker: created new log segment /home/runner/work/ratis/ratis/ratis-test/target/test/data/42d3a8b8/MiniRaftClusterWithGrpc35a461f6/s0/fbd94465-6231-4c3a-8cc2-2a893677ae84/current/log_inprogress_0
2023-11-20 19:26:36,770 [s2@group-2A893677AE84-SegmentedRaftLogWorker] INFO  segmented.SegmentedRaftLogWorker (SegmentedRaftLogWorker.java:execute(634)) - s2@group-2A893677AE84-SegmentedRaftLogWorker: created new log segment /home/runner/work/ratis/ratis/ratis-test/target/test/data/42d3a8b8/MiniRaftClusterWithGrpc35a461f6/s2/fbd94465-6231-4c3a-8cc2-2a893677ae84/current/log_inprogress_0
2023-11-20 19:26:36,771 [s2-server-thread2] DEBUG server.RaftServer$Division (RaftServerImpl.java:logAppendEntries(1504)) - s2@group-2A893677AE84: succeeded to handle AppendEntries. Reply: s1<-s2#1:OK-t2,SUCCESS,nextIndex=1,followerCommit=-1,matchIndex=0
2023-11-20 19:26:36,771 [s0-server-thread3] DEBUG server.RaftServer$Division (RaftServerImpl.java:logAppendEntries(1504)) - s0@group-2A893677AE84: succeeded to handle AppendEntries. Reply: s1<-s0#1:OK-t2,SUCCESS,nextIndex=1,followerCommit=-1,matchIndex=0
2023-11-20 19:26:36,775 [s1@group-2A893677AE84-StateMachineUpdater] TRACE util.FileUtils (LogUtils.java:supplyAndLog(69)) - Successfully supplied FileChannel.open /home/runner/work/ratis/ratis/ratis-test/target/test/data/42d3a8b8/MiniRaftClusterWithGrpc35a461f6/s1/fbd94465-6231-4c3a-8cc2-2a893677ae84/current/raft-meta.conf.tmp with options [CREATE, WRITE]: sun.nio.ch.FileChannelImpl@672e22bd
2023-11-20 19:26:36,778 [s1@group-2A893677AE84-StateMachineUpdater] TRACE util.FileUtils (LogUtils.java:runAndLog(49)) - Successfully ran Atomic Files.move /home/runner/work/ratis/ratis/ratis-test/target/test/data/42d3a8b8/MiniRaftClusterWithGrpc35a461f6/s1/fbd94465-6231-4c3a-8cc2-2a893677ae84/current/raft-meta.conf.tmp to /home/runner/work/ratis/ratis/ratis-test/target/test/data/42d3a8b8/MiniRaftClusterWithGrpc35a461f6/s1/fbd94465-6231-4c3a-8cc2-2a893677ae84/current/raft-meta.conf with options [REPLACE_EXISTING]
2023-11-20 19:26:36,778 [s1@group-2A893677AE84-StateMachineUpdater] INFO  server.RaftServer$Division (LeaderStateImpl.java:isApplied(316)) - leader is ready since appliedIndex == 0 >= startIndex == 0
2023-11-20 19:26:36,852 [s2@group-2A893677AE84-StateMachineUpdater] TRACE util.FileUtils (LogUtils.java:supplyAndLog(69)) - Successfully supplied FileChannel.open /home/runner/work/ratis/ratis/ratis-test/target/test/data/42d3a8b8/MiniRaftClusterWithGrpc35a461f6/s2/fbd94465-6231-4c3a-8cc2-2a893677ae84/current/raft-meta.conf.tmp with options [CREATE, WRITE]: sun.nio.ch.FileChannelImpl@2660bf62
2023-11-20 19:26:36,852 [s0@group-2A893677AE84-StateMachineUpdater] TRACE util.FileUtils (LogUtils.java:supplyAndLog(69)) - Successfully supplied FileChannel.open /home/runner/work/ratis/ratis/ratis-test/target/test/data/42d3a8b8/MiniRaftClusterWithGrpc35a461f6/s0/fbd94465-6231-4c3a-8cc2-2a893677ae84/current/raft-meta.conf.tmp with options [CREATE, WRITE]: sun.nio.ch.FileChannelImpl@3a4d2e11
2023-11-20 19:26:36,855 [s2@group-2A893677AE84-StateMachineUpdater] TRACE util.FileUtils (LogUtils.java:runAndLog(49)) - Successfully ran Atomic Files.move /home/runner/work/ratis/ratis/ratis-test/target/test/data/42d3a8b8/MiniRaftClusterWithGrpc35a461f6/s2/fbd94465-6231-4c3a-8cc2-2a893677ae84/current/raft-meta.conf.tmp to /home/runner/work/ratis/ratis/ratis-test/target/test/data/42d3a8b8/MiniRaftClusterWithGrpc35a461f6/s2/fbd94465-6231-4c3a-8cc2-2a893677ae84/current/raft-meta.conf with options [REPLACE_EXISTING]
2023-11-20 19:26:36,855 [s0@group-2A893677AE84-StateMachineUpdater] TRACE util.FileUtils (LogUtils.java:runAndLog(49)) - Successfully ran Atomic Files.move /home/runner/work/ratis/ratis/ratis-test/target/test/data/42d3a8b8/MiniRaftClusterWithGrpc35a461f6/s0/fbd94465-6231-4c3a-8cc2-2a893677ae84/current/raft-meta.conf.tmp to /home/runner/work/ratis/ratis/ratis-test/target/test/data/42d3a8b8/MiniRaftClusterWithGrpc35a461f6/s0/fbd94465-6231-4c3a-8cc2-2a893677ae84/current/raft-meta.conf with options [REPLACE_EXISTING]
2023-11-20 19:26:36,886 [Time-limited test] INFO  ratis.RaftTestUtil (RaftTestUtil.java:waitForLeader(119)) - printing ALL groups
  s0:  RUNNING  FOLLOWER s0@group-2A893677AE84:t2, leader=s1, voted=s1, raftlog=Memoized:s0@group-2A893677AE84-SegmentedRaftLog:OPENED:c0, conf=0: peers:[s0|localhost:44139, s1|localhost:39265, s2|localhost:45287]|listeners:[], old=null RUNNING
  s1:  RUNNING    LEADER s1@group-2A893677AE84:t2, leader=s1, voted=s1, raftlog=Memoized:s1@group-2A893677AE84-SegmentedRaftLog:OPENED:c0, conf=0: peers:[s0|localhost:44139, s1|localhost:39265, s2|localhost:45287]|listeners:[], old=null RUNNING
  s2:  RUNNING  FOLLOWER s2@group-2A893677AE84:t2, leader=s1, voted=s1, raftlog=Memoized:s2@group-2A893677AE84-SegmentedRaftLog:OPENED:c0, conf=0: peers:[s0|localhost:44139, s1|localhost:39265, s2|localhost:45287]|listeners:[], old=null RUNNING
2023-11-20 19:26:36,887 [Time-limited test] INFO  impl.SimpleStateMachine4Testing (SimpleStateMachine4Testing.java:block(135)) - block WRITE_STATE_MACHINE_DATA
2023-11-20 19:26:36,887 [Time-limited test] INFO  impl.SimpleStateMachine4Testing (SimpleStateMachine4Testing.java:block(135)) - block WRITE_STATE_MACHINE_DATA
2023-11-20 19:26:36,895 [s1-client-thread1] DEBUG server.RaftServer$Division (RaftServerImpl.java:submitClientRequestAsync(893)) - s1@group-2A893677AE84: receive client request(RaftClientRequest:client-7727C2F5CAF0->s1@group-2A893677AE84, cid=1, seq=null, RW, message)
2023-11-20 19:26:36,912 [s1-client-thread1] DEBUG server.RaftServer$Division (LeaderStateImpl.java:addPendingRequest(517)) - s1@group-2A893677AE84-LeaderStateImpl: addPendingRequest at RaftClientRequest:client-7727C2F5CAF0->s1@group-2A893677AE84, cid=1, seq=null, RW, message, entry=(t:2, i:1), STATEMACHINELOGENTRY, 1@client-7727C2F5CAF0
2023-11-20 19:26:36,917 [s2-server-thread1] DEBUG server.RaftServer$Division (RaftServerImpl.java:logAppendEntries(1504)) - s2@group-2A893677AE84: receive appendEntries(s1, 2, (t:2, i:0), 0, true, commits:[s1:c0, s0:c0, s2:c0], cId:7, entries: [(t:2, i:1), STATEMACHINELOGENTRY, 1@client-7727C2F5CAF0]
2023-11-20 19:26:36,917 [s0-server-thread2] DEBUG server.RaftServer$Division (RaftServerImpl.java:logAppendEntries(1504)) - s0@group-2A893677AE84: receive appendEntries(s1, 2, (t:2, i:0), 0, true, commits:[s1:c0, s0:c0, s2:c0], cId:6, entries: [(t:2, i:1), STATEMACHINELOGENTRY, 1@client-7727C2F5CAF0]
2023-11-20 19:26:36,918 [s1-client-thread1] DEBUG server.RaftServer$Division (RaftServerImpl.java:submitClientRequestAsync(893)) - s1@group-2A893677AE84: receive client request(RaftClientRequest:client-7727C2F5CAF0->s1@group-2A893677AE84, cid=2, seq=null, RW, message)
2023-11-20 19:26:36,919 [Time-limited test] INFO  impl.SimpleStateMachine4Testing (SimpleStateMachine4Testing.java:unblock(142)) - unblock WRITE_STATE_MACHINE_DATA
2023-11-20 19:26:36,920 [Time-limited test] INFO  impl.SimpleStateMachine4Testing (SimpleStateMachine4Testing.java:unblock(142)) - unblock WRITE_STATE_MACHINE_DATA
2023-11-20 19:26:36,920 [s1-client-thread1] DEBUG server.RaftServer$Division (RaftServerImpl.java:submitClientRequestAsync(893)) - s1@group-2A893677AE84: receive client request(RaftClientRequest:client-7727C2F5CAF0->s1@group-2A893677AE84, cid=2, seq=null, RW, message)
2023-11-20 19:26:36,920 [s0-server-thread2] DEBUG server.RaftServer$Division (RaftServerImpl.java:logAppendEntries(1504)) - s0@group-2A893677AE84: succeeded to handle AppendEntries. Reply: s1<-s0#6:OK-t2,SUCCESS,nextIndex=2,followerCommit=0,matchIndex=1
2023-11-20 19:26:36,920 [s2-server-thread1] DEBUG server.RaftServer$Division (RaftServerImpl.java:logAppendEntries(1504)) - s2@group-2A893677AE84: succeeded to handle AppendEntries. Reply: s1<-s2#7:OK-t2,SUCCESS,nextIndex=2,followerCommit=0,matchIndex=1
2023-11-20 19:26:36,921 [s1-client-thread1] DEBUG server.RaftServer$Division (RaftServerImpl.java:submitClientRequestAsync(893)) - s1@group-2A893677AE84: receive client request(RaftClientRequest:client-7727C2F5CAF0->s1@group-2A893677AE84, cid=2, seq=null, RW, message)
2023-11-20 19:26:36,922 [s1@group-2A893677AE84-StateMachineUpdater] INFO  impl.SimpleStateMachine4Testing (SimpleStateMachine4Testing.java:applyTransaction(248)) - applyTransaction for log index 1
2023-11-20 19:26:36,922 [s1@group-2A893677AE84-StateMachineUpdater] INFO  impl.SimpleStateMachine4Testing (SimpleStateMachine4Testing.java:put(205)) - s1: put 1, message -> (t:2, i:1), STATEMACHINELOGENTRY, 1@client-7727C2F5CAF0
2023-11-20 19:26:36,926 [s1-client-thread1] DEBUG server.RaftServer$Division (RaftServerImpl.java:submitClientRequestAsync(893)) - s1@group-2A893677AE84: receive client request(RaftClientRequest:client-7727C2F5CAF0->s1@group-2A893677AE84, cid=2, seq=null, RW, message)
2023-11-20 19:26:36,926 [s1-client-thread1] DEBUG server.RaftServer$Division (LeaderStateImpl.java:addPendingRequest(517)) - s1@group-2A893677AE84-LeaderStateImpl: addPendingRequest at RaftClientRequest:client-7727C2F5CAF0->s1@group-2A893677AE84, cid=2, seq=null, RW, message, entry=(t:2, i:3), STATEMACHINELOGENTRY, 2@client-7727C2F5CAF0
2023-11-20 19:26:36,926 [s0-server-thread2] DEBUG server.RaftServer$Division (RaftServerImpl.java:logAppendEntries(1504)) - s0@group-2A893677AE84: receive appendEntries(s1, 2, (t:2, i:1), 1, true, commits:[s1:c1, s0:c0, s2:c0], cId:7, entries: [(t:2, i:2), METADATAENTRY(c:1)]
2023-11-20 19:26:36,927 [s2-server-thread1] DEBUG server.RaftServer$Division (RaftServerImpl.java:logAppendEntries(1504)) - s2@group-2A893677AE84: receive appendEntries(s1, 2, (t:2, i:1), 1, true, commits:[s1:c1, s0:c0, s2:c0], cId:8, entries: [(t:2, i:2), METADATAENTRY(c:1)]
2023-11-20 19:26:36,928 [s2-server-thread2] DEBUG server.RaftServer$Division (RaftServerImpl.java:logAppendEntries(1504)) - s2@group-2A893677AE84: receive appendEntries(s1, 2, (t:2, i:2), 1, true, commits:[s1:c1, s0:c0, s2:c0], cId:9, entries: [(t:2, i:3), STATEMACHINELOGENTRY, 2@client-7727C2F5CAF0]
2023-11-20 19:26:36,928 [s0-server-thread2] DEBUG server.RaftServer$Division (RaftServerImpl.java:logAppendEntries(1504)) - s0@group-2A893677AE84: succeeded to handle AppendEntries. Reply: s1<-s0#7:OK-t2,SUCCESS,nextIndex=3,followerCommit=1,matchIndex=2
2023-11-20 19:26:36,929 [s2-server-thread2] DEBUG server.RaftServer$Division (RaftServerImpl.java:logAppendEntries(1504)) - s2@group-2A893677AE84: succeeded to handle AppendEntries. Reply: s1<-s2#9:OK-t2,SUCCESS,nextIndex=4,followerCommit=1,matchIndex=3
2023-11-20 19:26:36,929 [s2@group-2A893677AE84-StateMachineUpdater] INFO  impl.SimpleStateMachine4Testing (SimpleStateMachine4Testing.java:applyTransaction(248)) - applyTransaction for log index 1
2023-11-20 19:26:36,929 [s2@group-2A893677AE84-StateMachineUpdater] INFO  impl.SimpleStateMachine4Testing (SimpleStateMachine4Testing.java:put(205)) - s2: put 1, message -> (t:2, i:1), STATEMACHINELOGENTRY, 1@client-7727C2F5CAF0
2023-11-20 19:26:36,928 [s0@group-2A893677AE84-StateMachineUpdater] INFO  impl.SimpleStateMachine4Testing (SimpleStateMachine4Testing.java:applyTransaction(248)) - applyTransaction for log index 1
2023-11-20 19:26:36,930 [s0@group-2A893677AE84-StateMachineUpdater] INFO  impl.SimpleStateMachine4Testing (SimpleStateMachine4Testing.java:put(205)) - s0: put 1, message -> (t:2, i:1), STATEMACHINELOGENTRY, 1@client-7727C2F5CAF0
2023-11-20 19:26:36,928 [s2-server-thread1] DEBUG server.RaftServer$Division (RaftServerImpl.java:logAppendEntries(1504)) - s2@group-2A893677AE84: succeeded to handle AppendEntries. Reply: s1<-s2#8:OK-t2,SUCCESS,nextIndex=3,followerCommit=1,matchIndex=2
2023-11-20 19:26:36,933 [s0-server-thread2] DEBUG server.RaftServer$Division (RaftServerImpl.java:logAppendEntries(1504)) - s0@group-2A893677AE84: receive appendEntries(s1, 2, (t:2, i:2), 1, true, commits:[s1:c1, s0:c0, s2:c0], cId:8, entries: [(t:2, i:3), STATEMACHINELOGENTRY, 2@client-7727C2F5CAF0]
2023-11-20 19:26:36,934 [s0-server-thread2] DEBUG server.RaftServer$Division (RaftServerImpl.java:logAppendEntries(1504)) - s0@group-2A893677AE84: succeeded to handle AppendEntries. Reply: s1<-s0#8:OK-t2,SUCCESS,nextIndex=4,followerCommit=1,matchIndex=3
2023-11-20 19:26:36,935 [s1@group-2A893677AE84-StateMachineUpdater] INFO  impl.SimpleStateMachine4Testing (SimpleStateMachine4Testing.java:applyTransaction(248)) - applyTransaction for log index 3
2023-11-20 19:26:36,935 [s1@group-2A893677AE84-StateMachineUpdater] INFO  impl.SimpleStateMachine4Testing (SimpleStateMachine4Testing.java:put(205)) - s1: put 3, message -> (t:2, i:3), STATEMACHINELOGENTRY, 2@client-7727C2F5CAF0
2023-11-20 19:26:36,935 [Time-limited test] INFO  impl.MiniRaftCluster (MiniRaftCluster.java:shutdown(831)) - ************************************************************** 
2023-11-20 19:26:36,936 [Time-limited test] INFO  impl.MiniRaftCluster (MiniRaftCluster.java:shutdown(832)) - *** 
2023-11-20 19:26:36,936 [Time-limited test] INFO  impl.MiniRaftCluster (MiniRaftCluster.java:shutdown(833)) - ***     Stopping MiniRaftClusterWithGrpc
2023-11-20 19:26:36,936 [Time-limited test] INFO  impl.MiniRaftCluster (MiniRaftCluster.java:shutdown(834)) - *** 
2023-11-20 19:26:36,936 [Time-limited test] INFO  impl.MiniRaftCluster (MiniRaftCluster.java:shutdown(835)) - ************************************************************** 
2023-11-20 19:26:36,936 [Time-limited test] INFO  impl.MiniRaftCluster (MiniRaftCluster.java:shutdown(836)) - printing ALL groups
  s0:  RUNNING  FOLLOWER s0@group-2A893677AE84:t2, leader=s1, voted=s1, raftlog=Memoized:s0@group-2A893677AE84-SegmentedRaftLog:OPENED:c1, conf=0: peers:[s0|localhost:44139, s1|localhost:39265, s2|localhost:45287]|listeners:[], old=null RUNNING
  s1:  RUNNING    LEADER s1@group-2A893677AE84:t2, leader=s1, voted=s1, raftlog=Memoized:s1@group-2A893677AE84-SegmentedRaftLog:OPENED:c3, conf=0: peers:[s0|localhost:44139, s1|localhost:39265, s2|localhost:45287]|listeners:[], old=null RUNNING
  s2:  RUNNING  FOLLOWER s2@group-2A893677AE84:t2, leader=s1, voted=s1, raftlog=Memoized:s2@group-2A893677AE84-SegmentedRaftLog:OPENED:c1, conf=0: peers:[s0|localhost:44139, s1|localhost:39265, s2|localhost:45287]|listeners:[], old=null RUNNING
2023-11-20 19:26:36,937 [s2-server-thread1] DEBUG server.RaftServer$Division (RaftServerImpl.java:logAppendEntries(1504)) - s2@group-2A893677AE84: receive appendEntries(s1, 2, (t:2, i:3), 3, true, commits:[s1:c3, s0:c1, s2:c1], cId:11, entries: [(t:2, i:4), METADATAENTRY(c:3)]
2023-11-20 19:26:36,937 [s0-server-thread2] DEBUG server.RaftServer$Division (RaftServerImpl.java:logAppendEntries(1504)) - s0@group-2A893677AE84: receive appendEntries(s1, 2, (t:2, i:3), 3, true, commits:[s1:c3, s0:c1, s2:c1], cId:9, entries: [(t:2, i:4), METADATAENTRY(c:3)]
2023-11-20 19:26:36,937 [s2-server-thread1] DEBUG server.RaftServer$Division (RaftServerImpl.java:logAppendEntries(1504)) - s2@group-2A893677AE84: succeeded to handle AppendEntries. Reply: s1<-s2#11:OK-t2,SUCCESS,nextIndex=5,followerCommit=3,matchIndex=4
2023-11-20 19:26:36,938 [s2@group-2A893677AE84-StateMachineUpdater] INFO  impl.SimpleStateMachine4Testing (SimpleStateMachine4Testing.java:applyTransaction(248)) - applyTransaction for log index 3
2023-11-20 19:26:36,938 [s2@group-2A893677AE84-StateMachineUpdater] INFO  impl.SimpleStateMachine4Testing (SimpleStateMachine4Testing.java:put(205)) - s2: put 3, message -> (t:2, i:3), STATEMACHINELOGENTRY, 2@client-7727C2F5CAF0
2023-11-20 19:26:36,938 [MiniRaftCluster-2] INFO  server.RaftServer (RaftServerProxy.java:lambda$close$9(416)) - s1: close
2023-11-20 19:26:36,939 [MiniRaftCluster-1] INFO  server.RaftServer (RaftServerProxy.java:lambda$close$9(416)) - s0: close
2023-11-20 19:26:36,938 [MiniRaftCluster-3] INFO  server.RaftServer (RaftServerProxy.java:lambda$close$9(416)) - s2: close
2023-11-20 19:26:36,940 [s0-impl-thread1] INFO  server.RaftServer$Division (RaftServerImpl.java:lambda$close$3(516)) - s0@group-2A893677AE84: shutdown
2023-11-20 19:26:36,940 [MiniRaftCluster-2] INFO  server.GrpcService (GrpcService.java:closeImpl(311)) - s1: shutdown server org.apache.ratis.grpc.server.GrpcClientProtocolService now
2023-11-20 19:26:36,940 [MiniRaftCluster-3] INFO  server.GrpcService (GrpcService.java:closeImpl(311)) - s2: shutdown server org.apache.ratis.grpc.server.GrpcClientProtocolService now
2023-11-20 19:26:36,940 [s0-impl-thread1] INFO  util.JmxRegister (JmxRegister.java:unregister(73)) - Successfully un-registered JMX Bean with object name Ratis:service=RaftServer,group=group-2A893677AE84,id=s0
2023-11-20 19:26:36,940 [s1-impl-thread1] INFO  server.RaftServer$Division (RaftServerImpl.java:lambda$close$3(516)) - s1@group-2A893677AE84: shutdown
2023-11-20 19:26:36,939 [s0@group-2A893677AE84-StateMachineUpdater] INFO  impl.SimpleStateMachine4Testing (SimpleStateMachine4Testing.java:applyTransaction(248)) - applyTransaction for log index 3
2023-11-20 19:26:36,939 [s0-server-thread2] DEBUG server.RaftServer$Division (RaftServerImpl.java:logAppendEntries(1504)) - s0@group-2A893677AE84: succeeded to handle AppendEntries. Reply: s1<-s0#9:OK-t2,SUCCESS,nextIndex=5,followerCommit=3,matchIndex=4
2023-11-20 19:26:36,941 [s1-impl-thread1] INFO  util.JmxRegister (JmxRegister.java:unregister(73)) - Successfully un-registered JMX Bean with object name Ratis:service=RaftServer,group=group-2A893677AE84,id=s1
2023-11-20 19:26:36,941 [s0@group-2A893677AE84-StateMachineUpdater] INFO  impl.SimpleStateMachine4Testing (SimpleStateMachine4Testing.java:put(205)) - s0: put 3, message -> (t:2, i:3), STATEMACHINELOGENTRY, 2@client-7727C2F5CAF0
2023-11-20 19:26:36,941 [s1-impl-thread1] INFO  impl.RoleInfo (RoleInfo.java:shutdownLeaderState(94)) - s1: shutdown s1@group-2A893677AE84-LeaderStateImpl
2023-11-20 19:26:36,942 [s1-impl-thread1] INFO  impl.PendingRequests (PendingRequests.java:sendNotLeaderResponses(289)) - s1@group-2A893677AE84-PendingRequests: sendNotLeaderResponses
2023-11-20 19:26:36,940 [s0-impl-thread1] INFO  impl.RoleInfo (RoleInfo.java:shutdownFollowerState(110)) - s0: shutdown s0@group-2A893677AE84-FollowerState
2023-11-20 19:26:36,942 [s0-impl-thread1] INFO  impl.StateMachineUpdater (StateMachineUpdater.java:stopAndJoin(157)) - s0@group-2A893677AE84-StateMachineUpdater: set stopIndex = 3
2023-11-20 19:26:36,940 [s2-impl-thread1] INFO  server.RaftServer$Division (RaftServerImpl.java:lambda$close$3(516)) - s2@group-2A893677AE84: shutdown
2023-11-20 19:26:36,942 [s2-impl-thread1] INFO  util.JmxRegister (JmxRegister.java:unregister(73)) - Successfully un-registered JMX Bean with object name Ratis:service=RaftServer,group=group-2A893677AE84,id=s2
2023-11-20 19:26:36,942 [s2-impl-thread1] INFO  impl.RoleInfo (RoleInfo.java:shutdownFollowerState(110)) - s2: shutdown s2@group-2A893677AE84-FollowerState
2023-11-20 19:26:36,943 [s2@group-2A893677AE84-FollowerState] INFO  impl.FollowerState (FollowerState.java:run(152)) - s2@group-2A893677AE84-FollowerState was interrupted
2023-11-20 19:26:36,940 [MiniRaftCluster-1] INFO  server.GrpcService (GrpcService.java:closeImpl(311)) - s0: shutdown server org.apache.ratis.grpc.server.GrpcClientProtocolService now
2023-11-20 19:26:36,942 [s0@group-2A893677AE84-FollowerState] INFO  impl.FollowerState (FollowerState.java:run(152)) - s0@group-2A893677AE84-FollowerState was interrupted
2023-11-20 19:26:36,943 [s2-impl-thread1] INFO  impl.StateMachineUpdater (StateMachineUpdater.java:stopAndJoin(157)) - s2@group-2A893677AE84-StateMachineUpdater: set stopIndex = 3
2023-11-20 19:26:36,944 [s2-impl-thread1] INFO  server.RaftServer$Division (ServerState.java:close(423)) - s2@group-2A893677AE84: applyIndex: 3
2023-11-20 19:26:36,944 [s0-impl-thread1] INFO  server.RaftServer$Division (ServerState.java:close(423)) - s0@group-2A893677AE84: applyIndex: 3
2023-11-20 19:26:36,945 [s0@group-2A893677AE84-cacheEviction-AwaitToRun] INFO  util.AwaitToRun (AwaitToRun.java:run(49)) - s0@group-2A893677AE84-cacheEviction-AwaitToRun-AwaitForSignal is interrupted
2023-11-20 19:26:36,945 [s2@group-2A893677AE84-cacheEviction-AwaitToRun] INFO  util.AwaitToRun (AwaitToRun.java:run(49)) - s2@group-2A893677AE84-cacheEviction-AwaitToRun-AwaitForSignal is interrupted
2023-11-20 19:26:36,947 [grpc-default-executor-2] INFO  server.GrpcServerProtocolService (GrpcServerProtocolService.java:onCompleted(157)) - s2: Completed APPEND_ENTRIES, lastRequest: null
2023-11-20 19:26:36,947 [grpc-default-executor-0] INFO  server.GrpcServerProtocolService (GrpcServerProtocolService.java:onCompleted(157)) - s0: Completed APPEND_ENTRIES, lastRequest: null
2023-11-20 19:26:36,947 [grpc-default-executor-4] INFO  server.GrpcServerProtocolService (GrpcServerProtocolService.java:onCompleted(157)) - s0: Completed APPEND_ENTRIES, lastRequest: s1->s0#9-t2,previous=(t:2, i:3),leaderCommit=3,initializing? true,entries: size=1, first=(t:2, i:4), METADATAENTRY(c:3)
2023-11-20 19:26:36,949 [grpc-default-executor-4] INFO  server.GrpcServerProtocolService (GrpcServerProtocolService.java:lambda$onCompleted$5(159)) - s0: Completed APPEND_ENTRIES, lastReply: null
2023-11-20 19:26:36,949 [s1-impl-thread1] INFO  impl.StateMachineUpdater (StateMachineUpdater.java:stopAndJoin(157)) - s1@group-2A893677AE84-StateMachineUpdater: set stopIndex = 4
2023-11-20 19:26:36,949 [s1-impl-thread1] INFO  server.RaftServer$Division (ServerState.java:close(423)) - s1@group-2A893677AE84: applyIndex: 4
2023-11-20 19:26:36,949 [grpc-default-executor-2] INFO  server.GrpcServerProtocolService (GrpcServerProtocolService.java:lambda$onCompleted$5(159)) - s2: Completed APPEND_ENTRIES, lastReply: serverReply {
  requestorId: "s1"
  replyId: "s2"
  raftGroupId {
    id: "\373\331Deb1L:\214\302*\2116w\256\204"
  }
  callId: 6
  success: true
}
term: 2
nextIndex: 1
matchIndex: 18446744073709551615
isHearbeat: true

2023-11-20 19:26:36,949 [s1@group-2A893677AE84-cacheEviction-AwaitToRun] INFO  util.AwaitToRun (AwaitToRun.java:run(49)) - s1@group-2A893677AE84-cacheEviction-AwaitToRun-AwaitForSignal is interrupted
2023-11-20 19:26:36,950 [grpc-default-executor-1] INFO  server.GrpcLogAppender (GrpcLogAppender.java:onCompleted(469)) - s1@group-2A893677AE84->s0-AppendLogResponseHandler: follower responses appendEntries COMPLETED
2023-11-20 19:26:36,947 [grpc-default-executor-5] INFO  server.GrpcServerProtocolService (GrpcServerProtocolService.java:onCompleted(157)) - s2: Completed APPEND_ENTRIES, lastRequest: s1->s2#11-t2,previous=(t:2, i:3),leaderCommit=3,initializing? true,entries: size=1, first=(t:2, i:4), METADATAENTRY(c:3)
2023-11-20 19:26:36,952 [grpc-default-executor-5] INFO  server.GrpcServerProtocolService (GrpcServerProtocolService.java:lambda$onCompleted$5(159)) - s2: Completed APPEND_ENTRIES, lastReply: null
2023-11-20 19:26:36,953 [Thread-75] INFO  server.GrpcServerProtocolClient (GrpcServerProtocolClient.java:close(103)) - s1 Close channels
2023-11-20 19:26:36,953 [Thread-71] INFO  server.GrpcServerProtocolClient (GrpcServerProtocolClient.java:close(103)) - s0 Close channels
2023-11-20 19:26:36,953 [Thread-73] INFO  server.GrpcServerProtocolClient (GrpcServerProtocolClient.java:close(103)) - s2 Close channels
2023-11-20 19:26:36,953 [Thread-74] INFO  server.GrpcServerProtocolClient (GrpcServerProtocolClient.java:close(103)) - s0 Close channels
2023-11-20 19:26:36,953 [grpc-default-executor-5] INFO  server.GrpcLogAppender (GrpcLogAppender.java:onCompleted(469)) - s1@group-2A893677AE84->s2-AppendLogResponseHandler: follower responses appendEntries COMPLETED
2023-11-20 19:26:36,958 [grpc-default-executor-5] WARN  server.GrpcLogAppender (GrpcLogAppender.java:resetClient(149)) - s1@group-2A893677AE84->s2-GrpcLogAppender: Failed to getClient for s2
org.apache.ratis.protocol.exceptions.AlreadyClosedException: s1 is already CLOSED
	at org.apache.ratis.util.PeerProxyMap$PeerAndProxy.getProxy(PeerProxyMap.java:61)
	at org.apache.ratis.util.PeerProxyMap.getProxy(PeerProxyMap.java:110)
	at org.apache.ratis.grpc.server.GrpcLogAppender.getClient(GrpcLogAppender.java:121)
	at org.apache.ratis.grpc.server.GrpcLogAppender.resetClient(GrpcLogAppender.java:126)
	at org.apache.ratis.grpc.server.GrpcLogAppender.access$800(GrpcLogAppender.java:61)
	at org.apache.ratis.grpc.server.GrpcLogAppender$AppendLogResponseHandler.onCompleted(GrpcLogAppender.java:471)
	at org.apache.ratis.thirdparty.io.grpc.stub.ClientCalls$StreamObserverToCallListenerAdapter.onClose(ClientCalls.java:479)
	at org.apache.ratis.thirdparty.io.grpc.internal.ClientCallImpl.closeObserver(ClientCallImpl.java:567)
	at org.apache.ratis.thirdparty.io.grpc.internal.ClientCallImpl.access$300(ClientCallImpl.java:71)
	at org.apache.ratis.thirdparty.io.grpc.internal.ClientCallImpl$ClientStreamListenerImpl$1StreamClosed.runInternal(ClientCallImpl.java:735)
	at org.apache.ratis.thirdparty.io.grpc.internal.ClientCallImpl$ClientStreamListenerImpl$1StreamClosed.runInContext(ClientCallImpl.java:716)
	at org.apache.ratis.thirdparty.io.grpc.internal.ContextRunnable.run(ContextRunnable.java:37)
	at org.apache.ratis.thirdparty.io.grpc.internal.SerializingExecutor.run(SerializingExecutor.java:133)
	at java.base/java.util.concurrent.ThreadPoolExecutor.runWorker(ThreadPoolExecutor.java:1128)
	at java.base/java.util.concurrent.ThreadPoolExecutor$Worker.run(ThreadPoolExecutor.java:628)
	at java.base/java.lang.Thread.run(Thread.java:829)
2023-11-20 19:26:36,959 [grpc-default-executor-0] INFO  server.GrpcServerProtocolService (GrpcServerProtocolService.java:lambda$onCompleted$5(159)) - s0: Completed APPEND_ENTRIES, lastReply: serverReply {
  requestorId: "s1"
  replyId: "s0"
  raftGroupId {
    id: "\373\331Deb1L:\214\302*\2116w\256\204"
  }
  callId: 5
  success: true
}
term: 2
nextIndex: 1
matchIndex: 18446744073709551615
isHearbeat: true

2023-11-20 19:26:36,959 [grpc-default-executor-3] INFO  server.GrpcLogAppender (GrpcLogAppender.java:onCompleted(469)) - s1@group-2A893677AE84->s2-AppendLogResponseHandler: follower responses appendEntries COMPLETED
2023-11-20 19:26:36,959 [grpc-default-executor-3] WARN  server.GrpcLogAppender (GrpcLogAppender.java:resetClient(149)) - s1@group-2A893677AE84->s2-GrpcLogAppender: Failed to getClient for s2
org.apache.ratis.protocol.exceptions.AlreadyClosedException: s1 is already CLOSED
	at org.apache.ratis.util.PeerProxyMap$PeerAndProxy.getProxy(PeerProxyMap.java:61)
	at org.apache.ratis.util.PeerProxyMap.getProxy(PeerProxyMap.java:110)
	at org.apache.ratis.grpc.server.GrpcLogAppender.getClient(GrpcLogAppender.java:121)
	at org.apache.ratis.grpc.server.GrpcLogAppender.resetClient(GrpcLogAppender.java:126)
	at org.apache.ratis.grpc.server.GrpcLogAppender.access$800(GrpcLogAppender.java:61)
	at org.apache.ratis.grpc.server.GrpcLogAppender$AppendLogResponseHandler.onCompleted(GrpcLogAppender.java:471)
	at org.apache.ratis.thirdparty.io.grpc.stub.ClientCalls$StreamObserverToCallListenerAdapter.onClose(ClientCalls.java:479)
	at org.apache.ratis.thirdparty.io.grpc.internal.DelayedClientCall$DelayedListener$3.run(DelayedClientCall.java:489)
	at org.apache.ratis.thirdparty.io.grpc.internal.DelayedClientCall$DelayedListener.delayOrExecute(DelayedClientCall.java:453)
	at org.apache.ratis.thirdparty.io.grpc.internal.DelayedClientCall$DelayedListener.onClose(DelayedClientCall.java:486)
	at org.apache.ratis.thirdparty.io.grpc.internal.ClientCallImpl.closeObserver(ClientCallImpl.java:567)
	at org.apache.ratis.thirdparty.io.grpc.internal.ClientCallImpl.access$300(ClientCallImpl.java:71)
	at org.apache.ratis.thirdparty.io.grpc.internal.ClientCallImpl$ClientStreamListenerImpl$1StreamClosed.runInternal(ClientCallImpl.java:735)
	at org.apache.ratis.thirdparty.io.grpc.internal.ClientCallImpl$ClientStreamListenerImpl$1StreamClosed.runInContext(ClientCallImpl.java:716)
	at org.apache.ratis.thirdparty.io.grpc.internal.ContextRunnable.run(ContextRunnable.java:37)
	at org.apache.ratis.thirdparty.io.grpc.internal.SerializingExecutor.run(SerializingExecutor.java:133)
	at java.base/java.util.concurrent.ThreadPoolExecutor.runWorker(ThreadPoolExecutor.java:1128)
	at java.base/java.util.concurrent.ThreadPoolExecutor$Worker.run(ThreadPoolExecutor.java:628)
	at java.base/java.lang.Thread.run(Thread.java:829)
2023-11-20 19:26:36,959 [Thread-79] INFO  server.GrpcServerProtocolClient (GrpcServerProtocolClient.java:close(103)) - s2 Close channels
2023-11-20 19:26:36,961 [Thread-78] INFO  server.GrpcServerProtocolClient (GrpcServerProtocolClient.java:close(103)) - s1 Close channels
2023-11-20 19:26:36,961 [MiniRaftCluster-3] INFO  server.GrpcService (GrpcService.java:closeImpl(320)) - s2: shutdown server org.apache.ratis.grpc.server.GrpcClientProtocolService successfully
2023-11-20 19:26:36,961 [MiniRaftCluster-3] INFO  server.GrpcService (GrpcService.java:closeImpl(311)) - s2: shutdown server GrpcServerProtocolService now
2023-11-20 19:26:36,962 [grpc-default-executor-3] INFO  server.GrpcLogAppender (GrpcLogAppender.java:onCompleted(469)) - s1@group-2A893677AE84->s0-AppendLogResponseHandler: follower responses appendEntries COMPLETED
2023-11-20 19:26:36,962 [grpc-default-executor-3] WARN  server.GrpcLogAppender (GrpcLogAppender.java:resetClient(149)) - s1@group-2A893677AE84->s0-GrpcLogAppender: Failed to getClient for s0
org.apache.ratis.protocol.exceptions.AlreadyClosedException: s1 is already CLOSED
	at org.apache.ratis.util.PeerProxyMap$PeerAndProxy.getProxy(PeerProxyMap.java:61)
	at org.apache.ratis.util.PeerProxyMap.getProxy(PeerProxyMap.java:110)
	at org.apache.ratis.grpc.server.GrpcLogAppender.getClient(GrpcLogAppender.java:121)
	at org.apache.ratis.grpc.server.GrpcLogAppender.resetClient(GrpcLogAppender.java:126)
	at org.apache.ratis.grpc.server.GrpcLogAppender.access$800(GrpcLogAppender.java:61)
	at org.apache.ratis.grpc.server.GrpcLogAppender$AppendLogResponseHandler.onCompleted(GrpcLogAppender.java:471)
	at org.apache.ratis.thirdparty.io.grpc.stub.ClientCalls$StreamObserverToCallListenerAdapter.onClose(ClientCalls.java:479)
	at org.apache.ratis.thirdparty.io.grpc.internal.DelayedClientCall$DelayedListener$3.run(DelayedClientCall.java:489)
	at org.apache.ratis.thirdparty.io.grpc.internal.DelayedClientCall$DelayedListener.delayOrExecute(DelayedClientCall.java:453)
	at org.apache.ratis.thirdparty.io.grpc.internal.DelayedClientCall$DelayedListener.onClose(DelayedClientCall.java:486)
	at org.apache.ratis.thirdparty.io.grpc.internal.ClientCallImpl.closeObserver(ClientCallImpl.java:567)
	at org.apache.ratis.thirdparty.io.grpc.internal.ClientCallImpl.access$300(ClientCallImpl.java:71)
	at org.apache.ratis.thirdparty.io.grpc.internal.ClientCallImpl$ClientStreamListenerImpl$1StreamClosed.runInternal(ClientCallImpl.java:735)
	at org.apache.ratis.thirdparty.io.grpc.internal.ClientCallImpl$ClientStreamListenerImpl$1StreamClosed.runInContext(ClientCallImpl.java:716)
	at org.apache.ratis.thirdparty.io.grpc.internal.ContextRunnable.run(ContextRunnable.java:37)
	at org.apache.ratis.thirdparty.io.grpc.internal.SerializingExecutor.run(SerializingExecutor.java:133)
	at java.base/java.util.concurrent.ThreadPoolExecutor.runWorker(ThreadPoolExecutor.java:1128)
	at java.base/java.util.concurrent.ThreadPoolExecutor$Worker.run(ThreadPoolExecutor.java:628)
	at java.base/java.lang.Thread.run(Thread.java:829)
2023-11-20 19:26:36,965 [MiniRaftCluster-2] INFO  server.GrpcService (GrpcService.java:closeImpl(320)) - s1: shutdown server org.apache.ratis.grpc.server.GrpcClientProtocolService successfully
2023-11-20 19:26:36,965 [MiniRaftCluster-2] INFO  server.GrpcService (GrpcService.java:closeImpl(311)) - s1: shutdown server GrpcServerProtocolService now
2023-11-20 19:26:36,965 [MiniRaftCluster-1] INFO  server.GrpcService (GrpcService.java:closeImpl(320)) - s0: shutdown server org.apache.ratis.grpc.server.GrpcClientProtocolService successfully
2023-11-20 19:26:36,965 [MiniRaftCluster-1] INFO  server.GrpcService (GrpcService.java:closeImpl(311)) - s0: shutdown server GrpcServerProtocolService now
2023-11-20 19:26:36,966 [MiniRaftCluster-3] INFO  server.GrpcService (GrpcService.java:closeImpl(320)) - s2: shutdown server GrpcServerProtocolService successfully
2023-11-20 19:26:36,966 [MiniRaftCluster-3] INFO  server.GrpcService (GrpcService.java:closeImpl(311)) - s2: shutdown server org.apache.ratis.grpc.server.GrpcAdminProtocolService now
2023-11-20 19:26:36,968 [MiniRaftCluster-1] INFO  server.GrpcService (GrpcService.java:closeImpl(320)) - s0: shutdown server GrpcServerProtocolService successfully
2023-11-20 19:26:36,968 [MiniRaftCluster-3] INFO  server.GrpcService (GrpcService.java:closeImpl(320)) - s2: shutdown server org.apache.ratis.grpc.server.GrpcAdminProtocolService successfully
2023-11-20 19:26:36,968 [MiniRaftCluster-1] INFO  server.GrpcService (GrpcService.java:closeImpl(311)) - s0: shutdown server org.apache.ratis.grpc.server.GrpcAdminProtocolService now
2023-11-20 19:26:36,973 [MiniRaftCluster-2] INFO  server.GrpcService (GrpcService.java:closeImpl(320)) - s1: shutdown server GrpcServerProtocolService successfully
2023-11-20 19:26:36,973 [MiniRaftCluster-2] INFO  server.GrpcService (GrpcService.java:closeImpl(311)) - s1: shutdown server org.apache.ratis.grpc.server.GrpcAdminProtocolService now
2023-11-20 19:26:36,973 [MiniRaftCluster-1] INFO  server.GrpcService (GrpcService.java:closeImpl(320)) - s0: shutdown server org.apache.ratis.grpc.server.GrpcAdminProtocolService successfully
2023-11-20 19:26:36,974 [MiniRaftCluster-2] INFO  server.GrpcService (GrpcService.java:closeImpl(320)) - s1: shutdown server org.apache.ratis.grpc.server.GrpcAdminProtocolService successfully
2023-11-20 19:26:37,936 [s1-impl-thread1] INFO  segmented.SegmentedRaftLogWorker (SegmentedRaftLogWorker.java:close(245)) - s1@group-2A893677AE84-SegmentedRaftLogWorker close()
2023-11-20 19:26:37,937 [JvmPauseMonitor1] INFO  util.JvmPauseMonitor (JvmPauseMonitor.java:run(152)) - JvmPauseMonitor-s1: Stopped
2023-11-20 19:26:37,938 [s2-impl-thread1] INFO  segmented.SegmentedRaftLogWorker (SegmentedRaftLogWorker.java:close(245)) - s2@group-2A893677AE84-SegmentedRaftLogWorker close()
2023-11-20 19:26:37,939 [s0-impl-thread1] INFO  segmented.SegmentedRaftLogWorker (SegmentedRaftLogWorker.java:close(245)) - s0@group-2A893677AE84-SegmentedRaftLogWorker close()
2023-11-20 19:26:37,939 [JvmPauseMonitor2] INFO  util.JvmPauseMonitor (JvmPauseMonitor.java:run(152)) - JvmPauseMonitor-s2: Stopped
2023-11-20 19:26:37,940 [JvmPauseMonitor0] INFO  util.JvmPauseMonitor (JvmPauseMonitor.java:run(152)) - JvmPauseMonitor-s0: Stopped
2023-11-20 19:26:37,941 [Time-limited test] INFO  impl.MiniRaftCluster (MiniRaftCluster.java:shutdown(855)) - MiniRaftClusterWithGrpc shutdown completed
]]></system-out>
  </testcase>
  <testcase name="testInvalidateRepliedCalls" classname="org.apache.ratis.grpc.TestRetryCacheWithGrpc" time="1.731">
    <failure message="expected null, but was:&lt;5@client-E9C94F68C118:done&gt;" type="java.lang.AssertionError"><![CDATA[java.lang.AssertionError: expected null, but was:<5@client-E9C94F68C118:done>
	at org.junit.Assert.fail(Assert.java:89)
	at org.junit.Assert.failNotNull(Assert.java:756)
	at org.junit.Assert.assertNull(Assert.java:738)
	at org.junit.Assert.assertNull(Assert.java:748)
	at org.apache.ratis.grpc.TestRetryCacheWithGrpc$InvalidateRepliedCallsTest.assertRetryCacheEntry(TestRetryCacheWithGrpc.java:88)
	at org.apache.ratis.grpc.TestRetryCacheWithGrpc$InvalidateRepliedCallsTest.run(TestRetryCacheWithGrpc.java:132)
	at org.apache.ratis.grpc.TestRetryCacheWithGrpc.lambda$testInvalidateRepliedCalls$0(TestRetryCacheWithGrpc.java:61)
	at org.apache.ratis.server.impl.MiniRaftCluster$Factory$Get.runWithNewCluster(MiniRaftCluster.java:141)
	at org.apache.ratis.server.impl.MiniRaftCluster$Factory$Get.runWithNewCluster(MiniRaftCluster.java:121)
	at org.apache.ratis.grpc.TestRetryCacheWithGrpc.testInvalidateRepliedCalls(TestRetryCacheWithGrpc.java:61)
	at java.base/jdk.internal.reflect.NativeMethodAccessorImpl.invoke0(Native Method)
	at java.base/jdk.internal.reflect.NativeMethodAccessorImpl.invoke(NativeMethodAccessorImpl.java:62)
	at java.base/jdk.internal.reflect.DelegatingMethodAccessorImpl.invoke(DelegatingMethodAccessorImpl.java:43)
	at java.base/java.lang.reflect.Method.invoke(Method.java:566)
	at org.junit.runners.model.FrameworkMethod$1.runReflectiveCall(FrameworkMethod.java:59)
	at org.junit.internal.runners.model.ReflectiveCallable.run(ReflectiveCallable.java:12)
	at org.junit.runners.model.FrameworkMethod.invokeExplosively(FrameworkMethod.java:56)
	at org.junit.internal.runners.statements.InvokeMethod.evaluate(InvokeMethod.java:17)
	at org.junit.internal.runners.statements.RunAfters.evaluate(RunAfters.java:27)
	at org.junit.internal.runners.statements.FailOnTimeout$CallableStatement.call(FailOnTimeout.java:299)
	at org.junit.internal.runners.statements.FailOnTimeout$CallableStatement.call(FailOnTimeout.java:293)
	at java.base/java.util.concurrent.FutureTask.run(FutureTask.java:264)
	at java.base/java.lang.Thread.run(Thread.java:829)
]]></failure>
    <system-out><![CDATA[2023-11-20 19:26:37,942 [main] INFO  util.LogUtils (Slf4jUtils.java:setLogLevel(38)) - Successfully set org.apache.ratis.conf.ConfUtils log level to WARN
2023-11-20 19:26:37,942 [main] INFO  util.LogUtils (Slf4jUtils.java:setLogLevel(38)) - Successfully set org.apache.ratis.util.FileUtils log level to TRACE
2023-11-20 19:26:37,942 [main] INFO  util.LogUtils (Slf4jUtils.java:setLogLevel(38)) - Successfully set org.apache.ratis.server.RetryCache log level to TRACE
2023-11-20 19:26:37,943 [Time-limited test] INFO  impl.MiniRaftCluster (MiniRaftCluster.java:runWithNewCluster(135)) - Running runWithNewCluster
2023-11-20 19:26:37,944 [Time-limited test] INFO  impl.MiniRaftCluster (MiniRaftCluster.java:<init>(306)) - new MiniRaftClusterWithGrpc with group-F61A228DBE4A:[s0|localhost:36391, s1|localhost:43315, s2|localhost:39341]
2023-11-20 19:26:37,944 [Time-limited test] INFO  impl.MiniRaftCluster (MiniRaftCluster.java:start(339)) - .............................................................. 
2023-11-20 19:26:37,944 [Time-limited test] INFO  impl.MiniRaftCluster (MiniRaftCluster.java:start(340)) - ... 
2023-11-20 19:26:37,944 [Time-limited test] INFO  impl.MiniRaftCluster (MiniRaftCluster.java:start(341)) - ...     Starting MiniRaftClusterWithGrpc
2023-11-20 19:26:37,944 [Time-limited test] INFO  impl.MiniRaftCluster (MiniRaftCluster.java:start(342)) - ... 
2023-11-20 19:26:37,944 [Time-limited test] INFO  impl.MiniRaftCluster (MiniRaftCluster.java:start(343)) - .............................................................. 
2023-11-20 19:26:37,944 [Time-limited test] INFO  impl.MiniRaftCluster (MiniRaftCluster.java:initServers(318)) - servers = {}
2023-11-20 19:26:37,944 [Time-limited test] INFO  impl.MiniRaftCluster (MiniRaftCluster.java:newRaftServer(382)) - newRaftServer: s0, group-F61A228DBE4A:[s0|localhost:36391, s1|localhost:43315, s2|localhost:39341], format? true
2023-11-20 19:26:37,944 [Time-limited test] TRACE util.FileUtils (FileUtils.java:deleteFully(305)) - deleteFully target/test/data/42d3a8b8/MiniRaftClusterWithGrpc9670f7f/s0
2023-11-20 19:26:37,944 [Time-limited test] TRACE util.FileUtils (FileUtils.java:deleteFully(318)) - deleteFully: target/test/data/42d3a8b8/MiniRaftClusterWithGrpc9670f7f/s0 does not exist.
2023-11-20 19:26:37,944 [Time-limited test] INFO  impl.MiniRaftCluster (MiniRaftCluster.java:newRaftServer(387)) - Formatted directory target/test/data/42d3a8b8/MiniRaftClusterWithGrpc9670f7f/s0
2023-11-20 19:26:37,945 [Time-limited test] INFO  server.RaftServer (ConfUtils.java:logGet(46)) - raft.rpc.type = GRPC (default)
2023-11-20 19:26:37,945 [Time-limited test] INFO  grpc.GrpcConfigKeys (ConfUtils.java:logFallback(53)) - raft.grpc.admin.host = null (fallback to raft.grpc.server.host)
2023-11-20 19:26:37,945 [Time-limited test] INFO  grpc.GrpcConfigKeys (ConfUtils.java:logGet(46)) - raft.grpc.admin.port = 34625 (custom)
2023-11-20 19:26:37,945 [Time-limited test] INFO  grpc.GrpcConfigKeys (ConfUtils.java:logFallback(53)) - raft.grpc.client.host = null (fallback to raft.grpc.server.host)
2023-11-20 19:26:37,945 [Time-limited test] INFO  grpc.GrpcConfigKeys (ConfUtils.java:logGet(46)) - raft.grpc.client.port = 37411 (custom)
2023-11-20 19:26:37,945 [Time-limited test] INFO  grpc.GrpcConfigKeys (ConfUtils.java:logGet(46)) - raft.grpc.server.host = null (default)
2023-11-20 19:26:37,945 [Time-limited test] INFO  grpc.GrpcConfigKeys (ConfUtils.java:logGet(46)) - raft.grpc.server.port = 36391 (custom)
2023-11-20 19:26:37,945 [Time-limited test] INFO  server.GrpcService (ConfUtils.java:logGet(46)) - raft.grpc.message.size.max = 64MB (=67108864) (default)
2023-11-20 19:26:37,945 [Time-limited test] INFO  server.RaftServerConfigKeys (ConfUtils.java:logGet(46)) - raft.server.log.appender.buffer.byte-limit = 4MB (=4194304) (default)
2023-11-20 19:26:37,945 [Time-limited test] INFO  server.GrpcService (ConfUtils.java:logGet(46)) - raft.grpc.flow.control.window = 1MB (=1048576) (default)
2023-11-20 19:26:37,945 [Time-limited test] INFO  server.RaftServerConfigKeys (ConfUtils.java:logGet(46)) - raft.server.rpc.request.timeout = 3000ms (default)
2023-11-20 19:26:37,945 [Time-limited test] INFO  grpc.GrpcConfigKeys (ConfUtils.java:logGet(46)) - raft.grpc.server.heartbeat.channel = true (default)
2023-11-20 19:26:37,945 [Time-limited test] INFO  grpc.GrpcConfigKeys (ConfUtils.java:logGet(46)) - raft.grpc.server.async.request.thread.pool.cached = true (default)
2023-11-20 19:26:37,946 [Time-limited test] INFO  grpc.GrpcConfigKeys (ConfUtils.java:logGet(46)) - raft.grpc.server.async.request.thread.pool.size = 32 (default)
2023-11-20 19:26:37,947 [Time-limited test] INFO  impl.DataStreamServerImpl (ConfUtils.java:logGet(46)) - raft.datastream.type = DISABLED (default)
2023-11-20 19:26:37,947 [Time-limited test] INFO  server.RaftServerConfigKeys (ConfUtils.java:logGet(46)) - raft.server.sleep.deviation.threshold = 300ms (default)
2023-11-20 19:26:37,947 [Time-limited test] INFO  server.RaftServerConfigKeys (ConfUtils.java:logGet(46)) - raft.server.close.threshold = 60s (default)
2023-11-20 19:26:37,947 [Time-limited test] INFO  server.RaftServerConfigKeys (ConfUtils.java:logGet(46)) - raft.server.leaderelection.leader.step-down.wait-time = 10s (default)
2023-11-20 19:26:37,947 [Time-limited test] INFO  server.RaftServerConfigKeys (ConfUtils.java:logGet(46)) - raft.server.storage.dir = [/home/runner/work/ratis/ratis/ratis-test/target/test/data/42d3a8b8/MiniRaftClusterWithGrpc9670f7f/s0] (custom)
2023-11-20 19:26:37,947 [Time-limited test] INFO  server.RaftServerConfigKeys (ConfUtils.java:logGet(46)) - raft.server.threadpool.proxy.cached = true (default)
2023-11-20 19:26:37,947 [Time-limited test] INFO  server.RaftServerConfigKeys (ConfUtils.java:logGet(46)) - raft.server.threadpool.proxy.size = 0 (default)
2023-11-20 19:26:37,948 [Time-limited test] INFO  server.RaftServer (RaftServerProxy.java:addNew(100)) - s0: addNew group-F61A228DBE4A:[s0|localhost:36391, s1|localhost:43315, s2|localhost:39341] returns group-F61A228DBE4A:java.util.concurrent.CompletableFuture@36cca945[Not completed]
2023-11-20 19:26:37,948 [Time-limited test] INFO  impl.MiniRaftCluster (MiniRaftCluster.java:newRaftServer(382)) - newRaftServer: s1, group-F61A228DBE4A:[s0|localhost:36391, s1|localhost:43315, s2|localhost:39341], format? true
2023-11-20 19:26:37,948 [Time-limited test] TRACE util.FileUtils (FileUtils.java:deleteFully(305)) - deleteFully target/test/data/42d3a8b8/MiniRaftClusterWithGrpc9670f7f/s1
2023-11-20 19:26:37,948 [s0-groupManagement] INFO  server.RaftServerConfigKeys (ConfUtils.java:logGet(46)) - raft.server.log.segment.size.max = 32MB (=33554432) (default)
2023-11-20 19:26:37,948 [Time-limited test] TRACE util.FileUtils (FileUtils.java:deleteFully(318)) - deleteFully: target/test/data/42d3a8b8/MiniRaftClusterWithGrpc9670f7f/s1 does not exist.
2023-11-20 19:26:37,948 [s0-groupManagement] INFO  server.RaftServerConfigKeys (ConfUtils.java:logGet(46)) - raft.server.log.preallocated.size = 4MB (=4194304) (default)
2023-11-20 19:26:37,948 [Time-limited test] INFO  impl.MiniRaftCluster (MiniRaftCluster.java:newRaftServer(387)) - Formatted directory target/test/data/42d3a8b8/MiniRaftClusterWithGrpc9670f7f/s1
2023-11-20 19:26:37,948 [s0-groupManagement] INFO  server.RaftServerConfigKeys (ConfUtils.java:logGet(46)) - raft.server.log.write.buffer.size = 8MB (=8388608) (default)
2023-11-20 19:26:37,948 [s0-groupManagement] INFO  server.RaftServer$Division (RaftServerImpl.java:<init>(256)) - s0: new RaftServerImpl for group-F61A228DBE4A:[s0|localhost:36391, s1|localhost:43315, s2|localhost:39341] with SimpleStateMachine4Testing:uninitialized
2023-11-20 19:26:37,948 [s0-groupManagement] INFO  server.RaftServerConfigKeys (ConfUtils.java:logGet(46)) - raft.server.rpc.timeout.min = 150ms (default)
2023-11-20 19:26:37,948 [Time-limited test] INFO  server.RaftServer (ConfUtils.java:logGet(46)) - raft.rpc.type = GRPC (default)
2023-11-20 19:26:37,948 [s0-groupManagement] INFO  server.RaftServerConfigKeys (ConfUtils.java:logGet(46)) - raft.server.rpc.timeout.max = 300ms (default)
2023-11-20 19:26:37,948 [Time-limited test] INFO  grpc.GrpcConfigKeys (ConfUtils.java:logFallback(53)) - raft.grpc.admin.host = null (fallback to raft.grpc.server.host)
2023-11-20 19:26:37,948 [s0-groupManagement] INFO  server.RaftServerConfigKeys (ConfUtils.java:logGet(46)) - raft.server.rpc.sleep.time = 25ms (default)
2023-11-20 19:26:37,949 [Time-limited test] INFO  grpc.GrpcConfigKeys (ConfUtils.java:logGet(46)) - raft.grpc.admin.port = 34421 (custom)
2023-11-20 19:26:37,949 [s0-groupManagement] INFO  server.RaftServerConfigKeys (ConfUtils.java:logGet(46)) - raft.server.rpc.slowness.timeout = 60s (default)
2023-11-20 19:26:37,949 [Time-limited test] INFO  grpc.GrpcConfigKeys (ConfUtils.java:logFallback(53)) - raft.grpc.client.host = null (fallback to raft.grpc.server.host)
2023-11-20 19:26:37,949 [s0-groupManagement] INFO  server.RaftServerConfigKeys (ConfUtils.java:logGet(46)) - raft.server.leaderelection.leader.step-down.wait-time = 10s (default)
2023-11-20 19:26:37,949 [Time-limited test] INFO  grpc.GrpcConfigKeys (ConfUtils.java:logGet(46)) - raft.grpc.client.port = 46099 (custom)
2023-11-20 19:26:37,949 [s0-groupManagement] INFO  server.RaftServerConfigKeys (ConfUtils.java:logGet(46)) - raft.server.leaderelection.member.majority-add = false (default)
2023-11-20 19:26:37,949 [Time-limited test] INFO  grpc.GrpcConfigKeys (ConfUtils.java:logGet(46)) - raft.grpc.server.host = null (default)
2023-11-20 19:26:37,949 [s0-groupManagement] INFO  server.RaftServerConfigKeys (ConfUtils.java:logGet(46)) - raft.server.sleep.deviation.threshold = 300ms (default)
2023-11-20 19:26:37,949 [Time-limited test] INFO  grpc.GrpcConfigKeys (ConfUtils.java:logGet(46)) - raft.grpc.server.port = 43315 (custom)
2023-11-20 19:26:37,949 [s0-groupManagement] INFO  server.RaftServer$Division (ServerState.java:<init>(113)) - s0@group-F61A228DBE4A: ConfigurationManager, init=-1: peers:[s0|localhost:36391, s1|localhost:43315, s2|localhost:39341]|listeners:[], old=null, confs=<EMPTY_MAP>
2023-11-20 19:26:37,949 [Time-limited test] INFO  server.GrpcService (ConfUtils.java:logGet(46)) - raft.grpc.message.size.max = 64MB (=67108864) (default)
2023-11-20 19:26:37,949 [s0-groupManagement] INFO  server.RaftServerConfigKeys (ConfUtils.java:logGet(46)) - raft.server.notification.no-leader.timeout = 60s (default)
2023-11-20 19:26:37,949 [Time-limited test] INFO  server.RaftServerConfigKeys (ConfUtils.java:logGet(46)) - raft.server.log.appender.buffer.byte-limit = 4MB (=4194304) (default)
2023-11-20 19:26:37,949 [s0-groupManagement] INFO  server.RaftServerConfigKeys (ConfUtils.java:logGet(46)) - raft.server.read.timeout = 10s (default)
2023-11-20 19:26:37,949 [Time-limited test] INFO  server.GrpcService (ConfUtils.java:logGet(46)) - raft.grpc.flow.control.window = 1MB (=1048576) (default)
2023-11-20 19:26:37,949 [s0-groupManagement] INFO  server.RaftServerConfigKeys (ConfUtils.java:logGet(46)) - raft.server.retrycache.expirytime = 60s (default)
2023-11-20 19:26:37,949 [Time-limited test] INFO  server.RaftServerConfigKeys (ConfUtils.java:logGet(46)) - raft.server.rpc.request.timeout = 3000ms (default)
2023-11-20 19:26:37,949 [s0-groupManagement] INFO  server.RaftServerConfigKeys (ConfUtils.java:logGet(46)) - raft.server.retrycache.statistics.expirytime = 100ms (default)
2023-11-20 19:26:37,949 [Time-limited test] INFO  grpc.GrpcConfigKeys (ConfUtils.java:logGet(46)) - raft.grpc.server.heartbeat.channel = true (default)
2023-11-20 19:26:37,950 [Time-limited test] INFO  grpc.GrpcConfigKeys (ConfUtils.java:logGet(46)) - raft.grpc.server.async.request.thread.pool.cached = true (default)
2023-11-20 19:26:37,950 [s0-groupManagement] INFO  server.RaftServerConfigKeys (ConfUtils.java:logGet(46)) - raft.server.read.option = DEFAULT (default)
2023-11-20 19:26:37,950 [Time-limited test] INFO  grpc.GrpcConfigKeys (ConfUtils.java:logGet(46)) - raft.grpc.server.async.request.thread.pool.size = 32 (default)
2023-11-20 19:26:37,950 [s0-groupManagement] INFO  server.RaftServerConfigKeys (ConfUtils.java:logGet(46)) - raft.server.read.read-after-write-consistent.write-index-cache.expiry-time = 60s (default)
2023-11-20 19:26:37,952 [s0-groupManagement] INFO  server.RaftServerConfigKeys (ConfUtils.java:logGet(46)) - raft.server.rpc.request.timeout = 3000ms (default)
2023-11-20 19:26:37,952 [s0-groupManagement] INFO  server.RaftServerConfigKeys (ConfUtils.java:logGet(46)) - raft.server.log.appender.install.snapshot.enabled = true (default)
2023-11-20 19:26:37,952 [s0-groupManagement] INFO  server.RaftServerConfigKeys (ConfUtils.java:logGet(46)) - raft.server.threadpool.server.cached = true (default)
2023-11-20 19:26:37,952 [s0-groupManagement] INFO  server.RaftServerConfigKeys (ConfUtils.java:logGet(46)) - raft.server.threadpool.server.size = 0 (default)
2023-11-20 19:26:37,952 [s0-groupManagement] INFO  server.RaftServerConfigKeys (ConfUtils.java:logGet(46)) - raft.server.threadpool.client.cached = true (default)
2023-11-20 19:26:37,952 [s0-groupManagement] INFO  server.RaftServerConfigKeys (ConfUtils.java:logGet(46)) - raft.server.threadpool.client.size = 0 (default)
2023-11-20 19:26:37,955 [Time-limited test] INFO  impl.DataStreamServerImpl (ConfUtils.java:logGet(46)) - raft.datastream.type = DISABLED (default)
2023-11-20 19:26:37,955 [Time-limited test] INFO  server.RaftServerConfigKeys (ConfUtils.java:logGet(46)) - raft.server.sleep.deviation.threshold = 300ms (default)
2023-11-20 19:26:37,955 [Time-limited test] INFO  server.RaftServerConfigKeys (ConfUtils.java:logGet(46)) - raft.server.close.threshold = 60s (default)
2023-11-20 19:26:37,956 [Time-limited test] INFO  server.RaftServerConfigKeys (ConfUtils.java:logGet(46)) - raft.server.leaderelection.leader.step-down.wait-time = 10s (default)
2023-11-20 19:26:37,956 [Time-limited test] INFO  server.RaftServerConfigKeys (ConfUtils.java:logGet(46)) - raft.server.storage.dir = [/home/runner/work/ratis/ratis/ratis-test/target/test/data/42d3a8b8/MiniRaftClusterWithGrpc9670f7f/s1] (custom)
2023-11-20 19:26:37,956 [Time-limited test] INFO  server.RaftServerConfigKeys (ConfUtils.java:logGet(46)) - raft.server.threadpool.proxy.cached = true (default)
2023-11-20 19:26:37,956 [Time-limited test] INFO  server.RaftServerConfigKeys (ConfUtils.java:logGet(46)) - raft.server.threadpool.proxy.size = 0 (default)
2023-11-20 19:26:37,957 [Time-limited test] INFO  server.RaftServer (RaftServerProxy.java:addNew(100)) - s1: addNew group-F61A228DBE4A:[s0|localhost:36391, s1|localhost:43315, s2|localhost:39341] returns group-F61A228DBE4A:java.util.concurrent.CompletableFuture@5364168[Not completed]
2023-11-20 19:26:37,957 [Time-limited test] INFO  impl.MiniRaftCluster (MiniRaftCluster.java:newRaftServer(382)) - newRaftServer: s2, group-F61A228DBE4A:[s0|localhost:36391, s1|localhost:43315, s2|localhost:39341], format? true
2023-11-20 19:26:37,957 [Time-limited test] TRACE util.FileUtils (FileUtils.java:deleteFully(305)) - deleteFully target/test/data/42d3a8b8/MiniRaftClusterWithGrpc9670f7f/s2
2023-11-20 19:26:37,957 [Time-limited test] TRACE util.FileUtils (FileUtils.java:deleteFully(318)) - deleteFully: target/test/data/42d3a8b8/MiniRaftClusterWithGrpc9670f7f/s2 does not exist.
2023-11-20 19:26:37,957 [Time-limited test] INFO  impl.MiniRaftCluster (MiniRaftCluster.java:newRaftServer(387)) - Formatted directory target/test/data/42d3a8b8/MiniRaftClusterWithGrpc9670f7f/s2
2023-11-20 19:26:37,957 [Time-limited test] INFO  server.RaftServer (ConfUtils.java:logGet(46)) - raft.rpc.type = GRPC (default)
2023-11-20 19:26:37,957 [Time-limited test] INFO  grpc.GrpcConfigKeys (ConfUtils.java:logFallback(53)) - raft.grpc.admin.host = null (fallback to raft.grpc.server.host)
2023-11-20 19:26:37,958 [Time-limited test] INFO  grpc.GrpcConfigKeys (ConfUtils.java:logGet(46)) - raft.grpc.admin.port = 45525 (custom)
2023-11-20 19:26:37,958 [Time-limited test] INFO  grpc.GrpcConfigKeys (ConfUtils.java:logFallback(53)) - raft.grpc.client.host = null (fallback to raft.grpc.server.host)
2023-11-20 19:26:37,958 [Time-limited test] INFO  grpc.GrpcConfigKeys (ConfUtils.java:logGet(46)) - raft.grpc.client.port = 43097 (custom)
2023-11-20 19:26:37,958 [Time-limited test] INFO  grpc.GrpcConfigKeys (ConfUtils.java:logGet(46)) - raft.grpc.server.host = null (default)
2023-11-20 19:26:37,958 [Time-limited test] INFO  grpc.GrpcConfigKeys (ConfUtils.java:logGet(46)) - raft.grpc.server.port = 39341 (custom)
2023-11-20 19:26:37,958 [Time-limited test] INFO  server.GrpcService (ConfUtils.java:logGet(46)) - raft.grpc.message.size.max = 64MB (=67108864) (default)
2023-11-20 19:26:37,958 [Time-limited test] INFO  server.RaftServerConfigKeys (ConfUtils.java:logGet(46)) - raft.server.log.appender.buffer.byte-limit = 4MB (=4194304) (default)
2023-11-20 19:26:37,958 [Time-limited test] INFO  server.GrpcService (ConfUtils.java:logGet(46)) - raft.grpc.flow.control.window = 1MB (=1048576) (default)
2023-11-20 19:26:37,958 [Time-limited test] INFO  server.RaftServerConfigKeys (ConfUtils.java:logGet(46)) - raft.server.rpc.request.timeout = 3000ms (default)
2023-11-20 19:26:37,958 [Time-limited test] INFO  grpc.GrpcConfigKeys (ConfUtils.java:logGet(46)) - raft.grpc.server.heartbeat.channel = true (default)
2023-11-20 19:26:37,959 [Time-limited test] INFO  grpc.GrpcConfigKeys (ConfUtils.java:logGet(46)) - raft.grpc.server.async.request.thread.pool.cached = true (default)
2023-11-20 19:26:37,959 [Time-limited test] INFO  grpc.GrpcConfigKeys (ConfUtils.java:logGet(46)) - raft.grpc.server.async.request.thread.pool.size = 32 (default)
2023-11-20 19:26:37,960 [Time-limited test] INFO  impl.DataStreamServerImpl (ConfUtils.java:logGet(46)) - raft.datastream.type = DISABLED (default)
2023-11-20 19:26:37,960 [Time-limited test] INFO  server.RaftServerConfigKeys (ConfUtils.java:logGet(46)) - raft.server.sleep.deviation.threshold = 300ms (default)
2023-11-20 19:26:37,960 [Time-limited test] INFO  server.RaftServerConfigKeys (ConfUtils.java:logGet(46)) - raft.server.close.threshold = 60s (default)
2023-11-20 19:26:37,960 [Time-limited test] INFO  server.RaftServerConfigKeys (ConfUtils.java:logGet(46)) - raft.server.leaderelection.leader.step-down.wait-time = 10s (default)
2023-11-20 19:26:37,960 [Time-limited test] INFO  server.RaftServerConfigKeys (ConfUtils.java:logGet(46)) - raft.server.storage.dir = [/home/runner/work/ratis/ratis/ratis-test/target/test/data/42d3a8b8/MiniRaftClusterWithGrpc9670f7f/s2] (custom)
2023-11-20 19:26:37,961 [Time-limited test] INFO  server.RaftServerConfigKeys (ConfUtils.java:logGet(46)) - raft.server.threadpool.proxy.cached = true (default)
2023-11-20 19:26:37,961 [Time-limited test] INFO  server.RaftServerConfigKeys (ConfUtils.java:logGet(46)) - raft.server.threadpool.proxy.size = 0 (default)
2023-11-20 19:26:37,962 [s1-groupManagement] INFO  server.RaftServerConfigKeys (ConfUtils.java:logGet(46)) - raft.server.log.segment.size.max = 32MB (=33554432) (default)
2023-11-20 19:26:37,963 [s1-groupManagement] INFO  server.RaftServerConfigKeys (ConfUtils.java:logGet(46)) - raft.server.log.preallocated.size = 4MB (=4194304) (default)
2023-11-20 19:26:37,963 [s1-groupManagement] INFO  server.RaftServerConfigKeys (ConfUtils.java:logGet(46)) - raft.server.log.write.buffer.size = 8MB (=8388608) (default)
2023-11-20 19:26:37,963 [s1-groupManagement] INFO  server.RaftServer$Division (RaftServerImpl.java:<init>(256)) - s1: new RaftServerImpl for group-F61A228DBE4A:[s0|localhost:36391, s1|localhost:43315, s2|localhost:39341] with SimpleStateMachine4Testing:uninitialized
2023-11-20 19:26:37,963 [s1-groupManagement] INFO  server.RaftServerConfigKeys (ConfUtils.java:logGet(46)) - raft.server.rpc.timeout.min = 150ms (default)
2023-11-20 19:26:37,963 [s1-groupManagement] INFO  server.RaftServerConfigKeys (ConfUtils.java:logGet(46)) - raft.server.rpc.timeout.max = 300ms (default)
2023-11-20 19:26:37,963 [s1-groupManagement] INFO  server.RaftServerConfigKeys (ConfUtils.java:logGet(46)) - raft.server.rpc.sleep.time = 25ms (default)
2023-11-20 19:26:37,963 [s1-groupManagement] INFO  server.RaftServerConfigKeys (ConfUtils.java:logGet(46)) - raft.server.rpc.slowness.timeout = 60s (default)
2023-11-20 19:26:37,963 [s1-groupManagement] INFO  server.RaftServerConfigKeys (ConfUtils.java:logGet(46)) - raft.server.leaderelection.leader.step-down.wait-time = 10s (default)
2023-11-20 19:26:37,963 [s1-groupManagement] INFO  server.RaftServerConfigKeys (ConfUtils.java:logGet(46)) - raft.server.leaderelection.member.majority-add = false (default)
2023-11-20 19:26:37,963 [s1-groupManagement] INFO  server.RaftServerConfigKeys (ConfUtils.java:logGet(46)) - raft.server.sleep.deviation.threshold = 300ms (default)
2023-11-20 19:26:37,963 [s1-groupManagement] INFO  server.RaftServer$Division (ServerState.java:<init>(113)) - s1@group-F61A228DBE4A: ConfigurationManager, init=-1: peers:[s0|localhost:36391, s1|localhost:43315, s2|localhost:39341]|listeners:[], old=null, confs=<EMPTY_MAP>
2023-11-20 19:26:37,964 [s1-groupManagement] INFO  server.RaftServerConfigKeys (ConfUtils.java:logGet(46)) - raft.server.notification.no-leader.timeout = 60s (default)
2023-11-20 19:26:37,964 [s1-groupManagement] INFO  server.RaftServerConfigKeys (ConfUtils.java:logGet(46)) - raft.server.read.timeout = 10s (default)
2023-11-20 19:26:37,964 [s1-groupManagement] INFO  server.RaftServerConfigKeys (ConfUtils.java:logGet(46)) - raft.server.retrycache.expirytime = 60s (default)
2023-11-20 19:26:37,964 [s1-groupManagement] INFO  server.RaftServerConfigKeys (ConfUtils.java:logGet(46)) - raft.server.retrycache.statistics.expirytime = 100ms (default)
2023-11-20 19:26:37,964 [s1-groupManagement] INFO  server.RaftServerConfigKeys (ConfUtils.java:logGet(46)) - raft.server.read.option = DEFAULT (default)
2023-11-20 19:26:37,964 [s1-groupManagement] INFO  server.RaftServerConfigKeys (ConfUtils.java:logGet(46)) - raft.server.read.read-after-write-consistent.write-index-cache.expiry-time = 60s (default)
2023-11-20 19:26:37,965 [s1-groupManagement] INFO  server.RaftServerConfigKeys (ConfUtils.java:logGet(46)) - raft.server.rpc.request.timeout = 3000ms (default)
2023-11-20 19:26:37,965 [s1-groupManagement] INFO  server.RaftServerConfigKeys (ConfUtils.java:logGet(46)) - raft.server.log.appender.install.snapshot.enabled = true (default)
2023-11-20 19:26:37,965 [s1-groupManagement] INFO  server.RaftServerConfigKeys (ConfUtils.java:logGet(46)) - raft.server.threadpool.server.cached = true (default)
2023-11-20 19:26:37,966 [s1-groupManagement] INFO  server.RaftServerConfigKeys (ConfUtils.java:logGet(46)) - raft.server.threadpool.server.size = 0 (default)
2023-11-20 19:26:37,966 [s1-groupManagement] INFO  server.RaftServerConfigKeys (ConfUtils.java:logGet(46)) - raft.server.threadpool.client.cached = true (default)
2023-11-20 19:26:37,966 [s1-groupManagement] INFO  server.RaftServerConfigKeys (ConfUtils.java:logGet(46)) - raft.server.threadpool.client.size = 0 (default)
2023-11-20 19:26:37,969 [Time-limited test] INFO  server.RaftServer (RaftServerProxy.java:addNew(100)) - s2: addNew group-F61A228DBE4A:[s0|localhost:36391, s1|localhost:43315, s2|localhost:39341] returns group-F61A228DBE4A:java.util.concurrent.CompletableFuture@293883dc[Not completed]
2023-11-20 19:26:37,969 [s2-groupManagement] INFO  server.RaftServerConfigKeys (ConfUtils.java:logGet(46)) - raft.server.log.segment.size.max = 32MB (=33554432) (default)
2023-11-20 19:26:37,970 [s2-groupManagement] INFO  server.RaftServerConfigKeys (ConfUtils.java:logGet(46)) - raft.server.log.preallocated.size = 4MB (=4194304) (default)
2023-11-20 19:26:37,970 [s2-groupManagement] INFO  server.RaftServerConfigKeys (ConfUtils.java:logGet(46)) - raft.server.log.write.buffer.size = 8MB (=8388608) (default)
2023-11-20 19:26:37,970 [s0-impl-thread1] INFO  server.RaftServerConfigKeys (ConfUtils.java:logGet(46)) - raft.server.storage.free-space.min = 0MB (=0) (default)
2023-11-20 19:26:37,970 [s0-impl-thread1] INFO  server.RaftServerConfigKeys (ConfUtils.java:logGet(46)) - raft.server.log.corruption.policy = EXCEPTION (default)
2023-11-20 19:26:37,970 [s0-impl-thread1] INFO  server.RaftServerConfigKeys (ConfUtils.java:logGet(46)) - raft.server.storage.dir = [/home/runner/work/ratis/ratis/ratis-test/target/test/data/42d3a8b8/MiniRaftClusterWithGrpc9670f7f/s0] (custom)
2023-11-20 19:26:37,970 [s2-groupManagement] INFO  server.RaftServer$Division (RaftServerImpl.java:<init>(256)) - s2: new RaftServerImpl for group-F61A228DBE4A:[s0|localhost:36391, s1|localhost:43315, s2|localhost:39341] with SimpleStateMachine4Testing:uninitialized
2023-11-20 19:26:37,971 [s0-impl-thread1] INFO  storage.RaftStorageDirectory (RaftStorageDirectoryImpl.java:analyzeStorage(138)) - The storage directory /home/runner/work/ratis/ratis/ratis-test/target/test/data/42d3a8b8/MiniRaftClusterWithGrpc9670f7f/s0/eb407375-2276-40a5-a3f1-f61a228dbe4a does not exist. Creating ...
2023-11-20 19:26:37,971 [s2-groupManagement] INFO  server.RaftServerConfigKeys (ConfUtils.java:logGet(46)) - raft.server.rpc.timeout.min = 150ms (default)
2023-11-20 19:26:37,971 [s2-groupManagement] INFO  server.RaftServerConfigKeys (ConfUtils.java:logGet(46)) - raft.server.rpc.timeout.max = 300ms (default)
2023-11-20 19:26:37,971 [s2-groupManagement] INFO  server.RaftServerConfigKeys (ConfUtils.java:logGet(46)) - raft.server.rpc.sleep.time = 25ms (default)
2023-11-20 19:26:37,971 [s2-groupManagement] INFO  server.RaftServerConfigKeys (ConfUtils.java:logGet(46)) - raft.server.rpc.slowness.timeout = 60s (default)
2023-11-20 19:26:37,971 [s2-groupManagement] INFO  server.RaftServerConfigKeys (ConfUtils.java:logGet(46)) - raft.server.leaderelection.leader.step-down.wait-time = 10s (default)
2023-11-20 19:26:37,971 [s2-groupManagement] INFO  server.RaftServerConfigKeys (ConfUtils.java:logGet(46)) - raft.server.leaderelection.member.majority-add = false (default)
2023-11-20 19:26:37,971 [s2-groupManagement] INFO  server.RaftServerConfigKeys (ConfUtils.java:logGet(46)) - raft.server.sleep.deviation.threshold = 300ms (default)
2023-11-20 19:26:37,971 [s0-impl-thread1] TRACE util.FileUtils (LogUtils.java:runAndLog(49)) - Successfully ran Files.createDirectories /home/runner/work/ratis/ratis/ratis-test/target/test/data/42d3a8b8/MiniRaftClusterWithGrpc9670f7f/s0/eb407375-2276-40a5-a3f1-f61a228dbe4a
2023-11-20 19:26:37,971 [s2-groupManagement] INFO  server.RaftServer$Division (ServerState.java:<init>(113)) - s2@group-F61A228DBE4A: ConfigurationManager, init=-1: peers:[s0|localhost:36391, s1|localhost:43315, s2|localhost:39341]|listeners:[], old=null, confs=<EMPTY_MAP>
2023-11-20 19:26:37,971 [s2-groupManagement] INFO  server.RaftServerConfigKeys (ConfUtils.java:logGet(46)) - raft.server.notification.no-leader.timeout = 60s (default)
2023-11-20 19:26:37,971 [s2-groupManagement] INFO  server.RaftServerConfigKeys (ConfUtils.java:logGet(46)) - raft.server.read.timeout = 10s (default)
2023-11-20 19:26:37,972 [s2-groupManagement] INFO  server.RaftServerConfigKeys (ConfUtils.java:logGet(46)) - raft.server.retrycache.expirytime = 60s (default)
2023-11-20 19:26:37,972 [s2-groupManagement] INFO  server.RaftServerConfigKeys (ConfUtils.java:logGet(46)) - raft.server.retrycache.statistics.expirytime = 100ms (default)
2023-11-20 19:26:37,972 [s2-groupManagement] INFO  server.RaftServerConfigKeys (ConfUtils.java:logGet(46)) - raft.server.read.option = DEFAULT (default)
2023-11-20 19:26:37,972 [s2-groupManagement] INFO  server.RaftServerConfigKeys (ConfUtils.java:logGet(46)) - raft.server.read.read-after-write-consistent.write-index-cache.expiry-time = 60s (default)
2023-11-20 19:26:37,972 [s0-impl-thread1] INFO  storage.RaftStorageDirectory (RaftStorageDirectoryImpl.java:tryLock(232)) - Lock on /home/runner/work/ratis/ratis/ratis-test/target/test/data/42d3a8b8/MiniRaftClusterWithGrpc9670f7f/s0/eb407375-2276-40a5-a3f1-f61a228dbe4a/in_use.lock acquired by nodename 4652@fv-az1023-122
2023-11-20 19:26:37,973 [s0-impl-thread1] TRACE util.FileUtils (LogUtils.java:runAndLog(49)) - Successfully ran Files.createDirectories /home/runner/work/ratis/ratis/ratis-test/target/test/data/42d3a8b8/MiniRaftClusterWithGrpc9670f7f/s0/eb407375-2276-40a5-a3f1-f61a228dbe4a/current
2023-11-20 19:26:37,973 [s0-impl-thread1] TRACE util.FileUtils (LogUtils.java:runAndLog(49)) - Successfully ran Files.createDirectories /home/runner/work/ratis/ratis/ratis-test/target/test/data/42d3a8b8/MiniRaftClusterWithGrpc9670f7f/s0/eb407375-2276-40a5-a3f1-f61a228dbe4a/sm
2023-11-20 19:26:37,973 [s0-impl-thread1] TRACE util.FileUtils (LogUtils.java:supplyAndLog(69)) - Successfully supplied FileChannel.open /home/runner/work/ratis/ratis/ratis-test/target/test/data/42d3a8b8/MiniRaftClusterWithGrpc9670f7f/s0/eb407375-2276-40a5-a3f1-f61a228dbe4a/current/raft-meta.tmp with options [CREATE, WRITE]: sun.nio.ch.FileChannelImpl@1b3da5df
2023-11-20 19:26:37,974 [s0-impl-thread1] TRACE util.FileUtils (LogUtils.java:runAndLog(49)) - Successfully ran Atomic Files.move /home/runner/work/ratis/ratis/ratis-test/target/test/data/42d3a8b8/MiniRaftClusterWithGrpc9670f7f/s0/eb407375-2276-40a5-a3f1-f61a228dbe4a/current/raft-meta.tmp to /home/runner/work/ratis/ratis/ratis-test/target/test/data/42d3a8b8/MiniRaftClusterWithGrpc9670f7f/s0/eb407375-2276-40a5-a3f1-f61a228dbe4a/current/raft-meta with options [REPLACE_EXISTING]
2023-11-20 19:26:37,975 [s0-impl-thread1] INFO  storage.RaftStorage (RaftStorageImpl.java:format(99)) - Storage directory /home/runner/work/ratis/ratis/ratis-test/target/test/data/42d3a8b8/MiniRaftClusterWithGrpc9670f7f/s0/eb407375-2276-40a5-a3f1-f61a228dbe4a has been successfully formatted.
2023-11-20 19:26:37,975 [s0-impl-thread1] TRACE util.FileUtils (LogUtils.java:supplyAndLog(61)) - Failed to Files.newInputStream /home/runner/work/ratis/ratis/ratis-test/target/test/data/42d3a8b8/MiniRaftClusterWithGrpc9670f7f/s0/eb407375-2276-40a5-a3f1-f61a228dbe4a/current/raft-meta.conf with options []
java.nio.file.NoSuchFileException: /home/runner/work/ratis/ratis/ratis-test/target/test/data/42d3a8b8/MiniRaftClusterWithGrpc9670f7f/s0/eb407375-2276-40a5-a3f1-f61a228dbe4a/current/raft-meta.conf
	at java.base/sun.nio.fs.UnixException.translateToIOException(UnixException.java:92)
	at java.base/sun.nio.fs.UnixException.rethrowAsIOException(UnixException.java:111)
	at java.base/sun.nio.fs.UnixException.rethrowAsIOException(UnixException.java:116)
	at java.base/sun.nio.fs.UnixFileSystemProvider.newByteChannel(UnixFileSystemProvider.java:219)
	at java.base/java.nio.file.Files.newByteChannel(Files.java:371)
	at java.base/java.nio.file.Files.newByteChannel(Files.java:422)
	at java.base/java.nio.file.spi.FileSystemProvider.newInputStream(FileSystemProvider.java:420)
	at java.base/java.nio.file.Files.newInputStream(Files.java:156)
	at org.apache.ratis.util.FileUtils.lambda$newInputStream$2(FileUtils.java:73)
	at org.apache.ratis.util.LogUtils.supplyAndLog(LogUtils.java:58)
	at org.apache.ratis.util.FileUtils.newInputStream(FileUtils.java:72)
	at org.apache.ratis.util.FileUtils.newInputStream(FileUtils.java:68)
	at org.apache.ratis.server.storage.RaftStorageImpl.readRaftConfiguration(RaftStorageImpl.java:156)
	at org.apache.ratis.server.impl.ServerState.initialize(ServerState.java:141)
	at org.apache.ratis.server.impl.RaftServerImpl.start(RaftServerImpl.java:388)
	at org.apache.ratis.util.ConcurrentUtils.accept(ConcurrentUtils.java:203)
	at org.apache.ratis.util.ConcurrentUtils.lambda$parallelForEachAsync$4(ConcurrentUtils.java:182)
	at java.base/java.util.concurrent.ThreadPoolExecutor.runWorker(ThreadPoolExecutor.java:1128)
	at java.base/java.util.concurrent.ThreadPoolExecutor$Worker.run(ThreadPoolExecutor.java:628)
	at java.base/java.lang.Thread.run(Thread.java:829)
2023-11-20 19:26:37,975 [s0-impl-thread1] INFO  impl.SimpleStateMachine4Testing (SimpleStateMachine4Testing.java:initialize(213)) - Initializing SimpleStateMachine4Testing:uninitialized
2023-11-20 19:26:37,975 [s0-impl-thread1] INFO  impl.SimpleStateMachine4Testing (SimpleStateMachine4Testing.java:loadSnapshot(296)) - Loading snapshot null
2023-11-20 19:26:37,975 [s0-impl-thread1] INFO  server.RaftServerConfigKeys (ConfUtils.java:logGet(46)) - raft.server.log.use.memory = false (default)
2023-11-20 19:26:37,975 [s0-impl-thread1] INFO  server.RaftServerConfigKeys (ConfUtils.java:logGet(46)) - raft.server.log.purge.gap = 1024 (default)
2023-11-20 19:26:37,976 [s0-impl-thread1] INFO  server.RaftServerConfigKeys (ConfUtils.java:logGet(46)) - raft.server.log.appender.buffer.byte-limit = 4MB (=4194304) (default)
2023-11-20 19:26:37,976 [s0-impl-thread1] INFO  server.RaftServerConfigKeys (ConfUtils.java:logGet(46)) - raft.server.log.statemachine.data.read.timeout = 1000ms (default)
2023-11-20 19:26:37,976 [s0-impl-thread1] INFO  server.RaftServerConfigKeys (ConfUtils.java:logGet(46)) - raft.server.log.purge.preservation.log.num = 0 (default)
2023-11-20 19:26:37,975 [s2-groupManagement] INFO  server.RaftServerConfigKeys (ConfUtils.java:logGet(46)) - raft.server.rpc.request.timeout = 3000ms (default)
2023-11-20 19:26:37,976 [s2-groupManagement] INFO  server.RaftServerConfigKeys (ConfUtils.java:logGet(46)) - raft.server.log.appender.install.snapshot.enabled = true (default)
2023-11-20 19:26:37,976 [s2-groupManagement] INFO  server.RaftServerConfigKeys (ConfUtils.java:logGet(46)) - raft.server.threadpool.server.cached = true (default)
2023-11-20 19:26:37,976 [s2-groupManagement] INFO  server.RaftServerConfigKeys (ConfUtils.java:logGet(46)) - raft.server.threadpool.server.size = 0 (default)
2023-11-20 19:26:37,976 [s2-groupManagement] INFO  server.RaftServerConfigKeys (ConfUtils.java:logGet(46)) - raft.server.threadpool.client.cached = true (default)
2023-11-20 19:26:37,976 [s2-groupManagement] INFO  server.RaftServerConfigKeys (ConfUtils.java:logGet(46)) - raft.server.threadpool.client.size = 0 (default)
2023-11-20 19:26:37,977 [s0-impl-thread1] INFO  server.RaftServerConfigKeys (ConfUtils.java:logGet(46)) - raft.server.log.segment.size.max = 32MB (=33554432) (default)
2023-11-20 19:26:37,977 [s0-impl-thread1] INFO  server.RaftServerConfigKeys (ConfUtils.java:logGet(46)) - raft.server.log.segment.cache.num.max = 6 (default)
2023-11-20 19:26:37,977 [s0-impl-thread1] INFO  server.RaftServerConfigKeys (ConfUtils.java:logGet(46)) - raft.server.log.segment.cache.size.max = 200MB (=209715200) (default)
2023-11-20 19:26:37,977 [s0-impl-thread1] INFO  server.RaftServerConfigKeys (ConfUtils.java:logGet(46)) - raft.server.log.appender.buffer.byte-limit = 4MB (=4194304) (default)
2023-11-20 19:26:37,978 [s0-impl-thread1] INFO  util.AwaitToRun (AwaitToRun.java:start(81)) - Thread[s0@group-F61A228DBE4A-cacheEviction-AwaitToRun,5,main] started
2023-11-20 19:26:37,978 [s0-impl-thread1] INFO  segmented.SegmentedRaftLogWorker (SegmentedRaftLogWorker.java:<init>(182)) - new s0@group-F61A228DBE4A-SegmentedRaftLogWorker for RaftStorageImpl:Storage Directory /home/runner/work/ratis/ratis/ratis-test/target/test/data/42d3a8b8/MiniRaftClusterWithGrpc9670f7f/s0/eb407375-2276-40a5-a3f1-f61a228dbe4a
2023-11-20 19:26:37,978 [s0-impl-thread1] INFO  server.RaftServerConfigKeys (ConfUtils.java:logGet(46)) - raft.server.log.queue.byte-limit = 64MB (=67108864) (default)
2023-11-20 19:26:37,978 [s0-impl-thread1] INFO  server.RaftServerConfigKeys (ConfUtils.java:logGet(46)) - raft.server.log.queue.element-limit = 4096 (default)
2023-11-20 19:26:37,978 [s0-impl-thread1] INFO  server.RaftServerConfigKeys (ConfUtils.java:logGet(46)) - raft.server.log.segment.size.max = 32MB (=33554432) (default)
2023-11-20 19:26:37,978 [s0-impl-thread1] INFO  server.RaftServerConfigKeys (ConfUtils.java:logGet(46)) - raft.server.log.preallocated.size = 4MB (=4194304) (default)
2023-11-20 19:26:37,978 [s0-impl-thread1] INFO  server.RaftServerConfigKeys (ConfUtils.java:logGet(46)) - raft.server.log.force.sync.num = 128 (default)
2023-11-20 19:26:37,978 [s0-impl-thread1] INFO  server.RaftServerConfigKeys (ConfUtils.java:logGet(46)) - raft.server.log.statemachine.data.sync = true (default)
2023-11-20 19:26:37,978 [s0-impl-thread1] INFO  server.RaftServerConfigKeys (ConfUtils.java:logGet(46)) - raft.server.log.statemachine.data.sync.timeout = 10s (default)
2023-11-20 19:26:37,978 [s0-impl-thread1] INFO  server.RaftServerConfigKeys (ConfUtils.java:logGet(46)) - raft.server.log.statemachine.data.sync.timeout.retry = -1 (default)
2023-11-20 19:26:37,979 [s0-impl-thread1] INFO  server.RaftServerConfigKeys (ConfUtils.java:logGet(46)) - raft.server.log.write.buffer.size = 8MB (=8388608) (default)
2023-11-20 19:26:37,980 [s0-impl-thread1] INFO  server.RaftServerConfigKeys (ConfUtils.java:logGet(46)) - raft.server.log.appender.buffer.byte-limit = 4MB (=4194304) (default)
2023-11-20 19:26:37,980 [s0-impl-thread1] INFO  server.RaftServerConfigKeys (ConfUtils.java:logGet(46)) - raft.server.log.unsafe-flush.enabled = false (default)
2023-11-20 19:26:37,980 [s0-impl-thread1] INFO  server.RaftServerConfigKeys (ConfUtils.java:logGet(46)) - raft.server.log.async-flush.enabled = false (default)
2023-11-20 19:26:37,980 [s0-impl-thread1] INFO  server.RaftServerConfigKeys (ConfUtils.java:logGet(46)) - raft.server.log.statemachine.data.caching.enabled = false (default)
2023-11-20 19:26:37,980 [s0-impl-thread1] INFO  segmented.SegmentedRaftLogWorker (SegmentedRaftLogWorker.java:lambda$new$0(134)) - s0@group-F61A228DBE4A-SegmentedRaftLogWorker: flushIndex: setUnconditionally 0 -> -1
2023-11-20 19:26:37,981 [s0-impl-thread1] INFO  segmented.SegmentedRaftLogWorker (SegmentedRaftLogWorker.java:lambda$new$0(134)) - s0@group-F61A228DBE4A-SegmentedRaftLogWorker: safeCacheEvictIndex: setUnconditionally 0 -> -1
2023-11-20 19:26:37,981 [s0-impl-thread1] INFO  server.RaftServer$Division (RaftServerImpl.java:start(392)) - s0@group-F61A228DBE4A: start as a follower, conf=-1: peers:[s0|localhost:36391, s1|localhost:43315, s2|localhost:39341]|listeners:[], old=null
2023-11-20 19:26:37,981 [s0-impl-thread1] INFO  server.RaftServer$Division (RaftServerImpl.java:setRole(379)) - s0@group-F61A228DBE4A: changes role from      null to FOLLOWER at term 0 for startAsFollower
2023-11-20 19:26:37,981 [s0-impl-thread1] INFO  impl.RoleInfo (RoleInfo.java:updateAndGet(139)) - s0: start s0@group-F61A228DBE4A-FollowerState
2023-11-20 19:26:37,981 [s0@group-F61A228DBE4A-FollowerState] INFO  server.RaftServerConfigKeys (ConfUtils.java:logFallback(53)) - raft.server.rpc.first-election.timeout.min = 150ms (fallback to raft.server.rpc.timeout.min)
2023-11-20 19:26:37,981 [s0@group-F61A228DBE4A-FollowerState] INFO  server.RaftServerConfigKeys (ConfUtils.java:logFallback(53)) - raft.server.rpc.first-election.timeout.max = 300ms (fallback to raft.server.rpc.timeout.max)
2023-11-20 19:26:37,981 [s0-impl-thread1] INFO  util.JmxRegister (JmxRegister.java:tryRegister(44)) - Successfully registered JMX Bean with object name Ratis:service=RaftServer,group=group-F61A228DBE4A,id=s0
2023-11-20 19:26:37,981 [s0-impl-thread1] INFO  server.RaftServerConfigKeys (ConfUtils.java:logGet(46)) - raft.server.snapshot.trigger-when-stop.enabled = true (default)
2023-11-20 19:26:37,981 [s0-impl-thread1] INFO  server.RaftServerConfigKeys (ConfUtils.java:logGet(46)) - raft.server.snapshot.auto.trigger.enabled = false (default)
2023-11-20 19:26:37,981 [s0-impl-thread1] INFO  server.RaftServerConfigKeys (ConfUtils.java:logGet(46)) - raft.server.snapshot.retention.file.num = -1 (default)
2023-11-20 19:26:37,981 [s0-impl-thread1] INFO  server.RaftServerConfigKeys (ConfUtils.java:logGet(46)) - raft.server.log.purge.upto.snapshot.index = false (default)
2023-11-20 19:26:37,982 [Time-limited test] INFO  server.RaftServer (RaftServerProxy.java:startImpl(406)) - s0: start RPC server
2023-11-20 19:26:37,983 [Time-limited test] INFO  server.GrpcService (GrpcService.java:startImpl(302)) - s0: GrpcService started, listening on 37411
2023-11-20 19:26:37,984 [Time-limited test] INFO  server.GrpcService (GrpcService.java:startImpl(302)) - s0: GrpcService started, listening on 36391
2023-11-20 19:26:37,984 [Time-limited test] INFO  server.GrpcService (GrpcService.java:startImpl(302)) - s0: GrpcService started, listening on 34625
2023-11-20 19:26:37,986 [JvmPauseMonitor3] INFO  util.JvmPauseMonitor (JvmPauseMonitor.java:run(146)) - JvmPauseMonitor-s0: Started
2023-11-20 19:26:37,986 [s1-impl-thread1] INFO  server.RaftServerConfigKeys (ConfUtils.java:logGet(46)) - raft.server.storage.free-space.min = 0MB (=0) (default)
2023-11-20 19:26:37,986 [s1-impl-thread1] INFO  server.RaftServerConfigKeys (ConfUtils.java:logGet(46)) - raft.server.log.corruption.policy = EXCEPTION (default)
2023-11-20 19:26:37,986 [s1-impl-thread1] INFO  server.RaftServerConfigKeys (ConfUtils.java:logGet(46)) - raft.server.storage.dir = [/home/runner/work/ratis/ratis/ratis-test/target/test/data/42d3a8b8/MiniRaftClusterWithGrpc9670f7f/s1] (custom)
2023-11-20 19:26:37,986 [s1-impl-thread1] INFO  storage.RaftStorageDirectory (RaftStorageDirectoryImpl.java:analyzeStorage(138)) - The storage directory /home/runner/work/ratis/ratis/ratis-test/target/test/data/42d3a8b8/MiniRaftClusterWithGrpc9670f7f/s1/eb407375-2276-40a5-a3f1-f61a228dbe4a does not exist. Creating ...
2023-11-20 19:26:37,987 [s1-impl-thread1] TRACE util.FileUtils (LogUtils.java:runAndLog(49)) - Successfully ran Files.createDirectories /home/runner/work/ratis/ratis/ratis-test/target/test/data/42d3a8b8/MiniRaftClusterWithGrpc9670f7f/s1/eb407375-2276-40a5-a3f1-f61a228dbe4a
2023-11-20 19:26:37,987 [s1-impl-thread1] INFO  storage.RaftStorageDirectory (RaftStorageDirectoryImpl.java:tryLock(232)) - Lock on /home/runner/work/ratis/ratis/ratis-test/target/test/data/42d3a8b8/MiniRaftClusterWithGrpc9670f7f/s1/eb407375-2276-40a5-a3f1-f61a228dbe4a/in_use.lock acquired by nodename 4652@fv-az1023-122
2023-11-20 19:26:37,988 [s1-impl-thread1] TRACE util.FileUtils (LogUtils.java:runAndLog(49)) - Successfully ran Files.createDirectories /home/runner/work/ratis/ratis/ratis-test/target/test/data/42d3a8b8/MiniRaftClusterWithGrpc9670f7f/s1/eb407375-2276-40a5-a3f1-f61a228dbe4a/current
2023-11-20 19:26:37,988 [s1-impl-thread1] TRACE util.FileUtils (LogUtils.java:runAndLog(49)) - Successfully ran Files.createDirectories /home/runner/work/ratis/ratis/ratis-test/target/test/data/42d3a8b8/MiniRaftClusterWithGrpc9670f7f/s1/eb407375-2276-40a5-a3f1-f61a228dbe4a/sm
2023-11-20 19:26:37,988 [s1-impl-thread1] TRACE util.FileUtils (LogUtils.java:supplyAndLog(69)) - Successfully supplied FileChannel.open /home/runner/work/ratis/ratis/ratis-test/target/test/data/42d3a8b8/MiniRaftClusterWithGrpc9670f7f/s1/eb407375-2276-40a5-a3f1-f61a228dbe4a/current/raft-meta.tmp with options [CREATE, WRITE]: sun.nio.ch.FileChannelImpl@4abb231b
2023-11-20 19:26:37,988 [s1-impl-thread1] TRACE util.FileUtils (LogUtils.java:runAndLog(49)) - Successfully ran Atomic Files.move /home/runner/work/ratis/ratis/ratis-test/target/test/data/42d3a8b8/MiniRaftClusterWithGrpc9670f7f/s1/eb407375-2276-40a5-a3f1-f61a228dbe4a/current/raft-meta.tmp to /home/runner/work/ratis/ratis/ratis-test/target/test/data/42d3a8b8/MiniRaftClusterWithGrpc9670f7f/s1/eb407375-2276-40a5-a3f1-f61a228dbe4a/current/raft-meta with options [REPLACE_EXISTING]
2023-11-20 19:26:37,989 [s1-impl-thread1] INFO  storage.RaftStorage (RaftStorageImpl.java:format(99)) - Storage directory /home/runner/work/ratis/ratis/ratis-test/target/test/data/42d3a8b8/MiniRaftClusterWithGrpc9670f7f/s1/eb407375-2276-40a5-a3f1-f61a228dbe4a has been successfully formatted.
2023-11-20 19:26:37,989 [s1-impl-thread1] TRACE util.FileUtils (LogUtils.java:supplyAndLog(61)) - Failed to Files.newInputStream /home/runner/work/ratis/ratis/ratis-test/target/test/data/42d3a8b8/MiniRaftClusterWithGrpc9670f7f/s1/eb407375-2276-40a5-a3f1-f61a228dbe4a/current/raft-meta.conf with options []
java.nio.file.NoSuchFileException: /home/runner/work/ratis/ratis/ratis-test/target/test/data/42d3a8b8/MiniRaftClusterWithGrpc9670f7f/s1/eb407375-2276-40a5-a3f1-f61a228dbe4a/current/raft-meta.conf
	at java.base/sun.nio.fs.UnixException.translateToIOException(UnixException.java:92)
	at java.base/sun.nio.fs.UnixException.rethrowAsIOException(UnixException.java:111)
	at java.base/sun.nio.fs.UnixException.rethrowAsIOException(UnixException.java:116)
	at java.base/sun.nio.fs.UnixFileSystemProvider.newByteChannel(UnixFileSystemProvider.java:219)
	at java.base/java.nio.file.Files.newByteChannel(Files.java:371)
	at java.base/java.nio.file.Files.newByteChannel(Files.java:422)
	at java.base/java.nio.file.spi.FileSystemProvider.newInputStream(FileSystemProvider.java:420)
	at java.base/java.nio.file.Files.newInputStream(Files.java:156)
	at org.apache.ratis.util.FileUtils.lambda$newInputStream$2(FileUtils.java:73)
	at org.apache.ratis.util.LogUtils.supplyAndLog(LogUtils.java:58)
	at org.apache.ratis.util.FileUtils.newInputStream(FileUtils.java:72)
	at org.apache.ratis.util.FileUtils.newInputStream(FileUtils.java:68)
	at org.apache.ratis.server.storage.RaftStorageImpl.readRaftConfiguration(RaftStorageImpl.java:156)
	at org.apache.ratis.server.impl.ServerState.initialize(ServerState.java:141)
	at org.apache.ratis.server.impl.RaftServerImpl.start(RaftServerImpl.java:388)
	at org.apache.ratis.util.ConcurrentUtils.accept(ConcurrentUtils.java:203)
	at org.apache.ratis.util.ConcurrentUtils.lambda$parallelForEachAsync$4(ConcurrentUtils.java:182)
	at java.base/java.util.concurrent.ThreadPoolExecutor.runWorker(ThreadPoolExecutor.java:1128)
	at java.base/java.util.concurrent.ThreadPoolExecutor$Worker.run(ThreadPoolExecutor.java:628)
	at java.base/java.lang.Thread.run(Thread.java:829)
2023-11-20 19:26:37,989 [s1-impl-thread1] INFO  impl.SimpleStateMachine4Testing (SimpleStateMachine4Testing.java:initialize(213)) - Initializing SimpleStateMachine4Testing:uninitialized
2023-11-20 19:26:37,989 [s1-impl-thread1] INFO  impl.SimpleStateMachine4Testing (SimpleStateMachine4Testing.java:loadSnapshot(296)) - Loading snapshot null
2023-11-20 19:26:37,989 [s1-impl-thread1] INFO  server.RaftServerConfigKeys (ConfUtils.java:logGet(46)) - raft.server.log.use.memory = false (default)
2023-11-20 19:26:37,989 [s1-impl-thread1] INFO  server.RaftServerConfigKeys (ConfUtils.java:logGet(46)) - raft.server.log.purge.gap = 1024 (default)
2023-11-20 19:26:37,989 [s1-impl-thread1] INFO  server.RaftServerConfigKeys (ConfUtils.java:logGet(46)) - raft.server.log.appender.buffer.byte-limit = 4MB (=4194304) (default)
2023-11-20 19:26:37,989 [s1-impl-thread1] INFO  server.RaftServerConfigKeys (ConfUtils.java:logGet(46)) - raft.server.log.statemachine.data.read.timeout = 1000ms (default)
2023-11-20 19:26:37,989 [s1-impl-thread1] INFO  server.RaftServerConfigKeys (ConfUtils.java:logGet(46)) - raft.server.log.purge.preservation.log.num = 0 (default)
2023-11-20 19:26:37,990 [s1-impl-thread1] INFO  server.RaftServerConfigKeys (ConfUtils.java:logGet(46)) - raft.server.log.segment.size.max = 32MB (=33554432) (default)
2023-11-20 19:26:37,990 [s1-impl-thread1] INFO  server.RaftServerConfigKeys (ConfUtils.java:logGet(46)) - raft.server.log.segment.cache.num.max = 6 (default)
2023-11-20 19:26:37,991 [s1-impl-thread1] INFO  server.RaftServerConfigKeys (ConfUtils.java:logGet(46)) - raft.server.log.segment.cache.size.max = 200MB (=209715200) (default)
2023-11-20 19:26:37,991 [s1-impl-thread1] INFO  server.RaftServerConfigKeys (ConfUtils.java:logGet(46)) - raft.server.log.appender.buffer.byte-limit = 4MB (=4194304) (default)
2023-11-20 19:26:37,991 [s1-impl-thread1] INFO  util.AwaitToRun (AwaitToRun.java:start(81)) - Thread[s1@group-F61A228DBE4A-cacheEviction-AwaitToRun,5,main] started
2023-11-20 19:26:37,991 [s1-impl-thread1] INFO  segmented.SegmentedRaftLogWorker (SegmentedRaftLogWorker.java:<init>(182)) - new s1@group-F61A228DBE4A-SegmentedRaftLogWorker for RaftStorageImpl:Storage Directory /home/runner/work/ratis/ratis/ratis-test/target/test/data/42d3a8b8/MiniRaftClusterWithGrpc9670f7f/s1/eb407375-2276-40a5-a3f1-f61a228dbe4a
2023-11-20 19:26:37,991 [s1-impl-thread1] INFO  server.RaftServerConfigKeys (ConfUtils.java:logGet(46)) - raft.server.log.queue.byte-limit = 64MB (=67108864) (default)
2023-11-20 19:26:37,991 [s1-impl-thread1] INFO  server.RaftServerConfigKeys (ConfUtils.java:logGet(46)) - raft.server.log.queue.element-limit = 4096 (default)
2023-11-20 19:26:37,991 [s1-impl-thread1] INFO  server.RaftServerConfigKeys (ConfUtils.java:logGet(46)) - raft.server.log.segment.size.max = 32MB (=33554432) (default)
2023-11-20 19:26:37,991 [s1-impl-thread1] INFO  server.RaftServerConfigKeys (ConfUtils.java:logGet(46)) - raft.server.log.preallocated.size = 4MB (=4194304) (default)
2023-11-20 19:26:37,991 [s1-impl-thread1] INFO  server.RaftServerConfigKeys (ConfUtils.java:logGet(46)) - raft.server.log.force.sync.num = 128 (default)
2023-11-20 19:26:37,991 [s1-impl-thread1] INFO  server.RaftServerConfigKeys (ConfUtils.java:logGet(46)) - raft.server.log.statemachine.data.sync = true (default)
2023-11-20 19:26:37,991 [s1-impl-thread1] INFO  server.RaftServerConfigKeys (ConfUtils.java:logGet(46)) - raft.server.log.statemachine.data.sync.timeout = 10s (default)
2023-11-20 19:26:37,992 [s1-impl-thread1] INFO  server.RaftServerConfigKeys (ConfUtils.java:logGet(46)) - raft.server.log.statemachine.data.sync.timeout.retry = -1 (default)
2023-11-20 19:26:37,992 [s1-impl-thread1] INFO  server.RaftServerConfigKeys (ConfUtils.java:logGet(46)) - raft.server.log.write.buffer.size = 8MB (=8388608) (default)
2023-11-20 19:26:37,994 [s1-impl-thread1] INFO  server.RaftServerConfigKeys (ConfUtils.java:logGet(46)) - raft.server.log.appender.buffer.byte-limit = 4MB (=4194304) (default)
2023-11-20 19:26:37,994 [s1-impl-thread1] INFO  server.RaftServerConfigKeys (ConfUtils.java:logGet(46)) - raft.server.log.unsafe-flush.enabled = false (default)
2023-11-20 19:26:37,994 [s1-impl-thread1] INFO  server.RaftServerConfigKeys (ConfUtils.java:logGet(46)) - raft.server.log.async-flush.enabled = false (default)
2023-11-20 19:26:37,994 [s1-impl-thread1] INFO  server.RaftServerConfigKeys (ConfUtils.java:logGet(46)) - raft.server.log.statemachine.data.caching.enabled = false (default)
2023-11-20 19:26:37,994 [s1-impl-thread1] INFO  segmented.SegmentedRaftLogWorker (SegmentedRaftLogWorker.java:lambda$new$0(134)) - s1@group-F61A228DBE4A-SegmentedRaftLogWorker: flushIndex: setUnconditionally 0 -> -1
2023-11-20 19:26:37,994 [s1-impl-thread1] INFO  segmented.SegmentedRaftLogWorker (SegmentedRaftLogWorker.java:lambda$new$0(134)) - s1@group-F61A228DBE4A-SegmentedRaftLogWorker: safeCacheEvictIndex: setUnconditionally 0 -> -1
2023-11-20 19:26:37,995 [s1-impl-thread1] INFO  server.RaftServer$Division (RaftServerImpl.java:start(392)) - s1@group-F61A228DBE4A: start as a follower, conf=-1: peers:[s0|localhost:36391, s1|localhost:43315, s2|localhost:39341]|listeners:[], old=null
2023-11-20 19:26:37,995 [s1-impl-thread1] INFO  server.RaftServer$Division (RaftServerImpl.java:setRole(379)) - s1@group-F61A228DBE4A: changes role from      null to FOLLOWER at term 0 for startAsFollower
2023-11-20 19:26:37,995 [s1-impl-thread1] INFO  impl.RoleInfo (RoleInfo.java:updateAndGet(139)) - s1: start s1@group-F61A228DBE4A-FollowerState
2023-11-20 19:26:37,995 [s1@group-F61A228DBE4A-FollowerState] INFO  server.RaftServerConfigKeys (ConfUtils.java:logFallback(53)) - raft.server.rpc.first-election.timeout.min = 150ms (fallback to raft.server.rpc.timeout.min)
2023-11-20 19:26:37,995 [s1@group-F61A228DBE4A-FollowerState] INFO  server.RaftServerConfigKeys (ConfUtils.java:logFallback(53)) - raft.server.rpc.first-election.timeout.max = 300ms (fallback to raft.server.rpc.timeout.max)
2023-11-20 19:26:37,995 [s1-impl-thread1] INFO  util.JmxRegister (JmxRegister.java:tryRegister(44)) - Successfully registered JMX Bean with object name Ratis:service=RaftServer,group=group-F61A228DBE4A,id=s1
2023-11-20 19:26:37,995 [s1-impl-thread1] INFO  server.RaftServerConfigKeys (ConfUtils.java:logGet(46)) - raft.server.snapshot.trigger-when-stop.enabled = true (default)
2023-11-20 19:26:37,995 [s1-impl-thread1] INFO  server.RaftServerConfigKeys (ConfUtils.java:logGet(46)) - raft.server.snapshot.auto.trigger.enabled = false (default)
2023-11-20 19:26:37,996 [s1-impl-thread1] INFO  server.RaftServerConfigKeys (ConfUtils.java:logGet(46)) - raft.server.snapshot.retention.file.num = -1 (default)
2023-11-20 19:26:37,996 [s1-impl-thread1] INFO  server.RaftServerConfigKeys (ConfUtils.java:logGet(46)) - raft.server.log.purge.upto.snapshot.index = false (default)
2023-11-20 19:26:38,000 [Time-limited test] INFO  server.RaftServer (RaftServerProxy.java:startImpl(406)) - s1: start RPC server
2023-11-20 19:26:38,001 [Time-limited test] INFO  server.GrpcService (GrpcService.java:startImpl(302)) - s1: GrpcService started, listening on 46099
2023-11-20 19:26:38,001 [Time-limited test] INFO  server.GrpcService (GrpcService.java:startImpl(302)) - s1: GrpcService started, listening on 43315
2023-11-20 19:26:38,002 [Time-limited test] INFO  server.GrpcService (GrpcService.java:startImpl(302)) - s1: GrpcService started, listening on 34421
2023-11-20 19:26:38,002 [JvmPauseMonitor4] INFO  util.JvmPauseMonitor (JvmPauseMonitor.java:run(146)) - JvmPauseMonitor-s1: Started
2023-11-20 19:26:38,002 [s2-impl-thread1] INFO  server.RaftServerConfigKeys (ConfUtils.java:logGet(46)) - raft.server.storage.free-space.min = 0MB (=0) (default)
2023-11-20 19:26:38,002 [s2-impl-thread1] INFO  server.RaftServerConfigKeys (ConfUtils.java:logGet(46)) - raft.server.log.corruption.policy = EXCEPTION (default)
2023-11-20 19:26:38,002 [s2-impl-thread1] INFO  server.RaftServerConfigKeys (ConfUtils.java:logGet(46)) - raft.server.storage.dir = [/home/runner/work/ratis/ratis/ratis-test/target/test/data/42d3a8b8/MiniRaftClusterWithGrpc9670f7f/s2] (custom)
2023-11-20 19:26:38,003 [s2-impl-thread1] INFO  storage.RaftStorageDirectory (RaftStorageDirectoryImpl.java:analyzeStorage(138)) - The storage directory /home/runner/work/ratis/ratis/ratis-test/target/test/data/42d3a8b8/MiniRaftClusterWithGrpc9670f7f/s2/eb407375-2276-40a5-a3f1-f61a228dbe4a does not exist. Creating ...
2023-11-20 19:26:38,003 [s2-impl-thread1] TRACE util.FileUtils (LogUtils.java:runAndLog(49)) - Successfully ran Files.createDirectories /home/runner/work/ratis/ratis/ratis-test/target/test/data/42d3a8b8/MiniRaftClusterWithGrpc9670f7f/s2/eb407375-2276-40a5-a3f1-f61a228dbe4a
2023-11-20 19:26:38,004 [s2-impl-thread1] INFO  storage.RaftStorageDirectory (RaftStorageDirectoryImpl.java:tryLock(232)) - Lock on /home/runner/work/ratis/ratis/ratis-test/target/test/data/42d3a8b8/MiniRaftClusterWithGrpc9670f7f/s2/eb407375-2276-40a5-a3f1-f61a228dbe4a/in_use.lock acquired by nodename 4652@fv-az1023-122
2023-11-20 19:26:38,004 [s2-impl-thread1] TRACE util.FileUtils (LogUtils.java:runAndLog(49)) - Successfully ran Files.createDirectories /home/runner/work/ratis/ratis/ratis-test/target/test/data/42d3a8b8/MiniRaftClusterWithGrpc9670f7f/s2/eb407375-2276-40a5-a3f1-f61a228dbe4a/current
2023-11-20 19:26:38,004 [s2-impl-thread1] TRACE util.FileUtils (LogUtils.java:runAndLog(49)) - Successfully ran Files.createDirectories /home/runner/work/ratis/ratis/ratis-test/target/test/data/42d3a8b8/MiniRaftClusterWithGrpc9670f7f/s2/eb407375-2276-40a5-a3f1-f61a228dbe4a/sm
2023-11-20 19:26:38,004 [s2-impl-thread1] TRACE util.FileUtils (LogUtils.java:supplyAndLog(69)) - Successfully supplied FileChannel.open /home/runner/work/ratis/ratis/ratis-test/target/test/data/42d3a8b8/MiniRaftClusterWithGrpc9670f7f/s2/eb407375-2276-40a5-a3f1-f61a228dbe4a/current/raft-meta.tmp with options [CREATE, WRITE]: sun.nio.ch.FileChannelImpl@5bdeec3b
2023-11-20 19:26:38,005 [s2-impl-thread1] TRACE util.FileUtils (LogUtils.java:runAndLog(49)) - Successfully ran Atomic Files.move /home/runner/work/ratis/ratis/ratis-test/target/test/data/42d3a8b8/MiniRaftClusterWithGrpc9670f7f/s2/eb407375-2276-40a5-a3f1-f61a228dbe4a/current/raft-meta.tmp to /home/runner/work/ratis/ratis/ratis-test/target/test/data/42d3a8b8/MiniRaftClusterWithGrpc9670f7f/s2/eb407375-2276-40a5-a3f1-f61a228dbe4a/current/raft-meta with options [REPLACE_EXISTING]
2023-11-20 19:26:38,005 [s2-impl-thread1] INFO  storage.RaftStorage (RaftStorageImpl.java:format(99)) - Storage directory /home/runner/work/ratis/ratis/ratis-test/target/test/data/42d3a8b8/MiniRaftClusterWithGrpc9670f7f/s2/eb407375-2276-40a5-a3f1-f61a228dbe4a has been successfully formatted.
2023-11-20 19:26:38,005 [s2-impl-thread1] TRACE util.FileUtils (LogUtils.java:supplyAndLog(61)) - Failed to Files.newInputStream /home/runner/work/ratis/ratis/ratis-test/target/test/data/42d3a8b8/MiniRaftClusterWithGrpc9670f7f/s2/eb407375-2276-40a5-a3f1-f61a228dbe4a/current/raft-meta.conf with options []
java.nio.file.NoSuchFileException: /home/runner/work/ratis/ratis/ratis-test/target/test/data/42d3a8b8/MiniRaftClusterWithGrpc9670f7f/s2/eb407375-2276-40a5-a3f1-f61a228dbe4a/current/raft-meta.conf
	at java.base/sun.nio.fs.UnixException.translateToIOException(UnixException.java:92)
	at java.base/sun.nio.fs.UnixException.rethrowAsIOException(UnixException.java:111)
	at java.base/sun.nio.fs.UnixException.rethrowAsIOException(UnixException.java:116)
	at java.base/sun.nio.fs.UnixFileSystemProvider.newByteChannel(UnixFileSystemProvider.java:219)
	at java.base/java.nio.file.Files.newByteChannel(Files.java:371)
	at java.base/java.nio.file.Files.newByteChannel(Files.java:422)
	at java.base/java.nio.file.spi.FileSystemProvider.newInputStream(FileSystemProvider.java:420)
	at java.base/java.nio.file.Files.newInputStream(Files.java:156)
	at org.apache.ratis.util.FileUtils.lambda$newInputStream$2(FileUtils.java:73)
	at org.apache.ratis.util.LogUtils.supplyAndLog(LogUtils.java:58)
	at org.apache.ratis.util.FileUtils.newInputStream(FileUtils.java:72)
	at org.apache.ratis.util.FileUtils.newInputStream(FileUtils.java:68)
	at org.apache.ratis.server.storage.RaftStorageImpl.readRaftConfiguration(RaftStorageImpl.java:156)
	at org.apache.ratis.server.impl.ServerState.initialize(ServerState.java:141)
	at org.apache.ratis.server.impl.RaftServerImpl.start(RaftServerImpl.java:388)
	at org.apache.ratis.util.ConcurrentUtils.accept(ConcurrentUtils.java:203)
	at org.apache.ratis.util.ConcurrentUtils.lambda$parallelForEachAsync$4(ConcurrentUtils.java:182)
	at java.base/java.util.concurrent.ThreadPoolExecutor.runWorker(ThreadPoolExecutor.java:1128)
	at java.base/java.util.concurrent.ThreadPoolExecutor$Worker.run(ThreadPoolExecutor.java:628)
	at java.base/java.lang.Thread.run(Thread.java:829)
2023-11-20 19:26:38,005 [s2-impl-thread1] INFO  impl.SimpleStateMachine4Testing (SimpleStateMachine4Testing.java:initialize(213)) - Initializing SimpleStateMachine4Testing:uninitialized
2023-11-20 19:26:38,006 [s2-impl-thread1] INFO  impl.SimpleStateMachine4Testing (SimpleStateMachine4Testing.java:loadSnapshot(296)) - Loading snapshot null
2023-11-20 19:26:38,006 [s2-impl-thread1] INFO  server.RaftServerConfigKeys (ConfUtils.java:logGet(46)) - raft.server.log.use.memory = false (default)
2023-11-20 19:26:38,006 [s2-impl-thread1] INFO  server.RaftServerConfigKeys (ConfUtils.java:logGet(46)) - raft.server.log.purge.gap = 1024 (default)
2023-11-20 19:26:38,006 [s2-impl-thread1] INFO  server.RaftServerConfigKeys (ConfUtils.java:logGet(46)) - raft.server.log.appender.buffer.byte-limit = 4MB (=4194304) (default)
2023-11-20 19:26:38,006 [s2-impl-thread1] INFO  server.RaftServerConfigKeys (ConfUtils.java:logGet(46)) - raft.server.log.statemachine.data.read.timeout = 1000ms (default)
2023-11-20 19:26:38,006 [s2-impl-thread1] INFO  server.RaftServerConfigKeys (ConfUtils.java:logGet(46)) - raft.server.log.purge.preservation.log.num = 0 (default)
2023-11-20 19:26:38,007 [s2-impl-thread1] INFO  server.RaftServerConfigKeys (ConfUtils.java:logGet(46)) - raft.server.log.segment.size.max = 32MB (=33554432) (default)
2023-11-20 19:26:38,007 [s2-impl-thread1] INFO  server.RaftServerConfigKeys (ConfUtils.java:logGet(46)) - raft.server.log.segment.cache.num.max = 6 (default)
2023-11-20 19:26:38,007 [s2-impl-thread1] INFO  server.RaftServerConfigKeys (ConfUtils.java:logGet(46)) - raft.server.log.segment.cache.size.max = 200MB (=209715200) (default)
2023-11-20 19:26:38,007 [s2-impl-thread1] INFO  server.RaftServerConfigKeys (ConfUtils.java:logGet(46)) - raft.server.log.appender.buffer.byte-limit = 4MB (=4194304) (default)
2023-11-20 19:26:38,008 [s2-impl-thread1] INFO  util.AwaitToRun (AwaitToRun.java:start(81)) - Thread[s2@group-F61A228DBE4A-cacheEviction-AwaitToRun,5,main] started
2023-11-20 19:26:38,008 [s2-impl-thread1] INFO  segmented.SegmentedRaftLogWorker (SegmentedRaftLogWorker.java:<init>(182)) - new s2@group-F61A228DBE4A-SegmentedRaftLogWorker for RaftStorageImpl:Storage Directory /home/runner/work/ratis/ratis/ratis-test/target/test/data/42d3a8b8/MiniRaftClusterWithGrpc9670f7f/s2/eb407375-2276-40a5-a3f1-f61a228dbe4a
2023-11-20 19:26:38,008 [s2-impl-thread1] INFO  server.RaftServerConfigKeys (ConfUtils.java:logGet(46)) - raft.server.log.queue.byte-limit = 64MB (=67108864) (default)
2023-11-20 19:26:38,008 [s2-impl-thread1] INFO  server.RaftServerConfigKeys (ConfUtils.java:logGet(46)) - raft.server.log.queue.element-limit = 4096 (default)
2023-11-20 19:26:38,008 [s2-impl-thread1] INFO  server.RaftServerConfigKeys (ConfUtils.java:logGet(46)) - raft.server.log.segment.size.max = 32MB (=33554432) (default)
2023-11-20 19:26:38,008 [s2-impl-thread1] INFO  server.RaftServerConfigKeys (ConfUtils.java:logGet(46)) - raft.server.log.preallocated.size = 4MB (=4194304) (default)
2023-11-20 19:26:38,008 [s2-impl-thread1] INFO  server.RaftServerConfigKeys (ConfUtils.java:logGet(46)) - raft.server.log.force.sync.num = 128 (default)
2023-11-20 19:26:38,008 [s2-impl-thread1] INFO  server.RaftServerConfigKeys (ConfUtils.java:logGet(46)) - raft.server.log.statemachine.data.sync = true (default)
2023-11-20 19:26:38,008 [s2-impl-thread1] INFO  server.RaftServerConfigKeys (ConfUtils.java:logGet(46)) - raft.server.log.statemachine.data.sync.timeout = 10s (default)
2023-11-20 19:26:38,008 [s2-impl-thread1] INFO  server.RaftServerConfigKeys (ConfUtils.java:logGet(46)) - raft.server.log.statemachine.data.sync.timeout.retry = -1 (default)
2023-11-20 19:26:38,008 [s2-impl-thread1] INFO  server.RaftServerConfigKeys (ConfUtils.java:logGet(46)) - raft.server.log.write.buffer.size = 8MB (=8388608) (default)
2023-11-20 19:26:38,010 [s2-impl-thread1] INFO  server.RaftServerConfigKeys (ConfUtils.java:logGet(46)) - raft.server.log.appender.buffer.byte-limit = 4MB (=4194304) (default)
2023-11-20 19:26:38,011 [s2-impl-thread1] INFO  server.RaftServerConfigKeys (ConfUtils.java:logGet(46)) - raft.server.log.unsafe-flush.enabled = false (default)
2023-11-20 19:26:38,011 [s2-impl-thread1] INFO  server.RaftServerConfigKeys (ConfUtils.java:logGet(46)) - raft.server.log.async-flush.enabled = false (default)
2023-11-20 19:26:38,011 [s2-impl-thread1] INFO  server.RaftServerConfigKeys (ConfUtils.java:logGet(46)) - raft.server.log.statemachine.data.caching.enabled = false (default)
2023-11-20 19:26:38,011 [s2-impl-thread1] INFO  segmented.SegmentedRaftLogWorker (SegmentedRaftLogWorker.java:lambda$new$0(134)) - s2@group-F61A228DBE4A-SegmentedRaftLogWorker: flushIndex: setUnconditionally 0 -> -1
2023-11-20 19:26:38,011 [s2-impl-thread1] INFO  segmented.SegmentedRaftLogWorker (SegmentedRaftLogWorker.java:lambda$new$0(134)) - s2@group-F61A228DBE4A-SegmentedRaftLogWorker: safeCacheEvictIndex: setUnconditionally 0 -> -1
2023-11-20 19:26:38,011 [s2-impl-thread1] INFO  server.RaftServer$Division (RaftServerImpl.java:start(392)) - s2@group-F61A228DBE4A: start as a follower, conf=-1: peers:[s0|localhost:36391, s1|localhost:43315, s2|localhost:39341]|listeners:[], old=null
2023-11-20 19:26:38,011 [s2-impl-thread1] INFO  server.RaftServer$Division (RaftServerImpl.java:setRole(379)) - s2@group-F61A228DBE4A: changes role from      null to FOLLOWER at term 0 for startAsFollower
2023-11-20 19:26:38,011 [s2-impl-thread1] INFO  impl.RoleInfo (RoleInfo.java:updateAndGet(139)) - s2: start s2@group-F61A228DBE4A-FollowerState
2023-11-20 19:26:38,012 [s2@group-F61A228DBE4A-FollowerState] INFO  server.RaftServerConfigKeys (ConfUtils.java:logFallback(53)) - raft.server.rpc.first-election.timeout.min = 150ms (fallback to raft.server.rpc.timeout.min)
2023-11-20 19:26:38,012 [s2-impl-thread1] INFO  util.JmxRegister (JmxRegister.java:tryRegister(44)) - Successfully registered JMX Bean with object name Ratis:service=RaftServer,group=group-F61A228DBE4A,id=s2
2023-11-20 19:26:38,012 [s2@group-F61A228DBE4A-FollowerState] INFO  server.RaftServerConfigKeys (ConfUtils.java:logFallback(53)) - raft.server.rpc.first-election.timeout.max = 300ms (fallback to raft.server.rpc.timeout.max)
2023-11-20 19:26:38,012 [s2-impl-thread1] INFO  server.RaftServerConfigKeys (ConfUtils.java:logGet(46)) - raft.server.snapshot.trigger-when-stop.enabled = true (default)
2023-11-20 19:26:38,012 [s2-impl-thread1] INFO  server.RaftServerConfigKeys (ConfUtils.java:logGet(46)) - raft.server.snapshot.auto.trigger.enabled = false (default)
2023-11-20 19:26:38,012 [s2-impl-thread1] INFO  server.RaftServerConfigKeys (ConfUtils.java:logGet(46)) - raft.server.snapshot.retention.file.num = -1 (default)
2023-11-20 19:26:38,012 [s2-impl-thread1] INFO  server.RaftServerConfigKeys (ConfUtils.java:logGet(46)) - raft.server.log.purge.upto.snapshot.index = false (default)
2023-11-20 19:26:38,012 [Time-limited test] INFO  server.RaftServer (RaftServerProxy.java:startImpl(406)) - s2: start RPC server
2023-11-20 19:26:38,014 [Time-limited test] INFO  server.GrpcService (GrpcService.java:startImpl(302)) - s2: GrpcService started, listening on 43097
2023-11-20 19:26:38,014 [Time-limited test] INFO  server.GrpcService (GrpcService.java:startImpl(302)) - s2: GrpcService started, listening on 39341
2023-11-20 19:26:38,015 [Time-limited test] INFO  server.GrpcService (GrpcService.java:startImpl(302)) - s2: GrpcService started, listening on 45525
2023-11-20 19:26:38,015 [JvmPauseMonitor5] INFO  util.JvmPauseMonitor (JvmPauseMonitor.java:run(146)) - JvmPauseMonitor-s2: Started
2023-11-20 19:26:38,016 [Time-limited test] INFO  server.RaftServerConfigKeys (ConfUtils.java:logGet(46)) - raft.server.rpc.timeout.max = 300ms (default)
2023-11-20 19:26:38,016 [Time-limited test] INFO  ratis.RaftTestUtil (RaftTestUtil.java:waitForLeader(100)) - printing ALL groups
  s0:  RUNNING  FOLLOWER s0@group-F61A228DBE4A:t0, leader=null, voted=, raftlog=Memoized:s0@group-F61A228DBE4A-SegmentedRaftLog:OPENED:c-1, conf=-1: peers:[s0|localhost:36391, s1|localhost:43315, s2|localhost:39341]|listeners:[], old=null RUNNING
  s1:  RUNNING  FOLLOWER s1@group-F61A228DBE4A:t0, leader=null, voted=, raftlog=Memoized:s1@group-F61A228DBE4A-SegmentedRaftLog:OPENED:c-1, conf=-1: peers:[s0|localhost:36391, s1|localhost:43315, s2|localhost:39341]|listeners:[], old=null RUNNING
  s2:  RUNNING  FOLLOWER s2@group-F61A228DBE4A:t0, leader=null, voted=, raftlog=Memoized:s2@group-F61A228DBE4A-SegmentedRaftLog:OPENED:c-1, conf=-1: peers:[s0|localhost:36391, s1|localhost:43315, s2|localhost:39341]|listeners:[], old=null RUNNING
2023-11-20 19:26:38,016 [Time-limited test] WARN  ratis.RaftTestUtil (JavaUtils.java:attempt(223)) - FAILED "waitForLeader-null-(expectLeader? true)", attempt #1/100: java.lang.IllegalStateException: No leader yet : printing ALL groups
  s0:  RUNNING  FOLLOWER s0@group-F61A228DBE4A:t0, leader=null, voted=, raftlog=Memoized:s0@group-F61A228DBE4A-SegmentedRaftLog:OPENED:c-1, conf=-1: peers:[s0|localhost:36391, s1|localhost:43315, s2|localhost:39341]|listeners:[], old=null RUNNING
  s1:  RUNNING  FOLLOWER s1@group-F61A228DBE4A:t0, leader=null, voted=, raftlog=Memoized:s1@group-F61A228DBE4A-SegmentedRaftLog:OPENED:c-1, conf=-1: peers:[s0|localhost:36391, s1|localhost:43315, s2|localhost:39341]|listeners:[], old=null RUNNING
  s2:  RUNNING  FOLLOWER s2@group-F61A228DBE4A:t0, leader=null, voted=, raftlog=Memoized:s2@group-F61A228DBE4A-SegmentedRaftLog:OPENED:c-1, conf=-1: peers:[s0|localhost:36391, s1|localhost:43315, s2|localhost:39341]|listeners:[], old=null RUNNING, sleep 450ms and then retry.
java.lang.IllegalStateException: No leader yet : printing ALL groups
  s0:  RUNNING  FOLLOWER s0@group-F61A228DBE4A:t0, leader=null, voted=, raftlog=Memoized:s0@group-F61A228DBE4A-SegmentedRaftLog:OPENED:c-1, conf=-1: peers:[s0|localhost:36391, s1|localhost:43315, s2|localhost:39341]|listeners:[], old=null RUNNING
  s1:  RUNNING  FOLLOWER s1@group-F61A228DBE4A:t0, leader=null, voted=, raftlog=Memoized:s1@group-F61A228DBE4A-SegmentedRaftLog:OPENED:c-1, conf=-1: peers:[s0|localhost:36391, s1|localhost:43315, s2|localhost:39341]|listeners:[], old=null RUNNING
  s2:  RUNNING  FOLLOWER s2@group-F61A228DBE4A:t0, leader=null, voted=, raftlog=Memoized:s2@group-F61A228DBE4A-SegmentedRaftLog:OPENED:c-1, conf=-1: peers:[s0|localhost:36391, s1|localhost:43315, s2|localhost:39341]|listeners:[], old=null RUNNING
	at org.apache.ratis.server.impl.MiniRaftCluster.newIllegalStateExceptionForNoLeaders(MiniRaftCluster.java:581)
	at org.apache.ratis.RaftTestUtil.lambda$waitForLeader$1(RaftTestUtil.java:104)
	at org.apache.ratis.server.impl.MiniRaftCluster.getLeader(MiniRaftCluster.java:615)
	at org.apache.ratis.server.impl.MiniRaftCluster.getLeader(MiniRaftCluster.java:608)
	at org.apache.ratis.RaftTestUtil.lambda$waitForLeader$3(RaftTestUtil.java:112)
	at org.apache.ratis.util.JavaUtils.attempt(JavaUtils.java:217)
	at org.apache.ratis.util.JavaUtils.attemptRepeatedly(JavaUtils.java:203)
	at org.apache.ratis.RaftTestUtil.waitForLeader(RaftTestUtil.java:111)
	at org.apache.ratis.RaftTestUtil.waitForLeader(RaftTestUtil.java:92)
	at org.apache.ratis.RaftTestUtil.waitForLeader(RaftTestUtil.java:87)
	at org.apache.ratis.grpc.TestRetryCacheWithGrpc$InvalidateRepliedCallsTest.<init>(TestRetryCacheWithGrpc.java:76)
	at org.apache.ratis.grpc.TestRetryCacheWithGrpc.lambda$testInvalidateRepliedCalls$0(TestRetryCacheWithGrpc.java:61)
	at org.apache.ratis.server.impl.MiniRaftCluster$Factory$Get.runWithNewCluster(MiniRaftCluster.java:141)
	at org.apache.ratis.server.impl.MiniRaftCluster$Factory$Get.runWithNewCluster(MiniRaftCluster.java:121)
	at org.apache.ratis.grpc.TestRetryCacheWithGrpc.testInvalidateRepliedCalls(TestRetryCacheWithGrpc.java:61)
	at java.base/jdk.internal.reflect.NativeMethodAccessorImpl.invoke0(Native Method)
	at java.base/jdk.internal.reflect.NativeMethodAccessorImpl.invoke(NativeMethodAccessorImpl.java:62)
	at java.base/jdk.internal.reflect.DelegatingMethodAccessorImpl.invoke(DelegatingMethodAccessorImpl.java:43)
	at java.base/java.lang.reflect.Method.invoke(Method.java:566)
	at org.junit.runners.model.FrameworkMethod$1.runReflectiveCall(FrameworkMethod.java:59)
	at org.junit.internal.runners.model.ReflectiveCallable.run(ReflectiveCallable.java:12)
	at org.junit.runners.model.FrameworkMethod.invokeExplosively(FrameworkMethod.java:56)
	at org.junit.internal.runners.statements.InvokeMethod.evaluate(InvokeMethod.java:17)
	at org.junit.internal.runners.statements.RunAfters.evaluate(RunAfters.java:27)
	at org.junit.internal.runners.statements.FailOnTimeout$CallableStatement.call(FailOnTimeout.java:299)
	at org.junit.internal.runners.statements.FailOnTimeout$CallableStatement.call(FailOnTimeout.java:293)
	at java.base/java.util.concurrent.FutureTask.run(FutureTask.java:264)
	at java.base/java.lang.Thread.run(Thread.java:829)
2023-11-20 19:26:38,163 [s1@group-F61A228DBE4A-FollowerState] INFO  impl.FollowerState (FollowerState.java:run(143)) - s1@group-F61A228DBE4A-FollowerState: change to CANDIDATE, lastRpcElapsedTime:167531190ns, electionTimeout:167ms
2023-11-20 19:26:38,163 [s1@group-F61A228DBE4A-FollowerState] INFO  impl.RoleInfo (RoleInfo.java:shutdownFollowerState(110)) - s1: shutdown s1@group-F61A228DBE4A-FollowerState
2023-11-20 19:26:38,163 [s1@group-F61A228DBE4A-FollowerState] INFO  server.RaftServer$Division (RaftServerImpl.java:setRole(379)) - s1@group-F61A228DBE4A: changes role from  FOLLOWER to CANDIDATE at term 0 for changeToCandidate
2023-11-20 19:26:38,163 [s1@group-F61A228DBE4A-FollowerState] INFO  server.RaftServerConfigKeys (ConfUtils.java:logGet(46)) - raft.server.leaderelection.pre-vote = true (default)
2023-11-20 19:26:38,163 [s1@group-F61A228DBE4A-FollowerState] INFO  impl.RoleInfo (RoleInfo.java:updateAndGet(139)) - s1: start s1@group-F61A228DBE4A-LeaderElection5
2023-11-20 19:26:38,164 [s1@group-F61A228DBE4A-LeaderElection5] INFO  impl.LeaderElection (LeaderElection.java:askForVotes(323)) - s1@group-F61A228DBE4A-LeaderElection5 PRE_VOTE round 0: submit vote requests at term 0 for -1: peers:[s0|localhost:36391, s1|localhost:43315, s2|localhost:39341]|listeners:[], old=null
2023-11-20 19:26:38,164 [s1@group-F61A228DBE4A-LeaderElection5-1] INFO  server.GrpcServerProtocolClient (GrpcServerProtocolClient.java:<init>(65)) - Build channel for s0
2023-11-20 19:26:38,164 [s1@group-F61A228DBE4A-LeaderElection5-2] INFO  server.GrpcServerProtocolClient (GrpcServerProtocolClient.java:<init>(65)) - Build channel for s2
2023-11-20 19:26:38,164 [s1@group-F61A228DBE4A-LeaderElection5] INFO  server.RaftServerConfigKeys (ConfUtils.java:logFallback(53)) - raft.server.rpc.first-election.timeout.min = 150ms (fallback to raft.server.rpc.timeout.min)
2023-11-20 19:26:38,165 [s1@group-F61A228DBE4A-LeaderElection5] INFO  server.RaftServerConfigKeys (ConfUtils.java:logFallback(53)) - raft.server.rpc.first-election.timeout.max = 300ms (fallback to raft.server.rpc.timeout.max)
2023-11-20 19:26:38,174 [grpc-default-executor-1] INFO  server.RaftServer$Division (RaftServerImpl.java:requestVote(1377)) - s2@group-F61A228DBE4A: receive requestVote(PRE_VOTE, s1, group-F61A228DBE4A, 0, (t:0, i:0))
2023-11-20 19:26:38,174 [grpc-default-executor-0] INFO  server.RaftServer$Division (RaftServerImpl.java:requestVote(1377)) - s0@group-F61A228DBE4A: receive requestVote(PRE_VOTE, s1, group-F61A228DBE4A, 0, (t:0, i:0))
2023-11-20 19:26:38,174 [grpc-default-executor-1] INFO  impl.VoteContext (VoteContext.java:log(49)) - s2@group-F61A228DBE4A-FOLLOWER: accept PRE_VOTE from s1: our priority 0 <= candidate's priority 0
2023-11-20 19:26:38,174 [grpc-default-executor-0] INFO  impl.VoteContext (VoteContext.java:log(49)) - s0@group-F61A228DBE4A-FOLLOWER: accept PRE_VOTE from s1: our priority 0 <= candidate's priority 0
2023-11-20 19:26:38,174 [grpc-default-executor-1] INFO  server.RaftServer$Division (RaftServerImpl.java:requestVote(1410)) - s2@group-F61A228DBE4A replies to PRE_VOTE vote request: s1<-s2#0:OK-t0. Peer's state: s2@group-F61A228DBE4A:t0, leader=null, voted=, raftlog=Memoized:s2@group-F61A228DBE4A-SegmentedRaftLog:OPENED:c-1, conf=-1: peers:[s0|localhost:36391, s1|localhost:43315, s2|localhost:39341]|listeners:[], old=null
2023-11-20 19:26:38,174 [grpc-default-executor-0] INFO  server.RaftServer$Division (RaftServerImpl.java:requestVote(1410)) - s0@group-F61A228DBE4A replies to PRE_VOTE vote request: s1<-s0#0:OK-t0. Peer's state: s0@group-F61A228DBE4A:t0, leader=null, voted=, raftlog=Memoized:s0@group-F61A228DBE4A-SegmentedRaftLog:OPENED:c-1, conf=-1: peers:[s0|localhost:36391, s1|localhost:43315, s2|localhost:39341]|listeners:[], old=null
2023-11-20 19:26:38,175 [s2@group-F61A228DBE4A-FollowerState] INFO  server.RaftServerConfigKeys (ConfUtils.java:logFallback(53)) - raft.server.rpc.first-election.timeout.min = 150ms (fallback to raft.server.rpc.timeout.min)
2023-11-20 19:26:38,175 [s2@group-F61A228DBE4A-FollowerState] INFO  server.RaftServerConfigKeys (ConfUtils.java:logFallback(53)) - raft.server.rpc.first-election.timeout.max = 300ms (fallback to raft.server.rpc.timeout.max)
2023-11-20 19:26:38,176 [s1@group-F61A228DBE4A-LeaderElection5] INFO  impl.LeaderElection (LeaderElection.java:logAndReturn(89)) - s1@group-F61A228DBE4A-LeaderElection5: PRE_VOTE PASSED received 1 response(s) and 0 exception(s):
2023-11-20 19:26:38,176 [s1@group-F61A228DBE4A-LeaderElection5] INFO  impl.LeaderElection (LeaderElection.java:logAndReturn(93)) -   Response 0: s1<-s2#0:OK-t0
2023-11-20 19:26:38,176 [s1@group-F61A228DBE4A-LeaderElection5] INFO  impl.LeaderElection (LeaderElection.java:askForVotes(325)) - s1@group-F61A228DBE4A-LeaderElection5 PRE_VOTE round 0: result PASSED
2023-11-20 19:26:38,176 [s1@group-F61A228DBE4A-LeaderElection5] TRACE util.FileUtils (LogUtils.java:supplyAndLog(69)) - Successfully supplied FileChannel.open /home/runner/work/ratis/ratis/ratis-test/target/test/data/42d3a8b8/MiniRaftClusterWithGrpc9670f7f/s1/eb407375-2276-40a5-a3f1-f61a228dbe4a/current/raft-meta.tmp with options [CREATE, WRITE]: sun.nio.ch.FileChannelImpl@19698d48
2023-11-20 19:26:38,180 [s1@group-F61A228DBE4A-LeaderElection5] TRACE util.FileUtils (LogUtils.java:runAndLog(49)) - Successfully ran Atomic Files.move /home/runner/work/ratis/ratis/ratis-test/target/test/data/42d3a8b8/MiniRaftClusterWithGrpc9670f7f/s1/eb407375-2276-40a5-a3f1-f61a228dbe4a/current/raft-meta.tmp to /home/runner/work/ratis/ratis/ratis-test/target/test/data/42d3a8b8/MiniRaftClusterWithGrpc9670f7f/s1/eb407375-2276-40a5-a3f1-f61a228dbe4a/current/raft-meta with options [REPLACE_EXISTING]
2023-11-20 19:26:38,180 [s1@group-F61A228DBE4A-LeaderElection5] INFO  impl.LeaderElection (LeaderElection.java:askForVotes(323)) - s1@group-F61A228DBE4A-LeaderElection5 ELECTION round 0: submit vote requests at term 1 for -1: peers:[s0|localhost:36391, s1|localhost:43315, s2|localhost:39341]|listeners:[], old=null
2023-11-20 19:26:38,180 [s1@group-F61A228DBE4A-LeaderElection5] INFO  server.RaftServerConfigKeys (ConfUtils.java:logFallback(53)) - raft.server.rpc.first-election.timeout.min = 150ms (fallback to raft.server.rpc.timeout.min)
2023-11-20 19:26:38,180 [s1@group-F61A228DBE4A-LeaderElection5] INFO  server.RaftServerConfigKeys (ConfUtils.java:logFallback(53)) - raft.server.rpc.first-election.timeout.max = 300ms (fallback to raft.server.rpc.timeout.max)
2023-11-20 19:26:38,182 [grpc-default-executor-0] INFO  server.RaftServer$Division (RaftServerImpl.java:requestVote(1377)) - s2@group-F61A228DBE4A: receive requestVote(ELECTION, s1, group-F61A228DBE4A, 1, (t:0, i:0))
2023-11-20 19:26:38,182 [grpc-default-executor-0] INFO  impl.VoteContext (VoteContext.java:log(49)) - s2@group-F61A228DBE4A-FOLLOWER: accept ELECTION from s1: our priority 0 <= candidate's priority 0
2023-11-20 19:26:38,182 [grpc-default-executor-0] INFO  server.RaftServer$Division (RaftServerImpl.java:setRole(379)) - s2@group-F61A228DBE4A: changes role from  FOLLOWER to FOLLOWER at term 1 for candidate:s1
2023-11-20 19:26:38,182 [grpc-default-executor-0] INFO  impl.RoleInfo (RoleInfo.java:shutdownFollowerState(110)) - s2: shutdown s2@group-F61A228DBE4A-FollowerState
2023-11-20 19:26:38,182 [grpc-default-executor-1] INFO  server.RaftServer$Division (RaftServerImpl.java:requestVote(1377)) - s0@group-F61A228DBE4A: receive requestVote(ELECTION, s1, group-F61A228DBE4A, 1, (t:0, i:0))
2023-11-20 19:26:38,182 [s2@group-F61A228DBE4A-FollowerState] INFO  impl.FollowerState (FollowerState.java:run(152)) - s2@group-F61A228DBE4A-FollowerState was interrupted
2023-11-20 19:26:38,182 [grpc-default-executor-0] INFO  impl.RoleInfo (RoleInfo.java:updateAndGet(139)) - s2: start s2@group-F61A228DBE4A-FollowerState
2023-11-20 19:26:38,182 [grpc-default-executor-1] INFO  impl.VoteContext (VoteContext.java:log(49)) - s0@group-F61A228DBE4A-FOLLOWER: accept ELECTION from s1: our priority 0 <= candidate's priority 0
2023-11-20 19:26:38,182 [grpc-default-executor-0] INFO  server.RaftServer$Division (RaftServerImpl.java:setFirstElection(564)) - s2@group-F61A228DBE4A: set firstElectionSinceStartup to false for candidate:s1
2023-11-20 19:26:38,182 [grpc-default-executor-1] INFO  server.RaftServer$Division (RaftServerImpl.java:setRole(379)) - s0@group-F61A228DBE4A: changes role from  FOLLOWER to FOLLOWER at term 1 for candidate:s1
2023-11-20 19:26:38,182 [grpc-default-executor-1] INFO  impl.RoleInfo (RoleInfo.java:shutdownFollowerState(110)) - s0: shutdown s0@group-F61A228DBE4A-FollowerState
2023-11-20 19:26:38,183 [grpc-default-executor-0] TRACE util.FileUtils (LogUtils.java:supplyAndLog(69)) - Successfully supplied FileChannel.open /home/runner/work/ratis/ratis/ratis-test/target/test/data/42d3a8b8/MiniRaftClusterWithGrpc9670f7f/s2/eb407375-2276-40a5-a3f1-f61a228dbe4a/current/raft-meta.tmp with options [CREATE, WRITE]: sun.nio.ch.FileChannelImpl@5fb96fc6
2023-11-20 19:26:38,183 [s0@group-F61A228DBE4A-FollowerState] INFO  impl.FollowerState (FollowerState.java:run(152)) - s0@group-F61A228DBE4A-FollowerState was interrupted
2023-11-20 19:26:38,183 [grpc-default-executor-1] INFO  impl.RoleInfo (RoleInfo.java:updateAndGet(139)) - s0: start s0@group-F61A228DBE4A-FollowerState
2023-11-20 19:26:38,183 [grpc-default-executor-1] INFO  server.RaftServer$Division (RaftServerImpl.java:setFirstElection(564)) - s0@group-F61A228DBE4A: set firstElectionSinceStartup to false for candidate:s1
2023-11-20 19:26:38,183 [grpc-default-executor-1] TRACE util.FileUtils (LogUtils.java:supplyAndLog(69)) - Successfully supplied FileChannel.open /home/runner/work/ratis/ratis/ratis-test/target/test/data/42d3a8b8/MiniRaftClusterWithGrpc9670f7f/s0/eb407375-2276-40a5-a3f1-f61a228dbe4a/current/raft-meta.tmp with options [CREATE, WRITE]: sun.nio.ch.FileChannelImpl@55113505
2023-11-20 19:26:38,184 [grpc-default-executor-0] TRACE util.FileUtils (LogUtils.java:runAndLog(49)) - Successfully ran Atomic Files.move /home/runner/work/ratis/ratis/ratis-test/target/test/data/42d3a8b8/MiniRaftClusterWithGrpc9670f7f/s2/eb407375-2276-40a5-a3f1-f61a228dbe4a/current/raft-meta.tmp to /home/runner/work/ratis/ratis/ratis-test/target/test/data/42d3a8b8/MiniRaftClusterWithGrpc9670f7f/s2/eb407375-2276-40a5-a3f1-f61a228dbe4a/current/raft-meta with options [REPLACE_EXISTING]
2023-11-20 19:26:38,184 [grpc-default-executor-0] INFO  server.RaftServer$Division (RaftServerImpl.java:requestVote(1410)) - s2@group-F61A228DBE4A replies to ELECTION vote request: s1<-s2#0:OK-t1. Peer's state: s2@group-F61A228DBE4A:t1, leader=null, voted=s1, raftlog=Memoized:s2@group-F61A228DBE4A-SegmentedRaftLog:OPENED:c-1, conf=-1: peers:[s0|localhost:36391, s1|localhost:43315, s2|localhost:39341]|listeners:[], old=null
2023-11-20 19:26:38,184 [grpc-default-executor-1] TRACE util.FileUtils (LogUtils.java:runAndLog(49)) - Successfully ran Atomic Files.move /home/runner/work/ratis/ratis/ratis-test/target/test/data/42d3a8b8/MiniRaftClusterWithGrpc9670f7f/s0/eb407375-2276-40a5-a3f1-f61a228dbe4a/current/raft-meta.tmp to /home/runner/work/ratis/ratis/ratis-test/target/test/data/42d3a8b8/MiniRaftClusterWithGrpc9670f7f/s0/eb407375-2276-40a5-a3f1-f61a228dbe4a/current/raft-meta with options [REPLACE_EXISTING]
2023-11-20 19:26:38,184 [grpc-default-executor-1] INFO  server.RaftServer$Division (RaftServerImpl.java:requestVote(1410)) - s0@group-F61A228DBE4A replies to ELECTION vote request: s1<-s0#0:OK-t1. Peer's state: s0@group-F61A228DBE4A:t1, leader=null, voted=s1, raftlog=Memoized:s0@group-F61A228DBE4A-SegmentedRaftLog:OPENED:c-1, conf=-1: peers:[s0|localhost:36391, s1|localhost:43315, s2|localhost:39341]|listeners:[], old=null
2023-11-20 19:26:38,185 [s1@group-F61A228DBE4A-LeaderElection5] INFO  impl.LeaderElection (LeaderElection.java:logAndReturn(89)) - s1@group-F61A228DBE4A-LeaderElection5: ELECTION PASSED received 1 response(s) and 0 exception(s):
2023-11-20 19:26:38,185 [s1@group-F61A228DBE4A-LeaderElection5] INFO  impl.LeaderElection (LeaderElection.java:logAndReturn(93)) -   Response 0: s1<-s0#0:OK-t1
2023-11-20 19:26:38,185 [s1@group-F61A228DBE4A-LeaderElection5] INFO  impl.LeaderElection (LeaderElection.java:askForVotes(325)) - s1@group-F61A228DBE4A-LeaderElection5 ELECTION round 0: result PASSED
2023-11-20 19:26:38,187 [s1@group-F61A228DBE4A-LeaderElection5] INFO  impl.RoleInfo (RoleInfo.java:shutdownLeaderElection(130)) - s1: shutdown s1@group-F61A228DBE4A-LeaderElection5
2023-11-20 19:26:38,188 [s1@group-F61A228DBE4A-LeaderElection5] INFO  server.RaftServer$Division (RaftServerImpl.java:setRole(379)) - s1@group-F61A228DBE4A: changes role from CANDIDATE to LEADER at term 1 for changeToLeader
2023-11-20 19:26:38,188 [s1@group-F61A228DBE4A-LeaderElection5] INFO  server.RaftServerConfigKeys (ConfUtils.java:logGet(46)) - raft.server.staging.catchup.gap = 1000 (default)
2023-11-20 19:26:38,188 [s1@group-F61A228DBE4A-LeaderElection5] INFO  server.RaftServerConfigKeys (ConfUtils.java:logGet(46)) - raft.server.write.element-limit = 4096 (default)
2023-11-20 19:26:38,188 [s1@group-F61A228DBE4A-LeaderElection5] INFO  server.RaftServerConfigKeys (ConfUtils.java:logGet(46)) - raft.server.write.byte-limit = 64MB (=67108864) (default)
2023-11-20 19:26:38,188 [s1@group-F61A228DBE4A-LeaderElection5] INFO  server.RaftServerConfigKeys (ConfUtils.java:logGet(46)) - raft.server.watch.timeout = 10s (default)
2023-11-20 19:26:38,188 [s1@group-F61A228DBE4A-LeaderElection5] INFO  server.RaftServerConfigKeys (ConfUtils.java:logGet(46)) - raft.server.watch.timeout.denomination = 1s (default)
2023-11-20 19:26:38,188 [s1@group-F61A228DBE4A-LeaderElection5] INFO  server.RaftServerConfigKeys (ConfUtils.java:logGet(46)) - raft.server.watch.element-limit = 65536 (default)
2023-11-20 19:26:38,188 [s1@group-F61A228DBE4A-LeaderElection5] INFO  server.RaftServerConfigKeys (ConfUtils.java:logGet(46)) - raft.server.read.leader.lease.enabled = false (default)
2023-11-20 19:26:38,188 [s1@group-F61A228DBE4A-LeaderElection5] INFO  server.RaftServerConfigKeys (ConfUtils.java:logGet(46)) - raft.server.read.leader.lease.timeout.ratio = 0.9 (default)
2023-11-20 19:26:38,188 [s1@group-F61A228DBE4A-LeaderElection5] INFO  server.RaftServerConfigKeys (ConfUtils.java:logGet(46)) - raft.server.rpc.timeout.min = 150ms (default)
2023-11-20 19:26:38,188 [s1@group-F61A228DBE4A-LeaderElection5] INFO  server.RaftServerConfigKeys (ConfUtils.java:logGet(46)) - raft.server.write.element-limit = 4096 (default)
2023-11-20 19:26:38,188 [s1@group-F61A228DBE4A-LeaderElection5] INFO  server.RaftServerConfigKeys (ConfUtils.java:logGet(46)) - raft.server.write.follower.gap.ratio.max = -1.0 (default)
2023-11-20 19:26:38,189 [s1@group-F61A228DBE4A-LeaderElection5] INFO  server.RaftServerConfigKeys (ConfUtils.java:logGet(46)) - raft.server.log.appender.snapshot.chunk.size.max = 16MB (=16777216) (default)
2023-11-20 19:26:38,189 [s1@group-F61A228DBE4A-LeaderElection5] INFO  server.RaftServerConfigKeys (ConfUtils.java:logGet(46)) - raft.server.log.appender.buffer.byte-limit = 4MB (=4194304) (default)
2023-11-20 19:26:38,189 [s1@group-F61A228DBE4A-LeaderElection5] INFO  server.RaftServerConfigKeys (ConfUtils.java:logGet(46)) - raft.server.log.appender.buffer.element-limit = 0 (default)
2023-11-20 19:26:38,189 [s1@group-F61A228DBE4A-LeaderElection5] INFO  server.RaftServerConfigKeys (ConfUtils.java:logGet(46)) - raft.server.log.appender.wait-time.min = 1ms (default)
2023-11-20 19:26:38,189 [s1@group-F61A228DBE4A-LeaderElection5] INFO  grpc.GrpcConfigKeys (ConfUtils.java:logGet(46)) - raft.grpc.server.leader.outstanding.appends.max = 8 (default)
2023-11-20 19:26:38,189 [s1@group-F61A228DBE4A-LeaderElection5] INFO  server.RaftServerConfigKeys (ConfUtils.java:logGet(46)) - raft.server.rpc.request.timeout = 3000ms (default)
2023-11-20 19:26:38,189 [s1@group-F61A228DBE4A-LeaderElection5] INFO  grpc.GrpcConfigKeys (ConfUtils.java:logGet(46)) - raft.grpc.server.install_snapshot.request.element-limit = 8 (default)
2023-11-20 19:26:38,189 [s1@group-F61A228DBE4A-LeaderElection5] INFO  grpc.GrpcConfigKeys (ConfUtils.java:logGet(46)) - raft.grpc.server.install_snapshot.request.timeout = 3000ms (default)
2023-11-20 19:26:38,189 [s1@group-F61A228DBE4A-LeaderElection5] INFO  server.RaftServerConfigKeys (ConfUtils.java:logGet(46)) - raft.server.log.appender.install.snapshot.enabled = true (default)
2023-11-20 19:26:38,189 [s1@group-F61A228DBE4A-LeaderElection5] INFO  grpc.GrpcConfigKeys (ConfUtils.java:logGet(46)) - raft.grpc.server.heartbeat.channel = true (default)
2023-11-20 19:26:38,189 [s1@group-F61A228DBE4A-LeaderElection5] INFO  server.RaftServerConfigKeys (ConfUtils.java:logGet(46)) - raft.server.log.appender.snapshot.chunk.size.max = 16MB (=16777216) (default)
2023-11-20 19:26:38,190 [s1@group-F61A228DBE4A-LeaderElection5] INFO  server.RaftServerConfigKeys (ConfUtils.java:logGet(46)) - raft.server.log.appender.buffer.byte-limit = 4MB (=4194304) (default)
2023-11-20 19:26:38,190 [s1@group-F61A228DBE4A-LeaderElection5] INFO  server.RaftServerConfigKeys (ConfUtils.java:logGet(46)) - raft.server.log.appender.buffer.element-limit = 0 (default)
2023-11-20 19:26:38,190 [s1@group-F61A228DBE4A-LeaderElection5] INFO  server.RaftServerConfigKeys (ConfUtils.java:logGet(46)) - raft.server.log.appender.wait-time.min = 1ms (default)
2023-11-20 19:26:38,190 [s1@group-F61A228DBE4A-LeaderElection5] INFO  grpc.GrpcConfigKeys (ConfUtils.java:logGet(46)) - raft.grpc.server.leader.outstanding.appends.max = 8 (default)
2023-11-20 19:26:38,190 [s1@group-F61A228DBE4A-LeaderElection5] INFO  server.RaftServerConfigKeys (ConfUtils.java:logGet(46)) - raft.server.rpc.request.timeout = 3000ms (default)
2023-11-20 19:26:38,190 [s1@group-F61A228DBE4A-LeaderElection5] INFO  grpc.GrpcConfigKeys (ConfUtils.java:logGet(46)) - raft.grpc.server.install_snapshot.request.element-limit = 8 (default)
2023-11-20 19:26:38,190 [s1@group-F61A228DBE4A-LeaderElection5] INFO  grpc.GrpcConfigKeys (ConfUtils.java:logGet(46)) - raft.grpc.server.install_snapshot.request.timeout = 3000ms (default)
2023-11-20 19:26:38,190 [s1@group-F61A228DBE4A-LeaderElection5] INFO  server.RaftServerConfigKeys (ConfUtils.java:logGet(46)) - raft.server.log.appender.install.snapshot.enabled = true (default)
2023-11-20 19:26:38,190 [s1@group-F61A228DBE4A-LeaderElection5] INFO  grpc.GrpcConfigKeys (ConfUtils.java:logGet(46)) - raft.grpc.server.heartbeat.channel = true (default)
2023-11-20 19:26:38,190 [s1@group-F61A228DBE4A-LeaderElection5] INFO  impl.RoleInfo (RoleInfo.java:updateAndGet(139)) - s1: start s1@group-F61A228DBE4A-LeaderStateImpl
2023-11-20 19:26:38,190 [s1@group-F61A228DBE4A-LeaderElection5] INFO  server.RaftServer$Division (RaftServerImpl.java:setFirstElection(564)) - s1@group-F61A228DBE4A: set firstElectionSinceStartup to false for becomeLeader
2023-11-20 19:26:38,190 [s1@group-F61A228DBE4A-LeaderElection5] INFO  server.RaftServer$Division (ServerState.java:setLeader(265)) - s1@group-F61A228DBE4A: change Leader from null to s1 at term 1 for becomeLeader, leader elected after 226ms
2023-11-20 19:26:38,191 [s1@group-F61A228DBE4A-LeaderElection5] INFO  segmented.SegmentedRaftLogWorker (SegmentedRaftLogWorker.java:startLogSegment(430)) - s1@group-F61A228DBE4A-SegmentedRaftLogWorker: Starting segment from index:0
2023-11-20 19:26:38,191 [s1@group-F61A228DBE4A-SegmentedRaftLogWorker] INFO  segmented.BufferedWriteChannel (BufferedWriteChannel.java:open(62)) - open log_inprogress_0 at position 0
2023-11-20 19:26:38,192 [s1@group-F61A228DBE4A-LeaderElection5] INFO  server.RaftServer$Division (ServerState.java:setRaftConf(382)) - s1@group-F61A228DBE4A: set configuration 0: peers:[s0|localhost:36391, s1|localhost:43315, s2|localhost:39341]|listeners:[], old=null
2023-11-20 19:26:38,198 [s1@group-F61A228DBE4A-SegmentedRaftLogWorker] INFO  segmented.SegmentedRaftLogWorker (SegmentedRaftLogWorker.java:execute(634)) - s1@group-F61A228DBE4A-SegmentedRaftLogWorker: created new log segment /home/runner/work/ratis/ratis/ratis-test/target/test/data/42d3a8b8/MiniRaftClusterWithGrpc9670f7f/s1/eb407375-2276-40a5-a3f1-f61a228dbe4a/current/log_inprogress_0
2023-11-20 19:26:38,199 [s0-server-thread1] INFO  server.RaftServer$Division (ServerState.java:setLeader(265)) - s0@group-F61A228DBE4A: change Leader from null to s1 at term 1 for appendEntries, leader elected after 250ms
2023-11-20 19:26:38,200 [s2-server-thread1] INFO  server.RaftServer$Division (ServerState.java:setLeader(265)) - s2@group-F61A228DBE4A: change Leader from null to s1 at term 1 for appendEntries, leader elected after 228ms
2023-11-20 19:26:38,206 [s0-server-thread2] DEBUG server.RaftServer$Division (RaftServerImpl.java:logAppendEntries(1504)) - s0@group-F61A228DBE4A: receive appendEntries(s1, 1, null, -1, true, commits:[s1:c-1, s0:c-1, s2:c-1], cId:1, entries: [(t:1, i:0), CONFIGURATIONENTRY(current:id: "s0"
address: "localhost:36391"
dataStreamAddress: "localhost:35881"
clientAddress: "localhost:37411"
adminAddress: "localhost:34625"
startupRole: FOLLOWER
,id: "s1"
address: "localhost:43315"
dataStreamAddress: "localhost:45647"
clientAddress: "localhost:46099"
adminAddress: "localhost:34421"
startupRole: FOLLOWER
,id: "s2"
address: "localhost:39341"
dataStreamAddress: "localhost:37315"
clientAddress: "localhost:43097"
adminAddress: "localhost:45525"
startupRole: FOLLOWER
, old:)]
2023-11-20 19:26:38,206 [s2-server-thread1] DEBUG server.RaftServer$Division (RaftServerImpl.java:logAppendEntries(1504)) - s2@group-F61A228DBE4A: receive appendEntries(s1, 1, null, -1, true, commits:[s1:c-1, s0:c-1, s2:c-1], cId:1, entries: [(t:1, i:0), CONFIGURATIONENTRY(current:id: "s0"
address: "localhost:36391"
dataStreamAddress: "localhost:35881"
clientAddress: "localhost:37411"
adminAddress: "localhost:34625"
startupRole: FOLLOWER
,id: "s1"
address: "localhost:43315"
dataStreamAddress: "localhost:45647"
clientAddress: "localhost:46099"
adminAddress: "localhost:34421"
startupRole: FOLLOWER
,id: "s2"
address: "localhost:39341"
dataStreamAddress: "localhost:37315"
clientAddress: "localhost:43097"
adminAddress: "localhost:45525"
startupRole: FOLLOWER
, old:)]
2023-11-20 19:26:38,206 [s0-server-thread2] INFO  server.RaftServer$Division (ServerState.java:setRaftConf(382)) - s0@group-F61A228DBE4A: set configuration 0: peers:[s0|localhost:36391, s1|localhost:43315, s2|localhost:39341]|listeners:[], old=null
2023-11-20 19:26:38,206 [s0-server-thread2] INFO  segmented.SegmentedRaftLogWorker (SegmentedRaftLogWorker.java:startLogSegment(430)) - s0@group-F61A228DBE4A-SegmentedRaftLogWorker: Starting segment from index:0
2023-11-20 19:26:38,206 [s2-server-thread1] INFO  server.RaftServer$Division (ServerState.java:setRaftConf(382)) - s2@group-F61A228DBE4A: set configuration 0: peers:[s0|localhost:36391, s1|localhost:43315, s2|localhost:39341]|listeners:[], old=null
2023-11-20 19:26:38,207 [s2-server-thread1] INFO  segmented.SegmentedRaftLogWorker (SegmentedRaftLogWorker.java:startLogSegment(430)) - s2@group-F61A228DBE4A-SegmentedRaftLogWorker: Starting segment from index:0
2023-11-20 19:26:38,207 [s0@group-F61A228DBE4A-SegmentedRaftLogWorker] INFO  segmented.BufferedWriteChannel (BufferedWriteChannel.java:open(62)) - open log_inprogress_0 at position 0
2023-11-20 19:26:38,209 [s2@group-F61A228DBE4A-SegmentedRaftLogWorker] INFO  segmented.BufferedWriteChannel (BufferedWriteChannel.java:open(62)) - open log_inprogress_0 at position 0
2023-11-20 19:26:38,218 [s0@group-F61A228DBE4A-SegmentedRaftLogWorker] INFO  segmented.SegmentedRaftLogWorker (SegmentedRaftLogWorker.java:execute(634)) - s0@group-F61A228DBE4A-SegmentedRaftLogWorker: created new log segment /home/runner/work/ratis/ratis/ratis-test/target/test/data/42d3a8b8/MiniRaftClusterWithGrpc9670f7f/s0/eb407375-2276-40a5-a3f1-f61a228dbe4a/current/log_inprogress_0
2023-11-20 19:26:38,218 [s2@group-F61A228DBE4A-SegmentedRaftLogWorker] INFO  segmented.SegmentedRaftLogWorker (SegmentedRaftLogWorker.java:execute(634)) - s2@group-F61A228DBE4A-SegmentedRaftLogWorker: created new log segment /home/runner/work/ratis/ratis/ratis-test/target/test/data/42d3a8b8/MiniRaftClusterWithGrpc9670f7f/s2/eb407375-2276-40a5-a3f1-f61a228dbe4a/current/log_inprogress_0
2023-11-20 19:26:38,219 [s2-server-thread1] DEBUG server.RaftServer$Division (RaftServerImpl.java:logAppendEntries(1504)) - s2@group-F61A228DBE4A: succeeded to handle AppendEntries. Reply: s1<-s2#1:OK-t1,SUCCESS,nextIndex=1,followerCommit=-1,matchIndex=0
2023-11-20 19:26:38,219 [s0-server-thread2] DEBUG server.RaftServer$Division (RaftServerImpl.java:logAppendEntries(1504)) - s0@group-F61A228DBE4A: succeeded to handle AppendEntries. Reply: s1<-s0#1:OK-t1,SUCCESS,nextIndex=1,followerCommit=-1,matchIndex=0
2023-11-20 19:26:38,220 [s1@group-F61A228DBE4A-StateMachineUpdater] TRACE util.FileUtils (LogUtils.java:supplyAndLog(69)) - Successfully supplied FileChannel.open /home/runner/work/ratis/ratis/ratis-test/target/test/data/42d3a8b8/MiniRaftClusterWithGrpc9670f7f/s1/eb407375-2276-40a5-a3f1-f61a228dbe4a/current/raft-meta.conf.tmp with options [CREATE, WRITE]: sun.nio.ch.FileChannelImpl@7431ded8
2023-11-20 19:26:38,221 [s1@group-F61A228DBE4A-StateMachineUpdater] TRACE util.FileUtils (LogUtils.java:runAndLog(49)) - Successfully ran Atomic Files.move /home/runner/work/ratis/ratis/ratis-test/target/test/data/42d3a8b8/MiniRaftClusterWithGrpc9670f7f/s1/eb407375-2276-40a5-a3f1-f61a228dbe4a/current/raft-meta.conf.tmp to /home/runner/work/ratis/ratis/ratis-test/target/test/data/42d3a8b8/MiniRaftClusterWithGrpc9670f7f/s1/eb407375-2276-40a5-a3f1-f61a228dbe4a/current/raft-meta.conf with options [REPLACE_EXISTING]
2023-11-20 19:26:38,221 [s1@group-F61A228DBE4A-StateMachineUpdater] INFO  server.RaftServer$Division (LeaderStateImpl.java:isApplied(316)) - leader is ready since appliedIndex == 0 >= startIndex == 0
2023-11-20 19:26:38,298 [s0@group-F61A228DBE4A-StateMachineUpdater] TRACE util.FileUtils (LogUtils.java:supplyAndLog(69)) - Successfully supplied FileChannel.open /home/runner/work/ratis/ratis/ratis-test/target/test/data/42d3a8b8/MiniRaftClusterWithGrpc9670f7f/s0/eb407375-2276-40a5-a3f1-f61a228dbe4a/current/raft-meta.conf.tmp with options [CREATE, WRITE]: sun.nio.ch.FileChannelImpl@5f250a88
2023-11-20 19:26:38,298 [s2@group-F61A228DBE4A-StateMachineUpdater] TRACE util.FileUtils (LogUtils.java:supplyAndLog(69)) - Successfully supplied FileChannel.open /home/runner/work/ratis/ratis/ratis-test/target/test/data/42d3a8b8/MiniRaftClusterWithGrpc9670f7f/s2/eb407375-2276-40a5-a3f1-f61a228dbe4a/current/raft-meta.conf.tmp with options [CREATE, WRITE]: sun.nio.ch.FileChannelImpl@5cde0c19
2023-11-20 19:26:38,300 [s2@group-F61A228DBE4A-StateMachineUpdater] TRACE util.FileUtils (LogUtils.java:runAndLog(49)) - Successfully ran Atomic Files.move /home/runner/work/ratis/ratis/ratis-test/target/test/data/42d3a8b8/MiniRaftClusterWithGrpc9670f7f/s2/eb407375-2276-40a5-a3f1-f61a228dbe4a/current/raft-meta.conf.tmp to /home/runner/work/ratis/ratis/ratis-test/target/test/data/42d3a8b8/MiniRaftClusterWithGrpc9670f7f/s2/eb407375-2276-40a5-a3f1-f61a228dbe4a/current/raft-meta.conf with options [REPLACE_EXISTING]
2023-11-20 19:26:38,300 [s0@group-F61A228DBE4A-StateMachineUpdater] TRACE util.FileUtils (LogUtils.java:runAndLog(49)) - Successfully ran Atomic Files.move /home/runner/work/ratis/ratis/ratis-test/target/test/data/42d3a8b8/MiniRaftClusterWithGrpc9670f7f/s0/eb407375-2276-40a5-a3f1-f61a228dbe4a/current/raft-meta.conf.tmp to /home/runner/work/ratis/ratis/ratis-test/target/test/data/42d3a8b8/MiniRaftClusterWithGrpc9670f7f/s0/eb407375-2276-40a5-a3f1-f61a228dbe4a/current/raft-meta.conf with options [REPLACE_EXISTING]
2023-11-20 19:26:38,467 [Time-limited test] INFO  ratis.RaftTestUtil (RaftTestUtil.java:waitForLeader(119)) - printing ALL groups
  s0:  RUNNING  FOLLOWER s0@group-F61A228DBE4A:t1, leader=s1, voted=s1, raftlog=Memoized:s0@group-F61A228DBE4A-SegmentedRaftLog:OPENED:c0, conf=0: peers:[s0|localhost:36391, s1|localhost:43315, s2|localhost:39341]|listeners:[], old=null RUNNING
  s1:  RUNNING    LEADER s1@group-F61A228DBE4A:t1, leader=s1, voted=s1, raftlog=Memoized:s1@group-F61A228DBE4A-SegmentedRaftLog:OPENED:c0, conf=0: peers:[s0|localhost:36391, s1|localhost:43315, s2|localhost:39341]|listeners:[], old=null RUNNING
  s2:  RUNNING  FOLLOWER s2@group-F61A228DBE4A:t1, leader=s1, voted=s1, raftlog=Memoized:s2@group-F61A228DBE4A-SegmentedRaftLog:OPENED:c0, conf=0: peers:[s0|localhost:36391, s1|localhost:43315, s2|localhost:39341]|listeners:[], old=null RUNNING
2023-11-20 19:26:38,497 [s0-client-thread1] DEBUG server.RaftServer$Division (RaftServerImpl.java:submitClientRequestAsync(893)) - s0@group-F61A228DBE4A: receive client request(RaftClientRequest:client-E9C94F68C118->s0@group-F61A228DBE4A, cid=1, seq=null, RW, Message:6d31)
2023-11-20 19:26:38,498 [null-request--thread1] INFO  server.GrpcClientProtocolService (GrpcClientProtocolService.java:lambda$processClientRequest$0(284)) - Failed RaftClientRequest:client-E9C94F68C118->s0@group-F61A228DBE4A, cid=1, seq=null, RW, Message:6d31, reply=RaftClientReply:client-E9C94F68C118->s0@group-F61A228DBE4A, cid=1, FAILED org.apache.ratis.protocol.exceptions.NotLeaderException: Server s0@group-F61A228DBE4A is not the leader s1|localhost:43315, logIndex=0, commits[s0:c0, s1:c0, s2:c0]
2023-11-20 19:26:38,618 [s1-client-thread1] DEBUG server.RaftServer$Division (RaftServerImpl.java:submitClientRequestAsync(893)) - s1@group-F61A228DBE4A: receive client request(RaftClientRequest:client-E9C94F68C118->s1@group-F61A228DBE4A, cid=1, seq=null, RW, Message:6d31)
2023-11-20 19:26:38,619 [s1-client-thread1] DEBUG server.RaftServer$Division (LeaderStateImpl.java:addPendingRequest(517)) - s1@group-F61A228DBE4A-LeaderStateImpl: addPendingRequest at RaftClientRequest:client-E9C94F68C118->s1@group-F61A228DBE4A, cid=1, seq=null, RW, Message:6d31, entry=(t:1, i:1), STATEMACHINELOGENTRY, 1@client-E9C94F68C118
2023-11-20 19:26:38,621 [s0-server-thread1] DEBUG server.RaftServer$Division (RaftServerImpl.java:logAppendEntries(1504)) - s0@group-F61A228DBE4A: receive appendEntries(s1, 1, (t:1, i:0), 0, true, commits:[s1:c0, s0:c0, s2:c0], cId:8, entries: [(t:1, i:1), STATEMACHINELOGENTRY, 1@client-E9C94F68C118]
2023-11-20 19:26:38,621 [s2-server-thread2] DEBUG server.RaftServer$Division (RaftServerImpl.java:logAppendEntries(1504)) - s2@group-F61A228DBE4A: receive appendEntries(s1, 1, (t:1, i:0), 0, true, commits:[s1:c0, s0:c0, s2:c0], cId:8, entries: [(t:1, i:1), STATEMACHINELOGENTRY, 1@client-E9C94F68C118]
2023-11-20 19:26:38,622 [s0-server-thread1] DEBUG server.RaftServer$Division (RaftServerImpl.java:logAppendEntries(1504)) - s0@group-F61A228DBE4A: succeeded to handle AppendEntries. Reply: s1<-s0#8:OK-t1,SUCCESS,nextIndex=2,followerCommit=0,matchIndex=1
2023-11-20 19:26:38,622 [s2-server-thread2] DEBUG server.RaftServer$Division (RaftServerImpl.java:logAppendEntries(1504)) - s2@group-F61A228DBE4A: succeeded to handle AppendEntries. Reply: s1<-s2#8:OK-t1,SUCCESS,nextIndex=2,followerCommit=0,matchIndex=1
2023-11-20 19:26:38,623 [s1@group-F61A228DBE4A-StateMachineUpdater] INFO  impl.SimpleStateMachine4Testing (SimpleStateMachine4Testing.java:applyTransaction(248)) - applyTransaction for log index 1
2023-11-20 19:26:38,623 [s1@group-F61A228DBE4A-StateMachineUpdater] INFO  impl.SimpleStateMachine4Testing (SimpleStateMachine4Testing.java:put(205)) - s1: put 1, m1 -> (t:1, i:1), STATEMACHINELOGENTRY, 1@client-E9C94F68C118
2023-11-20 19:26:38,625 [s2-server-thread2] DEBUG server.RaftServer$Division (RaftServerImpl.java:logAppendEntries(1504)) - s2@group-F61A228DBE4A: receive appendEntries(s1, 1, (t:1, i:1), 1, true, commits:[s1:c1, s0:c0, s2:c0], cId:9, entries: [(t:1, i:2), METADATAENTRY(c:1)]
2023-11-20 19:26:38,625 [s0-server-thread1] DEBUG server.RaftServer$Division (RaftServerImpl.java:logAppendEntries(1504)) - s0@group-F61A228DBE4A: receive appendEntries(s1, 1, (t:1, i:1), 1, true, commits:[s1:c1, s0:c0, s2:c0], cId:9, entries: [(t:1, i:2), METADATAENTRY(c:1)]
2023-11-20 19:26:38,626 [s2-server-thread2] DEBUG server.RaftServer$Division (RaftServerImpl.java:logAppendEntries(1504)) - s2@group-F61A228DBE4A: succeeded to handle AppendEntries. Reply: s1<-s2#9:OK-t1,SUCCESS,nextIndex=3,followerCommit=1,matchIndex=2
2023-11-20 19:26:38,626 [s2@group-F61A228DBE4A-StateMachineUpdater] INFO  impl.SimpleStateMachine4Testing (SimpleStateMachine4Testing.java:applyTransaction(248)) - applyTransaction for log index 1
2023-11-20 19:26:38,626 [s2@group-F61A228DBE4A-StateMachineUpdater] INFO  impl.SimpleStateMachine4Testing (SimpleStateMachine4Testing.java:put(205)) - s2: put 1, m1 -> (t:1, i:1), STATEMACHINELOGENTRY, 1@client-E9C94F68C118
2023-11-20 19:26:38,626 [s0-server-thread1] DEBUG server.RaftServer$Division (RaftServerImpl.java:logAppendEntries(1504)) - s0@group-F61A228DBE4A: succeeded to handle AppendEntries. Reply: s1<-s0#9:OK-t1,SUCCESS,nextIndex=3,followerCommit=1,matchIndex=2
2023-11-20 19:26:38,626 [s0@group-F61A228DBE4A-StateMachineUpdater] INFO  impl.SimpleStateMachine4Testing (SimpleStateMachine4Testing.java:applyTransaction(248)) - applyTransaction for log index 1
2023-11-20 19:26:38,626 [s0@group-F61A228DBE4A-StateMachineUpdater] INFO  impl.SimpleStateMachine4Testing (SimpleStateMachine4Testing.java:put(205)) - s0: put 1, m1 -> (t:1, i:1), STATEMACHINELOGENTRY, 1@client-E9C94F68C118
2023-11-20 19:26:38,630 [s1-client-thread1] DEBUG server.RaftServer$Division (RaftServerImpl.java:submitClientRequestAsync(893)) - s1@group-F61A228DBE4A: receive client request(RaftClientRequest:client-E9C94F68C118->s1@group-F61A228DBE4A, cid=2, seq=null, RW, Message:6d32)
2023-11-20 19:26:38,630 [s1-client-thread1] DEBUG server.RetryCache (RetryCacheImpl.java:invalidateRepliedRequests(240)) - invalidateRepliedRequests callIds [1] for client-E9C94F68C118
2023-11-20 19:26:38,634 [s1-client-thread1] DEBUG server.RaftServer$Division (LeaderStateImpl.java:addPendingRequest(517)) - s1@group-F61A228DBE4A-LeaderStateImpl: addPendingRequest at RaftClientRequest:client-E9C94F68C118->s1@group-F61A228DBE4A, cid=2, seq=null, RW, Message:6d32, entry=(t:1, i:3), STATEMACHINELOGENTRY, 2@client-E9C94F68C118
2023-11-20 19:26:38,635 [s2-server-thread2] DEBUG server.RaftServer$Division (RaftServerImpl.java:logAppendEntries(1504)) - s2@group-F61A228DBE4A: receive appendEntries(s1, 1, (t:1, i:2), 2, true, commits:[s1:c2, s0:c1, s2:c1], cId:12, entries: [(t:1, i:3), STATEMACHINELOGENTRY, 2@client-E9C94F68C118]
2023-11-20 19:26:38,635 [s0-server-thread1] DEBUG server.RaftServer$Division (RaftServerImpl.java:logAppendEntries(1504)) - s0@group-F61A228DBE4A: receive appendEntries(s1, 1, (t:1, i:2), 2, true, commits:[s1:c2, s0:c1, s2:c1], cId:11, entries: [(t:1, i:3), STATEMACHINELOGENTRY, 2@client-E9C94F68C118]
2023-11-20 19:26:38,636 [s2-server-thread2] DEBUG server.RaftServer$Division (RaftServerImpl.java:logAppendEntries(1504)) - s2@group-F61A228DBE4A: succeeded to handle AppendEntries. Reply: s1<-s2#12:OK-t1,SUCCESS,nextIndex=4,followerCommit=2,matchIndex=3
2023-11-20 19:26:38,636 [s0-server-thread1] DEBUG server.RaftServer$Division (RaftServerImpl.java:logAppendEntries(1504)) - s0@group-F61A228DBE4A: succeeded to handle AppendEntries. Reply: s1<-s0#11:OK-t1,SUCCESS,nextIndex=4,followerCommit=2,matchIndex=3
2023-11-20 19:26:38,637 [s1@group-F61A228DBE4A-StateMachineUpdater] INFO  impl.SimpleStateMachine4Testing (SimpleStateMachine4Testing.java:applyTransaction(248)) - applyTransaction for log index 3
2023-11-20 19:26:38,638 [s1@group-F61A228DBE4A-StateMachineUpdater] INFO  impl.SimpleStateMachine4Testing (SimpleStateMachine4Testing.java:put(205)) - s1: put 3, m2 -> (t:1, i:3), STATEMACHINELOGENTRY, 2@client-E9C94F68C118
2023-11-20 19:26:38,639 [s2-server-thread2] DEBUG server.RaftServer$Division (RaftServerImpl.java:logAppendEntries(1504)) - s2@group-F61A228DBE4A: receive appendEntries(s1, 1, (t:1, i:3), 3, true, commits:[s1:c3, s0:c2, s2:c2], cId:13, entries: [(t:1, i:4), METADATAENTRY(c:3)]
2023-11-20 19:26:38,639 [s0-server-thread1] DEBUG server.RaftServer$Division (RaftServerImpl.java:logAppendEntries(1504)) - s0@group-F61A228DBE4A: receive appendEntries(s1, 1, (t:1, i:3), 3, true, commits:[s1:c3, s0:c2, s2:c2], cId:12, entries: [(t:1, i:4), METADATAENTRY(c:3)]
2023-11-20 19:26:38,640 [s2-server-thread2] DEBUG server.RaftServer$Division (RaftServerImpl.java:logAppendEntries(1504)) - s2@group-F61A228DBE4A: succeeded to handle AppendEntries. Reply: s1<-s2#13:OK-t1,SUCCESS,nextIndex=5,followerCommit=3,matchIndex=4
2023-11-20 19:26:38,640 [s2@group-F61A228DBE4A-StateMachineUpdater] INFO  impl.SimpleStateMachine4Testing (SimpleStateMachine4Testing.java:applyTransaction(248)) - applyTransaction for log index 3
2023-11-20 19:26:38,640 [s0-server-thread1] DEBUG server.RaftServer$Division (RaftServerImpl.java:logAppendEntries(1504)) - s0@group-F61A228DBE4A: succeeded to handle AppendEntries. Reply: s1<-s0#12:OK-t1,SUCCESS,nextIndex=5,followerCommit=3,matchIndex=4
2023-11-20 19:26:38,640 [s2@group-F61A228DBE4A-StateMachineUpdater] INFO  impl.SimpleStateMachine4Testing (SimpleStateMachine4Testing.java:put(205)) - s2: put 3, m2 -> (t:1, i:3), STATEMACHINELOGENTRY, 2@client-E9C94F68C118
2023-11-20 19:26:38,640 [s0@group-F61A228DBE4A-StateMachineUpdater] INFO  impl.SimpleStateMachine4Testing (SimpleStateMachine4Testing.java:applyTransaction(248)) - applyTransaction for log index 3
2023-11-20 19:26:38,640 [s0@group-F61A228DBE4A-StateMachineUpdater] INFO  impl.SimpleStateMachine4Testing (SimpleStateMachine4Testing.java:put(205)) - s0: put 3, m2 -> (t:1, i:3), STATEMACHINELOGENTRY, 2@client-E9C94F68C118
2023-11-20 19:26:38,643 [s1-client-thread1] DEBUG server.RaftServer$Division (RaftServerImpl.java:submitClientRequestAsync(893)) - s1@group-F61A228DBE4A: receive client request(RaftClientRequest:client-E9C94F68C118->s1@group-F61A228DBE4A, cid=3, seq=null, RW, Message:6d33)
2023-11-20 19:26:38,643 [s1-client-thread1] DEBUG server.RetryCache (RetryCacheImpl.java:invalidateRepliedRequests(240)) - invalidateRepliedRequests callIds [2] for client-E9C94F68C118
2023-11-20 19:26:38,643 [s1-client-thread1] DEBUG server.RaftServer$Division (LeaderStateImpl.java:addPendingRequest(517)) - s1@group-F61A228DBE4A-LeaderStateImpl: addPendingRequest at RaftClientRequest:client-E9C94F68C118->s1@group-F61A228DBE4A, cid=3, seq=null, RW, Message:6d33, entry=(t:1, i:5), STATEMACHINELOGENTRY, 3@client-E9C94F68C118
2023-11-20 19:26:38,645 [s0-server-thread1] DEBUG server.RaftServer$Division (RaftServerImpl.java:logAppendEntries(1504)) - s0@group-F61A228DBE4A: receive appendEntries(s1, 1, (t:1, i:4), 4, true, commits:[s1:c4, s0:c3, s2:c3], cId:16, entries: [(t:1, i:5), STATEMACHINELOGENTRY, 3@client-E9C94F68C118]
2023-11-20 19:26:38,645 [s2-server-thread2] DEBUG server.RaftServer$Division (RaftServerImpl.java:logAppendEntries(1504)) - s2@group-F61A228DBE4A: receive appendEntries(s1, 1, (t:1, i:4), 4, true, commits:[s1:c4, s0:c3, s2:c3], cId:16, entries: [(t:1, i:5), STATEMACHINELOGENTRY, 3@client-E9C94F68C118]
2023-11-20 19:26:38,645 [s0-server-thread1] DEBUG server.RaftServer$Division (RaftServerImpl.java:logAppendEntries(1504)) - s0@group-F61A228DBE4A: succeeded to handle AppendEntries. Reply: s1<-s0#16:OK-t1,SUCCESS,nextIndex=6,followerCommit=4,matchIndex=5
2023-11-20 19:26:38,646 [s2-server-thread2] DEBUG server.RaftServer$Division (RaftServerImpl.java:logAppendEntries(1504)) - s2@group-F61A228DBE4A: succeeded to handle AppendEntries. Reply: s1<-s2#16:OK-t1,SUCCESS,nextIndex=6,followerCommit=4,matchIndex=5
2023-11-20 19:26:38,646 [s1@group-F61A228DBE4A-StateMachineUpdater] INFO  impl.SimpleStateMachine4Testing (SimpleStateMachine4Testing.java:applyTransaction(248)) - applyTransaction for log index 5
2023-11-20 19:26:38,646 [s1@group-F61A228DBE4A-StateMachineUpdater] INFO  impl.SimpleStateMachine4Testing (SimpleStateMachine4Testing.java:put(205)) - s1: put 5, m3 -> (t:1, i:5), STATEMACHINELOGENTRY, 3@client-E9C94F68C118
2023-11-20 19:26:38,648 [s0-server-thread1] DEBUG server.RaftServer$Division (RaftServerImpl.java:logAppendEntries(1504)) - s0@group-F61A228DBE4A: receive appendEntries(s1, 1, (t:1, i:5), 5, true, commits:[s1:c5, s0:c4, s2:c4], cId:17, entries: [(t:1, i:6), METADATAENTRY(c:5)]
2023-11-20 19:26:38,649 [s2-server-thread2] DEBUG server.RaftServer$Division (RaftServerImpl.java:logAppendEntries(1504)) - s2@group-F61A228DBE4A: receive appendEntries(s1, 1, (t:1, i:5), 5, true, commits:[s1:c5, s0:c4, s2:c4], cId:18, entries: [(t:1, i:6), METADATAENTRY(c:5)]
2023-11-20 19:26:38,649 [s0-server-thread1] DEBUG server.RaftServer$Division (RaftServerImpl.java:logAppendEntries(1504)) - s0@group-F61A228DBE4A: succeeded to handle AppendEntries. Reply: s1<-s0#17:OK-t1,SUCCESS,nextIndex=7,followerCommit=5,matchIndex=6
2023-11-20 19:26:38,649 [s0@group-F61A228DBE4A-StateMachineUpdater] INFO  impl.SimpleStateMachine4Testing (SimpleStateMachine4Testing.java:applyTransaction(248)) - applyTransaction for log index 5
2023-11-20 19:26:38,649 [s0@group-F61A228DBE4A-StateMachineUpdater] INFO  impl.SimpleStateMachine4Testing (SimpleStateMachine4Testing.java:put(205)) - s0: put 5, m3 -> (t:1, i:5), STATEMACHINELOGENTRY, 3@client-E9C94F68C118
2023-11-20 19:26:38,649 [s2-server-thread2] DEBUG server.RaftServer$Division (RaftServerImpl.java:logAppendEntries(1504)) - s2@group-F61A228DBE4A: succeeded to handle AppendEntries. Reply: s1<-s2#18:OK-t1,SUCCESS,nextIndex=7,followerCommit=5,matchIndex=6
2023-11-20 19:26:38,649 [s2@group-F61A228DBE4A-StateMachineUpdater] INFO  impl.SimpleStateMachine4Testing (SimpleStateMachine4Testing.java:applyTransaction(248)) - applyTransaction for log index 5
2023-11-20 19:26:38,649 [s2@group-F61A228DBE4A-StateMachineUpdater] INFO  impl.SimpleStateMachine4Testing (SimpleStateMachine4Testing.java:put(205)) - s2: put 5, m3 -> (t:1, i:5), STATEMACHINELOGENTRY, 3@client-E9C94F68C118
2023-11-20 19:26:38,651 [s1-client-thread1] DEBUG server.RaftServer$Division (RaftServerImpl.java:submitClientRequestAsync(893)) - s1@group-F61A228DBE4A: receive client request(RaftClientRequest:client-E9C94F68C118->s1@group-F61A228DBE4A, cid=4, seq=null, RW, Message:6d34)
2023-11-20 19:26:38,651 [s1-client-thread1] DEBUG server.RetryCache (RetryCacheImpl.java:invalidateRepliedRequests(240)) - invalidateRepliedRequests callIds [3] for client-E9C94F68C118
2023-11-20 19:26:38,652 [s1-client-thread1] DEBUG server.RaftServer$Division (LeaderStateImpl.java:addPendingRequest(517)) - s1@group-F61A228DBE4A-LeaderStateImpl: addPendingRequest at RaftClientRequest:client-E9C94F68C118->s1@group-F61A228DBE4A, cid=4, seq=null, RW, Message:6d34, entry=(t:1, i:7), STATEMACHINELOGENTRY, 4@client-E9C94F68C118
2023-11-20 19:26:38,653 [s0-server-thread1] DEBUG server.RaftServer$Division (RaftServerImpl.java:logAppendEntries(1504)) - s0@group-F61A228DBE4A: receive appendEntries(s1, 1, (t:1, i:6), 6, true, commits:[s1:c6, s0:c4, s2:c5], cId:20, entries: [(t:1, i:7), STATEMACHINELOGENTRY, 4@client-E9C94F68C118]
2023-11-20 19:26:38,654 [s2-server-thread2] DEBUG server.RaftServer$Division (RaftServerImpl.java:logAppendEntries(1504)) - s2@group-F61A228DBE4A: receive appendEntries(s1, 1, (t:1, i:6), 6, true, commits:[s1:c6, s0:c4, s2:c5], cId:20, entries: [(t:1, i:7), STATEMACHINELOGENTRY, 4@client-E9C94F68C118]
2023-11-20 19:26:38,654 [s0-server-thread1] DEBUG server.RaftServer$Division (RaftServerImpl.java:logAppendEntries(1504)) - s0@group-F61A228DBE4A: succeeded to handle AppendEntries. Reply: s1<-s0#20:OK-t1,SUCCESS,nextIndex=8,followerCommit=6,matchIndex=7
2023-11-20 19:26:38,655 [s2-server-thread2] DEBUG server.RaftServer$Division (RaftServerImpl.java:logAppendEntries(1504)) - s2@group-F61A228DBE4A: succeeded to handle AppendEntries. Reply: s1<-s2#20:OK-t1,SUCCESS,nextIndex=8,followerCommit=6,matchIndex=7
2023-11-20 19:26:38,655 [s1@group-F61A228DBE4A-StateMachineUpdater] INFO  impl.SimpleStateMachine4Testing (SimpleStateMachine4Testing.java:applyTransaction(248)) - applyTransaction for log index 7
2023-11-20 19:26:38,656 [s1@group-F61A228DBE4A-StateMachineUpdater] INFO  impl.SimpleStateMachine4Testing (SimpleStateMachine4Testing.java:put(205)) - s1: put 7, m4 -> (t:1, i:7), STATEMACHINELOGENTRY, 4@client-E9C94F68C118
2023-11-20 19:26:38,657 [s2-server-thread2] DEBUG server.RaftServer$Division (RaftServerImpl.java:logAppendEntries(1504)) - s2@group-F61A228DBE4A: receive appendEntries(s1, 1, (t:1, i:7), 7, true, commits:[s1:c7, s0:c6, s2:c6], cId:23, entries: [(t:1, i:8), METADATAENTRY(c:7)]
2023-11-20 19:26:38,658 [s2@group-F61A228DBE4A-StateMachineUpdater] INFO  impl.SimpleStateMachine4Testing (SimpleStateMachine4Testing.java:applyTransaction(248)) - applyTransaction for log index 7
2023-11-20 19:26:38,658 [s2@group-F61A228DBE4A-StateMachineUpdater] INFO  impl.SimpleStateMachine4Testing (SimpleStateMachine4Testing.java:put(205)) - s2: put 7, m4 -> (t:1, i:7), STATEMACHINELOGENTRY, 4@client-E9C94F68C118
2023-11-20 19:26:38,658 [s0-server-thread1] DEBUG server.RaftServer$Division (RaftServerImpl.java:logAppendEntries(1504)) - s0@group-F61A228DBE4A: receive appendEntries(s1, 1, (t:1, i:7), 7, true, commits:[s1:c7, s0:c6, s2:c6], cId:22, entries: [(t:1, i:8), METADATAENTRY(c:7)]
2023-11-20 19:26:38,658 [s2-server-thread2] DEBUG server.RaftServer$Division (RaftServerImpl.java:logAppendEntries(1504)) - s2@group-F61A228DBE4A: succeeded to handle AppendEntries. Reply: s1<-s2#23:OK-t1,SUCCESS,nextIndex=9,followerCommit=7,matchIndex=8
2023-11-20 19:26:38,659 [s0@group-F61A228DBE4A-StateMachineUpdater] INFO  impl.SimpleStateMachine4Testing (SimpleStateMachine4Testing.java:applyTransaction(248)) - applyTransaction for log index 7
2023-11-20 19:26:38,659 [s0@group-F61A228DBE4A-StateMachineUpdater] INFO  impl.SimpleStateMachine4Testing (SimpleStateMachine4Testing.java:put(205)) - s0: put 7, m4 -> (t:1, i:7), STATEMACHINELOGENTRY, 4@client-E9C94F68C118
2023-11-20 19:26:38,659 [s1-client-thread1] DEBUG server.RaftServer$Division (RaftServerImpl.java:submitClientRequestAsync(893)) - s1@group-F61A228DBE4A: receive client request(RaftClientRequest:client-E9C94F68C118->s1@group-F61A228DBE4A, cid=5, seq=null, RW, Message:6d35)
2023-11-20 19:26:38,659 [s1-client-thread1] DEBUG server.RetryCache (RetryCacheImpl.java:invalidateRepliedRequests(240)) - invalidateRepliedRequests callIds [4] for client-E9C94F68C118
2023-11-20 19:26:38,659 [s0-server-thread1] DEBUG server.RaftServer$Division (RaftServerImpl.java:logAppendEntries(1504)) - s0@group-F61A228DBE4A: succeeded to handle AppendEntries. Reply: s1<-s0#22:OK-t1,SUCCESS,nextIndex=9,followerCommit=7,matchIndex=8
2023-11-20 19:26:38,660 [s1-client-thread1] DEBUG server.RaftServer$Division (LeaderStateImpl.java:addPendingRequest(517)) - s1@group-F61A228DBE4A-LeaderStateImpl: addPendingRequest at RaftClientRequest:client-E9C94F68C118->s1@group-F61A228DBE4A, cid=5, seq=null, RW, Message:6d35, entry=(t:1, i:9), STATEMACHINELOGENTRY, 5@client-E9C94F68C118
2023-11-20 19:26:38,661 [s2-server-thread2] DEBUG server.RaftServer$Division (RaftServerImpl.java:logAppendEntries(1504)) - s2@group-F61A228DBE4A: receive appendEntries(s1, 1, (t:1, i:8), 8, true, commits:[s1:c8, s0:c7, s2:c7], cId:24, entries: [(t:1, i:9), STATEMACHINELOGENTRY, 5@client-E9C94F68C118]
2023-11-20 19:26:38,661 [s0-server-thread1] DEBUG server.RaftServer$Division (RaftServerImpl.java:logAppendEntries(1504)) - s0@group-F61A228DBE4A: receive appendEntries(s1, 1, (t:1, i:8), 8, true, commits:[s1:c8, s0:c7, s2:c7], cId:23, entries: [(t:1, i:9), STATEMACHINELOGENTRY, 5@client-E9C94F68C118]
2023-11-20 19:26:38,662 [s2-server-thread2] DEBUG server.RaftServer$Division (RaftServerImpl.java:logAppendEntries(1504)) - s2@group-F61A228DBE4A: succeeded to handle AppendEntries. Reply: s1<-s2#24:OK-t1,SUCCESS,nextIndex=10,followerCommit=8,matchIndex=9
2023-11-20 19:26:38,662 [s0-server-thread1] DEBUG server.RaftServer$Division (RaftServerImpl.java:logAppendEntries(1504)) - s0@group-F61A228DBE4A: succeeded to handle AppendEntries. Reply: s1<-s0#23:OK-t1,SUCCESS,nextIndex=10,followerCommit=8,matchIndex=9
2023-11-20 19:26:38,663 [s1@group-F61A228DBE4A-StateMachineUpdater] INFO  impl.SimpleStateMachine4Testing (SimpleStateMachine4Testing.java:applyTransaction(248)) - applyTransaction for log index 9
2023-11-20 19:26:38,663 [s1@group-F61A228DBE4A-StateMachineUpdater] INFO  impl.SimpleStateMachine4Testing (SimpleStateMachine4Testing.java:put(205)) - s1: put 9, m5 -> (t:1, i:9), STATEMACHINELOGENTRY, 5@client-E9C94F68C118
2023-11-20 19:26:38,664 [s2-server-thread2] DEBUG server.RaftServer$Division (RaftServerImpl.java:logAppendEntries(1504)) - s2@group-F61A228DBE4A: receive appendEntries(s1, 1, (t:1, i:9), 9, true, commits:[s1:c9, s0:c8, s2:c8], cId:25, entries: [(t:1, i:10), METADATAENTRY(c:9)]
2023-11-20 19:26:38,664 [Time-limited test] INFO  impl.SimpleStateMachine4Testing (SimpleStateMachine4Testing.java:block(135)) - block APPLY_TRANSACTION
2023-11-20 19:26:38,665 [s2-server-thread2] DEBUG server.RaftServer$Division (RaftServerImpl.java:logAppendEntries(1504)) - s2@group-F61A228DBE4A: succeeded to handle AppendEntries. Reply: s1<-s2#25:OK-t1,SUCCESS,nextIndex=11,followerCommit=9,matchIndex=10
2023-11-20 19:26:38,665 [s2@group-F61A228DBE4A-StateMachineUpdater] INFO  impl.SimpleStateMachine4Testing (SimpleStateMachine4Testing.java:applyTransaction(248)) - applyTransaction for log index 9
2023-11-20 19:26:38,665 [s2@group-F61A228DBE4A-StateMachineUpdater] INFO  impl.SimpleStateMachine4Testing (SimpleStateMachine4Testing.java:put(205)) - s2: put 9, m5 -> (t:1, i:9), STATEMACHINELOGENTRY, 5@client-E9C94F68C118
2023-11-20 19:26:38,668 [s0-server-thread1] DEBUG server.RaftServer$Division (RaftServerImpl.java:logAppendEntries(1504)) - s0@group-F61A228DBE4A: receive appendEntries(s1, 1, (t:1, i:9), 9, true, commits:[s1:c9, s0:c8, s2:c8], cId:25, entries: [(t:1, i:10), METADATAENTRY(c:9)]
2023-11-20 19:26:38,668 [s0-server-thread1] DEBUG server.RaftServer$Division (RaftServerImpl.java:logAppendEntries(1504)) - s0@group-F61A228DBE4A: succeeded to handle AppendEntries. Reply: s1<-s0#25:OK-t1,SUCCESS,nextIndex=11,followerCommit=9,matchIndex=10
2023-11-20 19:26:38,668 [s0@group-F61A228DBE4A-StateMachineUpdater] INFO  impl.SimpleStateMachine4Testing (SimpleStateMachine4Testing.java:applyTransaction(248)) - applyTransaction for log index 9
2023-11-20 19:26:38,668 [s0@group-F61A228DBE4A-StateMachineUpdater] INFO  impl.SimpleStateMachine4Testing (SimpleStateMachine4Testing.java:put(205)) - s0: put 9, m5 -> (t:1, i:9), STATEMACHINELOGENTRY, 5@client-E9C94F68C118
2023-11-20 19:26:38,677 [s1-client-thread1] DEBUG server.RaftServer$Division (RaftServerImpl.java:submitClientRequestAsync(893)) - s1@group-F61A228DBE4A: receive client request(RaftClientRequest:client-E9C94F68C118->s1@group-F61A228DBE4A, cid=6, seq=1*, Watch(0), Message:<EMPTY>)
2023-11-20 19:26:38,677 [s1-client-thread1] DEBUG server.RetryCache (RetryCacheImpl.java:invalidateRepliedRequests(240)) - invalidateRepliedRequests callIds [5] for client-E9C94F68C118
2023-11-20 19:26:38,678 [s1-client-thread1] DEBUG server.RaftServer$Division (LeaderStateImpl.java:addWatchReqeust(535)) - s1@group-F61A228DBE4A-LeaderStateImpl: addWatchRequest RaftClientRequest:client-E9C94F68C118->s1@group-F61A228DBE4A, cid=6, seq=1*, Watch(0), Message:<EMPTY>
2023-11-20 19:26:38,679 [Thread-142] ERROR impl.OrderedAsync (OrderedAsync.java:lambda$sendRequest$9(247)) - client-E9C94F68C118: Failed* RaftClientRequest:client-E9C94F68C118->s1@group-F61A228DBE4A, cid=6, seq=1*, Watch(0), null
java.util.concurrent.CompletionException: org.apache.ratis.protocol.exceptions.AlreadyClosedException: client-E9C94F68C118->s1: Stream close: no reply for async request cid=6
	at java.base/java.util.concurrent.CompletableFuture.encodeThrowable(CompletableFuture.java:331)
	at java.base/java.util.concurrent.CompletableFuture.completeThrowable(CompletableFuture.java:346)
	at java.base/java.util.concurrent.CompletableFuture$UniApply.tryFire(CompletableFuture.java:632)
	at java.base/java.util.concurrent.CompletableFuture.postComplete(CompletableFuture.java:506)
	at java.base/java.util.concurrent.CompletableFuture.completeExceptionally(CompletableFuture.java:2094)
	at org.apache.ratis.grpc.client.GrpcClientProtocolClient$AsyncStreamObservers.completeReplyExceptionally(GrpcClientProtocolClient.java:394)
	at org.apache.ratis.grpc.client.GrpcClientProtocolClient$AsyncStreamObservers.close(GrpcClientProtocolClient.java:383)
	at org.apache.ratis.grpc.client.GrpcClientProtocolClient$AsyncStreamObservers.access$500(GrpcClientProtocolClient.java:300)
	at org.apache.ratis.grpc.client.GrpcClientProtocolClient.lambda$close$3(GrpcClientProtocolClient.java:160)
	at java.base/java.util.Optional.ifPresent(Optional.java:183)
	at org.apache.ratis.grpc.client.GrpcClientProtocolClient.close(GrpcClientProtocolClient.java:160)
	at org.apache.ratis.util.PeerProxyMap.closeProxy(PeerProxyMap.java:168)
	at org.apache.ratis.util.PeerProxyMap.lambda$close$3(PeerProxyMap.java:160)
	at java.base/java.util.Optional.ifPresent(Optional.java:183)
	at org.apache.ratis.util.PeerProxyMap.lambda$close$4(PeerProxyMap.java:160)
	at org.apache.ratis.util.ConcurrentUtils.accept(ConcurrentUtils.java:203)
	at org.apache.ratis.util.ConcurrentUtils.lambda$parallelForEachAsync$4(ConcurrentUtils.java:182)
	at java.base/java.lang.Thread.run(Thread.java:829)
Caused by: org.apache.ratis.protocol.exceptions.AlreadyClosedException: client-E9C94F68C118->s1: Stream close: no reply for async request cid=6
	at org.apache.ratis.grpc.client.GrpcClientProtocolClient$AsyncStreamObservers.completeReplyExceptionally(GrpcClientProtocolClient.java:396)
	... 12 more
2023-11-20 19:26:38,685 [Time-limited test] INFO  impl.MiniRaftCluster (MiniRaftCluster.java:shutdown(831)) - ************************************************************** 
2023-11-20 19:26:38,685 [Time-limited test] INFO  impl.MiniRaftCluster (MiniRaftCluster.java:shutdown(832)) - *** 
2023-11-20 19:26:38,685 [Time-limited test] INFO  impl.MiniRaftCluster (MiniRaftCluster.java:shutdown(833)) - ***     Stopping MiniRaftClusterWithGrpc
2023-11-20 19:26:38,685 [Time-limited test] INFO  impl.MiniRaftCluster (MiniRaftCluster.java:shutdown(834)) - *** 
2023-11-20 19:26:38,685 [Time-limited test] INFO  impl.MiniRaftCluster (MiniRaftCluster.java:shutdown(835)) - ************************************************************** 
2023-11-20 19:26:38,685 [Time-limited test] INFO  impl.MiniRaftCluster (MiniRaftCluster.java:shutdown(836)) - printing ALL groups
  s0:  RUNNING  FOLLOWER s0@group-F61A228DBE4A:t1, leader=s1, voted=s1, raftlog=Memoized:s0@group-F61A228DBE4A-SegmentedRaftLog:OPENED:c9, conf=0: peers:[s0|localhost:36391, s1|localhost:43315, s2|localhost:39341]|listeners:[], old=null RUNNING
  s1:  RUNNING    LEADER s1@group-F61A228DBE4A:t1, leader=s1, voted=s1, raftlog=Memoized:s1@group-F61A228DBE4A-SegmentedRaftLog:OPENED:c10, conf=0: peers:[s0|localhost:36391, s1|localhost:43315, s2|localhost:39341]|listeners:[], old=null RUNNING
  s2:  RUNNING  FOLLOWER s2@group-F61A228DBE4A:t1, leader=s1, voted=s1, raftlog=Memoized:s2@group-F61A228DBE4A-SegmentedRaftLog:OPENED:c9, conf=0: peers:[s0|localhost:36391, s1|localhost:43315, s2|localhost:39341]|listeners:[], old=null RUNNING
2023-11-20 19:26:38,685 [MiniRaftCluster-4] INFO  server.RaftServer (RaftServerProxy.java:lambda$close$9(416)) - s0: close
2023-11-20 19:26:38,685 [MiniRaftCluster-5] INFO  server.RaftServer (RaftServerProxy.java:lambda$close$9(416)) - s1: close
2023-11-20 19:26:38,688 [s0-impl-thread1] INFO  server.RaftServer$Division (RaftServerImpl.java:lambda$close$3(516)) - s0@group-F61A228DBE4A: shutdown
2023-11-20 19:26:38,688 [MiniRaftCluster-4] INFO  server.GrpcService (GrpcService.java:closeImpl(311)) - s0: shutdown server org.apache.ratis.grpc.server.GrpcClientProtocolService now
2023-11-20 19:26:38,688 [s0-impl-thread1] INFO  util.JmxRegister (JmxRegister.java:unregister(73)) - Successfully un-registered JMX Bean with object name Ratis:service=RaftServer,group=group-F61A228DBE4A,id=s0
2023-11-20 19:26:38,688 [s0-impl-thread1] INFO  impl.RoleInfo (RoleInfo.java:shutdownFollowerState(110)) - s0: shutdown s0@group-F61A228DBE4A-FollowerState
2023-11-20 19:26:38,688 [MiniRaftCluster-6] INFO  server.RaftServer (RaftServerProxy.java:lambda$close$9(416)) - s2: close
2023-11-20 19:26:38,688 [s0@group-F61A228DBE4A-FollowerState] INFO  impl.FollowerState (FollowerState.java:run(152)) - s0@group-F61A228DBE4A-FollowerState was interrupted
2023-11-20 19:26:38,688 [s0-impl-thread1] INFO  impl.StateMachineUpdater (StateMachineUpdater.java:stopAndJoin(157)) - s0@group-F61A228DBE4A-StateMachineUpdater: set stopIndex = 9
2023-11-20 19:26:38,691 [MiniRaftCluster-6] INFO  server.GrpcService (GrpcService.java:closeImpl(311)) - s2: shutdown server org.apache.ratis.grpc.server.GrpcClientProtocolService now
2023-11-20 19:26:38,691 [s2-impl-thread1] INFO  server.RaftServer$Division (RaftServerImpl.java:lambda$close$3(516)) - s2@group-F61A228DBE4A: shutdown
2023-11-20 19:26:38,691 [MiniRaftCluster-4] INFO  server.GrpcService (GrpcService.java:closeImpl(320)) - s0: shutdown server org.apache.ratis.grpc.server.GrpcClientProtocolService successfully
2023-11-20 19:26:38,691 [MiniRaftCluster-4] INFO  server.GrpcService (GrpcService.java:closeImpl(311)) - s0: shutdown server GrpcServerProtocolService now
2023-11-20 19:26:38,691 [s0-impl-thread1] INFO  server.RaftServer$Division (ServerState.java:close(423)) - s0@group-F61A228DBE4A: applyIndex: 9
2023-11-20 19:26:38,691 [s0@group-F61A228DBE4A-cacheEviction-AwaitToRun] INFO  util.AwaitToRun (AwaitToRun.java:run(49)) - s0@group-F61A228DBE4A-cacheEviction-AwaitToRun-AwaitForSignal is interrupted
2023-11-20 19:26:38,692 [MiniRaftCluster-5] INFO  server.GrpcService (GrpcService.java:closeImpl(311)) - s1: shutdown server org.apache.ratis.grpc.server.GrpcClientProtocolService now
2023-11-20 19:26:38,692 [s1-impl-thread1] INFO  server.RaftServer$Division (RaftServerImpl.java:lambda$close$3(516)) - s1@group-F61A228DBE4A: shutdown
2023-11-20 19:26:38,692 [s1-impl-thread1] INFO  util.JmxRegister (JmxRegister.java:unregister(73)) - Successfully un-registered JMX Bean with object name Ratis:service=RaftServer,group=group-F61A228DBE4A,id=s1
2023-11-20 19:26:38,692 [s1-impl-thread1] INFO  impl.RoleInfo (RoleInfo.java:shutdownLeaderState(94)) - s1: shutdown s1@group-F61A228DBE4A-LeaderStateImpl
2023-11-20 19:26:38,692 [s1@group-F61A228DBE4A->s2-GrpcLogAppender-LogAppenderDaemon] WARN  server.GrpcLogAppender (GrpcLogAppender.java:mayWait(212)) - s1@group-F61A228DBE4A->s2-GrpcLogAppender: Wait interrupted by java.lang.InterruptedException
2023-11-20 19:26:38,691 [s2-impl-thread1] INFO  util.JmxRegister (JmxRegister.java:unregister(73)) - Successfully un-registered JMX Bean with object name Ratis:service=RaftServer,group=group-F61A228DBE4A,id=s2
2023-11-20 19:26:38,692 [s2-impl-thread1] INFO  impl.RoleInfo (RoleInfo.java:shutdownFollowerState(110)) - s2: shutdown s2@group-F61A228DBE4A-FollowerState
2023-11-20 19:26:38,692 [s2-impl-thread1] INFO  impl.StateMachineUpdater (StateMachineUpdater.java:stopAndJoin(157)) - s2@group-F61A228DBE4A-StateMachineUpdater: set stopIndex = 9
2023-11-20 19:26:38,692 [s1@group-F61A228DBE4A->s0-GrpcLogAppender-LogAppenderDaemon] WARN  server.GrpcLogAppender (GrpcLogAppender.java:mayWait(212)) - s1@group-F61A228DBE4A->s0-GrpcLogAppender: Wait interrupted by java.lang.InterruptedException
2023-11-20 19:26:38,693 [s2@group-F61A228DBE4A-FollowerState] INFO  impl.FollowerState (FollowerState.java:run(152)) - s2@group-F61A228DBE4A-FollowerState was interrupted
2023-11-20 19:26:38,693 [grpc-default-executor-2] INFO  server.GrpcServerProtocolService (GrpcServerProtocolService.java:onCompleted(157)) - s2: Completed APPEND_ENTRIES, lastRequest: null
2023-11-20 19:26:38,694 [grpc-default-executor-2] INFO  server.GrpcServerProtocolService (GrpcServerProtocolService.java:lambda$onCompleted$5(159)) - s2: Completed APPEND_ENTRIES, lastReply: serverReply {
  requestorId: "s1"
  replyId: "s2"
  raftGroupId {
    id: "\353@su\"v@\245\243\361\366\032\"\215\276J"
  }
  callId: 7
  success: true
}
term: 1
nextIndex: 1
matchIndex: 18446744073709551615
isHearbeat: true

2023-11-20 19:26:38,694 [grpc-default-executor-0] INFO  server.GrpcServerProtocolService (GrpcServerProtocolService.java:onCompleted(157)) - s2: Completed APPEND_ENTRIES, lastRequest: s1->s2#25-t1,previous=(t:1, i:9),leaderCommit=9,initializing? true,entries: size=1, first=(t:1, i:10), METADATAENTRY(c:9)
2023-11-20 19:26:38,694 [grpc-default-executor-0] INFO  server.GrpcServerProtocolService (GrpcServerProtocolService.java:lambda$onCompleted$5(159)) - s2: Completed APPEND_ENTRIES, lastReply: null
2023-11-20 19:26:38,694 [grpc-default-executor-1] INFO  server.GrpcServerProtocolService (GrpcServerProtocolService.java:onCompleted(157)) - s0: Completed APPEND_ENTRIES, lastRequest: s1->s0#25-t1,previous=(t:1, i:9),leaderCommit=9,initializing? true,entries: size=1, first=(t:1, i:10), METADATAENTRY(c:9)
2023-11-20 19:26:38,694 [grpc-default-executor-1] INFO  server.GrpcServerProtocolService (GrpcServerProtocolService.java:lambda$onCompleted$5(159)) - s0: Completed APPEND_ENTRIES, lastReply: null
2023-11-20 19:26:38,695 [grpc-default-executor-1] INFO  server.GrpcLogAppender (GrpcLogAppender.java:onCompleted(469)) - s1@group-F61A228DBE4A->s0-AppendLogResponseHandler: follower responses appendEntries COMPLETED
2023-11-20 19:26:38,695 [grpc-default-executor-2] INFO  server.GrpcLogAppender (GrpcLogAppender.java:onCompleted(469)) - s1@group-F61A228DBE4A->s2-AppendLogResponseHandler: follower responses appendEntries COMPLETED
2023-11-20 19:26:38,695 [grpc-default-executor-3] INFO  server.GrpcServerProtocolService (GrpcServerProtocolService.java:onCompleted(157)) - s0: Completed APPEND_ENTRIES, lastRequest: null
2023-11-20 19:26:38,696 [grpc-default-executor-4] INFO  server.GrpcLogAppender (GrpcLogAppender.java:onCompleted(469)) - s1@group-F61A228DBE4A->s2-AppendLogResponseHandler: follower responses appendEntries COMPLETED
2023-11-20 19:26:38,696 [grpc-default-executor-3] INFO  server.GrpcServerProtocolService (GrpcServerProtocolService.java:lambda$onCompleted$5(159)) - s0: Completed APPEND_ENTRIES, lastReply: serverReply {
  requestorId: "s1"
  replyId: "s0"
  raftGroupId {
    id: "\353@su\"v@\245\243\361\366\032\"\215\276J"
  }
  callId: 7
  success: true
}
term: 1
nextIndex: 1
matchIndex: 18446744073709551615
isHearbeat: true

2023-11-20 19:26:38,692 [s1-impl-thread1] INFO  impl.PendingRequests (PendingRequests.java:sendNotLeaderResponses(289)) - s1@group-F61A228DBE4A-PendingRequests: sendNotLeaderResponses
2023-11-20 19:26:38,697 [s2-impl-thread1] INFO  server.RaftServer$Division (ServerState.java:close(423)) - s2@group-F61A228DBE4A: applyIndex: 9
2023-11-20 19:26:38,697 [s2@group-F61A228DBE4A-cacheEviction-AwaitToRun] INFO  util.AwaitToRun (AwaitToRun.java:run(49)) - s2@group-F61A228DBE4A-cacheEviction-AwaitToRun-AwaitForSignal is interrupted
2023-11-20 19:26:38,698 [grpc-default-executor-4] INFO  server.GrpcLogAppender (GrpcLogAppender.java:onCompleted(469)) - s1@group-F61A228DBE4A->s0-AppendLogResponseHandler: follower responses appendEntries COMPLETED
2023-11-20 19:26:38,700 [Thread-154] INFO  server.GrpcServerProtocolClient (GrpcServerProtocolClient.java:close(103)) - s0 Close channels
2023-11-20 19:26:38,702 [Thread-157] INFO  server.GrpcServerProtocolClient (GrpcServerProtocolClient.java:close(103)) - s2 Close channels
2023-11-20 19:26:38,703 [s1-impl-thread1] INFO  impl.StateMachineUpdater (StateMachineUpdater.java:stopAndJoin(157)) - s1@group-F61A228DBE4A-StateMachineUpdater: set stopIndex = 10
2023-11-20 19:26:38,703 [s1-impl-thread1] INFO  server.RaftServer$Division (ServerState.java:close(423)) - s1@group-F61A228DBE4A: applyIndex: 10
2023-11-20 19:26:38,703 [s1@group-F61A228DBE4A-cacheEviction-AwaitToRun] INFO  util.AwaitToRun (AwaitToRun.java:run(49)) - s1@group-F61A228DBE4A-cacheEviction-AwaitToRun-AwaitForSignal is interrupted
2023-11-20 19:26:38,708 [MiniRaftCluster-4] INFO  server.GrpcService (GrpcService.java:closeImpl(320)) - s0: shutdown server GrpcServerProtocolService successfully
2023-11-20 19:26:38,708 [MiniRaftCluster-4] INFO  server.GrpcService (GrpcService.java:closeImpl(311)) - s0: shutdown server org.apache.ratis.grpc.server.GrpcAdminProtocolService now
2023-11-20 19:26:38,708 [MiniRaftCluster-6] INFO  server.GrpcService (GrpcService.java:closeImpl(320)) - s2: shutdown server org.apache.ratis.grpc.server.GrpcClientProtocolService successfully
2023-11-20 19:26:38,709 [MiniRaftCluster-6] INFO  server.GrpcService (GrpcService.java:closeImpl(311)) - s2: shutdown server GrpcServerProtocolService now
2023-11-20 19:26:38,712 [MiniRaftCluster-4] INFO  server.GrpcService (GrpcService.java:closeImpl(320)) - s0: shutdown server org.apache.ratis.grpc.server.GrpcAdminProtocolService successfully
2023-11-20 19:26:38,713 [MiniRaftCluster-5] INFO  server.GrpcService (GrpcService.java:closeImpl(320)) - s1: shutdown server org.apache.ratis.grpc.server.GrpcClientProtocolService successfully
2023-11-20 19:26:38,713 [MiniRaftCluster-5] INFO  server.GrpcService (GrpcService.java:closeImpl(311)) - s1: shutdown server GrpcServerProtocolService now
2023-11-20 19:26:38,713 [MiniRaftCluster-6] INFO  server.GrpcService (GrpcService.java:closeImpl(320)) - s2: shutdown server GrpcServerProtocolService successfully
2023-11-20 19:26:38,713 [MiniRaftCluster-6] INFO  server.GrpcService (GrpcService.java:closeImpl(311)) - s2: shutdown server org.apache.ratis.grpc.server.GrpcAdminProtocolService now
2023-11-20 19:26:38,717 [MiniRaftCluster-5] INFO  server.GrpcService (GrpcService.java:closeImpl(320)) - s1: shutdown server GrpcServerProtocolService successfully
2023-11-20 19:26:38,717 [MiniRaftCluster-6] INFO  server.GrpcService (GrpcService.java:closeImpl(320)) - s2: shutdown server org.apache.ratis.grpc.server.GrpcAdminProtocolService successfully
2023-11-20 19:26:38,717 [MiniRaftCluster-5] INFO  server.GrpcService (GrpcService.java:closeImpl(311)) - s1: shutdown server org.apache.ratis.grpc.server.GrpcAdminProtocolService now
2023-11-20 19:26:38,717 [MiniRaftCluster-5] INFO  server.GrpcService (GrpcService.java:closeImpl(320)) - s1: shutdown server org.apache.ratis.grpc.server.GrpcAdminProtocolService successfully
2023-11-20 19:26:38,784 [timer4] ERROR impl.OrderedAsync (OrderedAsync.java:lambda$sendRequest$9(247)) - client-E9C94F68C118: Failed* RaftClientRequest:client-E9C94F68C118->s2@group-F61A228DBE4A, cid=6, seq=1*, Watch(0), null
java.util.concurrent.CompletionException: org.apache.ratis.protocol.exceptions.AlreadyClosedException: client-E9C94F68C118 is already CLOSED
	at java.base/java.util.concurrent.CompletableFuture.encodeThrowable(CompletableFuture.java:331)
	at java.base/java.util.concurrent.CompletableFuture.uniApplyNow(CompletableFuture.java:670)
	at java.base/java.util.concurrent.CompletableFuture.uniApplyStage(CompletableFuture.java:658)
	at java.base/java.util.concurrent.CompletableFuture.thenApply(CompletableFuture.java:2100)
	at org.apache.ratis.client.impl.OrderedAsync.sendRequest(OrderedAsync.java:239)
	at org.apache.ratis.client.impl.OrderedAsync.sendRequestWithRetry(OrderedAsync.java:203)
	at org.apache.ratis.util.SlidingWindow$Client.sendOrDelayRequest(SlidingWindow.java:312)
	at org.apache.ratis.util.SlidingWindow$Client.retry(SlidingWindow.java:328)
	at org.apache.ratis.client.impl.OrderedAsync.lambda$scheduleWithTimeout$6(OrderedAsync.java:227)
	at org.apache.ratis.util.TimeoutTimer.lambda$onTimeout$2(TimeoutTimer.java:101)
	at org.apache.ratis.util.LogUtils.runAndLog(LogUtils.java:38)
	at org.apache.ratis.util.LogUtils$1.run(LogUtils.java:78)
	at org.apache.ratis.util.TimeoutTimer$Task.run(TimeoutTimer.java:55)
	at java.base/java.util.TimerThread.mainLoop(Timer.java:556)
	at java.base/java.util.TimerThread.run(Timer.java:506)
Caused by: org.apache.ratis.protocol.exceptions.AlreadyClosedException: client-E9C94F68C118 is already CLOSED
	at org.apache.ratis.util.PeerProxyMap$PeerAndProxy.getProxy(PeerProxyMap.java:61)
	at org.apache.ratis.util.PeerProxyMap.getProxy(PeerProxyMap.java:110)
	at org.apache.ratis.grpc.client.GrpcClientRpc.sendRequestAsync(GrpcClientRpc.java:69)
	... 11 more
2023-11-20 19:26:38,891 [grpc-default-executor-3] ERROR impl.OrderedAsync (OrderedAsync.java:lambda$sendRequest$9(247)) - client-E9C94F68C118: Failed* RaftClientRequest:client-E9C94F68C118->s1@group-F61A228DBE4A, cid=6, seq=1*, Watch(0), null
java.util.concurrent.CompletionException: java.io.IOException: org.apache.ratis.thirdparty.io.grpc.StatusRuntimeException: UNAVAILABLE: io exception
	at java.base/java.util.concurrent.CompletableFuture.encodeThrowable(CompletableFuture.java:331)
	at java.base/java.util.concurrent.CompletableFuture.completeThrowable(CompletableFuture.java:346)
	at java.base/java.util.concurrent.CompletableFuture$UniApply.tryFire(CompletableFuture.java:632)
	at java.base/java.util.concurrent.CompletableFuture.postComplete(CompletableFuture.java:506)
	at java.base/java.util.concurrent.CompletableFuture.completeExceptionally(CompletableFuture.java:2094)
	at org.apache.ratis.grpc.client.GrpcClientProtocolClient$AsyncStreamObservers.completeReplyExceptionally(GrpcClientProtocolClient.java:394)
	at org.apache.ratis.grpc.client.GrpcClientProtocolClient$AsyncStreamObservers.access$000(GrpcClientProtocolClient.java:300)
	at org.apache.ratis.grpc.client.GrpcClientProtocolClient$AsyncStreamObservers$1.onError(GrpcClientProtocolClient.java:331)
	at org.apache.ratis.thirdparty.io.grpc.stub.ClientCalls$StreamObserverToCallListenerAdapter.onClose(ClientCalls.java:481)
	at org.apache.ratis.thirdparty.io.grpc.PartialForwardingClientCallListener.onClose(PartialForwardingClientCallListener.java:39)
	at org.apache.ratis.thirdparty.io.grpc.ForwardingClientCallListener.onClose(ForwardingClientCallListener.java:23)
	at org.apache.ratis.grpc.metrics.intercept.client.MetricClientCallListener.onClose(MetricClientCallListener.java:47)
	at org.apache.ratis.thirdparty.io.grpc.internal.DelayedClientCall$DelayedListener$3.run(DelayedClientCall.java:489)
	at org.apache.ratis.thirdparty.io.grpc.internal.DelayedClientCall$DelayedListener.delayOrExecute(DelayedClientCall.java:453)
	at org.apache.ratis.thirdparty.io.grpc.internal.DelayedClientCall$DelayedListener.onClose(DelayedClientCall.java:486)
	at org.apache.ratis.thirdparty.io.grpc.internal.ClientCallImpl.closeObserver(ClientCallImpl.java:567)
	at org.apache.ratis.thirdparty.io.grpc.internal.ClientCallImpl.access$300(ClientCallImpl.java:71)
	at org.apache.ratis.thirdparty.io.grpc.internal.ClientCallImpl$ClientStreamListenerImpl$1StreamClosed.runInternal(ClientCallImpl.java:735)
	at org.apache.ratis.thirdparty.io.grpc.internal.ClientCallImpl$ClientStreamListenerImpl$1StreamClosed.runInContext(ClientCallImpl.java:716)
	at org.apache.ratis.thirdparty.io.grpc.internal.ContextRunnable.run(ContextRunnable.java:37)
	at org.apache.ratis.thirdparty.io.grpc.internal.SerializingExecutor.run(SerializingExecutor.java:133)
	at java.base/java.util.concurrent.ThreadPoolExecutor.runWorker(ThreadPoolExecutor.java:1128)
	at java.base/java.util.concurrent.ThreadPoolExecutor$Worker.run(ThreadPoolExecutor.java:628)
	at java.base/java.lang.Thread.run(Thread.java:829)
Caused by: java.io.IOException: org.apache.ratis.thirdparty.io.grpc.StatusRuntimeException: UNAVAILABLE: io exception
	at org.apache.ratis.grpc.GrpcUtil.unwrapException(GrpcUtil.java:99)
	at org.apache.ratis.grpc.GrpcUtil.unwrapIOException(GrpcUtil.java:159)
	at org.apache.ratis.grpc.client.GrpcClientProtocolClient$AsyncStreamObservers$1.onError(GrpcClientProtocolClient.java:330)
	... 16 more
Caused by: org.apache.ratis.thirdparty.io.grpc.StatusRuntimeException: UNAVAILABLE: io exception
	at org.apache.ratis.thirdparty.io.grpc.Status.asRuntimeException(Status.java:537)
	... 16 more
Caused by: org.apache.ratis.thirdparty.io.netty.channel.AbstractChannel$AnnotatedConnectException: finishConnect(..) failed: Connection refused: localhost/127.0.0.1:46099
Caused by: java.net.ConnectException: finishConnect(..) failed: Connection refused
	at org.apache.ratis.thirdparty.io.netty.channel.unix.Errors.newConnectException0(Errors.java:166)
	at org.apache.ratis.thirdparty.io.netty.channel.unix.Errors.handleConnectErrno(Errors.java:131)
	at org.apache.ratis.thirdparty.io.netty.channel.unix.Socket.finishConnect(Socket.java:359)
	at org.apache.ratis.thirdparty.io.netty.channel.epoll.AbstractEpollChannel$AbstractEpollUnsafe.doFinishConnect(AbstractEpollChannel.java:710)
	at org.apache.ratis.thirdparty.io.netty.channel.epoll.AbstractEpollChannel$AbstractEpollUnsafe.finishConnect(AbstractEpollChannel.java:687)
	at org.apache.ratis.thirdparty.io.netty.channel.epoll.AbstractEpollChannel$AbstractEpollUnsafe.epollOutReady(AbstractEpollChannel.java:567)
	at org.apache.ratis.thirdparty.io.netty.channel.epoll.EpollEventLoop.processReady(EpollEventLoop.java:499)
	at org.apache.ratis.thirdparty.io.netty.channel.epoll.EpollEventLoop.run(EpollEventLoop.java:407)
	at org.apache.ratis.thirdparty.io.netty.util.concurrent.SingleThreadEventExecutor$4.run(SingleThreadEventExecutor.java:997)
	at org.apache.ratis.thirdparty.io.netty.util.internal.ThreadExecutorMap$2.run(ThreadExecutorMap.java:74)
	at org.apache.ratis.thirdparty.io.netty.util.concurrent.FastThreadLocalRunnable.run(FastThreadLocalRunnable.java:30)
	at java.base/java.lang.Thread.run(Thread.java:829)
2023-11-20 19:26:38,992 [timer5] ERROR impl.OrderedAsync (OrderedAsync.java:lambda$sendRequest$9(247)) - client-E9C94F68C118: Failed* RaftClientRequest:client-E9C94F68C118->s0@group-F61A228DBE4A, cid=6, seq=1*, Watch(0), null
java.util.concurrent.CompletionException: org.apache.ratis.protocol.exceptions.AlreadyClosedException: client-E9C94F68C118 is already CLOSED
	at java.base/java.util.concurrent.CompletableFuture.encodeThrowable(CompletableFuture.java:331)
	at java.base/java.util.concurrent.CompletableFuture.uniApplyNow(CompletableFuture.java:670)
	at java.base/java.util.concurrent.CompletableFuture.uniApplyStage(CompletableFuture.java:658)
	at java.base/java.util.concurrent.CompletableFuture.thenApply(CompletableFuture.java:2100)
	at org.apache.ratis.client.impl.OrderedAsync.sendRequest(OrderedAsync.java:239)
	at org.apache.ratis.client.impl.OrderedAsync.sendRequestWithRetry(OrderedAsync.java:203)
	at org.apache.ratis.util.SlidingWindow$Client.sendOrDelayRequest(SlidingWindow.java:312)
	at org.apache.ratis.util.SlidingWindow$Client.retry(SlidingWindow.java:328)
	at org.apache.ratis.client.impl.OrderedAsync.lambda$scheduleWithTimeout$6(OrderedAsync.java:227)
	at org.apache.ratis.util.TimeoutTimer.lambda$onTimeout$2(TimeoutTimer.java:101)
	at org.apache.ratis.util.LogUtils.runAndLog(LogUtils.java:38)
	at org.apache.ratis.util.LogUtils$1.run(LogUtils.java:78)
	at org.apache.ratis.util.TimeoutTimer$Task.run(TimeoutTimer.java:55)
	at java.base/java.util.TimerThread.mainLoop(Timer.java:556)
	at java.base/java.util.TimerThread.run(Timer.java:506)
Caused by: org.apache.ratis.protocol.exceptions.AlreadyClosedException: client-E9C94F68C118 is already CLOSED
	at org.apache.ratis.util.PeerProxyMap$PeerAndProxy.getProxy(PeerProxyMap.java:61)
	at org.apache.ratis.util.PeerProxyMap.getProxy(PeerProxyMap.java:110)
	at org.apache.ratis.grpc.client.GrpcClientRpc.sendRequestAsync(GrpcClientRpc.java:69)
	... 11 more
2023-11-20 19:26:39,097 [grpc-default-executor-4] ERROR impl.OrderedAsync (OrderedAsync.java:lambda$sendRequest$9(247)) - client-E9C94F68C118: Failed* RaftClientRequest:client-E9C94F68C118->s1@group-F61A228DBE4A, cid=6, seq=1*, Watch(0), null
java.util.concurrent.CompletionException: java.io.IOException: org.apache.ratis.thirdparty.io.grpc.StatusRuntimeException: UNAVAILABLE: io exception
	at java.base/java.util.concurrent.CompletableFuture.encodeThrowable(CompletableFuture.java:331)
	at java.base/java.util.concurrent.CompletableFuture.completeThrowable(CompletableFuture.java:346)
	at java.base/java.util.concurrent.CompletableFuture$UniApply.tryFire(CompletableFuture.java:632)
	at java.base/java.util.concurrent.CompletableFuture.postComplete(CompletableFuture.java:506)
	at java.base/java.util.concurrent.CompletableFuture.completeExceptionally(CompletableFuture.java:2094)
	at org.apache.ratis.grpc.client.GrpcClientProtocolClient$AsyncStreamObservers.completeReplyExceptionally(GrpcClientProtocolClient.java:394)
	at org.apache.ratis.grpc.client.GrpcClientProtocolClient$AsyncStreamObservers.access$000(GrpcClientProtocolClient.java:300)
	at org.apache.ratis.grpc.client.GrpcClientProtocolClient$AsyncStreamObservers$1.onError(GrpcClientProtocolClient.java:331)
	at org.apache.ratis.thirdparty.io.grpc.stub.ClientCalls$StreamObserverToCallListenerAdapter.onClose(ClientCalls.java:481)
	at org.apache.ratis.thirdparty.io.grpc.PartialForwardingClientCallListener.onClose(PartialForwardingClientCallListener.java:39)
	at org.apache.ratis.thirdparty.io.grpc.ForwardingClientCallListener.onClose(ForwardingClientCallListener.java:23)
	at org.apache.ratis.grpc.metrics.intercept.client.MetricClientCallListener.onClose(MetricClientCallListener.java:47)
	at org.apache.ratis.thirdparty.io.grpc.internal.DelayedClientCall$DelayedListener$3.run(DelayedClientCall.java:489)
	at org.apache.ratis.thirdparty.io.grpc.internal.DelayedClientCall$DelayedListener.delayOrExecute(DelayedClientCall.java:453)
	at org.apache.ratis.thirdparty.io.grpc.internal.DelayedClientCall$DelayedListener.onClose(DelayedClientCall.java:486)
	at org.apache.ratis.thirdparty.io.grpc.internal.ClientCallImpl.closeObserver(ClientCallImpl.java:567)
	at org.apache.ratis.thirdparty.io.grpc.internal.ClientCallImpl.access$300(ClientCallImpl.java:71)
	at org.apache.ratis.thirdparty.io.grpc.internal.ClientCallImpl$ClientStreamListenerImpl$1StreamClosed.runInternal(ClientCallImpl.java:735)
	at org.apache.ratis.thirdparty.io.grpc.internal.ClientCallImpl$ClientStreamListenerImpl$1StreamClosed.runInContext(ClientCallImpl.java:716)
	at org.apache.ratis.thirdparty.io.grpc.internal.ContextRunnable.run(ContextRunnable.java:37)
	at org.apache.ratis.thirdparty.io.grpc.internal.SerializingExecutor.run(SerializingExecutor.java:133)
	at java.base/java.util.concurrent.ThreadPoolExecutor.runWorker(ThreadPoolExecutor.java:1128)
	at java.base/java.util.concurrent.ThreadPoolExecutor$Worker.run(ThreadPoolExecutor.java:628)
	at java.base/java.lang.Thread.run(Thread.java:829)
Caused by: java.io.IOException: org.apache.ratis.thirdparty.io.grpc.StatusRuntimeException: UNAVAILABLE: io exception
	at org.apache.ratis.grpc.GrpcUtil.unwrapException(GrpcUtil.java:99)
	at org.apache.ratis.grpc.GrpcUtil.unwrapIOException(GrpcUtil.java:159)
	at org.apache.ratis.grpc.client.GrpcClientProtocolClient$AsyncStreamObservers$1.onError(GrpcClientProtocolClient.java:330)
	... 16 more
Caused by: org.apache.ratis.thirdparty.io.grpc.StatusRuntimeException: UNAVAILABLE: io exception
	at org.apache.ratis.thirdparty.io.grpc.Status.asRuntimeException(Status.java:537)
	... 16 more
Caused by: org.apache.ratis.thirdparty.io.netty.channel.AbstractChannel$AnnotatedConnectException: finishConnect(..) failed: Connection refused: localhost/127.0.0.1:46099
Caused by: java.net.ConnectException: finishConnect(..) failed: Connection refused
	at org.apache.ratis.thirdparty.io.netty.channel.unix.Errors.newConnectException0(Errors.java:166)
	at org.apache.ratis.thirdparty.io.netty.channel.unix.Errors.handleConnectErrno(Errors.java:131)
	at org.apache.ratis.thirdparty.io.netty.channel.unix.Socket.finishConnect(Socket.java:359)
	at org.apache.ratis.thirdparty.io.netty.channel.epoll.AbstractEpollChannel$AbstractEpollUnsafe.doFinishConnect(AbstractEpollChannel.java:710)
	at org.apache.ratis.thirdparty.io.netty.channel.epoll.AbstractEpollChannel$AbstractEpollUnsafe.finishConnect(AbstractEpollChannel.java:687)
	at org.apache.ratis.thirdparty.io.netty.channel.epoll.AbstractEpollChannel$AbstractEpollUnsafe.epollOutReady(AbstractEpollChannel.java:567)
	at org.apache.ratis.thirdparty.io.netty.channel.epoll.EpollEventLoop.processReady(EpollEventLoop.java:499)
	at org.apache.ratis.thirdparty.io.netty.channel.epoll.EpollEventLoop.run(EpollEventLoop.java:407)
	at org.apache.ratis.thirdparty.io.netty.util.concurrent.SingleThreadEventExecutor$4.run(SingleThreadEventExecutor.java:997)
	at org.apache.ratis.thirdparty.io.netty.util.internal.ThreadExecutorMap$2.run(ThreadExecutorMap.java:74)
	at org.apache.ratis.thirdparty.io.netty.util.concurrent.FastThreadLocalRunnable.run(FastThreadLocalRunnable.java:30)
	at java.base/java.lang.Thread.run(Thread.java:829)
2023-11-20 19:26:39,201 [grpc-default-executor-0] ERROR impl.OrderedAsync (OrderedAsync.java:lambda$sendRequest$9(247)) - client-E9C94F68C118: Failed* RaftClientRequest:client-E9C94F68C118->s0@group-F61A228DBE4A, cid=6, seq=1*, Watch(0), null
java.util.concurrent.CompletionException: java.io.IOException: org.apache.ratis.thirdparty.io.grpc.StatusRuntimeException: UNAVAILABLE: io exception
	at java.base/java.util.concurrent.CompletableFuture.encodeThrowable(CompletableFuture.java:331)
	at java.base/java.util.concurrent.CompletableFuture.completeThrowable(CompletableFuture.java:346)
	at java.base/java.util.concurrent.CompletableFuture$UniApply.tryFire(CompletableFuture.java:632)
	at java.base/java.util.concurrent.CompletableFuture.postComplete(CompletableFuture.java:506)
	at java.base/java.util.concurrent.CompletableFuture.completeExceptionally(CompletableFuture.java:2094)
	at org.apache.ratis.grpc.client.GrpcClientProtocolClient$AsyncStreamObservers.completeReplyExceptionally(GrpcClientProtocolClient.java:394)
	at org.apache.ratis.grpc.client.GrpcClientProtocolClient$AsyncStreamObservers.access$000(GrpcClientProtocolClient.java:300)
	at org.apache.ratis.grpc.client.GrpcClientProtocolClient$AsyncStreamObservers$1.onError(GrpcClientProtocolClient.java:331)
	at org.apache.ratis.thirdparty.io.grpc.stub.ClientCalls$StreamObserverToCallListenerAdapter.onClose(ClientCalls.java:481)
	at org.apache.ratis.thirdparty.io.grpc.PartialForwardingClientCallListener.onClose(PartialForwardingClientCallListener.java:39)
	at org.apache.ratis.thirdparty.io.grpc.ForwardingClientCallListener.onClose(ForwardingClientCallListener.java:23)
	at org.apache.ratis.grpc.metrics.intercept.client.MetricClientCallListener.onClose(MetricClientCallListener.java:47)
	at org.apache.ratis.thirdparty.io.grpc.internal.DelayedClientCall$DelayedListener$3.run(DelayedClientCall.java:489)
	at org.apache.ratis.thirdparty.io.grpc.internal.DelayedClientCall$DelayedListener.delayOrExecute(DelayedClientCall.java:453)
	at org.apache.ratis.thirdparty.io.grpc.internal.DelayedClientCall$DelayedListener.onClose(DelayedClientCall.java:486)
	at org.apache.ratis.thirdparty.io.grpc.internal.ClientCallImpl.closeObserver(ClientCallImpl.java:567)
	at org.apache.ratis.thirdparty.io.grpc.internal.ClientCallImpl.access$300(ClientCallImpl.java:71)
	at org.apache.ratis.thirdparty.io.grpc.internal.ClientCallImpl$ClientStreamListenerImpl$1StreamClosed.runInternal(ClientCallImpl.java:735)
	at org.apache.ratis.thirdparty.io.grpc.internal.ClientCallImpl$ClientStreamListenerImpl$1StreamClosed.runInContext(ClientCallImpl.java:716)
	at org.apache.ratis.thirdparty.io.grpc.internal.ContextRunnable.run(ContextRunnable.java:37)
	at org.apache.ratis.thirdparty.io.grpc.internal.SerializingExecutor.run(SerializingExecutor.java:133)
	at java.base/java.util.concurrent.ThreadPoolExecutor.runWorker(ThreadPoolExecutor.java:1128)
	at java.base/java.util.concurrent.ThreadPoolExecutor$Worker.run(ThreadPoolExecutor.java:628)
	at java.base/java.lang.Thread.run(Thread.java:829)
Caused by: java.io.IOException: org.apache.ratis.thirdparty.io.grpc.StatusRuntimeException: UNAVAILABLE: io exception
	at org.apache.ratis.grpc.GrpcUtil.unwrapException(GrpcUtil.java:99)
	at org.apache.ratis.grpc.GrpcUtil.unwrapIOException(GrpcUtil.java:159)
	at org.apache.ratis.grpc.client.GrpcClientProtocolClient$AsyncStreamObservers$1.onError(GrpcClientProtocolClient.java:330)
	... 16 more
Caused by: org.apache.ratis.thirdparty.io.grpc.StatusRuntimeException: UNAVAILABLE: io exception
	at org.apache.ratis.thirdparty.io.grpc.Status.asRuntimeException(Status.java:537)
	... 16 more
Caused by: org.apache.ratis.thirdparty.io.netty.channel.AbstractChannel$AnnotatedConnectException: finishConnect(..) failed: Connection refused: localhost/127.0.0.1:37411
Caused by: java.net.ConnectException: finishConnect(..) failed: Connection refused
	at org.apache.ratis.thirdparty.io.netty.channel.unix.Errors.newConnectException0(Errors.java:166)
	at org.apache.ratis.thirdparty.io.netty.channel.unix.Errors.handleConnectErrno(Errors.java:131)
	at org.apache.ratis.thirdparty.io.netty.channel.unix.Socket.finishConnect(Socket.java:359)
	at org.apache.ratis.thirdparty.io.netty.channel.epoll.AbstractEpollChannel$AbstractEpollUnsafe.doFinishConnect(AbstractEpollChannel.java:710)
	at org.apache.ratis.thirdparty.io.netty.channel.epoll.AbstractEpollChannel$AbstractEpollUnsafe.finishConnect(AbstractEpollChannel.java:687)
	at org.apache.ratis.thirdparty.io.netty.channel.epoll.AbstractEpollChannel$AbstractEpollUnsafe.epollOutReady(AbstractEpollChannel.java:567)
	at org.apache.ratis.thirdparty.io.netty.channel.epoll.EpollEventLoop.processReady(EpollEventLoop.java:499)
	at org.apache.ratis.thirdparty.io.netty.channel.epoll.EpollEventLoop.run(EpollEventLoop.java:407)
	at org.apache.ratis.thirdparty.io.netty.util.concurrent.SingleThreadEventExecutor$4.run(SingleThreadEventExecutor.java:997)
	at org.apache.ratis.thirdparty.io.netty.util.internal.ThreadExecutorMap$2.run(ThreadExecutorMap.java:74)
	at org.apache.ratis.thirdparty.io.netty.util.concurrent.FastThreadLocalRunnable.run(FastThreadLocalRunnable.java:30)
	at java.base/java.lang.Thread.run(Thread.java:829)
2023-11-20 19:26:39,307 [grpc-default-executor-4] ERROR impl.OrderedAsync (OrderedAsync.java:lambda$sendRequest$9(247)) - client-E9C94F68C118: Failed* RaftClientRequest:client-E9C94F68C118->s2@group-F61A228DBE4A, cid=6, seq=1*, Watch(0), null
java.util.concurrent.CompletionException: java.io.IOException: org.apache.ratis.thirdparty.io.grpc.StatusRuntimeException: UNAVAILABLE: io exception
	at java.base/java.util.concurrent.CompletableFuture.encodeThrowable(CompletableFuture.java:331)
	at java.base/java.util.concurrent.CompletableFuture.completeThrowable(CompletableFuture.java:346)
	at java.base/java.util.concurrent.CompletableFuture$UniApply.tryFire(CompletableFuture.java:632)
	at java.base/java.util.concurrent.CompletableFuture.postComplete(CompletableFuture.java:506)
	at java.base/java.util.concurrent.CompletableFuture.completeExceptionally(CompletableFuture.java:2094)
	at org.apache.ratis.grpc.client.GrpcClientProtocolClient$AsyncStreamObservers.completeReplyExceptionally(GrpcClientProtocolClient.java:394)
	at org.apache.ratis.grpc.client.GrpcClientProtocolClient$AsyncStreamObservers.access$000(GrpcClientProtocolClient.java:300)
	at org.apache.ratis.grpc.client.GrpcClientProtocolClient$AsyncStreamObservers$1.onError(GrpcClientProtocolClient.java:331)
	at org.apache.ratis.thirdparty.io.grpc.stub.ClientCalls$StreamObserverToCallListenerAdapter.onClose(ClientCalls.java:481)
	at org.apache.ratis.thirdparty.io.grpc.PartialForwardingClientCallListener.onClose(PartialForwardingClientCallListener.java:39)
	at org.apache.ratis.thirdparty.io.grpc.ForwardingClientCallListener.onClose(ForwardingClientCallListener.java:23)
	at org.apache.ratis.grpc.metrics.intercept.client.MetricClientCallListener.onClose(MetricClientCallListener.java:47)
	at org.apache.ratis.thirdparty.io.grpc.internal.DelayedClientCall$DelayedListener$3.run(DelayedClientCall.java:489)
	at org.apache.ratis.thirdparty.io.grpc.internal.DelayedClientCall$DelayedListener.delayOrExecute(DelayedClientCall.java:453)
	at org.apache.ratis.thirdparty.io.grpc.internal.DelayedClientCall$DelayedListener.onClose(DelayedClientCall.java:486)
	at org.apache.ratis.thirdparty.io.grpc.internal.ClientCallImpl.closeObserver(ClientCallImpl.java:567)
	at org.apache.ratis.thirdparty.io.grpc.internal.ClientCallImpl.access$300(ClientCallImpl.java:71)
	at org.apache.ratis.thirdparty.io.grpc.internal.ClientCallImpl$ClientStreamListenerImpl$1StreamClosed.runInternal(ClientCallImpl.java:735)
	at org.apache.ratis.thirdparty.io.grpc.internal.ClientCallImpl$ClientStreamListenerImpl$1StreamClosed.runInContext(ClientCallImpl.java:716)
	at org.apache.ratis.thirdparty.io.grpc.internal.ContextRunnable.run(ContextRunnable.java:37)
	at org.apache.ratis.thirdparty.io.grpc.internal.SerializingExecutor.run(SerializingExecutor.java:133)
	at java.base/java.util.concurrent.ThreadPoolExecutor.runWorker(ThreadPoolExecutor.java:1128)
	at java.base/java.util.concurrent.ThreadPoolExecutor$Worker.run(ThreadPoolExecutor.java:628)
	at java.base/java.lang.Thread.run(Thread.java:829)
Caused by: java.io.IOException: org.apache.ratis.thirdparty.io.grpc.StatusRuntimeException: UNAVAILABLE: io exception
	at org.apache.ratis.grpc.GrpcUtil.unwrapException(GrpcUtil.java:99)
	at org.apache.ratis.grpc.GrpcUtil.unwrapIOException(GrpcUtil.java:159)
	at org.apache.ratis.grpc.client.GrpcClientProtocolClient$AsyncStreamObservers$1.onError(GrpcClientProtocolClient.java:330)
	... 16 more
Caused by: org.apache.ratis.thirdparty.io.grpc.StatusRuntimeException: UNAVAILABLE: io exception
	at org.apache.ratis.thirdparty.io.grpc.Status.asRuntimeException(Status.java:537)
	... 16 more
Caused by: org.apache.ratis.thirdparty.io.netty.channel.AbstractChannel$AnnotatedConnectException: finishConnect(..) failed: Connection refused: localhost/127.0.0.1:43097
Caused by: java.net.ConnectException: finishConnect(..) failed: Connection refused
	at org.apache.ratis.thirdparty.io.netty.channel.unix.Errors.newConnectException0(Errors.java:166)
	at org.apache.ratis.thirdparty.io.netty.channel.unix.Errors.handleConnectErrno(Errors.java:131)
	at org.apache.ratis.thirdparty.io.netty.channel.unix.Socket.finishConnect(Socket.java:359)
	at org.apache.ratis.thirdparty.io.netty.channel.epoll.AbstractEpollChannel$AbstractEpollUnsafe.doFinishConnect(AbstractEpollChannel.java:710)
	at org.apache.ratis.thirdparty.io.netty.channel.epoll.AbstractEpollChannel$AbstractEpollUnsafe.finishConnect(AbstractEpollChannel.java:687)
	at org.apache.ratis.thirdparty.io.netty.channel.epoll.AbstractEpollChannel$AbstractEpollUnsafe.epollOutReady(AbstractEpollChannel.java:567)
	at org.apache.ratis.thirdparty.io.netty.channel.epoll.EpollEventLoop.processReady(EpollEventLoop.java:499)
	at org.apache.ratis.thirdparty.io.netty.channel.epoll.EpollEventLoop.run(EpollEventLoop.java:407)
	at org.apache.ratis.thirdparty.io.netty.util.concurrent.SingleThreadEventExecutor$4.run(SingleThreadEventExecutor.java:997)
	at org.apache.ratis.thirdparty.io.netty.util.internal.ThreadExecutorMap$2.run(ThreadExecutorMap.java:74)
	at org.apache.ratis.thirdparty.io.netty.util.concurrent.FastThreadLocalRunnable.run(FastThreadLocalRunnable.java:30)
	at java.base/java.lang.Thread.run(Thread.java:829)
2023-11-20 19:26:39,412 [grpc-default-executor-0] ERROR impl.OrderedAsync (OrderedAsync.java:lambda$sendRequest$9(247)) - client-E9C94F68C118: Failed* RaftClientRequest:client-E9C94F68C118->s0@group-F61A228DBE4A, cid=6, seq=1*, Watch(0), null
java.util.concurrent.CompletionException: java.io.IOException: org.apache.ratis.thirdparty.io.grpc.StatusRuntimeException: UNAVAILABLE: io exception
	at java.base/java.util.concurrent.CompletableFuture.encodeThrowable(CompletableFuture.java:331)
	at java.base/java.util.concurrent.CompletableFuture.completeThrowable(CompletableFuture.java:346)
	at java.base/java.util.concurrent.CompletableFuture$UniApply.tryFire(CompletableFuture.java:632)
	at java.base/java.util.concurrent.CompletableFuture.postComplete(CompletableFuture.java:506)
	at java.base/java.util.concurrent.CompletableFuture.completeExceptionally(CompletableFuture.java:2094)
	at org.apache.ratis.grpc.client.GrpcClientProtocolClient$AsyncStreamObservers.completeReplyExceptionally(GrpcClientProtocolClient.java:394)
	at org.apache.ratis.grpc.client.GrpcClientProtocolClient$AsyncStreamObservers.access$000(GrpcClientProtocolClient.java:300)
	at org.apache.ratis.grpc.client.GrpcClientProtocolClient$AsyncStreamObservers$1.onError(GrpcClientProtocolClient.java:331)
	at org.apache.ratis.thirdparty.io.grpc.stub.ClientCalls$StreamObserverToCallListenerAdapter.onClose(ClientCalls.java:481)
	at org.apache.ratis.thirdparty.io.grpc.PartialForwardingClientCallListener.onClose(PartialForwardingClientCallListener.java:39)
	at org.apache.ratis.thirdparty.io.grpc.ForwardingClientCallListener.onClose(ForwardingClientCallListener.java:23)
	at org.apache.ratis.grpc.metrics.intercept.client.MetricClientCallListener.onClose(MetricClientCallListener.java:47)
	at org.apache.ratis.thirdparty.io.grpc.internal.DelayedClientCall$DelayedListener$3.run(DelayedClientCall.java:489)
	at org.apache.ratis.thirdparty.io.grpc.internal.DelayedClientCall$DelayedListener.delayOrExecute(DelayedClientCall.java:453)
	at org.apache.ratis.thirdparty.io.grpc.internal.DelayedClientCall$DelayedListener.onClose(DelayedClientCall.java:486)
	at org.apache.ratis.thirdparty.io.grpc.internal.ClientCallImpl.closeObserver(ClientCallImpl.java:567)
	at org.apache.ratis.thirdparty.io.grpc.internal.ClientCallImpl.access$300(ClientCallImpl.java:71)
	at org.apache.ratis.thirdparty.io.grpc.internal.ClientCallImpl$ClientStreamListenerImpl$1StreamClosed.runInternal(ClientCallImpl.java:735)
	at org.apache.ratis.thirdparty.io.grpc.internal.ClientCallImpl$ClientStreamListenerImpl$1StreamClosed.runInContext(ClientCallImpl.java:716)
	at org.apache.ratis.thirdparty.io.grpc.internal.ContextRunnable.run(ContextRunnable.java:37)
	at org.apache.ratis.thirdparty.io.grpc.internal.SerializingExecutor.run(SerializingExecutor.java:133)
	at java.base/java.util.concurrent.ThreadPoolExecutor.runWorker(ThreadPoolExecutor.java:1128)
	at java.base/java.util.concurrent.ThreadPoolExecutor$Worker.run(ThreadPoolExecutor.java:628)
	at java.base/java.lang.Thread.run(Thread.java:829)
Caused by: java.io.IOException: org.apache.ratis.thirdparty.io.grpc.StatusRuntimeException: UNAVAILABLE: io exception
	at org.apache.ratis.grpc.GrpcUtil.unwrapException(GrpcUtil.java:99)
	at org.apache.ratis.grpc.GrpcUtil.unwrapIOException(GrpcUtil.java:159)
	at org.apache.ratis.grpc.client.GrpcClientProtocolClient$AsyncStreamObservers$1.onError(GrpcClientProtocolClient.java:330)
	... 16 more
Caused by: org.apache.ratis.thirdparty.io.grpc.StatusRuntimeException: UNAVAILABLE: io exception
	at org.apache.ratis.thirdparty.io.grpc.Status.asRuntimeException(Status.java:537)
	... 16 more
Caused by: org.apache.ratis.thirdparty.io.netty.channel.AbstractChannel$AnnotatedConnectException: finishConnect(..) failed: Connection refused: localhost/127.0.0.1:37411
Caused by: java.net.ConnectException: finishConnect(..) failed: Connection refused
	at org.apache.ratis.thirdparty.io.netty.channel.unix.Errors.newConnectException0(Errors.java:166)
	at org.apache.ratis.thirdparty.io.netty.channel.unix.Errors.handleConnectErrno(Errors.java:131)
	at org.apache.ratis.thirdparty.io.netty.channel.unix.Socket.finishConnect(Socket.java:359)
	at org.apache.ratis.thirdparty.io.netty.channel.epoll.AbstractEpollChannel$AbstractEpollUnsafe.doFinishConnect(AbstractEpollChannel.java:710)
	at org.apache.ratis.thirdparty.io.netty.channel.epoll.AbstractEpollChannel$AbstractEpollUnsafe.finishConnect(AbstractEpollChannel.java:687)
	at org.apache.ratis.thirdparty.io.netty.channel.epoll.AbstractEpollChannel$AbstractEpollUnsafe.epollOutReady(AbstractEpollChannel.java:567)
	at org.apache.ratis.thirdparty.io.netty.channel.epoll.EpollEventLoop.processReady(EpollEventLoop.java:499)
	at org.apache.ratis.thirdparty.io.netty.channel.epoll.EpollEventLoop.run(EpollEventLoop.java:407)
	at org.apache.ratis.thirdparty.io.netty.util.concurrent.SingleThreadEventExecutor$4.run(SingleThreadEventExecutor.java:997)
	at org.apache.ratis.thirdparty.io.netty.util.internal.ThreadExecutorMap$2.run(ThreadExecutorMap.java:74)
	at org.apache.ratis.thirdparty.io.netty.util.concurrent.FastThreadLocalRunnable.run(FastThreadLocalRunnable.java:30)
	at java.base/java.lang.Thread.run(Thread.java:829)
2023-11-20 19:26:39,516 [grpc-default-executor-3] ERROR impl.OrderedAsync (OrderedAsync.java:lambda$sendRequest$9(247)) - client-E9C94F68C118: Failed* RaftClientRequest:client-E9C94F68C118->s2@group-F61A228DBE4A, cid=6, seq=1*, Watch(0), null
java.util.concurrent.CompletionException: java.io.IOException: org.apache.ratis.thirdparty.io.grpc.StatusRuntimeException: UNAVAILABLE: io exception
	at java.base/java.util.concurrent.CompletableFuture.encodeThrowable(CompletableFuture.java:331)
	at java.base/java.util.concurrent.CompletableFuture.completeThrowable(CompletableFuture.java:346)
	at java.base/java.util.concurrent.CompletableFuture$UniApply.tryFire(CompletableFuture.java:632)
	at java.base/java.util.concurrent.CompletableFuture.postComplete(CompletableFuture.java:506)
	at java.base/java.util.concurrent.CompletableFuture.completeExceptionally(CompletableFuture.java:2094)
	at org.apache.ratis.grpc.client.GrpcClientProtocolClient$AsyncStreamObservers.completeReplyExceptionally(GrpcClientProtocolClient.java:394)
	at org.apache.ratis.grpc.client.GrpcClientProtocolClient$AsyncStreamObservers.access$000(GrpcClientProtocolClient.java:300)
	at org.apache.ratis.grpc.client.GrpcClientProtocolClient$AsyncStreamObservers$1.onError(GrpcClientProtocolClient.java:331)
	at org.apache.ratis.thirdparty.io.grpc.stub.ClientCalls$StreamObserverToCallListenerAdapter.onClose(ClientCalls.java:481)
	at org.apache.ratis.thirdparty.io.grpc.PartialForwardingClientCallListener.onClose(PartialForwardingClientCallListener.java:39)
	at org.apache.ratis.thirdparty.io.grpc.ForwardingClientCallListener.onClose(ForwardingClientCallListener.java:23)
	at org.apache.ratis.grpc.metrics.intercept.client.MetricClientCallListener.onClose(MetricClientCallListener.java:47)
	at org.apache.ratis.thirdparty.io.grpc.internal.DelayedClientCall$DelayedListener$3.run(DelayedClientCall.java:489)
	at org.apache.ratis.thirdparty.io.grpc.internal.DelayedClientCall$DelayedListener.delayOrExecute(DelayedClientCall.java:453)
	at org.apache.ratis.thirdparty.io.grpc.internal.DelayedClientCall$DelayedListener.onClose(DelayedClientCall.java:486)
	at org.apache.ratis.thirdparty.io.grpc.internal.ClientCallImpl.closeObserver(ClientCallImpl.java:567)
	at org.apache.ratis.thirdparty.io.grpc.internal.ClientCallImpl.access$300(ClientCallImpl.java:71)
	at org.apache.ratis.thirdparty.io.grpc.internal.ClientCallImpl$ClientStreamListenerImpl$1StreamClosed.runInternal(ClientCallImpl.java:735)
	at org.apache.ratis.thirdparty.io.grpc.internal.ClientCallImpl$ClientStreamListenerImpl$1StreamClosed.runInContext(ClientCallImpl.java:716)
	at org.apache.ratis.thirdparty.io.grpc.internal.ContextRunnable.run(ContextRunnable.java:37)
	at org.apache.ratis.thirdparty.io.grpc.internal.SerializingExecutor.run(SerializingExecutor.java:133)
	at java.base/java.util.concurrent.ThreadPoolExecutor.runWorker(ThreadPoolExecutor.java:1128)
	at java.base/java.util.concurrent.ThreadPoolExecutor$Worker.run(ThreadPoolExecutor.java:628)
	at java.base/java.lang.Thread.run(Thread.java:829)
Caused by: java.io.IOException: org.apache.ratis.thirdparty.io.grpc.StatusRuntimeException: UNAVAILABLE: io exception
	at org.apache.ratis.grpc.GrpcUtil.unwrapException(GrpcUtil.java:99)
	at org.apache.ratis.grpc.GrpcUtil.unwrapIOException(GrpcUtil.java:159)
	at org.apache.ratis.grpc.client.GrpcClientProtocolClient$AsyncStreamObservers$1.onError(GrpcClientProtocolClient.java:330)
	... 16 more
Caused by: org.apache.ratis.thirdparty.io.grpc.StatusRuntimeException: UNAVAILABLE: io exception
	at org.apache.ratis.thirdparty.io.grpc.Status.asRuntimeException(Status.java:537)
	... 16 more
Caused by: org.apache.ratis.thirdparty.io.netty.channel.AbstractChannel$AnnotatedConnectException: finishConnect(..) failed: Connection refused: localhost/127.0.0.1:43097
Caused by: java.net.ConnectException: finishConnect(..) failed: Connection refused
	at org.apache.ratis.thirdparty.io.netty.channel.unix.Errors.newConnectException0(Errors.java:166)
	at org.apache.ratis.thirdparty.io.netty.channel.unix.Errors.handleConnectErrno(Errors.java:131)
	at org.apache.ratis.thirdparty.io.netty.channel.unix.Socket.finishConnect(Socket.java:359)
	at org.apache.ratis.thirdparty.io.netty.channel.epoll.AbstractEpollChannel$AbstractEpollUnsafe.doFinishConnect(AbstractEpollChannel.java:710)
	at org.apache.ratis.thirdparty.io.netty.channel.epoll.AbstractEpollChannel$AbstractEpollUnsafe.finishConnect(AbstractEpollChannel.java:687)
	at org.apache.ratis.thirdparty.io.netty.channel.epoll.AbstractEpollChannel$AbstractEpollUnsafe.epollOutReady(AbstractEpollChannel.java:567)
	at org.apache.ratis.thirdparty.io.netty.channel.epoll.EpollEventLoop.processReady(EpollEventLoop.java:499)
	at org.apache.ratis.thirdparty.io.netty.channel.epoll.EpollEventLoop.run(EpollEventLoop.java:407)
	at org.apache.ratis.thirdparty.io.netty.util.concurrent.SingleThreadEventExecutor$4.run(SingleThreadEventExecutor.java:997)
	at org.apache.ratis.thirdparty.io.netty.util.internal.ThreadExecutorMap$2.run(ThreadExecutorMap.java:74)
	at org.apache.ratis.thirdparty.io.netty.util.concurrent.FastThreadLocalRunnable.run(FastThreadLocalRunnable.java:30)
	at java.base/java.lang.Thread.run(Thread.java:829)
2023-11-20 19:26:39,621 [grpc-default-executor-0] ERROR impl.OrderedAsync (OrderedAsync.java:lambda$sendRequest$9(247)) - client-E9C94F68C118: Failed* RaftClientRequest:client-E9C94F68C118->s0@group-F61A228DBE4A, cid=6, seq=1*, Watch(0), null
java.util.concurrent.CompletionException: java.io.IOException: org.apache.ratis.thirdparty.io.grpc.StatusRuntimeException: UNAVAILABLE: io exception
	at java.base/java.util.concurrent.CompletableFuture.encodeThrowable(CompletableFuture.java:331)
	at java.base/java.util.concurrent.CompletableFuture.completeThrowable(CompletableFuture.java:346)
	at java.base/java.util.concurrent.CompletableFuture$UniApply.tryFire(CompletableFuture.java:632)
	at java.base/java.util.concurrent.CompletableFuture.postComplete(CompletableFuture.java:506)
	at java.base/java.util.concurrent.CompletableFuture.completeExceptionally(CompletableFuture.java:2094)
	at org.apache.ratis.grpc.client.GrpcClientProtocolClient$AsyncStreamObservers.completeReplyExceptionally(GrpcClientProtocolClient.java:394)
	at org.apache.ratis.grpc.client.GrpcClientProtocolClient$AsyncStreamObservers.access$000(GrpcClientProtocolClient.java:300)
	at org.apache.ratis.grpc.client.GrpcClientProtocolClient$AsyncStreamObservers$1.onError(GrpcClientProtocolClient.java:331)
	at org.apache.ratis.thirdparty.io.grpc.stub.ClientCalls$StreamObserverToCallListenerAdapter.onClose(ClientCalls.java:481)
	at org.apache.ratis.thirdparty.io.grpc.PartialForwardingClientCallListener.onClose(PartialForwardingClientCallListener.java:39)
	at org.apache.ratis.thirdparty.io.grpc.ForwardingClientCallListener.onClose(ForwardingClientCallListener.java:23)
	at org.apache.ratis.grpc.metrics.intercept.client.MetricClientCallListener.onClose(MetricClientCallListener.java:47)
	at org.apache.ratis.thirdparty.io.grpc.internal.DelayedClientCall$DelayedListener$3.run(DelayedClientCall.java:489)
	at org.apache.ratis.thirdparty.io.grpc.internal.DelayedClientCall$DelayedListener.delayOrExecute(DelayedClientCall.java:453)
	at org.apache.ratis.thirdparty.io.grpc.internal.DelayedClientCall$DelayedListener.onClose(DelayedClientCall.java:486)
	at org.apache.ratis.thirdparty.io.grpc.internal.ClientCallImpl.closeObserver(ClientCallImpl.java:567)
	at org.apache.ratis.thirdparty.io.grpc.internal.ClientCallImpl.access$300(ClientCallImpl.java:71)
	at org.apache.ratis.thirdparty.io.grpc.internal.ClientCallImpl$ClientStreamListenerImpl$1StreamClosed.runInternal(ClientCallImpl.java:735)
	at org.apache.ratis.thirdparty.io.grpc.internal.ClientCallImpl$ClientStreamListenerImpl$1StreamClosed.runInContext(ClientCallImpl.java:716)
	at org.apache.ratis.thirdparty.io.grpc.internal.ContextRunnable.run(ContextRunnable.java:37)
	at org.apache.ratis.thirdparty.io.grpc.internal.SerializingExecutor.run(SerializingExecutor.java:133)
	at java.base/java.util.concurrent.ThreadPoolExecutor.runWorker(ThreadPoolExecutor.java:1128)
	at java.base/java.util.concurrent.ThreadPoolExecutor$Worker.run(ThreadPoolExecutor.java:628)
	at java.base/java.lang.Thread.run(Thread.java:829)
Caused by: java.io.IOException: org.apache.ratis.thirdparty.io.grpc.StatusRuntimeException: UNAVAILABLE: io exception
	at org.apache.ratis.grpc.GrpcUtil.unwrapException(GrpcUtil.java:99)
	at org.apache.ratis.grpc.GrpcUtil.unwrapIOException(GrpcUtil.java:159)
	at org.apache.ratis.grpc.client.GrpcClientProtocolClient$AsyncStreamObservers$1.onError(GrpcClientProtocolClient.java:330)
	... 16 more
Caused by: org.apache.ratis.thirdparty.io.grpc.StatusRuntimeException: UNAVAILABLE: io exception
	at org.apache.ratis.thirdparty.io.grpc.Status.asRuntimeException(Status.java:537)
	... 16 more
Caused by: org.apache.ratis.thirdparty.io.netty.channel.AbstractChannel$AnnotatedConnectException: finishConnect(..) failed: Connection refused: localhost/127.0.0.1:37411
Caused by: java.net.ConnectException: finishConnect(..) failed: Connection refused
	at org.apache.ratis.thirdparty.io.netty.channel.unix.Errors.newConnectException0(Errors.java:166)
	at org.apache.ratis.thirdparty.io.netty.channel.unix.Errors.handleConnectErrno(Errors.java:131)
	at org.apache.ratis.thirdparty.io.netty.channel.unix.Socket.finishConnect(Socket.java:359)
	at org.apache.ratis.thirdparty.io.netty.channel.epoll.AbstractEpollChannel$AbstractEpollUnsafe.doFinishConnect(AbstractEpollChannel.java:710)
	at org.apache.ratis.thirdparty.io.netty.channel.epoll.AbstractEpollChannel$AbstractEpollUnsafe.finishConnect(AbstractEpollChannel.java:687)
	at org.apache.ratis.thirdparty.io.netty.channel.epoll.AbstractEpollChannel$AbstractEpollUnsafe.epollOutReady(AbstractEpollChannel.java:567)
	at org.apache.ratis.thirdparty.io.netty.channel.epoll.EpollEventLoop.processReady(EpollEventLoop.java:499)
	at org.apache.ratis.thirdparty.io.netty.channel.epoll.EpollEventLoop.run(EpollEventLoop.java:407)
	at org.apache.ratis.thirdparty.io.netty.util.concurrent.SingleThreadEventExecutor$4.run(SingleThreadEventExecutor.java:997)
	at org.apache.ratis.thirdparty.io.netty.util.internal.ThreadExecutorMap$2.run(ThreadExecutorMap.java:74)
	at org.apache.ratis.thirdparty.io.netty.util.concurrent.FastThreadLocalRunnable.run(FastThreadLocalRunnable.java:30)
	at java.base/java.lang.Thread.run(Thread.java:829)
2023-11-20 19:26:39,665 [s1-impl-thread1] INFO  segmented.SegmentedRaftLogWorker (SegmentedRaftLogWorker.java:close(245)) - s1@group-F61A228DBE4A-SegmentedRaftLogWorker close()
2023-11-20 19:26:39,665 [s2-impl-thread1] INFO  segmented.SegmentedRaftLogWorker (SegmentedRaftLogWorker.java:close(245)) - s2@group-F61A228DBE4A-SegmentedRaftLogWorker close()
2023-11-20 19:26:39,665 [JvmPauseMonitor4] INFO  util.JvmPauseMonitor (JvmPauseMonitor.java:run(152)) - JvmPauseMonitor-s1: Stopped
2023-11-20 19:26:39,666 [JvmPauseMonitor5] INFO  util.JvmPauseMonitor (JvmPauseMonitor.java:run(152)) - JvmPauseMonitor-s2: Stopped
2023-11-20 19:26:39,669 [s0-impl-thread1] INFO  segmented.SegmentedRaftLogWorker (SegmentedRaftLogWorker.java:close(245)) - s0@group-F61A228DBE4A-SegmentedRaftLogWorker close()
2023-11-20 19:26:39,670 [JvmPauseMonitor3] INFO  util.JvmPauseMonitor (JvmPauseMonitor.java:run(152)) - JvmPauseMonitor-s0: Stopped
2023-11-20 19:26:39,670 [Time-limited test] INFO  impl.MiniRaftCluster (MiniRaftCluster.java:shutdown(855)) - MiniRaftClusterWithGrpc shutdown completed
]]></system-out>
  </testcase>
  <testcase name="testBasicRetry" classname="org.apache.ratis.grpc.TestRetryCacheWithGrpc" time="2.525">
    <system-out><![CDATA[2023-11-20 19:26:39,673 [main] INFO  util.LogUtils (Slf4jUtils.java:setLogLevel(38)) - Successfully set org.apache.ratis.conf.ConfUtils log level to WARN
2023-11-20 19:26:39,673 [main] INFO  util.LogUtils (Slf4jUtils.java:setLogLevel(38)) - Successfully set org.apache.ratis.util.FileUtils log level to TRACE
2023-11-20 19:26:39,673 [main] INFO  util.LogUtils (Slf4jUtils.java:setLogLevel(38)) - Successfully set org.apache.ratis.server.RetryCache log level to TRACE
2023-11-20 19:26:39,673 [Time-limited test] INFO  impl.MiniRaftCluster (MiniRaftCluster.java:runWithNewCluster(135)) - Running runWithNewCluster
2023-11-20 19:26:39,674 [Time-limited test] INFO  impl.MiniRaftCluster (MiniRaftCluster.java:<init>(306)) - new MiniRaftClusterWithGrpc with group-41F475FFC48D:[s0|localhost:37767, s1|localhost:33015, s2|localhost:41057]
2023-11-20 19:26:39,674 [Time-limited test] INFO  impl.MiniRaftCluster (MiniRaftCluster.java:start(339)) - .............................................................. 
2023-11-20 19:26:39,674 [Time-limited test] INFO  impl.MiniRaftCluster (MiniRaftCluster.java:start(340)) - ... 
2023-11-20 19:26:39,674 [Time-limited test] INFO  impl.MiniRaftCluster (MiniRaftCluster.java:start(341)) - ...     Starting MiniRaftClusterWithGrpc
2023-11-20 19:26:39,674 [Time-limited test] INFO  impl.MiniRaftCluster (MiniRaftCluster.java:start(342)) - ... 
2023-11-20 19:26:39,674 [Time-limited test] INFO  impl.MiniRaftCluster (MiniRaftCluster.java:start(343)) - .............................................................. 
2023-11-20 19:26:39,674 [Time-limited test] INFO  impl.MiniRaftCluster (MiniRaftCluster.java:initServers(318)) - servers = {}
2023-11-20 19:26:39,674 [Time-limited test] INFO  impl.MiniRaftCluster (MiniRaftCluster.java:newRaftServer(382)) - newRaftServer: s0, group-41F475FFC48D:[s0|localhost:37767, s1|localhost:33015, s2|localhost:41057], format? true
2023-11-20 19:26:39,674 [Time-limited test] TRACE util.FileUtils (FileUtils.java:deleteFully(305)) - deleteFully target/test/data/42d3a8b8/MiniRaftClusterWithGrpc12f57710/s0
2023-11-20 19:26:39,675 [Time-limited test] TRACE util.FileUtils (FileUtils.java:deleteFully(318)) - deleteFully: target/test/data/42d3a8b8/MiniRaftClusterWithGrpc12f57710/s0 does not exist.
2023-11-20 19:26:39,675 [Time-limited test] INFO  impl.MiniRaftCluster (MiniRaftCluster.java:newRaftServer(387)) - Formatted directory target/test/data/42d3a8b8/MiniRaftClusterWithGrpc12f57710/s0
2023-11-20 19:26:39,675 [Time-limited test] INFO  server.RaftServer (ConfUtils.java:logGet(46)) - raft.rpc.type = GRPC (default)
2023-11-20 19:26:39,675 [Time-limited test] INFO  grpc.GrpcConfigKeys (ConfUtils.java:logFallback(53)) - raft.grpc.admin.host = null (fallback to raft.grpc.server.host)
2023-11-20 19:26:39,675 [Time-limited test] INFO  grpc.GrpcConfigKeys (ConfUtils.java:logGet(46)) - raft.grpc.admin.port = 35675 (custom)
2023-11-20 19:26:39,675 [Time-limited test] INFO  grpc.GrpcConfigKeys (ConfUtils.java:logFallback(53)) - raft.grpc.client.host = null (fallback to raft.grpc.server.host)
2023-11-20 19:26:39,675 [Time-limited test] INFO  grpc.GrpcConfigKeys (ConfUtils.java:logGet(46)) - raft.grpc.client.port = 39983 (custom)
2023-11-20 19:26:39,675 [Time-limited test] INFO  grpc.GrpcConfigKeys (ConfUtils.java:logGet(46)) - raft.grpc.server.host = null (default)
2023-11-20 19:26:39,675 [Time-limited test] INFO  grpc.GrpcConfigKeys (ConfUtils.java:logGet(46)) - raft.grpc.server.port = 37767 (custom)
2023-11-20 19:26:39,676 [Time-limited test] INFO  server.GrpcService (ConfUtils.java:logGet(46)) - raft.grpc.message.size.max = 64MB (=67108864) (default)
2023-11-20 19:26:39,676 [Time-limited test] INFO  server.RaftServerConfigKeys (ConfUtils.java:logGet(46)) - raft.server.log.appender.buffer.byte-limit = 4MB (=4194304) (default)
2023-11-20 19:26:39,676 [Time-limited test] INFO  server.GrpcService (ConfUtils.java:logGet(46)) - raft.grpc.flow.control.window = 1MB (=1048576) (default)
2023-11-20 19:26:39,676 [Time-limited test] INFO  server.RaftServerConfigKeys (ConfUtils.java:logGet(46)) - raft.server.rpc.request.timeout = 3000ms (default)
2023-11-20 19:26:39,676 [Time-limited test] INFO  grpc.GrpcConfigKeys (ConfUtils.java:logGet(46)) - raft.grpc.server.heartbeat.channel = true (default)
2023-11-20 19:26:39,676 [Time-limited test] INFO  grpc.GrpcConfigKeys (ConfUtils.java:logGet(46)) - raft.grpc.server.async.request.thread.pool.cached = true (default)
2023-11-20 19:26:39,676 [Time-limited test] INFO  grpc.GrpcConfigKeys (ConfUtils.java:logGet(46)) - raft.grpc.server.async.request.thread.pool.size = 32 (default)
2023-11-20 19:26:39,677 [Time-limited test] INFO  impl.DataStreamServerImpl (ConfUtils.java:logGet(46)) - raft.datastream.type = DISABLED (default)
2023-11-20 19:26:39,677 [Time-limited test] INFO  server.RaftServerConfigKeys (ConfUtils.java:logGet(46)) - raft.server.sleep.deviation.threshold = 300ms (default)
2023-11-20 19:26:39,677 [Time-limited test] INFO  server.RaftServerConfigKeys (ConfUtils.java:logGet(46)) - raft.server.close.threshold = 60s (default)
2023-11-20 19:26:39,678 [Time-limited test] INFO  server.RaftServerConfigKeys (ConfUtils.java:logGet(46)) - raft.server.leaderelection.leader.step-down.wait-time = 10s (default)
2023-11-20 19:26:39,678 [Time-limited test] INFO  server.RaftServerConfigKeys (ConfUtils.java:logGet(46)) - raft.server.storage.dir = [/home/runner/work/ratis/ratis/ratis-test/target/test/data/42d3a8b8/MiniRaftClusterWithGrpc12f57710/s0] (custom)
2023-11-20 19:26:39,678 [Time-limited test] INFO  server.RaftServerConfigKeys (ConfUtils.java:logGet(46)) - raft.server.threadpool.proxy.cached = true (default)
2023-11-20 19:26:39,678 [Time-limited test] INFO  server.RaftServerConfigKeys (ConfUtils.java:logGet(46)) - raft.server.threadpool.proxy.size = 0 (default)
2023-11-20 19:26:39,678 [Time-limited test] INFO  server.RaftServer (RaftServerProxy.java:addNew(100)) - s0: addNew group-41F475FFC48D:[s0|localhost:37767, s1|localhost:33015, s2|localhost:41057] returns group-41F475FFC48D:java.util.concurrent.CompletableFuture@186f9737[Not completed]
2023-11-20 19:26:39,678 [s0-groupManagement] INFO  server.RaftServerConfigKeys (ConfUtils.java:logGet(46)) - raft.server.log.segment.size.max = 32MB (=33554432) (default)
2023-11-20 19:26:39,678 [Time-limited test] INFO  impl.MiniRaftCluster (MiniRaftCluster.java:newRaftServer(382)) - newRaftServer: s1, group-41F475FFC48D:[s0|localhost:37767, s1|localhost:33015, s2|localhost:41057], format? true
2023-11-20 19:26:39,679 [Time-limited test] TRACE util.FileUtils (FileUtils.java:deleteFully(305)) - deleteFully target/test/data/42d3a8b8/MiniRaftClusterWithGrpc12f57710/s1
2023-11-20 19:26:39,679 [s0-groupManagement] INFO  server.RaftServerConfigKeys (ConfUtils.java:logGet(46)) - raft.server.log.preallocated.size = 4MB (=4194304) (default)
2023-11-20 19:26:39,679 [Time-limited test] TRACE util.FileUtils (FileUtils.java:deleteFully(318)) - deleteFully: target/test/data/42d3a8b8/MiniRaftClusterWithGrpc12f57710/s1 does not exist.
2023-11-20 19:26:39,679 [s0-groupManagement] INFO  server.RaftServerConfigKeys (ConfUtils.java:logGet(46)) - raft.server.log.write.buffer.size = 8MB (=8388608) (default)
2023-11-20 19:26:39,679 [Time-limited test] INFO  impl.MiniRaftCluster (MiniRaftCluster.java:newRaftServer(387)) - Formatted directory target/test/data/42d3a8b8/MiniRaftClusterWithGrpc12f57710/s1
2023-11-20 19:26:39,679 [s0-groupManagement] INFO  server.RaftServer$Division (RaftServerImpl.java:<init>(256)) - s0: new RaftServerImpl for group-41F475FFC48D:[s0|localhost:37767, s1|localhost:33015, s2|localhost:41057] with SimpleStateMachine4Testing:uninitialized
2023-11-20 19:26:39,679 [s0-groupManagement] INFO  server.RaftServerConfigKeys (ConfUtils.java:logGet(46)) - raft.server.rpc.timeout.min = 150ms (default)
2023-11-20 19:26:39,679 [s0-groupManagement] INFO  server.RaftServerConfigKeys (ConfUtils.java:logGet(46)) - raft.server.rpc.timeout.max = 300ms (default)
2023-11-20 19:26:39,679 [Time-limited test] INFO  server.RaftServer (ConfUtils.java:logGet(46)) - raft.rpc.type = GRPC (default)
2023-11-20 19:26:39,679 [s0-groupManagement] INFO  server.RaftServerConfigKeys (ConfUtils.java:logGet(46)) - raft.server.rpc.sleep.time = 25ms (default)
2023-11-20 19:26:39,679 [s0-groupManagement] INFO  server.RaftServerConfigKeys (ConfUtils.java:logGet(46)) - raft.server.rpc.slowness.timeout = 60s (default)
2023-11-20 19:26:39,679 [Time-limited test] INFO  grpc.GrpcConfigKeys (ConfUtils.java:logFallback(53)) - raft.grpc.admin.host = null (fallback to raft.grpc.server.host)
2023-11-20 19:26:39,679 [s0-groupManagement] INFO  server.RaftServerConfigKeys (ConfUtils.java:logGet(46)) - raft.server.leaderelection.leader.step-down.wait-time = 10s (default)
2023-11-20 19:26:39,679 [Time-limited test] INFO  grpc.GrpcConfigKeys (ConfUtils.java:logGet(46)) - raft.grpc.admin.port = 37491 (custom)
2023-11-20 19:26:39,679 [s0-groupManagement] INFO  server.RaftServerConfigKeys (ConfUtils.java:logGet(46)) - raft.server.leaderelection.member.majority-add = false (default)
2023-11-20 19:26:39,679 [Time-limited test] INFO  grpc.GrpcConfigKeys (ConfUtils.java:logFallback(53)) - raft.grpc.client.host = null (fallback to raft.grpc.server.host)
2023-11-20 19:26:39,679 [s0-groupManagement] INFO  server.RaftServerConfigKeys (ConfUtils.java:logGet(46)) - raft.server.sleep.deviation.threshold = 300ms (default)
2023-11-20 19:26:39,679 [Time-limited test] INFO  grpc.GrpcConfigKeys (ConfUtils.java:logGet(46)) - raft.grpc.client.port = 40109 (custom)
2023-11-20 19:26:39,679 [Time-limited test] INFO  grpc.GrpcConfigKeys (ConfUtils.java:logGet(46)) - raft.grpc.server.host = null (default)
2023-11-20 19:26:39,679 [s0-groupManagement] INFO  server.RaftServer$Division (ServerState.java:<init>(113)) - s0@group-41F475FFC48D: ConfigurationManager, init=-1: peers:[s0|localhost:37767, s1|localhost:33015, s2|localhost:41057]|listeners:[], old=null, confs=<EMPTY_MAP>
2023-11-20 19:26:39,680 [Time-limited test] INFO  grpc.GrpcConfigKeys (ConfUtils.java:logGet(46)) - raft.grpc.server.port = 33015 (custom)
2023-11-20 19:26:39,680 [s0-groupManagement] INFO  server.RaftServerConfigKeys (ConfUtils.java:logGet(46)) - raft.server.notification.no-leader.timeout = 60s (default)
2023-11-20 19:26:39,680 [Time-limited test] INFO  server.GrpcService (ConfUtils.java:logGet(46)) - raft.grpc.message.size.max = 64MB (=67108864) (default)
2023-11-20 19:26:39,680 [Time-limited test] INFO  server.RaftServerConfigKeys (ConfUtils.java:logGet(46)) - raft.server.log.appender.buffer.byte-limit = 4MB (=4194304) (default)
2023-11-20 19:26:39,680 [s0-groupManagement] INFO  server.RaftServerConfigKeys (ConfUtils.java:logGet(46)) - raft.server.read.timeout = 10s (default)
2023-11-20 19:26:39,680 [Time-limited test] INFO  server.GrpcService (ConfUtils.java:logGet(46)) - raft.grpc.flow.control.window = 1MB (=1048576) (default)
2023-11-20 19:26:39,680 [s0-groupManagement] INFO  server.RaftServerConfigKeys (ConfUtils.java:logGet(46)) - raft.server.retrycache.expirytime = 60s (default)
2023-11-20 19:26:39,680 [Time-limited test] INFO  server.RaftServerConfigKeys (ConfUtils.java:logGet(46)) - raft.server.rpc.request.timeout = 3000ms (default)
2023-11-20 19:26:39,680 [s0-groupManagement] INFO  server.RaftServerConfigKeys (ConfUtils.java:logGet(46)) - raft.server.retrycache.statistics.expirytime = 100ms (default)
2023-11-20 19:26:39,680 [Time-limited test] INFO  grpc.GrpcConfigKeys (ConfUtils.java:logGet(46)) - raft.grpc.server.heartbeat.channel = true (default)
2023-11-20 19:26:39,680 [Time-limited test] INFO  grpc.GrpcConfigKeys (ConfUtils.java:logGet(46)) - raft.grpc.server.async.request.thread.pool.cached = true (default)
2023-11-20 19:26:39,680 [s0-groupManagement] INFO  server.RaftServerConfigKeys (ConfUtils.java:logGet(46)) - raft.server.read.option = DEFAULT (default)
2023-11-20 19:26:39,680 [Time-limited test] INFO  grpc.GrpcConfigKeys (ConfUtils.java:logGet(46)) - raft.grpc.server.async.request.thread.pool.size = 32 (default)
2023-11-20 19:26:39,680 [s0-groupManagement] INFO  server.RaftServerConfigKeys (ConfUtils.java:logGet(46)) - raft.server.read.read-after-write-consistent.write-index-cache.expiry-time = 60s (default)
2023-11-20 19:26:39,681 [Time-limited test] INFO  impl.DataStreamServerImpl (ConfUtils.java:logGet(46)) - raft.datastream.type = DISABLED (default)
2023-11-20 19:26:39,682 [Time-limited test] INFO  server.RaftServerConfigKeys (ConfUtils.java:logGet(46)) - raft.server.sleep.deviation.threshold = 300ms (default)
2023-11-20 19:26:39,682 [Time-limited test] INFO  server.RaftServerConfigKeys (ConfUtils.java:logGet(46)) - raft.server.close.threshold = 60s (default)
2023-11-20 19:26:39,682 [Time-limited test] INFO  server.RaftServerConfigKeys (ConfUtils.java:logGet(46)) - raft.server.leaderelection.leader.step-down.wait-time = 10s (default)
2023-11-20 19:26:39,682 [s0-groupManagement] INFO  server.RaftServerConfigKeys (ConfUtils.java:logGet(46)) - raft.server.rpc.request.timeout = 3000ms (default)
2023-11-20 19:26:39,682 [s0-groupManagement] INFO  server.RaftServerConfigKeys (ConfUtils.java:logGet(46)) - raft.server.log.appender.install.snapshot.enabled = true (default)
2023-11-20 19:26:39,682 [Time-limited test] INFO  server.RaftServerConfigKeys (ConfUtils.java:logGet(46)) - raft.server.storage.dir = [/home/runner/work/ratis/ratis/ratis-test/target/test/data/42d3a8b8/MiniRaftClusterWithGrpc12f57710/s1] (custom)
2023-11-20 19:26:39,682 [s0-groupManagement] INFO  server.RaftServerConfigKeys (ConfUtils.java:logGet(46)) - raft.server.threadpool.server.cached = true (default)
2023-11-20 19:26:39,682 [Time-limited test] INFO  server.RaftServerConfigKeys (ConfUtils.java:logGet(46)) - raft.server.threadpool.proxy.cached = true (default)
2023-11-20 19:26:39,682 [s0-groupManagement] INFO  server.RaftServerConfigKeys (ConfUtils.java:logGet(46)) - raft.server.threadpool.server.size = 0 (default)
2023-11-20 19:26:39,682 [Time-limited test] INFO  server.RaftServerConfigKeys (ConfUtils.java:logGet(46)) - raft.server.threadpool.proxy.size = 0 (default)
2023-11-20 19:26:39,682 [s0-groupManagement] INFO  server.RaftServerConfigKeys (ConfUtils.java:logGet(46)) - raft.server.threadpool.client.cached = true (default)
2023-11-20 19:26:39,682 [s0-groupManagement] INFO  server.RaftServerConfigKeys (ConfUtils.java:logGet(46)) - raft.server.threadpool.client.size = 0 (default)
2023-11-20 19:26:39,683 [Time-limited test] INFO  server.RaftServer (RaftServerProxy.java:addNew(100)) - s1: addNew group-41F475FFC48D:[s0|localhost:37767, s1|localhost:33015, s2|localhost:41057] returns group-41F475FFC48D:java.util.concurrent.CompletableFuture@1c7282ee[Not completed]
2023-11-20 19:26:39,683 [Time-limited test] INFO  impl.MiniRaftCluster (MiniRaftCluster.java:newRaftServer(382)) - newRaftServer: s2, group-41F475FFC48D:[s0|localhost:37767, s1|localhost:33015, s2|localhost:41057], format? true
2023-11-20 19:26:39,683 [s1-groupManagement] INFO  server.RaftServerConfigKeys (ConfUtils.java:logGet(46)) - raft.server.log.segment.size.max = 32MB (=33554432) (default)
2023-11-20 19:26:39,683 [Time-limited test] TRACE util.FileUtils (FileUtils.java:deleteFully(305)) - deleteFully target/test/data/42d3a8b8/MiniRaftClusterWithGrpc12f57710/s2
2023-11-20 19:26:39,683 [s1-groupManagement] INFO  server.RaftServerConfigKeys (ConfUtils.java:logGet(46)) - raft.server.log.preallocated.size = 4MB (=4194304) (default)
2023-11-20 19:26:39,683 [Time-limited test] TRACE util.FileUtils (FileUtils.java:deleteFully(318)) - deleteFully: target/test/data/42d3a8b8/MiniRaftClusterWithGrpc12f57710/s2 does not exist.
2023-11-20 19:26:39,683 [s1-groupManagement] INFO  server.RaftServerConfigKeys (ConfUtils.java:logGet(46)) - raft.server.log.write.buffer.size = 8MB (=8388608) (default)
2023-11-20 19:26:39,683 [Time-limited test] INFO  impl.MiniRaftCluster (MiniRaftCluster.java:newRaftServer(387)) - Formatted directory target/test/data/42d3a8b8/MiniRaftClusterWithGrpc12f57710/s2
2023-11-20 19:26:39,683 [s1-groupManagement] INFO  server.RaftServer$Division (RaftServerImpl.java:<init>(256)) - s1: new RaftServerImpl for group-41F475FFC48D:[s0|localhost:37767, s1|localhost:33015, s2|localhost:41057] with SimpleStateMachine4Testing:uninitialized
2023-11-20 19:26:39,683 [s1-groupManagement] INFO  server.RaftServerConfigKeys (ConfUtils.java:logGet(46)) - raft.server.rpc.timeout.min = 150ms (default)
2023-11-20 19:26:39,683 [s1-groupManagement] INFO  server.RaftServerConfigKeys (ConfUtils.java:logGet(46)) - raft.server.rpc.timeout.max = 300ms (default)
2023-11-20 19:26:39,683 [s1-groupManagement] INFO  server.RaftServerConfigKeys (ConfUtils.java:logGet(46)) - raft.server.rpc.sleep.time = 25ms (default)
2023-11-20 19:26:39,683 [s1-groupManagement] INFO  server.RaftServerConfigKeys (ConfUtils.java:logGet(46)) - raft.server.rpc.slowness.timeout = 60s (default)
2023-11-20 19:26:39,683 [Time-limited test] INFO  server.RaftServer (ConfUtils.java:logGet(46)) - raft.rpc.type = GRPC (default)
2023-11-20 19:26:39,683 [s1-groupManagement] INFO  server.RaftServerConfigKeys (ConfUtils.java:logGet(46)) - raft.server.leaderelection.leader.step-down.wait-time = 10s (default)
2023-11-20 19:26:39,683 [s1-groupManagement] INFO  server.RaftServerConfigKeys (ConfUtils.java:logGet(46)) - raft.server.leaderelection.member.majority-add = false (default)
2023-11-20 19:26:39,683 [Time-limited test] INFO  grpc.GrpcConfigKeys (ConfUtils.java:logFallback(53)) - raft.grpc.admin.host = null (fallback to raft.grpc.server.host)
2023-11-20 19:26:39,683 [s1-groupManagement] INFO  server.RaftServerConfigKeys (ConfUtils.java:logGet(46)) - raft.server.sleep.deviation.threshold = 300ms (default)
2023-11-20 19:26:39,683 [Time-limited test] INFO  grpc.GrpcConfigKeys (ConfUtils.java:logGet(46)) - raft.grpc.admin.port = 33175 (custom)
2023-11-20 19:26:39,683 [s1-groupManagement] INFO  server.RaftServer$Division (ServerState.java:<init>(113)) - s1@group-41F475FFC48D: ConfigurationManager, init=-1: peers:[s0|localhost:37767, s1|localhost:33015, s2|localhost:41057]|listeners:[], old=null, confs=<EMPTY_MAP>
2023-11-20 19:26:39,684 [Time-limited test] INFO  grpc.GrpcConfigKeys (ConfUtils.java:logFallback(53)) - raft.grpc.client.host = null (fallback to raft.grpc.server.host)
2023-11-20 19:26:39,684 [s1-groupManagement] INFO  server.RaftServerConfigKeys (ConfUtils.java:logGet(46)) - raft.server.notification.no-leader.timeout = 60s (default)
2023-11-20 19:26:39,684 [Time-limited test] INFO  grpc.GrpcConfigKeys (ConfUtils.java:logGet(46)) - raft.grpc.client.port = 46325 (custom)
2023-11-20 19:26:39,684 [s1-groupManagement] INFO  server.RaftServerConfigKeys (ConfUtils.java:logGet(46)) - raft.server.read.timeout = 10s (default)
2023-11-20 19:26:39,684 [Time-limited test] INFO  grpc.GrpcConfigKeys (ConfUtils.java:logGet(46)) - raft.grpc.server.host = null (default)
2023-11-20 19:26:39,684 [s1-groupManagement] INFO  server.RaftServerConfigKeys (ConfUtils.java:logGet(46)) - raft.server.retrycache.expirytime = 60s (default)
2023-11-20 19:26:39,684 [Time-limited test] INFO  grpc.GrpcConfigKeys (ConfUtils.java:logGet(46)) - raft.grpc.server.port = 41057 (custom)
2023-11-20 19:26:39,684 [s1-groupManagement] INFO  server.RaftServerConfigKeys (ConfUtils.java:logGet(46)) - raft.server.retrycache.statistics.expirytime = 100ms (default)
2023-11-20 19:26:39,684 [Time-limited test] INFO  server.GrpcService (ConfUtils.java:logGet(46)) - raft.grpc.message.size.max = 64MB (=67108864) (default)
2023-11-20 19:26:39,684 [s1-groupManagement] INFO  server.RaftServerConfigKeys (ConfUtils.java:logGet(46)) - raft.server.read.option = DEFAULT (default)
2023-11-20 19:26:39,684 [Time-limited test] INFO  server.RaftServerConfigKeys (ConfUtils.java:logGet(46)) - raft.server.log.appender.buffer.byte-limit = 4MB (=4194304) (default)
2023-11-20 19:26:39,684 [s1-groupManagement] INFO  server.RaftServerConfigKeys (ConfUtils.java:logGet(46)) - raft.server.read.read-after-write-consistent.write-index-cache.expiry-time = 60s (default)
2023-11-20 19:26:39,684 [Time-limited test] INFO  server.GrpcService (ConfUtils.java:logGet(46)) - raft.grpc.flow.control.window = 1MB (=1048576) (default)
2023-11-20 19:26:39,684 [Time-limited test] INFO  server.RaftServerConfigKeys (ConfUtils.java:logGet(46)) - raft.server.rpc.request.timeout = 3000ms (default)
2023-11-20 19:26:39,684 [Time-limited test] INFO  grpc.GrpcConfigKeys (ConfUtils.java:logGet(46)) - raft.grpc.server.heartbeat.channel = true (default)
2023-11-20 19:26:39,684 [Time-limited test] INFO  grpc.GrpcConfigKeys (ConfUtils.java:logGet(46)) - raft.grpc.server.async.request.thread.pool.cached = true (default)
2023-11-20 19:26:39,684 [Time-limited test] INFO  grpc.GrpcConfigKeys (ConfUtils.java:logGet(46)) - raft.grpc.server.async.request.thread.pool.size = 32 (default)
2023-11-20 19:26:39,685 [Time-limited test] INFO  impl.DataStreamServerImpl (ConfUtils.java:logGet(46)) - raft.datastream.type = DISABLED (default)
2023-11-20 19:26:39,685 [Time-limited test] INFO  server.RaftServerConfigKeys (ConfUtils.java:logGet(46)) - raft.server.sleep.deviation.threshold = 300ms (default)
2023-11-20 19:26:39,686 [Time-limited test] INFO  server.RaftServerConfigKeys (ConfUtils.java:logGet(46)) - raft.server.close.threshold = 60s (default)
2023-11-20 19:26:39,686 [Time-limited test] INFO  server.RaftServerConfigKeys (ConfUtils.java:logGet(46)) - raft.server.leaderelection.leader.step-down.wait-time = 10s (default)
2023-11-20 19:26:39,686 [s1-groupManagement] INFO  server.RaftServerConfigKeys (ConfUtils.java:logGet(46)) - raft.server.rpc.request.timeout = 3000ms (default)
2023-11-20 19:26:39,686 [s1-groupManagement] INFO  server.RaftServerConfigKeys (ConfUtils.java:logGet(46)) - raft.server.log.appender.install.snapshot.enabled = true (default)
2023-11-20 19:26:39,686 [s1-groupManagement] INFO  server.RaftServerConfigKeys (ConfUtils.java:logGet(46)) - raft.server.threadpool.server.cached = true (default)
2023-11-20 19:26:39,686 [Time-limited test] INFO  server.RaftServerConfigKeys (ConfUtils.java:logGet(46)) - raft.server.storage.dir = [/home/runner/work/ratis/ratis/ratis-test/target/test/data/42d3a8b8/MiniRaftClusterWithGrpc12f57710/s2] (custom)
2023-11-20 19:26:39,686 [s1-groupManagement] INFO  server.RaftServerConfigKeys (ConfUtils.java:logGet(46)) - raft.server.threadpool.server.size = 0 (default)
2023-11-20 19:26:39,686 [Time-limited test] INFO  server.RaftServerConfigKeys (ConfUtils.java:logGet(46)) - raft.server.threadpool.proxy.cached = true (default)
2023-11-20 19:26:39,686 [s1-groupManagement] INFO  server.RaftServerConfigKeys (ConfUtils.java:logGet(46)) - raft.server.threadpool.client.cached = true (default)
2023-11-20 19:26:39,686 [Time-limited test] INFO  server.RaftServerConfigKeys (ConfUtils.java:logGet(46)) - raft.server.threadpool.proxy.size = 0 (default)
2023-11-20 19:26:39,686 [s1-groupManagement] INFO  server.RaftServerConfigKeys (ConfUtils.java:logGet(46)) - raft.server.threadpool.client.size = 0 (default)
2023-11-20 19:26:39,686 [Time-limited test] INFO  server.RaftServer (RaftServerProxy.java:addNew(100)) - s2: addNew group-41F475FFC48D:[s0|localhost:37767, s1|localhost:33015, s2|localhost:41057] returns group-41F475FFC48D:java.util.concurrent.CompletableFuture@f1b4940[Not completed]
2023-11-20 19:26:39,687 [s2-groupManagement] INFO  server.RaftServerConfigKeys (ConfUtils.java:logGet(46)) - raft.server.log.segment.size.max = 32MB (=33554432) (default)
2023-11-20 19:26:39,687 [s0-impl-thread1] INFO  server.RaftServerConfigKeys (ConfUtils.java:logGet(46)) - raft.server.storage.free-space.min = 0MB (=0) (default)
2023-11-20 19:26:39,687 [s2-groupManagement] INFO  server.RaftServerConfigKeys (ConfUtils.java:logGet(46)) - raft.server.log.preallocated.size = 4MB (=4194304) (default)
2023-11-20 19:26:39,687 [s0-impl-thread1] INFO  server.RaftServerConfigKeys (ConfUtils.java:logGet(46)) - raft.server.log.corruption.policy = EXCEPTION (default)
2023-11-20 19:26:39,687 [s2-groupManagement] INFO  server.RaftServerConfigKeys (ConfUtils.java:logGet(46)) - raft.server.log.write.buffer.size = 8MB (=8388608) (default)
2023-11-20 19:26:39,687 [s0-impl-thread1] INFO  server.RaftServerConfigKeys (ConfUtils.java:logGet(46)) - raft.server.storage.dir = [/home/runner/work/ratis/ratis/ratis-test/target/test/data/42d3a8b8/MiniRaftClusterWithGrpc12f57710/s0] (custom)
2023-11-20 19:26:39,687 [s2-groupManagement] INFO  server.RaftServer$Division (RaftServerImpl.java:<init>(256)) - s2: new RaftServerImpl for group-41F475FFC48D:[s0|localhost:37767, s1|localhost:33015, s2|localhost:41057] with SimpleStateMachine4Testing:uninitialized
2023-11-20 19:26:39,687 [s2-groupManagement] INFO  server.RaftServerConfigKeys (ConfUtils.java:logGet(46)) - raft.server.rpc.timeout.min = 150ms (default)
2023-11-20 19:26:39,687 [s0-impl-thread1] INFO  storage.RaftStorageDirectory (RaftStorageDirectoryImpl.java:analyzeStorage(138)) - The storage directory /home/runner/work/ratis/ratis/ratis-test/target/test/data/42d3a8b8/MiniRaftClusterWithGrpc12f57710/s0/8daea654-1bf0-41b5-833c-41f475ffc48d does not exist. Creating ...
2023-11-20 19:26:39,687 [s2-groupManagement] INFO  server.RaftServerConfigKeys (ConfUtils.java:logGet(46)) - raft.server.rpc.timeout.max = 300ms (default)
2023-11-20 19:26:39,687 [s2-groupManagement] INFO  server.RaftServerConfigKeys (ConfUtils.java:logGet(46)) - raft.server.rpc.sleep.time = 25ms (default)
2023-11-20 19:26:39,687 [s2-groupManagement] INFO  server.RaftServerConfigKeys (ConfUtils.java:logGet(46)) - raft.server.rpc.slowness.timeout = 60s (default)
2023-11-20 19:26:39,687 [s2-groupManagement] INFO  server.RaftServerConfigKeys (ConfUtils.java:logGet(46)) - raft.server.leaderelection.leader.step-down.wait-time = 10s (default)
2023-11-20 19:26:39,687 [s2-groupManagement] INFO  server.RaftServerConfigKeys (ConfUtils.java:logGet(46)) - raft.server.leaderelection.member.majority-add = false (default)
2023-11-20 19:26:39,687 [s0-impl-thread1] TRACE util.FileUtils (LogUtils.java:runAndLog(49)) - Successfully ran Files.createDirectories /home/runner/work/ratis/ratis/ratis-test/target/test/data/42d3a8b8/MiniRaftClusterWithGrpc12f57710/s0/8daea654-1bf0-41b5-833c-41f475ffc48d
2023-11-20 19:26:39,687 [s2-groupManagement] INFO  server.RaftServerConfigKeys (ConfUtils.java:logGet(46)) - raft.server.sleep.deviation.threshold = 300ms (default)
2023-11-20 19:26:39,687 [s2-groupManagement] INFO  server.RaftServer$Division (ServerState.java:<init>(113)) - s2@group-41F475FFC48D: ConfigurationManager, init=-1: peers:[s0|localhost:37767, s1|localhost:33015, s2|localhost:41057]|listeners:[], old=null, confs=<EMPTY_MAP>
2023-11-20 19:26:39,687 [s2-groupManagement] INFO  server.RaftServerConfigKeys (ConfUtils.java:logGet(46)) - raft.server.notification.no-leader.timeout = 60s (default)
2023-11-20 19:26:39,687 [s2-groupManagement] INFO  server.RaftServerConfigKeys (ConfUtils.java:logGet(46)) - raft.server.read.timeout = 10s (default)
2023-11-20 19:26:39,688 [s2-groupManagement] INFO  server.RaftServerConfigKeys (ConfUtils.java:logGet(46)) - raft.server.retrycache.expirytime = 60s (default)
2023-11-20 19:26:39,688 [s2-groupManagement] INFO  server.RaftServerConfigKeys (ConfUtils.java:logGet(46)) - raft.server.retrycache.statistics.expirytime = 100ms (default)
2023-11-20 19:26:39,688 [s2-groupManagement] INFO  server.RaftServerConfigKeys (ConfUtils.java:logGet(46)) - raft.server.read.option = DEFAULT (default)
2023-11-20 19:26:39,688 [s2-groupManagement] INFO  server.RaftServerConfigKeys (ConfUtils.java:logGet(46)) - raft.server.read.read-after-write-consistent.write-index-cache.expiry-time = 60s (default)
2023-11-20 19:26:39,688 [s0-impl-thread1] INFO  storage.RaftStorageDirectory (RaftStorageDirectoryImpl.java:tryLock(232)) - Lock on /home/runner/work/ratis/ratis/ratis-test/target/test/data/42d3a8b8/MiniRaftClusterWithGrpc12f57710/s0/8daea654-1bf0-41b5-833c-41f475ffc48d/in_use.lock acquired by nodename 4652@fv-az1023-122
2023-11-20 19:26:39,688 [s0-impl-thread1] TRACE util.FileUtils (LogUtils.java:runAndLog(49)) - Successfully ran Files.createDirectories /home/runner/work/ratis/ratis/ratis-test/target/test/data/42d3a8b8/MiniRaftClusterWithGrpc12f57710/s0/8daea654-1bf0-41b5-833c-41f475ffc48d/current
2023-11-20 19:26:39,688 [s0-impl-thread1] TRACE util.FileUtils (LogUtils.java:runAndLog(49)) - Successfully ran Files.createDirectories /home/runner/work/ratis/ratis/ratis-test/target/test/data/42d3a8b8/MiniRaftClusterWithGrpc12f57710/s0/8daea654-1bf0-41b5-833c-41f475ffc48d/sm
2023-11-20 19:26:39,688 [s0-impl-thread1] TRACE util.FileUtils (LogUtils.java:supplyAndLog(69)) - Successfully supplied FileChannel.open /home/runner/work/ratis/ratis/ratis-test/target/test/data/42d3a8b8/MiniRaftClusterWithGrpc12f57710/s0/8daea654-1bf0-41b5-833c-41f475ffc48d/current/raft-meta.tmp with options [CREATE, WRITE]: sun.nio.ch.FileChannelImpl@1fc64102
2023-11-20 19:26:39,689 [s2-groupManagement] INFO  server.RaftServerConfigKeys (ConfUtils.java:logGet(46)) - raft.server.rpc.request.timeout = 3000ms (default)
2023-11-20 19:26:39,689 [s0-impl-thread1] TRACE util.FileUtils (LogUtils.java:runAndLog(49)) - Successfully ran Atomic Files.move /home/runner/work/ratis/ratis/ratis-test/target/test/data/42d3a8b8/MiniRaftClusterWithGrpc12f57710/s0/8daea654-1bf0-41b5-833c-41f475ffc48d/current/raft-meta.tmp to /home/runner/work/ratis/ratis/ratis-test/target/test/data/42d3a8b8/MiniRaftClusterWithGrpc12f57710/s0/8daea654-1bf0-41b5-833c-41f475ffc48d/current/raft-meta with options [REPLACE_EXISTING]
2023-11-20 19:26:39,689 [s2-groupManagement] INFO  server.RaftServerConfigKeys (ConfUtils.java:logGet(46)) - raft.server.log.appender.install.snapshot.enabled = true (default)
2023-11-20 19:26:39,689 [s0-impl-thread1] INFO  storage.RaftStorage (RaftStorageImpl.java:format(99)) - Storage directory /home/runner/work/ratis/ratis/ratis-test/target/test/data/42d3a8b8/MiniRaftClusterWithGrpc12f57710/s0/8daea654-1bf0-41b5-833c-41f475ffc48d has been successfully formatted.
2023-11-20 19:26:39,690 [s2-groupManagement] INFO  server.RaftServerConfigKeys (ConfUtils.java:logGet(46)) - raft.server.threadpool.server.cached = true (default)
2023-11-20 19:26:39,690 [s2-groupManagement] INFO  server.RaftServerConfigKeys (ConfUtils.java:logGet(46)) - raft.server.threadpool.server.size = 0 (default)
2023-11-20 19:26:39,690 [s0-impl-thread1] TRACE util.FileUtils (LogUtils.java:supplyAndLog(61)) - Failed to Files.newInputStream /home/runner/work/ratis/ratis/ratis-test/target/test/data/42d3a8b8/MiniRaftClusterWithGrpc12f57710/s0/8daea654-1bf0-41b5-833c-41f475ffc48d/current/raft-meta.conf with options []
java.nio.file.NoSuchFileException: /home/runner/work/ratis/ratis/ratis-test/target/test/data/42d3a8b8/MiniRaftClusterWithGrpc12f57710/s0/8daea654-1bf0-41b5-833c-41f475ffc48d/current/raft-meta.conf
	at java.base/sun.nio.fs.UnixException.translateToIOException(UnixException.java:92)
	at java.base/sun.nio.fs.UnixException.rethrowAsIOException(UnixException.java:111)
	at java.base/sun.nio.fs.UnixException.rethrowAsIOException(UnixException.java:116)
	at java.base/sun.nio.fs.UnixFileSystemProvider.newByteChannel(UnixFileSystemProvider.java:219)
	at java.base/java.nio.file.Files.newByteChannel(Files.java:371)
	at java.base/java.nio.file.Files.newByteChannel(Files.java:422)
	at java.base/java.nio.file.spi.FileSystemProvider.newInputStream(FileSystemProvider.java:420)
	at java.base/java.nio.file.Files.newInputStream(Files.java:156)
	at org.apache.ratis.util.FileUtils.lambda$newInputStream$2(FileUtils.java:73)
	at org.apache.ratis.util.LogUtils.supplyAndLog(LogUtils.java:58)
	at org.apache.ratis.util.FileUtils.newInputStream(FileUtils.java:72)
	at org.apache.ratis.util.FileUtils.newInputStream(FileUtils.java:68)
	at org.apache.ratis.server.storage.RaftStorageImpl.readRaftConfiguration(RaftStorageImpl.java:156)
	at org.apache.ratis.server.impl.ServerState.initialize(ServerState.java:141)
	at org.apache.ratis.server.impl.RaftServerImpl.start(RaftServerImpl.java:388)
	at org.apache.ratis.util.ConcurrentUtils.accept(ConcurrentUtils.java:203)
	at org.apache.ratis.util.ConcurrentUtils.lambda$parallelForEachAsync$4(ConcurrentUtils.java:182)
	at java.base/java.util.concurrent.ThreadPoolExecutor.runWorker(ThreadPoolExecutor.java:1128)
	at java.base/java.util.concurrent.ThreadPoolExecutor$Worker.run(ThreadPoolExecutor.java:628)
	at java.base/java.lang.Thread.run(Thread.java:829)
2023-11-20 19:26:39,690 [s2-groupManagement] INFO  server.RaftServerConfigKeys (ConfUtils.java:logGet(46)) - raft.server.threadpool.client.cached = true (default)
2023-11-20 19:26:39,690 [s0-impl-thread1] INFO  impl.SimpleStateMachine4Testing (SimpleStateMachine4Testing.java:initialize(213)) - Initializing SimpleStateMachine4Testing:uninitialized
2023-11-20 19:26:39,690 [s2-groupManagement] INFO  server.RaftServerConfigKeys (ConfUtils.java:logGet(46)) - raft.server.threadpool.client.size = 0 (default)
2023-11-20 19:26:39,690 [s0-impl-thread1] INFO  impl.SimpleStateMachine4Testing (SimpleStateMachine4Testing.java:loadSnapshot(296)) - Loading snapshot null
2023-11-20 19:26:39,690 [s0-impl-thread1] INFO  server.RaftServerConfigKeys (ConfUtils.java:logGet(46)) - raft.server.log.use.memory = false (default)
2023-11-20 19:26:39,690 [s0-impl-thread1] INFO  server.RaftServerConfigKeys (ConfUtils.java:logGet(46)) - raft.server.log.purge.gap = 1024 (default)
2023-11-20 19:26:39,691 [s0-impl-thread1] INFO  server.RaftServerConfigKeys (ConfUtils.java:logGet(46)) - raft.server.log.appender.buffer.byte-limit = 4MB (=4194304) (default)
2023-11-20 19:26:39,691 [s0-impl-thread1] INFO  server.RaftServerConfigKeys (ConfUtils.java:logGet(46)) - raft.server.log.statemachine.data.read.timeout = 1000ms (default)
2023-11-20 19:26:39,691 [s0-impl-thread1] INFO  server.RaftServerConfigKeys (ConfUtils.java:logGet(46)) - raft.server.log.purge.preservation.log.num = 0 (default)
2023-11-20 19:26:39,691 [s0-impl-thread1] INFO  server.RaftServerConfigKeys (ConfUtils.java:logGet(46)) - raft.server.log.segment.size.max = 32MB (=33554432) (default)
2023-11-20 19:26:39,691 [s0-impl-thread1] INFO  server.RaftServerConfigKeys (ConfUtils.java:logGet(46)) - raft.server.log.segment.cache.num.max = 6 (default)
2023-11-20 19:26:39,691 [s0-impl-thread1] INFO  server.RaftServerConfigKeys (ConfUtils.java:logGet(46)) - raft.server.log.segment.cache.size.max = 200MB (=209715200) (default)
2023-11-20 19:26:39,691 [s0-impl-thread1] INFO  server.RaftServerConfigKeys (ConfUtils.java:logGet(46)) - raft.server.log.appender.buffer.byte-limit = 4MB (=4194304) (default)
2023-11-20 19:26:39,692 [s0-impl-thread1] INFO  util.AwaitToRun (AwaitToRun.java:start(81)) - Thread[s0@group-41F475FFC48D-cacheEviction-AwaitToRun,5,main] started
2023-11-20 19:26:39,692 [s0-impl-thread1] INFO  segmented.SegmentedRaftLogWorker (SegmentedRaftLogWorker.java:<init>(182)) - new s0@group-41F475FFC48D-SegmentedRaftLogWorker for RaftStorageImpl:Storage Directory /home/runner/work/ratis/ratis/ratis-test/target/test/data/42d3a8b8/MiniRaftClusterWithGrpc12f57710/s0/8daea654-1bf0-41b5-833c-41f475ffc48d
2023-11-20 19:26:39,692 [s0-impl-thread1] INFO  server.RaftServerConfigKeys (ConfUtils.java:logGet(46)) - raft.server.log.queue.byte-limit = 64MB (=67108864) (default)
2023-11-20 19:26:39,692 [s0-impl-thread1] INFO  server.RaftServerConfigKeys (ConfUtils.java:logGet(46)) - raft.server.log.queue.element-limit = 4096 (default)
2023-11-20 19:26:39,692 [s0-impl-thread1] INFO  server.RaftServerConfigKeys (ConfUtils.java:logGet(46)) - raft.server.log.segment.size.max = 32MB (=33554432) (default)
2023-11-20 19:26:39,692 [s0-impl-thread1] INFO  server.RaftServerConfigKeys (ConfUtils.java:logGet(46)) - raft.server.log.preallocated.size = 4MB (=4194304) (default)
2023-11-20 19:26:39,692 [s0-impl-thread1] INFO  server.RaftServerConfigKeys (ConfUtils.java:logGet(46)) - raft.server.log.force.sync.num = 128 (default)
2023-11-20 19:26:39,692 [s0-impl-thread1] INFO  server.RaftServerConfigKeys (ConfUtils.java:logGet(46)) - raft.server.log.statemachine.data.sync = true (default)
2023-11-20 19:26:39,692 [s0-impl-thread1] INFO  server.RaftServerConfigKeys (ConfUtils.java:logGet(46)) - raft.server.log.statemachine.data.sync.timeout = 10s (default)
2023-11-20 19:26:39,692 [s0-impl-thread1] INFO  server.RaftServerConfigKeys (ConfUtils.java:logGet(46)) - raft.server.log.statemachine.data.sync.timeout.retry = -1 (default)
2023-11-20 19:26:39,692 [s0-impl-thread1] INFO  server.RaftServerConfigKeys (ConfUtils.java:logGet(46)) - raft.server.log.write.buffer.size = 8MB (=8388608) (default)
2023-11-20 19:26:39,694 [s0-impl-thread1] INFO  server.RaftServerConfigKeys (ConfUtils.java:logGet(46)) - raft.server.log.appender.buffer.byte-limit = 4MB (=4194304) (default)
2023-11-20 19:26:39,694 [s0-impl-thread1] INFO  server.RaftServerConfigKeys (ConfUtils.java:logGet(46)) - raft.server.log.unsafe-flush.enabled = false (default)
2023-11-20 19:26:39,694 [s0-impl-thread1] INFO  server.RaftServerConfigKeys (ConfUtils.java:logGet(46)) - raft.server.log.async-flush.enabled = false (default)
2023-11-20 19:26:39,694 [s0-impl-thread1] INFO  server.RaftServerConfigKeys (ConfUtils.java:logGet(46)) - raft.server.log.statemachine.data.caching.enabled = false (default)
2023-11-20 19:26:39,694 [s0-impl-thread1] INFO  segmented.SegmentedRaftLogWorker (SegmentedRaftLogWorker.java:lambda$new$0(134)) - s0@group-41F475FFC48D-SegmentedRaftLogWorker: flushIndex: setUnconditionally 0 -> -1
2023-11-20 19:26:39,694 [s0-impl-thread1] INFO  segmented.SegmentedRaftLogWorker (SegmentedRaftLogWorker.java:lambda$new$0(134)) - s0@group-41F475FFC48D-SegmentedRaftLogWorker: safeCacheEvictIndex: setUnconditionally 0 -> -1
2023-11-20 19:26:39,694 [s0-impl-thread1] INFO  server.RaftServer$Division (RaftServerImpl.java:start(392)) - s0@group-41F475FFC48D: start as a follower, conf=-1: peers:[s0|localhost:37767, s1|localhost:33015, s2|localhost:41057]|listeners:[], old=null
2023-11-20 19:26:39,694 [s0-impl-thread1] INFO  server.RaftServer$Division (RaftServerImpl.java:setRole(379)) - s0@group-41F475FFC48D: changes role from      null to FOLLOWER at term 0 for startAsFollower
2023-11-20 19:26:39,694 [s0-impl-thread1] INFO  impl.RoleInfo (RoleInfo.java:updateAndGet(139)) - s0: start s0@group-41F475FFC48D-FollowerState
2023-11-20 19:26:39,694 [s0@group-41F475FFC48D-FollowerState] INFO  server.RaftServerConfigKeys (ConfUtils.java:logFallback(53)) - raft.server.rpc.first-election.timeout.min = 150ms (fallback to raft.server.rpc.timeout.min)
2023-11-20 19:26:39,694 [s0-impl-thread1] INFO  util.JmxRegister (JmxRegister.java:tryRegister(44)) - Successfully registered JMX Bean with object name Ratis:service=RaftServer,group=group-41F475FFC48D,id=s0
2023-11-20 19:26:39,694 [s0@group-41F475FFC48D-FollowerState] INFO  server.RaftServerConfigKeys (ConfUtils.java:logFallback(53)) - raft.server.rpc.first-election.timeout.max = 300ms (fallback to raft.server.rpc.timeout.max)
2023-11-20 19:26:39,694 [s0-impl-thread1] INFO  server.RaftServerConfigKeys (ConfUtils.java:logGet(46)) - raft.server.snapshot.trigger-when-stop.enabled = true (default)
2023-11-20 19:26:39,694 [s0-impl-thread1] INFO  server.RaftServerConfigKeys (ConfUtils.java:logGet(46)) - raft.server.snapshot.auto.trigger.enabled = false (default)
2023-11-20 19:26:39,694 [s0-impl-thread1] INFO  server.RaftServerConfigKeys (ConfUtils.java:logGet(46)) - raft.server.snapshot.retention.file.num = -1 (default)
2023-11-20 19:26:39,694 [s0-impl-thread1] INFO  server.RaftServerConfigKeys (ConfUtils.java:logGet(46)) - raft.server.log.purge.upto.snapshot.index = false (default)
2023-11-20 19:26:39,695 [Time-limited test] INFO  server.RaftServer (RaftServerProxy.java:startImpl(406)) - s0: start RPC server
2023-11-20 19:26:39,696 [Time-limited test] INFO  server.GrpcService (GrpcService.java:startImpl(302)) - s0: GrpcService started, listening on 39983
2023-11-20 19:26:39,697 [Time-limited test] INFO  server.GrpcService (GrpcService.java:startImpl(302)) - s0: GrpcService started, listening on 37767
2023-11-20 19:26:39,697 [Time-limited test] INFO  server.GrpcService (GrpcService.java:startImpl(302)) - s0: GrpcService started, listening on 35675
2023-11-20 19:26:39,697 [JvmPauseMonitor6] INFO  util.JvmPauseMonitor (JvmPauseMonitor.java:run(146)) - JvmPauseMonitor-s0: Started
2023-11-20 19:26:39,697 [s1-impl-thread1] INFO  server.RaftServerConfigKeys (ConfUtils.java:logGet(46)) - raft.server.storage.free-space.min = 0MB (=0) (default)
2023-11-20 19:26:39,697 [s1-impl-thread1] INFO  server.RaftServerConfigKeys (ConfUtils.java:logGet(46)) - raft.server.log.corruption.policy = EXCEPTION (default)
2023-11-20 19:26:39,697 [s1-impl-thread1] INFO  server.RaftServerConfigKeys (ConfUtils.java:logGet(46)) - raft.server.storage.dir = [/home/runner/work/ratis/ratis/ratis-test/target/test/data/42d3a8b8/MiniRaftClusterWithGrpc12f57710/s1] (custom)
2023-11-20 19:26:39,697 [s1-impl-thread1] INFO  storage.RaftStorageDirectory (RaftStorageDirectoryImpl.java:analyzeStorage(138)) - The storage directory /home/runner/work/ratis/ratis/ratis-test/target/test/data/42d3a8b8/MiniRaftClusterWithGrpc12f57710/s1/8daea654-1bf0-41b5-833c-41f475ffc48d does not exist. Creating ...
2023-11-20 19:26:39,698 [s1-impl-thread1] TRACE util.FileUtils (LogUtils.java:runAndLog(49)) - Successfully ran Files.createDirectories /home/runner/work/ratis/ratis/ratis-test/target/test/data/42d3a8b8/MiniRaftClusterWithGrpc12f57710/s1/8daea654-1bf0-41b5-833c-41f475ffc48d
2023-11-20 19:26:39,698 [s1-impl-thread1] INFO  storage.RaftStorageDirectory (RaftStorageDirectoryImpl.java:tryLock(232)) - Lock on /home/runner/work/ratis/ratis/ratis-test/target/test/data/42d3a8b8/MiniRaftClusterWithGrpc12f57710/s1/8daea654-1bf0-41b5-833c-41f475ffc48d/in_use.lock acquired by nodename 4652@fv-az1023-122
2023-11-20 19:26:39,698 [s1-impl-thread1] TRACE util.FileUtils (LogUtils.java:runAndLog(49)) - Successfully ran Files.createDirectories /home/runner/work/ratis/ratis/ratis-test/target/test/data/42d3a8b8/MiniRaftClusterWithGrpc12f57710/s1/8daea654-1bf0-41b5-833c-41f475ffc48d/current
2023-11-20 19:26:39,698 [s1-impl-thread1] TRACE util.FileUtils (LogUtils.java:runAndLog(49)) - Successfully ran Files.createDirectories /home/runner/work/ratis/ratis/ratis-test/target/test/data/42d3a8b8/MiniRaftClusterWithGrpc12f57710/s1/8daea654-1bf0-41b5-833c-41f475ffc48d/sm
2023-11-20 19:26:39,699 [s1-impl-thread1] TRACE util.FileUtils (LogUtils.java:supplyAndLog(69)) - Successfully supplied FileChannel.open /home/runner/work/ratis/ratis/ratis-test/target/test/data/42d3a8b8/MiniRaftClusterWithGrpc12f57710/s1/8daea654-1bf0-41b5-833c-41f475ffc48d/current/raft-meta.tmp with options [CREATE, WRITE]: sun.nio.ch.FileChannelImpl@40d898b3
2023-11-20 19:26:39,699 [s1-impl-thread1] TRACE util.FileUtils (LogUtils.java:runAndLog(49)) - Successfully ran Atomic Files.move /home/runner/work/ratis/ratis/ratis-test/target/test/data/42d3a8b8/MiniRaftClusterWithGrpc12f57710/s1/8daea654-1bf0-41b5-833c-41f475ffc48d/current/raft-meta.tmp to /home/runner/work/ratis/ratis/ratis-test/target/test/data/42d3a8b8/MiniRaftClusterWithGrpc12f57710/s1/8daea654-1bf0-41b5-833c-41f475ffc48d/current/raft-meta with options [REPLACE_EXISTING]
2023-11-20 19:26:39,699 [s1-impl-thread1] INFO  storage.RaftStorage (RaftStorageImpl.java:format(99)) - Storage directory /home/runner/work/ratis/ratis/ratis-test/target/test/data/42d3a8b8/MiniRaftClusterWithGrpc12f57710/s1/8daea654-1bf0-41b5-833c-41f475ffc48d has been successfully formatted.
2023-11-20 19:26:39,699 [s1-impl-thread1] TRACE util.FileUtils (LogUtils.java:supplyAndLog(61)) - Failed to Files.newInputStream /home/runner/work/ratis/ratis/ratis-test/target/test/data/42d3a8b8/MiniRaftClusterWithGrpc12f57710/s1/8daea654-1bf0-41b5-833c-41f475ffc48d/current/raft-meta.conf with options []
java.nio.file.NoSuchFileException: /home/runner/work/ratis/ratis/ratis-test/target/test/data/42d3a8b8/MiniRaftClusterWithGrpc12f57710/s1/8daea654-1bf0-41b5-833c-41f475ffc48d/current/raft-meta.conf
	at java.base/sun.nio.fs.UnixException.translateToIOException(UnixException.java:92)
	at java.base/sun.nio.fs.UnixException.rethrowAsIOException(UnixException.java:111)
	at java.base/sun.nio.fs.UnixException.rethrowAsIOException(UnixException.java:116)
	at java.base/sun.nio.fs.UnixFileSystemProvider.newByteChannel(UnixFileSystemProvider.java:219)
	at java.base/java.nio.file.Files.newByteChannel(Files.java:371)
	at java.base/java.nio.file.Files.newByteChannel(Files.java:422)
	at java.base/java.nio.file.spi.FileSystemProvider.newInputStream(FileSystemProvider.java:420)
	at java.base/java.nio.file.Files.newInputStream(Files.java:156)
	at org.apache.ratis.util.FileUtils.lambda$newInputStream$2(FileUtils.java:73)
	at org.apache.ratis.util.LogUtils.supplyAndLog(LogUtils.java:58)
	at org.apache.ratis.util.FileUtils.newInputStream(FileUtils.java:72)
	at org.apache.ratis.util.FileUtils.newInputStream(FileUtils.java:68)
	at org.apache.ratis.server.storage.RaftStorageImpl.readRaftConfiguration(RaftStorageImpl.java:156)
	at org.apache.ratis.server.impl.ServerState.initialize(ServerState.java:141)
	at org.apache.ratis.server.impl.RaftServerImpl.start(RaftServerImpl.java:388)
	at org.apache.ratis.util.ConcurrentUtils.accept(ConcurrentUtils.java:203)
	at org.apache.ratis.util.ConcurrentUtils.lambda$parallelForEachAsync$4(ConcurrentUtils.java:182)
	at java.base/java.util.concurrent.ThreadPoolExecutor.runWorker(ThreadPoolExecutor.java:1128)
	at java.base/java.util.concurrent.ThreadPoolExecutor$Worker.run(ThreadPoolExecutor.java:628)
	at java.base/java.lang.Thread.run(Thread.java:829)
2023-11-20 19:26:39,700 [s1-impl-thread1] INFO  impl.SimpleStateMachine4Testing (SimpleStateMachine4Testing.java:initialize(213)) - Initializing SimpleStateMachine4Testing:uninitialized
2023-11-20 19:26:39,700 [s1-impl-thread1] INFO  impl.SimpleStateMachine4Testing (SimpleStateMachine4Testing.java:loadSnapshot(296)) - Loading snapshot null
2023-11-20 19:26:39,700 [s1-impl-thread1] INFO  server.RaftServerConfigKeys (ConfUtils.java:logGet(46)) - raft.server.log.use.memory = false (default)
2023-11-20 19:26:39,700 [s1-impl-thread1] INFO  server.RaftServerConfigKeys (ConfUtils.java:logGet(46)) - raft.server.log.purge.gap = 1024 (default)
2023-11-20 19:26:39,700 [s1-impl-thread1] INFO  server.RaftServerConfigKeys (ConfUtils.java:logGet(46)) - raft.server.log.appender.buffer.byte-limit = 4MB (=4194304) (default)
2023-11-20 19:26:39,700 [s1-impl-thread1] INFO  server.RaftServerConfigKeys (ConfUtils.java:logGet(46)) - raft.server.log.statemachine.data.read.timeout = 1000ms (default)
2023-11-20 19:26:39,700 [s1-impl-thread1] INFO  server.RaftServerConfigKeys (ConfUtils.java:logGet(46)) - raft.server.log.purge.preservation.log.num = 0 (default)
2023-11-20 19:26:39,700 [s1-impl-thread1] INFO  server.RaftServerConfigKeys (ConfUtils.java:logGet(46)) - raft.server.log.segment.size.max = 32MB (=33554432) (default)
2023-11-20 19:26:39,700 [s1-impl-thread1] INFO  server.RaftServerConfigKeys (ConfUtils.java:logGet(46)) - raft.server.log.segment.cache.num.max = 6 (default)
2023-11-20 19:26:39,700 [s1-impl-thread1] INFO  server.RaftServerConfigKeys (ConfUtils.java:logGet(46)) - raft.server.log.segment.cache.size.max = 200MB (=209715200) (default)
2023-11-20 19:26:39,700 [s1-impl-thread1] INFO  server.RaftServerConfigKeys (ConfUtils.java:logGet(46)) - raft.server.log.appender.buffer.byte-limit = 4MB (=4194304) (default)
2023-11-20 19:26:39,701 [s1-impl-thread1] INFO  util.AwaitToRun (AwaitToRun.java:start(81)) - Thread[s1@group-41F475FFC48D-cacheEviction-AwaitToRun,5,main] started
2023-11-20 19:26:39,701 [s1-impl-thread1] INFO  segmented.SegmentedRaftLogWorker (SegmentedRaftLogWorker.java:<init>(182)) - new s1@group-41F475FFC48D-SegmentedRaftLogWorker for RaftStorageImpl:Storage Directory /home/runner/work/ratis/ratis/ratis-test/target/test/data/42d3a8b8/MiniRaftClusterWithGrpc12f57710/s1/8daea654-1bf0-41b5-833c-41f475ffc48d
2023-11-20 19:26:39,701 [s1-impl-thread1] INFO  server.RaftServerConfigKeys (ConfUtils.java:logGet(46)) - raft.server.log.queue.byte-limit = 64MB (=67108864) (default)
2023-11-20 19:26:39,701 [s1-impl-thread1] INFO  server.RaftServerConfigKeys (ConfUtils.java:logGet(46)) - raft.server.log.queue.element-limit = 4096 (default)
2023-11-20 19:26:39,701 [s1-impl-thread1] INFO  server.RaftServerConfigKeys (ConfUtils.java:logGet(46)) - raft.server.log.segment.size.max = 32MB (=33554432) (default)
2023-11-20 19:26:39,701 [s1-impl-thread1] INFO  server.RaftServerConfigKeys (ConfUtils.java:logGet(46)) - raft.server.log.preallocated.size = 4MB (=4194304) (default)
2023-11-20 19:26:39,701 [s1-impl-thread1] INFO  server.RaftServerConfigKeys (ConfUtils.java:logGet(46)) - raft.server.log.force.sync.num = 128 (default)
2023-11-20 19:26:39,701 [s1-impl-thread1] INFO  server.RaftServerConfigKeys (ConfUtils.java:logGet(46)) - raft.server.log.statemachine.data.sync = true (default)
2023-11-20 19:26:39,701 [s1-impl-thread1] INFO  server.RaftServerConfigKeys (ConfUtils.java:logGet(46)) - raft.server.log.statemachine.data.sync.timeout = 10s (default)
2023-11-20 19:26:39,701 [s1-impl-thread1] INFO  server.RaftServerConfigKeys (ConfUtils.java:logGet(46)) - raft.server.log.statemachine.data.sync.timeout.retry = -1 (default)
2023-11-20 19:26:39,701 [s1-impl-thread1] INFO  server.RaftServerConfigKeys (ConfUtils.java:logGet(46)) - raft.server.log.write.buffer.size = 8MB (=8388608) (default)
2023-11-20 19:26:39,703 [s1-impl-thread1] INFO  server.RaftServerConfigKeys (ConfUtils.java:logGet(46)) - raft.server.log.appender.buffer.byte-limit = 4MB (=4194304) (default)
2023-11-20 19:26:39,703 [s1-impl-thread1] INFO  server.RaftServerConfigKeys (ConfUtils.java:logGet(46)) - raft.server.log.unsafe-flush.enabled = false (default)
2023-11-20 19:26:39,703 [s1-impl-thread1] INFO  server.RaftServerConfigKeys (ConfUtils.java:logGet(46)) - raft.server.log.async-flush.enabled = false (default)
2023-11-20 19:26:39,703 [s1-impl-thread1] INFO  server.RaftServerConfigKeys (ConfUtils.java:logGet(46)) - raft.server.log.statemachine.data.caching.enabled = false (default)
2023-11-20 19:26:39,703 [s1-impl-thread1] INFO  segmented.SegmentedRaftLogWorker (SegmentedRaftLogWorker.java:lambda$new$0(134)) - s1@group-41F475FFC48D-SegmentedRaftLogWorker: flushIndex: setUnconditionally 0 -> -1
2023-11-20 19:26:39,704 [s1-impl-thread1] INFO  segmented.SegmentedRaftLogWorker (SegmentedRaftLogWorker.java:lambda$new$0(134)) - s1@group-41F475FFC48D-SegmentedRaftLogWorker: safeCacheEvictIndex: setUnconditionally 0 -> -1
2023-11-20 19:26:39,704 [s1-impl-thread1] INFO  server.RaftServer$Division (RaftServerImpl.java:start(392)) - s1@group-41F475FFC48D: start as a follower, conf=-1: peers:[s0|localhost:37767, s1|localhost:33015, s2|localhost:41057]|listeners:[], old=null
2023-11-20 19:26:39,704 [s1-impl-thread1] INFO  server.RaftServer$Division (RaftServerImpl.java:setRole(379)) - s1@group-41F475FFC48D: changes role from      null to FOLLOWER at term 0 for startAsFollower
2023-11-20 19:26:39,704 [s1-impl-thread1] INFO  impl.RoleInfo (RoleInfo.java:updateAndGet(139)) - s1: start s1@group-41F475FFC48D-FollowerState
2023-11-20 19:26:39,704 [s1@group-41F475FFC48D-FollowerState] INFO  server.RaftServerConfigKeys (ConfUtils.java:logFallback(53)) - raft.server.rpc.first-election.timeout.min = 150ms (fallback to raft.server.rpc.timeout.min)
2023-11-20 19:26:39,704 [s1@group-41F475FFC48D-FollowerState] INFO  server.RaftServerConfigKeys (ConfUtils.java:logFallback(53)) - raft.server.rpc.first-election.timeout.max = 300ms (fallback to raft.server.rpc.timeout.max)
2023-11-20 19:26:39,704 [s1-impl-thread1] INFO  util.JmxRegister (JmxRegister.java:tryRegister(44)) - Successfully registered JMX Bean with object name Ratis:service=RaftServer,group=group-41F475FFC48D,id=s1
2023-11-20 19:26:39,704 [s1-impl-thread1] INFO  server.RaftServerConfigKeys (ConfUtils.java:logGet(46)) - raft.server.snapshot.trigger-when-stop.enabled = true (default)
2023-11-20 19:26:39,704 [s1-impl-thread1] INFO  server.RaftServerConfigKeys (ConfUtils.java:logGet(46)) - raft.server.snapshot.auto.trigger.enabled = false (default)
2023-11-20 19:26:39,704 [s1-impl-thread1] INFO  server.RaftServerConfigKeys (ConfUtils.java:logGet(46)) - raft.server.snapshot.retention.file.num = -1 (default)
2023-11-20 19:26:39,704 [s1-impl-thread1] INFO  server.RaftServerConfigKeys (ConfUtils.java:logGet(46)) - raft.server.log.purge.upto.snapshot.index = false (default)
2023-11-20 19:26:39,705 [Time-limited test] INFO  server.RaftServer (RaftServerProxy.java:startImpl(406)) - s1: start RPC server
2023-11-20 19:26:39,705 [Time-limited test] INFO  server.GrpcService (GrpcService.java:startImpl(302)) - s1: GrpcService started, listening on 40109
2023-11-20 19:26:39,706 [Time-limited test] INFO  server.GrpcService (GrpcService.java:startImpl(302)) - s1: GrpcService started, listening on 33015
2023-11-20 19:26:39,706 [Time-limited test] INFO  server.GrpcService (GrpcService.java:startImpl(302)) - s1: GrpcService started, listening on 37491
2023-11-20 19:26:39,706 [JvmPauseMonitor7] INFO  util.JvmPauseMonitor (JvmPauseMonitor.java:run(146)) - JvmPauseMonitor-s1: Started
2023-11-20 19:26:39,706 [s2-impl-thread1] INFO  server.RaftServerConfigKeys (ConfUtils.java:logGet(46)) - raft.server.storage.free-space.min = 0MB (=0) (default)
2023-11-20 19:26:39,706 [s2-impl-thread1] INFO  server.RaftServerConfigKeys (ConfUtils.java:logGet(46)) - raft.server.log.corruption.policy = EXCEPTION (default)
2023-11-20 19:26:39,707 [s2-impl-thread1] INFO  server.RaftServerConfigKeys (ConfUtils.java:logGet(46)) - raft.server.storage.dir = [/home/runner/work/ratis/ratis/ratis-test/target/test/data/42d3a8b8/MiniRaftClusterWithGrpc12f57710/s2] (custom)
2023-11-20 19:26:39,707 [s2-impl-thread1] INFO  storage.RaftStorageDirectory (RaftStorageDirectoryImpl.java:analyzeStorage(138)) - The storage directory /home/runner/work/ratis/ratis/ratis-test/target/test/data/42d3a8b8/MiniRaftClusterWithGrpc12f57710/s2/8daea654-1bf0-41b5-833c-41f475ffc48d does not exist. Creating ...
2023-11-20 19:26:39,707 [s2-impl-thread1] TRACE util.FileUtils (LogUtils.java:runAndLog(49)) - Successfully ran Files.createDirectories /home/runner/work/ratis/ratis/ratis-test/target/test/data/42d3a8b8/MiniRaftClusterWithGrpc12f57710/s2/8daea654-1bf0-41b5-833c-41f475ffc48d
2023-11-20 19:26:39,708 [s2-impl-thread1] INFO  storage.RaftStorageDirectory (RaftStorageDirectoryImpl.java:tryLock(232)) - Lock on /home/runner/work/ratis/ratis/ratis-test/target/test/data/42d3a8b8/MiniRaftClusterWithGrpc12f57710/s2/8daea654-1bf0-41b5-833c-41f475ffc48d/in_use.lock acquired by nodename 4652@fv-az1023-122
2023-11-20 19:26:39,708 [s2-impl-thread1] TRACE util.FileUtils (LogUtils.java:runAndLog(49)) - Successfully ran Files.createDirectories /home/runner/work/ratis/ratis/ratis-test/target/test/data/42d3a8b8/MiniRaftClusterWithGrpc12f57710/s2/8daea654-1bf0-41b5-833c-41f475ffc48d/current
2023-11-20 19:26:39,708 [s2-impl-thread1] TRACE util.FileUtils (LogUtils.java:runAndLog(49)) - Successfully ran Files.createDirectories /home/runner/work/ratis/ratis/ratis-test/target/test/data/42d3a8b8/MiniRaftClusterWithGrpc12f57710/s2/8daea654-1bf0-41b5-833c-41f475ffc48d/sm
2023-11-20 19:26:39,708 [s2-impl-thread1] TRACE util.FileUtils (LogUtils.java:supplyAndLog(69)) - Successfully supplied FileChannel.open /home/runner/work/ratis/ratis/ratis-test/target/test/data/42d3a8b8/MiniRaftClusterWithGrpc12f57710/s2/8daea654-1bf0-41b5-833c-41f475ffc48d/current/raft-meta.tmp with options [CREATE, WRITE]: sun.nio.ch.FileChannelImpl@a6313db
2023-11-20 19:26:39,709 [s2-impl-thread1] TRACE util.FileUtils (LogUtils.java:runAndLog(49)) - Successfully ran Atomic Files.move /home/runner/work/ratis/ratis/ratis-test/target/test/data/42d3a8b8/MiniRaftClusterWithGrpc12f57710/s2/8daea654-1bf0-41b5-833c-41f475ffc48d/current/raft-meta.tmp to /home/runner/work/ratis/ratis/ratis-test/target/test/data/42d3a8b8/MiniRaftClusterWithGrpc12f57710/s2/8daea654-1bf0-41b5-833c-41f475ffc48d/current/raft-meta with options [REPLACE_EXISTING]
2023-11-20 19:26:39,709 [s2-impl-thread1] INFO  storage.RaftStorage (RaftStorageImpl.java:format(99)) - Storage directory /home/runner/work/ratis/ratis/ratis-test/target/test/data/42d3a8b8/MiniRaftClusterWithGrpc12f57710/s2/8daea654-1bf0-41b5-833c-41f475ffc48d has been successfully formatted.
2023-11-20 19:26:39,709 [s2-impl-thread1] TRACE util.FileUtils (LogUtils.java:supplyAndLog(61)) - Failed to Files.newInputStream /home/runner/work/ratis/ratis/ratis-test/target/test/data/42d3a8b8/MiniRaftClusterWithGrpc12f57710/s2/8daea654-1bf0-41b5-833c-41f475ffc48d/current/raft-meta.conf with options []
java.nio.file.NoSuchFileException: /home/runner/work/ratis/ratis/ratis-test/target/test/data/42d3a8b8/MiniRaftClusterWithGrpc12f57710/s2/8daea654-1bf0-41b5-833c-41f475ffc48d/current/raft-meta.conf
	at java.base/sun.nio.fs.UnixException.translateToIOException(UnixException.java:92)
	at java.base/sun.nio.fs.UnixException.rethrowAsIOException(UnixException.java:111)
	at java.base/sun.nio.fs.UnixException.rethrowAsIOException(UnixException.java:116)
	at java.base/sun.nio.fs.UnixFileSystemProvider.newByteChannel(UnixFileSystemProvider.java:219)
	at java.base/java.nio.file.Files.newByteChannel(Files.java:371)
	at java.base/java.nio.file.Files.newByteChannel(Files.java:422)
	at java.base/java.nio.file.spi.FileSystemProvider.newInputStream(FileSystemProvider.java:420)
	at java.base/java.nio.file.Files.newInputStream(Files.java:156)
	at org.apache.ratis.util.FileUtils.lambda$newInputStream$2(FileUtils.java:73)
	at org.apache.ratis.util.LogUtils.supplyAndLog(LogUtils.java:58)
	at org.apache.ratis.util.FileUtils.newInputStream(FileUtils.java:72)
	at org.apache.ratis.util.FileUtils.newInputStream(FileUtils.java:68)
	at org.apache.ratis.server.storage.RaftStorageImpl.readRaftConfiguration(RaftStorageImpl.java:156)
	at org.apache.ratis.server.impl.ServerState.initialize(ServerState.java:141)
	at org.apache.ratis.server.impl.RaftServerImpl.start(RaftServerImpl.java:388)
	at org.apache.ratis.util.ConcurrentUtils.accept(ConcurrentUtils.java:203)
	at org.apache.ratis.util.ConcurrentUtils.lambda$parallelForEachAsync$4(ConcurrentUtils.java:182)
	at java.base/java.util.concurrent.ThreadPoolExecutor.runWorker(ThreadPoolExecutor.java:1128)
	at java.base/java.util.concurrent.ThreadPoolExecutor$Worker.run(ThreadPoolExecutor.java:628)
	at java.base/java.lang.Thread.run(Thread.java:829)
2023-11-20 19:26:39,710 [s2-impl-thread1] INFO  impl.SimpleStateMachine4Testing (SimpleStateMachine4Testing.java:initialize(213)) - Initializing SimpleStateMachine4Testing:uninitialized
2023-11-20 19:26:39,710 [s2-impl-thread1] INFO  impl.SimpleStateMachine4Testing (SimpleStateMachine4Testing.java:loadSnapshot(296)) - Loading snapshot null
2023-11-20 19:26:39,710 [s2-impl-thread1] INFO  server.RaftServerConfigKeys (ConfUtils.java:logGet(46)) - raft.server.log.use.memory = false (default)
2023-11-20 19:26:39,710 [s2-impl-thread1] INFO  server.RaftServerConfigKeys (ConfUtils.java:logGet(46)) - raft.server.log.purge.gap = 1024 (default)
2023-11-20 19:26:39,710 [s2-impl-thread1] INFO  server.RaftServerConfigKeys (ConfUtils.java:logGet(46)) - raft.server.log.appender.buffer.byte-limit = 4MB (=4194304) (default)
2023-11-20 19:26:39,710 [s2-impl-thread1] INFO  server.RaftServerConfigKeys (ConfUtils.java:logGet(46)) - raft.server.log.statemachine.data.read.timeout = 1000ms (default)
2023-11-20 19:26:39,710 [s2-impl-thread1] INFO  server.RaftServerConfigKeys (ConfUtils.java:logGet(46)) - raft.server.log.purge.preservation.log.num = 0 (default)
2023-11-20 19:26:39,710 [s2-impl-thread1] INFO  server.RaftServerConfigKeys (ConfUtils.java:logGet(46)) - raft.server.log.segment.size.max = 32MB (=33554432) (default)
2023-11-20 19:26:39,711 [s2-impl-thread1] INFO  server.RaftServerConfigKeys (ConfUtils.java:logGet(46)) - raft.server.log.segment.cache.num.max = 6 (default)
2023-11-20 19:26:39,711 [s2-impl-thread1] INFO  server.RaftServerConfigKeys (ConfUtils.java:logGet(46)) - raft.server.log.segment.cache.size.max = 200MB (=209715200) (default)
2023-11-20 19:26:39,711 [s2-impl-thread1] INFO  server.RaftServerConfigKeys (ConfUtils.java:logGet(46)) - raft.server.log.appender.buffer.byte-limit = 4MB (=4194304) (default)
2023-11-20 19:26:39,711 [s2-impl-thread1] INFO  util.AwaitToRun (AwaitToRun.java:start(81)) - Thread[s2@group-41F475FFC48D-cacheEviction-AwaitToRun,5,main] started
2023-11-20 19:26:39,711 [s2-impl-thread1] INFO  segmented.SegmentedRaftLogWorker (SegmentedRaftLogWorker.java:<init>(182)) - new s2@group-41F475FFC48D-SegmentedRaftLogWorker for RaftStorageImpl:Storage Directory /home/runner/work/ratis/ratis/ratis-test/target/test/data/42d3a8b8/MiniRaftClusterWithGrpc12f57710/s2/8daea654-1bf0-41b5-833c-41f475ffc48d
2023-11-20 19:26:39,711 [s2-impl-thread1] INFO  server.RaftServerConfigKeys (ConfUtils.java:logGet(46)) - raft.server.log.queue.byte-limit = 64MB (=67108864) (default)
2023-11-20 19:26:39,711 [s2-impl-thread1] INFO  server.RaftServerConfigKeys (ConfUtils.java:logGet(46)) - raft.server.log.queue.element-limit = 4096 (default)
2023-11-20 19:26:39,711 [s2-impl-thread1] INFO  server.RaftServerConfigKeys (ConfUtils.java:logGet(46)) - raft.server.log.segment.size.max = 32MB (=33554432) (default)
2023-11-20 19:26:39,711 [s2-impl-thread1] INFO  server.RaftServerConfigKeys (ConfUtils.java:logGet(46)) - raft.server.log.preallocated.size = 4MB (=4194304) (default)
2023-11-20 19:26:39,711 [s2-impl-thread1] INFO  server.RaftServerConfigKeys (ConfUtils.java:logGet(46)) - raft.server.log.force.sync.num = 128 (default)
2023-11-20 19:26:39,711 [s2-impl-thread1] INFO  server.RaftServerConfigKeys (ConfUtils.java:logGet(46)) - raft.server.log.statemachine.data.sync = true (default)
2023-11-20 19:26:39,711 [s2-impl-thread1] INFO  server.RaftServerConfigKeys (ConfUtils.java:logGet(46)) - raft.server.log.statemachine.data.sync.timeout = 10s (default)
2023-11-20 19:26:39,711 [s2-impl-thread1] INFO  server.RaftServerConfigKeys (ConfUtils.java:logGet(46)) - raft.server.log.statemachine.data.sync.timeout.retry = -1 (default)
2023-11-20 19:26:39,711 [s2-impl-thread1] INFO  server.RaftServerConfigKeys (ConfUtils.java:logGet(46)) - raft.server.log.write.buffer.size = 8MB (=8388608) (default)
2023-11-20 19:26:39,712 [s2-impl-thread1] INFO  server.RaftServerConfigKeys (ConfUtils.java:logGet(46)) - raft.server.log.appender.buffer.byte-limit = 4MB (=4194304) (default)
2023-11-20 19:26:39,713 [s2-impl-thread1] INFO  server.RaftServerConfigKeys (ConfUtils.java:logGet(46)) - raft.server.log.unsafe-flush.enabled = false (default)
2023-11-20 19:26:39,713 [s2-impl-thread1] INFO  server.RaftServerConfigKeys (ConfUtils.java:logGet(46)) - raft.server.log.async-flush.enabled = false (default)
2023-11-20 19:26:39,713 [s2-impl-thread1] INFO  server.RaftServerConfigKeys (ConfUtils.java:logGet(46)) - raft.server.log.statemachine.data.caching.enabled = false (default)
2023-11-20 19:26:39,713 [s2-impl-thread1] INFO  segmented.SegmentedRaftLogWorker (SegmentedRaftLogWorker.java:lambda$new$0(134)) - s2@group-41F475FFC48D-SegmentedRaftLogWorker: flushIndex: setUnconditionally 0 -> -1
2023-11-20 19:26:39,713 [s2-impl-thread1] INFO  segmented.SegmentedRaftLogWorker (SegmentedRaftLogWorker.java:lambda$new$0(134)) - s2@group-41F475FFC48D-SegmentedRaftLogWorker: safeCacheEvictIndex: setUnconditionally 0 -> -1
2023-11-20 19:26:39,713 [s2-impl-thread1] INFO  server.RaftServer$Division (RaftServerImpl.java:start(392)) - s2@group-41F475FFC48D: start as a follower, conf=-1: peers:[s0|localhost:37767, s1|localhost:33015, s2|localhost:41057]|listeners:[], old=null
2023-11-20 19:26:39,713 [s2-impl-thread1] INFO  server.RaftServer$Division (RaftServerImpl.java:setRole(379)) - s2@group-41F475FFC48D: changes role from      null to FOLLOWER at term 0 for startAsFollower
2023-11-20 19:26:39,713 [s2-impl-thread1] INFO  impl.RoleInfo (RoleInfo.java:updateAndGet(139)) - s2: start s2@group-41F475FFC48D-FollowerState
2023-11-20 19:26:39,713 [s2@group-41F475FFC48D-FollowerState] INFO  server.RaftServerConfigKeys (ConfUtils.java:logFallback(53)) - raft.server.rpc.first-election.timeout.min = 150ms (fallback to raft.server.rpc.timeout.min)
2023-11-20 19:26:39,713 [s2-impl-thread1] INFO  util.JmxRegister (JmxRegister.java:tryRegister(44)) - Successfully registered JMX Bean with object name Ratis:service=RaftServer,group=group-41F475FFC48D,id=s2
2023-11-20 19:26:39,713 [s2@group-41F475FFC48D-FollowerState] INFO  server.RaftServerConfigKeys (ConfUtils.java:logFallback(53)) - raft.server.rpc.first-election.timeout.max = 300ms (fallback to raft.server.rpc.timeout.max)
2023-11-20 19:26:39,713 [s2-impl-thread1] INFO  server.RaftServerConfigKeys (ConfUtils.java:logGet(46)) - raft.server.snapshot.trigger-when-stop.enabled = true (default)
2023-11-20 19:26:39,713 [s2-impl-thread1] INFO  server.RaftServerConfigKeys (ConfUtils.java:logGet(46)) - raft.server.snapshot.auto.trigger.enabled = false (default)
2023-11-20 19:26:39,713 [s2-impl-thread1] INFO  server.RaftServerConfigKeys (ConfUtils.java:logGet(46)) - raft.server.snapshot.retention.file.num = -1 (default)
2023-11-20 19:26:39,713 [s2-impl-thread1] INFO  server.RaftServerConfigKeys (ConfUtils.java:logGet(46)) - raft.server.log.purge.upto.snapshot.index = false (default)
2023-11-20 19:26:39,714 [Time-limited test] INFO  server.RaftServer (RaftServerProxy.java:startImpl(406)) - s2: start RPC server
2023-11-20 19:26:39,714 [Time-limited test] INFO  server.GrpcService (GrpcService.java:startImpl(302)) - s2: GrpcService started, listening on 46325
2023-11-20 19:26:39,715 [Time-limited test] INFO  server.GrpcService (GrpcService.java:startImpl(302)) - s2: GrpcService started, listening on 41057
2023-11-20 19:26:39,715 [Time-limited test] INFO  server.GrpcService (GrpcService.java:startImpl(302)) - s2: GrpcService started, listening on 33175
2023-11-20 19:26:39,715 [JvmPauseMonitor8] INFO  util.JvmPauseMonitor (JvmPauseMonitor.java:run(146)) - JvmPauseMonitor-s2: Started
2023-11-20 19:26:39,715 [Time-limited test] INFO  server.RaftServerConfigKeys (ConfUtils.java:logGet(46)) - raft.server.rpc.timeout.max = 300ms (default)
2023-11-20 19:26:39,715 [Time-limited test] INFO  ratis.RaftTestUtil (RaftTestUtil.java:waitForLeader(100)) - printing ALL groups
  s0:  RUNNING  FOLLOWER s0@group-41F475FFC48D:t0, leader=null, voted=, raftlog=Memoized:s0@group-41F475FFC48D-SegmentedRaftLog:OPENED:c-1, conf=-1: peers:[s0|localhost:37767, s1|localhost:33015, s2|localhost:41057]|listeners:[], old=null RUNNING
  s1:  RUNNING  FOLLOWER s1@group-41F475FFC48D:t0, leader=null, voted=, raftlog=Memoized:s1@group-41F475FFC48D-SegmentedRaftLog:OPENED:c-1, conf=-1: peers:[s0|localhost:37767, s1|localhost:33015, s2|localhost:41057]|listeners:[], old=null RUNNING
  s2:  RUNNING  FOLLOWER s2@group-41F475FFC48D:t0, leader=null, voted=, raftlog=Memoized:s2@group-41F475FFC48D-SegmentedRaftLog:OPENED:c-1, conf=-1: peers:[s0|localhost:37767, s1|localhost:33015, s2|localhost:41057]|listeners:[], old=null RUNNING
2023-11-20 19:26:39,716 [Time-limited test] WARN  ratis.RaftTestUtil (JavaUtils.java:attempt(223)) - FAILED "waitForLeader-null-(expectLeader? true)", attempt #1/100: java.lang.IllegalStateException: No leader yet : printing ALL groups
  s0:  RUNNING  FOLLOWER s0@group-41F475FFC48D:t0, leader=null, voted=, raftlog=Memoized:s0@group-41F475FFC48D-SegmentedRaftLog:OPENED:c-1, conf=-1: peers:[s0|localhost:37767, s1|localhost:33015, s2|localhost:41057]|listeners:[], old=null RUNNING
  s1:  RUNNING  FOLLOWER s1@group-41F475FFC48D:t0, leader=null, voted=, raftlog=Memoized:s1@group-41F475FFC48D-SegmentedRaftLog:OPENED:c-1, conf=-1: peers:[s0|localhost:37767, s1|localhost:33015, s2|localhost:41057]|listeners:[], old=null RUNNING
  s2:  RUNNING  FOLLOWER s2@group-41F475FFC48D:t0, leader=null, voted=, raftlog=Memoized:s2@group-41F475FFC48D-SegmentedRaftLog:OPENED:c-1, conf=-1: peers:[s0|localhost:37767, s1|localhost:33015, s2|localhost:41057]|listeners:[], old=null RUNNING, sleep 450ms and then retry.
java.lang.IllegalStateException: No leader yet : printing ALL groups
  s0:  RUNNING  FOLLOWER s0@group-41F475FFC48D:t0, leader=null, voted=, raftlog=Memoized:s0@group-41F475FFC48D-SegmentedRaftLog:OPENED:c-1, conf=-1: peers:[s0|localhost:37767, s1|localhost:33015, s2|localhost:41057]|listeners:[], old=null RUNNING
  s1:  RUNNING  FOLLOWER s1@group-41F475FFC48D:t0, leader=null, voted=, raftlog=Memoized:s1@group-41F475FFC48D-SegmentedRaftLog:OPENED:c-1, conf=-1: peers:[s0|localhost:37767, s1|localhost:33015, s2|localhost:41057]|listeners:[], old=null RUNNING
  s2:  RUNNING  FOLLOWER s2@group-41F475FFC48D:t0, leader=null, voted=, raftlog=Memoized:s2@group-41F475FFC48D-SegmentedRaftLog:OPENED:c-1, conf=-1: peers:[s0|localhost:37767, s1|localhost:33015, s2|localhost:41057]|listeners:[], old=null RUNNING
	at org.apache.ratis.server.impl.MiniRaftCluster.newIllegalStateExceptionForNoLeaders(MiniRaftCluster.java:581)
	at org.apache.ratis.RaftTestUtil.lambda$waitForLeader$1(RaftTestUtil.java:104)
	at org.apache.ratis.server.impl.MiniRaftCluster.getLeader(MiniRaftCluster.java:615)
	at org.apache.ratis.server.impl.MiniRaftCluster.getLeader(MiniRaftCluster.java:608)
	at org.apache.ratis.RaftTestUtil.lambda$waitForLeader$3(RaftTestUtil.java:112)
	at org.apache.ratis.util.JavaUtils.attempt(JavaUtils.java:217)
	at org.apache.ratis.util.JavaUtils.attemptRepeatedly(JavaUtils.java:203)
	at org.apache.ratis.RaftTestUtil.waitForLeader(RaftTestUtil.java:111)
	at org.apache.ratis.RaftTestUtil.waitForLeader(RaftTestUtil.java:92)
	at org.apache.ratis.RaftTestUtil.waitForLeader(RaftTestUtil.java:87)
	at org.apache.ratis.RetryCacheTests.runTestBasicRetry(RetryCacheTests.java:66)
	at org.apache.ratis.server.impl.MiniRaftCluster$Factory$Get.runWithNewCluster(MiniRaftCluster.java:141)
	at org.apache.ratis.server.impl.MiniRaftCluster$Factory$Get.runWithNewCluster(MiniRaftCluster.java:121)
	at org.apache.ratis.RetryCacheTests.testBasicRetry(RetryCacheTests.java:62)
	at java.base/jdk.internal.reflect.NativeMethodAccessorImpl.invoke0(Native Method)
	at java.base/jdk.internal.reflect.NativeMethodAccessorImpl.invoke(NativeMethodAccessorImpl.java:62)
	at java.base/jdk.internal.reflect.DelegatingMethodAccessorImpl.invoke(DelegatingMethodAccessorImpl.java:43)
	at java.base/java.lang.reflect.Method.invoke(Method.java:566)
	at org.junit.runners.model.FrameworkMethod$1.runReflectiveCall(FrameworkMethod.java:59)
	at org.junit.internal.runners.model.ReflectiveCallable.run(ReflectiveCallable.java:12)
	at org.junit.runners.model.FrameworkMethod.invokeExplosively(FrameworkMethod.java:56)
	at org.junit.internal.runners.statements.InvokeMethod.evaluate(InvokeMethod.java:17)
	at org.junit.internal.runners.statements.RunAfters.evaluate(RunAfters.java:27)
	at org.junit.internal.runners.statements.FailOnTimeout$CallableStatement.call(FailOnTimeout.java:299)
	at org.junit.internal.runners.statements.FailOnTimeout$CallableStatement.call(FailOnTimeout.java:293)
	at java.base/java.util.concurrent.FutureTask.run(FutureTask.java:264)
	at java.base/java.lang.Thread.run(Thread.java:829)
2023-11-20 19:26:39,725 [grpc-default-executor-4] ERROR impl.OrderedAsync (OrderedAsync.java:lambda$sendRequest$9(247)) - client-E9C94F68C118: Failed* RaftClientRequest:client-E9C94F68C118->s2@group-F61A228DBE4A, cid=6, seq=1*, Watch(0), null
java.util.concurrent.CompletionException: java.io.IOException: org.apache.ratis.thirdparty.io.grpc.StatusRuntimeException: UNAVAILABLE: io exception
	at java.base/java.util.concurrent.CompletableFuture.encodeThrowable(CompletableFuture.java:331)
	at java.base/java.util.concurrent.CompletableFuture.completeThrowable(CompletableFuture.java:346)
	at java.base/java.util.concurrent.CompletableFuture$UniApply.tryFire(CompletableFuture.java:632)
	at java.base/java.util.concurrent.CompletableFuture.postComplete(CompletableFuture.java:506)
	at java.base/java.util.concurrent.CompletableFuture.completeExceptionally(CompletableFuture.java:2094)
	at org.apache.ratis.grpc.client.GrpcClientProtocolClient$AsyncStreamObservers.completeReplyExceptionally(GrpcClientProtocolClient.java:394)
	at org.apache.ratis.grpc.client.GrpcClientProtocolClient$AsyncStreamObservers.access$000(GrpcClientProtocolClient.java:300)
	at org.apache.ratis.grpc.client.GrpcClientProtocolClient$AsyncStreamObservers$1.onError(GrpcClientProtocolClient.java:331)
	at org.apache.ratis.thirdparty.io.grpc.stub.ClientCalls$StreamObserverToCallListenerAdapter.onClose(ClientCalls.java:481)
	at org.apache.ratis.thirdparty.io.grpc.PartialForwardingClientCallListener.onClose(PartialForwardingClientCallListener.java:39)
	at org.apache.ratis.thirdparty.io.grpc.ForwardingClientCallListener.onClose(ForwardingClientCallListener.java:23)
	at org.apache.ratis.grpc.metrics.intercept.client.MetricClientCallListener.onClose(MetricClientCallListener.java:47)
	at org.apache.ratis.thirdparty.io.grpc.internal.DelayedClientCall$DelayedListener$3.run(DelayedClientCall.java:489)
	at org.apache.ratis.thirdparty.io.grpc.internal.DelayedClientCall$DelayedListener.delayOrExecute(DelayedClientCall.java:453)
	at org.apache.ratis.thirdparty.io.grpc.internal.DelayedClientCall$DelayedListener.onClose(DelayedClientCall.java:486)
	at org.apache.ratis.thirdparty.io.grpc.internal.ClientCallImpl.closeObserver(ClientCallImpl.java:567)
	at org.apache.ratis.thirdparty.io.grpc.internal.ClientCallImpl.access$300(ClientCallImpl.java:71)
	at org.apache.ratis.thirdparty.io.grpc.internal.ClientCallImpl$ClientStreamListenerImpl$1StreamClosed.runInternal(ClientCallImpl.java:735)
	at org.apache.ratis.thirdparty.io.grpc.internal.ClientCallImpl$ClientStreamListenerImpl$1StreamClosed.runInContext(ClientCallImpl.java:716)
	at org.apache.ratis.thirdparty.io.grpc.internal.ContextRunnable.run(ContextRunnable.java:37)
	at org.apache.ratis.thirdparty.io.grpc.internal.SerializingExecutor.run(SerializingExecutor.java:133)
	at java.base/java.util.concurrent.ThreadPoolExecutor.runWorker(ThreadPoolExecutor.java:1128)
	at java.base/java.util.concurrent.ThreadPoolExecutor$Worker.run(ThreadPoolExecutor.java:628)
	at java.base/java.lang.Thread.run(Thread.java:829)
Caused by: java.io.IOException: org.apache.ratis.thirdparty.io.grpc.StatusRuntimeException: UNAVAILABLE: io exception
	at org.apache.ratis.grpc.GrpcUtil.unwrapException(GrpcUtil.java:99)
	at org.apache.ratis.grpc.GrpcUtil.unwrapIOException(GrpcUtil.java:159)
	at org.apache.ratis.grpc.client.GrpcClientProtocolClient$AsyncStreamObservers$1.onError(GrpcClientProtocolClient.java:330)
	... 16 more
Caused by: org.apache.ratis.thirdparty.io.grpc.StatusRuntimeException: UNAVAILABLE: io exception
	at org.apache.ratis.thirdparty.io.grpc.Status.asRuntimeException(Status.java:537)
	... 16 more
Caused by: org.apache.ratis.thirdparty.io.netty.channel.AbstractChannel$AnnotatedConnectException: finishConnect(..) failed: Connection refused: localhost/127.0.0.1:43097
Caused by: java.net.ConnectException: finishConnect(..) failed: Connection refused
	at org.apache.ratis.thirdparty.io.netty.channel.unix.Errors.newConnectException0(Errors.java:166)
	at org.apache.ratis.thirdparty.io.netty.channel.unix.Errors.handleConnectErrno(Errors.java:131)
	at org.apache.ratis.thirdparty.io.netty.channel.unix.Socket.finishConnect(Socket.java:359)
	at org.apache.ratis.thirdparty.io.netty.channel.epoll.AbstractEpollChannel$AbstractEpollUnsafe.doFinishConnect(AbstractEpollChannel.java:710)
	at org.apache.ratis.thirdparty.io.netty.channel.epoll.AbstractEpollChannel$AbstractEpollUnsafe.finishConnect(AbstractEpollChannel.java:687)
	at org.apache.ratis.thirdparty.io.netty.channel.epoll.AbstractEpollChannel$AbstractEpollUnsafe.epollOutReady(AbstractEpollChannel.java:567)
	at org.apache.ratis.thirdparty.io.netty.channel.epoll.EpollEventLoop.processReady(EpollEventLoop.java:499)
	at org.apache.ratis.thirdparty.io.netty.channel.epoll.EpollEventLoop.run(EpollEventLoop.java:407)
	at org.apache.ratis.thirdparty.io.netty.util.concurrent.SingleThreadEventExecutor$4.run(SingleThreadEventExecutor.java:997)
	at org.apache.ratis.thirdparty.io.netty.util.internal.ThreadExecutorMap$2.run(ThreadExecutorMap.java:74)
	at org.apache.ratis.thirdparty.io.netty.util.concurrent.FastThreadLocalRunnable.run(FastThreadLocalRunnable.java:30)
	at java.base/java.lang.Thread.run(Thread.java:829)
2023-11-20 19:26:39,829 [grpc-default-executor-0] ERROR impl.OrderedAsync (OrderedAsync.java:lambda$sendRequest$9(247)) - client-E9C94F68C118: Failed* RaftClientRequest:client-E9C94F68C118->s1@group-F61A228DBE4A, cid=6, seq=1*, Watch(0), null
java.util.concurrent.CompletionException: java.io.IOException: org.apache.ratis.thirdparty.io.grpc.StatusRuntimeException: UNAVAILABLE: io exception
	at java.base/java.util.concurrent.CompletableFuture.encodeThrowable(CompletableFuture.java:331)
	at java.base/java.util.concurrent.CompletableFuture.completeThrowable(CompletableFuture.java:346)
	at java.base/java.util.concurrent.CompletableFuture$UniApply.tryFire(CompletableFuture.java:632)
	at java.base/java.util.concurrent.CompletableFuture.postComplete(CompletableFuture.java:506)
	at java.base/java.util.concurrent.CompletableFuture.completeExceptionally(CompletableFuture.java:2094)
	at org.apache.ratis.grpc.client.GrpcClientProtocolClient$AsyncStreamObservers.completeReplyExceptionally(GrpcClientProtocolClient.java:394)
	at org.apache.ratis.grpc.client.GrpcClientProtocolClient$AsyncStreamObservers.access$000(GrpcClientProtocolClient.java:300)
	at org.apache.ratis.grpc.client.GrpcClientProtocolClient$AsyncStreamObservers$1.onError(GrpcClientProtocolClient.java:331)
	at org.apache.ratis.thirdparty.io.grpc.stub.ClientCalls$StreamObserverToCallListenerAdapter.onClose(ClientCalls.java:481)
	at org.apache.ratis.thirdparty.io.grpc.PartialForwardingClientCallListener.onClose(PartialForwardingClientCallListener.java:39)
	at org.apache.ratis.thirdparty.io.grpc.ForwardingClientCallListener.onClose(ForwardingClientCallListener.java:23)
	at org.apache.ratis.grpc.metrics.intercept.client.MetricClientCallListener.onClose(MetricClientCallListener.java:47)
	at org.apache.ratis.thirdparty.io.grpc.internal.DelayedClientCall$DelayedListener$3.run(DelayedClientCall.java:489)
	at org.apache.ratis.thirdparty.io.grpc.internal.DelayedClientCall$DelayedListener.delayOrExecute(DelayedClientCall.java:453)
	at org.apache.ratis.thirdparty.io.grpc.internal.DelayedClientCall$DelayedListener.onClose(DelayedClientCall.java:486)
	at org.apache.ratis.thirdparty.io.grpc.internal.ClientCallImpl.closeObserver(ClientCallImpl.java:567)
	at org.apache.ratis.thirdparty.io.grpc.internal.ClientCallImpl.access$300(ClientCallImpl.java:71)
	at org.apache.ratis.thirdparty.io.grpc.internal.ClientCallImpl$ClientStreamListenerImpl$1StreamClosed.runInternal(ClientCallImpl.java:735)
	at org.apache.ratis.thirdparty.io.grpc.internal.ClientCallImpl$ClientStreamListenerImpl$1StreamClosed.runInContext(ClientCallImpl.java:716)
	at org.apache.ratis.thirdparty.io.grpc.internal.ContextRunnable.run(ContextRunnable.java:37)
	at org.apache.ratis.thirdparty.io.grpc.internal.SerializingExecutor.run(SerializingExecutor.java:133)
	at java.base/java.util.concurrent.ThreadPoolExecutor.runWorker(ThreadPoolExecutor.java:1128)
	at java.base/java.util.concurrent.ThreadPoolExecutor$Worker.run(ThreadPoolExecutor.java:628)
	at java.base/java.lang.Thread.run(Thread.java:829)
Caused by: java.io.IOException: org.apache.ratis.thirdparty.io.grpc.StatusRuntimeException: UNAVAILABLE: io exception
	at org.apache.ratis.grpc.GrpcUtil.unwrapException(GrpcUtil.java:99)
	at org.apache.ratis.grpc.GrpcUtil.unwrapIOException(GrpcUtil.java:159)
	at org.apache.ratis.grpc.client.GrpcClientProtocolClient$AsyncStreamObservers$1.onError(GrpcClientProtocolClient.java:330)
	... 16 more
Caused by: org.apache.ratis.thirdparty.io.grpc.StatusRuntimeException: UNAVAILABLE: io exception
	at org.apache.ratis.thirdparty.io.grpc.Status.asRuntimeException(Status.java:537)
	... 16 more
Caused by: org.apache.ratis.thirdparty.io.netty.channel.AbstractChannel$AnnotatedConnectException: finishConnect(..) failed: Connection refused: localhost/127.0.0.1:46099
Caused by: java.net.ConnectException: finishConnect(..) failed: Connection refused
	at org.apache.ratis.thirdparty.io.netty.channel.unix.Errors.newConnectException0(Errors.java:166)
	at org.apache.ratis.thirdparty.io.netty.channel.unix.Errors.handleConnectErrno(Errors.java:131)
	at org.apache.ratis.thirdparty.io.netty.channel.unix.Socket.finishConnect(Socket.java:359)
	at org.apache.ratis.thirdparty.io.netty.channel.epoll.AbstractEpollChannel$AbstractEpollUnsafe.doFinishConnect(AbstractEpollChannel.java:710)
	at org.apache.ratis.thirdparty.io.netty.channel.epoll.AbstractEpollChannel$AbstractEpollUnsafe.finishConnect(AbstractEpollChannel.java:687)
	at org.apache.ratis.thirdparty.io.netty.channel.epoll.AbstractEpollChannel$AbstractEpollUnsafe.epollOutReady(AbstractEpollChannel.java:567)
	at org.apache.ratis.thirdparty.io.netty.channel.epoll.EpollEventLoop.processReady(EpollEventLoop.java:499)
	at org.apache.ratis.thirdparty.io.netty.channel.epoll.EpollEventLoop.run(EpollEventLoop.java:407)
	at org.apache.ratis.thirdparty.io.netty.util.concurrent.SingleThreadEventExecutor$4.run(SingleThreadEventExecutor.java:997)
	at org.apache.ratis.thirdparty.io.netty.util.internal.ThreadExecutorMap$2.run(ThreadExecutorMap.java:74)
	at org.apache.ratis.thirdparty.io.netty.util.concurrent.FastThreadLocalRunnable.run(FastThreadLocalRunnable.java:30)
	at java.base/java.lang.Thread.run(Thread.java:829)
2023-11-20 19:26:39,893 [s1@group-41F475FFC48D-FollowerState] INFO  impl.FollowerState (FollowerState.java:run(143)) - s1@group-41F475FFC48D-FollowerState: change to CANDIDATE, lastRpcElapsedTime:189504875ns, electionTimeout:189ms
2023-11-20 19:26:39,894 [s1@group-41F475FFC48D-FollowerState] INFO  impl.RoleInfo (RoleInfo.java:shutdownFollowerState(110)) - s1: shutdown s1@group-41F475FFC48D-FollowerState
2023-11-20 19:26:39,894 [s1@group-41F475FFC48D-FollowerState] INFO  server.RaftServer$Division (RaftServerImpl.java:setRole(379)) - s1@group-41F475FFC48D: changes role from  FOLLOWER to CANDIDATE at term 0 for changeToCandidate
2023-11-20 19:26:39,894 [s1@group-41F475FFC48D-FollowerState] INFO  server.RaftServerConfigKeys (ConfUtils.java:logGet(46)) - raft.server.leaderelection.pre-vote = true (default)
2023-11-20 19:26:39,894 [s1@group-41F475FFC48D-FollowerState] INFO  impl.RoleInfo (RoleInfo.java:updateAndGet(139)) - s1: start s1@group-41F475FFC48D-LeaderElection6
2023-11-20 19:26:39,895 [s1@group-41F475FFC48D-LeaderElection6] INFO  impl.LeaderElection (LeaderElection.java:askForVotes(323)) - s1@group-41F475FFC48D-LeaderElection6 PRE_VOTE round 0: submit vote requests at term 0 for -1: peers:[s0|localhost:37767, s1|localhost:33015, s2|localhost:41057]|listeners:[], old=null
2023-11-20 19:26:39,895 [s1@group-41F475FFC48D-LeaderElection6-1] INFO  server.GrpcServerProtocolClient (GrpcServerProtocolClient.java:<init>(65)) - Build channel for s0
2023-11-20 19:26:39,895 [s1@group-41F475FFC48D-LeaderElection6] INFO  server.RaftServerConfigKeys (ConfUtils.java:logFallback(53)) - raft.server.rpc.first-election.timeout.min = 150ms (fallback to raft.server.rpc.timeout.min)
2023-11-20 19:26:39,895 [s1@group-41F475FFC48D-LeaderElection6-2] INFO  server.GrpcServerProtocolClient (GrpcServerProtocolClient.java:<init>(65)) - Build channel for s2
2023-11-20 19:26:39,895 [s1@group-41F475FFC48D-LeaderElection6] INFO  server.RaftServerConfigKeys (ConfUtils.java:logFallback(53)) - raft.server.rpc.first-election.timeout.max = 300ms (fallback to raft.server.rpc.timeout.max)
2023-11-20 19:26:39,902 [grpc-default-executor-4] INFO  server.RaftServer$Division (RaftServerImpl.java:requestVote(1377)) - s0@group-41F475FFC48D: receive requestVote(PRE_VOTE, s1, group-41F475FFC48D, 0, (t:0, i:0))
2023-11-20 19:26:39,902 [grpc-default-executor-0] INFO  server.RaftServer$Division (RaftServerImpl.java:requestVote(1377)) - s2@group-41F475FFC48D: receive requestVote(PRE_VOTE, s1, group-41F475FFC48D, 0, (t:0, i:0))
2023-11-20 19:26:39,902 [grpc-default-executor-4] INFO  impl.VoteContext (VoteContext.java:log(49)) - s0@group-41F475FFC48D-FOLLOWER: accept PRE_VOTE from s1: our priority 0 <= candidate's priority 0
2023-11-20 19:26:39,902 [grpc-default-executor-0] INFO  impl.VoteContext (VoteContext.java:log(49)) - s2@group-41F475FFC48D-FOLLOWER: accept PRE_VOTE from s1: our priority 0 <= candidate's priority 0
2023-11-20 19:26:39,902 [grpc-default-executor-0] INFO  server.RaftServer$Division (RaftServerImpl.java:requestVote(1410)) - s2@group-41F475FFC48D replies to PRE_VOTE vote request: s1<-s2#0:OK-t0. Peer's state: s2@group-41F475FFC48D:t0, leader=null, voted=, raftlog=Memoized:s2@group-41F475FFC48D-SegmentedRaftLog:OPENED:c-1, conf=-1: peers:[s0|localhost:37767, s1|localhost:33015, s2|localhost:41057]|listeners:[], old=null
2023-11-20 19:26:39,902 [grpc-default-executor-4] INFO  server.RaftServer$Division (RaftServerImpl.java:requestVote(1410)) - s0@group-41F475FFC48D replies to PRE_VOTE vote request: s1<-s0#0:OK-t0. Peer's state: s0@group-41F475FFC48D:t0, leader=null, voted=, raftlog=Memoized:s0@group-41F475FFC48D-SegmentedRaftLog:OPENED:c-1, conf=-1: peers:[s0|localhost:37767, s1|localhost:33015, s2|localhost:41057]|listeners:[], old=null
2023-11-20 19:26:39,904 [s1@group-41F475FFC48D-LeaderElection6] INFO  impl.LeaderElection (LeaderElection.java:logAndReturn(89)) - s1@group-41F475FFC48D-LeaderElection6: PRE_VOTE PASSED received 1 response(s) and 0 exception(s):
2023-11-20 19:26:39,904 [s1@group-41F475FFC48D-LeaderElection6] INFO  impl.LeaderElection (LeaderElection.java:logAndReturn(93)) -   Response 0: s1<-s0#0:OK-t0
2023-11-20 19:26:39,904 [s1@group-41F475FFC48D-LeaderElection6] INFO  impl.LeaderElection (LeaderElection.java:askForVotes(325)) - s1@group-41F475FFC48D-LeaderElection6 PRE_VOTE round 0: result PASSED
2023-11-20 19:26:39,904 [s1@group-41F475FFC48D-LeaderElection6] TRACE util.FileUtils (LogUtils.java:supplyAndLog(69)) - Successfully supplied FileChannel.open /home/runner/work/ratis/ratis/ratis-test/target/test/data/42d3a8b8/MiniRaftClusterWithGrpc12f57710/s1/8daea654-1bf0-41b5-833c-41f475ffc48d/current/raft-meta.tmp with options [CREATE, WRITE]: sun.nio.ch.FileChannelImpl@5c6a35be
2023-11-20 19:26:39,905 [s1@group-41F475FFC48D-LeaderElection6] TRACE util.FileUtils (LogUtils.java:runAndLog(49)) - Successfully ran Atomic Files.move /home/runner/work/ratis/ratis/ratis-test/target/test/data/42d3a8b8/MiniRaftClusterWithGrpc12f57710/s1/8daea654-1bf0-41b5-833c-41f475ffc48d/current/raft-meta.tmp to /home/runner/work/ratis/ratis/ratis-test/target/test/data/42d3a8b8/MiniRaftClusterWithGrpc12f57710/s1/8daea654-1bf0-41b5-833c-41f475ffc48d/current/raft-meta with options [REPLACE_EXISTING]
2023-11-20 19:26:39,905 [s1@group-41F475FFC48D-LeaderElection6] INFO  impl.LeaderElection (LeaderElection.java:askForVotes(323)) - s1@group-41F475FFC48D-LeaderElection6 ELECTION round 0: submit vote requests at term 1 for -1: peers:[s0|localhost:37767, s1|localhost:33015, s2|localhost:41057]|listeners:[], old=null
2023-11-20 19:26:39,906 [s1@group-41F475FFC48D-LeaderElection6] INFO  server.RaftServerConfigKeys (ConfUtils.java:logFallback(53)) - raft.server.rpc.first-election.timeout.min = 150ms (fallback to raft.server.rpc.timeout.min)
2023-11-20 19:26:39,906 [s1@group-41F475FFC48D-LeaderElection6] INFO  server.RaftServerConfigKeys (ConfUtils.java:logFallback(53)) - raft.server.rpc.first-election.timeout.max = 300ms (fallback to raft.server.rpc.timeout.max)
2023-11-20 19:26:39,907 [grpc-default-executor-0] INFO  server.RaftServer$Division (RaftServerImpl.java:requestVote(1377)) - s0@group-41F475FFC48D: receive requestVote(ELECTION, s1, group-41F475FFC48D, 1, (t:0, i:0))
2023-11-20 19:26:39,907 [grpc-default-executor-0] INFO  impl.VoteContext (VoteContext.java:log(49)) - s0@group-41F475FFC48D-FOLLOWER: accept ELECTION from s1: our priority 0 <= candidate's priority 0
2023-11-20 19:26:39,907 [grpc-default-executor-4] INFO  server.RaftServer$Division (RaftServerImpl.java:requestVote(1377)) - s2@group-41F475FFC48D: receive requestVote(ELECTION, s1, group-41F475FFC48D, 1, (t:0, i:0))
2023-11-20 19:26:39,907 [grpc-default-executor-0] INFO  server.RaftServer$Division (RaftServerImpl.java:setRole(379)) - s0@group-41F475FFC48D: changes role from  FOLLOWER to FOLLOWER at term 1 for candidate:s1
2023-11-20 19:26:39,908 [grpc-default-executor-0] INFO  impl.RoleInfo (RoleInfo.java:shutdownFollowerState(110)) - s0: shutdown s0@group-41F475FFC48D-FollowerState
2023-11-20 19:26:39,908 [grpc-default-executor-4] INFO  impl.VoteContext (VoteContext.java:log(49)) - s2@group-41F475FFC48D-FOLLOWER: accept ELECTION from s1: our priority 0 <= candidate's priority 0
2023-11-20 19:26:39,908 [s0@group-41F475FFC48D-FollowerState] INFO  impl.FollowerState (FollowerState.java:run(152)) - s0@group-41F475FFC48D-FollowerState was interrupted
2023-11-20 19:26:39,908 [grpc-default-executor-4] INFO  server.RaftServer$Division (RaftServerImpl.java:setRole(379)) - s2@group-41F475FFC48D: changes role from  FOLLOWER to FOLLOWER at term 1 for candidate:s1
2023-11-20 19:26:39,908 [grpc-default-executor-4] INFO  impl.RoleInfo (RoleInfo.java:shutdownFollowerState(110)) - s2: shutdown s2@group-41F475FFC48D-FollowerState
2023-11-20 19:26:39,908 [grpc-default-executor-0] INFO  impl.RoleInfo (RoleInfo.java:updateAndGet(139)) - s0: start s0@group-41F475FFC48D-FollowerState
2023-11-20 19:26:39,908 [s2@group-41F475FFC48D-FollowerState] INFO  impl.FollowerState (FollowerState.java:run(152)) - s2@group-41F475FFC48D-FollowerState was interrupted
2023-11-20 19:26:39,908 [grpc-default-executor-0] INFO  server.RaftServer$Division (RaftServerImpl.java:setFirstElection(564)) - s0@group-41F475FFC48D: set firstElectionSinceStartup to false for candidate:s1
2023-11-20 19:26:39,909 [grpc-default-executor-0] TRACE util.FileUtils (LogUtils.java:supplyAndLog(69)) - Successfully supplied FileChannel.open /home/runner/work/ratis/ratis/ratis-test/target/test/data/42d3a8b8/MiniRaftClusterWithGrpc12f57710/s0/8daea654-1bf0-41b5-833c-41f475ffc48d/current/raft-meta.tmp with options [CREATE, WRITE]: sun.nio.ch.FileChannelImpl@1898fad7
2023-11-20 19:26:39,909 [grpc-default-executor-4] INFO  impl.RoleInfo (RoleInfo.java:updateAndGet(139)) - s2: start s2@group-41F475FFC48D-FollowerState
2023-11-20 19:26:39,909 [grpc-default-executor-4] INFO  server.RaftServer$Division (RaftServerImpl.java:setFirstElection(564)) - s2@group-41F475FFC48D: set firstElectionSinceStartup to false for candidate:s1
2023-11-20 19:26:39,909 [grpc-default-executor-4] TRACE util.FileUtils (LogUtils.java:supplyAndLog(69)) - Successfully supplied FileChannel.open /home/runner/work/ratis/ratis/ratis-test/target/test/data/42d3a8b8/MiniRaftClusterWithGrpc12f57710/s2/8daea654-1bf0-41b5-833c-41f475ffc48d/current/raft-meta.tmp with options [CREATE, WRITE]: sun.nio.ch.FileChannelImpl@6b638e9c
2023-11-20 19:26:39,909 [grpc-default-executor-0] TRACE util.FileUtils (LogUtils.java:runAndLog(49)) - Successfully ran Atomic Files.move /home/runner/work/ratis/ratis/ratis-test/target/test/data/42d3a8b8/MiniRaftClusterWithGrpc12f57710/s0/8daea654-1bf0-41b5-833c-41f475ffc48d/current/raft-meta.tmp to /home/runner/work/ratis/ratis/ratis-test/target/test/data/42d3a8b8/MiniRaftClusterWithGrpc12f57710/s0/8daea654-1bf0-41b5-833c-41f475ffc48d/current/raft-meta with options [REPLACE_EXISTING]
2023-11-20 19:26:39,910 [grpc-default-executor-0] INFO  server.RaftServer$Division (RaftServerImpl.java:requestVote(1410)) - s0@group-41F475FFC48D replies to ELECTION vote request: s1<-s0#0:OK-t1. Peer's state: s0@group-41F475FFC48D:t1, leader=null, voted=s1, raftlog=Memoized:s0@group-41F475FFC48D-SegmentedRaftLog:OPENED:c-1, conf=-1: peers:[s0|localhost:37767, s1|localhost:33015, s2|localhost:41057]|listeners:[], old=null
2023-11-20 19:26:39,910 [grpc-default-executor-4] TRACE util.FileUtils (LogUtils.java:runAndLog(49)) - Successfully ran Atomic Files.move /home/runner/work/ratis/ratis/ratis-test/target/test/data/42d3a8b8/MiniRaftClusterWithGrpc12f57710/s2/8daea654-1bf0-41b5-833c-41f475ffc48d/current/raft-meta.tmp to /home/runner/work/ratis/ratis/ratis-test/target/test/data/42d3a8b8/MiniRaftClusterWithGrpc12f57710/s2/8daea654-1bf0-41b5-833c-41f475ffc48d/current/raft-meta with options [REPLACE_EXISTING]
2023-11-20 19:26:39,910 [grpc-default-executor-4] INFO  server.RaftServer$Division (RaftServerImpl.java:requestVote(1410)) - s2@group-41F475FFC48D replies to ELECTION vote request: s1<-s2#0:OK-t1. Peer's state: s2@group-41F475FFC48D:t1, leader=null, voted=s1, raftlog=Memoized:s2@group-41F475FFC48D-SegmentedRaftLog:OPENED:c-1, conf=-1: peers:[s0|localhost:37767, s1|localhost:33015, s2|localhost:41057]|listeners:[], old=null
2023-11-20 19:26:39,912 [s1@group-41F475FFC48D-LeaderElection6] INFO  impl.LeaderElection (LeaderElection.java:logAndReturn(89)) - s1@group-41F475FFC48D-LeaderElection6: ELECTION PASSED received 1 response(s) and 0 exception(s):
2023-11-20 19:26:39,912 [s1@group-41F475FFC48D-LeaderElection6] INFO  impl.LeaderElection (LeaderElection.java:logAndReturn(93)) -   Response 0: s1<-s0#0:OK-t1
2023-11-20 19:26:39,912 [s1@group-41F475FFC48D-LeaderElection6] INFO  impl.LeaderElection (LeaderElection.java:askForVotes(325)) - s1@group-41F475FFC48D-LeaderElection6 ELECTION round 0: result PASSED
2023-11-20 19:26:39,912 [s1@group-41F475FFC48D-LeaderElection6] INFO  impl.RoleInfo (RoleInfo.java:shutdownLeaderElection(130)) - s1: shutdown s1@group-41F475FFC48D-LeaderElection6
2023-11-20 19:26:39,912 [s1@group-41F475FFC48D-LeaderElection6] INFO  server.RaftServer$Division (RaftServerImpl.java:setRole(379)) - s1@group-41F475FFC48D: changes role from CANDIDATE to LEADER at term 1 for changeToLeader
2023-11-20 19:26:39,912 [s1@group-41F475FFC48D-LeaderElection6] INFO  server.RaftServerConfigKeys (ConfUtils.java:logGet(46)) - raft.server.staging.catchup.gap = 1000 (default)
2023-11-20 19:26:39,912 [s1@group-41F475FFC48D-LeaderElection6] INFO  server.RaftServerConfigKeys (ConfUtils.java:logGet(46)) - raft.server.write.element-limit = 4096 (default)
2023-11-20 19:26:39,912 [s1@group-41F475FFC48D-LeaderElection6] INFO  server.RaftServerConfigKeys (ConfUtils.java:logGet(46)) - raft.server.write.byte-limit = 64MB (=67108864) (default)
2023-11-20 19:26:39,912 [s1@group-41F475FFC48D-LeaderElection6] INFO  server.RaftServerConfigKeys (ConfUtils.java:logGet(46)) - raft.server.watch.timeout = 10s (default)
2023-11-20 19:26:39,912 [s1@group-41F475FFC48D-LeaderElection6] INFO  server.RaftServerConfigKeys (ConfUtils.java:logGet(46)) - raft.server.watch.timeout.denomination = 1s (default)
2023-11-20 19:26:39,912 [s1@group-41F475FFC48D-LeaderElection6] INFO  server.RaftServerConfigKeys (ConfUtils.java:logGet(46)) - raft.server.watch.element-limit = 65536 (default)
2023-11-20 19:26:39,913 [s1@group-41F475FFC48D-LeaderElection6] INFO  server.RaftServerConfigKeys (ConfUtils.java:logGet(46)) - raft.server.read.leader.lease.enabled = false (default)
2023-11-20 19:26:39,913 [s1@group-41F475FFC48D-LeaderElection6] INFO  server.RaftServerConfigKeys (ConfUtils.java:logGet(46)) - raft.server.read.leader.lease.timeout.ratio = 0.9 (default)
2023-11-20 19:26:39,913 [s1@group-41F475FFC48D-LeaderElection6] INFO  server.RaftServerConfigKeys (ConfUtils.java:logGet(46)) - raft.server.rpc.timeout.min = 150ms (default)
2023-11-20 19:26:39,913 [s1@group-41F475FFC48D-LeaderElection6] INFO  server.RaftServerConfigKeys (ConfUtils.java:logGet(46)) - raft.server.write.element-limit = 4096 (default)
2023-11-20 19:26:39,913 [s1@group-41F475FFC48D-LeaderElection6] INFO  server.RaftServerConfigKeys (ConfUtils.java:logGet(46)) - raft.server.write.follower.gap.ratio.max = -1.0 (default)
2023-11-20 19:26:39,913 [s1@group-41F475FFC48D-LeaderElection6] INFO  server.RaftServerConfigKeys (ConfUtils.java:logGet(46)) - raft.server.log.appender.snapshot.chunk.size.max = 16MB (=16777216) (default)
2023-11-20 19:26:39,913 [s1@group-41F475FFC48D-LeaderElection6] INFO  server.RaftServerConfigKeys (ConfUtils.java:logGet(46)) - raft.server.log.appender.buffer.byte-limit = 4MB (=4194304) (default)
2023-11-20 19:26:39,913 [s1@group-41F475FFC48D-LeaderElection6] INFO  server.RaftServerConfigKeys (ConfUtils.java:logGet(46)) - raft.server.log.appender.buffer.element-limit = 0 (default)
2023-11-20 19:26:39,913 [s1@group-41F475FFC48D-LeaderElection6] INFO  server.RaftServerConfigKeys (ConfUtils.java:logGet(46)) - raft.server.log.appender.wait-time.min = 1ms (default)
2023-11-20 19:26:39,913 [s1@group-41F475FFC48D-LeaderElection6] INFO  grpc.GrpcConfigKeys (ConfUtils.java:logGet(46)) - raft.grpc.server.leader.outstanding.appends.max = 8 (default)
2023-11-20 19:26:39,913 [s1@group-41F475FFC48D-LeaderElection6] INFO  server.RaftServerConfigKeys (ConfUtils.java:logGet(46)) - raft.server.rpc.request.timeout = 3000ms (default)
2023-11-20 19:26:39,913 [s1@group-41F475FFC48D-LeaderElection6] INFO  grpc.GrpcConfigKeys (ConfUtils.java:logGet(46)) - raft.grpc.server.install_snapshot.request.element-limit = 8 (default)
2023-11-20 19:26:39,913 [s1@group-41F475FFC48D-LeaderElection6] INFO  grpc.GrpcConfigKeys (ConfUtils.java:logGet(46)) - raft.grpc.server.install_snapshot.request.timeout = 3000ms (default)
2023-11-20 19:26:39,913 [s1@group-41F475FFC48D-LeaderElection6] INFO  server.RaftServerConfigKeys (ConfUtils.java:logGet(46)) - raft.server.log.appender.install.snapshot.enabled = true (default)
2023-11-20 19:26:39,913 [s1@group-41F475FFC48D-LeaderElection6] INFO  grpc.GrpcConfigKeys (ConfUtils.java:logGet(46)) - raft.grpc.server.heartbeat.channel = true (default)
2023-11-20 19:26:39,914 [s1@group-41F475FFC48D-LeaderElection6] INFO  server.RaftServerConfigKeys (ConfUtils.java:logGet(46)) - raft.server.log.appender.snapshot.chunk.size.max = 16MB (=16777216) (default)
2023-11-20 19:26:39,914 [s1@group-41F475FFC48D-LeaderElection6] INFO  server.RaftServerConfigKeys (ConfUtils.java:logGet(46)) - raft.server.log.appender.buffer.byte-limit = 4MB (=4194304) (default)
2023-11-20 19:26:39,914 [s1@group-41F475FFC48D-LeaderElection6] INFO  server.RaftServerConfigKeys (ConfUtils.java:logGet(46)) - raft.server.log.appender.buffer.element-limit = 0 (default)
2023-11-20 19:26:39,914 [s1@group-41F475FFC48D-LeaderElection6] INFO  server.RaftServerConfigKeys (ConfUtils.java:logGet(46)) - raft.server.log.appender.wait-time.min = 1ms (default)
2023-11-20 19:26:39,914 [s1@group-41F475FFC48D-LeaderElection6] INFO  grpc.GrpcConfigKeys (ConfUtils.java:logGet(46)) - raft.grpc.server.leader.outstanding.appends.max = 8 (default)
2023-11-20 19:26:39,914 [s1@group-41F475FFC48D-LeaderElection6] INFO  server.RaftServerConfigKeys (ConfUtils.java:logGet(46)) - raft.server.rpc.request.timeout = 3000ms (default)
2023-11-20 19:26:39,914 [s1@group-41F475FFC48D-LeaderElection6] INFO  grpc.GrpcConfigKeys (ConfUtils.java:logGet(46)) - raft.grpc.server.install_snapshot.request.element-limit = 8 (default)
2023-11-20 19:26:39,914 [s1@group-41F475FFC48D-LeaderElection6] INFO  grpc.GrpcConfigKeys (ConfUtils.java:logGet(46)) - raft.grpc.server.install_snapshot.request.timeout = 3000ms (default)
2023-11-20 19:26:39,914 [s1@group-41F475FFC48D-LeaderElection6] INFO  server.RaftServerConfigKeys (ConfUtils.java:logGet(46)) - raft.server.log.appender.install.snapshot.enabled = true (default)
2023-11-20 19:26:39,914 [s1@group-41F475FFC48D-LeaderElection6] INFO  grpc.GrpcConfigKeys (ConfUtils.java:logGet(46)) - raft.grpc.server.heartbeat.channel = true (default)
2023-11-20 19:26:39,915 [s1@group-41F475FFC48D-LeaderElection6] INFO  impl.RoleInfo (RoleInfo.java:updateAndGet(139)) - s1: start s1@group-41F475FFC48D-LeaderStateImpl
2023-11-20 19:26:39,915 [s1@group-41F475FFC48D-LeaderElection6] INFO  server.RaftServer$Division (RaftServerImpl.java:setFirstElection(564)) - s1@group-41F475FFC48D: set firstElectionSinceStartup to false for becomeLeader
2023-11-20 19:26:39,915 [s1@group-41F475FFC48D-LeaderElection6] INFO  server.RaftServer$Division (ServerState.java:setLeader(265)) - s1@group-41F475FFC48D: change Leader from null to s1 at term 1 for becomeLeader, leader elected after 231ms
2023-11-20 19:26:39,915 [s1@group-41F475FFC48D-LeaderElection6] INFO  segmented.SegmentedRaftLogWorker (SegmentedRaftLogWorker.java:startLogSegment(430)) - s1@group-41F475FFC48D-SegmentedRaftLogWorker: Starting segment from index:0
2023-11-20 19:26:39,915 [s1@group-41F475FFC48D-LeaderElection6] INFO  server.RaftServer$Division (ServerState.java:setRaftConf(382)) - s1@group-41F475FFC48D: set configuration 0: peers:[s0|localhost:37767, s1|localhost:33015, s2|localhost:41057]|listeners:[], old=null
2023-11-20 19:26:39,915 [s1@group-41F475FFC48D-SegmentedRaftLogWorker] INFO  segmented.BufferedWriteChannel (BufferedWriteChannel.java:open(62)) - open log_inprogress_0 at position 0
2023-11-20 19:26:39,923 [s1@group-41F475FFC48D-SegmentedRaftLogWorker] INFO  segmented.SegmentedRaftLogWorker (SegmentedRaftLogWorker.java:execute(634)) - s1@group-41F475FFC48D-SegmentedRaftLogWorker: created new log segment /home/runner/work/ratis/ratis/ratis-test/target/test/data/42d3a8b8/MiniRaftClusterWithGrpc12f57710/s1/8daea654-1bf0-41b5-833c-41f475ffc48d/current/log_inprogress_0
2023-11-20 19:26:39,924 [s2-server-thread1] INFO  server.RaftServer$Division (ServerState.java:setLeader(265)) - s2@group-41F475FFC48D: change Leader from null to s1 at term 1 for appendEntries, leader elected after 236ms
2023-11-20 19:26:39,925 [s0-server-thread1] INFO  server.RaftServer$Division (ServerState.java:setLeader(265)) - s0@group-41F475FFC48D: change Leader from null to s1 at term 1 for appendEntries, leader elected after 245ms
2023-11-20 19:26:39,926 [s2-server-thread1] DEBUG server.RaftServer$Division (RaftServerImpl.java:logAppendEntries(1504)) - s2@group-41F475FFC48D: receive appendEntries(s1, 1, null, -1, true, commits:[s1:c-1, s0:c-1, s2:c-1], cId:1, entries: [(t:1, i:0), CONFIGURATIONENTRY(current:id: "s0"
address: "localhost:37767"
dataStreamAddress: "localhost:37111"
clientAddress: "localhost:39983"
adminAddress: "localhost:35675"
startupRole: FOLLOWER
,id: "s1"
address: "localhost:33015"
dataStreamAddress: "localhost:44975"
clientAddress: "localhost:40109"
adminAddress: "localhost:37491"
startupRole: FOLLOWER
,id: "s2"
address: "localhost:41057"
dataStreamAddress: "localhost:33399"
clientAddress: "localhost:46325"
adminAddress: "localhost:33175"
startupRole: FOLLOWER
, old:)]
2023-11-20 19:26:39,926 [s2-server-thread1] INFO  server.RaftServer$Division (ServerState.java:setRaftConf(382)) - s2@group-41F475FFC48D: set configuration 0: peers:[s0|localhost:37767, s1|localhost:33015, s2|localhost:41057]|listeners:[], old=null
2023-11-20 19:26:39,927 [s2-server-thread1] INFO  segmented.SegmentedRaftLogWorker (SegmentedRaftLogWorker.java:startLogSegment(430)) - s2@group-41F475FFC48D-SegmentedRaftLogWorker: Starting segment from index:0
2023-11-20 19:26:39,927 [s2@group-41F475FFC48D-SegmentedRaftLogWorker] INFO  segmented.BufferedWriteChannel (BufferedWriteChannel.java:open(62)) - open log_inprogress_0 at position 0
2023-11-20 19:26:39,927 [s0-server-thread1] DEBUG server.RaftServer$Division (RaftServerImpl.java:logAppendEntries(1504)) - s0@group-41F475FFC48D: receive appendEntries(s1, 1, null, -1, true, commits:[s1:c-1, s0:c-1, s2:c-1], cId:1, entries: [(t:1, i:0), CONFIGURATIONENTRY(current:id: "s0"
address: "localhost:37767"
dataStreamAddress: "localhost:37111"
clientAddress: "localhost:39983"
adminAddress: "localhost:35675"
startupRole: FOLLOWER
,id: "s1"
address: "localhost:33015"
dataStreamAddress: "localhost:44975"
clientAddress: "localhost:40109"
adminAddress: "localhost:37491"
startupRole: FOLLOWER
,id: "s2"
address: "localhost:41057"
dataStreamAddress: "localhost:33399"
clientAddress: "localhost:46325"
adminAddress: "localhost:33175"
startupRole: FOLLOWER
, old:)]
2023-11-20 19:26:39,928 [s0-server-thread1] INFO  server.RaftServer$Division (ServerState.java:setRaftConf(382)) - s0@group-41F475FFC48D: set configuration 0: peers:[s0|localhost:37767, s1|localhost:33015, s2|localhost:41057]|listeners:[], old=null
2023-11-20 19:26:39,928 [s0-server-thread1] INFO  segmented.SegmentedRaftLogWorker (SegmentedRaftLogWorker.java:startLogSegment(430)) - s0@group-41F475FFC48D-SegmentedRaftLogWorker: Starting segment from index:0
2023-11-20 19:26:39,928 [s0@group-41F475FFC48D-SegmentedRaftLogWorker] INFO  segmented.BufferedWriteChannel (BufferedWriteChannel.java:open(62)) - open log_inprogress_0 at position 0
2023-11-20 19:26:39,933 [grpc-default-executor-3] ERROR impl.OrderedAsync (OrderedAsync.java:lambda$sendRequest$9(247)) - client-E9C94F68C118: Failed* RaftClientRequest:client-E9C94F68C118->s0@group-F61A228DBE4A, cid=6, seq=1*, Watch(0), null
java.util.concurrent.CompletionException: java.io.IOException: org.apache.ratis.thirdparty.io.grpc.StatusRuntimeException: UNAVAILABLE: io exception
	at java.base/java.util.concurrent.CompletableFuture.encodeThrowable(CompletableFuture.java:331)
	at java.base/java.util.concurrent.CompletableFuture.completeThrowable(CompletableFuture.java:346)
	at java.base/java.util.concurrent.CompletableFuture$UniApply.tryFire(CompletableFuture.java:632)
	at java.base/java.util.concurrent.CompletableFuture.postComplete(CompletableFuture.java:506)
	at java.base/java.util.concurrent.CompletableFuture.completeExceptionally(CompletableFuture.java:2094)
	at org.apache.ratis.grpc.client.GrpcClientProtocolClient$AsyncStreamObservers.completeReplyExceptionally(GrpcClientProtocolClient.java:394)
	at org.apache.ratis.grpc.client.GrpcClientProtocolClient$AsyncStreamObservers.access$000(GrpcClientProtocolClient.java:300)
	at org.apache.ratis.grpc.client.GrpcClientProtocolClient$AsyncStreamObservers$1.onError(GrpcClientProtocolClient.java:331)
	at org.apache.ratis.thirdparty.io.grpc.stub.ClientCalls$StreamObserverToCallListenerAdapter.onClose(ClientCalls.java:481)
	at org.apache.ratis.thirdparty.io.grpc.PartialForwardingClientCallListener.onClose(PartialForwardingClientCallListener.java:39)
	at org.apache.ratis.thirdparty.io.grpc.ForwardingClientCallListener.onClose(ForwardingClientCallListener.java:23)
	at org.apache.ratis.grpc.metrics.intercept.client.MetricClientCallListener.onClose(MetricClientCallListener.java:47)
	at org.apache.ratis.thirdparty.io.grpc.internal.DelayedClientCall$DelayedListener$3.run(DelayedClientCall.java:489)
	at org.apache.ratis.thirdparty.io.grpc.internal.DelayedClientCall$DelayedListener.delayOrExecute(DelayedClientCall.java:453)
	at org.apache.ratis.thirdparty.io.grpc.internal.DelayedClientCall$DelayedListener.onClose(DelayedClientCall.java:486)
	at org.apache.ratis.thirdparty.io.grpc.internal.ClientCallImpl.closeObserver(ClientCallImpl.java:567)
	at org.apache.ratis.thirdparty.io.grpc.internal.ClientCallImpl.access$300(ClientCallImpl.java:71)
	at org.apache.ratis.thirdparty.io.grpc.internal.ClientCallImpl$ClientStreamListenerImpl$1StreamClosed.runInternal(ClientCallImpl.java:735)
	at org.apache.ratis.thirdparty.io.grpc.internal.ClientCallImpl$ClientStreamListenerImpl$1StreamClosed.runInContext(ClientCallImpl.java:716)
	at org.apache.ratis.thirdparty.io.grpc.internal.ContextRunnable.run(ContextRunnable.java:37)
	at org.apache.ratis.thirdparty.io.grpc.internal.SerializingExecutor.run(SerializingExecutor.java:133)
	at java.base/java.util.concurrent.ThreadPoolExecutor.runWorker(ThreadPoolExecutor.java:1128)
	at java.base/java.util.concurrent.ThreadPoolExecutor$Worker.run(ThreadPoolExecutor.java:628)
	at java.base/java.lang.Thread.run(Thread.java:829)
Caused by: java.io.IOException: org.apache.ratis.thirdparty.io.grpc.StatusRuntimeException: UNAVAILABLE: io exception
	at org.apache.ratis.grpc.GrpcUtil.unwrapException(GrpcUtil.java:99)
	at org.apache.ratis.grpc.GrpcUtil.unwrapIOException(GrpcUtil.java:159)
	at org.apache.ratis.grpc.client.GrpcClientProtocolClient$AsyncStreamObservers$1.onError(GrpcClientProtocolClient.java:330)
	... 16 more
Caused by: org.apache.ratis.thirdparty.io.grpc.StatusRuntimeException: UNAVAILABLE: io exception
	at org.apache.ratis.thirdparty.io.grpc.Status.asRuntimeException(Status.java:537)
	... 16 more
Caused by: org.apache.ratis.thirdparty.io.netty.channel.AbstractChannel$AnnotatedConnectException: finishConnect(..) failed: Connection refused: localhost/127.0.0.1:37411
Caused by: java.net.ConnectException: finishConnect(..) failed: Connection refused
	at org.apache.ratis.thirdparty.io.netty.channel.unix.Errors.newConnectException0(Errors.java:166)
	at org.apache.ratis.thirdparty.io.netty.channel.unix.Errors.handleConnectErrno(Errors.java:131)
	at org.apache.ratis.thirdparty.io.netty.channel.unix.Socket.finishConnect(Socket.java:359)
	at org.apache.ratis.thirdparty.io.netty.channel.epoll.AbstractEpollChannel$AbstractEpollUnsafe.doFinishConnect(AbstractEpollChannel.java:710)
	at org.apache.ratis.thirdparty.io.netty.channel.epoll.AbstractEpollChannel$AbstractEpollUnsafe.finishConnect(AbstractEpollChannel.java:687)
	at org.apache.ratis.thirdparty.io.netty.channel.epoll.AbstractEpollChannel$AbstractEpollUnsafe.epollOutReady(AbstractEpollChannel.java:567)
	at org.apache.ratis.thirdparty.io.netty.channel.epoll.EpollEventLoop.processReady(EpollEventLoop.java:499)
	at org.apache.ratis.thirdparty.io.netty.channel.epoll.EpollEventLoop.run(EpollEventLoop.java:407)
	at org.apache.ratis.thirdparty.io.netty.util.concurrent.SingleThreadEventExecutor$4.run(SingleThreadEventExecutor.java:997)
	at org.apache.ratis.thirdparty.io.netty.util.internal.ThreadExecutorMap$2.run(ThreadExecutorMap.java:74)
	at org.apache.ratis.thirdparty.io.netty.util.concurrent.FastThreadLocalRunnable.run(FastThreadLocalRunnable.java:30)
	at java.base/java.lang.Thread.run(Thread.java:829)
2023-11-20 19:26:39,939 [s2@group-41F475FFC48D-SegmentedRaftLogWorker] INFO  segmented.SegmentedRaftLogWorker (SegmentedRaftLogWorker.java:execute(634)) - s2@group-41F475FFC48D-SegmentedRaftLogWorker: created new log segment /home/runner/work/ratis/ratis/ratis-test/target/test/data/42d3a8b8/MiniRaftClusterWithGrpc12f57710/s2/8daea654-1bf0-41b5-833c-41f475ffc48d/current/log_inprogress_0
2023-11-20 19:26:39,939 [s0@group-41F475FFC48D-SegmentedRaftLogWorker] INFO  segmented.SegmentedRaftLogWorker (SegmentedRaftLogWorker.java:execute(634)) - s0@group-41F475FFC48D-SegmentedRaftLogWorker: created new log segment /home/runner/work/ratis/ratis/ratis-test/target/test/data/42d3a8b8/MiniRaftClusterWithGrpc12f57710/s0/8daea654-1bf0-41b5-833c-41f475ffc48d/current/log_inprogress_0
2023-11-20 19:26:39,940 [s2-server-thread1] DEBUG server.RaftServer$Division (RaftServerImpl.java:logAppendEntries(1504)) - s2@group-41F475FFC48D: succeeded to handle AppendEntries. Reply: s1<-s2#1:OK-t1,SUCCESS,nextIndex=1,followerCommit=-1,matchIndex=0
2023-11-20 19:26:39,940 [s0-server-thread1] DEBUG server.RaftServer$Division (RaftServerImpl.java:logAppendEntries(1504)) - s0@group-41F475FFC48D: succeeded to handle AppendEntries. Reply: s1<-s0#1:OK-t1,SUCCESS,nextIndex=1,followerCommit=-1,matchIndex=0
2023-11-20 19:26:39,941 [s1@group-41F475FFC48D-StateMachineUpdater] TRACE util.FileUtils (LogUtils.java:supplyAndLog(69)) - Successfully supplied FileChannel.open /home/runner/work/ratis/ratis/ratis-test/target/test/data/42d3a8b8/MiniRaftClusterWithGrpc12f57710/s1/8daea654-1bf0-41b5-833c-41f475ffc48d/current/raft-meta.conf.tmp with options [CREATE, WRITE]: sun.nio.ch.FileChannelImpl@6af4cf90
2023-11-20 19:26:39,943 [s1@group-41F475FFC48D-StateMachineUpdater] TRACE util.FileUtils (LogUtils.java:runAndLog(49)) - Successfully ran Atomic Files.move /home/runner/work/ratis/ratis/ratis-test/target/test/data/42d3a8b8/MiniRaftClusterWithGrpc12f57710/s1/8daea654-1bf0-41b5-833c-41f475ffc48d/current/raft-meta.conf.tmp to /home/runner/work/ratis/ratis/ratis-test/target/test/data/42d3a8b8/MiniRaftClusterWithGrpc12f57710/s1/8daea654-1bf0-41b5-833c-41f475ffc48d/current/raft-meta.conf with options [REPLACE_EXISTING]
2023-11-20 19:26:39,943 [s1@group-41F475FFC48D-StateMachineUpdater] INFO  server.RaftServer$Division (LeaderStateImpl.java:isApplied(316)) - leader is ready since appliedIndex == 0 >= startIndex == 0
2023-11-20 19:26:40,018 [s0@group-41F475FFC48D-StateMachineUpdater] TRACE util.FileUtils (LogUtils.java:supplyAndLog(69)) - Successfully supplied FileChannel.open /home/runner/work/ratis/ratis/ratis-test/target/test/data/42d3a8b8/MiniRaftClusterWithGrpc12f57710/s0/8daea654-1bf0-41b5-833c-41f475ffc48d/current/raft-meta.conf.tmp with options [CREATE, WRITE]: sun.nio.ch.FileChannelImpl@e495f96
2023-11-20 19:26:40,019 [s2@group-41F475FFC48D-StateMachineUpdater] TRACE util.FileUtils (LogUtils.java:supplyAndLog(69)) - Successfully supplied FileChannel.open /home/runner/work/ratis/ratis/ratis-test/target/test/data/42d3a8b8/MiniRaftClusterWithGrpc12f57710/s2/8daea654-1bf0-41b5-833c-41f475ffc48d/current/raft-meta.conf.tmp with options [CREATE, WRITE]: sun.nio.ch.FileChannelImpl@5593b151
2023-11-20 19:26:40,020 [s2@group-41F475FFC48D-StateMachineUpdater] TRACE util.FileUtils (LogUtils.java:runAndLog(49)) - Successfully ran Atomic Files.move /home/runner/work/ratis/ratis/ratis-test/target/test/data/42d3a8b8/MiniRaftClusterWithGrpc12f57710/s2/8daea654-1bf0-41b5-833c-41f475ffc48d/current/raft-meta.conf.tmp to /home/runner/work/ratis/ratis/ratis-test/target/test/data/42d3a8b8/MiniRaftClusterWithGrpc12f57710/s2/8daea654-1bf0-41b5-833c-41f475ffc48d/current/raft-meta.conf with options [REPLACE_EXISTING]
2023-11-20 19:26:40,021 [s0@group-41F475FFC48D-StateMachineUpdater] TRACE util.FileUtils (LogUtils.java:runAndLog(49)) - Successfully ran Atomic Files.move /home/runner/work/ratis/ratis/ratis-test/target/test/data/42d3a8b8/MiniRaftClusterWithGrpc12f57710/s0/8daea654-1bf0-41b5-833c-41f475ffc48d/current/raft-meta.conf.tmp to /home/runner/work/ratis/ratis/ratis-test/target/test/data/42d3a8b8/MiniRaftClusterWithGrpc12f57710/s0/8daea654-1bf0-41b5-833c-41f475ffc48d/current/raft-meta.conf with options [REPLACE_EXISTING]
2023-11-20 19:26:40,038 [grpc-default-executor-4] ERROR impl.OrderedAsync (OrderedAsync.java:lambda$sendRequest$9(247)) - client-E9C94F68C118: Failed* RaftClientRequest:client-E9C94F68C118->s2@group-F61A228DBE4A, cid=6, seq=1*, Watch(0), null
java.util.concurrent.CompletionException: java.io.IOException: org.apache.ratis.thirdparty.io.grpc.StatusRuntimeException: UNAVAILABLE: io exception
	at java.base/java.util.concurrent.CompletableFuture.encodeThrowable(CompletableFuture.java:331)
	at java.base/java.util.concurrent.CompletableFuture.completeThrowable(CompletableFuture.java:346)
	at java.base/java.util.concurrent.CompletableFuture$UniApply.tryFire(CompletableFuture.java:632)
	at java.base/java.util.concurrent.CompletableFuture.postComplete(CompletableFuture.java:506)
	at java.base/java.util.concurrent.CompletableFuture.completeExceptionally(CompletableFuture.java:2094)
	at org.apache.ratis.grpc.client.GrpcClientProtocolClient$AsyncStreamObservers.completeReplyExceptionally(GrpcClientProtocolClient.java:394)
	at org.apache.ratis.grpc.client.GrpcClientProtocolClient$AsyncStreamObservers.access$000(GrpcClientProtocolClient.java:300)
	at org.apache.ratis.grpc.client.GrpcClientProtocolClient$AsyncStreamObservers$1.onError(GrpcClientProtocolClient.java:331)
	at org.apache.ratis.thirdparty.io.grpc.stub.ClientCalls$StreamObserverToCallListenerAdapter.onClose(ClientCalls.java:481)
	at org.apache.ratis.thirdparty.io.grpc.PartialForwardingClientCallListener.onClose(PartialForwardingClientCallListener.java:39)
	at org.apache.ratis.thirdparty.io.grpc.ForwardingClientCallListener.onClose(ForwardingClientCallListener.java:23)
	at org.apache.ratis.grpc.metrics.intercept.client.MetricClientCallListener.onClose(MetricClientCallListener.java:47)
	at org.apache.ratis.thirdparty.io.grpc.internal.DelayedClientCall$DelayedListener$3.run(DelayedClientCall.java:489)
	at org.apache.ratis.thirdparty.io.grpc.internal.DelayedClientCall$DelayedListener.delayOrExecute(DelayedClientCall.java:453)
	at org.apache.ratis.thirdparty.io.grpc.internal.DelayedClientCall$DelayedListener.onClose(DelayedClientCall.java:486)
	at org.apache.ratis.thirdparty.io.grpc.internal.ClientCallImpl.closeObserver(ClientCallImpl.java:567)
	at org.apache.ratis.thirdparty.io.grpc.internal.ClientCallImpl.access$300(ClientCallImpl.java:71)
	at org.apache.ratis.thirdparty.io.grpc.internal.ClientCallImpl$ClientStreamListenerImpl$1StreamClosed.runInternal(ClientCallImpl.java:735)
	at org.apache.ratis.thirdparty.io.grpc.internal.ClientCallImpl$ClientStreamListenerImpl$1StreamClosed.runInContext(ClientCallImpl.java:716)
	at org.apache.ratis.thirdparty.io.grpc.internal.ContextRunnable.run(ContextRunnable.java:37)
	at org.apache.ratis.thirdparty.io.grpc.internal.SerializingExecutor.run(SerializingExecutor.java:133)
	at java.base/java.util.concurrent.ThreadPoolExecutor.runWorker(ThreadPoolExecutor.java:1128)
	at java.base/java.util.concurrent.ThreadPoolExecutor$Worker.run(ThreadPoolExecutor.java:628)
	at java.base/java.lang.Thread.run(Thread.java:829)
Caused by: java.io.IOException: org.apache.ratis.thirdparty.io.grpc.StatusRuntimeException: UNAVAILABLE: io exception
	at org.apache.ratis.grpc.GrpcUtil.unwrapException(GrpcUtil.java:99)
	at org.apache.ratis.grpc.GrpcUtil.unwrapIOException(GrpcUtil.java:159)
	at org.apache.ratis.grpc.client.GrpcClientProtocolClient$AsyncStreamObservers$1.onError(GrpcClientProtocolClient.java:330)
	... 16 more
Caused by: org.apache.ratis.thirdparty.io.grpc.StatusRuntimeException: UNAVAILABLE: io exception
	at org.apache.ratis.thirdparty.io.grpc.Status.asRuntimeException(Status.java:537)
	... 16 more
Caused by: org.apache.ratis.thirdparty.io.netty.channel.AbstractChannel$AnnotatedConnectException: finishConnect(..) failed: Connection refused: localhost/127.0.0.1:43097
Caused by: java.net.ConnectException: finishConnect(..) failed: Connection refused
	at org.apache.ratis.thirdparty.io.netty.channel.unix.Errors.newConnectException0(Errors.java:166)
	at org.apache.ratis.thirdparty.io.netty.channel.unix.Errors.handleConnectErrno(Errors.java:131)
	at org.apache.ratis.thirdparty.io.netty.channel.unix.Socket.finishConnect(Socket.java:359)
	at org.apache.ratis.thirdparty.io.netty.channel.epoll.AbstractEpollChannel$AbstractEpollUnsafe.doFinishConnect(AbstractEpollChannel.java:710)
	at org.apache.ratis.thirdparty.io.netty.channel.epoll.AbstractEpollChannel$AbstractEpollUnsafe.finishConnect(AbstractEpollChannel.java:687)
	at org.apache.ratis.thirdparty.io.netty.channel.epoll.AbstractEpollChannel$AbstractEpollUnsafe.epollOutReady(AbstractEpollChannel.java:567)
	at org.apache.ratis.thirdparty.io.netty.channel.epoll.EpollEventLoop.processReady(EpollEventLoop.java:499)
	at org.apache.ratis.thirdparty.io.netty.channel.epoll.EpollEventLoop.run(EpollEventLoop.java:407)
	at org.apache.ratis.thirdparty.io.netty.util.concurrent.SingleThreadEventExecutor$4.run(SingleThreadEventExecutor.java:997)
	at org.apache.ratis.thirdparty.io.netty.util.internal.ThreadExecutorMap$2.run(ThreadExecutorMap.java:74)
	at org.apache.ratis.thirdparty.io.netty.util.concurrent.FastThreadLocalRunnable.run(FastThreadLocalRunnable.java:30)
	at java.base/java.lang.Thread.run(Thread.java:829)
2023-11-20 19:26:40,142 [grpc-default-executor-0] ERROR impl.OrderedAsync (OrderedAsync.java:lambda$sendRequest$9(247)) - client-E9C94F68C118: Failed* RaftClientRequest:client-E9C94F68C118->s1@group-F61A228DBE4A, cid=6, seq=1*, Watch(0), null
java.util.concurrent.CompletionException: java.io.IOException: org.apache.ratis.thirdparty.io.grpc.StatusRuntimeException: UNAVAILABLE: io exception
	at java.base/java.util.concurrent.CompletableFuture.encodeThrowable(CompletableFuture.java:331)
	at java.base/java.util.concurrent.CompletableFuture.completeThrowable(CompletableFuture.java:346)
	at java.base/java.util.concurrent.CompletableFuture$UniApply.tryFire(CompletableFuture.java:632)
	at java.base/java.util.concurrent.CompletableFuture.postComplete(CompletableFuture.java:506)
	at java.base/java.util.concurrent.CompletableFuture.completeExceptionally(CompletableFuture.java:2094)
	at org.apache.ratis.grpc.client.GrpcClientProtocolClient$AsyncStreamObservers.completeReplyExceptionally(GrpcClientProtocolClient.java:394)
	at org.apache.ratis.grpc.client.GrpcClientProtocolClient$AsyncStreamObservers.access$000(GrpcClientProtocolClient.java:300)
	at org.apache.ratis.grpc.client.GrpcClientProtocolClient$AsyncStreamObservers$1.onError(GrpcClientProtocolClient.java:331)
	at org.apache.ratis.thirdparty.io.grpc.stub.ClientCalls$StreamObserverToCallListenerAdapter.onClose(ClientCalls.java:481)
	at org.apache.ratis.thirdparty.io.grpc.PartialForwardingClientCallListener.onClose(PartialForwardingClientCallListener.java:39)
	at org.apache.ratis.thirdparty.io.grpc.ForwardingClientCallListener.onClose(ForwardingClientCallListener.java:23)
	at org.apache.ratis.grpc.metrics.intercept.client.MetricClientCallListener.onClose(MetricClientCallListener.java:47)
	at org.apache.ratis.thirdparty.io.grpc.internal.DelayedClientCall$DelayedListener$3.run(DelayedClientCall.java:489)
	at org.apache.ratis.thirdparty.io.grpc.internal.DelayedClientCall$DelayedListener.delayOrExecute(DelayedClientCall.java:453)
	at org.apache.ratis.thirdparty.io.grpc.internal.DelayedClientCall$DelayedListener.onClose(DelayedClientCall.java:486)
	at org.apache.ratis.thirdparty.io.grpc.internal.ClientCallImpl.closeObserver(ClientCallImpl.java:567)
	at org.apache.ratis.thirdparty.io.grpc.internal.ClientCallImpl.access$300(ClientCallImpl.java:71)
	at org.apache.ratis.thirdparty.io.grpc.internal.ClientCallImpl$ClientStreamListenerImpl$1StreamClosed.runInternal(ClientCallImpl.java:735)
	at org.apache.ratis.thirdparty.io.grpc.internal.ClientCallImpl$ClientStreamListenerImpl$1StreamClosed.runInContext(ClientCallImpl.java:716)
	at org.apache.ratis.thirdparty.io.grpc.internal.ContextRunnable.run(ContextRunnable.java:37)
	at org.apache.ratis.thirdparty.io.grpc.internal.SerializingExecutor.run(SerializingExecutor.java:133)
	at java.base/java.util.concurrent.ThreadPoolExecutor.runWorker(ThreadPoolExecutor.java:1128)
	at java.base/java.util.concurrent.ThreadPoolExecutor$Worker.run(ThreadPoolExecutor.java:628)
	at java.base/java.lang.Thread.run(Thread.java:829)
Caused by: java.io.IOException: org.apache.ratis.thirdparty.io.grpc.StatusRuntimeException: UNAVAILABLE: io exception
	at org.apache.ratis.grpc.GrpcUtil.unwrapException(GrpcUtil.java:99)
	at org.apache.ratis.grpc.GrpcUtil.unwrapIOException(GrpcUtil.java:159)
	at org.apache.ratis.grpc.client.GrpcClientProtocolClient$AsyncStreamObservers$1.onError(GrpcClientProtocolClient.java:330)
	... 16 more
Caused by: org.apache.ratis.thirdparty.io.grpc.StatusRuntimeException: UNAVAILABLE: io exception
	at org.apache.ratis.thirdparty.io.grpc.Status.asRuntimeException(Status.java:537)
	... 16 more
Caused by: org.apache.ratis.thirdparty.io.netty.channel.AbstractChannel$AnnotatedConnectException: finishConnect(..) failed: Connection refused: localhost/127.0.0.1:46099
Caused by: java.net.ConnectException: finishConnect(..) failed: Connection refused
	at org.apache.ratis.thirdparty.io.netty.channel.unix.Errors.newConnectException0(Errors.java:166)
	at org.apache.ratis.thirdparty.io.netty.channel.unix.Errors.handleConnectErrno(Errors.java:131)
	at org.apache.ratis.thirdparty.io.netty.channel.unix.Socket.finishConnect(Socket.java:359)
	at org.apache.ratis.thirdparty.io.netty.channel.epoll.AbstractEpollChannel$AbstractEpollUnsafe.doFinishConnect(AbstractEpollChannel.java:710)
	at org.apache.ratis.thirdparty.io.netty.channel.epoll.AbstractEpollChannel$AbstractEpollUnsafe.finishConnect(AbstractEpollChannel.java:687)
	at org.apache.ratis.thirdparty.io.netty.channel.epoll.AbstractEpollChannel$AbstractEpollUnsafe.epollOutReady(AbstractEpollChannel.java:567)
	at org.apache.ratis.thirdparty.io.netty.channel.epoll.EpollEventLoop.processReady(EpollEventLoop.java:499)
	at org.apache.ratis.thirdparty.io.netty.channel.epoll.EpollEventLoop.run(EpollEventLoop.java:407)
	at org.apache.ratis.thirdparty.io.netty.util.concurrent.SingleThreadEventExecutor$4.run(SingleThreadEventExecutor.java:997)
	at org.apache.ratis.thirdparty.io.netty.util.internal.ThreadExecutorMap$2.run(ThreadExecutorMap.java:74)
	at org.apache.ratis.thirdparty.io.netty.util.concurrent.FastThreadLocalRunnable.run(FastThreadLocalRunnable.java:30)
	at java.base/java.lang.Thread.run(Thread.java:829)
2023-11-20 19:26:40,166 [Time-limited test] INFO  ratis.RaftTestUtil (RaftTestUtil.java:waitForLeader(119)) - printing ALL groups
  s0:  RUNNING  FOLLOWER s0@group-41F475FFC48D:t1, leader=s1, voted=s1, raftlog=Memoized:s0@group-41F475FFC48D-SegmentedRaftLog:OPENED:c0, conf=0: peers:[s0|localhost:37767, s1|localhost:33015, s2|localhost:41057]|listeners:[], old=null RUNNING
  s1:  RUNNING    LEADER s1@group-41F475FFC48D:t1, leader=s1, voted=s1, raftlog=Memoized:s1@group-41F475FFC48D-SegmentedRaftLog:OPENED:c0, conf=0: peers:[s0|localhost:37767, s1|localhost:33015, s2|localhost:41057]|listeners:[], old=null RUNNING
  s2:  RUNNING  FOLLOWER s2@group-41F475FFC48D:t1, leader=s1, voted=s1, raftlog=Memoized:s2@group-41F475FFC48D-SegmentedRaftLog:OPENED:c0, conf=0: peers:[s0|localhost:37767, s1|localhost:33015, s2|localhost:41057]|listeners:[], old=null RUNNING
2023-11-20 19:26:40,172 [s1-client-thread1] DEBUG server.RaftServer$Division (RaftServerImpl.java:submitClientRequestAsync(893)) - s1@group-41F475FFC48D: receive client request(RaftClientRequest:client-0210BD3F7885->s1@group-41F475FFC48D, cid=12, seq=null, RW, Message:6669727374206d736720...(size=30))
2023-11-20 19:26:40,173 [s1-client-thread1] DEBUG server.RaftServer$Division (LeaderStateImpl.java:addPendingRequest(517)) - s1@group-41F475FFC48D-LeaderStateImpl: addPendingRequest at RaftClientRequest:client-0210BD3F7885->s1@group-41F475FFC48D, cid=12, seq=null, RW, Message:6669727374206d736720...(size=30), entry=(t:1, i:1), STATEMACHINELOGENTRY, 12@client-0210BD3F7885
2023-11-20 19:26:40,174 [s0-server-thread1] DEBUG server.RaftServer$Division (RaftServerImpl.java:logAppendEntries(1504)) - s0@group-41F475FFC48D: receive appendEntries(s1, 1, (t:1, i:0), 0, true, commits:[s1:c0, s0:c0, s2:c0], cId:5, entries: [(t:1, i:1), STATEMACHINELOGENTRY, 12@client-0210BD3F7885]
2023-11-20 19:26:40,175 [s0-server-thread1] DEBUG server.RaftServer$Division (RaftServerImpl.java:logAppendEntries(1504)) - s0@group-41F475FFC48D: succeeded to handle AppendEntries. Reply: s1<-s0#5:OK-t1,SUCCESS,nextIndex=2,followerCommit=0,matchIndex=1
2023-11-20 19:26:40,176 [s1@group-41F475FFC48D-StateMachineUpdater] INFO  impl.SimpleStateMachine4Testing (SimpleStateMachine4Testing.java:applyTransaction(248)) - applyTransaction for log index 1
2023-11-20 19:26:40,176 [s1@group-41F475FFC48D-StateMachineUpdater] INFO  impl.SimpleStateMachine4Testing (SimpleStateMachine4Testing.java:put(205)) - s1: put 1, first msg ... -> (t:1, i:1), STATEMACHINELOGENTRY, 12@client-0210BD3F7885
2023-11-20 19:26:40,178 [s0-server-thread2] DEBUG server.RaftServer$Division (RaftServerImpl.java:logAppendEntries(1504)) - s0@group-41F475FFC48D: receive appendEntries(s1, 1, (t:1, i:1), 1, true, commits:[s1:c1, s0:c0, s2:c0], cId:7, entries: [(t:1, i:2), METADATAENTRY(c:1)]
2023-11-20 19:26:40,180 [s0-server-thread2] DEBUG server.RaftServer$Division (RaftServerImpl.java:logAppendEntries(1504)) - s0@group-41F475FFC48D: succeeded to handle AppendEntries. Reply: s1<-s0#7:OK-t1,SUCCESS,nextIndex=3,followerCommit=1,matchIndex=2
2023-11-20 19:26:40,180 [s0@group-41F475FFC48D-StateMachineUpdater] INFO  impl.SimpleStateMachine4Testing (SimpleStateMachine4Testing.java:applyTransaction(248)) - applyTransaction for log index 1
2023-11-20 19:26:40,180 [s0@group-41F475FFC48D-StateMachineUpdater] INFO  impl.SimpleStateMachine4Testing (SimpleStateMachine4Testing.java:put(205)) - s0: put 1, first msg ... -> (t:1, i:1), STATEMACHINELOGENTRY, 12@client-0210BD3F7885
2023-11-20 19:26:40,181 [s2-server-thread2] DEBUG server.RaftServer$Division (RaftServerImpl.java:logAppendEntries(1504)) - s2@group-41F475FFC48D: receive appendEntries(s1, 1, (t:1, i:0), 0, true, commits:[s1:c0, s0:c0, s2:c0], cId:7, entries: [(t:1, i:1), STATEMACHINELOGENTRY, 12@client-0210BD3F7885]
2023-11-20 19:26:40,183 [s2-server-thread2] DEBUG server.RaftServer$Division (RaftServerImpl.java:logAppendEntries(1504)) - s2@group-41F475FFC48D: succeeded to handle AppendEntries. Reply: s1<-s2#7:OK-t1,SUCCESS,nextIndex=2,followerCommit=0,matchIndex=1
2023-11-20 19:26:40,183 [s2-server-thread1] DEBUG server.RaftServer$Division (RaftServerImpl.java:logAppendEntries(1504)) - s2@group-41F475FFC48D: receive appendEntries(s1, 1, (t:1, i:1), 1, true, commits:[s1:c1, s0:c0, s2:c0], cId:8, entries: [(t:1, i:2), METADATAENTRY(c:1)]
2023-11-20 19:26:40,185 [s2-server-thread2] DEBUG server.RaftServer$Division (RaftServerImpl.java:logAppendEntries(1504)) - s2@group-41F475FFC48D: succeeded to handle AppendEntries. Reply: s1<-s2#8:OK-t1,SUCCESS,nextIndex=3,followerCommit=1,matchIndex=2
2023-11-20 19:26:40,185 [s2@group-41F475FFC48D-StateMachineUpdater] INFO  impl.SimpleStateMachine4Testing (SimpleStateMachine4Testing.java:applyTransaction(248)) - applyTransaction for log index 1
2023-11-20 19:26:40,185 [s2@group-41F475FFC48D-StateMachineUpdater] INFO  impl.SimpleStateMachine4Testing (SimpleStateMachine4Testing.java:put(205)) - s2: put 1, first msg ... -> (t:1, i:1), STATEMACHINELOGENTRY, 12@client-0210BD3F7885
2023-11-20 19:26:40,186 [s1-client-thread1] DEBUG server.RaftServer$Division (RaftServerImpl.java:submitClientRequestAsync(893)) - s1@group-41F475FFC48D: receive client request(RaftClientRequest:client-1320C828BBFA->s1@group-41F475FFC48D, cid=999, seq=null, RW, Message:6d657373616765)
2023-11-20 19:26:40,187 [s1-client-thread1] DEBUG server.RaftServer$Division (LeaderStateImpl.java:addPendingRequest(517)) - s1@group-41F475FFC48D-LeaderStateImpl: addPendingRequest at RaftClientRequest:client-1320C828BBFA->s1@group-41F475FFC48D, cid=999, seq=null, RW, Message:6d657373616765, entry=(t:1, i:3), STATEMACHINELOGENTRY, 999@client-1320C828BBFA
2023-11-20 19:26:40,188 [s0-server-thread2] DEBUG server.RaftServer$Division (RaftServerImpl.java:logAppendEntries(1504)) - s0@group-41F475FFC48D: receive appendEntries(s1, 1, (t:1, i:2), 2, true, commits:[s1:c2, s0:c1, s2:c1], cId:11, entries: [(t:1, i:3), STATEMACHINELOGENTRY, 999@client-1320C828BBFA]
2023-11-20 19:26:40,189 [s0-server-thread2] DEBUG server.RaftServer$Division (RaftServerImpl.java:logAppendEntries(1504)) - s0@group-41F475FFC48D: succeeded to handle AppendEntries. Reply: s1<-s0#11:OK-t1,SUCCESS,nextIndex=4,followerCommit=2,matchIndex=3
2023-11-20 19:26:40,189 [s2-server-thread2] DEBUG server.RaftServer$Division (RaftServerImpl.java:logAppendEntries(1504)) - s2@group-41F475FFC48D: receive appendEntries(s1, 1, (t:1, i:2), 2, true, commits:[s1:c2, s0:c1, s2:c1], cId:12, entries: [(t:1, i:3), STATEMACHINELOGENTRY, 999@client-1320C828BBFA]
2023-11-20 19:26:40,190 [s1@group-41F475FFC48D-StateMachineUpdater] INFO  impl.SimpleStateMachine4Testing (SimpleStateMachine4Testing.java:applyTransaction(248)) - applyTransaction for log index 3
2023-11-20 19:26:40,190 [s1@group-41F475FFC48D-StateMachineUpdater] INFO  impl.SimpleStateMachine4Testing (SimpleStateMachine4Testing.java:put(205)) - s1: put 3, message -> (t:1, i:3), STATEMACHINELOGENTRY, 999@client-1320C828BBFA
2023-11-20 19:26:40,190 [s2-server-thread2] DEBUG server.RaftServer$Division (RaftServerImpl.java:logAppendEntries(1504)) - s2@group-41F475FFC48D: succeeded to handle AppendEntries. Reply: s1<-s2#12:OK-t1,SUCCESS,nextIndex=4,followerCommit=2,matchIndex=3
2023-11-20 19:26:40,192 [s0-server-thread2] DEBUG server.RaftServer$Division (RaftServerImpl.java:logAppendEntries(1504)) - s0@group-41F475FFC48D: receive appendEntries(s1, 1, (t:1, i:3), 3, true, commits:[s1:c3, s0:c2, s2:c1], cId:12, entries: [(t:1, i:4), METADATAENTRY(c:3)]
2023-11-20 19:26:40,193 [s0-server-thread2] DEBUG server.RaftServer$Division (RaftServerImpl.java:logAppendEntries(1504)) - s0@group-41F475FFC48D: succeeded to handle AppendEntries. Reply: s1<-s0#12:OK-t1,SUCCESS,nextIndex=5,followerCommit=3,matchIndex=4
2023-11-20 19:26:40,193 [s0@group-41F475FFC48D-StateMachineUpdater] INFO  impl.SimpleStateMachine4Testing (SimpleStateMachine4Testing.java:applyTransaction(248)) - applyTransaction for log index 3
2023-11-20 19:26:40,193 [s0@group-41F475FFC48D-StateMachineUpdater] INFO  impl.SimpleStateMachine4Testing (SimpleStateMachine4Testing.java:put(205)) - s0: put 3, message -> (t:1, i:3), STATEMACHINELOGENTRY, 999@client-1320C828BBFA
2023-11-20 19:26:40,195 [s1-client-thread1] DEBUG server.RaftServer$Division (RaftServerImpl.java:submitClientRequestAsync(893)) - s1@group-41F475FFC48D: receive client request(RaftClientRequest:client-1320C828BBFA->s1@group-41F475FFC48D, cid=999, seq=null, RW, Message:6d657373616765)
2023-11-20 19:26:40,195 [s2-server-thread2] DEBUG server.RaftServer$Division (RaftServerImpl.java:logAppendEntries(1504)) - s2@group-41F475FFC48D: receive appendEntries(s1, 1, (t:1, i:3), 3, true, commits:[s1:c3, s0:c2, s2:c2], cId:14, entries: [(t:1, i:4), METADATAENTRY(c:3)]
2023-11-20 19:26:40,197 [s2-server-thread2] DEBUG server.RaftServer$Division (RaftServerImpl.java:logAppendEntries(1504)) - s2@group-41F475FFC48D: succeeded to handle AppendEntries. Reply: s1<-s2#14:OK-t1,SUCCESS,nextIndex=5,followerCommit=3,matchIndex=4
2023-11-20 19:26:40,197 [s2@group-41F475FFC48D-StateMachineUpdater] INFO  impl.SimpleStateMachine4Testing (SimpleStateMachine4Testing.java:applyTransaction(248)) - applyTransaction for log index 3
2023-11-20 19:26:40,197 [s2@group-41F475FFC48D-StateMachineUpdater] INFO  impl.SimpleStateMachine4Testing (SimpleStateMachine4Testing.java:put(205)) - s2: put 3, message -> (t:1, i:3), STATEMACHINELOGENTRY, 999@client-1320C828BBFA
2023-11-20 19:26:40,197 [s1-client-thread1] DEBUG server.RaftServer$Division (RaftServerImpl.java:submitClientRequestAsync(893)) - s1@group-41F475FFC48D: receive client request(RaftClientRequest:client-1320C828BBFA->s1@group-41F475FFC48D, cid=999, seq=null, RW, Message:6d657373616765)
2023-11-20 19:26:40,199 [s1-client-thread1] DEBUG server.RaftServer$Division (RaftServerImpl.java:submitClientRequestAsync(893)) - s1@group-41F475FFC48D: receive client request(RaftClientRequest:client-1320C828BBFA->s1@group-41F475FFC48D, cid=999, seq=null, RW, Message:6d657373616765)
2023-11-20 19:26:40,201 [s1-client-thread1] DEBUG server.RaftServer$Division (RaftServerImpl.java:submitClientRequestAsync(893)) - s1@group-41F475FFC48D: receive client request(RaftClientRequest:client-1320C828BBFA->s1@group-41F475FFC48D, cid=999, seq=null, RW, Message:6d657373616765)
2023-11-20 19:26:40,204 [s1-client-thread1] DEBUG server.RaftServer$Division (RaftServerImpl.java:submitClientRequestAsync(893)) - s1@group-41F475FFC48D: receive client request(RaftClientRequest:client-1320C828BBFA->s1@group-41F475FFC48D, cid=999, seq=null, RW, Message:6d657373616765)
2023-11-20 19:26:40,206 [Time-limited test] INFO  grpc.TestRetryCacheWithGrpc (RetryCacheTests.java:assertServer(96)) - check server s0
2023-11-20 19:26:40,246 [grpc-default-executor-2] ERROR impl.OrderedAsync (OrderedAsync.java:lambda$sendRequest$9(247)) - client-E9C94F68C118: Failed* RaftClientRequest:client-E9C94F68C118->s2@group-F61A228DBE4A, cid=6, seq=1*, Watch(0), null
java.util.concurrent.CompletionException: java.io.IOException: org.apache.ratis.thirdparty.io.grpc.StatusRuntimeException: UNAVAILABLE: io exception
	at java.base/java.util.concurrent.CompletableFuture.encodeThrowable(CompletableFuture.java:331)
	at java.base/java.util.concurrent.CompletableFuture.completeThrowable(CompletableFuture.java:346)
	at java.base/java.util.concurrent.CompletableFuture$UniApply.tryFire(CompletableFuture.java:632)
	at java.base/java.util.concurrent.CompletableFuture.postComplete(CompletableFuture.java:506)
	at java.base/java.util.concurrent.CompletableFuture.completeExceptionally(CompletableFuture.java:2094)
	at org.apache.ratis.grpc.client.GrpcClientProtocolClient$AsyncStreamObservers.completeReplyExceptionally(GrpcClientProtocolClient.java:394)
	at org.apache.ratis.grpc.client.GrpcClientProtocolClient$AsyncStreamObservers.access$000(GrpcClientProtocolClient.java:300)
	at org.apache.ratis.grpc.client.GrpcClientProtocolClient$AsyncStreamObservers$1.onError(GrpcClientProtocolClient.java:331)
	at org.apache.ratis.thirdparty.io.grpc.stub.ClientCalls$StreamObserverToCallListenerAdapter.onClose(ClientCalls.java:481)
	at org.apache.ratis.thirdparty.io.grpc.PartialForwardingClientCallListener.onClose(PartialForwardingClientCallListener.java:39)
	at org.apache.ratis.thirdparty.io.grpc.ForwardingClientCallListener.onClose(ForwardingClientCallListener.java:23)
	at org.apache.ratis.grpc.metrics.intercept.client.MetricClientCallListener.onClose(MetricClientCallListener.java:47)
	at org.apache.ratis.thirdparty.io.grpc.internal.DelayedClientCall$DelayedListener$3.run(DelayedClientCall.java:489)
	at org.apache.ratis.thirdparty.io.grpc.internal.DelayedClientCall$DelayedListener.delayOrExecute(DelayedClientCall.java:453)
	at org.apache.ratis.thirdparty.io.grpc.internal.DelayedClientCall$DelayedListener.onClose(DelayedClientCall.java:486)
	at org.apache.ratis.thirdparty.io.grpc.internal.ClientCallImpl.closeObserver(ClientCallImpl.java:567)
	at org.apache.ratis.thirdparty.io.grpc.internal.ClientCallImpl.access$300(ClientCallImpl.java:71)
	at org.apache.ratis.thirdparty.io.grpc.internal.ClientCallImpl$ClientStreamListenerImpl$1StreamClosed.runInternal(ClientCallImpl.java:735)
	at org.apache.ratis.thirdparty.io.grpc.internal.ClientCallImpl$ClientStreamListenerImpl$1StreamClosed.runInContext(ClientCallImpl.java:716)
	at org.apache.ratis.thirdparty.io.grpc.internal.ContextRunnable.run(ContextRunnable.java:37)
	at org.apache.ratis.thirdparty.io.grpc.internal.SerializingExecutor.run(SerializingExecutor.java:133)
	at java.base/java.util.concurrent.ThreadPoolExecutor.runWorker(ThreadPoolExecutor.java:1128)
	at java.base/java.util.concurrent.ThreadPoolExecutor$Worker.run(ThreadPoolExecutor.java:628)
	at java.base/java.lang.Thread.run(Thread.java:829)
Caused by: java.io.IOException: org.apache.ratis.thirdparty.io.grpc.StatusRuntimeException: UNAVAILABLE: io exception
	at org.apache.ratis.grpc.GrpcUtil.unwrapException(GrpcUtil.java:99)
	at org.apache.ratis.grpc.GrpcUtil.unwrapIOException(GrpcUtil.java:159)
	at org.apache.ratis.grpc.client.GrpcClientProtocolClient$AsyncStreamObservers$1.onError(GrpcClientProtocolClient.java:330)
	... 16 more
Caused by: org.apache.ratis.thirdparty.io.grpc.StatusRuntimeException: UNAVAILABLE: io exception
	at org.apache.ratis.thirdparty.io.grpc.Status.asRuntimeException(Status.java:537)
	... 16 more
Caused by: org.apache.ratis.thirdparty.io.netty.channel.AbstractChannel$AnnotatedConnectException: finishConnect(..) failed: Connection refused: localhost/127.0.0.1:43097
Caused by: java.net.ConnectException: finishConnect(..) failed: Connection refused
	at org.apache.ratis.thirdparty.io.netty.channel.unix.Errors.newConnectException0(Errors.java:166)
	at org.apache.ratis.thirdparty.io.netty.channel.unix.Errors.handleConnectErrno(Errors.java:131)
	at org.apache.ratis.thirdparty.io.netty.channel.unix.Socket.finishConnect(Socket.java:359)
	at org.apache.ratis.thirdparty.io.netty.channel.epoll.AbstractEpollChannel$AbstractEpollUnsafe.doFinishConnect(AbstractEpollChannel.java:710)
	at org.apache.ratis.thirdparty.io.netty.channel.epoll.AbstractEpollChannel$AbstractEpollUnsafe.finishConnect(AbstractEpollChannel.java:687)
	at org.apache.ratis.thirdparty.io.netty.channel.epoll.AbstractEpollChannel$AbstractEpollUnsafe.epollOutReady(AbstractEpollChannel.java:567)
	at org.apache.ratis.thirdparty.io.netty.channel.epoll.EpollEventLoop.processReady(EpollEventLoop.java:499)
	at org.apache.ratis.thirdparty.io.netty.channel.epoll.EpollEventLoop.run(EpollEventLoop.java:407)
	at org.apache.ratis.thirdparty.io.netty.util.concurrent.SingleThreadEventExecutor$4.run(SingleThreadEventExecutor.java:997)
	at org.apache.ratis.thirdparty.io.netty.util.internal.ThreadExecutorMap$2.run(ThreadExecutorMap.java:74)
	at org.apache.ratis.thirdparty.io.netty.util.concurrent.FastThreadLocalRunnable.run(FastThreadLocalRunnable.java:30)
	at java.base/java.lang.Thread.run(Thread.java:829)
2023-11-20 19:26:40,351 [grpc-default-executor-0] ERROR impl.OrderedAsync (OrderedAsync.java:lambda$sendRequest$9(247)) - client-E9C94F68C118: Failed* RaftClientRequest:client-E9C94F68C118->s0@group-F61A228DBE4A, cid=6, seq=1*, Watch(0), null
java.util.concurrent.CompletionException: java.io.IOException: org.apache.ratis.thirdparty.io.grpc.StatusRuntimeException: UNAVAILABLE: io exception
	at java.base/java.util.concurrent.CompletableFuture.encodeThrowable(CompletableFuture.java:331)
	at java.base/java.util.concurrent.CompletableFuture.completeThrowable(CompletableFuture.java:346)
	at java.base/java.util.concurrent.CompletableFuture$UniApply.tryFire(CompletableFuture.java:632)
	at java.base/java.util.concurrent.CompletableFuture.postComplete(CompletableFuture.java:506)
	at java.base/java.util.concurrent.CompletableFuture.completeExceptionally(CompletableFuture.java:2094)
	at org.apache.ratis.grpc.client.GrpcClientProtocolClient$AsyncStreamObservers.completeReplyExceptionally(GrpcClientProtocolClient.java:394)
	at org.apache.ratis.grpc.client.GrpcClientProtocolClient$AsyncStreamObservers.access$000(GrpcClientProtocolClient.java:300)
	at org.apache.ratis.grpc.client.GrpcClientProtocolClient$AsyncStreamObservers$1.onError(GrpcClientProtocolClient.java:331)
	at org.apache.ratis.thirdparty.io.grpc.stub.ClientCalls$StreamObserverToCallListenerAdapter.onClose(ClientCalls.java:481)
	at org.apache.ratis.thirdparty.io.grpc.PartialForwardingClientCallListener.onClose(PartialForwardingClientCallListener.java:39)
	at org.apache.ratis.thirdparty.io.grpc.ForwardingClientCallListener.onClose(ForwardingClientCallListener.java:23)
	at org.apache.ratis.grpc.metrics.intercept.client.MetricClientCallListener.onClose(MetricClientCallListener.java:47)
	at org.apache.ratis.thirdparty.io.grpc.internal.DelayedClientCall$DelayedListener$3.run(DelayedClientCall.java:489)
	at org.apache.ratis.thirdparty.io.grpc.internal.DelayedClientCall$DelayedListener.delayOrExecute(DelayedClientCall.java:453)
	at org.apache.ratis.thirdparty.io.grpc.internal.DelayedClientCall$DelayedListener.onClose(DelayedClientCall.java:486)
	at org.apache.ratis.thirdparty.io.grpc.internal.ClientCallImpl.closeObserver(ClientCallImpl.java:567)
	at org.apache.ratis.thirdparty.io.grpc.internal.ClientCallImpl.access$300(ClientCallImpl.java:71)
	at org.apache.ratis.thirdparty.io.grpc.internal.ClientCallImpl$ClientStreamListenerImpl$1StreamClosed.runInternal(ClientCallImpl.java:735)
	at org.apache.ratis.thirdparty.io.grpc.internal.ClientCallImpl$ClientStreamListenerImpl$1StreamClosed.runInContext(ClientCallImpl.java:716)
	at org.apache.ratis.thirdparty.io.grpc.internal.ContextRunnable.run(ContextRunnable.java:37)
	at org.apache.ratis.thirdparty.io.grpc.internal.SerializingExecutor.run(SerializingExecutor.java:133)
	at java.base/java.util.concurrent.ThreadPoolExecutor.runWorker(ThreadPoolExecutor.java:1128)
	at java.base/java.util.concurrent.ThreadPoolExecutor$Worker.run(ThreadPoolExecutor.java:628)
	at java.base/java.lang.Thread.run(Thread.java:829)
Caused by: java.io.IOException: org.apache.ratis.thirdparty.io.grpc.StatusRuntimeException: UNAVAILABLE: io exception
	at org.apache.ratis.grpc.GrpcUtil.unwrapException(GrpcUtil.java:99)
	at org.apache.ratis.grpc.GrpcUtil.unwrapIOException(GrpcUtil.java:159)
	at org.apache.ratis.grpc.client.GrpcClientProtocolClient$AsyncStreamObservers$1.onError(GrpcClientProtocolClient.java:330)
	... 16 more
Caused by: org.apache.ratis.thirdparty.io.grpc.StatusRuntimeException: UNAVAILABLE: io exception
	at org.apache.ratis.thirdparty.io.grpc.Status.asRuntimeException(Status.java:537)
	... 16 more
Caused by: org.apache.ratis.thirdparty.io.netty.channel.AbstractChannel$AnnotatedConnectException: finishConnect(..) failed: Connection refused: localhost/127.0.0.1:37411
Caused by: java.net.ConnectException: finishConnect(..) failed: Connection refused
	at org.apache.ratis.thirdparty.io.netty.channel.unix.Errors.newConnectException0(Errors.java:166)
	at org.apache.ratis.thirdparty.io.netty.channel.unix.Errors.handleConnectErrno(Errors.java:131)
	at org.apache.ratis.thirdparty.io.netty.channel.unix.Socket.finishConnect(Socket.java:359)
	at org.apache.ratis.thirdparty.io.netty.channel.epoll.AbstractEpollChannel$AbstractEpollUnsafe.doFinishConnect(AbstractEpollChannel.java:710)
	at org.apache.ratis.thirdparty.io.netty.channel.epoll.AbstractEpollChannel$AbstractEpollUnsafe.finishConnect(AbstractEpollChannel.java:687)
	at org.apache.ratis.thirdparty.io.netty.channel.epoll.AbstractEpollChannel$AbstractEpollUnsafe.epollOutReady(AbstractEpollChannel.java:567)
	at org.apache.ratis.thirdparty.io.netty.channel.epoll.EpollEventLoop.processReady(EpollEventLoop.java:499)
	at org.apache.ratis.thirdparty.io.netty.channel.epoll.EpollEventLoop.run(EpollEventLoop.java:407)
	at org.apache.ratis.thirdparty.io.netty.util.concurrent.SingleThreadEventExecutor$4.run(SingleThreadEventExecutor.java:997)
	at org.apache.ratis.thirdparty.io.netty.util.internal.ThreadExecutorMap$2.run(ThreadExecutorMap.java:74)
	at org.apache.ratis.thirdparty.io.netty.util.concurrent.FastThreadLocalRunnable.run(FastThreadLocalRunnable.java:30)
	at java.base/java.lang.Thread.run(Thread.java:829)
2023-11-20 19:26:40,456 [grpc-default-executor-0] ERROR impl.OrderedAsync (OrderedAsync.java:lambda$sendRequest$9(247)) - client-E9C94F68C118: Failed* RaftClientRequest:client-E9C94F68C118->s1@group-F61A228DBE4A, cid=6, seq=1*, Watch(0), null
java.util.concurrent.CompletionException: java.io.IOException: org.apache.ratis.thirdparty.io.grpc.StatusRuntimeException: UNAVAILABLE: io exception
	at java.base/java.util.concurrent.CompletableFuture.encodeThrowable(CompletableFuture.java:331)
	at java.base/java.util.concurrent.CompletableFuture.completeThrowable(CompletableFuture.java:346)
	at java.base/java.util.concurrent.CompletableFuture$UniApply.tryFire(CompletableFuture.java:632)
	at java.base/java.util.concurrent.CompletableFuture.postComplete(CompletableFuture.java:506)
	at java.base/java.util.concurrent.CompletableFuture.completeExceptionally(CompletableFuture.java:2094)
	at org.apache.ratis.grpc.client.GrpcClientProtocolClient$AsyncStreamObservers.completeReplyExceptionally(GrpcClientProtocolClient.java:394)
	at org.apache.ratis.grpc.client.GrpcClientProtocolClient$AsyncStreamObservers.access$000(GrpcClientProtocolClient.java:300)
	at org.apache.ratis.grpc.client.GrpcClientProtocolClient$AsyncStreamObservers$1.onError(GrpcClientProtocolClient.java:331)
	at org.apache.ratis.thirdparty.io.grpc.stub.ClientCalls$StreamObserverToCallListenerAdapter.onClose(ClientCalls.java:481)
	at org.apache.ratis.thirdparty.io.grpc.PartialForwardingClientCallListener.onClose(PartialForwardingClientCallListener.java:39)
	at org.apache.ratis.thirdparty.io.grpc.ForwardingClientCallListener.onClose(ForwardingClientCallListener.java:23)
	at org.apache.ratis.grpc.metrics.intercept.client.MetricClientCallListener.onClose(MetricClientCallListener.java:47)
	at org.apache.ratis.thirdparty.io.grpc.internal.DelayedClientCall$DelayedListener$3.run(DelayedClientCall.java:489)
	at org.apache.ratis.thirdparty.io.grpc.internal.DelayedClientCall$DelayedListener.delayOrExecute(DelayedClientCall.java:453)
	at org.apache.ratis.thirdparty.io.grpc.internal.DelayedClientCall$DelayedListener.onClose(DelayedClientCall.java:486)
	at org.apache.ratis.thirdparty.io.grpc.internal.ClientCallImpl.closeObserver(ClientCallImpl.java:567)
	at org.apache.ratis.thirdparty.io.grpc.internal.ClientCallImpl.access$300(ClientCallImpl.java:71)
	at org.apache.ratis.thirdparty.io.grpc.internal.ClientCallImpl$ClientStreamListenerImpl$1StreamClosed.runInternal(ClientCallImpl.java:735)
	at org.apache.ratis.thirdparty.io.grpc.internal.ClientCallImpl$ClientStreamListenerImpl$1StreamClosed.runInContext(ClientCallImpl.java:716)
	at org.apache.ratis.thirdparty.io.grpc.internal.ContextRunnable.run(ContextRunnable.java:37)
	at org.apache.ratis.thirdparty.io.grpc.internal.SerializingExecutor.run(SerializingExecutor.java:133)
	at java.base/java.util.concurrent.ThreadPoolExecutor.runWorker(ThreadPoolExecutor.java:1128)
	at java.base/java.util.concurrent.ThreadPoolExecutor$Worker.run(ThreadPoolExecutor.java:628)
	at java.base/java.lang.Thread.run(Thread.java:829)
Caused by: java.io.IOException: org.apache.ratis.thirdparty.io.grpc.StatusRuntimeException: UNAVAILABLE: io exception
	at org.apache.ratis.grpc.GrpcUtil.unwrapException(GrpcUtil.java:99)
	at org.apache.ratis.grpc.GrpcUtil.unwrapIOException(GrpcUtil.java:159)
	at org.apache.ratis.grpc.client.GrpcClientProtocolClient$AsyncStreamObservers$1.onError(GrpcClientProtocolClient.java:330)
	... 16 more
Caused by: org.apache.ratis.thirdparty.io.grpc.StatusRuntimeException: UNAVAILABLE: io exception
	at org.apache.ratis.thirdparty.io.grpc.Status.asRuntimeException(Status.java:537)
	... 16 more
Caused by: org.apache.ratis.thirdparty.io.netty.channel.AbstractChannel$AnnotatedConnectException: finishConnect(..) failed: Connection refused: localhost/127.0.0.1:46099
Caused by: java.net.ConnectException: finishConnect(..) failed: Connection refused
	at org.apache.ratis.thirdparty.io.netty.channel.unix.Errors.newConnectException0(Errors.java:166)
	at org.apache.ratis.thirdparty.io.netty.channel.unix.Errors.handleConnectErrno(Errors.java:131)
	at org.apache.ratis.thirdparty.io.netty.channel.unix.Socket.finishConnect(Socket.java:359)
	at org.apache.ratis.thirdparty.io.netty.channel.epoll.AbstractEpollChannel$AbstractEpollUnsafe.doFinishConnect(AbstractEpollChannel.java:710)
	at org.apache.ratis.thirdparty.io.netty.channel.epoll.AbstractEpollChannel$AbstractEpollUnsafe.finishConnect(AbstractEpollChannel.java:687)
	at org.apache.ratis.thirdparty.io.netty.channel.epoll.AbstractEpollChannel$AbstractEpollUnsafe.epollOutReady(AbstractEpollChannel.java:567)
	at org.apache.ratis.thirdparty.io.netty.channel.epoll.EpollEventLoop.processReady(EpollEventLoop.java:499)
	at org.apache.ratis.thirdparty.io.netty.channel.epoll.EpollEventLoop.run(EpollEventLoop.java:407)
	at org.apache.ratis.thirdparty.io.netty.util.concurrent.SingleThreadEventExecutor$4.run(SingleThreadEventExecutor.java:997)
	at org.apache.ratis.thirdparty.io.netty.util.internal.ThreadExecutorMap$2.run(ThreadExecutorMap.java:74)
	at org.apache.ratis.thirdparty.io.netty.util.concurrent.FastThreadLocalRunnable.run(FastThreadLocalRunnable.java:30)
	at java.base/java.lang.Thread.run(Thread.java:829)
2023-11-20 19:26:40,560 [grpc-default-executor-3] ERROR impl.OrderedAsync (OrderedAsync.java:lambda$sendRequest$9(247)) - client-E9C94F68C118: Failed* RaftClientRequest:client-E9C94F68C118->s2@group-F61A228DBE4A, cid=6, seq=1*, Watch(0), null
java.util.concurrent.CompletionException: java.io.IOException: org.apache.ratis.thirdparty.io.grpc.StatusRuntimeException: UNAVAILABLE: io exception
	at java.base/java.util.concurrent.CompletableFuture.encodeThrowable(CompletableFuture.java:331)
	at java.base/java.util.concurrent.CompletableFuture.completeThrowable(CompletableFuture.java:346)
	at java.base/java.util.concurrent.CompletableFuture$UniApply.tryFire(CompletableFuture.java:632)
	at java.base/java.util.concurrent.CompletableFuture.postComplete(CompletableFuture.java:506)
	at java.base/java.util.concurrent.CompletableFuture.completeExceptionally(CompletableFuture.java:2094)
	at org.apache.ratis.grpc.client.GrpcClientProtocolClient$AsyncStreamObservers.completeReplyExceptionally(GrpcClientProtocolClient.java:394)
	at org.apache.ratis.grpc.client.GrpcClientProtocolClient$AsyncStreamObservers.access$000(GrpcClientProtocolClient.java:300)
	at org.apache.ratis.grpc.client.GrpcClientProtocolClient$AsyncStreamObservers$1.onError(GrpcClientProtocolClient.java:331)
	at org.apache.ratis.thirdparty.io.grpc.stub.ClientCalls$StreamObserverToCallListenerAdapter.onClose(ClientCalls.java:481)
	at org.apache.ratis.thirdparty.io.grpc.PartialForwardingClientCallListener.onClose(PartialForwardingClientCallListener.java:39)
	at org.apache.ratis.thirdparty.io.grpc.ForwardingClientCallListener.onClose(ForwardingClientCallListener.java:23)
	at org.apache.ratis.grpc.metrics.intercept.client.MetricClientCallListener.onClose(MetricClientCallListener.java:47)
	at org.apache.ratis.thirdparty.io.grpc.internal.DelayedClientCall$DelayedListener$3.run(DelayedClientCall.java:489)
	at org.apache.ratis.thirdparty.io.grpc.internal.DelayedClientCall$DelayedListener.delayOrExecute(DelayedClientCall.java:453)
	at org.apache.ratis.thirdparty.io.grpc.internal.DelayedClientCall$DelayedListener.onClose(DelayedClientCall.java:486)
	at org.apache.ratis.thirdparty.io.grpc.internal.ClientCallImpl.closeObserver(ClientCallImpl.java:567)
	at org.apache.ratis.thirdparty.io.grpc.internal.ClientCallImpl.access$300(ClientCallImpl.java:71)
	at org.apache.ratis.thirdparty.io.grpc.internal.ClientCallImpl$ClientStreamListenerImpl$1StreamClosed.runInternal(ClientCallImpl.java:735)
	at org.apache.ratis.thirdparty.io.grpc.internal.ClientCallImpl$ClientStreamListenerImpl$1StreamClosed.runInContext(ClientCallImpl.java:716)
	at org.apache.ratis.thirdparty.io.grpc.internal.ContextRunnable.run(ContextRunnable.java:37)
	at org.apache.ratis.thirdparty.io.grpc.internal.SerializingExecutor.run(SerializingExecutor.java:133)
	at java.base/java.util.concurrent.ThreadPoolExecutor.runWorker(ThreadPoolExecutor.java:1128)
	at java.base/java.util.concurrent.ThreadPoolExecutor$Worker.run(ThreadPoolExecutor.java:628)
	at java.base/java.lang.Thread.run(Thread.java:829)
Caused by: java.io.IOException: org.apache.ratis.thirdparty.io.grpc.StatusRuntimeException: UNAVAILABLE: io exception
	at org.apache.ratis.grpc.GrpcUtil.unwrapException(GrpcUtil.java:99)
	at org.apache.ratis.grpc.GrpcUtil.unwrapIOException(GrpcUtil.java:159)
	at org.apache.ratis.grpc.client.GrpcClientProtocolClient$AsyncStreamObservers$1.onError(GrpcClientProtocolClient.java:330)
	... 16 more
Caused by: org.apache.ratis.thirdparty.io.grpc.StatusRuntimeException: UNAVAILABLE: io exception
	at org.apache.ratis.thirdparty.io.grpc.Status.asRuntimeException(Status.java:537)
	... 16 more
Caused by: org.apache.ratis.thirdparty.io.netty.channel.AbstractChannel$AnnotatedConnectException: finishConnect(..) failed: Connection refused: localhost/127.0.0.1:43097
Caused by: java.net.ConnectException: finishConnect(..) failed: Connection refused
	at org.apache.ratis.thirdparty.io.netty.channel.unix.Errors.newConnectException0(Errors.java:166)
	at org.apache.ratis.thirdparty.io.netty.channel.unix.Errors.handleConnectErrno(Errors.java:131)
	at org.apache.ratis.thirdparty.io.netty.channel.unix.Socket.finishConnect(Socket.java:359)
	at org.apache.ratis.thirdparty.io.netty.channel.epoll.AbstractEpollChannel$AbstractEpollUnsafe.doFinishConnect(AbstractEpollChannel.java:710)
	at org.apache.ratis.thirdparty.io.netty.channel.epoll.AbstractEpollChannel$AbstractEpollUnsafe.finishConnect(AbstractEpollChannel.java:687)
	at org.apache.ratis.thirdparty.io.netty.channel.epoll.AbstractEpollChannel$AbstractEpollUnsafe.epollOutReady(AbstractEpollChannel.java:567)
	at org.apache.ratis.thirdparty.io.netty.channel.epoll.EpollEventLoop.processReady(EpollEventLoop.java:499)
	at org.apache.ratis.thirdparty.io.netty.channel.epoll.EpollEventLoop.run(EpollEventLoop.java:407)
	at org.apache.ratis.thirdparty.io.netty.util.concurrent.SingleThreadEventExecutor$4.run(SingleThreadEventExecutor.java:997)
	at org.apache.ratis.thirdparty.io.netty.util.internal.ThreadExecutorMap$2.run(ThreadExecutorMap.java:74)
	at org.apache.ratis.thirdparty.io.netty.util.concurrent.FastThreadLocalRunnable.run(FastThreadLocalRunnable.java:30)
	at java.base/java.lang.Thread.run(Thread.java:829)
2023-11-20 19:26:40,664 [grpc-default-executor-4] ERROR impl.OrderedAsync (OrderedAsync.java:lambda$sendRequest$9(247)) - client-E9C94F68C118: Failed* RaftClientRequest:client-E9C94F68C118->s1@group-F61A228DBE4A, cid=6, seq=1*, Watch(0), null
java.util.concurrent.CompletionException: java.io.IOException: org.apache.ratis.thirdparty.io.grpc.StatusRuntimeException: UNAVAILABLE: io exception
	at java.base/java.util.concurrent.CompletableFuture.encodeThrowable(CompletableFuture.java:331)
	at java.base/java.util.concurrent.CompletableFuture.completeThrowable(CompletableFuture.java:346)
	at java.base/java.util.concurrent.CompletableFuture$UniApply.tryFire(CompletableFuture.java:632)
	at java.base/java.util.concurrent.CompletableFuture.postComplete(CompletableFuture.java:506)
	at java.base/java.util.concurrent.CompletableFuture.completeExceptionally(CompletableFuture.java:2094)
	at org.apache.ratis.grpc.client.GrpcClientProtocolClient$AsyncStreamObservers.completeReplyExceptionally(GrpcClientProtocolClient.java:394)
	at org.apache.ratis.grpc.client.GrpcClientProtocolClient$AsyncStreamObservers.access$000(GrpcClientProtocolClient.java:300)
	at org.apache.ratis.grpc.client.GrpcClientProtocolClient$AsyncStreamObservers$1.onError(GrpcClientProtocolClient.java:331)
	at org.apache.ratis.thirdparty.io.grpc.stub.ClientCalls$StreamObserverToCallListenerAdapter.onClose(ClientCalls.java:481)
	at org.apache.ratis.thirdparty.io.grpc.PartialForwardingClientCallListener.onClose(PartialForwardingClientCallListener.java:39)
	at org.apache.ratis.thirdparty.io.grpc.ForwardingClientCallListener.onClose(ForwardingClientCallListener.java:23)
	at org.apache.ratis.grpc.metrics.intercept.client.MetricClientCallListener.onClose(MetricClientCallListener.java:47)
	at org.apache.ratis.thirdparty.io.grpc.internal.DelayedClientCall$DelayedListener$3.run(DelayedClientCall.java:489)
	at org.apache.ratis.thirdparty.io.grpc.internal.DelayedClientCall$DelayedListener.delayOrExecute(DelayedClientCall.java:453)
	at org.apache.ratis.thirdparty.io.grpc.internal.DelayedClientCall$DelayedListener.onClose(DelayedClientCall.java:486)
	at org.apache.ratis.thirdparty.io.grpc.internal.ClientCallImpl.closeObserver(ClientCallImpl.java:567)
	at org.apache.ratis.thirdparty.io.grpc.internal.ClientCallImpl.access$300(ClientCallImpl.java:71)
	at org.apache.ratis.thirdparty.io.grpc.internal.ClientCallImpl$ClientStreamListenerImpl$1StreamClosed.runInternal(ClientCallImpl.java:735)
	at org.apache.ratis.thirdparty.io.grpc.internal.ClientCallImpl$ClientStreamListenerImpl$1StreamClosed.runInContext(ClientCallImpl.java:716)
	at org.apache.ratis.thirdparty.io.grpc.internal.ContextRunnable.run(ContextRunnable.java:37)
	at org.apache.ratis.thirdparty.io.grpc.internal.SerializingExecutor.run(SerializingExecutor.java:133)
	at java.base/java.util.concurrent.ThreadPoolExecutor.runWorker(ThreadPoolExecutor.java:1128)
	at java.base/java.util.concurrent.ThreadPoolExecutor$Worker.run(ThreadPoolExecutor.java:628)
	at java.base/java.lang.Thread.run(Thread.java:829)
Caused by: java.io.IOException: org.apache.ratis.thirdparty.io.grpc.StatusRuntimeException: UNAVAILABLE: io exception
	at org.apache.ratis.grpc.GrpcUtil.unwrapException(GrpcUtil.java:99)
	at org.apache.ratis.grpc.GrpcUtil.unwrapIOException(GrpcUtil.java:159)
	at org.apache.ratis.grpc.client.GrpcClientProtocolClient$AsyncStreamObservers$1.onError(GrpcClientProtocolClient.java:330)
	... 16 more
Caused by: org.apache.ratis.thirdparty.io.grpc.StatusRuntimeException: UNAVAILABLE: io exception
	at org.apache.ratis.thirdparty.io.grpc.Status.asRuntimeException(Status.java:537)
	... 16 more
Caused by: org.apache.ratis.thirdparty.io.netty.channel.AbstractChannel$AnnotatedConnectException: finishConnect(..) failed: Connection refused: localhost/127.0.0.1:46099
Caused by: java.net.ConnectException: finishConnect(..) failed: Connection refused
	at org.apache.ratis.thirdparty.io.netty.channel.unix.Errors.newConnectException0(Errors.java:166)
	at org.apache.ratis.thirdparty.io.netty.channel.unix.Errors.handleConnectErrno(Errors.java:131)
	at org.apache.ratis.thirdparty.io.netty.channel.unix.Socket.finishConnect(Socket.java:359)
	at org.apache.ratis.thirdparty.io.netty.channel.epoll.AbstractEpollChannel$AbstractEpollUnsafe.doFinishConnect(AbstractEpollChannel.java:710)
	at org.apache.ratis.thirdparty.io.netty.channel.epoll.AbstractEpollChannel$AbstractEpollUnsafe.finishConnect(AbstractEpollChannel.java:687)
	at org.apache.ratis.thirdparty.io.netty.channel.epoll.AbstractEpollChannel$AbstractEpollUnsafe.epollOutReady(AbstractEpollChannel.java:567)
	at org.apache.ratis.thirdparty.io.netty.channel.epoll.EpollEventLoop.processReady(EpollEventLoop.java:499)
	at org.apache.ratis.thirdparty.io.netty.channel.epoll.EpollEventLoop.run(EpollEventLoop.java:407)
	at org.apache.ratis.thirdparty.io.netty.util.concurrent.SingleThreadEventExecutor$4.run(SingleThreadEventExecutor.java:997)
	at org.apache.ratis.thirdparty.io.netty.util.internal.ThreadExecutorMap$2.run(ThreadExecutorMap.java:74)
	at org.apache.ratis.thirdparty.io.netty.util.concurrent.FastThreadLocalRunnable.run(FastThreadLocalRunnable.java:30)
	at java.base/java.lang.Thread.run(Thread.java:829)
2023-11-20 19:26:40,769 [grpc-default-executor-4] ERROR impl.OrderedAsync (OrderedAsync.java:lambda$sendRequest$9(247)) - client-E9C94F68C118: Failed* RaftClientRequest:client-E9C94F68C118->s2@group-F61A228DBE4A, cid=6, seq=1*, Watch(0), null
java.util.concurrent.CompletionException: java.io.IOException: org.apache.ratis.thirdparty.io.grpc.StatusRuntimeException: UNAVAILABLE: io exception
	at java.base/java.util.concurrent.CompletableFuture.encodeThrowable(CompletableFuture.java:331)
	at java.base/java.util.concurrent.CompletableFuture.completeThrowable(CompletableFuture.java:346)
	at java.base/java.util.concurrent.CompletableFuture$UniApply.tryFire(CompletableFuture.java:632)
	at java.base/java.util.concurrent.CompletableFuture.postComplete(CompletableFuture.java:506)
	at java.base/java.util.concurrent.CompletableFuture.completeExceptionally(CompletableFuture.java:2094)
	at org.apache.ratis.grpc.client.GrpcClientProtocolClient$AsyncStreamObservers.completeReplyExceptionally(GrpcClientProtocolClient.java:394)
	at org.apache.ratis.grpc.client.GrpcClientProtocolClient$AsyncStreamObservers.access$000(GrpcClientProtocolClient.java:300)
	at org.apache.ratis.grpc.client.GrpcClientProtocolClient$AsyncStreamObservers$1.onError(GrpcClientProtocolClient.java:331)
	at org.apache.ratis.thirdparty.io.grpc.stub.ClientCalls$StreamObserverToCallListenerAdapter.onClose(ClientCalls.java:481)
	at org.apache.ratis.thirdparty.io.grpc.PartialForwardingClientCallListener.onClose(PartialForwardingClientCallListener.java:39)
	at org.apache.ratis.thirdparty.io.grpc.ForwardingClientCallListener.onClose(ForwardingClientCallListener.java:23)
	at org.apache.ratis.grpc.metrics.intercept.client.MetricClientCallListener.onClose(MetricClientCallListener.java:47)
	at org.apache.ratis.thirdparty.io.grpc.internal.DelayedClientCall$DelayedListener$3.run(DelayedClientCall.java:489)
	at org.apache.ratis.thirdparty.io.grpc.internal.DelayedClientCall$DelayedListener.delayOrExecute(DelayedClientCall.java:453)
	at org.apache.ratis.thirdparty.io.grpc.internal.DelayedClientCall$DelayedListener.onClose(DelayedClientCall.java:486)
	at org.apache.ratis.thirdparty.io.grpc.internal.ClientCallImpl.closeObserver(ClientCallImpl.java:567)
	at org.apache.ratis.thirdparty.io.grpc.internal.ClientCallImpl.access$300(ClientCallImpl.java:71)
	at org.apache.ratis.thirdparty.io.grpc.internal.ClientCallImpl$ClientStreamListenerImpl$1StreamClosed.runInternal(ClientCallImpl.java:735)
	at org.apache.ratis.thirdparty.io.grpc.internal.ClientCallImpl$ClientStreamListenerImpl$1StreamClosed.runInContext(ClientCallImpl.java:716)
	at org.apache.ratis.thirdparty.io.grpc.internal.ContextRunnable.run(ContextRunnable.java:37)
	at org.apache.ratis.thirdparty.io.grpc.internal.SerializingExecutor.run(SerializingExecutor.java:133)
	at java.base/java.util.concurrent.ThreadPoolExecutor.runWorker(ThreadPoolExecutor.java:1128)
	at java.base/java.util.concurrent.ThreadPoolExecutor$Worker.run(ThreadPoolExecutor.java:628)
	at java.base/java.lang.Thread.run(Thread.java:829)
Caused by: java.io.IOException: org.apache.ratis.thirdparty.io.grpc.StatusRuntimeException: UNAVAILABLE: io exception
	at org.apache.ratis.grpc.GrpcUtil.unwrapException(GrpcUtil.java:99)
	at org.apache.ratis.grpc.GrpcUtil.unwrapIOException(GrpcUtil.java:159)
	at org.apache.ratis.grpc.client.GrpcClientProtocolClient$AsyncStreamObservers$1.onError(GrpcClientProtocolClient.java:330)
	... 16 more
Caused by: org.apache.ratis.thirdparty.io.grpc.StatusRuntimeException: UNAVAILABLE: io exception
	at org.apache.ratis.thirdparty.io.grpc.Status.asRuntimeException(Status.java:537)
	... 16 more
Caused by: org.apache.ratis.thirdparty.io.netty.channel.AbstractChannel$AnnotatedConnectException: finishConnect(..) failed: Connection refused: localhost/127.0.0.1:43097
Caused by: java.net.ConnectException: finishConnect(..) failed: Connection refused
	at org.apache.ratis.thirdparty.io.netty.channel.unix.Errors.newConnectException0(Errors.java:166)
	at org.apache.ratis.thirdparty.io.netty.channel.unix.Errors.handleConnectErrno(Errors.java:131)
	at org.apache.ratis.thirdparty.io.netty.channel.unix.Socket.finishConnect(Socket.java:359)
	at org.apache.ratis.thirdparty.io.netty.channel.epoll.AbstractEpollChannel$AbstractEpollUnsafe.doFinishConnect(AbstractEpollChannel.java:710)
	at org.apache.ratis.thirdparty.io.netty.channel.epoll.AbstractEpollChannel$AbstractEpollUnsafe.finishConnect(AbstractEpollChannel.java:687)
	at org.apache.ratis.thirdparty.io.netty.channel.epoll.AbstractEpollChannel$AbstractEpollUnsafe.epollOutReady(AbstractEpollChannel.java:567)
	at org.apache.ratis.thirdparty.io.netty.channel.epoll.EpollEventLoop.processReady(EpollEventLoop.java:499)
	at org.apache.ratis.thirdparty.io.netty.channel.epoll.EpollEventLoop.run(EpollEventLoop.java:407)
	at org.apache.ratis.thirdparty.io.netty.util.concurrent.SingleThreadEventExecutor$4.run(SingleThreadEventExecutor.java:997)
	at org.apache.ratis.thirdparty.io.netty.util.internal.ThreadExecutorMap$2.run(ThreadExecutorMap.java:74)
	at org.apache.ratis.thirdparty.io.netty.util.concurrent.FastThreadLocalRunnable.run(FastThreadLocalRunnable.java:30)
	at java.base/java.lang.Thread.run(Thread.java:829)
2023-11-20 19:26:40,873 [grpc-default-executor-2] ERROR impl.OrderedAsync (OrderedAsync.java:lambda$sendRequest$9(247)) - client-E9C94F68C118: Failed* RaftClientRequest:client-E9C94F68C118->s0@group-F61A228DBE4A, cid=6, seq=1*, Watch(0), null
java.util.concurrent.CompletionException: java.io.IOException: org.apache.ratis.thirdparty.io.grpc.StatusRuntimeException: UNAVAILABLE: io exception
	at java.base/java.util.concurrent.CompletableFuture.encodeThrowable(CompletableFuture.java:331)
	at java.base/java.util.concurrent.CompletableFuture.completeThrowable(CompletableFuture.java:346)
	at java.base/java.util.concurrent.CompletableFuture$UniApply.tryFire(CompletableFuture.java:632)
	at java.base/java.util.concurrent.CompletableFuture.postComplete(CompletableFuture.java:506)
	at java.base/java.util.concurrent.CompletableFuture.completeExceptionally(CompletableFuture.java:2094)
	at org.apache.ratis.grpc.client.GrpcClientProtocolClient$AsyncStreamObservers.completeReplyExceptionally(GrpcClientProtocolClient.java:394)
	at org.apache.ratis.grpc.client.GrpcClientProtocolClient$AsyncStreamObservers.access$000(GrpcClientProtocolClient.java:300)
	at org.apache.ratis.grpc.client.GrpcClientProtocolClient$AsyncStreamObservers$1.onError(GrpcClientProtocolClient.java:331)
	at org.apache.ratis.thirdparty.io.grpc.stub.ClientCalls$StreamObserverToCallListenerAdapter.onClose(ClientCalls.java:481)
	at org.apache.ratis.thirdparty.io.grpc.PartialForwardingClientCallListener.onClose(PartialForwardingClientCallListener.java:39)
	at org.apache.ratis.thirdparty.io.grpc.ForwardingClientCallListener.onClose(ForwardingClientCallListener.java:23)
	at org.apache.ratis.grpc.metrics.intercept.client.MetricClientCallListener.onClose(MetricClientCallListener.java:47)
	at org.apache.ratis.thirdparty.io.grpc.internal.DelayedClientCall$DelayedListener$3.run(DelayedClientCall.java:489)
	at org.apache.ratis.thirdparty.io.grpc.internal.DelayedClientCall$DelayedListener.delayOrExecute(DelayedClientCall.java:453)
	at org.apache.ratis.thirdparty.io.grpc.internal.DelayedClientCall$DelayedListener.onClose(DelayedClientCall.java:486)
	at org.apache.ratis.thirdparty.io.grpc.internal.ClientCallImpl.closeObserver(ClientCallImpl.java:567)
	at org.apache.ratis.thirdparty.io.grpc.internal.ClientCallImpl.access$300(ClientCallImpl.java:71)
	at org.apache.ratis.thirdparty.io.grpc.internal.ClientCallImpl$ClientStreamListenerImpl$1StreamClosed.runInternal(ClientCallImpl.java:735)
	at org.apache.ratis.thirdparty.io.grpc.internal.ClientCallImpl$ClientStreamListenerImpl$1StreamClosed.runInContext(ClientCallImpl.java:716)
	at org.apache.ratis.thirdparty.io.grpc.internal.ContextRunnable.run(ContextRunnable.java:37)
	at org.apache.ratis.thirdparty.io.grpc.internal.SerializingExecutor.run(SerializingExecutor.java:133)
	at java.base/java.util.concurrent.ThreadPoolExecutor.runWorker(ThreadPoolExecutor.java:1128)
	at java.base/java.util.concurrent.ThreadPoolExecutor$Worker.run(ThreadPoolExecutor.java:628)
	at java.base/java.lang.Thread.run(Thread.java:829)
Caused by: java.io.IOException: org.apache.ratis.thirdparty.io.grpc.StatusRuntimeException: UNAVAILABLE: io exception
	at org.apache.ratis.grpc.GrpcUtil.unwrapException(GrpcUtil.java:99)
	at org.apache.ratis.grpc.GrpcUtil.unwrapIOException(GrpcUtil.java:159)
	at org.apache.ratis.grpc.client.GrpcClientProtocolClient$AsyncStreamObservers$1.onError(GrpcClientProtocolClient.java:330)
	... 16 more
Caused by: org.apache.ratis.thirdparty.io.grpc.StatusRuntimeException: UNAVAILABLE: io exception
	at org.apache.ratis.thirdparty.io.grpc.Status.asRuntimeException(Status.java:537)
	... 16 more
Caused by: org.apache.ratis.thirdparty.io.netty.channel.AbstractChannel$AnnotatedConnectException: finishConnect(..) failed: Connection refused: localhost/127.0.0.1:37411
Caused by: java.net.ConnectException: finishConnect(..) failed: Connection refused
	at org.apache.ratis.thirdparty.io.netty.channel.unix.Errors.newConnectException0(Errors.java:166)
	at org.apache.ratis.thirdparty.io.netty.channel.unix.Errors.handleConnectErrno(Errors.java:131)
	at org.apache.ratis.thirdparty.io.netty.channel.unix.Socket.finishConnect(Socket.java:359)
	at org.apache.ratis.thirdparty.io.netty.channel.epoll.AbstractEpollChannel$AbstractEpollUnsafe.doFinishConnect(AbstractEpollChannel.java:710)
	at org.apache.ratis.thirdparty.io.netty.channel.epoll.AbstractEpollChannel$AbstractEpollUnsafe.finishConnect(AbstractEpollChannel.java:687)
	at org.apache.ratis.thirdparty.io.netty.channel.epoll.AbstractEpollChannel$AbstractEpollUnsafe.epollOutReady(AbstractEpollChannel.java:567)
	at org.apache.ratis.thirdparty.io.netty.channel.epoll.EpollEventLoop.processReady(EpollEventLoop.java:499)
	at org.apache.ratis.thirdparty.io.netty.channel.epoll.EpollEventLoop.run(EpollEventLoop.java:407)
	at org.apache.ratis.thirdparty.io.netty.util.concurrent.SingleThreadEventExecutor$4.run(SingleThreadEventExecutor.java:997)
	at org.apache.ratis.thirdparty.io.netty.util.internal.ThreadExecutorMap$2.run(ThreadExecutorMap.java:74)
	at org.apache.ratis.thirdparty.io.netty.util.concurrent.FastThreadLocalRunnable.run(FastThreadLocalRunnable.java:30)
	at java.base/java.lang.Thread.run(Thread.java:829)
2023-11-20 19:26:40,979 [grpc-default-executor-4] ERROR impl.OrderedAsync (OrderedAsync.java:lambda$sendRequest$9(247)) - client-E9C94F68C118: Failed* RaftClientRequest:client-E9C94F68C118->s2@group-F61A228DBE4A, cid=6, seq=1*, Watch(0), null
java.util.concurrent.CompletionException: java.io.IOException: org.apache.ratis.thirdparty.io.grpc.StatusRuntimeException: UNAVAILABLE: io exception
	at java.base/java.util.concurrent.CompletableFuture.encodeThrowable(CompletableFuture.java:331)
	at java.base/java.util.concurrent.CompletableFuture.completeThrowable(CompletableFuture.java:346)
	at java.base/java.util.concurrent.CompletableFuture$UniApply.tryFire(CompletableFuture.java:632)
	at java.base/java.util.concurrent.CompletableFuture.postComplete(CompletableFuture.java:506)
	at java.base/java.util.concurrent.CompletableFuture.completeExceptionally(CompletableFuture.java:2094)
	at org.apache.ratis.grpc.client.GrpcClientProtocolClient$AsyncStreamObservers.completeReplyExceptionally(GrpcClientProtocolClient.java:394)
	at org.apache.ratis.grpc.client.GrpcClientProtocolClient$AsyncStreamObservers.access$000(GrpcClientProtocolClient.java:300)
	at org.apache.ratis.grpc.client.GrpcClientProtocolClient$AsyncStreamObservers$1.onError(GrpcClientProtocolClient.java:331)
	at org.apache.ratis.thirdparty.io.grpc.stub.ClientCalls$StreamObserverToCallListenerAdapter.onClose(ClientCalls.java:481)
	at org.apache.ratis.thirdparty.io.grpc.PartialForwardingClientCallListener.onClose(PartialForwardingClientCallListener.java:39)
	at org.apache.ratis.thirdparty.io.grpc.ForwardingClientCallListener.onClose(ForwardingClientCallListener.java:23)
	at org.apache.ratis.grpc.metrics.intercept.client.MetricClientCallListener.onClose(MetricClientCallListener.java:47)
	at org.apache.ratis.thirdparty.io.grpc.internal.DelayedClientCall$DelayedListener$3.run(DelayedClientCall.java:489)
	at org.apache.ratis.thirdparty.io.grpc.internal.DelayedClientCall$DelayedListener.delayOrExecute(DelayedClientCall.java:453)
	at org.apache.ratis.thirdparty.io.grpc.internal.DelayedClientCall$DelayedListener.onClose(DelayedClientCall.java:486)
	at org.apache.ratis.thirdparty.io.grpc.internal.ClientCallImpl.closeObserver(ClientCallImpl.java:567)
	at org.apache.ratis.thirdparty.io.grpc.internal.ClientCallImpl.access$300(ClientCallImpl.java:71)
	at org.apache.ratis.thirdparty.io.grpc.internal.ClientCallImpl$ClientStreamListenerImpl$1StreamClosed.runInternal(ClientCallImpl.java:735)
	at org.apache.ratis.thirdparty.io.grpc.internal.ClientCallImpl$ClientStreamListenerImpl$1StreamClosed.runInContext(ClientCallImpl.java:716)
	at org.apache.ratis.thirdparty.io.grpc.internal.ContextRunnable.run(ContextRunnable.java:37)
	at org.apache.ratis.thirdparty.io.grpc.internal.SerializingExecutor.run(SerializingExecutor.java:133)
	at java.base/java.util.concurrent.ThreadPoolExecutor.runWorker(ThreadPoolExecutor.java:1128)
	at java.base/java.util.concurrent.ThreadPoolExecutor$Worker.run(ThreadPoolExecutor.java:628)
	at java.base/java.lang.Thread.run(Thread.java:829)
Caused by: java.io.IOException: org.apache.ratis.thirdparty.io.grpc.StatusRuntimeException: UNAVAILABLE: io exception
	at org.apache.ratis.grpc.GrpcUtil.unwrapException(GrpcUtil.java:99)
	at org.apache.ratis.grpc.GrpcUtil.unwrapIOException(GrpcUtil.java:159)
	at org.apache.ratis.grpc.client.GrpcClientProtocolClient$AsyncStreamObservers$1.onError(GrpcClientProtocolClient.java:330)
	... 16 more
Caused by: org.apache.ratis.thirdparty.io.grpc.StatusRuntimeException: UNAVAILABLE: io exception
	at org.apache.ratis.thirdparty.io.grpc.Status.asRuntimeException(Status.java:537)
	... 16 more
Caused by: org.apache.ratis.thirdparty.io.netty.channel.AbstractChannel$AnnotatedConnectException: finishConnect(..) failed: Connection refused: localhost/127.0.0.1:43097
Caused by: java.net.ConnectException: finishConnect(..) failed: Connection refused
	at org.apache.ratis.thirdparty.io.netty.channel.unix.Errors.newConnectException0(Errors.java:166)
	at org.apache.ratis.thirdparty.io.netty.channel.unix.Errors.handleConnectErrno(Errors.java:131)
	at org.apache.ratis.thirdparty.io.netty.channel.unix.Socket.finishConnect(Socket.java:359)
	at org.apache.ratis.thirdparty.io.netty.channel.epoll.AbstractEpollChannel$AbstractEpollUnsafe.doFinishConnect(AbstractEpollChannel.java:710)
	at org.apache.ratis.thirdparty.io.netty.channel.epoll.AbstractEpollChannel$AbstractEpollUnsafe.finishConnect(AbstractEpollChannel.java:687)
	at org.apache.ratis.thirdparty.io.netty.channel.epoll.AbstractEpollChannel$AbstractEpollUnsafe.epollOutReady(AbstractEpollChannel.java:567)
	at org.apache.ratis.thirdparty.io.netty.channel.epoll.EpollEventLoop.processReady(EpollEventLoop.java:499)
	at org.apache.ratis.thirdparty.io.netty.channel.epoll.EpollEventLoop.run(EpollEventLoop.java:407)
	at org.apache.ratis.thirdparty.io.netty.util.concurrent.SingleThreadEventExecutor$4.run(SingleThreadEventExecutor.java:997)
	at org.apache.ratis.thirdparty.io.netty.util.internal.ThreadExecutorMap$2.run(ThreadExecutorMap.java:74)
	at org.apache.ratis.thirdparty.io.netty.util.concurrent.FastThreadLocalRunnable.run(FastThreadLocalRunnable.java:30)
	at java.base/java.lang.Thread.run(Thread.java:829)
2023-11-20 19:26:41,084 [grpc-default-executor-4] ERROR impl.OrderedAsync (OrderedAsync.java:lambda$sendRequest$9(247)) - client-E9C94F68C118: Failed* RaftClientRequest:client-E9C94F68C118->s0@group-F61A228DBE4A, cid=6, seq=1*, Watch(0), null
java.util.concurrent.CompletionException: java.io.IOException: org.apache.ratis.thirdparty.io.grpc.StatusRuntimeException: UNAVAILABLE: io exception
	at java.base/java.util.concurrent.CompletableFuture.encodeThrowable(CompletableFuture.java:331)
	at java.base/java.util.concurrent.CompletableFuture.completeThrowable(CompletableFuture.java:346)
	at java.base/java.util.concurrent.CompletableFuture$UniApply.tryFire(CompletableFuture.java:632)
	at java.base/java.util.concurrent.CompletableFuture.postComplete(CompletableFuture.java:506)
	at java.base/java.util.concurrent.CompletableFuture.completeExceptionally(CompletableFuture.java:2094)
	at org.apache.ratis.grpc.client.GrpcClientProtocolClient$AsyncStreamObservers.completeReplyExceptionally(GrpcClientProtocolClient.java:394)
	at org.apache.ratis.grpc.client.GrpcClientProtocolClient$AsyncStreamObservers.access$000(GrpcClientProtocolClient.java:300)
	at org.apache.ratis.grpc.client.GrpcClientProtocolClient$AsyncStreamObservers$1.onError(GrpcClientProtocolClient.java:331)
	at org.apache.ratis.thirdparty.io.grpc.stub.ClientCalls$StreamObserverToCallListenerAdapter.onClose(ClientCalls.java:481)
	at org.apache.ratis.thirdparty.io.grpc.PartialForwardingClientCallListener.onClose(PartialForwardingClientCallListener.java:39)
	at org.apache.ratis.thirdparty.io.grpc.ForwardingClientCallListener.onClose(ForwardingClientCallListener.java:23)
	at org.apache.ratis.grpc.metrics.intercept.client.MetricClientCallListener.onClose(MetricClientCallListener.java:47)
	at org.apache.ratis.thirdparty.io.grpc.internal.DelayedClientCall$DelayedListener$3.run(DelayedClientCall.java:489)
	at org.apache.ratis.thirdparty.io.grpc.internal.DelayedClientCall$DelayedListener.delayOrExecute(DelayedClientCall.java:453)
	at org.apache.ratis.thirdparty.io.grpc.internal.DelayedClientCall$DelayedListener.onClose(DelayedClientCall.java:486)
	at org.apache.ratis.thirdparty.io.grpc.internal.ClientCallImpl.closeObserver(ClientCallImpl.java:567)
	at org.apache.ratis.thirdparty.io.grpc.internal.ClientCallImpl.access$300(ClientCallImpl.java:71)
	at org.apache.ratis.thirdparty.io.grpc.internal.ClientCallImpl$ClientStreamListenerImpl$1StreamClosed.runInternal(ClientCallImpl.java:735)
	at org.apache.ratis.thirdparty.io.grpc.internal.ClientCallImpl$ClientStreamListenerImpl$1StreamClosed.runInContext(ClientCallImpl.java:716)
	at org.apache.ratis.thirdparty.io.grpc.internal.ContextRunnable.run(ContextRunnable.java:37)
	at org.apache.ratis.thirdparty.io.grpc.internal.SerializingExecutor.run(SerializingExecutor.java:133)
	at java.base/java.util.concurrent.ThreadPoolExecutor.runWorker(ThreadPoolExecutor.java:1128)
	at java.base/java.util.concurrent.ThreadPoolExecutor$Worker.run(ThreadPoolExecutor.java:628)
	at java.base/java.lang.Thread.run(Thread.java:829)
Caused by: java.io.IOException: org.apache.ratis.thirdparty.io.grpc.StatusRuntimeException: UNAVAILABLE: io exception
	at org.apache.ratis.grpc.GrpcUtil.unwrapException(GrpcUtil.java:99)
	at org.apache.ratis.grpc.GrpcUtil.unwrapIOException(GrpcUtil.java:159)
	at org.apache.ratis.grpc.client.GrpcClientProtocolClient$AsyncStreamObservers$1.onError(GrpcClientProtocolClient.java:330)
	... 16 more
Caused by: org.apache.ratis.thirdparty.io.grpc.StatusRuntimeException: UNAVAILABLE: io exception
	at org.apache.ratis.thirdparty.io.grpc.Status.asRuntimeException(Status.java:537)
	... 16 more
Caused by: org.apache.ratis.thirdparty.io.netty.channel.AbstractChannel$AnnotatedConnectException: finishConnect(..) failed: Connection refused: localhost/127.0.0.1:37411
Caused by: java.net.ConnectException: finishConnect(..) failed: Connection refused
	at org.apache.ratis.thirdparty.io.netty.channel.unix.Errors.newConnectException0(Errors.java:166)
	at org.apache.ratis.thirdparty.io.netty.channel.unix.Errors.handleConnectErrno(Errors.java:131)
	at org.apache.ratis.thirdparty.io.netty.channel.unix.Socket.finishConnect(Socket.java:359)
	at org.apache.ratis.thirdparty.io.netty.channel.epoll.AbstractEpollChannel$AbstractEpollUnsafe.doFinishConnect(AbstractEpollChannel.java:710)
	at org.apache.ratis.thirdparty.io.netty.channel.epoll.AbstractEpollChannel$AbstractEpollUnsafe.finishConnect(AbstractEpollChannel.java:687)
	at org.apache.ratis.thirdparty.io.netty.channel.epoll.AbstractEpollChannel$AbstractEpollUnsafe.epollOutReady(AbstractEpollChannel.java:567)
	at org.apache.ratis.thirdparty.io.netty.channel.epoll.EpollEventLoop.processReady(EpollEventLoop.java:499)
	at org.apache.ratis.thirdparty.io.netty.channel.epoll.EpollEventLoop.run(EpollEventLoop.java:407)
	at org.apache.ratis.thirdparty.io.netty.util.concurrent.SingleThreadEventExecutor$4.run(SingleThreadEventExecutor.java:997)
	at org.apache.ratis.thirdparty.io.netty.util.internal.ThreadExecutorMap$2.run(ThreadExecutorMap.java:74)
	at org.apache.ratis.thirdparty.io.netty.util.concurrent.FastThreadLocalRunnable.run(FastThreadLocalRunnable.java:30)
	at java.base/java.lang.Thread.run(Thread.java:829)
2023-11-20 19:26:41,188 [grpc-default-executor-4] ERROR impl.OrderedAsync (OrderedAsync.java:lambda$sendRequest$9(247)) - client-E9C94F68C118: Failed* RaftClientRequest:client-E9C94F68C118->s1@group-F61A228DBE4A, cid=6, seq=1*, Watch(0), null
java.util.concurrent.CompletionException: java.io.IOException: org.apache.ratis.thirdparty.io.grpc.StatusRuntimeException: UNAVAILABLE: io exception
	at java.base/java.util.concurrent.CompletableFuture.encodeThrowable(CompletableFuture.java:331)
	at java.base/java.util.concurrent.CompletableFuture.completeThrowable(CompletableFuture.java:346)
	at java.base/java.util.concurrent.CompletableFuture$UniApply.tryFire(CompletableFuture.java:632)
	at java.base/java.util.concurrent.CompletableFuture.postComplete(CompletableFuture.java:506)
	at java.base/java.util.concurrent.CompletableFuture.completeExceptionally(CompletableFuture.java:2094)
	at org.apache.ratis.grpc.client.GrpcClientProtocolClient$AsyncStreamObservers.completeReplyExceptionally(GrpcClientProtocolClient.java:394)
	at org.apache.ratis.grpc.client.GrpcClientProtocolClient$AsyncStreamObservers.access$000(GrpcClientProtocolClient.java:300)
	at org.apache.ratis.grpc.client.GrpcClientProtocolClient$AsyncStreamObservers$1.onError(GrpcClientProtocolClient.java:331)
	at org.apache.ratis.thirdparty.io.grpc.stub.ClientCalls$StreamObserverToCallListenerAdapter.onClose(ClientCalls.java:481)
	at org.apache.ratis.thirdparty.io.grpc.PartialForwardingClientCallListener.onClose(PartialForwardingClientCallListener.java:39)
	at org.apache.ratis.thirdparty.io.grpc.ForwardingClientCallListener.onClose(ForwardingClientCallListener.java:23)
	at org.apache.ratis.grpc.metrics.intercept.client.MetricClientCallListener.onClose(MetricClientCallListener.java:47)
	at org.apache.ratis.thirdparty.io.grpc.internal.DelayedClientCall$DelayedListener$3.run(DelayedClientCall.java:489)
	at org.apache.ratis.thirdparty.io.grpc.internal.DelayedClientCall$DelayedListener.delayOrExecute(DelayedClientCall.java:453)
	at org.apache.ratis.thirdparty.io.grpc.internal.DelayedClientCall$DelayedListener.onClose(DelayedClientCall.java:486)
	at org.apache.ratis.thirdparty.io.grpc.internal.ClientCallImpl.closeObserver(ClientCallImpl.java:567)
	at org.apache.ratis.thirdparty.io.grpc.internal.ClientCallImpl.access$300(ClientCallImpl.java:71)
	at org.apache.ratis.thirdparty.io.grpc.internal.ClientCallImpl$ClientStreamListenerImpl$1StreamClosed.runInternal(ClientCallImpl.java:735)
	at org.apache.ratis.thirdparty.io.grpc.internal.ClientCallImpl$ClientStreamListenerImpl$1StreamClosed.runInContext(ClientCallImpl.java:716)
	at org.apache.ratis.thirdparty.io.grpc.internal.ContextRunnable.run(ContextRunnable.java:37)
	at org.apache.ratis.thirdparty.io.grpc.internal.SerializingExecutor.run(SerializingExecutor.java:133)
	at java.base/java.util.concurrent.ThreadPoolExecutor.runWorker(ThreadPoolExecutor.java:1128)
	at java.base/java.util.concurrent.ThreadPoolExecutor$Worker.run(ThreadPoolExecutor.java:628)
	at java.base/java.lang.Thread.run(Thread.java:829)
Caused by: java.io.IOException: org.apache.ratis.thirdparty.io.grpc.StatusRuntimeException: UNAVAILABLE: io exception
	at org.apache.ratis.grpc.GrpcUtil.unwrapException(GrpcUtil.java:99)
	at org.apache.ratis.grpc.GrpcUtil.unwrapIOException(GrpcUtil.java:159)
	at org.apache.ratis.grpc.client.GrpcClientProtocolClient$AsyncStreamObservers$1.onError(GrpcClientProtocolClient.java:330)
	... 16 more
Caused by: org.apache.ratis.thirdparty.io.grpc.StatusRuntimeException: UNAVAILABLE: io exception
	at org.apache.ratis.thirdparty.io.grpc.Status.asRuntimeException(Status.java:537)
	... 16 more
Caused by: org.apache.ratis.thirdparty.io.netty.channel.AbstractChannel$AnnotatedConnectException: finishConnect(..) failed: Connection refused: localhost/127.0.0.1:46099
Caused by: java.net.ConnectException: finishConnect(..) failed: Connection refused
	at org.apache.ratis.thirdparty.io.netty.channel.unix.Errors.newConnectException0(Errors.java:166)
	at org.apache.ratis.thirdparty.io.netty.channel.unix.Errors.handleConnectErrno(Errors.java:131)
	at org.apache.ratis.thirdparty.io.netty.channel.unix.Socket.finishConnect(Socket.java:359)
	at org.apache.ratis.thirdparty.io.netty.channel.epoll.AbstractEpollChannel$AbstractEpollUnsafe.doFinishConnect(AbstractEpollChannel.java:710)
	at org.apache.ratis.thirdparty.io.netty.channel.epoll.AbstractEpollChannel$AbstractEpollUnsafe.finishConnect(AbstractEpollChannel.java:687)
	at org.apache.ratis.thirdparty.io.netty.channel.epoll.AbstractEpollChannel$AbstractEpollUnsafe.epollOutReady(AbstractEpollChannel.java:567)
	at org.apache.ratis.thirdparty.io.netty.channel.epoll.EpollEventLoop.processReady(EpollEventLoop.java:499)
	at org.apache.ratis.thirdparty.io.netty.channel.epoll.EpollEventLoop.run(EpollEventLoop.java:407)
	at org.apache.ratis.thirdparty.io.netty.util.concurrent.SingleThreadEventExecutor$4.run(SingleThreadEventExecutor.java:997)
	at org.apache.ratis.thirdparty.io.netty.util.internal.ThreadExecutorMap$2.run(ThreadExecutorMap.java:74)
	at org.apache.ratis.thirdparty.io.netty.util.concurrent.FastThreadLocalRunnable.run(FastThreadLocalRunnable.java:30)
	at java.base/java.lang.Thread.run(Thread.java:829)
2023-11-20 19:26:41,208 [Time-limited test] INFO  grpc.TestRetryCacheWithGrpc (RetryCacheTests.java:assertServer(96)) - check server s1
2023-11-20 19:26:41,208 [Time-limited test] INFO  grpc.TestRetryCacheWithGrpc (RetryCacheTests.java:assertServer(96)) - check server s2
2023-11-20 19:26:41,209 [Time-limited test] INFO  impl.MiniRaftCluster (MiniRaftCluster.java:shutdown(831)) - ************************************************************** 
2023-11-20 19:26:41,209 [Time-limited test] INFO  impl.MiniRaftCluster (MiniRaftCluster.java:shutdown(832)) - *** 
2023-11-20 19:26:41,209 [Time-limited test] INFO  impl.MiniRaftCluster (MiniRaftCluster.java:shutdown(833)) - ***     Stopping MiniRaftClusterWithGrpc
2023-11-20 19:26:41,209 [Time-limited test] INFO  impl.MiniRaftCluster (MiniRaftCluster.java:shutdown(834)) - *** 
2023-11-20 19:26:41,209 [Time-limited test] INFO  impl.MiniRaftCluster (MiniRaftCluster.java:shutdown(835)) - ************************************************************** 
2023-11-20 19:26:41,209 [Time-limited test] INFO  impl.MiniRaftCluster (MiniRaftCluster.java:shutdown(836)) - printing ALL groups
  s0:  RUNNING  FOLLOWER s0@group-41F475FFC48D:t1, leader=s1, voted=s1, raftlog=Memoized:s0@group-41F475FFC48D-SegmentedRaftLog:OPENED:c4, conf=0: peers:[s0|localhost:37767, s1|localhost:33015, s2|localhost:41057]|listeners:[], old=null RUNNING
  s1:  RUNNING    LEADER s1@group-41F475FFC48D:t1, leader=s1, voted=s1, raftlog=Memoized:s1@group-41F475FFC48D-SegmentedRaftLog:OPENED:c4, conf=0: peers:[s0|localhost:37767, s1|localhost:33015, s2|localhost:41057]|listeners:[], old=null RUNNING
  s2:  RUNNING  FOLLOWER s2@group-41F475FFC48D:t1, leader=s1, voted=s1, raftlog=Memoized:s2@group-41F475FFC48D-SegmentedRaftLog:OPENED:c4, conf=0: peers:[s0|localhost:37767, s1|localhost:33015, s2|localhost:41057]|listeners:[], old=null RUNNING
2023-11-20 19:26:41,210 [MiniRaftCluster-7] INFO  server.RaftServer (RaftServerProxy.java:lambda$close$9(416)) - s0: close
2023-11-20 19:26:41,212 [s0-impl-thread1] INFO  server.RaftServer$Division (RaftServerImpl.java:lambda$close$3(516)) - s0@group-41F475FFC48D: shutdown
2023-11-20 19:26:41,215 [MiniRaftCluster-8] INFO  server.RaftServer (RaftServerProxy.java:lambda$close$9(416)) - s1: close
2023-11-20 19:26:41,215 [MiniRaftCluster-9] INFO  server.RaftServer (RaftServerProxy.java:lambda$close$9(416)) - s2: close
2023-11-20 19:26:41,212 [MiniRaftCluster-7] INFO  server.GrpcService (GrpcService.java:closeImpl(311)) - s0: shutdown server org.apache.ratis.grpc.server.GrpcClientProtocolService now
2023-11-20 19:26:41,216 [s2-impl-thread1] INFO  server.RaftServer$Division (RaftServerImpl.java:lambda$close$3(516)) - s2@group-41F475FFC48D: shutdown
2023-11-20 19:26:41,216 [s2-impl-thread1] INFO  util.JmxRegister (JmxRegister.java:unregister(73)) - Successfully un-registered JMX Bean with object name Ratis:service=RaftServer,group=group-41F475FFC48D,id=s2
2023-11-20 19:26:41,216 [s2-impl-thread1] INFO  impl.RoleInfo (RoleInfo.java:shutdownFollowerState(110)) - s2: shutdown s2@group-41F475FFC48D-FollowerState
2023-11-20 19:26:41,216 [s2-impl-thread1] INFO  impl.StateMachineUpdater (StateMachineUpdater.java:stopAndJoin(157)) - s2@group-41F475FFC48D-StateMachineUpdater: set stopIndex = 4
2023-11-20 19:26:41,216 [s2@group-41F475FFC48D-FollowerState] INFO  impl.FollowerState (FollowerState.java:run(152)) - s2@group-41F475FFC48D-FollowerState was interrupted
2023-11-20 19:26:41,216 [MiniRaftCluster-9] INFO  server.GrpcService (GrpcService.java:closeImpl(311)) - s2: shutdown server org.apache.ratis.grpc.server.GrpcClientProtocolService now
2023-11-20 19:26:41,215 [s1-impl-thread1] INFO  server.RaftServer$Division (RaftServerImpl.java:lambda$close$3(516)) - s1@group-41F475FFC48D: shutdown
2023-11-20 19:26:41,215 [MiniRaftCluster-8] INFO  server.GrpcService (GrpcService.java:closeImpl(311)) - s1: shutdown server org.apache.ratis.grpc.server.GrpcClientProtocolService now
2023-11-20 19:26:41,216 [s1-impl-thread1] INFO  util.JmxRegister (JmxRegister.java:unregister(73)) - Successfully un-registered JMX Bean with object name Ratis:service=RaftServer,group=group-41F475FFC48D,id=s1
2023-11-20 19:26:41,216 [s1-impl-thread1] INFO  impl.RoleInfo (RoleInfo.java:shutdownLeaderState(94)) - s1: shutdown s1@group-41F475FFC48D-LeaderStateImpl
2023-11-20 19:26:41,216 [s2-impl-thread1] INFO  server.RaftServer$Division (ServerState.java:close(423)) - s2@group-41F475FFC48D: applyIndex: 4
2023-11-20 19:26:41,215 [s0-impl-thread1] INFO  util.JmxRegister (JmxRegister.java:unregister(73)) - Successfully un-registered JMX Bean with object name Ratis:service=RaftServer,group=group-41F475FFC48D,id=s0
2023-11-20 19:26:41,220 [s2@group-41F475FFC48D-cacheEviction-AwaitToRun] INFO  util.AwaitToRun (AwaitToRun.java:run(49)) - s2@group-41F475FFC48D-cacheEviction-AwaitToRun-AwaitForSignal is interrupted
2023-11-20 19:26:41,220 [s0-impl-thread1] INFO  impl.RoleInfo (RoleInfo.java:shutdownFollowerState(110)) - s0: shutdown s0@group-41F475FFC48D-FollowerState
2023-11-20 19:26:41,220 [s0-impl-thread1] INFO  impl.StateMachineUpdater (StateMachineUpdater.java:stopAndJoin(157)) - s0@group-41F475FFC48D-StateMachineUpdater: set stopIndex = 4
2023-11-20 19:26:41,220 [s0@group-41F475FFC48D-FollowerState] INFO  impl.FollowerState (FollowerState.java:run(152)) - s0@group-41F475FFC48D-FollowerState was interrupted
2023-11-20 19:26:41,220 [Thread-228] INFO  server.GrpcServerProtocolClient (GrpcServerProtocolClient.java:close(103)) - s0 Close channels
2023-11-20 19:26:41,220 [s0-impl-thread1] INFO  server.RaftServer$Division (ServerState.java:close(423)) - s0@group-41F475FFC48D: applyIndex: 4
2023-11-20 19:26:41,220 [s1@group-41F475FFC48D->s2-GrpcLogAppender-LogAppenderDaemon] WARN  server.GrpcLogAppender (GrpcLogAppender.java:mayWait(212)) - s1@group-41F475FFC48D->s2-GrpcLogAppender: Wait interrupted by java.lang.InterruptedException
2023-11-20 19:26:41,220 [MiniRaftCluster-7] INFO  server.GrpcService (GrpcService.java:closeImpl(320)) - s0: shutdown server org.apache.ratis.grpc.server.GrpcClientProtocolService successfully
2023-11-20 19:26:41,223 [MiniRaftCluster-7] INFO  server.GrpcService (GrpcService.java:closeImpl(311)) - s0: shutdown server GrpcServerProtocolService now
2023-11-20 19:26:41,220 [s1@group-41F475FFC48D->s0-GrpcLogAppender-LogAppenderDaemon] WARN  server.GrpcLogAppender (GrpcLogAppender.java:mayWait(212)) - s1@group-41F475FFC48D->s0-GrpcLogAppender: Wait interrupted by java.lang.InterruptedException
2023-11-20 19:26:41,223 [s0@group-41F475FFC48D-cacheEviction-AwaitToRun] INFO  util.AwaitToRun (AwaitToRun.java:run(49)) - s0@group-41F475FFC48D-cacheEviction-AwaitToRun-AwaitForSignal is interrupted
2023-11-20 19:26:41,223 [grpc-default-executor-4] INFO  server.GrpcServerProtocolService (GrpcServerProtocolService.java:onCompleted(157)) - s0: Completed APPEND_ENTRIES, lastRequest: null
2023-11-20 19:26:41,224 [grpc-default-executor-0] INFO  server.GrpcServerProtocolService (GrpcServerProtocolService.java:onCompleted(157)) - s0: Completed APPEND_ENTRIES, lastRequest: s1->s0#12-t1,previous=(t:1, i:3),leaderCommit=3,initializing? true,entries: size=1, first=(t:1, i:4), METADATAENTRY(c:3)
2023-11-20 19:26:41,224 [grpc-default-executor-0] INFO  server.GrpcServerProtocolService (GrpcServerProtocolService.java:lambda$onCompleted$5(159)) - s0: Completed APPEND_ENTRIES, lastReply: null
2023-11-20 19:26:41,224 [grpc-default-executor-3] INFO  server.GrpcServerProtocolService (GrpcServerProtocolService.java:onCompleted(157)) - s2: Completed APPEND_ENTRIES, lastRequest: null
2023-11-20 19:26:41,224 [grpc-default-executor-2] INFO  server.GrpcServerProtocolService (GrpcServerProtocolService.java:onCompleted(157)) - s2: Completed APPEND_ENTRIES, lastRequest: s1->s2#14-t1,previous=(t:1, i:3),leaderCommit=3,initializing? true,entries: size=1, first=(t:1, i:4), METADATAENTRY(c:3)
2023-11-20 19:26:41,224 [grpc-default-executor-2] INFO  server.GrpcServerProtocolService (GrpcServerProtocolService.java:lambda$onCompleted$5(159)) - s2: Completed APPEND_ENTRIES, lastReply: null
2023-11-20 19:26:41,224 [grpc-default-executor-4] INFO  server.GrpcServerProtocolService (GrpcServerProtocolService.java:lambda$onCompleted$5(159)) - s0: Completed APPEND_ENTRIES, lastReply: serverReply {
  requestorId: "s1"
  replyId: "s0"
  raftGroupId {
    id: "\215\256\246T\033\360A\265\203<A\364u\377\304\215"
  }
  callId: 28
  success: true
}
term: 1
nextIndex: 5
followerCommit: 4
matchIndex: 18446744073709551615
isHearbeat: true

2023-11-20 19:26:41,224 [grpc-default-executor-3] INFO  server.GrpcServerProtocolService (GrpcServerProtocolService.java:lambda$onCompleted$5(159)) - s2: Completed APPEND_ENTRIES, lastReply: serverReply {
  requestorId: "s1"
  replyId: "s2"
  raftGroupId {
    id: "\215\256\246T\033\360A\265\203<A\364u\377\304\215"
  }
  callId: 31
  success: true
}
term: 1
nextIndex: 5
followerCommit: 4
matchIndex: 18446744073709551615
isHearbeat: true

2023-11-20 19:26:41,224 [grpc-default-executor-4] INFO  server.GrpcLogAppender (GrpcLogAppender.java:onCompleted(469)) - s1@group-41F475FFC48D->s0-AppendLogResponseHandler: follower responses appendEntries COMPLETED
2023-11-20 19:26:41,219 [s1-impl-thread1] INFO  impl.PendingRequests (PendingRequests.java:sendNotLeaderResponses(289)) - s1@group-41F475FFC48D-PendingRequests: sendNotLeaderResponses
2023-11-20 19:26:41,224 [grpc-default-executor-4] WARN  server.GrpcLogAppender (GrpcLogAppender.java:resetClient(149)) - s1@group-41F475FFC48D->s0-GrpcLogAppender: Failed to getClient for s0
org.apache.ratis.protocol.exceptions.AlreadyClosedException: s1 is already CLOSED
	at org.apache.ratis.util.PeerProxyMap$PeerAndProxy.getProxy(PeerProxyMap.java:61)
	at org.apache.ratis.util.PeerProxyMap.getProxy(PeerProxyMap.java:110)
	at org.apache.ratis.grpc.server.GrpcLogAppender.getClient(GrpcLogAppender.java:121)
	at org.apache.ratis.grpc.server.GrpcLogAppender.resetClient(GrpcLogAppender.java:126)
	at org.apache.ratis.grpc.server.GrpcLogAppender.access$800(GrpcLogAppender.java:61)
	at org.apache.ratis.grpc.server.GrpcLogAppender$AppendLogResponseHandler.onCompleted(GrpcLogAppender.java:471)
	at org.apache.ratis.thirdparty.io.grpc.stub.ClientCalls$StreamObserverToCallListenerAdapter.onClose(ClientCalls.java:479)
	at org.apache.ratis.thirdparty.io.grpc.internal.ClientCallImpl.closeObserver(ClientCallImpl.java:567)
	at org.apache.ratis.thirdparty.io.grpc.internal.ClientCallImpl.access$300(ClientCallImpl.java:71)
	at org.apache.ratis.thirdparty.io.grpc.internal.ClientCallImpl$ClientStreamListenerImpl$1StreamClosed.runInternal(ClientCallImpl.java:735)
	at org.apache.ratis.thirdparty.io.grpc.internal.ClientCallImpl$ClientStreamListenerImpl$1StreamClosed.runInContext(ClientCallImpl.java:716)
	at org.apache.ratis.thirdparty.io.grpc.internal.ContextRunnable.run(ContextRunnable.java:37)
	at org.apache.ratis.thirdparty.io.grpc.internal.SerializingExecutor.run(SerializingExecutor.java:133)
	at java.base/java.util.concurrent.ThreadPoolExecutor.runWorker(ThreadPoolExecutor.java:1128)
	at java.base/java.util.concurrent.ThreadPoolExecutor$Worker.run(ThreadPoolExecutor.java:628)
	at java.base/java.lang.Thread.run(Thread.java:829)
2023-11-20 19:26:41,225 [grpc-default-executor-3] INFO  server.GrpcLogAppender (GrpcLogAppender.java:onCompleted(469)) - s1@group-41F475FFC48D->s2-AppendLogResponseHandler: follower responses appendEntries COMPLETED
2023-11-20 19:26:41,225 [grpc-default-executor-3] WARN  server.GrpcLogAppender (GrpcLogAppender.java:resetClient(149)) - s1@group-41F475FFC48D->s2-GrpcLogAppender: Failed to getClient for s2
org.apache.ratis.protocol.exceptions.AlreadyClosedException: s1 is already CLOSED
	at org.apache.ratis.util.PeerProxyMap$PeerAndProxy.getProxy(PeerProxyMap.java:61)
	at org.apache.ratis.util.PeerProxyMap.getProxy(PeerProxyMap.java:110)
	at org.apache.ratis.grpc.server.GrpcLogAppender.getClient(GrpcLogAppender.java:121)
	at org.apache.ratis.grpc.server.GrpcLogAppender.resetClient(GrpcLogAppender.java:126)
	at org.apache.ratis.grpc.server.GrpcLogAppender.access$800(GrpcLogAppender.java:61)
	at org.apache.ratis.grpc.server.GrpcLogAppender$AppendLogResponseHandler.onCompleted(GrpcLogAppender.java:471)
	at org.apache.ratis.thirdparty.io.grpc.stub.ClientCalls$StreamObserverToCallListenerAdapter.onClose(ClientCalls.java:479)
	at org.apache.ratis.thirdparty.io.grpc.internal.ClientCallImpl.closeObserver(ClientCallImpl.java:567)
	at org.apache.ratis.thirdparty.io.grpc.internal.ClientCallImpl.access$300(ClientCallImpl.java:71)
	at org.apache.ratis.thirdparty.io.grpc.internal.ClientCallImpl$ClientStreamListenerImpl$1StreamClosed.runInternal(ClientCallImpl.java:735)
	at org.apache.ratis.thirdparty.io.grpc.internal.ClientCallImpl$ClientStreamListenerImpl$1StreamClosed.runInContext(ClientCallImpl.java:716)
	at org.apache.ratis.thirdparty.io.grpc.internal.ContextRunnable.run(ContextRunnable.java:37)
	at org.apache.ratis.thirdparty.io.grpc.internal.SerializingExecutor.run(SerializingExecutor.java:133)
	at java.base/java.util.concurrent.ThreadPoolExecutor.runWorker(ThreadPoolExecutor.java:1128)
	at java.base/java.util.concurrent.ThreadPoolExecutor$Worker.run(ThreadPoolExecutor.java:628)
	at java.base/java.lang.Thread.run(Thread.java:829)
2023-11-20 19:26:41,225 [MiniRaftCluster-9] INFO  server.GrpcService (GrpcService.java:closeImpl(320)) - s2: shutdown server org.apache.ratis.grpc.server.GrpcClientProtocolService successfully
2023-11-20 19:26:41,225 [MiniRaftCluster-9] INFO  server.GrpcService (GrpcService.java:closeImpl(311)) - s2: shutdown server GrpcServerProtocolService now
2023-11-20 19:26:41,225 [Thread-231] INFO  server.GrpcServerProtocolClient (GrpcServerProtocolClient.java:close(103)) - s2 Close channels
2023-11-20 19:26:41,228 [grpc-default-executor-0] INFO  server.GrpcLogAppender (GrpcLogAppender.java:onCompleted(469)) - s1@group-41F475FFC48D->s2-AppendLogResponseHandler: follower responses appendEntries COMPLETED
2023-11-20 19:26:41,229 [grpc-default-executor-0] WARN  server.GrpcLogAppender (GrpcLogAppender.java:resetClient(149)) - s1@group-41F475FFC48D->s2-GrpcLogAppender: Failed to getClient for s2
org.apache.ratis.protocol.exceptions.AlreadyClosedException: s1 is already CLOSED
	at org.apache.ratis.util.PeerProxyMap$PeerAndProxy.getProxy(PeerProxyMap.java:61)
	at org.apache.ratis.util.PeerProxyMap.getProxy(PeerProxyMap.java:110)
	at org.apache.ratis.grpc.server.GrpcLogAppender.getClient(GrpcLogAppender.java:121)
	at org.apache.ratis.grpc.server.GrpcLogAppender.resetClient(GrpcLogAppender.java:126)
	at org.apache.ratis.grpc.server.GrpcLogAppender.access$800(GrpcLogAppender.java:61)
	at org.apache.ratis.grpc.server.GrpcLogAppender$AppendLogResponseHandler.onCompleted(GrpcLogAppender.java:471)
	at org.apache.ratis.thirdparty.io.grpc.stub.ClientCalls$StreamObserverToCallListenerAdapter.onClose(ClientCalls.java:479)
	at org.apache.ratis.thirdparty.io.grpc.internal.DelayedClientCall$DelayedListener$3.run(DelayedClientCall.java:489)
	at org.apache.ratis.thirdparty.io.grpc.internal.DelayedClientCall$DelayedListener.delayOrExecute(DelayedClientCall.java:453)
	at org.apache.ratis.thirdparty.io.grpc.internal.DelayedClientCall$DelayedListener.onClose(DelayedClientCall.java:486)
	at org.apache.ratis.thirdparty.io.grpc.internal.ClientCallImpl.closeObserver(ClientCallImpl.java:567)
	at org.apache.ratis.thirdparty.io.grpc.internal.ClientCallImpl.access$300(ClientCallImpl.java:71)
	at org.apache.ratis.thirdparty.io.grpc.internal.ClientCallImpl$ClientStreamListenerImpl$1StreamClosed.runInternal(ClientCallImpl.java:735)
	at org.apache.ratis.thirdparty.io.grpc.internal.ClientCallImpl$ClientStreamListenerImpl$1StreamClosed.runInContext(ClientCallImpl.java:716)
	at org.apache.ratis.thirdparty.io.grpc.internal.ContextRunnable.run(ContextRunnable.java:37)
	at org.apache.ratis.thirdparty.io.grpc.internal.SerializingExecutor.run(SerializingExecutor.java:133)
	at java.base/java.util.concurrent.ThreadPoolExecutor.runWorker(ThreadPoolExecutor.java:1128)
	at java.base/java.util.concurrent.ThreadPoolExecutor$Worker.run(ThreadPoolExecutor.java:628)
	at java.base/java.lang.Thread.run(Thread.java:829)
2023-11-20 19:26:41,229 [grpc-default-executor-2] INFO  server.GrpcLogAppender (GrpcLogAppender.java:onCompleted(469)) - s1@group-41F475FFC48D->s0-AppendLogResponseHandler: follower responses appendEntries COMPLETED
2023-11-20 19:26:41,229 [grpc-default-executor-2] WARN  server.GrpcLogAppender (GrpcLogAppender.java:resetClient(149)) - s1@group-41F475FFC48D->s0-GrpcLogAppender: Failed to getClient for s0
org.apache.ratis.protocol.exceptions.AlreadyClosedException: s1 is already CLOSED
	at org.apache.ratis.util.PeerProxyMap$PeerAndProxy.getProxy(PeerProxyMap.java:61)
	at org.apache.ratis.util.PeerProxyMap.getProxy(PeerProxyMap.java:110)
	at org.apache.ratis.grpc.server.GrpcLogAppender.getClient(GrpcLogAppender.java:121)
	at org.apache.ratis.grpc.server.GrpcLogAppender.resetClient(GrpcLogAppender.java:126)
	at org.apache.ratis.grpc.server.GrpcLogAppender.access$800(GrpcLogAppender.java:61)
	at org.apache.ratis.grpc.server.GrpcLogAppender$AppendLogResponseHandler.onCompleted(GrpcLogAppender.java:471)
	at org.apache.ratis.thirdparty.io.grpc.stub.ClientCalls$StreamObserverToCallListenerAdapter.onClose(ClientCalls.java:479)
	at org.apache.ratis.thirdparty.io.grpc.internal.DelayedClientCall$DelayedListener$3.run(DelayedClientCall.java:489)
	at org.apache.ratis.thirdparty.io.grpc.internal.DelayedClientCall$DelayedListener.delayOrExecute(DelayedClientCall.java:453)
	at org.apache.ratis.thirdparty.io.grpc.internal.DelayedClientCall$DelayedListener.onClose(DelayedClientCall.java:486)
	at org.apache.ratis.thirdparty.io.grpc.internal.ClientCallImpl.closeObserver(ClientCallImpl.java:567)
	at org.apache.ratis.thirdparty.io.grpc.internal.ClientCallImpl.access$300(ClientCallImpl.java:71)
	at org.apache.ratis.thirdparty.io.grpc.internal.ClientCallImpl$ClientStreamListenerImpl$1StreamClosed.runInternal(ClientCallImpl.java:735)
	at org.apache.ratis.thirdparty.io.grpc.internal.ClientCallImpl$ClientStreamListenerImpl$1StreamClosed.runInContext(ClientCallImpl.java:716)
	at org.apache.ratis.thirdparty.io.grpc.internal.ContextRunnable.run(ContextRunnable.java:37)
	at org.apache.ratis.thirdparty.io.grpc.internal.SerializingExecutor.run(SerializingExecutor.java:133)
	at java.base/java.util.concurrent.ThreadPoolExecutor.runWorker(ThreadPoolExecutor.java:1128)
	at java.base/java.util.concurrent.ThreadPoolExecutor$Worker.run(ThreadPoolExecutor.java:628)
	at java.base/java.lang.Thread.run(Thread.java:829)
2023-11-20 19:26:41,231 [s1-impl-thread1] INFO  impl.StateMachineUpdater (StateMachineUpdater.java:stopAndJoin(157)) - s1@group-41F475FFC48D-StateMachineUpdater: set stopIndex = 4
2023-11-20 19:26:41,231 [MiniRaftCluster-7] INFO  server.GrpcService (GrpcService.java:closeImpl(320)) - s0: shutdown server GrpcServerProtocolService successfully
2023-11-20 19:26:41,231 [MiniRaftCluster-7] INFO  server.GrpcService (GrpcService.java:closeImpl(311)) - s0: shutdown server org.apache.ratis.grpc.server.GrpcAdminProtocolService now
2023-11-20 19:26:41,231 [s1-impl-thread1] INFO  server.RaftServer$Division (ServerState.java:close(423)) - s1@group-41F475FFC48D: applyIndex: 4
2023-11-20 19:26:41,231 [MiniRaftCluster-9] INFO  server.GrpcService (GrpcService.java:closeImpl(320)) - s2: shutdown server GrpcServerProtocolService successfully
2023-11-20 19:26:41,231 [MiniRaftCluster-9] INFO  server.GrpcService (GrpcService.java:closeImpl(311)) - s2: shutdown server org.apache.ratis.grpc.server.GrpcAdminProtocolService now
2023-11-20 19:26:41,231 [s1@group-41F475FFC48D-cacheEviction-AwaitToRun] INFO  util.AwaitToRun (AwaitToRun.java:run(49)) - s1@group-41F475FFC48D-cacheEviction-AwaitToRun-AwaitForSignal is interrupted
2023-11-20 19:26:41,231 [MiniRaftCluster-7] INFO  server.GrpcService (GrpcService.java:closeImpl(320)) - s0: shutdown server org.apache.ratis.grpc.server.GrpcAdminProtocolService successfully
2023-11-20 19:26:41,232 [MiniRaftCluster-9] INFO  server.GrpcService (GrpcService.java:closeImpl(320)) - s2: shutdown server org.apache.ratis.grpc.server.GrpcAdminProtocolService successfully
2023-11-20 19:26:41,232 [MiniRaftCluster-8] INFO  server.GrpcService (GrpcService.java:closeImpl(320)) - s1: shutdown server org.apache.ratis.grpc.server.GrpcClientProtocolService successfully
2023-11-20 19:26:41,232 [MiniRaftCluster-8] INFO  server.GrpcService (GrpcService.java:closeImpl(311)) - s1: shutdown server GrpcServerProtocolService now
2023-11-20 19:26:41,233 [MiniRaftCluster-8] INFO  server.GrpcService (GrpcService.java:closeImpl(320)) - s1: shutdown server GrpcServerProtocolService successfully
2023-11-20 19:26:41,233 [MiniRaftCluster-8] INFO  server.GrpcService (GrpcService.java:closeImpl(311)) - s1: shutdown server org.apache.ratis.grpc.server.GrpcAdminProtocolService now
2023-11-20 19:26:41,234 [MiniRaftCluster-8] INFO  server.GrpcService (GrpcService.java:closeImpl(320)) - s1: shutdown server org.apache.ratis.grpc.server.GrpcAdminProtocolService successfully
2023-11-20 19:26:41,292 [grpc-default-executor-0] ERROR impl.OrderedAsync (OrderedAsync.java:lambda$sendRequest$9(247)) - client-E9C94F68C118: Failed* RaftClientRequest:client-E9C94F68C118->s2@group-F61A228DBE4A, cid=6, seq=1*, Watch(0), null
java.util.concurrent.CompletionException: java.io.IOException: org.apache.ratis.thirdparty.io.grpc.StatusRuntimeException: UNAVAILABLE: io exception
	at java.base/java.util.concurrent.CompletableFuture.encodeThrowable(CompletableFuture.java:331)
	at java.base/java.util.concurrent.CompletableFuture.completeThrowable(CompletableFuture.java:346)
	at java.base/java.util.concurrent.CompletableFuture$UniApply.tryFire(CompletableFuture.java:632)
	at java.base/java.util.concurrent.CompletableFuture.postComplete(CompletableFuture.java:506)
	at java.base/java.util.concurrent.CompletableFuture.completeExceptionally(CompletableFuture.java:2094)
	at org.apache.ratis.grpc.client.GrpcClientProtocolClient$AsyncStreamObservers.completeReplyExceptionally(GrpcClientProtocolClient.java:394)
	at org.apache.ratis.grpc.client.GrpcClientProtocolClient$AsyncStreamObservers.access$000(GrpcClientProtocolClient.java:300)
	at org.apache.ratis.grpc.client.GrpcClientProtocolClient$AsyncStreamObservers$1.onError(GrpcClientProtocolClient.java:331)
	at org.apache.ratis.thirdparty.io.grpc.stub.ClientCalls$StreamObserverToCallListenerAdapter.onClose(ClientCalls.java:481)
	at org.apache.ratis.thirdparty.io.grpc.PartialForwardingClientCallListener.onClose(PartialForwardingClientCallListener.java:39)
	at org.apache.ratis.thirdparty.io.grpc.ForwardingClientCallListener.onClose(ForwardingClientCallListener.java:23)
	at org.apache.ratis.grpc.metrics.intercept.client.MetricClientCallListener.onClose(MetricClientCallListener.java:47)
	at org.apache.ratis.thirdparty.io.grpc.internal.DelayedClientCall$DelayedListener$3.run(DelayedClientCall.java:489)
	at org.apache.ratis.thirdparty.io.grpc.internal.DelayedClientCall$DelayedListener.delayOrExecute(DelayedClientCall.java:453)
	at org.apache.ratis.thirdparty.io.grpc.internal.DelayedClientCall$DelayedListener.onClose(DelayedClientCall.java:486)
	at org.apache.ratis.thirdparty.io.grpc.internal.ClientCallImpl.closeObserver(ClientCallImpl.java:567)
	at org.apache.ratis.thirdparty.io.grpc.internal.ClientCallImpl.access$300(ClientCallImpl.java:71)
	at org.apache.ratis.thirdparty.io.grpc.internal.ClientCallImpl$ClientStreamListenerImpl$1StreamClosed.runInternal(ClientCallImpl.java:735)
	at org.apache.ratis.thirdparty.io.grpc.internal.ClientCallImpl$ClientStreamListenerImpl$1StreamClosed.runInContext(ClientCallImpl.java:716)
	at org.apache.ratis.thirdparty.io.grpc.internal.ContextRunnable.run(ContextRunnable.java:37)
	at org.apache.ratis.thirdparty.io.grpc.internal.SerializingExecutor.run(SerializingExecutor.java:133)
	at java.base/java.util.concurrent.ThreadPoolExecutor.runWorker(ThreadPoolExecutor.java:1128)
	at java.base/java.util.concurrent.ThreadPoolExecutor$Worker.run(ThreadPoolExecutor.java:628)
	at java.base/java.lang.Thread.run(Thread.java:829)
Caused by: java.io.IOException: org.apache.ratis.thirdparty.io.grpc.StatusRuntimeException: UNAVAILABLE: io exception
	at org.apache.ratis.grpc.GrpcUtil.unwrapException(GrpcUtil.java:99)
	at org.apache.ratis.grpc.GrpcUtil.unwrapIOException(GrpcUtil.java:159)
	at org.apache.ratis.grpc.client.GrpcClientProtocolClient$AsyncStreamObservers$1.onError(GrpcClientProtocolClient.java:330)
	... 16 more
Caused by: org.apache.ratis.thirdparty.io.grpc.StatusRuntimeException: UNAVAILABLE: io exception
	at org.apache.ratis.thirdparty.io.grpc.Status.asRuntimeException(Status.java:537)
	... 16 more
Caused by: org.apache.ratis.thirdparty.io.netty.channel.AbstractChannel$AnnotatedConnectException: finishConnect(..) failed: Connection refused: localhost/127.0.0.1:43097
Caused by: java.net.ConnectException: finishConnect(..) failed: Connection refused
	at org.apache.ratis.thirdparty.io.netty.channel.unix.Errors.newConnectException0(Errors.java:166)
	at org.apache.ratis.thirdparty.io.netty.channel.unix.Errors.handleConnectErrno(Errors.java:131)
	at org.apache.ratis.thirdparty.io.netty.channel.unix.Socket.finishConnect(Socket.java:359)
	at org.apache.ratis.thirdparty.io.netty.channel.epoll.AbstractEpollChannel$AbstractEpollUnsafe.doFinishConnect(AbstractEpollChannel.java:710)
	at org.apache.ratis.thirdparty.io.netty.channel.epoll.AbstractEpollChannel$AbstractEpollUnsafe.finishConnect(AbstractEpollChannel.java:687)
	at org.apache.ratis.thirdparty.io.netty.channel.epoll.AbstractEpollChannel$AbstractEpollUnsafe.epollOutReady(AbstractEpollChannel.java:567)
	at org.apache.ratis.thirdparty.io.netty.channel.epoll.EpollEventLoop.processReady(EpollEventLoop.java:499)
	at org.apache.ratis.thirdparty.io.netty.channel.epoll.EpollEventLoop.run(EpollEventLoop.java:407)
	at org.apache.ratis.thirdparty.io.netty.util.concurrent.SingleThreadEventExecutor$4.run(SingleThreadEventExecutor.java:997)
	at org.apache.ratis.thirdparty.io.netty.util.internal.ThreadExecutorMap$2.run(ThreadExecutorMap.java:74)
	at org.apache.ratis.thirdparty.io.netty.util.concurrent.FastThreadLocalRunnable.run(FastThreadLocalRunnable.java:30)
	at java.base/java.lang.Thread.run(Thread.java:829)
2023-11-20 19:26:41,396 [grpc-default-executor-2] ERROR impl.OrderedAsync (OrderedAsync.java:lambda$sendRequest$9(247)) - client-E9C94F68C118: Failed* RaftClientRequest:client-E9C94F68C118->s0@group-F61A228DBE4A, cid=6, seq=1*, Watch(0), null
java.util.concurrent.CompletionException: java.io.IOException: org.apache.ratis.thirdparty.io.grpc.StatusRuntimeException: UNAVAILABLE: io exception
	at java.base/java.util.concurrent.CompletableFuture.encodeThrowable(CompletableFuture.java:331)
	at java.base/java.util.concurrent.CompletableFuture.completeThrowable(CompletableFuture.java:346)
	at java.base/java.util.concurrent.CompletableFuture$UniApply.tryFire(CompletableFuture.java:632)
	at java.base/java.util.concurrent.CompletableFuture.postComplete(CompletableFuture.java:506)
	at java.base/java.util.concurrent.CompletableFuture.completeExceptionally(CompletableFuture.java:2094)
	at org.apache.ratis.grpc.client.GrpcClientProtocolClient$AsyncStreamObservers.completeReplyExceptionally(GrpcClientProtocolClient.java:394)
	at org.apache.ratis.grpc.client.GrpcClientProtocolClient$AsyncStreamObservers.access$000(GrpcClientProtocolClient.java:300)
	at org.apache.ratis.grpc.client.GrpcClientProtocolClient$AsyncStreamObservers$1.onError(GrpcClientProtocolClient.java:331)
	at org.apache.ratis.thirdparty.io.grpc.stub.ClientCalls$StreamObserverToCallListenerAdapter.onClose(ClientCalls.java:481)
	at org.apache.ratis.thirdparty.io.grpc.PartialForwardingClientCallListener.onClose(PartialForwardingClientCallListener.java:39)
	at org.apache.ratis.thirdparty.io.grpc.ForwardingClientCallListener.onClose(ForwardingClientCallListener.java:23)
	at org.apache.ratis.grpc.metrics.intercept.client.MetricClientCallListener.onClose(MetricClientCallListener.java:47)
	at org.apache.ratis.thirdparty.io.grpc.internal.DelayedClientCall$DelayedListener$3.run(DelayedClientCall.java:489)
	at org.apache.ratis.thirdparty.io.grpc.internal.DelayedClientCall$DelayedListener.delayOrExecute(DelayedClientCall.java:453)
	at org.apache.ratis.thirdparty.io.grpc.internal.DelayedClientCall$DelayedListener.onClose(DelayedClientCall.java:486)
	at org.apache.ratis.thirdparty.io.grpc.internal.ClientCallImpl.closeObserver(ClientCallImpl.java:567)
	at org.apache.ratis.thirdparty.io.grpc.internal.ClientCallImpl.access$300(ClientCallImpl.java:71)
	at org.apache.ratis.thirdparty.io.grpc.internal.ClientCallImpl$ClientStreamListenerImpl$1StreamClosed.runInternal(ClientCallImpl.java:735)
	at org.apache.ratis.thirdparty.io.grpc.internal.ClientCallImpl$ClientStreamListenerImpl$1StreamClosed.runInContext(ClientCallImpl.java:716)
	at org.apache.ratis.thirdparty.io.grpc.internal.ContextRunnable.run(ContextRunnable.java:37)
	at org.apache.ratis.thirdparty.io.grpc.internal.SerializingExecutor.run(SerializingExecutor.java:133)
	at java.base/java.util.concurrent.ThreadPoolExecutor.runWorker(ThreadPoolExecutor.java:1128)
	at java.base/java.util.concurrent.ThreadPoolExecutor$Worker.run(ThreadPoolExecutor.java:628)
	at java.base/java.lang.Thread.run(Thread.java:829)
Caused by: java.io.IOException: org.apache.ratis.thirdparty.io.grpc.StatusRuntimeException: UNAVAILABLE: io exception
	at org.apache.ratis.grpc.GrpcUtil.unwrapException(GrpcUtil.java:99)
	at org.apache.ratis.grpc.GrpcUtil.unwrapIOException(GrpcUtil.java:159)
	at org.apache.ratis.grpc.client.GrpcClientProtocolClient$AsyncStreamObservers$1.onError(GrpcClientProtocolClient.java:330)
	... 16 more
Caused by: org.apache.ratis.thirdparty.io.grpc.StatusRuntimeException: UNAVAILABLE: io exception
	at org.apache.ratis.thirdparty.io.grpc.Status.asRuntimeException(Status.java:537)
	... 16 more
Caused by: org.apache.ratis.thirdparty.io.netty.channel.AbstractChannel$AnnotatedConnectException: finishConnect(..) failed: Connection refused: localhost/127.0.0.1:37411
Caused by: java.net.ConnectException: finishConnect(..) failed: Connection refused
	at org.apache.ratis.thirdparty.io.netty.channel.unix.Errors.newConnectException0(Errors.java:166)
	at org.apache.ratis.thirdparty.io.netty.channel.unix.Errors.handleConnectErrno(Errors.java:131)
	at org.apache.ratis.thirdparty.io.netty.channel.unix.Socket.finishConnect(Socket.java:359)
	at org.apache.ratis.thirdparty.io.netty.channel.epoll.AbstractEpollChannel$AbstractEpollUnsafe.doFinishConnect(AbstractEpollChannel.java:710)
	at org.apache.ratis.thirdparty.io.netty.channel.epoll.AbstractEpollChannel$AbstractEpollUnsafe.finishConnect(AbstractEpollChannel.java:687)
	at org.apache.ratis.thirdparty.io.netty.channel.epoll.AbstractEpollChannel$AbstractEpollUnsafe.epollOutReady(AbstractEpollChannel.java:567)
	at org.apache.ratis.thirdparty.io.netty.channel.epoll.EpollEventLoop.processReady(EpollEventLoop.java:499)
	at org.apache.ratis.thirdparty.io.netty.channel.epoll.EpollEventLoop.run(EpollEventLoop.java:407)
	at org.apache.ratis.thirdparty.io.netty.util.concurrent.SingleThreadEventExecutor$4.run(SingleThreadEventExecutor.java:997)
	at org.apache.ratis.thirdparty.io.netty.util.internal.ThreadExecutorMap$2.run(ThreadExecutorMap.java:74)
	at org.apache.ratis.thirdparty.io.netty.util.concurrent.FastThreadLocalRunnable.run(FastThreadLocalRunnable.java:30)
	at java.base/java.lang.Thread.run(Thread.java:829)
2023-11-20 19:26:41,501 [grpc-default-executor-4] ERROR impl.OrderedAsync (OrderedAsync.java:lambda$sendRequest$9(247)) - client-E9C94F68C118: Failed* RaftClientRequest:client-E9C94F68C118->s1@group-F61A228DBE4A, cid=6, seq=1*, Watch(0), null
java.util.concurrent.CompletionException: java.io.IOException: org.apache.ratis.thirdparty.io.grpc.StatusRuntimeException: UNAVAILABLE: io exception
	at java.base/java.util.concurrent.CompletableFuture.encodeThrowable(CompletableFuture.java:331)
	at java.base/java.util.concurrent.CompletableFuture.completeThrowable(CompletableFuture.java:346)
	at java.base/java.util.concurrent.CompletableFuture$UniApply.tryFire(CompletableFuture.java:632)
	at java.base/java.util.concurrent.CompletableFuture.postComplete(CompletableFuture.java:506)
	at java.base/java.util.concurrent.CompletableFuture.completeExceptionally(CompletableFuture.java:2094)
	at org.apache.ratis.grpc.client.GrpcClientProtocolClient$AsyncStreamObservers.completeReplyExceptionally(GrpcClientProtocolClient.java:394)
	at org.apache.ratis.grpc.client.GrpcClientProtocolClient$AsyncStreamObservers.access$000(GrpcClientProtocolClient.java:300)
	at org.apache.ratis.grpc.client.GrpcClientProtocolClient$AsyncStreamObservers$1.onError(GrpcClientProtocolClient.java:331)
	at org.apache.ratis.thirdparty.io.grpc.stub.ClientCalls$StreamObserverToCallListenerAdapter.onClose(ClientCalls.java:481)
	at org.apache.ratis.thirdparty.io.grpc.PartialForwardingClientCallListener.onClose(PartialForwardingClientCallListener.java:39)
	at org.apache.ratis.thirdparty.io.grpc.ForwardingClientCallListener.onClose(ForwardingClientCallListener.java:23)
	at org.apache.ratis.grpc.metrics.intercept.client.MetricClientCallListener.onClose(MetricClientCallListener.java:47)
	at org.apache.ratis.thirdparty.io.grpc.internal.DelayedClientCall$DelayedListener$3.run(DelayedClientCall.java:489)
	at org.apache.ratis.thirdparty.io.grpc.internal.DelayedClientCall$DelayedListener.delayOrExecute(DelayedClientCall.java:453)
	at org.apache.ratis.thirdparty.io.grpc.internal.DelayedClientCall$DelayedListener.onClose(DelayedClientCall.java:486)
	at org.apache.ratis.thirdparty.io.grpc.internal.ClientCallImpl.closeObserver(ClientCallImpl.java:567)
	at org.apache.ratis.thirdparty.io.grpc.internal.ClientCallImpl.access$300(ClientCallImpl.java:71)
	at org.apache.ratis.thirdparty.io.grpc.internal.ClientCallImpl$ClientStreamListenerImpl$1StreamClosed.runInternal(ClientCallImpl.java:735)
	at org.apache.ratis.thirdparty.io.grpc.internal.ClientCallImpl$ClientStreamListenerImpl$1StreamClosed.runInContext(ClientCallImpl.java:716)
	at org.apache.ratis.thirdparty.io.grpc.internal.ContextRunnable.run(ContextRunnable.java:37)
	at org.apache.ratis.thirdparty.io.grpc.internal.SerializingExecutor.run(SerializingExecutor.java:133)
	at java.base/java.util.concurrent.ThreadPoolExecutor.runWorker(ThreadPoolExecutor.java:1128)
	at java.base/java.util.concurrent.ThreadPoolExecutor$Worker.run(ThreadPoolExecutor.java:628)
	at java.base/java.lang.Thread.run(Thread.java:829)
Caused by: java.io.IOException: org.apache.ratis.thirdparty.io.grpc.StatusRuntimeException: UNAVAILABLE: io exception
	at org.apache.ratis.grpc.GrpcUtil.unwrapException(GrpcUtil.java:99)
	at org.apache.ratis.grpc.GrpcUtil.unwrapIOException(GrpcUtil.java:159)
	at org.apache.ratis.grpc.client.GrpcClientProtocolClient$AsyncStreamObservers$1.onError(GrpcClientProtocolClient.java:330)
	... 16 more
Caused by: org.apache.ratis.thirdparty.io.grpc.StatusRuntimeException: UNAVAILABLE: io exception
	at org.apache.ratis.thirdparty.io.grpc.Status.asRuntimeException(Status.java:537)
	... 16 more
Caused by: org.apache.ratis.thirdparty.io.netty.channel.AbstractChannel$AnnotatedConnectException: finishConnect(..) failed: Connection refused: localhost/127.0.0.1:46099
Caused by: java.net.ConnectException: finishConnect(..) failed: Connection refused
	at org.apache.ratis.thirdparty.io.netty.channel.unix.Errors.newConnectException0(Errors.java:166)
	at org.apache.ratis.thirdparty.io.netty.channel.unix.Errors.handleConnectErrno(Errors.java:131)
	at org.apache.ratis.thirdparty.io.netty.channel.unix.Socket.finishConnect(Socket.java:359)
	at org.apache.ratis.thirdparty.io.netty.channel.epoll.AbstractEpollChannel$AbstractEpollUnsafe.doFinishConnect(AbstractEpollChannel.java:710)
	at org.apache.ratis.thirdparty.io.netty.channel.epoll.AbstractEpollChannel$AbstractEpollUnsafe.finishConnect(AbstractEpollChannel.java:687)
	at org.apache.ratis.thirdparty.io.netty.channel.epoll.AbstractEpollChannel$AbstractEpollUnsafe.epollOutReady(AbstractEpollChannel.java:567)
	at org.apache.ratis.thirdparty.io.netty.channel.epoll.EpollEventLoop.processReady(EpollEventLoop.java:499)
	at org.apache.ratis.thirdparty.io.netty.channel.epoll.EpollEventLoop.run(EpollEventLoop.java:407)
	at org.apache.ratis.thirdparty.io.netty.util.concurrent.SingleThreadEventExecutor$4.run(SingleThreadEventExecutor.java:997)
	at org.apache.ratis.thirdparty.io.netty.util.internal.ThreadExecutorMap$2.run(ThreadExecutorMap.java:74)
	at org.apache.ratis.thirdparty.io.netty.util.concurrent.FastThreadLocalRunnable.run(FastThreadLocalRunnable.java:30)
	at java.base/java.lang.Thread.run(Thread.java:829)
2023-11-20 19:26:41,604 [grpc-default-executor-2] ERROR impl.OrderedAsync (OrderedAsync.java:lambda$sendRequest$9(247)) - client-E9C94F68C118: Failed* RaftClientRequest:client-E9C94F68C118->s2@group-F61A228DBE4A, cid=6, seq=1*, Watch(0), null
java.util.concurrent.CompletionException: java.io.IOException: org.apache.ratis.thirdparty.io.grpc.StatusRuntimeException: UNAVAILABLE: io exception
	at java.base/java.util.concurrent.CompletableFuture.encodeThrowable(CompletableFuture.java:331)
	at java.base/java.util.concurrent.CompletableFuture.completeThrowable(CompletableFuture.java:346)
	at java.base/java.util.concurrent.CompletableFuture$UniApply.tryFire(CompletableFuture.java:632)
	at java.base/java.util.concurrent.CompletableFuture.postComplete(CompletableFuture.java:506)
	at java.base/java.util.concurrent.CompletableFuture.completeExceptionally(CompletableFuture.java:2094)
	at org.apache.ratis.grpc.client.GrpcClientProtocolClient$AsyncStreamObservers.completeReplyExceptionally(GrpcClientProtocolClient.java:394)
	at org.apache.ratis.grpc.client.GrpcClientProtocolClient$AsyncStreamObservers.access$000(GrpcClientProtocolClient.java:300)
	at org.apache.ratis.grpc.client.GrpcClientProtocolClient$AsyncStreamObservers$1.onError(GrpcClientProtocolClient.java:331)
	at org.apache.ratis.thirdparty.io.grpc.stub.ClientCalls$StreamObserverToCallListenerAdapter.onClose(ClientCalls.java:481)
	at org.apache.ratis.thirdparty.io.grpc.PartialForwardingClientCallListener.onClose(PartialForwardingClientCallListener.java:39)
	at org.apache.ratis.thirdparty.io.grpc.ForwardingClientCallListener.onClose(ForwardingClientCallListener.java:23)
	at org.apache.ratis.grpc.metrics.intercept.client.MetricClientCallListener.onClose(MetricClientCallListener.java:47)
	at org.apache.ratis.thirdparty.io.grpc.internal.DelayedClientCall$DelayedListener$3.run(DelayedClientCall.java:489)
	at org.apache.ratis.thirdparty.io.grpc.internal.DelayedClientCall$DelayedListener.delayOrExecute(DelayedClientCall.java:453)
	at org.apache.ratis.thirdparty.io.grpc.internal.DelayedClientCall$DelayedListener.onClose(DelayedClientCall.java:486)
	at org.apache.ratis.thirdparty.io.grpc.internal.ClientCallImpl.closeObserver(ClientCallImpl.java:567)
	at org.apache.ratis.thirdparty.io.grpc.internal.ClientCallImpl.access$300(ClientCallImpl.java:71)
	at org.apache.ratis.thirdparty.io.grpc.internal.ClientCallImpl$ClientStreamListenerImpl$1StreamClosed.runInternal(ClientCallImpl.java:735)
	at org.apache.ratis.thirdparty.io.grpc.internal.ClientCallImpl$ClientStreamListenerImpl$1StreamClosed.runInContext(ClientCallImpl.java:716)
	at org.apache.ratis.thirdparty.io.grpc.internal.ContextRunnable.run(ContextRunnable.java:37)
	at org.apache.ratis.thirdparty.io.grpc.internal.SerializingExecutor.run(SerializingExecutor.java:133)
	at java.base/java.util.concurrent.ThreadPoolExecutor.runWorker(ThreadPoolExecutor.java:1128)
	at java.base/java.util.concurrent.ThreadPoolExecutor$Worker.run(ThreadPoolExecutor.java:628)
	at java.base/java.lang.Thread.run(Thread.java:829)
Caused by: java.io.IOException: org.apache.ratis.thirdparty.io.grpc.StatusRuntimeException: UNAVAILABLE: io exception
	at org.apache.ratis.grpc.GrpcUtil.unwrapException(GrpcUtil.java:99)
	at org.apache.ratis.grpc.GrpcUtil.unwrapIOException(GrpcUtil.java:159)
	at org.apache.ratis.grpc.client.GrpcClientProtocolClient$AsyncStreamObservers$1.onError(GrpcClientProtocolClient.java:330)
	... 16 more
Caused by: org.apache.ratis.thirdparty.io.grpc.StatusRuntimeException: UNAVAILABLE: io exception
	at org.apache.ratis.thirdparty.io.grpc.Status.asRuntimeException(Status.java:537)
	... 16 more
Caused by: org.apache.ratis.thirdparty.io.netty.channel.AbstractChannel$AnnotatedConnectException: finishConnect(..) failed: Connection refused: localhost/127.0.0.1:43097
Caused by: java.net.ConnectException: finishConnect(..) failed: Connection refused
	at org.apache.ratis.thirdparty.io.netty.channel.unix.Errors.newConnectException0(Errors.java:166)
	at org.apache.ratis.thirdparty.io.netty.channel.unix.Errors.handleConnectErrno(Errors.java:131)
	at org.apache.ratis.thirdparty.io.netty.channel.unix.Socket.finishConnect(Socket.java:359)
	at org.apache.ratis.thirdparty.io.netty.channel.epoll.AbstractEpollChannel$AbstractEpollUnsafe.doFinishConnect(AbstractEpollChannel.java:710)
	at org.apache.ratis.thirdparty.io.netty.channel.epoll.AbstractEpollChannel$AbstractEpollUnsafe.finishConnect(AbstractEpollChannel.java:687)
	at org.apache.ratis.thirdparty.io.netty.channel.epoll.AbstractEpollChannel$AbstractEpollUnsafe.epollOutReady(AbstractEpollChannel.java:567)
	at org.apache.ratis.thirdparty.io.netty.channel.epoll.EpollEventLoop.processReady(EpollEventLoop.java:499)
	at org.apache.ratis.thirdparty.io.netty.channel.epoll.EpollEventLoop.run(EpollEventLoop.java:407)
	at org.apache.ratis.thirdparty.io.netty.util.concurrent.SingleThreadEventExecutor$4.run(SingleThreadEventExecutor.java:997)
	at org.apache.ratis.thirdparty.io.netty.util.internal.ThreadExecutorMap$2.run(ThreadExecutorMap.java:74)
	at org.apache.ratis.thirdparty.io.netty.util.concurrent.FastThreadLocalRunnable.run(FastThreadLocalRunnable.java:30)
	at java.base/java.lang.Thread.run(Thread.java:829)
2023-11-20 19:26:41,708 [grpc-default-executor-0] ERROR impl.OrderedAsync (OrderedAsync.java:lambda$sendRequest$9(247)) - client-E9C94F68C118: Failed* RaftClientRequest:client-E9C94F68C118->s1@group-F61A228DBE4A, cid=6, seq=1*, Watch(0), null
java.util.concurrent.CompletionException: java.io.IOException: org.apache.ratis.thirdparty.io.grpc.StatusRuntimeException: UNAVAILABLE: io exception
	at java.base/java.util.concurrent.CompletableFuture.encodeThrowable(CompletableFuture.java:331)
	at java.base/java.util.concurrent.CompletableFuture.completeThrowable(CompletableFuture.java:346)
	at java.base/java.util.concurrent.CompletableFuture$UniApply.tryFire(CompletableFuture.java:632)
	at java.base/java.util.concurrent.CompletableFuture.postComplete(CompletableFuture.java:506)
	at java.base/java.util.concurrent.CompletableFuture.completeExceptionally(CompletableFuture.java:2094)
	at org.apache.ratis.grpc.client.GrpcClientProtocolClient$AsyncStreamObservers.completeReplyExceptionally(GrpcClientProtocolClient.java:394)
	at org.apache.ratis.grpc.client.GrpcClientProtocolClient$AsyncStreamObservers.access$000(GrpcClientProtocolClient.java:300)
	at org.apache.ratis.grpc.client.GrpcClientProtocolClient$AsyncStreamObservers$1.onError(GrpcClientProtocolClient.java:331)
	at org.apache.ratis.thirdparty.io.grpc.stub.ClientCalls$StreamObserverToCallListenerAdapter.onClose(ClientCalls.java:481)
	at org.apache.ratis.thirdparty.io.grpc.PartialForwardingClientCallListener.onClose(PartialForwardingClientCallListener.java:39)
	at org.apache.ratis.thirdparty.io.grpc.ForwardingClientCallListener.onClose(ForwardingClientCallListener.java:23)
	at org.apache.ratis.grpc.metrics.intercept.client.MetricClientCallListener.onClose(MetricClientCallListener.java:47)
	at org.apache.ratis.thirdparty.io.grpc.internal.DelayedClientCall$DelayedListener$3.run(DelayedClientCall.java:489)
	at org.apache.ratis.thirdparty.io.grpc.internal.DelayedClientCall$DelayedListener.delayOrExecute(DelayedClientCall.java:453)
	at org.apache.ratis.thirdparty.io.grpc.internal.DelayedClientCall$DelayedListener.onClose(DelayedClientCall.java:486)
	at org.apache.ratis.thirdparty.io.grpc.internal.ClientCallImpl.closeObserver(ClientCallImpl.java:567)
	at org.apache.ratis.thirdparty.io.grpc.internal.ClientCallImpl.access$300(ClientCallImpl.java:71)
	at org.apache.ratis.thirdparty.io.grpc.internal.ClientCallImpl$ClientStreamListenerImpl$1StreamClosed.runInternal(ClientCallImpl.java:735)
	at org.apache.ratis.thirdparty.io.grpc.internal.ClientCallImpl$ClientStreamListenerImpl$1StreamClosed.runInContext(ClientCallImpl.java:716)
	at org.apache.ratis.thirdparty.io.grpc.internal.ContextRunnable.run(ContextRunnable.java:37)
	at org.apache.ratis.thirdparty.io.grpc.internal.SerializingExecutor.run(SerializingExecutor.java:133)
	at java.base/java.util.concurrent.ThreadPoolExecutor.runWorker(ThreadPoolExecutor.java:1128)
	at java.base/java.util.concurrent.ThreadPoolExecutor$Worker.run(ThreadPoolExecutor.java:628)
	at java.base/java.lang.Thread.run(Thread.java:829)
Caused by: java.io.IOException: org.apache.ratis.thirdparty.io.grpc.StatusRuntimeException: UNAVAILABLE: io exception
	at org.apache.ratis.grpc.GrpcUtil.unwrapException(GrpcUtil.java:99)
	at org.apache.ratis.grpc.GrpcUtil.unwrapIOException(GrpcUtil.java:159)
	at org.apache.ratis.grpc.client.GrpcClientProtocolClient$AsyncStreamObservers$1.onError(GrpcClientProtocolClient.java:330)
	... 16 more
Caused by: org.apache.ratis.thirdparty.io.grpc.StatusRuntimeException: UNAVAILABLE: io exception
	at org.apache.ratis.thirdparty.io.grpc.Status.asRuntimeException(Status.java:537)
	... 16 more
Caused by: org.apache.ratis.thirdparty.io.netty.channel.AbstractChannel$AnnotatedConnectException: finishConnect(..) failed: Connection refused: localhost/127.0.0.1:46099
Caused by: java.net.ConnectException: finishConnect(..) failed: Connection refused
	at org.apache.ratis.thirdparty.io.netty.channel.unix.Errors.newConnectException0(Errors.java:166)
	at org.apache.ratis.thirdparty.io.netty.channel.unix.Errors.handleConnectErrno(Errors.java:131)
	at org.apache.ratis.thirdparty.io.netty.channel.unix.Socket.finishConnect(Socket.java:359)
	at org.apache.ratis.thirdparty.io.netty.channel.epoll.AbstractEpollChannel$AbstractEpollUnsafe.doFinishConnect(AbstractEpollChannel.java:710)
	at org.apache.ratis.thirdparty.io.netty.channel.epoll.AbstractEpollChannel$AbstractEpollUnsafe.finishConnect(AbstractEpollChannel.java:687)
	at org.apache.ratis.thirdparty.io.netty.channel.epoll.AbstractEpollChannel$AbstractEpollUnsafe.epollOutReady(AbstractEpollChannel.java:567)
	at org.apache.ratis.thirdparty.io.netty.channel.epoll.EpollEventLoop.processReady(EpollEventLoop.java:499)
	at org.apache.ratis.thirdparty.io.netty.channel.epoll.EpollEventLoop.run(EpollEventLoop.java:407)
	at org.apache.ratis.thirdparty.io.netty.util.concurrent.SingleThreadEventExecutor$4.run(SingleThreadEventExecutor.java:997)
	at org.apache.ratis.thirdparty.io.netty.util.internal.ThreadExecutorMap$2.run(ThreadExecutorMap.java:74)
	at org.apache.ratis.thirdparty.io.netty.util.concurrent.FastThreadLocalRunnable.run(FastThreadLocalRunnable.java:30)
	at java.base/java.lang.Thread.run(Thread.java:829)
2023-11-20 19:26:41,812 [grpc-default-executor-4] ERROR impl.OrderedAsync (OrderedAsync.java:lambda$sendRequest$9(247)) - client-E9C94F68C118: Failed* RaftClientRequest:client-E9C94F68C118->s2@group-F61A228DBE4A, cid=6, seq=1*, Watch(0), null
java.util.concurrent.CompletionException: java.io.IOException: org.apache.ratis.thirdparty.io.grpc.StatusRuntimeException: UNAVAILABLE: io exception
	at java.base/java.util.concurrent.CompletableFuture.encodeThrowable(CompletableFuture.java:331)
	at java.base/java.util.concurrent.CompletableFuture.completeThrowable(CompletableFuture.java:346)
	at java.base/java.util.concurrent.CompletableFuture$UniApply.tryFire(CompletableFuture.java:632)
	at java.base/java.util.concurrent.CompletableFuture.postComplete(CompletableFuture.java:506)
	at java.base/java.util.concurrent.CompletableFuture.completeExceptionally(CompletableFuture.java:2094)
	at org.apache.ratis.grpc.client.GrpcClientProtocolClient$AsyncStreamObservers.completeReplyExceptionally(GrpcClientProtocolClient.java:394)
	at org.apache.ratis.grpc.client.GrpcClientProtocolClient$AsyncStreamObservers.access$000(GrpcClientProtocolClient.java:300)
	at org.apache.ratis.grpc.client.GrpcClientProtocolClient$AsyncStreamObservers$1.onError(GrpcClientProtocolClient.java:331)
	at org.apache.ratis.thirdparty.io.grpc.stub.ClientCalls$StreamObserverToCallListenerAdapter.onClose(ClientCalls.java:481)
	at org.apache.ratis.thirdparty.io.grpc.PartialForwardingClientCallListener.onClose(PartialForwardingClientCallListener.java:39)
	at org.apache.ratis.thirdparty.io.grpc.ForwardingClientCallListener.onClose(ForwardingClientCallListener.java:23)
	at org.apache.ratis.grpc.metrics.intercept.client.MetricClientCallListener.onClose(MetricClientCallListener.java:47)
	at org.apache.ratis.thirdparty.io.grpc.internal.DelayedClientCall$DelayedListener$3.run(DelayedClientCall.java:489)
	at org.apache.ratis.thirdparty.io.grpc.internal.DelayedClientCall$DelayedListener.delayOrExecute(DelayedClientCall.java:453)
	at org.apache.ratis.thirdparty.io.grpc.internal.DelayedClientCall$DelayedListener.onClose(DelayedClientCall.java:486)
	at org.apache.ratis.thirdparty.io.grpc.internal.ClientCallImpl.closeObserver(ClientCallImpl.java:567)
	at org.apache.ratis.thirdparty.io.grpc.internal.ClientCallImpl.access$300(ClientCallImpl.java:71)
	at org.apache.ratis.thirdparty.io.grpc.internal.ClientCallImpl$ClientStreamListenerImpl$1StreamClosed.runInternal(ClientCallImpl.java:735)
	at org.apache.ratis.thirdparty.io.grpc.internal.ClientCallImpl$ClientStreamListenerImpl$1StreamClosed.runInContext(ClientCallImpl.java:716)
	at org.apache.ratis.thirdparty.io.grpc.internal.ContextRunnable.run(ContextRunnable.java:37)
	at org.apache.ratis.thirdparty.io.grpc.internal.SerializingExecutor.run(SerializingExecutor.java:133)
	at java.base/java.util.concurrent.ThreadPoolExecutor.runWorker(ThreadPoolExecutor.java:1128)
	at java.base/java.util.concurrent.ThreadPoolExecutor$Worker.run(ThreadPoolExecutor.java:628)
	at java.base/java.lang.Thread.run(Thread.java:829)
Caused by: java.io.IOException: org.apache.ratis.thirdparty.io.grpc.StatusRuntimeException: UNAVAILABLE: io exception
	at org.apache.ratis.grpc.GrpcUtil.unwrapException(GrpcUtil.java:99)
	at org.apache.ratis.grpc.GrpcUtil.unwrapIOException(GrpcUtil.java:159)
	at org.apache.ratis.grpc.client.GrpcClientProtocolClient$AsyncStreamObservers$1.onError(GrpcClientProtocolClient.java:330)
	... 16 more
Caused by: org.apache.ratis.thirdparty.io.grpc.StatusRuntimeException: UNAVAILABLE: io exception
	at org.apache.ratis.thirdparty.io.grpc.Status.asRuntimeException(Status.java:537)
	... 16 more
Caused by: org.apache.ratis.thirdparty.io.netty.channel.AbstractChannel$AnnotatedConnectException: finishConnect(..) failed: Connection refused: localhost/127.0.0.1:43097
Caused by: java.net.ConnectException: finishConnect(..) failed: Connection refused
	at org.apache.ratis.thirdparty.io.netty.channel.unix.Errors.newConnectException0(Errors.java:166)
	at org.apache.ratis.thirdparty.io.netty.channel.unix.Errors.handleConnectErrno(Errors.java:131)
	at org.apache.ratis.thirdparty.io.netty.channel.unix.Socket.finishConnect(Socket.java:359)
	at org.apache.ratis.thirdparty.io.netty.channel.epoll.AbstractEpollChannel$AbstractEpollUnsafe.doFinishConnect(AbstractEpollChannel.java:710)
	at org.apache.ratis.thirdparty.io.netty.channel.epoll.AbstractEpollChannel$AbstractEpollUnsafe.finishConnect(AbstractEpollChannel.java:687)
	at org.apache.ratis.thirdparty.io.netty.channel.epoll.AbstractEpollChannel$AbstractEpollUnsafe.epollOutReady(AbstractEpollChannel.java:567)
	at org.apache.ratis.thirdparty.io.netty.channel.epoll.EpollEventLoop.processReady(EpollEventLoop.java:499)
	at org.apache.ratis.thirdparty.io.netty.channel.epoll.EpollEventLoop.run(EpollEventLoop.java:407)
	at org.apache.ratis.thirdparty.io.netty.util.concurrent.SingleThreadEventExecutor$4.run(SingleThreadEventExecutor.java:997)
	at org.apache.ratis.thirdparty.io.netty.util.internal.ThreadExecutorMap$2.run(ThreadExecutorMap.java:74)
	at org.apache.ratis.thirdparty.io.netty.util.concurrent.FastThreadLocalRunnable.run(FastThreadLocalRunnable.java:30)
	at java.base/java.lang.Thread.run(Thread.java:829)
2023-11-20 19:26:41,916 [grpc-default-executor-0] ERROR impl.OrderedAsync (OrderedAsync.java:lambda$sendRequest$9(247)) - client-E9C94F68C118: Failed* RaftClientRequest:client-E9C94F68C118->s1@group-F61A228DBE4A, cid=6, seq=1*, Watch(0), null
java.util.concurrent.CompletionException: java.io.IOException: org.apache.ratis.thirdparty.io.grpc.StatusRuntimeException: UNAVAILABLE: io exception
	at java.base/java.util.concurrent.CompletableFuture.encodeThrowable(CompletableFuture.java:331)
	at java.base/java.util.concurrent.CompletableFuture.completeThrowable(CompletableFuture.java:346)
	at java.base/java.util.concurrent.CompletableFuture$UniApply.tryFire(CompletableFuture.java:632)
	at java.base/java.util.concurrent.CompletableFuture.postComplete(CompletableFuture.java:506)
	at java.base/java.util.concurrent.CompletableFuture.completeExceptionally(CompletableFuture.java:2094)
	at org.apache.ratis.grpc.client.GrpcClientProtocolClient$AsyncStreamObservers.completeReplyExceptionally(GrpcClientProtocolClient.java:394)
	at org.apache.ratis.grpc.client.GrpcClientProtocolClient$AsyncStreamObservers.access$000(GrpcClientProtocolClient.java:300)
	at org.apache.ratis.grpc.client.GrpcClientProtocolClient$AsyncStreamObservers$1.onError(GrpcClientProtocolClient.java:331)
	at org.apache.ratis.thirdparty.io.grpc.stub.ClientCalls$StreamObserverToCallListenerAdapter.onClose(ClientCalls.java:481)
	at org.apache.ratis.thirdparty.io.grpc.PartialForwardingClientCallListener.onClose(PartialForwardingClientCallListener.java:39)
	at org.apache.ratis.thirdparty.io.grpc.ForwardingClientCallListener.onClose(ForwardingClientCallListener.java:23)
	at org.apache.ratis.grpc.metrics.intercept.client.MetricClientCallListener.onClose(MetricClientCallListener.java:47)
	at org.apache.ratis.thirdparty.io.grpc.internal.DelayedClientCall$DelayedListener$3.run(DelayedClientCall.java:489)
	at org.apache.ratis.thirdparty.io.grpc.internal.DelayedClientCall$DelayedListener.delayOrExecute(DelayedClientCall.java:453)
	at org.apache.ratis.thirdparty.io.grpc.internal.DelayedClientCall$DelayedListener.onClose(DelayedClientCall.java:486)
	at org.apache.ratis.thirdparty.io.grpc.internal.ClientCallImpl.closeObserver(ClientCallImpl.java:567)
	at org.apache.ratis.thirdparty.io.grpc.internal.ClientCallImpl.access$300(ClientCallImpl.java:71)
	at org.apache.ratis.thirdparty.io.grpc.internal.ClientCallImpl$ClientStreamListenerImpl$1StreamClosed.runInternal(ClientCallImpl.java:735)
	at org.apache.ratis.thirdparty.io.grpc.internal.ClientCallImpl$ClientStreamListenerImpl$1StreamClosed.runInContext(ClientCallImpl.java:716)
	at org.apache.ratis.thirdparty.io.grpc.internal.ContextRunnable.run(ContextRunnable.java:37)
	at org.apache.ratis.thirdparty.io.grpc.internal.SerializingExecutor.run(SerializingExecutor.java:133)
	at java.base/java.util.concurrent.ThreadPoolExecutor.runWorker(ThreadPoolExecutor.java:1128)
	at java.base/java.util.concurrent.ThreadPoolExecutor$Worker.run(ThreadPoolExecutor.java:628)
	at java.base/java.lang.Thread.run(Thread.java:829)
Caused by: java.io.IOException: org.apache.ratis.thirdparty.io.grpc.StatusRuntimeException: UNAVAILABLE: io exception
	at org.apache.ratis.grpc.GrpcUtil.unwrapException(GrpcUtil.java:99)
	at org.apache.ratis.grpc.GrpcUtil.unwrapIOException(GrpcUtil.java:159)
	at org.apache.ratis.grpc.client.GrpcClientProtocolClient$AsyncStreamObservers$1.onError(GrpcClientProtocolClient.java:330)
	... 16 more
Caused by: org.apache.ratis.thirdparty.io.grpc.StatusRuntimeException: UNAVAILABLE: io exception
	at org.apache.ratis.thirdparty.io.grpc.Status.asRuntimeException(Status.java:537)
	... 16 more
Caused by: org.apache.ratis.thirdparty.io.netty.channel.AbstractChannel$AnnotatedConnectException: finishConnect(..) failed: Connection refused: localhost/127.0.0.1:46099
Caused by: java.net.ConnectException: finishConnect(..) failed: Connection refused
	at org.apache.ratis.thirdparty.io.netty.channel.unix.Errors.newConnectException0(Errors.java:166)
	at org.apache.ratis.thirdparty.io.netty.channel.unix.Errors.handleConnectErrno(Errors.java:131)
	at org.apache.ratis.thirdparty.io.netty.channel.unix.Socket.finishConnect(Socket.java:359)
	at org.apache.ratis.thirdparty.io.netty.channel.epoll.AbstractEpollChannel$AbstractEpollUnsafe.doFinishConnect(AbstractEpollChannel.java:710)
	at org.apache.ratis.thirdparty.io.netty.channel.epoll.AbstractEpollChannel$AbstractEpollUnsafe.finishConnect(AbstractEpollChannel.java:687)
	at org.apache.ratis.thirdparty.io.netty.channel.epoll.AbstractEpollChannel$AbstractEpollUnsafe.epollOutReady(AbstractEpollChannel.java:567)
	at org.apache.ratis.thirdparty.io.netty.channel.epoll.EpollEventLoop.processReady(EpollEventLoop.java:499)
	at org.apache.ratis.thirdparty.io.netty.channel.epoll.EpollEventLoop.run(EpollEventLoop.java:407)
	at org.apache.ratis.thirdparty.io.netty.util.concurrent.SingleThreadEventExecutor$4.run(SingleThreadEventExecutor.java:997)
	at org.apache.ratis.thirdparty.io.netty.util.internal.ThreadExecutorMap$2.run(ThreadExecutorMap.java:74)
	at org.apache.ratis.thirdparty.io.netty.util.concurrent.FastThreadLocalRunnable.run(FastThreadLocalRunnable.java:30)
	at java.base/java.lang.Thread.run(Thread.java:829)
2023-11-20 19:26:42,020 [grpc-default-executor-4] ERROR impl.OrderedAsync (OrderedAsync.java:lambda$sendRequest$9(247)) - client-E9C94F68C118: Failed* RaftClientRequest:client-E9C94F68C118->s2@group-F61A228DBE4A, cid=6, seq=1*, Watch(0), null
java.util.concurrent.CompletionException: java.io.IOException: org.apache.ratis.thirdparty.io.grpc.StatusRuntimeException: UNAVAILABLE: io exception
	at java.base/java.util.concurrent.CompletableFuture.encodeThrowable(CompletableFuture.java:331)
	at java.base/java.util.concurrent.CompletableFuture.completeThrowable(CompletableFuture.java:346)
	at java.base/java.util.concurrent.CompletableFuture$UniApply.tryFire(CompletableFuture.java:632)
	at java.base/java.util.concurrent.CompletableFuture.postComplete(CompletableFuture.java:506)
	at java.base/java.util.concurrent.CompletableFuture.completeExceptionally(CompletableFuture.java:2094)
	at org.apache.ratis.grpc.client.GrpcClientProtocolClient$AsyncStreamObservers.completeReplyExceptionally(GrpcClientProtocolClient.java:394)
	at org.apache.ratis.grpc.client.GrpcClientProtocolClient$AsyncStreamObservers.access$000(GrpcClientProtocolClient.java:300)
	at org.apache.ratis.grpc.client.GrpcClientProtocolClient$AsyncStreamObservers$1.onError(GrpcClientProtocolClient.java:331)
	at org.apache.ratis.thirdparty.io.grpc.stub.ClientCalls$StreamObserverToCallListenerAdapter.onClose(ClientCalls.java:481)
	at org.apache.ratis.thirdparty.io.grpc.PartialForwardingClientCallListener.onClose(PartialForwardingClientCallListener.java:39)
	at org.apache.ratis.thirdparty.io.grpc.ForwardingClientCallListener.onClose(ForwardingClientCallListener.java:23)
	at org.apache.ratis.grpc.metrics.intercept.client.MetricClientCallListener.onClose(MetricClientCallListener.java:47)
	at org.apache.ratis.thirdparty.io.grpc.internal.DelayedClientCall$DelayedListener$3.run(DelayedClientCall.java:489)
	at org.apache.ratis.thirdparty.io.grpc.internal.DelayedClientCall$DelayedListener.delayOrExecute(DelayedClientCall.java:453)
	at org.apache.ratis.thirdparty.io.grpc.internal.DelayedClientCall$DelayedListener.onClose(DelayedClientCall.java:486)
	at org.apache.ratis.thirdparty.io.grpc.internal.ClientCallImpl.closeObserver(ClientCallImpl.java:567)
	at org.apache.ratis.thirdparty.io.grpc.internal.ClientCallImpl.access$300(ClientCallImpl.java:71)
	at org.apache.ratis.thirdparty.io.grpc.internal.ClientCallImpl$ClientStreamListenerImpl$1StreamClosed.runInternal(ClientCallImpl.java:735)
	at org.apache.ratis.thirdparty.io.grpc.internal.ClientCallImpl$ClientStreamListenerImpl$1StreamClosed.runInContext(ClientCallImpl.java:716)
	at org.apache.ratis.thirdparty.io.grpc.internal.ContextRunnable.run(ContextRunnable.java:37)
	at org.apache.ratis.thirdparty.io.grpc.internal.SerializingExecutor.run(SerializingExecutor.java:133)
	at java.base/java.util.concurrent.ThreadPoolExecutor.runWorker(ThreadPoolExecutor.java:1128)
	at java.base/java.util.concurrent.ThreadPoolExecutor$Worker.run(ThreadPoolExecutor.java:628)
	at java.base/java.lang.Thread.run(Thread.java:829)
Caused by: java.io.IOException: org.apache.ratis.thirdparty.io.grpc.StatusRuntimeException: UNAVAILABLE: io exception
	at org.apache.ratis.grpc.GrpcUtil.unwrapException(GrpcUtil.java:99)
	at org.apache.ratis.grpc.GrpcUtil.unwrapIOException(GrpcUtil.java:159)
	at org.apache.ratis.grpc.client.GrpcClientProtocolClient$AsyncStreamObservers$1.onError(GrpcClientProtocolClient.java:330)
	... 16 more
Caused by: org.apache.ratis.thirdparty.io.grpc.StatusRuntimeException: UNAVAILABLE: io exception
	at org.apache.ratis.thirdparty.io.grpc.Status.asRuntimeException(Status.java:537)
	... 16 more
Caused by: org.apache.ratis.thirdparty.io.netty.channel.AbstractChannel$AnnotatedConnectException: finishConnect(..) failed: Connection refused: localhost/127.0.0.1:43097
Caused by: java.net.ConnectException: finishConnect(..) failed: Connection refused
	at org.apache.ratis.thirdparty.io.netty.channel.unix.Errors.newConnectException0(Errors.java:166)
	at org.apache.ratis.thirdparty.io.netty.channel.unix.Errors.handleConnectErrno(Errors.java:131)
	at org.apache.ratis.thirdparty.io.netty.channel.unix.Socket.finishConnect(Socket.java:359)
	at org.apache.ratis.thirdparty.io.netty.channel.epoll.AbstractEpollChannel$AbstractEpollUnsafe.doFinishConnect(AbstractEpollChannel.java:710)
	at org.apache.ratis.thirdparty.io.netty.channel.epoll.AbstractEpollChannel$AbstractEpollUnsafe.finishConnect(AbstractEpollChannel.java:687)
	at org.apache.ratis.thirdparty.io.netty.channel.epoll.AbstractEpollChannel$AbstractEpollUnsafe.epollOutReady(AbstractEpollChannel.java:567)
	at org.apache.ratis.thirdparty.io.netty.channel.epoll.EpollEventLoop.processReady(EpollEventLoop.java:499)
	at org.apache.ratis.thirdparty.io.netty.channel.epoll.EpollEventLoop.run(EpollEventLoop.java:407)
	at org.apache.ratis.thirdparty.io.netty.util.concurrent.SingleThreadEventExecutor$4.run(SingleThreadEventExecutor.java:997)
	at org.apache.ratis.thirdparty.io.netty.util.internal.ThreadExecutorMap$2.run(ThreadExecutorMap.java:74)
	at org.apache.ratis.thirdparty.io.netty.util.concurrent.FastThreadLocalRunnable.run(FastThreadLocalRunnable.java:30)
	at java.base/java.lang.Thread.run(Thread.java:829)
2023-11-20 19:26:42,124 [grpc-default-executor-0] ERROR impl.OrderedAsync (OrderedAsync.java:lambda$sendRequest$9(247)) - client-E9C94F68C118: Failed* RaftClientRequest:client-E9C94F68C118->s0@group-F61A228DBE4A, cid=6, seq=1*, Watch(0), null
java.util.concurrent.CompletionException: java.io.IOException: org.apache.ratis.thirdparty.io.grpc.StatusRuntimeException: UNAVAILABLE: io exception
	at java.base/java.util.concurrent.CompletableFuture.encodeThrowable(CompletableFuture.java:331)
	at java.base/java.util.concurrent.CompletableFuture.completeThrowable(CompletableFuture.java:346)
	at java.base/java.util.concurrent.CompletableFuture$UniApply.tryFire(CompletableFuture.java:632)
	at java.base/java.util.concurrent.CompletableFuture.postComplete(CompletableFuture.java:506)
	at java.base/java.util.concurrent.CompletableFuture.completeExceptionally(CompletableFuture.java:2094)
	at org.apache.ratis.grpc.client.GrpcClientProtocolClient$AsyncStreamObservers.completeReplyExceptionally(GrpcClientProtocolClient.java:394)
	at org.apache.ratis.grpc.client.GrpcClientProtocolClient$AsyncStreamObservers.access$000(GrpcClientProtocolClient.java:300)
	at org.apache.ratis.grpc.client.GrpcClientProtocolClient$AsyncStreamObservers$1.onError(GrpcClientProtocolClient.java:331)
	at org.apache.ratis.thirdparty.io.grpc.stub.ClientCalls$StreamObserverToCallListenerAdapter.onClose(ClientCalls.java:481)
	at org.apache.ratis.thirdparty.io.grpc.PartialForwardingClientCallListener.onClose(PartialForwardingClientCallListener.java:39)
	at org.apache.ratis.thirdparty.io.grpc.ForwardingClientCallListener.onClose(ForwardingClientCallListener.java:23)
	at org.apache.ratis.grpc.metrics.intercept.client.MetricClientCallListener.onClose(MetricClientCallListener.java:47)
	at org.apache.ratis.thirdparty.io.grpc.internal.DelayedClientCall$DelayedListener$3.run(DelayedClientCall.java:489)
	at org.apache.ratis.thirdparty.io.grpc.internal.DelayedClientCall$DelayedListener.delayOrExecute(DelayedClientCall.java:453)
	at org.apache.ratis.thirdparty.io.grpc.internal.DelayedClientCall$DelayedListener.onClose(DelayedClientCall.java:486)
	at org.apache.ratis.thirdparty.io.grpc.internal.ClientCallImpl.closeObserver(ClientCallImpl.java:567)
	at org.apache.ratis.thirdparty.io.grpc.internal.ClientCallImpl.access$300(ClientCallImpl.java:71)
	at org.apache.ratis.thirdparty.io.grpc.internal.ClientCallImpl$ClientStreamListenerImpl$1StreamClosed.runInternal(ClientCallImpl.java:735)
	at org.apache.ratis.thirdparty.io.grpc.internal.ClientCallImpl$ClientStreamListenerImpl$1StreamClosed.runInContext(ClientCallImpl.java:716)
	at org.apache.ratis.thirdparty.io.grpc.internal.ContextRunnable.run(ContextRunnable.java:37)
	at org.apache.ratis.thirdparty.io.grpc.internal.SerializingExecutor.run(SerializingExecutor.java:133)
	at java.base/java.util.concurrent.ThreadPoolExecutor.runWorker(ThreadPoolExecutor.java:1128)
	at java.base/java.util.concurrent.ThreadPoolExecutor$Worker.run(ThreadPoolExecutor.java:628)
	at java.base/java.lang.Thread.run(Thread.java:829)
Caused by: java.io.IOException: org.apache.ratis.thirdparty.io.grpc.StatusRuntimeException: UNAVAILABLE: io exception
	at org.apache.ratis.grpc.GrpcUtil.unwrapException(GrpcUtil.java:99)
	at org.apache.ratis.grpc.GrpcUtil.unwrapIOException(GrpcUtil.java:159)
	at org.apache.ratis.grpc.client.GrpcClientProtocolClient$AsyncStreamObservers$1.onError(GrpcClientProtocolClient.java:330)
	... 16 more
Caused by: org.apache.ratis.thirdparty.io.grpc.StatusRuntimeException: UNAVAILABLE: io exception
	at org.apache.ratis.thirdparty.io.grpc.Status.asRuntimeException(Status.java:537)
	... 16 more
Caused by: org.apache.ratis.thirdparty.io.netty.channel.AbstractChannel$AnnotatedConnectException: finishConnect(..) failed: Connection refused: localhost/127.0.0.1:37411
Caused by: java.net.ConnectException: finishConnect(..) failed: Connection refused
	at org.apache.ratis.thirdparty.io.netty.channel.unix.Errors.newConnectException0(Errors.java:166)
	at org.apache.ratis.thirdparty.io.netty.channel.unix.Errors.handleConnectErrno(Errors.java:131)
	at org.apache.ratis.thirdparty.io.netty.channel.unix.Socket.finishConnect(Socket.java:359)
	at org.apache.ratis.thirdparty.io.netty.channel.epoll.AbstractEpollChannel$AbstractEpollUnsafe.doFinishConnect(AbstractEpollChannel.java:710)
	at org.apache.ratis.thirdparty.io.netty.channel.epoll.AbstractEpollChannel$AbstractEpollUnsafe.finishConnect(AbstractEpollChannel.java:687)
	at org.apache.ratis.thirdparty.io.netty.channel.epoll.AbstractEpollChannel$AbstractEpollUnsafe.epollOutReady(AbstractEpollChannel.java:567)
	at org.apache.ratis.thirdparty.io.netty.channel.epoll.EpollEventLoop.processReady(EpollEventLoop.java:499)
	at org.apache.ratis.thirdparty.io.netty.channel.epoll.EpollEventLoop.run(EpollEventLoop.java:407)
	at org.apache.ratis.thirdparty.io.netty.util.concurrent.SingleThreadEventExecutor$4.run(SingleThreadEventExecutor.java:997)
	at org.apache.ratis.thirdparty.io.netty.util.internal.ThreadExecutorMap$2.run(ThreadExecutorMap.java:74)
	at org.apache.ratis.thirdparty.io.netty.util.concurrent.FastThreadLocalRunnable.run(FastThreadLocalRunnable.java:30)
	at java.base/java.lang.Thread.run(Thread.java:829)
2023-11-20 19:26:42,191 [s1-impl-thread1] INFO  segmented.SegmentedRaftLogWorker (SegmentedRaftLogWorker.java:close(245)) - s1@group-41F475FFC48D-SegmentedRaftLogWorker close()
2023-11-20 19:26:42,192 [JvmPauseMonitor7] INFO  util.JvmPauseMonitor (JvmPauseMonitor.java:run(152)) - JvmPauseMonitor-s1: Stopped
2023-11-20 19:26:42,193 [s0-impl-thread1] INFO  segmented.SegmentedRaftLogWorker (SegmentedRaftLogWorker.java:close(245)) - s0@group-41F475FFC48D-SegmentedRaftLogWorker close()
2023-11-20 19:26:42,194 [JvmPauseMonitor6] INFO  util.JvmPauseMonitor (JvmPauseMonitor.java:run(152)) - JvmPauseMonitor-s0: Stopped
2023-11-20 19:26:42,197 [s2-impl-thread1] INFO  segmented.SegmentedRaftLogWorker (SegmentedRaftLogWorker.java:close(245)) - s2@group-41F475FFC48D-SegmentedRaftLogWorker close()
2023-11-20 19:26:42,198 [JvmPauseMonitor8] INFO  util.JvmPauseMonitor (JvmPauseMonitor.java:run(152)) - JvmPauseMonitor-s2: Stopped
2023-11-20 19:26:42,198 [Time-limited test] INFO  impl.MiniRaftCluster (MiniRaftCluster.java:shutdown(855)) - MiniRaftClusterWithGrpc shutdown completed
]]></system-out>
  </testcase>
  <testcase name="testRetryOnNewLeader" classname="org.apache.ratis.grpc.TestRetryCacheWithGrpc" time="3.399">
    <system-out><![CDATA[2023-11-20 19:26:42,198 [main] INFO  util.LogUtils (Slf4jUtils.java:setLogLevel(38)) - Successfully set org.apache.ratis.conf.ConfUtils log level to WARN
2023-11-20 19:26:42,198 [main] INFO  util.LogUtils (Slf4jUtils.java:setLogLevel(38)) - Successfully set org.apache.ratis.util.FileUtils log level to TRACE
2023-11-20 19:26:42,198 [main] INFO  util.LogUtils (Slf4jUtils.java:setLogLevel(38)) - Successfully set org.apache.ratis.server.RetryCache log level to TRACE
2023-11-20 19:26:42,199 [Time-limited test] INFO  impl.MiniRaftCluster (MiniRaftCluster.java:runWithNewCluster(135)) - Running runWithNewCluster
2023-11-20 19:26:42,200 [Time-limited test] INFO  impl.MiniRaftCluster (MiniRaftCluster.java:<init>(306)) - new MiniRaftClusterWithGrpc with group-80861D532C92:[s0|localhost:40297, s1|localhost:34209, s2|localhost:35445]
2023-11-20 19:26:42,200 [Time-limited test] INFO  impl.MiniRaftCluster (MiniRaftCluster.java:start(339)) - .............................................................. 
2023-11-20 19:26:42,200 [Time-limited test] INFO  impl.MiniRaftCluster (MiniRaftCluster.java:start(340)) - ... 
2023-11-20 19:26:42,200 [Time-limited test] INFO  impl.MiniRaftCluster (MiniRaftCluster.java:start(341)) - ...     Starting MiniRaftClusterWithGrpc
2023-11-20 19:26:42,200 [Time-limited test] INFO  impl.MiniRaftCluster (MiniRaftCluster.java:start(342)) - ... 
2023-11-20 19:26:42,200 [Time-limited test] INFO  impl.MiniRaftCluster (MiniRaftCluster.java:start(343)) - .............................................................. 
2023-11-20 19:26:42,200 [Time-limited test] INFO  impl.MiniRaftCluster (MiniRaftCluster.java:initServers(318)) - servers = {}
2023-11-20 19:26:42,200 [Time-limited test] INFO  impl.MiniRaftCluster (MiniRaftCluster.java:newRaftServer(382)) - newRaftServer: s0, group-80861D532C92:[s0|localhost:40297, s1|localhost:34209, s2|localhost:35445], format? true
2023-11-20 19:26:42,200 [Time-limited test] TRACE util.FileUtils (FileUtils.java:deleteFully(305)) - deleteFully target/test/data/42d3a8b8/MiniRaftClusterWithGrpc43e5161/s0
2023-11-20 19:26:42,200 [Time-limited test] TRACE util.FileUtils (FileUtils.java:deleteFully(318)) - deleteFully: target/test/data/42d3a8b8/MiniRaftClusterWithGrpc43e5161/s0 does not exist.
2023-11-20 19:26:42,200 [Time-limited test] INFO  impl.MiniRaftCluster (MiniRaftCluster.java:newRaftServer(387)) - Formatted directory target/test/data/42d3a8b8/MiniRaftClusterWithGrpc43e5161/s0
2023-11-20 19:26:42,200 [Time-limited test] INFO  server.RaftServer (ConfUtils.java:logGet(46)) - raft.rpc.type = GRPC (default)
2023-11-20 19:26:42,201 [Time-limited test] INFO  grpc.GrpcConfigKeys (ConfUtils.java:logFallback(53)) - raft.grpc.admin.host = null (fallback to raft.grpc.server.host)
2023-11-20 19:26:42,201 [Time-limited test] INFO  grpc.GrpcConfigKeys (ConfUtils.java:logGet(46)) - raft.grpc.admin.port = 35149 (custom)
2023-11-20 19:26:42,201 [Time-limited test] INFO  grpc.GrpcConfigKeys (ConfUtils.java:logFallback(53)) - raft.grpc.client.host = null (fallback to raft.grpc.server.host)
2023-11-20 19:26:42,201 [Time-limited test] INFO  grpc.GrpcConfigKeys (ConfUtils.java:logGet(46)) - raft.grpc.client.port = 41489 (custom)
2023-11-20 19:26:42,201 [Time-limited test] INFO  grpc.GrpcConfigKeys (ConfUtils.java:logGet(46)) - raft.grpc.server.host = null (default)
2023-11-20 19:26:42,201 [Time-limited test] INFO  grpc.GrpcConfigKeys (ConfUtils.java:logGet(46)) - raft.grpc.server.port = 40297 (custom)
2023-11-20 19:26:42,201 [Time-limited test] INFO  server.GrpcService (ConfUtils.java:logGet(46)) - raft.grpc.message.size.max = 64MB (=67108864) (default)
2023-11-20 19:26:42,201 [Time-limited test] INFO  server.RaftServerConfigKeys (ConfUtils.java:logGet(46)) - raft.server.log.appender.buffer.byte-limit = 4MB (=4194304) (default)
2023-11-20 19:26:42,201 [Time-limited test] INFO  server.GrpcService (ConfUtils.java:logGet(46)) - raft.grpc.flow.control.window = 1MB (=1048576) (default)
2023-11-20 19:26:42,201 [Time-limited test] INFO  server.RaftServerConfigKeys (ConfUtils.java:logGet(46)) - raft.server.rpc.request.timeout = 3000ms (default)
2023-11-20 19:26:42,201 [Time-limited test] INFO  grpc.GrpcConfigKeys (ConfUtils.java:logGet(46)) - raft.grpc.server.heartbeat.channel = true (default)
2023-11-20 19:26:42,202 [Time-limited test] INFO  grpc.GrpcConfigKeys (ConfUtils.java:logGet(46)) - raft.grpc.server.async.request.thread.pool.cached = true (default)
2023-11-20 19:26:42,202 [Time-limited test] INFO  grpc.GrpcConfigKeys (ConfUtils.java:logGet(46)) - raft.grpc.server.async.request.thread.pool.size = 32 (default)
2023-11-20 19:26:42,203 [Time-limited test] INFO  impl.DataStreamServerImpl (ConfUtils.java:logGet(46)) - raft.datastream.type = DISABLED (default)
2023-11-20 19:26:42,203 [Time-limited test] INFO  server.RaftServerConfigKeys (ConfUtils.java:logGet(46)) - raft.server.sleep.deviation.threshold = 300ms (default)
2023-11-20 19:26:42,203 [Time-limited test] INFO  server.RaftServerConfigKeys (ConfUtils.java:logGet(46)) - raft.server.close.threshold = 60s (default)
2023-11-20 19:26:42,203 [Time-limited test] INFO  server.RaftServerConfigKeys (ConfUtils.java:logGet(46)) - raft.server.leaderelection.leader.step-down.wait-time = 10s (default)
2023-11-20 19:26:42,203 [Time-limited test] INFO  server.RaftServerConfigKeys (ConfUtils.java:logGet(46)) - raft.server.storage.dir = [/home/runner/work/ratis/ratis/ratis-test/target/test/data/42d3a8b8/MiniRaftClusterWithGrpc43e5161/s0] (custom)
2023-11-20 19:26:42,203 [Time-limited test] INFO  server.RaftServerConfigKeys (ConfUtils.java:logGet(46)) - raft.server.threadpool.proxy.cached = true (default)
2023-11-20 19:26:42,203 [Time-limited test] INFO  server.RaftServerConfigKeys (ConfUtils.java:logGet(46)) - raft.server.threadpool.proxy.size = 0 (default)
2023-11-20 19:26:42,204 [Time-limited test] INFO  server.RaftServer (RaftServerProxy.java:addNew(100)) - s0: addNew group-80861D532C92:[s0|localhost:40297, s1|localhost:34209, s2|localhost:35445] returns group-80861D532C92:java.util.concurrent.CompletableFuture@7722b7f6[Not completed]
2023-11-20 19:26:42,204 [s0-groupManagement] INFO  server.RaftServerConfigKeys (ConfUtils.java:logGet(46)) - raft.server.log.segment.size.max = 32MB (=33554432) (default)
2023-11-20 19:26:42,204 [Time-limited test] INFO  impl.MiniRaftCluster (MiniRaftCluster.java:newRaftServer(382)) - newRaftServer: s1, group-80861D532C92:[s0|localhost:40297, s1|localhost:34209, s2|localhost:35445], format? true
2023-11-20 19:26:42,204 [s0-groupManagement] INFO  server.RaftServerConfigKeys (ConfUtils.java:logGet(46)) - raft.server.log.preallocated.size = 4MB (=4194304) (default)
2023-11-20 19:26:42,204 [Time-limited test] TRACE util.FileUtils (FileUtils.java:deleteFully(305)) - deleteFully target/test/data/42d3a8b8/MiniRaftClusterWithGrpc43e5161/s1
2023-11-20 19:26:42,204 [s0-groupManagement] INFO  server.RaftServerConfigKeys (ConfUtils.java:logGet(46)) - raft.server.log.write.buffer.size = 8MB (=8388608) (default)
2023-11-20 19:26:42,204 [Time-limited test] TRACE util.FileUtils (FileUtils.java:deleteFully(318)) - deleteFully: target/test/data/42d3a8b8/MiniRaftClusterWithGrpc43e5161/s1 does not exist.
2023-11-20 19:26:42,204 [s0-groupManagement] INFO  server.RaftServer$Division (RaftServerImpl.java:<init>(256)) - s0: new RaftServerImpl for group-80861D532C92:[s0|localhost:40297, s1|localhost:34209, s2|localhost:35445] with SimpleStateMachine4Testing:uninitialized
2023-11-20 19:26:42,204 [Time-limited test] INFO  impl.MiniRaftCluster (MiniRaftCluster.java:newRaftServer(387)) - Formatted directory target/test/data/42d3a8b8/MiniRaftClusterWithGrpc43e5161/s1
2023-11-20 19:26:42,204 [s0-groupManagement] INFO  server.RaftServerConfigKeys (ConfUtils.java:logGet(46)) - raft.server.rpc.timeout.min = 150ms (default)
2023-11-20 19:26:42,204 [s0-groupManagement] INFO  server.RaftServerConfigKeys (ConfUtils.java:logGet(46)) - raft.server.rpc.timeout.max = 300ms (default)
2023-11-20 19:26:42,204 [s0-groupManagement] INFO  server.RaftServerConfigKeys (ConfUtils.java:logGet(46)) - raft.server.rpc.sleep.time = 25ms (default)
2023-11-20 19:26:42,205 [s0-groupManagement] INFO  server.RaftServerConfigKeys (ConfUtils.java:logGet(46)) - raft.server.rpc.slowness.timeout = 60s (default)
2023-11-20 19:26:42,205 [Time-limited test] INFO  server.RaftServer (ConfUtils.java:logGet(46)) - raft.rpc.type = GRPC (default)
2023-11-20 19:26:42,205 [s0-groupManagement] INFO  server.RaftServerConfigKeys (ConfUtils.java:logGet(46)) - raft.server.leaderelection.leader.step-down.wait-time = 10s (default)
2023-11-20 19:26:42,205 [Time-limited test] INFO  grpc.GrpcConfigKeys (ConfUtils.java:logFallback(53)) - raft.grpc.admin.host = null (fallback to raft.grpc.server.host)
2023-11-20 19:26:42,205 [s0-groupManagement] INFO  server.RaftServerConfigKeys (ConfUtils.java:logGet(46)) - raft.server.leaderelection.member.majority-add = false (default)
2023-11-20 19:26:42,205 [Time-limited test] INFO  grpc.GrpcConfigKeys (ConfUtils.java:logGet(46)) - raft.grpc.admin.port = 46327 (custom)
2023-11-20 19:26:42,205 [s0-groupManagement] INFO  server.RaftServerConfigKeys (ConfUtils.java:logGet(46)) - raft.server.sleep.deviation.threshold = 300ms (default)
2023-11-20 19:26:42,205 [Time-limited test] INFO  grpc.GrpcConfigKeys (ConfUtils.java:logFallback(53)) - raft.grpc.client.host = null (fallback to raft.grpc.server.host)
2023-11-20 19:26:42,205 [Time-limited test] INFO  grpc.GrpcConfigKeys (ConfUtils.java:logGet(46)) - raft.grpc.client.port = 34087 (custom)
2023-11-20 19:26:42,205 [Time-limited test] INFO  grpc.GrpcConfigKeys (ConfUtils.java:logGet(46)) - raft.grpc.server.host = null (default)
2023-11-20 19:26:42,205 [s0-groupManagement] INFO  server.RaftServer$Division (ServerState.java:<init>(113)) - s0@group-80861D532C92: ConfigurationManager, init=-1: peers:[s0|localhost:40297, s1|localhost:34209, s2|localhost:35445]|listeners:[], old=null, confs=<EMPTY_MAP>
2023-11-20 19:26:42,205 [Time-limited test] INFO  grpc.GrpcConfigKeys (ConfUtils.java:logGet(46)) - raft.grpc.server.port = 34209 (custom)
2023-11-20 19:26:42,205 [s0-groupManagement] INFO  server.RaftServerConfigKeys (ConfUtils.java:logGet(46)) - raft.server.notification.no-leader.timeout = 60s (default)
2023-11-20 19:26:42,205 [Time-limited test] INFO  server.GrpcService (ConfUtils.java:logGet(46)) - raft.grpc.message.size.max = 64MB (=67108864) (default)
2023-11-20 19:26:42,205 [s0-groupManagement] INFO  server.RaftServerConfigKeys (ConfUtils.java:logGet(46)) - raft.server.read.timeout = 10s (default)
2023-11-20 19:26:42,205 [Time-limited test] INFO  server.RaftServerConfigKeys (ConfUtils.java:logGet(46)) - raft.server.log.appender.buffer.byte-limit = 4MB (=4194304) (default)
2023-11-20 19:26:42,205 [s0-groupManagement] INFO  server.RaftServerConfigKeys (ConfUtils.java:logGet(46)) - raft.server.retrycache.expirytime = 60s (default)
2023-11-20 19:26:42,205 [Time-limited test] INFO  server.GrpcService (ConfUtils.java:logGet(46)) - raft.grpc.flow.control.window = 1MB (=1048576) (default)
2023-11-20 19:26:42,205 [s0-groupManagement] INFO  server.RaftServerConfigKeys (ConfUtils.java:logGet(46)) - raft.server.retrycache.statistics.expirytime = 100ms (default)
2023-11-20 19:26:42,206 [Time-limited test] INFO  server.RaftServerConfigKeys (ConfUtils.java:logGet(46)) - raft.server.rpc.request.timeout = 3000ms (default)
2023-11-20 19:26:42,206 [Time-limited test] INFO  grpc.GrpcConfigKeys (ConfUtils.java:logGet(46)) - raft.grpc.server.heartbeat.channel = true (default)
2023-11-20 19:26:42,206 [s0-groupManagement] INFO  server.RaftServerConfigKeys (ConfUtils.java:logGet(46)) - raft.server.read.option = DEFAULT (default)
2023-11-20 19:26:42,206 [Time-limited test] INFO  grpc.GrpcConfigKeys (ConfUtils.java:logGet(46)) - raft.grpc.server.async.request.thread.pool.cached = true (default)
2023-11-20 19:26:42,206 [s0-groupManagement] INFO  server.RaftServerConfigKeys (ConfUtils.java:logGet(46)) - raft.server.read.read-after-write-consistent.write-index-cache.expiry-time = 60s (default)
2023-11-20 19:26:42,206 [Time-limited test] INFO  grpc.GrpcConfigKeys (ConfUtils.java:logGet(46)) - raft.grpc.server.async.request.thread.pool.size = 32 (default)
2023-11-20 19:26:42,206 [s0-groupManagement] INFO  server.RaftServerConfigKeys (ConfUtils.java:logGet(46)) - raft.server.rpc.request.timeout = 3000ms (default)
2023-11-20 19:26:42,207 [s0-groupManagement] INFO  server.RaftServerConfigKeys (ConfUtils.java:logGet(46)) - raft.server.log.appender.install.snapshot.enabled = true (default)
2023-11-20 19:26:42,207 [s0-groupManagement] INFO  server.RaftServerConfigKeys (ConfUtils.java:logGet(46)) - raft.server.threadpool.server.cached = true (default)
2023-11-20 19:26:42,207 [s0-groupManagement] INFO  server.RaftServerConfigKeys (ConfUtils.java:logGet(46)) - raft.server.threadpool.server.size = 0 (default)
2023-11-20 19:26:42,207 [s0-groupManagement] INFO  server.RaftServerConfigKeys (ConfUtils.java:logGet(46)) - raft.server.threadpool.client.cached = true (default)
2023-11-20 19:26:42,207 [s0-groupManagement] INFO  server.RaftServerConfigKeys (ConfUtils.java:logGet(46)) - raft.server.threadpool.client.size = 0 (default)
2023-11-20 19:26:42,207 [Time-limited test] INFO  impl.DataStreamServerImpl (ConfUtils.java:logGet(46)) - raft.datastream.type = DISABLED (default)
2023-11-20 19:26:42,207 [Time-limited test] INFO  server.RaftServerConfigKeys (ConfUtils.java:logGet(46)) - raft.server.sleep.deviation.threshold = 300ms (default)
2023-11-20 19:26:42,207 [Time-limited test] INFO  server.RaftServerConfigKeys (ConfUtils.java:logGet(46)) - raft.server.close.threshold = 60s (default)
2023-11-20 19:26:42,207 [Time-limited test] INFO  server.RaftServerConfigKeys (ConfUtils.java:logGet(46)) - raft.server.leaderelection.leader.step-down.wait-time = 10s (default)
2023-11-20 19:26:42,207 [Time-limited test] INFO  server.RaftServerConfigKeys (ConfUtils.java:logGet(46)) - raft.server.storage.dir = [/home/runner/work/ratis/ratis/ratis-test/target/test/data/42d3a8b8/MiniRaftClusterWithGrpc43e5161/s1] (custom)
2023-11-20 19:26:42,207 [Time-limited test] INFO  server.RaftServerConfigKeys (ConfUtils.java:logGet(46)) - raft.server.threadpool.proxy.cached = true (default)
2023-11-20 19:26:42,207 [Time-limited test] INFO  server.RaftServerConfigKeys (ConfUtils.java:logGet(46)) - raft.server.threadpool.proxy.size = 0 (default)
2023-11-20 19:26:42,208 [Time-limited test] INFO  server.RaftServer (RaftServerProxy.java:addNew(100)) - s1: addNew group-80861D532C92:[s0|localhost:40297, s1|localhost:34209, s2|localhost:35445] returns group-80861D532C92:java.util.concurrent.CompletableFuture@75f2ccf6[Not completed]
2023-11-20 19:26:42,208 [Time-limited test] INFO  impl.MiniRaftCluster (MiniRaftCluster.java:newRaftServer(382)) - newRaftServer: s2, group-80861D532C92:[s0|localhost:40297, s1|localhost:34209, s2|localhost:35445], format? true
2023-11-20 19:26:42,208 [s1-groupManagement] INFO  server.RaftServerConfigKeys (ConfUtils.java:logGet(46)) - raft.server.log.segment.size.max = 32MB (=33554432) (default)
2023-11-20 19:26:42,208 [Time-limited test] TRACE util.FileUtils (FileUtils.java:deleteFully(305)) - deleteFully target/test/data/42d3a8b8/MiniRaftClusterWithGrpc43e5161/s2
2023-11-20 19:26:42,208 [s1-groupManagement] INFO  server.RaftServerConfigKeys (ConfUtils.java:logGet(46)) - raft.server.log.preallocated.size = 4MB (=4194304) (default)
2023-11-20 19:26:42,208 [s1-groupManagement] INFO  server.RaftServerConfigKeys (ConfUtils.java:logGet(46)) - raft.server.log.write.buffer.size = 8MB (=8388608) (default)
2023-11-20 19:26:42,208 [Time-limited test] TRACE util.FileUtils (FileUtils.java:deleteFully(318)) - deleteFully: target/test/data/42d3a8b8/MiniRaftClusterWithGrpc43e5161/s2 does not exist.
2023-11-20 19:26:42,208 [s1-groupManagement] INFO  server.RaftServer$Division (RaftServerImpl.java:<init>(256)) - s1: new RaftServerImpl for group-80861D532C92:[s0|localhost:40297, s1|localhost:34209, s2|localhost:35445] with SimpleStateMachine4Testing:uninitialized
2023-11-20 19:26:42,208 [Time-limited test] INFO  impl.MiniRaftCluster (MiniRaftCluster.java:newRaftServer(387)) - Formatted directory target/test/data/42d3a8b8/MiniRaftClusterWithGrpc43e5161/s2
2023-11-20 19:26:42,208 [s1-groupManagement] INFO  server.RaftServerConfigKeys (ConfUtils.java:logGet(46)) - raft.server.rpc.timeout.min = 150ms (default)
2023-11-20 19:26:42,208 [s1-groupManagement] INFO  server.RaftServerConfigKeys (ConfUtils.java:logGet(46)) - raft.server.rpc.timeout.max = 300ms (default)
2023-11-20 19:26:42,208 [s1-groupManagement] INFO  server.RaftServerConfigKeys (ConfUtils.java:logGet(46)) - raft.server.rpc.sleep.time = 25ms (default)
2023-11-20 19:26:42,208 [s1-groupManagement] INFO  server.RaftServerConfigKeys (ConfUtils.java:logGet(46)) - raft.server.rpc.slowness.timeout = 60s (default)
2023-11-20 19:26:42,208 [s1-groupManagement] INFO  server.RaftServerConfigKeys (ConfUtils.java:logGet(46)) - raft.server.leaderelection.leader.step-down.wait-time = 10s (default)
2023-11-20 19:26:42,208 [s1-groupManagement] INFO  server.RaftServerConfigKeys (ConfUtils.java:logGet(46)) - raft.server.leaderelection.member.majority-add = false (default)
2023-11-20 19:26:42,208 [s1-groupManagement] INFO  server.RaftServerConfigKeys (ConfUtils.java:logGet(46)) - raft.server.sleep.deviation.threshold = 300ms (default)
2023-11-20 19:26:42,208 [Time-limited test] INFO  server.RaftServer (ConfUtils.java:logGet(46)) - raft.rpc.type = GRPC (default)
2023-11-20 19:26:42,208 [s1-groupManagement] INFO  server.RaftServer$Division (ServerState.java:<init>(113)) - s1@group-80861D532C92: ConfigurationManager, init=-1: peers:[s0|localhost:40297, s1|localhost:34209, s2|localhost:35445]|listeners:[], old=null, confs=<EMPTY_MAP>
2023-11-20 19:26:42,209 [Time-limited test] INFO  grpc.GrpcConfigKeys (ConfUtils.java:logFallback(53)) - raft.grpc.admin.host = null (fallback to raft.grpc.server.host)
2023-11-20 19:26:42,209 [s1-groupManagement] INFO  server.RaftServerConfigKeys (ConfUtils.java:logGet(46)) - raft.server.notification.no-leader.timeout = 60s (default)
2023-11-20 19:26:42,209 [Time-limited test] INFO  grpc.GrpcConfigKeys (ConfUtils.java:logGet(46)) - raft.grpc.admin.port = 46495 (custom)
2023-11-20 19:26:42,209 [s1-groupManagement] INFO  server.RaftServerConfigKeys (ConfUtils.java:logGet(46)) - raft.server.read.timeout = 10s (default)
2023-11-20 19:26:42,209 [Time-limited test] INFO  grpc.GrpcConfigKeys (ConfUtils.java:logFallback(53)) - raft.grpc.client.host = null (fallback to raft.grpc.server.host)
2023-11-20 19:26:42,209 [s1-groupManagement] INFO  server.RaftServerConfigKeys (ConfUtils.java:logGet(46)) - raft.server.retrycache.expirytime = 60s (default)
2023-11-20 19:26:42,209 [Time-limited test] INFO  grpc.GrpcConfigKeys (ConfUtils.java:logGet(46)) - raft.grpc.client.port = 41671 (custom)
2023-11-20 19:26:42,209 [s1-groupManagement] INFO  server.RaftServerConfigKeys (ConfUtils.java:logGet(46)) - raft.server.retrycache.statistics.expirytime = 100ms (default)
2023-11-20 19:26:42,209 [Time-limited test] INFO  grpc.GrpcConfigKeys (ConfUtils.java:logGet(46)) - raft.grpc.server.host = null (default)
2023-11-20 19:26:42,209 [Time-limited test] INFO  grpc.GrpcConfigKeys (ConfUtils.java:logGet(46)) - raft.grpc.server.port = 35445 (custom)
2023-11-20 19:26:42,209 [s1-groupManagement] INFO  server.RaftServerConfigKeys (ConfUtils.java:logGet(46)) - raft.server.read.option = DEFAULT (default)
2023-11-20 19:26:42,209 [Time-limited test] INFO  server.GrpcService (ConfUtils.java:logGet(46)) - raft.grpc.message.size.max = 64MB (=67108864) (default)
2023-11-20 19:26:42,209 [s1-groupManagement] INFO  server.RaftServerConfigKeys (ConfUtils.java:logGet(46)) - raft.server.read.read-after-write-consistent.write-index-cache.expiry-time = 60s (default)
2023-11-20 19:26:42,209 [Time-limited test] INFO  server.RaftServerConfigKeys (ConfUtils.java:logGet(46)) - raft.server.log.appender.buffer.byte-limit = 4MB (=4194304) (default)
2023-11-20 19:26:42,209 [Time-limited test] INFO  server.GrpcService (ConfUtils.java:logGet(46)) - raft.grpc.flow.control.window = 1MB (=1048576) (default)
2023-11-20 19:26:42,209 [Time-limited test] INFO  server.RaftServerConfigKeys (ConfUtils.java:logGet(46)) - raft.server.rpc.request.timeout = 3000ms (default)
2023-11-20 19:26:42,209 [Time-limited test] INFO  grpc.GrpcConfigKeys (ConfUtils.java:logGet(46)) - raft.grpc.server.heartbeat.channel = true (default)
2023-11-20 19:26:42,209 [Time-limited test] INFO  grpc.GrpcConfigKeys (ConfUtils.java:logGet(46)) - raft.grpc.server.async.request.thread.pool.cached = true (default)
2023-11-20 19:26:42,210 [Time-limited test] INFO  grpc.GrpcConfigKeys (ConfUtils.java:logGet(46)) - raft.grpc.server.async.request.thread.pool.size = 32 (default)
2023-11-20 19:26:42,210 [s1-groupManagement] INFO  server.RaftServerConfigKeys (ConfUtils.java:logGet(46)) - raft.server.rpc.request.timeout = 3000ms (default)
2023-11-20 19:26:42,210 [s1-groupManagement] INFO  server.RaftServerConfigKeys (ConfUtils.java:logGet(46)) - raft.server.log.appender.install.snapshot.enabled = true (default)
2023-11-20 19:26:42,210 [s1-groupManagement] INFO  server.RaftServerConfigKeys (ConfUtils.java:logGet(46)) - raft.server.threadpool.server.cached = true (default)
2023-11-20 19:26:42,210 [s1-groupManagement] INFO  server.RaftServerConfigKeys (ConfUtils.java:logGet(46)) - raft.server.threadpool.server.size = 0 (default)
2023-11-20 19:26:42,210 [s1-groupManagement] INFO  server.RaftServerConfigKeys (ConfUtils.java:logGet(46)) - raft.server.threadpool.client.cached = true (default)
2023-11-20 19:26:42,210 [s1-groupManagement] INFO  server.RaftServerConfigKeys (ConfUtils.java:logGet(46)) - raft.server.threadpool.client.size = 0 (default)
2023-11-20 19:26:42,211 [Time-limited test] INFO  impl.DataStreamServerImpl (ConfUtils.java:logGet(46)) - raft.datastream.type = DISABLED (default)
2023-11-20 19:26:42,211 [Time-limited test] INFO  server.RaftServerConfigKeys (ConfUtils.java:logGet(46)) - raft.server.sleep.deviation.threshold = 300ms (default)
2023-11-20 19:26:42,211 [Time-limited test] INFO  server.RaftServerConfigKeys (ConfUtils.java:logGet(46)) - raft.server.close.threshold = 60s (default)
2023-11-20 19:26:42,211 [Time-limited test] INFO  server.RaftServerConfigKeys (ConfUtils.java:logGet(46)) - raft.server.leaderelection.leader.step-down.wait-time = 10s (default)
2023-11-20 19:26:42,211 [Time-limited test] INFO  server.RaftServerConfigKeys (ConfUtils.java:logGet(46)) - raft.server.storage.dir = [/home/runner/work/ratis/ratis/ratis-test/target/test/data/42d3a8b8/MiniRaftClusterWithGrpc43e5161/s2] (custom)
2023-11-20 19:26:42,211 [Time-limited test] INFO  server.RaftServerConfigKeys (ConfUtils.java:logGet(46)) - raft.server.threadpool.proxy.cached = true (default)
2023-11-20 19:26:42,211 [Time-limited test] INFO  server.RaftServerConfigKeys (ConfUtils.java:logGet(46)) - raft.server.threadpool.proxy.size = 0 (default)
2023-11-20 19:26:42,211 [Time-limited test] INFO  server.RaftServer (RaftServerProxy.java:addNew(100)) - s2: addNew group-80861D532C92:[s0|localhost:40297, s1|localhost:34209, s2|localhost:35445] returns group-80861D532C92:java.util.concurrent.CompletableFuture@d009ec0[Not completed]
2023-11-20 19:26:42,211 [s2-groupManagement] INFO  server.RaftServerConfigKeys (ConfUtils.java:logGet(46)) - raft.server.log.segment.size.max = 32MB (=33554432) (default)
2023-11-20 19:26:42,212 [s2-groupManagement] INFO  server.RaftServerConfigKeys (ConfUtils.java:logGet(46)) - raft.server.log.preallocated.size = 4MB (=4194304) (default)
2023-11-20 19:26:42,212 [s0-impl-thread1] INFO  server.RaftServerConfigKeys (ConfUtils.java:logGet(46)) - raft.server.storage.free-space.min = 0MB (=0) (default)
2023-11-20 19:26:42,212 [s2-groupManagement] INFO  server.RaftServerConfigKeys (ConfUtils.java:logGet(46)) - raft.server.log.write.buffer.size = 8MB (=8388608) (default)
2023-11-20 19:26:42,212 [s0-impl-thread1] INFO  server.RaftServerConfigKeys (ConfUtils.java:logGet(46)) - raft.server.log.corruption.policy = EXCEPTION (default)
2023-11-20 19:26:42,212 [s2-groupManagement] INFO  server.RaftServer$Division (RaftServerImpl.java:<init>(256)) - s2: new RaftServerImpl for group-80861D532C92:[s0|localhost:40297, s1|localhost:34209, s2|localhost:35445] with SimpleStateMachine4Testing:uninitialized
2023-11-20 19:26:42,212 [s2-groupManagement] INFO  server.RaftServerConfigKeys (ConfUtils.java:logGet(46)) - raft.server.rpc.timeout.min = 150ms (default)
2023-11-20 19:26:42,212 [s0-impl-thread1] INFO  server.RaftServerConfigKeys (ConfUtils.java:logGet(46)) - raft.server.storage.dir = [/home/runner/work/ratis/ratis/ratis-test/target/test/data/42d3a8b8/MiniRaftClusterWithGrpc43e5161/s0] (custom)
2023-11-20 19:26:42,212 [s2-groupManagement] INFO  server.RaftServerConfigKeys (ConfUtils.java:logGet(46)) - raft.server.rpc.timeout.max = 300ms (default)
2023-11-20 19:26:42,212 [s2-groupManagement] INFO  server.RaftServerConfigKeys (ConfUtils.java:logGet(46)) - raft.server.rpc.sleep.time = 25ms (default)
2023-11-20 19:26:42,212 [s2-groupManagement] INFO  server.RaftServerConfigKeys (ConfUtils.java:logGet(46)) - raft.server.rpc.slowness.timeout = 60s (default)
2023-11-20 19:26:42,212 [s2-groupManagement] INFO  server.RaftServerConfigKeys (ConfUtils.java:logGet(46)) - raft.server.leaderelection.leader.step-down.wait-time = 10s (default)
2023-11-20 19:26:42,212 [s0-impl-thread1] INFO  storage.RaftStorageDirectory (RaftStorageDirectoryImpl.java:analyzeStorage(138)) - The storage directory /home/runner/work/ratis/ratis/ratis-test/target/test/data/42d3a8b8/MiniRaftClusterWithGrpc43e5161/s0/cec2cddf-b3fc-46c2-a11a-80861d532c92 does not exist. Creating ...
2023-11-20 19:26:42,212 [s2-groupManagement] INFO  server.RaftServerConfigKeys (ConfUtils.java:logGet(46)) - raft.server.leaderelection.member.majority-add = false (default)
2023-11-20 19:26:42,212 [s2-groupManagement] INFO  server.RaftServerConfigKeys (ConfUtils.java:logGet(46)) - raft.server.sleep.deviation.threshold = 300ms (default)
2023-11-20 19:26:42,212 [s2-groupManagement] INFO  server.RaftServer$Division (ServerState.java:<init>(113)) - s2@group-80861D532C92: ConfigurationManager, init=-1: peers:[s0|localhost:40297, s1|localhost:34209, s2|localhost:35445]|listeners:[], old=null, confs=<EMPTY_MAP>
2023-11-20 19:26:42,212 [s2-groupManagement] INFO  server.RaftServerConfigKeys (ConfUtils.java:logGet(46)) - raft.server.notification.no-leader.timeout = 60s (default)
2023-11-20 19:26:42,212 [s2-groupManagement] INFO  server.RaftServerConfigKeys (ConfUtils.java:logGet(46)) - raft.server.read.timeout = 10s (default)
2023-11-20 19:26:42,212 [s2-groupManagement] INFO  server.RaftServerConfigKeys (ConfUtils.java:logGet(46)) - raft.server.retrycache.expirytime = 60s (default)
2023-11-20 19:26:42,212 [s0-impl-thread1] TRACE util.FileUtils (LogUtils.java:runAndLog(49)) - Successfully ran Files.createDirectories /home/runner/work/ratis/ratis/ratis-test/target/test/data/42d3a8b8/MiniRaftClusterWithGrpc43e5161/s0/cec2cddf-b3fc-46c2-a11a-80861d532c92
2023-11-20 19:26:42,212 [s2-groupManagement] INFO  server.RaftServerConfigKeys (ConfUtils.java:logGet(46)) - raft.server.retrycache.statistics.expirytime = 100ms (default)
2023-11-20 19:26:42,212 [s2-groupManagement] INFO  server.RaftServerConfigKeys (ConfUtils.java:logGet(46)) - raft.server.read.option = DEFAULT (default)
2023-11-20 19:26:42,212 [s2-groupManagement] INFO  server.RaftServerConfigKeys (ConfUtils.java:logGet(46)) - raft.server.read.read-after-write-consistent.write-index-cache.expiry-time = 60s (default)
2023-11-20 19:26:42,213 [s0-impl-thread1] INFO  storage.RaftStorageDirectory (RaftStorageDirectoryImpl.java:tryLock(232)) - Lock on /home/runner/work/ratis/ratis/ratis-test/target/test/data/42d3a8b8/MiniRaftClusterWithGrpc43e5161/s0/cec2cddf-b3fc-46c2-a11a-80861d532c92/in_use.lock acquired by nodename 4652@fv-az1023-122
2023-11-20 19:26:42,213 [s0-impl-thread1] TRACE util.FileUtils (LogUtils.java:runAndLog(49)) - Successfully ran Files.createDirectories /home/runner/work/ratis/ratis/ratis-test/target/test/data/42d3a8b8/MiniRaftClusterWithGrpc43e5161/s0/cec2cddf-b3fc-46c2-a11a-80861d532c92/current
2023-11-20 19:26:42,213 [s0-impl-thread1] TRACE util.FileUtils (LogUtils.java:runAndLog(49)) - Successfully ran Files.createDirectories /home/runner/work/ratis/ratis/ratis-test/target/test/data/42d3a8b8/MiniRaftClusterWithGrpc43e5161/s0/cec2cddf-b3fc-46c2-a11a-80861d532c92/sm
2023-11-20 19:26:42,213 [s0-impl-thread1] TRACE util.FileUtils (LogUtils.java:supplyAndLog(69)) - Successfully supplied FileChannel.open /home/runner/work/ratis/ratis/ratis-test/target/test/data/42d3a8b8/MiniRaftClusterWithGrpc43e5161/s0/cec2cddf-b3fc-46c2-a11a-80861d532c92/current/raft-meta.tmp with options [CREATE, WRITE]: sun.nio.ch.FileChannelImpl@63083f83
2023-11-20 19:26:42,214 [s2-groupManagement] INFO  server.RaftServerConfigKeys (ConfUtils.java:logGet(46)) - raft.server.rpc.request.timeout = 3000ms (default)
2023-11-20 19:26:42,214 [s2-groupManagement] INFO  server.RaftServerConfigKeys (ConfUtils.java:logGet(46)) - raft.server.log.appender.install.snapshot.enabled = true (default)
2023-11-20 19:26:42,214 [s2-groupManagement] INFO  server.RaftServerConfigKeys (ConfUtils.java:logGet(46)) - raft.server.threadpool.server.cached = true (default)
2023-11-20 19:26:42,214 [s2-groupManagement] INFO  server.RaftServerConfigKeys (ConfUtils.java:logGet(46)) - raft.server.threadpool.server.size = 0 (default)
2023-11-20 19:26:42,214 [s2-groupManagement] INFO  server.RaftServerConfigKeys (ConfUtils.java:logGet(46)) - raft.server.threadpool.client.cached = true (default)
2023-11-20 19:26:42,214 [s2-groupManagement] INFO  server.RaftServerConfigKeys (ConfUtils.java:logGet(46)) - raft.server.threadpool.client.size = 0 (default)
2023-11-20 19:26:42,214 [s0-impl-thread1] TRACE util.FileUtils (LogUtils.java:runAndLog(49)) - Successfully ran Atomic Files.move /home/runner/work/ratis/ratis/ratis-test/target/test/data/42d3a8b8/MiniRaftClusterWithGrpc43e5161/s0/cec2cddf-b3fc-46c2-a11a-80861d532c92/current/raft-meta.tmp to /home/runner/work/ratis/ratis/ratis-test/target/test/data/42d3a8b8/MiniRaftClusterWithGrpc43e5161/s0/cec2cddf-b3fc-46c2-a11a-80861d532c92/current/raft-meta with options [REPLACE_EXISTING]
2023-11-20 19:26:42,214 [s0-impl-thread1] INFO  storage.RaftStorage (RaftStorageImpl.java:format(99)) - Storage directory /home/runner/work/ratis/ratis/ratis-test/target/test/data/42d3a8b8/MiniRaftClusterWithGrpc43e5161/s0/cec2cddf-b3fc-46c2-a11a-80861d532c92 has been successfully formatted.
2023-11-20 19:26:42,214 [s0-impl-thread1] TRACE util.FileUtils (LogUtils.java:supplyAndLog(61)) - Failed to Files.newInputStream /home/runner/work/ratis/ratis/ratis-test/target/test/data/42d3a8b8/MiniRaftClusterWithGrpc43e5161/s0/cec2cddf-b3fc-46c2-a11a-80861d532c92/current/raft-meta.conf with options []
java.nio.file.NoSuchFileException: /home/runner/work/ratis/ratis/ratis-test/target/test/data/42d3a8b8/MiniRaftClusterWithGrpc43e5161/s0/cec2cddf-b3fc-46c2-a11a-80861d532c92/current/raft-meta.conf
	at java.base/sun.nio.fs.UnixException.translateToIOException(UnixException.java:92)
	at java.base/sun.nio.fs.UnixException.rethrowAsIOException(UnixException.java:111)
	at java.base/sun.nio.fs.UnixException.rethrowAsIOException(UnixException.java:116)
	at java.base/sun.nio.fs.UnixFileSystemProvider.newByteChannel(UnixFileSystemProvider.java:219)
	at java.base/java.nio.file.Files.newByteChannel(Files.java:371)
	at java.base/java.nio.file.Files.newByteChannel(Files.java:422)
	at java.base/java.nio.file.spi.FileSystemProvider.newInputStream(FileSystemProvider.java:420)
	at java.base/java.nio.file.Files.newInputStream(Files.java:156)
	at org.apache.ratis.util.FileUtils.lambda$newInputStream$2(FileUtils.java:73)
	at org.apache.ratis.util.LogUtils.supplyAndLog(LogUtils.java:58)
	at org.apache.ratis.util.FileUtils.newInputStream(FileUtils.java:72)
	at org.apache.ratis.util.FileUtils.newInputStream(FileUtils.java:68)
	at org.apache.ratis.server.storage.RaftStorageImpl.readRaftConfiguration(RaftStorageImpl.java:156)
	at org.apache.ratis.server.impl.ServerState.initialize(ServerState.java:141)
	at org.apache.ratis.server.impl.RaftServerImpl.start(RaftServerImpl.java:388)
	at org.apache.ratis.util.ConcurrentUtils.accept(ConcurrentUtils.java:203)
	at org.apache.ratis.util.ConcurrentUtils.lambda$parallelForEachAsync$4(ConcurrentUtils.java:182)
	at java.base/java.util.concurrent.ThreadPoolExecutor.runWorker(ThreadPoolExecutor.java:1128)
	at java.base/java.util.concurrent.ThreadPoolExecutor$Worker.run(ThreadPoolExecutor.java:628)
	at java.base/java.lang.Thread.run(Thread.java:829)
2023-11-20 19:26:42,215 [s0-impl-thread1] INFO  impl.SimpleStateMachine4Testing (SimpleStateMachine4Testing.java:initialize(213)) - Initializing SimpleStateMachine4Testing:uninitialized
2023-11-20 19:26:42,215 [s0-impl-thread1] INFO  impl.SimpleStateMachine4Testing (SimpleStateMachine4Testing.java:loadSnapshot(296)) - Loading snapshot null
2023-11-20 19:26:42,215 [s0-impl-thread1] INFO  server.RaftServerConfigKeys (ConfUtils.java:logGet(46)) - raft.server.log.use.memory = false (default)
2023-11-20 19:26:42,215 [s0-impl-thread1] INFO  server.RaftServerConfigKeys (ConfUtils.java:logGet(46)) - raft.server.log.purge.gap = 1024 (default)
2023-11-20 19:26:42,215 [s0-impl-thread1] INFO  server.RaftServerConfigKeys (ConfUtils.java:logGet(46)) - raft.server.log.appender.buffer.byte-limit = 4MB (=4194304) (default)
2023-11-20 19:26:42,215 [s0-impl-thread1] INFO  server.RaftServerConfigKeys (ConfUtils.java:logGet(46)) - raft.server.log.statemachine.data.read.timeout = 1000ms (default)
2023-11-20 19:26:42,215 [s0-impl-thread1] INFO  server.RaftServerConfigKeys (ConfUtils.java:logGet(46)) - raft.server.log.purge.preservation.log.num = 0 (default)
2023-11-20 19:26:42,216 [s0-impl-thread1] INFO  server.RaftServerConfigKeys (ConfUtils.java:logGet(46)) - raft.server.log.segment.size.max = 32MB (=33554432) (default)
2023-11-20 19:26:42,216 [s0-impl-thread1] INFO  server.RaftServerConfigKeys (ConfUtils.java:logGet(46)) - raft.server.log.segment.cache.num.max = 6 (default)
2023-11-20 19:26:42,216 [s0-impl-thread1] INFO  server.RaftServerConfigKeys (ConfUtils.java:logGet(46)) - raft.server.log.segment.cache.size.max = 200MB (=209715200) (default)
2023-11-20 19:26:42,216 [s0-impl-thread1] INFO  server.RaftServerConfigKeys (ConfUtils.java:logGet(46)) - raft.server.log.appender.buffer.byte-limit = 4MB (=4194304) (default)
2023-11-20 19:26:42,216 [s0-impl-thread1] INFO  util.AwaitToRun (AwaitToRun.java:start(81)) - Thread[s0@group-80861D532C92-cacheEviction-AwaitToRun,5,main] started
2023-11-20 19:26:42,216 [s0-impl-thread1] INFO  segmented.SegmentedRaftLogWorker (SegmentedRaftLogWorker.java:<init>(182)) - new s0@group-80861D532C92-SegmentedRaftLogWorker for RaftStorageImpl:Storage Directory /home/runner/work/ratis/ratis/ratis-test/target/test/data/42d3a8b8/MiniRaftClusterWithGrpc43e5161/s0/cec2cddf-b3fc-46c2-a11a-80861d532c92
2023-11-20 19:26:42,216 [s0-impl-thread1] INFO  server.RaftServerConfigKeys (ConfUtils.java:logGet(46)) - raft.server.log.queue.byte-limit = 64MB (=67108864) (default)
2023-11-20 19:26:42,216 [s0-impl-thread1] INFO  server.RaftServerConfigKeys (ConfUtils.java:logGet(46)) - raft.server.log.queue.element-limit = 4096 (default)
2023-11-20 19:26:42,216 [s0-impl-thread1] INFO  server.RaftServerConfigKeys (ConfUtils.java:logGet(46)) - raft.server.log.segment.size.max = 32MB (=33554432) (default)
2023-11-20 19:26:42,217 [s0-impl-thread1] INFO  server.RaftServerConfigKeys (ConfUtils.java:logGet(46)) - raft.server.log.preallocated.size = 4MB (=4194304) (default)
2023-11-20 19:26:42,217 [s0-impl-thread1] INFO  server.RaftServerConfigKeys (ConfUtils.java:logGet(46)) - raft.server.log.force.sync.num = 128 (default)
2023-11-20 19:26:42,217 [s0-impl-thread1] INFO  server.RaftServerConfigKeys (ConfUtils.java:logGet(46)) - raft.server.log.statemachine.data.sync = true (default)
2023-11-20 19:26:42,217 [s0-impl-thread1] INFO  server.RaftServerConfigKeys (ConfUtils.java:logGet(46)) - raft.server.log.statemachine.data.sync.timeout = 10s (default)
2023-11-20 19:26:42,217 [s0-impl-thread1] INFO  server.RaftServerConfigKeys (ConfUtils.java:logGet(46)) - raft.server.log.statemachine.data.sync.timeout.retry = -1 (default)
2023-11-20 19:26:42,217 [s0-impl-thread1] INFO  server.RaftServerConfigKeys (ConfUtils.java:logGet(46)) - raft.server.log.write.buffer.size = 8MB (=8388608) (default)
2023-11-20 19:26:42,219 [s0-impl-thread1] INFO  server.RaftServerConfigKeys (ConfUtils.java:logGet(46)) - raft.server.log.appender.buffer.byte-limit = 4MB (=4194304) (default)
2023-11-20 19:26:42,219 [s0-impl-thread1] INFO  server.RaftServerConfigKeys (ConfUtils.java:logGet(46)) - raft.server.log.unsafe-flush.enabled = false (default)
2023-11-20 19:26:42,219 [s0-impl-thread1] INFO  server.RaftServerConfigKeys (ConfUtils.java:logGet(46)) - raft.server.log.async-flush.enabled = false (default)
2023-11-20 19:26:42,219 [s0-impl-thread1] INFO  server.RaftServerConfigKeys (ConfUtils.java:logGet(46)) - raft.server.log.statemachine.data.caching.enabled = false (default)
2023-11-20 19:26:42,219 [s0-impl-thread1] INFO  segmented.SegmentedRaftLogWorker (SegmentedRaftLogWorker.java:lambda$new$0(134)) - s0@group-80861D532C92-SegmentedRaftLogWorker: flushIndex: setUnconditionally 0 -> -1
2023-11-20 19:26:42,219 [s0-impl-thread1] INFO  segmented.SegmentedRaftLogWorker (SegmentedRaftLogWorker.java:lambda$new$0(134)) - s0@group-80861D532C92-SegmentedRaftLogWorker: safeCacheEvictIndex: setUnconditionally 0 -> -1
2023-11-20 19:26:42,219 [s0-impl-thread1] INFO  server.RaftServer$Division (RaftServerImpl.java:start(392)) - s0@group-80861D532C92: start as a follower, conf=-1: peers:[s0|localhost:40297, s1|localhost:34209, s2|localhost:35445]|listeners:[], old=null
2023-11-20 19:26:42,219 [s0-impl-thread1] INFO  server.RaftServer$Division (RaftServerImpl.java:setRole(379)) - s0@group-80861D532C92: changes role from      null to FOLLOWER at term 0 for startAsFollower
2023-11-20 19:26:42,220 [s0-impl-thread1] INFO  impl.RoleInfo (RoleInfo.java:updateAndGet(139)) - s0: start s0@group-80861D532C92-FollowerState
2023-11-20 19:26:42,220 [s0@group-80861D532C92-FollowerState] INFO  server.RaftServerConfigKeys (ConfUtils.java:logFallback(53)) - raft.server.rpc.first-election.timeout.min = 150ms (fallback to raft.server.rpc.timeout.min)
2023-11-20 19:26:42,220 [s0@group-80861D532C92-FollowerState] INFO  server.RaftServerConfigKeys (ConfUtils.java:logFallback(53)) - raft.server.rpc.first-election.timeout.max = 300ms (fallback to raft.server.rpc.timeout.max)
2023-11-20 19:26:42,220 [s0-impl-thread1] INFO  util.JmxRegister (JmxRegister.java:tryRegister(44)) - Successfully registered JMX Bean with object name Ratis:service=RaftServer,group=group-80861D532C92,id=s0
2023-11-20 19:26:42,220 [s0-impl-thread1] INFO  server.RaftServerConfigKeys (ConfUtils.java:logGet(46)) - raft.server.snapshot.trigger-when-stop.enabled = true (default)
2023-11-20 19:26:42,220 [s0-impl-thread1] INFO  server.RaftServerConfigKeys (ConfUtils.java:logGet(46)) - raft.server.snapshot.auto.trigger.enabled = false (default)
2023-11-20 19:26:42,220 [s0-impl-thread1] INFO  server.RaftServerConfigKeys (ConfUtils.java:logGet(46)) - raft.server.snapshot.retention.file.num = -1 (default)
2023-11-20 19:26:42,220 [s0-impl-thread1] INFO  server.RaftServerConfigKeys (ConfUtils.java:logGet(46)) - raft.server.log.purge.upto.snapshot.index = false (default)
2023-11-20 19:26:42,220 [Time-limited test] INFO  server.RaftServer (RaftServerProxy.java:startImpl(406)) - s0: start RPC server
2023-11-20 19:26:42,221 [Time-limited test] INFO  server.GrpcService (GrpcService.java:startImpl(302)) - s0: GrpcService started, listening on 41489
2023-11-20 19:26:42,221 [Time-limited test] INFO  server.GrpcService (GrpcService.java:startImpl(302)) - s0: GrpcService started, listening on 40297
2023-11-20 19:26:42,222 [Time-limited test] INFO  server.GrpcService (GrpcService.java:startImpl(302)) - s0: GrpcService started, listening on 35149
2023-11-20 19:26:42,222 [JvmPauseMonitor9] INFO  util.JvmPauseMonitor (JvmPauseMonitor.java:run(146)) - JvmPauseMonitor-s0: Started
2023-11-20 19:26:42,222 [s1-impl-thread1] INFO  server.RaftServerConfigKeys (ConfUtils.java:logGet(46)) - raft.server.storage.free-space.min = 0MB (=0) (default)
2023-11-20 19:26:42,222 [s1-impl-thread1] INFO  server.RaftServerConfigKeys (ConfUtils.java:logGet(46)) - raft.server.log.corruption.policy = EXCEPTION (default)
2023-11-20 19:26:42,222 [s1-impl-thread1] INFO  server.RaftServerConfigKeys (ConfUtils.java:logGet(46)) - raft.server.storage.dir = [/home/runner/work/ratis/ratis/ratis-test/target/test/data/42d3a8b8/MiniRaftClusterWithGrpc43e5161/s1] (custom)
2023-11-20 19:26:42,222 [s1-impl-thread1] INFO  storage.RaftStorageDirectory (RaftStorageDirectoryImpl.java:analyzeStorage(138)) - The storage directory /home/runner/work/ratis/ratis/ratis-test/target/test/data/42d3a8b8/MiniRaftClusterWithGrpc43e5161/s1/cec2cddf-b3fc-46c2-a11a-80861d532c92 does not exist. Creating ...
2023-11-20 19:26:42,222 [s1-impl-thread1] TRACE util.FileUtils (LogUtils.java:runAndLog(49)) - Successfully ran Files.createDirectories /home/runner/work/ratis/ratis/ratis-test/target/test/data/42d3a8b8/MiniRaftClusterWithGrpc43e5161/s1/cec2cddf-b3fc-46c2-a11a-80861d532c92
2023-11-20 19:26:42,223 [s1-impl-thread1] INFO  storage.RaftStorageDirectory (RaftStorageDirectoryImpl.java:tryLock(232)) - Lock on /home/runner/work/ratis/ratis/ratis-test/target/test/data/42d3a8b8/MiniRaftClusterWithGrpc43e5161/s1/cec2cddf-b3fc-46c2-a11a-80861d532c92/in_use.lock acquired by nodename 4652@fv-az1023-122
2023-11-20 19:26:42,223 [s1-impl-thread1] TRACE util.FileUtils (LogUtils.java:runAndLog(49)) - Successfully ran Files.createDirectories /home/runner/work/ratis/ratis/ratis-test/target/test/data/42d3a8b8/MiniRaftClusterWithGrpc43e5161/s1/cec2cddf-b3fc-46c2-a11a-80861d532c92/current
2023-11-20 19:26:42,223 [s1-impl-thread1] TRACE util.FileUtils (LogUtils.java:runAndLog(49)) - Successfully ran Files.createDirectories /home/runner/work/ratis/ratis/ratis-test/target/test/data/42d3a8b8/MiniRaftClusterWithGrpc43e5161/s1/cec2cddf-b3fc-46c2-a11a-80861d532c92/sm
2023-11-20 19:26:42,223 [s1-impl-thread1] TRACE util.FileUtils (LogUtils.java:supplyAndLog(69)) - Successfully supplied FileChannel.open /home/runner/work/ratis/ratis/ratis-test/target/test/data/42d3a8b8/MiniRaftClusterWithGrpc43e5161/s1/cec2cddf-b3fc-46c2-a11a-80861d532c92/current/raft-meta.tmp with options [CREATE, WRITE]: sun.nio.ch.FileChannelImpl@3cd1623a
2023-11-20 19:26:42,224 [s1-impl-thread1] TRACE util.FileUtils (LogUtils.java:runAndLog(49)) - Successfully ran Atomic Files.move /home/runner/work/ratis/ratis/ratis-test/target/test/data/42d3a8b8/MiniRaftClusterWithGrpc43e5161/s1/cec2cddf-b3fc-46c2-a11a-80861d532c92/current/raft-meta.tmp to /home/runner/work/ratis/ratis/ratis-test/target/test/data/42d3a8b8/MiniRaftClusterWithGrpc43e5161/s1/cec2cddf-b3fc-46c2-a11a-80861d532c92/current/raft-meta with options [REPLACE_EXISTING]
2023-11-20 19:26:42,224 [s1-impl-thread1] INFO  storage.RaftStorage (RaftStorageImpl.java:format(99)) - Storage directory /home/runner/work/ratis/ratis/ratis-test/target/test/data/42d3a8b8/MiniRaftClusterWithGrpc43e5161/s1/cec2cddf-b3fc-46c2-a11a-80861d532c92 has been successfully formatted.
2023-11-20 19:26:42,224 [s1-impl-thread1] TRACE util.FileUtils (LogUtils.java:supplyAndLog(61)) - Failed to Files.newInputStream /home/runner/work/ratis/ratis/ratis-test/target/test/data/42d3a8b8/MiniRaftClusterWithGrpc43e5161/s1/cec2cddf-b3fc-46c2-a11a-80861d532c92/current/raft-meta.conf with options []
java.nio.file.NoSuchFileException: /home/runner/work/ratis/ratis/ratis-test/target/test/data/42d3a8b8/MiniRaftClusterWithGrpc43e5161/s1/cec2cddf-b3fc-46c2-a11a-80861d532c92/current/raft-meta.conf
	at java.base/sun.nio.fs.UnixException.translateToIOException(UnixException.java:92)
	at java.base/sun.nio.fs.UnixException.rethrowAsIOException(UnixException.java:111)
	at java.base/sun.nio.fs.UnixException.rethrowAsIOException(UnixException.java:116)
	at java.base/sun.nio.fs.UnixFileSystemProvider.newByteChannel(UnixFileSystemProvider.java:219)
	at java.base/java.nio.file.Files.newByteChannel(Files.java:371)
	at java.base/java.nio.file.Files.newByteChannel(Files.java:422)
	at java.base/java.nio.file.spi.FileSystemProvider.newInputStream(FileSystemProvider.java:420)
	at java.base/java.nio.file.Files.newInputStream(Files.java:156)
	at org.apache.ratis.util.FileUtils.lambda$newInputStream$2(FileUtils.java:73)
	at org.apache.ratis.util.LogUtils.supplyAndLog(LogUtils.java:58)
	at org.apache.ratis.util.FileUtils.newInputStream(FileUtils.java:72)
	at org.apache.ratis.util.FileUtils.newInputStream(FileUtils.java:68)
	at org.apache.ratis.server.storage.RaftStorageImpl.readRaftConfiguration(RaftStorageImpl.java:156)
	at org.apache.ratis.server.impl.ServerState.initialize(ServerState.java:141)
	at org.apache.ratis.server.impl.RaftServerImpl.start(RaftServerImpl.java:388)
	at org.apache.ratis.util.ConcurrentUtils.accept(ConcurrentUtils.java:203)
	at org.apache.ratis.util.ConcurrentUtils.lambda$parallelForEachAsync$4(ConcurrentUtils.java:182)
	at java.base/java.util.concurrent.ThreadPoolExecutor.runWorker(ThreadPoolExecutor.java:1128)
	at java.base/java.util.concurrent.ThreadPoolExecutor$Worker.run(ThreadPoolExecutor.java:628)
	at java.base/java.lang.Thread.run(Thread.java:829)
2023-11-20 19:26:42,224 [s1-impl-thread1] INFO  impl.SimpleStateMachine4Testing (SimpleStateMachine4Testing.java:initialize(213)) - Initializing SimpleStateMachine4Testing:uninitialized
2023-11-20 19:26:42,225 [s1-impl-thread1] INFO  impl.SimpleStateMachine4Testing (SimpleStateMachine4Testing.java:loadSnapshot(296)) - Loading snapshot null
2023-11-20 19:26:42,225 [s1-impl-thread1] INFO  server.RaftServerConfigKeys (ConfUtils.java:logGet(46)) - raft.server.log.use.memory = false (default)
2023-11-20 19:26:42,225 [s1-impl-thread1] INFO  server.RaftServerConfigKeys (ConfUtils.java:logGet(46)) - raft.server.log.purge.gap = 1024 (default)
2023-11-20 19:26:42,225 [s1-impl-thread1] INFO  server.RaftServerConfigKeys (ConfUtils.java:logGet(46)) - raft.server.log.appender.buffer.byte-limit = 4MB (=4194304) (default)
2023-11-20 19:26:42,225 [s1-impl-thread1] INFO  server.RaftServerConfigKeys (ConfUtils.java:logGet(46)) - raft.server.log.statemachine.data.read.timeout = 1000ms (default)
2023-11-20 19:26:42,225 [s1-impl-thread1] INFO  server.RaftServerConfigKeys (ConfUtils.java:logGet(46)) - raft.server.log.purge.preservation.log.num = 0 (default)
2023-11-20 19:26:42,225 [s1-impl-thread1] INFO  server.RaftServerConfigKeys (ConfUtils.java:logGet(46)) - raft.server.log.segment.size.max = 32MB (=33554432) (default)
2023-11-20 19:26:42,225 [s1-impl-thread1] INFO  server.RaftServerConfigKeys (ConfUtils.java:logGet(46)) - raft.server.log.segment.cache.num.max = 6 (default)
2023-11-20 19:26:42,225 [s1-impl-thread1] INFO  server.RaftServerConfigKeys (ConfUtils.java:logGet(46)) - raft.server.log.segment.cache.size.max = 200MB (=209715200) (default)
2023-11-20 19:26:42,225 [s1-impl-thread1] INFO  server.RaftServerConfigKeys (ConfUtils.java:logGet(46)) - raft.server.log.appender.buffer.byte-limit = 4MB (=4194304) (default)
2023-11-20 19:26:42,226 [s1-impl-thread1] INFO  util.AwaitToRun (AwaitToRun.java:start(81)) - Thread[s1@group-80861D532C92-cacheEviction-AwaitToRun,5,main] started
2023-11-20 19:26:42,226 [s1-impl-thread1] INFO  segmented.SegmentedRaftLogWorker (SegmentedRaftLogWorker.java:<init>(182)) - new s1@group-80861D532C92-SegmentedRaftLogWorker for RaftStorageImpl:Storage Directory /home/runner/work/ratis/ratis/ratis-test/target/test/data/42d3a8b8/MiniRaftClusterWithGrpc43e5161/s1/cec2cddf-b3fc-46c2-a11a-80861d532c92
2023-11-20 19:26:42,226 [s1-impl-thread1] INFO  server.RaftServerConfigKeys (ConfUtils.java:logGet(46)) - raft.server.log.queue.byte-limit = 64MB (=67108864) (default)
2023-11-20 19:26:42,226 [s1-impl-thread1] INFO  server.RaftServerConfigKeys (ConfUtils.java:logGet(46)) - raft.server.log.queue.element-limit = 4096 (default)
2023-11-20 19:26:42,226 [s1-impl-thread1] INFO  server.RaftServerConfigKeys (ConfUtils.java:logGet(46)) - raft.server.log.segment.size.max = 32MB (=33554432) (default)
2023-11-20 19:26:42,226 [s1-impl-thread1] INFO  server.RaftServerConfigKeys (ConfUtils.java:logGet(46)) - raft.server.log.preallocated.size = 4MB (=4194304) (default)
2023-11-20 19:26:42,226 [s1-impl-thread1] INFO  server.RaftServerConfigKeys (ConfUtils.java:logGet(46)) - raft.server.log.force.sync.num = 128 (default)
2023-11-20 19:26:42,226 [s1-impl-thread1] INFO  server.RaftServerConfigKeys (ConfUtils.java:logGet(46)) - raft.server.log.statemachine.data.sync = true (default)
2023-11-20 19:26:42,226 [s1-impl-thread1] INFO  server.RaftServerConfigKeys (ConfUtils.java:logGet(46)) - raft.server.log.statemachine.data.sync.timeout = 10s (default)
2023-11-20 19:26:42,226 [s1-impl-thread1] INFO  server.RaftServerConfigKeys (ConfUtils.java:logGet(46)) - raft.server.log.statemachine.data.sync.timeout.retry = -1 (default)
2023-11-20 19:26:42,226 [s1-impl-thread1] INFO  server.RaftServerConfigKeys (ConfUtils.java:logGet(46)) - raft.server.log.write.buffer.size = 8MB (=8388608) (default)
2023-11-20 19:26:42,229 [s1-impl-thread1] INFO  server.RaftServerConfigKeys (ConfUtils.java:logGet(46)) - raft.server.log.appender.buffer.byte-limit = 4MB (=4194304) (default)
2023-11-20 19:26:42,229 [s1-impl-thread1] INFO  server.RaftServerConfigKeys (ConfUtils.java:logGet(46)) - raft.server.log.unsafe-flush.enabled = false (default)
2023-11-20 19:26:42,229 [s1-impl-thread1] INFO  server.RaftServerConfigKeys (ConfUtils.java:logGet(46)) - raft.server.log.async-flush.enabled = false (default)
2023-11-20 19:26:42,229 [s1-impl-thread1] INFO  server.RaftServerConfigKeys (ConfUtils.java:logGet(46)) - raft.server.log.statemachine.data.caching.enabled = false (default)
2023-11-20 19:26:42,230 [s1-impl-thread1] INFO  segmented.SegmentedRaftLogWorker (SegmentedRaftLogWorker.java:lambda$new$0(134)) - s1@group-80861D532C92-SegmentedRaftLogWorker: flushIndex: setUnconditionally 0 -> -1
2023-11-20 19:26:42,230 [s1-impl-thread1] INFO  segmented.SegmentedRaftLogWorker (SegmentedRaftLogWorker.java:lambda$new$0(134)) - s1@group-80861D532C92-SegmentedRaftLogWorker: safeCacheEvictIndex: setUnconditionally 0 -> -1
2023-11-20 19:26:42,232 [s1-impl-thread1] INFO  server.RaftServer$Division (RaftServerImpl.java:start(392)) - s1@group-80861D532C92: start as a follower, conf=-1: peers:[s0|localhost:40297, s1|localhost:34209, s2|localhost:35445]|listeners:[], old=null
2023-11-20 19:26:42,233 [grpc-default-executor-2] ERROR impl.OrderedAsync (OrderedAsync.java:lambda$sendRequest$9(247)) - client-E9C94F68C118: Failed* RaftClientRequest:client-E9C94F68C118->s1@group-F61A228DBE4A, cid=6, seq=1*, Watch(0), null
java.util.concurrent.CompletionException: java.io.IOException: org.apache.ratis.thirdparty.io.grpc.StatusRuntimeException: UNAVAILABLE: io exception
	at java.base/java.util.concurrent.CompletableFuture.encodeThrowable(CompletableFuture.java:331)
	at java.base/java.util.concurrent.CompletableFuture.completeThrowable(CompletableFuture.java:346)
	at java.base/java.util.concurrent.CompletableFuture$UniApply.tryFire(CompletableFuture.java:632)
	at java.base/java.util.concurrent.CompletableFuture.postComplete(CompletableFuture.java:506)
	at java.base/java.util.concurrent.CompletableFuture.completeExceptionally(CompletableFuture.java:2094)
	at org.apache.ratis.grpc.client.GrpcClientProtocolClient$AsyncStreamObservers.completeReplyExceptionally(GrpcClientProtocolClient.java:394)
	at org.apache.ratis.grpc.client.GrpcClientProtocolClient$AsyncStreamObservers.access$000(GrpcClientProtocolClient.java:300)
	at org.apache.ratis.grpc.client.GrpcClientProtocolClient$AsyncStreamObservers$1.onError(GrpcClientProtocolClient.java:331)
	at org.apache.ratis.thirdparty.io.grpc.stub.ClientCalls$StreamObserverToCallListenerAdapter.onClose(ClientCalls.java:481)
	at org.apache.ratis.thirdparty.io.grpc.PartialForwardingClientCallListener.onClose(PartialForwardingClientCallListener.java:39)
	at org.apache.ratis.thirdparty.io.grpc.ForwardingClientCallListener.onClose(ForwardingClientCallListener.java:23)
	at org.apache.ratis.grpc.metrics.intercept.client.MetricClientCallListener.onClose(MetricClientCallListener.java:47)
	at org.apache.ratis.thirdparty.io.grpc.internal.DelayedClientCall$DelayedListener$3.run(DelayedClientCall.java:489)
	at org.apache.ratis.thirdparty.io.grpc.internal.DelayedClientCall$DelayedListener.delayOrExecute(DelayedClientCall.java:453)
	at org.apache.ratis.thirdparty.io.grpc.internal.DelayedClientCall$DelayedListener.onClose(DelayedClientCall.java:486)
	at org.apache.ratis.thirdparty.io.grpc.internal.ClientCallImpl.closeObserver(ClientCallImpl.java:567)
	at org.apache.ratis.thirdparty.io.grpc.internal.ClientCallImpl.access$300(ClientCallImpl.java:71)
	at org.apache.ratis.thirdparty.io.grpc.internal.ClientCallImpl$ClientStreamListenerImpl$1StreamClosed.runInternal(ClientCallImpl.java:735)
	at org.apache.ratis.thirdparty.io.grpc.internal.ClientCallImpl$ClientStreamListenerImpl$1StreamClosed.runInContext(ClientCallImpl.java:716)
	at org.apache.ratis.thirdparty.io.grpc.internal.ContextRunnable.run(ContextRunnable.java:37)
	at org.apache.ratis.thirdparty.io.grpc.internal.SerializingExecutor.run(SerializingExecutor.java:133)
	at java.base/java.util.concurrent.ThreadPoolExecutor.runWorker(ThreadPoolExecutor.java:1128)
	at java.base/java.util.concurrent.ThreadPoolExecutor$Worker.run(ThreadPoolExecutor.java:628)
	at java.base/java.lang.Thread.run(Thread.java:829)
Caused by: java.io.IOException: org.apache.ratis.thirdparty.io.grpc.StatusRuntimeException: UNAVAILABLE: io exception
	at org.apache.ratis.grpc.GrpcUtil.unwrapException(GrpcUtil.java:99)
	at org.apache.ratis.grpc.GrpcUtil.unwrapIOException(GrpcUtil.java:159)
	at org.apache.ratis.grpc.client.GrpcClientProtocolClient$AsyncStreamObservers$1.onError(GrpcClientProtocolClient.java:330)
	... 16 more
Caused by: org.apache.ratis.thirdparty.io.grpc.StatusRuntimeException: UNAVAILABLE: io exception
	at org.apache.ratis.thirdparty.io.grpc.Status.asRuntimeException(Status.java:537)
	... 16 more
Caused by: org.apache.ratis.thirdparty.io.netty.channel.AbstractChannel$AnnotatedConnectException: finishConnect(..) failed: Connection refused: localhost/127.0.0.1:46099
Caused by: java.net.ConnectException: finishConnect(..) failed: Connection refused
	at org.apache.ratis.thirdparty.io.netty.channel.unix.Errors.newConnectException0(Errors.java:166)
	at org.apache.ratis.thirdparty.io.netty.channel.unix.Errors.handleConnectErrno(Errors.java:131)
	at org.apache.ratis.thirdparty.io.netty.channel.unix.Socket.finishConnect(Socket.java:359)
	at org.apache.ratis.thirdparty.io.netty.channel.epoll.AbstractEpollChannel$AbstractEpollUnsafe.doFinishConnect(AbstractEpollChannel.java:710)
	at org.apache.ratis.thirdparty.io.netty.channel.epoll.AbstractEpollChannel$AbstractEpollUnsafe.finishConnect(AbstractEpollChannel.java:687)
	at org.apache.ratis.thirdparty.io.netty.channel.epoll.AbstractEpollChannel$AbstractEpollUnsafe.epollOutReady(AbstractEpollChannel.java:567)
	at org.apache.ratis.thirdparty.io.netty.channel.epoll.EpollEventLoop.processReady(EpollEventLoop.java:499)
	at org.apache.ratis.thirdparty.io.netty.channel.epoll.EpollEventLoop.run(EpollEventLoop.java:407)
	at org.apache.ratis.thirdparty.io.netty.util.concurrent.SingleThreadEventExecutor$4.run(SingleThreadEventExecutor.java:997)
	at org.apache.ratis.thirdparty.io.netty.util.internal.ThreadExecutorMap$2.run(ThreadExecutorMap.java:74)
	at org.apache.ratis.thirdparty.io.netty.util.concurrent.FastThreadLocalRunnable.run(FastThreadLocalRunnable.java:30)
	at java.base/java.lang.Thread.run(Thread.java:829)
2023-11-20 19:26:42,233 [s1-impl-thread1] INFO  server.RaftServer$Division (RaftServerImpl.java:setRole(379)) - s1@group-80861D532C92: changes role from      null to FOLLOWER at term 0 for startAsFollower
2023-11-20 19:26:42,233 [s1-impl-thread1] INFO  impl.RoleInfo (RoleInfo.java:updateAndGet(139)) - s1: start s1@group-80861D532C92-FollowerState
2023-11-20 19:26:42,233 [s1@group-80861D532C92-FollowerState] INFO  server.RaftServerConfigKeys (ConfUtils.java:logFallback(53)) - raft.server.rpc.first-election.timeout.min = 150ms (fallback to raft.server.rpc.timeout.min)
2023-11-20 19:26:42,234 [s1-impl-thread1] INFO  util.JmxRegister (JmxRegister.java:tryRegister(44)) - Successfully registered JMX Bean with object name Ratis:service=RaftServer,group=group-80861D532C92,id=s1
2023-11-20 19:26:42,234 [s1@group-80861D532C92-FollowerState] INFO  server.RaftServerConfigKeys (ConfUtils.java:logFallback(53)) - raft.server.rpc.first-election.timeout.max = 300ms (fallback to raft.server.rpc.timeout.max)
2023-11-20 19:26:42,234 [s1-impl-thread1] INFO  server.RaftServerConfigKeys (ConfUtils.java:logGet(46)) - raft.server.snapshot.trigger-when-stop.enabled = true (default)
2023-11-20 19:26:42,234 [s1-impl-thread1] INFO  server.RaftServerConfigKeys (ConfUtils.java:logGet(46)) - raft.server.snapshot.auto.trigger.enabled = false (default)
2023-11-20 19:26:42,234 [s1-impl-thread1] INFO  server.RaftServerConfigKeys (ConfUtils.java:logGet(46)) - raft.server.snapshot.retention.file.num = -1 (default)
2023-11-20 19:26:42,234 [s1-impl-thread1] INFO  server.RaftServerConfigKeys (ConfUtils.java:logGet(46)) - raft.server.log.purge.upto.snapshot.index = false (default)
2023-11-20 19:26:42,234 [Time-limited test] INFO  server.RaftServer (RaftServerProxy.java:startImpl(406)) - s1: start RPC server
2023-11-20 19:26:42,235 [Time-limited test] INFO  server.GrpcService (GrpcService.java:startImpl(302)) - s1: GrpcService started, listening on 34087
2023-11-20 19:26:42,235 [Time-limited test] INFO  server.GrpcService (GrpcService.java:startImpl(302)) - s1: GrpcService started, listening on 34209
2023-11-20 19:26:42,236 [Time-limited test] INFO  server.GrpcService (GrpcService.java:startImpl(302)) - s1: GrpcService started, listening on 46327
2023-11-20 19:26:42,236 [JvmPauseMonitor10] INFO  util.JvmPauseMonitor (JvmPauseMonitor.java:run(146)) - JvmPauseMonitor-s1: Started
2023-11-20 19:26:42,236 [s2-impl-thread1] INFO  server.RaftServerConfigKeys (ConfUtils.java:logGet(46)) - raft.server.storage.free-space.min = 0MB (=0) (default)
2023-11-20 19:26:42,236 [s2-impl-thread1] INFO  server.RaftServerConfigKeys (ConfUtils.java:logGet(46)) - raft.server.log.corruption.policy = EXCEPTION (default)
2023-11-20 19:26:42,236 [s2-impl-thread1] INFO  server.RaftServerConfigKeys (ConfUtils.java:logGet(46)) - raft.server.storage.dir = [/home/runner/work/ratis/ratis/ratis-test/target/test/data/42d3a8b8/MiniRaftClusterWithGrpc43e5161/s2] (custom)
2023-11-20 19:26:42,236 [s2-impl-thread1] INFO  storage.RaftStorageDirectory (RaftStorageDirectoryImpl.java:analyzeStorage(138)) - The storage directory /home/runner/work/ratis/ratis/ratis-test/target/test/data/42d3a8b8/MiniRaftClusterWithGrpc43e5161/s2/cec2cddf-b3fc-46c2-a11a-80861d532c92 does not exist. Creating ...
2023-11-20 19:26:42,237 [s2-impl-thread1] TRACE util.FileUtils (LogUtils.java:runAndLog(49)) - Successfully ran Files.createDirectories /home/runner/work/ratis/ratis/ratis-test/target/test/data/42d3a8b8/MiniRaftClusterWithGrpc43e5161/s2/cec2cddf-b3fc-46c2-a11a-80861d532c92
2023-11-20 19:26:42,237 [s2-impl-thread1] INFO  storage.RaftStorageDirectory (RaftStorageDirectoryImpl.java:tryLock(232)) - Lock on /home/runner/work/ratis/ratis/ratis-test/target/test/data/42d3a8b8/MiniRaftClusterWithGrpc43e5161/s2/cec2cddf-b3fc-46c2-a11a-80861d532c92/in_use.lock acquired by nodename 4652@fv-az1023-122
2023-11-20 19:26:42,237 [s2-impl-thread1] TRACE util.FileUtils (LogUtils.java:runAndLog(49)) - Successfully ran Files.createDirectories /home/runner/work/ratis/ratis/ratis-test/target/test/data/42d3a8b8/MiniRaftClusterWithGrpc43e5161/s2/cec2cddf-b3fc-46c2-a11a-80861d532c92/current
2023-11-20 19:26:42,237 [s2-impl-thread1] TRACE util.FileUtils (LogUtils.java:runAndLog(49)) - Successfully ran Files.createDirectories /home/runner/work/ratis/ratis/ratis-test/target/test/data/42d3a8b8/MiniRaftClusterWithGrpc43e5161/s2/cec2cddf-b3fc-46c2-a11a-80861d532c92/sm
2023-11-20 19:26:42,238 [s2-impl-thread1] TRACE util.FileUtils (LogUtils.java:supplyAndLog(69)) - Successfully supplied FileChannel.open /home/runner/work/ratis/ratis/ratis-test/target/test/data/42d3a8b8/MiniRaftClusterWithGrpc43e5161/s2/cec2cddf-b3fc-46c2-a11a-80861d532c92/current/raft-meta.tmp with options [CREATE, WRITE]: sun.nio.ch.FileChannelImpl@2a67e61d
2023-11-20 19:26:42,238 [s2-impl-thread1] TRACE util.FileUtils (LogUtils.java:runAndLog(49)) - Successfully ran Atomic Files.move /home/runner/work/ratis/ratis/ratis-test/target/test/data/42d3a8b8/MiniRaftClusterWithGrpc43e5161/s2/cec2cddf-b3fc-46c2-a11a-80861d532c92/current/raft-meta.tmp to /home/runner/work/ratis/ratis/ratis-test/target/test/data/42d3a8b8/MiniRaftClusterWithGrpc43e5161/s2/cec2cddf-b3fc-46c2-a11a-80861d532c92/current/raft-meta with options [REPLACE_EXISTING]
2023-11-20 19:26:42,238 [s2-impl-thread1] INFO  storage.RaftStorage (RaftStorageImpl.java:format(99)) - Storage directory /home/runner/work/ratis/ratis/ratis-test/target/test/data/42d3a8b8/MiniRaftClusterWithGrpc43e5161/s2/cec2cddf-b3fc-46c2-a11a-80861d532c92 has been successfully formatted.
2023-11-20 19:26:42,238 [s2-impl-thread1] TRACE util.FileUtils (LogUtils.java:supplyAndLog(61)) - Failed to Files.newInputStream /home/runner/work/ratis/ratis/ratis-test/target/test/data/42d3a8b8/MiniRaftClusterWithGrpc43e5161/s2/cec2cddf-b3fc-46c2-a11a-80861d532c92/current/raft-meta.conf with options []
java.nio.file.NoSuchFileException: /home/runner/work/ratis/ratis/ratis-test/target/test/data/42d3a8b8/MiniRaftClusterWithGrpc43e5161/s2/cec2cddf-b3fc-46c2-a11a-80861d532c92/current/raft-meta.conf
	at java.base/sun.nio.fs.UnixException.translateToIOException(UnixException.java:92)
	at java.base/sun.nio.fs.UnixException.rethrowAsIOException(UnixException.java:111)
	at java.base/sun.nio.fs.UnixException.rethrowAsIOException(UnixException.java:116)
	at java.base/sun.nio.fs.UnixFileSystemProvider.newByteChannel(UnixFileSystemProvider.java:219)
	at java.base/java.nio.file.Files.newByteChannel(Files.java:371)
	at java.base/java.nio.file.Files.newByteChannel(Files.java:422)
	at java.base/java.nio.file.spi.FileSystemProvider.newInputStream(FileSystemProvider.java:420)
	at java.base/java.nio.file.Files.newInputStream(Files.java:156)
	at org.apache.ratis.util.FileUtils.lambda$newInputStream$2(FileUtils.java:73)
	at org.apache.ratis.util.LogUtils.supplyAndLog(LogUtils.java:58)
	at org.apache.ratis.util.FileUtils.newInputStream(FileUtils.java:72)
	at org.apache.ratis.util.FileUtils.newInputStream(FileUtils.java:68)
	at org.apache.ratis.server.storage.RaftStorageImpl.readRaftConfiguration(RaftStorageImpl.java:156)
	at org.apache.ratis.server.impl.ServerState.initialize(ServerState.java:141)
	at org.apache.ratis.server.impl.RaftServerImpl.start(RaftServerImpl.java:388)
	at org.apache.ratis.util.ConcurrentUtils.accept(ConcurrentUtils.java:203)
	at org.apache.ratis.util.ConcurrentUtils.lambda$parallelForEachAsync$4(ConcurrentUtils.java:182)
	at java.base/java.util.concurrent.ThreadPoolExecutor.runWorker(ThreadPoolExecutor.java:1128)
	at java.base/java.util.concurrent.ThreadPoolExecutor$Worker.run(ThreadPoolExecutor.java:628)
	at java.base/java.lang.Thread.run(Thread.java:829)
2023-11-20 19:26:42,239 [s2-impl-thread1] INFO  impl.SimpleStateMachine4Testing (SimpleStateMachine4Testing.java:initialize(213)) - Initializing SimpleStateMachine4Testing:uninitialized
2023-11-20 19:26:42,239 [s2-impl-thread1] INFO  impl.SimpleStateMachine4Testing (SimpleStateMachine4Testing.java:loadSnapshot(296)) - Loading snapshot null
2023-11-20 19:26:42,239 [s2-impl-thread1] INFO  server.RaftServerConfigKeys (ConfUtils.java:logGet(46)) - raft.server.log.use.memory = false (default)
2023-11-20 19:26:42,239 [s2-impl-thread1] INFO  server.RaftServerConfigKeys (ConfUtils.java:logGet(46)) - raft.server.log.purge.gap = 1024 (default)
2023-11-20 19:26:42,239 [s2-impl-thread1] INFO  server.RaftServerConfigKeys (ConfUtils.java:logGet(46)) - raft.server.log.appender.buffer.byte-limit = 4MB (=4194304) (default)
2023-11-20 19:26:42,239 [s2-impl-thread1] INFO  server.RaftServerConfigKeys (ConfUtils.java:logGet(46)) - raft.server.log.statemachine.data.read.timeout = 1000ms (default)
2023-11-20 19:26:42,239 [s2-impl-thread1] INFO  server.RaftServerConfigKeys (ConfUtils.java:logGet(46)) - raft.server.log.purge.preservation.log.num = 0 (default)
2023-11-20 19:26:42,239 [s2-impl-thread1] INFO  server.RaftServerConfigKeys (ConfUtils.java:logGet(46)) - raft.server.log.segment.size.max = 32MB (=33554432) (default)
2023-11-20 19:26:42,239 [s2-impl-thread1] INFO  server.RaftServerConfigKeys (ConfUtils.java:logGet(46)) - raft.server.log.segment.cache.num.max = 6 (default)
2023-11-20 19:26:42,240 [s2-impl-thread1] INFO  server.RaftServerConfigKeys (ConfUtils.java:logGet(46)) - raft.server.log.segment.cache.size.max = 200MB (=209715200) (default)
2023-11-20 19:26:42,240 [s2-impl-thread1] INFO  server.RaftServerConfigKeys (ConfUtils.java:logGet(46)) - raft.server.log.appender.buffer.byte-limit = 4MB (=4194304) (default)
2023-11-20 19:26:42,240 [s2-impl-thread1] INFO  util.AwaitToRun (AwaitToRun.java:start(81)) - Thread[s2@group-80861D532C92-cacheEviction-AwaitToRun,5,main] started
2023-11-20 19:26:42,240 [s2-impl-thread1] INFO  segmented.SegmentedRaftLogWorker (SegmentedRaftLogWorker.java:<init>(182)) - new s2@group-80861D532C92-SegmentedRaftLogWorker for RaftStorageImpl:Storage Directory /home/runner/work/ratis/ratis/ratis-test/target/test/data/42d3a8b8/MiniRaftClusterWithGrpc43e5161/s2/cec2cddf-b3fc-46c2-a11a-80861d532c92
2023-11-20 19:26:42,240 [s2-impl-thread1] INFO  server.RaftServerConfigKeys (ConfUtils.java:logGet(46)) - raft.server.log.queue.byte-limit = 64MB (=67108864) (default)
2023-11-20 19:26:42,240 [s2-impl-thread1] INFO  server.RaftServerConfigKeys (ConfUtils.java:logGet(46)) - raft.server.log.queue.element-limit = 4096 (default)
2023-11-20 19:26:42,240 [s2-impl-thread1] INFO  server.RaftServerConfigKeys (ConfUtils.java:logGet(46)) - raft.server.log.segment.size.max = 32MB (=33554432) (default)
2023-11-20 19:26:42,240 [s2-impl-thread1] INFO  server.RaftServerConfigKeys (ConfUtils.java:logGet(46)) - raft.server.log.preallocated.size = 4MB (=4194304) (default)
2023-11-20 19:26:42,240 [s2-impl-thread1] INFO  server.RaftServerConfigKeys (ConfUtils.java:logGet(46)) - raft.server.log.force.sync.num = 128 (default)
2023-11-20 19:26:42,240 [s2-impl-thread1] INFO  server.RaftServerConfigKeys (ConfUtils.java:logGet(46)) - raft.server.log.statemachine.data.sync = true (default)
2023-11-20 19:26:42,240 [s2-impl-thread1] INFO  server.RaftServerConfigKeys (ConfUtils.java:logGet(46)) - raft.server.log.statemachine.data.sync.timeout = 10s (default)
2023-11-20 19:26:42,240 [s2-impl-thread1] INFO  server.RaftServerConfigKeys (ConfUtils.java:logGet(46)) - raft.server.log.statemachine.data.sync.timeout.retry = -1 (default)
2023-11-20 19:26:42,240 [s2-impl-thread1] INFO  server.RaftServerConfigKeys (ConfUtils.java:logGet(46)) - raft.server.log.write.buffer.size = 8MB (=8388608) (default)
2023-11-20 19:26:42,241 [s2-impl-thread1] INFO  server.RaftServerConfigKeys (ConfUtils.java:logGet(46)) - raft.server.log.appender.buffer.byte-limit = 4MB (=4194304) (default)
2023-11-20 19:26:42,241 [s2-impl-thread1] INFO  server.RaftServerConfigKeys (ConfUtils.java:logGet(46)) - raft.server.log.unsafe-flush.enabled = false (default)
2023-11-20 19:26:42,241 [s2-impl-thread1] INFO  server.RaftServerConfigKeys (ConfUtils.java:logGet(46)) - raft.server.log.async-flush.enabled = false (default)
2023-11-20 19:26:42,241 [s2-impl-thread1] INFO  server.RaftServerConfigKeys (ConfUtils.java:logGet(46)) - raft.server.log.statemachine.data.caching.enabled = false (default)
2023-11-20 19:26:42,241 [s2-impl-thread1] INFO  segmented.SegmentedRaftLogWorker (SegmentedRaftLogWorker.java:lambda$new$0(134)) - s2@group-80861D532C92-SegmentedRaftLogWorker: flushIndex: setUnconditionally 0 -> -1
2023-11-20 19:26:42,241 [s2-impl-thread1] INFO  segmented.SegmentedRaftLogWorker (SegmentedRaftLogWorker.java:lambda$new$0(134)) - s2@group-80861D532C92-SegmentedRaftLogWorker: safeCacheEvictIndex: setUnconditionally 0 -> -1
2023-11-20 19:26:42,242 [s2-impl-thread1] INFO  server.RaftServer$Division (RaftServerImpl.java:start(392)) - s2@group-80861D532C92: start as a follower, conf=-1: peers:[s0|localhost:40297, s1|localhost:34209, s2|localhost:35445]|listeners:[], old=null
2023-11-20 19:26:42,242 [s2-impl-thread1] INFO  server.RaftServer$Division (RaftServerImpl.java:setRole(379)) - s2@group-80861D532C92: changes role from      null to FOLLOWER at term 0 for startAsFollower
2023-11-20 19:26:42,242 [s2-impl-thread1] INFO  impl.RoleInfo (RoleInfo.java:updateAndGet(139)) - s2: start s2@group-80861D532C92-FollowerState
2023-11-20 19:26:42,242 [s2@group-80861D532C92-FollowerState] INFO  server.RaftServerConfigKeys (ConfUtils.java:logFallback(53)) - raft.server.rpc.first-election.timeout.min = 150ms (fallback to raft.server.rpc.timeout.min)
2023-11-20 19:26:42,242 [s2-impl-thread1] INFO  util.JmxRegister (JmxRegister.java:tryRegister(44)) - Successfully registered JMX Bean with object name Ratis:service=RaftServer,group=group-80861D532C92,id=s2
2023-11-20 19:26:42,242 [s2@group-80861D532C92-FollowerState] INFO  server.RaftServerConfigKeys (ConfUtils.java:logFallback(53)) - raft.server.rpc.first-election.timeout.max = 300ms (fallback to raft.server.rpc.timeout.max)
2023-11-20 19:26:42,242 [s2-impl-thread1] INFO  server.RaftServerConfigKeys (ConfUtils.java:logGet(46)) - raft.server.snapshot.trigger-when-stop.enabled = true (default)
2023-11-20 19:26:42,242 [s2-impl-thread1] INFO  server.RaftServerConfigKeys (ConfUtils.java:logGet(46)) - raft.server.snapshot.auto.trigger.enabled = false (default)
2023-11-20 19:26:42,242 [s2-impl-thread1] INFO  server.RaftServerConfigKeys (ConfUtils.java:logGet(46)) - raft.server.snapshot.retention.file.num = -1 (default)
2023-11-20 19:26:42,242 [s2-impl-thread1] INFO  server.RaftServerConfigKeys (ConfUtils.java:logGet(46)) - raft.server.log.purge.upto.snapshot.index = false (default)
2023-11-20 19:26:42,242 [Time-limited test] INFO  server.RaftServer (RaftServerProxy.java:startImpl(406)) - s2: start RPC server
2023-11-20 19:26:42,243 [Time-limited test] INFO  server.GrpcService (GrpcService.java:startImpl(302)) - s2: GrpcService started, listening on 41671
2023-11-20 19:26:42,243 [Time-limited test] INFO  server.GrpcService (GrpcService.java:startImpl(302)) - s2: GrpcService started, listening on 35445
2023-11-20 19:26:42,244 [Time-limited test] INFO  server.GrpcService (GrpcService.java:startImpl(302)) - s2: GrpcService started, listening on 46495
2023-11-20 19:26:42,244 [JvmPauseMonitor11] INFO  util.JvmPauseMonitor (JvmPauseMonitor.java:run(146)) - JvmPauseMonitor-s2: Started
2023-11-20 19:26:42,244 [Time-limited test] INFO  server.RaftServerConfigKeys (ConfUtils.java:logGet(46)) - raft.server.rpc.timeout.max = 300ms (default)
2023-11-20 19:26:42,245 [Time-limited test] INFO  ratis.RaftTestUtil (RaftTestUtil.java:waitForLeader(100)) - printing ALL groups
  s0:  RUNNING  FOLLOWER s0@group-80861D532C92:t0, leader=null, voted=, raftlog=Memoized:s0@group-80861D532C92-SegmentedRaftLog:OPENED:c-1, conf=-1: peers:[s0|localhost:40297, s1|localhost:34209, s2|localhost:35445]|listeners:[], old=null RUNNING
  s1:  RUNNING  FOLLOWER s1@group-80861D532C92:t0, leader=null, voted=, raftlog=Memoized:s1@group-80861D532C92-SegmentedRaftLog:OPENED:c-1, conf=-1: peers:[s0|localhost:40297, s1|localhost:34209, s2|localhost:35445]|listeners:[], old=null RUNNING
  s2:  RUNNING  FOLLOWER s2@group-80861D532C92:t0, leader=null, voted=, raftlog=Memoized:s2@group-80861D532C92-SegmentedRaftLog:OPENED:c-1, conf=-1: peers:[s0|localhost:40297, s1|localhost:34209, s2|localhost:35445]|listeners:[], old=null RUNNING
2023-11-20 19:26:42,245 [Time-limited test] WARN  ratis.RaftTestUtil (JavaUtils.java:attempt(223)) - FAILED "waitForLeader-null-(expectLeader? true)", attempt #1/100: java.lang.IllegalStateException: No leader yet : printing ALL groups
  s0:  RUNNING  FOLLOWER s0@group-80861D532C92:t0, leader=null, voted=, raftlog=Memoized:s0@group-80861D532C92-SegmentedRaftLog:OPENED:c-1, conf=-1: peers:[s0|localhost:40297, s1|localhost:34209, s2|localhost:35445]|listeners:[], old=null RUNNING
  s1:  RUNNING  FOLLOWER s1@group-80861D532C92:t0, leader=null, voted=, raftlog=Memoized:s1@group-80861D532C92-SegmentedRaftLog:OPENED:c-1, conf=-1: peers:[s0|localhost:40297, s1|localhost:34209, s2|localhost:35445]|listeners:[], old=null RUNNING
  s2:  RUNNING  FOLLOWER s2@group-80861D532C92:t0, leader=null, voted=, raftlog=Memoized:s2@group-80861D532C92-SegmentedRaftLog:OPENED:c-1, conf=-1: peers:[s0|localhost:40297, s1|localhost:34209, s2|localhost:35445]|listeners:[], old=null RUNNING, sleep 450ms and then retry.
java.lang.IllegalStateException: No leader yet : printing ALL groups
  s0:  RUNNING  FOLLOWER s0@group-80861D532C92:t0, leader=null, voted=, raftlog=Memoized:s0@group-80861D532C92-SegmentedRaftLog:OPENED:c-1, conf=-1: peers:[s0|localhost:40297, s1|localhost:34209, s2|localhost:35445]|listeners:[], old=null RUNNING
  s1:  RUNNING  FOLLOWER s1@group-80861D532C92:t0, leader=null, voted=, raftlog=Memoized:s1@group-80861D532C92-SegmentedRaftLog:OPENED:c-1, conf=-1: peers:[s0|localhost:40297, s1|localhost:34209, s2|localhost:35445]|listeners:[], old=null RUNNING
  s2:  RUNNING  FOLLOWER s2@group-80861D532C92:t0, leader=null, voted=, raftlog=Memoized:s2@group-80861D532C92-SegmentedRaftLog:OPENED:c-1, conf=-1: peers:[s0|localhost:40297, s1|localhost:34209, s2|localhost:35445]|listeners:[], old=null RUNNING
	at org.apache.ratis.server.impl.MiniRaftCluster.newIllegalStateExceptionForNoLeaders(MiniRaftCluster.java:581)
	at org.apache.ratis.RaftTestUtil.lambda$waitForLeader$1(RaftTestUtil.java:104)
	at org.apache.ratis.server.impl.MiniRaftCluster.getLeader(MiniRaftCluster.java:615)
	at org.apache.ratis.server.impl.MiniRaftCluster.getLeader(MiniRaftCluster.java:608)
	at org.apache.ratis.RaftTestUtil.lambda$waitForLeader$3(RaftTestUtil.java:112)
	at org.apache.ratis.util.JavaUtils.attempt(JavaUtils.java:217)
	at org.apache.ratis.util.JavaUtils.attemptRepeatedly(JavaUtils.java:203)
	at org.apache.ratis.RaftTestUtil.waitForLeader(RaftTestUtil.java:111)
	at org.apache.ratis.RaftTestUtil.waitForLeader(RaftTestUtil.java:92)
	at org.apache.ratis.RaftTestUtil.waitForLeader(RaftTestUtil.java:87)
	at org.apache.ratis.RetryCacheTests.runTestRetryOnNewLeader(RetryCacheTests.java:127)
	at org.apache.ratis.server.impl.MiniRaftCluster$Factory$Get.runWithNewCluster(MiniRaftCluster.java:141)
	at org.apache.ratis.server.impl.MiniRaftCluster$Factory$Get.runWithNewCluster(MiniRaftCluster.java:121)
	at org.apache.ratis.RetryCacheTests.testRetryOnNewLeader(RetryCacheTests.java:123)
	at java.base/jdk.internal.reflect.NativeMethodAccessorImpl.invoke0(Native Method)
	at java.base/jdk.internal.reflect.NativeMethodAccessorImpl.invoke(NativeMethodAccessorImpl.java:62)
	at java.base/jdk.internal.reflect.DelegatingMethodAccessorImpl.invoke(DelegatingMethodAccessorImpl.java:43)
	at java.base/java.lang.reflect.Method.invoke(Method.java:566)
	at org.junit.runners.model.FrameworkMethod$1.runReflectiveCall(FrameworkMethod.java:59)
	at org.junit.internal.runners.model.ReflectiveCallable.run(ReflectiveCallable.java:12)
	at org.junit.runners.model.FrameworkMethod.invokeExplosively(FrameworkMethod.java:56)
	at org.junit.internal.runners.statements.InvokeMethod.evaluate(InvokeMethod.java:17)
	at org.junit.internal.runners.statements.RunAfters.evaluate(RunAfters.java:27)
	at org.junit.internal.runners.statements.FailOnTimeout$CallableStatement.call(FailOnTimeout.java:299)
	at org.junit.internal.runners.statements.FailOnTimeout$CallableStatement.call(FailOnTimeout.java:293)
	at java.base/java.util.concurrent.FutureTask.run(FutureTask.java:264)
	at java.base/java.lang.Thread.run(Thread.java:829)
2023-11-20 19:26:42,337 [grpc-default-executor-0] ERROR impl.OrderedAsync (OrderedAsync.java:lambda$sendRequest$9(247)) - client-E9C94F68C118: Failed* RaftClientRequest:client-E9C94F68C118->s0@group-F61A228DBE4A, cid=6, seq=1*, Watch(0), null
java.util.concurrent.CompletionException: java.io.IOException: org.apache.ratis.thirdparty.io.grpc.StatusRuntimeException: UNAVAILABLE: io exception
	at java.base/java.util.concurrent.CompletableFuture.encodeThrowable(CompletableFuture.java:331)
	at java.base/java.util.concurrent.CompletableFuture.completeThrowable(CompletableFuture.java:346)
	at java.base/java.util.concurrent.CompletableFuture$UniApply.tryFire(CompletableFuture.java:632)
	at java.base/java.util.concurrent.CompletableFuture.postComplete(CompletableFuture.java:506)
	at java.base/java.util.concurrent.CompletableFuture.completeExceptionally(CompletableFuture.java:2094)
	at org.apache.ratis.grpc.client.GrpcClientProtocolClient$AsyncStreamObservers.completeReplyExceptionally(GrpcClientProtocolClient.java:394)
	at org.apache.ratis.grpc.client.GrpcClientProtocolClient$AsyncStreamObservers.access$000(GrpcClientProtocolClient.java:300)
	at org.apache.ratis.grpc.client.GrpcClientProtocolClient$AsyncStreamObservers$1.onError(GrpcClientProtocolClient.java:331)
	at org.apache.ratis.thirdparty.io.grpc.stub.ClientCalls$StreamObserverToCallListenerAdapter.onClose(ClientCalls.java:481)
	at org.apache.ratis.thirdparty.io.grpc.PartialForwardingClientCallListener.onClose(PartialForwardingClientCallListener.java:39)
	at org.apache.ratis.thirdparty.io.grpc.ForwardingClientCallListener.onClose(ForwardingClientCallListener.java:23)
	at org.apache.ratis.grpc.metrics.intercept.client.MetricClientCallListener.onClose(MetricClientCallListener.java:47)
	at org.apache.ratis.thirdparty.io.grpc.internal.DelayedClientCall$DelayedListener$3.run(DelayedClientCall.java:489)
	at org.apache.ratis.thirdparty.io.grpc.internal.DelayedClientCall$DelayedListener.delayOrExecute(DelayedClientCall.java:453)
	at org.apache.ratis.thirdparty.io.grpc.internal.DelayedClientCall$DelayedListener.onClose(DelayedClientCall.java:486)
	at org.apache.ratis.thirdparty.io.grpc.internal.ClientCallImpl.closeObserver(ClientCallImpl.java:567)
	at org.apache.ratis.thirdparty.io.grpc.internal.ClientCallImpl.access$300(ClientCallImpl.java:71)
	at org.apache.ratis.thirdparty.io.grpc.internal.ClientCallImpl$ClientStreamListenerImpl$1StreamClosed.runInternal(ClientCallImpl.java:735)
	at org.apache.ratis.thirdparty.io.grpc.internal.ClientCallImpl$ClientStreamListenerImpl$1StreamClosed.runInContext(ClientCallImpl.java:716)
	at org.apache.ratis.thirdparty.io.grpc.internal.ContextRunnable.run(ContextRunnable.java:37)
	at org.apache.ratis.thirdparty.io.grpc.internal.SerializingExecutor.run(SerializingExecutor.java:133)
	at java.base/java.util.concurrent.ThreadPoolExecutor.runWorker(ThreadPoolExecutor.java:1128)
	at java.base/java.util.concurrent.ThreadPoolExecutor$Worker.run(ThreadPoolExecutor.java:628)
	at java.base/java.lang.Thread.run(Thread.java:829)
Caused by: java.io.IOException: org.apache.ratis.thirdparty.io.grpc.StatusRuntimeException: UNAVAILABLE: io exception
	at org.apache.ratis.grpc.GrpcUtil.unwrapException(GrpcUtil.java:99)
	at org.apache.ratis.grpc.GrpcUtil.unwrapIOException(GrpcUtil.java:159)
	at org.apache.ratis.grpc.client.GrpcClientProtocolClient$AsyncStreamObservers$1.onError(GrpcClientProtocolClient.java:330)
	... 16 more
Caused by: org.apache.ratis.thirdparty.io.grpc.StatusRuntimeException: UNAVAILABLE: io exception
	at org.apache.ratis.thirdparty.io.grpc.Status.asRuntimeException(Status.java:537)
	... 16 more
Caused by: org.apache.ratis.thirdparty.io.netty.channel.AbstractChannel$AnnotatedConnectException: finishConnect(..) failed: Connection refused: localhost/127.0.0.1:37411
Caused by: java.net.ConnectException: finishConnect(..) failed: Connection refused
	at org.apache.ratis.thirdparty.io.netty.channel.unix.Errors.newConnectException0(Errors.java:166)
	at org.apache.ratis.thirdparty.io.netty.channel.unix.Errors.handleConnectErrno(Errors.java:131)
	at org.apache.ratis.thirdparty.io.netty.channel.unix.Socket.finishConnect(Socket.java:359)
	at org.apache.ratis.thirdparty.io.netty.channel.epoll.AbstractEpollChannel$AbstractEpollUnsafe.doFinishConnect(AbstractEpollChannel.java:710)
	at org.apache.ratis.thirdparty.io.netty.channel.epoll.AbstractEpollChannel$AbstractEpollUnsafe.finishConnect(AbstractEpollChannel.java:687)
	at org.apache.ratis.thirdparty.io.netty.channel.epoll.AbstractEpollChannel$AbstractEpollUnsafe.epollOutReady(AbstractEpollChannel.java:567)
	at org.apache.ratis.thirdparty.io.netty.channel.epoll.EpollEventLoop.processReady(EpollEventLoop.java:499)
	at org.apache.ratis.thirdparty.io.netty.channel.epoll.EpollEventLoop.run(EpollEventLoop.java:407)
	at org.apache.ratis.thirdparty.io.netty.util.concurrent.SingleThreadEventExecutor$4.run(SingleThreadEventExecutor.java:997)
	at org.apache.ratis.thirdparty.io.netty.util.internal.ThreadExecutorMap$2.run(ThreadExecutorMap.java:74)
	at org.apache.ratis.thirdparty.io.netty.util.concurrent.FastThreadLocalRunnable.run(FastThreadLocalRunnable.java:30)
	at java.base/java.lang.Thread.run(Thread.java:829)
2023-11-20 19:26:42,404 [s1@group-80861D532C92-FollowerState] INFO  impl.FollowerState (FollowerState.java:run(143)) - s1@group-80861D532C92-FollowerState: change to CANDIDATE, lastRpcElapsedTime:170481786ns, electionTimeout:170ms
2023-11-20 19:26:42,404 [s1@group-80861D532C92-FollowerState] INFO  impl.RoleInfo (RoleInfo.java:shutdownFollowerState(110)) - s1: shutdown s1@group-80861D532C92-FollowerState
2023-11-20 19:26:42,404 [s1@group-80861D532C92-FollowerState] INFO  server.RaftServer$Division (RaftServerImpl.java:setRole(379)) - s1@group-80861D532C92: changes role from  FOLLOWER to CANDIDATE at term 0 for changeToCandidate
2023-11-20 19:26:42,404 [s1@group-80861D532C92-FollowerState] INFO  server.RaftServerConfigKeys (ConfUtils.java:logGet(46)) - raft.server.leaderelection.pre-vote = true (default)
2023-11-20 19:26:42,404 [s1@group-80861D532C92-FollowerState] INFO  impl.RoleInfo (RoleInfo.java:updateAndGet(139)) - s1: start s1@group-80861D532C92-LeaderElection7
2023-11-20 19:26:42,405 [s1@group-80861D532C92-LeaderElection7] INFO  impl.LeaderElection (LeaderElection.java:askForVotes(323)) - s1@group-80861D532C92-LeaderElection7 PRE_VOTE round 0: submit vote requests at term 0 for -1: peers:[s0|localhost:40297, s1|localhost:34209, s2|localhost:35445]|listeners:[], old=null
2023-11-20 19:26:42,405 [s1@group-80861D532C92-LeaderElection7-1] INFO  server.GrpcServerProtocolClient (GrpcServerProtocolClient.java:<init>(65)) - Build channel for s0
2023-11-20 19:26:42,405 [s1@group-80861D532C92-LeaderElection7-2] INFO  server.GrpcServerProtocolClient (GrpcServerProtocolClient.java:<init>(65)) - Build channel for s2
2023-11-20 19:26:42,405 [s1@group-80861D532C92-LeaderElection7] INFO  server.RaftServerConfigKeys (ConfUtils.java:logFallback(53)) - raft.server.rpc.first-election.timeout.min = 150ms (fallback to raft.server.rpc.timeout.min)
2023-11-20 19:26:42,406 [s1@group-80861D532C92-LeaderElection7] INFO  server.RaftServerConfigKeys (ConfUtils.java:logFallback(53)) - raft.server.rpc.first-election.timeout.max = 300ms (fallback to raft.server.rpc.timeout.max)
2023-11-20 19:26:42,409 [grpc-default-executor-2] INFO  server.RaftServer$Division (RaftServerImpl.java:requestVote(1377)) - s0@group-80861D532C92: receive requestVote(PRE_VOTE, s1, group-80861D532C92, 0, (t:0, i:0))
2023-11-20 19:26:42,410 [grpc-default-executor-2] INFO  impl.VoteContext (VoteContext.java:log(49)) - s0@group-80861D532C92-FOLLOWER: accept PRE_VOTE from s1: our priority 0 <= candidate's priority 0
2023-11-20 19:26:42,410 [grpc-default-executor-2] INFO  server.RaftServer$Division (RaftServerImpl.java:requestVote(1410)) - s0@group-80861D532C92 replies to PRE_VOTE vote request: s1<-s0#0:OK-t0. Peer's state: s0@group-80861D532C92:t0, leader=null, voted=, raftlog=Memoized:s0@group-80861D532C92-SegmentedRaftLog:OPENED:c-1, conf=-1: peers:[s0|localhost:40297, s1|localhost:34209, s2|localhost:35445]|listeners:[], old=null
2023-11-20 19:26:42,410 [grpc-default-executor-0] INFO  server.RaftServer$Division (RaftServerImpl.java:requestVote(1377)) - s2@group-80861D532C92: receive requestVote(PRE_VOTE, s1, group-80861D532C92, 0, (t:0, i:0))
2023-11-20 19:26:42,410 [grpc-default-executor-0] INFO  impl.VoteContext (VoteContext.java:log(49)) - s2@group-80861D532C92-FOLLOWER: accept PRE_VOTE from s1: our priority 0 <= candidate's priority 0
2023-11-20 19:26:42,410 [grpc-default-executor-0] INFO  server.RaftServer$Division (RaftServerImpl.java:requestVote(1410)) - s2@group-80861D532C92 replies to PRE_VOTE vote request: s1<-s2#0:OK-t0. Peer's state: s2@group-80861D532C92:t0, leader=null, voted=, raftlog=Memoized:s2@group-80861D532C92-SegmentedRaftLog:OPENED:c-1, conf=-1: peers:[s0|localhost:40297, s1|localhost:34209, s2|localhost:35445]|listeners:[], old=null
2023-11-20 19:26:42,410 [s1@group-80861D532C92-LeaderElection7] INFO  impl.LeaderElection (LeaderElection.java:logAndReturn(89)) - s1@group-80861D532C92-LeaderElection7: PRE_VOTE PASSED received 1 response(s) and 0 exception(s):
2023-11-20 19:26:42,411 [s1@group-80861D532C92-LeaderElection7] INFO  impl.LeaderElection (LeaderElection.java:logAndReturn(93)) -   Response 0: s1<-s0#0:OK-t0
2023-11-20 19:26:42,411 [s1@group-80861D532C92-LeaderElection7] INFO  impl.LeaderElection (LeaderElection.java:askForVotes(325)) - s1@group-80861D532C92-LeaderElection7 PRE_VOTE round 0: result PASSED
2023-11-20 19:26:42,411 [s1@group-80861D532C92-LeaderElection7] TRACE util.FileUtils (LogUtils.java:supplyAndLog(69)) - Successfully supplied FileChannel.open /home/runner/work/ratis/ratis/ratis-test/target/test/data/42d3a8b8/MiniRaftClusterWithGrpc43e5161/s1/cec2cddf-b3fc-46c2-a11a-80861d532c92/current/raft-meta.tmp with options [CREATE, WRITE]: sun.nio.ch.FileChannelImpl@428cd138
2023-11-20 19:26:42,412 [s1@group-80861D532C92-LeaderElection7] TRACE util.FileUtils (LogUtils.java:runAndLog(49)) - Successfully ran Atomic Files.move /home/runner/work/ratis/ratis/ratis-test/target/test/data/42d3a8b8/MiniRaftClusterWithGrpc43e5161/s1/cec2cddf-b3fc-46c2-a11a-80861d532c92/current/raft-meta.tmp to /home/runner/work/ratis/ratis/ratis-test/target/test/data/42d3a8b8/MiniRaftClusterWithGrpc43e5161/s1/cec2cddf-b3fc-46c2-a11a-80861d532c92/current/raft-meta with options [REPLACE_EXISTING]
2023-11-20 19:26:42,412 [s1@group-80861D532C92-LeaderElection7] INFO  impl.LeaderElection (LeaderElection.java:askForVotes(323)) - s1@group-80861D532C92-LeaderElection7 ELECTION round 0: submit vote requests at term 1 for -1: peers:[s0|localhost:40297, s1|localhost:34209, s2|localhost:35445]|listeners:[], old=null
2023-11-20 19:26:42,412 [s1@group-80861D532C92-LeaderElection7] INFO  server.RaftServerConfigKeys (ConfUtils.java:logFallback(53)) - raft.server.rpc.first-election.timeout.min = 150ms (fallback to raft.server.rpc.timeout.min)
2023-11-20 19:26:42,412 [s1@group-80861D532C92-LeaderElection7] INFO  server.RaftServerConfigKeys (ConfUtils.java:logFallback(53)) - raft.server.rpc.first-election.timeout.max = 300ms (fallback to raft.server.rpc.timeout.max)
2023-11-20 19:26:42,413 [grpc-default-executor-0] INFO  server.RaftServer$Division (RaftServerImpl.java:requestVote(1377)) - s0@group-80861D532C92: receive requestVote(ELECTION, s1, group-80861D532C92, 1, (t:0, i:0))
2023-11-20 19:26:42,413 [grpc-default-executor-0] INFO  impl.VoteContext (VoteContext.java:log(49)) - s0@group-80861D532C92-FOLLOWER: accept ELECTION from s1: our priority 0 <= candidate's priority 0
2023-11-20 19:26:42,413 [grpc-default-executor-0] INFO  server.RaftServer$Division (RaftServerImpl.java:setRole(379)) - s0@group-80861D532C92: changes role from  FOLLOWER to FOLLOWER at term 1 for candidate:s1
2023-11-20 19:26:42,414 [grpc-default-executor-0] INFO  impl.RoleInfo (RoleInfo.java:shutdownFollowerState(110)) - s0: shutdown s0@group-80861D532C92-FollowerState
2023-11-20 19:26:42,414 [grpc-default-executor-2] INFO  server.RaftServer$Division (RaftServerImpl.java:requestVote(1377)) - s2@group-80861D532C92: receive requestVote(ELECTION, s1, group-80861D532C92, 1, (t:0, i:0))
2023-11-20 19:26:42,414 [grpc-default-executor-0] INFO  impl.RoleInfo (RoleInfo.java:updateAndGet(139)) - s0: start s0@group-80861D532C92-FollowerState
2023-11-20 19:26:42,414 [grpc-default-executor-2] INFO  impl.VoteContext (VoteContext.java:log(49)) - s2@group-80861D532C92-FOLLOWER: accept ELECTION from s1: our priority 0 <= candidate's priority 0
2023-11-20 19:26:42,414 [grpc-default-executor-2] INFO  server.RaftServer$Division (RaftServerImpl.java:setRole(379)) - s2@group-80861D532C92: changes role from  FOLLOWER to FOLLOWER at term 1 for candidate:s1
2023-11-20 19:26:42,414 [grpc-default-executor-2] INFO  impl.RoleInfo (RoleInfo.java:shutdownFollowerState(110)) - s2: shutdown s2@group-80861D532C92-FollowerState
2023-11-20 19:26:42,414 [grpc-default-executor-0] INFO  server.RaftServer$Division (RaftServerImpl.java:setFirstElection(564)) - s0@group-80861D532C92: set firstElectionSinceStartup to false for candidate:s1
2023-11-20 19:26:42,414 [s2@group-80861D532C92-FollowerState] INFO  impl.FollowerState (FollowerState.java:run(152)) - s2@group-80861D532C92-FollowerState was interrupted
2023-11-20 19:26:42,414 [grpc-default-executor-0] TRACE util.FileUtils (LogUtils.java:supplyAndLog(69)) - Successfully supplied FileChannel.open /home/runner/work/ratis/ratis/ratis-test/target/test/data/42d3a8b8/MiniRaftClusterWithGrpc43e5161/s0/cec2cddf-b3fc-46c2-a11a-80861d532c92/current/raft-meta.tmp with options [CREATE, WRITE]: sun.nio.ch.FileChannelImpl@1992a5c3
2023-11-20 19:26:42,415 [grpc-default-executor-0] TRACE util.FileUtils (LogUtils.java:runAndLog(49)) - Successfully ran Atomic Files.move /home/runner/work/ratis/ratis/ratis-test/target/test/data/42d3a8b8/MiniRaftClusterWithGrpc43e5161/s0/cec2cddf-b3fc-46c2-a11a-80861d532c92/current/raft-meta.tmp to /home/runner/work/ratis/ratis/ratis-test/target/test/data/42d3a8b8/MiniRaftClusterWithGrpc43e5161/s0/cec2cddf-b3fc-46c2-a11a-80861d532c92/current/raft-meta with options [REPLACE_EXISTING]
2023-11-20 19:26:42,415 [grpc-default-executor-0] INFO  server.RaftServer$Division (RaftServerImpl.java:requestVote(1410)) - s0@group-80861D532C92 replies to ELECTION vote request: s1<-s0#0:OK-t1. Peer's state: s0@group-80861D532C92:t1, leader=null, voted=s1, raftlog=Memoized:s0@group-80861D532C92-SegmentedRaftLog:OPENED:c-1, conf=-1: peers:[s0|localhost:40297, s1|localhost:34209, s2|localhost:35445]|listeners:[], old=null
2023-11-20 19:26:42,415 [s0@group-80861D532C92-FollowerState] INFO  impl.FollowerState (FollowerState.java:shouldRun(117)) - s0@group-80861D532C92-FollowerState: Stopping now (isRunning? false, role = FOLLOWER)
2023-11-20 19:26:42,415 [grpc-default-executor-2] INFO  impl.RoleInfo (RoleInfo.java:updateAndGet(139)) - s2: start s2@group-80861D532C92-FollowerState
2023-11-20 19:26:42,415 [grpc-default-executor-2] INFO  server.RaftServer$Division (RaftServerImpl.java:setFirstElection(564)) - s2@group-80861D532C92: set firstElectionSinceStartup to false for candidate:s1
2023-11-20 19:26:42,416 [grpc-default-executor-2] TRACE util.FileUtils (LogUtils.java:supplyAndLog(69)) - Successfully supplied FileChannel.open /home/runner/work/ratis/ratis/ratis-test/target/test/data/42d3a8b8/MiniRaftClusterWithGrpc43e5161/s2/cec2cddf-b3fc-46c2-a11a-80861d532c92/current/raft-meta.tmp with options [CREATE, WRITE]: sun.nio.ch.FileChannelImpl@1a738c78
2023-11-20 19:26:42,416 [s1@group-80861D532C92-LeaderElection7] INFO  impl.LeaderElection (LeaderElection.java:logAndReturn(89)) - s1@group-80861D532C92-LeaderElection7: ELECTION PASSED received 1 response(s) and 0 exception(s):
2023-11-20 19:26:42,416 [s1@group-80861D532C92-LeaderElection7] INFO  impl.LeaderElection (LeaderElection.java:logAndReturn(93)) -   Response 0: s1<-s0#0:OK-t1
2023-11-20 19:26:42,416 [s1@group-80861D532C92-LeaderElection7] INFO  impl.LeaderElection (LeaderElection.java:askForVotes(325)) - s1@group-80861D532C92-LeaderElection7 ELECTION round 0: result PASSED
2023-11-20 19:26:42,416 [s1@group-80861D532C92-LeaderElection7] INFO  impl.RoleInfo (RoleInfo.java:shutdownLeaderElection(130)) - s1: shutdown s1@group-80861D532C92-LeaderElection7
2023-11-20 19:26:42,416 [s1@group-80861D532C92-LeaderElection7] INFO  server.RaftServer$Division (RaftServerImpl.java:setRole(379)) - s1@group-80861D532C92: changes role from CANDIDATE to LEADER at term 1 for changeToLeader
2023-11-20 19:26:42,416 [s1@group-80861D532C92-LeaderElection7] INFO  server.RaftServerConfigKeys (ConfUtils.java:logGet(46)) - raft.server.staging.catchup.gap = 1000 (default)
2023-11-20 19:26:42,416 [s1@group-80861D532C92-LeaderElection7] INFO  server.RaftServerConfigKeys (ConfUtils.java:logGet(46)) - raft.server.write.element-limit = 4096 (default)
2023-11-20 19:26:42,416 [s1@group-80861D532C92-LeaderElection7] INFO  server.RaftServerConfigKeys (ConfUtils.java:logGet(46)) - raft.server.write.byte-limit = 64MB (=67108864) (default)
2023-11-20 19:26:42,416 [s1@group-80861D532C92-LeaderElection7] INFO  server.RaftServerConfigKeys (ConfUtils.java:logGet(46)) - raft.server.watch.timeout = 10s (default)
2023-11-20 19:26:42,417 [s1@group-80861D532C92-LeaderElection7] INFO  server.RaftServerConfigKeys (ConfUtils.java:logGet(46)) - raft.server.watch.timeout.denomination = 1s (default)
2023-11-20 19:26:42,417 [s1@group-80861D532C92-LeaderElection7] INFO  server.RaftServerConfigKeys (ConfUtils.java:logGet(46)) - raft.server.watch.element-limit = 65536 (default)
2023-11-20 19:26:42,417 [s1@group-80861D532C92-LeaderElection7] INFO  server.RaftServerConfigKeys (ConfUtils.java:logGet(46)) - raft.server.read.leader.lease.enabled = false (default)
2023-11-20 19:26:42,417 [grpc-default-executor-2] TRACE util.FileUtils (LogUtils.java:runAndLog(49)) - Successfully ran Atomic Files.move /home/runner/work/ratis/ratis/ratis-test/target/test/data/42d3a8b8/MiniRaftClusterWithGrpc43e5161/s2/cec2cddf-b3fc-46c2-a11a-80861d532c92/current/raft-meta.tmp to /home/runner/work/ratis/ratis/ratis-test/target/test/data/42d3a8b8/MiniRaftClusterWithGrpc43e5161/s2/cec2cddf-b3fc-46c2-a11a-80861d532c92/current/raft-meta with options [REPLACE_EXISTING]
2023-11-20 19:26:42,417 [s1@group-80861D532C92-LeaderElection7] INFO  server.RaftServerConfigKeys (ConfUtils.java:logGet(46)) - raft.server.read.leader.lease.timeout.ratio = 0.9 (default)
2023-11-20 19:26:42,417 [grpc-default-executor-2] INFO  server.RaftServer$Division (RaftServerImpl.java:requestVote(1410)) - s2@group-80861D532C92 replies to ELECTION vote request: s1<-s2#0:OK-t1. Peer's state: s2@group-80861D532C92:t1, leader=null, voted=s1, raftlog=Memoized:s2@group-80861D532C92-SegmentedRaftLog:OPENED:c-1, conf=-1: peers:[s0|localhost:40297, s1|localhost:34209, s2|localhost:35445]|listeners:[], old=null
2023-11-20 19:26:42,417 [s1@group-80861D532C92-LeaderElection7] INFO  server.RaftServerConfigKeys (ConfUtils.java:logGet(46)) - raft.server.rpc.timeout.min = 150ms (default)
2023-11-20 19:26:42,417 [s1@group-80861D532C92-LeaderElection7] INFO  server.RaftServerConfigKeys (ConfUtils.java:logGet(46)) - raft.server.write.element-limit = 4096 (default)
2023-11-20 19:26:42,417 [s1@group-80861D532C92-LeaderElection7] INFO  server.RaftServerConfigKeys (ConfUtils.java:logGet(46)) - raft.server.write.follower.gap.ratio.max = -1.0 (default)
2023-11-20 19:26:42,417 [s1@group-80861D532C92-LeaderElection7] INFO  server.RaftServerConfigKeys (ConfUtils.java:logGet(46)) - raft.server.log.appender.snapshot.chunk.size.max = 16MB (=16777216) (default)
2023-11-20 19:26:42,417 [s1@group-80861D532C92-LeaderElection7] INFO  server.RaftServerConfigKeys (ConfUtils.java:logGet(46)) - raft.server.log.appender.buffer.byte-limit = 4MB (=4194304) (default)
2023-11-20 19:26:42,417 [s1@group-80861D532C92-LeaderElection7] INFO  server.RaftServerConfigKeys (ConfUtils.java:logGet(46)) - raft.server.log.appender.buffer.element-limit = 0 (default)
2023-11-20 19:26:42,417 [s1@group-80861D532C92-LeaderElection7] INFO  server.RaftServerConfigKeys (ConfUtils.java:logGet(46)) - raft.server.log.appender.wait-time.min = 1ms (default)
2023-11-20 19:26:42,418 [s1@group-80861D532C92-LeaderElection7] INFO  grpc.GrpcConfigKeys (ConfUtils.java:logGet(46)) - raft.grpc.server.leader.outstanding.appends.max = 8 (default)
2023-11-20 19:26:42,418 [s1@group-80861D532C92-LeaderElection7] INFO  server.RaftServerConfigKeys (ConfUtils.java:logGet(46)) - raft.server.rpc.request.timeout = 3000ms (default)
2023-11-20 19:26:42,418 [s1@group-80861D532C92-LeaderElection7] INFO  grpc.GrpcConfigKeys (ConfUtils.java:logGet(46)) - raft.grpc.server.install_snapshot.request.element-limit = 8 (default)
2023-11-20 19:26:42,418 [s1@group-80861D532C92-LeaderElection7] INFO  grpc.GrpcConfigKeys (ConfUtils.java:logGet(46)) - raft.grpc.server.install_snapshot.request.timeout = 3000ms (default)
2023-11-20 19:26:42,418 [s1@group-80861D532C92-LeaderElection7] INFO  server.RaftServerConfigKeys (ConfUtils.java:logGet(46)) - raft.server.log.appender.install.snapshot.enabled = true (default)
2023-11-20 19:26:42,418 [s1@group-80861D532C92-LeaderElection7] INFO  grpc.GrpcConfigKeys (ConfUtils.java:logGet(46)) - raft.grpc.server.heartbeat.channel = true (default)
2023-11-20 19:26:42,418 [s1@group-80861D532C92-LeaderElection7] INFO  server.RaftServerConfigKeys (ConfUtils.java:logGet(46)) - raft.server.log.appender.snapshot.chunk.size.max = 16MB (=16777216) (default)
2023-11-20 19:26:42,418 [s1@group-80861D532C92-LeaderElection7] INFO  server.RaftServerConfigKeys (ConfUtils.java:logGet(46)) - raft.server.log.appender.buffer.byte-limit = 4MB (=4194304) (default)
2023-11-20 19:26:42,418 [s1@group-80861D532C92-LeaderElection7] INFO  server.RaftServerConfigKeys (ConfUtils.java:logGet(46)) - raft.server.log.appender.buffer.element-limit = 0 (default)
2023-11-20 19:26:42,418 [s1@group-80861D532C92-LeaderElection7] INFO  server.RaftServerConfigKeys (ConfUtils.java:logGet(46)) - raft.server.log.appender.wait-time.min = 1ms (default)
2023-11-20 19:26:42,418 [s1@group-80861D532C92-LeaderElection7] INFO  grpc.GrpcConfigKeys (ConfUtils.java:logGet(46)) - raft.grpc.server.leader.outstanding.appends.max = 8 (default)
2023-11-20 19:26:42,418 [s1@group-80861D532C92-LeaderElection7] INFO  server.RaftServerConfigKeys (ConfUtils.java:logGet(46)) - raft.server.rpc.request.timeout = 3000ms (default)
2023-11-20 19:26:42,418 [s1@group-80861D532C92-LeaderElection7] INFO  grpc.GrpcConfigKeys (ConfUtils.java:logGet(46)) - raft.grpc.server.install_snapshot.request.element-limit = 8 (default)
2023-11-20 19:26:42,418 [s1@group-80861D532C92-LeaderElection7] INFO  grpc.GrpcConfigKeys (ConfUtils.java:logGet(46)) - raft.grpc.server.install_snapshot.request.timeout = 3000ms (default)
2023-11-20 19:26:42,418 [s1@group-80861D532C92-LeaderElection7] INFO  server.RaftServerConfigKeys (ConfUtils.java:logGet(46)) - raft.server.log.appender.install.snapshot.enabled = true (default)
2023-11-20 19:26:42,418 [s1@group-80861D532C92-LeaderElection7] INFO  grpc.GrpcConfigKeys (ConfUtils.java:logGet(46)) - raft.grpc.server.heartbeat.channel = true (default)
2023-11-20 19:26:42,418 [s1@group-80861D532C92-LeaderElection7] INFO  impl.RoleInfo (RoleInfo.java:updateAndGet(139)) - s1: start s1@group-80861D532C92-LeaderStateImpl
2023-11-20 19:26:42,418 [s1@group-80861D532C92-LeaderElection7] INFO  server.RaftServer$Division (RaftServerImpl.java:setFirstElection(564)) - s1@group-80861D532C92: set firstElectionSinceStartup to false for becomeLeader
2023-11-20 19:26:42,418 [s1@group-80861D532C92-LeaderElection7] INFO  server.RaftServer$Division (ServerState.java:setLeader(265)) - s1@group-80861D532C92: change Leader from null to s1 at term 1 for becomeLeader, leader elected after 209ms
2023-11-20 19:26:42,419 [s1@group-80861D532C92-LeaderElection7] INFO  segmented.SegmentedRaftLogWorker (SegmentedRaftLogWorker.java:startLogSegment(430)) - s1@group-80861D532C92-SegmentedRaftLogWorker: Starting segment from index:0
2023-11-20 19:26:42,419 [s1@group-80861D532C92-SegmentedRaftLogWorker] INFO  segmented.BufferedWriteChannel (BufferedWriteChannel.java:open(62)) - open log_inprogress_0 at position 0
2023-11-20 19:26:42,420 [s1@group-80861D532C92-LeaderElection7] INFO  server.RaftServer$Division (ServerState.java:setRaftConf(382)) - s1@group-80861D532C92: set configuration 0: peers:[s0|localhost:40297, s1|localhost:34209, s2|localhost:35445]|listeners:[], old=null
2023-11-20 19:26:42,425 [s2-server-thread1] INFO  server.RaftServer$Division (ServerState.java:setLeader(265)) - s2@group-80861D532C92: change Leader from null to s1 at term 1 for appendEntries, leader elected after 213ms
2023-11-20 19:26:42,426 [s1@group-80861D532C92-SegmentedRaftLogWorker] INFO  segmented.SegmentedRaftLogWorker (SegmentedRaftLogWorker.java:execute(634)) - s1@group-80861D532C92-SegmentedRaftLogWorker: created new log segment /home/runner/work/ratis/ratis/ratis-test/target/test/data/42d3a8b8/MiniRaftClusterWithGrpc43e5161/s1/cec2cddf-b3fc-46c2-a11a-80861d532c92/current/log_inprogress_0
2023-11-20 19:26:42,427 [s2-server-thread2] DEBUG server.RaftServer$Division (RaftServerImpl.java:logAppendEntries(1504)) - s2@group-80861D532C92: receive appendEntries(s1, 1, null, -1, true, commits:[s1:c-1, s0:c-1, s2:c-1], cId:1, entries: [(t:1, i:0), CONFIGURATIONENTRY(current:id: "s0"
address: "localhost:40297"
dataStreamAddress: "localhost:44739"
clientAddress: "localhost:41489"
adminAddress: "localhost:35149"
startupRole: FOLLOWER
,id: "s1"
address: "localhost:34209"
dataStreamAddress: "localhost:42239"
clientAddress: "localhost:34087"
adminAddress: "localhost:46327"
startupRole: FOLLOWER
,id: "s2"
address: "localhost:35445"
dataStreamAddress: "localhost:42365"
clientAddress: "localhost:41671"
adminAddress: "localhost:46495"
startupRole: FOLLOWER
, old:)]
2023-11-20 19:26:42,427 [s0-server-thread1] INFO  server.RaftServer$Division (ServerState.java:setLeader(265)) - s0@group-80861D532C92: change Leader from null to s1 at term 1 for appendEntries, leader elected after 222ms
2023-11-20 19:26:42,428 [s2-server-thread2] INFO  server.RaftServer$Division (ServerState.java:setRaftConf(382)) - s2@group-80861D532C92: set configuration 0: peers:[s0|localhost:40297, s1|localhost:34209, s2|localhost:35445]|listeners:[], old=null
2023-11-20 19:26:42,431 [s2-server-thread2] INFO  segmented.SegmentedRaftLogWorker (SegmentedRaftLogWorker.java:startLogSegment(430)) - s2@group-80861D532C92-SegmentedRaftLogWorker: Starting segment from index:0
2023-11-20 19:26:42,431 [s0-server-thread2] DEBUG server.RaftServer$Division (RaftServerImpl.java:logAppendEntries(1504)) - s0@group-80861D532C92: receive appendEntries(s1, 1, null, -1, true, commits:[s1:c-1, s0:c-1, s2:c-1], cId:1, entries: [(t:1, i:0), CONFIGURATIONENTRY(current:id: "s0"
address: "localhost:40297"
dataStreamAddress: "localhost:44739"
clientAddress: "localhost:41489"
adminAddress: "localhost:35149"
startupRole: FOLLOWER
,id: "s1"
address: "localhost:34209"
dataStreamAddress: "localhost:42239"
clientAddress: "localhost:34087"
adminAddress: "localhost:46327"
startupRole: FOLLOWER
,id: "s2"
address: "localhost:35445"
dataStreamAddress: "localhost:42365"
clientAddress: "localhost:41671"
adminAddress: "localhost:46495"
startupRole: FOLLOWER
, old:)]
2023-11-20 19:26:42,431 [s2@group-80861D532C92-SegmentedRaftLogWorker] INFO  segmented.BufferedWriteChannel (BufferedWriteChannel.java:open(62)) - open log_inprogress_0 at position 0
2023-11-20 19:26:42,432 [s0-server-thread2] INFO  server.RaftServer$Division (ServerState.java:setRaftConf(382)) - s0@group-80861D532C92: set configuration 0: peers:[s0|localhost:40297, s1|localhost:34209, s2|localhost:35445]|listeners:[], old=null
2023-11-20 19:26:42,433 [s0-server-thread2] INFO  segmented.SegmentedRaftLogWorker (SegmentedRaftLogWorker.java:startLogSegment(430)) - s0@group-80861D532C92-SegmentedRaftLogWorker: Starting segment from index:0
2023-11-20 19:26:42,433 [s0@group-80861D532C92-SegmentedRaftLogWorker] INFO  segmented.BufferedWriteChannel (BufferedWriteChannel.java:open(62)) - open log_inprogress_0 at position 0
2023-11-20 19:26:42,440 [grpc-default-executor-3] ERROR impl.OrderedAsync (OrderedAsync.java:lambda$sendRequest$9(247)) - client-E9C94F68C118: Failed* RaftClientRequest:client-E9C94F68C118->s1@group-F61A228DBE4A, cid=6, seq=1*, Watch(0), null
java.util.concurrent.CompletionException: java.io.IOException: org.apache.ratis.thirdparty.io.grpc.StatusRuntimeException: UNAVAILABLE: io exception
	at java.base/java.util.concurrent.CompletableFuture.encodeThrowable(CompletableFuture.java:331)
	at java.base/java.util.concurrent.CompletableFuture.completeThrowable(CompletableFuture.java:346)
	at java.base/java.util.concurrent.CompletableFuture$UniApply.tryFire(CompletableFuture.java:632)
	at java.base/java.util.concurrent.CompletableFuture.postComplete(CompletableFuture.java:506)
	at java.base/java.util.concurrent.CompletableFuture.completeExceptionally(CompletableFuture.java:2094)
	at org.apache.ratis.grpc.client.GrpcClientProtocolClient$AsyncStreamObservers.completeReplyExceptionally(GrpcClientProtocolClient.java:394)
	at org.apache.ratis.grpc.client.GrpcClientProtocolClient$AsyncStreamObservers.access$000(GrpcClientProtocolClient.java:300)
	at org.apache.ratis.grpc.client.GrpcClientProtocolClient$AsyncStreamObservers$1.onError(GrpcClientProtocolClient.java:331)
	at org.apache.ratis.thirdparty.io.grpc.stub.ClientCalls$StreamObserverToCallListenerAdapter.onClose(ClientCalls.java:481)
	at org.apache.ratis.thirdparty.io.grpc.PartialForwardingClientCallListener.onClose(PartialForwardingClientCallListener.java:39)
	at org.apache.ratis.thirdparty.io.grpc.ForwardingClientCallListener.onClose(ForwardingClientCallListener.java:23)
	at org.apache.ratis.grpc.metrics.intercept.client.MetricClientCallListener.onClose(MetricClientCallListener.java:47)
	at org.apache.ratis.thirdparty.io.grpc.internal.DelayedClientCall$DelayedListener$3.run(DelayedClientCall.java:489)
	at org.apache.ratis.thirdparty.io.grpc.internal.DelayedClientCall$DelayedListener.delayOrExecute(DelayedClientCall.java:453)
	at org.apache.ratis.thirdparty.io.grpc.internal.DelayedClientCall$DelayedListener.onClose(DelayedClientCall.java:486)
	at org.apache.ratis.thirdparty.io.grpc.internal.ClientCallImpl.closeObserver(ClientCallImpl.java:567)
	at org.apache.ratis.thirdparty.io.grpc.internal.ClientCallImpl.access$300(ClientCallImpl.java:71)
	at org.apache.ratis.thirdparty.io.grpc.internal.ClientCallImpl$ClientStreamListenerImpl$1StreamClosed.runInternal(ClientCallImpl.java:735)
	at org.apache.ratis.thirdparty.io.grpc.internal.ClientCallImpl$ClientStreamListenerImpl$1StreamClosed.runInContext(ClientCallImpl.java:716)
	at org.apache.ratis.thirdparty.io.grpc.internal.ContextRunnable.run(ContextRunnable.java:37)
	at org.apache.ratis.thirdparty.io.grpc.internal.SerializingExecutor.run(SerializingExecutor.java:133)
	at java.base/java.util.concurrent.ThreadPoolExecutor.runWorker(ThreadPoolExecutor.java:1128)
	at java.base/java.util.concurrent.ThreadPoolExecutor$Worker.run(ThreadPoolExecutor.java:628)
	at java.base/java.lang.Thread.run(Thread.java:829)
Caused by: java.io.IOException: org.apache.ratis.thirdparty.io.grpc.StatusRuntimeException: UNAVAILABLE: io exception
	at org.apache.ratis.grpc.GrpcUtil.unwrapException(GrpcUtil.java:99)
	at org.apache.ratis.grpc.GrpcUtil.unwrapIOException(GrpcUtil.java:159)
	at org.apache.ratis.grpc.client.GrpcClientProtocolClient$AsyncStreamObservers$1.onError(GrpcClientProtocolClient.java:330)
	... 16 more
Caused by: org.apache.ratis.thirdparty.io.grpc.StatusRuntimeException: UNAVAILABLE: io exception
	at org.apache.ratis.thirdparty.io.grpc.Status.asRuntimeException(Status.java:537)
	... 16 more
Caused by: org.apache.ratis.thirdparty.io.netty.channel.AbstractChannel$AnnotatedConnectException: finishConnect(..) failed: Connection refused: localhost/127.0.0.1:46099
Caused by: java.net.ConnectException: finishConnect(..) failed: Connection refused
	at org.apache.ratis.thirdparty.io.netty.channel.unix.Errors.newConnectException0(Errors.java:166)
	at org.apache.ratis.thirdparty.io.netty.channel.unix.Errors.handleConnectErrno(Errors.java:131)
	at org.apache.ratis.thirdparty.io.netty.channel.unix.Socket.finishConnect(Socket.java:359)
	at org.apache.ratis.thirdparty.io.netty.channel.epoll.AbstractEpollChannel$AbstractEpollUnsafe.doFinishConnect(AbstractEpollChannel.java:710)
	at org.apache.ratis.thirdparty.io.netty.channel.epoll.AbstractEpollChannel$AbstractEpollUnsafe.finishConnect(AbstractEpollChannel.java:687)
	at org.apache.ratis.thirdparty.io.netty.channel.epoll.AbstractEpollChannel$AbstractEpollUnsafe.epollOutReady(AbstractEpollChannel.java:567)
	at org.apache.ratis.thirdparty.io.netty.channel.epoll.EpollEventLoop.processReady(EpollEventLoop.java:499)
	at org.apache.ratis.thirdparty.io.netty.channel.epoll.EpollEventLoop.run(EpollEventLoop.java:407)
	at org.apache.ratis.thirdparty.io.netty.util.concurrent.SingleThreadEventExecutor$4.run(SingleThreadEventExecutor.java:997)
	at org.apache.ratis.thirdparty.io.netty.util.internal.ThreadExecutorMap$2.run(ThreadExecutorMap.java:74)
	at org.apache.ratis.thirdparty.io.netty.util.concurrent.FastThreadLocalRunnable.run(FastThreadLocalRunnable.java:30)
	at java.base/java.lang.Thread.run(Thread.java:829)
2023-11-20 19:26:42,442 [s2@group-80861D532C92-SegmentedRaftLogWorker] INFO  segmented.SegmentedRaftLogWorker (SegmentedRaftLogWorker.java:execute(634)) - s2@group-80861D532C92-SegmentedRaftLogWorker: created new log segment /home/runner/work/ratis/ratis/ratis-test/target/test/data/42d3a8b8/MiniRaftClusterWithGrpc43e5161/s2/cec2cddf-b3fc-46c2-a11a-80861d532c92/current/log_inprogress_0
2023-11-20 19:26:42,442 [s0@group-80861D532C92-SegmentedRaftLogWorker] INFO  segmented.SegmentedRaftLogWorker (SegmentedRaftLogWorker.java:execute(634)) - s0@group-80861D532C92-SegmentedRaftLogWorker: created new log segment /home/runner/work/ratis/ratis/ratis-test/target/test/data/42d3a8b8/MiniRaftClusterWithGrpc43e5161/s0/cec2cddf-b3fc-46c2-a11a-80861d532c92/current/log_inprogress_0
2023-11-20 19:26:42,443 [s2-server-thread2] DEBUG server.RaftServer$Division (RaftServerImpl.java:logAppendEntries(1504)) - s2@group-80861D532C92: succeeded to handle AppendEntries. Reply: s1<-s2#1:OK-t1,SUCCESS,nextIndex=1,followerCommit=-1,matchIndex=0
2023-11-20 19:26:42,443 [s0-server-thread2] DEBUG server.RaftServer$Division (RaftServerImpl.java:logAppendEntries(1504)) - s0@group-80861D532C92: succeeded to handle AppendEntries. Reply: s1<-s0#1:OK-t1,SUCCESS,nextIndex=1,followerCommit=-1,matchIndex=0
2023-11-20 19:26:42,444 [s1@group-80861D532C92-StateMachineUpdater] TRACE util.FileUtils (LogUtils.java:supplyAndLog(69)) - Successfully supplied FileChannel.open /home/runner/work/ratis/ratis/ratis-test/target/test/data/42d3a8b8/MiniRaftClusterWithGrpc43e5161/s1/cec2cddf-b3fc-46c2-a11a-80861d532c92/current/raft-meta.conf.tmp with options [CREATE, WRITE]: sun.nio.ch.FileChannelImpl@2ed58078
2023-11-20 19:26:42,445 [s1@group-80861D532C92-StateMachineUpdater] TRACE util.FileUtils (LogUtils.java:runAndLog(49)) - Successfully ran Atomic Files.move /home/runner/work/ratis/ratis/ratis-test/target/test/data/42d3a8b8/MiniRaftClusterWithGrpc43e5161/s1/cec2cddf-b3fc-46c2-a11a-80861d532c92/current/raft-meta.conf.tmp to /home/runner/work/ratis/ratis/ratis-test/target/test/data/42d3a8b8/MiniRaftClusterWithGrpc43e5161/s1/cec2cddf-b3fc-46c2-a11a-80861d532c92/current/raft-meta.conf with options [REPLACE_EXISTING]
2023-11-20 19:26:42,445 [s1@group-80861D532C92-StateMachineUpdater] INFO  server.RaftServer$Division (LeaderStateImpl.java:isApplied(316)) - leader is ready since appliedIndex == 0 >= startIndex == 0
2023-11-20 19:26:42,521 [s0@group-80861D532C92-StateMachineUpdater] TRACE util.FileUtils (LogUtils.java:supplyAndLog(69)) - Successfully supplied FileChannel.open /home/runner/work/ratis/ratis/ratis-test/target/test/data/42d3a8b8/MiniRaftClusterWithGrpc43e5161/s0/cec2cddf-b3fc-46c2-a11a-80861d532c92/current/raft-meta.conf.tmp with options [CREATE, WRITE]: sun.nio.ch.FileChannelImpl@37cc3f69
2023-11-20 19:26:42,522 [s2@group-80861D532C92-StateMachineUpdater] TRACE util.FileUtils (LogUtils.java:supplyAndLog(69)) - Successfully supplied FileChannel.open /home/runner/work/ratis/ratis/ratis-test/target/test/data/42d3a8b8/MiniRaftClusterWithGrpc43e5161/s2/cec2cddf-b3fc-46c2-a11a-80861d532c92/current/raft-meta.conf.tmp with options [CREATE, WRITE]: sun.nio.ch.FileChannelImpl@7a68fb18
2023-11-20 19:26:42,523 [s0@group-80861D532C92-StateMachineUpdater] TRACE util.FileUtils (LogUtils.java:runAndLog(49)) - Successfully ran Atomic Files.move /home/runner/work/ratis/ratis/ratis-test/target/test/data/42d3a8b8/MiniRaftClusterWithGrpc43e5161/s0/cec2cddf-b3fc-46c2-a11a-80861d532c92/current/raft-meta.conf.tmp to /home/runner/work/ratis/ratis/ratis-test/target/test/data/42d3a8b8/MiniRaftClusterWithGrpc43e5161/s0/cec2cddf-b3fc-46c2-a11a-80861d532c92/current/raft-meta.conf with options [REPLACE_EXISTING]
2023-11-20 19:26:42,523 [s2@group-80861D532C92-StateMachineUpdater] TRACE util.FileUtils (LogUtils.java:runAndLog(49)) - Successfully ran Atomic Files.move /home/runner/work/ratis/ratis/ratis-test/target/test/data/42d3a8b8/MiniRaftClusterWithGrpc43e5161/s2/cec2cddf-b3fc-46c2-a11a-80861d532c92/current/raft-meta.conf.tmp to /home/runner/work/ratis/ratis/ratis-test/target/test/data/42d3a8b8/MiniRaftClusterWithGrpc43e5161/s2/cec2cddf-b3fc-46c2-a11a-80861d532c92/current/raft-meta.conf with options [REPLACE_EXISTING]
2023-11-20 19:26:42,543 [grpc-default-executor-4] ERROR impl.OrderedAsync (OrderedAsync.java:lambda$sendRequest$9(247)) - client-E9C94F68C118: Failed* RaftClientRequest:client-E9C94F68C118->s0@group-F61A228DBE4A, cid=6, seq=1*, Watch(0), null
java.util.concurrent.CompletionException: java.io.IOException: org.apache.ratis.thirdparty.io.grpc.StatusRuntimeException: UNAVAILABLE: io exception
	at java.base/java.util.concurrent.CompletableFuture.encodeThrowable(CompletableFuture.java:331)
	at java.base/java.util.concurrent.CompletableFuture.completeThrowable(CompletableFuture.java:346)
	at java.base/java.util.concurrent.CompletableFuture$UniApply.tryFire(CompletableFuture.java:632)
	at java.base/java.util.concurrent.CompletableFuture.postComplete(CompletableFuture.java:506)
	at java.base/java.util.concurrent.CompletableFuture.completeExceptionally(CompletableFuture.java:2094)
	at org.apache.ratis.grpc.client.GrpcClientProtocolClient$AsyncStreamObservers.completeReplyExceptionally(GrpcClientProtocolClient.java:394)
	at org.apache.ratis.grpc.client.GrpcClientProtocolClient$AsyncStreamObservers.access$000(GrpcClientProtocolClient.java:300)
	at org.apache.ratis.grpc.client.GrpcClientProtocolClient$AsyncStreamObservers$1.onError(GrpcClientProtocolClient.java:331)
	at org.apache.ratis.thirdparty.io.grpc.stub.ClientCalls$StreamObserverToCallListenerAdapter.onClose(ClientCalls.java:481)
	at org.apache.ratis.thirdparty.io.grpc.PartialForwardingClientCallListener.onClose(PartialForwardingClientCallListener.java:39)
	at org.apache.ratis.thirdparty.io.grpc.ForwardingClientCallListener.onClose(ForwardingClientCallListener.java:23)
	at org.apache.ratis.grpc.metrics.intercept.client.MetricClientCallListener.onClose(MetricClientCallListener.java:47)
	at org.apache.ratis.thirdparty.io.grpc.internal.DelayedClientCall$DelayedListener$3.run(DelayedClientCall.java:489)
	at org.apache.ratis.thirdparty.io.grpc.internal.DelayedClientCall$DelayedListener.delayOrExecute(DelayedClientCall.java:453)
	at org.apache.ratis.thirdparty.io.grpc.internal.DelayedClientCall$DelayedListener.onClose(DelayedClientCall.java:486)
	at org.apache.ratis.thirdparty.io.grpc.internal.ClientCallImpl.closeObserver(ClientCallImpl.java:567)
	at org.apache.ratis.thirdparty.io.grpc.internal.ClientCallImpl.access$300(ClientCallImpl.java:71)
	at org.apache.ratis.thirdparty.io.grpc.internal.ClientCallImpl$ClientStreamListenerImpl$1StreamClosed.runInternal(ClientCallImpl.java:735)
	at org.apache.ratis.thirdparty.io.grpc.internal.ClientCallImpl$ClientStreamListenerImpl$1StreamClosed.runInContext(ClientCallImpl.java:716)
	at org.apache.ratis.thirdparty.io.grpc.internal.ContextRunnable.run(ContextRunnable.java:37)
	at org.apache.ratis.thirdparty.io.grpc.internal.SerializingExecutor.run(SerializingExecutor.java:133)
	at java.base/java.util.concurrent.ThreadPoolExecutor.runWorker(ThreadPoolExecutor.java:1128)
	at java.base/java.util.concurrent.ThreadPoolExecutor$Worker.run(ThreadPoolExecutor.java:628)
	at java.base/java.lang.Thread.run(Thread.java:829)
Caused by: java.io.IOException: org.apache.ratis.thirdparty.io.grpc.StatusRuntimeException: UNAVAILABLE: io exception
	at org.apache.ratis.grpc.GrpcUtil.unwrapException(GrpcUtil.java:99)
	at org.apache.ratis.grpc.GrpcUtil.unwrapIOException(GrpcUtil.java:159)
	at org.apache.ratis.grpc.client.GrpcClientProtocolClient$AsyncStreamObservers$1.onError(GrpcClientProtocolClient.java:330)
	... 16 more
Caused by: org.apache.ratis.thirdparty.io.grpc.StatusRuntimeException: UNAVAILABLE: io exception
	at org.apache.ratis.thirdparty.io.grpc.Status.asRuntimeException(Status.java:537)
	... 16 more
Caused by: org.apache.ratis.thirdparty.io.netty.channel.AbstractChannel$AnnotatedConnectException: finishConnect(..) failed: Connection refused: localhost/127.0.0.1:37411
Caused by: java.net.ConnectException: finishConnect(..) failed: Connection refused
	at org.apache.ratis.thirdparty.io.netty.channel.unix.Errors.newConnectException0(Errors.java:166)
	at org.apache.ratis.thirdparty.io.netty.channel.unix.Errors.handleConnectErrno(Errors.java:131)
	at org.apache.ratis.thirdparty.io.netty.channel.unix.Socket.finishConnect(Socket.java:359)
	at org.apache.ratis.thirdparty.io.netty.channel.epoll.AbstractEpollChannel$AbstractEpollUnsafe.doFinishConnect(AbstractEpollChannel.java:710)
	at org.apache.ratis.thirdparty.io.netty.channel.epoll.AbstractEpollChannel$AbstractEpollUnsafe.finishConnect(AbstractEpollChannel.java:687)
	at org.apache.ratis.thirdparty.io.netty.channel.epoll.AbstractEpollChannel$AbstractEpollUnsafe.epollOutReady(AbstractEpollChannel.java:567)
	at org.apache.ratis.thirdparty.io.netty.channel.epoll.EpollEventLoop.processReady(EpollEventLoop.java:499)
	at org.apache.ratis.thirdparty.io.netty.channel.epoll.EpollEventLoop.run(EpollEventLoop.java:407)
	at org.apache.ratis.thirdparty.io.netty.util.concurrent.SingleThreadEventExecutor$4.run(SingleThreadEventExecutor.java:997)
	at org.apache.ratis.thirdparty.io.netty.util.internal.ThreadExecutorMap$2.run(ThreadExecutorMap.java:74)
	at org.apache.ratis.thirdparty.io.netty.util.concurrent.FastThreadLocalRunnable.run(FastThreadLocalRunnable.java:30)
	at java.base/java.lang.Thread.run(Thread.java:829)
2023-11-20 19:26:42,647 [grpc-default-executor-4] ERROR impl.OrderedAsync (OrderedAsync.java:lambda$sendRequest$9(247)) - client-E9C94F68C118: Failed* RaftClientRequest:client-E9C94F68C118->s1@group-F61A228DBE4A, cid=6, seq=1*, Watch(0), null
java.util.concurrent.CompletionException: java.io.IOException: org.apache.ratis.thirdparty.io.grpc.StatusRuntimeException: UNAVAILABLE: io exception
	at java.base/java.util.concurrent.CompletableFuture.encodeThrowable(CompletableFuture.java:331)
	at java.base/java.util.concurrent.CompletableFuture.completeThrowable(CompletableFuture.java:346)
	at java.base/java.util.concurrent.CompletableFuture$UniApply.tryFire(CompletableFuture.java:632)
	at java.base/java.util.concurrent.CompletableFuture.postComplete(CompletableFuture.java:506)
	at java.base/java.util.concurrent.CompletableFuture.completeExceptionally(CompletableFuture.java:2094)
	at org.apache.ratis.grpc.client.GrpcClientProtocolClient$AsyncStreamObservers.completeReplyExceptionally(GrpcClientProtocolClient.java:394)
	at org.apache.ratis.grpc.client.GrpcClientProtocolClient$AsyncStreamObservers.access$000(GrpcClientProtocolClient.java:300)
	at org.apache.ratis.grpc.client.GrpcClientProtocolClient$AsyncStreamObservers$1.onError(GrpcClientProtocolClient.java:331)
	at org.apache.ratis.thirdparty.io.grpc.stub.ClientCalls$StreamObserverToCallListenerAdapter.onClose(ClientCalls.java:481)
	at org.apache.ratis.thirdparty.io.grpc.PartialForwardingClientCallListener.onClose(PartialForwardingClientCallListener.java:39)
	at org.apache.ratis.thirdparty.io.grpc.ForwardingClientCallListener.onClose(ForwardingClientCallListener.java:23)
	at org.apache.ratis.grpc.metrics.intercept.client.MetricClientCallListener.onClose(MetricClientCallListener.java:47)
	at org.apache.ratis.thirdparty.io.grpc.internal.DelayedClientCall$DelayedListener$3.run(DelayedClientCall.java:489)
	at org.apache.ratis.thirdparty.io.grpc.internal.DelayedClientCall$DelayedListener.delayOrExecute(DelayedClientCall.java:453)
	at org.apache.ratis.thirdparty.io.grpc.internal.DelayedClientCall$DelayedListener.onClose(DelayedClientCall.java:486)
	at org.apache.ratis.thirdparty.io.grpc.internal.ClientCallImpl.closeObserver(ClientCallImpl.java:567)
	at org.apache.ratis.thirdparty.io.grpc.internal.ClientCallImpl.access$300(ClientCallImpl.java:71)
	at org.apache.ratis.thirdparty.io.grpc.internal.ClientCallImpl$ClientStreamListenerImpl$1StreamClosed.runInternal(ClientCallImpl.java:735)
	at org.apache.ratis.thirdparty.io.grpc.internal.ClientCallImpl$ClientStreamListenerImpl$1StreamClosed.runInContext(ClientCallImpl.java:716)
	at org.apache.ratis.thirdparty.io.grpc.internal.ContextRunnable.run(ContextRunnable.java:37)
	at org.apache.ratis.thirdparty.io.grpc.internal.SerializingExecutor.run(SerializingExecutor.java:133)
	at java.base/java.util.concurrent.ThreadPoolExecutor.runWorker(ThreadPoolExecutor.java:1128)
	at java.base/java.util.concurrent.ThreadPoolExecutor$Worker.run(ThreadPoolExecutor.java:628)
	at java.base/java.lang.Thread.run(Thread.java:829)
Caused by: java.io.IOException: org.apache.ratis.thirdparty.io.grpc.StatusRuntimeException: UNAVAILABLE: io exception
	at org.apache.ratis.grpc.GrpcUtil.unwrapException(GrpcUtil.java:99)
	at org.apache.ratis.grpc.GrpcUtil.unwrapIOException(GrpcUtil.java:159)
	at org.apache.ratis.grpc.client.GrpcClientProtocolClient$AsyncStreamObservers$1.onError(GrpcClientProtocolClient.java:330)
	... 16 more
Caused by: org.apache.ratis.thirdparty.io.grpc.StatusRuntimeException: UNAVAILABLE: io exception
	at org.apache.ratis.thirdparty.io.grpc.Status.asRuntimeException(Status.java:537)
	... 16 more
Caused by: org.apache.ratis.thirdparty.io.netty.channel.AbstractChannel$AnnotatedConnectException: finishConnect(..) failed: Connection refused: localhost/127.0.0.1:46099
Caused by: java.net.ConnectException: finishConnect(..) failed: Connection refused
	at org.apache.ratis.thirdparty.io.netty.channel.unix.Errors.newConnectException0(Errors.java:166)
	at org.apache.ratis.thirdparty.io.netty.channel.unix.Errors.handleConnectErrno(Errors.java:131)
	at org.apache.ratis.thirdparty.io.netty.channel.unix.Socket.finishConnect(Socket.java:359)
	at org.apache.ratis.thirdparty.io.netty.channel.epoll.AbstractEpollChannel$AbstractEpollUnsafe.doFinishConnect(AbstractEpollChannel.java:710)
	at org.apache.ratis.thirdparty.io.netty.channel.epoll.AbstractEpollChannel$AbstractEpollUnsafe.finishConnect(AbstractEpollChannel.java:687)
	at org.apache.ratis.thirdparty.io.netty.channel.epoll.AbstractEpollChannel$AbstractEpollUnsafe.epollOutReady(AbstractEpollChannel.java:567)
	at org.apache.ratis.thirdparty.io.netty.channel.epoll.EpollEventLoop.processReady(EpollEventLoop.java:499)
	at org.apache.ratis.thirdparty.io.netty.channel.epoll.EpollEventLoop.run(EpollEventLoop.java:407)
	at org.apache.ratis.thirdparty.io.netty.util.concurrent.SingleThreadEventExecutor$4.run(SingleThreadEventExecutor.java:997)
	at org.apache.ratis.thirdparty.io.netty.util.internal.ThreadExecutorMap$2.run(ThreadExecutorMap.java:74)
	at org.apache.ratis.thirdparty.io.netty.util.concurrent.FastThreadLocalRunnable.run(FastThreadLocalRunnable.java:30)
	at java.base/java.lang.Thread.run(Thread.java:829)
2023-11-20 19:26:42,695 [Time-limited test] INFO  ratis.RaftTestUtil (RaftTestUtil.java:waitForLeader(119)) - printing ALL groups
  s0:  RUNNING  FOLLOWER s0@group-80861D532C92:t1, leader=s1, voted=s1, raftlog=Memoized:s0@group-80861D532C92-SegmentedRaftLog:OPENED:c0, conf=0: peers:[s0|localhost:40297, s1|localhost:34209, s2|localhost:35445]|listeners:[], old=null RUNNING
  s1:  RUNNING    LEADER s1@group-80861D532C92:t1, leader=s1, voted=s1, raftlog=Memoized:s1@group-80861D532C92-SegmentedRaftLog:OPENED:c0, conf=0: peers:[s0|localhost:40297, s1|localhost:34209, s2|localhost:35445]|listeners:[], old=null RUNNING
  s2:  RUNNING  FOLLOWER s2@group-80861D532C92:t1, leader=s1, voted=s1, raftlog=Memoized:s2@group-80861D532C92-SegmentedRaftLog:OPENED:c0, conf=0: peers:[s0|localhost:40297, s1|localhost:34209, s2|localhost:35445]|listeners:[], old=null RUNNING
2023-11-20 19:26:42,700 [s1-client-thread1] DEBUG server.RaftServer$Division (RaftServerImpl.java:submitClientRequestAsync(893)) - s1@group-80861D532C92: receive client request(RaftClientRequest:client-E1C1A2A24A83->s1@group-80861D532C92, cid=13, seq=null, RW, Message:6669727374206d736720...(size=30))
2023-11-20 19:26:42,701 [s1-client-thread1] DEBUG server.RaftServer$Division (LeaderStateImpl.java:addPendingRequest(517)) - s1@group-80861D532C92-LeaderStateImpl: addPendingRequest at RaftClientRequest:client-E1C1A2A24A83->s1@group-80861D532C92, cid=13, seq=null, RW, Message:6669727374206d736720...(size=30), entry=(t:1, i:1), STATEMACHINELOGENTRY, 13@client-E1C1A2A24A83
2023-11-20 19:26:42,702 [s0-server-thread1] DEBUG server.RaftServer$Division (RaftServerImpl.java:logAppendEntries(1504)) - s0@group-80861D532C92: receive appendEntries(s1, 1, (t:1, i:0), 0, true, commits:[s1:c0, s0:c0, s2:c0], cId:6, entries: [(t:1, i:1), STATEMACHINELOGENTRY, 13@client-E1C1A2A24A83]
2023-11-20 19:26:42,702 [s2-server-thread1] DEBUG server.RaftServer$Division (RaftServerImpl.java:logAppendEntries(1504)) - s2@group-80861D532C92: receive appendEntries(s1, 1, (t:1, i:0), 0, true, commits:[s1:c0, s0:c0, s2:c0], cId:7, entries: [(t:1, i:1), STATEMACHINELOGENTRY, 13@client-E1C1A2A24A83]
2023-11-20 19:26:42,703 [s2-server-thread1] DEBUG server.RaftServer$Division (RaftServerImpl.java:logAppendEntries(1504)) - s2@group-80861D532C92: succeeded to handle AppendEntries. Reply: s1<-s2#7:OK-t1,SUCCESS,nextIndex=2,followerCommit=0,matchIndex=1
2023-11-20 19:26:42,703 [s0-server-thread1] DEBUG server.RaftServer$Division (RaftServerImpl.java:logAppendEntries(1504)) - s0@group-80861D532C92: succeeded to handle AppendEntries. Reply: s1<-s0#6:OK-t1,SUCCESS,nextIndex=2,followerCommit=0,matchIndex=1
2023-11-20 19:26:42,704 [s1@group-80861D532C92-StateMachineUpdater] INFO  impl.SimpleStateMachine4Testing (SimpleStateMachine4Testing.java:applyTransaction(248)) - applyTransaction for log index 1
2023-11-20 19:26:42,704 [s1@group-80861D532C92-StateMachineUpdater] INFO  impl.SimpleStateMachine4Testing (SimpleStateMachine4Testing.java:put(205)) - s1: put 1, first msg ... -> (t:1, i:1), STATEMACHINELOGENTRY, 13@client-E1C1A2A24A83
2023-11-20 19:26:42,705 [s2-server-thread1] DEBUG server.RaftServer$Division (RaftServerImpl.java:logAppendEntries(1504)) - s2@group-80861D532C92: receive appendEntries(s1, 1, (t:1, i:1), 1, true, commits:[s1:c1, s0:c0, s2:c0], cId:8, entries: [(t:1, i:2), METADATAENTRY(c:1)]
2023-11-20 19:26:42,706 [s0-server-thread1] DEBUG server.RaftServer$Division (RaftServerImpl.java:logAppendEntries(1504)) - s0@group-80861D532C92: receive appendEntries(s1, 1, (t:1, i:1), 1, true, commits:[s1:c1, s0:c0, s2:c0], cId:7, entries: [(t:1, i:2), METADATAENTRY(c:1)]
2023-11-20 19:26:42,706 [s2-server-thread1] DEBUG server.RaftServer$Division (RaftServerImpl.java:logAppendEntries(1504)) - s2@group-80861D532C92: succeeded to handle AppendEntries. Reply: s1<-s2#8:OK-t1,SUCCESS,nextIndex=3,followerCommit=1,matchIndex=2
2023-11-20 19:26:42,706 [s2@group-80861D532C92-StateMachineUpdater] INFO  impl.SimpleStateMachine4Testing (SimpleStateMachine4Testing.java:applyTransaction(248)) - applyTransaction for log index 1
2023-11-20 19:26:42,706 [s2@group-80861D532C92-StateMachineUpdater] INFO  impl.SimpleStateMachine4Testing (SimpleStateMachine4Testing.java:put(205)) - s2: put 1, first msg ... -> (t:1, i:1), STATEMACHINELOGENTRY, 13@client-E1C1A2A24A83
2023-11-20 19:26:42,706 [s0-server-thread1] DEBUG server.RaftServer$Division (RaftServerImpl.java:logAppendEntries(1504)) - s0@group-80861D532C92: succeeded to handle AppendEntries. Reply: s1<-s0#7:OK-t1,SUCCESS,nextIndex=3,followerCommit=1,matchIndex=2
2023-11-20 19:26:42,707 [s0@group-80861D532C92-StateMachineUpdater] INFO  impl.SimpleStateMachine4Testing (SimpleStateMachine4Testing.java:applyTransaction(248)) - applyTransaction for log index 1
2023-11-20 19:26:42,707 [s0@group-80861D532C92-StateMachineUpdater] INFO  impl.SimpleStateMachine4Testing (SimpleStateMachine4Testing.java:put(205)) - s0: put 1, first msg ... -> (t:1, i:1), STATEMACHINELOGENTRY, 13@client-E1C1A2A24A83
2023-11-20 19:26:42,713 [s1-client-thread1] DEBUG server.RaftServer$Division (RaftServerImpl.java:submitClientRequestAsync(893)) - s1@group-80861D532C92: receive client request(RaftClientRequest:client-9B4E1E61C173->s1@group-80861D532C92, cid=999, seq=null, RW, Message:6d657373616765)
2023-11-20 19:26:42,714 [s1-client-thread1] DEBUG server.RaftServer$Division (LeaderStateImpl.java:addPendingRequest(517)) - s1@group-80861D532C92-LeaderStateImpl: addPendingRequest at RaftClientRequest:client-9B4E1E61C173->s1@group-80861D532C92, cid=999, seq=null, RW, Message:6d657373616765, entry=(t:1, i:3), STATEMACHINELOGENTRY, 999@client-9B4E1E61C173
2023-11-20 19:26:42,715 [s0-server-thread1] DEBUG server.RaftServer$Division (RaftServerImpl.java:logAppendEntries(1504)) - s0@group-80861D532C92: receive appendEntries(s1, 1, (t:1, i:2), 2, true, commits:[s1:c2, s0:c1, s2:c1], cId:10, entries: [(t:1, i:3), STATEMACHINELOGENTRY, 999@client-9B4E1E61C173]
2023-11-20 19:26:42,715 [s2-server-thread1] DEBUG server.RaftServer$Division (RaftServerImpl.java:logAppendEntries(1504)) - s2@group-80861D532C92: receive appendEntries(s1, 1, (t:1, i:2), 2, true, commits:[s1:c2, s0:c1, s2:c1], cId:10, entries: [(t:1, i:3), STATEMACHINELOGENTRY, 999@client-9B4E1E61C173]
2023-11-20 19:26:42,716 [s2-server-thread1] DEBUG server.RaftServer$Division (RaftServerImpl.java:logAppendEntries(1504)) - s2@group-80861D532C92: succeeded to handle AppendEntries. Reply: s1<-s2#10:OK-t1,SUCCESS,nextIndex=4,followerCommit=2,matchIndex=3
2023-11-20 19:26:42,716 [s0-server-thread1] DEBUG server.RaftServer$Division (RaftServerImpl.java:logAppendEntries(1504)) - s0@group-80861D532C92: succeeded to handle AppendEntries. Reply: s1<-s0#10:OK-t1,SUCCESS,nextIndex=4,followerCommit=2,matchIndex=3
2023-11-20 19:26:42,717 [s1@group-80861D532C92-StateMachineUpdater] INFO  impl.SimpleStateMachine4Testing (SimpleStateMachine4Testing.java:applyTransaction(248)) - applyTransaction for log index 3
2023-11-20 19:26:42,717 [s1@group-80861D532C92-StateMachineUpdater] INFO  impl.SimpleStateMachine4Testing (SimpleStateMachine4Testing.java:put(205)) - s1: put 3, message -> (t:1, i:3), STATEMACHINELOGENTRY, 999@client-9B4E1E61C173
2023-11-20 19:26:42,718 [s2-server-thread1] DEBUG server.RaftServer$Division (RaftServerImpl.java:logAppendEntries(1504)) - s2@group-80861D532C92: receive appendEntries(s1, 1, (t:1, i:3), 3, true, commits:[s1:c3, s0:c2, s2:c2], cId:11, entries: [(t:1, i:4), METADATAENTRY(c:3)]
2023-11-20 19:26:42,718 [s0-server-thread1] DEBUG server.RaftServer$Division (RaftServerImpl.java:logAppendEntries(1504)) - s0@group-80861D532C92: receive appendEntries(s1, 1, (t:1, i:3), 3, true, commits:[s1:c3, s0:c2, s2:c2], cId:11, entries: [(t:1, i:4), METADATAENTRY(c:3)]
2023-11-20 19:26:42,718 [Time-limited test] INFO  impl.MiniRaftCluster (MiniRaftCluster.java:addNewPeers(464)) - Add new peers [s3, s4]
2023-11-20 19:26:42,718 [s2-server-thread1] DEBUG server.RaftServer$Division (RaftServerImpl.java:logAppendEntries(1504)) - s2@group-80861D532C92: succeeded to handle AppendEntries. Reply: s1<-s2#11:OK-t1,SUCCESS,nextIndex=5,followerCommit=3,matchIndex=4
2023-11-20 19:26:42,718 [s2@group-80861D532C92-StateMachineUpdater] INFO  impl.SimpleStateMachine4Testing (SimpleStateMachine4Testing.java:applyTransaction(248)) - applyTransaction for log index 3
2023-11-20 19:26:42,719 [s2@group-80861D532C92-StateMachineUpdater] INFO  impl.SimpleStateMachine4Testing (SimpleStateMachine4Testing.java:put(205)) - s2: put 3, message -> (t:1, i:3), STATEMACHINELOGENTRY, 999@client-9B4E1E61C173
2023-11-20 19:26:42,719 [s0-server-thread1] DEBUG server.RaftServer$Division (RaftServerImpl.java:logAppendEntries(1504)) - s0@group-80861D532C92: succeeded to handle AppendEntries. Reply: s1<-s0#11:OK-t1,SUCCESS,nextIndex=5,followerCommit=3,matchIndex=4
2023-11-20 19:26:42,719 [s0@group-80861D532C92-StateMachineUpdater] INFO  impl.SimpleStateMachine4Testing (SimpleStateMachine4Testing.java:applyTransaction(248)) - applyTransaction for log index 3
2023-11-20 19:26:42,719 [s0@group-80861D532C92-StateMachineUpdater] INFO  impl.SimpleStateMachine4Testing (SimpleStateMachine4Testing.java:put(205)) - s0: put 3, message -> (t:1, i:3), STATEMACHINELOGENTRY, 999@client-9B4E1E61C173
2023-11-20 19:26:42,719 [Time-limited test] INFO  impl.MiniRaftCluster (MiniRaftCluster.java:newRaftServer(382)) - newRaftServer: s3, group-80861D532C92:[s3, s4, s0|localhost:40297, s1|localhost:34209, s2|localhost:35445], format? true
2023-11-20 19:26:42,719 [Time-limited test] TRACE util.FileUtils (FileUtils.java:deleteFully(305)) - deleteFully target/test/data/42d3a8b8/MiniRaftClusterWithGrpc43e5161/s3
2023-11-20 19:26:42,719 [Time-limited test] TRACE util.FileUtils (FileUtils.java:deleteFully(318)) - deleteFully: target/test/data/42d3a8b8/MiniRaftClusterWithGrpc43e5161/s3 does not exist.
2023-11-20 19:26:42,719 [Time-limited test] INFO  impl.MiniRaftCluster (MiniRaftCluster.java:newRaftServer(387)) - Formatted directory target/test/data/42d3a8b8/MiniRaftClusterWithGrpc43e5161/s3
2023-11-20 19:26:42,720 [Time-limited test] INFO  server.RaftServer (ConfUtils.java:logGet(46)) - raft.rpc.type = GRPC (default)
2023-11-20 19:26:42,720 [Time-limited test] INFO  grpc.GrpcConfigKeys (ConfUtils.java:logFallback(53)) - raft.grpc.admin.host = null (fallback to raft.grpc.server.host)
2023-11-20 19:26:42,720 [Time-limited test] INFO  grpc.GrpcConfigKeys (ConfUtils.java:logFallback(53)) - raft.grpc.admin.port = 40989 (fallback to raft.grpc.server.port)
2023-11-20 19:26:42,720 [Time-limited test] INFO  grpc.GrpcConfigKeys (ConfUtils.java:logFallback(53)) - raft.grpc.client.host = null (fallback to raft.grpc.server.host)
2023-11-20 19:26:42,720 [Time-limited test] INFO  grpc.GrpcConfigKeys (ConfUtils.java:logFallback(53)) - raft.grpc.client.port = 40989 (fallback to raft.grpc.server.port)
2023-11-20 19:26:42,720 [Time-limited test] INFO  grpc.GrpcConfigKeys (ConfUtils.java:logGet(46)) - raft.grpc.server.host = null (default)
2023-11-20 19:26:42,720 [Time-limited test] INFO  grpc.GrpcConfigKeys (ConfUtils.java:logGet(46)) - raft.grpc.server.port = 40989 (custom)
2023-11-20 19:26:42,720 [Time-limited test] INFO  server.GrpcService (ConfUtils.java:logGet(46)) - raft.grpc.message.size.max = 64MB (=67108864) (default)
2023-11-20 19:26:42,720 [Time-limited test] INFO  server.RaftServerConfigKeys (ConfUtils.java:logGet(46)) - raft.server.log.appender.buffer.byte-limit = 4MB (=4194304) (default)
2023-11-20 19:26:42,720 [Time-limited test] INFO  server.GrpcService (ConfUtils.java:logGet(46)) - raft.grpc.flow.control.window = 1MB (=1048576) (default)
2023-11-20 19:26:42,720 [Time-limited test] INFO  server.RaftServerConfigKeys (ConfUtils.java:logGet(46)) - raft.server.rpc.request.timeout = 3000ms (default)
2023-11-20 19:26:42,720 [Time-limited test] INFO  grpc.GrpcConfigKeys (ConfUtils.java:logGet(46)) - raft.grpc.server.heartbeat.channel = true (default)
2023-11-20 19:26:42,720 [Time-limited test] INFO  grpc.GrpcConfigKeys (ConfUtils.java:logGet(46)) - raft.grpc.server.async.request.thread.pool.cached = true (default)
2023-11-20 19:26:42,720 [Time-limited test] INFO  grpc.GrpcConfigKeys (ConfUtils.java:logGet(46)) - raft.grpc.server.async.request.thread.pool.size = 32 (default)
2023-11-20 19:26:42,721 [Time-limited test] INFO  impl.DataStreamServerImpl (ConfUtils.java:logGet(46)) - raft.datastream.type = DISABLED (default)
2023-11-20 19:26:42,721 [Time-limited test] INFO  server.RaftServerConfigKeys (ConfUtils.java:logGet(46)) - raft.server.sleep.deviation.threshold = 300ms (default)
2023-11-20 19:26:42,721 [Time-limited test] INFO  server.RaftServerConfigKeys (ConfUtils.java:logGet(46)) - raft.server.close.threshold = 60s (default)
2023-11-20 19:26:42,721 [Time-limited test] INFO  server.RaftServerConfigKeys (ConfUtils.java:logGet(46)) - raft.server.leaderelection.leader.step-down.wait-time = 10s (default)
2023-11-20 19:26:42,721 [Time-limited test] INFO  server.RaftServerConfigKeys (ConfUtils.java:logGet(46)) - raft.server.storage.dir = [/home/runner/work/ratis/ratis/ratis-test/target/test/data/42d3a8b8/MiniRaftClusterWithGrpc43e5161/s3] (custom)
2023-11-20 19:26:42,721 [Time-limited test] INFO  server.RaftServerConfigKeys (ConfUtils.java:logGet(46)) - raft.server.threadpool.proxy.cached = true (default)
2023-11-20 19:26:42,721 [Time-limited test] INFO  server.RaftServerConfigKeys (ConfUtils.java:logGet(46)) - raft.server.threadpool.proxy.size = 0 (default)
2023-11-20 19:26:42,722 [Time-limited test] INFO  server.RaftServer (RaftServerProxy.java:addNew(100)) - s3: addNew group-80861D532C92:[s3, s4, s0|localhost:40297, s1|localhost:34209, s2|localhost:35445] returns group-80861D532C92:java.util.concurrent.CompletableFuture@3922e7db[Not completed]
2023-11-20 19:26:42,722 [Time-limited test] INFO  impl.MiniRaftCluster (MiniRaftCluster.java:newRaftServer(382)) - newRaftServer: s4, group-80861D532C92:[s3, s4, s0|localhost:40297, s1|localhost:34209, s2|localhost:35445], format? true
2023-11-20 19:26:42,722 [Time-limited test] TRACE util.FileUtils (FileUtils.java:deleteFully(305)) - deleteFully target/test/data/42d3a8b8/MiniRaftClusterWithGrpc43e5161/s4
2023-11-20 19:26:42,722 [s3-groupManagement] INFO  server.RaftServerConfigKeys (ConfUtils.java:logGet(46)) - raft.server.log.segment.size.max = 32MB (=33554432) (default)
2023-11-20 19:26:42,722 [Time-limited test] TRACE util.FileUtils (FileUtils.java:deleteFully(318)) - deleteFully: target/test/data/42d3a8b8/MiniRaftClusterWithGrpc43e5161/s4 does not exist.
2023-11-20 19:26:42,722 [s3-groupManagement] INFO  server.RaftServerConfigKeys (ConfUtils.java:logGet(46)) - raft.server.log.preallocated.size = 4MB (=4194304) (default)
2023-11-20 19:26:42,722 [Time-limited test] INFO  impl.MiniRaftCluster (MiniRaftCluster.java:newRaftServer(387)) - Formatted directory target/test/data/42d3a8b8/MiniRaftClusterWithGrpc43e5161/s4
2023-11-20 19:26:42,722 [s3-groupManagement] INFO  server.RaftServerConfigKeys (ConfUtils.java:logGet(46)) - raft.server.log.write.buffer.size = 8MB (=8388608) (default)
2023-11-20 19:26:42,722 [s3-groupManagement] INFO  server.RaftServer$Division (RaftServerImpl.java:<init>(256)) - s3: new RaftServerImpl for group-80861D532C92:[s3, s4, s0|localhost:40297, s1|localhost:34209, s2|localhost:35445] with SimpleStateMachine4Testing:uninitialized
2023-11-20 19:26:42,722 [s3-groupManagement] INFO  server.RaftServerConfigKeys (ConfUtils.java:logGet(46)) - raft.server.rpc.timeout.min = 150ms (default)
2023-11-20 19:26:42,722 [Time-limited test] INFO  server.RaftServer (ConfUtils.java:logGet(46)) - raft.rpc.type = GRPC (default)
2023-11-20 19:26:42,722 [s3-groupManagement] INFO  server.RaftServerConfigKeys (ConfUtils.java:logGet(46)) - raft.server.rpc.timeout.max = 300ms (default)
2023-11-20 19:26:42,722 [s3-groupManagement] INFO  server.RaftServerConfigKeys (ConfUtils.java:logGet(46)) - raft.server.rpc.sleep.time = 25ms (default)
2023-11-20 19:26:42,722 [Time-limited test] INFO  grpc.GrpcConfigKeys (ConfUtils.java:logFallback(53)) - raft.grpc.admin.host = null (fallback to raft.grpc.server.host)
2023-11-20 19:26:42,722 [s3-groupManagement] INFO  server.RaftServerConfigKeys (ConfUtils.java:logGet(46)) - raft.server.rpc.slowness.timeout = 60s (default)
2023-11-20 19:26:42,722 [Time-limited test] INFO  grpc.GrpcConfigKeys (ConfUtils.java:logFallback(53)) - raft.grpc.admin.port = 46829 (fallback to raft.grpc.server.port)
2023-11-20 19:26:42,722 [s3-groupManagement] INFO  server.RaftServerConfigKeys (ConfUtils.java:logGet(46)) - raft.server.leaderelection.leader.step-down.wait-time = 10s (default)
2023-11-20 19:26:42,722 [Time-limited test] INFO  grpc.GrpcConfigKeys (ConfUtils.java:logFallback(53)) - raft.grpc.client.host = null (fallback to raft.grpc.server.host)
2023-11-20 19:26:42,722 [s3-groupManagement] INFO  server.RaftServerConfigKeys (ConfUtils.java:logGet(46)) - raft.server.leaderelection.member.majority-add = false (default)
2023-11-20 19:26:42,723 [Time-limited test] INFO  grpc.GrpcConfigKeys (ConfUtils.java:logFallback(53)) - raft.grpc.client.port = 46829 (fallback to raft.grpc.server.port)
2023-11-20 19:26:42,723 [s3-groupManagement] INFO  server.RaftServerConfigKeys (ConfUtils.java:logGet(46)) - raft.server.sleep.deviation.threshold = 300ms (default)
2023-11-20 19:26:42,723 [Time-limited test] INFO  grpc.GrpcConfigKeys (ConfUtils.java:logGet(46)) - raft.grpc.server.host = null (default)
2023-11-20 19:26:42,723 [s3-groupManagement] INFO  server.RaftServer$Division (ServerState.java:<init>(113)) - s3@group-80861D532C92: ConfigurationManager, init=-1: peers:[s3, s4, s0|localhost:40297, s1|localhost:34209, s2|localhost:35445]|listeners:[], old=null, confs=<EMPTY_MAP>
2023-11-20 19:26:42,723 [Time-limited test] INFO  grpc.GrpcConfigKeys (ConfUtils.java:logGet(46)) - raft.grpc.server.port = 46829 (custom)
2023-11-20 19:26:42,723 [s3-groupManagement] INFO  server.RaftServerConfigKeys (ConfUtils.java:logGet(46)) - raft.server.notification.no-leader.timeout = 60s (default)
2023-11-20 19:26:42,723 [Time-limited test] INFO  server.GrpcService (ConfUtils.java:logGet(46)) - raft.grpc.message.size.max = 64MB (=67108864) (default)
2023-11-20 19:26:42,723 [s3-groupManagement] INFO  server.RaftServerConfigKeys (ConfUtils.java:logGet(46)) - raft.server.read.timeout = 10s (default)
2023-11-20 19:26:42,723 [Time-limited test] INFO  server.RaftServerConfigKeys (ConfUtils.java:logGet(46)) - raft.server.log.appender.buffer.byte-limit = 4MB (=4194304) (default)
2023-11-20 19:26:42,723 [s3-groupManagement] INFO  server.RaftServerConfigKeys (ConfUtils.java:logGet(46)) - raft.server.retrycache.expirytime = 60s (default)
2023-11-20 19:26:42,723 [Time-limited test] INFO  server.GrpcService (ConfUtils.java:logGet(46)) - raft.grpc.flow.control.window = 1MB (=1048576) (default)
2023-11-20 19:26:42,723 [s3-groupManagement] INFO  server.RaftServerConfigKeys (ConfUtils.java:logGet(46)) - raft.server.retrycache.statistics.expirytime = 100ms (default)
2023-11-20 19:26:42,723 [Time-limited test] INFO  server.RaftServerConfigKeys (ConfUtils.java:logGet(46)) - raft.server.rpc.request.timeout = 3000ms (default)
2023-11-20 19:26:42,723 [Time-limited test] INFO  grpc.GrpcConfigKeys (ConfUtils.java:logGet(46)) - raft.grpc.server.heartbeat.channel = true (default)
2023-11-20 19:26:42,723 [s3-groupManagement] INFO  server.RaftServerConfigKeys (ConfUtils.java:logGet(46)) - raft.server.read.option = DEFAULT (default)
2023-11-20 19:26:42,723 [Time-limited test] INFO  grpc.GrpcConfigKeys (ConfUtils.java:logGet(46)) - raft.grpc.server.async.request.thread.pool.cached = true (default)
2023-11-20 19:26:42,723 [s3-groupManagement] INFO  server.RaftServerConfigKeys (ConfUtils.java:logGet(46)) - raft.server.read.read-after-write-consistent.write-index-cache.expiry-time = 60s (default)
2023-11-20 19:26:42,723 [Time-limited test] INFO  grpc.GrpcConfigKeys (ConfUtils.java:logGet(46)) - raft.grpc.server.async.request.thread.pool.size = 32 (default)
2023-11-20 19:26:42,724 [Time-limited test] INFO  impl.DataStreamServerImpl (ConfUtils.java:logGet(46)) - raft.datastream.type = DISABLED (default)
2023-11-20 19:26:42,724 [Time-limited test] INFO  server.RaftServerConfigKeys (ConfUtils.java:logGet(46)) - raft.server.sleep.deviation.threshold = 300ms (default)
2023-11-20 19:26:42,724 [Time-limited test] INFO  server.RaftServerConfigKeys (ConfUtils.java:logGet(46)) - raft.server.close.threshold = 60s (default)
2023-11-20 19:26:42,724 [Time-limited test] INFO  server.RaftServerConfigKeys (ConfUtils.java:logGet(46)) - raft.server.leaderelection.leader.step-down.wait-time = 10s (default)
2023-11-20 19:26:42,724 [s3-groupManagement] INFO  server.RaftServerConfigKeys (ConfUtils.java:logGet(46)) - raft.server.rpc.request.timeout = 3000ms (default)
2023-11-20 19:26:42,724 [s3-groupManagement] INFO  server.RaftServerConfigKeys (ConfUtils.java:logGet(46)) - raft.server.log.appender.install.snapshot.enabled = true (default)
2023-11-20 19:26:42,724 [s3-groupManagement] INFO  server.RaftServerConfigKeys (ConfUtils.java:logGet(46)) - raft.server.threadpool.server.cached = true (default)
2023-11-20 19:26:42,724 [Time-limited test] INFO  server.RaftServerConfigKeys (ConfUtils.java:logGet(46)) - raft.server.storage.dir = [/home/runner/work/ratis/ratis/ratis-test/target/test/data/42d3a8b8/MiniRaftClusterWithGrpc43e5161/s4] (custom)
2023-11-20 19:26:42,724 [s3-groupManagement] INFO  server.RaftServerConfigKeys (ConfUtils.java:logGet(46)) - raft.server.threadpool.server.size = 0 (default)
2023-11-20 19:26:42,724 [Time-limited test] INFO  server.RaftServerConfigKeys (ConfUtils.java:logGet(46)) - raft.server.threadpool.proxy.cached = true (default)
2023-11-20 19:26:42,724 [s3-groupManagement] INFO  server.RaftServerConfigKeys (ConfUtils.java:logGet(46)) - raft.server.threadpool.client.cached = true (default)
2023-11-20 19:26:42,724 [Time-limited test] INFO  server.RaftServerConfigKeys (ConfUtils.java:logGet(46)) - raft.server.threadpool.proxy.size = 0 (default)
2023-11-20 19:26:42,724 [s3-groupManagement] INFO  server.RaftServerConfigKeys (ConfUtils.java:logGet(46)) - raft.server.threadpool.client.size = 0 (default)
2023-11-20 19:26:42,725 [Time-limited test] INFO  server.RaftServer (RaftServerProxy.java:addNew(100)) - s4: addNew group-80861D532C92:[s3, s4, s0|localhost:40297, s1|localhost:34209, s2|localhost:35445] returns group-80861D532C92:java.util.concurrent.CompletableFuture@68d7f3d5[Not completed]
2023-11-20 19:26:42,725 [s3-impl-thread1] INFO  server.RaftServerConfigKeys (ConfUtils.java:logGet(46)) - raft.server.storage.free-space.min = 0MB (=0) (default)
2023-11-20 19:26:42,725 [s3-impl-thread1] INFO  server.RaftServerConfigKeys (ConfUtils.java:logGet(46)) - raft.server.log.corruption.policy = EXCEPTION (default)
2023-11-20 19:26:42,725 [s3-impl-thread1] INFO  server.RaftServerConfigKeys (ConfUtils.java:logGet(46)) - raft.server.storage.dir = [/home/runner/work/ratis/ratis/ratis-test/target/test/data/42d3a8b8/MiniRaftClusterWithGrpc43e5161/s3] (custom)
2023-11-20 19:26:42,725 [s3-impl-thread1] INFO  storage.RaftStorageDirectory (RaftStorageDirectoryImpl.java:analyzeStorage(138)) - The storage directory /home/runner/work/ratis/ratis/ratis-test/target/test/data/42d3a8b8/MiniRaftClusterWithGrpc43e5161/s3/cec2cddf-b3fc-46c2-a11a-80861d532c92 does not exist. Creating ...
2023-11-20 19:26:42,725 [s3-impl-thread1] TRACE util.FileUtils (LogUtils.java:runAndLog(49)) - Successfully ran Files.createDirectories /home/runner/work/ratis/ratis/ratis-test/target/test/data/42d3a8b8/MiniRaftClusterWithGrpc43e5161/s3/cec2cddf-b3fc-46c2-a11a-80861d532c92
2023-11-20 19:26:42,726 [s3-impl-thread1] INFO  storage.RaftStorageDirectory (RaftStorageDirectoryImpl.java:tryLock(232)) - Lock on /home/runner/work/ratis/ratis/ratis-test/target/test/data/42d3a8b8/MiniRaftClusterWithGrpc43e5161/s3/cec2cddf-b3fc-46c2-a11a-80861d532c92/in_use.lock acquired by nodename 4652@fv-az1023-122
2023-11-20 19:26:42,726 [s3-impl-thread1] TRACE util.FileUtils (LogUtils.java:runAndLog(49)) - Successfully ran Files.createDirectories /home/runner/work/ratis/ratis/ratis-test/target/test/data/42d3a8b8/MiniRaftClusterWithGrpc43e5161/s3/cec2cddf-b3fc-46c2-a11a-80861d532c92/current
2023-11-20 19:26:42,735 [s4-groupManagement] INFO  server.RaftServerConfigKeys (ConfUtils.java:logGet(46)) - raft.server.log.segment.size.max = 32MB (=33554432) (default)
2023-11-20 19:26:42,735 [s3-impl-thread1] TRACE util.FileUtils (LogUtils.java:runAndLog(49)) - Successfully ran Files.createDirectories /home/runner/work/ratis/ratis/ratis-test/target/test/data/42d3a8b8/MiniRaftClusterWithGrpc43e5161/s3/cec2cddf-b3fc-46c2-a11a-80861d532c92/sm
2023-11-20 19:26:42,735 [s4-groupManagement] INFO  server.RaftServerConfigKeys (ConfUtils.java:logGet(46)) - raft.server.log.preallocated.size = 4MB (=4194304) (default)
2023-11-20 19:26:42,736 [s4-groupManagement] INFO  server.RaftServerConfigKeys (ConfUtils.java:logGet(46)) - raft.server.log.write.buffer.size = 8MB (=8388608) (default)
2023-11-20 19:26:42,736 [s3-impl-thread1] TRACE util.FileUtils (LogUtils.java:supplyAndLog(69)) - Successfully supplied FileChannel.open /home/runner/work/ratis/ratis/ratis-test/target/test/data/42d3a8b8/MiniRaftClusterWithGrpc43e5161/s3/cec2cddf-b3fc-46c2-a11a-80861d532c92/current/raft-meta.tmp with options [CREATE, WRITE]: sun.nio.ch.FileChannelImpl@37d31536
2023-11-20 19:26:42,736 [s4-groupManagement] INFO  server.RaftServer$Division (RaftServerImpl.java:<init>(256)) - s4: new RaftServerImpl for group-80861D532C92:[s3, s4, s0|localhost:40297, s1|localhost:34209, s2|localhost:35445] with SimpleStateMachine4Testing:uninitialized
2023-11-20 19:26:42,736 [s4-groupManagement] INFO  server.RaftServerConfigKeys (ConfUtils.java:logGet(46)) - raft.server.rpc.timeout.min = 150ms (default)
2023-11-20 19:26:42,736 [s4-groupManagement] INFO  server.RaftServerConfigKeys (ConfUtils.java:logGet(46)) - raft.server.rpc.timeout.max = 300ms (default)
2023-11-20 19:26:42,736 [s4-groupManagement] INFO  server.RaftServerConfigKeys (ConfUtils.java:logGet(46)) - raft.server.rpc.sleep.time = 25ms (default)
2023-11-20 19:26:42,736 [s4-groupManagement] INFO  server.RaftServerConfigKeys (ConfUtils.java:logGet(46)) - raft.server.rpc.slowness.timeout = 60s (default)
2023-11-20 19:26:42,736 [s4-groupManagement] INFO  server.RaftServerConfigKeys (ConfUtils.java:logGet(46)) - raft.server.leaderelection.leader.step-down.wait-time = 10s (default)
2023-11-20 19:26:42,736 [s4-groupManagement] INFO  server.RaftServerConfigKeys (ConfUtils.java:logGet(46)) - raft.server.leaderelection.member.majority-add = false (default)
2023-11-20 19:26:42,736 [s4-groupManagement] INFO  server.RaftServerConfigKeys (ConfUtils.java:logGet(46)) - raft.server.sleep.deviation.threshold = 300ms (default)
2023-11-20 19:26:42,736 [s4-groupManagement] INFO  server.RaftServer$Division (ServerState.java:<init>(113)) - s4@group-80861D532C92: ConfigurationManager, init=-1: peers:[s3, s4, s0|localhost:40297, s1|localhost:34209, s2|localhost:35445]|listeners:[], old=null, confs=<EMPTY_MAP>
2023-11-20 19:26:42,736 [s4-groupManagement] INFO  server.RaftServerConfigKeys (ConfUtils.java:logGet(46)) - raft.server.notification.no-leader.timeout = 60s (default)
2023-11-20 19:26:42,736 [s4-groupManagement] INFO  server.RaftServerConfigKeys (ConfUtils.java:logGet(46)) - raft.server.read.timeout = 10s (default)
2023-11-20 19:26:42,736 [s4-groupManagement] INFO  server.RaftServerConfigKeys (ConfUtils.java:logGet(46)) - raft.server.retrycache.expirytime = 60s (default)
2023-11-20 19:26:42,736 [s4-groupManagement] INFO  server.RaftServerConfigKeys (ConfUtils.java:logGet(46)) - raft.server.retrycache.statistics.expirytime = 100ms (default)
2023-11-20 19:26:42,736 [s4-groupManagement] INFO  server.RaftServerConfigKeys (ConfUtils.java:logGet(46)) - raft.server.read.option = DEFAULT (default)
2023-11-20 19:26:42,736 [s4-groupManagement] INFO  server.RaftServerConfigKeys (ConfUtils.java:logGet(46)) - raft.server.read.read-after-write-consistent.write-index-cache.expiry-time = 60s (default)
2023-11-20 19:26:42,737 [s3-impl-thread1] TRACE util.FileUtils (LogUtils.java:runAndLog(49)) - Successfully ran Atomic Files.move /home/runner/work/ratis/ratis/ratis-test/target/test/data/42d3a8b8/MiniRaftClusterWithGrpc43e5161/s3/cec2cddf-b3fc-46c2-a11a-80861d532c92/current/raft-meta.tmp to /home/runner/work/ratis/ratis/ratis-test/target/test/data/42d3a8b8/MiniRaftClusterWithGrpc43e5161/s3/cec2cddf-b3fc-46c2-a11a-80861d532c92/current/raft-meta with options [REPLACE_EXISTING]
2023-11-20 19:26:42,737 [s3-impl-thread1] INFO  storage.RaftStorage (RaftStorageImpl.java:format(99)) - Storage directory /home/runner/work/ratis/ratis/ratis-test/target/test/data/42d3a8b8/MiniRaftClusterWithGrpc43e5161/s3/cec2cddf-b3fc-46c2-a11a-80861d532c92 has been successfully formatted.
2023-11-20 19:26:42,737 [s3-impl-thread1] TRACE util.FileUtils (LogUtils.java:supplyAndLog(61)) - Failed to Files.newInputStream /home/runner/work/ratis/ratis/ratis-test/target/test/data/42d3a8b8/MiniRaftClusterWithGrpc43e5161/s3/cec2cddf-b3fc-46c2-a11a-80861d532c92/current/raft-meta.conf with options []
java.nio.file.NoSuchFileException: /home/runner/work/ratis/ratis/ratis-test/target/test/data/42d3a8b8/MiniRaftClusterWithGrpc43e5161/s3/cec2cddf-b3fc-46c2-a11a-80861d532c92/current/raft-meta.conf
	at java.base/sun.nio.fs.UnixException.translateToIOException(UnixException.java:92)
	at java.base/sun.nio.fs.UnixException.rethrowAsIOException(UnixException.java:111)
	at java.base/sun.nio.fs.UnixException.rethrowAsIOException(UnixException.java:116)
	at java.base/sun.nio.fs.UnixFileSystemProvider.newByteChannel(UnixFileSystemProvider.java:219)
	at java.base/java.nio.file.Files.newByteChannel(Files.java:371)
	at java.base/java.nio.file.Files.newByteChannel(Files.java:422)
	at java.base/java.nio.file.spi.FileSystemProvider.newInputStream(FileSystemProvider.java:420)
	at java.base/java.nio.file.Files.newInputStream(Files.java:156)
	at org.apache.ratis.util.FileUtils.lambda$newInputStream$2(FileUtils.java:73)
	at org.apache.ratis.util.LogUtils.supplyAndLog(LogUtils.java:58)
	at org.apache.ratis.util.FileUtils.newInputStream(FileUtils.java:72)
	at org.apache.ratis.util.FileUtils.newInputStream(FileUtils.java:68)
	at org.apache.ratis.server.storage.RaftStorageImpl.readRaftConfiguration(RaftStorageImpl.java:156)
	at org.apache.ratis.server.impl.ServerState.initialize(ServerState.java:141)
	at org.apache.ratis.server.impl.RaftServerImpl.start(RaftServerImpl.java:388)
	at org.apache.ratis.util.ConcurrentUtils.accept(ConcurrentUtils.java:203)
	at org.apache.ratis.util.ConcurrentUtils.lambda$parallelForEachAsync$4(ConcurrentUtils.java:182)
	at java.base/java.util.concurrent.ThreadPoolExecutor.runWorker(ThreadPoolExecutor.java:1128)
	at java.base/java.util.concurrent.ThreadPoolExecutor$Worker.run(ThreadPoolExecutor.java:628)
	at java.base/java.lang.Thread.run(Thread.java:829)
2023-11-20 19:26:42,737 [s3-impl-thread1] INFO  impl.SimpleStateMachine4Testing (SimpleStateMachine4Testing.java:initialize(213)) - Initializing SimpleStateMachine4Testing:uninitialized
2023-11-20 19:26:42,737 [s3-impl-thread1] INFO  impl.SimpleStateMachine4Testing (SimpleStateMachine4Testing.java:loadSnapshot(296)) - Loading snapshot null
2023-11-20 19:26:42,737 [s3-impl-thread1] INFO  server.RaftServerConfigKeys (ConfUtils.java:logGet(46)) - raft.server.log.use.memory = false (default)
2023-11-20 19:26:42,737 [s4-groupManagement] INFO  server.RaftServerConfigKeys (ConfUtils.java:logGet(46)) - raft.server.rpc.request.timeout = 3000ms (default)
2023-11-20 19:26:42,737 [s3-impl-thread1] INFO  server.RaftServerConfigKeys (ConfUtils.java:logGet(46)) - raft.server.log.purge.gap = 1024 (default)
2023-11-20 19:26:42,737 [s4-groupManagement] INFO  server.RaftServerConfigKeys (ConfUtils.java:logGet(46)) - raft.server.log.appender.install.snapshot.enabled = true (default)
2023-11-20 19:26:42,737 [s3-impl-thread1] INFO  server.RaftServerConfigKeys (ConfUtils.java:logGet(46)) - raft.server.log.appender.buffer.byte-limit = 4MB (=4194304) (default)
2023-11-20 19:26:42,738 [s4-groupManagement] INFO  server.RaftServerConfigKeys (ConfUtils.java:logGet(46)) - raft.server.threadpool.server.cached = true (default)
2023-11-20 19:26:42,738 [s3-impl-thread1] INFO  server.RaftServerConfigKeys (ConfUtils.java:logGet(46)) - raft.server.log.statemachine.data.read.timeout = 1000ms (default)
2023-11-20 19:26:42,738 [s4-groupManagement] INFO  server.RaftServerConfigKeys (ConfUtils.java:logGet(46)) - raft.server.threadpool.server.size = 0 (default)
2023-11-20 19:26:42,738 [s3-impl-thread1] INFO  server.RaftServerConfigKeys (ConfUtils.java:logGet(46)) - raft.server.log.purge.preservation.log.num = 0 (default)
2023-11-20 19:26:42,738 [s4-groupManagement] INFO  server.RaftServerConfigKeys (ConfUtils.java:logGet(46)) - raft.server.threadpool.client.cached = true (default)
2023-11-20 19:26:42,738 [s4-groupManagement] INFO  server.RaftServerConfigKeys (ConfUtils.java:logGet(46)) - raft.server.threadpool.client.size = 0 (default)
2023-11-20 19:26:42,738 [s3-impl-thread1] INFO  server.RaftServerConfigKeys (ConfUtils.java:logGet(46)) - raft.server.log.segment.size.max = 32MB (=33554432) (default)
2023-11-20 19:26:42,738 [s3-impl-thread1] INFO  server.RaftServerConfigKeys (ConfUtils.java:logGet(46)) - raft.server.log.segment.cache.num.max = 6 (default)
2023-11-20 19:26:42,738 [s3-impl-thread1] INFO  server.RaftServerConfigKeys (ConfUtils.java:logGet(46)) - raft.server.log.segment.cache.size.max = 200MB (=209715200) (default)
2023-11-20 19:26:42,738 [s3-impl-thread1] INFO  server.RaftServerConfigKeys (ConfUtils.java:logGet(46)) - raft.server.log.appender.buffer.byte-limit = 4MB (=4194304) (default)
2023-11-20 19:26:42,738 [s3-impl-thread1] INFO  util.AwaitToRun (AwaitToRun.java:start(81)) - Thread[s3@group-80861D532C92-cacheEviction-AwaitToRun,5,main] started
2023-11-20 19:26:42,738 [s3-impl-thread1] INFO  segmented.SegmentedRaftLogWorker (SegmentedRaftLogWorker.java:<init>(182)) - new s3@group-80861D532C92-SegmentedRaftLogWorker for RaftStorageImpl:Storage Directory /home/runner/work/ratis/ratis/ratis-test/target/test/data/42d3a8b8/MiniRaftClusterWithGrpc43e5161/s3/cec2cddf-b3fc-46c2-a11a-80861d532c92
2023-11-20 19:26:42,738 [s3-impl-thread1] INFO  server.RaftServerConfigKeys (ConfUtils.java:logGet(46)) - raft.server.log.queue.byte-limit = 64MB (=67108864) (default)
2023-11-20 19:26:42,738 [s3-impl-thread1] INFO  server.RaftServerConfigKeys (ConfUtils.java:logGet(46)) - raft.server.log.queue.element-limit = 4096 (default)
2023-11-20 19:26:42,738 [s3-impl-thread1] INFO  server.RaftServerConfigKeys (ConfUtils.java:logGet(46)) - raft.server.log.segment.size.max = 32MB (=33554432) (default)
2023-11-20 19:26:42,738 [s3-impl-thread1] INFO  server.RaftServerConfigKeys (ConfUtils.java:logGet(46)) - raft.server.log.preallocated.size = 4MB (=4194304) (default)
2023-11-20 19:26:42,738 [s3-impl-thread1] INFO  server.RaftServerConfigKeys (ConfUtils.java:logGet(46)) - raft.server.log.force.sync.num = 128 (default)
2023-11-20 19:26:42,738 [s3-impl-thread1] INFO  server.RaftServerConfigKeys (ConfUtils.java:logGet(46)) - raft.server.log.statemachine.data.sync = true (default)
2023-11-20 19:26:42,738 [s3-impl-thread1] INFO  server.RaftServerConfigKeys (ConfUtils.java:logGet(46)) - raft.server.log.statemachine.data.sync.timeout = 10s (default)
2023-11-20 19:26:42,738 [s3-impl-thread1] INFO  server.RaftServerConfigKeys (ConfUtils.java:logGet(46)) - raft.server.log.statemachine.data.sync.timeout.retry = -1 (default)
2023-11-20 19:26:42,739 [s3-impl-thread1] INFO  server.RaftServerConfigKeys (ConfUtils.java:logGet(46)) - raft.server.log.write.buffer.size = 8MB (=8388608) (default)
2023-11-20 19:26:42,740 [s3-impl-thread1] INFO  server.RaftServerConfigKeys (ConfUtils.java:logGet(46)) - raft.server.log.appender.buffer.byte-limit = 4MB (=4194304) (default)
2023-11-20 19:26:42,740 [s3-impl-thread1] INFO  server.RaftServerConfigKeys (ConfUtils.java:logGet(46)) - raft.server.log.unsafe-flush.enabled = false (default)
2023-11-20 19:26:42,740 [s3-impl-thread1] INFO  server.RaftServerConfigKeys (ConfUtils.java:logGet(46)) - raft.server.log.async-flush.enabled = false (default)
2023-11-20 19:26:42,740 [s3-impl-thread1] INFO  server.RaftServerConfigKeys (ConfUtils.java:logGet(46)) - raft.server.log.statemachine.data.caching.enabled = false (default)
2023-11-20 19:26:42,740 [s3-impl-thread1] INFO  segmented.SegmentedRaftLogWorker (SegmentedRaftLogWorker.java:lambda$new$0(134)) - s3@group-80861D532C92-SegmentedRaftLogWorker: flushIndex: setUnconditionally 0 -> -1
2023-11-20 19:26:42,740 [s3-impl-thread1] INFO  segmented.SegmentedRaftLogWorker (SegmentedRaftLogWorker.java:lambda$new$0(134)) - s3@group-80861D532C92-SegmentedRaftLogWorker: safeCacheEvictIndex: setUnconditionally 0 -> -1
2023-11-20 19:26:42,740 [s3-impl-thread1] INFO  server.RaftServer$Division (RaftServerImpl.java:start(392)) - s3@group-80861D532C92: start as a follower, conf=-1: peers:[s3, s4, s0|localhost:40297, s1|localhost:34209, s2|localhost:35445]|listeners:[], old=null
2023-11-20 19:26:42,740 [s3-impl-thread1] INFO  server.RaftServer$Division (RaftServerImpl.java:setRole(379)) - s3@group-80861D532C92: changes role from      null to FOLLOWER at term 0 for startAsFollower
2023-11-20 19:26:42,740 [s3-impl-thread1] INFO  impl.RoleInfo (RoleInfo.java:updateAndGet(139)) - s3: start s3@group-80861D532C92-FollowerState
2023-11-20 19:26:42,741 [s3@group-80861D532C92-FollowerState] INFO  server.RaftServerConfigKeys (ConfUtils.java:logFallback(53)) - raft.server.rpc.first-election.timeout.min = 150ms (fallback to raft.server.rpc.timeout.min)
2023-11-20 19:26:42,741 [s3@group-80861D532C92-FollowerState] INFO  server.RaftServerConfigKeys (ConfUtils.java:logFallback(53)) - raft.server.rpc.first-election.timeout.max = 300ms (fallback to raft.server.rpc.timeout.max)
2023-11-20 19:26:42,741 [s3-impl-thread1] INFO  util.JmxRegister (JmxRegister.java:tryRegister(44)) - Successfully registered JMX Bean with object name Ratis:service=RaftServer,group=group-80861D532C92,id=s3
2023-11-20 19:26:42,741 [s3-impl-thread1] INFO  server.RaftServerConfigKeys (ConfUtils.java:logGet(46)) - raft.server.snapshot.trigger-when-stop.enabled = true (default)
2023-11-20 19:26:42,741 [s3-impl-thread1] INFO  server.RaftServerConfigKeys (ConfUtils.java:logGet(46)) - raft.server.snapshot.auto.trigger.enabled = false (default)
2023-11-20 19:26:42,741 [s3-impl-thread1] INFO  server.RaftServerConfigKeys (ConfUtils.java:logGet(46)) - raft.server.snapshot.retention.file.num = -1 (default)
2023-11-20 19:26:42,741 [s3-impl-thread1] INFO  server.RaftServerConfigKeys (ConfUtils.java:logGet(46)) - raft.server.log.purge.upto.snapshot.index = false (default)
2023-11-20 19:26:42,741 [Time-limited test] INFO  server.RaftServer (RaftServerProxy.java:startImpl(406)) - s3: start RPC server
2023-11-20 19:26:42,742 [Time-limited test] INFO  server.GrpcService (GrpcService.java:startImpl(302)) - s3: GrpcService started, listening on 40989
2023-11-20 19:26:42,742 [JvmPauseMonitor12] INFO  util.JvmPauseMonitor (JvmPauseMonitor.java:run(146)) - JvmPauseMonitor-s3: Started
2023-11-20 19:26:42,742 [s4-impl-thread1] INFO  server.RaftServerConfigKeys (ConfUtils.java:logGet(46)) - raft.server.storage.free-space.min = 0MB (=0) (default)
2023-11-20 19:26:42,742 [s4-impl-thread1] INFO  server.RaftServerConfigKeys (ConfUtils.java:logGet(46)) - raft.server.log.corruption.policy = EXCEPTION (default)
2023-11-20 19:26:42,742 [s4-impl-thread1] INFO  server.RaftServerConfigKeys (ConfUtils.java:logGet(46)) - raft.server.storage.dir = [/home/runner/work/ratis/ratis/ratis-test/target/test/data/42d3a8b8/MiniRaftClusterWithGrpc43e5161/s4] (custom)
2023-11-20 19:26:42,742 [s4-impl-thread1] INFO  storage.RaftStorageDirectory (RaftStorageDirectoryImpl.java:analyzeStorage(138)) - The storage directory /home/runner/work/ratis/ratis/ratis-test/target/test/data/42d3a8b8/MiniRaftClusterWithGrpc43e5161/s4/cec2cddf-b3fc-46c2-a11a-80861d532c92 does not exist. Creating ...
2023-11-20 19:26:42,743 [s4-impl-thread1] TRACE util.FileUtils (LogUtils.java:runAndLog(49)) - Successfully ran Files.createDirectories /home/runner/work/ratis/ratis/ratis-test/target/test/data/42d3a8b8/MiniRaftClusterWithGrpc43e5161/s4/cec2cddf-b3fc-46c2-a11a-80861d532c92
2023-11-20 19:26:42,743 [s4-impl-thread1] INFO  storage.RaftStorageDirectory (RaftStorageDirectoryImpl.java:tryLock(232)) - Lock on /home/runner/work/ratis/ratis/ratis-test/target/test/data/42d3a8b8/MiniRaftClusterWithGrpc43e5161/s4/cec2cddf-b3fc-46c2-a11a-80861d532c92/in_use.lock acquired by nodename 4652@fv-az1023-122
2023-11-20 19:26:42,743 [s4-impl-thread1] TRACE util.FileUtils (LogUtils.java:runAndLog(49)) - Successfully ran Files.createDirectories /home/runner/work/ratis/ratis/ratis-test/target/test/data/42d3a8b8/MiniRaftClusterWithGrpc43e5161/s4/cec2cddf-b3fc-46c2-a11a-80861d532c92/current
2023-11-20 19:26:42,743 [s4-impl-thread1] TRACE util.FileUtils (LogUtils.java:runAndLog(49)) - Successfully ran Files.createDirectories /home/runner/work/ratis/ratis/ratis-test/target/test/data/42d3a8b8/MiniRaftClusterWithGrpc43e5161/s4/cec2cddf-b3fc-46c2-a11a-80861d532c92/sm
2023-11-20 19:26:42,744 [s4-impl-thread1] TRACE util.FileUtils (LogUtils.java:supplyAndLog(69)) - Successfully supplied FileChannel.open /home/runner/work/ratis/ratis/ratis-test/target/test/data/42d3a8b8/MiniRaftClusterWithGrpc43e5161/s4/cec2cddf-b3fc-46c2-a11a-80861d532c92/current/raft-meta.tmp with options [CREATE, WRITE]: sun.nio.ch.FileChannelImpl@2f48d126
2023-11-20 19:26:42,744 [s4-impl-thread1] TRACE util.FileUtils (LogUtils.java:runAndLog(49)) - Successfully ran Atomic Files.move /home/runner/work/ratis/ratis/ratis-test/target/test/data/42d3a8b8/MiniRaftClusterWithGrpc43e5161/s4/cec2cddf-b3fc-46c2-a11a-80861d532c92/current/raft-meta.tmp to /home/runner/work/ratis/ratis/ratis-test/target/test/data/42d3a8b8/MiniRaftClusterWithGrpc43e5161/s4/cec2cddf-b3fc-46c2-a11a-80861d532c92/current/raft-meta with options [REPLACE_EXISTING]
2023-11-20 19:26:42,744 [s4-impl-thread1] INFO  storage.RaftStorage (RaftStorageImpl.java:format(99)) - Storage directory /home/runner/work/ratis/ratis/ratis-test/target/test/data/42d3a8b8/MiniRaftClusterWithGrpc43e5161/s4/cec2cddf-b3fc-46c2-a11a-80861d532c92 has been successfully formatted.
2023-11-20 19:26:42,744 [s4-impl-thread1] TRACE util.FileUtils (LogUtils.java:supplyAndLog(61)) - Failed to Files.newInputStream /home/runner/work/ratis/ratis/ratis-test/target/test/data/42d3a8b8/MiniRaftClusterWithGrpc43e5161/s4/cec2cddf-b3fc-46c2-a11a-80861d532c92/current/raft-meta.conf with options []
java.nio.file.NoSuchFileException: /home/runner/work/ratis/ratis/ratis-test/target/test/data/42d3a8b8/MiniRaftClusterWithGrpc43e5161/s4/cec2cddf-b3fc-46c2-a11a-80861d532c92/current/raft-meta.conf
	at java.base/sun.nio.fs.UnixException.translateToIOException(UnixException.java:92)
	at java.base/sun.nio.fs.UnixException.rethrowAsIOException(UnixException.java:111)
	at java.base/sun.nio.fs.UnixException.rethrowAsIOException(UnixException.java:116)
	at java.base/sun.nio.fs.UnixFileSystemProvider.newByteChannel(UnixFileSystemProvider.java:219)
	at java.base/java.nio.file.Files.newByteChannel(Files.java:371)
	at java.base/java.nio.file.Files.newByteChannel(Files.java:422)
	at java.base/java.nio.file.spi.FileSystemProvider.newInputStream(FileSystemProvider.java:420)
	at java.base/java.nio.file.Files.newInputStream(Files.java:156)
	at org.apache.ratis.util.FileUtils.lambda$newInputStream$2(FileUtils.java:73)
	at org.apache.ratis.util.LogUtils.supplyAndLog(LogUtils.java:58)
	at org.apache.ratis.util.FileUtils.newInputStream(FileUtils.java:72)
	at org.apache.ratis.util.FileUtils.newInputStream(FileUtils.java:68)
	at org.apache.ratis.server.storage.RaftStorageImpl.readRaftConfiguration(RaftStorageImpl.java:156)
	at org.apache.ratis.server.impl.ServerState.initialize(ServerState.java:141)
	at org.apache.ratis.server.impl.RaftServerImpl.start(RaftServerImpl.java:388)
	at org.apache.ratis.util.ConcurrentUtils.accept(ConcurrentUtils.java:203)
	at org.apache.ratis.util.ConcurrentUtils.lambda$parallelForEachAsync$4(ConcurrentUtils.java:182)
	at java.base/java.util.concurrent.ThreadPoolExecutor.runWorker(ThreadPoolExecutor.java:1128)
	at java.base/java.util.concurrent.ThreadPoolExecutor$Worker.run(ThreadPoolExecutor.java:628)
	at java.base/java.lang.Thread.run(Thread.java:829)
2023-11-20 19:26:42,744 [s4-impl-thread1] INFO  impl.SimpleStateMachine4Testing (SimpleStateMachine4Testing.java:initialize(213)) - Initializing SimpleStateMachine4Testing:uninitialized
2023-11-20 19:26:42,745 [s4-impl-thread1] INFO  impl.SimpleStateMachine4Testing (SimpleStateMachine4Testing.java:loadSnapshot(296)) - Loading snapshot null
2023-11-20 19:26:42,745 [s4-impl-thread1] INFO  server.RaftServerConfigKeys (ConfUtils.java:logGet(46)) - raft.server.log.use.memory = false (default)
2023-11-20 19:26:42,745 [s4-impl-thread1] INFO  server.RaftServerConfigKeys (ConfUtils.java:logGet(46)) - raft.server.log.purge.gap = 1024 (default)
2023-11-20 19:26:42,745 [s4-impl-thread1] INFO  server.RaftServerConfigKeys (ConfUtils.java:logGet(46)) - raft.server.log.appender.buffer.byte-limit = 4MB (=4194304) (default)
2023-11-20 19:26:42,745 [s4-impl-thread1] INFO  server.RaftServerConfigKeys (ConfUtils.java:logGet(46)) - raft.server.log.statemachine.data.read.timeout = 1000ms (default)
2023-11-20 19:26:42,745 [s4-impl-thread1] INFO  server.RaftServerConfigKeys (ConfUtils.java:logGet(46)) - raft.server.log.purge.preservation.log.num = 0 (default)
2023-11-20 19:26:42,745 [s4-impl-thread1] INFO  server.RaftServerConfigKeys (ConfUtils.java:logGet(46)) - raft.server.log.segment.size.max = 32MB (=33554432) (default)
2023-11-20 19:26:42,745 [s4-impl-thread1] INFO  server.RaftServerConfigKeys (ConfUtils.java:logGet(46)) - raft.server.log.segment.cache.num.max = 6 (default)
2023-11-20 19:26:42,745 [s4-impl-thread1] INFO  server.RaftServerConfigKeys (ConfUtils.java:logGet(46)) - raft.server.log.segment.cache.size.max = 200MB (=209715200) (default)
2023-11-20 19:26:42,745 [s4-impl-thread1] INFO  server.RaftServerConfigKeys (ConfUtils.java:logGet(46)) - raft.server.log.appender.buffer.byte-limit = 4MB (=4194304) (default)
2023-11-20 19:26:42,745 [s4-impl-thread1] INFO  util.AwaitToRun (AwaitToRun.java:start(81)) - Thread[s4@group-80861D532C92-cacheEviction-AwaitToRun,5,main] started
2023-11-20 19:26:42,745 [s4-impl-thread1] INFO  segmented.SegmentedRaftLogWorker (SegmentedRaftLogWorker.java:<init>(182)) - new s4@group-80861D532C92-SegmentedRaftLogWorker for RaftStorageImpl:Storage Directory /home/runner/work/ratis/ratis/ratis-test/target/test/data/42d3a8b8/MiniRaftClusterWithGrpc43e5161/s4/cec2cddf-b3fc-46c2-a11a-80861d532c92
2023-11-20 19:26:42,745 [s4-impl-thread1] INFO  server.RaftServerConfigKeys (ConfUtils.java:logGet(46)) - raft.server.log.queue.byte-limit = 64MB (=67108864) (default)
2023-11-20 19:26:42,745 [s4-impl-thread1] INFO  server.RaftServerConfigKeys (ConfUtils.java:logGet(46)) - raft.server.log.queue.element-limit = 4096 (default)
2023-11-20 19:26:42,745 [s4-impl-thread1] INFO  server.RaftServerConfigKeys (ConfUtils.java:logGet(46)) - raft.server.log.segment.size.max = 32MB (=33554432) (default)
2023-11-20 19:26:42,745 [s4-impl-thread1] INFO  server.RaftServerConfigKeys (ConfUtils.java:logGet(46)) - raft.server.log.preallocated.size = 4MB (=4194304) (default)
2023-11-20 19:26:42,745 [s4-impl-thread1] INFO  server.RaftServerConfigKeys (ConfUtils.java:logGet(46)) - raft.server.log.force.sync.num = 128 (default)
2023-11-20 19:26:42,745 [s4-impl-thread1] INFO  server.RaftServerConfigKeys (ConfUtils.java:logGet(46)) - raft.server.log.statemachine.data.sync = true (default)
2023-11-20 19:26:42,746 [s4-impl-thread1] INFO  server.RaftServerConfigKeys (ConfUtils.java:logGet(46)) - raft.server.log.statemachine.data.sync.timeout = 10s (default)
2023-11-20 19:26:42,746 [s4-impl-thread1] INFO  server.RaftServerConfigKeys (ConfUtils.java:logGet(46)) - raft.server.log.statemachine.data.sync.timeout.retry = -1 (default)
2023-11-20 19:26:42,746 [s4-impl-thread1] INFO  server.RaftServerConfigKeys (ConfUtils.java:logGet(46)) - raft.server.log.write.buffer.size = 8MB (=8388608) (default)
2023-11-20 19:26:42,747 [s4-impl-thread1] INFO  server.RaftServerConfigKeys (ConfUtils.java:logGet(46)) - raft.server.log.appender.buffer.byte-limit = 4MB (=4194304) (default)
2023-11-20 19:26:42,747 [s4-impl-thread1] INFO  server.RaftServerConfigKeys (ConfUtils.java:logGet(46)) - raft.server.log.unsafe-flush.enabled = false (default)
2023-11-20 19:26:42,747 [s4-impl-thread1] INFO  server.RaftServerConfigKeys (ConfUtils.java:logGet(46)) - raft.server.log.async-flush.enabled = false (default)
2023-11-20 19:26:42,747 [s4-impl-thread1] INFO  server.RaftServerConfigKeys (ConfUtils.java:logGet(46)) - raft.server.log.statemachine.data.caching.enabled = false (default)
2023-11-20 19:26:42,747 [s4-impl-thread1] INFO  segmented.SegmentedRaftLogWorker (SegmentedRaftLogWorker.java:lambda$new$0(134)) - s4@group-80861D532C92-SegmentedRaftLogWorker: flushIndex: setUnconditionally 0 -> -1
2023-11-20 19:26:42,747 [s4-impl-thread1] INFO  segmented.SegmentedRaftLogWorker (SegmentedRaftLogWorker.java:lambda$new$0(134)) - s4@group-80861D532C92-SegmentedRaftLogWorker: safeCacheEvictIndex: setUnconditionally 0 -> -1
2023-11-20 19:26:42,747 [s4-impl-thread1] INFO  server.RaftServer$Division (RaftServerImpl.java:start(392)) - s4@group-80861D532C92: start as a follower, conf=-1: peers:[s3, s4, s0|localhost:40297, s1|localhost:34209, s2|localhost:35445]|listeners:[], old=null
2023-11-20 19:26:42,747 [s4-impl-thread1] INFO  server.RaftServer$Division (RaftServerImpl.java:setRole(379)) - s4@group-80861D532C92: changes role from      null to FOLLOWER at term 0 for startAsFollower
2023-11-20 19:26:42,747 [s4-impl-thread1] INFO  impl.RoleInfo (RoleInfo.java:updateAndGet(139)) - s4: start s4@group-80861D532C92-FollowerState
2023-11-20 19:26:42,748 [s4@group-80861D532C92-FollowerState] INFO  server.RaftServerConfigKeys (ConfUtils.java:logFallback(53)) - raft.server.rpc.first-election.timeout.min = 150ms (fallback to raft.server.rpc.timeout.min)
2023-11-20 19:26:42,748 [s4@group-80861D532C92-FollowerState] INFO  server.RaftServerConfigKeys (ConfUtils.java:logFallback(53)) - raft.server.rpc.first-election.timeout.max = 300ms (fallback to raft.server.rpc.timeout.max)
2023-11-20 19:26:42,748 [s4-impl-thread1] INFO  util.JmxRegister (JmxRegister.java:tryRegister(44)) - Successfully registered JMX Bean with object name Ratis:service=RaftServer,group=group-80861D532C92,id=s4
2023-11-20 19:26:42,748 [s4-impl-thread1] INFO  server.RaftServerConfigKeys (ConfUtils.java:logGet(46)) - raft.server.snapshot.trigger-when-stop.enabled = true (default)
2023-11-20 19:26:42,748 [s4-impl-thread1] INFO  server.RaftServerConfigKeys (ConfUtils.java:logGet(46)) - raft.server.snapshot.auto.trigger.enabled = false (default)
2023-11-20 19:26:42,748 [s4-impl-thread1] INFO  server.RaftServerConfigKeys (ConfUtils.java:logGet(46)) - raft.server.snapshot.retention.file.num = -1 (default)
2023-11-20 19:26:42,748 [s4-impl-thread1] INFO  server.RaftServerConfigKeys (ConfUtils.java:logGet(46)) - raft.server.log.purge.upto.snapshot.index = false (default)
2023-11-20 19:26:42,749 [Time-limited test] INFO  server.RaftServer (RaftServerProxy.java:startImpl(406)) - s4: start RPC server
2023-11-20 19:26:42,750 [Time-limited test] INFO  server.GrpcService (GrpcService.java:startImpl(302)) - s4: GrpcService started, listening on 46829
2023-11-20 19:26:42,750 [JvmPauseMonitor13] INFO  util.JvmPauseMonitor (JvmPauseMonitor.java:run(146)) - JvmPauseMonitor-s4: Started
2023-11-20 19:26:42,751 [grpc-default-executor-2] ERROR impl.OrderedAsync (OrderedAsync.java:lambda$sendRequest$9(247)) - client-E9C94F68C118: Failed* RaftClientRequest:client-E9C94F68C118->s0@group-F61A228DBE4A, cid=6, seq=1*, Watch(0), null
java.util.concurrent.CompletionException: java.io.IOException: org.apache.ratis.thirdparty.io.grpc.StatusRuntimeException: UNAVAILABLE: io exception
	at java.base/java.util.concurrent.CompletableFuture.encodeThrowable(CompletableFuture.java:331)
	at java.base/java.util.concurrent.CompletableFuture.completeThrowable(CompletableFuture.java:346)
	at java.base/java.util.concurrent.CompletableFuture$UniApply.tryFire(CompletableFuture.java:632)
	at java.base/java.util.concurrent.CompletableFuture.postComplete(CompletableFuture.java:506)
	at java.base/java.util.concurrent.CompletableFuture.completeExceptionally(CompletableFuture.java:2094)
	at org.apache.ratis.grpc.client.GrpcClientProtocolClient$AsyncStreamObservers.completeReplyExceptionally(GrpcClientProtocolClient.java:394)
	at org.apache.ratis.grpc.client.GrpcClientProtocolClient$AsyncStreamObservers.access$000(GrpcClientProtocolClient.java:300)
	at org.apache.ratis.grpc.client.GrpcClientProtocolClient$AsyncStreamObservers$1.onError(GrpcClientProtocolClient.java:331)
	at org.apache.ratis.thirdparty.io.grpc.stub.ClientCalls$StreamObserverToCallListenerAdapter.onClose(ClientCalls.java:481)
	at org.apache.ratis.thirdparty.io.grpc.PartialForwardingClientCallListener.onClose(PartialForwardingClientCallListener.java:39)
	at org.apache.ratis.thirdparty.io.grpc.ForwardingClientCallListener.onClose(ForwardingClientCallListener.java:23)
	at org.apache.ratis.grpc.metrics.intercept.client.MetricClientCallListener.onClose(MetricClientCallListener.java:47)
	at org.apache.ratis.thirdparty.io.grpc.internal.DelayedClientCall$DelayedListener$3.run(DelayedClientCall.java:489)
	at org.apache.ratis.thirdparty.io.grpc.internal.DelayedClientCall$DelayedListener.delayOrExecute(DelayedClientCall.java:453)
	at org.apache.ratis.thirdparty.io.grpc.internal.DelayedClientCall$DelayedListener.onClose(DelayedClientCall.java:486)
	at org.apache.ratis.thirdparty.io.grpc.internal.ClientCallImpl.closeObserver(ClientCallImpl.java:567)
	at org.apache.ratis.thirdparty.io.grpc.internal.ClientCallImpl.access$300(ClientCallImpl.java:71)
	at org.apache.ratis.thirdparty.io.grpc.internal.ClientCallImpl$ClientStreamListenerImpl$1StreamClosed.runInternal(ClientCallImpl.java:735)
	at org.apache.ratis.thirdparty.io.grpc.internal.ClientCallImpl$ClientStreamListenerImpl$1StreamClosed.runInContext(ClientCallImpl.java:716)
	at org.apache.ratis.thirdparty.io.grpc.internal.ContextRunnable.run(ContextRunnable.java:37)
	at org.apache.ratis.thirdparty.io.grpc.internal.SerializingExecutor.run(SerializingExecutor.java:133)
	at java.base/java.util.concurrent.ThreadPoolExecutor.runWorker(ThreadPoolExecutor.java:1128)
	at java.base/java.util.concurrent.ThreadPoolExecutor$Worker.run(ThreadPoolExecutor.java:628)
	at java.base/java.lang.Thread.run(Thread.java:829)
Caused by: java.io.IOException: org.apache.ratis.thirdparty.io.grpc.StatusRuntimeException: UNAVAILABLE: io exception
	at org.apache.ratis.grpc.GrpcUtil.unwrapException(GrpcUtil.java:99)
	at org.apache.ratis.grpc.GrpcUtil.unwrapIOException(GrpcUtil.java:159)
	at org.apache.ratis.grpc.client.GrpcClientProtocolClient$AsyncStreamObservers$1.onError(GrpcClientProtocolClient.java:330)
	... 16 more
Caused by: org.apache.ratis.thirdparty.io.grpc.StatusRuntimeException: UNAVAILABLE: io exception
	at org.apache.ratis.thirdparty.io.grpc.Status.asRuntimeException(Status.java:537)
	... 16 more
Caused by: org.apache.ratis.thirdparty.io.netty.channel.AbstractChannel$AnnotatedConnectException: finishConnect(..) failed: Connection refused: localhost/127.0.0.1:37411
Caused by: java.net.ConnectException: finishConnect(..) failed: Connection refused
	at org.apache.ratis.thirdparty.io.netty.channel.unix.Errors.newConnectException0(Errors.java:166)
	at org.apache.ratis.thirdparty.io.netty.channel.unix.Errors.handleConnectErrno(Errors.java:131)
	at org.apache.ratis.thirdparty.io.netty.channel.unix.Socket.finishConnect(Socket.java:359)
	at org.apache.ratis.thirdparty.io.netty.channel.epoll.AbstractEpollChannel$AbstractEpollUnsafe.doFinishConnect(AbstractEpollChannel.java:710)
	at org.apache.ratis.thirdparty.io.netty.channel.epoll.AbstractEpollChannel$AbstractEpollUnsafe.finishConnect(AbstractEpollChannel.java:687)
	at org.apache.ratis.thirdparty.io.netty.channel.epoll.AbstractEpollChannel$AbstractEpollUnsafe.epollOutReady(AbstractEpollChannel.java:567)
	at org.apache.ratis.thirdparty.io.netty.channel.epoll.EpollEventLoop.processReady(EpollEventLoop.java:499)
	at org.apache.ratis.thirdparty.io.netty.channel.epoll.EpollEventLoop.run(EpollEventLoop.java:407)
	at org.apache.ratis.thirdparty.io.netty.util.concurrent.SingleThreadEventExecutor$4.run(SingleThreadEventExecutor.java:997)
	at org.apache.ratis.thirdparty.io.netty.util.internal.ThreadExecutorMap$2.run(ThreadExecutorMap.java:74)
	at org.apache.ratis.thirdparty.io.netty.util.concurrent.FastThreadLocalRunnable.run(FastThreadLocalRunnable.java:30)
	at java.base/java.lang.Thread.run(Thread.java:829)
2023-11-20 19:26:42,751 [Time-limited test] INFO  server.RaftServerConfigKeys (ConfUtils.java:logGet(46)) - raft.server.rpc.timeout.max = 300ms (default)
2023-11-20 19:26:42,752 [Time-limited test] INFO  ratis.RaftTestUtil (RaftTestUtil.java:waitForLeader(100)) - printing ALL groups
  s3:  RUNNING  FOLLOWER s3@group-80861D532C92:t0, leader=null, voted=, raftlog=Memoized:s3@group-80861D532C92-SegmentedRaftLog:OPENED:c-1, conf=-1: peers:[s3, s4, s0|localhost:40297, s1|localhost:34209, s2|localhost:35445]|listeners:[], old=null RUNNING
  s4:  RUNNING  FOLLOWER s4@group-80861D532C92:t0, leader=null, voted=, raftlog=Memoized:s4@group-80861D532C92-SegmentedRaftLog:OPENED:c-1, conf=-1: peers:[s3, s4, s0|localhost:40297, s1|localhost:34209, s2|localhost:35445]|listeners:[], old=null RUNNING
  s0:  RUNNING  FOLLOWER s0@group-80861D532C92:t1, leader=s1, voted=s1, raftlog=Memoized:s0@group-80861D532C92-SegmentedRaftLog:OPENED:c3, conf=0: peers:[s0|localhost:40297, s1|localhost:34209, s2|localhost:35445]|listeners:[], old=null RUNNING
  s1:  RUNNING    LEADER s1@group-80861D532C92:t1, leader=s1, voted=s1, raftlog=Memoized:s1@group-80861D532C92-SegmentedRaftLog:OPENED:c4, conf=0: peers:[s0|localhost:40297, s1|localhost:34209, s2|localhost:35445]|listeners:[], old=null RUNNING
  s2:  RUNNING  FOLLOWER s2@group-80861D532C92:t1, leader=s1, voted=s1, raftlog=Memoized:s2@group-80861D532C92-SegmentedRaftLog:OPENED:c3, conf=0: peers:[s0|localhost:40297, s1|localhost:34209, s2|localhost:35445]|listeners:[], old=null RUNNING
2023-11-20 19:26:42,752 [Time-limited test] INFO  ratis.RaftTestUtil (RaftTestUtil.java:waitForLeader(119)) - printing ALL groups
  s3:  RUNNING  FOLLOWER s3@group-80861D532C92:t0, leader=null, voted=, raftlog=Memoized:s3@group-80861D532C92-SegmentedRaftLog:OPENED:c-1, conf=-1: peers:[s3, s4, s0|localhost:40297, s1|localhost:34209, s2|localhost:35445]|listeners:[], old=null RUNNING
  s4:  RUNNING  FOLLOWER s4@group-80861D532C92:t0, leader=null, voted=, raftlog=Memoized:s4@group-80861D532C92-SegmentedRaftLog:OPENED:c-1, conf=-1: peers:[s3, s4, s0|localhost:40297, s1|localhost:34209, s2|localhost:35445]|listeners:[], old=null RUNNING
  s0:  RUNNING  FOLLOWER s0@group-80861D532C92:t1, leader=s1, voted=s1, raftlog=Memoized:s0@group-80861D532C92-SegmentedRaftLog:OPENED:c3, conf=0: peers:[s0|localhost:40297, s1|localhost:34209, s2|localhost:35445]|listeners:[], old=null RUNNING
  s1:  RUNNING    LEADER s1@group-80861D532C92:t1, leader=s1, voted=s1, raftlog=Memoized:s1@group-80861D532C92-SegmentedRaftLog:OPENED:c4, conf=0: peers:[s0|localhost:40297, s1|localhost:34209, s2|localhost:35445]|listeners:[], old=null RUNNING
  s2:  RUNNING  FOLLOWER s2@group-80861D532C92:t1, leader=s1, voted=s1, raftlog=Memoized:s2@group-80861D532C92-SegmentedRaftLog:OPENED:c3, conf=0: peers:[s0|localhost:40297, s1|localhost:34209, s2|localhost:35445]|listeners:[], old=null RUNNING
2023-11-20 19:26:42,753 [Time-limited test] INFO  impl.MiniRaftCluster (MiniRaftCluster.java:setConfiguration(819)) - Start changing the configuration: [s3|0.0.0.0:40989, s4|0.0.0.0:46829, s0|localhost:40297, s1|localhost:34209, s2|localhost:35445]
2023-11-20 19:26:42,762 [s3-server-thread1] INFO  server.RaftServer$Division (RaftServerImpl.java:setConfigurationAsync(1264)) - s3@group-80861D532C92: receive setConfiguration SetConfigurationRequest:client-05EE4BC9FC32->s3@group-80861D532C92, cid=14, seq=null, RW, null, SET_UNCONDITIONALLY, servers:[s3|0.0.0.0:40989, s4|0.0.0.0:46829, s0|localhost:40297, s1|localhost:34209, s2|localhost:35445], listeners:[]
2023-11-20 19:26:42,855 [grpc-default-executor-4] ERROR impl.OrderedAsync (OrderedAsync.java:lambda$sendRequest$9(247)) - client-E9C94F68C118: Failed* RaftClientRequest:client-E9C94F68C118->s2@group-F61A228DBE4A, cid=6, seq=1*, Watch(0), null
java.util.concurrent.CompletionException: java.io.IOException: org.apache.ratis.thirdparty.io.grpc.StatusRuntimeException: UNAVAILABLE: io exception
	at java.base/java.util.concurrent.CompletableFuture.encodeThrowable(CompletableFuture.java:331)
	at java.base/java.util.concurrent.CompletableFuture.completeThrowable(CompletableFuture.java:346)
	at java.base/java.util.concurrent.CompletableFuture$UniApply.tryFire(CompletableFuture.java:632)
	at java.base/java.util.concurrent.CompletableFuture.postComplete(CompletableFuture.java:506)
	at java.base/java.util.concurrent.CompletableFuture.completeExceptionally(CompletableFuture.java:2094)
	at org.apache.ratis.grpc.client.GrpcClientProtocolClient$AsyncStreamObservers.completeReplyExceptionally(GrpcClientProtocolClient.java:394)
	at org.apache.ratis.grpc.client.GrpcClientProtocolClient$AsyncStreamObservers.access$000(GrpcClientProtocolClient.java:300)
	at org.apache.ratis.grpc.client.GrpcClientProtocolClient$AsyncStreamObservers$1.onError(GrpcClientProtocolClient.java:331)
	at org.apache.ratis.thirdparty.io.grpc.stub.ClientCalls$StreamObserverToCallListenerAdapter.onClose(ClientCalls.java:481)
	at org.apache.ratis.thirdparty.io.grpc.PartialForwardingClientCallListener.onClose(PartialForwardingClientCallListener.java:39)
	at org.apache.ratis.thirdparty.io.grpc.ForwardingClientCallListener.onClose(ForwardingClientCallListener.java:23)
	at org.apache.ratis.grpc.metrics.intercept.client.MetricClientCallListener.onClose(MetricClientCallListener.java:47)
	at org.apache.ratis.thirdparty.io.grpc.internal.DelayedClientCall$DelayedListener$3.run(DelayedClientCall.java:489)
	at org.apache.ratis.thirdparty.io.grpc.internal.DelayedClientCall$DelayedListener.delayOrExecute(DelayedClientCall.java:453)
	at org.apache.ratis.thirdparty.io.grpc.internal.DelayedClientCall$DelayedListener.onClose(DelayedClientCall.java:486)
	at org.apache.ratis.thirdparty.io.grpc.internal.ClientCallImpl.closeObserver(ClientCallImpl.java:567)
	at org.apache.ratis.thirdparty.io.grpc.internal.ClientCallImpl.access$300(ClientCallImpl.java:71)
	at org.apache.ratis.thirdparty.io.grpc.internal.ClientCallImpl$ClientStreamListenerImpl$1StreamClosed.runInternal(ClientCallImpl.java:735)
	at org.apache.ratis.thirdparty.io.grpc.internal.ClientCallImpl$ClientStreamListenerImpl$1StreamClosed.runInContext(ClientCallImpl.java:716)
	at org.apache.ratis.thirdparty.io.grpc.internal.ContextRunnable.run(ContextRunnable.java:37)
	at org.apache.ratis.thirdparty.io.grpc.internal.SerializingExecutor.run(SerializingExecutor.java:133)
	at java.base/java.util.concurrent.ThreadPoolExecutor.runWorker(ThreadPoolExecutor.java:1128)
	at java.base/java.util.concurrent.ThreadPoolExecutor$Worker.run(ThreadPoolExecutor.java:628)
	at java.base/java.lang.Thread.run(Thread.java:829)
Caused by: java.io.IOException: org.apache.ratis.thirdparty.io.grpc.StatusRuntimeException: UNAVAILABLE: io exception
	at org.apache.ratis.grpc.GrpcUtil.unwrapException(GrpcUtil.java:99)
	at org.apache.ratis.grpc.GrpcUtil.unwrapIOException(GrpcUtil.java:159)
	at org.apache.ratis.grpc.client.GrpcClientProtocolClient$AsyncStreamObservers$1.onError(GrpcClientProtocolClient.java:330)
	... 16 more
Caused by: org.apache.ratis.thirdparty.io.grpc.StatusRuntimeException: UNAVAILABLE: io exception
	at org.apache.ratis.thirdparty.io.grpc.Status.asRuntimeException(Status.java:537)
	... 16 more
Caused by: org.apache.ratis.thirdparty.io.netty.channel.AbstractChannel$AnnotatedConnectException: finishConnect(..) failed: Connection refused: localhost/127.0.0.1:43097
Caused by: java.net.ConnectException: finishConnect(..) failed: Connection refused
	at org.apache.ratis.thirdparty.io.netty.channel.unix.Errors.newConnectException0(Errors.java:166)
	at org.apache.ratis.thirdparty.io.netty.channel.unix.Errors.handleConnectErrno(Errors.java:131)
	at org.apache.ratis.thirdparty.io.netty.channel.unix.Socket.finishConnect(Socket.java:359)
	at org.apache.ratis.thirdparty.io.netty.channel.epoll.AbstractEpollChannel$AbstractEpollUnsafe.doFinishConnect(AbstractEpollChannel.java:710)
	at org.apache.ratis.thirdparty.io.netty.channel.epoll.AbstractEpollChannel$AbstractEpollUnsafe.finishConnect(AbstractEpollChannel.java:687)
	at org.apache.ratis.thirdparty.io.netty.channel.epoll.AbstractEpollChannel$AbstractEpollUnsafe.epollOutReady(AbstractEpollChannel.java:567)
	at org.apache.ratis.thirdparty.io.netty.channel.epoll.EpollEventLoop.processReady(EpollEventLoop.java:499)
	at org.apache.ratis.thirdparty.io.netty.channel.epoll.EpollEventLoop.run(EpollEventLoop.java:407)
	at org.apache.ratis.thirdparty.io.netty.util.concurrent.SingleThreadEventExecutor$4.run(SingleThreadEventExecutor.java:997)
	at org.apache.ratis.thirdparty.io.netty.util.internal.ThreadExecutorMap$2.run(ThreadExecutorMap.java:74)
	at org.apache.ratis.thirdparty.io.netty.util.concurrent.FastThreadLocalRunnable.run(FastThreadLocalRunnable.java:30)
	at java.base/java.lang.Thread.run(Thread.java:829)
2023-11-20 19:26:42,869 [s4-server-thread1] INFO  server.RaftServer$Division (RaftServerImpl.java:setConfigurationAsync(1264)) - s4@group-80861D532C92: receive setConfiguration SetConfigurationRequest:client-05EE4BC9FC32->s4@group-80861D532C92, cid=14, seq=null, RW, null, SET_UNCONDITIONALLY, servers:[s3|0.0.0.0:40989, s4|0.0.0.0:46829, s0|localhost:40297, s1|localhost:34209, s2|localhost:35445], listeners:[]
2023-11-20 19:26:42,957 [grpc-default-executor-4] ERROR impl.OrderedAsync (OrderedAsync.java:lambda$sendRequest$9(247)) - client-E9C94F68C118: Failed* RaftClientRequest:client-E9C94F68C118->s1@group-F61A228DBE4A, cid=6, seq=1*, Watch(0), null
java.util.concurrent.CompletionException: java.io.IOException: org.apache.ratis.thirdparty.io.grpc.StatusRuntimeException: UNAVAILABLE: io exception
	at java.base/java.util.concurrent.CompletableFuture.encodeThrowable(CompletableFuture.java:331)
	at java.base/java.util.concurrent.CompletableFuture.completeThrowable(CompletableFuture.java:346)
	at java.base/java.util.concurrent.CompletableFuture$UniApply.tryFire(CompletableFuture.java:632)
	at java.base/java.util.concurrent.CompletableFuture.postComplete(CompletableFuture.java:506)
	at java.base/java.util.concurrent.CompletableFuture.completeExceptionally(CompletableFuture.java:2094)
	at org.apache.ratis.grpc.client.GrpcClientProtocolClient$AsyncStreamObservers.completeReplyExceptionally(GrpcClientProtocolClient.java:394)
	at org.apache.ratis.grpc.client.GrpcClientProtocolClient$AsyncStreamObservers.access$000(GrpcClientProtocolClient.java:300)
	at org.apache.ratis.grpc.client.GrpcClientProtocolClient$AsyncStreamObservers$1.onError(GrpcClientProtocolClient.java:331)
	at org.apache.ratis.thirdparty.io.grpc.stub.ClientCalls$StreamObserverToCallListenerAdapter.onClose(ClientCalls.java:481)
	at org.apache.ratis.thirdparty.io.grpc.PartialForwardingClientCallListener.onClose(PartialForwardingClientCallListener.java:39)
	at org.apache.ratis.thirdparty.io.grpc.ForwardingClientCallListener.onClose(ForwardingClientCallListener.java:23)
	at org.apache.ratis.grpc.metrics.intercept.client.MetricClientCallListener.onClose(MetricClientCallListener.java:47)
	at org.apache.ratis.thirdparty.io.grpc.internal.DelayedClientCall$DelayedListener$3.run(DelayedClientCall.java:489)
	at org.apache.ratis.thirdparty.io.grpc.internal.DelayedClientCall$DelayedListener.delayOrExecute(DelayedClientCall.java:453)
	at org.apache.ratis.thirdparty.io.grpc.internal.DelayedClientCall$DelayedListener.onClose(DelayedClientCall.java:486)
	at org.apache.ratis.thirdparty.io.grpc.internal.ClientCallImpl.closeObserver(ClientCallImpl.java:567)
	at org.apache.ratis.thirdparty.io.grpc.internal.ClientCallImpl.access$300(ClientCallImpl.java:71)
	at org.apache.ratis.thirdparty.io.grpc.internal.ClientCallImpl$ClientStreamListenerImpl$1StreamClosed.runInternal(ClientCallImpl.java:735)
	at org.apache.ratis.thirdparty.io.grpc.internal.ClientCallImpl$ClientStreamListenerImpl$1StreamClosed.runInContext(ClientCallImpl.java:716)
	at org.apache.ratis.thirdparty.io.grpc.internal.ContextRunnable.run(ContextRunnable.java:37)
	at org.apache.ratis.thirdparty.io.grpc.internal.SerializingExecutor.run(SerializingExecutor.java:133)
	at java.base/java.util.concurrent.ThreadPoolExecutor.runWorker(ThreadPoolExecutor.java:1128)
	at java.base/java.util.concurrent.ThreadPoolExecutor$Worker.run(ThreadPoolExecutor.java:628)
	at java.base/java.lang.Thread.run(Thread.java:829)
Caused by: java.io.IOException: org.apache.ratis.thirdparty.io.grpc.StatusRuntimeException: UNAVAILABLE: io exception
	at org.apache.ratis.grpc.GrpcUtil.unwrapException(GrpcUtil.java:99)
	at org.apache.ratis.grpc.GrpcUtil.unwrapIOException(GrpcUtil.java:159)
	at org.apache.ratis.grpc.client.GrpcClientProtocolClient$AsyncStreamObservers$1.onError(GrpcClientProtocolClient.java:330)
	... 16 more
Caused by: org.apache.ratis.thirdparty.io.grpc.StatusRuntimeException: UNAVAILABLE: io exception
	at org.apache.ratis.thirdparty.io.grpc.Status.asRuntimeException(Status.java:537)
	... 16 more
Caused by: org.apache.ratis.thirdparty.io.netty.channel.AbstractChannel$AnnotatedConnectException: finishConnect(..) failed: Connection refused: localhost/127.0.0.1:46099
Caused by: java.net.ConnectException: finishConnect(..) failed: Connection refused
	at org.apache.ratis.thirdparty.io.netty.channel.unix.Errors.newConnectException0(Errors.java:166)
	at org.apache.ratis.thirdparty.io.netty.channel.unix.Errors.handleConnectErrno(Errors.java:131)
	at org.apache.ratis.thirdparty.io.netty.channel.unix.Socket.finishConnect(Socket.java:359)
	at org.apache.ratis.thirdparty.io.netty.channel.epoll.AbstractEpollChannel$AbstractEpollUnsafe.doFinishConnect(AbstractEpollChannel.java:710)
	at org.apache.ratis.thirdparty.io.netty.channel.epoll.AbstractEpollChannel$AbstractEpollUnsafe.finishConnect(AbstractEpollChannel.java:687)
	at org.apache.ratis.thirdparty.io.netty.channel.epoll.AbstractEpollChannel$AbstractEpollUnsafe.epollOutReady(AbstractEpollChannel.java:567)
	at org.apache.ratis.thirdparty.io.netty.channel.epoll.EpollEventLoop.processReady(EpollEventLoop.java:499)
	at org.apache.ratis.thirdparty.io.netty.channel.epoll.EpollEventLoop.run(EpollEventLoop.java:407)
	at org.apache.ratis.thirdparty.io.netty.util.concurrent.SingleThreadEventExecutor$4.run(SingleThreadEventExecutor.java:997)
	at org.apache.ratis.thirdparty.io.netty.util.internal.ThreadExecutorMap$2.run(ThreadExecutorMap.java:74)
	at org.apache.ratis.thirdparty.io.netty.util.concurrent.FastThreadLocalRunnable.run(FastThreadLocalRunnable.java:30)
	at java.base/java.lang.Thread.run(Thread.java:829)
2023-11-20 19:26:42,975 [s0-server-thread2] INFO  server.RaftServer$Division (RaftServerImpl.java:setConfigurationAsync(1264)) - s0@group-80861D532C92: receive setConfiguration SetConfigurationRequest:client-05EE4BC9FC32->s0@group-80861D532C92, cid=14, seq=null, RW, null, SET_UNCONDITIONALLY, servers:[s3|0.0.0.0:40989, s4|0.0.0.0:46829, s0|localhost:40297, s1|localhost:34209, s2|localhost:35445], listeners:[]
2023-11-20 19:26:43,002 [s3@group-80861D532C92-FollowerState] INFO  impl.FollowerState (FollowerState.java:run(143)) - s3@group-80861D532C92-FollowerState: change to CANDIDATE, lastRpcElapsedTime:261320632ns, electionTimeout:261ms
2023-11-20 19:26:43,002 [s3@group-80861D532C92-FollowerState] INFO  impl.RoleInfo (RoleInfo.java:shutdownFollowerState(110)) - s3: shutdown s3@group-80861D532C92-FollowerState
2023-11-20 19:26:43,002 [s3@group-80861D532C92-FollowerState] INFO  server.RaftServer$Division (RaftServerImpl.java:setRole(379)) - s3@group-80861D532C92: changes role from  FOLLOWER to CANDIDATE at term 0 for changeToCandidate
2023-11-20 19:26:43,002 [s3@group-80861D532C92-FollowerState] INFO  server.RaftServerConfigKeys (ConfUtils.java:logGet(46)) - raft.server.leaderelection.pre-vote = true (default)
2023-11-20 19:26:43,002 [s3@group-80861D532C92-FollowerState] INFO  impl.RoleInfo (RoleInfo.java:updateAndGet(139)) - s3: start s3@group-80861D532C92-LeaderElection8
2023-11-20 19:26:43,003 [s3@group-80861D532C92-LeaderElection8] INFO  impl.LeaderElection (LeaderElection.java:askForVotes(323)) - s3@group-80861D532C92-LeaderElection8 PRE_VOTE round 0: submit vote requests at term 0 for -1: peers:[s3, s4, s0|localhost:40297, s1|localhost:34209, s2|localhost:35445]|listeners:[], old=null
2023-11-20 19:26:43,003 [s3@group-80861D532C92-LeaderElection8-1] INFO  server.GrpcServerProtocolClient (GrpcServerProtocolClient.java:<init>(65)) - Build channel for s4
2023-11-20 19:26:43,003 [s3@group-80861D532C92-LeaderElection8-2] INFO  server.GrpcServerProtocolClient (GrpcServerProtocolClient.java:<init>(65)) - Build channel for s0
2023-11-20 19:26:43,003 [s3@group-80861D532C92-LeaderElection8-3] INFO  server.GrpcServerProtocolClient (GrpcServerProtocolClient.java:<init>(65)) - Build channel for s1
2023-11-20 19:26:43,004 [s3@group-80861D532C92-LeaderElection8] INFO  server.RaftServerConfigKeys (ConfUtils.java:logFallback(53)) - raft.server.rpc.first-election.timeout.min = 150ms (fallback to raft.server.rpc.timeout.min)
2023-11-20 19:26:43,004 [s3@group-80861D532C92-LeaderElection8] INFO  server.RaftServerConfigKeys (ConfUtils.java:logFallback(53)) - raft.server.rpc.first-election.timeout.max = 300ms (fallback to raft.server.rpc.timeout.max)
2023-11-20 19:26:43,004 [s3@group-80861D532C92-LeaderElection8-4] INFO  server.GrpcServerProtocolClient (GrpcServerProtocolClient.java:<init>(65)) - Build channel for s2
2023-11-20 19:26:43,004 [s3@group-80861D532C92-LeaderElection8] INFO  impl.LeaderElection (LogUtils.java:infoOrTrace(136)) - s3@group-80861D532C92-LeaderElection8 got exception when requesting votes: java.util.concurrent.ExecutionException: java.lang.NullPointerException: target
2023-11-20 19:26:43,007 [grpc-default-executor-4] INFO  server.RaftServer$Division (RaftServerImpl.java:requestVote(1377)) - s0@group-80861D532C92: receive requestVote(PRE_VOTE, s3, group-80861D532C92, 0, (t:0, i:0))
2023-11-20 19:26:43,007 [grpc-default-executor-4] INFO  impl.VoteContext (VoteContext.java:log(49)) - s0@group-80861D532C92-FOLLOWER: reject PRE_VOTE from s3: s3 is not in current conf [s0|localhost:40297, s1|localhost:34209, s2|localhost:35445]
2023-11-20 19:26:43,008 [grpc-default-executor-4] INFO  server.RaftServer$Division (RaftServerImpl.java:requestVote(1410)) - s0@group-80861D532C92 replies to PRE_VOTE vote request: s3<-s0#0:FAIL-t1. Peer's state: s0@group-80861D532C92:t1, leader=s1, voted=s1, raftlog=Memoized:s0@group-80861D532C92-SegmentedRaftLog:OPENED:c4, conf=0: peers:[s0|localhost:40297, s1|localhost:34209, s2|localhost:35445]|listeners:[], old=null
2023-11-20 19:26:43,009 [s3@group-80861D532C92-LeaderElection8] INFO  impl.LeaderElection (LeaderElection.java:logAndReturn(89)) - s3@group-80861D532C92-LeaderElection8: PRE_VOTE DISCOVERED_A_NEW_TERM (term=1) received 1 response(s) and 1 exception(s):
2023-11-20 19:26:43,009 [s3@group-80861D532C92-LeaderElection8] INFO  impl.LeaderElection (LeaderElection.java:logAndReturn(93)) -   Response 0: s3<-s0#0:FAIL-t1
2023-11-20 19:26:43,009 [s3@group-80861D532C92-LeaderElection8] INFO  impl.LeaderElection (LogUtils.java:infoOrTrace(136)) -   Exception 1: java.util.concurrent.ExecutionException: java.lang.NullPointerException: target
2023-11-20 19:26:43,009 [s3@group-80861D532C92-LeaderElection8] INFO  impl.LeaderElection (LeaderElection.java:askForVotes(325)) - s3@group-80861D532C92-LeaderElection8 PRE_VOTE round 0: result DISCOVERED_A_NEW_TERM (term=1)
2023-11-20 19:26:43,009 [s3@group-80861D532C92-LeaderElection8] INFO  server.RaftServer$Division (RaftServerImpl.java:setRole(379)) - s3@group-80861D532C92: changes role from CANDIDATE to FOLLOWER at term 1 for DISCOVERED_A_NEW_TERM (term=1)
2023-11-20 19:26:43,009 [s3@group-80861D532C92-LeaderElection8] INFO  impl.RoleInfo (RoleInfo.java:shutdownLeaderElection(130)) - s3: shutdown s3@group-80861D532C92-LeaderElection8
2023-11-20 19:26:43,009 [s3@group-80861D532C92-LeaderElection8] INFO  impl.RoleInfo (RoleInfo.java:updateAndGet(139)) - s3: start s3@group-80861D532C92-FollowerState
2023-11-20 19:26:43,009 [grpc-default-executor-4] INFO  server.RaftServer$Division (RaftServerImpl.java:requestVote(1377)) - s1@group-80861D532C92: receive requestVote(PRE_VOTE, s3, group-80861D532C92, 0, (t:0, i:0))
2023-11-20 19:26:43,009 [grpc-default-executor-4] INFO  impl.VoteContext (VoteContext.java:log(49)) - s1@group-80861D532C92-LEADER: reject PRE_VOTE from s3: s3 is not in current conf [s0|localhost:40297, s1|localhost:34209, s2|localhost:35445]
2023-11-20 19:26:43,010 [grpc-default-executor-4] INFO  server.RaftServer$Division (RaftServerImpl.java:requestVote(1410)) - s1@group-80861D532C92 replies to PRE_VOTE vote request: s3<-s1#0:FAIL-t1. Peer's state: s1@group-80861D532C92:t1, leader=s1, voted=s1, raftlog=Memoized:s1@group-80861D532C92-SegmentedRaftLog:OPENED:c4, conf=0: peers:[s0|localhost:40297, s1|localhost:34209, s2|localhost:35445]|listeners:[], old=null
2023-11-20 19:26:43,010 [s3@group-80861D532C92-LeaderElection8] INFO  server.RaftServer$Division (RaftServerImpl.java:setFirstElection(564)) - s3@group-80861D532C92: set firstElectionSinceStartup to false for DISCOVERED_A_NEW_TERM (term=1)
2023-11-20 19:26:43,011 [s3@group-80861D532C92-LeaderElection8] TRACE util.FileUtils (LogUtils.java:supplyAndLog(69)) - Successfully supplied FileChannel.open /home/runner/work/ratis/ratis/ratis-test/target/test/data/42d3a8b8/MiniRaftClusterWithGrpc43e5161/s3/cec2cddf-b3fc-46c2-a11a-80861d532c92/current/raft-meta.tmp with options [CREATE, WRITE]: sun.nio.ch.FileChannelImpl@e5b965d
2023-11-20 19:26:43,012 [s3@group-80861D532C92-LeaderElection8] TRACE util.FileUtils (LogUtils.java:runAndLog(49)) - Successfully ran Atomic Files.move /home/runner/work/ratis/ratis/ratis-test/target/test/data/42d3a8b8/MiniRaftClusterWithGrpc43e5161/s3/cec2cddf-b3fc-46c2-a11a-80861d532c92/current/raft-meta.tmp to /home/runner/work/ratis/ratis/ratis-test/target/test/data/42d3a8b8/MiniRaftClusterWithGrpc43e5161/s3/cec2cddf-b3fc-46c2-a11a-80861d532c92/current/raft-meta with options [REPLACE_EXISTING]
2023-11-20 19:26:43,013 [grpc-default-executor-4] INFO  server.RaftServer$Division (RaftServerImpl.java:requestVote(1377)) - s2@group-80861D532C92: receive requestVote(PRE_VOTE, s3, group-80861D532C92, 0, (t:0, i:0))
2023-11-20 19:26:43,013 [grpc-default-executor-4] INFO  impl.VoteContext (VoteContext.java:log(49)) - s2@group-80861D532C92-FOLLOWER: reject PRE_VOTE from s3: s3 is not in current conf [s0|localhost:40297, s1|localhost:34209, s2|localhost:35445]
2023-11-20 19:26:43,013 [grpc-default-executor-4] INFO  server.RaftServer$Division (RaftServerImpl.java:requestVote(1410)) - s2@group-80861D532C92 replies to PRE_VOTE vote request: s3<-s2#0:FAIL-t1. Peer's state: s2@group-80861D532C92:t1, leader=s1, voted=s1, raftlog=Memoized:s2@group-80861D532C92-SegmentedRaftLog:OPENED:c4, conf=0: peers:[s0|localhost:40297, s1|localhost:34209, s2|localhost:35445]|listeners:[], old=null
2023-11-20 19:26:43,013 [s4@group-80861D532C92-FollowerState] INFO  impl.FollowerState (FollowerState.java:run(143)) - s4@group-80861D532C92-FollowerState: change to CANDIDATE, lastRpcElapsedTime:265388028ns, electionTimeout:265ms
2023-11-20 19:26:43,013 [s4@group-80861D532C92-FollowerState] INFO  impl.RoleInfo (RoleInfo.java:shutdownFollowerState(110)) - s4: shutdown s4@group-80861D532C92-FollowerState
2023-11-20 19:26:43,013 [s4@group-80861D532C92-FollowerState] INFO  server.RaftServer$Division (RaftServerImpl.java:setRole(379)) - s4@group-80861D532C92: changes role from  FOLLOWER to CANDIDATE at term 0 for changeToCandidate
2023-11-20 19:26:43,013 [s4@group-80861D532C92-FollowerState] INFO  server.RaftServerConfigKeys (ConfUtils.java:logGet(46)) - raft.server.leaderelection.pre-vote = true (default)
2023-11-20 19:26:43,013 [s4@group-80861D532C92-FollowerState] INFO  impl.RoleInfo (RoleInfo.java:updateAndGet(139)) - s4: start s4@group-80861D532C92-LeaderElection9
2023-11-20 19:26:43,014 [s4@group-80861D532C92-LeaderElection9] INFO  impl.LeaderElection (LeaderElection.java:askForVotes(323)) - s4@group-80861D532C92-LeaderElection9 PRE_VOTE round 0: submit vote requests at term 0 for -1: peers:[s3, s4, s0|localhost:40297, s1|localhost:34209, s2|localhost:35445]|listeners:[], old=null
2023-11-20 19:26:43,014 [s4@group-80861D532C92-LeaderElection9-1] INFO  server.GrpcServerProtocolClient (GrpcServerProtocolClient.java:<init>(65)) - Build channel for s3
2023-11-20 19:26:43,014 [s4@group-80861D532C92-LeaderElection9-2] INFO  server.GrpcServerProtocolClient (GrpcServerProtocolClient.java:<init>(65)) - Build channel for s0
2023-11-20 19:26:43,015 [s4@group-80861D532C92-LeaderElection9-3] INFO  server.GrpcServerProtocolClient (GrpcServerProtocolClient.java:<init>(65)) - Build channel for s1
2023-11-20 19:26:43,015 [s4@group-80861D532C92-LeaderElection9] INFO  server.RaftServerConfigKeys (ConfUtils.java:logFallback(53)) - raft.server.rpc.first-election.timeout.min = 150ms (fallback to raft.server.rpc.timeout.min)
2023-11-20 19:26:43,015 [s4@group-80861D532C92-LeaderElection9-4] INFO  server.GrpcServerProtocolClient (GrpcServerProtocolClient.java:<init>(65)) - Build channel for s2
2023-11-20 19:26:43,015 [s4@group-80861D532C92-LeaderElection9] INFO  server.RaftServerConfigKeys (ConfUtils.java:logFallback(53)) - raft.server.rpc.first-election.timeout.max = 300ms (fallback to raft.server.rpc.timeout.max)
2023-11-20 19:26:43,016 [s4@group-80861D532C92-LeaderElection9] INFO  impl.LeaderElection (LogUtils.java:infoOrTrace(136)) - s4@group-80861D532C92-LeaderElection9 got exception when requesting votes: java.util.concurrent.ExecutionException: java.lang.NullPointerException: target
2023-11-20 19:26:43,018 [grpc-default-executor-4] INFO  server.RaftServer$Division (RaftServerImpl.java:requestVote(1377)) - s0@group-80861D532C92: receive requestVote(PRE_VOTE, s4, group-80861D532C92, 0, (t:0, i:0))
2023-11-20 19:26:43,018 [grpc-default-executor-4] INFO  impl.VoteContext (VoteContext.java:log(49)) - s0@group-80861D532C92-FOLLOWER: reject PRE_VOTE from s4: s4 is not in current conf [s0|localhost:40297, s1|localhost:34209, s2|localhost:35445]
2023-11-20 19:26:43,018 [grpc-default-executor-4] INFO  server.RaftServer$Division (RaftServerImpl.java:requestVote(1410)) - s0@group-80861D532C92 replies to PRE_VOTE vote request: s4<-s0#0:FAIL-t1. Peer's state: s0@group-80861D532C92:t1, leader=s1, voted=s1, raftlog=Memoized:s0@group-80861D532C92-SegmentedRaftLog:OPENED:c4, conf=0: peers:[s0|localhost:40297, s1|localhost:34209, s2|localhost:35445]|listeners:[], old=null
2023-11-20 19:26:43,019 [s4@group-80861D532C92-LeaderElection9] INFO  impl.LeaderElection (LeaderElection.java:logAndReturn(89)) - s4@group-80861D532C92-LeaderElection9: PRE_VOTE DISCOVERED_A_NEW_TERM (term=1) received 1 response(s) and 1 exception(s):
2023-11-20 19:26:43,019 [s4@group-80861D532C92-LeaderElection9] INFO  impl.LeaderElection (LeaderElection.java:logAndReturn(93)) -   Response 0: s4<-s0#0:FAIL-t1
2023-11-20 19:26:43,019 [s4@group-80861D532C92-LeaderElection9] INFO  impl.LeaderElection (LogUtils.java:infoOrTrace(136)) -   Exception 1: java.util.concurrent.ExecutionException: java.lang.NullPointerException: target
2023-11-20 19:26:43,019 [s4@group-80861D532C92-LeaderElection9] INFO  impl.LeaderElection (LeaderElection.java:askForVotes(325)) - s4@group-80861D532C92-LeaderElection9 PRE_VOTE round 0: result DISCOVERED_A_NEW_TERM (term=1)
2023-11-20 19:26:43,019 [s4@group-80861D532C92-LeaderElection9] INFO  server.RaftServer$Division (RaftServerImpl.java:setRole(379)) - s4@group-80861D532C92: changes role from CANDIDATE to FOLLOWER at term 1 for DISCOVERED_A_NEW_TERM (term=1)
2023-11-20 19:26:43,019 [s4@group-80861D532C92-LeaderElection9] INFO  impl.RoleInfo (RoleInfo.java:shutdownLeaderElection(130)) - s4: shutdown s4@group-80861D532C92-LeaderElection9
2023-11-20 19:26:43,019 [s4@group-80861D532C92-LeaderElection9] INFO  impl.RoleInfo (RoleInfo.java:updateAndGet(139)) - s4: start s4@group-80861D532C92-FollowerState
2023-11-20 19:26:43,019 [grpc-default-executor-4] INFO  server.RaftServer$Division (RaftServerImpl.java:requestVote(1377)) - s1@group-80861D532C92: receive requestVote(PRE_VOTE, s4, group-80861D532C92, 0, (t:0, i:0))
2023-11-20 19:26:43,020 [grpc-default-executor-2] INFO  server.RaftServer$Division (RaftServerImpl.java:requestVote(1377)) - s2@group-80861D532C92: receive requestVote(PRE_VOTE, s4, group-80861D532C92, 0, (t:0, i:0))
2023-11-20 19:26:43,020 [grpc-default-executor-4] INFO  impl.VoteContext (VoteContext.java:log(49)) - s1@group-80861D532C92-LEADER: reject PRE_VOTE from s4: s4 is not in current conf [s0|localhost:40297, s1|localhost:34209, s2|localhost:35445]
2023-11-20 19:26:43,020 [grpc-default-executor-2] INFO  impl.VoteContext (VoteContext.java:log(49)) - s2@group-80861D532C92-FOLLOWER: reject PRE_VOTE from s4: s4 is not in current conf [s0|localhost:40297, s1|localhost:34209, s2|localhost:35445]
2023-11-20 19:26:43,020 [grpc-default-executor-4] INFO  server.RaftServer$Division (RaftServerImpl.java:requestVote(1410)) - s1@group-80861D532C92 replies to PRE_VOTE vote request: s4<-s1#0:FAIL-t1. Peer's state: s1@group-80861D532C92:t1, leader=s1, voted=s1, raftlog=Memoized:s1@group-80861D532C92-SegmentedRaftLog:OPENED:c4, conf=0: peers:[s0|localhost:40297, s1|localhost:34209, s2|localhost:35445]|listeners:[], old=null
2023-11-20 19:26:43,020 [grpc-default-executor-2] INFO  server.RaftServer$Division (RaftServerImpl.java:requestVote(1410)) - s2@group-80861D532C92 replies to PRE_VOTE vote request: s4<-s2#0:FAIL-t1. Peer's state: s2@group-80861D532C92:t1, leader=s1, voted=s1, raftlog=Memoized:s2@group-80861D532C92-SegmentedRaftLog:OPENED:c4, conf=0: peers:[s0|localhost:40297, s1|localhost:34209, s2|localhost:35445]|listeners:[], old=null
2023-11-20 19:26:43,020 [s4@group-80861D532C92-LeaderElection9] INFO  server.RaftServer$Division (RaftServerImpl.java:setFirstElection(564)) - s4@group-80861D532C92: set firstElectionSinceStartup to false for DISCOVERED_A_NEW_TERM (term=1)
2023-11-20 19:26:43,020 [s4@group-80861D532C92-LeaderElection9] TRACE util.FileUtils (LogUtils.java:supplyAndLog(69)) - Successfully supplied FileChannel.open /home/runner/work/ratis/ratis/ratis-test/target/test/data/42d3a8b8/MiniRaftClusterWithGrpc43e5161/s4/cec2cddf-b3fc-46c2-a11a-80861d532c92/current/raft-meta.tmp with options [CREATE, WRITE]: sun.nio.ch.FileChannelImpl@66ea077f
2023-11-20 19:26:43,021 [s4@group-80861D532C92-LeaderElection9] TRACE util.FileUtils (LogUtils.java:runAndLog(49)) - Successfully ran Atomic Files.move /home/runner/work/ratis/ratis/ratis-test/target/test/data/42d3a8b8/MiniRaftClusterWithGrpc43e5161/s4/cec2cddf-b3fc-46c2-a11a-80861d532c92/current/raft-meta.tmp to /home/runner/work/ratis/ratis/ratis-test/target/test/data/42d3a8b8/MiniRaftClusterWithGrpc43e5161/s4/cec2cddf-b3fc-46c2-a11a-80861d532c92/current/raft-meta with options [REPLACE_EXISTING]
2023-11-20 19:26:43,062 [grpc-default-executor-2] ERROR impl.OrderedAsync (OrderedAsync.java:lambda$sendRequest$9(247)) - client-E9C94F68C118: Failed* RaftClientRequest:client-E9C94F68C118->s2@group-F61A228DBE4A, cid=6, seq=1*, Watch(0), null
java.util.concurrent.CompletionException: java.io.IOException: org.apache.ratis.thirdparty.io.grpc.StatusRuntimeException: UNAVAILABLE: io exception
	at java.base/java.util.concurrent.CompletableFuture.encodeThrowable(CompletableFuture.java:331)
	at java.base/java.util.concurrent.CompletableFuture.completeThrowable(CompletableFuture.java:346)
	at java.base/java.util.concurrent.CompletableFuture$UniApply.tryFire(CompletableFuture.java:632)
	at java.base/java.util.concurrent.CompletableFuture.postComplete(CompletableFuture.java:506)
	at java.base/java.util.concurrent.CompletableFuture.completeExceptionally(CompletableFuture.java:2094)
	at org.apache.ratis.grpc.client.GrpcClientProtocolClient$AsyncStreamObservers.completeReplyExceptionally(GrpcClientProtocolClient.java:394)
	at org.apache.ratis.grpc.client.GrpcClientProtocolClient$AsyncStreamObservers.access$000(GrpcClientProtocolClient.java:300)
	at org.apache.ratis.grpc.client.GrpcClientProtocolClient$AsyncStreamObservers$1.onError(GrpcClientProtocolClient.java:331)
	at org.apache.ratis.thirdparty.io.grpc.stub.ClientCalls$StreamObserverToCallListenerAdapter.onClose(ClientCalls.java:481)
	at org.apache.ratis.thirdparty.io.grpc.PartialForwardingClientCallListener.onClose(PartialForwardingClientCallListener.java:39)
	at org.apache.ratis.thirdparty.io.grpc.ForwardingClientCallListener.onClose(ForwardingClientCallListener.java:23)
	at org.apache.ratis.grpc.metrics.intercept.client.MetricClientCallListener.onClose(MetricClientCallListener.java:47)
	at org.apache.ratis.thirdparty.io.grpc.internal.DelayedClientCall$DelayedListener$3.run(DelayedClientCall.java:489)
	at org.apache.ratis.thirdparty.io.grpc.internal.DelayedClientCall$DelayedListener.delayOrExecute(DelayedClientCall.java:453)
	at org.apache.ratis.thirdparty.io.grpc.internal.DelayedClientCall$DelayedListener.onClose(DelayedClientCall.java:486)
	at org.apache.ratis.thirdparty.io.grpc.internal.ClientCallImpl.closeObserver(ClientCallImpl.java:567)
	at org.apache.ratis.thirdparty.io.grpc.internal.ClientCallImpl.access$300(ClientCallImpl.java:71)
	at org.apache.ratis.thirdparty.io.grpc.internal.ClientCallImpl$ClientStreamListenerImpl$1StreamClosed.runInternal(ClientCallImpl.java:735)
	at org.apache.ratis.thirdparty.io.grpc.internal.ClientCallImpl$ClientStreamListenerImpl$1StreamClosed.runInContext(ClientCallImpl.java:716)
	at org.apache.ratis.thirdparty.io.grpc.internal.ContextRunnable.run(ContextRunnable.java:37)
	at org.apache.ratis.thirdparty.io.grpc.internal.SerializingExecutor.run(SerializingExecutor.java:133)
	at java.base/java.util.concurrent.ThreadPoolExecutor.runWorker(ThreadPoolExecutor.java:1128)
	at java.base/java.util.concurrent.ThreadPoolExecutor$Worker.run(ThreadPoolExecutor.java:628)
	at java.base/java.lang.Thread.run(Thread.java:829)
Caused by: java.io.IOException: org.apache.ratis.thirdparty.io.grpc.StatusRuntimeException: UNAVAILABLE: io exception
	at org.apache.ratis.grpc.GrpcUtil.unwrapException(GrpcUtil.java:99)
	at org.apache.ratis.grpc.GrpcUtil.unwrapIOException(GrpcUtil.java:159)
	at org.apache.ratis.grpc.client.GrpcClientProtocolClient$AsyncStreamObservers$1.onError(GrpcClientProtocolClient.java:330)
	... 16 more
Caused by: org.apache.ratis.thirdparty.io.grpc.StatusRuntimeException: UNAVAILABLE: io exception
	at org.apache.ratis.thirdparty.io.grpc.Status.asRuntimeException(Status.java:537)
	... 16 more
Caused by: org.apache.ratis.thirdparty.io.netty.channel.AbstractChannel$AnnotatedConnectException: finishConnect(..) failed: Connection refused: localhost/127.0.0.1:43097
Caused by: java.net.ConnectException: finishConnect(..) failed: Connection refused
	at org.apache.ratis.thirdparty.io.netty.channel.unix.Errors.newConnectException0(Errors.java:166)
	at org.apache.ratis.thirdparty.io.netty.channel.unix.Errors.handleConnectErrno(Errors.java:131)
	at org.apache.ratis.thirdparty.io.netty.channel.unix.Socket.finishConnect(Socket.java:359)
	at org.apache.ratis.thirdparty.io.netty.channel.epoll.AbstractEpollChannel$AbstractEpollUnsafe.doFinishConnect(AbstractEpollChannel.java:710)
	at org.apache.ratis.thirdparty.io.netty.channel.epoll.AbstractEpollChannel$AbstractEpollUnsafe.finishConnect(AbstractEpollChannel.java:687)
	at org.apache.ratis.thirdparty.io.netty.channel.epoll.AbstractEpollChannel$AbstractEpollUnsafe.epollOutReady(AbstractEpollChannel.java:567)
	at org.apache.ratis.thirdparty.io.netty.channel.epoll.EpollEventLoop.processReady(EpollEventLoop.java:499)
	at org.apache.ratis.thirdparty.io.netty.channel.epoll.EpollEventLoop.run(EpollEventLoop.java:407)
	at org.apache.ratis.thirdparty.io.netty.util.concurrent.SingleThreadEventExecutor$4.run(SingleThreadEventExecutor.java:997)
	at org.apache.ratis.thirdparty.io.netty.util.internal.ThreadExecutorMap$2.run(ThreadExecutorMap.java:74)
	at org.apache.ratis.thirdparty.io.netty.util.concurrent.FastThreadLocalRunnable.run(FastThreadLocalRunnable.java:30)
	at java.base/java.lang.Thread.run(Thread.java:829)
2023-11-20 19:26:43,081 [s1-server-thread1] INFO  server.RaftServer$Division (RaftServerImpl.java:setConfigurationAsync(1264)) - s1@group-80861D532C92: receive setConfiguration SetConfigurationRequest:client-05EE4BC9FC32->s1@group-80861D532C92, cid=14, seq=null, RW, null, SET_UNCONDITIONALLY, servers:[s3|0.0.0.0:40989, s4|0.0.0.0:46829, s0|localhost:40297, s1|localhost:34209, s2|localhost:35445], listeners:[]
2023-11-20 19:26:43,081 [s1-server-thread1] INFO  server.RaftServer$Division (LeaderStateImpl.java:startSetConfiguration(483)) - s1@group-80861D532C92-LeaderStateImpl: startSetConfiguration SetConfigurationRequest:client-05EE4BC9FC32->s1@group-80861D532C92, cid=14, seq=null, RW, null, SET_UNCONDITIONALLY, servers:[s3|0.0.0.0:40989, s4|0.0.0.0:46829, s0|localhost:40297, s1|localhost:34209, s2|localhost:35445], listeners:[]
2023-11-20 19:26:43,083 [s1-server-thread1] INFO  server.RaftServerConfigKeys (ConfUtils.java:logGet(46)) - raft.server.log.appender.snapshot.chunk.size.max = 16MB (=16777216) (default)
2023-11-20 19:26:43,083 [s1-server-thread1] INFO  server.RaftServerConfigKeys (ConfUtils.java:logGet(46)) - raft.server.log.appender.buffer.byte-limit = 4MB (=4194304) (default)
2023-11-20 19:26:43,083 [s1-server-thread1] INFO  server.RaftServerConfigKeys (ConfUtils.java:logGet(46)) - raft.server.log.appender.buffer.element-limit = 0 (default)
2023-11-20 19:26:43,083 [s1-server-thread1] INFO  server.RaftServerConfigKeys (ConfUtils.java:logGet(46)) - raft.server.log.appender.wait-time.min = 1ms (default)
2023-11-20 19:26:43,083 [s1-server-thread1] INFO  grpc.GrpcConfigKeys (ConfUtils.java:logGet(46)) - raft.grpc.server.leader.outstanding.appends.max = 8 (default)
2023-11-20 19:26:43,083 [s1-server-thread1] INFO  server.RaftServerConfigKeys (ConfUtils.java:logGet(46)) - raft.server.rpc.request.timeout = 3000ms (default)
2023-11-20 19:26:43,083 [s1-server-thread1] INFO  grpc.GrpcConfigKeys (ConfUtils.java:logGet(46)) - raft.grpc.server.install_snapshot.request.element-limit = 8 (default)
2023-11-20 19:26:43,083 [s1-server-thread1] INFO  grpc.GrpcConfigKeys (ConfUtils.java:logGet(46)) - raft.grpc.server.install_snapshot.request.timeout = 3000ms (default)
2023-11-20 19:26:43,083 [s1-server-thread1] INFO  server.RaftServerConfigKeys (ConfUtils.java:logGet(46)) - raft.server.log.appender.install.snapshot.enabled = true (default)
2023-11-20 19:26:43,083 [s1-server-thread1] INFO  grpc.GrpcConfigKeys (ConfUtils.java:logGet(46)) - raft.grpc.server.heartbeat.channel = true (default)
2023-11-20 19:26:43,083 [s1-server-thread1] INFO  server.RaftServerConfigKeys (ConfUtils.java:logGet(46)) - raft.server.log.appender.snapshot.chunk.size.max = 16MB (=16777216) (default)
2023-11-20 19:26:43,083 [s1-server-thread1] INFO  server.RaftServerConfigKeys (ConfUtils.java:logGet(46)) - raft.server.log.appender.buffer.byte-limit = 4MB (=4194304) (default)
2023-11-20 19:26:43,083 [s1-server-thread1] INFO  server.RaftServerConfigKeys (ConfUtils.java:logGet(46)) - raft.server.log.appender.buffer.element-limit = 0 (default)
2023-11-20 19:26:43,083 [s1-server-thread1] INFO  server.RaftServerConfigKeys (ConfUtils.java:logGet(46)) - raft.server.log.appender.wait-time.min = 1ms (default)
2023-11-20 19:26:43,083 [s1-server-thread1] INFO  grpc.GrpcConfigKeys (ConfUtils.java:logGet(46)) - raft.grpc.server.leader.outstanding.appends.max = 8 (default)
2023-11-20 19:26:43,084 [s1-server-thread1] INFO  server.RaftServerConfigKeys (ConfUtils.java:logGet(46)) - raft.server.rpc.request.timeout = 3000ms (default)
2023-11-20 19:26:43,084 [s1-server-thread1] INFO  grpc.GrpcConfigKeys (ConfUtils.java:logGet(46)) - raft.grpc.server.install_snapshot.request.element-limit = 8 (default)
2023-11-20 19:26:43,084 [s1-server-thread1] INFO  grpc.GrpcConfigKeys (ConfUtils.java:logGet(46)) - raft.grpc.server.install_snapshot.request.timeout = 3000ms (default)
2023-11-20 19:26:43,084 [s1-server-thread1] INFO  server.RaftServerConfigKeys (ConfUtils.java:logGet(46)) - raft.server.log.appender.install.snapshot.enabled = true (default)
2023-11-20 19:26:43,084 [s1-server-thread1] INFO  grpc.GrpcConfigKeys (ConfUtils.java:logGet(46)) - raft.grpc.server.heartbeat.channel = true (default)
2023-11-20 19:26:43,084 [s1@group-80861D532C92->s4-GrpcLogAppender-LogAppenderDaemon] INFO  leader.FollowerInfo (FollowerInfoImpl.java:setAttemptedToInstallSnapshot(154)) - Follower s1@group-80861D532C92->s4 acknowledged installing snapshot
2023-11-20 19:26:43,084 [s1@group-80861D532C92->s3-GrpcLogAppender-LogAppenderDaemon] INFO  leader.FollowerInfo (FollowerInfoImpl.java:setAttemptedToInstallSnapshot(154)) - Follower s1@group-80861D532C92->s3 acknowledged installing snapshot
2023-11-20 19:26:43,085 [s1@group-80861D532C92->s4-GrpcLogAppender-LogAppenderDaemon] INFO  server.GrpcServerProtocolClient (GrpcServerProtocolClient.java:<init>(65)) - Build channel for s4
2023-11-20 19:26:43,085 [s1@group-80861D532C92->s3-GrpcLogAppender-LogAppenderDaemon] INFO  server.GrpcServerProtocolClient (GrpcServerProtocolClient.java:<init>(65)) - Build channel for s3
2023-11-20 19:26:43,092 [s4-server-thread1] INFO  server.RaftServer$Division (ServerState.java:setLeader(265)) - s4@group-80861D532C92: change Leader from null to s1 at term 1 for appendEntries, leader elected after 356ms
2023-11-20 19:26:43,095 [s4-server-thread2] DEBUG server.RaftServer$Division (RaftServerImpl.java:logAppendEntries(1504)) - s4@group-80861D532C92: receive appendEntries(s1, 1, null, 4, false, commits:[s1:c4, s0:c4, s2:c4, s3:c-1, s4:c-1], cId:1, entries: [(t:1, i:0), CONFIGURATIONENTRY(current:id: "s0"
address: "localhost:40297"
dataStreamAddress: "localhost:44739"
clientAddress: "localhost:41489"
adminAddress: "localhost:35149"
startupRole: FOLLOWER
,id: "s1"
address: "localhost:34209"
dataStreamAddress: "localhost:42239"
clientAddress: "localhost:34087"
adminAddress: "localhost:46327"
startupRole: FOLLOWER
,id: "s2"
address: "localhost:35445"
dataStreamAddress: "localhost:42365"
clientAddress: "localhost:41671"
adminAddress: "localhost:46495"
startupRole: FOLLOWER
, old:), (t:1, i:1), STATEMACHINELOGENTRY, 13@client-E1C1A2A24A83, (t:1, i:2), METADATAENTRY(c:1), (t:1, i:3), STATEMACHINELOGENTRY, 999@client-9B4E1E61C173, (t:1, i:4), METADATAENTRY(c:3)]
2023-11-20 19:26:43,095 [s4-server-thread2] INFO  server.RaftServer$Division (ServerState.java:setRaftConf(382)) - s4@group-80861D532C92: set configuration 0: peers:[s0|localhost:40297, s1|localhost:34209, s2|localhost:35445]|listeners:[], old=null
2023-11-20 19:26:43,095 [s4-server-thread2] INFO  segmented.SegmentedRaftLogWorker (SegmentedRaftLogWorker.java:startLogSegment(430)) - s4@group-80861D532C92-SegmentedRaftLogWorker: Starting segment from index:0
2023-11-20 19:26:43,095 [s4@group-80861D532C92-SegmentedRaftLogWorker] INFO  segmented.BufferedWriteChannel (BufferedWriteChannel.java:open(62)) - open log_inprogress_0 at position 0
2023-11-20 19:26:43,098 [s3-server-thread1] DEBUG server.RaftServer$Division (RaftServerImpl.java:logAppendEntries(1504)) - s3@group-80861D532C92: receive appendEntries(s1, 1, null, 4, false, commits:[s1:c4, s0:c4, s2:c4, s3:c-1, s4:c-1], cId:1, entries: [(t:1, i:0), CONFIGURATIONENTRY(current:id: "s0"
address: "localhost:40297"
dataStreamAddress: "localhost:44739"
clientAddress: "localhost:41489"
adminAddress: "localhost:35149"
startupRole: FOLLOWER
,id: "s1"
address: "localhost:34209"
dataStreamAddress: "localhost:42239"
clientAddress: "localhost:34087"
adminAddress: "localhost:46327"
startupRole: FOLLOWER
,id: "s2"
address: "localhost:35445"
dataStreamAddress: "localhost:42365"
clientAddress: "localhost:41671"
adminAddress: "localhost:46495"
startupRole: FOLLOWER
, old:), (t:1, i:1), STATEMACHINELOGENTRY, 13@client-E1C1A2A24A83, (t:1, i:2), METADATAENTRY(c:1), (t:1, i:3), STATEMACHINELOGENTRY, 999@client-9B4E1E61C173, (t:1, i:4), METADATAENTRY(c:3)]
2023-11-20 19:26:43,098 [s3-server-thread1] INFO  server.RaftServer$Division (ServerState.java:setLeader(265)) - s3@group-80861D532C92: change Leader from null to s1 at term 1 for appendEntries, leader elected after 374ms
2023-11-20 19:26:43,098 [s3-server-thread1] INFO  server.RaftServer$Division (ServerState.java:setRaftConf(382)) - s3@group-80861D532C92: set configuration 0: peers:[s0|localhost:40297, s1|localhost:34209, s2|localhost:35445]|listeners:[], old=null
2023-11-20 19:26:43,098 [s3-server-thread1] INFO  segmented.SegmentedRaftLogWorker (SegmentedRaftLogWorker.java:startLogSegment(430)) - s3@group-80861D532C92-SegmentedRaftLogWorker: Starting segment from index:0
2023-11-20 19:26:43,098 [s3@group-80861D532C92-SegmentedRaftLogWorker] INFO  segmented.BufferedWriteChannel (BufferedWriteChannel.java:open(62)) - open log_inprogress_0 at position 0
2023-11-20 19:26:43,107 [s4@group-80861D532C92-SegmentedRaftLogWorker] INFO  segmented.SegmentedRaftLogWorker (SegmentedRaftLogWorker.java:execute(634)) - s4@group-80861D532C92-SegmentedRaftLogWorker: created new log segment /home/runner/work/ratis/ratis/ratis-test/target/test/data/42d3a8b8/MiniRaftClusterWithGrpc43e5161/s4/cec2cddf-b3fc-46c2-a11a-80861d532c92/current/log_inprogress_0
2023-11-20 19:26:43,108 [s3@group-80861D532C92-SegmentedRaftLogWorker] INFO  segmented.SegmentedRaftLogWorker (SegmentedRaftLogWorker.java:execute(634)) - s3@group-80861D532C92-SegmentedRaftLogWorker: created new log segment /home/runner/work/ratis/ratis/ratis-test/target/test/data/42d3a8b8/MiniRaftClusterWithGrpc43e5161/s3/cec2cddf-b3fc-46c2-a11a-80861d532c92/current/log_inprogress_0
2023-11-20 19:26:43,108 [s4@group-80861D532C92-StateMachineUpdater] TRACE util.FileUtils (LogUtils.java:supplyAndLog(69)) - Successfully supplied FileChannel.open /home/runner/work/ratis/ratis/ratis-test/target/test/data/42d3a8b8/MiniRaftClusterWithGrpc43e5161/s4/cec2cddf-b3fc-46c2-a11a-80861d532c92/current/raft-meta.conf.tmp with options [CREATE, WRITE]: sun.nio.ch.FileChannelImpl@6f636f0
2023-11-20 19:26:43,108 [s4-server-thread2] DEBUG server.RaftServer$Division (RaftServerImpl.java:logAppendEntries(1504)) - s4@group-80861D532C92: succeeded to handle AppendEntries. Reply: s1<-s4#1:OK-t1,SUCCESS,nextIndex=5,followerCommit=4,matchIndex=4
2023-11-20 19:26:43,110 [s4@group-80861D532C92-StateMachineUpdater] TRACE util.FileUtils (LogUtils.java:runAndLog(49)) - Successfully ran Atomic Files.move /home/runner/work/ratis/ratis/ratis-test/target/test/data/42d3a8b8/MiniRaftClusterWithGrpc43e5161/s4/cec2cddf-b3fc-46c2-a11a-80861d532c92/current/raft-meta.conf.tmp to /home/runner/work/ratis/ratis/ratis-test/target/test/data/42d3a8b8/MiniRaftClusterWithGrpc43e5161/s4/cec2cddf-b3fc-46c2-a11a-80861d532c92/current/raft-meta.conf with options [REPLACE_EXISTING]
2023-11-20 19:26:43,110 [s4@group-80861D532C92-StateMachineUpdater] INFO  impl.SimpleStateMachine4Testing (SimpleStateMachine4Testing.java:applyTransaction(248)) - applyTransaction for log index 1
2023-11-20 19:26:43,110 [s4@group-80861D532C92-StateMachineUpdater] INFO  impl.SimpleStateMachine4Testing (SimpleStateMachine4Testing.java:put(205)) - s4: put 1, first msg ... -> (t:1, i:1), STATEMACHINELOGENTRY, 13@client-E1C1A2A24A83
2023-11-20 19:26:43,110 [s4@group-80861D532C92-StateMachineUpdater] INFO  impl.SimpleStateMachine4Testing (SimpleStateMachine4Testing.java:applyTransaction(248)) - applyTransaction for log index 3
2023-11-20 19:26:43,110 [s4@group-80861D532C92-StateMachineUpdater] INFO  impl.SimpleStateMachine4Testing (SimpleStateMachine4Testing.java:put(205)) - s4: put 3, message -> (t:1, i:3), STATEMACHINELOGENTRY, 999@client-9B4E1E61C173
2023-11-20 19:26:43,111 [s3-server-thread3] DEBUG server.RaftServer$Division (RaftServerImpl.java:logAppendEntries(1504)) - s3@group-80861D532C92: succeeded to handle AppendEntries. Reply: s1<-s3#1:OK-t1,SUCCESS,nextIndex=5,followerCommit=4,matchIndex=4
2023-11-20 19:26:43,111 [s3@group-80861D532C92-StateMachineUpdater] TRACE util.FileUtils (LogUtils.java:supplyAndLog(69)) - Successfully supplied FileChannel.open /home/runner/work/ratis/ratis/ratis-test/target/test/data/42d3a8b8/MiniRaftClusterWithGrpc43e5161/s3/cec2cddf-b3fc-46c2-a11a-80861d532c92/current/raft-meta.conf.tmp with options [CREATE, WRITE]: sun.nio.ch.FileChannelImpl@7f5ddb19
2023-11-20 19:26:43,113 [s1@group-80861D532C92-LeaderStateImpl] INFO  server.RaftServer$Division (ServerState.java:setRaftConf(382)) - s1@group-80861D532C92: set configuration 5: peers:[s3|0.0.0.0:40989, s4|0.0.0.0:46829, s0|localhost:40297, s1|localhost:34209, s2|localhost:35445]|listeners:[], old=peers:[s0|localhost:40297, s1|localhost:34209, s2|localhost:35445]|listeners:[]
2023-11-20 19:26:43,115 [s3-server-thread3] DEBUG server.RaftServer$Division (RaftServerImpl.java:logAppendEntries(1504)) - s3@group-80861D532C92: receive appendEntries(s1, 1, (t:1, i:4), 4, false, commits:[s1:c4, s0:c4, s2:c4, s3:c-1, s4:c4], cId:4, entries: [(t:1, i:5), CONFIGURATIONENTRY(current:id: "s3"
address: "0.0.0.0:40989"
clientAddress: "0.0.0.0:40989"
adminAddress: "0.0.0.0:40989"
startupRole: FOLLOWER
,id: "s4"
address: "0.0.0.0:46829"
clientAddress: "0.0.0.0:46829"
adminAddress: "0.0.0.0:46829"
startupRole: FOLLOWER
,id: "s0"
address: "localhost:40297"
dataStreamAddress: "localhost:44739"
clientAddress: "localhost:41489"
adminAddress: "localhost:35149"
startupRole: FOLLOWER
,id: "s1"
address: "localhost:34209"
dataStreamAddress: "localhost:42239"
clientAddress: "localhost:34087"
adminAddress: "localhost:46327"
startupRole: FOLLOWER
,id: "s2"
address: "localhost:35445"
dataStreamAddress: "localhost:42365"
clientAddress: "localhost:41671"
adminAddress: "localhost:46495"
startupRole: FOLLOWER
, old:id: "s0"
address: "localhost:40297"
dataStreamAddress: "localhost:44739"
clientAddress: "localhost:41489"
adminAddress: "localhost:35149"
startupRole: FOLLOWER
,id: "s1"
address: "localhost:34209"
dataStreamAddress: "localhost:42239"
clientAddress: "localhost:34087"
adminAddress: "localhost:46327"
startupRole: FOLLOWER
,id: "s2"
address: "localhost:35445"
dataStreamAddress: "localhost:42365"
clientAddress: "localhost:41671"
adminAddress: "localhost:46495"
startupRole: FOLLOWER
)]
2023-11-20 19:26:43,115 [s2-server-thread2] DEBUG server.RaftServer$Division (RaftServerImpl.java:logAppendEntries(1504)) - s2@group-80861D532C92: receive appendEntries(s1, 1, (t:1, i:4), 4, true, commits:[s1:c4, s0:c4, s2:c4, s3:c-1, s4:c4], cId:19, entries: [(t:1, i:5), CONFIGURATIONENTRY(current:id: "s3"
address: "0.0.0.0:40989"
clientAddress: "0.0.0.0:40989"
adminAddress: "0.0.0.0:40989"
startupRole: FOLLOWER
,id: "s4"
address: "0.0.0.0:46829"
clientAddress: "0.0.0.0:46829"
adminAddress: "0.0.0.0:46829"
startupRole: FOLLOWER
,id: "s0"
address: "localhost:40297"
dataStreamAddress: "localhost:44739"
clientAddress: "localhost:41489"
adminAddress: "localhost:35149"
startupRole: FOLLOWER
,id: "s1"
address: "localhost:34209"
dataStreamAddress: "localhost:42239"
clientAddress: "localhost:34087"
adminAddress: "localhost:46327"
startupRole: FOLLOWER
,id: "s2"
address: "localhost:35445"
dataStreamAddress: "localhost:42365"
clientAddress: "localhost:41671"
adminAddress: "localhost:46495"
startupRole: FOLLOWER
, old:id: "s0"
address: "localhost:40297"
dataStreamAddress: "localhost:44739"
clientAddress: "localhost:41489"
adminAddress: "localhost:35149"
startupRole: FOLLOWER
,id: "s1"
address: "localhost:34209"
dataStreamAddress: "localhost:42239"
clientAddress: "localhost:34087"
adminAddress: "localhost:46327"
startupRole: FOLLOWER
,id: "s2"
address: "localhost:35445"
dataStreamAddress: "localhost:42365"
clientAddress: "localhost:41671"
adminAddress: "localhost:46495"
startupRole: FOLLOWER
)]
2023-11-20 19:26:43,115 [s3-server-thread3] INFO  server.RaftServer$Division (ServerState.java:setRaftConf(382)) - s3@group-80861D532C92: set configuration 5: peers:[s3|0.0.0.0:40989, s4|0.0.0.0:46829, s0|localhost:40297, s1|localhost:34209, s2|localhost:35445]|listeners:[], old=peers:[s0|localhost:40297, s1|localhost:34209, s2|localhost:35445]|listeners:[]
2023-11-20 19:26:43,116 [s0-server-thread2] DEBUG server.RaftServer$Division (RaftServerImpl.java:logAppendEntries(1504)) - s0@group-80861D532C92: receive appendEntries(s1, 1, (t:1, i:4), 4, true, commits:[s1:c4, s0:c4, s2:c4, s3:c-1, s4:c4], cId:20, entries: [(t:1, i:5), CONFIGURATIONENTRY(current:id: "s3"
address: "0.0.0.0:40989"
clientAddress: "0.0.0.0:40989"
adminAddress: "0.0.0.0:40989"
startupRole: FOLLOWER
,id: "s4"
address: "0.0.0.0:46829"
clientAddress: "0.0.0.0:46829"
adminAddress: "0.0.0.0:46829"
startupRole: FOLLOWER
,id: "s0"
address: "localhost:40297"
dataStreamAddress: "localhost:44739"
clientAddress: "localhost:41489"
adminAddress: "localhost:35149"
startupRole: FOLLOWER
,id: "s1"
address: "localhost:34209"
dataStreamAddress: "localhost:42239"
clientAddress: "localhost:34087"
adminAddress: "localhost:46327"
startupRole: FOLLOWER
,id: "s2"
address: "localhost:35445"
dataStreamAddress: "localhost:42365"
clientAddress: "localhost:41671"
adminAddress: "localhost:46495"
startupRole: FOLLOWER
, old:id: "s0"
address: "localhost:40297"
dataStreamAddress: "localhost:44739"
clientAddress: "localhost:41489"
adminAddress: "localhost:35149"
startupRole: FOLLOWER
,id: "s1"
address: "localhost:34209"
dataStreamAddress: "localhost:42239"
clientAddress: "localhost:34087"
adminAddress: "localhost:46327"
startupRole: FOLLOWER
,id: "s2"
address: "localhost:35445"
dataStreamAddress: "localhost:42365"
clientAddress: "localhost:41671"
adminAddress: "localhost:46495"
startupRole: FOLLOWER
)]
2023-11-20 19:26:43,116 [s2-server-thread2] INFO  server.RaftServer$Division (ServerState.java:setRaftConf(382)) - s2@group-80861D532C92: set configuration 5: peers:[s3|0.0.0.0:40989, s4|0.0.0.0:46829, s0|localhost:40297, s1|localhost:34209, s2|localhost:35445]|listeners:[], old=peers:[s0|localhost:40297, s1|localhost:34209, s2|localhost:35445]|listeners:[]
2023-11-20 19:26:43,116 [s0-server-thread2] INFO  server.RaftServer$Division (ServerState.java:setRaftConf(382)) - s0@group-80861D532C92: set configuration 5: peers:[s3|0.0.0.0:40989, s4|0.0.0.0:46829, s0|localhost:40297, s1|localhost:34209, s2|localhost:35445]|listeners:[], old=peers:[s0|localhost:40297, s1|localhost:34209, s2|localhost:35445]|listeners:[]
2023-11-20 19:26:43,116 [s3-server-thread3] DEBUG server.RaftServer$Division (RaftServerImpl.java:logAppendEntries(1504)) - s3@group-80861D532C92: succeeded to handle AppendEntries. Reply: s1<-s3#4:OK-t1,SUCCESS,nextIndex=6,followerCommit=4,matchIndex=5
2023-11-20 19:26:43,117 [s0-server-thread2] DEBUG server.RaftServer$Division (RaftServerImpl.java:logAppendEntries(1504)) - s0@group-80861D532C92: succeeded to handle AppendEntries. Reply: s1<-s0#20:OK-t1,SUCCESS,nextIndex=6,followerCommit=4,matchIndex=5
2023-11-20 19:26:43,117 [s4-server-thread2] DEBUG server.RaftServer$Division (RaftServerImpl.java:logAppendEntries(1504)) - s4@group-80861D532C92: receive appendEntries(s1, 1, (t:1, i:4), 4, false, commits:[s1:c4, s0:c4, s2:c4, s3:c-1, s4:c4], cId:3, entries: [(t:1, i:5), CONFIGURATIONENTRY(current:id: "s3"
address: "0.0.0.0:40989"
clientAddress: "0.0.0.0:40989"
adminAddress: "0.0.0.0:40989"
startupRole: FOLLOWER
,id: "s4"
address: "0.0.0.0:46829"
clientAddress: "0.0.0.0:46829"
adminAddress: "0.0.0.0:46829"
startupRole: FOLLOWER
,id: "s0"
address: "localhost:40297"
dataStreamAddress: "localhost:44739"
clientAddress: "localhost:41489"
adminAddress: "localhost:35149"
startupRole: FOLLOWER
,id: "s1"
address: "localhost:34209"
dataStreamAddress: "localhost:42239"
clientAddress: "localhost:34087"
adminAddress: "localhost:46327"
startupRole: FOLLOWER
,id: "s2"
address: "localhost:35445"
dataStreamAddress: "localhost:42365"
clientAddress: "localhost:41671"
adminAddress: "localhost:46495"
startupRole: FOLLOWER
, old:id: "s0"
address: "localhost:40297"
dataStreamAddress: "localhost:44739"
clientAddress: "localhost:41489"
adminAddress: "localhost:35149"
startupRole: FOLLOWER
,id: "s1"
address: "localhost:34209"
dataStreamAddress: "localhost:42239"
clientAddress: "localhost:34087"
adminAddress: "localhost:46327"
startupRole: FOLLOWER
,id: "s2"
address: "localhost:35445"
dataStreamAddress: "localhost:42365"
clientAddress: "localhost:41671"
adminAddress: "localhost:46495"
startupRole: FOLLOWER
)]
2023-11-20 19:26:43,117 [s4-server-thread2] INFO  server.RaftServer$Division (ServerState.java:setRaftConf(382)) - s4@group-80861D532C92: set configuration 5: peers:[s3|0.0.0.0:40989, s4|0.0.0.0:46829, s0|localhost:40297, s1|localhost:34209, s2|localhost:35445]|listeners:[], old=peers:[s0|localhost:40297, s1|localhost:34209, s2|localhost:35445]|listeners:[]
2023-11-20 19:26:43,118 [s3@group-80861D532C92-StateMachineUpdater] TRACE util.FileUtils (LogUtils.java:runAndLog(49)) - Successfully ran Atomic Files.move /home/runner/work/ratis/ratis/ratis-test/target/test/data/42d3a8b8/MiniRaftClusterWithGrpc43e5161/s3/cec2cddf-b3fc-46c2-a11a-80861d532c92/current/raft-meta.conf.tmp to /home/runner/work/ratis/ratis/ratis-test/target/test/data/42d3a8b8/MiniRaftClusterWithGrpc43e5161/s3/cec2cddf-b3fc-46c2-a11a-80861d532c92/current/raft-meta.conf with options [REPLACE_EXISTING]
2023-11-20 19:26:43,118 [s3@group-80861D532C92-StateMachineUpdater] INFO  impl.SimpleStateMachine4Testing (SimpleStateMachine4Testing.java:applyTransaction(248)) - applyTransaction for log index 1
2023-11-20 19:26:43,118 [s3@group-80861D532C92-StateMachineUpdater] INFO  impl.SimpleStateMachine4Testing (SimpleStateMachine4Testing.java:put(205)) - s3: put 1, first msg ... -> (t:1, i:1), STATEMACHINELOGENTRY, 13@client-E1C1A2A24A83
2023-11-20 19:26:43,118 [s3@group-80861D532C92-StateMachineUpdater] INFO  impl.SimpleStateMachine4Testing (SimpleStateMachine4Testing.java:applyTransaction(248)) - applyTransaction for log index 3
2023-11-20 19:26:43,118 [s3@group-80861D532C92-StateMachineUpdater] INFO  impl.SimpleStateMachine4Testing (SimpleStateMachine4Testing.java:put(205)) - s3: put 3, message -> (t:1, i:3), STATEMACHINELOGENTRY, 999@client-9B4E1E61C173
2023-11-20 19:26:43,119 [s2-server-thread2] DEBUG server.RaftServer$Division (RaftServerImpl.java:logAppendEntries(1504)) - s2@group-80861D532C92: succeeded to handle AppendEntries. Reply: s1<-s2#19:OK-t1,SUCCESS,nextIndex=6,followerCommit=4,matchIndex=5
2023-11-20 19:26:43,119 [s4-server-thread2] DEBUG server.RaftServer$Division (RaftServerImpl.java:logAppendEntries(1504)) - s4@group-80861D532C92: succeeded to handle AppendEntries. Reply: s1<-s4#3:OK-t1,SUCCESS,nextIndex=6,followerCommit=4,matchIndex=5
2023-11-20 19:26:43,120 [s1@group-80861D532C92-LeaderStateImpl] INFO  server.RaftServer$Division (ServerState.java:setRaftConf(382)) - s1@group-80861D532C92: set configuration 7: peers:[s3|0.0.0.0:40989, s4|0.0.0.0:46829, s0|localhost:40297, s1|localhost:34209, s2|localhost:35445]|listeners:[], old=null
2023-11-20 19:26:43,120 [s1@group-80861D532C92-StateMachineUpdater] TRACE util.FileUtils (LogUtils.java:supplyAndLog(69)) - Successfully supplied FileChannel.open /home/runner/work/ratis/ratis/ratis-test/target/test/data/42d3a8b8/MiniRaftClusterWithGrpc43e5161/s1/cec2cddf-b3fc-46c2-a11a-80861d532c92/current/raft-meta.conf.tmp with options [CREATE, WRITE]: sun.nio.ch.FileChannelImpl@242deb08
2023-11-20 19:26:43,120 [s4-server-thread2] DEBUG server.RaftServer$Division (RaftServerImpl.java:logAppendEntries(1504)) - s4@group-80861D532C92: receive appendEntries(s1, 1, (t:1, i:5), 5, true, commits:[s1:c5, s0:c4, s2:c4, s3:c4, s4:c4], cId:4, entries: [(t:1, i:6), METADATAENTRY(c:5)]
2023-11-20 19:26:43,120 [s3-server-thread3] DEBUG server.RaftServer$Division (RaftServerImpl.java:logAppendEntries(1504)) - s3@group-80861D532C92: receive appendEntries(s1, 1, (t:1, i:5), 5, true, commits:[s1:c5, s0:c4, s2:c4, s3:c4, s4:c4], cId:5, entries: [(t:1, i:6), METADATAENTRY(c:5)]
2023-11-20 19:26:43,120 [s4-server-thread2] DEBUG server.RaftServer$Division (RaftServerImpl.java:logAppendEntries(1504)) - s4@group-80861D532C92: succeeded to handle AppendEntries. Reply: s1<-s4#4:OK-t1,SUCCESS,nextIndex=7,followerCommit=5,matchIndex=6
2023-11-20 19:26:43,121 [s4@group-80861D532C92-StateMachineUpdater] TRACE util.FileUtils (LogUtils.java:supplyAndLog(69)) - Successfully supplied FileChannel.open /home/runner/work/ratis/ratis/ratis-test/target/test/data/42d3a8b8/MiniRaftClusterWithGrpc43e5161/s4/cec2cddf-b3fc-46c2-a11a-80861d532c92/current/raft-meta.conf.tmp with options [CREATE, WRITE]: sun.nio.ch.FileChannelImpl@831d85e
2023-11-20 19:26:43,122 [s4-server-thread2] DEBUG server.RaftServer$Division (RaftServerImpl.java:logAppendEntries(1504)) - s4@group-80861D532C92: receive appendEntries(s1, 1, (t:1, i:6), 5, true, commits:[s1:c5, s0:c4, s2:c4, s3:c4, s4:c4], cId:5, entries: [(t:1, i:7), CONFIGURATIONENTRY(current:id: "s3"
address: "0.0.0.0:40989"
clientAddress: "0.0.0.0:40989"
adminAddress: "0.0.0.0:40989"
startupRole: FOLLOWER
,id: "s4"
address: "0.0.0.0:46829"
clientAddress: "0.0.0.0:46829"
adminAddress: "0.0.0.0:46829"
startupRole: FOLLOWER
,id: "s0"
address: "localhost:40297"
dataStreamAddress: "localhost:44739"
clientAddress: "localhost:41489"
adminAddress: "localhost:35149"
startupRole: FOLLOWER
,id: "s1"
address: "localhost:34209"
dataStreamAddress: "localhost:42239"
clientAddress: "localhost:34087"
adminAddress: "localhost:46327"
startupRole: FOLLOWER
,id: "s2"
address: "localhost:35445"
dataStreamAddress: "localhost:42365"
clientAddress: "localhost:41671"
adminAddress: "localhost:46495"
startupRole: FOLLOWER
, old:)]
2023-11-20 19:26:43,122 [s4-server-thread2] INFO  server.RaftServer$Division (ServerState.java:setRaftConf(382)) - s4@group-80861D532C92: set configuration 7: peers:[s3|0.0.0.0:40989, s4|0.0.0.0:46829, s0|localhost:40297, s1|localhost:34209, s2|localhost:35445]|listeners:[], old=null
2023-11-20 19:26:43,123 [s1@group-80861D532C92-StateMachineUpdater] TRACE util.FileUtils (LogUtils.java:runAndLog(49)) - Successfully ran Atomic Files.move /home/runner/work/ratis/ratis/ratis-test/target/test/data/42d3a8b8/MiniRaftClusterWithGrpc43e5161/s1/cec2cddf-b3fc-46c2-a11a-80861d532c92/current/raft-meta.conf.tmp to /home/runner/work/ratis/ratis/ratis-test/target/test/data/42d3a8b8/MiniRaftClusterWithGrpc43e5161/s1/cec2cddf-b3fc-46c2-a11a-80861d532c92/current/raft-meta.conf with options [REPLACE_EXISTING]
2023-11-20 19:26:43,123 [s4@group-80861D532C92-StateMachineUpdater] TRACE util.FileUtils (LogUtils.java:runAndLog(49)) - Successfully ran Atomic Files.move /home/runner/work/ratis/ratis/ratis-test/target/test/data/42d3a8b8/MiniRaftClusterWithGrpc43e5161/s4/cec2cddf-b3fc-46c2-a11a-80861d532c92/current/raft-meta.conf.tmp to /home/runner/work/ratis/ratis/ratis-test/target/test/data/42d3a8b8/MiniRaftClusterWithGrpc43e5161/s4/cec2cddf-b3fc-46c2-a11a-80861d532c92/current/raft-meta.conf with options [REPLACE_EXISTING]
2023-11-20 19:26:43,124 [s0-server-thread2] DEBUG server.RaftServer$Division (RaftServerImpl.java:logAppendEntries(1504)) - s0@group-80861D532C92: receive appendEntries(s1, 1, (t:1, i:5), 5, true, commits:[s1:c5, s0:c4, s2:c4, s3:c4, s4:c5], cId:21, entries: [(t:1, i:6), METADATAENTRY(c:5), (t:1, i:7), CONFIGURATIONENTRY(current:id: "s3"
address: "0.0.0.0:40989"
clientAddress: "0.0.0.0:40989"
adminAddress: "0.0.0.0:40989"
startupRole: FOLLOWER
,id: "s4"
address: "0.0.0.0:46829"
clientAddress: "0.0.0.0:46829"
adminAddress: "0.0.0.0:46829"
startupRole: FOLLOWER
,id: "s0"
address: "localhost:40297"
dataStreamAddress: "localhost:44739"
clientAddress: "localhost:41489"
adminAddress: "localhost:35149"
startupRole: FOLLOWER
,id: "s1"
address: "localhost:34209"
dataStreamAddress: "localhost:42239"
clientAddress: "localhost:34087"
adminAddress: "localhost:46327"
startupRole: FOLLOWER
,id: "s2"
address: "localhost:35445"
dataStreamAddress: "localhost:42365"
clientAddress: "localhost:41671"
adminAddress: "localhost:46495"
startupRole: FOLLOWER
, old:)]
2023-11-20 19:26:43,124 [s3-server-thread1] DEBUG server.RaftServer$Division (RaftServerImpl.java:logAppendEntries(1504)) - s3@group-80861D532C92: receive appendEntries(s1, 1, (t:1, i:6), 5, true, commits:[s1:c5, s0:c4, s2:c4, s3:c4, s4:c4], cId:6, entries: [(t:1, i:7), CONFIGURATIONENTRY(current:id: "s3"
address: "0.0.0.0:40989"
clientAddress: "0.0.0.0:40989"
adminAddress: "0.0.0.0:40989"
startupRole: FOLLOWER
,id: "s4"
address: "0.0.0.0:46829"
clientAddress: "0.0.0.0:46829"
adminAddress: "0.0.0.0:46829"
startupRole: FOLLOWER
,id: "s0"
address: "localhost:40297"
dataStreamAddress: "localhost:44739"
clientAddress: "localhost:41489"
adminAddress: "localhost:35149"
startupRole: FOLLOWER
,id: "s1"
address: "localhost:34209"
dataStreamAddress: "localhost:42239"
clientAddress: "localhost:34087"
adminAddress: "localhost:46327"
startupRole: FOLLOWER
,id: "s2"
address: "localhost:35445"
dataStreamAddress: "localhost:42365"
clientAddress: "localhost:41671"
adminAddress: "localhost:46495"
startupRole: FOLLOWER
, old:)]
2023-11-20 19:26:43,124 [s0-server-thread2] INFO  server.RaftServer$Division (ServerState.java:setRaftConf(382)) - s0@group-80861D532C92: set configuration 7: peers:[s3|0.0.0.0:40989, s4|0.0.0.0:46829, s0|localhost:40297, s1|localhost:34209, s2|localhost:35445]|listeners:[], old=null
2023-11-20 19:26:43,124 [s3-server-thread1] INFO  server.RaftServer$Division (ServerState.java:setRaftConf(382)) - s3@group-80861D532C92: set configuration 7: peers:[s3|0.0.0.0:40989, s4|0.0.0.0:46829, s0|localhost:40297, s1|localhost:34209, s2|localhost:35445]|listeners:[], old=null
2023-11-20 19:26:43,124 [s3-server-thread2] DEBUG server.RaftServer$Division (RaftServerImpl.java:logAppendEntries(1504)) - s3@group-80861D532C92: succeeded to handle AppendEntries. Reply: s1<-s3#5:OK-t1,SUCCESS,nextIndex=7,followerCommit=5,matchIndex=6
2023-11-20 19:26:43,125 [s3-server-thread1] DEBUG server.RaftServer$Division (RaftServerImpl.java:logAppendEntries(1504)) - s3@group-80861D532C92: succeeded to handle AppendEntries. Reply: s1<-s3#6:OK-t1,SUCCESS,nextIndex=8,followerCommit=5,matchIndex=7
2023-11-20 19:26:43,125 [s0-server-thread2] DEBUG server.RaftServer$Division (RaftServerImpl.java:logAppendEntries(1504)) - s0@group-80861D532C92: succeeded to handle AppendEntries. Reply: s1<-s0#21:OK-t1,SUCCESS,nextIndex=8,followerCommit=5,matchIndex=7
2023-11-20 19:26:43,125 [s0@group-80861D532C92-StateMachineUpdater] TRACE util.FileUtils (LogUtils.java:supplyAndLog(69)) - Successfully supplied FileChannel.open /home/runner/work/ratis/ratis/ratis-test/target/test/data/42d3a8b8/MiniRaftClusterWithGrpc43e5161/s0/cec2cddf-b3fc-46c2-a11a-80861d532c92/current/raft-meta.conf.tmp with options [CREATE, WRITE]: sun.nio.ch.FileChannelImpl@390bc7e0
2023-11-20 19:26:43,126 [s3@group-80861D532C92-StateMachineUpdater] TRACE util.FileUtils (LogUtils.java:supplyAndLog(69)) - Successfully supplied FileChannel.open /home/runner/work/ratis/ratis/ratis-test/target/test/data/42d3a8b8/MiniRaftClusterWithGrpc43e5161/s3/cec2cddf-b3fc-46c2-a11a-80861d532c92/current/raft-meta.conf.tmp with options [CREATE, WRITE]: sun.nio.ch.FileChannelImpl@719a3a82
2023-11-20 19:26:43,127 [s0@group-80861D532C92-StateMachineUpdater] TRACE util.FileUtils (LogUtils.java:runAndLog(49)) - Successfully ran Atomic Files.move /home/runner/work/ratis/ratis/ratis-test/target/test/data/42d3a8b8/MiniRaftClusterWithGrpc43e5161/s0/cec2cddf-b3fc-46c2-a11a-80861d532c92/current/raft-meta.conf.tmp to /home/runner/work/ratis/ratis/ratis-test/target/test/data/42d3a8b8/MiniRaftClusterWithGrpc43e5161/s0/cec2cddf-b3fc-46c2-a11a-80861d532c92/current/raft-meta.conf with options [REPLACE_EXISTING]
2023-11-20 19:26:43,128 [s2-server-thread2] DEBUG server.RaftServer$Division (RaftServerImpl.java:logAppendEntries(1504)) - s2@group-80861D532C92: receive appendEntries(s1, 1, (t:1, i:5), 5, true, commits:[s1:c5, s0:c4, s2:c4, s3:c4, s4:c5], cId:20, entries: [(t:1, i:6), METADATAENTRY(c:5), (t:1, i:7), CONFIGURATIONENTRY(current:id: "s3"
address: "0.0.0.0:40989"
clientAddress: "0.0.0.0:40989"
adminAddress: "0.0.0.0:40989"
startupRole: FOLLOWER
,id: "s4"
address: "0.0.0.0:46829"
clientAddress: "0.0.0.0:46829"
adminAddress: "0.0.0.0:46829"
startupRole: FOLLOWER
,id: "s0"
address: "localhost:40297"
dataStreamAddress: "localhost:44739"
clientAddress: "localhost:41489"
adminAddress: "localhost:35149"
startupRole: FOLLOWER
,id: "s1"
address: "localhost:34209"
dataStreamAddress: "localhost:42239"
clientAddress: "localhost:34087"
adminAddress: "localhost:46327"
startupRole: FOLLOWER
,id: "s2"
address: "localhost:35445"
dataStreamAddress: "localhost:42365"
clientAddress: "localhost:41671"
adminAddress: "localhost:46495"
startupRole: FOLLOWER
, old:)]
2023-11-20 19:26:43,128 [s2-server-thread2] INFO  server.RaftServer$Division (ServerState.java:setRaftConf(382)) - s2@group-80861D532C92: set configuration 7: peers:[s3|0.0.0.0:40989, s4|0.0.0.0:46829, s0|localhost:40297, s1|localhost:34209, s2|localhost:35445]|listeners:[], old=null
2023-11-20 19:26:43,129 [s3@group-80861D532C92-StateMachineUpdater] TRACE util.FileUtils (LogUtils.java:runAndLog(49)) - Successfully ran Atomic Files.move /home/runner/work/ratis/ratis/ratis-test/target/test/data/42d3a8b8/MiniRaftClusterWithGrpc43e5161/s3/cec2cddf-b3fc-46c2-a11a-80861d532c92/current/raft-meta.conf.tmp to /home/runner/work/ratis/ratis/ratis-test/target/test/data/42d3a8b8/MiniRaftClusterWithGrpc43e5161/s3/cec2cddf-b3fc-46c2-a11a-80861d532c92/current/raft-meta.conf with options [REPLACE_EXISTING]
2023-11-20 19:26:43,129 [s2-server-thread2] DEBUG server.RaftServer$Division (RaftServerImpl.java:logAppendEntries(1504)) - s2@group-80861D532C92: succeeded to handle AppendEntries. Reply: s1<-s2#20:OK-t1,SUCCESS,nextIndex=8,followerCommit=5,matchIndex=7
2023-11-20 19:26:43,129 [s4-server-thread2] DEBUG server.RaftServer$Division (RaftServerImpl.java:logAppendEntries(1504)) - s4@group-80861D532C92: succeeded to handle AppendEntries. Reply: s1<-s4#5:OK-t1,SUCCESS,nextIndex=8,followerCommit=5,matchIndex=7
2023-11-20 19:26:43,129 [s2@group-80861D532C92-StateMachineUpdater] TRACE util.FileUtils (LogUtils.java:supplyAndLog(69)) - Successfully supplied FileChannel.open /home/runner/work/ratis/ratis/ratis-test/target/test/data/42d3a8b8/MiniRaftClusterWithGrpc43e5161/s2/cec2cddf-b3fc-46c2-a11a-80861d532c92/current/raft-meta.conf.tmp with options [CREATE, WRITE]: sun.nio.ch.FileChannelImpl@74af0a25
2023-11-20 19:26:43,132 [s1@group-80861D532C92-StateMachineUpdater] TRACE util.FileUtils (LogUtils.java:supplyAndLog(69)) - Successfully supplied FileChannel.open /home/runner/work/ratis/ratis/ratis-test/target/test/data/42d3a8b8/MiniRaftClusterWithGrpc43e5161/s1/cec2cddf-b3fc-46c2-a11a-80861d532c92/current/raft-meta.conf.tmp with options [CREATE, WRITE]: sun.nio.ch.FileChannelImpl@612f61e9
2023-11-20 19:26:43,135 [s0-server-thread2] DEBUG server.RaftServer$Division (RaftServerImpl.java:logAppendEntries(1504)) - s0@group-80861D532C92: receive appendEntries(s1, 1, (t:1, i:7), 7, true, commits:[s1:c7, s0:c5, s2:c5, s3:c5, s4:c5], cId:25, entries: [(t:1, i:8), METADATAENTRY(c:7)]
2023-11-20 19:26:43,136 [s3-server-thread2] DEBUG server.RaftServer$Division (RaftServerImpl.java:logAppendEntries(1504)) - s3@group-80861D532C92: receive appendEntries(s1, 1, (t:1, i:7), 7, true, commits:[s1:c7, s0:c5, s2:c5, s3:c5, s4:c5], cId:10, entries: [(t:1, i:8), METADATAENTRY(c:7)]
2023-11-20 19:26:43,136 [s2-server-thread2] DEBUG server.RaftServer$Division (RaftServerImpl.java:logAppendEntries(1504)) - s2@group-80861D532C92: receive appendEntries(s1, 1, (t:1, i:7), 7, true, commits:[s1:c7, s0:c5, s2:c5, s3:c5, s4:c5], cId:24, entries: [(t:1, i:8), METADATAENTRY(c:7)]
2023-11-20 19:26:43,136 [s3-server-thread2] DEBUG server.RaftServer$Division (RaftServerImpl.java:logAppendEntries(1504)) - s3@group-80861D532C92: succeeded to handle AppendEntries. Reply: s1<-s3#10:OK-t1,SUCCESS,nextIndex=9,followerCommit=7,matchIndex=8
2023-11-20 19:26:43,137 [s0-server-thread2] DEBUG server.RaftServer$Division (RaftServerImpl.java:logAppendEntries(1504)) - s0@group-80861D532C92: succeeded to handle AppendEntries. Reply: s1<-s0#25:OK-t1,SUCCESS,nextIndex=9,followerCommit=7,matchIndex=8
2023-11-20 19:26:43,137 [s2@group-80861D532C92-StateMachineUpdater] TRACE util.FileUtils (LogUtils.java:runAndLog(49)) - Successfully ran Atomic Files.move /home/runner/work/ratis/ratis/ratis-test/target/test/data/42d3a8b8/MiniRaftClusterWithGrpc43e5161/s2/cec2cddf-b3fc-46c2-a11a-80861d532c92/current/raft-meta.conf.tmp to /home/runner/work/ratis/ratis/ratis-test/target/test/data/42d3a8b8/MiniRaftClusterWithGrpc43e5161/s2/cec2cddf-b3fc-46c2-a11a-80861d532c92/current/raft-meta.conf with options [REPLACE_EXISTING]
2023-11-20 19:26:43,137 [s0@group-80861D532C92-StateMachineUpdater] TRACE util.FileUtils (LogUtils.java:supplyAndLog(69)) - Successfully supplied FileChannel.open /home/runner/work/ratis/ratis/ratis-test/target/test/data/42d3a8b8/MiniRaftClusterWithGrpc43e5161/s0/cec2cddf-b3fc-46c2-a11a-80861d532c92/current/raft-meta.conf.tmp with options [CREATE, WRITE]: sun.nio.ch.FileChannelImpl@3d345419
2023-11-20 19:26:43,137 [s1@group-80861D532C92-StateMachineUpdater] TRACE util.FileUtils (LogUtils.java:runAndLog(49)) - Successfully ran Atomic Files.move /home/runner/work/ratis/ratis/ratis-test/target/test/data/42d3a8b8/MiniRaftClusterWithGrpc43e5161/s1/cec2cddf-b3fc-46c2-a11a-80861d532c92/current/raft-meta.conf.tmp to /home/runner/work/ratis/ratis/ratis-test/target/test/data/42d3a8b8/MiniRaftClusterWithGrpc43e5161/s1/cec2cddf-b3fc-46c2-a11a-80861d532c92/current/raft-meta.conf with options [REPLACE_EXISTING]
2023-11-20 19:26:43,137 [s2-server-thread2] DEBUG server.RaftServer$Division (RaftServerImpl.java:logAppendEntries(1504)) - s2@group-80861D532C92: succeeded to handle AppendEntries. Reply: s1<-s2#24:OK-t1,SUCCESS,nextIndex=9,followerCommit=7,matchIndex=8
2023-11-20 19:26:43,138 [s2@group-80861D532C92-StateMachineUpdater] TRACE util.FileUtils (LogUtils.java:supplyAndLog(69)) - Successfully supplied FileChannel.open /home/runner/work/ratis/ratis/ratis-test/target/test/data/42d3a8b8/MiniRaftClusterWithGrpc43e5161/s2/cec2cddf-b3fc-46c2-a11a-80861d532c92/current/raft-meta.conf.tmp with options [CREATE, WRITE]: sun.nio.ch.FileChannelImpl@70909068
2023-11-20 19:26:43,139 [s4-server-thread2] DEBUG server.RaftServer$Division (RaftServerImpl.java:logAppendEntries(1504)) - s4@group-80861D532C92: receive appendEntries(s1, 1, (t:1, i:7), 7, true, commits:[s1:c7, s0:c5, s2:c5, s3:c5, s4:c5], cId:10, entries: [(t:1, i:8), METADATAENTRY(c:7)]
2023-11-20 19:26:43,139 [s0@group-80861D532C92-StateMachineUpdater] TRACE util.FileUtils (LogUtils.java:runAndLog(49)) - Successfully ran Atomic Files.move /home/runner/work/ratis/ratis/ratis-test/target/test/data/42d3a8b8/MiniRaftClusterWithGrpc43e5161/s0/cec2cddf-b3fc-46c2-a11a-80861d532c92/current/raft-meta.conf.tmp to /home/runner/work/ratis/ratis/ratis-test/target/test/data/42d3a8b8/MiniRaftClusterWithGrpc43e5161/s0/cec2cddf-b3fc-46c2-a11a-80861d532c92/current/raft-meta.conf with options [REPLACE_EXISTING]
2023-11-20 19:26:43,140 [s4-server-thread2] DEBUG server.RaftServer$Division (RaftServerImpl.java:logAppendEntries(1504)) - s4@group-80861D532C92: succeeded to handle AppendEntries. Reply: s1<-s4#10:OK-t1,SUCCESS,nextIndex=9,followerCommit=7,matchIndex=8
2023-11-20 19:26:43,140 [s4@group-80861D532C92-StateMachineUpdater] TRACE util.FileUtils (LogUtils.java:supplyAndLog(69)) - Successfully supplied FileChannel.open /home/runner/work/ratis/ratis/ratis-test/target/test/data/42d3a8b8/MiniRaftClusterWithGrpc43e5161/s4/cec2cddf-b3fc-46c2-a11a-80861d532c92/current/raft-meta.conf.tmp with options [CREATE, WRITE]: sun.nio.ch.FileChannelImpl@c0e5d80
2023-11-20 19:26:43,140 [s2@group-80861D532C92-StateMachineUpdater] TRACE util.FileUtils (LogUtils.java:runAndLog(49)) - Successfully ran Atomic Files.move /home/runner/work/ratis/ratis/ratis-test/target/test/data/42d3a8b8/MiniRaftClusterWithGrpc43e5161/s2/cec2cddf-b3fc-46c2-a11a-80861d532c92/current/raft-meta.conf.tmp to /home/runner/work/ratis/ratis/ratis-test/target/test/data/42d3a8b8/MiniRaftClusterWithGrpc43e5161/s2/cec2cddf-b3fc-46c2-a11a-80861d532c92/current/raft-meta.conf with options [REPLACE_EXISTING]
2023-11-20 19:26:43,141 [s3@group-80861D532C92-StateMachineUpdater] TRACE util.FileUtils (LogUtils.java:supplyAndLog(69)) - Successfully supplied FileChannel.open /home/runner/work/ratis/ratis/ratis-test/target/test/data/42d3a8b8/MiniRaftClusterWithGrpc43e5161/s3/cec2cddf-b3fc-46c2-a11a-80861d532c92/current/raft-meta.conf.tmp with options [CREATE, WRITE]: sun.nio.ch.FileChannelImpl@75a5b069
2023-11-20 19:26:43,142 [s4@group-80861D532C92-StateMachineUpdater] TRACE util.FileUtils (LogUtils.java:runAndLog(49)) - Successfully ran Atomic Files.move /home/runner/work/ratis/ratis/ratis-test/target/test/data/42d3a8b8/MiniRaftClusterWithGrpc43e5161/s4/cec2cddf-b3fc-46c2-a11a-80861d532c92/current/raft-meta.conf.tmp to /home/runner/work/ratis/ratis/ratis-test/target/test/data/42d3a8b8/MiniRaftClusterWithGrpc43e5161/s4/cec2cddf-b3fc-46c2-a11a-80861d532c92/current/raft-meta.conf with options [REPLACE_EXISTING]
2023-11-20 19:26:43,143 [s3@group-80861D532C92-StateMachineUpdater] TRACE util.FileUtils (LogUtils.java:runAndLog(49)) - Successfully ran Atomic Files.move /home/runner/work/ratis/ratis/ratis-test/target/test/data/42d3a8b8/MiniRaftClusterWithGrpc43e5161/s3/cec2cddf-b3fc-46c2-a11a-80861d532c92/current/raft-meta.conf.tmp to /home/runner/work/ratis/ratis/ratis-test/target/test/data/42d3a8b8/MiniRaftClusterWithGrpc43e5161/s3/cec2cddf-b3fc-46c2-a11a-80861d532c92/current/raft-meta.conf with options [REPLACE_EXISTING]
2023-11-20 19:26:43,151 [Time-limited test] INFO  impl.MiniRaftCluster (MiniRaftCluster.java:setConfiguration(819)) - Start changing the configuration: [s3|0.0.0.0:40989, s4|0.0.0.0:46829, s2|localhost:35445]
2023-11-20 19:26:43,156 [s3-server-thread2] INFO  server.RaftServer$Division (RaftServerImpl.java:setConfigurationAsync(1264)) - s3@group-80861D532C92: receive setConfiguration SetConfigurationRequest:client-2A7F6CD85A3B->s3@group-80861D532C92, cid=15, seq=null, RW, null, SET_UNCONDITIONALLY, servers:[s3|0.0.0.0:40989, s4|0.0.0.0:46829, s2|localhost:35445], listeners:[]
2023-11-20 19:26:43,166 [grpc-default-executor-0] ERROR impl.OrderedAsync (OrderedAsync.java:lambda$sendRequest$9(247)) - client-E9C94F68C118: Failed* RaftClientRequest:client-E9C94F68C118->s0@group-F61A228DBE4A, cid=6, seq=1*, Watch(0), null
java.util.concurrent.CompletionException: java.io.IOException: org.apache.ratis.thirdparty.io.grpc.StatusRuntimeException: UNAVAILABLE: io exception
	at java.base/java.util.concurrent.CompletableFuture.encodeThrowable(CompletableFuture.java:331)
	at java.base/java.util.concurrent.CompletableFuture.completeThrowable(CompletableFuture.java:346)
	at java.base/java.util.concurrent.CompletableFuture$UniApply.tryFire(CompletableFuture.java:632)
	at java.base/java.util.concurrent.CompletableFuture.postComplete(CompletableFuture.java:506)
	at java.base/java.util.concurrent.CompletableFuture.completeExceptionally(CompletableFuture.java:2094)
	at org.apache.ratis.grpc.client.GrpcClientProtocolClient$AsyncStreamObservers.completeReplyExceptionally(GrpcClientProtocolClient.java:394)
	at org.apache.ratis.grpc.client.GrpcClientProtocolClient$AsyncStreamObservers.access$000(GrpcClientProtocolClient.java:300)
	at org.apache.ratis.grpc.client.GrpcClientProtocolClient$AsyncStreamObservers$1.onError(GrpcClientProtocolClient.java:331)
	at org.apache.ratis.thirdparty.io.grpc.stub.ClientCalls$StreamObserverToCallListenerAdapter.onClose(ClientCalls.java:481)
	at org.apache.ratis.thirdparty.io.grpc.PartialForwardingClientCallListener.onClose(PartialForwardingClientCallListener.java:39)
	at org.apache.ratis.thirdparty.io.grpc.ForwardingClientCallListener.onClose(ForwardingClientCallListener.java:23)
	at org.apache.ratis.grpc.metrics.intercept.client.MetricClientCallListener.onClose(MetricClientCallListener.java:47)
	at org.apache.ratis.thirdparty.io.grpc.internal.DelayedClientCall$DelayedListener$3.run(DelayedClientCall.java:489)
	at org.apache.ratis.thirdparty.io.grpc.internal.DelayedClientCall$DelayedListener.delayOrExecute(DelayedClientCall.java:453)
	at org.apache.ratis.thirdparty.io.grpc.internal.DelayedClientCall$DelayedListener.onClose(DelayedClientCall.java:486)
	at org.apache.ratis.thirdparty.io.grpc.internal.ClientCallImpl.closeObserver(ClientCallImpl.java:567)
	at org.apache.ratis.thirdparty.io.grpc.internal.ClientCallImpl.access$300(ClientCallImpl.java:71)
	at org.apache.ratis.thirdparty.io.grpc.internal.ClientCallImpl$ClientStreamListenerImpl$1StreamClosed.runInternal(ClientCallImpl.java:735)
	at org.apache.ratis.thirdparty.io.grpc.internal.ClientCallImpl$ClientStreamListenerImpl$1StreamClosed.runInContext(ClientCallImpl.java:716)
	at org.apache.ratis.thirdparty.io.grpc.internal.ContextRunnable.run(ContextRunnable.java:37)
	at org.apache.ratis.thirdparty.io.grpc.internal.SerializingExecutor.run(SerializingExecutor.java:133)
	at java.base/java.util.concurrent.ThreadPoolExecutor.runWorker(ThreadPoolExecutor.java:1128)
	at java.base/java.util.concurrent.ThreadPoolExecutor$Worker.run(ThreadPoolExecutor.java:628)
	at java.base/java.lang.Thread.run(Thread.java:829)
Caused by: java.io.IOException: org.apache.ratis.thirdparty.io.grpc.StatusRuntimeException: UNAVAILABLE: io exception
	at org.apache.ratis.grpc.GrpcUtil.unwrapException(GrpcUtil.java:99)
	at org.apache.ratis.grpc.GrpcUtil.unwrapIOException(GrpcUtil.java:159)
	at org.apache.ratis.grpc.client.GrpcClientProtocolClient$AsyncStreamObservers$1.onError(GrpcClientProtocolClient.java:330)
	... 16 more
Caused by: org.apache.ratis.thirdparty.io.grpc.StatusRuntimeException: UNAVAILABLE: io exception
	at org.apache.ratis.thirdparty.io.grpc.Status.asRuntimeException(Status.java:537)
	... 16 more
Caused by: org.apache.ratis.thirdparty.io.netty.channel.AbstractChannel$AnnotatedConnectException: finishConnect(..) failed: Connection refused: localhost/127.0.0.1:37411
Caused by: java.net.ConnectException: finishConnect(..) failed: Connection refused
	at org.apache.ratis.thirdparty.io.netty.channel.unix.Errors.newConnectException0(Errors.java:166)
	at org.apache.ratis.thirdparty.io.netty.channel.unix.Errors.handleConnectErrno(Errors.java:131)
	at org.apache.ratis.thirdparty.io.netty.channel.unix.Socket.finishConnect(Socket.java:359)
	at org.apache.ratis.thirdparty.io.netty.channel.epoll.AbstractEpollChannel$AbstractEpollUnsafe.doFinishConnect(AbstractEpollChannel.java:710)
	at org.apache.ratis.thirdparty.io.netty.channel.epoll.AbstractEpollChannel$AbstractEpollUnsafe.finishConnect(AbstractEpollChannel.java:687)
	at org.apache.ratis.thirdparty.io.netty.channel.epoll.AbstractEpollChannel$AbstractEpollUnsafe.epollOutReady(AbstractEpollChannel.java:567)
	at org.apache.ratis.thirdparty.io.netty.channel.epoll.EpollEventLoop.processReady(EpollEventLoop.java:499)
	at org.apache.ratis.thirdparty.io.netty.channel.epoll.EpollEventLoop.run(EpollEventLoop.java:407)
	at org.apache.ratis.thirdparty.io.netty.util.concurrent.SingleThreadEventExecutor$4.run(SingleThreadEventExecutor.java:997)
	at org.apache.ratis.thirdparty.io.netty.util.internal.ThreadExecutorMap$2.run(ThreadExecutorMap.java:74)
	at org.apache.ratis.thirdparty.io.netty.util.concurrent.FastThreadLocalRunnable.run(FastThreadLocalRunnable.java:30)
	at java.base/java.lang.Thread.run(Thread.java:829)
2023-11-20 19:26:43,262 [s1-server-thread1] INFO  server.RaftServer$Division (RaftServerImpl.java:setConfigurationAsync(1264)) - s1@group-80861D532C92: receive setConfiguration SetConfigurationRequest:client-2A7F6CD85A3B->s1@group-80861D532C92, cid=15, seq=null, RW, null, SET_UNCONDITIONALLY, servers:[s3|0.0.0.0:40989, s4|0.0.0.0:46829, s2|localhost:35445], listeners:[]
2023-11-20 19:26:43,263 [s1-server-thread1] INFO  server.RaftServer$Division (LeaderStateImpl.java:startSetConfiguration(483)) - s1@group-80861D532C92-LeaderStateImpl: startSetConfiguration SetConfigurationRequest:client-2A7F6CD85A3B->s1@group-80861D532C92, cid=15, seq=null, RW, null, SET_UNCONDITIONALLY, servers:[s3|0.0.0.0:40989, s4|0.0.0.0:46829, s2|localhost:35445], listeners:[]
2023-11-20 19:26:43,263 [s1-server-thread1] INFO  server.RaftServer$Division (ServerState.java:setRaftConf(382)) - s1@group-80861D532C92: set configuration 9: peers:[s3|0.0.0.0:40989, s4|0.0.0.0:46829, s2|localhost:35445]|listeners:[], old=peers:[s3|0.0.0.0:40989, s4|0.0.0.0:46829, s0|localhost:40297, s1|localhost:34209, s2|localhost:35445]|listeners:[]
2023-11-20 19:26:43,265 [s0-server-thread1] DEBUG server.RaftServer$Division (RaftServerImpl.java:logAppendEntries(1504)) - s0@group-80861D532C92: receive appendEntries(s1, 1, (t:1, i:8), 8, true, commits:[s1:c8, s0:c8, s2:c8, s3:c8, s4:c8], cId:30, entries: [(t:1, i:9), CONFIGURATIONENTRY(current:id: "s3"
address: "0.0.0.0:40989"
clientAddress: "0.0.0.0:40989"
adminAddress: "0.0.0.0:40989"
startupRole: FOLLOWER
,id: "s4"
address: "0.0.0.0:46829"
clientAddress: "0.0.0.0:46829"
adminAddress: "0.0.0.0:46829"
startupRole: FOLLOWER
,id: "s2"
address: "localhost:35445"
dataStreamAddress: "localhost:42365"
clientAddress: "localhost:41671"
adminAddress: "localhost:46495"
startupRole: FOLLOWER
, old:id: "s3"
address: "0.0.0.0:40989"
clientAddress: "0.0.0.0:40989"
adminAddress: "0.0.0.0:40989"
startupRole: FOLLOWER
,id: "s4"
address: "0.0.0.0:46829"
clientAddress: "0.0.0.0:46829"
adminAddress: "0.0.0.0:46829"
startupRole: FOLLOWER
,id: "s0"
address: "localhost:40297"
dataStreamAddress: "localhost:44739"
clientAddress: "localhost:41489"
adminAddress: "localhost:35149"
startupRole: FOLLOWER
,id: "s1"
address: "localhost:34209"
dataStreamAddress: "localhost:42239"
clientAddress: "localhost:34087"
adminAddress: "localhost:46327"
startupRole: FOLLOWER
,id: "s2"
address: "localhost:35445"
dataStreamAddress: "localhost:42365"
clientAddress: "localhost:41671"
adminAddress: "localhost:46495"
startupRole: FOLLOWER
)]
2023-11-20 19:26:43,265 [s2-server-thread1] DEBUG server.RaftServer$Division (RaftServerImpl.java:logAppendEntries(1504)) - s2@group-80861D532C92: receive appendEntries(s1, 1, (t:1, i:8), 8, true, commits:[s1:c8, s0:c8, s2:c8, s3:c8, s4:c8], cId:30, entries: [(t:1, i:9), CONFIGURATIONENTRY(current:id: "s3"
address: "0.0.0.0:40989"
clientAddress: "0.0.0.0:40989"
adminAddress: "0.0.0.0:40989"
startupRole: FOLLOWER
,id: "s4"
address: "0.0.0.0:46829"
clientAddress: "0.0.0.0:46829"
adminAddress: "0.0.0.0:46829"
startupRole: FOLLOWER
,id: "s2"
address: "localhost:35445"
dataStreamAddress: "localhost:42365"
clientAddress: "localhost:41671"
adminAddress: "localhost:46495"
startupRole: FOLLOWER
, old:id: "s3"
address: "0.0.0.0:40989"
clientAddress: "0.0.0.0:40989"
adminAddress: "0.0.0.0:40989"
startupRole: FOLLOWER
,id: "s4"
address: "0.0.0.0:46829"
clientAddress: "0.0.0.0:46829"
adminAddress: "0.0.0.0:46829"
startupRole: FOLLOWER
,id: "s0"
address: "localhost:40297"
dataStreamAddress: "localhost:44739"
clientAddress: "localhost:41489"
adminAddress: "localhost:35149"
startupRole: FOLLOWER
,id: "s1"
address: "localhost:34209"
dataStreamAddress: "localhost:42239"
clientAddress: "localhost:34087"
adminAddress: "localhost:46327"
startupRole: FOLLOWER
,id: "s2"
address: "localhost:35445"
dataStreamAddress: "localhost:42365"
clientAddress: "localhost:41671"
adminAddress: "localhost:46495"
startupRole: FOLLOWER
)]
2023-11-20 19:26:43,266 [s0-server-thread1] INFO  server.RaftServer$Division (ServerState.java:setRaftConf(382)) - s0@group-80861D532C92: set configuration 9: peers:[s3|0.0.0.0:40989, s4|0.0.0.0:46829, s2|localhost:35445]|listeners:[], old=peers:[s3|0.0.0.0:40989, s4|0.0.0.0:46829, s0|localhost:40297, s1|localhost:34209, s2|localhost:35445]|listeners:[]
2023-11-20 19:26:43,266 [s4-server-thread1] DEBUG server.RaftServer$Division (RaftServerImpl.java:logAppendEntries(1504)) - s4@group-80861D532C92: receive appendEntries(s1, 1, (t:1, i:8), 8, true, commits:[s1:c8, s0:c8, s2:c8, s3:c8, s4:c8], cId:19, entries: [(t:1, i:9), CONFIGURATIONENTRY(current:id: "s3"
address: "0.0.0.0:40989"
clientAddress: "0.0.0.0:40989"
adminAddress: "0.0.0.0:40989"
startupRole: FOLLOWER
,id: "s4"
address: "0.0.0.0:46829"
clientAddress: "0.0.0.0:46829"
adminAddress: "0.0.0.0:46829"
startupRole: FOLLOWER
,id: "s2"
address: "localhost:35445"
dataStreamAddress: "localhost:42365"
clientAddress: "localhost:41671"
adminAddress: "localhost:46495"
startupRole: FOLLOWER
, old:id: "s3"
address: "0.0.0.0:40989"
clientAddress: "0.0.0.0:40989"
adminAddress: "0.0.0.0:40989"
startupRole: FOLLOWER
,id: "s4"
address: "0.0.0.0:46829"
clientAddress: "0.0.0.0:46829"
adminAddress: "0.0.0.0:46829"
startupRole: FOLLOWER
,id: "s0"
address: "localhost:40297"
dataStreamAddress: "localhost:44739"
clientAddress: "localhost:41489"
adminAddress: "localhost:35149"
startupRole: FOLLOWER
,id: "s1"
address: "localhost:34209"
dataStreamAddress: "localhost:42239"
clientAddress: "localhost:34087"
adminAddress: "localhost:46327"
startupRole: FOLLOWER
,id: "s2"
address: "localhost:35445"
dataStreamAddress: "localhost:42365"
clientAddress: "localhost:41671"
adminAddress: "localhost:46495"
startupRole: FOLLOWER
)]
2023-11-20 19:26:43,266 [s2-server-thread1] INFO  server.RaftServer$Division (ServerState.java:setRaftConf(382)) - s2@group-80861D532C92: set configuration 9: peers:[s3|0.0.0.0:40989, s4|0.0.0.0:46829, s2|localhost:35445]|listeners:[], old=peers:[s3|0.0.0.0:40989, s4|0.0.0.0:46829, s0|localhost:40297, s1|localhost:34209, s2|localhost:35445]|listeners:[]
2023-11-20 19:26:43,266 [s4-server-thread1] INFO  server.RaftServer$Division (ServerState.java:setRaftConf(382)) - s4@group-80861D532C92: set configuration 9: peers:[s3|0.0.0.0:40989, s4|0.0.0.0:46829, s2|localhost:35445]|listeners:[], old=peers:[s3|0.0.0.0:40989, s4|0.0.0.0:46829, s0|localhost:40297, s1|localhost:34209, s2|localhost:35445]|listeners:[]
2023-11-20 19:26:43,266 [s4-server-thread1] DEBUG server.RaftServer$Division (RaftServerImpl.java:logAppendEntries(1504)) - s4@group-80861D532C92: succeeded to handle AppendEntries. Reply: s1<-s4#19:OK-t1,SUCCESS,nextIndex=10,followerCommit=8,matchIndex=9
2023-11-20 19:26:43,266 [s0-server-thread1] DEBUG server.RaftServer$Division (RaftServerImpl.java:logAppendEntries(1504)) - s0@group-80861D532C92: succeeded to handle AppendEntries. Reply: s1<-s0#30:OK-t1,SUCCESS,nextIndex=10,followerCommit=8,matchIndex=9
2023-11-20 19:26:43,268 [s2-server-thread1] DEBUG server.RaftServer$Division (RaftServerImpl.java:logAppendEntries(1504)) - s2@group-80861D532C92: succeeded to handle AppendEntries. Reply: s1<-s2#30:OK-t1,SUCCESS,nextIndex=10,followerCommit=8,matchIndex=9
2023-11-20 19:26:43,268 [s3-server-thread1] DEBUG server.RaftServer$Division (RaftServerImpl.java:logAppendEntries(1504)) - s3@group-80861D532C92: receive appendEntries(s1, 1, (t:1, i:8), 8, true, commits:[s1:c8, s0:c8, s2:c8, s3:c8, s4:c8], cId:16, entries: [(t:1, i:9), CONFIGURATIONENTRY(current:id: "s3"
address: "0.0.0.0:40989"
clientAddress: "0.0.0.0:40989"
adminAddress: "0.0.0.0:40989"
startupRole: FOLLOWER
,id: "s4"
address: "0.0.0.0:46829"
clientAddress: "0.0.0.0:46829"
adminAddress: "0.0.0.0:46829"
startupRole: FOLLOWER
,id: "s2"
address: "localhost:35445"
dataStreamAddress: "localhost:42365"
clientAddress: "localhost:41671"
adminAddress: "localhost:46495"
startupRole: FOLLOWER
, old:id: "s3"
address: "0.0.0.0:40989"
clientAddress: "0.0.0.0:40989"
adminAddress: "0.0.0.0:40989"
startupRole: FOLLOWER
,id: "s4"
address: "0.0.0.0:46829"
clientAddress: "0.0.0.0:46829"
adminAddress: "0.0.0.0:46829"
startupRole: FOLLOWER
,id: "s0"
address: "localhost:40297"
dataStreamAddress: "localhost:44739"
clientAddress: "localhost:41489"
adminAddress: "localhost:35149"
startupRole: FOLLOWER
,id: "s1"
address: "localhost:34209"
dataStreamAddress: "localhost:42239"
clientAddress: "localhost:34087"
adminAddress: "localhost:46327"
startupRole: FOLLOWER
,id: "s2"
address: "localhost:35445"
dataStreamAddress: "localhost:42365"
clientAddress: "localhost:41671"
adminAddress: "localhost:46495"
startupRole: FOLLOWER
)]
2023-11-20 19:26:43,270 [s3-server-thread1] INFO  server.RaftServer$Division (ServerState.java:setRaftConf(382)) - s3@group-80861D532C92: set configuration 9: peers:[s3|0.0.0.0:40989, s4|0.0.0.0:46829, s2|localhost:35445]|listeners:[], old=peers:[s3|0.0.0.0:40989, s4|0.0.0.0:46829, s0|localhost:40297, s1|localhost:34209, s2|localhost:35445]|listeners:[]
2023-11-20 19:26:43,271 [s3-server-thread1] DEBUG server.RaftServer$Division (RaftServerImpl.java:logAppendEntries(1504)) - s3@group-80861D532C92: succeeded to handle AppendEntries. Reply: s1<-s3#16:OK-t1,SUCCESS,nextIndex=10,followerCommit=8,matchIndex=9
2023-11-20 19:26:43,271 [grpc-default-executor-0] ERROR impl.OrderedAsync (OrderedAsync.java:lambda$sendRequest$9(247)) - client-E9C94F68C118: Failed* RaftClientRequest:client-E9C94F68C118->s2@group-F61A228DBE4A, cid=6, seq=1*, Watch(0), null
java.util.concurrent.CompletionException: java.io.IOException: org.apache.ratis.thirdparty.io.grpc.StatusRuntimeException: UNAVAILABLE: io exception
	at java.base/java.util.concurrent.CompletableFuture.encodeThrowable(CompletableFuture.java:331)
	at java.base/java.util.concurrent.CompletableFuture.completeThrowable(CompletableFuture.java:346)
	at java.base/java.util.concurrent.CompletableFuture$UniApply.tryFire(CompletableFuture.java:632)
	at java.base/java.util.concurrent.CompletableFuture.postComplete(CompletableFuture.java:506)
	at java.base/java.util.concurrent.CompletableFuture.completeExceptionally(CompletableFuture.java:2094)
	at org.apache.ratis.grpc.client.GrpcClientProtocolClient$AsyncStreamObservers.completeReplyExceptionally(GrpcClientProtocolClient.java:394)
	at org.apache.ratis.grpc.client.GrpcClientProtocolClient$AsyncStreamObservers.access$000(GrpcClientProtocolClient.java:300)
	at org.apache.ratis.grpc.client.GrpcClientProtocolClient$AsyncStreamObservers$1.onError(GrpcClientProtocolClient.java:331)
	at org.apache.ratis.thirdparty.io.grpc.stub.ClientCalls$StreamObserverToCallListenerAdapter.onClose(ClientCalls.java:481)
	at org.apache.ratis.thirdparty.io.grpc.PartialForwardingClientCallListener.onClose(PartialForwardingClientCallListener.java:39)
	at org.apache.ratis.thirdparty.io.grpc.ForwardingClientCallListener.onClose(ForwardingClientCallListener.java:23)
	at org.apache.ratis.grpc.metrics.intercept.client.MetricClientCallListener.onClose(MetricClientCallListener.java:47)
	at org.apache.ratis.thirdparty.io.grpc.internal.DelayedClientCall$DelayedListener$3.run(DelayedClientCall.java:489)
	at org.apache.ratis.thirdparty.io.grpc.internal.DelayedClientCall$DelayedListener.delayOrExecute(DelayedClientCall.java:453)
	at org.apache.ratis.thirdparty.io.grpc.internal.DelayedClientCall$DelayedListener.onClose(DelayedClientCall.java:486)
	at org.apache.ratis.thirdparty.io.grpc.internal.ClientCallImpl.closeObserver(ClientCallImpl.java:567)
	at org.apache.ratis.thirdparty.io.grpc.internal.ClientCallImpl.access$300(ClientCallImpl.java:71)
	at org.apache.ratis.thirdparty.io.grpc.internal.ClientCallImpl$ClientStreamListenerImpl$1StreamClosed.runInternal(ClientCallImpl.java:735)
	at org.apache.ratis.thirdparty.io.grpc.internal.ClientCallImpl$ClientStreamListenerImpl$1StreamClosed.runInContext(ClientCallImpl.java:716)
	at org.apache.ratis.thirdparty.io.grpc.internal.ContextRunnable.run(ContextRunnable.java:37)
	at org.apache.ratis.thirdparty.io.grpc.internal.SerializingExecutor.run(SerializingExecutor.java:133)
	at java.base/java.util.concurrent.ThreadPoolExecutor.runWorker(ThreadPoolExecutor.java:1128)
	at java.base/java.util.concurrent.ThreadPoolExecutor$Worker.run(ThreadPoolExecutor.java:628)
	at java.base/java.lang.Thread.run(Thread.java:829)
Caused by: java.io.IOException: org.apache.ratis.thirdparty.io.grpc.StatusRuntimeException: UNAVAILABLE: io exception
	at org.apache.ratis.grpc.GrpcUtil.unwrapException(GrpcUtil.java:99)
	at org.apache.ratis.grpc.GrpcUtil.unwrapIOException(GrpcUtil.java:159)
	at org.apache.ratis.grpc.client.GrpcClientProtocolClient$AsyncStreamObservers$1.onError(GrpcClientProtocolClient.java:330)
	... 16 more
Caused by: org.apache.ratis.thirdparty.io.grpc.StatusRuntimeException: UNAVAILABLE: io exception
	at org.apache.ratis.thirdparty.io.grpc.Status.asRuntimeException(Status.java:537)
	... 16 more
Caused by: org.apache.ratis.thirdparty.io.netty.channel.AbstractChannel$AnnotatedConnectException: finishConnect(..) failed: Connection refused: localhost/127.0.0.1:43097
Caused by: java.net.ConnectException: finishConnect(..) failed: Connection refused
	at org.apache.ratis.thirdparty.io.netty.channel.unix.Errors.newConnectException0(Errors.java:166)
	at org.apache.ratis.thirdparty.io.netty.channel.unix.Errors.handleConnectErrno(Errors.java:131)
	at org.apache.ratis.thirdparty.io.netty.channel.unix.Socket.finishConnect(Socket.java:359)
	at org.apache.ratis.thirdparty.io.netty.channel.epoll.AbstractEpollChannel$AbstractEpollUnsafe.doFinishConnect(AbstractEpollChannel.java:710)
	at org.apache.ratis.thirdparty.io.netty.channel.epoll.AbstractEpollChannel$AbstractEpollUnsafe.finishConnect(AbstractEpollChannel.java:687)
	at org.apache.ratis.thirdparty.io.netty.channel.epoll.AbstractEpollChannel$AbstractEpollUnsafe.epollOutReady(AbstractEpollChannel.java:567)
	at org.apache.ratis.thirdparty.io.netty.channel.epoll.EpollEventLoop.processReady(EpollEventLoop.java:499)
	at org.apache.ratis.thirdparty.io.netty.channel.epoll.EpollEventLoop.run(EpollEventLoop.java:407)
	at org.apache.ratis.thirdparty.io.netty.util.concurrent.SingleThreadEventExecutor$4.run(SingleThreadEventExecutor.java:997)
	at org.apache.ratis.thirdparty.io.netty.util.internal.ThreadExecutorMap$2.run(ThreadExecutorMap.java:74)
	at org.apache.ratis.thirdparty.io.netty.util.concurrent.FastThreadLocalRunnable.run(FastThreadLocalRunnable.java:30)
	at java.base/java.lang.Thread.run(Thread.java:829)
2023-11-20 19:26:43,272 [s1@group-80861D532C92-LeaderStateImpl] INFO  server.RaftServer$Division (ServerState.java:setRaftConf(382)) - s1@group-80861D532C92: set configuration 11: peers:[s3|0.0.0.0:40989, s4|0.0.0.0:46829, s2|localhost:35445]|listeners:[], old=null
2023-11-20 19:26:43,273 [s1@group-80861D532C92-StateMachineUpdater] TRACE util.FileUtils (LogUtils.java:supplyAndLog(69)) - Successfully supplied FileChannel.open /home/runner/work/ratis/ratis/ratis-test/target/test/data/42d3a8b8/MiniRaftClusterWithGrpc43e5161/s1/cec2cddf-b3fc-46c2-a11a-80861d532c92/current/raft-meta.conf.tmp with options [CREATE, WRITE]: sun.nio.ch.FileChannelImpl@63fbfbf4
2023-11-20 19:26:43,273 [s2-server-thread1] DEBUG server.RaftServer$Division (RaftServerImpl.java:logAppendEntries(1504)) - s2@group-80861D532C92: receive appendEntries(s1, 1, (t:1, i:9), 9, true, commits:[s1:c9, s0:c8, s2:c8, s3:c8, s4:c8], cId:31, entries: [(t:1, i:10), METADATAENTRY(c:9)]
2023-11-20 19:26:43,274 [s2-server-thread1] DEBUG server.RaftServer$Division (RaftServerImpl.java:logAppendEntries(1504)) - s2@group-80861D532C92: succeeded to handle AppendEntries. Reply: s1<-s2#31:OK-t1,SUCCESS,nextIndex=11,followerCommit=9,matchIndex=10
2023-11-20 19:26:43,274 [s2@group-80861D532C92-StateMachineUpdater] TRACE util.FileUtils (LogUtils.java:supplyAndLog(69)) - Successfully supplied FileChannel.open /home/runner/work/ratis/ratis/ratis-test/target/test/data/42d3a8b8/MiniRaftClusterWithGrpc43e5161/s2/cec2cddf-b3fc-46c2-a11a-80861d532c92/current/raft-meta.conf.tmp with options [CREATE, WRITE]: sun.nio.ch.FileChannelImpl@3592001e
2023-11-20 19:26:43,276 [grpc-default-executor-0] INFO  server.GrpcServerProtocolService (GrpcServerProtocolService.java:onCompleted(157)) - s0: Completed APPEND_ENTRIES, lastRequest: s1->s0#30-t1,previous=(t:1, i:8),leaderCommit=8,initializing? true,entries: size=1, first=(t:1, i:9), CONFIGURATIONENTRY(current:id: "s3"
address: "0.0.0.0:40989"
clientAddress: "0.0.0.0:40989"
adminAddress: "0.0.0.0:40989"
startupRole: FOLLOWER
,id: "s4"
address: "0.0.0.0:46829"
clientAddress: "0.0.0.0:46829"
adminAddress: "0.0.0.0:46829"
startupRole: FOLLOWER
,id: "s2"
address: "localhost:35445"
dataStreamAddress: "localhost:42365"
clientAddress: "localhost:41671"
adminAddress: "localhost:46495"
startupRole: FOLLOWER
, old:id: "s3"
address: "0.0.0.0:40989"
clientAddress: "0.0.0.0:40989"
adminAddress: "0.0.0.0:40989"
startupRole: FOLLOWER
,id: "s4"
address: "0.0.0.0:46829"
clientAddress: "0.0.0.0:46829"
adminAddress: "0.0.0.0:46829"
startupRole: FOLLOWER
,id: "s0"
address: "localhost:40297"
dataStreamAddress: "localhost:44739"
clientAddress: "localhost:41489"
adminAddress: "localhost:35149"
startupRole: FOLLOWER
,id: "s1"
address: "localhost:34209"
dataStreamAddress: "localhost:42239"
clientAddress: "localhost:34087"
adminAddress: "localhost:46327"
startupRole: FOLLOWER
,id: "s2"
address: "localhost:35445"
dataStreamAddress: "localhost:42365"
clientAddress: "localhost:41671"
adminAddress: "localhost:46495"
startupRole: FOLLOWER
)
2023-11-20 19:26:43,276 [grpc-default-executor-0] INFO  server.GrpcServerProtocolService (GrpcServerProtocolService.java:lambda$onCompleted$5(159)) - s0: Completed APPEND_ENTRIES, lastReply: null
2023-11-20 19:26:43,276 [grpc-default-executor-3] INFO  server.GrpcServerProtocolService (GrpcServerProtocolService.java:onCompleted(157)) - s0: Completed APPEND_ENTRIES, lastRequest: null
2023-11-20 19:26:43,276 [grpc-default-executor-3] INFO  server.GrpcServerProtocolService (GrpcServerProtocolService.java:lambda$onCompleted$5(159)) - s0: Completed APPEND_ENTRIES, lastReply: serverReply {
  requestorId: "s1"
  replyId: "s0"
  raftGroupId {
    id: "\316\302\315\337\263\374F\302\241\032\200\206\035S,\222"
  }
  callId: 29
  success: true
}
term: 1
nextIndex: 9
followerCommit: 8
matchIndex: 18446744073709551615
isHearbeat: true

2023-11-20 19:26:43,276 [s1@group-80861D532C92-StateMachineUpdater] TRACE util.FileUtils (LogUtils.java:runAndLog(49)) - Successfully ran Atomic Files.move /home/runner/work/ratis/ratis/ratis-test/target/test/data/42d3a8b8/MiniRaftClusterWithGrpc43e5161/s1/cec2cddf-b3fc-46c2-a11a-80861d532c92/current/raft-meta.conf.tmp to /home/runner/work/ratis/ratis/ratis-test/target/test/data/42d3a8b8/MiniRaftClusterWithGrpc43e5161/s1/cec2cddf-b3fc-46c2-a11a-80861d532c92/current/raft-meta.conf with options [REPLACE_EXISTING]
2023-11-20 19:26:43,277 [grpc-default-executor-5] INFO  server.GrpcLogAppender (GrpcLogAppender.java:onCompleted(469)) - s1@group-80861D532C92->s0-AppendLogResponseHandler: follower responses appendEntries COMPLETED
2023-11-20 19:26:43,277 [s2@group-80861D532C92-StateMachineUpdater] TRACE util.FileUtils (LogUtils.java:runAndLog(49)) - Successfully ran Atomic Files.move /home/runner/work/ratis/ratis/ratis-test/target/test/data/42d3a8b8/MiniRaftClusterWithGrpc43e5161/s2/cec2cddf-b3fc-46c2-a11a-80861d532c92/current/raft-meta.conf.tmp to /home/runner/work/ratis/ratis/ratis-test/target/test/data/42d3a8b8/MiniRaftClusterWithGrpc43e5161/s2/cec2cddf-b3fc-46c2-a11a-80861d532c92/current/raft-meta.conf with options [REPLACE_EXISTING]
2023-11-20 19:26:43,278 [s3-server-thread1] DEBUG server.RaftServer$Division (RaftServerImpl.java:logAppendEntries(1504)) - s3@group-80861D532C92: receive appendEntries(s1, 1, (t:1, i:9), 9, true, commits:[s1:c9, s2:c8, s3:c8, s4:c8], cId:17, entries: [(t:1, i:10), METADATAENTRY(c:9), (t:1, i:11), CONFIGURATIONENTRY(current:id: "s3"
address: "0.0.0.0:40989"
clientAddress: "0.0.0.0:40989"
adminAddress: "0.0.0.0:40989"
startupRole: FOLLOWER
,id: "s4"
address: "0.0.0.0:46829"
clientAddress: "0.0.0.0:46829"
adminAddress: "0.0.0.0:46829"
startupRole: FOLLOWER
,id: "s2"
address: "localhost:35445"
dataStreamAddress: "localhost:42365"
clientAddress: "localhost:41671"
adminAddress: "localhost:46495"
startupRole: FOLLOWER
, old:)]
2023-11-20 19:26:43,278 [s4-server-thread1] DEBUG server.RaftServer$Division (RaftServerImpl.java:logAppendEntries(1504)) - s4@group-80861D532C92: receive appendEntries(s1, 1, (t:1, i:9), 9, true, commits:[s1:c9, s2:c8, s3:c8, s4:c8], cId:20, entries: [(t:1, i:10), METADATAENTRY(c:9), (t:1, i:11), CONFIGURATIONENTRY(current:id: "s3"
address: "0.0.0.0:40989"
clientAddress: "0.0.0.0:40989"
adminAddress: "0.0.0.0:40989"
startupRole: FOLLOWER
,id: "s4"
address: "0.0.0.0:46829"
clientAddress: "0.0.0.0:46829"
adminAddress: "0.0.0.0:46829"
startupRole: FOLLOWER
,id: "s2"
address: "localhost:35445"
dataStreamAddress: "localhost:42365"
clientAddress: "localhost:41671"
adminAddress: "localhost:46495"
startupRole: FOLLOWER
, old:)]
2023-11-20 19:26:43,278 [s2-server-thread1] DEBUG server.RaftServer$Division (RaftServerImpl.java:logAppendEntries(1504)) - s2@group-80861D532C92: receive appendEntries(s1, 1, (t:1, i:10), 9, true, commits:[s1:c9, s2:c8, s3:c8, s4:c8], cId:32, entries: [(t:1, i:11), CONFIGURATIONENTRY(current:id: "s3"
address: "0.0.0.0:40989"
clientAddress: "0.0.0.0:40989"
adminAddress: "0.0.0.0:40989"
startupRole: FOLLOWER
,id: "s4"
address: "0.0.0.0:46829"
clientAddress: "0.0.0.0:46829"
adminAddress: "0.0.0.0:46829"
startupRole: FOLLOWER
,id: "s2"
address: "localhost:35445"
dataStreamAddress: "localhost:42365"
clientAddress: "localhost:41671"
adminAddress: "localhost:46495"
startupRole: FOLLOWER
, old:)]
2023-11-20 19:26:43,278 [s4-server-thread1] INFO  server.RaftServer$Division (ServerState.java:setRaftConf(382)) - s4@group-80861D532C92: set configuration 11: peers:[s3|0.0.0.0:40989, s4|0.0.0.0:46829, s2|localhost:35445]|listeners:[], old=null
2023-11-20 19:26:43,278 [s2-server-thread1] INFO  server.RaftServer$Division (ServerState.java:setRaftConf(382)) - s2@group-80861D532C92: set configuration 11: peers:[s3|0.0.0.0:40989, s4|0.0.0.0:46829, s2|localhost:35445]|listeners:[], old=null
2023-11-20 19:26:43,278 [s3-server-thread1] INFO  server.RaftServer$Division (ServerState.java:setRaftConf(382)) - s3@group-80861D532C92: set configuration 11: peers:[s3|0.0.0.0:40989, s4|0.0.0.0:46829, s2|localhost:35445]|listeners:[], old=null
2023-11-20 19:26:43,279 [grpc-default-executor-4] INFO  server.GrpcLogAppender (GrpcLogAppender.java:onCompleted(469)) - s1@group-80861D532C92->s0-AppendLogResponseHandler: follower responses appendEntries COMPLETED
2023-11-20 19:26:43,279 [s4-server-thread1] DEBUG server.RaftServer$Division (RaftServerImpl.java:logAppendEntries(1504)) - s4@group-80861D532C92: succeeded to handle AppendEntries. Reply: s1<-s4#20:OK-t1,SUCCESS,nextIndex=12,followerCommit=9,matchIndex=11
2023-11-20 19:26:43,279 [s3-server-thread1] DEBUG server.RaftServer$Division (RaftServerImpl.java:logAppendEntries(1504)) - s3@group-80861D532C92: succeeded to handle AppendEntries. Reply: s1<-s3#17:OK-t1,SUCCESS,nextIndex=12,followerCommit=9,matchIndex=11
2023-11-20 19:26:43,279 [s4@group-80861D532C92-StateMachineUpdater] TRACE util.FileUtils (LogUtils.java:supplyAndLog(69)) - Successfully supplied FileChannel.open /home/runner/work/ratis/ratis/ratis-test/target/test/data/42d3a8b8/MiniRaftClusterWithGrpc43e5161/s4/cec2cddf-b3fc-46c2-a11a-80861d532c92/current/raft-meta.conf.tmp with options [CREATE, WRITE]: sun.nio.ch.FileChannelImpl@490cd265
2023-11-20 19:26:43,279 [s3@group-80861D532C92-StateMachineUpdater] TRACE util.FileUtils (LogUtils.java:supplyAndLog(69)) - Successfully supplied FileChannel.open /home/runner/work/ratis/ratis/ratis-test/target/test/data/42d3a8b8/MiniRaftClusterWithGrpc43e5161/s3/cec2cddf-b3fc-46c2-a11a-80861d532c92/current/raft-meta.conf.tmp with options [CREATE, WRITE]: sun.nio.ch.FileChannelImpl@30a730b9
2023-11-20 19:26:43,280 [s2-server-thread1] DEBUG server.RaftServer$Division (RaftServerImpl.java:logAppendEntries(1504)) - s2@group-80861D532C92: succeeded to handle AppendEntries. Reply: s1<-s2#32:OK-t1,SUCCESS,nextIndex=12,followerCommit=9,matchIndex=11
2023-11-20 19:26:43,281 [s4@group-80861D532C92-StateMachineUpdater] TRACE util.FileUtils (LogUtils.java:runAndLog(49)) - Successfully ran Atomic Files.move /home/runner/work/ratis/ratis/ratis-test/target/test/data/42d3a8b8/MiniRaftClusterWithGrpc43e5161/s4/cec2cddf-b3fc-46c2-a11a-80861d532c92/current/raft-meta.conf.tmp to /home/runner/work/ratis/ratis/ratis-test/target/test/data/42d3a8b8/MiniRaftClusterWithGrpc43e5161/s4/cec2cddf-b3fc-46c2-a11a-80861d532c92/current/raft-meta.conf with options [REPLACE_EXISTING]
2023-11-20 19:26:43,281 [s1@group-80861D532C92-StateMachineUpdater] TRACE util.FileUtils (LogUtils.java:supplyAndLog(69)) - Successfully supplied FileChannel.open /home/runner/work/ratis/ratis/ratis-test/target/test/data/42d3a8b8/MiniRaftClusterWithGrpc43e5161/s1/cec2cddf-b3fc-46c2-a11a-80861d532c92/current/raft-meta.conf.tmp with options [CREATE, WRITE]: sun.nio.ch.FileChannelImpl@500440a2
2023-11-20 19:26:43,281 [s1@group-80861D532C92-LeaderStateImpl] INFO  server.RaftServer$Division (LeaderStateImpl.java:checkAndUpdateConfiguration(968)) - s1@group-80861D532C92-LeaderStateImpl is not included in the new configuration 11: peers:[s3|0.0.0.0:40989, s4|0.0.0.0:46829, s2|localhost:35445]|listeners:[], old=null. Will shutdown server...
2023-11-20 19:26:43,282 [s3@group-80861D532C92-StateMachineUpdater] TRACE util.FileUtils (LogUtils.java:runAndLog(49)) - Successfully ran Atomic Files.move /home/runner/work/ratis/ratis/ratis-test/target/test/data/42d3a8b8/MiniRaftClusterWithGrpc43e5161/s3/cec2cddf-b3fc-46c2-a11a-80861d532c92/current/raft-meta.conf.tmp to /home/runner/work/ratis/ratis/ratis-test/target/test/data/42d3a8b8/MiniRaftClusterWithGrpc43e5161/s3/cec2cddf-b3fc-46c2-a11a-80861d532c92/current/raft-meta.conf with options [REPLACE_EXISTING]
2023-11-20 19:26:43,282 [s1@group-80861D532C92-StateMachineUpdater] TRACE util.FileUtils (LogUtils.java:runAndLog(49)) - Successfully ran Atomic Files.move /home/runner/work/ratis/ratis/ratis-test/target/test/data/42d3a8b8/MiniRaftClusterWithGrpc43e5161/s1/cec2cddf-b3fc-46c2-a11a-80861d532c92/current/raft-meta.conf.tmp to /home/runner/work/ratis/ratis/ratis-test/target/test/data/42d3a8b8/MiniRaftClusterWithGrpc43e5161/s1/cec2cddf-b3fc-46c2-a11a-80861d532c92/current/raft-meta.conf with options [REPLACE_EXISTING]
2023-11-20 19:26:43,283 [s4-server-thread1] DEBUG server.RaftServer$Division (RaftServerImpl.java:logAppendEntries(1504)) - s4@group-80861D532C92: receive appendEntries(s1, 1, (t:1, i:11), 11, true, commits:[s1:c11, s2:c9, s3:c9, s4:c9], cId:22, entries: [(t:1, i:12), METADATAENTRY(c:11)]
2023-11-20 19:26:43,283 [s2-server-thread1] DEBUG server.RaftServer$Division (RaftServerImpl.java:logAppendEntries(1504)) - s2@group-80861D532C92: receive appendEntries(s1, 1, (t:1, i:11), 11, true, commits:[s1:c11, s2:c9, s3:c9, s4:c9], cId:33, entries: [(t:1, i:12), METADATAENTRY(c:11)]
2023-11-20 19:26:43,283 [s4-server-thread1] DEBUG server.RaftServer$Division (RaftServerImpl.java:logAppendEntries(1504)) - s4@group-80861D532C92: succeeded to handle AppendEntries. Reply: s1<-s4#22:OK-t1,SUCCESS,nextIndex=13,followerCommit=11,matchIndex=12
2023-11-20 19:26:43,283 [s4@group-80861D532C92-StateMachineUpdater] TRACE util.FileUtils (LogUtils.java:supplyAndLog(69)) - Successfully supplied FileChannel.open /home/runner/work/ratis/ratis/ratis-test/target/test/data/42d3a8b8/MiniRaftClusterWithGrpc43e5161/s4/cec2cddf-b3fc-46c2-a11a-80861d532c92/current/raft-meta.conf.tmp with options [CREATE, WRITE]: sun.nio.ch.FileChannelImpl@7e7a2c02
2023-11-20 19:26:43,283 [s3-server-thread1] DEBUG server.RaftServer$Division (RaftServerImpl.java:logAppendEntries(1504)) - s3@group-80861D532C92: receive appendEntries(s1, 1, (t:1, i:11), 11, true, commits:[s1:c11, s2:c9, s3:c9, s4:c9], cId:19, entries: [(t:1, i:12), METADATAENTRY(c:11)]
2023-11-20 19:26:43,284 [s2-server-thread1] DEBUG server.RaftServer$Division (RaftServerImpl.java:logAppendEntries(1504)) - s2@group-80861D532C92: succeeded to handle AppendEntries. Reply: s1<-s2#33:OK-t1,SUCCESS,nextIndex=13,followerCommit=11,matchIndex=12
2023-11-20 19:26:43,284 [s2@group-80861D532C92-StateMachineUpdater] TRACE util.FileUtils (LogUtils.java:supplyAndLog(69)) - Successfully supplied FileChannel.open /home/runner/work/ratis/ratis/ratis-test/target/test/data/42d3a8b8/MiniRaftClusterWithGrpc43e5161/s2/cec2cddf-b3fc-46c2-a11a-80861d532c92/current/raft-meta.conf.tmp with options [CREATE, WRITE]: sun.nio.ch.FileChannelImpl@81f9d8f
2023-11-20 19:26:43,284 [s4@group-80861D532C92-StateMachineUpdater] TRACE util.FileUtils (LogUtils.java:runAndLog(49)) - Successfully ran Atomic Files.move /home/runner/work/ratis/ratis/ratis-test/target/test/data/42d3a8b8/MiniRaftClusterWithGrpc43e5161/s4/cec2cddf-b3fc-46c2-a11a-80861d532c92/current/raft-meta.conf.tmp to /home/runner/work/ratis/ratis/ratis-test/target/test/data/42d3a8b8/MiniRaftClusterWithGrpc43e5161/s4/cec2cddf-b3fc-46c2-a11a-80861d532c92/current/raft-meta.conf with options [REPLACE_EXISTING]
2023-11-20 19:26:43,284 [s3@group-80861D532C92-StateMachineUpdater] TRACE util.FileUtils (LogUtils.java:supplyAndLog(69)) - Successfully supplied FileChannel.open /home/runner/work/ratis/ratis/ratis-test/target/test/data/42d3a8b8/MiniRaftClusterWithGrpc43e5161/s3/cec2cddf-b3fc-46c2-a11a-80861d532c92/current/raft-meta.conf.tmp with options [CREATE, WRITE]: sun.nio.ch.FileChannelImpl@2133a0a7
2023-11-20 19:26:43,288 [s3-server-thread1] DEBUG server.RaftServer$Division (RaftServerImpl.java:logAppendEntries(1504)) - s3@group-80861D532C92: succeeded to handle AppendEntries. Reply: s1<-s3#19:OK-t1,SUCCESS,nextIndex=13,followerCommit=11,matchIndex=12
2023-11-20 19:26:43,288 [s3@group-80861D532C92-StateMachineUpdater] TRACE util.FileUtils (LogUtils.java:runAndLog(49)) - Successfully ran Atomic Files.move /home/runner/work/ratis/ratis/ratis-test/target/test/data/42d3a8b8/MiniRaftClusterWithGrpc43e5161/s3/cec2cddf-b3fc-46c2-a11a-80861d532c92/current/raft-meta.conf.tmp to /home/runner/work/ratis/ratis/ratis-test/target/test/data/42d3a8b8/MiniRaftClusterWithGrpc43e5161/s3/cec2cddf-b3fc-46c2-a11a-80861d532c92/current/raft-meta.conf with options [REPLACE_EXISTING]
2023-11-20 19:26:43,288 [s2@group-80861D532C92-StateMachineUpdater] TRACE util.FileUtils (LogUtils.java:runAndLog(49)) - Successfully ran Atomic Files.move /home/runner/work/ratis/ratis/ratis-test/target/test/data/42d3a8b8/MiniRaftClusterWithGrpc43e5161/s2/cec2cddf-b3fc-46c2-a11a-80861d532c92/current/raft-meta.conf.tmp to /home/runner/work/ratis/ratis/ratis-test/target/test/data/42d3a8b8/MiniRaftClusterWithGrpc43e5161/s2/cec2cddf-b3fc-46c2-a11a-80861d532c92/current/raft-meta.conf with options [REPLACE_EXISTING]
2023-11-20 19:26:43,289 [Time-limited test] INFO  server.RaftServerConfigKeys (ConfUtils.java:logGet(46)) - raft.server.rpc.timeout.max = 300ms (default)
2023-11-20 19:26:43,290 [Time-limited test] INFO  ratis.RaftTestUtil (RaftTestUtil.java:waitForLeader(100)) - printing ALL groups
  s3:  RUNNING  FOLLOWER s3@group-80861D532C92:t1, leader=s1, voted=null, raftlog=Memoized:s3@group-80861D532C92-SegmentedRaftLog:OPENED:c11, conf=11: peers:[s3|0.0.0.0:40989, s4|0.0.0.0:46829, s2|localhost:35445]|listeners:[], old=null RUNNING
  s4:  RUNNING  FOLLOWER s4@group-80861D532C92:t1, leader=s1, voted=null, raftlog=Memoized:s4@group-80861D532C92-SegmentedRaftLog:OPENED:c11, conf=11: peers:[s3|0.0.0.0:40989, s4|0.0.0.0:46829, s2|localhost:35445]|listeners:[], old=null RUNNING
  s0:  RUNNING  FOLLOWER s0@group-80861D532C92:t1, leader=s1, voted=s1, raftlog=Memoized:s0@group-80861D532C92-SegmentedRaftLog:OPENED:c8, conf=9: peers:[s3|0.0.0.0:40989, s4|0.0.0.0:46829, s2|localhost:35445]|listeners:[], old=peers:[s3|0.0.0.0:40989, s4|0.0.0.0:46829, s0|localhost:40297, s1|localhost:34209, s2|localhost:35445]|listeners:[] RUNNING
  s1:  RUNNING    LEADER s1@group-80861D532C92:t1, leader=s1, voted=s1, raftlog=Memoized:s1@group-80861D532C92-SegmentedRaftLog:OPENED:c11, conf=11: peers:[s3|0.0.0.0:40989, s4|0.0.0.0:46829, s2|localhost:35445]|listeners:[], old=null RUNNING
  s2:  RUNNING  FOLLOWER s2@group-80861D532C92:t1, leader=s1, voted=s1, raftlog=Memoized:s2@group-80861D532C92-SegmentedRaftLog:OPENED:c11, conf=11: peers:[s3|0.0.0.0:40989, s4|0.0.0.0:46829, s2|localhost:35445]|listeners:[], old=null RUNNING
2023-11-20 19:26:43,290 [Time-limited test] INFO  ratis.RaftTestUtil (RaftTestUtil.java:waitForLeader(119)) - printing ALL groups
  s3:  RUNNING  FOLLOWER s3@group-80861D532C92:t1, leader=s1, voted=null, raftlog=Memoized:s3@group-80861D532C92-SegmentedRaftLog:OPENED:c11, conf=11: peers:[s3|0.0.0.0:40989, s4|0.0.0.0:46829, s2|localhost:35445]|listeners:[], old=null RUNNING
  s4:  RUNNING  FOLLOWER s4@group-80861D532C92:t1, leader=s1, voted=null, raftlog=Memoized:s4@group-80861D532C92-SegmentedRaftLog:OPENED:c11, conf=11: peers:[s3|0.0.0.0:40989, s4|0.0.0.0:46829, s2|localhost:35445]|listeners:[], old=null RUNNING
  s0:  RUNNING  FOLLOWER s0@group-80861D532C92:t1, leader=s1, voted=s1, raftlog=Memoized:s0@group-80861D532C92-SegmentedRaftLog:OPENED:c8, conf=9: peers:[s3|0.0.0.0:40989, s4|0.0.0.0:46829, s2|localhost:35445]|listeners:[], old=peers:[s3|0.0.0.0:40989, s4|0.0.0.0:46829, s0|localhost:40297, s1|localhost:34209, s2|localhost:35445]|listeners:[] RUNNING
  s1:  RUNNING    LEADER s1@group-80861D532C92:t1, leader=s1, voted=s1, raftlog=Memoized:s1@group-80861D532C92-SegmentedRaftLog:OPENED:c11, conf=11: peers:[s3|0.0.0.0:40989, s4|0.0.0.0:46829, s2|localhost:35445]|listeners:[], old=null RUNNING
  s2:  RUNNING  FOLLOWER s2@group-80861D532C92:t1, leader=s1, voted=s1, raftlog=Memoized:s2@group-80861D532C92-SegmentedRaftLog:OPENED:c11, conf=11: peers:[s3|0.0.0.0:40989, s4|0.0.0.0:46829, s2|localhost:35445]|listeners:[], old=null RUNNING
2023-11-20 19:26:43,290 [Time-limited test] WARN  grpc.TestRetryCacheWithGrpc (JavaUtils.java:attempt(223)) - FAILED "wait for a leader different than s1", attempt #1/10: java.lang.AssertionError: Values should be different. Actual: s1, sleep 100ms and then retry.
java.lang.AssertionError: Values should be different. Actual: s1
	at org.junit.Assert.fail(Assert.java:89)
	at org.junit.Assert.failEquals(Assert.java:187)
	at org.junit.Assert.assertNotEquals(Assert.java:163)
	at org.junit.Assert.assertNotEquals(Assert.java:177)
	at org.apache.ratis.RetryCacheTests.lambda$runTestRetryOnNewLeader$1(RetryCacheTests.java:148)
	at org.apache.ratis.util.JavaUtils.attempt(JavaUtils.java:217)
	at org.apache.ratis.util.JavaUtils.attemptRepeatedly(JavaUtils.java:203)
	at org.apache.ratis.RetryCacheTests.runTestRetryOnNewLeader(RetryCacheTests.java:146)
	at org.apache.ratis.server.impl.MiniRaftCluster$Factory$Get.runWithNewCluster(MiniRaftCluster.java:141)
	at org.apache.ratis.server.impl.MiniRaftCluster$Factory$Get.runWithNewCluster(MiniRaftCluster.java:121)
	at org.apache.ratis.RetryCacheTests.testRetryOnNewLeader(RetryCacheTests.java:123)
	at java.base/jdk.internal.reflect.NativeMethodAccessorImpl.invoke0(Native Method)
	at java.base/jdk.internal.reflect.NativeMethodAccessorImpl.invoke(NativeMethodAccessorImpl.java:62)
	at java.base/jdk.internal.reflect.DelegatingMethodAccessorImpl.invoke(DelegatingMethodAccessorImpl.java:43)
	at java.base/java.lang.reflect.Method.invoke(Method.java:566)
	at org.junit.runners.model.FrameworkMethod$1.runReflectiveCall(FrameworkMethod.java:59)
	at org.junit.internal.runners.model.ReflectiveCallable.run(ReflectiveCallable.java:12)
	at org.junit.runners.model.FrameworkMethod.invokeExplosively(FrameworkMethod.java:56)
	at org.junit.internal.runners.statements.InvokeMethod.evaluate(InvokeMethod.java:17)
	at org.junit.internal.runners.statements.RunAfters.evaluate(RunAfters.java:27)
	at org.junit.internal.runners.statements.FailOnTimeout$CallableStatement.call(FailOnTimeout.java:299)
	at org.junit.internal.runners.statements.FailOnTimeout$CallableStatement.call(FailOnTimeout.java:293)
	at java.base/java.util.concurrent.FutureTask.run(FutureTask.java:264)
	at java.base/java.lang.Thread.run(Thread.java:829)
2023-11-20 19:26:43,375 [grpc-default-executor-4] ERROR impl.OrderedAsync (OrderedAsync.java:lambda$sendRequest$9(247)) - client-E9C94F68C118: Failed* RaftClientRequest:client-E9C94F68C118->s1@group-F61A228DBE4A, cid=6, seq=1*, Watch(0), null
java.util.concurrent.CompletionException: java.io.IOException: org.apache.ratis.thirdparty.io.grpc.StatusRuntimeException: UNAVAILABLE: io exception
	at java.base/java.util.concurrent.CompletableFuture.encodeThrowable(CompletableFuture.java:331)
	at java.base/java.util.concurrent.CompletableFuture.completeThrowable(CompletableFuture.java:346)
	at java.base/java.util.concurrent.CompletableFuture$UniApply.tryFire(CompletableFuture.java:632)
	at java.base/java.util.concurrent.CompletableFuture.postComplete(CompletableFuture.java:506)
	at java.base/java.util.concurrent.CompletableFuture.completeExceptionally(CompletableFuture.java:2094)
	at org.apache.ratis.grpc.client.GrpcClientProtocolClient$AsyncStreamObservers.completeReplyExceptionally(GrpcClientProtocolClient.java:394)
	at org.apache.ratis.grpc.client.GrpcClientProtocolClient$AsyncStreamObservers.access$000(GrpcClientProtocolClient.java:300)
	at org.apache.ratis.grpc.client.GrpcClientProtocolClient$AsyncStreamObservers$1.onError(GrpcClientProtocolClient.java:331)
	at org.apache.ratis.thirdparty.io.grpc.stub.ClientCalls$StreamObserverToCallListenerAdapter.onClose(ClientCalls.java:481)
	at org.apache.ratis.thirdparty.io.grpc.PartialForwardingClientCallListener.onClose(PartialForwardingClientCallListener.java:39)
	at org.apache.ratis.thirdparty.io.grpc.ForwardingClientCallListener.onClose(ForwardingClientCallListener.java:23)
	at org.apache.ratis.grpc.metrics.intercept.client.MetricClientCallListener.onClose(MetricClientCallListener.java:47)
	at org.apache.ratis.thirdparty.io.grpc.internal.DelayedClientCall$DelayedListener$3.run(DelayedClientCall.java:489)
	at org.apache.ratis.thirdparty.io.grpc.internal.DelayedClientCall$DelayedListener.delayOrExecute(DelayedClientCall.java:453)
	at org.apache.ratis.thirdparty.io.grpc.internal.DelayedClientCall$DelayedListener.onClose(DelayedClientCall.java:486)
	at org.apache.ratis.thirdparty.io.grpc.internal.ClientCallImpl.closeObserver(ClientCallImpl.java:567)
	at org.apache.ratis.thirdparty.io.grpc.internal.ClientCallImpl.access$300(ClientCallImpl.java:71)
	at org.apache.ratis.thirdparty.io.grpc.internal.ClientCallImpl$ClientStreamListenerImpl$1StreamClosed.runInternal(ClientCallImpl.java:735)
	at org.apache.ratis.thirdparty.io.grpc.internal.ClientCallImpl$ClientStreamListenerImpl$1StreamClosed.runInContext(ClientCallImpl.java:716)
	at org.apache.ratis.thirdparty.io.grpc.internal.ContextRunnable.run(ContextRunnable.java:37)
	at org.apache.ratis.thirdparty.io.grpc.internal.SerializingExecutor.run(SerializingExecutor.java:133)
	at java.base/java.util.concurrent.ThreadPoolExecutor.runWorker(ThreadPoolExecutor.java:1128)
	at java.base/java.util.concurrent.ThreadPoolExecutor$Worker.run(ThreadPoolExecutor.java:628)
	at java.base/java.lang.Thread.run(Thread.java:829)
Caused by: java.io.IOException: org.apache.ratis.thirdparty.io.grpc.StatusRuntimeException: UNAVAILABLE: io exception
	at org.apache.ratis.grpc.GrpcUtil.unwrapException(GrpcUtil.java:99)
	at org.apache.ratis.grpc.GrpcUtil.unwrapIOException(GrpcUtil.java:159)
	at org.apache.ratis.grpc.client.GrpcClientProtocolClient$AsyncStreamObservers$1.onError(GrpcClientProtocolClient.java:330)
	... 16 more
Caused by: org.apache.ratis.thirdparty.io.grpc.StatusRuntimeException: UNAVAILABLE: io exception
	at org.apache.ratis.thirdparty.io.grpc.Status.asRuntimeException(Status.java:537)
	... 16 more
Caused by: org.apache.ratis.thirdparty.io.netty.channel.AbstractChannel$AnnotatedConnectException: finishConnect(..) failed: Connection refused: localhost/127.0.0.1:46099
Caused by: java.net.ConnectException: finishConnect(..) failed: Connection refused
	at org.apache.ratis.thirdparty.io.netty.channel.unix.Errors.newConnectException0(Errors.java:166)
	at org.apache.ratis.thirdparty.io.netty.channel.unix.Errors.handleConnectErrno(Errors.java:131)
	at org.apache.ratis.thirdparty.io.netty.channel.unix.Socket.finishConnect(Socket.java:359)
	at org.apache.ratis.thirdparty.io.netty.channel.epoll.AbstractEpollChannel$AbstractEpollUnsafe.doFinishConnect(AbstractEpollChannel.java:710)
	at org.apache.ratis.thirdparty.io.netty.channel.epoll.AbstractEpollChannel$AbstractEpollUnsafe.finishConnect(AbstractEpollChannel.java:687)
	at org.apache.ratis.thirdparty.io.netty.channel.epoll.AbstractEpollChannel$AbstractEpollUnsafe.epollOutReady(AbstractEpollChannel.java:567)
	at org.apache.ratis.thirdparty.io.netty.channel.epoll.EpollEventLoop.processReady(EpollEventLoop.java:499)
	at org.apache.ratis.thirdparty.io.netty.channel.epoll.EpollEventLoop.run(EpollEventLoop.java:407)
	at org.apache.ratis.thirdparty.io.netty.util.concurrent.SingleThreadEventExecutor$4.run(SingleThreadEventExecutor.java:997)
	at org.apache.ratis.thirdparty.io.netty.util.internal.ThreadExecutorMap$2.run(ThreadExecutorMap.java:74)
	at org.apache.ratis.thirdparty.io.netty.util.concurrent.FastThreadLocalRunnable.run(FastThreadLocalRunnable.java:30)
	at java.base/java.lang.Thread.run(Thread.java:829)
2023-11-20 19:26:43,390 [Time-limited test] INFO  server.RaftServerConfigKeys (ConfUtils.java:logGet(46)) - raft.server.rpc.timeout.max = 300ms (default)
2023-11-20 19:26:43,390 [Time-limited test] INFO  ratis.RaftTestUtil (RaftTestUtil.java:waitForLeader(100)) - printing ALL groups
  s3:  RUNNING  FOLLOWER s3@group-80861D532C92:t1, leader=s1, voted=null, raftlog=Memoized:s3@group-80861D532C92-SegmentedRaftLog:OPENED:c11, conf=11: peers:[s3|0.0.0.0:40989, s4|0.0.0.0:46829, s2|localhost:35445]|listeners:[], old=null RUNNING
  s4:  RUNNING  FOLLOWER s4@group-80861D532C92:t1, leader=s1, voted=null, raftlog=Memoized:s4@group-80861D532C92-SegmentedRaftLog:OPENED:c11, conf=11: peers:[s3|0.0.0.0:40989, s4|0.0.0.0:46829, s2|localhost:35445]|listeners:[], old=null RUNNING
  s0:  RUNNING  FOLLOWER s0@group-80861D532C92:t1, leader=s1, voted=s1, raftlog=Memoized:s0@group-80861D532C92-SegmentedRaftLog:OPENED:c8, conf=9: peers:[s3|0.0.0.0:40989, s4|0.0.0.0:46829, s2|localhost:35445]|listeners:[], old=peers:[s3|0.0.0.0:40989, s4|0.0.0.0:46829, s0|localhost:40297, s1|localhost:34209, s2|localhost:35445]|listeners:[] RUNNING
  s1:  RUNNING    LEADER s1@group-80861D532C92:t1, leader=s1, voted=s1, raftlog=Memoized:s1@group-80861D532C92-SegmentedRaftLog:OPENED:c11, conf=11: peers:[s3|0.0.0.0:40989, s4|0.0.0.0:46829, s2|localhost:35445]|listeners:[], old=null RUNNING
  s2:  RUNNING  FOLLOWER s2@group-80861D532C92:t1, leader=s1, voted=s1, raftlog=Memoized:s2@group-80861D532C92-SegmentedRaftLog:OPENED:c11, conf=11: peers:[s3|0.0.0.0:40989, s4|0.0.0.0:46829, s2|localhost:35445]|listeners:[], old=null RUNNING
2023-11-20 19:26:43,391 [Time-limited test] INFO  ratis.RaftTestUtil (RaftTestUtil.java:waitForLeader(119)) - printing ALL groups
  s3:  RUNNING  FOLLOWER s3@group-80861D532C92:t1, leader=s1, voted=null, raftlog=Memoized:s3@group-80861D532C92-SegmentedRaftLog:OPENED:c11, conf=11: peers:[s3|0.0.0.0:40989, s4|0.0.0.0:46829, s2|localhost:35445]|listeners:[], old=null RUNNING
  s4:  RUNNING  FOLLOWER s4@group-80861D532C92:t1, leader=s1, voted=null, raftlog=Memoized:s4@group-80861D532C92-SegmentedRaftLog:OPENED:c11, conf=11: peers:[s3|0.0.0.0:40989, s4|0.0.0.0:46829, s2|localhost:35445]|listeners:[], old=null RUNNING
  s0:  RUNNING  FOLLOWER s0@group-80861D532C92:t1, leader=s1, voted=s1, raftlog=Memoized:s0@group-80861D532C92-SegmentedRaftLog:OPENED:c8, conf=9: peers:[s3|0.0.0.0:40989, s4|0.0.0.0:46829, s2|localhost:35445]|listeners:[], old=peers:[s3|0.0.0.0:40989, s4|0.0.0.0:46829, s0|localhost:40297, s1|localhost:34209, s2|localhost:35445]|listeners:[] RUNNING
  s1:  RUNNING    LEADER s1@group-80861D532C92:t1, leader=s1, voted=s1, raftlog=Memoized:s1@group-80861D532C92-SegmentedRaftLog:OPENED:c11, conf=11: peers:[s3|0.0.0.0:40989, s4|0.0.0.0:46829, s2|localhost:35445]|listeners:[], old=null RUNNING
  s2:  RUNNING  FOLLOWER s2@group-80861D532C92:t1, leader=s1, voted=s1, raftlog=Memoized:s2@group-80861D532C92-SegmentedRaftLog:OPENED:c11, conf=11: peers:[s3|0.0.0.0:40989, s4|0.0.0.0:46829, s2|localhost:35445]|listeners:[], old=null RUNNING
2023-11-20 19:26:43,391 [Time-limited test] WARN  grpc.TestRetryCacheWithGrpc (JavaUtils.java:attempt(223)) - FAILED "wait for a leader different than s1", attempt #2/10: java.lang.AssertionError: Values should be different. Actual: s1, sleep 100ms and then retry.
java.lang.AssertionError: Values should be different. Actual: s1
	at org.junit.Assert.fail(Assert.java:89)
	at org.junit.Assert.failEquals(Assert.java:187)
	at org.junit.Assert.assertNotEquals(Assert.java:163)
	at org.junit.Assert.assertNotEquals(Assert.java:177)
	at org.apache.ratis.RetryCacheTests.lambda$runTestRetryOnNewLeader$1(RetryCacheTests.java:148)
	at org.apache.ratis.util.JavaUtils.attempt(JavaUtils.java:217)
	at org.apache.ratis.util.JavaUtils.attemptRepeatedly(JavaUtils.java:203)
	at org.apache.ratis.RetryCacheTests.runTestRetryOnNewLeader(RetryCacheTests.java:146)
	at org.apache.ratis.server.impl.MiniRaftCluster$Factory$Get.runWithNewCluster(MiniRaftCluster.java:141)
	at org.apache.ratis.server.impl.MiniRaftCluster$Factory$Get.runWithNewCluster(MiniRaftCluster.java:121)
	at org.apache.ratis.RetryCacheTests.testRetryOnNewLeader(RetryCacheTests.java:123)
	at java.base/jdk.internal.reflect.NativeMethodAccessorImpl.invoke0(Native Method)
	at java.base/jdk.internal.reflect.NativeMethodAccessorImpl.invoke(NativeMethodAccessorImpl.java:62)
	at java.base/jdk.internal.reflect.DelegatingMethodAccessorImpl.invoke(DelegatingMethodAccessorImpl.java:43)
	at java.base/java.lang.reflect.Method.invoke(Method.java:566)
	at org.junit.runners.model.FrameworkMethod$1.runReflectiveCall(FrameworkMethod.java:59)
	at org.junit.internal.runners.model.ReflectiveCallable.run(ReflectiveCallable.java:12)
	at org.junit.runners.model.FrameworkMethod.invokeExplosively(FrameworkMethod.java:56)
	at org.junit.internal.runners.statements.InvokeMethod.evaluate(InvokeMethod.java:17)
	at org.junit.internal.runners.statements.RunAfters.evaluate(RunAfters.java:27)
	at org.junit.internal.runners.statements.FailOnTimeout$CallableStatement.call(FailOnTimeout.java:299)
	at org.junit.internal.runners.statements.FailOnTimeout$CallableStatement.call(FailOnTimeout.java:293)
	at java.base/java.util.concurrent.FutureTask.run(FutureTask.java:264)
	at java.base/java.lang.Thread.run(Thread.java:829)
2023-11-20 19:26:43,431 [s1@group-80861D532C92-LeaderStateImpl] INFO  server.RaftServer$Division (RaftServerImpl.java:lambda$close$3(516)) - s1@group-80861D532C92: shutdown
2023-11-20 19:26:43,432 [s1@group-80861D532C92-LeaderStateImpl] INFO  util.JmxRegister (JmxRegister.java:unregister(73)) - Successfully un-registered JMX Bean with object name Ratis:service=RaftServer,group=group-80861D532C92,id=s1
2023-11-20 19:26:43,432 [s1@group-80861D532C92-LeaderStateImpl] INFO  impl.RoleInfo (RoleInfo.java:shutdownLeaderState(94)) - s1: shutdown s1@group-80861D532C92-LeaderStateImpl
2023-11-20 19:26:43,432 [s1@group-80861D532C92->s2-GrpcLogAppender-LogAppenderDaemon] WARN  server.GrpcLogAppender (GrpcLogAppender.java:mayWait(212)) - s1@group-80861D532C92->s2-GrpcLogAppender: Wait interrupted by java.lang.InterruptedException
2023-11-20 19:26:43,432 [s1@group-80861D532C92->s3-GrpcLogAppender-LogAppenderDaemon] WARN  server.GrpcLogAppender (GrpcLogAppender.java:mayWait(212)) - s1@group-80861D532C92->s3-GrpcLogAppender: Wait interrupted by java.lang.InterruptedException
2023-11-20 19:26:43,432 [s1@group-80861D532C92-LeaderStateImpl] INFO  impl.PendingRequests (PendingRequests.java:sendNotLeaderResponses(289)) - s1@group-80861D532C92-PendingRequests: sendNotLeaderResponses
2023-11-20 19:26:43,432 [s1@group-80861D532C92->s4-GrpcLogAppender-LogAppenderDaemon] WARN  server.GrpcLogAppender (GrpcLogAppender.java:mayWait(212)) - s1@group-80861D532C92->s4-GrpcLogAppender: Wait interrupted by java.lang.InterruptedException
2023-11-20 19:26:43,433 [s1@group-80861D532C92-LeaderStateImpl] INFO  impl.StateMachineUpdater (StateMachineUpdater.java:stopAndJoin(157)) - s1@group-80861D532C92-StateMachineUpdater: set stopIndex = 11
2023-11-20 19:26:43,433 [grpc-default-executor-2] INFO  server.GrpcServerProtocolService (GrpcServerProtocolService.java:onCompleted(157)) - s4: Completed APPEND_ENTRIES, lastRequest: null
2023-11-20 19:26:43,433 [grpc-default-executor-3] INFO  server.GrpcServerProtocolService (GrpcServerProtocolService.java:onCompleted(157)) - s3: Completed APPEND_ENTRIES, lastRequest: s1->s3#19-t1,previous=(t:1, i:11),leaderCommit=11,initializing? true,entries: size=1, first=(t:1, i:12), METADATAENTRY(c:11)
2023-11-20 19:26:43,433 [grpc-default-executor-3] INFO  server.GrpcServerProtocolService (GrpcServerProtocolService.java:lambda$onCompleted$5(159)) - s3: Completed APPEND_ENTRIES, lastReply: null
2023-11-20 19:26:43,433 [grpc-default-executor-5] INFO  server.GrpcServerProtocolService (GrpcServerProtocolService.java:onCompleted(157)) - s2: Completed APPEND_ENTRIES, lastRequest: null
2023-11-20 19:26:43,433 [grpc-default-executor-1] INFO  server.GrpcServerProtocolService (GrpcServerProtocolService.java:onCompleted(157)) - s4: Completed APPEND_ENTRIES, lastRequest: s1->s4#22-t1,previous=(t:1, i:11),leaderCommit=11,initializing? true,entries: size=1, first=(t:1, i:12), METADATAENTRY(c:11)
2023-11-20 19:26:43,433 [grpc-default-executor-1] INFO  server.GrpcServerProtocolService (GrpcServerProtocolService.java:lambda$onCompleted$5(159)) - s4: Completed APPEND_ENTRIES, lastReply: null
2023-11-20 19:26:43,433 [grpc-default-executor-4] INFO  server.GrpcServerProtocolService (GrpcServerProtocolService.java:onCompleted(157)) - s2: Completed APPEND_ENTRIES, lastRequest: s1->s2#33-t1,previous=(t:1, i:11),leaderCommit=11,initializing? true,entries: size=1, first=(t:1, i:12), METADATAENTRY(c:11)
2023-11-20 19:26:43,433 [grpc-default-executor-4] INFO  server.GrpcServerProtocolService (GrpcServerProtocolService.java:lambda$onCompleted$5(159)) - s2: Completed APPEND_ENTRIES, lastReply: null
2023-11-20 19:26:43,434 [s1@group-80861D532C92-LeaderStateImpl] INFO  server.RaftServer$Division (ServerState.java:close(423)) - s1@group-80861D532C92: applyIndex: 11
2023-11-20 19:26:43,434 [grpc-default-executor-0] INFO  server.GrpcServerProtocolService (GrpcServerProtocolService.java:onCompleted(157)) - s3: Completed APPEND_ENTRIES, lastRequest: null
2023-11-20 19:26:43,434 [s1@group-80861D532C92-cacheEviction-AwaitToRun] INFO  util.AwaitToRun (AwaitToRun.java:run(49)) - s1@group-80861D532C92-cacheEviction-AwaitToRun-AwaitForSignal is interrupted
2023-11-20 19:26:43,435 [grpc-default-executor-2] INFO  server.GrpcServerProtocolService (GrpcServerProtocolService.java:lambda$onCompleted$5(159)) - s4: Completed APPEND_ENTRIES, lastReply: serverReply {
  requestorId: "s1"
  replyId: "s4"
  raftGroupId {
    id: "\316\302\315\337\263\374F\302\241\032\200\206\035S,\222"
  }
  callId: 23
  success: true
}
term: 1
nextIndex: 13
followerCommit: 11
matchIndex: 18446744073709551615
isHearbeat: true

2023-11-20 19:26:43,435 [grpc-default-executor-5] INFO  server.GrpcServerProtocolService (GrpcServerProtocolService.java:lambda$onCompleted$5(159)) - s2: Completed APPEND_ENTRIES, lastReply: serverReply {
  requestorId: "s1"
  replyId: "s2"
  raftGroupId {
    id: "\316\302\315\337\263\374F\302\241\032\200\206\035S,\222"
  }
  callId: 35
  success: true
}
term: 1
nextIndex: 13
followerCommit: 11
matchIndex: 18446744073709551615
isHearbeat: true

2023-11-20 19:26:43,436 [grpc-default-executor-0] INFO  server.GrpcServerProtocolService (GrpcServerProtocolService.java:lambda$onCompleted$5(159)) - s3: Completed APPEND_ENTRIES, lastReply: serverReply {
  requestorId: "s1"
  replyId: "s3"
  raftGroupId {
    id: "\316\302\315\337\263\374F\302\241\032\200\206\035S,\222"
  }
  callId: 22
  success: true
}
term: 1
nextIndex: 13
followerCommit: 11
matchIndex: 18446744073709551615
isHearbeat: true

2023-11-20 19:26:43,436 [grpc-default-executor-2] INFO  server.GrpcLogAppender (GrpcLogAppender.java:onCompleted(469)) - s1@group-80861D532C92->s4-AppendLogResponseHandler: follower responses appendEntries COMPLETED
2023-11-20 19:26:43,436 [grpc-default-executor-1] INFO  server.GrpcLogAppender (GrpcLogAppender.java:onCompleted(469)) - s1@group-80861D532C92->s4-AppendLogResponseHandler: follower responses appendEntries COMPLETED
2023-11-20 19:26:43,436 [grpc-default-executor-5] INFO  server.GrpcLogAppender (GrpcLogAppender.java:onCompleted(469)) - s1@group-80861D532C92->s3-AppendLogResponseHandler: follower responses appendEntries COMPLETED
2023-11-20 19:26:43,436 [grpc-default-executor-4] INFO  server.GrpcLogAppender (GrpcLogAppender.java:onCompleted(469)) - s1@group-80861D532C92->s2-AppendLogResponseHandler: follower responses appendEntries COMPLETED
2023-11-20 19:26:43,436 [grpc-default-executor-5] INFO  server.GrpcLogAppender (GrpcLogAppender.java:onCompleted(469)) - s1@group-80861D532C92->s3-AppendLogResponseHandler: follower responses appendEntries COMPLETED
2023-11-20 19:26:43,436 [grpc-default-executor-4] INFO  server.GrpcLogAppender (GrpcLogAppender.java:onCompleted(469)) - s1@group-80861D532C92->s2-AppendLogResponseHandler: follower responses appendEntries COMPLETED
2023-11-20 19:26:43,479 [grpc-default-executor-5] ERROR impl.OrderedAsync (OrderedAsync.java:lambda$sendRequest$9(247)) - client-E9C94F68C118: Failed* RaftClientRequest:client-E9C94F68C118->s0@group-F61A228DBE4A, cid=6, seq=1*, Watch(0), null
java.util.concurrent.CompletionException: java.io.IOException: org.apache.ratis.thirdparty.io.grpc.StatusRuntimeException: UNAVAILABLE: io exception
	at java.base/java.util.concurrent.CompletableFuture.encodeThrowable(CompletableFuture.java:331)
	at java.base/java.util.concurrent.CompletableFuture.completeThrowable(CompletableFuture.java:346)
	at java.base/java.util.concurrent.CompletableFuture$UniApply.tryFire(CompletableFuture.java:632)
	at java.base/java.util.concurrent.CompletableFuture.postComplete(CompletableFuture.java:506)
	at java.base/java.util.concurrent.CompletableFuture.completeExceptionally(CompletableFuture.java:2094)
	at org.apache.ratis.grpc.client.GrpcClientProtocolClient$AsyncStreamObservers.completeReplyExceptionally(GrpcClientProtocolClient.java:394)
	at org.apache.ratis.grpc.client.GrpcClientProtocolClient$AsyncStreamObservers.access$000(GrpcClientProtocolClient.java:300)
	at org.apache.ratis.grpc.client.GrpcClientProtocolClient$AsyncStreamObservers$1.onError(GrpcClientProtocolClient.java:331)
	at org.apache.ratis.thirdparty.io.grpc.stub.ClientCalls$StreamObserverToCallListenerAdapter.onClose(ClientCalls.java:481)
	at org.apache.ratis.thirdparty.io.grpc.PartialForwardingClientCallListener.onClose(PartialForwardingClientCallListener.java:39)
	at org.apache.ratis.thirdparty.io.grpc.ForwardingClientCallListener.onClose(ForwardingClientCallListener.java:23)
	at org.apache.ratis.grpc.metrics.intercept.client.MetricClientCallListener.onClose(MetricClientCallListener.java:47)
	at org.apache.ratis.thirdparty.io.grpc.internal.DelayedClientCall$DelayedListener$3.run(DelayedClientCall.java:489)
	at org.apache.ratis.thirdparty.io.grpc.internal.DelayedClientCall$DelayedListener.delayOrExecute(DelayedClientCall.java:453)
	at org.apache.ratis.thirdparty.io.grpc.internal.DelayedClientCall$DelayedListener.onClose(DelayedClientCall.java:486)
	at org.apache.ratis.thirdparty.io.grpc.internal.ClientCallImpl.closeObserver(ClientCallImpl.java:567)
	at org.apache.ratis.thirdparty.io.grpc.internal.ClientCallImpl.access$300(ClientCallImpl.java:71)
	at org.apache.ratis.thirdparty.io.grpc.internal.ClientCallImpl$ClientStreamListenerImpl$1StreamClosed.runInternal(ClientCallImpl.java:735)
	at org.apache.ratis.thirdparty.io.grpc.internal.ClientCallImpl$ClientStreamListenerImpl$1StreamClosed.runInContext(ClientCallImpl.java:716)
	at org.apache.ratis.thirdparty.io.grpc.internal.ContextRunnable.run(ContextRunnable.java:37)
	at org.apache.ratis.thirdparty.io.grpc.internal.SerializingExecutor.run(SerializingExecutor.java:133)
	at java.base/java.util.concurrent.ThreadPoolExecutor.runWorker(ThreadPoolExecutor.java:1128)
	at java.base/java.util.concurrent.ThreadPoolExecutor$Worker.run(ThreadPoolExecutor.java:628)
	at java.base/java.lang.Thread.run(Thread.java:829)
Caused by: java.io.IOException: org.apache.ratis.thirdparty.io.grpc.StatusRuntimeException: UNAVAILABLE: io exception
	at org.apache.ratis.grpc.GrpcUtil.unwrapException(GrpcUtil.java:99)
	at org.apache.ratis.grpc.GrpcUtil.unwrapIOException(GrpcUtil.java:159)
	at org.apache.ratis.grpc.client.GrpcClientProtocolClient$AsyncStreamObservers$1.onError(GrpcClientProtocolClient.java:330)
	... 16 more
Caused by: org.apache.ratis.thirdparty.io.grpc.StatusRuntimeException: UNAVAILABLE: io exception
	at org.apache.ratis.thirdparty.io.grpc.Status.asRuntimeException(Status.java:537)
	... 16 more
Caused by: org.apache.ratis.thirdparty.io.netty.channel.AbstractChannel$AnnotatedConnectException: finishConnect(..) failed: Connection refused: localhost/127.0.0.1:37411
Caused by: java.net.ConnectException: finishConnect(..) failed: Connection refused
	at org.apache.ratis.thirdparty.io.netty.channel.unix.Errors.newConnectException0(Errors.java:166)
	at org.apache.ratis.thirdparty.io.netty.channel.unix.Errors.handleConnectErrno(Errors.java:131)
	at org.apache.ratis.thirdparty.io.netty.channel.unix.Socket.finishConnect(Socket.java:359)
	at org.apache.ratis.thirdparty.io.netty.channel.epoll.AbstractEpollChannel$AbstractEpollUnsafe.doFinishConnect(AbstractEpollChannel.java:710)
	at org.apache.ratis.thirdparty.io.netty.channel.epoll.AbstractEpollChannel$AbstractEpollUnsafe.finishConnect(AbstractEpollChannel.java:687)
	at org.apache.ratis.thirdparty.io.netty.channel.epoll.AbstractEpollChannel$AbstractEpollUnsafe.epollOutReady(AbstractEpollChannel.java:567)
	at org.apache.ratis.thirdparty.io.netty.channel.epoll.EpollEventLoop.processReady(EpollEventLoop.java:499)
	at org.apache.ratis.thirdparty.io.netty.channel.epoll.EpollEventLoop.run(EpollEventLoop.java:407)
	at org.apache.ratis.thirdparty.io.netty.util.concurrent.SingleThreadEventExecutor$4.run(SingleThreadEventExecutor.java:997)
	at org.apache.ratis.thirdparty.io.netty.util.internal.ThreadExecutorMap$2.run(ThreadExecutorMap.java:74)
	at org.apache.ratis.thirdparty.io.netty.util.concurrent.FastThreadLocalRunnable.run(FastThreadLocalRunnable.java:30)
	at java.base/java.lang.Thread.run(Thread.java:829)
2023-11-20 19:26:43,491 [Time-limited test] INFO  server.RaftServerConfigKeys (ConfUtils.java:logGet(46)) - raft.server.rpc.timeout.max = 300ms (default)
2023-11-20 19:26:43,492 [Time-limited test] INFO  ratis.RaftTestUtil (RaftTestUtil.java:waitForLeader(100)) - printing ALL groups
  s3:  RUNNING  FOLLOWER s3@group-80861D532C92:t1, leader=s1, voted=null, raftlog=Memoized:s3@group-80861D532C92-SegmentedRaftLog:OPENED:c11, conf=11: peers:[s3|0.0.0.0:40989, s4|0.0.0.0:46829, s2|localhost:35445]|listeners:[], old=null RUNNING
  s4:  RUNNING  FOLLOWER s4@group-80861D532C92:t1, leader=s1, voted=null, raftlog=Memoized:s4@group-80861D532C92-SegmentedRaftLog:OPENED:c11, conf=11: peers:[s3|0.0.0.0:40989, s4|0.0.0.0:46829, s2|localhost:35445]|listeners:[], old=null RUNNING
  s0:  RUNNING  FOLLOWER s0@group-80861D532C92:t1, leader=s1, voted=s1, raftlog=Memoized:s0@group-80861D532C92-SegmentedRaftLog:OPENED:c8, conf=9: peers:[s3|0.0.0.0:40989, s4|0.0.0.0:46829, s2|localhost:35445]|listeners:[], old=peers:[s3|0.0.0.0:40989, s4|0.0.0.0:46829, s0|localhost:40297, s1|localhost:34209, s2|localhost:35445]|listeners:[] RUNNING
  s1:  RUNNING    LEADER s1@group-80861D532C92:t1, leader=s1, voted=s1, raftlog=Memoized:s1@group-80861D532C92-SegmentedRaftLog:CLOSED:c11, conf=11: peers:[s3|0.0.0.0:40989, s4|0.0.0.0:46829, s2|localhost:35445]|listeners:[], old=null CLOSING
  s2:  RUNNING  FOLLOWER s2@group-80861D532C92:t1, leader=s1, voted=s1, raftlog=Memoized:s2@group-80861D532C92-SegmentedRaftLog:OPENED:c11, conf=11: peers:[s3|0.0.0.0:40989, s4|0.0.0.0:46829, s2|localhost:35445]|listeners:[], old=null RUNNING
2023-11-20 19:26:43,492 [Time-limited test] WARN  ratis.RaftTestUtil (JavaUtils.java:attempt(223)) - FAILED "waitForLeader-null-(expectLeader? true)", attempt #1/100: java.lang.IllegalStateException: No leader yet : printing ALL groups
  s3:  RUNNING  FOLLOWER s3@group-80861D532C92:t1, leader=s1, voted=null, raftlog=Memoized:s3@group-80861D532C92-SegmentedRaftLog:OPENED:c11, conf=11: peers:[s3|0.0.0.0:40989, s4|0.0.0.0:46829, s2|localhost:35445]|listeners:[], old=null RUNNING
  s4:  RUNNING  FOLLOWER s4@group-80861D532C92:t1, leader=s1, voted=null, raftlog=Memoized:s4@group-80861D532C92-SegmentedRaftLog:OPENED:c11, conf=11: peers:[s3|0.0.0.0:40989, s4|0.0.0.0:46829, s2|localhost:35445]|listeners:[], old=null RUNNING
  s0:  RUNNING  FOLLOWER s0@group-80861D532C92:t1, leader=s1, voted=s1, raftlog=Memoized:s0@group-80861D532C92-SegmentedRaftLog:OPENED:c8, conf=9: peers:[s3|0.0.0.0:40989, s4|0.0.0.0:46829, s2|localhost:35445]|listeners:[], old=peers:[s3|0.0.0.0:40989, s4|0.0.0.0:46829, s0|localhost:40297, s1|localhost:34209, s2|localhost:35445]|listeners:[] RUNNING
  s1:  RUNNING    LEADER s1@group-80861D532C92:t1, leader=s1, voted=s1, raftlog=Memoized:s1@group-80861D532C92-SegmentedRaftLog:CLOSED:c11, conf=11: peers:[s3|0.0.0.0:40989, s4|0.0.0.0:46829, s2|localhost:35445]|listeners:[], old=null CLOSING
  s2:  RUNNING  FOLLOWER s2@group-80861D532C92:t1, leader=s1, voted=s1, raftlog=Memoized:s2@group-80861D532C92-SegmentedRaftLog:OPENED:c11, conf=11: peers:[s3|0.0.0.0:40989, s4|0.0.0.0:46829, s2|localhost:35445]|listeners:[], old=null RUNNING, sleep 450ms and then retry.
java.lang.IllegalStateException: No leader yet : printing ALL groups
  s3:  RUNNING  FOLLOWER s3@group-80861D532C92:t1, leader=s1, voted=null, raftlog=Memoized:s3@group-80861D532C92-SegmentedRaftLog:OPENED:c11, conf=11: peers:[s3|0.0.0.0:40989, s4|0.0.0.0:46829, s2|localhost:35445]|listeners:[], old=null RUNNING
  s4:  RUNNING  FOLLOWER s4@group-80861D532C92:t1, leader=s1, voted=null, raftlog=Memoized:s4@group-80861D532C92-SegmentedRaftLog:OPENED:c11, conf=11: peers:[s3|0.0.0.0:40989, s4|0.0.0.0:46829, s2|localhost:35445]|listeners:[], old=null RUNNING
  s0:  RUNNING  FOLLOWER s0@group-80861D532C92:t1, leader=s1, voted=s1, raftlog=Memoized:s0@group-80861D532C92-SegmentedRaftLog:OPENED:c8, conf=9: peers:[s3|0.0.0.0:40989, s4|0.0.0.0:46829, s2|localhost:35445]|listeners:[], old=peers:[s3|0.0.0.0:40989, s4|0.0.0.0:46829, s0|localhost:40297, s1|localhost:34209, s2|localhost:35445]|listeners:[] RUNNING
  s1:  RUNNING    LEADER s1@group-80861D532C92:t1, leader=s1, voted=s1, raftlog=Memoized:s1@group-80861D532C92-SegmentedRaftLog:CLOSED:c11, conf=11: peers:[s3|0.0.0.0:40989, s4|0.0.0.0:46829, s2|localhost:35445]|listeners:[], old=null CLOSING
  s2:  RUNNING  FOLLOWER s2@group-80861D532C92:t1, leader=s1, voted=s1, raftlog=Memoized:s2@group-80861D532C92-SegmentedRaftLog:OPENED:c11, conf=11: peers:[s3|0.0.0.0:40989, s4|0.0.0.0:46829, s2|localhost:35445]|listeners:[], old=null RUNNING
	at org.apache.ratis.server.impl.MiniRaftCluster.newIllegalStateExceptionForNoLeaders(MiniRaftCluster.java:581)
	at org.apache.ratis.RaftTestUtil.lambda$waitForLeader$1(RaftTestUtil.java:104)
	at org.apache.ratis.server.impl.MiniRaftCluster.getLeader(MiniRaftCluster.java:615)
	at org.apache.ratis.server.impl.MiniRaftCluster.getLeader(MiniRaftCluster.java:608)
	at org.apache.ratis.RaftTestUtil.lambda$waitForLeader$3(RaftTestUtil.java:112)
	at org.apache.ratis.util.JavaUtils.attempt(JavaUtils.java:217)
	at org.apache.ratis.util.JavaUtils.attemptRepeatedly(JavaUtils.java:203)
	at org.apache.ratis.RaftTestUtil.waitForLeader(RaftTestUtil.java:111)
	at org.apache.ratis.RaftTestUtil.waitForLeader(RaftTestUtil.java:92)
	at org.apache.ratis.RaftTestUtil.waitForLeader(RaftTestUtil.java:87)
	at org.apache.ratis.RetryCacheTests.lambda$runTestRetryOnNewLeader$1(RetryCacheTests.java:147)
	at org.apache.ratis.util.JavaUtils.attempt(JavaUtils.java:217)
	at org.apache.ratis.util.JavaUtils.attemptRepeatedly(JavaUtils.java:203)
	at org.apache.ratis.RetryCacheTests.runTestRetryOnNewLeader(RetryCacheTests.java:146)
	at org.apache.ratis.server.impl.MiniRaftCluster$Factory$Get.runWithNewCluster(MiniRaftCluster.java:141)
	at org.apache.ratis.server.impl.MiniRaftCluster$Factory$Get.runWithNewCluster(MiniRaftCluster.java:121)
	at org.apache.ratis.RetryCacheTests.testRetryOnNewLeader(RetryCacheTests.java:123)
	at java.base/jdk.internal.reflect.NativeMethodAccessorImpl.invoke0(Native Method)
	at java.base/jdk.internal.reflect.NativeMethodAccessorImpl.invoke(NativeMethodAccessorImpl.java:62)
	at java.base/jdk.internal.reflect.DelegatingMethodAccessorImpl.invoke(DelegatingMethodAccessorImpl.java:43)
	at java.base/java.lang.reflect.Method.invoke(Method.java:566)
	at org.junit.runners.model.FrameworkMethod$1.runReflectiveCall(FrameworkMethod.java:59)
	at org.junit.internal.runners.model.ReflectiveCallable.run(ReflectiveCallable.java:12)
	at org.junit.runners.model.FrameworkMethod.invokeExplosively(FrameworkMethod.java:56)
	at org.junit.internal.runners.statements.InvokeMethod.evaluate(InvokeMethod.java:17)
	at org.junit.internal.runners.statements.RunAfters.evaluate(RunAfters.java:27)
	at org.junit.internal.runners.statements.FailOnTimeout$CallableStatement.call(FailOnTimeout.java:299)
	at org.junit.internal.runners.statements.FailOnTimeout$CallableStatement.call(FailOnTimeout.java:293)
	at java.base/java.util.concurrent.FutureTask.run(FutureTask.java:264)
	at java.base/java.lang.Thread.run(Thread.java:829)
2023-11-20 19:26:43,548 [s2@group-80861D532C92-FollowerState] INFO  impl.FollowerState (FollowerState.java:run(143)) - s2@group-80861D532C92-FollowerState: change to CANDIDATE, lastRpcElapsedTime:182560154ns, electionTimeout:176ms
2023-11-20 19:26:43,548 [s2@group-80861D532C92-FollowerState] INFO  impl.RoleInfo (RoleInfo.java:shutdownFollowerState(110)) - s2: shutdown s2@group-80861D532C92-FollowerState
2023-11-20 19:26:43,548 [s2@group-80861D532C92-FollowerState] INFO  server.RaftServer$Division (RaftServerImpl.java:setRole(379)) - s2@group-80861D532C92: changes role from  FOLLOWER to CANDIDATE at term 1 for changeToCandidate
2023-11-20 19:26:43,548 [s2@group-80861D532C92-FollowerState] INFO  server.RaftServerConfigKeys (ConfUtils.java:logGet(46)) - raft.server.leaderelection.pre-vote = true (default)
2023-11-20 19:26:43,548 [s2@group-80861D532C92-FollowerState] INFO  impl.RoleInfo (RoleInfo.java:updateAndGet(139)) - s2: start s2@group-80861D532C92-LeaderElection10
2023-11-20 19:26:43,549 [s2@group-80861D532C92-LeaderElection10] INFO  server.RaftServer$Division (ServerState.java:setLeader(265)) - s2@group-80861D532C92: change Leader from s1 to null at term 1 for PRE_VOTE
2023-11-20 19:26:43,549 [s2@group-80861D532C92-LeaderElection10] INFO  impl.LeaderElection (LeaderElection.java:askForVotes(323)) - s2@group-80861D532C92-LeaderElection10 PRE_VOTE round 0: submit vote requests at term 1 for 11: peers:[s3|0.0.0.0:40989, s4|0.0.0.0:46829, s2|localhost:35445]|listeners:[], old=null
2023-11-20 19:26:43,549 [s2@group-80861D532C92-LeaderElection10-1] INFO  server.GrpcServerProtocolClient (GrpcServerProtocolClient.java:<init>(65)) - Build channel for s3
2023-11-20 19:26:43,549 [s2@group-80861D532C92-LeaderElection10-2] INFO  server.GrpcServerProtocolClient (GrpcServerProtocolClient.java:<init>(65)) - Build channel for s4
2023-11-20 19:26:43,554 [grpc-default-executor-5] INFO  server.RaftServer$Division (RaftServerImpl.java:requestVote(1377)) - s3@group-80861D532C92: receive requestVote(PRE_VOTE, s2, group-80861D532C92, 1, (t:1, i:12))
2023-11-20 19:26:43,554 [grpc-default-executor-2] INFO  server.RaftServer$Division (RaftServerImpl.java:requestVote(1377)) - s4@group-80861D532C92: receive requestVote(PRE_VOTE, s2, group-80861D532C92, 1, (t:1, i:12))
2023-11-20 19:26:43,555 [grpc-default-executor-2] INFO  impl.VoteContext (VoteContext.java:log(49)) - s4@group-80861D532C92-FOLLOWER: accept PRE_VOTE from s2: our priority 0 <= candidate's priority 0
2023-11-20 19:26:43,555 [grpc-default-executor-5] INFO  impl.VoteContext (VoteContext.java:log(49)) - s3@group-80861D532C92-FOLLOWER: accept PRE_VOTE from s2: our priority 0 <= candidate's priority 0
2023-11-20 19:26:43,555 [grpc-default-executor-2] INFO  server.RaftServer$Division (RaftServerImpl.java:requestVote(1410)) - s4@group-80861D532C92 replies to PRE_VOTE vote request: s2<-s4#0:OK-t1. Peer's state: s4@group-80861D532C92:t1, leader=s1, voted=null, raftlog=Memoized:s4@group-80861D532C92-SegmentedRaftLog:OPENED:c11, conf=11: peers:[s3|0.0.0.0:40989, s4|0.0.0.0:46829, s2|localhost:35445]|listeners:[], old=null
2023-11-20 19:26:43,555 [grpc-default-executor-5] INFO  server.RaftServer$Division (RaftServerImpl.java:requestVote(1410)) - s3@group-80861D532C92 replies to PRE_VOTE vote request: s2<-s3#0:OK-t1. Peer's state: s3@group-80861D532C92:t1, leader=s1, voted=null, raftlog=Memoized:s3@group-80861D532C92-SegmentedRaftLog:OPENED:c11, conf=11: peers:[s3|0.0.0.0:40989, s4|0.0.0.0:46829, s2|localhost:35445]|listeners:[], old=null
2023-11-20 19:26:43,556 [s2@group-80861D532C92-LeaderElection10] INFO  impl.LeaderElection (LeaderElection.java:logAndReturn(89)) - s2@group-80861D532C92-LeaderElection10: PRE_VOTE PASSED received 1 response(s) and 0 exception(s):
2023-11-20 19:26:43,556 [s2@group-80861D532C92-LeaderElection10] INFO  impl.LeaderElection (LeaderElection.java:logAndReturn(93)) -   Response 0: s2<-s4#0:OK-t1
2023-11-20 19:26:43,556 [s2@group-80861D532C92-LeaderElection10] INFO  impl.LeaderElection (LeaderElection.java:askForVotes(325)) - s2@group-80861D532C92-LeaderElection10 PRE_VOTE round 0: result PASSED
2023-11-20 19:26:43,556 [s2@group-80861D532C92-LeaderElection10] TRACE util.FileUtils (LogUtils.java:supplyAndLog(69)) - Successfully supplied FileChannel.open /home/runner/work/ratis/ratis/ratis-test/target/test/data/42d3a8b8/MiniRaftClusterWithGrpc43e5161/s2/cec2cddf-b3fc-46c2-a11a-80861d532c92/current/raft-meta.tmp with options [CREATE, WRITE]: sun.nio.ch.FileChannelImpl@684a79b9
2023-11-20 19:26:43,557 [s2@group-80861D532C92-LeaderElection10] TRACE util.FileUtils (LogUtils.java:runAndLog(49)) - Successfully ran Atomic Files.move /home/runner/work/ratis/ratis/ratis-test/target/test/data/42d3a8b8/MiniRaftClusterWithGrpc43e5161/s2/cec2cddf-b3fc-46c2-a11a-80861d532c92/current/raft-meta.tmp to /home/runner/work/ratis/ratis/ratis-test/target/test/data/42d3a8b8/MiniRaftClusterWithGrpc43e5161/s2/cec2cddf-b3fc-46c2-a11a-80861d532c92/current/raft-meta with options [REPLACE_EXISTING]
2023-11-20 19:26:43,557 [s2@group-80861D532C92-LeaderElection10] INFO  impl.LeaderElection (LeaderElection.java:askForVotes(323)) - s2@group-80861D532C92-LeaderElection10 ELECTION round 0: submit vote requests at term 2 for 11: peers:[s3|0.0.0.0:40989, s4|0.0.0.0:46829, s2|localhost:35445]|listeners:[], old=null
2023-11-20 19:26:43,558 [grpc-default-executor-2] INFO  server.RaftServer$Division (RaftServerImpl.java:requestVote(1377)) - s4@group-80861D532C92: receive requestVote(ELECTION, s2, group-80861D532C92, 2, (t:1, i:12))
2023-11-20 19:26:43,558 [grpc-default-executor-2] INFO  impl.VoteContext (VoteContext.java:log(49)) - s4@group-80861D532C92-FOLLOWER: accept ELECTION from s2: our priority 0 <= candidate's priority 0
2023-11-20 19:26:43,558 [grpc-default-executor-2] INFO  server.RaftServer$Division (ServerState.java:setLeader(265)) - s4@group-80861D532C92: change Leader from s1 to null at term 2 for updateCurrentTerm
2023-11-20 19:26:43,559 [grpc-default-executor-2] INFO  server.RaftServer$Division (RaftServerImpl.java:setRole(379)) - s4@group-80861D532C92: changes role from  FOLLOWER to FOLLOWER at term 2 for candidate:s2
2023-11-20 19:26:43,559 [grpc-default-executor-2] INFO  impl.RoleInfo (RoleInfo.java:shutdownFollowerState(110)) - s4: shutdown s4@group-80861D532C92-FollowerState
2023-11-20 19:26:43,559 [grpc-default-executor-2] INFO  impl.RoleInfo (RoleInfo.java:updateAndGet(139)) - s4: start s4@group-80861D532C92-FollowerState
2023-11-20 19:26:43,559 [s4@group-80861D532C92-FollowerState] INFO  impl.FollowerState (FollowerState.java:run(152)) - s4@group-80861D532C92-FollowerState was interrupted
2023-11-20 19:26:43,559 [grpc-default-executor-5] INFO  server.RaftServer$Division (RaftServerImpl.java:requestVote(1377)) - s3@group-80861D532C92: receive requestVote(ELECTION, s2, group-80861D532C92, 2, (t:1, i:12))
2023-11-20 19:26:43,559 [grpc-default-executor-5] INFO  impl.VoteContext (VoteContext.java:log(49)) - s3@group-80861D532C92-FOLLOWER: accept ELECTION from s2: our priority 0 <= candidate's priority 0
2023-11-20 19:26:43,559 [grpc-default-executor-5] INFO  server.RaftServer$Division (ServerState.java:setLeader(265)) - s3@group-80861D532C92: change Leader from s1 to null at term 2 for updateCurrentTerm
2023-11-20 19:26:43,559 [grpc-default-executor-5] INFO  server.RaftServer$Division (RaftServerImpl.java:setRole(379)) - s3@group-80861D532C92: changes role from  FOLLOWER to FOLLOWER at term 2 for candidate:s2
2023-11-20 19:26:43,559 [grpc-default-executor-5] INFO  impl.RoleInfo (RoleInfo.java:shutdownFollowerState(110)) - s3: shutdown s3@group-80861D532C92-FollowerState
2023-11-20 19:26:43,559 [grpc-default-executor-5] INFO  impl.RoleInfo (RoleInfo.java:updateAndGet(139)) - s3: start s3@group-80861D532C92-FollowerState
2023-11-20 19:26:43,559 [s3@group-80861D532C92-FollowerState] INFO  impl.FollowerState (FollowerState.java:run(152)) - s3@group-80861D532C92-FollowerState was interrupted
2023-11-20 19:26:43,559 [grpc-default-executor-2] TRACE util.FileUtils (LogUtils.java:supplyAndLog(69)) - Successfully supplied FileChannel.open /home/runner/work/ratis/ratis/ratis-test/target/test/data/42d3a8b8/MiniRaftClusterWithGrpc43e5161/s4/cec2cddf-b3fc-46c2-a11a-80861d532c92/current/raft-meta.tmp with options [CREATE, WRITE]: sun.nio.ch.FileChannelImpl@59176f01
2023-11-20 19:26:43,559 [grpc-default-executor-5] TRACE util.FileUtils (LogUtils.java:supplyAndLog(69)) - Successfully supplied FileChannel.open /home/runner/work/ratis/ratis/ratis-test/target/test/data/42d3a8b8/MiniRaftClusterWithGrpc43e5161/s3/cec2cddf-b3fc-46c2-a11a-80861d532c92/current/raft-meta.tmp with options [CREATE, WRITE]: sun.nio.ch.FileChannelImpl@e7970b4
2023-11-20 19:26:43,560 [grpc-default-executor-2] TRACE util.FileUtils (LogUtils.java:runAndLog(49)) - Successfully ran Atomic Files.move /home/runner/work/ratis/ratis/ratis-test/target/test/data/42d3a8b8/MiniRaftClusterWithGrpc43e5161/s4/cec2cddf-b3fc-46c2-a11a-80861d532c92/current/raft-meta.tmp to /home/runner/work/ratis/ratis/ratis-test/target/test/data/42d3a8b8/MiniRaftClusterWithGrpc43e5161/s4/cec2cddf-b3fc-46c2-a11a-80861d532c92/current/raft-meta with options [REPLACE_EXISTING]
2023-11-20 19:26:43,560 [grpc-default-executor-2] INFO  server.RaftServer$Division (RaftServerImpl.java:requestVote(1410)) - s4@group-80861D532C92 replies to ELECTION vote request: s2<-s4#0:OK-t2. Peer's state: s4@group-80861D532C92:t2, leader=null, voted=s2, raftlog=Memoized:s4@group-80861D532C92-SegmentedRaftLog:OPENED:c11, conf=11: peers:[s3|0.0.0.0:40989, s4|0.0.0.0:46829, s2|localhost:35445]|listeners:[], old=null
2023-11-20 19:26:43,561 [s2@group-80861D532C92-LeaderElection10] INFO  impl.LeaderElection (LeaderElection.java:logAndReturn(89)) - s2@group-80861D532C92-LeaderElection10: ELECTION PASSED received 1 response(s) and 0 exception(s):
2023-11-20 19:26:43,561 [s2@group-80861D532C92-LeaderElection10] INFO  impl.LeaderElection (LeaderElection.java:logAndReturn(93)) -   Response 0: s2<-s4#0:OK-t2
2023-11-20 19:26:43,561 [s2@group-80861D532C92-LeaderElection10] INFO  impl.LeaderElection (LeaderElection.java:askForVotes(325)) - s2@group-80861D532C92-LeaderElection10 ELECTION round 0: result PASSED
2023-11-20 19:26:43,561 [s2@group-80861D532C92-LeaderElection10] INFO  impl.RoleInfo (RoleInfo.java:shutdownLeaderElection(130)) - s2: shutdown s2@group-80861D532C92-LeaderElection10
2023-11-20 19:26:43,561 [s2@group-80861D532C92-LeaderElection10] INFO  server.RaftServer$Division (RaftServerImpl.java:setRole(379)) - s2@group-80861D532C92: changes role from CANDIDATE to LEADER at term 2 for changeToLeader
2023-11-20 19:26:43,561 [s2@group-80861D532C92-LeaderElection10] INFO  server.RaftServerConfigKeys (ConfUtils.java:logGet(46)) - raft.server.staging.catchup.gap = 1000 (default)
2023-11-20 19:26:43,561 [s2@group-80861D532C92-LeaderElection10] INFO  server.RaftServerConfigKeys (ConfUtils.java:logGet(46)) - raft.server.write.element-limit = 4096 (default)
2023-11-20 19:26:43,561 [s2@group-80861D532C92-LeaderElection10] INFO  server.RaftServerConfigKeys (ConfUtils.java:logGet(46)) - raft.server.write.byte-limit = 64MB (=67108864) (default)
2023-11-20 19:26:43,561 [s2@group-80861D532C92-LeaderElection10] INFO  server.RaftServerConfigKeys (ConfUtils.java:logGet(46)) - raft.server.watch.timeout = 10s (default)
2023-11-20 19:26:43,561 [s2@group-80861D532C92-LeaderElection10] INFO  server.RaftServerConfigKeys (ConfUtils.java:logGet(46)) - raft.server.watch.timeout.denomination = 1s (default)
2023-11-20 19:26:43,561 [s2@group-80861D532C92-LeaderElection10] INFO  server.RaftServerConfigKeys (ConfUtils.java:logGet(46)) - raft.server.watch.element-limit = 65536 (default)
2023-11-20 19:26:43,561 [s2@group-80861D532C92-LeaderElection10] INFO  server.RaftServerConfigKeys (ConfUtils.java:logGet(46)) - raft.server.read.leader.lease.enabled = false (default)
2023-11-20 19:26:43,561 [s2@group-80861D532C92-LeaderElection10] INFO  server.RaftServerConfigKeys (ConfUtils.java:logGet(46)) - raft.server.read.leader.lease.timeout.ratio = 0.9 (default)
2023-11-20 19:26:43,562 [s2@group-80861D532C92-LeaderElection10] INFO  server.RaftServerConfigKeys (ConfUtils.java:logGet(46)) - raft.server.rpc.timeout.min = 150ms (default)
2023-11-20 19:26:43,562 [s2@group-80861D532C92-LeaderElection10] INFO  server.RaftServerConfigKeys (ConfUtils.java:logGet(46)) - raft.server.write.element-limit = 4096 (default)
2023-11-20 19:26:43,562 [s2@group-80861D532C92-LeaderElection10] INFO  server.RaftServerConfigKeys (ConfUtils.java:logGet(46)) - raft.server.write.follower.gap.ratio.max = -1.0 (default)
2023-11-20 19:26:43,562 [s2@group-80861D532C92-LeaderElection10] INFO  server.RaftServerConfigKeys (ConfUtils.java:logGet(46)) - raft.server.log.appender.snapshot.chunk.size.max = 16MB (=16777216) (default)
2023-11-20 19:26:43,562 [s2@group-80861D532C92-LeaderElection10] INFO  server.RaftServerConfigKeys (ConfUtils.java:logGet(46)) - raft.server.log.appender.buffer.byte-limit = 4MB (=4194304) (default)
2023-11-20 19:26:43,562 [s2@group-80861D532C92-LeaderElection10] INFO  server.RaftServerConfigKeys (ConfUtils.java:logGet(46)) - raft.server.log.appender.buffer.element-limit = 0 (default)
2023-11-20 19:26:43,562 [s2@group-80861D532C92-LeaderElection10] INFO  server.RaftServerConfigKeys (ConfUtils.java:logGet(46)) - raft.server.log.appender.wait-time.min = 1ms (default)
2023-11-20 19:26:43,562 [s2@group-80861D532C92-LeaderElection10] INFO  grpc.GrpcConfigKeys (ConfUtils.java:logGet(46)) - raft.grpc.server.leader.outstanding.appends.max = 8 (default)
2023-11-20 19:26:43,562 [grpc-default-executor-5] TRACE util.FileUtils (LogUtils.java:runAndLog(49)) - Successfully ran Atomic Files.move /home/runner/work/ratis/ratis/ratis-test/target/test/data/42d3a8b8/MiniRaftClusterWithGrpc43e5161/s3/cec2cddf-b3fc-46c2-a11a-80861d532c92/current/raft-meta.tmp to /home/runner/work/ratis/ratis/ratis-test/target/test/data/42d3a8b8/MiniRaftClusterWithGrpc43e5161/s3/cec2cddf-b3fc-46c2-a11a-80861d532c92/current/raft-meta with options [REPLACE_EXISTING]
2023-11-20 19:26:43,562 [s2@group-80861D532C92-LeaderElection10] INFO  server.RaftServerConfigKeys (ConfUtils.java:logGet(46)) - raft.server.rpc.request.timeout = 3000ms (default)
2023-11-20 19:26:43,562 [grpc-default-executor-5] INFO  server.RaftServer$Division (RaftServerImpl.java:requestVote(1410)) - s3@group-80861D532C92 replies to ELECTION vote request: s2<-s3#0:OK-t2. Peer's state: s3@group-80861D532C92:t2, leader=null, voted=s2, raftlog=Memoized:s3@group-80861D532C92-SegmentedRaftLog:OPENED:c11, conf=11: peers:[s3|0.0.0.0:40989, s4|0.0.0.0:46829, s2|localhost:35445]|listeners:[], old=null
2023-11-20 19:26:43,562 [s2@group-80861D532C92-LeaderElection10] INFO  grpc.GrpcConfigKeys (ConfUtils.java:logGet(46)) - raft.grpc.server.install_snapshot.request.element-limit = 8 (default)
2023-11-20 19:26:43,562 [s2@group-80861D532C92-LeaderElection10] INFO  grpc.GrpcConfigKeys (ConfUtils.java:logGet(46)) - raft.grpc.server.install_snapshot.request.timeout = 3000ms (default)
2023-11-20 19:26:43,562 [s2@group-80861D532C92-LeaderElection10] INFO  server.RaftServerConfigKeys (ConfUtils.java:logGet(46)) - raft.server.log.appender.install.snapshot.enabled = true (default)
2023-11-20 19:26:43,562 [s2@group-80861D532C92-LeaderElection10] INFO  grpc.GrpcConfigKeys (ConfUtils.java:logGet(46)) - raft.grpc.server.heartbeat.channel = true (default)
2023-11-20 19:26:43,563 [s2@group-80861D532C92-LeaderElection10] INFO  server.RaftServerConfigKeys (ConfUtils.java:logGet(46)) - raft.server.log.appender.snapshot.chunk.size.max = 16MB (=16777216) (default)
2023-11-20 19:26:43,563 [s2@group-80861D532C92-LeaderElection10] INFO  server.RaftServerConfigKeys (ConfUtils.java:logGet(46)) - raft.server.log.appender.buffer.byte-limit = 4MB (=4194304) (default)
2023-11-20 19:26:43,563 [s2@group-80861D532C92-LeaderElection10] INFO  server.RaftServerConfigKeys (ConfUtils.java:logGet(46)) - raft.server.log.appender.buffer.element-limit = 0 (default)
2023-11-20 19:26:43,563 [s2@group-80861D532C92-LeaderElection10] INFO  server.RaftServerConfigKeys (ConfUtils.java:logGet(46)) - raft.server.log.appender.wait-time.min = 1ms (default)
2023-11-20 19:26:43,563 [s2@group-80861D532C92-LeaderElection10] INFO  grpc.GrpcConfigKeys (ConfUtils.java:logGet(46)) - raft.grpc.server.leader.outstanding.appends.max = 8 (default)
2023-11-20 19:26:43,563 [s2@group-80861D532C92-LeaderElection10] INFO  server.RaftServerConfigKeys (ConfUtils.java:logGet(46)) - raft.server.rpc.request.timeout = 3000ms (default)
2023-11-20 19:26:43,563 [s2@group-80861D532C92-LeaderElection10] INFO  grpc.GrpcConfigKeys (ConfUtils.java:logGet(46)) - raft.grpc.server.install_snapshot.request.element-limit = 8 (default)
2023-11-20 19:26:43,563 [s2@group-80861D532C92-LeaderElection10] INFO  grpc.GrpcConfigKeys (ConfUtils.java:logGet(46)) - raft.grpc.server.install_snapshot.request.timeout = 3000ms (default)
2023-11-20 19:26:43,563 [s2@group-80861D532C92-LeaderElection10] INFO  server.RaftServerConfigKeys (ConfUtils.java:logGet(46)) - raft.server.log.appender.install.snapshot.enabled = true (default)
2023-11-20 19:26:43,563 [s2@group-80861D532C92-LeaderElection10] INFO  grpc.GrpcConfigKeys (ConfUtils.java:logGet(46)) - raft.grpc.server.heartbeat.channel = true (default)
2023-11-20 19:26:43,564 [s2@group-80861D532C92-LeaderElection10] INFO  impl.RoleInfo (RoleInfo.java:updateAndGet(139)) - s2: start s2@group-80861D532C92-LeaderStateImpl
2023-11-20 19:26:43,564 [s2@group-80861D532C92-LeaderElection10] INFO  server.RaftServer$Division (ServerState.java:setLeader(265)) - s2@group-80861D532C92: change Leader from null to s2 at term 2 for becomeLeader, leader elected after 14ms
2023-11-20 19:26:43,564 [s2@group-80861D532C92-LeaderElection10] INFO  segmented.SegmentedRaftLogWorker (SegmentedRaftLogWorker.java:rollLogSegment(435)) - s2@group-80861D532C92-SegmentedRaftLogWorker: Rolling segment log-0_12 to index:12
2023-11-20 19:26:43,565 [s2@group-80861D532C92-LeaderElection10] INFO  server.RaftServer$Division (ServerState.java:setRaftConf(382)) - s2@group-80861D532C92: set configuration 13: peers:[s3|0.0.0.0:40989, s4|0.0.0.0:46829, s2|localhost:35445]|listeners:[], old=null
2023-11-20 19:26:43,566 [s2@group-80861D532C92-SegmentedRaftLogWorker] TRACE util.FileUtils (LogUtils.java:runAndLog(49)) - Successfully ran Atomic Files.move /home/runner/work/ratis/ratis/ratis-test/target/test/data/42d3a8b8/MiniRaftClusterWithGrpc43e5161/s2/cec2cddf-b3fc-46c2-a11a-80861d532c92/current/log_inprogress_0 to /home/runner/work/ratis/ratis/ratis-test/target/test/data/42d3a8b8/MiniRaftClusterWithGrpc43e5161/s2/cec2cddf-b3fc-46c2-a11a-80861d532c92/current/log_0-12
2023-11-20 19:26:43,566 [s2@group-80861D532C92-SegmentedRaftLogWorker] INFO  segmented.SegmentedRaftLogWorker (SegmentedRaftLogWorker.java:execute(591)) - s2@group-80861D532C92-SegmentedRaftLogWorker: Rolled log segment from /home/runner/work/ratis/ratis/ratis-test/target/test/data/42d3a8b8/MiniRaftClusterWithGrpc43e5161/s2/cec2cddf-b3fc-46c2-a11a-80861d532c92/current/log_inprogress_0 to /home/runner/work/ratis/ratis/ratis-test/target/test/data/42d3a8b8/MiniRaftClusterWithGrpc43e5161/s2/cec2cddf-b3fc-46c2-a11a-80861d532c92/current/log_0-12
2023-11-20 19:26:43,566 [s2@group-80861D532C92-SegmentedRaftLogWorker] INFO  segmented.BufferedWriteChannel (BufferedWriteChannel.java:open(62)) - open log_inprogress_13 at position 0
2023-11-20 19:26:43,569 [s3-server-thread2] INFO  server.RaftServer$Division (ServerState.java:setLeader(265)) - s3@group-80861D532C92: change Leader from null to s2 at term 2 for appendEntries, leader elected after 9ms
2023-11-20 19:26:43,571 [s3-server-thread1] DEBUG server.RaftServer$Division (RaftServerImpl.java:logAppendEntries(1504)) - s3@group-80861D532C92: receive appendEntries(s2, 2, (t:1, i:12), 11, true, commits:[s2:c11, s3:c11, s4:c11], cId:1, entries: [(t:2, i:13), CONFIGURATIONENTRY(current:id: "s3"
address: "0.0.0.0:40989"
clientAddress: "0.0.0.0:40989"
adminAddress: "0.0.0.0:40989"
startupRole: FOLLOWER
,id: "s4"
address: "0.0.0.0:46829"
clientAddress: "0.0.0.0:46829"
adminAddress: "0.0.0.0:46829"
startupRole: FOLLOWER
,id: "s2"
address: "localhost:35445"
dataStreamAddress: "localhost:42365"
clientAddress: "localhost:41671"
adminAddress: "localhost:46495"
startupRole: FOLLOWER
, old:)]
2023-11-20 19:26:43,572 [s3-server-thread1] INFO  server.RaftServer$Division (ServerState.java:setRaftConf(382)) - s3@group-80861D532C92: set configuration 13: peers:[s3|0.0.0.0:40989, s4|0.0.0.0:46829, s2|localhost:35445]|listeners:[], old=null
2023-11-20 19:26:43,572 [s3-server-thread1] INFO  segmented.SegmentedRaftLogWorker (SegmentedRaftLogWorker.java:rollLogSegment(435)) - s3@group-80861D532C92-SegmentedRaftLogWorker: Rolling segment log-0_12 to index:12
2023-11-20 19:26:43,573 [s3@group-80861D532C92-SegmentedRaftLogWorker] TRACE util.FileUtils (LogUtils.java:runAndLog(49)) - Successfully ran Atomic Files.move /home/runner/work/ratis/ratis/ratis-test/target/test/data/42d3a8b8/MiniRaftClusterWithGrpc43e5161/s3/cec2cddf-b3fc-46c2-a11a-80861d532c92/current/log_inprogress_0 to /home/runner/work/ratis/ratis/ratis-test/target/test/data/42d3a8b8/MiniRaftClusterWithGrpc43e5161/s3/cec2cddf-b3fc-46c2-a11a-80861d532c92/current/log_0-12
2023-11-20 19:26:43,573 [s3@group-80861D532C92-SegmentedRaftLogWorker] INFO  segmented.SegmentedRaftLogWorker (SegmentedRaftLogWorker.java:execute(591)) - s3@group-80861D532C92-SegmentedRaftLogWorker: Rolled log segment from /home/runner/work/ratis/ratis/ratis-test/target/test/data/42d3a8b8/MiniRaftClusterWithGrpc43e5161/s3/cec2cddf-b3fc-46c2-a11a-80861d532c92/current/log_inprogress_0 to /home/runner/work/ratis/ratis/ratis-test/target/test/data/42d3a8b8/MiniRaftClusterWithGrpc43e5161/s3/cec2cddf-b3fc-46c2-a11a-80861d532c92/current/log_0-12
2023-11-20 19:26:43,573 [s3@group-80861D532C92-SegmentedRaftLogWorker] INFO  segmented.BufferedWriteChannel (BufferedWriteChannel.java:open(62)) - open log_inprogress_13 at position 0
2023-11-20 19:26:43,578 [s2@group-80861D532C92-SegmentedRaftLogWorker] INFO  segmented.SegmentedRaftLogWorker (SegmentedRaftLogWorker.java:execute(634)) - s2@group-80861D532C92-SegmentedRaftLogWorker: created new log segment /home/runner/work/ratis/ratis/ratis-test/target/test/data/42d3a8b8/MiniRaftClusterWithGrpc43e5161/s2/cec2cddf-b3fc-46c2-a11a-80861d532c92/current/log_inprogress_13
2023-11-20 19:26:43,579 [s4-server-thread2] INFO  server.RaftServer$Division (ServerState.java:setLeader(265)) - s4@group-80861D532C92: change Leader from null to s2 at term 2 for appendEntries, leader elected after 20ms
2023-11-20 19:26:43,582 [s3@group-80861D532C92-SegmentedRaftLogWorker] INFO  segmented.SegmentedRaftLogWorker (SegmentedRaftLogWorker.java:execute(634)) - s3@group-80861D532C92-SegmentedRaftLogWorker: created new log segment /home/runner/work/ratis/ratis/ratis-test/target/test/data/42d3a8b8/MiniRaftClusterWithGrpc43e5161/s3/cec2cddf-b3fc-46c2-a11a-80861d532c92/current/log_inprogress_13
2023-11-20 19:26:43,582 [grpc-default-executor-1] ERROR impl.OrderedAsync (OrderedAsync.java:lambda$sendRequest$9(247)) - client-E9C94F68C118: Failed* RaftClientRequest:client-E9C94F68C118->s2@group-F61A228DBE4A, cid=6, seq=1*, Watch(0), null
java.util.concurrent.CompletionException: java.io.IOException: org.apache.ratis.thirdparty.io.grpc.StatusRuntimeException: UNAVAILABLE: io exception
	at java.base/java.util.concurrent.CompletableFuture.encodeThrowable(CompletableFuture.java:331)
	at java.base/java.util.concurrent.CompletableFuture.completeThrowable(CompletableFuture.java:346)
	at java.base/java.util.concurrent.CompletableFuture$UniApply.tryFire(CompletableFuture.java:632)
	at java.base/java.util.concurrent.CompletableFuture.postComplete(CompletableFuture.java:506)
	at java.base/java.util.concurrent.CompletableFuture.completeExceptionally(CompletableFuture.java:2094)
	at org.apache.ratis.grpc.client.GrpcClientProtocolClient$AsyncStreamObservers.completeReplyExceptionally(GrpcClientProtocolClient.java:394)
	at org.apache.ratis.grpc.client.GrpcClientProtocolClient$AsyncStreamObservers.access$000(GrpcClientProtocolClient.java:300)
	at org.apache.ratis.grpc.client.GrpcClientProtocolClient$AsyncStreamObservers$1.onError(GrpcClientProtocolClient.java:331)
	at org.apache.ratis.thirdparty.io.grpc.stub.ClientCalls$StreamObserverToCallListenerAdapter.onClose(ClientCalls.java:481)
	at org.apache.ratis.thirdparty.io.grpc.PartialForwardingClientCallListener.onClose(PartialForwardingClientCallListener.java:39)
	at org.apache.ratis.thirdparty.io.grpc.ForwardingClientCallListener.onClose(ForwardingClientCallListener.java:23)
	at org.apache.ratis.grpc.metrics.intercept.client.MetricClientCallListener.onClose(MetricClientCallListener.java:47)
	at org.apache.ratis.thirdparty.io.grpc.internal.DelayedClientCall$DelayedListener$3.run(DelayedClientCall.java:489)
	at org.apache.ratis.thirdparty.io.grpc.internal.DelayedClientCall$DelayedListener.delayOrExecute(DelayedClientCall.java:453)
	at org.apache.ratis.thirdparty.io.grpc.internal.DelayedClientCall$DelayedListener.onClose(DelayedClientCall.java:486)
	at org.apache.ratis.thirdparty.io.grpc.internal.ClientCallImpl.closeObserver(ClientCallImpl.java:567)
	at org.apache.ratis.thirdparty.io.grpc.internal.ClientCallImpl.access$300(ClientCallImpl.java:71)
	at org.apache.ratis.thirdparty.io.grpc.internal.ClientCallImpl$ClientStreamListenerImpl$1StreamClosed.runInternal(ClientCallImpl.java:735)
	at org.apache.ratis.thirdparty.io.grpc.internal.ClientCallImpl$ClientStreamListenerImpl$1StreamClosed.runInContext(ClientCallImpl.java:716)
	at org.apache.ratis.thirdparty.io.grpc.internal.ContextRunnable.run(ContextRunnable.java:37)
	at org.apache.ratis.thirdparty.io.grpc.internal.SerializingExecutor.run(SerializingExecutor.java:133)
	at java.base/java.util.concurrent.ThreadPoolExecutor.runWorker(ThreadPoolExecutor.java:1128)
	at java.base/java.util.concurrent.ThreadPoolExecutor$Worker.run(ThreadPoolExecutor.java:628)
	at java.base/java.lang.Thread.run(Thread.java:829)
Caused by: java.io.IOException: org.apache.ratis.thirdparty.io.grpc.StatusRuntimeException: UNAVAILABLE: io exception
	at org.apache.ratis.grpc.GrpcUtil.unwrapException(GrpcUtil.java:99)
	at org.apache.ratis.grpc.GrpcUtil.unwrapIOException(GrpcUtil.java:159)
	at org.apache.ratis.grpc.client.GrpcClientProtocolClient$AsyncStreamObservers$1.onError(GrpcClientProtocolClient.java:330)
	... 16 more
Caused by: org.apache.ratis.thirdparty.io.grpc.StatusRuntimeException: UNAVAILABLE: io exception
	at org.apache.ratis.thirdparty.io.grpc.Status.asRuntimeException(Status.java:537)
	... 16 more
Caused by: org.apache.ratis.thirdparty.io.netty.channel.AbstractChannel$AnnotatedConnectException: finishConnect(..) failed: Connection refused: localhost/127.0.0.1:43097
Caused by: java.net.ConnectException: finishConnect(..) failed: Connection refused
	at org.apache.ratis.thirdparty.io.netty.channel.unix.Errors.newConnectException0(Errors.java:166)
	at org.apache.ratis.thirdparty.io.netty.channel.unix.Errors.handleConnectErrno(Errors.java:131)
	at org.apache.ratis.thirdparty.io.netty.channel.unix.Socket.finishConnect(Socket.java:359)
	at org.apache.ratis.thirdparty.io.netty.channel.epoll.AbstractEpollChannel$AbstractEpollUnsafe.doFinishConnect(AbstractEpollChannel.java:710)
	at org.apache.ratis.thirdparty.io.netty.channel.epoll.AbstractEpollChannel$AbstractEpollUnsafe.finishConnect(AbstractEpollChannel.java:687)
	at org.apache.ratis.thirdparty.io.netty.channel.epoll.AbstractEpollChannel$AbstractEpollUnsafe.epollOutReady(AbstractEpollChannel.java:567)
	at org.apache.ratis.thirdparty.io.netty.channel.epoll.EpollEventLoop.processReady(EpollEventLoop.java:499)
	at org.apache.ratis.thirdparty.io.netty.channel.epoll.EpollEventLoop.run(EpollEventLoop.java:407)
	at org.apache.ratis.thirdparty.io.netty.util.concurrent.SingleThreadEventExecutor$4.run(SingleThreadEventExecutor.java:997)
	at org.apache.ratis.thirdparty.io.netty.util.internal.ThreadExecutorMap$2.run(ThreadExecutorMap.java:74)
	at org.apache.ratis.thirdparty.io.netty.util.concurrent.FastThreadLocalRunnable.run(FastThreadLocalRunnable.java:30)
	at java.base/java.lang.Thread.run(Thread.java:829)
2023-11-20 19:26:43,583 [s3-server-thread1] DEBUG server.RaftServer$Division (RaftServerImpl.java:logAppendEntries(1504)) - s3@group-80861D532C92: succeeded to handle AppendEntries. Reply: s2<-s3#1:OK-t2,SUCCESS,nextIndex=14,followerCommit=11,matchIndex=13
2023-11-20 19:26:43,583 [s4-server-thread1] DEBUG server.RaftServer$Division (RaftServerImpl.java:logAppendEntries(1504)) - s4@group-80861D532C92: receive appendEntries(s2, 2, (t:1, i:12), 11, true, commits:[s2:c11, s3:c11, s4:c11], cId:1, entries: [(t:2, i:13), CONFIGURATIONENTRY(current:id: "s3"
address: "0.0.0.0:40989"
clientAddress: "0.0.0.0:40989"
adminAddress: "0.0.0.0:40989"
startupRole: FOLLOWER
,id: "s4"
address: "0.0.0.0:46829"
clientAddress: "0.0.0.0:46829"
adminAddress: "0.0.0.0:46829"
startupRole: FOLLOWER
,id: "s2"
address: "localhost:35445"
dataStreamAddress: "localhost:42365"
clientAddress: "localhost:41671"
adminAddress: "localhost:46495"
startupRole: FOLLOWER
, old:)]
2023-11-20 19:26:43,584 [s4-server-thread1] INFO  server.RaftServer$Division (ServerState.java:setRaftConf(382)) - s4@group-80861D532C92: set configuration 13: peers:[s3|0.0.0.0:40989, s4|0.0.0.0:46829, s2|localhost:35445]|listeners:[], old=null
2023-11-20 19:26:43,584 [s4-server-thread1] INFO  segmented.SegmentedRaftLogWorker (SegmentedRaftLogWorker.java:rollLogSegment(435)) - s4@group-80861D532C92-SegmentedRaftLogWorker: Rolling segment log-0_12 to index:12
2023-11-20 19:26:43,585 [s4@group-80861D532C92-SegmentedRaftLogWorker] TRACE util.FileUtils (LogUtils.java:runAndLog(49)) - Successfully ran Atomic Files.move /home/runner/work/ratis/ratis/ratis-test/target/test/data/42d3a8b8/MiniRaftClusterWithGrpc43e5161/s4/cec2cddf-b3fc-46c2-a11a-80861d532c92/current/log_inprogress_0 to /home/runner/work/ratis/ratis/ratis-test/target/test/data/42d3a8b8/MiniRaftClusterWithGrpc43e5161/s4/cec2cddf-b3fc-46c2-a11a-80861d532c92/current/log_0-12
2023-11-20 19:26:43,585 [s4@group-80861D532C92-SegmentedRaftLogWorker] INFO  segmented.SegmentedRaftLogWorker (SegmentedRaftLogWorker.java:execute(591)) - s4@group-80861D532C92-SegmentedRaftLogWorker: Rolled log segment from /home/runner/work/ratis/ratis/ratis-test/target/test/data/42d3a8b8/MiniRaftClusterWithGrpc43e5161/s4/cec2cddf-b3fc-46c2-a11a-80861d532c92/current/log_inprogress_0 to /home/runner/work/ratis/ratis/ratis-test/target/test/data/42d3a8b8/MiniRaftClusterWithGrpc43e5161/s4/cec2cddf-b3fc-46c2-a11a-80861d532c92/current/log_0-12
2023-11-20 19:26:43,585 [s2@group-80861D532C92-StateMachineUpdater] TRACE util.FileUtils (LogUtils.java:supplyAndLog(69)) - Successfully supplied FileChannel.open /home/runner/work/ratis/ratis/ratis-test/target/test/data/42d3a8b8/MiniRaftClusterWithGrpc43e5161/s2/cec2cddf-b3fc-46c2-a11a-80861d532c92/current/raft-meta.conf.tmp with options [CREATE, WRITE]: sun.nio.ch.FileChannelImpl@46d508b
2023-11-20 19:26:43,585 [s4@group-80861D532C92-SegmentedRaftLogWorker] INFO  segmented.BufferedWriteChannel (BufferedWriteChannel.java:open(62)) - open log_inprogress_13 at position 0
2023-11-20 19:26:43,586 [s2@group-80861D532C92-StateMachineUpdater] TRACE util.FileUtils (LogUtils.java:runAndLog(49)) - Successfully ran Atomic Files.move /home/runner/work/ratis/ratis/ratis-test/target/test/data/42d3a8b8/MiniRaftClusterWithGrpc43e5161/s2/cec2cddf-b3fc-46c2-a11a-80861d532c92/current/raft-meta.conf.tmp to /home/runner/work/ratis/ratis/ratis-test/target/test/data/42d3a8b8/MiniRaftClusterWithGrpc43e5161/s2/cec2cddf-b3fc-46c2-a11a-80861d532c92/current/raft-meta.conf with options [REPLACE_EXISTING]
2023-11-20 19:26:43,586 [s2@group-80861D532C92-StateMachineUpdater] INFO  server.RaftServer$Division (LeaderStateImpl.java:isApplied(316)) - leader is ready since appliedIndex == 13 >= startIndex == 13
2023-11-20 19:26:43,587 [s4-server-thread1] DEBUG server.RaftServer$Division (RaftServerImpl.java:logAppendEntries(1504)) - s4@group-80861D532C92: receive appendEntries(s2, 2, (t:2, i:13), 13, true, commits:[s2:c13, s3:c11, s4:c11], cId:2, entries: [(t:2, i:14), METADATAENTRY(c:13)]
2023-11-20 19:26:43,589 [s3-server-thread1] DEBUG server.RaftServer$Division (RaftServerImpl.java:logAppendEntries(1504)) - s3@group-80861D532C92: receive appendEntries(s2, 2, (t:2, i:13), 13, true, commits:[s2:c13, s3:c11, s4:c11], cId:2, entries: [(t:2, i:14), METADATAENTRY(c:13)]
2023-11-20 19:26:43,593 [s3-server-thread1] DEBUG server.RaftServer$Division (RaftServerImpl.java:logAppendEntries(1504)) - s3@group-80861D532C92: succeeded to handle AppendEntries. Reply: s2<-s3#2:OK-t2,SUCCESS,nextIndex=15,followerCommit=13,matchIndex=14
2023-11-20 19:26:43,593 [s3@group-80861D532C92-StateMachineUpdater] TRACE util.FileUtils (LogUtils.java:supplyAndLog(69)) - Successfully supplied FileChannel.open /home/runner/work/ratis/ratis/ratis-test/target/test/data/42d3a8b8/MiniRaftClusterWithGrpc43e5161/s3/cec2cddf-b3fc-46c2-a11a-80861d532c92/current/raft-meta.conf.tmp with options [CREATE, WRITE]: sun.nio.ch.FileChannelImpl@1ddc029
2023-11-20 19:26:43,594 [s4@group-80861D532C92-SegmentedRaftLogWorker] INFO  segmented.SegmentedRaftLogWorker (SegmentedRaftLogWorker.java:execute(634)) - s4@group-80861D532C92-SegmentedRaftLogWorker: created new log segment /home/runner/work/ratis/ratis/ratis-test/target/test/data/42d3a8b8/MiniRaftClusterWithGrpc43e5161/s4/cec2cddf-b3fc-46c2-a11a-80861d532c92/current/log_inprogress_13
2023-11-20 19:26:43,594 [s3@group-80861D532C92-StateMachineUpdater] TRACE util.FileUtils (LogUtils.java:runAndLog(49)) - Successfully ran Atomic Files.move /home/runner/work/ratis/ratis/ratis-test/target/test/data/42d3a8b8/MiniRaftClusterWithGrpc43e5161/s3/cec2cddf-b3fc-46c2-a11a-80861d532c92/current/raft-meta.conf.tmp to /home/runner/work/ratis/ratis/ratis-test/target/test/data/42d3a8b8/MiniRaftClusterWithGrpc43e5161/s3/cec2cddf-b3fc-46c2-a11a-80861d532c92/current/raft-meta.conf with options [REPLACE_EXISTING]
2023-11-20 19:26:43,594 [s4-server-thread1] DEBUG server.RaftServer$Division (RaftServerImpl.java:logAppendEntries(1504)) - s4@group-80861D532C92: succeeded to handle AppendEntries. Reply: s2<-s4#1:OK-t2,SUCCESS,nextIndex=14,followerCommit=11,matchIndex=13
2023-11-20 19:26:43,594 [s4-server-thread2] DEBUG server.RaftServer$Division (RaftServerImpl.java:logAppendEntries(1504)) - s4@group-80861D532C92: succeeded to handle AppendEntries. Reply: s2<-s4#2:OK-t2,SUCCESS,nextIndex=15,followerCommit=13,matchIndex=14
2023-11-20 19:26:43,595 [s4@group-80861D532C92-StateMachineUpdater] TRACE util.FileUtils (LogUtils.java:supplyAndLog(69)) - Successfully supplied FileChannel.open /home/runner/work/ratis/ratis/ratis-test/target/test/data/42d3a8b8/MiniRaftClusterWithGrpc43e5161/s4/cec2cddf-b3fc-46c2-a11a-80861d532c92/current/raft-meta.conf.tmp with options [CREATE, WRITE]: sun.nio.ch.FileChannelImpl@780ff8bb
2023-11-20 19:26:43,596 [s4@group-80861D532C92-StateMachineUpdater] TRACE util.FileUtils (LogUtils.java:runAndLog(49)) - Successfully ran Atomic Files.move /home/runner/work/ratis/ratis/ratis-test/target/test/data/42d3a8b8/MiniRaftClusterWithGrpc43e5161/s4/cec2cddf-b3fc-46c2-a11a-80861d532c92/current/raft-meta.conf.tmp to /home/runner/work/ratis/ratis/ratis-test/target/test/data/42d3a8b8/MiniRaftClusterWithGrpc43e5161/s4/cec2cddf-b3fc-46c2-a11a-80861d532c92/current/raft-meta.conf with options [REPLACE_EXISTING]
2023-11-20 19:26:43,686 [grpc-default-executor-2] ERROR impl.OrderedAsync (OrderedAsync.java:lambda$sendRequest$9(247)) - client-E9C94F68C118: Failed* RaftClientRequest:client-E9C94F68C118->s1@group-F61A228DBE4A, cid=6, seq=1*, Watch(0), null
java.util.concurrent.CompletionException: java.io.IOException: org.apache.ratis.thirdparty.io.grpc.StatusRuntimeException: UNAVAILABLE: io exception
	at java.base/java.util.concurrent.CompletableFuture.encodeThrowable(CompletableFuture.java:331)
	at java.base/java.util.concurrent.CompletableFuture.completeThrowable(CompletableFuture.java:346)
	at java.base/java.util.concurrent.CompletableFuture$UniApply.tryFire(CompletableFuture.java:632)
	at java.base/java.util.concurrent.CompletableFuture.postComplete(CompletableFuture.java:506)
	at java.base/java.util.concurrent.CompletableFuture.completeExceptionally(CompletableFuture.java:2094)
	at org.apache.ratis.grpc.client.GrpcClientProtocolClient$AsyncStreamObservers.completeReplyExceptionally(GrpcClientProtocolClient.java:394)
	at org.apache.ratis.grpc.client.GrpcClientProtocolClient$AsyncStreamObservers.access$000(GrpcClientProtocolClient.java:300)
	at org.apache.ratis.grpc.client.GrpcClientProtocolClient$AsyncStreamObservers$1.onError(GrpcClientProtocolClient.java:331)
	at org.apache.ratis.thirdparty.io.grpc.stub.ClientCalls$StreamObserverToCallListenerAdapter.onClose(ClientCalls.java:481)
	at org.apache.ratis.thirdparty.io.grpc.PartialForwardingClientCallListener.onClose(PartialForwardingClientCallListener.java:39)
	at org.apache.ratis.thirdparty.io.grpc.ForwardingClientCallListener.onClose(ForwardingClientCallListener.java:23)
	at org.apache.ratis.grpc.metrics.intercept.client.MetricClientCallListener.onClose(MetricClientCallListener.java:47)
	at org.apache.ratis.thirdparty.io.grpc.internal.DelayedClientCall$DelayedListener$3.run(DelayedClientCall.java:489)
	at org.apache.ratis.thirdparty.io.grpc.internal.DelayedClientCall$DelayedListener.delayOrExecute(DelayedClientCall.java:453)
	at org.apache.ratis.thirdparty.io.grpc.internal.DelayedClientCall$DelayedListener.onClose(DelayedClientCall.java:486)
	at org.apache.ratis.thirdparty.io.grpc.internal.ClientCallImpl.closeObserver(ClientCallImpl.java:567)
	at org.apache.ratis.thirdparty.io.grpc.internal.ClientCallImpl.access$300(ClientCallImpl.java:71)
	at org.apache.ratis.thirdparty.io.grpc.internal.ClientCallImpl$ClientStreamListenerImpl$1StreamClosed.runInternal(ClientCallImpl.java:735)
	at org.apache.ratis.thirdparty.io.grpc.internal.ClientCallImpl$ClientStreamListenerImpl$1StreamClosed.runInContext(ClientCallImpl.java:716)
	at org.apache.ratis.thirdparty.io.grpc.internal.ContextRunnable.run(ContextRunnable.java:37)
	at org.apache.ratis.thirdparty.io.grpc.internal.SerializingExecutor.run(SerializingExecutor.java:133)
	at java.base/java.util.concurrent.ThreadPoolExecutor.runWorker(ThreadPoolExecutor.java:1128)
	at java.base/java.util.concurrent.ThreadPoolExecutor$Worker.run(ThreadPoolExecutor.java:628)
	at java.base/java.lang.Thread.run(Thread.java:829)
Caused by: java.io.IOException: org.apache.ratis.thirdparty.io.grpc.StatusRuntimeException: UNAVAILABLE: io exception
	at org.apache.ratis.grpc.GrpcUtil.unwrapException(GrpcUtil.java:99)
	at org.apache.ratis.grpc.GrpcUtil.unwrapIOException(GrpcUtil.java:159)
	at org.apache.ratis.grpc.client.GrpcClientProtocolClient$AsyncStreamObservers$1.onError(GrpcClientProtocolClient.java:330)
	... 16 more
Caused by: org.apache.ratis.thirdparty.io.grpc.StatusRuntimeException: UNAVAILABLE: io exception
	at org.apache.ratis.thirdparty.io.grpc.Status.asRuntimeException(Status.java:537)
	... 16 more
Caused by: org.apache.ratis.thirdparty.io.netty.channel.AbstractChannel$AnnotatedConnectException: finishConnect(..) failed: Connection refused: localhost/127.0.0.1:46099
Caused by: java.net.ConnectException: finishConnect(..) failed: Connection refused
	at org.apache.ratis.thirdparty.io.netty.channel.unix.Errors.newConnectException0(Errors.java:166)
	at org.apache.ratis.thirdparty.io.netty.channel.unix.Errors.handleConnectErrno(Errors.java:131)
	at org.apache.ratis.thirdparty.io.netty.channel.unix.Socket.finishConnect(Socket.java:359)
	at org.apache.ratis.thirdparty.io.netty.channel.epoll.AbstractEpollChannel$AbstractEpollUnsafe.doFinishConnect(AbstractEpollChannel.java:710)
	at org.apache.ratis.thirdparty.io.netty.channel.epoll.AbstractEpollChannel$AbstractEpollUnsafe.finishConnect(AbstractEpollChannel.java:687)
	at org.apache.ratis.thirdparty.io.netty.channel.epoll.AbstractEpollChannel$AbstractEpollUnsafe.epollOutReady(AbstractEpollChannel.java:567)
	at org.apache.ratis.thirdparty.io.netty.channel.epoll.EpollEventLoop.processReady(EpollEventLoop.java:499)
	at org.apache.ratis.thirdparty.io.netty.channel.epoll.EpollEventLoop.run(EpollEventLoop.java:407)
	at org.apache.ratis.thirdparty.io.netty.util.concurrent.SingleThreadEventExecutor$4.run(SingleThreadEventExecutor.java:997)
	at org.apache.ratis.thirdparty.io.netty.util.internal.ThreadExecutorMap$2.run(ThreadExecutorMap.java:74)
	at org.apache.ratis.thirdparty.io.netty.util.concurrent.FastThreadLocalRunnable.run(FastThreadLocalRunnable.java:30)
	at java.base/java.lang.Thread.run(Thread.java:829)
2023-11-20 19:26:43,696 [s0@group-80861D532C92-FollowerState] INFO  impl.FollowerState (FollowerState.java:run(143)) - s0@group-80861D532C92-FollowerState: change to CANDIDATE, lastRpcElapsedTime:430017708ns, electionTimeout:249ms
2023-11-20 19:26:43,697 [s0@group-80861D532C92-FollowerState] INFO  impl.RoleInfo (RoleInfo.java:shutdownFollowerState(110)) - s0: shutdown s0@group-80861D532C92-FollowerState
2023-11-20 19:26:43,697 [s0@group-80861D532C92-FollowerState] INFO  server.RaftServer$Division (RaftServerImpl.java:setRole(379)) - s0@group-80861D532C92: changes role from  FOLLOWER to CANDIDATE at term 1 for changeToCandidate
2023-11-20 19:26:43,697 [s0@group-80861D532C92-FollowerState] INFO  server.RaftServerConfigKeys (ConfUtils.java:logGet(46)) - raft.server.leaderelection.pre-vote = true (default)
2023-11-20 19:26:43,697 [s0@group-80861D532C92-FollowerState] INFO  impl.RoleInfo (RoleInfo.java:updateAndGet(139)) - s0: start s0@group-80861D532C92-LeaderElection11
2023-11-20 19:26:43,697 [s0@group-80861D532C92-LeaderElection11] INFO  server.RaftServer$Division (ServerState.java:setLeader(265)) - s0@group-80861D532C92: change Leader from s1 to null at term 1 for PRE_VOTE
2023-11-20 19:26:43,697 [s0@group-80861D532C92-LeaderElection11] INFO  impl.LeaderElection (LeaderElection.java:askForVotes(323)) - s0@group-80861D532C92-LeaderElection11 PRE_VOTE round 0: submit vote requests at term 1 for 9: peers:[s3|0.0.0.0:40989, s4|0.0.0.0:46829, s2|localhost:35445]|listeners:[], old=peers:[s3|0.0.0.0:40989, s4|0.0.0.0:46829, s0|localhost:40297, s1|localhost:34209, s2|localhost:35445]|listeners:[]
2023-11-20 19:26:43,697 [s0@group-80861D532C92-LeaderElection11] INFO  impl.LeaderElection (LeaderElection.java:askForVotes(325)) - s0@group-80861D532C92-LeaderElection11 PRE_VOTE round 0: result NOT_IN_CONF (term=1)
2023-11-20 19:26:43,697 [s0@group-80861D532C92-LeaderElection11] INFO  server.RaftServer (RaftServerProxy.java:lambda$close$9(416)) - s0: close
2023-11-20 19:26:43,697 [s0@group-80861D532C92-LeaderElection11] INFO  server.GrpcService (GrpcService.java:closeImpl(311)) - s0: shutdown server org.apache.ratis.grpc.server.GrpcClientProtocolService now
2023-11-20 19:26:43,697 [s0-impl-thread1] INFO  server.RaftServer$Division (RaftServerImpl.java:lambda$close$3(516)) - s0@group-80861D532C92: shutdown
2023-11-20 19:26:43,698 [s0-impl-thread1] INFO  util.JmxRegister (JmxRegister.java:unregister(73)) - Successfully un-registered JMX Bean with object name Ratis:service=RaftServer,group=group-80861D532C92,id=s0
2023-11-20 19:26:43,698 [s0-impl-thread1] INFO  impl.RoleInfo (RoleInfo.java:shutdownLeaderElection(130)) - s0: shutdown s0@group-80861D532C92-LeaderElection11
2023-11-20 19:26:43,698 [s0-impl-thread1] INFO  impl.StateMachineUpdater (StateMachineUpdater.java:stopAndJoin(157)) - s0@group-80861D532C92-StateMachineUpdater: set stopIndex = 8
2023-11-20 19:26:43,698 [s0-impl-thread1] INFO  server.RaftServer$Division (ServerState.java:close(423)) - s0@group-80861D532C92: applyIndex: 8
2023-11-20 19:26:43,698 [s0@group-80861D532C92-cacheEviction-AwaitToRun] INFO  util.AwaitToRun (AwaitToRun.java:run(49)) - s0@group-80861D532C92-cacheEviction-AwaitToRun-AwaitForSignal is interrupted
2023-11-20 19:26:43,698 [s0@group-80861D532C92-LeaderElection11] INFO  server.GrpcService (GrpcService.java:closeImpl(320)) - s0: shutdown server org.apache.ratis.grpc.server.GrpcClientProtocolService successfully
2023-11-20 19:26:43,698 [s0@group-80861D532C92-LeaderElection11] INFO  server.GrpcService (GrpcService.java:closeImpl(311)) - s0: shutdown server GrpcServerProtocolService now
2023-11-20 19:26:43,700 [s0@group-80861D532C92-LeaderElection11] INFO  server.GrpcService (GrpcService.java:closeImpl(320)) - s0: shutdown server GrpcServerProtocolService successfully
2023-11-20 19:26:43,700 [s0@group-80861D532C92-LeaderElection11] INFO  server.GrpcService (GrpcService.java:closeImpl(311)) - s0: shutdown server org.apache.ratis.grpc.server.GrpcAdminProtocolService now
2023-11-20 19:26:43,700 [s0@group-80861D532C92-LeaderElection11] INFO  server.GrpcService (GrpcService.java:closeImpl(320)) - s0: shutdown server org.apache.ratis.grpc.server.GrpcAdminProtocolService successfully
2023-11-20 19:26:43,789 [grpc-default-executor-2] ERROR impl.OrderedAsync (OrderedAsync.java:lambda$sendRequest$9(247)) - client-E9C94F68C118: Failed* RaftClientRequest:client-E9C94F68C118->s2@group-F61A228DBE4A, cid=6, seq=1*, Watch(0), null
java.util.concurrent.CompletionException: java.io.IOException: org.apache.ratis.thirdparty.io.grpc.StatusRuntimeException: UNAVAILABLE: io exception
	at java.base/java.util.concurrent.CompletableFuture.encodeThrowable(CompletableFuture.java:331)
	at java.base/java.util.concurrent.CompletableFuture.completeThrowable(CompletableFuture.java:346)
	at java.base/java.util.concurrent.CompletableFuture$UniApply.tryFire(CompletableFuture.java:632)
	at java.base/java.util.concurrent.CompletableFuture.postComplete(CompletableFuture.java:506)
	at java.base/java.util.concurrent.CompletableFuture.completeExceptionally(CompletableFuture.java:2094)
	at org.apache.ratis.grpc.client.GrpcClientProtocolClient$AsyncStreamObservers.completeReplyExceptionally(GrpcClientProtocolClient.java:394)
	at org.apache.ratis.grpc.client.GrpcClientProtocolClient$AsyncStreamObservers.access$000(GrpcClientProtocolClient.java:300)
	at org.apache.ratis.grpc.client.GrpcClientProtocolClient$AsyncStreamObservers$1.onError(GrpcClientProtocolClient.java:331)
	at org.apache.ratis.thirdparty.io.grpc.stub.ClientCalls$StreamObserverToCallListenerAdapter.onClose(ClientCalls.java:481)
	at org.apache.ratis.thirdparty.io.grpc.PartialForwardingClientCallListener.onClose(PartialForwardingClientCallListener.java:39)
	at org.apache.ratis.thirdparty.io.grpc.ForwardingClientCallListener.onClose(ForwardingClientCallListener.java:23)
	at org.apache.ratis.grpc.metrics.intercept.client.MetricClientCallListener.onClose(MetricClientCallListener.java:47)
	at org.apache.ratis.thirdparty.io.grpc.internal.DelayedClientCall$DelayedListener$3.run(DelayedClientCall.java:489)
	at org.apache.ratis.thirdparty.io.grpc.internal.DelayedClientCall$DelayedListener.delayOrExecute(DelayedClientCall.java:453)
	at org.apache.ratis.thirdparty.io.grpc.internal.DelayedClientCall$DelayedListener.onClose(DelayedClientCall.java:486)
	at org.apache.ratis.thirdparty.io.grpc.internal.ClientCallImpl.closeObserver(ClientCallImpl.java:567)
	at org.apache.ratis.thirdparty.io.grpc.internal.ClientCallImpl.access$300(ClientCallImpl.java:71)
	at org.apache.ratis.thirdparty.io.grpc.internal.ClientCallImpl$ClientStreamListenerImpl$1StreamClosed.runInternal(ClientCallImpl.java:735)
	at org.apache.ratis.thirdparty.io.grpc.internal.ClientCallImpl$ClientStreamListenerImpl$1StreamClosed.runInContext(ClientCallImpl.java:716)
	at org.apache.ratis.thirdparty.io.grpc.internal.ContextRunnable.run(ContextRunnable.java:37)
	at org.apache.ratis.thirdparty.io.grpc.internal.SerializingExecutor.run(SerializingExecutor.java:133)
	at java.base/java.util.concurrent.ThreadPoolExecutor.runWorker(ThreadPoolExecutor.java:1128)
	at java.base/java.util.concurrent.ThreadPoolExecutor$Worker.run(ThreadPoolExecutor.java:628)
	at java.base/java.lang.Thread.run(Thread.java:829)
Caused by: java.io.IOException: org.apache.ratis.thirdparty.io.grpc.StatusRuntimeException: UNAVAILABLE: io exception
	at org.apache.ratis.grpc.GrpcUtil.unwrapException(GrpcUtil.java:99)
	at org.apache.ratis.grpc.GrpcUtil.unwrapIOException(GrpcUtil.java:159)
	at org.apache.ratis.grpc.client.GrpcClientProtocolClient$AsyncStreamObservers$1.onError(GrpcClientProtocolClient.java:330)
	... 16 more
Caused by: org.apache.ratis.thirdparty.io.grpc.StatusRuntimeException: UNAVAILABLE: io exception
	at org.apache.ratis.thirdparty.io.grpc.Status.asRuntimeException(Status.java:537)
	... 16 more
Caused by: org.apache.ratis.thirdparty.io.netty.channel.AbstractChannel$AnnotatedConnectException: finishConnect(..) failed: Connection refused: localhost/127.0.0.1:43097
Caused by: java.net.ConnectException: finishConnect(..) failed: Connection refused
	at org.apache.ratis.thirdparty.io.netty.channel.unix.Errors.newConnectException0(Errors.java:166)
	at org.apache.ratis.thirdparty.io.netty.channel.unix.Errors.handleConnectErrno(Errors.java:131)
	at org.apache.ratis.thirdparty.io.netty.channel.unix.Socket.finishConnect(Socket.java:359)
	at org.apache.ratis.thirdparty.io.netty.channel.epoll.AbstractEpollChannel$AbstractEpollUnsafe.doFinishConnect(AbstractEpollChannel.java:710)
	at org.apache.ratis.thirdparty.io.netty.channel.epoll.AbstractEpollChannel$AbstractEpollUnsafe.finishConnect(AbstractEpollChannel.java:687)
	at org.apache.ratis.thirdparty.io.netty.channel.epoll.AbstractEpollChannel$AbstractEpollUnsafe.epollOutReady(AbstractEpollChannel.java:567)
	at org.apache.ratis.thirdparty.io.netty.channel.epoll.EpollEventLoop.processReady(EpollEventLoop.java:499)
	at org.apache.ratis.thirdparty.io.netty.channel.epoll.EpollEventLoop.run(EpollEventLoop.java:407)
	at org.apache.ratis.thirdparty.io.netty.util.concurrent.SingleThreadEventExecutor$4.run(SingleThreadEventExecutor.java:997)
	at org.apache.ratis.thirdparty.io.netty.util.internal.ThreadExecutorMap$2.run(ThreadExecutorMap.java:74)
	at org.apache.ratis.thirdparty.io.netty.util.concurrent.FastThreadLocalRunnable.run(FastThreadLocalRunnable.java:30)
	at java.base/java.lang.Thread.run(Thread.java:829)
2023-11-20 19:26:43,892 [grpc-default-executor-1] ERROR impl.OrderedAsync (OrderedAsync.java:lambda$sendRequest$9(247)) - client-E9C94F68C118: Failed* RaftClientRequest:client-E9C94F68C118->s0@group-F61A228DBE4A, cid=6, seq=1*, Watch(0), null
java.util.concurrent.CompletionException: java.io.IOException: org.apache.ratis.thirdparty.io.grpc.StatusRuntimeException: UNAVAILABLE: io exception
	at java.base/java.util.concurrent.CompletableFuture.encodeThrowable(CompletableFuture.java:331)
	at java.base/java.util.concurrent.CompletableFuture.completeThrowable(CompletableFuture.java:346)
	at java.base/java.util.concurrent.CompletableFuture$UniApply.tryFire(CompletableFuture.java:632)
	at java.base/java.util.concurrent.CompletableFuture.postComplete(CompletableFuture.java:506)
	at java.base/java.util.concurrent.CompletableFuture.completeExceptionally(CompletableFuture.java:2094)
	at org.apache.ratis.grpc.client.GrpcClientProtocolClient$AsyncStreamObservers.completeReplyExceptionally(GrpcClientProtocolClient.java:394)
	at org.apache.ratis.grpc.client.GrpcClientProtocolClient$AsyncStreamObservers.access$000(GrpcClientProtocolClient.java:300)
	at org.apache.ratis.grpc.client.GrpcClientProtocolClient$AsyncStreamObservers$1.onError(GrpcClientProtocolClient.java:331)
	at org.apache.ratis.thirdparty.io.grpc.stub.ClientCalls$StreamObserverToCallListenerAdapter.onClose(ClientCalls.java:481)
	at org.apache.ratis.thirdparty.io.grpc.PartialForwardingClientCallListener.onClose(PartialForwardingClientCallListener.java:39)
	at org.apache.ratis.thirdparty.io.grpc.ForwardingClientCallListener.onClose(ForwardingClientCallListener.java:23)
	at org.apache.ratis.grpc.metrics.intercept.client.MetricClientCallListener.onClose(MetricClientCallListener.java:47)
	at org.apache.ratis.thirdparty.io.grpc.internal.DelayedClientCall$DelayedListener$3.run(DelayedClientCall.java:489)
	at org.apache.ratis.thirdparty.io.grpc.internal.DelayedClientCall$DelayedListener.delayOrExecute(DelayedClientCall.java:453)
	at org.apache.ratis.thirdparty.io.grpc.internal.DelayedClientCall$DelayedListener.onClose(DelayedClientCall.java:486)
	at org.apache.ratis.thirdparty.io.grpc.internal.ClientCallImpl.closeObserver(ClientCallImpl.java:567)
	at org.apache.ratis.thirdparty.io.grpc.internal.ClientCallImpl.access$300(ClientCallImpl.java:71)
	at org.apache.ratis.thirdparty.io.grpc.internal.ClientCallImpl$ClientStreamListenerImpl$1StreamClosed.runInternal(ClientCallImpl.java:735)
	at org.apache.ratis.thirdparty.io.grpc.internal.ClientCallImpl$ClientStreamListenerImpl$1StreamClosed.runInContext(ClientCallImpl.java:716)
	at org.apache.ratis.thirdparty.io.grpc.internal.ContextRunnable.run(ContextRunnable.java:37)
	at org.apache.ratis.thirdparty.io.grpc.internal.SerializingExecutor.run(SerializingExecutor.java:133)
	at java.base/java.util.concurrent.ThreadPoolExecutor.runWorker(ThreadPoolExecutor.java:1128)
	at java.base/java.util.concurrent.ThreadPoolExecutor$Worker.run(ThreadPoolExecutor.java:628)
	at java.base/java.lang.Thread.run(Thread.java:829)
Caused by: java.io.IOException: org.apache.ratis.thirdparty.io.grpc.StatusRuntimeException: UNAVAILABLE: io exception
	at org.apache.ratis.grpc.GrpcUtil.unwrapException(GrpcUtil.java:99)
	at org.apache.ratis.grpc.GrpcUtil.unwrapIOException(GrpcUtil.java:159)
	at org.apache.ratis.grpc.client.GrpcClientProtocolClient$AsyncStreamObservers$1.onError(GrpcClientProtocolClient.java:330)
	... 16 more
Caused by: org.apache.ratis.thirdparty.io.grpc.StatusRuntimeException: UNAVAILABLE: io exception
	at org.apache.ratis.thirdparty.io.grpc.Status.asRuntimeException(Status.java:537)
	... 16 more
Caused by: org.apache.ratis.thirdparty.io.netty.channel.AbstractChannel$AnnotatedConnectException: finishConnect(..) failed: Connection refused: localhost/127.0.0.1:37411
Caused by: java.net.ConnectException: finishConnect(..) failed: Connection refused
	at org.apache.ratis.thirdparty.io.netty.channel.unix.Errors.newConnectException0(Errors.java:166)
	at org.apache.ratis.thirdparty.io.netty.channel.unix.Errors.handleConnectErrno(Errors.java:131)
	at org.apache.ratis.thirdparty.io.netty.channel.unix.Socket.finishConnect(Socket.java:359)
	at org.apache.ratis.thirdparty.io.netty.channel.epoll.AbstractEpollChannel$AbstractEpollUnsafe.doFinishConnect(AbstractEpollChannel.java:710)
	at org.apache.ratis.thirdparty.io.netty.channel.epoll.AbstractEpollChannel$AbstractEpollUnsafe.finishConnect(AbstractEpollChannel.java:687)
	at org.apache.ratis.thirdparty.io.netty.channel.epoll.AbstractEpollChannel$AbstractEpollUnsafe.epollOutReady(AbstractEpollChannel.java:567)
	at org.apache.ratis.thirdparty.io.netty.channel.epoll.EpollEventLoop.processReady(EpollEventLoop.java:499)
	at org.apache.ratis.thirdparty.io.netty.channel.epoll.EpollEventLoop.run(EpollEventLoop.java:407)
	at org.apache.ratis.thirdparty.io.netty.util.concurrent.SingleThreadEventExecutor$4.run(SingleThreadEventExecutor.java:997)
	at org.apache.ratis.thirdparty.io.netty.util.internal.ThreadExecutorMap$2.run(ThreadExecutorMap.java:74)
	at org.apache.ratis.thirdparty.io.netty.util.concurrent.FastThreadLocalRunnable.run(FastThreadLocalRunnable.java:30)
	at java.base/java.lang.Thread.run(Thread.java:829)
2023-11-20 19:26:43,943 [Time-limited test] INFO  ratis.RaftTestUtil (RaftTestUtil.java:waitForLeader(119)) - printing ALL groups
  s3:  RUNNING  FOLLOWER s3@group-80861D532C92:t2, leader=s2, voted=s2, raftlog=Memoized:s3@group-80861D532C92-SegmentedRaftLog:OPENED:c14, conf=13: peers:[s3|0.0.0.0:40989, s4|0.0.0.0:46829, s2|localhost:35445]|listeners:[], old=null RUNNING
  s4:  RUNNING  FOLLOWER s4@group-80861D532C92:t2, leader=s2, voted=s2, raftlog=Memoized:s4@group-80861D532C92-SegmentedRaftLog:OPENED:c14, conf=13: peers:[s3|0.0.0.0:40989, s4|0.0.0.0:46829, s2|localhost:35445]|listeners:[], old=null RUNNING
  s0:  CLOSING CANDIDATE s0@group-80861D532C92:t1, leader=null, voted=s1, raftlog=Memoized:s0@group-80861D532C92-SegmentedRaftLog:CLOSED:c8, conf=9: peers:[s3|0.0.0.0:40989, s4|0.0.0.0:46829, s2|localhost:35445]|listeners:[], old=peers:[s3|0.0.0.0:40989, s4|0.0.0.0:46829, s0|localhost:40297, s1|localhost:34209, s2|localhost:35445]|listeners:[] CLOSING
  s1:  RUNNING    LEADER s1@group-80861D532C92:t1, leader=s1, voted=s1, raftlog=Memoized:s1@group-80861D532C92-SegmentedRaftLog:CLOSED:c11, conf=11: peers:[s3|0.0.0.0:40989, s4|0.0.0.0:46829, s2|localhost:35445]|listeners:[], old=null CLOSING
  s2:  RUNNING    LEADER s2@group-80861D532C92:t2, leader=s2, voted=s2, raftlog=Memoized:s2@group-80861D532C92-SegmentedRaftLog:OPENED:c14, conf=13: peers:[s3|0.0.0.0:40989, s4|0.0.0.0:46829, s2|localhost:35445]|listeners:[], old=null RUNNING
2023-11-20 19:26:43,947 [s2-client-thread1] DEBUG server.RaftServer$Division (RaftServerImpl.java:submitClientRequestAsync(893)) - s2@group-80861D532C92: receive client request(RaftClientRequest:client-9B4E1E61C173->s2@group-80861D532C92, cid=999, seq=null, RW, Message:6d657373616765)
2023-11-20 19:26:43,948 [Time-limited test] INFO  grpc.TestRetryCacheWithGrpc (RetryCacheTests.java:runTestRetryOnNewLeader(159)) - successfully sent out the retry request_0
2023-11-20 19:26:43,995 [grpc-default-executor-0] ERROR impl.OrderedAsync (OrderedAsync.java:lambda$sendRequest$9(247)) - client-E9C94F68C118: Failed* RaftClientRequest:client-E9C94F68C118->s2@group-F61A228DBE4A, cid=6, seq=1*, Watch(0), null
java.util.concurrent.CompletionException: java.io.IOException: org.apache.ratis.thirdparty.io.grpc.StatusRuntimeException: UNAVAILABLE: io exception
	at java.base/java.util.concurrent.CompletableFuture.encodeThrowable(CompletableFuture.java:331)
	at java.base/java.util.concurrent.CompletableFuture.completeThrowable(CompletableFuture.java:346)
	at java.base/java.util.concurrent.CompletableFuture$UniApply.tryFire(CompletableFuture.java:632)
	at java.base/java.util.concurrent.CompletableFuture.postComplete(CompletableFuture.java:506)
	at java.base/java.util.concurrent.CompletableFuture.completeExceptionally(CompletableFuture.java:2094)
	at org.apache.ratis.grpc.client.GrpcClientProtocolClient$AsyncStreamObservers.completeReplyExceptionally(GrpcClientProtocolClient.java:394)
	at org.apache.ratis.grpc.client.GrpcClientProtocolClient$AsyncStreamObservers.access$000(GrpcClientProtocolClient.java:300)
	at org.apache.ratis.grpc.client.GrpcClientProtocolClient$AsyncStreamObservers$1.onError(GrpcClientProtocolClient.java:331)
	at org.apache.ratis.thirdparty.io.grpc.stub.ClientCalls$StreamObserverToCallListenerAdapter.onClose(ClientCalls.java:481)
	at org.apache.ratis.thirdparty.io.grpc.PartialForwardingClientCallListener.onClose(PartialForwardingClientCallListener.java:39)
	at org.apache.ratis.thirdparty.io.grpc.ForwardingClientCallListener.onClose(ForwardingClientCallListener.java:23)
	at org.apache.ratis.grpc.metrics.intercept.client.MetricClientCallListener.onClose(MetricClientCallListener.java:47)
	at org.apache.ratis.thirdparty.io.grpc.internal.DelayedClientCall$DelayedListener$3.run(DelayedClientCall.java:489)
	at org.apache.ratis.thirdparty.io.grpc.internal.DelayedClientCall$DelayedListener.delayOrExecute(DelayedClientCall.java:453)
	at org.apache.ratis.thirdparty.io.grpc.internal.DelayedClientCall$DelayedListener.onClose(DelayedClientCall.java:486)
	at org.apache.ratis.thirdparty.io.grpc.internal.ClientCallImpl.closeObserver(ClientCallImpl.java:567)
	at org.apache.ratis.thirdparty.io.grpc.internal.ClientCallImpl.access$300(ClientCallImpl.java:71)
	at org.apache.ratis.thirdparty.io.grpc.internal.ClientCallImpl$ClientStreamListenerImpl$1StreamClosed.runInternal(ClientCallImpl.java:735)
	at org.apache.ratis.thirdparty.io.grpc.internal.ClientCallImpl$ClientStreamListenerImpl$1StreamClosed.runInContext(ClientCallImpl.java:716)
	at org.apache.ratis.thirdparty.io.grpc.internal.ContextRunnable.run(ContextRunnable.java:37)
	at org.apache.ratis.thirdparty.io.grpc.internal.SerializingExecutor.run(SerializingExecutor.java:133)
	at java.base/java.util.concurrent.ThreadPoolExecutor.runWorker(ThreadPoolExecutor.java:1128)
	at java.base/java.util.concurrent.ThreadPoolExecutor$Worker.run(ThreadPoolExecutor.java:628)
	at java.base/java.lang.Thread.run(Thread.java:829)
Caused by: java.io.IOException: org.apache.ratis.thirdparty.io.grpc.StatusRuntimeException: UNAVAILABLE: io exception
	at org.apache.ratis.grpc.GrpcUtil.unwrapException(GrpcUtil.java:99)
	at org.apache.ratis.grpc.GrpcUtil.unwrapIOException(GrpcUtil.java:159)
	at org.apache.ratis.grpc.client.GrpcClientProtocolClient$AsyncStreamObservers$1.onError(GrpcClientProtocolClient.java:330)
	... 16 more
Caused by: org.apache.ratis.thirdparty.io.grpc.StatusRuntimeException: UNAVAILABLE: io exception
	at org.apache.ratis.thirdparty.io.grpc.Status.asRuntimeException(Status.java:537)
	... 16 more
Caused by: org.apache.ratis.thirdparty.io.netty.channel.AbstractChannel$AnnotatedConnectException: finishConnect(..) failed: Connection refused: localhost/127.0.0.1:43097
Caused by: java.net.ConnectException: finishConnect(..) failed: Connection refused
	at org.apache.ratis.thirdparty.io.netty.channel.unix.Errors.newConnectException0(Errors.java:166)
	at org.apache.ratis.thirdparty.io.netty.channel.unix.Errors.handleConnectErrno(Errors.java:131)
	at org.apache.ratis.thirdparty.io.netty.channel.unix.Socket.finishConnect(Socket.java:359)
	at org.apache.ratis.thirdparty.io.netty.channel.epoll.AbstractEpollChannel$AbstractEpollUnsafe.doFinishConnect(AbstractEpollChannel.java:710)
	at org.apache.ratis.thirdparty.io.netty.channel.epoll.AbstractEpollChannel$AbstractEpollUnsafe.finishConnect(AbstractEpollChannel.java:687)
	at org.apache.ratis.thirdparty.io.netty.channel.epoll.AbstractEpollChannel$AbstractEpollUnsafe.epollOutReady(AbstractEpollChannel.java:567)
	at org.apache.ratis.thirdparty.io.netty.channel.epoll.EpollEventLoop.processReady(EpollEventLoop.java:499)
	at org.apache.ratis.thirdparty.io.netty.channel.epoll.EpollEventLoop.run(EpollEventLoop.java:407)
	at org.apache.ratis.thirdparty.io.netty.util.concurrent.SingleThreadEventExecutor$4.run(SingleThreadEventExecutor.java:997)
	at org.apache.ratis.thirdparty.io.netty.util.internal.ThreadExecutorMap$2.run(ThreadExecutorMap.java:74)
	at org.apache.ratis.thirdparty.io.netty.util.concurrent.FastThreadLocalRunnable.run(FastThreadLocalRunnable.java:30)
	at java.base/java.lang.Thread.run(Thread.java:829)
2023-11-20 19:26:44,050 [s2-client-thread1] DEBUG server.RaftServer$Division (RaftServerImpl.java:submitClientRequestAsync(893)) - s2@group-80861D532C92: receive client request(RaftClientRequest:client-9B4E1E61C173->s2@group-80861D532C92, cid=999, seq=null, RW, Message:6d657373616765)
2023-11-20 19:26:44,051 [Time-limited test] INFO  grpc.TestRetryCacheWithGrpc (RetryCacheTests.java:runTestRetryOnNewLeader(159)) - successfully sent out the retry request_1
2023-11-20 19:26:44,099 [grpc-default-executor-2] ERROR impl.OrderedAsync (OrderedAsync.java:lambda$sendRequest$9(247)) - client-E9C94F68C118: Failed* RaftClientRequest:client-E9C94F68C118->s1@group-F61A228DBE4A, cid=6, seq=1*, Watch(0), null
java.util.concurrent.CompletionException: java.io.IOException: org.apache.ratis.thirdparty.io.grpc.StatusRuntimeException: UNAVAILABLE: io exception
	at java.base/java.util.concurrent.CompletableFuture.encodeThrowable(CompletableFuture.java:331)
	at java.base/java.util.concurrent.CompletableFuture.completeThrowable(CompletableFuture.java:346)
	at java.base/java.util.concurrent.CompletableFuture$UniApply.tryFire(CompletableFuture.java:632)
	at java.base/java.util.concurrent.CompletableFuture.postComplete(CompletableFuture.java:506)
	at java.base/java.util.concurrent.CompletableFuture.completeExceptionally(CompletableFuture.java:2094)
	at org.apache.ratis.grpc.client.GrpcClientProtocolClient$AsyncStreamObservers.completeReplyExceptionally(GrpcClientProtocolClient.java:394)
	at org.apache.ratis.grpc.client.GrpcClientProtocolClient$AsyncStreamObservers.access$000(GrpcClientProtocolClient.java:300)
	at org.apache.ratis.grpc.client.GrpcClientProtocolClient$AsyncStreamObservers$1.onError(GrpcClientProtocolClient.java:331)
	at org.apache.ratis.thirdparty.io.grpc.stub.ClientCalls$StreamObserverToCallListenerAdapter.onClose(ClientCalls.java:481)
	at org.apache.ratis.thirdparty.io.grpc.PartialForwardingClientCallListener.onClose(PartialForwardingClientCallListener.java:39)
	at org.apache.ratis.thirdparty.io.grpc.ForwardingClientCallListener.onClose(ForwardingClientCallListener.java:23)
	at org.apache.ratis.grpc.metrics.intercept.client.MetricClientCallListener.onClose(MetricClientCallListener.java:47)
	at org.apache.ratis.thirdparty.io.grpc.internal.DelayedClientCall$DelayedListener$3.run(DelayedClientCall.java:489)
	at org.apache.ratis.thirdparty.io.grpc.internal.DelayedClientCall$DelayedListener.delayOrExecute(DelayedClientCall.java:453)
	at org.apache.ratis.thirdparty.io.grpc.internal.DelayedClientCall$DelayedListener.onClose(DelayedClientCall.java:486)
	at org.apache.ratis.thirdparty.io.grpc.internal.ClientCallImpl.closeObserver(ClientCallImpl.java:567)
	at org.apache.ratis.thirdparty.io.grpc.internal.ClientCallImpl.access$300(ClientCallImpl.java:71)
	at org.apache.ratis.thirdparty.io.grpc.internal.ClientCallImpl$ClientStreamListenerImpl$1StreamClosed.runInternal(ClientCallImpl.java:735)
	at org.apache.ratis.thirdparty.io.grpc.internal.ClientCallImpl$ClientStreamListenerImpl$1StreamClosed.runInContext(ClientCallImpl.java:716)
	at org.apache.ratis.thirdparty.io.grpc.internal.ContextRunnable.run(ContextRunnable.java:37)
	at org.apache.ratis.thirdparty.io.grpc.internal.SerializingExecutor.run(SerializingExecutor.java:133)
	at java.base/java.util.concurrent.ThreadPoolExecutor.runWorker(ThreadPoolExecutor.java:1128)
	at java.base/java.util.concurrent.ThreadPoolExecutor$Worker.run(ThreadPoolExecutor.java:628)
	at java.base/java.lang.Thread.run(Thread.java:829)
Caused by: java.io.IOException: org.apache.ratis.thirdparty.io.grpc.StatusRuntimeException: UNAVAILABLE: io exception
	at org.apache.ratis.grpc.GrpcUtil.unwrapException(GrpcUtil.java:99)
	at org.apache.ratis.grpc.GrpcUtil.unwrapIOException(GrpcUtil.java:159)
	at org.apache.ratis.grpc.client.GrpcClientProtocolClient$AsyncStreamObservers$1.onError(GrpcClientProtocolClient.java:330)
	... 16 more
Caused by: org.apache.ratis.thirdparty.io.grpc.StatusRuntimeException: UNAVAILABLE: io exception
	at org.apache.ratis.thirdparty.io.grpc.Status.asRuntimeException(Status.java:537)
	... 16 more
Caused by: org.apache.ratis.thirdparty.io.netty.channel.AbstractChannel$AnnotatedConnectException: finishConnect(..) failed: Connection refused: localhost/127.0.0.1:46099
Caused by: java.net.ConnectException: finishConnect(..) failed: Connection refused
	at org.apache.ratis.thirdparty.io.netty.channel.unix.Errors.newConnectException0(Errors.java:166)
	at org.apache.ratis.thirdparty.io.netty.channel.unix.Errors.handleConnectErrno(Errors.java:131)
	at org.apache.ratis.thirdparty.io.netty.channel.unix.Socket.finishConnect(Socket.java:359)
	at org.apache.ratis.thirdparty.io.netty.channel.epoll.AbstractEpollChannel$AbstractEpollUnsafe.doFinishConnect(AbstractEpollChannel.java:710)
	at org.apache.ratis.thirdparty.io.netty.channel.epoll.AbstractEpollChannel$AbstractEpollUnsafe.finishConnect(AbstractEpollChannel.java:687)
	at org.apache.ratis.thirdparty.io.netty.channel.epoll.AbstractEpollChannel$AbstractEpollUnsafe.epollOutReady(AbstractEpollChannel.java:567)
	at org.apache.ratis.thirdparty.io.netty.channel.epoll.EpollEventLoop.processReady(EpollEventLoop.java:499)
	at org.apache.ratis.thirdparty.io.netty.channel.epoll.EpollEventLoop.run(EpollEventLoop.java:407)
	at org.apache.ratis.thirdparty.io.netty.util.concurrent.SingleThreadEventExecutor$4.run(SingleThreadEventExecutor.java:997)
	at org.apache.ratis.thirdparty.io.netty.util.internal.ThreadExecutorMap$2.run(ThreadExecutorMap.java:74)
	at org.apache.ratis.thirdparty.io.netty.util.concurrent.FastThreadLocalRunnable.run(FastThreadLocalRunnable.java:30)
	at java.base/java.lang.Thread.run(Thread.java:829)
2023-11-20 19:26:44,153 [s2-client-thread1] DEBUG server.RaftServer$Division (RaftServerImpl.java:submitClientRequestAsync(893)) - s2@group-80861D532C92: receive client request(RaftClientRequest:client-9B4E1E61C173->s2@group-80861D532C92, cid=999, seq=null, RW, Message:6d657373616765)
2023-11-20 19:26:44,154 [Time-limited test] INFO  grpc.TestRetryCacheWithGrpc (RetryCacheTests.java:runTestRetryOnNewLeader(159)) - successfully sent out the retry request_2
2023-11-20 19:26:44,201 [grpc-default-executor-1] ERROR impl.OrderedAsync (OrderedAsync.java:lambda$sendRequest$9(247)) - client-E9C94F68C118: Failed* RaftClientRequest:client-E9C94F68C118->s0@group-F61A228DBE4A, cid=6, seq=1*, Watch(0), null
java.util.concurrent.CompletionException: java.io.IOException: org.apache.ratis.thirdparty.io.grpc.StatusRuntimeException: UNAVAILABLE: io exception
	at java.base/java.util.concurrent.CompletableFuture.encodeThrowable(CompletableFuture.java:331)
	at java.base/java.util.concurrent.CompletableFuture.completeThrowable(CompletableFuture.java:346)
	at java.base/java.util.concurrent.CompletableFuture$UniApply.tryFire(CompletableFuture.java:632)
	at java.base/java.util.concurrent.CompletableFuture.postComplete(CompletableFuture.java:506)
	at java.base/java.util.concurrent.CompletableFuture.completeExceptionally(CompletableFuture.java:2094)
	at org.apache.ratis.grpc.client.GrpcClientProtocolClient$AsyncStreamObservers.completeReplyExceptionally(GrpcClientProtocolClient.java:394)
	at org.apache.ratis.grpc.client.GrpcClientProtocolClient$AsyncStreamObservers.access$000(GrpcClientProtocolClient.java:300)
	at org.apache.ratis.grpc.client.GrpcClientProtocolClient$AsyncStreamObservers$1.onError(GrpcClientProtocolClient.java:331)
	at org.apache.ratis.thirdparty.io.grpc.stub.ClientCalls$StreamObserverToCallListenerAdapter.onClose(ClientCalls.java:481)
	at org.apache.ratis.thirdparty.io.grpc.PartialForwardingClientCallListener.onClose(PartialForwardingClientCallListener.java:39)
	at org.apache.ratis.thirdparty.io.grpc.ForwardingClientCallListener.onClose(ForwardingClientCallListener.java:23)
	at org.apache.ratis.grpc.metrics.intercept.client.MetricClientCallListener.onClose(MetricClientCallListener.java:47)
	at org.apache.ratis.thirdparty.io.grpc.internal.DelayedClientCall$DelayedListener$3.run(DelayedClientCall.java:489)
	at org.apache.ratis.thirdparty.io.grpc.internal.DelayedClientCall$DelayedListener.delayOrExecute(DelayedClientCall.java:453)
	at org.apache.ratis.thirdparty.io.grpc.internal.DelayedClientCall$DelayedListener.onClose(DelayedClientCall.java:486)
	at org.apache.ratis.thirdparty.io.grpc.internal.ClientCallImpl.closeObserver(ClientCallImpl.java:567)
	at org.apache.ratis.thirdparty.io.grpc.internal.ClientCallImpl.access$300(ClientCallImpl.java:71)
	at org.apache.ratis.thirdparty.io.grpc.internal.ClientCallImpl$ClientStreamListenerImpl$1StreamClosed.runInternal(ClientCallImpl.java:735)
	at org.apache.ratis.thirdparty.io.grpc.internal.ClientCallImpl$ClientStreamListenerImpl$1StreamClosed.runInContext(ClientCallImpl.java:716)
	at org.apache.ratis.thirdparty.io.grpc.internal.ContextRunnable.run(ContextRunnable.java:37)
	at org.apache.ratis.thirdparty.io.grpc.internal.SerializingExecutor.run(SerializingExecutor.java:133)
	at java.base/java.util.concurrent.ThreadPoolExecutor.runWorker(ThreadPoolExecutor.java:1128)
	at java.base/java.util.concurrent.ThreadPoolExecutor$Worker.run(ThreadPoolExecutor.java:628)
	at java.base/java.lang.Thread.run(Thread.java:829)
Caused by: java.io.IOException: org.apache.ratis.thirdparty.io.grpc.StatusRuntimeException: UNAVAILABLE: io exception
	at org.apache.ratis.grpc.GrpcUtil.unwrapException(GrpcUtil.java:99)
	at org.apache.ratis.grpc.GrpcUtil.unwrapIOException(GrpcUtil.java:159)
	at org.apache.ratis.grpc.client.GrpcClientProtocolClient$AsyncStreamObservers$1.onError(GrpcClientProtocolClient.java:330)
	... 16 more
Caused by: org.apache.ratis.thirdparty.io.grpc.StatusRuntimeException: UNAVAILABLE: io exception
	at org.apache.ratis.thirdparty.io.grpc.Status.asRuntimeException(Status.java:537)
	... 16 more
Caused by: org.apache.ratis.thirdparty.io.netty.channel.AbstractChannel$AnnotatedConnectException: finishConnect(..) failed: Connection refused: localhost/127.0.0.1:37411
Caused by: java.net.ConnectException: finishConnect(..) failed: Connection refused
	at org.apache.ratis.thirdparty.io.netty.channel.unix.Errors.newConnectException0(Errors.java:166)
	at org.apache.ratis.thirdparty.io.netty.channel.unix.Errors.handleConnectErrno(Errors.java:131)
	at org.apache.ratis.thirdparty.io.netty.channel.unix.Socket.finishConnect(Socket.java:359)
	at org.apache.ratis.thirdparty.io.netty.channel.epoll.AbstractEpollChannel$AbstractEpollUnsafe.doFinishConnect(AbstractEpollChannel.java:710)
	at org.apache.ratis.thirdparty.io.netty.channel.epoll.AbstractEpollChannel$AbstractEpollUnsafe.finishConnect(AbstractEpollChannel.java:687)
	at org.apache.ratis.thirdparty.io.netty.channel.epoll.AbstractEpollChannel$AbstractEpollUnsafe.epollOutReady(AbstractEpollChannel.java:567)
	at org.apache.ratis.thirdparty.io.netty.channel.epoll.EpollEventLoop.processReady(EpollEventLoop.java:499)
	at org.apache.ratis.thirdparty.io.netty.channel.epoll.EpollEventLoop.run(EpollEventLoop.java:407)
	at org.apache.ratis.thirdparty.io.netty.util.concurrent.SingleThreadEventExecutor$4.run(SingleThreadEventExecutor.java:997)
	at org.apache.ratis.thirdparty.io.netty.util.internal.ThreadExecutorMap$2.run(ThreadExecutorMap.java:74)
	at org.apache.ratis.thirdparty.io.netty.util.concurrent.FastThreadLocalRunnable.run(FastThreadLocalRunnable.java:30)
	at java.base/java.lang.Thread.run(Thread.java:829)
2023-11-20 19:26:44,256 [s2-client-thread1] DEBUG server.RaftServer$Division (RaftServerImpl.java:submitClientRequestAsync(893)) - s2@group-80861D532C92: receive client request(RaftClientRequest:client-9B4E1E61C173->s2@group-80861D532C92, cid=999, seq=null, RW, Message:6d657373616765)
2023-11-20 19:26:44,257 [Time-limited test] INFO  grpc.TestRetryCacheWithGrpc (RetryCacheTests.java:runTestRetryOnNewLeader(159)) - successfully sent out the retry request_3
2023-11-20 19:26:44,267 [s0-impl-thread1] INFO  segmented.SegmentedRaftLogWorker (SegmentedRaftLogWorker.java:close(245)) - s0@group-80861D532C92-SegmentedRaftLogWorker close()
2023-11-20 19:26:44,268 [JvmPauseMonitor9] INFO  util.JvmPauseMonitor (JvmPauseMonitor.java:run(152)) - JvmPauseMonitor-s0: Stopped
2023-11-20 19:26:44,282 [s1@group-80861D532C92-LeaderStateImpl] INFO  segmented.SegmentedRaftLogWorker (SegmentedRaftLogWorker.java:close(245)) - s1@group-80861D532C92-SegmentedRaftLogWorker close()
2023-11-20 19:26:44,305 [grpc-default-executor-2] ERROR impl.OrderedAsync (OrderedAsync.java:lambda$sendRequest$9(247)) - client-E9C94F68C118: Failed* RaftClientRequest:client-E9C94F68C118->s2@group-F61A228DBE4A, cid=6, seq=1*, Watch(0), null
java.util.concurrent.CompletionException: java.io.IOException: org.apache.ratis.thirdparty.io.grpc.StatusRuntimeException: UNAVAILABLE: io exception
	at java.base/java.util.concurrent.CompletableFuture.encodeThrowable(CompletableFuture.java:331)
	at java.base/java.util.concurrent.CompletableFuture.completeThrowable(CompletableFuture.java:346)
	at java.base/java.util.concurrent.CompletableFuture$UniApply.tryFire(CompletableFuture.java:632)
	at java.base/java.util.concurrent.CompletableFuture.postComplete(CompletableFuture.java:506)
	at java.base/java.util.concurrent.CompletableFuture.completeExceptionally(CompletableFuture.java:2094)
	at org.apache.ratis.grpc.client.GrpcClientProtocolClient$AsyncStreamObservers.completeReplyExceptionally(GrpcClientProtocolClient.java:394)
	at org.apache.ratis.grpc.client.GrpcClientProtocolClient$AsyncStreamObservers.access$000(GrpcClientProtocolClient.java:300)
	at org.apache.ratis.grpc.client.GrpcClientProtocolClient$AsyncStreamObservers$1.onError(GrpcClientProtocolClient.java:331)
	at org.apache.ratis.thirdparty.io.grpc.stub.ClientCalls$StreamObserverToCallListenerAdapter.onClose(ClientCalls.java:481)
	at org.apache.ratis.thirdparty.io.grpc.PartialForwardingClientCallListener.onClose(PartialForwardingClientCallListener.java:39)
	at org.apache.ratis.thirdparty.io.grpc.ForwardingClientCallListener.onClose(ForwardingClientCallListener.java:23)
	at org.apache.ratis.grpc.metrics.intercept.client.MetricClientCallListener.onClose(MetricClientCallListener.java:47)
	at org.apache.ratis.thirdparty.io.grpc.internal.DelayedClientCall$DelayedListener$3.run(DelayedClientCall.java:489)
	at org.apache.ratis.thirdparty.io.grpc.internal.DelayedClientCall$DelayedListener.delayOrExecute(DelayedClientCall.java:453)
	at org.apache.ratis.thirdparty.io.grpc.internal.DelayedClientCall$DelayedListener.onClose(DelayedClientCall.java:486)
	at org.apache.ratis.thirdparty.io.grpc.internal.ClientCallImpl.closeObserver(ClientCallImpl.java:567)
	at org.apache.ratis.thirdparty.io.grpc.internal.ClientCallImpl.access$300(ClientCallImpl.java:71)
	at org.apache.ratis.thirdparty.io.grpc.internal.ClientCallImpl$ClientStreamListenerImpl$1StreamClosed.runInternal(ClientCallImpl.java:735)
	at org.apache.ratis.thirdparty.io.grpc.internal.ClientCallImpl$ClientStreamListenerImpl$1StreamClosed.runInContext(ClientCallImpl.java:716)
	at org.apache.ratis.thirdparty.io.grpc.internal.ContextRunnable.run(ContextRunnable.java:37)
	at org.apache.ratis.thirdparty.io.grpc.internal.SerializingExecutor.run(SerializingExecutor.java:133)
	at java.base/java.util.concurrent.ThreadPoolExecutor.runWorker(ThreadPoolExecutor.java:1128)
	at java.base/java.util.concurrent.ThreadPoolExecutor$Worker.run(ThreadPoolExecutor.java:628)
	at java.base/java.lang.Thread.run(Thread.java:829)
Caused by: java.io.IOException: org.apache.ratis.thirdparty.io.grpc.StatusRuntimeException: UNAVAILABLE: io exception
	at org.apache.ratis.grpc.GrpcUtil.unwrapException(GrpcUtil.java:99)
	at org.apache.ratis.grpc.GrpcUtil.unwrapIOException(GrpcUtil.java:159)
	at org.apache.ratis.grpc.client.GrpcClientProtocolClient$AsyncStreamObservers$1.onError(GrpcClientProtocolClient.java:330)
	... 16 more
Caused by: org.apache.ratis.thirdparty.io.grpc.StatusRuntimeException: UNAVAILABLE: io exception
	at org.apache.ratis.thirdparty.io.grpc.Status.asRuntimeException(Status.java:537)
	... 16 more
Caused by: org.apache.ratis.thirdparty.io.netty.channel.AbstractChannel$AnnotatedConnectException: finishConnect(..) failed: Connection refused: localhost/127.0.0.1:43097
Caused by: java.net.ConnectException: finishConnect(..) failed: Connection refused
	at org.apache.ratis.thirdparty.io.netty.channel.unix.Errors.newConnectException0(Errors.java:166)
	at org.apache.ratis.thirdparty.io.netty.channel.unix.Errors.handleConnectErrno(Errors.java:131)
	at org.apache.ratis.thirdparty.io.netty.channel.unix.Socket.finishConnect(Socket.java:359)
	at org.apache.ratis.thirdparty.io.netty.channel.epoll.AbstractEpollChannel$AbstractEpollUnsafe.doFinishConnect(AbstractEpollChannel.java:710)
	at org.apache.ratis.thirdparty.io.netty.channel.epoll.AbstractEpollChannel$AbstractEpollUnsafe.finishConnect(AbstractEpollChannel.java:687)
	at org.apache.ratis.thirdparty.io.netty.channel.epoll.AbstractEpollChannel$AbstractEpollUnsafe.epollOutReady(AbstractEpollChannel.java:567)
	at org.apache.ratis.thirdparty.io.netty.channel.epoll.EpollEventLoop.processReady(EpollEventLoop.java:499)
	at org.apache.ratis.thirdparty.io.netty.channel.epoll.EpollEventLoop.run(EpollEventLoop.java:407)
	at org.apache.ratis.thirdparty.io.netty.util.concurrent.SingleThreadEventExecutor$4.run(SingleThreadEventExecutor.java:997)
	at org.apache.ratis.thirdparty.io.netty.util.internal.ThreadExecutorMap$2.run(ThreadExecutorMap.java:74)
	at org.apache.ratis.thirdparty.io.netty.util.concurrent.FastThreadLocalRunnable.run(FastThreadLocalRunnable.java:30)
	at java.base/java.lang.Thread.run(Thread.java:829)
2023-11-20 19:26:44,358 [s2-client-thread1] DEBUG server.RaftServer$Division (RaftServerImpl.java:submitClientRequestAsync(893)) - s2@group-80861D532C92: receive client request(RaftClientRequest:client-9B4E1E61C173->s2@group-80861D532C92, cid=999, seq=null, RW, Message:6d657373616765)
2023-11-20 19:26:44,360 [Time-limited test] INFO  grpc.TestRetryCacheWithGrpc (RetryCacheTests.java:runTestRetryOnNewLeader(159)) - successfully sent out the retry request_4
2023-11-20 19:26:44,407 [grpc-default-executor-2] ERROR impl.OrderedAsync (OrderedAsync.java:lambda$sendRequest$9(247)) - client-E9C94F68C118: Failed* RaftClientRequest:client-E9C94F68C118->s1@group-F61A228DBE4A, cid=6, seq=1*, Watch(0), null
java.util.concurrent.CompletionException: java.io.IOException: org.apache.ratis.thirdparty.io.grpc.StatusRuntimeException: UNAVAILABLE: io exception
	at java.base/java.util.concurrent.CompletableFuture.encodeThrowable(CompletableFuture.java:331)
	at java.base/java.util.concurrent.CompletableFuture.completeThrowable(CompletableFuture.java:346)
	at java.base/java.util.concurrent.CompletableFuture$UniApply.tryFire(CompletableFuture.java:632)
	at java.base/java.util.concurrent.CompletableFuture.postComplete(CompletableFuture.java:506)
	at java.base/java.util.concurrent.CompletableFuture.completeExceptionally(CompletableFuture.java:2094)
	at org.apache.ratis.grpc.client.GrpcClientProtocolClient$AsyncStreamObservers.completeReplyExceptionally(GrpcClientProtocolClient.java:394)
	at org.apache.ratis.grpc.client.GrpcClientProtocolClient$AsyncStreamObservers.access$000(GrpcClientProtocolClient.java:300)
	at org.apache.ratis.grpc.client.GrpcClientProtocolClient$AsyncStreamObservers$1.onError(GrpcClientProtocolClient.java:331)
	at org.apache.ratis.thirdparty.io.grpc.stub.ClientCalls$StreamObserverToCallListenerAdapter.onClose(ClientCalls.java:481)
	at org.apache.ratis.thirdparty.io.grpc.PartialForwardingClientCallListener.onClose(PartialForwardingClientCallListener.java:39)
	at org.apache.ratis.thirdparty.io.grpc.ForwardingClientCallListener.onClose(ForwardingClientCallListener.java:23)
	at org.apache.ratis.grpc.metrics.intercept.client.MetricClientCallListener.onClose(MetricClientCallListener.java:47)
	at org.apache.ratis.thirdparty.io.grpc.internal.DelayedClientCall$DelayedListener$3.run(DelayedClientCall.java:489)
	at org.apache.ratis.thirdparty.io.grpc.internal.DelayedClientCall$DelayedListener.delayOrExecute(DelayedClientCall.java:453)
	at org.apache.ratis.thirdparty.io.grpc.internal.DelayedClientCall$DelayedListener.onClose(DelayedClientCall.java:486)
	at org.apache.ratis.thirdparty.io.grpc.internal.ClientCallImpl.closeObserver(ClientCallImpl.java:567)
	at org.apache.ratis.thirdparty.io.grpc.internal.ClientCallImpl.access$300(ClientCallImpl.java:71)
	at org.apache.ratis.thirdparty.io.grpc.internal.ClientCallImpl$ClientStreamListenerImpl$1StreamClosed.runInternal(ClientCallImpl.java:735)
	at org.apache.ratis.thirdparty.io.grpc.internal.ClientCallImpl$ClientStreamListenerImpl$1StreamClosed.runInContext(ClientCallImpl.java:716)
	at org.apache.ratis.thirdparty.io.grpc.internal.ContextRunnable.run(ContextRunnable.java:37)
	at org.apache.ratis.thirdparty.io.grpc.internal.SerializingExecutor.run(SerializingExecutor.java:133)
	at java.base/java.util.concurrent.ThreadPoolExecutor.runWorker(ThreadPoolExecutor.java:1128)
	at java.base/java.util.concurrent.ThreadPoolExecutor$Worker.run(ThreadPoolExecutor.java:628)
	at java.base/java.lang.Thread.run(Thread.java:829)
Caused by: java.io.IOException: org.apache.ratis.thirdparty.io.grpc.StatusRuntimeException: UNAVAILABLE: io exception
	at org.apache.ratis.grpc.GrpcUtil.unwrapException(GrpcUtil.java:99)
	at org.apache.ratis.grpc.GrpcUtil.unwrapIOException(GrpcUtil.java:159)
	at org.apache.ratis.grpc.client.GrpcClientProtocolClient$AsyncStreamObservers$1.onError(GrpcClientProtocolClient.java:330)
	... 16 more
Caused by: org.apache.ratis.thirdparty.io.grpc.StatusRuntimeException: UNAVAILABLE: io exception
	at org.apache.ratis.thirdparty.io.grpc.Status.asRuntimeException(Status.java:537)
	... 16 more
Caused by: org.apache.ratis.thirdparty.io.netty.channel.AbstractChannel$AnnotatedConnectException: finishConnect(..) failed: Connection refused: localhost/127.0.0.1:46099
Caused by: java.net.ConnectException: finishConnect(..) failed: Connection refused
	at org.apache.ratis.thirdparty.io.netty.channel.unix.Errors.newConnectException0(Errors.java:166)
	at org.apache.ratis.thirdparty.io.netty.channel.unix.Errors.handleConnectErrno(Errors.java:131)
	at org.apache.ratis.thirdparty.io.netty.channel.unix.Socket.finishConnect(Socket.java:359)
	at org.apache.ratis.thirdparty.io.netty.channel.epoll.AbstractEpollChannel$AbstractEpollUnsafe.doFinishConnect(AbstractEpollChannel.java:710)
	at org.apache.ratis.thirdparty.io.netty.channel.epoll.AbstractEpollChannel$AbstractEpollUnsafe.finishConnect(AbstractEpollChannel.java:687)
	at org.apache.ratis.thirdparty.io.netty.channel.epoll.AbstractEpollChannel$AbstractEpollUnsafe.epollOutReady(AbstractEpollChannel.java:567)
	at org.apache.ratis.thirdparty.io.netty.channel.epoll.EpollEventLoop.processReady(EpollEventLoop.java:499)
	at org.apache.ratis.thirdparty.io.netty.channel.epoll.EpollEventLoop.run(EpollEventLoop.java:407)
	at org.apache.ratis.thirdparty.io.netty.util.concurrent.SingleThreadEventExecutor$4.run(SingleThreadEventExecutor.java:997)
	at org.apache.ratis.thirdparty.io.netty.util.internal.ThreadExecutorMap$2.run(ThreadExecutorMap.java:74)
	at org.apache.ratis.thirdparty.io.netty.util.concurrent.FastThreadLocalRunnable.run(FastThreadLocalRunnable.java:30)
	at java.base/java.lang.Thread.run(Thread.java:829)
2023-11-20 19:26:44,462 [s2-client-thread1] DEBUG server.RaftServer$Division (RaftServerImpl.java:submitClientRequestAsync(893)) - s2@group-80861D532C92: receive client request(RaftClientRequest:client-9B4E1E61C173->s2@group-80861D532C92, cid=999, seq=null, RW, Message:6d657373616765)
2023-11-20 19:26:44,463 [Time-limited test] INFO  grpc.TestRetryCacheWithGrpc (RetryCacheTests.java:runTestRetryOnNewLeader(159)) - successfully sent out the retry request_5
2023-11-20 19:26:44,511 [grpc-default-executor-1] ERROR impl.OrderedAsync (OrderedAsync.java:lambda$sendRequest$9(247)) - client-E9C94F68C118: Failed* RaftClientRequest:client-E9C94F68C118->s2@group-F61A228DBE4A, cid=6, seq=1*, Watch(0), null
java.util.concurrent.CompletionException: java.io.IOException: org.apache.ratis.thirdparty.io.grpc.StatusRuntimeException: UNAVAILABLE: io exception
	at java.base/java.util.concurrent.CompletableFuture.encodeThrowable(CompletableFuture.java:331)
	at java.base/java.util.concurrent.CompletableFuture.completeThrowable(CompletableFuture.java:346)
	at java.base/java.util.concurrent.CompletableFuture$UniApply.tryFire(CompletableFuture.java:632)
	at java.base/java.util.concurrent.CompletableFuture.postComplete(CompletableFuture.java:506)
	at java.base/java.util.concurrent.CompletableFuture.completeExceptionally(CompletableFuture.java:2094)
	at org.apache.ratis.grpc.client.GrpcClientProtocolClient$AsyncStreamObservers.completeReplyExceptionally(GrpcClientProtocolClient.java:394)
	at org.apache.ratis.grpc.client.GrpcClientProtocolClient$AsyncStreamObservers.access$000(GrpcClientProtocolClient.java:300)
	at org.apache.ratis.grpc.client.GrpcClientProtocolClient$AsyncStreamObservers$1.onError(GrpcClientProtocolClient.java:331)
	at org.apache.ratis.thirdparty.io.grpc.stub.ClientCalls$StreamObserverToCallListenerAdapter.onClose(ClientCalls.java:481)
	at org.apache.ratis.thirdparty.io.grpc.PartialForwardingClientCallListener.onClose(PartialForwardingClientCallListener.java:39)
	at org.apache.ratis.thirdparty.io.grpc.ForwardingClientCallListener.onClose(ForwardingClientCallListener.java:23)
	at org.apache.ratis.grpc.metrics.intercept.client.MetricClientCallListener.onClose(MetricClientCallListener.java:47)
	at org.apache.ratis.thirdparty.io.grpc.internal.DelayedClientCall$DelayedListener$3.run(DelayedClientCall.java:489)
	at org.apache.ratis.thirdparty.io.grpc.internal.DelayedClientCall$DelayedListener.delayOrExecute(DelayedClientCall.java:453)
	at org.apache.ratis.thirdparty.io.grpc.internal.DelayedClientCall$DelayedListener.onClose(DelayedClientCall.java:486)
	at org.apache.ratis.thirdparty.io.grpc.internal.ClientCallImpl.closeObserver(ClientCallImpl.java:567)
	at org.apache.ratis.thirdparty.io.grpc.internal.ClientCallImpl.access$300(ClientCallImpl.java:71)
	at org.apache.ratis.thirdparty.io.grpc.internal.ClientCallImpl$ClientStreamListenerImpl$1StreamClosed.runInternal(ClientCallImpl.java:735)
	at org.apache.ratis.thirdparty.io.grpc.internal.ClientCallImpl$ClientStreamListenerImpl$1StreamClosed.runInContext(ClientCallImpl.java:716)
	at org.apache.ratis.thirdparty.io.grpc.internal.ContextRunnable.run(ContextRunnable.java:37)
	at org.apache.ratis.thirdparty.io.grpc.internal.SerializingExecutor.run(SerializingExecutor.java:133)
	at java.base/java.util.concurrent.ThreadPoolExecutor.runWorker(ThreadPoolExecutor.java:1128)
	at java.base/java.util.concurrent.ThreadPoolExecutor$Worker.run(ThreadPoolExecutor.java:628)
	at java.base/java.lang.Thread.run(Thread.java:829)
Caused by: java.io.IOException: org.apache.ratis.thirdparty.io.grpc.StatusRuntimeException: UNAVAILABLE: io exception
	at org.apache.ratis.grpc.GrpcUtil.unwrapException(GrpcUtil.java:99)
	at org.apache.ratis.grpc.GrpcUtil.unwrapIOException(GrpcUtil.java:159)
	at org.apache.ratis.grpc.client.GrpcClientProtocolClient$AsyncStreamObservers$1.onError(GrpcClientProtocolClient.java:330)
	... 16 more
Caused by: org.apache.ratis.thirdparty.io.grpc.StatusRuntimeException: UNAVAILABLE: io exception
	at org.apache.ratis.thirdparty.io.grpc.Status.asRuntimeException(Status.java:537)
	... 16 more
Caused by: org.apache.ratis.thirdparty.io.netty.channel.AbstractChannel$AnnotatedConnectException: finishConnect(..) failed: Connection refused: localhost/127.0.0.1:43097
Caused by: java.net.ConnectException: finishConnect(..) failed: Connection refused
	at org.apache.ratis.thirdparty.io.netty.channel.unix.Errors.newConnectException0(Errors.java:166)
	at org.apache.ratis.thirdparty.io.netty.channel.unix.Errors.handleConnectErrno(Errors.java:131)
	at org.apache.ratis.thirdparty.io.netty.channel.unix.Socket.finishConnect(Socket.java:359)
	at org.apache.ratis.thirdparty.io.netty.channel.epoll.AbstractEpollChannel$AbstractEpollUnsafe.doFinishConnect(AbstractEpollChannel.java:710)
	at org.apache.ratis.thirdparty.io.netty.channel.epoll.AbstractEpollChannel$AbstractEpollUnsafe.finishConnect(AbstractEpollChannel.java:687)
	at org.apache.ratis.thirdparty.io.netty.channel.epoll.AbstractEpollChannel$AbstractEpollUnsafe.epollOutReady(AbstractEpollChannel.java:567)
	at org.apache.ratis.thirdparty.io.netty.channel.epoll.EpollEventLoop.processReady(EpollEventLoop.java:499)
	at org.apache.ratis.thirdparty.io.netty.channel.epoll.EpollEventLoop.run(EpollEventLoop.java:407)
	at org.apache.ratis.thirdparty.io.netty.util.concurrent.SingleThreadEventExecutor$4.run(SingleThreadEventExecutor.java:997)
	at org.apache.ratis.thirdparty.io.netty.util.internal.ThreadExecutorMap$2.run(ThreadExecutorMap.java:74)
	at org.apache.ratis.thirdparty.io.netty.util.concurrent.FastThreadLocalRunnable.run(FastThreadLocalRunnable.java:30)
	at java.base/java.lang.Thread.run(Thread.java:829)
2023-11-20 19:26:44,565 [s2-client-thread1] DEBUG server.RaftServer$Division (RaftServerImpl.java:submitClientRequestAsync(893)) - s2@group-80861D532C92: receive client request(RaftClientRequest:client-9B4E1E61C173->s2@group-80861D532C92, cid=999, seq=null, RW, Message:6d657373616765)
2023-11-20 19:26:44,565 [Time-limited test] INFO  grpc.TestRetryCacheWithGrpc (RetryCacheTests.java:runTestRetryOnNewLeader(159)) - successfully sent out the retry request_6
2023-11-20 19:26:44,613 [grpc-default-executor-2] ERROR impl.OrderedAsync (OrderedAsync.java:lambda$sendRequest$9(247)) - client-E9C94F68C118: Failed* RaftClientRequest:client-E9C94F68C118->s0@group-F61A228DBE4A, cid=6, seq=1*, Watch(0), null
java.util.concurrent.CompletionException: java.io.IOException: org.apache.ratis.thirdparty.io.grpc.StatusRuntimeException: UNAVAILABLE: io exception
	at java.base/java.util.concurrent.CompletableFuture.encodeThrowable(CompletableFuture.java:331)
	at java.base/java.util.concurrent.CompletableFuture.completeThrowable(CompletableFuture.java:346)
	at java.base/java.util.concurrent.CompletableFuture$UniApply.tryFire(CompletableFuture.java:632)
	at java.base/java.util.concurrent.CompletableFuture.postComplete(CompletableFuture.java:506)
	at java.base/java.util.concurrent.CompletableFuture.completeExceptionally(CompletableFuture.java:2094)
	at org.apache.ratis.grpc.client.GrpcClientProtocolClient$AsyncStreamObservers.completeReplyExceptionally(GrpcClientProtocolClient.java:394)
	at org.apache.ratis.grpc.client.GrpcClientProtocolClient$AsyncStreamObservers.access$000(GrpcClientProtocolClient.java:300)
	at org.apache.ratis.grpc.client.GrpcClientProtocolClient$AsyncStreamObservers$1.onError(GrpcClientProtocolClient.java:331)
	at org.apache.ratis.thirdparty.io.grpc.stub.ClientCalls$StreamObserverToCallListenerAdapter.onClose(ClientCalls.java:481)
	at org.apache.ratis.thirdparty.io.grpc.PartialForwardingClientCallListener.onClose(PartialForwardingClientCallListener.java:39)
	at org.apache.ratis.thirdparty.io.grpc.ForwardingClientCallListener.onClose(ForwardingClientCallListener.java:23)
	at org.apache.ratis.grpc.metrics.intercept.client.MetricClientCallListener.onClose(MetricClientCallListener.java:47)
	at org.apache.ratis.thirdparty.io.grpc.internal.DelayedClientCall$DelayedListener$3.run(DelayedClientCall.java:489)
	at org.apache.ratis.thirdparty.io.grpc.internal.DelayedClientCall$DelayedListener.delayOrExecute(DelayedClientCall.java:453)
	at org.apache.ratis.thirdparty.io.grpc.internal.DelayedClientCall$DelayedListener.onClose(DelayedClientCall.java:486)
	at org.apache.ratis.thirdparty.io.grpc.internal.ClientCallImpl.closeObserver(ClientCallImpl.java:567)
	at org.apache.ratis.thirdparty.io.grpc.internal.ClientCallImpl.access$300(ClientCallImpl.java:71)
	at org.apache.ratis.thirdparty.io.grpc.internal.ClientCallImpl$ClientStreamListenerImpl$1StreamClosed.runInternal(ClientCallImpl.java:735)
	at org.apache.ratis.thirdparty.io.grpc.internal.ClientCallImpl$ClientStreamListenerImpl$1StreamClosed.runInContext(ClientCallImpl.java:716)
	at org.apache.ratis.thirdparty.io.grpc.internal.ContextRunnable.run(ContextRunnable.java:37)
	at org.apache.ratis.thirdparty.io.grpc.internal.SerializingExecutor.run(SerializingExecutor.java:133)
	at java.base/java.util.concurrent.ThreadPoolExecutor.runWorker(ThreadPoolExecutor.java:1128)
	at java.base/java.util.concurrent.ThreadPoolExecutor$Worker.run(ThreadPoolExecutor.java:628)
	at java.base/java.lang.Thread.run(Thread.java:829)
Caused by: java.io.IOException: org.apache.ratis.thirdparty.io.grpc.StatusRuntimeException: UNAVAILABLE: io exception
	at org.apache.ratis.grpc.GrpcUtil.unwrapException(GrpcUtil.java:99)
	at org.apache.ratis.grpc.GrpcUtil.unwrapIOException(GrpcUtil.java:159)
	at org.apache.ratis.grpc.client.GrpcClientProtocolClient$AsyncStreamObservers$1.onError(GrpcClientProtocolClient.java:330)
	... 16 more
Caused by: org.apache.ratis.thirdparty.io.grpc.StatusRuntimeException: UNAVAILABLE: io exception
	at org.apache.ratis.thirdparty.io.grpc.Status.asRuntimeException(Status.java:537)
	... 16 more
Caused by: org.apache.ratis.thirdparty.io.netty.channel.AbstractChannel$AnnotatedConnectException: finishConnect(..) failed: Connection refused: localhost/127.0.0.1:37411
Caused by: java.net.ConnectException: finishConnect(..) failed: Connection refused
	at org.apache.ratis.thirdparty.io.netty.channel.unix.Errors.newConnectException0(Errors.java:166)
	at org.apache.ratis.thirdparty.io.netty.channel.unix.Errors.handleConnectErrno(Errors.java:131)
	at org.apache.ratis.thirdparty.io.netty.channel.unix.Socket.finishConnect(Socket.java:359)
	at org.apache.ratis.thirdparty.io.netty.channel.epoll.AbstractEpollChannel$AbstractEpollUnsafe.doFinishConnect(AbstractEpollChannel.java:710)
	at org.apache.ratis.thirdparty.io.netty.channel.epoll.AbstractEpollChannel$AbstractEpollUnsafe.finishConnect(AbstractEpollChannel.java:687)
	at org.apache.ratis.thirdparty.io.netty.channel.epoll.AbstractEpollChannel$AbstractEpollUnsafe.epollOutReady(AbstractEpollChannel.java:567)
	at org.apache.ratis.thirdparty.io.netty.channel.epoll.EpollEventLoop.processReady(EpollEventLoop.java:499)
	at org.apache.ratis.thirdparty.io.netty.channel.epoll.EpollEventLoop.run(EpollEventLoop.java:407)
	at org.apache.ratis.thirdparty.io.netty.util.concurrent.SingleThreadEventExecutor$4.run(SingleThreadEventExecutor.java:997)
	at org.apache.ratis.thirdparty.io.netty.util.internal.ThreadExecutorMap$2.run(ThreadExecutorMap.java:74)
	at org.apache.ratis.thirdparty.io.netty.util.concurrent.FastThreadLocalRunnable.run(FastThreadLocalRunnable.java:30)
	at java.base/java.lang.Thread.run(Thread.java:829)
2023-11-20 19:26:44,667 [s2-client-thread1] DEBUG server.RaftServer$Division (RaftServerImpl.java:submitClientRequestAsync(893)) - s2@group-80861D532C92: receive client request(RaftClientRequest:client-9B4E1E61C173->s2@group-80861D532C92, cid=999, seq=null, RW, Message:6d657373616765)
2023-11-20 19:26:44,669 [Time-limited test] INFO  grpc.TestRetryCacheWithGrpc (RetryCacheTests.java:runTestRetryOnNewLeader(159)) - successfully sent out the retry request_7
2023-11-20 19:26:44,717 [grpc-default-executor-0] ERROR impl.OrderedAsync (OrderedAsync.java:lambda$sendRequest$9(247)) - client-E9C94F68C118: Failed* RaftClientRequest:client-E9C94F68C118->s1@group-F61A228DBE4A, cid=6, seq=1*, Watch(0), null
java.util.concurrent.CompletionException: java.io.IOException: org.apache.ratis.thirdparty.io.grpc.StatusRuntimeException: UNAVAILABLE: io exception
	at java.base/java.util.concurrent.CompletableFuture.encodeThrowable(CompletableFuture.java:331)
	at java.base/java.util.concurrent.CompletableFuture.completeThrowable(CompletableFuture.java:346)
	at java.base/java.util.concurrent.CompletableFuture$UniApply.tryFire(CompletableFuture.java:632)
	at java.base/java.util.concurrent.CompletableFuture.postComplete(CompletableFuture.java:506)
	at java.base/java.util.concurrent.CompletableFuture.completeExceptionally(CompletableFuture.java:2094)
	at org.apache.ratis.grpc.client.GrpcClientProtocolClient$AsyncStreamObservers.completeReplyExceptionally(GrpcClientProtocolClient.java:394)
	at org.apache.ratis.grpc.client.GrpcClientProtocolClient$AsyncStreamObservers.access$000(GrpcClientProtocolClient.java:300)
	at org.apache.ratis.grpc.client.GrpcClientProtocolClient$AsyncStreamObservers$1.onError(GrpcClientProtocolClient.java:331)
	at org.apache.ratis.thirdparty.io.grpc.stub.ClientCalls$StreamObserverToCallListenerAdapter.onClose(ClientCalls.java:481)
	at org.apache.ratis.thirdparty.io.grpc.PartialForwardingClientCallListener.onClose(PartialForwardingClientCallListener.java:39)
	at org.apache.ratis.thirdparty.io.grpc.ForwardingClientCallListener.onClose(ForwardingClientCallListener.java:23)
	at org.apache.ratis.grpc.metrics.intercept.client.MetricClientCallListener.onClose(MetricClientCallListener.java:47)
	at org.apache.ratis.thirdparty.io.grpc.internal.DelayedClientCall$DelayedListener$3.run(DelayedClientCall.java:489)
	at org.apache.ratis.thirdparty.io.grpc.internal.DelayedClientCall$DelayedListener.delayOrExecute(DelayedClientCall.java:453)
	at org.apache.ratis.thirdparty.io.grpc.internal.DelayedClientCall$DelayedListener.onClose(DelayedClientCall.java:486)
	at org.apache.ratis.thirdparty.io.grpc.internal.ClientCallImpl.closeObserver(ClientCallImpl.java:567)
	at org.apache.ratis.thirdparty.io.grpc.internal.ClientCallImpl.access$300(ClientCallImpl.java:71)
	at org.apache.ratis.thirdparty.io.grpc.internal.ClientCallImpl$ClientStreamListenerImpl$1StreamClosed.runInternal(ClientCallImpl.java:735)
	at org.apache.ratis.thirdparty.io.grpc.internal.ClientCallImpl$ClientStreamListenerImpl$1StreamClosed.runInContext(ClientCallImpl.java:716)
	at org.apache.ratis.thirdparty.io.grpc.internal.ContextRunnable.run(ContextRunnable.java:37)
	at org.apache.ratis.thirdparty.io.grpc.internal.SerializingExecutor.run(SerializingExecutor.java:133)
	at java.base/java.util.concurrent.ThreadPoolExecutor.runWorker(ThreadPoolExecutor.java:1128)
	at java.base/java.util.concurrent.ThreadPoolExecutor$Worker.run(ThreadPoolExecutor.java:628)
	at java.base/java.lang.Thread.run(Thread.java:829)
Caused by: java.io.IOException: org.apache.ratis.thirdparty.io.grpc.StatusRuntimeException: UNAVAILABLE: io exception
	at org.apache.ratis.grpc.GrpcUtil.unwrapException(GrpcUtil.java:99)
	at org.apache.ratis.grpc.GrpcUtil.unwrapIOException(GrpcUtil.java:159)
	at org.apache.ratis.grpc.client.GrpcClientProtocolClient$AsyncStreamObservers$1.onError(GrpcClientProtocolClient.java:330)
	... 16 more
Caused by: org.apache.ratis.thirdparty.io.grpc.StatusRuntimeException: UNAVAILABLE: io exception
	at org.apache.ratis.thirdparty.io.grpc.Status.asRuntimeException(Status.java:537)
	... 16 more
Caused by: org.apache.ratis.thirdparty.io.netty.channel.AbstractChannel$AnnotatedConnectException: finishConnect(..) failed: Connection refused: localhost/127.0.0.1:46099
Caused by: java.net.ConnectException: finishConnect(..) failed: Connection refused
	at org.apache.ratis.thirdparty.io.netty.channel.unix.Errors.newConnectException0(Errors.java:166)
	at org.apache.ratis.thirdparty.io.netty.channel.unix.Errors.handleConnectErrno(Errors.java:131)
	at org.apache.ratis.thirdparty.io.netty.channel.unix.Socket.finishConnect(Socket.java:359)
	at org.apache.ratis.thirdparty.io.netty.channel.epoll.AbstractEpollChannel$AbstractEpollUnsafe.doFinishConnect(AbstractEpollChannel.java:710)
	at org.apache.ratis.thirdparty.io.netty.channel.epoll.AbstractEpollChannel$AbstractEpollUnsafe.finishConnect(AbstractEpollChannel.java:687)
	at org.apache.ratis.thirdparty.io.netty.channel.epoll.AbstractEpollChannel$AbstractEpollUnsafe.epollOutReady(AbstractEpollChannel.java:567)
	at org.apache.ratis.thirdparty.io.netty.channel.epoll.EpollEventLoop.processReady(EpollEventLoop.java:499)
	at org.apache.ratis.thirdparty.io.netty.channel.epoll.EpollEventLoop.run(EpollEventLoop.java:407)
	at org.apache.ratis.thirdparty.io.netty.util.concurrent.SingleThreadEventExecutor$4.run(SingleThreadEventExecutor.java:997)
	at org.apache.ratis.thirdparty.io.netty.util.internal.ThreadExecutorMap$2.run(ThreadExecutorMap.java:74)
	at org.apache.ratis.thirdparty.io.netty.util.concurrent.FastThreadLocalRunnable.run(FastThreadLocalRunnable.java:30)
	at java.base/java.lang.Thread.run(Thread.java:829)
2023-11-20 19:26:44,770 [s2-client-thread1] DEBUG server.RaftServer$Division (RaftServerImpl.java:submitClientRequestAsync(893)) - s2@group-80861D532C92: receive client request(RaftClientRequest:client-9B4E1E61C173->s2@group-80861D532C92, cid=999, seq=null, RW, Message:6d657373616765)
2023-11-20 19:26:44,771 [Time-limited test] INFO  grpc.TestRetryCacheWithGrpc (RetryCacheTests.java:runTestRetryOnNewLeader(159)) - successfully sent out the retry request_8
2023-11-20 19:26:44,820 [grpc-default-executor-1] ERROR impl.OrderedAsync (OrderedAsync.java:lambda$sendRequest$9(247)) - client-E9C94F68C118: Failed* RaftClientRequest:client-E9C94F68C118->s2@group-F61A228DBE4A, cid=6, seq=1*, Watch(0), null
java.util.concurrent.CompletionException: java.io.IOException: org.apache.ratis.thirdparty.io.grpc.StatusRuntimeException: UNAVAILABLE: io exception
	at java.base/java.util.concurrent.CompletableFuture.encodeThrowable(CompletableFuture.java:331)
	at java.base/java.util.concurrent.CompletableFuture.completeThrowable(CompletableFuture.java:346)
	at java.base/java.util.concurrent.CompletableFuture$UniApply.tryFire(CompletableFuture.java:632)
	at java.base/java.util.concurrent.CompletableFuture.postComplete(CompletableFuture.java:506)
	at java.base/java.util.concurrent.CompletableFuture.completeExceptionally(CompletableFuture.java:2094)
	at org.apache.ratis.grpc.client.GrpcClientProtocolClient$AsyncStreamObservers.completeReplyExceptionally(GrpcClientProtocolClient.java:394)
	at org.apache.ratis.grpc.client.GrpcClientProtocolClient$AsyncStreamObservers.access$000(GrpcClientProtocolClient.java:300)
	at org.apache.ratis.grpc.client.GrpcClientProtocolClient$AsyncStreamObservers$1.onError(GrpcClientProtocolClient.java:331)
	at org.apache.ratis.thirdparty.io.grpc.stub.ClientCalls$StreamObserverToCallListenerAdapter.onClose(ClientCalls.java:481)
	at org.apache.ratis.thirdparty.io.grpc.PartialForwardingClientCallListener.onClose(PartialForwardingClientCallListener.java:39)
	at org.apache.ratis.thirdparty.io.grpc.ForwardingClientCallListener.onClose(ForwardingClientCallListener.java:23)
	at org.apache.ratis.grpc.metrics.intercept.client.MetricClientCallListener.onClose(MetricClientCallListener.java:47)
	at org.apache.ratis.thirdparty.io.grpc.internal.DelayedClientCall$DelayedListener$3.run(DelayedClientCall.java:489)
	at org.apache.ratis.thirdparty.io.grpc.internal.DelayedClientCall$DelayedListener.delayOrExecute(DelayedClientCall.java:453)
	at org.apache.ratis.thirdparty.io.grpc.internal.DelayedClientCall$DelayedListener.onClose(DelayedClientCall.java:486)
	at org.apache.ratis.thirdparty.io.grpc.internal.ClientCallImpl.closeObserver(ClientCallImpl.java:567)
	at org.apache.ratis.thirdparty.io.grpc.internal.ClientCallImpl.access$300(ClientCallImpl.java:71)
	at org.apache.ratis.thirdparty.io.grpc.internal.ClientCallImpl$ClientStreamListenerImpl$1StreamClosed.runInternal(ClientCallImpl.java:735)
	at org.apache.ratis.thirdparty.io.grpc.internal.ClientCallImpl$ClientStreamListenerImpl$1StreamClosed.runInContext(ClientCallImpl.java:716)
	at org.apache.ratis.thirdparty.io.grpc.internal.ContextRunnable.run(ContextRunnable.java:37)
	at org.apache.ratis.thirdparty.io.grpc.internal.SerializingExecutor.run(SerializingExecutor.java:133)
	at java.base/java.util.concurrent.ThreadPoolExecutor.runWorker(ThreadPoolExecutor.java:1128)
	at java.base/java.util.concurrent.ThreadPoolExecutor$Worker.run(ThreadPoolExecutor.java:628)
	at java.base/java.lang.Thread.run(Thread.java:829)
Caused by: java.io.IOException: org.apache.ratis.thirdparty.io.grpc.StatusRuntimeException: UNAVAILABLE: io exception
	at org.apache.ratis.grpc.GrpcUtil.unwrapException(GrpcUtil.java:99)
	at org.apache.ratis.grpc.GrpcUtil.unwrapIOException(GrpcUtil.java:159)
	at org.apache.ratis.grpc.client.GrpcClientProtocolClient$AsyncStreamObservers$1.onError(GrpcClientProtocolClient.java:330)
	... 16 more
Caused by: org.apache.ratis.thirdparty.io.grpc.StatusRuntimeException: UNAVAILABLE: io exception
	at org.apache.ratis.thirdparty.io.grpc.Status.asRuntimeException(Status.java:537)
	... 16 more
Caused by: org.apache.ratis.thirdparty.io.netty.channel.AbstractChannel$AnnotatedConnectException: finishConnect(..) failed: Connection refused: localhost/127.0.0.1:43097
Caused by: java.net.ConnectException: finishConnect(..) failed: Connection refused
	at org.apache.ratis.thirdparty.io.netty.channel.unix.Errors.newConnectException0(Errors.java:166)
	at org.apache.ratis.thirdparty.io.netty.channel.unix.Errors.handleConnectErrno(Errors.java:131)
	at org.apache.ratis.thirdparty.io.netty.channel.unix.Socket.finishConnect(Socket.java:359)
	at org.apache.ratis.thirdparty.io.netty.channel.epoll.AbstractEpollChannel$AbstractEpollUnsafe.doFinishConnect(AbstractEpollChannel.java:710)
	at org.apache.ratis.thirdparty.io.netty.channel.epoll.AbstractEpollChannel$AbstractEpollUnsafe.finishConnect(AbstractEpollChannel.java:687)
	at org.apache.ratis.thirdparty.io.netty.channel.epoll.AbstractEpollChannel$AbstractEpollUnsafe.epollOutReady(AbstractEpollChannel.java:567)
	at org.apache.ratis.thirdparty.io.netty.channel.epoll.EpollEventLoop.processReady(EpollEventLoop.java:499)
	at org.apache.ratis.thirdparty.io.netty.channel.epoll.EpollEventLoop.run(EpollEventLoop.java:407)
	at org.apache.ratis.thirdparty.io.netty.util.concurrent.SingleThreadEventExecutor$4.run(SingleThreadEventExecutor.java:997)
	at org.apache.ratis.thirdparty.io.netty.util.internal.ThreadExecutorMap$2.run(ThreadExecutorMap.java:74)
	at org.apache.ratis.thirdparty.io.netty.util.concurrent.FastThreadLocalRunnable.run(FastThreadLocalRunnable.java:30)
	at java.base/java.lang.Thread.run(Thread.java:829)
2023-11-20 19:26:44,873 [s2-client-thread1] DEBUG server.RaftServer$Division (RaftServerImpl.java:submitClientRequestAsync(893)) - s2@group-80861D532C92: receive client request(RaftClientRequest:client-9B4E1E61C173->s2@group-80861D532C92, cid=999, seq=null, RW, Message:6d657373616765)
2023-11-20 19:26:44,874 [Time-limited test] INFO  grpc.TestRetryCacheWithGrpc (RetryCacheTests.java:runTestRetryOnNewLeader(159)) - successfully sent out the retry request_9
2023-11-20 19:26:44,923 [grpc-default-executor-1] ERROR impl.OrderedAsync (OrderedAsync.java:lambda$sendRequest$9(247)) - client-E9C94F68C118: Failed* RaftClientRequest:client-E9C94F68C118->s0@group-F61A228DBE4A, cid=6, seq=1*, Watch(0), null
java.util.concurrent.CompletionException: java.io.IOException: org.apache.ratis.thirdparty.io.grpc.StatusRuntimeException: UNAVAILABLE: io exception
	at java.base/java.util.concurrent.CompletableFuture.encodeThrowable(CompletableFuture.java:331)
	at java.base/java.util.concurrent.CompletableFuture.completeThrowable(CompletableFuture.java:346)
	at java.base/java.util.concurrent.CompletableFuture$UniApply.tryFire(CompletableFuture.java:632)
	at java.base/java.util.concurrent.CompletableFuture.postComplete(CompletableFuture.java:506)
	at java.base/java.util.concurrent.CompletableFuture.completeExceptionally(CompletableFuture.java:2094)
	at org.apache.ratis.grpc.client.GrpcClientProtocolClient$AsyncStreamObservers.completeReplyExceptionally(GrpcClientProtocolClient.java:394)
	at org.apache.ratis.grpc.client.GrpcClientProtocolClient$AsyncStreamObservers.access$000(GrpcClientProtocolClient.java:300)
	at org.apache.ratis.grpc.client.GrpcClientProtocolClient$AsyncStreamObservers$1.onError(GrpcClientProtocolClient.java:331)
	at org.apache.ratis.thirdparty.io.grpc.stub.ClientCalls$StreamObserverToCallListenerAdapter.onClose(ClientCalls.java:481)
	at org.apache.ratis.thirdparty.io.grpc.PartialForwardingClientCallListener.onClose(PartialForwardingClientCallListener.java:39)
	at org.apache.ratis.thirdparty.io.grpc.ForwardingClientCallListener.onClose(ForwardingClientCallListener.java:23)
	at org.apache.ratis.grpc.metrics.intercept.client.MetricClientCallListener.onClose(MetricClientCallListener.java:47)
	at org.apache.ratis.thirdparty.io.grpc.internal.DelayedClientCall$DelayedListener$3.run(DelayedClientCall.java:489)
	at org.apache.ratis.thirdparty.io.grpc.internal.DelayedClientCall$DelayedListener.delayOrExecute(DelayedClientCall.java:453)
	at org.apache.ratis.thirdparty.io.grpc.internal.DelayedClientCall$DelayedListener.onClose(DelayedClientCall.java:486)
	at org.apache.ratis.thirdparty.io.grpc.internal.ClientCallImpl.closeObserver(ClientCallImpl.java:567)
	at org.apache.ratis.thirdparty.io.grpc.internal.ClientCallImpl.access$300(ClientCallImpl.java:71)
	at org.apache.ratis.thirdparty.io.grpc.internal.ClientCallImpl$ClientStreamListenerImpl$1StreamClosed.runInternal(ClientCallImpl.java:735)
	at org.apache.ratis.thirdparty.io.grpc.internal.ClientCallImpl$ClientStreamListenerImpl$1StreamClosed.runInContext(ClientCallImpl.java:716)
	at org.apache.ratis.thirdparty.io.grpc.internal.ContextRunnable.run(ContextRunnable.java:37)
	at org.apache.ratis.thirdparty.io.grpc.internal.SerializingExecutor.run(SerializingExecutor.java:133)
	at java.base/java.util.concurrent.ThreadPoolExecutor.runWorker(ThreadPoolExecutor.java:1128)
	at java.base/java.util.concurrent.ThreadPoolExecutor$Worker.run(ThreadPoolExecutor.java:628)
	at java.base/java.lang.Thread.run(Thread.java:829)
Caused by: java.io.IOException: org.apache.ratis.thirdparty.io.grpc.StatusRuntimeException: UNAVAILABLE: io exception
	at org.apache.ratis.grpc.GrpcUtil.unwrapException(GrpcUtil.java:99)
	at org.apache.ratis.grpc.GrpcUtil.unwrapIOException(GrpcUtil.java:159)
	at org.apache.ratis.grpc.client.GrpcClientProtocolClient$AsyncStreamObservers$1.onError(GrpcClientProtocolClient.java:330)
	... 16 more
Caused by: org.apache.ratis.thirdparty.io.grpc.StatusRuntimeException: UNAVAILABLE: io exception
	at org.apache.ratis.thirdparty.io.grpc.Status.asRuntimeException(Status.java:537)
	... 16 more
Caused by: org.apache.ratis.thirdparty.io.netty.channel.AbstractChannel$AnnotatedConnectException: finishConnect(..) failed: Connection refused: localhost/127.0.0.1:37411
Caused by: java.net.ConnectException: finishConnect(..) failed: Connection refused
	at org.apache.ratis.thirdparty.io.netty.channel.unix.Errors.newConnectException0(Errors.java:166)
	at org.apache.ratis.thirdparty.io.netty.channel.unix.Errors.handleConnectErrno(Errors.java:131)
	at org.apache.ratis.thirdparty.io.netty.channel.unix.Socket.finishConnect(Socket.java:359)
	at org.apache.ratis.thirdparty.io.netty.channel.epoll.AbstractEpollChannel$AbstractEpollUnsafe.doFinishConnect(AbstractEpollChannel.java:710)
	at org.apache.ratis.thirdparty.io.netty.channel.epoll.AbstractEpollChannel$AbstractEpollUnsafe.finishConnect(AbstractEpollChannel.java:687)
	at org.apache.ratis.thirdparty.io.netty.channel.epoll.AbstractEpollChannel$AbstractEpollUnsafe.epollOutReady(AbstractEpollChannel.java:567)
	at org.apache.ratis.thirdparty.io.netty.channel.epoll.EpollEventLoop.processReady(EpollEventLoop.java:499)
	at org.apache.ratis.thirdparty.io.netty.channel.epoll.EpollEventLoop.run(EpollEventLoop.java:407)
	at org.apache.ratis.thirdparty.io.netty.util.concurrent.SingleThreadEventExecutor$4.run(SingleThreadEventExecutor.java:997)
	at org.apache.ratis.thirdparty.io.netty.util.internal.ThreadExecutorMap$2.run(ThreadExecutorMap.java:74)
	at org.apache.ratis.thirdparty.io.netty.util.concurrent.FastThreadLocalRunnable.run(FastThreadLocalRunnable.java:30)
	at java.base/java.lang.Thread.run(Thread.java:829)
2023-11-20 19:26:44,975 [Time-limited test] INFO  impl.MiniRaftCluster (MiniRaftCluster.java:shutdown(831)) - ************************************************************** 
2023-11-20 19:26:44,975 [Time-limited test] INFO  impl.MiniRaftCluster (MiniRaftCluster.java:shutdown(832)) - *** 
2023-11-20 19:26:44,976 [Time-limited test] INFO  impl.MiniRaftCluster (MiniRaftCluster.java:shutdown(833)) - ***     Stopping MiniRaftClusterWithGrpc
2023-11-20 19:26:44,976 [Time-limited test] INFO  impl.MiniRaftCluster (MiniRaftCluster.java:shutdown(834)) - *** 
2023-11-20 19:26:44,976 [Time-limited test] INFO  impl.MiniRaftCluster (MiniRaftCluster.java:shutdown(835)) - ************************************************************** 
2023-11-20 19:26:44,976 [Time-limited test] INFO  impl.MiniRaftCluster (MiniRaftCluster.java:shutdown(836)) - printing ALL groups
  s3:  RUNNING  FOLLOWER s3@group-80861D532C92:t2, leader=s2, voted=s2, raftlog=Memoized:s3@group-80861D532C92-SegmentedRaftLog:OPENED:c14, conf=13: peers:[s3|0.0.0.0:40989, s4|0.0.0.0:46829, s2|localhost:35445]|listeners:[], old=null RUNNING
  s4:  RUNNING  FOLLOWER s4@group-80861D532C92:t2, leader=s2, voted=s2, raftlog=Memoized:s4@group-80861D532C92-SegmentedRaftLog:OPENED:c14, conf=13: peers:[s3|0.0.0.0:40989, s4|0.0.0.0:46829, s2|localhost:35445]|listeners:[], old=null RUNNING
  s0:   CLOSED CANDIDATE s0@group-80861D532C92:t1, leader=null, voted=s1, raftlog=Memoized:s0@group-80861D532C92-SegmentedRaftLog:CLOSED:c8, conf=9: peers:[s3|0.0.0.0:40989, s4|0.0.0.0:46829, s2|localhost:35445]|listeners:[], old=peers:[s3|0.0.0.0:40989, s4|0.0.0.0:46829, s0|localhost:40297, s1|localhost:34209, s2|localhost:35445]|listeners:[] CLOSED
  s1:  RUNNING    LEADER s1@group-80861D532C92:t1, leader=s1, voted=s1, raftlog=Memoized:s1@group-80861D532C92-SegmentedRaftLog:CLOSED:c11, conf=11: peers:[s3|0.0.0.0:40989, s4|0.0.0.0:46829, s2|localhost:35445]|listeners:[], old=null CLOSED
  s2:  RUNNING    LEADER s2@group-80861D532C92:t2, leader=s2, voted=s2, raftlog=Memoized:s2@group-80861D532C92-SegmentedRaftLog:OPENED:c14, conf=13: peers:[s3|0.0.0.0:40989, s4|0.0.0.0:46829, s2|localhost:35445]|listeners:[], old=null RUNNING
2023-11-20 19:26:44,976 [MiniRaftCluster-10] INFO  server.RaftServer (RaftServerProxy.java:lambda$close$9(416)) - s3: close
2023-11-20 19:26:44,976 [MiniRaftCluster-11] INFO  server.RaftServer (RaftServerProxy.java:lambda$close$9(416)) - s4: close
2023-11-20 19:26:44,976 [MiniRaftCluster-10] INFO  server.GrpcService (GrpcService.java:closeImpl(311)) - s3: shutdown server GrpcServerProtocolService now
2023-11-20 19:26:44,976 [s3-impl-thread1] INFO  server.RaftServer$Division (RaftServerImpl.java:lambda$close$3(516)) - s3@group-80861D532C92: shutdown
2023-11-20 19:26:44,976 [s3-impl-thread1] INFO  util.JmxRegister (JmxRegister.java:unregister(73)) - Successfully un-registered JMX Bean with object name Ratis:service=RaftServer,group=group-80861D532C92,id=s3
2023-11-20 19:26:44,976 [s3-impl-thread1] INFO  impl.RoleInfo (RoleInfo.java:shutdownFollowerState(110)) - s3: shutdown s3@group-80861D532C92-FollowerState
2023-11-20 19:26:44,979 [s4-impl-thread1] INFO  server.RaftServer$Division (RaftServerImpl.java:lambda$close$3(516)) - s4@group-80861D532C92: shutdown
2023-11-20 19:26:44,979 [s3-impl-thread1] INFO  impl.StateMachineUpdater (StateMachineUpdater.java:stopAndJoin(157)) - s3@group-80861D532C92-StateMachineUpdater: set stopIndex = 14
2023-11-20 19:26:44,979 [s4-impl-thread1] INFO  util.JmxRegister (JmxRegister.java:unregister(73)) - Successfully un-registered JMX Bean with object name Ratis:service=RaftServer,group=group-80861D532C92,id=s4
2023-11-20 19:26:44,979 [s4-impl-thread1] INFO  impl.RoleInfo (RoleInfo.java:shutdownFollowerState(110)) - s4: shutdown s4@group-80861D532C92-FollowerState
2023-11-20 19:26:44,979 [s3@group-80861D532C92-FollowerState] INFO  impl.FollowerState (FollowerState.java:run(152)) - s3@group-80861D532C92-FollowerState was interrupted
2023-11-20 19:26:44,979 [s4-impl-thread1] INFO  impl.StateMachineUpdater (StateMachineUpdater.java:stopAndJoin(157)) - s4@group-80861D532C92-StateMachineUpdater: set stopIndex = 14
2023-11-20 19:26:44,976 [MiniRaftCluster-13] INFO  server.RaftServer (RaftServerProxy.java:lambda$close$9(416)) - s1: close
2023-11-20 19:26:44,979 [MiniRaftCluster-14] INFO  server.RaftServer (RaftServerProxy.java:lambda$close$9(416)) - s2: close
2023-11-20 19:26:44,979 [s3-impl-thread1] INFO  server.RaftServer$Division (ServerState.java:close(423)) - s3@group-80861D532C92: applyIndex: 14
2023-11-20 19:26:44,979 [s4@group-80861D532C92-FollowerState] INFO  impl.FollowerState (FollowerState.java:run(152)) - s4@group-80861D532C92-FollowerState was interrupted
2023-11-20 19:26:44,980 [s3@group-80861D532C92-cacheEviction-AwaitToRun] INFO  util.AwaitToRun (AwaitToRun.java:run(49)) - s3@group-80861D532C92-cacheEviction-AwaitToRun-AwaitForSignal is interrupted
2023-11-20 19:26:44,979 [MiniRaftCluster-11] INFO  server.GrpcService (GrpcService.java:closeImpl(311)) - s4: shutdown server GrpcServerProtocolService now
2023-11-20 19:26:44,980 [Thread-382] INFO  server.GrpcServerProtocolClient (GrpcServerProtocolClient.java:close(103)) - s0 Close channels
2023-11-20 19:26:44,980 [Thread-383] INFO  server.GrpcServerProtocolClient (GrpcServerProtocolClient.java:close(103)) - s1 Close channels
2023-11-20 19:26:44,980 [Thread-384] INFO  server.GrpcServerProtocolClient (GrpcServerProtocolClient.java:close(103)) - s2 Close channels
2023-11-20 19:26:44,981 [grpc-default-executor-0] WARN  server.GrpcServerProtocolService (LogUtils.java:warn(121)) - s3: APPEND_ENTRIES onError, lastRequest: s2->s3#2-t2,previous=(t:2, i:13),leaderCommit=13,initializing? true,entries: size=1, first=(t:2, i:14), METADATAENTRY(c:13): org.apache.ratis.thirdparty.io.grpc.StatusRuntimeException: CANCELLED: client cancelled
2023-11-20 19:26:44,982 [grpc-default-executor-0] WARN  server.GrpcLogAppender (LogUtils.java:warn(121)) - s2@group-80861D532C92->s3-AppendLogResponseHandler: Failed appendEntries: org.apache.ratis.thirdparty.io.grpc.StatusRuntimeException: CANCELLED: RST_STREAM closed stream. HTTP/2 error code: CANCEL
2023-11-20 19:26:44,982 [grpc-default-executor-0] WARN  server.GrpcLogAppender (GrpcLogAppender.java:resetClient(140)) - s2@group-80861D532C92->s3-GrpcLogAppender: Follower failed and request == null,  keep nextIndex (15) unchanged and retry.
2023-11-20 19:26:44,982 [MiniRaftCluster-10] INFO  server.GrpcService (GrpcService.java:closeImpl(320)) - s3: shutdown server GrpcServerProtocolService successfully
2023-11-20 19:26:44,982 [grpc-default-executor-0] WARN  server.GrpcLogAppender (LogUtils.java:warn(121)) - s2@group-80861D532C92->s3-AppendLogResponseHandler: Failed appendEntries: org.apache.ratis.thirdparty.io.grpc.StatusRuntimeException: CANCELLED: RST_STREAM closed stream. HTTP/2 error code: CANCEL
2023-11-20 19:26:44,982 [grpc-default-executor-0] WARN  server.GrpcLogAppender (GrpcLogAppender.java:resetClient(140)) - s2@group-80861D532C92->s3-GrpcLogAppender: Follower failed and request == null,  keep nextIndex (15) unchanged and retry.
2023-11-20 19:26:44,982 [grpc-default-executor-2] WARN  server.GrpcServerProtocolService (LogUtils.java:warn(121)) - s3: APPEND_ENTRIES onError, lastRequest: null: org.apache.ratis.thirdparty.io.grpc.StatusRuntimeException: CANCELLED: client cancelled
2023-11-20 19:26:44,983 [s4-impl-thread1] INFO  server.RaftServer$Division (ServerState.java:close(423)) - s4@group-80861D532C92: applyIndex: 14
2023-11-20 19:26:44,983 [MiniRaftCluster-13] INFO  server.GrpcService (GrpcService.java:closeImpl(311)) - s1: shutdown server org.apache.ratis.grpc.server.GrpcClientProtocolService now
2023-11-20 19:26:44,983 [s4@group-80861D532C92-cacheEviction-AwaitToRun] INFO  util.AwaitToRun (AwaitToRun.java:run(49)) - s4@group-80861D532C92-cacheEviction-AwaitToRun-AwaitForSignal is interrupted
2023-11-20 19:26:44,983 [s2-impl-thread1] INFO  server.RaftServer$Division (RaftServerImpl.java:lambda$close$3(516)) - s2@group-80861D532C92: shutdown
2023-11-20 19:26:44,983 [s2-impl-thread1] INFO  util.JmxRegister (JmxRegister.java:unregister(73)) - Successfully un-registered JMX Bean with object name Ratis:service=RaftServer,group=group-80861D532C92,id=s2
2023-11-20 19:26:44,983 [s2-impl-thread1] INFO  impl.RoleInfo (RoleInfo.java:shutdownLeaderState(94)) - s2: shutdown s2@group-80861D532C92-LeaderStateImpl
2023-11-20 19:26:44,983 [MiniRaftCluster-14] INFO  server.GrpcService (GrpcService.java:closeImpl(311)) - s2: shutdown server org.apache.ratis.grpc.server.GrpcClientProtocolService now
2023-11-20 19:26:44,983 [s2-impl-thread1] INFO  impl.PendingRequests (PendingRequests.java:sendNotLeaderResponses(289)) - s2@group-80861D532C92-PendingRequests: sendNotLeaderResponses
2023-11-20 19:26:44,983 [s2@group-80861D532C92->s3-GrpcLogAppender-LogAppenderDaemon] WARN  server.GrpcLogAppender (GrpcLogAppender.java:mayWait(212)) - s2@group-80861D532C92->s3-GrpcLogAppender: Wait interrupted by java.lang.InterruptedException
2023-11-20 19:26:44,983 [s2@group-80861D532C92->s4-GrpcLogAppender-LogAppenderDaemon] WARN  server.GrpcLogAppender (GrpcLogAppender.java:mayWait(212)) - s2@group-80861D532C92->s4-GrpcLogAppender: Wait interrupted by java.lang.InterruptedException
2023-11-20 19:26:44,984 [grpc-default-executor-0] WARN  server.GrpcServerProtocolService (LogUtils.java:warn(121)) - s4: APPEND_ENTRIES onError, lastRequest: s2->s4#2-t2,previous=(t:2, i:13),leaderCommit=13,initializing? true,entries: size=1, first=(t:2, i:14), METADATAENTRY(c:13): org.apache.ratis.thirdparty.io.grpc.StatusRuntimeException: CANCELLED: client cancelled
2023-11-20 19:26:44,984 [grpc-default-executor-2] INFO  server.GrpcLogAppender (GrpcLogAppender.java:onError(457)) - s2@group-80861D532C92->s4-GrpcLogAppender is already stopped
2023-11-20 19:26:44,984 [grpc-default-executor-0] WARN  server.GrpcServerProtocolService (LogUtils.java:warn(121)) - s4: APPEND_ENTRIES onError, lastRequest: null: org.apache.ratis.thirdparty.io.grpc.StatusRuntimeException: CANCELLED: client cancelled
2023-11-20 19:26:44,984 [grpc-default-executor-0] INFO  server.GrpcLogAppender (GrpcLogAppender.java:onError(457)) - s2@group-80861D532C92->s4-GrpcLogAppender is already stopped
2023-11-20 19:26:44,985 [Thread-389] INFO  server.GrpcServerProtocolClient (GrpcServerProtocolClient.java:close(103)) - s0 Close channels
2023-11-20 19:26:44,988 [Thread-391] INFO  server.GrpcServerProtocolClient (GrpcServerProtocolClient.java:close(103)) - s4 Close channels
2023-11-20 19:26:44,988 [s2-impl-thread1] INFO  impl.StateMachineUpdater (StateMachineUpdater.java:stopAndJoin(157)) - s2@group-80861D532C92-StateMachineUpdater: set stopIndex = 14
2023-11-20 19:26:44,988 [s2-impl-thread1] INFO  server.RaftServer$Division (ServerState.java:close(423)) - s2@group-80861D532C92: applyIndex: 14
2023-11-20 19:26:44,988 [Thread-386] INFO  server.GrpcServerProtocolClient (GrpcServerProtocolClient.java:close(103)) - s3 Close channels
2023-11-20 19:26:44,988 [s2@group-80861D532C92-cacheEviction-AwaitToRun] INFO  util.AwaitToRun (AwaitToRun.java:run(49)) - s2@group-80861D532C92-cacheEviction-AwaitToRun-AwaitForSignal is interrupted
2023-11-20 19:26:44,988 [Thread-390] INFO  server.GrpcServerProtocolClient (GrpcServerProtocolClient.java:close(103)) - s1 Close channels
2023-11-20 19:26:44,988 [Thread-394] INFO  server.GrpcServerProtocolClient (GrpcServerProtocolClient.java:close(103)) - s2 Close channels
2023-11-20 19:26:44,989 [MiniRaftCluster-11] INFO  server.GrpcService (GrpcService.java:closeImpl(320)) - s4: shutdown server GrpcServerProtocolService successfully
2023-11-20 19:26:44,989 [Thread-388] INFO  server.GrpcServerProtocolClient (GrpcServerProtocolClient.java:close(103)) - s3 Close channels
2023-11-20 19:26:44,989 [Thread-395] INFO  server.GrpcServerProtocolClient (GrpcServerProtocolClient.java:close(103)) - s4 Close channels
2023-11-20 19:26:44,990 [Thread-396] INFO  server.GrpcServerProtocolClient (GrpcServerProtocolClient.java:close(103)) - s0 Close channels
2023-11-20 19:26:44,990 [Thread-398] INFO  server.GrpcServerProtocolClient (GrpcServerProtocolClient.java:close(103)) - s2 Close channels
2023-11-20 19:26:44,991 [MiniRaftCluster-13] INFO  server.GrpcService (GrpcService.java:closeImpl(320)) - s1: shutdown server org.apache.ratis.grpc.server.GrpcClientProtocolService successfully
2023-11-20 19:26:44,991 [MiniRaftCluster-13] INFO  server.GrpcService (GrpcService.java:closeImpl(311)) - s1: shutdown server GrpcServerProtocolService now
2023-11-20 19:26:44,991 [MiniRaftCluster-14] INFO  server.GrpcService (GrpcService.java:closeImpl(320)) - s2: shutdown server org.apache.ratis.grpc.server.GrpcClientProtocolService successfully
2023-11-20 19:26:44,991 [MiniRaftCluster-14] INFO  server.GrpcService (GrpcService.java:closeImpl(311)) - s2: shutdown server GrpcServerProtocolService now
2023-11-20 19:26:44,992 [MiniRaftCluster-14] INFO  server.GrpcService (GrpcService.java:closeImpl(320)) - s2: shutdown server GrpcServerProtocolService successfully
2023-11-20 19:26:44,992 [MiniRaftCluster-14] INFO  server.GrpcService (GrpcService.java:closeImpl(311)) - s2: shutdown server org.apache.ratis.grpc.server.GrpcAdminProtocolService now
2023-11-20 19:26:44,993 [MiniRaftCluster-14] INFO  server.GrpcService (GrpcService.java:closeImpl(320)) - s2: shutdown server org.apache.ratis.grpc.server.GrpcAdminProtocolService successfully
2023-11-20 19:26:44,994 [MiniRaftCluster-13] INFO  server.GrpcService (GrpcService.java:closeImpl(320)) - s1: shutdown server GrpcServerProtocolService successfully
2023-11-20 19:26:44,994 [MiniRaftCluster-13] INFO  server.GrpcService (GrpcService.java:closeImpl(311)) - s1: shutdown server org.apache.ratis.grpc.server.GrpcAdminProtocolService now
2023-11-20 19:26:44,995 [MiniRaftCluster-13] INFO  server.GrpcService (GrpcService.java:closeImpl(320)) - s1: shutdown server org.apache.ratis.grpc.server.GrpcAdminProtocolService successfully
2023-11-20 19:26:44,995 [JvmPauseMonitor10] INFO  util.JvmPauseMonitor (JvmPauseMonitor.java:run(152)) - JvmPauseMonitor-s1: Stopped
2023-11-20 19:26:45,026 [grpc-default-executor-2] ERROR impl.OrderedAsync (OrderedAsync.java:lambda$sendRequest$9(247)) - client-E9C94F68C118: Failed* RaftClientRequest:client-E9C94F68C118->s2@group-F61A228DBE4A, cid=6, seq=1*, Watch(0), null
java.util.concurrent.CompletionException: java.io.IOException: org.apache.ratis.thirdparty.io.grpc.StatusRuntimeException: UNAVAILABLE: io exception
	at java.base/java.util.concurrent.CompletableFuture.encodeThrowable(CompletableFuture.java:331)
	at java.base/java.util.concurrent.CompletableFuture.completeThrowable(CompletableFuture.java:346)
	at java.base/java.util.concurrent.CompletableFuture$UniApply.tryFire(CompletableFuture.java:632)
	at java.base/java.util.concurrent.CompletableFuture.postComplete(CompletableFuture.java:506)
	at java.base/java.util.concurrent.CompletableFuture.completeExceptionally(CompletableFuture.java:2094)
	at org.apache.ratis.grpc.client.GrpcClientProtocolClient$AsyncStreamObservers.completeReplyExceptionally(GrpcClientProtocolClient.java:394)
	at org.apache.ratis.grpc.client.GrpcClientProtocolClient$AsyncStreamObservers.access$000(GrpcClientProtocolClient.java:300)
	at org.apache.ratis.grpc.client.GrpcClientProtocolClient$AsyncStreamObservers$1.onError(GrpcClientProtocolClient.java:331)
	at org.apache.ratis.thirdparty.io.grpc.stub.ClientCalls$StreamObserverToCallListenerAdapter.onClose(ClientCalls.java:481)
	at org.apache.ratis.thirdparty.io.grpc.PartialForwardingClientCallListener.onClose(PartialForwardingClientCallListener.java:39)
	at org.apache.ratis.thirdparty.io.grpc.ForwardingClientCallListener.onClose(ForwardingClientCallListener.java:23)
	at org.apache.ratis.grpc.metrics.intercept.client.MetricClientCallListener.onClose(MetricClientCallListener.java:47)
	at org.apache.ratis.thirdparty.io.grpc.internal.DelayedClientCall$DelayedListener$3.run(DelayedClientCall.java:489)
	at org.apache.ratis.thirdparty.io.grpc.internal.DelayedClientCall$DelayedListener.delayOrExecute(DelayedClientCall.java:453)
	at org.apache.ratis.thirdparty.io.grpc.internal.DelayedClientCall$DelayedListener.onClose(DelayedClientCall.java:486)
	at org.apache.ratis.thirdparty.io.grpc.internal.ClientCallImpl.closeObserver(ClientCallImpl.java:567)
	at org.apache.ratis.thirdparty.io.grpc.internal.ClientCallImpl.access$300(ClientCallImpl.java:71)
	at org.apache.ratis.thirdparty.io.grpc.internal.ClientCallImpl$ClientStreamListenerImpl$1StreamClosed.runInternal(ClientCallImpl.java:735)
	at org.apache.ratis.thirdparty.io.grpc.internal.ClientCallImpl$ClientStreamListenerImpl$1StreamClosed.runInContext(ClientCallImpl.java:716)
	at org.apache.ratis.thirdparty.io.grpc.internal.ContextRunnable.run(ContextRunnable.java:37)
	at org.apache.ratis.thirdparty.io.grpc.internal.SerializingExecutor.run(SerializingExecutor.java:133)
	at java.base/java.util.concurrent.ThreadPoolExecutor.runWorker(ThreadPoolExecutor.java:1128)
	at java.base/java.util.concurrent.ThreadPoolExecutor$Worker.run(ThreadPoolExecutor.java:628)
	at java.base/java.lang.Thread.run(Thread.java:829)
Caused by: java.io.IOException: org.apache.ratis.thirdparty.io.grpc.StatusRuntimeException: UNAVAILABLE: io exception
	at org.apache.ratis.grpc.GrpcUtil.unwrapException(GrpcUtil.java:99)
	at org.apache.ratis.grpc.GrpcUtil.unwrapIOException(GrpcUtil.java:159)
	at org.apache.ratis.grpc.client.GrpcClientProtocolClient$AsyncStreamObservers$1.onError(GrpcClientProtocolClient.java:330)
	... 16 more
Caused by: org.apache.ratis.thirdparty.io.grpc.StatusRuntimeException: UNAVAILABLE: io exception
	at org.apache.ratis.thirdparty.io.grpc.Status.asRuntimeException(Status.java:537)
	... 16 more
Caused by: org.apache.ratis.thirdparty.io.netty.channel.AbstractChannel$AnnotatedConnectException: finishConnect(..) failed: Connection refused: localhost/127.0.0.1:43097
Caused by: java.net.ConnectException: finishConnect(..) failed: Connection refused
	at org.apache.ratis.thirdparty.io.netty.channel.unix.Errors.newConnectException0(Errors.java:166)
	at org.apache.ratis.thirdparty.io.netty.channel.unix.Errors.handleConnectErrno(Errors.java:131)
	at org.apache.ratis.thirdparty.io.netty.channel.unix.Socket.finishConnect(Socket.java:359)
	at org.apache.ratis.thirdparty.io.netty.channel.epoll.AbstractEpollChannel$AbstractEpollUnsafe.doFinishConnect(AbstractEpollChannel.java:710)
	at org.apache.ratis.thirdparty.io.netty.channel.epoll.AbstractEpollChannel$AbstractEpollUnsafe.finishConnect(AbstractEpollChannel.java:687)
	at org.apache.ratis.thirdparty.io.netty.channel.epoll.AbstractEpollChannel$AbstractEpollUnsafe.epollOutReady(AbstractEpollChannel.java:567)
	at org.apache.ratis.thirdparty.io.netty.channel.epoll.EpollEventLoop.processReady(EpollEventLoop.java:499)
	at org.apache.ratis.thirdparty.io.netty.channel.epoll.EpollEventLoop.run(EpollEventLoop.java:407)
	at org.apache.ratis.thirdparty.io.netty.util.concurrent.SingleThreadEventExecutor$4.run(SingleThreadEventExecutor.java:997)
	at org.apache.ratis.thirdparty.io.netty.util.internal.ThreadExecutorMap$2.run(ThreadExecutorMap.java:74)
	at org.apache.ratis.thirdparty.io.netty.util.concurrent.FastThreadLocalRunnable.run(FastThreadLocalRunnable.java:30)
	at java.base/java.lang.Thread.run(Thread.java:829)
2023-11-20 19:26:45,129 [grpc-default-executor-1] ERROR impl.OrderedAsync (OrderedAsync.java:lambda$sendRequest$9(247)) - client-E9C94F68C118: Failed* RaftClientRequest:client-E9C94F68C118->s1@group-F61A228DBE4A, cid=6, seq=1*, Watch(0), null
java.util.concurrent.CompletionException: java.io.IOException: org.apache.ratis.thirdparty.io.grpc.StatusRuntimeException: UNAVAILABLE: io exception
	at java.base/java.util.concurrent.CompletableFuture.encodeThrowable(CompletableFuture.java:331)
	at java.base/java.util.concurrent.CompletableFuture.completeThrowable(CompletableFuture.java:346)
	at java.base/java.util.concurrent.CompletableFuture$UniApply.tryFire(CompletableFuture.java:632)
	at java.base/java.util.concurrent.CompletableFuture.postComplete(CompletableFuture.java:506)
	at java.base/java.util.concurrent.CompletableFuture.completeExceptionally(CompletableFuture.java:2094)
	at org.apache.ratis.grpc.client.GrpcClientProtocolClient$AsyncStreamObservers.completeReplyExceptionally(GrpcClientProtocolClient.java:394)
	at org.apache.ratis.grpc.client.GrpcClientProtocolClient$AsyncStreamObservers.access$000(GrpcClientProtocolClient.java:300)
	at org.apache.ratis.grpc.client.GrpcClientProtocolClient$AsyncStreamObservers$1.onError(GrpcClientProtocolClient.java:331)
	at org.apache.ratis.thirdparty.io.grpc.stub.ClientCalls$StreamObserverToCallListenerAdapter.onClose(ClientCalls.java:481)
	at org.apache.ratis.thirdparty.io.grpc.PartialForwardingClientCallListener.onClose(PartialForwardingClientCallListener.java:39)
	at org.apache.ratis.thirdparty.io.grpc.ForwardingClientCallListener.onClose(ForwardingClientCallListener.java:23)
	at org.apache.ratis.grpc.metrics.intercept.client.MetricClientCallListener.onClose(MetricClientCallListener.java:47)
	at org.apache.ratis.thirdparty.io.grpc.internal.DelayedClientCall$DelayedListener$3.run(DelayedClientCall.java:489)
	at org.apache.ratis.thirdparty.io.grpc.internal.DelayedClientCall$DelayedListener.delayOrExecute(DelayedClientCall.java:453)
	at org.apache.ratis.thirdparty.io.grpc.internal.DelayedClientCall$DelayedListener.onClose(DelayedClientCall.java:486)
	at org.apache.ratis.thirdparty.io.grpc.internal.ClientCallImpl.closeObserver(ClientCallImpl.java:567)
	at org.apache.ratis.thirdparty.io.grpc.internal.ClientCallImpl.access$300(ClientCallImpl.java:71)
	at org.apache.ratis.thirdparty.io.grpc.internal.ClientCallImpl$ClientStreamListenerImpl$1StreamClosed.runInternal(ClientCallImpl.java:735)
	at org.apache.ratis.thirdparty.io.grpc.internal.ClientCallImpl$ClientStreamListenerImpl$1StreamClosed.runInContext(ClientCallImpl.java:716)
	at org.apache.ratis.thirdparty.io.grpc.internal.ContextRunnable.run(ContextRunnable.java:37)
	at org.apache.ratis.thirdparty.io.grpc.internal.SerializingExecutor.run(SerializingExecutor.java:133)
	at java.base/java.util.concurrent.ThreadPoolExecutor.runWorker(ThreadPoolExecutor.java:1128)
	at java.base/java.util.concurrent.ThreadPoolExecutor$Worker.run(ThreadPoolExecutor.java:628)
	at java.base/java.lang.Thread.run(Thread.java:829)
Caused by: java.io.IOException: org.apache.ratis.thirdparty.io.grpc.StatusRuntimeException: UNAVAILABLE: io exception
	at org.apache.ratis.grpc.GrpcUtil.unwrapException(GrpcUtil.java:99)
	at org.apache.ratis.grpc.GrpcUtil.unwrapIOException(GrpcUtil.java:159)
	at org.apache.ratis.grpc.client.GrpcClientProtocolClient$AsyncStreamObservers$1.onError(GrpcClientProtocolClient.java:330)
	... 16 more
Caused by: org.apache.ratis.thirdparty.io.grpc.StatusRuntimeException: UNAVAILABLE: io exception
	at org.apache.ratis.thirdparty.io.grpc.Status.asRuntimeException(Status.java:537)
	... 16 more
Caused by: org.apache.ratis.thirdparty.io.netty.channel.AbstractChannel$AnnotatedConnectException: finishConnect(..) failed: Connection refused: localhost/127.0.0.1:46099
Caused by: java.net.ConnectException: finishConnect(..) failed: Connection refused
	at org.apache.ratis.thirdparty.io.netty.channel.unix.Errors.newConnectException0(Errors.java:166)
	at org.apache.ratis.thirdparty.io.netty.channel.unix.Errors.handleConnectErrno(Errors.java:131)
	at org.apache.ratis.thirdparty.io.netty.channel.unix.Socket.finishConnect(Socket.java:359)
	at org.apache.ratis.thirdparty.io.netty.channel.epoll.AbstractEpollChannel$AbstractEpollUnsafe.doFinishConnect(AbstractEpollChannel.java:710)
	at org.apache.ratis.thirdparty.io.netty.channel.epoll.AbstractEpollChannel$AbstractEpollUnsafe.finishConnect(AbstractEpollChannel.java:687)
	at org.apache.ratis.thirdparty.io.netty.channel.epoll.AbstractEpollChannel$AbstractEpollUnsafe.epollOutReady(AbstractEpollChannel.java:567)
	at org.apache.ratis.thirdparty.io.netty.channel.epoll.EpollEventLoop.processReady(EpollEventLoop.java:499)
	at org.apache.ratis.thirdparty.io.netty.channel.epoll.EpollEventLoop.run(EpollEventLoop.java:407)
	at org.apache.ratis.thirdparty.io.netty.util.concurrent.SingleThreadEventExecutor$4.run(SingleThreadEventExecutor.java:997)
	at org.apache.ratis.thirdparty.io.netty.util.internal.ThreadExecutorMap$2.run(ThreadExecutorMap.java:74)
	at org.apache.ratis.thirdparty.io.netty.util.concurrent.FastThreadLocalRunnable.run(FastThreadLocalRunnable.java:30)
	at java.base/java.lang.Thread.run(Thread.java:829)
2023-11-20 19:26:45,232 [grpc-default-executor-2] ERROR impl.OrderedAsync (OrderedAsync.java:lambda$sendRequest$9(247)) - client-E9C94F68C118: Failed* RaftClientRequest:client-E9C94F68C118->s2@group-F61A228DBE4A, cid=6, seq=1*, Watch(0), null
java.util.concurrent.CompletionException: java.io.IOException: org.apache.ratis.thirdparty.io.grpc.StatusRuntimeException: UNAVAILABLE: io exception
	at java.base/java.util.concurrent.CompletableFuture.encodeThrowable(CompletableFuture.java:331)
	at java.base/java.util.concurrent.CompletableFuture.completeThrowable(CompletableFuture.java:346)
	at java.base/java.util.concurrent.CompletableFuture$UniApply.tryFire(CompletableFuture.java:632)
	at java.base/java.util.concurrent.CompletableFuture.postComplete(CompletableFuture.java:506)
	at java.base/java.util.concurrent.CompletableFuture.completeExceptionally(CompletableFuture.java:2094)
	at org.apache.ratis.grpc.client.GrpcClientProtocolClient$AsyncStreamObservers.completeReplyExceptionally(GrpcClientProtocolClient.java:394)
	at org.apache.ratis.grpc.client.GrpcClientProtocolClient$AsyncStreamObservers.access$000(GrpcClientProtocolClient.java:300)
	at org.apache.ratis.grpc.client.GrpcClientProtocolClient$AsyncStreamObservers$1.onError(GrpcClientProtocolClient.java:331)
	at org.apache.ratis.thirdparty.io.grpc.stub.ClientCalls$StreamObserverToCallListenerAdapter.onClose(ClientCalls.java:481)
	at org.apache.ratis.thirdparty.io.grpc.PartialForwardingClientCallListener.onClose(PartialForwardingClientCallListener.java:39)
	at org.apache.ratis.thirdparty.io.grpc.ForwardingClientCallListener.onClose(ForwardingClientCallListener.java:23)
	at org.apache.ratis.grpc.metrics.intercept.client.MetricClientCallListener.onClose(MetricClientCallListener.java:47)
	at org.apache.ratis.thirdparty.io.grpc.internal.DelayedClientCall$DelayedListener$3.run(DelayedClientCall.java:489)
	at org.apache.ratis.thirdparty.io.grpc.internal.DelayedClientCall$DelayedListener.delayOrExecute(DelayedClientCall.java:453)
	at org.apache.ratis.thirdparty.io.grpc.internal.DelayedClientCall$DelayedListener.onClose(DelayedClientCall.java:486)
	at org.apache.ratis.thirdparty.io.grpc.internal.ClientCallImpl.closeObserver(ClientCallImpl.java:567)
	at org.apache.ratis.thirdparty.io.grpc.internal.ClientCallImpl.access$300(ClientCallImpl.java:71)
	at org.apache.ratis.thirdparty.io.grpc.internal.ClientCallImpl$ClientStreamListenerImpl$1StreamClosed.runInternal(ClientCallImpl.java:735)
	at org.apache.ratis.thirdparty.io.grpc.internal.ClientCallImpl$ClientStreamListenerImpl$1StreamClosed.runInContext(ClientCallImpl.java:716)
	at org.apache.ratis.thirdparty.io.grpc.internal.ContextRunnable.run(ContextRunnable.java:37)
	at org.apache.ratis.thirdparty.io.grpc.internal.SerializingExecutor.run(SerializingExecutor.java:133)
	at java.base/java.util.concurrent.ThreadPoolExecutor.runWorker(ThreadPoolExecutor.java:1128)
	at java.base/java.util.concurrent.ThreadPoolExecutor$Worker.run(ThreadPoolExecutor.java:628)
	at java.base/java.lang.Thread.run(Thread.java:829)
Caused by: java.io.IOException: org.apache.ratis.thirdparty.io.grpc.StatusRuntimeException: UNAVAILABLE: io exception
	at org.apache.ratis.grpc.GrpcUtil.unwrapException(GrpcUtil.java:99)
	at org.apache.ratis.grpc.GrpcUtil.unwrapIOException(GrpcUtil.java:159)
	at org.apache.ratis.grpc.client.GrpcClientProtocolClient$AsyncStreamObservers$1.onError(GrpcClientProtocolClient.java:330)
	... 16 more
Caused by: org.apache.ratis.thirdparty.io.grpc.StatusRuntimeException: UNAVAILABLE: io exception
	at org.apache.ratis.thirdparty.io.grpc.Status.asRuntimeException(Status.java:537)
	... 16 more
Caused by: org.apache.ratis.thirdparty.io.netty.channel.AbstractChannel$AnnotatedConnectException: finishConnect(..) failed: Connection refused: localhost/127.0.0.1:43097
Caused by: java.net.ConnectException: finishConnect(..) failed: Connection refused
	at org.apache.ratis.thirdparty.io.netty.channel.unix.Errors.newConnectException0(Errors.java:166)
	at org.apache.ratis.thirdparty.io.netty.channel.unix.Errors.handleConnectErrno(Errors.java:131)
	at org.apache.ratis.thirdparty.io.netty.channel.unix.Socket.finishConnect(Socket.java:359)
	at org.apache.ratis.thirdparty.io.netty.channel.epoll.AbstractEpollChannel$AbstractEpollUnsafe.doFinishConnect(AbstractEpollChannel.java:710)
	at org.apache.ratis.thirdparty.io.netty.channel.epoll.AbstractEpollChannel$AbstractEpollUnsafe.finishConnect(AbstractEpollChannel.java:687)
	at org.apache.ratis.thirdparty.io.netty.channel.epoll.AbstractEpollChannel$AbstractEpollUnsafe.epollOutReady(AbstractEpollChannel.java:567)
	at org.apache.ratis.thirdparty.io.netty.channel.epoll.EpollEventLoop.processReady(EpollEventLoop.java:499)
	at org.apache.ratis.thirdparty.io.netty.channel.epoll.EpollEventLoop.run(EpollEventLoop.java:407)
	at org.apache.ratis.thirdparty.io.netty.util.concurrent.SingleThreadEventExecutor$4.run(SingleThreadEventExecutor.java:997)
	at org.apache.ratis.thirdparty.io.netty.util.internal.ThreadExecutorMap$2.run(ThreadExecutorMap.java:74)
	at org.apache.ratis.thirdparty.io.netty.util.concurrent.FastThreadLocalRunnable.run(FastThreadLocalRunnable.java:30)
	at java.base/java.lang.Thread.run(Thread.java:829)
2023-11-20 19:26:45,335 [grpc-default-executor-0] ERROR impl.OrderedAsync (OrderedAsync.java:lambda$sendRequest$9(247)) - client-E9C94F68C118: Failed* RaftClientRequest:client-E9C94F68C118->s1@group-F61A228DBE4A, cid=6, seq=1*, Watch(0), null
java.util.concurrent.CompletionException: java.io.IOException: org.apache.ratis.thirdparty.io.grpc.StatusRuntimeException: UNAVAILABLE: io exception
	at java.base/java.util.concurrent.CompletableFuture.encodeThrowable(CompletableFuture.java:331)
	at java.base/java.util.concurrent.CompletableFuture.completeThrowable(CompletableFuture.java:346)
	at java.base/java.util.concurrent.CompletableFuture$UniApply.tryFire(CompletableFuture.java:632)
	at java.base/java.util.concurrent.CompletableFuture.postComplete(CompletableFuture.java:506)
	at java.base/java.util.concurrent.CompletableFuture.completeExceptionally(CompletableFuture.java:2094)
	at org.apache.ratis.grpc.client.GrpcClientProtocolClient$AsyncStreamObservers.completeReplyExceptionally(GrpcClientProtocolClient.java:394)
	at org.apache.ratis.grpc.client.GrpcClientProtocolClient$AsyncStreamObservers.access$000(GrpcClientProtocolClient.java:300)
	at org.apache.ratis.grpc.client.GrpcClientProtocolClient$AsyncStreamObservers$1.onError(GrpcClientProtocolClient.java:331)
	at org.apache.ratis.thirdparty.io.grpc.stub.ClientCalls$StreamObserverToCallListenerAdapter.onClose(ClientCalls.java:481)
	at org.apache.ratis.thirdparty.io.grpc.PartialForwardingClientCallListener.onClose(PartialForwardingClientCallListener.java:39)
	at org.apache.ratis.thirdparty.io.grpc.ForwardingClientCallListener.onClose(ForwardingClientCallListener.java:23)
	at org.apache.ratis.grpc.metrics.intercept.client.MetricClientCallListener.onClose(MetricClientCallListener.java:47)
	at org.apache.ratis.thirdparty.io.grpc.internal.DelayedClientCall$DelayedListener$3.run(DelayedClientCall.java:489)
	at org.apache.ratis.thirdparty.io.grpc.internal.DelayedClientCall$DelayedListener.delayOrExecute(DelayedClientCall.java:453)
	at org.apache.ratis.thirdparty.io.grpc.internal.DelayedClientCall$DelayedListener.onClose(DelayedClientCall.java:486)
	at org.apache.ratis.thirdparty.io.grpc.internal.ClientCallImpl.closeObserver(ClientCallImpl.java:567)
	at org.apache.ratis.thirdparty.io.grpc.internal.ClientCallImpl.access$300(ClientCallImpl.java:71)
	at org.apache.ratis.thirdparty.io.grpc.internal.ClientCallImpl$ClientStreamListenerImpl$1StreamClosed.runInternal(ClientCallImpl.java:735)
	at org.apache.ratis.thirdparty.io.grpc.internal.ClientCallImpl$ClientStreamListenerImpl$1StreamClosed.runInContext(ClientCallImpl.java:716)
	at org.apache.ratis.thirdparty.io.grpc.internal.ContextRunnable.run(ContextRunnable.java:37)
	at org.apache.ratis.thirdparty.io.grpc.internal.SerializingExecutor.run(SerializingExecutor.java:133)
	at java.base/java.util.concurrent.ThreadPoolExecutor.runWorker(ThreadPoolExecutor.java:1128)
	at java.base/java.util.concurrent.ThreadPoolExecutor$Worker.run(ThreadPoolExecutor.java:628)
	at java.base/java.lang.Thread.run(Thread.java:829)
Caused by: java.io.IOException: org.apache.ratis.thirdparty.io.grpc.StatusRuntimeException: UNAVAILABLE: io exception
	at org.apache.ratis.grpc.GrpcUtil.unwrapException(GrpcUtil.java:99)
	at org.apache.ratis.grpc.GrpcUtil.unwrapIOException(GrpcUtil.java:159)
	at org.apache.ratis.grpc.client.GrpcClientProtocolClient$AsyncStreamObservers$1.onError(GrpcClientProtocolClient.java:330)
	... 16 more
Caused by: org.apache.ratis.thirdparty.io.grpc.StatusRuntimeException: UNAVAILABLE: io exception
	at org.apache.ratis.thirdparty.io.grpc.Status.asRuntimeException(Status.java:537)
	... 16 more
Caused by: org.apache.ratis.thirdparty.io.netty.channel.AbstractChannel$AnnotatedConnectException: finishConnect(..) failed: Connection refused: localhost/127.0.0.1:46099
Caused by: java.net.ConnectException: finishConnect(..) failed: Connection refused
	at org.apache.ratis.thirdparty.io.netty.channel.unix.Errors.newConnectException0(Errors.java:166)
	at org.apache.ratis.thirdparty.io.netty.channel.unix.Errors.handleConnectErrno(Errors.java:131)
	at org.apache.ratis.thirdparty.io.netty.channel.unix.Socket.finishConnect(Socket.java:359)
	at org.apache.ratis.thirdparty.io.netty.channel.epoll.AbstractEpollChannel$AbstractEpollUnsafe.doFinishConnect(AbstractEpollChannel.java:710)
	at org.apache.ratis.thirdparty.io.netty.channel.epoll.AbstractEpollChannel$AbstractEpollUnsafe.finishConnect(AbstractEpollChannel.java:687)
	at org.apache.ratis.thirdparty.io.netty.channel.epoll.AbstractEpollChannel$AbstractEpollUnsafe.epollOutReady(AbstractEpollChannel.java:567)
	at org.apache.ratis.thirdparty.io.netty.channel.epoll.EpollEventLoop.processReady(EpollEventLoop.java:499)
	at org.apache.ratis.thirdparty.io.netty.channel.epoll.EpollEventLoop.run(EpollEventLoop.java:407)
	at org.apache.ratis.thirdparty.io.netty.util.concurrent.SingleThreadEventExecutor$4.run(SingleThreadEventExecutor.java:997)
	at org.apache.ratis.thirdparty.io.netty.util.internal.ThreadExecutorMap$2.run(ThreadExecutorMap.java:74)
	at org.apache.ratis.thirdparty.io.netty.util.concurrent.FastThreadLocalRunnable.run(FastThreadLocalRunnable.java:30)
	at java.base/java.lang.Thread.run(Thread.java:829)
2023-11-20 19:26:45,439 [grpc-default-executor-2] ERROR impl.OrderedAsync (OrderedAsync.java:lambda$sendRequest$9(247)) - client-E9C94F68C118: Failed* RaftClientRequest:client-E9C94F68C118->s2@group-F61A228DBE4A, cid=6, seq=1*, Watch(0), null
java.util.concurrent.CompletionException: java.io.IOException: org.apache.ratis.thirdparty.io.grpc.StatusRuntimeException: UNAVAILABLE: io exception
	at java.base/java.util.concurrent.CompletableFuture.encodeThrowable(CompletableFuture.java:331)
	at java.base/java.util.concurrent.CompletableFuture.completeThrowable(CompletableFuture.java:346)
	at java.base/java.util.concurrent.CompletableFuture$UniApply.tryFire(CompletableFuture.java:632)
	at java.base/java.util.concurrent.CompletableFuture.postComplete(CompletableFuture.java:506)
	at java.base/java.util.concurrent.CompletableFuture.completeExceptionally(CompletableFuture.java:2094)
	at org.apache.ratis.grpc.client.GrpcClientProtocolClient$AsyncStreamObservers.completeReplyExceptionally(GrpcClientProtocolClient.java:394)
	at org.apache.ratis.grpc.client.GrpcClientProtocolClient$AsyncStreamObservers.access$000(GrpcClientProtocolClient.java:300)
	at org.apache.ratis.grpc.client.GrpcClientProtocolClient$AsyncStreamObservers$1.onError(GrpcClientProtocolClient.java:331)
	at org.apache.ratis.thirdparty.io.grpc.stub.ClientCalls$StreamObserverToCallListenerAdapter.onClose(ClientCalls.java:481)
	at org.apache.ratis.thirdparty.io.grpc.PartialForwardingClientCallListener.onClose(PartialForwardingClientCallListener.java:39)
	at org.apache.ratis.thirdparty.io.grpc.ForwardingClientCallListener.onClose(ForwardingClientCallListener.java:23)
	at org.apache.ratis.grpc.metrics.intercept.client.MetricClientCallListener.onClose(MetricClientCallListener.java:47)
	at org.apache.ratis.thirdparty.io.grpc.internal.DelayedClientCall$DelayedListener$3.run(DelayedClientCall.java:489)
	at org.apache.ratis.thirdparty.io.grpc.internal.DelayedClientCall$DelayedListener.delayOrExecute(DelayedClientCall.java:453)
	at org.apache.ratis.thirdparty.io.grpc.internal.DelayedClientCall$DelayedListener.onClose(DelayedClientCall.java:486)
	at org.apache.ratis.thirdparty.io.grpc.internal.ClientCallImpl.closeObserver(ClientCallImpl.java:567)
	at org.apache.ratis.thirdparty.io.grpc.internal.ClientCallImpl.access$300(ClientCallImpl.java:71)
	at org.apache.ratis.thirdparty.io.grpc.internal.ClientCallImpl$ClientStreamListenerImpl$1StreamClosed.runInternal(ClientCallImpl.java:735)
	at org.apache.ratis.thirdparty.io.grpc.internal.ClientCallImpl$ClientStreamListenerImpl$1StreamClosed.runInContext(ClientCallImpl.java:716)
	at org.apache.ratis.thirdparty.io.grpc.internal.ContextRunnable.run(ContextRunnable.java:37)
	at org.apache.ratis.thirdparty.io.grpc.internal.SerializingExecutor.run(SerializingExecutor.java:133)
	at java.base/java.util.concurrent.ThreadPoolExecutor.runWorker(ThreadPoolExecutor.java:1128)
	at java.base/java.util.concurrent.ThreadPoolExecutor$Worker.run(ThreadPoolExecutor.java:628)
	at java.base/java.lang.Thread.run(Thread.java:829)
Caused by: java.io.IOException: org.apache.ratis.thirdparty.io.grpc.StatusRuntimeException: UNAVAILABLE: io exception
	at org.apache.ratis.grpc.GrpcUtil.unwrapException(GrpcUtil.java:99)
	at org.apache.ratis.grpc.GrpcUtil.unwrapIOException(GrpcUtil.java:159)
	at org.apache.ratis.grpc.client.GrpcClientProtocolClient$AsyncStreamObservers$1.onError(GrpcClientProtocolClient.java:330)
	... 16 more
Caused by: org.apache.ratis.thirdparty.io.grpc.StatusRuntimeException: UNAVAILABLE: io exception
	at org.apache.ratis.thirdparty.io.grpc.Status.asRuntimeException(Status.java:537)
	... 16 more
Caused by: org.apache.ratis.thirdparty.io.netty.channel.AbstractChannel$AnnotatedConnectException: finishConnect(..) failed: Connection refused: localhost/127.0.0.1:43097
Caused by: java.net.ConnectException: finishConnect(..) failed: Connection refused
	at org.apache.ratis.thirdparty.io.netty.channel.unix.Errors.newConnectException0(Errors.java:166)
	at org.apache.ratis.thirdparty.io.netty.channel.unix.Errors.handleConnectErrno(Errors.java:131)
	at org.apache.ratis.thirdparty.io.netty.channel.unix.Socket.finishConnect(Socket.java:359)
	at org.apache.ratis.thirdparty.io.netty.channel.epoll.AbstractEpollChannel$AbstractEpollUnsafe.doFinishConnect(AbstractEpollChannel.java:710)
	at org.apache.ratis.thirdparty.io.netty.channel.epoll.AbstractEpollChannel$AbstractEpollUnsafe.finishConnect(AbstractEpollChannel.java:687)
	at org.apache.ratis.thirdparty.io.netty.channel.epoll.AbstractEpollChannel$AbstractEpollUnsafe.epollOutReady(AbstractEpollChannel.java:567)
	at org.apache.ratis.thirdparty.io.netty.channel.epoll.EpollEventLoop.processReady(EpollEventLoop.java:499)
	at org.apache.ratis.thirdparty.io.netty.channel.epoll.EpollEventLoop.run(EpollEventLoop.java:407)
	at org.apache.ratis.thirdparty.io.netty.util.concurrent.SingleThreadEventExecutor$4.run(SingleThreadEventExecutor.java:997)
	at org.apache.ratis.thirdparty.io.netty.util.internal.ThreadExecutorMap$2.run(ThreadExecutorMap.java:74)
	at org.apache.ratis.thirdparty.io.netty.util.concurrent.FastThreadLocalRunnable.run(FastThreadLocalRunnable.java:30)
	at java.base/java.lang.Thread.run(Thread.java:829)
2023-11-20 19:26:45,542 [grpc-default-executor-1] ERROR impl.OrderedAsync (OrderedAsync.java:lambda$sendRequest$9(247)) - client-E9C94F68C118: Failed* RaftClientRequest:client-E9C94F68C118->s0@group-F61A228DBE4A, cid=6, seq=1*, Watch(0), null
java.util.concurrent.CompletionException: java.io.IOException: org.apache.ratis.thirdparty.io.grpc.StatusRuntimeException: UNAVAILABLE: io exception
	at java.base/java.util.concurrent.CompletableFuture.encodeThrowable(CompletableFuture.java:331)
	at java.base/java.util.concurrent.CompletableFuture.completeThrowable(CompletableFuture.java:346)
	at java.base/java.util.concurrent.CompletableFuture$UniApply.tryFire(CompletableFuture.java:632)
	at java.base/java.util.concurrent.CompletableFuture.postComplete(CompletableFuture.java:506)
	at java.base/java.util.concurrent.CompletableFuture.completeExceptionally(CompletableFuture.java:2094)
	at org.apache.ratis.grpc.client.GrpcClientProtocolClient$AsyncStreamObservers.completeReplyExceptionally(GrpcClientProtocolClient.java:394)
	at org.apache.ratis.grpc.client.GrpcClientProtocolClient$AsyncStreamObservers.access$000(GrpcClientProtocolClient.java:300)
	at org.apache.ratis.grpc.client.GrpcClientProtocolClient$AsyncStreamObservers$1.onError(GrpcClientProtocolClient.java:331)
	at org.apache.ratis.thirdparty.io.grpc.stub.ClientCalls$StreamObserverToCallListenerAdapter.onClose(ClientCalls.java:481)
	at org.apache.ratis.thirdparty.io.grpc.PartialForwardingClientCallListener.onClose(PartialForwardingClientCallListener.java:39)
	at org.apache.ratis.thirdparty.io.grpc.ForwardingClientCallListener.onClose(ForwardingClientCallListener.java:23)
	at org.apache.ratis.grpc.metrics.intercept.client.MetricClientCallListener.onClose(MetricClientCallListener.java:47)
	at org.apache.ratis.thirdparty.io.grpc.internal.DelayedClientCall$DelayedListener$3.run(DelayedClientCall.java:489)
	at org.apache.ratis.thirdparty.io.grpc.internal.DelayedClientCall$DelayedListener.delayOrExecute(DelayedClientCall.java:453)
	at org.apache.ratis.thirdparty.io.grpc.internal.DelayedClientCall$DelayedListener.onClose(DelayedClientCall.java:486)
	at org.apache.ratis.thirdparty.io.grpc.internal.ClientCallImpl.closeObserver(ClientCallImpl.java:567)
	at org.apache.ratis.thirdparty.io.grpc.internal.ClientCallImpl.access$300(ClientCallImpl.java:71)
	at org.apache.ratis.thirdparty.io.grpc.internal.ClientCallImpl$ClientStreamListenerImpl$1StreamClosed.runInternal(ClientCallImpl.java:735)
	at org.apache.ratis.thirdparty.io.grpc.internal.ClientCallImpl$ClientStreamListenerImpl$1StreamClosed.runInContext(ClientCallImpl.java:716)
	at org.apache.ratis.thirdparty.io.grpc.internal.ContextRunnable.run(ContextRunnable.java:37)
	at org.apache.ratis.thirdparty.io.grpc.internal.SerializingExecutor.run(SerializingExecutor.java:133)
	at java.base/java.util.concurrent.ThreadPoolExecutor.runWorker(ThreadPoolExecutor.java:1128)
	at java.base/java.util.concurrent.ThreadPoolExecutor$Worker.run(ThreadPoolExecutor.java:628)
	at java.base/java.lang.Thread.run(Thread.java:829)
Caused by: java.io.IOException: org.apache.ratis.thirdparty.io.grpc.StatusRuntimeException: UNAVAILABLE: io exception
	at org.apache.ratis.grpc.GrpcUtil.unwrapException(GrpcUtil.java:99)
	at org.apache.ratis.grpc.GrpcUtil.unwrapIOException(GrpcUtil.java:159)
	at org.apache.ratis.grpc.client.GrpcClientProtocolClient$AsyncStreamObservers$1.onError(GrpcClientProtocolClient.java:330)
	... 16 more
Caused by: org.apache.ratis.thirdparty.io.grpc.StatusRuntimeException: UNAVAILABLE: io exception
	at org.apache.ratis.thirdparty.io.grpc.Status.asRuntimeException(Status.java:537)
	... 16 more
Caused by: org.apache.ratis.thirdparty.io.netty.channel.AbstractChannel$AnnotatedConnectException: finishConnect(..) failed: Connection refused: localhost/127.0.0.1:37411
Caused by: java.net.ConnectException: finishConnect(..) failed: Connection refused
	at org.apache.ratis.thirdparty.io.netty.channel.unix.Errors.newConnectException0(Errors.java:166)
	at org.apache.ratis.thirdparty.io.netty.channel.unix.Errors.handleConnectErrno(Errors.java:131)
	at org.apache.ratis.thirdparty.io.netty.channel.unix.Socket.finishConnect(Socket.java:359)
	at org.apache.ratis.thirdparty.io.netty.channel.epoll.AbstractEpollChannel$AbstractEpollUnsafe.doFinishConnect(AbstractEpollChannel.java:710)
	at org.apache.ratis.thirdparty.io.netty.channel.epoll.AbstractEpollChannel$AbstractEpollUnsafe.finishConnect(AbstractEpollChannel.java:687)
	at org.apache.ratis.thirdparty.io.netty.channel.epoll.AbstractEpollChannel$AbstractEpollUnsafe.epollOutReady(AbstractEpollChannel.java:567)
	at org.apache.ratis.thirdparty.io.netty.channel.epoll.EpollEventLoop.processReady(EpollEventLoop.java:499)
	at org.apache.ratis.thirdparty.io.netty.channel.epoll.EpollEventLoop.run(EpollEventLoop.java:407)
	at org.apache.ratis.thirdparty.io.netty.util.concurrent.SingleThreadEventExecutor$4.run(SingleThreadEventExecutor.java:997)
	at org.apache.ratis.thirdparty.io.netty.util.internal.ThreadExecutorMap$2.run(ThreadExecutorMap.java:74)
	at org.apache.ratis.thirdparty.io.netty.util.concurrent.FastThreadLocalRunnable.run(FastThreadLocalRunnable.java:30)
	at java.base/java.lang.Thread.run(Thread.java:829)
2023-11-20 19:26:45,587 [s2-impl-thread1] INFO  segmented.SegmentedRaftLogWorker (SegmentedRaftLogWorker.java:close(245)) - s2@group-80861D532C92-SegmentedRaftLogWorker close()
2023-11-20 19:26:45,588 [JvmPauseMonitor11] INFO  util.JvmPauseMonitor (JvmPauseMonitor.java:run(152)) - JvmPauseMonitor-s2: Stopped
2023-11-20 19:26:45,593 [s3-impl-thread1] INFO  segmented.SegmentedRaftLogWorker (SegmentedRaftLogWorker.java:close(245)) - s3@group-80861D532C92-SegmentedRaftLogWorker close()
2023-11-20 19:26:45,594 [JvmPauseMonitor12] INFO  util.JvmPauseMonitor (JvmPauseMonitor.java:run(152)) - JvmPauseMonitor-s3: Stopped
2023-11-20 19:26:45,596 [s4-impl-thread1] INFO  segmented.SegmentedRaftLogWorker (SegmentedRaftLogWorker.java:close(245)) - s4@group-80861D532C92-SegmentedRaftLogWorker close()
2023-11-20 19:26:45,596 [JvmPauseMonitor13] INFO  util.JvmPauseMonitor (JvmPauseMonitor.java:run(152)) - JvmPauseMonitor-s4: Stopped
2023-11-20 19:26:45,596 [Time-limited test] INFO  impl.MiniRaftCluster (MiniRaftCluster.java:shutdown(855)) - MiniRaftClusterWithGrpc shutdown completed
]]></system-out>
  </testcase>
</testsuite>