<?xml version="1.0" encoding="UTF-8"?>
<testsuite xmlns:xsi="http://www.w3.org/2001/XMLSchema-instance" xsi:noNamespaceSchemaLocation="https://maven.apache.org/surefire/maven-surefire-plugin/xsd/surefire-test-report.xsd" name="org.apache.ratis.grpc.TestInstallSnapshotNotificationWithGrpc" time="76.132" tests="5" errors="1" skipped="0" failures="0">
  <properties>
    <property name="awt.toolkit" value="sun.awt.X11.XToolkit"/>
    <property name="file.encoding.pkg" value="sun.io"/>
    <property name="java.specification.version" value="1.8"/>
    <property name="sun.cpu.isalist" value=""/>
    <property name="sun.jnu.encoding" value="UTF-8"/>
    <property name="java.class.path" value="/home/runner/work/ratis/ratis/ratis-test/target/test-classes:/home/runner/work/ratis/ratis/ratis-test/target/classes:/home/runner/work/ratis/ratis/ratis-common/target/classes:/home/runner/.m2/repository/org/apache/ratis/ratis-thirdparty-misc/1.0.0/ratis-thirdparty-misc-1.0.0.jar:/home/runner/work/ratis/ratis/ratis-proto/target/ratis-proto-3.0.0-SNAPSHOT.jar:/home/runner/work/ratis/ratis/ratis-common/target/test-classes:/home/runner/work/ratis/ratis/ratis-client/target/classes:/home/runner/work/ratis/ratis/ratis-server/target/classes:/home/runner/work/ratis/ratis/ratis-server-api/target/classes:/home/runner/work/ratis/ratis/ratis-metrics/target/classes:/home/runner/.m2/repository/io/dropwizard/metrics/metrics-jmx/4.2.9/metrics-jmx-4.2.9.jar:/home/runner/work/ratis/ratis/ratis-server/target/test-classes:/home/runner/work/ratis/ratis/ratis-netty/target/classes:/home/runner/work/ratis/ratis/ratis-netty/target/test-classes:/home/runner/work/ratis/ratis/ratis-grpc/target/classes:/home/runner/work/ratis/ratis/ratis-grpc/target/test-classes:/home/runner/.m2/repository/org/slf4j/slf4j-api/1.7.29/slf4j-api-1.7.29.jar:/home/runner/.m2/repository/org/slf4j/slf4j-log4j12/1.7.29/slf4j-log4j12-1.7.29.jar:/home/runner/.m2/repository/log4j/log4j/1.2.17/log4j-1.2.17.jar:/home/runner/.m2/repository/junit/junit/4.13.2/junit-4.13.2.jar:/home/runner/.m2/repository/org/hamcrest/hamcrest-core/1.3/hamcrest-core-1.3.jar:/home/runner/.m2/repository/org/mockito/mockito-core/4.3.1/mockito-core-4.3.1.jar:/home/runner/.m2/repository/net/bytebuddy/byte-buddy/1.12.7/byte-buddy-1.12.7.jar:/home/runner/.m2/repository/net/bytebuddy/byte-buddy-agent/1.12.7/byte-buddy-agent-1.12.7.jar:/home/runner/.m2/repository/org/objenesis/objenesis/3.2/objenesis-3.2.jar:/home/runner/.m2/repository/io/dropwizard/metrics/metrics-jvm/4.2.9/metrics-jvm-4.2.9.jar:/home/runner/.m2/repository/io/dropwizard/metrics/metrics-core/4.2.9/metrics-core-4.2.9.jar:/home/runner/work/ratis/ratis/ratis-shell/target/classes:/home/runner/.m2/repository/commons-cli/commons-cli/1.5.0/commons-cli-1.5.0.jar:/home/runner/.m2/repository/org/reflections/reflections/0.10.2/reflections-0.10.2.jar:/home/runner/.m2/repository/org/javassist/javassist/3.28.0-GA/javassist-3.28.0-GA.jar:/home/runner/.m2/repository/com/google/code/findbugs/jsr305/3.0.2/jsr305-3.0.2.jar:"/>
    <property name="java.vm.vendor" value="Temurin"/>
    <property name="sun.arch.data.model" value="64"/>
    <property name="java.vendor.url" value="https://adoptium.net/"/>
    <property name="user.timezone" value=""/>
    <property name="java.vm.specification.version" value="1.8"/>
    <property name="os.name" value="Linux"/>
    <property name="sun.java.launcher" value="SUN_STANDARD"/>
    <property name="sun.boot.library.path" value="/usr/lib/jvm/temurin-8-jdk-amd64/jre/lib/amd64"/>
    <property name="sun.java.command" value="/home/runner/work/ratis/ratis/ratis-test/target/surefire/surefirebooter6974051348055562758.jar /home/runner/work/ratis/ratis/ratis-test/target/surefire 2022-07-04T07-06-30_048-jvmRun1 surefire3067071803450527345tmp surefire_193174325202429360387tmp"/>
    <property name="surefire.test.class.path" value="/home/runner/work/ratis/ratis/ratis-test/target/test-classes:/home/runner/work/ratis/ratis/ratis-test/target/classes:/home/runner/work/ratis/ratis/ratis-common/target/classes:/home/runner/.m2/repository/org/apache/ratis/ratis-thirdparty-misc/1.0.0/ratis-thirdparty-misc-1.0.0.jar:/home/runner/work/ratis/ratis/ratis-proto/target/ratis-proto-3.0.0-SNAPSHOT.jar:/home/runner/work/ratis/ratis/ratis-common/target/test-classes:/home/runner/work/ratis/ratis/ratis-client/target/classes:/home/runner/work/ratis/ratis/ratis-server/target/classes:/home/runner/work/ratis/ratis/ratis-server-api/target/classes:/home/runner/work/ratis/ratis/ratis-metrics/target/classes:/home/runner/.m2/repository/io/dropwizard/metrics/metrics-jmx/4.2.9/metrics-jmx-4.2.9.jar:/home/runner/work/ratis/ratis/ratis-server/target/test-classes:/home/runner/work/ratis/ratis/ratis-netty/target/classes:/home/runner/work/ratis/ratis/ratis-netty/target/test-classes:/home/runner/work/ratis/ratis/ratis-grpc/target/classes:/home/runner/work/ratis/ratis/ratis-grpc/target/test-classes:/home/runner/.m2/repository/org/slf4j/slf4j-api/1.7.29/slf4j-api-1.7.29.jar:/home/runner/.m2/repository/org/slf4j/slf4j-log4j12/1.7.29/slf4j-log4j12-1.7.29.jar:/home/runner/.m2/repository/log4j/log4j/1.2.17/log4j-1.2.17.jar:/home/runner/.m2/repository/junit/junit/4.13.2/junit-4.13.2.jar:/home/runner/.m2/repository/org/hamcrest/hamcrest-core/1.3/hamcrest-core-1.3.jar:/home/runner/.m2/repository/org/mockito/mockito-core/4.3.1/mockito-core-4.3.1.jar:/home/runner/.m2/repository/net/bytebuddy/byte-buddy/1.12.7/byte-buddy-1.12.7.jar:/home/runner/.m2/repository/net/bytebuddy/byte-buddy-agent/1.12.7/byte-buddy-agent-1.12.7.jar:/home/runner/.m2/repository/org/objenesis/objenesis/3.2/objenesis-3.2.jar:/home/runner/.m2/repository/io/dropwizard/metrics/metrics-jvm/4.2.9/metrics-jvm-4.2.9.jar:/home/runner/.m2/repository/io/dropwizard/metrics/metrics-core/4.2.9/metrics-core-4.2.9.jar:/home/runner/work/ratis/ratis/ratis-shell/target/classes:/home/runner/.m2/repository/commons-cli/commons-cli/1.5.0/commons-cli-1.5.0.jar:/home/runner/.m2/repository/org/reflections/reflections/0.10.2/reflections-0.10.2.jar:/home/runner/.m2/repository/org/javassist/javassist/3.28.0-GA/javassist-3.28.0-GA.jar:/home/runner/.m2/repository/com/google/code/findbugs/jsr305/3.0.2/jsr305-3.0.2.jar:"/>
    <property name="sun.cpu.endian" value="little"/>
    <property name="user.home" value="/home/runner"/>
    <property name="user.language" value="en"/>
    <property name="java.specification.vendor" value="Oracle Corporation"/>
    <property name="java.home" value="/usr/lib/jvm/temurin-8-jdk-amd64/jre"/>
    <property name="basedir" value="/home/runner/work/ratis/ratis/ratis-test"/>
    <property name="file.separator" value="/"/>
    <property name="line.separator" value="&#10;"/>
    <property name="java.vm.specification.vendor" value="Oracle Corporation"/>
    <property name="java.specification.name" value="Java Platform API Specification"/>
    <property name="java.awt.graphicsenv" value="sun.awt.X11GraphicsEnvironment"/>
    <property name="surefire.real.class.path" value="/home/runner/work/ratis/ratis/ratis-test/target/surefire/surefirebooter6974051348055562758.jar"/>
    <property name="sun.boot.class.path" value="/usr/lib/jvm/temurin-8-jdk-amd64/jre/lib/resources.jar:/usr/lib/jvm/temurin-8-jdk-amd64/jre/lib/rt.jar:/usr/lib/jvm/temurin-8-jdk-amd64/jre/lib/sunrsasign.jar:/usr/lib/jvm/temurin-8-jdk-amd64/jre/lib/jsse.jar:/usr/lib/jvm/temurin-8-jdk-amd64/jre/lib/jce.jar:/usr/lib/jvm/temurin-8-jdk-amd64/jre/lib/charsets.jar:/usr/lib/jvm/temurin-8-jdk-amd64/jre/lib/jfr.jar:/usr/lib/jvm/temurin-8-jdk-amd64/jre/classes"/>
    <property name="sun.management.compiler" value="HotSpot 64-Bit Tiered Compilers"/>
    <property name="java.runtime.version" value="1.8.0_332-b09"/>
    <property name="java.net.preferIPv4Stack" value="true"/>
    <property name="user.name" value="runner"/>
    <property name="path.separator" value=":"/>
    <property name="os.version" value="5.4.0-1085-azure"/>
    <property name="java.endorsed.dirs" value="/usr/lib/jvm/temurin-8-jdk-amd64/jre/lib/endorsed"/>
    <property name="java.runtime.name" value="OpenJDK Runtime Environment"/>
    <property name="file.encoding" value="UTF-8"/>
    <property name="java.vm.name" value="OpenJDK 64-Bit Server VM"/>
    <property name="localRepository" value="/home/runner/.m2/repository"/>
    <property name="java.vendor.url.bug" value="https://github.com/adoptium/adoptium-support/issues"/>
    <property name="java.io.tmpdir" value="/tmp"/>
    <property name="java.version" value="1.8.0_332"/>
    <property name="user.dir" value="/home/runner/work/ratis/ratis/ratis-test"/>
    <property name="os.arch" value="amd64"/>
    <property name="ratis.tmp.dir" value="/home/runner/work/ratis/ratis/ratis-test/target/tmp"/>
    <property name="java.vm.specification.name" value="Java Virtual Machine Specification"/>
    <property name="java.awt.printerjob" value="sun.print.PSPrinterJob"/>
    <property name="ratis.log.dir" value="/home/runner/work/ratis/ratis/ratis-test/target/log"/>
    <property name="sun.os.patch.level" value="unknown"/>
    <property name="java.library.path" value="/usr/java/packages/lib/amd64:/usr/lib64:/lib64:/lib:/usr/lib"/>
    <property name="java.vm.info" value="mixed mode"/>
    <property name="java.vendor" value="Temurin"/>
    <property name="java.vm.version" value="25.332-b09"/>
    <property name="java.ext.dirs" value="/usr/lib/jvm/temurin-8-jdk-amd64/jre/lib/ext:/usr/java/packages/lib/ext"/>
    <property name="sun.io.unicode.encoding" value="UnicodeLittle"/>
    <property name="java.class.version" value="52.0"/>
  </properties>
  <testcase name="testAddNewFollowers" classname="org.apache.ratis.grpc.TestInstallSnapshotNotificationWithGrpc" time="4.491"/>
  <testcase name="testInstallSnapshotDuringBootstrap" classname="org.apache.ratis.grpc.TestInstallSnapshotNotificationWithGrpc" time="2.054"/>
  <testcase name="testInstallSnapshotFinishedEvent" classname="org.apache.ratis.grpc.TestInstallSnapshotNotificationWithGrpc" time="2.933"/>
  <testcase name="testRestartFollower" classname="org.apache.ratis.grpc.TestInstallSnapshotNotificationWithGrpc" time="62.839">
    <error message="s1@group-B582808378DD-SegmentedRaftLog is expected to be opened but it is CLOSED" type="java.lang.IllegalArgumentException">java.lang.IllegalArgumentException: s1@group-B582808378DD-SegmentedRaftLog is expected to be opened but it is CLOSED
	at org.apache.ratis.util.OpenCloseState.assertOpen(OpenCloseState.java:63)
	at org.apache.ratis.server.raftlog.RaftLogBase.checkLogState(RaftLogBase.java:109)
	at org.apache.ratis.server.raftlog.segmented.SegmentedRaftLog.getLastEntryTermIndex(SegmentedRaftLog.java:340)
	at org.apache.ratis.server.raftlog.RaftLog.getNextIndex(RaftLog.java:83)
	at org.apache.ratis.InstallSnapshotNotificationTests.testRestartFollower(InstallSnapshotNotificationTests.java:266)
	at org.apache.ratis.server.impl.MiniRaftCluster$Factory$Get.runWithNewCluster(MiniRaftCluster.java:125)
	at org.apache.ratis.server.impl.MiniRaftCluster$Factory$Get.runWithNewCluster(MiniRaftCluster.java:113)
	at org.apache.ratis.InstallSnapshotNotificationTests.testRestartFollower(InstallSnapshotNotificationTests.java:249)
	at sun.reflect.NativeMethodAccessorImpl.invoke0(Native Method)
	at sun.reflect.NativeMethodAccessorImpl.invoke(NativeMethodAccessorImpl.java:62)
	at sun.reflect.DelegatingMethodAccessorImpl.invoke(DelegatingMethodAccessorImpl.java:43)
	at java.lang.reflect.Method.invoke(Method.java:498)
	at org.junit.runners.model.FrameworkMethod$1.runReflectiveCall(FrameworkMethod.java:59)
	at org.junit.internal.runners.model.ReflectiveCallable.run(ReflectiveCallable.java:12)
	at org.junit.runners.model.FrameworkMethod.invokeExplosively(FrameworkMethod.java:56)
	at org.junit.internal.runners.statements.InvokeMethod.evaluate(InvokeMethod.java:17)
	at org.junit.internal.runners.statements.RunAfters.evaluate(RunAfters.java:27)
	at org.junit.internal.runners.statements.FailOnTimeout$CallableStatement.call(FailOnTimeout.java:299)
	at org.junit.internal.runners.statements.FailOnTimeout$CallableStatement.call(FailOnTimeout.java:293)
	at java.util.concurrent.FutureTask.run(FutureTask.java:266)
	at java.lang.Thread.run(Thread.java:750)
Caused by: org.apache.ratis.util.OpenCloseState$CloseTrace: Close s1@group-B582808378DD-SegmentedRaftLog
	at org.apache.ratis.util.OpenCloseState.lambda$close$1(OpenCloseState.java:109)
	at java.util.concurrent.atomic.AtomicReference.getAndUpdate(AtomicReference.java:160)
	at org.apache.ratis.util.OpenCloseState.close(OpenCloseState.java:109)
	at org.apache.ratis.server.raftlog.RaftLogBase.close(RaftLogBase.java:358)
	at org.apache.ratis.server.raftlog.segmented.SegmentedRaftLog.close(SegmentedRaftLog.java:506)
	at org.apache.ratis.server.impl.ServerState.close(ServerState.java:435)
	at org.apache.ratis.server.impl.RaftServerImpl.lambda$close$4(RaftServerImpl.java:456)
	at org.apache.ratis.util.LifeCycle.lambda$checkStateAndClose$4(LifeCycle.java:299)
	at org.apache.ratis.util.LifeCycle.checkStateAndClose(LifeCycle.java:319)
	at org.apache.ratis.util.LifeCycle.checkStateAndClose(LifeCycle.java:297)
	at org.apache.ratis.server.impl.RaftServerImpl.close(RaftServerImpl.java:433)
	at org.apache.ratis.server.impl.StateMachineUpdater.run(StateMachineUpdater.java:195)
	... 1 more
</error>
    <system-out><![CDATA[2022-07-04 07:12:31,689 [main] INFO  util.LogUtils (Log4jUtils.java:setLogLevel(32)) - Set org.apache.ratis.conf.ConfUtils log level to WARN
2022-07-04 07:12:31,689 [main] INFO  util.LogUtils (Log4jUtils.java:setLogLevel(32)) - Set org.apache.ratis.util.FileUtils log level to TRACE
2022-07-04 07:12:31,689 [main] INFO  util.LogUtils (Log4jUtils.java:setLogLevel(32)) - Set org.apache.ratis.server.raftlog.RaftLog log level to DEBUG
2022-07-04 07:12:31,690 [Time-limited test] INFO  impl.MiniRaftCluster (MiniRaftCluster.java:runWithNewCluster(119)) - Running runWithNewCluster
2022-07-04 07:12:31,690 [Time-limited test] INFO  impl.MiniRaftCluster (MiniRaftCluster.java:<init>(272)) - new MiniRaftClusterWithGrpc with group-B582808378DD:[s0|rpc:localhost:46829|admin:localhost:33081|client:localhost:38933|dataStream:localhost:36389|priority:0, s1|rpc:localhost:35835|admin:localhost:38689|client:localhost:45855|dataStream:localhost:35069|priority:0, s2|rpc:localhost:38547|admin:localhost:37085|client:localhost:34761|dataStream:localhost:32867|priority:0]
2022-07-04 07:12:31,690 [Time-limited test] INFO  impl.MiniRaftCluster (MiniRaftCluster.java:start(315)) - .............................................................. 
2022-07-04 07:12:31,690 [Time-limited test] INFO  impl.MiniRaftCluster (MiniRaftCluster.java:start(316)) - ... 
2022-07-04 07:12:31,690 [Time-limited test] INFO  impl.MiniRaftCluster (MiniRaftCluster.java:start(317)) - ...     Starting MiniRaftClusterWithGrpc
2022-07-04 07:12:31,690 [Time-limited test] INFO  impl.MiniRaftCluster (MiniRaftCluster.java:start(318)) - ... 
2022-07-04 07:12:31,691 [Time-limited test] INFO  impl.MiniRaftCluster (MiniRaftCluster.java:start(319)) - .............................................................. 
2022-07-04 07:12:31,691 [Time-limited test] INFO  impl.MiniRaftCluster (MiniRaftCluster.java:initServers(284)) - servers = {}
2022-07-04 07:12:31,691 [Time-limited test] INFO  impl.MiniRaftCluster (MiniRaftCluster.java:newRaftServer(358)) - newRaftServer: s0, group-B582808378DD:[s0|rpc:localhost:46829|admin:localhost:33081|client:localhost:38933|dataStream:localhost:36389|priority:0, s1|rpc:localhost:35835|admin:localhost:38689|client:localhost:45855|dataStream:localhost:35069|priority:0, s2|rpc:localhost:38547|admin:localhost:37085|client:localhost:34761|dataStream:localhost:32867|priority:0], format? true
2022-07-04 07:12:31,691 [Time-limited test] TRACE util.FileUtils (FileUtils.java:deleteFully(162)) - deleteFully target/test/data/213e9af5/MiniRaftClusterWithGrpc2dae160b/s0
2022-07-04 07:12:31,691 [Time-limited test] TRACE util.FileUtils (FileUtils.java:deleteFully(178)) - deleteFully: target/test/data/213e9af5/MiniRaftClusterWithGrpc2dae160b/s0 does not exist.
2022-07-04 07:12:31,691 [Time-limited test] INFO  impl.MiniRaftCluster (MiniRaftCluster.java:newRaftServer(363)) - Formatted directory target/test/data/213e9af5/MiniRaftClusterWithGrpc2dae160b/s0
2022-07-04 07:12:31,691 [Time-limited test] INFO  server.RaftServer (ConfUtils.java:logGet(46)) - raft.rpc.type = GRPC (default)
2022-07-04 07:12:31,691 [Time-limited test] INFO  grpc.GrpcFactory (GrpcFactory.java:checkPooledByteBufAllocatorUseCacheForAllThreads(48)) - PERFORMANCE WARNING: useCacheForAllThreads is true that may cause Netty to create a lot garbage objects and, as a result, trigger GC.
	It is recommended to disable useCacheForAllThreads by setting -Dorg.apache.ratis.thirdparty.io.netty.allocator.useCacheForAllThreads=false in command line.
2022-07-04 07:12:31,691 [Time-limited test] INFO  grpc.GrpcConfigKeys (ConfUtils.java:logGet(46)) - raft.grpc.admin.port = 33081 (custom)
2022-07-04 07:12:31,691 [Time-limited test] INFO  grpc.GrpcConfigKeys (ConfUtils.java:logGet(46)) - raft.grpc.client.port = 38933 (custom)
2022-07-04 07:12:31,692 [Time-limited test] INFO  grpc.GrpcConfigKeys (ConfUtils.java:logGet(46)) - raft.grpc.server.port = 46829 (custom)
2022-07-04 07:12:31,692 [Time-limited test] INFO  server.GrpcService (ConfUtils.java:logGet(46)) - raft.grpc.message.size.max = 64MB (=67108864) (default)
2022-07-04 07:12:31,692 [Time-limited test] INFO  server.RaftServerConfigKeys (ConfUtils.java:logGet(46)) - raft.server.log.appender.buffer.byte-limit = 4MB (=4194304) (default)
2022-07-04 07:12:31,692 [Time-limited test] INFO  server.GrpcService (ConfUtils.java:logGet(46)) - raft.grpc.flow.control.window = 1MB (=1048576) (default)
2022-07-04 07:12:31,692 [Time-limited test] INFO  server.RaftServerConfigKeys (ConfUtils.java:logGet(46)) - raft.server.rpc.request.timeout = 3000ms (default)
2022-07-04 07:12:31,692 [Time-limited test] INFO  grpc.GrpcConfigKeys (ConfUtils.java:logGet(46)) - raft.grpc.server.async.request.thread.pool.cached = true (default)
2022-07-04 07:12:31,692 [Time-limited test] INFO  grpc.GrpcConfigKeys (ConfUtils.java:logGet(46)) - raft.grpc.server.async.request.thread.pool.size = 32 (default)
2022-07-04 07:12:31,693 [Time-limited test] INFO  impl.DataStreamServerImpl (ConfUtils.java:logGet(46)) - raft.datastream.type = DISABLED (default)
2022-07-04 07:12:31,693 [Time-limited test] INFO  server.RaftServerConfigKeys (ConfUtils.java:logGet(46)) - raft.server.threadpool.proxy.cached = true (default)
2022-07-04 07:12:31,693 [Time-limited test] INFO  server.RaftServerConfigKeys (ConfUtils.java:logGet(46)) - raft.server.threadpool.proxy.size = 0 (default)
2022-07-04 07:12:31,693 [Time-limited test] INFO  server.RaftServerConfigKeys (ConfUtils.java:logGet(46)) - raft.server.rpc.slowness.timeout = 60s (default)
2022-07-04 07:12:31,693 [Time-limited test] INFO  server.RaftServerConfigKeys (ConfUtils.java:logGet(46)) - raft.server.leaderelection.leader.step-down.wait-time = 10s (default)
2022-07-04 07:12:31,693 [Time-limited test] INFO  server.RaftServerConfigKeys (ConfUtils.java:logGet(46)) - raft.server.storage.dir = [/home/runner/work/ratis/ratis/ratis-test/target/test/data/213e9af5/MiniRaftClusterWithGrpc2dae160b/s0] (custom)
2022-07-04 07:12:31,694 [Time-limited test] INFO  server.RaftServer (RaftServerProxy.java:addNew(96)) - s0: addNew group-B582808378DD:[s0|rpc:localhost:46829|admin:localhost:33081|client:localhost:38933|dataStream:localhost:36389|priority:0, s1|rpc:localhost:35835|admin:localhost:38689|client:localhost:45855|dataStream:localhost:35069|priority:0, s2|rpc:localhost:38547|admin:localhost:37085|client:localhost:34761|dataStream:localhost:32867|priority:0] returns group-B582808378DD:java.util.concurrent.CompletableFuture@4cc4033d[Not completed]
2022-07-04 07:12:31,694 [Time-limited test] INFO  impl.MiniRaftCluster (MiniRaftCluster.java:newRaftServer(358)) - newRaftServer: s1, group-B582808378DD:[s0|rpc:localhost:46829|admin:localhost:33081|client:localhost:38933|dataStream:localhost:36389|priority:0, s1|rpc:localhost:35835|admin:localhost:38689|client:localhost:45855|dataStream:localhost:35069|priority:0, s2|rpc:localhost:38547|admin:localhost:37085|client:localhost:34761|dataStream:localhost:32867|priority:0], format? true
2022-07-04 07:12:31,694 [Time-limited test] TRACE util.FileUtils (FileUtils.java:deleteFully(162)) - deleteFully target/test/data/213e9af5/MiniRaftClusterWithGrpc2dae160b/s1
2022-07-04 07:12:31,694 [pool-15-thread-1] INFO  server.RaftServerConfigKeys (ConfUtils.java:logGet(46)) - raft.server.log.segment.size.max = 8MB (=8388608) (default)
2022-07-04 07:12:31,694 [pool-15-thread-1] INFO  server.RaftServerConfigKeys (ConfUtils.java:logGet(46)) - raft.server.log.preallocated.size = 4MB (=4194304) (default)
2022-07-04 07:12:31,695 [pool-15-thread-1] INFO  server.RaftServerConfigKeys (ConfUtils.java:logGet(46)) - raft.server.log.write.buffer.size = 64KB (=65536) (default)
2022-07-04 07:12:31,694 [Time-limited test] TRACE util.FileUtils (FileUtils.java:deleteFully(178)) - deleteFully: target/test/data/213e9af5/MiniRaftClusterWithGrpc2dae160b/s1 does not exist.
2022-07-04 07:12:31,695 [Time-limited test] INFO  impl.MiniRaftCluster (MiniRaftCluster.java:newRaftServer(363)) - Formatted directory target/test/data/213e9af5/MiniRaftClusterWithGrpc2dae160b/s1
2022-07-04 07:12:31,695 [pool-15-thread-1] INFO  server.RaftServer$Division (RaftServerImpl.java:<init>(190)) - s0: new RaftServerImpl for group-B582808378DD:[s0|rpc:localhost:46829|admin:localhost:33081|client:localhost:38933|dataStream:localhost:36389|priority:0, s1|rpc:localhost:35835|admin:localhost:38689|client:localhost:45855|dataStream:localhost:35069|priority:0, s2|rpc:localhost:38547|admin:localhost:37085|client:localhost:34761|dataStream:localhost:32867|priority:0] with StateMachine4InstallSnapshotNotificationTests:uninitialized
2022-07-04 07:12:31,695 [pool-15-thread-1] INFO  server.RaftServerConfigKeys (ConfUtils.java:logGet(46)) - raft.server.rpc.timeout.min = 150ms (default)
2022-07-04 07:12:31,695 [pool-15-thread-1] INFO  server.RaftServerConfigKeys (ConfUtils.java:logGet(46)) - raft.server.rpc.timeout.max = 300ms (default)
2022-07-04 07:12:31,695 [pool-15-thread-1] INFO  server.RaftServerConfigKeys (ConfUtils.java:logGet(46)) - raft.server.rpc.sleep.time = 25ms (default)
2022-07-04 07:12:31,695 [Time-limited test] INFO  server.RaftServer (ConfUtils.java:logGet(46)) - raft.rpc.type = GRPC (default)
2022-07-04 07:12:31,695 [pool-15-thread-1] INFO  server.RaftServerConfigKeys (ConfUtils.java:logGet(46)) - raft.server.rpc.slowness.timeout = 60s (default)
2022-07-04 07:12:31,695 [Time-limited test] INFO  grpc.GrpcFactory (GrpcFactory.java:checkPooledByteBufAllocatorUseCacheForAllThreads(48)) - PERFORMANCE WARNING: useCacheForAllThreads is true that may cause Netty to create a lot garbage objects and, as a result, trigger GC.
	It is recommended to disable useCacheForAllThreads by setting -Dorg.apache.ratis.thirdparty.io.netty.allocator.useCacheForAllThreads=false in command line.
2022-07-04 07:12:31,695 [pool-15-thread-1] INFO  server.RaftServerConfigKeys (ConfUtils.java:logGet(46)) - raft.server.leaderelection.leader.step-down.wait-time = 10s (default)
2022-07-04 07:12:31,695 [Time-limited test] INFO  grpc.GrpcConfigKeys (ConfUtils.java:logGet(46)) - raft.grpc.admin.port = 38689 (custom)
2022-07-04 07:12:31,695 [pool-15-thread-1] INFO  server.RaftServerConfigKeys (ConfUtils.java:logGet(46)) - raft.server.sleep.deviation.threshold = 300ms (default)
2022-07-04 07:12:31,695 [Time-limited test] INFO  grpc.GrpcConfigKeys (ConfUtils.java:logGet(46)) - raft.grpc.client.port = 45855 (custom)
2022-07-04 07:12:31,695 [Time-limited test] INFO  grpc.GrpcConfigKeys (ConfUtils.java:logGet(46)) - raft.grpc.server.port = 35835 (custom)
2022-07-04 07:12:31,695 [Time-limited test] INFO  server.GrpcService (ConfUtils.java:logGet(46)) - raft.grpc.message.size.max = 64MB (=67108864) (default)
2022-07-04 07:12:31,696 [Time-limited test] INFO  server.RaftServerConfigKeys (ConfUtils.java:logGet(46)) - raft.server.log.appender.buffer.byte-limit = 4MB (=4194304) (default)
2022-07-04 07:12:31,696 [Time-limited test] INFO  server.GrpcService (ConfUtils.java:logGet(46)) - raft.grpc.flow.control.window = 1MB (=1048576) (default)
2022-07-04 07:12:31,695 [pool-15-thread-1] INFO  server.RaftServer$Division (ServerState.java:<init>(107)) - s0@group-B582808378DD: ConfigurationManager, init=-1: [s0|rpc:localhost:46829|admin:localhost:33081|client:localhost:38933|dataStream:localhost:36389|priority:0, s1|rpc:localhost:35835|admin:localhost:38689|client:localhost:45855|dataStream:localhost:35069|priority:0, s2|rpc:localhost:38547|admin:localhost:37085|client:localhost:34761|dataStream:localhost:32867|priority:0], old=null, confs=<EMPTY_MAP>
2022-07-04 07:12:31,696 [Time-limited test] INFO  server.RaftServerConfigKeys (ConfUtils.java:logGet(46)) - raft.server.rpc.request.timeout = 3000ms (default)
2022-07-04 07:12:31,696 [pool-15-thread-1] INFO  server.RaftServerConfigKeys (ConfUtils.java:logGet(46)) - raft.server.storage.dir = [/home/runner/work/ratis/ratis/ratis-test/target/test/data/213e9af5/MiniRaftClusterWithGrpc2dae160b/s0] (custom)
2022-07-04 07:12:31,696 [Time-limited test] INFO  grpc.GrpcConfigKeys (ConfUtils.java:logGet(46)) - raft.grpc.server.async.request.thread.pool.cached = true (default)
2022-07-04 07:12:31,696 [Time-limited test] INFO  grpc.GrpcConfigKeys (ConfUtils.java:logGet(46)) - raft.grpc.server.async.request.thread.pool.size = 32 (default)
2022-07-04 07:12:31,696 [pool-15-thread-1] INFO  server.RaftServerConfigKeys (ConfUtils.java:logGet(46)) - raft.server.log.corruption.policy = EXCEPTION (default)
2022-07-04 07:12:31,696 [pool-15-thread-1] INFO  server.RaftServerConfigKeys (ConfUtils.java:logGet(46)) - raft.server.storage.free-space.min = 0MB (=0) (default)
2022-07-04 07:12:31,697 [Time-limited test] INFO  impl.DataStreamServerImpl (ConfUtils.java:logGet(46)) - raft.datastream.type = DISABLED (default)
2022-07-04 07:12:31,697 [Time-limited test] INFO  server.RaftServerConfigKeys (ConfUtils.java:logGet(46)) - raft.server.threadpool.proxy.cached = true (default)
2022-07-04 07:12:31,697 [Time-limited test] INFO  server.RaftServerConfigKeys (ConfUtils.java:logGet(46)) - raft.server.threadpool.proxy.size = 0 (default)
2022-07-04 07:12:31,697 [Time-limited test] INFO  server.RaftServerConfigKeys (ConfUtils.java:logGet(46)) - raft.server.rpc.slowness.timeout = 60s (default)
2022-07-04 07:12:31,697 [Time-limited test] INFO  server.RaftServerConfigKeys (ConfUtils.java:logGet(46)) - raft.server.leaderelection.leader.step-down.wait-time = 10s (default)
2022-07-04 07:12:31,697 [Time-limited test] INFO  server.RaftServerConfigKeys (ConfUtils.java:logGet(46)) - raft.server.storage.dir = [/home/runner/work/ratis/ratis/ratis-test/target/test/data/213e9af5/MiniRaftClusterWithGrpc2dae160b/s1] (custom)
2022-07-04 07:12:31,698 [Time-limited test] INFO  server.RaftServer (RaftServerProxy.java:addNew(96)) - s1: addNew group-B582808378DD:[s0|rpc:localhost:46829|admin:localhost:33081|client:localhost:38933|dataStream:localhost:36389|priority:0, s1|rpc:localhost:35835|admin:localhost:38689|client:localhost:45855|dataStream:localhost:35069|priority:0, s2|rpc:localhost:38547|admin:localhost:37085|client:localhost:34761|dataStream:localhost:32867|priority:0] returns group-B582808378DD:java.util.concurrent.CompletableFuture@405ad2af[Not completed]
2022-07-04 07:12:31,698 [Time-limited test] INFO  impl.MiniRaftCluster (MiniRaftCluster.java:newRaftServer(358)) - newRaftServer: s2, group-B582808378DD:[s0|rpc:localhost:46829|admin:localhost:33081|client:localhost:38933|dataStream:localhost:36389|priority:0, s1|rpc:localhost:35835|admin:localhost:38689|client:localhost:45855|dataStream:localhost:35069|priority:0, s2|rpc:localhost:38547|admin:localhost:37085|client:localhost:34761|dataStream:localhost:32867|priority:0], format? true
2022-07-04 07:12:31,698 [Time-limited test] TRACE util.FileUtils (FileUtils.java:deleteFully(162)) - deleteFully target/test/data/213e9af5/MiniRaftClusterWithGrpc2dae160b/s2
2022-07-04 07:12:31,698 [Time-limited test] TRACE util.FileUtils (FileUtils.java:deleteFully(178)) - deleteFully: target/test/data/213e9af5/MiniRaftClusterWithGrpc2dae160b/s2 does not exist.
2022-07-04 07:12:31,698 [Time-limited test] INFO  impl.MiniRaftCluster (MiniRaftCluster.java:newRaftServer(363)) - Formatted directory target/test/data/213e9af5/MiniRaftClusterWithGrpc2dae160b/s2
2022-07-04 07:12:31,698 [Time-limited test] INFO  server.RaftServer (ConfUtils.java:logGet(46)) - raft.rpc.type = GRPC (default)
2022-07-04 07:12:31,698 [Time-limited test] INFO  grpc.GrpcFactory (GrpcFactory.java:checkPooledByteBufAllocatorUseCacheForAllThreads(48)) - PERFORMANCE WARNING: useCacheForAllThreads is true that may cause Netty to create a lot garbage objects and, as a result, trigger GC.
	It is recommended to disable useCacheForAllThreads by setting -Dorg.apache.ratis.thirdparty.io.netty.allocator.useCacheForAllThreads=false in command line.
2022-07-04 07:12:31,698 [Time-limited test] INFO  grpc.GrpcConfigKeys (ConfUtils.java:logGet(46)) - raft.grpc.admin.port = 37085 (custom)
2022-07-04 07:12:31,698 [Time-limited test] INFO  grpc.GrpcConfigKeys (ConfUtils.java:logGet(46)) - raft.grpc.client.port = 34761 (custom)
2022-07-04 07:12:31,698 [Time-limited test] INFO  grpc.GrpcConfigKeys (ConfUtils.java:logGet(46)) - raft.grpc.server.port = 38547 (custom)
2022-07-04 07:12:31,698 [Time-limited test] INFO  server.GrpcService (ConfUtils.java:logGet(46)) - raft.grpc.message.size.max = 64MB (=67108864) (default)
2022-07-04 07:12:31,698 [Time-limited test] INFO  server.RaftServerConfigKeys (ConfUtils.java:logGet(46)) - raft.server.log.appender.buffer.byte-limit = 4MB (=4194304) (default)
2022-07-04 07:12:31,698 [Time-limited test] INFO  server.GrpcService (ConfUtils.java:logGet(46)) - raft.grpc.flow.control.window = 1MB (=1048576) (default)
2022-07-04 07:12:31,698 [Time-limited test] INFO  server.RaftServerConfigKeys (ConfUtils.java:logGet(46)) - raft.server.rpc.request.timeout = 3000ms (default)
2022-07-04 07:12:31,699 [Time-limited test] INFO  grpc.GrpcConfigKeys (ConfUtils.java:logGet(46)) - raft.grpc.server.async.request.thread.pool.cached = true (default)
2022-07-04 07:12:31,699 [Time-limited test] INFO  grpc.GrpcConfigKeys (ConfUtils.java:logGet(46)) - raft.grpc.server.async.request.thread.pool.size = 32 (default)
2022-07-04 07:12:31,700 [pool-16-thread-1] INFO  server.RaftServerConfigKeys (ConfUtils.java:logGet(46)) - raft.server.log.segment.size.max = 8MB (=8388608) (default)
2022-07-04 07:12:31,700 [pool-16-thread-1] INFO  server.RaftServerConfigKeys (ConfUtils.java:logGet(46)) - raft.server.log.preallocated.size = 4MB (=4194304) (default)
2022-07-04 07:12:31,700 [pool-16-thread-1] INFO  server.RaftServerConfigKeys (ConfUtils.java:logGet(46)) - raft.server.log.write.buffer.size = 64KB (=65536) (default)
2022-07-04 07:12:31,700 [pool-16-thread-1] INFO  server.RaftServer$Division (RaftServerImpl.java:<init>(190)) - s1: new RaftServerImpl for group-B582808378DD:[s0|rpc:localhost:46829|admin:localhost:33081|client:localhost:38933|dataStream:localhost:36389|priority:0, s1|rpc:localhost:35835|admin:localhost:38689|client:localhost:45855|dataStream:localhost:35069|priority:0, s2|rpc:localhost:38547|admin:localhost:37085|client:localhost:34761|dataStream:localhost:32867|priority:0] with StateMachine4InstallSnapshotNotificationTests:uninitialized
2022-07-04 07:12:31,700 [pool-16-thread-1] INFO  server.RaftServerConfigKeys (ConfUtils.java:logGet(46)) - raft.server.rpc.timeout.min = 150ms (default)
2022-07-04 07:12:31,700 [pool-16-thread-1] INFO  server.RaftServerConfigKeys (ConfUtils.java:logGet(46)) - raft.server.rpc.timeout.max = 300ms (default)
2022-07-04 07:12:31,700 [pool-16-thread-1] INFO  server.RaftServerConfigKeys (ConfUtils.java:logGet(46)) - raft.server.rpc.sleep.time = 25ms (default)
2022-07-04 07:12:31,700 [pool-16-thread-1] INFO  server.RaftServerConfigKeys (ConfUtils.java:logGet(46)) - raft.server.rpc.slowness.timeout = 60s (default)
2022-07-04 07:12:31,700 [pool-16-thread-1] INFO  server.RaftServerConfigKeys (ConfUtils.java:logGet(46)) - raft.server.leaderelection.leader.step-down.wait-time = 10s (default)
2022-07-04 07:12:31,700 [pool-16-thread-1] INFO  server.RaftServerConfigKeys (ConfUtils.java:logGet(46)) - raft.server.sleep.deviation.threshold = 300ms (default)
2022-07-04 07:12:31,700 [Time-limited test] INFO  impl.DataStreamServerImpl (ConfUtils.java:logGet(46)) - raft.datastream.type = DISABLED (default)
2022-07-04 07:12:31,700 [Time-limited test] INFO  server.RaftServerConfigKeys (ConfUtils.java:logGet(46)) - raft.server.threadpool.proxy.cached = true (default)
2022-07-04 07:12:31,700 [Time-limited test] INFO  server.RaftServerConfigKeys (ConfUtils.java:logGet(46)) - raft.server.threadpool.proxy.size = 0 (default)
2022-07-04 07:12:31,700 [Time-limited test] INFO  server.RaftServerConfigKeys (ConfUtils.java:logGet(46)) - raft.server.rpc.slowness.timeout = 60s (default)
2022-07-04 07:12:31,700 [Time-limited test] INFO  server.RaftServerConfigKeys (ConfUtils.java:logGet(46)) - raft.server.leaderelection.leader.step-down.wait-time = 10s (default)
2022-07-04 07:12:31,700 [Time-limited test] INFO  server.RaftServerConfigKeys (ConfUtils.java:logGet(46)) - raft.server.storage.dir = [/home/runner/work/ratis/ratis/ratis-test/target/test/data/213e9af5/MiniRaftClusterWithGrpc2dae160b/s2] (custom)
2022-07-04 07:12:31,701 [pool-16-thread-1] INFO  server.RaftServer$Division (ServerState.java:<init>(107)) - s1@group-B582808378DD: ConfigurationManager, init=-1: [s0|rpc:localhost:46829|admin:localhost:33081|client:localhost:38933|dataStream:localhost:36389|priority:0, s1|rpc:localhost:35835|admin:localhost:38689|client:localhost:45855|dataStream:localhost:35069|priority:0, s2|rpc:localhost:38547|admin:localhost:37085|client:localhost:34761|dataStream:localhost:32867|priority:0], old=null, confs=<EMPTY_MAP>
2022-07-04 07:12:31,701 [pool-16-thread-1] INFO  server.RaftServerConfigKeys (ConfUtils.java:logGet(46)) - raft.server.storage.dir = [/home/runner/work/ratis/ratis/ratis-test/target/test/data/213e9af5/MiniRaftClusterWithGrpc2dae160b/s1] (custom)
2022-07-04 07:12:31,701 [pool-16-thread-1] INFO  server.RaftServerConfigKeys (ConfUtils.java:logGet(46)) - raft.server.log.corruption.policy = EXCEPTION (default)
2022-07-04 07:12:31,701 [pool-16-thread-1] INFO  server.RaftServerConfigKeys (ConfUtils.java:logGet(46)) - raft.server.storage.free-space.min = 0MB (=0) (default)
2022-07-04 07:12:31,701 [pool-15-thread-1] INFO  storage.RaftStorageDirectory (RaftStorageDirectoryImpl.java:analyzeStorage(136)) - The storage directory /home/runner/work/ratis/ratis/ratis-test/target/test/data/213e9af5/MiniRaftClusterWithGrpc2dae160b/s0/2e090e8e-e906-4c9f-8430-b582808378dd does not exist. Creating ...
2022-07-04 07:12:31,701 [pool-16-thread-1] INFO  storage.RaftStorageDirectory (RaftStorageDirectoryImpl.java:analyzeStorage(136)) - The storage directory /home/runner/work/ratis/ratis/ratis-test/target/test/data/213e9af5/MiniRaftClusterWithGrpc2dae160b/s1/2e090e8e-e906-4c9f-8430-b582808378dd does not exist. Creating ...
2022-07-04 07:12:31,702 [pool-16-thread-1] TRACE util.FileUtils (LogUtils.java:runAndLog(49)) - Successfully ran Files.createDirectories /home/runner/work/ratis/ratis/ratis-test/target/test/data/213e9af5/MiniRaftClusterWithGrpc2dae160b/s1/2e090e8e-e906-4c9f-8430-b582808378dd
2022-07-04 07:12:31,702 [pool-16-thread-1] INFO  storage.RaftStorageDirectory (RaftStorageDirectoryImpl.java:tryLock(230)) - Lock on /home/runner/work/ratis/ratis/ratis-test/target/test/data/213e9af5/MiniRaftClusterWithGrpc2dae160b/s1/2e090e8e-e906-4c9f-8430-b582808378dd/in_use.lock acquired by nodename 13571@fv-az174-386.bnisdyzmyzuelae0rluzdxgyda.gx.internal.cloudapp.net
2022-07-04 07:12:31,703 [pool-16-thread-1] TRACE util.FileUtils (LogUtils.java:runAndLog(49)) - Successfully ran Files.createDirectories /home/runner/work/ratis/ratis/ratis-test/target/test/data/213e9af5/MiniRaftClusterWithGrpc2dae160b/s1/2e090e8e-e906-4c9f-8430-b582808378dd/current
2022-07-04 07:12:31,703 [pool-16-thread-1] TRACE util.FileUtils (LogUtils.java:runAndLog(49)) - Successfully ran Files.createDirectories /home/runner/work/ratis/ratis/ratis-test/target/test/data/213e9af5/MiniRaftClusterWithGrpc2dae160b/s1/2e090e8e-e906-4c9f-8430-b582808378dd/sm
2022-07-04 07:12:31,703 [pool-16-thread-1] INFO  storage.RaftStorage (RaftStorageImpl.java:format(79)) - Storage directory /home/runner/work/ratis/ratis/ratis-test/target/test/data/213e9af5/MiniRaftClusterWithGrpc2dae160b/s1/2e090e8e-e906-4c9f-8430-b582808378dd has been successfully formatted.
2022-07-04 07:12:31,703 [pool-16-thread-1] INFO  statemachine.SimpleStateMachine4Testing (SimpleStateMachine4Testing.java:initialize(212)) - Initializing StateMachine4InstallSnapshotNotificationTests:uninitialized
2022-07-04 07:12:31,704 [pool-16-thread-1] INFO  statemachine.SimpleStateMachine4Testing (SimpleStateMachine4Testing.java:loadSnapshot(306)) - The snapshot file null does not exist
2022-07-04 07:12:31,704 [pool-16-thread-1] INFO  server.RaftServerConfigKeys (ConfUtils.java:logGet(46)) - raft.server.notification.no-leader.timeout = 60s (default)
2022-07-04 07:12:31,704 [pool-16-thread-1] INFO  server.RaftServerConfigKeys (ConfUtils.java:logGet(46)) - raft.server.log.use.memory = false (default)
2022-07-04 07:12:31,704 [pool-16-thread-1] INFO  server.RaftServerConfigKeys (ConfUtils.java:logGet(46)) - raft.server.log.purge.gap = 8 (custom)
2022-07-04 07:12:31,704 [pool-16-thread-1] INFO  server.RaftServerConfigKeys (ConfUtils.java:logGet(46)) - raft.server.log.appender.buffer.byte-limit = 4MB (=4194304) (default)
2022-07-04 07:12:31,704 [pool-16-thread-1] INFO  server.RaftServerConfigKeys (ConfUtils.java:logGet(46)) - raft.server.log.statemachine.data.read.timeout = 1000ms (default)
2022-07-04 07:12:31,704 [pool-16-thread-1] INFO  server.RaftServerConfigKeys (ConfUtils.java:logGet(46)) - raft.server.log.segment.size.max = 1024 (custom)
2022-07-04 07:12:31,704 [pool-16-thread-1] INFO  server.RaftServerConfigKeys (ConfUtils.java:logGet(46)) - raft.server.log.segment.cache.num.max = 6 (default)
2022-07-04 07:12:31,704 [pool-16-thread-1] INFO  server.RaftServerConfigKeys (ConfUtils.java:logGet(46)) - raft.server.log.segment.cache.size.max = 200MB (=209715200) (default)
2022-07-04 07:12:31,704 [pool-16-thread-1] INFO  segmented.SegmentedRaftLogWorker (SegmentedRaftLogWorker.java:<init>(187)) - new s1@group-B582808378DD-SegmentedRaftLogWorker for RaftStorageImpl:Storage Directory /home/runner/work/ratis/ratis/ratis-test/target/test/data/213e9af5/MiniRaftClusterWithGrpc2dae160b/s1/2e090e8e-e906-4c9f-8430-b582808378dd
2022-07-04 07:12:31,704 [pool-16-thread-1] INFO  server.RaftServerConfigKeys (ConfUtils.java:logGet(46)) - raft.server.log.queue.byte-limit = 64MB (=67108864) (default)
2022-07-04 07:12:31,704 [pool-16-thread-1] INFO  server.RaftServerConfigKeys (ConfUtils.java:logGet(46)) - raft.server.log.queue.element-limit = 4096 (default)
2022-07-04 07:12:31,704 [pool-16-thread-1] INFO  server.RaftServerConfigKeys (ConfUtils.java:logGet(46)) - raft.server.log.segment.size.max = 1024 (custom)
2022-07-04 07:12:31,704 [pool-16-thread-1] INFO  server.RaftServerConfigKeys (ConfUtils.java:logGet(46)) - raft.server.log.preallocated.size = 4MB (=4194304) (default)
2022-07-04 07:12:31,704 [pool-16-thread-1] INFO  server.RaftServerConfigKeys (ConfUtils.java:logGet(46)) - raft.server.log.force.sync.num = 128 (default)
2022-07-04 07:12:31,704 [pool-16-thread-1] INFO  server.RaftServerConfigKeys (ConfUtils.java:logGet(46)) - raft.server.log.statemachine.data.sync = true (default)
2022-07-04 07:12:31,705 [pool-16-thread-1] INFO  server.RaftServerConfigKeys (ConfUtils.java:logGet(46)) - raft.server.log.statemachine.data.sync.timeout = 10s (default)
2022-07-04 07:12:31,705 [pool-16-thread-1] INFO  server.RaftServerConfigKeys (ConfUtils.java:logGet(46)) - raft.server.log.statemachine.data.sync.timeout.retry = -1 (default)
2022-07-04 07:12:31,707 [pool-15-thread-1] TRACE util.FileUtils (LogUtils.java:runAndLog(49)) - Successfully ran Files.createDirectories /home/runner/work/ratis/ratis/ratis-test/target/test/data/213e9af5/MiniRaftClusterWithGrpc2dae160b/s0/2e090e8e-e906-4c9f-8430-b582808378dd
2022-07-04 07:12:31,707 [Time-limited test] INFO  server.RaftServer (RaftServerProxy.java:addNew(96)) - s2: addNew group-B582808378DD:[s0|rpc:localhost:46829|admin:localhost:33081|client:localhost:38933|dataStream:localhost:36389|priority:0, s1|rpc:localhost:35835|admin:localhost:38689|client:localhost:45855|dataStream:localhost:35069|priority:0, s2|rpc:localhost:38547|admin:localhost:37085|client:localhost:34761|dataStream:localhost:32867|priority:0] returns group-B582808378DD:java.util.concurrent.CompletableFuture@4d8727f8[Not completed]
2022-07-04 07:12:31,707 [pool-16-thread-1] INFO  server.RaftServerConfigKeys (ConfUtils.java:logGet(46)) - raft.server.log.write.buffer.size = 64KB (=65536) (default)
2022-07-04 07:12:31,707 [pool-16-thread-1] INFO  server.RaftServerConfigKeys (ConfUtils.java:logGet(46)) - raft.server.log.unsafe-flush.enabled = false (default)
2022-07-04 07:12:31,707 [pool-16-thread-1] INFO  server.RaftServerConfigKeys (ConfUtils.java:logGet(46)) - raft.server.log.statemachine.data.caching.enabled = false (default)
2022-07-04 07:12:31,707 [pool-15-thread-1] INFO  storage.RaftStorageDirectory (RaftStorageDirectoryImpl.java:tryLock(230)) - Lock on /home/runner/work/ratis/ratis/ratis-test/target/test/data/213e9af5/MiniRaftClusterWithGrpc2dae160b/s0/2e090e8e-e906-4c9f-8430-b582808378dd/in_use.lock acquired by nodename 13571@fv-az174-386.bnisdyzmyzuelae0rluzdxgyda.gx.internal.cloudapp.net
2022-07-04 07:12:31,708 [pool-15-thread-1] TRACE util.FileUtils (LogUtils.java:runAndLog(49)) - Successfully ran Files.createDirectories /home/runner/work/ratis/ratis/ratis-test/target/test/data/213e9af5/MiniRaftClusterWithGrpc2dae160b/s0/2e090e8e-e906-4c9f-8430-b582808378dd/current
2022-07-04 07:12:31,708 [pool-15-thread-1] TRACE util.FileUtils (LogUtils.java:runAndLog(49)) - Successfully ran Files.createDirectories /home/runner/work/ratis/ratis/ratis-test/target/test/data/213e9af5/MiniRaftClusterWithGrpc2dae160b/s0/2e090e8e-e906-4c9f-8430-b582808378dd/sm
2022-07-04 07:12:31,708 [pool-16-thread-1] INFO  segmented.SegmentedRaftLogWorker (SegmentedRaftLogWorker.java:lambda$new$0(135)) - s1@group-B582808378DD-SegmentedRaftLogWorker: flushIndex: setUnconditionally 0 -> -1
2022-07-04 07:12:31,708 [pool-16-thread-1] INFO  segmented.SegmentedRaftLogWorker (SegmentedRaftLogWorker.java:lambda$new$0(135)) - s1@group-B582808378DD-SegmentedRaftLogWorker: safeCacheEvictIndex: setUnconditionally 0 -> -1
2022-07-04 07:12:31,708 [pool-17-thread-1] INFO  server.RaftServerConfigKeys (ConfUtils.java:logGet(46)) - raft.server.log.segment.size.max = 8MB (=8388608) (default)
2022-07-04 07:12:31,708 [pool-17-thread-1] INFO  server.RaftServerConfigKeys (ConfUtils.java:logGet(46)) - raft.server.log.preallocated.size = 4MB (=4194304) (default)
2022-07-04 07:12:31,708 [pool-17-thread-1] INFO  server.RaftServerConfigKeys (ConfUtils.java:logGet(46)) - raft.server.log.write.buffer.size = 64KB (=65536) (default)
2022-07-04 07:12:31,708 [pool-16-thread-1] INFO  server.RaftServerConfigKeys (ConfUtils.java:logGet(46)) - raft.server.snapshot.auto.trigger.enabled = true (custom)
2022-07-04 07:12:31,708 [pool-16-thread-1] INFO  server.RaftServerConfigKeys (ConfUtils.java:logGet(46)) - raft.server.snapshot.auto.trigger.threshold = 64 (custom)
2022-07-04 07:12:31,708 [pool-16-thread-1] INFO  server.RaftServerConfigKeys (ConfUtils.java:logGet(46)) - raft.server.snapshot.retention.file.num = -1 (default)
2022-07-04 07:12:31,709 [pool-16-thread-1] INFO  server.RaftServerConfigKeys (ConfUtils.java:logGet(46)) - raft.server.log.purge.upto.snapshot.index = false (default)
2022-07-04 07:12:31,709 [pool-16-thread-1] INFO  server.RaftServerConfigKeys (ConfUtils.java:logGet(46)) - raft.server.retrycache.expirytime = 60s (default)
2022-07-04 07:12:31,709 [pool-16-thread-1] INFO  server.RaftServerConfigKeys (ConfUtils.java:logGet(46)) - raft.server.retrycache.statistics.expirytime = 100μs (default)
2022-07-04 07:12:31,709 [pool-16-thread-1] INFO  server.RaftServerConfigKeys (ConfUtils.java:logGet(46)) - raft.server.log.appender.install.snapshot.enabled = false (custom)
2022-07-04 07:12:31,709 [pool-16-thread-1] INFO  server.RaftServerConfigKeys (ConfUtils.java:logGet(46)) - raft.server.threadpool.server.cached = true (default)
2022-07-04 07:12:31,709 [pool-16-thread-1] INFO  server.RaftServerConfigKeys (ConfUtils.java:logGet(46)) - raft.server.threadpool.server.size = 0 (default)
2022-07-04 07:12:31,709 [pool-16-thread-1] INFO  server.RaftServerConfigKeys (ConfUtils.java:logGet(46)) - raft.server.threadpool.client.cached = true (default)
2022-07-04 07:12:31,709 [pool-16-thread-1] INFO  server.RaftServerConfigKeys (ConfUtils.java:logGet(46)) - raft.server.threadpool.client.size = 0 (default)
2022-07-04 07:12:31,709 [pool-15-thread-1] INFO  storage.RaftStorage (RaftStorageImpl.java:format(79)) - Storage directory /home/runner/work/ratis/ratis/ratis-test/target/test/data/213e9af5/MiniRaftClusterWithGrpc2dae160b/s0/2e090e8e-e906-4c9f-8430-b582808378dd has been successfully formatted.
2022-07-04 07:12:31,709 [pool-15-thread-1] INFO  statemachine.SimpleStateMachine4Testing (SimpleStateMachine4Testing.java:initialize(212)) - Initializing StateMachine4InstallSnapshotNotificationTests:uninitialized
2022-07-04 07:12:31,709 [pool-15-thread-1] INFO  statemachine.SimpleStateMachine4Testing (SimpleStateMachine4Testing.java:loadSnapshot(306)) - The snapshot file null does not exist
2022-07-04 07:12:31,709 [pool-15-thread-1] INFO  server.RaftServerConfigKeys (ConfUtils.java:logGet(46)) - raft.server.notification.no-leader.timeout = 60s (default)
2022-07-04 07:12:31,709 [pool-15-thread-1] INFO  server.RaftServerConfigKeys (ConfUtils.java:logGet(46)) - raft.server.log.use.memory = false (default)
2022-07-04 07:12:31,709 [pool-15-thread-1] INFO  server.RaftServerConfigKeys (ConfUtils.java:logGet(46)) - raft.server.log.purge.gap = 8 (custom)
2022-07-04 07:12:31,709 [pool-15-thread-1] INFO  server.RaftServerConfigKeys (ConfUtils.java:logGet(46)) - raft.server.log.appender.buffer.byte-limit = 4MB (=4194304) (default)
2022-07-04 07:12:31,710 [pool-15-thread-1] INFO  server.RaftServerConfigKeys (ConfUtils.java:logGet(46)) - raft.server.log.statemachine.data.read.timeout = 1000ms (default)
2022-07-04 07:12:31,710 [pool-15-thread-1] INFO  server.RaftServerConfigKeys (ConfUtils.java:logGet(46)) - raft.server.log.segment.size.max = 1024 (custom)
2022-07-04 07:12:31,710 [pool-15-thread-1] INFO  server.RaftServerConfigKeys (ConfUtils.java:logGet(46)) - raft.server.log.segment.cache.num.max = 6 (default)
2022-07-04 07:12:31,710 [pool-15-thread-1] INFO  server.RaftServerConfigKeys (ConfUtils.java:logGet(46)) - raft.server.log.segment.cache.size.max = 200MB (=209715200) (default)
2022-07-04 07:12:31,710 [pool-15-thread-1] INFO  segmented.SegmentedRaftLogWorker (SegmentedRaftLogWorker.java:<init>(187)) - new s0@group-B582808378DD-SegmentedRaftLogWorker for RaftStorageImpl:Storage Directory /home/runner/work/ratis/ratis/ratis-test/target/test/data/213e9af5/MiniRaftClusterWithGrpc2dae160b/s0/2e090e8e-e906-4c9f-8430-b582808378dd
2022-07-04 07:12:31,710 [pool-15-thread-1] INFO  server.RaftServerConfigKeys (ConfUtils.java:logGet(46)) - raft.server.log.queue.byte-limit = 64MB (=67108864) (default)
2022-07-04 07:12:31,710 [pool-15-thread-1] INFO  server.RaftServerConfigKeys (ConfUtils.java:logGet(46)) - raft.server.log.queue.element-limit = 4096 (default)
2022-07-04 07:12:31,710 [pool-15-thread-1] INFO  server.RaftServerConfigKeys (ConfUtils.java:logGet(46)) - raft.server.log.segment.size.max = 1024 (custom)
2022-07-04 07:12:31,710 [pool-15-thread-1] INFO  server.RaftServerConfigKeys (ConfUtils.java:logGet(46)) - raft.server.log.preallocated.size = 4MB (=4194304) (default)
2022-07-04 07:12:31,710 [pool-15-thread-1] INFO  server.RaftServerConfigKeys (ConfUtils.java:logGet(46)) - raft.server.log.force.sync.num = 128 (default)
2022-07-04 07:12:31,710 [pool-15-thread-1] INFO  server.RaftServerConfigKeys (ConfUtils.java:logGet(46)) - raft.server.log.statemachine.data.sync = true (default)
2022-07-04 07:12:31,710 [pool-15-thread-1] INFO  server.RaftServerConfigKeys (ConfUtils.java:logGet(46)) - raft.server.log.statemachine.data.sync.timeout = 10s (default)
2022-07-04 07:12:31,710 [pool-15-thread-1] INFO  server.RaftServerConfigKeys (ConfUtils.java:logGet(46)) - raft.server.log.statemachine.data.sync.timeout.retry = -1 (default)
2022-07-04 07:12:31,711 [pool-15-thread-1] INFO  server.RaftServerConfigKeys (ConfUtils.java:logGet(46)) - raft.server.log.write.buffer.size = 64KB (=65536) (default)
2022-07-04 07:12:31,711 [pool-15-thread-1] INFO  server.RaftServerConfigKeys (ConfUtils.java:logGet(46)) - raft.server.log.unsafe-flush.enabled = false (default)
2022-07-04 07:12:31,711 [pool-15-thread-1] INFO  server.RaftServerConfigKeys (ConfUtils.java:logGet(46)) - raft.server.log.statemachine.data.caching.enabled = false (default)
2022-07-04 07:12:31,711 [pool-15-thread-1] INFO  segmented.SegmentedRaftLogWorker (SegmentedRaftLogWorker.java:lambda$new$0(135)) - s0@group-B582808378DD-SegmentedRaftLogWorker: flushIndex: setUnconditionally 0 -> -1
2022-07-04 07:12:31,711 [pool-15-thread-1] INFO  segmented.SegmentedRaftLogWorker (SegmentedRaftLogWorker.java:lambda$new$0(135)) - s0@group-B582808378DD-SegmentedRaftLogWorker: safeCacheEvictIndex: setUnconditionally 0 -> -1
2022-07-04 07:12:31,711 [pool-17-thread-1] INFO  server.RaftServer$Division (RaftServerImpl.java:<init>(190)) - s2: new RaftServerImpl for group-B582808378DD:[s0|rpc:localhost:46829|admin:localhost:33081|client:localhost:38933|dataStream:localhost:36389|priority:0, s1|rpc:localhost:35835|admin:localhost:38689|client:localhost:45855|dataStream:localhost:35069|priority:0, s2|rpc:localhost:38547|admin:localhost:37085|client:localhost:34761|dataStream:localhost:32867|priority:0] with StateMachine4InstallSnapshotNotificationTests:uninitialized
2022-07-04 07:12:31,711 [pool-17-thread-1] INFO  server.RaftServerConfigKeys (ConfUtils.java:logGet(46)) - raft.server.rpc.timeout.min = 150ms (default)
2022-07-04 07:12:31,711 [pool-17-thread-1] INFO  server.RaftServerConfigKeys (ConfUtils.java:logGet(46)) - raft.server.rpc.timeout.max = 300ms (default)
2022-07-04 07:12:31,712 [pool-17-thread-1] INFO  server.RaftServerConfigKeys (ConfUtils.java:logGet(46)) - raft.server.rpc.sleep.time = 25ms (default)
2022-07-04 07:12:31,712 [pool-17-thread-1] INFO  server.RaftServerConfigKeys (ConfUtils.java:logGet(46)) - raft.server.rpc.slowness.timeout = 60s (default)
2022-07-04 07:12:31,712 [pool-17-thread-1] INFO  server.RaftServerConfigKeys (ConfUtils.java:logGet(46)) - raft.server.leaderelection.leader.step-down.wait-time = 10s (default)
2022-07-04 07:12:31,712 [pool-17-thread-1] INFO  server.RaftServerConfigKeys (ConfUtils.java:logGet(46)) - raft.server.sleep.deviation.threshold = 300ms (default)
2022-07-04 07:12:31,712 [pool-17-thread-1] INFO  server.RaftServer$Division (ServerState.java:<init>(107)) - s2@group-B582808378DD: ConfigurationManager, init=-1: [s0|rpc:localhost:46829|admin:localhost:33081|client:localhost:38933|dataStream:localhost:36389|priority:0, s1|rpc:localhost:35835|admin:localhost:38689|client:localhost:45855|dataStream:localhost:35069|priority:0, s2|rpc:localhost:38547|admin:localhost:37085|client:localhost:34761|dataStream:localhost:32867|priority:0], old=null, confs=<EMPTY_MAP>
2022-07-04 07:12:31,712 [pool-17-thread-1] INFO  server.RaftServerConfigKeys (ConfUtils.java:logGet(46)) - raft.server.storage.dir = [/home/runner/work/ratis/ratis/ratis-test/target/test/data/213e9af5/MiniRaftClusterWithGrpc2dae160b/s2] (custom)
2022-07-04 07:12:31,712 [pool-17-thread-1] INFO  server.RaftServerConfigKeys (ConfUtils.java:logGet(46)) - raft.server.log.corruption.policy = EXCEPTION (default)
2022-07-04 07:12:31,712 [pool-17-thread-1] INFO  server.RaftServerConfigKeys (ConfUtils.java:logGet(46)) - raft.server.storage.free-space.min = 0MB (=0) (default)
2022-07-04 07:12:31,712 [pool-17-thread-1] INFO  storage.RaftStorageDirectory (RaftStorageDirectoryImpl.java:analyzeStorage(136)) - The storage directory /home/runner/work/ratis/ratis/ratis-test/target/test/data/213e9af5/MiniRaftClusterWithGrpc2dae160b/s2/2e090e8e-e906-4c9f-8430-b582808378dd does not exist. Creating ...
2022-07-04 07:12:31,712 [pool-17-thread-1] TRACE util.FileUtils (LogUtils.java:runAndLog(49)) - Successfully ran Files.createDirectories /home/runner/work/ratis/ratis/ratis-test/target/test/data/213e9af5/MiniRaftClusterWithGrpc2dae160b/s2/2e090e8e-e906-4c9f-8430-b582808378dd
2022-07-04 07:12:31,712 [pool-15-thread-1] INFO  server.RaftServerConfigKeys (ConfUtils.java:logGet(46)) - raft.server.snapshot.auto.trigger.enabled = true (custom)
2022-07-04 07:12:31,712 [pool-15-thread-1] INFO  server.RaftServerConfigKeys (ConfUtils.java:logGet(46)) - raft.server.snapshot.auto.trigger.threshold = 64 (custom)
2022-07-04 07:12:31,712 [pool-15-thread-1] INFO  server.RaftServerConfigKeys (ConfUtils.java:logGet(46)) - raft.server.snapshot.retention.file.num = -1 (default)
2022-07-04 07:12:31,712 [pool-15-thread-1] INFO  server.RaftServerConfigKeys (ConfUtils.java:logGet(46)) - raft.server.log.purge.upto.snapshot.index = false (default)
2022-07-04 07:12:31,713 [pool-15-thread-1] INFO  server.RaftServerConfigKeys (ConfUtils.java:logGet(46)) - raft.server.retrycache.expirytime = 60s (default)
2022-07-04 07:12:31,713 [pool-15-thread-1] INFO  server.RaftServerConfigKeys (ConfUtils.java:logGet(46)) - raft.server.retrycache.statistics.expirytime = 100μs (default)
2022-07-04 07:12:31,713 [pool-15-thread-1] INFO  server.RaftServerConfigKeys (ConfUtils.java:logGet(46)) - raft.server.log.appender.install.snapshot.enabled = false (custom)
2022-07-04 07:12:31,713 [pool-15-thread-1] INFO  server.RaftServerConfigKeys (ConfUtils.java:logGet(46)) - raft.server.threadpool.server.cached = true (default)
2022-07-04 07:12:31,713 [pool-15-thread-1] INFO  server.RaftServerConfigKeys (ConfUtils.java:logGet(46)) - raft.server.threadpool.server.size = 0 (default)
2022-07-04 07:12:31,713 [pool-15-thread-1] INFO  server.RaftServerConfigKeys (ConfUtils.java:logGet(46)) - raft.server.threadpool.client.cached = true (default)
2022-07-04 07:12:31,713 [pool-15-thread-1] INFO  server.RaftServerConfigKeys (ConfUtils.java:logGet(46)) - raft.server.threadpool.client.size = 0 (default)
2022-07-04 07:12:31,713 [s0-impl-thread1] INFO  server.RaftServer$Division (RaftServerImpl.java:start(310)) - s0@group-B582808378DD: start as a follower, conf=-1: [s0|rpc:localhost:46829|admin:localhost:33081|client:localhost:38933|dataStream:localhost:36389|priority:0, s1|rpc:localhost:35835|admin:localhost:38689|client:localhost:45855|dataStream:localhost:35069|priority:0, s2|rpc:localhost:38547|admin:localhost:37085|client:localhost:34761|dataStream:localhost:32867|priority:0], old=null
2022-07-04 07:12:31,713 [s0-impl-thread1] INFO  server.RaftServer$Division (RaftServerImpl.java:setRole(299)) - s0@group-B582808378DD: changes role from      null to FOLLOWER at term 0 for startAsFollower
2022-07-04 07:12:31,713 [s0-impl-thread1] INFO  impl.RoleInfo (RoleInfo.java:updateAndGet(139)) - s0: start s0@group-B582808378DD-FollowerState
2022-07-04 07:12:31,713 [s0-impl-thread1] INFO  util.JmxRegister (JmxRegister.java:tryRegister(44)) - Successfully registered JMX Bean with object name Ratis:service=RaftServer,group=group-B582808378DD,id=s0
2022-07-04 07:12:31,713 [pool-17-thread-1] INFO  storage.RaftStorageDirectory (RaftStorageDirectoryImpl.java:tryLock(230)) - Lock on /home/runner/work/ratis/ratis/ratis-test/target/test/data/213e9af5/MiniRaftClusterWithGrpc2dae160b/s2/2e090e8e-e906-4c9f-8430-b582808378dd/in_use.lock acquired by nodename 13571@fv-az174-386.bnisdyzmyzuelae0rluzdxgyda.gx.internal.cloudapp.net
2022-07-04 07:12:31,713 [Time-limited test] INFO  server.RaftServer (RaftServerProxy.java:lambda$start$6(382)) - s0: start RPC server
2022-07-04 07:12:31,714 [pool-17-thread-1] TRACE util.FileUtils (LogUtils.java:runAndLog(49)) - Successfully ran Files.createDirectories /home/runner/work/ratis/ratis/ratis-test/target/test/data/213e9af5/MiniRaftClusterWithGrpc2dae160b/s2/2e090e8e-e906-4c9f-8430-b582808378dd/current
2022-07-04 07:12:31,718 [pool-17-thread-1] TRACE util.FileUtils (LogUtils.java:runAndLog(49)) - Successfully ran Files.createDirectories /home/runner/work/ratis/ratis/ratis-test/target/test/data/213e9af5/MiniRaftClusterWithGrpc2dae160b/s2/2e090e8e-e906-4c9f-8430-b582808378dd/sm
2022-07-04 07:12:31,718 [Time-limited test] INFO  server.GrpcService (GrpcService.java:startImpl(260)) - s0: GrpcService started, listening on 46829
2022-07-04 07:12:31,719 [pool-17-thread-1] INFO  storage.RaftStorage (RaftStorageImpl.java:format(79)) - Storage directory /home/runner/work/ratis/ratis/ratis-test/target/test/data/213e9af5/MiniRaftClusterWithGrpc2dae160b/s2/2e090e8e-e906-4c9f-8430-b582808378dd has been successfully formatted.
2022-07-04 07:12:31,719 [pool-17-thread-1] INFO  statemachine.SimpleStateMachine4Testing (SimpleStateMachine4Testing.java:initialize(212)) - Initializing StateMachine4InstallSnapshotNotificationTests:uninitialized
2022-07-04 07:12:31,720 [pool-17-thread-1] INFO  statemachine.SimpleStateMachine4Testing (SimpleStateMachine4Testing.java:loadSnapshot(306)) - The snapshot file null does not exist
2022-07-04 07:12:31,720 [pool-17-thread-1] INFO  server.RaftServerConfigKeys (ConfUtils.java:logGet(46)) - raft.server.notification.no-leader.timeout = 60s (default)
2022-07-04 07:12:31,720 [pool-17-thread-1] INFO  server.RaftServerConfigKeys (ConfUtils.java:logGet(46)) - raft.server.log.use.memory = false (default)
2022-07-04 07:12:31,720 [pool-17-thread-1] INFO  server.RaftServerConfigKeys (ConfUtils.java:logGet(46)) - raft.server.log.purge.gap = 8 (custom)
2022-07-04 07:12:31,720 [pool-17-thread-1] INFO  server.RaftServerConfigKeys (ConfUtils.java:logGet(46)) - raft.server.log.appender.buffer.byte-limit = 4MB (=4194304) (default)
2022-07-04 07:12:31,720 [pool-17-thread-1] INFO  server.RaftServerConfigKeys (ConfUtils.java:logGet(46)) - raft.server.log.statemachine.data.read.timeout = 1000ms (default)
2022-07-04 07:12:31,720 [pool-17-thread-1] INFO  server.RaftServerConfigKeys (ConfUtils.java:logGet(46)) - raft.server.log.segment.size.max = 1024 (custom)
2022-07-04 07:12:31,720 [pool-17-thread-1] INFO  server.RaftServerConfigKeys (ConfUtils.java:logGet(46)) - raft.server.log.segment.cache.num.max = 6 (default)
2022-07-04 07:12:31,720 [pool-17-thread-1] INFO  server.RaftServerConfigKeys (ConfUtils.java:logGet(46)) - raft.server.log.segment.cache.size.max = 200MB (=209715200) (default)
2022-07-04 07:12:31,720 [pool-17-thread-1] INFO  segmented.SegmentedRaftLogWorker (SegmentedRaftLogWorker.java:<init>(187)) - new s2@group-B582808378DD-SegmentedRaftLogWorker for RaftStorageImpl:Storage Directory /home/runner/work/ratis/ratis/ratis-test/target/test/data/213e9af5/MiniRaftClusterWithGrpc2dae160b/s2/2e090e8e-e906-4c9f-8430-b582808378dd
2022-07-04 07:12:31,720 [pool-17-thread-1] INFO  server.RaftServerConfigKeys (ConfUtils.java:logGet(46)) - raft.server.log.queue.byte-limit = 64MB (=67108864) (default)
2022-07-04 07:12:31,720 [pool-17-thread-1] INFO  server.RaftServerConfigKeys (ConfUtils.java:logGet(46)) - raft.server.log.queue.element-limit = 4096 (default)
2022-07-04 07:12:31,720 [pool-17-thread-1] INFO  server.RaftServerConfigKeys (ConfUtils.java:logGet(46)) - raft.server.log.segment.size.max = 1024 (custom)
2022-07-04 07:12:31,720 [pool-17-thread-1] INFO  server.RaftServerConfigKeys (ConfUtils.java:logGet(46)) - raft.server.log.preallocated.size = 4MB (=4194304) (default)
2022-07-04 07:12:31,720 [pool-17-thread-1] INFO  server.RaftServerConfigKeys (ConfUtils.java:logGet(46)) - raft.server.log.force.sync.num = 128 (default)
2022-07-04 07:12:31,720 [pool-17-thread-1] INFO  server.RaftServerConfigKeys (ConfUtils.java:logGet(46)) - raft.server.log.statemachine.data.sync = true (default)
2022-07-04 07:12:31,720 [pool-17-thread-1] INFO  server.RaftServerConfigKeys (ConfUtils.java:logGet(46)) - raft.server.log.statemachine.data.sync.timeout = 10s (default)
2022-07-04 07:12:31,720 [pool-17-thread-1] INFO  server.RaftServerConfigKeys (ConfUtils.java:logGet(46)) - raft.server.log.statemachine.data.sync.timeout.retry = -1 (default)
2022-07-04 07:12:31,720 [pool-17-thread-1] INFO  server.RaftServerConfigKeys (ConfUtils.java:logGet(46)) - raft.server.log.write.buffer.size = 64KB (=65536) (default)
2022-07-04 07:12:31,720 [pool-17-thread-1] INFO  server.RaftServerConfigKeys (ConfUtils.java:logGet(46)) - raft.server.log.unsafe-flush.enabled = false (default)
2022-07-04 07:12:31,720 [pool-17-thread-1] INFO  server.RaftServerConfigKeys (ConfUtils.java:logGet(46)) - raft.server.log.statemachine.data.caching.enabled = false (default)
2022-07-04 07:12:31,721 [pool-17-thread-1] INFO  segmented.SegmentedRaftLogWorker (SegmentedRaftLogWorker.java:lambda$new$0(135)) - s2@group-B582808378DD-SegmentedRaftLogWorker: flushIndex: setUnconditionally 0 -> -1
2022-07-04 07:12:31,721 [pool-17-thread-1] INFO  segmented.SegmentedRaftLogWorker (SegmentedRaftLogWorker.java:lambda$new$0(135)) - s2@group-B582808378DD-SegmentedRaftLogWorker: safeCacheEvictIndex: setUnconditionally 0 -> -1
2022-07-04 07:12:31,721 [pool-17-thread-1] INFO  server.RaftServerConfigKeys (ConfUtils.java:logGet(46)) - raft.server.snapshot.auto.trigger.enabled = true (custom)
2022-07-04 07:12:31,721 [pool-17-thread-1] INFO  server.RaftServerConfigKeys (ConfUtils.java:logGet(46)) - raft.server.snapshot.auto.trigger.threshold = 64 (custom)
2022-07-04 07:12:31,721 [pool-17-thread-1] INFO  server.RaftServerConfigKeys (ConfUtils.java:logGet(46)) - raft.server.snapshot.retention.file.num = -1 (default)
2022-07-04 07:12:31,721 [pool-17-thread-1] INFO  server.RaftServerConfigKeys (ConfUtils.java:logGet(46)) - raft.server.log.purge.upto.snapshot.index = false (default)
2022-07-04 07:12:31,721 [Time-limited test] INFO  server.GrpcService (GrpcService.java:startImpl(260)) - s0: GrpcService started, listening on 33081
2022-07-04 07:12:31,721 [pool-17-thread-1] INFO  server.RaftServerConfigKeys (ConfUtils.java:logGet(46)) - raft.server.retrycache.expirytime = 60s (default)
2022-07-04 07:12:31,721 [pool-17-thread-1] INFO  server.RaftServerConfigKeys (ConfUtils.java:logGet(46)) - raft.server.retrycache.statistics.expirytime = 100μs (default)
2022-07-04 07:12:31,722 [pool-17-thread-1] INFO  server.RaftServerConfigKeys (ConfUtils.java:logGet(46)) - raft.server.log.appender.install.snapshot.enabled = false (custom)
2022-07-04 07:12:31,722 [pool-17-thread-1] INFO  server.RaftServerConfigKeys (ConfUtils.java:logGet(46)) - raft.server.threadpool.server.cached = true (default)
2022-07-04 07:12:31,722 [pool-17-thread-1] INFO  server.RaftServerConfigKeys (ConfUtils.java:logGet(46)) - raft.server.threadpool.server.size = 0 (default)
2022-07-04 07:12:31,722 [pool-17-thread-1] INFO  server.RaftServerConfigKeys (ConfUtils.java:logGet(46)) - raft.server.threadpool.client.cached = true (default)
2022-07-04 07:12:31,722 [pool-17-thread-1] INFO  server.RaftServerConfigKeys (ConfUtils.java:logGet(46)) - raft.server.threadpool.client.size = 0 (default)
2022-07-04 07:12:31,724 [Time-limited test] INFO  server.GrpcService (GrpcService.java:startImpl(260)) - s0: GrpcService started, listening on 38933
2022-07-04 07:12:31,727 [s1-impl-thread1] INFO  server.RaftServer$Division (RaftServerImpl.java:start(310)) - s1@group-B582808378DD: start as a follower, conf=-1: [s0|rpc:localhost:46829|admin:localhost:33081|client:localhost:38933|dataStream:localhost:36389|priority:0, s1|rpc:localhost:35835|admin:localhost:38689|client:localhost:45855|dataStream:localhost:35069|priority:0, s2|rpc:localhost:38547|admin:localhost:37085|client:localhost:34761|dataStream:localhost:32867|priority:0], old=null
2022-07-04 07:12:31,727 [s1-impl-thread1] INFO  server.RaftServer$Division (RaftServerImpl.java:setRole(299)) - s1@group-B582808378DD: changes role from      null to FOLLOWER at term 0 for startAsFollower
2022-07-04 07:12:31,727 [s1-impl-thread1] INFO  impl.RoleInfo (RoleInfo.java:updateAndGet(139)) - s1: start s1@group-B582808378DD-FollowerState
2022-07-04 07:12:31,727 [s1-impl-thread1] INFO  util.JmxRegister (JmxRegister.java:tryRegister(44)) - Successfully registered JMX Bean with object name Ratis:service=RaftServer,group=group-B582808378DD,id=s1
2022-07-04 07:12:31,728 [org.apache.ratis.util.JvmPauseMonitor$$Lambda$265/1304952153@5b5e5b4d] INFO  util.JvmPauseMonitor (JvmPauseMonitor.java:run(103)) - JvmPauseMonitor-s0: Started
2022-07-04 07:12:31,728 [Time-limited test] INFO  server.RaftServer (RaftServerProxy.java:lambda$start$6(382)) - s1: start RPC server
2022-07-04 07:12:31,729 [Time-limited test] INFO  server.GrpcService (GrpcService.java:startImpl(260)) - s1: GrpcService started, listening on 35835
2022-07-04 07:12:31,729 [Time-limited test] INFO  server.GrpcService (GrpcService.java:startImpl(260)) - s1: GrpcService started, listening on 38689
2022-07-04 07:12:31,730 [Time-limited test] INFO  server.GrpcService (GrpcService.java:startImpl(260)) - s1: GrpcService started, listening on 45855
2022-07-04 07:12:31,730 [s2-impl-thread1] INFO  server.RaftServer$Division (RaftServerImpl.java:start(310)) - s2@group-B582808378DD: start as a follower, conf=-1: [s0|rpc:localhost:46829|admin:localhost:33081|client:localhost:38933|dataStream:localhost:36389|priority:0, s1|rpc:localhost:35835|admin:localhost:38689|client:localhost:45855|dataStream:localhost:35069|priority:0, s2|rpc:localhost:38547|admin:localhost:37085|client:localhost:34761|dataStream:localhost:32867|priority:0], old=null
2022-07-04 07:12:31,730 [s2-impl-thread1] INFO  server.RaftServer$Division (RaftServerImpl.java:setRole(299)) - s2@group-B582808378DD: changes role from      null to FOLLOWER at term 0 for startAsFollower
2022-07-04 07:12:31,730 [s2-impl-thread1] INFO  impl.RoleInfo (RoleInfo.java:updateAndGet(139)) - s2: start s2@group-B582808378DD-FollowerState
2022-07-04 07:12:31,731 [org.apache.ratis.util.JvmPauseMonitor$$Lambda$265/1304952153@28a52438] INFO  util.JvmPauseMonitor (JvmPauseMonitor.java:run(103)) - JvmPauseMonitor-s1: Started
2022-07-04 07:12:31,731 [s2-impl-thread1] INFO  util.JmxRegister (JmxRegister.java:tryRegister(44)) - Successfully registered JMX Bean with object name Ratis:service=RaftServer,group=group-B582808378DD,id=s2
2022-07-04 07:12:31,731 [Time-limited test] INFO  server.RaftServer (RaftServerProxy.java:lambda$start$6(382)) - s2: start RPC server
2022-07-04 07:12:31,731 [Time-limited test] INFO  server.GrpcService (GrpcService.java:startImpl(260)) - s2: GrpcService started, listening on 38547
2022-07-04 07:12:31,732 [Time-limited test] INFO  server.GrpcService (GrpcService.java:startImpl(260)) - s2: GrpcService started, listening on 37085
2022-07-04 07:12:31,732 [Time-limited test] INFO  server.GrpcService (GrpcService.java:startImpl(260)) - s2: GrpcService started, listening on 34761
2022-07-04 07:12:31,732 [Time-limited test] INFO  server.RaftServerConfigKeys (ConfUtils.java:logGet(46)) - raft.server.rpc.timeout.max = 300ms (default)
2022-07-04 07:12:31,732 [org.apache.ratis.util.JvmPauseMonitor$$Lambda$265/1304952153@48d9bf21] INFO  util.JvmPauseMonitor (JvmPauseMonitor.java:run(103)) - JvmPauseMonitor-s2: Started
2022-07-04 07:12:31,732 [Time-limited test] INFO  ratis.RaftTestUtil (RaftTestUtil.java:waitForLeader(100)) - printing ALL groups
  s0:  RUNNING  FOLLOWER s0@group-B582808378DD:t0, leader=null, voted=, raftlog=s0@group-B582808378DD-SegmentedRaftLog:OPENED:c-1, conf=-1: [s0|rpc:localhost:46829|admin:localhost:33081|client:localhost:38933|dataStream:localhost:36389|priority:0, s1|rpc:localhost:35835|admin:localhost:38689|client:localhost:45855|dataStream:localhost:35069|priority:0, s2|rpc:localhost:38547|admin:localhost:37085|client:localhost:34761|dataStream:localhost:32867|priority:0], old=null RUNNING
  s1:  RUNNING  FOLLOWER s1@group-B582808378DD:t0, leader=null, voted=, raftlog=s1@group-B582808378DD-SegmentedRaftLog:OPENED:c-1, conf=-1: [s0|rpc:localhost:46829|admin:localhost:33081|client:localhost:38933|dataStream:localhost:36389|priority:0, s1|rpc:localhost:35835|admin:localhost:38689|client:localhost:45855|dataStream:localhost:35069|priority:0, s2|rpc:localhost:38547|admin:localhost:37085|client:localhost:34761|dataStream:localhost:32867|priority:0], old=null RUNNING
  s2:  RUNNING  FOLLOWER s2@group-B582808378DD:t0, leader=null, voted=, raftlog=s2@group-B582808378DD-SegmentedRaftLog:OPENED:c-1, conf=-1: [s0|rpc:localhost:46829|admin:localhost:33081|client:localhost:38933|dataStream:localhost:36389|priority:0, s1|rpc:localhost:35835|admin:localhost:38689|client:localhost:45855|dataStream:localhost:35069|priority:0, s2|rpc:localhost:38547|admin:localhost:37085|client:localhost:34761|dataStream:localhost:32867|priority:0], old=null RUNNING
2022-07-04 07:12:31,733 [Time-limited test] WARN  ratis.RaftTestUtil (JavaUtils.java:attempt(172)) - FAILED "waitForLeader-null-(expectLeader? true)", attempt #1/100: java.lang.IllegalStateException: No leader yet : printing ALL groups
  s0:  RUNNING  FOLLOWER s0@group-B582808378DD:t0, leader=null, voted=, raftlog=s0@group-B582808378DD-SegmentedRaftLog:OPENED:c-1, conf=-1: [s0|rpc:localhost:46829|admin:localhost:33081|client:localhost:38933|dataStream:localhost:36389|priority:0, s1|rpc:localhost:35835|admin:localhost:38689|client:localhost:45855|dataStream:localhost:35069|priority:0, s2|rpc:localhost:38547|admin:localhost:37085|client:localhost:34761|dataStream:localhost:32867|priority:0], old=null RUNNING
  s1:  RUNNING  FOLLOWER s1@group-B582808378DD:t0, leader=null, voted=, raftlog=s1@group-B582808378DD-SegmentedRaftLog:OPENED:c-1, conf=-1: [s0|rpc:localhost:46829|admin:localhost:33081|client:localhost:38933|dataStream:localhost:36389|priority:0, s1|rpc:localhost:35835|admin:localhost:38689|client:localhost:45855|dataStream:localhost:35069|priority:0, s2|rpc:localhost:38547|admin:localhost:37085|client:localhost:34761|dataStream:localhost:32867|priority:0], old=null RUNNING
  s2:  RUNNING  FOLLOWER s2@group-B582808378DD:t0, leader=null, voted=, raftlog=s2@group-B582808378DD-SegmentedRaftLog:OPENED:c-1, conf=-1: [s0|rpc:localhost:46829|admin:localhost:33081|client:localhost:38933|dataStream:localhost:36389|priority:0, s1|rpc:localhost:35835|admin:localhost:38689|client:localhost:45855|dataStream:localhost:35069|priority:0, s2|rpc:localhost:38547|admin:localhost:37085|client:localhost:34761|dataStream:localhost:32867|priority:0], old=null RUNNING, sleep 450ms and then retry.
java.lang.IllegalStateException: No leader yet : printing ALL groups
  s0:  RUNNING  FOLLOWER s0@group-B582808378DD:t0, leader=null, voted=, raftlog=s0@group-B582808378DD-SegmentedRaftLog:OPENED:c-1, conf=-1: [s0|rpc:localhost:46829|admin:localhost:33081|client:localhost:38933|dataStream:localhost:36389|priority:0, s1|rpc:localhost:35835|admin:localhost:38689|client:localhost:45855|dataStream:localhost:35069|priority:0, s2|rpc:localhost:38547|admin:localhost:37085|client:localhost:34761|dataStream:localhost:32867|priority:0], old=null RUNNING
  s1:  RUNNING  FOLLOWER s1@group-B582808378DD:t0, leader=null, voted=, raftlog=s1@group-B582808378DD-SegmentedRaftLog:OPENED:c-1, conf=-1: [s0|rpc:localhost:46829|admin:localhost:33081|client:localhost:38933|dataStream:localhost:36389|priority:0, s1|rpc:localhost:35835|admin:localhost:38689|client:localhost:45855|dataStream:localhost:35069|priority:0, s2|rpc:localhost:38547|admin:localhost:37085|client:localhost:34761|dataStream:localhost:32867|priority:0], old=null RUNNING
  s2:  RUNNING  FOLLOWER s2@group-B582808378DD:t0, leader=null, voted=, raftlog=s2@group-B582808378DD-SegmentedRaftLog:OPENED:c-1, conf=-1: [s0|rpc:localhost:46829|admin:localhost:33081|client:localhost:38933|dataStream:localhost:36389|priority:0, s1|rpc:localhost:35835|admin:localhost:38689|client:localhost:45855|dataStream:localhost:35069|priority:0, s2|rpc:localhost:38547|admin:localhost:37085|client:localhost:34761|dataStream:localhost:32867|priority:0], old=null RUNNING
	at org.apache.ratis.server.impl.MiniRaftCluster.newIllegalStateExceptionForNoLeaders(MiniRaftCluster.java:533)
	at org.apache.ratis.RaftTestUtil.lambda$waitForLeader$1(RaftTestUtil.java:104)
	at org.apache.ratis.server.impl.MiniRaftCluster.getLeader(MiniRaftCluster.java:567)
	at org.apache.ratis.server.impl.MiniRaftCluster.getLeader(MiniRaftCluster.java:560)
	at org.apache.ratis.RaftTestUtil.lambda$waitForLeader$3(RaftTestUtil.java:112)
	at org.apache.ratis.util.JavaUtils.attempt(JavaUtils.java:166)
	at org.apache.ratis.util.JavaUtils.attemptRepeatedly(JavaUtils.java:152)
	at org.apache.ratis.RaftTestUtil.waitForLeader(RaftTestUtil.java:111)
	at org.apache.ratis.RaftTestUtil.waitForLeader(RaftTestUtil.java:92)
	at org.apache.ratis.RaftTestUtil.waitForLeader(RaftTestUtil.java:87)
	at org.apache.ratis.InstallSnapshotNotificationTests.testRestartFollower(InstallSnapshotNotificationTests.java:255)
	at org.apache.ratis.server.impl.MiniRaftCluster$Factory$Get.runWithNewCluster(MiniRaftCluster.java:125)
	at org.apache.ratis.server.impl.MiniRaftCluster$Factory$Get.runWithNewCluster(MiniRaftCluster.java:113)
	at org.apache.ratis.InstallSnapshotNotificationTests.testRestartFollower(InstallSnapshotNotificationTests.java:249)
	at sun.reflect.NativeMethodAccessorImpl.invoke0(Native Method)
	at sun.reflect.NativeMethodAccessorImpl.invoke(NativeMethodAccessorImpl.java:62)
	at sun.reflect.DelegatingMethodAccessorImpl.invoke(DelegatingMethodAccessorImpl.java:43)
	at java.lang.reflect.Method.invoke(Method.java:498)
	at org.junit.runners.model.FrameworkMethod$1.runReflectiveCall(FrameworkMethod.java:59)
	at org.junit.internal.runners.model.ReflectiveCallable.run(ReflectiveCallable.java:12)
	at org.junit.runners.model.FrameworkMethod.invokeExplosively(FrameworkMethod.java:56)
	at org.junit.internal.runners.statements.InvokeMethod.evaluate(InvokeMethod.java:17)
	at org.junit.internal.runners.statements.RunAfters.evaluate(RunAfters.java:27)
	at org.junit.internal.runners.statements.FailOnTimeout$CallableStatement.call(FailOnTimeout.java:299)
	at org.junit.internal.runners.statements.FailOnTimeout$CallableStatement.call(FailOnTimeout.java:293)
	at java.util.concurrent.FutureTask.run(FutureTask.java:266)
	at java.lang.Thread.run(Thread.java:750)
2022-07-04 07:12:31,912 [s1@group-B582808378DD-FollowerState] INFO  impl.FollowerState (FollowerState.java:run(143)) - s1@group-B582808378DD-FollowerState: change to CANDIDATE, lastRpcElapsedTime:185286142ns, electionTimeout:185ms
2022-07-04 07:12:31,913 [s1@group-B582808378DD-FollowerState] INFO  impl.RoleInfo (RoleInfo.java:shutdownFollowerState(110)) - s1: shutdown s1@group-B582808378DD-FollowerState
2022-07-04 07:12:31,913 [s1@group-B582808378DD-FollowerState] INFO  server.RaftServer$Division (RaftServerImpl.java:setRole(299)) - s1@group-B582808378DD: changes role from  FOLLOWER to CANDIDATE at term 0 for changeToCandidate
2022-07-04 07:12:31,913 [s1@group-B582808378DD-FollowerState] INFO  server.RaftServerConfigKeys (ConfUtils.java:logGet(46)) - raft.server.leaderelection.pre-vote = true (default)
2022-07-04 07:12:31,913 [s1@group-B582808378DD-FollowerState] INFO  impl.RoleInfo (RoleInfo.java:updateAndGet(139)) - s1: start s1@group-B582808378DD-LeaderElection8
2022-07-04 07:12:31,913 [s1@group-B582808378DD-LeaderElection8] INFO  impl.LeaderElection (LeaderElection.java:askForVotes(310)) - s1@group-B582808378DD-LeaderElection8 PRE_VOTE round 0: submit vote requests at term 0 for -1: [s0|rpc:localhost:46829|admin:localhost:33081|client:localhost:38933|dataStream:localhost:36389|priority:0, s1|rpc:localhost:35835|admin:localhost:38689|client:localhost:45855|dataStream:localhost:35069|priority:0, s2|rpc:localhost:38547|admin:localhost:37085|client:localhost:34761|dataStream:localhost:32867|priority:0], old=null
2022-07-04 07:12:31,920 [grpc-default-executor-4] INFO  server.RaftServer$Division (RaftServerImpl.java:requestVote(1152)) - s2@group-B582808378DD: receive requestVote(PRE_VOTE, s1, group-B582808378DD, 0, (t:0, i:0))
2022-07-04 07:12:31,920 [grpc-default-executor-5] INFO  server.RaftServer$Division (RaftServerImpl.java:requestVote(1152)) - s0@group-B582808378DD: receive requestVote(PRE_VOTE, s1, group-B582808378DD, 0, (t:0, i:0))
2022-07-04 07:12:31,920 [grpc-default-executor-4] INFO  impl.VoteContext (VoteContext.java:log(48)) - s2@group-B582808378DD-FOLLOWER: accept PRE_VOTE from s1: our priority 0 <= candidate's priority 0
2022-07-04 07:12:31,920 [grpc-default-executor-5] INFO  impl.VoteContext (VoteContext.java:log(48)) - s0@group-B582808378DD-FOLLOWER: accept PRE_VOTE from s1: our priority 0 <= candidate's priority 0
2022-07-04 07:12:31,920 [grpc-default-executor-4] INFO  server.RaftServer$Division (RaftServerImpl.java:requestVote(1184)) - s2@group-B582808378DD replies to PRE_VOTE vote request: s1<-s2#0:OK-t0. Peer's state: s2@group-B582808378DD:t0, leader=null, voted=, raftlog=s2@group-B582808378DD-SegmentedRaftLog:OPENED:c-1, conf=-1: [s0|rpc:localhost:46829|admin:localhost:33081|client:localhost:38933|dataStream:localhost:36389|priority:0, s1|rpc:localhost:35835|admin:localhost:38689|client:localhost:45855|dataStream:localhost:35069|priority:0, s2|rpc:localhost:38547|admin:localhost:37085|client:localhost:34761|dataStream:localhost:32867|priority:0], old=null
2022-07-04 07:12:31,920 [grpc-default-executor-5] INFO  server.RaftServer$Division (RaftServerImpl.java:requestVote(1184)) - s0@group-B582808378DD replies to PRE_VOTE vote request: s1<-s0#0:OK-t0. Peer's state: s0@group-B582808378DD:t0, leader=null, voted=, raftlog=s0@group-B582808378DD-SegmentedRaftLog:OPENED:c-1, conf=-1: [s0|rpc:localhost:46829|admin:localhost:33081|client:localhost:38933|dataStream:localhost:36389|priority:0, s1|rpc:localhost:35835|admin:localhost:38689|client:localhost:45855|dataStream:localhost:35069|priority:0, s2|rpc:localhost:38547|admin:localhost:37085|client:localhost:34761|dataStream:localhost:32867|priority:0], old=null
2022-07-04 07:12:31,921 [s1@group-B582808378DD-LeaderElection8] INFO  impl.LeaderElection (LeaderElection.java:logAndReturn(90)) - s1@group-B582808378DD-LeaderElection8: PRE_VOTE PASSED received 1 response(s) and 0 exception(s):
2022-07-04 07:12:31,921 [s1@group-B582808378DD-LeaderElection8] INFO  impl.LeaderElection (LeaderElection.java:logAndReturn(94)) -   Response 0: s1<-s2#0:OK-t0
2022-07-04 07:12:31,921 [s1@group-B582808378DD-LeaderElection8] INFO  impl.LeaderElection (LeaderElection.java:askForVotes(312)) - s1@group-B582808378DD-LeaderElection8 PRE_VOTE round 0: result PASSED
2022-07-04 07:12:31,922 [s1@group-B582808378DD-LeaderElection8] INFO  impl.LeaderElection (LeaderElection.java:askForVotes(310)) - s1@group-B582808378DD-LeaderElection8 ELECTION round 0: submit vote requests at term 1 for -1: [s0|rpc:localhost:46829|admin:localhost:33081|client:localhost:38933|dataStream:localhost:36389|priority:0, s1|rpc:localhost:35835|admin:localhost:38689|client:localhost:45855|dataStream:localhost:35069|priority:0, s2|rpc:localhost:38547|admin:localhost:37085|client:localhost:34761|dataStream:localhost:32867|priority:0], old=null
2022-07-04 07:12:31,923 [grpc-default-executor-5] INFO  server.RaftServer$Division (RaftServerImpl.java:requestVote(1152)) - s0@group-B582808378DD: receive requestVote(ELECTION, s1, group-B582808378DD, 1, (t:0, i:0))
2022-07-04 07:12:31,923 [grpc-default-executor-5] INFO  impl.VoteContext (VoteContext.java:log(48)) - s0@group-B582808378DD-FOLLOWER: accept ELECTION from s1: our priority 0 <= candidate's priority 0
2022-07-04 07:12:31,923 [grpc-default-executor-5] INFO  server.RaftServer$Division (RaftServerImpl.java:setRole(299)) - s0@group-B582808378DD: changes role from  FOLLOWER to FOLLOWER at term 1 for candidate:s1
2022-07-04 07:12:31,923 [grpc-default-executor-5] INFO  impl.RoleInfo (RoleInfo.java:shutdownFollowerState(110)) - s0: shutdown s0@group-B582808378DD-FollowerState
2022-07-04 07:12:31,923 [grpc-default-executor-5] INFO  impl.RoleInfo (RoleInfo.java:updateAndGet(139)) - s0: start s0@group-B582808378DD-FollowerState
2022-07-04 07:12:31,923 [s0@group-B582808378DD-FollowerState] INFO  impl.FollowerState (FollowerState.java:run(152)) - s0@group-B582808378DD-FollowerState was interrupted
2022-07-04 07:12:31,927 [grpc-default-executor-5] INFO  server.RaftServer$Division (RaftServerImpl.java:requestVote(1184)) - s0@group-B582808378DD replies to ELECTION vote request: s1<-s0#0:OK-t1. Peer's state: s0@group-B582808378DD:t1, leader=null, voted=s1, raftlog=s0@group-B582808378DD-SegmentedRaftLog:OPENED:c-1, conf=-1: [s0|rpc:localhost:46829|admin:localhost:33081|client:localhost:38933|dataStream:localhost:36389|priority:0, s1|rpc:localhost:35835|admin:localhost:38689|client:localhost:45855|dataStream:localhost:35069|priority:0, s2|rpc:localhost:38547|admin:localhost:37085|client:localhost:34761|dataStream:localhost:32867|priority:0], old=null
2022-07-04 07:12:31,928 [s1@group-B582808378DD-LeaderElection8] INFO  impl.LeaderElection (LeaderElection.java:logAndReturn(90)) - s1@group-B582808378DD-LeaderElection8: ELECTION PASSED received 1 response(s) and 0 exception(s):
2022-07-04 07:12:31,928 [s1@group-B582808378DD-LeaderElection8] INFO  impl.LeaderElection (LeaderElection.java:logAndReturn(94)) -   Response 0: s1<-s0#0:OK-t1
2022-07-04 07:12:31,928 [s1@group-B582808378DD-LeaderElection8] INFO  impl.LeaderElection (LeaderElection.java:askForVotes(312)) - s1@group-B582808378DD-LeaderElection8 ELECTION round 0: result PASSED
2022-07-04 07:12:31,928 [s1@group-B582808378DD-LeaderElection8] INFO  impl.RoleInfo (RoleInfo.java:shutdownLeaderElection(130)) - s1: shutdown s1@group-B582808378DD-LeaderElection8
2022-07-04 07:12:31,928 [s1@group-B582808378DD-LeaderElection8] INFO  server.RaftServer$Division (RaftServerImpl.java:setRole(299)) - s1@group-B582808378DD: changes role from CANDIDATE to LEADER at term 1 for changeToLeader
2022-07-04 07:12:31,928 [s1@group-B582808378DD-LeaderElection8] INFO  server.RaftServer$Division (ServerState.java:setLeader(291)) - s1@group-B582808378DD: change Leader from null to s1 at term 1 for becomeLeader, leader elected after 224ms
2022-07-04 07:12:31,928 [s1@group-B582808378DD-LeaderElection8] INFO  server.RaftServerConfigKeys (ConfUtils.java:logGet(46)) - raft.server.staging.catchup.gap = 1000 (default)
2022-07-04 07:12:31,928 [s1@group-B582808378DD-LeaderElection8] INFO  server.RaftServerConfigKeys (ConfUtils.java:logGet(46)) - raft.server.write.element-limit = 4096 (default)
2022-07-04 07:12:31,928 [s1@group-B582808378DD-LeaderElection8] INFO  server.RaftServerConfigKeys (ConfUtils.java:logGet(46)) - raft.server.write.byte-limit = 64MB (=67108864) (default)
2022-07-04 07:12:31,928 [s1@group-B582808378DD-LeaderElection8] INFO  server.RaftServerConfigKeys (ConfUtils.java:logGet(46)) - raft.server.watch.timeout = 10s (default)
2022-07-04 07:12:31,928 [s1@group-B582808378DD-LeaderElection8] INFO  server.RaftServerConfigKeys (ConfUtils.java:logGet(46)) - raft.server.watch.timeout.denomination = 1s (default)
2022-07-04 07:12:31,928 [s1@group-B582808378DD-LeaderElection8] INFO  server.RaftServerConfigKeys (ConfUtils.java:logGet(46)) - raft.server.watch.element-limit = 65536 (default)
2022-07-04 07:12:31,929 [s1@group-B582808378DD-LeaderElection8] INFO  server.RaftServerConfigKeys (ConfUtils.java:logGet(46)) - raft.server.write.element-limit = 4096 (default)
2022-07-04 07:12:31,929 [s1@group-B582808378DD-LeaderElection8] INFO  server.RaftServerConfigKeys (ConfUtils.java:logGet(46)) - raft.server.write.follower.gap.ratio.max = -1.0 (default)
2022-07-04 07:12:31,929 [s1@group-B582808378DD-LeaderElection8] INFO  server.RaftServerConfigKeys (ConfUtils.java:logGet(46)) - raft.server.log.appender.snapshot.chunk.size.max = 16MB (=16777216) (default)
2022-07-04 07:12:31,929 [s1@group-B582808378DD-LeaderElection8] INFO  server.RaftServerConfigKeys (ConfUtils.java:logGet(46)) - raft.server.log.appender.buffer.byte-limit = 4MB (=4194304) (default)
2022-07-04 07:12:31,929 [s1@group-B582808378DD-LeaderElection8] INFO  server.RaftServerConfigKeys (ConfUtils.java:logGet(46)) - raft.server.log.appender.buffer.element-limit = 0 (default)
2022-07-04 07:12:31,929 [s1@group-B582808378DD-LeaderElection8] INFO  grpc.GrpcConfigKeys (ConfUtils.java:logGet(46)) - raft.grpc.server.leader.outstanding.appends.max = 128 (default)
2022-07-04 07:12:31,929 [s1@group-B582808378DD-LeaderElection8] INFO  server.RaftServerConfigKeys (ConfUtils.java:logGet(46)) - raft.server.rpc.request.timeout = 3000ms (default)
2022-07-04 07:12:31,929 [s1@group-B582808378DD-LeaderElection8] INFO  server.RaftServerConfigKeys (ConfUtils.java:logGet(46)) - raft.server.log.appender.install.snapshot.enabled = false (custom)
2022-07-04 07:12:31,929 [s1@group-B582808378DD-LeaderElection8] INFO  server.RaftServerConfigKeys (ConfUtils.java:logGet(46)) - raft.server.log.appender.snapshot.chunk.size.max = 16MB (=16777216) (default)
2022-07-04 07:12:31,929 [s1@group-B582808378DD-LeaderElection8] INFO  server.RaftServerConfigKeys (ConfUtils.java:logGet(46)) - raft.server.log.appender.buffer.byte-limit = 4MB (=4194304) (default)
2022-07-04 07:12:31,929 [s1@group-B582808378DD-LeaderElection8] INFO  server.RaftServerConfigKeys (ConfUtils.java:logGet(46)) - raft.server.log.appender.buffer.element-limit = 0 (default)
2022-07-04 07:12:31,929 [s1@group-B582808378DD-LeaderElection8] INFO  grpc.GrpcConfigKeys (ConfUtils.java:logGet(46)) - raft.grpc.server.leader.outstanding.appends.max = 128 (default)
2022-07-04 07:12:31,929 [s1@group-B582808378DD-LeaderElection8] INFO  server.RaftServerConfigKeys (ConfUtils.java:logGet(46)) - raft.server.rpc.request.timeout = 3000ms (default)
2022-07-04 07:12:31,929 [s1@group-B582808378DD-LeaderElection8] INFO  server.RaftServerConfigKeys (ConfUtils.java:logGet(46)) - raft.server.log.appender.install.snapshot.enabled = false (custom)
2022-07-04 07:12:31,929 [s1@group-B582808378DD-LeaderElection8] INFO  impl.RoleInfo (RoleInfo.java:updateAndGet(139)) - s1: start s1@group-B582808378DD-LeaderStateImpl
2022-07-04 07:12:31,930 [s1@group-B582808378DD-LeaderElection8] DEBUG raftlog.RaftLog (SegmentedRaftLog.java:appendImpl(447)) - truncateIndex=-1, arrayIndex=0
2022-07-04 07:12:31,930 [s1@group-B582808378DD-LeaderElection8] INFO  segmented.SegmentedRaftLogWorker (SegmentedRaftLogWorker.java:startLogSegment(425)) - s1@group-B582808378DD-SegmentedRaftLogWorker: Starting segment from index:0
2022-07-04 07:12:31,930 [grpc-default-executor-5] INFO  server.RaftServer$Division (RaftServerImpl.java:requestVote(1152)) - s2@group-B582808378DD: receive requestVote(ELECTION, s1, group-B582808378DD, 1, (t:0, i:0))
2022-07-04 07:12:31,930 [s1@group-B582808378DD-SegmentedRaftLogWorker] INFO  segmented.SegmentedRaftLogWorker (SegmentedRaftLogWorker.java:execute(629)) - s1@group-B582808378DD-SegmentedRaftLogWorker: created new log segment /home/runner/work/ratis/ratis/ratis-test/target/test/data/213e9af5/MiniRaftClusterWithGrpc2dae160b/s1/2e090e8e-e906-4c9f-8430-b582808378dd/current/log_inprogress_0
2022-07-04 07:12:31,932 [grpc-default-executor-5] INFO  impl.VoteContext (VoteContext.java:log(48)) - s2@group-B582808378DD-FOLLOWER: accept ELECTION from s1: our priority 0 <= candidate's priority 0
2022-07-04 07:12:31,932 [grpc-default-executor-5] INFO  server.RaftServer$Division (RaftServerImpl.java:setRole(299)) - s2@group-B582808378DD: changes role from  FOLLOWER to FOLLOWER at term 1 for candidate:s1
2022-07-04 07:12:31,932 [grpc-default-executor-5] INFO  impl.RoleInfo (RoleInfo.java:shutdownFollowerState(110)) - s2: shutdown s2@group-B582808378DD-FollowerState
2022-07-04 07:12:31,933 [s1@group-B582808378DD-LeaderElection8] INFO  server.RaftServer$Division (ServerState.java:setRaftConf(397)) - s1@group-B582808378DD: set configuration 0: [s0|rpc:localhost:46829|admin:localhost:33081|client:localhost:38933|dataStream:localhost:36389|priority:0, s1|rpc:localhost:35835|admin:localhost:38689|client:localhost:45855|dataStream:localhost:35069|priority:0, s2|rpc:localhost:38547|admin:localhost:37085|client:localhost:34761|dataStream:localhost:32867|priority:0], old=null
2022-07-04 07:12:31,937 [grpc-default-executor-5] INFO  impl.RoleInfo (RoleInfo.java:updateAndGet(139)) - s2: start s2@group-B582808378DD-FollowerState
2022-07-04 07:12:31,937 [s2@group-B582808378DD-FollowerState] INFO  impl.FollowerState (FollowerState.java:run(152)) - s2@group-B582808378DD-FollowerState was interrupted
2022-07-04 07:12:31,941 [grpc-default-executor-5] INFO  server.RaftServer$Division (RaftServerImpl.java:requestVote(1184)) - s2@group-B582808378DD replies to ELECTION vote request: s1<-s2#0:OK-t1. Peer's state: s2@group-B582808378DD:t1, leader=null, voted=s1, raftlog=s2@group-B582808378DD-SegmentedRaftLog:OPENED:c-1, conf=-1: [s0|rpc:localhost:46829|admin:localhost:33081|client:localhost:38933|dataStream:localhost:36389|priority:0, s1|rpc:localhost:35835|admin:localhost:38689|client:localhost:45855|dataStream:localhost:35069|priority:0, s2|rpc:localhost:38547|admin:localhost:37085|client:localhost:34761|dataStream:localhost:32867|priority:0], old=null
2022-07-04 07:12:31,941 [s2-server-thread1] INFO  server.RaftServer$Division (ServerState.java:setLeader(291)) - s2@group-B582808378DD: change Leader from null to s1 at term 1 for appendEntries, leader elected after 221ms
2022-07-04 07:12:31,942 [s0-server-thread1] INFO  server.RaftServer$Division (ServerState.java:setLeader(291)) - s0@group-B582808378DD: change Leader from null to s1 at term 1 for appendEntries, leader elected after 232ms
2022-07-04 07:12:31,944 [s2-server-thread1] INFO  server.RaftServer$Division (ServerState.java:setRaftConf(397)) - s2@group-B582808378DD: set configuration 0: [s0|rpc:localhost:46829|admin:localhost:33081|client:localhost:38933|dataStream:localhost:36389|priority:0, s1|rpc:localhost:35835|admin:localhost:38689|client:localhost:45855|dataStream:localhost:35069|priority:0, s2|rpc:localhost:38547|admin:localhost:37085|client:localhost:34761|dataStream:localhost:32867|priority:0], old=null
2022-07-04 07:12:31,944 [s2-server-thread1] DEBUG raftlog.RaftLog (SegmentedRaftLog.java:appendImpl(447)) - truncateIndex=-1, arrayIndex=0
2022-07-04 07:12:31,944 [s2-server-thread1] INFO  segmented.SegmentedRaftLogWorker (SegmentedRaftLogWorker.java:startLogSegment(425)) - s2@group-B582808378DD-SegmentedRaftLogWorker: Starting segment from index:0
2022-07-04 07:12:31,945 [s0-server-thread1] INFO  server.RaftServer$Division (ServerState.java:setRaftConf(397)) - s0@group-B582808378DD: set configuration 0: [s0|rpc:localhost:46829|admin:localhost:33081|client:localhost:38933|dataStream:localhost:36389|priority:0, s1|rpc:localhost:35835|admin:localhost:38689|client:localhost:45855|dataStream:localhost:35069|priority:0, s2|rpc:localhost:38547|admin:localhost:37085|client:localhost:34761|dataStream:localhost:32867|priority:0], old=null
2022-07-04 07:12:31,945 [s0-server-thread1] DEBUG raftlog.RaftLog (SegmentedRaftLog.java:appendImpl(447)) - truncateIndex=-1, arrayIndex=0
2022-07-04 07:12:31,945 [s0-server-thread1] INFO  segmented.SegmentedRaftLogWorker (SegmentedRaftLogWorker.java:startLogSegment(425)) - s0@group-B582808378DD-SegmentedRaftLogWorker: Starting segment from index:0
2022-07-04 07:12:31,946 [s2@group-B582808378DD-SegmentedRaftLogWorker] INFO  segmented.SegmentedRaftLogWorker (SegmentedRaftLogWorker.java:execute(629)) - s2@group-B582808378DD-SegmentedRaftLogWorker: created new log segment /home/runner/work/ratis/ratis/ratis-test/target/test/data/213e9af5/MiniRaftClusterWithGrpc2dae160b/s2/2e090e8e-e906-4c9f-8430-b582808378dd/current/log_inprogress_0
2022-07-04 07:12:31,946 [s0@group-B582808378DD-SegmentedRaftLogWorker] INFO  segmented.SegmentedRaftLogWorker (SegmentedRaftLogWorker.java:execute(629)) - s0@group-B582808378DD-SegmentedRaftLogWorker: created new log segment /home/runner/work/ratis/ratis/ratis-test/target/test/data/213e9af5/MiniRaftClusterWithGrpc2dae160b/s0/2e090e8e-e906-4c9f-8430-b582808378dd/current/log_inprogress_0
2022-07-04 07:12:32,183 [Time-limited test] INFO  ratis.RaftTestUtil (RaftTestUtil.java:waitForLeader(119)) - printing ALL groups
  s0:  RUNNING  FOLLOWER s0@group-B582808378DD:t1, leader=s1, voted=s1, raftlog=s0@group-B582808378DD-SegmentedRaftLog:OPENED:c0, conf=0: [s0|rpc:localhost:46829|admin:localhost:33081|client:localhost:38933|dataStream:localhost:36389|priority:0, s1|rpc:localhost:35835|admin:localhost:38689|client:localhost:45855|dataStream:localhost:35069|priority:0, s2|rpc:localhost:38547|admin:localhost:37085|client:localhost:34761|dataStream:localhost:32867|priority:0], old=null RUNNING
  s1:  RUNNING    LEADER s1@group-B582808378DD:t1, leader=s1, voted=s1, raftlog=s1@group-B582808378DD-SegmentedRaftLog:OPENED:c0, conf=0: [s0|rpc:localhost:46829|admin:localhost:33081|client:localhost:38933|dataStream:localhost:36389|priority:0, s1|rpc:localhost:35835|admin:localhost:38689|client:localhost:45855|dataStream:localhost:35069|priority:0, s2|rpc:localhost:38547|admin:localhost:37085|client:localhost:34761|dataStream:localhost:32867|priority:0], old=null RUNNING
  s2:  RUNNING  FOLLOWER s2@group-B582808378DD:t1, leader=s1, voted=s1, raftlog=s2@group-B582808378DD-SegmentedRaftLog:OPENED:c0, conf=0: [s0|rpc:localhost:46829|admin:localhost:33081|client:localhost:38933|dataStream:localhost:36389|priority:0, s1|rpc:localhost:35835|admin:localhost:38689|client:localhost:45855|dataStream:localhost:35069|priority:0, s2|rpc:localhost:38547|admin:localhost:37085|client:localhost:34761|dataStream:localhost:32867|priority:0], old=null RUNNING
2022-07-04 07:12:32,192 [s0-server-thread1] DEBUG raftlog.RaftLog (SegmentedRaftLog.java:appendImpl(447)) - truncateIndex=-1, arrayIndex=0
2022-07-04 07:12:32,193 [s2-server-thread1] DEBUG raftlog.RaftLog (SegmentedRaftLog.java:appendImpl(447)) - truncateIndex=-1, arrayIndex=0
2022-07-04 07:12:32,194 [s1@group-B582808378DD-StateMachineUpdater] INFO  statemachine.SimpleStateMachine4Testing (SimpleStateMachine4Testing.java:put(204)) - s1: put 1, m0 -> (t:1, i:1), STATEMACHINELOGENTRY, 386@client-6D946DA219F4
2022-07-04 07:12:32,195 [s0-server-thread1] DEBUG raftlog.RaftLog (SegmentedRaftLog.java:appendImpl(447)) - truncateIndex=-1, arrayIndex=0
2022-07-04 07:12:32,195 [s2-server-thread1] DEBUG raftlog.RaftLog (SegmentedRaftLog.java:appendImpl(447)) - truncateIndex=-1, arrayIndex=0
2022-07-04 07:12:32,196 [s0@group-B582808378DD-StateMachineUpdater] INFO  statemachine.SimpleStateMachine4Testing (SimpleStateMachine4Testing.java:put(204)) - s0: put 1, m0 -> (t:1, i:1), STATEMACHINELOGENTRY, 386@client-6D946DA219F4
2022-07-04 07:12:32,197 [s2@group-B582808378DD-StateMachineUpdater] INFO  statemachine.SimpleStateMachine4Testing (SimpleStateMachine4Testing.java:put(204)) - s2: put 1, m0 -> (t:1, i:1), STATEMACHINELOGENTRY, 386@client-6D946DA219F4
2022-07-04 07:12:32,200 [s2-server-thread1] DEBUG raftlog.RaftLog (SegmentedRaftLog.java:appendImpl(447)) - truncateIndex=-1, arrayIndex=0
2022-07-04 07:12:32,200 [s0-server-thread1] DEBUG raftlog.RaftLog (SegmentedRaftLog.java:appendImpl(447)) - truncateIndex=-1, arrayIndex=0
2022-07-04 07:12:32,205 [s2-server-thread1] DEBUG raftlog.RaftLog (SegmentedRaftLog.java:appendImpl(447)) - truncateIndex=-1, arrayIndex=0
2022-07-04 07:12:32,205 [s0-server-thread1] DEBUG raftlog.RaftLog (SegmentedRaftLog.java:appendImpl(447)) - truncateIndex=-1, arrayIndex=0
2022-07-04 07:12:32,206 [s1@group-B582808378DD-StateMachineUpdater] INFO  statemachine.SimpleStateMachine4Testing (SimpleStateMachine4Testing.java:put(204)) - s1: put 3, m1 -> (t:1, i:3), STATEMACHINELOGENTRY, 387@client-6D946DA219F4
2022-07-04 07:12:32,206 [s2@group-B582808378DD-StateMachineUpdater] INFO  statemachine.SimpleStateMachine4Testing (SimpleStateMachine4Testing.java:put(204)) - s2: put 3, m1 -> (t:1, i:3), STATEMACHINELOGENTRY, 387@client-6D946DA219F4
2022-07-04 07:12:32,207 [s0-server-thread1] DEBUG raftlog.RaftLog (SegmentedRaftLog.java:appendImpl(447)) - truncateIndex=-1, arrayIndex=0
2022-07-04 07:12:32,208 [s0@group-B582808378DD-StateMachineUpdater] INFO  statemachine.SimpleStateMachine4Testing (SimpleStateMachine4Testing.java:put(204)) - s0: put 3, m1 -> (t:1, i:3), STATEMACHINELOGENTRY, 387@client-6D946DA219F4
2022-07-04 07:12:32,209 [s0-server-thread1] DEBUG raftlog.RaftLog (SegmentedRaftLog.java:appendImpl(447)) - truncateIndex=-1, arrayIndex=0
2022-07-04 07:12:32,209 [s2-server-thread1] DEBUG raftlog.RaftLog (SegmentedRaftLog.java:appendImpl(447)) - truncateIndex=-1, arrayIndex=0
2022-07-04 07:12:32,209 [s1@group-B582808378DD-StateMachineUpdater] INFO  statemachine.SimpleStateMachine4Testing (SimpleStateMachine4Testing.java:put(204)) - s1: put 5, m2 -> (t:1, i:5), STATEMACHINELOGENTRY, 388@client-6D946DA219F4
2022-07-04 07:12:32,210 [s2-server-thread1] DEBUG raftlog.RaftLog (SegmentedRaftLog.java:appendImpl(447)) - truncateIndex=-1, arrayIndex=0
2022-07-04 07:12:32,211 [s0-server-thread1] DEBUG raftlog.RaftLog (SegmentedRaftLog.java:appendImpl(447)) - truncateIndex=-1, arrayIndex=0
2022-07-04 07:12:32,212 [s2-server-thread1] DEBUG raftlog.RaftLog (SegmentedRaftLog.java:appendImpl(447)) - truncateIndex=-1, arrayIndex=0
2022-07-04 07:12:32,212 [s0@group-B582808378DD-StateMachineUpdater] INFO  statemachine.SimpleStateMachine4Testing (SimpleStateMachine4Testing.java:put(204)) - s0: put 5, m2 -> (t:1, i:5), STATEMACHINELOGENTRY, 388@client-6D946DA219F4
2022-07-04 07:12:32,221 [s1@group-B582808378DD-StateMachineUpdater] INFO  statemachine.SimpleStateMachine4Testing (SimpleStateMachine4Testing.java:put(204)) - s1: put 7, m3 -> (t:1, i:7), STATEMACHINELOGENTRY, 389@client-6D946DA219F4
2022-07-04 07:12:32,221 [s2-server-thread1] DEBUG raftlog.RaftLog (SegmentedRaftLog.java:appendImpl(447)) - truncateIndex=-1, arrayIndex=0
2022-07-04 07:12:32,222 [s0-server-thread1] DEBUG raftlog.RaftLog (SegmentedRaftLog.java:appendImpl(447)) - truncateIndex=-1, arrayIndex=0
2022-07-04 07:12:32,224 [s2-server-thread1] DEBUG raftlog.RaftLog (SegmentedRaftLog.java:appendImpl(447)) - truncateIndex=-1, arrayIndex=0
2022-07-04 07:12:32,224 [s0-server-thread1] DEBUG raftlog.RaftLog (SegmentedRaftLog.java:appendImpl(447)) - truncateIndex=-1, arrayIndex=0
2022-07-04 07:12:32,227 [s2@group-B582808378DD-StateMachineUpdater] INFO  statemachine.SimpleStateMachine4Testing (SimpleStateMachine4Testing.java:put(204)) - s2: put 5, m2 -> (t:1, i:5), STATEMACHINELOGENTRY, 388@client-6D946DA219F4
2022-07-04 07:12:32,229 [s0@group-B582808378DD-StateMachineUpdater] INFO  statemachine.SimpleStateMachine4Testing (SimpleStateMachine4Testing.java:put(204)) - s0: put 7, m3 -> (t:1, i:7), STATEMACHINELOGENTRY, 389@client-6D946DA219F4
2022-07-04 07:12:32,230 [s2@group-B582808378DD-StateMachineUpdater] INFO  statemachine.SimpleStateMachine4Testing (SimpleStateMachine4Testing.java:put(204)) - s2: put 7, m3 -> (t:1, i:7), STATEMACHINELOGENTRY, 389@client-6D946DA219F4
2022-07-04 07:12:32,231 [s1@group-B582808378DD-StateMachineUpdater] INFO  statemachine.SimpleStateMachine4Testing (SimpleStateMachine4Testing.java:put(204)) - s1: put 9, m4 -> (t:1, i:9), STATEMACHINELOGENTRY, 390@client-6D946DA219F4
2022-07-04 07:12:32,232 [s0-server-thread1] DEBUG raftlog.RaftLog (SegmentedRaftLog.java:appendImpl(447)) - truncateIndex=-1, arrayIndex=0
2022-07-04 07:12:32,232 [s2-server-thread1] DEBUG raftlog.RaftLog (SegmentedRaftLog.java:appendImpl(447)) - truncateIndex=-1, arrayIndex=0
2022-07-04 07:12:32,234 [s2-server-thread1] DEBUG raftlog.RaftLog (SegmentedRaftLog.java:appendImpl(447)) - truncateIndex=-1, arrayIndex=0
2022-07-04 07:12:32,234 [s0-server-thread1] DEBUG raftlog.RaftLog (SegmentedRaftLog.java:appendImpl(447)) - truncateIndex=-1, arrayIndex=0
2022-07-04 07:12:32,237 [s2@group-B582808378DD-StateMachineUpdater] INFO  statemachine.SimpleStateMachine4Testing (SimpleStateMachine4Testing.java:put(204)) - s2: put 9, m4 -> (t:1, i:9), STATEMACHINELOGENTRY, 390@client-6D946DA219F4
2022-07-04 07:12:32,238 [s0@group-B582808378DD-StateMachineUpdater] INFO  statemachine.SimpleStateMachine4Testing (SimpleStateMachine4Testing.java:put(204)) - s0: put 9, m4 -> (t:1, i:9), STATEMACHINELOGENTRY, 390@client-6D946DA219F4
2022-07-04 07:12:32,239 [s1@group-B582808378DD-StateMachineUpdater] INFO  statemachine.SimpleStateMachine4Testing (SimpleStateMachine4Testing.java:put(204)) - s1: put 11, m5 -> (t:1, i:11), STATEMACHINELOGENTRY, 391@client-6D946DA219F4
2022-07-04 07:12:32,240 [s0-server-thread1] DEBUG raftlog.RaftLog (SegmentedRaftLog.java:appendImpl(447)) - truncateIndex=-1, arrayIndex=0
2022-07-04 07:12:32,240 [s2-server-thread1] DEBUG raftlog.RaftLog (SegmentedRaftLog.java:appendImpl(447)) - truncateIndex=-1, arrayIndex=0
2022-07-04 07:12:32,242 [s2-server-thread1] DEBUG raftlog.RaftLog (SegmentedRaftLog.java:appendImpl(447)) - truncateIndex=-1, arrayIndex=0
2022-07-04 07:12:32,242 [s0-server-thread1] DEBUG raftlog.RaftLog (SegmentedRaftLog.java:appendImpl(447)) - truncateIndex=-1, arrayIndex=0
2022-07-04 07:12:32,243 [s0@group-B582808378DD-StateMachineUpdater] INFO  statemachine.SimpleStateMachine4Testing (SimpleStateMachine4Testing.java:put(204)) - s0: put 11, m5 -> (t:1, i:11), STATEMACHINELOGENTRY, 391@client-6D946DA219F4
2022-07-04 07:12:32,244 [s2@group-B582808378DD-StateMachineUpdater] INFO  statemachine.SimpleStateMachine4Testing (SimpleStateMachine4Testing.java:put(204)) - s2: put 11, m5 -> (t:1, i:11), STATEMACHINELOGENTRY, 391@client-6D946DA219F4
2022-07-04 07:12:32,244 [s1@group-B582808378DD-StateMachineUpdater] INFO  statemachine.SimpleStateMachine4Testing (SimpleStateMachine4Testing.java:put(204)) - s1: put 13, m6 -> (t:1, i:13), STATEMACHINELOGENTRY, 392@client-6D946DA219F4
2022-07-04 07:12:32,245 [s0-server-thread1] DEBUG raftlog.RaftLog (SegmentedRaftLog.java:appendImpl(447)) - truncateIndex=-1, arrayIndex=0
2022-07-04 07:12:32,245 [s2-server-thread1] DEBUG raftlog.RaftLog (SegmentedRaftLog.java:appendImpl(447)) - truncateIndex=-1, arrayIndex=0
2022-07-04 07:12:32,246 [s0@group-B582808378DD-StateMachineUpdater] INFO  statemachine.SimpleStateMachine4Testing (SimpleStateMachine4Testing.java:put(204)) - s0: put 13, m6 -> (t:1, i:13), STATEMACHINELOGENTRY, 392@client-6D946DA219F4
2022-07-04 07:12:32,246 [s0-server-thread1] DEBUG raftlog.RaftLog (SegmentedRaftLog.java:appendImpl(447)) - truncateIndex=-1, arrayIndex=0
2022-07-04 07:12:32,247 [s2-server-thread1] DEBUG raftlog.RaftLog (SegmentedRaftLog.java:appendImpl(447)) - truncateIndex=-1, arrayIndex=0
2022-07-04 07:12:32,247 [s2@group-B582808378DD-StateMachineUpdater] INFO  statemachine.SimpleStateMachine4Testing (SimpleStateMachine4Testing.java:put(204)) - s2: put 13, m6 -> (t:1, i:13), STATEMACHINELOGENTRY, 392@client-6D946DA219F4
2022-07-04 07:12:32,248 [s1@group-B582808378DD-StateMachineUpdater] INFO  statemachine.SimpleStateMachine4Testing (SimpleStateMachine4Testing.java:put(204)) - s1: put 15, m7 -> (t:1, i:15), STATEMACHINELOGENTRY, 393@client-6D946DA219F4
2022-07-04 07:12:32,248 [s2-server-thread1] DEBUG raftlog.RaftLog (SegmentedRaftLog.java:appendImpl(447)) - truncateIndex=-1, arrayIndex=0
2022-07-04 07:12:32,249 [s0-server-thread1] DEBUG raftlog.RaftLog (SegmentedRaftLog.java:appendImpl(447)) - truncateIndex=-1, arrayIndex=0
2022-07-04 07:12:32,250 [s2@group-B582808378DD-StateMachineUpdater] INFO  statemachine.SimpleStateMachine4Testing (SimpleStateMachine4Testing.java:put(204)) - s2: put 15, m7 -> (t:1, i:15), STATEMACHINELOGENTRY, 393@client-6D946DA219F4
2022-07-04 07:12:32,250 [s2-server-thread1] DEBUG raftlog.RaftLog (SegmentedRaftLog.java:appendImpl(447)) - truncateIndex=-1, arrayIndex=0
2022-07-04 07:12:32,250 [s0-server-thread1] DEBUG raftlog.RaftLog (SegmentedRaftLog.java:appendImpl(447)) - truncateIndex=-1, arrayIndex=0
2022-07-04 07:12:32,251 [s0@group-B582808378DD-StateMachineUpdater] INFO  statemachine.SimpleStateMachine4Testing (SimpleStateMachine4Testing.java:put(204)) - s0: put 15, m7 -> (t:1, i:15), STATEMACHINELOGENTRY, 393@client-6D946DA219F4
2022-07-04 07:12:32,252 [s1@group-B582808378DD-StateMachineUpdater] INFO  statemachine.SimpleStateMachine4Testing (SimpleStateMachine4Testing.java:put(204)) - s1: put 17, m8 -> (t:1, i:17), STATEMACHINELOGENTRY, 394@client-6D946DA219F4
2022-07-04 07:12:32,252 [s2-server-thread1] DEBUG raftlog.RaftLog (SegmentedRaftLog.java:appendImpl(447)) - truncateIndex=-1, arrayIndex=0
2022-07-04 07:12:32,253 [s0-server-thread1] DEBUG raftlog.RaftLog (SegmentedRaftLog.java:appendImpl(447)) - truncateIndex=-1, arrayIndex=0
2022-07-04 07:12:32,254 [s2-server-thread1] DEBUG raftlog.RaftLog (SegmentedRaftLog.java:appendImpl(447)) - truncateIndex=-1, arrayIndex=0
2022-07-04 07:12:32,254 [s0-server-thread1] DEBUG raftlog.RaftLog (SegmentedRaftLog.java:appendImpl(447)) - truncateIndex=-1, arrayIndex=0
2022-07-04 07:12:32,254 [s2@group-B582808378DD-StateMachineUpdater] INFO  statemachine.SimpleStateMachine4Testing (SimpleStateMachine4Testing.java:put(204)) - s2: put 17, m8 -> (t:1, i:17), STATEMACHINELOGENTRY, 394@client-6D946DA219F4
2022-07-04 07:12:32,255 [s0@group-B582808378DD-StateMachineUpdater] INFO  statemachine.SimpleStateMachine4Testing (SimpleStateMachine4Testing.java:put(204)) - s0: put 17, m8 -> (t:1, i:17), STATEMACHINELOGENTRY, 394@client-6D946DA219F4
2022-07-04 07:12:32,256 [s1@group-B582808378DD-StateMachineUpdater] INFO  statemachine.SimpleStateMachine4Testing (SimpleStateMachine4Testing.java:put(204)) - s1: put 19, m9 -> (t:1, i:19), STATEMACHINELOGENTRY, 395@client-6D946DA219F4
2022-07-04 07:12:32,256 [s2-server-thread1] DEBUG raftlog.RaftLog (SegmentedRaftLog.java:appendImpl(447)) - truncateIndex=-1, arrayIndex=0
2022-07-04 07:12:32,258 [s2@group-B582808378DD-StateMachineUpdater] INFO  statemachine.SimpleStateMachine4Testing (SimpleStateMachine4Testing.java:put(204)) - s2: put 19, m9 -> (t:1, i:19), STATEMACHINELOGENTRY, 395@client-6D946DA219F4
2022-07-04 07:12:32,258 [s2-server-thread1] DEBUG raftlog.RaftLog (SegmentedRaftLog.java:appendImpl(447)) - truncateIndex=-1, arrayIndex=0
2022-07-04 07:12:32,258 [s0-server-thread1] DEBUG raftlog.RaftLog (SegmentedRaftLog.java:appendImpl(447)) - truncateIndex=-1, arrayIndex=0
2022-07-04 07:12:32,259 [s0@group-B582808378DD-StateMachineUpdater] INFO  statemachine.SimpleStateMachine4Testing (SimpleStateMachine4Testing.java:put(204)) - s0: put 19, m9 -> (t:1, i:19), STATEMACHINELOGENTRY, 395@client-6D946DA219F4
2022-07-04 07:12:32,259 [s0-server-thread1] DEBUG raftlog.RaftLog (SegmentedRaftLog.java:appendImpl(447)) - truncateIndex=-1, arrayIndex=0
2022-07-04 07:12:32,263 [s1@group-B582808378DD-StateMachineUpdater] INFO  statemachine.SimpleStateMachine4Testing (SimpleStateMachine4Testing.java:put(204)) - s1: put 21, m10 -> (t:1, i:21), STATEMACHINELOGENTRY, 396@client-6D946DA219F4
2022-07-04 07:12:32,264 [s0-server-thread1] DEBUG raftlog.RaftLog (SegmentedRaftLog.java:appendImpl(447)) - truncateIndex=-1, arrayIndex=0
2022-07-04 07:12:32,264 [s2-server-thread1] DEBUG raftlog.RaftLog (SegmentedRaftLog.java:appendImpl(447)) - truncateIndex=-1, arrayIndex=0
2022-07-04 07:12:32,265 [s1-client-thread1] INFO  segmented.SegmentedRaftLogWorker (SegmentedRaftLogWorker.java:rollLogSegment(430)) - s1@group-B582808378DD-SegmentedRaftLogWorker: Rolling segment log-0_22 to index:22
2022-07-04 07:12:32,265 [s0@group-B582808378DD-StateMachineUpdater] INFO  statemachine.SimpleStateMachine4Testing (SimpleStateMachine4Testing.java:put(204)) - s0: put 21, m10 -> (t:1, i:21), STATEMACHINELOGENTRY, 396@client-6D946DA219F4
2022-07-04 07:12:32,266 [s1@group-B582808378DD-SegmentedRaftLogWorker] TRACE util.FileUtils (LogUtils.java:runAndLog(49)) - Successfully ran Files.move /home/runner/work/ratis/ratis/ratis-test/target/test/data/213e9af5/MiniRaftClusterWithGrpc2dae160b/s1/2e090e8e-e906-4c9f-8430-b582808378dd/current/log_inprogress_0 to /home/runner/work/ratis/ratis/ratis-test/target/test/data/213e9af5/MiniRaftClusterWithGrpc2dae160b/s1/2e090e8e-e906-4c9f-8430-b582808378dd/current/log_0-22
2022-07-04 07:12:32,266 [s1@group-B582808378DD-SegmentedRaftLogWorker] INFO  segmented.SegmentedRaftLogWorker (SegmentedRaftLogWorker.java:execute(586)) - s1@group-B582808378DD-SegmentedRaftLogWorker: Rolled log segment from /home/runner/work/ratis/ratis/ratis-test/target/test/data/213e9af5/MiniRaftClusterWithGrpc2dae160b/s1/2e090e8e-e906-4c9f-8430-b582808378dd/current/log_inprogress_0 to /home/runner/work/ratis/ratis/ratis-test/target/test/data/213e9af5/MiniRaftClusterWithGrpc2dae160b/s1/2e090e8e-e906-4c9f-8430-b582808378dd/current/log_0-22
2022-07-04 07:12:32,266 [s2-server-thread1] DEBUG raftlog.RaftLog (SegmentedRaftLog.java:appendImpl(447)) - truncateIndex=-1, arrayIndex=0
2022-07-04 07:12:32,266 [s0-server-thread1] DEBUG raftlog.RaftLog (SegmentedRaftLog.java:appendImpl(447)) - truncateIndex=-1, arrayIndex=0
2022-07-04 07:12:32,266 [s2-server-thread1] INFO  segmented.SegmentedRaftLogWorker (SegmentedRaftLogWorker.java:rollLogSegment(430)) - s2@group-B582808378DD-SegmentedRaftLogWorker: Rolling segment log-0_22 to index:22
2022-07-04 07:12:32,267 [s0-server-thread1] INFO  segmented.SegmentedRaftLogWorker (SegmentedRaftLogWorker.java:rollLogSegment(430)) - s0@group-B582808378DD-SegmentedRaftLogWorker: Rolling segment log-0_22 to index:22
2022-07-04 07:12:32,267 [s0@group-B582808378DD-SegmentedRaftLogWorker] TRACE util.FileUtils (LogUtils.java:runAndLog(49)) - Successfully ran Files.move /home/runner/work/ratis/ratis/ratis-test/target/test/data/213e9af5/MiniRaftClusterWithGrpc2dae160b/s0/2e090e8e-e906-4c9f-8430-b582808378dd/current/log_inprogress_0 to /home/runner/work/ratis/ratis/ratis-test/target/test/data/213e9af5/MiniRaftClusterWithGrpc2dae160b/s0/2e090e8e-e906-4c9f-8430-b582808378dd/current/log_0-22
2022-07-04 07:12:32,267 [s0@group-B582808378DD-SegmentedRaftLogWorker] INFO  segmented.SegmentedRaftLogWorker (SegmentedRaftLogWorker.java:execute(586)) - s0@group-B582808378DD-SegmentedRaftLogWorker: Rolled log segment from /home/runner/work/ratis/ratis/ratis-test/target/test/data/213e9af5/MiniRaftClusterWithGrpc2dae160b/s0/2e090e8e-e906-4c9f-8430-b582808378dd/current/log_inprogress_0 to /home/runner/work/ratis/ratis/ratis-test/target/test/data/213e9af5/MiniRaftClusterWithGrpc2dae160b/s0/2e090e8e-e906-4c9f-8430-b582808378dd/current/log_0-22
2022-07-04 07:12:32,267 [s1@group-B582808378DD-SegmentedRaftLogWorker] INFO  segmented.SegmentedRaftLogWorker (SegmentedRaftLogWorker.java:execute(629)) - s1@group-B582808378DD-SegmentedRaftLogWorker: created new log segment /home/runner/work/ratis/ratis/ratis-test/target/test/data/213e9af5/MiniRaftClusterWithGrpc2dae160b/s1/2e090e8e-e906-4c9f-8430-b582808378dd/current/log_inprogress_23
2022-07-04 07:12:32,268 [s0@group-B582808378DD-SegmentedRaftLogWorker] INFO  segmented.SegmentedRaftLogWorker (SegmentedRaftLogWorker.java:execute(629)) - s0@group-B582808378DD-SegmentedRaftLogWorker: created new log segment /home/runner/work/ratis/ratis/ratis-test/target/test/data/213e9af5/MiniRaftClusterWithGrpc2dae160b/s0/2e090e8e-e906-4c9f-8430-b582808378dd/current/log_inprogress_23
2022-07-04 07:12:32,268 [s2@group-B582808378DD-SegmentedRaftLogWorker] TRACE util.FileUtils (LogUtils.java:runAndLog(49)) - Successfully ran Files.move /home/runner/work/ratis/ratis/ratis-test/target/test/data/213e9af5/MiniRaftClusterWithGrpc2dae160b/s2/2e090e8e-e906-4c9f-8430-b582808378dd/current/log_inprogress_0 to /home/runner/work/ratis/ratis/ratis-test/target/test/data/213e9af5/MiniRaftClusterWithGrpc2dae160b/s2/2e090e8e-e906-4c9f-8430-b582808378dd/current/log_0-22
2022-07-04 07:12:32,268 [s2@group-B582808378DD-SegmentedRaftLogWorker] INFO  segmented.SegmentedRaftLogWorker (SegmentedRaftLogWorker.java:execute(586)) - s2@group-B582808378DD-SegmentedRaftLogWorker: Rolled log segment from /home/runner/work/ratis/ratis/ratis-test/target/test/data/213e9af5/MiniRaftClusterWithGrpc2dae160b/s2/2e090e8e-e906-4c9f-8430-b582808378dd/current/log_inprogress_0 to /home/runner/work/ratis/ratis/ratis-test/target/test/data/213e9af5/MiniRaftClusterWithGrpc2dae160b/s2/2e090e8e-e906-4c9f-8430-b582808378dd/current/log_0-22
2022-07-04 07:12:32,269 [s2@group-B582808378DD-StateMachineUpdater] INFO  statemachine.SimpleStateMachine4Testing (SimpleStateMachine4Testing.java:put(204)) - s2: put 21, m10 -> (t:1, i:21), STATEMACHINELOGENTRY, 396@client-6D946DA219F4
2022-07-04 07:12:32,269 [s2@group-B582808378DD-SegmentedRaftLogWorker] INFO  segmented.SegmentedRaftLogWorker (SegmentedRaftLogWorker.java:execute(629)) - s2@group-B582808378DD-SegmentedRaftLogWorker: created new log segment /home/runner/work/ratis/ratis/ratis-test/target/test/data/213e9af5/MiniRaftClusterWithGrpc2dae160b/s2/2e090e8e-e906-4c9f-8430-b582808378dd/current/log_inprogress_23
2022-07-04 07:12:32,272 [s1@group-B582808378DD-StateMachineUpdater] INFO  statemachine.SimpleStateMachine4Testing (SimpleStateMachine4Testing.java:put(204)) - s1: put 23, m11 -> (t:1, i:23), STATEMACHINELOGENTRY, 397@client-6D946DA219F4
2022-07-04 07:12:32,273 [s0-server-thread1] DEBUG raftlog.RaftLog (SegmentedRaftLog.java:appendImpl(447)) - truncateIndex=-1, arrayIndex=0
2022-07-04 07:12:32,274 [s2-server-thread1] DEBUG raftlog.RaftLog (SegmentedRaftLog.java:appendImpl(447)) - truncateIndex=-1, arrayIndex=0
2022-07-04 07:12:32,274 [s0-server-thread1] DEBUG raftlog.RaftLog (SegmentedRaftLog.java:appendImpl(447)) - truncateIndex=-1, arrayIndex=0
2022-07-04 07:12:32,275 [s2-server-thread1] DEBUG raftlog.RaftLog (SegmentedRaftLog.java:appendImpl(447)) - truncateIndex=-1, arrayIndex=0
2022-07-04 07:12:32,285 [s0@group-B582808378DD-StateMachineUpdater] INFO  statemachine.SimpleStateMachine4Testing (SimpleStateMachine4Testing.java:put(204)) - s0: put 23, m11 -> (t:1, i:23), STATEMACHINELOGENTRY, 397@client-6D946DA219F4
2022-07-04 07:12:32,285 [s2@group-B582808378DD-StateMachineUpdater] INFO  statemachine.SimpleStateMachine4Testing (SimpleStateMachine4Testing.java:put(204)) - s2: put 23, m11 -> (t:1, i:23), STATEMACHINELOGENTRY, 397@client-6D946DA219F4
2022-07-04 07:12:32,286 [s1@group-B582808378DD-StateMachineUpdater] INFO  statemachine.SimpleStateMachine4Testing (SimpleStateMachine4Testing.java:put(204)) - s1: put 25, m12 -> (t:1, i:25), STATEMACHINELOGENTRY, 398@client-6D946DA219F4
2022-07-04 07:12:32,286 [s0-server-thread1] DEBUG raftlog.RaftLog (SegmentedRaftLog.java:appendImpl(447)) - truncateIndex=-1, arrayIndex=0
2022-07-04 07:12:32,286 [s2-server-thread1] DEBUG raftlog.RaftLog (SegmentedRaftLog.java:appendImpl(447)) - truncateIndex=-1, arrayIndex=0
2022-07-04 07:12:32,288 [s2-server-thread1] DEBUG raftlog.RaftLog (SegmentedRaftLog.java:appendImpl(447)) - truncateIndex=-1, arrayIndex=0
2022-07-04 07:12:32,288 [s0-server-thread1] DEBUG raftlog.RaftLog (SegmentedRaftLog.java:appendImpl(447)) - truncateIndex=-1, arrayIndex=0
2022-07-04 07:12:32,289 [s2@group-B582808378DD-StateMachineUpdater] INFO  statemachine.SimpleStateMachine4Testing (SimpleStateMachine4Testing.java:put(204)) - s2: put 25, m12 -> (t:1, i:25), STATEMACHINELOGENTRY, 398@client-6D946DA219F4
2022-07-04 07:12:32,290 [s1@group-B582808378DD-StateMachineUpdater] INFO  statemachine.SimpleStateMachine4Testing (SimpleStateMachine4Testing.java:put(204)) - s1: put 27, m13 -> (t:1, i:27), STATEMACHINELOGENTRY, 399@client-6D946DA219F4
2022-07-04 07:12:32,291 [s2-server-thread1] DEBUG raftlog.RaftLog (SegmentedRaftLog.java:appendImpl(447)) - truncateIndex=-1, arrayIndex=0
2022-07-04 07:12:32,291 [s0-server-thread1] DEBUG raftlog.RaftLog (SegmentedRaftLog.java:appendImpl(447)) - truncateIndex=-1, arrayIndex=0
2022-07-04 07:12:32,292 [s0-server-thread1] DEBUG raftlog.RaftLog (SegmentedRaftLog.java:appendImpl(447)) - truncateIndex=-1, arrayIndex=0
2022-07-04 07:12:32,292 [s2-server-thread1] DEBUG raftlog.RaftLog (SegmentedRaftLog.java:appendImpl(447)) - truncateIndex=-1, arrayIndex=0
2022-07-04 07:12:32,293 [s0@group-B582808378DD-StateMachineUpdater] INFO  statemachine.SimpleStateMachine4Testing (SimpleStateMachine4Testing.java:put(204)) - s0: put 25, m12 -> (t:1, i:25), STATEMACHINELOGENTRY, 398@client-6D946DA219F4
2022-07-04 07:12:32,294 [s2@group-B582808378DD-StateMachineUpdater] INFO  statemachine.SimpleStateMachine4Testing (SimpleStateMachine4Testing.java:put(204)) - s2: put 27, m13 -> (t:1, i:27), STATEMACHINELOGENTRY, 399@client-6D946DA219F4
2022-07-04 07:12:32,296 [s1@group-B582808378DD-StateMachineUpdater] INFO  statemachine.SimpleStateMachine4Testing (SimpleStateMachine4Testing.java:put(204)) - s1: put 29, m14 -> (t:1, i:29), STATEMACHINELOGENTRY, 400@client-6D946DA219F4
2022-07-04 07:12:32,297 [s2-server-thread1] DEBUG raftlog.RaftLog (SegmentedRaftLog.java:appendImpl(447)) - truncateIndex=-1, arrayIndex=0
2022-07-04 07:12:32,298 [s0@group-B582808378DD-StateMachineUpdater] INFO  statemachine.SimpleStateMachine4Testing (SimpleStateMachine4Testing.java:put(204)) - s0: put 27, m13 -> (t:1, i:27), STATEMACHINELOGENTRY, 399@client-6D946DA219F4
2022-07-04 07:12:32,298 [s0-server-thread1] DEBUG raftlog.RaftLog (SegmentedRaftLog.java:appendImpl(447)) - truncateIndex=-1, arrayIndex=0
2022-07-04 07:12:32,298 [s2-server-thread1] DEBUG raftlog.RaftLog (SegmentedRaftLog.java:appendImpl(447)) - truncateIndex=-1, arrayIndex=0
2022-07-04 07:12:32,299 [s0-server-thread1] DEBUG raftlog.RaftLog (SegmentedRaftLog.java:appendImpl(447)) - truncateIndex=-1, arrayIndex=0
2022-07-04 07:12:32,299 [s2@group-B582808378DD-StateMachineUpdater] INFO  statemachine.SimpleStateMachine4Testing (SimpleStateMachine4Testing.java:put(204)) - s2: put 29, m14 -> (t:1, i:29), STATEMACHINELOGENTRY, 400@client-6D946DA219F4
2022-07-04 07:12:32,300 [s0@group-B582808378DD-StateMachineUpdater] INFO  statemachine.SimpleStateMachine4Testing (SimpleStateMachine4Testing.java:put(204)) - s0: put 29, m14 -> (t:1, i:29), STATEMACHINELOGENTRY, 400@client-6D946DA219F4
2022-07-04 07:12:32,301 [s1@group-B582808378DD-StateMachineUpdater] INFO  statemachine.SimpleStateMachine4Testing (SimpleStateMachine4Testing.java:put(204)) - s1: put 31, m15 -> (t:1, i:31), STATEMACHINELOGENTRY, 401@client-6D946DA219F4
2022-07-04 07:12:32,301 [s2-server-thread1] DEBUG raftlog.RaftLog (SegmentedRaftLog.java:appendImpl(447)) - truncateIndex=-1, arrayIndex=0
2022-07-04 07:12:32,302 [s0-server-thread1] DEBUG raftlog.RaftLog (SegmentedRaftLog.java:appendImpl(447)) - truncateIndex=-1, arrayIndex=0
2022-07-04 07:12:32,303 [s0-server-thread1] DEBUG raftlog.RaftLog (SegmentedRaftLog.java:appendImpl(447)) - truncateIndex=-1, arrayIndex=0
2022-07-04 07:12:32,303 [s2-server-thread1] DEBUG raftlog.RaftLog (SegmentedRaftLog.java:appendImpl(447)) - truncateIndex=-1, arrayIndex=0
2022-07-04 07:12:32,304 [s2@group-B582808378DD-StateMachineUpdater] INFO  statemachine.SimpleStateMachine4Testing (SimpleStateMachine4Testing.java:put(204)) - s2: put 31, m15 -> (t:1, i:31), STATEMACHINELOGENTRY, 401@client-6D946DA219F4
2022-07-04 07:12:32,304 [s0@group-B582808378DD-StateMachineUpdater] INFO  statemachine.SimpleStateMachine4Testing (SimpleStateMachine4Testing.java:put(204)) - s0: put 31, m15 -> (t:1, i:31), STATEMACHINELOGENTRY, 401@client-6D946DA219F4
2022-07-04 07:12:32,305 [s1@group-B582808378DD-StateMachineUpdater] INFO  statemachine.SimpleStateMachine4Testing (SimpleStateMachine4Testing.java:put(204)) - s1: put 33, m16 -> (t:1, i:33), STATEMACHINELOGENTRY, 402@client-6D946DA219F4
2022-07-04 07:12:32,305 [s0-server-thread1] DEBUG raftlog.RaftLog (SegmentedRaftLog.java:appendImpl(447)) - truncateIndex=-1, arrayIndex=0
2022-07-04 07:12:32,306 [s2-server-thread1] DEBUG raftlog.RaftLog (SegmentedRaftLog.java:appendImpl(447)) - truncateIndex=-1, arrayIndex=0
2022-07-04 07:12:32,307 [s0-server-thread1] DEBUG raftlog.RaftLog (SegmentedRaftLog.java:appendImpl(447)) - truncateIndex=-1, arrayIndex=0
2022-07-04 07:12:32,307 [s2-server-thread1] DEBUG raftlog.RaftLog (SegmentedRaftLog.java:appendImpl(447)) - truncateIndex=-1, arrayIndex=0
2022-07-04 07:12:32,311 [s0@group-B582808378DD-StateMachineUpdater] INFO  statemachine.SimpleStateMachine4Testing (SimpleStateMachine4Testing.java:put(204)) - s0: put 33, m16 -> (t:1, i:33), STATEMACHINELOGENTRY, 402@client-6D946DA219F4
2022-07-04 07:12:32,312 [s1@group-B582808378DD-StateMachineUpdater] INFO  statemachine.SimpleStateMachine4Testing (SimpleStateMachine4Testing.java:put(204)) - s1: put 35, m17 -> (t:1, i:35), STATEMACHINELOGENTRY, 403@client-6D946DA219F4
2022-07-04 07:12:32,313 [s2@group-B582808378DD-StateMachineUpdater] INFO  statemachine.SimpleStateMachine4Testing (SimpleStateMachine4Testing.java:put(204)) - s2: put 33, m16 -> (t:1, i:33), STATEMACHINELOGENTRY, 402@client-6D946DA219F4
2022-07-04 07:12:32,313 [s0-server-thread1] DEBUG raftlog.RaftLog (SegmentedRaftLog.java:appendImpl(447)) - truncateIndex=-1, arrayIndex=0
2022-07-04 07:12:32,314 [s2-server-thread1] DEBUG raftlog.RaftLog (SegmentedRaftLog.java:appendImpl(447)) - truncateIndex=-1, arrayIndex=0
2022-07-04 07:12:32,314 [s2-server-thread1] DEBUG raftlog.RaftLog (SegmentedRaftLog.java:appendImpl(447)) - truncateIndex=-1, arrayIndex=0
2022-07-04 07:12:32,314 [s0-server-thread1] DEBUG raftlog.RaftLog (SegmentedRaftLog.java:appendImpl(447)) - truncateIndex=-1, arrayIndex=0
2022-07-04 07:12:32,315 [s0@group-B582808378DD-StateMachineUpdater] INFO  statemachine.SimpleStateMachine4Testing (SimpleStateMachine4Testing.java:put(204)) - s0: put 35, m17 -> (t:1, i:35), STATEMACHINELOGENTRY, 403@client-6D946DA219F4
2022-07-04 07:12:32,315 [s2@group-B582808378DD-StateMachineUpdater] INFO  statemachine.SimpleStateMachine4Testing (SimpleStateMachine4Testing.java:put(204)) - s2: put 35, m17 -> (t:1, i:35), STATEMACHINELOGENTRY, 403@client-6D946DA219F4
2022-07-04 07:12:32,316 [s1@group-B582808378DD-StateMachineUpdater] INFO  statemachine.SimpleStateMachine4Testing (SimpleStateMachine4Testing.java:put(204)) - s1: put 37, m18 -> (t:1, i:37), STATEMACHINELOGENTRY, 404@client-6D946DA219F4
2022-07-04 07:12:32,317 [s2-server-thread1] DEBUG raftlog.RaftLog (SegmentedRaftLog.java:appendImpl(447)) - truncateIndex=-1, arrayIndex=0
2022-07-04 07:12:32,318 [s0-server-thread1] DEBUG raftlog.RaftLog (SegmentedRaftLog.java:appendImpl(447)) - truncateIndex=-1, arrayIndex=0
2022-07-04 07:12:32,319 [s2-server-thread1] DEBUG raftlog.RaftLog (SegmentedRaftLog.java:appendImpl(447)) - truncateIndex=-1, arrayIndex=0
2022-07-04 07:12:32,319 [s0-server-thread1] DEBUG raftlog.RaftLog (SegmentedRaftLog.java:appendImpl(447)) - truncateIndex=-1, arrayIndex=0
2022-07-04 07:12:32,320 [s0@group-B582808378DD-StateMachineUpdater] INFO  statemachine.SimpleStateMachine4Testing (SimpleStateMachine4Testing.java:put(204)) - s0: put 37, m18 -> (t:1, i:37), STATEMACHINELOGENTRY, 404@client-6D946DA219F4
2022-07-04 07:12:32,321 [s2@group-B582808378DD-StateMachineUpdater] INFO  statemachine.SimpleStateMachine4Testing (SimpleStateMachine4Testing.java:put(204)) - s2: put 37, m18 -> (t:1, i:37), STATEMACHINELOGENTRY, 404@client-6D946DA219F4
2022-07-04 07:12:32,322 [s1@group-B582808378DD-StateMachineUpdater] INFO  statemachine.SimpleStateMachine4Testing (SimpleStateMachine4Testing.java:put(204)) - s1: put 39, m19 -> (t:1, i:39), STATEMACHINELOGENTRY, 405@client-6D946DA219F4
2022-07-04 07:12:32,322 [s0-server-thread1] DEBUG raftlog.RaftLog (SegmentedRaftLog.java:appendImpl(447)) - truncateIndex=-1, arrayIndex=0
2022-07-04 07:12:32,323 [s2-server-thread1] DEBUG raftlog.RaftLog (SegmentedRaftLog.java:appendImpl(447)) - truncateIndex=-1, arrayIndex=0
2022-07-04 07:12:32,324 [s2-server-thread1] DEBUG raftlog.RaftLog (SegmentedRaftLog.java:appendImpl(447)) - truncateIndex=-1, arrayIndex=0
2022-07-04 07:12:32,325 [s0-server-thread1] DEBUG raftlog.RaftLog (SegmentedRaftLog.java:appendImpl(447)) - truncateIndex=-1, arrayIndex=0
2022-07-04 07:12:32,325 [s0@group-B582808378DD-StateMachineUpdater] INFO  statemachine.SimpleStateMachine4Testing (SimpleStateMachine4Testing.java:put(204)) - s0: put 39, m19 -> (t:1, i:39), STATEMACHINELOGENTRY, 405@client-6D946DA219F4
2022-07-04 07:12:32,327 [s1@group-B582808378DD-StateMachineUpdater] INFO  statemachine.SimpleStateMachine4Testing (SimpleStateMachine4Testing.java:put(204)) - s1: put 41, m20 -> (t:1, i:41), STATEMACHINELOGENTRY, 406@client-6D946DA219F4
2022-07-04 07:12:32,327 [s2-server-thread1] DEBUG raftlog.RaftLog (SegmentedRaftLog.java:appendImpl(447)) - truncateIndex=-1, arrayIndex=0
2022-07-04 07:12:32,327 [s0-server-thread1] DEBUG raftlog.RaftLog (SegmentedRaftLog.java:appendImpl(447)) - truncateIndex=-1, arrayIndex=0
2022-07-04 07:12:32,329 [s0-server-thread1] DEBUG raftlog.RaftLog (SegmentedRaftLog.java:appendImpl(447)) - truncateIndex=-1, arrayIndex=0
2022-07-04 07:12:32,329 [s2-server-thread1] DEBUG raftlog.RaftLog (SegmentedRaftLog.java:appendImpl(447)) - truncateIndex=-1, arrayIndex=0
2022-07-04 07:12:32,329 [s2@group-B582808378DD-StateMachineUpdater] INFO  statemachine.SimpleStateMachine4Testing (SimpleStateMachine4Testing.java:put(204)) - s2: put 39, m19 -> (t:1, i:39), STATEMACHINELOGENTRY, 405@client-6D946DA219F4
2022-07-04 07:12:32,331 [s2@group-B582808378DD-StateMachineUpdater] INFO  statemachine.SimpleStateMachine4Testing (SimpleStateMachine4Testing.java:put(204)) - s2: put 41, m20 -> (t:1, i:41), STATEMACHINELOGENTRY, 406@client-6D946DA219F4
2022-07-04 07:12:32,331 [s1@group-B582808378DD-StateMachineUpdater] INFO  statemachine.SimpleStateMachine4Testing (SimpleStateMachine4Testing.java:put(204)) - s1: put 43, m21 -> (t:1, i:43), STATEMACHINELOGENTRY, 407@client-6D946DA219F4
2022-07-04 07:12:32,332 [s2-server-thread1] DEBUG raftlog.RaftLog (SegmentedRaftLog.java:appendImpl(447)) - truncateIndex=-1, arrayIndex=0
2022-07-04 07:12:32,332 [s0-server-thread1] DEBUG raftlog.RaftLog (SegmentedRaftLog.java:appendImpl(447)) - truncateIndex=-1, arrayIndex=0
2022-07-04 07:12:32,336 [s2-server-thread1] DEBUG raftlog.RaftLog (SegmentedRaftLog.java:appendImpl(447)) - truncateIndex=-1, arrayIndex=0
2022-07-04 07:12:32,336 [s0@group-B582808378DD-StateMachineUpdater] INFO  statemachine.SimpleStateMachine4Testing (SimpleStateMachine4Testing.java:put(204)) - s0: put 41, m20 -> (t:1, i:41), STATEMACHINELOGENTRY, 406@client-6D946DA219F4
2022-07-04 07:12:32,338 [s2@group-B582808378DD-StateMachineUpdater] INFO  statemachine.SimpleStateMachine4Testing (SimpleStateMachine4Testing.java:put(204)) - s2: put 43, m21 -> (t:1, i:43), STATEMACHINELOGENTRY, 407@client-6D946DA219F4
2022-07-04 07:12:32,338 [s0-server-thread1] DEBUG raftlog.RaftLog (SegmentedRaftLog.java:appendImpl(447)) - truncateIndex=-1, arrayIndex=0
2022-07-04 07:12:32,341 [s0@group-B582808378DD-StateMachineUpdater] INFO  statemachine.SimpleStateMachine4Testing (SimpleStateMachine4Testing.java:put(204)) - s0: put 43, m21 -> (t:1, i:43), STATEMACHINELOGENTRY, 407@client-6D946DA219F4
2022-07-04 07:12:32,342 [s1@group-B582808378DD-StateMachineUpdater] INFO  statemachine.SimpleStateMachine4Testing (SimpleStateMachine4Testing.java:put(204)) - s1: put 45, m22 -> (t:1, i:45), STATEMACHINELOGENTRY, 408@client-6D946DA219F4
2022-07-04 07:12:32,342 [s2-server-thread1] DEBUG raftlog.RaftLog (SegmentedRaftLog.java:appendImpl(447)) - truncateIndex=-1, arrayIndex=0
2022-07-04 07:12:32,342 [s0-server-thread1] DEBUG raftlog.RaftLog (SegmentedRaftLog.java:appendImpl(447)) - truncateIndex=-1, arrayIndex=0
2022-07-04 07:12:32,343 [s2@group-B582808378DD-StateMachineUpdater] INFO  statemachine.SimpleStateMachine4Testing (SimpleStateMachine4Testing.java:put(204)) - s2: put 45, m22 -> (t:1, i:45), STATEMACHINELOGENTRY, 408@client-6D946DA219F4
2022-07-04 07:12:32,344 [s0-server-thread1] DEBUG raftlog.RaftLog (SegmentedRaftLog.java:appendImpl(447)) - truncateIndex=-1, arrayIndex=0
2022-07-04 07:12:32,344 [s2-server-thread1] DEBUG raftlog.RaftLog (SegmentedRaftLog.java:appendImpl(447)) - truncateIndex=-1, arrayIndex=0
2022-07-04 07:12:32,344 [s0@group-B582808378DD-StateMachineUpdater] INFO  statemachine.SimpleStateMachine4Testing (SimpleStateMachine4Testing.java:put(204)) - s0: put 45, m22 -> (t:1, i:45), STATEMACHINELOGENTRY, 408@client-6D946DA219F4
2022-07-04 07:12:32,347 [s1@group-B582808378DD-StateMachineUpdater] INFO  statemachine.SimpleStateMachine4Testing (SimpleStateMachine4Testing.java:put(204)) - s1: put 47, m23 -> (t:1, i:47), STATEMACHINELOGENTRY, 409@client-6D946DA219F4
2022-07-04 07:12:32,347 [s0-server-thread1] DEBUG raftlog.RaftLog (SegmentedRaftLog.java:appendImpl(447)) - truncateIndex=-1, arrayIndex=0
2022-07-04 07:12:32,347 [s2-server-thread1] DEBUG raftlog.RaftLog (SegmentedRaftLog.java:appendImpl(447)) - truncateIndex=-1, arrayIndex=0
2022-07-04 07:12:32,348 [s0@group-B582808378DD-StateMachineUpdater] INFO  statemachine.SimpleStateMachine4Testing (SimpleStateMachine4Testing.java:put(204)) - s0: put 47, m23 -> (t:1, i:47), STATEMACHINELOGENTRY, 409@client-6D946DA219F4
2022-07-04 07:12:32,349 [s0-server-thread1] DEBUG raftlog.RaftLog (SegmentedRaftLog.java:appendImpl(447)) - truncateIndex=-1, arrayIndex=0
2022-07-04 07:12:32,349 [s2@group-B582808378DD-StateMachineUpdater] INFO  statemachine.SimpleStateMachine4Testing (SimpleStateMachine4Testing.java:put(204)) - s2: put 47, m23 -> (t:1, i:47), STATEMACHINELOGENTRY, 409@client-6D946DA219F4
2022-07-04 07:12:32,349 [s2-server-thread1] DEBUG raftlog.RaftLog (SegmentedRaftLog.java:appendImpl(447)) - truncateIndex=-1, arrayIndex=0
2022-07-04 07:12:32,350 [s1@group-B582808378DD-StateMachineUpdater] INFO  statemachine.SimpleStateMachine4Testing (SimpleStateMachine4Testing.java:put(204)) - s1: put 49, m24 -> (t:1, i:49), STATEMACHINELOGENTRY, 410@client-6D946DA219F4
2022-07-04 07:12:32,351 [s0-server-thread1] DEBUG raftlog.RaftLog (SegmentedRaftLog.java:appendImpl(447)) - truncateIndex=-1, arrayIndex=0
2022-07-04 07:12:32,351 [s2-server-thread1] DEBUG raftlog.RaftLog (SegmentedRaftLog.java:appendImpl(447)) - truncateIndex=-1, arrayIndex=0
2022-07-04 07:12:32,352 [s1-client-thread1] INFO  segmented.SegmentedRaftLogWorker (SegmentedRaftLogWorker.java:rollLogSegment(430)) - s1@group-B582808378DD-SegmentedRaftLogWorker: Rolling segment log-23_50 to index:50
2022-07-04 07:12:32,352 [s1@group-B582808378DD-SegmentedRaftLogWorker] TRACE util.FileUtils (LogUtils.java:runAndLog(49)) - Successfully ran Files.move /home/runner/work/ratis/ratis/ratis-test/target/test/data/213e9af5/MiniRaftClusterWithGrpc2dae160b/s1/2e090e8e-e906-4c9f-8430-b582808378dd/current/log_inprogress_23 to /home/runner/work/ratis/ratis/ratis-test/target/test/data/213e9af5/MiniRaftClusterWithGrpc2dae160b/s1/2e090e8e-e906-4c9f-8430-b582808378dd/current/log_23-50
2022-07-04 07:12:32,352 [s1@group-B582808378DD-SegmentedRaftLogWorker] INFO  segmented.SegmentedRaftLogWorker (SegmentedRaftLogWorker.java:execute(586)) - s1@group-B582808378DD-SegmentedRaftLogWorker: Rolled log segment from /home/runner/work/ratis/ratis/ratis-test/target/test/data/213e9af5/MiniRaftClusterWithGrpc2dae160b/s1/2e090e8e-e906-4c9f-8430-b582808378dd/current/log_inprogress_23 to /home/runner/work/ratis/ratis/ratis-test/target/test/data/213e9af5/MiniRaftClusterWithGrpc2dae160b/s1/2e090e8e-e906-4c9f-8430-b582808378dd/current/log_23-50
2022-07-04 07:12:32,353 [s0@group-B582808378DD-StateMachineUpdater] INFO  statemachine.SimpleStateMachine4Testing (SimpleStateMachine4Testing.java:put(204)) - s0: put 49, m24 -> (t:1, i:49), STATEMACHINELOGENTRY, 410@client-6D946DA219F4
2022-07-04 07:12:32,353 [s2-server-thread1] DEBUG raftlog.RaftLog (SegmentedRaftLog.java:appendImpl(447)) - truncateIndex=-1, arrayIndex=0
2022-07-04 07:12:32,353 [s2-server-thread1] INFO  segmented.SegmentedRaftLogWorker (SegmentedRaftLogWorker.java:rollLogSegment(430)) - s2@group-B582808378DD-SegmentedRaftLogWorker: Rolling segment log-23_50 to index:50
2022-07-04 07:12:32,353 [s1@group-B582808378DD-SegmentedRaftLogWorker] INFO  segmented.SegmentedRaftLogWorker (SegmentedRaftLogWorker.java:execute(629)) - s1@group-B582808378DD-SegmentedRaftLogWorker: created new log segment /home/runner/work/ratis/ratis/ratis-test/target/test/data/213e9af5/MiniRaftClusterWithGrpc2dae160b/s1/2e090e8e-e906-4c9f-8430-b582808378dd/current/log_inprogress_51
2022-07-04 07:12:32,353 [s0-server-thread1] DEBUG raftlog.RaftLog (SegmentedRaftLog.java:appendImpl(447)) - truncateIndex=-1, arrayIndex=0
2022-07-04 07:12:32,353 [s0-server-thread1] INFO  segmented.SegmentedRaftLogWorker (SegmentedRaftLogWorker.java:rollLogSegment(430)) - s0@group-B582808378DD-SegmentedRaftLogWorker: Rolling segment log-23_50 to index:50
2022-07-04 07:12:32,354 [s0@group-B582808378DD-SegmentedRaftLogWorker] TRACE util.FileUtils (LogUtils.java:runAndLog(49)) - Successfully ran Files.move /home/runner/work/ratis/ratis/ratis-test/target/test/data/213e9af5/MiniRaftClusterWithGrpc2dae160b/s0/2e090e8e-e906-4c9f-8430-b582808378dd/current/log_inprogress_23 to /home/runner/work/ratis/ratis/ratis-test/target/test/data/213e9af5/MiniRaftClusterWithGrpc2dae160b/s0/2e090e8e-e906-4c9f-8430-b582808378dd/current/log_23-50
2022-07-04 07:12:32,354 [s0@group-B582808378DD-SegmentedRaftLogWorker] INFO  segmented.SegmentedRaftLogWorker (SegmentedRaftLogWorker.java:execute(586)) - s0@group-B582808378DD-SegmentedRaftLogWorker: Rolled log segment from /home/runner/work/ratis/ratis/ratis-test/target/test/data/213e9af5/MiniRaftClusterWithGrpc2dae160b/s0/2e090e8e-e906-4c9f-8430-b582808378dd/current/log_inprogress_23 to /home/runner/work/ratis/ratis/ratis-test/target/test/data/213e9af5/MiniRaftClusterWithGrpc2dae160b/s0/2e090e8e-e906-4c9f-8430-b582808378dd/current/log_23-50
2022-07-04 07:12:32,354 [s0@group-B582808378DD-SegmentedRaftLogWorker] INFO  segmented.SegmentedRaftLogWorker (SegmentedRaftLogWorker.java:execute(629)) - s0@group-B582808378DD-SegmentedRaftLogWorker: created new log segment /home/runner/work/ratis/ratis/ratis-test/target/test/data/213e9af5/MiniRaftClusterWithGrpc2dae160b/s0/2e090e8e-e906-4c9f-8430-b582808378dd/current/log_inprogress_51
2022-07-04 07:12:32,354 [s2@group-B582808378DD-SegmentedRaftLogWorker] TRACE util.FileUtils (LogUtils.java:runAndLog(49)) - Successfully ran Files.move /home/runner/work/ratis/ratis/ratis-test/target/test/data/213e9af5/MiniRaftClusterWithGrpc2dae160b/s2/2e090e8e-e906-4c9f-8430-b582808378dd/current/log_inprogress_23 to /home/runner/work/ratis/ratis/ratis-test/target/test/data/213e9af5/MiniRaftClusterWithGrpc2dae160b/s2/2e090e8e-e906-4c9f-8430-b582808378dd/current/log_23-50
2022-07-04 07:12:32,355 [s2@group-B582808378DD-SegmentedRaftLogWorker] INFO  segmented.SegmentedRaftLogWorker (SegmentedRaftLogWorker.java:execute(586)) - s2@group-B582808378DD-SegmentedRaftLogWorker: Rolled log segment from /home/runner/work/ratis/ratis/ratis-test/target/test/data/213e9af5/MiniRaftClusterWithGrpc2dae160b/s2/2e090e8e-e906-4c9f-8430-b582808378dd/current/log_inprogress_23 to /home/runner/work/ratis/ratis/ratis-test/target/test/data/213e9af5/MiniRaftClusterWithGrpc2dae160b/s2/2e090e8e-e906-4c9f-8430-b582808378dd/current/log_23-50
2022-07-04 07:12:32,355 [s2@group-B582808378DD-StateMachineUpdater] INFO  statemachine.SimpleStateMachine4Testing (SimpleStateMachine4Testing.java:put(204)) - s2: put 49, m24 -> (t:1, i:49), STATEMACHINELOGENTRY, 410@client-6D946DA219F4
2022-07-04 07:12:32,355 [s2@group-B582808378DD-SegmentedRaftLogWorker] INFO  segmented.SegmentedRaftLogWorker (SegmentedRaftLogWorker.java:execute(629)) - s2@group-B582808378DD-SegmentedRaftLogWorker: created new log segment /home/runner/work/ratis/ratis/ratis-test/target/test/data/213e9af5/MiniRaftClusterWithGrpc2dae160b/s2/2e090e8e-e906-4c9f-8430-b582808378dd/current/log_inprogress_51
2022-07-04 07:12:32,357 [s1@group-B582808378DD-StateMachineUpdater] INFO  statemachine.SimpleStateMachine4Testing (SimpleStateMachine4Testing.java:put(204)) - s1: put 51, m25 -> (t:1, i:51), STATEMACHINELOGENTRY, 411@client-6D946DA219F4
2022-07-04 07:12:32,357 [s2-server-thread1] DEBUG raftlog.RaftLog (SegmentedRaftLog.java:appendImpl(447)) - truncateIndex=-1, arrayIndex=0
2022-07-04 07:12:32,358 [s0-server-thread1] DEBUG raftlog.RaftLog (SegmentedRaftLog.java:appendImpl(447)) - truncateIndex=-1, arrayIndex=0
2022-07-04 07:12:32,359 [s2-server-thread1] DEBUG raftlog.RaftLog (SegmentedRaftLog.java:appendImpl(447)) - truncateIndex=-1, arrayIndex=0
2022-07-04 07:12:32,359 [s0-server-thread1] DEBUG raftlog.RaftLog (SegmentedRaftLog.java:appendImpl(447)) - truncateIndex=-1, arrayIndex=0
2022-07-04 07:12:32,359 [s2@group-B582808378DD-StateMachineUpdater] INFO  statemachine.SimpleStateMachine4Testing (SimpleStateMachine4Testing.java:put(204)) - s2: put 51, m25 -> (t:1, i:51), STATEMACHINELOGENTRY, 411@client-6D946DA219F4
2022-07-04 07:12:32,360 [s0@group-B582808378DD-StateMachineUpdater] INFO  statemachine.SimpleStateMachine4Testing (SimpleStateMachine4Testing.java:put(204)) - s0: put 51, m25 -> (t:1, i:51), STATEMACHINELOGENTRY, 411@client-6D946DA219F4
2022-07-04 07:12:32,360 [s1@group-B582808378DD-StateMachineUpdater] INFO  statemachine.SimpleStateMachine4Testing (SimpleStateMachine4Testing.java:put(204)) - s1: put 53, m26 -> (t:1, i:53), STATEMACHINELOGENTRY, 412@client-6D946DA219F4
2022-07-04 07:12:32,361 [s2-server-thread1] DEBUG raftlog.RaftLog (SegmentedRaftLog.java:appendImpl(447)) - truncateIndex=-1, arrayIndex=0
2022-07-04 07:12:32,361 [s0-server-thread1] DEBUG raftlog.RaftLog (SegmentedRaftLog.java:appendImpl(447)) - truncateIndex=-1, arrayIndex=0
2022-07-04 07:12:32,362 [s0-server-thread1] DEBUG raftlog.RaftLog (SegmentedRaftLog.java:appendImpl(447)) - truncateIndex=-1, arrayIndex=0
2022-07-04 07:12:32,363 [s2-server-thread1] DEBUG raftlog.RaftLog (SegmentedRaftLog.java:appendImpl(447)) - truncateIndex=-1, arrayIndex=0
2022-07-04 07:12:32,368 [s2@group-B582808378DD-StateMachineUpdater] INFO  statemachine.SimpleStateMachine4Testing (SimpleStateMachine4Testing.java:put(204)) - s2: put 53, m26 -> (t:1, i:53), STATEMACHINELOGENTRY, 412@client-6D946DA219F4
2022-07-04 07:12:32,369 [s0@group-B582808378DD-StateMachineUpdater] INFO  statemachine.SimpleStateMachine4Testing (SimpleStateMachine4Testing.java:put(204)) - s0: put 53, m26 -> (t:1, i:53), STATEMACHINELOGENTRY, 412@client-6D946DA219F4
2022-07-04 07:12:32,370 [s1@group-B582808378DD-StateMachineUpdater] INFO  statemachine.SimpleStateMachine4Testing (SimpleStateMachine4Testing.java:put(204)) - s1: put 55, m27 -> (t:1, i:55), STATEMACHINELOGENTRY, 413@client-6D946DA219F4
2022-07-04 07:12:32,371 [s2-server-thread1] DEBUG raftlog.RaftLog (SegmentedRaftLog.java:appendImpl(447)) - truncateIndex=-1, arrayIndex=0
2022-07-04 07:12:32,371 [s0-server-thread1] DEBUG raftlog.RaftLog (SegmentedRaftLog.java:appendImpl(447)) - truncateIndex=-1, arrayIndex=0
2022-07-04 07:12:32,372 [s0@group-B582808378DD-StateMachineUpdater] INFO  statemachine.SimpleStateMachine4Testing (SimpleStateMachine4Testing.java:put(204)) - s0: put 55, m27 -> (t:1, i:55), STATEMACHINELOGENTRY, 413@client-6D946DA219F4
2022-07-04 07:12:32,373 [s2@group-B582808378DD-StateMachineUpdater] INFO  statemachine.SimpleStateMachine4Testing (SimpleStateMachine4Testing.java:put(204)) - s2: put 55, m27 -> (t:1, i:55), STATEMACHINELOGENTRY, 413@client-6D946DA219F4
2022-07-04 07:12:32,373 [s0-server-thread1] DEBUG raftlog.RaftLog (SegmentedRaftLog.java:appendImpl(447)) - truncateIndex=-1, arrayIndex=0
2022-07-04 07:12:32,374 [s2-server-thread1] DEBUG raftlog.RaftLog (SegmentedRaftLog.java:appendImpl(447)) - truncateIndex=-1, arrayIndex=0
2022-07-04 07:12:32,379 [s1@group-B582808378DD-StateMachineUpdater] INFO  statemachine.SimpleStateMachine4Testing (SimpleStateMachine4Testing.java:put(204)) - s1: put 57, m28 -> (t:1, i:57), STATEMACHINELOGENTRY, 414@client-6D946DA219F4
2022-07-04 07:12:32,380 [s2-server-thread1] DEBUG raftlog.RaftLog (SegmentedRaftLog.java:appendImpl(447)) - truncateIndex=-1, arrayIndex=0
2022-07-04 07:12:32,380 [s0-server-thread1] DEBUG raftlog.RaftLog (SegmentedRaftLog.java:appendImpl(447)) - truncateIndex=-1, arrayIndex=0
2022-07-04 07:12:32,380 [s2@group-B582808378DD-StateMachineUpdater] INFO  statemachine.SimpleStateMachine4Testing (SimpleStateMachine4Testing.java:put(204)) - s2: put 57, m28 -> (t:1, i:57), STATEMACHINELOGENTRY, 414@client-6D946DA219F4
2022-07-04 07:12:32,381 [s0@group-B582808378DD-StateMachineUpdater] INFO  statemachine.SimpleStateMachine4Testing (SimpleStateMachine4Testing.java:put(204)) - s0: put 57, m28 -> (t:1, i:57), STATEMACHINELOGENTRY, 414@client-6D946DA219F4
2022-07-04 07:12:32,381 [s2-server-thread1] DEBUG raftlog.RaftLog (SegmentedRaftLog.java:appendImpl(447)) - truncateIndex=-1, arrayIndex=0
2022-07-04 07:12:32,381 [s0-server-thread1] DEBUG raftlog.RaftLog (SegmentedRaftLog.java:appendImpl(447)) - truncateIndex=-1, arrayIndex=0
2022-07-04 07:12:32,384 [s1@group-B582808378DD-StateMachineUpdater] INFO  statemachine.SimpleStateMachine4Testing (SimpleStateMachine4Testing.java:put(204)) - s1: put 59, m29 -> (t:1, i:59), STATEMACHINELOGENTRY, 415@client-6D946DA219F4
2022-07-04 07:12:32,384 [s2-server-thread1] DEBUG raftlog.RaftLog (SegmentedRaftLog.java:appendImpl(447)) - truncateIndex=-1, arrayIndex=0
2022-07-04 07:12:32,386 [s2-server-thread1] DEBUG raftlog.RaftLog (SegmentedRaftLog.java:appendImpl(447)) - truncateIndex=-1, arrayIndex=0
2022-07-04 07:12:32,387 [s0-server-thread1] DEBUG raftlog.RaftLog (SegmentedRaftLog.java:appendImpl(447)) - truncateIndex=-1, arrayIndex=0
2022-07-04 07:12:32,387 [s0-server-thread1] DEBUG raftlog.RaftLog (SegmentedRaftLog.java:appendImpl(447)) - truncateIndex=-1, arrayIndex=0
2022-07-04 07:12:32,388 [s2@group-B582808378DD-StateMachineUpdater] INFO  statemachine.SimpleStateMachine4Testing (SimpleStateMachine4Testing.java:put(204)) - s2: put 59, m29 -> (t:1, i:59), STATEMACHINELOGENTRY, 415@client-6D946DA219F4
2022-07-04 07:12:32,392 [s0@group-B582808378DD-StateMachineUpdater] INFO  statemachine.SimpleStateMachine4Testing (SimpleStateMachine4Testing.java:put(204)) - s0: put 59, m29 -> (t:1, i:59), STATEMACHINELOGENTRY, 415@client-6D946DA219F4
2022-07-04 07:12:32,393 [s1@group-B582808378DD-StateMachineUpdater] INFO  statemachine.SimpleStateMachine4Testing (SimpleStateMachine4Testing.java:put(204)) - s1: put 61, m30 -> (t:1, i:61), STATEMACHINELOGENTRY, 416@client-6D946DA219F4
2022-07-04 07:12:32,394 [s0-server-thread1] DEBUG raftlog.RaftLog (SegmentedRaftLog.java:appendImpl(447)) - truncateIndex=-1, arrayIndex=0
2022-07-04 07:12:32,394 [s2-server-thread1] DEBUG raftlog.RaftLog (SegmentedRaftLog.java:appendImpl(447)) - truncateIndex=-1, arrayIndex=0
2022-07-04 07:12:32,395 [s2-server-thread1] DEBUG raftlog.RaftLog (SegmentedRaftLog.java:appendImpl(447)) - truncateIndex=-1, arrayIndex=0
2022-07-04 07:12:32,395 [s0-server-thread1] DEBUG raftlog.RaftLog (SegmentedRaftLog.java:appendImpl(447)) - truncateIndex=-1, arrayIndex=0
2022-07-04 07:12:32,396 [s0@group-B582808378DD-StateMachineUpdater] INFO  statemachine.SimpleStateMachine4Testing (SimpleStateMachine4Testing.java:put(204)) - s0: put 61, m30 -> (t:1, i:61), STATEMACHINELOGENTRY, 416@client-6D946DA219F4
2022-07-04 07:12:32,397 [s2@group-B582808378DD-StateMachineUpdater] INFO  statemachine.SimpleStateMachine4Testing (SimpleStateMachine4Testing.java:put(204)) - s2: put 61, m30 -> (t:1, i:61), STATEMACHINELOGENTRY, 416@client-6D946DA219F4
2022-07-04 07:12:32,398 [s1@group-B582808378DD-StateMachineUpdater] INFO  statemachine.SimpleStateMachine4Testing (SimpleStateMachine4Testing.java:put(204)) - s1: put 63, m31 -> (t:1, i:63), STATEMACHINELOGENTRY, 417@client-6D946DA219F4
2022-07-04 07:12:32,398 [s2-server-thread1] DEBUG raftlog.RaftLog (SegmentedRaftLog.java:appendImpl(447)) - truncateIndex=-1, arrayIndex=0
2022-07-04 07:12:32,400 [s0-server-thread1] DEBUG raftlog.RaftLog (SegmentedRaftLog.java:appendImpl(447)) - truncateIndex=-1, arrayIndex=0
2022-07-04 07:12:32,401 [s2-server-thread1] DEBUG raftlog.RaftLog (SegmentedRaftLog.java:appendImpl(447)) - truncateIndex=-1, arrayIndex=0
2022-07-04 07:12:32,401 [s0-server-thread1] DEBUG raftlog.RaftLog (SegmentedRaftLog.java:appendImpl(447)) - truncateIndex=-1, arrayIndex=0
2022-07-04 07:12:32,403 [s2@group-B582808378DD-StateMachineUpdater] INFO  statemachine.SimpleStateMachine4Testing (SimpleStateMachine4Testing.java:put(204)) - s2: put 63, m31 -> (t:1, i:63), STATEMACHINELOGENTRY, 417@client-6D946DA219F4
2022-07-04 07:12:32,408 [s0-server-thread1] DEBUG raftlog.RaftLog (SegmentedRaftLog.java:appendImpl(447)) - truncateIndex=-1, arrayIndex=0
2022-07-04 07:12:32,409 [s2-server-thread1] DEBUG raftlog.RaftLog (SegmentedRaftLog.java:appendImpl(447)) - truncateIndex=-1, arrayIndex=0
2022-07-04 07:12:32,411 [s0@group-B582808378DD-StateMachineUpdater] INFO  statemachine.SimpleStateMachine4Testing (SimpleStateMachine4Testing.java:put(204)) - s0: put 63, m31 -> (t:1, i:63), STATEMACHINELOGENTRY, 417@client-6D946DA219F4
2022-07-04 07:12:32,415 [s2@group-B582808378DD-StateMachineUpdater] INFO  impl.StateMachineUpdater (StateMachineUpdater.java:takeSnapshot(287)) - s2@group-B582808378DD-StateMachineUpdater: Took a snapshot at index 63
2022-07-04 07:12:32,415 [s2@group-B582808378DD-StateMachineUpdater] INFO  impl.StateMachineUpdater (StateMachineUpdater.java:lambda$new$0(92)) - s2@group-B582808378DD-StateMachineUpdater: snapshotIndex: updateIncreasingly -1 -> 63
2022-07-04 07:12:32,415 [s2@group-B582808378DD-StateMachineUpdater] INFO  raftlog.RaftLog (RaftLogBase.java:purge(308)) - s2@group-B582808378DD-SegmentedRaftLog: purge 61
2022-07-04 07:12:32,415 [s2@group-B582808378DD-StateMachineUpdater] INFO  raftlog.RaftLog (RaftLogBase.java:lambda$new$0(53)) - s2@group-B582808378DD-SegmentedRaftLog: snapshotIndex: updateIncreasingly -1 -> 63
2022-07-04 07:12:32,415 [s2@group-B582808378DD-StateMachineUpdater] DEBUG raftlog.RaftLog (SegmentedRaftLog.java:purgeImpl(365)) - purging segments:toTruncate: null
  toDelete: [(0, 22) isOpen? false, length=0, newEndIndex=0, (23, 50) isOpen? false, length=0, newEndIndex=0]
2022-07-04 07:12:32,415 [s2@group-B582808378DD-SegmentedRaftLogWorker] TRACE util.FileUtils (LogUtils.java:runAndLog(49)) - Successfully ran Files.delete /home/runner/work/ratis/ratis/ratis-test/target/test/data/213e9af5/MiniRaftClusterWithGrpc2dae160b/s2/2e090e8e-e906-4c9f-8430-b582808378dd/current/log_0-22
2022-07-04 07:12:32,415 [s2@group-B582808378DD-SegmentedRaftLogWorker] TRACE util.FileUtils (LogUtils.java:runAndLog(49)) - Successfully ran Files.delete /home/runner/work/ratis/ratis/ratis-test/target/test/data/213e9af5/MiniRaftClusterWithGrpc2dae160b/s2/2e090e8e-e906-4c9f-8430-b582808378dd/current/log_23-50
2022-07-04 07:12:32,416 [s2@group-B582808378DD-SegmentedRaftLogWorker] INFO  raftlog.RaftLog (RaftLogBase.java:lambda$new$0(53)) - s2@group-B582808378DD-SegmentedRaftLog: purgeIndex: updateToMax old=-1, new=50, updated? true
2022-07-04 07:12:32,416 [s2@group-B582808378DD-StateMachineUpdater] INFO  statemachine.SimpleStateMachine4Testing (SimpleStateMachine4Testing.java:put(204)) - s2: put 65, m32 -> (t:1, i:65), STATEMACHINELOGENTRY, 418@client-6D946DA219F4
2022-07-04 07:12:32,419 [s1@group-B582808378DD-StateMachineUpdater] INFO  impl.StateMachineUpdater (StateMachineUpdater.java:takeSnapshot(287)) - s1@group-B582808378DD-StateMachineUpdater: Took a snapshot at index 63
2022-07-04 07:12:32,419 [s1@group-B582808378DD-StateMachineUpdater] INFO  impl.StateMachineUpdater (StateMachineUpdater.java:lambda$new$0(92)) - s1@group-B582808378DD-StateMachineUpdater: snapshotIndex: updateIncreasingly -1 -> 63
2022-07-04 07:12:32,419 [s1@group-B582808378DD-StateMachineUpdater] INFO  raftlog.RaftLog (RaftLogBase.java:purge(308)) - s1@group-B582808378DD-SegmentedRaftLog: purge 63
2022-07-04 07:12:32,419 [s1@group-B582808378DD-StateMachineUpdater] INFO  raftlog.RaftLog (RaftLogBase.java:lambda$new$0(53)) - s1@group-B582808378DD-SegmentedRaftLog: snapshotIndex: updateIncreasingly -1 -> 63
2022-07-04 07:12:32,420 [s1@group-B582808378DD-StateMachineUpdater] DEBUG raftlog.RaftLog (SegmentedRaftLog.java:purgeImpl(365)) - purging segments:toTruncate: null
  toDelete: [(0, 22) isOpen? false, length=0, newEndIndex=0, (23, 50) isOpen? false, length=0, newEndIndex=0]
2022-07-04 07:12:32,420 [s1@group-B582808378DD-StateMachineUpdater] INFO  statemachine.SimpleStateMachine4Testing (SimpleStateMachine4Testing.java:put(204)) - s1: put 65, m32 -> (t:1, i:65), STATEMACHINELOGENTRY, 418@client-6D946DA219F4
2022-07-04 07:12:32,420 [s1@group-B582808378DD-SegmentedRaftLogWorker] TRACE util.FileUtils (LogUtils.java:runAndLog(49)) - Successfully ran Files.delete /home/runner/work/ratis/ratis/ratis-test/target/test/data/213e9af5/MiniRaftClusterWithGrpc2dae160b/s1/2e090e8e-e906-4c9f-8430-b582808378dd/current/log_0-22
2022-07-04 07:12:32,420 [s1@group-B582808378DD-SegmentedRaftLogWorker] TRACE util.FileUtils (LogUtils.java:runAndLog(49)) - Successfully ran Files.delete /home/runner/work/ratis/ratis/ratis-test/target/test/data/213e9af5/MiniRaftClusterWithGrpc2dae160b/s1/2e090e8e-e906-4c9f-8430-b582808378dd/current/log_23-50
2022-07-04 07:12:32,420 [s1@group-B582808378DD-SegmentedRaftLogWorker] INFO  raftlog.RaftLog (RaftLogBase.java:lambda$new$0(53)) - s1@group-B582808378DD-SegmentedRaftLog: purgeIndex: updateToMax old=-1, new=50, updated? true
2022-07-04 07:12:32,421 [s0@group-B582808378DD-StateMachineUpdater] INFO  impl.StateMachineUpdater (StateMachineUpdater.java:takeSnapshot(287)) - s0@group-B582808378DD-StateMachineUpdater: Took a snapshot at index 63
2022-07-04 07:12:32,421 [s0@group-B582808378DD-StateMachineUpdater] INFO  impl.StateMachineUpdater (StateMachineUpdater.java:lambda$new$0(92)) - s0@group-B582808378DD-StateMachineUpdater: snapshotIndex: updateIncreasingly -1 -> 63
2022-07-04 07:12:32,421 [s2-server-thread1] DEBUG raftlog.RaftLog (SegmentedRaftLog.java:appendImpl(447)) - truncateIndex=-1, arrayIndex=0
2022-07-04 07:12:32,421 [s0@group-B582808378DD-StateMachineUpdater] INFO  raftlog.RaftLog (RaftLogBase.java:purge(308)) - s0@group-B582808378DD-SegmentedRaftLog: purge 63
2022-07-04 07:12:32,422 [s0@group-B582808378DD-StateMachineUpdater] INFO  raftlog.RaftLog (RaftLogBase.java:lambda$new$0(53)) - s0@group-B582808378DD-SegmentedRaftLog: snapshotIndex: updateIncreasingly -1 -> 63
2022-07-04 07:12:32,422 [s0@group-B582808378DD-StateMachineUpdater] DEBUG raftlog.RaftLog (SegmentedRaftLog.java:purgeImpl(365)) - purging segments:toTruncate: null
  toDelete: [(0, 22) isOpen? false, length=0, newEndIndex=0, (23, 50) isOpen? false, length=0, newEndIndex=0]
2022-07-04 07:12:32,422 [s0@group-B582808378DD-StateMachineUpdater] INFO  statemachine.SimpleStateMachine4Testing (SimpleStateMachine4Testing.java:put(204)) - s0: put 65, m32 -> (t:1, i:65), STATEMACHINELOGENTRY, 418@client-6D946DA219F4
2022-07-04 07:12:32,422 [s0@group-B582808378DD-SegmentedRaftLogWorker] TRACE util.FileUtils (LogUtils.java:runAndLog(49)) - Successfully ran Files.delete /home/runner/work/ratis/ratis/ratis-test/target/test/data/213e9af5/MiniRaftClusterWithGrpc2dae160b/s0/2e090e8e-e906-4c9f-8430-b582808378dd/current/log_0-22
2022-07-04 07:12:32,422 [s0@group-B582808378DD-SegmentedRaftLogWorker] TRACE util.FileUtils (LogUtils.java:runAndLog(49)) - Successfully ran Files.delete /home/runner/work/ratis/ratis/ratis-test/target/test/data/213e9af5/MiniRaftClusterWithGrpc2dae160b/s0/2e090e8e-e906-4c9f-8430-b582808378dd/current/log_23-50
2022-07-04 07:12:32,422 [s0@group-B582808378DD-SegmentedRaftLogWorker] INFO  raftlog.RaftLog (RaftLogBase.java:lambda$new$0(53)) - s0@group-B582808378DD-SegmentedRaftLog: purgeIndex: updateToMax old=-1, new=50, updated? true
2022-07-04 07:12:32,422 [s0-server-thread1] DEBUG raftlog.RaftLog (SegmentedRaftLog.java:appendImpl(447)) - truncateIndex=-1, arrayIndex=0
2022-07-04 07:12:32,423 [s1@group-B582808378DD-StateMachineUpdater] INFO  statemachine.SimpleStateMachine4Testing (SimpleStateMachine4Testing.java:put(204)) - s1: put 67, m33 -> (t:1, i:67), STATEMACHINELOGENTRY, 419@client-6D946DA219F4
2022-07-04 07:12:32,424 [s0-server-thread1] DEBUG raftlog.RaftLog (SegmentedRaftLog.java:appendImpl(447)) - truncateIndex=-1, arrayIndex=0
2022-07-04 07:12:32,424 [s2-server-thread1] DEBUG raftlog.RaftLog (SegmentedRaftLog.java:appendImpl(447)) - truncateIndex=-1, arrayIndex=0
2022-07-04 07:12:32,425 [s2-server-thread1] DEBUG raftlog.RaftLog (SegmentedRaftLog.java:appendImpl(447)) - truncateIndex=-1, arrayIndex=0
2022-07-04 07:12:32,425 [s0-server-thread1] DEBUG raftlog.RaftLog (SegmentedRaftLog.java:appendImpl(447)) - truncateIndex=-1, arrayIndex=0
2022-07-04 07:12:32,428 [s2@group-B582808378DD-StateMachineUpdater] INFO  statemachine.SimpleStateMachine4Testing (SimpleStateMachine4Testing.java:put(204)) - s2: put 67, m33 -> (t:1, i:67), STATEMACHINELOGENTRY, 419@client-6D946DA219F4
2022-07-04 07:12:32,436 [s0@group-B582808378DD-StateMachineUpdater] INFO  statemachine.SimpleStateMachine4Testing (SimpleStateMachine4Testing.java:put(204)) - s0: put 67, m33 -> (t:1, i:67), STATEMACHINELOGENTRY, 419@client-6D946DA219F4
2022-07-04 07:12:32,437 [s1@group-B582808378DD-StateMachineUpdater] INFO  statemachine.SimpleStateMachine4Testing (SimpleStateMachine4Testing.java:put(204)) - s1: put 69, m34 -> (t:1, i:69), STATEMACHINELOGENTRY, 420@client-6D946DA219F4
2022-07-04 07:12:32,438 [s2-server-thread1] DEBUG raftlog.RaftLog (SegmentedRaftLog.java:appendImpl(447)) - truncateIndex=-1, arrayIndex=0
2022-07-04 07:12:32,438 [s0-server-thread1] DEBUG raftlog.RaftLog (SegmentedRaftLog.java:appendImpl(447)) - truncateIndex=-1, arrayIndex=0
2022-07-04 07:12:32,440 [s0-server-thread1] DEBUG raftlog.RaftLog (SegmentedRaftLog.java:appendImpl(447)) - truncateIndex=-1, arrayIndex=0
2022-07-04 07:12:32,440 [s2-server-thread1] DEBUG raftlog.RaftLog (SegmentedRaftLog.java:appendImpl(447)) - truncateIndex=-1, arrayIndex=0
2022-07-04 07:12:32,441 [s2@group-B582808378DD-StateMachineUpdater] INFO  statemachine.SimpleStateMachine4Testing (SimpleStateMachine4Testing.java:put(204)) - s2: put 69, m34 -> (t:1, i:69), STATEMACHINELOGENTRY, 420@client-6D946DA219F4
2022-07-04 07:12:32,442 [s0@group-B582808378DD-StateMachineUpdater] INFO  statemachine.SimpleStateMachine4Testing (SimpleStateMachine4Testing.java:put(204)) - s0: put 69, m34 -> (t:1, i:69), STATEMACHINELOGENTRY, 420@client-6D946DA219F4
2022-07-04 07:12:32,443 [s1@group-B582808378DD-StateMachineUpdater] INFO  statemachine.SimpleStateMachine4Testing (SimpleStateMachine4Testing.java:put(204)) - s1: put 71, m35 -> (t:1, i:71), STATEMACHINELOGENTRY, 421@client-6D946DA219F4
2022-07-04 07:12:32,443 [s2-server-thread1] DEBUG raftlog.RaftLog (SegmentedRaftLog.java:appendImpl(447)) - truncateIndex=-1, arrayIndex=0
2022-07-04 07:12:32,444 [s0-server-thread1] DEBUG raftlog.RaftLog (SegmentedRaftLog.java:appendImpl(447)) - truncateIndex=-1, arrayIndex=0
2022-07-04 07:12:32,445 [s0-server-thread1] DEBUG raftlog.RaftLog (SegmentedRaftLog.java:appendImpl(447)) - truncateIndex=-1, arrayIndex=0
2022-07-04 07:12:32,445 [s2-server-thread1] DEBUG raftlog.RaftLog (SegmentedRaftLog.java:appendImpl(447)) - truncateIndex=-1, arrayIndex=0
2022-07-04 07:12:32,446 [s0@group-B582808378DD-StateMachineUpdater] INFO  statemachine.SimpleStateMachine4Testing (SimpleStateMachine4Testing.java:put(204)) - s0: put 71, m35 -> (t:1, i:71), STATEMACHINELOGENTRY, 421@client-6D946DA219F4
2022-07-04 07:12:32,447 [s2@group-B582808378DD-StateMachineUpdater] INFO  statemachine.SimpleStateMachine4Testing (SimpleStateMachine4Testing.java:put(204)) - s2: put 71, m35 -> (t:1, i:71), STATEMACHINELOGENTRY, 421@client-6D946DA219F4
2022-07-04 07:12:32,448 [s1@group-B582808378DD-StateMachineUpdater] INFO  statemachine.SimpleStateMachine4Testing (SimpleStateMachine4Testing.java:put(204)) - s1: put 73, m36 -> (t:1, i:73), STATEMACHINELOGENTRY, 422@client-6D946DA219F4
2022-07-04 07:12:32,448 [s2-server-thread1] DEBUG raftlog.RaftLog (SegmentedRaftLog.java:appendImpl(447)) - truncateIndex=-1, arrayIndex=0
2022-07-04 07:12:32,448 [s0-server-thread1] DEBUG raftlog.RaftLog (SegmentedRaftLog.java:appendImpl(447)) - truncateIndex=-1, arrayIndex=0
2022-07-04 07:12:32,450 [s2-server-thread1] DEBUG raftlog.RaftLog (SegmentedRaftLog.java:appendImpl(447)) - truncateIndex=-1, arrayIndex=0
2022-07-04 07:12:32,450 [s0-server-thread1] DEBUG raftlog.RaftLog (SegmentedRaftLog.java:appendImpl(447)) - truncateIndex=-1, arrayIndex=0
2022-07-04 07:12:32,451 [s2@group-B582808378DD-StateMachineUpdater] INFO  statemachine.SimpleStateMachine4Testing (SimpleStateMachine4Testing.java:put(204)) - s2: put 73, m36 -> (t:1, i:73), STATEMACHINELOGENTRY, 422@client-6D946DA219F4
2022-07-04 07:12:32,451 [s0@group-B582808378DD-StateMachineUpdater] INFO  statemachine.SimpleStateMachine4Testing (SimpleStateMachine4Testing.java:put(204)) - s0: put 73, m36 -> (t:1, i:73), STATEMACHINELOGENTRY, 422@client-6D946DA219F4
2022-07-04 07:12:32,452 [s1@group-B582808378DD-StateMachineUpdater] INFO  statemachine.SimpleStateMachine4Testing (SimpleStateMachine4Testing.java:put(204)) - s1: put 75, m37 -> (t:1, i:75), STATEMACHINELOGENTRY, 423@client-6D946DA219F4
2022-07-04 07:12:32,452 [s2-server-thread1] DEBUG raftlog.RaftLog (SegmentedRaftLog.java:appendImpl(447)) - truncateIndex=-1, arrayIndex=0
2022-07-04 07:12:32,453 [s0-server-thread1] DEBUG raftlog.RaftLog (SegmentedRaftLog.java:appendImpl(447)) - truncateIndex=-1, arrayIndex=0
2022-07-04 07:12:32,453 [s2@group-B582808378DD-StateMachineUpdater] INFO  statemachine.SimpleStateMachine4Testing (SimpleStateMachine4Testing.java:put(204)) - s2: put 75, m37 -> (t:1, i:75), STATEMACHINELOGENTRY, 423@client-6D946DA219F4
2022-07-04 07:12:32,454 [s0@group-B582808378DD-StateMachineUpdater] INFO  statemachine.SimpleStateMachine4Testing (SimpleStateMachine4Testing.java:put(204)) - s0: put 75, m37 -> (t:1, i:75), STATEMACHINELOGENTRY, 423@client-6D946DA219F4
2022-07-04 07:12:32,455 [s0-server-thread1] DEBUG raftlog.RaftLog (SegmentedRaftLog.java:appendImpl(447)) - truncateIndex=-1, arrayIndex=0
2022-07-04 07:12:32,455 [s2-server-thread1] DEBUG raftlog.RaftLog (SegmentedRaftLog.java:appendImpl(447)) - truncateIndex=-1, arrayIndex=0
2022-07-04 07:12:32,456 [s1@group-B582808378DD-StateMachineUpdater] INFO  statemachine.SimpleStateMachine4Testing (SimpleStateMachine4Testing.java:put(204)) - s1: put 77, m38 -> (t:1, i:77), STATEMACHINELOGENTRY, 424@client-6D946DA219F4
2022-07-04 07:12:32,457 [s2-server-thread1] DEBUG raftlog.RaftLog (SegmentedRaftLog.java:appendImpl(447)) - truncateIndex=-1, arrayIndex=0
2022-07-04 07:12:32,458 [s1-client-thread1] INFO  segmented.SegmentedRaftLogWorker (SegmentedRaftLogWorker.java:rollLogSegment(430)) - s1@group-B582808378DD-SegmentedRaftLogWorker: Rolling segment log-51_78 to index:78
2022-07-04 07:12:32,458 [s1@group-B582808378DD-SegmentedRaftLogWorker] TRACE util.FileUtils (LogUtils.java:runAndLog(49)) - Successfully ran Files.move /home/runner/work/ratis/ratis/ratis-test/target/test/data/213e9af5/MiniRaftClusterWithGrpc2dae160b/s1/2e090e8e-e906-4c9f-8430-b582808378dd/current/log_inprogress_51 to /home/runner/work/ratis/ratis/ratis-test/target/test/data/213e9af5/MiniRaftClusterWithGrpc2dae160b/s1/2e090e8e-e906-4c9f-8430-b582808378dd/current/log_51-78
2022-07-04 07:12:32,458 [s1@group-B582808378DD-SegmentedRaftLogWorker] INFO  segmented.SegmentedRaftLogWorker (SegmentedRaftLogWorker.java:execute(586)) - s1@group-B582808378DD-SegmentedRaftLogWorker: Rolled log segment from /home/runner/work/ratis/ratis/ratis-test/target/test/data/213e9af5/MiniRaftClusterWithGrpc2dae160b/s1/2e090e8e-e906-4c9f-8430-b582808378dd/current/log_inprogress_51 to /home/runner/work/ratis/ratis/ratis-test/target/test/data/213e9af5/MiniRaftClusterWithGrpc2dae160b/s1/2e090e8e-e906-4c9f-8430-b582808378dd/current/log_51-78
2022-07-04 07:12:32,458 [s0-server-thread1] DEBUG raftlog.RaftLog (SegmentedRaftLog.java:appendImpl(447)) - truncateIndex=-1, arrayIndex=0
2022-07-04 07:12:32,459 [s2-server-thread1] DEBUG raftlog.RaftLog (SegmentedRaftLog.java:appendImpl(447)) - truncateIndex=-1, arrayIndex=0
2022-07-04 07:12:32,459 [s2-server-thread1] INFO  segmented.SegmentedRaftLogWorker (SegmentedRaftLogWorker.java:rollLogSegment(430)) - s2@group-B582808378DD-SegmentedRaftLogWorker: Rolling segment log-51_78 to index:78
2022-07-04 07:12:32,459 [s0-server-thread1] DEBUG raftlog.RaftLog (SegmentedRaftLog.java:appendImpl(447)) - truncateIndex=-1, arrayIndex=0
2022-07-04 07:12:32,460 [s0-server-thread1] INFO  segmented.SegmentedRaftLogWorker (SegmentedRaftLogWorker.java:rollLogSegment(430)) - s0@group-B582808378DD-SegmentedRaftLogWorker: Rolling segment log-51_78 to index:78
2022-07-04 07:12:32,460 [s1@group-B582808378DD-SegmentedRaftLogWorker] INFO  segmented.SegmentedRaftLogWorker (SegmentedRaftLogWorker.java:execute(629)) - s1@group-B582808378DD-SegmentedRaftLogWorker: created new log segment /home/runner/work/ratis/ratis/ratis-test/target/test/data/213e9af5/MiniRaftClusterWithGrpc2dae160b/s1/2e090e8e-e906-4c9f-8430-b582808378dd/current/log_inprogress_79
2022-07-04 07:12:32,460 [s2@group-B582808378DD-SegmentedRaftLogWorker] TRACE util.FileUtils (LogUtils.java:runAndLog(49)) - Successfully ran Files.move /home/runner/work/ratis/ratis/ratis-test/target/test/data/213e9af5/MiniRaftClusterWithGrpc2dae160b/s2/2e090e8e-e906-4c9f-8430-b582808378dd/current/log_inprogress_51 to /home/runner/work/ratis/ratis/ratis-test/target/test/data/213e9af5/MiniRaftClusterWithGrpc2dae160b/s2/2e090e8e-e906-4c9f-8430-b582808378dd/current/log_51-78
2022-07-04 07:12:32,460 [s2@group-B582808378DD-SegmentedRaftLogWorker] INFO  segmented.SegmentedRaftLogWorker (SegmentedRaftLogWorker.java:execute(586)) - s2@group-B582808378DD-SegmentedRaftLogWorker: Rolled log segment from /home/runner/work/ratis/ratis/ratis-test/target/test/data/213e9af5/MiniRaftClusterWithGrpc2dae160b/s2/2e090e8e-e906-4c9f-8430-b582808378dd/current/log_inprogress_51 to /home/runner/work/ratis/ratis/ratis-test/target/test/data/213e9af5/MiniRaftClusterWithGrpc2dae160b/s2/2e090e8e-e906-4c9f-8430-b582808378dd/current/log_51-78
2022-07-04 07:12:32,461 [s2@group-B582808378DD-StateMachineUpdater] INFO  statemachine.SimpleStateMachine4Testing (SimpleStateMachine4Testing.java:put(204)) - s2: put 77, m38 -> (t:1, i:77), STATEMACHINELOGENTRY, 424@client-6D946DA219F4
2022-07-04 07:12:32,461 [s2@group-B582808378DD-SegmentedRaftLogWorker] INFO  segmented.SegmentedRaftLogWorker (SegmentedRaftLogWorker.java:execute(629)) - s2@group-B582808378DD-SegmentedRaftLogWorker: created new log segment /home/runner/work/ratis/ratis/ratis-test/target/test/data/213e9af5/MiniRaftClusterWithGrpc2dae160b/s2/2e090e8e-e906-4c9f-8430-b582808378dd/current/log_inprogress_79
2022-07-04 07:12:32,462 [s0@group-B582808378DD-SegmentedRaftLogWorker] TRACE util.FileUtils (LogUtils.java:runAndLog(49)) - Successfully ran Files.move /home/runner/work/ratis/ratis/ratis-test/target/test/data/213e9af5/MiniRaftClusterWithGrpc2dae160b/s0/2e090e8e-e906-4c9f-8430-b582808378dd/current/log_inprogress_51 to /home/runner/work/ratis/ratis/ratis-test/target/test/data/213e9af5/MiniRaftClusterWithGrpc2dae160b/s0/2e090e8e-e906-4c9f-8430-b582808378dd/current/log_51-78
2022-07-04 07:12:32,462 [s0@group-B582808378DD-SegmentedRaftLogWorker] INFO  segmented.SegmentedRaftLogWorker (SegmentedRaftLogWorker.java:execute(586)) - s0@group-B582808378DD-SegmentedRaftLogWorker: Rolled log segment from /home/runner/work/ratis/ratis/ratis-test/target/test/data/213e9af5/MiniRaftClusterWithGrpc2dae160b/s0/2e090e8e-e906-4c9f-8430-b582808378dd/current/log_inprogress_51 to /home/runner/work/ratis/ratis/ratis-test/target/test/data/213e9af5/MiniRaftClusterWithGrpc2dae160b/s0/2e090e8e-e906-4c9f-8430-b582808378dd/current/log_51-78
2022-07-04 07:12:32,462 [s0@group-B582808378DD-StateMachineUpdater] INFO  statemachine.SimpleStateMachine4Testing (SimpleStateMachine4Testing.java:put(204)) - s0: put 77, m38 -> (t:1, i:77), STATEMACHINELOGENTRY, 424@client-6D946DA219F4
2022-07-04 07:12:32,462 [s0@group-B582808378DD-SegmentedRaftLogWorker] INFO  segmented.SegmentedRaftLogWorker (SegmentedRaftLogWorker.java:execute(629)) - s0@group-B582808378DD-SegmentedRaftLogWorker: created new log segment /home/runner/work/ratis/ratis/ratis-test/target/test/data/213e9af5/MiniRaftClusterWithGrpc2dae160b/s0/2e090e8e-e906-4c9f-8430-b582808378dd/current/log_inprogress_79
2022-07-04 07:12:32,463 [s1@group-B582808378DD-StateMachineUpdater] INFO  statemachine.SimpleStateMachine4Testing (SimpleStateMachine4Testing.java:put(204)) - s1: put 79, m39 -> (t:1, i:79), STATEMACHINELOGENTRY, 425@client-6D946DA219F4
2022-07-04 07:12:32,464 [s0-server-thread1] DEBUG raftlog.RaftLog (SegmentedRaftLog.java:appendImpl(447)) - truncateIndex=-1, arrayIndex=0
2022-07-04 07:12:32,464 [s2-server-thread1] DEBUG raftlog.RaftLog (SegmentedRaftLog.java:appendImpl(447)) - truncateIndex=-1, arrayIndex=0
2022-07-04 07:12:32,466 [s2-server-thread1] DEBUG raftlog.RaftLog (SegmentedRaftLog.java:appendImpl(447)) - truncateIndex=-1, arrayIndex=0
2022-07-04 07:12:32,466 [s0-server-thread1] DEBUG raftlog.RaftLog (SegmentedRaftLog.java:appendImpl(447)) - truncateIndex=-1, arrayIndex=0
2022-07-04 07:12:32,467 [s2@group-B582808378DD-StateMachineUpdater] INFO  statemachine.SimpleStateMachine4Testing (SimpleStateMachine4Testing.java:put(204)) - s2: put 79, m39 -> (t:1, i:79), STATEMACHINELOGENTRY, 425@client-6D946DA219F4
2022-07-04 07:12:32,468 [s0@group-B582808378DD-StateMachineUpdater] INFO  statemachine.SimpleStateMachine4Testing (SimpleStateMachine4Testing.java:put(204)) - s0: put 79, m39 -> (t:1, i:79), STATEMACHINELOGENTRY, 425@client-6D946DA219F4
2022-07-04 07:12:32,469 [s1@group-B582808378DD-StateMachineUpdater] INFO  statemachine.SimpleStateMachine4Testing (SimpleStateMachine4Testing.java:put(204)) - s1: put 81, m40 -> (t:1, i:81), STATEMACHINELOGENTRY, 426@client-6D946DA219F4
2022-07-04 07:12:32,469 [s2-server-thread1] DEBUG raftlog.RaftLog (SegmentedRaftLog.java:appendImpl(447)) - truncateIndex=-1, arrayIndex=0
2022-07-04 07:12:32,469 [s0-server-thread1] DEBUG raftlog.RaftLog (SegmentedRaftLog.java:appendImpl(447)) - truncateIndex=-1, arrayIndex=0
2022-07-04 07:12:32,471 [s2-server-thread1] DEBUG raftlog.RaftLog (SegmentedRaftLog.java:appendImpl(447)) - truncateIndex=-1, arrayIndex=0
2022-07-04 07:12:32,471 [s0-server-thread1] DEBUG raftlog.RaftLog (SegmentedRaftLog.java:appendImpl(447)) - truncateIndex=-1, arrayIndex=0
2022-07-04 07:12:32,472 [s0@group-B582808378DD-StateMachineUpdater] INFO  statemachine.SimpleStateMachine4Testing (SimpleStateMachine4Testing.java:put(204)) - s0: put 81, m40 -> (t:1, i:81), STATEMACHINELOGENTRY, 426@client-6D946DA219F4
2022-07-04 07:12:32,473 [s2@group-B582808378DD-StateMachineUpdater] INFO  statemachine.SimpleStateMachine4Testing (SimpleStateMachine4Testing.java:put(204)) - s2: put 81, m40 -> (t:1, i:81), STATEMACHINELOGENTRY, 426@client-6D946DA219F4
2022-07-04 07:12:32,474 [s1@group-B582808378DD-StateMachineUpdater] INFO  statemachine.SimpleStateMachine4Testing (SimpleStateMachine4Testing.java:put(204)) - s1: put 83, m41 -> (t:1, i:83), STATEMACHINELOGENTRY, 427@client-6D946DA219F4
2022-07-04 07:12:32,475 [s0-server-thread1] DEBUG raftlog.RaftLog (SegmentedRaftLog.java:appendImpl(447)) - truncateIndex=-1, arrayIndex=0
2022-07-04 07:12:32,475 [s2-server-thread1] DEBUG raftlog.RaftLog (SegmentedRaftLog.java:appendImpl(447)) - truncateIndex=-1, arrayIndex=0
2022-07-04 07:12:32,476 [s2-server-thread1] DEBUG raftlog.RaftLog (SegmentedRaftLog.java:appendImpl(447)) - truncateIndex=-1, arrayIndex=0
2022-07-04 07:12:32,477 [s0-server-thread1] DEBUG raftlog.RaftLog (SegmentedRaftLog.java:appendImpl(447)) - truncateIndex=-1, arrayIndex=0
2022-07-04 07:12:32,478 [s2@group-B582808378DD-StateMachineUpdater] INFO  statemachine.SimpleStateMachine4Testing (SimpleStateMachine4Testing.java:put(204)) - s2: put 83, m41 -> (t:1, i:83), STATEMACHINELOGENTRY, 427@client-6D946DA219F4
2022-07-04 07:12:32,478 [s0@group-B582808378DD-StateMachineUpdater] INFO  statemachine.SimpleStateMachine4Testing (SimpleStateMachine4Testing.java:put(204)) - s0: put 83, m41 -> (t:1, i:83), STATEMACHINELOGENTRY, 427@client-6D946DA219F4
2022-07-04 07:12:32,479 [s1@group-B582808378DD-StateMachineUpdater] INFO  statemachine.SimpleStateMachine4Testing (SimpleStateMachine4Testing.java:put(204)) - s1: put 85, m42 -> (t:1, i:85), STATEMACHINELOGENTRY, 428@client-6D946DA219F4
2022-07-04 07:12:32,480 [s2-server-thread1] DEBUG raftlog.RaftLog (SegmentedRaftLog.java:appendImpl(447)) - truncateIndex=-1, arrayIndex=0
2022-07-04 07:12:32,480 [s0-server-thread1] DEBUG raftlog.RaftLog (SegmentedRaftLog.java:appendImpl(447)) - truncateIndex=-1, arrayIndex=0
2022-07-04 07:12:32,482 [s0-server-thread1] DEBUG raftlog.RaftLog (SegmentedRaftLog.java:appendImpl(447)) - truncateIndex=-1, arrayIndex=0
2022-07-04 07:12:32,482 [s2-server-thread1] DEBUG raftlog.RaftLog (SegmentedRaftLog.java:appendImpl(447)) - truncateIndex=-1, arrayIndex=0
2022-07-04 07:12:32,483 [s0@group-B582808378DD-StateMachineUpdater] INFO  statemachine.SimpleStateMachine4Testing (SimpleStateMachine4Testing.java:put(204)) - s0: put 85, m42 -> (t:1, i:85), STATEMACHINELOGENTRY, 428@client-6D946DA219F4
2022-07-04 07:12:32,484 [s2@group-B582808378DD-StateMachineUpdater] INFO  statemachine.SimpleStateMachine4Testing (SimpleStateMachine4Testing.java:put(204)) - s2: put 85, m42 -> (t:1, i:85), STATEMACHINELOGENTRY, 428@client-6D946DA219F4
2022-07-04 07:12:32,485 [s1@group-B582808378DD-StateMachineUpdater] INFO  statemachine.SimpleStateMachine4Testing (SimpleStateMachine4Testing.java:put(204)) - s1: put 87, m43 -> (t:1, i:87), STATEMACHINELOGENTRY, 429@client-6D946DA219F4
2022-07-04 07:12:32,485 [s0-server-thread1] DEBUG raftlog.RaftLog (SegmentedRaftLog.java:appendImpl(447)) - truncateIndex=-1, arrayIndex=0
2022-07-04 07:12:32,485 [s2-server-thread1] DEBUG raftlog.RaftLog (SegmentedRaftLog.java:appendImpl(447)) - truncateIndex=-1, arrayIndex=0
2022-07-04 07:12:32,487 [s2-server-thread1] DEBUG raftlog.RaftLog (SegmentedRaftLog.java:appendImpl(447)) - truncateIndex=-1, arrayIndex=0
2022-07-04 07:12:32,487 [s0-server-thread1] DEBUG raftlog.RaftLog (SegmentedRaftLog.java:appendImpl(447)) - truncateIndex=-1, arrayIndex=0
2022-07-04 07:12:32,488 [s2@group-B582808378DD-StateMachineUpdater] INFO  statemachine.SimpleStateMachine4Testing (SimpleStateMachine4Testing.java:put(204)) - s2: put 87, m43 -> (t:1, i:87), STATEMACHINELOGENTRY, 429@client-6D946DA219F4
2022-07-04 07:12:32,490 [s0@group-B582808378DD-StateMachineUpdater] INFO  statemachine.SimpleStateMachine4Testing (SimpleStateMachine4Testing.java:put(204)) - s0: put 87, m43 -> (t:1, i:87), STATEMACHINELOGENTRY, 429@client-6D946DA219F4
2022-07-04 07:12:32,491 [s1@group-B582808378DD-StateMachineUpdater] INFO  statemachine.SimpleStateMachine4Testing (SimpleStateMachine4Testing.java:put(204)) - s1: put 89, m44 -> (t:1, i:89), STATEMACHINELOGENTRY, 430@client-6D946DA219F4
2022-07-04 07:12:32,491 [s2-server-thread1] DEBUG raftlog.RaftLog (SegmentedRaftLog.java:appendImpl(447)) - truncateIndex=-1, arrayIndex=0
2022-07-04 07:12:32,491 [s0-server-thread1] DEBUG raftlog.RaftLog (SegmentedRaftLog.java:appendImpl(447)) - truncateIndex=-1, arrayIndex=0
2022-07-04 07:12:32,493 [s2-server-thread1] DEBUG raftlog.RaftLog (SegmentedRaftLog.java:appendImpl(447)) - truncateIndex=-1, arrayIndex=0
2022-07-04 07:12:32,493 [s0-server-thread1] DEBUG raftlog.RaftLog (SegmentedRaftLog.java:appendImpl(447)) - truncateIndex=-1, arrayIndex=0
2022-07-04 07:12:32,494 [s0@group-B582808378DD-StateMachineUpdater] INFO  statemachine.SimpleStateMachine4Testing (SimpleStateMachine4Testing.java:put(204)) - s0: put 89, m44 -> (t:1, i:89), STATEMACHINELOGENTRY, 430@client-6D946DA219F4
2022-07-04 07:12:32,496 [s1@group-B582808378DD-StateMachineUpdater] INFO  statemachine.SimpleStateMachine4Testing (SimpleStateMachine4Testing.java:put(204)) - s1: put 91, m45 -> (t:1, i:91), STATEMACHINELOGENTRY, 431@client-6D946DA219F4
2022-07-04 07:12:32,496 [s2-server-thread1] DEBUG raftlog.RaftLog (SegmentedRaftLog.java:appendImpl(447)) - truncateIndex=-1, arrayIndex=0
2022-07-04 07:12:32,497 [s0-server-thread1] DEBUG raftlog.RaftLog (SegmentedRaftLog.java:appendImpl(447)) - truncateIndex=-1, arrayIndex=0
2022-07-04 07:12:32,497 [s2@group-B582808378DD-StateMachineUpdater] INFO  statemachine.SimpleStateMachine4Testing (SimpleStateMachine4Testing.java:put(204)) - s2: put 89, m44 -> (t:1, i:89), STATEMACHINELOGENTRY, 430@client-6D946DA219F4
2022-07-04 07:12:32,498 [s0@group-B582808378DD-StateMachineUpdater] INFO  statemachine.SimpleStateMachine4Testing (SimpleStateMachine4Testing.java:put(204)) - s0: put 91, m45 -> (t:1, i:91), STATEMACHINELOGENTRY, 431@client-6D946DA219F4
2022-07-04 07:12:32,499 [s2-server-thread1] DEBUG raftlog.RaftLog (SegmentedRaftLog.java:appendImpl(447)) - truncateIndex=-1, arrayIndex=0
2022-07-04 07:12:32,499 [s0-server-thread1] DEBUG raftlog.RaftLog (SegmentedRaftLog.java:appendImpl(447)) - truncateIndex=-1, arrayIndex=0
2022-07-04 07:12:32,500 [s2@group-B582808378DD-StateMachineUpdater] INFO  statemachine.SimpleStateMachine4Testing (SimpleStateMachine4Testing.java:put(204)) - s2: put 91, m45 -> (t:1, i:91), STATEMACHINELOGENTRY, 431@client-6D946DA219F4
2022-07-04 07:12:32,501 [s1@group-B582808378DD-StateMachineUpdater] INFO  statemachine.SimpleStateMachine4Testing (SimpleStateMachine4Testing.java:put(204)) - s1: put 93, m46 -> (t:1, i:93), STATEMACHINELOGENTRY, 432@client-6D946DA219F4
2022-07-04 07:12:32,502 [s0-server-thread1] DEBUG raftlog.RaftLog (SegmentedRaftLog.java:appendImpl(447)) - truncateIndex=-1, arrayIndex=0
2022-07-04 07:12:32,502 [s2-server-thread1] DEBUG raftlog.RaftLog (SegmentedRaftLog.java:appendImpl(447)) - truncateIndex=-1, arrayIndex=0
2022-07-04 07:12:32,503 [s0@group-B582808378DD-StateMachineUpdater] INFO  statemachine.SimpleStateMachine4Testing (SimpleStateMachine4Testing.java:put(204)) - s0: put 93, m46 -> (t:1, i:93), STATEMACHINELOGENTRY, 432@client-6D946DA219F4
2022-07-04 07:12:32,504 [s2-server-thread1] DEBUG raftlog.RaftLog (SegmentedRaftLog.java:appendImpl(447)) - truncateIndex=-1, arrayIndex=0
2022-07-04 07:12:32,504 [s0-server-thread1] DEBUG raftlog.RaftLog (SegmentedRaftLog.java:appendImpl(447)) - truncateIndex=-1, arrayIndex=0
2022-07-04 07:12:32,504 [s2@group-B582808378DD-StateMachineUpdater] INFO  statemachine.SimpleStateMachine4Testing (SimpleStateMachine4Testing.java:put(204)) - s2: put 93, m46 -> (t:1, i:93), STATEMACHINELOGENTRY, 432@client-6D946DA219F4
2022-07-04 07:12:32,506 [s1@group-B582808378DD-StateMachineUpdater] INFO  statemachine.SimpleStateMachine4Testing (SimpleStateMachine4Testing.java:put(204)) - s1: put 95, m47 -> (t:1, i:95), STATEMACHINELOGENTRY, 433@client-6D946DA219F4
2022-07-04 07:12:32,508 [s0-server-thread1] DEBUG raftlog.RaftLog (SegmentedRaftLog.java:appendImpl(447)) - truncateIndex=-1, arrayIndex=0
2022-07-04 07:12:32,508 [s0@group-B582808378DD-StateMachineUpdater] INFO  statemachine.SimpleStateMachine4Testing (SimpleStateMachine4Testing.java:put(204)) - s0: put 95, m47 -> (t:1, i:95), STATEMACHINELOGENTRY, 433@client-6D946DA219F4
2022-07-04 07:12:32,509 [s2-server-thread1] DEBUG raftlog.RaftLog (SegmentedRaftLog.java:appendImpl(447)) - truncateIndex=-1, arrayIndex=0
2022-07-04 07:12:32,510 [s2-server-thread1] DEBUG raftlog.RaftLog (SegmentedRaftLog.java:appendImpl(447)) - truncateIndex=-1, arrayIndex=0
2022-07-04 07:12:32,510 [s2@group-B582808378DD-StateMachineUpdater] INFO  statemachine.SimpleStateMachine4Testing (SimpleStateMachine4Testing.java:put(204)) - s2: put 95, m47 -> (t:1, i:95), STATEMACHINELOGENTRY, 433@client-6D946DA219F4
2022-07-04 07:12:32,510 [s0-server-thread1] DEBUG raftlog.RaftLog (SegmentedRaftLog.java:appendImpl(447)) - truncateIndex=-1, arrayIndex=0
2022-07-04 07:12:32,512 [s1@group-B582808378DD-StateMachineUpdater] INFO  statemachine.SimpleStateMachine4Testing (SimpleStateMachine4Testing.java:put(204)) - s1: put 97, m48 -> (t:1, i:97), STATEMACHINELOGENTRY, 434@client-6D946DA219F4
2022-07-04 07:12:32,513 [s0-server-thread1] DEBUG raftlog.RaftLog (SegmentedRaftLog.java:appendImpl(447)) - truncateIndex=-1, arrayIndex=0
2022-07-04 07:12:32,514 [s2-server-thread1] DEBUG raftlog.RaftLog (SegmentedRaftLog.java:appendImpl(447)) - truncateIndex=-1, arrayIndex=0
2022-07-04 07:12:32,514 [s0@group-B582808378DD-StateMachineUpdater] INFO  statemachine.SimpleStateMachine4Testing (SimpleStateMachine4Testing.java:put(204)) - s0: put 97, m48 -> (t:1, i:97), STATEMACHINELOGENTRY, 434@client-6D946DA219F4
2022-07-04 07:12:32,514 [s2@group-B582808378DD-StateMachineUpdater] INFO  statemachine.SimpleStateMachine4Testing (SimpleStateMachine4Testing.java:put(204)) - s2: put 97, m48 -> (t:1, i:97), STATEMACHINELOGENTRY, 434@client-6D946DA219F4
2022-07-04 07:12:32,515 [s2-server-thread1] DEBUG raftlog.RaftLog (SegmentedRaftLog.java:appendImpl(447)) - truncateIndex=-1, arrayIndex=0
2022-07-04 07:12:32,515 [s0-server-thread1] DEBUG raftlog.RaftLog (SegmentedRaftLog.java:appendImpl(447)) - truncateIndex=-1, arrayIndex=0
2022-07-04 07:12:32,516 [s1@group-B582808378DD-StateMachineUpdater] INFO  statemachine.SimpleStateMachine4Testing (SimpleStateMachine4Testing.java:put(204)) - s1: put 99, m49 -> (t:1, i:99), STATEMACHINELOGENTRY, 435@client-6D946DA219F4
2022-07-04 07:12:32,517 [s0-server-thread1] DEBUG raftlog.RaftLog (SegmentedRaftLog.java:appendImpl(447)) - truncateIndex=-1, arrayIndex=0
2022-07-04 07:12:32,517 [s2-server-thread1] DEBUG raftlog.RaftLog (SegmentedRaftLog.java:appendImpl(447)) - truncateIndex=-1, arrayIndex=0
2022-07-04 07:12:32,520 [s2@group-B582808378DD-StateMachineUpdater] INFO  statemachine.SimpleStateMachine4Testing (SimpleStateMachine4Testing.java:put(204)) - s2: put 99, m49 -> (t:1, i:99), STATEMACHINELOGENTRY, 435@client-6D946DA219F4
2022-07-04 07:12:32,520 [s0@group-B582808378DD-StateMachineUpdater] INFO  statemachine.SimpleStateMachine4Testing (SimpleStateMachine4Testing.java:put(204)) - s0: put 99, m49 -> (t:1, i:99), STATEMACHINELOGENTRY, 435@client-6D946DA219F4
2022-07-04 07:12:32,521 [s2-server-thread1] DEBUG raftlog.RaftLog (SegmentedRaftLog.java:appendImpl(447)) - truncateIndex=-1, arrayIndex=0
2022-07-04 07:12:32,521 [s0-server-thread1] DEBUG raftlog.RaftLog (SegmentedRaftLog.java:appendImpl(447)) - truncateIndex=-1, arrayIndex=0
2022-07-04 07:12:32,524 [s1@group-B582808378DD-StateMachineUpdater] INFO  statemachine.SimpleStateMachine4Testing (SimpleStateMachine4Testing.java:put(204)) - s1: put 101, m50 -> (t:1, i:101), STATEMACHINELOGENTRY, 436@client-6D946DA219F4
2022-07-04 07:12:32,524 [s2-server-thread1] DEBUG raftlog.RaftLog (SegmentedRaftLog.java:appendImpl(447)) - truncateIndex=-1, arrayIndex=0
2022-07-04 07:12:32,525 [s0-server-thread1] DEBUG raftlog.RaftLog (SegmentedRaftLog.java:appendImpl(447)) - truncateIndex=-1, arrayIndex=0
2022-07-04 07:12:32,525 [s2@group-B582808378DD-StateMachineUpdater] INFO  statemachine.SimpleStateMachine4Testing (SimpleStateMachine4Testing.java:put(204)) - s2: put 101, m50 -> (t:1, i:101), STATEMACHINELOGENTRY, 436@client-6D946DA219F4
2022-07-04 07:12:32,526 [s0@group-B582808378DD-StateMachineUpdater] INFO  statemachine.SimpleStateMachine4Testing (SimpleStateMachine4Testing.java:put(204)) - s0: put 101, m50 -> (t:1, i:101), STATEMACHINELOGENTRY, 436@client-6D946DA219F4
2022-07-04 07:12:32,527 [s2-server-thread1] DEBUG raftlog.RaftLog (SegmentedRaftLog.java:appendImpl(447)) - truncateIndex=-1, arrayIndex=0
2022-07-04 07:12:32,527 [s0-server-thread1] DEBUG raftlog.RaftLog (SegmentedRaftLog.java:appendImpl(447)) - truncateIndex=-1, arrayIndex=0
2022-07-04 07:12:32,528 [s1@group-B582808378DD-StateMachineUpdater] INFO  statemachine.SimpleStateMachine4Testing (SimpleStateMachine4Testing.java:put(204)) - s1: put 103, m51 -> (t:1, i:103), STATEMACHINELOGENTRY, 437@client-6D946DA219F4
2022-07-04 07:12:32,529 [s0-server-thread1] DEBUG raftlog.RaftLog (SegmentedRaftLog.java:appendImpl(447)) - truncateIndex=-1, arrayIndex=0
2022-07-04 07:12:32,532 [s2-server-thread1] DEBUG raftlog.RaftLog (SegmentedRaftLog.java:appendImpl(447)) - truncateIndex=-1, arrayIndex=0
2022-07-04 07:12:32,533 [s0@group-B582808378DD-StateMachineUpdater] INFO  statemachine.SimpleStateMachine4Testing (SimpleStateMachine4Testing.java:put(204)) - s0: put 103, m51 -> (t:1, i:103), STATEMACHINELOGENTRY, 437@client-6D946DA219F4
2022-07-04 07:12:32,533 [s0-server-thread1] DEBUG raftlog.RaftLog (SegmentedRaftLog.java:appendImpl(447)) - truncateIndex=-1, arrayIndex=0
2022-07-04 07:12:32,534 [s2-server-thread1] DEBUG raftlog.RaftLog (SegmentedRaftLog.java:appendImpl(447)) - truncateIndex=-1, arrayIndex=0
2022-07-04 07:12:32,535 [s2@group-B582808378DD-StateMachineUpdater] INFO  statemachine.SimpleStateMachine4Testing (SimpleStateMachine4Testing.java:put(204)) - s2: put 103, m51 -> (t:1, i:103), STATEMACHINELOGENTRY, 437@client-6D946DA219F4
2022-07-04 07:12:32,536 [s1@group-B582808378DD-StateMachineUpdater] INFO  statemachine.SimpleStateMachine4Testing (SimpleStateMachine4Testing.java:put(204)) - s1: put 105, m52 -> (t:1, i:105), STATEMACHINELOGENTRY, 438@client-6D946DA219F4
2022-07-04 07:12:32,537 [s0-server-thread1] DEBUG raftlog.RaftLog (SegmentedRaftLog.java:appendImpl(447)) - truncateIndex=-1, arrayIndex=0
2022-07-04 07:12:32,537 [s1-client-thread1] INFO  segmented.SegmentedRaftLogWorker (SegmentedRaftLogWorker.java:rollLogSegment(430)) - s1@group-B582808378DD-SegmentedRaftLogWorker: Rolling segment log-79_106 to index:106
2022-07-04 07:12:32,537 [s2-server-thread1] DEBUG raftlog.RaftLog (SegmentedRaftLog.java:appendImpl(447)) - truncateIndex=-1, arrayIndex=0
2022-07-04 07:12:32,537 [s1@group-B582808378DD-SegmentedRaftLogWorker] TRACE util.FileUtils (LogUtils.java:runAndLog(49)) - Successfully ran Files.move /home/runner/work/ratis/ratis/ratis-test/target/test/data/213e9af5/MiniRaftClusterWithGrpc2dae160b/s1/2e090e8e-e906-4c9f-8430-b582808378dd/current/log_inprogress_79 to /home/runner/work/ratis/ratis/ratis-test/target/test/data/213e9af5/MiniRaftClusterWithGrpc2dae160b/s1/2e090e8e-e906-4c9f-8430-b582808378dd/current/log_79-106
2022-07-04 07:12:32,537 [s1@group-B582808378DD-SegmentedRaftLogWorker] INFO  segmented.SegmentedRaftLogWorker (SegmentedRaftLogWorker.java:execute(586)) - s1@group-B582808378DD-SegmentedRaftLogWorker: Rolled log segment from /home/runner/work/ratis/ratis/ratis-test/target/test/data/213e9af5/MiniRaftClusterWithGrpc2dae160b/s1/2e090e8e-e906-4c9f-8430-b582808378dd/current/log_inprogress_79 to /home/runner/work/ratis/ratis/ratis-test/target/test/data/213e9af5/MiniRaftClusterWithGrpc2dae160b/s1/2e090e8e-e906-4c9f-8430-b582808378dd/current/log_79-106
2022-07-04 07:12:32,538 [s2-server-thread1] DEBUG raftlog.RaftLog (SegmentedRaftLog.java:appendImpl(447)) - truncateIndex=-1, arrayIndex=0
2022-07-04 07:12:32,538 [s2-server-thread1] INFO  segmented.SegmentedRaftLogWorker (SegmentedRaftLogWorker.java:rollLogSegment(430)) - s2@group-B582808378DD-SegmentedRaftLogWorker: Rolling segment log-79_106 to index:106
2022-07-04 07:12:32,538 [s2@group-B582808378DD-SegmentedRaftLogWorker] TRACE util.FileUtils (LogUtils.java:runAndLog(49)) - Successfully ran Files.move /home/runner/work/ratis/ratis/ratis-test/target/test/data/213e9af5/MiniRaftClusterWithGrpc2dae160b/s2/2e090e8e-e906-4c9f-8430-b582808378dd/current/log_inprogress_79 to /home/runner/work/ratis/ratis/ratis-test/target/test/data/213e9af5/MiniRaftClusterWithGrpc2dae160b/s2/2e090e8e-e906-4c9f-8430-b582808378dd/current/log_79-106
2022-07-04 07:12:32,538 [s2@group-B582808378DD-SegmentedRaftLogWorker] INFO  segmented.SegmentedRaftLogWorker (SegmentedRaftLogWorker.java:execute(586)) - s2@group-B582808378DD-SegmentedRaftLogWorker: Rolled log segment from /home/runner/work/ratis/ratis/ratis-test/target/test/data/213e9af5/MiniRaftClusterWithGrpc2dae160b/s2/2e090e8e-e906-4c9f-8430-b582808378dd/current/log_inprogress_79 to /home/runner/work/ratis/ratis/ratis-test/target/test/data/213e9af5/MiniRaftClusterWithGrpc2dae160b/s2/2e090e8e-e906-4c9f-8430-b582808378dd/current/log_79-106
2022-07-04 07:12:32,539 [s2@group-B582808378DD-SegmentedRaftLogWorker] INFO  segmented.SegmentedRaftLogWorker (SegmentedRaftLogWorker.java:execute(629)) - s2@group-B582808378DD-SegmentedRaftLogWorker: created new log segment /home/runner/work/ratis/ratis/ratis-test/target/test/data/213e9af5/MiniRaftClusterWithGrpc2dae160b/s2/2e090e8e-e906-4c9f-8430-b582808378dd/current/log_inprogress_107
2022-07-04 07:12:32,540 [s1@group-B582808378DD-SegmentedRaftLogWorker] INFO  segmented.SegmentedRaftLogWorker (SegmentedRaftLogWorker.java:execute(629)) - s1@group-B582808378DD-SegmentedRaftLogWorker: created new log segment /home/runner/work/ratis/ratis/ratis-test/target/test/data/213e9af5/MiniRaftClusterWithGrpc2dae160b/s1/2e090e8e-e906-4c9f-8430-b582808378dd/current/log_inprogress_107
2022-07-04 07:12:32,540 [s0-server-thread1] DEBUG raftlog.RaftLog (SegmentedRaftLog.java:appendImpl(447)) - truncateIndex=-1, arrayIndex=0
2022-07-04 07:12:32,540 [s0-server-thread1] INFO  segmented.SegmentedRaftLogWorker (SegmentedRaftLogWorker.java:rollLogSegment(430)) - s0@group-B582808378DD-SegmentedRaftLogWorker: Rolling segment log-79_106 to index:106
2022-07-04 07:12:32,541 [s0@group-B582808378DD-SegmentedRaftLogWorker] TRACE util.FileUtils (LogUtils.java:runAndLog(49)) - Successfully ran Files.move /home/runner/work/ratis/ratis/ratis-test/target/test/data/213e9af5/MiniRaftClusterWithGrpc2dae160b/s0/2e090e8e-e906-4c9f-8430-b582808378dd/current/log_inprogress_79 to /home/runner/work/ratis/ratis/ratis-test/target/test/data/213e9af5/MiniRaftClusterWithGrpc2dae160b/s0/2e090e8e-e906-4c9f-8430-b582808378dd/current/log_79-106
2022-07-04 07:12:32,541 [s0@group-B582808378DD-SegmentedRaftLogWorker] INFO  segmented.SegmentedRaftLogWorker (SegmentedRaftLogWorker.java:execute(586)) - s0@group-B582808378DD-SegmentedRaftLogWorker: Rolled log segment from /home/runner/work/ratis/ratis/ratis-test/target/test/data/213e9af5/MiniRaftClusterWithGrpc2dae160b/s0/2e090e8e-e906-4c9f-8430-b582808378dd/current/log_inprogress_79 to /home/runner/work/ratis/ratis/ratis-test/target/test/data/213e9af5/MiniRaftClusterWithGrpc2dae160b/s0/2e090e8e-e906-4c9f-8430-b582808378dd/current/log_79-106
2022-07-04 07:12:32,541 [s2@group-B582808378DD-StateMachineUpdater] INFO  statemachine.SimpleStateMachine4Testing (SimpleStateMachine4Testing.java:put(204)) - s2: put 105, m52 -> (t:1, i:105), STATEMACHINELOGENTRY, 438@client-6D946DA219F4
2022-07-04 07:12:32,541 [s0@group-B582808378DD-StateMachineUpdater] INFO  statemachine.SimpleStateMachine4Testing (SimpleStateMachine4Testing.java:put(204)) - s0: put 105, m52 -> (t:1, i:105), STATEMACHINELOGENTRY, 438@client-6D946DA219F4
2022-07-04 07:12:32,542 [s0@group-B582808378DD-SegmentedRaftLogWorker] INFO  segmented.SegmentedRaftLogWorker (SegmentedRaftLogWorker.java:execute(629)) - s0@group-B582808378DD-SegmentedRaftLogWorker: created new log segment /home/runner/work/ratis/ratis/ratis-test/target/test/data/213e9af5/MiniRaftClusterWithGrpc2dae160b/s0/2e090e8e-e906-4c9f-8430-b582808378dd/current/log_inprogress_107
2022-07-04 07:12:32,542 [s1@group-B582808378DD-StateMachineUpdater] INFO  statemachine.SimpleStateMachine4Testing (SimpleStateMachine4Testing.java:put(204)) - s1: put 107, m53 -> (t:1, i:107), STATEMACHINELOGENTRY, 439@client-6D946DA219F4
2022-07-04 07:12:32,543 [s2-server-thread1] DEBUG raftlog.RaftLog (SegmentedRaftLog.java:appendImpl(447)) - truncateIndex=-1, arrayIndex=0
2022-07-04 07:12:32,543 [s0-server-thread1] DEBUG raftlog.RaftLog (SegmentedRaftLog.java:appendImpl(447)) - truncateIndex=-1, arrayIndex=0
2022-07-04 07:12:32,544 [s0-server-thread1] DEBUG raftlog.RaftLog (SegmentedRaftLog.java:appendImpl(447)) - truncateIndex=-1, arrayIndex=0
2022-07-04 07:12:32,544 [s2-server-thread1] DEBUG raftlog.RaftLog (SegmentedRaftLog.java:appendImpl(447)) - truncateIndex=-1, arrayIndex=0
2022-07-04 07:12:32,549 [s2@group-B582808378DD-StateMachineUpdater] INFO  statemachine.SimpleStateMachine4Testing (SimpleStateMachine4Testing.java:put(204)) - s2: put 107, m53 -> (t:1, i:107), STATEMACHINELOGENTRY, 439@client-6D946DA219F4
2022-07-04 07:12:32,549 [s1@group-B582808378DD-StateMachineUpdater] INFO  statemachine.SimpleStateMachine4Testing (SimpleStateMachine4Testing.java:put(204)) - s1: put 109, m54 -> (t:1, i:109), STATEMACHINELOGENTRY, 440@client-6D946DA219F4
2022-07-04 07:12:32,550 [s2-server-thread1] DEBUG raftlog.RaftLog (SegmentedRaftLog.java:appendImpl(447)) - truncateIndex=-1, arrayIndex=0
2022-07-04 07:12:32,550 [s0-server-thread1] DEBUG raftlog.RaftLog (SegmentedRaftLog.java:appendImpl(447)) - truncateIndex=-1, arrayIndex=0
2022-07-04 07:12:32,552 [s2-server-thread1] DEBUG raftlog.RaftLog (SegmentedRaftLog.java:appendImpl(447)) - truncateIndex=-1, arrayIndex=0
2022-07-04 07:12:32,552 [s0-server-thread1] DEBUG raftlog.RaftLog (SegmentedRaftLog.java:appendImpl(447)) - truncateIndex=-1, arrayIndex=0
2022-07-04 07:12:32,552 [s2@group-B582808378DD-StateMachineUpdater] INFO  statemachine.SimpleStateMachine4Testing (SimpleStateMachine4Testing.java:put(204)) - s2: put 109, m54 -> (t:1, i:109), STATEMACHINELOGENTRY, 440@client-6D946DA219F4
2022-07-04 07:12:32,553 [s0@group-B582808378DD-StateMachineUpdater] INFO  statemachine.SimpleStateMachine4Testing (SimpleStateMachine4Testing.java:put(204)) - s0: put 107, m53 -> (t:1, i:107), STATEMACHINELOGENTRY, 439@client-6D946DA219F4
2022-07-04 07:12:32,554 [s1@group-B582808378DD-StateMachineUpdater] INFO  statemachine.SimpleStateMachine4Testing (SimpleStateMachine4Testing.java:put(204)) - s1: put 111, m55 -> (t:1, i:111), STATEMACHINELOGENTRY, 441@client-6D946DA219F4
2022-07-04 07:12:32,555 [s0-server-thread1] DEBUG raftlog.RaftLog (SegmentedRaftLog.java:appendImpl(447)) - truncateIndex=-1, arrayIndex=0
2022-07-04 07:12:32,555 [s2-server-thread1] DEBUG raftlog.RaftLog (SegmentedRaftLog.java:appendImpl(447)) - truncateIndex=-1, arrayIndex=0
2022-07-04 07:12:32,558 [s0-server-thread1] DEBUG raftlog.RaftLog (SegmentedRaftLog.java:appendImpl(447)) - truncateIndex=-1, arrayIndex=0
2022-07-04 07:12:32,558 [s2-server-thread1] DEBUG raftlog.RaftLog (SegmentedRaftLog.java:appendImpl(447)) - truncateIndex=-1, arrayIndex=0
2022-07-04 07:12:32,559 [s0@group-B582808378DD-StateMachineUpdater] INFO  statemachine.SimpleStateMachine4Testing (SimpleStateMachine4Testing.java:put(204)) - s0: put 109, m54 -> (t:1, i:109), STATEMACHINELOGENTRY, 440@client-6D946DA219F4
2022-07-04 07:12:32,560 [s2@group-B582808378DD-StateMachineUpdater] INFO  statemachine.SimpleStateMachine4Testing (SimpleStateMachine4Testing.java:put(204)) - s2: put 111, m55 -> (t:1, i:111), STATEMACHINELOGENTRY, 441@client-6D946DA219F4
2022-07-04 07:12:32,561 [s1@group-B582808378DD-StateMachineUpdater] INFO  statemachine.SimpleStateMachine4Testing (SimpleStateMachine4Testing.java:put(204)) - s1: put 113, m56 -> (t:1, i:113), STATEMACHINELOGENTRY, 442@client-6D946DA219F4
2022-07-04 07:12:32,561 [s2-server-thread1] DEBUG raftlog.RaftLog (SegmentedRaftLog.java:appendImpl(447)) - truncateIndex=-1, arrayIndex=0
2022-07-04 07:12:32,562 [s0@group-B582808378DD-StateMachineUpdater] INFO  statemachine.SimpleStateMachine4Testing (SimpleStateMachine4Testing.java:put(204)) - s0: put 111, m55 -> (t:1, i:111), STATEMACHINELOGENTRY, 441@client-6D946DA219F4
2022-07-04 07:12:32,562 [s0-server-thread1] DEBUG raftlog.RaftLog (SegmentedRaftLog.java:appendImpl(447)) - truncateIndex=-1, arrayIndex=0
2022-07-04 07:12:32,564 [s0-server-thread1] DEBUG raftlog.RaftLog (SegmentedRaftLog.java:appendImpl(447)) - truncateIndex=-1, arrayIndex=0
2022-07-04 07:12:32,564 [s2-server-thread1] DEBUG raftlog.RaftLog (SegmentedRaftLog.java:appendImpl(447)) - truncateIndex=-1, arrayIndex=0
2022-07-04 07:12:32,569 [s2@group-B582808378DD-StateMachineUpdater] INFO  statemachine.SimpleStateMachine4Testing (SimpleStateMachine4Testing.java:put(204)) - s2: put 113, m56 -> (t:1, i:113), STATEMACHINELOGENTRY, 442@client-6D946DA219F4
2022-07-04 07:12:32,572 [s0@group-B582808378DD-StateMachineUpdater] INFO  statemachine.SimpleStateMachine4Testing (SimpleStateMachine4Testing.java:put(204)) - s0: put 113, m56 -> (t:1, i:113), STATEMACHINELOGENTRY, 442@client-6D946DA219F4
2022-07-04 07:12:32,573 [s1@group-B582808378DD-StateMachineUpdater] INFO  statemachine.SimpleStateMachine4Testing (SimpleStateMachine4Testing.java:put(204)) - s1: put 115, m57 -> (t:1, i:115), STATEMACHINELOGENTRY, 443@client-6D946DA219F4
2022-07-04 07:12:32,573 [s2-server-thread1] DEBUG raftlog.RaftLog (SegmentedRaftLog.java:appendImpl(447)) - truncateIndex=-1, arrayIndex=0
2022-07-04 07:12:32,574 [s0-server-thread1] DEBUG raftlog.RaftLog (SegmentedRaftLog.java:appendImpl(447)) - truncateIndex=-1, arrayIndex=0
2022-07-04 07:12:32,575 [s2-server-thread1] DEBUG raftlog.RaftLog (SegmentedRaftLog.java:appendImpl(447)) - truncateIndex=-1, arrayIndex=0
2022-07-04 07:12:32,575 [s0-server-thread1] DEBUG raftlog.RaftLog (SegmentedRaftLog.java:appendImpl(447)) - truncateIndex=-1, arrayIndex=0
2022-07-04 07:12:32,577 [s2@group-B582808378DD-StateMachineUpdater] INFO  statemachine.SimpleStateMachine4Testing (SimpleStateMachine4Testing.java:put(204)) - s2: put 115, m57 -> (t:1, i:115), STATEMACHINELOGENTRY, 443@client-6D946DA219F4
2022-07-04 07:12:32,579 [s1@group-B582808378DD-StateMachineUpdater] INFO  statemachine.SimpleStateMachine4Testing (SimpleStateMachine4Testing.java:put(204)) - s1: put 117, m58 -> (t:1, i:117), STATEMACHINELOGENTRY, 444@client-6D946DA219F4
2022-07-04 07:12:32,580 [s2-server-thread1] DEBUG raftlog.RaftLog (SegmentedRaftLog.java:appendImpl(447)) - truncateIndex=-1, arrayIndex=0
2022-07-04 07:12:32,580 [s0-server-thread1] DEBUG raftlog.RaftLog (SegmentedRaftLog.java:appendImpl(447)) - truncateIndex=-1, arrayIndex=0
2022-07-04 07:12:32,581 [s2-server-thread1] DEBUG raftlog.RaftLog (SegmentedRaftLog.java:appendImpl(447)) - truncateIndex=-1, arrayIndex=0
2022-07-04 07:12:32,581 [s0-server-thread1] DEBUG raftlog.RaftLog (SegmentedRaftLog.java:appendImpl(447)) - truncateIndex=-1, arrayIndex=0
2022-07-04 07:12:32,582 [s0@group-B582808378DD-StateMachineUpdater] INFO  statemachine.SimpleStateMachine4Testing (SimpleStateMachine4Testing.java:put(204)) - s0: put 115, m57 -> (t:1, i:115), STATEMACHINELOGENTRY, 443@client-6D946DA219F4
2022-07-04 07:12:32,582 [s2@group-B582808378DD-StateMachineUpdater] INFO  statemachine.SimpleStateMachine4Testing (SimpleStateMachine4Testing.java:put(204)) - s2: put 117, m58 -> (t:1, i:117), STATEMACHINELOGENTRY, 444@client-6D946DA219F4
2022-07-04 07:12:32,584 [s0@group-B582808378DD-StateMachineUpdater] INFO  statemachine.SimpleStateMachine4Testing (SimpleStateMachine4Testing.java:put(204)) - s0: put 117, m58 -> (t:1, i:117), STATEMACHINELOGENTRY, 444@client-6D946DA219F4
2022-07-04 07:12:32,587 [s1@group-B582808378DD-StateMachineUpdater] INFO  statemachine.SimpleStateMachine4Testing (SimpleStateMachine4Testing.java:put(204)) - s1: put 119, m59 -> (t:1, i:119), STATEMACHINELOGENTRY, 445@client-6D946DA219F4
2022-07-04 07:12:32,588 [s2-server-thread1] DEBUG raftlog.RaftLog (SegmentedRaftLog.java:appendImpl(447)) - truncateIndex=-1, arrayIndex=0
2022-07-04 07:12:32,588 [s0-server-thread1] DEBUG raftlog.RaftLog (SegmentedRaftLog.java:appendImpl(447)) - truncateIndex=-1, arrayIndex=0
2022-07-04 07:12:32,590 [s2@group-B582808378DD-StateMachineUpdater] INFO  statemachine.SimpleStateMachine4Testing (SimpleStateMachine4Testing.java:put(204)) - s2: put 119, m59 -> (t:1, i:119), STATEMACHINELOGENTRY, 445@client-6D946DA219F4
2022-07-04 07:12:32,590 [s0-server-thread1] DEBUG raftlog.RaftLog (SegmentedRaftLog.java:appendImpl(447)) - truncateIndex=-1, arrayIndex=0
2022-07-04 07:12:32,591 [s2-server-thread1] DEBUG raftlog.RaftLog (SegmentedRaftLog.java:appendImpl(447)) - truncateIndex=-1, arrayIndex=0
2022-07-04 07:12:32,591 [s0@group-B582808378DD-StateMachineUpdater] INFO  statemachine.SimpleStateMachine4Testing (SimpleStateMachine4Testing.java:put(204)) - s0: put 119, m59 -> (t:1, i:119), STATEMACHINELOGENTRY, 445@client-6D946DA219F4
2022-07-04 07:12:32,592 [s1@group-B582808378DD-StateMachineUpdater] INFO  statemachine.SimpleStateMachine4Testing (SimpleStateMachine4Testing.java:put(204)) - s1: put 121, m60 -> (t:1, i:121), STATEMACHINELOGENTRY, 446@client-6D946DA219F4
2022-07-04 07:12:32,593 [s2-server-thread1] DEBUG raftlog.RaftLog (SegmentedRaftLog.java:appendImpl(447)) - truncateIndex=-1, arrayIndex=0
2022-07-04 07:12:32,593 [s0-server-thread1] DEBUG raftlog.RaftLog (SegmentedRaftLog.java:appendImpl(447)) - truncateIndex=-1, arrayIndex=0
2022-07-04 07:12:32,596 [s0-server-thread1] DEBUG raftlog.RaftLog (SegmentedRaftLog.java:appendImpl(447)) - truncateIndex=-1, arrayIndex=0
2022-07-04 07:12:32,597 [s2-server-thread1] DEBUG raftlog.RaftLog (SegmentedRaftLog.java:appendImpl(447)) - truncateIndex=-1, arrayIndex=0
2022-07-04 07:12:32,597 [s2@group-B582808378DD-StateMachineUpdater] INFO  statemachine.SimpleStateMachine4Testing (SimpleStateMachine4Testing.java:put(204)) - s2: put 121, m60 -> (t:1, i:121), STATEMACHINELOGENTRY, 446@client-6D946DA219F4
2022-07-04 07:12:32,598 [s0@group-B582808378DD-StateMachineUpdater] INFO  statemachine.SimpleStateMachine4Testing (SimpleStateMachine4Testing.java:put(204)) - s0: put 121, m60 -> (t:1, i:121), STATEMACHINELOGENTRY, 446@client-6D946DA219F4
2022-07-04 07:12:32,599 [s1@group-B582808378DD-StateMachineUpdater] INFO  statemachine.SimpleStateMachine4Testing (SimpleStateMachine4Testing.java:put(204)) - s1: put 123, m61 -> (t:1, i:123), STATEMACHINELOGENTRY, 447@client-6D946DA219F4
2022-07-04 07:12:32,600 [s2-server-thread1] DEBUG raftlog.RaftLog (SegmentedRaftLog.java:appendImpl(447)) - truncateIndex=-1, arrayIndex=0
2022-07-04 07:12:32,600 [s0-server-thread1] DEBUG raftlog.RaftLog (SegmentedRaftLog.java:appendImpl(447)) - truncateIndex=-1, arrayIndex=0
2022-07-04 07:12:32,601 [s0-server-thread1] DEBUG raftlog.RaftLog (SegmentedRaftLog.java:appendImpl(447)) - truncateIndex=-1, arrayIndex=0
2022-07-04 07:12:32,601 [s0@group-B582808378DD-StateMachineUpdater] INFO  statemachine.SimpleStateMachine4Testing (SimpleStateMachine4Testing.java:put(204)) - s0: put 123, m61 -> (t:1, i:123), STATEMACHINELOGENTRY, 447@client-6D946DA219F4
2022-07-04 07:12:32,601 [s2-server-thread1] DEBUG raftlog.RaftLog (SegmentedRaftLog.java:appendImpl(447)) - truncateIndex=-1, arrayIndex=0
2022-07-04 07:12:32,601 [s2@group-B582808378DD-StateMachineUpdater] INFO  statemachine.SimpleStateMachine4Testing (SimpleStateMachine4Testing.java:put(204)) - s2: put 123, m61 -> (t:1, i:123), STATEMACHINELOGENTRY, 447@client-6D946DA219F4
2022-07-04 07:12:32,602 [s1@group-B582808378DD-StateMachineUpdater] INFO  statemachine.SimpleStateMachine4Testing (SimpleStateMachine4Testing.java:put(204)) - s1: put 125, m62 -> (t:1, i:125), STATEMACHINELOGENTRY, 448@client-6D946DA219F4
2022-07-04 07:12:32,603 [s2-server-thread1] DEBUG raftlog.RaftLog (SegmentedRaftLog.java:appendImpl(447)) - truncateIndex=-1, arrayIndex=0
2022-07-04 07:12:32,603 [s0-server-thread1] DEBUG raftlog.RaftLog (SegmentedRaftLog.java:appendImpl(447)) - truncateIndex=-1, arrayIndex=0
2022-07-04 07:12:32,604 [s2-server-thread1] DEBUG raftlog.RaftLog (SegmentedRaftLog.java:appendImpl(447)) - truncateIndex=-1, arrayIndex=0
2022-07-04 07:12:32,604 [s0-server-thread1] DEBUG raftlog.RaftLog (SegmentedRaftLog.java:appendImpl(447)) - truncateIndex=-1, arrayIndex=0
2022-07-04 07:12:32,604 [s2@group-B582808378DD-StateMachineUpdater] INFO  statemachine.SimpleStateMachine4Testing (SimpleStateMachine4Testing.java:put(204)) - s2: put 125, m62 -> (t:1, i:125), STATEMACHINELOGENTRY, 448@client-6D946DA219F4
2022-07-04 07:12:32,605 [s0@group-B582808378DD-StateMachineUpdater] INFO  statemachine.SimpleStateMachine4Testing (SimpleStateMachine4Testing.java:put(204)) - s0: put 125, m62 -> (t:1, i:125), STATEMACHINELOGENTRY, 448@client-6D946DA219F4
2022-07-04 07:12:32,606 [s1@group-B582808378DD-StateMachineUpdater] INFO  statemachine.SimpleStateMachine4Testing (SimpleStateMachine4Testing.java:put(204)) - s1: put 127, m63 -> (t:1, i:127), STATEMACHINELOGENTRY, 449@client-6D946DA219F4
2022-07-04 07:12:32,610 [s0-server-thread1] DEBUG raftlog.RaftLog (SegmentedRaftLog.java:appendImpl(447)) - truncateIndex=-1, arrayIndex=0
2022-07-04 07:12:32,610 [s2-server-thread1] DEBUG raftlog.RaftLog (SegmentedRaftLog.java:appendImpl(447)) - truncateIndex=-1, arrayIndex=0
2022-07-04 07:12:32,611 [s0-server-thread1] DEBUG raftlog.RaftLog (SegmentedRaftLog.java:appendImpl(447)) - truncateIndex=-1, arrayIndex=0
2022-07-04 07:12:32,611 [s2-server-thread1] DEBUG raftlog.RaftLog (SegmentedRaftLog.java:appendImpl(447)) - truncateIndex=-1, arrayIndex=0
2022-07-04 07:12:32,616 [s2@group-B582808378DD-StateMachineUpdater] INFO  statemachine.SimpleStateMachine4Testing (SimpleStateMachine4Testing.java:put(204)) - s2: put 127, m63 -> (t:1, i:127), STATEMACHINELOGENTRY, 449@client-6D946DA219F4
2022-07-04 07:12:32,616 [s1@group-B582808378DD-StateMachineUpdater] INFO  impl.StateMachineUpdater (StateMachineUpdater.java:takeSnapshot(287)) - s1@group-B582808378DD-StateMachineUpdater: Took a snapshot at index 127
2022-07-04 07:12:32,616 [s1@group-B582808378DD-StateMachineUpdater] INFO  impl.StateMachineUpdater (StateMachineUpdater.java:lambda$new$0(92)) - s1@group-B582808378DD-StateMachineUpdater: snapshotIndex: updateIncreasingly 63 -> 127
2022-07-04 07:12:32,616 [s1@group-B582808378DD-StateMachineUpdater] INFO  raftlog.RaftLog (RaftLogBase.java:purge(308)) - s1@group-B582808378DD-SegmentedRaftLog: purge 125
2022-07-04 07:12:32,616 [s1@group-B582808378DD-StateMachineUpdater] INFO  raftlog.RaftLog (RaftLogBase.java:lambda$new$0(53)) - s1@group-B582808378DD-SegmentedRaftLog: snapshotIndex: updateIncreasingly 63 -> 127
2022-07-04 07:12:32,616 [s1@group-B582808378DD-StateMachineUpdater] DEBUG raftlog.RaftLog (SegmentedRaftLog.java:purgeImpl(365)) - purging segments:toTruncate: null
  toDelete: [(51, 78) isOpen? false, length=0, newEndIndex=0, (79, 106) isOpen? false, length=0, newEndIndex=0]
2022-07-04 07:12:32,616 [s1@group-B582808378DD-StateMachineUpdater] INFO  statemachine.SimpleStateMachine4Testing (SimpleStateMachine4Testing.java:put(204)) - s1: put 129, m64 -> (t:1, i:129), STATEMACHINELOGENTRY, 450@client-6D946DA219F4
2022-07-04 07:12:32,617 [s1@group-B582808378DD-SegmentedRaftLogWorker] TRACE util.FileUtils (LogUtils.java:runAndLog(49)) - Successfully ran Files.delete /home/runner/work/ratis/ratis/ratis-test/target/test/data/213e9af5/MiniRaftClusterWithGrpc2dae160b/s1/2e090e8e-e906-4c9f-8430-b582808378dd/current/log_51-78
2022-07-04 07:12:32,617 [s1@group-B582808378DD-SegmentedRaftLogWorker] TRACE util.FileUtils (LogUtils.java:runAndLog(49)) - Successfully ran Files.delete /home/runner/work/ratis/ratis/ratis-test/target/test/data/213e9af5/MiniRaftClusterWithGrpc2dae160b/s1/2e090e8e-e906-4c9f-8430-b582808378dd/current/log_79-106
2022-07-04 07:12:32,617 [s1@group-B582808378DD-SegmentedRaftLogWorker] INFO  raftlog.RaftLog (RaftLogBase.java:lambda$new$0(53)) - s1@group-B582808378DD-SegmentedRaftLog: purgeIndex: updateToMax old=50, new=106, updated? true
2022-07-04 07:12:32,617 [s2-server-thread1] DEBUG raftlog.RaftLog (SegmentedRaftLog.java:appendImpl(447)) - truncateIndex=-1, arrayIndex=0
2022-07-04 07:12:32,619 [s0-server-thread1] DEBUG raftlog.RaftLog (SegmentedRaftLog.java:appendImpl(447)) - truncateIndex=-1, arrayIndex=0
2022-07-04 07:12:32,623 [s2-server-thread1] DEBUG raftlog.RaftLog (SegmentedRaftLog.java:appendImpl(447)) - truncateIndex=-1, arrayIndex=0
2022-07-04 07:12:32,625 [s0@group-B582808378DD-StateMachineUpdater] INFO  statemachine.SimpleStateMachine4Testing (SimpleStateMachine4Testing.java:put(204)) - s0: put 127, m63 -> (t:1, i:127), STATEMACHINELOGENTRY, 449@client-6D946DA219F4
2022-07-04 07:12:32,628 [s1@group-B582808378DD-StateMachineUpdater] INFO  statemachine.SimpleStateMachine4Testing (SimpleStateMachine4Testing.java:put(204)) - s1: put 131, m65 -> (t:1, i:131), STATEMACHINELOGENTRY, 451@client-6D946DA219F4
2022-07-04 07:12:32,629 [s2-server-thread1] DEBUG raftlog.RaftLog (SegmentedRaftLog.java:appendImpl(447)) - truncateIndex=-1, arrayIndex=0
2022-07-04 07:12:32,630 [s0-server-thread1] DEBUG raftlog.RaftLog (SegmentedRaftLog.java:appendImpl(447)) - truncateIndex=-1, arrayIndex=0
2022-07-04 07:12:32,631 [s0-server-thread1] DEBUG raftlog.RaftLog (SegmentedRaftLog.java:appendImpl(447)) - truncateIndex=-1, arrayIndex=0
2022-07-04 07:12:32,631 [s2-server-thread1] DEBUG raftlog.RaftLog (SegmentedRaftLog.java:appendImpl(447)) - truncateIndex=-1, arrayIndex=0
2022-07-04 07:12:32,631 [s0-server-thread1] DEBUG raftlog.RaftLog (SegmentedRaftLog.java:appendImpl(447)) - truncateIndex=-1, arrayIndex=0
2022-07-04 07:12:32,633 [s2@group-B582808378DD-StateMachineUpdater] INFO  impl.StateMachineUpdater (StateMachineUpdater.java:takeSnapshot(287)) - s2@group-B582808378DD-StateMachineUpdater: Took a snapshot at index 127
2022-07-04 07:12:32,634 [s2@group-B582808378DD-StateMachineUpdater] INFO  impl.StateMachineUpdater (StateMachineUpdater.java:lambda$new$0(92)) - s2@group-B582808378DD-StateMachineUpdater: snapshotIndex: updateIncreasingly 63 -> 127
2022-07-04 07:12:32,634 [s2@group-B582808378DD-StateMachineUpdater] INFO  raftlog.RaftLog (RaftLogBase.java:purge(308)) - s2@group-B582808378DD-SegmentedRaftLog: purge 127
2022-07-04 07:12:32,634 [s2@group-B582808378DD-StateMachineUpdater] INFO  raftlog.RaftLog (RaftLogBase.java:lambda$new$0(53)) - s2@group-B582808378DD-SegmentedRaftLog: snapshotIndex: updateIncreasingly 63 -> 127
2022-07-04 07:12:32,634 [s2@group-B582808378DD-StateMachineUpdater] DEBUG raftlog.RaftLog (SegmentedRaftLog.java:purgeImpl(365)) - purging segments:toTruncate: null
  toDelete: [(51, 78) isOpen? false, length=0, newEndIndex=0, (79, 106) isOpen? false, length=0, newEndIndex=0]
2022-07-04 07:12:32,634 [s2@group-B582808378DD-StateMachineUpdater] INFO  statemachine.SimpleStateMachine4Testing (SimpleStateMachine4Testing.java:put(204)) - s2: put 129, m64 -> (t:1, i:129), STATEMACHINELOGENTRY, 450@client-6D946DA219F4
2022-07-04 07:12:32,634 [s2@group-B582808378DD-StateMachineUpdater] INFO  statemachine.SimpleStateMachine4Testing (SimpleStateMachine4Testing.java:put(204)) - s2: put 131, m65 -> (t:1, i:131), STATEMACHINELOGENTRY, 451@client-6D946DA219F4
2022-07-04 07:12:32,635 [s0@group-B582808378DD-StateMachineUpdater] INFO  impl.StateMachineUpdater (StateMachineUpdater.java:takeSnapshot(287)) - s0@group-B582808378DD-StateMachineUpdater: Took a snapshot at index 127
2022-07-04 07:12:32,635 [s0@group-B582808378DD-StateMachineUpdater] INFO  impl.StateMachineUpdater (StateMachineUpdater.java:lambda$new$0(92)) - s0@group-B582808378DD-StateMachineUpdater: snapshotIndex: updateIncreasingly 63 -> 127
2022-07-04 07:12:32,635 [s0@group-B582808378DD-StateMachineUpdater] INFO  raftlog.RaftLog (RaftLogBase.java:purge(308)) - s0@group-B582808378DD-SegmentedRaftLog: purge 127
2022-07-04 07:12:32,635 [s0@group-B582808378DD-StateMachineUpdater] INFO  raftlog.RaftLog (RaftLogBase.java:lambda$new$0(53)) - s0@group-B582808378DD-SegmentedRaftLog: snapshotIndex: updateIncreasingly 63 -> 127
2022-07-04 07:12:32,635 [s0@group-B582808378DD-StateMachineUpdater] DEBUG raftlog.RaftLog (SegmentedRaftLog.java:purgeImpl(365)) - purging segments:toTruncate: null
  toDelete: [(51, 78) isOpen? false, length=0, newEndIndex=0, (79, 106) isOpen? false, length=0, newEndIndex=0]
2022-07-04 07:12:32,635 [s0@group-B582808378DD-StateMachineUpdater] INFO  statemachine.SimpleStateMachine4Testing (SimpleStateMachine4Testing.java:put(204)) - s0: put 129, m64 -> (t:1, i:129), STATEMACHINELOGENTRY, 450@client-6D946DA219F4
2022-07-04 07:12:32,636 [s0@group-B582808378DD-SegmentedRaftLogWorker] TRACE util.FileUtils (LogUtils.java:runAndLog(49)) - Successfully ran Files.delete /home/runner/work/ratis/ratis/ratis-test/target/test/data/213e9af5/MiniRaftClusterWithGrpc2dae160b/s0/2e090e8e-e906-4c9f-8430-b582808378dd/current/log_51-78
2022-07-04 07:12:32,636 [s0@group-B582808378DD-SegmentedRaftLogWorker] TRACE util.FileUtils (LogUtils.java:runAndLog(49)) - Successfully ran Files.delete /home/runner/work/ratis/ratis/ratis-test/target/test/data/213e9af5/MiniRaftClusterWithGrpc2dae160b/s0/2e090e8e-e906-4c9f-8430-b582808378dd/current/log_79-106
2022-07-04 07:12:32,636 [s0@group-B582808378DD-SegmentedRaftLogWorker] INFO  raftlog.RaftLog (RaftLogBase.java:lambda$new$0(53)) - s0@group-B582808378DD-SegmentedRaftLog: purgeIndex: updateToMax old=50, new=106, updated? true
2022-07-04 07:12:32,640 [s2@group-B582808378DD-SegmentedRaftLogWorker] TRACE util.FileUtils (LogUtils.java:runAndLog(49)) - Successfully ran Files.delete /home/runner/work/ratis/ratis/ratis-test/target/test/data/213e9af5/MiniRaftClusterWithGrpc2dae160b/s2/2e090e8e-e906-4c9f-8430-b582808378dd/current/log_51-78
2022-07-04 07:12:32,640 [s2@group-B582808378DD-SegmentedRaftLogWorker] TRACE util.FileUtils (LogUtils.java:runAndLog(49)) - Successfully ran Files.delete /home/runner/work/ratis/ratis/ratis-test/target/test/data/213e9af5/MiniRaftClusterWithGrpc2dae160b/s2/2e090e8e-e906-4c9f-8430-b582808378dd/current/log_79-106
2022-07-04 07:12:32,640 [s2@group-B582808378DD-SegmentedRaftLogWorker] INFO  raftlog.RaftLog (RaftLogBase.java:lambda$new$0(53)) - s2@group-B582808378DD-SegmentedRaftLog: purgeIndex: updateToMax old=50, new=106, updated? true
2022-07-04 07:12:32,641 [s1@group-B582808378DD-StateMachineUpdater] INFO  statemachine.SimpleStateMachine4Testing (SimpleStateMachine4Testing.java:put(204)) - s1: put 133, m66 -> (t:1, i:133), STATEMACHINELOGENTRY, 452@client-6D946DA219F4
2022-07-04 07:12:32,641 [s2-server-thread1] DEBUG raftlog.RaftLog (SegmentedRaftLog.java:appendImpl(447)) - truncateIndex=-1, arrayIndex=0
2022-07-04 07:12:32,641 [s0-server-thread1] DEBUG raftlog.RaftLog (SegmentedRaftLog.java:appendImpl(447)) - truncateIndex=-1, arrayIndex=0
2022-07-04 07:12:32,642 [s0@group-B582808378DD-StateMachineUpdater] INFO  statemachine.SimpleStateMachine4Testing (SimpleStateMachine4Testing.java:put(204)) - s0: put 131, m65 -> (t:1, i:131), STATEMACHINELOGENTRY, 451@client-6D946DA219F4
2022-07-04 07:12:32,642 [s1-client-thread1] INFO  segmented.SegmentedRaftLogWorker (SegmentedRaftLogWorker.java:rollLogSegment(430)) - s1@group-B582808378DD-SegmentedRaftLogWorker: Rolling segment log-107_134 to index:134
2022-07-04 07:12:32,642 [s1@group-B582808378DD-SegmentedRaftLogWorker] TRACE util.FileUtils (LogUtils.java:runAndLog(49)) - Successfully ran Files.move /home/runner/work/ratis/ratis/ratis-test/target/test/data/213e9af5/MiniRaftClusterWithGrpc2dae160b/s1/2e090e8e-e906-4c9f-8430-b582808378dd/current/log_inprogress_107 to /home/runner/work/ratis/ratis/ratis-test/target/test/data/213e9af5/MiniRaftClusterWithGrpc2dae160b/s1/2e090e8e-e906-4c9f-8430-b582808378dd/current/log_107-134
2022-07-04 07:12:32,642 [s1@group-B582808378DD-SegmentedRaftLogWorker] INFO  segmented.SegmentedRaftLogWorker (SegmentedRaftLogWorker.java:execute(586)) - s1@group-B582808378DD-SegmentedRaftLogWorker: Rolled log segment from /home/runner/work/ratis/ratis/ratis-test/target/test/data/213e9af5/MiniRaftClusterWithGrpc2dae160b/s1/2e090e8e-e906-4c9f-8430-b582808378dd/current/log_inprogress_107 to /home/runner/work/ratis/ratis/ratis-test/target/test/data/213e9af5/MiniRaftClusterWithGrpc2dae160b/s1/2e090e8e-e906-4c9f-8430-b582808378dd/current/log_107-134
2022-07-04 07:12:32,643 [s0-server-thread1] DEBUG raftlog.RaftLog (SegmentedRaftLog.java:appendImpl(447)) - truncateIndex=-1, arrayIndex=0
2022-07-04 07:12:32,643 [s0-server-thread1] INFO  segmented.SegmentedRaftLogWorker (SegmentedRaftLogWorker.java:rollLogSegment(430)) - s0@group-B582808378DD-SegmentedRaftLogWorker: Rolling segment log-107_134 to index:134
2022-07-04 07:12:32,643 [s2-server-thread1] DEBUG raftlog.RaftLog (SegmentedRaftLog.java:appendImpl(447)) - truncateIndex=-1, arrayIndex=0
2022-07-04 07:12:32,643 [s2-server-thread1] INFO  segmented.SegmentedRaftLogWorker (SegmentedRaftLogWorker.java:rollLogSegment(430)) - s2@group-B582808378DD-SegmentedRaftLogWorker: Rolling segment log-107_134 to index:134
2022-07-04 07:12:32,645 [s1@group-B582808378DD-SegmentedRaftLogWorker] INFO  segmented.SegmentedRaftLogWorker (SegmentedRaftLogWorker.java:execute(629)) - s1@group-B582808378DD-SegmentedRaftLogWorker: created new log segment /home/runner/work/ratis/ratis/ratis-test/target/test/data/213e9af5/MiniRaftClusterWithGrpc2dae160b/s1/2e090e8e-e906-4c9f-8430-b582808378dd/current/log_inprogress_135
2022-07-04 07:12:32,646 [s0@group-B582808378DD-SegmentedRaftLogWorker] TRACE util.FileUtils (LogUtils.java:runAndLog(49)) - Successfully ran Files.move /home/runner/work/ratis/ratis/ratis-test/target/test/data/213e9af5/MiniRaftClusterWithGrpc2dae160b/s0/2e090e8e-e906-4c9f-8430-b582808378dd/current/log_inprogress_107 to /home/runner/work/ratis/ratis/ratis-test/target/test/data/213e9af5/MiniRaftClusterWithGrpc2dae160b/s0/2e090e8e-e906-4c9f-8430-b582808378dd/current/log_107-134
2022-07-04 07:12:32,646 [s0@group-B582808378DD-SegmentedRaftLogWorker] INFO  segmented.SegmentedRaftLogWorker (SegmentedRaftLogWorker.java:execute(586)) - s0@group-B582808378DD-SegmentedRaftLogWorker: Rolled log segment from /home/runner/work/ratis/ratis/ratis-test/target/test/data/213e9af5/MiniRaftClusterWithGrpc2dae160b/s0/2e090e8e-e906-4c9f-8430-b582808378dd/current/log_inprogress_107 to /home/runner/work/ratis/ratis/ratis-test/target/test/data/213e9af5/MiniRaftClusterWithGrpc2dae160b/s0/2e090e8e-e906-4c9f-8430-b582808378dd/current/log_107-134
2022-07-04 07:12:32,646 [s0@group-B582808378DD-SegmentedRaftLogWorker] INFO  segmented.SegmentedRaftLogWorker (SegmentedRaftLogWorker.java:execute(629)) - s0@group-B582808378DD-SegmentedRaftLogWorker: created new log segment /home/runner/work/ratis/ratis/ratis-test/target/test/data/213e9af5/MiniRaftClusterWithGrpc2dae160b/s0/2e090e8e-e906-4c9f-8430-b582808378dd/current/log_inprogress_135
2022-07-04 07:12:32,646 [s0@group-B582808378DD-StateMachineUpdater] INFO  statemachine.SimpleStateMachine4Testing (SimpleStateMachine4Testing.java:put(204)) - s0: put 133, m66 -> (t:1, i:133), STATEMACHINELOGENTRY, 452@client-6D946DA219F4
2022-07-04 07:12:32,647 [s2@group-B582808378DD-SegmentedRaftLogWorker] TRACE util.FileUtils (LogUtils.java:runAndLog(49)) - Successfully ran Files.move /home/runner/work/ratis/ratis/ratis-test/target/test/data/213e9af5/MiniRaftClusterWithGrpc2dae160b/s2/2e090e8e-e906-4c9f-8430-b582808378dd/current/log_inprogress_107 to /home/runner/work/ratis/ratis/ratis-test/target/test/data/213e9af5/MiniRaftClusterWithGrpc2dae160b/s2/2e090e8e-e906-4c9f-8430-b582808378dd/current/log_107-134
2022-07-04 07:12:32,647 [s2@group-B582808378DD-SegmentedRaftLogWorker] INFO  segmented.SegmentedRaftLogWorker (SegmentedRaftLogWorker.java:execute(586)) - s2@group-B582808378DD-SegmentedRaftLogWorker: Rolled log segment from /home/runner/work/ratis/ratis/ratis-test/target/test/data/213e9af5/MiniRaftClusterWithGrpc2dae160b/s2/2e090e8e-e906-4c9f-8430-b582808378dd/current/log_inprogress_107 to /home/runner/work/ratis/ratis/ratis-test/target/test/data/213e9af5/MiniRaftClusterWithGrpc2dae160b/s2/2e090e8e-e906-4c9f-8430-b582808378dd/current/log_107-134
2022-07-04 07:12:32,647 [s2@group-B582808378DD-SegmentedRaftLogWorker] INFO  segmented.SegmentedRaftLogWorker (SegmentedRaftLogWorker.java:execute(629)) - s2@group-B582808378DD-SegmentedRaftLogWorker: created new log segment /home/runner/work/ratis/ratis/ratis-test/target/test/data/213e9af5/MiniRaftClusterWithGrpc2dae160b/s2/2e090e8e-e906-4c9f-8430-b582808378dd/current/log_inprogress_135
2022-07-04 07:12:32,648 [s2@group-B582808378DD-StateMachineUpdater] INFO  statemachine.SimpleStateMachine4Testing (SimpleStateMachine4Testing.java:put(204)) - s2: put 133, m66 -> (t:1, i:133), STATEMACHINELOGENTRY, 452@client-6D946DA219F4
2022-07-04 07:12:32,648 [s1@group-B582808378DD-StateMachineUpdater] INFO  statemachine.SimpleStateMachine4Testing (SimpleStateMachine4Testing.java:put(204)) - s1: put 135, m67 -> (t:1, i:135), STATEMACHINELOGENTRY, 453@client-6D946DA219F4
2022-07-04 07:12:32,649 [s2-server-thread1] DEBUG raftlog.RaftLog (SegmentedRaftLog.java:appendImpl(447)) - truncateIndex=-1, arrayIndex=0
2022-07-04 07:12:32,649 [s0-server-thread1] DEBUG raftlog.RaftLog (SegmentedRaftLog.java:appendImpl(447)) - truncateIndex=-1, arrayIndex=0
2022-07-04 07:12:32,650 [s2-server-thread1] DEBUG raftlog.RaftLog (SegmentedRaftLog.java:appendImpl(447)) - truncateIndex=-1, arrayIndex=0
2022-07-04 07:12:32,650 [s0-server-thread1] DEBUG raftlog.RaftLog (SegmentedRaftLog.java:appendImpl(447)) - truncateIndex=-1, arrayIndex=0
2022-07-04 07:12:32,651 [s0@group-B582808378DD-StateMachineUpdater] INFO  statemachine.SimpleStateMachine4Testing (SimpleStateMachine4Testing.java:put(204)) - s0: put 135, m67 -> (t:1, i:135), STATEMACHINELOGENTRY, 453@client-6D946DA219F4
2022-07-04 07:12:32,652 [s2@group-B582808378DD-StateMachineUpdater] INFO  statemachine.SimpleStateMachine4Testing (SimpleStateMachine4Testing.java:put(204)) - s2: put 135, m67 -> (t:1, i:135), STATEMACHINELOGENTRY, 453@client-6D946DA219F4
2022-07-04 07:12:32,656 [s1@group-B582808378DD-StateMachineUpdater] INFO  statemachine.SimpleStateMachine4Testing (SimpleStateMachine4Testing.java:put(204)) - s1: put 137, m68 -> (t:1, i:137), STATEMACHINELOGENTRY, 454@client-6D946DA219F4
2022-07-04 07:12:32,657 [s0-server-thread1] DEBUG raftlog.RaftLog (SegmentedRaftLog.java:appendImpl(447)) - truncateIndex=-1, arrayIndex=0
2022-07-04 07:12:32,657 [s2-server-thread1] DEBUG raftlog.RaftLog (SegmentedRaftLog.java:appendImpl(447)) - truncateIndex=-1, arrayIndex=0
2022-07-04 07:12:32,659 [s2-server-thread1] DEBUG raftlog.RaftLog (SegmentedRaftLog.java:appendImpl(447)) - truncateIndex=-1, arrayIndex=0
2022-07-04 07:12:32,659 [s0-server-thread1] DEBUG raftlog.RaftLog (SegmentedRaftLog.java:appendImpl(447)) - truncateIndex=-1, arrayIndex=0
2022-07-04 07:12:32,660 [s2@group-B582808378DD-StateMachineUpdater] INFO  statemachine.SimpleStateMachine4Testing (SimpleStateMachine4Testing.java:put(204)) - s2: put 137, m68 -> (t:1, i:137), STATEMACHINELOGENTRY, 454@client-6D946DA219F4
2022-07-04 07:12:32,660 [s0@group-B582808378DD-StateMachineUpdater] INFO  statemachine.SimpleStateMachine4Testing (SimpleStateMachine4Testing.java:put(204)) - s0: put 137, m68 -> (t:1, i:137), STATEMACHINELOGENTRY, 454@client-6D946DA219F4
2022-07-04 07:12:32,661 [s1@group-B582808378DD-StateMachineUpdater] INFO  statemachine.SimpleStateMachine4Testing (SimpleStateMachine4Testing.java:put(204)) - s1: put 139, m69 -> (t:1, i:139), STATEMACHINELOGENTRY, 455@client-6D946DA219F4
2022-07-04 07:12:32,662 [s0-server-thread1] DEBUG raftlog.RaftLog (SegmentedRaftLog.java:appendImpl(447)) - truncateIndex=-1, arrayIndex=0
2022-07-04 07:12:32,662 [s2-server-thread1] DEBUG raftlog.RaftLog (SegmentedRaftLog.java:appendImpl(447)) - truncateIndex=-1, arrayIndex=0
2022-07-04 07:12:32,664 [s2-server-thread1] DEBUG raftlog.RaftLog (SegmentedRaftLog.java:appendImpl(447)) - truncateIndex=-1, arrayIndex=0
2022-07-04 07:12:32,664 [s0-server-thread1] DEBUG raftlog.RaftLog (SegmentedRaftLog.java:appendImpl(447)) - truncateIndex=-1, arrayIndex=0
2022-07-04 07:12:32,664 [s2@group-B582808378DD-StateMachineUpdater] INFO  statemachine.SimpleStateMachine4Testing (SimpleStateMachine4Testing.java:put(204)) - s2: put 139, m69 -> (t:1, i:139), STATEMACHINELOGENTRY, 455@client-6D946DA219F4
2022-07-04 07:12:32,665 [s0@group-B582808378DD-StateMachineUpdater] INFO  statemachine.SimpleStateMachine4Testing (SimpleStateMachine4Testing.java:put(204)) - s0: put 139, m69 -> (t:1, i:139), STATEMACHINELOGENTRY, 455@client-6D946DA219F4
2022-07-04 07:12:32,666 [s1@group-B582808378DD-StateMachineUpdater] INFO  statemachine.SimpleStateMachine4Testing (SimpleStateMachine4Testing.java:put(204)) - s1: put 141, m70 -> (t:1, i:141), STATEMACHINELOGENTRY, 456@client-6D946DA219F4
2022-07-04 07:12:32,666 [s0-server-thread1] DEBUG raftlog.RaftLog (SegmentedRaftLog.java:appendImpl(447)) - truncateIndex=-1, arrayIndex=0
2022-07-04 07:12:32,666 [s2-server-thread1] DEBUG raftlog.RaftLog (SegmentedRaftLog.java:appendImpl(447)) - truncateIndex=-1, arrayIndex=0
2022-07-04 07:12:32,667 [s0-server-thread1] DEBUG raftlog.RaftLog (SegmentedRaftLog.java:appendImpl(447)) - truncateIndex=-1, arrayIndex=0
2022-07-04 07:12:32,667 [s2-server-thread1] DEBUG raftlog.RaftLog (SegmentedRaftLog.java:appendImpl(447)) - truncateIndex=-1, arrayIndex=0
2022-07-04 07:12:32,668 [s2@group-B582808378DD-StateMachineUpdater] INFO  statemachine.SimpleStateMachine4Testing (SimpleStateMachine4Testing.java:put(204)) - s2: put 141, m70 -> (t:1, i:141), STATEMACHINELOGENTRY, 456@client-6D946DA219F4
2022-07-04 07:12:32,671 [s0@group-B582808378DD-StateMachineUpdater] INFO  statemachine.SimpleStateMachine4Testing (SimpleStateMachine4Testing.java:put(204)) - s0: put 141, m70 -> (t:1, i:141), STATEMACHINELOGENTRY, 456@client-6D946DA219F4
2022-07-04 07:12:32,672 [s1@group-B582808378DD-StateMachineUpdater] INFO  statemachine.SimpleStateMachine4Testing (SimpleStateMachine4Testing.java:put(204)) - s1: put 143, m71 -> (t:1, i:143), STATEMACHINELOGENTRY, 457@client-6D946DA219F4
2022-07-04 07:12:32,673 [s0-server-thread1] DEBUG raftlog.RaftLog (SegmentedRaftLog.java:appendImpl(447)) - truncateIndex=-1, arrayIndex=0
2022-07-04 07:12:32,673 [s2-server-thread1] DEBUG raftlog.RaftLog (SegmentedRaftLog.java:appendImpl(447)) - truncateIndex=-1, arrayIndex=0
2022-07-04 07:12:32,674 [s0-server-thread1] DEBUG raftlog.RaftLog (SegmentedRaftLog.java:appendImpl(447)) - truncateIndex=-1, arrayIndex=0
2022-07-04 07:12:32,674 [s2-server-thread1] DEBUG raftlog.RaftLog (SegmentedRaftLog.java:appendImpl(447)) - truncateIndex=-1, arrayIndex=0
2022-07-04 07:12:32,676 [s2@group-B582808378DD-StateMachineUpdater] INFO  statemachine.SimpleStateMachine4Testing (SimpleStateMachine4Testing.java:put(204)) - s2: put 143, m71 -> (t:1, i:143), STATEMACHINELOGENTRY, 457@client-6D946DA219F4
2022-07-04 07:12:32,677 [s0@group-B582808378DD-StateMachineUpdater] INFO  statemachine.SimpleStateMachine4Testing (SimpleStateMachine4Testing.java:put(204)) - s0: put 143, m71 -> (t:1, i:143), STATEMACHINELOGENTRY, 457@client-6D946DA219F4
2022-07-04 07:12:32,678 [s1@group-B582808378DD-StateMachineUpdater] INFO  statemachine.SimpleStateMachine4Testing (SimpleStateMachine4Testing.java:put(204)) - s1: put 145, m72 -> (t:1, i:145), STATEMACHINELOGENTRY, 458@client-6D946DA219F4
2022-07-04 07:12:32,678 [s0-server-thread1] DEBUG raftlog.RaftLog (SegmentedRaftLog.java:appendImpl(447)) - truncateIndex=-1, arrayIndex=0
2022-07-04 07:12:32,678 [s2-server-thread1] DEBUG raftlog.RaftLog (SegmentedRaftLog.java:appendImpl(447)) - truncateIndex=-1, arrayIndex=0
2022-07-04 07:12:32,679 [s0-server-thread1] DEBUG raftlog.RaftLog (SegmentedRaftLog.java:appendImpl(447)) - truncateIndex=-1, arrayIndex=0
2022-07-04 07:12:32,679 [s2-server-thread1] DEBUG raftlog.RaftLog (SegmentedRaftLog.java:appendImpl(447)) - truncateIndex=-1, arrayIndex=0
2022-07-04 07:12:32,680 [s2@group-B582808378DD-StateMachineUpdater] INFO  statemachine.SimpleStateMachine4Testing (SimpleStateMachine4Testing.java:put(204)) - s2: put 145, m72 -> (t:1, i:145), STATEMACHINELOGENTRY, 458@client-6D946DA219F4
2022-07-04 07:12:32,683 [s0@group-B582808378DD-StateMachineUpdater] INFO  statemachine.SimpleStateMachine4Testing (SimpleStateMachine4Testing.java:put(204)) - s0: put 145, m72 -> (t:1, i:145), STATEMACHINELOGENTRY, 458@client-6D946DA219F4
2022-07-04 07:12:32,684 [s1@group-B582808378DD-StateMachineUpdater] INFO  statemachine.SimpleStateMachine4Testing (SimpleStateMachine4Testing.java:put(204)) - s1: put 147, m73 -> (t:1, i:147), STATEMACHINELOGENTRY, 459@client-6D946DA219F4
2022-07-04 07:12:32,684 [s0-server-thread1] DEBUG raftlog.RaftLog (SegmentedRaftLog.java:appendImpl(447)) - truncateIndex=-1, arrayIndex=0
2022-07-04 07:12:32,685 [s2-server-thread1] DEBUG raftlog.RaftLog (SegmentedRaftLog.java:appendImpl(447)) - truncateIndex=-1, arrayIndex=0
2022-07-04 07:12:32,686 [s0-server-thread1] DEBUG raftlog.RaftLog (SegmentedRaftLog.java:appendImpl(447)) - truncateIndex=-1, arrayIndex=0
2022-07-04 07:12:32,687 [s2-server-thread1] DEBUG raftlog.RaftLog (SegmentedRaftLog.java:appendImpl(447)) - truncateIndex=-1, arrayIndex=0
2022-07-04 07:12:32,687 [s2@group-B582808378DD-StateMachineUpdater] INFO  statemachine.SimpleStateMachine4Testing (SimpleStateMachine4Testing.java:put(204)) - s2: put 147, m73 -> (t:1, i:147), STATEMACHINELOGENTRY, 459@client-6D946DA219F4
2022-07-04 07:12:32,688 [s0@group-B582808378DD-StateMachineUpdater] INFO  statemachine.SimpleStateMachine4Testing (SimpleStateMachine4Testing.java:put(204)) - s0: put 147, m73 -> (t:1, i:147), STATEMACHINELOGENTRY, 459@client-6D946DA219F4
2022-07-04 07:12:32,692 [s1@group-B582808378DD-StateMachineUpdater] INFO  statemachine.SimpleStateMachine4Testing (SimpleStateMachine4Testing.java:put(204)) - s1: put 149, m74 -> (t:1, i:149), STATEMACHINELOGENTRY, 460@client-6D946DA219F4
2022-07-04 07:12:32,693 [s0-server-thread1] DEBUG raftlog.RaftLog (SegmentedRaftLog.java:appendImpl(447)) - truncateIndex=-1, arrayIndex=0
2022-07-04 07:12:32,693 [s2-server-thread1] DEBUG raftlog.RaftLog (SegmentedRaftLog.java:appendImpl(447)) - truncateIndex=-1, arrayIndex=0
2022-07-04 07:12:32,694 [s0-server-thread1] DEBUG raftlog.RaftLog (SegmentedRaftLog.java:appendImpl(447)) - truncateIndex=-1, arrayIndex=0
2022-07-04 07:12:32,694 [s2-server-thread1] DEBUG raftlog.RaftLog (SegmentedRaftLog.java:appendImpl(447)) - truncateIndex=-1, arrayIndex=0
2022-07-04 07:12:32,695 [s0@group-B582808378DD-StateMachineUpdater] INFO  statemachine.SimpleStateMachine4Testing (SimpleStateMachine4Testing.java:put(204)) - s0: put 149, m74 -> (t:1, i:149), STATEMACHINELOGENTRY, 460@client-6D946DA219F4
2022-07-04 07:12:32,696 [s2@group-B582808378DD-StateMachineUpdater] INFO  statemachine.SimpleStateMachine4Testing (SimpleStateMachine4Testing.java:put(204)) - s2: put 149, m74 -> (t:1, i:149), STATEMACHINELOGENTRY, 460@client-6D946DA219F4
2022-07-04 07:12:32,696 [s1@group-B582808378DD-StateMachineUpdater] INFO  statemachine.SimpleStateMachine4Testing (SimpleStateMachine4Testing.java:put(204)) - s1: put 151, m75 -> (t:1, i:151), STATEMACHINELOGENTRY, 461@client-6D946DA219F4
2022-07-04 07:12:32,697 [s2-server-thread1] DEBUG raftlog.RaftLog (SegmentedRaftLog.java:appendImpl(447)) - truncateIndex=-1, arrayIndex=0
2022-07-04 07:12:32,697 [s0-server-thread1] DEBUG raftlog.RaftLog (SegmentedRaftLog.java:appendImpl(447)) - truncateIndex=-1, arrayIndex=0
2022-07-04 07:12:32,698 [s0-server-thread1] DEBUG raftlog.RaftLog (SegmentedRaftLog.java:appendImpl(447)) - truncateIndex=-1, arrayIndex=0
2022-07-04 07:12:32,698 [s2-server-thread1] DEBUG raftlog.RaftLog (SegmentedRaftLog.java:appendImpl(447)) - truncateIndex=-1, arrayIndex=0
2022-07-04 07:12:32,699 [s0@group-B582808378DD-StateMachineUpdater] INFO  statemachine.SimpleStateMachine4Testing (SimpleStateMachine4Testing.java:put(204)) - s0: put 151, m75 -> (t:1, i:151), STATEMACHINELOGENTRY, 461@client-6D946DA219F4
2022-07-04 07:12:32,699 [s2@group-B582808378DD-StateMachineUpdater] INFO  statemachine.SimpleStateMachine4Testing (SimpleStateMachine4Testing.java:put(204)) - s2: put 151, m75 -> (t:1, i:151), STATEMACHINELOGENTRY, 461@client-6D946DA219F4
2022-07-04 07:12:32,701 [s1@group-B582808378DD-StateMachineUpdater] INFO  statemachine.SimpleStateMachine4Testing (SimpleStateMachine4Testing.java:put(204)) - s1: put 153, m76 -> (t:1, i:153), STATEMACHINELOGENTRY, 462@client-6D946DA219F4
2022-07-04 07:12:32,702 [s0-server-thread1] DEBUG raftlog.RaftLog (SegmentedRaftLog.java:appendImpl(447)) - truncateIndex=-1, arrayIndex=0
2022-07-04 07:12:32,702 [s2-server-thread1] DEBUG raftlog.RaftLog (SegmentedRaftLog.java:appendImpl(447)) - truncateIndex=-1, arrayIndex=0
2022-07-04 07:12:32,703 [s0-server-thread1] DEBUG raftlog.RaftLog (SegmentedRaftLog.java:appendImpl(447)) - truncateIndex=-1, arrayIndex=0
2022-07-04 07:12:32,703 [s2-server-thread1] DEBUG raftlog.RaftLog (SegmentedRaftLog.java:appendImpl(447)) - truncateIndex=-1, arrayIndex=0
2022-07-04 07:12:32,704 [s0@group-B582808378DD-StateMachineUpdater] INFO  statemachine.SimpleStateMachine4Testing (SimpleStateMachine4Testing.java:put(204)) - s0: put 153, m76 -> (t:1, i:153), STATEMACHINELOGENTRY, 462@client-6D946DA219F4
2022-07-04 07:12:32,705 [s2@group-B582808378DD-StateMachineUpdater] INFO  statemachine.SimpleStateMachine4Testing (SimpleStateMachine4Testing.java:put(204)) - s2: put 153, m76 -> (t:1, i:153), STATEMACHINELOGENTRY, 462@client-6D946DA219F4
2022-07-04 07:12:32,706 [s1@group-B582808378DD-StateMachineUpdater] INFO  statemachine.SimpleStateMachine4Testing (SimpleStateMachine4Testing.java:put(204)) - s1: put 155, m77 -> (t:1, i:155), STATEMACHINELOGENTRY, 463@client-6D946DA219F4
2022-07-04 07:12:32,707 [s0-server-thread1] DEBUG raftlog.RaftLog (SegmentedRaftLog.java:appendImpl(447)) - truncateIndex=-1, arrayIndex=0
2022-07-04 07:12:32,707 [s2-server-thread1] DEBUG raftlog.RaftLog (SegmentedRaftLog.java:appendImpl(447)) - truncateIndex=-1, arrayIndex=0
2022-07-04 07:12:32,708 [s2-server-thread1] DEBUG raftlog.RaftLog (SegmentedRaftLog.java:appendImpl(447)) - truncateIndex=-1, arrayIndex=0
2022-07-04 07:12:32,708 [s0-server-thread1] DEBUG raftlog.RaftLog (SegmentedRaftLog.java:appendImpl(447)) - truncateIndex=-1, arrayIndex=0
2022-07-04 07:12:32,709 [s0@group-B582808378DD-StateMachineUpdater] INFO  statemachine.SimpleStateMachine4Testing (SimpleStateMachine4Testing.java:put(204)) - s0: put 155, m77 -> (t:1, i:155), STATEMACHINELOGENTRY, 463@client-6D946DA219F4
2022-07-04 07:12:32,710 [s2@group-B582808378DD-StateMachineUpdater] INFO  statemachine.SimpleStateMachine4Testing (SimpleStateMachine4Testing.java:put(204)) - s2: put 155, m77 -> (t:1, i:155), STATEMACHINELOGENTRY, 463@client-6D946DA219F4
2022-07-04 07:12:32,717 [s1@group-B582808378DD-StateMachineUpdater] INFO  statemachine.SimpleStateMachine4Testing (SimpleStateMachine4Testing.java:put(204)) - s1: put 157, m78 -> (t:1, i:157), STATEMACHINELOGENTRY, 464@client-6D946DA219F4
2022-07-04 07:12:32,717 [s0-server-thread1] DEBUG raftlog.RaftLog (SegmentedRaftLog.java:appendImpl(447)) - truncateIndex=-1, arrayIndex=0
2022-07-04 07:12:32,717 [s2-server-thread1] DEBUG raftlog.RaftLog (SegmentedRaftLog.java:appendImpl(447)) - truncateIndex=-1, arrayIndex=0
2022-07-04 07:12:32,719 [s2-server-thread1] DEBUG raftlog.RaftLog (SegmentedRaftLog.java:appendImpl(447)) - truncateIndex=-1, arrayIndex=0
2022-07-04 07:12:32,719 [s0-server-thread1] DEBUG raftlog.RaftLog (SegmentedRaftLog.java:appendImpl(447)) - truncateIndex=-1, arrayIndex=0
2022-07-04 07:12:32,719 [s2@group-B582808378DD-StateMachineUpdater] INFO  statemachine.SimpleStateMachine4Testing (SimpleStateMachine4Testing.java:put(204)) - s2: put 157, m78 -> (t:1, i:157), STATEMACHINELOGENTRY, 464@client-6D946DA219F4
2022-07-04 07:12:32,720 [s0@group-B582808378DD-StateMachineUpdater] INFO  statemachine.SimpleStateMachine4Testing (SimpleStateMachine4Testing.java:put(204)) - s0: put 157, m78 -> (t:1, i:157), STATEMACHINELOGENTRY, 464@client-6D946DA219F4
2022-07-04 07:12:32,721 [s1@group-B582808378DD-StateMachineUpdater] INFO  statemachine.SimpleStateMachine4Testing (SimpleStateMachine4Testing.java:put(204)) - s1: put 159, m79 -> (t:1, i:159), STATEMACHINELOGENTRY, 465@client-6D946DA219F4
2022-07-04 07:12:32,722 [s2-server-thread1] DEBUG raftlog.RaftLog (SegmentedRaftLog.java:appendImpl(447)) - truncateIndex=-1, arrayIndex=0
2022-07-04 07:12:32,722 [s0-server-thread1] DEBUG raftlog.RaftLog (SegmentedRaftLog.java:appendImpl(447)) - truncateIndex=-1, arrayIndex=0
2022-07-04 07:12:32,723 [s0-server-thread1] DEBUG raftlog.RaftLog (SegmentedRaftLog.java:appendImpl(447)) - truncateIndex=-1, arrayIndex=0
2022-07-04 07:12:32,723 [s2-server-thread1] DEBUG raftlog.RaftLog (SegmentedRaftLog.java:appendImpl(447)) - truncateIndex=-1, arrayIndex=0
2022-07-04 07:12:32,724 [s0@group-B582808378DD-StateMachineUpdater] INFO  statemachine.SimpleStateMachine4Testing (SimpleStateMachine4Testing.java:put(204)) - s0: put 159, m79 -> (t:1, i:159), STATEMACHINELOGENTRY, 465@client-6D946DA219F4
2022-07-04 07:12:32,725 [s2@group-B582808378DD-StateMachineUpdater] INFO  statemachine.SimpleStateMachine4Testing (SimpleStateMachine4Testing.java:put(204)) - s2: put 159, m79 -> (t:1, i:159), STATEMACHINELOGENTRY, 465@client-6D946DA219F4
2022-07-04 07:12:32,726 [s1@group-B582808378DD-LeaderStateImpl] INFO  segmented.SegmentedRaftLogWorker (SegmentedRaftLogWorker.java:rollLogSegment(430)) - s1@group-B582808378DD-SegmentedRaftLogWorker: Rolling segment log-135_161 to index:161
2022-07-04 07:12:32,726 [s1@group-B582808378DD-StateMachineUpdater] INFO  statemachine.SimpleStateMachine4Testing (SimpleStateMachine4Testing.java:put(204)) - s1: put 161, m80 -> (t:1, i:161), STATEMACHINELOGENTRY, 466@client-6D946DA219F4
2022-07-04 07:12:32,726 [s1@group-B582808378DD-SegmentedRaftLogWorker] TRACE util.FileUtils (LogUtils.java:runAndLog(49)) - Successfully ran Files.move /home/runner/work/ratis/ratis/ratis-test/target/test/data/213e9af5/MiniRaftClusterWithGrpc2dae160b/s1/2e090e8e-e906-4c9f-8430-b582808378dd/current/log_inprogress_135 to /home/runner/work/ratis/ratis/ratis-test/target/test/data/213e9af5/MiniRaftClusterWithGrpc2dae160b/s1/2e090e8e-e906-4c9f-8430-b582808378dd/current/log_135-161
2022-07-04 07:12:32,726 [s1@group-B582808378DD-SegmentedRaftLogWorker] INFO  segmented.SegmentedRaftLogWorker (SegmentedRaftLogWorker.java:execute(586)) - s1@group-B582808378DD-SegmentedRaftLogWorker: Rolled log segment from /home/runner/work/ratis/ratis/ratis-test/target/test/data/213e9af5/MiniRaftClusterWithGrpc2dae160b/s1/2e090e8e-e906-4c9f-8430-b582808378dd/current/log_inprogress_135 to /home/runner/work/ratis/ratis/ratis-test/target/test/data/213e9af5/MiniRaftClusterWithGrpc2dae160b/s1/2e090e8e-e906-4c9f-8430-b582808378dd/current/log_135-161
2022-07-04 07:12:32,727 [s0-server-thread1] DEBUG raftlog.RaftLog (SegmentedRaftLog.java:appendImpl(447)) - truncateIndex=-1, arrayIndex=0
2022-07-04 07:12:32,727 [s0-server-thread1] INFO  segmented.SegmentedRaftLogWorker (SegmentedRaftLogWorker.java:rollLogSegment(430)) - s0@group-B582808378DD-SegmentedRaftLogWorker: Rolling segment log-135_161 to index:161
2022-07-04 07:12:32,727 [s1@group-B582808378DD-SegmentedRaftLogWorker] INFO  segmented.SegmentedRaftLogWorker (SegmentedRaftLogWorker.java:execute(629)) - s1@group-B582808378DD-SegmentedRaftLogWorker: created new log segment /home/runner/work/ratis/ratis/ratis-test/target/test/data/213e9af5/MiniRaftClusterWithGrpc2dae160b/s1/2e090e8e-e906-4c9f-8430-b582808378dd/current/log_inprogress_162
2022-07-04 07:12:32,727 [s2-server-thread1] DEBUG raftlog.RaftLog (SegmentedRaftLog.java:appendImpl(447)) - truncateIndex=-1, arrayIndex=0
2022-07-04 07:12:32,727 [s2-server-thread1] INFO  segmented.SegmentedRaftLogWorker (SegmentedRaftLogWorker.java:rollLogSegment(430)) - s2@group-B582808378DD-SegmentedRaftLogWorker: Rolling segment log-135_161 to index:161
2022-07-04 07:12:32,727 [s2@group-B582808378DD-SegmentedRaftLogWorker] TRACE util.FileUtils (LogUtils.java:runAndLog(49)) - Successfully ran Files.move /home/runner/work/ratis/ratis/ratis-test/target/test/data/213e9af5/MiniRaftClusterWithGrpc2dae160b/s2/2e090e8e-e906-4c9f-8430-b582808378dd/current/log_inprogress_135 to /home/runner/work/ratis/ratis/ratis-test/target/test/data/213e9af5/MiniRaftClusterWithGrpc2dae160b/s2/2e090e8e-e906-4c9f-8430-b582808378dd/current/log_135-161
2022-07-04 07:12:32,727 [s2@group-B582808378DD-SegmentedRaftLogWorker] INFO  segmented.SegmentedRaftLogWorker (SegmentedRaftLogWorker.java:execute(586)) - s2@group-B582808378DD-SegmentedRaftLogWorker: Rolled log segment from /home/runner/work/ratis/ratis/ratis-test/target/test/data/213e9af5/MiniRaftClusterWithGrpc2dae160b/s2/2e090e8e-e906-4c9f-8430-b582808378dd/current/log_inprogress_135 to /home/runner/work/ratis/ratis/ratis-test/target/test/data/213e9af5/MiniRaftClusterWithGrpc2dae160b/s2/2e090e8e-e906-4c9f-8430-b582808378dd/current/log_135-161
2022-07-04 07:12:32,728 [s2@group-B582808378DD-SegmentedRaftLogWorker] INFO  segmented.SegmentedRaftLogWorker (SegmentedRaftLogWorker.java:execute(629)) - s2@group-B582808378DD-SegmentedRaftLogWorker: created new log segment /home/runner/work/ratis/ratis/ratis-test/target/test/data/213e9af5/MiniRaftClusterWithGrpc2dae160b/s2/2e090e8e-e906-4c9f-8430-b582808378dd/current/log_inprogress_162
2022-07-04 07:12:32,729 [s2-server-thread1] DEBUG raftlog.RaftLog (SegmentedRaftLog.java:appendImpl(447)) - truncateIndex=-1, arrayIndex=0
2022-07-04 07:12:32,729 [s0-server-thread1] DEBUG raftlog.RaftLog (SegmentedRaftLog.java:appendImpl(447)) - truncateIndex=-1, arrayIndex=0
2022-07-04 07:12:32,729 [s0@group-B582808378DD-SegmentedRaftLogWorker] TRACE util.FileUtils (LogUtils.java:runAndLog(49)) - Successfully ran Files.move /home/runner/work/ratis/ratis/ratis-test/target/test/data/213e9af5/MiniRaftClusterWithGrpc2dae160b/s0/2e090e8e-e906-4c9f-8430-b582808378dd/current/log_inprogress_135 to /home/runner/work/ratis/ratis/ratis-test/target/test/data/213e9af5/MiniRaftClusterWithGrpc2dae160b/s0/2e090e8e-e906-4c9f-8430-b582808378dd/current/log_135-161
2022-07-04 07:12:32,729 [s0@group-B582808378DD-SegmentedRaftLogWorker] INFO  segmented.SegmentedRaftLogWorker (SegmentedRaftLogWorker.java:execute(586)) - s0@group-B582808378DD-SegmentedRaftLogWorker: Rolled log segment from /home/runner/work/ratis/ratis/ratis-test/target/test/data/213e9af5/MiniRaftClusterWithGrpc2dae160b/s0/2e090e8e-e906-4c9f-8430-b582808378dd/current/log_inprogress_135 to /home/runner/work/ratis/ratis/ratis-test/target/test/data/213e9af5/MiniRaftClusterWithGrpc2dae160b/s0/2e090e8e-e906-4c9f-8430-b582808378dd/current/log_135-161
2022-07-04 07:12:32,730 [s2@group-B582808378DD-StateMachineUpdater] INFO  statemachine.SimpleStateMachine4Testing (SimpleStateMachine4Testing.java:put(204)) - s2: put 161, m80 -> (t:1, i:161), STATEMACHINELOGENTRY, 466@client-6D946DA219F4
2022-07-04 07:12:32,731 [s0@group-B582808378DD-SegmentedRaftLogWorker] INFO  segmented.SegmentedRaftLogWorker (SegmentedRaftLogWorker.java:execute(629)) - s0@group-B582808378DD-SegmentedRaftLogWorker: created new log segment /home/runner/work/ratis/ratis/ratis-test/target/test/data/213e9af5/MiniRaftClusterWithGrpc2dae160b/s0/2e090e8e-e906-4c9f-8430-b582808378dd/current/log_inprogress_162
2022-07-04 07:12:32,731 [s1@group-B582808378DD-StateMachineUpdater] INFO  statemachine.SimpleStateMachine4Testing (SimpleStateMachine4Testing.java:put(204)) - s1: put 163, m81 -> (t:1, i:163), STATEMACHINELOGENTRY, 467@client-6D946DA219F4
2022-07-04 07:12:32,731 [s0@group-B582808378DD-StateMachineUpdater] INFO  statemachine.SimpleStateMachine4Testing (SimpleStateMachine4Testing.java:put(204)) - s0: put 161, m80 -> (t:1, i:161), STATEMACHINELOGENTRY, 466@client-6D946DA219F4
2022-07-04 07:12:32,732 [s0-server-thread1] DEBUG raftlog.RaftLog (SegmentedRaftLog.java:appendImpl(447)) - truncateIndex=-1, arrayIndex=0
2022-07-04 07:12:32,732 [s2-server-thread1] DEBUG raftlog.RaftLog (SegmentedRaftLog.java:appendImpl(447)) - truncateIndex=-1, arrayIndex=0
2022-07-04 07:12:32,734 [s0-server-thread1] DEBUG raftlog.RaftLog (SegmentedRaftLog.java:appendImpl(447)) - truncateIndex=-1, arrayIndex=0
2022-07-04 07:12:32,734 [s2-server-thread1] DEBUG raftlog.RaftLog (SegmentedRaftLog.java:appendImpl(447)) - truncateIndex=-1, arrayIndex=0
2022-07-04 07:12:32,735 [s0@group-B582808378DD-StateMachineUpdater] INFO  statemachine.SimpleStateMachine4Testing (SimpleStateMachine4Testing.java:put(204)) - s0: put 163, m81 -> (t:1, i:163), STATEMACHINELOGENTRY, 467@client-6D946DA219F4
2022-07-04 07:12:32,736 [s2@group-B582808378DD-StateMachineUpdater] INFO  statemachine.SimpleStateMachine4Testing (SimpleStateMachine4Testing.java:put(204)) - s2: put 163, m81 -> (t:1, i:163), STATEMACHINELOGENTRY, 467@client-6D946DA219F4
2022-07-04 07:12:32,736 [s1@group-B582808378DD-StateMachineUpdater] INFO  statemachine.SimpleStateMachine4Testing (SimpleStateMachine4Testing.java:put(204)) - s1: put 165, m82 -> (t:1, i:165), STATEMACHINELOGENTRY, 468@client-6D946DA219F4
2022-07-04 07:12:32,737 [s2-server-thread1] DEBUG raftlog.RaftLog (SegmentedRaftLog.java:appendImpl(447)) - truncateIndex=-1, arrayIndex=0
2022-07-04 07:12:32,738 [s0-server-thread1] DEBUG raftlog.RaftLog (SegmentedRaftLog.java:appendImpl(447)) - truncateIndex=-1, arrayIndex=0
2022-07-04 07:12:32,739 [s0-server-thread1] DEBUG raftlog.RaftLog (SegmentedRaftLog.java:appendImpl(447)) - truncateIndex=-1, arrayIndex=0
2022-07-04 07:12:32,739 [s2-server-thread1] DEBUG raftlog.RaftLog (SegmentedRaftLog.java:appendImpl(447)) - truncateIndex=-1, arrayIndex=0
2022-07-04 07:12:32,740 [s0@group-B582808378DD-StateMachineUpdater] INFO  statemachine.SimpleStateMachine4Testing (SimpleStateMachine4Testing.java:put(204)) - s0: put 165, m82 -> (t:1, i:165), STATEMACHINELOGENTRY, 468@client-6D946DA219F4
2022-07-04 07:12:32,741 [s2@group-B582808378DD-StateMachineUpdater] INFO  statemachine.SimpleStateMachine4Testing (SimpleStateMachine4Testing.java:put(204)) - s2: put 165, m82 -> (t:1, i:165), STATEMACHINELOGENTRY, 468@client-6D946DA219F4
2022-07-04 07:12:32,742 [s1@group-B582808378DD-StateMachineUpdater] INFO  statemachine.SimpleStateMachine4Testing (SimpleStateMachine4Testing.java:put(204)) - s1: put 167, m83 -> (t:1, i:167), STATEMACHINELOGENTRY, 469@client-6D946DA219F4
2022-07-04 07:12:32,742 [s0-server-thread1] DEBUG raftlog.RaftLog (SegmentedRaftLog.java:appendImpl(447)) - truncateIndex=-1, arrayIndex=0
2022-07-04 07:12:32,743 [s2-server-thread1] DEBUG raftlog.RaftLog (SegmentedRaftLog.java:appendImpl(447)) - truncateIndex=-1, arrayIndex=0
2022-07-04 07:12:32,744 [s0-server-thread1] DEBUG raftlog.RaftLog (SegmentedRaftLog.java:appendImpl(447)) - truncateIndex=-1, arrayIndex=0
2022-07-04 07:12:32,744 [s2-server-thread1] DEBUG raftlog.RaftLog (SegmentedRaftLog.java:appendImpl(447)) - truncateIndex=-1, arrayIndex=0
2022-07-04 07:12:32,749 [s0@group-B582808378DD-StateMachineUpdater] INFO  statemachine.SimpleStateMachine4Testing (SimpleStateMachine4Testing.java:put(204)) - s0: put 167, m83 -> (t:1, i:167), STATEMACHINELOGENTRY, 469@client-6D946DA219F4
2022-07-04 07:12:32,750 [s2@group-B582808378DD-StateMachineUpdater] INFO  statemachine.SimpleStateMachine4Testing (SimpleStateMachine4Testing.java:put(204)) - s2: put 167, m83 -> (t:1, i:167), STATEMACHINELOGENTRY, 469@client-6D946DA219F4
2022-07-04 07:12:32,751 [s1@group-B582808378DD-StateMachineUpdater] INFO  statemachine.SimpleStateMachine4Testing (SimpleStateMachine4Testing.java:put(204)) - s1: put 169, m84 -> (t:1, i:169), STATEMACHINELOGENTRY, 470@client-6D946DA219F4
2022-07-04 07:12:32,751 [s2-server-thread1] DEBUG raftlog.RaftLog (SegmentedRaftLog.java:appendImpl(447)) - truncateIndex=-1, arrayIndex=0
2022-07-04 07:12:32,752 [s0-server-thread1] DEBUG raftlog.RaftLog (SegmentedRaftLog.java:appendImpl(447)) - truncateIndex=-1, arrayIndex=0
2022-07-04 07:12:32,753 [s2-server-thread1] DEBUG raftlog.RaftLog (SegmentedRaftLog.java:appendImpl(447)) - truncateIndex=-1, arrayIndex=0
2022-07-04 07:12:32,753 [s0-server-thread1] DEBUG raftlog.RaftLog (SegmentedRaftLog.java:appendImpl(447)) - truncateIndex=-1, arrayIndex=0
2022-07-04 07:12:32,759 [s2@group-B582808378DD-StateMachineUpdater] INFO  statemachine.SimpleStateMachine4Testing (SimpleStateMachine4Testing.java:put(204)) - s2: put 169, m84 -> (t:1, i:169), STATEMACHINELOGENTRY, 470@client-6D946DA219F4
2022-07-04 07:12:32,760 [s0@group-B582808378DD-StateMachineUpdater] INFO  statemachine.SimpleStateMachine4Testing (SimpleStateMachine4Testing.java:put(204)) - s0: put 169, m84 -> (t:1, i:169), STATEMACHINELOGENTRY, 470@client-6D946DA219F4
2022-07-04 07:12:32,761 [s1@group-B582808378DD-StateMachineUpdater] INFO  statemachine.SimpleStateMachine4Testing (SimpleStateMachine4Testing.java:put(204)) - s1: put 171, m85 -> (t:1, i:171), STATEMACHINELOGENTRY, 471@client-6D946DA219F4
2022-07-04 07:12:32,762 [s2-server-thread1] DEBUG raftlog.RaftLog (SegmentedRaftLog.java:appendImpl(447)) - truncateIndex=-1, arrayIndex=0
2022-07-04 07:12:32,762 [s0-server-thread1] DEBUG raftlog.RaftLog (SegmentedRaftLog.java:appendImpl(447)) - truncateIndex=-1, arrayIndex=0
2022-07-04 07:12:32,763 [s2-server-thread1] DEBUG raftlog.RaftLog (SegmentedRaftLog.java:appendImpl(447)) - truncateIndex=-1, arrayIndex=0
2022-07-04 07:12:32,763 [s0-server-thread1] DEBUG raftlog.RaftLog (SegmentedRaftLog.java:appendImpl(447)) - truncateIndex=-1, arrayIndex=0
2022-07-04 07:12:32,765 [s2@group-B582808378DD-StateMachineUpdater] INFO  statemachine.SimpleStateMachine4Testing (SimpleStateMachine4Testing.java:put(204)) - s2: put 171, m85 -> (t:1, i:171), STATEMACHINELOGENTRY, 471@client-6D946DA219F4
2022-07-04 07:12:32,766 [s1@group-B582808378DD-StateMachineUpdater] INFO  statemachine.SimpleStateMachine4Testing (SimpleStateMachine4Testing.java:put(204)) - s1: put 173, m86 -> (t:1, i:173), STATEMACHINELOGENTRY, 472@client-6D946DA219F4
2022-07-04 07:12:32,766 [s0-server-thread1] DEBUG raftlog.RaftLog (SegmentedRaftLog.java:appendImpl(447)) - truncateIndex=-1, arrayIndex=0
2022-07-04 07:12:32,767 [s2-server-thread1] DEBUG raftlog.RaftLog (SegmentedRaftLog.java:appendImpl(447)) - truncateIndex=-1, arrayIndex=0
2022-07-04 07:12:32,769 [s2-server-thread1] DEBUG raftlog.RaftLog (SegmentedRaftLog.java:appendImpl(447)) - truncateIndex=-1, arrayIndex=0
2022-07-04 07:12:32,769 [s0-server-thread1] DEBUG raftlog.RaftLog (SegmentedRaftLog.java:appendImpl(447)) - truncateIndex=-1, arrayIndex=0
2022-07-04 07:12:32,769 [s0@group-B582808378DD-StateMachineUpdater] INFO  statemachine.SimpleStateMachine4Testing (SimpleStateMachine4Testing.java:put(204)) - s0: put 171, m85 -> (t:1, i:171), STATEMACHINELOGENTRY, 471@client-6D946DA219F4
2022-07-04 07:12:32,770 [s0@group-B582808378DD-StateMachineUpdater] INFO  statemachine.SimpleStateMachine4Testing (SimpleStateMachine4Testing.java:put(204)) - s0: put 173, m86 -> (t:1, i:173), STATEMACHINELOGENTRY, 472@client-6D946DA219F4
2022-07-04 07:12:32,770 [s1@group-B582808378DD-StateMachineUpdater] INFO  statemachine.SimpleStateMachine4Testing (SimpleStateMachine4Testing.java:put(204)) - s1: put 175, m87 -> (t:1, i:175), STATEMACHINELOGENTRY, 473@client-6D946DA219F4
2022-07-04 07:12:32,771 [s2@group-B582808378DD-StateMachineUpdater] INFO  statemachine.SimpleStateMachine4Testing (SimpleStateMachine4Testing.java:put(204)) - s2: put 173, m86 -> (t:1, i:173), STATEMACHINELOGENTRY, 472@client-6D946DA219F4
2022-07-04 07:12:32,772 [s0-server-thread1] DEBUG raftlog.RaftLog (SegmentedRaftLog.java:appendImpl(447)) - truncateIndex=-1, arrayIndex=0
2022-07-04 07:12:32,772 [s2-server-thread1] DEBUG raftlog.RaftLog (SegmentedRaftLog.java:appendImpl(447)) - truncateIndex=-1, arrayIndex=0
2022-07-04 07:12:32,773 [s2-server-thread1] DEBUG raftlog.RaftLog (SegmentedRaftLog.java:appendImpl(447)) - truncateIndex=-1, arrayIndex=0
2022-07-04 07:12:32,773 [s0-server-thread1] DEBUG raftlog.RaftLog (SegmentedRaftLog.java:appendImpl(447)) - truncateIndex=-1, arrayIndex=0
2022-07-04 07:12:32,774 [s0@group-B582808378DD-StateMachineUpdater] INFO  statemachine.SimpleStateMachine4Testing (SimpleStateMachine4Testing.java:put(204)) - s0: put 175, m87 -> (t:1, i:175), STATEMACHINELOGENTRY, 473@client-6D946DA219F4
2022-07-04 07:12:32,774 [s2@group-B582808378DD-StateMachineUpdater] INFO  statemachine.SimpleStateMachine4Testing (SimpleStateMachine4Testing.java:put(204)) - s2: put 175, m87 -> (t:1, i:175), STATEMACHINELOGENTRY, 473@client-6D946DA219F4
2022-07-04 07:12:32,775 [s1@group-B582808378DD-StateMachineUpdater] INFO  statemachine.SimpleStateMachine4Testing (SimpleStateMachine4Testing.java:put(204)) - s1: put 177, m88 -> (t:1, i:177), STATEMACHINELOGENTRY, 474@client-6D946DA219F4
2022-07-04 07:12:32,775 [s2-server-thread1] DEBUG raftlog.RaftLog (SegmentedRaftLog.java:appendImpl(447)) - truncateIndex=-1, arrayIndex=0
2022-07-04 07:12:32,776 [s0-server-thread1] DEBUG raftlog.RaftLog (SegmentedRaftLog.java:appendImpl(447)) - truncateIndex=-1, arrayIndex=0
2022-07-04 07:12:32,777 [s2-server-thread1] DEBUG raftlog.RaftLog (SegmentedRaftLog.java:appendImpl(447)) - truncateIndex=-1, arrayIndex=0
2022-07-04 07:12:32,777 [s0-server-thread1] DEBUG raftlog.RaftLog (SegmentedRaftLog.java:appendImpl(447)) - truncateIndex=-1, arrayIndex=0
2022-07-04 07:12:32,780 [s2@group-B582808378DD-StateMachineUpdater] INFO  statemachine.SimpleStateMachine4Testing (SimpleStateMachine4Testing.java:put(204)) - s2: put 177, m88 -> (t:1, i:177), STATEMACHINELOGENTRY, 474@client-6D946DA219F4
2022-07-04 07:12:32,781 [s0@group-B582808378DD-StateMachineUpdater] INFO  statemachine.SimpleStateMachine4Testing (SimpleStateMachine4Testing.java:put(204)) - s0: put 177, m88 -> (t:1, i:177), STATEMACHINELOGENTRY, 474@client-6D946DA219F4
2022-07-04 07:12:32,782 [s1@group-B582808378DD-StateMachineUpdater] INFO  statemachine.SimpleStateMachine4Testing (SimpleStateMachine4Testing.java:put(204)) - s1: put 179, m89 -> (t:1, i:179), STATEMACHINELOGENTRY, 475@client-6D946DA219F4
2022-07-04 07:12:32,782 [s0-server-thread1] DEBUG raftlog.RaftLog (SegmentedRaftLog.java:appendImpl(447)) - truncateIndex=-1, arrayIndex=0
2022-07-04 07:12:32,783 [s2-server-thread1] DEBUG raftlog.RaftLog (SegmentedRaftLog.java:appendImpl(447)) - truncateIndex=-1, arrayIndex=0
2022-07-04 07:12:32,784 [s2-server-thread1] DEBUG raftlog.RaftLog (SegmentedRaftLog.java:appendImpl(447)) - truncateIndex=-1, arrayIndex=0
2022-07-04 07:12:32,784 [s0-server-thread1] DEBUG raftlog.RaftLog (SegmentedRaftLog.java:appendImpl(447)) - truncateIndex=-1, arrayIndex=0
2022-07-04 07:12:32,786 [s2@group-B582808378DD-StateMachineUpdater] INFO  statemachine.SimpleStateMachine4Testing (SimpleStateMachine4Testing.java:put(204)) - s2: put 179, m89 -> (t:1, i:179), STATEMACHINELOGENTRY, 475@client-6D946DA219F4
2022-07-04 07:12:32,786 [s0@group-B582808378DD-StateMachineUpdater] INFO  statemachine.SimpleStateMachine4Testing (SimpleStateMachine4Testing.java:put(204)) - s0: put 179, m89 -> (t:1, i:179), STATEMACHINELOGENTRY, 475@client-6D946DA219F4
2022-07-04 07:12:32,787 [s1@group-B582808378DD-StateMachineUpdater] INFO  statemachine.SimpleStateMachine4Testing (SimpleStateMachine4Testing.java:put(204)) - s1: put 181, m90 -> (t:1, i:181), STATEMACHINELOGENTRY, 476@client-6D946DA219F4
2022-07-04 07:12:32,787 [s2-server-thread1] DEBUG raftlog.RaftLog (SegmentedRaftLog.java:appendImpl(447)) - truncateIndex=-1, arrayIndex=0
2022-07-04 07:12:32,788 [s0-server-thread1] DEBUG raftlog.RaftLog (SegmentedRaftLog.java:appendImpl(447)) - truncateIndex=-1, arrayIndex=0
2022-07-04 07:12:32,789 [s2-server-thread1] DEBUG raftlog.RaftLog (SegmentedRaftLog.java:appendImpl(447)) - truncateIndex=-1, arrayIndex=0
2022-07-04 07:12:32,789 [s0-server-thread1] DEBUG raftlog.RaftLog (SegmentedRaftLog.java:appendImpl(447)) - truncateIndex=-1, arrayIndex=0
2022-07-04 07:12:32,790 [s0@group-B582808378DD-StateMachineUpdater] INFO  statemachine.SimpleStateMachine4Testing (SimpleStateMachine4Testing.java:put(204)) - s0: put 181, m90 -> (t:1, i:181), STATEMACHINELOGENTRY, 476@client-6D946DA219F4
2022-07-04 07:12:32,792 [s2@group-B582808378DD-StateMachineUpdater] INFO  statemachine.SimpleStateMachine4Testing (SimpleStateMachine4Testing.java:put(204)) - s2: put 181, m90 -> (t:1, i:181), STATEMACHINELOGENTRY, 476@client-6D946DA219F4
2022-07-04 07:12:32,793 [s1@group-B582808378DD-StateMachineUpdater] INFO  statemachine.SimpleStateMachine4Testing (SimpleStateMachine4Testing.java:put(204)) - s1: put 183, m91 -> (t:1, i:183), STATEMACHINELOGENTRY, 477@client-6D946DA219F4
2022-07-04 07:12:32,793 [s2-server-thread1] DEBUG raftlog.RaftLog (SegmentedRaftLog.java:appendImpl(447)) - truncateIndex=-1, arrayIndex=0
2022-07-04 07:12:32,794 [s0-server-thread1] DEBUG raftlog.RaftLog (SegmentedRaftLog.java:appendImpl(447)) - truncateIndex=-1, arrayIndex=0
2022-07-04 07:12:32,794 [s2@group-B582808378DD-StateMachineUpdater] INFO  statemachine.SimpleStateMachine4Testing (SimpleStateMachine4Testing.java:put(204)) - s2: put 183, m91 -> (t:1, i:183), STATEMACHINELOGENTRY, 477@client-6D946DA219F4
2022-07-04 07:12:32,795 [s0@group-B582808378DD-StateMachineUpdater] INFO  statemachine.SimpleStateMachine4Testing (SimpleStateMachine4Testing.java:put(204)) - s0: put 183, m91 -> (t:1, i:183), STATEMACHINELOGENTRY, 477@client-6D946DA219F4
2022-07-04 07:12:32,795 [s2-server-thread1] DEBUG raftlog.RaftLog (SegmentedRaftLog.java:appendImpl(447)) - truncateIndex=-1, arrayIndex=0
2022-07-04 07:12:32,796 [s0-server-thread1] DEBUG raftlog.RaftLog (SegmentedRaftLog.java:appendImpl(447)) - truncateIndex=-1, arrayIndex=0
2022-07-04 07:12:32,797 [s2-server-thread1] DEBUG raftlog.RaftLog (SegmentedRaftLog.java:appendImpl(447)) - truncateIndex=-1, arrayIndex=0
2022-07-04 07:12:32,797 [s1@group-B582808378DD-StateMachineUpdater] INFO  statemachine.SimpleStateMachine4Testing (SimpleStateMachine4Testing.java:put(204)) - s1: put 185, m92 -> (t:1, i:185), STATEMACHINELOGENTRY, 478@client-6D946DA219F4
2022-07-04 07:12:32,797 [s0-server-thread1] DEBUG raftlog.RaftLog (SegmentedRaftLog.java:appendImpl(447)) - truncateIndex=-1, arrayIndex=0
2022-07-04 07:12:32,799 [s2-server-thread1] DEBUG raftlog.RaftLog (SegmentedRaftLog.java:appendImpl(447)) - truncateIndex=-1, arrayIndex=0
2022-07-04 07:12:32,799 [s0-server-thread1] DEBUG raftlog.RaftLog (SegmentedRaftLog.java:appendImpl(447)) - truncateIndex=-1, arrayIndex=0
2022-07-04 07:12:32,799 [s2@group-B582808378DD-StateMachineUpdater] INFO  statemachine.SimpleStateMachine4Testing (SimpleStateMachine4Testing.java:put(204)) - s2: put 185, m92 -> (t:1, i:185), STATEMACHINELOGENTRY, 478@client-6D946DA219F4
2022-07-04 07:12:32,800 [s0@group-B582808378DD-StateMachineUpdater] INFO  statemachine.SimpleStateMachine4Testing (SimpleStateMachine4Testing.java:put(204)) - s0: put 185, m92 -> (t:1, i:185), STATEMACHINELOGENTRY, 478@client-6D946DA219F4
2022-07-04 07:12:32,801 [s1@group-B582808378DD-StateMachineUpdater] INFO  statemachine.SimpleStateMachine4Testing (SimpleStateMachine4Testing.java:put(204)) - s1: put 187, m93 -> (t:1, i:187), STATEMACHINELOGENTRY, 479@client-6D946DA219F4
2022-07-04 07:12:32,802 [s0-server-thread1] DEBUG raftlog.RaftLog (SegmentedRaftLog.java:appendImpl(447)) - truncateIndex=-1, arrayIndex=0
2022-07-04 07:12:32,802 [s2-server-thread1] DEBUG raftlog.RaftLog (SegmentedRaftLog.java:appendImpl(447)) - truncateIndex=-1, arrayIndex=0
2022-07-04 07:12:32,803 [s1-client-thread1] INFO  segmented.SegmentedRaftLogWorker (SegmentedRaftLogWorker.java:rollLogSegment(430)) - s1@group-B582808378DD-SegmentedRaftLogWorker: Rolling segment log-162_188 to index:188
2022-07-04 07:12:32,803 [s1@group-B582808378DD-SegmentedRaftLogWorker] TRACE util.FileUtils (LogUtils.java:runAndLog(49)) - Successfully ran Files.move /home/runner/work/ratis/ratis/ratis-test/target/test/data/213e9af5/MiniRaftClusterWithGrpc2dae160b/s1/2e090e8e-e906-4c9f-8430-b582808378dd/current/log_inprogress_162 to /home/runner/work/ratis/ratis/ratis-test/target/test/data/213e9af5/MiniRaftClusterWithGrpc2dae160b/s1/2e090e8e-e906-4c9f-8430-b582808378dd/current/log_162-188
2022-07-04 07:12:32,803 [s1@group-B582808378DD-SegmentedRaftLogWorker] INFO  segmented.SegmentedRaftLogWorker (SegmentedRaftLogWorker.java:execute(586)) - s1@group-B582808378DD-SegmentedRaftLogWorker: Rolled log segment from /home/runner/work/ratis/ratis/ratis-test/target/test/data/213e9af5/MiniRaftClusterWithGrpc2dae160b/s1/2e090e8e-e906-4c9f-8430-b582808378dd/current/log_inprogress_162 to /home/runner/work/ratis/ratis/ratis-test/target/test/data/213e9af5/MiniRaftClusterWithGrpc2dae160b/s1/2e090e8e-e906-4c9f-8430-b582808378dd/current/log_162-188
2022-07-04 07:12:32,804 [s2-server-thread1] DEBUG raftlog.RaftLog (SegmentedRaftLog.java:appendImpl(447)) - truncateIndex=-1, arrayIndex=0
2022-07-04 07:12:32,804 [s2-server-thread1] INFO  segmented.SegmentedRaftLogWorker (SegmentedRaftLogWorker.java:rollLogSegment(430)) - s2@group-B582808378DD-SegmentedRaftLogWorker: Rolling segment log-162_188 to index:188
2022-07-04 07:12:32,804 [s0-server-thread1] DEBUG raftlog.RaftLog (SegmentedRaftLog.java:appendImpl(447)) - truncateIndex=-1, arrayIndex=0
2022-07-04 07:12:32,804 [s0-server-thread1] INFO  segmented.SegmentedRaftLogWorker (SegmentedRaftLogWorker.java:rollLogSegment(430)) - s0@group-B582808378DD-SegmentedRaftLogWorker: Rolling segment log-162_188 to index:188
2022-07-04 07:12:32,805 [s1@group-B582808378DD-SegmentedRaftLogWorker] INFO  segmented.SegmentedRaftLogWorker (SegmentedRaftLogWorker.java:execute(629)) - s1@group-B582808378DD-SegmentedRaftLogWorker: created new log segment /home/runner/work/ratis/ratis/ratis-test/target/test/data/213e9af5/MiniRaftClusterWithGrpc2dae160b/s1/2e090e8e-e906-4c9f-8430-b582808378dd/current/log_inprogress_189
2022-07-04 07:12:32,805 [s0@group-B582808378DD-SegmentedRaftLogWorker] TRACE util.FileUtils (LogUtils.java:runAndLog(49)) - Successfully ran Files.move /home/runner/work/ratis/ratis/ratis-test/target/test/data/213e9af5/MiniRaftClusterWithGrpc2dae160b/s0/2e090e8e-e906-4c9f-8430-b582808378dd/current/log_inprogress_162 to /home/runner/work/ratis/ratis/ratis-test/target/test/data/213e9af5/MiniRaftClusterWithGrpc2dae160b/s0/2e090e8e-e906-4c9f-8430-b582808378dd/current/log_162-188
2022-07-04 07:12:32,805 [s0@group-B582808378DD-SegmentedRaftLogWorker] INFO  segmented.SegmentedRaftLogWorker (SegmentedRaftLogWorker.java:execute(586)) - s0@group-B582808378DD-SegmentedRaftLogWorker: Rolled log segment from /home/runner/work/ratis/ratis/ratis-test/target/test/data/213e9af5/MiniRaftClusterWithGrpc2dae160b/s0/2e090e8e-e906-4c9f-8430-b582808378dd/current/log_inprogress_162 to /home/runner/work/ratis/ratis/ratis-test/target/test/data/213e9af5/MiniRaftClusterWithGrpc2dae160b/s0/2e090e8e-e906-4c9f-8430-b582808378dd/current/log_162-188
2022-07-04 07:12:32,805 [s2@group-B582808378DD-SegmentedRaftLogWorker] TRACE util.FileUtils (LogUtils.java:runAndLog(49)) - Successfully ran Files.move /home/runner/work/ratis/ratis/ratis-test/target/test/data/213e9af5/MiniRaftClusterWithGrpc2dae160b/s2/2e090e8e-e906-4c9f-8430-b582808378dd/current/log_inprogress_162 to /home/runner/work/ratis/ratis/ratis-test/target/test/data/213e9af5/MiniRaftClusterWithGrpc2dae160b/s2/2e090e8e-e906-4c9f-8430-b582808378dd/current/log_162-188
2022-07-04 07:12:32,805 [s2@group-B582808378DD-SegmentedRaftLogWorker] INFO  segmented.SegmentedRaftLogWorker (SegmentedRaftLogWorker.java:execute(586)) - s2@group-B582808378DD-SegmentedRaftLogWorker: Rolled log segment from /home/runner/work/ratis/ratis/ratis-test/target/test/data/213e9af5/MiniRaftClusterWithGrpc2dae160b/s2/2e090e8e-e906-4c9f-8430-b582808378dd/current/log_inprogress_162 to /home/runner/work/ratis/ratis/ratis-test/target/test/data/213e9af5/MiniRaftClusterWithGrpc2dae160b/s2/2e090e8e-e906-4c9f-8430-b582808378dd/current/log_162-188
2022-07-04 07:12:32,806 [s2@group-B582808378DD-StateMachineUpdater] INFO  statemachine.SimpleStateMachine4Testing (SimpleStateMachine4Testing.java:put(204)) - s2: put 187, m93 -> (t:1, i:187), STATEMACHINELOGENTRY, 479@client-6D946DA219F4
2022-07-04 07:12:32,806 [s2@group-B582808378DD-SegmentedRaftLogWorker] INFO  segmented.SegmentedRaftLogWorker (SegmentedRaftLogWorker.java:execute(629)) - s2@group-B582808378DD-SegmentedRaftLogWorker: created new log segment /home/runner/work/ratis/ratis/ratis-test/target/test/data/213e9af5/MiniRaftClusterWithGrpc2dae160b/s2/2e090e8e-e906-4c9f-8430-b582808378dd/current/log_inprogress_189
2022-07-04 07:12:32,807 [s0@group-B582808378DD-StateMachineUpdater] INFO  statemachine.SimpleStateMachine4Testing (SimpleStateMachine4Testing.java:put(204)) - s0: put 187, m93 -> (t:1, i:187), STATEMACHINELOGENTRY, 479@client-6D946DA219F4
2022-07-04 07:12:32,807 [s0@group-B582808378DD-SegmentedRaftLogWorker] INFO  segmented.SegmentedRaftLogWorker (SegmentedRaftLogWorker.java:execute(629)) - s0@group-B582808378DD-SegmentedRaftLogWorker: created new log segment /home/runner/work/ratis/ratis/ratis-test/target/test/data/213e9af5/MiniRaftClusterWithGrpc2dae160b/s0/2e090e8e-e906-4c9f-8430-b582808378dd/current/log_inprogress_189
2022-07-04 07:12:32,808 [s1@group-B582808378DD-StateMachineUpdater] INFO  statemachine.SimpleStateMachine4Testing (SimpleStateMachine4Testing.java:put(204)) - s1: put 189, m94 -> (t:1, i:189), STATEMACHINELOGENTRY, 480@client-6D946DA219F4
2022-07-04 07:12:32,809 [s0-server-thread1] DEBUG raftlog.RaftLog (SegmentedRaftLog.java:appendImpl(447)) - truncateIndex=-1, arrayIndex=0
2022-07-04 07:12:32,809 [s2-server-thread1] DEBUG raftlog.RaftLog (SegmentedRaftLog.java:appendImpl(447)) - truncateIndex=-1, arrayIndex=0
2022-07-04 07:12:32,811 [s2-server-thread1] DEBUG raftlog.RaftLog (SegmentedRaftLog.java:appendImpl(447)) - truncateIndex=-1, arrayIndex=0
2022-07-04 07:12:32,811 [s0-server-thread1] DEBUG raftlog.RaftLog (SegmentedRaftLog.java:appendImpl(447)) - truncateIndex=-1, arrayIndex=0
2022-07-04 07:12:32,812 [s2@group-B582808378DD-StateMachineUpdater] INFO  statemachine.SimpleStateMachine4Testing (SimpleStateMachine4Testing.java:put(204)) - s2: put 189, m94 -> (t:1, i:189), STATEMACHINELOGENTRY, 480@client-6D946DA219F4
2022-07-04 07:12:32,813 [s0@group-B582808378DD-StateMachineUpdater] INFO  statemachine.SimpleStateMachine4Testing (SimpleStateMachine4Testing.java:put(204)) - s0: put 189, m94 -> (t:1, i:189), STATEMACHINELOGENTRY, 480@client-6D946DA219F4
2022-07-04 07:12:32,814 [s1@group-B582808378DD-StateMachineUpdater] INFO  statemachine.SimpleStateMachine4Testing (SimpleStateMachine4Testing.java:put(204)) - s1: put 191, m95 -> (t:1, i:191), STATEMACHINELOGENTRY, 481@client-6D946DA219F4
2022-07-04 07:12:32,817 [s2-server-thread1] DEBUG raftlog.RaftLog (SegmentedRaftLog.java:appendImpl(447)) - truncateIndex=-1, arrayIndex=0
2022-07-04 07:12:32,817 [s0-server-thread1] DEBUG raftlog.RaftLog (SegmentedRaftLog.java:appendImpl(447)) - truncateIndex=-1, arrayIndex=0
2022-07-04 07:12:32,819 [s2-server-thread1] DEBUG raftlog.RaftLog (SegmentedRaftLog.java:appendImpl(447)) - truncateIndex=-1, arrayIndex=0
2022-07-04 07:12:32,819 [s0-server-thread1] DEBUG raftlog.RaftLog (SegmentedRaftLog.java:appendImpl(447)) - truncateIndex=-1, arrayIndex=0
2022-07-04 07:12:32,821 [s2@group-B582808378DD-StateMachineUpdater] INFO  statemachine.SimpleStateMachine4Testing (SimpleStateMachine4Testing.java:put(204)) - s2: put 191, m95 -> (t:1, i:191), STATEMACHINELOGENTRY, 481@client-6D946DA219F4
2022-07-04 07:12:32,824 [s0@group-B582808378DD-StateMachineUpdater] INFO  statemachine.SimpleStateMachine4Testing (SimpleStateMachine4Testing.java:put(204)) - s0: put 191, m95 -> (t:1, i:191), STATEMACHINELOGENTRY, 481@client-6D946DA219F4
2022-07-04 07:12:32,826 [s2-server-thread1] DEBUG raftlog.RaftLog (SegmentedRaftLog.java:appendImpl(447)) - truncateIndex=-1, arrayIndex=0
2022-07-04 07:12:32,826 [s0-server-thread1] DEBUG raftlog.RaftLog (SegmentedRaftLog.java:appendImpl(447)) - truncateIndex=-1, arrayIndex=0
2022-07-04 07:12:32,837 [s1@group-B582808378DD-StateMachineUpdater] INFO  impl.StateMachineUpdater (StateMachineUpdater.java:takeSnapshot(287)) - s1@group-B582808378DD-StateMachineUpdater: Took a snapshot at index 191
2022-07-04 07:12:32,837 [s1@group-B582808378DD-StateMachineUpdater] INFO  impl.StateMachineUpdater (StateMachineUpdater.java:lambda$new$0(92)) - s1@group-B582808378DD-StateMachineUpdater: snapshotIndex: updateIncreasingly 127 -> 191
2022-07-04 07:12:32,837 [s1@group-B582808378DD-StateMachineUpdater] INFO  raftlog.RaftLog (RaftLogBase.java:purge(308)) - s1@group-B582808378DD-SegmentedRaftLog: purge 191
2022-07-04 07:12:32,837 [s1@group-B582808378DD-StateMachineUpdater] INFO  raftlog.RaftLog (RaftLogBase.java:lambda$new$0(53)) - s1@group-B582808378DD-SegmentedRaftLog: snapshotIndex: updateIncreasingly 127 -> 191
2022-07-04 07:12:32,837 [s1@group-B582808378DD-StateMachineUpdater] DEBUG raftlog.RaftLog (SegmentedRaftLog.java:purgeImpl(365)) - purging segments:toTruncate: null
  toDelete: [(107, 134) isOpen? false, length=0, newEndIndex=0, (135, 161) isOpen? false, length=0, newEndIndex=0, (162, 188) isOpen? false, length=0, newEndIndex=0]
2022-07-04 07:12:32,837 [s1@group-B582808378DD-StateMachineUpdater] INFO  statemachine.SimpleStateMachine4Testing (SimpleStateMachine4Testing.java:put(204)) - s1: put 193, m96 -> (t:1, i:193), STATEMACHINELOGENTRY, 482@client-6D946DA219F4
2022-07-04 07:12:32,838 [s1@group-B582808378DD-SegmentedRaftLogWorker] TRACE util.FileUtils (LogUtils.java:runAndLog(49)) - Successfully ran Files.delete /home/runner/work/ratis/ratis/ratis-test/target/test/data/213e9af5/MiniRaftClusterWithGrpc2dae160b/s1/2e090e8e-e906-4c9f-8430-b582808378dd/current/log_107-134
2022-07-04 07:12:32,838 [s1@group-B582808378DD-SegmentedRaftLogWorker] TRACE util.FileUtils (LogUtils.java:runAndLog(49)) - Successfully ran Files.delete /home/runner/work/ratis/ratis/ratis-test/target/test/data/213e9af5/MiniRaftClusterWithGrpc2dae160b/s1/2e090e8e-e906-4c9f-8430-b582808378dd/current/log_135-161
2022-07-04 07:12:32,838 [s1@group-B582808378DD-SegmentedRaftLogWorker] TRACE util.FileUtils (LogUtils.java:runAndLog(49)) - Successfully ran Files.delete /home/runner/work/ratis/ratis/ratis-test/target/test/data/213e9af5/MiniRaftClusterWithGrpc2dae160b/s1/2e090e8e-e906-4c9f-8430-b582808378dd/current/log_162-188
2022-07-04 07:12:32,838 [s1@group-B582808378DD-SegmentedRaftLogWorker] INFO  raftlog.RaftLog (RaftLogBase.java:lambda$new$0(53)) - s1@group-B582808378DD-SegmentedRaftLog: purgeIndex: updateToMax old=106, new=188, updated? true
2022-07-04 07:12:32,840 [s2-server-thread1] DEBUG raftlog.RaftLog (SegmentedRaftLog.java:appendImpl(447)) - truncateIndex=-1, arrayIndex=0
2022-07-04 07:12:32,840 [s0-server-thread1] DEBUG raftlog.RaftLog (SegmentedRaftLog.java:appendImpl(447)) - truncateIndex=-1, arrayIndex=0
2022-07-04 07:12:32,840 [s2@group-B582808378DD-StateMachineUpdater] INFO  impl.StateMachineUpdater (StateMachineUpdater.java:takeSnapshot(287)) - s2@group-B582808378DD-StateMachineUpdater: Took a snapshot at index 191
2022-07-04 07:12:32,840 [s2@group-B582808378DD-StateMachineUpdater] INFO  impl.StateMachineUpdater (StateMachineUpdater.java:lambda$new$0(92)) - s2@group-B582808378DD-StateMachineUpdater: snapshotIndex: updateIncreasingly 127 -> 191
2022-07-04 07:12:32,841 [s2@group-B582808378DD-StateMachineUpdater] INFO  raftlog.RaftLog (RaftLogBase.java:purge(308)) - s2@group-B582808378DD-SegmentedRaftLog: purge 191
2022-07-04 07:12:32,841 [s2@group-B582808378DD-StateMachineUpdater] INFO  raftlog.RaftLog (RaftLogBase.java:lambda$new$0(53)) - s2@group-B582808378DD-SegmentedRaftLog: snapshotIndex: updateIncreasingly 127 -> 191
2022-07-04 07:12:32,841 [s2@group-B582808378DD-StateMachineUpdater] DEBUG raftlog.RaftLog (SegmentedRaftLog.java:purgeImpl(365)) - purging segments:toTruncate: null
  toDelete: [(107, 134) isOpen? false, length=0, newEndIndex=0, (135, 161) isOpen? false, length=0, newEndIndex=0, (162, 188) isOpen? false, length=0, newEndIndex=0]
2022-07-04 07:12:32,841 [s0@group-B582808378DD-StateMachineUpdater] INFO  impl.StateMachineUpdater (StateMachineUpdater.java:takeSnapshot(287)) - s0@group-B582808378DD-StateMachineUpdater: Took a snapshot at index 191
2022-07-04 07:12:32,841 [s0@group-B582808378DD-StateMachineUpdater] INFO  impl.StateMachineUpdater (StateMachineUpdater.java:lambda$new$0(92)) - s0@group-B582808378DD-StateMachineUpdater: snapshotIndex: updateIncreasingly 127 -> 191
2022-07-04 07:12:32,841 [s0@group-B582808378DD-StateMachineUpdater] INFO  raftlog.RaftLog (RaftLogBase.java:purge(308)) - s0@group-B582808378DD-SegmentedRaftLog: purge 191
2022-07-04 07:12:32,841 [s0@group-B582808378DD-StateMachineUpdater] INFO  raftlog.RaftLog (RaftLogBase.java:lambda$new$0(53)) - s0@group-B582808378DD-SegmentedRaftLog: snapshotIndex: updateIncreasingly 127 -> 191
2022-07-04 07:12:32,841 [s0@group-B582808378DD-StateMachineUpdater] DEBUG raftlog.RaftLog (SegmentedRaftLog.java:purgeImpl(365)) - purging segments:toTruncate: null
  toDelete: [(107, 134) isOpen? false, length=0, newEndIndex=0, (135, 161) isOpen? false, length=0, newEndIndex=0, (162, 188) isOpen? false, length=0, newEndIndex=0]
2022-07-04 07:12:32,841 [s2@group-B582808378DD-SegmentedRaftLogWorker] TRACE util.FileUtils (LogUtils.java:runAndLog(49)) - Successfully ran Files.delete /home/runner/work/ratis/ratis/ratis-test/target/test/data/213e9af5/MiniRaftClusterWithGrpc2dae160b/s2/2e090e8e-e906-4c9f-8430-b582808378dd/current/log_107-134
2022-07-04 07:12:32,841 [s2@group-B582808378DD-SegmentedRaftLogWorker] TRACE util.FileUtils (LogUtils.java:runAndLog(49)) - Successfully ran Files.delete /home/runner/work/ratis/ratis/ratis-test/target/test/data/213e9af5/MiniRaftClusterWithGrpc2dae160b/s2/2e090e8e-e906-4c9f-8430-b582808378dd/current/log_135-161
2022-07-04 07:12:32,841 [s2@group-B582808378DD-SegmentedRaftLogWorker] TRACE util.FileUtils (LogUtils.java:runAndLog(49)) - Successfully ran Files.delete /home/runner/work/ratis/ratis/ratis-test/target/test/data/213e9af5/MiniRaftClusterWithGrpc2dae160b/s2/2e090e8e-e906-4c9f-8430-b582808378dd/current/log_162-188
2022-07-04 07:12:32,841 [s2@group-B582808378DD-SegmentedRaftLogWorker] INFO  raftlog.RaftLog (RaftLogBase.java:lambda$new$0(53)) - s2@group-B582808378DD-SegmentedRaftLog: purgeIndex: updateToMax old=106, new=188, updated? true
2022-07-04 07:12:32,841 [s2@group-B582808378DD-StateMachineUpdater] INFO  statemachine.SimpleStateMachine4Testing (SimpleStateMachine4Testing.java:put(204)) - s2: put 193, m96 -> (t:1, i:193), STATEMACHINELOGENTRY, 482@client-6D946DA219F4
2022-07-04 07:12:32,842 [s0@group-B582808378DD-SegmentedRaftLogWorker] TRACE util.FileUtils (LogUtils.java:runAndLog(49)) - Successfully ran Files.delete /home/runner/work/ratis/ratis/ratis-test/target/test/data/213e9af5/MiniRaftClusterWithGrpc2dae160b/s0/2e090e8e-e906-4c9f-8430-b582808378dd/current/log_107-134
2022-07-04 07:12:32,842 [s0@group-B582808378DD-SegmentedRaftLogWorker] TRACE util.FileUtils (LogUtils.java:runAndLog(49)) - Successfully ran Files.delete /home/runner/work/ratis/ratis/ratis-test/target/test/data/213e9af5/MiniRaftClusterWithGrpc2dae160b/s0/2e090e8e-e906-4c9f-8430-b582808378dd/current/log_135-161
2022-07-04 07:12:32,842 [s0@group-B582808378DD-SegmentedRaftLogWorker] TRACE util.FileUtils (LogUtils.java:runAndLog(49)) - Successfully ran Files.delete /home/runner/work/ratis/ratis/ratis-test/target/test/data/213e9af5/MiniRaftClusterWithGrpc2dae160b/s0/2e090e8e-e906-4c9f-8430-b582808378dd/current/log_162-188
2022-07-04 07:12:32,842 [s0@group-B582808378DD-SegmentedRaftLogWorker] INFO  raftlog.RaftLog (RaftLogBase.java:lambda$new$0(53)) - s0@group-B582808378DD-SegmentedRaftLog: purgeIndex: updateToMax old=106, new=188, updated? true
2022-07-04 07:12:32,842 [s0@group-B582808378DD-StateMachineUpdater] INFO  statemachine.SimpleStateMachine4Testing (SimpleStateMachine4Testing.java:put(204)) - s0: put 193, m96 -> (t:1, i:193), STATEMACHINELOGENTRY, 482@client-6D946DA219F4
2022-07-04 07:12:35,840 [java.util.concurrent.ThreadPoolExecutor$Worker@35c7ffcd[State = -1, empty queue]] WARN  server.GrpcLogAppender (GrpcLogAppender.java:timeoutAppendRequest(240)) - s1@group-B582808378DD->s2-GrpcLogAppender:  appendEntries Timeout, request=AppendEntriesRequest:cid=450,entriesCount=1,lastEntry=(t:1, i:195)
2022-07-04 07:12:35,841 [java.util.concurrent.ThreadPoolExecutor$Worker@35c7ffcd[State = -1, empty queue]] WARN  server.GrpcLogAppender (GrpcLogAppender.java:timeoutAppendRequest(240)) - s1@group-B582808378DD->s0-GrpcLogAppender:  appendEntries Timeout, request=AppendEntriesRequest:cid=465,entriesCount=1,lastEntry=(t:1, i:195)
2022-07-04 07:12:35,950 [null-request--thread1] INFO  server.GrpcClientProtocolService (GrpcClientProtocolService.java:lambda$processClientRequest$0(284)) - Failed RaftClientRequest:client-6D946DA219F4->s0@group-B582808378DD, cid=483, seq=0, RW, Message:6d3937, reply=RaftClientReply:client-6D946DA219F4->s0@group-B582808378DD, cid=483, FAILED org.apache.ratis.protocol.exceptions.NotLeaderException: Server s0@group-B582808378DD is not the leader s1|rpc:localhost:35835|admin:localhost:38689|client:localhost:45855|dataStream:localhost:35069|priority:0, logIndex=0, commits[s0:c194, s1:c194, s2:c194]
2022-07-04 07:12:37,335 [org.apache.ratis.util.JvmPauseMonitor$$Lambda$265/1304952153@48d9bf21] WARN  util.JvmPauseMonitor (JvmPauseMonitor.java:detectPause(124)) - JvmPauseMonitor-s2: Detected pause in JVM or host machine (eg GC): pause of approximately 100697947ns.
GC pool 'PS MarkSweep' had collection(s): count=1 time=74ms
GC pool 'PS Scavenge' had collection(s): count=1 time=50ms
2022-07-04 07:12:37,335 [org.apache.ratis.util.JvmPauseMonitor$$Lambda$265/1304952153@28a52438] WARN  util.JvmPauseMonitor (JvmPauseMonitor.java:detectPause(124)) - JvmPauseMonitor-s1: Detected pause in JVM or host machine (eg GC): pause of approximately 103064854ns.
GC pool 'PS MarkSweep' had collection(s): count=1 time=74ms
GC pool 'PS Scavenge' had collection(s): count=1 time=50ms
2022-07-04 07:12:37,339 [org.apache.ratis.util.JvmPauseMonitor$$Lambda$265/1304952153@5b5e5b4d] WARN  util.JvmPauseMonitor (JvmPauseMonitor.java:detectPause(124)) - JvmPauseMonitor-s0: Detected pause in JVM or host machine (eg GC): pause of approximately 110449576ns.
GC pool 'PS MarkSweep' had collection(s): count=1 time=74ms
GC pool 'PS Scavenge' had collection(s): count=1 time=50ms
2022-07-04 07:12:39,163 [null-request--thread1] INFO  server.GrpcClientProtocolService (GrpcClientProtocolService.java:lambda$processClientRequest$0(284)) - Failed RaftClientRequest:client-6D946DA219F4->s0@group-B582808378DD, cid=483, seq=0, RW, Message:6d3937, reply=RaftClientReply:client-6D946DA219F4->s0@group-B582808378DD, cid=483, FAILED org.apache.ratis.protocol.exceptions.NotLeaderException: Server s0@group-B582808378DD is not the leader s1|rpc:localhost:35835|admin:localhost:38689|client:localhost:45855|dataStream:localhost:35069|priority:0, logIndex=0, commits[s0:c194, s1:c194, s2:c194]
2022-07-04 07:12:41,733 [Timer-3] INFO  impl.MiniRaftCluster (MiniRaftCluster.java:lambda$null$6(325)) - TIMED-PRINT: printing ALL groups
  s0:  RUNNING  FOLLOWER s0@group-B582808378DD:t1, leader=s1, voted=s1, raftlog=s0@group-B582808378DD-SegmentedRaftLog:OPENED:c194, conf=0: [s0|rpc:localhost:46829|admin:localhost:33081|client:localhost:38933|dataStream:localhost:36389|priority:0, s1|rpc:localhost:35835|admin:localhost:38689|client:localhost:45855|dataStream:localhost:35069|priority:0, s2|rpc:localhost:38547|admin:localhost:37085|client:localhost:34761|dataStream:localhost:32867|priority:0], old=null RUNNING
  s1:  RUNNING    LEADER s1@group-B582808378DD:t1, leader=s1, voted=s1, raftlog=s1@group-B582808378DD-SegmentedRaftLog:OPENED:c194, conf=0: [s0|rpc:localhost:46829|admin:localhost:33081|client:localhost:38933|dataStream:localhost:36389|priority:0, s1|rpc:localhost:35835|admin:localhost:38689|client:localhost:45855|dataStream:localhost:35069|priority:0, s2|rpc:localhost:38547|admin:localhost:37085|client:localhost:34761|dataStream:localhost:32867|priority:0], old=null RUNNING
  s2:  RUNNING  FOLLOWER s2@group-B582808378DD:t1, leader=s1, voted=s1, raftlog=s2@group-B582808378DD-SegmentedRaftLog:OPENED:c194, conf=0: [s0|rpc:localhost:46829|admin:localhost:33081|client:localhost:38933|dataStream:localhost:36389|priority:0, s1|rpc:localhost:35835|admin:localhost:38689|client:localhost:45855|dataStream:localhost:35069|priority:0, s2|rpc:localhost:38547|admin:localhost:37085|client:localhost:34761|dataStream:localhost:32867|priority:0], old=null RUNNING
2022-07-04 07:12:42,372 [null-request--thread1] INFO  server.GrpcClientProtocolService (GrpcClientProtocolService.java:lambda$processClientRequest$0(284)) - Failed RaftClientRequest:client-6D946DA219F4->s0@group-B582808378DD, cid=483, seq=0, RW, Message:6d3937, reply=RaftClientReply:client-6D946DA219F4->s0@group-B582808378DD, cid=483, FAILED org.apache.ratis.protocol.exceptions.NotLeaderException: Server s0@group-B582808378DD is not the leader s1|rpc:localhost:35835|admin:localhost:38689|client:localhost:45855|dataStream:localhost:35069|priority:0, logIndex=0, commits[s0:c194, s1:c194, s2:c194]
2022-07-04 07:12:45,584 [null-request--thread1] INFO  server.GrpcClientProtocolService (GrpcClientProtocolService.java:lambda$processClientRequest$0(284)) - Failed RaftClientRequest:client-6D946DA219F4->s2@group-B582808378DD, cid=483, seq=0, RW, Message:6d3937, reply=RaftClientReply:client-6D946DA219F4->s2@group-B582808378DD, cid=483, FAILED org.apache.ratis.protocol.exceptions.NotLeaderException: Server s2@group-B582808378DD is not the leader s1|rpc:localhost:35835|admin:localhost:38689|client:localhost:45855|dataStream:localhost:35069|priority:0, logIndex=0, commits[s2:c194, s0:c194, s1:c194]
2022-07-04 07:12:48,801 [null-request--thread1] INFO  server.GrpcClientProtocolService (GrpcClientProtocolService.java:lambda$processClientRequest$0(284)) - Failed RaftClientRequest:client-6D946DA219F4->s2@group-B582808378DD, cid=483, seq=0, RW, Message:6d3937, reply=RaftClientReply:client-6D946DA219F4->s2@group-B582808378DD, cid=483, FAILED org.apache.ratis.protocol.exceptions.NotLeaderException: Server s2@group-B582808378DD is not the leader s1|rpc:localhost:35835|admin:localhost:38689|client:localhost:45855|dataStream:localhost:35069|priority:0, logIndex=0, commits[s2:c194, s0:c194, s1:c194]
2022-07-04 07:12:51,732 [Timer-3] INFO  impl.MiniRaftCluster (MiniRaftCluster.java:lambda$null$6(325)) - TIMED-PRINT: printing ALL groups
  s0:  RUNNING  FOLLOWER s0@group-B582808378DD:t1, leader=s1, voted=s1, raftlog=s0@group-B582808378DD-SegmentedRaftLog:OPENED:c194, conf=0: [s0|rpc:localhost:46829|admin:localhost:33081|client:localhost:38933|dataStream:localhost:36389|priority:0, s1|rpc:localhost:35835|admin:localhost:38689|client:localhost:45855|dataStream:localhost:35069|priority:0, s2|rpc:localhost:38547|admin:localhost:37085|client:localhost:34761|dataStream:localhost:32867|priority:0], old=null RUNNING
  s1:  RUNNING    LEADER s1@group-B582808378DD:t1, leader=s1, voted=s1, raftlog=s1@group-B582808378DD-SegmentedRaftLog:OPENED:c194, conf=0: [s0|rpc:localhost:46829|admin:localhost:33081|client:localhost:38933|dataStream:localhost:36389|priority:0, s1|rpc:localhost:35835|admin:localhost:38689|client:localhost:45855|dataStream:localhost:35069|priority:0, s2|rpc:localhost:38547|admin:localhost:37085|client:localhost:34761|dataStream:localhost:32867|priority:0], old=null RUNNING
  s2:  RUNNING  FOLLOWER s2@group-B582808378DD:t1, leader=s1, voted=s1, raftlog=s2@group-B582808378DD-SegmentedRaftLog:OPENED:c194, conf=0: [s0|rpc:localhost:46829|admin:localhost:33081|client:localhost:38933|dataStream:localhost:36389|priority:0, s1|rpc:localhost:35835|admin:localhost:38689|client:localhost:45855|dataStream:localhost:35069|priority:0, s2|rpc:localhost:38547|admin:localhost:37085|client:localhost:34761|dataStream:localhost:32867|priority:0], old=null RUNNING
2022-07-04 07:12:52,015 [null-request--thread1] INFO  server.GrpcClientProtocolService (GrpcClientProtocolService.java:lambda$processClientRequest$0(284)) - Failed RaftClientRequest:client-6D946DA219F4->s2@group-B582808378DD, cid=483, seq=0, RW, Message:6d3937, reply=RaftClientReply:client-6D946DA219F4->s2@group-B582808378DD, cid=483, FAILED org.apache.ratis.protocol.exceptions.NotLeaderException: Server s2@group-B582808378DD is not the leader s1|rpc:localhost:35835|admin:localhost:38689|client:localhost:45855|dataStream:localhost:35069|priority:0, logIndex=0, commits[s2:c194, s0:c194, s1:c194]
2022-07-04 07:12:55,223 [null-request--thread1] INFO  server.GrpcClientProtocolService (GrpcClientProtocolService.java:lambda$processClientRequest$0(284)) - Failed RaftClientRequest:client-6D946DA219F4->s2@group-B582808378DD, cid=483, seq=0, RW, Message:6d3937, reply=RaftClientReply:client-6D946DA219F4->s2@group-B582808378DD, cid=483, FAILED org.apache.ratis.protocol.exceptions.NotLeaderException: Server s2@group-B582808378DD is not the leader s1|rpc:localhost:35835|admin:localhost:38689|client:localhost:45855|dataStream:localhost:35069|priority:0, logIndex=0, commits[s2:c194, s0:c194, s1:c194]
2022-07-04 07:12:58,432 [null-request--thread1] INFO  server.GrpcClientProtocolService (GrpcClientProtocolService.java:lambda$processClientRequest$0(284)) - Failed RaftClientRequest:client-6D946DA219F4->s0@group-B582808378DD, cid=483, seq=0, RW, Message:6d3937, reply=RaftClientReply:client-6D946DA219F4->s0@group-B582808378DD, cid=483, FAILED org.apache.ratis.protocol.exceptions.NotLeaderException: Server s0@group-B582808378DD is not the leader s1|rpc:localhost:35835|admin:localhost:38689|client:localhost:45855|dataStream:localhost:35069|priority:0, logIndex=0, commits[s0:c194, s1:c194, s2:c194]
2022-07-04 07:13:01,640 [null-request--thread1] INFO  server.GrpcClientProtocolService (GrpcClientProtocolService.java:lambda$processClientRequest$0(284)) - Failed RaftClientRequest:client-6D946DA219F4->s0@group-B582808378DD, cid=483, seq=0, RW, Message:6d3937, reply=RaftClientReply:client-6D946DA219F4->s0@group-B582808378DD, cid=483, FAILED org.apache.ratis.protocol.exceptions.NotLeaderException: Server s0@group-B582808378DD is not the leader s1|rpc:localhost:35835|admin:localhost:38689|client:localhost:45855|dataStream:localhost:35069|priority:0, logIndex=0, commits[s0:c194, s1:c194, s2:c194]
2022-07-04 07:13:01,732 [Timer-3] INFO  impl.MiniRaftCluster (MiniRaftCluster.java:lambda$null$6(325)) - TIMED-PRINT: printing ALL groups
  s0:  RUNNING  FOLLOWER s0@group-B582808378DD:t1, leader=s1, voted=s1, raftlog=s0@group-B582808378DD-SegmentedRaftLog:OPENED:c194, conf=0: [s0|rpc:localhost:46829|admin:localhost:33081|client:localhost:38933|dataStream:localhost:36389|priority:0, s1|rpc:localhost:35835|admin:localhost:38689|client:localhost:45855|dataStream:localhost:35069|priority:0, s2|rpc:localhost:38547|admin:localhost:37085|client:localhost:34761|dataStream:localhost:32867|priority:0], old=null RUNNING
  s1:  RUNNING    LEADER s1@group-B582808378DD:t1, leader=s1, voted=s1, raftlog=s1@group-B582808378DD-SegmentedRaftLog:OPENED:c194, conf=0: [s0|rpc:localhost:46829|admin:localhost:33081|client:localhost:38933|dataStream:localhost:36389|priority:0, s1|rpc:localhost:35835|admin:localhost:38689|client:localhost:45855|dataStream:localhost:35069|priority:0, s2|rpc:localhost:38547|admin:localhost:37085|client:localhost:34761|dataStream:localhost:32867|priority:0], old=null RUNNING
  s2:  RUNNING  FOLLOWER s2@group-B582808378DD:t1, leader=s1, voted=s1, raftlog=s2@group-B582808378DD-SegmentedRaftLog:OPENED:c194, conf=0: [s0|rpc:localhost:46829|admin:localhost:33081|client:localhost:38933|dataStream:localhost:36389|priority:0, s1|rpc:localhost:35835|admin:localhost:38689|client:localhost:45855|dataStream:localhost:35069|priority:0, s2|rpc:localhost:38547|admin:localhost:37085|client:localhost:34761|dataStream:localhost:32867|priority:0], old=null RUNNING
2022-07-04 07:13:04,849 [null-request--thread1] INFO  server.GrpcClientProtocolService (GrpcClientProtocolService.java:lambda$processClientRequest$0(284)) - Failed RaftClientRequest:client-6D946DA219F4->s2@group-B582808378DD, cid=483, seq=0, RW, Message:6d3937, reply=RaftClientReply:client-6D946DA219F4->s2@group-B582808378DD, cid=483, FAILED org.apache.ratis.protocol.exceptions.NotLeaderException: Server s2@group-B582808378DD is not the leader s1|rpc:localhost:35835|admin:localhost:38689|client:localhost:45855|dataStream:localhost:35069|priority:0, logIndex=0, commits[s2:c194, s0:c194, s1:c194]
2022-07-04 07:13:08,058 [null-request--thread1] INFO  server.GrpcClientProtocolService (GrpcClientProtocolService.java:lambda$processClientRequest$0(284)) - Failed RaftClientRequest:client-6D946DA219F4->s2@group-B582808378DD, cid=483, seq=0, RW, Message:6d3937, reply=RaftClientReply:client-6D946DA219F4->s2@group-B582808378DD, cid=483, FAILED org.apache.ratis.protocol.exceptions.NotLeaderException: Server s2@group-B582808378DD is not the leader s1|rpc:localhost:35835|admin:localhost:38689|client:localhost:45855|dataStream:localhost:35069|priority:0, logIndex=0, commits[s2:c194, s0:c194, s1:c194]
2022-07-04 07:13:11,267 [null-request--thread1] INFO  server.GrpcClientProtocolService (GrpcClientProtocolService.java:lambda$processClientRequest$0(284)) - Failed RaftClientRequest:client-6D946DA219F4->s2@group-B582808378DD, cid=483, seq=0, RW, Message:6d3937, reply=RaftClientReply:client-6D946DA219F4->s2@group-B582808378DD, cid=483, FAILED org.apache.ratis.protocol.exceptions.NotLeaderException: Server s2@group-B582808378DD is not the leader s1|rpc:localhost:35835|admin:localhost:38689|client:localhost:45855|dataStream:localhost:35069|priority:0, logIndex=0, commits[s2:c194, s0:c194, s1:c194]
2022-07-04 07:13:11,732 [Timer-3] INFO  impl.MiniRaftCluster (MiniRaftCluster.java:lambda$null$6(325)) - TIMED-PRINT: printing ALL groups
  s0:  RUNNING  FOLLOWER s0@group-B582808378DD:t1, leader=s1, voted=s1, raftlog=s0@group-B582808378DD-SegmentedRaftLog:OPENED:c194, conf=0: [s0|rpc:localhost:46829|admin:localhost:33081|client:localhost:38933|dataStream:localhost:36389|priority:0, s1|rpc:localhost:35835|admin:localhost:38689|client:localhost:45855|dataStream:localhost:35069|priority:0, s2|rpc:localhost:38547|admin:localhost:37085|client:localhost:34761|dataStream:localhost:32867|priority:0], old=null RUNNING
  s1:  RUNNING    LEADER s1@group-B582808378DD:t1, leader=s1, voted=s1, raftlog=s1@group-B582808378DD-SegmentedRaftLog:OPENED:c194, conf=0: [s0|rpc:localhost:46829|admin:localhost:33081|client:localhost:38933|dataStream:localhost:36389|priority:0, s1|rpc:localhost:35835|admin:localhost:38689|client:localhost:45855|dataStream:localhost:35069|priority:0, s2|rpc:localhost:38547|admin:localhost:37085|client:localhost:34761|dataStream:localhost:32867|priority:0], old=null RUNNING
  s2:  RUNNING  FOLLOWER s2@group-B582808378DD:t1, leader=s1, voted=s1, raftlog=s2@group-B582808378DD-SegmentedRaftLog:OPENED:c194, conf=0: [s0|rpc:localhost:46829|admin:localhost:33081|client:localhost:38933|dataStream:localhost:36389|priority:0, s1|rpc:localhost:35835|admin:localhost:38689|client:localhost:45855|dataStream:localhost:35069|priority:0, s2|rpc:localhost:38547|admin:localhost:37085|client:localhost:34761|dataStream:localhost:32867|priority:0], old=null RUNNING
2022-07-04 07:13:14,477 [null-request--thread1] INFO  server.GrpcClientProtocolService (GrpcClientProtocolService.java:lambda$processClientRequest$0(284)) - Failed RaftClientRequest:client-6D946DA219F4->s0@group-B582808378DD, cid=483, seq=0, RW, Message:6d3937, reply=RaftClientReply:client-6D946DA219F4->s0@group-B582808378DD, cid=483, FAILED org.apache.ratis.protocol.exceptions.NotLeaderException: Server s0@group-B582808378DD is not the leader s1|rpc:localhost:35835|admin:localhost:38689|client:localhost:45855|dataStream:localhost:35069|priority:0, logIndex=0, commits[s0:c194, s1:c194, s2:c194]
2022-07-04 07:13:17,686 [null-request--thread1] INFO  server.GrpcClientProtocolService (GrpcClientProtocolService.java:lambda$processClientRequest$0(284)) - Failed RaftClientRequest:client-6D946DA219F4->s0@group-B582808378DD, cid=483, seq=0, RW, Message:6d3937, reply=RaftClientReply:client-6D946DA219F4->s0@group-B582808378DD, cid=483, FAILED org.apache.ratis.protocol.exceptions.NotLeaderException: Server s0@group-B582808378DD is not the leader s1|rpc:localhost:35835|admin:localhost:38689|client:localhost:45855|dataStream:localhost:35069|priority:0, logIndex=0, commits[s0:c194, s1:c194, s2:c194]
2022-07-04 07:13:20,896 [null-request--thread1] INFO  server.GrpcClientProtocolService (GrpcClientProtocolService.java:lambda$processClientRequest$0(284)) - Failed RaftClientRequest:client-6D946DA219F4->s2@group-B582808378DD, cid=483, seq=0, RW, Message:6d3937, reply=RaftClientReply:client-6D946DA219F4->s2@group-B582808378DD, cid=483, FAILED org.apache.ratis.protocol.exceptions.NotLeaderException: Server s2@group-B582808378DD is not the leader s1|rpc:localhost:35835|admin:localhost:38689|client:localhost:45855|dataStream:localhost:35069|priority:0, logIndex=0, commits[s2:c194, s0:c194, s1:c194]
2022-07-04 07:13:21,732 [Timer-3] INFO  impl.MiniRaftCluster (MiniRaftCluster.java:lambda$null$6(325)) - TIMED-PRINT: printing ALL groups
  s0:  RUNNING  FOLLOWER s0@group-B582808378DD:t1, leader=s1, voted=s1, raftlog=s0@group-B582808378DD-SegmentedRaftLog:OPENED:c194, conf=0: [s0|rpc:localhost:46829|admin:localhost:33081|client:localhost:38933|dataStream:localhost:36389|priority:0, s1|rpc:localhost:35835|admin:localhost:38689|client:localhost:45855|dataStream:localhost:35069|priority:0, s2|rpc:localhost:38547|admin:localhost:37085|client:localhost:34761|dataStream:localhost:32867|priority:0], old=null RUNNING
  s1:  RUNNING    LEADER s1@group-B582808378DD:t1, leader=s1, voted=s1, raftlog=s1@group-B582808378DD-SegmentedRaftLog:OPENED:c194, conf=0: [s0|rpc:localhost:46829|admin:localhost:33081|client:localhost:38933|dataStream:localhost:36389|priority:0, s1|rpc:localhost:35835|admin:localhost:38689|client:localhost:45855|dataStream:localhost:35069|priority:0, s2|rpc:localhost:38547|admin:localhost:37085|client:localhost:34761|dataStream:localhost:32867|priority:0], old=null RUNNING
  s2:  RUNNING  FOLLOWER s2@group-B582808378DD:t1, leader=s1, voted=s1, raftlog=s2@group-B582808378DD-SegmentedRaftLog:OPENED:c194, conf=0: [s0|rpc:localhost:46829|admin:localhost:33081|client:localhost:38933|dataStream:localhost:36389|priority:0, s1|rpc:localhost:35835|admin:localhost:38689|client:localhost:45855|dataStream:localhost:35069|priority:0, s2|rpc:localhost:38547|admin:localhost:37085|client:localhost:34761|dataStream:localhost:32867|priority:0], old=null RUNNING
2022-07-04 07:13:24,106 [null-request--thread1] INFO  server.GrpcClientProtocolService (GrpcClientProtocolService.java:lambda$processClientRequest$0(284)) - Failed RaftClientRequest:client-6D946DA219F4->s0@group-B582808378DD, cid=483, seq=0, RW, Message:6d3937, reply=RaftClientReply:client-6D946DA219F4->s0@group-B582808378DD, cid=483, FAILED org.apache.ratis.protocol.exceptions.NotLeaderException: Server s0@group-B582808378DD is not the leader s1|rpc:localhost:35835|admin:localhost:38689|client:localhost:45855|dataStream:localhost:35069|priority:0, logIndex=0, commits[s0:c194, s1:c194, s2:c194]
2022-07-04 07:13:27,316 [null-request--thread1] INFO  server.GrpcClientProtocolService (GrpcClientProtocolService.java:lambda$processClientRequest$0(284)) - Failed RaftClientRequest:client-6D946DA219F4->s0@group-B582808378DD, cid=483, seq=0, RW, Message:6d3937, reply=RaftClientReply:client-6D946DA219F4->s0@group-B582808378DD, cid=483, FAILED org.apache.ratis.protocol.exceptions.NotLeaderException: Server s0@group-B582808378DD is not the leader s1|rpc:localhost:35835|admin:localhost:38689|client:localhost:45855|dataStream:localhost:35069|priority:0, logIndex=0, commits[s0:c194, s1:c194, s2:c194]
2022-07-04 07:13:30,525 [null-request--thread1] INFO  server.GrpcClientProtocolService (GrpcClientProtocolService.java:lambda$processClientRequest$0(284)) - Failed RaftClientRequest:client-6D946DA219F4->s0@group-B582808378DD, cid=483, seq=0, RW, Message:6d3937, reply=RaftClientReply:client-6D946DA219F4->s0@group-B582808378DD, cid=483, FAILED org.apache.ratis.protocol.exceptions.NotLeaderException: Server s0@group-B582808378DD is not the leader s1|rpc:localhost:35835|admin:localhost:38689|client:localhost:45855|dataStream:localhost:35069|priority:0, logIndex=0, commits[s0:c194, s1:c194, s2:c194]
2022-07-04 07:13:31,733 [Timer-3] INFO  impl.MiniRaftCluster (MiniRaftCluster.java:lambda$null$6(325)) - TIMED-PRINT: printing ALL groups
  s0:  RUNNING  FOLLOWER s0@group-B582808378DD:t1, leader=s1, voted=s1, raftlog=s0@group-B582808378DD-SegmentedRaftLog:OPENED:c194, conf=0: [s0|rpc:localhost:46829|admin:localhost:33081|client:localhost:38933|dataStream:localhost:36389|priority:0, s1|rpc:localhost:35835|admin:localhost:38689|client:localhost:45855|dataStream:localhost:35069|priority:0, s2|rpc:localhost:38547|admin:localhost:37085|client:localhost:34761|dataStream:localhost:32867|priority:0], old=null RUNNING
  s1:  RUNNING    LEADER s1@group-B582808378DD:t1, leader=s1, voted=s1, raftlog=s1@group-B582808378DD-SegmentedRaftLog:OPENED:c194, conf=0: [s0|rpc:localhost:46829|admin:localhost:33081|client:localhost:38933|dataStream:localhost:36389|priority:0, s1|rpc:localhost:35835|admin:localhost:38689|client:localhost:45855|dataStream:localhost:35069|priority:0, s2|rpc:localhost:38547|admin:localhost:37085|client:localhost:34761|dataStream:localhost:32867|priority:0], old=null RUNNING
  s2:  RUNNING  FOLLOWER s2@group-B582808378DD:t1, leader=s1, voted=s1, raftlog=s2@group-B582808378DD-SegmentedRaftLog:OPENED:c194, conf=0: [s0|rpc:localhost:46829|admin:localhost:33081|client:localhost:38933|dataStream:localhost:36389|priority:0, s1|rpc:localhost:35835|admin:localhost:38689|client:localhost:45855|dataStream:localhost:35069|priority:0, s2|rpc:localhost:38547|admin:localhost:37085|client:localhost:34761|dataStream:localhost:32867|priority:0], old=null RUNNING
2022-07-04 07:13:33,734 [null-request--thread1] INFO  server.GrpcClientProtocolService (GrpcClientProtocolService.java:lambda$processClientRequest$0(284)) - Failed RaftClientRequest:client-6D946DA219F4->s2@group-B582808378DD, cid=483, seq=0, RW, Message:6d3937, reply=RaftClientReply:client-6D946DA219F4->s2@group-B582808378DD, cid=483, FAILED org.apache.ratis.protocol.exceptions.NotLeaderException: Server s2@group-B582808378DD is not the leader s1|rpc:localhost:35835|admin:localhost:38689|client:localhost:45855|dataStream:localhost:35069|priority:0, logIndex=0, commits[s2:c194, s0:c194, s1:c194]
2022-07-04 07:13:33,845 [s0-server-thread1] DEBUG raftlog.RaftLog (SegmentedRaftLog.java:appendImpl(447)) - truncateIndex=-1, arrayIndex=0
2022-07-04 07:13:33,845 [s2-server-thread1] DEBUG raftlog.RaftLog (SegmentedRaftLog.java:appendImpl(447)) - truncateIndex=-1, arrayIndex=0
2022-07-04 07:13:33,847 [s1@group-B582808378DD-StateMachineUpdater] INFO  statemachine.SimpleStateMachine4Testing (SimpleStateMachine4Testing.java:put(204)) - s1: put 195, m97 -> (t:1, i:195), STATEMACHINELOGENTRY, 483@client-6D946DA219F4
2022-07-04 07:13:33,848 [s0-server-thread1] DEBUG raftlog.RaftLog (SegmentedRaftLog.java:appendImpl(447)) - truncateIndex=-1, arrayIndex=0
2022-07-04 07:13:33,848 [s2-server-thread1] DEBUG raftlog.RaftLog (SegmentedRaftLog.java:appendImpl(447)) - truncateIndex=-1, arrayIndex=0
2022-07-04 07:13:33,849 [s1@group-B582808378DD-StateMachineUpdater] INFO  statemachine.SimpleStateMachine4Testing (SimpleStateMachine4Testing.java:put(204)) - s1: put 196, m97 -> (t:1, i:196), STATEMACHINELOGENTRY, 483@client-6D946DA219F4
2022-07-04 07:13:33,849 [s0-server-thread1] DEBUG raftlog.RaftLog (SegmentedRaftLog.java:appendImpl(447)) - truncateIndex=-1, arrayIndex=0
2022-07-04 07:13:33,849 [s1@group-B582808378DD-StateMachineUpdater] ERROR impl.StateMachineUpdater (StateMachineUpdater.java:run(194)) - s1@group-B582808378DD-StateMachineUpdater caught a Throwable.
org.apache.ratis.server.raftlog.RaftLogIOException: java.lang.IllegalStateException: retry cache entry should be pending: 483@client-6D946DA219F4:done
	at org.apache.ratis.server.impl.RaftServerImpl.applyLogToStateMachine(RaftServerImpl.java:1596)
	at org.apache.ratis.server.impl.StateMachineUpdater.applyLog(StateMachineUpdater.java:239)
	at org.apache.ratis.server.impl.StateMachineUpdater.run(StateMachineUpdater.java:182)
	at java.lang.Thread.run(Thread.java:750)
Caused by: java.lang.IllegalStateException: retry cache entry should be pending: 483@client-6D946DA219F4:done
	at org.apache.ratis.util.Preconditions.assertTrue(Preconditions.java:60)
	at org.apache.ratis.server.impl.RaftServerImpl.replyPendingRequest(RaftServerImpl.java:1543)
	at org.apache.ratis.server.impl.RaftServerImpl.applyLogToStateMachine(RaftServerImpl.java:1594)
	... 3 more
2022-07-04 07:13:33,849 [s2-server-thread1] DEBUG raftlog.RaftLog (SegmentedRaftLog.java:appendImpl(447)) - truncateIndex=-1, arrayIndex=0
2022-07-04 07:13:33,849 [s1@group-B582808378DD-StateMachineUpdater] INFO  server.RaftServer$Division (RaftServerImpl.java:lambda$close$4(434)) - s1@group-B582808378DD: shutdown
2022-07-04 07:13:33,849 [s1@group-B582808378DD-StateMachineUpdater] INFO  util.JmxRegister (JmxRegister.java:unregister(73)) - Successfully un-registered JMX Bean with object name Ratis:service=RaftServer,group=group-B582808378DD,id=s1
2022-07-04 07:13:33,849 [s1@group-B582808378DD-StateMachineUpdater] INFO  impl.RoleInfo (RoleInfo.java:shutdownLeaderState(93)) - s1: shutdown s1@group-B582808378DD-LeaderStateImpl
2022-07-04 07:13:33,850 [s2@group-B582808378DD-StateMachineUpdater] INFO  statemachine.SimpleStateMachine4Testing (SimpleStateMachine4Testing.java:put(204)) - s2: put 195, m97 -> (t:1, i:195), STATEMACHINELOGENTRY, 483@client-6D946DA219F4
2022-07-04 07:13:33,851 [s2@group-B582808378DD-StateMachineUpdater] INFO  statemachine.SimpleStateMachine4Testing (SimpleStateMachine4Testing.java:put(204)) - s2: put 196, m97 -> (t:1, i:196), STATEMACHINELOGENTRY, 483@client-6D946DA219F4
2022-07-04 07:13:33,852 [s1@group-B582808378DD-StateMachineUpdater] INFO  impl.PendingRequests (PendingRequests.java:sendNotLeaderResponses(282)) - s1@group-B582808378DD-PendingRequests: sendNotLeaderResponses
2022-07-04 07:13:33,852 [s1@group-B582808378DD->s2-GrpcLogAppender-LogAppenderDaemon] WARN  server.GrpcLogAppender (GrpcLogAppender.java:mayWait(172)) - s1@group-B582808378DD->s2-GrpcLogAppender: Wait interrupted by java.lang.InterruptedException
2022-07-04 07:13:33,853 [s0@group-B582808378DD-StateMachineUpdater] INFO  statemachine.SimpleStateMachine4Testing (SimpleStateMachine4Testing.java:put(204)) - s0: put 195, m97 -> (t:1, i:195), STATEMACHINELOGENTRY, 483@client-6D946DA219F4
2022-07-04 07:13:33,854 [grpc-default-executor-5] INFO  server.GrpcServerProtocolService (GrpcServerProtocolService.java:onCompleted(140)) - s0: Completed APPEND_ENTRIES, lastRequest: s1->s0#1273-t1,previous=(t:1, i:197),leaderCommit=196,initializing? true,entries: size=1, first=(t:1, i:198), METADATAENTRY(c:196)
2022-07-04 07:13:33,854 [grpc-default-executor-4] INFO  server.GrpcServerProtocolService (GrpcServerProtocolService.java:onCompleted(140)) - s2: Completed APPEND_ENTRIES, lastRequest: s1->s2#1256-t1,previous=(t:1, i:197),leaderCommit=196,initializing? true,entries: size=1, first=(t:1, i:198), METADATAENTRY(c:196)
2022-07-04 07:13:33,854 [s0@group-B582808378DD-StateMachineUpdater] INFO  statemachine.SimpleStateMachine4Testing (SimpleStateMachine4Testing.java:put(204)) - s0: put 196, m97 -> (t:1, i:196), STATEMACHINELOGENTRY, 483@client-6D946DA219F4
2022-07-04 07:13:33,854 [grpc-default-executor-4] INFO  server.GrpcLogAppender (GrpcLogAppender.java:onCompleted(340)) - s1@group-B582808378DD->s0-AppendLogResponseHandler: follower responses appendEntries COMPLETED
2022-07-04 07:13:33,854 [grpc-default-executor-4] INFO  leader.FollowerInfo (FollowerInfoImpl.java:lambda$new$0(48)) - s1@group-B582808378DD->s0: nextIndex: updateUnconditionally 199 -> 198
2022-07-04 07:13:33,854 [s1@group-B582808378DD-StateMachineUpdater] INFO  server.RaftServer$Division (ServerState.java:close(433)) - s1@group-B582808378DD: closes. applyIndex: 196
2022-07-04 07:13:33,854 [grpc-default-executor-5] INFO  server.GrpcLogAppender (GrpcLogAppender.java:onCompleted(340)) - s1@group-B582808378DD->s2-AppendLogResponseHandler: follower responses appendEntries COMPLETED
2022-07-04 07:13:33,854 [grpc-default-executor-5] INFO  leader.FollowerInfo (FollowerInfoImpl.java:lambda$new$0(48)) - s1@group-B582808378DD->s2: nextIndex: updateUnconditionally 199 -> 198
2022-07-04 07:13:33,854 [s1@group-B582808378DD-SegmentedRaftLogWorker] INFO  segmented.SegmentedRaftLogWorker (SegmentedRaftLogWorker.java:run(336)) - s1@group-B582808378DD-SegmentedRaftLogWorker was interrupted, exiting. There are 0 tasks remaining in the queue.
2022-07-04 07:13:33,855 [s1@group-B582808378DD-StateMachineUpdater] INFO  segmented.SegmentedRaftLogWorker (SegmentedRaftLogWorker.java:close(246)) - s1@group-B582808378DD-SegmentedRaftLogWorker close()
2022-07-04 07:13:33,865 [null-request--thread2] INFO  server.GrpcClientProtocolService (GrpcClientProtocolService.java:lambda$processClientRequest$0(284)) - Failed RaftClientRequest:client-6D946DA219F4->s1@group-B582808378DD, cid=483, seq=0, RW, Message:6d3937, reply=RaftClientReply:client-6D946DA219F4->s1@group-B582808378DD, cid=483, FAILED org.apache.ratis.protocol.exceptions.NotLeaderException: Server s1@group-B582808378DD is not the leader, logIndex=0, commits[s1:c196]
2022-07-04 07:13:33,971 [null-request--thread1] INFO  server.GrpcClientProtocolService (GrpcClientProtocolService.java:lambda$processClientRequest$0(284)) - Failed RaftClientRequest:client-6D946DA219F4->s2@group-B582808378DD, cid=483, seq=0, RW, Message:6d3937, reply=RaftClientReply:client-6D946DA219F4->s2@group-B582808378DD, cid=483, FAILED org.apache.ratis.protocol.exceptions.NotLeaderException: Server s2@group-B582808378DD is not the leader s1|rpc:localhost:35835|admin:localhost:38689|client:localhost:45855|dataStream:localhost:35069|priority:0, logIndex=0, commits[s2:c196, s0:c194, s1:c196]
2022-07-04 07:13:34,052 [s0@group-B582808378DD-FollowerState] INFO  impl.FollowerState (FollowerState.java:run(143)) - s0@group-B582808378DD-FollowerState: change to CANDIDATE, lastRpcElapsedTime:198140281ns, electionTimeout:189ms
2022-07-04 07:13:34,052 [s0@group-B582808378DD-FollowerState] INFO  impl.RoleInfo (RoleInfo.java:shutdownFollowerState(110)) - s0: shutdown s0@group-B582808378DD-FollowerState
2022-07-04 07:13:34,052 [s0@group-B582808378DD-FollowerState] INFO  server.RaftServer$Division (RaftServerImpl.java:setRole(299)) - s0@group-B582808378DD: changes role from  FOLLOWER to CANDIDATE at term 1 for changeToCandidate
2022-07-04 07:13:34,052 [s0@group-B582808378DD-FollowerState] INFO  server.RaftServerConfigKeys (ConfUtils.java:logGet(46)) - raft.server.leaderelection.pre-vote = true (default)
2022-07-04 07:13:34,052 [s0@group-B582808378DD-FollowerState] INFO  impl.RoleInfo (RoleInfo.java:updateAndGet(139)) - s0: start s0@group-B582808378DD-LeaderElection9
2022-07-04 07:13:34,053 [s0@group-B582808378DD-LeaderElection9] INFO  server.RaftServer$Division (ServerState.java:setLeader(291)) - s0@group-B582808378DD: change Leader from s1 to null at term 1 for PRE_VOTE
2022-07-04 07:13:34,053 [s0@group-B582808378DD-LeaderElection9] INFO  impl.LeaderElection (LeaderElection.java:askForVotes(310)) - s0@group-B582808378DD-LeaderElection9 PRE_VOTE round 0: submit vote requests at term 1 for 0: [s0|rpc:localhost:46829|admin:localhost:33081|client:localhost:38933|dataStream:localhost:36389|priority:0, s1|rpc:localhost:35835|admin:localhost:38689|client:localhost:45855|dataStream:localhost:35069|priority:0, s2|rpc:localhost:38547|admin:localhost:37085|client:localhost:34761|dataStream:localhost:32867|priority:0], old=null
2022-07-04 07:13:34,057 [grpc-default-executor-4] INFO  server.RaftServer$Division (RaftServerImpl.java:requestVote(1152)) - s1@group-B582808378DD: receive requestVote(PRE_VOTE, s0, group-B582808378DD, 1, (t:1, i:198))
2022-07-04 07:13:34,058 [grpc-default-executor-4] WARN  server.GrpcServerProtocolService (LogUtils.java:warn(122)) - s1: Failed requestVote s0->s1#0: org.apache.ratis.protocol.exceptions.ServerNotReadyException: s1@group-B582808378DD is not in [RUNNING]: current state is CLOSED
2022-07-04 07:13:34,065 [s0@group-B582808378DD-LeaderElection9] INFO  impl.LeaderElection (LogUtils.java:infoOrTrace(137)) - s0@group-B582808378DD-LeaderElection9 got exception when requesting votes: java.util.concurrent.ExecutionException: org.apache.ratis.thirdparty.io.grpc.StatusRuntimeException: INTERNAL: s1@group-B582808378DD is not in [RUNNING]: current state is CLOSED
2022-07-04 07:13:34,073 [grpc-default-executor-4] INFO  server.RaftServer$Division (RaftServerImpl.java:requestVote(1152)) - s2@group-B582808378DD: receive requestVote(PRE_VOTE, s0, group-B582808378DD, 1, (t:1, i:198))
2022-07-04 07:13:34,073 [grpc-default-executor-4] INFO  impl.VoteContext (VoteContext.java:log(48)) - s2@group-B582808378DD-FOLLOWER: accept PRE_VOTE from s0: our priority 0 <= candidate's priority 0
2022-07-04 07:13:34,073 [grpc-default-executor-4] INFO  server.RaftServer$Division (RaftServerImpl.java:requestVote(1184)) - s2@group-B582808378DD replies to PRE_VOTE vote request: s0<-s2#0:OK-t1. Peer's state: s2@group-B582808378DD:t1, leader=s1, voted=s1, raftlog=s2@group-B582808378DD-SegmentedRaftLog:OPENED:c196, conf=0: [s0|rpc:localhost:46829|admin:localhost:33081|client:localhost:38933|dataStream:localhost:36389|priority:0, s1|rpc:localhost:35835|admin:localhost:38689|client:localhost:45855|dataStream:localhost:35069|priority:0, s2|rpc:localhost:38547|admin:localhost:37085|client:localhost:34761|dataStream:localhost:32867|priority:0], old=null
2022-07-04 07:13:34,077 [s0@group-B582808378DD-LeaderElection9] INFO  impl.LeaderElection (LeaderElection.java:logAndReturn(90)) - s0@group-B582808378DD-LeaderElection9: PRE_VOTE PASSED received 1 response(s) and 1 exception(s):
2022-07-04 07:13:34,077 [s0@group-B582808378DD-LeaderElection9] INFO  impl.LeaderElection (LeaderElection.java:logAndReturn(94)) -   Response 0: s0<-s2#0:OK-t1
2022-07-04 07:13:34,077 [s0@group-B582808378DD-LeaderElection9] INFO  impl.LeaderElection (LogUtils.java:infoOrTrace(137)) -   Exception 1: java.util.concurrent.ExecutionException: org.apache.ratis.thirdparty.io.grpc.StatusRuntimeException: INTERNAL: s1@group-B582808378DD is not in [RUNNING]: current state is CLOSED
2022-07-04 07:13:34,077 [s0@group-B582808378DD-LeaderElection9] INFO  impl.LeaderElection (LeaderElection.java:askForVotes(312)) - s0@group-B582808378DD-LeaderElection9 PRE_VOTE round 0: result PASSED
2022-07-04 07:13:34,079 [s0@group-B582808378DD-LeaderElection9] INFO  impl.LeaderElection (LeaderElection.java:askForVotes(310)) - s0@group-B582808378DD-LeaderElection9 ELECTION round 0: submit vote requests at term 2 for 0: [s0|rpc:localhost:46829|admin:localhost:33081|client:localhost:38933|dataStream:localhost:36389|priority:0, s1|rpc:localhost:35835|admin:localhost:38689|client:localhost:45855|dataStream:localhost:35069|priority:0, s2|rpc:localhost:38547|admin:localhost:37085|client:localhost:34761|dataStream:localhost:32867|priority:0], old=null
2022-07-04 07:13:34,082 [grpc-default-executor-4] INFO  server.RaftServer$Division (RaftServerImpl.java:requestVote(1152)) - s1@group-B582808378DD: receive requestVote(ELECTION, s0, group-B582808378DD, 2, (t:1, i:198))
2022-07-04 07:13:34,082 [grpc-default-executor-4] WARN  server.GrpcServerProtocolService (LogUtils.java:warn(122)) - s1: Failed requestVote s0->s1#0: org.apache.ratis.protocol.exceptions.ServerNotReadyException: s1@group-B582808378DD is not in [RUNNING]: current state is CLOSED
2022-07-04 07:13:34,091 [s0@group-B582808378DD-LeaderElection9] INFO  impl.LeaderElection (LogUtils.java:infoOrTrace(137)) - s0@group-B582808378DD-LeaderElection9 got exception when requesting votes: java.util.concurrent.ExecutionException: org.apache.ratis.thirdparty.io.grpc.StatusRuntimeException: INTERNAL: s1@group-B582808378DD is not in [RUNNING]: current state is CLOSED
2022-07-04 07:13:34,091 [grpc-default-executor-5] INFO  server.RaftServer$Division (RaftServerImpl.java:requestVote(1152)) - s2@group-B582808378DD: receive requestVote(ELECTION, s0, group-B582808378DD, 2, (t:1, i:198))
2022-07-04 07:13:34,091 [grpc-default-executor-5] INFO  impl.VoteContext (VoteContext.java:log(48)) - s2@group-B582808378DD-FOLLOWER: accept ELECTION from s0: our priority 0 <= candidate's priority 0
2022-07-04 07:13:34,091 [grpc-default-executor-5] INFO  server.RaftServer$Division (ServerState.java:setLeader(291)) - s2@group-B582808378DD: change Leader from s1 to null at term 2 for updateCurrentTerm
2022-07-04 07:13:34,091 [grpc-default-executor-5] INFO  server.RaftServer$Division (RaftServerImpl.java:setRole(299)) - s2@group-B582808378DD: changes role from  FOLLOWER to FOLLOWER at term 2 for candidate:s0
2022-07-04 07:13:34,091 [grpc-default-executor-5] INFO  impl.RoleInfo (RoleInfo.java:shutdownFollowerState(110)) - s2: shutdown s2@group-B582808378DD-FollowerState
2022-07-04 07:13:34,091 [grpc-default-executor-5] INFO  impl.RoleInfo (RoleInfo.java:updateAndGet(139)) - s2: start s2@group-B582808378DD-FollowerState
2022-07-04 07:13:34,091 [s2@group-B582808378DD-FollowerState] INFO  impl.FollowerState (FollowerState.java:run(152)) - s2@group-B582808378DD-FollowerState was interrupted
2022-07-04 07:13:34,096 [grpc-default-executor-5] INFO  server.RaftServer$Division (RaftServerImpl.java:requestVote(1184)) - s2@group-B582808378DD replies to ELECTION vote request: s0<-s2#0:OK-t2. Peer's state: s2@group-B582808378DD:t2, leader=null, voted=s0, raftlog=s2@group-B582808378DD-SegmentedRaftLog:OPENED:c196, conf=0: [s0|rpc:localhost:46829|admin:localhost:33081|client:localhost:38933|dataStream:localhost:36389|priority:0, s1|rpc:localhost:35835|admin:localhost:38689|client:localhost:45855|dataStream:localhost:35069|priority:0, s2|rpc:localhost:38547|admin:localhost:37085|client:localhost:34761|dataStream:localhost:32867|priority:0], old=null
2022-07-04 07:13:34,097 [s0@group-B582808378DD-LeaderElection9] INFO  impl.LeaderElection (LeaderElection.java:logAndReturn(90)) - s0@group-B582808378DD-LeaderElection9: ELECTION PASSED received 1 response(s) and 1 exception(s):
2022-07-04 07:13:34,097 [s0@group-B582808378DD-LeaderElection9] INFO  impl.LeaderElection (LeaderElection.java:logAndReturn(94)) -   Response 0: s0<-s2#0:OK-t2
2022-07-04 07:13:34,097 [s0@group-B582808378DD-LeaderElection9] INFO  impl.LeaderElection (LogUtils.java:infoOrTrace(137)) -   Exception 1: java.util.concurrent.ExecutionException: org.apache.ratis.thirdparty.io.grpc.StatusRuntimeException: INTERNAL: s1@group-B582808378DD is not in [RUNNING]: current state is CLOSED
2022-07-04 07:13:34,097 [s0@group-B582808378DD-LeaderElection9] INFO  impl.LeaderElection (LeaderElection.java:askForVotes(312)) - s0@group-B582808378DD-LeaderElection9 ELECTION round 0: result PASSED
2022-07-04 07:13:34,097 [s0@group-B582808378DD-LeaderElection9] INFO  impl.RoleInfo (RoleInfo.java:shutdownLeaderElection(130)) - s0: shutdown s0@group-B582808378DD-LeaderElection9
2022-07-04 07:13:34,097 [s0@group-B582808378DD-LeaderElection9] INFO  server.RaftServer$Division (RaftServerImpl.java:setRole(299)) - s0@group-B582808378DD: changes role from CANDIDATE to LEADER at term 2 for changeToLeader
2022-07-04 07:13:34,097 [s0@group-B582808378DD-LeaderElection9] INFO  server.RaftServer$Division (ServerState.java:setLeader(291)) - s0@group-B582808378DD: change Leader from null to s0 at term 2 for becomeLeader, leader elected after 43ms
2022-07-04 07:13:34,097 [s0@group-B582808378DD-LeaderElection9] INFO  server.RaftServerConfigKeys (ConfUtils.java:logGet(46)) - raft.server.staging.catchup.gap = 1000 (default)
2022-07-04 07:13:34,097 [s0@group-B582808378DD-LeaderElection9] INFO  server.RaftServerConfigKeys (ConfUtils.java:logGet(46)) - raft.server.write.element-limit = 4096 (default)
2022-07-04 07:13:34,097 [s0@group-B582808378DD-LeaderElection9] INFO  server.RaftServerConfigKeys (ConfUtils.java:logGet(46)) - raft.server.write.byte-limit = 64MB (=67108864) (default)
2022-07-04 07:13:34,097 [s0@group-B582808378DD-LeaderElection9] INFO  server.RaftServerConfigKeys (ConfUtils.java:logGet(46)) - raft.server.watch.timeout = 10s (default)
2022-07-04 07:13:34,097 [s0@group-B582808378DD-LeaderElection9] INFO  server.RaftServerConfigKeys (ConfUtils.java:logGet(46)) - raft.server.watch.timeout.denomination = 1s (default)
2022-07-04 07:13:34,097 [s0@group-B582808378DD-LeaderElection9] INFO  server.RaftServerConfigKeys (ConfUtils.java:logGet(46)) - raft.server.watch.element-limit = 65536 (default)
2022-07-04 07:13:34,097 [s0@group-B582808378DD-LeaderElection9] INFO  server.RaftServerConfigKeys (ConfUtils.java:logGet(46)) - raft.server.write.element-limit = 4096 (default)
2022-07-04 07:13:34,097 [s0@group-B582808378DD-LeaderElection9] INFO  server.RaftServerConfigKeys (ConfUtils.java:logGet(46)) - raft.server.write.follower.gap.ratio.max = -1.0 (default)
2022-07-04 07:13:34,098 [s0@group-B582808378DD-LeaderElection9] INFO  server.RaftServerConfigKeys (ConfUtils.java:logGet(46)) - raft.server.log.appender.snapshot.chunk.size.max = 16MB (=16777216) (default)
2022-07-04 07:13:34,098 [s0@group-B582808378DD-LeaderElection9] INFO  server.RaftServerConfigKeys (ConfUtils.java:logGet(46)) - raft.server.log.appender.buffer.byte-limit = 4MB (=4194304) (default)
2022-07-04 07:13:34,098 [s0@group-B582808378DD-LeaderElection9] INFO  server.RaftServerConfigKeys (ConfUtils.java:logGet(46)) - raft.server.log.appender.buffer.element-limit = 0 (default)
2022-07-04 07:13:34,098 [s0@group-B582808378DD-LeaderElection9] INFO  grpc.GrpcConfigKeys (ConfUtils.java:logGet(46)) - raft.grpc.server.leader.outstanding.appends.max = 128 (default)
2022-07-04 07:13:34,098 [s0@group-B582808378DD-LeaderElection9] INFO  server.RaftServerConfigKeys (ConfUtils.java:logGet(46)) - raft.server.rpc.request.timeout = 3000ms (default)
2022-07-04 07:13:34,098 [s0@group-B582808378DD-LeaderElection9] INFO  server.RaftServerConfigKeys (ConfUtils.java:logGet(46)) - raft.server.log.appender.install.snapshot.enabled = false (custom)
2022-07-04 07:13:34,098 [s0@group-B582808378DD-LeaderElection9] INFO  server.RaftServerConfigKeys (ConfUtils.java:logGet(46)) - raft.server.log.appender.snapshot.chunk.size.max = 16MB (=16777216) (default)
2022-07-04 07:13:34,098 [s0@group-B582808378DD-LeaderElection9] INFO  server.RaftServerConfigKeys (ConfUtils.java:logGet(46)) - raft.server.log.appender.buffer.byte-limit = 4MB (=4194304) (default)
2022-07-04 07:13:34,098 [s0@group-B582808378DD-LeaderElection9] INFO  server.RaftServerConfigKeys (ConfUtils.java:logGet(46)) - raft.server.log.appender.buffer.element-limit = 0 (default)
2022-07-04 07:13:34,098 [s0@group-B582808378DD-LeaderElection9] INFO  grpc.GrpcConfigKeys (ConfUtils.java:logGet(46)) - raft.grpc.server.leader.outstanding.appends.max = 128 (default)
2022-07-04 07:13:34,098 [s0@group-B582808378DD-LeaderElection9] INFO  server.RaftServerConfigKeys (ConfUtils.java:logGet(46)) - raft.server.rpc.request.timeout = 3000ms (default)
2022-07-04 07:13:34,098 [s0@group-B582808378DD-LeaderElection9] INFO  server.RaftServerConfigKeys (ConfUtils.java:logGet(46)) - raft.server.log.appender.install.snapshot.enabled = false (custom)
2022-07-04 07:13:34,098 [s0@group-B582808378DD-LeaderElection9] INFO  impl.RoleInfo (RoleInfo.java:updateAndGet(139)) - s0: start s0@group-B582808378DD-LeaderStateImpl
2022-07-04 07:13:34,098 [s0@group-B582808378DD-LeaderElection9] DEBUG raftlog.RaftLog (SegmentedRaftLog.java:appendImpl(447)) - truncateIndex=-1, arrayIndex=0
2022-07-04 07:13:34,098 [s0@group-B582808378DD-LeaderElection9] INFO  segmented.SegmentedRaftLogWorker (SegmentedRaftLogWorker.java:rollLogSegment(430)) - s0@group-B582808378DD-SegmentedRaftLogWorker: Rolling segment log-189_198 to index:198
2022-07-04 07:13:34,099 [s0@group-B582808378DD-SegmentedRaftLogWorker] TRACE util.FileUtils (LogUtils.java:runAndLog(49)) - Successfully ran Files.move /home/runner/work/ratis/ratis/ratis-test/target/test/data/213e9af5/MiniRaftClusterWithGrpc2dae160b/s0/2e090e8e-e906-4c9f-8430-b582808378dd/current/log_inprogress_189 to /home/runner/work/ratis/ratis/ratis-test/target/test/data/213e9af5/MiniRaftClusterWithGrpc2dae160b/s0/2e090e8e-e906-4c9f-8430-b582808378dd/current/log_189-198
2022-07-04 07:13:34,099 [s0@group-B582808378DD-SegmentedRaftLogWorker] INFO  segmented.SegmentedRaftLogWorker (SegmentedRaftLogWorker.java:execute(586)) - s0@group-B582808378DD-SegmentedRaftLogWorker: Rolled log segment from /home/runner/work/ratis/ratis/ratis-test/target/test/data/213e9af5/MiniRaftClusterWithGrpc2dae160b/s0/2e090e8e-e906-4c9f-8430-b582808378dd/current/log_inprogress_189 to /home/runner/work/ratis/ratis/ratis-test/target/test/data/213e9af5/MiniRaftClusterWithGrpc2dae160b/s0/2e090e8e-e906-4c9f-8430-b582808378dd/current/log_189-198
2022-07-04 07:13:34,100 [s0@group-B582808378DD-SegmentedRaftLogWorker] INFO  segmented.SegmentedRaftLogWorker (SegmentedRaftLogWorker.java:execute(629)) - s0@group-B582808378DD-SegmentedRaftLogWorker: created new log segment /home/runner/work/ratis/ratis/ratis-test/target/test/data/213e9af5/MiniRaftClusterWithGrpc2dae160b/s0/2e090e8e-e906-4c9f-8430-b582808378dd/current/log_inprogress_199
2022-07-04 07:13:34,106 [s0@group-B582808378DD-LeaderElection9] INFO  server.RaftServer$Division (ServerState.java:setRaftConf(397)) - s0@group-B582808378DD: set configuration 199: [s0|rpc:localhost:46829|admin:localhost:33081|client:localhost:38933|dataStream:localhost:36389|priority:0, s1|rpc:localhost:35835|admin:localhost:38689|client:localhost:45855|dataStream:localhost:35069|priority:0, s2|rpc:localhost:38547|admin:localhost:37085|client:localhost:34761|dataStream:localhost:32867|priority:0], old=null
2022-07-04 07:13:34,107 [s2-server-thread1] INFO  server.RaftServer$Division (ServerState.java:setLeader(291)) - s2@group-B582808378DD: change Leader from null to s0 at term 2 for appendEntries, leader elected after 15ms
2022-07-04 07:13:34,107 [s2-server-thread1] INFO  server.RaftServer$Division (ServerState.java:setRaftConf(397)) - s2@group-B582808378DD: set configuration 199: [s0|rpc:localhost:46829|admin:localhost:33081|client:localhost:38933|dataStream:localhost:36389|priority:0, s1|rpc:localhost:35835|admin:localhost:38689|client:localhost:45855|dataStream:localhost:35069|priority:0, s2|rpc:localhost:38547|admin:localhost:37085|client:localhost:34761|dataStream:localhost:32867|priority:0], old=null
2022-07-04 07:13:34,108 [s2-server-thread1] DEBUG raftlog.RaftLog (SegmentedRaftLog.java:appendImpl(447)) - truncateIndex=-1, arrayIndex=0
2022-07-04 07:13:34,108 [s2-server-thread1] INFO  segmented.SegmentedRaftLogWorker (SegmentedRaftLogWorker.java:rollLogSegment(430)) - s2@group-B582808378DD-SegmentedRaftLogWorker: Rolling segment log-189_198 to index:198
2022-07-04 07:13:34,108 [s2@group-B582808378DD-SegmentedRaftLogWorker] TRACE util.FileUtils (LogUtils.java:runAndLog(49)) - Successfully ran Files.move /home/runner/work/ratis/ratis/ratis-test/target/test/data/213e9af5/MiniRaftClusterWithGrpc2dae160b/s2/2e090e8e-e906-4c9f-8430-b582808378dd/current/log_inprogress_189 to /home/runner/work/ratis/ratis/ratis-test/target/test/data/213e9af5/MiniRaftClusterWithGrpc2dae160b/s2/2e090e8e-e906-4c9f-8430-b582808378dd/current/log_189-198
2022-07-04 07:13:34,108 [s2@group-B582808378DD-SegmentedRaftLogWorker] INFO  segmented.SegmentedRaftLogWorker (SegmentedRaftLogWorker.java:execute(586)) - s2@group-B582808378DD-SegmentedRaftLogWorker: Rolled log segment from /home/runner/work/ratis/ratis/ratis-test/target/test/data/213e9af5/MiniRaftClusterWithGrpc2dae160b/s2/2e090e8e-e906-4c9f-8430-b582808378dd/current/log_inprogress_189 to /home/runner/work/ratis/ratis/ratis-test/target/test/data/213e9af5/MiniRaftClusterWithGrpc2dae160b/s2/2e090e8e-e906-4c9f-8430-b582808378dd/current/log_189-198
2022-07-04 07:13:34,109 [s2@group-B582808378DD-SegmentedRaftLogWorker] INFO  segmented.SegmentedRaftLogWorker (SegmentedRaftLogWorker.java:execute(629)) - s2@group-B582808378DD-SegmentedRaftLogWorker: created new log segment /home/runner/work/ratis/ratis/ratis-test/target/test/data/213e9af5/MiniRaftClusterWithGrpc2dae160b/s2/2e090e8e-e906-4c9f-8430-b582808378dd/current/log_inprogress_199
2022-07-04 07:13:34,110 [s2-server-thread1] DEBUG raftlog.RaftLog (SegmentedRaftLog.java:appendImpl(447)) - truncateIndex=-1, arrayIndex=0
2022-07-04 07:13:34,194 [null-request--thread1] INFO  server.GrpcClientProtocolService (GrpcClientProtocolService.java:lambda$processClientRequest$0(284)) - Failed RaftClientRequest:client-6D946DA219F4->s2@group-B582808378DD, cid=483, seq=0, RW, Message:6d3937, reply=RaftClientReply:client-6D946DA219F4->s2@group-B582808378DD, cid=483, FAILED org.apache.ratis.protocol.exceptions.NotLeaderException: Server s2@group-B582808378DD is not the leader s0|rpc:localhost:46829|admin:localhost:33081|client:localhost:38933|dataStream:localhost:36389|priority:0, logIndex=0, commits[s2:c200, s0:c200, s1:c196]
2022-07-04 07:13:34,306 [s2-server-thread1] DEBUG raftlog.RaftLog (SegmentedRaftLog.java:appendImpl(447)) - truncateIndex=-1, arrayIndex=0
2022-07-04 07:13:34,307 [s0@group-B582808378DD-StateMachineUpdater] INFO  statemachine.SimpleStateMachine4Testing (SimpleStateMachine4Testing.java:put(204)) - s0: put 201, m98 -> (t:2, i:201), STATEMACHINELOGENTRY, 484@client-6D946DA219F4
2022-07-04 07:13:34,308 [s2-server-thread1] DEBUG raftlog.RaftLog (SegmentedRaftLog.java:appendImpl(447)) - truncateIndex=-1, arrayIndex=0
2022-07-04 07:13:34,309 [s2-server-thread1] DEBUG raftlog.RaftLog (SegmentedRaftLog.java:appendImpl(447)) - truncateIndex=-1, arrayIndex=0
2022-07-04 07:13:34,312 [s2@group-B582808378DD-StateMachineUpdater] INFO  statemachine.SimpleStateMachine4Testing (SimpleStateMachine4Testing.java:put(204)) - s2: put 201, m98 -> (t:2, i:201), STATEMACHINELOGENTRY, 484@client-6D946DA219F4
2022-07-04 07:13:34,317 [s0@group-B582808378DD-StateMachineUpdater] INFO  statemachine.SimpleStateMachine4Testing (SimpleStateMachine4Testing.java:put(204)) - s0: put 203, m99 -> (t:2, i:203), STATEMACHINELOGENTRY, 485@client-6D946DA219F4
2022-07-04 07:13:34,317 [s2-server-thread1] DEBUG raftlog.RaftLog (SegmentedRaftLog.java:appendImpl(447)) - truncateIndex=-1, arrayIndex=0
2022-07-04 07:13:34,318 [s2-server-thread1] DEBUG raftlog.RaftLog (SegmentedRaftLog.java:appendImpl(447)) - truncateIndex=-1, arrayIndex=0
2022-07-04 07:13:34,319 [s2@group-B582808378DD-StateMachineUpdater] INFO  statemachine.SimpleStateMachine4Testing (SimpleStateMachine4Testing.java:put(204)) - s2: put 203, m99 -> (t:2, i:203), STATEMACHINELOGENTRY, 485@client-6D946DA219F4
2022-07-04 07:13:34,320 [s0@group-B582808378DD-StateMachineUpdater] INFO  statemachine.SimpleStateMachine4Testing (SimpleStateMachine4Testing.java:put(204)) - s0: put 205, m100 -> (t:2, i:205), STATEMACHINELOGENTRY, 486@client-6D946DA219F4
2022-07-04 07:13:34,321 [s2-server-thread1] DEBUG raftlog.RaftLog (SegmentedRaftLog.java:appendImpl(447)) - truncateIndex=-1, arrayIndex=0
2022-07-04 07:13:34,322 [s2@group-B582808378DD-StateMachineUpdater] INFO  statemachine.SimpleStateMachine4Testing (SimpleStateMachine4Testing.java:put(204)) - s2: put 205, m100 -> (t:2, i:205), STATEMACHINELOGENTRY, 486@client-6D946DA219F4
2022-07-04 07:13:34,322 [s2-server-thread1] DEBUG raftlog.RaftLog (SegmentedRaftLog.java:appendImpl(447)) - truncateIndex=-1, arrayIndex=0
2022-07-04 07:13:34,323 [s0@group-B582808378DD-StateMachineUpdater] INFO  statemachine.SimpleStateMachine4Testing (SimpleStateMachine4Testing.java:put(204)) - s0: put 207, m101 -> (t:2, i:207), STATEMACHINELOGENTRY, 487@client-6D946DA219F4
2022-07-04 07:13:34,323 [s2-server-thread1] DEBUG raftlog.RaftLog (SegmentedRaftLog.java:appendImpl(447)) - truncateIndex=-1, arrayIndex=0
2022-07-04 07:13:34,324 [s2@group-B582808378DD-StateMachineUpdater] INFO  statemachine.SimpleStateMachine4Testing (SimpleStateMachine4Testing.java:put(204)) - s2: put 207, m101 -> (t:2, i:207), STATEMACHINELOGENTRY, 487@client-6D946DA219F4
2022-07-04 07:13:34,325 [s2-server-thread1] DEBUG raftlog.RaftLog (SegmentedRaftLog.java:appendImpl(447)) - truncateIndex=-1, arrayIndex=0
2022-07-04 07:13:34,326 [s0@group-B582808378DD-StateMachineUpdater] INFO  statemachine.SimpleStateMachine4Testing (SimpleStateMachine4Testing.java:put(204)) - s0: put 209, m102 -> (t:2, i:209), STATEMACHINELOGENTRY, 488@client-6D946DA219F4
2022-07-04 07:13:34,327 [s2-server-thread1] DEBUG raftlog.RaftLog (SegmentedRaftLog.java:appendImpl(447)) - truncateIndex=-1, arrayIndex=0
2022-07-04 07:13:34,328 [s2-server-thread1] DEBUG raftlog.RaftLog (SegmentedRaftLog.java:appendImpl(447)) - truncateIndex=-1, arrayIndex=0
2022-07-04 07:13:34,330 [s2@group-B582808378DD-StateMachineUpdater] INFO  statemachine.SimpleStateMachine4Testing (SimpleStateMachine4Testing.java:put(204)) - s2: put 209, m102 -> (t:2, i:209), STATEMACHINELOGENTRY, 488@client-6D946DA219F4
2022-07-04 07:13:34,330 [s0@group-B582808378DD-StateMachineUpdater] INFO  statemachine.SimpleStateMachine4Testing (SimpleStateMachine4Testing.java:put(204)) - s0: put 211, m103 -> (t:2, i:211), STATEMACHINELOGENTRY, 489@client-6D946DA219F4
2022-07-04 07:13:34,331 [s2-server-thread1] DEBUG raftlog.RaftLog (SegmentedRaftLog.java:appendImpl(447)) - truncateIndex=-1, arrayIndex=0
2022-07-04 07:13:34,332 [s2@group-B582808378DD-StateMachineUpdater] INFO  statemachine.SimpleStateMachine4Testing (SimpleStateMachine4Testing.java:put(204)) - s2: put 211, m103 -> (t:2, i:211), STATEMACHINELOGENTRY, 489@client-6D946DA219F4
2022-07-04 07:13:34,333 [s2-server-thread1] DEBUG raftlog.RaftLog (SegmentedRaftLog.java:appendImpl(447)) - truncateIndex=-1, arrayIndex=0
2022-07-04 07:13:34,334 [s0@group-B582808378DD-StateMachineUpdater] INFO  statemachine.SimpleStateMachine4Testing (SimpleStateMachine4Testing.java:put(204)) - s0: put 213, m104 -> (t:2, i:213), STATEMACHINELOGENTRY, 490@client-6D946DA219F4
2022-07-04 07:13:34,335 [s2-server-thread1] DEBUG raftlog.RaftLog (SegmentedRaftLog.java:appendImpl(447)) - truncateIndex=-1, arrayIndex=0
2022-07-04 07:13:34,335 [s2@group-B582808378DD-StateMachineUpdater] INFO  statemachine.SimpleStateMachine4Testing (SimpleStateMachine4Testing.java:put(204)) - s2: put 213, m104 -> (t:2, i:213), STATEMACHINELOGENTRY, 490@client-6D946DA219F4
2022-07-04 07:13:34,336 [s2-server-thread1] DEBUG raftlog.RaftLog (SegmentedRaftLog.java:appendImpl(447)) - truncateIndex=-1, arrayIndex=0
2022-07-04 07:13:34,337 [s0@group-B582808378DD-StateMachineUpdater] INFO  statemachine.SimpleStateMachine4Testing (SimpleStateMachine4Testing.java:put(204)) - s0: put 215, m105 -> (t:2, i:215), STATEMACHINELOGENTRY, 491@client-6D946DA219F4
2022-07-04 07:13:34,339 [s2-server-thread1] DEBUG raftlog.RaftLog (SegmentedRaftLog.java:appendImpl(447)) - truncateIndex=-1, arrayIndex=0
2022-07-04 07:13:34,342 [s2-server-thread1] DEBUG raftlog.RaftLog (SegmentedRaftLog.java:appendImpl(447)) - truncateIndex=-1, arrayIndex=0
2022-07-04 07:13:34,348 [s2@group-B582808378DD-StateMachineUpdater] INFO  statemachine.SimpleStateMachine4Testing (SimpleStateMachine4Testing.java:put(204)) - s2: put 215, m105 -> (t:2, i:215), STATEMACHINELOGENTRY, 491@client-6D946DA219F4
2022-07-04 07:13:34,356 [s0@group-B582808378DD-StateMachineUpdater] INFO  statemachine.SimpleStateMachine4Testing (SimpleStateMachine4Testing.java:put(204)) - s0: put 217, m106 -> (t:2, i:217), STATEMACHINELOGENTRY, 492@client-6D946DA219F4
2022-07-04 07:13:34,357 [s2-server-thread1] DEBUG raftlog.RaftLog (SegmentedRaftLog.java:appendImpl(447)) - truncateIndex=-1, arrayIndex=0
2022-07-04 07:13:34,359 [s2@group-B582808378DD-StateMachineUpdater] INFO  statemachine.SimpleStateMachine4Testing (SimpleStateMachine4Testing.java:put(204)) - s2: put 217, m106 -> (t:2, i:217), STATEMACHINELOGENTRY, 492@client-6D946DA219F4
2022-07-04 07:13:34,359 [s2-server-thread1] DEBUG raftlog.RaftLog (SegmentedRaftLog.java:appendImpl(447)) - truncateIndex=-1, arrayIndex=0
2022-07-04 07:13:34,360 [s0@group-B582808378DD-StateMachineUpdater] INFO  statemachine.SimpleStateMachine4Testing (SimpleStateMachine4Testing.java:put(204)) - s0: put 219, m107 -> (t:2, i:219), STATEMACHINELOGENTRY, 493@client-6D946DA219F4
2022-07-04 07:13:34,361 [s2-server-thread1] DEBUG raftlog.RaftLog (SegmentedRaftLog.java:appendImpl(447)) - truncateIndex=-1, arrayIndex=0
2022-07-04 07:13:34,361 [s0-client-thread1] INFO  segmented.SegmentedRaftLogWorker (SegmentedRaftLogWorker.java:rollLogSegment(430)) - s0@group-B582808378DD-SegmentedRaftLogWorker: Rolling segment log-199_220 to index:220
2022-07-04 07:13:34,364 [s0@group-B582808378DD-SegmentedRaftLogWorker] TRACE util.FileUtils (LogUtils.java:runAndLog(49)) - Successfully ran Files.move /home/runner/work/ratis/ratis/ratis-test/target/test/data/213e9af5/MiniRaftClusterWithGrpc2dae160b/s0/2e090e8e-e906-4c9f-8430-b582808378dd/current/log_inprogress_199 to /home/runner/work/ratis/ratis/ratis-test/target/test/data/213e9af5/MiniRaftClusterWithGrpc2dae160b/s0/2e090e8e-e906-4c9f-8430-b582808378dd/current/log_199-220
2022-07-04 07:13:34,364 [s0@group-B582808378DD-SegmentedRaftLogWorker] INFO  segmented.SegmentedRaftLogWorker (SegmentedRaftLogWorker.java:execute(586)) - s0@group-B582808378DD-SegmentedRaftLogWorker: Rolled log segment from /home/runner/work/ratis/ratis/ratis-test/target/test/data/213e9af5/MiniRaftClusterWithGrpc2dae160b/s0/2e090e8e-e906-4c9f-8430-b582808378dd/current/log_inprogress_199 to /home/runner/work/ratis/ratis/ratis-test/target/test/data/213e9af5/MiniRaftClusterWithGrpc2dae160b/s0/2e090e8e-e906-4c9f-8430-b582808378dd/current/log_199-220
2022-07-04 07:13:34,364 [s2-server-thread1] DEBUG raftlog.RaftLog (SegmentedRaftLog.java:appendImpl(447)) - truncateIndex=-1, arrayIndex=0
2022-07-04 07:13:34,364 [s2-server-thread1] INFO  segmented.SegmentedRaftLogWorker (SegmentedRaftLogWorker.java:rollLogSegment(430)) - s2@group-B582808378DD-SegmentedRaftLogWorker: Rolling segment log-199_220 to index:220
2022-07-04 07:13:34,365 [s0@group-B582808378DD-SegmentedRaftLogWorker] INFO  segmented.SegmentedRaftLogWorker (SegmentedRaftLogWorker.java:execute(629)) - s0@group-B582808378DD-SegmentedRaftLogWorker: created new log segment /home/runner/work/ratis/ratis/ratis-test/target/test/data/213e9af5/MiniRaftClusterWithGrpc2dae160b/s0/2e090e8e-e906-4c9f-8430-b582808378dd/current/log_inprogress_221
2022-07-04 07:13:34,372 [s2@group-B582808378DD-SegmentedRaftLogWorker] TRACE util.FileUtils (LogUtils.java:runAndLog(49)) - Successfully ran Files.move /home/runner/work/ratis/ratis/ratis-test/target/test/data/213e9af5/MiniRaftClusterWithGrpc2dae160b/s2/2e090e8e-e906-4c9f-8430-b582808378dd/current/log_inprogress_199 to /home/runner/work/ratis/ratis/ratis-test/target/test/data/213e9af5/MiniRaftClusterWithGrpc2dae160b/s2/2e090e8e-e906-4c9f-8430-b582808378dd/current/log_199-220
2022-07-04 07:13:34,372 [s2@group-B582808378DD-SegmentedRaftLogWorker] INFO  segmented.SegmentedRaftLogWorker (SegmentedRaftLogWorker.java:execute(586)) - s2@group-B582808378DD-SegmentedRaftLogWorker: Rolled log segment from /home/runner/work/ratis/ratis/ratis-test/target/test/data/213e9af5/MiniRaftClusterWithGrpc2dae160b/s2/2e090e8e-e906-4c9f-8430-b582808378dd/current/log_inprogress_199 to /home/runner/work/ratis/ratis/ratis-test/target/test/data/213e9af5/MiniRaftClusterWithGrpc2dae160b/s2/2e090e8e-e906-4c9f-8430-b582808378dd/current/log_199-220
2022-07-04 07:13:34,372 [s2@group-B582808378DD-StateMachineUpdater] INFO  statemachine.SimpleStateMachine4Testing (SimpleStateMachine4Testing.java:put(204)) - s2: put 219, m107 -> (t:2, i:219), STATEMACHINELOGENTRY, 493@client-6D946DA219F4
2022-07-04 07:13:34,372 [s2@group-B582808378DD-SegmentedRaftLogWorker] INFO  segmented.SegmentedRaftLogWorker (SegmentedRaftLogWorker.java:execute(629)) - s2@group-B582808378DD-SegmentedRaftLogWorker: created new log segment /home/runner/work/ratis/ratis/ratis-test/target/test/data/213e9af5/MiniRaftClusterWithGrpc2dae160b/s2/2e090e8e-e906-4c9f-8430-b582808378dd/current/log_inprogress_221
2022-07-04 07:13:34,373 [s0@group-B582808378DD-StateMachineUpdater] INFO  statemachine.SimpleStateMachine4Testing (SimpleStateMachine4Testing.java:put(204)) - s0: put 221, m108 -> (t:2, i:221), STATEMACHINELOGENTRY, 494@client-6D946DA219F4
2022-07-04 07:13:34,374 [s2-server-thread1] DEBUG raftlog.RaftLog (SegmentedRaftLog.java:appendImpl(447)) - truncateIndex=-1, arrayIndex=0
2022-07-04 07:13:34,375 [s2-server-thread1] DEBUG raftlog.RaftLog (SegmentedRaftLog.java:appendImpl(447)) - truncateIndex=-1, arrayIndex=0
2022-07-04 07:13:34,375 [s2@group-B582808378DD-StateMachineUpdater] INFO  statemachine.SimpleStateMachine4Testing (SimpleStateMachine4Testing.java:put(204)) - s2: put 221, m108 -> (t:2, i:221), STATEMACHINELOGENTRY, 494@client-6D946DA219F4
2022-07-04 07:13:34,376 [s0@group-B582808378DD-StateMachineUpdater] INFO  statemachine.SimpleStateMachine4Testing (SimpleStateMachine4Testing.java:put(204)) - s0: put 223, m109 -> (t:2, i:223), STATEMACHINELOGENTRY, 495@client-6D946DA219F4
2022-07-04 07:13:34,377 [s2-server-thread1] DEBUG raftlog.RaftLog (SegmentedRaftLog.java:appendImpl(447)) - truncateIndex=-1, arrayIndex=0
2022-07-04 07:13:34,379 [s2@group-B582808378DD-StateMachineUpdater] INFO  statemachine.SimpleStateMachine4Testing (SimpleStateMachine4Testing.java:put(204)) - s2: put 223, m109 -> (t:2, i:223), STATEMACHINELOGENTRY, 495@client-6D946DA219F4
2022-07-04 07:13:34,379 [s2-server-thread1] DEBUG raftlog.RaftLog (SegmentedRaftLog.java:appendImpl(447)) - truncateIndex=-1, arrayIndex=0
2022-07-04 07:13:34,380 [s0@group-B582808378DD-StateMachineUpdater] INFO  statemachine.SimpleStateMachine4Testing (SimpleStateMachine4Testing.java:put(204)) - s0: put 225, m110 -> (t:2, i:225), STATEMACHINELOGENTRY, 496@client-6D946DA219F4
2022-07-04 07:13:34,381 [s2-server-thread1] DEBUG raftlog.RaftLog (SegmentedRaftLog.java:appendImpl(447)) - truncateIndex=-1, arrayIndex=0
2022-07-04 07:13:34,382 [s2@group-B582808378DD-StateMachineUpdater] INFO  statemachine.SimpleStateMachine4Testing (SimpleStateMachine4Testing.java:put(204)) - s2: put 225, m110 -> (t:2, i:225), STATEMACHINELOGENTRY, 496@client-6D946DA219F4
2022-07-04 07:13:34,382 [s2-server-thread1] DEBUG raftlog.RaftLog (SegmentedRaftLog.java:appendImpl(447)) - truncateIndex=-1, arrayIndex=0
2022-07-04 07:13:34,383 [s0@group-B582808378DD-StateMachineUpdater] INFO  statemachine.SimpleStateMachine4Testing (SimpleStateMachine4Testing.java:put(204)) - s0: put 227, m111 -> (t:2, i:227), STATEMACHINELOGENTRY, 497@client-6D946DA219F4
2022-07-04 07:13:34,384 [s2-server-thread1] DEBUG raftlog.RaftLog (SegmentedRaftLog.java:appendImpl(447)) - truncateIndex=-1, arrayIndex=0
2022-07-04 07:13:34,385 [s2-server-thread1] DEBUG raftlog.RaftLog (SegmentedRaftLog.java:appendImpl(447)) - truncateIndex=-1, arrayIndex=0
2022-07-04 07:13:34,385 [s2@group-B582808378DD-StateMachineUpdater] INFO  statemachine.SimpleStateMachine4Testing (SimpleStateMachine4Testing.java:put(204)) - s2: put 227, m111 -> (t:2, i:227), STATEMACHINELOGENTRY, 497@client-6D946DA219F4
2022-07-04 07:13:34,386 [s0@group-B582808378DD-StateMachineUpdater] INFO  statemachine.SimpleStateMachine4Testing (SimpleStateMachine4Testing.java:put(204)) - s0: put 229, m112 -> (t:2, i:229), STATEMACHINELOGENTRY, 498@client-6D946DA219F4
2022-07-04 07:13:34,387 [s2-server-thread1] DEBUG raftlog.RaftLog (SegmentedRaftLog.java:appendImpl(447)) - truncateIndex=-1, arrayIndex=0
2022-07-04 07:13:34,389 [s2-server-thread1] DEBUG raftlog.RaftLog (SegmentedRaftLog.java:appendImpl(447)) - truncateIndex=-1, arrayIndex=0
2022-07-04 07:13:34,392 [s2@group-B582808378DD-StateMachineUpdater] INFO  statemachine.SimpleStateMachine4Testing (SimpleStateMachine4Testing.java:put(204)) - s2: put 229, m112 -> (t:2, i:229), STATEMACHINELOGENTRY, 498@client-6D946DA219F4
2022-07-04 07:13:34,393 [s0@group-B582808378DD-StateMachineUpdater] INFO  statemachine.SimpleStateMachine4Testing (SimpleStateMachine4Testing.java:put(204)) - s0: put 231, m113 -> (t:2, i:231), STATEMACHINELOGENTRY, 499@client-6D946DA219F4
2022-07-04 07:13:34,394 [s2-server-thread1] DEBUG raftlog.RaftLog (SegmentedRaftLog.java:appendImpl(447)) - truncateIndex=-1, arrayIndex=0
2022-07-04 07:13:34,395 [s2-server-thread1] DEBUG raftlog.RaftLog (SegmentedRaftLog.java:appendImpl(447)) - truncateIndex=-1, arrayIndex=0
2022-07-04 07:13:34,397 [s2@group-B582808378DD-StateMachineUpdater] INFO  statemachine.SimpleStateMachine4Testing (SimpleStateMachine4Testing.java:put(204)) - s2: put 231, m113 -> (t:2, i:231), STATEMACHINELOGENTRY, 499@client-6D946DA219F4
2022-07-04 07:13:34,398 [s0@group-B582808378DD-StateMachineUpdater] INFO  statemachine.SimpleStateMachine4Testing (SimpleStateMachine4Testing.java:put(204)) - s0: put 233, m114 -> (t:2, i:233), STATEMACHINELOGENTRY, 500@client-6D946DA219F4
2022-07-04 07:13:34,399 [s2-server-thread1] DEBUG raftlog.RaftLog (SegmentedRaftLog.java:appendImpl(447)) - truncateIndex=-1, arrayIndex=0
2022-07-04 07:13:34,405 [s2-server-thread1] DEBUG raftlog.RaftLog (SegmentedRaftLog.java:appendImpl(447)) - truncateIndex=-1, arrayIndex=0
2022-07-04 07:13:34,412 [s2@group-B582808378DD-StateMachineUpdater] INFO  statemachine.SimpleStateMachine4Testing (SimpleStateMachine4Testing.java:put(204)) - s2: put 233, m114 -> (t:2, i:233), STATEMACHINELOGENTRY, 500@client-6D946DA219F4
2022-07-04 07:13:34,413 [s0@group-B582808378DD-StateMachineUpdater] INFO  statemachine.SimpleStateMachine4Testing (SimpleStateMachine4Testing.java:put(204)) - s0: put 235, m115 -> (t:2, i:235), STATEMACHINELOGENTRY, 501@client-6D946DA219F4
2022-07-04 07:13:34,414 [s2-server-thread1] DEBUG raftlog.RaftLog (SegmentedRaftLog.java:appendImpl(447)) - truncateIndex=-1, arrayIndex=0
2022-07-04 07:13:34,419 [s2@group-B582808378DD-StateMachineUpdater] INFO  statemachine.SimpleStateMachine4Testing (SimpleStateMachine4Testing.java:put(204)) - s2: put 235, m115 -> (t:2, i:235), STATEMACHINELOGENTRY, 501@client-6D946DA219F4
2022-07-04 07:13:34,420 [s2-server-thread1] DEBUG raftlog.RaftLog (SegmentedRaftLog.java:appendImpl(447)) - truncateIndex=-1, arrayIndex=0
2022-07-04 07:13:34,421 [s0@group-B582808378DD-StateMachineUpdater] INFO  statemachine.SimpleStateMachine4Testing (SimpleStateMachine4Testing.java:put(204)) - s0: put 237, m116 -> (t:2, i:237), STATEMACHINELOGENTRY, 502@client-6D946DA219F4
2022-07-04 07:13:34,422 [s2-server-thread1] DEBUG raftlog.RaftLog (SegmentedRaftLog.java:appendImpl(447)) - truncateIndex=-1, arrayIndex=0
2022-07-04 07:13:34,423 [s2@group-B582808378DD-StateMachineUpdater] INFO  statemachine.SimpleStateMachine4Testing (SimpleStateMachine4Testing.java:put(204)) - s2: put 237, m116 -> (t:2, i:237), STATEMACHINELOGENTRY, 502@client-6D946DA219F4
2022-07-04 07:13:34,423 [s2-server-thread1] DEBUG raftlog.RaftLog (SegmentedRaftLog.java:appendImpl(447)) - truncateIndex=-1, arrayIndex=0
2022-07-04 07:13:34,425 [s0@group-B582808378DD-StateMachineUpdater] INFO  statemachine.SimpleStateMachine4Testing (SimpleStateMachine4Testing.java:put(204)) - s0: put 239, m117 -> (t:2, i:239), STATEMACHINELOGENTRY, 503@client-6D946DA219F4
2022-07-04 07:13:34,425 [s2-server-thread1] DEBUG raftlog.RaftLog (SegmentedRaftLog.java:appendImpl(447)) - truncateIndex=-1, arrayIndex=0
2022-07-04 07:13:34,426 [s2@group-B582808378DD-StateMachineUpdater] INFO  statemachine.SimpleStateMachine4Testing (SimpleStateMachine4Testing.java:put(204)) - s2: put 239, m117 -> (t:2, i:239), STATEMACHINELOGENTRY, 503@client-6D946DA219F4
2022-07-04 07:13:34,426 [s2-server-thread1] DEBUG raftlog.RaftLog (SegmentedRaftLog.java:appendImpl(447)) - truncateIndex=-1, arrayIndex=0
2022-07-04 07:13:34,427 [s0@group-B582808378DD-StateMachineUpdater] INFO  statemachine.SimpleStateMachine4Testing (SimpleStateMachine4Testing.java:put(204)) - s0: put 241, m118 -> (t:2, i:241), STATEMACHINELOGENTRY, 504@client-6D946DA219F4
2022-07-04 07:13:34,428 [s2-server-thread1] DEBUG raftlog.RaftLog (SegmentedRaftLog.java:appendImpl(447)) - truncateIndex=-1, arrayIndex=0
2022-07-04 07:13:34,428 [s2@group-B582808378DD-StateMachineUpdater] INFO  statemachine.SimpleStateMachine4Testing (SimpleStateMachine4Testing.java:put(204)) - s2: put 241, m118 -> (t:2, i:241), STATEMACHINELOGENTRY, 504@client-6D946DA219F4
2022-07-04 07:13:34,429 [s2-server-thread1] DEBUG raftlog.RaftLog (SegmentedRaftLog.java:appendImpl(447)) - truncateIndex=-1, arrayIndex=0
2022-07-04 07:13:34,430 [s0@group-B582808378DD-StateMachineUpdater] INFO  statemachine.SimpleStateMachine4Testing (SimpleStateMachine4Testing.java:put(204)) - s0: put 243, m119 -> (t:2, i:243), STATEMACHINELOGENTRY, 505@client-6D946DA219F4
2022-07-04 07:13:34,431 [s2-server-thread1] DEBUG raftlog.RaftLog (SegmentedRaftLog.java:appendImpl(447)) - truncateIndex=-1, arrayIndex=0
2022-07-04 07:13:34,432 [s2@group-B582808378DD-StateMachineUpdater] INFO  statemachine.SimpleStateMachine4Testing (SimpleStateMachine4Testing.java:put(204)) - s2: put 243, m119 -> (t:2, i:243), STATEMACHINELOGENTRY, 505@client-6D946DA219F4
2022-07-04 07:13:34,432 [s2-server-thread1] DEBUG raftlog.RaftLog (SegmentedRaftLog.java:appendImpl(447)) - truncateIndex=-1, arrayIndex=0
2022-07-04 07:13:34,434 [s0@group-B582808378DD-StateMachineUpdater] INFO  statemachine.SimpleStateMachine4Testing (SimpleStateMachine4Testing.java:put(204)) - s0: put 245, m120 -> (t:2, i:245), STATEMACHINELOGENTRY, 506@client-6D946DA219F4
2022-07-04 07:13:34,434 [s2-server-thread1] DEBUG raftlog.RaftLog (SegmentedRaftLog.java:appendImpl(447)) - truncateIndex=-1, arrayIndex=0
2022-07-04 07:13:34,434 [s2@group-B582808378DD-StateMachineUpdater] INFO  statemachine.SimpleStateMachine4Testing (SimpleStateMachine4Testing.java:put(204)) - s2: put 245, m120 -> (t:2, i:245), STATEMACHINELOGENTRY, 506@client-6D946DA219F4
2022-07-04 07:13:34,434 [s0-client-thread1] INFO  segmented.SegmentedRaftLogWorker (SegmentedRaftLogWorker.java:rollLogSegment(430)) - s0@group-B582808378DD-SegmentedRaftLogWorker: Rolling segment log-221_246 to index:246
2022-07-04 07:13:34,435 [s0@group-B582808378DD-SegmentedRaftLogWorker] TRACE util.FileUtils (LogUtils.java:runAndLog(49)) - Successfully ran Files.move /home/runner/work/ratis/ratis/ratis-test/target/test/data/213e9af5/MiniRaftClusterWithGrpc2dae160b/s0/2e090e8e-e906-4c9f-8430-b582808378dd/current/log_inprogress_221 to /home/runner/work/ratis/ratis/ratis-test/target/test/data/213e9af5/MiniRaftClusterWithGrpc2dae160b/s0/2e090e8e-e906-4c9f-8430-b582808378dd/current/log_221-246
2022-07-04 07:13:34,435 [s0@group-B582808378DD-SegmentedRaftLogWorker] INFO  segmented.SegmentedRaftLogWorker (SegmentedRaftLogWorker.java:execute(586)) - s0@group-B582808378DD-SegmentedRaftLogWorker: Rolled log segment from /home/runner/work/ratis/ratis/ratis-test/target/test/data/213e9af5/MiniRaftClusterWithGrpc2dae160b/s0/2e090e8e-e906-4c9f-8430-b582808378dd/current/log_inprogress_221 to /home/runner/work/ratis/ratis/ratis-test/target/test/data/213e9af5/MiniRaftClusterWithGrpc2dae160b/s0/2e090e8e-e906-4c9f-8430-b582808378dd/current/log_221-246
2022-07-04 07:13:34,436 [s0@group-B582808378DD-SegmentedRaftLogWorker] INFO  segmented.SegmentedRaftLogWorker (SegmentedRaftLogWorker.java:execute(629)) - s0@group-B582808378DD-SegmentedRaftLogWorker: created new log segment /home/runner/work/ratis/ratis/ratis-test/target/test/data/213e9af5/MiniRaftClusterWithGrpc2dae160b/s0/2e090e8e-e906-4c9f-8430-b582808378dd/current/log_inprogress_247
2022-07-04 07:13:34,436 [s2-server-thread1] DEBUG raftlog.RaftLog (SegmentedRaftLog.java:appendImpl(447)) - truncateIndex=-1, arrayIndex=0
2022-07-04 07:13:34,436 [s2-server-thread1] INFO  segmented.SegmentedRaftLogWorker (SegmentedRaftLogWorker.java:rollLogSegment(430)) - s2@group-B582808378DD-SegmentedRaftLogWorker: Rolling segment log-221_246 to index:246
2022-07-04 07:13:34,436 [s2@group-B582808378DD-SegmentedRaftLogWorker] TRACE util.FileUtils (LogUtils.java:runAndLog(49)) - Successfully ran Files.move /home/runner/work/ratis/ratis/ratis-test/target/test/data/213e9af5/MiniRaftClusterWithGrpc2dae160b/s2/2e090e8e-e906-4c9f-8430-b582808378dd/current/log_inprogress_221 to /home/runner/work/ratis/ratis/ratis-test/target/test/data/213e9af5/MiniRaftClusterWithGrpc2dae160b/s2/2e090e8e-e906-4c9f-8430-b582808378dd/current/log_221-246
2022-07-04 07:13:34,437 [s2@group-B582808378DD-SegmentedRaftLogWorker] INFO  segmented.SegmentedRaftLogWorker (SegmentedRaftLogWorker.java:execute(586)) - s2@group-B582808378DD-SegmentedRaftLogWorker: Rolled log segment from /home/runner/work/ratis/ratis/ratis-test/target/test/data/213e9af5/MiniRaftClusterWithGrpc2dae160b/s2/2e090e8e-e906-4c9f-8430-b582808378dd/current/log_inprogress_221 to /home/runner/work/ratis/ratis/ratis-test/target/test/data/213e9af5/MiniRaftClusterWithGrpc2dae160b/s2/2e090e8e-e906-4c9f-8430-b582808378dd/current/log_221-246
2022-07-04 07:13:34,437 [s2@group-B582808378DD-SegmentedRaftLogWorker] INFO  segmented.SegmentedRaftLogWorker (SegmentedRaftLogWorker.java:execute(629)) - s2@group-B582808378DD-SegmentedRaftLogWorker: created new log segment /home/runner/work/ratis/ratis/ratis-test/target/test/data/213e9af5/MiniRaftClusterWithGrpc2dae160b/s2/2e090e8e-e906-4c9f-8430-b582808378dd/current/log_inprogress_247
2022-07-04 07:13:34,438 [s0@group-B582808378DD-StateMachineUpdater] INFO  statemachine.SimpleStateMachine4Testing (SimpleStateMachine4Testing.java:put(204)) - s0: put 247, m121 -> (t:2, i:247), STATEMACHINELOGENTRY, 507@client-6D946DA219F4
2022-07-04 07:13:34,438 [s2-server-thread1] DEBUG raftlog.RaftLog (SegmentedRaftLog.java:appendImpl(447)) - truncateIndex=-1, arrayIndex=0
2022-07-04 07:13:34,439 [s2@group-B582808378DD-StateMachineUpdater] INFO  statemachine.SimpleStateMachine4Testing (SimpleStateMachine4Testing.java:put(204)) - s2: put 247, m121 -> (t:2, i:247), STATEMACHINELOGENTRY, 507@client-6D946DA219F4
2022-07-04 07:13:34,439 [s2-server-thread1] DEBUG raftlog.RaftLog (SegmentedRaftLog.java:appendImpl(447)) - truncateIndex=-1, arrayIndex=0
2022-07-04 07:13:34,440 [s0@group-B582808378DD-StateMachineUpdater] INFO  statemachine.SimpleStateMachine4Testing (SimpleStateMachine4Testing.java:put(204)) - s0: put 249, m122 -> (t:2, i:249), STATEMACHINELOGENTRY, 508@client-6D946DA219F4
2022-07-04 07:13:34,441 [s2-server-thread1] DEBUG raftlog.RaftLog (SegmentedRaftLog.java:appendImpl(447)) - truncateIndex=-1, arrayIndex=0
2022-07-04 07:13:34,442 [s2-server-thread1] DEBUG raftlog.RaftLog (SegmentedRaftLog.java:appendImpl(447)) - truncateIndex=-1, arrayIndex=0
2022-07-04 07:13:34,444 [s2@group-B582808378DD-StateMachineUpdater] INFO  statemachine.SimpleStateMachine4Testing (SimpleStateMachine4Testing.java:put(204)) - s2: put 249, m122 -> (t:2, i:249), STATEMACHINELOGENTRY, 508@client-6D946DA219F4
2022-07-04 07:13:34,445 [s0@group-B582808378DD-StateMachineUpdater] INFO  statemachine.SimpleStateMachine4Testing (SimpleStateMachine4Testing.java:put(204)) - s0: put 251, m123 -> (t:2, i:251), STATEMACHINELOGENTRY, 509@client-6D946DA219F4
2022-07-04 07:13:34,446 [s2-server-thread1] DEBUG raftlog.RaftLog (SegmentedRaftLog.java:appendImpl(447)) - truncateIndex=-1, arrayIndex=0
2022-07-04 07:13:34,446 [s2@group-B582808378DD-StateMachineUpdater] INFO  statemachine.SimpleStateMachine4Testing (SimpleStateMachine4Testing.java:put(204)) - s2: put 251, m123 -> (t:2, i:251), STATEMACHINELOGENTRY, 509@client-6D946DA219F4
2022-07-04 07:13:34,447 [s2-server-thread1] DEBUG raftlog.RaftLog (SegmentedRaftLog.java:appendImpl(447)) - truncateIndex=-1, arrayIndex=0
2022-07-04 07:13:34,448 [s0@group-B582808378DD-StateMachineUpdater] INFO  statemachine.SimpleStateMachine4Testing (SimpleStateMachine4Testing.java:put(204)) - s0: put 253, m124 -> (t:2, i:253), STATEMACHINELOGENTRY, 510@client-6D946DA219F4
2022-07-04 07:13:34,449 [s2-server-thread1] DEBUG raftlog.RaftLog (SegmentedRaftLog.java:appendImpl(447)) - truncateIndex=-1, arrayIndex=0
2022-07-04 07:13:34,450 [s2@group-B582808378DD-StateMachineUpdater] INFO  statemachine.SimpleStateMachine4Testing (SimpleStateMachine4Testing.java:put(204)) - s2: put 253, m124 -> (t:2, i:253), STATEMACHINELOGENTRY, 510@client-6D946DA219F4
2022-07-04 07:13:34,450 [s2-server-thread1] DEBUG raftlog.RaftLog (SegmentedRaftLog.java:appendImpl(447)) - truncateIndex=-1, arrayIndex=0
2022-07-04 07:13:34,460 [s0@group-B582808378DD-StateMachineUpdater] INFO  statemachine.SimpleStateMachine4Testing (SimpleStateMachine4Testing.java:put(204)) - s0: put 255, m125 -> (t:2, i:255), STATEMACHINELOGENTRY, 511@client-6D946DA219F4
2022-07-04 07:13:34,464 [s2-server-thread1] DEBUG raftlog.RaftLog (SegmentedRaftLog.java:appendImpl(447)) - truncateIndex=-1, arrayIndex=0
2022-07-04 07:13:34,466 [s2-server-thread1] DEBUG raftlog.RaftLog (SegmentedRaftLog.java:appendImpl(447)) - truncateIndex=-1, arrayIndex=0
2022-07-04 07:13:34,469 [s2@group-B582808378DD-StateMachineUpdater] INFO  statemachine.SimpleStateMachine4Testing (SimpleStateMachine4Testing.java:put(204)) - s2: put 255, m125 -> (t:2, i:255), STATEMACHINELOGENTRY, 511@client-6D946DA219F4
2022-07-04 07:13:34,471 [s2-server-thread1] DEBUG raftlog.RaftLog (SegmentedRaftLog.java:appendImpl(447)) - truncateIndex=-1, arrayIndex=0
2022-07-04 07:13:34,472 [s0@group-B582808378DD-StateMachineUpdater] INFO  impl.StateMachineUpdater (StateMachineUpdater.java:takeSnapshot(287)) - s0@group-B582808378DD-StateMachineUpdater: Took a snapshot at index 255
2022-07-04 07:13:34,472 [s0@group-B582808378DD-StateMachineUpdater] INFO  impl.StateMachineUpdater (StateMachineUpdater.java:lambda$new$0(92)) - s0@group-B582808378DD-StateMachineUpdater: snapshotIndex: updateIncreasingly 191 -> 255
2022-07-04 07:13:34,472 [s0@group-B582808378DD-StateMachineUpdater] INFO  raftlog.RaftLog (RaftLogBase.java:purge(308)) - s0@group-B582808378DD-SegmentedRaftLog: purge 196
2022-07-04 07:13:34,472 [s0@group-B582808378DD-StateMachineUpdater] INFO  raftlog.RaftLog (RaftLogBase.java:lambda$new$0(53)) - s0@group-B582808378DD-SegmentedRaftLog: snapshotIndex: updateIncreasingly 191 -> 255
2022-07-04 07:13:34,472 [s0@group-B582808378DD-StateMachineUpdater] DEBUG raftlog.RaftLog (SegmentedRaftLog.java:purgeImpl(365)) - purging segments:null
2022-07-04 07:13:34,472 [s0@group-B582808378DD-StateMachineUpdater] INFO  raftlog.RaftLog (RaftLogBase.java:lambda$new$0(53)) - s0@group-B582808378DD-SegmentedRaftLog: purgeIndex: updateToMax old=188, new=196, updated? true
2022-07-04 07:13:34,472 [s0@group-B582808378DD-StateMachineUpdater] INFO  statemachine.SimpleStateMachine4Testing (SimpleStateMachine4Testing.java:put(204)) - s0: put 257, m126 -> (t:2, i:257), STATEMACHINELOGENTRY, 512@client-6D946DA219F4
2022-07-04 07:13:34,481 [Time-limited test] INFO  impl.MiniRaftCluster (MiniRaftCluster.java:runWithNewCluster(127)) - printing ALL groups
  s0:  RUNNING    LEADER s0@group-B582808378DD:t2, leader=s0, voted=s0, raftlog=s0@group-B582808378DD-SegmentedRaftLog:OPENED:c258, conf=199: [s0|rpc:localhost:46829|admin:localhost:33081|client:localhost:38933|dataStream:localhost:36389|priority:0, s1|rpc:localhost:35835|admin:localhost:38689|client:localhost:45855|dataStream:localhost:35069|priority:0, s2|rpc:localhost:38547|admin:localhost:37085|client:localhost:34761|dataStream:localhost:32867|priority:0], old=null RUNNING
  s1:  RUNNING    LEADER s1@group-B582808378DD:t1, leader=s1, voted=s1, raftlog=s1@group-B582808378DD-SegmentedRaftLog:CLOSED:c196, conf=0: [s0|rpc:localhost:46829|admin:localhost:33081|client:localhost:38933|dataStream:localhost:36389|priority:0, s1|rpc:localhost:35835|admin:localhost:38689|client:localhost:45855|dataStream:localhost:35069|priority:0, s2|rpc:localhost:38547|admin:localhost:37085|client:localhost:34761|dataStream:localhost:32867|priority:0], old=null CLOSED
  s2:  RUNNING  FOLLOWER s2@group-B582808378DD:t2, leader=s0, voted=s0, raftlog=s2@group-B582808378DD-SegmentedRaftLog:OPENED:c257, conf=199: [s0|rpc:localhost:46829|admin:localhost:33081|client:localhost:38933|dataStream:localhost:36389|priority:0, s1|rpc:localhost:35835|admin:localhost:38689|client:localhost:45855|dataStream:localhost:35069|priority:0, s2|rpc:localhost:38547|admin:localhost:37085|client:localhost:34761|dataStream:localhost:32867|priority:0], old=null RUNNING
2022-07-04 07:13:34,481 [Time-limited test] ERROR impl.MiniRaftCluster (MiniRaftCluster.java:runWithNewCluster(128)) - Failed org.apache.ratis.server.impl.MiniRaftCluster$Factory$Get.runWithNewCluster(MiniRaftCluster.java:113)
java.lang.IllegalArgumentException: s1@group-B582808378DD-SegmentedRaftLog is expected to be opened but it is CLOSED
	at org.apache.ratis.util.OpenCloseState.assertOpen(OpenCloseState.java:63)
	at org.apache.ratis.server.raftlog.RaftLogBase.checkLogState(RaftLogBase.java:109)
	at org.apache.ratis.server.raftlog.segmented.SegmentedRaftLog.getLastEntryTermIndex(SegmentedRaftLog.java:340)
	at org.apache.ratis.server.raftlog.RaftLog.getNextIndex(RaftLog.java:83)
	at org.apache.ratis.InstallSnapshotNotificationTests.testRestartFollower(InstallSnapshotNotificationTests.java:266)
	at org.apache.ratis.server.impl.MiniRaftCluster$Factory$Get.runWithNewCluster(MiniRaftCluster.java:125)
	at org.apache.ratis.server.impl.MiniRaftCluster$Factory$Get.runWithNewCluster(MiniRaftCluster.java:113)
	at org.apache.ratis.InstallSnapshotNotificationTests.testRestartFollower(InstallSnapshotNotificationTests.java:249)
	at sun.reflect.NativeMethodAccessorImpl.invoke0(Native Method)
	at sun.reflect.NativeMethodAccessorImpl.invoke(NativeMethodAccessorImpl.java:62)
	at sun.reflect.DelegatingMethodAccessorImpl.invoke(DelegatingMethodAccessorImpl.java:43)
	at java.lang.reflect.Method.invoke(Method.java:498)
	at org.junit.runners.model.FrameworkMethod$1.runReflectiveCall(FrameworkMethod.java:59)
	at org.junit.internal.runners.model.ReflectiveCallable.run(ReflectiveCallable.java:12)
	at org.junit.runners.model.FrameworkMethod.invokeExplosively(FrameworkMethod.java:56)
	at org.junit.internal.runners.statements.InvokeMethod.evaluate(InvokeMethod.java:17)
	at org.junit.internal.runners.statements.RunAfters.evaluate(RunAfters.java:27)
	at org.junit.internal.runners.statements.FailOnTimeout$CallableStatement.call(FailOnTimeout.java:299)
	at org.junit.internal.runners.statements.FailOnTimeout$CallableStatement.call(FailOnTimeout.java:293)
	at java.util.concurrent.FutureTask.run(FutureTask.java:266)
	at java.lang.Thread.run(Thread.java:750)
Caused by: org.apache.ratis.util.OpenCloseState$CloseTrace: Close s1@group-B582808378DD-SegmentedRaftLog
	at org.apache.ratis.util.OpenCloseState.lambda$close$1(OpenCloseState.java:109)
	at java.util.concurrent.atomic.AtomicReference.getAndUpdate(AtomicReference.java:160)
	at org.apache.ratis.util.OpenCloseState.close(OpenCloseState.java:109)
	at org.apache.ratis.server.raftlog.RaftLogBase.close(RaftLogBase.java:358)
	at org.apache.ratis.server.raftlog.segmented.SegmentedRaftLog.close(SegmentedRaftLog.java:506)
	at org.apache.ratis.server.impl.ServerState.close(ServerState.java:435)
	at org.apache.ratis.server.impl.RaftServerImpl.lambda$close$4(RaftServerImpl.java:456)
	at org.apache.ratis.util.LifeCycle.lambda$checkStateAndClose$4(LifeCycle.java:299)
	at org.apache.ratis.util.LifeCycle.checkStateAndClose(LifeCycle.java:319)
	at org.apache.ratis.util.LifeCycle.checkStateAndClose(LifeCycle.java:297)
	at org.apache.ratis.server.impl.RaftServerImpl.close(RaftServerImpl.java:433)
	at org.apache.ratis.server.impl.StateMachineUpdater.run(StateMachineUpdater.java:195)
	... 1 more
2022-07-04 07:13:34,481 [Time-limited test] INFO  impl.MiniRaftCluster (MiniRaftCluster.java:shutdown(760)) - ************************************************************** 
2022-07-04 07:13:34,481 [Time-limited test] INFO  impl.MiniRaftCluster (MiniRaftCluster.java:shutdown(761)) - *** 
2022-07-04 07:13:34,481 [Time-limited test] INFO  impl.MiniRaftCluster (MiniRaftCluster.java:shutdown(762)) - ***     Stopping MiniRaftClusterWithGrpc
2022-07-04 07:13:34,481 [Time-limited test] INFO  impl.MiniRaftCluster (MiniRaftCluster.java:shutdown(763)) - *** 
2022-07-04 07:13:34,481 [Time-limited test] INFO  impl.MiniRaftCluster (MiniRaftCluster.java:shutdown(764)) - ************************************************************** 
2022-07-04 07:13:34,481 [Time-limited test] INFO  impl.MiniRaftCluster (MiniRaftCluster.java:shutdown(765)) - printing ALL groups
  s0:  RUNNING    LEADER s0@group-B582808378DD:t2, leader=s0, voted=s0, raftlog=s0@group-B582808378DD-SegmentedRaftLog:OPENED:c258, conf=199: [s0|rpc:localhost:46829|admin:localhost:33081|client:localhost:38933|dataStream:localhost:36389|priority:0, s1|rpc:localhost:35835|admin:localhost:38689|client:localhost:45855|dataStream:localhost:35069|priority:0, s2|rpc:localhost:38547|admin:localhost:37085|client:localhost:34761|dataStream:localhost:32867|priority:0], old=null RUNNING
  s1:  RUNNING    LEADER s1@group-B582808378DD:t1, leader=s1, voted=s1, raftlog=s1@group-B582808378DD-SegmentedRaftLog:CLOSED:c196, conf=0: [s0|rpc:localhost:46829|admin:localhost:33081|client:localhost:38933|dataStream:localhost:36389|priority:0, s1|rpc:localhost:35835|admin:localhost:38689|client:localhost:45855|dataStream:localhost:35069|priority:0, s2|rpc:localhost:38547|admin:localhost:37085|client:localhost:34761|dataStream:localhost:32867|priority:0], old=null CLOSED
  s2:  RUNNING  FOLLOWER s2@group-B582808378DD:t2, leader=s0, voted=s0, raftlog=s2@group-B582808378DD-SegmentedRaftLog:OPENED:c257, conf=199: [s0|rpc:localhost:46829|admin:localhost:33081|client:localhost:38933|dataStream:localhost:36389|priority:0, s1|rpc:localhost:35835|admin:localhost:38689|client:localhost:45855|dataStream:localhost:35069|priority:0, s2|rpc:localhost:38547|admin:localhost:37085|client:localhost:34761|dataStream:localhost:32867|priority:0], old=null RUNNING
2022-07-04 07:13:34,486 [java.util.concurrent.ThreadPoolExecutor$Worker@11b332e0[State = -1, empty queue]] INFO  server.RaftServer (RaftServerProxy.java:lambda$close$7(398)) - s0: close
2022-07-04 07:13:34,486 [java.util.concurrent.ThreadPoolExecutor$Worker@11b332e0[State = -1, empty queue]] INFO  server.RaftServer$Division (RaftServerImpl.java:lambda$close$4(434)) - s0@group-B582808378DD: shutdown
2022-07-04 07:13:34,486 [java.util.concurrent.ThreadPoolExecutor$Worker@11b332e0[State = -1, empty queue]] INFO  util.JmxRegister (JmxRegister.java:unregister(73)) - Successfully un-registered JMX Bean with object name Ratis:service=RaftServer,group=group-B582808378DD,id=s0
2022-07-04 07:13:34,486 [java.util.concurrent.ThreadPoolExecutor$Worker@11b332e0[State = -1, empty queue]] INFO  impl.RoleInfo (RoleInfo.java:shutdownLeaderState(93)) - s0: shutdown s0@group-B582808378DD-LeaderStateImpl
2022-07-04 07:13:34,487 [java.util.concurrent.ThreadPoolExecutor$Worker@11b332e0[State = -1, empty queue]] INFO  impl.PendingRequests (PendingRequests.java:sendNotLeaderResponses(282)) - s0@group-B582808378DD-PendingRequests: sendNotLeaderResponses
2022-07-04 07:13:34,487 [s0@group-B582808378DD->s1-GrpcLogAppender-LogAppenderDaemon] WARN  server.GrpcLogAppender (GrpcLogAppender.java:mayWait(172)) - s0@group-B582808378DD->s1-GrpcLogAppender: Wait interrupted by java.lang.InterruptedException
2022-07-04 07:13:34,491 [java.util.concurrent.ThreadPoolExecutor$Worker@11b332e0[State = -1, empty queue]] INFO  impl.StateMachineUpdater (StateMachineUpdater.java:stopAndJoin(153)) - s0@group-B582808378DD-StateMachineUpdater: set stopIndex = 258
2022-07-04 07:13:34,491 [java.util.concurrent.ThreadPoolExecutor$Worker@1f4f20ac[State = -1, empty queue]] INFO  server.RaftServer (RaftServerProxy.java:lambda$close$7(398)) - s1: close
2022-07-04 07:13:34,491 [java.util.concurrent.ThreadPoolExecutor$Worker@1f4f20ac[State = -1, empty queue]] INFO  server.GrpcService (GrpcService.java:closeImpl(269)) - s1: shutdown server with port 35835 now
2022-07-04 07:13:34,492 [java.util.concurrent.ThreadPoolExecutor$Worker@58e532c3[State = -1, empty queue]] INFO  server.RaftServer (RaftServerProxy.java:lambda$close$7(398)) - s2: close
2022-07-04 07:13:34,492 [java.util.concurrent.ThreadPoolExecutor$Worker@58e532c3[State = -1, empty queue]] INFO  server.RaftServer$Division (RaftServerImpl.java:lambda$close$4(434)) - s2@group-B582808378DD: shutdown
2022-07-04 07:13:34,492 [java.util.concurrent.ThreadPoolExecutor$Worker@58e532c3[State = -1, empty queue]] INFO  util.JmxRegister (JmxRegister.java:unregister(73)) - Successfully un-registered JMX Bean with object name Ratis:service=RaftServer,group=group-B582808378DD,id=s2
2022-07-04 07:13:34,492 [java.util.concurrent.ThreadPoolExecutor$Worker@58e532c3[State = -1, empty queue]] INFO  impl.RoleInfo (RoleInfo.java:shutdownFollowerState(110)) - s2: shutdown s2@group-B582808378DD-FollowerState
2022-07-04 07:13:34,492 [s2@group-B582808378DD-FollowerState] INFO  impl.FollowerState (FollowerState.java:run(152)) - s2@group-B582808378DD-FollowerState was interrupted
2022-07-04 07:13:34,492 [java.util.concurrent.ThreadPoolExecutor$Worker@58e532c3[State = -1, empty queue]] INFO  impl.StateMachineUpdater (StateMachineUpdater.java:stopAndJoin(153)) - s2@group-B582808378DD-StateMachineUpdater: set stopIndex = 257
2022-07-04 07:13:34,493 [grpc-default-executor-5] INFO  server.GrpcServerProtocolService (GrpcServerProtocolService.java:onCompleted(140)) - s2: Completed APPEND_ENTRIES, lastRequest: s0->s2#106-t2,previous=(t:2, i:257),leaderCommit=257,initializing? true,entries: size=1, first=(t:2, i:258), METADATAENTRY(c:257)
2022-07-04 07:13:34,493 [s2@group-B582808378DD-StateMachineUpdater] INFO  impl.StateMachineUpdater (StateMachineUpdater.java:takeSnapshot(287)) - s2@group-B582808378DD-StateMachineUpdater: Took a snapshot at index 255
2022-07-04 07:13:34,494 [s2@group-B582808378DD-StateMachineUpdater] INFO  impl.StateMachineUpdater (StateMachineUpdater.java:lambda$new$0(92)) - s2@group-B582808378DD-StateMachineUpdater: snapshotIndex: updateIncreasingly 191 -> 255
2022-07-04 07:13:34,494 [s2@group-B582808378DD-StateMachineUpdater] INFO  raftlog.RaftLog (RaftLogBase.java:purge(308)) - s2@group-B582808378DD-SegmentedRaftLog: purge 196
2022-07-04 07:13:34,494 [s2@group-B582808378DD-StateMachineUpdater] INFO  raftlog.RaftLog (RaftLogBase.java:lambda$new$0(53)) - s2@group-B582808378DD-SegmentedRaftLog: snapshotIndex: updateIncreasingly 191 -> 255
2022-07-04 07:13:34,494 [s2@group-B582808378DD-StateMachineUpdater] DEBUG raftlog.RaftLog (SegmentedRaftLog.java:purgeImpl(365)) - purging segments:null
2022-07-04 07:13:34,494 [s2@group-B582808378DD-StateMachineUpdater] INFO  raftlog.RaftLog (RaftLogBase.java:lambda$new$0(53)) - s2@group-B582808378DD-SegmentedRaftLog: purgeIndex: updateToMax old=188, new=196, updated? true
2022-07-04 07:13:34,494 [s2@group-B582808378DD-StateMachineUpdater] INFO  statemachine.SimpleStateMachine4Testing (SimpleStateMachine4Testing.java:put(204)) - s2: put 257, m126 -> (t:2, i:257), STATEMACHINELOGENTRY, 512@client-6D946DA219F4
2022-07-04 07:13:34,495 [grpc-default-executor-6] INFO  server.GrpcLogAppender (GrpcLogAppender.java:onCompleted(340)) - s0@group-B582808378DD->s2-AppendLogResponseHandler: follower responses appendEntries COMPLETED
2022-07-04 07:13:34,495 [grpc-default-executor-6] INFO  leader.FollowerInfo (FollowerInfoImpl.java:lambda$new$0(48)) - s0@group-B582808378DD->s2: nextIndex: updateUnconditionally 259 -> 258
2022-07-04 07:13:34,495 [grpc-default-executor-5] INFO  server.GrpcServerProtocolService (GrpcServerProtocolService.java:onCompleted(140)) - s1: Completed APPEND_ENTRIES, lastRequest: s0->s1#1-t2,previous=(t:1, i:198),leaderCommit=196,initializing? true,entries: size=1, first=(t:2, i:199), CONFIGURATIONENTRY
2022-07-04 07:13:34,496 [grpc-default-executor-5] INFO  server.GrpcLogAppender (GrpcLogAppender.java:onError(329)) - s0@group-B582808378DD->s1-GrpcLogAppender is stopped
2022-07-04 07:13:34,498 [java.util.concurrent.ThreadPoolExecutor$Worker@1f4f20ac[State = -1, empty queue]] INFO  server.GrpcService (GrpcService.java:closeImpl(278)) - s1: shutdown server with port 35835 successfully
2022-07-04 07:13:34,498 [java.util.concurrent.ThreadPoolExecutor$Worker@1f4f20ac[State = -1, empty queue]] INFO  server.GrpcService (GrpcService.java:closeImpl(269)) - s1: shutdown server with port 38689 now
2022-07-04 07:13:34,499 [java.util.concurrent.ThreadPoolExecutor$Worker@1f4f20ac[State = -1, empty queue]] INFO  server.GrpcService (GrpcService.java:closeImpl(278)) - s1: shutdown server with port 38689 successfully
2022-07-04 07:13:34,499 [java.util.concurrent.ThreadPoolExecutor$Worker@1f4f20ac[State = -1, empty queue]] INFO  server.GrpcService (GrpcService.java:closeImpl(269)) - s1: shutdown server with port 45855 now
2022-07-04 07:13:34,499 [java.util.concurrent.ThreadPoolExecutor$Worker@1f4f20ac[State = -1, empty queue]] INFO  server.GrpcService (GrpcService.java:closeImpl(278)) - s1: shutdown server with port 45855 successfully
2022-07-04 07:13:34,500 [org.apache.ratis.util.JvmPauseMonitor$$Lambda$265/1304952153@28a52438] INFO  util.JvmPauseMonitor (JvmPauseMonitor.java:run(109)) - JvmPauseMonitor-s1: Stopped
2022-07-04 07:13:34,509 [s2@group-B582808378DD-StateMachineUpdater] INFO  impl.StateMachineUpdater (StateMachineUpdater.java:takeSnapshot(287)) - s2@group-B582808378DD-StateMachineUpdater: Took a snapshot at index 257
2022-07-04 07:13:34,509 [s2@group-B582808378DD-StateMachineUpdater] INFO  impl.StateMachineUpdater (StateMachineUpdater.java:lambda$new$0(92)) - s2@group-B582808378DD-StateMachineUpdater: snapshotIndex: updateIncreasingly 255 -> 257
2022-07-04 07:13:34,510 [java.util.concurrent.ThreadPoolExecutor$Worker@58e532c3[State = -1, empty queue]] INFO  server.RaftServer$Division (ServerState.java:close(433)) - s2@group-B582808378DD: closes. applyIndex: 257
2022-07-04 07:13:34,510 [s2@group-B582808378DD-SegmentedRaftLogWorker] INFO  segmented.SegmentedRaftLogWorker (SegmentedRaftLogWorker.java:run(336)) - s2@group-B582808378DD-SegmentedRaftLogWorker was interrupted, exiting. There are 0 tasks remaining in the queue.
2022-07-04 07:13:34,511 [s0@group-B582808378DD-StateMachineUpdater] INFO  impl.StateMachineUpdater (StateMachineUpdater.java:takeSnapshot(287)) - s0@group-B582808378DD-StateMachineUpdater: Took a snapshot at index 258
2022-07-04 07:13:34,511 [s0@group-B582808378DD-StateMachineUpdater] INFO  impl.StateMachineUpdater (StateMachineUpdater.java:lambda$new$0(92)) - s0@group-B582808378DD-StateMachineUpdater: snapshotIndex: updateIncreasingly 255 -> 258
2022-07-04 07:13:34,511 [s0@group-B582808378DD-StateMachineUpdater] INFO  raftlog.RaftLog (RaftLogBase.java:purge(308)) - s0@group-B582808378DD-SegmentedRaftLog: purge 258
2022-07-04 07:13:34,511 [s0@group-B582808378DD-StateMachineUpdater] INFO  raftlog.RaftLog (RaftLogBase.java:lambda$new$0(53)) - s0@group-B582808378DD-SegmentedRaftLog: snapshotIndex: updateIncreasingly 255 -> 258
2022-07-04 07:13:34,511 [s0@group-B582808378DD-StateMachineUpdater] DEBUG raftlog.RaftLog (SegmentedRaftLog.java:purgeImpl(365)) - purging segments:toTruncate: null
  toDelete: [(189, 198) isOpen? false, length=0, newEndIndex=0, (199, 220) isOpen? false, length=0, newEndIndex=0, (221, 246) isOpen? false, length=0, newEndIndex=0]
2022-07-04 07:13:34,511 [s0@group-B582808378DD-SegmentedRaftLogWorker] TRACE util.FileUtils (LogUtils.java:runAndLog(49)) - Successfully ran Files.delete /home/runner/work/ratis/ratis/ratis-test/target/test/data/213e9af5/MiniRaftClusterWithGrpc2dae160b/s0/2e090e8e-e906-4c9f-8430-b582808378dd/current/log_189-198
2022-07-04 07:13:34,511 [s0@group-B582808378DD-SegmentedRaftLogWorker] TRACE util.FileUtils (LogUtils.java:runAndLog(49)) - Successfully ran Files.delete /home/runner/work/ratis/ratis/ratis-test/target/test/data/213e9af5/MiniRaftClusterWithGrpc2dae160b/s0/2e090e8e-e906-4c9f-8430-b582808378dd/current/log_199-220
2022-07-04 07:13:34,511 [s0@group-B582808378DD-SegmentedRaftLogWorker] TRACE util.FileUtils (LogUtils.java:runAndLog(49)) - Successfully ran Files.delete /home/runner/work/ratis/ratis/ratis-test/target/test/data/213e9af5/MiniRaftClusterWithGrpc2dae160b/s0/2e090e8e-e906-4c9f-8430-b582808378dd/current/log_221-246
2022-07-04 07:13:34,511 [s0@group-B582808378DD-StateMachineUpdater] INFO  raftlog.RaftLog (RaftLogBase.java:lambda$new$0(53)) - s0@group-B582808378DD-SegmentedRaftLog: purgeIndex: updateToMax old=196, new=246, updated? true
2022-07-04 07:13:34,512 [java.util.concurrent.ThreadPoolExecutor$Worker@11b332e0[State = -1, empty queue]] INFO  server.RaftServer$Division (ServerState.java:close(433)) - s0@group-B582808378DD: closes. applyIndex: 258
2022-07-04 07:13:34,512 [s0@group-B582808378DD-SegmentedRaftLogWorker] INFO  segmented.SegmentedRaftLogWorker (SegmentedRaftLogWorker.java:run(336)) - s0@group-B582808378DD-SegmentedRaftLogWorker was interrupted, exiting. There are 0 tasks remaining in the queue.
2022-07-04 07:13:34,512 [java.util.concurrent.ThreadPoolExecutor$Worker@11b332e0[State = -1, empty queue]] INFO  segmented.SegmentedRaftLogWorker (SegmentedRaftLogWorker.java:close(246)) - s0@group-B582808378DD-SegmentedRaftLogWorker close()
2022-07-04 07:13:34,513 [java.util.concurrent.ThreadPoolExecutor$Worker@11b332e0[State = -1, empty queue]] INFO  server.GrpcService (GrpcService.java:closeImpl(269)) - s0: shutdown server with port 46829 now
2022-07-04 07:13:34,514 [java.util.concurrent.ThreadPoolExecutor$Worker@58e532c3[State = -1, empty queue]] INFO  segmented.SegmentedRaftLogWorker (SegmentedRaftLogWorker.java:close(246)) - s2@group-B582808378DD-SegmentedRaftLogWorker close()
2022-07-04 07:13:34,515 [java.util.concurrent.ThreadPoolExecutor$Worker@11b332e0[State = -1, empty queue]] INFO  server.GrpcService (GrpcService.java:closeImpl(278)) - s0: shutdown server with port 46829 successfully
2022-07-04 07:13:34,515 [java.util.concurrent.ThreadPoolExecutor$Worker@11b332e0[State = -1, empty queue]] INFO  server.GrpcService (GrpcService.java:closeImpl(269)) - s0: shutdown server with port 33081 now
2022-07-04 07:13:34,516 [java.util.concurrent.ThreadPoolExecutor$Worker@11b332e0[State = -1, empty queue]] INFO  server.GrpcService (GrpcService.java:closeImpl(278)) - s0: shutdown server with port 33081 successfully
2022-07-04 07:13:34,516 [java.util.concurrent.ThreadPoolExecutor$Worker@11b332e0[State = -1, empty queue]] INFO  server.GrpcService (GrpcService.java:closeImpl(269)) - s0: shutdown server with port 38933 now
2022-07-04 07:13:34,516 [java.util.concurrent.ThreadPoolExecutor$Worker@11b332e0[State = -1, empty queue]] INFO  server.GrpcService (GrpcService.java:closeImpl(278)) - s0: shutdown server with port 38933 successfully
2022-07-04 07:13:34,517 [org.apache.ratis.util.JvmPauseMonitor$$Lambda$265/1304952153@5b5e5b4d] INFO  util.JvmPauseMonitor (JvmPauseMonitor.java:run(109)) - JvmPauseMonitor-s0: Stopped
2022-07-04 07:13:34,520 [java.util.concurrent.ThreadPoolExecutor$Worker@58e532c3[State = -1, empty queue]] INFO  server.GrpcService (GrpcService.java:closeImpl(269)) - s2: shutdown server with port 38547 now
2022-07-04 07:13:34,520 [java.util.concurrent.ThreadPoolExecutor$Worker@58e532c3[State = -1, empty queue]] INFO  server.GrpcService (GrpcService.java:closeImpl(278)) - s2: shutdown server with port 38547 successfully
2022-07-04 07:13:34,520 [java.util.concurrent.ThreadPoolExecutor$Worker@58e532c3[State = -1, empty queue]] INFO  server.GrpcService (GrpcService.java:closeImpl(269)) - s2: shutdown server with port 37085 now
2022-07-04 07:13:34,521 [java.util.concurrent.ThreadPoolExecutor$Worker@58e532c3[State = -1, empty queue]] INFO  server.GrpcService (GrpcService.java:closeImpl(278)) - s2: shutdown server with port 37085 successfully
2022-07-04 07:13:34,521 [java.util.concurrent.ThreadPoolExecutor$Worker@58e532c3[State = -1, empty queue]] INFO  server.GrpcService (GrpcService.java:closeImpl(269)) - s2: shutdown server with port 34761 now
2022-07-04 07:13:34,521 [java.util.concurrent.ThreadPoolExecutor$Worker@58e532c3[State = -1, empty queue]] INFO  server.GrpcService (GrpcService.java:closeImpl(278)) - s2: shutdown server with port 34761 successfully
2022-07-04 07:13:34,521 [org.apache.ratis.util.JvmPauseMonitor$$Lambda$265/1304952153@48d9bf21] INFO  util.JvmPauseMonitor (JvmPauseMonitor.java:run(109)) - JvmPauseMonitor-s2: Stopped
2022-07-04 07:13:34,522 [Time-limited test] INFO  impl.MiniRaftCluster (MiniRaftCluster.java:shutdown(783)) - MiniRaftClusterWithGrpc shutdown completed
]]></system-out>
  </testcase>
  <testcase name="testInstallSnapshotNotificationCount" classname="org.apache.ratis.grpc.TestInstallSnapshotNotificationWithGrpc" time="3.764"/>
</testsuite>