<?xml version="1.0" encoding="UTF-8"?>
<testsuite xmlns:xsi="http://www.w3.org/2001/XMLSchema-instance" xsi:noNamespaceSchemaLocation="https://maven.apache.org/surefire/maven-surefire-plugin/xsd/surefire-test-report.xsd" name="org.apache.ratis.datastream.TestNettyDataStreamStarTopologyWithGrpcCluster" time="394.941" tests="4" errors="1" skipped="0" failures="0">
  <properties>
    <property name="awt.toolkit" value="sun.awt.X11.XToolkit"/>
    <property name="java.specification.version" value="11"/>
    <property name="sun.cpu.isalist" value=""/>
    <property name="sun.jnu.encoding" value="UTF-8"/>
    <property name="java.class.path" value="/home/runner/work/ratis/ratis/ratis-test/target/test-classes:/home/runner/work/ratis/ratis/ratis-test/target/classes:/home/runner/work/ratis/ratis/ratis-common/target/classes:/home/runner/.m2/repository/org/apache/ratis/ratis-thirdparty-misc/1.0.2/ratis-thirdparty-misc-1.0.2.jar:/home/runner/work/ratis/ratis/ratis-proto/target/ratis-proto-3.0.0-SNAPSHOT.jar:/home/runner/work/ratis/ratis/ratis-common/target/test-classes:/home/runner/work/ratis/ratis/ratis-client/target/classes:/home/runner/work/ratis/ratis/ratis-server/target/classes:/home/runner/work/ratis/ratis/ratis-server-api/target/classes:/home/runner/work/ratis/ratis/ratis-metrics-api/target/classes:/home/runner/work/ratis/ratis/ratis-server/target/test-classes:/home/runner/work/ratis/ratis/ratis-metrics-default/target/classes:/home/runner/work/ratis/ratis/ratis-netty/target/classes:/home/runner/work/ratis/ratis/ratis-netty/target/test-classes:/home/runner/work/ratis/ratis/ratis-grpc/target/classes:/home/runner/work/ratis/ratis/ratis-grpc/target/test-classes:/home/runner/.m2/repository/org/slf4j/slf4j-api/1.7.29/slf4j-api-1.7.29.jar:/home/runner/.m2/repository/org/slf4j/slf4j-log4j12/1.7.29/slf4j-log4j12-1.7.29.jar:/home/runner/.m2/repository/log4j/log4j/1.2.17/log4j-1.2.17.jar:/home/runner/.m2/repository/junit/junit/4.13.2/junit-4.13.2.jar:/home/runner/.m2/repository/org/hamcrest/hamcrest-core/1.3/hamcrest-core-1.3.jar:/home/runner/.m2/repository/org/mockito/mockito-core/4.3.1/mockito-core-4.3.1.jar:/home/runner/.m2/repository/net/bytebuddy/byte-buddy/1.12.7/byte-buddy-1.12.7.jar:/home/runner/.m2/repository/net/bytebuddy/byte-buddy-agent/1.12.7/byte-buddy-agent-1.12.7.jar:/home/runner/.m2/repository/org/objenesis/objenesis/3.2/objenesis-3.2.jar:/home/runner/work/ratis/ratis/ratis-shell/target/classes:/home/runner/.m2/repository/commons-cli/commons-cli/1.5.0/commons-cli-1.5.0.jar:/home/runner/.m2/repository/org/slf4j/slf4j-simple/1.7.29/slf4j-simple-1.7.29.jar:/home/runner/.m2/repository/org/reflections/reflections/0.10.2/reflections-0.10.2.jar:/home/runner/.m2/repository/org/javassist/javassist/3.28.0-GA/javassist-3.28.0-GA.jar:/home/runner/.m2/repository/com/google/code/findbugs/jsr305/3.0.2/jsr305-3.0.2.jar:"/>
    <property name="java.vm.vendor" value="Eclipse Adoptium"/>
    <property name="sun.arch.data.model" value="64"/>
    <property name="java.vendor.url" value="https://adoptium.net/"/>
    <property name="user.timezone" value=""/>
    <property name="java.vm.specification.version" value="11"/>
    <property name="os.name" value="Linux"/>
    <property name="sun.java.launcher" value="SUN_STANDARD"/>
    <property name="sun.boot.library.path" value="/usr/lib/jvm/temurin-11-jdk-amd64/lib"/>
    <property name="sun.java.command" value="/home/runner/work/ratis/ratis/ratis-test/target/surefire/surefirebooter8527060323427115870.jar /home/runner/work/ratis/ratis/ratis-test/target/surefire 2022-10-20T09-02-40_265-jvmRun1 surefire17123868821653382833tmp surefire_711479075565998159423tmp"/>
    <property name="jdk.debug" value="release"/>
    <property name="surefire.test.class.path" value="/home/runner/work/ratis/ratis/ratis-test/target/test-classes:/home/runner/work/ratis/ratis/ratis-test/target/classes:/home/runner/work/ratis/ratis/ratis-common/target/classes:/home/runner/.m2/repository/org/apache/ratis/ratis-thirdparty-misc/1.0.2/ratis-thirdparty-misc-1.0.2.jar:/home/runner/work/ratis/ratis/ratis-proto/target/ratis-proto-3.0.0-SNAPSHOT.jar:/home/runner/work/ratis/ratis/ratis-common/target/test-classes:/home/runner/work/ratis/ratis/ratis-client/target/classes:/home/runner/work/ratis/ratis/ratis-server/target/classes:/home/runner/work/ratis/ratis/ratis-server-api/target/classes:/home/runner/work/ratis/ratis/ratis-metrics-api/target/classes:/home/runner/work/ratis/ratis/ratis-server/target/test-classes:/home/runner/work/ratis/ratis/ratis-metrics-default/target/classes:/home/runner/work/ratis/ratis/ratis-netty/target/classes:/home/runner/work/ratis/ratis/ratis-netty/target/test-classes:/home/runner/work/ratis/ratis/ratis-grpc/target/classes:/home/runner/work/ratis/ratis/ratis-grpc/target/test-classes:/home/runner/.m2/repository/org/slf4j/slf4j-api/1.7.29/slf4j-api-1.7.29.jar:/home/runner/.m2/repository/org/slf4j/slf4j-log4j12/1.7.29/slf4j-log4j12-1.7.29.jar:/home/runner/.m2/repository/log4j/log4j/1.2.17/log4j-1.2.17.jar:/home/runner/.m2/repository/junit/junit/4.13.2/junit-4.13.2.jar:/home/runner/.m2/repository/org/hamcrest/hamcrest-core/1.3/hamcrest-core-1.3.jar:/home/runner/.m2/repository/org/mockito/mockito-core/4.3.1/mockito-core-4.3.1.jar:/home/runner/.m2/repository/net/bytebuddy/byte-buddy/1.12.7/byte-buddy-1.12.7.jar:/home/runner/.m2/repository/net/bytebuddy/byte-buddy-agent/1.12.7/byte-buddy-agent-1.12.7.jar:/home/runner/.m2/repository/org/objenesis/objenesis/3.2/objenesis-3.2.jar:/home/runner/work/ratis/ratis/ratis-shell/target/classes:/home/runner/.m2/repository/commons-cli/commons-cli/1.5.0/commons-cli-1.5.0.jar:/home/runner/.m2/repository/org/slf4j/slf4j-simple/1.7.29/slf4j-simple-1.7.29.jar:/home/runner/.m2/repository/org/reflections/reflections/0.10.2/reflections-0.10.2.jar:/home/runner/.m2/repository/org/javassist/javassist/3.28.0-GA/javassist-3.28.0-GA.jar:/home/runner/.m2/repository/com/google/code/findbugs/jsr305/3.0.2/jsr305-3.0.2.jar:"/>
    <property name="sun.cpu.endian" value="little"/>
    <property name="user.home" value="/home/runner"/>
    <property name="user.language" value="en"/>
    <property name="java.specification.vendor" value="Oracle Corporation"/>
    <property name="java.version.date" value="2022-08-12"/>
    <property name="java.home" value="/usr/lib/jvm/temurin-11-jdk-amd64"/>
    <property name="file.separator" value="/"/>
    <property name="basedir" value="/home/runner/work/ratis/ratis/ratis-test"/>
    <property name="java.vm.compressedOopsMode" value="32-bit"/>
    <property name="line.separator" value="&#10;"/>
    <property name="java.specification.name" value="Java Platform API Specification"/>
    <property name="java.vm.specification.vendor" value="Oracle Corporation"/>
    <property name="java.awt.graphicsenv" value="sun.awt.X11GraphicsEnvironment"/>
    <property name="surefire.real.class.path" value="/home/runner/work/ratis/ratis/ratis-test/target/surefire/surefirebooter8527060323427115870.jar"/>
    <property name="sun.management.compiler" value="HotSpot 64-Bit Tiered Compilers"/>
    <property name="java.runtime.version" value="11.0.16.1+1"/>
    <property name="user.name" value="runner"/>
    <property name="java.net.preferIPv4Stack" value="true"/>
    <property name="path.separator" value=":"/>
    <property name="os.version" value="5.15.0-1020-azure"/>
    <property name="java.runtime.name" value="OpenJDK Runtime Environment"/>
    <property name="file.encoding" value="UTF-8"/>
    <property name="java.vm.name" value="OpenJDK 64-Bit Server VM"/>
    <property name="java.vendor.version" value="Temurin-11.0.16.1+1"/>
    <property name="localRepository" value="/home/runner/.m2/repository"/>
    <property name="java.vendor.url.bug" value="https://github.com/adoptium/adoptium-support/issues"/>
    <property name="java.io.tmpdir" value="/tmp"/>
    <property name="java.version" value="11.0.16.1"/>
    <property name="user.dir" value="/home/runner/work/ratis/ratis/ratis-test"/>
    <property name="os.arch" value="amd64"/>
    <property name="ratis.tmp.dir" value="/home/runner/work/ratis/ratis/ratis-test/target/tmp"/>
    <property name="java.vm.specification.name" value="Java Virtual Machine Specification"/>
    <property name="java.awt.printerjob" value="sun.print.PSPrinterJob"/>
    <property name="ratis.log.dir" value="/home/runner/work/ratis/ratis/ratis-test/target/log"/>
    <property name="sun.os.patch.level" value="unknown"/>
    <property name="java.library.path" value="/usr/java/packages/lib:/usr/lib64:/lib64:/lib:/usr/lib"/>
    <property name="java.vm.info" value="mixed mode"/>
    <property name="java.vendor" value="Eclipse Adoptium"/>
    <property name="java.vm.version" value="11.0.16.1+1"/>
    <property name="sun.io.unicode.encoding" value="UnicodeLittle"/>
    <property name="java.class.version" value="55.0"/>
  </properties>
  <testcase name="testMultipleStreamsSingleServer" classname="org.apache.ratis.datastream.TestNettyDataStreamStarTopologyWithGrpcCluster" time="16.553"/>
  <testcase name="testMultipleStreamsMultipleServers" classname="org.apache.ratis.datastream.TestNettyDataStreamStarTopologyWithGrpcCluster" time="72.818"/>
  <testcase name="testMultipleStreamsMultipleServersStepDownLeader" classname="org.apache.ratis.datastream.TestNettyDataStreamStarTopologyWithGrpcCluster" time="300.014">
    <error message="test timed out after 300 seconds" type="org.junit.runners.model.TestTimedOutException">org.junit.runners.model.TestTimedOutException: test timed out after 300 seconds
	at java.base@11.0.16.1/jdk.internal.misc.Unsafe.park(Native Method)
	at java.base@11.0.16.1/java.util.concurrent.locks.LockSupport.park(LockSupport.java:194)
	at java.base@11.0.16.1/java.util.concurrent.CompletableFuture$Signaller.block(CompletableFuture.java:1796)
	at java.base@11.0.16.1/java.util.concurrent.ForkJoinPool.managedBlock(ForkJoinPool.java:3128)
	at java.base@11.0.16.1/java.util.concurrent.CompletableFuture.waitingGet(CompletableFuture.java:1823)
	at java.base@11.0.16.1/java.util.concurrent.CompletableFuture.join(CompletableFuture.java:2043)
	at app//org.apache.ratis.datastream.DataStreamAsyncClusterTests$$Lambda$503/0x000000010033e040.apply(Unknown Source)
	at java.base@11.0.16.1/java.util.stream.ReferencePipeline$3$1.accept(ReferencePipeline.java:195)
	at java.base@11.0.16.1/java.util.ArrayList$ArrayListSpliterator.forEachRemaining(ArrayList.java:1655)
	at java.base@11.0.16.1/java.util.stream.AbstractPipeline.copyInto(AbstractPipeline.java:484)
	at java.base@11.0.16.1/java.util.stream.AbstractPipeline.wrapAndCopyInto(AbstractPipeline.java:474)
	at java.base@11.0.16.1/java.util.stream.ReduceOps$ReduceOp.evaluateSequential(ReduceOps.java:913)
	at java.base@11.0.16.1/java.util.stream.AbstractPipeline.evaluate(AbstractPipeline.java:234)
	at java.base@11.0.16.1/java.util.stream.ReferencePipeline.reduce(ReferencePipeline.java:558)
	at java.base@11.0.16.1/java.util.stream.ReferencePipeline.max(ReferencePipeline.java:594)
	at app//org.apache.ratis.datastream.DataStreamAsyncClusterTests.runTestDataStream(DataStreamAsyncClusterTests.java:97)
	at app//org.apache.ratis.datastream.DataStreamAsyncClusterTests.runTestDataStreamStepDownLeader(DataStreamAsyncClusterTests.java:82)
	at app//org.apache.ratis.datastream.DataStreamAsyncClusterTests$$Lambda$948/0x00000001004a7c40.accept(Unknown Source)
	at app//org.apache.ratis.server.impl.MiniRaftCluster$Factory$Get.runWithNewCluster(MiniRaftCluster.java:141)
	at app//org.apache.ratis.server.impl.MiniRaftCluster$Factory$Get.runWithNewCluster(MiniRaftCluster.java:121)
	at app//org.apache.ratis.datastream.DataStreamAsyncClusterTests.testMultipleStreamsMultipleServersStepDownLeader(DataStreamAsyncClusterTests.java:78)
	at java.base@11.0.16.1/jdk.internal.reflect.NativeMethodAccessorImpl.invoke0(Native Method)
	at java.base@11.0.16.1/jdk.internal.reflect.NativeMethodAccessorImpl.invoke(NativeMethodAccessorImpl.java:62)
	at java.base@11.0.16.1/jdk.internal.reflect.DelegatingMethodAccessorImpl.invoke(DelegatingMethodAccessorImpl.java:43)
	at java.base@11.0.16.1/java.lang.reflect.Method.invoke(Method.java:566)
	at app//org.junit.runners.model.FrameworkMethod$1.runReflectiveCall(FrameworkMethod.java:59)
	at app//org.junit.internal.runners.model.ReflectiveCallable.run(ReflectiveCallable.java:12)
	at app//org.junit.runners.model.FrameworkMethod.invokeExplosively(FrameworkMethod.java:56)
	at app//org.junit.internal.runners.statements.InvokeMethod.evaluate(InvokeMethod.java:17)
	at app//org.junit.internal.runners.statements.RunBefores.evaluate(RunBefores.java:26)
	at app//org.junit.internal.runners.statements.RunAfters.evaluate(RunAfters.java:27)
	at app//org.junit.internal.runners.statements.FailOnTimeout$CallableStatement.call(FailOnTimeout.java:299)
	at app//org.junit.internal.runners.statements.FailOnTimeout$CallableStatement.call(FailOnTimeout.java:293)
	at java.base@11.0.16.1/java.util.concurrent.FutureTask.run(FutureTask.java:264)
	at java.base@11.0.16.1/java.lang.Thread.run(Thread.java:829)
</error>
    <system-out><![CDATA[2022-10-20 09:07:37,775 [main] INFO  util.LogUtils (Log4jUtils.java:setLogLevel(32)) - Set org.apache.ratis.conf.ConfUtils log level to WARN
2022-10-20 09:07:37,776 [main] INFO  util.LogUtils (Log4jUtils.java:setLogLevel(32)) - Set org.apache.ratis.util.FileUtils log level to TRACE
2022-10-20 09:07:37,777 [Time-limited test] INFO  impl.MiniRaftCluster (MiniRaftCluster.java:runWithNewCluster(135)) - Running runWithNewCluster
2022-10-20 09:07:37,778 [Time-limited test] INFO  impl.MiniRaftCluster (MiniRaftCluster.java:<init>(306)) - new MiniRaftClusterWithRpcTypeGrpcAndDataStreamTypeNetty with group-4D961C7EB769:[s0|rpc:localhost:34285|admin:localhost:46479|client:localhost:45349|dataStream:localhost:34817|priority:0|startupRole:FOLLOWER, s1|rpc:localhost:36349|admin:localhost:44151|client:localhost:32813|dataStream:localhost:35611|priority:0|startupRole:FOLLOWER, s2|rpc:localhost:42199|admin:localhost:38403|client:localhost:35043|dataStream:localhost:38209|priority:0|startupRole:FOLLOWER]
2022-10-20 09:07:37,781 [Time-limited test] INFO  impl.MiniRaftCluster (MiniRaftCluster.java:start(339)) - .............................................................. 
2022-10-20 09:07:37,781 [Time-limited test] INFO  impl.MiniRaftCluster (MiniRaftCluster.java:start(340)) - ... 
2022-10-20 09:07:37,782 [Time-limited test] INFO  impl.MiniRaftCluster (MiniRaftCluster.java:start(341)) - ...     Starting MiniRaftClusterWithRpcTypeGrpcAndDataStreamTypeNetty
2022-10-20 09:07:37,782 [Time-limited test] INFO  impl.MiniRaftCluster (MiniRaftCluster.java:start(342)) - ... 
2022-10-20 09:07:37,782 [Time-limited test] INFO  impl.MiniRaftCluster (MiniRaftCluster.java:start(343)) - .............................................................. 
2022-10-20 09:07:37,782 [Time-limited test] INFO  impl.MiniRaftCluster (MiniRaftCluster.java:initServers(318)) - servers = {}
2022-10-20 09:07:37,782 [Time-limited test] INFO  impl.MiniRaftCluster (MiniRaftCluster.java:newRaftServer(382)) - newRaftServer: s0, group-4D961C7EB769:[s0|rpc:localhost:34285|admin:localhost:46479|client:localhost:45349|dataStream:localhost:34817|priority:0|startupRole:FOLLOWER, s1|rpc:localhost:36349|admin:localhost:44151|client:localhost:32813|dataStream:localhost:35611|priority:0|startupRole:FOLLOWER, s2|rpc:localhost:42199|admin:localhost:38403|client:localhost:35043|dataStream:localhost:38209|priority:0|startupRole:FOLLOWER], format? true
2022-10-20 09:07:37,782 [Time-limited test] TRACE util.FileUtils (FileUtils.java:deleteFully(168)) - deleteFully target/test/data/f8e7fc7e/MiniRaftClusterWithRpcTypeGrpcAndDataStreamTypeNetty40992780/s0
2022-10-20 09:07:37,782 [Time-limited test] TRACE util.FileUtils (FileUtils.java:deleteFully(184)) - deleteFully: target/test/data/f8e7fc7e/MiniRaftClusterWithRpcTypeGrpcAndDataStreamTypeNetty40992780/s0 does not exist.
2022-10-20 09:07:37,782 [Time-limited test] INFO  impl.MiniRaftCluster (MiniRaftCluster.java:newRaftServer(387)) - Formatted directory target/test/data/f8e7fc7e/MiniRaftClusterWithRpcTypeGrpcAndDataStreamTypeNetty40992780/s0
2022-10-20 09:07:37,783 [Time-limited test] INFO  server.RaftServer (ConfUtils.java:logGet(46)) - raft.rpc.type = GRPC (default)
2022-10-20 09:07:37,783 [Time-limited test] INFO  grpc.GrpcConfigKeys (ConfUtils.java:logFallback(53)) - raft.grpc.admin.host = null (fallback to raft.grpc.server.host)
2022-10-20 09:07:37,784 [Time-limited test] INFO  grpc.GrpcConfigKeys (ConfUtils.java:logGet(46)) - raft.grpc.admin.port = 46479 (custom)
2022-10-20 09:07:37,784 [Time-limited test] INFO  grpc.GrpcConfigKeys (ConfUtils.java:logFallback(53)) - raft.grpc.client.host = null (fallback to raft.grpc.server.host)
2022-10-20 09:07:37,784 [Time-limited test] INFO  grpc.GrpcConfigKeys (ConfUtils.java:logGet(46)) - raft.grpc.client.port = 45349 (custom)
2022-10-20 09:07:37,784 [Time-limited test] INFO  grpc.GrpcConfigKeys (ConfUtils.java:logGet(46)) - raft.grpc.server.host = null (default)
2022-10-20 09:07:37,784 [Time-limited test] INFO  grpc.GrpcConfigKeys (ConfUtils.java:logGet(46)) - raft.grpc.server.port = 34285 (custom)
2022-10-20 09:07:37,784 [Time-limited test] INFO  server.GrpcService (ConfUtils.java:logGet(46)) - raft.grpc.message.size.max = 64MB (=67108864) (default)
2022-10-20 09:07:37,784 [Time-limited test] INFO  server.RaftServerConfigKeys (ConfUtils.java:logGet(46)) - raft.server.log.appender.buffer.byte-limit = 4MB (=4194304) (default)
2022-10-20 09:07:37,784 [Time-limited test] INFO  server.GrpcService (ConfUtils.java:logGet(46)) - raft.grpc.flow.control.window = 1MB (=1048576) (default)
2022-10-20 09:07:37,785 [Time-limited test] INFO  server.RaftServerConfigKeys (ConfUtils.java:logGet(46)) - raft.server.rpc.request.timeout = 3000ms (default)
2022-10-20 09:07:37,785 [Time-limited test] INFO  grpc.GrpcConfigKeys (ConfUtils.java:logGet(46)) - raft.grpc.server.heartbeat.channel = true (default)
2022-10-20 09:07:37,785 [Time-limited test] INFO  grpc.GrpcConfigKeys (ConfUtils.java:logGet(46)) - raft.grpc.server.async.request.thread.pool.cached = true (default)
2022-10-20 09:07:37,785 [Time-limited test] INFO  grpc.GrpcConfigKeys (ConfUtils.java:logGet(46)) - raft.grpc.server.async.request.thread.pool.size = 32 (default)
2022-10-20 09:07:37,787 [Time-limited test] INFO  impl.DataStreamServerImpl (ConfUtils.java:logGet(46)) - raft.datastream.type = NETTY (custom)
2022-10-20 09:07:37,787 [Time-limited test] INFO  netty.NettyConfigKeys$DataStream (ConfUtils.java:logGet(46)) - raft.netty.dataStream.server.tls.conf = null (default)
2022-10-20 09:07:37,787 [Time-limited test] INFO  server.RaftServerConfigKeys (ConfUtils.java:logGet(46)) - raft.server.data-stream.async.request.thread.pool.cached = false (default)
2022-10-20 09:07:37,787 [Time-limited test] INFO  server.RaftServerConfigKeys (ConfUtils.java:logGet(46)) - raft.server.data-stream.async.request.thread.pool.size = 32 (default)
2022-10-20 09:07:37,787 [Time-limited test] INFO  server.RaftServerConfigKeys (ConfUtils.java:logGet(46)) - raft.server.data-stream.async.write.thread.pool.size = 16 (default)
2022-10-20 09:07:37,787 [Time-limited test] INFO  server.RaftServerConfigKeys (ConfUtils.java:logGet(46)) - raft.server.data-stream.client.pool.size = 10 (default)
2022-10-20 09:07:37,788 [Time-limited test] INFO  netty.NettyConfigKeys$DataStream (ConfUtils.java:logGet(46)) - raft.netty.dataStream.server.use-epoll = false (default)
2022-10-20 09:07:37,788 [Time-limited test] INFO  netty.NettyConfigKeys$DataStream (ConfUtils.java:logGet(46)) - raft.netty.dataStream.server.boss-group.size = 0 (default)
2022-10-20 09:07:37,788 [Time-limited test] INFO  netty.NettyConfigKeys$DataStream (ConfUtils.java:logGet(46)) - raft.netty.dataStream.server.worker-group.size = 0 (default)
2022-10-20 09:07:37,788 [Time-limited test] INFO  netty.NettyConfigKeys$DataStream (ConfUtils.java:logGet(46)) - raft.netty.dataStream.host = null (default)
2022-10-20 09:07:37,789 [Time-limited test] INFO  netty.NettyConfigKeys$DataStream (ConfUtils.java:logGet(46)) - raft.netty.dataStream.port = 34817 (custom)
2022-10-20 09:07:37,789 [Time-limited test] INFO  server.RaftServerConfigKeys (ConfUtils.java:logGet(46)) - raft.server.threadpool.proxy.cached = true (default)
2022-10-20 09:07:37,789 [Time-limited test] INFO  server.RaftServerConfigKeys (ConfUtils.java:logGet(46)) - raft.server.threadpool.proxy.size = 0 (default)
2022-10-20 09:07:37,789 [Time-limited test] INFO  server.RaftServerConfigKeys (ConfUtils.java:logGet(46)) - raft.server.rpc.slowness.timeout = 60s (default)
2022-10-20 09:07:37,789 [Time-limited test] INFO  server.RaftServerConfigKeys (ConfUtils.java:logGet(46)) - raft.server.leaderelection.leader.step-down.wait-time = 10s (default)
2022-10-20 09:07:37,790 [Time-limited test] INFO  server.RaftServerConfigKeys (ConfUtils.java:logGet(46)) - raft.server.storage.dir = [/home/runner/work/ratis/ratis/ratis-test/target/test/data/f8e7fc7e/MiniRaftClusterWithRpcTypeGrpcAndDataStreamTypeNetty40992780/s0] (custom)
2022-10-20 09:07:37,790 [s0-NettyServerStreamRpc-bossGroup--thread1] INFO  logging.LoggingHandler (AbstractInternalLogger.java:log(148)) - [id: 0x8d452f27] REGISTERED
2022-10-20 09:07:37,791 [pool-10-thread-1] INFO  server.RaftServer$Division (RaftServerImpl.java:<init>(198)) - s0: new RaftServerImpl for group-4D961C7EB769:[s0|rpc:localhost:34285|admin:localhost:46479|client:localhost:45349|dataStream:localhost:34817|priority:0|startupRole:FOLLOWER, s1|rpc:localhost:36349|admin:localhost:44151|client:localhost:32813|dataStream:localhost:35611|priority:0|startupRole:FOLLOWER, s2|rpc:localhost:42199|admin:localhost:38403|client:localhost:35043|dataStream:localhost:38209|priority:0|startupRole:FOLLOWER] with MultiDataStreamStateMachine:uninitialized
2022-10-20 09:07:37,791 [s0-NettyServerStreamRpc-bossGroup--thread1] INFO  logging.LoggingHandler (AbstractInternalLogger.java:log(148)) - [id: 0x8d452f27] BIND: 0.0.0.0/0.0.0.0:34817
2022-10-20 09:07:37,792 [s0-NettyServerStreamRpc-bossGroup--thread1] INFO  logging.LoggingHandler (AbstractInternalLogger.java:log(148)) - [id: 0x8d452f27, L:/0.0.0.0:34817] ACTIVE
2022-10-20 09:07:37,790 [Time-limited test] INFO  server.RaftServer (RaftServerProxy.java:addNew(99)) - s0: addNew group-4D961C7EB769:[s0|rpc:localhost:34285|admin:localhost:46479|client:localhost:45349|dataStream:localhost:34817|priority:0|startupRole:FOLLOWER, s1|rpc:localhost:36349|admin:localhost:44151|client:localhost:32813|dataStream:localhost:35611|priority:0|startupRole:FOLLOWER, s2|rpc:localhost:42199|admin:localhost:38403|client:localhost:35043|dataStream:localhost:38209|priority:0|startupRole:FOLLOWER] returns group-4D961C7EB769:java.util.concurrent.CompletableFuture@2c523236[Not completed]
2022-10-20 09:07:37,792 [pool-10-thread-1] INFO  server.RaftServerConfigKeys (ConfUtils.java:logGet(46)) - raft.server.rpc.timeout.min = 150ms (default)
2022-10-20 09:07:37,793 [pool-10-thread-1] INFO  server.RaftServerConfigKeys (ConfUtils.java:logGet(46)) - raft.server.rpc.timeout.max = 300ms (default)
2022-10-20 09:07:37,793 [pool-10-thread-1] INFO  server.RaftServerConfigKeys (ConfUtils.java:logGet(46)) - raft.server.rpc.sleep.time = 25ms (default)
2022-10-20 09:07:37,793 [pool-10-thread-1] INFO  server.RaftServerConfigKeys (ConfUtils.java:logGet(46)) - raft.server.rpc.slowness.timeout = 60s (default)
2022-10-20 09:07:37,793 [Time-limited test] INFO  impl.MiniRaftCluster (MiniRaftCluster.java:newRaftServer(382)) - newRaftServer: s1, group-4D961C7EB769:[s0|rpc:localhost:34285|admin:localhost:46479|client:localhost:45349|dataStream:localhost:34817|priority:0|startupRole:FOLLOWER, s1|rpc:localhost:36349|admin:localhost:44151|client:localhost:32813|dataStream:localhost:35611|priority:0|startupRole:FOLLOWER, s2|rpc:localhost:42199|admin:localhost:38403|client:localhost:35043|dataStream:localhost:38209|priority:0|startupRole:FOLLOWER], format? true
2022-10-20 09:07:37,794 [Time-limited test] TRACE util.FileUtils (FileUtils.java:deleteFully(168)) - deleteFully target/test/data/f8e7fc7e/MiniRaftClusterWithRpcTypeGrpcAndDataStreamTypeNetty40992780/s1
2022-10-20 09:07:37,794 [Time-limited test] TRACE util.FileUtils (FileUtils.java:deleteFully(184)) - deleteFully: target/test/data/f8e7fc7e/MiniRaftClusterWithRpcTypeGrpcAndDataStreamTypeNetty40992780/s1 does not exist.
2022-10-20 09:07:37,794 [Time-limited test] INFO  impl.MiniRaftCluster (MiniRaftCluster.java:newRaftServer(387)) - Formatted directory target/test/data/f8e7fc7e/MiniRaftClusterWithRpcTypeGrpcAndDataStreamTypeNetty40992780/s1
2022-10-20 09:07:37,795 [Time-limited test] INFO  server.RaftServer (ConfUtils.java:logGet(46)) - raft.rpc.type = GRPC (default)
2022-10-20 09:07:37,795 [Time-limited test] INFO  grpc.GrpcConfigKeys (ConfUtils.java:logFallback(53)) - raft.grpc.admin.host = null (fallback to raft.grpc.server.host)
2022-10-20 09:07:37,795 [Time-limited test] INFO  grpc.GrpcConfigKeys (ConfUtils.java:logGet(46)) - raft.grpc.admin.port = 44151 (custom)
2022-10-20 09:07:37,795 [Time-limited test] INFO  grpc.GrpcConfigKeys (ConfUtils.java:logFallback(53)) - raft.grpc.client.host = null (fallback to raft.grpc.server.host)
2022-10-20 09:07:37,795 [Time-limited test] INFO  grpc.GrpcConfigKeys (ConfUtils.java:logGet(46)) - raft.grpc.client.port = 32813 (custom)
2022-10-20 09:07:37,795 [Time-limited test] INFO  grpc.GrpcConfigKeys (ConfUtils.java:logGet(46)) - raft.grpc.server.host = null (default)
2022-10-20 09:07:37,795 [Time-limited test] INFO  grpc.GrpcConfigKeys (ConfUtils.java:logGet(46)) - raft.grpc.server.port = 36349 (custom)
2022-10-20 09:07:37,795 [Time-limited test] INFO  server.GrpcService (ConfUtils.java:logGet(46)) - raft.grpc.message.size.max = 64MB (=67108864) (default)
2022-10-20 09:07:37,795 [Time-limited test] INFO  server.RaftServerConfigKeys (ConfUtils.java:logGet(46)) - raft.server.log.appender.buffer.byte-limit = 4MB (=4194304) (default)
2022-10-20 09:07:37,795 [Time-limited test] INFO  server.GrpcService (ConfUtils.java:logGet(46)) - raft.grpc.flow.control.window = 1MB (=1048576) (default)
2022-10-20 09:07:37,795 [Time-limited test] INFO  server.RaftServerConfigKeys (ConfUtils.java:logGet(46)) - raft.server.rpc.request.timeout = 3000ms (default)
2022-10-20 09:07:37,795 [Time-limited test] INFO  grpc.GrpcConfigKeys (ConfUtils.java:logGet(46)) - raft.grpc.server.heartbeat.channel = true (default)
2022-10-20 09:07:37,796 [Time-limited test] INFO  grpc.GrpcConfigKeys (ConfUtils.java:logGet(46)) - raft.grpc.server.async.request.thread.pool.cached = true (default)
2022-10-20 09:07:37,796 [Time-limited test] INFO  grpc.GrpcConfigKeys (ConfUtils.java:logGet(46)) - raft.grpc.server.async.request.thread.pool.size = 32 (default)
2022-10-20 09:07:37,797 [Time-limited test] INFO  impl.DataStreamServerImpl (ConfUtils.java:logGet(46)) - raft.datastream.type = NETTY (custom)
2022-10-20 09:07:37,797 [Time-limited test] INFO  netty.NettyConfigKeys$DataStream (ConfUtils.java:logGet(46)) - raft.netty.dataStream.server.tls.conf = null (default)
2022-10-20 09:07:37,797 [Time-limited test] INFO  server.RaftServerConfigKeys (ConfUtils.java:logGet(46)) - raft.server.data-stream.async.request.thread.pool.cached = false (default)
2022-10-20 09:07:37,797 [Time-limited test] INFO  server.RaftServerConfigKeys (ConfUtils.java:logGet(46)) - raft.server.data-stream.async.request.thread.pool.size = 32 (default)
2022-10-20 09:07:37,797 [Time-limited test] INFO  server.RaftServerConfigKeys (ConfUtils.java:logGet(46)) - raft.server.data-stream.async.write.thread.pool.size = 16 (default)
2022-10-20 09:07:37,797 [Time-limited test] INFO  server.RaftServerConfigKeys (ConfUtils.java:logGet(46)) - raft.server.data-stream.client.pool.size = 10 (default)
2022-10-20 09:07:37,797 [Time-limited test] INFO  netty.NettyConfigKeys$DataStream (ConfUtils.java:logGet(46)) - raft.netty.dataStream.server.use-epoll = false (default)
2022-10-20 09:07:37,797 [Time-limited test] INFO  netty.NettyConfigKeys$DataStream (ConfUtils.java:logGet(46)) - raft.netty.dataStream.server.boss-group.size = 0 (default)
2022-10-20 09:07:37,797 [Time-limited test] INFO  netty.NettyConfigKeys$DataStream (ConfUtils.java:logGet(46)) - raft.netty.dataStream.server.worker-group.size = 0 (default)
2022-10-20 09:07:37,797 [Time-limited test] INFO  netty.NettyConfigKeys$DataStream (ConfUtils.java:logGet(46)) - raft.netty.dataStream.host = null (default)
2022-10-20 09:07:37,798 [Time-limited test] INFO  netty.NettyConfigKeys$DataStream (ConfUtils.java:logGet(46)) - raft.netty.dataStream.port = 35611 (custom)
2022-10-20 09:07:37,793 [pool-10-thread-1] INFO  server.RaftServerConfigKeys (ConfUtils.java:logGet(46)) - raft.server.leaderelection.leader.step-down.wait-time = 10s (default)
2022-10-20 09:07:37,803 [Time-limited test] INFO  server.RaftServerConfigKeys (ConfUtils.java:logGet(46)) - raft.server.threadpool.proxy.cached = true (default)
2022-10-20 09:07:37,803 [Time-limited test] INFO  server.RaftServerConfigKeys (ConfUtils.java:logGet(46)) - raft.server.threadpool.proxy.size = 0 (default)
2022-10-20 09:07:37,803 [Time-limited test] INFO  server.RaftServerConfigKeys (ConfUtils.java:logGet(46)) - raft.server.rpc.slowness.timeout = 60s (default)
2022-10-20 09:07:37,803 [Time-limited test] INFO  server.RaftServerConfigKeys (ConfUtils.java:logGet(46)) - raft.server.leaderelection.leader.step-down.wait-time = 10s (default)
2022-10-20 09:07:37,803 [Time-limited test] INFO  server.RaftServerConfigKeys (ConfUtils.java:logGet(46)) - raft.server.storage.dir = [/home/runner/work/ratis/ratis/ratis-test/target/test/data/f8e7fc7e/MiniRaftClusterWithRpcTypeGrpcAndDataStreamTypeNetty40992780/s1] (custom)
2022-10-20 09:07:37,803 [pool-10-thread-1] INFO  server.RaftServerConfigKeys (ConfUtils.java:logGet(46)) - raft.server.sleep.deviation.threshold = 300ms (default)
2022-10-20 09:07:37,804 [pool-10-thread-1] INFO  server.RaftServer$Division (ServerState.java:<init>(113)) - s0@group-4D961C7EB769: ConfigurationManager, init=-1: peers:[s0|rpc:localhost:34285|admin:localhost:46479|client:localhost:45349|dataStream:localhost:34817|priority:0|startupRole:FOLLOWER, s1|rpc:localhost:36349|admin:localhost:44151|client:localhost:32813|dataStream:localhost:35611|priority:0|startupRole:FOLLOWER, s2|rpc:localhost:42199|admin:localhost:38403|client:localhost:35043|dataStream:localhost:38209|priority:0|startupRole:FOLLOWER]|listeners:[], old=null, confs=<EMPTY_MAP>
2022-10-20 09:07:37,804 [pool-10-thread-1] INFO  server.RaftServerConfigKeys (ConfUtils.java:logGet(46)) - raft.server.notification.no-leader.timeout = 60s (default)
2022-10-20 09:07:37,804 [pool-10-thread-1] INFO  server.RaftServerConfigKeys (ConfUtils.java:logGet(46)) - raft.server.read.timeout = 10s (default)
2022-10-20 09:07:37,804 [pool-10-thread-1] INFO  server.RaftServerConfigKeys (ConfUtils.java:logGet(46)) - raft.server.retrycache.expirytime = 60s (default)
2022-10-20 09:07:37,804 [pool-10-thread-1] INFO  server.RaftServerConfigKeys (ConfUtils.java:logGet(46)) - raft.server.retrycache.statistics.expirytime = 100μs (default)
2022-10-20 09:07:37,804 [pool-10-thread-1] INFO  server.RaftServerConfigKeys (ConfUtils.java:logGet(46)) - raft.server.read.option = DEFAULT (default)
2022-10-20 09:07:37,815 [pool-10-thread-1] INFO  server.RaftServerConfigKeys (ConfUtils.java:logGet(46)) - raft.server.log.appender.install.snapshot.enabled = true (default)
2022-10-20 09:07:37,815 [pool-10-thread-1] INFO  server.RaftServerConfigKeys (ConfUtils.java:logGet(46)) - raft.server.threadpool.server.cached = true (default)
2022-10-20 09:07:37,815 [pool-10-thread-1] INFO  server.RaftServerConfigKeys (ConfUtils.java:logGet(46)) - raft.server.threadpool.server.size = 0 (default)
2022-10-20 09:07:37,815 [pool-10-thread-1] INFO  server.RaftServerConfigKeys (ConfUtils.java:logGet(46)) - raft.server.threadpool.client.cached = true (default)
2022-10-20 09:07:37,815 [pool-10-thread-1] INFO  server.RaftServerConfigKeys (ConfUtils.java:logGet(46)) - raft.server.threadpool.client.size = 0 (default)
2022-10-20 09:07:37,819 [s1-NettyServerStreamRpc-bossGroup--thread1] INFO  logging.LoggingHandler (AbstractInternalLogger.java:log(148)) - [id: 0xf8dfef1b] REGISTERED
2022-10-20 09:07:37,823 [s1-NettyServerStreamRpc-bossGroup--thread1] INFO  logging.LoggingHandler (AbstractInternalLogger.java:log(148)) - [id: 0xf8dfef1b] BIND: 0.0.0.0/0.0.0.0:35611
2022-10-20 09:07:37,824 [s1-NettyServerStreamRpc-bossGroup--thread1] INFO  logging.LoggingHandler (AbstractInternalLogger.java:log(148)) - [id: 0xf8dfef1b, L:/0.0.0.0:35611] ACTIVE
2022-10-20 09:07:37,830 [Time-limited test] INFO  server.RaftServer (RaftServerProxy.java:addNew(99)) - s1: addNew group-4D961C7EB769:[s0|rpc:localhost:34285|admin:localhost:46479|client:localhost:45349|dataStream:localhost:34817|priority:0|startupRole:FOLLOWER, s1|rpc:localhost:36349|admin:localhost:44151|client:localhost:32813|dataStream:localhost:35611|priority:0|startupRole:FOLLOWER, s2|rpc:localhost:42199|admin:localhost:38403|client:localhost:35043|dataStream:localhost:38209|priority:0|startupRole:FOLLOWER] returns group-4D961C7EB769:java.util.concurrent.CompletableFuture@6c576f8f[Not completed]
2022-10-20 09:07:37,831 [Time-limited test] INFO  impl.MiniRaftCluster (MiniRaftCluster.java:newRaftServer(382)) - newRaftServer: s2, group-4D961C7EB769:[s0|rpc:localhost:34285|admin:localhost:46479|client:localhost:45349|dataStream:localhost:34817|priority:0|startupRole:FOLLOWER, s1|rpc:localhost:36349|admin:localhost:44151|client:localhost:32813|dataStream:localhost:35611|priority:0|startupRole:FOLLOWER, s2|rpc:localhost:42199|admin:localhost:38403|client:localhost:35043|dataStream:localhost:38209|priority:0|startupRole:FOLLOWER], format? true
2022-10-20 09:07:37,831 [Time-limited test] TRACE util.FileUtils (FileUtils.java:deleteFully(168)) - deleteFully target/test/data/f8e7fc7e/MiniRaftClusterWithRpcTypeGrpcAndDataStreamTypeNetty40992780/s2
2022-10-20 09:07:37,831 [Time-limited test] TRACE util.FileUtils (FileUtils.java:deleteFully(184)) - deleteFully: target/test/data/f8e7fc7e/MiniRaftClusterWithRpcTypeGrpcAndDataStreamTypeNetty40992780/s2 does not exist.
2022-10-20 09:07:37,831 [Time-limited test] INFO  impl.MiniRaftCluster (MiniRaftCluster.java:newRaftServer(387)) - Formatted directory target/test/data/f8e7fc7e/MiniRaftClusterWithRpcTypeGrpcAndDataStreamTypeNetty40992780/s2
2022-10-20 09:07:37,832 [Time-limited test] INFO  server.RaftServer (ConfUtils.java:logGet(46)) - raft.rpc.type = GRPC (default)
2022-10-20 09:07:37,832 [Time-limited test] INFO  grpc.GrpcConfigKeys (ConfUtils.java:logFallback(53)) - raft.grpc.admin.host = null (fallback to raft.grpc.server.host)
2022-10-20 09:07:37,832 [Time-limited test] INFO  grpc.GrpcConfigKeys (ConfUtils.java:logGet(46)) - raft.grpc.admin.port = 38403 (custom)
2022-10-20 09:07:37,832 [Time-limited test] INFO  grpc.GrpcConfigKeys (ConfUtils.java:logFallback(53)) - raft.grpc.client.host = null (fallback to raft.grpc.server.host)
2022-10-20 09:07:37,832 [Time-limited test] INFO  grpc.GrpcConfigKeys (ConfUtils.java:logGet(46)) - raft.grpc.client.port = 35043 (custom)
2022-10-20 09:07:37,832 [Time-limited test] INFO  grpc.GrpcConfigKeys (ConfUtils.java:logGet(46)) - raft.grpc.server.host = null (default)
2022-10-20 09:07:37,832 [Time-limited test] INFO  grpc.GrpcConfigKeys (ConfUtils.java:logGet(46)) - raft.grpc.server.port = 42199 (custom)
2022-10-20 09:07:37,832 [Time-limited test] INFO  server.GrpcService (ConfUtils.java:logGet(46)) - raft.grpc.message.size.max = 64MB (=67108864) (default)
2022-10-20 09:07:37,832 [Time-limited test] INFO  server.RaftServerConfigKeys (ConfUtils.java:logGet(46)) - raft.server.log.appender.buffer.byte-limit = 4MB (=4194304) (default)
2022-10-20 09:07:37,832 [Time-limited test] INFO  server.GrpcService (ConfUtils.java:logGet(46)) - raft.grpc.flow.control.window = 1MB (=1048576) (default)
2022-10-20 09:07:37,832 [Time-limited test] INFO  server.RaftServerConfigKeys (ConfUtils.java:logGet(46)) - raft.server.rpc.request.timeout = 3000ms (default)
2022-10-20 09:07:37,832 [Time-limited test] INFO  grpc.GrpcConfigKeys (ConfUtils.java:logGet(46)) - raft.grpc.server.heartbeat.channel = true (default)
2022-10-20 09:07:37,833 [Time-limited test] INFO  grpc.GrpcConfigKeys (ConfUtils.java:logGet(46)) - raft.grpc.server.async.request.thread.pool.cached = true (default)
2022-10-20 09:07:37,833 [Time-limited test] INFO  grpc.GrpcConfigKeys (ConfUtils.java:logGet(46)) - raft.grpc.server.async.request.thread.pool.size = 32 (default)
2022-10-20 09:07:37,834 [Time-limited test] INFO  impl.DataStreamServerImpl (ConfUtils.java:logGet(46)) - raft.datastream.type = NETTY (custom)
2022-10-20 09:07:37,834 [Time-limited test] INFO  netty.NettyConfigKeys$DataStream (ConfUtils.java:logGet(46)) - raft.netty.dataStream.server.tls.conf = null (default)
2022-10-20 09:07:37,834 [Time-limited test] INFO  server.RaftServerConfigKeys (ConfUtils.java:logGet(46)) - raft.server.data-stream.async.request.thread.pool.cached = false (default)
2022-10-20 09:07:37,834 [Time-limited test] INFO  server.RaftServerConfigKeys (ConfUtils.java:logGet(46)) - raft.server.data-stream.async.request.thread.pool.size = 32 (default)
2022-10-20 09:07:37,834 [Time-limited test] INFO  server.RaftServerConfigKeys (ConfUtils.java:logGet(46)) - raft.server.data-stream.async.write.thread.pool.size = 16 (default)
2022-10-20 09:07:37,834 [Time-limited test] INFO  server.RaftServerConfigKeys (ConfUtils.java:logGet(46)) - raft.server.data-stream.client.pool.size = 10 (default)
2022-10-20 09:07:37,834 [Time-limited test] INFO  netty.NettyConfigKeys$DataStream (ConfUtils.java:logGet(46)) - raft.netty.dataStream.server.use-epoll = false (default)
2022-10-20 09:07:37,834 [Time-limited test] INFO  netty.NettyConfigKeys$DataStream (ConfUtils.java:logGet(46)) - raft.netty.dataStream.server.boss-group.size = 0 (default)
2022-10-20 09:07:37,835 [Time-limited test] INFO  netty.NettyConfigKeys$DataStream (ConfUtils.java:logGet(46)) - raft.netty.dataStream.server.worker-group.size = 0 (default)
2022-10-20 09:07:37,835 [Time-limited test] INFO  netty.NettyConfigKeys$DataStream (ConfUtils.java:logGet(46)) - raft.netty.dataStream.host = null (default)
2022-10-20 09:07:37,835 [Time-limited test] INFO  netty.NettyConfigKeys$DataStream (ConfUtils.java:logGet(46)) - raft.netty.dataStream.port = 38209 (custom)
2022-10-20 09:07:37,836 [pool-11-thread-1] INFO  server.RaftServer$Division (RaftServerImpl.java:<init>(198)) - s1: new RaftServerImpl for group-4D961C7EB769:[s0|rpc:localhost:34285|admin:localhost:46479|client:localhost:45349|dataStream:localhost:34817|priority:0|startupRole:FOLLOWER, s1|rpc:localhost:36349|admin:localhost:44151|client:localhost:32813|dataStream:localhost:35611|priority:0|startupRole:FOLLOWER, s2|rpc:localhost:42199|admin:localhost:38403|client:localhost:35043|dataStream:localhost:38209|priority:0|startupRole:FOLLOWER] with MultiDataStreamStateMachine:uninitialized
2022-10-20 09:07:37,840 [Time-limited test] INFO  server.RaftServerConfigKeys (ConfUtils.java:logGet(46)) - raft.server.threadpool.proxy.cached = true (default)
2022-10-20 09:07:37,842 [Time-limited test] INFO  server.RaftServerConfigKeys (ConfUtils.java:logGet(46)) - raft.server.threadpool.proxy.size = 0 (default)
2022-10-20 09:07:37,842 [Time-limited test] INFO  server.RaftServerConfigKeys (ConfUtils.java:logGet(46)) - raft.server.rpc.slowness.timeout = 60s (default)
2022-10-20 09:07:37,842 [Time-limited test] INFO  server.RaftServerConfigKeys (ConfUtils.java:logGet(46)) - raft.server.leaderelection.leader.step-down.wait-time = 10s (default)
2022-10-20 09:07:37,842 [Time-limited test] INFO  server.RaftServerConfigKeys (ConfUtils.java:logGet(46)) - raft.server.storage.dir = [/home/runner/work/ratis/ratis/ratis-test/target/test/data/f8e7fc7e/MiniRaftClusterWithRpcTypeGrpcAndDataStreamTypeNetty40992780/s2] (custom)
2022-10-20 09:07:37,842 [pool-11-thread-1] INFO  server.RaftServerConfigKeys (ConfUtils.java:logGet(46)) - raft.server.rpc.timeout.min = 150ms (default)
2022-10-20 09:07:37,851 [pool-11-thread-1] INFO  server.RaftServerConfigKeys (ConfUtils.java:logGet(46)) - raft.server.rpc.timeout.max = 300ms (default)
2022-10-20 09:07:37,851 [pool-11-thread-1] INFO  server.RaftServerConfigKeys (ConfUtils.java:logGet(46)) - raft.server.rpc.sleep.time = 25ms (default)
2022-10-20 09:07:37,851 [pool-11-thread-1] INFO  server.RaftServerConfigKeys (ConfUtils.java:logGet(46)) - raft.server.rpc.slowness.timeout = 60s (default)
2022-10-20 09:07:37,851 [pool-11-thread-1] INFO  server.RaftServerConfigKeys (ConfUtils.java:logGet(46)) - raft.server.leaderelection.leader.step-down.wait-time = 10s (default)
2022-10-20 09:07:37,851 [pool-11-thread-1] INFO  server.RaftServerConfigKeys (ConfUtils.java:logGet(46)) - raft.server.sleep.deviation.threshold = 300ms (default)
2022-10-20 09:07:37,851 [pool-11-thread-1] INFO  server.RaftServer$Division (ServerState.java:<init>(113)) - s1@group-4D961C7EB769: ConfigurationManager, init=-1: peers:[s0|rpc:localhost:34285|admin:localhost:46479|client:localhost:45349|dataStream:localhost:34817|priority:0|startupRole:FOLLOWER, s1|rpc:localhost:36349|admin:localhost:44151|client:localhost:32813|dataStream:localhost:35611|priority:0|startupRole:FOLLOWER, s2|rpc:localhost:42199|admin:localhost:38403|client:localhost:35043|dataStream:localhost:38209|priority:0|startupRole:FOLLOWER]|listeners:[], old=null, confs=<EMPTY_MAP>
2022-10-20 09:07:37,851 [pool-11-thread-1] INFO  server.RaftServerConfigKeys (ConfUtils.java:logGet(46)) - raft.server.notification.no-leader.timeout = 60s (default)
2022-10-20 09:07:37,851 [pool-11-thread-1] INFO  server.RaftServerConfigKeys (ConfUtils.java:logGet(46)) - raft.server.read.timeout = 10s (default)
2022-10-20 09:07:37,851 [pool-11-thread-1] INFO  server.RaftServerConfigKeys (ConfUtils.java:logGet(46)) - raft.server.retrycache.expirytime = 60s (default)
2022-10-20 09:07:37,851 [pool-11-thread-1] INFO  server.RaftServerConfigKeys (ConfUtils.java:logGet(46)) - raft.server.retrycache.statistics.expirytime = 100μs (default)
2022-10-20 09:07:37,851 [pool-11-thread-1] INFO  server.RaftServerConfigKeys (ConfUtils.java:logGet(46)) - raft.server.read.option = DEFAULT (default)
2022-10-20 09:07:37,852 [pool-11-thread-1] INFO  server.RaftServerConfigKeys (ConfUtils.java:logGet(46)) - raft.server.log.appender.install.snapshot.enabled = true (default)
2022-10-20 09:07:37,852 [pool-11-thread-1] INFO  server.RaftServerConfigKeys (ConfUtils.java:logGet(46)) - raft.server.threadpool.server.cached = true (default)
2022-10-20 09:07:37,852 [pool-11-thread-1] INFO  server.RaftServerConfigKeys (ConfUtils.java:logGet(46)) - raft.server.threadpool.server.size = 0 (default)
2022-10-20 09:07:37,852 [pool-11-thread-1] INFO  server.RaftServerConfigKeys (ConfUtils.java:logGet(46)) - raft.server.threadpool.client.cached = true (default)
2022-10-20 09:07:37,852 [pool-11-thread-1] INFO  server.RaftServerConfigKeys (ConfUtils.java:logGet(46)) - raft.server.threadpool.client.size = 0 (default)
2022-10-20 09:07:37,851 [s2-NettyServerStreamRpc-bossGroup--thread1] INFO  logging.LoggingHandler (AbstractInternalLogger.java:log(148)) - [id: 0x3b00cd3b] REGISTERED
2022-10-20 09:07:37,859 [s2-NettyServerStreamRpc-bossGroup--thread1] INFO  logging.LoggingHandler (AbstractInternalLogger.java:log(148)) - [id: 0x3b00cd3b] BIND: 0.0.0.0/0.0.0.0:38209
2022-10-20 09:07:37,859 [s2-NettyServerStreamRpc-bossGroup--thread1] INFO  logging.LoggingHandler (AbstractInternalLogger.java:log(148)) - [id: 0x3b00cd3b, L:/0.0.0.0:38209] ACTIVE
2022-10-20 09:07:37,855 [Time-limited test] INFO  server.RaftServer (RaftServerProxy.java:addNew(99)) - s2: addNew group-4D961C7EB769:[s0|rpc:localhost:34285|admin:localhost:46479|client:localhost:45349|dataStream:localhost:34817|priority:0|startupRole:FOLLOWER, s1|rpc:localhost:36349|admin:localhost:44151|client:localhost:32813|dataStream:localhost:35611|priority:0|startupRole:FOLLOWER, s2|rpc:localhost:42199|admin:localhost:38403|client:localhost:35043|dataStream:localhost:38209|priority:0|startupRole:FOLLOWER] returns group-4D961C7EB769:java.util.concurrent.CompletableFuture@63ce655f[Not completed]
2022-10-20 09:07:37,860 [s0-impl-thread1] INFO  server.RaftServerConfigKeys (ConfUtils.java:logGet(46)) - raft.server.storage.free-space.min = 0MB (=0) (default)
2022-10-20 09:07:37,860 [s0-impl-thread1] INFO  server.RaftServerConfigKeys (ConfUtils.java:logGet(46)) - raft.server.log.corruption.policy = EXCEPTION (default)
2022-10-20 09:07:37,860 [s0-impl-thread1] INFO  server.RaftServerConfigKeys (ConfUtils.java:logGet(46)) - raft.server.storage.dir = [/home/runner/work/ratis/ratis/ratis-test/target/test/data/f8e7fc7e/MiniRaftClusterWithRpcTypeGrpcAndDataStreamTypeNetty40992780/s0] (custom)
2022-10-20 09:07:37,860 [s0-impl-thread1] INFO  storage.RaftStorageDirectory (RaftStorageDirectoryImpl.java:analyzeStorage(138)) - The storage directory /home/runner/work/ratis/ratis/ratis-test/target/test/data/f8e7fc7e/MiniRaftClusterWithRpcTypeGrpcAndDataStreamTypeNetty40992780/s0/99817b12-395f-46b3-bada-4d961c7eb769 does not exist. Creating ...
2022-10-20 09:07:37,861 [s0-impl-thread1] TRACE util.FileUtils (LogUtils.java:runAndLog(49)) - Successfully ran Files.createDirectories /home/runner/work/ratis/ratis/ratis-test/target/test/data/f8e7fc7e/MiniRaftClusterWithRpcTypeGrpcAndDataStreamTypeNetty40992780/s0/99817b12-395f-46b3-bada-4d961c7eb769
2022-10-20 09:07:37,863 [s0-impl-thread1] INFO  storage.RaftStorageDirectory (RaftStorageDirectoryImpl.java:tryLock(232)) - Lock on /home/runner/work/ratis/ratis/ratis-test/target/test/data/f8e7fc7e/MiniRaftClusterWithRpcTypeGrpcAndDataStreamTypeNetty40992780/s0/99817b12-395f-46b3-bada-4d961c7eb769/in_use.lock acquired by nodename 4315@fv-az353-963
2022-10-20 09:07:37,863 [s0-impl-thread1] TRACE util.FileUtils (LogUtils.java:runAndLog(49)) - Successfully ran Files.createDirectories /home/runner/work/ratis/ratis/ratis-test/target/test/data/f8e7fc7e/MiniRaftClusterWithRpcTypeGrpcAndDataStreamTypeNetty40992780/s0/99817b12-395f-46b3-bada-4d961c7eb769/current
2022-10-20 09:07:37,864 [s0-impl-thread1] TRACE util.FileUtils (LogUtils.java:runAndLog(49)) - Successfully ran Files.createDirectories /home/runner/work/ratis/ratis/ratis-test/target/test/data/f8e7fc7e/MiniRaftClusterWithRpcTypeGrpcAndDataStreamTypeNetty40992780/s0/99817b12-395f-46b3-bada-4d961c7eb769/sm
2022-10-20 09:07:37,864 [pool-12-thread-1] INFO  server.RaftServer$Division (RaftServerImpl.java:<init>(198)) - s2: new RaftServerImpl for group-4D961C7EB769:[s0|rpc:localhost:34285|admin:localhost:46479|client:localhost:45349|dataStream:localhost:34817|priority:0|startupRole:FOLLOWER, s1|rpc:localhost:36349|admin:localhost:44151|client:localhost:32813|dataStream:localhost:35611|priority:0|startupRole:FOLLOWER, s2|rpc:localhost:42199|admin:localhost:38403|client:localhost:35043|dataStream:localhost:38209|priority:0|startupRole:FOLLOWER] with MultiDataStreamStateMachine:uninitialized
2022-10-20 09:07:37,867 [s0-impl-thread1] INFO  storage.RaftStorage (RaftStorageImpl.java:format(96)) - Storage directory /home/runner/work/ratis/ratis/ratis-test/target/test/data/f8e7fc7e/MiniRaftClusterWithRpcTypeGrpcAndDataStreamTypeNetty40992780/s0/99817b12-395f-46b3-bada-4d961c7eb769 has been successfully formatted.
2022-10-20 09:07:37,871 [s0-impl-thread1] INFO  server.RaftServerConfigKeys (ConfUtils.java:logGet(46)) - raft.server.log.use.memory = false (default)
2022-10-20 09:07:37,871 [s0-impl-thread1] INFO  server.RaftServerConfigKeys (ConfUtils.java:logGet(46)) - raft.server.log.purge.gap = 1024 (default)
2022-10-20 09:07:37,871 [s0-impl-thread1] INFO  server.RaftServerConfigKeys (ConfUtils.java:logGet(46)) - raft.server.log.appender.buffer.byte-limit = 4MB (=4194304) (default)
2022-10-20 09:07:37,871 [s0-impl-thread1] INFO  server.RaftServerConfigKeys (ConfUtils.java:logGet(46)) - raft.server.log.statemachine.data.read.timeout = 1000ms (default)
2022-10-20 09:07:37,871 [s0-impl-thread1] INFO  server.RaftServerConfigKeys (ConfUtils.java:logGet(46)) - raft.server.log.purge.preservation.log.num = 0 (default)
2022-10-20 09:07:37,872 [s0-impl-thread1] INFO  server.RaftServerConfigKeys (ConfUtils.java:logGet(46)) - raft.server.log.segment.size.max = 8MB (=8388608) (default)
2022-10-20 09:07:37,872 [s0-impl-thread1] INFO  server.RaftServerConfigKeys (ConfUtils.java:logGet(46)) - raft.server.log.segment.cache.num.max = 6 (default)
2022-10-20 09:07:37,873 [s0-impl-thread1] INFO  server.RaftServerConfigKeys (ConfUtils.java:logGet(46)) - raft.server.log.segment.cache.size.max = 200MB (=209715200) (default)
2022-10-20 09:07:37,873 [s0-impl-thread1] INFO  segmented.SegmentedRaftLogWorker (SegmentedRaftLogWorker.java:<init>(184)) - new s0@group-4D961C7EB769-SegmentedRaftLogWorker for RaftStorageImpl:Storage Directory /home/runner/work/ratis/ratis/ratis-test/target/test/data/f8e7fc7e/MiniRaftClusterWithRpcTypeGrpcAndDataStreamTypeNetty40992780/s0/99817b12-395f-46b3-bada-4d961c7eb769
2022-10-20 09:07:37,873 [s0-impl-thread1] INFO  server.RaftServerConfigKeys (ConfUtils.java:logGet(46)) - raft.server.log.queue.byte-limit = 64MB (=67108864) (default)
2022-10-20 09:07:37,873 [s0-impl-thread1] INFO  server.RaftServerConfigKeys (ConfUtils.java:logGet(46)) - raft.server.log.queue.element-limit = 4096 (default)
2022-10-20 09:07:37,873 [s0-impl-thread1] INFO  server.RaftServerConfigKeys (ConfUtils.java:logGet(46)) - raft.server.log.segment.size.max = 8MB (=8388608) (default)
2022-10-20 09:07:37,873 [s0-impl-thread1] INFO  server.RaftServerConfigKeys (ConfUtils.java:logGet(46)) - raft.server.log.preallocated.size = 4MB (=4194304) (default)
2022-10-20 09:07:37,873 [s0-impl-thread1] INFO  server.RaftServerConfigKeys (ConfUtils.java:logGet(46)) - raft.server.log.force.sync.num = 128 (default)
2022-10-20 09:07:37,873 [s0-impl-thread1] INFO  server.RaftServerConfigKeys (ConfUtils.java:logGet(46)) - raft.server.log.statemachine.data.sync = true (default)
2022-10-20 09:07:37,873 [s0-impl-thread1] INFO  server.RaftServerConfigKeys (ConfUtils.java:logGet(46)) - raft.server.log.statemachine.data.sync.timeout = 10s (default)
2022-10-20 09:07:37,873 [s0-impl-thread1] INFO  server.RaftServerConfigKeys (ConfUtils.java:logGet(46)) - raft.server.log.statemachine.data.sync.timeout.retry = -1 (default)
2022-10-20 09:07:37,873 [s0-impl-thread1] INFO  server.RaftServerConfigKeys (ConfUtils.java:logGet(46)) - raft.server.log.write.buffer.size = 64KB (=65536) (default)
2022-10-20 09:07:37,873 [s0-impl-thread1] INFO  server.RaftServerConfigKeys (ConfUtils.java:logGet(46)) - raft.server.log.appender.buffer.byte-limit = 4MB (=4194304) (default)
2022-10-20 09:07:37,874 [s0-impl-thread1] INFO  server.RaftServerConfigKeys (ConfUtils.java:logGet(46)) - raft.server.log.unsafe-flush.enabled = false (default)
2022-10-20 09:07:37,874 [s0-impl-thread1] INFO  server.RaftServerConfigKeys (ConfUtils.java:logGet(46)) - raft.server.log.async-flush.enabled = false (default)
2022-10-20 09:07:37,874 [s0-impl-thread1] INFO  server.RaftServerConfigKeys (ConfUtils.java:logGet(46)) - raft.server.log.statemachine.data.caching.enabled = false (default)
2022-10-20 09:07:37,874 [s0-impl-thread1] INFO  segmented.SegmentedRaftLogWorker (SegmentedRaftLogWorker.java:lambda$new$0(134)) - s0@group-4D961C7EB769-SegmentedRaftLogWorker: flushIndex: setUnconditionally 0 -> -1
2022-10-20 09:07:37,874 [s0-impl-thread1] INFO  segmented.SegmentedRaftLogWorker (SegmentedRaftLogWorker.java:lambda$new$0(134)) - s0@group-4D961C7EB769-SegmentedRaftLogWorker: safeCacheEvictIndex: setUnconditionally 0 -> -1
2022-10-20 09:07:37,874 [pool-12-thread-1] INFO  server.RaftServerConfigKeys (ConfUtils.java:logGet(46)) - raft.server.rpc.timeout.min = 150ms (default)
2022-10-20 09:07:37,879 [pool-12-thread-1] INFO  server.RaftServerConfigKeys (ConfUtils.java:logGet(46)) - raft.server.rpc.timeout.max = 300ms (default)
2022-10-20 09:07:37,879 [pool-12-thread-1] INFO  server.RaftServerConfigKeys (ConfUtils.java:logGet(46)) - raft.server.rpc.sleep.time = 25ms (default)
2022-10-20 09:07:37,879 [pool-12-thread-1] INFO  server.RaftServerConfigKeys (ConfUtils.java:logGet(46)) - raft.server.rpc.slowness.timeout = 60s (default)
2022-10-20 09:07:37,879 [pool-12-thread-1] INFO  server.RaftServerConfigKeys (ConfUtils.java:logGet(46)) - raft.server.leaderelection.leader.step-down.wait-time = 10s (default)
2022-10-20 09:07:37,879 [pool-12-thread-1] INFO  server.RaftServerConfigKeys (ConfUtils.java:logGet(46)) - raft.server.sleep.deviation.threshold = 300ms (default)
2022-10-20 09:07:37,879 [pool-12-thread-1] INFO  server.RaftServer$Division (ServerState.java:<init>(113)) - s2@group-4D961C7EB769: ConfigurationManager, init=-1: peers:[s0|rpc:localhost:34285|admin:localhost:46479|client:localhost:45349|dataStream:localhost:34817|priority:0|startupRole:FOLLOWER, s1|rpc:localhost:36349|admin:localhost:44151|client:localhost:32813|dataStream:localhost:35611|priority:0|startupRole:FOLLOWER, s2|rpc:localhost:42199|admin:localhost:38403|client:localhost:35043|dataStream:localhost:38209|priority:0|startupRole:FOLLOWER]|listeners:[], old=null, confs=<EMPTY_MAP>
2022-10-20 09:07:37,879 [pool-12-thread-1] INFO  server.RaftServerConfigKeys (ConfUtils.java:logGet(46)) - raft.server.notification.no-leader.timeout = 60s (default)
2022-10-20 09:07:37,879 [pool-12-thread-1] INFO  server.RaftServerConfigKeys (ConfUtils.java:logGet(46)) - raft.server.read.timeout = 10s (default)
2022-10-20 09:07:37,879 [pool-12-thread-1] INFO  server.RaftServerConfigKeys (ConfUtils.java:logGet(46)) - raft.server.retrycache.expirytime = 60s (default)
2022-10-20 09:07:37,879 [pool-12-thread-1] INFO  server.RaftServerConfigKeys (ConfUtils.java:logGet(46)) - raft.server.retrycache.statistics.expirytime = 100μs (default)
2022-10-20 09:07:37,880 [pool-12-thread-1] INFO  server.RaftServerConfigKeys (ConfUtils.java:logGet(46)) - raft.server.read.option = DEFAULT (default)
2022-10-20 09:07:37,881 [pool-12-thread-1] INFO  server.RaftServerConfigKeys (ConfUtils.java:logGet(46)) - raft.server.log.appender.install.snapshot.enabled = true (default)
2022-10-20 09:07:37,881 [pool-12-thread-1] INFO  server.RaftServerConfigKeys (ConfUtils.java:logGet(46)) - raft.server.threadpool.server.cached = true (default)
2022-10-20 09:07:37,875 [s0-impl-thread1] INFO  server.RaftServer$Division (RaftServerImpl.java:start(338)) - s0@group-4D961C7EB769: start as a follower, conf=-1: peers:[s0|rpc:localhost:34285|admin:localhost:46479|client:localhost:45349|dataStream:localhost:34817|priority:0|startupRole:FOLLOWER, s1|rpc:localhost:36349|admin:localhost:44151|client:localhost:32813|dataStream:localhost:35611|priority:0|startupRole:FOLLOWER, s2|rpc:localhost:42199|admin:localhost:38403|client:localhost:35043|dataStream:localhost:38209|priority:0|startupRole:FOLLOWER]|listeners:[], old=null
2022-10-20 09:07:37,882 [s0-impl-thread1] INFO  server.RaftServer$Division (RaftServerImpl.java:setRole(325)) - s0@group-4D961C7EB769: changes role from      null to FOLLOWER at term 0 for startAsFollower
2022-10-20 09:07:37,882 [s0-impl-thread1] INFO  impl.RoleInfo (RoleInfo.java:updateAndGet(139)) - s0: start s0@group-4D961C7EB769-FollowerState
2022-10-20 09:07:37,882 [pool-12-thread-1] INFO  server.RaftServerConfigKeys (ConfUtils.java:logGet(46)) - raft.server.threadpool.server.size = 0 (default)
2022-10-20 09:07:37,891 [pool-12-thread-1] INFO  server.RaftServerConfigKeys (ConfUtils.java:logGet(46)) - raft.server.threadpool.client.cached = true (default)
2022-10-20 09:07:37,891 [pool-12-thread-1] INFO  server.RaftServerConfigKeys (ConfUtils.java:logGet(46)) - raft.server.threadpool.client.size = 0 (default)
2022-10-20 09:07:37,887 [s0-impl-thread1] INFO  util.JmxRegister (JmxRegister.java:tryRegister(44)) - Successfully registered JMX Bean with object name Ratis:service=RaftServer,group=group-4D961C7EB769,id=s0
2022-10-20 09:07:37,894 [s0-impl-thread1] INFO  server.RaftServerConfigKeys (ConfUtils.java:logGet(46)) - raft.server.snapshot.auto.trigger.enabled = false (default)
2022-10-20 09:07:37,895 [s0-impl-thread1] INFO  server.RaftServerConfigKeys (ConfUtils.java:logGet(46)) - raft.server.snapshot.retention.file.num = -1 (default)
2022-10-20 09:07:37,895 [s0-impl-thread1] INFO  server.RaftServerConfigKeys (ConfUtils.java:logGet(46)) - raft.server.log.purge.upto.snapshot.index = false (default)
2022-10-20 09:07:37,902 [s0@group-4D961C7EB769-FollowerState] INFO  server.RaftServerConfigKeys (ConfUtils.java:logFallback(53)) - raft.server.rpc.first-election.timeout.min = 150ms (fallback to raft.server.rpc.timeout.min)
2022-10-20 09:07:37,903 [s0@group-4D961C7EB769-FollowerState] INFO  server.RaftServerConfigKeys (ConfUtils.java:logFallback(53)) - raft.server.rpc.first-election.timeout.max = 300ms (fallback to raft.server.rpc.timeout.max)
2022-10-20 09:07:37,903 [Time-limited test] INFO  server.RaftServer (RaftServerProxy.java:startImpl(396)) - s0: start RPC server
2022-10-20 09:07:37,905 [Time-limited test] INFO  server.GrpcService (GrpcService.java:startImpl(310)) - s0: GrpcService started, listening on 45349
2022-10-20 09:07:37,908 [Time-limited test] INFO  server.GrpcService (GrpcService.java:startImpl(310)) - s0: GrpcService started, listening on 34285
2022-10-20 09:07:37,910 [Time-limited test] INFO  server.GrpcService (GrpcService.java:startImpl(310)) - s0: GrpcService started, listening on 46479
2022-10-20 09:07:37,915 [s1-impl-thread1] INFO  server.RaftServerConfigKeys (ConfUtils.java:logGet(46)) - raft.server.storage.free-space.min = 0MB (=0) (default)
2022-10-20 09:07:37,915 [s1-impl-thread1] INFO  server.RaftServerConfigKeys (ConfUtils.java:logGet(46)) - raft.server.log.corruption.policy = EXCEPTION (default)
2022-10-20 09:07:37,915 [s1-impl-thread1] INFO  server.RaftServerConfigKeys (ConfUtils.java:logGet(46)) - raft.server.storage.dir = [/home/runner/work/ratis/ratis/ratis-test/target/test/data/f8e7fc7e/MiniRaftClusterWithRpcTypeGrpcAndDataStreamTypeNetty40992780/s1] (custom)
2022-10-20 09:07:37,916 [s1-impl-thread1] INFO  storage.RaftStorageDirectory (RaftStorageDirectoryImpl.java:analyzeStorage(138)) - The storage directory /home/runner/work/ratis/ratis/ratis-test/target/test/data/f8e7fc7e/MiniRaftClusterWithRpcTypeGrpcAndDataStreamTypeNetty40992780/s1/99817b12-395f-46b3-bada-4d961c7eb769 does not exist. Creating ...
2022-10-20 09:07:37,916 [s1-impl-thread1] TRACE util.FileUtils (LogUtils.java:runAndLog(49)) - Successfully ran Files.createDirectories /home/runner/work/ratis/ratis/ratis-test/target/test/data/f8e7fc7e/MiniRaftClusterWithRpcTypeGrpcAndDataStreamTypeNetty40992780/s1/99817b12-395f-46b3-bada-4d961c7eb769
2022-10-20 09:07:37,917 [JvmPauseMonitor4] INFO  util.JvmPauseMonitor (JvmPauseMonitor.java:run(105)) - JvmPauseMonitor-s0: Started
2022-10-20 09:07:37,917 [s1-impl-thread1] INFO  storage.RaftStorageDirectory (RaftStorageDirectoryImpl.java:tryLock(232)) - Lock on /home/runner/work/ratis/ratis/ratis-test/target/test/data/f8e7fc7e/MiniRaftClusterWithRpcTypeGrpcAndDataStreamTypeNetty40992780/s1/99817b12-395f-46b3-bada-4d961c7eb769/in_use.lock acquired by nodename 4315@fv-az353-963
2022-10-20 09:07:37,918 [s1-impl-thread1] TRACE util.FileUtils (LogUtils.java:runAndLog(49)) - Successfully ran Files.createDirectories /home/runner/work/ratis/ratis/ratis-test/target/test/data/f8e7fc7e/MiniRaftClusterWithRpcTypeGrpcAndDataStreamTypeNetty40992780/s1/99817b12-395f-46b3-bada-4d961c7eb769/current
2022-10-20 09:07:37,918 [s1-impl-thread1] TRACE util.FileUtils (LogUtils.java:runAndLog(49)) - Successfully ran Files.createDirectories /home/runner/work/ratis/ratis/ratis-test/target/test/data/f8e7fc7e/MiniRaftClusterWithRpcTypeGrpcAndDataStreamTypeNetty40992780/s1/99817b12-395f-46b3-bada-4d961c7eb769/sm
2022-10-20 09:07:37,919 [s1-impl-thread1] INFO  storage.RaftStorage (RaftStorageImpl.java:format(96)) - Storage directory /home/runner/work/ratis/ratis/ratis-test/target/test/data/f8e7fc7e/MiniRaftClusterWithRpcTypeGrpcAndDataStreamTypeNetty40992780/s1/99817b12-395f-46b3-bada-4d961c7eb769 has been successfully formatted.
2022-10-20 09:07:37,919 [s1-impl-thread1] INFO  server.RaftServerConfigKeys (ConfUtils.java:logGet(46)) - raft.server.log.use.memory = false (default)
2022-10-20 09:07:37,920 [s1-impl-thread1] INFO  server.RaftServerConfigKeys (ConfUtils.java:logGet(46)) - raft.server.log.purge.gap = 1024 (default)
2022-10-20 09:07:37,920 [s1-impl-thread1] INFO  server.RaftServerConfigKeys (ConfUtils.java:logGet(46)) - raft.server.log.appender.buffer.byte-limit = 4MB (=4194304) (default)
2022-10-20 09:07:37,920 [s1-impl-thread1] INFO  server.RaftServerConfigKeys (ConfUtils.java:logGet(46)) - raft.server.log.statemachine.data.read.timeout = 1000ms (default)
2022-10-20 09:07:37,920 [s1-impl-thread1] INFO  server.RaftServerConfigKeys (ConfUtils.java:logGet(46)) - raft.server.log.purge.preservation.log.num = 0 (default)
2022-10-20 09:07:37,920 [s1-impl-thread1] INFO  server.RaftServerConfigKeys (ConfUtils.java:logGet(46)) - raft.server.log.segment.size.max = 8MB (=8388608) (default)
2022-10-20 09:07:37,920 [s1-impl-thread1] INFO  server.RaftServerConfigKeys (ConfUtils.java:logGet(46)) - raft.server.log.segment.cache.num.max = 6 (default)
2022-10-20 09:07:37,920 [s1-impl-thread1] INFO  server.RaftServerConfigKeys (ConfUtils.java:logGet(46)) - raft.server.log.segment.cache.size.max = 200MB (=209715200) (default)
2022-10-20 09:07:37,920 [s1-impl-thread1] INFO  segmented.SegmentedRaftLogWorker (SegmentedRaftLogWorker.java:<init>(184)) - new s1@group-4D961C7EB769-SegmentedRaftLogWorker for RaftStorageImpl:Storage Directory /home/runner/work/ratis/ratis/ratis-test/target/test/data/f8e7fc7e/MiniRaftClusterWithRpcTypeGrpcAndDataStreamTypeNetty40992780/s1/99817b12-395f-46b3-bada-4d961c7eb769
2022-10-20 09:07:37,920 [s1-impl-thread1] INFO  server.RaftServerConfigKeys (ConfUtils.java:logGet(46)) - raft.server.log.queue.byte-limit = 64MB (=67108864) (default)
2022-10-20 09:07:37,920 [s1-impl-thread1] INFO  server.RaftServerConfigKeys (ConfUtils.java:logGet(46)) - raft.server.log.queue.element-limit = 4096 (default)
2022-10-20 09:07:37,920 [s1-impl-thread1] INFO  server.RaftServerConfigKeys (ConfUtils.java:logGet(46)) - raft.server.log.segment.size.max = 8MB (=8388608) (default)
2022-10-20 09:07:37,921 [s1-impl-thread1] INFO  server.RaftServerConfigKeys (ConfUtils.java:logGet(46)) - raft.server.log.preallocated.size = 4MB (=4194304) (default)
2022-10-20 09:07:37,921 [s1-impl-thread1] INFO  server.RaftServerConfigKeys (ConfUtils.java:logGet(46)) - raft.server.log.force.sync.num = 128 (default)
2022-10-20 09:07:37,921 [s1-impl-thread1] INFO  server.RaftServerConfigKeys (ConfUtils.java:logGet(46)) - raft.server.log.statemachine.data.sync = true (default)
2022-10-20 09:07:37,921 [s1-impl-thread1] INFO  server.RaftServerConfigKeys (ConfUtils.java:logGet(46)) - raft.server.log.statemachine.data.sync.timeout = 10s (default)
2022-10-20 09:07:37,921 [s1-impl-thread1] INFO  server.RaftServerConfigKeys (ConfUtils.java:logGet(46)) - raft.server.log.statemachine.data.sync.timeout.retry = -1 (default)
2022-10-20 09:07:37,921 [s1-impl-thread1] INFO  server.RaftServerConfigKeys (ConfUtils.java:logGet(46)) - raft.server.log.write.buffer.size = 64KB (=65536) (default)
2022-10-20 09:07:37,921 [s1-impl-thread1] INFO  server.RaftServerConfigKeys (ConfUtils.java:logGet(46)) - raft.server.log.appender.buffer.byte-limit = 4MB (=4194304) (default)
2022-10-20 09:07:37,921 [s1-impl-thread1] INFO  server.RaftServerConfigKeys (ConfUtils.java:logGet(46)) - raft.server.log.unsafe-flush.enabled = false (default)
2022-10-20 09:07:37,921 [s1-impl-thread1] INFO  server.RaftServerConfigKeys (ConfUtils.java:logGet(46)) - raft.server.log.async-flush.enabled = false (default)
2022-10-20 09:07:37,921 [s1-impl-thread1] INFO  server.RaftServerConfigKeys (ConfUtils.java:logGet(46)) - raft.server.log.statemachine.data.caching.enabled = false (default)
2022-10-20 09:07:37,921 [s1-impl-thread1] INFO  segmented.SegmentedRaftLogWorker (SegmentedRaftLogWorker.java:lambda$new$0(134)) - s1@group-4D961C7EB769-SegmentedRaftLogWorker: flushIndex: setUnconditionally 0 -> -1
2022-10-20 09:07:37,921 [s1-impl-thread1] INFO  segmented.SegmentedRaftLogWorker (SegmentedRaftLogWorker.java:lambda$new$0(134)) - s1@group-4D961C7EB769-SegmentedRaftLogWorker: safeCacheEvictIndex: setUnconditionally 0 -> -1
2022-10-20 09:07:37,924 [s1-impl-thread1] INFO  server.RaftServer$Division (RaftServerImpl.java:start(338)) - s1@group-4D961C7EB769: start as a follower, conf=-1: peers:[s0|rpc:localhost:34285|admin:localhost:46479|client:localhost:45349|dataStream:localhost:34817|priority:0|startupRole:FOLLOWER, s1|rpc:localhost:36349|admin:localhost:44151|client:localhost:32813|dataStream:localhost:35611|priority:0|startupRole:FOLLOWER, s2|rpc:localhost:42199|admin:localhost:38403|client:localhost:35043|dataStream:localhost:38209|priority:0|startupRole:FOLLOWER]|listeners:[], old=null
2022-10-20 09:07:37,924 [s1-impl-thread1] INFO  server.RaftServer$Division (RaftServerImpl.java:setRole(325)) - s1@group-4D961C7EB769: changes role from      null to FOLLOWER at term 0 for startAsFollower
2022-10-20 09:07:37,924 [s1-impl-thread1] INFO  impl.RoleInfo (RoleInfo.java:updateAndGet(139)) - s1: start s1@group-4D961C7EB769-FollowerState
2022-10-20 09:07:37,929 [s1-impl-thread1] INFO  util.JmxRegister (JmxRegister.java:tryRegister(44)) - Successfully registered JMX Bean with object name Ratis:service=RaftServer,group=group-4D961C7EB769,id=s1
2022-10-20 09:07:37,929 [s1-impl-thread1] INFO  server.RaftServerConfigKeys (ConfUtils.java:logGet(46)) - raft.server.snapshot.auto.trigger.enabled = false (default)
2022-10-20 09:07:37,929 [s1-impl-thread1] INFO  server.RaftServerConfigKeys (ConfUtils.java:logGet(46)) - raft.server.snapshot.retention.file.num = -1 (default)
2022-10-20 09:07:37,929 [s1-impl-thread1] INFO  server.RaftServerConfigKeys (ConfUtils.java:logGet(46)) - raft.server.log.purge.upto.snapshot.index = false (default)
2022-10-20 09:07:37,932 [Time-limited test] INFO  server.RaftServer (RaftServerProxy.java:startImpl(396)) - s1: start RPC server
2022-10-20 09:07:37,941 [s1@group-4D961C7EB769-FollowerState] INFO  server.RaftServerConfigKeys (ConfUtils.java:logFallback(53)) - raft.server.rpc.first-election.timeout.min = 150ms (fallback to raft.server.rpc.timeout.min)
2022-10-20 09:07:37,947 [s1@group-4D961C7EB769-FollowerState] INFO  server.RaftServerConfigKeys (ConfUtils.java:logFallback(53)) - raft.server.rpc.first-election.timeout.max = 300ms (fallback to raft.server.rpc.timeout.max)
2022-10-20 09:07:37,949 [Time-limited test] INFO  server.GrpcService (GrpcService.java:startImpl(310)) - s1: GrpcService started, listening on 32813
2022-10-20 09:07:37,951 [Time-limited test] INFO  server.GrpcService (GrpcService.java:startImpl(310)) - s1: GrpcService started, listening on 36349
2022-10-20 09:07:37,954 [Time-limited test] INFO  server.GrpcService (GrpcService.java:startImpl(310)) - s1: GrpcService started, listening on 44151
2022-10-20 09:07:37,958 [s2-impl-thread1] INFO  server.RaftServerConfigKeys (ConfUtils.java:logGet(46)) - raft.server.storage.free-space.min = 0MB (=0) (default)
2022-10-20 09:07:37,958 [JvmPauseMonitor5] INFO  util.JvmPauseMonitor (JvmPauseMonitor.java:run(105)) - JvmPauseMonitor-s1: Started
2022-10-20 09:07:37,958 [s2-impl-thread1] INFO  server.RaftServerConfigKeys (ConfUtils.java:logGet(46)) - raft.server.log.corruption.policy = EXCEPTION (default)
2022-10-20 09:07:37,958 [s2-impl-thread1] INFO  server.RaftServerConfigKeys (ConfUtils.java:logGet(46)) - raft.server.storage.dir = [/home/runner/work/ratis/ratis/ratis-test/target/test/data/f8e7fc7e/MiniRaftClusterWithRpcTypeGrpcAndDataStreamTypeNetty40992780/s2] (custom)
2022-10-20 09:07:37,958 [s2-impl-thread1] INFO  storage.RaftStorageDirectory (RaftStorageDirectoryImpl.java:analyzeStorage(138)) - The storage directory /home/runner/work/ratis/ratis/ratis-test/target/test/data/f8e7fc7e/MiniRaftClusterWithRpcTypeGrpcAndDataStreamTypeNetty40992780/s2/99817b12-395f-46b3-bada-4d961c7eb769 does not exist. Creating ...
2022-10-20 09:07:37,959 [s2-impl-thread1] TRACE util.FileUtils (LogUtils.java:runAndLog(49)) - Successfully ran Files.createDirectories /home/runner/work/ratis/ratis/ratis-test/target/test/data/f8e7fc7e/MiniRaftClusterWithRpcTypeGrpcAndDataStreamTypeNetty40992780/s2/99817b12-395f-46b3-bada-4d961c7eb769
2022-10-20 09:07:37,960 [s2-impl-thread1] INFO  storage.RaftStorageDirectory (RaftStorageDirectoryImpl.java:tryLock(232)) - Lock on /home/runner/work/ratis/ratis/ratis-test/target/test/data/f8e7fc7e/MiniRaftClusterWithRpcTypeGrpcAndDataStreamTypeNetty40992780/s2/99817b12-395f-46b3-bada-4d961c7eb769/in_use.lock acquired by nodename 4315@fv-az353-963
2022-10-20 09:07:37,960 [s2-impl-thread1] TRACE util.FileUtils (LogUtils.java:runAndLog(49)) - Successfully ran Files.createDirectories /home/runner/work/ratis/ratis/ratis-test/target/test/data/f8e7fc7e/MiniRaftClusterWithRpcTypeGrpcAndDataStreamTypeNetty40992780/s2/99817b12-395f-46b3-bada-4d961c7eb769/current
2022-10-20 09:07:37,961 [s2-impl-thread1] TRACE util.FileUtils (LogUtils.java:runAndLog(49)) - Successfully ran Files.createDirectories /home/runner/work/ratis/ratis/ratis-test/target/test/data/f8e7fc7e/MiniRaftClusterWithRpcTypeGrpcAndDataStreamTypeNetty40992780/s2/99817b12-395f-46b3-bada-4d961c7eb769/sm
2022-10-20 09:07:37,962 [s2-impl-thread1] INFO  storage.RaftStorage (RaftStorageImpl.java:format(96)) - Storage directory /home/runner/work/ratis/ratis/ratis-test/target/test/data/f8e7fc7e/MiniRaftClusterWithRpcTypeGrpcAndDataStreamTypeNetty40992780/s2/99817b12-395f-46b3-bada-4d961c7eb769 has been successfully formatted.
2022-10-20 09:07:37,962 [s2-impl-thread1] INFO  server.RaftServerConfigKeys (ConfUtils.java:logGet(46)) - raft.server.log.use.memory = false (default)
2022-10-20 09:07:37,962 [s2-impl-thread1] INFO  server.RaftServerConfigKeys (ConfUtils.java:logGet(46)) - raft.server.log.purge.gap = 1024 (default)
2022-10-20 09:07:37,962 [s2-impl-thread1] INFO  server.RaftServerConfigKeys (ConfUtils.java:logGet(46)) - raft.server.log.appender.buffer.byte-limit = 4MB (=4194304) (default)
2022-10-20 09:07:37,962 [s2-impl-thread1] INFO  server.RaftServerConfigKeys (ConfUtils.java:logGet(46)) - raft.server.log.statemachine.data.read.timeout = 1000ms (default)
2022-10-20 09:07:37,962 [s2-impl-thread1] INFO  server.RaftServerConfigKeys (ConfUtils.java:logGet(46)) - raft.server.log.purge.preservation.log.num = 0 (default)
2022-10-20 09:07:37,963 [s2-impl-thread1] INFO  server.RaftServerConfigKeys (ConfUtils.java:logGet(46)) - raft.server.log.segment.size.max = 8MB (=8388608) (default)
2022-10-20 09:07:37,963 [s2-impl-thread1] INFO  server.RaftServerConfigKeys (ConfUtils.java:logGet(46)) - raft.server.log.segment.cache.num.max = 6 (default)
2022-10-20 09:07:37,963 [s2-impl-thread1] INFO  server.RaftServerConfigKeys (ConfUtils.java:logGet(46)) - raft.server.log.segment.cache.size.max = 200MB (=209715200) (default)
2022-10-20 09:07:37,963 [s2-impl-thread1] INFO  segmented.SegmentedRaftLogWorker (SegmentedRaftLogWorker.java:<init>(184)) - new s2@group-4D961C7EB769-SegmentedRaftLogWorker for RaftStorageImpl:Storage Directory /home/runner/work/ratis/ratis/ratis-test/target/test/data/f8e7fc7e/MiniRaftClusterWithRpcTypeGrpcAndDataStreamTypeNetty40992780/s2/99817b12-395f-46b3-bada-4d961c7eb769
2022-10-20 09:07:37,963 [s2-impl-thread1] INFO  server.RaftServerConfigKeys (ConfUtils.java:logGet(46)) - raft.server.log.queue.byte-limit = 64MB (=67108864) (default)
2022-10-20 09:07:37,963 [s2-impl-thread1] INFO  server.RaftServerConfigKeys (ConfUtils.java:logGet(46)) - raft.server.log.queue.element-limit = 4096 (default)
2022-10-20 09:07:37,963 [s2-impl-thread1] INFO  server.RaftServerConfigKeys (ConfUtils.java:logGet(46)) - raft.server.log.segment.size.max = 8MB (=8388608) (default)
2022-10-20 09:07:37,963 [s2-impl-thread1] INFO  server.RaftServerConfigKeys (ConfUtils.java:logGet(46)) - raft.server.log.preallocated.size = 4MB (=4194304) (default)
2022-10-20 09:07:37,963 [s2-impl-thread1] INFO  server.RaftServerConfigKeys (ConfUtils.java:logGet(46)) - raft.server.log.force.sync.num = 128 (default)
2022-10-20 09:07:37,963 [s2-impl-thread1] INFO  server.RaftServerConfigKeys (ConfUtils.java:logGet(46)) - raft.server.log.statemachine.data.sync = true (default)
2022-10-20 09:07:37,963 [s2-impl-thread1] INFO  server.RaftServerConfigKeys (ConfUtils.java:logGet(46)) - raft.server.log.statemachine.data.sync.timeout = 10s (default)
2022-10-20 09:07:37,963 [s2-impl-thread1] INFO  server.RaftServerConfigKeys (ConfUtils.java:logGet(46)) - raft.server.log.statemachine.data.sync.timeout.retry = -1 (default)
2022-10-20 09:07:37,963 [s2-impl-thread1] INFO  server.RaftServerConfigKeys (ConfUtils.java:logGet(46)) - raft.server.log.write.buffer.size = 64KB (=65536) (default)
2022-10-20 09:07:37,965 [s2-impl-thread1] INFO  server.RaftServerConfigKeys (ConfUtils.java:logGet(46)) - raft.server.log.appender.buffer.byte-limit = 4MB (=4194304) (default)
2022-10-20 09:07:37,965 [s2-impl-thread1] INFO  server.RaftServerConfigKeys (ConfUtils.java:logGet(46)) - raft.server.log.unsafe-flush.enabled = false (default)
2022-10-20 09:07:37,965 [s2-impl-thread1] INFO  server.RaftServerConfigKeys (ConfUtils.java:logGet(46)) - raft.server.log.async-flush.enabled = false (default)
2022-10-20 09:07:37,965 [s2-impl-thread1] INFO  server.RaftServerConfigKeys (ConfUtils.java:logGet(46)) - raft.server.log.statemachine.data.caching.enabled = false (default)
2022-10-20 09:07:37,965 [s2-impl-thread1] INFO  segmented.SegmentedRaftLogWorker (SegmentedRaftLogWorker.java:lambda$new$0(134)) - s2@group-4D961C7EB769-SegmentedRaftLogWorker: flushIndex: setUnconditionally 0 -> -1
2022-10-20 09:07:37,966 [s2-impl-thread1] INFO  segmented.SegmentedRaftLogWorker (SegmentedRaftLogWorker.java:lambda$new$0(134)) - s2@group-4D961C7EB769-SegmentedRaftLogWorker: safeCacheEvictIndex: setUnconditionally 0 -> -1
2022-10-20 09:07:37,970 [s2-impl-thread1] INFO  server.RaftServer$Division (RaftServerImpl.java:start(338)) - s2@group-4D961C7EB769: start as a follower, conf=-1: peers:[s0|rpc:localhost:34285|admin:localhost:46479|client:localhost:45349|dataStream:localhost:34817|priority:0|startupRole:FOLLOWER, s1|rpc:localhost:36349|admin:localhost:44151|client:localhost:32813|dataStream:localhost:35611|priority:0|startupRole:FOLLOWER, s2|rpc:localhost:42199|admin:localhost:38403|client:localhost:35043|dataStream:localhost:38209|priority:0|startupRole:FOLLOWER]|listeners:[], old=null
2022-10-20 09:07:37,970 [s2-impl-thread1] INFO  server.RaftServer$Division (RaftServerImpl.java:setRole(325)) - s2@group-4D961C7EB769: changes role from      null to FOLLOWER at term 0 for startAsFollower
2022-10-20 09:07:37,971 [s2-impl-thread1] INFO  impl.RoleInfo (RoleInfo.java:updateAndGet(139)) - s2: start s2@group-4D961C7EB769-FollowerState
2022-10-20 09:07:37,976 [s2-impl-thread1] INFO  util.JmxRegister (JmxRegister.java:tryRegister(44)) - Successfully registered JMX Bean with object name Ratis:service=RaftServer,group=group-4D961C7EB769,id=s2
2022-10-20 09:07:37,976 [s2-impl-thread1] INFO  server.RaftServerConfigKeys (ConfUtils.java:logGet(46)) - raft.server.snapshot.auto.trigger.enabled = false (default)
2022-10-20 09:07:37,976 [s2-impl-thread1] INFO  server.RaftServerConfigKeys (ConfUtils.java:logGet(46)) - raft.server.snapshot.retention.file.num = -1 (default)
2022-10-20 09:07:37,976 [s2-impl-thread1] INFO  server.RaftServerConfigKeys (ConfUtils.java:logGet(46)) - raft.server.log.purge.upto.snapshot.index = false (default)
2022-10-20 09:07:37,976 [s2@group-4D961C7EB769-FollowerState] INFO  server.RaftServerConfigKeys (ConfUtils.java:logFallback(53)) - raft.server.rpc.first-election.timeout.min = 150ms (fallback to raft.server.rpc.timeout.min)
2022-10-20 09:07:37,977 [s2@group-4D961C7EB769-FollowerState] INFO  server.RaftServerConfigKeys (ConfUtils.java:logFallback(53)) - raft.server.rpc.first-election.timeout.max = 300ms (fallback to raft.server.rpc.timeout.max)
2022-10-20 09:07:37,982 [Time-limited test] INFO  server.RaftServer (RaftServerProxy.java:startImpl(396)) - s2: start RPC server
2022-10-20 09:07:37,985 [Time-limited test] INFO  server.GrpcService (GrpcService.java:startImpl(310)) - s2: GrpcService started, listening on 35043
2022-10-20 09:07:37,993 [Time-limited test] INFO  server.GrpcService (GrpcService.java:startImpl(310)) - s2: GrpcService started, listening on 42199
2022-10-20 09:07:37,997 [Time-limited test] INFO  server.GrpcService (GrpcService.java:startImpl(310)) - s2: GrpcService started, listening on 38403
2022-10-20 09:07:37,998 [JvmPauseMonitor6] INFO  util.JvmPauseMonitor (JvmPauseMonitor.java:run(105)) - JvmPauseMonitor-s2: Started
2022-10-20 09:07:38,002 [Time-limited test] INFO  server.RaftServerConfigKeys (ConfUtils.java:logGet(46)) - raft.server.rpc.timeout.max = 300ms (default)
2022-10-20 09:07:38,003 [Time-limited test] INFO  ratis.RaftTestUtil (RaftTestUtil.java:waitForLeader(100)) - printing ALL groups
  s0:  RUNNING  FOLLOWER s0@group-4D961C7EB769:t0, leader=null, voted=, raftlog=Memoized:s0@group-4D961C7EB769-SegmentedRaftLog:OPENED:c-1, conf=-1: peers:[s0|rpc:localhost:34285|admin:localhost:46479|client:localhost:45349|dataStream:localhost:34817|priority:0|startupRole:FOLLOWER, s1|rpc:localhost:36349|admin:localhost:44151|client:localhost:32813|dataStream:localhost:35611|priority:0|startupRole:FOLLOWER, s2|rpc:localhost:42199|admin:localhost:38403|client:localhost:35043|dataStream:localhost:38209|priority:0|startupRole:FOLLOWER]|listeners:[], old=null RUNNING
  s1:  RUNNING  FOLLOWER s1@group-4D961C7EB769:t0, leader=null, voted=, raftlog=Memoized:s1@group-4D961C7EB769-SegmentedRaftLog:OPENED:c-1, conf=-1: peers:[s0|rpc:localhost:34285|admin:localhost:46479|client:localhost:45349|dataStream:localhost:34817|priority:0|startupRole:FOLLOWER, s1|rpc:localhost:36349|admin:localhost:44151|client:localhost:32813|dataStream:localhost:35611|priority:0|startupRole:FOLLOWER, s2|rpc:localhost:42199|admin:localhost:38403|client:localhost:35043|dataStream:localhost:38209|priority:0|startupRole:FOLLOWER]|listeners:[], old=null RUNNING
  s2:  RUNNING  FOLLOWER s2@group-4D961C7EB769:t0, leader=null, voted=, raftlog=Memoized:s2@group-4D961C7EB769-SegmentedRaftLog:OPENED:c-1, conf=-1: peers:[s0|rpc:localhost:34285|admin:localhost:46479|client:localhost:45349|dataStream:localhost:34817|priority:0|startupRole:FOLLOWER, s1|rpc:localhost:36349|admin:localhost:44151|client:localhost:32813|dataStream:localhost:35611|priority:0|startupRole:FOLLOWER, s2|rpc:localhost:42199|admin:localhost:38403|client:localhost:35043|dataStream:localhost:38209|priority:0|startupRole:FOLLOWER]|listeners:[], old=null RUNNING
2022-10-20 09:07:38,003 [Time-limited test] WARN  ratis.RaftTestUtil (JavaUtils.java:attempt(217)) - FAILED "waitForLeader-null-(expectLeader? true)", attempt #1/100: java.lang.IllegalStateException: No leader yet : printing ALL groups
  s0:  RUNNING  FOLLOWER s0@group-4D961C7EB769:t0, leader=null, voted=, raftlog=Memoized:s0@group-4D961C7EB769-SegmentedRaftLog:OPENED:c-1, conf=-1: peers:[s0|rpc:localhost:34285|admin:localhost:46479|client:localhost:45349|dataStream:localhost:34817|priority:0|startupRole:FOLLOWER, s1|rpc:localhost:36349|admin:localhost:44151|client:localhost:32813|dataStream:localhost:35611|priority:0|startupRole:FOLLOWER, s2|rpc:localhost:42199|admin:localhost:38403|client:localhost:35043|dataStream:localhost:38209|priority:0|startupRole:FOLLOWER]|listeners:[], old=null RUNNING
  s1:  RUNNING  FOLLOWER s1@group-4D961C7EB769:t0, leader=null, voted=, raftlog=Memoized:s1@group-4D961C7EB769-SegmentedRaftLog:OPENED:c-1, conf=-1: peers:[s0|rpc:localhost:34285|admin:localhost:46479|client:localhost:45349|dataStream:localhost:34817|priority:0|startupRole:FOLLOWER, s1|rpc:localhost:36349|admin:localhost:44151|client:localhost:32813|dataStream:localhost:35611|priority:0|startupRole:FOLLOWER, s2|rpc:localhost:42199|admin:localhost:38403|client:localhost:35043|dataStream:localhost:38209|priority:0|startupRole:FOLLOWER]|listeners:[], old=null RUNNING
  s2:  RUNNING  FOLLOWER s2@group-4D961C7EB769:t0, leader=null, voted=, raftlog=Memoized:s2@group-4D961C7EB769-SegmentedRaftLog:OPENED:c-1, conf=-1: peers:[s0|rpc:localhost:34285|admin:localhost:46479|client:localhost:45349|dataStream:localhost:34817|priority:0|startupRole:FOLLOWER, s1|rpc:localhost:36349|admin:localhost:44151|client:localhost:32813|dataStream:localhost:35611|priority:0|startupRole:FOLLOWER, s2|rpc:localhost:42199|admin:localhost:38403|client:localhost:35043|dataStream:localhost:38209|priority:0|startupRole:FOLLOWER]|listeners:[], old=null RUNNING, sleep 450ms and then retry.
java.lang.IllegalStateException: No leader yet : printing ALL groups
  s0:  RUNNING  FOLLOWER s0@group-4D961C7EB769:t0, leader=null, voted=, raftlog=Memoized:s0@group-4D961C7EB769-SegmentedRaftLog:OPENED:c-1, conf=-1: peers:[s0|rpc:localhost:34285|admin:localhost:46479|client:localhost:45349|dataStream:localhost:34817|priority:0|startupRole:FOLLOWER, s1|rpc:localhost:36349|admin:localhost:44151|client:localhost:32813|dataStream:localhost:35611|priority:0|startupRole:FOLLOWER, s2|rpc:localhost:42199|admin:localhost:38403|client:localhost:35043|dataStream:localhost:38209|priority:0|startupRole:FOLLOWER]|listeners:[], old=null RUNNING
  s1:  RUNNING  FOLLOWER s1@group-4D961C7EB769:t0, leader=null, voted=, raftlog=Memoized:s1@group-4D961C7EB769-SegmentedRaftLog:OPENED:c-1, conf=-1: peers:[s0|rpc:localhost:34285|admin:localhost:46479|client:localhost:45349|dataStream:localhost:34817|priority:0|startupRole:FOLLOWER, s1|rpc:localhost:36349|admin:localhost:44151|client:localhost:32813|dataStream:localhost:35611|priority:0|startupRole:FOLLOWER, s2|rpc:localhost:42199|admin:localhost:38403|client:localhost:35043|dataStream:localhost:38209|priority:0|startupRole:FOLLOWER]|listeners:[], old=null RUNNING
  s2:  RUNNING  FOLLOWER s2@group-4D961C7EB769:t0, leader=null, voted=, raftlog=Memoized:s2@group-4D961C7EB769-SegmentedRaftLog:OPENED:c-1, conf=-1: peers:[s0|rpc:localhost:34285|admin:localhost:46479|client:localhost:45349|dataStream:localhost:34817|priority:0|startupRole:FOLLOWER, s1|rpc:localhost:36349|admin:localhost:44151|client:localhost:32813|dataStream:localhost:35611|priority:0|startupRole:FOLLOWER, s2|rpc:localhost:42199|admin:localhost:38403|client:localhost:35043|dataStream:localhost:38209|priority:0|startupRole:FOLLOWER]|listeners:[], old=null RUNNING
	at org.apache.ratis.server.impl.MiniRaftCluster.newIllegalStateExceptionForNoLeaders(MiniRaftCluster.java:581)
	at org.apache.ratis.RaftTestUtil.lambda$waitForLeader$1(RaftTestUtil.java:104)
	at org.apache.ratis.server.impl.MiniRaftCluster.getLeader(MiniRaftCluster.java:615)
	at org.apache.ratis.server.impl.MiniRaftCluster.getLeader(MiniRaftCluster.java:608)
	at org.apache.ratis.RaftTestUtil.lambda$waitForLeader$3(RaftTestUtil.java:112)
	at org.apache.ratis.util.JavaUtils.attempt(JavaUtils.java:211)
	at org.apache.ratis.util.JavaUtils.attemptRepeatedly(JavaUtils.java:197)
	at org.apache.ratis.RaftTestUtil.waitForLeader(RaftTestUtil.java:111)
	at org.apache.ratis.RaftTestUtil.waitForLeader(RaftTestUtil.java:92)
	at org.apache.ratis.RaftTestUtil.waitForLeader(RaftTestUtil.java:87)
	at org.apache.ratis.datastream.DataStreamAsyncClusterTests.runTestDataStream(DataStreamAsyncClusterTests.java:90)
	at org.apache.ratis.datastream.DataStreamAsyncClusterTests.runTestDataStreamStepDownLeader(DataStreamAsyncClusterTests.java:82)
	at org.apache.ratis.server.impl.MiniRaftCluster$Factory$Get.runWithNewCluster(MiniRaftCluster.java:141)
	at org.apache.ratis.server.impl.MiniRaftCluster$Factory$Get.runWithNewCluster(MiniRaftCluster.java:121)
	at org.apache.ratis.datastream.DataStreamAsyncClusterTests.testMultipleStreamsMultipleServersStepDownLeader(DataStreamAsyncClusterTests.java:78)
	at java.base/jdk.internal.reflect.NativeMethodAccessorImpl.invoke0(Native Method)
	at java.base/jdk.internal.reflect.NativeMethodAccessorImpl.invoke(NativeMethodAccessorImpl.java:62)
	at java.base/jdk.internal.reflect.DelegatingMethodAccessorImpl.invoke(DelegatingMethodAccessorImpl.java:43)
	at java.base/java.lang.reflect.Method.invoke(Method.java:566)
	at org.junit.runners.model.FrameworkMethod$1.runReflectiveCall(FrameworkMethod.java:59)
	at org.junit.internal.runners.model.ReflectiveCallable.run(ReflectiveCallable.java:12)
	at org.junit.runners.model.FrameworkMethod.invokeExplosively(FrameworkMethod.java:56)
	at org.junit.internal.runners.statements.InvokeMethod.evaluate(InvokeMethod.java:17)
	at org.junit.internal.runners.statements.RunBefores.evaluate(RunBefores.java:26)
	at org.junit.internal.runners.statements.RunAfters.evaluate(RunAfters.java:27)
	at org.junit.internal.runners.statements.FailOnTimeout$CallableStatement.call(FailOnTimeout.java:299)
	at org.junit.internal.runners.statements.FailOnTimeout$CallableStatement.call(FailOnTimeout.java:293)
	at java.base/java.util.concurrent.FutureTask.run(FutureTask.java:264)
	at java.base/java.lang.Thread.run(Thread.java:829)
2022-10-20 09:07:38,126 [s1@group-4D961C7EB769-FollowerState] INFO  impl.FollowerState (FollowerState.java:run(143)) - s1@group-4D961C7EB769-FollowerState: change to CANDIDATE, lastRpcElapsedTime:201327413ns, electionTimeout:178ms
2022-10-20 09:07:38,127 [s1@group-4D961C7EB769-FollowerState] INFO  impl.RoleInfo (RoleInfo.java:shutdownFollowerState(110)) - s1: shutdown s1@group-4D961C7EB769-FollowerState
2022-10-20 09:07:38,127 [s1@group-4D961C7EB769-FollowerState] INFO  server.RaftServer$Division (RaftServerImpl.java:setRole(325)) - s1@group-4D961C7EB769: changes role from  FOLLOWER to CANDIDATE at term 0 for changeToCandidate
2022-10-20 09:07:38,128 [s1@group-4D961C7EB769-FollowerState] INFO  server.RaftServerConfigKeys (ConfUtils.java:logGet(46)) - raft.server.leaderelection.pre-vote = true (default)
2022-10-20 09:07:38,128 [s1@group-4D961C7EB769-FollowerState] INFO  impl.RoleInfo (RoleInfo.java:updateAndGet(139)) - s1: start s1@group-4D961C7EB769-LeaderElection3
2022-10-20 09:07:38,134 [s1@group-4D961C7EB769-LeaderElection3] INFO  impl.LeaderElection (LeaderElection.java:askForVotes(309)) - s1@group-4D961C7EB769-LeaderElection3 PRE_VOTE round 0: submit vote requests at term 0 for -1: peers:[s0|rpc:localhost:34285|admin:localhost:46479|client:localhost:45349|dataStream:localhost:34817|priority:0|startupRole:FOLLOWER, s1|rpc:localhost:36349|admin:localhost:44151|client:localhost:32813|dataStream:localhost:35611|priority:0|startupRole:FOLLOWER, s2|rpc:localhost:42199|admin:localhost:38403|client:localhost:35043|dataStream:localhost:38209|priority:0|startupRole:FOLLOWER]|listeners:[], old=null
2022-10-20 09:07:38,135 [s1@group-4D961C7EB769-LeaderElection3-1] INFO  server.GrpcServerProtocolClient (GrpcServerProtocolClient.java:<init>(63)) - Build channel for s0
2022-10-20 09:07:38,140 [s1@group-4D961C7EB769-LeaderElection3] INFO  server.RaftServerConfigKeys (ConfUtils.java:logFallback(53)) - raft.server.rpc.first-election.timeout.min = 150ms (fallback to raft.server.rpc.timeout.min)
2022-10-20 09:07:38,141 [s1@group-4D961C7EB769-LeaderElection3] INFO  server.RaftServerConfigKeys (ConfUtils.java:logFallback(53)) - raft.server.rpc.first-election.timeout.max = 300ms (fallback to raft.server.rpc.timeout.max)
2022-10-20 09:07:38,142 [s1@group-4D961C7EB769-LeaderElection3-2] INFO  server.GrpcServerProtocolClient (GrpcServerProtocolClient.java:<init>(63)) - Build channel for s2
2022-10-20 09:07:38,147 [s0@group-4D961C7EB769-FollowerState] INFO  impl.FollowerState (FollowerState.java:run(143)) - s0@group-4D961C7EB769-FollowerState: change to CANDIDATE, lastRpcElapsedTime:264194610ns, electionTimeout:242ms
2022-10-20 09:07:38,147 [s0@group-4D961C7EB769-FollowerState] INFO  impl.RoleInfo (RoleInfo.java:shutdownFollowerState(110)) - s0: shutdown s0@group-4D961C7EB769-FollowerState
2022-10-20 09:07:38,147 [s0@group-4D961C7EB769-FollowerState] INFO  server.RaftServer$Division (RaftServerImpl.java:setRole(325)) - s0@group-4D961C7EB769: changes role from  FOLLOWER to CANDIDATE at term 0 for changeToCandidate
2022-10-20 09:07:38,151 [s0@group-4D961C7EB769-FollowerState] INFO  server.RaftServerConfigKeys (ConfUtils.java:logGet(46)) - raft.server.leaderelection.pre-vote = true (default)
2022-10-20 09:07:38,151 [s0@group-4D961C7EB769-FollowerState] INFO  impl.RoleInfo (RoleInfo.java:updateAndGet(139)) - s0: start s0@group-4D961C7EB769-LeaderElection4
2022-10-20 09:07:38,151 [grpc-default-executor-1] INFO  server.RaftServer$Division (RaftServerImpl.java:requestVote(1291)) - s0@group-4D961C7EB769: receive requestVote(PRE_VOTE, s1, group-4D961C7EB769, 0, (t:0, i:0))
2022-10-20 09:07:38,152 [grpc-default-executor-1] INFO  impl.VoteContext (VoteContext.java:log(49)) - s0@group-4D961C7EB769-CANDIDATE: accept PRE_VOTE from s1: our priority 0 <= candidate's priority 0
2022-10-20 09:07:38,153 [grpc-default-executor-1] INFO  server.RaftServer$Division (RaftServerImpl.java:requestVote(1324)) - s0@group-4D961C7EB769 replies to PRE_VOTE vote request: s1<-s0#0:OK-t0. Peer's state: s0@group-4D961C7EB769:t0, leader=null, voted=, raftlog=Memoized:s0@group-4D961C7EB769-SegmentedRaftLog:OPENED:c-1, conf=-1: peers:[s0|rpc:localhost:34285|admin:localhost:46479|client:localhost:45349|dataStream:localhost:34817|priority:0|startupRole:FOLLOWER, s1|rpc:localhost:36349|admin:localhost:44151|client:localhost:32813|dataStream:localhost:35611|priority:0|startupRole:FOLLOWER, s2|rpc:localhost:42199|admin:localhost:38403|client:localhost:35043|dataStream:localhost:38209|priority:0|startupRole:FOLLOWER]|listeners:[], old=null
2022-10-20 09:07:38,154 [s1@group-4D961C7EB769-LeaderElection3] INFO  impl.LeaderElection (LeaderElection.java:logAndReturn(89)) - s1@group-4D961C7EB769-LeaderElection3: PRE_VOTE PASSED received 1 response(s) and 0 exception(s):
2022-10-20 09:07:38,154 [s1@group-4D961C7EB769-LeaderElection3] INFO  impl.LeaderElection (LeaderElection.java:logAndReturn(93)) -   Response 0: s1<-s0#0:OK-t0
2022-10-20 09:07:38,154 [s1@group-4D961C7EB769-LeaderElection3] INFO  impl.LeaderElection (LeaderElection.java:askForVotes(311)) - s1@group-4D961C7EB769-LeaderElection3 PRE_VOTE round 0: result PASSED
2022-10-20 09:07:38,157 [s1@group-4D961C7EB769-LeaderElection3] INFO  impl.LeaderElection (LeaderElection.java:askForVotes(309)) - s1@group-4D961C7EB769-LeaderElection3 ELECTION round 0: submit vote requests at term 1 for -1: peers:[s0|rpc:localhost:34285|admin:localhost:46479|client:localhost:45349|dataStream:localhost:34817|priority:0|startupRole:FOLLOWER, s1|rpc:localhost:36349|admin:localhost:44151|client:localhost:32813|dataStream:localhost:35611|priority:0|startupRole:FOLLOWER, s2|rpc:localhost:42199|admin:localhost:38403|client:localhost:35043|dataStream:localhost:38209|priority:0|startupRole:FOLLOWER]|listeners:[], old=null
2022-10-20 09:07:38,164 [s1@group-4D961C7EB769-LeaderElection3] INFO  server.RaftServerConfigKeys (ConfUtils.java:logFallback(53)) - raft.server.rpc.first-election.timeout.min = 150ms (fallback to raft.server.rpc.timeout.min)
2022-10-20 09:07:38,164 [s1@group-4D961C7EB769-LeaderElection3] INFO  server.RaftServerConfigKeys (ConfUtils.java:logFallback(53)) - raft.server.rpc.first-election.timeout.max = 300ms (fallback to raft.server.rpc.timeout.max)
2022-10-20 09:07:38,156 [s0@group-4D961C7EB769-LeaderElection4] INFO  impl.LeaderElection (LeaderElection.java:askForVotes(309)) - s0@group-4D961C7EB769-LeaderElection4 PRE_VOTE round 0: submit vote requests at term 0 for -1: peers:[s0|rpc:localhost:34285|admin:localhost:46479|client:localhost:45349|dataStream:localhost:34817|priority:0|startupRole:FOLLOWER, s1|rpc:localhost:36349|admin:localhost:44151|client:localhost:32813|dataStream:localhost:35611|priority:0|startupRole:FOLLOWER, s2|rpc:localhost:42199|admin:localhost:38403|client:localhost:35043|dataStream:localhost:38209|priority:0|startupRole:FOLLOWER]|listeners:[], old=null
2022-10-20 09:07:38,169 [grpc-default-executor-1] INFO  server.RaftServer$Division (RaftServerImpl.java:requestVote(1291)) - s0@group-4D961C7EB769: receive requestVote(ELECTION, s1, group-4D961C7EB769, 1, (t:0, i:0))
2022-10-20 09:07:38,170 [grpc-default-executor-1] INFO  impl.VoteContext (VoteContext.java:log(49)) - s0@group-4D961C7EB769-CANDIDATE: accept ELECTION from s1: our priority 0 <= candidate's priority 0
2022-10-20 09:07:38,170 [grpc-default-executor-1] INFO  server.RaftServer$Division (RaftServerImpl.java:setRole(325)) - s0@group-4D961C7EB769: changes role from CANDIDATE to FOLLOWER at term 1 for candidate:s1
2022-10-20 09:07:38,170 [grpc-default-executor-1] INFO  impl.RoleInfo (RoleInfo.java:shutdownLeaderElection(130)) - s0: shutdown s0@group-4D961C7EB769-LeaderElection4
2022-10-20 09:07:38,170 [grpc-default-executor-1] INFO  impl.RoleInfo (RoleInfo.java:updateAndGet(139)) - s0: start s0@group-4D961C7EB769-FollowerState
2022-10-20 09:07:38,169 [grpc-default-executor-0] INFO  server.RaftServer$Division (RaftServerImpl.java:requestVote(1291)) - s2@group-4D961C7EB769: receive requestVote(PRE_VOTE, s1, group-4D961C7EB769, 0, (t:0, i:0))
2022-10-20 09:07:38,176 [grpc-default-executor-0] INFO  impl.VoteContext (VoteContext.java:log(49)) - s2@group-4D961C7EB769-FOLLOWER: accept PRE_VOTE from s1: our priority 0 <= candidate's priority 0
2022-10-20 09:07:38,176 [grpc-default-executor-0] INFO  server.RaftServer$Division (RaftServerImpl.java:requestVote(1324)) - s2@group-4D961C7EB769 replies to PRE_VOTE vote request: s1<-s2#0:OK-t0. Peer's state: s2@group-4D961C7EB769:t0, leader=null, voted=, raftlog=Memoized:s2@group-4D961C7EB769-SegmentedRaftLog:OPENED:c-1, conf=-1: peers:[s0|rpc:localhost:34285|admin:localhost:46479|client:localhost:45349|dataStream:localhost:34817|priority:0|startupRole:FOLLOWER, s1|rpc:localhost:36349|admin:localhost:44151|client:localhost:32813|dataStream:localhost:35611|priority:0|startupRole:FOLLOWER, s2|rpc:localhost:42199|admin:localhost:38403|client:localhost:35043|dataStream:localhost:38209|priority:0|startupRole:FOLLOWER]|listeners:[], old=null
2022-10-20 09:07:38,176 [s0@group-4D961C7EB769-FollowerState] INFO  server.RaftServerConfigKeys (ConfUtils.java:logFallback(53)) - raft.server.rpc.first-election.timeout.min = 150ms (fallback to raft.server.rpc.timeout.min)
2022-10-20 09:07:38,176 [s0@group-4D961C7EB769-FollowerState] INFO  server.RaftServerConfigKeys (ConfUtils.java:logFallback(53)) - raft.server.rpc.first-election.timeout.max = 300ms (fallback to raft.server.rpc.timeout.max)
2022-10-20 09:07:38,171 [s0@group-4D961C7EB769-LeaderElection4-2] INFO  server.GrpcServerProtocolClient (GrpcServerProtocolClient.java:<init>(63)) - Build channel for s2
2022-10-20 09:07:38,170 [s0@group-4D961C7EB769-LeaderElection4-1] INFO  server.GrpcServerProtocolClient (GrpcServerProtocolClient.java:<init>(63)) - Build channel for s1
2022-10-20 09:07:38,170 [s0@group-4D961C7EB769-LeaderElection4] INFO  server.RaftServerConfigKeys (ConfUtils.java:logFallback(53)) - raft.server.rpc.first-election.timeout.min = 150ms (fallback to raft.server.rpc.timeout.min)
2022-10-20 09:07:38,191 [s0@group-4D961C7EB769-LeaderElection4] INFO  server.RaftServerConfigKeys (ConfUtils.java:logFallback(53)) - raft.server.rpc.first-election.timeout.max = 300ms (fallback to raft.server.rpc.timeout.max)
2022-10-20 09:07:38,191 [s0@group-4D961C7EB769-LeaderElection4] INFO  impl.LeaderElection (LeaderElection.java:logAndReturn(89)) - s0@group-4D961C7EB769-LeaderElection4: PRE_VOTE REJECTED received 0 response(s) and 0 exception(s):
2022-10-20 09:07:38,191 [s0@group-4D961C7EB769-LeaderElection4] INFO  impl.LeaderElection (LeaderElection.java:askForVotes(311)) - s0@group-4D961C7EB769-LeaderElection4 PRE_VOTE round 0: result REJECTED
2022-10-20 09:07:38,181 [grpc-default-executor-0] INFO  server.RaftServer$Division (RaftServerImpl.java:requestVote(1291)) - s2@group-4D961C7EB769: receive requestVote(ELECTION, s1, group-4D961C7EB769, 1, (t:0, i:0))
2022-10-20 09:07:38,191 [grpc-default-executor-0] INFO  impl.VoteContext (VoteContext.java:log(49)) - s2@group-4D961C7EB769-FOLLOWER: accept ELECTION from s1: our priority 0 <= candidate's priority 0
2022-10-20 09:07:38,191 [grpc-default-executor-0] INFO  server.RaftServer$Division (RaftServerImpl.java:setRole(325)) - s2@group-4D961C7EB769: changes role from  FOLLOWER to FOLLOWER at term 1 for candidate:s1
2022-10-20 09:07:38,191 [grpc-default-executor-0] INFO  impl.RoleInfo (RoleInfo.java:shutdownFollowerState(110)) - s2: shutdown s2@group-4D961C7EB769-FollowerState
2022-10-20 09:07:38,180 [grpc-default-executor-1] INFO  server.RaftServer$Division (RaftServerImpl.java:requestVote(1324)) - s0@group-4D961C7EB769 replies to ELECTION vote request: s1<-s0#0:OK-t1. Peer's state: s0@group-4D961C7EB769:t1, leader=null, voted=s1, raftlog=Memoized:s0@group-4D961C7EB769-SegmentedRaftLog:OPENED:c-1, conf=-1: peers:[s0|rpc:localhost:34285|admin:localhost:46479|client:localhost:45349|dataStream:localhost:34817|priority:0|startupRole:FOLLOWER, s1|rpc:localhost:36349|admin:localhost:44151|client:localhost:32813|dataStream:localhost:35611|priority:0|startupRole:FOLLOWER, s2|rpc:localhost:42199|admin:localhost:38403|client:localhost:35043|dataStream:localhost:38209|priority:0|startupRole:FOLLOWER]|listeners:[], old=null
2022-10-20 09:07:38,191 [s2@group-4D961C7EB769-FollowerState] INFO  impl.FollowerState (FollowerState.java:run(152)) - s2@group-4D961C7EB769-FollowerState was interrupted
2022-10-20 09:07:38,192 [grpc-default-executor-0] INFO  impl.RoleInfo (RoleInfo.java:updateAndGet(139)) - s2: start s2@group-4D961C7EB769-FollowerState
2022-10-20 09:07:38,196 [s1@group-4D961C7EB769-LeaderElection3] INFO  impl.LeaderElection (LeaderElection.java:logAndReturn(89)) - s1@group-4D961C7EB769-LeaderElection3: ELECTION PASSED received 1 response(s) and 0 exception(s):
2022-10-20 09:07:38,197 [s1@group-4D961C7EB769-LeaderElection3] INFO  impl.LeaderElection (LeaderElection.java:logAndReturn(93)) -   Response 0: s1<-s0#0:OK-t1
2022-10-20 09:07:38,197 [s1@group-4D961C7EB769-LeaderElection3] INFO  impl.LeaderElection (LeaderElection.java:askForVotes(311)) - s1@group-4D961C7EB769-LeaderElection3 ELECTION round 0: result PASSED
2022-10-20 09:07:38,197 [s1@group-4D961C7EB769-LeaderElection3] INFO  impl.RoleInfo (RoleInfo.java:shutdownLeaderElection(130)) - s1: shutdown s1@group-4D961C7EB769-LeaderElection3
2022-10-20 09:07:38,197 [s1@group-4D961C7EB769-LeaderElection3] INFO  server.RaftServer$Division (RaftServerImpl.java:setRole(325)) - s1@group-4D961C7EB769: changes role from CANDIDATE to LEADER at term 1 for changeToLeader
2022-10-20 09:07:38,197 [s1@group-4D961C7EB769-LeaderElection3] INFO  server.RaftServer$Division (ServerState.java:setLeader(259)) - s1@group-4D961C7EB769: change Leader from null to s1 at term 1 for becomeLeader, leader elected after 345ms
2022-10-20 09:07:38,197 [s1@group-4D961C7EB769-LeaderElection3] INFO  server.RaftServerConfigKeys (ConfUtils.java:logGet(46)) - raft.server.staging.catchup.gap = 1000 (default)
2022-10-20 09:07:38,197 [s1@group-4D961C7EB769-LeaderElection3] INFO  server.RaftServerConfigKeys (ConfUtils.java:logGet(46)) - raft.server.write.element-limit = 4096 (default)
2022-10-20 09:07:38,197 [s1@group-4D961C7EB769-LeaderElection3] INFO  server.RaftServerConfigKeys (ConfUtils.java:logGet(46)) - raft.server.write.byte-limit = 64MB (=67108864) (default)
2022-10-20 09:07:38,197 [s1@group-4D961C7EB769-LeaderElection3] INFO  server.RaftServerConfigKeys (ConfUtils.java:logGet(46)) - raft.server.watch.timeout = 10s (default)
2022-10-20 09:07:38,197 [s1@group-4D961C7EB769-LeaderElection3] INFO  server.RaftServerConfigKeys (ConfUtils.java:logGet(46)) - raft.server.watch.timeout.denomination = 1s (default)
2022-10-20 09:07:38,197 [s1@group-4D961C7EB769-LeaderElection3] INFO  server.RaftServerConfigKeys (ConfUtils.java:logGet(46)) - raft.server.watch.element-limit = 65536 (default)
2022-10-20 09:07:38,197 [s1@group-4D961C7EB769-LeaderElection3] INFO  server.RaftServerConfigKeys (ConfUtils.java:logGet(46)) - raft.server.write.element-limit = 4096 (default)
2022-10-20 09:07:38,197 [s1@group-4D961C7EB769-LeaderElection3] INFO  server.RaftServerConfigKeys (ConfUtils.java:logGet(46)) - raft.server.write.follower.gap.ratio.max = -1.0 (default)
2022-10-20 09:07:38,198 [s1@group-4D961C7EB769-LeaderElection3] INFO  server.RaftServerConfigKeys (ConfUtils.java:logGet(46)) - raft.server.log.appender.snapshot.chunk.size.max = 16MB (=16777216) (default)
2022-10-20 09:07:38,198 [s1@group-4D961C7EB769-LeaderElection3] INFO  server.RaftServerConfigKeys (ConfUtils.java:logGet(46)) - raft.server.log.appender.buffer.byte-limit = 4MB (=4194304) (default)
2022-10-20 09:07:38,198 [s1@group-4D961C7EB769-LeaderElection3] INFO  server.RaftServerConfigKeys (ConfUtils.java:logGet(46)) - raft.server.log.appender.buffer.element-limit = 0 (default)
2022-10-20 09:07:38,198 [s1@group-4D961C7EB769-LeaderElection3] INFO  grpc.GrpcConfigKeys (ConfUtils.java:logGet(46)) - raft.grpc.server.leader.outstanding.appends.max = 128 (default)
2022-10-20 09:07:38,206 [s1@group-4D961C7EB769-LeaderElection3] INFO  server.RaftServerConfigKeys (ConfUtils.java:logGet(46)) - raft.server.rpc.request.timeout = 3000ms (default)
2022-10-20 09:07:38,206 [s1@group-4D961C7EB769-LeaderElection3] INFO  server.RaftServerConfigKeys (ConfUtils.java:logGet(46)) - raft.server.log.appender.install.snapshot.enabled = true (default)
2022-10-20 09:07:38,206 [s1@group-4D961C7EB769-LeaderElection3] INFO  grpc.GrpcConfigKeys (ConfUtils.java:logGet(46)) - raft.grpc.server.heartbeat.channel = true (default)
2022-10-20 09:07:38,206 [grpc-default-executor-1] INFO  server.RaftServer$Division (RaftServerImpl.java:requestVote(1291)) - s2@group-4D961C7EB769: receive requestVote(PRE_VOTE, s0, group-4D961C7EB769, 0, (t:0, i:0))
2022-10-20 09:07:38,206 [s1@group-4D961C7EB769-LeaderElection3] INFO  server.RaftServerConfigKeys (ConfUtils.java:logGet(46)) - raft.server.log.appender.wait-time.min = 10ms (default)
2022-10-20 09:07:38,206 [grpc-default-executor-4] INFO  server.RaftServer$Division (RaftServerImpl.java:requestVote(1291)) - s1@group-4D961C7EB769: receive requestVote(PRE_VOTE, s0, group-4D961C7EB769, 0, (t:0, i:0))
2022-10-20 09:07:38,207 [s1@group-4D961C7EB769-LeaderElection3] INFO  server.RaftServerConfigKeys (ConfUtils.java:logGet(46)) - raft.server.log.appender.snapshot.chunk.size.max = 16MB (=16777216) (default)
2022-10-20 09:07:38,207 [s1@group-4D961C7EB769-LeaderElection3] INFO  server.RaftServerConfigKeys (ConfUtils.java:logGet(46)) - raft.server.log.appender.buffer.byte-limit = 4MB (=4194304) (default)
2022-10-20 09:07:38,207 [s1@group-4D961C7EB769-LeaderElection3] INFO  server.RaftServerConfigKeys (ConfUtils.java:logGet(46)) - raft.server.log.appender.buffer.element-limit = 0 (default)
2022-10-20 09:07:38,207 [s1@group-4D961C7EB769-LeaderElection3] INFO  grpc.GrpcConfigKeys (ConfUtils.java:logGet(46)) - raft.grpc.server.leader.outstanding.appends.max = 128 (default)
2022-10-20 09:07:38,207 [s1@group-4D961C7EB769-LeaderElection3] INFO  server.RaftServerConfigKeys (ConfUtils.java:logGet(46)) - raft.server.rpc.request.timeout = 3000ms (default)
2022-10-20 09:07:38,207 [s1@group-4D961C7EB769-LeaderElection3] INFO  server.RaftServerConfigKeys (ConfUtils.java:logGet(46)) - raft.server.log.appender.install.snapshot.enabled = true (default)
2022-10-20 09:07:38,207 [s1@group-4D961C7EB769-LeaderElection3] INFO  grpc.GrpcConfigKeys (ConfUtils.java:logGet(46)) - raft.grpc.server.heartbeat.channel = true (default)
2022-10-20 09:07:38,208 [s1@group-4D961C7EB769-LeaderElection3] INFO  server.RaftServerConfigKeys (ConfUtils.java:logGet(46)) - raft.server.log.appender.wait-time.min = 10ms (default)
2022-10-20 09:07:38,208 [s1@group-4D961C7EB769-LeaderElection3] INFO  impl.RoleInfo (RoleInfo.java:updateAndGet(139)) - s1: start s1@group-4D961C7EB769-LeaderStateImpl
2022-10-20 09:07:38,208 [s1@group-4D961C7EB769-LeaderElection3] INFO  segmented.SegmentedRaftLogWorker (SegmentedRaftLogWorker.java:startLogSegment(431)) - s1@group-4D961C7EB769-SegmentedRaftLogWorker: Starting segment from index:0
2022-10-20 09:07:38,208 [grpc-default-executor-0] INFO  server.RaftServer$Division (RaftServerImpl.java:requestVote(1324)) - s2@group-4D961C7EB769 replies to ELECTION vote request: s1<-s2#0:OK-t1. Peer's state: s2@group-4D961C7EB769:t1, leader=null, voted=s1, raftlog=Memoized:s2@group-4D961C7EB769-SegmentedRaftLog:OPENED:c-1, conf=-1: peers:[s0|rpc:localhost:34285|admin:localhost:46479|client:localhost:45349|dataStream:localhost:34817|priority:0|startupRole:FOLLOWER, s1|rpc:localhost:36349|admin:localhost:44151|client:localhost:32813|dataStream:localhost:35611|priority:0|startupRole:FOLLOWER, s2|rpc:localhost:42199|admin:localhost:38403|client:localhost:35043|dataStream:localhost:38209|priority:0|startupRole:FOLLOWER]|listeners:[], old=null
2022-10-20 09:07:38,209 [grpc-default-executor-1] INFO  impl.VoteContext (VoteContext.java:log(49)) - s2@group-4D961C7EB769-FOLLOWER: accept PRE_VOTE from s0: our priority 0 <= candidate's priority 0
2022-10-20 09:07:38,209 [grpc-default-executor-1] INFO  server.RaftServer$Division (RaftServerImpl.java:requestVote(1324)) - s2@group-4D961C7EB769 replies to PRE_VOTE vote request: s0<-s2#0:OK-t1. Peer's state: s2@group-4D961C7EB769:t1, leader=null, voted=s1, raftlog=Memoized:s2@group-4D961C7EB769-SegmentedRaftLog:OPENED:c-1, conf=-1: peers:[s0|rpc:localhost:34285|admin:localhost:46479|client:localhost:45349|dataStream:localhost:34817|priority:0|startupRole:FOLLOWER, s1|rpc:localhost:36349|admin:localhost:44151|client:localhost:32813|dataStream:localhost:35611|priority:0|startupRole:FOLLOWER, s2|rpc:localhost:42199|admin:localhost:38403|client:localhost:35043|dataStream:localhost:38209|priority:0|startupRole:FOLLOWER]|listeners:[], old=null
2022-10-20 09:07:38,217 [s2@group-4D961C7EB769-FollowerState] INFO  server.RaftServerConfigKeys (ConfUtils.java:logFallback(53)) - raft.server.rpc.first-election.timeout.min = 150ms (fallback to raft.server.rpc.timeout.min)
2022-10-20 09:07:38,218 [s2@group-4D961C7EB769-FollowerState] INFO  server.RaftServerConfigKeys (ConfUtils.java:logFallback(53)) - raft.server.rpc.first-election.timeout.max = 300ms (fallback to raft.server.rpc.timeout.max)
2022-10-20 09:07:38,229 [s1@group-4D961C7EB769-SegmentedRaftLogWorker] INFO  segmented.SegmentedRaftLogWorker (SegmentedRaftLogWorker.java:execute(635)) - s1@group-4D961C7EB769-SegmentedRaftLogWorker: created new log segment /home/runner/work/ratis/ratis/ratis-test/target/test/data/f8e7fc7e/MiniRaftClusterWithRpcTypeGrpcAndDataStreamTypeNetty40992780/s1/99817b12-395f-46b3-bada-4d961c7eb769/current/log_inprogress_0
2022-10-20 09:07:38,239 [s1@group-4D961C7EB769-LeaderElection3] INFO  server.RaftServer$Division (ServerState.java:setRaftConf(376)) - s1@group-4D961C7EB769: set configuration 0: peers:[s0|rpc:localhost:34285|admin:localhost:46479|client:localhost:45349|dataStream:localhost:34817|priority:0|startupRole:FOLLOWER, s1|rpc:localhost:36349|admin:localhost:44151|client:localhost:32813|dataStream:localhost:35611|priority:0|startupRole:FOLLOWER, s2|rpc:localhost:42199|admin:localhost:38403|client:localhost:35043|dataStream:localhost:38209|priority:0|startupRole:FOLLOWER]|listeners:[], old=null
2022-10-20 09:07:38,242 [grpc-default-executor-4] INFO  impl.VoteContext (VoteContext.java:log(49)) - s1@group-4D961C7EB769-LEADER: reject PRE_VOTE from s0: this server is the leader and still has leadership
2022-10-20 09:07:38,242 [grpc-default-executor-4] INFO  server.RaftServer$Division (RaftServerImpl.java:requestVote(1324)) - s1@group-4D961C7EB769 replies to PRE_VOTE vote request: s0<-s1#0:FAIL-t1. Peer's state: s1@group-4D961C7EB769:t1, leader=s1, voted=s1, raftlog=Memoized:s1@group-4D961C7EB769-SegmentedRaftLog:OPENED:c0, conf=0: peers:[s0|rpc:localhost:34285|admin:localhost:46479|client:localhost:45349|dataStream:localhost:34817|priority:0|startupRole:FOLLOWER, s1|rpc:localhost:36349|admin:localhost:44151|client:localhost:32813|dataStream:localhost:35611|priority:0|startupRole:FOLLOWER, s2|rpc:localhost:42199|admin:localhost:38403|client:localhost:35043|dataStream:localhost:38209|priority:0|startupRole:FOLLOWER]|listeners:[], old=null
2022-10-20 09:07:38,249 [s0-server-thread1] INFO  server.RaftServer$Division (ServerState.java:setLeader(259)) - s0@group-4D961C7EB769: change Leader from null to s1 at term 1 for appendEntries, leader elected after 445ms
2022-10-20 09:07:38,255 [s0-server-thread1] INFO  server.RaftServer$Division (ServerState.java:setRaftConf(376)) - s0@group-4D961C7EB769: set configuration 0: peers:[s0|rpc:localhost:34285|admin:localhost:46479|client:localhost:45349|dataStream:localhost:34817|priority:0|startupRole:FOLLOWER, s1|rpc:localhost:36349|admin:localhost:44151|client:localhost:32813|dataStream:localhost:35611|priority:0|startupRole:FOLLOWER, s2|rpc:localhost:42199|admin:localhost:38403|client:localhost:35043|dataStream:localhost:38209|priority:0|startupRole:FOLLOWER]|listeners:[], old=null
2022-10-20 09:07:38,255 [s0-server-thread1] INFO  segmented.SegmentedRaftLogWorker (SegmentedRaftLogWorker.java:startLogSegment(431)) - s0@group-4D961C7EB769-SegmentedRaftLogWorker: Starting segment from index:0
2022-10-20 09:07:38,261 [s2-server-thread1] INFO  server.RaftServer$Division (ServerState.java:setLeader(259)) - s2@group-4D961C7EB769: change Leader from null to s1 at term 1 for appendEntries, leader elected after 381ms
2022-10-20 09:07:38,269 [s2-server-thread2] INFO  server.RaftServer$Division (ServerState.java:setRaftConf(376)) - s2@group-4D961C7EB769: set configuration 0: peers:[s0|rpc:localhost:34285|admin:localhost:46479|client:localhost:45349|dataStream:localhost:34817|priority:0|startupRole:FOLLOWER, s1|rpc:localhost:36349|admin:localhost:44151|client:localhost:32813|dataStream:localhost:35611|priority:0|startupRole:FOLLOWER, s2|rpc:localhost:42199|admin:localhost:38403|client:localhost:35043|dataStream:localhost:38209|priority:0|startupRole:FOLLOWER]|listeners:[], old=null
2022-10-20 09:07:38,269 [s2-server-thread2] INFO  segmented.SegmentedRaftLogWorker (SegmentedRaftLogWorker.java:startLogSegment(431)) - s2@group-4D961C7EB769-SegmentedRaftLogWorker: Starting segment from index:0
2022-10-20 09:07:38,271 [s0@group-4D961C7EB769-SegmentedRaftLogWorker] INFO  segmented.SegmentedRaftLogWorker (SegmentedRaftLogWorker.java:execute(635)) - s0@group-4D961C7EB769-SegmentedRaftLogWorker: created new log segment /home/runner/work/ratis/ratis/ratis-test/target/test/data/f8e7fc7e/MiniRaftClusterWithRpcTypeGrpcAndDataStreamTypeNetty40992780/s0/99817b12-395f-46b3-bada-4d961c7eb769/current/log_inprogress_0
2022-10-20 09:07:38,283 [s2@group-4D961C7EB769-SegmentedRaftLogWorker] INFO  segmented.SegmentedRaftLogWorker (SegmentedRaftLogWorker.java:execute(635)) - s2@group-4D961C7EB769-SegmentedRaftLogWorker: created new log segment /home/runner/work/ratis/ratis/ratis-test/target/test/data/f8e7fc7e/MiniRaftClusterWithRpcTypeGrpcAndDataStreamTypeNetty40992780/s2/99817b12-395f-46b3-bada-4d961c7eb769/current/log_inprogress_0
2022-10-20 09:07:38,454 [Time-limited test] INFO  ratis.RaftTestUtil (RaftTestUtil.java:waitForLeader(119)) - printing ALL groups
  s0:  RUNNING  FOLLOWER s0@group-4D961C7EB769:t1, leader=s1, voted=s1, raftlog=Memoized:s0@group-4D961C7EB769-SegmentedRaftLog:OPENED:c0, conf=0: peers:[s0|rpc:localhost:34285|admin:localhost:46479|client:localhost:45349|dataStream:localhost:34817|priority:0|startupRole:FOLLOWER, s1|rpc:localhost:36349|admin:localhost:44151|client:localhost:32813|dataStream:localhost:35611|priority:0|startupRole:FOLLOWER, s2|rpc:localhost:42199|admin:localhost:38403|client:localhost:35043|dataStream:localhost:38209|priority:0|startupRole:FOLLOWER]|listeners:[], old=null RUNNING
  s1:  RUNNING    LEADER s1@group-4D961C7EB769:t1, leader=s1, voted=s1, raftlog=Memoized:s1@group-4D961C7EB769-SegmentedRaftLog:OPENED:c0, conf=0: peers:[s0|rpc:localhost:34285|admin:localhost:46479|client:localhost:45349|dataStream:localhost:34817|priority:0|startupRole:FOLLOWER, s1|rpc:localhost:36349|admin:localhost:44151|client:localhost:32813|dataStream:localhost:35611|priority:0|startupRole:FOLLOWER, s2|rpc:localhost:42199|admin:localhost:38403|client:localhost:35043|dataStream:localhost:38209|priority:0|startupRole:FOLLOWER]|listeners:[], old=null RUNNING
  s2:  RUNNING  FOLLOWER s2@group-4D961C7EB769:t1, leader=s1, voted=s1, raftlog=Memoized:s2@group-4D961C7EB769-SegmentedRaftLog:OPENED:c0, conf=0: peers:[s0|rpc:localhost:34285|admin:localhost:46479|client:localhost:45349|dataStream:localhost:34817|priority:0|startupRole:FOLLOWER, s1|rpc:localhost:36349|admin:localhost:44151|client:localhost:32813|dataStream:localhost:35611|priority:0|startupRole:FOLLOWER, s2|rpc:localhost:42199|admin:localhost:38403|client:localhost:35043|dataStream:localhost:38209|priority:0|startupRole:FOLLOWER]|listeners:[], old=null RUNNING
2022-10-20 09:07:38,455 [pool-9-thread-3] INFO  server.RaftServerConfigKeys (ConfUtils.java:logGet(46)) - raft.server.rpc.timeout.max = 300ms (default)
2022-10-20 09:07:38,455 [pool-9-thread-6] INFO  server.RaftServerConfigKeys (ConfUtils.java:logGet(46)) - raft.server.rpc.timeout.max = 300ms (default)
2022-10-20 09:07:38,474 [pool-9-thread-9] INFO  server.RaftServerConfigKeys (ConfUtils.java:logGet(46)) - raft.server.rpc.timeout.max = 300ms (default)
2022-10-20 09:07:38,475 [pool-9-thread-6] INFO  ratis.RaftTestUtil (RaftTestUtil.java:waitForLeader(100)) - printing ALL groups
  s0:  RUNNING  FOLLOWER s0@group-4D961C7EB769:t1, leader=s1, voted=s1, raftlog=Memoized:s0@group-4D961C7EB769-SegmentedRaftLog:OPENED:c0, conf=0: peers:[s0|rpc:localhost:34285|admin:localhost:46479|client:localhost:45349|dataStream:localhost:34817|priority:0|startupRole:FOLLOWER, s1|rpc:localhost:36349|admin:localhost:44151|client:localhost:32813|dataStream:localhost:35611|priority:0|startupRole:FOLLOWER, s2|rpc:localhost:42199|admin:localhost:38403|client:localhost:35043|dataStream:localhost:38209|priority:0|startupRole:FOLLOWER]|listeners:[], old=null RUNNING
  s1:  RUNNING    LEADER s1@group-4D961C7EB769:t1, leader=s1, voted=s1, raftlog=Memoized:s1@group-4D961C7EB769-SegmentedRaftLog:OPENED:c0, conf=0: peers:[s0|rpc:localhost:34285|admin:localhost:46479|client:localhost:45349|dataStream:localhost:34817|priority:0|startupRole:FOLLOWER, s1|rpc:localhost:36349|admin:localhost:44151|client:localhost:32813|dataStream:localhost:35611|priority:0|startupRole:FOLLOWER, s2|rpc:localhost:42199|admin:localhost:38403|client:localhost:35043|dataStream:localhost:38209|priority:0|startupRole:FOLLOWER]|listeners:[], old=null RUNNING
  s2:  RUNNING  FOLLOWER s2@group-4D961C7EB769:t1, leader=s1, voted=s1, raftlog=Memoized:s2@group-4D961C7EB769-SegmentedRaftLog:OPENED:c0, conf=0: peers:[s0|rpc:localhost:34285|admin:localhost:46479|client:localhost:45349|dataStream:localhost:34817|priority:0|startupRole:FOLLOWER, s1|rpc:localhost:36349|admin:localhost:44151|client:localhost:32813|dataStream:localhost:35611|priority:0|startupRole:FOLLOWER, s2|rpc:localhost:42199|admin:localhost:38403|client:localhost:35043|dataStream:localhost:38209|priority:0|startupRole:FOLLOWER]|listeners:[], old=null RUNNING
2022-10-20 09:07:38,473 [pool-9-thread-3] INFO  ratis.RaftTestUtil (RaftTestUtil.java:waitForLeader(100)) - printing ALL groups
  s0:  RUNNING  FOLLOWER s0@group-4D961C7EB769:t1, leader=s1, voted=s1, raftlog=Memoized:s0@group-4D961C7EB769-SegmentedRaftLog:OPENED:c0, conf=0: peers:[s0|rpc:localhost:34285|admin:localhost:46479|client:localhost:45349|dataStream:localhost:34817|priority:0|startupRole:FOLLOWER, s1|rpc:localhost:36349|admin:localhost:44151|client:localhost:32813|dataStream:localhost:35611|priority:0|startupRole:FOLLOWER, s2|rpc:localhost:42199|admin:localhost:38403|client:localhost:35043|dataStream:localhost:38209|priority:0|startupRole:FOLLOWER]|listeners:[], old=null RUNNING
  s1:  RUNNING    LEADER s1@group-4D961C7EB769:t1, leader=s1, voted=s1, raftlog=Memoized:s1@group-4D961C7EB769-SegmentedRaftLog:OPENED:c0, conf=0: peers:[s0|rpc:localhost:34285|admin:localhost:46479|client:localhost:45349|dataStream:localhost:34817|priority:0|startupRole:FOLLOWER, s1|rpc:localhost:36349|admin:localhost:44151|client:localhost:32813|dataStream:localhost:35611|priority:0|startupRole:FOLLOWER, s2|rpc:localhost:42199|admin:localhost:38403|client:localhost:35043|dataStream:localhost:38209|priority:0|startupRole:FOLLOWER]|listeners:[], old=null RUNNING
  s2:  RUNNING  FOLLOWER s2@group-4D961C7EB769:t1, leader=s1, voted=s1, raftlog=Memoized:s2@group-4D961C7EB769-SegmentedRaftLog:OPENED:c0, conf=0: peers:[s0|rpc:localhost:34285|admin:localhost:46479|client:localhost:45349|dataStream:localhost:34817|priority:0|startupRole:FOLLOWER, s1|rpc:localhost:36349|admin:localhost:44151|client:localhost:32813|dataStream:localhost:35611|priority:0|startupRole:FOLLOWER, s2|rpc:localhost:42199|admin:localhost:38403|client:localhost:35043|dataStream:localhost:38209|priority:0|startupRole:FOLLOWER]|listeners:[], old=null RUNNING
2022-10-20 09:07:38,475 [pool-9-thread-3] INFO  ratis.RaftTestUtil (RaftTestUtil.java:waitForLeader(119)) - printing ALL groups
  s0:  RUNNING  FOLLOWER s0@group-4D961C7EB769:t1, leader=s1, voted=s1, raftlog=Memoized:s0@group-4D961C7EB769-SegmentedRaftLog:OPENED:c0, conf=0: peers:[s0|rpc:localhost:34285|admin:localhost:46479|client:localhost:45349|dataStream:localhost:34817|priority:0|startupRole:FOLLOWER, s1|rpc:localhost:36349|admin:localhost:44151|client:localhost:32813|dataStream:localhost:35611|priority:0|startupRole:FOLLOWER, s2|rpc:localhost:42199|admin:localhost:38403|client:localhost:35043|dataStream:localhost:38209|priority:0|startupRole:FOLLOWER]|listeners:[], old=null RUNNING
  s1:  RUNNING    LEADER s1@group-4D961C7EB769:t1, leader=s1, voted=s1, raftlog=Memoized:s1@group-4D961C7EB769-SegmentedRaftLog:OPENED:c0, conf=0: peers:[s0|rpc:localhost:34285|admin:localhost:46479|client:localhost:45349|dataStream:localhost:34817|priority:0|startupRole:FOLLOWER, s1|rpc:localhost:36349|admin:localhost:44151|client:localhost:32813|dataStream:localhost:35611|priority:0|startupRole:FOLLOWER, s2|rpc:localhost:42199|admin:localhost:38403|client:localhost:35043|dataStream:localhost:38209|priority:0|startupRole:FOLLOWER]|listeners:[], old=null RUNNING
  s2:  RUNNING  FOLLOWER s2@group-4D961C7EB769:t1, leader=s1, voted=s1, raftlog=Memoized:s2@group-4D961C7EB769-SegmentedRaftLog:OPENED:c0, conf=0: peers:[s0|rpc:localhost:34285|admin:localhost:46479|client:localhost:45349|dataStream:localhost:34817|priority:0|startupRole:FOLLOWER, s1|rpc:localhost:36349|admin:localhost:44151|client:localhost:32813|dataStream:localhost:35611|priority:0|startupRole:FOLLOWER, s2|rpc:localhost:42199|admin:localhost:38403|client:localhost:35043|dataStream:localhost:38209|priority:0|startupRole:FOLLOWER]|listeners:[], old=null RUNNING
2022-10-20 09:07:38,475 [pool-9-thread-3] INFO  client.DataStreamClient (ConfUtils.java:logGet(46)) - raft.datastream.type = NETTY (custom)
2022-10-20 09:07:38,475 [pool-9-thread-3] INFO  netty.NettyConfigKeys$DataStream (ConfUtils.java:logGet(46)) - raft.netty.dataStream.client.tls.conf = null (default)
2022-10-20 09:07:38,475 [pool-9-thread-3] INFO  netty.NettyConfigKeys$DataStream (ConfUtils.java:logGet(46)) - raft.netty.dataStream.client.reply.queue.grace-period = 1s (default)
2022-10-20 09:07:38,475 [pool-9-thread-3] INFO  netty.NettyConfigKeys$DataStream (ConfUtils.java:logGet(46)) - raft.netty.dataStream.client.worker-group.share = false (default)
2022-10-20 09:07:38,476 [pool-9-thread-3] INFO  netty.NettyConfigKeys$DataStream (ConfUtils.java:logGet(46)) - raft.netty.dataStream.client.worker-group.size = 4 (default)
2022-10-20 09:07:38,476 [pool-9-thread-6] INFO  ratis.RaftTestUtil (RaftTestUtil.java:waitForLeader(119)) - printing ALL groups
  s0:  RUNNING  FOLLOWER s0@group-4D961C7EB769:t1, leader=s1, voted=s1, raftlog=Memoized:s0@group-4D961C7EB769-SegmentedRaftLog:OPENED:c0, conf=0: peers:[s0|rpc:localhost:34285|admin:localhost:46479|client:localhost:45349|dataStream:localhost:34817|priority:0|startupRole:FOLLOWER, s1|rpc:localhost:36349|admin:localhost:44151|client:localhost:32813|dataStream:localhost:35611|priority:0|startupRole:FOLLOWER, s2|rpc:localhost:42199|admin:localhost:38403|client:localhost:35043|dataStream:localhost:38209|priority:0|startupRole:FOLLOWER]|listeners:[], old=null RUNNING
  s1:  RUNNING    LEADER s1@group-4D961C7EB769:t1, leader=s1, voted=s1, raftlog=Memoized:s1@group-4D961C7EB769-SegmentedRaftLog:OPENED:c0, conf=0: peers:[s0|rpc:localhost:34285|admin:localhost:46479|client:localhost:45349|dataStream:localhost:34817|priority:0|startupRole:FOLLOWER, s1|rpc:localhost:36349|admin:localhost:44151|client:localhost:32813|dataStream:localhost:35611|priority:0|startupRole:FOLLOWER, s2|rpc:localhost:42199|admin:localhost:38403|client:localhost:35043|dataStream:localhost:38209|priority:0|startupRole:FOLLOWER]|listeners:[], old=null RUNNING
  s2:  RUNNING  FOLLOWER s2@group-4D961C7EB769:t1, leader=s1, voted=s1, raftlog=Memoized:s2@group-4D961C7EB769-SegmentedRaftLog:OPENED:c0, conf=0: peers:[s0|rpc:localhost:34285|admin:localhost:46479|client:localhost:45349|dataStream:localhost:34817|priority:0|startupRole:FOLLOWER, s1|rpc:localhost:36349|admin:localhost:44151|client:localhost:32813|dataStream:localhost:35611|priority:0|startupRole:FOLLOWER, s2|rpc:localhost:42199|admin:localhost:38403|client:localhost:35043|dataStream:localhost:38209|priority:0|startupRole:FOLLOWER]|listeners:[], old=null RUNNING
2022-10-20 09:07:38,467 [pool-9-thread-8] INFO  server.RaftServerConfigKeys (ConfUtils.java:logGet(46)) - raft.server.rpc.timeout.max = 300ms (default)
2022-10-20 09:07:38,464 [pool-9-thread-4] INFO  server.RaftServerConfigKeys (ConfUtils.java:logGet(46)) - raft.server.rpc.timeout.max = 300ms (default)
2022-10-20 09:07:38,456 [pool-9-thread-7] INFO  server.RaftServerConfigKeys (ConfUtils.java:logGet(46)) - raft.server.rpc.timeout.max = 300ms (default)
2022-10-20 09:07:38,456 [pool-9-thread-5] INFO  server.RaftServerConfigKeys (ConfUtils.java:logGet(46)) - raft.server.rpc.timeout.max = 300ms (default)
2022-10-20 09:07:38,484 [pool-9-thread-4] INFO  ratis.RaftTestUtil (RaftTestUtil.java:waitForLeader(100)) - printing ALL groups
  s0:  RUNNING  FOLLOWER s0@group-4D961C7EB769:t1, leader=s1, voted=s1, raftlog=Memoized:s0@group-4D961C7EB769-SegmentedRaftLog:OPENED:c0, conf=0: peers:[s0|rpc:localhost:34285|admin:localhost:46479|client:localhost:45349|dataStream:localhost:34817|priority:0|startupRole:FOLLOWER, s1|rpc:localhost:36349|admin:localhost:44151|client:localhost:32813|dataStream:localhost:35611|priority:0|startupRole:FOLLOWER, s2|rpc:localhost:42199|admin:localhost:38403|client:localhost:35043|dataStream:localhost:38209|priority:0|startupRole:FOLLOWER]|listeners:[], old=null RUNNING
  s1:  RUNNING    LEADER s1@group-4D961C7EB769:t1, leader=s1, voted=s1, raftlog=Memoized:s1@group-4D961C7EB769-SegmentedRaftLog:OPENED:c0, conf=0: peers:[s0|rpc:localhost:34285|admin:localhost:46479|client:localhost:45349|dataStream:localhost:34817|priority:0|startupRole:FOLLOWER, s1|rpc:localhost:36349|admin:localhost:44151|client:localhost:32813|dataStream:localhost:35611|priority:0|startupRole:FOLLOWER, s2|rpc:localhost:42199|admin:localhost:38403|client:localhost:35043|dataStream:localhost:38209|priority:0|startupRole:FOLLOWER]|listeners:[], old=null RUNNING
  s2:  RUNNING  FOLLOWER s2@group-4D961C7EB769:t1, leader=s1, voted=s1, raftlog=Memoized:s2@group-4D961C7EB769-SegmentedRaftLog:OPENED:c0, conf=0: peers:[s0|rpc:localhost:34285|admin:localhost:46479|client:localhost:45349|dataStream:localhost:34817|priority:0|startupRole:FOLLOWER, s1|rpc:localhost:36349|admin:localhost:44151|client:localhost:32813|dataStream:localhost:35611|priority:0|startupRole:FOLLOWER, s2|rpc:localhost:42199|admin:localhost:38403|client:localhost:35043|dataStream:localhost:38209|priority:0|startupRole:FOLLOWER]|listeners:[], old=null RUNNING
2022-10-20 09:07:38,484 [pool-9-thread-5] INFO  ratis.RaftTestUtil (RaftTestUtil.java:waitForLeader(100)) - printing ALL groups
  s0:  RUNNING  FOLLOWER s0@group-4D961C7EB769:t1, leader=s1, voted=s1, raftlog=Memoized:s0@group-4D961C7EB769-SegmentedRaftLog:OPENED:c0, conf=0: peers:[s0|rpc:localhost:34285|admin:localhost:46479|client:localhost:45349|dataStream:localhost:34817|priority:0|startupRole:FOLLOWER, s1|rpc:localhost:36349|admin:localhost:44151|client:localhost:32813|dataStream:localhost:35611|priority:0|startupRole:FOLLOWER, s2|rpc:localhost:42199|admin:localhost:38403|client:localhost:35043|dataStream:localhost:38209|priority:0|startupRole:FOLLOWER]|listeners:[], old=null RUNNING
  s1:  RUNNING    LEADER s1@group-4D961C7EB769:t1, leader=s1, voted=s1, raftlog=Memoized:s1@group-4D961C7EB769-SegmentedRaftLog:OPENED:c0, conf=0: peers:[s0|rpc:localhost:34285|admin:localhost:46479|client:localhost:45349|dataStream:localhost:34817|priority:0|startupRole:FOLLOWER, s1|rpc:localhost:36349|admin:localhost:44151|client:localhost:32813|dataStream:localhost:35611|priority:0|startupRole:FOLLOWER, s2|rpc:localhost:42199|admin:localhost:38403|client:localhost:35043|dataStream:localhost:38209|priority:0|startupRole:FOLLOWER]|listeners:[], old=null RUNNING
  s2:  RUNNING  FOLLOWER s2@group-4D961C7EB769:t1, leader=s1, voted=s1, raftlog=Memoized:s2@group-4D961C7EB769-SegmentedRaftLog:OPENED:c0, conf=0: peers:[s0|rpc:localhost:34285|admin:localhost:46479|client:localhost:45349|dataStream:localhost:34817|priority:0|startupRole:FOLLOWER, s1|rpc:localhost:36349|admin:localhost:44151|client:localhost:32813|dataStream:localhost:35611|priority:0|startupRole:FOLLOWER, s2|rpc:localhost:42199|admin:localhost:38403|client:localhost:35043|dataStream:localhost:38209|priority:0|startupRole:FOLLOWER]|listeners:[], old=null RUNNING
2022-10-20 09:07:38,484 [pool-9-thread-4] INFO  ratis.RaftTestUtil (RaftTestUtil.java:waitForLeader(119)) - printing ALL groups
  s0:  RUNNING  FOLLOWER s0@group-4D961C7EB769:t1, leader=s1, voted=s1, raftlog=Memoized:s0@group-4D961C7EB769-SegmentedRaftLog:OPENED:c0, conf=0: peers:[s0|rpc:localhost:34285|admin:localhost:46479|client:localhost:45349|dataStream:localhost:34817|priority:0|startupRole:FOLLOWER, s1|rpc:localhost:36349|admin:localhost:44151|client:localhost:32813|dataStream:localhost:35611|priority:0|startupRole:FOLLOWER, s2|rpc:localhost:42199|admin:localhost:38403|client:localhost:35043|dataStream:localhost:38209|priority:0|startupRole:FOLLOWER]|listeners:[], old=null RUNNING
  s1:  RUNNING    LEADER s1@group-4D961C7EB769:t1, leader=s1, voted=s1, raftlog=Memoized:s1@group-4D961C7EB769-SegmentedRaftLog:OPENED:c0, conf=0: peers:[s0|rpc:localhost:34285|admin:localhost:46479|client:localhost:45349|dataStream:localhost:34817|priority:0|startupRole:FOLLOWER, s1|rpc:localhost:36349|admin:localhost:44151|client:localhost:32813|dataStream:localhost:35611|priority:0|startupRole:FOLLOWER, s2|rpc:localhost:42199|admin:localhost:38403|client:localhost:35043|dataStream:localhost:38209|priority:0|startupRole:FOLLOWER]|listeners:[], old=null RUNNING
  s2:  RUNNING  FOLLOWER s2@group-4D961C7EB769:t1, leader=s1, voted=s1, raftlog=Memoized:s2@group-4D961C7EB769-SegmentedRaftLog:OPENED:c0, conf=0: peers:[s0|rpc:localhost:34285|admin:localhost:46479|client:localhost:45349|dataStream:localhost:34817|priority:0|startupRole:FOLLOWER, s1|rpc:localhost:36349|admin:localhost:44151|client:localhost:32813|dataStream:localhost:35611|priority:0|startupRole:FOLLOWER, s2|rpc:localhost:42199|admin:localhost:38403|client:localhost:35043|dataStream:localhost:38209|priority:0|startupRole:FOLLOWER]|listeners:[], old=null RUNNING
2022-10-20 09:07:38,486 [pool-9-thread-4] INFO  client.DataStreamClient (ConfUtils.java:logGet(46)) - raft.datastream.type = NETTY (custom)
2022-10-20 09:07:38,486 [pool-9-thread-8] INFO  ratis.RaftTestUtil (RaftTestUtil.java:waitForLeader(100)) - printing ALL groups
  s0:  RUNNING  FOLLOWER s0@group-4D961C7EB769:t1, leader=s1, voted=s1, raftlog=Memoized:s0@group-4D961C7EB769-SegmentedRaftLog:OPENED:c0, conf=0: peers:[s0|rpc:localhost:34285|admin:localhost:46479|client:localhost:45349|dataStream:localhost:34817|priority:0|startupRole:FOLLOWER, s1|rpc:localhost:36349|admin:localhost:44151|client:localhost:32813|dataStream:localhost:35611|priority:0|startupRole:FOLLOWER, s2|rpc:localhost:42199|admin:localhost:38403|client:localhost:35043|dataStream:localhost:38209|priority:0|startupRole:FOLLOWER]|listeners:[], old=null RUNNING
  s1:  RUNNING    LEADER s1@group-4D961C7EB769:t1, leader=s1, voted=s1, raftlog=Memoized:s1@group-4D961C7EB769-SegmentedRaftLog:OPENED:c0, conf=0: peers:[s0|rpc:localhost:34285|admin:localhost:46479|client:localhost:45349|dataStream:localhost:34817|priority:0|startupRole:FOLLOWER, s1|rpc:localhost:36349|admin:localhost:44151|client:localhost:32813|dataStream:localhost:35611|priority:0|startupRole:FOLLOWER, s2|rpc:localhost:42199|admin:localhost:38403|client:localhost:35043|dataStream:localhost:38209|priority:0|startupRole:FOLLOWER]|listeners:[], old=null RUNNING
  s2:  RUNNING  FOLLOWER s2@group-4D961C7EB769:t1, leader=s1, voted=s1, raftlog=Memoized:s2@group-4D961C7EB769-SegmentedRaftLog:OPENED:c0, conf=0: peers:[s0|rpc:localhost:34285|admin:localhost:46479|client:localhost:45349|dataStream:localhost:34817|priority:0|startupRole:FOLLOWER, s1|rpc:localhost:36349|admin:localhost:44151|client:localhost:32813|dataStream:localhost:35611|priority:0|startupRole:FOLLOWER, s2|rpc:localhost:42199|admin:localhost:38403|client:localhost:35043|dataStream:localhost:38209|priority:0|startupRole:FOLLOWER]|listeners:[], old=null RUNNING
2022-10-20 09:07:38,475 [pool-9-thread-9] INFO  ratis.RaftTestUtil (RaftTestUtil.java:waitForLeader(100)) - printing ALL groups
  s0:  RUNNING  FOLLOWER s0@group-4D961C7EB769:t1, leader=s1, voted=s1, raftlog=Memoized:s0@group-4D961C7EB769-SegmentedRaftLog:OPENED:c0, conf=0: peers:[s0|rpc:localhost:34285|admin:localhost:46479|client:localhost:45349|dataStream:localhost:34817|priority:0|startupRole:FOLLOWER, s1|rpc:localhost:36349|admin:localhost:44151|client:localhost:32813|dataStream:localhost:35611|priority:0|startupRole:FOLLOWER, s2|rpc:localhost:42199|admin:localhost:38403|client:localhost:35043|dataStream:localhost:38209|priority:0|startupRole:FOLLOWER]|listeners:[], old=null RUNNING
  s1:  RUNNING    LEADER s1@group-4D961C7EB769:t1, leader=s1, voted=s1, raftlog=Memoized:s1@group-4D961C7EB769-SegmentedRaftLog:OPENED:c0, conf=0: peers:[s0|rpc:localhost:34285|admin:localhost:46479|client:localhost:45349|dataStream:localhost:34817|priority:0|startupRole:FOLLOWER, s1|rpc:localhost:36349|admin:localhost:44151|client:localhost:32813|dataStream:localhost:35611|priority:0|startupRole:FOLLOWER, s2|rpc:localhost:42199|admin:localhost:38403|client:localhost:35043|dataStream:localhost:38209|priority:0|startupRole:FOLLOWER]|listeners:[], old=null RUNNING
  s2:  RUNNING  FOLLOWER s2@group-4D961C7EB769:t1, leader=s1, voted=s1, raftlog=Memoized:s2@group-4D961C7EB769-SegmentedRaftLog:OPENED:c0, conf=0: peers:[s0|rpc:localhost:34285|admin:localhost:46479|client:localhost:45349|dataStream:localhost:34817|priority:0|startupRole:FOLLOWER, s1|rpc:localhost:36349|admin:localhost:44151|client:localhost:32813|dataStream:localhost:35611|priority:0|startupRole:FOLLOWER, s2|rpc:localhost:42199|admin:localhost:38403|client:localhost:35043|dataStream:localhost:38209|priority:0|startupRole:FOLLOWER]|listeners:[], old=null RUNNING
2022-10-20 09:07:38,486 [pool-9-thread-4] INFO  netty.NettyConfigKeys$DataStream (ConfUtils.java:logGet(46)) - raft.netty.dataStream.client.tls.conf = null (default)
2022-10-20 09:07:38,492 [pool-9-thread-4] INFO  netty.NettyConfigKeys$DataStream (ConfUtils.java:logGet(46)) - raft.netty.dataStream.client.reply.queue.grace-period = 1s (default)
2022-10-20 09:07:38,492 [pool-9-thread-4] INFO  netty.NettyConfigKeys$DataStream (ConfUtils.java:logGet(46)) - raft.netty.dataStream.client.worker-group.share = false (default)
2022-10-20 09:07:38,492 [pool-9-thread-4] INFO  netty.NettyConfigKeys$DataStream (ConfUtils.java:logGet(46)) - raft.netty.dataStream.client.worker-group.size = 4 (default)
2022-10-20 09:07:38,485 [pool-9-thread-6] INFO  client.DataStreamClient (ConfUtils.java:logGet(46)) - raft.datastream.type = NETTY (custom)
2022-10-20 09:07:38,493 [pool-9-thread-6] INFO  netty.NettyConfigKeys$DataStream (ConfUtils.java:logGet(46)) - raft.netty.dataStream.client.tls.conf = null (default)
2022-10-20 09:07:38,493 [pool-9-thread-6] INFO  netty.NettyConfigKeys$DataStream (ConfUtils.java:logGet(46)) - raft.netty.dataStream.client.reply.queue.grace-period = 1s (default)
2022-10-20 09:07:38,493 [pool-9-thread-6] INFO  netty.NettyConfigKeys$DataStream (ConfUtils.java:logGet(46)) - raft.netty.dataStream.client.worker-group.share = false (default)
2022-10-20 09:07:38,493 [pool-9-thread-6] INFO  netty.NettyConfigKeys$DataStream (ConfUtils.java:logGet(46)) - raft.netty.dataStream.client.worker-group.size = 4 (default)
2022-10-20 09:07:38,484 [pool-9-thread-7] INFO  ratis.RaftTestUtil (RaftTestUtil.java:waitForLeader(100)) - printing ALL groups
  s0:  RUNNING  FOLLOWER s0@group-4D961C7EB769:t1, leader=s1, voted=s1, raftlog=Memoized:s0@group-4D961C7EB769-SegmentedRaftLog:OPENED:c0, conf=0: peers:[s0|rpc:localhost:34285|admin:localhost:46479|client:localhost:45349|dataStream:localhost:34817|priority:0|startupRole:FOLLOWER, s1|rpc:localhost:36349|admin:localhost:44151|client:localhost:32813|dataStream:localhost:35611|priority:0|startupRole:FOLLOWER, s2|rpc:localhost:42199|admin:localhost:38403|client:localhost:35043|dataStream:localhost:38209|priority:0|startupRole:FOLLOWER]|listeners:[], old=null RUNNING
  s1:  RUNNING    LEADER s1@group-4D961C7EB769:t1, leader=s1, voted=s1, raftlog=Memoized:s1@group-4D961C7EB769-SegmentedRaftLog:OPENED:c0, conf=0: peers:[s0|rpc:localhost:34285|admin:localhost:46479|client:localhost:45349|dataStream:localhost:34817|priority:0|startupRole:FOLLOWER, s1|rpc:localhost:36349|admin:localhost:44151|client:localhost:32813|dataStream:localhost:35611|priority:0|startupRole:FOLLOWER, s2|rpc:localhost:42199|admin:localhost:38403|client:localhost:35043|dataStream:localhost:38209|priority:0|startupRole:FOLLOWER]|listeners:[], old=null RUNNING
  s2:  RUNNING  FOLLOWER s2@group-4D961C7EB769:t1, leader=s1, voted=s1, raftlog=Memoized:s2@group-4D961C7EB769-SegmentedRaftLog:OPENED:c0, conf=0: peers:[s0|rpc:localhost:34285|admin:localhost:46479|client:localhost:45349|dataStream:localhost:34817|priority:0|startupRole:FOLLOWER, s1|rpc:localhost:36349|admin:localhost:44151|client:localhost:32813|dataStream:localhost:35611|priority:0|startupRole:FOLLOWER, s2|rpc:localhost:42199|admin:localhost:38403|client:localhost:35043|dataStream:localhost:38209|priority:0|startupRole:FOLLOWER]|listeners:[], old=null RUNNING
2022-10-20 09:07:38,484 [pool-9-thread-5] INFO  ratis.RaftTestUtil (RaftTestUtil.java:waitForLeader(119)) - printing ALL groups
  s0:  RUNNING  FOLLOWER s0@group-4D961C7EB769:t1, leader=s1, voted=s1, raftlog=Memoized:s0@group-4D961C7EB769-SegmentedRaftLog:OPENED:c0, conf=0: peers:[s0|rpc:localhost:34285|admin:localhost:46479|client:localhost:45349|dataStream:localhost:34817|priority:0|startupRole:FOLLOWER, s1|rpc:localhost:36349|admin:localhost:44151|client:localhost:32813|dataStream:localhost:35611|priority:0|startupRole:FOLLOWER, s2|rpc:localhost:42199|admin:localhost:38403|client:localhost:35043|dataStream:localhost:38209|priority:0|startupRole:FOLLOWER]|listeners:[], old=null RUNNING
  s1:  RUNNING    LEADER s1@group-4D961C7EB769:t1, leader=s1, voted=s1, raftlog=Memoized:s1@group-4D961C7EB769-SegmentedRaftLog:OPENED:c0, conf=0: peers:[s0|rpc:localhost:34285|admin:localhost:46479|client:localhost:45349|dataStream:localhost:34817|priority:0|startupRole:FOLLOWER, s1|rpc:localhost:36349|admin:localhost:44151|client:localhost:32813|dataStream:localhost:35611|priority:0|startupRole:FOLLOWER, s2|rpc:localhost:42199|admin:localhost:38403|client:localhost:35043|dataStream:localhost:38209|priority:0|startupRole:FOLLOWER]|listeners:[], old=null RUNNING
  s2:  RUNNING  FOLLOWER s2@group-4D961C7EB769:t1, leader=s1, voted=s1, raftlog=Memoized:s2@group-4D961C7EB769-SegmentedRaftLog:OPENED:c0, conf=0: peers:[s0|rpc:localhost:34285|admin:localhost:46479|client:localhost:45349|dataStream:localhost:34817|priority:0|startupRole:FOLLOWER, s1|rpc:localhost:36349|admin:localhost:44151|client:localhost:32813|dataStream:localhost:35611|priority:0|startupRole:FOLLOWER, s2|rpc:localhost:42199|admin:localhost:38403|client:localhost:35043|dataStream:localhost:38209|priority:0|startupRole:FOLLOWER]|listeners:[], old=null RUNNING
2022-10-20 09:07:38,494 [pool-9-thread-7] INFO  ratis.RaftTestUtil (RaftTestUtil.java:waitForLeader(119)) - printing ALL groups
  s0:  RUNNING  FOLLOWER s0@group-4D961C7EB769:t1, leader=s1, voted=s1, raftlog=Memoized:s0@group-4D961C7EB769-SegmentedRaftLog:OPENED:c0, conf=0: peers:[s0|rpc:localhost:34285|admin:localhost:46479|client:localhost:45349|dataStream:localhost:34817|priority:0|startupRole:FOLLOWER, s1|rpc:localhost:36349|admin:localhost:44151|client:localhost:32813|dataStream:localhost:35611|priority:0|startupRole:FOLLOWER, s2|rpc:localhost:42199|admin:localhost:38403|client:localhost:35043|dataStream:localhost:38209|priority:0|startupRole:FOLLOWER]|listeners:[], old=null RUNNING
  s1:  RUNNING    LEADER s1@group-4D961C7EB769:t1, leader=s1, voted=s1, raftlog=Memoized:s1@group-4D961C7EB769-SegmentedRaftLog:OPENED:c0, conf=0: peers:[s0|rpc:localhost:34285|admin:localhost:46479|client:localhost:45349|dataStream:localhost:34817|priority:0|startupRole:FOLLOWER, s1|rpc:localhost:36349|admin:localhost:44151|client:localhost:32813|dataStream:localhost:35611|priority:0|startupRole:FOLLOWER, s2|rpc:localhost:42199|admin:localhost:38403|client:localhost:35043|dataStream:localhost:38209|priority:0|startupRole:FOLLOWER]|listeners:[], old=null RUNNING
  s2:  RUNNING  FOLLOWER s2@group-4D961C7EB769:t1, leader=s1, voted=s1, raftlog=Memoized:s2@group-4D961C7EB769-SegmentedRaftLog:OPENED:c0, conf=0: peers:[s0|rpc:localhost:34285|admin:localhost:46479|client:localhost:45349|dataStream:localhost:34817|priority:0|startupRole:FOLLOWER, s1|rpc:localhost:36349|admin:localhost:44151|client:localhost:32813|dataStream:localhost:35611|priority:0|startupRole:FOLLOWER, s2|rpc:localhost:42199|admin:localhost:38403|client:localhost:35043|dataStream:localhost:38209|priority:0|startupRole:FOLLOWER]|listeners:[], old=null RUNNING
2022-10-20 09:07:38,494 [pool-9-thread-5] INFO  client.DataStreamClient (ConfUtils.java:logGet(46)) - raft.datastream.type = NETTY (custom)
2022-10-20 09:07:38,494 [pool-9-thread-5] INFO  netty.NettyConfigKeys$DataStream (ConfUtils.java:logGet(46)) - raft.netty.dataStream.client.tls.conf = null (default)
2022-10-20 09:07:38,494 [pool-9-thread-5] INFO  netty.NettyConfigKeys$DataStream (ConfUtils.java:logGet(46)) - raft.netty.dataStream.client.reply.queue.grace-period = 1s (default)
2022-10-20 09:07:38,494 [pool-9-thread-5] INFO  netty.NettyConfigKeys$DataStream (ConfUtils.java:logGet(46)) - raft.netty.dataStream.client.worker-group.share = false (default)
2022-10-20 09:07:38,494 [pool-9-thread-5] INFO  netty.NettyConfigKeys$DataStream (ConfUtils.java:logGet(46)) - raft.netty.dataStream.client.worker-group.size = 4 (default)
2022-10-20 09:07:38,487 [pool-9-thread-9] INFO  ratis.RaftTestUtil (RaftTestUtil.java:waitForLeader(119)) - printing ALL groups
  s0:  RUNNING  FOLLOWER s0@group-4D961C7EB769:t1, leader=s1, voted=s1, raftlog=Memoized:s0@group-4D961C7EB769-SegmentedRaftLog:OPENED:c0, conf=0: peers:[s0|rpc:localhost:34285|admin:localhost:46479|client:localhost:45349|dataStream:localhost:34817|priority:0|startupRole:FOLLOWER, s1|rpc:localhost:36349|admin:localhost:44151|client:localhost:32813|dataStream:localhost:35611|priority:0|startupRole:FOLLOWER, s2|rpc:localhost:42199|admin:localhost:38403|client:localhost:35043|dataStream:localhost:38209|priority:0|startupRole:FOLLOWER]|listeners:[], old=null RUNNING
  s1:  RUNNING    LEADER s1@group-4D961C7EB769:t1, leader=s1, voted=s1, raftlog=Memoized:s1@group-4D961C7EB769-SegmentedRaftLog:OPENED:c0, conf=0: peers:[s0|rpc:localhost:34285|admin:localhost:46479|client:localhost:45349|dataStream:localhost:34817|priority:0|startupRole:FOLLOWER, s1|rpc:localhost:36349|admin:localhost:44151|client:localhost:32813|dataStream:localhost:35611|priority:0|startupRole:FOLLOWER, s2|rpc:localhost:42199|admin:localhost:38403|client:localhost:35043|dataStream:localhost:38209|priority:0|startupRole:FOLLOWER]|listeners:[], old=null RUNNING
  s2:  RUNNING  FOLLOWER s2@group-4D961C7EB769:t1, leader=s1, voted=s1, raftlog=Memoized:s2@group-4D961C7EB769-SegmentedRaftLog:OPENED:c0, conf=0: peers:[s0|rpc:localhost:34285|admin:localhost:46479|client:localhost:45349|dataStream:localhost:34817|priority:0|startupRole:FOLLOWER, s1|rpc:localhost:36349|admin:localhost:44151|client:localhost:32813|dataStream:localhost:35611|priority:0|startupRole:FOLLOWER, s2|rpc:localhost:42199|admin:localhost:38403|client:localhost:35043|dataStream:localhost:38209|priority:0|startupRole:FOLLOWER]|listeners:[], old=null RUNNING
2022-10-20 09:07:38,487 [pool-9-thread-8] INFO  ratis.RaftTestUtil (RaftTestUtil.java:waitForLeader(119)) - printing ALL groups
  s0:  RUNNING  FOLLOWER s0@group-4D961C7EB769:t1, leader=s1, voted=s1, raftlog=Memoized:s0@group-4D961C7EB769-SegmentedRaftLog:OPENED:c0, conf=0: peers:[s0|rpc:localhost:34285|admin:localhost:46479|client:localhost:45349|dataStream:localhost:34817|priority:0|startupRole:FOLLOWER, s1|rpc:localhost:36349|admin:localhost:44151|client:localhost:32813|dataStream:localhost:35611|priority:0|startupRole:FOLLOWER, s2|rpc:localhost:42199|admin:localhost:38403|client:localhost:35043|dataStream:localhost:38209|priority:0|startupRole:FOLLOWER]|listeners:[], old=null RUNNING
  s1:  RUNNING    LEADER s1@group-4D961C7EB769:t1, leader=s1, voted=s1, raftlog=Memoized:s1@group-4D961C7EB769-SegmentedRaftLog:OPENED:c0, conf=0: peers:[s0|rpc:localhost:34285|admin:localhost:46479|client:localhost:45349|dataStream:localhost:34817|priority:0|startupRole:FOLLOWER, s1|rpc:localhost:36349|admin:localhost:44151|client:localhost:32813|dataStream:localhost:35611|priority:0|startupRole:FOLLOWER, s2|rpc:localhost:42199|admin:localhost:38403|client:localhost:35043|dataStream:localhost:38209|priority:0|startupRole:FOLLOWER]|listeners:[], old=null RUNNING
  s2:  RUNNING  FOLLOWER s2@group-4D961C7EB769:t1, leader=s1, voted=s1, raftlog=Memoized:s2@group-4D961C7EB769-SegmentedRaftLog:OPENED:c0, conf=0: peers:[s0|rpc:localhost:34285|admin:localhost:46479|client:localhost:45349|dataStream:localhost:34817|priority:0|startupRole:FOLLOWER, s1|rpc:localhost:36349|admin:localhost:44151|client:localhost:32813|dataStream:localhost:35611|priority:0|startupRole:FOLLOWER, s2|rpc:localhost:42199|admin:localhost:38403|client:localhost:35043|dataStream:localhost:38209|priority:0|startupRole:FOLLOWER]|listeners:[], old=null RUNNING
2022-10-20 09:07:38,496 [pool-9-thread-9] INFO  client.DataStreamClient (ConfUtils.java:logGet(46)) - raft.datastream.type = NETTY (custom)
2022-10-20 09:07:38,496 [pool-9-thread-9] INFO  netty.NettyConfigKeys$DataStream (ConfUtils.java:logGet(46)) - raft.netty.dataStream.client.tls.conf = null (default)
2022-10-20 09:07:38,497 [pool-9-thread-9] INFO  netty.NettyConfigKeys$DataStream (ConfUtils.java:logGet(46)) - raft.netty.dataStream.client.reply.queue.grace-period = 1s (default)
2022-10-20 09:07:38,497 [pool-9-thread-8] INFO  client.DataStreamClient (ConfUtils.java:logGet(46)) - raft.datastream.type = NETTY (custom)
2022-10-20 09:07:38,497 [pool-9-thread-8] INFO  netty.NettyConfigKeys$DataStream (ConfUtils.java:logGet(46)) - raft.netty.dataStream.client.tls.conf = null (default)
2022-10-20 09:07:38,497 [pool-9-thread-8] INFO  netty.NettyConfigKeys$DataStream (ConfUtils.java:logGet(46)) - raft.netty.dataStream.client.reply.queue.grace-period = 1s (default)
2022-10-20 09:07:38,494 [pool-9-thread-7] INFO  client.DataStreamClient (ConfUtils.java:logGet(46)) - raft.datastream.type = NETTY (custom)
2022-10-20 09:07:38,497 [pool-9-thread-8] INFO  netty.NettyConfigKeys$DataStream (ConfUtils.java:logGet(46)) - raft.netty.dataStream.client.worker-group.share = false (default)
2022-10-20 09:07:38,497 [pool-9-thread-8] INFO  netty.NettyConfigKeys$DataStream (ConfUtils.java:logGet(46)) - raft.netty.dataStream.client.worker-group.size = 4 (default)
2022-10-20 09:07:38,497 [pool-9-thread-9] INFO  netty.NettyConfigKeys$DataStream (ConfUtils.java:logGet(46)) - raft.netty.dataStream.client.worker-group.share = false (default)
2022-10-20 09:07:38,497 [pool-9-thread-9] INFO  netty.NettyConfigKeys$DataStream (ConfUtils.java:logGet(46)) - raft.netty.dataStream.client.worker-group.size = 4 (default)
2022-10-20 09:07:38,497 [pool-9-thread-7] INFO  netty.NettyConfigKeys$DataStream (ConfUtils.java:logGet(46)) - raft.netty.dataStream.client.tls.conf = null (default)
2022-10-20 09:07:38,498 [pool-9-thread-7] INFO  netty.NettyConfigKeys$DataStream (ConfUtils.java:logGet(46)) - raft.netty.dataStream.client.reply.queue.grace-period = 1s (default)
2022-10-20 09:07:38,498 [pool-9-thread-7] INFO  netty.NettyConfigKeys$DataStream (ConfUtils.java:logGet(46)) - raft.netty.dataStream.client.worker-group.share = false (default)
2022-10-20 09:07:38,498 [pool-9-thread-7] INFO  netty.NettyConfigKeys$DataStream (ConfUtils.java:logGet(46)) - raft.netty.dataStream.client.worker-group.size = 4 (default)
2022-10-20 09:07:38,499 [s1-NettyServerStreamRpc-bossGroup--thread1] INFO  logging.LoggingHandler (AbstractInternalLogger.java:log(148)) - [id: 0xf8dfef1b, L:/0.0.0.0:35611] READ: [id: 0x3e2b781c, L:/127.0.0.1:35611 - R:/127.0.0.1:43342]
2022-10-20 09:07:38,502 [s1-NettyServerStreamRpc-bossGroup--thread1] INFO  logging.LoggingHandler (AbstractInternalLogger.java:log(148)) - [id: 0xf8dfef1b, L:/0.0.0.0:35611] READ COMPLETE
2022-10-20 09:07:38,503 [s1-NettyServerStreamRpc-bossGroup--thread1] INFO  logging.LoggingHandler (AbstractInternalLogger.java:log(148)) - [id: 0xf8dfef1b, L:/0.0.0.0:35611] READ: [id: 0x0f9f32df, L:/127.0.0.1:35611 - R:/127.0.0.1:43354]
2022-10-20 09:07:38,504 [s1-NettyServerStreamRpc-workerGroup--thread1] INFO  client.DataStreamClient (ConfUtils.java:logGet(46)) - raft.datastream.type = NETTY (custom)
2022-10-20 09:07:38,504 [s1-NettyServerStreamRpc-workerGroup--thread1] INFO  netty.NettyConfigKeys$DataStream (ConfUtils.java:logGet(46)) - raft.netty.dataStream.client.tls.conf = null (default)
2022-10-20 09:07:38,505 [s1-NettyServerStreamRpc-workerGroup--thread1] INFO  netty.NettyConfigKeys$DataStream (ConfUtils.java:logGet(46)) - raft.netty.dataStream.client.reply.queue.grace-period = 1s (default)
2022-10-20 09:07:38,505 [s1-NettyServerStreamRpc-bossGroup--thread1] INFO  logging.LoggingHandler (AbstractInternalLogger.java:log(148)) - [id: 0xf8dfef1b, L:/0.0.0.0:35611] READ COMPLETE
2022-10-20 09:07:38,506 [s1-NettyServerStreamRpc-workerGroup--thread1] INFO  netty.NettyConfigKeys$DataStream (ConfUtils.java:logGet(46)) - raft.netty.dataStream.client.worker-group.share = false (default)
2022-10-20 09:07:38,507 [s1-NettyServerStreamRpc-workerGroup--thread1] INFO  netty.NettyConfigKeys$DataStream (ConfUtils.java:logGet(46)) - raft.netty.dataStream.client.worker-group.size = 4 (default)
2022-10-20 09:07:38,508 [pool-9-thread-10] INFO  datastream.DataStreamTestUtils (DataStreamTestUtils.java:writeAndCloseAndAssertReplies(311)) - start Stream377
2022-10-20 09:07:38,509 [s1-NettyServerStreamRpc-workerGroup--thread2] INFO  client.DataStreamClient (ConfUtils.java:logGet(46)) - raft.datastream.type = NETTY (custom)
2022-10-20 09:07:38,509 [s1-NettyServerStreamRpc-workerGroup--thread2] INFO  netty.NettyConfigKeys$DataStream (ConfUtils.java:logGet(46)) - raft.netty.dataStream.client.tls.conf = null (default)
2022-10-20 09:07:38,509 [s1-NettyServerStreamRpc-workerGroup--thread2] INFO  netty.NettyConfigKeys$DataStream (ConfUtils.java:logGet(46)) - raft.netty.dataStream.client.reply.queue.grace-period = 1s (default)
2022-10-20 09:07:38,509 [s1-NettyServerStreamRpc-workerGroup--thread2] INFO  netty.NettyConfigKeys$DataStream (ConfUtils.java:logGet(46)) - raft.netty.dataStream.client.worker-group.share = false (default)
2022-10-20 09:07:38,509 [s1-NettyServerStreamRpc-workerGroup--thread2] INFO  netty.NettyConfigKeys$DataStream (ConfUtils.java:logGet(46)) - raft.netty.dataStream.client.worker-group.size = 4 (default)
2022-10-20 09:07:38,511 [pool-9-thread-12] INFO  datastream.DataStreamTestUtils (DataStreamTestUtils.java:writeAndCloseAndAssertReplies(311)) - start Stream378
2022-10-20 09:07:38,514 [pool-9-thread-13] INFO  datastream.DataStreamTestUtils (DataStreamTestUtils.java:writeAndCloseAndAssertReplies(311)) - start Stream379
2022-10-20 09:07:38,515 [pool-9-thread-14] INFO  datastream.DataStreamTestUtils (DataStreamTestUtils.java:writeAndCloseAndAssertReplies(311)) - start Stream380
2022-10-20 09:07:38,520 [pool-9-thread-15] INFO  datastream.DataStreamTestUtils (DataStreamTestUtils.java:writeAndCloseAndAssertReplies(311)) - start Stream381
2022-10-20 09:07:38,524 [pool-9-thread-16] INFO  datastream.DataStreamTestUtils (DataStreamTestUtils.java:writeAndCloseAndAssertReplies(311)) - start Stream382
2022-10-20 09:07:38,532 [s0-NettyServerStreamRpc-bossGroup--thread1] INFO  logging.LoggingHandler (AbstractInternalLogger.java:log(148)) - [id: 0x8d452f27, L:/0.0.0.0:34817] READ: [id: 0x59327d87, L:/127.0.0.1:34817 - R:/127.0.0.1:54310]
2022-10-20 09:07:38,540 [s2-NettyServerStreamRpc-bossGroup--thread1] INFO  logging.LoggingHandler (AbstractInternalLogger.java:log(148)) - [id: 0x3b00cd3b, L:/0.0.0.0:38209] READ: [id: 0x1fa740a7, L:/127.0.0.1:38209 - R:/127.0.0.1:60618]
2022-10-20 09:07:38,542 [s1-NettyServerStreamRpc-bossGroup--thread1] INFO  logging.LoggingHandler (AbstractInternalLogger.java:log(148)) - [id: 0xf8dfef1b, L:/0.0.0.0:35611] READ: [id: 0x6c771300, L:/127.0.0.1:35611 - R:/127.0.0.1:43370]
2022-10-20 09:07:38,550 [s1-NettyServerStreamRpc-bossGroup--thread1] INFO  logging.LoggingHandler (AbstractInternalLogger.java:log(148)) - [id: 0xf8dfef1b, L:/0.0.0.0:35611] READ COMPLETE
2022-10-20 09:07:38,551 [s1-NettyServerStreamRpc-workerGroup--thread3] INFO  client.DataStreamClient (ConfUtils.java:logGet(46)) - raft.datastream.type = NETTY (custom)
2022-10-20 09:07:38,551 [s1-NettyServerStreamRpc-workerGroup--thread3] INFO  netty.NettyConfigKeys$DataStream (ConfUtils.java:logGet(46)) - raft.netty.dataStream.client.tls.conf = null (default)
2022-10-20 09:07:38,551 [s1-NettyServerStreamRpc-workerGroup--thread3] INFO  netty.NettyConfigKeys$DataStream (ConfUtils.java:logGet(46)) - raft.netty.dataStream.client.reply.queue.grace-period = 1s (default)
2022-10-20 09:07:38,552 [s1-NettyServerStreamRpc-workerGroup--thread3] INFO  netty.NettyConfigKeys$DataStream (ConfUtils.java:logGet(46)) - raft.netty.dataStream.client.worker-group.share = false (default)
2022-10-20 09:07:38,552 [s1-NettyServerStreamRpc-workerGroup--thread3] INFO  netty.NettyConfigKeys$DataStream (ConfUtils.java:logGet(46)) - raft.netty.dataStream.client.worker-group.size = 4 (default)
2022-10-20 09:07:38,556 [s2-NettyServerStreamRpc-bossGroup--thread1] INFO  logging.LoggingHandler (AbstractInternalLogger.java:log(148)) - [id: 0x3b00cd3b, L:/0.0.0.0:38209] READ COMPLETE
2022-10-20 09:07:38,556 [s0-NettyServerStreamRpc-bossGroup--thread1] INFO  logging.LoggingHandler (AbstractInternalLogger.java:log(148)) - [id: 0x8d452f27, L:/0.0.0.0:34817] READ COMPLETE
2022-10-20 09:07:38,557 [s0-NettyServerStreamRpc-bossGroup--thread1] INFO  logging.LoggingHandler (AbstractInternalLogger.java:log(148)) - [id: 0x8d452f27, L:/0.0.0.0:34817] READ: [id: 0x71fe64bf, L:/127.0.0.1:34817 - R:/127.0.0.1:54316]
2022-10-20 09:07:38,557 [s2-NettyServerStreamRpc-workerGroup--thread1] INFO  client.DataStreamClient (ConfUtils.java:logGet(46)) - raft.datastream.type = NETTY (custom)
2022-10-20 09:07:38,557 [s2-NettyServerStreamRpc-workerGroup--thread1] INFO  netty.NettyConfigKeys$DataStream (ConfUtils.java:logGet(46)) - raft.netty.dataStream.client.tls.conf = null (default)
2022-10-20 09:07:38,557 [s2-NettyServerStreamRpc-workerGroup--thread1] INFO  netty.NettyConfigKeys$DataStream (ConfUtils.java:logGet(46)) - raft.netty.dataStream.client.reply.queue.grace-period = 1s (default)
2022-10-20 09:07:38,654 [s2-NettyServerStreamRpc-workerGroup--thread1] INFO  netty.NettyConfigKeys$DataStream (ConfUtils.java:logGet(46)) - raft.netty.dataStream.client.worker-group.share = false (default)
2022-10-20 09:07:38,654 [s2-NettyServerStreamRpc-workerGroup--thread1] INFO  netty.NettyConfigKeys$DataStream (ConfUtils.java:logGet(46)) - raft.netty.dataStream.client.worker-group.size = 4 (default)
2022-10-20 09:07:38,655 [s0-NettyServerStreamRpc-workerGroup--thread1] INFO  client.DataStreamClient (ConfUtils.java:logGet(46)) - raft.datastream.type = NETTY (custom)
2022-10-20 09:07:38,655 [s0-NettyServerStreamRpc-workerGroup--thread1] INFO  netty.NettyConfigKeys$DataStream (ConfUtils.java:logGet(46)) - raft.netty.dataStream.client.tls.conf = null (default)
2022-10-20 09:07:38,655 [s0-NettyServerStreamRpc-workerGroup--thread1] INFO  netty.NettyConfigKeys$DataStream (ConfUtils.java:logGet(46)) - raft.netty.dataStream.client.reply.queue.grace-period = 1s (default)
2022-10-20 09:07:38,655 [s0-NettyServerStreamRpc-workerGroup--thread1] INFO  netty.NettyConfigKeys$DataStream (ConfUtils.java:logGet(46)) - raft.netty.dataStream.client.worker-group.share = false (default)
2022-10-20 09:07:38,655 [s0-NettyServerStreamRpc-workerGroup--thread1] INFO  netty.NettyConfigKeys$DataStream (ConfUtils.java:logGet(46)) - raft.netty.dataStream.client.worker-group.size = 4 (default)
2022-10-20 09:07:38,653 [s0-NettyServerStreamRpc-workerGroup--thread2] INFO  client.DataStreamClient (ConfUtils.java:logGet(46)) - raft.datastream.type = NETTY (custom)
2022-10-20 09:07:38,651 [s0-NettyServerStreamRpc-bossGroup--thread1] INFO  logging.LoggingHandler (AbstractInternalLogger.java:log(148)) - [id: 0x8d452f27, L:/0.0.0.0:34817] READ: [id: 0x4adb0ca6, L:/127.0.0.1:34817 - R:/127.0.0.1:54322]
2022-10-20 09:07:38,658 [s0-NettyServerStreamRpc-workerGroup--thread2] INFO  netty.NettyConfigKeys$DataStream (ConfUtils.java:logGet(46)) - raft.netty.dataStream.client.tls.conf = null (default)
2022-10-20 09:07:38,659 [s0-NettyServerStreamRpc-workerGroup--thread2] INFO  netty.NettyConfigKeys$DataStream (ConfUtils.java:logGet(46)) - raft.netty.dataStream.client.reply.queue.grace-period = 1s (default)
2022-10-20 09:07:38,659 [s0-NettyServerStreamRpc-workerGroup--thread2] INFO  netty.NettyConfigKeys$DataStream (ConfUtils.java:logGet(46)) - raft.netty.dataStream.client.worker-group.share = false (default)
2022-10-20 09:07:38,659 [s0-NettyServerStreamRpc-workerGroup--thread2] INFO  netty.NettyConfigKeys$DataStream (ConfUtils.java:logGet(46)) - raft.netty.dataStream.client.worker-group.size = 4 (default)
2022-10-20 09:07:38,660 [s0-NettyServerStreamRpc-bossGroup--thread1] INFO  logging.LoggingHandler (AbstractInternalLogger.java:log(148)) - [id: 0x8d452f27, L:/0.0.0.0:34817] READ COMPLETE
2022-10-20 09:07:38,661 [s1-NettyServerStreamRpc-workerGroup--thread2] INFO  client.DataStreamClient (ConfUtils.java:logGet(46)) - raft.datastream.type = NETTY (custom)
2022-10-20 09:07:38,661 [s1-NettyServerStreamRpc-workerGroup--thread2] INFO  netty.NettyConfigKeys$DataStream (ConfUtils.java:logGet(46)) - raft.netty.dataStream.client.tls.conf = null (default)
2022-10-20 09:07:38,662 [s1-NettyServerStreamRpc-workerGroup--thread2] INFO  netty.NettyConfigKeys$DataStream (ConfUtils.java:logGet(46)) - raft.netty.dataStream.client.reply.queue.grace-period = 1s (default)
2022-10-20 09:07:38,662 [s1-NettyServerStreamRpc-workerGroup--thread2] INFO  netty.NettyConfigKeys$DataStream (ConfUtils.java:logGet(46)) - raft.netty.dataStream.client.worker-group.share = false (default)
2022-10-20 09:07:38,662 [s1-NettyServerStreamRpc-workerGroup--thread2] INFO  netty.NettyConfigKeys$DataStream (ConfUtils.java:logGet(46)) - raft.netty.dataStream.client.worker-group.size = 4 (default)
2022-10-20 09:07:38,662 [s1-NettyServerStreamRpc-workerGroup--thread1] INFO  client.DataStreamClient (ConfUtils.java:logGet(46)) - raft.datastream.type = NETTY (custom)
2022-10-20 09:07:38,662 [s1-NettyServerStreamRpc-workerGroup--thread1] INFO  netty.NettyConfigKeys$DataStream (ConfUtils.java:logGet(46)) - raft.netty.dataStream.client.tls.conf = null (default)
2022-10-20 09:07:38,662 [s1-NettyServerStreamRpc-workerGroup--thread1] INFO  netty.NettyConfigKeys$DataStream (ConfUtils.java:logGet(46)) - raft.netty.dataStream.client.reply.queue.grace-period = 1s (default)
2022-10-20 09:07:38,662 [s1-NettyServerStreamRpc-workerGroup--thread1] INFO  netty.NettyConfigKeys$DataStream (ConfUtils.java:logGet(46)) - raft.netty.dataStream.client.worker-group.share = false (default)
2022-10-20 09:07:38,661 [s0-NettyServerStreamRpc-bossGroup--thread1] INFO  logging.LoggingHandler (AbstractInternalLogger.java:log(148)) - [id: 0x8d452f27, L:/0.0.0.0:34817] READ: [id: 0x0429161f, L:/127.0.0.1:34817 - R:/127.0.0.1:54332]
2022-10-20 09:07:38,663 [s1-NettyServerStreamRpc-workerGroup--thread1] INFO  netty.NettyConfigKeys$DataStream (ConfUtils.java:logGet(46)) - raft.netty.dataStream.client.worker-group.size = 4 (default)
2022-10-20 09:07:38,661 [pool-9-thread-11] INFO  datastream.DataStreamTestUtils (DataStreamTestUtils.java:writeAndCloseAndAssertReplies(311)) - start Stream376
2022-10-20 09:07:38,666 [s2-NettyServerStreamRpc-workerGroup--thread1] INFO  client.DataStreamClient (ConfUtils.java:logGet(46)) - raft.datastream.type = NETTY (custom)
2022-10-20 09:07:38,666 [s2-NettyServerStreamRpc-workerGroup--thread1] INFO  netty.NettyConfigKeys$DataStream (ConfUtils.java:logGet(46)) - raft.netty.dataStream.client.tls.conf = null (default)
2022-10-20 09:07:38,666 [s2-NettyServerStreamRpc-workerGroup--thread1] INFO  netty.NettyConfigKeys$DataStream (ConfUtils.java:logGet(46)) - raft.netty.dataStream.client.reply.queue.grace-period = 1s (default)
2022-10-20 09:07:38,666 [s2-NettyServerStreamRpc-workerGroup--thread1] INFO  netty.NettyConfigKeys$DataStream (ConfUtils.java:logGet(46)) - raft.netty.dataStream.client.worker-group.share = false (default)
2022-10-20 09:07:38,667 [s2-NettyServerStreamRpc-workerGroup--thread1] INFO  netty.NettyConfigKeys$DataStream (ConfUtils.java:logGet(46)) - raft.netty.dataStream.client.worker-group.size = 4 (default)
2022-10-20 09:07:38,668 [s1-NettyServerStreamRpc-workerGroup--thread3] INFO  client.DataStreamClient (ConfUtils.java:logGet(46)) - raft.datastream.type = NETTY (custom)
2022-10-20 09:07:38,668 [s1-NettyServerStreamRpc-workerGroup--thread3] INFO  netty.NettyConfigKeys$DataStream (ConfUtils.java:logGet(46)) - raft.netty.dataStream.client.tls.conf = null (default)
2022-10-20 09:07:38,668 [s1-NettyServerStreamRpc-workerGroup--thread3] INFO  netty.NettyConfigKeys$DataStream (ConfUtils.java:logGet(46)) - raft.netty.dataStream.client.reply.queue.grace-period = 1s (default)
2022-10-20 09:07:38,669 [s1-NettyServerStreamRpc-workerGroup--thread3] INFO  netty.NettyConfigKeys$DataStream (ConfUtils.java:logGet(46)) - raft.netty.dataStream.client.worker-group.share = false (default)
2022-10-20 09:07:38,669 [s1-NettyServerStreamRpc-workerGroup--thread3] INFO  netty.NettyConfigKeys$DataStream (ConfUtils.java:logGet(46)) - raft.netty.dataStream.client.worker-group.size = 4 (default)
2022-10-20 09:07:38,670 [s2-NettyServerStreamRpc-bossGroup--thread1] INFO  logging.LoggingHandler (AbstractInternalLogger.java:log(148)) - [id: 0x3b00cd3b, L:/0.0.0.0:38209] READ: [id: 0xbc082dd2, L:/127.0.0.1:38209 - R:/127.0.0.1:60632]
2022-10-20 09:07:38,678 [s0-NettyServerStreamRpc-bossGroup--thread1] INFO  logging.LoggingHandler (AbstractInternalLogger.java:log(148)) - [id: 0x8d452f27, L:/0.0.0.0:34817] READ COMPLETE
2022-10-20 09:07:38,679 [s0-NettyServerStreamRpc-bossGroup--thread1] INFO  logging.LoggingHandler (AbstractInternalLogger.java:log(148)) - [id: 0x8d452f27, L:/0.0.0.0:34817] READ: [id: 0xca6bf061, L:/127.0.0.1:34817 - R:/127.0.0.1:54340]
2022-10-20 09:07:38,679 [s0-NettyServerStreamRpc-bossGroup--thread1] INFO  logging.LoggingHandler (AbstractInternalLogger.java:log(148)) - [id: 0x8d452f27, L:/0.0.0.0:34817] READ: [id: 0x23166314, L:/127.0.0.1:34817 - R:/127.0.0.1:54342]
2022-10-20 09:07:38,679 [s0-NettyServerStreamRpc-bossGroup--thread1] INFO  logging.LoggingHandler (AbstractInternalLogger.java:log(148)) - [id: 0x8d452f27, L:/0.0.0.0:34817] READ: [id: 0xc36653f3, L:/127.0.0.1:34817 - R:/127.0.0.1:54352]
2022-10-20 09:07:38,679 [s0-NettyServerStreamRpc-bossGroup--thread1] INFO  logging.LoggingHandler (AbstractInternalLogger.java:log(148)) - [id: 0x8d452f27, L:/0.0.0.0:34817] READ COMPLETE
2022-10-20 09:07:38,689 [s1-NettyServerStreamRpc-bossGroup--thread1] INFO  logging.LoggingHandler (AbstractInternalLogger.java:log(148)) - [id: 0xf8dfef1b, L:/0.0.0.0:35611] READ: [id: 0x15de33b8, L:/127.0.0.1:35611 - R:/127.0.0.1:43386]
2022-10-20 09:07:38,689 [s0-NettyServerStreamRpc-workerGroup--thread1] INFO  client.DataStreamClient (ConfUtils.java:logGet(46)) - raft.datastream.type = NETTY (custom)
2022-10-20 09:07:38,689 [s0-NettyServerStreamRpc-workerGroup--thread1] INFO  netty.NettyConfigKeys$DataStream (ConfUtils.java:logGet(46)) - raft.netty.dataStream.client.tls.conf = null (default)
2022-10-20 09:07:38,690 [s0-NettyServerStreamRpc-workerGroup--thread1] INFO  netty.NettyConfigKeys$DataStream (ConfUtils.java:logGet(46)) - raft.netty.dataStream.client.reply.queue.grace-period = 1s (default)
2022-10-20 09:07:38,690 [s0-NettyServerStreamRpc-workerGroup--thread1] INFO  netty.NettyConfigKeys$DataStream (ConfUtils.java:logGet(46)) - raft.netty.dataStream.client.worker-group.share = false (default)
2022-10-20 09:07:38,690 [s0-NettyServerStreamRpc-workerGroup--thread1] INFO  netty.NettyConfigKeys$DataStream (ConfUtils.java:logGet(46)) - raft.netty.dataStream.client.worker-group.size = 4 (default)
2022-10-20 09:07:38,706 [s2-NettyServerStreamRpc-bossGroup--thread1] INFO  logging.LoggingHandler (AbstractInternalLogger.java:log(148)) - [id: 0x3b00cd3b, L:/0.0.0.0:38209] READ COMPLETE
2022-10-20 09:07:38,707 [s2-NettyServerStreamRpc-bossGroup--thread1] INFO  logging.LoggingHandler (AbstractInternalLogger.java:log(148)) - [id: 0x3b00cd3b, L:/0.0.0.0:38209] READ: [id: 0x1e208902, L:/127.0.0.1:38209 - R:/127.0.0.1:60640]
2022-10-20 09:07:38,710 [s2-NettyServerStreamRpc-bossGroup--thread1] INFO  logging.LoggingHandler (AbstractInternalLogger.java:log(148)) - [id: 0x3b00cd3b, L:/0.0.0.0:38209] READ COMPLETE
2022-10-20 09:07:38,719 [s2-NettyServerStreamRpc-bossGroup--thread1] INFO  logging.LoggingHandler (AbstractInternalLogger.java:log(148)) - [id: 0x3b00cd3b, L:/0.0.0.0:38209] READ: [id: 0xbf2d11e3, L:/127.0.0.1:38209 - R:/127.0.0.1:60650]
2022-10-20 09:07:38,727 [s0-NettyServerStreamRpc-workerGroup--thread2] INFO  client.DataStreamClient (ConfUtils.java:logGet(46)) - raft.datastream.type = NETTY (custom)
2022-10-20 09:07:38,728 [s0-NettyServerStreamRpc-workerGroup--thread2] INFO  netty.NettyConfigKeys$DataStream (ConfUtils.java:logGet(46)) - raft.netty.dataStream.client.tls.conf = null (default)
2022-10-20 09:07:38,728 [s0-NettyServerStreamRpc-workerGroup--thread2] INFO  netty.NettyConfigKeys$DataStream (ConfUtils.java:logGet(46)) - raft.netty.dataStream.client.reply.queue.grace-period = 1s (default)
2022-10-20 09:07:38,728 [s0-NettyServerStreamRpc-workerGroup--thread2] INFO  netty.NettyConfigKeys$DataStream (ConfUtils.java:logGet(46)) - raft.netty.dataStream.client.worker-group.share = false (default)
2022-10-20 09:07:38,728 [s0-NettyServerStreamRpc-workerGroup--thread2] INFO  netty.NettyConfigKeys$DataStream (ConfUtils.java:logGet(46)) - raft.netty.dataStream.client.worker-group.size = 4 (default)
2022-10-20 09:07:38,735 [s1-NettyServerStreamRpc-workerGroup--thread3] INFO  client.DataStreamClient (ConfUtils.java:logGet(46)) - raft.datastream.type = NETTY (custom)
2022-10-20 09:07:38,735 [s1-NettyServerStreamRpc-workerGroup--thread3] INFO  netty.NettyConfigKeys$DataStream (ConfUtils.java:logGet(46)) - raft.netty.dataStream.client.tls.conf = null (default)
2022-10-20 09:07:38,735 [s1-NettyServerStreamRpc-workerGroup--thread3] INFO  netty.NettyConfigKeys$DataStream (ConfUtils.java:logGet(46)) - raft.netty.dataStream.client.reply.queue.grace-period = 1s (default)
2022-10-20 09:07:38,735 [s1-NettyServerStreamRpc-workerGroup--thread3] INFO  netty.NettyConfigKeys$DataStream (ConfUtils.java:logGet(46)) - raft.netty.dataStream.client.worker-group.share = false (default)
2022-10-20 09:07:38,735 [s1-NettyServerStreamRpc-workerGroup--thread3] INFO  netty.NettyConfigKeys$DataStream (ConfUtils.java:logGet(46)) - raft.netty.dataStream.client.worker-group.size = 4 (default)
2022-10-20 09:07:38,736 [s2-NettyServerStreamRpc-bossGroup--thread1] INFO  logging.LoggingHandler (AbstractInternalLogger.java:log(148)) - [id: 0x3b00cd3b, L:/0.0.0.0:38209] READ COMPLETE
2022-10-20 09:07:38,740 [s1-NettyServerStreamRpc-bossGroup--thread1] INFO  logging.LoggingHandler (AbstractInternalLogger.java:log(148)) - [id: 0xf8dfef1b, L:/0.0.0.0:35611] READ COMPLETE
2022-10-20 09:07:38,741 [s1-NettyServerStreamRpc-bossGroup--thread1] INFO  logging.LoggingHandler (AbstractInternalLogger.java:log(148)) - [id: 0xf8dfef1b, L:/0.0.0.0:35611] READ: [id: 0x432c5d9c, L:/127.0.0.1:35611 - R:/127.0.0.1:43396]
2022-10-20 09:07:38,741 [s1-NettyServerStreamRpc-workerGroup--thread2] INFO  client.DataStreamClient (ConfUtils.java:logGet(46)) - raft.datastream.type = NETTY (custom)
2022-10-20 09:07:38,741 [s1-NettyServerStreamRpc-workerGroup--thread2] INFO  netty.NettyConfigKeys$DataStream (ConfUtils.java:logGet(46)) - raft.netty.dataStream.client.tls.conf = null (default)
2022-10-20 09:07:38,741 [s1-NettyServerStreamRpc-workerGroup--thread2] INFO  netty.NettyConfigKeys$DataStream (ConfUtils.java:logGet(46)) - raft.netty.dataStream.client.reply.queue.grace-period = 1s (default)
2022-10-20 09:07:38,741 [s1-NettyServerStreamRpc-workerGroup--thread2] INFO  netty.NettyConfigKeys$DataStream (ConfUtils.java:logGet(46)) - raft.netty.dataStream.client.worker-group.share = false (default)
2022-10-20 09:07:38,741 [s1-NettyServerStreamRpc-bossGroup--thread1] INFO  logging.LoggingHandler (AbstractInternalLogger.java:log(148)) - [id: 0xf8dfef1b, L:/0.0.0.0:35611] READ: [id: 0x90190332, L:/127.0.0.1:35611 - R:/127.0.0.1:43406]
2022-10-20 09:07:38,783 [s1-NettyServerStreamRpc-bossGroup--thread1] INFO  logging.LoggingHandler (AbstractInternalLogger.java:log(148)) - [id: 0xf8dfef1b, L:/0.0.0.0:35611] READ COMPLETE
2022-10-20 09:07:38,779 [s1-NettyServerStreamRpc-workerGroup--thread2] INFO  netty.NettyConfigKeys$DataStream (ConfUtils.java:logGet(46)) - raft.netty.dataStream.client.worker-group.size = 4 (default)
2022-10-20 09:07:38,758 [s0-NettyServerStreamRpc-workerGroup--thread3] INFO  client.DataStreamClient (ConfUtils.java:logGet(46)) - raft.datastream.type = NETTY (custom)
2022-10-20 09:07:38,783 [s0-NettyServerStreamRpc-workerGroup--thread3] INFO  netty.NettyConfigKeys$DataStream (ConfUtils.java:logGet(46)) - raft.netty.dataStream.client.tls.conf = null (default)
2022-10-20 09:07:38,784 [s0-NettyServerStreamRpc-workerGroup--thread3] INFO  netty.NettyConfigKeys$DataStream (ConfUtils.java:logGet(46)) - raft.netty.dataStream.client.reply.queue.grace-period = 1s (default)
2022-10-20 09:07:38,784 [s0-NettyServerStreamRpc-workerGroup--thread3] INFO  netty.NettyConfigKeys$DataStream (ConfUtils.java:logGet(46)) - raft.netty.dataStream.client.worker-group.share = false (default)
2022-10-20 09:07:38,784 [s0-NettyServerStreamRpc-workerGroup--thread3] INFO  netty.NettyConfigKeys$DataStream (ConfUtils.java:logGet(46)) - raft.netty.dataStream.client.worker-group.size = 4 (default)
2022-10-20 09:07:38,756 [s2-NettyServerStreamRpc-workerGroup--thread1] INFO  client.DataStreamClient (ConfUtils.java:logGet(46)) - raft.datastream.type = NETTY (custom)
2022-10-20 09:07:38,784 [s2-NettyServerStreamRpc-workerGroup--thread1] INFO  netty.NettyConfigKeys$DataStream (ConfUtils.java:logGet(46)) - raft.netty.dataStream.client.tls.conf = null (default)
2022-10-20 09:07:38,784 [s2-NettyServerStreamRpc-workerGroup--thread1] INFO  netty.NettyConfigKeys$DataStream (ConfUtils.java:logGet(46)) - raft.netty.dataStream.client.reply.queue.grace-period = 1s (default)
2022-10-20 09:07:38,785 [s2-NettyServerStreamRpc-workerGroup--thread1] INFO  netty.NettyConfigKeys$DataStream (ConfUtils.java:logGet(46)) - raft.netty.dataStream.client.worker-group.share = false (default)
2022-10-20 09:07:38,785 [s2-NettyServerStreamRpc-workerGroup--thread1] INFO  netty.NettyConfigKeys$DataStream (ConfUtils.java:logGet(46)) - raft.netty.dataStream.client.worker-group.size = 4 (default)
2022-10-20 09:07:38,753 [s2-NettyServerStreamRpc-bossGroup--thread1] INFO  logging.LoggingHandler (AbstractInternalLogger.java:log(148)) - [id: 0x3b00cd3b, L:/0.0.0.0:38209] READ: [id: 0x261b1680, L:/127.0.0.1:38209 - R:/127.0.0.1:60666]
2022-10-20 09:07:38,752 [s1-NettyServerStreamRpc-workerGroup--thread3] INFO  client.DataStreamClient (ConfUtils.java:logGet(46)) - raft.datastream.type = NETTY (custom)
2022-10-20 09:07:38,785 [s1-NettyServerStreamRpc-workerGroup--thread3] INFO  netty.NettyConfigKeys$DataStream (ConfUtils.java:logGet(46)) - raft.netty.dataStream.client.tls.conf = null (default)
2022-10-20 09:07:38,752 [s0-NettyServerStreamRpc-bossGroup--thread1] INFO  logging.LoggingHandler (AbstractInternalLogger.java:log(148)) - [id: 0x8d452f27, L:/0.0.0.0:34817] READ: [id: 0x694bf2b6, L:/127.0.0.1:34817 - R:/127.0.0.1:54368]
2022-10-20 09:07:38,785 [s0-NettyServerStreamRpc-bossGroup--thread1] INFO  logging.LoggingHandler (AbstractInternalLogger.java:log(148)) - [id: 0x8d452f27, L:/0.0.0.0:34817] READ COMPLETE
2022-10-20 09:07:38,785 [s0-NettyServerStreamRpc-workerGroup--thread1] INFO  client.DataStreamClient (ConfUtils.java:logGet(46)) - raft.datastream.type = NETTY (custom)
2022-10-20 09:07:38,786 [s0-NettyServerStreamRpc-workerGroup--thread1] INFO  netty.NettyConfigKeys$DataStream (ConfUtils.java:logGet(46)) - raft.netty.dataStream.client.tls.conf = null (default)
2022-10-20 09:07:38,786 [s0-NettyServerStreamRpc-workerGroup--thread1] INFO  netty.NettyConfigKeys$DataStream (ConfUtils.java:logGet(46)) - raft.netty.dataStream.client.reply.queue.grace-period = 1s (default)
2022-10-20 09:07:38,786 [s0-NettyServerStreamRpc-workerGroup--thread1] INFO  netty.NettyConfigKeys$DataStream (ConfUtils.java:logGet(46)) - raft.netty.dataStream.client.worker-group.share = false (default)
2022-10-20 09:07:38,786 [s0-NettyServerStreamRpc-workerGroup--thread1] INFO  netty.NettyConfigKeys$DataStream (ConfUtils.java:logGet(46)) - raft.netty.dataStream.client.worker-group.size = 4 (default)
2022-10-20 09:07:38,785 [s1-NettyServerStreamRpc-workerGroup--thread3] INFO  netty.NettyConfigKeys$DataStream (ConfUtils.java:logGet(46)) - raft.netty.dataStream.client.reply.queue.grace-period = 1s (default)
2022-10-20 09:07:38,786 [s1-NettyServerStreamRpc-workerGroup--thread3] INFO  netty.NettyConfigKeys$DataStream (ConfUtils.java:logGet(46)) - raft.netty.dataStream.client.worker-group.share = false (default)
2022-10-20 09:07:38,786 [s1-NettyServerStreamRpc-workerGroup--thread3] INFO  netty.NettyConfigKeys$DataStream (ConfUtils.java:logGet(46)) - raft.netty.dataStream.client.worker-group.size = 4 (default)
2022-10-20 09:07:38,785 [s2-NettyServerStreamRpc-bossGroup--thread1] INFO  logging.LoggingHandler (AbstractInternalLogger.java:log(148)) - [id: 0x3b00cd3b, L:/0.0.0.0:38209] READ COMPLETE
2022-10-20 09:07:38,787 [s2-NettyServerStreamRpc-bossGroup--thread1] INFO  logging.LoggingHandler (AbstractInternalLogger.java:log(148)) - [id: 0x3b00cd3b, L:/0.0.0.0:38209] READ: [id: 0x2395e843, L:/127.0.0.1:38209 - R:/127.0.0.1:60682]
2022-10-20 09:07:38,787 [s2-NettyServerStreamRpc-bossGroup--thread1] INFO  logging.LoggingHandler (AbstractInternalLogger.java:log(148)) - [id: 0x3b00cd3b, L:/0.0.0.0:38209] READ COMPLETE
2022-10-20 09:07:38,811 [s2-NettyServerStreamRpc-bossGroup--thread1] INFO  logging.LoggingHandler (AbstractInternalLogger.java:log(148)) - [id: 0x3b00cd3b, L:/0.0.0.0:38209] READ: [id: 0xe6abb0b1, L:/127.0.0.1:38209 - R:/127.0.0.1:60698]
2022-10-20 09:07:38,811 [s2-NettyServerStreamRpc-bossGroup--thread1] INFO  logging.LoggingHandler (AbstractInternalLogger.java:log(148)) - [id: 0x3b00cd3b, L:/0.0.0.0:38209] READ COMPLETE
2022-10-20 09:07:38,812 [s0-NettyServerStreamRpc-workerGroup--thread1] INFO  client.DataStreamClient (ConfUtils.java:logGet(46)) - raft.datastream.type = NETTY (custom)
2022-10-20 09:07:38,812 [s1-NettyServerStreamRpc-bossGroup--thread1] INFO  logging.LoggingHandler (AbstractInternalLogger.java:log(148)) - [id: 0xf8dfef1b, L:/0.0.0.0:35611] READ: [id: 0x6085429f, L:/127.0.0.1:35611 - R:/127.0.0.1:43422]
2022-10-20 09:07:38,813 [s1-NettyServerStreamRpc-bossGroup--thread1] INFO  logging.LoggingHandler (AbstractInternalLogger.java:log(148)) - [id: 0xf8dfef1b, L:/0.0.0.0:35611] READ COMPLETE
2022-10-20 09:07:38,813 [s0-NettyServerStreamRpc-workerGroup--thread1] INFO  netty.NettyConfigKeys$DataStream (ConfUtils.java:logGet(46)) - raft.netty.dataStream.client.tls.conf = null (default)
2022-10-20 09:07:38,813 [s0-NettyServerStreamRpc-workerGroup--thread1] INFO  netty.NettyConfigKeys$DataStream (ConfUtils.java:logGet(46)) - raft.netty.dataStream.client.reply.queue.grace-period = 1s (default)
2022-10-20 09:07:38,813 [s0-NettyServerStreamRpc-workerGroup--thread1] INFO  netty.NettyConfigKeys$DataStream (ConfUtils.java:logGet(46)) - raft.netty.dataStream.client.worker-group.share = false (default)
2022-10-20 09:07:38,813 [s0-NettyServerStreamRpc-workerGroup--thread1] INFO  netty.NettyConfigKeys$DataStream (ConfUtils.java:logGet(46)) - raft.netty.dataStream.client.worker-group.size = 4 (default)
2022-10-20 09:07:38,815 [s0-NettyServerStreamRpc-bossGroup--thread1] INFO  logging.LoggingHandler (AbstractInternalLogger.java:log(148)) - [id: 0x8d452f27, L:/0.0.0.0:34817] READ: [id: 0xe0a3921f, L:/127.0.0.1:34817 - R:/127.0.0.1:54370]
2022-10-20 09:07:38,815 [s0-NettyServerStreamRpc-bossGroup--thread1] INFO  logging.LoggingHandler (AbstractInternalLogger.java:log(148)) - [id: 0x8d452f27, L:/0.0.0.0:34817] READ COMPLETE
2022-10-20 09:07:38,817 [s2-NettyServerStreamRpc-workerGroup--thread1] INFO  client.DataStreamClient (ConfUtils.java:logGet(46)) - raft.datastream.type = NETTY (custom)
2022-10-20 09:07:38,817 [s2-NettyServerStreamRpc-workerGroup--thread1] INFO  netty.NettyConfigKeys$DataStream (ConfUtils.java:logGet(46)) - raft.netty.dataStream.client.tls.conf = null (default)
2022-10-20 09:07:38,817 [s2-NettyServerStreamRpc-workerGroup--thread1] INFO  netty.NettyConfigKeys$DataStream (ConfUtils.java:logGet(46)) - raft.netty.dataStream.client.reply.queue.grace-period = 1s (default)
2022-10-20 09:07:38,817 [s2-NettyServerStreamRpc-workerGroup--thread1] INFO  netty.NettyConfigKeys$DataStream (ConfUtils.java:logGet(46)) - raft.netty.dataStream.client.worker-group.share = false (default)
2022-10-20 09:07:38,817 [s2-NettyServerStreamRpc-workerGroup--thread1] INFO  netty.NettyConfigKeys$DataStream (ConfUtils.java:logGet(46)) - raft.netty.dataStream.client.worker-group.size = 4 (default)
2022-10-20 09:07:38,819 [s1-NettyServerStreamRpc-bossGroup--thread1] INFO  logging.LoggingHandler (AbstractInternalLogger.java:log(148)) - [id: 0xf8dfef1b, L:/0.0.0.0:35611] READ: [id: 0x7a150ab8, L:/127.0.0.1:35611 - R:/127.0.0.1:43434]
2022-10-20 09:07:38,819 [s1-NettyServerStreamRpc-bossGroup--thread1] INFO  logging.LoggingHandler (AbstractInternalLogger.java:log(148)) - [id: 0xf8dfef1b, L:/0.0.0.0:35611] READ COMPLETE
2022-10-20 09:07:38,820 [s0-NettyServerStreamRpc-workerGroup--thread3] INFO  client.DataStreamClient (ConfUtils.java:logGet(46)) - raft.datastream.type = NETTY (custom)
2022-10-20 09:07:38,820 [s0-NettyServerStreamRpc-workerGroup--thread3] INFO  netty.NettyConfigKeys$DataStream (ConfUtils.java:logGet(46)) - raft.netty.dataStream.client.tls.conf = null (default)
2022-10-20 09:07:38,820 [s0-NettyServerStreamRpc-workerGroup--thread3] INFO  netty.NettyConfigKeys$DataStream (ConfUtils.java:logGet(46)) - raft.netty.dataStream.client.reply.queue.grace-period = 1s (default)
2022-10-20 09:07:38,820 [s0-NettyServerStreamRpc-workerGroup--thread3] INFO  netty.NettyConfigKeys$DataStream (ConfUtils.java:logGet(46)) - raft.netty.dataStream.client.worker-group.share = false (default)
2022-10-20 09:07:38,820 [s0-NettyServerStreamRpc-workerGroup--thread3] INFO  netty.NettyConfigKeys$DataStream (ConfUtils.java:logGet(46)) - raft.netty.dataStream.client.worker-group.size = 4 (default)
2022-10-20 09:07:38,821 [s0-NettyServerStreamRpc-bossGroup--thread1] INFO  logging.LoggingHandler (AbstractInternalLogger.java:log(148)) - [id: 0x8d452f27, L:/0.0.0.0:34817] READ: [id: 0x51b6f87a, L:/127.0.0.1:34817 - R:/127.0.0.1:54372]
2022-10-20 09:07:38,821 [s0-NettyServerStreamRpc-bossGroup--thread1] INFO  logging.LoggingHandler (AbstractInternalLogger.java:log(148)) - [id: 0x8d452f27, L:/0.0.0.0:34817] READ COMPLETE
2022-10-20 09:07:38,821 [s1-NettyServerStreamRpc-workerGroup--thread2] INFO  client.DataStreamClient (ConfUtils.java:logGet(46)) - raft.datastream.type = NETTY (custom)
2022-10-20 09:07:38,821 [s1-NettyServerStreamRpc-workerGroup--thread2] INFO  netty.NettyConfigKeys$DataStream (ConfUtils.java:logGet(46)) - raft.netty.dataStream.client.tls.conf = null (default)
2022-10-20 09:07:38,821 [s1-NettyServerStreamRpc-workerGroup--thread2] INFO  netty.NettyConfigKeys$DataStream (ConfUtils.java:logGet(46)) - raft.netty.dataStream.client.reply.queue.grace-period = 1s (default)
2022-10-20 09:07:38,821 [s1-NettyServerStreamRpc-workerGroup--thread2] INFO  netty.NettyConfigKeys$DataStream (ConfUtils.java:logGet(46)) - raft.netty.dataStream.client.worker-group.share = false (default)
2022-10-20 09:07:38,821 [s1-NettyServerStreamRpc-workerGroup--thread2] INFO  netty.NettyConfigKeys$DataStream (ConfUtils.java:logGet(46)) - raft.netty.dataStream.client.worker-group.size = 4 (default)
2022-10-20 09:07:38,824 [s1-NettyServerStreamRpc-bossGroup--thread1] INFO  logging.LoggingHandler (AbstractInternalLogger.java:log(148)) - [id: 0xf8dfef1b, L:/0.0.0.0:35611] READ: [id: 0x6ba2dd1a, L:/127.0.0.1:35611 - R:/127.0.0.1:43442]
2022-10-20 09:07:38,825 [s1-NettyServerStreamRpc-bossGroup--thread1] INFO  logging.LoggingHandler (AbstractInternalLogger.java:log(148)) - [id: 0xf8dfef1b, L:/0.0.0.0:35611] READ COMPLETE
2022-10-20 09:07:38,827 [s2-NettyServerStreamRpc-bossGroup--thread1] INFO  logging.LoggingHandler (AbstractInternalLogger.java:log(148)) - [id: 0x3b00cd3b, L:/0.0.0.0:38209] READ: [id: 0x8ef03022, L:/127.0.0.1:38209 - R:/127.0.0.1:60702]
2022-10-20 09:07:38,827 [s2-NettyServerStreamRpc-bossGroup--thread1] INFO  logging.LoggingHandler (AbstractInternalLogger.java:log(148)) - [id: 0x3b00cd3b, L:/0.0.0.0:38209] READ COMPLETE
2022-10-20 09:07:38,828 [s1-NettyServerStreamRpc-workerGroup--thread1] INFO  client.DataStreamClient (ConfUtils.java:logGet(46)) - raft.datastream.type = NETTY (custom)
2022-10-20 09:07:38,829 [s1-NettyServerStreamRpc-workerGroup--thread1] INFO  netty.NettyConfigKeys$DataStream (ConfUtils.java:logGet(46)) - raft.netty.dataStream.client.tls.conf = null (default)
2022-10-20 09:07:38,829 [s1-NettyServerStreamRpc-workerGroup--thread1] INFO  netty.NettyConfigKeys$DataStream (ConfUtils.java:logGet(46)) - raft.netty.dataStream.client.reply.queue.grace-period = 1s (default)
2022-10-20 09:07:38,829 [s1-NettyServerStreamRpc-workerGroup--thread1] INFO  netty.NettyConfigKeys$DataStream (ConfUtils.java:logGet(46)) - raft.netty.dataStream.client.worker-group.share = false (default)
2022-10-20 09:07:38,829 [s1-NettyServerStreamRpc-workerGroup--thread1] INFO  netty.NettyConfigKeys$DataStream (ConfUtils.java:logGet(46)) - raft.netty.dataStream.client.worker-group.size = 4 (default)
2022-10-20 09:07:38,830 [s0-NettyServerStreamRpc-bossGroup--thread1] INFO  logging.LoggingHandler (AbstractInternalLogger.java:log(148)) - [id: 0x8d452f27, L:/0.0.0.0:34817] READ: [id: 0xbda731b9, L:/127.0.0.1:34817 - R:/127.0.0.1:54380]
2022-10-20 09:07:38,830 [s0-NettyServerStreamRpc-bossGroup--thread1] INFO  logging.LoggingHandler (AbstractInternalLogger.java:log(148)) - [id: 0x8d452f27, L:/0.0.0.0:34817] READ COMPLETE
2022-10-20 09:07:38,831 [s1-NettyServerStreamRpc-workerGroup--thread1] INFO  client.DataStreamClient (ConfUtils.java:logGet(46)) - raft.datastream.type = NETTY (custom)
2022-10-20 09:07:38,831 [s1-NettyServerStreamRpc-workerGroup--thread1] INFO  netty.NettyConfigKeys$DataStream (ConfUtils.java:logGet(46)) - raft.netty.dataStream.client.tls.conf = null (default)
2022-10-20 09:07:38,831 [s1-NettyServerStreamRpc-workerGroup--thread1] INFO  netty.NettyConfigKeys$DataStream (ConfUtils.java:logGet(46)) - raft.netty.dataStream.client.reply.queue.grace-period = 1s (default)
2022-10-20 09:07:38,831 [s1-NettyServerStreamRpc-workerGroup--thread1] INFO  netty.NettyConfigKeys$DataStream (ConfUtils.java:logGet(46)) - raft.netty.dataStream.client.worker-group.share = false (default)
2022-10-20 09:07:38,831 [s1-NettyServerStreamRpc-workerGroup--thread1] INFO  netty.NettyConfigKeys$DataStream (ConfUtils.java:logGet(46)) - raft.netty.dataStream.client.worker-group.size = 4 (default)
2022-10-20 09:07:38,838 [s0-NettyServerStreamRpc-workerGroup--thread1] INFO  client.DataStreamClient (ConfUtils.java:logGet(46)) - raft.datastream.type = NETTY (custom)
2022-10-20 09:07:38,838 [s0-NettyServerStreamRpc-workerGroup--thread1] INFO  netty.NettyConfigKeys$DataStream (ConfUtils.java:logGet(46)) - raft.netty.dataStream.client.tls.conf = null (default)
2022-10-20 09:07:38,838 [s0-NettyServerStreamRpc-workerGroup--thread1] INFO  netty.NettyConfigKeys$DataStream (ConfUtils.java:logGet(46)) - raft.netty.dataStream.client.reply.queue.grace-period = 1s (default)
2022-10-20 09:07:38,838 [s0-NettyServerStreamRpc-workerGroup--thread1] INFO  netty.NettyConfigKeys$DataStream (ConfUtils.java:logGet(46)) - raft.netty.dataStream.client.worker-group.share = false (default)
2022-10-20 09:07:38,839 [s0-NettyServerStreamRpc-workerGroup--thread1] INFO  netty.NettyConfigKeys$DataStream (ConfUtils.java:logGet(46)) - raft.netty.dataStream.client.worker-group.size = 4 (default)
2022-10-20 09:07:38,843 [s2-NettyServerStreamRpc-bossGroup--thread1] INFO  logging.LoggingHandler (AbstractInternalLogger.java:log(148)) - [id: 0x3b00cd3b, L:/0.0.0.0:38209] READ: [id: 0x616aaf55, L:/127.0.0.1:38209 - R:/127.0.0.1:60708]
2022-10-20 09:07:38,843 [s2-NettyServerStreamRpc-bossGroup--thread1] INFO  logging.LoggingHandler (AbstractInternalLogger.java:log(148)) - [id: 0x3b00cd3b, L:/0.0.0.0:38209] READ COMPLETE
2022-10-20 09:07:38,846 [s1-NettyServerStreamRpc-bossGroup--thread1] INFO  logging.LoggingHandler (AbstractInternalLogger.java:log(148)) - [id: 0xf8dfef1b, L:/0.0.0.0:35611] READ: [id: 0xd361f23c, L:/127.0.0.1:35611 - R:/127.0.0.1:43448]
2022-10-20 09:07:38,847 [s1-NettyServerStreamRpc-bossGroup--thread1] INFO  logging.LoggingHandler (AbstractInternalLogger.java:log(148)) - [id: 0xf8dfef1b, L:/0.0.0.0:35611] READ COMPLETE
2022-10-20 09:07:38,847 [s0-NettyServerStreamRpc-workerGroup--thread1] INFO  client.DataStreamClient (ConfUtils.java:logGet(46)) - raft.datastream.type = NETTY (custom)
2022-10-20 09:07:38,847 [s0-NettyServerStreamRpc-workerGroup--thread1] INFO  netty.NettyConfigKeys$DataStream (ConfUtils.java:logGet(46)) - raft.netty.dataStream.client.tls.conf = null (default)
2022-10-20 09:07:38,847 [s0-NettyServerStreamRpc-workerGroup--thread1] INFO  netty.NettyConfigKeys$DataStream (ConfUtils.java:logGet(46)) - raft.netty.dataStream.client.reply.queue.grace-period = 1s (default)
2022-10-20 09:07:38,847 [s0-NettyServerStreamRpc-workerGroup--thread1] INFO  netty.NettyConfigKeys$DataStream (ConfUtils.java:logGet(46)) - raft.netty.dataStream.client.worker-group.share = false (default)
2022-10-20 09:07:38,847 [s0-NettyServerStreamRpc-workerGroup--thread1] INFO  netty.NettyConfigKeys$DataStream (ConfUtils.java:logGet(46)) - raft.netty.dataStream.client.worker-group.size = 4 (default)
2022-10-20 09:07:38,850 [s2-NettyServerStreamRpc-workerGroup--thread1] INFO  client.DataStreamClient (ConfUtils.java:logGet(46)) - raft.datastream.type = NETTY (custom)
2022-10-20 09:07:38,850 [s2-NettyServerStreamRpc-workerGroup--thread1] INFO  netty.NettyConfigKeys$DataStream (ConfUtils.java:logGet(46)) - raft.netty.dataStream.client.tls.conf = null (default)
2022-10-20 09:07:38,850 [s2-NettyServerStreamRpc-workerGroup--thread1] INFO  netty.NettyConfigKeys$DataStream (ConfUtils.java:logGet(46)) - raft.netty.dataStream.client.reply.queue.grace-period = 1s (default)
2022-10-20 09:07:38,851 [s2-NettyServerStreamRpc-workerGroup--thread1] INFO  netty.NettyConfigKeys$DataStream (ConfUtils.java:logGet(46)) - raft.netty.dataStream.client.worker-group.share = false (default)
2022-10-20 09:07:38,851 [s2-NettyServerStreamRpc-workerGroup--thread1] INFO  netty.NettyConfigKeys$DataStream (ConfUtils.java:logGet(46)) - raft.netty.dataStream.client.worker-group.size = 4 (default)
2022-10-20 09:07:38,852 [s2-NettyServerStreamRpc-bossGroup--thread1] INFO  logging.LoggingHandler (AbstractInternalLogger.java:log(148)) - [id: 0x3b00cd3b, L:/0.0.0.0:38209] READ: [id: 0xa804e596, L:/127.0.0.1:38209 - R:/127.0.0.1:60712]
2022-10-20 09:07:38,852 [s2-NettyServerStreamRpc-bossGroup--thread1] INFO  logging.LoggingHandler (AbstractInternalLogger.java:log(148)) - [id: 0x3b00cd3b, L:/0.0.0.0:38209] READ COMPLETE
2022-10-20 09:07:38,854 [s2-NettyServerStreamRpc-bossGroup--thread1] INFO  logging.LoggingHandler (AbstractInternalLogger.java:log(148)) - [id: 0x3b00cd3b, L:/0.0.0.0:38209] READ: [id: 0x551eef44, L:/127.0.0.1:38209 - R:/127.0.0.1:60722]
2022-10-20 09:07:38,854 [s2-NettyServerStreamRpc-bossGroup--thread1] INFO  logging.LoggingHandler (AbstractInternalLogger.java:log(148)) - [id: 0x3b00cd3b, L:/0.0.0.0:38209] READ COMPLETE
2022-10-20 09:07:38,858 [s0-NettyServerStreamRpc-workerGroup--thread3] INFO  client.DataStreamClient (ConfUtils.java:logGet(46)) - raft.datastream.type = NETTY (custom)
2022-10-20 09:07:38,858 [s0-NettyServerStreamRpc-workerGroup--thread3] INFO  netty.NettyConfigKeys$DataStream (ConfUtils.java:logGet(46)) - raft.netty.dataStream.client.tls.conf = null (default)
2022-10-20 09:07:38,858 [s0-NettyServerStreamRpc-workerGroup--thread3] INFO  netty.NettyConfigKeys$DataStream (ConfUtils.java:logGet(46)) - raft.netty.dataStream.client.reply.queue.grace-period = 1s (default)
2022-10-20 09:07:38,859 [s0-NettyServerStreamRpc-workerGroup--thread3] INFO  netty.NettyConfigKeys$DataStream (ConfUtils.java:logGet(46)) - raft.netty.dataStream.client.worker-group.share = false (default)
2022-10-20 09:07:38,859 [s0-NettyServerStreamRpc-workerGroup--thread3] INFO  netty.NettyConfigKeys$DataStream (ConfUtils.java:logGet(46)) - raft.netty.dataStream.client.worker-group.size = 4 (default)
2022-10-20 09:07:38,866 [s1-NettyServerStreamRpc-workerGroup--thread2] INFO  client.DataStreamClient (ConfUtils.java:logGet(46)) - raft.datastream.type = NETTY (custom)
2022-10-20 09:07:38,866 [s1-NettyServerStreamRpc-workerGroup--thread2] INFO  netty.NettyConfigKeys$DataStream (ConfUtils.java:logGet(46)) - raft.netty.dataStream.client.tls.conf = null (default)
2022-10-20 09:07:38,866 [s1-NettyServerStreamRpc-workerGroup--thread2] INFO  netty.NettyConfigKeys$DataStream (ConfUtils.java:logGet(46)) - raft.netty.dataStream.client.reply.queue.grace-period = 1s (default)
2022-10-20 09:07:38,866 [s1-NettyServerStreamRpc-workerGroup--thread2] INFO  netty.NettyConfigKeys$DataStream (ConfUtils.java:logGet(46)) - raft.netty.dataStream.client.worker-group.share = false (default)
2022-10-20 09:07:38,866 [s1-NettyServerStreamRpc-workerGroup--thread2] INFO  netty.NettyConfigKeys$DataStream (ConfUtils.java:logGet(46)) - raft.netty.dataStream.client.worker-group.size = 4 (default)
2022-10-20 09:07:38,868 [s0-NettyServerStreamRpc-bossGroup--thread1] INFO  logging.LoggingHandler (AbstractInternalLogger.java:log(148)) - [id: 0x8d452f27, L:/0.0.0.0:34817] READ: [id: 0xb986316f, L:/127.0.0.1:34817 - R:/127.0.0.1:54394]
2022-10-20 09:07:38,868 [s0-NettyServerStreamRpc-bossGroup--thread1] INFO  logging.LoggingHandler (AbstractInternalLogger.java:log(148)) - [id: 0x8d452f27, L:/0.0.0.0:34817] READ COMPLETE
2022-10-20 09:07:38,868 [s2-NettyServerStreamRpc-workerGroup--thread1] INFO  client.DataStreamClient (ConfUtils.java:logGet(46)) - raft.datastream.type = NETTY (custom)
2022-10-20 09:07:38,869 [s2-NettyServerStreamRpc-workerGroup--thread1] INFO  netty.NettyConfigKeys$DataStream (ConfUtils.java:logGet(46)) - raft.netty.dataStream.client.tls.conf = null (default)
2022-10-20 09:07:38,869 [s2-NettyServerStreamRpc-workerGroup--thread1] INFO  netty.NettyConfigKeys$DataStream (ConfUtils.java:logGet(46)) - raft.netty.dataStream.client.reply.queue.grace-period = 1s (default)
2022-10-20 09:07:38,869 [s2-NettyServerStreamRpc-workerGroup--thread1] INFO  netty.NettyConfigKeys$DataStream (ConfUtils.java:logGet(46)) - raft.netty.dataStream.client.worker-group.share = false (default)
2022-10-20 09:07:38,869 [s2-NettyServerStreamRpc-workerGroup--thread1] INFO  netty.NettyConfigKeys$DataStream (ConfUtils.java:logGet(46)) - raft.netty.dataStream.client.worker-group.size = 4 (default)
2022-10-20 09:07:38,870 [s2-NettyServerStreamRpc-bossGroup--thread1] INFO  logging.LoggingHandler (AbstractInternalLogger.java:log(148)) - [id: 0x3b00cd3b, L:/0.0.0.0:38209] READ: [id: 0x7385bd82, L:/127.0.0.1:38209 - R:/127.0.0.1:60732]
2022-10-20 09:07:38,870 [s2-NettyServerStreamRpc-bossGroup--thread1] INFO  logging.LoggingHandler (AbstractInternalLogger.java:log(148)) - [id: 0x3b00cd3b, L:/0.0.0.0:38209] READ COMPLETE
2022-10-20 09:07:38,874 [s1-NettyServerStreamRpc-bossGroup--thread1] INFO  logging.LoggingHandler (AbstractInternalLogger.java:log(148)) - [id: 0xf8dfef1b, L:/0.0.0.0:35611] READ: [id: 0x9f58e7f3, L:/127.0.0.1:35611 - R:/127.0.0.1:43464]
2022-10-20 09:07:38,874 [s1-NettyServerStreamRpc-bossGroup--thread1] INFO  logging.LoggingHandler (AbstractInternalLogger.java:log(148)) - [id: 0xf8dfef1b, L:/0.0.0.0:35611] READ COMPLETE
2022-10-20 09:07:38,875 [s0-NettyServerStreamRpc-bossGroup--thread1] INFO  logging.LoggingHandler (AbstractInternalLogger.java:log(148)) - [id: 0x8d452f27, L:/0.0.0.0:34817] READ: [id: 0x9d75508a, L:/127.0.0.1:34817 - R:/127.0.0.1:54408]
2022-10-20 09:07:38,875 [s0-NettyServerStreamRpc-bossGroup--thread1] INFO  logging.LoggingHandler (AbstractInternalLogger.java:log(148)) - [id: 0x8d452f27, L:/0.0.0.0:34817] READ COMPLETE
2022-10-20 09:07:38,875 [s1-NettyServerStreamRpc-workerGroup--thread2] INFO  client.DataStreamClient (ConfUtils.java:logGet(46)) - raft.datastream.type = NETTY (custom)
2022-10-20 09:07:38,876 [s1-NettyServerStreamRpc-workerGroup--thread2] INFO  netty.NettyConfigKeys$DataStream (ConfUtils.java:logGet(46)) - raft.netty.dataStream.client.tls.conf = null (default)
2022-10-20 09:07:38,876 [s1-NettyServerStreamRpc-workerGroup--thread2] INFO  netty.NettyConfigKeys$DataStream (ConfUtils.java:logGet(46)) - raft.netty.dataStream.client.reply.queue.grace-period = 1s (default)
2022-10-20 09:07:38,876 [s1-NettyServerStreamRpc-workerGroup--thread2] INFO  netty.NettyConfigKeys$DataStream (ConfUtils.java:logGet(46)) - raft.netty.dataStream.client.worker-group.share = false (default)
2022-10-20 09:07:38,876 [s1-NettyServerStreamRpc-workerGroup--thread2] INFO  netty.NettyConfigKeys$DataStream (ConfUtils.java:logGet(46)) - raft.netty.dataStream.client.worker-group.size = 4 (default)
2022-10-20 09:07:38,881 [s1-NettyServerStreamRpc-bossGroup--thread1] INFO  logging.LoggingHandler (AbstractInternalLogger.java:log(148)) - [id: 0xf8dfef1b, L:/0.0.0.0:35611] READ: [id: 0x35e7955c, L:/127.0.0.1:35611 - R:/127.0.0.1:43480]
2022-10-20 09:07:38,882 [s1-NettyServerStreamRpc-bossGroup--thread1] INFO  logging.LoggingHandler (AbstractInternalLogger.java:log(148)) - [id: 0xf8dfef1b, L:/0.0.0.0:35611] READ COMPLETE
2022-10-20 09:07:38,883 [s0-NettyServerStreamRpc-workerGroup--thread3] INFO  client.DataStreamClient (ConfUtils.java:logGet(46)) - raft.datastream.type = NETTY (custom)
2022-10-20 09:07:38,883 [s0-NettyServerStreamRpc-workerGroup--thread3] INFO  netty.NettyConfigKeys$DataStream (ConfUtils.java:logGet(46)) - raft.netty.dataStream.client.tls.conf = null (default)
2022-10-20 09:07:38,883 [s0-NettyServerStreamRpc-workerGroup--thread3] INFO  netty.NettyConfigKeys$DataStream (ConfUtils.java:logGet(46)) - raft.netty.dataStream.client.reply.queue.grace-period = 1s (default)
2022-10-20 09:07:38,883 [s0-NettyServerStreamRpc-workerGroup--thread3] INFO  netty.NettyConfigKeys$DataStream (ConfUtils.java:logGet(46)) - raft.netty.dataStream.client.worker-group.share = false (default)
2022-10-20 09:07:38,883 [s0-NettyServerStreamRpc-workerGroup--thread3] INFO  netty.NettyConfigKeys$DataStream (ConfUtils.java:logGet(46)) - raft.netty.dataStream.client.worker-group.size = 4 (default)
2022-10-20 09:07:38,892 [s2-NettyServerStreamRpc-bossGroup--thread1] INFO  logging.LoggingHandler (AbstractInternalLogger.java:log(148)) - [id: 0x3b00cd3b, L:/0.0.0.0:38209] READ: [id: 0xc0cc0eb6, L:/127.0.0.1:38209 - R:/127.0.0.1:60746]
2022-10-20 09:07:38,893 [s2-NettyServerStreamRpc-bossGroup--thread1] INFO  logging.LoggingHandler (AbstractInternalLogger.java:log(148)) - [id: 0x3b00cd3b, L:/0.0.0.0:38209] READ COMPLETE
2022-10-20 09:07:38,893 [s1-NettyServerStreamRpc-workerGroup--thread2] INFO  client.DataStreamClient (ConfUtils.java:logGet(46)) - raft.datastream.type = NETTY (custom)
2022-10-20 09:07:38,893 [s1-NettyServerStreamRpc-workerGroup--thread2] INFO  netty.NettyConfigKeys$DataStream (ConfUtils.java:logGet(46)) - raft.netty.dataStream.client.tls.conf = null (default)
2022-10-20 09:07:38,893 [s1-NettyServerStreamRpc-workerGroup--thread2] INFO  netty.NettyConfigKeys$DataStream (ConfUtils.java:logGet(46)) - raft.netty.dataStream.client.reply.queue.grace-period = 1s (default)
2022-10-20 09:07:38,893 [s1-NettyServerStreamRpc-workerGroup--thread2] INFO  netty.NettyConfigKeys$DataStream (ConfUtils.java:logGet(46)) - raft.netty.dataStream.client.worker-group.share = false (default)
2022-10-20 09:07:38,893 [s1-NettyServerStreamRpc-workerGroup--thread2] INFO  netty.NettyConfigKeys$DataStream (ConfUtils.java:logGet(46)) - raft.netty.dataStream.client.worker-group.size = 4 (default)
2022-10-20 09:07:38,894 [s2-NettyServerStreamRpc-workerGroup--thread1] INFO  client.DataStreamClient (ConfUtils.java:logGet(46)) - raft.datastream.type = NETTY (custom)
2022-10-20 09:07:38,894 [s2-NettyServerStreamRpc-workerGroup--thread1] INFO  netty.NettyConfigKeys$DataStream (ConfUtils.java:logGet(46)) - raft.netty.dataStream.client.tls.conf = null (default)
2022-10-20 09:07:38,895 [s2-NettyServerStreamRpc-workerGroup--thread1] INFO  netty.NettyConfigKeys$DataStream (ConfUtils.java:logGet(46)) - raft.netty.dataStream.client.reply.queue.grace-period = 1s (default)
2022-10-20 09:07:38,895 [s2-NettyServerStreamRpc-workerGroup--thread1] INFO  netty.NettyConfigKeys$DataStream (ConfUtils.java:logGet(46)) - raft.netty.dataStream.client.worker-group.share = false (default)
2022-10-20 09:07:38,895 [s2-NettyServerStreamRpc-workerGroup--thread1] INFO  netty.NettyConfigKeys$DataStream (ConfUtils.java:logGet(46)) - raft.netty.dataStream.client.worker-group.size = 4 (default)
2022-10-20 09:07:38,911 [s0-NettyServerStreamRpc-bossGroup--thread1] INFO  logging.LoggingHandler (AbstractInternalLogger.java:log(148)) - [id: 0x8d452f27, L:/0.0.0.0:34817] READ: [id: 0x697a7407, L:/127.0.0.1:34817 - R:/127.0.0.1:54412]
2022-10-20 09:07:38,912 [s0-NettyServerStreamRpc-bossGroup--thread1] INFO  logging.LoggingHandler (AbstractInternalLogger.java:log(148)) - [id: 0x8d452f27, L:/0.0.0.0:34817] READ COMPLETE
2022-10-20 09:07:38,912 [s1-NettyServerStreamRpc-workerGroup--thread2] INFO  client.DataStreamClient (ConfUtils.java:logGet(46)) - raft.datastream.type = NETTY (custom)
2022-10-20 09:07:38,912 [s1-NettyServerStreamRpc-workerGroup--thread2] INFO  netty.NettyConfigKeys$DataStream (ConfUtils.java:logGet(46)) - raft.netty.dataStream.client.tls.conf = null (default)
2022-10-20 09:07:38,912 [s1-NettyServerStreamRpc-workerGroup--thread2] INFO  netty.NettyConfigKeys$DataStream (ConfUtils.java:logGet(46)) - raft.netty.dataStream.client.reply.queue.grace-period = 1s (default)
2022-10-20 09:07:38,912 [s1-NettyServerStreamRpc-workerGroup--thread2] INFO  netty.NettyConfigKeys$DataStream (ConfUtils.java:logGet(46)) - raft.netty.dataStream.client.worker-group.share = false (default)
2022-10-20 09:07:38,912 [s1-NettyServerStreamRpc-workerGroup--thread2] INFO  netty.NettyConfigKeys$DataStream (ConfUtils.java:logGet(46)) - raft.netty.dataStream.client.worker-group.size = 4 (default)
2022-10-20 09:07:38,915 [s2-NettyServerStreamRpc-bossGroup--thread1] INFO  logging.LoggingHandler (AbstractInternalLogger.java:log(148)) - [id: 0x3b00cd3b, L:/0.0.0.0:38209] READ: [id: 0x1a5d49fc, L:/127.0.0.1:38209 - R:/127.0.0.1:60752]
2022-10-20 09:07:38,916 [s2-NettyServerStreamRpc-bossGroup--thread1] INFO  logging.LoggingHandler (AbstractInternalLogger.java:log(148)) - [id: 0x3b00cd3b, L:/0.0.0.0:38209] READ COMPLETE
2022-10-20 09:07:38,923 [s0-NettyServerStreamRpc-workerGroup--thread1] INFO  client.DataStreamClient (ConfUtils.java:logGet(46)) - raft.datastream.type = NETTY (custom)
2022-10-20 09:07:38,924 [s0-NettyServerStreamRpc-workerGroup--thread1] INFO  netty.NettyConfigKeys$DataStream (ConfUtils.java:logGet(46)) - raft.netty.dataStream.client.tls.conf = null (default)
2022-10-20 09:07:38,924 [s0-NettyServerStreamRpc-workerGroup--thread1] INFO  netty.NettyConfigKeys$DataStream (ConfUtils.java:logGet(46)) - raft.netty.dataStream.client.reply.queue.grace-period = 1s (default)
2022-10-20 09:07:38,924 [s0-NettyServerStreamRpc-workerGroup--thread1] INFO  netty.NettyConfigKeys$DataStream (ConfUtils.java:logGet(46)) - raft.netty.dataStream.client.worker-group.share = false (default)
2022-10-20 09:07:38,924 [s0-NettyServerStreamRpc-workerGroup--thread1] INFO  netty.NettyConfigKeys$DataStream (ConfUtils.java:logGet(46)) - raft.netty.dataStream.client.worker-group.size = 4 (default)
2022-10-20 09:07:38,925 [s1-NettyServerStreamRpc-bossGroup--thread1] INFO  logging.LoggingHandler (AbstractInternalLogger.java:log(148)) - [id: 0xf8dfef1b, L:/0.0.0.0:35611] READ: [id: 0xfb0004e1, L:/127.0.0.1:35611 - R:/127.0.0.1:43486]
2022-10-20 09:07:38,925 [s1-NettyServerStreamRpc-bossGroup--thread1] INFO  logging.LoggingHandler (AbstractInternalLogger.java:log(148)) - [id: 0xf8dfef1b, L:/0.0.0.0:35611] READ COMPLETE
2022-10-20 09:07:38,926 [s0-NettyServerStreamRpc-workerGroup--thread1] INFO  client.DataStreamClient (ConfUtils.java:logGet(46)) - raft.datastream.type = NETTY (custom)
2022-10-20 09:07:38,926 [s0-NettyServerStreamRpc-workerGroup--thread1] INFO  netty.NettyConfigKeys$DataStream (ConfUtils.java:logGet(46)) - raft.netty.dataStream.client.tls.conf = null (default)
2022-10-20 09:07:38,926 [s0-NettyServerStreamRpc-workerGroup--thread1] INFO  netty.NettyConfigKeys$DataStream (ConfUtils.java:logGet(46)) - raft.netty.dataStream.client.reply.queue.grace-period = 1s (default)
2022-10-20 09:07:38,926 [s0-NettyServerStreamRpc-workerGroup--thread1] INFO  netty.NettyConfigKeys$DataStream (ConfUtils.java:logGet(46)) - raft.netty.dataStream.client.worker-group.share = false (default)
2022-10-20 09:07:38,926 [s0-NettyServerStreamRpc-workerGroup--thread1] INFO  netty.NettyConfigKeys$DataStream (ConfUtils.java:logGet(46)) - raft.netty.dataStream.client.worker-group.size = 4 (default)
2022-10-20 09:07:38,943 [s0-NettyServerStreamRpc-bossGroup--thread1] INFO  logging.LoggingHandler (AbstractInternalLogger.java:log(148)) - [id: 0x8d452f27, L:/0.0.0.0:34817] READ: [id: 0x78e4fb20, L:/127.0.0.1:34817 - R:/127.0.0.1:54420]
2022-10-20 09:07:38,944 [s0-NettyServerStreamRpc-bossGroup--thread1] INFO  logging.LoggingHandler (AbstractInternalLogger.java:log(148)) - [id: 0x8d452f27, L:/0.0.0.0:34817] READ COMPLETE
2022-10-20 09:07:38,944 [s2-NettyServerStreamRpc-workerGroup--thread1] INFO  client.DataStreamClient (ConfUtils.java:logGet(46)) - raft.datastream.type = NETTY (custom)
2022-10-20 09:07:38,944 [s2-NettyServerStreamRpc-workerGroup--thread1] INFO  netty.NettyConfigKeys$DataStream (ConfUtils.java:logGet(46)) - raft.netty.dataStream.client.tls.conf = null (default)
2022-10-20 09:07:38,944 [s2-NettyServerStreamRpc-workerGroup--thread1] INFO  netty.NettyConfigKeys$DataStream (ConfUtils.java:logGet(46)) - raft.netty.dataStream.client.reply.queue.grace-period = 1s (default)
2022-10-20 09:07:38,944 [s2-NettyServerStreamRpc-workerGroup--thread1] INFO  netty.NettyConfigKeys$DataStream (ConfUtils.java:logGet(46)) - raft.netty.dataStream.client.worker-group.share = false (default)
2022-10-20 09:07:38,944 [s2-NettyServerStreamRpc-workerGroup--thread1] INFO  netty.NettyConfigKeys$DataStream (ConfUtils.java:logGet(46)) - raft.netty.dataStream.client.worker-group.size = 4 (default)
2022-10-20 09:07:38,952 [s2-NettyServerStreamRpc-bossGroup--thread1] INFO  logging.LoggingHandler (AbstractInternalLogger.java:log(148)) - [id: 0x3b00cd3b, L:/0.0.0.0:38209] READ: [id: 0x5676a134, L:/127.0.0.1:38209 - R:/127.0.0.1:60754]
2022-10-20 09:07:38,952 [s2-NettyServerStreamRpc-bossGroup--thread1] INFO  logging.LoggingHandler (AbstractInternalLogger.java:log(148)) - [id: 0x3b00cd3b, L:/0.0.0.0:38209] READ COMPLETE
2022-10-20 09:07:38,952 [s1-NettyServerStreamRpc-workerGroup--thread1] INFO  client.DataStreamClient (ConfUtils.java:logGet(46)) - raft.datastream.type = NETTY (custom)
2022-10-20 09:07:38,952 [s1-NettyServerStreamRpc-workerGroup--thread1] INFO  netty.NettyConfigKeys$DataStream (ConfUtils.java:logGet(46)) - raft.netty.dataStream.client.tls.conf = null (default)
2022-10-20 09:07:38,952 [s1-NettyServerStreamRpc-workerGroup--thread1] INFO  netty.NettyConfigKeys$DataStream (ConfUtils.java:logGet(46)) - raft.netty.dataStream.client.reply.queue.grace-period = 1s (default)
2022-10-20 09:07:38,952 [s1-NettyServerStreamRpc-workerGroup--thread1] INFO  netty.NettyConfigKeys$DataStream (ConfUtils.java:logGet(46)) - raft.netty.dataStream.client.worker-group.share = false (default)
2022-10-20 09:07:38,953 [s1-NettyServerStreamRpc-workerGroup--thread1] INFO  netty.NettyConfigKeys$DataStream (ConfUtils.java:logGet(46)) - raft.netty.dataStream.client.worker-group.size = 4 (default)
2022-10-20 09:07:38,955 [s2-NettyServerStreamRpc-bossGroup--thread1] INFO  logging.LoggingHandler (AbstractInternalLogger.java:log(148)) - [id: 0x3b00cd3b, L:/0.0.0.0:38209] READ: [id: 0x9fc94fa8, L:/127.0.0.1:38209 - R:/127.0.0.1:60758]
2022-10-20 09:07:38,955 [s0-NettyServerStreamRpc-workerGroup--thread3] INFO  client.DataStreamClient (ConfUtils.java:logGet(46)) - raft.datastream.type = NETTY (custom)
2022-10-20 09:07:38,956 [s0-NettyServerStreamRpc-workerGroup--thread3] INFO  netty.NettyConfigKeys$DataStream (ConfUtils.java:logGet(46)) - raft.netty.dataStream.client.tls.conf = null (default)
2022-10-20 09:07:38,956 [s0-NettyServerStreamRpc-workerGroup--thread3] INFO  netty.NettyConfigKeys$DataStream (ConfUtils.java:logGet(46)) - raft.netty.dataStream.client.reply.queue.grace-period = 1s (default)
2022-10-20 09:07:38,956 [s0-NettyServerStreamRpc-workerGroup--thread3] INFO  netty.NettyConfigKeys$DataStream (ConfUtils.java:logGet(46)) - raft.netty.dataStream.client.worker-group.share = false (default)
2022-10-20 09:07:38,956 [s0-NettyServerStreamRpc-workerGroup--thread3] INFO  netty.NettyConfigKeys$DataStream (ConfUtils.java:logGet(46)) - raft.netty.dataStream.client.worker-group.size = 4 (default)
2022-10-20 09:07:38,956 [s2-NettyServerStreamRpc-bossGroup--thread1] INFO  logging.LoggingHandler (AbstractInternalLogger.java:log(148)) - [id: 0x3b00cd3b, L:/0.0.0.0:38209] READ COMPLETE
2022-10-20 09:07:38,958 [s1-NettyServerStreamRpc-bossGroup--thread1] INFO  logging.LoggingHandler (AbstractInternalLogger.java:log(148)) - [id: 0xf8dfef1b, L:/0.0.0.0:35611] READ: [id: 0xa7a0072f, L:/127.0.0.1:35611 - R:/127.0.0.1:43492]
2022-10-20 09:07:38,958 [s1-NettyServerStreamRpc-bossGroup--thread1] INFO  logging.LoggingHandler (AbstractInternalLogger.java:log(148)) - [id: 0xf8dfef1b, L:/0.0.0.0:35611] READ COMPLETE
2022-10-20 09:07:38,958 [s2-NettyServerStreamRpc-workerGroup--thread1] INFO  client.DataStreamClient (ConfUtils.java:logGet(46)) - raft.datastream.type = NETTY (custom)
2022-10-20 09:07:38,958 [s2-NettyServerStreamRpc-workerGroup--thread1] INFO  netty.NettyConfigKeys$DataStream (ConfUtils.java:logGet(46)) - raft.netty.dataStream.client.tls.conf = null (default)
2022-10-20 09:07:38,959 [s2-NettyServerStreamRpc-workerGroup--thread1] INFO  netty.NettyConfigKeys$DataStream (ConfUtils.java:logGet(46)) - raft.netty.dataStream.client.reply.queue.grace-period = 1s (default)
2022-10-20 09:07:38,959 [s2-NettyServerStreamRpc-workerGroup--thread1] INFO  netty.NettyConfigKeys$DataStream (ConfUtils.java:logGet(46)) - raft.netty.dataStream.client.worker-group.share = false (default)
2022-10-20 09:07:38,959 [s2-NettyServerStreamRpc-workerGroup--thread1] INFO  netty.NettyConfigKeys$DataStream (ConfUtils.java:logGet(46)) - raft.netty.dataStream.client.worker-group.size = 4 (default)
2022-10-20 09:07:38,960 [s0-NettyServerStreamRpc-bossGroup--thread1] INFO  logging.LoggingHandler (AbstractInternalLogger.java:log(148)) - [id: 0x8d452f27, L:/0.0.0.0:34817] READ: [id: 0x6c7e0688, L:/127.0.0.1:34817 - R:/127.0.0.1:54422]
2022-10-20 09:07:38,961 [s0-NettyServerStreamRpc-bossGroup--thread1] INFO  logging.LoggingHandler (AbstractInternalLogger.java:log(148)) - [id: 0x8d452f27, L:/0.0.0.0:34817] READ COMPLETE
2022-10-20 09:07:38,961 [s2-NettyServerStreamRpc-workerGroup--thread1] INFO  client.DataStreamClient (ConfUtils.java:logGet(46)) - raft.datastream.type = NETTY (custom)
2022-10-20 09:07:38,961 [s2-NettyServerStreamRpc-workerGroup--thread1] INFO  netty.NettyConfigKeys$DataStream (ConfUtils.java:logGet(46)) - raft.netty.dataStream.client.tls.conf = null (default)
2022-10-20 09:07:38,961 [s2-NettyServerStreamRpc-workerGroup--thread1] INFO  netty.NettyConfigKeys$DataStream (ConfUtils.java:logGet(46)) - raft.netty.dataStream.client.reply.queue.grace-period = 1s (default)
2022-10-20 09:07:38,961 [s2-NettyServerStreamRpc-workerGroup--thread1] INFO  netty.NettyConfigKeys$DataStream (ConfUtils.java:logGet(46)) - raft.netty.dataStream.client.worker-group.share = false (default)
2022-10-20 09:07:38,961 [s2-NettyServerStreamRpc-workerGroup--thread1] INFO  netty.NettyConfigKeys$DataStream (ConfUtils.java:logGet(46)) - raft.netty.dataStream.client.worker-group.size = 4 (default)
2022-10-20 09:07:38,967 [s1-NettyServerStreamRpc-bossGroup--thread1] INFO  logging.LoggingHandler (AbstractInternalLogger.java:log(148)) - [id: 0xf8dfef1b, L:/0.0.0.0:35611] READ: [id: 0xfb5510b8, L:/127.0.0.1:35611 - R:/127.0.0.1:43494]
2022-10-20 09:07:38,967 [s1-NettyServerStreamRpc-bossGroup--thread1] INFO  logging.LoggingHandler (AbstractInternalLogger.java:log(148)) - [id: 0xf8dfef1b, L:/0.0.0.0:35611] READ COMPLETE
2022-10-20 09:07:38,967 [s0-NettyServerStreamRpc-workerGroup--thread3] INFO  client.DataStreamClient (ConfUtils.java:logGet(46)) - raft.datastream.type = NETTY (custom)
2022-10-20 09:07:38,967 [s0-NettyServerStreamRpc-workerGroup--thread3] INFO  netty.NettyConfigKeys$DataStream (ConfUtils.java:logGet(46)) - raft.netty.dataStream.client.tls.conf = null (default)
2022-10-20 09:07:38,967 [s0-NettyServerStreamRpc-workerGroup--thread3] INFO  netty.NettyConfigKeys$DataStream (ConfUtils.java:logGet(46)) - raft.netty.dataStream.client.reply.queue.grace-period = 1s (default)
2022-10-20 09:07:38,968 [s0-NettyServerStreamRpc-workerGroup--thread3] INFO  netty.NettyConfigKeys$DataStream (ConfUtils.java:logGet(46)) - raft.netty.dataStream.client.worker-group.share = false (default)
2022-10-20 09:07:38,968 [s0-NettyServerStreamRpc-workerGroup--thread3] INFO  netty.NettyConfigKeys$DataStream (ConfUtils.java:logGet(46)) - raft.netty.dataStream.client.worker-group.size = 4 (default)
2022-10-20 09:07:38,978 [s0-NettyServerStreamRpc-bossGroup--thread1] INFO  logging.LoggingHandler (AbstractInternalLogger.java:log(148)) - [id: 0x8d452f27, L:/0.0.0.0:34817] READ: [id: 0x7df1e358, L:/127.0.0.1:34817 - R:/127.0.0.1:54438]
2022-10-20 09:07:38,978 [s0-NettyServerStreamRpc-bossGroup--thread1] INFO  logging.LoggingHandler (AbstractInternalLogger.java:log(148)) - [id: 0x8d452f27, L:/0.0.0.0:34817] READ COMPLETE
2022-10-20 09:07:38,978 [s1-NettyServerStreamRpc-workerGroup--thread1] INFO  client.DataStreamClient (ConfUtils.java:logGet(46)) - raft.datastream.type = NETTY (custom)
2022-10-20 09:07:38,978 [s1-NettyServerStreamRpc-workerGroup--thread1] INFO  netty.NettyConfigKeys$DataStream (ConfUtils.java:logGet(46)) - raft.netty.dataStream.client.tls.conf = null (default)
2022-10-20 09:07:38,978 [s1-NettyServerStreamRpc-workerGroup--thread1] INFO  netty.NettyConfigKeys$DataStream (ConfUtils.java:logGet(46)) - raft.netty.dataStream.client.reply.queue.grace-period = 1s (default)
2022-10-20 09:07:38,979 [s1-NettyServerStreamRpc-workerGroup--thread1] INFO  netty.NettyConfigKeys$DataStream (ConfUtils.java:logGet(46)) - raft.netty.dataStream.client.worker-group.share = false (default)
2022-10-20 09:07:38,979 [s1-NettyServerStreamRpc-workerGroup--thread1] INFO  netty.NettyConfigKeys$DataStream (ConfUtils.java:logGet(46)) - raft.netty.dataStream.client.worker-group.size = 4 (default)
2022-10-20 09:07:38,980 [s2-NettyServerStreamRpc-bossGroup--thread1] INFO  logging.LoggingHandler (AbstractInternalLogger.java:log(148)) - [id: 0x3b00cd3b, L:/0.0.0.0:38209] READ: [id: 0x26d4bb06, L:/127.0.0.1:38209 - R:/127.0.0.1:60770]
2022-10-20 09:07:38,980 [s2-NettyServerStreamRpc-bossGroup--thread1] INFO  logging.LoggingHandler (AbstractInternalLogger.java:log(148)) - [id: 0x3b00cd3b, L:/0.0.0.0:38209] READ COMPLETE
2022-10-20 09:07:38,980 [s1-NettyServerStreamRpc-workerGroup--thread1] INFO  client.DataStreamClient (ConfUtils.java:logGet(46)) - raft.datastream.type = NETTY (custom)
2022-10-20 09:07:38,981 [s1-NettyServerStreamRpc-workerGroup--thread1] INFO  netty.NettyConfigKeys$DataStream (ConfUtils.java:logGet(46)) - raft.netty.dataStream.client.tls.conf = null (default)
2022-10-20 09:07:38,981 [s1-NettyServerStreamRpc-workerGroup--thread1] INFO  netty.NettyConfigKeys$DataStream (ConfUtils.java:logGet(46)) - raft.netty.dataStream.client.reply.queue.grace-period = 1s (default)
2022-10-20 09:07:38,981 [s1-NettyServerStreamRpc-workerGroup--thread1] INFO  netty.NettyConfigKeys$DataStream (ConfUtils.java:logGet(46)) - raft.netty.dataStream.client.worker-group.share = false (default)
2022-10-20 09:07:38,981 [s1-NettyServerStreamRpc-workerGroup--thread1] INFO  netty.NettyConfigKeys$DataStream (ConfUtils.java:logGet(46)) - raft.netty.dataStream.client.worker-group.size = 4 (default)
2022-10-20 09:07:38,982 [s2-NettyServerStreamRpc-bossGroup--thread1] INFO  logging.LoggingHandler (AbstractInternalLogger.java:log(148)) - [id: 0x3b00cd3b, L:/0.0.0.0:38209] READ: [id: 0x924b78b1, L:/127.0.0.1:38209 - R:/127.0.0.1:60776]
2022-10-20 09:07:38,982 [s2-NettyServerStreamRpc-bossGroup--thread1] INFO  logging.LoggingHandler (AbstractInternalLogger.java:log(148)) - [id: 0x3b00cd3b, L:/0.0.0.0:38209] READ COMPLETE
2022-10-20 09:07:38,984 [s1-NettyServerStreamRpc-bossGroup--thread1] INFO  logging.LoggingHandler (AbstractInternalLogger.java:log(148)) - [id: 0xf8dfef1b, L:/0.0.0.0:35611] READ: [id: 0x1b482099, L:/127.0.0.1:35611 - R:/127.0.0.1:43504]
2022-10-20 09:07:38,984 [s1-NettyServerStreamRpc-bossGroup--thread1] INFO  logging.LoggingHandler (AbstractInternalLogger.java:log(148)) - [id: 0xf8dfef1b, L:/0.0.0.0:35611] READ COMPLETE
2022-10-20 09:07:38,984 [s2-NettyServerStreamRpc-workerGroup--thread1] INFO  client.DataStreamClient (ConfUtils.java:logGet(46)) - raft.datastream.type = NETTY (custom)
2022-10-20 09:07:38,984 [s2-NettyServerStreamRpc-workerGroup--thread1] INFO  netty.NettyConfigKeys$DataStream (ConfUtils.java:logGet(46)) - raft.netty.dataStream.client.tls.conf = null (default)
2022-10-20 09:07:38,984 [s2-NettyServerStreamRpc-workerGroup--thread1] INFO  netty.NettyConfigKeys$DataStream (ConfUtils.java:logGet(46)) - raft.netty.dataStream.client.reply.queue.grace-period = 1s (default)
2022-10-20 09:07:38,984 [s2-NettyServerStreamRpc-workerGroup--thread1] INFO  netty.NettyConfigKeys$DataStream (ConfUtils.java:logGet(46)) - raft.netty.dataStream.client.worker-group.share = false (default)
2022-10-20 09:07:38,985 [s2-NettyServerStreamRpc-workerGroup--thread1] INFO  netty.NettyConfigKeys$DataStream (ConfUtils.java:logGet(46)) - raft.netty.dataStream.client.worker-group.size = 4 (default)
2022-10-20 09:07:38,987 [s0-NettyServerStreamRpc-workerGroup--thread2] INFO  client.DataStreamClient (ConfUtils.java:logGet(46)) - raft.datastream.type = NETTY (custom)
2022-10-20 09:07:38,987 [s0-NettyServerStreamRpc-workerGroup--thread2] INFO  netty.NettyConfigKeys$DataStream (ConfUtils.java:logGet(46)) - raft.netty.dataStream.client.tls.conf = null (default)
2022-10-20 09:07:38,987 [s0-NettyServerStreamRpc-workerGroup--thread2] INFO  netty.NettyConfigKeys$DataStream (ConfUtils.java:logGet(46)) - raft.netty.dataStream.client.reply.queue.grace-period = 1s (default)
2022-10-20 09:07:38,987 [s0-NettyServerStreamRpc-workerGroup--thread2] INFO  netty.NettyConfigKeys$DataStream (ConfUtils.java:logGet(46)) - raft.netty.dataStream.client.worker-group.share = false (default)
2022-10-20 09:07:38,987 [s0-NettyServerStreamRpc-workerGroup--thread2] INFO  netty.NettyConfigKeys$DataStream (ConfUtils.java:logGet(46)) - raft.netty.dataStream.client.worker-group.size = 4 (default)
2022-10-20 09:07:38,987 [s0-NettyServerStreamRpc-bossGroup--thread1] INFO  logging.LoggingHandler (AbstractInternalLogger.java:log(148)) - [id: 0x8d452f27, L:/0.0.0.0:34817] READ: [id: 0x72691a95, L:/127.0.0.1:34817 - R:/127.0.0.1:54446]
2022-10-20 09:07:38,987 [s0-NettyServerStreamRpc-bossGroup--thread1] INFO  logging.LoggingHandler (AbstractInternalLogger.java:log(148)) - [id: 0x8d452f27, L:/0.0.0.0:34817] READ COMPLETE
2022-10-20 09:07:38,988 [s1-NettyServerStreamRpc-workerGroup--thread1] INFO  client.DataStreamClient (ConfUtils.java:logGet(46)) - raft.datastream.type = NETTY (custom)
2022-10-20 09:07:38,988 [s1-NettyServerStreamRpc-workerGroup--thread1] INFO  netty.NettyConfigKeys$DataStream (ConfUtils.java:logGet(46)) - raft.netty.dataStream.client.tls.conf = null (default)
2022-10-20 09:07:38,988 [s1-NettyServerStreamRpc-workerGroup--thread1] INFO  netty.NettyConfigKeys$DataStream (ConfUtils.java:logGet(46)) - raft.netty.dataStream.client.reply.queue.grace-period = 1s (default)
2022-10-20 09:07:38,988 [s1-NettyServerStreamRpc-workerGroup--thread1] INFO  netty.NettyConfigKeys$DataStream (ConfUtils.java:logGet(46)) - raft.netty.dataStream.client.worker-group.share = false (default)
2022-10-20 09:07:38,988 [s1-NettyServerStreamRpc-workerGroup--thread1] INFO  netty.NettyConfigKeys$DataStream (ConfUtils.java:logGet(46)) - raft.netty.dataStream.client.worker-group.size = 4 (default)
2022-10-20 09:07:38,990 [s1-NettyServerStreamRpc-bossGroup--thread1] INFO  logging.LoggingHandler (AbstractInternalLogger.java:log(148)) - [id: 0xf8dfef1b, L:/0.0.0.0:35611] READ: [id: 0x0e8abd09, L:/127.0.0.1:35611 - R:/127.0.0.1:43520]
2022-10-20 09:07:38,990 [s1-NettyServerStreamRpc-bossGroup--thread1] INFO  logging.LoggingHandler (AbstractInternalLogger.java:log(148)) - [id: 0xf8dfef1b, L:/0.0.0.0:35611] READ COMPLETE
2022-10-20 09:07:38,990 [s0-NettyServerStreamRpc-workerGroup--thread2] INFO  client.DataStreamClient (ConfUtils.java:logGet(46)) - raft.datastream.type = NETTY (custom)
2022-10-20 09:07:38,990 [s0-NettyServerStreamRpc-workerGroup--thread2] INFO  netty.NettyConfigKeys$DataStream (ConfUtils.java:logGet(46)) - raft.netty.dataStream.client.tls.conf = null (default)
2022-10-20 09:07:38,990 [s0-NettyServerStreamRpc-workerGroup--thread2] INFO  netty.NettyConfigKeys$DataStream (ConfUtils.java:logGet(46)) - raft.netty.dataStream.client.reply.queue.grace-period = 1s (default)
2022-10-20 09:07:38,990 [s0-NettyServerStreamRpc-workerGroup--thread2] INFO  netty.NettyConfigKeys$DataStream (ConfUtils.java:logGet(46)) - raft.netty.dataStream.client.worker-group.share = false (default)
2022-10-20 09:07:38,990 [s0-NettyServerStreamRpc-workerGroup--thread2] INFO  netty.NettyConfigKeys$DataStream (ConfUtils.java:logGet(46)) - raft.netty.dataStream.client.worker-group.size = 4 (default)
2022-10-20 09:07:38,992 [s2-NettyServerStreamRpc-bossGroup--thread1] INFO  logging.LoggingHandler (AbstractInternalLogger.java:log(148)) - [id: 0x3b00cd3b, L:/0.0.0.0:38209] READ: [id: 0xfe086a4c, L:/127.0.0.1:38209 - R:/127.0.0.1:60788]
2022-10-20 09:07:38,992 [s2-NettyServerStreamRpc-bossGroup--thread1] INFO  logging.LoggingHandler (AbstractInternalLogger.java:log(148)) - [id: 0x3b00cd3b, L:/0.0.0.0:38209] READ COMPLETE
2022-10-20 09:07:38,999 [s0-NettyServerStreamRpc-bossGroup--thread1] INFO  logging.LoggingHandler (AbstractInternalLogger.java:log(148)) - [id: 0x8d452f27, L:/0.0.0.0:34817] READ: [id: 0x6cb9462a, L:/127.0.0.1:34817 - R:/127.0.0.1:54456]
2022-10-20 09:07:38,999 [s0-NettyServerStreamRpc-bossGroup--thread1] INFO  logging.LoggingHandler (AbstractInternalLogger.java:log(148)) - [id: 0x8d452f27, L:/0.0.0.0:34817] READ COMPLETE
2022-10-20 09:07:38,999 [s2-NettyServerStreamRpc-workerGroup--thread1] INFO  client.DataStreamClient (ConfUtils.java:logGet(46)) - raft.datastream.type = NETTY (custom)
2022-10-20 09:07:38,999 [s2-NettyServerStreamRpc-workerGroup--thread1] INFO  netty.NettyConfigKeys$DataStream (ConfUtils.java:logGet(46)) - raft.netty.dataStream.client.tls.conf = null (default)
2022-10-20 09:07:39,000 [s2-NettyServerStreamRpc-workerGroup--thread1] INFO  netty.NettyConfigKeys$DataStream (ConfUtils.java:logGet(46)) - raft.netty.dataStream.client.reply.queue.grace-period = 1s (default)
2022-10-20 09:07:39,000 [s2-NettyServerStreamRpc-workerGroup--thread1] INFO  netty.NettyConfigKeys$DataStream (ConfUtils.java:logGet(46)) - raft.netty.dataStream.client.worker-group.share = false (default)
2022-10-20 09:07:39,000 [s2-NettyServerStreamRpc-workerGroup--thread1] INFO  netty.NettyConfigKeys$DataStream (ConfUtils.java:logGet(46)) - raft.netty.dataStream.client.worker-group.size = 4 (default)
2022-10-20 09:07:39,011 [s2-NettyServerStreamRpc-bossGroup--thread1] INFO  logging.LoggingHandler (AbstractInternalLogger.java:log(148)) - [id: 0x3b00cd3b, L:/0.0.0.0:38209] READ: [id: 0x4fa6c836, L:/127.0.0.1:38209 - R:/127.0.0.1:60800]
2022-10-20 09:07:39,011 [s2-NettyServerStreamRpc-bossGroup--thread1] INFO  logging.LoggingHandler (AbstractInternalLogger.java:log(148)) - [id: 0x3b00cd3b, L:/0.0.0.0:38209] READ COMPLETE
2022-10-20 09:07:39,013 [s0-NettyServerStreamRpc-workerGroup--thread1] INFO  client.DataStreamClient (ConfUtils.java:logGet(46)) - raft.datastream.type = NETTY (custom)
2022-10-20 09:07:39,013 [s0-NettyServerStreamRpc-workerGroup--thread1] INFO  netty.NettyConfigKeys$DataStream (ConfUtils.java:logGet(46)) - raft.netty.dataStream.client.tls.conf = null (default)
2022-10-20 09:07:39,013 [s0-NettyServerStreamRpc-workerGroup--thread1] INFO  netty.NettyConfigKeys$DataStream (ConfUtils.java:logGet(46)) - raft.netty.dataStream.client.reply.queue.grace-period = 1s (default)
2022-10-20 09:07:39,013 [s0-NettyServerStreamRpc-workerGroup--thread1] INFO  netty.NettyConfigKeys$DataStream (ConfUtils.java:logGet(46)) - raft.netty.dataStream.client.worker-group.share = false (default)
2022-10-20 09:07:39,013 [s0-NettyServerStreamRpc-workerGroup--thread1] INFO  netty.NettyConfigKeys$DataStream (ConfUtils.java:logGet(46)) - raft.netty.dataStream.client.worker-group.size = 4 (default)
2022-10-20 09:07:39,017 [s1-NettyServerStreamRpc-bossGroup--thread1] INFO  logging.LoggingHandler (AbstractInternalLogger.java:log(148)) - [id: 0xf8dfef1b, L:/0.0.0.0:35611] READ: [id: 0x7734afc1, L:/127.0.0.1:35611 - R:/127.0.0.1:43522]
2022-10-20 09:07:39,017 [s1-NettyServerStreamRpc-bossGroup--thread1] INFO  logging.LoggingHandler (AbstractInternalLogger.java:log(148)) - [id: 0xf8dfef1b, L:/0.0.0.0:35611] READ COMPLETE
2022-10-20 09:07:39,017 [s2-NettyServerStreamRpc-workerGroup--thread1] INFO  client.DataStreamClient (ConfUtils.java:logGet(46)) - raft.datastream.type = NETTY (custom)
2022-10-20 09:07:39,017 [s2-NettyServerStreamRpc-workerGroup--thread1] INFO  netty.NettyConfigKeys$DataStream (ConfUtils.java:logGet(46)) - raft.netty.dataStream.client.tls.conf = null (default)
2022-10-20 09:07:39,017 [s2-NettyServerStreamRpc-workerGroup--thread1] INFO  netty.NettyConfigKeys$DataStream (ConfUtils.java:logGet(46)) - raft.netty.dataStream.client.reply.queue.grace-period = 1s (default)
2022-10-20 09:07:39,018 [s2-NettyServerStreamRpc-workerGroup--thread1] INFO  netty.NettyConfigKeys$DataStream (ConfUtils.java:logGet(46)) - raft.netty.dataStream.client.worker-group.share = false (default)
2022-10-20 09:07:39,018 [s2-NettyServerStreamRpc-workerGroup--thread1] INFO  netty.NettyConfigKeys$DataStream (ConfUtils.java:logGet(46)) - raft.netty.dataStream.client.worker-group.size = 4 (default)
2022-10-20 09:07:39,051 [s0-NettyServerStreamRpc-bossGroup--thread1] INFO  logging.LoggingHandler (AbstractInternalLogger.java:log(148)) - [id: 0x8d452f27, L:/0.0.0.0:34817] READ: [id: 0x7cb37ac6, L:/127.0.0.1:34817 - R:/127.0.0.1:54470]
2022-10-20 09:07:39,051 [s0-NettyServerStreamRpc-bossGroup--thread1] INFO  logging.LoggingHandler (AbstractInternalLogger.java:log(148)) - [id: 0x8d452f27, L:/0.0.0.0:34817] READ COMPLETE
2022-10-20 09:07:39,051 [s2-NettyServerStreamRpc-workerGroup--thread1] INFO  client.DataStreamClient (ConfUtils.java:logGet(46)) - raft.datastream.type = NETTY (custom)
2022-10-20 09:07:39,051 [s2-NettyServerStreamRpc-workerGroup--thread1] INFO  netty.NettyConfigKeys$DataStream (ConfUtils.java:logGet(46)) - raft.netty.dataStream.client.tls.conf = null (default)
2022-10-20 09:07:39,051 [s2-NettyServerStreamRpc-workerGroup--thread1] INFO  netty.NettyConfigKeys$DataStream (ConfUtils.java:logGet(46)) - raft.netty.dataStream.client.reply.queue.grace-period = 1s (default)
2022-10-20 09:07:39,052 [s2-NettyServerStreamRpc-workerGroup--thread1] INFO  netty.NettyConfigKeys$DataStream (ConfUtils.java:logGet(46)) - raft.netty.dataStream.client.worker-group.share = false (default)
2022-10-20 09:07:39,052 [s2-NettyServerStreamRpc-workerGroup--thread1] INFO  netty.NettyConfigKeys$DataStream (ConfUtils.java:logGet(46)) - raft.netty.dataStream.client.worker-group.size = 4 (default)
2022-10-20 09:07:39,053 [s1-NettyServerStreamRpc-bossGroup--thread1] INFO  logging.LoggingHandler (AbstractInternalLogger.java:log(148)) - [id: 0xf8dfef1b, L:/0.0.0.0:35611] READ: [id: 0xfe7db188, L:/127.0.0.1:35611 - R:/127.0.0.1:43526]
2022-10-20 09:07:39,053 [s1-NettyServerStreamRpc-bossGroup--thread1] INFO  logging.LoggingHandler (AbstractInternalLogger.java:log(148)) - [id: 0xf8dfef1b, L:/0.0.0.0:35611] READ COMPLETE
2022-10-20 09:07:39,054 [s0-NettyServerStreamRpc-workerGroup--thread1] INFO  client.DataStreamClient (ConfUtils.java:logGet(46)) - raft.datastream.type = NETTY (custom)
2022-10-20 09:07:39,054 [s0-NettyServerStreamRpc-workerGroup--thread1] INFO  netty.NettyConfigKeys$DataStream (ConfUtils.java:logGet(46)) - raft.netty.dataStream.client.tls.conf = null (default)
2022-10-20 09:07:39,054 [s0-NettyServerStreamRpc-workerGroup--thread1] INFO  netty.NettyConfigKeys$DataStream (ConfUtils.java:logGet(46)) - raft.netty.dataStream.client.reply.queue.grace-period = 1s (default)
2022-10-20 09:07:39,054 [s0-NettyServerStreamRpc-workerGroup--thread1] INFO  netty.NettyConfigKeys$DataStream (ConfUtils.java:logGet(46)) - raft.netty.dataStream.client.worker-group.share = false (default)
2022-10-20 09:07:39,054 [s0-NettyServerStreamRpc-workerGroup--thread1] INFO  netty.NettyConfigKeys$DataStream (ConfUtils.java:logGet(46)) - raft.netty.dataStream.client.worker-group.size = 4 (default)
2022-10-20 09:07:39,076 [s2-NettyServerStreamRpc-bossGroup--thread1] INFO  logging.LoggingHandler (AbstractInternalLogger.java:log(148)) - [id: 0x3b00cd3b, L:/0.0.0.0:38209] READ: [id: 0xf09df560, L:/127.0.0.1:38209 - R:/127.0.0.1:60810]
2022-10-20 09:07:39,076 [s2-NettyServerStreamRpc-bossGroup--thread1] INFO  logging.LoggingHandler (AbstractInternalLogger.java:log(148)) - [id: 0x3b00cd3b, L:/0.0.0.0:38209] READ COMPLETE
2022-10-20 09:07:39,083 [s1-NettyServerStreamRpc-bossGroup--thread1] INFO  logging.LoggingHandler (AbstractInternalLogger.java:log(148)) - [id: 0xf8dfef1b, L:/0.0.0.0:35611] READ: [id: 0x0a7c7f7e, L:/127.0.0.1:35611 - R:/127.0.0.1:43540]
2022-10-20 09:07:39,083 [s1-NettyServerStreamRpc-bossGroup--thread1] INFO  logging.LoggingHandler (AbstractInternalLogger.java:log(148)) - [id: 0xf8dfef1b, L:/0.0.0.0:35611] READ COMPLETE
2022-10-20 09:07:39,084 [s2-NettyServerStreamRpc-workerGroup--thread1] INFO  client.DataStreamClient (ConfUtils.java:logGet(46)) - raft.datastream.type = NETTY (custom)
2022-10-20 09:07:39,084 [s2-NettyServerStreamRpc-workerGroup--thread1] INFO  netty.NettyConfigKeys$DataStream (ConfUtils.java:logGet(46)) - raft.netty.dataStream.client.tls.conf = null (default)
2022-10-20 09:07:39,084 [s2-NettyServerStreamRpc-workerGroup--thread1] INFO  netty.NettyConfigKeys$DataStream (ConfUtils.java:logGet(46)) - raft.netty.dataStream.client.reply.queue.grace-period = 1s (default)
2022-10-20 09:07:39,084 [s2-NettyServerStreamRpc-workerGroup--thread1] INFO  netty.NettyConfigKeys$DataStream (ConfUtils.java:logGet(46)) - raft.netty.dataStream.client.worker-group.share = false (default)
2022-10-20 09:07:39,084 [s2-NettyServerStreamRpc-workerGroup--thread1] INFO  netty.NettyConfigKeys$DataStream (ConfUtils.java:logGet(46)) - raft.netty.dataStream.client.worker-group.size = 4 (default)
2022-10-20 09:07:39,163 [s0-NettyServerStreamRpc-bossGroup--thread1] INFO  logging.LoggingHandler (AbstractInternalLogger.java:log(148)) - [id: 0x8d452f27, L:/0.0.0.0:34817] READ: [id: 0x76c89eb4, L:/127.0.0.1:34817 - R:/127.0.0.1:54486]
2022-10-20 09:07:39,164 [s0-NettyServerStreamRpc-bossGroup--thread1] INFO  logging.LoggingHandler (AbstractInternalLogger.java:log(148)) - [id: 0x8d452f27, L:/0.0.0.0:34817] READ COMPLETE
2022-10-20 09:07:39,164 [s2-NettyServerStreamRpc-workerGroup--thread1] INFO  client.DataStreamClient (ConfUtils.java:logGet(46)) - raft.datastream.type = NETTY (custom)
2022-10-20 09:07:39,164 [s2-NettyServerStreamRpc-workerGroup--thread1] INFO  netty.NettyConfigKeys$DataStream (ConfUtils.java:logGet(46)) - raft.netty.dataStream.client.tls.conf = null (default)
2022-10-20 09:07:39,164 [s2-NettyServerStreamRpc-workerGroup--thread1] INFO  netty.NettyConfigKeys$DataStream (ConfUtils.java:logGet(46)) - raft.netty.dataStream.client.reply.queue.grace-period = 1s (default)
2022-10-20 09:07:39,164 [s2-NettyServerStreamRpc-workerGroup--thread1] INFO  netty.NettyConfigKeys$DataStream (ConfUtils.java:logGet(46)) - raft.netty.dataStream.client.worker-group.share = false (default)
2022-10-20 09:07:39,164 [s2-NettyServerStreamRpc-workerGroup--thread1] INFO  netty.NettyConfigKeys$DataStream (ConfUtils.java:logGet(46)) - raft.netty.dataStream.client.worker-group.size = 4 (default)
2022-10-20 09:07:39,167 [s1-NettyServerStreamRpc-bossGroup--thread1] INFO  logging.LoggingHandler (AbstractInternalLogger.java:log(148)) - [id: 0xf8dfef1b, L:/0.0.0.0:35611] READ: [id: 0xdc70bec9, L:/127.0.0.1:35611 - R:/127.0.0.1:43548]
2022-10-20 09:07:39,167 [s1-NettyServerStreamRpc-bossGroup--thread1] INFO  logging.LoggingHandler (AbstractInternalLogger.java:log(148)) - [id: 0xf8dfef1b, L:/0.0.0.0:35611] READ COMPLETE
2022-10-20 09:07:39,169 [s2-NettyServerStreamRpc-workerGroup--thread1] INFO  client.DataStreamClient (ConfUtils.java:logGet(46)) - raft.datastream.type = NETTY (custom)
2022-10-20 09:07:39,169 [s2-NettyServerStreamRpc-workerGroup--thread1] INFO  netty.NettyConfigKeys$DataStream (ConfUtils.java:logGet(46)) - raft.netty.dataStream.client.tls.conf = null (default)
2022-10-20 09:07:39,169 [s2-NettyServerStreamRpc-workerGroup--thread1] INFO  netty.NettyConfigKeys$DataStream (ConfUtils.java:logGet(46)) - raft.netty.dataStream.client.reply.queue.grace-period = 1s (default)
2022-10-20 09:07:39,169 [s2-NettyServerStreamRpc-workerGroup--thread1] INFO  netty.NettyConfigKeys$DataStream (ConfUtils.java:logGet(46)) - raft.netty.dataStream.client.worker-group.share = false (default)
2022-10-20 09:07:39,169 [s2-NettyServerStreamRpc-workerGroup--thread1] INFO  netty.NettyConfigKeys$DataStream (ConfUtils.java:logGet(46)) - raft.netty.dataStream.client.worker-group.size = 4 (default)
2022-10-20 09:07:39,211 [s0-NettyServerStreamRpc-bossGroup--thread1] INFO  logging.LoggingHandler (AbstractInternalLogger.java:log(148)) - [id: 0x8d452f27, L:/0.0.0.0:34817] READ: [id: 0x9fafe0be, L:/127.0.0.1:34817 - R:/127.0.0.1:54494]
2022-10-20 09:07:39,211 [s0-NettyServerStreamRpc-bossGroup--thread1] INFO  logging.LoggingHandler (AbstractInternalLogger.java:log(148)) - [id: 0x8d452f27, L:/0.0.0.0:34817] READ COMPLETE
2022-10-20 09:07:39,212 [s2-NettyServerStreamRpc-workerGroup--thread1] INFO  client.DataStreamClient (ConfUtils.java:logGet(46)) - raft.datastream.type = NETTY (custom)
2022-10-20 09:07:39,212 [s2-NettyServerStreamRpc-workerGroup--thread1] INFO  netty.NettyConfigKeys$DataStream (ConfUtils.java:logGet(46)) - raft.netty.dataStream.client.tls.conf = null (default)
2022-10-20 09:07:39,212 [s2-NettyServerStreamRpc-workerGroup--thread1] INFO  netty.NettyConfigKeys$DataStream (ConfUtils.java:logGet(46)) - raft.netty.dataStream.client.reply.queue.grace-period = 1s (default)
2022-10-20 09:07:39,212 [s2-NettyServerStreamRpc-workerGroup--thread1] INFO  netty.NettyConfigKeys$DataStream (ConfUtils.java:logGet(46)) - raft.netty.dataStream.client.worker-group.share = false (default)
2022-10-20 09:07:39,212 [s2-NettyServerStreamRpc-workerGroup--thread1] INFO  netty.NettyConfigKeys$DataStream (ConfUtils.java:logGet(46)) - raft.netty.dataStream.client.worker-group.size = 4 (default)
2022-10-20 09:07:39,223 [pool-9-thread-15] INFO  datastream.DataStreamTestUtils (DataStreamTestUtils.java:writeAndCloseAndAssertReplies(320)) - Stream381: bytesWritten=712364
2022-10-20 09:07:39,234 [pool-9-thread-10] INFO  datastream.DataStreamTestUtils (DataStreamTestUtils.java:writeAndCloseAndAssertReplies(320)) - Stream377: bytesWritten=792958
2022-10-20 09:07:39,246 [pool-9-thread-12] INFO  datastream.DataStreamTestUtils (DataStreamTestUtils.java:writeAndCloseAndAssertReplies(320)) - Stream378: bytesWritten=711056
2022-10-20 09:07:39,264 [pool-9-thread-11] INFO  datastream.DataStreamTestUtils (DataStreamTestUtils.java:writeAndCloseAndAssertReplies(320)) - Stream376: bytesWritten=678950
2022-10-20 09:07:39,266 [s1-NettyServerStreamRpc-bossGroup--thread1] INFO  logging.LoggingHandler (AbstractInternalLogger.java:log(148)) - [id: 0xf8dfef1b, L:/0.0.0.0:35611] READ: [id: 0xfa9c4e29, L:/127.0.0.1:35611 - R:/127.0.0.1:43558]
2022-10-20 09:07:39,266 [s1-NettyServerStreamRpc-bossGroup--thread1] INFO  logging.LoggingHandler (AbstractInternalLogger.java:log(148)) - [id: 0xf8dfef1b, L:/0.0.0.0:35611] READ COMPLETE
2022-10-20 09:07:39,266 [s2-NettyServerStreamRpc-workerGroup--thread1] INFO  client.DataStreamClient (ConfUtils.java:logGet(46)) - raft.datastream.type = NETTY (custom)
2022-10-20 09:07:39,267 [s2-NettyServerStreamRpc-workerGroup--thread1] INFO  netty.NettyConfigKeys$DataStream (ConfUtils.java:logGet(46)) - raft.netty.dataStream.client.tls.conf = null (default)
2022-10-20 09:07:39,267 [s2-NettyServerStreamRpc-workerGroup--thread1] INFO  netty.NettyConfigKeys$DataStream (ConfUtils.java:logGet(46)) - raft.netty.dataStream.client.reply.queue.grace-period = 1s (default)
2022-10-20 09:07:39,267 [s2-NettyServerStreamRpc-workerGroup--thread1] INFO  netty.NettyConfigKeys$DataStream (ConfUtils.java:logGet(46)) - raft.netty.dataStream.client.worker-group.share = false (default)
2022-10-20 09:07:39,267 [s2-NettyServerStreamRpc-workerGroup--thread1] INFO  netty.NettyConfigKeys$DataStream (ConfUtils.java:logGet(46)) - raft.netty.dataStream.client.worker-group.size = 4 (default)
2022-10-20 09:07:39,287 [pool-9-thread-14] INFO  datastream.DataStreamTestUtils (DataStreamTestUtils.java:writeAndCloseAndAssertReplies(320)) - Stream380: bytesWritten=821239
2022-10-20 09:07:39,293 [s0-NettyServerStreamRpc-bossGroup--thread1] INFO  logging.LoggingHandler (AbstractInternalLogger.java:log(148)) - [id: 0x8d452f27, L:/0.0.0.0:34817] READ: [id: 0x82bae0d0, L:/127.0.0.1:34817 - R:/127.0.0.1:54502]
2022-10-20 09:07:39,293 [s0-NettyServerStreamRpc-bossGroup--thread1] INFO  logging.LoggingHandler (AbstractInternalLogger.java:log(148)) - [id: 0x8d452f27, L:/0.0.0.0:34817] READ COMPLETE
2022-10-20 09:07:39,294 [s2-NettyServerStreamRpc-workerGroup--thread1] INFO  client.DataStreamClient (ConfUtils.java:logGet(46)) - raft.datastream.type = NETTY (custom)
2022-10-20 09:07:39,295 [s2-NettyServerStreamRpc-workerGroup--thread1] INFO  netty.NettyConfigKeys$DataStream (ConfUtils.java:logGet(46)) - raft.netty.dataStream.client.tls.conf = null (default)
2022-10-20 09:07:39,295 [s2-NettyServerStreamRpc-workerGroup--thread1] INFO  netty.NettyConfigKeys$DataStream (ConfUtils.java:logGet(46)) - raft.netty.dataStream.client.reply.queue.grace-period = 1s (default)
2022-10-20 09:07:39,295 [s2-NettyServerStreamRpc-workerGroup--thread1] INFO  netty.NettyConfigKeys$DataStream (ConfUtils.java:logGet(46)) - raft.netty.dataStream.client.worker-group.share = false (default)
2022-10-20 09:07:39,295 [s2-NettyServerStreamRpc-workerGroup--thread1] INFO  netty.NettyConfigKeys$DataStream (ConfUtils.java:logGet(46)) - raft.netty.dataStream.client.worker-group.size = 4 (default)
2022-10-20 09:07:39,309 [s1-NettyServerStreamRpc-bossGroup--thread1] INFO  logging.LoggingHandler (AbstractInternalLogger.java:log(148)) - [id: 0xf8dfef1b, L:/0.0.0.0:35611] READ: [id: 0x071b98da, L:/127.0.0.1:35611 - R:/127.0.0.1:43572]
2022-10-20 09:07:39,309 [s1-NettyServerStreamRpc-bossGroup--thread1] INFO  logging.LoggingHandler (AbstractInternalLogger.java:log(148)) - [id: 0xf8dfef1b, L:/0.0.0.0:35611] READ COMPLETE
2022-10-20 09:07:39,325 [pool-9-thread-13] INFO  datastream.DataStreamTestUtils (DataStreamTestUtils.java:writeAndCloseAndAssertReplies(320)) - Stream379: bytesWritten=818987
2022-10-20 09:07:39,325 [pool-9-thread-16] INFO  datastream.DataStreamTestUtils (DataStreamTestUtils.java:writeAndCloseAndAssertReplies(320)) - Stream382: bytesWritten=737509
2022-10-20 09:07:39,363 [s1-client-thread1] INFO  statemachine.StateMachine (DataStreamTestUtils.java:link(157)) - link SingleDataStream: writeRequest=RaftClientRequest:client-95B2CAC5D2FA->s1@group-4D961C7EB769, cid=376, seq=0, DataStream, Message:<EMPTY>, logEntry=null
2022-10-20 09:07:39,365 [s1-client-thread2] INFO  statemachine.StateMachine (DataStreamTestUtils.java:link(157)) - link SingleDataStream: writeRequest=RaftClientRequest:client-349F60F21BB2->s1@group-4D961C7EB769, cid=381, seq=0, DataStream, Message:<EMPTY>, logEntry=null
2022-10-20 09:07:39,365 [s0-server-thread2] INFO  statemachine.StateMachine (DataStreamTestUtils.java:link(157)) - link SingleDataStream: writeRequest=RaftClientRequest:client-95B2CAC5D2FA->s1@group-4D961C7EB769, cid=376, seq=0, DataStream, Message:<EMPTY>, logEntry=null
2022-10-20 09:07:39,365 [s2-server-thread3] INFO  statemachine.StateMachine (DataStreamTestUtils.java:link(157)) - link SingleDataStream: writeRequest=RaftClientRequest:client-95B2CAC5D2FA->s1@group-4D961C7EB769, cid=376, seq=0, DataStream, Message:<EMPTY>, logEntry=null
2022-10-20 09:07:39,370 [s1-client-thread2] INFO  statemachine.StateMachine (DataStreamTestUtils.java:link(157)) - link SingleDataStream: writeRequest=RaftClientRequest:client-349F60F21BB2->s1@group-4D961C7EB769, cid=377, seq=0, DataStream, Message:<EMPTY>, logEntry=null
2022-10-20 09:07:39,370 [s0-server-thread2] INFO  statemachine.StateMachine (DataStreamTestUtils.java:link(157)) - link SingleDataStream: writeRequest=RaftClientRequest:client-349F60F21BB2->s1@group-4D961C7EB769, cid=381, seq=0, DataStream, Message:<EMPTY>, logEntry=null
2022-10-20 09:07:39,371 [s2-server-thread3] INFO  statemachine.StateMachine (DataStreamTestUtils.java:link(157)) - link SingleDataStream: writeRequest=RaftClientRequest:client-349F60F21BB2->s1@group-4D961C7EB769, cid=381, seq=0, DataStream, Message:<EMPTY>, logEntry=null
2022-10-20 09:07:39,372 [pool-9-thread-11] INFO  datastream.DataStreamTestUtils (DataStreamTestUtils.java:writeAndCloseAndAssertReplies(311)) - start Stream383
2022-10-20 09:07:39,560 [s1-client-thread2] INFO  statemachine.StateMachine (DataStreamTestUtils.java:link(157)) - link SingleDataStream: writeRequest=RaftClientRequest:client-349F60F21BB2->s1@group-4D961C7EB769, cid=378, seq=0, DataStream, Message:<EMPTY>, logEntry=null
2022-10-20 09:07:39,561 [s0-server-thread2] INFO  statemachine.StateMachine (DataStreamTestUtils.java:link(157)) - link SingleDataStream: writeRequest=RaftClientRequest:client-349F60F21BB2->s1@group-4D961C7EB769, cid=377, seq=0, DataStream, Message:<EMPTY>, logEntry=null
2022-10-20 09:07:39,563 [s2-server-thread3] INFO  statemachine.StateMachine (DataStreamTestUtils.java:link(157)) - link SingleDataStream: writeRequest=RaftClientRequest:client-349F60F21BB2->s1@group-4D961C7EB769, cid=377, seq=0, DataStream, Message:<EMPTY>, logEntry=null
2022-10-20 09:07:39,571 [JvmPauseMonitor5] WARN  util.JvmPauseMonitor (JvmPauseMonitor.java:detectPause(126)) - JvmPauseMonitor-s1: Detected pause in JVM or host machine (eg GC): pause of approximately 111313607ns.
GC pool 'G1 Young Generation' had collection(s): count=1 time=177ms
2022-10-20 09:07:41,307 [s2@group-4D961C7EB769-FollowerState] WARN  impl.FollowerState (FollowerState.java:run(130)) - Unexpected long sleep: sleep 267ms but took extra 1669959901ns (> threshold = 300ms)
2022-10-20 09:07:41,299 [s1@group-4D961C7EB769-LeaderStateImpl] WARN  server.RaftServer$Division (LeaderStateImpl.java:checkLeadership(1063)) - s1@group-4D961C7EB769-LeaderStateImpl: Lost leadership on term: 1. Election timeout: 300ms. In charge for: 3102ms. Conf: 0: peers:[s0|rpc:localhost:34285|admin:localhost:46479|client:localhost:45349|dataStream:localhost:34817|priority:0|startupRole:FOLLOWER, s1|rpc:localhost:36349|admin:localhost:44151|client:localhost:32813|dataStream:localhost:35611|priority:0|startupRole:FOLLOWER, s2|rpc:localhost:42199|admin:localhost:38403|client:localhost:35043|dataStream:localhost:38209|priority:0|startupRole:FOLLOWER]|listeners:[], old=null
2022-10-20 09:07:41,299 [s0@group-4D961C7EB769-FollowerState] WARN  impl.FollowerState (FollowerState.java:run(130)) - Unexpected long sleep: sleep 247ms but took extra 1499113688ns (> threshold = 300ms)
2022-10-20 09:07:41,299 [JvmPauseMonitor6] WARN  util.JvmPauseMonitor (JvmPauseMonitor.java:detectPause(126)) - JvmPauseMonitor-s2: Detected pause in JVM or host machine (eg GC): pause of approximately 1239622326ns.
GC pool 'G1 Young Generation' had collection(s): count=1 time=33ms
GC pool 'G1 Old Generation' had collection(s): count=1 time=1666ms
2022-10-20 09:07:41,313 [s1@group-4D961C7EB769-LeaderStateImpl] WARN  server.RaftServer$Division (LeaderStateImpl.java:lambda$checkLeadership$17(1067)) - Follower s1@group-4D961C7EB769->s0(c0,m2,n8, attendVote=true, lastRpcSendTime=7, lastRpcResponseTime=1755)
2022-10-20 09:07:41,314 [s1@group-4D961C7EB769-LeaderStateImpl] WARN  server.RaftServer$Division (LeaderStateImpl.java:lambda$checkLeadership$17(1067)) - Follower s1@group-4D961C7EB769->s2(c0,m3,n8, attendVote=true, lastRpcSendTime=7, lastRpcResponseTime=1744)
2022-10-20 09:07:41,314 [s1@group-4D961C7EB769-LeaderStateImpl] INFO  server.RaftServer$Division (RaftServerImpl.java:setRole(325)) - s1@group-4D961C7EB769: changes role from    LEADER to FOLLOWER at term 1 for StepDownReason:LOST_MAJORITY_HEARTBEATS
2022-10-20 09:07:41,314 [s1@group-4D961C7EB769-LeaderStateImpl] INFO  impl.RoleInfo (RoleInfo.java:shutdownLeaderState(93)) - s1: shutdown s1@group-4D961C7EB769-LeaderStateImpl
2022-10-20 09:07:41,314 [s1@group-4D961C7EB769-LeaderStateImpl] INFO  impl.PendingRequests (PendingRequests.java:sendNotLeaderResponses(282)) - s1@group-4D961C7EB769-PendingRequests: sendNotLeaderResponses
2022-10-20 09:07:39,574 [s2-server-thread2] INFO  statemachine.StateMachine (DataStreamTestUtils.java:link(157)) - link SingleDataStream: writeRequest=RaftClientRequest:client-349F60F21BB2->s1@group-4D961C7EB769, cid=378, seq=0, DataStream, Message:<EMPTY>, logEntry=null
2022-10-20 09:07:39,573 [s0-server-thread1] INFO  statemachine.StateMachine (DataStreamTestUtils.java:link(157)) - link SingleDataStream: writeRequest=RaftClientRequest:client-349F60F21BB2->s1@group-4D961C7EB769, cid=378, seq=0, DataStream, Message:<EMPTY>, logEntry=null
2022-10-20 09:07:39,571 [JvmPauseMonitor4] WARN  util.JvmPauseMonitor (JvmPauseMonitor.java:detectPause(126)) - JvmPauseMonitor-s0: Detected pause in JVM or host machine (eg GC): pause of approximately 153514908ns.
GC pool 'G1 Young Generation' had collection(s): count=1 time=177ms
2022-10-20 09:07:41,315 [s1@group-4D961C7EB769->s2-GrpcLogAppender-LogAppenderDaemon] WARN  server.GrpcLogAppender (GrpcLogAppender.java:mayWait(199)) - s1@group-4D961C7EB769->s2-GrpcLogAppender: Wait interrupted by java.lang.InterruptedException
2022-10-20 09:07:41,322 [s1@group-4D961C7EB769->s0-GrpcLogAppender-LogAppenderDaemon] WARN  server.GrpcLogAppender (GrpcLogAppender.java:mayWait(199)) - s1@group-4D961C7EB769->s0-GrpcLogAppender: Wait interrupted by java.lang.InterruptedException
2022-10-20 09:07:41,322 [grpc-default-executor-2] INFO  server.GrpcServerProtocolService (GrpcServerProtocolService.java:onCompleted(143)) - s2: Completed APPEND_ENTRIES, lastRequest: s1->s2#21-t1,previous=(t:1, i:4),leaderCommit=3,initializing? true,entries: size=3, first=(t:1, i:5), METADATAENTRY(c:2)
2022-10-20 09:07:41,328 [grpc-default-executor-1] INFO  server.GrpcServerProtocolService (GrpcServerProtocolService.java:onCompleted(143)) - s2: Completed APPEND_ENTRIES, lastRequest: null
2022-10-20 09:07:41,330 [pool-9-thread-11] INFO  datastream.DataStreamTestUtils (DataStreamTestUtils.java:writeAndCloseAndAssertReplies(320)) - Stream383: bytesWritten=791832
2022-10-20 09:07:41,331 [grpc-default-executor-1] INFO  server.GrpcServerProtocolService (GrpcServerProtocolService.java:onCompleted(143)) - s0: Completed APPEND_ENTRIES, lastRequest: s1->s0#22-t1,previous=(t:1, i:4),leaderCommit=3,initializing? true,entries: size=3, first=(t:1, i:5), METADATAENTRY(c:2)
2022-10-20 09:07:41,338 [grpc-default-executor-4] INFO  server.GrpcServerProtocolService (GrpcServerProtocolService.java:onCompleted(143)) - s0: Completed APPEND_ENTRIES, lastRequest: null
2022-10-20 09:07:41,354 [s1@group-4D961C7EB769-LeaderStateImpl] INFO  impl.RoleInfo (RoleInfo.java:updateAndGet(139)) - s1: start s1@group-4D961C7EB769-FollowerState
2022-10-20 09:07:41,354 [grpc-default-executor-5] INFO  server.GrpcLogAppender (GrpcLogAppender.java:onCompleted(413)) - s1@group-4D961C7EB769->s2-AppendLogResponseHandler: follower responses appendEntries COMPLETED
2022-10-20 09:07:41,355 [grpc-default-executor-5] INFO  leader.FollowerInfo (FollowerInfoImpl.java:lambda$new$0(48)) - s1@group-4D961C7EB769->s2: nextIndex: updateUnconditionally 8 -> 7
2022-10-20 09:07:41,360 [grpc-default-executor-1] INFO  server.GrpcLogAppender (GrpcLogAppender.java:onCompleted(413)) - s1@group-4D961C7EB769->s0-AppendLogResponseHandler: follower responses appendEntries COMPLETED
2022-10-20 09:07:41,360 [grpc-default-executor-1] INFO  leader.FollowerInfo (FollowerInfoImpl.java:lambda$new$0(48)) - s1@group-4D961C7EB769->s0: nextIndex: updateUnconditionally 8 -> 7
2022-10-20 09:07:41,366 [grpc-default-executor-6] INFO  server.GrpcLogAppender (GrpcLogAppender.java:onCompleted(413)) - s1@group-4D961C7EB769->s2-AppendLogResponseHandler: follower responses appendEntries COMPLETED
2022-10-20 09:07:41,367 [grpc-default-executor-6] INFO  leader.FollowerInfo (FollowerInfoImpl.java:lambda$new$0(48)) - s1@group-4D961C7EB769->s2: nextIndex: updateUnconditionally 7 -> 6
2022-10-20 09:07:41,368 [grpc-default-executor-7] INFO  server.GrpcLogAppender (GrpcLogAppender.java:onCompleted(413)) - s1@group-4D961C7EB769->s0-AppendLogResponseHandler: follower responses appendEntries COMPLETED
2022-10-20 09:07:41,368 [grpc-default-executor-7] INFO  leader.FollowerInfo (FollowerInfoImpl.java:lambda$new$0(48)) - s1@group-4D961C7EB769->s0: nextIndex: updateUnconditionally 7 -> 6
2022-10-20 09:07:41,602 [s1@group-4D961C7EB769-FollowerState] INFO  impl.FollowerState (FollowerState.java:lostMajorityHeartbeatsRecently(108)) - s1@group-4D961C7EB769-FollowerState: Skipping leader election since it stepped down recently (elapsed = 248ms < waitTime = 10s)
2022-10-20 09:07:41,819 [s0@group-4D961C7EB769-FollowerState] INFO  impl.FollowerState (FollowerState.java:run(143)) - s0@group-4D961C7EB769-FollowerState: change to CANDIDATE, lastRpcElapsedTime:480835367ns, electionTimeout:277ms
2022-10-20 09:07:41,819 [s0@group-4D961C7EB769-FollowerState] INFO  impl.RoleInfo (RoleInfo.java:shutdownFollowerState(110)) - s0: shutdown s0@group-4D961C7EB769-FollowerState
2022-10-20 09:07:41,819 [s0@group-4D961C7EB769-FollowerState] INFO  server.RaftServer$Division (RaftServerImpl.java:setRole(325)) - s0@group-4D961C7EB769: changes role from  FOLLOWER to CANDIDATE at term 1 for changeToCandidate
2022-10-20 09:07:41,819 [s0@group-4D961C7EB769-FollowerState] INFO  server.RaftServerConfigKeys (ConfUtils.java:logGet(46)) - raft.server.leaderelection.pre-vote = true (default)
2022-10-20 09:07:41,819 [s0@group-4D961C7EB769-FollowerState] INFO  impl.RoleInfo (RoleInfo.java:updateAndGet(139)) - s0: start s0@group-4D961C7EB769-LeaderElection5
2022-10-20 09:07:41,820 [s0@group-4D961C7EB769-LeaderElection5] INFO  server.RaftServer$Division (ServerState.java:setLeader(259)) - s0@group-4D961C7EB769: change Leader from s1 to null at term 1 for PRE_VOTE
2022-10-20 09:07:41,820 [s0@group-4D961C7EB769-LeaderElection5] INFO  impl.LeaderElection (LeaderElection.java:askForVotes(309)) - s0@group-4D961C7EB769-LeaderElection5 PRE_VOTE round 0: submit vote requests at term 1 for 0: peers:[s0|rpc:localhost:34285|admin:localhost:46479|client:localhost:45349|dataStream:localhost:34817|priority:0|startupRole:FOLLOWER, s1|rpc:localhost:36349|admin:localhost:44151|client:localhost:32813|dataStream:localhost:35611|priority:0|startupRole:FOLLOWER, s2|rpc:localhost:42199|admin:localhost:38403|client:localhost:35043|dataStream:localhost:38209|priority:0|startupRole:FOLLOWER]|listeners:[], old=null
2022-10-20 09:07:41,832 [grpc-default-executor-0] INFO  server.RaftServer$Division (RaftServerImpl.java:requestVote(1291)) - s1@group-4D961C7EB769: receive requestVote(PRE_VOTE, s0, group-4D961C7EB769, 1, (t:1, i:7))
2022-10-20 09:07:41,832 [grpc-default-executor-0] INFO  impl.VoteContext (VoteContext.java:log(49)) - s1@group-4D961C7EB769-FOLLOWER: accept PRE_VOTE from s0: our priority 0 <= candidate's priority 0
2022-10-20 09:07:41,832 [grpc-default-executor-0] INFO  server.RaftServer$Division (RaftServerImpl.java:requestVote(1324)) - s1@group-4D961C7EB769 replies to PRE_VOTE vote request: s0<-s1#0:OK-t1. Peer's state: s1@group-4D961C7EB769:t1, leader=s1, voted=s1, raftlog=Memoized:s1@group-4D961C7EB769-SegmentedRaftLog:OPENED:c3, conf=0: peers:[s0|rpc:localhost:34285|admin:localhost:46479|client:localhost:45349|dataStream:localhost:34817|priority:0|startupRole:FOLLOWER, s1|rpc:localhost:36349|admin:localhost:44151|client:localhost:32813|dataStream:localhost:35611|priority:0|startupRole:FOLLOWER, s2|rpc:localhost:42199|admin:localhost:38403|client:localhost:35043|dataStream:localhost:38209|priority:0|startupRole:FOLLOWER]|listeners:[], old=null
2022-10-20 09:07:41,834 [s0@group-4D961C7EB769-LeaderElection5] INFO  impl.LeaderElection (LeaderElection.java:logAndReturn(89)) - s0@group-4D961C7EB769-LeaderElection5: PRE_VOTE PASSED received 1 response(s) and 0 exception(s):
2022-10-20 09:07:41,835 [s0@group-4D961C7EB769-LeaderElection5] INFO  impl.LeaderElection (LeaderElection.java:logAndReturn(93)) -   Response 0: s0<-s1#0:OK-t1
2022-10-20 09:07:41,835 [s0@group-4D961C7EB769-LeaderElection5] INFO  impl.LeaderElection (LeaderElection.java:askForVotes(311)) - s0@group-4D961C7EB769-LeaderElection5 PRE_VOTE round 0: result PASSED
2022-10-20 09:07:41,839 [s0@group-4D961C7EB769-LeaderElection5] INFO  impl.LeaderElection (LeaderElection.java:askForVotes(309)) - s0@group-4D961C7EB769-LeaderElection5 ELECTION round 0: submit vote requests at term 2 for 0: peers:[s0|rpc:localhost:34285|admin:localhost:46479|client:localhost:45349|dataStream:localhost:34817|priority:0|startupRole:FOLLOWER, s1|rpc:localhost:36349|admin:localhost:44151|client:localhost:32813|dataStream:localhost:35611|priority:0|startupRole:FOLLOWER, s2|rpc:localhost:42199|admin:localhost:38403|client:localhost:35043|dataStream:localhost:38209|priority:0|startupRole:FOLLOWER]|listeners:[], old=null
2022-10-20 09:07:41,856 [grpc-default-executor-6] INFO  server.RaftServer$Division (RaftServerImpl.java:requestVote(1291)) - s2@group-4D961C7EB769: receive requestVote(PRE_VOTE, s0, group-4D961C7EB769, 1, (t:1, i:7))
2022-10-20 09:07:41,856 [grpc-default-executor-6] INFO  impl.VoteContext (VoteContext.java:log(49)) - s2@group-4D961C7EB769-FOLLOWER: accept PRE_VOTE from s0: our priority 0 <= candidate's priority 0
2022-10-20 09:07:41,856 [grpc-default-executor-6] INFO  server.RaftServer$Division (RaftServerImpl.java:requestVote(1324)) - s2@group-4D961C7EB769 replies to PRE_VOTE vote request: s0<-s2#0:OK-t1. Peer's state: s2@group-4D961C7EB769:t1, leader=s1, voted=s1, raftlog=Memoized:s2@group-4D961C7EB769-SegmentedRaftLog:OPENED:c3, conf=0: peers:[s0|rpc:localhost:34285|admin:localhost:46479|client:localhost:45349|dataStream:localhost:34817|priority:0|startupRole:FOLLOWER, s1|rpc:localhost:36349|admin:localhost:44151|client:localhost:32813|dataStream:localhost:35611|priority:0|startupRole:FOLLOWER, s2|rpc:localhost:42199|admin:localhost:38403|client:localhost:35043|dataStream:localhost:38209|priority:0|startupRole:FOLLOWER]|listeners:[], old=null
2022-10-20 09:07:41,857 [grpc-default-executor-0] INFO  server.RaftServer$Division (RaftServerImpl.java:requestVote(1291)) - s1@group-4D961C7EB769: receive requestVote(ELECTION, s0, group-4D961C7EB769, 2, (t:1, i:7))
2022-10-20 09:07:41,857 [grpc-default-executor-0] INFO  impl.VoteContext (VoteContext.java:log(49)) - s1@group-4D961C7EB769-FOLLOWER: accept ELECTION from s0: our priority 0 <= candidate's priority 0
2022-10-20 09:07:41,857 [grpc-default-executor-0] INFO  server.RaftServer$Division (ServerState.java:setLeader(259)) - s1@group-4D961C7EB769: change Leader from s1 to null at term 2 for updateCurrentTerm
2022-10-20 09:07:41,857 [grpc-default-executor-0] INFO  server.RaftServer$Division (RaftServerImpl.java:setRole(325)) - s1@group-4D961C7EB769: changes role from  FOLLOWER to FOLLOWER at term 2 for candidate:s0
2022-10-20 09:07:41,857 [grpc-default-executor-0] INFO  impl.RoleInfo (RoleInfo.java:shutdownFollowerState(110)) - s1: shutdown s1@group-4D961C7EB769-FollowerState
2022-10-20 09:07:41,857 [grpc-default-executor-0] INFO  impl.RoleInfo (RoleInfo.java:updateAndGet(139)) - s1: start s1@group-4D961C7EB769-FollowerState
2022-10-20 09:07:41,858 [s1@group-4D961C7EB769-FollowerState] INFO  impl.FollowerState (FollowerState.java:run(152)) - s1@group-4D961C7EB769-FollowerState was interrupted
2022-10-20 09:07:41,865 [grpc-default-executor-0] INFO  server.RaftServer$Division (RaftServerImpl.java:requestVote(1324)) - s1@group-4D961C7EB769 replies to ELECTION vote request: s0<-s1#0:OK-t2. Peer's state: s1@group-4D961C7EB769:t2, leader=null, voted=s0, raftlog=Memoized:s1@group-4D961C7EB769-SegmentedRaftLog:OPENED:c3, conf=0: peers:[s0|rpc:localhost:34285|admin:localhost:46479|client:localhost:45349|dataStream:localhost:34817|priority:0|startupRole:FOLLOWER, s1|rpc:localhost:36349|admin:localhost:44151|client:localhost:32813|dataStream:localhost:35611|priority:0|startupRole:FOLLOWER, s2|rpc:localhost:42199|admin:localhost:38403|client:localhost:35043|dataStream:localhost:38209|priority:0|startupRole:FOLLOWER]|listeners:[], old=null
2022-10-20 09:07:41,865 [s0@group-4D961C7EB769-LeaderElection5] INFO  impl.LeaderElection (LeaderElection.java:logAndReturn(89)) - s0@group-4D961C7EB769-LeaderElection5: ELECTION PASSED received 1 response(s) and 0 exception(s):
2022-10-20 09:07:41,866 [s0@group-4D961C7EB769-LeaderElection5] INFO  impl.LeaderElection (LeaderElection.java:logAndReturn(93)) -   Response 0: s0<-s1#0:OK-t2
2022-10-20 09:07:41,866 [s0@group-4D961C7EB769-LeaderElection5] INFO  impl.LeaderElection (LeaderElection.java:askForVotes(311)) - s0@group-4D961C7EB769-LeaderElection5 ELECTION round 0: result PASSED
2022-10-20 09:07:41,866 [s0@group-4D961C7EB769-LeaderElection5] INFO  impl.RoleInfo (RoleInfo.java:shutdownLeaderElection(130)) - s0: shutdown s0@group-4D961C7EB769-LeaderElection5
2022-10-20 09:07:41,866 [s0@group-4D961C7EB769-LeaderElection5] INFO  server.RaftServer$Division (RaftServerImpl.java:setRole(325)) - s0@group-4D961C7EB769: changes role from CANDIDATE to LEADER at term 2 for changeToLeader
2022-10-20 09:07:41,866 [s0@group-4D961C7EB769-LeaderElection5] INFO  server.RaftServer$Division (ServerState.java:setLeader(259)) - s0@group-4D961C7EB769: change Leader from null to s0 at term 2 for becomeLeader, leader elected after 45ms
2022-10-20 09:07:41,866 [s0@group-4D961C7EB769-LeaderElection5] INFO  server.RaftServerConfigKeys (ConfUtils.java:logGet(46)) - raft.server.staging.catchup.gap = 1000 (default)
2022-10-20 09:07:41,866 [s0@group-4D961C7EB769-LeaderElection5] INFO  server.RaftServerConfigKeys (ConfUtils.java:logGet(46)) - raft.server.write.element-limit = 4096 (default)
2022-10-20 09:07:41,866 [s0@group-4D961C7EB769-LeaderElection5] INFO  server.RaftServerConfigKeys (ConfUtils.java:logGet(46)) - raft.server.write.byte-limit = 64MB (=67108864) (default)
2022-10-20 09:07:41,867 [s0@group-4D961C7EB769-LeaderElection5] INFO  server.RaftServerConfigKeys (ConfUtils.java:logGet(46)) - raft.server.watch.timeout = 10s (default)
2022-10-20 09:07:41,868 [s0@group-4D961C7EB769-LeaderElection5] INFO  server.RaftServerConfigKeys (ConfUtils.java:logGet(46)) - raft.server.watch.timeout.denomination = 1s (default)
2022-10-20 09:07:41,868 [s0@group-4D961C7EB769-LeaderElection5] INFO  server.RaftServerConfigKeys (ConfUtils.java:logGet(46)) - raft.server.watch.element-limit = 65536 (default)
2022-10-20 09:07:41,868 [s0@group-4D961C7EB769-LeaderElection5] INFO  server.RaftServerConfigKeys (ConfUtils.java:logGet(46)) - raft.server.write.element-limit = 4096 (default)
2022-10-20 09:07:41,868 [s0@group-4D961C7EB769-LeaderElection5] INFO  server.RaftServerConfigKeys (ConfUtils.java:logGet(46)) - raft.server.write.follower.gap.ratio.max = -1.0 (default)
2022-10-20 09:07:41,868 [s0@group-4D961C7EB769-LeaderElection5] INFO  server.RaftServerConfigKeys (ConfUtils.java:logGet(46)) - raft.server.log.appender.snapshot.chunk.size.max = 16MB (=16777216) (default)
2022-10-20 09:07:41,868 [s0@group-4D961C7EB769-LeaderElection5] INFO  server.RaftServerConfigKeys (ConfUtils.java:logGet(46)) - raft.server.log.appender.buffer.byte-limit = 4MB (=4194304) (default)
2022-10-20 09:07:41,868 [s0@group-4D961C7EB769-LeaderElection5] INFO  server.RaftServerConfigKeys (ConfUtils.java:logGet(46)) - raft.server.log.appender.buffer.element-limit = 0 (default)
2022-10-20 09:07:41,868 [grpc-default-executor-6] INFO  server.RaftServer$Division (RaftServerImpl.java:requestVote(1291)) - s2@group-4D961C7EB769: receive requestVote(ELECTION, s0, group-4D961C7EB769, 2, (t:1, i:7))
2022-10-20 09:07:41,869 [grpc-default-executor-6] INFO  impl.VoteContext (VoteContext.java:log(49)) - s2@group-4D961C7EB769-FOLLOWER: accept ELECTION from s0: our priority 0 <= candidate's priority 0
2022-10-20 09:07:41,869 [grpc-default-executor-6] INFO  server.RaftServer$Division (ServerState.java:setLeader(259)) - s2@group-4D961C7EB769: change Leader from s1 to null at term 2 for updateCurrentTerm
2022-10-20 09:07:41,869 [s0@group-4D961C7EB769-LeaderElection5] INFO  grpc.GrpcConfigKeys (ConfUtils.java:logGet(46)) - raft.grpc.server.leader.outstanding.appends.max = 128 (default)
2022-10-20 09:07:41,869 [s0@group-4D961C7EB769-LeaderElection5] INFO  server.RaftServerConfigKeys (ConfUtils.java:logGet(46)) - raft.server.rpc.request.timeout = 3000ms (default)
2022-10-20 09:07:41,869 [grpc-default-executor-6] INFO  server.RaftServer$Division (RaftServerImpl.java:setRole(325)) - s2@group-4D961C7EB769: changes role from  FOLLOWER to FOLLOWER at term 2 for candidate:s0
2022-10-20 09:07:41,869 [grpc-default-executor-6] INFO  impl.RoleInfo (RoleInfo.java:shutdownFollowerState(110)) - s2: shutdown s2@group-4D961C7EB769-FollowerState
2022-10-20 09:07:41,869 [s0@group-4D961C7EB769-LeaderElection5] INFO  server.RaftServerConfigKeys (ConfUtils.java:logGet(46)) - raft.server.log.appender.install.snapshot.enabled = true (default)
2022-10-20 09:07:41,869 [s2@group-4D961C7EB769-FollowerState] INFO  impl.FollowerState (FollowerState.java:run(152)) - s2@group-4D961C7EB769-FollowerState was interrupted
2022-10-20 09:07:41,869 [grpc-default-executor-6] INFO  impl.RoleInfo (RoleInfo.java:updateAndGet(139)) - s2: start s2@group-4D961C7EB769-FollowerState
2022-10-20 09:07:41,869 [s0@group-4D961C7EB769-LeaderElection5] INFO  grpc.GrpcConfigKeys (ConfUtils.java:logGet(46)) - raft.grpc.server.heartbeat.channel = true (default)
2022-10-20 09:07:41,879 [s0@group-4D961C7EB769-LeaderElection5] INFO  server.RaftServerConfigKeys (ConfUtils.java:logGet(46)) - raft.server.log.appender.wait-time.min = 10ms (default)
2022-10-20 09:07:41,880 [s0@group-4D961C7EB769-LeaderElection5] INFO  server.RaftServerConfigKeys (ConfUtils.java:logGet(46)) - raft.server.log.appender.snapshot.chunk.size.max = 16MB (=16777216) (default)
2022-10-20 09:07:41,881 [s0@group-4D961C7EB769-LeaderElection5] INFO  server.RaftServerConfigKeys (ConfUtils.java:logGet(46)) - raft.server.log.appender.buffer.byte-limit = 4MB (=4194304) (default)
2022-10-20 09:07:41,881 [s0@group-4D961C7EB769-LeaderElection5] INFO  server.RaftServerConfigKeys (ConfUtils.java:logGet(46)) - raft.server.log.appender.buffer.element-limit = 0 (default)
2022-10-20 09:07:41,881 [s0@group-4D961C7EB769-LeaderElection5] INFO  grpc.GrpcConfigKeys (ConfUtils.java:logGet(46)) - raft.grpc.server.leader.outstanding.appends.max = 128 (default)
2022-10-20 09:07:41,881 [s0@group-4D961C7EB769-LeaderElection5] INFO  server.RaftServerConfigKeys (ConfUtils.java:logGet(46)) - raft.server.rpc.request.timeout = 3000ms (default)
2022-10-20 09:07:41,881 [s0@group-4D961C7EB769-LeaderElection5] INFO  server.RaftServerConfigKeys (ConfUtils.java:logGet(46)) - raft.server.log.appender.install.snapshot.enabled = true (default)
2022-10-20 09:07:41,881 [s0@group-4D961C7EB769-LeaderElection5] INFO  grpc.GrpcConfigKeys (ConfUtils.java:logGet(46)) - raft.grpc.server.heartbeat.channel = true (default)
2022-10-20 09:07:41,881 [s0@group-4D961C7EB769-LeaderElection5] INFO  server.RaftServerConfigKeys (ConfUtils.java:logGet(46)) - raft.server.log.appender.wait-time.min = 10ms (default)
2022-10-20 09:07:41,881 [s0@group-4D961C7EB769-LeaderElection5] INFO  impl.RoleInfo (RoleInfo.java:updateAndGet(139)) - s0: start s0@group-4D961C7EB769-LeaderStateImpl
2022-10-20 09:07:41,882 [s0@group-4D961C7EB769-LeaderElection5] INFO  segmented.SegmentedRaftLogWorker (SegmentedRaftLogWorker.java:rollLogSegment(436)) - s0@group-4D961C7EB769-SegmentedRaftLogWorker: Rolling segment log-0_7 to index:7
2022-10-20 09:07:41,885 [s0@group-4D961C7EB769-SegmentedRaftLogWorker] TRACE util.FileUtils (LogUtils.java:runAndLog(49)) - Successfully ran Atomic Files.move /home/runner/work/ratis/ratis/ratis-test/target/test/data/f8e7fc7e/MiniRaftClusterWithRpcTypeGrpcAndDataStreamTypeNetty40992780/s0/99817b12-395f-46b3-bada-4d961c7eb769/current/log_inprogress_0 to /home/runner/work/ratis/ratis/ratis-test/target/test/data/f8e7fc7e/MiniRaftClusterWithRpcTypeGrpcAndDataStreamTypeNetty40992780/s0/99817b12-395f-46b3-bada-4d961c7eb769/current/log_0-7
2022-10-20 09:07:41,885 [s0@group-4D961C7EB769-SegmentedRaftLogWorker] INFO  segmented.SegmentedRaftLogWorker (SegmentedRaftLogWorker.java:execute(592)) - s0@group-4D961C7EB769-SegmentedRaftLogWorker: Rolled log segment from /home/runner/work/ratis/ratis/ratis-test/target/test/data/f8e7fc7e/MiniRaftClusterWithRpcTypeGrpcAndDataStreamTypeNetty40992780/s0/99817b12-395f-46b3-bada-4d961c7eb769/current/log_inprogress_0 to /home/runner/work/ratis/ratis/ratis-test/target/test/data/f8e7fc7e/MiniRaftClusterWithRpcTypeGrpcAndDataStreamTypeNetty40992780/s0/99817b12-395f-46b3-bada-4d961c7eb769/current/log_0-7
2022-10-20 09:07:41,888 [grpc-default-executor-6] INFO  server.RaftServer$Division (RaftServerImpl.java:requestVote(1324)) - s2@group-4D961C7EB769 replies to ELECTION vote request: s0<-s2#0:OK-t2. Peer's state: s2@group-4D961C7EB769:t2, leader=null, voted=s0, raftlog=Memoized:s2@group-4D961C7EB769-SegmentedRaftLog:OPENED:c3, conf=0: peers:[s0|rpc:localhost:34285|admin:localhost:46479|client:localhost:45349|dataStream:localhost:34817|priority:0|startupRole:FOLLOWER, s1|rpc:localhost:36349|admin:localhost:44151|client:localhost:32813|dataStream:localhost:35611|priority:0|startupRole:FOLLOWER, s2|rpc:localhost:42199|admin:localhost:38403|client:localhost:35043|dataStream:localhost:38209|priority:0|startupRole:FOLLOWER]|listeners:[], old=null
2022-10-20 09:07:41,895 [s0@group-4D961C7EB769-LeaderElection5] INFO  server.RaftServer$Division (ServerState.java:setRaftConf(376)) - s0@group-4D961C7EB769: set configuration 8: peers:[s0|rpc:localhost:34285|admin:localhost:46479|client:localhost:45349|dataStream:localhost:34817|priority:0|startupRole:FOLLOWER, s1|rpc:localhost:36349|admin:localhost:44151|client:localhost:32813|dataStream:localhost:35611|priority:0|startupRole:FOLLOWER, s2|rpc:localhost:42199|admin:localhost:38403|client:localhost:35043|dataStream:localhost:38209|priority:0|startupRole:FOLLOWER]|listeners:[], old=null
2022-10-20 09:07:41,910 [s0@group-4D961C7EB769-SegmentedRaftLogWorker] INFO  segmented.SegmentedRaftLogWorker (SegmentedRaftLogWorker.java:execute(635)) - s0@group-4D961C7EB769-SegmentedRaftLogWorker: created new log segment /home/runner/work/ratis/ratis/ratis-test/target/test/data/f8e7fc7e/MiniRaftClusterWithRpcTypeGrpcAndDataStreamTypeNetty40992780/s0/99817b12-395f-46b3-bada-4d961c7eb769/current/log_inprogress_8
2022-10-20 09:07:41,913 [s2-server-thread3] INFO  server.RaftServer$Division (ServerState.java:setLeader(259)) - s2@group-4D961C7EB769: change Leader from null to s0 at term 2 for appendEntries, leader elected after 44ms
2022-10-20 09:07:41,918 [s1-server-thread1] INFO  server.RaftServer$Division (ServerState.java:setLeader(259)) - s1@group-4D961C7EB769: change Leader from null to s0 at term 2 for appendEntries, leader elected after 60ms
2022-10-20 09:07:41,920 [s2-server-thread1] INFO  server.RaftServer$Division (ServerState.java:setRaftConf(376)) - s2@group-4D961C7EB769: set configuration 8: peers:[s0|rpc:localhost:34285|admin:localhost:46479|client:localhost:45349|dataStream:localhost:34817|priority:0|startupRole:FOLLOWER, s1|rpc:localhost:36349|admin:localhost:44151|client:localhost:32813|dataStream:localhost:35611|priority:0|startupRole:FOLLOWER, s2|rpc:localhost:42199|admin:localhost:38403|client:localhost:35043|dataStream:localhost:38209|priority:0|startupRole:FOLLOWER]|listeners:[], old=null
2022-10-20 09:07:41,920 [s2-server-thread1] INFO  segmented.SegmentedRaftLogWorker (SegmentedRaftLogWorker.java:rollLogSegment(436)) - s2@group-4D961C7EB769-SegmentedRaftLogWorker: Rolling segment log-0_7 to index:7
2022-10-20 09:07:41,921 [s2@group-4D961C7EB769-SegmentedRaftLogWorker] TRACE util.FileUtils (LogUtils.java:runAndLog(49)) - Successfully ran Atomic Files.move /home/runner/work/ratis/ratis/ratis-test/target/test/data/f8e7fc7e/MiniRaftClusterWithRpcTypeGrpcAndDataStreamTypeNetty40992780/s2/99817b12-395f-46b3-bada-4d961c7eb769/current/log_inprogress_0 to /home/runner/work/ratis/ratis/ratis-test/target/test/data/f8e7fc7e/MiniRaftClusterWithRpcTypeGrpcAndDataStreamTypeNetty40992780/s2/99817b12-395f-46b3-bada-4d961c7eb769/current/log_0-7
2022-10-20 09:07:41,921 [s2@group-4D961C7EB769-SegmentedRaftLogWorker] INFO  segmented.SegmentedRaftLogWorker (SegmentedRaftLogWorker.java:execute(592)) - s2@group-4D961C7EB769-SegmentedRaftLogWorker: Rolled log segment from /home/runner/work/ratis/ratis/ratis-test/target/test/data/f8e7fc7e/MiniRaftClusterWithRpcTypeGrpcAndDataStreamTypeNetty40992780/s2/99817b12-395f-46b3-bada-4d961c7eb769/current/log_inprogress_0 to /home/runner/work/ratis/ratis/ratis-test/target/test/data/f8e7fc7e/MiniRaftClusterWithRpcTypeGrpcAndDataStreamTypeNetty40992780/s2/99817b12-395f-46b3-bada-4d961c7eb769/current/log_0-7
2022-10-20 09:07:41,936 [s2@group-4D961C7EB769-SegmentedRaftLogWorker] INFO  segmented.SegmentedRaftLogWorker (SegmentedRaftLogWorker.java:execute(635)) - s2@group-4D961C7EB769-SegmentedRaftLogWorker: created new log segment /home/runner/work/ratis/ratis/ratis-test/target/test/data/f8e7fc7e/MiniRaftClusterWithRpcTypeGrpcAndDataStreamTypeNetty40992780/s2/99817b12-395f-46b3-bada-4d961c7eb769/current/log_inprogress_8
2022-10-20 09:07:41,946 [s1-server-thread3] INFO  server.RaftServer$Division (ServerState.java:setRaftConf(376)) - s1@group-4D961C7EB769: set configuration 8: peers:[s0|rpc:localhost:34285|admin:localhost:46479|client:localhost:45349|dataStream:localhost:34817|priority:0|startupRole:FOLLOWER, s1|rpc:localhost:36349|admin:localhost:44151|client:localhost:32813|dataStream:localhost:35611|priority:0|startupRole:FOLLOWER, s2|rpc:localhost:42199|admin:localhost:38403|client:localhost:35043|dataStream:localhost:38209|priority:0|startupRole:FOLLOWER]|listeners:[], old=null
2022-10-20 09:07:41,946 [s1-server-thread3] INFO  segmented.SegmentedRaftLogWorker (SegmentedRaftLogWorker.java:rollLogSegment(436)) - s1@group-4D961C7EB769-SegmentedRaftLogWorker: Rolling segment log-0_7 to index:7
2022-10-20 09:07:41,948 [s1@group-4D961C7EB769-SegmentedRaftLogWorker] TRACE util.FileUtils (LogUtils.java:runAndLog(49)) - Successfully ran Atomic Files.move /home/runner/work/ratis/ratis/ratis-test/target/test/data/f8e7fc7e/MiniRaftClusterWithRpcTypeGrpcAndDataStreamTypeNetty40992780/s1/99817b12-395f-46b3-bada-4d961c7eb769/current/log_inprogress_0 to /home/runner/work/ratis/ratis/ratis-test/target/test/data/f8e7fc7e/MiniRaftClusterWithRpcTypeGrpcAndDataStreamTypeNetty40992780/s1/99817b12-395f-46b3-bada-4d961c7eb769/current/log_0-7
2022-10-20 09:07:41,949 [s1@group-4D961C7EB769-SegmentedRaftLogWorker] INFO  segmented.SegmentedRaftLogWorker (SegmentedRaftLogWorker.java:execute(592)) - s1@group-4D961C7EB769-SegmentedRaftLogWorker: Rolled log segment from /home/runner/work/ratis/ratis/ratis-test/target/test/data/f8e7fc7e/MiniRaftClusterWithRpcTypeGrpcAndDataStreamTypeNetty40992780/s1/99817b12-395f-46b3-bada-4d961c7eb769/current/log_inprogress_0 to /home/runner/work/ratis/ratis/ratis-test/target/test/data/f8e7fc7e/MiniRaftClusterWithRpcTypeGrpcAndDataStreamTypeNetty40992780/s1/99817b12-395f-46b3-bada-4d961c7eb769/current/log_0-7
2022-10-20 09:07:41,963 [s1@group-4D961C7EB769-SegmentedRaftLogWorker] INFO  segmented.SegmentedRaftLogWorker (SegmentedRaftLogWorker.java:execute(635)) - s1@group-4D961C7EB769-SegmentedRaftLogWorker: created new log segment /home/runner/work/ratis/ratis/ratis-test/target/test/data/f8e7fc7e/MiniRaftClusterWithRpcTypeGrpcAndDataStreamTypeNetty40992780/s1/99817b12-395f-46b3-bada-4d961c7eb769/current/log_inprogress_8
2022-10-20 09:07:42,032 [s0-client-thread1] INFO  statemachine.StateMachine (DataStreamTestUtils.java:link(157)) - link null
2022-10-20 09:07:42,100 [s2-server-thread1] INFO  statemachine.StateMachine (DataStreamTestUtils.java:link(157)) - link null
2022-10-20 09:07:42,102 [s2-server-thread2] WARN  server.GrpcServerProtocolService (LogUtils.java:warn(124)) - s2: Failed APPEND_ENTRIES request s0->s2#13-t2,previous=(t:2, i:9),leaderCommit=9,initializing? true,entries: size=1, first=(t:2, i:10), STATEMACHINELOGENTRY, 381@client-349F60F21BB2
java.util.concurrent.CompletionException: java.io.IOException: java.lang.IllegalStateException: Null stream: entry=term: 2
index: 10
stateMachineLogEntry {
  type: DATASTREAM
  clientId: "\226$S\262\361\307C\016\217\3264\237`\362\033\262"
  callId: 381
}

	at java.base/java.util.concurrent.CompletableFuture.encodeThrowable(CompletableFuture.java:331)
	at java.base/java.util.concurrent.CompletableFuture.completeThrowable(CompletableFuture.java:346)
	at java.base/java.util.concurrent.CompletableFuture$BiRelay.tryFire(CompletableFuture.java:1423)
	at java.base/java.util.concurrent.CompletableFuture$CoCompletion.tryFire(CompletableFuture.java:1144)
	at java.base/java.util.concurrent.CompletableFuture.postComplete(CompletableFuture.java:506)
	at java.base/java.util.concurrent.CompletableFuture.completeExceptionally(CompletableFuture.java:2088)
	at org.apache.ratis.server.raftlog.segmented.SegmentedRaftLog$Task.failed(SegmentedRaftLog.java:105)
	at org.apache.ratis.server.raftlog.segmented.SegmentedRaftLogWorker$WriteLog.failed(SegmentedRaftLogWorker.java:519)
	at org.apache.ratis.server.raftlog.segmented.SegmentedRaftLogWorker.run(SegmentedRaftLogWorker.java:316)
	at java.base/java.lang.Thread.run(Thread.java:829)
Caused by: java.io.IOException: java.lang.IllegalStateException: Null stream: entry=term: 2
index: 10
stateMachineLogEntry {
  type: DATASTREAM
  clientId: "\226$S\262\361\307C\016\217\3264\237`\362\033\262"
  callId: 381
}

	at org.apache.ratis.util.IOUtils.asIOException(IOUtils.java:56)
	at org.apache.ratis.util.IOUtils.toIOException(IOUtils.java:61)
	at org.apache.ratis.util.IOUtils.getFromFuture(IOUtils.java:85)
	at org.apache.ratis.server.raftlog.segmented.SegmentedRaftLogWorker$StateMachineDataPolicy.getFromFuture(SegmentedRaftLogWorker.java:88)
	at org.apache.ratis.server.raftlog.segmented.SegmentedRaftLogWorker$WriteLog.execute(SegmentedRaftLogWorker.java:540)
	at org.apache.ratis.server.raftlog.segmented.SegmentedRaftLogWorker.run(SegmentedRaftLogWorker.java:307)
	... 1 more
Caused by: java.lang.IllegalStateException: Null stream: entry=term: 2
index: 10
stateMachineLogEntry {
  type: DATASTREAM
  clientId: "\226$S\262\361\307C\016\217\3264\237`\362\033\262"
  callId: 381
}

	at org.apache.ratis.datastream.DataStreamTestUtils$MultiDataStreamStateMachine.link(DataStreamTestUtils.java:159)
	at org.apache.ratis.server.raftlog.segmented.SegmentedRaftLogWorker$WriteLog.<init>(SegmentedRaftLogWorker.java:497)
	at org.apache.ratis.server.raftlog.segmented.SegmentedRaftLogWorker.writeLogEntry(SegmentedRaftLogWorker.java:443)
	at org.apache.ratis.server.raftlog.segmented.SegmentedRaftLog.appendEntryImpl(SegmentedRaftLog.java:409)
	at org.apache.ratis.server.raftlog.RaftLogBase.lambda$appendEntry$10(RaftLogBase.java:330)
	at org.apache.ratis.server.raftlog.RaftLogSequentialOps$Runner.runSequentially(RaftLogSequentialOps.java:78)
	at org.apache.ratis.server.raftlog.RaftLogBase.appendEntry(RaftLogBase.java:330)
	at org.apache.ratis.server.raftlog.segmented.SegmentedRaftLog.appendImpl(SegmentedRaftLog.java:456)
	at org.apache.ratis.server.raftlog.RaftLogBase.lambda$append$11(RaftLogBase.java:337)
	at org.apache.ratis.server.raftlog.RaftLogSequentialOps$Runner.runSequentially(RaftLogSequentialOps.java:69)
	at org.apache.ratis.server.raftlog.RaftLogBase.append(RaftLogBase.java:337)
	at org.apache.ratis.server.impl.RaftServerImpl.appendEntriesAsync(RaftServerImpl.java:1517)
	at org.apache.ratis.server.impl.RaftServerImpl.appendEntriesAsync(RaftServerImpl.java:1385)
	at org.apache.ratis.server.impl.RaftServerProxy.lambda$appendEntriesAsync$26(RaftServerProxy.java:634)
	at org.apache.ratis.util.JavaUtils.callAsUnchecked(JavaUtils.java:117)
	at org.apache.ratis.server.impl.RaftServerImpl.lambda$executeSubmitServerRequestAsync$11(RaftServerImpl.java:813)
	at java.base/java.util.concurrent.CompletableFuture$AsyncSupply.run(CompletableFuture.java:1700)
	at java.base/java.util.concurrent.ThreadPoolExecutor.runWorker(ThreadPoolExecutor.java:1128)
	at java.base/java.util.concurrent.ThreadPoolExecutor$Worker.run(ThreadPoolExecutor.java:628)
	... 1 more
2022-10-20 09:07:42,106 [s1-server-thread2] INFO  statemachine.StateMachine (DataStreamTestUtils.java:link(157)) - link null
2022-10-20 09:07:42,111 [s1-server-thread2] WARN  server.GrpcServerProtocolService (LogUtils.java:warn(124)) - s1: Failed APPEND_ENTRIES request s0->s1#19-t2,previous=(t:2, i:9),leaderCommit=9,initializing? true,entries: size=1, first=(t:2, i:10), STATEMACHINELOGENTRY, 381@client-349F60F21BB2
java.util.concurrent.CompletionException: java.io.IOException: java.lang.IllegalStateException: Null stream: entry=term: 2
index: 10
stateMachineLogEntry {
  type: DATASTREAM
  clientId: "\226$S\262\361\307C\016\217\3264\237`\362\033\262"
  callId: 381
}

	at java.base/java.util.concurrent.CompletableFuture.encodeThrowable(CompletableFuture.java:331)
	at java.base/java.util.concurrent.CompletableFuture.completeThrowable(CompletableFuture.java:346)
	at java.base/java.util.concurrent.CompletableFuture$BiRelay.tryFire(CompletableFuture.java:1423)
	at java.base/java.util.concurrent.CompletableFuture$CoCompletion.tryFire(CompletableFuture.java:1144)
	at java.base/java.util.concurrent.CompletableFuture.postComplete(CompletableFuture.java:506)
	at java.base/java.util.concurrent.CompletableFuture.completeExceptionally(CompletableFuture.java:2088)
	at org.apache.ratis.server.raftlog.segmented.SegmentedRaftLog$Task.failed(SegmentedRaftLog.java:105)
	at org.apache.ratis.server.raftlog.segmented.SegmentedRaftLogWorker$WriteLog.failed(SegmentedRaftLogWorker.java:519)
	at org.apache.ratis.server.raftlog.segmented.SegmentedRaftLogWorker.run(SegmentedRaftLogWorker.java:316)
	at java.base/java.lang.Thread.run(Thread.java:829)
Caused by: java.io.IOException: java.lang.IllegalStateException: Null stream: entry=term: 2
index: 10
stateMachineLogEntry {
  type: DATASTREAM
  clientId: "\226$S\262\361\307C\016\217\3264\237`\362\033\262"
  callId: 381
}

	at org.apache.ratis.util.IOUtils.asIOException(IOUtils.java:56)
	at org.apache.ratis.util.IOUtils.toIOException(IOUtils.java:61)
	at org.apache.ratis.util.IOUtils.getFromFuture(IOUtils.java:85)
	at org.apache.ratis.server.raftlog.segmented.SegmentedRaftLogWorker$StateMachineDataPolicy.getFromFuture(SegmentedRaftLogWorker.java:88)
	at org.apache.ratis.server.raftlog.segmented.SegmentedRaftLogWorker$WriteLog.execute(SegmentedRaftLogWorker.java:540)
	at org.apache.ratis.server.raftlog.segmented.SegmentedRaftLogWorker.run(SegmentedRaftLogWorker.java:307)
	... 1 more
Caused by: java.lang.IllegalStateException: Null stream: entry=term: 2
index: 10
stateMachineLogEntry {
  type: DATASTREAM
  clientId: "\226$S\262\361\307C\016\217\3264\237`\362\033\262"
  callId: 381
}

	at org.apache.ratis.datastream.DataStreamTestUtils$MultiDataStreamStateMachine.link(DataStreamTestUtils.java:159)
	at org.apache.ratis.server.raftlog.segmented.SegmentedRaftLogWorker$WriteLog.<init>(SegmentedRaftLogWorker.java:497)
	at org.apache.ratis.server.raftlog.segmented.SegmentedRaftLogWorker.writeLogEntry(SegmentedRaftLogWorker.java:443)
	at org.apache.ratis.server.raftlog.segmented.SegmentedRaftLog.appendEntryImpl(SegmentedRaftLog.java:409)
	at org.apache.ratis.server.raftlog.RaftLogBase.lambda$appendEntry$10(RaftLogBase.java:330)
	at org.apache.ratis.server.raftlog.RaftLogSequentialOps$Runner.runSequentially(RaftLogSequentialOps.java:78)
	at org.apache.ratis.server.raftlog.RaftLogBase.appendEntry(RaftLogBase.java:330)
	at org.apache.ratis.server.raftlog.segmented.SegmentedRaftLog.appendImpl(SegmentedRaftLog.java:456)
	at org.apache.ratis.server.raftlog.RaftLogBase.lambda$append$11(RaftLogBase.java:337)
	at org.apache.ratis.server.raftlog.RaftLogSequentialOps$Runner.runSequentially(RaftLogSequentialOps.java:69)
	at org.apache.ratis.server.raftlog.RaftLogBase.append(RaftLogBase.java:337)
	at org.apache.ratis.server.impl.RaftServerImpl.appendEntriesAsync(RaftServerImpl.java:1517)
	at org.apache.ratis.server.impl.RaftServerImpl.appendEntriesAsync(RaftServerImpl.java:1385)
	at org.apache.ratis.server.impl.RaftServerProxy.lambda$appendEntriesAsync$26(RaftServerProxy.java:634)
	at org.apache.ratis.util.JavaUtils.callAsUnchecked(JavaUtils.java:117)
	at org.apache.ratis.server.impl.RaftServerImpl.lambda$executeSubmitServerRequestAsync$11(RaftServerImpl.java:813)
	at java.base/java.util.concurrent.CompletableFuture$AsyncSupply.run(CompletableFuture.java:1700)
	at java.base/java.util.concurrent.ThreadPoolExecutor.runWorker(ThreadPoolExecutor.java:1128)
	at java.base/java.util.concurrent.ThreadPoolExecutor$Worker.run(ThreadPoolExecutor.java:628)
	... 1 more
2022-10-20 09:07:42,144 [grpc-default-executor-0] WARN  server.GrpcLogAppender (LogUtils.java:warn(124)) - s0@group-4D961C7EB769->s2-AppendLogResponseHandler: Failed appendEntries
java.io.IOException: java.lang.IllegalStateException: Null stream: entry=term: 2
index: 10
stateMachineLogEntry {
  type: DATASTREAM
  clientId: "\226$S\262\361\307C\016\217\3264\237`\362\033\262"
  callId: 381
}

	at org.apache.ratis.util.IOUtils.asIOException(IOUtils.java:56)
	at org.apache.ratis.util.IOUtils.toIOException(IOUtils.java:61)
	at org.apache.ratis.util.IOUtils.getFromFuture(IOUtils.java:85)
	at org.apache.ratis.server.raftlog.segmented.SegmentedRaftLogWorker$StateMachineDataPolicy.getFromFuture(SegmentedRaftLogWorker.java:88)
	at org.apache.ratis.server.raftlog.segmented.SegmentedRaftLogWorker$WriteLog.execute(SegmentedRaftLogWorker.java:540)
	at org.apache.ratis.server.raftlog.segmented.SegmentedRaftLogWorker.run(SegmentedRaftLogWorker.java:307)
	at java.base/java.lang.Thread.run(Thread.java:829)
Caused by: java.lang.IllegalStateException: Null stream: entry=term: 2
index: 10
stateMachineLogEntry {
  type: DATASTREAM
  clientId: "\226$S\262\361\307C\016\217\3264\237`\362\033\262"
  callId: 381
}

	at org.apache.ratis.datastream.DataStreamTestUtils$MultiDataStreamStateMachine.link(DataStreamTestUtils.java:159)
	at org.apache.ratis.server.raftlog.segmented.SegmentedRaftLogWorker$WriteLog.<init>(SegmentedRaftLogWorker.java:497)
	at org.apache.ratis.server.raftlog.segmented.SegmentedRaftLogWorker.writeLogEntry(SegmentedRaftLogWorker.java:443)
	at org.apache.ratis.server.raftlog.segmented.SegmentedRaftLog.appendEntryImpl(SegmentedRaftLog.java:409)
	at org.apache.ratis.server.raftlog.RaftLogBase.lambda$appendEntry$10(RaftLogBase.java:330)
	at org.apache.ratis.server.raftlog.RaftLogSequentialOps$Runner.runSequentially(RaftLogSequentialOps.java:78)
	at org.apache.ratis.server.raftlog.RaftLogBase.appendEntry(RaftLogBase.java:330)
	at org.apache.ratis.server.raftlog.segmented.SegmentedRaftLog.appendImpl(SegmentedRaftLog.java:456)
	at org.apache.ratis.server.raftlog.RaftLogBase.lambda$append$11(RaftLogBase.java:337)
	at org.apache.ratis.server.raftlog.RaftLogSequentialOps$Runner.runSequentially(RaftLogSequentialOps.java:69)
	at org.apache.ratis.server.raftlog.RaftLogBase.append(RaftLogBase.java:337)
	at org.apache.ratis.server.impl.RaftServerImpl.appendEntriesAsync(RaftServerImpl.java:1517)
	at org.apache.ratis.server.impl.RaftServerImpl.appendEntriesAsync(RaftServerImpl.java:1385)
	at org.apache.ratis.server.impl.RaftServerProxy.lambda$appendEntriesAsync$26(RaftServerProxy.java:634)
	at org.apache.ratis.util.JavaUtils.callAsUnchecked(JavaUtils.java:117)
	at org.apache.ratis.server.impl.RaftServerImpl.lambda$executeSubmitServerRequestAsync$11(RaftServerImpl.java:813)
	at java.base/java.util.concurrent.CompletableFuture$AsyncSupply.run(CompletableFuture.java:1700)
	at java.base/java.util.concurrent.ThreadPoolExecutor.runWorker(ThreadPoolExecutor.java:1128)
	at java.base/java.util.concurrent.ThreadPoolExecutor$Worker.run(ThreadPoolExecutor.java:628)
	... 1 more
2022-10-20 09:07:42,148 [grpc-default-executor-0] INFO  leader.FollowerInfo (FollowerInfoImpl.java:lambda$new$0(48)) - s0@group-4D961C7EB769->s2: nextIndex: updateUnconditionally 11 -> 10
2022-10-20 09:07:42,148 [grpc-default-executor-7] WARN  server.GrpcLogAppender (LogUtils.java:warn(124)) - s0@group-4D961C7EB769->s1-AppendLogResponseHandler: Failed appendEntries
java.io.IOException: java.lang.IllegalStateException: Null stream: entry=term: 2
index: 10
stateMachineLogEntry {
  type: DATASTREAM
  clientId: "\226$S\262\361\307C\016\217\3264\237`\362\033\262"
  callId: 381
}

	at org.apache.ratis.util.IOUtils.asIOException(IOUtils.java:56)
	at org.apache.ratis.util.IOUtils.toIOException(IOUtils.java:61)
	at org.apache.ratis.util.IOUtils.getFromFuture(IOUtils.java:85)
	at org.apache.ratis.server.raftlog.segmented.SegmentedRaftLogWorker$StateMachineDataPolicy.getFromFuture(SegmentedRaftLogWorker.java:88)
	at org.apache.ratis.server.raftlog.segmented.SegmentedRaftLogWorker$WriteLog.execute(SegmentedRaftLogWorker.java:540)
	at org.apache.ratis.server.raftlog.segmented.SegmentedRaftLogWorker.run(SegmentedRaftLogWorker.java:307)
	at java.base/java.lang.Thread.run(Thread.java:829)
Caused by: java.lang.IllegalStateException: Null stream: entry=term: 2
index: 10
stateMachineLogEntry {
  type: DATASTREAM
  clientId: "\226$S\262\361\307C\016\217\3264\237`\362\033\262"
  callId: 381
}

	at org.apache.ratis.datastream.DataStreamTestUtils$MultiDataStreamStateMachine.link(DataStreamTestUtils.java:159)
	at org.apache.ratis.server.raftlog.segmented.SegmentedRaftLogWorker$WriteLog.<init>(SegmentedRaftLogWorker.java:497)
	at org.apache.ratis.server.raftlog.segmented.SegmentedRaftLogWorker.writeLogEntry(SegmentedRaftLogWorker.java:443)
	at org.apache.ratis.server.raftlog.segmented.SegmentedRaftLog.appendEntryImpl(SegmentedRaftLog.java:409)
	at org.apache.ratis.server.raftlog.RaftLogBase.lambda$appendEntry$10(RaftLogBase.java:330)
	at org.apache.ratis.server.raftlog.RaftLogSequentialOps$Runner.runSequentially(RaftLogSequentialOps.java:78)
	at org.apache.ratis.server.raftlog.RaftLogBase.appendEntry(RaftLogBase.java:330)
	at org.apache.ratis.server.raftlog.segmented.SegmentedRaftLog.appendImpl(SegmentedRaftLog.java:456)
	at org.apache.ratis.server.raftlog.RaftLogBase.lambda$append$11(RaftLogBase.java:337)
	at org.apache.ratis.server.raftlog.RaftLogSequentialOps$Runner.runSequentially(RaftLogSequentialOps.java:69)
	at org.apache.ratis.server.raftlog.RaftLogBase.append(RaftLogBase.java:337)
	at org.apache.ratis.server.impl.RaftServerImpl.appendEntriesAsync(RaftServerImpl.java:1517)
	at org.apache.ratis.server.impl.RaftServerImpl.appendEntriesAsync(RaftServerImpl.java:1385)
	at org.apache.ratis.server.impl.RaftServerProxy.lambda$appendEntriesAsync$26(RaftServerProxy.java:634)
	at org.apache.ratis.util.JavaUtils.callAsUnchecked(JavaUtils.java:117)
	at org.apache.ratis.server.impl.RaftServerImpl.lambda$executeSubmitServerRequestAsync$11(RaftServerImpl.java:813)
	at java.base/java.util.concurrent.CompletableFuture$AsyncSupply.run(CompletableFuture.java:1700)
	at java.base/java.util.concurrent.ThreadPoolExecutor.runWorker(ThreadPoolExecutor.java:1128)
	at java.base/java.util.concurrent.ThreadPoolExecutor$Worker.run(ThreadPoolExecutor.java:628)
	... 1 more
2022-10-20 09:07:42,148 [grpc-default-executor-7] INFO  leader.FollowerInfo (FollowerInfoImpl.java:lambda$new$0(48)) - s0@group-4D961C7EB769->s1: nextIndex: updateUnconditionally 11 -> 10
2022-10-20 09:07:48,002 [Timer-2] INFO  impl.MiniRaftCluster (MiniRaftCluster.java:lambda$start$6(349)) - TIMED-PRINT: printing ALL groups
  s0:  RUNNING    LEADER s0@group-4D961C7EB769:t2, leader=s0, voted=s0, raftlog=Memoized:s0@group-4D961C7EB769-SegmentedRaftLog:OPENED:c9, conf=8: peers:[s0|rpc:localhost:34285|admin:localhost:46479|client:localhost:45349|dataStream:localhost:34817|priority:0|startupRole:FOLLOWER, s1|rpc:localhost:36349|admin:localhost:44151|client:localhost:32813|dataStream:localhost:35611|priority:0|startupRole:FOLLOWER, s2|rpc:localhost:42199|admin:localhost:38403|client:localhost:35043|dataStream:localhost:38209|priority:0|startupRole:FOLLOWER]|listeners:[], old=null RUNNING
  s1:  RUNNING  FOLLOWER s1@group-4D961C7EB769:t2, leader=s0, voted=s0, raftlog=Memoized:s1@group-4D961C7EB769-SegmentedRaftLog:OPENED:c9, conf=8: peers:[s0|rpc:localhost:34285|admin:localhost:46479|client:localhost:45349|dataStream:localhost:34817|priority:0|startupRole:FOLLOWER, s1|rpc:localhost:36349|admin:localhost:44151|client:localhost:32813|dataStream:localhost:35611|priority:0|startupRole:FOLLOWER, s2|rpc:localhost:42199|admin:localhost:38403|client:localhost:35043|dataStream:localhost:38209|priority:0|startupRole:FOLLOWER]|listeners:[], old=null RUNNING
  s2:  RUNNING  FOLLOWER s2@group-4D961C7EB769:t2, leader=s0, voted=s0, raftlog=Memoized:s2@group-4D961C7EB769-SegmentedRaftLog:OPENED:c9, conf=8: peers:[s0|rpc:localhost:34285|admin:localhost:46479|client:localhost:45349|dataStream:localhost:34817|priority:0|startupRole:FOLLOWER, s1|rpc:localhost:36349|admin:localhost:44151|client:localhost:32813|dataStream:localhost:35611|priority:0|startupRole:FOLLOWER, s2|rpc:localhost:42199|admin:localhost:38403|client:localhost:35043|dataStream:localhost:38209|priority:0|startupRole:FOLLOWER]|listeners:[], old=null RUNNING
2022-10-20 09:07:48,032 [timer5] WARN  grpc.GrpcUtil (GrpcUtil.java:shutdownManagedChannel(216)) - Timed out gracefully shutting down connection: ManagedChannelOrphanWrapper{delegate=ManagedChannelImpl{logId=376, target=localhost:45349}}. 
2022-10-20 09:07:54,169 [timer1] WARN  grpc.GrpcUtil (GrpcUtil.java:shutdownManagedChannel(216)) - Timed out gracefully shutting down connection: ManagedChannelOrphanWrapper{delegate=ManagedChannelImpl{logId=390, target=localhost:45349}}. 
2022-10-20 09:07:58,002 [Timer-2] INFO  impl.MiniRaftCluster (MiniRaftCluster.java:lambda$start$6(349)) - TIMED-PRINT: printing ALL groups
  s0:  RUNNING    LEADER s0@group-4D961C7EB769:t2, leader=s0, voted=s0, raftlog=Memoized:s0@group-4D961C7EB769-SegmentedRaftLog:OPENED:c9, conf=8: peers:[s0|rpc:localhost:34285|admin:localhost:46479|client:localhost:45349|dataStream:localhost:34817|priority:0|startupRole:FOLLOWER, s1|rpc:localhost:36349|admin:localhost:44151|client:localhost:32813|dataStream:localhost:35611|priority:0|startupRole:FOLLOWER, s2|rpc:localhost:42199|admin:localhost:38403|client:localhost:35043|dataStream:localhost:38209|priority:0|startupRole:FOLLOWER]|listeners:[], old=null RUNNING
  s1:  RUNNING  FOLLOWER s1@group-4D961C7EB769:t2, leader=s0, voted=s0, raftlog=Memoized:s1@group-4D961C7EB769-SegmentedRaftLog:OPENED:c9, conf=8: peers:[s0|rpc:localhost:34285|admin:localhost:46479|client:localhost:45349|dataStream:localhost:34817|priority:0|startupRole:FOLLOWER, s1|rpc:localhost:36349|admin:localhost:44151|client:localhost:32813|dataStream:localhost:35611|priority:0|startupRole:FOLLOWER, s2|rpc:localhost:42199|admin:localhost:38403|client:localhost:35043|dataStream:localhost:38209|priority:0|startupRole:FOLLOWER]|listeners:[], old=null RUNNING
  s2:  RUNNING  FOLLOWER s2@group-4D961C7EB769:t2, leader=s0, voted=s0, raftlog=Memoized:s2@group-4D961C7EB769-SegmentedRaftLog:OPENED:c9, conf=8: peers:[s0|rpc:localhost:34285|admin:localhost:46479|client:localhost:45349|dataStream:localhost:34817|priority:0|startupRole:FOLLOWER, s1|rpc:localhost:36349|admin:localhost:44151|client:localhost:32813|dataStream:localhost:35611|priority:0|startupRole:FOLLOWER, s2|rpc:localhost:42199|admin:localhost:38403|client:localhost:35043|dataStream:localhost:38209|priority:0|startupRole:FOLLOWER]|listeners:[], old=null RUNNING
2022-10-20 09:08:00,302 [timer1] WARN  grpc.GrpcUtil (GrpcUtil.java:shutdownManagedChannel(216)) - Timed out gracefully shutting down connection: ManagedChannelOrphanWrapper{delegate=ManagedChannelImpl{logId=404, target=localhost:45349}}. 
2022-10-20 09:08:06,423 [timer1] WARN  grpc.GrpcUtil (GrpcUtil.java:shutdownManagedChannel(216)) - Timed out gracefully shutting down connection: ManagedChannelOrphanWrapper{delegate=ManagedChannelImpl{logId=418, target=localhost:45349}}. 
2022-10-20 09:08:08,003 [Timer-2] INFO  impl.MiniRaftCluster (MiniRaftCluster.java:lambda$start$6(349)) - TIMED-PRINT: printing ALL groups
  s0:  RUNNING    LEADER s0@group-4D961C7EB769:t2, leader=s0, voted=s0, raftlog=Memoized:s0@group-4D961C7EB769-SegmentedRaftLog:OPENED:c9, conf=8: peers:[s0|rpc:localhost:34285|admin:localhost:46479|client:localhost:45349|dataStream:localhost:34817|priority:0|startupRole:FOLLOWER, s1|rpc:localhost:36349|admin:localhost:44151|client:localhost:32813|dataStream:localhost:35611|priority:0|startupRole:FOLLOWER, s2|rpc:localhost:42199|admin:localhost:38403|client:localhost:35043|dataStream:localhost:38209|priority:0|startupRole:FOLLOWER]|listeners:[], old=null RUNNING
  s1:  RUNNING  FOLLOWER s1@group-4D961C7EB769:t2, leader=s0, voted=s0, raftlog=Memoized:s1@group-4D961C7EB769-SegmentedRaftLog:OPENED:c9, conf=8: peers:[s0|rpc:localhost:34285|admin:localhost:46479|client:localhost:45349|dataStream:localhost:34817|priority:0|startupRole:FOLLOWER, s1|rpc:localhost:36349|admin:localhost:44151|client:localhost:32813|dataStream:localhost:35611|priority:0|startupRole:FOLLOWER, s2|rpc:localhost:42199|admin:localhost:38403|client:localhost:35043|dataStream:localhost:38209|priority:0|startupRole:FOLLOWER]|listeners:[], old=null RUNNING
  s2:  RUNNING  FOLLOWER s2@group-4D961C7EB769:t2, leader=s0, voted=s0, raftlog=Memoized:s2@group-4D961C7EB769-SegmentedRaftLog:OPENED:c9, conf=8: peers:[s0|rpc:localhost:34285|admin:localhost:46479|client:localhost:45349|dataStream:localhost:34817|priority:0|startupRole:FOLLOWER, s1|rpc:localhost:36349|admin:localhost:44151|client:localhost:32813|dataStream:localhost:35611|priority:0|startupRole:FOLLOWER, s2|rpc:localhost:42199|admin:localhost:38403|client:localhost:35043|dataStream:localhost:38209|priority:0|startupRole:FOLLOWER]|listeners:[], old=null RUNNING
2022-10-20 09:08:12,546 [timer3] WARN  grpc.GrpcUtil (GrpcUtil.java:shutdownManagedChannel(216)) - Timed out gracefully shutting down connection: ManagedChannelOrphanWrapper{delegate=ManagedChannelImpl{logId=432, target=localhost:45349}}. 
2022-10-20 09:08:18,003 [Timer-2] INFO  impl.MiniRaftCluster (MiniRaftCluster.java:lambda$start$6(349)) - TIMED-PRINT: printing ALL groups
  s0:  RUNNING    LEADER s0@group-4D961C7EB769:t2, leader=s0, voted=s0, raftlog=Memoized:s0@group-4D961C7EB769-SegmentedRaftLog:OPENED:c9, conf=8: peers:[s0|rpc:localhost:34285|admin:localhost:46479|client:localhost:45349|dataStream:localhost:34817|priority:0|startupRole:FOLLOWER, s1|rpc:localhost:36349|admin:localhost:44151|client:localhost:32813|dataStream:localhost:35611|priority:0|startupRole:FOLLOWER, s2|rpc:localhost:42199|admin:localhost:38403|client:localhost:35043|dataStream:localhost:38209|priority:0|startupRole:FOLLOWER]|listeners:[], old=null RUNNING
  s1:  RUNNING  FOLLOWER s1@group-4D961C7EB769:t2, leader=s0, voted=s0, raftlog=Memoized:s1@group-4D961C7EB769-SegmentedRaftLog:OPENED:c9, conf=8: peers:[s0|rpc:localhost:34285|admin:localhost:46479|client:localhost:45349|dataStream:localhost:34817|priority:0|startupRole:FOLLOWER, s1|rpc:localhost:36349|admin:localhost:44151|client:localhost:32813|dataStream:localhost:35611|priority:0|startupRole:FOLLOWER, s2|rpc:localhost:42199|admin:localhost:38403|client:localhost:35043|dataStream:localhost:38209|priority:0|startupRole:FOLLOWER]|listeners:[], old=null RUNNING
  s2:  RUNNING  FOLLOWER s2@group-4D961C7EB769:t2, leader=s0, voted=s0, raftlog=Memoized:s2@group-4D961C7EB769-SegmentedRaftLog:OPENED:c9, conf=8: peers:[s0|rpc:localhost:34285|admin:localhost:46479|client:localhost:45349|dataStream:localhost:34817|priority:0|startupRole:FOLLOWER, s1|rpc:localhost:36349|admin:localhost:44151|client:localhost:32813|dataStream:localhost:35611|priority:0|startupRole:FOLLOWER, s2|rpc:localhost:42199|admin:localhost:38403|client:localhost:35043|dataStream:localhost:38209|priority:0|startupRole:FOLLOWER]|listeners:[], old=null RUNNING
2022-10-20 09:08:18,666 [timer1] WARN  grpc.GrpcUtil (GrpcUtil.java:shutdownManagedChannel(216)) - Timed out gracefully shutting down connection: ManagedChannelOrphanWrapper{delegate=ManagedChannelImpl{logId=446, target=localhost:45349}}. 
2022-10-20 09:08:24,786 [timer5] WARN  grpc.GrpcUtil (GrpcUtil.java:shutdownManagedChannel(216)) - Timed out gracefully shutting down connection: ManagedChannelOrphanWrapper{delegate=ManagedChannelImpl{logId=460, target=localhost:45349}}. 
2022-10-20 09:08:28,003 [Timer-2] INFO  impl.MiniRaftCluster (MiniRaftCluster.java:lambda$start$6(349)) - TIMED-PRINT: printing ALL groups
  s0:  RUNNING    LEADER s0@group-4D961C7EB769:t2, leader=s0, voted=s0, raftlog=Memoized:s0@group-4D961C7EB769-SegmentedRaftLog:OPENED:c9, conf=8: peers:[s0|rpc:localhost:34285|admin:localhost:46479|client:localhost:45349|dataStream:localhost:34817|priority:0|startupRole:FOLLOWER, s1|rpc:localhost:36349|admin:localhost:44151|client:localhost:32813|dataStream:localhost:35611|priority:0|startupRole:FOLLOWER, s2|rpc:localhost:42199|admin:localhost:38403|client:localhost:35043|dataStream:localhost:38209|priority:0|startupRole:FOLLOWER]|listeners:[], old=null RUNNING
  s1:  RUNNING  FOLLOWER s1@group-4D961C7EB769:t2, leader=s0, voted=s0, raftlog=Memoized:s1@group-4D961C7EB769-SegmentedRaftLog:OPENED:c9, conf=8: peers:[s0|rpc:localhost:34285|admin:localhost:46479|client:localhost:45349|dataStream:localhost:34817|priority:0|startupRole:FOLLOWER, s1|rpc:localhost:36349|admin:localhost:44151|client:localhost:32813|dataStream:localhost:35611|priority:0|startupRole:FOLLOWER, s2|rpc:localhost:42199|admin:localhost:38403|client:localhost:35043|dataStream:localhost:38209|priority:0|startupRole:FOLLOWER]|listeners:[], old=null RUNNING
  s2:  RUNNING  FOLLOWER s2@group-4D961C7EB769:t2, leader=s0, voted=s0, raftlog=Memoized:s2@group-4D961C7EB769-SegmentedRaftLog:OPENED:c9, conf=8: peers:[s0|rpc:localhost:34285|admin:localhost:46479|client:localhost:45349|dataStream:localhost:34817|priority:0|startupRole:FOLLOWER, s1|rpc:localhost:36349|admin:localhost:44151|client:localhost:32813|dataStream:localhost:35611|priority:0|startupRole:FOLLOWER, s2|rpc:localhost:42199|admin:localhost:38403|client:localhost:35043|dataStream:localhost:38209|priority:0|startupRole:FOLLOWER]|listeners:[], old=null RUNNING
2022-10-20 09:08:30,911 [timer5] WARN  grpc.GrpcUtil (GrpcUtil.java:shutdownManagedChannel(216)) - Timed out gracefully shutting down connection: ManagedChannelOrphanWrapper{delegate=ManagedChannelImpl{logId=474, target=localhost:45349}}. 
2022-10-20 09:08:37,034 [timer7] WARN  grpc.GrpcUtil (GrpcUtil.java:shutdownManagedChannel(216)) - Timed out gracefully shutting down connection: ManagedChannelOrphanWrapper{delegate=ManagedChannelImpl{logId=488, target=localhost:45349}}. 
2022-10-20 09:08:38,004 [Timer-2] INFO  impl.MiniRaftCluster (MiniRaftCluster.java:lambda$start$6(349)) - TIMED-PRINT: printing ALL groups
  s0:  RUNNING    LEADER s0@group-4D961C7EB769:t2, leader=s0, voted=s0, raftlog=Memoized:s0@group-4D961C7EB769-SegmentedRaftLog:OPENED:c9, conf=8: peers:[s0|rpc:localhost:34285|admin:localhost:46479|client:localhost:45349|dataStream:localhost:34817|priority:0|startupRole:FOLLOWER, s1|rpc:localhost:36349|admin:localhost:44151|client:localhost:32813|dataStream:localhost:35611|priority:0|startupRole:FOLLOWER, s2|rpc:localhost:42199|admin:localhost:38403|client:localhost:35043|dataStream:localhost:38209|priority:0|startupRole:FOLLOWER]|listeners:[], old=null RUNNING
  s1:  RUNNING  FOLLOWER s1@group-4D961C7EB769:t2, leader=s0, voted=s0, raftlog=Memoized:s1@group-4D961C7EB769-SegmentedRaftLog:OPENED:c9, conf=8: peers:[s0|rpc:localhost:34285|admin:localhost:46479|client:localhost:45349|dataStream:localhost:34817|priority:0|startupRole:FOLLOWER, s1|rpc:localhost:36349|admin:localhost:44151|client:localhost:32813|dataStream:localhost:35611|priority:0|startupRole:FOLLOWER, s2|rpc:localhost:42199|admin:localhost:38403|client:localhost:35043|dataStream:localhost:38209|priority:0|startupRole:FOLLOWER]|listeners:[], old=null RUNNING
  s2:  RUNNING  FOLLOWER s2@group-4D961C7EB769:t2, leader=s0, voted=s0, raftlog=Memoized:s2@group-4D961C7EB769-SegmentedRaftLog:OPENED:c9, conf=8: peers:[s0|rpc:localhost:34285|admin:localhost:46479|client:localhost:45349|dataStream:localhost:34817|priority:0|startupRole:FOLLOWER, s1|rpc:localhost:36349|admin:localhost:44151|client:localhost:32813|dataStream:localhost:35611|priority:0|startupRole:FOLLOWER, s2|rpc:localhost:42199|admin:localhost:38403|client:localhost:35043|dataStream:localhost:38209|priority:0|startupRole:FOLLOWER]|listeners:[], old=null RUNNING
2022-10-20 09:08:43,152 [timer4] WARN  grpc.GrpcUtil (GrpcUtil.java:shutdownManagedChannel(216)) - Timed out gracefully shutting down connection: ManagedChannelOrphanWrapper{delegate=ManagedChannelImpl{logId=502, target=localhost:45349}}. 
2022-10-20 09:08:43,273 [s0-client-thread1] INFO  statemachine.StateMachine (DataStreamTestUtils.java:link(157)) - link null
2022-10-20 09:08:43,275 [s2-server-thread2] INFO  statemachine.StateMachine (DataStreamTestUtils.java:link(157)) - link null
2022-10-20 09:08:43,275 [s1-server-thread2] INFO  statemachine.StateMachine (DataStreamTestUtils.java:link(157)) - link null
2022-10-20 09:08:43,276 [s1-server-thread2] WARN  server.GrpcServerProtocolService (LogUtils.java:warn(124)) - s1: Failed APPEND_ENTRIES request s0->s1#817-t2,previous=(t:2, i:10),leaderCommit=9,initializing? true,entries: size=1, first=(t:2, i:11), STATEMACHINELOGENTRY, 381@client-349F60F21BB2
java.util.concurrent.CompletionException: org.apache.ratis.server.raftlog.RaftLogIOException: Log already failed at index 10 for task WriteLog:10: (t:2, i:10), STATEMACHINELOGENTRY, StateMachineLogEntryProto:381@client-349F60F21BB2
	at java.base/java.util.concurrent.CompletableFuture.encodeThrowable(CompletableFuture.java:331)
	at java.base/java.util.concurrent.CompletableFuture.completeThrowable(CompletableFuture.java:346)
	at java.base/java.util.concurrent.CompletableFuture$BiRelay.tryFire(CompletableFuture.java:1423)
	at java.base/java.util.concurrent.CompletableFuture$CoCompletion.tryFire(CompletableFuture.java:1144)
	at java.base/java.util.concurrent.CompletableFuture.postComplete(CompletableFuture.java:506)
	at java.base/java.util.concurrent.CompletableFuture.completeExceptionally(CompletableFuture.java:2088)
	at org.apache.ratis.server.raftlog.segmented.SegmentedRaftLog$Task.failed(SegmentedRaftLog.java:105)
	at org.apache.ratis.server.raftlog.segmented.SegmentedRaftLogWorker$WriteLog.failed(SegmentedRaftLogWorker.java:519)
	at org.apache.ratis.server.raftlog.segmented.SegmentedRaftLogWorker.run(SegmentedRaftLogWorker.java:316)
	at java.base/java.lang.Thread.run(Thread.java:829)
Caused by: org.apache.ratis.server.raftlog.RaftLogIOException: Log already failed at index 10 for task WriteLog:10: (t:2, i:10), STATEMACHINELOGENTRY, StateMachineLogEntryProto:381@client-349F60F21BB2
	at org.apache.ratis.server.raftlog.segmented.SegmentedRaftLogWorker.run(SegmentedRaftLogWorker.java:319)
	... 1 more
Caused by: java.io.IOException: java.lang.IllegalStateException: Null stream: entry=term: 2
index: 10
stateMachineLogEntry {
  type: DATASTREAM
  clientId: "\226$S\262\361\307C\016\217\3264\237`\362\033\262"
  callId: 381
}

	at org.apache.ratis.util.IOUtils.asIOException(IOUtils.java:56)
	at org.apache.ratis.util.IOUtils.toIOException(IOUtils.java:61)
	at org.apache.ratis.util.IOUtils.getFromFuture(IOUtils.java:85)
	at org.apache.ratis.server.raftlog.segmented.SegmentedRaftLogWorker$StateMachineDataPolicy.getFromFuture(SegmentedRaftLogWorker.java:88)
	at org.apache.ratis.server.raftlog.segmented.SegmentedRaftLogWorker$WriteLog.execute(SegmentedRaftLogWorker.java:540)
	at org.apache.ratis.server.raftlog.segmented.SegmentedRaftLogWorker.run(SegmentedRaftLogWorker.java:307)
	... 1 more
Caused by: java.lang.IllegalStateException: Null stream: entry=term: 2
index: 10
stateMachineLogEntry {
  type: DATASTREAM
  clientId: "\226$S\262\361\307C\016\217\3264\237`\362\033\262"
  callId: 381
}

	at org.apache.ratis.datastream.DataStreamTestUtils$MultiDataStreamStateMachine.link(DataStreamTestUtils.java:159)
	at org.apache.ratis.server.raftlog.segmented.SegmentedRaftLogWorker$WriteLog.<init>(SegmentedRaftLogWorker.java:497)
	at org.apache.ratis.server.raftlog.segmented.SegmentedRaftLogWorker.writeLogEntry(SegmentedRaftLogWorker.java:443)
	at org.apache.ratis.server.raftlog.segmented.SegmentedRaftLog.appendEntryImpl(SegmentedRaftLog.java:409)
	at org.apache.ratis.server.raftlog.RaftLogBase.lambda$appendEntry$10(RaftLogBase.java:330)
	at org.apache.ratis.server.raftlog.RaftLogSequentialOps$Runner.runSequentially(RaftLogSequentialOps.java:78)
	at org.apache.ratis.server.raftlog.RaftLogBase.appendEntry(RaftLogBase.java:330)
	at org.apache.ratis.server.raftlog.segmented.SegmentedRaftLog.appendImpl(SegmentedRaftLog.java:456)
	at org.apache.ratis.server.raftlog.RaftLogBase.lambda$append$11(RaftLogBase.java:337)
	at org.apache.ratis.server.raftlog.RaftLogSequentialOps$Runner.runSequentially(RaftLogSequentialOps.java:69)
	at org.apache.ratis.server.raftlog.RaftLogBase.append(RaftLogBase.java:337)
	at org.apache.ratis.server.impl.RaftServerImpl.appendEntriesAsync(RaftServerImpl.java:1517)
	at org.apache.ratis.server.impl.RaftServerImpl.appendEntriesAsync(RaftServerImpl.java:1385)
	at org.apache.ratis.server.impl.RaftServerProxy.lambda$appendEntriesAsync$26(RaftServerProxy.java:634)
	at org.apache.ratis.util.JavaUtils.callAsUnchecked(JavaUtils.java:117)
	at org.apache.ratis.server.impl.RaftServerImpl.lambda$executeSubmitServerRequestAsync$11(RaftServerImpl.java:813)
	at java.base/java.util.concurrent.CompletableFuture$AsyncSupply.run(CompletableFuture.java:1700)
	at java.base/java.util.concurrent.ThreadPoolExecutor.runWorker(ThreadPoolExecutor.java:1128)
	at java.base/java.util.concurrent.ThreadPoolExecutor$Worker.run(ThreadPoolExecutor.java:628)
	... 1 more
2022-10-20 09:08:43,276 [grpc-default-executor-0] WARN  server.GrpcServerProtocolService (LogUtils.java:warn(124)) - s2: Failed APPEND_ENTRIES request s0->s2#812-t2,previous=(t:2, i:10),leaderCommit=9,initializing? true,entries: size=1, first=(t:2, i:11), STATEMACHINELOGENTRY, 381@client-349F60F21BB2
java.util.concurrent.CompletionException: org.apache.ratis.server.raftlog.RaftLogIOException: Log already failed at index 10 for task WriteLog:10: (t:2, i:10), STATEMACHINELOGENTRY, StateMachineLogEntryProto:381@client-349F60F21BB2
	at java.base/java.util.concurrent.CompletableFuture.encodeThrowable(CompletableFuture.java:331)
	at java.base/java.util.concurrent.CompletableFuture.completeThrowable(CompletableFuture.java:346)
	at java.base/java.util.concurrent.CompletableFuture$BiRelay.tryFire(CompletableFuture.java:1423)
	at java.base/java.util.concurrent.CompletableFuture$CoCompletion.tryFire(CompletableFuture.java:1144)
	at java.base/java.util.concurrent.CompletableFuture.postComplete(CompletableFuture.java:506)
	at java.base/java.util.concurrent.CompletableFuture.completeExceptionally(CompletableFuture.java:2088)
	at org.apache.ratis.server.raftlog.segmented.SegmentedRaftLog$Task.failed(SegmentedRaftLog.java:105)
	at org.apache.ratis.server.raftlog.segmented.SegmentedRaftLogWorker$WriteLog.failed(SegmentedRaftLogWorker.java:519)
	at org.apache.ratis.server.raftlog.segmented.SegmentedRaftLogWorker.run(SegmentedRaftLogWorker.java:316)
	at java.base/java.lang.Thread.run(Thread.java:829)
Caused by: org.apache.ratis.server.raftlog.RaftLogIOException: Log already failed at index 10 for task WriteLog:10: (t:2, i:10), STATEMACHINELOGENTRY, StateMachineLogEntryProto:381@client-349F60F21BB2
	at org.apache.ratis.server.raftlog.segmented.SegmentedRaftLogWorker.run(SegmentedRaftLogWorker.java:319)
	... 1 more
Caused by: java.io.IOException: java.lang.IllegalStateException: Null stream: entry=term: 2
index: 10
stateMachineLogEntry {
  type: DATASTREAM
  clientId: "\226$S\262\361\307C\016\217\3264\237`\362\033\262"
  callId: 381
}

	at org.apache.ratis.util.IOUtils.asIOException(IOUtils.java:56)
	at org.apache.ratis.util.IOUtils.toIOException(IOUtils.java:61)
	at org.apache.ratis.util.IOUtils.getFromFuture(IOUtils.java:85)
	at org.apache.ratis.server.raftlog.segmented.SegmentedRaftLogWorker$StateMachineDataPolicy.getFromFuture(SegmentedRaftLogWorker.java:88)
	at org.apache.ratis.server.raftlog.segmented.SegmentedRaftLogWorker$WriteLog.execute(SegmentedRaftLogWorker.java:540)
	at org.apache.ratis.server.raftlog.segmented.SegmentedRaftLogWorker.run(SegmentedRaftLogWorker.java:307)
	... 1 more
Caused by: java.lang.IllegalStateException: Null stream: entry=term: 2
index: 10
stateMachineLogEntry {
  type: DATASTREAM
  clientId: "\226$S\262\361\307C\016\217\3264\237`\362\033\262"
  callId: 381
}

	at org.apache.ratis.datastream.DataStreamTestUtils$MultiDataStreamStateMachine.link(DataStreamTestUtils.java:159)
	at org.apache.ratis.server.raftlog.segmented.SegmentedRaftLogWorker$WriteLog.<init>(SegmentedRaftLogWorker.java:497)
	at org.apache.ratis.server.raftlog.segmented.SegmentedRaftLogWorker.writeLogEntry(SegmentedRaftLogWorker.java:443)
	at org.apache.ratis.server.raftlog.segmented.SegmentedRaftLog.appendEntryImpl(SegmentedRaftLog.java:409)
	at org.apache.ratis.server.raftlog.RaftLogBase.lambda$appendEntry$10(RaftLogBase.java:330)
	at org.apache.ratis.server.raftlog.RaftLogSequentialOps$Runner.runSequentially(RaftLogSequentialOps.java:78)
	at org.apache.ratis.server.raftlog.RaftLogBase.appendEntry(RaftLogBase.java:330)
	at org.apache.ratis.server.raftlog.segmented.SegmentedRaftLog.appendImpl(SegmentedRaftLog.java:456)
	at org.apache.ratis.server.raftlog.RaftLogBase.lambda$append$11(RaftLogBase.java:337)
	at org.apache.ratis.server.raftlog.RaftLogSequentialOps$Runner.runSequentially(RaftLogSequentialOps.java:69)
	at org.apache.ratis.server.raftlog.RaftLogBase.append(RaftLogBase.java:337)
	at org.apache.ratis.server.impl.RaftServerImpl.appendEntriesAsync(RaftServerImpl.java:1517)
	at org.apache.ratis.server.impl.RaftServerImpl.appendEntriesAsync(RaftServerImpl.java:1385)
	at org.apache.ratis.server.impl.RaftServerProxy.lambda$appendEntriesAsync$26(RaftServerProxy.java:634)
	at org.apache.ratis.util.JavaUtils.callAsUnchecked(JavaUtils.java:117)
	at org.apache.ratis.server.impl.RaftServerImpl.lambda$executeSubmitServerRequestAsync$11(RaftServerImpl.java:813)
	at java.base/java.util.concurrent.CompletableFuture$AsyncSupply.run(CompletableFuture.java:1700)
	at java.base/java.util.concurrent.ThreadPoolExecutor.runWorker(ThreadPoolExecutor.java:1128)
	at java.base/java.util.concurrent.ThreadPoolExecutor$Worker.run(ThreadPoolExecutor.java:628)
	... 1 more
2022-10-20 09:08:43,285 [grpc-default-executor-7] WARN  server.GrpcLogAppender (LogUtils.java:warn(124)) - s0@group-4D961C7EB769->s1-AppendLogResponseHandler: Failed appendEntries
org.apache.ratis.server.raftlog.RaftLogIOException: Log already failed at index 10 for task WriteLog:10: (t:2, i:10), STATEMACHINELOGENTRY, StateMachineLogEntryProto:381@client-349F60F21BB2
	at org.apache.ratis.server.raftlog.segmented.SegmentedRaftLogWorker.run(SegmentedRaftLogWorker.java:319)
	at java.base/java.lang.Thread.run(Thread.java:829)
Caused by: java.io.IOException: java.lang.IllegalStateException: Null stream: entry=term: 2
index: 10
stateMachineLogEntry {
  type: DATASTREAM
  clientId: "\226$S\262\361\307C\016\217\3264\237`\362\033\262"
  callId: 381
}

	at org.apache.ratis.util.IOUtils.asIOException(IOUtils.java:56)
	at org.apache.ratis.util.IOUtils.toIOException(IOUtils.java:61)
	at org.apache.ratis.util.IOUtils.getFromFuture(IOUtils.java:85)
	at org.apache.ratis.server.raftlog.segmented.SegmentedRaftLogWorker$StateMachineDataPolicy.getFromFuture(SegmentedRaftLogWorker.java:88)
	at org.apache.ratis.server.raftlog.segmented.SegmentedRaftLogWorker$WriteLog.execute(SegmentedRaftLogWorker.java:540)
	at org.apache.ratis.server.raftlog.segmented.SegmentedRaftLogWorker.run(SegmentedRaftLogWorker.java:307)
	... 1 more
Caused by: java.lang.IllegalStateException: Null stream: entry=term: 2
index: 10
stateMachineLogEntry {
  type: DATASTREAM
  clientId: "\226$S\262\361\307C\016\217\3264\237`\362\033\262"
  callId: 381
}

	at org.apache.ratis.datastream.DataStreamTestUtils$MultiDataStreamStateMachine.link(DataStreamTestUtils.java:159)
	at org.apache.ratis.server.raftlog.segmented.SegmentedRaftLogWorker$WriteLog.<init>(SegmentedRaftLogWorker.java:497)
	at org.apache.ratis.server.raftlog.segmented.SegmentedRaftLogWorker.writeLogEntry(SegmentedRaftLogWorker.java:443)
	at org.apache.ratis.server.raftlog.segmented.SegmentedRaftLog.appendEntryImpl(SegmentedRaftLog.java:409)
	at org.apache.ratis.server.raftlog.RaftLogBase.lambda$appendEntry$10(RaftLogBase.java:330)
	at org.apache.ratis.server.raftlog.RaftLogSequentialOps$Runner.runSequentially(RaftLogSequentialOps.java:78)
	at org.apache.ratis.server.raftlog.RaftLogBase.appendEntry(RaftLogBase.java:330)
	at org.apache.ratis.server.raftlog.segmented.SegmentedRaftLog.appendImpl(SegmentedRaftLog.java:456)
	at org.apache.ratis.server.raftlog.RaftLogBase.lambda$append$11(RaftLogBase.java:337)
	at org.apache.ratis.server.raftlog.RaftLogSequentialOps$Runner.runSequentially(RaftLogSequentialOps.java:69)
	at org.apache.ratis.server.raftlog.RaftLogBase.append(RaftLogBase.java:337)
	at org.apache.ratis.server.impl.RaftServerImpl.appendEntriesAsync(RaftServerImpl.java:1517)
	at org.apache.ratis.server.impl.RaftServerImpl.appendEntriesAsync(RaftServerImpl.java:1385)
	at org.apache.ratis.server.impl.RaftServerProxy.lambda$appendEntriesAsync$26(RaftServerProxy.java:634)
	at org.apache.ratis.util.JavaUtils.callAsUnchecked(JavaUtils.java:117)
	at org.apache.ratis.server.impl.RaftServerImpl.lambda$executeSubmitServerRequestAsync$11(RaftServerImpl.java:813)
	at java.base/java.util.concurrent.CompletableFuture$AsyncSupply.run(CompletableFuture.java:1700)
	at java.base/java.util.concurrent.ThreadPoolExecutor.runWorker(ThreadPoolExecutor.java:1128)
	at java.base/java.util.concurrent.ThreadPoolExecutor$Worker.run(ThreadPoolExecutor.java:628)
	... 1 more
2022-10-20 09:08:43,288 [grpc-default-executor-7] INFO  leader.FollowerInfo (FollowerInfoImpl.java:lambda$new$0(48)) - s0@group-4D961C7EB769->s1: nextIndex: updateUnconditionally 12 -> 11
2022-10-20 09:08:43,291 [grpc-default-executor-7] WARN  server.GrpcLogAppender (LogUtils.java:warn(124)) - s0@group-4D961C7EB769->s2-AppendLogResponseHandler: Failed appendEntries
org.apache.ratis.server.raftlog.RaftLogIOException: Log already failed at index 10 for task WriteLog:10: (t:2, i:10), STATEMACHINELOGENTRY, StateMachineLogEntryProto:381@client-349F60F21BB2
	at org.apache.ratis.server.raftlog.segmented.SegmentedRaftLogWorker.run(SegmentedRaftLogWorker.java:319)
	at java.base/java.lang.Thread.run(Thread.java:829)
Caused by: java.io.IOException: java.lang.IllegalStateException: Null stream: entry=term: 2
index: 10
stateMachineLogEntry {
  type: DATASTREAM
  clientId: "\226$S\262\361\307C\016\217\3264\237`\362\033\262"
  callId: 381
}

	at org.apache.ratis.util.IOUtils.asIOException(IOUtils.java:56)
	at org.apache.ratis.util.IOUtils.toIOException(IOUtils.java:61)
	at org.apache.ratis.util.IOUtils.getFromFuture(IOUtils.java:85)
	at org.apache.ratis.server.raftlog.segmented.SegmentedRaftLogWorker$StateMachineDataPolicy.getFromFuture(SegmentedRaftLogWorker.java:88)
	at org.apache.ratis.server.raftlog.segmented.SegmentedRaftLogWorker$WriteLog.execute(SegmentedRaftLogWorker.java:540)
	at org.apache.ratis.server.raftlog.segmented.SegmentedRaftLogWorker.run(SegmentedRaftLogWorker.java:307)
	... 1 more
Caused by: java.lang.IllegalStateException: Null stream: entry=term: 2
index: 10
stateMachineLogEntry {
  type: DATASTREAM
  clientId: "\226$S\262\361\307C\016\217\3264\237`\362\033\262"
  callId: 381
}

	at org.apache.ratis.datastream.DataStreamTestUtils$MultiDataStreamStateMachine.link(DataStreamTestUtils.java:159)
	at org.apache.ratis.server.raftlog.segmented.SegmentedRaftLogWorker$WriteLog.<init>(SegmentedRaftLogWorker.java:497)
	at org.apache.ratis.server.raftlog.segmented.SegmentedRaftLogWorker.writeLogEntry(SegmentedRaftLogWorker.java:443)
	at org.apache.ratis.server.raftlog.segmented.SegmentedRaftLog.appendEntryImpl(SegmentedRaftLog.java:409)
	at org.apache.ratis.server.raftlog.RaftLogBase.lambda$appendEntry$10(RaftLogBase.java:330)
	at org.apache.ratis.server.raftlog.RaftLogSequentialOps$Runner.runSequentially(RaftLogSequentialOps.java:78)
	at org.apache.ratis.server.raftlog.RaftLogBase.appendEntry(RaftLogBase.java:330)
	at org.apache.ratis.server.raftlog.segmented.SegmentedRaftLog.appendImpl(SegmentedRaftLog.java:456)
	at org.apache.ratis.server.raftlog.RaftLogBase.lambda$append$11(RaftLogBase.java:337)
	at org.apache.ratis.server.raftlog.RaftLogSequentialOps$Runner.runSequentially(RaftLogSequentialOps.java:69)
	at org.apache.ratis.server.raftlog.RaftLogBase.append(RaftLogBase.java:337)
	at org.apache.ratis.server.impl.RaftServerImpl.appendEntriesAsync(RaftServerImpl.java:1517)
	at org.apache.ratis.server.impl.RaftServerImpl.appendEntriesAsync(RaftServerImpl.java:1385)
	at org.apache.ratis.server.impl.RaftServerProxy.lambda$appendEntriesAsync$26(RaftServerProxy.java:634)
	at org.apache.ratis.util.JavaUtils.callAsUnchecked(JavaUtils.java:117)
	at org.apache.ratis.server.impl.RaftServerImpl.lambda$executeSubmitServerRequestAsync$11(RaftServerImpl.java:813)
	at java.base/java.util.concurrent.CompletableFuture$AsyncSupply.run(CompletableFuture.java:1700)
	at java.base/java.util.concurrent.ThreadPoolExecutor.runWorker(ThreadPoolExecutor.java:1128)
	at java.base/java.util.concurrent.ThreadPoolExecutor$Worker.run(ThreadPoolExecutor.java:628)
	... 1 more
2022-10-20 09:08:43,291 [grpc-default-executor-7] INFO  leader.FollowerInfo (FollowerInfoImpl.java:lambda$new$0(48)) - s0@group-4D961C7EB769->s2: nextIndex: updateUnconditionally 12 -> 11
2022-10-20 09:08:48,003 [Timer-2] INFO  impl.MiniRaftCluster (MiniRaftCluster.java:lambda$start$6(349)) - TIMED-PRINT: printing ALL groups
  s0:  RUNNING    LEADER s0@group-4D961C7EB769:t2, leader=s0, voted=s0, raftlog=Memoized:s0@group-4D961C7EB769-SegmentedRaftLog:OPENED:c9, conf=8: peers:[s0|rpc:localhost:34285|admin:localhost:46479|client:localhost:45349|dataStream:localhost:34817|priority:0|startupRole:FOLLOWER, s1|rpc:localhost:36349|admin:localhost:44151|client:localhost:32813|dataStream:localhost:35611|priority:0|startupRole:FOLLOWER, s2|rpc:localhost:42199|admin:localhost:38403|client:localhost:35043|dataStream:localhost:38209|priority:0|startupRole:FOLLOWER]|listeners:[], old=null RUNNING
  s1:  RUNNING  FOLLOWER s1@group-4D961C7EB769:t2, leader=s0, voted=s0, raftlog=Memoized:s1@group-4D961C7EB769-SegmentedRaftLog:OPENED:c9, conf=8: peers:[s0|rpc:localhost:34285|admin:localhost:46479|client:localhost:45349|dataStream:localhost:34817|priority:0|startupRole:FOLLOWER, s1|rpc:localhost:36349|admin:localhost:44151|client:localhost:32813|dataStream:localhost:35611|priority:0|startupRole:FOLLOWER, s2|rpc:localhost:42199|admin:localhost:38403|client:localhost:35043|dataStream:localhost:38209|priority:0|startupRole:FOLLOWER]|listeners:[], old=null RUNNING
  s2:  RUNNING  FOLLOWER s2@group-4D961C7EB769:t2, leader=s0, voted=s0, raftlog=Memoized:s2@group-4D961C7EB769-SegmentedRaftLog:OPENED:c9, conf=8: peers:[s0|rpc:localhost:34285|admin:localhost:46479|client:localhost:45349|dataStream:localhost:34817|priority:0|startupRole:FOLLOWER, s1|rpc:localhost:36349|admin:localhost:44151|client:localhost:32813|dataStream:localhost:35611|priority:0|startupRole:FOLLOWER, s2|rpc:localhost:42199|admin:localhost:38403|client:localhost:35043|dataStream:localhost:38209|priority:0|startupRole:FOLLOWER]|listeners:[], old=null RUNNING
2022-10-20 09:08:49,273 [timer3] WARN  grpc.GrpcUtil (GrpcUtil.java:shutdownManagedChannel(216)) - Timed out gracefully shutting down connection: ManagedChannelOrphanWrapper{delegate=ManagedChannelImpl{logId=516, target=localhost:45349}}. 
2022-10-20 09:08:55,392 [timer1] WARN  grpc.GrpcUtil (GrpcUtil.java:shutdownManagedChannel(216)) - Timed out gracefully shutting down connection: ManagedChannelOrphanWrapper{delegate=ManagedChannelImpl{logId=530, target=localhost:45349}}. 
2022-10-20 09:08:58,003 [Timer-2] INFO  impl.MiniRaftCluster (MiniRaftCluster.java:lambda$start$6(349)) - TIMED-PRINT: printing ALL groups
  s0:  RUNNING    LEADER s0@group-4D961C7EB769:t2, leader=s0, voted=s0, raftlog=Memoized:s0@group-4D961C7EB769-SegmentedRaftLog:OPENED:c9, conf=8: peers:[s0|rpc:localhost:34285|admin:localhost:46479|client:localhost:45349|dataStream:localhost:34817|priority:0|startupRole:FOLLOWER, s1|rpc:localhost:36349|admin:localhost:44151|client:localhost:32813|dataStream:localhost:35611|priority:0|startupRole:FOLLOWER, s2|rpc:localhost:42199|admin:localhost:38403|client:localhost:35043|dataStream:localhost:38209|priority:0|startupRole:FOLLOWER]|listeners:[], old=null RUNNING
  s1:  RUNNING  FOLLOWER s1@group-4D961C7EB769:t2, leader=s0, voted=s0, raftlog=Memoized:s1@group-4D961C7EB769-SegmentedRaftLog:OPENED:c9, conf=8: peers:[s0|rpc:localhost:34285|admin:localhost:46479|client:localhost:45349|dataStream:localhost:34817|priority:0|startupRole:FOLLOWER, s1|rpc:localhost:36349|admin:localhost:44151|client:localhost:32813|dataStream:localhost:35611|priority:0|startupRole:FOLLOWER, s2|rpc:localhost:42199|admin:localhost:38403|client:localhost:35043|dataStream:localhost:38209|priority:0|startupRole:FOLLOWER]|listeners:[], old=null RUNNING
  s2:  RUNNING  FOLLOWER s2@group-4D961C7EB769:t2, leader=s0, voted=s0, raftlog=Memoized:s2@group-4D961C7EB769-SegmentedRaftLog:OPENED:c9, conf=8: peers:[s0|rpc:localhost:34285|admin:localhost:46479|client:localhost:45349|dataStream:localhost:34817|priority:0|startupRole:FOLLOWER, s1|rpc:localhost:36349|admin:localhost:44151|client:localhost:32813|dataStream:localhost:35611|priority:0|startupRole:FOLLOWER, s2|rpc:localhost:42199|admin:localhost:38403|client:localhost:35043|dataStream:localhost:38209|priority:0|startupRole:FOLLOWER]|listeners:[], old=null RUNNING
2022-10-20 09:09:01,513 [timer5] WARN  grpc.GrpcUtil (GrpcUtil.java:shutdownManagedChannel(216)) - Timed out gracefully shutting down connection: ManagedChannelOrphanWrapper{delegate=ManagedChannelImpl{logId=544, target=localhost:45349}}. 
2022-10-20 09:09:07,639 [timer3] WARN  grpc.GrpcUtil (GrpcUtil.java:shutdownManagedChannel(216)) - Timed out gracefully shutting down connection: ManagedChannelOrphanWrapper{delegate=ManagedChannelImpl{logId=558, target=localhost:45349}}. 
2022-10-20 09:09:08,004 [Timer-2] INFO  impl.MiniRaftCluster (MiniRaftCluster.java:lambda$start$6(349)) - TIMED-PRINT: printing ALL groups
  s0:  RUNNING    LEADER s0@group-4D961C7EB769:t2, leader=s0, voted=s0, raftlog=Memoized:s0@group-4D961C7EB769-SegmentedRaftLog:OPENED:c9, conf=8: peers:[s0|rpc:localhost:34285|admin:localhost:46479|client:localhost:45349|dataStream:localhost:34817|priority:0|startupRole:FOLLOWER, s1|rpc:localhost:36349|admin:localhost:44151|client:localhost:32813|dataStream:localhost:35611|priority:0|startupRole:FOLLOWER, s2|rpc:localhost:42199|admin:localhost:38403|client:localhost:35043|dataStream:localhost:38209|priority:0|startupRole:FOLLOWER]|listeners:[], old=null RUNNING
  s1:  RUNNING  FOLLOWER s1@group-4D961C7EB769:t2, leader=s0, voted=s0, raftlog=Memoized:s1@group-4D961C7EB769-SegmentedRaftLog:OPENED:c9, conf=8: peers:[s0|rpc:localhost:34285|admin:localhost:46479|client:localhost:45349|dataStream:localhost:34817|priority:0|startupRole:FOLLOWER, s1|rpc:localhost:36349|admin:localhost:44151|client:localhost:32813|dataStream:localhost:35611|priority:0|startupRole:FOLLOWER, s2|rpc:localhost:42199|admin:localhost:38403|client:localhost:35043|dataStream:localhost:38209|priority:0|startupRole:FOLLOWER]|listeners:[], old=null RUNNING
  s2:  RUNNING  FOLLOWER s2@group-4D961C7EB769:t2, leader=s0, voted=s0, raftlog=Memoized:s2@group-4D961C7EB769-SegmentedRaftLog:OPENED:c9, conf=8: peers:[s0|rpc:localhost:34285|admin:localhost:46479|client:localhost:45349|dataStream:localhost:34817|priority:0|startupRole:FOLLOWER, s1|rpc:localhost:36349|admin:localhost:44151|client:localhost:32813|dataStream:localhost:35611|priority:0|startupRole:FOLLOWER, s2|rpc:localhost:42199|admin:localhost:38403|client:localhost:35043|dataStream:localhost:38209|priority:0|startupRole:FOLLOWER]|listeners:[], old=null RUNNING
2022-10-20 09:09:13,760 [timer5] WARN  grpc.GrpcUtil (GrpcUtil.java:shutdownManagedChannel(216)) - Timed out gracefully shutting down connection: ManagedChannelOrphanWrapper{delegate=ManagedChannelImpl{logId=572, target=localhost:45349}}. 
2022-10-20 09:09:18,004 [Timer-2] INFO  impl.MiniRaftCluster (MiniRaftCluster.java:lambda$start$6(349)) - TIMED-PRINT: printing ALL groups
  s0:  RUNNING    LEADER s0@group-4D961C7EB769:t2, leader=s0, voted=s0, raftlog=Memoized:s0@group-4D961C7EB769-SegmentedRaftLog:OPENED:c9, conf=8: peers:[s0|rpc:localhost:34285|admin:localhost:46479|client:localhost:45349|dataStream:localhost:34817|priority:0|startupRole:FOLLOWER, s1|rpc:localhost:36349|admin:localhost:44151|client:localhost:32813|dataStream:localhost:35611|priority:0|startupRole:FOLLOWER, s2|rpc:localhost:42199|admin:localhost:38403|client:localhost:35043|dataStream:localhost:38209|priority:0|startupRole:FOLLOWER]|listeners:[], old=null RUNNING
  s1:  RUNNING  FOLLOWER s1@group-4D961C7EB769:t2, leader=s0, voted=s0, raftlog=Memoized:s1@group-4D961C7EB769-SegmentedRaftLog:OPENED:c9, conf=8: peers:[s0|rpc:localhost:34285|admin:localhost:46479|client:localhost:45349|dataStream:localhost:34817|priority:0|startupRole:FOLLOWER, s1|rpc:localhost:36349|admin:localhost:44151|client:localhost:32813|dataStream:localhost:35611|priority:0|startupRole:FOLLOWER, s2|rpc:localhost:42199|admin:localhost:38403|client:localhost:35043|dataStream:localhost:38209|priority:0|startupRole:FOLLOWER]|listeners:[], old=null RUNNING
  s2:  RUNNING  FOLLOWER s2@group-4D961C7EB769:t2, leader=s0, voted=s0, raftlog=Memoized:s2@group-4D961C7EB769-SegmentedRaftLog:OPENED:c9, conf=8: peers:[s0|rpc:localhost:34285|admin:localhost:46479|client:localhost:45349|dataStream:localhost:34817|priority:0|startupRole:FOLLOWER, s1|rpc:localhost:36349|admin:localhost:44151|client:localhost:32813|dataStream:localhost:35611|priority:0|startupRole:FOLLOWER, s2|rpc:localhost:42199|admin:localhost:38403|client:localhost:35043|dataStream:localhost:38209|priority:0|startupRole:FOLLOWER]|listeners:[], old=null RUNNING
2022-10-20 09:09:19,885 [timer4] WARN  grpc.GrpcUtil (GrpcUtil.java:shutdownManagedChannel(216)) - Timed out gracefully shutting down connection: ManagedChannelOrphanWrapper{delegate=ManagedChannelImpl{logId=586, target=localhost:45349}}. 
2022-10-20 09:09:26,010 [timer2] WARN  grpc.GrpcUtil (GrpcUtil.java:shutdownManagedChannel(216)) - Timed out gracefully shutting down connection: ManagedChannelOrphanWrapper{delegate=ManagedChannelImpl{logId=600, target=localhost:45349}}. 
2022-10-20 09:09:28,004 [Timer-2] INFO  impl.MiniRaftCluster (MiniRaftCluster.java:lambda$start$6(349)) - TIMED-PRINT: printing ALL groups
  s0:  RUNNING    LEADER s0@group-4D961C7EB769:t2, leader=s0, voted=s0, raftlog=Memoized:s0@group-4D961C7EB769-SegmentedRaftLog:OPENED:c9, conf=8: peers:[s0|rpc:localhost:34285|admin:localhost:46479|client:localhost:45349|dataStream:localhost:34817|priority:0|startupRole:FOLLOWER, s1|rpc:localhost:36349|admin:localhost:44151|client:localhost:32813|dataStream:localhost:35611|priority:0|startupRole:FOLLOWER, s2|rpc:localhost:42199|admin:localhost:38403|client:localhost:35043|dataStream:localhost:38209|priority:0|startupRole:FOLLOWER]|listeners:[], old=null RUNNING
  s1:  RUNNING  FOLLOWER s1@group-4D961C7EB769:t2, leader=s0, voted=s0, raftlog=Memoized:s1@group-4D961C7EB769-SegmentedRaftLog:OPENED:c9, conf=8: peers:[s0|rpc:localhost:34285|admin:localhost:46479|client:localhost:45349|dataStream:localhost:34817|priority:0|startupRole:FOLLOWER, s1|rpc:localhost:36349|admin:localhost:44151|client:localhost:32813|dataStream:localhost:35611|priority:0|startupRole:FOLLOWER, s2|rpc:localhost:42199|admin:localhost:38403|client:localhost:35043|dataStream:localhost:38209|priority:0|startupRole:FOLLOWER]|listeners:[], old=null RUNNING
  s2:  RUNNING  FOLLOWER s2@group-4D961C7EB769:t2, leader=s0, voted=s0, raftlog=Memoized:s2@group-4D961C7EB769-SegmentedRaftLog:OPENED:c9, conf=8: peers:[s0|rpc:localhost:34285|admin:localhost:46479|client:localhost:45349|dataStream:localhost:34817|priority:0|startupRole:FOLLOWER, s1|rpc:localhost:36349|admin:localhost:44151|client:localhost:32813|dataStream:localhost:35611|priority:0|startupRole:FOLLOWER, s2|rpc:localhost:42199|admin:localhost:38403|client:localhost:35043|dataStream:localhost:38209|priority:0|startupRole:FOLLOWER]|listeners:[], old=null RUNNING
2022-10-20 09:09:32,135 [timer0] WARN  grpc.GrpcUtil (GrpcUtil.java:shutdownManagedChannel(216)) - Timed out gracefully shutting down connection: ManagedChannelOrphanWrapper{delegate=ManagedChannelImpl{logId=614, target=localhost:45349}}. 
2022-10-20 09:09:38,005 [Timer-2] INFO  impl.MiniRaftCluster (MiniRaftCluster.java:lambda$start$6(349)) - TIMED-PRINT: printing ALL groups
  s0:  RUNNING    LEADER s0@group-4D961C7EB769:t2, leader=s0, voted=s0, raftlog=Memoized:s0@group-4D961C7EB769-SegmentedRaftLog:OPENED:c9, conf=8: peers:[s0|rpc:localhost:34285|admin:localhost:46479|client:localhost:45349|dataStream:localhost:34817|priority:0|startupRole:FOLLOWER, s1|rpc:localhost:36349|admin:localhost:44151|client:localhost:32813|dataStream:localhost:35611|priority:0|startupRole:FOLLOWER, s2|rpc:localhost:42199|admin:localhost:38403|client:localhost:35043|dataStream:localhost:38209|priority:0|startupRole:FOLLOWER]|listeners:[], old=null RUNNING
  s1:  RUNNING  FOLLOWER s1@group-4D961C7EB769:t2, leader=s0, voted=s0, raftlog=Memoized:s1@group-4D961C7EB769-SegmentedRaftLog:OPENED:c9, conf=8: peers:[s0|rpc:localhost:34285|admin:localhost:46479|client:localhost:45349|dataStream:localhost:34817|priority:0|startupRole:FOLLOWER, s1|rpc:localhost:36349|admin:localhost:44151|client:localhost:32813|dataStream:localhost:35611|priority:0|startupRole:FOLLOWER, s2|rpc:localhost:42199|admin:localhost:38403|client:localhost:35043|dataStream:localhost:38209|priority:0|startupRole:FOLLOWER]|listeners:[], old=null RUNNING
  s2:  RUNNING  FOLLOWER s2@group-4D961C7EB769:t2, leader=s0, voted=s0, raftlog=Memoized:s2@group-4D961C7EB769-SegmentedRaftLog:OPENED:c9, conf=8: peers:[s0|rpc:localhost:34285|admin:localhost:46479|client:localhost:45349|dataStream:localhost:34817|priority:0|startupRole:FOLLOWER, s1|rpc:localhost:36349|admin:localhost:44151|client:localhost:32813|dataStream:localhost:35611|priority:0|startupRole:FOLLOWER, s2|rpc:localhost:42199|admin:localhost:38403|client:localhost:35043|dataStream:localhost:38209|priority:0|startupRole:FOLLOWER]|listeners:[], old=null RUNNING
2022-10-20 09:09:38,253 [timer1] WARN  grpc.GrpcUtil (GrpcUtil.java:shutdownManagedChannel(216)) - Timed out gracefully shutting down connection: ManagedChannelOrphanWrapper{delegate=ManagedChannelImpl{logId=628, target=localhost:45349}}. 
2022-10-20 09:09:44,374 [timer1] WARN  grpc.GrpcUtil (GrpcUtil.java:shutdownManagedChannel(216)) - Timed out gracefully shutting down connection: ManagedChannelOrphanWrapper{delegate=ManagedChannelImpl{logId=642, target=localhost:45349}}. 
2022-10-20 09:09:44,493 [s0-client-thread1] INFO  statemachine.StateMachine (DataStreamTestUtils.java:link(157)) - link null
2022-10-20 09:09:44,494 [s2-server-thread1] INFO  statemachine.StateMachine (DataStreamTestUtils.java:link(157)) - link null
2022-10-20 09:09:44,496 [s2-server-thread1] WARN  server.GrpcServerProtocolService (LogUtils.java:warn(124)) - s2: Failed APPEND_ENTRIES request s0->s2#1614-t2,previous=(t:2, i:11),leaderCommit=9,initializing? true,entries: size=1, first=(t:2, i:12), STATEMACHINELOGENTRY, 381@client-349F60F21BB2
java.util.concurrent.CompletionException: org.apache.ratis.server.raftlog.RaftLogIOException: Log already failed at index 10 for task WriteLog:10: (t:2, i:10), STATEMACHINELOGENTRY, StateMachineLogEntryProto:381@client-349F60F21BB2
	at java.base/java.util.concurrent.CompletableFuture.encodeThrowable(CompletableFuture.java:331)
	at java.base/java.util.concurrent.CompletableFuture.completeThrowable(CompletableFuture.java:346)
	at java.base/java.util.concurrent.CompletableFuture$BiRelay.tryFire(CompletableFuture.java:1423)
	at java.base/java.util.concurrent.CompletableFuture$CoCompletion.tryFire(CompletableFuture.java:1144)
	at java.base/java.util.concurrent.CompletableFuture.postComplete(CompletableFuture.java:506)
	at java.base/java.util.concurrent.CompletableFuture.completeExceptionally(CompletableFuture.java:2088)
	at org.apache.ratis.server.raftlog.segmented.SegmentedRaftLog$Task.failed(SegmentedRaftLog.java:105)
	at org.apache.ratis.server.raftlog.segmented.SegmentedRaftLogWorker$WriteLog.failed(SegmentedRaftLogWorker.java:519)
	at org.apache.ratis.server.raftlog.segmented.SegmentedRaftLogWorker.run(SegmentedRaftLogWorker.java:316)
	at java.base/java.lang.Thread.run(Thread.java:829)
Caused by: org.apache.ratis.server.raftlog.RaftLogIOException: Log already failed at index 10 for task WriteLog:10: (t:2, i:10), STATEMACHINELOGENTRY, StateMachineLogEntryProto:381@client-349F60F21BB2
	at org.apache.ratis.server.raftlog.segmented.SegmentedRaftLogWorker.run(SegmentedRaftLogWorker.java:319)
	... 1 more
Caused by: java.io.IOException: java.lang.IllegalStateException: Null stream: entry=term: 2
index: 10
stateMachineLogEntry {
  type: DATASTREAM
  clientId: "\226$S\262\361\307C\016\217\3264\237`\362\033\262"
  callId: 381
}

	at org.apache.ratis.util.IOUtils.asIOException(IOUtils.java:56)
	at org.apache.ratis.util.IOUtils.toIOException(IOUtils.java:61)
	at org.apache.ratis.util.IOUtils.getFromFuture(IOUtils.java:85)
	at org.apache.ratis.server.raftlog.segmented.SegmentedRaftLogWorker$StateMachineDataPolicy.getFromFuture(SegmentedRaftLogWorker.java:88)
	at org.apache.ratis.server.raftlog.segmented.SegmentedRaftLogWorker$WriteLog.execute(SegmentedRaftLogWorker.java:540)
	at org.apache.ratis.server.raftlog.segmented.SegmentedRaftLogWorker.run(SegmentedRaftLogWorker.java:307)
	... 1 more
Caused by: java.lang.IllegalStateException: Null stream: entry=term: 2
index: 10
stateMachineLogEntry {
  type: DATASTREAM
  clientId: "\226$S\262\361\307C\016\217\3264\237`\362\033\262"
  callId: 381
}

	at org.apache.ratis.datastream.DataStreamTestUtils$MultiDataStreamStateMachine.link(DataStreamTestUtils.java:159)
	at org.apache.ratis.server.raftlog.segmented.SegmentedRaftLogWorker$WriteLog.<init>(SegmentedRaftLogWorker.java:497)
	at org.apache.ratis.server.raftlog.segmented.SegmentedRaftLogWorker.writeLogEntry(SegmentedRaftLogWorker.java:443)
	at org.apache.ratis.server.raftlog.segmented.SegmentedRaftLog.appendEntryImpl(SegmentedRaftLog.java:409)
	at org.apache.ratis.server.raftlog.RaftLogBase.lambda$appendEntry$10(RaftLogBase.java:330)
	at org.apache.ratis.server.raftlog.RaftLogSequentialOps$Runner.runSequentially(RaftLogSequentialOps.java:78)
	at org.apache.ratis.server.raftlog.RaftLogBase.appendEntry(RaftLogBase.java:330)
	at org.apache.ratis.server.raftlog.segmented.SegmentedRaftLog.appendImpl(SegmentedRaftLog.java:456)
	at org.apache.ratis.server.raftlog.RaftLogBase.lambda$append$11(RaftLogBase.java:337)
	at org.apache.ratis.server.raftlog.RaftLogSequentialOps$Runner.runSequentially(RaftLogSequentialOps.java:69)
	at org.apache.ratis.server.raftlog.RaftLogBase.append(RaftLogBase.java:337)
	at org.apache.ratis.server.impl.RaftServerImpl.appendEntriesAsync(RaftServerImpl.java:1517)
	at org.apache.ratis.server.impl.RaftServerImpl.appendEntriesAsync(RaftServerImpl.java:1385)
	at org.apache.ratis.server.impl.RaftServerProxy.lambda$appendEntriesAsync$26(RaftServerProxy.java:634)
	at org.apache.ratis.util.JavaUtils.callAsUnchecked(JavaUtils.java:117)
	at org.apache.ratis.server.impl.RaftServerImpl.lambda$executeSubmitServerRequestAsync$11(RaftServerImpl.java:813)
	at java.base/java.util.concurrent.CompletableFuture$AsyncSupply.run(CompletableFuture.java:1700)
	at java.base/java.util.concurrent.ThreadPoolExecutor.runWorker(ThreadPoolExecutor.java:1128)
	at java.base/java.util.concurrent.ThreadPoolExecutor$Worker.run(ThreadPoolExecutor.java:628)
	... 1 more
2022-10-20 09:09:44,497 [s1-server-thread2] INFO  statemachine.StateMachine (DataStreamTestUtils.java:link(157)) - link null
2022-10-20 09:09:44,498 [s1-server-thread2] WARN  server.GrpcServerProtocolService (LogUtils.java:warn(124)) - s1: Failed APPEND_ENTRIES request s0->s1#1619-t2,previous=(t:2, i:11),leaderCommit=9,initializing? true,entries: size=1, first=(t:2, i:12), STATEMACHINELOGENTRY, 381@client-349F60F21BB2
java.util.concurrent.CompletionException: org.apache.ratis.server.raftlog.RaftLogIOException: Log already failed at index 10 for task WriteLog:10: (t:2, i:10), STATEMACHINELOGENTRY, StateMachineLogEntryProto:381@client-349F60F21BB2
	at java.base/java.util.concurrent.CompletableFuture.encodeThrowable(CompletableFuture.java:331)
	at java.base/java.util.concurrent.CompletableFuture.completeThrowable(CompletableFuture.java:346)
	at java.base/java.util.concurrent.CompletableFuture$BiRelay.tryFire(CompletableFuture.java:1423)
	at java.base/java.util.concurrent.CompletableFuture$CoCompletion.tryFire(CompletableFuture.java:1144)
	at java.base/java.util.concurrent.CompletableFuture.postComplete(CompletableFuture.java:506)
	at java.base/java.util.concurrent.CompletableFuture.completeExceptionally(CompletableFuture.java:2088)
	at org.apache.ratis.server.raftlog.segmented.SegmentedRaftLog$Task.failed(SegmentedRaftLog.java:105)
	at org.apache.ratis.server.raftlog.segmented.SegmentedRaftLogWorker$WriteLog.failed(SegmentedRaftLogWorker.java:519)
	at org.apache.ratis.server.raftlog.segmented.SegmentedRaftLogWorker.run(SegmentedRaftLogWorker.java:316)
	at java.base/java.lang.Thread.run(Thread.java:829)
Caused by: org.apache.ratis.server.raftlog.RaftLogIOException: Log already failed at index 10 for task WriteLog:10: (t:2, i:10), STATEMACHINELOGENTRY, StateMachineLogEntryProto:381@client-349F60F21BB2
	at org.apache.ratis.server.raftlog.segmented.SegmentedRaftLogWorker.run(SegmentedRaftLogWorker.java:319)
	... 1 more
Caused by: java.io.IOException: java.lang.IllegalStateException: Null stream: entry=term: 2
index: 10
stateMachineLogEntry {
  type: DATASTREAM
  clientId: "\226$S\262\361\307C\016\217\3264\237`\362\033\262"
  callId: 381
}

	at org.apache.ratis.util.IOUtils.asIOException(IOUtils.java:56)
	at org.apache.ratis.util.IOUtils.toIOException(IOUtils.java:61)
	at org.apache.ratis.util.IOUtils.getFromFuture(IOUtils.java:85)
	at org.apache.ratis.server.raftlog.segmented.SegmentedRaftLogWorker$StateMachineDataPolicy.getFromFuture(SegmentedRaftLogWorker.java:88)
	at org.apache.ratis.server.raftlog.segmented.SegmentedRaftLogWorker$WriteLog.execute(SegmentedRaftLogWorker.java:540)
	at org.apache.ratis.server.raftlog.segmented.SegmentedRaftLogWorker.run(SegmentedRaftLogWorker.java:307)
	... 1 more
Caused by: java.lang.IllegalStateException: Null stream: entry=term: 2
index: 10
stateMachineLogEntry {
  type: DATASTREAM
  clientId: "\226$S\262\361\307C\016\217\3264\237`\362\033\262"
  callId: 381
}

	at org.apache.ratis.datastream.DataStreamTestUtils$MultiDataStreamStateMachine.link(DataStreamTestUtils.java:159)
	at org.apache.ratis.server.raftlog.segmented.SegmentedRaftLogWorker$WriteLog.<init>(SegmentedRaftLogWorker.java:497)
	at org.apache.ratis.server.raftlog.segmented.SegmentedRaftLogWorker.writeLogEntry(SegmentedRaftLogWorker.java:443)
	at org.apache.ratis.server.raftlog.segmented.SegmentedRaftLog.appendEntryImpl(SegmentedRaftLog.java:409)
	at org.apache.ratis.server.raftlog.RaftLogBase.lambda$appendEntry$10(RaftLogBase.java:330)
	at org.apache.ratis.server.raftlog.RaftLogSequentialOps$Runner.runSequentially(RaftLogSequentialOps.java:78)
	at org.apache.ratis.server.raftlog.RaftLogBase.appendEntry(RaftLogBase.java:330)
	at org.apache.ratis.server.raftlog.segmented.SegmentedRaftLog.appendImpl(SegmentedRaftLog.java:456)
	at org.apache.ratis.server.raftlog.RaftLogBase.lambda$append$11(RaftLogBase.java:337)
	at org.apache.ratis.server.raftlog.RaftLogSequentialOps$Runner.runSequentially(RaftLogSequentialOps.java:69)
	at org.apache.ratis.server.raftlog.RaftLogBase.append(RaftLogBase.java:337)
	at org.apache.ratis.server.impl.RaftServerImpl.appendEntriesAsync(RaftServerImpl.java:1517)
	at org.apache.ratis.server.impl.RaftServerImpl.appendEntriesAsync(RaftServerImpl.java:1385)
	at org.apache.ratis.server.impl.RaftServerProxy.lambda$appendEntriesAsync$26(RaftServerProxy.java:634)
	at org.apache.ratis.util.JavaUtils.callAsUnchecked(JavaUtils.java:117)
	at org.apache.ratis.server.impl.RaftServerImpl.lambda$executeSubmitServerRequestAsync$11(RaftServerImpl.java:813)
	at java.base/java.util.concurrent.CompletableFuture$AsyncSupply.run(CompletableFuture.java:1700)
	at java.base/java.util.concurrent.ThreadPoolExecutor.runWorker(ThreadPoolExecutor.java:1128)
	at java.base/java.util.concurrent.ThreadPoolExecutor$Worker.run(ThreadPoolExecutor.java:628)
	... 1 more
2022-10-20 09:09:44,514 [grpc-default-executor-0] WARN  server.GrpcLogAppender (LogUtils.java:warn(124)) - s0@group-4D961C7EB769->s2-AppendLogResponseHandler: Failed appendEntries
org.apache.ratis.server.raftlog.RaftLogIOException: Log already failed at index 10 for task WriteLog:10: (t:2, i:10), STATEMACHINELOGENTRY, StateMachineLogEntryProto:381@client-349F60F21BB2
	at org.apache.ratis.server.raftlog.segmented.SegmentedRaftLogWorker.run(SegmentedRaftLogWorker.java:319)
	at java.base/java.lang.Thread.run(Thread.java:829)
Caused by: java.io.IOException: java.lang.IllegalStateException: Null stream: entry=term: 2
index: 10
stateMachineLogEntry {
  type: DATASTREAM
  clientId: "\226$S\262\361\307C\016\217\3264\237`\362\033\262"
  callId: 381
}

	at org.apache.ratis.util.IOUtils.asIOException(IOUtils.java:56)
	at org.apache.ratis.util.IOUtils.toIOException(IOUtils.java:61)
	at org.apache.ratis.util.IOUtils.getFromFuture(IOUtils.java:85)
	at org.apache.ratis.server.raftlog.segmented.SegmentedRaftLogWorker$StateMachineDataPolicy.getFromFuture(SegmentedRaftLogWorker.java:88)
	at org.apache.ratis.server.raftlog.segmented.SegmentedRaftLogWorker$WriteLog.execute(SegmentedRaftLogWorker.java:540)
	at org.apache.ratis.server.raftlog.segmented.SegmentedRaftLogWorker.run(SegmentedRaftLogWorker.java:307)
	... 1 more
Caused by: java.lang.IllegalStateException: Null stream: entry=term: 2
index: 10
stateMachineLogEntry {
  type: DATASTREAM
  clientId: "\226$S\262\361\307C\016\217\3264\237`\362\033\262"
  callId: 381
}

	at org.apache.ratis.datastream.DataStreamTestUtils$MultiDataStreamStateMachine.link(DataStreamTestUtils.java:159)
	at org.apache.ratis.server.raftlog.segmented.SegmentedRaftLogWorker$WriteLog.<init>(SegmentedRaftLogWorker.java:497)
	at org.apache.ratis.server.raftlog.segmented.SegmentedRaftLogWorker.writeLogEntry(SegmentedRaftLogWorker.java:443)
	at org.apache.ratis.server.raftlog.segmented.SegmentedRaftLog.appendEntryImpl(SegmentedRaftLog.java:409)
	at org.apache.ratis.server.raftlog.RaftLogBase.lambda$appendEntry$10(RaftLogBase.java:330)
	at org.apache.ratis.server.raftlog.RaftLogSequentialOps$Runner.runSequentially(RaftLogSequentialOps.java:78)
	at org.apache.ratis.server.raftlog.RaftLogBase.appendEntry(RaftLogBase.java:330)
	at org.apache.ratis.server.raftlog.segmented.SegmentedRaftLog.appendImpl(SegmentedRaftLog.java:456)
	at org.apache.ratis.server.raftlog.RaftLogBase.lambda$append$11(RaftLogBase.java:337)
	at org.apache.ratis.server.raftlog.RaftLogSequentialOps$Runner.runSequentially(RaftLogSequentialOps.java:69)
	at org.apache.ratis.server.raftlog.RaftLogBase.append(RaftLogBase.java:337)
	at org.apache.ratis.server.impl.RaftServerImpl.appendEntriesAsync(RaftServerImpl.java:1517)
	at org.apache.ratis.server.impl.RaftServerImpl.appendEntriesAsync(RaftServerImpl.java:1385)
	at org.apache.ratis.server.impl.RaftServerProxy.lambda$appendEntriesAsync$26(RaftServerProxy.java:634)
	at org.apache.ratis.util.JavaUtils.callAsUnchecked(JavaUtils.java:117)
	at org.apache.ratis.server.impl.RaftServerImpl.lambda$executeSubmitServerRequestAsync$11(RaftServerImpl.java:813)
	at java.base/java.util.concurrent.CompletableFuture$AsyncSupply.run(CompletableFuture.java:1700)
	at java.base/java.util.concurrent.ThreadPoolExecutor.runWorker(ThreadPoolExecutor.java:1128)
	at java.base/java.util.concurrent.ThreadPoolExecutor$Worker.run(ThreadPoolExecutor.java:628)
	... 1 more
2022-10-20 09:09:44,514 [grpc-default-executor-0] INFO  leader.FollowerInfo (FollowerInfoImpl.java:lambda$new$0(48)) - s0@group-4D961C7EB769->s2: nextIndex: updateUnconditionally 13 -> 12
2022-10-20 09:09:44,519 [grpc-default-executor-0] WARN  server.GrpcLogAppender (LogUtils.java:warn(124)) - s0@group-4D961C7EB769->s1-AppendLogResponseHandler: Failed appendEntries
org.apache.ratis.server.raftlog.RaftLogIOException: Log already failed at index 10 for task WriteLog:10: (t:2, i:10), STATEMACHINELOGENTRY, StateMachineLogEntryProto:381@client-349F60F21BB2
	at org.apache.ratis.server.raftlog.segmented.SegmentedRaftLogWorker.run(SegmentedRaftLogWorker.java:319)
	at java.base/java.lang.Thread.run(Thread.java:829)
Caused by: java.io.IOException: java.lang.IllegalStateException: Null stream: entry=term: 2
index: 10
stateMachineLogEntry {
  type: DATASTREAM
  clientId: "\226$S\262\361\307C\016\217\3264\237`\362\033\262"
  callId: 381
}

	at org.apache.ratis.util.IOUtils.asIOException(IOUtils.java:56)
	at org.apache.ratis.util.IOUtils.toIOException(IOUtils.java:61)
	at org.apache.ratis.util.IOUtils.getFromFuture(IOUtils.java:85)
	at org.apache.ratis.server.raftlog.segmented.SegmentedRaftLogWorker$StateMachineDataPolicy.getFromFuture(SegmentedRaftLogWorker.java:88)
	at org.apache.ratis.server.raftlog.segmented.SegmentedRaftLogWorker$WriteLog.execute(SegmentedRaftLogWorker.java:540)
	at org.apache.ratis.server.raftlog.segmented.SegmentedRaftLogWorker.run(SegmentedRaftLogWorker.java:307)
	... 1 more
Caused by: java.lang.IllegalStateException: Null stream: entry=term: 2
index: 10
stateMachineLogEntry {
  type: DATASTREAM
  clientId: "\226$S\262\361\307C\016\217\3264\237`\362\033\262"
  callId: 381
}

	at org.apache.ratis.datastream.DataStreamTestUtils$MultiDataStreamStateMachine.link(DataStreamTestUtils.java:159)
	at org.apache.ratis.server.raftlog.segmented.SegmentedRaftLogWorker$WriteLog.<init>(SegmentedRaftLogWorker.java:497)
	at org.apache.ratis.server.raftlog.segmented.SegmentedRaftLogWorker.writeLogEntry(SegmentedRaftLogWorker.java:443)
	at org.apache.ratis.server.raftlog.segmented.SegmentedRaftLog.appendEntryImpl(SegmentedRaftLog.java:409)
	at org.apache.ratis.server.raftlog.RaftLogBase.lambda$appendEntry$10(RaftLogBase.java:330)
	at org.apache.ratis.server.raftlog.RaftLogSequentialOps$Runner.runSequentially(RaftLogSequentialOps.java:78)
	at org.apache.ratis.server.raftlog.RaftLogBase.appendEntry(RaftLogBase.java:330)
	at org.apache.ratis.server.raftlog.segmented.SegmentedRaftLog.appendImpl(SegmentedRaftLog.java:456)
	at org.apache.ratis.server.raftlog.RaftLogBase.lambda$append$11(RaftLogBase.java:337)
	at org.apache.ratis.server.raftlog.RaftLogSequentialOps$Runner.runSequentially(RaftLogSequentialOps.java:69)
	at org.apache.ratis.server.raftlog.RaftLogBase.append(RaftLogBase.java:337)
	at org.apache.ratis.server.impl.RaftServerImpl.appendEntriesAsync(RaftServerImpl.java:1517)
	at org.apache.ratis.server.impl.RaftServerImpl.appendEntriesAsync(RaftServerImpl.java:1385)
	at org.apache.ratis.server.impl.RaftServerProxy.lambda$appendEntriesAsync$26(RaftServerProxy.java:634)
	at org.apache.ratis.util.JavaUtils.callAsUnchecked(JavaUtils.java:117)
	at org.apache.ratis.server.impl.RaftServerImpl.lambda$executeSubmitServerRequestAsync$11(RaftServerImpl.java:813)
	at java.base/java.util.concurrent.CompletableFuture$AsyncSupply.run(CompletableFuture.java:1700)
	at java.base/java.util.concurrent.ThreadPoolExecutor.runWorker(ThreadPoolExecutor.java:1128)
	at java.base/java.util.concurrent.ThreadPoolExecutor$Worker.run(ThreadPoolExecutor.java:628)
	... 1 more
2022-10-20 09:09:44,519 [grpc-default-executor-0] INFO  leader.FollowerInfo (FollowerInfoImpl.java:lambda$new$0(48)) - s0@group-4D961C7EB769->s1: nextIndex: updateUnconditionally 13 -> 12
2022-10-20 09:09:48,004 [Timer-2] INFO  impl.MiniRaftCluster (MiniRaftCluster.java:lambda$start$6(349)) - TIMED-PRINT: printing ALL groups
  s0:  RUNNING    LEADER s0@group-4D961C7EB769:t2, leader=s0, voted=s0, raftlog=Memoized:s0@group-4D961C7EB769-SegmentedRaftLog:OPENED:c9, conf=8: peers:[s0|rpc:localhost:34285|admin:localhost:46479|client:localhost:45349|dataStream:localhost:34817|priority:0|startupRole:FOLLOWER, s1|rpc:localhost:36349|admin:localhost:44151|client:localhost:32813|dataStream:localhost:35611|priority:0|startupRole:FOLLOWER, s2|rpc:localhost:42199|admin:localhost:38403|client:localhost:35043|dataStream:localhost:38209|priority:0|startupRole:FOLLOWER]|listeners:[], old=null RUNNING
  s1:  RUNNING  FOLLOWER s1@group-4D961C7EB769:t2, leader=s0, voted=s0, raftlog=Memoized:s1@group-4D961C7EB769-SegmentedRaftLog:OPENED:c9, conf=8: peers:[s0|rpc:localhost:34285|admin:localhost:46479|client:localhost:45349|dataStream:localhost:34817|priority:0|startupRole:FOLLOWER, s1|rpc:localhost:36349|admin:localhost:44151|client:localhost:32813|dataStream:localhost:35611|priority:0|startupRole:FOLLOWER, s2|rpc:localhost:42199|admin:localhost:38403|client:localhost:35043|dataStream:localhost:38209|priority:0|startupRole:FOLLOWER]|listeners:[], old=null RUNNING
  s2:  RUNNING  FOLLOWER s2@group-4D961C7EB769:t2, leader=s0, voted=s0, raftlog=Memoized:s2@group-4D961C7EB769-SegmentedRaftLog:OPENED:c9, conf=8: peers:[s0|rpc:localhost:34285|admin:localhost:46479|client:localhost:45349|dataStream:localhost:34817|priority:0|startupRole:FOLLOWER, s1|rpc:localhost:36349|admin:localhost:44151|client:localhost:32813|dataStream:localhost:35611|priority:0|startupRole:FOLLOWER, s2|rpc:localhost:42199|admin:localhost:38403|client:localhost:35043|dataStream:localhost:38209|priority:0|startupRole:FOLLOWER]|listeners:[], old=null RUNNING
2022-10-20 09:09:50,491 [timer1] WARN  grpc.GrpcUtil (GrpcUtil.java:shutdownManagedChannel(216)) - Timed out gracefully shutting down connection: ManagedChannelOrphanWrapper{delegate=ManagedChannelImpl{logId=656, target=localhost:45349}}. 
2022-10-20 09:09:56,610 [timer1] WARN  grpc.GrpcUtil (GrpcUtil.java:shutdownManagedChannel(216)) - Timed out gracefully shutting down connection: ManagedChannelOrphanWrapper{delegate=ManagedChannelImpl{logId=670, target=localhost:45349}}. 
2022-10-20 09:09:58,005 [Timer-2] INFO  impl.MiniRaftCluster (MiniRaftCluster.java:lambda$start$6(349)) - TIMED-PRINT: printing ALL groups
  s0:  RUNNING    LEADER s0@group-4D961C7EB769:t2, leader=s0, voted=s0, raftlog=Memoized:s0@group-4D961C7EB769-SegmentedRaftLog:OPENED:c9, conf=8: peers:[s0|rpc:localhost:34285|admin:localhost:46479|client:localhost:45349|dataStream:localhost:34817|priority:0|startupRole:FOLLOWER, s1|rpc:localhost:36349|admin:localhost:44151|client:localhost:32813|dataStream:localhost:35611|priority:0|startupRole:FOLLOWER, s2|rpc:localhost:42199|admin:localhost:38403|client:localhost:35043|dataStream:localhost:38209|priority:0|startupRole:FOLLOWER]|listeners:[], old=null RUNNING
  s1:  RUNNING  FOLLOWER s1@group-4D961C7EB769:t2, leader=s0, voted=s0, raftlog=Memoized:s1@group-4D961C7EB769-SegmentedRaftLog:OPENED:c9, conf=8: peers:[s0|rpc:localhost:34285|admin:localhost:46479|client:localhost:45349|dataStream:localhost:34817|priority:0|startupRole:FOLLOWER, s1|rpc:localhost:36349|admin:localhost:44151|client:localhost:32813|dataStream:localhost:35611|priority:0|startupRole:FOLLOWER, s2|rpc:localhost:42199|admin:localhost:38403|client:localhost:35043|dataStream:localhost:38209|priority:0|startupRole:FOLLOWER]|listeners:[], old=null RUNNING
  s2:  RUNNING  FOLLOWER s2@group-4D961C7EB769:t2, leader=s0, voted=s0, raftlog=Memoized:s2@group-4D961C7EB769-SegmentedRaftLog:OPENED:c9, conf=8: peers:[s0|rpc:localhost:34285|admin:localhost:46479|client:localhost:45349|dataStream:localhost:34817|priority:0|startupRole:FOLLOWER, s1|rpc:localhost:36349|admin:localhost:44151|client:localhost:32813|dataStream:localhost:35611|priority:0|startupRole:FOLLOWER, s2|rpc:localhost:42199|admin:localhost:38403|client:localhost:35043|dataStream:localhost:38209|priority:0|startupRole:FOLLOWER]|listeners:[], old=null RUNNING
2022-10-20 09:10:02,728 [timer1] WARN  grpc.GrpcUtil (GrpcUtil.java:shutdownManagedChannel(216)) - Timed out gracefully shutting down connection: ManagedChannelOrphanWrapper{delegate=ManagedChannelImpl{logId=684, target=localhost:45349}}. 
2022-10-20 09:10:08,004 [Timer-2] INFO  impl.MiniRaftCluster (MiniRaftCluster.java:lambda$start$6(349)) - TIMED-PRINT: printing ALL groups
  s0:  RUNNING    LEADER s0@group-4D961C7EB769:t2, leader=s0, voted=s0, raftlog=Memoized:s0@group-4D961C7EB769-SegmentedRaftLog:OPENED:c9, conf=8: peers:[s0|rpc:localhost:34285|admin:localhost:46479|client:localhost:45349|dataStream:localhost:34817|priority:0|startupRole:FOLLOWER, s1|rpc:localhost:36349|admin:localhost:44151|client:localhost:32813|dataStream:localhost:35611|priority:0|startupRole:FOLLOWER, s2|rpc:localhost:42199|admin:localhost:38403|client:localhost:35043|dataStream:localhost:38209|priority:0|startupRole:FOLLOWER]|listeners:[], old=null RUNNING
  s1:  RUNNING  FOLLOWER s1@group-4D961C7EB769:t2, leader=s0, voted=s0, raftlog=Memoized:s1@group-4D961C7EB769-SegmentedRaftLog:OPENED:c9, conf=8: peers:[s0|rpc:localhost:34285|admin:localhost:46479|client:localhost:45349|dataStream:localhost:34817|priority:0|startupRole:FOLLOWER, s1|rpc:localhost:36349|admin:localhost:44151|client:localhost:32813|dataStream:localhost:35611|priority:0|startupRole:FOLLOWER, s2|rpc:localhost:42199|admin:localhost:38403|client:localhost:35043|dataStream:localhost:38209|priority:0|startupRole:FOLLOWER]|listeners:[], old=null RUNNING
  s2:  RUNNING  FOLLOWER s2@group-4D961C7EB769:t2, leader=s0, voted=s0, raftlog=Memoized:s2@group-4D961C7EB769-SegmentedRaftLog:OPENED:c9, conf=8: peers:[s0|rpc:localhost:34285|admin:localhost:46479|client:localhost:45349|dataStream:localhost:34817|priority:0|startupRole:FOLLOWER, s1|rpc:localhost:36349|admin:localhost:44151|client:localhost:32813|dataStream:localhost:35611|priority:0|startupRole:FOLLOWER, s2|rpc:localhost:42199|admin:localhost:38403|client:localhost:35043|dataStream:localhost:38209|priority:0|startupRole:FOLLOWER]|listeners:[], old=null RUNNING
2022-10-20 09:10:08,856 [timer1] WARN  grpc.GrpcUtil (GrpcUtil.java:shutdownManagedChannel(216)) - Timed out gracefully shutting down connection: ManagedChannelOrphanWrapper{delegate=ManagedChannelImpl{logId=698, target=localhost:45349}}. 
2022-10-20 09:10:14,974 [timer3] WARN  grpc.GrpcUtil (GrpcUtil.java:shutdownManagedChannel(216)) - Timed out gracefully shutting down connection: ManagedChannelOrphanWrapper{delegate=ManagedChannelImpl{logId=712, target=localhost:45349}}. 
2022-10-20 09:10:18,004 [Timer-2] INFO  impl.MiniRaftCluster (MiniRaftCluster.java:lambda$start$6(349)) - TIMED-PRINT: printing ALL groups
  s0:  RUNNING    LEADER s0@group-4D961C7EB769:t2, leader=s0, voted=s0, raftlog=Memoized:s0@group-4D961C7EB769-SegmentedRaftLog:OPENED:c9, conf=8: peers:[s0|rpc:localhost:34285|admin:localhost:46479|client:localhost:45349|dataStream:localhost:34817|priority:0|startupRole:FOLLOWER, s1|rpc:localhost:36349|admin:localhost:44151|client:localhost:32813|dataStream:localhost:35611|priority:0|startupRole:FOLLOWER, s2|rpc:localhost:42199|admin:localhost:38403|client:localhost:35043|dataStream:localhost:38209|priority:0|startupRole:FOLLOWER]|listeners:[], old=null RUNNING
  s1:  RUNNING  FOLLOWER s1@group-4D961C7EB769:t2, leader=s0, voted=s0, raftlog=Memoized:s1@group-4D961C7EB769-SegmentedRaftLog:OPENED:c9, conf=8: peers:[s0|rpc:localhost:34285|admin:localhost:46479|client:localhost:45349|dataStream:localhost:34817|priority:0|startupRole:FOLLOWER, s1|rpc:localhost:36349|admin:localhost:44151|client:localhost:32813|dataStream:localhost:35611|priority:0|startupRole:FOLLOWER, s2|rpc:localhost:42199|admin:localhost:38403|client:localhost:35043|dataStream:localhost:38209|priority:0|startupRole:FOLLOWER]|listeners:[], old=null RUNNING
  s2:  RUNNING  FOLLOWER s2@group-4D961C7EB769:t2, leader=s0, voted=s0, raftlog=Memoized:s2@group-4D961C7EB769-SegmentedRaftLog:OPENED:c9, conf=8: peers:[s0|rpc:localhost:34285|admin:localhost:46479|client:localhost:45349|dataStream:localhost:34817|priority:0|startupRole:FOLLOWER, s1|rpc:localhost:36349|admin:localhost:44151|client:localhost:32813|dataStream:localhost:35611|priority:0|startupRole:FOLLOWER, s2|rpc:localhost:42199|admin:localhost:38403|client:localhost:35043|dataStream:localhost:38209|priority:0|startupRole:FOLLOWER]|listeners:[], old=null RUNNING
2022-10-20 09:10:21,092 [timer3] WARN  grpc.GrpcUtil (GrpcUtil.java:shutdownManagedChannel(216)) - Timed out gracefully shutting down connection: ManagedChannelOrphanWrapper{delegate=ManagedChannelImpl{logId=726, target=localhost:45349}}. 
2022-10-20 09:10:27,218 [timer1] WARN  grpc.GrpcUtil (GrpcUtil.java:shutdownManagedChannel(216)) - Timed out gracefully shutting down connection: ManagedChannelOrphanWrapper{delegate=ManagedChannelImpl{logId=740, target=localhost:45349}}. 
2022-10-20 09:10:28,005 [Timer-2] INFO  impl.MiniRaftCluster (MiniRaftCluster.java:lambda$start$6(349)) - TIMED-PRINT: printing ALL groups
  s0:  RUNNING    LEADER s0@group-4D961C7EB769:t2, leader=s0, voted=s0, raftlog=Memoized:s0@group-4D961C7EB769-SegmentedRaftLog:OPENED:c9, conf=8: peers:[s0|rpc:localhost:34285|admin:localhost:46479|client:localhost:45349|dataStream:localhost:34817|priority:0|startupRole:FOLLOWER, s1|rpc:localhost:36349|admin:localhost:44151|client:localhost:32813|dataStream:localhost:35611|priority:0|startupRole:FOLLOWER, s2|rpc:localhost:42199|admin:localhost:38403|client:localhost:35043|dataStream:localhost:38209|priority:0|startupRole:FOLLOWER]|listeners:[], old=null RUNNING
  s1:  RUNNING  FOLLOWER s1@group-4D961C7EB769:t2, leader=s0, voted=s0, raftlog=Memoized:s1@group-4D961C7EB769-SegmentedRaftLog:OPENED:c9, conf=8: peers:[s0|rpc:localhost:34285|admin:localhost:46479|client:localhost:45349|dataStream:localhost:34817|priority:0|startupRole:FOLLOWER, s1|rpc:localhost:36349|admin:localhost:44151|client:localhost:32813|dataStream:localhost:35611|priority:0|startupRole:FOLLOWER, s2|rpc:localhost:42199|admin:localhost:38403|client:localhost:35043|dataStream:localhost:38209|priority:0|startupRole:FOLLOWER]|listeners:[], old=null RUNNING
  s2:  RUNNING  FOLLOWER s2@group-4D961C7EB769:t2, leader=s0, voted=s0, raftlog=Memoized:s2@group-4D961C7EB769-SegmentedRaftLog:OPENED:c9, conf=8: peers:[s0|rpc:localhost:34285|admin:localhost:46479|client:localhost:45349|dataStream:localhost:34817|priority:0|startupRole:FOLLOWER, s1|rpc:localhost:36349|admin:localhost:44151|client:localhost:32813|dataStream:localhost:35611|priority:0|startupRole:FOLLOWER, s2|rpc:localhost:42199|admin:localhost:38403|client:localhost:35043|dataStream:localhost:38209|priority:0|startupRole:FOLLOWER]|listeners:[], old=null RUNNING
2022-10-20 09:10:33,342 [timer1] WARN  grpc.GrpcUtil (GrpcUtil.java:shutdownManagedChannel(216)) - Timed out gracefully shutting down connection: ManagedChannelOrphanWrapper{delegate=ManagedChannelImpl{logId=754, target=localhost:45349}}. 
2022-10-20 09:10:38,004 [Timer-2] INFO  impl.MiniRaftCluster (MiniRaftCluster.java:lambda$start$6(349)) - TIMED-PRINT: printing ALL groups
  s0:  RUNNING    LEADER s0@group-4D961C7EB769:t2, leader=s0, voted=s0, raftlog=Memoized:s0@group-4D961C7EB769-SegmentedRaftLog:OPENED:c9, conf=8: peers:[s0|rpc:localhost:34285|admin:localhost:46479|client:localhost:45349|dataStream:localhost:34817|priority:0|startupRole:FOLLOWER, s1|rpc:localhost:36349|admin:localhost:44151|client:localhost:32813|dataStream:localhost:35611|priority:0|startupRole:FOLLOWER, s2|rpc:localhost:42199|admin:localhost:38403|client:localhost:35043|dataStream:localhost:38209|priority:0|startupRole:FOLLOWER]|listeners:[], old=null RUNNING
  s1:  RUNNING  FOLLOWER s1@group-4D961C7EB769:t2, leader=s0, voted=s0, raftlog=Memoized:s1@group-4D961C7EB769-SegmentedRaftLog:OPENED:c9, conf=8: peers:[s0|rpc:localhost:34285|admin:localhost:46479|client:localhost:45349|dataStream:localhost:34817|priority:0|startupRole:FOLLOWER, s1|rpc:localhost:36349|admin:localhost:44151|client:localhost:32813|dataStream:localhost:35611|priority:0|startupRole:FOLLOWER, s2|rpc:localhost:42199|admin:localhost:38403|client:localhost:35043|dataStream:localhost:38209|priority:0|startupRole:FOLLOWER]|listeners:[], old=null RUNNING
  s2:  RUNNING  FOLLOWER s2@group-4D961C7EB769:t2, leader=s0, voted=s0, raftlog=Memoized:s2@group-4D961C7EB769-SegmentedRaftLog:OPENED:c9, conf=8: peers:[s0|rpc:localhost:34285|admin:localhost:46479|client:localhost:45349|dataStream:localhost:34817|priority:0|startupRole:FOLLOWER, s1|rpc:localhost:36349|admin:localhost:44151|client:localhost:32813|dataStream:localhost:35611|priority:0|startupRole:FOLLOWER, s2|rpc:localhost:42199|admin:localhost:38403|client:localhost:35043|dataStream:localhost:38209|priority:0|startupRole:FOLLOWER]|listeners:[], old=null RUNNING
2022-10-20 09:10:39,468 [timer1] WARN  grpc.GrpcUtil (GrpcUtil.java:shutdownManagedChannel(216)) - Timed out gracefully shutting down connection: ManagedChannelOrphanWrapper{delegate=ManagedChannelImpl{logId=768, target=localhost:45349}}. 
2022-10-20 09:10:45,592 [timer3] WARN  grpc.GrpcUtil (GrpcUtil.java:shutdownManagedChannel(216)) - Timed out gracefully shutting down connection: ManagedChannelOrphanWrapper{delegate=ManagedChannelImpl{logId=782, target=localhost:45349}}. 
2022-10-20 09:10:45,713 [s0-client-thread1] INFO  statemachine.StateMachine (DataStreamTestUtils.java:link(157)) - link null
2022-10-20 09:10:45,715 [s1-server-thread3] INFO  statemachine.StateMachine (DataStreamTestUtils.java:link(157)) - link null
2022-10-20 09:10:45,715 [s2-server-thread4] INFO  statemachine.StateMachine (DataStreamTestUtils.java:link(157)) - link null
2022-10-20 09:10:45,715 [s1-server-thread3] WARN  server.GrpcServerProtocolService (LogUtils.java:warn(124)) - s1: Failed APPEND_ENTRIES request s0->s1#2423-t2,previous=(t:2, i:12),leaderCommit=9,initializing? true,entries: size=1, first=(t:2, i:13), STATEMACHINELOGENTRY, 381@client-349F60F21BB2
java.util.concurrent.CompletionException: org.apache.ratis.server.raftlog.RaftLogIOException: Log already failed at index 10 for task WriteLog:10: (t:2, i:10), STATEMACHINELOGENTRY, StateMachineLogEntryProto:381@client-349F60F21BB2
	at java.base/java.util.concurrent.CompletableFuture.encodeThrowable(CompletableFuture.java:331)
	at java.base/java.util.concurrent.CompletableFuture.completeThrowable(CompletableFuture.java:346)
	at java.base/java.util.concurrent.CompletableFuture$BiRelay.tryFire(CompletableFuture.java:1423)
	at java.base/java.util.concurrent.CompletableFuture$CoCompletion.tryFire(CompletableFuture.java:1144)
	at java.base/java.util.concurrent.CompletableFuture.postComplete(CompletableFuture.java:506)
	at java.base/java.util.concurrent.CompletableFuture.completeExceptionally(CompletableFuture.java:2088)
	at org.apache.ratis.server.raftlog.segmented.SegmentedRaftLog$Task.failed(SegmentedRaftLog.java:105)
	at org.apache.ratis.server.raftlog.segmented.SegmentedRaftLogWorker$WriteLog.failed(SegmentedRaftLogWorker.java:519)
	at org.apache.ratis.server.raftlog.segmented.SegmentedRaftLogWorker.run(SegmentedRaftLogWorker.java:316)
	at java.base/java.lang.Thread.run(Thread.java:829)
Caused by: org.apache.ratis.server.raftlog.RaftLogIOException: Log already failed at index 10 for task WriteLog:10: (t:2, i:10), STATEMACHINELOGENTRY, StateMachineLogEntryProto:381@client-349F60F21BB2
	at org.apache.ratis.server.raftlog.segmented.SegmentedRaftLogWorker.run(SegmentedRaftLogWorker.java:319)
	... 1 more
Caused by: java.io.IOException: java.lang.IllegalStateException: Null stream: entry=term: 2
index: 10
stateMachineLogEntry {
  type: DATASTREAM
  clientId: "\226$S\262\361\307C\016\217\3264\237`\362\033\262"
  callId: 381
}

	at org.apache.ratis.util.IOUtils.asIOException(IOUtils.java:56)
	at org.apache.ratis.util.IOUtils.toIOException(IOUtils.java:61)
	at org.apache.ratis.util.IOUtils.getFromFuture(IOUtils.java:85)
	at org.apache.ratis.server.raftlog.segmented.SegmentedRaftLogWorker$StateMachineDataPolicy.getFromFuture(SegmentedRaftLogWorker.java:88)
	at org.apache.ratis.server.raftlog.segmented.SegmentedRaftLogWorker$WriteLog.execute(SegmentedRaftLogWorker.java:540)
	at org.apache.ratis.server.raftlog.segmented.SegmentedRaftLogWorker.run(SegmentedRaftLogWorker.java:307)
	... 1 more
Caused by: java.lang.IllegalStateException: Null stream: entry=term: 2
index: 10
stateMachineLogEntry {
  type: DATASTREAM
  clientId: "\226$S\262\361\307C\016\217\3264\237`\362\033\262"
  callId: 381
}

	at org.apache.ratis.datastream.DataStreamTestUtils$MultiDataStreamStateMachine.link(DataStreamTestUtils.java:159)
	at org.apache.ratis.server.raftlog.segmented.SegmentedRaftLogWorker$WriteLog.<init>(SegmentedRaftLogWorker.java:497)
	at org.apache.ratis.server.raftlog.segmented.SegmentedRaftLogWorker.writeLogEntry(SegmentedRaftLogWorker.java:443)
	at org.apache.ratis.server.raftlog.segmented.SegmentedRaftLog.appendEntryImpl(SegmentedRaftLog.java:409)
	at org.apache.ratis.server.raftlog.RaftLogBase.lambda$appendEntry$10(RaftLogBase.java:330)
	at org.apache.ratis.server.raftlog.RaftLogSequentialOps$Runner.runSequentially(RaftLogSequentialOps.java:78)
	at org.apache.ratis.server.raftlog.RaftLogBase.appendEntry(RaftLogBase.java:330)
	at org.apache.ratis.server.raftlog.segmented.SegmentedRaftLog.appendImpl(SegmentedRaftLog.java:456)
	at org.apache.ratis.server.raftlog.RaftLogBase.lambda$append$11(RaftLogBase.java:337)
	at org.apache.ratis.server.raftlog.RaftLogSequentialOps$Runner.runSequentially(RaftLogSequentialOps.java:69)
	at org.apache.ratis.server.raftlog.RaftLogBase.append(RaftLogBase.java:337)
	at org.apache.ratis.server.impl.RaftServerImpl.appendEntriesAsync(RaftServerImpl.java:1517)
	at org.apache.ratis.server.impl.RaftServerImpl.appendEntriesAsync(RaftServerImpl.java:1385)
	at org.apache.ratis.server.impl.RaftServerProxy.lambda$appendEntriesAsync$26(RaftServerProxy.java:634)
	at org.apache.ratis.util.JavaUtils.callAsUnchecked(JavaUtils.java:117)
	at org.apache.ratis.server.impl.RaftServerImpl.lambda$executeSubmitServerRequestAsync$11(RaftServerImpl.java:813)
	at java.base/java.util.concurrent.CompletableFuture$AsyncSupply.run(CompletableFuture.java:1700)
	at java.base/java.util.concurrent.ThreadPoolExecutor.runWorker(ThreadPoolExecutor.java:1128)
	at java.base/java.util.concurrent.ThreadPoolExecutor$Worker.run(ThreadPoolExecutor.java:628)
	... 1 more
2022-10-20 09:10:45,715 [s2-server-thread4] WARN  server.GrpcServerProtocolService (LogUtils.java:warn(124)) - s2: Failed APPEND_ENTRIES request s0->s2#2418-t2,previous=(t:2, i:12),leaderCommit=9,initializing? true,entries: size=1, first=(t:2, i:13), STATEMACHINELOGENTRY, 381@client-349F60F21BB2
java.util.concurrent.CompletionException: org.apache.ratis.server.raftlog.RaftLogIOException: Log already failed at index 10 for task WriteLog:10: (t:2, i:10), STATEMACHINELOGENTRY, StateMachineLogEntryProto:381@client-349F60F21BB2
	at java.base/java.util.concurrent.CompletableFuture.encodeThrowable(CompletableFuture.java:331)
	at java.base/java.util.concurrent.CompletableFuture.completeThrowable(CompletableFuture.java:346)
	at java.base/java.util.concurrent.CompletableFuture$BiRelay.tryFire(CompletableFuture.java:1423)
	at java.base/java.util.concurrent.CompletableFuture$CoCompletion.tryFire(CompletableFuture.java:1144)
	at java.base/java.util.concurrent.CompletableFuture.postComplete(CompletableFuture.java:506)
	at java.base/java.util.concurrent.CompletableFuture.completeExceptionally(CompletableFuture.java:2088)
	at org.apache.ratis.server.raftlog.segmented.SegmentedRaftLog$Task.failed(SegmentedRaftLog.java:105)
	at org.apache.ratis.server.raftlog.segmented.SegmentedRaftLogWorker$WriteLog.failed(SegmentedRaftLogWorker.java:519)
	at org.apache.ratis.server.raftlog.segmented.SegmentedRaftLogWorker.run(SegmentedRaftLogWorker.java:316)
	at java.base/java.lang.Thread.run(Thread.java:829)
Caused by: org.apache.ratis.server.raftlog.RaftLogIOException: Log already failed at index 10 for task WriteLog:10: (t:2, i:10), STATEMACHINELOGENTRY, StateMachineLogEntryProto:381@client-349F60F21BB2
	at org.apache.ratis.server.raftlog.segmented.SegmentedRaftLogWorker.run(SegmentedRaftLogWorker.java:319)
	... 1 more
Caused by: java.io.IOException: java.lang.IllegalStateException: Null stream: entry=term: 2
index: 10
stateMachineLogEntry {
  type: DATASTREAM
  clientId: "\226$S\262\361\307C\016\217\3264\237`\362\033\262"
  callId: 381
}

	at org.apache.ratis.util.IOUtils.asIOException(IOUtils.java:56)
	at org.apache.ratis.util.IOUtils.toIOException(IOUtils.java:61)
	at org.apache.ratis.util.IOUtils.getFromFuture(IOUtils.java:85)
	at org.apache.ratis.server.raftlog.segmented.SegmentedRaftLogWorker$StateMachineDataPolicy.getFromFuture(SegmentedRaftLogWorker.java:88)
	at org.apache.ratis.server.raftlog.segmented.SegmentedRaftLogWorker$WriteLog.execute(SegmentedRaftLogWorker.java:540)
	at org.apache.ratis.server.raftlog.segmented.SegmentedRaftLogWorker.run(SegmentedRaftLogWorker.java:307)
	... 1 more
Caused by: java.lang.IllegalStateException: Null stream: entry=term: 2
index: 10
stateMachineLogEntry {
  type: DATASTREAM
  clientId: "\226$S\262\361\307C\016\217\3264\237`\362\033\262"
  callId: 381
}

	at org.apache.ratis.datastream.DataStreamTestUtils$MultiDataStreamStateMachine.link(DataStreamTestUtils.java:159)
	at org.apache.ratis.server.raftlog.segmented.SegmentedRaftLogWorker$WriteLog.<init>(SegmentedRaftLogWorker.java:497)
	at org.apache.ratis.server.raftlog.segmented.SegmentedRaftLogWorker.writeLogEntry(SegmentedRaftLogWorker.java:443)
	at org.apache.ratis.server.raftlog.segmented.SegmentedRaftLog.appendEntryImpl(SegmentedRaftLog.java:409)
	at org.apache.ratis.server.raftlog.RaftLogBase.lambda$appendEntry$10(RaftLogBase.java:330)
	at org.apache.ratis.server.raftlog.RaftLogSequentialOps$Runner.runSequentially(RaftLogSequentialOps.java:78)
	at org.apache.ratis.server.raftlog.RaftLogBase.appendEntry(RaftLogBase.java:330)
	at org.apache.ratis.server.raftlog.segmented.SegmentedRaftLog.appendImpl(SegmentedRaftLog.java:456)
	at org.apache.ratis.server.raftlog.RaftLogBase.lambda$append$11(RaftLogBase.java:337)
	at org.apache.ratis.server.raftlog.RaftLogSequentialOps$Runner.runSequentially(RaftLogSequentialOps.java:69)
	at org.apache.ratis.server.raftlog.RaftLogBase.append(RaftLogBase.java:337)
	at org.apache.ratis.server.impl.RaftServerImpl.appendEntriesAsync(RaftServerImpl.java:1517)
	at org.apache.ratis.server.impl.RaftServerImpl.appendEntriesAsync(RaftServerImpl.java:1385)
	at org.apache.ratis.server.impl.RaftServerProxy.lambda$appendEntriesAsync$26(RaftServerProxy.java:634)
	at org.apache.ratis.util.JavaUtils.callAsUnchecked(JavaUtils.java:117)
	at org.apache.ratis.server.impl.RaftServerImpl.lambda$executeSubmitServerRequestAsync$11(RaftServerImpl.java:813)
	at java.base/java.util.concurrent.CompletableFuture$AsyncSupply.run(CompletableFuture.java:1700)
	at java.base/java.util.concurrent.ThreadPoolExecutor.runWorker(ThreadPoolExecutor.java:1128)
	at java.base/java.util.concurrent.ThreadPoolExecutor$Worker.run(ThreadPoolExecutor.java:628)
	... 1 more
2022-10-20 09:10:45,721 [grpc-default-executor-8] WARN  server.GrpcLogAppender (LogUtils.java:warn(124)) - s0@group-4D961C7EB769->s1-AppendLogResponseHandler: Failed appendEntries
org.apache.ratis.server.raftlog.RaftLogIOException: Log already failed at index 10 for task WriteLog:10: (t:2, i:10), STATEMACHINELOGENTRY, StateMachineLogEntryProto:381@client-349F60F21BB2
	at org.apache.ratis.server.raftlog.segmented.SegmentedRaftLogWorker.run(SegmentedRaftLogWorker.java:319)
	at java.base/java.lang.Thread.run(Thread.java:829)
Caused by: java.io.IOException: java.lang.IllegalStateException: Null stream: entry=term: 2
index: 10
stateMachineLogEntry {
  type: DATASTREAM
  clientId: "\226$S\262\361\307C\016\217\3264\237`\362\033\262"
  callId: 381
}

	at org.apache.ratis.util.IOUtils.asIOException(IOUtils.java:56)
	at org.apache.ratis.util.IOUtils.toIOException(IOUtils.java:61)
	at org.apache.ratis.util.IOUtils.getFromFuture(IOUtils.java:85)
	at org.apache.ratis.server.raftlog.segmented.SegmentedRaftLogWorker$StateMachineDataPolicy.getFromFuture(SegmentedRaftLogWorker.java:88)
	at org.apache.ratis.server.raftlog.segmented.SegmentedRaftLogWorker$WriteLog.execute(SegmentedRaftLogWorker.java:540)
	at org.apache.ratis.server.raftlog.segmented.SegmentedRaftLogWorker.run(SegmentedRaftLogWorker.java:307)
	... 1 more
Caused by: java.lang.IllegalStateException: Null stream: entry=term: 2
index: 10
stateMachineLogEntry {
  type: DATASTREAM
  clientId: "\226$S\262\361\307C\016\217\3264\237`\362\033\262"
  callId: 381
}

	at org.apache.ratis.datastream.DataStreamTestUtils$MultiDataStreamStateMachine.link(DataStreamTestUtils.java:159)
	at org.apache.ratis.server.raftlog.segmented.SegmentedRaftLogWorker$WriteLog.<init>(SegmentedRaftLogWorker.java:497)
	at org.apache.ratis.server.raftlog.segmented.SegmentedRaftLogWorker.writeLogEntry(SegmentedRaftLogWorker.java:443)
	at org.apache.ratis.server.raftlog.segmented.SegmentedRaftLog.appendEntryImpl(SegmentedRaftLog.java:409)
	at org.apache.ratis.server.raftlog.RaftLogBase.lambda$appendEntry$10(RaftLogBase.java:330)
	at org.apache.ratis.server.raftlog.RaftLogSequentialOps$Runner.runSequentially(RaftLogSequentialOps.java:78)
	at org.apache.ratis.server.raftlog.RaftLogBase.appendEntry(RaftLogBase.java:330)
	at org.apache.ratis.server.raftlog.segmented.SegmentedRaftLog.appendImpl(SegmentedRaftLog.java:456)
	at org.apache.ratis.server.raftlog.RaftLogBase.lambda$append$11(RaftLogBase.java:337)
	at org.apache.ratis.server.raftlog.RaftLogSequentialOps$Runner.runSequentially(RaftLogSequentialOps.java:69)
	at org.apache.ratis.server.raftlog.RaftLogBase.append(RaftLogBase.java:337)
	at org.apache.ratis.server.impl.RaftServerImpl.appendEntriesAsync(RaftServerImpl.java:1517)
	at org.apache.ratis.server.impl.RaftServerImpl.appendEntriesAsync(RaftServerImpl.java:1385)
	at org.apache.ratis.server.impl.RaftServerProxy.lambda$appendEntriesAsync$26(RaftServerProxy.java:634)
	at org.apache.ratis.util.JavaUtils.callAsUnchecked(JavaUtils.java:117)
	at org.apache.ratis.server.impl.RaftServerImpl.lambda$executeSubmitServerRequestAsync$11(RaftServerImpl.java:813)
	at java.base/java.util.concurrent.CompletableFuture$AsyncSupply.run(CompletableFuture.java:1700)
	at java.base/java.util.concurrent.ThreadPoolExecutor.runWorker(ThreadPoolExecutor.java:1128)
	at java.base/java.util.concurrent.ThreadPoolExecutor$Worker.run(ThreadPoolExecutor.java:628)
	... 1 more
2022-10-20 09:10:45,722 [grpc-default-executor-8] INFO  leader.FollowerInfo (FollowerInfoImpl.java:lambda$new$0(48)) - s0@group-4D961C7EB769->s1: nextIndex: updateUnconditionally 14 -> 13
2022-10-20 09:10:45,724 [grpc-default-executor-8] WARN  server.GrpcLogAppender (LogUtils.java:warn(124)) - s0@group-4D961C7EB769->s2-AppendLogResponseHandler: Failed appendEntries
org.apache.ratis.server.raftlog.RaftLogIOException: Log already failed at index 10 for task WriteLog:10: (t:2, i:10), STATEMACHINELOGENTRY, StateMachineLogEntryProto:381@client-349F60F21BB2
	at org.apache.ratis.server.raftlog.segmented.SegmentedRaftLogWorker.run(SegmentedRaftLogWorker.java:319)
	at java.base/java.lang.Thread.run(Thread.java:829)
Caused by: java.io.IOException: java.lang.IllegalStateException: Null stream: entry=term: 2
index: 10
stateMachineLogEntry {
  type: DATASTREAM
  clientId: "\226$S\262\361\307C\016\217\3264\237`\362\033\262"
  callId: 381
}

	at org.apache.ratis.util.IOUtils.asIOException(IOUtils.java:56)
	at org.apache.ratis.util.IOUtils.toIOException(IOUtils.java:61)
	at org.apache.ratis.util.IOUtils.getFromFuture(IOUtils.java:85)
	at org.apache.ratis.server.raftlog.segmented.SegmentedRaftLogWorker$StateMachineDataPolicy.getFromFuture(SegmentedRaftLogWorker.java:88)
	at org.apache.ratis.server.raftlog.segmented.SegmentedRaftLogWorker$WriteLog.execute(SegmentedRaftLogWorker.java:540)
	at org.apache.ratis.server.raftlog.segmented.SegmentedRaftLogWorker.run(SegmentedRaftLogWorker.java:307)
	... 1 more
Caused by: java.lang.IllegalStateException: Null stream: entry=term: 2
index: 10
stateMachineLogEntry {
  type: DATASTREAM
  clientId: "\226$S\262\361\307C\016\217\3264\237`\362\033\262"
  callId: 381
}

	at org.apache.ratis.datastream.DataStreamTestUtils$MultiDataStreamStateMachine.link(DataStreamTestUtils.java:159)
	at org.apache.ratis.server.raftlog.segmented.SegmentedRaftLogWorker$WriteLog.<init>(SegmentedRaftLogWorker.java:497)
	at org.apache.ratis.server.raftlog.segmented.SegmentedRaftLogWorker.writeLogEntry(SegmentedRaftLogWorker.java:443)
	at org.apache.ratis.server.raftlog.segmented.SegmentedRaftLog.appendEntryImpl(SegmentedRaftLog.java:409)
	at org.apache.ratis.server.raftlog.RaftLogBase.lambda$appendEntry$10(RaftLogBase.java:330)
	at org.apache.ratis.server.raftlog.RaftLogSequentialOps$Runner.runSequentially(RaftLogSequentialOps.java:78)
	at org.apache.ratis.server.raftlog.RaftLogBase.appendEntry(RaftLogBase.java:330)
	at org.apache.ratis.server.raftlog.segmented.SegmentedRaftLog.appendImpl(SegmentedRaftLog.java:456)
	at org.apache.ratis.server.raftlog.RaftLogBase.lambda$append$11(RaftLogBase.java:337)
	at org.apache.ratis.server.raftlog.RaftLogSequentialOps$Runner.runSequentially(RaftLogSequentialOps.java:69)
	at org.apache.ratis.server.raftlog.RaftLogBase.append(RaftLogBase.java:337)
	at org.apache.ratis.server.impl.RaftServerImpl.appendEntriesAsync(RaftServerImpl.java:1517)
	at org.apache.ratis.server.impl.RaftServerImpl.appendEntriesAsync(RaftServerImpl.java:1385)
	at org.apache.ratis.server.impl.RaftServerProxy.lambda$appendEntriesAsync$26(RaftServerProxy.java:634)
	at org.apache.ratis.util.JavaUtils.callAsUnchecked(JavaUtils.java:117)
	at org.apache.ratis.server.impl.RaftServerImpl.lambda$executeSubmitServerRequestAsync$11(RaftServerImpl.java:813)
	at java.base/java.util.concurrent.CompletableFuture$AsyncSupply.run(CompletableFuture.java:1700)
	at java.base/java.util.concurrent.ThreadPoolExecutor.runWorker(ThreadPoolExecutor.java:1128)
	at java.base/java.util.concurrent.ThreadPoolExecutor$Worker.run(ThreadPoolExecutor.java:628)
	... 1 more
2022-10-20 09:10:45,724 [grpc-default-executor-8] INFO  leader.FollowerInfo (FollowerInfoImpl.java:lambda$new$0(48)) - s0@group-4D961C7EB769->s2: nextIndex: updateUnconditionally 14 -> 13
2022-10-20 09:10:48,005 [Timer-2] INFO  impl.MiniRaftCluster (MiniRaftCluster.java:lambda$start$6(349)) - TIMED-PRINT: printing ALL groups
  s0:  RUNNING    LEADER s0@group-4D961C7EB769:t2, leader=s0, voted=s0, raftlog=Memoized:s0@group-4D961C7EB769-SegmentedRaftLog:OPENED:c9, conf=8: peers:[s0|rpc:localhost:34285|admin:localhost:46479|client:localhost:45349|dataStream:localhost:34817|priority:0|startupRole:FOLLOWER, s1|rpc:localhost:36349|admin:localhost:44151|client:localhost:32813|dataStream:localhost:35611|priority:0|startupRole:FOLLOWER, s2|rpc:localhost:42199|admin:localhost:38403|client:localhost:35043|dataStream:localhost:38209|priority:0|startupRole:FOLLOWER]|listeners:[], old=null RUNNING
  s1:  RUNNING  FOLLOWER s1@group-4D961C7EB769:t2, leader=s0, voted=s0, raftlog=Memoized:s1@group-4D961C7EB769-SegmentedRaftLog:OPENED:c9, conf=8: peers:[s0|rpc:localhost:34285|admin:localhost:46479|client:localhost:45349|dataStream:localhost:34817|priority:0|startupRole:FOLLOWER, s1|rpc:localhost:36349|admin:localhost:44151|client:localhost:32813|dataStream:localhost:35611|priority:0|startupRole:FOLLOWER, s2|rpc:localhost:42199|admin:localhost:38403|client:localhost:35043|dataStream:localhost:38209|priority:0|startupRole:FOLLOWER]|listeners:[], old=null RUNNING
  s2:  RUNNING  FOLLOWER s2@group-4D961C7EB769:t2, leader=s0, voted=s0, raftlog=Memoized:s2@group-4D961C7EB769-SegmentedRaftLog:OPENED:c9, conf=8: peers:[s0|rpc:localhost:34285|admin:localhost:46479|client:localhost:45349|dataStream:localhost:34817|priority:0|startupRole:FOLLOWER, s1|rpc:localhost:36349|admin:localhost:44151|client:localhost:32813|dataStream:localhost:35611|priority:0|startupRole:FOLLOWER, s2|rpc:localhost:42199|admin:localhost:38403|client:localhost:35043|dataStream:localhost:38209|priority:0|startupRole:FOLLOWER]|listeners:[], old=null RUNNING
2022-10-20 09:10:51,712 [timer1] WARN  grpc.GrpcUtil (GrpcUtil.java:shutdownManagedChannel(216)) - Timed out gracefully shutting down connection: ManagedChannelOrphanWrapper{delegate=ManagedChannelImpl{logId=796, target=localhost:45349}}. 
2022-10-20 09:10:57,832 [timer1] WARN  grpc.GrpcUtil (GrpcUtil.java:shutdownManagedChannel(216)) - Timed out gracefully shutting down connection: ManagedChannelOrphanWrapper{delegate=ManagedChannelImpl{logId=810, target=localhost:45349}}. 
2022-10-20 09:10:58,004 [Timer-2] INFO  impl.MiniRaftCluster (MiniRaftCluster.java:lambda$start$6(349)) - TIMED-PRINT: printing ALL groups
  s0:  RUNNING    LEADER s0@group-4D961C7EB769:t2, leader=s0, voted=s0, raftlog=Memoized:s0@group-4D961C7EB769-SegmentedRaftLog:OPENED:c9, conf=8: peers:[s0|rpc:localhost:34285|admin:localhost:46479|client:localhost:45349|dataStream:localhost:34817|priority:0|startupRole:FOLLOWER, s1|rpc:localhost:36349|admin:localhost:44151|client:localhost:32813|dataStream:localhost:35611|priority:0|startupRole:FOLLOWER, s2|rpc:localhost:42199|admin:localhost:38403|client:localhost:35043|dataStream:localhost:38209|priority:0|startupRole:FOLLOWER]|listeners:[], old=null RUNNING
  s1:  RUNNING  FOLLOWER s1@group-4D961C7EB769:t2, leader=s0, voted=s0, raftlog=Memoized:s1@group-4D961C7EB769-SegmentedRaftLog:OPENED:c9, conf=8: peers:[s0|rpc:localhost:34285|admin:localhost:46479|client:localhost:45349|dataStream:localhost:34817|priority:0|startupRole:FOLLOWER, s1|rpc:localhost:36349|admin:localhost:44151|client:localhost:32813|dataStream:localhost:35611|priority:0|startupRole:FOLLOWER, s2|rpc:localhost:42199|admin:localhost:38403|client:localhost:35043|dataStream:localhost:38209|priority:0|startupRole:FOLLOWER]|listeners:[], old=null RUNNING
  s2:  RUNNING  FOLLOWER s2@group-4D961C7EB769:t2, leader=s0, voted=s0, raftlog=Memoized:s2@group-4D961C7EB769-SegmentedRaftLog:OPENED:c9, conf=8: peers:[s0|rpc:localhost:34285|admin:localhost:46479|client:localhost:45349|dataStream:localhost:34817|priority:0|startupRole:FOLLOWER, s1|rpc:localhost:36349|admin:localhost:44151|client:localhost:32813|dataStream:localhost:35611|priority:0|startupRole:FOLLOWER, s2|rpc:localhost:42199|admin:localhost:38403|client:localhost:35043|dataStream:localhost:38209|priority:0|startupRole:FOLLOWER]|listeners:[], old=null RUNNING
2022-10-20 09:11:03,960 [timer2] WARN  grpc.GrpcUtil (GrpcUtil.java:shutdownManagedChannel(216)) - Timed out gracefully shutting down connection: ManagedChannelOrphanWrapper{delegate=ManagedChannelImpl{logId=824, target=localhost:45349}}. 
2022-10-20 09:11:08,005 [Timer-2] INFO  impl.MiniRaftCluster (MiniRaftCluster.java:lambda$start$6(349)) - TIMED-PRINT: printing ALL groups
  s0:  RUNNING    LEADER s0@group-4D961C7EB769:t2, leader=s0, voted=s0, raftlog=Memoized:s0@group-4D961C7EB769-SegmentedRaftLog:OPENED:c9, conf=8: peers:[s0|rpc:localhost:34285|admin:localhost:46479|client:localhost:45349|dataStream:localhost:34817|priority:0|startupRole:FOLLOWER, s1|rpc:localhost:36349|admin:localhost:44151|client:localhost:32813|dataStream:localhost:35611|priority:0|startupRole:FOLLOWER, s2|rpc:localhost:42199|admin:localhost:38403|client:localhost:35043|dataStream:localhost:38209|priority:0|startupRole:FOLLOWER]|listeners:[], old=null RUNNING
  s1:  RUNNING  FOLLOWER s1@group-4D961C7EB769:t2, leader=s0, voted=s0, raftlog=Memoized:s1@group-4D961C7EB769-SegmentedRaftLog:OPENED:c9, conf=8: peers:[s0|rpc:localhost:34285|admin:localhost:46479|client:localhost:45349|dataStream:localhost:34817|priority:0|startupRole:FOLLOWER, s1|rpc:localhost:36349|admin:localhost:44151|client:localhost:32813|dataStream:localhost:35611|priority:0|startupRole:FOLLOWER, s2|rpc:localhost:42199|admin:localhost:38403|client:localhost:35043|dataStream:localhost:38209|priority:0|startupRole:FOLLOWER]|listeners:[], old=null RUNNING
  s2:  RUNNING  FOLLOWER s2@group-4D961C7EB769:t2, leader=s0, voted=s0, raftlog=Memoized:s2@group-4D961C7EB769-SegmentedRaftLog:OPENED:c9, conf=8: peers:[s0|rpc:localhost:34285|admin:localhost:46479|client:localhost:45349|dataStream:localhost:34817|priority:0|startupRole:FOLLOWER, s1|rpc:localhost:36349|admin:localhost:44151|client:localhost:32813|dataStream:localhost:35611|priority:0|startupRole:FOLLOWER, s2|rpc:localhost:42199|admin:localhost:38403|client:localhost:35043|dataStream:localhost:38209|priority:0|startupRole:FOLLOWER]|listeners:[], old=null RUNNING
2022-10-20 09:11:10,077 [timer3] WARN  grpc.GrpcUtil (GrpcUtil.java:shutdownManagedChannel(216)) - Timed out gracefully shutting down connection: ManagedChannelOrphanWrapper{delegate=ManagedChannelImpl{logId=838, target=localhost:45349}}. 
2022-10-20 09:11:16,201 [timer1] WARN  grpc.GrpcUtil (GrpcUtil.java:shutdownManagedChannel(216)) - Timed out gracefully shutting down connection: ManagedChannelOrphanWrapper{delegate=ManagedChannelImpl{logId=852, target=localhost:45349}}. 
2022-10-20 09:11:18,005 [Timer-2] INFO  impl.MiniRaftCluster (MiniRaftCluster.java:lambda$start$6(349)) - TIMED-PRINT: printing ALL groups
  s0:  RUNNING    LEADER s0@group-4D961C7EB769:t2, leader=s0, voted=s0, raftlog=Memoized:s0@group-4D961C7EB769-SegmentedRaftLog:OPENED:c9, conf=8: peers:[s0|rpc:localhost:34285|admin:localhost:46479|client:localhost:45349|dataStream:localhost:34817|priority:0|startupRole:FOLLOWER, s1|rpc:localhost:36349|admin:localhost:44151|client:localhost:32813|dataStream:localhost:35611|priority:0|startupRole:FOLLOWER, s2|rpc:localhost:42199|admin:localhost:38403|client:localhost:35043|dataStream:localhost:38209|priority:0|startupRole:FOLLOWER]|listeners:[], old=null RUNNING
  s1:  RUNNING  FOLLOWER s1@group-4D961C7EB769:t2, leader=s0, voted=s0, raftlog=Memoized:s1@group-4D961C7EB769-SegmentedRaftLog:OPENED:c9, conf=8: peers:[s0|rpc:localhost:34285|admin:localhost:46479|client:localhost:45349|dataStream:localhost:34817|priority:0|startupRole:FOLLOWER, s1|rpc:localhost:36349|admin:localhost:44151|client:localhost:32813|dataStream:localhost:35611|priority:0|startupRole:FOLLOWER, s2|rpc:localhost:42199|admin:localhost:38403|client:localhost:35043|dataStream:localhost:38209|priority:0|startupRole:FOLLOWER]|listeners:[], old=null RUNNING
  s2:  RUNNING  FOLLOWER s2@group-4D961C7EB769:t2, leader=s0, voted=s0, raftlog=Memoized:s2@group-4D961C7EB769-SegmentedRaftLog:OPENED:c9, conf=8: peers:[s0|rpc:localhost:34285|admin:localhost:46479|client:localhost:45349|dataStream:localhost:34817|priority:0|startupRole:FOLLOWER, s1|rpc:localhost:36349|admin:localhost:44151|client:localhost:32813|dataStream:localhost:35611|priority:0|startupRole:FOLLOWER, s2|rpc:localhost:42199|admin:localhost:38403|client:localhost:35043|dataStream:localhost:38209|priority:0|startupRole:FOLLOWER]|listeners:[], old=null RUNNING
2022-10-20 09:11:22,323 [timer1] WARN  grpc.GrpcUtil (GrpcUtil.java:shutdownManagedChannel(216)) - Timed out gracefully shutting down connection: ManagedChannelOrphanWrapper{delegate=ManagedChannelImpl{logId=866, target=localhost:45349}}. 
2022-10-20 09:11:28,005 [Timer-2] INFO  impl.MiniRaftCluster (MiniRaftCluster.java:lambda$start$6(349)) - TIMED-PRINT: printing ALL groups
  s0:  RUNNING    LEADER s0@group-4D961C7EB769:t2, leader=s0, voted=s0, raftlog=Memoized:s0@group-4D961C7EB769-SegmentedRaftLog:OPENED:c9, conf=8: peers:[s0|rpc:localhost:34285|admin:localhost:46479|client:localhost:45349|dataStream:localhost:34817|priority:0|startupRole:FOLLOWER, s1|rpc:localhost:36349|admin:localhost:44151|client:localhost:32813|dataStream:localhost:35611|priority:0|startupRole:FOLLOWER, s2|rpc:localhost:42199|admin:localhost:38403|client:localhost:35043|dataStream:localhost:38209|priority:0|startupRole:FOLLOWER]|listeners:[], old=null RUNNING
  s1:  RUNNING  FOLLOWER s1@group-4D961C7EB769:t2, leader=s0, voted=s0, raftlog=Memoized:s1@group-4D961C7EB769-SegmentedRaftLog:OPENED:c9, conf=8: peers:[s0|rpc:localhost:34285|admin:localhost:46479|client:localhost:45349|dataStream:localhost:34817|priority:0|startupRole:FOLLOWER, s1|rpc:localhost:36349|admin:localhost:44151|client:localhost:32813|dataStream:localhost:35611|priority:0|startupRole:FOLLOWER, s2|rpc:localhost:42199|admin:localhost:38403|client:localhost:35043|dataStream:localhost:38209|priority:0|startupRole:FOLLOWER]|listeners:[], old=null RUNNING
  s2:  RUNNING  FOLLOWER s2@group-4D961C7EB769:t2, leader=s0, voted=s0, raftlog=Memoized:s2@group-4D961C7EB769-SegmentedRaftLog:OPENED:c9, conf=8: peers:[s0|rpc:localhost:34285|admin:localhost:46479|client:localhost:45349|dataStream:localhost:34817|priority:0|startupRole:FOLLOWER, s1|rpc:localhost:36349|admin:localhost:44151|client:localhost:32813|dataStream:localhost:35611|priority:0|startupRole:FOLLOWER, s2|rpc:localhost:42199|admin:localhost:38403|client:localhost:35043|dataStream:localhost:38209|priority:0|startupRole:FOLLOWER]|listeners:[], old=null RUNNING
2022-10-20 09:11:28,443 [timer1] WARN  grpc.GrpcUtil (GrpcUtil.java:shutdownManagedChannel(216)) - Timed out gracefully shutting down connection: ManagedChannelOrphanWrapper{delegate=ManagedChannelImpl{logId=880, target=localhost:45349}}. 
2022-10-20 09:11:34,561 [timer3] WARN  grpc.GrpcUtil (GrpcUtil.java:shutdownManagedChannel(216)) - Timed out gracefully shutting down connection: ManagedChannelOrphanWrapper{delegate=ManagedChannelImpl{logId=894, target=localhost:45349}}. 
2022-10-20 09:11:38,006 [Timer-2] INFO  impl.MiniRaftCluster (MiniRaftCluster.java:lambda$start$6(349)) - TIMED-PRINT: printing ALL groups
  s0:  RUNNING    LEADER s0@group-4D961C7EB769:t2, leader=s0, voted=s0, raftlog=Memoized:s0@group-4D961C7EB769-SegmentedRaftLog:OPENED:c9, conf=8: peers:[s0|rpc:localhost:34285|admin:localhost:46479|client:localhost:45349|dataStream:localhost:34817|priority:0|startupRole:FOLLOWER, s1|rpc:localhost:36349|admin:localhost:44151|client:localhost:32813|dataStream:localhost:35611|priority:0|startupRole:FOLLOWER, s2|rpc:localhost:42199|admin:localhost:38403|client:localhost:35043|dataStream:localhost:38209|priority:0|startupRole:FOLLOWER]|listeners:[], old=null RUNNING
  s1:  RUNNING  FOLLOWER s1@group-4D961C7EB769:t2, leader=s0, voted=s0, raftlog=Memoized:s1@group-4D961C7EB769-SegmentedRaftLog:OPENED:c9, conf=8: peers:[s0|rpc:localhost:34285|admin:localhost:46479|client:localhost:45349|dataStream:localhost:34817|priority:0|startupRole:FOLLOWER, s1|rpc:localhost:36349|admin:localhost:44151|client:localhost:32813|dataStream:localhost:35611|priority:0|startupRole:FOLLOWER, s2|rpc:localhost:42199|admin:localhost:38403|client:localhost:35043|dataStream:localhost:38209|priority:0|startupRole:FOLLOWER]|listeners:[], old=null RUNNING
  s2:  RUNNING  FOLLOWER s2@group-4D961C7EB769:t2, leader=s0, voted=s0, raftlog=Memoized:s2@group-4D961C7EB769-SegmentedRaftLog:OPENED:c9, conf=8: peers:[s0|rpc:localhost:34285|admin:localhost:46479|client:localhost:45349|dataStream:localhost:34817|priority:0|startupRole:FOLLOWER, s1|rpc:localhost:36349|admin:localhost:44151|client:localhost:32813|dataStream:localhost:35611|priority:0|startupRole:FOLLOWER, s2|rpc:localhost:42199|admin:localhost:38403|client:localhost:35043|dataStream:localhost:38209|priority:0|startupRole:FOLLOWER]|listeners:[], old=null RUNNING
2022-10-20 09:11:40,679 [timer3] WARN  grpc.GrpcUtil (GrpcUtil.java:shutdownManagedChannel(216)) - Timed out gracefully shutting down connection: ManagedChannelOrphanWrapper{delegate=ManagedChannelImpl{logId=908, target=localhost:45349}}. 
2022-10-20 09:11:46,800 [timer1] WARN  grpc.GrpcUtil (GrpcUtil.java:shutdownManagedChannel(216)) - Timed out gracefully shutting down connection: ManagedChannelOrphanWrapper{delegate=ManagedChannelImpl{logId=922, target=localhost:45349}}. 
2022-10-20 09:11:46,920 [s0-client-thread1] INFO  statemachine.StateMachine (DataStreamTestUtils.java:link(157)) - link null
2022-10-20 09:11:46,921 [s2-server-thread4] INFO  statemachine.StateMachine (DataStreamTestUtils.java:link(157)) - link null
2022-10-20 09:11:46,922 [grpc-default-executor-7] WARN  server.GrpcServerProtocolService (LogUtils.java:warn(124)) - s2: Failed APPEND_ENTRIES request s0->s2#3221-t2,previous=(t:2, i:13),leaderCommit=9,initializing? true,entries: size=1, first=(t:2, i:14), STATEMACHINELOGENTRY, 381@client-349F60F21BB2
java.util.concurrent.CompletionException: org.apache.ratis.server.raftlog.RaftLogIOException: Log already failed at index 10 for task WriteLog:10: (t:2, i:10), STATEMACHINELOGENTRY, StateMachineLogEntryProto:381@client-349F60F21BB2
	at java.base/java.util.concurrent.CompletableFuture.encodeThrowable(CompletableFuture.java:331)
	at java.base/java.util.concurrent.CompletableFuture.andTree(CompletableFuture.java:1452)
	at java.base/java.util.concurrent.CompletableFuture.allOf(CompletableFuture.java:2337)
	at org.apache.ratis.util.JavaUtils.allOf(JavaUtils.java:278)
	at org.apache.ratis.server.impl.RaftServerImpl.appendEntriesAsync(RaftServerImpl.java:1529)
	at org.apache.ratis.server.impl.RaftServerImpl.appendEntriesAsync(RaftServerImpl.java:1385)
	at org.apache.ratis.server.impl.RaftServerProxy.lambda$appendEntriesAsync$26(RaftServerProxy.java:634)
	at org.apache.ratis.util.JavaUtils.callAsUnchecked(JavaUtils.java:117)
	at org.apache.ratis.server.impl.RaftServerImpl.lambda$executeSubmitServerRequestAsync$11(RaftServerImpl.java:813)
	at java.base/java.util.concurrent.CompletableFuture$AsyncSupply.run(CompletableFuture.java:1700)
	at java.base/java.util.concurrent.ThreadPoolExecutor.runWorker(ThreadPoolExecutor.java:1128)
	at java.base/java.util.concurrent.ThreadPoolExecutor$Worker.run(ThreadPoolExecutor.java:628)
	at java.base/java.lang.Thread.run(Thread.java:829)
Caused by: org.apache.ratis.server.raftlog.RaftLogIOException: Log already failed at index 10 for task WriteLog:10: (t:2, i:10), STATEMACHINELOGENTRY, StateMachineLogEntryProto:381@client-349F60F21BB2
	at org.apache.ratis.server.raftlog.segmented.SegmentedRaftLogWorker.run(SegmentedRaftLogWorker.java:319)
	... 1 more
Caused by: java.io.IOException: java.lang.IllegalStateException: Null stream: entry=term: 2
index: 10
stateMachineLogEntry {
  type: DATASTREAM
  clientId: "\226$S\262\361\307C\016\217\3264\237`\362\033\262"
  callId: 381
}

	at org.apache.ratis.util.IOUtils.asIOException(IOUtils.java:56)
	at org.apache.ratis.util.IOUtils.toIOException(IOUtils.java:61)
	at org.apache.ratis.util.IOUtils.getFromFuture(IOUtils.java:85)
	at org.apache.ratis.server.raftlog.segmented.SegmentedRaftLogWorker$StateMachineDataPolicy.getFromFuture(SegmentedRaftLogWorker.java:88)
	at org.apache.ratis.server.raftlog.segmented.SegmentedRaftLogWorker$WriteLog.execute(SegmentedRaftLogWorker.java:540)
	at org.apache.ratis.server.raftlog.segmented.SegmentedRaftLogWorker.run(SegmentedRaftLogWorker.java:307)
	... 1 more
Caused by: java.lang.IllegalStateException: Null stream: entry=term: 2
index: 10
stateMachineLogEntry {
  type: DATASTREAM
  clientId: "\226$S\262\361\307C\016\217\3264\237`\362\033\262"
  callId: 381
}

	at org.apache.ratis.datastream.DataStreamTestUtils$MultiDataStreamStateMachine.link(DataStreamTestUtils.java:159)
	at org.apache.ratis.server.raftlog.segmented.SegmentedRaftLogWorker$WriteLog.<init>(SegmentedRaftLogWorker.java:497)
	at org.apache.ratis.server.raftlog.segmented.SegmentedRaftLogWorker.writeLogEntry(SegmentedRaftLogWorker.java:443)
	at org.apache.ratis.server.raftlog.segmented.SegmentedRaftLog.appendEntryImpl(SegmentedRaftLog.java:409)
	at org.apache.ratis.server.raftlog.RaftLogBase.lambda$appendEntry$10(RaftLogBase.java:330)
	at org.apache.ratis.server.raftlog.RaftLogSequentialOps$Runner.runSequentially(RaftLogSequentialOps.java:78)
	at org.apache.ratis.server.raftlog.RaftLogBase.appendEntry(RaftLogBase.java:330)
	at org.apache.ratis.server.raftlog.segmented.SegmentedRaftLog.appendImpl(SegmentedRaftLog.java:456)
	at org.apache.ratis.server.raftlog.RaftLogBase.lambda$append$11(RaftLogBase.java:337)
	at org.apache.ratis.server.raftlog.RaftLogSequentialOps$Runner.runSequentially(RaftLogSequentialOps.java:69)
	at org.apache.ratis.server.raftlog.RaftLogBase.append(RaftLogBase.java:337)
	at org.apache.ratis.server.impl.RaftServerImpl.appendEntriesAsync(RaftServerImpl.java:1517)
	at org.apache.ratis.server.impl.RaftServerImpl.appendEntriesAsync(RaftServerImpl.java:1385)
	at org.apache.ratis.server.impl.RaftServerProxy.lambda$appendEntriesAsync$26(RaftServerProxy.java:634)
	at org.apache.ratis.util.JavaUtils.callAsUnchecked(JavaUtils.java:117)
	at org.apache.ratis.server.impl.RaftServerImpl.lambda$executeSubmitServerRequestAsync$11(RaftServerImpl.java:813)
	at java.base/java.util.concurrent.CompletableFuture$AsyncSupply.run(CompletableFuture.java:1700)
	at java.base/java.util.concurrent.ThreadPoolExecutor.runWorker(ThreadPoolExecutor.java:1128)
	at java.base/java.util.concurrent.ThreadPoolExecutor$Worker.run(ThreadPoolExecutor.java:628)
	... 1 more
2022-10-20 09:11:46,922 [s1-server-thread3] INFO  statemachine.StateMachine (DataStreamTestUtils.java:link(157)) - link null
2022-10-20 09:11:46,927 [grpc-default-executor-8] WARN  server.GrpcServerProtocolService (LogUtils.java:warn(124)) - s1: Failed APPEND_ENTRIES request s0->s1#3226-t2,previous=(t:2, i:13),leaderCommit=9,initializing? true,entries: size=1, first=(t:2, i:14), STATEMACHINELOGENTRY, 381@client-349F60F21BB2
java.util.concurrent.CompletionException: org.apache.ratis.server.raftlog.RaftLogIOException: Log already failed at index 10 for task WriteLog:10: (t:2, i:10), STATEMACHINELOGENTRY, StateMachineLogEntryProto:381@client-349F60F21BB2
	at java.base/java.util.concurrent.CompletableFuture.encodeThrowable(CompletableFuture.java:331)
	at java.base/java.util.concurrent.CompletableFuture.completeThrowable(CompletableFuture.java:346)
	at java.base/java.util.concurrent.CompletableFuture$BiRelay.tryFire(CompletableFuture.java:1423)
	at java.base/java.util.concurrent.CompletableFuture$CoCompletion.tryFire(CompletableFuture.java:1144)
	at java.base/java.util.concurrent.CompletableFuture.postComplete(CompletableFuture.java:506)
	at java.base/java.util.concurrent.CompletableFuture.completeExceptionally(CompletableFuture.java:2088)
	at org.apache.ratis.server.raftlog.segmented.SegmentedRaftLog$Task.failed(SegmentedRaftLog.java:105)
	at org.apache.ratis.server.raftlog.segmented.SegmentedRaftLogWorker$WriteLog.failed(SegmentedRaftLogWorker.java:519)
	at org.apache.ratis.server.raftlog.segmented.SegmentedRaftLogWorker.run(SegmentedRaftLogWorker.java:316)
	at java.base/java.lang.Thread.run(Thread.java:829)
Caused by: org.apache.ratis.server.raftlog.RaftLogIOException: Log already failed at index 10 for task WriteLog:10: (t:2, i:10), STATEMACHINELOGENTRY, StateMachineLogEntryProto:381@client-349F60F21BB2
	at org.apache.ratis.server.raftlog.segmented.SegmentedRaftLogWorker.run(SegmentedRaftLogWorker.java:319)
	... 1 more
Caused by: java.io.IOException: java.lang.IllegalStateException: Null stream: entry=term: 2
index: 10
stateMachineLogEntry {
  type: DATASTREAM
  clientId: "\226$S\262\361\307C\016\217\3264\237`\362\033\262"
  callId: 381
}

	at org.apache.ratis.util.IOUtils.asIOException(IOUtils.java:56)
	at org.apache.ratis.util.IOUtils.toIOException(IOUtils.java:61)
	at org.apache.ratis.util.IOUtils.getFromFuture(IOUtils.java:85)
	at org.apache.ratis.server.raftlog.segmented.SegmentedRaftLogWorker$StateMachineDataPolicy.getFromFuture(SegmentedRaftLogWorker.java:88)
	at org.apache.ratis.server.raftlog.segmented.SegmentedRaftLogWorker$WriteLog.execute(SegmentedRaftLogWorker.java:540)
	at org.apache.ratis.server.raftlog.segmented.SegmentedRaftLogWorker.run(SegmentedRaftLogWorker.java:307)
	... 1 more
Caused by: java.lang.IllegalStateException: Null stream: entry=term: 2
index: 10
stateMachineLogEntry {
  type: DATASTREAM
  clientId: "\226$S\262\361\307C\016\217\3264\237`\362\033\262"
  callId: 381
}

	at org.apache.ratis.datastream.DataStreamTestUtils$MultiDataStreamStateMachine.link(DataStreamTestUtils.java:159)
	at org.apache.ratis.server.raftlog.segmented.SegmentedRaftLogWorker$WriteLog.<init>(SegmentedRaftLogWorker.java:497)
	at org.apache.ratis.server.raftlog.segmented.SegmentedRaftLogWorker.writeLogEntry(SegmentedRaftLogWorker.java:443)
	at org.apache.ratis.server.raftlog.segmented.SegmentedRaftLog.appendEntryImpl(SegmentedRaftLog.java:409)
	at org.apache.ratis.server.raftlog.RaftLogBase.lambda$appendEntry$10(RaftLogBase.java:330)
	at org.apache.ratis.server.raftlog.RaftLogSequentialOps$Runner.runSequentially(RaftLogSequentialOps.java:78)
	at org.apache.ratis.server.raftlog.RaftLogBase.appendEntry(RaftLogBase.java:330)
	at org.apache.ratis.server.raftlog.segmented.SegmentedRaftLog.appendImpl(SegmentedRaftLog.java:456)
	at org.apache.ratis.server.raftlog.RaftLogBase.lambda$append$11(RaftLogBase.java:337)
	at org.apache.ratis.server.raftlog.RaftLogSequentialOps$Runner.runSequentially(RaftLogSequentialOps.java:69)
	at org.apache.ratis.server.raftlog.RaftLogBase.append(RaftLogBase.java:337)
	at org.apache.ratis.server.impl.RaftServerImpl.appendEntriesAsync(RaftServerImpl.java:1517)
	at org.apache.ratis.server.impl.RaftServerImpl.appendEntriesAsync(RaftServerImpl.java:1385)
	at org.apache.ratis.server.impl.RaftServerProxy.lambda$appendEntriesAsync$26(RaftServerProxy.java:634)
	at org.apache.ratis.util.JavaUtils.callAsUnchecked(JavaUtils.java:117)
	at org.apache.ratis.server.impl.RaftServerImpl.lambda$executeSubmitServerRequestAsync$11(RaftServerImpl.java:813)
	at java.base/java.util.concurrent.CompletableFuture$AsyncSupply.run(CompletableFuture.java:1700)
	at java.base/java.util.concurrent.ThreadPoolExecutor.runWorker(ThreadPoolExecutor.java:1128)
	at java.base/java.util.concurrent.ThreadPoolExecutor$Worker.run(ThreadPoolExecutor.java:628)
	... 1 more
2022-10-20 09:11:46,931 [grpc-default-executor-1] WARN  server.GrpcLogAppender (LogUtils.java:warn(124)) - s0@group-4D961C7EB769->s2-AppendLogResponseHandler: Failed appendEntries
org.apache.ratis.server.raftlog.RaftLogIOException: Log already failed at index 10 for task WriteLog:10: (t:2, i:10), STATEMACHINELOGENTRY, StateMachineLogEntryProto:381@client-349F60F21BB2
	at org.apache.ratis.server.raftlog.segmented.SegmentedRaftLogWorker.run(SegmentedRaftLogWorker.java:319)
	at java.base/java.lang.Thread.run(Thread.java:829)
Caused by: java.io.IOException: java.lang.IllegalStateException: Null stream: entry=term: 2
index: 10
stateMachineLogEntry {
  type: DATASTREAM
  clientId: "\226$S\262\361\307C\016\217\3264\237`\362\033\262"
  callId: 381
}

	at org.apache.ratis.util.IOUtils.asIOException(IOUtils.java:56)
	at org.apache.ratis.util.IOUtils.toIOException(IOUtils.java:61)
	at org.apache.ratis.util.IOUtils.getFromFuture(IOUtils.java:85)
	at org.apache.ratis.server.raftlog.segmented.SegmentedRaftLogWorker$StateMachineDataPolicy.getFromFuture(SegmentedRaftLogWorker.java:88)
	at org.apache.ratis.server.raftlog.segmented.SegmentedRaftLogWorker$WriteLog.execute(SegmentedRaftLogWorker.java:540)
	at org.apache.ratis.server.raftlog.segmented.SegmentedRaftLogWorker.run(SegmentedRaftLogWorker.java:307)
	... 1 more
Caused by: java.lang.IllegalStateException: Null stream: entry=term: 2
index: 10
stateMachineLogEntry {
  type: DATASTREAM
  clientId: "\226$S\262\361\307C\016\217\3264\237`\362\033\262"
  callId: 381
}

	at org.apache.ratis.datastream.DataStreamTestUtils$MultiDataStreamStateMachine.link(DataStreamTestUtils.java:159)
	at org.apache.ratis.server.raftlog.segmented.SegmentedRaftLogWorker$WriteLog.<init>(SegmentedRaftLogWorker.java:497)
	at org.apache.ratis.server.raftlog.segmented.SegmentedRaftLogWorker.writeLogEntry(SegmentedRaftLogWorker.java:443)
	at org.apache.ratis.server.raftlog.segmented.SegmentedRaftLog.appendEntryImpl(SegmentedRaftLog.java:409)
	at org.apache.ratis.server.raftlog.RaftLogBase.lambda$appendEntry$10(RaftLogBase.java:330)
	at org.apache.ratis.server.raftlog.RaftLogSequentialOps$Runner.runSequentially(RaftLogSequentialOps.java:78)
	at org.apache.ratis.server.raftlog.RaftLogBase.appendEntry(RaftLogBase.java:330)
	at org.apache.ratis.server.raftlog.segmented.SegmentedRaftLog.appendImpl(SegmentedRaftLog.java:456)
	at org.apache.ratis.server.raftlog.RaftLogBase.lambda$append$11(RaftLogBase.java:337)
	at org.apache.ratis.server.raftlog.RaftLogSequentialOps$Runner.runSequentially(RaftLogSequentialOps.java:69)
	at org.apache.ratis.server.raftlog.RaftLogBase.append(RaftLogBase.java:337)
	at org.apache.ratis.server.impl.RaftServerImpl.appendEntriesAsync(RaftServerImpl.java:1517)
	at org.apache.ratis.server.impl.RaftServerImpl.appendEntriesAsync(RaftServerImpl.java:1385)
	at org.apache.ratis.server.impl.RaftServerProxy.lambda$appendEntriesAsync$26(RaftServerProxy.java:634)
	at org.apache.ratis.util.JavaUtils.callAsUnchecked(JavaUtils.java:117)
	at org.apache.ratis.server.impl.RaftServerImpl.lambda$executeSubmitServerRequestAsync$11(RaftServerImpl.java:813)
	at java.base/java.util.concurrent.CompletableFuture$AsyncSupply.run(CompletableFuture.java:1700)
	at java.base/java.util.concurrent.ThreadPoolExecutor.runWorker(ThreadPoolExecutor.java:1128)
	at java.base/java.util.concurrent.ThreadPoolExecutor$Worker.run(ThreadPoolExecutor.java:628)
	... 1 more
2022-10-20 09:11:46,931 [grpc-default-executor-1] INFO  leader.FollowerInfo (FollowerInfoImpl.java:lambda$new$0(48)) - s0@group-4D961C7EB769->s2: nextIndex: updateUnconditionally 15 -> 14
2022-10-20 09:11:46,934 [grpc-default-executor-1] WARN  server.GrpcLogAppender (LogUtils.java:warn(124)) - s0@group-4D961C7EB769->s1-AppendLogResponseHandler: Failed appendEntries
org.apache.ratis.server.raftlog.RaftLogIOException: Log already failed at index 10 for task WriteLog:10: (t:2, i:10), STATEMACHINELOGENTRY, StateMachineLogEntryProto:381@client-349F60F21BB2
	at org.apache.ratis.server.raftlog.segmented.SegmentedRaftLogWorker.run(SegmentedRaftLogWorker.java:319)
	at java.base/java.lang.Thread.run(Thread.java:829)
Caused by: java.io.IOException: java.lang.IllegalStateException: Null stream: entry=term: 2
index: 10
stateMachineLogEntry {
  type: DATASTREAM
  clientId: "\226$S\262\361\307C\016\217\3264\237`\362\033\262"
  callId: 381
}

	at org.apache.ratis.util.IOUtils.asIOException(IOUtils.java:56)
	at org.apache.ratis.util.IOUtils.toIOException(IOUtils.java:61)
	at org.apache.ratis.util.IOUtils.getFromFuture(IOUtils.java:85)
	at org.apache.ratis.server.raftlog.segmented.SegmentedRaftLogWorker$StateMachineDataPolicy.getFromFuture(SegmentedRaftLogWorker.java:88)
	at org.apache.ratis.server.raftlog.segmented.SegmentedRaftLogWorker$WriteLog.execute(SegmentedRaftLogWorker.java:540)
	at org.apache.ratis.server.raftlog.segmented.SegmentedRaftLogWorker.run(SegmentedRaftLogWorker.java:307)
	... 1 more
Caused by: java.lang.IllegalStateException: Null stream: entry=term: 2
index: 10
stateMachineLogEntry {
  type: DATASTREAM
  clientId: "\226$S\262\361\307C\016\217\3264\237`\362\033\262"
  callId: 381
}

	at org.apache.ratis.datastream.DataStreamTestUtils$MultiDataStreamStateMachine.link(DataStreamTestUtils.java:159)
	at org.apache.ratis.server.raftlog.segmented.SegmentedRaftLogWorker$WriteLog.<init>(SegmentedRaftLogWorker.java:497)
	at org.apache.ratis.server.raftlog.segmented.SegmentedRaftLogWorker.writeLogEntry(SegmentedRaftLogWorker.java:443)
	at org.apache.ratis.server.raftlog.segmented.SegmentedRaftLog.appendEntryImpl(SegmentedRaftLog.java:409)
	at org.apache.ratis.server.raftlog.RaftLogBase.lambda$appendEntry$10(RaftLogBase.java:330)
	at org.apache.ratis.server.raftlog.RaftLogSequentialOps$Runner.runSequentially(RaftLogSequentialOps.java:78)
	at org.apache.ratis.server.raftlog.RaftLogBase.appendEntry(RaftLogBase.java:330)
	at org.apache.ratis.server.raftlog.segmented.SegmentedRaftLog.appendImpl(SegmentedRaftLog.java:456)
	at org.apache.ratis.server.raftlog.RaftLogBase.lambda$append$11(RaftLogBase.java:337)
	at org.apache.ratis.server.raftlog.RaftLogSequentialOps$Runner.runSequentially(RaftLogSequentialOps.java:69)
	at org.apache.ratis.server.raftlog.RaftLogBase.append(RaftLogBase.java:337)
	at org.apache.ratis.server.impl.RaftServerImpl.appendEntriesAsync(RaftServerImpl.java:1517)
	at org.apache.ratis.server.impl.RaftServerImpl.appendEntriesAsync(RaftServerImpl.java:1385)
	at org.apache.ratis.server.impl.RaftServerProxy.lambda$appendEntriesAsync$26(RaftServerProxy.java:634)
	at org.apache.ratis.util.JavaUtils.callAsUnchecked(JavaUtils.java:117)
	at org.apache.ratis.server.impl.RaftServerImpl.lambda$executeSubmitServerRequestAsync$11(RaftServerImpl.java:813)
	at java.base/java.util.concurrent.CompletableFuture$AsyncSupply.run(CompletableFuture.java:1700)
	at java.base/java.util.concurrent.ThreadPoolExecutor.runWorker(ThreadPoolExecutor.java:1128)
	at java.base/java.util.concurrent.ThreadPoolExecutor$Worker.run(ThreadPoolExecutor.java:628)
	... 1 more
2022-10-20 09:11:46,934 [grpc-default-executor-1] INFO  leader.FollowerInfo (FollowerInfoImpl.java:lambda$new$0(48)) - s0@group-4D961C7EB769->s1: nextIndex: updateUnconditionally 15 -> 14
2022-10-20 09:11:48,006 [Timer-2] INFO  impl.MiniRaftCluster (MiniRaftCluster.java:lambda$start$6(349)) - TIMED-PRINT: printing ALL groups
  s0:  RUNNING    LEADER s0@group-4D961C7EB769:t2, leader=s0, voted=s0, raftlog=Memoized:s0@group-4D961C7EB769-SegmentedRaftLog:OPENED:c9, conf=8: peers:[s0|rpc:localhost:34285|admin:localhost:46479|client:localhost:45349|dataStream:localhost:34817|priority:0|startupRole:FOLLOWER, s1|rpc:localhost:36349|admin:localhost:44151|client:localhost:32813|dataStream:localhost:35611|priority:0|startupRole:FOLLOWER, s2|rpc:localhost:42199|admin:localhost:38403|client:localhost:35043|dataStream:localhost:38209|priority:0|startupRole:FOLLOWER]|listeners:[], old=null RUNNING
  s1:  RUNNING  FOLLOWER s1@group-4D961C7EB769:t2, leader=s0, voted=s0, raftlog=Memoized:s1@group-4D961C7EB769-SegmentedRaftLog:OPENED:c9, conf=8: peers:[s0|rpc:localhost:34285|admin:localhost:46479|client:localhost:45349|dataStream:localhost:34817|priority:0|startupRole:FOLLOWER, s1|rpc:localhost:36349|admin:localhost:44151|client:localhost:32813|dataStream:localhost:35611|priority:0|startupRole:FOLLOWER, s2|rpc:localhost:42199|admin:localhost:38403|client:localhost:35043|dataStream:localhost:38209|priority:0|startupRole:FOLLOWER]|listeners:[], old=null RUNNING
  s2:  RUNNING  FOLLOWER s2@group-4D961C7EB769:t2, leader=s0, voted=s0, raftlog=Memoized:s2@group-4D961C7EB769-SegmentedRaftLog:OPENED:c9, conf=8: peers:[s0|rpc:localhost:34285|admin:localhost:46479|client:localhost:45349|dataStream:localhost:34817|priority:0|startupRole:FOLLOWER, s1|rpc:localhost:36349|admin:localhost:44151|client:localhost:32813|dataStream:localhost:35611|priority:0|startupRole:FOLLOWER, s2|rpc:localhost:42199|admin:localhost:38403|client:localhost:35043|dataStream:localhost:38209|priority:0|startupRole:FOLLOWER]|listeners:[], old=null RUNNING
2022-10-20 09:11:52,920 [timer1] WARN  grpc.GrpcUtil (GrpcUtil.java:shutdownManagedChannel(216)) - Timed out gracefully shutting down connection: ManagedChannelOrphanWrapper{delegate=ManagedChannelImpl{logId=936, target=localhost:45349}}. 
2022-10-20 09:11:58,006 [Timer-2] INFO  impl.MiniRaftCluster (MiniRaftCluster.java:lambda$start$6(349)) - TIMED-PRINT: printing ALL groups
  s0:  RUNNING    LEADER s0@group-4D961C7EB769:t2, leader=s0, voted=s0, raftlog=Memoized:s0@group-4D961C7EB769-SegmentedRaftLog:OPENED:c9, conf=8: peers:[s0|rpc:localhost:34285|admin:localhost:46479|client:localhost:45349|dataStream:localhost:34817|priority:0|startupRole:FOLLOWER, s1|rpc:localhost:36349|admin:localhost:44151|client:localhost:32813|dataStream:localhost:35611|priority:0|startupRole:FOLLOWER, s2|rpc:localhost:42199|admin:localhost:38403|client:localhost:35043|dataStream:localhost:38209|priority:0|startupRole:FOLLOWER]|listeners:[], old=null RUNNING
  s1:  RUNNING  FOLLOWER s1@group-4D961C7EB769:t2, leader=s0, voted=s0, raftlog=Memoized:s1@group-4D961C7EB769-SegmentedRaftLog:OPENED:c9, conf=8: peers:[s0|rpc:localhost:34285|admin:localhost:46479|client:localhost:45349|dataStream:localhost:34817|priority:0|startupRole:FOLLOWER, s1|rpc:localhost:36349|admin:localhost:44151|client:localhost:32813|dataStream:localhost:35611|priority:0|startupRole:FOLLOWER, s2|rpc:localhost:42199|admin:localhost:38403|client:localhost:35043|dataStream:localhost:38209|priority:0|startupRole:FOLLOWER]|listeners:[], old=null RUNNING
  s2:  RUNNING  FOLLOWER s2@group-4D961C7EB769:t2, leader=s0, voted=s0, raftlog=Memoized:s2@group-4D961C7EB769-SegmentedRaftLog:OPENED:c9, conf=8: peers:[s0|rpc:localhost:34285|admin:localhost:46479|client:localhost:45349|dataStream:localhost:34817|priority:0|startupRole:FOLLOWER, s1|rpc:localhost:36349|admin:localhost:44151|client:localhost:32813|dataStream:localhost:35611|priority:0|startupRole:FOLLOWER, s2|rpc:localhost:42199|admin:localhost:38403|client:localhost:35043|dataStream:localhost:38209|priority:0|startupRole:FOLLOWER]|listeners:[], old=null RUNNING
2022-10-20 09:11:59,035 [timer1] WARN  grpc.GrpcUtil (GrpcUtil.java:shutdownManagedChannel(216)) - Timed out gracefully shutting down connection: ManagedChannelOrphanWrapper{delegate=ManagedChannelImpl{logId=950, target=localhost:45349}}. 
2022-10-20 09:12:05,156 [timer3] WARN  grpc.GrpcUtil (GrpcUtil.java:shutdownManagedChannel(216)) - Timed out gracefully shutting down connection: ManagedChannelOrphanWrapper{delegate=ManagedChannelImpl{logId=964, target=localhost:45349}}. 
2022-10-20 09:12:08,007 [Timer-2] INFO  impl.MiniRaftCluster (MiniRaftCluster.java:lambda$start$6(349)) - TIMED-PRINT: printing ALL groups
  s0:  RUNNING    LEADER s0@group-4D961C7EB769:t2, leader=s0, voted=s0, raftlog=Memoized:s0@group-4D961C7EB769-SegmentedRaftLog:OPENED:c9, conf=8: peers:[s0|rpc:localhost:34285|admin:localhost:46479|client:localhost:45349|dataStream:localhost:34817|priority:0|startupRole:FOLLOWER, s1|rpc:localhost:36349|admin:localhost:44151|client:localhost:32813|dataStream:localhost:35611|priority:0|startupRole:FOLLOWER, s2|rpc:localhost:42199|admin:localhost:38403|client:localhost:35043|dataStream:localhost:38209|priority:0|startupRole:FOLLOWER]|listeners:[], old=null RUNNING
  s1:  RUNNING  FOLLOWER s1@group-4D961C7EB769:t2, leader=s0, voted=s0, raftlog=Memoized:s1@group-4D961C7EB769-SegmentedRaftLog:OPENED:c9, conf=8: peers:[s0|rpc:localhost:34285|admin:localhost:46479|client:localhost:45349|dataStream:localhost:34817|priority:0|startupRole:FOLLOWER, s1|rpc:localhost:36349|admin:localhost:44151|client:localhost:32813|dataStream:localhost:35611|priority:0|startupRole:FOLLOWER, s2|rpc:localhost:42199|admin:localhost:38403|client:localhost:35043|dataStream:localhost:38209|priority:0|startupRole:FOLLOWER]|listeners:[], old=null RUNNING
  s2:  RUNNING  FOLLOWER s2@group-4D961C7EB769:t2, leader=s0, voted=s0, raftlog=Memoized:s2@group-4D961C7EB769-SegmentedRaftLog:OPENED:c9, conf=8: peers:[s0|rpc:localhost:34285|admin:localhost:46479|client:localhost:45349|dataStream:localhost:34817|priority:0|startupRole:FOLLOWER, s1|rpc:localhost:36349|admin:localhost:44151|client:localhost:32813|dataStream:localhost:35611|priority:0|startupRole:FOLLOWER, s2|rpc:localhost:42199|admin:localhost:38403|client:localhost:35043|dataStream:localhost:38209|priority:0|startupRole:FOLLOWER]|listeners:[], old=null RUNNING
2022-10-20 09:12:11,272 [timer3] WARN  grpc.GrpcUtil (GrpcUtil.java:shutdownManagedChannel(216)) - Timed out gracefully shutting down connection: ManagedChannelOrphanWrapper{delegate=ManagedChannelImpl{logId=978, target=localhost:45349}}. 
2022-10-20 09:12:17,391 [timer1] WARN  grpc.GrpcUtil (GrpcUtil.java:shutdownManagedChannel(216)) - Timed out gracefully shutting down connection: ManagedChannelOrphanWrapper{delegate=ManagedChannelImpl{logId=992, target=localhost:45349}}. 
2022-10-20 09:12:18,007 [Timer-2] INFO  impl.MiniRaftCluster (MiniRaftCluster.java:lambda$start$6(349)) - TIMED-PRINT: printing ALL groups
  s0:  RUNNING    LEADER s0@group-4D961C7EB769:t2, leader=s0, voted=s0, raftlog=Memoized:s0@group-4D961C7EB769-SegmentedRaftLog:OPENED:c9, conf=8: peers:[s0|rpc:localhost:34285|admin:localhost:46479|client:localhost:45349|dataStream:localhost:34817|priority:0|startupRole:FOLLOWER, s1|rpc:localhost:36349|admin:localhost:44151|client:localhost:32813|dataStream:localhost:35611|priority:0|startupRole:FOLLOWER, s2|rpc:localhost:42199|admin:localhost:38403|client:localhost:35043|dataStream:localhost:38209|priority:0|startupRole:FOLLOWER]|listeners:[], old=null RUNNING
  s1:  RUNNING  FOLLOWER s1@group-4D961C7EB769:t2, leader=s0, voted=s0, raftlog=Memoized:s1@group-4D961C7EB769-SegmentedRaftLog:OPENED:c9, conf=8: peers:[s0|rpc:localhost:34285|admin:localhost:46479|client:localhost:45349|dataStream:localhost:34817|priority:0|startupRole:FOLLOWER, s1|rpc:localhost:36349|admin:localhost:44151|client:localhost:32813|dataStream:localhost:35611|priority:0|startupRole:FOLLOWER, s2|rpc:localhost:42199|admin:localhost:38403|client:localhost:35043|dataStream:localhost:38209|priority:0|startupRole:FOLLOWER]|listeners:[], old=null RUNNING
  s2:  RUNNING  FOLLOWER s2@group-4D961C7EB769:t2, leader=s0, voted=s0, raftlog=Memoized:s2@group-4D961C7EB769-SegmentedRaftLog:OPENED:c9, conf=8: peers:[s0|rpc:localhost:34285|admin:localhost:46479|client:localhost:45349|dataStream:localhost:34817|priority:0|startupRole:FOLLOWER, s1|rpc:localhost:36349|admin:localhost:44151|client:localhost:32813|dataStream:localhost:35611|priority:0|startupRole:FOLLOWER, s2|rpc:localhost:42199|admin:localhost:38403|client:localhost:35043|dataStream:localhost:38209|priority:0|startupRole:FOLLOWER]|listeners:[], old=null RUNNING
2022-10-20 09:12:23,512 [timer1] WARN  grpc.GrpcUtil (GrpcUtil.java:shutdownManagedChannel(216)) - Timed out gracefully shutting down connection: ManagedChannelOrphanWrapper{delegate=ManagedChannelImpl{logId=1006, target=localhost:45349}}. 
2022-10-20 09:12:28,007 [Timer-2] INFO  impl.MiniRaftCluster (MiniRaftCluster.java:lambda$start$6(349)) - TIMED-PRINT: printing ALL groups
  s0:  RUNNING    LEADER s0@group-4D961C7EB769:t2, leader=s0, voted=s0, raftlog=Memoized:s0@group-4D961C7EB769-SegmentedRaftLog:OPENED:c9, conf=8: peers:[s0|rpc:localhost:34285|admin:localhost:46479|client:localhost:45349|dataStream:localhost:34817|priority:0|startupRole:FOLLOWER, s1|rpc:localhost:36349|admin:localhost:44151|client:localhost:32813|dataStream:localhost:35611|priority:0|startupRole:FOLLOWER, s2|rpc:localhost:42199|admin:localhost:38403|client:localhost:35043|dataStream:localhost:38209|priority:0|startupRole:FOLLOWER]|listeners:[], old=null RUNNING
  s1:  RUNNING  FOLLOWER s1@group-4D961C7EB769:t2, leader=s0, voted=s0, raftlog=Memoized:s1@group-4D961C7EB769-SegmentedRaftLog:OPENED:c9, conf=8: peers:[s0|rpc:localhost:34285|admin:localhost:46479|client:localhost:45349|dataStream:localhost:34817|priority:0|startupRole:FOLLOWER, s1|rpc:localhost:36349|admin:localhost:44151|client:localhost:32813|dataStream:localhost:35611|priority:0|startupRole:FOLLOWER, s2|rpc:localhost:42199|admin:localhost:38403|client:localhost:35043|dataStream:localhost:38209|priority:0|startupRole:FOLLOWER]|listeners:[], old=null RUNNING
  s2:  RUNNING  FOLLOWER s2@group-4D961C7EB769:t2, leader=s0, voted=s0, raftlog=Memoized:s2@group-4D961C7EB769-SegmentedRaftLog:OPENED:c9, conf=8: peers:[s0|rpc:localhost:34285|admin:localhost:46479|client:localhost:45349|dataStream:localhost:34817|priority:0|startupRole:FOLLOWER, s1|rpc:localhost:36349|admin:localhost:44151|client:localhost:32813|dataStream:localhost:35611|priority:0|startupRole:FOLLOWER, s2|rpc:localhost:42199|admin:localhost:38403|client:localhost:35043|dataStream:localhost:38209|priority:0|startupRole:FOLLOWER]|listeners:[], old=null RUNNING
2022-10-20 09:12:29,639 [timer3] WARN  grpc.GrpcUtil (GrpcUtil.java:shutdownManagedChannel(216)) - Timed out gracefully shutting down connection: ManagedChannelOrphanWrapper{delegate=ManagedChannelImpl{logId=1020, target=localhost:45349}}. 
2022-10-20 09:12:35,760 [timer1] WARN  grpc.GrpcUtil (GrpcUtil.java:shutdownManagedChannel(216)) - Timed out gracefully shutting down connection: ManagedChannelOrphanWrapper{delegate=ManagedChannelImpl{logId=1034, target=localhost:45349}}. 
]]></system-out>
  </testcase>
  <testcase name="testStreamWrites" classname="org.apache.ratis.datastream.TestNettyDataStreamStarTopologyWithGrpcCluster" time="4.563"/>
</testsuite>