<?xml version="1.0" encoding="UTF-8"?>
<testsuite xmlns:xsi="http://www.w3.org/2001/XMLSchema-instance" xsi:noNamespaceSchemaLocation="https://maven.apache.org/surefire/maven-surefire-plugin/xsd/surefire-test-report-3.0.xsd" version="3.0" name="org.apache.ratis.grpc.TestGroupManagementWithGrpc" time="69.629" tests="13" errors="1" skipped="0" failures="9">
  <properties>
    <property name="awt.toolkit" value="sun.awt.X11.XToolkit"/>
    <property name="java.specification.version" value="11"/>
    <property name="sun.cpu.isalist" value=""/>
    <property name="sun.jnu.encoding" value="UTF-8"/>
    <property name="java.class.path" value="/home/runner/work/ratis/ratis/ratis-test/target/test-classes:/home/runner/work/ratis/ratis/ratis-test/target/classes:/home/runner/work/ratis/ratis/ratis-common/target/classes:/home/runner/.m2/repository/org/apache/ratis/ratis-thirdparty-misc/1.0.5/ratis-thirdparty-misc-1.0.5.jar:/home/runner/work/ratis/ratis/ratis-proto/target/classes:/home/runner/work/ratis/ratis/ratis-common/target/test-classes:/home/runner/work/ratis/ratis/ratis-client/target/classes:/home/runner/work/ratis/ratis/ratis-server/target/classes:/home/runner/work/ratis/ratis/ratis-server-api/target/classes:/home/runner/work/ratis/ratis/ratis-metrics-api/target/classes:/home/runner/work/ratis/ratis/ratis-server/target/test-classes:/home/runner/work/ratis/ratis/ratis-metrics-default/target/classes:/home/runner/work/ratis/ratis/ratis-netty/target/classes:/home/runner/work/ratis/ratis/ratis-netty/target/test-classes:/home/runner/work/ratis/ratis/ratis-grpc/target/classes:/home/runner/work/ratis/ratis/ratis-grpc/target/test-classes:/home/runner/work/ratis/ratis/ratis-shell/target/classes:/home/runner/.m2/repository/commons-cli/commons-cli/1.5.0/commons-cli-1.5.0.jar:/home/runner/.m2/repository/org/reflections/reflections/0.10.2/reflections-0.10.2.jar:/home/runner/.m2/repository/org/javassist/javassist/3.28.0-GA/javassist-3.28.0-GA.jar:/home/runner/.m2/repository/com/google/code/findbugs/jsr305/3.0.2/jsr305-3.0.2.jar:/home/runner/.m2/repository/org/bouncycastle/bcprov-jdk18on/1.76/bcprov-jdk18on-1.76.jar:/home/runner/.m2/repository/org/bouncycastle/bcpkix-jdk18on/1.76/bcpkix-jdk18on-1.76.jar:/home/runner/.m2/repository/org/bouncycastle/bcutil-jdk18on/1.76/bcutil-jdk18on-1.76.jar:/home/runner/.m2/repository/org/slf4j/slf4j-api/2.0.7/slf4j-api-2.0.7.jar:/home/runner/.m2/repository/org/slf4j/slf4j-reload4j/2.0.7/slf4j-reload4j-2.0.7.jar:/home/runner/.m2/repository/ch/qos/reload4j/reload4j/1.2.22/reload4j-1.2.22.jar:/home/runner/.m2/repository/junit/junit/4.13.2/junit-4.13.2.jar:/home/runner/.m2/repository/org/hamcrest/hamcrest-core/1.3/hamcrest-core-1.3.jar:/home/runner/.m2/repository/org/mockito/mockito-core/4.3.1/mockito-core-4.3.1.jar:/home/runner/.m2/repository/net/bytebuddy/byte-buddy/1.12.7/byte-buddy-1.12.7.jar:/home/runner/.m2/repository/net/bytebuddy/byte-buddy-agent/1.12.7/byte-buddy-agent-1.12.7.jar:/home/runner/.m2/repository/org/objenesis/objenesis/3.2/objenesis-3.2.jar:"/>
    <property name="java.vm.vendor" value="Eclipse Adoptium"/>
    <property name="sun.arch.data.model" value="64"/>
    <property name="java.vendor.url" value="https://adoptium.net/"/>
    <property name="user.timezone" value=""/>
    <property name="java.vm.specification.version" value="11"/>
    <property name="os.name" value="Linux"/>
    <property name="sun.java.launcher" value="SUN_STANDARD"/>
    <property name="sun.boot.library.path" value="/usr/lib/jvm/temurin-11-jdk-amd64/lib"/>
    <property name="sun.java.command" value="/home/runner/work/ratis/ratis/ratis-test/target/surefire/surefirebooter-20231213183801498_252.jar /home/runner/work/ratis/ratis/ratis-test/target/surefire 2023-12-13T18-37-28_043-jvmRun1 surefire-20231213183801498_250tmp surefire_30-20231213183801498_251tmp"/>
    <property name="jdk.debug" value="release"/>
    <property name="surefire.test.class.path" value="/home/runner/work/ratis/ratis/ratis-test/target/test-classes:/home/runner/work/ratis/ratis/ratis-test/target/classes:/home/runner/work/ratis/ratis/ratis-common/target/classes:/home/runner/.m2/repository/org/apache/ratis/ratis-thirdparty-misc/1.0.5/ratis-thirdparty-misc-1.0.5.jar:/home/runner/work/ratis/ratis/ratis-proto/target/classes:/home/runner/work/ratis/ratis/ratis-common/target/test-classes:/home/runner/work/ratis/ratis/ratis-client/target/classes:/home/runner/work/ratis/ratis/ratis-server/target/classes:/home/runner/work/ratis/ratis/ratis-server-api/target/classes:/home/runner/work/ratis/ratis/ratis-metrics-api/target/classes:/home/runner/work/ratis/ratis/ratis-server/target/test-classes:/home/runner/work/ratis/ratis/ratis-metrics-default/target/classes:/home/runner/work/ratis/ratis/ratis-netty/target/classes:/home/runner/work/ratis/ratis/ratis-netty/target/test-classes:/home/runner/work/ratis/ratis/ratis-grpc/target/classes:/home/runner/work/ratis/ratis/ratis-grpc/target/test-classes:/home/runner/work/ratis/ratis/ratis-shell/target/classes:/home/runner/.m2/repository/commons-cli/commons-cli/1.5.0/commons-cli-1.5.0.jar:/home/runner/.m2/repository/org/reflections/reflections/0.10.2/reflections-0.10.2.jar:/home/runner/.m2/repository/org/javassist/javassist/3.28.0-GA/javassist-3.28.0-GA.jar:/home/runner/.m2/repository/com/google/code/findbugs/jsr305/3.0.2/jsr305-3.0.2.jar:/home/runner/.m2/repository/org/bouncycastle/bcprov-jdk18on/1.76/bcprov-jdk18on-1.76.jar:/home/runner/.m2/repository/org/bouncycastle/bcpkix-jdk18on/1.76/bcpkix-jdk18on-1.76.jar:/home/runner/.m2/repository/org/bouncycastle/bcutil-jdk18on/1.76/bcutil-jdk18on-1.76.jar:/home/runner/.m2/repository/org/slf4j/slf4j-api/2.0.7/slf4j-api-2.0.7.jar:/home/runner/.m2/repository/org/slf4j/slf4j-reload4j/2.0.7/slf4j-reload4j-2.0.7.jar:/home/runner/.m2/repository/ch/qos/reload4j/reload4j/1.2.22/reload4j-1.2.22.jar:/home/runner/.m2/repository/junit/junit/4.13.2/junit-4.13.2.jar:/home/runner/.m2/repository/org/hamcrest/hamcrest-core/1.3/hamcrest-core-1.3.jar:/home/runner/.m2/repository/org/mockito/mockito-core/4.3.1/mockito-core-4.3.1.jar:/home/runner/.m2/repository/net/bytebuddy/byte-buddy/1.12.7/byte-buddy-1.12.7.jar:/home/runner/.m2/repository/net/bytebuddy/byte-buddy-agent/1.12.7/byte-buddy-agent-1.12.7.jar:/home/runner/.m2/repository/org/objenesis/objenesis/3.2/objenesis-3.2.jar:"/>
    <property name="sun.cpu.endian" value="little"/>
    <property name="user.home" value="/home/runner"/>
    <property name="user.language" value="en"/>
    <property name="java.specification.vendor" value="Oracle Corporation"/>
    <property name="java.version.date" value="2023-10-17"/>
    <property name="java.home" value="/usr/lib/jvm/temurin-11-jdk-amd64"/>
    <property name="file.separator" value="/"/>
    <property name="basedir" value="/home/runner/work/ratis/ratis/ratis-test"/>
    <property name="java.vm.compressedOopsMode" value="32-bit"/>
    <property name="line.separator" value="&#10;"/>
    <property name="java.specification.name" value="Java Platform API Specification"/>
    <property name="java.vm.specification.vendor" value="Oracle Corporation"/>
    <property name="java.awt.graphicsenv" value="sun.awt.X11GraphicsEnvironment"/>
    <property name="surefire.real.class.path" value="/home/runner/work/ratis/ratis/ratis-test/target/surefire/surefirebooter-20231213183801498_252.jar"/>
    <property name="sun.management.compiler" value="HotSpot 64-Bit Tiered Compilers"/>
    <property name="java.runtime.version" value="11.0.21+9"/>
    <property name="user.name" value="runner"/>
    <property name="java.net.preferIPv4Stack" value="true"/>
    <property name="path.separator" value=":"/>
    <property name="os.version" value="5.15.0-1052-azure"/>
    <property name="java.runtime.name" value="OpenJDK Runtime Environment"/>
    <property name="file.encoding" value="UTF-8"/>
    <property name="java.vm.name" value="OpenJDK 64-Bit Server VM"/>
    <property name="java.vendor.version" value="Temurin-11.0.21+9"/>
    <property name="localRepository" value="/home/runner/.m2/repository"/>
    <property name="java.vendor.url.bug" value="https://github.com/adoptium/adoptium-support/issues"/>
    <property name="java.io.tmpdir" value="/tmp"/>
    <property name="java.version" value="11.0.21"/>
    <property name="user.dir" value="/home/runner/work/ratis/ratis/ratis-test"/>
    <property name="os.arch" value="amd64"/>
    <property name="ratis.tmp.dir" value="/home/runner/work/ratis/ratis/ratis-test/target/tmp"/>
    <property name="java.vm.specification.name" value="Java Virtual Machine Specification"/>
    <property name="java.awt.printerjob" value="sun.print.PSPrinterJob"/>
    <property name="ratis.log.dir" value="/home/runner/work/ratis/ratis/ratis-test/target/log"/>
    <property name="sun.os.patch.level" value="unknown"/>
    <property name="java.library.path" value="/usr/java/packages/lib:/usr/lib64:/lib64:/lib:/usr/lib"/>
    <property name="java.vm.info" value="mixed mode"/>
    <property name="java.vendor" value="Eclipse Adoptium"/>
    <property name="java.vm.version" value="11.0.21+9"/>
    <property name="java.specification.maintenance.version" value="2"/>
    <property name="sun.io.unicode.encoding" value="UnicodeLittle"/>
    <property name="java.class.version" value="55.0"/>
  </properties>
  <testcase name="testGroupRemoveWhenDelete" classname="org.apache.ratis.grpc.TestGroupManagementWithGrpc" time="3.663">
    <system-out><![CDATA[2023-12-13 18:49:40,596 [main] INFO  util.LogUtils (Slf4jUtils.java:setLogLevel(38)) - Successfully set org.apache.ratis.conf.ConfUtils log level to WARN
2023-12-13 18:49:40,599 [main] INFO  util.LogUtils (Slf4jUtils.java:setLogLevel(38)) - Successfully set org.apache.ratis.util.FileUtils log level to TRACE
2023-12-13 18:49:40,603 [main] INFO  util.LogUtils (Slf4jUtils.java:setLogLevel(38)) - Successfully set org.apache.ratis.server.RaftServer log level to DEBUG
2023-12-13 18:49:40,603 [main] INFO  util.LogUtils (Slf4jUtils.java:setLogLevel(38)) - Successfully set org.apache.ratis.server.RaftServer$Division log level to DEBUG
2023-12-13 18:49:40,604 [main] INFO  util.LogUtils (Slf4jUtils.java:setLogLevel(38)) - Successfully set org.apache.ratis.client.RaftClient log level to DEBUG
2023-12-13 18:49:40,682 [Time-limited test] INFO  impl.MiniRaftCluster (MiniRaftCluster.java:<init>(306)) - new MiniRaftClusterWithGrpc with group-D914A71EA700:[s0|localhost:44031]
2023-12-13 18:49:40,686 [Time-limited test] INFO  impl.MiniRaftCluster (MiniRaftCluster.java:<init>(306)) - new MiniRaftClusterWithGrpc with group-4EC6022F89D7:[s0|localhost:35949, s1|localhost:42593, s2|localhost:41629]
2023-12-13 18:49:40,686 [Time-limited test] INFO  impl.MiniRaftCluster (MiniRaftCluster.java:start(339)) - .............................................................. 
2023-12-13 18:49:40,686 [Time-limited test] INFO  impl.MiniRaftCluster (MiniRaftCluster.java:start(340)) - ... 
2023-12-13 18:49:40,686 [Time-limited test] INFO  impl.MiniRaftCluster (MiniRaftCluster.java:start(341)) - ...     Starting MiniRaftClusterWithGrpc
2023-12-13 18:49:40,687 [Time-limited test] INFO  impl.MiniRaftCluster (MiniRaftCluster.java:start(342)) - ... 
2023-12-13 18:49:40,687 [Time-limited test] INFO  impl.MiniRaftCluster (MiniRaftCluster.java:start(343)) - .............................................................. 
2023-12-13 18:49:40,687 [Time-limited test] INFO  impl.MiniRaftCluster (MiniRaftCluster.java:initServers(318)) - servers = {}
2023-12-13 18:49:40,691 [Time-limited test] INFO  impl.MiniRaftCluster (MiniRaftCluster.java:newRaftServer(382)) - newRaftServer: s0, group-D914A71EA700:[s0|localhost:44031], format? true
2023-12-13 18:49:40,692 [Time-limited test] TRACE util.FileUtils (FileUtils.java:deleteFully(305)) - deleteFully target/test/data/b8de9602/MiniRaftClusterWithGrpc866bee50/s0
2023-12-13 18:49:40,693 [Time-limited test] TRACE util.FileUtils (FileUtils.java:deleteFully(318)) - deleteFully: target/test/data/b8de9602/MiniRaftClusterWithGrpc866bee50/s0 does not exist.
2023-12-13 18:49:40,693 [Time-limited test] INFO  impl.MiniRaftCluster (MiniRaftCluster.java:newRaftServer(387)) - Formatted directory target/test/data/b8de9602/MiniRaftClusterWithGrpc866bee50/s0
2023-12-13 18:49:40,702 [Time-limited test] DEBUG server.RaftServer (ServerImplUtils.java:newRaftServer(51)) - newRaftServer: s0, group-D914A71EA700:[s0|localhost:44031]
2023-12-13 18:49:40,708 [Time-limited test] INFO  server.RaftServer (ConfUtils.java:logGet(46)) - raft.rpc.type = GRPC (default)
2023-12-13 18:49:40,746 [Time-limited test] INFO  grpc.GrpcConfigKeys (ConfUtils.java:logFallback(53)) - raft.grpc.admin.host = null (fallback to raft.grpc.server.host)
2023-12-13 18:49:40,748 [Time-limited test] INFO  grpc.GrpcConfigKeys (ConfUtils.java:logGet(46)) - raft.grpc.admin.port = 46571 (custom)
2023-12-13 18:49:40,749 [Time-limited test] INFO  grpc.GrpcConfigKeys (ConfUtils.java:logFallback(53)) - raft.grpc.client.host = null (fallback to raft.grpc.server.host)
2023-12-13 18:49:40,749 [Time-limited test] INFO  grpc.GrpcConfigKeys (ConfUtils.java:logGet(46)) - raft.grpc.client.port = 34939 (custom)
2023-12-13 18:49:40,749 [Time-limited test] INFO  grpc.GrpcConfigKeys (ConfUtils.java:logGet(46)) - raft.grpc.server.host = null (default)
2023-12-13 18:49:40,750 [Time-limited test] INFO  grpc.GrpcConfigKeys (ConfUtils.java:logGet(46)) - raft.grpc.server.port = 44031 (custom)
2023-12-13 18:49:40,750 [Time-limited test] INFO  server.GrpcService (ConfUtils.java:logGet(46)) - raft.grpc.message.size.max = 64MB (=67108864) (default)
2023-12-13 18:49:40,752 [Time-limited test] INFO  server.RaftServerConfigKeys (ConfUtils.java:logGet(46)) - raft.server.log.appender.buffer.byte-limit = 4MB (=4194304) (default)
2023-12-13 18:49:40,752 [Time-limited test] INFO  server.GrpcService (ConfUtils.java:logGet(46)) - raft.grpc.flow.control.window = 1MB (=1048576) (default)
2023-12-13 18:49:40,753 [Time-limited test] INFO  server.RaftServerConfigKeys (ConfUtils.java:logGet(46)) - raft.server.rpc.request.timeout = 3000ms (default)
2023-12-13 18:49:40,763 [Time-limited test] INFO  grpc.GrpcConfigKeys (ConfUtils.java:logGet(46)) - raft.grpc.server.heartbeat.channel = true (default)
2023-12-13 18:49:40,765 [Time-limited test] INFO  grpc.GrpcConfigKeys (ConfUtils.java:logGet(46)) - raft.grpc.server.async.request.thread.pool.cached = true (default)
2023-12-13 18:49:40,766 [Time-limited test] INFO  grpc.GrpcConfigKeys (ConfUtils.java:logGet(46)) - raft.grpc.server.async.request.thread.pool.size = 32 (default)
2023-12-13 18:49:40,900 [Time-limited test] INFO  impl.DataStreamServerImpl (ConfUtils.java:logGet(46)) - raft.datastream.type = DISABLED (default)
2023-12-13 18:49:40,901 [Time-limited test] INFO  server.RaftServerConfigKeys (ConfUtils.java:logGet(46)) - raft.server.sleep.deviation.threshold = 300ms (default)
2023-12-13 18:49:40,902 [Time-limited test] INFO  server.RaftServerConfigKeys (ConfUtils.java:logGet(46)) - raft.server.close.threshold = 60s (default)
2023-12-13 18:49:40,902 [Time-limited test] INFO  server.RaftServerConfigKeys (ConfUtils.java:logGet(46)) - raft.server.leaderelection.leader.step-down.wait-time = 10s (default)
2023-12-13 18:49:40,906 [Time-limited test] INFO  server.RaftServerConfigKeys (ConfUtils.java:logGet(46)) - raft.server.storage.dir = [/home/runner/work/ratis/ratis/ratis-test/target/test/data/b8de9602/MiniRaftClusterWithGrpc866bee50/s0] (custom)
2023-12-13 18:49:40,906 [Time-limited test] INFO  server.RaftServerConfigKeys (ConfUtils.java:logGet(46)) - raft.server.threadpool.proxy.cached = true (default)
2023-12-13 18:49:40,907 [Time-limited test] INFO  server.RaftServerConfigKeys (ConfUtils.java:logGet(46)) - raft.server.threadpool.proxy.size = 0 (default)
2023-12-13 18:49:40,931 [Time-limited test] INFO  server.RaftServer (RaftServerProxy.java:addNew(100)) - s0: addNew group-D914A71EA700:[s0|localhost:44031] returns group-D914A71EA700:java.util.concurrent.CompletableFuture@1206ec9c[Not completed]
2023-12-13 18:49:40,938 [s0-groupManagement] INFO  server.RaftServer$Division (RaftServerImpl.java:<init>(256)) - s0: new RaftServerImpl for group-D914A71EA700:[s0|localhost:44031] with BaseStateMachine:uninitialized
2023-12-13 18:49:40,939 [s0-groupManagement] INFO  server.RaftServerConfigKeys (ConfUtils.java:logGet(46)) - raft.server.rpc.timeout.min = 1500ms (custom)
2023-12-13 18:49:40,939 [s0-groupManagement] INFO  server.RaftServerConfigKeys (ConfUtils.java:logGet(46)) - raft.server.rpc.timeout.max = 2000ms (custom)
2023-12-13 18:49:40,939 [s0-groupManagement] INFO  server.RaftServerConfigKeys (ConfUtils.java:logGet(46)) - raft.server.rpc.sleep.time = 25ms (default)
2023-12-13 18:49:40,940 [s0-groupManagement] INFO  server.RaftServerConfigKeys (ConfUtils.java:logGet(46)) - raft.server.rpc.slowness.timeout = 60s (default)
2023-12-13 18:49:40,940 [s0-groupManagement] INFO  server.RaftServerConfigKeys (ConfUtils.java:logGet(46)) - raft.server.leaderelection.leader.step-down.wait-time = 10s (default)
2023-12-13 18:49:40,940 [s0-groupManagement] INFO  server.RaftServerConfigKeys (ConfUtils.java:logGet(46)) - raft.server.leaderelection.member.majority-add = false (default)
2023-12-13 18:49:40,940 [s0-groupManagement] INFO  server.RaftServerConfigKeys (ConfUtils.java:logGet(46)) - raft.server.sleep.deviation.threshold = 300ms (default)
2023-12-13 18:49:40,944 [s0-groupManagement] INFO  server.RaftServer$Division (ServerState.java:<init>(113)) - s0@group-D914A71EA700: ConfigurationManager, init=-1: peers:[s0|localhost:44031]|listeners:[], old=null, confs=<EMPTY_MAP>
2023-12-13 18:49:40,947 [s0-groupManagement] INFO  server.RaftServerConfigKeys (ConfUtils.java:logGet(46)) - raft.server.notification.no-leader.timeout = 60s (default)
2023-12-13 18:49:40,949 [s0-groupManagement] INFO  server.RaftServerConfigKeys (ConfUtils.java:logGet(46)) - raft.server.read.timeout = 10s (default)
2023-12-13 18:49:40,951 [s0-groupManagement] INFO  server.RaftServerConfigKeys (ConfUtils.java:logGet(46)) - raft.server.retrycache.expirytime = 60s (default)
2023-12-13 18:49:40,951 [s0-groupManagement] INFO  server.RaftServerConfigKeys (ConfUtils.java:logGet(46)) - raft.server.retrycache.statistics.expirytime = 100ms (default)
2023-12-13 18:49:40,954 [s0-groupManagement] INFO  server.RaftServerConfigKeys (ConfUtils.java:logGet(46)) - raft.server.read.option = DEFAULT (default)
2023-12-13 18:49:40,954 [s0-groupManagement] INFO  server.RaftServerConfigKeys (ConfUtils.java:logGet(46)) - raft.server.read.read-after-write-consistent.write-index-cache.expiry-time = 60s (default)
2023-12-13 18:49:40,958 [s0-groupManagement] INFO  metrics.MetricRegistries (MetricRegistriesLoader.java:load(64)) - Loaded MetricRegistries class org.apache.ratis.metrics.impl.MetricRegistriesImpl
2023-12-13 18:49:41,035 [s0-groupManagement] INFO  server.RaftServerConfigKeys (ConfUtils.java:logGet(46)) - raft.server.rpc.request.timeout = 3000ms (default)
2023-12-13 18:49:41,037 [s0-groupManagement] INFO  server.RaftServerConfigKeys (ConfUtils.java:logGet(46)) - raft.server.log.appender.install.snapshot.enabled = true (default)
2023-12-13 18:49:41,037 [s0-groupManagement] INFO  server.RaftServerConfigKeys (ConfUtils.java:logGet(46)) - raft.server.threadpool.server.cached = true (default)
2023-12-13 18:49:41,038 [s0-groupManagement] INFO  server.RaftServerConfigKeys (ConfUtils.java:logGet(46)) - raft.server.threadpool.server.size = 0 (default)
2023-12-13 18:49:41,038 [s0-groupManagement] INFO  server.RaftServerConfigKeys (ConfUtils.java:logGet(46)) - raft.server.threadpool.client.cached = true (default)
2023-12-13 18:49:41,038 [s0-groupManagement] INFO  server.RaftServerConfigKeys (ConfUtils.java:logGet(46)) - raft.server.threadpool.client.size = 0 (default)
2023-12-13 18:49:41,040 [s0-impl-thread1] INFO  server.RaftServerConfigKeys (ConfUtils.java:logGet(46)) - raft.server.storage.free-space.min = 0MB (=0) (default)
2023-12-13 18:49:41,041 [s0-impl-thread1] INFO  server.RaftServerConfigKeys (ConfUtils.java:logGet(46)) - raft.server.log.corruption.policy = EXCEPTION (default)
2023-12-13 18:49:41,041 [s0-impl-thread1] INFO  server.RaftServerConfigKeys (ConfUtils.java:logGet(46)) - raft.server.storage.dir = [/home/runner/work/ratis/ratis/ratis-test/target/test/data/b8de9602/MiniRaftClusterWithGrpc866bee50/s0] (custom)
2023-12-13 18:49:41,048 [s0-impl-thread1] INFO  storage.RaftStorageDirectory (RaftStorageDirectoryImpl.java:analyzeStorage(138)) - The storage directory /home/runner/work/ratis/ratis/ratis-test/target/test/data/b8de9602/MiniRaftClusterWithGrpc866bee50/s0/9dc64cfe-f16d-4b5a-b865-d914a71ea700 does not exist. Creating ...
2023-12-13 18:49:41,050 [s0-impl-thread1] TRACE util.FileUtils (LogUtils.java:runAndLog(49)) - Successfully ran Files.createDirectories /home/runner/work/ratis/ratis/ratis-test/target/test/data/b8de9602/MiniRaftClusterWithGrpc866bee50/s0/9dc64cfe-f16d-4b5a-b865-d914a71ea700
2023-12-13 18:49:41,052 [s0-impl-thread1] INFO  storage.RaftStorageDirectory (RaftStorageDirectoryImpl.java:tryLock(228)) - Lock on /home/runner/work/ratis/ratis/ratis-test/target/test/data/b8de9602/MiniRaftClusterWithGrpc866bee50/s0/9dc64cfe-f16d-4b5a-b865-d914a71ea700/in_use.lock acquired by nodename 24599@fv-az743-812
2023-12-13 18:49:41,053 [s0-impl-thread1] TRACE util.FileUtils (LogUtils.java:runAndLog(49)) - Successfully ran Files.createDirectories /home/runner/work/ratis/ratis/ratis-test/target/test/data/b8de9602/MiniRaftClusterWithGrpc866bee50/s0/9dc64cfe-f16d-4b5a-b865-d914a71ea700/current
2023-12-13 18:49:41,053 [s0-impl-thread1] TRACE util.FileUtils (LogUtils.java:runAndLog(49)) - Successfully ran Files.createDirectories /home/runner/work/ratis/ratis/ratis-test/target/test/data/b8de9602/MiniRaftClusterWithGrpc866bee50/s0/9dc64cfe-f16d-4b5a-b865-d914a71ea700/sm
2023-12-13 18:49:41,056 [s0-impl-thread1] TRACE util.FileUtils (LogUtils.java:supplyAndLog(69)) - Successfully supplied FileChannel.open /home/runner/work/ratis/ratis/ratis-test/target/test/data/b8de9602/MiniRaftClusterWithGrpc866bee50/s0/9dc64cfe-f16d-4b5a-b865-d914a71ea700/current/raft-meta.tmp with options [CREATE, WRITE]: sun.nio.ch.FileChannelImpl@50986fdc
2023-12-13 18:49:41,067 [s0-impl-thread1] TRACE util.FileUtils (LogUtils.java:runAndLog(49)) - Successfully ran Atomic Files.move /home/runner/work/ratis/ratis/ratis-test/target/test/data/b8de9602/MiniRaftClusterWithGrpc866bee50/s0/9dc64cfe-f16d-4b5a-b865-d914a71ea700/current/raft-meta.tmp to /home/runner/work/ratis/ratis/ratis-test/target/test/data/b8de9602/MiniRaftClusterWithGrpc866bee50/s0/9dc64cfe-f16d-4b5a-b865-d914a71ea700/current/raft-meta with options [REPLACE_EXISTING]
2023-12-13 18:49:41,067 [s0-impl-thread1] INFO  storage.RaftStorage (RaftStorageImpl.java:format(99)) - Storage directory /home/runner/work/ratis/ratis/ratis-test/target/test/data/b8de9602/MiniRaftClusterWithGrpc866bee50/s0/9dc64cfe-f16d-4b5a-b865-d914a71ea700 has been successfully formatted.
2023-12-13 18:49:41,069 [s0-impl-thread1] TRACE util.FileUtils (LogUtils.java:supplyAndLog(61)) - Failed to Files.newInputStream /home/runner/work/ratis/ratis/ratis-test/target/test/data/b8de9602/MiniRaftClusterWithGrpc866bee50/s0/9dc64cfe-f16d-4b5a-b865-d914a71ea700/current/raft-meta.conf with options []
java.nio.file.NoSuchFileException: /home/runner/work/ratis/ratis/ratis-test/target/test/data/b8de9602/MiniRaftClusterWithGrpc866bee50/s0/9dc64cfe-f16d-4b5a-b865-d914a71ea700/current/raft-meta.conf
	at java.base/sun.nio.fs.UnixException.translateToIOException(UnixException.java:92)
	at java.base/sun.nio.fs.UnixException.rethrowAsIOException(UnixException.java:111)
	at java.base/sun.nio.fs.UnixException.rethrowAsIOException(UnixException.java:116)
	at java.base/sun.nio.fs.UnixFileSystemProvider.newByteChannel(UnixFileSystemProvider.java:219)
	at java.base/java.nio.file.Files.newByteChannel(Files.java:371)
	at java.base/java.nio.file.Files.newByteChannel(Files.java:422)
	at java.base/java.nio.file.spi.FileSystemProvider.newInputStream(FileSystemProvider.java:420)
	at java.base/java.nio.file.Files.newInputStream(Files.java:156)
	at org.apache.ratis.util.FileUtils.lambda$newInputStream$2(FileUtils.java:73)
	at org.apache.ratis.util.LogUtils.supplyAndLog(LogUtils.java:58)
	at org.apache.ratis.util.FileUtils.newInputStream(FileUtils.java:72)
	at org.apache.ratis.util.FileUtils.newInputStream(FileUtils.java:68)
	at org.apache.ratis.server.storage.RaftStorageImpl.readRaftConfiguration(RaftStorageImpl.java:156)
	at org.apache.ratis.server.impl.ServerState.initialize(ServerState.java:141)
	at org.apache.ratis.server.impl.RaftServerImpl.start(RaftServerImpl.java:388)
	at org.apache.ratis.util.ConcurrentUtils.accept(ConcurrentUtils.java:203)
	at org.apache.ratis.util.ConcurrentUtils.lambda$parallelForEachAsync$4(ConcurrentUtils.java:182)
	at java.base/java.util.concurrent.ThreadPoolExecutor.runWorker(ThreadPoolExecutor.java:1128)
	at java.base/java.util.concurrent.ThreadPoolExecutor$Worker.run(ThreadPoolExecutor.java:628)
	at java.base/java.lang.Thread.run(Thread.java:829)
2023-12-13 18:49:41,072 [s0-impl-thread1] INFO  server.RaftServerConfigKeys (ConfUtils.java:logGet(46)) - raft.server.log.use.memory = false (default)
2023-12-13 18:49:41,078 [s0-impl-thread1] INFO  server.RaftServerConfigKeys (ConfUtils.java:logGet(46)) - raft.server.log.purge.gap = 1024 (default)
2023-12-13 18:49:41,079 [s0-impl-thread1] INFO  server.RaftServerConfigKeys (ConfUtils.java:logGet(46)) - raft.server.log.appender.buffer.byte-limit = 4MB (=4194304) (default)
2023-12-13 18:49:41,080 [s0-impl-thread1] INFO  server.RaftServerConfigKeys (ConfUtils.java:logGet(46)) - raft.server.log.statemachine.data.read.timeout = 1000ms (default)
2023-12-13 18:49:41,080 [s0-impl-thread1] INFO  server.RaftServerConfigKeys (ConfUtils.java:logGet(46)) - raft.server.log.purge.preservation.log.num = 0 (default)
2023-12-13 18:49:41,083 [s0-impl-thread1] INFO  server.RaftServerConfigKeys (ConfUtils.java:logGet(46)) - raft.server.log.segment.size.max = 32MB (=33554432) (default)
2023-12-13 18:49:41,087 [s0-impl-thread1] INFO  server.RaftServerConfigKeys (ConfUtils.java:logGet(46)) - raft.server.log.segment.cache.num.max = 6 (default)
2023-12-13 18:49:41,087 [s0-impl-thread1] INFO  server.RaftServerConfigKeys (ConfUtils.java:logGet(46)) - raft.server.log.segment.cache.size.max = 200MB (=209715200) (default)
2023-12-13 18:49:41,087 [s0-impl-thread1] INFO  server.RaftServerConfigKeys (ConfUtils.java:logGet(46)) - raft.server.log.appender.buffer.byte-limit = 4MB (=4194304) (default)
2023-12-13 18:49:41,089 [s0-impl-thread1] INFO  util.AwaitToRun (AwaitToRun.java:start(81)) - Thread[s0@group-D914A71EA700-cacheEviction-AwaitToRun,5,main] started
2023-12-13 18:49:41,091 [s0-impl-thread1] INFO  segmented.SegmentedRaftLogWorker (SegmentedRaftLogWorker.java:<init>(182)) - new s0@group-D914A71EA700-SegmentedRaftLogWorker for RaftStorageImpl:Storage Directory /home/runner/work/ratis/ratis/ratis-test/target/test/data/b8de9602/MiniRaftClusterWithGrpc866bee50/s0/9dc64cfe-f16d-4b5a-b865-d914a71ea700
2023-12-13 18:49:41,092 [s0-impl-thread1] INFO  server.RaftServerConfigKeys (ConfUtils.java:logGet(46)) - raft.server.log.queue.byte-limit = 64MB (=67108864) (default)
2023-12-13 18:49:41,092 [s0-impl-thread1] INFO  server.RaftServerConfigKeys (ConfUtils.java:logGet(46)) - raft.server.log.queue.element-limit = 4096 (default)
2023-12-13 18:49:41,093 [s0-impl-thread1] INFO  server.RaftServerConfigKeys (ConfUtils.java:logGet(46)) - raft.server.log.segment.size.max = 32MB (=33554432) (default)
2023-12-13 18:49:41,094 [s0-impl-thread1] INFO  server.RaftServerConfigKeys (ConfUtils.java:logGet(46)) - raft.server.log.preallocated.size = 4MB (=4194304) (default)
2023-12-13 18:49:41,094 [s0-impl-thread1] INFO  server.RaftServerConfigKeys (ConfUtils.java:logGet(46)) - raft.server.log.force.sync.num = 128 (default)
2023-12-13 18:49:41,095 [s0-impl-thread1] INFO  server.RaftServerConfigKeys (ConfUtils.java:logGet(46)) - raft.server.log.statemachine.data.sync = true (default)
2023-12-13 18:49:41,095 [s0-impl-thread1] INFO  server.RaftServerConfigKeys (ConfUtils.java:logGet(46)) - raft.server.log.statemachine.data.sync.timeout = 10s (default)
2023-12-13 18:49:41,095 [s0-impl-thread1] INFO  server.RaftServerConfigKeys (ConfUtils.java:logGet(46)) - raft.server.log.statemachine.data.sync.timeout.retry = -1 (default)
2023-12-13 18:49:41,097 [s0-impl-thread1] INFO  server.RaftServerConfigKeys (ConfUtils.java:logGet(46)) - raft.server.log.write.buffer.size = 8MB (=8388608) (default)
2023-12-13 18:49:41,099 [s0-impl-thread1] INFO  server.RaftServerConfigKeys (ConfUtils.java:logGet(46)) - raft.server.log.appender.buffer.byte-limit = 4MB (=4194304) (default)
2023-12-13 18:49:41,099 [s0-impl-thread1] INFO  server.RaftServerConfigKeys (ConfUtils.java:logGet(46)) - raft.server.log.unsafe-flush.enabled = false (default)
2023-12-13 18:49:41,100 [s0-impl-thread1] INFO  server.RaftServerConfigKeys (ConfUtils.java:logGet(46)) - raft.server.log.async-flush.enabled = false (default)
2023-12-13 18:49:41,100 [s0-impl-thread1] INFO  server.RaftServerConfigKeys (ConfUtils.java:logGet(46)) - raft.server.log.statemachine.data.caching.enabled = false (default)
2023-12-13 18:49:41,105 [s0-impl-thread1] INFO  segmented.SegmentedRaftLogWorker (SegmentedRaftLogWorker.java:lambda$new$0(134)) - s0@group-D914A71EA700-SegmentedRaftLogWorker: flushIndex: setUnconditionally 0 -> -1
2023-12-13 18:49:41,105 [s0-impl-thread1] INFO  segmented.SegmentedRaftLogWorker (SegmentedRaftLogWorker.java:lambda$new$0(134)) - s0@group-D914A71EA700-SegmentedRaftLogWorker: safeCacheEvictIndex: setUnconditionally 0 -> -1
2023-12-13 18:49:41,107 [s0-impl-thread1] INFO  server.RaftServer$Division (RaftServerImpl.java:start(392)) - s0@group-D914A71EA700: start as a follower, conf=-1: peers:[s0|localhost:44031]|listeners:[], old=null
2023-12-13 18:49:41,107 [s0-impl-thread1] INFO  server.RaftServer$Division (RaftServerImpl.java:setRole(379)) - s0@group-D914A71EA700: changes role from      null to FOLLOWER at term 0 for startAsFollower
2023-12-13 18:49:41,108 [s0-impl-thread1] INFO  impl.RoleInfo (RoleInfo.java:updateAndGet(139)) - s0: start s0@group-D914A71EA700-FollowerState
2023-12-13 18:49:41,110 [s0@group-D914A71EA700-FollowerState] INFO  server.RaftServerConfigKeys (ConfUtils.java:logFallback(53)) - raft.server.rpc.first-election.timeout.min = 1500ms (fallback to raft.server.rpc.timeout.min)
2023-12-13 18:49:41,110 [s0@group-D914A71EA700-FollowerState] INFO  server.RaftServerConfigKeys (ConfUtils.java:logFallback(53)) - raft.server.rpc.first-election.timeout.max = 2000ms (fallback to raft.server.rpc.timeout.max)
2023-12-13 18:49:41,114 [s0-impl-thread1] INFO  util.JmxRegister (JmxRegister.java:tryRegister(44)) - Successfully registered JMX Bean with object name Ratis:service=RaftServer,group=group-D914A71EA700,id=s0
2023-12-13 18:49:41,115 [s0-impl-thread1] INFO  server.RaftServerConfigKeys (ConfUtils.java:logGet(46)) - raft.server.snapshot.trigger-when-stop.enabled = true (default)
2023-12-13 18:49:41,116 [s0-impl-thread1] INFO  server.RaftServerConfigKeys (ConfUtils.java:logGet(46)) - raft.server.snapshot.auto.trigger.enabled = false (default)
2023-12-13 18:49:41,116 [s0-impl-thread1] INFO  server.RaftServerConfigKeys (ConfUtils.java:logGet(46)) - raft.server.snapshot.retention.file.num = -1 (default)
2023-12-13 18:49:41,116 [s0-impl-thread1] INFO  server.RaftServerConfigKeys (ConfUtils.java:logGet(46)) - raft.server.log.purge.upto.snapshot.index = false (default)
2023-12-13 18:49:41,120 [Time-limited test] INFO  server.RaftServer (RaftServerProxy.java:startImpl(406)) - s0: start RPC server
2023-12-13 18:49:41,148 [Time-limited test] INFO  server.GrpcService (GrpcService.java:startImpl(302)) - s0: GrpcService started, listening on 34939
2023-12-13 18:49:41,149 [Time-limited test] INFO  server.GrpcService (GrpcService.java:startImpl(302)) - s0: GrpcService started, listening on 44031
2023-12-13 18:49:41,150 [Time-limited test] INFO  server.GrpcService (GrpcService.java:startImpl(302)) - s0: GrpcService started, listening on 46571
2023-12-13 18:49:41,151 [JvmPauseMonitor0] INFO  util.JvmPauseMonitor (JvmPauseMonitor.java:run(146)) - JvmPauseMonitor-s0: Started
2023-12-13 18:49:41,154 [Time-limited test] DEBUG client.RaftClient (ConfUtils.java:logGet(46)) - raft.rpc.type = GRPC (default)
2023-12-13 18:49:41,361 [grpc-default-executor-0] INFO  server.RaftServer (RaftServerProxy.java:addNew(100)) - s0: addNew group-4EC6022F89D7:[s0|0.0.0.0:44031] returns group-4EC6022F89D7:java.util.concurrent.CompletableFuture@641cd1b3[Not completed]
2023-12-13 18:49:41,361 [s0-groupManagement] INFO  server.RaftServer$Division (RaftServerImpl.java:<init>(256)) - s0: new RaftServerImpl for group-4EC6022F89D7:[s0|0.0.0.0:44031] with BaseStateMachine:uninitialized
2023-12-13 18:49:41,361 [s0-groupManagement] INFO  server.RaftServerConfigKeys (ConfUtils.java:logGet(46)) - raft.server.rpc.timeout.min = 1500ms (custom)
2023-12-13 18:49:41,362 [s0-groupManagement] INFO  server.RaftServerConfigKeys (ConfUtils.java:logGet(46)) - raft.server.rpc.timeout.max = 2000ms (custom)
2023-12-13 18:49:41,362 [s0-groupManagement] INFO  server.RaftServerConfigKeys (ConfUtils.java:logGet(46)) - raft.server.rpc.sleep.time = 25ms (default)
2023-12-13 18:49:41,362 [s0-groupManagement] INFO  server.RaftServerConfigKeys (ConfUtils.java:logGet(46)) - raft.server.rpc.slowness.timeout = 60s (default)
2023-12-13 18:49:41,362 [s0-groupManagement] INFO  server.RaftServerConfigKeys (ConfUtils.java:logGet(46)) - raft.server.leaderelection.leader.step-down.wait-time = 10s (default)
2023-12-13 18:49:41,362 [s0-groupManagement] INFO  server.RaftServerConfigKeys (ConfUtils.java:logGet(46)) - raft.server.leaderelection.member.majority-add = false (default)
2023-12-13 18:49:41,362 [s0-groupManagement] INFO  server.RaftServerConfigKeys (ConfUtils.java:logGet(46)) - raft.server.sleep.deviation.threshold = 300ms (default)
2023-12-13 18:49:41,362 [s0-groupManagement] INFO  server.RaftServer$Division (ServerState.java:<init>(113)) - s0@group-4EC6022F89D7: ConfigurationManager, init=-1: peers:[s0|0.0.0.0:44031]|listeners:[], old=null, confs=<EMPTY_MAP>
2023-12-13 18:49:41,363 [s0-groupManagement] INFO  server.RaftServerConfigKeys (ConfUtils.java:logGet(46)) - raft.server.notification.no-leader.timeout = 60s (default)
2023-12-13 18:49:41,363 [s0-groupManagement] INFO  server.RaftServerConfigKeys (ConfUtils.java:logGet(46)) - raft.server.read.timeout = 10s (default)
2023-12-13 18:49:41,363 [s0-groupManagement] INFO  server.RaftServerConfigKeys (ConfUtils.java:logGet(46)) - raft.server.retrycache.expirytime = 60s (default)
2023-12-13 18:49:41,363 [s0-groupManagement] INFO  server.RaftServerConfigKeys (ConfUtils.java:logGet(46)) - raft.server.retrycache.statistics.expirytime = 100ms (default)
2023-12-13 18:49:41,363 [s0-groupManagement] INFO  server.RaftServerConfigKeys (ConfUtils.java:logGet(46)) - raft.server.read.option = DEFAULT (default)
2023-12-13 18:49:41,363 [s0-groupManagement] INFO  server.RaftServerConfigKeys (ConfUtils.java:logGet(46)) - raft.server.read.read-after-write-consistent.write-index-cache.expiry-time = 60s (default)
2023-12-13 18:49:41,366 [s0-groupManagement] INFO  server.RaftServerConfigKeys (ConfUtils.java:logGet(46)) - raft.server.rpc.request.timeout = 3000ms (default)
2023-12-13 18:49:41,366 [s0-groupManagement] INFO  server.RaftServerConfigKeys (ConfUtils.java:logGet(46)) - raft.server.log.appender.install.snapshot.enabled = true (default)
2023-12-13 18:49:41,366 [s0-groupManagement] INFO  server.RaftServerConfigKeys (ConfUtils.java:logGet(46)) - raft.server.threadpool.server.cached = true (default)
2023-12-13 18:49:41,366 [s0-groupManagement] INFO  server.RaftServerConfigKeys (ConfUtils.java:logGet(46)) - raft.server.threadpool.server.size = 0 (default)
2023-12-13 18:49:41,366 [s0-groupManagement] INFO  server.RaftServerConfigKeys (ConfUtils.java:logGet(46)) - raft.server.threadpool.client.cached = true (default)
2023-12-13 18:49:41,366 [s0-groupManagement] INFO  server.RaftServerConfigKeys (ConfUtils.java:logGet(46)) - raft.server.threadpool.client.size = 0 (default)
2023-12-13 18:49:41,367 [s0-groupManagement] DEBUG server.RaftServer (RaftServerProxy.java:lambda$groupAddAsync$13(507)) - s0: newImpl =      null s0@group-4EC6022F89D7:t0, leader=null, voted=null, raftlog=UNINITIALIZED, conf=-1: peers:[s0|0.0.0.0:44031]|listeners:[], old=null NEW
2023-12-13 18:49:41,367 [s0-groupManagement] INFO  server.RaftServerConfigKeys (ConfUtils.java:logGet(46)) - raft.server.storage.free-space.min = 0MB (=0) (default)
2023-12-13 18:49:41,367 [s0-groupManagement] INFO  server.RaftServerConfigKeys (ConfUtils.java:logGet(46)) - raft.server.log.corruption.policy = EXCEPTION (default)
2023-12-13 18:49:41,367 [s0-groupManagement] INFO  server.RaftServerConfigKeys (ConfUtils.java:logGet(46)) - raft.server.storage.dir = [/home/runner/work/ratis/ratis/ratis-test/target/test/data/b8de9602/MiniRaftClusterWithGrpc866bee50/s0] (custom)
2023-12-13 18:49:41,368 [s0-groupManagement] INFO  storage.RaftStorageDirectory (RaftStorageDirectoryImpl.java:analyzeStorage(138)) - The storage directory /home/runner/work/ratis/ratis/ratis-test/target/test/data/b8de9602/MiniRaftClusterWithGrpc866bee50/s0/788e5ae8-e0f0-4a56-bf08-4ec6022f89d7 does not exist. Creating ...
2023-12-13 18:49:41,368 [s0-groupManagement] TRACE util.FileUtils (LogUtils.java:runAndLog(49)) - Successfully ran Files.createDirectories /home/runner/work/ratis/ratis/ratis-test/target/test/data/b8de9602/MiniRaftClusterWithGrpc866bee50/s0/788e5ae8-e0f0-4a56-bf08-4ec6022f89d7
2023-12-13 18:49:41,369 [s0-groupManagement] INFO  storage.RaftStorageDirectory (RaftStorageDirectoryImpl.java:tryLock(228)) - Lock on /home/runner/work/ratis/ratis/ratis-test/target/test/data/b8de9602/MiniRaftClusterWithGrpc866bee50/s0/788e5ae8-e0f0-4a56-bf08-4ec6022f89d7/in_use.lock acquired by nodename 24599@fv-az743-812
2023-12-13 18:49:41,369 [s0-groupManagement] TRACE util.FileUtils (LogUtils.java:runAndLog(49)) - Successfully ran Files.createDirectories /home/runner/work/ratis/ratis/ratis-test/target/test/data/b8de9602/MiniRaftClusterWithGrpc866bee50/s0/788e5ae8-e0f0-4a56-bf08-4ec6022f89d7/current
2023-12-13 18:49:41,369 [s0-groupManagement] TRACE util.FileUtils (LogUtils.java:runAndLog(49)) - Successfully ran Files.createDirectories /home/runner/work/ratis/ratis/ratis-test/target/test/data/b8de9602/MiniRaftClusterWithGrpc866bee50/s0/788e5ae8-e0f0-4a56-bf08-4ec6022f89d7/sm
2023-12-13 18:49:41,369 [s0-groupManagement] TRACE util.FileUtils (LogUtils.java:supplyAndLog(69)) - Successfully supplied FileChannel.open /home/runner/work/ratis/ratis/ratis-test/target/test/data/b8de9602/MiniRaftClusterWithGrpc866bee50/s0/788e5ae8-e0f0-4a56-bf08-4ec6022f89d7/current/raft-meta.tmp with options [CREATE, WRITE]: sun.nio.ch.FileChannelImpl@2f43ed27
2023-12-13 18:49:41,371 [s0-groupManagement] TRACE util.FileUtils (LogUtils.java:runAndLog(49)) - Successfully ran Atomic Files.move /home/runner/work/ratis/ratis/ratis-test/target/test/data/b8de9602/MiniRaftClusterWithGrpc866bee50/s0/788e5ae8-e0f0-4a56-bf08-4ec6022f89d7/current/raft-meta.tmp to /home/runner/work/ratis/ratis/ratis-test/target/test/data/b8de9602/MiniRaftClusterWithGrpc866bee50/s0/788e5ae8-e0f0-4a56-bf08-4ec6022f89d7/current/raft-meta with options [REPLACE_EXISTING]
2023-12-13 18:49:41,371 [s0-groupManagement] INFO  storage.RaftStorage (RaftStorageImpl.java:format(99)) - Storage directory /home/runner/work/ratis/ratis/ratis-test/target/test/data/b8de9602/MiniRaftClusterWithGrpc866bee50/s0/788e5ae8-e0f0-4a56-bf08-4ec6022f89d7 has been successfully formatted.
2023-12-13 18:49:41,371 [s0-groupManagement] TRACE util.FileUtils (LogUtils.java:supplyAndLog(61)) - Failed to Files.newInputStream /home/runner/work/ratis/ratis/ratis-test/target/test/data/b8de9602/MiniRaftClusterWithGrpc866bee50/s0/788e5ae8-e0f0-4a56-bf08-4ec6022f89d7/current/raft-meta.conf with options []
java.nio.file.NoSuchFileException: /home/runner/work/ratis/ratis/ratis-test/target/test/data/b8de9602/MiniRaftClusterWithGrpc866bee50/s0/788e5ae8-e0f0-4a56-bf08-4ec6022f89d7/current/raft-meta.conf
	at java.base/sun.nio.fs.UnixException.translateToIOException(UnixException.java:92)
	at java.base/sun.nio.fs.UnixException.rethrowAsIOException(UnixException.java:111)
	at java.base/sun.nio.fs.UnixException.rethrowAsIOException(UnixException.java:116)
	at java.base/sun.nio.fs.UnixFileSystemProvider.newByteChannel(UnixFileSystemProvider.java:219)
	at java.base/java.nio.file.Files.newByteChannel(Files.java:371)
	at java.base/java.nio.file.Files.newByteChannel(Files.java:422)
	at java.base/java.nio.file.spi.FileSystemProvider.newInputStream(FileSystemProvider.java:420)
	at java.base/java.nio.file.Files.newInputStream(Files.java:156)
	at org.apache.ratis.util.FileUtils.lambda$newInputStream$2(FileUtils.java:73)
	at org.apache.ratis.util.LogUtils.supplyAndLog(LogUtils.java:58)
	at org.apache.ratis.util.FileUtils.newInputStream(FileUtils.java:72)
	at org.apache.ratis.util.FileUtils.newInputStream(FileUtils.java:68)
	at org.apache.ratis.server.storage.RaftStorageImpl.readRaftConfiguration(RaftStorageImpl.java:156)
	at org.apache.ratis.server.impl.ServerState.initialize(ServerState.java:141)
	at org.apache.ratis.server.impl.RaftServerImpl.start(RaftServerImpl.java:388)
	at org.apache.ratis.server.impl.RaftServerProxy.lambda$groupAddAsync$13(RaftServerProxy.java:509)
	at java.base/java.util.concurrent.CompletableFuture$UniApply.tryFire(CompletableFuture.java:642)
	at java.base/java.util.concurrent.CompletableFuture$Completion.run(CompletableFuture.java:478)
	at java.base/java.util.concurrent.ThreadPoolExecutor.runWorker(ThreadPoolExecutor.java:1128)
	at java.base/java.util.concurrent.ThreadPoolExecutor$Worker.run(ThreadPoolExecutor.java:628)
	at java.base/java.lang.Thread.run(Thread.java:829)
2023-12-13 18:49:41,372 [s0-groupManagement] INFO  server.RaftServerConfigKeys (ConfUtils.java:logGet(46)) - raft.server.log.use.memory = false (default)
2023-12-13 18:49:41,372 [s0-groupManagement] INFO  server.RaftServerConfigKeys (ConfUtils.java:logGet(46)) - raft.server.log.purge.gap = 1024 (default)
2023-12-13 18:49:41,372 [s0-groupManagement] INFO  server.RaftServerConfigKeys (ConfUtils.java:logGet(46)) - raft.server.log.appender.buffer.byte-limit = 4MB (=4194304) (default)
2023-12-13 18:49:41,372 [s0-groupManagement] INFO  server.RaftServerConfigKeys (ConfUtils.java:logGet(46)) - raft.server.log.statemachine.data.read.timeout = 1000ms (default)
2023-12-13 18:49:41,372 [s0-groupManagement] INFO  server.RaftServerConfigKeys (ConfUtils.java:logGet(46)) - raft.server.log.purge.preservation.log.num = 0 (default)
2023-12-13 18:49:41,374 [s0-groupManagement] INFO  server.RaftServerConfigKeys (ConfUtils.java:logGet(46)) - raft.server.log.segment.size.max = 32MB (=33554432) (default)
2023-12-13 18:49:41,374 [s0-groupManagement] INFO  server.RaftServerConfigKeys (ConfUtils.java:logGet(46)) - raft.server.log.segment.cache.num.max = 6 (default)
2023-12-13 18:49:41,374 [s0-groupManagement] INFO  server.RaftServerConfigKeys (ConfUtils.java:logGet(46)) - raft.server.log.segment.cache.size.max = 200MB (=209715200) (default)
2023-12-13 18:49:41,374 [s0-groupManagement] INFO  server.RaftServerConfigKeys (ConfUtils.java:logGet(46)) - raft.server.log.appender.buffer.byte-limit = 4MB (=4194304) (default)
2023-12-13 18:49:41,374 [s0-groupManagement] INFO  util.AwaitToRun (AwaitToRun.java:start(81)) - Thread[s0@group-4EC6022F89D7-cacheEviction-AwaitToRun,5,main] started
2023-12-13 18:49:41,375 [s0-groupManagement] INFO  segmented.SegmentedRaftLogWorker (SegmentedRaftLogWorker.java:<init>(182)) - new s0@group-4EC6022F89D7-SegmentedRaftLogWorker for RaftStorageImpl:Storage Directory /home/runner/work/ratis/ratis/ratis-test/target/test/data/b8de9602/MiniRaftClusterWithGrpc866bee50/s0/788e5ae8-e0f0-4a56-bf08-4ec6022f89d7
2023-12-13 18:49:41,375 [s0-groupManagement] INFO  server.RaftServerConfigKeys (ConfUtils.java:logGet(46)) - raft.server.log.queue.byte-limit = 64MB (=67108864) (default)
2023-12-13 18:49:41,375 [s0-groupManagement] INFO  server.RaftServerConfigKeys (ConfUtils.java:logGet(46)) - raft.server.log.queue.element-limit = 4096 (default)
2023-12-13 18:49:41,375 [s0-groupManagement] INFO  server.RaftServerConfigKeys (ConfUtils.java:logGet(46)) - raft.server.log.segment.size.max = 32MB (=33554432) (default)
2023-12-13 18:49:41,375 [s0-groupManagement] INFO  server.RaftServerConfigKeys (ConfUtils.java:logGet(46)) - raft.server.log.preallocated.size = 4MB (=4194304) (default)
2023-12-13 18:49:41,376 [s0-groupManagement] INFO  server.RaftServerConfigKeys (ConfUtils.java:logGet(46)) - raft.server.log.force.sync.num = 128 (default)
2023-12-13 18:49:41,376 [s0-groupManagement] INFO  server.RaftServerConfigKeys (ConfUtils.java:logGet(46)) - raft.server.log.statemachine.data.sync = true (default)
2023-12-13 18:49:41,376 [s0-groupManagement] INFO  server.RaftServerConfigKeys (ConfUtils.java:logGet(46)) - raft.server.log.statemachine.data.sync.timeout = 10s (default)
2023-12-13 18:49:41,376 [s0-groupManagement] INFO  server.RaftServerConfigKeys (ConfUtils.java:logGet(46)) - raft.server.log.statemachine.data.sync.timeout.retry = -1 (default)
2023-12-13 18:49:41,376 [s0-groupManagement] INFO  server.RaftServerConfigKeys (ConfUtils.java:logGet(46)) - raft.server.log.write.buffer.size = 8MB (=8388608) (default)
2023-12-13 18:49:41,378 [s0-groupManagement] INFO  server.RaftServerConfigKeys (ConfUtils.java:logGet(46)) - raft.server.log.appender.buffer.byte-limit = 4MB (=4194304) (default)
2023-12-13 18:49:41,378 [s0-groupManagement] INFO  server.RaftServerConfigKeys (ConfUtils.java:logGet(46)) - raft.server.log.unsafe-flush.enabled = false (default)
2023-12-13 18:49:41,378 [s0-groupManagement] INFO  server.RaftServerConfigKeys (ConfUtils.java:logGet(46)) - raft.server.log.async-flush.enabled = false (default)
2023-12-13 18:49:41,378 [s0-groupManagement] INFO  server.RaftServerConfigKeys (ConfUtils.java:logGet(46)) - raft.server.log.statemachine.data.caching.enabled = false (default)
2023-12-13 18:49:41,379 [s0-groupManagement] INFO  segmented.SegmentedRaftLogWorker (SegmentedRaftLogWorker.java:lambda$new$0(134)) - s0@group-4EC6022F89D7-SegmentedRaftLogWorker: flushIndex: setUnconditionally 0 -> -1
2023-12-13 18:49:41,379 [s0-groupManagement] INFO  segmented.SegmentedRaftLogWorker (SegmentedRaftLogWorker.java:lambda$new$0(134)) - s0@group-4EC6022F89D7-SegmentedRaftLogWorker: safeCacheEvictIndex: setUnconditionally 0 -> -1
2023-12-13 18:49:41,379 [s0-groupManagement] INFO  server.RaftServer$Division (RaftServerImpl.java:start(392)) - s0@group-4EC6022F89D7: start as a follower, conf=-1: peers:[s0|0.0.0.0:44031]|listeners:[], old=null
2023-12-13 18:49:41,379 [s0-groupManagement] INFO  server.RaftServer$Division (RaftServerImpl.java:setRole(379)) - s0@group-4EC6022F89D7: changes role from      null to FOLLOWER at term 0 for startAsFollower
2023-12-13 18:49:41,379 [s0-groupManagement] INFO  impl.RoleInfo (RoleInfo.java:updateAndGet(139)) - s0: start s0@group-4EC6022F89D7-FollowerState
2023-12-13 18:49:41,380 [s0@group-4EC6022F89D7-FollowerState] INFO  server.RaftServerConfigKeys (ConfUtils.java:logFallback(53)) - raft.server.rpc.first-election.timeout.min = 1500ms (fallback to raft.server.rpc.timeout.min)
2023-12-13 18:49:41,380 [s0-groupManagement] INFO  util.JmxRegister (JmxRegister.java:tryRegister(44)) - Successfully registered JMX Bean with object name Ratis:service=RaftServer,group=group-4EC6022F89D7,id=s0
2023-12-13 18:49:41,382 [s0@group-4EC6022F89D7-FollowerState] INFO  server.RaftServerConfigKeys (ConfUtils.java:logFallback(53)) - raft.server.rpc.first-election.timeout.max = 2000ms (fallback to raft.server.rpc.timeout.max)
2023-12-13 18:49:41,382 [s0-groupManagement] INFO  server.RaftServerConfigKeys (ConfUtils.java:logGet(46)) - raft.server.snapshot.trigger-when-stop.enabled = true (default)
2023-12-13 18:49:41,382 [s0-groupManagement] INFO  server.RaftServerConfigKeys (ConfUtils.java:logGet(46)) - raft.server.snapshot.auto.trigger.enabled = false (default)
2023-12-13 18:49:41,382 [s0-groupManagement] INFO  server.RaftServerConfigKeys (ConfUtils.java:logGet(46)) - raft.server.snapshot.retention.file.num = -1 (default)
2023-12-13 18:49:41,382 [s0-groupManagement] INFO  server.RaftServerConfigKeys (ConfUtils.java:logGet(46)) - raft.server.log.purge.upto.snapshot.index = false (default)
2023-12-13 18:49:41,414 [grpc-default-executor-0] INFO  server.RaftServer (RaftServerProxy.java:remove(111)) - s0: remove  FOLLOWER s0@group-4EC6022F89D7:t0, leader=null, voted=, raftlog=Memoized:s0@group-4EC6022F89D7-SegmentedRaftLog:OPENED:c-1, conf=-1: peers:[s0|0.0.0.0:44031]|listeners:[], old=null RUNNING
2023-12-13 18:49:41,415 [grpc-default-executor-0] INFO  server.RaftServer$Division (RaftServerImpl.java:lambda$close$3(516)) - s0@group-4EC6022F89D7: shutdown
2023-12-13 18:49:41,415 [grpc-default-executor-0] INFO  util.JmxRegister (JmxRegister.java:unregister(73)) - Successfully un-registered JMX Bean with object name Ratis:service=RaftServer,group=group-4EC6022F89D7,id=s0
2023-12-13 18:49:41,416 [grpc-default-executor-0] INFO  impl.RoleInfo (RoleInfo.java:shutdownFollowerState(110)) - s0: shutdown s0@group-4EC6022F89D7-FollowerState
2023-12-13 18:49:41,416 [s0@group-4EC6022F89D7-FollowerState] INFO  impl.FollowerState (FollowerState.java:run(152)) - s0@group-4EC6022F89D7-FollowerState was interrupted
2023-12-13 18:49:41,416 [grpc-default-executor-0] INFO  impl.StateMachineUpdater (StateMachineUpdater.java:stopAndJoin(157)) - s0@group-4EC6022F89D7-StateMachineUpdater: set stopIndex = -1
2023-12-13 18:49:41,420 [grpc-default-executor-0] INFO  server.RaftServer$Division (ServerState.java:close(423)) - s0@group-4EC6022F89D7: applyIndex: -1
2023-12-13 18:49:41,420 [s0@group-4EC6022F89D7-cacheEviction-AwaitToRun] INFO  util.AwaitToRun (AwaitToRun.java:run(49)) - s0@group-4EC6022F89D7-cacheEviction-AwaitToRun-AwaitForSignal is interrupted
2023-12-13 18:49:42,379 [grpc-default-executor-0] INFO  segmented.SegmentedRaftLogWorker (SegmentedRaftLogWorker.java:close(245)) - s0@group-4EC6022F89D7-SegmentedRaftLogWorker close()
2023-12-13 18:49:42,381 [grpc-default-executor-0] TRACE util.FileUtils (FileUtils.java:deleteFully(305)) - deleteFully /home/runner/work/ratis/ratis/ratis-test/target/test/data/b8de9602/MiniRaftClusterWithGrpc866bee50/s0/788e5ae8-e0f0-4a56-bf08-4ec6022f89d7
2023-12-13 18:49:42,383 [grpc-default-executor-0] TRACE util.FileUtils (LogUtils.java:runAndLog(49)) - Successfully ran Files.delete /home/runner/work/ratis/ratis/ratis-test/target/test/data/b8de9602/MiniRaftClusterWithGrpc866bee50/s0/788e5ae8-e0f0-4a56-bf08-4ec6022f89d7/in_use.lock
2023-12-13 18:49:42,383 [grpc-default-executor-0] TRACE util.FileUtils (LogUtils.java:runAndLog(49)) - Successfully ran Files.delete /home/runner/work/ratis/ratis/ratis-test/target/test/data/b8de9602/MiniRaftClusterWithGrpc866bee50/s0/788e5ae8-e0f0-4a56-bf08-4ec6022f89d7/sm
2023-12-13 18:49:42,383 [grpc-default-executor-0] TRACE util.FileUtils (LogUtils.java:runAndLog(49)) - Successfully ran Files.delete /home/runner/work/ratis/ratis/ratis-test/target/test/data/b8de9602/MiniRaftClusterWithGrpc866bee50/s0/788e5ae8-e0f0-4a56-bf08-4ec6022f89d7/current/raft-meta
2023-12-13 18:49:42,383 [grpc-default-executor-0] TRACE util.FileUtils (LogUtils.java:runAndLog(49)) - Successfully ran Files.delete /home/runner/work/ratis/ratis/ratis-test/target/test/data/b8de9602/MiniRaftClusterWithGrpc866bee50/s0/788e5ae8-e0f0-4a56-bf08-4ec6022f89d7/current
2023-12-13 18:49:42,383 [grpc-default-executor-0] TRACE util.FileUtils (LogUtils.java:runAndLog(49)) - Successfully ran Files.delete /home/runner/work/ratis/ratis/ratis-test/target/test/data/b8de9602/MiniRaftClusterWithGrpc866bee50/s0/788e5ae8-e0f0-4a56-bf08-4ec6022f89d7
2023-12-13 18:49:42,383 [grpc-default-executor-0] INFO  server.RaftServer$Division (RaftServerImpl.java:groupRemove(486)) - s0@group-4EC6022F89D7: Succeed to remove RaftStorageDirectory Storage Directory /home/runner/work/ratis/ratis/ratis-test/target/test/data/b8de9602/MiniRaftClusterWithGrpc866bee50/s0/788e5ae8-e0f0-4a56-bf08-4ec6022f89d7
2023-12-13 18:49:42,387 [Time-limited test] INFO  impl.MiniRaftCluster (MiniRaftCluster.java:shutdown(831)) - ************************************************************** 
2023-12-13 18:49:42,387 [Time-limited test] INFO  impl.MiniRaftCluster (MiniRaftCluster.java:shutdown(832)) - *** 
2023-12-13 18:49:42,387 [Time-limited test] INFO  impl.MiniRaftCluster (MiniRaftCluster.java:shutdown(833)) - ***     Stopping MiniRaftClusterWithGrpc
2023-12-13 18:49:42,387 [Time-limited test] INFO  impl.MiniRaftCluster (MiniRaftCluster.java:shutdown(834)) - *** 
2023-12-13 18:49:42,387 [Time-limited test] INFO  impl.MiniRaftCluster (MiniRaftCluster.java:shutdown(835)) - ************************************************************** 
2023-12-13 18:49:42,387 [Time-limited test] INFO  impl.MiniRaftCluster (MiniRaftCluster.java:shutdown(836)) - printing ALL groups
  s0:  RUNNING  FOLLOWER s0@group-D914A71EA700:t0, leader=null, voted=, raftlog=Memoized:s0@group-D914A71EA700-SegmentedRaftLog:OPENED:c-1, conf=-1: peers:[s0|localhost:44031]|listeners:[], old=null RUNNING
2023-12-13 18:49:42,389 [MiniRaftCluster-1] INFO  server.RaftServer (RaftServerProxy.java:lambda$close$9(416)) - s0: close
2023-12-13 18:49:42,389 [s0-impl-thread1] INFO  server.RaftServer$Division (RaftServerImpl.java:lambda$close$3(516)) - s0@group-D914A71EA700: shutdown
2023-12-13 18:49:42,389 [s0-impl-thread1] INFO  util.JmxRegister (JmxRegister.java:unregister(73)) - Successfully un-registered JMX Bean with object name Ratis:service=RaftServer,group=group-D914A71EA700,id=s0
2023-12-13 18:49:42,389 [MiniRaftCluster-1] INFO  server.GrpcService (GrpcService.java:closeImpl(311)) - s0: shutdown server org.apache.ratis.grpc.server.GrpcClientProtocolService now
2023-12-13 18:49:42,389 [s0-impl-thread1] INFO  impl.RoleInfo (RoleInfo.java:shutdownFollowerState(110)) - s0: shutdown s0@group-D914A71EA700-FollowerState
2023-12-13 18:49:42,390 [s0@group-D914A71EA700-FollowerState] INFO  impl.FollowerState (FollowerState.java:run(152)) - s0@group-D914A71EA700-FollowerState was interrupted
2023-12-13 18:49:42,390 [s0-impl-thread1] INFO  impl.StateMachineUpdater (StateMachineUpdater.java:stopAndJoin(157)) - s0@group-D914A71EA700-StateMachineUpdater: set stopIndex = -1
2023-12-13 18:49:42,390 [s0-impl-thread1] INFO  server.RaftServer$Division (ServerState.java:close(423)) - s0@group-D914A71EA700: applyIndex: -1
2023-12-13 18:49:42,390 [s0@group-D914A71EA700-cacheEviction-AwaitToRun] INFO  util.AwaitToRun (AwaitToRun.java:run(49)) - s0@group-D914A71EA700-cacheEviction-AwaitToRun-AwaitForSignal is interrupted
2023-12-13 18:49:42,393 [MiniRaftCluster-1] INFO  server.GrpcService (GrpcService.java:closeImpl(320)) - s0: shutdown server org.apache.ratis.grpc.server.GrpcClientProtocolService successfully
2023-12-13 18:49:42,393 [MiniRaftCluster-1] INFO  server.GrpcService (GrpcService.java:closeImpl(311)) - s0: shutdown server GrpcServerProtocolService now
2023-12-13 18:49:42,394 [MiniRaftCluster-1] INFO  server.GrpcService (GrpcService.java:closeImpl(320)) - s0: shutdown server GrpcServerProtocolService successfully
2023-12-13 18:49:42,394 [MiniRaftCluster-1] INFO  server.GrpcService (GrpcService.java:closeImpl(311)) - s0: shutdown server org.apache.ratis.grpc.server.GrpcAdminProtocolService now
2023-12-13 18:49:42,395 [MiniRaftCluster-1] INFO  server.GrpcService (GrpcService.java:closeImpl(320)) - s0: shutdown server org.apache.ratis.grpc.server.GrpcAdminProtocolService successfully
2023-12-13 18:49:43,109 [s0-impl-thread1] INFO  segmented.SegmentedRaftLogWorker (SegmentedRaftLogWorker.java:close(245)) - s0@group-D914A71EA700-SegmentedRaftLogWorker close()
2023-12-13 18:49:43,111 [JvmPauseMonitor0] INFO  util.JvmPauseMonitor (JvmPauseMonitor.java:run(152)) - JvmPauseMonitor-s0: Stopped
2023-12-13 18:49:43,112 [Time-limited test] INFO  impl.MiniRaftCluster (MiniRaftCluster.java:shutdown(855)) - MiniRaftClusterWithGrpc shutdown completed
2023-12-13 18:49:43,112 [Time-limited test] INFO  impl.MiniRaftCluster (MiniRaftCluster.java:newRaftServer(382)) - newRaftServer: s0, group-D914A71EA700:[s0|localhost:44031], format? false
2023-12-13 18:49:43,112 [Time-limited test] DEBUG server.RaftServer (ServerImplUtils.java:newRaftServer(51)) - newRaftServer: s0, group-D914A71EA700:[s0|localhost:44031]
2023-12-13 18:49:43,112 [Time-limited test] INFO  server.RaftServer (ConfUtils.java:logGet(46)) - raft.rpc.type = GRPC (default)
2023-12-13 18:49:43,112 [Time-limited test] INFO  grpc.GrpcConfigKeys (ConfUtils.java:logFallback(53)) - raft.grpc.admin.host = null (fallback to raft.grpc.server.host)
2023-12-13 18:49:43,113 [Time-limited test] INFO  grpc.GrpcConfigKeys (ConfUtils.java:logGet(46)) - raft.grpc.admin.port = 46571 (custom)
2023-12-13 18:49:43,113 [Time-limited test] INFO  grpc.GrpcConfigKeys (ConfUtils.java:logFallback(53)) - raft.grpc.client.host = null (fallback to raft.grpc.server.host)
2023-12-13 18:49:43,113 [Time-limited test] INFO  grpc.GrpcConfigKeys (ConfUtils.java:logGet(46)) - raft.grpc.client.port = 34939 (custom)
2023-12-13 18:49:43,113 [Time-limited test] INFO  grpc.GrpcConfigKeys (ConfUtils.java:logGet(46)) - raft.grpc.server.host = null (default)
2023-12-13 18:49:43,113 [Time-limited test] INFO  grpc.GrpcConfigKeys (ConfUtils.java:logGet(46)) - raft.grpc.server.port = 44031 (custom)
2023-12-13 18:49:43,113 [Time-limited test] INFO  server.GrpcService (ConfUtils.java:logGet(46)) - raft.grpc.message.size.max = 64MB (=67108864) (default)
2023-12-13 18:49:43,113 [Time-limited test] INFO  server.RaftServerConfigKeys (ConfUtils.java:logGet(46)) - raft.server.log.appender.buffer.byte-limit = 4MB (=4194304) (default)
2023-12-13 18:49:43,113 [Time-limited test] INFO  server.GrpcService (ConfUtils.java:logGet(46)) - raft.grpc.flow.control.window = 1MB (=1048576) (default)
2023-12-13 18:49:43,113 [Time-limited test] INFO  server.RaftServerConfigKeys (ConfUtils.java:logGet(46)) - raft.server.rpc.request.timeout = 3000ms (default)
2023-12-13 18:49:43,113 [Time-limited test] INFO  grpc.GrpcConfigKeys (ConfUtils.java:logGet(46)) - raft.grpc.server.heartbeat.channel = true (default)
2023-12-13 18:49:43,114 [Time-limited test] INFO  grpc.GrpcConfigKeys (ConfUtils.java:logGet(46)) - raft.grpc.server.async.request.thread.pool.cached = true (default)
2023-12-13 18:49:43,114 [Time-limited test] INFO  grpc.GrpcConfigKeys (ConfUtils.java:logGet(46)) - raft.grpc.server.async.request.thread.pool.size = 32 (default)
2023-12-13 18:49:43,115 [Time-limited test] INFO  impl.DataStreamServerImpl (ConfUtils.java:logGet(46)) - raft.datastream.type = DISABLED (default)
2023-12-13 18:49:43,115 [Time-limited test] INFO  server.RaftServerConfigKeys (ConfUtils.java:logGet(46)) - raft.server.sleep.deviation.threshold = 300ms (default)
2023-12-13 18:49:43,115 [Time-limited test] INFO  server.RaftServerConfigKeys (ConfUtils.java:logGet(46)) - raft.server.close.threshold = 60s (default)
2023-12-13 18:49:43,115 [Time-limited test] INFO  server.RaftServerConfigKeys (ConfUtils.java:logGet(46)) - raft.server.leaderelection.leader.step-down.wait-time = 10s (default)
2023-12-13 18:49:43,115 [Time-limited test] INFO  server.RaftServerConfigKeys (ConfUtils.java:logGet(46)) - raft.server.storage.dir = [/home/runner/work/ratis/ratis/ratis-test/target/test/data/b8de9602/MiniRaftClusterWithGrpc866bee50/s0] (custom)
2023-12-13 18:49:43,115 [Time-limited test] INFO  server.RaftServerConfigKeys (ConfUtils.java:logGet(46)) - raft.server.threadpool.proxy.cached = true (default)
2023-12-13 18:49:43,116 [Time-limited test] INFO  server.RaftServerConfigKeys (ConfUtils.java:logGet(46)) - raft.server.threadpool.proxy.size = 0 (default)
2023-12-13 18:49:43,116 [s0-impl-thread1] INFO  server.RaftServer (RaftServerProxy.java:initGroupDir(264)) - s0: found a subdirectory /home/runner/work/ratis/ratis/ratis-test/target/test/data/b8de9602/MiniRaftClusterWithGrpc866bee50/s0/9dc64cfe-f16d-4b5a-b865-d914a71ea700
2023-12-13 18:49:43,116 [Time-limited test] INFO  server.RaftServer (RaftServerProxy.java:addNew(100)) - s0: addNew group-D914A71EA700:[s0|localhost:44031] returns group-D914A71EA700:java.util.concurrent.CompletableFuture@46bd4c23[Not completed]
2023-12-13 18:49:43,116 [s0-groupManagement] INFO  server.RaftServer$Division (RaftServerImpl.java:<init>(256)) - s0: new RaftServerImpl for group-D914A71EA700:[s0|localhost:44031] with BaseStateMachine:uninitialized
2023-12-13 18:49:43,116 [Time-limited test] INFO  impl.MiniRaftCluster (MiniRaftCluster.java:start(339)) - .............................................................. 
2023-12-13 18:49:43,116 [Time-limited test] INFO  impl.MiniRaftCluster (MiniRaftCluster.java:start(340)) - ... 
2023-12-13 18:49:43,116 [s0-groupManagement] INFO  server.RaftServerConfigKeys (ConfUtils.java:logGet(46)) - raft.server.rpc.timeout.min = 1500ms (custom)
2023-12-13 18:49:43,117 [Time-limited test] INFO  impl.MiniRaftCluster (MiniRaftCluster.java:start(341)) - ...     Starting MiniRaftClusterWithGrpc
2023-12-13 18:49:43,117 [s0-groupManagement] INFO  server.RaftServerConfigKeys (ConfUtils.java:logGet(46)) - raft.server.rpc.timeout.max = 2000ms (custom)
2023-12-13 18:49:43,117 [Time-limited test] INFO  impl.MiniRaftCluster (MiniRaftCluster.java:start(342)) - ... 
2023-12-13 18:49:43,117 [s0-groupManagement] INFO  server.RaftServerConfigKeys (ConfUtils.java:logGet(46)) - raft.server.rpc.sleep.time = 25ms (default)
2023-12-13 18:49:43,117 [Time-limited test] INFO  impl.MiniRaftCluster (MiniRaftCluster.java:start(343)) - .............................................................. 
2023-12-13 18:49:43,117 [s0-groupManagement] INFO  server.RaftServerConfigKeys (ConfUtils.java:logGet(46)) - raft.server.rpc.slowness.timeout = 60s (default)
2023-12-13 18:49:43,117 [Time-limited test] INFO  impl.MiniRaftCluster (MiniRaftCluster.java:initServers(318)) - servers = {s0=s0:      NEW group-D914A71EA700:java.util.concurrent.CompletableFuture@46bd4c23[Not completed]}
2023-12-13 18:49:43,117 [s0-groupManagement] INFO  server.RaftServerConfigKeys (ConfUtils.java:logGet(46)) - raft.server.leaderelection.leader.step-down.wait-time = 10s (default)
2023-12-13 18:49:43,117 [s0-groupManagement] INFO  server.RaftServerConfigKeys (ConfUtils.java:logGet(46)) - raft.server.leaderelection.member.majority-add = false (default)
2023-12-13 18:49:43,117 [s0-groupManagement] INFO  server.RaftServerConfigKeys (ConfUtils.java:logGet(46)) - raft.server.sleep.deviation.threshold = 300ms (default)
2023-12-13 18:49:43,117 [s0-groupManagement] INFO  server.RaftServer$Division (ServerState.java:<init>(113)) - s0@group-D914A71EA700: ConfigurationManager, init=-1: peers:[s0|localhost:44031]|listeners:[], old=null, confs=<EMPTY_MAP>
2023-12-13 18:49:43,118 [s0-groupManagement] INFO  server.RaftServerConfigKeys (ConfUtils.java:logGet(46)) - raft.server.notification.no-leader.timeout = 60s (default)
2023-12-13 18:49:43,118 [s0-groupManagement] INFO  server.RaftServerConfigKeys (ConfUtils.java:logGet(46)) - raft.server.read.timeout = 10s (default)
2023-12-13 18:49:43,118 [s0-groupManagement] INFO  server.RaftServerConfigKeys (ConfUtils.java:logGet(46)) - raft.server.retrycache.expirytime = 60s (default)
2023-12-13 18:49:43,118 [s0-groupManagement] INFO  server.RaftServerConfigKeys (ConfUtils.java:logGet(46)) - raft.server.retrycache.statistics.expirytime = 100ms (default)
2023-12-13 18:49:43,118 [s0-groupManagement] INFO  server.RaftServerConfigKeys (ConfUtils.java:logGet(46)) - raft.server.read.option = DEFAULT (default)
2023-12-13 18:49:43,118 [s0-groupManagement] INFO  server.RaftServerConfigKeys (ConfUtils.java:logGet(46)) - raft.server.read.read-after-write-consistent.write-index-cache.expiry-time = 60s (default)
2023-12-13 18:49:43,120 [s0-groupManagement] INFO  server.RaftServerConfigKeys (ConfUtils.java:logGet(46)) - raft.server.rpc.request.timeout = 3000ms (default)
2023-12-13 18:49:43,120 [s0-groupManagement] INFO  server.RaftServerConfigKeys (ConfUtils.java:logGet(46)) - raft.server.log.appender.install.snapshot.enabled = true (default)
2023-12-13 18:49:43,120 [s0-groupManagement] INFO  server.RaftServerConfigKeys (ConfUtils.java:logGet(46)) - raft.server.threadpool.server.cached = true (default)
2023-12-13 18:49:43,120 [s0-groupManagement] INFO  server.RaftServerConfigKeys (ConfUtils.java:logGet(46)) - raft.server.threadpool.server.size = 0 (default)
2023-12-13 18:49:43,120 [s0-groupManagement] INFO  server.RaftServerConfigKeys (ConfUtils.java:logGet(46)) - raft.server.threadpool.client.cached = true (default)
2023-12-13 18:49:43,120 [s0-groupManagement] INFO  server.RaftServerConfigKeys (ConfUtils.java:logGet(46)) - raft.server.threadpool.client.size = 0 (default)
2023-12-13 18:49:43,120 [s0-impl-thread1] INFO  server.RaftServerConfigKeys (ConfUtils.java:logGet(46)) - raft.server.storage.free-space.min = 0MB (=0) (default)
2023-12-13 18:49:43,120 [s0-impl-thread1] INFO  server.RaftServerConfigKeys (ConfUtils.java:logGet(46)) - raft.server.log.corruption.policy = EXCEPTION (default)
2023-12-13 18:49:43,121 [s0-impl-thread1] INFO  server.RaftServerConfigKeys (ConfUtils.java:logGet(46)) - raft.server.storage.dir = [/home/runner/work/ratis/ratis/ratis-test/target/test/data/b8de9602/MiniRaftClusterWithGrpc866bee50/s0] (custom)
2023-12-13 18:49:43,121 [s0-impl-thread1] INFO  storage.RaftStorageDirectory (RaftStorageDirectoryImpl.java:tryLock(228)) - Lock on /home/runner/work/ratis/ratis/ratis-test/target/test/data/b8de9602/MiniRaftClusterWithGrpc866bee50/s0/9dc64cfe-f16d-4b5a-b865-d914a71ea700/in_use.lock acquired by nodename 24599@fv-az743-812
2023-12-13 18:49:43,122 [s0-impl-thread1] TRACE util.FileUtils (LogUtils.java:runAndLog(49)) - Successfully ran Files.deleteIfExists /home/runner/work/ratis/ratis/ratis-test/target/test/data/b8de9602/MiniRaftClusterWithGrpc866bee50/s0/9dc64cfe-f16d-4b5a-b865-d914a71ea700/current/raft-meta.tmp
2023-12-13 18:49:43,122 [s0-impl-thread1] TRACE util.FileUtils (LogUtils.java:supplyAndLog(69)) - Successfully supplied Files.newInputStream /home/runner/work/ratis/ratis/ratis-test/target/test/data/b8de9602/MiniRaftClusterWithGrpc866bee50/s0/9dc64cfe-f16d-4b5a-b865-d914a71ea700/current/raft-meta with options []: sun.nio.ch.ChannelInputStream@1c015eef
2023-12-13 18:49:43,123 [s0-impl-thread1] INFO  storage.RaftStorage (RaftStorageImpl.java:analyzeAndRecoverStorage(119)) - Read RaftStorageMetadata{term=0, votedFor=} from /home/runner/work/ratis/ratis/ratis-test/target/test/data/b8de9602/MiniRaftClusterWithGrpc866bee50/s0/9dc64cfe-f16d-4b5a-b865-d914a71ea700/current/raft-meta
2023-12-13 18:49:43,123 [s0-impl-thread1] TRACE util.FileUtils (LogUtils.java:supplyAndLog(61)) - Failed to Files.newInputStream /home/runner/work/ratis/ratis/ratis-test/target/test/data/b8de9602/MiniRaftClusterWithGrpc866bee50/s0/9dc64cfe-f16d-4b5a-b865-d914a71ea700/current/raft-meta.conf with options []
java.nio.file.NoSuchFileException: /home/runner/work/ratis/ratis/ratis-test/target/test/data/b8de9602/MiniRaftClusterWithGrpc866bee50/s0/9dc64cfe-f16d-4b5a-b865-d914a71ea700/current/raft-meta.conf
	at java.base/sun.nio.fs.UnixException.translateToIOException(UnixException.java:92)
	at java.base/sun.nio.fs.UnixException.rethrowAsIOException(UnixException.java:111)
	at java.base/sun.nio.fs.UnixException.rethrowAsIOException(UnixException.java:116)
	at java.base/sun.nio.fs.UnixFileSystemProvider.newByteChannel(UnixFileSystemProvider.java:219)
	at java.base/java.nio.file.Files.newByteChannel(Files.java:371)
	at java.base/java.nio.file.Files.newByteChannel(Files.java:422)
	at java.base/java.nio.file.spi.FileSystemProvider.newInputStream(FileSystemProvider.java:420)
	at java.base/java.nio.file.Files.newInputStream(Files.java:156)
	at org.apache.ratis.util.FileUtils.lambda$newInputStream$2(FileUtils.java:73)
	at org.apache.ratis.util.LogUtils.supplyAndLog(LogUtils.java:58)
	at org.apache.ratis.util.FileUtils.newInputStream(FileUtils.java:72)
	at org.apache.ratis.util.FileUtils.newInputStream(FileUtils.java:68)
	at org.apache.ratis.server.storage.RaftStorageImpl.readRaftConfiguration(RaftStorageImpl.java:156)
	at org.apache.ratis.server.impl.ServerState.initialize(ServerState.java:141)
	at org.apache.ratis.server.impl.RaftServerImpl.start(RaftServerImpl.java:388)
	at org.apache.ratis.util.ConcurrentUtils.accept(ConcurrentUtils.java:203)
	at org.apache.ratis.util.ConcurrentUtils.lambda$parallelForEachAsync$4(ConcurrentUtils.java:182)
	at java.base/java.util.concurrent.ThreadPoolExecutor.runWorker(ThreadPoolExecutor.java:1128)
	at java.base/java.util.concurrent.ThreadPoolExecutor$Worker.run(ThreadPoolExecutor.java:628)
	at java.base/java.lang.Thread.run(Thread.java:829)
2023-12-13 18:49:43,124 [s0-impl-thread1] INFO  server.RaftServerConfigKeys (ConfUtils.java:logGet(46)) - raft.server.log.use.memory = false (default)
2023-12-13 18:49:43,124 [s0-impl-thread1] INFO  server.RaftServerConfigKeys (ConfUtils.java:logGet(46)) - raft.server.log.purge.gap = 1024 (default)
2023-12-13 18:49:43,124 [s0-impl-thread1] INFO  server.RaftServerConfigKeys (ConfUtils.java:logGet(46)) - raft.server.log.appender.buffer.byte-limit = 4MB (=4194304) (default)
2023-12-13 18:49:43,124 [s0-impl-thread1] INFO  server.RaftServerConfigKeys (ConfUtils.java:logGet(46)) - raft.server.log.statemachine.data.read.timeout = 1000ms (default)
2023-12-13 18:49:43,124 [s0-impl-thread1] INFO  server.RaftServerConfigKeys (ConfUtils.java:logGet(46)) - raft.server.log.purge.preservation.log.num = 0 (default)
2023-12-13 18:49:43,125 [s0-impl-thread1] INFO  server.RaftServerConfigKeys (ConfUtils.java:logGet(46)) - raft.server.log.segment.size.max = 32MB (=33554432) (default)
2023-12-13 18:49:43,126 [s0-impl-thread1] INFO  server.RaftServerConfigKeys (ConfUtils.java:logGet(46)) - raft.server.log.segment.cache.num.max = 6 (default)
2023-12-13 18:49:43,126 [s0-impl-thread1] INFO  server.RaftServerConfigKeys (ConfUtils.java:logGet(46)) - raft.server.log.segment.cache.size.max = 200MB (=209715200) (default)
2023-12-13 18:49:43,126 [s0-impl-thread1] INFO  server.RaftServerConfigKeys (ConfUtils.java:logGet(46)) - raft.server.log.appender.buffer.byte-limit = 4MB (=4194304) (default)
2023-12-13 18:49:43,126 [s0-impl-thread1] INFO  util.AwaitToRun (AwaitToRun.java:start(81)) - Thread[s0@group-D914A71EA700-cacheEviction-AwaitToRun,5,main] started
2023-12-13 18:49:43,126 [s0-impl-thread1] INFO  segmented.SegmentedRaftLogWorker (SegmentedRaftLogWorker.java:<init>(182)) - new s0@group-D914A71EA700-SegmentedRaftLogWorker for RaftStorageImpl:Storage Directory /home/runner/work/ratis/ratis/ratis-test/target/test/data/b8de9602/MiniRaftClusterWithGrpc866bee50/s0/9dc64cfe-f16d-4b5a-b865-d914a71ea700
2023-12-13 18:49:43,126 [s0-impl-thread1] INFO  server.RaftServerConfigKeys (ConfUtils.java:logGet(46)) - raft.server.log.queue.byte-limit = 64MB (=67108864) (default)
2023-12-13 18:49:43,126 [s0-impl-thread1] INFO  server.RaftServerConfigKeys (ConfUtils.java:logGet(46)) - raft.server.log.queue.element-limit = 4096 (default)
2023-12-13 18:49:43,126 [s0-impl-thread1] INFO  server.RaftServerConfigKeys (ConfUtils.java:logGet(46)) - raft.server.log.segment.size.max = 32MB (=33554432) (default)
2023-12-13 18:49:43,127 [s0-impl-thread1] INFO  server.RaftServerConfigKeys (ConfUtils.java:logGet(46)) - raft.server.log.preallocated.size = 4MB (=4194304) (default)
2023-12-13 18:49:43,127 [s0-impl-thread1] INFO  server.RaftServerConfigKeys (ConfUtils.java:logGet(46)) - raft.server.log.force.sync.num = 128 (default)
2023-12-13 18:49:43,127 [s0-impl-thread1] INFO  server.RaftServerConfigKeys (ConfUtils.java:logGet(46)) - raft.server.log.statemachine.data.sync = true (default)
2023-12-13 18:49:43,127 [s0-impl-thread1] INFO  server.RaftServerConfigKeys (ConfUtils.java:logGet(46)) - raft.server.log.statemachine.data.sync.timeout = 10s (default)
2023-12-13 18:49:43,127 [s0-impl-thread1] INFO  server.RaftServerConfigKeys (ConfUtils.java:logGet(46)) - raft.server.log.statemachine.data.sync.timeout.retry = -1 (default)
2023-12-13 18:49:43,127 [s0-impl-thread1] INFO  server.RaftServerConfigKeys (ConfUtils.java:logGet(46)) - raft.server.log.write.buffer.size = 8MB (=8388608) (default)
2023-12-13 18:49:43,129 [s0-impl-thread1] INFO  server.RaftServerConfigKeys (ConfUtils.java:logGet(46)) - raft.server.log.appender.buffer.byte-limit = 4MB (=4194304) (default)
2023-12-13 18:49:43,129 [s0-impl-thread1] INFO  server.RaftServerConfigKeys (ConfUtils.java:logGet(46)) - raft.server.log.unsafe-flush.enabled = false (default)
2023-12-13 18:49:43,130 [s0-impl-thread1] INFO  server.RaftServerConfigKeys (ConfUtils.java:logGet(46)) - raft.server.log.async-flush.enabled = false (default)
2023-12-13 18:49:43,130 [s0-impl-thread1] INFO  server.RaftServerConfigKeys (ConfUtils.java:logGet(46)) - raft.server.log.statemachine.data.caching.enabled = false (default)
2023-12-13 18:49:43,130 [s0-impl-thread1] INFO  segmented.SegmentedRaftLogWorker (SegmentedRaftLogWorker.java:lambda$new$0(134)) - s0@group-D914A71EA700-SegmentedRaftLogWorker: flushIndex: setUnconditionally 0 -> -1
2023-12-13 18:49:43,130 [s0-impl-thread1] INFO  segmented.SegmentedRaftLogWorker (SegmentedRaftLogWorker.java:lambda$new$0(134)) - s0@group-D914A71EA700-SegmentedRaftLogWorker: safeCacheEvictIndex: setUnconditionally 0 -> -1
2023-12-13 18:49:43,130 [s0-impl-thread1] INFO  server.RaftServer$Division (RaftServerImpl.java:start(392)) - s0@group-D914A71EA700: start as a follower, conf=-1: peers:[s0|localhost:44031]|listeners:[], old=null
2023-12-13 18:49:43,130 [s0-impl-thread1] INFO  server.RaftServer$Division (RaftServerImpl.java:setRole(379)) - s0@group-D914A71EA700: changes role from      null to FOLLOWER at term 0 for startAsFollower
2023-12-13 18:49:43,130 [s0-impl-thread1] INFO  impl.RoleInfo (RoleInfo.java:updateAndGet(139)) - s0: start s0@group-D914A71EA700-FollowerState
2023-12-13 18:49:43,131 [s0-impl-thread1] INFO  util.JmxRegister (JmxRegister.java:tryRegister(44)) - Successfully registered JMX Bean with object name Ratis:service=RaftServer,group=group-D914A71EA700,id=s0
2023-12-13 18:49:43,131 [s0@group-D914A71EA700-FollowerState] INFO  server.RaftServerConfigKeys (ConfUtils.java:logFallback(53)) - raft.server.rpc.first-election.timeout.min = 1500ms (fallback to raft.server.rpc.timeout.min)
2023-12-13 18:49:43,131 [s0-impl-thread1] INFO  server.RaftServerConfigKeys (ConfUtils.java:logGet(46)) - raft.server.snapshot.trigger-when-stop.enabled = true (default)
2023-12-13 18:49:43,131 [s0@group-D914A71EA700-FollowerState] INFO  server.RaftServerConfigKeys (ConfUtils.java:logFallback(53)) - raft.server.rpc.first-election.timeout.max = 2000ms (fallback to raft.server.rpc.timeout.max)
2023-12-13 18:49:43,131 [s0-impl-thread1] INFO  server.RaftServerConfigKeys (ConfUtils.java:logGet(46)) - raft.server.snapshot.auto.trigger.enabled = false (default)
2023-12-13 18:49:43,131 [s0-impl-thread1] INFO  server.RaftServerConfigKeys (ConfUtils.java:logGet(46)) - raft.server.snapshot.retention.file.num = -1 (default)
2023-12-13 18:49:43,131 [s0-impl-thread1] INFO  server.RaftServerConfigKeys (ConfUtils.java:logGet(46)) - raft.server.log.purge.upto.snapshot.index = false (default)
2023-12-13 18:49:43,132 [Time-limited test] INFO  server.RaftServer (RaftServerProxy.java:startImpl(406)) - s0: start RPC server
2023-12-13 18:49:43,133 [Time-limited test] INFO  server.GrpcService (GrpcService.java:startImpl(302)) - s0: GrpcService started, listening on 34939
2023-12-13 18:49:43,134 [Time-limited test] INFO  server.GrpcService (GrpcService.java:startImpl(302)) - s0: GrpcService started, listening on 44031
2023-12-13 18:49:43,134 [Time-limited test] INFO  server.GrpcService (GrpcService.java:startImpl(302)) - s0: GrpcService started, listening on 46571
2023-12-13 18:49:43,134 [Time-limited test] INFO  impl.MiniRaftCluster (MiniRaftCluster.java:shutdown(831)) - ************************************************************** 
2023-12-13 18:49:43,135 [Time-limited test] INFO  impl.MiniRaftCluster (MiniRaftCluster.java:shutdown(832)) - *** 
2023-12-13 18:49:43,135 [Time-limited test] INFO  impl.MiniRaftCluster (MiniRaftCluster.java:shutdown(833)) - ***     Stopping MiniRaftClusterWithGrpc
2023-12-13 18:49:43,135 [Time-limited test] INFO  impl.MiniRaftCluster (MiniRaftCluster.java:shutdown(834)) - *** 
2023-12-13 18:49:43,135 [Time-limited test] INFO  impl.MiniRaftCluster (MiniRaftCluster.java:shutdown(835)) - ************************************************************** 
2023-12-13 18:49:43,135 [JvmPauseMonitor1] INFO  util.JvmPauseMonitor (JvmPauseMonitor.java:run(146)) - JvmPauseMonitor-s0: Started
2023-12-13 18:49:43,135 [Time-limited test] INFO  impl.MiniRaftCluster (MiniRaftCluster.java:shutdown(836)) - printing ALL groups
  s0:  RUNNING  FOLLOWER s0@group-D914A71EA700:t0, leader=null, voted=, raftlog=Memoized:s0@group-D914A71EA700-SegmentedRaftLog:OPENED:c-1, conf=-1: peers:[s0|localhost:44031]|listeners:[], old=null RUNNING
2023-12-13 18:49:43,135 [MiniRaftCluster-2] INFO  server.RaftServer (RaftServerProxy.java:lambda$close$9(416)) - s0: close
2023-12-13 18:49:43,136 [s0-impl-thread1] INFO  server.RaftServer$Division (RaftServerImpl.java:lambda$close$3(516)) - s0@group-D914A71EA700: shutdown
2023-12-13 18:49:43,136 [MiniRaftCluster-2] INFO  server.GrpcService (GrpcService.java:closeImpl(311)) - s0: shutdown server org.apache.ratis.grpc.server.GrpcClientProtocolService now
2023-12-13 18:49:43,136 [s0-impl-thread1] INFO  util.JmxRegister (JmxRegister.java:unregister(73)) - Successfully un-registered JMX Bean with object name Ratis:service=RaftServer,group=group-D914A71EA700,id=s0
2023-12-13 18:49:43,136 [s0-impl-thread1] INFO  impl.RoleInfo (RoleInfo.java:shutdownFollowerState(110)) - s0: shutdown s0@group-D914A71EA700-FollowerState
2023-12-13 18:49:43,136 [s0@group-D914A71EA700-FollowerState] INFO  impl.FollowerState (FollowerState.java:run(152)) - s0@group-D914A71EA700-FollowerState was interrupted
2023-12-13 18:49:43,136 [MiniRaftCluster-2] INFO  server.GrpcService (GrpcService.java:closeImpl(320)) - s0: shutdown server org.apache.ratis.grpc.server.GrpcClientProtocolService successfully
2023-12-13 18:49:43,138 [s0-impl-thread1] INFO  impl.StateMachineUpdater (StateMachineUpdater.java:stopAndJoin(157)) - s0@group-D914A71EA700-StateMachineUpdater: set stopIndex = -1
2023-12-13 18:49:43,138 [MiniRaftCluster-2] INFO  server.GrpcService (GrpcService.java:closeImpl(311)) - s0: shutdown server GrpcServerProtocolService now
2023-12-13 18:49:43,139 [s0-impl-thread1] INFO  server.RaftServer$Division (ServerState.java:close(423)) - s0@group-D914A71EA700: applyIndex: -1
2023-12-13 18:49:43,139 [s0@group-D914A71EA700-cacheEviction-AwaitToRun] INFO  util.AwaitToRun (AwaitToRun.java:run(49)) - s0@group-D914A71EA700-cacheEviction-AwaitToRun-AwaitForSignal is interrupted
2023-12-13 18:49:43,141 [MiniRaftCluster-2] INFO  server.GrpcService (GrpcService.java:closeImpl(320)) - s0: shutdown server GrpcServerProtocolService successfully
2023-12-13 18:49:43,141 [MiniRaftCluster-2] INFO  server.GrpcService (GrpcService.java:closeImpl(311)) - s0: shutdown server org.apache.ratis.grpc.server.GrpcAdminProtocolService now
2023-12-13 18:49:43,141 [MiniRaftCluster-2] INFO  server.GrpcService (GrpcService.java:closeImpl(320)) - s0: shutdown server org.apache.ratis.grpc.server.GrpcAdminProtocolService successfully
2023-12-13 18:49:44,130 [s0-impl-thread1] INFO  segmented.SegmentedRaftLogWorker (SegmentedRaftLogWorker.java:close(245)) - s0@group-D914A71EA700-SegmentedRaftLogWorker close()
2023-12-13 18:49:44,132 [JvmPauseMonitor1] INFO  util.JvmPauseMonitor (JvmPauseMonitor.java:run(152)) - JvmPauseMonitor-s0: Stopped
2023-12-13 18:49:44,132 [Time-limited test] INFO  impl.MiniRaftCluster (MiniRaftCluster.java:shutdown(855)) - MiniRaftClusterWithGrpc shutdown completed
2023-12-13 18:49:44,133 [Time-limited test] INFO  server.RaftServerConfigKeys (ConfUtils.java:logGet(46)) - raft.server.removed.groups.dir = /tmp/groups4379024405223932633 (custom)
2023-12-13 18:49:44,133 [Time-limited test] TRACE util.FileUtils (FileUtils.java:deleteFully(305)) - deleteFully /tmp/groups4379024405223932633
2023-12-13 18:49:44,133 [Time-limited test] TRACE util.FileUtils (LogUtils.java:runAndLog(49)) - Successfully ran Files.delete /tmp/groups4379024405223932633
]]></system-out>
  </testcase>
  <testcase name="testSingleGroupRestart" classname="org.apache.ratis.grpc.TestGroupManagementWithGrpc" time="10.527">
    <system-out><![CDATA[2023-12-13 18:49:44,137 [main] INFO  util.LogUtils (Slf4jUtils.java:setLogLevel(38)) - Successfully set org.apache.ratis.conf.ConfUtils log level to WARN
2023-12-13 18:49:44,137 [main] INFO  util.LogUtils (Slf4jUtils.java:setLogLevel(38)) - Successfully set org.apache.ratis.util.FileUtils log level to TRACE
2023-12-13 18:49:44,137 [main] INFO  util.LogUtils (Slf4jUtils.java:setLogLevel(38)) - Successfully set org.apache.ratis.server.RaftServer log level to DEBUG
2023-12-13 18:49:44,137 [main] INFO  util.LogUtils (Slf4jUtils.java:setLogLevel(38)) - Successfully set org.apache.ratis.server.RaftServer$Division log level to DEBUG
2023-12-13 18:49:44,137 [main] INFO  util.LogUtils (Slf4jUtils.java:setLogLevel(38)) - Successfully set org.apache.ratis.client.RaftClient log level to DEBUG
2023-12-13 18:49:44,138 [Time-limited test] INFO  impl.MiniRaftCluster (MiniRaftCluster.java:<init>(306)) - new MiniRaftClusterWithGrpc with group-31D2565A60AA:[]
2023-12-13 18:49:44,138 [Time-limited test] INFO  impl.GroupManagementBaseTest (GroupManagementBaseTest.java:testSingleGroupRestart(179)) - Start testMultiGroupprinting ALL groups
2023-12-13 18:49:44,139 [Time-limited test] INFO  impl.MiniRaftCluster (MiniRaftCluster.java:newRaftServer(382)) - newRaftServer: s0, null, format? true
2023-12-13 18:49:44,139 [Time-limited test] TRACE util.FileUtils (FileUtils.java:deleteFully(305)) - deleteFully target/test/data/b8de9602/MiniRaftClusterWithGrpcf0961638/s0
2023-12-13 18:49:44,139 [Time-limited test] TRACE util.FileUtils (FileUtils.java:deleteFully(318)) - deleteFully: target/test/data/b8de9602/MiniRaftClusterWithGrpcf0961638/s0 does not exist.
2023-12-13 18:49:44,139 [Time-limited test] INFO  impl.MiniRaftCluster (MiniRaftCluster.java:newRaftServer(387)) - Formatted directory target/test/data/b8de9602/MiniRaftClusterWithGrpcf0961638/s0
2023-12-13 18:49:44,139 [Time-limited test] DEBUG server.RaftServer (ServerImplUtils.java:newRaftServer(51)) - newRaftServer: s0, null
2023-12-13 18:49:44,139 [Time-limited test] INFO  server.RaftServer (ConfUtils.java:logGet(46)) - raft.rpc.type = GRPC (default)
2023-12-13 18:49:44,139 [Time-limited test] INFO  grpc.GrpcConfigKeys (ConfUtils.java:logFallback(53)) - raft.grpc.admin.host = null (fallback to raft.grpc.server.host)
2023-12-13 18:49:44,140 [Time-limited test] INFO  grpc.GrpcConfigKeys (ConfUtils.java:logFallback(53)) - raft.grpc.admin.port = 45675 (fallback to raft.grpc.server.port)
2023-12-13 18:49:44,140 [Time-limited test] INFO  grpc.GrpcConfigKeys (ConfUtils.java:logFallback(53)) - raft.grpc.client.host = null (fallback to raft.grpc.server.host)
2023-12-13 18:49:44,140 [Time-limited test] INFO  grpc.GrpcConfigKeys (ConfUtils.java:logFallback(53)) - raft.grpc.client.port = 45675 (fallback to raft.grpc.server.port)
2023-12-13 18:49:44,140 [Time-limited test] INFO  grpc.GrpcConfigKeys (ConfUtils.java:logGet(46)) - raft.grpc.server.host = null (default)
2023-12-13 18:49:44,140 [Time-limited test] INFO  grpc.GrpcConfigKeys (ConfUtils.java:logGet(46)) - raft.grpc.server.port = 45675 (custom)
2023-12-13 18:49:44,140 [Time-limited test] INFO  server.GrpcService (ConfUtils.java:logGet(46)) - raft.grpc.message.size.max = 64MB (=67108864) (default)
2023-12-13 18:49:44,140 [Time-limited test] INFO  server.RaftServerConfigKeys (ConfUtils.java:logGet(46)) - raft.server.log.appender.buffer.byte-limit = 4MB (=4194304) (default)
2023-12-13 18:49:44,140 [Time-limited test] INFO  server.GrpcService (ConfUtils.java:logGet(46)) - raft.grpc.flow.control.window = 1MB (=1048576) (default)
2023-12-13 18:49:44,140 [Time-limited test] INFO  server.RaftServerConfigKeys (ConfUtils.java:logGet(46)) - raft.server.rpc.request.timeout = 3000ms (default)
2023-12-13 18:49:44,140 [Time-limited test] INFO  grpc.GrpcConfigKeys (ConfUtils.java:logGet(46)) - raft.grpc.server.heartbeat.channel = true (default)
2023-12-13 18:49:44,140 [Time-limited test] INFO  grpc.GrpcConfigKeys (ConfUtils.java:logGet(46)) - raft.grpc.server.async.request.thread.pool.cached = true (default)
2023-12-13 18:49:44,141 [Time-limited test] INFO  grpc.GrpcConfigKeys (ConfUtils.java:logGet(46)) - raft.grpc.server.async.request.thread.pool.size = 32 (default)
2023-12-13 18:49:44,141 [Time-limited test] INFO  impl.DataStreamServerImpl (ConfUtils.java:logGet(46)) - raft.datastream.type = DISABLED (default)
2023-12-13 18:49:44,141 [Time-limited test] INFO  server.RaftServerConfigKeys (ConfUtils.java:logGet(46)) - raft.server.sleep.deviation.threshold = 300ms (default)
2023-12-13 18:49:44,141 [Time-limited test] INFO  server.RaftServerConfigKeys (ConfUtils.java:logGet(46)) - raft.server.close.threshold = 60s (default)
2023-12-13 18:49:44,142 [Time-limited test] INFO  server.RaftServerConfigKeys (ConfUtils.java:logGet(46)) - raft.server.leaderelection.leader.step-down.wait-time = 10s (default)
2023-12-13 18:49:44,142 [Time-limited test] INFO  server.RaftServerConfigKeys (ConfUtils.java:logGet(46)) - raft.server.storage.dir = [/home/runner/work/ratis/ratis/ratis-test/target/test/data/b8de9602/MiniRaftClusterWithGrpcf0961638/s0] (custom)
2023-12-13 18:49:44,142 [Time-limited test] INFO  server.RaftServerConfigKeys (ConfUtils.java:logGet(46)) - raft.server.threadpool.proxy.cached = true (default)
2023-12-13 18:49:44,142 [Time-limited test] INFO  server.RaftServerConfigKeys (ConfUtils.java:logGet(46)) - raft.server.threadpool.proxy.size = 0 (default)
2023-12-13 18:49:44,142 [Time-limited test] INFO  impl.MiniRaftCluster (MiniRaftCluster.java:newRaftServer(382)) - newRaftServer: s1, null, format? true
2023-12-13 18:49:44,142 [Time-limited test] TRACE util.FileUtils (FileUtils.java:deleteFully(305)) - deleteFully target/test/data/b8de9602/MiniRaftClusterWithGrpcf0961638/s1
2023-12-13 18:49:44,143 [Time-limited test] TRACE util.FileUtils (FileUtils.java:deleteFully(318)) - deleteFully: target/test/data/b8de9602/MiniRaftClusterWithGrpcf0961638/s1 does not exist.
2023-12-13 18:49:44,143 [Time-limited test] INFO  impl.MiniRaftCluster (MiniRaftCluster.java:newRaftServer(387)) - Formatted directory target/test/data/b8de9602/MiniRaftClusterWithGrpcf0961638/s1
2023-12-13 18:49:44,143 [Time-limited test] DEBUG server.RaftServer (ServerImplUtils.java:newRaftServer(51)) - newRaftServer: s1, null
2023-12-13 18:49:44,143 [Time-limited test] INFO  server.RaftServer (ConfUtils.java:logGet(46)) - raft.rpc.type = GRPC (default)
2023-12-13 18:49:44,143 [Time-limited test] INFO  grpc.GrpcConfigKeys (ConfUtils.java:logFallback(53)) - raft.grpc.admin.host = null (fallback to raft.grpc.server.host)
2023-12-13 18:49:44,143 [Time-limited test] INFO  grpc.GrpcConfigKeys (ConfUtils.java:logFallback(53)) - raft.grpc.admin.port = 36295 (fallback to raft.grpc.server.port)
2023-12-13 18:49:44,143 [Time-limited test] INFO  grpc.GrpcConfigKeys (ConfUtils.java:logFallback(53)) - raft.grpc.client.host = null (fallback to raft.grpc.server.host)
2023-12-13 18:49:44,144 [Time-limited test] INFO  grpc.GrpcConfigKeys (ConfUtils.java:logFallback(53)) - raft.grpc.client.port = 36295 (fallback to raft.grpc.server.port)
2023-12-13 18:49:44,144 [Time-limited test] INFO  grpc.GrpcConfigKeys (ConfUtils.java:logGet(46)) - raft.grpc.server.host = null (default)
2023-12-13 18:49:44,144 [Time-limited test] INFO  grpc.GrpcConfigKeys (ConfUtils.java:logGet(46)) - raft.grpc.server.port = 36295 (custom)
2023-12-13 18:49:44,144 [Time-limited test] INFO  server.GrpcService (ConfUtils.java:logGet(46)) - raft.grpc.message.size.max = 64MB (=67108864) (default)
2023-12-13 18:49:44,144 [Time-limited test] INFO  server.RaftServerConfigKeys (ConfUtils.java:logGet(46)) - raft.server.log.appender.buffer.byte-limit = 4MB (=4194304) (default)
2023-12-13 18:49:44,144 [Time-limited test] INFO  server.GrpcService (ConfUtils.java:logGet(46)) - raft.grpc.flow.control.window = 1MB (=1048576) (default)
2023-12-13 18:49:44,144 [Time-limited test] INFO  server.RaftServerConfigKeys (ConfUtils.java:logGet(46)) - raft.server.rpc.request.timeout = 3000ms (default)
2023-12-13 18:49:44,144 [Time-limited test] INFO  grpc.GrpcConfigKeys (ConfUtils.java:logGet(46)) - raft.grpc.server.heartbeat.channel = true (default)
2023-12-13 18:49:44,144 [Time-limited test] INFO  grpc.GrpcConfigKeys (ConfUtils.java:logGet(46)) - raft.grpc.server.async.request.thread.pool.cached = true (default)
2023-12-13 18:49:44,144 [Time-limited test] INFO  grpc.GrpcConfigKeys (ConfUtils.java:logGet(46)) - raft.grpc.server.async.request.thread.pool.size = 32 (default)
2023-12-13 18:49:44,145 [Time-limited test] INFO  impl.DataStreamServerImpl (ConfUtils.java:logGet(46)) - raft.datastream.type = DISABLED (default)
2023-12-13 18:49:44,145 [Time-limited test] INFO  server.RaftServerConfigKeys (ConfUtils.java:logGet(46)) - raft.server.sleep.deviation.threshold = 300ms (default)
2023-12-13 18:49:44,145 [Time-limited test] INFO  server.RaftServerConfigKeys (ConfUtils.java:logGet(46)) - raft.server.close.threshold = 60s (default)
2023-12-13 18:49:44,145 [Time-limited test] INFO  server.RaftServerConfigKeys (ConfUtils.java:logGet(46)) - raft.server.leaderelection.leader.step-down.wait-time = 10s (default)
2023-12-13 18:49:44,146 [Time-limited test] INFO  server.RaftServerConfigKeys (ConfUtils.java:logGet(46)) - raft.server.storage.dir = [/home/runner/work/ratis/ratis/ratis-test/target/test/data/b8de9602/MiniRaftClusterWithGrpcf0961638/s1] (custom)
2023-12-13 18:49:44,146 [Time-limited test] INFO  server.RaftServerConfigKeys (ConfUtils.java:logGet(46)) - raft.server.threadpool.proxy.cached = true (default)
2023-12-13 18:49:44,146 [Time-limited test] INFO  server.RaftServerConfigKeys (ConfUtils.java:logGet(46)) - raft.server.threadpool.proxy.size = 0 (default)
2023-12-13 18:49:44,146 [Time-limited test] INFO  impl.MiniRaftCluster (MiniRaftCluster.java:newRaftServer(382)) - newRaftServer: s2, null, format? true
2023-12-13 18:49:44,146 [Time-limited test] TRACE util.FileUtils (FileUtils.java:deleteFully(305)) - deleteFully target/test/data/b8de9602/MiniRaftClusterWithGrpcf0961638/s2
2023-12-13 18:49:44,146 [Time-limited test] TRACE util.FileUtils (FileUtils.java:deleteFully(318)) - deleteFully: target/test/data/b8de9602/MiniRaftClusterWithGrpcf0961638/s2 does not exist.
2023-12-13 18:49:44,146 [Time-limited test] INFO  impl.MiniRaftCluster (MiniRaftCluster.java:newRaftServer(387)) - Formatted directory target/test/data/b8de9602/MiniRaftClusterWithGrpcf0961638/s2
2023-12-13 18:49:44,146 [Time-limited test] DEBUG server.RaftServer (ServerImplUtils.java:newRaftServer(51)) - newRaftServer: s2, null
2023-12-13 18:49:44,147 [Time-limited test] INFO  server.RaftServer (ConfUtils.java:logGet(46)) - raft.rpc.type = GRPC (default)
2023-12-13 18:49:44,147 [Time-limited test] INFO  grpc.GrpcConfigKeys (ConfUtils.java:logFallback(53)) - raft.grpc.admin.host = null (fallback to raft.grpc.server.host)
2023-12-13 18:49:44,147 [Time-limited test] INFO  grpc.GrpcConfigKeys (ConfUtils.java:logFallback(53)) - raft.grpc.admin.port = 46415 (fallback to raft.grpc.server.port)
2023-12-13 18:49:44,147 [Time-limited test] INFO  grpc.GrpcConfigKeys (ConfUtils.java:logFallback(53)) - raft.grpc.client.host = null (fallback to raft.grpc.server.host)
2023-12-13 18:49:44,147 [Time-limited test] INFO  grpc.GrpcConfigKeys (ConfUtils.java:logFallback(53)) - raft.grpc.client.port = 46415 (fallback to raft.grpc.server.port)
2023-12-13 18:49:44,147 [Time-limited test] INFO  grpc.GrpcConfigKeys (ConfUtils.java:logGet(46)) - raft.grpc.server.host = null (default)
2023-12-13 18:49:44,147 [Time-limited test] INFO  grpc.GrpcConfigKeys (ConfUtils.java:logGet(46)) - raft.grpc.server.port = 46415 (custom)
2023-12-13 18:49:44,147 [Time-limited test] INFO  server.GrpcService (ConfUtils.java:logGet(46)) - raft.grpc.message.size.max = 64MB (=67108864) (default)
2023-12-13 18:49:44,147 [Time-limited test] INFO  server.RaftServerConfigKeys (ConfUtils.java:logGet(46)) - raft.server.log.appender.buffer.byte-limit = 4MB (=4194304) (default)
2023-12-13 18:49:44,147 [Time-limited test] INFO  server.GrpcService (ConfUtils.java:logGet(46)) - raft.grpc.flow.control.window = 1MB (=1048576) (default)
2023-12-13 18:49:44,147 [Time-limited test] INFO  server.RaftServerConfigKeys (ConfUtils.java:logGet(46)) - raft.server.rpc.request.timeout = 3000ms (default)
2023-12-13 18:49:44,148 [Time-limited test] INFO  grpc.GrpcConfigKeys (ConfUtils.java:logGet(46)) - raft.grpc.server.heartbeat.channel = true (default)
2023-12-13 18:49:44,148 [Time-limited test] INFO  grpc.GrpcConfigKeys (ConfUtils.java:logGet(46)) - raft.grpc.server.async.request.thread.pool.cached = true (default)
2023-12-13 18:49:44,148 [Time-limited test] INFO  grpc.GrpcConfigKeys (ConfUtils.java:logGet(46)) - raft.grpc.server.async.request.thread.pool.size = 32 (default)
2023-12-13 18:49:44,148 [Time-limited test] INFO  impl.DataStreamServerImpl (ConfUtils.java:logGet(46)) - raft.datastream.type = DISABLED (default)
2023-12-13 18:49:44,148 [Time-limited test] INFO  server.RaftServerConfigKeys (ConfUtils.java:logGet(46)) - raft.server.sleep.deviation.threshold = 300ms (default)
2023-12-13 18:49:44,149 [Time-limited test] INFO  server.RaftServerConfigKeys (ConfUtils.java:logGet(46)) - raft.server.close.threshold = 60s (default)
2023-12-13 18:49:44,149 [Time-limited test] INFO  server.RaftServerConfigKeys (ConfUtils.java:logGet(46)) - raft.server.leaderelection.leader.step-down.wait-time = 10s (default)
2023-12-13 18:49:44,149 [Time-limited test] INFO  server.RaftServerConfigKeys (ConfUtils.java:logGet(46)) - raft.server.storage.dir = [/home/runner/work/ratis/ratis/ratis-test/target/test/data/b8de9602/MiniRaftClusterWithGrpcf0961638/s2] (custom)
2023-12-13 18:49:44,149 [Time-limited test] INFO  server.RaftServerConfigKeys (ConfUtils.java:logGet(46)) - raft.server.threadpool.proxy.cached = true (default)
2023-12-13 18:49:44,149 [Time-limited test] INFO  server.RaftServerConfigKeys (ConfUtils.java:logGet(46)) - raft.server.threadpool.proxy.size = 0 (default)
2023-12-13 18:49:44,149 [Time-limited test] INFO  impl.GroupManagementBaseTest (GroupManagementBaseTest.java:testSingleGroupRestart(185)) - putNewServer: printing ALL groups
  s0:      NEW <EMPTY>
  s1:      NEW <EMPTY>
  s2:      NEW <EMPTY>
2023-12-13 18:49:44,150 [Time-limited test] INFO  impl.MiniRaftCluster (MiniRaftCluster.java:start(339)) - .............................................................. 
2023-12-13 18:49:44,150 [Time-limited test] INFO  impl.MiniRaftCluster (MiniRaftCluster.java:start(340)) - ... 
2023-12-13 18:49:44,150 [Time-limited test] INFO  impl.MiniRaftCluster (MiniRaftCluster.java:start(341)) - ...     Starting MiniRaftClusterWithGrpc
2023-12-13 18:49:44,150 [Time-limited test] INFO  impl.MiniRaftCluster (MiniRaftCluster.java:start(342)) - ... 
2023-12-13 18:49:44,150 [Time-limited test] INFO  impl.MiniRaftCluster (MiniRaftCluster.java:start(343)) - .............................................................. 
2023-12-13 18:49:44,150 [Time-limited test] INFO  impl.MiniRaftCluster (MiniRaftCluster.java:initServers(318)) - servers = {s0=s0:      NEW <EMPTY>, s1=s1:      NEW <EMPTY>, s2=s2:      NEW <EMPTY>}
2023-12-13 18:49:44,150 [Time-limited test] INFO  server.RaftServer (RaftServerProxy.java:startImpl(406)) - s0: start RPC server
2023-12-13 18:49:44,151 [Time-limited test] INFO  server.GrpcService (GrpcService.java:startImpl(302)) - s0: GrpcService started, listening on 45675
2023-12-13 18:49:44,151 [Time-limited test] INFO  server.RaftServer (RaftServerProxy.java:startImpl(406)) - s1: start RPC server
2023-12-13 18:49:44,151 [JvmPauseMonitor2] INFO  util.JvmPauseMonitor (JvmPauseMonitor.java:run(146)) - JvmPauseMonitor-s0: Started
2023-12-13 18:49:44,152 [Time-limited test] INFO  server.GrpcService (GrpcService.java:startImpl(302)) - s1: GrpcService started, listening on 36295
2023-12-13 18:49:44,152 [Time-limited test] INFO  server.RaftServer (RaftServerProxy.java:startImpl(406)) - s2: start RPC server
2023-12-13 18:49:44,152 [JvmPauseMonitor3] INFO  util.JvmPauseMonitor (JvmPauseMonitor.java:run(146)) - JvmPauseMonitor-s1: Started
2023-12-13 18:49:44,153 [Time-limited test] INFO  server.GrpcService (GrpcService.java:startImpl(302)) - s2: GrpcService started, listening on 46415
2023-12-13 18:49:44,153 [JvmPauseMonitor4] INFO  util.JvmPauseMonitor (JvmPauseMonitor.java:run(146)) - JvmPauseMonitor-s2: Started
2023-12-13 18:49:45,153 [Time-limited test] INFO  impl.GroupManagementBaseTest (GroupManagementBaseTest.java:testSingleGroupRestart(191)) - start: printing ALL groups
  s0:  RUNNING <EMPTY>
  s1:  RUNNING <EMPTY>
  s2:  RUNNING <EMPTY>
2023-12-13 18:49:45,155 [Time-limited test] INFO  impl.GroupManagementBaseTest (GroupManagementBaseTest.java:testSingleGroupRestart(196)) - add new group: group-CD21F7930502:[s0|0.0.0.0:45675, s1|0.0.0.0:36295, s2|0.0.0.0:46415]
2023-12-13 18:49:45,155 [Time-limited test] DEBUG client.RaftClient (ConfUtils.java:logGet(46)) - raft.rpc.type = GRPC (default)
2023-12-13 18:49:45,164 [grpc-default-executor-0] INFO  server.RaftServer (RaftServerProxy.java:addNew(100)) - s0: addNew group-CD21F7930502:[s0|0.0.0.0:45675, s1|0.0.0.0:36295, s2|0.0.0.0:46415] returns group-CD21F7930502:java.util.concurrent.CompletableFuture@2b36d0a8[Not completed]
2023-12-13 18:49:45,164 [s0-groupManagement] INFO  server.RaftServer$Division (RaftServerImpl.java:<init>(256)) - s0: new RaftServerImpl for group-CD21F7930502:[s0|0.0.0.0:45675, s1|0.0.0.0:36295, s2|0.0.0.0:46415] with BaseStateMachine:uninitialized
2023-12-13 18:49:45,165 [s0-groupManagement] INFO  server.RaftServerConfigKeys (ConfUtils.java:logGet(46)) - raft.server.rpc.timeout.min = 1500ms (custom)
2023-12-13 18:49:45,165 [s0-groupManagement] INFO  server.RaftServerConfigKeys (ConfUtils.java:logGet(46)) - raft.server.rpc.timeout.max = 2000ms (custom)
2023-12-13 18:49:45,165 [s0-groupManagement] INFO  server.RaftServerConfigKeys (ConfUtils.java:logGet(46)) - raft.server.rpc.sleep.time = 25ms (default)
2023-12-13 18:49:45,165 [s0-groupManagement] INFO  server.RaftServerConfigKeys (ConfUtils.java:logGet(46)) - raft.server.rpc.slowness.timeout = 60s (default)
2023-12-13 18:49:45,165 [s0-groupManagement] INFO  server.RaftServerConfigKeys (ConfUtils.java:logGet(46)) - raft.server.leaderelection.leader.step-down.wait-time = 10s (default)
2023-12-13 18:49:45,165 [s0-groupManagement] INFO  server.RaftServerConfigKeys (ConfUtils.java:logGet(46)) - raft.server.leaderelection.member.majority-add = false (default)
2023-12-13 18:49:45,165 [s0-groupManagement] INFO  server.RaftServerConfigKeys (ConfUtils.java:logGet(46)) - raft.server.sleep.deviation.threshold = 300ms (default)
2023-12-13 18:49:45,165 [s0-groupManagement] INFO  server.RaftServer$Division (ServerState.java:<init>(113)) - s0@group-CD21F7930502: ConfigurationManager, init=-1: peers:[s0|0.0.0.0:45675, s1|0.0.0.0:36295, s2|0.0.0.0:46415]|listeners:[], old=null, confs=<EMPTY_MAP>
2023-12-13 18:49:45,165 [s0-groupManagement] INFO  server.RaftServerConfigKeys (ConfUtils.java:logGet(46)) - raft.server.notification.no-leader.timeout = 60s (default)
2023-12-13 18:49:45,165 [s0-groupManagement] INFO  server.RaftServerConfigKeys (ConfUtils.java:logGet(46)) - raft.server.read.timeout = 10s (default)
2023-12-13 18:49:45,165 [s0-groupManagement] INFO  server.RaftServerConfigKeys (ConfUtils.java:logGet(46)) - raft.server.retrycache.expirytime = 60s (default)
2023-12-13 18:49:45,165 [s0-groupManagement] INFO  server.RaftServerConfigKeys (ConfUtils.java:logGet(46)) - raft.server.retrycache.statistics.expirytime = 100ms (default)
2023-12-13 18:49:45,165 [s0-groupManagement] INFO  server.RaftServerConfigKeys (ConfUtils.java:logGet(46)) - raft.server.read.option = DEFAULT (default)
2023-12-13 18:49:45,166 [s0-groupManagement] INFO  server.RaftServerConfigKeys (ConfUtils.java:logGet(46)) - raft.server.read.read-after-write-consistent.write-index-cache.expiry-time = 60s (default)
2023-12-13 18:49:45,167 [s0-groupManagement] INFO  server.RaftServerConfigKeys (ConfUtils.java:logGet(46)) - raft.server.rpc.request.timeout = 3000ms (default)
2023-12-13 18:49:45,167 [s0-groupManagement] INFO  server.RaftServerConfigKeys (ConfUtils.java:logGet(46)) - raft.server.log.appender.install.snapshot.enabled = true (default)
2023-12-13 18:49:45,167 [s0-groupManagement] INFO  server.RaftServerConfigKeys (ConfUtils.java:logGet(46)) - raft.server.threadpool.server.cached = true (default)
2023-12-13 18:49:45,167 [s0-groupManagement] INFO  server.RaftServerConfigKeys (ConfUtils.java:logGet(46)) - raft.server.threadpool.server.size = 0 (default)
2023-12-13 18:49:45,167 [s0-groupManagement] INFO  server.RaftServerConfigKeys (ConfUtils.java:logGet(46)) - raft.server.threadpool.client.cached = true (default)
2023-12-13 18:49:45,167 [s0-groupManagement] INFO  server.RaftServerConfigKeys (ConfUtils.java:logGet(46)) - raft.server.threadpool.client.size = 0 (default)
2023-12-13 18:49:45,167 [s0-groupManagement] DEBUG server.RaftServer (RaftServerProxy.java:lambda$groupAddAsync$13(507)) - s0: newImpl =      null s0@group-CD21F7930502:t0, leader=null, voted=null, raftlog=UNINITIALIZED, conf=-1: peers:[s0|0.0.0.0:45675, s1|0.0.0.0:36295, s2|0.0.0.0:46415]|listeners:[], old=null NEW
2023-12-13 18:49:45,167 [s0-groupManagement] INFO  server.RaftServerConfigKeys (ConfUtils.java:logGet(46)) - raft.server.storage.free-space.min = 0MB (=0) (default)
2023-12-13 18:49:45,168 [s0-groupManagement] INFO  server.RaftServerConfigKeys (ConfUtils.java:logGet(46)) - raft.server.log.corruption.policy = EXCEPTION (default)
2023-12-13 18:49:45,168 [s0-groupManagement] INFO  server.RaftServerConfigKeys (ConfUtils.java:logGet(46)) - raft.server.storage.dir = [/home/runner/work/ratis/ratis/ratis-test/target/test/data/b8de9602/MiniRaftClusterWithGrpcf0961638/s0] (custom)
2023-12-13 18:49:45,168 [s0-groupManagement] INFO  storage.RaftStorageDirectory (RaftStorageDirectoryImpl.java:analyzeStorage(138)) - The storage directory /home/runner/work/ratis/ratis/ratis-test/target/test/data/b8de9602/MiniRaftClusterWithGrpcf0961638/s0/d34b0aba-0684-48bf-9332-cd21f7930502 does not exist. Creating ...
2023-12-13 18:49:45,168 [s0-groupManagement] TRACE util.FileUtils (LogUtils.java:runAndLog(49)) - Successfully ran Files.createDirectories /home/runner/work/ratis/ratis/ratis-test/target/test/data/b8de9602/MiniRaftClusterWithGrpcf0961638/s0/d34b0aba-0684-48bf-9332-cd21f7930502
2023-12-13 18:49:45,169 [s0-groupManagement] INFO  storage.RaftStorageDirectory (RaftStorageDirectoryImpl.java:tryLock(228)) - Lock on /home/runner/work/ratis/ratis/ratis-test/target/test/data/b8de9602/MiniRaftClusterWithGrpcf0961638/s0/d34b0aba-0684-48bf-9332-cd21f7930502/in_use.lock acquired by nodename 24599@fv-az743-812
2023-12-13 18:49:45,169 [s0-groupManagement] TRACE util.FileUtils (LogUtils.java:runAndLog(49)) - Successfully ran Files.createDirectories /home/runner/work/ratis/ratis/ratis-test/target/test/data/b8de9602/MiniRaftClusterWithGrpcf0961638/s0/d34b0aba-0684-48bf-9332-cd21f7930502/current
2023-12-13 18:49:45,169 [s0-groupManagement] TRACE util.FileUtils (LogUtils.java:runAndLog(49)) - Successfully ran Files.createDirectories /home/runner/work/ratis/ratis/ratis-test/target/test/data/b8de9602/MiniRaftClusterWithGrpcf0961638/s0/d34b0aba-0684-48bf-9332-cd21f7930502/sm
2023-12-13 18:49:45,169 [s0-groupManagement] TRACE util.FileUtils (LogUtils.java:supplyAndLog(69)) - Successfully supplied FileChannel.open /home/runner/work/ratis/ratis/ratis-test/target/test/data/b8de9602/MiniRaftClusterWithGrpcf0961638/s0/d34b0aba-0684-48bf-9332-cd21f7930502/current/raft-meta.tmp with options [CREATE, WRITE]: sun.nio.ch.FileChannelImpl@57fa59ea
2023-12-13 18:49:45,170 [s0-groupManagement] TRACE util.FileUtils (LogUtils.java:runAndLog(49)) - Successfully ran Atomic Files.move /home/runner/work/ratis/ratis/ratis-test/target/test/data/b8de9602/MiniRaftClusterWithGrpcf0961638/s0/d34b0aba-0684-48bf-9332-cd21f7930502/current/raft-meta.tmp to /home/runner/work/ratis/ratis/ratis-test/target/test/data/b8de9602/MiniRaftClusterWithGrpcf0961638/s0/d34b0aba-0684-48bf-9332-cd21f7930502/current/raft-meta with options [REPLACE_EXISTING]
2023-12-13 18:49:45,170 [s0-groupManagement] INFO  storage.RaftStorage (RaftStorageImpl.java:format(99)) - Storage directory /home/runner/work/ratis/ratis/ratis-test/target/test/data/b8de9602/MiniRaftClusterWithGrpcf0961638/s0/d34b0aba-0684-48bf-9332-cd21f7930502 has been successfully formatted.
2023-12-13 18:49:45,171 [s0-groupManagement] TRACE util.FileUtils (LogUtils.java:supplyAndLog(61)) - Failed to Files.newInputStream /home/runner/work/ratis/ratis/ratis-test/target/test/data/b8de9602/MiniRaftClusterWithGrpcf0961638/s0/d34b0aba-0684-48bf-9332-cd21f7930502/current/raft-meta.conf with options []
java.nio.file.NoSuchFileException: /home/runner/work/ratis/ratis/ratis-test/target/test/data/b8de9602/MiniRaftClusterWithGrpcf0961638/s0/d34b0aba-0684-48bf-9332-cd21f7930502/current/raft-meta.conf
	at java.base/sun.nio.fs.UnixException.translateToIOException(UnixException.java:92)
	at java.base/sun.nio.fs.UnixException.rethrowAsIOException(UnixException.java:111)
	at java.base/sun.nio.fs.UnixException.rethrowAsIOException(UnixException.java:116)
	at java.base/sun.nio.fs.UnixFileSystemProvider.newByteChannel(UnixFileSystemProvider.java:219)
	at java.base/java.nio.file.Files.newByteChannel(Files.java:371)
	at java.base/java.nio.file.Files.newByteChannel(Files.java:422)
	at java.base/java.nio.file.spi.FileSystemProvider.newInputStream(FileSystemProvider.java:420)
	at java.base/java.nio.file.Files.newInputStream(Files.java:156)
	at org.apache.ratis.util.FileUtils.lambda$newInputStream$2(FileUtils.java:73)
	at org.apache.ratis.util.LogUtils.supplyAndLog(LogUtils.java:58)
	at org.apache.ratis.util.FileUtils.newInputStream(FileUtils.java:72)
	at org.apache.ratis.util.FileUtils.newInputStream(FileUtils.java:68)
	at org.apache.ratis.server.storage.RaftStorageImpl.readRaftConfiguration(RaftStorageImpl.java:156)
	at org.apache.ratis.server.impl.ServerState.initialize(ServerState.java:141)
	at org.apache.ratis.server.impl.RaftServerImpl.start(RaftServerImpl.java:388)
	at org.apache.ratis.server.impl.RaftServerProxy.lambda$groupAddAsync$13(RaftServerProxy.java:509)
	at java.base/java.util.concurrent.CompletableFuture$UniApply.tryFire(CompletableFuture.java:642)
	at java.base/java.util.concurrent.CompletableFuture$Completion.run(CompletableFuture.java:478)
	at java.base/java.util.concurrent.ThreadPoolExecutor.runWorker(ThreadPoolExecutor.java:1128)
	at java.base/java.util.concurrent.ThreadPoolExecutor$Worker.run(ThreadPoolExecutor.java:628)
	at java.base/java.lang.Thread.run(Thread.java:829)
2023-12-13 18:49:45,171 [s0-groupManagement] INFO  server.RaftServerConfigKeys (ConfUtils.java:logGet(46)) - raft.server.log.use.memory = false (default)
2023-12-13 18:49:45,171 [s0-groupManagement] INFO  server.RaftServerConfigKeys (ConfUtils.java:logGet(46)) - raft.server.log.purge.gap = 1024 (default)
2023-12-13 18:49:45,171 [s0-groupManagement] INFO  server.RaftServerConfigKeys (ConfUtils.java:logGet(46)) - raft.server.log.appender.buffer.byte-limit = 4MB (=4194304) (default)
2023-12-13 18:49:45,171 [s0-groupManagement] INFO  server.RaftServerConfigKeys (ConfUtils.java:logGet(46)) - raft.server.log.statemachine.data.read.timeout = 1000ms (default)
2023-12-13 18:49:45,171 [s0-groupManagement] INFO  server.RaftServerConfigKeys (ConfUtils.java:logGet(46)) - raft.server.log.purge.preservation.log.num = 0 (default)
2023-12-13 18:49:45,172 [s0-groupManagement] INFO  server.RaftServerConfigKeys (ConfUtils.java:logGet(46)) - raft.server.log.segment.size.max = 32MB (=33554432) (default)
2023-12-13 18:49:45,172 [s0-groupManagement] INFO  server.RaftServerConfigKeys (ConfUtils.java:logGet(46)) - raft.server.log.segment.cache.num.max = 6 (default)
2023-12-13 18:49:45,172 [s0-groupManagement] INFO  server.RaftServerConfigKeys (ConfUtils.java:logGet(46)) - raft.server.log.segment.cache.size.max = 200MB (=209715200) (default)
2023-12-13 18:49:45,172 [s0-groupManagement] INFO  server.RaftServerConfigKeys (ConfUtils.java:logGet(46)) - raft.server.log.appender.buffer.byte-limit = 4MB (=4194304) (default)
2023-12-13 18:49:45,172 [s0-groupManagement] INFO  util.AwaitToRun (AwaitToRun.java:start(81)) - Thread[s0@group-CD21F7930502-cacheEviction-AwaitToRun,5,main] started
2023-12-13 18:49:45,172 [s0-groupManagement] INFO  segmented.SegmentedRaftLogWorker (SegmentedRaftLogWorker.java:<init>(182)) - new s0@group-CD21F7930502-SegmentedRaftLogWorker for RaftStorageImpl:Storage Directory /home/runner/work/ratis/ratis/ratis-test/target/test/data/b8de9602/MiniRaftClusterWithGrpcf0961638/s0/d34b0aba-0684-48bf-9332-cd21f7930502
2023-12-13 18:49:45,172 [s0-groupManagement] INFO  server.RaftServerConfigKeys (ConfUtils.java:logGet(46)) - raft.server.log.queue.byte-limit = 64MB (=67108864) (default)
2023-12-13 18:49:45,172 [s0-groupManagement] INFO  server.RaftServerConfigKeys (ConfUtils.java:logGet(46)) - raft.server.log.queue.element-limit = 4096 (default)
2023-12-13 18:49:45,172 [s0-groupManagement] INFO  server.RaftServerConfigKeys (ConfUtils.java:logGet(46)) - raft.server.log.segment.size.max = 32MB (=33554432) (default)
2023-12-13 18:49:45,173 [s0-groupManagement] INFO  server.RaftServerConfigKeys (ConfUtils.java:logGet(46)) - raft.server.log.preallocated.size = 4MB (=4194304) (default)
2023-12-13 18:49:45,173 [s0-groupManagement] INFO  server.RaftServerConfigKeys (ConfUtils.java:logGet(46)) - raft.server.log.force.sync.num = 128 (default)
2023-12-13 18:49:45,173 [s0-groupManagement] INFO  server.RaftServerConfigKeys (ConfUtils.java:logGet(46)) - raft.server.log.statemachine.data.sync = true (default)
2023-12-13 18:49:45,173 [s0-groupManagement] INFO  server.RaftServerConfigKeys (ConfUtils.java:logGet(46)) - raft.server.log.statemachine.data.sync.timeout = 10s (default)
2023-12-13 18:49:45,173 [s0-groupManagement] INFO  server.RaftServerConfigKeys (ConfUtils.java:logGet(46)) - raft.server.log.statemachine.data.sync.timeout.retry = -1 (default)
2023-12-13 18:49:45,173 [s0-groupManagement] INFO  server.RaftServerConfigKeys (ConfUtils.java:logGet(46)) - raft.server.log.write.buffer.size = 8MB (=8388608) (default)
2023-12-13 18:49:45,175 [s0-groupManagement] INFO  server.RaftServerConfigKeys (ConfUtils.java:logGet(46)) - raft.server.log.appender.buffer.byte-limit = 4MB (=4194304) (default)
2023-12-13 18:49:45,175 [s0-groupManagement] INFO  server.RaftServerConfigKeys (ConfUtils.java:logGet(46)) - raft.server.log.unsafe-flush.enabled = false (default)
2023-12-13 18:49:45,175 [s0-groupManagement] INFO  server.RaftServerConfigKeys (ConfUtils.java:logGet(46)) - raft.server.log.async-flush.enabled = false (default)
2023-12-13 18:49:45,175 [s0-groupManagement] INFO  server.RaftServerConfigKeys (ConfUtils.java:logGet(46)) - raft.server.log.statemachine.data.caching.enabled = false (default)
2023-12-13 18:49:45,175 [s0-groupManagement] INFO  segmented.SegmentedRaftLogWorker (SegmentedRaftLogWorker.java:lambda$new$0(134)) - s0@group-CD21F7930502-SegmentedRaftLogWorker: flushIndex: setUnconditionally 0 -> -1
2023-12-13 18:49:45,175 [s0-groupManagement] INFO  segmented.SegmentedRaftLogWorker (SegmentedRaftLogWorker.java:lambda$new$0(134)) - s0@group-CD21F7930502-SegmentedRaftLogWorker: safeCacheEvictIndex: setUnconditionally 0 -> -1
2023-12-13 18:49:45,175 [s0-groupManagement] INFO  server.RaftServer$Division (RaftServerImpl.java:start(392)) - s0@group-CD21F7930502: start as a follower, conf=-1: peers:[s0|0.0.0.0:45675, s1|0.0.0.0:36295, s2|0.0.0.0:46415]|listeners:[], old=null
2023-12-13 18:49:45,175 [s0-groupManagement] INFO  server.RaftServer$Division (RaftServerImpl.java:setRole(379)) - s0@group-CD21F7930502: changes role from      null to FOLLOWER at term 0 for startAsFollower
2023-12-13 18:49:45,175 [s0-groupManagement] INFO  impl.RoleInfo (RoleInfo.java:updateAndGet(139)) - s0: start s0@group-CD21F7930502-FollowerState
2023-12-13 18:49:45,175 [s0@group-CD21F7930502-FollowerState] INFO  server.RaftServerConfigKeys (ConfUtils.java:logFallback(53)) - raft.server.rpc.first-election.timeout.min = 1500ms (fallback to raft.server.rpc.timeout.min)
2023-12-13 18:49:45,176 [s0-groupManagement] INFO  util.JmxRegister (JmxRegister.java:tryRegister(44)) - Successfully registered JMX Bean with object name Ratis:service=RaftServer,group=group-CD21F7930502,id=s0
2023-12-13 18:49:45,176 [s0@group-CD21F7930502-FollowerState] INFO  server.RaftServerConfigKeys (ConfUtils.java:logFallback(53)) - raft.server.rpc.first-election.timeout.max = 2000ms (fallback to raft.server.rpc.timeout.max)
2023-12-13 18:49:45,176 [s0-groupManagement] INFO  server.RaftServerConfigKeys (ConfUtils.java:logGet(46)) - raft.server.snapshot.trigger-when-stop.enabled = true (default)
2023-12-13 18:49:45,176 [s0-groupManagement] INFO  server.RaftServerConfigKeys (ConfUtils.java:logGet(46)) - raft.server.snapshot.auto.trigger.enabled = false (default)
2023-12-13 18:49:45,176 [s0-groupManagement] INFO  server.RaftServerConfigKeys (ConfUtils.java:logGet(46)) - raft.server.snapshot.retention.file.num = -1 (default)
2023-12-13 18:49:45,176 [s0-groupManagement] INFO  server.RaftServerConfigKeys (ConfUtils.java:logGet(46)) - raft.server.log.purge.upto.snapshot.index = false (default)
2023-12-13 18:49:45,184 [grpc-default-executor-0] INFO  server.RaftServer (RaftServerProxy.java:addNew(100)) - s1: addNew group-CD21F7930502:[s0|0.0.0.0:45675, s1|0.0.0.0:36295, s2|0.0.0.0:46415] returns group-CD21F7930502:java.util.concurrent.CompletableFuture@5eeb058[Not completed]
2023-12-13 18:49:45,184 [s1-groupManagement] INFO  server.RaftServer$Division (RaftServerImpl.java:<init>(256)) - s1: new RaftServerImpl for group-CD21F7930502:[s0|0.0.0.0:45675, s1|0.0.0.0:36295, s2|0.0.0.0:46415] with BaseStateMachine:uninitialized
2023-12-13 18:49:45,184 [s1-groupManagement] INFO  server.RaftServerConfigKeys (ConfUtils.java:logGet(46)) - raft.server.rpc.timeout.min = 1500ms (custom)
2023-12-13 18:49:45,185 [s1-groupManagement] INFO  server.RaftServerConfigKeys (ConfUtils.java:logGet(46)) - raft.server.rpc.timeout.max = 2000ms (custom)
2023-12-13 18:49:45,185 [s1-groupManagement] INFO  server.RaftServerConfigKeys (ConfUtils.java:logGet(46)) - raft.server.rpc.sleep.time = 25ms (default)
2023-12-13 18:49:45,185 [s1-groupManagement] INFO  server.RaftServerConfigKeys (ConfUtils.java:logGet(46)) - raft.server.rpc.slowness.timeout = 60s (default)
2023-12-13 18:49:45,185 [s1-groupManagement] INFO  server.RaftServerConfigKeys (ConfUtils.java:logGet(46)) - raft.server.leaderelection.leader.step-down.wait-time = 10s (default)
2023-12-13 18:49:45,185 [s1-groupManagement] INFO  server.RaftServerConfigKeys (ConfUtils.java:logGet(46)) - raft.server.leaderelection.member.majority-add = false (default)
2023-12-13 18:49:45,185 [s1-groupManagement] INFO  server.RaftServerConfigKeys (ConfUtils.java:logGet(46)) - raft.server.sleep.deviation.threshold = 300ms (default)
2023-12-13 18:49:45,185 [s1-groupManagement] INFO  server.RaftServer$Division (ServerState.java:<init>(113)) - s1@group-CD21F7930502: ConfigurationManager, init=-1: peers:[s0|0.0.0.0:45675, s1|0.0.0.0:36295, s2|0.0.0.0:46415]|listeners:[], old=null, confs=<EMPTY_MAP>
2023-12-13 18:49:45,185 [s1-groupManagement] INFO  server.RaftServerConfigKeys (ConfUtils.java:logGet(46)) - raft.server.notification.no-leader.timeout = 60s (default)
2023-12-13 18:49:45,185 [s1-groupManagement] INFO  server.RaftServerConfigKeys (ConfUtils.java:logGet(46)) - raft.server.read.timeout = 10s (default)
2023-12-13 18:49:45,185 [s1-groupManagement] INFO  server.RaftServerConfigKeys (ConfUtils.java:logGet(46)) - raft.server.retrycache.expirytime = 60s (default)
2023-12-13 18:49:45,185 [s1-groupManagement] INFO  server.RaftServerConfigKeys (ConfUtils.java:logGet(46)) - raft.server.retrycache.statistics.expirytime = 100ms (default)
2023-12-13 18:49:45,185 [s1-groupManagement] INFO  server.RaftServerConfigKeys (ConfUtils.java:logGet(46)) - raft.server.read.option = DEFAULT (default)
2023-12-13 18:49:45,185 [s1-groupManagement] INFO  server.RaftServerConfigKeys (ConfUtils.java:logGet(46)) - raft.server.read.read-after-write-consistent.write-index-cache.expiry-time = 60s (default)
2023-12-13 18:49:45,187 [s1-groupManagement] INFO  server.RaftServerConfigKeys (ConfUtils.java:logGet(46)) - raft.server.rpc.request.timeout = 3000ms (default)
2023-12-13 18:49:45,187 [s1-groupManagement] INFO  server.RaftServerConfigKeys (ConfUtils.java:logGet(46)) - raft.server.log.appender.install.snapshot.enabled = true (default)
2023-12-13 18:49:45,187 [s1-groupManagement] INFO  server.RaftServerConfigKeys (ConfUtils.java:logGet(46)) - raft.server.threadpool.server.cached = true (default)
2023-12-13 18:49:45,187 [s1-groupManagement] INFO  server.RaftServerConfigKeys (ConfUtils.java:logGet(46)) - raft.server.threadpool.server.size = 0 (default)
2023-12-13 18:49:45,187 [s1-groupManagement] INFO  server.RaftServerConfigKeys (ConfUtils.java:logGet(46)) - raft.server.threadpool.client.cached = true (default)
2023-12-13 18:49:45,187 [s1-groupManagement] INFO  server.RaftServerConfigKeys (ConfUtils.java:logGet(46)) - raft.server.threadpool.client.size = 0 (default)
2023-12-13 18:49:45,187 [s1-groupManagement] DEBUG server.RaftServer (RaftServerProxy.java:lambda$groupAddAsync$13(507)) - s1: newImpl =      null s1@group-CD21F7930502:t0, leader=null, voted=null, raftlog=UNINITIALIZED, conf=-1: peers:[s0|0.0.0.0:45675, s1|0.0.0.0:36295, s2|0.0.0.0:46415]|listeners:[], old=null NEW
2023-12-13 18:49:45,187 [s1-groupManagement] INFO  server.RaftServerConfigKeys (ConfUtils.java:logGet(46)) - raft.server.storage.free-space.min = 0MB (=0) (default)
2023-12-13 18:49:45,187 [s1-groupManagement] INFO  server.RaftServerConfigKeys (ConfUtils.java:logGet(46)) - raft.server.log.corruption.policy = EXCEPTION (default)
2023-12-13 18:49:45,187 [s1-groupManagement] INFO  server.RaftServerConfigKeys (ConfUtils.java:logGet(46)) - raft.server.storage.dir = [/home/runner/work/ratis/ratis/ratis-test/target/test/data/b8de9602/MiniRaftClusterWithGrpcf0961638/s1] (custom)
2023-12-13 18:49:45,187 [s1-groupManagement] INFO  storage.RaftStorageDirectory (RaftStorageDirectoryImpl.java:analyzeStorage(138)) - The storage directory /home/runner/work/ratis/ratis/ratis-test/target/test/data/b8de9602/MiniRaftClusterWithGrpcf0961638/s1/d34b0aba-0684-48bf-9332-cd21f7930502 does not exist. Creating ...
2023-12-13 18:49:45,188 [s1-groupManagement] TRACE util.FileUtils (LogUtils.java:runAndLog(49)) - Successfully ran Files.createDirectories /home/runner/work/ratis/ratis/ratis-test/target/test/data/b8de9602/MiniRaftClusterWithGrpcf0961638/s1/d34b0aba-0684-48bf-9332-cd21f7930502
2023-12-13 18:49:45,189 [s1-groupManagement] INFO  storage.RaftStorageDirectory (RaftStorageDirectoryImpl.java:tryLock(228)) - Lock on /home/runner/work/ratis/ratis/ratis-test/target/test/data/b8de9602/MiniRaftClusterWithGrpcf0961638/s1/d34b0aba-0684-48bf-9332-cd21f7930502/in_use.lock acquired by nodename 24599@fv-az743-812
2023-12-13 18:49:45,189 [s1-groupManagement] TRACE util.FileUtils (LogUtils.java:runAndLog(49)) - Successfully ran Files.createDirectories /home/runner/work/ratis/ratis/ratis-test/target/test/data/b8de9602/MiniRaftClusterWithGrpcf0961638/s1/d34b0aba-0684-48bf-9332-cd21f7930502/current
2023-12-13 18:49:45,189 [s1-groupManagement] TRACE util.FileUtils (LogUtils.java:runAndLog(49)) - Successfully ran Files.createDirectories /home/runner/work/ratis/ratis/ratis-test/target/test/data/b8de9602/MiniRaftClusterWithGrpcf0961638/s1/d34b0aba-0684-48bf-9332-cd21f7930502/sm
2023-12-13 18:49:45,189 [s1-groupManagement] TRACE util.FileUtils (LogUtils.java:supplyAndLog(69)) - Successfully supplied FileChannel.open /home/runner/work/ratis/ratis/ratis-test/target/test/data/b8de9602/MiniRaftClusterWithGrpcf0961638/s1/d34b0aba-0684-48bf-9332-cd21f7930502/current/raft-meta.tmp with options [CREATE, WRITE]: sun.nio.ch.FileChannelImpl@3bbcd1d5
2023-12-13 18:49:45,190 [s1-groupManagement] TRACE util.FileUtils (LogUtils.java:runAndLog(49)) - Successfully ran Atomic Files.move /home/runner/work/ratis/ratis/ratis-test/target/test/data/b8de9602/MiniRaftClusterWithGrpcf0961638/s1/d34b0aba-0684-48bf-9332-cd21f7930502/current/raft-meta.tmp to /home/runner/work/ratis/ratis/ratis-test/target/test/data/b8de9602/MiniRaftClusterWithGrpcf0961638/s1/d34b0aba-0684-48bf-9332-cd21f7930502/current/raft-meta with options [REPLACE_EXISTING]
2023-12-13 18:49:45,190 [s1-groupManagement] INFO  storage.RaftStorage (RaftStorageImpl.java:format(99)) - Storage directory /home/runner/work/ratis/ratis/ratis-test/target/test/data/b8de9602/MiniRaftClusterWithGrpcf0961638/s1/d34b0aba-0684-48bf-9332-cd21f7930502 has been successfully formatted.
2023-12-13 18:49:45,190 [s1-groupManagement] TRACE util.FileUtils (LogUtils.java:supplyAndLog(61)) - Failed to Files.newInputStream /home/runner/work/ratis/ratis/ratis-test/target/test/data/b8de9602/MiniRaftClusterWithGrpcf0961638/s1/d34b0aba-0684-48bf-9332-cd21f7930502/current/raft-meta.conf with options []
java.nio.file.NoSuchFileException: /home/runner/work/ratis/ratis/ratis-test/target/test/data/b8de9602/MiniRaftClusterWithGrpcf0961638/s1/d34b0aba-0684-48bf-9332-cd21f7930502/current/raft-meta.conf
	at java.base/sun.nio.fs.UnixException.translateToIOException(UnixException.java:92)
	at java.base/sun.nio.fs.UnixException.rethrowAsIOException(UnixException.java:111)
	at java.base/sun.nio.fs.UnixException.rethrowAsIOException(UnixException.java:116)
	at java.base/sun.nio.fs.UnixFileSystemProvider.newByteChannel(UnixFileSystemProvider.java:219)
	at java.base/java.nio.file.Files.newByteChannel(Files.java:371)
	at java.base/java.nio.file.Files.newByteChannel(Files.java:422)
	at java.base/java.nio.file.spi.FileSystemProvider.newInputStream(FileSystemProvider.java:420)
	at java.base/java.nio.file.Files.newInputStream(Files.java:156)
	at org.apache.ratis.util.FileUtils.lambda$newInputStream$2(FileUtils.java:73)
	at org.apache.ratis.util.LogUtils.supplyAndLog(LogUtils.java:58)
	at org.apache.ratis.util.FileUtils.newInputStream(FileUtils.java:72)
	at org.apache.ratis.util.FileUtils.newInputStream(FileUtils.java:68)
	at org.apache.ratis.server.storage.RaftStorageImpl.readRaftConfiguration(RaftStorageImpl.java:156)
	at org.apache.ratis.server.impl.ServerState.initialize(ServerState.java:141)
	at org.apache.ratis.server.impl.RaftServerImpl.start(RaftServerImpl.java:388)
	at org.apache.ratis.server.impl.RaftServerProxy.lambda$groupAddAsync$13(RaftServerProxy.java:509)
	at java.base/java.util.concurrent.CompletableFuture$UniApply.tryFire(CompletableFuture.java:642)
	at java.base/java.util.concurrent.CompletableFuture$Completion.run(CompletableFuture.java:478)
	at java.base/java.util.concurrent.ThreadPoolExecutor.runWorker(ThreadPoolExecutor.java:1128)
	at java.base/java.util.concurrent.ThreadPoolExecutor$Worker.run(ThreadPoolExecutor.java:628)
	at java.base/java.lang.Thread.run(Thread.java:829)
2023-12-13 18:49:45,190 [s1-groupManagement] INFO  server.RaftServerConfigKeys (ConfUtils.java:logGet(46)) - raft.server.log.use.memory = false (default)
2023-12-13 18:49:45,190 [s1-groupManagement] INFO  server.RaftServerConfigKeys (ConfUtils.java:logGet(46)) - raft.server.log.purge.gap = 1024 (default)
2023-12-13 18:49:45,190 [s1-groupManagement] INFO  server.RaftServerConfigKeys (ConfUtils.java:logGet(46)) - raft.server.log.appender.buffer.byte-limit = 4MB (=4194304) (default)
2023-12-13 18:49:45,190 [s1-groupManagement] INFO  server.RaftServerConfigKeys (ConfUtils.java:logGet(46)) - raft.server.log.statemachine.data.read.timeout = 1000ms (default)
2023-12-13 18:49:45,191 [s1-groupManagement] INFO  server.RaftServerConfigKeys (ConfUtils.java:logGet(46)) - raft.server.log.purge.preservation.log.num = 0 (default)
2023-12-13 18:49:45,191 [s1-groupManagement] INFO  server.RaftServerConfigKeys (ConfUtils.java:logGet(46)) - raft.server.log.segment.size.max = 32MB (=33554432) (default)
2023-12-13 18:49:45,191 [s1-groupManagement] INFO  server.RaftServerConfigKeys (ConfUtils.java:logGet(46)) - raft.server.log.segment.cache.num.max = 6 (default)
2023-12-13 18:49:45,191 [s1-groupManagement] INFO  server.RaftServerConfigKeys (ConfUtils.java:logGet(46)) - raft.server.log.segment.cache.size.max = 200MB (=209715200) (default)
2023-12-13 18:49:45,191 [s1-groupManagement] INFO  server.RaftServerConfigKeys (ConfUtils.java:logGet(46)) - raft.server.log.appender.buffer.byte-limit = 4MB (=4194304) (default)
2023-12-13 18:49:45,192 [s1-groupManagement] INFO  util.AwaitToRun (AwaitToRun.java:start(81)) - Thread[s1@group-CD21F7930502-cacheEviction-AwaitToRun,5,main] started
2023-12-13 18:49:45,192 [s1-groupManagement] INFO  segmented.SegmentedRaftLogWorker (SegmentedRaftLogWorker.java:<init>(182)) - new s1@group-CD21F7930502-SegmentedRaftLogWorker for RaftStorageImpl:Storage Directory /home/runner/work/ratis/ratis/ratis-test/target/test/data/b8de9602/MiniRaftClusterWithGrpcf0961638/s1/d34b0aba-0684-48bf-9332-cd21f7930502
2023-12-13 18:49:45,192 [s1-groupManagement] INFO  server.RaftServerConfigKeys (ConfUtils.java:logGet(46)) - raft.server.log.queue.byte-limit = 64MB (=67108864) (default)
2023-12-13 18:49:45,192 [s1-groupManagement] INFO  server.RaftServerConfigKeys (ConfUtils.java:logGet(46)) - raft.server.log.queue.element-limit = 4096 (default)
2023-12-13 18:49:45,192 [s1-groupManagement] INFO  server.RaftServerConfigKeys (ConfUtils.java:logGet(46)) - raft.server.log.segment.size.max = 32MB (=33554432) (default)
2023-12-13 18:49:45,192 [s1-groupManagement] INFO  server.RaftServerConfigKeys (ConfUtils.java:logGet(46)) - raft.server.log.preallocated.size = 4MB (=4194304) (default)
2023-12-13 18:49:45,192 [s1-groupManagement] INFO  server.RaftServerConfigKeys (ConfUtils.java:logGet(46)) - raft.server.log.force.sync.num = 128 (default)
2023-12-13 18:49:45,192 [s1-groupManagement] INFO  server.RaftServerConfigKeys (ConfUtils.java:logGet(46)) - raft.server.log.statemachine.data.sync = true (default)
2023-12-13 18:49:45,192 [s1-groupManagement] INFO  server.RaftServerConfigKeys (ConfUtils.java:logGet(46)) - raft.server.log.statemachine.data.sync.timeout = 10s (default)
2023-12-13 18:49:45,192 [s1-groupManagement] INFO  server.RaftServerConfigKeys (ConfUtils.java:logGet(46)) - raft.server.log.statemachine.data.sync.timeout.retry = -1 (default)
2023-12-13 18:49:45,192 [s1-groupManagement] INFO  server.RaftServerConfigKeys (ConfUtils.java:logGet(46)) - raft.server.log.write.buffer.size = 8MB (=8388608) (default)
2023-12-13 18:49:45,194 [s1-groupManagement] INFO  server.RaftServerConfigKeys (ConfUtils.java:logGet(46)) - raft.server.log.appender.buffer.byte-limit = 4MB (=4194304) (default)
2023-12-13 18:49:45,194 [s1-groupManagement] INFO  server.RaftServerConfigKeys (ConfUtils.java:logGet(46)) - raft.server.log.unsafe-flush.enabled = false (default)
2023-12-13 18:49:45,194 [s1-groupManagement] INFO  server.RaftServerConfigKeys (ConfUtils.java:logGet(46)) - raft.server.log.async-flush.enabled = false (default)
2023-12-13 18:49:45,194 [s1-groupManagement] INFO  server.RaftServerConfigKeys (ConfUtils.java:logGet(46)) - raft.server.log.statemachine.data.caching.enabled = false (default)
2023-12-13 18:49:45,194 [s1-groupManagement] INFO  segmented.SegmentedRaftLogWorker (SegmentedRaftLogWorker.java:lambda$new$0(134)) - s1@group-CD21F7930502-SegmentedRaftLogWorker: flushIndex: setUnconditionally 0 -> -1
2023-12-13 18:49:45,194 [s1-groupManagement] INFO  segmented.SegmentedRaftLogWorker (SegmentedRaftLogWorker.java:lambda$new$0(134)) - s1@group-CD21F7930502-SegmentedRaftLogWorker: safeCacheEvictIndex: setUnconditionally 0 -> -1
2023-12-13 18:49:45,194 [s1-groupManagement] INFO  server.RaftServer$Division (RaftServerImpl.java:start(392)) - s1@group-CD21F7930502: start as a follower, conf=-1: peers:[s0|0.0.0.0:45675, s1|0.0.0.0:36295, s2|0.0.0.0:46415]|listeners:[], old=null
2023-12-13 18:49:45,194 [s1-groupManagement] INFO  server.RaftServer$Division (RaftServerImpl.java:setRole(379)) - s1@group-CD21F7930502: changes role from      null to FOLLOWER at term 0 for startAsFollower
2023-12-13 18:49:45,194 [s1-groupManagement] INFO  impl.RoleInfo (RoleInfo.java:updateAndGet(139)) - s1: start s1@group-CD21F7930502-FollowerState
2023-12-13 18:49:45,195 [s1@group-CD21F7930502-FollowerState] INFO  server.RaftServerConfigKeys (ConfUtils.java:logFallback(53)) - raft.server.rpc.first-election.timeout.min = 1500ms (fallback to raft.server.rpc.timeout.min)
2023-12-13 18:49:45,195 [s1-groupManagement] INFO  util.JmxRegister (JmxRegister.java:tryRegister(44)) - Successfully registered JMX Bean with object name Ratis:service=RaftServer,group=group-CD21F7930502,id=s1
2023-12-13 18:49:45,195 [s1@group-CD21F7930502-FollowerState] INFO  server.RaftServerConfigKeys (ConfUtils.java:logFallback(53)) - raft.server.rpc.first-election.timeout.max = 2000ms (fallback to raft.server.rpc.timeout.max)
2023-12-13 18:49:45,195 [s1-groupManagement] INFO  server.RaftServerConfigKeys (ConfUtils.java:logGet(46)) - raft.server.snapshot.trigger-when-stop.enabled = true (default)
2023-12-13 18:49:45,195 [s1-groupManagement] INFO  server.RaftServerConfigKeys (ConfUtils.java:logGet(46)) - raft.server.snapshot.auto.trigger.enabled = false (default)
2023-12-13 18:49:45,195 [s1-groupManagement] INFO  server.RaftServerConfigKeys (ConfUtils.java:logGet(46)) - raft.server.snapshot.retention.file.num = -1 (default)
2023-12-13 18:49:45,195 [s1-groupManagement] INFO  server.RaftServerConfigKeys (ConfUtils.java:logGet(46)) - raft.server.log.purge.upto.snapshot.index = false (default)
2023-12-13 18:49:45,202 [grpc-default-executor-0] INFO  server.RaftServer (RaftServerProxy.java:addNew(100)) - s2: addNew group-CD21F7930502:[s0|0.0.0.0:45675, s1|0.0.0.0:36295, s2|0.0.0.0:46415] returns group-CD21F7930502:java.util.concurrent.CompletableFuture@602017a4[Not completed]
2023-12-13 18:49:45,202 [s2-groupManagement] INFO  server.RaftServer$Division (RaftServerImpl.java:<init>(256)) - s2: new RaftServerImpl for group-CD21F7930502:[s0|0.0.0.0:45675, s1|0.0.0.0:36295, s2|0.0.0.0:46415] with BaseStateMachine:uninitialized
2023-12-13 18:49:45,202 [s2-groupManagement] INFO  server.RaftServerConfigKeys (ConfUtils.java:logGet(46)) - raft.server.rpc.timeout.min = 1500ms (custom)
2023-12-13 18:49:45,202 [s2-groupManagement] INFO  server.RaftServerConfigKeys (ConfUtils.java:logGet(46)) - raft.server.rpc.timeout.max = 2000ms (custom)
2023-12-13 18:49:45,202 [s2-groupManagement] INFO  server.RaftServerConfigKeys (ConfUtils.java:logGet(46)) - raft.server.rpc.sleep.time = 25ms (default)
2023-12-13 18:49:45,202 [s2-groupManagement] INFO  server.RaftServerConfigKeys (ConfUtils.java:logGet(46)) - raft.server.rpc.slowness.timeout = 60s (default)
2023-12-13 18:49:45,202 [s2-groupManagement] INFO  server.RaftServerConfigKeys (ConfUtils.java:logGet(46)) - raft.server.leaderelection.leader.step-down.wait-time = 10s (default)
2023-12-13 18:49:45,202 [s2-groupManagement] INFO  server.RaftServerConfigKeys (ConfUtils.java:logGet(46)) - raft.server.leaderelection.member.majority-add = false (default)
2023-12-13 18:49:45,202 [s2-groupManagement] INFO  server.RaftServerConfigKeys (ConfUtils.java:logGet(46)) - raft.server.sleep.deviation.threshold = 300ms (default)
2023-12-13 18:49:45,202 [s2-groupManagement] INFO  server.RaftServer$Division (ServerState.java:<init>(113)) - s2@group-CD21F7930502: ConfigurationManager, init=-1: peers:[s0|0.0.0.0:45675, s1|0.0.0.0:36295, s2|0.0.0.0:46415]|listeners:[], old=null, confs=<EMPTY_MAP>
2023-12-13 18:49:45,202 [s2-groupManagement] INFO  server.RaftServerConfigKeys (ConfUtils.java:logGet(46)) - raft.server.notification.no-leader.timeout = 60s (default)
2023-12-13 18:49:45,202 [s2-groupManagement] INFO  server.RaftServerConfigKeys (ConfUtils.java:logGet(46)) - raft.server.read.timeout = 10s (default)
2023-12-13 18:49:45,202 [s2-groupManagement] INFO  server.RaftServerConfigKeys (ConfUtils.java:logGet(46)) - raft.server.retrycache.expirytime = 60s (default)
2023-12-13 18:49:45,202 [s2-groupManagement] INFO  server.RaftServerConfigKeys (ConfUtils.java:logGet(46)) - raft.server.retrycache.statistics.expirytime = 100ms (default)
2023-12-13 18:49:45,203 [s2-groupManagement] INFO  server.RaftServerConfigKeys (ConfUtils.java:logGet(46)) - raft.server.read.option = DEFAULT (default)
2023-12-13 18:49:45,203 [s2-groupManagement] INFO  server.RaftServerConfigKeys (ConfUtils.java:logGet(46)) - raft.server.read.read-after-write-consistent.write-index-cache.expiry-time = 60s (default)
2023-12-13 18:49:45,204 [s2-groupManagement] INFO  server.RaftServerConfigKeys (ConfUtils.java:logGet(46)) - raft.server.rpc.request.timeout = 3000ms (default)
2023-12-13 18:49:45,204 [s2-groupManagement] INFO  server.RaftServerConfigKeys (ConfUtils.java:logGet(46)) - raft.server.log.appender.install.snapshot.enabled = true (default)
2023-12-13 18:49:45,204 [s2-groupManagement] INFO  server.RaftServerConfigKeys (ConfUtils.java:logGet(46)) - raft.server.threadpool.server.cached = true (default)
2023-12-13 18:49:45,204 [s2-groupManagement] INFO  server.RaftServerConfigKeys (ConfUtils.java:logGet(46)) - raft.server.threadpool.server.size = 0 (default)
2023-12-13 18:49:45,204 [s2-groupManagement] INFO  server.RaftServerConfigKeys (ConfUtils.java:logGet(46)) - raft.server.threadpool.client.cached = true (default)
2023-12-13 18:49:45,204 [s2-groupManagement] INFO  server.RaftServerConfigKeys (ConfUtils.java:logGet(46)) - raft.server.threadpool.client.size = 0 (default)
2023-12-13 18:49:45,204 [s2-groupManagement] DEBUG server.RaftServer (RaftServerProxy.java:lambda$groupAddAsync$13(507)) - s2: newImpl =      null s2@group-CD21F7930502:t0, leader=null, voted=null, raftlog=UNINITIALIZED, conf=-1: peers:[s0|0.0.0.0:45675, s1|0.0.0.0:36295, s2|0.0.0.0:46415]|listeners:[], old=null NEW
2023-12-13 18:49:45,204 [s2-groupManagement] INFO  server.RaftServerConfigKeys (ConfUtils.java:logGet(46)) - raft.server.storage.free-space.min = 0MB (=0) (default)
2023-12-13 18:49:45,204 [s2-groupManagement] INFO  server.RaftServerConfigKeys (ConfUtils.java:logGet(46)) - raft.server.log.corruption.policy = EXCEPTION (default)
2023-12-13 18:49:45,204 [s2-groupManagement] INFO  server.RaftServerConfigKeys (ConfUtils.java:logGet(46)) - raft.server.storage.dir = [/home/runner/work/ratis/ratis/ratis-test/target/test/data/b8de9602/MiniRaftClusterWithGrpcf0961638/s2] (custom)
2023-12-13 18:49:45,204 [s2-groupManagement] INFO  storage.RaftStorageDirectory (RaftStorageDirectoryImpl.java:analyzeStorage(138)) - The storage directory /home/runner/work/ratis/ratis/ratis-test/target/test/data/b8de9602/MiniRaftClusterWithGrpcf0961638/s2/d34b0aba-0684-48bf-9332-cd21f7930502 does not exist. Creating ...
2023-12-13 18:49:45,205 [s2-groupManagement] TRACE util.FileUtils (LogUtils.java:runAndLog(49)) - Successfully ran Files.createDirectories /home/runner/work/ratis/ratis/ratis-test/target/test/data/b8de9602/MiniRaftClusterWithGrpcf0961638/s2/d34b0aba-0684-48bf-9332-cd21f7930502
2023-12-13 18:49:45,205 [s2-groupManagement] INFO  storage.RaftStorageDirectory (RaftStorageDirectoryImpl.java:tryLock(228)) - Lock on /home/runner/work/ratis/ratis/ratis-test/target/test/data/b8de9602/MiniRaftClusterWithGrpcf0961638/s2/d34b0aba-0684-48bf-9332-cd21f7930502/in_use.lock acquired by nodename 24599@fv-az743-812
2023-12-13 18:49:45,205 [s2-groupManagement] TRACE util.FileUtils (LogUtils.java:runAndLog(49)) - Successfully ran Files.createDirectories /home/runner/work/ratis/ratis/ratis-test/target/test/data/b8de9602/MiniRaftClusterWithGrpcf0961638/s2/d34b0aba-0684-48bf-9332-cd21f7930502/current
2023-12-13 18:49:45,206 [s2-groupManagement] TRACE util.FileUtils (LogUtils.java:runAndLog(49)) - Successfully ran Files.createDirectories /home/runner/work/ratis/ratis/ratis-test/target/test/data/b8de9602/MiniRaftClusterWithGrpcf0961638/s2/d34b0aba-0684-48bf-9332-cd21f7930502/sm
2023-12-13 18:49:45,206 [s2-groupManagement] TRACE util.FileUtils (LogUtils.java:supplyAndLog(69)) - Successfully supplied FileChannel.open /home/runner/work/ratis/ratis/ratis-test/target/test/data/b8de9602/MiniRaftClusterWithGrpcf0961638/s2/d34b0aba-0684-48bf-9332-cd21f7930502/current/raft-meta.tmp with options [CREATE, WRITE]: sun.nio.ch.FileChannelImpl@61876b9b
2023-12-13 18:49:45,207 [s2-groupManagement] TRACE util.FileUtils (LogUtils.java:runAndLog(49)) - Successfully ran Atomic Files.move /home/runner/work/ratis/ratis/ratis-test/target/test/data/b8de9602/MiniRaftClusterWithGrpcf0961638/s2/d34b0aba-0684-48bf-9332-cd21f7930502/current/raft-meta.tmp to /home/runner/work/ratis/ratis/ratis-test/target/test/data/b8de9602/MiniRaftClusterWithGrpcf0961638/s2/d34b0aba-0684-48bf-9332-cd21f7930502/current/raft-meta with options [REPLACE_EXISTING]
2023-12-13 18:49:45,207 [s2-groupManagement] INFO  storage.RaftStorage (RaftStorageImpl.java:format(99)) - Storage directory /home/runner/work/ratis/ratis/ratis-test/target/test/data/b8de9602/MiniRaftClusterWithGrpcf0961638/s2/d34b0aba-0684-48bf-9332-cd21f7930502 has been successfully formatted.
2023-12-13 18:49:45,207 [s2-groupManagement] TRACE util.FileUtils (LogUtils.java:supplyAndLog(61)) - Failed to Files.newInputStream /home/runner/work/ratis/ratis/ratis-test/target/test/data/b8de9602/MiniRaftClusterWithGrpcf0961638/s2/d34b0aba-0684-48bf-9332-cd21f7930502/current/raft-meta.conf with options []
java.nio.file.NoSuchFileException: /home/runner/work/ratis/ratis/ratis-test/target/test/data/b8de9602/MiniRaftClusterWithGrpcf0961638/s2/d34b0aba-0684-48bf-9332-cd21f7930502/current/raft-meta.conf
	at java.base/sun.nio.fs.UnixException.translateToIOException(UnixException.java:92)
	at java.base/sun.nio.fs.UnixException.rethrowAsIOException(UnixException.java:111)
	at java.base/sun.nio.fs.UnixException.rethrowAsIOException(UnixException.java:116)
	at java.base/sun.nio.fs.UnixFileSystemProvider.newByteChannel(UnixFileSystemProvider.java:219)
	at java.base/java.nio.file.Files.newByteChannel(Files.java:371)
	at java.base/java.nio.file.Files.newByteChannel(Files.java:422)
	at java.base/java.nio.file.spi.FileSystemProvider.newInputStream(FileSystemProvider.java:420)
	at java.base/java.nio.file.Files.newInputStream(Files.java:156)
	at org.apache.ratis.util.FileUtils.lambda$newInputStream$2(FileUtils.java:73)
	at org.apache.ratis.util.LogUtils.supplyAndLog(LogUtils.java:58)
	at org.apache.ratis.util.FileUtils.newInputStream(FileUtils.java:72)
	at org.apache.ratis.util.FileUtils.newInputStream(FileUtils.java:68)
	at org.apache.ratis.server.storage.RaftStorageImpl.readRaftConfiguration(RaftStorageImpl.java:156)
	at org.apache.ratis.server.impl.ServerState.initialize(ServerState.java:141)
	at org.apache.ratis.server.impl.RaftServerImpl.start(RaftServerImpl.java:388)
	at org.apache.ratis.server.impl.RaftServerProxy.lambda$groupAddAsync$13(RaftServerProxy.java:509)
	at java.base/java.util.concurrent.CompletableFuture$UniApply.tryFire(CompletableFuture.java:642)
	at java.base/java.util.concurrent.CompletableFuture$Completion.run(CompletableFuture.java:478)
	at java.base/java.util.concurrent.ThreadPoolExecutor.runWorker(ThreadPoolExecutor.java:1128)
	at java.base/java.util.concurrent.ThreadPoolExecutor$Worker.run(ThreadPoolExecutor.java:628)
	at java.base/java.lang.Thread.run(Thread.java:829)
2023-12-13 18:49:45,207 [s2-groupManagement] INFO  server.RaftServerConfigKeys (ConfUtils.java:logGet(46)) - raft.server.log.use.memory = false (default)
2023-12-13 18:49:45,207 [s2-groupManagement] INFO  server.RaftServerConfigKeys (ConfUtils.java:logGet(46)) - raft.server.log.purge.gap = 1024 (default)
2023-12-13 18:49:45,207 [s2-groupManagement] INFO  server.RaftServerConfigKeys (ConfUtils.java:logGet(46)) - raft.server.log.appender.buffer.byte-limit = 4MB (=4194304) (default)
2023-12-13 18:49:45,207 [s2-groupManagement] INFO  server.RaftServerConfigKeys (ConfUtils.java:logGet(46)) - raft.server.log.statemachine.data.read.timeout = 1000ms (default)
2023-12-13 18:49:45,207 [s2-groupManagement] INFO  server.RaftServerConfigKeys (ConfUtils.java:logGet(46)) - raft.server.log.purge.preservation.log.num = 0 (default)
2023-12-13 18:49:45,208 [s2-groupManagement] INFO  server.RaftServerConfigKeys (ConfUtils.java:logGet(46)) - raft.server.log.segment.size.max = 32MB (=33554432) (default)
2023-12-13 18:49:45,208 [s2-groupManagement] INFO  server.RaftServerConfigKeys (ConfUtils.java:logGet(46)) - raft.server.log.segment.cache.num.max = 6 (default)
2023-12-13 18:49:45,208 [s2-groupManagement] INFO  server.RaftServerConfigKeys (ConfUtils.java:logGet(46)) - raft.server.log.segment.cache.size.max = 200MB (=209715200) (default)
2023-12-13 18:49:45,208 [s2-groupManagement] INFO  server.RaftServerConfigKeys (ConfUtils.java:logGet(46)) - raft.server.log.appender.buffer.byte-limit = 4MB (=4194304) (default)
2023-12-13 18:49:45,208 [s2-groupManagement] INFO  util.AwaitToRun (AwaitToRun.java:start(81)) - Thread[s2@group-CD21F7930502-cacheEviction-AwaitToRun,5,main] started
2023-12-13 18:49:45,209 [s2-groupManagement] INFO  segmented.SegmentedRaftLogWorker (SegmentedRaftLogWorker.java:<init>(182)) - new s2@group-CD21F7930502-SegmentedRaftLogWorker for RaftStorageImpl:Storage Directory /home/runner/work/ratis/ratis/ratis-test/target/test/data/b8de9602/MiniRaftClusterWithGrpcf0961638/s2/d34b0aba-0684-48bf-9332-cd21f7930502
2023-12-13 18:49:45,209 [s2-groupManagement] INFO  server.RaftServerConfigKeys (ConfUtils.java:logGet(46)) - raft.server.log.queue.byte-limit = 64MB (=67108864) (default)
2023-12-13 18:49:45,209 [s2-groupManagement] INFO  server.RaftServerConfigKeys (ConfUtils.java:logGet(46)) - raft.server.log.queue.element-limit = 4096 (default)
2023-12-13 18:49:45,209 [s2-groupManagement] INFO  server.RaftServerConfigKeys (ConfUtils.java:logGet(46)) - raft.server.log.segment.size.max = 32MB (=33554432) (default)
2023-12-13 18:49:45,209 [s2-groupManagement] INFO  server.RaftServerConfigKeys (ConfUtils.java:logGet(46)) - raft.server.log.preallocated.size = 4MB (=4194304) (default)
2023-12-13 18:49:45,209 [s2-groupManagement] INFO  server.RaftServerConfigKeys (ConfUtils.java:logGet(46)) - raft.server.log.force.sync.num = 128 (default)
2023-12-13 18:49:45,209 [s2-groupManagement] INFO  server.RaftServerConfigKeys (ConfUtils.java:logGet(46)) - raft.server.log.statemachine.data.sync = true (default)
2023-12-13 18:49:45,209 [s2-groupManagement] INFO  server.RaftServerConfigKeys (ConfUtils.java:logGet(46)) - raft.server.log.statemachine.data.sync.timeout = 10s (default)
2023-12-13 18:49:45,209 [s2-groupManagement] INFO  server.RaftServerConfigKeys (ConfUtils.java:logGet(46)) - raft.server.log.statemachine.data.sync.timeout.retry = -1 (default)
2023-12-13 18:49:45,209 [s2-groupManagement] INFO  server.RaftServerConfigKeys (ConfUtils.java:logGet(46)) - raft.server.log.write.buffer.size = 8MB (=8388608) (default)
2023-12-13 18:49:45,210 [s2-groupManagement] INFO  server.RaftServerConfigKeys (ConfUtils.java:logGet(46)) - raft.server.log.appender.buffer.byte-limit = 4MB (=4194304) (default)
2023-12-13 18:49:45,210 [s2-groupManagement] INFO  server.RaftServerConfigKeys (ConfUtils.java:logGet(46)) - raft.server.log.unsafe-flush.enabled = false (default)
2023-12-13 18:49:45,210 [s2-groupManagement] INFO  server.RaftServerConfigKeys (ConfUtils.java:logGet(46)) - raft.server.log.async-flush.enabled = false (default)
2023-12-13 18:49:45,211 [s2-groupManagement] INFO  server.RaftServerConfigKeys (ConfUtils.java:logGet(46)) - raft.server.log.statemachine.data.caching.enabled = false (default)
2023-12-13 18:49:45,211 [s2-groupManagement] INFO  segmented.SegmentedRaftLogWorker (SegmentedRaftLogWorker.java:lambda$new$0(134)) - s2@group-CD21F7930502-SegmentedRaftLogWorker: flushIndex: setUnconditionally 0 -> -1
2023-12-13 18:49:45,211 [s2-groupManagement] INFO  segmented.SegmentedRaftLogWorker (SegmentedRaftLogWorker.java:lambda$new$0(134)) - s2@group-CD21F7930502-SegmentedRaftLogWorker: safeCacheEvictIndex: setUnconditionally 0 -> -1
2023-12-13 18:49:45,211 [s2-groupManagement] INFO  server.RaftServer$Division (RaftServerImpl.java:start(392)) - s2@group-CD21F7930502: start as a follower, conf=-1: peers:[s0|0.0.0.0:45675, s1|0.0.0.0:36295, s2|0.0.0.0:46415]|listeners:[], old=null
2023-12-13 18:49:45,211 [s2-groupManagement] INFO  server.RaftServer$Division (RaftServerImpl.java:setRole(379)) - s2@group-CD21F7930502: changes role from      null to FOLLOWER at term 0 for startAsFollower
2023-12-13 18:49:45,211 [s2-groupManagement] INFO  impl.RoleInfo (RoleInfo.java:updateAndGet(139)) - s2: start s2@group-CD21F7930502-FollowerState
2023-12-13 18:49:45,211 [s2@group-CD21F7930502-FollowerState] INFO  server.RaftServerConfigKeys (ConfUtils.java:logFallback(53)) - raft.server.rpc.first-election.timeout.min = 1500ms (fallback to raft.server.rpc.timeout.min)
2023-12-13 18:49:45,211 [s2-groupManagement] INFO  util.JmxRegister (JmxRegister.java:tryRegister(44)) - Successfully registered JMX Bean with object name Ratis:service=RaftServer,group=group-CD21F7930502,id=s2
2023-12-13 18:49:45,211 [s2@group-CD21F7930502-FollowerState] INFO  server.RaftServerConfigKeys (ConfUtils.java:logFallback(53)) - raft.server.rpc.first-election.timeout.max = 2000ms (fallback to raft.server.rpc.timeout.max)
2023-12-13 18:49:45,211 [s2-groupManagement] INFO  server.RaftServerConfigKeys (ConfUtils.java:logGet(46)) - raft.server.snapshot.trigger-when-stop.enabled = true (default)
2023-12-13 18:49:45,212 [s2-groupManagement] INFO  server.RaftServerConfigKeys (ConfUtils.java:logGet(46)) - raft.server.snapshot.auto.trigger.enabled = false (default)
2023-12-13 18:49:45,212 [s2-groupManagement] INFO  server.RaftServerConfigKeys (ConfUtils.java:logGet(46)) - raft.server.snapshot.retention.file.num = -1 (default)
2023-12-13 18:49:45,212 [s2-groupManagement] INFO  server.RaftServerConfigKeys (ConfUtils.java:logGet(46)) - raft.server.log.purge.upto.snapshot.index = false (default)
2023-12-13 18:49:45,222 [Time-limited test] INFO  server.RaftServerConfigKeys (ConfUtils.java:logGet(46)) - raft.server.rpc.timeout.max = 2000ms (custom)
2023-12-13 18:49:45,223 [Time-limited test] INFO  ratis.RaftTestUtil (RaftTestUtil.java:waitForLeader(100)) - printing ALL groups
  s0:  RUNNING  FOLLOWER s0@group-CD21F7930502:t0, leader=null, voted=, raftlog=Memoized:s0@group-CD21F7930502-SegmentedRaftLog:OPENED:c-1, conf=-1: peers:[s0|0.0.0.0:45675, s1|0.0.0.0:36295, s2|0.0.0.0:46415]|listeners:[], old=null RUNNING
  s1:  RUNNING  FOLLOWER s1@group-CD21F7930502:t0, leader=null, voted=, raftlog=Memoized:s1@group-CD21F7930502-SegmentedRaftLog:OPENED:c-1, conf=-1: peers:[s0|0.0.0.0:45675, s1|0.0.0.0:36295, s2|0.0.0.0:46415]|listeners:[], old=null RUNNING
  s2:  RUNNING  FOLLOWER s2@group-CD21F7930502:t0, leader=null, voted=, raftlog=Memoized:s2@group-CD21F7930502-SegmentedRaftLog:OPENED:c-1, conf=-1: peers:[s0|0.0.0.0:45675, s1|0.0.0.0:36295, s2|0.0.0.0:46415]|listeners:[], old=null RUNNING
2023-12-13 18:49:45,224 [Time-limited test] WARN  ratis.RaftTestUtil (RaftTestUtil.java:lambda$waitForLeader$3(119)) - Attempt #1 failed: java.lang.IllegalStateException: No leader yet : printing ALL groups
  s0:  RUNNING  FOLLOWER s0@group-CD21F7930502:t0, leader=null, voted=, raftlog=Memoized:s0@group-CD21F7930502-SegmentedRaftLog:OPENED:c-1, conf=-1: peers:[s0|0.0.0.0:45675, s1|0.0.0.0:36295, s2|0.0.0.0:46415]|listeners:[], old=null RUNNING
  s1:  RUNNING  FOLLOWER s1@group-CD21F7930502:t0, leader=null, voted=, raftlog=Memoized:s1@group-CD21F7930502-SegmentedRaftLog:OPENED:c-1, conf=-1: peers:[s0|0.0.0.0:45675, s1|0.0.0.0:36295, s2|0.0.0.0:46415]|listeners:[], old=null RUNNING
  s2:  RUNNING  FOLLOWER s2@group-CD21F7930502:t0, leader=null, voted=, raftlog=Memoized:s2@group-CD21F7930502-SegmentedRaftLog:OPENED:c-1, conf=-1: peers:[s0|0.0.0.0:45675, s1|0.0.0.0:36295, s2|0.0.0.0:46415]|listeners:[], old=null RUNNING
2023-12-13 18:49:46,793 [s0@group-CD21F7930502-FollowerState] INFO  impl.FollowerState (FollowerState.java:run(143)) - s0@group-CD21F7930502-FollowerState: change to CANDIDATE, lastRpcElapsedTime:1618070654ns, electionTimeout:1617ms
2023-12-13 18:49:46,794 [s0@group-CD21F7930502-FollowerState] INFO  impl.RoleInfo (RoleInfo.java:shutdownFollowerState(110)) - s0: shutdown s0@group-CD21F7930502-FollowerState
2023-12-13 18:49:46,794 [s0@group-CD21F7930502-FollowerState] INFO  server.RaftServer$Division (RaftServerImpl.java:setRole(379)) - s0@group-CD21F7930502: changes role from  FOLLOWER to CANDIDATE at term 0 for changeToCandidate
2023-12-13 18:49:46,796 [s0@group-CD21F7930502-FollowerState] INFO  server.RaftServerConfigKeys (ConfUtils.java:logGet(46)) - raft.server.leaderelection.pre-vote = true (default)
2023-12-13 18:49:46,796 [s0@group-CD21F7930502-FollowerState] INFO  impl.RoleInfo (RoleInfo.java:updateAndGet(139)) - s0: start s0@group-CD21F7930502-LeaderElection1
2023-12-13 18:49:46,798 [s0@group-CD21F7930502-LeaderElection1] INFO  impl.LeaderElection (LeaderElection.java:askForVotes(321)) - s0@group-CD21F7930502-LeaderElection1 PRE_VOTE round 0: submit vote requests at term 0 for -1: peers:[s0|0.0.0.0:45675, s1|0.0.0.0:36295, s2|0.0.0.0:46415]|listeners:[], old=null
2023-12-13 18:49:46,801 [s0@group-CD21F7930502-LeaderElection1] INFO  server.RaftServerConfigKeys (ConfUtils.java:logFallback(53)) - raft.server.rpc.first-election.timeout.min = 1500ms (fallback to raft.server.rpc.timeout.min)
2023-12-13 18:49:46,801 [s0@group-CD21F7930502-LeaderElection1] INFO  server.RaftServerConfigKeys (ConfUtils.java:logFallback(53)) - raft.server.rpc.first-election.timeout.max = 2000ms (fallback to raft.server.rpc.timeout.max)
2023-12-13 18:49:46,801 [s0@group-CD21F7930502-LeaderElection1-1] INFO  server.GrpcServerProtocolClient (GrpcServerProtocolClient.java:<init>(65)) - Build channel for s1
2023-12-13 18:49:46,801 [s0@group-CD21F7930502-LeaderElection1-2] INFO  server.GrpcServerProtocolClient (GrpcServerProtocolClient.java:<init>(65)) - Build channel for s2
2023-12-13 18:49:46,815 [grpc-default-executor-0] INFO  server.RaftServer$Division (RaftServerImpl.java:requestVote(1377)) - s2@group-CD21F7930502: receive requestVote(PRE_VOTE, s0, group-CD21F7930502, 0, (t:0, i:0))
2023-12-13 18:49:46,815 [grpc-default-executor-1] INFO  server.RaftServer$Division (RaftServerImpl.java:requestVote(1377)) - s1@group-CD21F7930502: receive requestVote(PRE_VOTE, s0, group-CD21F7930502, 0, (t:0, i:0))
2023-12-13 18:49:46,815 [grpc-default-executor-0] INFO  impl.VoteContext (VoteContext.java:log(49)) - s2@group-CD21F7930502-FOLLOWER: accept PRE_VOTE from s0: our priority 0 <= candidate's priority 0
2023-12-13 18:49:46,815 [grpc-default-executor-1] INFO  impl.VoteContext (VoteContext.java:log(49)) - s1@group-CD21F7930502-FOLLOWER: accept PRE_VOTE from s0: our priority 0 <= candidate's priority 0
2023-12-13 18:49:46,818 [grpc-default-executor-0] INFO  server.RaftServer$Division (RaftServerImpl.java:requestVote(1410)) - s2@group-CD21F7930502 replies to PRE_VOTE vote request: s0<-s2#0:OK-t0. Peer's state: s2@group-CD21F7930502:t0, leader=null, voted=, raftlog=Memoized:s2@group-CD21F7930502-SegmentedRaftLog:OPENED:c-1, conf=-1: peers:[s0|0.0.0.0:45675, s1|0.0.0.0:36295, s2|0.0.0.0:46415]|listeners:[], old=null
2023-12-13 18:49:46,818 [grpc-default-executor-1] INFO  server.RaftServer$Division (RaftServerImpl.java:requestVote(1410)) - s1@group-CD21F7930502 replies to PRE_VOTE vote request: s0<-s1#0:OK-t0. Peer's state: s1@group-CD21F7930502:t0, leader=null, voted=, raftlog=Memoized:s1@group-CD21F7930502-SegmentedRaftLog:OPENED:c-1, conf=-1: peers:[s0|0.0.0.0:45675, s1|0.0.0.0:36295, s2|0.0.0.0:46415]|listeners:[], old=null
2023-12-13 18:49:46,822 [s0@group-CD21F7930502-LeaderElection1] INFO  impl.LeaderElection (LeaderElection.java:logAndReturn(89)) - s0@group-CD21F7930502-LeaderElection1: PRE_VOTE PASSED received 1 response(s) and 0 exception(s):
2023-12-13 18:49:46,822 [s0@group-CD21F7930502-LeaderElection1] INFO  impl.LeaderElection (LeaderElection.java:logAndReturn(93)) -   Response 0: s0<-s2#0:OK-t0
2023-12-13 18:49:46,822 [s0@group-CD21F7930502-LeaderElection1] INFO  impl.LeaderElection (LeaderElection.java:askForVotes(323)) - s0@group-CD21F7930502-LeaderElection1 PRE_VOTE round 0: result PASSED
2023-12-13 18:49:46,823 [s0@group-CD21F7930502-LeaderElection1] TRACE util.FileUtils (LogUtils.java:supplyAndLog(69)) - Successfully supplied FileChannel.open /home/runner/work/ratis/ratis/ratis-test/target/test/data/b8de9602/MiniRaftClusterWithGrpcf0961638/s0/d34b0aba-0684-48bf-9332-cd21f7930502/current/raft-meta.tmp with options [CREATE, WRITE]: sun.nio.ch.FileChannelImpl@508f903b
2023-12-13 18:49:46,824 [s0@group-CD21F7930502-LeaderElection1] TRACE util.FileUtils (LogUtils.java:runAndLog(49)) - Successfully ran Atomic Files.move /home/runner/work/ratis/ratis/ratis-test/target/test/data/b8de9602/MiniRaftClusterWithGrpcf0961638/s0/d34b0aba-0684-48bf-9332-cd21f7930502/current/raft-meta.tmp to /home/runner/work/ratis/ratis/ratis-test/target/test/data/b8de9602/MiniRaftClusterWithGrpcf0961638/s0/d34b0aba-0684-48bf-9332-cd21f7930502/current/raft-meta with options [REPLACE_EXISTING]
2023-12-13 18:49:46,825 [s0@group-CD21F7930502-LeaderElection1] INFO  impl.LeaderElection (LeaderElection.java:askForVotes(321)) - s0@group-CD21F7930502-LeaderElection1 ELECTION round 0: submit vote requests at term 1 for -1: peers:[s0|0.0.0.0:45675, s1|0.0.0.0:36295, s2|0.0.0.0:46415]|listeners:[], old=null
2023-12-13 18:49:46,825 [s0@group-CD21F7930502-LeaderElection1] INFO  server.RaftServerConfigKeys (ConfUtils.java:logFallback(53)) - raft.server.rpc.first-election.timeout.min = 1500ms (fallback to raft.server.rpc.timeout.min)
2023-12-13 18:49:46,825 [s0@group-CD21F7930502-LeaderElection1] INFO  server.RaftServerConfigKeys (ConfUtils.java:logFallback(53)) - raft.server.rpc.first-election.timeout.max = 2000ms (fallback to raft.server.rpc.timeout.max)
2023-12-13 18:49:46,827 [grpc-default-executor-1] INFO  server.RaftServer$Division (RaftServerImpl.java:requestVote(1377)) - s1@group-CD21F7930502: receive requestVote(ELECTION, s0, group-CD21F7930502, 1, (t:0, i:0))
2023-12-13 18:49:46,828 [grpc-default-executor-1] INFO  impl.VoteContext (VoteContext.java:log(49)) - s1@group-CD21F7930502-FOLLOWER: accept ELECTION from s0: our priority 0 <= candidate's priority 0
2023-12-13 18:49:46,828 [grpc-default-executor-0] INFO  server.RaftServer$Division (RaftServerImpl.java:requestVote(1377)) - s2@group-CD21F7930502: receive requestVote(ELECTION, s0, group-CD21F7930502, 1, (t:0, i:0))
2023-12-13 18:49:46,828 [grpc-default-executor-0] INFO  impl.VoteContext (VoteContext.java:log(49)) - s2@group-CD21F7930502-FOLLOWER: accept ELECTION from s0: our priority 0 <= candidate's priority 0
2023-12-13 18:49:46,828 [grpc-default-executor-0] INFO  server.RaftServer$Division (RaftServerImpl.java:setRole(379)) - s2@group-CD21F7930502: changes role from  FOLLOWER to FOLLOWER at term 1 for candidate:s0
2023-12-13 18:49:46,828 [grpc-default-executor-0] INFO  impl.RoleInfo (RoleInfo.java:shutdownFollowerState(110)) - s2: shutdown s2@group-CD21F7930502-FollowerState
2023-12-13 18:49:46,829 [grpc-default-executor-0] INFO  impl.RoleInfo (RoleInfo.java:updateAndGet(139)) - s2: start s2@group-CD21F7930502-FollowerState
2023-12-13 18:49:46,829 [grpc-default-executor-1] INFO  server.RaftServer$Division (RaftServerImpl.java:setRole(379)) - s1@group-CD21F7930502: changes role from  FOLLOWER to FOLLOWER at term 1 for candidate:s0
2023-12-13 18:49:46,829 [s2@group-CD21F7930502-FollowerState] INFO  impl.FollowerState (FollowerState.java:run(152)) - s2@group-CD21F7930502-FollowerState was interrupted
2023-12-13 18:49:46,829 [grpc-default-executor-0] INFO  server.RaftServer$Division (RaftServerImpl.java:setFirstElection(564)) - s2@group-CD21F7930502: set firstElectionSinceStartup to false for candidate:s0
2023-12-13 18:49:46,829 [grpc-default-executor-1] INFO  impl.RoleInfo (RoleInfo.java:shutdownFollowerState(110)) - s1: shutdown s1@group-CD21F7930502-FollowerState
2023-12-13 18:49:46,829 [s1@group-CD21F7930502-FollowerState] INFO  impl.FollowerState (FollowerState.java:run(152)) - s1@group-CD21F7930502-FollowerState was interrupted
2023-12-13 18:49:46,829 [grpc-default-executor-0] TRACE util.FileUtils (LogUtils.java:supplyAndLog(69)) - Successfully supplied FileChannel.open /home/runner/work/ratis/ratis/ratis-test/target/test/data/b8de9602/MiniRaftClusterWithGrpcf0961638/s2/d34b0aba-0684-48bf-9332-cd21f7930502/current/raft-meta.tmp with options [CREATE, WRITE]: sun.nio.ch.FileChannelImpl@55059310
2023-12-13 18:49:46,830 [grpc-default-executor-1] INFO  impl.RoleInfo (RoleInfo.java:updateAndGet(139)) - s1: start s1@group-CD21F7930502-FollowerState
2023-12-13 18:49:46,830 [grpc-default-executor-1] INFO  server.RaftServer$Division (RaftServerImpl.java:setFirstElection(564)) - s1@group-CD21F7930502: set firstElectionSinceStartup to false for candidate:s0
2023-12-13 18:49:46,830 [grpc-default-executor-1] TRACE util.FileUtils (LogUtils.java:supplyAndLog(69)) - Successfully supplied FileChannel.open /home/runner/work/ratis/ratis/ratis-test/target/test/data/b8de9602/MiniRaftClusterWithGrpcf0961638/s1/d34b0aba-0684-48bf-9332-cd21f7930502/current/raft-meta.tmp with options [CREATE, WRITE]: sun.nio.ch.FileChannelImpl@78d9b70a
2023-12-13 18:49:46,833 [grpc-default-executor-0] TRACE util.FileUtils (LogUtils.java:runAndLog(49)) - Successfully ran Atomic Files.move /home/runner/work/ratis/ratis/ratis-test/target/test/data/b8de9602/MiniRaftClusterWithGrpcf0961638/s2/d34b0aba-0684-48bf-9332-cd21f7930502/current/raft-meta.tmp to /home/runner/work/ratis/ratis/ratis-test/target/test/data/b8de9602/MiniRaftClusterWithGrpcf0961638/s2/d34b0aba-0684-48bf-9332-cd21f7930502/current/raft-meta with options [REPLACE_EXISTING]
2023-12-13 18:49:46,833 [grpc-default-executor-0] INFO  server.RaftServer$Division (RaftServerImpl.java:requestVote(1410)) - s2@group-CD21F7930502 replies to ELECTION vote request: s0<-s2#0:OK-t1. Peer's state: s2@group-CD21F7930502:t1, leader=null, voted=s0, raftlog=Memoized:s2@group-CD21F7930502-SegmentedRaftLog:OPENED:c-1, conf=-1: peers:[s0|0.0.0.0:45675, s1|0.0.0.0:36295, s2|0.0.0.0:46415]|listeners:[], old=null
2023-12-13 18:49:46,834 [grpc-default-executor-1] TRACE util.FileUtils (LogUtils.java:runAndLog(49)) - Successfully ran Atomic Files.move /home/runner/work/ratis/ratis/ratis-test/target/test/data/b8de9602/MiniRaftClusterWithGrpcf0961638/s1/d34b0aba-0684-48bf-9332-cd21f7930502/current/raft-meta.tmp to /home/runner/work/ratis/ratis/ratis-test/target/test/data/b8de9602/MiniRaftClusterWithGrpcf0961638/s1/d34b0aba-0684-48bf-9332-cd21f7930502/current/raft-meta with options [REPLACE_EXISTING]
2023-12-13 18:49:46,834 [grpc-default-executor-1] INFO  server.RaftServer$Division (RaftServerImpl.java:requestVote(1410)) - s1@group-CD21F7930502 replies to ELECTION vote request: s0<-s1#0:OK-t1. Peer's state: s1@group-CD21F7930502:t1, leader=null, voted=s0, raftlog=Memoized:s1@group-CD21F7930502-SegmentedRaftLog:OPENED:c-1, conf=-1: peers:[s0|0.0.0.0:45675, s1|0.0.0.0:36295, s2|0.0.0.0:46415]|listeners:[], old=null
2023-12-13 18:49:46,834 [s0@group-CD21F7930502-LeaderElection1] INFO  impl.LeaderElection (LeaderElection.java:logAndReturn(89)) - s0@group-CD21F7930502-LeaderElection1: ELECTION PASSED received 1 response(s) and 0 exception(s):
2023-12-13 18:49:46,835 [s0@group-CD21F7930502-LeaderElection1] INFO  impl.LeaderElection (LeaderElection.java:logAndReturn(93)) -   Response 0: s0<-s2#0:OK-t1
2023-12-13 18:49:46,835 [s0@group-CD21F7930502-LeaderElection1] INFO  impl.LeaderElection (LeaderElection.java:askForVotes(323)) - s0@group-CD21F7930502-LeaderElection1 ELECTION round 0: result PASSED
2023-12-13 18:49:46,835 [s0@group-CD21F7930502-LeaderElection1] INFO  impl.RoleInfo (RoleInfo.java:shutdownLeaderElection(130)) - s0: shutdown s0@group-CD21F7930502-LeaderElection1
2023-12-13 18:49:46,835 [s0@group-CD21F7930502-LeaderElection1] INFO  server.RaftServer$Division (RaftServerImpl.java:setRole(379)) - s0@group-CD21F7930502: changes role from CANDIDATE to LEADER at term 1 for changeToLeader
2023-12-13 18:49:46,839 [s0@group-CD21F7930502-LeaderElection1] INFO  server.RaftServerConfigKeys (ConfUtils.java:logGet(46)) - raft.server.staging.catchup.gap = 1000 (default)
2023-12-13 18:49:46,841 [s0@group-CD21F7930502-LeaderElection1] INFO  server.RaftServerConfigKeys (ConfUtils.java:logGet(46)) - raft.server.write.element-limit = 4096 (default)
2023-12-13 18:49:46,841 [s0@group-CD21F7930502-LeaderElection1] INFO  server.RaftServerConfigKeys (ConfUtils.java:logGet(46)) - raft.server.write.byte-limit = 64MB (=67108864) (default)
2023-12-13 18:49:46,843 [s0@group-CD21F7930502-LeaderElection1] INFO  server.RaftServerConfigKeys (ConfUtils.java:logGet(46)) - raft.server.watch.timeout = 10s (default)
2023-12-13 18:49:46,843 [s0@group-CD21F7930502-LeaderElection1] INFO  server.RaftServerConfigKeys (ConfUtils.java:logGet(46)) - raft.server.watch.timeout.denomination = 1s (default)
2023-12-13 18:49:46,843 [s0@group-CD21F7930502-LeaderElection1] INFO  server.RaftServerConfigKeys (ConfUtils.java:logGet(46)) - raft.server.watch.element-limit = 65536 (default)
2023-12-13 18:49:46,847 [s0@group-CD21F7930502-LeaderElection1] INFO  server.RaftServerConfigKeys (ConfUtils.java:logGet(46)) - raft.server.read.leader.lease.enabled = false (default)
2023-12-13 18:49:46,848 [s0@group-CD21F7930502-LeaderElection1] INFO  server.RaftServerConfigKeys (ConfUtils.java:logGet(46)) - raft.server.read.leader.lease.timeout.ratio = 0.9 (default)
2023-12-13 18:49:46,848 [s0@group-CD21F7930502-LeaderElection1] INFO  server.RaftServerConfigKeys (ConfUtils.java:logGet(46)) - raft.server.rpc.timeout.min = 1500ms (custom)
2023-12-13 18:49:46,848 [s0@group-CD21F7930502-LeaderElection1] INFO  server.RaftServerConfigKeys (ConfUtils.java:logGet(46)) - raft.server.write.element-limit = 4096 (default)
2023-12-13 18:49:46,849 [s0@group-CD21F7930502-LeaderElection1] INFO  server.RaftServerConfigKeys (ConfUtils.java:logGet(46)) - raft.server.write.follower.gap.ratio.max = -1.0 (default)
2023-12-13 18:49:46,854 [s0@group-CD21F7930502-LeaderElection1] INFO  server.RaftServerConfigKeys (ConfUtils.java:logGet(46)) - raft.server.log.appender.snapshot.chunk.size.max = 16MB (=16777216) (default)
2023-12-13 18:49:46,854 [s0@group-CD21F7930502-LeaderElection1] INFO  server.RaftServerConfigKeys (ConfUtils.java:logGet(46)) - raft.server.log.appender.buffer.byte-limit = 4MB (=4194304) (default)
2023-12-13 18:49:46,854 [s0@group-CD21F7930502-LeaderElection1] INFO  server.RaftServerConfigKeys (ConfUtils.java:logGet(46)) - raft.server.log.appender.buffer.element-limit = 0 (default)
2023-12-13 18:49:46,856 [s0@group-CD21F7930502-LeaderElection1] INFO  server.RaftServerConfigKeys (ConfUtils.java:logGet(46)) - raft.server.log.appender.wait-time.min = 1ms (default)
2023-12-13 18:49:46,856 [s0@group-CD21F7930502-LeaderElection1] INFO  grpc.GrpcConfigKeys (ConfUtils.java:logGet(46)) - raft.grpc.server.leader.outstanding.appends.max = 8 (default)
2023-12-13 18:49:46,856 [s0@group-CD21F7930502-LeaderElection1] INFO  server.RaftServerConfigKeys (ConfUtils.java:logGet(46)) - raft.server.rpc.request.timeout = 3000ms (default)
2023-12-13 18:49:46,856 [s0@group-CD21F7930502-LeaderElection1] INFO  grpc.GrpcConfigKeys (ConfUtils.java:logGet(46)) - raft.grpc.server.install_snapshot.request.element-limit = 8 (default)
2023-12-13 18:49:46,856 [s0@group-CD21F7930502-LeaderElection1] INFO  grpc.GrpcConfigKeys (ConfUtils.java:logGet(46)) - raft.grpc.server.install_snapshot.request.timeout = 3000ms (default)
2023-12-13 18:49:46,857 [s0@group-CD21F7930502-LeaderElection1] INFO  server.RaftServerConfigKeys (ConfUtils.java:logGet(46)) - raft.server.log.appender.install.snapshot.enabled = true (default)
2023-12-13 18:49:46,857 [s0@group-CD21F7930502-LeaderElection1] INFO  grpc.GrpcConfigKeys (ConfUtils.java:logGet(46)) - raft.grpc.server.heartbeat.channel = true (default)
2023-12-13 18:49:46,859 [s0@group-CD21F7930502-LeaderElection1] INFO  server.RaftServerConfigKeys (ConfUtils.java:logGet(46)) - raft.server.log.appender.snapshot.chunk.size.max = 16MB (=16777216) (default)
2023-12-13 18:49:46,859 [s0@group-CD21F7930502-LeaderElection1] INFO  server.RaftServerConfigKeys (ConfUtils.java:logGet(46)) - raft.server.log.appender.buffer.byte-limit = 4MB (=4194304) (default)
2023-12-13 18:49:46,859 [s0@group-CD21F7930502-LeaderElection1] INFO  server.RaftServerConfigKeys (ConfUtils.java:logGet(46)) - raft.server.log.appender.buffer.element-limit = 0 (default)
2023-12-13 18:49:46,859 [s0@group-CD21F7930502-LeaderElection1] INFO  server.RaftServerConfigKeys (ConfUtils.java:logGet(46)) - raft.server.log.appender.wait-time.min = 1ms (default)
2023-12-13 18:49:46,859 [s0@group-CD21F7930502-LeaderElection1] INFO  grpc.GrpcConfigKeys (ConfUtils.java:logGet(46)) - raft.grpc.server.leader.outstanding.appends.max = 8 (default)
2023-12-13 18:49:46,859 [s0@group-CD21F7930502-LeaderElection1] INFO  server.RaftServerConfigKeys (ConfUtils.java:logGet(46)) - raft.server.rpc.request.timeout = 3000ms (default)
2023-12-13 18:49:46,859 [s0@group-CD21F7930502-LeaderElection1] INFO  grpc.GrpcConfigKeys (ConfUtils.java:logGet(46)) - raft.grpc.server.install_snapshot.request.element-limit = 8 (default)
2023-12-13 18:49:46,859 [s0@group-CD21F7930502-LeaderElection1] INFO  grpc.GrpcConfigKeys (ConfUtils.java:logGet(46)) - raft.grpc.server.install_snapshot.request.timeout = 3000ms (default)
2023-12-13 18:49:46,859 [s0@group-CD21F7930502-LeaderElection1] INFO  server.RaftServerConfigKeys (ConfUtils.java:logGet(46)) - raft.server.log.appender.install.snapshot.enabled = true (default)
2023-12-13 18:49:46,859 [s0@group-CD21F7930502-LeaderElection1] INFO  grpc.GrpcConfigKeys (ConfUtils.java:logGet(46)) - raft.grpc.server.heartbeat.channel = true (default)
2023-12-13 18:49:46,860 [s0@group-CD21F7930502-LeaderElection1] INFO  impl.RoleInfo (RoleInfo.java:updateAndGet(139)) - s0: start s0@group-CD21F7930502-LeaderStateImpl
2023-12-13 18:49:46,860 [s0@group-CD21F7930502-LeaderElection1] INFO  server.RaftServer$Division (RaftServerImpl.java:setFirstElection(564)) - s0@group-CD21F7930502: set firstElectionSinceStartup to false for becomeLeader
2023-12-13 18:49:46,860 [s0@group-CD21F7930502-LeaderElection1] INFO  server.RaftServer$Division (ServerState.java:setLeader(265)) - s0@group-CD21F7930502: change Leader from null to s0 at term 1 for becomeLeader, leader elected after 1694ms
2023-12-13 18:49:46,866 [s0@group-CD21F7930502-LeaderElection1] INFO  segmented.SegmentedRaftLogWorker (SegmentedRaftLogWorker.java:startLogSegment(430)) - s0@group-CD21F7930502-SegmentedRaftLogWorker: Starting segment from index:0
2023-12-13 18:49:46,872 [s0@group-CD21F7930502-LeaderElection1] INFO  server.RaftServer$Division (ServerState.java:setRaftConf(382)) - s0@group-CD21F7930502: set configuration 0: peers:[s0|0.0.0.0:45675, s1|0.0.0.0:36295, s2|0.0.0.0:46415]|listeners:[], old=null
2023-12-13 18:49:46,886 [s0@group-CD21F7930502-SegmentedRaftLogWorker] INFO  segmented.BufferedWriteChannel (BufferedWriteChannel.java:open(62)) - open log_inprogress_0 at position 0
2023-12-13 18:49:46,894 [s0@group-CD21F7930502-SegmentedRaftLogWorker] INFO  segmented.SegmentedRaftLogWorker (SegmentedRaftLogWorker.java:execute(634)) - s0@group-CD21F7930502-SegmentedRaftLogWorker: created new log segment /home/runner/work/ratis/ratis/ratis-test/target/test/data/b8de9602/MiniRaftClusterWithGrpcf0961638/s0/d34b0aba-0684-48bf-9332-cd21f7930502/current/log_inprogress_0
2023-12-13 18:49:46,899 [s1-server-thread1] INFO  server.RaftServer$Division (ServerState.java:setLeader(265)) - s1@group-CD21F7930502: change Leader from null to s0 at term 1 for appendEntries, leader elected after 1713ms
2023-12-13 18:49:46,934 [s2-server-thread1] INFO  server.RaftServer$Division (ServerState.java:setLeader(265)) - s2@group-CD21F7930502: change Leader from null to s0 at term 1 for appendEntries, leader elected after 1732ms
2023-12-13 18:49:46,997 [s2-server-thread2] DEBUG server.RaftServer$Division (RaftServerImpl.java:logAppendEntries(1504)) - s2@group-CD21F7930502: receive appendEntries(s0, 1, null, -1, false, commits:[s0:c-1, s1:c-1, s2:c-1], cId:1, entries: [(t:1, i:0), CONFIGURATIONENTRY(current:id: "s0"
address: "0.0.0.0:45675"
clientAddress: "0.0.0.0:45675"
adminAddress: "0.0.0.0:45675"
startupRole: FOLLOWER
,id: "s1"
address: "0.0.0.0:36295"
clientAddress: "0.0.0.0:36295"
adminAddress: "0.0.0.0:36295"
startupRole: FOLLOWER
,id: "s2"
address: "0.0.0.0:46415"
clientAddress: "0.0.0.0:46415"
adminAddress: "0.0.0.0:46415"
startupRole: FOLLOWER
, old:)]
2023-12-13 18:49:46,997 [s1-server-thread2] DEBUG server.RaftServer$Division (RaftServerImpl.java:logAppendEntries(1504)) - s1@group-CD21F7930502: receive appendEntries(s0, 1, null, -1, false, commits:[s0:c-1, s1:c-1, s2:c-1], cId:1, entries: [(t:1, i:0), CONFIGURATIONENTRY(current:id: "s0"
address: "0.0.0.0:45675"
clientAddress: "0.0.0.0:45675"
adminAddress: "0.0.0.0:45675"
startupRole: FOLLOWER
,id: "s1"
address: "0.0.0.0:36295"
clientAddress: "0.0.0.0:36295"
adminAddress: "0.0.0.0:36295"
startupRole: FOLLOWER
,id: "s2"
address: "0.0.0.0:46415"
clientAddress: "0.0.0.0:46415"
adminAddress: "0.0.0.0:46415"
startupRole: FOLLOWER
, old:)]
2023-12-13 18:49:46,998 [s1-server-thread2] INFO  server.RaftServer$Division (ServerState.java:setRaftConf(382)) - s1@group-CD21F7930502: set configuration 0: peers:[s0|0.0.0.0:45675, s1|0.0.0.0:36295, s2|0.0.0.0:46415]|listeners:[], old=null
2023-12-13 18:49:46,998 [s2-server-thread2] INFO  server.RaftServer$Division (ServerState.java:setRaftConf(382)) - s2@group-CD21F7930502: set configuration 0: peers:[s0|0.0.0.0:45675, s1|0.0.0.0:36295, s2|0.0.0.0:46415]|listeners:[], old=null
2023-12-13 18:49:46,999 [s1-server-thread2] INFO  segmented.SegmentedRaftLogWorker (SegmentedRaftLogWorker.java:startLogSegment(430)) - s1@group-CD21F7930502-SegmentedRaftLogWorker: Starting segment from index:0
2023-12-13 18:49:46,999 [s2-server-thread2] INFO  segmented.SegmentedRaftLogWorker (SegmentedRaftLogWorker.java:startLogSegment(430)) - s2@group-CD21F7930502-SegmentedRaftLogWorker: Starting segment from index:0
2023-12-13 18:49:47,000 [s1@group-CD21F7930502-SegmentedRaftLogWorker] INFO  segmented.BufferedWriteChannel (BufferedWriteChannel.java:open(62)) - open log_inprogress_0 at position 0
2023-12-13 18:49:47,000 [s2@group-CD21F7930502-SegmentedRaftLogWorker] INFO  segmented.BufferedWriteChannel (BufferedWriteChannel.java:open(62)) - open log_inprogress_0 at position 0
2023-12-13 18:49:47,010 [s1@group-CD21F7930502-SegmentedRaftLogWorker] INFO  segmented.SegmentedRaftLogWorker (SegmentedRaftLogWorker.java:execute(634)) - s1@group-CD21F7930502-SegmentedRaftLogWorker: created new log segment /home/runner/work/ratis/ratis/ratis-test/target/test/data/b8de9602/MiniRaftClusterWithGrpcf0961638/s1/d34b0aba-0684-48bf-9332-cd21f7930502/current/log_inprogress_0
2023-12-13 18:49:47,010 [s2@group-CD21F7930502-SegmentedRaftLogWorker] INFO  segmented.SegmentedRaftLogWorker (SegmentedRaftLogWorker.java:execute(634)) - s2@group-CD21F7930502-SegmentedRaftLogWorker: created new log segment /home/runner/work/ratis/ratis/ratis-test/target/test/data/b8de9602/MiniRaftClusterWithGrpcf0961638/s2/d34b0aba-0684-48bf-9332-cd21f7930502/current/log_inprogress_0
2023-12-13 18:49:47,011 [s1-server-thread2] DEBUG server.RaftServer$Division (RaftServerImpl.java:logAppendEntries(1504)) - s1@group-CD21F7930502: succeeded to handle AppendEntries. Reply: s0<-s1#1:OK-t1,SUCCESS,nextIndex=1,followerCommit=-1,matchIndex=0
2023-12-13 18:49:47,011 [s2-server-thread2] DEBUG server.RaftServer$Division (RaftServerImpl.java:logAppendEntries(1504)) - s2@group-CD21F7930502: succeeded to handle AppendEntries. Reply: s0<-s2#1:OK-t1,SUCCESS,nextIndex=1,followerCommit=-1,matchIndex=0
2023-12-13 18:49:47,015 [s0@group-CD21F7930502-StateMachineUpdater] TRACE util.FileUtils (LogUtils.java:supplyAndLog(69)) - Successfully supplied FileChannel.open /home/runner/work/ratis/ratis/ratis-test/target/test/data/b8de9602/MiniRaftClusterWithGrpcf0961638/s0/d34b0aba-0684-48bf-9332-cd21f7930502/current/raft-meta.conf.tmp with options [CREATE, WRITE]: sun.nio.ch.FileChannelImpl@69abd48a
2023-12-13 18:49:47,016 [s0@group-CD21F7930502-StateMachineUpdater] TRACE util.FileUtils (LogUtils.java:runAndLog(49)) - Successfully ran Atomic Files.move /home/runner/work/ratis/ratis/ratis-test/target/test/data/b8de9602/MiniRaftClusterWithGrpcf0961638/s0/d34b0aba-0684-48bf-9332-cd21f7930502/current/raft-meta.conf.tmp to /home/runner/work/ratis/ratis/ratis-test/target/test/data/b8de9602/MiniRaftClusterWithGrpcf0961638/s0/d34b0aba-0684-48bf-9332-cd21f7930502/current/raft-meta.conf with options [REPLACE_EXISTING]
2023-12-13 18:49:47,017 [s0@group-CD21F7930502-StateMachineUpdater] INFO  server.RaftServer$Division (LeaderStateImpl.java:isApplied(320)) - leader is ready since appliedIndex == 0 >= startIndex == 0
2023-12-13 18:49:47,767 [s1@group-CD21F7930502-StateMachineUpdater] TRACE util.FileUtils (LogUtils.java:supplyAndLog(69)) - Successfully supplied FileChannel.open /home/runner/work/ratis/ratis/ratis-test/target/test/data/b8de9602/MiniRaftClusterWithGrpcf0961638/s1/d34b0aba-0684-48bf-9332-cd21f7930502/current/raft-meta.conf.tmp with options [CREATE, WRITE]: sun.nio.ch.FileChannelImpl@539da53c
2023-12-13 18:49:47,767 [s2@group-CD21F7930502-StateMachineUpdater] TRACE util.FileUtils (LogUtils.java:supplyAndLog(69)) - Successfully supplied FileChannel.open /home/runner/work/ratis/ratis/ratis-test/target/test/data/b8de9602/MiniRaftClusterWithGrpcf0961638/s2/d34b0aba-0684-48bf-9332-cd21f7930502/current/raft-meta.conf.tmp with options [CREATE, WRITE]: sun.nio.ch.FileChannelImpl@e5d4109
2023-12-13 18:49:47,770 [s2@group-CD21F7930502-StateMachineUpdater] TRACE util.FileUtils (LogUtils.java:runAndLog(49)) - Successfully ran Atomic Files.move /home/runner/work/ratis/ratis/ratis-test/target/test/data/b8de9602/MiniRaftClusterWithGrpcf0961638/s2/d34b0aba-0684-48bf-9332-cd21f7930502/current/raft-meta.conf.tmp to /home/runner/work/ratis/ratis/ratis-test/target/test/data/b8de9602/MiniRaftClusterWithGrpcf0961638/s2/d34b0aba-0684-48bf-9332-cd21f7930502/current/raft-meta.conf with options [REPLACE_EXISTING]
2023-12-13 18:49:47,770 [s1@group-CD21F7930502-StateMachineUpdater] TRACE util.FileUtils (LogUtils.java:runAndLog(49)) - Successfully ran Atomic Files.move /home/runner/work/ratis/ratis/ratis-test/target/test/data/b8de9602/MiniRaftClusterWithGrpcf0961638/s1/d34b0aba-0684-48bf-9332-cd21f7930502/current/raft-meta.conf.tmp to /home/runner/work/ratis/ratis/ratis-test/target/test/data/b8de9602/MiniRaftClusterWithGrpcf0961638/s1/d34b0aba-0684-48bf-9332-cd21f7930502/current/raft-meta.conf with options [REPLACE_EXISTING]
2023-12-13 18:49:48,225 [Time-limited test] INFO  ratis.RaftTestUtil (RaftTestUtil.java:waitForLeader(124)) - printing ALL groups
  s0:  RUNNING    LEADER s0@group-CD21F7930502:t1, leader=s0, voted=s0, raftlog=Memoized:s0@group-CD21F7930502-SegmentedRaftLog:OPENED:c0, conf=0: peers:[s0|0.0.0.0:45675, s1|0.0.0.0:36295, s2|0.0.0.0:46415]|listeners:[], old=null RUNNING
  s1:  RUNNING  FOLLOWER s1@group-CD21F7930502:t1, leader=s0, voted=s0, raftlog=Memoized:s1@group-CD21F7930502-SegmentedRaftLog:OPENED:c0, conf=0: peers:[s0|0.0.0.0:45675, s1|0.0.0.0:36295, s2|0.0.0.0:46415]|listeners:[], old=null RUNNING
  s2:  RUNNING  FOLLOWER s2@group-CD21F7930502:t1, leader=s0, voted=s0, raftlog=Memoized:s2@group-CD21F7930502-SegmentedRaftLog:OPENED:c0, conf=0: peers:[s0|0.0.0.0:45675, s1|0.0.0.0:36295, s2|0.0.0.0:46415]|listeners:[], old=null RUNNING
2023-12-13 18:49:49,226 [Time-limited test] INFO  impl.GroupManagementBaseTest (GroupManagementBaseTest.java:testSingleGroupRestart(206)) - restart servers
2023-12-13 18:49:49,226 [Time-limited test] INFO  impl.MiniRaftCluster (MiniRaftCluster.java:killServer(533)) - killServer s0
2023-12-13 18:49:49,226 [Time-limited test] INFO  server.RaftServer (RaftServerProxy.java:lambda$close$9(416)) - s0: close
2023-12-13 18:49:49,226 [Time-limited test] INFO  server.GrpcService (GrpcService.java:closeImpl(311)) - s0: shutdown server GrpcServerProtocolService now
2023-12-13 18:49:49,226 [s0-impl-thread1] INFO  server.RaftServer$Division (RaftServerImpl.java:lambda$close$3(516)) - s0@group-CD21F7930502: shutdown
2023-12-13 18:49:49,227 [s0-impl-thread1] INFO  util.JmxRegister (JmxRegister.java:unregister(73)) - Successfully un-registered JMX Bean with object name Ratis:service=RaftServer,group=group-CD21F7930502,id=s0
2023-12-13 18:49:49,227 [s0-impl-thread1] INFO  impl.RoleInfo (RoleInfo.java:shutdownLeaderState(94)) - s0: shutdown s0@group-CD21F7930502-LeaderStateImpl
2023-12-13 18:49:49,227 [Thread-73] INFO  server.GrpcServerProtocolClient (GrpcServerProtocolClient.java:close(103)) - s2 Close channels
2023-12-13 18:49:49,227 [s0@group-CD21F7930502->s1-GrpcLogAppender-LogAppenderDaemon] WARN  server.GrpcLogAppender (GrpcLogAppender.java:mayWait(279)) - s0@group-CD21F7930502->s1-GrpcLogAppender: Wait interrupted by java.lang.InterruptedException
2023-12-13 18:49:49,228 [s0-impl-thread1] INFO  impl.PendingRequests (PendingRequests.java:sendNotLeaderResponses(289)) - s0@group-CD21F7930502-PendingRequests: sendNotLeaderResponses
2023-12-13 18:49:49,229 [Thread-72] INFO  server.GrpcServerProtocolClient (GrpcServerProtocolClient.java:close(103)) - s1 Close channels
2023-12-13 18:49:49,229 [grpc-default-executor-2] INFO  server.GrpcServerProtocolService (GrpcServerProtocolService.java:onCompleted(157)) - s1: Completed APPEND_ENTRIES, lastRequest: null
2023-12-13 18:49:49,229 [s0@group-CD21F7930502->s2-GrpcLogAppender-LogAppenderDaemon] WARN  server.GrpcLogAppender (GrpcLogAppender.java:mayWait(279)) - s0@group-CD21F7930502->s2-GrpcLogAppender: Wait interrupted by java.lang.InterruptedException
2023-12-13 18:49:49,230 [s0-impl-thread1] INFO  impl.StateMachineUpdater (StateMachineUpdater.java:stopAndJoin(157)) - s0@group-CD21F7930502-StateMachineUpdater: set stopIndex = 0
2023-12-13 18:49:49,231 [s0-impl-thread1] INFO  server.RaftServer$Division (ServerState.java:close(423)) - s0@group-CD21F7930502: applyIndex: 0
2023-12-13 18:49:49,232 [s0@group-CD21F7930502-cacheEviction-AwaitToRun] INFO  util.AwaitToRun (AwaitToRun.java:run(49)) - s0@group-CD21F7930502-cacheEviction-AwaitToRun-AwaitForSignal is interrupted
2023-12-13 18:49:49,232 [grpc-default-executor-1] INFO  server.GrpcServerProtocolService (GrpcServerProtocolService.java:onCompleted(157)) - s2: Completed APPEND_ENTRIES, lastRequest: null
2023-12-13 18:49:49,233 [grpc-default-executor-3] INFO  server.GrpcServerProtocolService (GrpcServerProtocolService.java:onCompleted(157)) - s2: Completed APPEND_ENTRIES, lastRequest: s0->s2#1-t1,previous=(t:0, i:0),leaderCommit=-1,initializing? false,entries: size=1, first=(t:1, i:0), CONFIGURATIONENTRY(current:id: "s0"
address: "0.0.0.0:45675"
clientAddress: "0.0.0.0:45675"
adminAddress: "0.0.0.0:45675"
startupRole: FOLLOWER
,id: "s1"
address: "0.0.0.0:36295"
clientAddress: "0.0.0.0:36295"
adminAddress: "0.0.0.0:36295"
startupRole: FOLLOWER
,id: "s2"
address: "0.0.0.0:46415"
clientAddress: "0.0.0.0:46415"
adminAddress: "0.0.0.0:46415"
startupRole: FOLLOWER
, old:)
2023-12-13 18:49:49,232 [grpc-default-executor-0] INFO  server.GrpcServerProtocolService (GrpcServerProtocolService.java:onCompleted(157)) - s1: Completed APPEND_ENTRIES, lastRequest: s0->s1#1-t1,previous=(t:0, i:0),leaderCommit=-1,initializing? false,entries: size=1, first=(t:1, i:0), CONFIGURATIONENTRY(current:id: "s0"
address: "0.0.0.0:45675"
clientAddress: "0.0.0.0:45675"
adminAddress: "0.0.0.0:45675"
startupRole: FOLLOWER
,id: "s1"
address: "0.0.0.0:36295"
clientAddress: "0.0.0.0:36295"
adminAddress: "0.0.0.0:36295"
startupRole: FOLLOWER
,id: "s2"
address: "0.0.0.0:46415"
clientAddress: "0.0.0.0:46415"
adminAddress: "0.0.0.0:46415"
startupRole: FOLLOWER
, old:)
2023-12-13 18:49:49,233 [grpc-default-executor-3] INFO  server.GrpcServerProtocolService (GrpcServerProtocolService.java:lambda$onCompleted$5(159)) - s2: Completed APPEND_ENTRIES, lastReply: null
2023-12-13 18:49:49,233 [grpc-default-executor-1] INFO  server.GrpcServerProtocolService (GrpcServerProtocolService.java:lambda$onCompleted$5(159)) - s2: Completed APPEND_ENTRIES, lastReply: serverReply {
  requestorId: "s0"
  replyId: "s2"
  raftGroupId {
    id: "\323K\n\272\006\204H\277\2232\315!\367\223\005\002"
  }
  callId: 4
  success: true
}
term: 1
nextIndex: 1
matchIndex: 18446744073709551615
isHearbeat: true

2023-12-13 18:49:49,233 [grpc-default-executor-2] INFO  server.GrpcServerProtocolService (GrpcServerProtocolService.java:lambda$onCompleted$5(159)) - s1: Completed APPEND_ENTRIES, lastReply: serverReply {
  requestorId: "s0"
  replyId: "s1"
  raftGroupId {
    id: "\323K\n\272\006\204H\277\2232\315!\367\223\005\002"
  }
  callId: 6
  success: true
}
term: 1
nextIndex: 1
matchIndex: 18446744073709551615
isHearbeat: true

2023-12-13 18:49:49,234 [grpc-default-executor-3] INFO  server.GrpcLogAppender (GrpcLogAppender.java:onCompleted(534)) - s0@group-CD21F7930502->s2-AppendLogResponseHandler: follower responses appendEntries COMPLETED
2023-12-13 18:49:49,233 [grpc-default-executor-0] INFO  server.GrpcServerProtocolService (GrpcServerProtocolService.java:lambda$onCompleted$5(159)) - s1: Completed APPEND_ENTRIES, lastReply: null
2023-12-13 18:49:49,239 [grpc-default-executor-3] WARN  server.GrpcLogAppender (GrpcLogAppender.java:resetClient(216)) - s0@group-CD21F7930502->s2-GrpcLogAppender: Failed to getClient for s2
org.apache.ratis.protocol.exceptions.AlreadyClosedException: s0 is already CLOSED
	at org.apache.ratis.util.PeerProxyMap$PeerAndProxy.getProxy(PeerProxyMap.java:65)
	at org.apache.ratis.util.PeerProxyMap.getProxy(PeerProxyMap.java:114)
	at org.apache.ratis.grpc.server.GrpcLogAppender.getClient(GrpcLogAppender.java:188)
	at org.apache.ratis.grpc.server.GrpcLogAppender.resetClient(GrpcLogAppender.java:193)
	at org.apache.ratis.grpc.server.GrpcLogAppender.access$700(GrpcLogAppender.java:61)
	at org.apache.ratis.grpc.server.GrpcLogAppender$AppendLogResponseHandler.onCompleted(GrpcLogAppender.java:535)
	at org.apache.ratis.thirdparty.io.grpc.stub.ClientCalls$StreamObserverToCallListenerAdapter.onClose(ClientCalls.java:479)
	at org.apache.ratis.thirdparty.io.grpc.internal.ClientCallImpl.closeObserver(ClientCallImpl.java:567)
	at org.apache.ratis.thirdparty.io.grpc.internal.ClientCallImpl.access$300(ClientCallImpl.java:71)
	at org.apache.ratis.thirdparty.io.grpc.internal.ClientCallImpl$ClientStreamListenerImpl$1StreamClosed.runInternal(ClientCallImpl.java:735)
	at org.apache.ratis.thirdparty.io.grpc.internal.ClientCallImpl$ClientStreamListenerImpl$1StreamClosed.runInContext(ClientCallImpl.java:716)
	at org.apache.ratis.thirdparty.io.grpc.internal.ContextRunnable.run(ContextRunnable.java:37)
	at org.apache.ratis.thirdparty.io.grpc.internal.SerializingExecutor.run(SerializingExecutor.java:133)
	at java.base/java.util.concurrent.ThreadPoolExecutor.runWorker(ThreadPoolExecutor.java:1128)
	at java.base/java.util.concurrent.ThreadPoolExecutor$Worker.run(ThreadPoolExecutor.java:628)
	at java.base/java.lang.Thread.run(Thread.java:829)
2023-12-13 18:49:49,239 [grpc-default-executor-1] INFO  server.GrpcLogAppender (GrpcLogAppender.java:onCompleted(534)) - s0@group-CD21F7930502->s2-AppendLogResponseHandler: follower responses appendEntries COMPLETED
2023-12-13 18:49:49,239 [grpc-default-executor-1] WARN  server.GrpcLogAppender (GrpcLogAppender.java:resetClient(216)) - s0@group-CD21F7930502->s2-GrpcLogAppender: Failed to getClient for s2
org.apache.ratis.protocol.exceptions.AlreadyClosedException: s0 is already CLOSED
	at org.apache.ratis.util.PeerProxyMap$PeerAndProxy.getProxy(PeerProxyMap.java:65)
	at org.apache.ratis.util.PeerProxyMap.getProxy(PeerProxyMap.java:114)
	at org.apache.ratis.grpc.server.GrpcLogAppender.getClient(GrpcLogAppender.java:188)
	at org.apache.ratis.grpc.server.GrpcLogAppender.resetClient(GrpcLogAppender.java:193)
	at org.apache.ratis.grpc.server.GrpcLogAppender.access$700(GrpcLogAppender.java:61)
	at org.apache.ratis.grpc.server.GrpcLogAppender$AppendLogResponseHandler.onCompleted(GrpcLogAppender.java:535)
	at org.apache.ratis.thirdparty.io.grpc.stub.ClientCalls$StreamObserverToCallListenerAdapter.onClose(ClientCalls.java:479)
	at org.apache.ratis.thirdparty.io.grpc.internal.ClientCallImpl.closeObserver(ClientCallImpl.java:567)
	at org.apache.ratis.thirdparty.io.grpc.internal.ClientCallImpl.access$300(ClientCallImpl.java:71)
	at org.apache.ratis.thirdparty.io.grpc.internal.ClientCallImpl$ClientStreamListenerImpl$1StreamClosed.runInternal(ClientCallImpl.java:735)
	at org.apache.ratis.thirdparty.io.grpc.internal.ClientCallImpl$ClientStreamListenerImpl$1StreamClosed.runInContext(ClientCallImpl.java:716)
	at org.apache.ratis.thirdparty.io.grpc.internal.ContextRunnable.run(ContextRunnable.java:37)
	at org.apache.ratis.thirdparty.io.grpc.internal.SerializingExecutor.run(SerializingExecutor.java:133)
	at java.base/java.util.concurrent.ThreadPoolExecutor.runWorker(ThreadPoolExecutor.java:1128)
	at java.base/java.util.concurrent.ThreadPoolExecutor$Worker.run(ThreadPoolExecutor.java:628)
	at java.base/java.lang.Thread.run(Thread.java:829)
2023-12-13 18:49:49,239 [grpc-default-executor-2] INFO  server.GrpcLogAppender (GrpcLogAppender.java:onCompleted(534)) - s0@group-CD21F7930502->s1-AppendLogResponseHandler: follower responses appendEntries COMPLETED
2023-12-13 18:49:49,239 [grpc-default-executor-3] INFO  server.GrpcLogAppender (GrpcLogAppender.java:onCompleted(534)) - s0@group-CD21F7930502->s1-AppendLogResponseHandler: follower responses appendEntries COMPLETED
2023-12-13 18:49:49,240 [grpc-default-executor-2] WARN  server.GrpcLogAppender (GrpcLogAppender.java:resetClient(216)) - s0@group-CD21F7930502->s1-GrpcLogAppender: Failed to getClient for s1
org.apache.ratis.protocol.exceptions.AlreadyClosedException: s0 is already CLOSED
	at org.apache.ratis.util.PeerProxyMap$PeerAndProxy.getProxy(PeerProxyMap.java:65)
	at org.apache.ratis.util.PeerProxyMap.getProxy(PeerProxyMap.java:114)
	at org.apache.ratis.grpc.server.GrpcLogAppender.getClient(GrpcLogAppender.java:188)
	at org.apache.ratis.grpc.server.GrpcLogAppender.resetClient(GrpcLogAppender.java:193)
	at org.apache.ratis.grpc.server.GrpcLogAppender.access$700(GrpcLogAppender.java:61)
	at org.apache.ratis.grpc.server.GrpcLogAppender$AppendLogResponseHandler.onCompleted(GrpcLogAppender.java:535)
	at org.apache.ratis.thirdparty.io.grpc.stub.ClientCalls$StreamObserverToCallListenerAdapter.onClose(ClientCalls.java:479)
	at org.apache.ratis.thirdparty.io.grpc.internal.DelayedClientCall$DelayedListener$3.run(DelayedClientCall.java:489)
	at org.apache.ratis.thirdparty.io.grpc.internal.DelayedClientCall$DelayedListener.delayOrExecute(DelayedClientCall.java:453)
	at org.apache.ratis.thirdparty.io.grpc.internal.DelayedClientCall$DelayedListener.onClose(DelayedClientCall.java:486)
	at org.apache.ratis.thirdparty.io.grpc.internal.ClientCallImpl.closeObserver(ClientCallImpl.java:567)
	at org.apache.ratis.thirdparty.io.grpc.internal.ClientCallImpl.access$300(ClientCallImpl.java:71)
	at org.apache.ratis.thirdparty.io.grpc.internal.ClientCallImpl$ClientStreamListenerImpl$1StreamClosed.runInternal(ClientCallImpl.java:735)
	at org.apache.ratis.thirdparty.io.grpc.internal.ClientCallImpl$ClientStreamListenerImpl$1StreamClosed.runInContext(ClientCallImpl.java:716)
	at org.apache.ratis.thirdparty.io.grpc.internal.ContextRunnable.run(ContextRunnable.java:37)
	at org.apache.ratis.thirdparty.io.grpc.internal.SerializingExecutor.run(SerializingExecutor.java:133)
	at java.base/java.util.concurrent.ThreadPoolExecutor.runWorker(ThreadPoolExecutor.java:1128)
	at java.base/java.util.concurrent.ThreadPoolExecutor$Worker.run(ThreadPoolExecutor.java:628)
	at java.base/java.lang.Thread.run(Thread.java:829)
2023-12-13 18:49:49,240 [grpc-default-executor-3] WARN  server.GrpcLogAppender (GrpcLogAppender.java:resetClient(216)) - s0@group-CD21F7930502->s1-GrpcLogAppender: Failed to getClient for s1
org.apache.ratis.protocol.exceptions.AlreadyClosedException: s0 is already CLOSED
	at org.apache.ratis.util.PeerProxyMap$PeerAndProxy.getProxy(PeerProxyMap.java:65)
	at org.apache.ratis.util.PeerProxyMap.getProxy(PeerProxyMap.java:114)
	at org.apache.ratis.grpc.server.GrpcLogAppender.getClient(GrpcLogAppender.java:188)
	at org.apache.ratis.grpc.server.GrpcLogAppender.resetClient(GrpcLogAppender.java:193)
	at org.apache.ratis.grpc.server.GrpcLogAppender.access$700(GrpcLogAppender.java:61)
	at org.apache.ratis.grpc.server.GrpcLogAppender$AppendLogResponseHandler.onCompleted(GrpcLogAppender.java:535)
	at org.apache.ratis.thirdparty.io.grpc.stub.ClientCalls$StreamObserverToCallListenerAdapter.onClose(ClientCalls.java:479)
	at org.apache.ratis.thirdparty.io.grpc.internal.ClientCallImpl.closeObserver(ClientCallImpl.java:567)
	at org.apache.ratis.thirdparty.io.grpc.internal.ClientCallImpl.access$300(ClientCallImpl.java:71)
	at org.apache.ratis.thirdparty.io.grpc.internal.ClientCallImpl$ClientStreamListenerImpl$1StreamClosed.runInternal(ClientCallImpl.java:735)
	at org.apache.ratis.thirdparty.io.grpc.internal.ClientCallImpl$ClientStreamListenerImpl$1StreamClosed.runInContext(ClientCallImpl.java:716)
	at org.apache.ratis.thirdparty.io.grpc.internal.ContextRunnable.run(ContextRunnable.java:37)
	at org.apache.ratis.thirdparty.io.grpc.internal.SerializingExecutor.run(SerializingExecutor.java:133)
	at java.base/java.util.concurrent.ThreadPoolExecutor.runWorker(ThreadPoolExecutor.java:1128)
	at java.base/java.util.concurrent.ThreadPoolExecutor$Worker.run(ThreadPoolExecutor.java:628)
	at java.base/java.lang.Thread.run(Thread.java:829)
2023-12-13 18:49:49,241 [Time-limited test] INFO  server.GrpcService (GrpcService.java:closeImpl(320)) - s0: shutdown server GrpcServerProtocolService successfully
2023-12-13 18:49:49,902 [s0-impl-thread1] INFO  segmented.SegmentedRaftLogWorker (SegmentedRaftLogWorker.java:close(245)) - s0@group-CD21F7930502-SegmentedRaftLogWorker close()
2023-12-13 18:49:49,903 [JvmPauseMonitor2] INFO  util.JvmPauseMonitor (JvmPauseMonitor.java:run(152)) - JvmPauseMonitor-s0: Stopped
2023-12-13 18:49:49,903 [Time-limited test] INFO  impl.MiniRaftCluster (MiniRaftCluster.java:newRaftServer(382)) - newRaftServer: s0, null, format? false
2023-12-13 18:49:49,903 [Time-limited test] DEBUG server.RaftServer (ServerImplUtils.java:newRaftServer(51)) - newRaftServer: s0, null
2023-12-13 18:49:49,904 [Time-limited test] INFO  server.RaftServer (ConfUtils.java:logGet(46)) - raft.rpc.type = GRPC (default)
2023-12-13 18:49:49,904 [Time-limited test] INFO  grpc.GrpcConfigKeys (ConfUtils.java:logFallback(53)) - raft.grpc.admin.host = null (fallback to raft.grpc.server.host)
2023-12-13 18:49:49,904 [Time-limited test] INFO  grpc.GrpcConfigKeys (ConfUtils.java:logGet(46)) - raft.grpc.admin.port = 45675 (custom)
2023-12-13 18:49:49,904 [Time-limited test] INFO  grpc.GrpcConfigKeys (ConfUtils.java:logFallback(53)) - raft.grpc.client.host = null (fallback to raft.grpc.server.host)
2023-12-13 18:49:49,904 [Time-limited test] INFO  grpc.GrpcConfigKeys (ConfUtils.java:logGet(46)) - raft.grpc.client.port = 45675 (custom)
2023-12-13 18:49:49,904 [Time-limited test] INFO  grpc.GrpcConfigKeys (ConfUtils.java:logGet(46)) - raft.grpc.server.host = null (default)
2023-12-13 18:49:49,904 [Time-limited test] INFO  grpc.GrpcConfigKeys (ConfUtils.java:logGet(46)) - raft.grpc.server.port = 45675 (custom)
2023-12-13 18:49:49,904 [Time-limited test] INFO  server.GrpcService (ConfUtils.java:logGet(46)) - raft.grpc.message.size.max = 64MB (=67108864) (default)
2023-12-13 18:49:49,904 [Time-limited test] INFO  server.RaftServerConfigKeys (ConfUtils.java:logGet(46)) - raft.server.log.appender.buffer.byte-limit = 4MB (=4194304) (default)
2023-12-13 18:49:49,904 [Time-limited test] INFO  server.GrpcService (ConfUtils.java:logGet(46)) - raft.grpc.flow.control.window = 1MB (=1048576) (default)
2023-12-13 18:49:49,904 [Time-limited test] INFO  server.RaftServerConfigKeys (ConfUtils.java:logGet(46)) - raft.server.rpc.request.timeout = 3000ms (default)
2023-12-13 18:49:49,905 [Time-limited test] INFO  grpc.GrpcConfigKeys (ConfUtils.java:logGet(46)) - raft.grpc.server.heartbeat.channel = true (default)
2023-12-13 18:49:49,905 [Time-limited test] INFO  grpc.GrpcConfigKeys (ConfUtils.java:logGet(46)) - raft.grpc.server.async.request.thread.pool.cached = true (default)
2023-12-13 18:49:49,905 [Time-limited test] INFO  grpc.GrpcConfigKeys (ConfUtils.java:logGet(46)) - raft.grpc.server.async.request.thread.pool.size = 32 (default)
2023-12-13 18:49:49,905 [Time-limited test] INFO  impl.DataStreamServerImpl (ConfUtils.java:logGet(46)) - raft.datastream.type = DISABLED (default)
2023-12-13 18:49:49,906 [Time-limited test] INFO  server.RaftServerConfigKeys (ConfUtils.java:logGet(46)) - raft.server.sleep.deviation.threshold = 300ms (default)
2023-12-13 18:49:49,906 [Time-limited test] INFO  server.RaftServerConfigKeys (ConfUtils.java:logGet(46)) - raft.server.close.threshold = 60s (default)
2023-12-13 18:49:49,906 [Time-limited test] INFO  server.RaftServerConfigKeys (ConfUtils.java:logGet(46)) - raft.server.leaderelection.leader.step-down.wait-time = 10s (default)
2023-12-13 18:49:49,906 [Time-limited test] INFO  server.RaftServerConfigKeys (ConfUtils.java:logGet(46)) - raft.server.storage.dir = [/home/runner/work/ratis/ratis/ratis-test/target/test/data/b8de9602/MiniRaftClusterWithGrpcf0961638/s0] (custom)
2023-12-13 18:49:49,906 [Time-limited test] INFO  server.RaftServerConfigKeys (ConfUtils.java:logGet(46)) - raft.server.threadpool.proxy.cached = true (default)
2023-12-13 18:49:49,906 [Time-limited test] INFO  server.RaftServerConfigKeys (ConfUtils.java:logGet(46)) - raft.server.threadpool.proxy.size = 0 (default)
2023-12-13 18:49:49,906 [s0-impl-thread1] INFO  server.RaftServer (RaftServerProxy.java:initGroupDir(264)) - s0: found a subdirectory /home/runner/work/ratis/ratis/ratis-test/target/test/data/b8de9602/MiniRaftClusterWithGrpcf0961638/s0/d34b0aba-0684-48bf-9332-cd21f7930502
2023-12-13 18:49:49,907 [s0-impl-thread1] INFO  server.RaftServer (RaftServerProxy.java:addNew(100)) - s0: addNew group-CD21F7930502:[] returns group-CD21F7930502:java.util.concurrent.CompletableFuture@354ca15e[Not completed]
2023-12-13 18:49:49,907 [s0-groupManagement] INFO  server.RaftServer$Division (RaftServerImpl.java:<init>(256)) - s0: new RaftServerImpl for group-CD21F7930502:[] with BaseStateMachine:uninitialized
2023-12-13 18:49:49,907 [s0-groupManagement] INFO  server.RaftServerConfigKeys (ConfUtils.java:logGet(46)) - raft.server.rpc.timeout.min = 1500ms (custom)
2023-12-13 18:49:49,907 [s0-groupManagement] INFO  server.RaftServerConfigKeys (ConfUtils.java:logGet(46)) - raft.server.rpc.timeout.max = 2000ms (custom)
2023-12-13 18:49:49,907 [s0-groupManagement] INFO  server.RaftServerConfigKeys (ConfUtils.java:logGet(46)) - raft.server.rpc.sleep.time = 25ms (default)
2023-12-13 18:49:49,907 [s0-groupManagement] INFO  server.RaftServerConfigKeys (ConfUtils.java:logGet(46)) - raft.server.rpc.slowness.timeout = 60s (default)
2023-12-13 18:49:49,907 [s0-groupManagement] INFO  server.RaftServerConfigKeys (ConfUtils.java:logGet(46)) - raft.server.leaderelection.leader.step-down.wait-time = 10s (default)
2023-12-13 18:49:49,907 [s0-groupManagement] INFO  server.RaftServerConfigKeys (ConfUtils.java:logGet(46)) - raft.server.leaderelection.member.majority-add = false (default)
2023-12-13 18:49:49,907 [s0-groupManagement] INFO  server.RaftServerConfigKeys (ConfUtils.java:logGet(46)) - raft.server.sleep.deviation.threshold = 300ms (default)
2023-12-13 18:49:49,907 [s0-groupManagement] INFO  server.RaftServer$Division (ServerState.java:<init>(113)) - s0@group-CD21F7930502: ConfigurationManager, init=-1: peers:[]|listeners:[], old=null, confs=<EMPTY_MAP>
2023-12-13 18:49:49,908 [s0-groupManagement] INFO  server.RaftServerConfigKeys (ConfUtils.java:logGet(46)) - raft.server.notification.no-leader.timeout = 60s (default)
2023-12-13 18:49:49,908 [s0-groupManagement] INFO  server.RaftServerConfigKeys (ConfUtils.java:logGet(46)) - raft.server.read.timeout = 10s (default)
2023-12-13 18:49:49,908 [s0-groupManagement] INFO  server.RaftServerConfigKeys (ConfUtils.java:logGet(46)) - raft.server.retrycache.expirytime = 60s (default)
2023-12-13 18:49:49,908 [s0-groupManagement] INFO  server.RaftServerConfigKeys (ConfUtils.java:logGet(46)) - raft.server.retrycache.statistics.expirytime = 100ms (default)
2023-12-13 18:49:49,908 [s0-groupManagement] INFO  server.RaftServerConfigKeys (ConfUtils.java:logGet(46)) - raft.server.read.option = DEFAULT (default)
2023-12-13 18:49:49,908 [s0-groupManagement] INFO  server.RaftServerConfigKeys (ConfUtils.java:logGet(46)) - raft.server.read.read-after-write-consistent.write-index-cache.expiry-time = 60s (default)
2023-12-13 18:49:49,909 [s0-groupManagement] INFO  server.RaftServerConfigKeys (ConfUtils.java:logGet(46)) - raft.server.rpc.request.timeout = 3000ms (default)
2023-12-13 18:49:49,909 [s0-groupManagement] INFO  server.RaftServerConfigKeys (ConfUtils.java:logGet(46)) - raft.server.log.appender.install.snapshot.enabled = true (default)
2023-12-13 18:49:49,909 [s0-groupManagement] INFO  server.RaftServerConfigKeys (ConfUtils.java:logGet(46)) - raft.server.threadpool.server.cached = true (default)
2023-12-13 18:49:49,909 [s0-groupManagement] INFO  server.RaftServerConfigKeys (ConfUtils.java:logGet(46)) - raft.server.threadpool.server.size = 0 (default)
2023-12-13 18:49:49,909 [s0-groupManagement] INFO  server.RaftServerConfigKeys (ConfUtils.java:logGet(46)) - raft.server.threadpool.client.cached = true (default)
2023-12-13 18:49:49,909 [s0-groupManagement] INFO  server.RaftServerConfigKeys (ConfUtils.java:logGet(46)) - raft.server.threadpool.client.size = 0 (default)
2023-12-13 18:49:49,910 [s0-impl-thread1] INFO  server.RaftServerConfigKeys (ConfUtils.java:logGet(46)) - raft.server.storage.free-space.min = 0MB (=0) (default)
2023-12-13 18:49:49,910 [s0-impl-thread1] INFO  server.RaftServerConfigKeys (ConfUtils.java:logGet(46)) - raft.server.log.corruption.policy = EXCEPTION (default)
2023-12-13 18:49:49,910 [s0-impl-thread1] INFO  server.RaftServerConfigKeys (ConfUtils.java:logGet(46)) - raft.server.storage.dir = [/home/runner/work/ratis/ratis/ratis-test/target/test/data/b8de9602/MiniRaftClusterWithGrpcf0961638/s0] (custom)
2023-12-13 18:49:49,911 [s0-impl-thread1] INFO  storage.RaftStorageDirectory (RaftStorageDirectoryImpl.java:tryLock(228)) - Lock on /home/runner/work/ratis/ratis/ratis-test/target/test/data/b8de9602/MiniRaftClusterWithGrpcf0961638/s0/d34b0aba-0684-48bf-9332-cd21f7930502/in_use.lock acquired by nodename 24599@fv-az743-812
2023-12-13 18:49:49,911 [s0-impl-thread1] TRACE util.FileUtils (LogUtils.java:runAndLog(49)) - Successfully ran Files.deleteIfExists /home/runner/work/ratis/ratis/ratis-test/target/test/data/b8de9602/MiniRaftClusterWithGrpcf0961638/s0/d34b0aba-0684-48bf-9332-cd21f7930502/current/raft-meta.tmp
2023-12-13 18:49:49,911 [s0-impl-thread1] TRACE util.FileUtils (LogUtils.java:supplyAndLog(69)) - Successfully supplied Files.newInputStream /home/runner/work/ratis/ratis/ratis-test/target/test/data/b8de9602/MiniRaftClusterWithGrpcf0961638/s0/d34b0aba-0684-48bf-9332-cd21f7930502/current/raft-meta with options []: sun.nio.ch.ChannelInputStream@7471ab65
2023-12-13 18:49:49,911 [s0-impl-thread1] INFO  storage.RaftStorage (RaftStorageImpl.java:analyzeAndRecoverStorage(119)) - Read RaftStorageMetadata{term=1, votedFor=s0} from /home/runner/work/ratis/ratis/ratis-test/target/test/data/b8de9602/MiniRaftClusterWithGrpcf0961638/s0/d34b0aba-0684-48bf-9332-cd21f7930502/current/raft-meta
2023-12-13 18:49:49,911 [s0-impl-thread1] TRACE util.FileUtils (LogUtils.java:supplyAndLog(69)) - Successfully supplied Files.newInputStream /home/runner/work/ratis/ratis/ratis-test/target/test/data/b8de9602/MiniRaftClusterWithGrpcf0961638/s0/d34b0aba-0684-48bf-9332-cd21f7930502/current/raft-meta.conf with options []: sun.nio.ch.ChannelInputStream@15595c14
2023-12-13 18:49:49,912 [s0-impl-thread1] INFO  server.RaftServer$Division (ServerState.java:setRaftConf(382)) - s0@group-CD21F7930502: set configuration 0: peers:[s0|0.0.0.0:45675, s1|0.0.0.0:36295, s2|0.0.0.0:46415]|listeners:[], old=null
2023-12-13 18:49:49,912 [s0-impl-thread1] INFO  server.RaftServerConfigKeys (ConfUtils.java:logGet(46)) - raft.server.log.use.memory = false (default)
2023-12-13 18:49:49,912 [s0-impl-thread1] INFO  server.RaftServerConfigKeys (ConfUtils.java:logGet(46)) - raft.server.log.purge.gap = 1024 (default)
2023-12-13 18:49:49,912 [s0-impl-thread1] INFO  server.RaftServerConfigKeys (ConfUtils.java:logGet(46)) - raft.server.log.appender.buffer.byte-limit = 4MB (=4194304) (default)
2023-12-13 18:49:49,912 [s0-impl-thread1] INFO  server.RaftServerConfigKeys (ConfUtils.java:logGet(46)) - raft.server.log.statemachine.data.read.timeout = 1000ms (default)
2023-12-13 18:49:49,912 [s0-impl-thread1] INFO  server.RaftServerConfigKeys (ConfUtils.java:logGet(46)) - raft.server.log.purge.preservation.log.num = 0 (default)
2023-12-13 18:49:49,913 [s0-impl-thread1] INFO  server.RaftServerConfigKeys (ConfUtils.java:logGet(46)) - raft.server.log.segment.size.max = 32MB (=33554432) (default)
2023-12-13 18:49:49,913 [s0-impl-thread1] INFO  server.RaftServerConfigKeys (ConfUtils.java:logGet(46)) - raft.server.log.segment.cache.num.max = 6 (default)
2023-12-13 18:49:49,913 [s0-impl-thread1] INFO  server.RaftServerConfigKeys (ConfUtils.java:logGet(46)) - raft.server.log.segment.cache.size.max = 200MB (=209715200) (default)
2023-12-13 18:49:49,913 [s0-impl-thread1] INFO  server.RaftServerConfigKeys (ConfUtils.java:logGet(46)) - raft.server.log.appender.buffer.byte-limit = 4MB (=4194304) (default)
2023-12-13 18:49:49,913 [s0-impl-thread1] INFO  util.AwaitToRun (AwaitToRun.java:start(81)) - Thread[s0@group-CD21F7930502-cacheEviction-AwaitToRun,5,main] started
2023-12-13 18:49:49,913 [s0-impl-thread1] INFO  segmented.SegmentedRaftLogWorker (SegmentedRaftLogWorker.java:<init>(182)) - new s0@group-CD21F7930502-SegmentedRaftLogWorker for RaftStorageImpl:Storage Directory /home/runner/work/ratis/ratis/ratis-test/target/test/data/b8de9602/MiniRaftClusterWithGrpcf0961638/s0/d34b0aba-0684-48bf-9332-cd21f7930502
2023-12-13 18:49:49,913 [s0-impl-thread1] INFO  server.RaftServerConfigKeys (ConfUtils.java:logGet(46)) - raft.server.log.queue.byte-limit = 64MB (=67108864) (default)
2023-12-13 18:49:49,913 [s0-impl-thread1] INFO  server.RaftServerConfigKeys (ConfUtils.java:logGet(46)) - raft.server.log.queue.element-limit = 4096 (default)
2023-12-13 18:49:49,913 [s0-impl-thread1] INFO  server.RaftServerConfigKeys (ConfUtils.java:logGet(46)) - raft.server.log.segment.size.max = 32MB (=33554432) (default)
2023-12-13 18:49:49,913 [s0-impl-thread1] INFO  server.RaftServerConfigKeys (ConfUtils.java:logGet(46)) - raft.server.log.preallocated.size = 4MB (=4194304) (default)
2023-12-13 18:49:49,913 [s0-impl-thread1] INFO  server.RaftServerConfigKeys (ConfUtils.java:logGet(46)) - raft.server.log.force.sync.num = 128 (default)
2023-12-13 18:49:49,913 [s0-impl-thread1] INFO  server.RaftServerConfigKeys (ConfUtils.java:logGet(46)) - raft.server.log.statemachine.data.sync = true (default)
2023-12-13 18:49:49,913 [s0-impl-thread1] INFO  server.RaftServerConfigKeys (ConfUtils.java:logGet(46)) - raft.server.log.statemachine.data.sync.timeout = 10s (default)
2023-12-13 18:49:49,913 [s0-impl-thread1] INFO  server.RaftServerConfigKeys (ConfUtils.java:logGet(46)) - raft.server.log.statemachine.data.sync.timeout.retry = -1 (default)
2023-12-13 18:49:49,914 [s0-impl-thread1] INFO  server.RaftServerConfigKeys (ConfUtils.java:logGet(46)) - raft.server.log.write.buffer.size = 8MB (=8388608) (default)
2023-12-13 18:49:49,915 [s0-impl-thread1] INFO  server.RaftServerConfigKeys (ConfUtils.java:logGet(46)) - raft.server.log.appender.buffer.byte-limit = 4MB (=4194304) (default)
2023-12-13 18:49:49,916 [s0-impl-thread1] INFO  server.RaftServerConfigKeys (ConfUtils.java:logGet(46)) - raft.server.log.unsafe-flush.enabled = false (default)
2023-12-13 18:49:49,916 [s0-impl-thread1] INFO  server.RaftServerConfigKeys (ConfUtils.java:logGet(46)) - raft.server.log.async-flush.enabled = false (default)
2023-12-13 18:49:49,916 [s0-impl-thread1] INFO  server.RaftServerConfigKeys (ConfUtils.java:logGet(46)) - raft.server.log.statemachine.data.caching.enabled = false (default)
2023-12-13 18:49:49,918 [s0-impl-thread1] TRACE util.FileUtils (LogUtils.java:supplyAndLog(69)) - Successfully supplied Files.newInputStream /home/runner/work/ratis/ratis/ratis-test/target/test/data/b8de9602/MiniRaftClusterWithGrpcf0961638/s0/d34b0aba-0684-48bf-9332-cd21f7930502/current/log_inprogress_0 with options []: sun.nio.ch.ChannelInputStream@39a52b15
2023-12-13 18:49:49,919 [s0-impl-thread1] INFO  server.RaftServer$Division (ServerState.java:setRaftConf(382)) - s0@group-CD21F7930502: set configuration 0: peers:[s0|0.0.0.0:45675, s1|0.0.0.0:36295, s2|0.0.0.0:46415]|listeners:[], old=null
2023-12-13 18:49:49,920 [s0-impl-thread1] INFO  segmented.LogSegment (LogSegment.java:loadSegment(170)) - Successfully read 1 entries from segment file /home/runner/work/ratis/ratis/ratis-test/target/test/data/b8de9602/MiniRaftClusterWithGrpcf0961638/s0/d34b0aba-0684-48bf-9332-cd21f7930502/current/log_inprogress_0
2023-12-13 18:49:49,920 [s0-impl-thread1] INFO  segmented.SegmentedRaftLogWorker (SegmentedRaftLogWorker.java:lambda$new$0(134)) - s0@group-CD21F7930502-SegmentedRaftLogWorker: safeCacheEvictIndex: setUnconditionally 0 -> -1
2023-12-13 18:49:49,920 [s0-impl-thread1] INFO  segmented.BufferedWriteChannel (BufferedWriteChannel.java:open(62)) - open log_inprogress_0 (append) at position 178
2023-12-13 18:49:49,920 [s0-impl-thread1] INFO  server.RaftServer$Division (RaftServerImpl.java:start(392)) - s0@group-CD21F7930502: start as a follower, conf=0: peers:[s0|0.0.0.0:45675, s1|0.0.0.0:36295, s2|0.0.0.0:46415]|listeners:[], old=null
2023-12-13 18:49:49,920 [s0-impl-thread1] INFO  server.RaftServer$Division (RaftServerImpl.java:setRole(379)) - s0@group-CD21F7930502: changes role from      null to FOLLOWER at term 1 for startAsFollower
2023-12-13 18:49:49,920 [s0-impl-thread1] INFO  impl.RoleInfo (RoleInfo.java:updateAndGet(139)) - s0: start s0@group-CD21F7930502-FollowerState
2023-12-13 18:49:49,920 [s0@group-CD21F7930502-FollowerState] INFO  server.RaftServerConfigKeys (ConfUtils.java:logFallback(53)) - raft.server.rpc.first-election.timeout.min = 1500ms (fallback to raft.server.rpc.timeout.min)
2023-12-13 18:49:49,920 [s0-impl-thread1] INFO  util.JmxRegister (JmxRegister.java:tryRegister(44)) - Successfully registered JMX Bean with object name Ratis:service=RaftServer,group=group-CD21F7930502,id=s0
2023-12-13 18:49:49,920 [s0@group-CD21F7930502-FollowerState] INFO  server.RaftServerConfigKeys (ConfUtils.java:logFallback(53)) - raft.server.rpc.first-election.timeout.max = 2000ms (fallback to raft.server.rpc.timeout.max)
2023-12-13 18:49:49,921 [s0-impl-thread1] INFO  server.RaftServerConfigKeys (ConfUtils.java:logGet(46)) - raft.server.snapshot.trigger-when-stop.enabled = true (default)
2023-12-13 18:49:49,921 [s0-impl-thread1] INFO  server.RaftServerConfigKeys (ConfUtils.java:logGet(46)) - raft.server.snapshot.auto.trigger.enabled = false (default)
2023-12-13 18:49:49,921 [s0-impl-thread1] INFO  server.RaftServerConfigKeys (ConfUtils.java:logGet(46)) - raft.server.snapshot.retention.file.num = -1 (default)
2023-12-13 18:49:49,921 [s0-impl-thread1] INFO  server.RaftServerConfigKeys (ConfUtils.java:logGet(46)) - raft.server.log.purge.upto.snapshot.index = false (default)
2023-12-13 18:49:49,921 [Time-limited test] INFO  server.RaftServer (RaftServerProxy.java:startImpl(406)) - s0: start RPC server
2023-12-13 18:49:49,922 [Time-limited test] INFO  server.GrpcService (GrpcService.java:startImpl(302)) - s0: GrpcService started, listening on 45675
2023-12-13 18:49:49,922 [Time-limited test] INFO  impl.MiniRaftCluster (MiniRaftCluster.java:killServer(533)) - killServer s1
2023-12-13 18:49:49,922 [JvmPauseMonitor5] INFO  util.JvmPauseMonitor (JvmPauseMonitor.java:run(146)) - JvmPauseMonitor-s0: Started
2023-12-13 18:49:49,922 [Time-limited test] INFO  server.RaftServer (RaftServerProxy.java:lambda$close$9(416)) - s1: close
2023-12-13 18:49:49,922 [Time-limited test] INFO  server.GrpcService (GrpcService.java:closeImpl(311)) - s1: shutdown server GrpcServerProtocolService now
2023-12-13 18:49:49,922 [s1-impl-thread1] INFO  server.RaftServer$Division (RaftServerImpl.java:lambda$close$3(516)) - s1@group-CD21F7930502: shutdown
2023-12-13 18:49:49,923 [s1-impl-thread1] INFO  util.JmxRegister (JmxRegister.java:unregister(73)) - Successfully un-registered JMX Bean with object name Ratis:service=RaftServer,group=group-CD21F7930502,id=s1
2023-12-13 18:49:49,923 [s1-impl-thread1] INFO  impl.RoleInfo (RoleInfo.java:shutdownFollowerState(110)) - s1: shutdown s1@group-CD21F7930502-FollowerState
2023-12-13 18:49:49,923 [s1-impl-thread1] INFO  impl.StateMachineUpdater (StateMachineUpdater.java:stopAndJoin(157)) - s1@group-CD21F7930502-StateMachineUpdater: set stopIndex = 0
2023-12-13 18:49:49,923 [s1@group-CD21F7930502-FollowerState] INFO  impl.FollowerState (FollowerState.java:run(152)) - s1@group-CD21F7930502-FollowerState was interrupted
2023-12-13 18:49:49,923 [s1-impl-thread1] INFO  server.RaftServer$Division (ServerState.java:close(423)) - s1@group-CD21F7930502: applyIndex: 0
2023-12-13 18:49:49,923 [s1@group-CD21F7930502-cacheEviction-AwaitToRun] INFO  util.AwaitToRun (AwaitToRun.java:run(49)) - s1@group-CD21F7930502-cacheEviction-AwaitToRun-AwaitForSignal is interrupted
2023-12-13 18:49:49,924 [Time-limited test] INFO  server.GrpcService (GrpcService.java:closeImpl(320)) - s1: shutdown server GrpcServerProtocolService successfully
2023-12-13 18:49:50,012 [s1-impl-thread1] INFO  segmented.SegmentedRaftLogWorker (SegmentedRaftLogWorker.java:close(245)) - s1@group-CD21F7930502-SegmentedRaftLogWorker close()
2023-12-13 18:49:50,013 [JvmPauseMonitor3] INFO  util.JvmPauseMonitor (JvmPauseMonitor.java:run(152)) - JvmPauseMonitor-s1: Stopped
2023-12-13 18:49:50,013 [Time-limited test] INFO  impl.MiniRaftCluster (MiniRaftCluster.java:newRaftServer(382)) - newRaftServer: s1, null, format? false
2023-12-13 18:49:50,013 [Time-limited test] DEBUG server.RaftServer (ServerImplUtils.java:newRaftServer(51)) - newRaftServer: s1, null
2023-12-13 18:49:50,013 [Time-limited test] INFO  server.RaftServer (ConfUtils.java:logGet(46)) - raft.rpc.type = GRPC (default)
2023-12-13 18:49:50,013 [Time-limited test] INFO  grpc.GrpcConfigKeys (ConfUtils.java:logFallback(53)) - raft.grpc.admin.host = null (fallback to raft.grpc.server.host)
2023-12-13 18:49:50,013 [Time-limited test] INFO  grpc.GrpcConfigKeys (ConfUtils.java:logGet(46)) - raft.grpc.admin.port = 36295 (custom)
2023-12-13 18:49:50,013 [Time-limited test] INFO  grpc.GrpcConfigKeys (ConfUtils.java:logFallback(53)) - raft.grpc.client.host = null (fallback to raft.grpc.server.host)
2023-12-13 18:49:50,013 [Time-limited test] INFO  grpc.GrpcConfigKeys (ConfUtils.java:logGet(46)) - raft.grpc.client.port = 36295 (custom)
2023-12-13 18:49:50,013 [Time-limited test] INFO  grpc.GrpcConfigKeys (ConfUtils.java:logGet(46)) - raft.grpc.server.host = null (default)
2023-12-13 18:49:50,013 [Time-limited test] INFO  grpc.GrpcConfigKeys (ConfUtils.java:logGet(46)) - raft.grpc.server.port = 36295 (custom)
2023-12-13 18:49:50,014 [Time-limited test] INFO  server.GrpcService (ConfUtils.java:logGet(46)) - raft.grpc.message.size.max = 64MB (=67108864) (default)
2023-12-13 18:49:50,014 [Time-limited test] INFO  server.RaftServerConfigKeys (ConfUtils.java:logGet(46)) - raft.server.log.appender.buffer.byte-limit = 4MB (=4194304) (default)
2023-12-13 18:49:50,014 [Time-limited test] INFO  server.GrpcService (ConfUtils.java:logGet(46)) - raft.grpc.flow.control.window = 1MB (=1048576) (default)
2023-12-13 18:49:50,014 [Time-limited test] INFO  server.RaftServerConfigKeys (ConfUtils.java:logGet(46)) - raft.server.rpc.request.timeout = 3000ms (default)
2023-12-13 18:49:50,014 [Time-limited test] INFO  grpc.GrpcConfigKeys (ConfUtils.java:logGet(46)) - raft.grpc.server.heartbeat.channel = true (default)
2023-12-13 18:49:50,014 [Time-limited test] INFO  grpc.GrpcConfigKeys (ConfUtils.java:logGet(46)) - raft.grpc.server.async.request.thread.pool.cached = true (default)
2023-12-13 18:49:50,014 [Time-limited test] INFO  grpc.GrpcConfigKeys (ConfUtils.java:logGet(46)) - raft.grpc.server.async.request.thread.pool.size = 32 (default)
2023-12-13 18:49:50,014 [Time-limited test] INFO  impl.DataStreamServerImpl (ConfUtils.java:logGet(46)) - raft.datastream.type = DISABLED (default)
2023-12-13 18:49:50,014 [Time-limited test] INFO  server.RaftServerConfigKeys (ConfUtils.java:logGet(46)) - raft.server.sleep.deviation.threshold = 300ms (default)
2023-12-13 18:49:50,014 [Time-limited test] INFO  server.RaftServerConfigKeys (ConfUtils.java:logGet(46)) - raft.server.close.threshold = 60s (default)
2023-12-13 18:49:50,014 [Time-limited test] INFO  server.RaftServerConfigKeys (ConfUtils.java:logGet(46)) - raft.server.leaderelection.leader.step-down.wait-time = 10s (default)
2023-12-13 18:49:50,015 [Time-limited test] INFO  server.RaftServerConfigKeys (ConfUtils.java:logGet(46)) - raft.server.storage.dir = [/home/runner/work/ratis/ratis/ratis-test/target/test/data/b8de9602/MiniRaftClusterWithGrpcf0961638/s1] (custom)
2023-12-13 18:49:50,015 [Time-limited test] INFO  server.RaftServerConfigKeys (ConfUtils.java:logGet(46)) - raft.server.threadpool.proxy.cached = true (default)
2023-12-13 18:49:50,015 [Time-limited test] INFO  server.RaftServerConfigKeys (ConfUtils.java:logGet(46)) - raft.server.threadpool.proxy.size = 0 (default)
2023-12-13 18:49:50,015 [s1-impl-thread1] INFO  server.RaftServer (RaftServerProxy.java:initGroupDir(264)) - s1: found a subdirectory /home/runner/work/ratis/ratis/ratis-test/target/test/data/b8de9602/MiniRaftClusterWithGrpcf0961638/s1/d34b0aba-0684-48bf-9332-cd21f7930502
2023-12-13 18:49:50,015 [s1-impl-thread1] INFO  server.RaftServer (RaftServerProxy.java:addNew(100)) - s1: addNew group-CD21F7930502:[] returns group-CD21F7930502:java.util.concurrent.CompletableFuture@3409e8f2[Not completed]
2023-12-13 18:49:50,015 [s1-groupManagement] INFO  server.RaftServer$Division (RaftServerImpl.java:<init>(256)) - s1: new RaftServerImpl for group-CD21F7930502:[] with BaseStateMachine:uninitialized
2023-12-13 18:49:50,015 [s1-groupManagement] INFO  server.RaftServerConfigKeys (ConfUtils.java:logGet(46)) - raft.server.rpc.timeout.min = 1500ms (custom)
2023-12-13 18:49:50,015 [s1-groupManagement] INFO  server.RaftServerConfigKeys (ConfUtils.java:logGet(46)) - raft.server.rpc.timeout.max = 2000ms (custom)
2023-12-13 18:49:50,015 [s1-groupManagement] INFO  server.RaftServerConfigKeys (ConfUtils.java:logGet(46)) - raft.server.rpc.sleep.time = 25ms (default)
2023-12-13 18:49:50,015 [s1-groupManagement] INFO  server.RaftServerConfigKeys (ConfUtils.java:logGet(46)) - raft.server.rpc.slowness.timeout = 60s (default)
2023-12-13 18:49:50,015 [s1-groupManagement] INFO  server.RaftServerConfigKeys (ConfUtils.java:logGet(46)) - raft.server.leaderelection.leader.step-down.wait-time = 10s (default)
2023-12-13 18:49:50,015 [s1-groupManagement] INFO  server.RaftServerConfigKeys (ConfUtils.java:logGet(46)) - raft.server.leaderelection.member.majority-add = false (default)
2023-12-13 18:49:50,016 [s1-groupManagement] INFO  server.RaftServerConfigKeys (ConfUtils.java:logGet(46)) - raft.server.sleep.deviation.threshold = 300ms (default)
2023-12-13 18:49:50,016 [s1-groupManagement] INFO  server.RaftServer$Division (ServerState.java:<init>(113)) - s1@group-CD21F7930502: ConfigurationManager, init=-1: peers:[]|listeners:[], old=null, confs=<EMPTY_MAP>
2023-12-13 18:49:50,016 [s1-groupManagement] INFO  server.RaftServerConfigKeys (ConfUtils.java:logGet(46)) - raft.server.notification.no-leader.timeout = 60s (default)
2023-12-13 18:49:50,016 [s1-groupManagement] INFO  server.RaftServerConfigKeys (ConfUtils.java:logGet(46)) - raft.server.read.timeout = 10s (default)
2023-12-13 18:49:50,016 [s1-groupManagement] INFO  server.RaftServerConfigKeys (ConfUtils.java:logGet(46)) - raft.server.retrycache.expirytime = 60s (default)
2023-12-13 18:49:50,016 [s1-groupManagement] INFO  server.RaftServerConfigKeys (ConfUtils.java:logGet(46)) - raft.server.retrycache.statistics.expirytime = 100ms (default)
2023-12-13 18:49:50,016 [s1-groupManagement] INFO  server.RaftServerConfigKeys (ConfUtils.java:logGet(46)) - raft.server.read.option = DEFAULT (default)
2023-12-13 18:49:50,016 [s1-groupManagement] INFO  server.RaftServerConfigKeys (ConfUtils.java:logGet(46)) - raft.server.read.read-after-write-consistent.write-index-cache.expiry-time = 60s (default)
2023-12-13 18:49:50,017 [s1-groupManagement] INFO  server.RaftServerConfigKeys (ConfUtils.java:logGet(46)) - raft.server.rpc.request.timeout = 3000ms (default)
2023-12-13 18:49:50,017 [s1-groupManagement] INFO  server.RaftServerConfigKeys (ConfUtils.java:logGet(46)) - raft.server.log.appender.install.snapshot.enabled = true (default)
2023-12-13 18:49:50,017 [s1-groupManagement] INFO  server.RaftServerConfigKeys (ConfUtils.java:logGet(46)) - raft.server.threadpool.server.cached = true (default)
2023-12-13 18:49:50,018 [s1-groupManagement] INFO  server.RaftServerConfigKeys (ConfUtils.java:logGet(46)) - raft.server.threadpool.server.size = 0 (default)
2023-12-13 18:49:50,018 [s1-groupManagement] INFO  server.RaftServerConfigKeys (ConfUtils.java:logGet(46)) - raft.server.threadpool.client.cached = true (default)
2023-12-13 18:49:50,018 [s1-groupManagement] INFO  server.RaftServerConfigKeys (ConfUtils.java:logGet(46)) - raft.server.threadpool.client.size = 0 (default)
2023-12-13 18:49:50,018 [s1-impl-thread1] INFO  server.RaftServerConfigKeys (ConfUtils.java:logGet(46)) - raft.server.storage.free-space.min = 0MB (=0) (default)
2023-12-13 18:49:50,018 [s1-impl-thread1] INFO  server.RaftServerConfigKeys (ConfUtils.java:logGet(46)) - raft.server.log.corruption.policy = EXCEPTION (default)
2023-12-13 18:49:50,018 [s1-impl-thread1] INFO  server.RaftServerConfigKeys (ConfUtils.java:logGet(46)) - raft.server.storage.dir = [/home/runner/work/ratis/ratis/ratis-test/target/test/data/b8de9602/MiniRaftClusterWithGrpcf0961638/s1] (custom)
2023-12-13 18:49:50,019 [s1-impl-thread1] INFO  storage.RaftStorageDirectory (RaftStorageDirectoryImpl.java:tryLock(228)) - Lock on /home/runner/work/ratis/ratis/ratis-test/target/test/data/b8de9602/MiniRaftClusterWithGrpcf0961638/s1/d34b0aba-0684-48bf-9332-cd21f7930502/in_use.lock acquired by nodename 24599@fv-az743-812
2023-12-13 18:49:50,019 [s1-impl-thread1] TRACE util.FileUtils (LogUtils.java:runAndLog(49)) - Successfully ran Files.deleteIfExists /home/runner/work/ratis/ratis/ratis-test/target/test/data/b8de9602/MiniRaftClusterWithGrpcf0961638/s1/d34b0aba-0684-48bf-9332-cd21f7930502/current/raft-meta.tmp
2023-12-13 18:49:50,019 [s1-impl-thread1] TRACE util.FileUtils (LogUtils.java:supplyAndLog(69)) - Successfully supplied Files.newInputStream /home/runner/work/ratis/ratis/ratis-test/target/test/data/b8de9602/MiniRaftClusterWithGrpcf0961638/s1/d34b0aba-0684-48bf-9332-cd21f7930502/current/raft-meta with options []: sun.nio.ch.ChannelInputStream@7534e2c9
2023-12-13 18:49:50,019 [s1-impl-thread1] INFO  storage.RaftStorage (RaftStorageImpl.java:analyzeAndRecoverStorage(119)) - Read RaftStorageMetadata{term=1, votedFor=s0} from /home/runner/work/ratis/ratis/ratis-test/target/test/data/b8de9602/MiniRaftClusterWithGrpcf0961638/s1/d34b0aba-0684-48bf-9332-cd21f7930502/current/raft-meta
2023-12-13 18:49:50,019 [s1-impl-thread1] TRACE util.FileUtils (LogUtils.java:supplyAndLog(69)) - Successfully supplied Files.newInputStream /home/runner/work/ratis/ratis/ratis-test/target/test/data/b8de9602/MiniRaftClusterWithGrpcf0961638/s1/d34b0aba-0684-48bf-9332-cd21f7930502/current/raft-meta.conf with options []: sun.nio.ch.ChannelInputStream@3f3e757d
2023-12-13 18:49:50,019 [s1-impl-thread1] INFO  server.RaftServer$Division (ServerState.java:setRaftConf(382)) - s1@group-CD21F7930502: set configuration 0: peers:[s0|0.0.0.0:45675, s1|0.0.0.0:36295, s2|0.0.0.0:46415]|listeners:[], old=null
2023-12-13 18:49:50,019 [s1-impl-thread1] INFO  server.RaftServerConfigKeys (ConfUtils.java:logGet(46)) - raft.server.log.use.memory = false (default)
2023-12-13 18:49:50,020 [s1-impl-thread1] INFO  server.RaftServerConfigKeys (ConfUtils.java:logGet(46)) - raft.server.log.purge.gap = 1024 (default)
2023-12-13 18:49:50,020 [s1-impl-thread1] INFO  server.RaftServerConfigKeys (ConfUtils.java:logGet(46)) - raft.server.log.appender.buffer.byte-limit = 4MB (=4194304) (default)
2023-12-13 18:49:50,020 [s1-impl-thread1] INFO  server.RaftServerConfigKeys (ConfUtils.java:logGet(46)) - raft.server.log.statemachine.data.read.timeout = 1000ms (default)
2023-12-13 18:49:50,020 [s1-impl-thread1] INFO  server.RaftServerConfigKeys (ConfUtils.java:logGet(46)) - raft.server.log.purge.preservation.log.num = 0 (default)
2023-12-13 18:49:50,020 [s1-impl-thread1] INFO  server.RaftServerConfigKeys (ConfUtils.java:logGet(46)) - raft.server.log.segment.size.max = 32MB (=33554432) (default)
2023-12-13 18:49:50,020 [s1-impl-thread1] INFO  server.RaftServerConfigKeys (ConfUtils.java:logGet(46)) - raft.server.log.segment.cache.num.max = 6 (default)
2023-12-13 18:49:50,020 [s1-impl-thread1] INFO  server.RaftServerConfigKeys (ConfUtils.java:logGet(46)) - raft.server.log.segment.cache.size.max = 200MB (=209715200) (default)
2023-12-13 18:49:50,020 [s1-impl-thread1] INFO  server.RaftServerConfigKeys (ConfUtils.java:logGet(46)) - raft.server.log.appender.buffer.byte-limit = 4MB (=4194304) (default)
2023-12-13 18:49:50,020 [s1-impl-thread1] INFO  util.AwaitToRun (AwaitToRun.java:start(81)) - Thread[s1@group-CD21F7930502-cacheEviction-AwaitToRun,5,main] started
2023-12-13 18:49:50,020 [s1-impl-thread1] INFO  segmented.SegmentedRaftLogWorker (SegmentedRaftLogWorker.java:<init>(182)) - new s1@group-CD21F7930502-SegmentedRaftLogWorker for RaftStorageImpl:Storage Directory /home/runner/work/ratis/ratis/ratis-test/target/test/data/b8de9602/MiniRaftClusterWithGrpcf0961638/s1/d34b0aba-0684-48bf-9332-cd21f7930502
2023-12-13 18:49:50,020 [s1-impl-thread1] INFO  server.RaftServerConfigKeys (ConfUtils.java:logGet(46)) - raft.server.log.queue.byte-limit = 64MB (=67108864) (default)
2023-12-13 18:49:50,021 [s1-impl-thread1] INFO  server.RaftServerConfigKeys (ConfUtils.java:logGet(46)) - raft.server.log.queue.element-limit = 4096 (default)
2023-12-13 18:49:50,021 [s1-impl-thread1] INFO  server.RaftServerConfigKeys (ConfUtils.java:logGet(46)) - raft.server.log.segment.size.max = 32MB (=33554432) (default)
2023-12-13 18:49:50,021 [s1-impl-thread1] INFO  server.RaftServerConfigKeys (ConfUtils.java:logGet(46)) - raft.server.log.preallocated.size = 4MB (=4194304) (default)
2023-12-13 18:49:50,021 [s1-impl-thread1] INFO  server.RaftServerConfigKeys (ConfUtils.java:logGet(46)) - raft.server.log.force.sync.num = 128 (default)
2023-12-13 18:49:50,021 [s1-impl-thread1] INFO  server.RaftServerConfigKeys (ConfUtils.java:logGet(46)) - raft.server.log.statemachine.data.sync = true (default)
2023-12-13 18:49:50,021 [s1-impl-thread1] INFO  server.RaftServerConfigKeys (ConfUtils.java:logGet(46)) - raft.server.log.statemachine.data.sync.timeout = 10s (default)
2023-12-13 18:49:50,021 [s1-impl-thread1] INFO  server.RaftServerConfigKeys (ConfUtils.java:logGet(46)) - raft.server.log.statemachine.data.sync.timeout.retry = -1 (default)
2023-12-13 18:49:50,021 [s1-impl-thread1] INFO  server.RaftServerConfigKeys (ConfUtils.java:logGet(46)) - raft.server.log.write.buffer.size = 8MB (=8388608) (default)
2023-12-13 18:49:50,022 [s1-impl-thread1] INFO  server.RaftServerConfigKeys (ConfUtils.java:logGet(46)) - raft.server.log.appender.buffer.byte-limit = 4MB (=4194304) (default)
2023-12-13 18:49:50,022 [s1-impl-thread1] INFO  server.RaftServerConfigKeys (ConfUtils.java:logGet(46)) - raft.server.log.unsafe-flush.enabled = false (default)
2023-12-13 18:49:50,022 [s1-impl-thread1] INFO  server.RaftServerConfigKeys (ConfUtils.java:logGet(46)) - raft.server.log.async-flush.enabled = false (default)
2023-12-13 18:49:50,022 [s1-impl-thread1] INFO  server.RaftServerConfigKeys (ConfUtils.java:logGet(46)) - raft.server.log.statemachine.data.caching.enabled = false (default)
2023-12-13 18:49:50,023 [s1-impl-thread1] TRACE util.FileUtils (LogUtils.java:supplyAndLog(69)) - Successfully supplied Files.newInputStream /home/runner/work/ratis/ratis/ratis-test/target/test/data/b8de9602/MiniRaftClusterWithGrpcf0961638/s1/d34b0aba-0684-48bf-9332-cd21f7930502/current/log_inprogress_0 with options []: sun.nio.ch.ChannelInputStream@448b5410
2023-12-13 18:49:50,023 [s1-impl-thread1] INFO  server.RaftServer$Division (ServerState.java:setRaftConf(382)) - s1@group-CD21F7930502: set configuration 0: peers:[s0|0.0.0.0:45675, s1|0.0.0.0:36295, s2|0.0.0.0:46415]|listeners:[], old=null
2023-12-13 18:49:50,023 [s1-impl-thread1] INFO  segmented.LogSegment (LogSegment.java:loadSegment(170)) - Successfully read 1 entries from segment file /home/runner/work/ratis/ratis/ratis-test/target/test/data/b8de9602/MiniRaftClusterWithGrpcf0961638/s1/d34b0aba-0684-48bf-9332-cd21f7930502/current/log_inprogress_0
2023-12-13 18:49:50,023 [s1-impl-thread1] INFO  segmented.SegmentedRaftLogWorker (SegmentedRaftLogWorker.java:lambda$new$0(134)) - s1@group-CD21F7930502-SegmentedRaftLogWorker: safeCacheEvictIndex: setUnconditionally 0 -> -1
2023-12-13 18:49:50,023 [s1-impl-thread1] INFO  segmented.BufferedWriteChannel (BufferedWriteChannel.java:open(62)) - open log_inprogress_0 (append) at position 178
2023-12-13 18:49:50,024 [s1-impl-thread1] INFO  server.RaftServer$Division (RaftServerImpl.java:start(392)) - s1@group-CD21F7930502: start as a follower, conf=0: peers:[s0|0.0.0.0:45675, s1|0.0.0.0:36295, s2|0.0.0.0:46415]|listeners:[], old=null
2023-12-13 18:49:50,024 [s1-impl-thread1] INFO  server.RaftServer$Division (RaftServerImpl.java:setRole(379)) - s1@group-CD21F7930502: changes role from      null to FOLLOWER at term 1 for startAsFollower
2023-12-13 18:49:50,024 [s1-impl-thread1] INFO  impl.RoleInfo (RoleInfo.java:updateAndGet(139)) - s1: start s1@group-CD21F7930502-FollowerState
2023-12-13 18:49:50,024 [s1@group-CD21F7930502-FollowerState] INFO  server.RaftServerConfigKeys (ConfUtils.java:logFallback(53)) - raft.server.rpc.first-election.timeout.min = 1500ms (fallback to raft.server.rpc.timeout.min)
2023-12-13 18:49:50,024 [s1@group-CD21F7930502-FollowerState] INFO  server.RaftServerConfigKeys (ConfUtils.java:logFallback(53)) - raft.server.rpc.first-election.timeout.max = 2000ms (fallback to raft.server.rpc.timeout.max)
2023-12-13 18:49:50,024 [s1-impl-thread1] INFO  util.JmxRegister (JmxRegister.java:tryRegister(44)) - Successfully registered JMX Bean with object name Ratis:service=RaftServer,group=group-CD21F7930502,id=s1
2023-12-13 18:49:50,024 [s1-impl-thread1] INFO  server.RaftServerConfigKeys (ConfUtils.java:logGet(46)) - raft.server.snapshot.trigger-when-stop.enabled = true (default)
2023-12-13 18:49:50,024 [s1-impl-thread1] INFO  server.RaftServerConfigKeys (ConfUtils.java:logGet(46)) - raft.server.snapshot.auto.trigger.enabled = false (default)
2023-12-13 18:49:50,024 [s1-impl-thread1] INFO  server.RaftServerConfigKeys (ConfUtils.java:logGet(46)) - raft.server.snapshot.retention.file.num = -1 (default)
2023-12-13 18:49:50,024 [s1-impl-thread1] INFO  server.RaftServerConfigKeys (ConfUtils.java:logGet(46)) - raft.server.log.purge.upto.snapshot.index = false (default)
2023-12-13 18:49:50,024 [Time-limited test] INFO  server.RaftServer (RaftServerProxy.java:startImpl(406)) - s1: start RPC server
2023-12-13 18:49:50,025 [Time-limited test] INFO  server.GrpcService (GrpcService.java:startImpl(302)) - s1: GrpcService started, listening on 36295
2023-12-13 18:49:50,025 [Time-limited test] INFO  impl.MiniRaftCluster (MiniRaftCluster.java:killServer(533)) - killServer s2
2023-12-13 18:49:50,025 [JvmPauseMonitor6] INFO  util.JvmPauseMonitor (JvmPauseMonitor.java:run(146)) - JvmPauseMonitor-s1: Started
2023-12-13 18:49:50,025 [Time-limited test] INFO  server.RaftServer (RaftServerProxy.java:lambda$close$9(416)) - s2: close
2023-12-13 18:49:50,025 [Time-limited test] INFO  server.GrpcService (GrpcService.java:closeImpl(311)) - s2: shutdown server GrpcServerProtocolService now
2023-12-13 18:49:50,025 [s2-impl-thread1] INFO  server.RaftServer$Division (RaftServerImpl.java:lambda$close$3(516)) - s2@group-CD21F7930502: shutdown
2023-12-13 18:49:50,026 [s2-impl-thread1] INFO  util.JmxRegister (JmxRegister.java:unregister(73)) - Successfully un-registered JMX Bean with object name Ratis:service=RaftServer,group=group-CD21F7930502,id=s2
2023-12-13 18:49:50,026 [s2-impl-thread1] INFO  impl.RoleInfo (RoleInfo.java:shutdownFollowerState(110)) - s2: shutdown s2@group-CD21F7930502-FollowerState
2023-12-13 18:49:50,026 [s2-impl-thread1] INFO  impl.StateMachineUpdater (StateMachineUpdater.java:stopAndJoin(157)) - s2@group-CD21F7930502-StateMachineUpdater: set stopIndex = 0
2023-12-13 18:49:50,026 [s2-impl-thread1] INFO  server.RaftServer$Division (ServerState.java:close(423)) - s2@group-CD21F7930502: applyIndex: 0
2023-12-13 18:49:50,026 [s2@group-CD21F7930502-FollowerState] INFO  impl.FollowerState (FollowerState.java:run(152)) - s2@group-CD21F7930502-FollowerState was interrupted
2023-12-13 18:49:50,026 [s2@group-CD21F7930502-cacheEviction-AwaitToRun] INFO  util.AwaitToRun (AwaitToRun.java:run(49)) - s2@group-CD21F7930502-cacheEviction-AwaitToRun-AwaitForSignal is interrupted
2023-12-13 18:49:50,032 [Time-limited test] INFO  server.GrpcService (GrpcService.java:closeImpl(320)) - s2: shutdown server GrpcServerProtocolService successfully
2023-12-13 18:49:51,012 [s2-impl-thread1] INFO  segmented.SegmentedRaftLogWorker (SegmentedRaftLogWorker.java:close(245)) - s2@group-CD21F7930502-SegmentedRaftLogWorker close()
2023-12-13 18:49:51,014 [JvmPauseMonitor4] INFO  util.JvmPauseMonitor (JvmPauseMonitor.java:run(152)) - JvmPauseMonitor-s2: Stopped
2023-12-13 18:49:51,014 [Time-limited test] INFO  impl.MiniRaftCluster (MiniRaftCluster.java:newRaftServer(382)) - newRaftServer: s2, null, format? false
2023-12-13 18:49:51,014 [Time-limited test] DEBUG server.RaftServer (ServerImplUtils.java:newRaftServer(51)) - newRaftServer: s2, null
2023-12-13 18:49:51,014 [Time-limited test] INFO  server.RaftServer (ConfUtils.java:logGet(46)) - raft.rpc.type = GRPC (default)
2023-12-13 18:49:51,014 [Time-limited test] INFO  grpc.GrpcConfigKeys (ConfUtils.java:logFallback(53)) - raft.grpc.admin.host = null (fallback to raft.grpc.server.host)
2023-12-13 18:49:51,014 [Time-limited test] INFO  grpc.GrpcConfigKeys (ConfUtils.java:logGet(46)) - raft.grpc.admin.port = 46415 (custom)
2023-12-13 18:49:51,014 [Time-limited test] INFO  grpc.GrpcConfigKeys (ConfUtils.java:logFallback(53)) - raft.grpc.client.host = null (fallback to raft.grpc.server.host)
2023-12-13 18:49:51,014 [Time-limited test] INFO  grpc.GrpcConfigKeys (ConfUtils.java:logGet(46)) - raft.grpc.client.port = 46415 (custom)
2023-12-13 18:49:51,014 [Time-limited test] INFO  grpc.GrpcConfigKeys (ConfUtils.java:logGet(46)) - raft.grpc.server.host = null (default)
2023-12-13 18:49:51,014 [Time-limited test] INFO  grpc.GrpcConfigKeys (ConfUtils.java:logGet(46)) - raft.grpc.server.port = 46415 (custom)
2023-12-13 18:49:51,014 [Time-limited test] INFO  server.GrpcService (ConfUtils.java:logGet(46)) - raft.grpc.message.size.max = 64MB (=67108864) (default)
2023-12-13 18:49:51,015 [Time-limited test] INFO  server.RaftServerConfigKeys (ConfUtils.java:logGet(46)) - raft.server.log.appender.buffer.byte-limit = 4MB (=4194304) (default)
2023-12-13 18:49:51,015 [Time-limited test] INFO  server.GrpcService (ConfUtils.java:logGet(46)) - raft.grpc.flow.control.window = 1MB (=1048576) (default)
2023-12-13 18:49:51,015 [Time-limited test] INFO  server.RaftServerConfigKeys (ConfUtils.java:logGet(46)) - raft.server.rpc.request.timeout = 3000ms (default)
2023-12-13 18:49:51,015 [Time-limited test] INFO  grpc.GrpcConfigKeys (ConfUtils.java:logGet(46)) - raft.grpc.server.heartbeat.channel = true (default)
2023-12-13 18:49:51,015 [Time-limited test] INFO  grpc.GrpcConfigKeys (ConfUtils.java:logGet(46)) - raft.grpc.server.async.request.thread.pool.cached = true (default)
2023-12-13 18:49:51,015 [Time-limited test] INFO  grpc.GrpcConfigKeys (ConfUtils.java:logGet(46)) - raft.grpc.server.async.request.thread.pool.size = 32 (default)
2023-12-13 18:49:51,015 [Time-limited test] INFO  impl.DataStreamServerImpl (ConfUtils.java:logGet(46)) - raft.datastream.type = DISABLED (default)
2023-12-13 18:49:51,015 [Time-limited test] INFO  server.RaftServerConfigKeys (ConfUtils.java:logGet(46)) - raft.server.sleep.deviation.threshold = 300ms (default)
2023-12-13 18:49:51,015 [Time-limited test] INFO  server.RaftServerConfigKeys (ConfUtils.java:logGet(46)) - raft.server.close.threshold = 60s (default)
2023-12-13 18:49:51,016 [Time-limited test] INFO  server.RaftServerConfigKeys (ConfUtils.java:logGet(46)) - raft.server.leaderelection.leader.step-down.wait-time = 10s (default)
2023-12-13 18:49:51,016 [Time-limited test] INFO  server.RaftServerConfigKeys (ConfUtils.java:logGet(46)) - raft.server.storage.dir = [/home/runner/work/ratis/ratis/ratis-test/target/test/data/b8de9602/MiniRaftClusterWithGrpcf0961638/s2] (custom)
2023-12-13 18:49:51,016 [Time-limited test] INFO  server.RaftServerConfigKeys (ConfUtils.java:logGet(46)) - raft.server.threadpool.proxy.cached = true (default)
2023-12-13 18:49:51,016 [Time-limited test] INFO  server.RaftServerConfigKeys (ConfUtils.java:logGet(46)) - raft.server.threadpool.proxy.size = 0 (default)
2023-12-13 18:49:51,016 [s2-impl-thread1] INFO  server.RaftServer (RaftServerProxy.java:initGroupDir(264)) - s2: found a subdirectory /home/runner/work/ratis/ratis/ratis-test/target/test/data/b8de9602/MiniRaftClusterWithGrpcf0961638/s2/d34b0aba-0684-48bf-9332-cd21f7930502
2023-12-13 18:49:51,016 [s2-impl-thread1] INFO  server.RaftServer (RaftServerProxy.java:addNew(100)) - s2: addNew group-CD21F7930502:[] returns group-CD21F7930502:java.util.concurrent.CompletableFuture@312f6e69[Not completed]
2023-12-13 18:49:51,019 [s2-groupManagement] INFO  server.RaftServer$Division (RaftServerImpl.java:<init>(256)) - s2: new RaftServerImpl for group-CD21F7930502:[] with BaseStateMachine:uninitialized
2023-12-13 18:49:51,019 [s2-groupManagement] INFO  server.RaftServerConfigKeys (ConfUtils.java:logGet(46)) - raft.server.rpc.timeout.min = 1500ms (custom)
2023-12-13 18:49:51,019 [s2-groupManagement] INFO  server.RaftServerConfigKeys (ConfUtils.java:logGet(46)) - raft.server.rpc.timeout.max = 2000ms (custom)
2023-12-13 18:49:51,019 [s2-groupManagement] INFO  server.RaftServerConfigKeys (ConfUtils.java:logGet(46)) - raft.server.rpc.sleep.time = 25ms (default)
2023-12-13 18:49:51,019 [s2-groupManagement] INFO  server.RaftServerConfigKeys (ConfUtils.java:logGet(46)) - raft.server.rpc.slowness.timeout = 60s (default)
2023-12-13 18:49:51,019 [s2-groupManagement] INFO  server.RaftServerConfigKeys (ConfUtils.java:logGet(46)) - raft.server.leaderelection.leader.step-down.wait-time = 10s (default)
2023-12-13 18:49:51,019 [s2-groupManagement] INFO  server.RaftServerConfigKeys (ConfUtils.java:logGet(46)) - raft.server.leaderelection.member.majority-add = false (default)
2023-12-13 18:49:51,019 [s2-groupManagement] INFO  server.RaftServerConfigKeys (ConfUtils.java:logGet(46)) - raft.server.sleep.deviation.threshold = 300ms (default)
2023-12-13 18:49:51,019 [s2-groupManagement] INFO  server.RaftServer$Division (ServerState.java:<init>(113)) - s2@group-CD21F7930502: ConfigurationManager, init=-1: peers:[]|listeners:[], old=null, confs=<EMPTY_MAP>
2023-12-13 18:49:51,019 [s2-groupManagement] INFO  server.RaftServerConfigKeys (ConfUtils.java:logGet(46)) - raft.server.notification.no-leader.timeout = 60s (default)
2023-12-13 18:49:51,019 [s2-groupManagement] INFO  server.RaftServerConfigKeys (ConfUtils.java:logGet(46)) - raft.server.read.timeout = 10s (default)
2023-12-13 18:49:51,019 [s2-groupManagement] INFO  server.RaftServerConfigKeys (ConfUtils.java:logGet(46)) - raft.server.retrycache.expirytime = 60s (default)
2023-12-13 18:49:51,019 [s2-groupManagement] INFO  server.RaftServerConfigKeys (ConfUtils.java:logGet(46)) - raft.server.retrycache.statistics.expirytime = 100ms (default)
2023-12-13 18:49:51,019 [s2-groupManagement] INFO  server.RaftServerConfigKeys (ConfUtils.java:logGet(46)) - raft.server.read.option = DEFAULT (default)
2023-12-13 18:49:51,019 [s2-groupManagement] INFO  server.RaftServerConfigKeys (ConfUtils.java:logGet(46)) - raft.server.read.read-after-write-consistent.write-index-cache.expiry-time = 60s (default)
2023-12-13 18:49:51,020 [s2-groupManagement] INFO  server.RaftServerConfigKeys (ConfUtils.java:logGet(46)) - raft.server.rpc.request.timeout = 3000ms (default)
2023-12-13 18:49:51,020 [s2-groupManagement] INFO  server.RaftServerConfigKeys (ConfUtils.java:logGet(46)) - raft.server.log.appender.install.snapshot.enabled = true (default)
2023-12-13 18:49:51,020 [s2-groupManagement] INFO  server.RaftServerConfigKeys (ConfUtils.java:logGet(46)) - raft.server.threadpool.server.cached = true (default)
2023-12-13 18:49:51,020 [s2-groupManagement] INFO  server.RaftServerConfigKeys (ConfUtils.java:logGet(46)) - raft.server.threadpool.server.size = 0 (default)
2023-12-13 18:49:51,020 [s2-groupManagement] INFO  server.RaftServerConfigKeys (ConfUtils.java:logGet(46)) - raft.server.threadpool.client.cached = true (default)
2023-12-13 18:49:51,020 [s2-groupManagement] INFO  server.RaftServerConfigKeys (ConfUtils.java:logGet(46)) - raft.server.threadpool.client.size = 0 (default)
2023-12-13 18:49:51,020 [s2-impl-thread1] INFO  server.RaftServerConfigKeys (ConfUtils.java:logGet(46)) - raft.server.storage.free-space.min = 0MB (=0) (default)
2023-12-13 18:49:51,020 [s2-impl-thread1] INFO  server.RaftServerConfigKeys (ConfUtils.java:logGet(46)) - raft.server.log.corruption.policy = EXCEPTION (default)
2023-12-13 18:49:51,021 [s2-impl-thread1] INFO  server.RaftServerConfigKeys (ConfUtils.java:logGet(46)) - raft.server.storage.dir = [/home/runner/work/ratis/ratis/ratis-test/target/test/data/b8de9602/MiniRaftClusterWithGrpcf0961638/s2] (custom)
2023-12-13 18:49:51,021 [s2-impl-thread1] INFO  storage.RaftStorageDirectory (RaftStorageDirectoryImpl.java:tryLock(228)) - Lock on /home/runner/work/ratis/ratis/ratis-test/target/test/data/b8de9602/MiniRaftClusterWithGrpcf0961638/s2/d34b0aba-0684-48bf-9332-cd21f7930502/in_use.lock acquired by nodename 24599@fv-az743-812
2023-12-13 18:49:51,021 [s2-impl-thread1] TRACE util.FileUtils (LogUtils.java:runAndLog(49)) - Successfully ran Files.deleteIfExists /home/runner/work/ratis/ratis/ratis-test/target/test/data/b8de9602/MiniRaftClusterWithGrpcf0961638/s2/d34b0aba-0684-48bf-9332-cd21f7930502/current/raft-meta.tmp
2023-12-13 18:49:51,021 [s2-impl-thread1] TRACE util.FileUtils (LogUtils.java:supplyAndLog(69)) - Successfully supplied Files.newInputStream /home/runner/work/ratis/ratis/ratis-test/target/test/data/b8de9602/MiniRaftClusterWithGrpcf0961638/s2/d34b0aba-0684-48bf-9332-cd21f7930502/current/raft-meta with options []: sun.nio.ch.ChannelInputStream@70126452
2023-12-13 18:49:51,022 [s2-impl-thread1] INFO  storage.RaftStorage (RaftStorageImpl.java:analyzeAndRecoverStorage(119)) - Read RaftStorageMetadata{term=1, votedFor=s0} from /home/runner/work/ratis/ratis/ratis-test/target/test/data/b8de9602/MiniRaftClusterWithGrpcf0961638/s2/d34b0aba-0684-48bf-9332-cd21f7930502/current/raft-meta
2023-12-13 18:49:51,022 [s2-impl-thread1] TRACE util.FileUtils (LogUtils.java:supplyAndLog(69)) - Successfully supplied Files.newInputStream /home/runner/work/ratis/ratis/ratis-test/target/test/data/b8de9602/MiniRaftClusterWithGrpcf0961638/s2/d34b0aba-0684-48bf-9332-cd21f7930502/current/raft-meta.conf with options []: sun.nio.ch.ChannelInputStream@b3e9a03
2023-12-13 18:49:51,022 [s2-impl-thread1] INFO  server.RaftServer$Division (ServerState.java:setRaftConf(382)) - s2@group-CD21F7930502: set configuration 0: peers:[s0|0.0.0.0:45675, s1|0.0.0.0:36295, s2|0.0.0.0:46415]|listeners:[], old=null
2023-12-13 18:49:51,022 [s2-impl-thread1] INFO  server.RaftServerConfigKeys (ConfUtils.java:logGet(46)) - raft.server.log.use.memory = false (default)
2023-12-13 18:49:51,022 [s2-impl-thread1] INFO  server.RaftServerConfigKeys (ConfUtils.java:logGet(46)) - raft.server.log.purge.gap = 1024 (default)
2023-12-13 18:49:51,022 [s2-impl-thread1] INFO  server.RaftServerConfigKeys (ConfUtils.java:logGet(46)) - raft.server.log.appender.buffer.byte-limit = 4MB (=4194304) (default)
2023-12-13 18:49:51,022 [s2-impl-thread1] INFO  server.RaftServerConfigKeys (ConfUtils.java:logGet(46)) - raft.server.log.statemachine.data.read.timeout = 1000ms (default)
2023-12-13 18:49:51,022 [s2-impl-thread1] INFO  server.RaftServerConfigKeys (ConfUtils.java:logGet(46)) - raft.server.log.purge.preservation.log.num = 0 (default)
2023-12-13 18:49:51,023 [s2-impl-thread1] INFO  server.RaftServerConfigKeys (ConfUtils.java:logGet(46)) - raft.server.log.segment.size.max = 32MB (=33554432) (default)
2023-12-13 18:49:51,023 [s2-impl-thread1] INFO  server.RaftServerConfigKeys (ConfUtils.java:logGet(46)) - raft.server.log.segment.cache.num.max = 6 (default)
2023-12-13 18:49:51,023 [s2-impl-thread1] INFO  server.RaftServerConfigKeys (ConfUtils.java:logGet(46)) - raft.server.log.segment.cache.size.max = 200MB (=209715200) (default)
2023-12-13 18:49:51,023 [s2-impl-thread1] INFO  server.RaftServerConfigKeys (ConfUtils.java:logGet(46)) - raft.server.log.appender.buffer.byte-limit = 4MB (=4194304) (default)
2023-12-13 18:49:51,023 [s2-impl-thread1] INFO  util.AwaitToRun (AwaitToRun.java:start(81)) - Thread[s2@group-CD21F7930502-cacheEviction-AwaitToRun,5,main] started
2023-12-13 18:49:51,023 [s2-impl-thread1] INFO  segmented.SegmentedRaftLogWorker (SegmentedRaftLogWorker.java:<init>(182)) - new s2@group-CD21F7930502-SegmentedRaftLogWorker for RaftStorageImpl:Storage Directory /home/runner/work/ratis/ratis/ratis-test/target/test/data/b8de9602/MiniRaftClusterWithGrpcf0961638/s2/d34b0aba-0684-48bf-9332-cd21f7930502
2023-12-13 18:49:51,023 [s2-impl-thread1] INFO  server.RaftServerConfigKeys (ConfUtils.java:logGet(46)) - raft.server.log.queue.byte-limit = 64MB (=67108864) (default)
2023-12-13 18:49:51,023 [s2-impl-thread1] INFO  server.RaftServerConfigKeys (ConfUtils.java:logGet(46)) - raft.server.log.queue.element-limit = 4096 (default)
2023-12-13 18:49:51,023 [s2-impl-thread1] INFO  server.RaftServerConfigKeys (ConfUtils.java:logGet(46)) - raft.server.log.segment.size.max = 32MB (=33554432) (default)
2023-12-13 18:49:51,023 [s2-impl-thread1] INFO  server.RaftServerConfigKeys (ConfUtils.java:logGet(46)) - raft.server.log.preallocated.size = 4MB (=4194304) (default)
2023-12-13 18:49:51,023 [s2-impl-thread1] INFO  server.RaftServerConfigKeys (ConfUtils.java:logGet(46)) - raft.server.log.force.sync.num = 128 (default)
2023-12-13 18:49:51,023 [s2-impl-thread1] INFO  server.RaftServerConfigKeys (ConfUtils.java:logGet(46)) - raft.server.log.statemachine.data.sync = true (default)
2023-12-13 18:49:51,023 [s2-impl-thread1] INFO  server.RaftServerConfigKeys (ConfUtils.java:logGet(46)) - raft.server.log.statemachine.data.sync.timeout = 10s (default)
2023-12-13 18:49:51,023 [s2-impl-thread1] INFO  server.RaftServerConfigKeys (ConfUtils.java:logGet(46)) - raft.server.log.statemachine.data.sync.timeout.retry = -1 (default)
2023-12-13 18:49:51,023 [s2-impl-thread1] INFO  server.RaftServerConfigKeys (ConfUtils.java:logGet(46)) - raft.server.log.write.buffer.size = 8MB (=8388608) (default)
2023-12-13 18:49:51,025 [s2-impl-thread1] INFO  server.RaftServerConfigKeys (ConfUtils.java:logGet(46)) - raft.server.log.appender.buffer.byte-limit = 4MB (=4194304) (default)
2023-12-13 18:49:51,025 [s2-impl-thread1] INFO  server.RaftServerConfigKeys (ConfUtils.java:logGet(46)) - raft.server.log.unsafe-flush.enabled = false (default)
2023-12-13 18:49:51,025 [s2-impl-thread1] INFO  server.RaftServerConfigKeys (ConfUtils.java:logGet(46)) - raft.server.log.async-flush.enabled = false (default)
2023-12-13 18:49:51,025 [s2-impl-thread1] INFO  server.RaftServerConfigKeys (ConfUtils.java:logGet(46)) - raft.server.log.statemachine.data.caching.enabled = false (default)
2023-12-13 18:49:51,025 [s2-impl-thread1] TRACE util.FileUtils (LogUtils.java:supplyAndLog(69)) - Successfully supplied Files.newInputStream /home/runner/work/ratis/ratis/ratis-test/target/test/data/b8de9602/MiniRaftClusterWithGrpcf0961638/s2/d34b0aba-0684-48bf-9332-cd21f7930502/current/log_inprogress_0 with options []: sun.nio.ch.ChannelInputStream@41a8f12b
2023-12-13 18:49:51,025 [s2-impl-thread1] INFO  server.RaftServer$Division (ServerState.java:setRaftConf(382)) - s2@group-CD21F7930502: set configuration 0: peers:[s0|0.0.0.0:45675, s1|0.0.0.0:36295, s2|0.0.0.0:46415]|listeners:[], old=null
2023-12-13 18:49:51,025 [s2-impl-thread1] INFO  segmented.LogSegment (LogSegment.java:loadSegment(170)) - Successfully read 1 entries from segment file /home/runner/work/ratis/ratis/ratis-test/target/test/data/b8de9602/MiniRaftClusterWithGrpcf0961638/s2/d34b0aba-0684-48bf-9332-cd21f7930502/current/log_inprogress_0
2023-12-13 18:49:51,026 [s2-impl-thread1] INFO  segmented.SegmentedRaftLogWorker (SegmentedRaftLogWorker.java:lambda$new$0(134)) - s2@group-CD21F7930502-SegmentedRaftLogWorker: safeCacheEvictIndex: setUnconditionally 0 -> -1
2023-12-13 18:49:51,026 [s2-impl-thread1] INFO  segmented.BufferedWriteChannel (BufferedWriteChannel.java:open(62)) - open log_inprogress_0 (append) at position 178
2023-12-13 18:49:51,026 [s2-impl-thread1] INFO  server.RaftServer$Division (RaftServerImpl.java:start(392)) - s2@group-CD21F7930502: start as a follower, conf=0: peers:[s0|0.0.0.0:45675, s1|0.0.0.0:36295, s2|0.0.0.0:46415]|listeners:[], old=null
2023-12-13 18:49:51,026 [s2-impl-thread1] INFO  server.RaftServer$Division (RaftServerImpl.java:setRole(379)) - s2@group-CD21F7930502: changes role from      null to FOLLOWER at term 1 for startAsFollower
2023-12-13 18:49:51,026 [s2-impl-thread1] INFO  impl.RoleInfo (RoleInfo.java:updateAndGet(139)) - s2: start s2@group-CD21F7930502-FollowerState
2023-12-13 18:49:51,026 [s2@group-CD21F7930502-FollowerState] INFO  server.RaftServerConfigKeys (ConfUtils.java:logFallback(53)) - raft.server.rpc.first-election.timeout.min = 1500ms (fallback to raft.server.rpc.timeout.min)
2023-12-13 18:49:51,026 [s2-impl-thread1] INFO  util.JmxRegister (JmxRegister.java:tryRegister(44)) - Successfully registered JMX Bean with object name Ratis:service=RaftServer,group=group-CD21F7930502,id=s2
2023-12-13 18:49:51,026 [s2@group-CD21F7930502-FollowerState] INFO  server.RaftServerConfigKeys (ConfUtils.java:logFallback(53)) - raft.server.rpc.first-election.timeout.max = 2000ms (fallback to raft.server.rpc.timeout.max)
2023-12-13 18:49:51,026 [s2-impl-thread1] INFO  server.RaftServerConfigKeys (ConfUtils.java:logGet(46)) - raft.server.snapshot.trigger-when-stop.enabled = true (default)
2023-12-13 18:49:51,026 [s2-impl-thread1] INFO  server.RaftServerConfigKeys (ConfUtils.java:logGet(46)) - raft.server.snapshot.auto.trigger.enabled = false (default)
2023-12-13 18:49:51,026 [s2-impl-thread1] INFO  server.RaftServerConfigKeys (ConfUtils.java:logGet(46)) - raft.server.snapshot.retention.file.num = -1 (default)
2023-12-13 18:49:51,026 [s2-impl-thread1] INFO  server.RaftServerConfigKeys (ConfUtils.java:logGet(46)) - raft.server.log.purge.upto.snapshot.index = false (default)
2023-12-13 18:49:51,027 [Time-limited test] INFO  server.RaftServer (RaftServerProxy.java:startImpl(406)) - s2: start RPC server
2023-12-13 18:49:51,027 [Time-limited test] INFO  server.GrpcService (GrpcService.java:startImpl(302)) - s2: GrpcService started, listening on 46415
2023-12-13 18:49:51,028 [JvmPauseMonitor7] INFO  util.JvmPauseMonitor (JvmPauseMonitor.java:run(146)) - JvmPauseMonitor-s2: Started
2023-12-13 18:49:51,028 [Time-limited test] INFO  server.RaftServerConfigKeys (ConfUtils.java:logGet(46)) - raft.server.rpc.timeout.max = 2000ms (custom)
2023-12-13 18:49:51,028 [Time-limited test] INFO  ratis.RaftTestUtil (RaftTestUtil.java:waitForLeader(100)) - printing ALL groups
  s0:  RUNNING  FOLLOWER s0@group-CD21F7930502:t1, leader=null, voted=s0, raftlog=Memoized:s0@group-CD21F7930502-SegmentedRaftLog:OPENED:c-1, conf=0: peers:[s0|0.0.0.0:45675, s1|0.0.0.0:36295, s2|0.0.0.0:46415]|listeners:[], old=null RUNNING
  s1:  RUNNING  FOLLOWER s1@group-CD21F7930502:t1, leader=null, voted=s0, raftlog=Memoized:s1@group-CD21F7930502-SegmentedRaftLog:OPENED:c-1, conf=0: peers:[s0|0.0.0.0:45675, s1|0.0.0.0:36295, s2|0.0.0.0:46415]|listeners:[], old=null RUNNING
  s2:  RUNNING  FOLLOWER s2@group-CD21F7930502:t1, leader=null, voted=s0, raftlog=Memoized:s2@group-CD21F7930502-SegmentedRaftLog:OPENED:c-1, conf=0: peers:[s0|0.0.0.0:45675, s1|0.0.0.0:36295, s2|0.0.0.0:46415]|listeners:[], old=null RUNNING
2023-12-13 18:49:51,028 [Time-limited test] WARN  ratis.RaftTestUtil (RaftTestUtil.java:lambda$waitForLeader$3(119)) - Attempt #1 failed: java.lang.IllegalStateException: No leader yet : printing ALL groups
  s0:  RUNNING  FOLLOWER s0@group-CD21F7930502:t1, leader=null, voted=s0, raftlog=Memoized:s0@group-CD21F7930502-SegmentedRaftLog:OPENED:c-1, conf=0: peers:[s0|0.0.0.0:45675, s1|0.0.0.0:36295, s2|0.0.0.0:46415]|listeners:[], old=null RUNNING
  s1:  RUNNING  FOLLOWER s1@group-CD21F7930502:t1, leader=null, voted=s0, raftlog=Memoized:s1@group-CD21F7930502-SegmentedRaftLog:OPENED:c-1, conf=0: peers:[s0|0.0.0.0:45675, s1|0.0.0.0:36295, s2|0.0.0.0:46415]|listeners:[], old=null RUNNING
  s2:  RUNNING  FOLLOWER s2@group-CD21F7930502:t1, leader=null, voted=s0, raftlog=Memoized:s2@group-CD21F7930502-SegmentedRaftLog:OPENED:c-1, conf=0: peers:[s0|0.0.0.0:45675, s1|0.0.0.0:36295, s2|0.0.0.0:46415]|listeners:[], old=null RUNNING
2023-12-13 18:49:51,592 [s1@group-CD21F7930502-FollowerState] INFO  impl.FollowerState (FollowerState.java:run(143)) - s1@group-CD21F7930502-FollowerState: change to CANDIDATE, lastRpcElapsedTime:1568439998ns, electionTimeout:1568ms
2023-12-13 18:49:51,592 [s1@group-CD21F7930502-FollowerState] INFO  impl.RoleInfo (RoleInfo.java:shutdownFollowerState(110)) - s1: shutdown s1@group-CD21F7930502-FollowerState
2023-12-13 18:49:51,592 [s1@group-CD21F7930502-FollowerState] INFO  server.RaftServer$Division (RaftServerImpl.java:setRole(379)) - s1@group-CD21F7930502: changes role from  FOLLOWER to CANDIDATE at term 1 for changeToCandidate
2023-12-13 18:49:51,593 [s1@group-CD21F7930502-FollowerState] INFO  server.RaftServerConfigKeys (ConfUtils.java:logGet(46)) - raft.server.leaderelection.pre-vote = true (default)
2023-12-13 18:49:51,593 [s1@group-CD21F7930502-FollowerState] INFO  impl.RoleInfo (RoleInfo.java:updateAndGet(139)) - s1: start s1@group-CD21F7930502-LeaderElection2
2023-12-13 18:49:51,593 [s1@group-CD21F7930502-LeaderElection2] INFO  impl.LeaderElection (LeaderElection.java:askForVotes(321)) - s1@group-CD21F7930502-LeaderElection2 PRE_VOTE round 0: submit vote requests at term 1 for 0: peers:[s0|0.0.0.0:45675, s1|0.0.0.0:36295, s2|0.0.0.0:46415]|listeners:[], old=null
2023-12-13 18:49:51,594 [s1@group-CD21F7930502-LeaderElection2-1] INFO  server.GrpcServerProtocolClient (GrpcServerProtocolClient.java:<init>(65)) - Build channel for s0
2023-12-13 18:49:51,594 [s1@group-CD21F7930502-LeaderElection2] INFO  server.RaftServerConfigKeys (ConfUtils.java:logFallback(53)) - raft.server.rpc.first-election.timeout.min = 1500ms (fallback to raft.server.rpc.timeout.min)
2023-12-13 18:49:51,594 [s1@group-CD21F7930502-LeaderElection2-2] INFO  server.GrpcServerProtocolClient (GrpcServerProtocolClient.java:<init>(65)) - Build channel for s2
2023-12-13 18:49:51,594 [s1@group-CD21F7930502-LeaderElection2] INFO  server.RaftServerConfigKeys (ConfUtils.java:logFallback(53)) - raft.server.rpc.first-election.timeout.max = 2000ms (fallback to raft.server.rpc.timeout.max)
2023-12-13 18:49:51,602 [grpc-default-executor-3] INFO  server.RaftServer$Division (RaftServerImpl.java:requestVote(1377)) - s2@group-CD21F7930502: receive requestVote(PRE_VOTE, s1, group-CD21F7930502, 1, (t:1, i:0))
2023-12-13 18:49:51,602 [grpc-default-executor-2] INFO  server.RaftServer$Division (RaftServerImpl.java:requestVote(1377)) - s0@group-CD21F7930502: receive requestVote(PRE_VOTE, s1, group-CD21F7930502, 1, (t:1, i:0))
2023-12-13 18:49:51,602 [grpc-default-executor-3] INFO  impl.VoteContext (VoteContext.java:log(49)) - s2@group-CD21F7930502-FOLLOWER: accept PRE_VOTE from s1: our priority 0 <= candidate's priority 0
2023-12-13 18:49:51,602 [grpc-default-executor-2] INFO  impl.VoteContext (VoteContext.java:log(49)) - s0@group-CD21F7930502-FOLLOWER: accept PRE_VOTE from s1: our priority 0 <= candidate's priority 0
2023-12-13 18:49:51,603 [grpc-default-executor-3] INFO  server.RaftServer$Division (RaftServerImpl.java:requestVote(1410)) - s2@group-CD21F7930502 replies to PRE_VOTE vote request: s1<-s2#0:OK-t1. Peer's state: s2@group-CD21F7930502:t1, leader=null, voted=s0, raftlog=Memoized:s2@group-CD21F7930502-SegmentedRaftLog:OPENED:c-1, conf=0: peers:[s0|0.0.0.0:45675, s1|0.0.0.0:36295, s2|0.0.0.0:46415]|listeners:[], old=null
2023-12-13 18:49:51,603 [grpc-default-executor-2] INFO  server.RaftServer$Division (RaftServerImpl.java:requestVote(1410)) - s0@group-CD21F7930502 replies to PRE_VOTE vote request: s1<-s0#0:OK-t1. Peer's state: s0@group-CD21F7930502:t1, leader=null, voted=s0, raftlog=Memoized:s0@group-CD21F7930502-SegmentedRaftLog:OPENED:c-1, conf=0: peers:[s0|0.0.0.0:45675, s1|0.0.0.0:36295, s2|0.0.0.0:46415]|listeners:[], old=null
2023-12-13 18:49:51,604 [s1@group-CD21F7930502-LeaderElection2] INFO  impl.LeaderElection (LeaderElection.java:logAndReturn(89)) - s1@group-CD21F7930502-LeaderElection2: PRE_VOTE PASSED received 1 response(s) and 0 exception(s):
2023-12-13 18:49:51,604 [s1@group-CD21F7930502-LeaderElection2] INFO  impl.LeaderElection (LeaderElection.java:logAndReturn(93)) -   Response 0: s1<-s2#0:OK-t1
2023-12-13 18:49:51,604 [s1@group-CD21F7930502-LeaderElection2] INFO  impl.LeaderElection (LeaderElection.java:askForVotes(323)) - s1@group-CD21F7930502-LeaderElection2 PRE_VOTE round 0: result PASSED
2023-12-13 18:49:51,604 [s1@group-CD21F7930502-LeaderElection2] TRACE util.FileUtils (LogUtils.java:supplyAndLog(69)) - Successfully supplied FileChannel.open /home/runner/work/ratis/ratis/ratis-test/target/test/data/b8de9602/MiniRaftClusterWithGrpcf0961638/s1/d34b0aba-0684-48bf-9332-cd21f7930502/current/raft-meta.tmp with options [CREATE, WRITE]: sun.nio.ch.FileChannelImpl@76203490
2023-12-13 18:49:51,606 [s1@group-CD21F7930502-LeaderElection2] TRACE util.FileUtils (LogUtils.java:runAndLog(49)) - Successfully ran Atomic Files.move /home/runner/work/ratis/ratis/ratis-test/target/test/data/b8de9602/MiniRaftClusterWithGrpcf0961638/s1/d34b0aba-0684-48bf-9332-cd21f7930502/current/raft-meta.tmp to /home/runner/work/ratis/ratis/ratis-test/target/test/data/b8de9602/MiniRaftClusterWithGrpcf0961638/s1/d34b0aba-0684-48bf-9332-cd21f7930502/current/raft-meta with options [REPLACE_EXISTING]
2023-12-13 18:49:51,606 [s1@group-CD21F7930502-LeaderElection2] INFO  impl.LeaderElection (LeaderElection.java:askForVotes(321)) - s1@group-CD21F7930502-LeaderElection2 ELECTION round 0: submit vote requests at term 2 for 0: peers:[s0|0.0.0.0:45675, s1|0.0.0.0:36295, s2|0.0.0.0:46415]|listeners:[], old=null
2023-12-13 18:49:51,606 [s1@group-CD21F7930502-LeaderElection2] INFO  server.RaftServerConfigKeys (ConfUtils.java:logFallback(53)) - raft.server.rpc.first-election.timeout.min = 1500ms (fallback to raft.server.rpc.timeout.min)
2023-12-13 18:49:51,606 [s1@group-CD21F7930502-LeaderElection2] INFO  server.RaftServerConfigKeys (ConfUtils.java:logFallback(53)) - raft.server.rpc.first-election.timeout.max = 2000ms (fallback to raft.server.rpc.timeout.max)
2023-12-13 18:49:51,610 [grpc-default-executor-3] INFO  server.RaftServer$Division (RaftServerImpl.java:requestVote(1377)) - s2@group-CD21F7930502: receive requestVote(ELECTION, s1, group-CD21F7930502, 2, (t:1, i:0))
2023-12-13 18:49:51,610 [grpc-default-executor-2] INFO  server.RaftServer$Division (RaftServerImpl.java:requestVote(1377)) - s0@group-CD21F7930502: receive requestVote(ELECTION, s1, group-CD21F7930502, 2, (t:1, i:0))
2023-12-13 18:49:51,610 [grpc-default-executor-3] INFO  impl.VoteContext (VoteContext.java:log(49)) - s2@group-CD21F7930502-FOLLOWER: accept ELECTION from s1: our priority 0 <= candidate's priority 0
2023-12-13 18:49:51,610 [grpc-default-executor-2] INFO  impl.VoteContext (VoteContext.java:log(49)) - s0@group-CD21F7930502-FOLLOWER: accept ELECTION from s1: our priority 0 <= candidate's priority 0
2023-12-13 18:49:51,610 [grpc-default-executor-3] INFO  server.RaftServer$Division (RaftServerImpl.java:setRole(379)) - s2@group-CD21F7930502: changes role from  FOLLOWER to FOLLOWER at term 2 for candidate:s1
2023-12-13 18:49:51,610 [grpc-default-executor-2] INFO  server.RaftServer$Division (RaftServerImpl.java:setRole(379)) - s0@group-CD21F7930502: changes role from  FOLLOWER to FOLLOWER at term 2 for candidate:s1
2023-12-13 18:49:51,610 [grpc-default-executor-3] INFO  impl.RoleInfo (RoleInfo.java:shutdownFollowerState(110)) - s2: shutdown s2@group-CD21F7930502-FollowerState
2023-12-13 18:49:51,610 [grpc-default-executor-2] INFO  impl.RoleInfo (RoleInfo.java:shutdownFollowerState(110)) - s0: shutdown s0@group-CD21F7930502-FollowerState
2023-12-13 18:49:51,610 [grpc-default-executor-2] INFO  impl.RoleInfo (RoleInfo.java:updateAndGet(139)) - s0: start s0@group-CD21F7930502-FollowerState
2023-12-13 18:49:51,611 [s2@group-CD21F7930502-FollowerState] INFO  impl.FollowerState (FollowerState.java:run(152)) - s2@group-CD21F7930502-FollowerState was interrupted
2023-12-13 18:49:51,610 [grpc-default-executor-3] INFO  impl.RoleInfo (RoleInfo.java:updateAndGet(139)) - s2: start s2@group-CD21F7930502-FollowerState
2023-12-13 18:49:51,610 [s0@group-CD21F7930502-FollowerState] INFO  impl.FollowerState (FollowerState.java:run(152)) - s0@group-CD21F7930502-FollowerState was interrupted
2023-12-13 18:49:51,611 [grpc-default-executor-2] INFO  server.RaftServer$Division (RaftServerImpl.java:setFirstElection(564)) - s0@group-CD21F7930502: set firstElectionSinceStartup to false for candidate:s1
2023-12-13 18:49:51,611 [grpc-default-executor-3] INFO  server.RaftServer$Division (RaftServerImpl.java:setFirstElection(564)) - s2@group-CD21F7930502: set firstElectionSinceStartup to false for candidate:s1
2023-12-13 18:49:51,611 [grpc-default-executor-2] TRACE util.FileUtils (LogUtils.java:supplyAndLog(69)) - Successfully supplied FileChannel.open /home/runner/work/ratis/ratis/ratis-test/target/test/data/b8de9602/MiniRaftClusterWithGrpcf0961638/s0/d34b0aba-0684-48bf-9332-cd21f7930502/current/raft-meta.tmp with options [CREATE, WRITE]: sun.nio.ch.FileChannelImpl@661cbf40
2023-12-13 18:49:51,611 [grpc-default-executor-3] TRACE util.FileUtils (LogUtils.java:supplyAndLog(69)) - Successfully supplied FileChannel.open /home/runner/work/ratis/ratis/ratis-test/target/test/data/b8de9602/MiniRaftClusterWithGrpcf0961638/s2/d34b0aba-0684-48bf-9332-cd21f7930502/current/raft-meta.tmp with options [CREATE, WRITE]: sun.nio.ch.FileChannelImpl@6f44abc
2023-12-13 18:49:51,612 [grpc-default-executor-3] TRACE util.FileUtils (LogUtils.java:runAndLog(49)) - Successfully ran Atomic Files.move /home/runner/work/ratis/ratis/ratis-test/target/test/data/b8de9602/MiniRaftClusterWithGrpcf0961638/s2/d34b0aba-0684-48bf-9332-cd21f7930502/current/raft-meta.tmp to /home/runner/work/ratis/ratis/ratis-test/target/test/data/b8de9602/MiniRaftClusterWithGrpcf0961638/s2/d34b0aba-0684-48bf-9332-cd21f7930502/current/raft-meta with options [REPLACE_EXISTING]
2023-12-13 18:49:51,612 [grpc-default-executor-2] TRACE util.FileUtils (LogUtils.java:runAndLog(49)) - Successfully ran Atomic Files.move /home/runner/work/ratis/ratis/ratis-test/target/test/data/b8de9602/MiniRaftClusterWithGrpcf0961638/s0/d34b0aba-0684-48bf-9332-cd21f7930502/current/raft-meta.tmp to /home/runner/work/ratis/ratis/ratis-test/target/test/data/b8de9602/MiniRaftClusterWithGrpcf0961638/s0/d34b0aba-0684-48bf-9332-cd21f7930502/current/raft-meta with options [REPLACE_EXISTING]
2023-12-13 18:49:51,612 [grpc-default-executor-3] INFO  server.RaftServer$Division (RaftServerImpl.java:requestVote(1410)) - s2@group-CD21F7930502 replies to ELECTION vote request: s1<-s2#0:OK-t2. Peer's state: s2@group-CD21F7930502:t2, leader=null, voted=s1, raftlog=Memoized:s2@group-CD21F7930502-SegmentedRaftLog:OPENED:c-1, conf=0: peers:[s0|0.0.0.0:45675, s1|0.0.0.0:36295, s2|0.0.0.0:46415]|listeners:[], old=null
2023-12-13 18:49:51,612 [grpc-default-executor-2] INFO  server.RaftServer$Division (RaftServerImpl.java:requestVote(1410)) - s0@group-CD21F7930502 replies to ELECTION vote request: s1<-s0#0:OK-t2. Peer's state: s0@group-CD21F7930502:t2, leader=null, voted=s1, raftlog=Memoized:s0@group-CD21F7930502-SegmentedRaftLog:OPENED:c-1, conf=0: peers:[s0|0.0.0.0:45675, s1|0.0.0.0:36295, s2|0.0.0.0:46415]|listeners:[], old=null
2023-12-13 18:49:51,613 [s1@group-CD21F7930502-LeaderElection2] INFO  impl.LeaderElection (LeaderElection.java:logAndReturn(89)) - s1@group-CD21F7930502-LeaderElection2: ELECTION PASSED received 1 response(s) and 0 exception(s):
2023-12-13 18:49:51,613 [s1@group-CD21F7930502-LeaderElection2] INFO  impl.LeaderElection (LeaderElection.java:logAndReturn(93)) -   Response 0: s1<-s2#0:OK-t2
2023-12-13 18:49:51,613 [s1@group-CD21F7930502-LeaderElection2] INFO  impl.LeaderElection (LeaderElection.java:askForVotes(323)) - s1@group-CD21F7930502-LeaderElection2 ELECTION round 0: result PASSED
2023-12-13 18:49:51,614 [s1@group-CD21F7930502-LeaderElection2] INFO  impl.RoleInfo (RoleInfo.java:shutdownLeaderElection(130)) - s1: shutdown s1@group-CD21F7930502-LeaderElection2
2023-12-13 18:49:51,614 [s1@group-CD21F7930502-LeaderElection2] INFO  server.RaftServer$Division (RaftServerImpl.java:setRole(379)) - s1@group-CD21F7930502: changes role from CANDIDATE to LEADER at term 2 for changeToLeader
2023-12-13 18:49:51,614 [s1@group-CD21F7930502-LeaderElection2] INFO  server.RaftServerConfigKeys (ConfUtils.java:logGet(46)) - raft.server.staging.catchup.gap = 1000 (default)
2023-12-13 18:49:51,614 [s1@group-CD21F7930502-LeaderElection2] INFO  server.RaftServerConfigKeys (ConfUtils.java:logGet(46)) - raft.server.write.element-limit = 4096 (default)
2023-12-13 18:49:51,614 [s1@group-CD21F7930502-LeaderElection2] INFO  server.RaftServerConfigKeys (ConfUtils.java:logGet(46)) - raft.server.write.byte-limit = 64MB (=67108864) (default)
2023-12-13 18:49:51,614 [s1@group-CD21F7930502-LeaderElection2] INFO  server.RaftServerConfigKeys (ConfUtils.java:logGet(46)) - raft.server.watch.timeout = 10s (default)
2023-12-13 18:49:51,614 [s1@group-CD21F7930502-LeaderElection2] INFO  server.RaftServerConfigKeys (ConfUtils.java:logGet(46)) - raft.server.watch.timeout.denomination = 1s (default)
2023-12-13 18:49:51,614 [s1@group-CD21F7930502-LeaderElection2] INFO  server.RaftServerConfigKeys (ConfUtils.java:logGet(46)) - raft.server.watch.element-limit = 65536 (default)
2023-12-13 18:49:51,614 [s1@group-CD21F7930502-LeaderElection2] INFO  server.RaftServerConfigKeys (ConfUtils.java:logGet(46)) - raft.server.read.leader.lease.enabled = false (default)
2023-12-13 18:49:51,614 [s1@group-CD21F7930502-LeaderElection2] INFO  server.RaftServerConfigKeys (ConfUtils.java:logGet(46)) - raft.server.read.leader.lease.timeout.ratio = 0.9 (default)
2023-12-13 18:49:51,614 [s1@group-CD21F7930502-LeaderElection2] INFO  server.RaftServerConfigKeys (ConfUtils.java:logGet(46)) - raft.server.rpc.timeout.min = 1500ms (custom)
2023-12-13 18:49:51,615 [s1@group-CD21F7930502-LeaderElection2] INFO  server.RaftServerConfigKeys (ConfUtils.java:logGet(46)) - raft.server.write.element-limit = 4096 (default)
2023-12-13 18:49:51,615 [s1@group-CD21F7930502-LeaderElection2] INFO  server.RaftServerConfigKeys (ConfUtils.java:logGet(46)) - raft.server.write.follower.gap.ratio.max = -1.0 (default)
2023-12-13 18:49:51,615 [s1@group-CD21F7930502-LeaderElection2] INFO  server.RaftServerConfigKeys (ConfUtils.java:logGet(46)) - raft.server.log.appender.snapshot.chunk.size.max = 16MB (=16777216) (default)
2023-12-13 18:49:51,615 [s1@group-CD21F7930502-LeaderElection2] INFO  server.RaftServerConfigKeys (ConfUtils.java:logGet(46)) - raft.server.log.appender.buffer.byte-limit = 4MB (=4194304) (default)
2023-12-13 18:49:51,615 [s1@group-CD21F7930502-LeaderElection2] INFO  server.RaftServerConfigKeys (ConfUtils.java:logGet(46)) - raft.server.log.appender.buffer.element-limit = 0 (default)
2023-12-13 18:49:51,615 [s1@group-CD21F7930502-LeaderElection2] INFO  server.RaftServerConfigKeys (ConfUtils.java:logGet(46)) - raft.server.log.appender.wait-time.min = 1ms (default)
2023-12-13 18:49:51,615 [s1@group-CD21F7930502-LeaderElection2] INFO  grpc.GrpcConfigKeys (ConfUtils.java:logGet(46)) - raft.grpc.server.leader.outstanding.appends.max = 8 (default)
2023-12-13 18:49:51,615 [s1@group-CD21F7930502-LeaderElection2] INFO  server.RaftServerConfigKeys (ConfUtils.java:logGet(46)) - raft.server.rpc.request.timeout = 3000ms (default)
2023-12-13 18:49:51,615 [s1@group-CD21F7930502-LeaderElection2] INFO  grpc.GrpcConfigKeys (ConfUtils.java:logGet(46)) - raft.grpc.server.install_snapshot.request.element-limit = 8 (default)
2023-12-13 18:49:51,615 [s1@group-CD21F7930502-LeaderElection2] INFO  grpc.GrpcConfigKeys (ConfUtils.java:logGet(46)) - raft.grpc.server.install_snapshot.request.timeout = 3000ms (default)
2023-12-13 18:49:51,615 [s1@group-CD21F7930502-LeaderElection2] INFO  server.RaftServerConfigKeys (ConfUtils.java:logGet(46)) - raft.server.log.appender.install.snapshot.enabled = true (default)
2023-12-13 18:49:51,616 [s1@group-CD21F7930502-LeaderElection2] INFO  grpc.GrpcConfigKeys (ConfUtils.java:logGet(46)) - raft.grpc.server.heartbeat.channel = true (default)
2023-12-13 18:49:51,616 [s1@group-CD21F7930502-LeaderElection2] INFO  server.RaftServerConfigKeys (ConfUtils.java:logGet(46)) - raft.server.log.appender.snapshot.chunk.size.max = 16MB (=16777216) (default)
2023-12-13 18:49:51,616 [s1@group-CD21F7930502-LeaderElection2] INFO  server.RaftServerConfigKeys (ConfUtils.java:logGet(46)) - raft.server.log.appender.buffer.byte-limit = 4MB (=4194304) (default)
2023-12-13 18:49:51,616 [s1@group-CD21F7930502-LeaderElection2] INFO  server.RaftServerConfigKeys (ConfUtils.java:logGet(46)) - raft.server.log.appender.buffer.element-limit = 0 (default)
2023-12-13 18:49:51,616 [s1@group-CD21F7930502-LeaderElection2] INFO  server.RaftServerConfigKeys (ConfUtils.java:logGet(46)) - raft.server.log.appender.wait-time.min = 1ms (default)
2023-12-13 18:49:51,616 [s1@group-CD21F7930502-LeaderElection2] INFO  grpc.GrpcConfigKeys (ConfUtils.java:logGet(46)) - raft.grpc.server.leader.outstanding.appends.max = 8 (default)
2023-12-13 18:49:51,616 [s1@group-CD21F7930502-LeaderElection2] INFO  server.RaftServerConfigKeys (ConfUtils.java:logGet(46)) - raft.server.rpc.request.timeout = 3000ms (default)
2023-12-13 18:49:51,616 [s1@group-CD21F7930502-LeaderElection2] INFO  grpc.GrpcConfigKeys (ConfUtils.java:logGet(46)) - raft.grpc.server.install_snapshot.request.element-limit = 8 (default)
2023-12-13 18:49:51,616 [s1@group-CD21F7930502-LeaderElection2] INFO  grpc.GrpcConfigKeys (ConfUtils.java:logGet(46)) - raft.grpc.server.install_snapshot.request.timeout = 3000ms (default)
2023-12-13 18:49:51,616 [s1@group-CD21F7930502-LeaderElection2] INFO  server.RaftServerConfigKeys (ConfUtils.java:logGet(46)) - raft.server.log.appender.install.snapshot.enabled = true (default)
2023-12-13 18:49:51,616 [s1@group-CD21F7930502-LeaderElection2] INFO  grpc.GrpcConfigKeys (ConfUtils.java:logGet(46)) - raft.grpc.server.heartbeat.channel = true (default)
2023-12-13 18:49:51,616 [s1@group-CD21F7930502-LeaderElection2] INFO  impl.RoleInfo (RoleInfo.java:updateAndGet(139)) - s1: start s1@group-CD21F7930502-LeaderStateImpl
2023-12-13 18:49:51,617 [s1@group-CD21F7930502-LeaderElection2] INFO  server.RaftServer$Division (RaftServerImpl.java:setFirstElection(564)) - s1@group-CD21F7930502: set firstElectionSinceStartup to false for becomeLeader
2023-12-13 18:49:51,617 [s1@group-CD21F7930502-LeaderElection2] INFO  server.RaftServer$Division (ServerState.java:setLeader(265)) - s1@group-CD21F7930502: change Leader from null to s1 at term 2 for becomeLeader, leader elected after 1600ms
2023-12-13 18:49:51,617 [s1@group-CD21F7930502-LeaderElection2] INFO  segmented.SegmentedRaftLogWorker (SegmentedRaftLogWorker.java:rollLogSegment(435)) - s1@group-CD21F7930502-SegmentedRaftLogWorker: Rolling segment log-0_0 to index:0
2023-12-13 18:49:51,617 [s1@group-CD21F7930502-LeaderElection2] INFO  server.RaftServer$Division (ServerState.java:setRaftConf(382)) - s1@group-CD21F7930502: set configuration 1: peers:[s0|0.0.0.0:45675, s1|0.0.0.0:36295, s2|0.0.0.0:46415]|listeners:[], old=null
2023-12-13 18:49:51,621 [s1@group-CD21F7930502-SegmentedRaftLogWorker] TRACE util.FileUtils (LogUtils.java:runAndLog(49)) - Successfully ran Atomic Files.move /home/runner/work/ratis/ratis/ratis-test/target/test/data/b8de9602/MiniRaftClusterWithGrpcf0961638/s1/d34b0aba-0684-48bf-9332-cd21f7930502/current/log_inprogress_0 to /home/runner/work/ratis/ratis/ratis-test/target/test/data/b8de9602/MiniRaftClusterWithGrpcf0961638/s1/d34b0aba-0684-48bf-9332-cd21f7930502/current/log_0-0
2023-12-13 18:49:51,621 [s1@group-CD21F7930502-SegmentedRaftLogWorker] INFO  segmented.SegmentedRaftLogWorker (SegmentedRaftLogWorker.java:execute(591)) - s1@group-CD21F7930502-SegmentedRaftLogWorker: Rolled log segment from /home/runner/work/ratis/ratis/ratis-test/target/test/data/b8de9602/MiniRaftClusterWithGrpcf0961638/s1/d34b0aba-0684-48bf-9332-cd21f7930502/current/log_inprogress_0 to /home/runner/work/ratis/ratis/ratis-test/target/test/data/b8de9602/MiniRaftClusterWithGrpcf0961638/s1/d34b0aba-0684-48bf-9332-cd21f7930502/current/log_0-0
2023-12-13 18:49:51,621 [s1@group-CD21F7930502-SegmentedRaftLogWorker] INFO  segmented.BufferedWriteChannel (BufferedWriteChannel.java:open(62)) - open log_inprogress_1 at position 0
2023-12-13 18:49:51,633 [s1@group-CD21F7930502-SegmentedRaftLogWorker] INFO  segmented.SegmentedRaftLogWorker (SegmentedRaftLogWorker.java:execute(634)) - s1@group-CD21F7930502-SegmentedRaftLogWorker: created new log segment /home/runner/work/ratis/ratis/ratis-test/target/test/data/b8de9602/MiniRaftClusterWithGrpcf0961638/s1/d34b0aba-0684-48bf-9332-cd21f7930502/current/log_inprogress_1
2023-12-13 18:49:51,633 [s0-server-thread1] INFO  server.RaftServer$Division (ServerState.java:setLeader(265)) - s0@group-CD21F7930502: change Leader from null to s1 at term 2 for appendEntries, leader elected after 1725ms
2023-12-13 18:49:51,637 [s2-server-thread1] INFO  server.RaftServer$Division (ServerState.java:setLeader(265)) - s2@group-CD21F7930502: change Leader from null to s1 at term 2 for appendEntries, leader elected after 617ms
2023-12-13 18:49:51,637 [s0-server-thread2] DEBUG server.RaftServer$Division (RaftServerImpl.java:logAppendEntries(1504)) - s0@group-CD21F7930502: receive appendEntries(s1, 2, (t:1, i:0), -1, false, commits:[s1:c-1, s0:c-1, s2:c-1], cId:1, entries: [(t:2, i:1), CONFIGURATIONENTRY(current:id: "s0"
address: "0.0.0.0:45675"
clientAddress: "0.0.0.0:45675"
adminAddress: "0.0.0.0:45675"
startupRole: FOLLOWER
,id: "s1"
address: "0.0.0.0:36295"
clientAddress: "0.0.0.0:36295"
adminAddress: "0.0.0.0:36295"
startupRole: FOLLOWER
,id: "s2"
address: "0.0.0.0:46415"
clientAddress: "0.0.0.0:46415"
adminAddress: "0.0.0.0:46415"
startupRole: FOLLOWER
, old:)]
2023-12-13 18:49:51,638 [s0-server-thread2] INFO  server.RaftServer$Division (ServerState.java:setRaftConf(382)) - s0@group-CD21F7930502: set configuration 1: peers:[s0|0.0.0.0:45675, s1|0.0.0.0:36295, s2|0.0.0.0:46415]|listeners:[], old=null
2023-12-13 18:49:51,638 [s0-server-thread2] INFO  segmented.SegmentedRaftLogWorker (SegmentedRaftLogWorker.java:rollLogSegment(435)) - s0@group-CD21F7930502-SegmentedRaftLogWorker: Rolling segment log-0_0 to index:0
2023-12-13 18:49:51,640 [s0@group-CD21F7930502-SegmentedRaftLogWorker] TRACE util.FileUtils (LogUtils.java:runAndLog(49)) - Successfully ran Atomic Files.move /home/runner/work/ratis/ratis/ratis-test/target/test/data/b8de9602/MiniRaftClusterWithGrpcf0961638/s0/d34b0aba-0684-48bf-9332-cd21f7930502/current/log_inprogress_0 to /home/runner/work/ratis/ratis/ratis-test/target/test/data/b8de9602/MiniRaftClusterWithGrpcf0961638/s0/d34b0aba-0684-48bf-9332-cd21f7930502/current/log_0-0
2023-12-13 18:49:51,640 [s0@group-CD21F7930502-SegmentedRaftLogWorker] INFO  segmented.SegmentedRaftLogWorker (SegmentedRaftLogWorker.java:execute(591)) - s0@group-CD21F7930502-SegmentedRaftLogWorker: Rolled log segment from /home/runner/work/ratis/ratis/ratis-test/target/test/data/b8de9602/MiniRaftClusterWithGrpcf0961638/s0/d34b0aba-0684-48bf-9332-cd21f7930502/current/log_inprogress_0 to /home/runner/work/ratis/ratis/ratis-test/target/test/data/b8de9602/MiniRaftClusterWithGrpcf0961638/s0/d34b0aba-0684-48bf-9332-cd21f7930502/current/log_0-0
2023-12-13 18:49:51,640 [s0@group-CD21F7930502-SegmentedRaftLogWorker] INFO  segmented.BufferedWriteChannel (BufferedWriteChannel.java:open(62)) - open log_inprogress_1 at position 0
2023-12-13 18:49:51,643 [s2-server-thread2] DEBUG server.RaftServer$Division (RaftServerImpl.java:logAppendEntries(1504)) - s2@group-CD21F7930502: receive appendEntries(s1, 2, (t:1, i:0), -1, false, commits:[s1:c-1, s0:c-1, s2:c-1], cId:1, entries: [(t:2, i:1), CONFIGURATIONENTRY(current:id: "s0"
address: "0.0.0.0:45675"
clientAddress: "0.0.0.0:45675"
adminAddress: "0.0.0.0:45675"
startupRole: FOLLOWER
,id: "s1"
address: "0.0.0.0:36295"
clientAddress: "0.0.0.0:36295"
adminAddress: "0.0.0.0:36295"
startupRole: FOLLOWER
,id: "s2"
address: "0.0.0.0:46415"
clientAddress: "0.0.0.0:46415"
adminAddress: "0.0.0.0:46415"
startupRole: FOLLOWER
, old:)]
2023-12-13 18:49:51,644 [s2-server-thread2] INFO  server.RaftServer$Division (ServerState.java:setRaftConf(382)) - s2@group-CD21F7930502: set configuration 1: peers:[s0|0.0.0.0:45675, s1|0.0.0.0:36295, s2|0.0.0.0:46415]|listeners:[], old=null
2023-12-13 18:49:51,645 [s2-server-thread2] INFO  segmented.SegmentedRaftLogWorker (SegmentedRaftLogWorker.java:rollLogSegment(435)) - s2@group-CD21F7930502-SegmentedRaftLogWorker: Rolling segment log-0_0 to index:0
2023-12-13 18:49:51,645 [s2@group-CD21F7930502-SegmentedRaftLogWorker] TRACE util.FileUtils (LogUtils.java:runAndLog(49)) - Successfully ran Atomic Files.move /home/runner/work/ratis/ratis/ratis-test/target/test/data/b8de9602/MiniRaftClusterWithGrpcf0961638/s2/d34b0aba-0684-48bf-9332-cd21f7930502/current/log_inprogress_0 to /home/runner/work/ratis/ratis/ratis-test/target/test/data/b8de9602/MiniRaftClusterWithGrpcf0961638/s2/d34b0aba-0684-48bf-9332-cd21f7930502/current/log_0-0
2023-12-13 18:49:51,645 [s2@group-CD21F7930502-SegmentedRaftLogWorker] INFO  segmented.SegmentedRaftLogWorker (SegmentedRaftLogWorker.java:execute(591)) - s2@group-CD21F7930502-SegmentedRaftLogWorker: Rolled log segment from /home/runner/work/ratis/ratis/ratis-test/target/test/data/b8de9602/MiniRaftClusterWithGrpcf0961638/s2/d34b0aba-0684-48bf-9332-cd21f7930502/current/log_inprogress_0 to /home/runner/work/ratis/ratis/ratis-test/target/test/data/b8de9602/MiniRaftClusterWithGrpcf0961638/s2/d34b0aba-0684-48bf-9332-cd21f7930502/current/log_0-0
2023-12-13 18:49:51,645 [s2@group-CD21F7930502-SegmentedRaftLogWorker] INFO  segmented.BufferedWriteChannel (BufferedWriteChannel.java:open(62)) - open log_inprogress_1 at position 0
2023-12-13 18:49:51,648 [s0@group-CD21F7930502-SegmentedRaftLogWorker] INFO  segmented.SegmentedRaftLogWorker (SegmentedRaftLogWorker.java:execute(634)) - s0@group-CD21F7930502-SegmentedRaftLogWorker: created new log segment /home/runner/work/ratis/ratis/ratis-test/target/test/data/b8de9602/MiniRaftClusterWithGrpcf0961638/s0/d34b0aba-0684-48bf-9332-cd21f7930502/current/log_inprogress_1
2023-12-13 18:49:51,652 [s0-server-thread3] DEBUG server.RaftServer$Division (RaftServerImpl.java:logAppendEntries(1504)) - s0@group-CD21F7930502: succeeded to handle AppendEntries. Reply: s1<-s0#1:OK-t2,SUCCESS,nextIndex=2,followerCommit=-1,matchIndex=1
2023-12-13 18:49:51,653 [s2@group-CD21F7930502-SegmentedRaftLogWorker] INFO  segmented.SegmentedRaftLogWorker (SegmentedRaftLogWorker.java:execute(634)) - s2@group-CD21F7930502-SegmentedRaftLogWorker: created new log segment /home/runner/work/ratis/ratis/ratis-test/target/test/data/b8de9602/MiniRaftClusterWithGrpcf0961638/s2/d34b0aba-0684-48bf-9332-cd21f7930502/current/log_inprogress_1
2023-12-13 18:49:51,653 [s2-server-thread2] DEBUG server.RaftServer$Division (RaftServerImpl.java:logAppendEntries(1504)) - s2@group-CD21F7930502: succeeded to handle AppendEntries. Reply: s1<-s2#1:OK-t2,SUCCESS,nextIndex=2,followerCommit=-1,matchIndex=1
2023-12-13 18:49:51,654 [s1@group-CD21F7930502-StateMachineUpdater] TRACE util.FileUtils (LogUtils.java:supplyAndLog(69)) - Successfully supplied FileChannel.open /home/runner/work/ratis/ratis/ratis-test/target/test/data/b8de9602/MiniRaftClusterWithGrpcf0961638/s1/d34b0aba-0684-48bf-9332-cd21f7930502/current/raft-meta.conf.tmp with options [CREATE, WRITE]: sun.nio.ch.FileChannelImpl@3de4c9e5
2023-12-13 18:49:51,655 [s1@group-CD21F7930502-StateMachineUpdater] TRACE util.FileUtils (LogUtils.java:runAndLog(49)) - Successfully ran Atomic Files.move /home/runner/work/ratis/ratis/ratis-test/target/test/data/b8de9602/MiniRaftClusterWithGrpcf0961638/s1/d34b0aba-0684-48bf-9332-cd21f7930502/current/raft-meta.conf.tmp to /home/runner/work/ratis/ratis/ratis-test/target/test/data/b8de9602/MiniRaftClusterWithGrpcf0961638/s1/d34b0aba-0684-48bf-9332-cd21f7930502/current/raft-meta.conf with options [REPLACE_EXISTING]
2023-12-13 18:49:51,655 [s1@group-CD21F7930502-StateMachineUpdater] TRACE util.FileUtils (LogUtils.java:supplyAndLog(69)) - Successfully supplied FileChannel.open /home/runner/work/ratis/ratis/ratis-test/target/test/data/b8de9602/MiniRaftClusterWithGrpcf0961638/s1/d34b0aba-0684-48bf-9332-cd21f7930502/current/raft-meta.conf.tmp with options [CREATE, WRITE]: sun.nio.ch.FileChannelImpl@33233029
2023-12-13 18:49:51,658 [s1@group-CD21F7930502-StateMachineUpdater] TRACE util.FileUtils (LogUtils.java:runAndLog(49)) - Successfully ran Atomic Files.move /home/runner/work/ratis/ratis/ratis-test/target/test/data/b8de9602/MiniRaftClusterWithGrpcf0961638/s1/d34b0aba-0684-48bf-9332-cd21f7930502/current/raft-meta.conf.tmp to /home/runner/work/ratis/ratis/ratis-test/target/test/data/b8de9602/MiniRaftClusterWithGrpcf0961638/s1/d34b0aba-0684-48bf-9332-cd21f7930502/current/raft-meta.conf with options [REPLACE_EXISTING]
2023-12-13 18:49:51,659 [s1@group-CD21F7930502-StateMachineUpdater] INFO  server.RaftServer$Division (LeaderStateImpl.java:isApplied(320)) - leader is ready since appliedIndex == 1 >= startIndex == 1
2023-12-13 18:49:51,659 [s2-server-thread2] DEBUG server.RaftServer$Division (RaftServerImpl.java:logAppendEntries(1504)) - s2@group-CD21F7930502: receive appendEntries(s1, 2, (t:2, i:1), 1, false, commits:[s1:c1, s0:c-1, s2:c-1], cId:2, entries: [(t:2, i:2), METADATAENTRY(c:1)]
2023-12-13 18:49:51,659 [s0-server-thread3] DEBUG server.RaftServer$Division (RaftServerImpl.java:logAppendEntries(1504)) - s0@group-CD21F7930502: receive appendEntries(s1, 2, (t:2, i:1), 1, false, commits:[s1:c1, s0:c-1, s2:c-1], cId:2, entries: [(t:2, i:2), METADATAENTRY(c:1)]
2023-12-13 18:49:51,660 [s2-server-thread2] DEBUG server.RaftServer$Division (RaftServerImpl.java:logAppendEntries(1504)) - s2@group-CD21F7930502: succeeded to handle AppendEntries. Reply: s1<-s2#2:OK-t2,SUCCESS,nextIndex=3,followerCommit=1,matchIndex=2
2023-12-13 18:49:51,660 [s2@group-CD21F7930502-StateMachineUpdater] TRACE util.FileUtils (LogUtils.java:supplyAndLog(69)) - Successfully supplied FileChannel.open /home/runner/work/ratis/ratis/ratis-test/target/test/data/b8de9602/MiniRaftClusterWithGrpcf0961638/s2/d34b0aba-0684-48bf-9332-cd21f7930502/current/raft-meta.conf.tmp with options [CREATE, WRITE]: sun.nio.ch.FileChannelImpl@345bcd4f
2023-12-13 18:49:51,661 [s0-server-thread3] DEBUG server.RaftServer$Division (RaftServerImpl.java:logAppendEntries(1504)) - s0@group-CD21F7930502: succeeded to handle AppendEntries. Reply: s1<-s0#2:OK-t2,SUCCESS,nextIndex=3,followerCommit=1,matchIndex=2
2023-12-13 18:49:51,661 [s0@group-CD21F7930502-StateMachineUpdater] TRACE util.FileUtils (LogUtils.java:supplyAndLog(69)) - Successfully supplied FileChannel.open /home/runner/work/ratis/ratis/ratis-test/target/test/data/b8de9602/MiniRaftClusterWithGrpcf0961638/s0/d34b0aba-0684-48bf-9332-cd21f7930502/current/raft-meta.conf.tmp with options [CREATE, WRITE]: sun.nio.ch.FileChannelImpl@af1aa75
2023-12-13 18:49:51,662 [s2@group-CD21F7930502-StateMachineUpdater] TRACE util.FileUtils (LogUtils.java:runAndLog(49)) - Successfully ran Atomic Files.move /home/runner/work/ratis/ratis/ratis-test/target/test/data/b8de9602/MiniRaftClusterWithGrpcf0961638/s2/d34b0aba-0684-48bf-9332-cd21f7930502/current/raft-meta.conf.tmp to /home/runner/work/ratis/ratis/ratis-test/target/test/data/b8de9602/MiniRaftClusterWithGrpcf0961638/s2/d34b0aba-0684-48bf-9332-cd21f7930502/current/raft-meta.conf with options [REPLACE_EXISTING]
2023-12-13 18:49:51,662 [s2@group-CD21F7930502-StateMachineUpdater] TRACE util.FileUtils (LogUtils.java:supplyAndLog(69)) - Successfully supplied FileChannel.open /home/runner/work/ratis/ratis/ratis-test/target/test/data/b8de9602/MiniRaftClusterWithGrpcf0961638/s2/d34b0aba-0684-48bf-9332-cd21f7930502/current/raft-meta.conf.tmp with options [CREATE, WRITE]: sun.nio.ch.FileChannelImpl@3a9c35b4
2023-12-13 18:49:51,662 [s0@group-CD21F7930502-StateMachineUpdater] TRACE util.FileUtils (LogUtils.java:runAndLog(49)) - Successfully ran Atomic Files.move /home/runner/work/ratis/ratis/ratis-test/target/test/data/b8de9602/MiniRaftClusterWithGrpcf0961638/s0/d34b0aba-0684-48bf-9332-cd21f7930502/current/raft-meta.conf.tmp to /home/runner/work/ratis/ratis/ratis-test/target/test/data/b8de9602/MiniRaftClusterWithGrpcf0961638/s0/d34b0aba-0684-48bf-9332-cd21f7930502/current/raft-meta.conf with options [REPLACE_EXISTING]
2023-12-13 18:49:51,663 [s0@group-CD21F7930502-StateMachineUpdater] TRACE util.FileUtils (LogUtils.java:supplyAndLog(69)) - Successfully supplied FileChannel.open /home/runner/work/ratis/ratis/ratis-test/target/test/data/b8de9602/MiniRaftClusterWithGrpcf0961638/s0/d34b0aba-0684-48bf-9332-cd21f7930502/current/raft-meta.conf.tmp with options [CREATE, WRITE]: sun.nio.ch.FileChannelImpl@436555b
2023-12-13 18:49:51,665 [s0@group-CD21F7930502-StateMachineUpdater] TRACE util.FileUtils (LogUtils.java:runAndLog(49)) - Successfully ran Atomic Files.move /home/runner/work/ratis/ratis/ratis-test/target/test/data/b8de9602/MiniRaftClusterWithGrpcf0961638/s0/d34b0aba-0684-48bf-9332-cd21f7930502/current/raft-meta.conf.tmp to /home/runner/work/ratis/ratis/ratis-test/target/test/data/b8de9602/MiniRaftClusterWithGrpcf0961638/s0/d34b0aba-0684-48bf-9332-cd21f7930502/current/raft-meta.conf with options [REPLACE_EXISTING]
2023-12-13 18:49:51,665 [s2@group-CD21F7930502-StateMachineUpdater] TRACE util.FileUtils (LogUtils.java:runAndLog(49)) - Successfully ran Atomic Files.move /home/runner/work/ratis/ratis/ratis-test/target/test/data/b8de9602/MiniRaftClusterWithGrpcf0961638/s2/d34b0aba-0684-48bf-9332-cd21f7930502/current/raft-meta.conf.tmp to /home/runner/work/ratis/ratis/ratis-test/target/test/data/b8de9602/MiniRaftClusterWithGrpcf0961638/s2/d34b0aba-0684-48bf-9332-cd21f7930502/current/raft-meta.conf with options [REPLACE_EXISTING]
2023-12-13 18:49:54,029 [Time-limited test] INFO  ratis.RaftTestUtil (RaftTestUtil.java:waitForLeader(124)) - printing ALL groups
  s0:  RUNNING  FOLLOWER s0@group-CD21F7930502:t2, leader=s1, voted=s1, raftlog=Memoized:s0@group-CD21F7930502-SegmentedRaftLog:OPENED:c2, conf=1: peers:[s0|0.0.0.0:45675, s1|0.0.0.0:36295, s2|0.0.0.0:46415]|listeners:[], old=null RUNNING
  s1:  RUNNING    LEADER s1@group-CD21F7930502:t2, leader=s1, voted=s1, raftlog=Memoized:s1@group-CD21F7930502-SegmentedRaftLog:OPENED:c2, conf=1: peers:[s0|0.0.0.0:45675, s1|0.0.0.0:36295, s2|0.0.0.0:46415]|listeners:[], old=null RUNNING
  s2:  RUNNING  FOLLOWER s2@group-CD21F7930502:t2, leader=s1, voted=s1, raftlog=Memoized:s2@group-CD21F7930502-SegmentedRaftLog:OPENED:c2, conf=1: peers:[s0|0.0.0.0:45675, s1|0.0.0.0:36295, s2|0.0.0.0:46415]|listeners:[], old=null RUNNING
2023-12-13 18:49:54,029 [Time-limited test] INFO  impl.MiniRaftCluster (MiniRaftCluster.java:shutdown(831)) - ************************************************************** 
2023-12-13 18:49:54,029 [Time-limited test] INFO  impl.MiniRaftCluster (MiniRaftCluster.java:shutdown(832)) - *** 
2023-12-13 18:49:54,029 [Time-limited test] INFO  impl.MiniRaftCluster (MiniRaftCluster.java:shutdown(833)) - ***     Stopping MiniRaftClusterWithGrpc
2023-12-13 18:49:54,029 [Time-limited test] INFO  impl.MiniRaftCluster (MiniRaftCluster.java:shutdown(834)) - *** 
2023-12-13 18:49:54,029 [Time-limited test] INFO  impl.MiniRaftCluster (MiniRaftCluster.java:shutdown(835)) - ************************************************************** 
2023-12-13 18:49:54,030 [Time-limited test] INFO  impl.MiniRaftCluster (MiniRaftCluster.java:shutdown(836)) - printing ALL groups
  s0:  RUNNING  FOLLOWER s0@group-CD21F7930502:t2, leader=s1, voted=s1, raftlog=Memoized:s0@group-CD21F7930502-SegmentedRaftLog:OPENED:c2, conf=1: peers:[s0|0.0.0.0:45675, s1|0.0.0.0:36295, s2|0.0.0.0:46415]|listeners:[], old=null RUNNING
  s1:  RUNNING    LEADER s1@group-CD21F7930502:t2, leader=s1, voted=s1, raftlog=Memoized:s1@group-CD21F7930502-SegmentedRaftLog:OPENED:c2, conf=1: peers:[s0|0.0.0.0:45675, s1|0.0.0.0:36295, s2|0.0.0.0:46415]|listeners:[], old=null RUNNING
  s2:  RUNNING  FOLLOWER s2@group-CD21F7930502:t2, leader=s1, voted=s1, raftlog=Memoized:s2@group-CD21F7930502-SegmentedRaftLog:OPENED:c2, conf=1: peers:[s0|0.0.0.0:45675, s1|0.0.0.0:36295, s2|0.0.0.0:46415]|listeners:[], old=null RUNNING
2023-12-13 18:49:54,030 [MiniRaftCluster-3] INFO  server.RaftServer (RaftServerProxy.java:lambda$close$9(416)) - s0: close
2023-12-13 18:49:54,030 [MiniRaftCluster-3] INFO  server.GrpcService (GrpcService.java:closeImpl(311)) - s0: shutdown server GrpcServerProtocolService now
2023-12-13 18:49:54,030 [s0-impl-thread1] INFO  server.RaftServer$Division (RaftServerImpl.java:lambda$close$3(516)) - s0@group-CD21F7930502: shutdown
2023-12-13 18:49:54,031 [s0-impl-thread1] INFO  util.JmxRegister (JmxRegister.java:unregister(73)) - Successfully un-registered JMX Bean with object name Ratis:service=RaftServer,group=group-CD21F7930502,id=s0
2023-12-13 18:49:54,031 [s0-impl-thread1] INFO  impl.RoleInfo (RoleInfo.java:shutdownFollowerState(110)) - s0: shutdown s0@group-CD21F7930502-FollowerState
2023-12-13 18:49:54,031 [s0-impl-thread1] INFO  impl.StateMachineUpdater (StateMachineUpdater.java:stopAndJoin(157)) - s0@group-CD21F7930502-StateMachineUpdater: set stopIndex = 2
2023-12-13 18:49:54,031 [MiniRaftCluster-5] INFO  server.RaftServer (RaftServerProxy.java:lambda$close$9(416)) - s2: close
2023-12-13 18:49:54,031 [s2-impl-thread1] INFO  server.RaftServer$Division (RaftServerImpl.java:lambda$close$3(516)) - s2@group-CD21F7930502: shutdown
2023-12-13 18:49:54,031 [s0-impl-thread1] INFO  server.RaftServer$Division (ServerState.java:close(423)) - s0@group-CD21F7930502: applyIndex: 2
2023-12-13 18:49:54,031 [s2-impl-thread1] INFO  util.JmxRegister (JmxRegister.java:unregister(73)) - Successfully un-registered JMX Bean with object name Ratis:service=RaftServer,group=group-CD21F7930502,id=s2
2023-12-13 18:49:54,031 [s2-impl-thread1] INFO  impl.RoleInfo (RoleInfo.java:shutdownFollowerState(110)) - s2: shutdown s2@group-CD21F7930502-FollowerState
2023-12-13 18:49:54,031 [s0@group-CD21F7930502-cacheEviction-AwaitToRun] INFO  util.AwaitToRun (AwaitToRun.java:run(49)) - s0@group-CD21F7930502-cacheEviction-AwaitToRun-AwaitForSignal is interrupted
2023-12-13 18:49:54,031 [s2-impl-thread1] INFO  impl.StateMachineUpdater (StateMachineUpdater.java:stopAndJoin(157)) - s2@group-CD21F7930502-StateMachineUpdater: set stopIndex = 2
2023-12-13 18:49:54,031 [s2@group-CD21F7930502-FollowerState] INFO  impl.FollowerState (FollowerState.java:run(152)) - s2@group-CD21F7930502-FollowerState was interrupted
2023-12-13 18:49:54,030 [MiniRaftCluster-4] INFO  server.RaftServer (RaftServerProxy.java:lambda$close$9(416)) - s1: close
2023-12-13 18:49:54,032 [MiniRaftCluster-4] INFO  server.GrpcService (GrpcService.java:closeImpl(311)) - s1: shutdown server GrpcServerProtocolService now
2023-12-13 18:49:54,032 [MiniRaftCluster-5] INFO  server.GrpcService (GrpcService.java:closeImpl(311)) - s2: shutdown server GrpcServerProtocolService now
2023-12-13 18:49:54,034 [s1-impl-thread1] INFO  server.RaftServer$Division (RaftServerImpl.java:lambda$close$3(516)) - s1@group-CD21F7930502: shutdown
2023-12-13 18:49:54,034 [s0@group-CD21F7930502-FollowerState] INFO  impl.FollowerState (FollowerState.java:run(152)) - s0@group-CD21F7930502-FollowerState was interrupted
2023-12-13 18:49:54,034 [s1-impl-thread1] INFO  util.JmxRegister (JmxRegister.java:unregister(73)) - Successfully un-registered JMX Bean with object name Ratis:service=RaftServer,group=group-CD21F7930502,id=s1
2023-12-13 18:49:54,034 [s1-impl-thread1] INFO  impl.RoleInfo (RoleInfo.java:shutdownLeaderState(94)) - s1: shutdown s1@group-CD21F7930502-LeaderStateImpl
2023-12-13 18:49:54,034 [s1@group-CD21F7930502->s0-GrpcLogAppender-LogAppenderDaemon] WARN  server.GrpcLogAppender (GrpcLogAppender.java:mayWait(279)) - s1@group-CD21F7930502->s0-GrpcLogAppender: Wait interrupted by java.lang.InterruptedException
2023-12-13 18:49:54,034 [s1@group-CD21F7930502->s2-GrpcLogAppender-LogAppenderDaemon] WARN  server.GrpcLogAppender (GrpcLogAppender.java:mayWait(279)) - s1@group-CD21F7930502->s2-GrpcLogAppender: Wait interrupted by java.lang.InterruptedException
2023-12-13 18:49:54,035 [grpc-default-executor-5] WARN  server.GrpcServerProtocolService (LogUtils.java:warn(121)) - s0: APPEND_ENTRIES onError, lastRequest: null: org.apache.ratis.thirdparty.io.grpc.StatusRuntimeException: CANCELLED: client cancelled
2023-12-13 18:49:54,038 [grpc-default-executor-11] INFO  server.GrpcLogAppender (GrpcLogAppender.java:onError(523)) - s1@group-CD21F7930502->s0-GrpcLogAppender is already stopped
2023-12-13 18:49:54,038 [grpc-default-executor-10] INFO  server.GrpcLogAppender (GrpcLogAppender.java:onError(523)) - s1@group-CD21F7930502->s2-GrpcLogAppender is already stopped
2023-12-13 18:49:54,038 [Thread-123] INFO  server.GrpcServerProtocolClient (GrpcServerProtocolClient.java:close(103)) - s0 Close channels
2023-12-13 18:49:54,038 [Thread-126] INFO  server.GrpcServerProtocolClient (GrpcServerProtocolClient.java:close(103)) - s2 Close channels
2023-12-13 18:49:54,034 [s1-impl-thread1] INFO  impl.PendingRequests (PendingRequests.java:sendNotLeaderResponses(289)) - s1@group-CD21F7930502-PendingRequests: sendNotLeaderResponses
2023-12-13 18:49:54,037 [grpc-default-executor-7] WARN  server.GrpcServerProtocolService (LogUtils.java:warn(121)) - s2: APPEND_ENTRIES onError, lastRequest: s1->s2#2-t2,previous=(t:2, i:1),leaderCommit=1,initializing? false,entries: size=1, first=(t:2, i:2), METADATAENTRY(c:1): org.apache.ratis.thirdparty.io.grpc.StatusRuntimeException: CANCELLED: client cancelled
2023-12-13 18:49:54,037 [grpc-default-executor-0] WARN  server.GrpcServerProtocolService (LogUtils.java:warn(121)) - s0: APPEND_ENTRIES onError, lastRequest: s1->s0#2-t2,previous=(t:2, i:1),leaderCommit=1,initializing? false,entries: size=1, first=(t:2, i:2), METADATAENTRY(c:1): org.apache.ratis.thirdparty.io.grpc.StatusRuntimeException: CANCELLED: client cancelled
2023-12-13 18:49:54,037 [grpc-default-executor-9] INFO  server.GrpcLogAppender (GrpcLogAppender.java:onError(523)) - s1@group-CD21F7930502->s0-GrpcLogAppender is already stopped
2023-12-13 18:49:54,036 [grpc-default-executor-8] INFO  server.GrpcLogAppender (GrpcLogAppender.java:onError(523)) - s1@group-CD21F7930502->s2-GrpcLogAppender is already stopped
2023-12-13 18:49:54,035 [s2-impl-thread1] INFO  server.RaftServer$Division (ServerState.java:close(423)) - s2@group-CD21F7930502: applyIndex: 2
2023-12-13 18:49:54,035 [MiniRaftCluster-3] INFO  server.GrpcService (GrpcService.java:closeImpl(320)) - s0: shutdown server GrpcServerProtocolService successfully
2023-12-13 18:49:54,047 [s2@group-CD21F7930502-cacheEviction-AwaitToRun] INFO  util.AwaitToRun (AwaitToRun.java:run(49)) - s2@group-CD21F7930502-cacheEviction-AwaitToRun-AwaitForSignal is interrupted
2023-12-13 18:49:54,035 [grpc-default-executor-1] WARN  server.GrpcServerProtocolService (LogUtils.java:warn(121)) - s2: APPEND_ENTRIES onError, lastRequest: null: org.apache.ratis.thirdparty.io.grpc.StatusRuntimeException: CANCELLED: client cancelled
2023-12-13 18:49:54,046 [MiniRaftCluster-5] INFO  server.GrpcService (GrpcService.java:closeImpl(320)) - s2: shutdown server GrpcServerProtocolService successfully
2023-12-13 18:49:54,048 [s1-impl-thread1] INFO  impl.StateMachineUpdater (StateMachineUpdater.java:stopAndJoin(157)) - s1@group-CD21F7930502-StateMachineUpdater: set stopIndex = 2
2023-12-13 18:49:54,048 [MiniRaftCluster-4] INFO  server.GrpcService (GrpcService.java:closeImpl(320)) - s1: shutdown server GrpcServerProtocolService successfully
2023-12-13 18:49:54,048 [s1-impl-thread1] INFO  server.RaftServer$Division (ServerState.java:close(423)) - s1@group-CD21F7930502: applyIndex: 2
2023-12-13 18:49:54,049 [s1@group-CD21F7930502-cacheEviction-AwaitToRun] INFO  util.AwaitToRun (AwaitToRun.java:run(49)) - s1@group-CD21F7930502-cacheEviction-AwaitToRun-AwaitForSignal is interrupted
2023-12-13 18:49:54,153 [Timer-1] INFO  impl.MiniRaftCluster (MiniRaftCluster.java:lambda$start$6(349)) - TIMED-PRINT: printing ALL groups
  s0:  CLOSING  FOLLOWER s0@group-CD21F7930502:t2, leader=s1, voted=s1, raftlog=Memoized:s0@group-CD21F7930502-SegmentedRaftLog:CLOSED:c2, conf=1: peers:[s0|0.0.0.0:45675, s1|0.0.0.0:36295, s2|0.0.0.0:46415]|listeners:[], old=null CLOSING
  s1:  CLOSING    LEADER s1@group-CD21F7930502:t2, leader=s1, voted=s1, raftlog=Memoized:s1@group-CD21F7930502-SegmentedRaftLog:CLOSED:c2, conf=1: peers:[s0|0.0.0.0:45675, s1|0.0.0.0:36295, s2|0.0.0.0:46415]|listeners:[], old=null CLOSING
  s2:  CLOSING  FOLLOWER s2@group-CD21F7930502:t2, leader=s1, voted=s1, raftlog=Memoized:s2@group-CD21F7930502-SegmentedRaftLog:CLOSED:c2, conf=1: peers:[s0|0.0.0.0:45675, s1|0.0.0.0:36295, s2|0.0.0.0:46415]|listeners:[], old=null CLOSING
2023-12-13 18:49:54,657 [s1-impl-thread1] INFO  segmented.SegmentedRaftLogWorker (SegmentedRaftLogWorker.java:close(245)) - s1@group-CD21F7930502-SegmentedRaftLogWorker close()
2023-12-13 18:49:54,657 [JvmPauseMonitor6] INFO  util.JvmPauseMonitor (JvmPauseMonitor.java:run(152)) - JvmPauseMonitor-s1: Stopped
2023-12-13 18:49:54,661 [s2-impl-thread1] INFO  segmented.SegmentedRaftLogWorker (SegmentedRaftLogWorker.java:close(245)) - s2@group-CD21F7930502-SegmentedRaftLogWorker close()
2023-12-13 18:49:54,662 [JvmPauseMonitor7] INFO  util.JvmPauseMonitor (JvmPauseMonitor.java:run(152)) - JvmPauseMonitor-s2: Stopped
2023-12-13 18:49:54,662 [s0-impl-thread1] INFO  segmented.SegmentedRaftLogWorker (SegmentedRaftLogWorker.java:close(245)) - s0@group-CD21F7930502-SegmentedRaftLogWorker close()
2023-12-13 18:49:54,663 [JvmPauseMonitor5] INFO  util.JvmPauseMonitor (JvmPauseMonitor.java:run(152)) - JvmPauseMonitor-s0: Stopped
2023-12-13 18:49:54,663 [Time-limited test] INFO  impl.MiniRaftCluster (MiniRaftCluster.java:shutdown(855)) - MiniRaftClusterWithGrpc shutdown completed
]]></system-out>
  </testcase>
  <testcase name="testGroupRemoveWhenRename" classname="org.apache.ratis.grpc.TestGroupManagementWithGrpc" time="3.025">
    <system-out><![CDATA[2023-12-13 18:49:54,664 [main] INFO  util.LogUtils (Slf4jUtils.java:setLogLevel(38)) - Successfully set org.apache.ratis.conf.ConfUtils log level to WARN
2023-12-13 18:49:54,664 [main] INFO  util.LogUtils (Slf4jUtils.java:setLogLevel(38)) - Successfully set org.apache.ratis.util.FileUtils log level to TRACE
2023-12-13 18:49:54,664 [main] INFO  util.LogUtils (Slf4jUtils.java:setLogLevel(38)) - Successfully set org.apache.ratis.server.RaftServer log level to DEBUG
2023-12-13 18:49:54,664 [main] INFO  util.LogUtils (Slf4jUtils.java:setLogLevel(38)) - Successfully set org.apache.ratis.server.RaftServer$Division log level to DEBUG
2023-12-13 18:49:54,664 [main] INFO  util.LogUtils (Slf4jUtils.java:setLogLevel(38)) - Successfully set org.apache.ratis.client.RaftClient log level to DEBUG
2023-12-13 18:49:54,665 [Time-limited test] INFO  impl.MiniRaftCluster (MiniRaftCluster.java:<init>(306)) - new MiniRaftClusterWithGrpc with group-6BEE03E5180E:[s0|localhost:41479]
2023-12-13 18:49:54,665 [Time-limited test] INFO  impl.MiniRaftCluster (MiniRaftCluster.java:<init>(306)) - new MiniRaftClusterWithGrpc with group-672F81468961:[s0|localhost:45197, s1|localhost:45859, s2|localhost:46727]
2023-12-13 18:49:54,665 [Time-limited test] INFO  impl.MiniRaftCluster (MiniRaftCluster.java:start(339)) - .............................................................. 
2023-12-13 18:49:54,665 [Time-limited test] INFO  impl.MiniRaftCluster (MiniRaftCluster.java:start(340)) - ... 
2023-12-13 18:49:54,665 [Time-limited test] INFO  impl.MiniRaftCluster (MiniRaftCluster.java:start(341)) - ...     Starting MiniRaftClusterWithGrpc
2023-12-13 18:49:54,665 [Time-limited test] INFO  impl.MiniRaftCluster (MiniRaftCluster.java:start(342)) - ... 
2023-12-13 18:49:54,665 [Time-limited test] INFO  impl.MiniRaftCluster (MiniRaftCluster.java:start(343)) - .............................................................. 
2023-12-13 18:49:54,665 [Time-limited test] INFO  impl.MiniRaftCluster (MiniRaftCluster.java:initServers(318)) - servers = {}
2023-12-13 18:49:54,666 [Time-limited test] INFO  impl.MiniRaftCluster (MiniRaftCluster.java:newRaftServer(382)) - newRaftServer: s0, group-6BEE03E5180E:[s0|localhost:41479], format? true
2023-12-13 18:49:54,666 [Time-limited test] TRACE util.FileUtils (FileUtils.java:deleteFully(305)) - deleteFully target/test/data/b8de9602/MiniRaftClusterWithGrpc30ad22b0/s0
2023-12-13 18:49:54,666 [Time-limited test] TRACE util.FileUtils (FileUtils.java:deleteFully(318)) - deleteFully: target/test/data/b8de9602/MiniRaftClusterWithGrpc30ad22b0/s0 does not exist.
2023-12-13 18:49:54,666 [Time-limited test] INFO  impl.MiniRaftCluster (MiniRaftCluster.java:newRaftServer(387)) - Formatted directory target/test/data/b8de9602/MiniRaftClusterWithGrpc30ad22b0/s0
2023-12-13 18:49:54,666 [Time-limited test] DEBUG server.RaftServer (ServerImplUtils.java:newRaftServer(51)) - newRaftServer: s0, group-6BEE03E5180E:[s0|localhost:41479]
2023-12-13 18:49:54,666 [Time-limited test] INFO  server.RaftServer (ConfUtils.java:logGet(46)) - raft.rpc.type = GRPC (default)
2023-12-13 18:49:54,666 [Time-limited test] INFO  grpc.GrpcConfigKeys (ConfUtils.java:logFallback(53)) - raft.grpc.admin.host = null (fallback to raft.grpc.server.host)
2023-12-13 18:49:54,666 [Time-limited test] INFO  grpc.GrpcConfigKeys (ConfUtils.java:logGet(46)) - raft.grpc.admin.port = 42195 (custom)
2023-12-13 18:49:54,666 [Time-limited test] INFO  grpc.GrpcConfigKeys (ConfUtils.java:logFallback(53)) - raft.grpc.client.host = null (fallback to raft.grpc.server.host)
2023-12-13 18:49:54,666 [Time-limited test] INFO  grpc.GrpcConfigKeys (ConfUtils.java:logGet(46)) - raft.grpc.client.port = 46545 (custom)
2023-12-13 18:49:54,666 [Time-limited test] INFO  grpc.GrpcConfigKeys (ConfUtils.java:logGet(46)) - raft.grpc.server.host = null (default)
2023-12-13 18:49:54,666 [Time-limited test] INFO  grpc.GrpcConfigKeys (ConfUtils.java:logGet(46)) - raft.grpc.server.port = 41479 (custom)
2023-12-13 18:49:54,666 [Time-limited test] INFO  server.GrpcService (ConfUtils.java:logGet(46)) - raft.grpc.message.size.max = 64MB (=67108864) (default)
2023-12-13 18:49:54,666 [Time-limited test] INFO  server.RaftServerConfigKeys (ConfUtils.java:logGet(46)) - raft.server.log.appender.buffer.byte-limit = 4MB (=4194304) (default)
2023-12-13 18:49:54,666 [Time-limited test] INFO  server.GrpcService (ConfUtils.java:logGet(46)) - raft.grpc.flow.control.window = 1MB (=1048576) (default)
2023-12-13 18:49:54,666 [Time-limited test] INFO  server.RaftServerConfigKeys (ConfUtils.java:logGet(46)) - raft.server.rpc.request.timeout = 3000ms (default)
2023-12-13 18:49:54,667 [Time-limited test] INFO  grpc.GrpcConfigKeys (ConfUtils.java:logGet(46)) - raft.grpc.server.heartbeat.channel = true (default)
2023-12-13 18:49:54,667 [Time-limited test] INFO  grpc.GrpcConfigKeys (ConfUtils.java:logGet(46)) - raft.grpc.server.async.request.thread.pool.cached = true (default)
2023-12-13 18:49:54,667 [Time-limited test] INFO  grpc.GrpcConfigKeys (ConfUtils.java:logGet(46)) - raft.grpc.server.async.request.thread.pool.size = 32 (default)
2023-12-13 18:49:54,668 [Time-limited test] INFO  impl.DataStreamServerImpl (ConfUtils.java:logGet(46)) - raft.datastream.type = DISABLED (default)
2023-12-13 18:49:54,668 [Time-limited test] INFO  server.RaftServerConfigKeys (ConfUtils.java:logGet(46)) - raft.server.sleep.deviation.threshold = 300ms (default)
2023-12-13 18:49:54,668 [Time-limited test] INFO  server.RaftServerConfigKeys (ConfUtils.java:logGet(46)) - raft.server.close.threshold = 60s (default)
2023-12-13 18:49:54,668 [Time-limited test] INFO  server.RaftServerConfigKeys (ConfUtils.java:logGet(46)) - raft.server.leaderelection.leader.step-down.wait-time = 10s (default)
2023-12-13 18:49:54,668 [Time-limited test] INFO  server.RaftServerConfigKeys (ConfUtils.java:logGet(46)) - raft.server.storage.dir = [/home/runner/work/ratis/ratis/ratis-test/target/test/data/b8de9602/MiniRaftClusterWithGrpc30ad22b0/s0] (custom)
2023-12-13 18:49:54,668 [Time-limited test] INFO  server.RaftServerConfigKeys (ConfUtils.java:logGet(46)) - raft.server.threadpool.proxy.cached = true (default)
2023-12-13 18:49:54,668 [Time-limited test] INFO  server.RaftServerConfigKeys (ConfUtils.java:logGet(46)) - raft.server.threadpool.proxy.size = 0 (default)
2023-12-13 18:49:54,668 [Time-limited test] INFO  server.RaftServer (RaftServerProxy.java:addNew(100)) - s0: addNew group-6BEE03E5180E:[s0|localhost:41479] returns group-6BEE03E5180E:java.util.concurrent.CompletableFuture@2a564c80[Not completed]
2023-12-13 18:49:54,668 [s0-groupManagement] INFO  server.RaftServer$Division (RaftServerImpl.java:<init>(256)) - s0: new RaftServerImpl for group-6BEE03E5180E:[s0|localhost:41479] with BaseStateMachine:uninitialized
2023-12-13 18:49:54,668 [s0-groupManagement] INFO  server.RaftServerConfigKeys (ConfUtils.java:logGet(46)) - raft.server.rpc.timeout.min = 1500ms (custom)
2023-12-13 18:49:54,668 [s0-groupManagement] INFO  server.RaftServerConfigKeys (ConfUtils.java:logGet(46)) - raft.server.rpc.timeout.max = 2000ms (custom)
2023-12-13 18:49:54,669 [s0-groupManagement] INFO  server.RaftServerConfigKeys (ConfUtils.java:logGet(46)) - raft.server.rpc.sleep.time = 25ms (default)
2023-12-13 18:49:54,669 [s0-groupManagement] INFO  server.RaftServerConfigKeys (ConfUtils.java:logGet(46)) - raft.server.rpc.slowness.timeout = 60s (default)
2023-12-13 18:49:54,669 [s0-groupManagement] INFO  server.RaftServerConfigKeys (ConfUtils.java:logGet(46)) - raft.server.leaderelection.leader.step-down.wait-time = 10s (default)
2023-12-13 18:49:54,669 [s0-groupManagement] INFO  server.RaftServerConfigKeys (ConfUtils.java:logGet(46)) - raft.server.leaderelection.member.majority-add = false (default)
2023-12-13 18:49:54,669 [s0-groupManagement] INFO  server.RaftServerConfigKeys (ConfUtils.java:logGet(46)) - raft.server.sleep.deviation.threshold = 300ms (default)
2023-12-13 18:49:54,669 [s0-groupManagement] INFO  server.RaftServer$Division (ServerState.java:<init>(113)) - s0@group-6BEE03E5180E: ConfigurationManager, init=-1: peers:[s0|localhost:41479]|listeners:[], old=null, confs=<EMPTY_MAP>
2023-12-13 18:49:54,669 [s0-groupManagement] INFO  server.RaftServerConfigKeys (ConfUtils.java:logGet(46)) - raft.server.notification.no-leader.timeout = 60s (default)
2023-12-13 18:49:54,669 [s0-groupManagement] INFO  server.RaftServerConfigKeys (ConfUtils.java:logGet(46)) - raft.server.read.timeout = 10s (default)
2023-12-13 18:49:54,669 [s0-groupManagement] INFO  server.RaftServerConfigKeys (ConfUtils.java:logGet(46)) - raft.server.retrycache.expirytime = 60s (default)
2023-12-13 18:49:54,669 [s0-groupManagement] INFO  server.RaftServerConfigKeys (ConfUtils.java:logGet(46)) - raft.server.retrycache.statistics.expirytime = 100ms (default)
2023-12-13 18:49:54,669 [s0-groupManagement] INFO  server.RaftServerConfigKeys (ConfUtils.java:logGet(46)) - raft.server.read.option = DEFAULT (default)
2023-12-13 18:49:54,669 [s0-groupManagement] INFO  server.RaftServerConfigKeys (ConfUtils.java:logGet(46)) - raft.server.read.read-after-write-consistent.write-index-cache.expiry-time = 60s (default)
2023-12-13 18:49:54,670 [s0-groupManagement] INFO  server.RaftServerConfigKeys (ConfUtils.java:logGet(46)) - raft.server.rpc.request.timeout = 3000ms (default)
2023-12-13 18:49:54,670 [s0-groupManagement] INFO  server.RaftServerConfigKeys (ConfUtils.java:logGet(46)) - raft.server.log.appender.install.snapshot.enabled = true (default)
2023-12-13 18:49:54,670 [s0-groupManagement] INFO  server.RaftServerConfigKeys (ConfUtils.java:logGet(46)) - raft.server.threadpool.server.cached = true (default)
2023-12-13 18:49:54,670 [s0-groupManagement] INFO  server.RaftServerConfigKeys (ConfUtils.java:logGet(46)) - raft.server.threadpool.server.size = 0 (default)
2023-12-13 18:49:54,670 [s0-groupManagement] INFO  server.RaftServerConfigKeys (ConfUtils.java:logGet(46)) - raft.server.threadpool.client.cached = true (default)
2023-12-13 18:49:54,670 [s0-groupManagement] INFO  server.RaftServerConfigKeys (ConfUtils.java:logGet(46)) - raft.server.threadpool.client.size = 0 (default)
2023-12-13 18:49:54,670 [s0-impl-thread1] INFO  server.RaftServerConfigKeys (ConfUtils.java:logGet(46)) - raft.server.storage.free-space.min = 0MB (=0) (default)
2023-12-13 18:49:54,670 [s0-impl-thread1] INFO  server.RaftServerConfigKeys (ConfUtils.java:logGet(46)) - raft.server.log.corruption.policy = EXCEPTION (default)
2023-12-13 18:49:54,670 [s0-impl-thread1] INFO  server.RaftServerConfigKeys (ConfUtils.java:logGet(46)) - raft.server.storage.dir = [/home/runner/work/ratis/ratis/ratis-test/target/test/data/b8de9602/MiniRaftClusterWithGrpc30ad22b0/s0] (custom)
2023-12-13 18:49:54,671 [s0-impl-thread1] INFO  storage.RaftStorageDirectory (RaftStorageDirectoryImpl.java:analyzeStorage(138)) - The storage directory /home/runner/work/ratis/ratis/ratis-test/target/test/data/b8de9602/MiniRaftClusterWithGrpc30ad22b0/s0/a9ef5780-25a5-4f6b-8ac0-6bee03e5180e does not exist. Creating ...
2023-12-13 18:49:54,671 [s0-impl-thread1] TRACE util.FileUtils (LogUtils.java:runAndLog(49)) - Successfully ran Files.createDirectories /home/runner/work/ratis/ratis/ratis-test/target/test/data/b8de9602/MiniRaftClusterWithGrpc30ad22b0/s0/a9ef5780-25a5-4f6b-8ac0-6bee03e5180e
2023-12-13 18:49:54,672 [s0-impl-thread1] INFO  storage.RaftStorageDirectory (RaftStorageDirectoryImpl.java:tryLock(228)) - Lock on /home/runner/work/ratis/ratis/ratis-test/target/test/data/b8de9602/MiniRaftClusterWithGrpc30ad22b0/s0/a9ef5780-25a5-4f6b-8ac0-6bee03e5180e/in_use.lock acquired by nodename 24599@fv-az743-812
2023-12-13 18:49:54,672 [s0-impl-thread1] TRACE util.FileUtils (LogUtils.java:runAndLog(49)) - Successfully ran Files.createDirectories /home/runner/work/ratis/ratis/ratis-test/target/test/data/b8de9602/MiniRaftClusterWithGrpc30ad22b0/s0/a9ef5780-25a5-4f6b-8ac0-6bee03e5180e/current
2023-12-13 18:49:54,672 [s0-impl-thread1] TRACE util.FileUtils (LogUtils.java:runAndLog(49)) - Successfully ran Files.createDirectories /home/runner/work/ratis/ratis/ratis-test/target/test/data/b8de9602/MiniRaftClusterWithGrpc30ad22b0/s0/a9ef5780-25a5-4f6b-8ac0-6bee03e5180e/sm
2023-12-13 18:49:54,672 [s0-impl-thread1] TRACE util.FileUtils (LogUtils.java:supplyAndLog(69)) - Successfully supplied FileChannel.open /home/runner/work/ratis/ratis/ratis-test/target/test/data/b8de9602/MiniRaftClusterWithGrpc30ad22b0/s0/a9ef5780-25a5-4f6b-8ac0-6bee03e5180e/current/raft-meta.tmp with options [CREATE, WRITE]: sun.nio.ch.FileChannelImpl@1c64425a
2023-12-13 18:49:54,673 [s0-impl-thread1] TRACE util.FileUtils (LogUtils.java:runAndLog(49)) - Successfully ran Atomic Files.move /home/runner/work/ratis/ratis/ratis-test/target/test/data/b8de9602/MiniRaftClusterWithGrpc30ad22b0/s0/a9ef5780-25a5-4f6b-8ac0-6bee03e5180e/current/raft-meta.tmp to /home/runner/work/ratis/ratis/ratis-test/target/test/data/b8de9602/MiniRaftClusterWithGrpc30ad22b0/s0/a9ef5780-25a5-4f6b-8ac0-6bee03e5180e/current/raft-meta with options [REPLACE_EXISTING]
2023-12-13 18:49:54,673 [s0-impl-thread1] INFO  storage.RaftStorage (RaftStorageImpl.java:format(99)) - Storage directory /home/runner/work/ratis/ratis/ratis-test/target/test/data/b8de9602/MiniRaftClusterWithGrpc30ad22b0/s0/a9ef5780-25a5-4f6b-8ac0-6bee03e5180e has been successfully formatted.
2023-12-13 18:49:54,673 [s0-impl-thread1] TRACE util.FileUtils (LogUtils.java:supplyAndLog(61)) - Failed to Files.newInputStream /home/runner/work/ratis/ratis/ratis-test/target/test/data/b8de9602/MiniRaftClusterWithGrpc30ad22b0/s0/a9ef5780-25a5-4f6b-8ac0-6bee03e5180e/current/raft-meta.conf with options []
java.nio.file.NoSuchFileException: /home/runner/work/ratis/ratis/ratis-test/target/test/data/b8de9602/MiniRaftClusterWithGrpc30ad22b0/s0/a9ef5780-25a5-4f6b-8ac0-6bee03e5180e/current/raft-meta.conf
	at java.base/sun.nio.fs.UnixException.translateToIOException(UnixException.java:92)
	at java.base/sun.nio.fs.UnixException.rethrowAsIOException(UnixException.java:111)
	at java.base/sun.nio.fs.UnixException.rethrowAsIOException(UnixException.java:116)
	at java.base/sun.nio.fs.UnixFileSystemProvider.newByteChannel(UnixFileSystemProvider.java:219)
	at java.base/java.nio.file.Files.newByteChannel(Files.java:371)
	at java.base/java.nio.file.Files.newByteChannel(Files.java:422)
	at java.base/java.nio.file.spi.FileSystemProvider.newInputStream(FileSystemProvider.java:420)
	at java.base/java.nio.file.Files.newInputStream(Files.java:156)
	at org.apache.ratis.util.FileUtils.lambda$newInputStream$2(FileUtils.java:73)
	at org.apache.ratis.util.LogUtils.supplyAndLog(LogUtils.java:58)
	at org.apache.ratis.util.FileUtils.newInputStream(FileUtils.java:72)
	at org.apache.ratis.util.FileUtils.newInputStream(FileUtils.java:68)
	at org.apache.ratis.server.storage.RaftStorageImpl.readRaftConfiguration(RaftStorageImpl.java:156)
	at org.apache.ratis.server.impl.ServerState.initialize(ServerState.java:141)
	at org.apache.ratis.server.impl.RaftServerImpl.start(RaftServerImpl.java:388)
	at org.apache.ratis.util.ConcurrentUtils.accept(ConcurrentUtils.java:203)
	at org.apache.ratis.util.ConcurrentUtils.lambda$parallelForEachAsync$4(ConcurrentUtils.java:182)
	at java.base/java.util.concurrent.ThreadPoolExecutor.runWorker(ThreadPoolExecutor.java:1128)
	at java.base/java.util.concurrent.ThreadPoolExecutor$Worker.run(ThreadPoolExecutor.java:628)
	at java.base/java.lang.Thread.run(Thread.java:829)
2023-12-13 18:49:54,673 [s0-impl-thread1] INFO  server.RaftServerConfigKeys (ConfUtils.java:logGet(46)) - raft.server.log.use.memory = false (default)
2023-12-13 18:49:54,673 [s0-impl-thread1] INFO  server.RaftServerConfigKeys (ConfUtils.java:logGet(46)) - raft.server.log.purge.gap = 1024 (default)
2023-12-13 18:49:54,673 [s0-impl-thread1] INFO  server.RaftServerConfigKeys (ConfUtils.java:logGet(46)) - raft.server.log.appender.buffer.byte-limit = 4MB (=4194304) (default)
2023-12-13 18:49:54,674 [s0-impl-thread1] INFO  server.RaftServerConfigKeys (ConfUtils.java:logGet(46)) - raft.server.log.statemachine.data.read.timeout = 1000ms (default)
2023-12-13 18:49:54,674 [s0-impl-thread1] INFO  server.RaftServerConfigKeys (ConfUtils.java:logGet(46)) - raft.server.log.purge.preservation.log.num = 0 (default)
2023-12-13 18:49:54,674 [s0-impl-thread1] INFO  server.RaftServerConfigKeys (ConfUtils.java:logGet(46)) - raft.server.log.segment.size.max = 32MB (=33554432) (default)
2023-12-13 18:49:54,674 [s0-impl-thread1] INFO  server.RaftServerConfigKeys (ConfUtils.java:logGet(46)) - raft.server.log.segment.cache.num.max = 6 (default)
2023-12-13 18:49:54,674 [s0-impl-thread1] INFO  server.RaftServerConfigKeys (ConfUtils.java:logGet(46)) - raft.server.log.segment.cache.size.max = 200MB (=209715200) (default)
2023-12-13 18:49:54,674 [s0-impl-thread1] INFO  server.RaftServerConfigKeys (ConfUtils.java:logGet(46)) - raft.server.log.appender.buffer.byte-limit = 4MB (=4194304) (default)
2023-12-13 18:49:54,674 [s0-impl-thread1] INFO  util.AwaitToRun (AwaitToRun.java:start(81)) - Thread[s0@group-6BEE03E5180E-cacheEviction-AwaitToRun,5,main] started
2023-12-13 18:49:54,674 [s0-impl-thread1] INFO  segmented.SegmentedRaftLogWorker (SegmentedRaftLogWorker.java:<init>(182)) - new s0@group-6BEE03E5180E-SegmentedRaftLogWorker for RaftStorageImpl:Storage Directory /home/runner/work/ratis/ratis/ratis-test/target/test/data/b8de9602/MiniRaftClusterWithGrpc30ad22b0/s0/a9ef5780-25a5-4f6b-8ac0-6bee03e5180e
2023-12-13 18:49:54,674 [s0-impl-thread1] INFO  server.RaftServerConfigKeys (ConfUtils.java:logGet(46)) - raft.server.log.queue.byte-limit = 64MB (=67108864) (default)
2023-12-13 18:49:54,674 [s0-impl-thread1] INFO  server.RaftServerConfigKeys (ConfUtils.java:logGet(46)) - raft.server.log.queue.element-limit = 4096 (default)
2023-12-13 18:49:54,674 [s0-impl-thread1] INFO  server.RaftServerConfigKeys (ConfUtils.java:logGet(46)) - raft.server.log.segment.size.max = 32MB (=33554432) (default)
2023-12-13 18:49:54,674 [s0-impl-thread1] INFO  server.RaftServerConfigKeys (ConfUtils.java:logGet(46)) - raft.server.log.preallocated.size = 4MB (=4194304) (default)
2023-12-13 18:49:54,674 [s0-impl-thread1] INFO  server.RaftServerConfigKeys (ConfUtils.java:logGet(46)) - raft.server.log.force.sync.num = 128 (default)
2023-12-13 18:49:54,674 [s0-impl-thread1] INFO  server.RaftServerConfigKeys (ConfUtils.java:logGet(46)) - raft.server.log.statemachine.data.sync = true (default)
2023-12-13 18:49:54,674 [s0-impl-thread1] INFO  server.RaftServerConfigKeys (ConfUtils.java:logGet(46)) - raft.server.log.statemachine.data.sync.timeout = 10s (default)
2023-12-13 18:49:54,674 [s0-impl-thread1] INFO  server.RaftServerConfigKeys (ConfUtils.java:logGet(46)) - raft.server.log.statemachine.data.sync.timeout.retry = -1 (default)
2023-12-13 18:49:54,675 [s0-impl-thread1] INFO  server.RaftServerConfigKeys (ConfUtils.java:logGet(46)) - raft.server.log.write.buffer.size = 8MB (=8388608) (default)
2023-12-13 18:49:54,676 [s0-impl-thread1] INFO  server.RaftServerConfigKeys (ConfUtils.java:logGet(46)) - raft.server.log.appender.buffer.byte-limit = 4MB (=4194304) (default)
2023-12-13 18:49:54,676 [s0-impl-thread1] INFO  server.RaftServerConfigKeys (ConfUtils.java:logGet(46)) - raft.server.log.unsafe-flush.enabled = false (default)
2023-12-13 18:49:54,676 [s0-impl-thread1] INFO  server.RaftServerConfigKeys (ConfUtils.java:logGet(46)) - raft.server.log.async-flush.enabled = false (default)
2023-12-13 18:49:54,676 [s0-impl-thread1] INFO  server.RaftServerConfigKeys (ConfUtils.java:logGet(46)) - raft.server.log.statemachine.data.caching.enabled = false (default)
2023-12-13 18:49:54,676 [s0-impl-thread1] INFO  segmented.SegmentedRaftLogWorker (SegmentedRaftLogWorker.java:lambda$new$0(134)) - s0@group-6BEE03E5180E-SegmentedRaftLogWorker: flushIndex: setUnconditionally 0 -> -1
2023-12-13 18:49:54,676 [s0-impl-thread1] INFO  segmented.SegmentedRaftLogWorker (SegmentedRaftLogWorker.java:lambda$new$0(134)) - s0@group-6BEE03E5180E-SegmentedRaftLogWorker: safeCacheEvictIndex: setUnconditionally 0 -> -1
2023-12-13 18:49:54,676 [s0-impl-thread1] INFO  server.RaftServer$Division (RaftServerImpl.java:start(392)) - s0@group-6BEE03E5180E: start as a follower, conf=-1: peers:[s0|localhost:41479]|listeners:[], old=null
2023-12-13 18:49:54,676 [s0-impl-thread1] INFO  server.RaftServer$Division (RaftServerImpl.java:setRole(379)) - s0@group-6BEE03E5180E: changes role from      null to FOLLOWER at term 0 for startAsFollower
2023-12-13 18:49:54,676 [s0-impl-thread1] INFO  impl.RoleInfo (RoleInfo.java:updateAndGet(139)) - s0: start s0@group-6BEE03E5180E-FollowerState
2023-12-13 18:49:54,677 [s0@group-6BEE03E5180E-FollowerState] INFO  server.RaftServerConfigKeys (ConfUtils.java:logFallback(53)) - raft.server.rpc.first-election.timeout.min = 1500ms (fallback to raft.server.rpc.timeout.min)
2023-12-13 18:49:54,677 [s0@group-6BEE03E5180E-FollowerState] INFO  server.RaftServerConfigKeys (ConfUtils.java:logFallback(53)) - raft.server.rpc.first-election.timeout.max = 2000ms (fallback to raft.server.rpc.timeout.max)
2023-12-13 18:49:54,677 [s0-impl-thread1] INFO  util.JmxRegister (JmxRegister.java:tryRegister(44)) - Successfully registered JMX Bean with object name Ratis:service=RaftServer,group=group-6BEE03E5180E,id=s0
2023-12-13 18:49:54,677 [s0-impl-thread1] INFO  server.RaftServerConfigKeys (ConfUtils.java:logGet(46)) - raft.server.snapshot.trigger-when-stop.enabled = true (default)
2023-12-13 18:49:54,677 [s0-impl-thread1] INFO  server.RaftServerConfigKeys (ConfUtils.java:logGet(46)) - raft.server.snapshot.auto.trigger.enabled = false (default)
2023-12-13 18:49:54,677 [s0-impl-thread1] INFO  server.RaftServerConfigKeys (ConfUtils.java:logGet(46)) - raft.server.snapshot.retention.file.num = -1 (default)
2023-12-13 18:49:54,677 [s0-impl-thread1] INFO  server.RaftServerConfigKeys (ConfUtils.java:logGet(46)) - raft.server.log.purge.upto.snapshot.index = false (default)
2023-12-13 18:49:54,677 [Time-limited test] INFO  server.RaftServer (RaftServerProxy.java:startImpl(406)) - s0: start RPC server
2023-12-13 18:49:54,678 [Time-limited test] INFO  server.GrpcService (GrpcService.java:startImpl(302)) - s0: GrpcService started, listening on 46545
2023-12-13 18:49:54,679 [Time-limited test] INFO  server.GrpcService (GrpcService.java:startImpl(302)) - s0: GrpcService started, listening on 41479
2023-12-13 18:49:54,680 [Time-limited test] INFO  server.GrpcService (GrpcService.java:startImpl(302)) - s0: GrpcService started, listening on 42195
2023-12-13 18:49:54,680 [JvmPauseMonitor8] INFO  util.JvmPauseMonitor (JvmPauseMonitor.java:run(146)) - JvmPauseMonitor-s0: Started
2023-12-13 18:49:54,680 [Time-limited test] DEBUG client.RaftClient (ConfUtils.java:logGet(46)) - raft.rpc.type = GRPC (default)
2023-12-13 18:49:54,685 [grpc-default-executor-1] INFO  server.RaftServer (RaftServerProxy.java:addNew(100)) - s0: addNew group-672F81468961:[s0|0.0.0.0:41479] returns group-672F81468961:java.util.concurrent.CompletableFuture@c39b71d[Not completed]
2023-12-13 18:49:54,689 [s0-groupManagement] INFO  server.RaftServer$Division (RaftServerImpl.java:<init>(256)) - s0: new RaftServerImpl for group-672F81468961:[s0|0.0.0.0:41479] with BaseStateMachine:uninitialized
2023-12-13 18:49:54,689 [s0-groupManagement] INFO  server.RaftServerConfigKeys (ConfUtils.java:logGet(46)) - raft.server.rpc.timeout.min = 1500ms (custom)
2023-12-13 18:49:54,689 [s0-groupManagement] INFO  server.RaftServerConfigKeys (ConfUtils.java:logGet(46)) - raft.server.rpc.timeout.max = 2000ms (custom)
2023-12-13 18:49:54,689 [s0-groupManagement] INFO  server.RaftServerConfigKeys (ConfUtils.java:logGet(46)) - raft.server.rpc.sleep.time = 25ms (default)
2023-12-13 18:49:54,689 [s0-groupManagement] INFO  server.RaftServerConfigKeys (ConfUtils.java:logGet(46)) - raft.server.rpc.slowness.timeout = 60s (default)
2023-12-13 18:49:54,689 [s0-groupManagement] INFO  server.RaftServerConfigKeys (ConfUtils.java:logGet(46)) - raft.server.leaderelection.leader.step-down.wait-time = 10s (default)
2023-12-13 18:49:54,689 [s0-groupManagement] INFO  server.RaftServerConfigKeys (ConfUtils.java:logGet(46)) - raft.server.leaderelection.member.majority-add = false (default)
2023-12-13 18:49:54,690 [s0-groupManagement] INFO  server.RaftServerConfigKeys (ConfUtils.java:logGet(46)) - raft.server.sleep.deviation.threshold = 300ms (default)
2023-12-13 18:49:54,690 [s0-groupManagement] INFO  server.RaftServer$Division (ServerState.java:<init>(113)) - s0@group-672F81468961: ConfigurationManager, init=-1: peers:[s0|0.0.0.0:41479]|listeners:[], old=null, confs=<EMPTY_MAP>
2023-12-13 18:49:54,690 [s0-groupManagement] INFO  server.RaftServerConfigKeys (ConfUtils.java:logGet(46)) - raft.server.notification.no-leader.timeout = 60s (default)
2023-12-13 18:49:54,690 [s0-groupManagement] INFO  server.RaftServerConfigKeys (ConfUtils.java:logGet(46)) - raft.server.read.timeout = 10s (default)
2023-12-13 18:49:54,690 [s0-groupManagement] INFO  server.RaftServerConfigKeys (ConfUtils.java:logGet(46)) - raft.server.retrycache.expirytime = 60s (default)
2023-12-13 18:49:54,690 [s0-groupManagement] INFO  server.RaftServerConfigKeys (ConfUtils.java:logGet(46)) - raft.server.retrycache.statistics.expirytime = 100ms (default)
2023-12-13 18:49:54,690 [s0-groupManagement] INFO  server.RaftServerConfigKeys (ConfUtils.java:logGet(46)) - raft.server.read.option = DEFAULT (default)
2023-12-13 18:49:54,690 [s0-groupManagement] INFO  server.RaftServerConfigKeys (ConfUtils.java:logGet(46)) - raft.server.read.read-after-write-consistent.write-index-cache.expiry-time = 60s (default)
2023-12-13 18:49:54,691 [s0-groupManagement] INFO  server.RaftServerConfigKeys (ConfUtils.java:logGet(46)) - raft.server.rpc.request.timeout = 3000ms (default)
2023-12-13 18:49:54,691 [s0-groupManagement] INFO  server.RaftServerConfigKeys (ConfUtils.java:logGet(46)) - raft.server.log.appender.install.snapshot.enabled = true (default)
2023-12-13 18:49:54,691 [s0-groupManagement] INFO  server.RaftServerConfigKeys (ConfUtils.java:logGet(46)) - raft.server.threadpool.server.cached = true (default)
2023-12-13 18:49:54,691 [s0-groupManagement] INFO  server.RaftServerConfigKeys (ConfUtils.java:logGet(46)) - raft.server.threadpool.server.size = 0 (default)
2023-12-13 18:49:54,691 [s0-groupManagement] INFO  server.RaftServerConfigKeys (ConfUtils.java:logGet(46)) - raft.server.threadpool.client.cached = true (default)
2023-12-13 18:49:54,691 [s0-groupManagement] INFO  server.RaftServerConfigKeys (ConfUtils.java:logGet(46)) - raft.server.threadpool.client.size = 0 (default)
2023-12-13 18:49:54,691 [s0-groupManagement] DEBUG server.RaftServer (RaftServerProxy.java:lambda$groupAddAsync$13(507)) - s0: newImpl =      null s0@group-672F81468961:t0, leader=null, voted=null, raftlog=UNINITIALIZED, conf=-1: peers:[s0|0.0.0.0:41479]|listeners:[], old=null NEW
2023-12-13 18:49:54,691 [s0-groupManagement] INFO  server.RaftServerConfigKeys (ConfUtils.java:logGet(46)) - raft.server.storage.free-space.min = 0MB (=0) (default)
2023-12-13 18:49:54,691 [s0-groupManagement] INFO  server.RaftServerConfigKeys (ConfUtils.java:logGet(46)) - raft.server.log.corruption.policy = EXCEPTION (default)
2023-12-13 18:49:54,691 [s0-groupManagement] INFO  server.RaftServerConfigKeys (ConfUtils.java:logGet(46)) - raft.server.storage.dir = [/home/runner/work/ratis/ratis/ratis-test/target/test/data/b8de9602/MiniRaftClusterWithGrpc30ad22b0/s0] (custom)
2023-12-13 18:49:54,692 [s0-groupManagement] INFO  storage.RaftStorageDirectory (RaftStorageDirectoryImpl.java:analyzeStorage(138)) - The storage directory /home/runner/work/ratis/ratis/ratis-test/target/test/data/b8de9602/MiniRaftClusterWithGrpc30ad22b0/s0/eaa76943-24d9-4d90-81a5-672f81468961 does not exist. Creating ...
2023-12-13 18:49:54,692 [s0-groupManagement] TRACE util.FileUtils (LogUtils.java:runAndLog(49)) - Successfully ran Files.createDirectories /home/runner/work/ratis/ratis/ratis-test/target/test/data/b8de9602/MiniRaftClusterWithGrpc30ad22b0/s0/eaa76943-24d9-4d90-81a5-672f81468961
2023-12-13 18:49:54,692 [s0-groupManagement] INFO  storage.RaftStorageDirectory (RaftStorageDirectoryImpl.java:tryLock(228)) - Lock on /home/runner/work/ratis/ratis/ratis-test/target/test/data/b8de9602/MiniRaftClusterWithGrpc30ad22b0/s0/eaa76943-24d9-4d90-81a5-672f81468961/in_use.lock acquired by nodename 24599@fv-az743-812
2023-12-13 18:49:54,693 [s0-groupManagement] TRACE util.FileUtils (LogUtils.java:runAndLog(49)) - Successfully ran Files.createDirectories /home/runner/work/ratis/ratis/ratis-test/target/test/data/b8de9602/MiniRaftClusterWithGrpc30ad22b0/s0/eaa76943-24d9-4d90-81a5-672f81468961/current
2023-12-13 18:49:54,693 [s0-groupManagement] TRACE util.FileUtils (LogUtils.java:runAndLog(49)) - Successfully ran Files.createDirectories /home/runner/work/ratis/ratis/ratis-test/target/test/data/b8de9602/MiniRaftClusterWithGrpc30ad22b0/s0/eaa76943-24d9-4d90-81a5-672f81468961/sm
2023-12-13 18:49:54,693 [s0-groupManagement] TRACE util.FileUtils (LogUtils.java:supplyAndLog(69)) - Successfully supplied FileChannel.open /home/runner/work/ratis/ratis/ratis-test/target/test/data/b8de9602/MiniRaftClusterWithGrpc30ad22b0/s0/eaa76943-24d9-4d90-81a5-672f81468961/current/raft-meta.tmp with options [CREATE, WRITE]: sun.nio.ch.FileChannelImpl@57717eb5
2023-12-13 18:49:54,694 [s0-groupManagement] TRACE util.FileUtils (LogUtils.java:runAndLog(49)) - Successfully ran Atomic Files.move /home/runner/work/ratis/ratis/ratis-test/target/test/data/b8de9602/MiniRaftClusterWithGrpc30ad22b0/s0/eaa76943-24d9-4d90-81a5-672f81468961/current/raft-meta.tmp to /home/runner/work/ratis/ratis/ratis-test/target/test/data/b8de9602/MiniRaftClusterWithGrpc30ad22b0/s0/eaa76943-24d9-4d90-81a5-672f81468961/current/raft-meta with options [REPLACE_EXISTING]
2023-12-13 18:49:54,694 [s0-groupManagement] INFO  storage.RaftStorage (RaftStorageImpl.java:format(99)) - Storage directory /home/runner/work/ratis/ratis/ratis-test/target/test/data/b8de9602/MiniRaftClusterWithGrpc30ad22b0/s0/eaa76943-24d9-4d90-81a5-672f81468961 has been successfully formatted.
2023-12-13 18:49:54,694 [s0-groupManagement] TRACE util.FileUtils (LogUtils.java:supplyAndLog(61)) - Failed to Files.newInputStream /home/runner/work/ratis/ratis/ratis-test/target/test/data/b8de9602/MiniRaftClusterWithGrpc30ad22b0/s0/eaa76943-24d9-4d90-81a5-672f81468961/current/raft-meta.conf with options []
java.nio.file.NoSuchFileException: /home/runner/work/ratis/ratis/ratis-test/target/test/data/b8de9602/MiniRaftClusterWithGrpc30ad22b0/s0/eaa76943-24d9-4d90-81a5-672f81468961/current/raft-meta.conf
	at java.base/sun.nio.fs.UnixException.translateToIOException(UnixException.java:92)
	at java.base/sun.nio.fs.UnixException.rethrowAsIOException(UnixException.java:111)
	at java.base/sun.nio.fs.UnixException.rethrowAsIOException(UnixException.java:116)
	at java.base/sun.nio.fs.UnixFileSystemProvider.newByteChannel(UnixFileSystemProvider.java:219)
	at java.base/java.nio.file.Files.newByteChannel(Files.java:371)
	at java.base/java.nio.file.Files.newByteChannel(Files.java:422)
	at java.base/java.nio.file.spi.FileSystemProvider.newInputStream(FileSystemProvider.java:420)
	at java.base/java.nio.file.Files.newInputStream(Files.java:156)
	at org.apache.ratis.util.FileUtils.lambda$newInputStream$2(FileUtils.java:73)
	at org.apache.ratis.util.LogUtils.supplyAndLog(LogUtils.java:58)
	at org.apache.ratis.util.FileUtils.newInputStream(FileUtils.java:72)
	at org.apache.ratis.util.FileUtils.newInputStream(FileUtils.java:68)
	at org.apache.ratis.server.storage.RaftStorageImpl.readRaftConfiguration(RaftStorageImpl.java:156)
	at org.apache.ratis.server.impl.ServerState.initialize(ServerState.java:141)
	at org.apache.ratis.server.impl.RaftServerImpl.start(RaftServerImpl.java:388)
	at org.apache.ratis.server.impl.RaftServerProxy.lambda$groupAddAsync$13(RaftServerProxy.java:509)
	at java.base/java.util.concurrent.CompletableFuture$UniApply.tryFire(CompletableFuture.java:642)
	at java.base/java.util.concurrent.CompletableFuture$Completion.run(CompletableFuture.java:478)
	at java.base/java.util.concurrent.ThreadPoolExecutor.runWorker(ThreadPoolExecutor.java:1128)
	at java.base/java.util.concurrent.ThreadPoolExecutor$Worker.run(ThreadPoolExecutor.java:628)
	at java.base/java.lang.Thread.run(Thread.java:829)
2023-12-13 18:49:54,694 [s0-groupManagement] INFO  server.RaftServerConfigKeys (ConfUtils.java:logGet(46)) - raft.server.log.use.memory = false (default)
2023-12-13 18:49:54,694 [s0-groupManagement] INFO  server.RaftServerConfigKeys (ConfUtils.java:logGet(46)) - raft.server.log.purge.gap = 1024 (default)
2023-12-13 18:49:54,694 [s0-groupManagement] INFO  server.RaftServerConfigKeys (ConfUtils.java:logGet(46)) - raft.server.log.appender.buffer.byte-limit = 4MB (=4194304) (default)
2023-12-13 18:49:54,694 [s0-groupManagement] INFO  server.RaftServerConfigKeys (ConfUtils.java:logGet(46)) - raft.server.log.statemachine.data.read.timeout = 1000ms (default)
2023-12-13 18:49:54,694 [s0-groupManagement] INFO  server.RaftServerConfigKeys (ConfUtils.java:logGet(46)) - raft.server.log.purge.preservation.log.num = 0 (default)
2023-12-13 18:49:54,694 [s0-groupManagement] INFO  server.RaftServerConfigKeys (ConfUtils.java:logGet(46)) - raft.server.log.segment.size.max = 32MB (=33554432) (default)
2023-12-13 18:49:54,695 [s0-groupManagement] INFO  server.RaftServerConfigKeys (ConfUtils.java:logGet(46)) - raft.server.log.segment.cache.num.max = 6 (default)
2023-12-13 18:49:54,695 [s0-groupManagement] INFO  server.RaftServerConfigKeys (ConfUtils.java:logGet(46)) - raft.server.log.segment.cache.size.max = 200MB (=209715200) (default)
2023-12-13 18:49:54,695 [s0-groupManagement] INFO  server.RaftServerConfigKeys (ConfUtils.java:logGet(46)) - raft.server.log.appender.buffer.byte-limit = 4MB (=4194304) (default)
2023-12-13 18:49:54,695 [s0-groupManagement] INFO  util.AwaitToRun (AwaitToRun.java:start(81)) - Thread[s0@group-672F81468961-cacheEviction-AwaitToRun,5,main] started
2023-12-13 18:49:54,695 [s0-groupManagement] INFO  segmented.SegmentedRaftLogWorker (SegmentedRaftLogWorker.java:<init>(182)) - new s0@group-672F81468961-SegmentedRaftLogWorker for RaftStorageImpl:Storage Directory /home/runner/work/ratis/ratis/ratis-test/target/test/data/b8de9602/MiniRaftClusterWithGrpc30ad22b0/s0/eaa76943-24d9-4d90-81a5-672f81468961
2023-12-13 18:49:54,695 [s0-groupManagement] INFO  server.RaftServerConfigKeys (ConfUtils.java:logGet(46)) - raft.server.log.queue.byte-limit = 64MB (=67108864) (default)
2023-12-13 18:49:54,695 [s0-groupManagement] INFO  server.RaftServerConfigKeys (ConfUtils.java:logGet(46)) - raft.server.log.queue.element-limit = 4096 (default)
2023-12-13 18:49:54,695 [s0-groupManagement] INFO  server.RaftServerConfigKeys (ConfUtils.java:logGet(46)) - raft.server.log.segment.size.max = 32MB (=33554432) (default)
2023-12-13 18:49:54,695 [s0-groupManagement] INFO  server.RaftServerConfigKeys (ConfUtils.java:logGet(46)) - raft.server.log.preallocated.size = 4MB (=4194304) (default)
2023-12-13 18:49:54,695 [s0-groupManagement] INFO  server.RaftServerConfigKeys (ConfUtils.java:logGet(46)) - raft.server.log.force.sync.num = 128 (default)
2023-12-13 18:49:54,695 [s0-groupManagement] INFO  server.RaftServerConfigKeys (ConfUtils.java:logGet(46)) - raft.server.log.statemachine.data.sync = true (default)
2023-12-13 18:49:54,695 [s0-groupManagement] INFO  server.RaftServerConfigKeys (ConfUtils.java:logGet(46)) - raft.server.log.statemachine.data.sync.timeout = 10s (default)
2023-12-13 18:49:54,695 [s0-groupManagement] INFO  server.RaftServerConfigKeys (ConfUtils.java:logGet(46)) - raft.server.log.statemachine.data.sync.timeout.retry = -1 (default)
2023-12-13 18:49:54,695 [s0-groupManagement] INFO  server.RaftServerConfigKeys (ConfUtils.java:logGet(46)) - raft.server.log.write.buffer.size = 8MB (=8388608) (default)
2023-12-13 18:49:54,696 [s0-groupManagement] INFO  server.RaftServerConfigKeys (ConfUtils.java:logGet(46)) - raft.server.log.appender.buffer.byte-limit = 4MB (=4194304) (default)
2023-12-13 18:49:54,696 [s0-groupManagement] INFO  server.RaftServerConfigKeys (ConfUtils.java:logGet(46)) - raft.server.log.unsafe-flush.enabled = false (default)
2023-12-13 18:49:54,696 [s0-groupManagement] INFO  server.RaftServerConfigKeys (ConfUtils.java:logGet(46)) - raft.server.log.async-flush.enabled = false (default)
2023-12-13 18:49:54,696 [s0-groupManagement] INFO  server.RaftServerConfigKeys (ConfUtils.java:logGet(46)) - raft.server.log.statemachine.data.caching.enabled = false (default)
2023-12-13 18:49:54,697 [s0-groupManagement] INFO  segmented.SegmentedRaftLogWorker (SegmentedRaftLogWorker.java:lambda$new$0(134)) - s0@group-672F81468961-SegmentedRaftLogWorker: flushIndex: setUnconditionally 0 -> -1
2023-12-13 18:49:54,697 [s0-groupManagement] INFO  segmented.SegmentedRaftLogWorker (SegmentedRaftLogWorker.java:lambda$new$0(134)) - s0@group-672F81468961-SegmentedRaftLogWorker: safeCacheEvictIndex: setUnconditionally 0 -> -1
2023-12-13 18:49:54,697 [s0-groupManagement] INFO  server.RaftServer$Division (RaftServerImpl.java:start(392)) - s0@group-672F81468961: start as a follower, conf=-1: peers:[s0|0.0.0.0:41479]|listeners:[], old=null
2023-12-13 18:49:54,697 [s0-groupManagement] INFO  server.RaftServer$Division (RaftServerImpl.java:setRole(379)) - s0@group-672F81468961: changes role from      null to FOLLOWER at term 0 for startAsFollower
2023-12-13 18:49:54,697 [s0-groupManagement] INFO  impl.RoleInfo (RoleInfo.java:updateAndGet(139)) - s0: start s0@group-672F81468961-FollowerState
2023-12-13 18:49:54,697 [s0@group-672F81468961-FollowerState] INFO  server.RaftServerConfigKeys (ConfUtils.java:logFallback(53)) - raft.server.rpc.first-election.timeout.min = 1500ms (fallback to raft.server.rpc.timeout.min)
2023-12-13 18:49:54,697 [s0-groupManagement] INFO  util.JmxRegister (JmxRegister.java:tryRegister(44)) - Successfully registered JMX Bean with object name Ratis:service=RaftServer,group=group-672F81468961,id=s0
2023-12-13 18:49:54,697 [s0@group-672F81468961-FollowerState] INFO  server.RaftServerConfigKeys (ConfUtils.java:logFallback(53)) - raft.server.rpc.first-election.timeout.max = 2000ms (fallback to raft.server.rpc.timeout.max)
2023-12-13 18:49:54,697 [s0-groupManagement] INFO  server.RaftServerConfigKeys (ConfUtils.java:logGet(46)) - raft.server.snapshot.trigger-when-stop.enabled = true (default)
2023-12-13 18:49:54,697 [s0-groupManagement] INFO  server.RaftServerConfigKeys (ConfUtils.java:logGet(46)) - raft.server.snapshot.auto.trigger.enabled = false (default)
2023-12-13 18:49:54,697 [s0-groupManagement] INFO  server.RaftServerConfigKeys (ConfUtils.java:logGet(46)) - raft.server.snapshot.retention.file.num = -1 (default)
2023-12-13 18:49:54,697 [s0-groupManagement] INFO  server.RaftServerConfigKeys (ConfUtils.java:logGet(46)) - raft.server.log.purge.upto.snapshot.index = false (default)
2023-12-13 18:49:54,700 [grpc-default-executor-1] INFO  server.RaftServer (RaftServerProxy.java:remove(111)) - s0: remove  FOLLOWER s0@group-672F81468961:t0, leader=null, voted=, raftlog=Memoized:s0@group-672F81468961-SegmentedRaftLog:OPENED:c-1, conf=-1: peers:[s0|0.0.0.0:41479]|listeners:[], old=null RUNNING
2023-12-13 18:49:54,700 [grpc-default-executor-1] INFO  server.RaftServer$Division (RaftServerImpl.java:lambda$close$3(516)) - s0@group-672F81468961: shutdown
2023-12-13 18:49:54,701 [grpc-default-executor-1] INFO  util.JmxRegister (JmxRegister.java:unregister(73)) - Successfully un-registered JMX Bean with object name Ratis:service=RaftServer,group=group-672F81468961,id=s0
2023-12-13 18:49:54,701 [grpc-default-executor-1] INFO  impl.RoleInfo (RoleInfo.java:shutdownFollowerState(110)) - s0: shutdown s0@group-672F81468961-FollowerState
2023-12-13 18:49:54,701 [grpc-default-executor-1] INFO  impl.StateMachineUpdater (StateMachineUpdater.java:stopAndJoin(157)) - s0@group-672F81468961-StateMachineUpdater: set stopIndex = -1
2023-12-13 18:49:54,701 [s0@group-672F81468961-FollowerState] INFO  impl.FollowerState (FollowerState.java:run(152)) - s0@group-672F81468961-FollowerState was interrupted
2023-12-13 18:49:54,701 [grpc-default-executor-1] INFO  server.RaftServer$Division (ServerState.java:close(423)) - s0@group-672F81468961: applyIndex: -1
2023-12-13 18:49:54,701 [s0@group-672F81468961-cacheEviction-AwaitToRun] INFO  util.AwaitToRun (AwaitToRun.java:run(49)) - s0@group-672F81468961-cacheEviction-AwaitToRun-AwaitForSignal is interrupted
2023-12-13 18:49:55,697 [grpc-default-executor-1] INFO  segmented.SegmentedRaftLogWorker (SegmentedRaftLogWorker.java:close(245)) - s0@group-672F81468961-SegmentedRaftLogWorker close()
2023-12-13 18:49:55,698 [grpc-default-executor-1] INFO  server.RaftServerConfigKeys (ConfUtils.java:logGet(46)) - raft.server.removed.groups.dir = /tmp/groups18159610994611392775 (custom)
2023-12-13 18:49:55,698 [grpc-default-executor-1] TRACE util.FileUtils (FileUtils.java:moveDirectory(217)) - moveDirectory source: /home/runner/work/ratis/ratis/ratis-test/target/test/data/b8de9602/MiniRaftClusterWithGrpc30ad22b0/s0/eaa76943-24d9-4d90-81a5-672f81468961 dest: /tmp/groups18159610994611392775/eaa76943-24d9-4d90-81a5-672f81468961
2023-12-13 18:49:55,698 [grpc-default-executor-1] TRACE util.FileUtils (LogUtils.java:runAndLog(49)) - Successfully ran Files.createDirectories /tmp/groups18159610994611392775/eaa76943-24d9-4d90-81a5-672f81468961
2023-12-13 18:49:55,699 [grpc-default-executor-1] TRACE util.FileUtils (LogUtils.java:runAndLog(49)) - Successfully ran Atomic Files.move /home/runner/work/ratis/ratis/ratis-test/target/test/data/b8de9602/MiniRaftClusterWithGrpc30ad22b0/s0/eaa76943-24d9-4d90-81a5-672f81468961/in_use.lock to /tmp/groups18159610994611392775/eaa76943-24d9-4d90-81a5-672f81468961/in_use.lock
2023-12-13 18:49:55,699 [grpc-default-executor-1] TRACE util.FileUtils (LogUtils.java:runAndLog(49)) - Successfully ran Files.createDirectories /tmp/groups18159610994611392775/eaa76943-24d9-4d90-81a5-672f81468961/sm
2023-12-13 18:49:55,699 [grpc-default-executor-1] TRACE util.FileUtils (LogUtils.java:runAndLog(49)) - Successfully ran Files.createDirectories /tmp/groups18159610994611392775/eaa76943-24d9-4d90-81a5-672f81468961/current
2023-12-13 18:49:55,699 [grpc-default-executor-1] TRACE util.FileUtils (LogUtils.java:runAndLog(49)) - Successfully ran Atomic Files.move /home/runner/work/ratis/ratis/ratis-test/target/test/data/b8de9602/MiniRaftClusterWithGrpc30ad22b0/s0/eaa76943-24d9-4d90-81a5-672f81468961/current/raft-meta to /tmp/groups18159610994611392775/eaa76943-24d9-4d90-81a5-672f81468961/current/raft-meta
2023-12-13 18:49:55,699 [grpc-default-executor-1] TRACE util.FileUtils (LogUtils.java:runAndLog(49)) - Successfully ran Files.delete /home/runner/work/ratis/ratis/ratis-test/target/test/data/b8de9602/MiniRaftClusterWithGrpc30ad22b0/s0/eaa76943-24d9-4d90-81a5-672f81468961/sm
2023-12-13 18:49:55,699 [grpc-default-executor-1] TRACE util.FileUtils (LogUtils.java:runAndLog(49)) - Successfully ran Files.delete /home/runner/work/ratis/ratis/ratis-test/target/test/data/b8de9602/MiniRaftClusterWithGrpc30ad22b0/s0/eaa76943-24d9-4d90-81a5-672f81468961/current
2023-12-13 18:49:55,699 [grpc-default-executor-1] TRACE util.FileUtils (LogUtils.java:runAndLog(49)) - Successfully ran Files.delete /home/runner/work/ratis/ratis/ratis-test/target/test/data/b8de9602/MiniRaftClusterWithGrpc30ad22b0/s0/eaa76943-24d9-4d90-81a5-672f81468961
2023-12-13 18:49:55,700 [grpc-default-executor-1] INFO  server.RaftServer$Division (RaftServerImpl.java:groupRemove(505)) - s0@group-672F81468961: Group group-672F81468961:[s0|0.0.0.0:41479] is renamed successfully
2023-12-13 18:49:55,701 [Time-limited test] INFO  impl.MiniRaftCluster (MiniRaftCluster.java:shutdown(831)) - ************************************************************** 
2023-12-13 18:49:55,701 [Time-limited test] INFO  impl.MiniRaftCluster (MiniRaftCluster.java:shutdown(832)) - *** 
2023-12-13 18:49:55,701 [Time-limited test] INFO  impl.MiniRaftCluster (MiniRaftCluster.java:shutdown(833)) - ***     Stopping MiniRaftClusterWithGrpc
2023-12-13 18:49:55,701 [Time-limited test] INFO  impl.MiniRaftCluster (MiniRaftCluster.java:shutdown(834)) - *** 
2023-12-13 18:49:55,701 [Time-limited test] INFO  impl.MiniRaftCluster (MiniRaftCluster.java:shutdown(835)) - ************************************************************** 
2023-12-13 18:49:55,701 [Time-limited test] INFO  impl.MiniRaftCluster (MiniRaftCluster.java:shutdown(836)) - printing ALL groups
  s0:  RUNNING  FOLLOWER s0@group-6BEE03E5180E:t0, leader=null, voted=, raftlog=Memoized:s0@group-6BEE03E5180E-SegmentedRaftLog:OPENED:c-1, conf=-1: peers:[s0|localhost:41479]|listeners:[], old=null RUNNING
2023-12-13 18:49:55,701 [MiniRaftCluster-6] INFO  server.RaftServer (RaftServerProxy.java:lambda$close$9(416)) - s0: close
2023-12-13 18:49:55,701 [s0-impl-thread1] INFO  server.RaftServer$Division (RaftServerImpl.java:lambda$close$3(516)) - s0@group-6BEE03E5180E: shutdown
2023-12-13 18:49:55,701 [MiniRaftCluster-6] INFO  server.GrpcService (GrpcService.java:closeImpl(311)) - s0: shutdown server org.apache.ratis.grpc.server.GrpcClientProtocolService now
2023-12-13 18:49:55,702 [s0-impl-thread1] INFO  util.JmxRegister (JmxRegister.java:unregister(73)) - Successfully un-registered JMX Bean with object name Ratis:service=RaftServer,group=group-6BEE03E5180E,id=s0
2023-12-13 18:49:55,702 [s0-impl-thread1] INFO  impl.RoleInfo (RoleInfo.java:shutdownFollowerState(110)) - s0: shutdown s0@group-6BEE03E5180E-FollowerState
2023-12-13 18:49:55,702 [s0-impl-thread1] INFO  impl.StateMachineUpdater (StateMachineUpdater.java:stopAndJoin(157)) - s0@group-6BEE03E5180E-StateMachineUpdater: set stopIndex = -1
2023-12-13 18:49:55,702 [s0@group-6BEE03E5180E-FollowerState] INFO  impl.FollowerState (FollowerState.java:run(152)) - s0@group-6BEE03E5180E-FollowerState was interrupted
2023-12-13 18:49:55,702 [MiniRaftCluster-6] INFO  server.GrpcService (GrpcService.java:closeImpl(320)) - s0: shutdown server org.apache.ratis.grpc.server.GrpcClientProtocolService successfully
2023-12-13 18:49:55,702 [s0-impl-thread1] INFO  server.RaftServer$Division (ServerState.java:close(423)) - s0@group-6BEE03E5180E: applyIndex: -1
2023-12-13 18:49:55,702 [MiniRaftCluster-6] INFO  server.GrpcService (GrpcService.java:closeImpl(311)) - s0: shutdown server GrpcServerProtocolService now
2023-12-13 18:49:55,702 [s0@group-6BEE03E5180E-cacheEviction-AwaitToRun] INFO  util.AwaitToRun (AwaitToRun.java:run(49)) - s0@group-6BEE03E5180E-cacheEviction-AwaitToRun-AwaitForSignal is interrupted
2023-12-13 18:49:55,702 [MiniRaftCluster-6] INFO  server.GrpcService (GrpcService.java:closeImpl(320)) - s0: shutdown server GrpcServerProtocolService successfully
2023-12-13 18:49:55,702 [MiniRaftCluster-6] INFO  server.GrpcService (GrpcService.java:closeImpl(311)) - s0: shutdown server org.apache.ratis.grpc.server.GrpcAdminProtocolService now
2023-12-13 18:49:55,703 [MiniRaftCluster-6] INFO  server.GrpcService (GrpcService.java:closeImpl(320)) - s0: shutdown server org.apache.ratis.grpc.server.GrpcAdminProtocolService successfully
2023-12-13 18:49:56,677 [s0-impl-thread1] INFO  segmented.SegmentedRaftLogWorker (SegmentedRaftLogWorker.java:close(245)) - s0@group-6BEE03E5180E-SegmentedRaftLogWorker close()
2023-12-13 18:49:56,677 [JvmPauseMonitor8] INFO  util.JvmPauseMonitor (JvmPauseMonitor.java:run(152)) - JvmPauseMonitor-s0: Stopped
2023-12-13 18:49:56,677 [Time-limited test] INFO  impl.MiniRaftCluster (MiniRaftCluster.java:shutdown(855)) - MiniRaftClusterWithGrpc shutdown completed
2023-12-13 18:49:56,678 [Time-limited test] INFO  impl.MiniRaftCluster (MiniRaftCluster.java:newRaftServer(382)) - newRaftServer: s0, group-6BEE03E5180E:[s0|localhost:41479], format? false
2023-12-13 18:49:56,678 [Time-limited test] DEBUG server.RaftServer (ServerImplUtils.java:newRaftServer(51)) - newRaftServer: s0, group-6BEE03E5180E:[s0|localhost:41479]
2023-12-13 18:49:56,678 [Time-limited test] INFO  server.RaftServer (ConfUtils.java:logGet(46)) - raft.rpc.type = GRPC (default)
2023-12-13 18:49:56,678 [Time-limited test] INFO  grpc.GrpcConfigKeys (ConfUtils.java:logFallback(53)) - raft.grpc.admin.host = null (fallback to raft.grpc.server.host)
2023-12-13 18:49:56,678 [Time-limited test] INFO  grpc.GrpcConfigKeys (ConfUtils.java:logGet(46)) - raft.grpc.admin.port = 42195 (custom)
2023-12-13 18:49:56,678 [Time-limited test] INFO  grpc.GrpcConfigKeys (ConfUtils.java:logFallback(53)) - raft.grpc.client.host = null (fallback to raft.grpc.server.host)
2023-12-13 18:49:56,678 [Time-limited test] INFO  grpc.GrpcConfigKeys (ConfUtils.java:logGet(46)) - raft.grpc.client.port = 46545 (custom)
2023-12-13 18:49:56,678 [Time-limited test] INFO  grpc.GrpcConfigKeys (ConfUtils.java:logGet(46)) - raft.grpc.server.host = null (default)
2023-12-13 18:49:56,678 [Time-limited test] INFO  grpc.GrpcConfigKeys (ConfUtils.java:logGet(46)) - raft.grpc.server.port = 41479 (custom)
2023-12-13 18:49:56,678 [Time-limited test] INFO  server.GrpcService (ConfUtils.java:logGet(46)) - raft.grpc.message.size.max = 64MB (=67108864) (default)
2023-12-13 18:49:56,678 [Time-limited test] INFO  server.RaftServerConfigKeys (ConfUtils.java:logGet(46)) - raft.server.log.appender.buffer.byte-limit = 4MB (=4194304) (default)
2023-12-13 18:49:56,678 [Time-limited test] INFO  server.GrpcService (ConfUtils.java:logGet(46)) - raft.grpc.flow.control.window = 1MB (=1048576) (default)
2023-12-13 18:49:56,678 [Time-limited test] INFO  server.RaftServerConfigKeys (ConfUtils.java:logGet(46)) - raft.server.rpc.request.timeout = 3000ms (default)
2023-12-13 18:49:56,679 [Time-limited test] INFO  grpc.GrpcConfigKeys (ConfUtils.java:logGet(46)) - raft.grpc.server.heartbeat.channel = true (default)
2023-12-13 18:49:56,679 [Time-limited test] INFO  grpc.GrpcConfigKeys (ConfUtils.java:logGet(46)) - raft.grpc.server.async.request.thread.pool.cached = true (default)
2023-12-13 18:49:56,679 [Time-limited test] INFO  grpc.GrpcConfigKeys (ConfUtils.java:logGet(46)) - raft.grpc.server.async.request.thread.pool.size = 32 (default)
2023-12-13 18:49:56,680 [Time-limited test] INFO  impl.DataStreamServerImpl (ConfUtils.java:logGet(46)) - raft.datastream.type = DISABLED (default)
2023-12-13 18:49:56,680 [Time-limited test] INFO  server.RaftServerConfigKeys (ConfUtils.java:logGet(46)) - raft.server.sleep.deviation.threshold = 300ms (default)
2023-12-13 18:49:56,680 [Time-limited test] INFO  server.RaftServerConfigKeys (ConfUtils.java:logGet(46)) - raft.server.close.threshold = 60s (default)
2023-12-13 18:49:56,680 [Time-limited test] INFO  server.RaftServerConfigKeys (ConfUtils.java:logGet(46)) - raft.server.leaderelection.leader.step-down.wait-time = 10s (default)
2023-12-13 18:49:56,680 [Time-limited test] INFO  server.RaftServerConfigKeys (ConfUtils.java:logGet(46)) - raft.server.storage.dir = [/home/runner/work/ratis/ratis/ratis-test/target/test/data/b8de9602/MiniRaftClusterWithGrpc30ad22b0/s0] (custom)
2023-12-13 18:49:56,680 [Time-limited test] INFO  server.RaftServerConfigKeys (ConfUtils.java:logGet(46)) - raft.server.threadpool.proxy.cached = true (default)
2023-12-13 18:49:56,680 [Time-limited test] INFO  server.RaftServerConfigKeys (ConfUtils.java:logGet(46)) - raft.server.threadpool.proxy.size = 0 (default)
2023-12-13 18:49:56,680 [s0-impl-thread1] INFO  server.RaftServer (RaftServerProxy.java:initGroupDir(264)) - s0: found a subdirectory /home/runner/work/ratis/ratis/ratis-test/target/test/data/b8de9602/MiniRaftClusterWithGrpc30ad22b0/s0/a9ef5780-25a5-4f6b-8ac0-6bee03e5180e
2023-12-13 18:49:56,680 [Time-limited test] INFO  server.RaftServer (RaftServerProxy.java:addNew(100)) - s0: addNew group-6BEE03E5180E:[s0|localhost:41479] returns group-6BEE03E5180E:java.util.concurrent.CompletableFuture@2b59ef80[Not completed]
2023-12-13 18:49:56,680 [s0-groupManagement] INFO  server.RaftServer$Division (RaftServerImpl.java:<init>(256)) - s0: new RaftServerImpl for group-6BEE03E5180E:[s0|localhost:41479] with BaseStateMachine:uninitialized
2023-12-13 18:49:56,680 [Time-limited test] INFO  impl.MiniRaftCluster (MiniRaftCluster.java:start(339)) - .............................................................. 
2023-12-13 18:49:56,681 [Time-limited test] INFO  impl.MiniRaftCluster (MiniRaftCluster.java:start(340)) - ... 
2023-12-13 18:49:56,681 [s0-groupManagement] INFO  server.RaftServerConfigKeys (ConfUtils.java:logGet(46)) - raft.server.rpc.timeout.min = 1500ms (custom)
2023-12-13 18:49:56,681 [Time-limited test] INFO  impl.MiniRaftCluster (MiniRaftCluster.java:start(341)) - ...     Starting MiniRaftClusterWithGrpc
2023-12-13 18:49:56,681 [Time-limited test] INFO  impl.MiniRaftCluster (MiniRaftCluster.java:start(342)) - ... 
2023-12-13 18:49:56,681 [s0-groupManagement] INFO  server.RaftServerConfigKeys (ConfUtils.java:logGet(46)) - raft.server.rpc.timeout.max = 2000ms (custom)
2023-12-13 18:49:56,681 [Time-limited test] INFO  impl.MiniRaftCluster (MiniRaftCluster.java:start(343)) - .............................................................. 
2023-12-13 18:49:56,681 [s0-groupManagement] INFO  server.RaftServerConfigKeys (ConfUtils.java:logGet(46)) - raft.server.rpc.sleep.time = 25ms (default)
2023-12-13 18:49:56,681 [Time-limited test] INFO  impl.MiniRaftCluster (MiniRaftCluster.java:initServers(318)) - servers = {s0=s0:      NEW group-6BEE03E5180E:java.util.concurrent.CompletableFuture@2b59ef80[Not completed]}
2023-12-13 18:49:56,681 [s0-groupManagement] INFO  server.RaftServerConfigKeys (ConfUtils.java:logGet(46)) - raft.server.rpc.slowness.timeout = 60s (default)
2023-12-13 18:49:56,681 [s0-groupManagement] INFO  server.RaftServerConfigKeys (ConfUtils.java:logGet(46)) - raft.server.leaderelection.leader.step-down.wait-time = 10s (default)
2023-12-13 18:49:56,681 [s0-groupManagement] INFO  server.RaftServerConfigKeys (ConfUtils.java:logGet(46)) - raft.server.leaderelection.member.majority-add = false (default)
2023-12-13 18:49:56,681 [s0-groupManagement] INFO  server.RaftServerConfigKeys (ConfUtils.java:logGet(46)) - raft.server.sleep.deviation.threshold = 300ms (default)
2023-12-13 18:49:56,681 [s0-groupManagement] INFO  server.RaftServer$Division (ServerState.java:<init>(113)) - s0@group-6BEE03E5180E: ConfigurationManager, init=-1: peers:[s0|localhost:41479]|listeners:[], old=null, confs=<EMPTY_MAP>
2023-12-13 18:49:56,681 [s0-groupManagement] INFO  server.RaftServerConfigKeys (ConfUtils.java:logGet(46)) - raft.server.notification.no-leader.timeout = 60s (default)
2023-12-13 18:49:56,681 [s0-groupManagement] INFO  server.RaftServerConfigKeys (ConfUtils.java:logGet(46)) - raft.server.read.timeout = 10s (default)
2023-12-13 18:49:56,681 [s0-groupManagement] INFO  server.RaftServerConfigKeys (ConfUtils.java:logGet(46)) - raft.server.retrycache.expirytime = 60s (default)
2023-12-13 18:49:56,681 [s0-groupManagement] INFO  server.RaftServerConfigKeys (ConfUtils.java:logGet(46)) - raft.server.retrycache.statistics.expirytime = 100ms (default)
2023-12-13 18:49:56,681 [s0-groupManagement] INFO  server.RaftServerConfigKeys (ConfUtils.java:logGet(46)) - raft.server.read.option = DEFAULT (default)
2023-12-13 18:49:56,681 [s0-groupManagement] INFO  server.RaftServerConfigKeys (ConfUtils.java:logGet(46)) - raft.server.read.read-after-write-consistent.write-index-cache.expiry-time = 60s (default)
2023-12-13 18:49:56,682 [s0-groupManagement] INFO  server.RaftServerConfigKeys (ConfUtils.java:logGet(46)) - raft.server.rpc.request.timeout = 3000ms (default)
2023-12-13 18:49:56,682 [s0-groupManagement] INFO  server.RaftServerConfigKeys (ConfUtils.java:logGet(46)) - raft.server.log.appender.install.snapshot.enabled = true (default)
2023-12-13 18:49:56,682 [s0-groupManagement] INFO  server.RaftServerConfigKeys (ConfUtils.java:logGet(46)) - raft.server.threadpool.server.cached = true (default)
2023-12-13 18:49:56,682 [s0-groupManagement] INFO  server.RaftServerConfigKeys (ConfUtils.java:logGet(46)) - raft.server.threadpool.server.size = 0 (default)
2023-12-13 18:49:56,682 [s0-groupManagement] INFO  server.RaftServerConfigKeys (ConfUtils.java:logGet(46)) - raft.server.threadpool.client.cached = true (default)
2023-12-13 18:49:56,682 [s0-groupManagement] INFO  server.RaftServerConfigKeys (ConfUtils.java:logGet(46)) - raft.server.threadpool.client.size = 0 (default)
2023-12-13 18:49:56,682 [s0-impl-thread1] INFO  server.RaftServerConfigKeys (ConfUtils.java:logGet(46)) - raft.server.storage.free-space.min = 0MB (=0) (default)
2023-12-13 18:49:56,682 [s0-impl-thread1] INFO  server.RaftServerConfigKeys (ConfUtils.java:logGet(46)) - raft.server.log.corruption.policy = EXCEPTION (default)
2023-12-13 18:49:56,682 [s0-impl-thread1] INFO  server.RaftServerConfigKeys (ConfUtils.java:logGet(46)) - raft.server.storage.dir = [/home/runner/work/ratis/ratis/ratis-test/target/test/data/b8de9602/MiniRaftClusterWithGrpc30ad22b0/s0] (custom)
2023-12-13 18:49:56,683 [s0-impl-thread1] INFO  storage.RaftStorageDirectory (RaftStorageDirectoryImpl.java:tryLock(228)) - Lock on /home/runner/work/ratis/ratis/ratis-test/target/test/data/b8de9602/MiniRaftClusterWithGrpc30ad22b0/s0/a9ef5780-25a5-4f6b-8ac0-6bee03e5180e/in_use.lock acquired by nodename 24599@fv-az743-812
2023-12-13 18:49:56,683 [s0-impl-thread1] TRACE util.FileUtils (LogUtils.java:runAndLog(49)) - Successfully ran Files.deleteIfExists /home/runner/work/ratis/ratis/ratis-test/target/test/data/b8de9602/MiniRaftClusterWithGrpc30ad22b0/s0/a9ef5780-25a5-4f6b-8ac0-6bee03e5180e/current/raft-meta.tmp
2023-12-13 18:49:56,683 [s0-impl-thread1] TRACE util.FileUtils (LogUtils.java:supplyAndLog(69)) - Successfully supplied Files.newInputStream /home/runner/work/ratis/ratis/ratis-test/target/test/data/b8de9602/MiniRaftClusterWithGrpc30ad22b0/s0/a9ef5780-25a5-4f6b-8ac0-6bee03e5180e/current/raft-meta with options []: sun.nio.ch.ChannelInputStream@1b44e500
2023-12-13 18:49:56,683 [s0-impl-thread1] INFO  storage.RaftStorage (RaftStorageImpl.java:analyzeAndRecoverStorage(119)) - Read RaftStorageMetadata{term=0, votedFor=} from /home/runner/work/ratis/ratis/ratis-test/target/test/data/b8de9602/MiniRaftClusterWithGrpc30ad22b0/s0/a9ef5780-25a5-4f6b-8ac0-6bee03e5180e/current/raft-meta
2023-12-13 18:49:56,683 [s0-impl-thread1] TRACE util.FileUtils (LogUtils.java:supplyAndLog(61)) - Failed to Files.newInputStream /home/runner/work/ratis/ratis/ratis-test/target/test/data/b8de9602/MiniRaftClusterWithGrpc30ad22b0/s0/a9ef5780-25a5-4f6b-8ac0-6bee03e5180e/current/raft-meta.conf with options []
java.nio.file.NoSuchFileException: /home/runner/work/ratis/ratis/ratis-test/target/test/data/b8de9602/MiniRaftClusterWithGrpc30ad22b0/s0/a9ef5780-25a5-4f6b-8ac0-6bee03e5180e/current/raft-meta.conf
	at java.base/sun.nio.fs.UnixException.translateToIOException(UnixException.java:92)
	at java.base/sun.nio.fs.UnixException.rethrowAsIOException(UnixException.java:111)
	at java.base/sun.nio.fs.UnixException.rethrowAsIOException(UnixException.java:116)
	at java.base/sun.nio.fs.UnixFileSystemProvider.newByteChannel(UnixFileSystemProvider.java:219)
	at java.base/java.nio.file.Files.newByteChannel(Files.java:371)
	at java.base/java.nio.file.Files.newByteChannel(Files.java:422)
	at java.base/java.nio.file.spi.FileSystemProvider.newInputStream(FileSystemProvider.java:420)
	at java.base/java.nio.file.Files.newInputStream(Files.java:156)
	at org.apache.ratis.util.FileUtils.lambda$newInputStream$2(FileUtils.java:73)
	at org.apache.ratis.util.LogUtils.supplyAndLog(LogUtils.java:58)
	at org.apache.ratis.util.FileUtils.newInputStream(FileUtils.java:72)
	at org.apache.ratis.util.FileUtils.newInputStream(FileUtils.java:68)
	at org.apache.ratis.server.storage.RaftStorageImpl.readRaftConfiguration(RaftStorageImpl.java:156)
	at org.apache.ratis.server.impl.ServerState.initialize(ServerState.java:141)
	at org.apache.ratis.server.impl.RaftServerImpl.start(RaftServerImpl.java:388)
	at org.apache.ratis.util.ConcurrentUtils.accept(ConcurrentUtils.java:203)
	at org.apache.ratis.util.ConcurrentUtils.lambda$parallelForEachAsync$4(ConcurrentUtils.java:182)
	at java.base/java.util.concurrent.ThreadPoolExecutor.runWorker(ThreadPoolExecutor.java:1128)
	at java.base/java.util.concurrent.ThreadPoolExecutor$Worker.run(ThreadPoolExecutor.java:628)
	at java.base/java.lang.Thread.run(Thread.java:829)
2023-12-13 18:49:56,684 [s0-impl-thread1] INFO  server.RaftServerConfigKeys (ConfUtils.java:logGet(46)) - raft.server.log.use.memory = false (default)
2023-12-13 18:49:56,684 [s0-impl-thread1] INFO  server.RaftServerConfigKeys (ConfUtils.java:logGet(46)) - raft.server.log.purge.gap = 1024 (default)
2023-12-13 18:49:56,684 [s0-impl-thread1] INFO  server.RaftServerConfigKeys (ConfUtils.java:logGet(46)) - raft.server.log.appender.buffer.byte-limit = 4MB (=4194304) (default)
2023-12-13 18:49:56,684 [s0-impl-thread1] INFO  server.RaftServerConfigKeys (ConfUtils.java:logGet(46)) - raft.server.log.statemachine.data.read.timeout = 1000ms (default)
2023-12-13 18:49:56,684 [s0-impl-thread1] INFO  server.RaftServerConfigKeys (ConfUtils.java:logGet(46)) - raft.server.log.purge.preservation.log.num = 0 (default)
2023-12-13 18:49:56,684 [s0-impl-thread1] INFO  server.RaftServerConfigKeys (ConfUtils.java:logGet(46)) - raft.server.log.segment.size.max = 32MB (=33554432) (default)
2023-12-13 18:49:56,684 [s0-impl-thread1] INFO  server.RaftServerConfigKeys (ConfUtils.java:logGet(46)) - raft.server.log.segment.cache.num.max = 6 (default)
2023-12-13 18:49:56,684 [s0-impl-thread1] INFO  server.RaftServerConfigKeys (ConfUtils.java:logGet(46)) - raft.server.log.segment.cache.size.max = 200MB (=209715200) (default)
2023-12-13 18:49:56,684 [s0-impl-thread1] INFO  server.RaftServerConfigKeys (ConfUtils.java:logGet(46)) - raft.server.log.appender.buffer.byte-limit = 4MB (=4194304) (default)
2023-12-13 18:49:56,684 [s0-impl-thread1] INFO  util.AwaitToRun (AwaitToRun.java:start(81)) - Thread[s0@group-6BEE03E5180E-cacheEviction-AwaitToRun,5,main] started
2023-12-13 18:49:56,684 [s0-impl-thread1] INFO  segmented.SegmentedRaftLogWorker (SegmentedRaftLogWorker.java:<init>(182)) - new s0@group-6BEE03E5180E-SegmentedRaftLogWorker for RaftStorageImpl:Storage Directory /home/runner/work/ratis/ratis/ratis-test/target/test/data/b8de9602/MiniRaftClusterWithGrpc30ad22b0/s0/a9ef5780-25a5-4f6b-8ac0-6bee03e5180e
2023-12-13 18:49:56,684 [s0-impl-thread1] INFO  server.RaftServerConfigKeys (ConfUtils.java:logGet(46)) - raft.server.log.queue.byte-limit = 64MB (=67108864) (default)
2023-12-13 18:49:56,684 [s0-impl-thread1] INFO  server.RaftServerConfigKeys (ConfUtils.java:logGet(46)) - raft.server.log.queue.element-limit = 4096 (default)
2023-12-13 18:49:56,684 [s0-impl-thread1] INFO  server.RaftServerConfigKeys (ConfUtils.java:logGet(46)) - raft.server.log.segment.size.max = 32MB (=33554432) (default)
2023-12-13 18:49:56,684 [s0-impl-thread1] INFO  server.RaftServerConfigKeys (ConfUtils.java:logGet(46)) - raft.server.log.preallocated.size = 4MB (=4194304) (default)
2023-12-13 18:49:56,684 [s0-impl-thread1] INFO  server.RaftServerConfigKeys (ConfUtils.java:logGet(46)) - raft.server.log.force.sync.num = 128 (default)
2023-12-13 18:49:56,684 [s0-impl-thread1] INFO  server.RaftServerConfigKeys (ConfUtils.java:logGet(46)) - raft.server.log.statemachine.data.sync = true (default)
2023-12-13 18:49:56,684 [s0-impl-thread1] INFO  server.RaftServerConfigKeys (ConfUtils.java:logGet(46)) - raft.server.log.statemachine.data.sync.timeout = 10s (default)
2023-12-13 18:49:56,685 [s0-impl-thread1] INFO  server.RaftServerConfigKeys (ConfUtils.java:logGet(46)) - raft.server.log.statemachine.data.sync.timeout.retry = -1 (default)
2023-12-13 18:49:56,685 [s0-impl-thread1] INFO  server.RaftServerConfigKeys (ConfUtils.java:logGet(46)) - raft.server.log.write.buffer.size = 8MB (=8388608) (default)
2023-12-13 18:49:56,686 [s0-impl-thread1] INFO  server.RaftServerConfigKeys (ConfUtils.java:logGet(46)) - raft.server.log.appender.buffer.byte-limit = 4MB (=4194304) (default)
2023-12-13 18:49:56,686 [s0-impl-thread1] INFO  server.RaftServerConfigKeys (ConfUtils.java:logGet(46)) - raft.server.log.unsafe-flush.enabled = false (default)
2023-12-13 18:49:56,686 [s0-impl-thread1] INFO  server.RaftServerConfigKeys (ConfUtils.java:logGet(46)) - raft.server.log.async-flush.enabled = false (default)
2023-12-13 18:49:56,686 [s0-impl-thread1] INFO  server.RaftServerConfigKeys (ConfUtils.java:logGet(46)) - raft.server.log.statemachine.data.caching.enabled = false (default)
2023-12-13 18:49:56,686 [s0-impl-thread1] INFO  segmented.SegmentedRaftLogWorker (SegmentedRaftLogWorker.java:lambda$new$0(134)) - s0@group-6BEE03E5180E-SegmentedRaftLogWorker: flushIndex: setUnconditionally 0 -> -1
2023-12-13 18:49:56,686 [s0-impl-thread1] INFO  segmented.SegmentedRaftLogWorker (SegmentedRaftLogWorker.java:lambda$new$0(134)) - s0@group-6BEE03E5180E-SegmentedRaftLogWorker: safeCacheEvictIndex: setUnconditionally 0 -> -1
2023-12-13 18:49:56,686 [s0-impl-thread1] INFO  server.RaftServer$Division (RaftServerImpl.java:start(392)) - s0@group-6BEE03E5180E: start as a follower, conf=-1: peers:[s0|localhost:41479]|listeners:[], old=null
2023-12-13 18:49:56,686 [s0-impl-thread1] INFO  server.RaftServer$Division (RaftServerImpl.java:setRole(379)) - s0@group-6BEE03E5180E: changes role from      null to FOLLOWER at term 0 for startAsFollower
2023-12-13 18:49:56,686 [s0-impl-thread1] INFO  impl.RoleInfo (RoleInfo.java:updateAndGet(139)) - s0: start s0@group-6BEE03E5180E-FollowerState
2023-12-13 18:49:56,687 [s0@group-6BEE03E5180E-FollowerState] INFO  server.RaftServerConfigKeys (ConfUtils.java:logFallback(53)) - raft.server.rpc.first-election.timeout.min = 1500ms (fallback to raft.server.rpc.timeout.min)
2023-12-13 18:49:56,687 [s0-impl-thread1] INFO  util.JmxRegister (JmxRegister.java:tryRegister(44)) - Successfully registered JMX Bean with object name Ratis:service=RaftServer,group=group-6BEE03E5180E,id=s0
2023-12-13 18:49:56,687 [s0@group-6BEE03E5180E-FollowerState] INFO  server.RaftServerConfigKeys (ConfUtils.java:logFallback(53)) - raft.server.rpc.first-election.timeout.max = 2000ms (fallback to raft.server.rpc.timeout.max)
2023-12-13 18:49:56,687 [s0-impl-thread1] INFO  server.RaftServerConfigKeys (ConfUtils.java:logGet(46)) - raft.server.snapshot.trigger-when-stop.enabled = true (default)
2023-12-13 18:49:56,687 [s0-impl-thread1] INFO  server.RaftServerConfigKeys (ConfUtils.java:logGet(46)) - raft.server.snapshot.auto.trigger.enabled = false (default)
2023-12-13 18:49:56,687 [s0-impl-thread1] INFO  server.RaftServerConfigKeys (ConfUtils.java:logGet(46)) - raft.server.snapshot.retention.file.num = -1 (default)
2023-12-13 18:49:56,687 [s0-impl-thread1] INFO  server.RaftServerConfigKeys (ConfUtils.java:logGet(46)) - raft.server.log.purge.upto.snapshot.index = false (default)
2023-12-13 18:49:56,687 [Time-limited test] INFO  server.RaftServer (RaftServerProxy.java:startImpl(406)) - s0: start RPC server
2023-12-13 18:49:56,688 [Time-limited test] INFO  server.GrpcService (GrpcService.java:startImpl(302)) - s0: GrpcService started, listening on 46545
2023-12-13 18:49:56,689 [Time-limited test] INFO  server.GrpcService (GrpcService.java:startImpl(302)) - s0: GrpcService started, listening on 41479
2023-12-13 18:49:56,689 [Time-limited test] INFO  server.GrpcService (GrpcService.java:startImpl(302)) - s0: GrpcService started, listening on 42195
2023-12-13 18:49:56,689 [Time-limited test] INFO  server.RaftServerConfigKeys (ConfUtils.java:logGet(46)) - raft.server.removed.groups.dir = /tmp/groups18159610994611392775 (custom)
2023-12-13 18:49:56,689 [JvmPauseMonitor9] INFO  util.JvmPauseMonitor (JvmPauseMonitor.java:run(146)) - JvmPauseMonitor-s0: Started
2023-12-13 18:49:56,689 [Time-limited test] INFO  impl.MiniRaftCluster (MiniRaftCluster.java:shutdown(831)) - ************************************************************** 
2023-12-13 18:49:56,689 [Time-limited test] INFO  impl.MiniRaftCluster (MiniRaftCluster.java:shutdown(832)) - *** 
2023-12-13 18:49:56,689 [Time-limited test] INFO  impl.MiniRaftCluster (MiniRaftCluster.java:shutdown(833)) - ***     Stopping MiniRaftClusterWithGrpc
2023-12-13 18:49:56,689 [Time-limited test] INFO  impl.MiniRaftCluster (MiniRaftCluster.java:shutdown(834)) - *** 
2023-12-13 18:49:56,689 [Time-limited test] INFO  impl.MiniRaftCluster (MiniRaftCluster.java:shutdown(835)) - ************************************************************** 
2023-12-13 18:49:56,689 [Time-limited test] INFO  impl.MiniRaftCluster (MiniRaftCluster.java:shutdown(836)) - printing ALL groups
  s0:  RUNNING  FOLLOWER s0@group-6BEE03E5180E:t0, leader=null, voted=, raftlog=Memoized:s0@group-6BEE03E5180E-SegmentedRaftLog:OPENED:c-1, conf=-1: peers:[s0|localhost:41479]|listeners:[], old=null RUNNING
2023-12-13 18:49:56,690 [MiniRaftCluster-7] INFO  server.RaftServer (RaftServerProxy.java:lambda$close$9(416)) - s0: close
2023-12-13 18:49:56,690 [s0-impl-thread1] INFO  server.RaftServer$Division (RaftServerImpl.java:lambda$close$3(516)) - s0@group-6BEE03E5180E: shutdown
2023-12-13 18:49:56,690 [MiniRaftCluster-7] INFO  server.GrpcService (GrpcService.java:closeImpl(311)) - s0: shutdown server org.apache.ratis.grpc.server.GrpcClientProtocolService now
2023-12-13 18:49:56,690 [s0-impl-thread1] INFO  util.JmxRegister (JmxRegister.java:unregister(73)) - Successfully un-registered JMX Bean with object name Ratis:service=RaftServer,group=group-6BEE03E5180E,id=s0
2023-12-13 18:49:56,690 [s0-impl-thread1] INFO  impl.RoleInfo (RoleInfo.java:shutdownFollowerState(110)) - s0: shutdown s0@group-6BEE03E5180E-FollowerState
2023-12-13 18:49:56,690 [s0-impl-thread1] INFO  impl.StateMachineUpdater (StateMachineUpdater.java:stopAndJoin(157)) - s0@group-6BEE03E5180E-StateMachineUpdater: set stopIndex = -1
2023-12-13 18:49:56,690 [s0@group-6BEE03E5180E-FollowerState] INFO  impl.FollowerState (FollowerState.java:run(152)) - s0@group-6BEE03E5180E-FollowerState was interrupted
2023-12-13 18:49:56,691 [MiniRaftCluster-7] INFO  server.GrpcService (GrpcService.java:closeImpl(320)) - s0: shutdown server org.apache.ratis.grpc.server.GrpcClientProtocolService successfully
2023-12-13 18:49:56,694 [MiniRaftCluster-7] INFO  server.GrpcService (GrpcService.java:closeImpl(311)) - s0: shutdown server GrpcServerProtocolService now
2023-12-13 18:49:56,691 [s0-impl-thread1] INFO  server.RaftServer$Division (ServerState.java:close(423)) - s0@group-6BEE03E5180E: applyIndex: -1
2023-12-13 18:49:56,694 [s0@group-6BEE03E5180E-cacheEviction-AwaitToRun] INFO  util.AwaitToRun (AwaitToRun.java:run(49)) - s0@group-6BEE03E5180E-cacheEviction-AwaitToRun-AwaitForSignal is interrupted
2023-12-13 18:49:56,694 [MiniRaftCluster-7] INFO  server.GrpcService (GrpcService.java:closeImpl(320)) - s0: shutdown server GrpcServerProtocolService successfully
2023-12-13 18:49:56,694 [MiniRaftCluster-7] INFO  server.GrpcService (GrpcService.java:closeImpl(311)) - s0: shutdown server org.apache.ratis.grpc.server.GrpcAdminProtocolService now
2023-12-13 18:49:56,694 [MiniRaftCluster-7] INFO  server.GrpcService (GrpcService.java:closeImpl(320)) - s0: shutdown server org.apache.ratis.grpc.server.GrpcAdminProtocolService successfully
2023-12-13 18:49:57,686 [s0-impl-thread1] INFO  segmented.SegmentedRaftLogWorker (SegmentedRaftLogWorker.java:close(245)) - s0@group-6BEE03E5180E-SegmentedRaftLogWorker close()
2023-12-13 18:49:57,687 [JvmPauseMonitor9] INFO  util.JvmPauseMonitor (JvmPauseMonitor.java:run(152)) - JvmPauseMonitor-s0: Stopped
2023-12-13 18:49:57,687 [Time-limited test] INFO  impl.MiniRaftCluster (MiniRaftCluster.java:shutdown(855)) - MiniRaftClusterWithGrpc shutdown completed
2023-12-13 18:49:57,688 [Time-limited test] INFO  server.RaftServerConfigKeys (ConfUtils.java:logGet(46)) - raft.server.removed.groups.dir = /tmp/groups18159610994611392775 (custom)
2023-12-13 18:49:57,688 [Time-limited test] TRACE util.FileUtils (FileUtils.java:deleteFully(305)) - deleteFully /tmp/groups18159610994611392775
2023-12-13 18:49:57,688 [Time-limited test] TRACE util.FileUtils (LogUtils.java:runAndLog(49)) - Successfully ran Files.delete /tmp/groups18159610994611392775/eaa76943-24d9-4d90-81a5-672f81468961/in_use.lock
2023-12-13 18:49:57,688 [Time-limited test] TRACE util.FileUtils (LogUtils.java:runAndLog(49)) - Successfully ran Files.delete /tmp/groups18159610994611392775/eaa76943-24d9-4d90-81a5-672f81468961/sm
2023-12-13 18:49:57,688 [Time-limited test] TRACE util.FileUtils (LogUtils.java:runAndLog(49)) - Successfully ran Files.delete /tmp/groups18159610994611392775/eaa76943-24d9-4d90-81a5-672f81468961/current/raft-meta
2023-12-13 18:49:57,688 [Time-limited test] TRACE util.FileUtils (LogUtils.java:runAndLog(49)) - Successfully ran Files.delete /tmp/groups18159610994611392775/eaa76943-24d9-4d90-81a5-672f81468961/current
2023-12-13 18:49:57,688 [Time-limited test] TRACE util.FileUtils (LogUtils.java:runAndLog(49)) - Successfully ran Files.delete /tmp/groups18159610994611392775/eaa76943-24d9-4d90-81a5-672f81468961
2023-12-13 18:49:57,688 [Time-limited test] TRACE util.FileUtils (LogUtils.java:runAndLog(49)) - Successfully ran Files.delete /tmp/groups18159610994611392775
]]></system-out>
  </testcase>
  <testcase name="testMultiGroup5Nodes" classname="org.apache.ratis.grpc.TestGroupManagementWithGrpc" time="1.064">
    <error message="Failed to start Grpc server" type="org.apache.ratis.util.ExitUtils$ExitException"><![CDATA[org.apache.ratis.util.ExitUtils$ExitException: Failed to start Grpc server
	at org.apache.ratis.util.ExitUtils.terminate(ExitUtils.java:141)
	at org.apache.ratis.util.ExitUtils.terminate(ExitUtils.java:151)
	at org.apache.ratis.grpc.server.GrpcService.startImpl(GrpcService.java:300)
	at org.apache.ratis.util.LifeCycle.startAndTransition(LifeCycle.java:270)
	at org.apache.ratis.server.RaftServerRpcWithProxy.start(RaftServerRpcWithProxy.java:72)
	at org.apache.ratis.server.impl.RaftServerProxy.startImpl(RaftServerProxy.java:407)
	at org.apache.ratis.util.LifeCycle.startAndTransition(LifeCycle.java:270)
	at org.apache.ratis.server.impl.RaftServerProxy.start(RaftServerProxy.java:400)
	at org.apache.ratis.server.impl.MiniRaftCluster.startServers(MiniRaftCluster.java:499)
	at org.apache.ratis.server.impl.MiniRaftCluster.start(MiniRaftCluster.java:346)
	at org.apache.ratis.server.impl.GroupManagementBaseTest.runMultiGroupTest(GroupManagementBaseTest.java:263)
	at org.apache.ratis.server.impl.GroupManagementBaseTest.runMultiGroupTest(GroupManagementBaseTest.java:237)
	at org.apache.ratis.server.impl.GroupManagementBaseTest.testMultiGroup5Nodes(GroupManagementBaseTest.java:220)
	at java.base/jdk.internal.reflect.NativeMethodAccessorImpl.invoke0(Native Method)
	at java.base/jdk.internal.reflect.NativeMethodAccessorImpl.invoke(NativeMethodAccessorImpl.java:62)
	at java.base/jdk.internal.reflect.DelegatingMethodAccessorImpl.invoke(DelegatingMethodAccessorImpl.java:43)
	at java.base/java.lang.reflect.Method.invoke(Method.java:566)
	at org.junit.runners.model.FrameworkMethod$1.runReflectiveCall(FrameworkMethod.java:59)
	at org.junit.internal.runners.model.ReflectiveCallable.run(ReflectiveCallable.java:12)
	at org.junit.runners.model.FrameworkMethod.invokeExplosively(FrameworkMethod.java:56)
	at org.junit.internal.runners.statements.InvokeMethod.evaluate(InvokeMethod.java:17)
	at org.junit.internal.runners.statements.RunAfters.evaluate(RunAfters.java:27)
	at org.junit.internal.runners.statements.FailOnTimeout$CallableStatement.call(FailOnTimeout.java:299)
	at org.junit.internal.runners.statements.FailOnTimeout$CallableStatement.call(FailOnTimeout.java:293)
	at java.base/java.util.concurrent.FutureTask.run(FutureTask.java:264)
	at java.base/java.lang.Thread.run(Thread.java:829)
Caused by: java.io.IOException: Failed to bind to address 0.0.0.0/0.0.0.0:45379
	at org.apache.ratis.thirdparty.io.grpc.netty.NettyServer.start(NettyServer.java:326)
	at org.apache.ratis.thirdparty.io.grpc.internal.ServerImpl.start(ServerImpl.java:185)
	at org.apache.ratis.thirdparty.io.grpc.internal.ServerImpl.start(ServerImpl.java:94)
	at org.apache.ratis.grpc.server.GrpcService.startImpl(GrpcService.java:298)
	... 23 more
Caused by: org.apache.ratis.thirdparty.io.netty.channel.unix.Errors$NativeIoException: bind(..) failed: Address already in use
]]></error>
    <system-out><![CDATA[2023-12-13 18:49:57,690 [main] INFO  util.LogUtils (Slf4jUtils.java:setLogLevel(38)) - Successfully set org.apache.ratis.conf.ConfUtils log level to WARN
2023-12-13 18:49:57,690 [main] INFO  util.LogUtils (Slf4jUtils.java:setLogLevel(38)) - Successfully set org.apache.ratis.util.FileUtils log level to TRACE
2023-12-13 18:49:57,690 [main] INFO  util.LogUtils (Slf4jUtils.java:setLogLevel(38)) - Successfully set org.apache.ratis.server.RaftServer log level to DEBUG
2023-12-13 18:49:57,690 [main] INFO  util.LogUtils (Slf4jUtils.java:setLogLevel(38)) - Successfully set org.apache.ratis.server.RaftServer$Division log level to DEBUG
2023-12-13 18:49:57,690 [main] INFO  util.LogUtils (Slf4jUtils.java:setLogLevel(38)) - Successfully set org.apache.ratis.client.RaftClient log level to DEBUG
| null | init | 34 |
2023-12-13 18:49:57,691 [Time-limited test] INFO  impl.MiniRaftCluster (MiniRaftCluster.java:<init>(306)) - new MiniRaftClusterWithGrpc with group-41AD3F729D91:[]
2023-12-13 18:49:57,691 [Time-limited test] INFO  impl.GroupManagementBaseTest (GroupManagementBaseTest.java:runMultiGroupTest(251)) - 

runMultiGroupTest with MiniRaftClusterWithGrpc[3, 4, 5]chosen=0: printing ALL groups
2023-12-13 18:49:57,691 [Time-limited test] INFO  impl.GroupManagementBaseTest (GroupManagementBaseTest.java:runMultiGroupTest(258)) - ids: [s0, s1, s2, s3, s4]
2023-12-13 18:49:57,692 [Time-limited test] INFO  impl.MiniRaftCluster (MiniRaftCluster.java:newRaftServer(382)) - newRaftServer: s0, group-41AD3F729D91:[], format? true
2023-12-13 18:49:57,692 [Time-limited test] TRACE util.FileUtils (FileUtils.java:deleteFully(305)) - deleteFully target/test/data/b8de9602/MiniRaftClusterWithGrpc3d68096b/s0
2023-12-13 18:49:57,692 [Time-limited test] TRACE util.FileUtils (FileUtils.java:deleteFully(318)) - deleteFully: target/test/data/b8de9602/MiniRaftClusterWithGrpc3d68096b/s0 does not exist.
2023-12-13 18:49:57,692 [Time-limited test] INFO  impl.MiniRaftCluster (MiniRaftCluster.java:newRaftServer(387)) - Formatted directory target/test/data/b8de9602/MiniRaftClusterWithGrpc3d68096b/s0
2023-12-13 18:49:57,692 [Time-limited test] DEBUG server.RaftServer (ServerImplUtils.java:newRaftServer(51)) - newRaftServer: s0, group-41AD3F729D91:[]
2023-12-13 18:49:57,692 [Time-limited test] INFO  server.RaftServer (ConfUtils.java:logGet(46)) - raft.rpc.type = GRPC (default)
2023-12-13 18:49:57,692 [Time-limited test] INFO  grpc.GrpcConfigKeys (ConfUtils.java:logFallback(53)) - raft.grpc.admin.host = null (fallback to raft.grpc.server.host)
2023-12-13 18:49:57,692 [Time-limited test] INFO  grpc.GrpcConfigKeys (ConfUtils.java:logFallback(53)) - raft.grpc.admin.port = 40857 (fallback to raft.grpc.server.port)
2023-12-13 18:49:57,692 [Time-limited test] INFO  grpc.GrpcConfigKeys (ConfUtils.java:logFallback(53)) - raft.grpc.client.host = null (fallback to raft.grpc.server.host)
2023-12-13 18:49:57,692 [Time-limited test] INFO  grpc.GrpcConfigKeys (ConfUtils.java:logFallback(53)) - raft.grpc.client.port = 40857 (fallback to raft.grpc.server.port)
2023-12-13 18:49:57,692 [Time-limited test] INFO  grpc.GrpcConfigKeys (ConfUtils.java:logGet(46)) - raft.grpc.server.host = null (default)
2023-12-13 18:49:57,692 [Time-limited test] INFO  grpc.GrpcConfigKeys (ConfUtils.java:logGet(46)) - raft.grpc.server.port = 40857 (custom)
2023-12-13 18:49:57,692 [Time-limited test] INFO  server.GrpcService (ConfUtils.java:logGet(46)) - raft.grpc.message.size.max = 64MB (=67108864) (default)
2023-12-13 18:49:57,692 [Time-limited test] INFO  server.RaftServerConfigKeys (ConfUtils.java:logGet(46)) - raft.server.log.appender.buffer.byte-limit = 4MB (=4194304) (default)
2023-12-13 18:49:57,692 [Time-limited test] INFO  server.GrpcService (ConfUtils.java:logGet(46)) - raft.grpc.flow.control.window = 1MB (=1048576) (default)
2023-12-13 18:49:57,693 [Time-limited test] INFO  server.RaftServerConfigKeys (ConfUtils.java:logGet(46)) - raft.server.rpc.request.timeout = 3000ms (default)
2023-12-13 18:49:57,693 [Time-limited test] INFO  grpc.GrpcConfigKeys (ConfUtils.java:logGet(46)) - raft.grpc.server.heartbeat.channel = true (default)
2023-12-13 18:49:57,693 [Time-limited test] INFO  grpc.GrpcConfigKeys (ConfUtils.java:logGet(46)) - raft.grpc.server.async.request.thread.pool.cached = true (default)
2023-12-13 18:49:57,693 [Time-limited test] INFO  grpc.GrpcConfigKeys (ConfUtils.java:logGet(46)) - raft.grpc.server.async.request.thread.pool.size = 32 (default)
2023-12-13 18:49:57,693 [Time-limited test] INFO  impl.DataStreamServerImpl (ConfUtils.java:logGet(46)) - raft.datastream.type = DISABLED (default)
2023-12-13 18:49:57,693 [Time-limited test] INFO  server.RaftServerConfigKeys (ConfUtils.java:logGet(46)) - raft.server.sleep.deviation.threshold = 300ms (default)
2023-12-13 18:49:57,693 [Time-limited test] INFO  server.RaftServerConfigKeys (ConfUtils.java:logGet(46)) - raft.server.close.threshold = 60s (default)
2023-12-13 18:49:57,693 [Time-limited test] INFO  server.RaftServerConfigKeys (ConfUtils.java:logGet(46)) - raft.server.leaderelection.leader.step-down.wait-time = 10s (default)
2023-12-13 18:49:57,693 [Time-limited test] INFO  server.RaftServerConfigKeys (ConfUtils.java:logGet(46)) - raft.server.storage.dir = [/home/runner/work/ratis/ratis/ratis-test/target/test/data/b8de9602/MiniRaftClusterWithGrpc3d68096b/s0] (custom)
2023-12-13 18:49:57,693 [Time-limited test] INFO  server.RaftServerConfigKeys (ConfUtils.java:logGet(46)) - raft.server.threadpool.proxy.cached = true (default)
2023-12-13 18:49:57,693 [Time-limited test] INFO  server.RaftServerConfigKeys (ConfUtils.java:logGet(46)) - raft.server.threadpool.proxy.size = 0 (default)
2023-12-13 18:49:57,694 [Time-limited test] INFO  server.RaftServer (RaftServerProxy.java:addNew(100)) - s0: addNew group-41AD3F729D91:[] returns group-41AD3F729D91:java.util.concurrent.CompletableFuture@ec7a5db[Not completed]
2023-12-13 18:49:57,694 [s0-groupManagement] INFO  server.RaftServer$Division (RaftServerImpl.java:<init>(256)) - s0: new RaftServerImpl for group-41AD3F729D91:[] with BaseStateMachine:uninitialized
2023-12-13 18:49:57,694 [Time-limited test] INFO  impl.MiniRaftCluster (MiniRaftCluster.java:newRaftServer(382)) - newRaftServer: s1, group-41AD3F729D91:[], format? true
2023-12-13 18:49:57,694 [s0-groupManagement] INFO  server.RaftServerConfigKeys (ConfUtils.java:logGet(46)) - raft.server.rpc.timeout.min = 1500ms (custom)
2023-12-13 18:49:57,694 [Time-limited test] TRACE util.FileUtils (FileUtils.java:deleteFully(305)) - deleteFully target/test/data/b8de9602/MiniRaftClusterWithGrpc3d68096b/s1
2023-12-13 18:49:57,694 [s0-groupManagement] INFO  server.RaftServerConfigKeys (ConfUtils.java:logGet(46)) - raft.server.rpc.timeout.max = 2000ms (custom)
2023-12-13 18:49:57,694 [s0-groupManagement] INFO  server.RaftServerConfigKeys (ConfUtils.java:logGet(46)) - raft.server.rpc.sleep.time = 25ms (default)
2023-12-13 18:49:57,694 [Time-limited test] TRACE util.FileUtils (FileUtils.java:deleteFully(318)) - deleteFully: target/test/data/b8de9602/MiniRaftClusterWithGrpc3d68096b/s1 does not exist.
2023-12-13 18:49:57,694 [s0-groupManagement] INFO  server.RaftServerConfigKeys (ConfUtils.java:logGet(46)) - raft.server.rpc.slowness.timeout = 60s (default)
2023-12-13 18:49:57,694 [Time-limited test] INFO  impl.MiniRaftCluster (MiniRaftCluster.java:newRaftServer(387)) - Formatted directory target/test/data/b8de9602/MiniRaftClusterWithGrpc3d68096b/s1
2023-12-13 18:49:57,694 [s0-groupManagement] INFO  server.RaftServerConfigKeys (ConfUtils.java:logGet(46)) - raft.server.leaderelection.leader.step-down.wait-time = 10s (default)
2023-12-13 18:49:57,694 [s0-groupManagement] INFO  server.RaftServerConfigKeys (ConfUtils.java:logGet(46)) - raft.server.leaderelection.member.majority-add = false (default)
2023-12-13 18:49:57,694 [s0-groupManagement] INFO  server.RaftServerConfigKeys (ConfUtils.java:logGet(46)) - raft.server.sleep.deviation.threshold = 300ms (default)
2023-12-13 18:49:57,694 [Time-limited test] DEBUG server.RaftServer (ServerImplUtils.java:newRaftServer(51)) - newRaftServer: s1, group-41AD3F729D91:[]
2023-12-13 18:49:57,694 [s0-groupManagement] INFO  server.RaftServer$Division (ServerState.java:<init>(113)) - s0@group-41AD3F729D91: ConfigurationManager, init=-1: peers:[]|listeners:[], old=null, confs=<EMPTY_MAP>
2023-12-13 18:49:57,694 [Time-limited test] INFO  server.RaftServer (ConfUtils.java:logGet(46)) - raft.rpc.type = GRPC (default)
2023-12-13 18:49:57,694 [s0-groupManagement] INFO  server.RaftServerConfigKeys (ConfUtils.java:logGet(46)) - raft.server.notification.no-leader.timeout = 60s (default)
2023-12-13 18:49:57,694 [s0-groupManagement] INFO  server.RaftServerConfigKeys (ConfUtils.java:logGet(46)) - raft.server.read.timeout = 10s (default)
2023-12-13 18:49:57,694 [Time-limited test] INFO  grpc.GrpcConfigKeys (ConfUtils.java:logFallback(53)) - raft.grpc.admin.host = null (fallback to raft.grpc.server.host)
2023-12-13 18:49:57,694 [s0-groupManagement] INFO  server.RaftServerConfigKeys (ConfUtils.java:logGet(46)) - raft.server.retrycache.expirytime = 60s (default)
2023-12-13 18:49:57,694 [s0-groupManagement] INFO  server.RaftServerConfigKeys (ConfUtils.java:logGet(46)) - raft.server.retrycache.statistics.expirytime = 100ms (default)
2023-12-13 18:49:57,695 [Time-limited test] INFO  grpc.GrpcConfigKeys (ConfUtils.java:logFallback(53)) - raft.grpc.admin.port = 36823 (fallback to raft.grpc.server.port)
2023-12-13 18:49:57,695 [Time-limited test] INFO  grpc.GrpcConfigKeys (ConfUtils.java:logFallback(53)) - raft.grpc.client.host = null (fallback to raft.grpc.server.host)
2023-12-13 18:49:57,695 [s0-groupManagement] INFO  server.RaftServerConfigKeys (ConfUtils.java:logGet(46)) - raft.server.read.option = DEFAULT (default)
2023-12-13 18:49:57,695 [Time-limited test] INFO  grpc.GrpcConfigKeys (ConfUtils.java:logFallback(53)) - raft.grpc.client.port = 36823 (fallback to raft.grpc.server.port)
2023-12-13 18:49:57,695 [s0-groupManagement] INFO  server.RaftServerConfigKeys (ConfUtils.java:logGet(46)) - raft.server.read.read-after-write-consistent.write-index-cache.expiry-time = 60s (default)
2023-12-13 18:49:57,695 [Time-limited test] INFO  grpc.GrpcConfigKeys (ConfUtils.java:logGet(46)) - raft.grpc.server.host = null (default)
2023-12-13 18:49:57,695 [Time-limited test] INFO  grpc.GrpcConfigKeys (ConfUtils.java:logGet(46)) - raft.grpc.server.port = 36823 (custom)
2023-12-13 18:49:57,695 [Time-limited test] INFO  server.GrpcService (ConfUtils.java:logGet(46)) - raft.grpc.message.size.max = 64MB (=67108864) (default)
2023-12-13 18:49:57,695 [Time-limited test] INFO  server.RaftServerConfigKeys (ConfUtils.java:logGet(46)) - raft.server.log.appender.buffer.byte-limit = 4MB (=4194304) (default)
2023-12-13 18:49:57,695 [Time-limited test] INFO  server.GrpcService (ConfUtils.java:logGet(46)) - raft.grpc.flow.control.window = 1MB (=1048576) (default)
2023-12-13 18:49:57,695 [Time-limited test] INFO  server.RaftServerConfigKeys (ConfUtils.java:logGet(46)) - raft.server.rpc.request.timeout = 3000ms (default)
2023-12-13 18:49:57,695 [Time-limited test] INFO  grpc.GrpcConfigKeys (ConfUtils.java:logGet(46)) - raft.grpc.server.heartbeat.channel = true (default)
2023-12-13 18:49:57,695 [Time-limited test] INFO  grpc.GrpcConfigKeys (ConfUtils.java:logGet(46)) - raft.grpc.server.async.request.thread.pool.cached = true (default)
2023-12-13 18:49:57,695 [Time-limited test] INFO  grpc.GrpcConfigKeys (ConfUtils.java:logGet(46)) - raft.grpc.server.async.request.thread.pool.size = 32 (default)
2023-12-13 18:49:57,696 [s0-groupManagement] INFO  server.RaftServerConfigKeys (ConfUtils.java:logGet(46)) - raft.server.rpc.request.timeout = 3000ms (default)
2023-12-13 18:49:57,696 [s0-groupManagement] INFO  server.RaftServerConfigKeys (ConfUtils.java:logGet(46)) - raft.server.log.appender.install.snapshot.enabled = true (default)
2023-12-13 18:49:57,696 [Time-limited test] INFO  impl.DataStreamServerImpl (ConfUtils.java:logGet(46)) - raft.datastream.type = DISABLED (default)
2023-12-13 18:49:57,696 [s0-groupManagement] INFO  server.RaftServerConfigKeys (ConfUtils.java:logGet(46)) - raft.server.threadpool.server.cached = true (default)
2023-12-13 18:49:57,696 [Time-limited test] INFO  server.RaftServerConfigKeys (ConfUtils.java:logGet(46)) - raft.server.sleep.deviation.threshold = 300ms (default)
2023-12-13 18:49:57,696 [s0-groupManagement] INFO  server.RaftServerConfigKeys (ConfUtils.java:logGet(46)) - raft.server.threadpool.server.size = 0 (default)
2023-12-13 18:49:57,696 [Time-limited test] INFO  server.RaftServerConfigKeys (ConfUtils.java:logGet(46)) - raft.server.close.threshold = 60s (default)
2023-12-13 18:49:57,696 [s0-groupManagement] INFO  server.RaftServerConfigKeys (ConfUtils.java:logGet(46)) - raft.server.threadpool.client.cached = true (default)
2023-12-13 18:49:57,696 [Time-limited test] INFO  server.RaftServerConfigKeys (ConfUtils.java:logGet(46)) - raft.server.leaderelection.leader.step-down.wait-time = 10s (default)
2023-12-13 18:49:57,696 [s0-groupManagement] INFO  server.RaftServerConfigKeys (ConfUtils.java:logGet(46)) - raft.server.threadpool.client.size = 0 (default)
2023-12-13 18:49:57,696 [Time-limited test] INFO  server.RaftServerConfigKeys (ConfUtils.java:logGet(46)) - raft.server.storage.dir = [/home/runner/work/ratis/ratis/ratis-test/target/test/data/b8de9602/MiniRaftClusterWithGrpc3d68096b/s1] (custom)
2023-12-13 18:49:57,696 [Time-limited test] INFO  server.RaftServerConfigKeys (ConfUtils.java:logGet(46)) - raft.server.threadpool.proxy.cached = true (default)
2023-12-13 18:49:57,696 [Time-limited test] INFO  server.RaftServerConfigKeys (ConfUtils.java:logGet(46)) - raft.server.threadpool.proxy.size = 0 (default)
2023-12-13 18:49:57,696 [Time-limited test] INFO  server.RaftServer (RaftServerProxy.java:addNew(100)) - s1: addNew group-41AD3F729D91:[] returns group-41AD3F729D91:java.util.concurrent.CompletableFuture@6bed348a[Not completed]
2023-12-13 18:49:57,697 [s1-groupManagement] INFO  server.RaftServer$Division (RaftServerImpl.java:<init>(256)) - s1: new RaftServerImpl for group-41AD3F729D91:[] with BaseStateMachine:uninitialized
2023-12-13 18:49:57,697 [Time-limited test] INFO  impl.MiniRaftCluster (MiniRaftCluster.java:newRaftServer(382)) - newRaftServer: s2, group-41AD3F729D91:[], format? true
2023-12-13 18:49:57,697 [s1-groupManagement] INFO  server.RaftServerConfigKeys (ConfUtils.java:logGet(46)) - raft.server.rpc.timeout.min = 1500ms (custom)
2023-12-13 18:49:57,697 [Time-limited test] TRACE util.FileUtils (FileUtils.java:deleteFully(305)) - deleteFully target/test/data/b8de9602/MiniRaftClusterWithGrpc3d68096b/s2
2023-12-13 18:49:57,697 [s1-groupManagement] INFO  server.RaftServerConfigKeys (ConfUtils.java:logGet(46)) - raft.server.rpc.timeout.max = 2000ms (custom)
2023-12-13 18:49:57,697 [s1-groupManagement] INFO  server.RaftServerConfigKeys (ConfUtils.java:logGet(46)) - raft.server.rpc.sleep.time = 25ms (default)
2023-12-13 18:49:57,697 [Time-limited test] TRACE util.FileUtils (FileUtils.java:deleteFully(318)) - deleteFully: target/test/data/b8de9602/MiniRaftClusterWithGrpc3d68096b/s2 does not exist.
2023-12-13 18:49:57,697 [s1-groupManagement] INFO  server.RaftServerConfigKeys (ConfUtils.java:logGet(46)) - raft.server.rpc.slowness.timeout = 60s (default)
2023-12-13 18:49:57,697 [Time-limited test] INFO  impl.MiniRaftCluster (MiniRaftCluster.java:newRaftServer(387)) - Formatted directory target/test/data/b8de9602/MiniRaftClusterWithGrpc3d68096b/s2
2023-12-13 18:49:57,697 [s1-groupManagement] INFO  server.RaftServerConfigKeys (ConfUtils.java:logGet(46)) - raft.server.leaderelection.leader.step-down.wait-time = 10s (default)
2023-12-13 18:49:57,697 [s1-groupManagement] INFO  server.RaftServerConfigKeys (ConfUtils.java:logGet(46)) - raft.server.leaderelection.member.majority-add = false (default)
2023-12-13 18:49:57,697 [s1-groupManagement] INFO  server.RaftServerConfigKeys (ConfUtils.java:logGet(46)) - raft.server.sleep.deviation.threshold = 300ms (default)
2023-12-13 18:49:57,697 [Time-limited test] DEBUG server.RaftServer (ServerImplUtils.java:newRaftServer(51)) - newRaftServer: s2, group-41AD3F729D91:[]
2023-12-13 18:49:57,697 [s1-groupManagement] INFO  server.RaftServer$Division (ServerState.java:<init>(113)) - s1@group-41AD3F729D91: ConfigurationManager, init=-1: peers:[]|listeners:[], old=null, confs=<EMPTY_MAP>
2023-12-13 18:49:57,697 [Time-limited test] INFO  server.RaftServer (ConfUtils.java:logGet(46)) - raft.rpc.type = GRPC (default)
2023-12-13 18:49:57,697 [s1-groupManagement] INFO  server.RaftServerConfigKeys (ConfUtils.java:logGet(46)) - raft.server.notification.no-leader.timeout = 60s (default)
2023-12-13 18:49:57,697 [s1-groupManagement] INFO  server.RaftServerConfigKeys (ConfUtils.java:logGet(46)) - raft.server.read.timeout = 10s (default)
2023-12-13 18:49:57,697 [s1-groupManagement] INFO  server.RaftServerConfigKeys (ConfUtils.java:logGet(46)) - raft.server.retrycache.expirytime = 60s (default)
2023-12-13 18:49:57,697 [s1-groupManagement] INFO  server.RaftServerConfigKeys (ConfUtils.java:logGet(46)) - raft.server.retrycache.statistics.expirytime = 100ms (default)
2023-12-13 18:49:57,697 [s1-groupManagement] INFO  server.RaftServerConfigKeys (ConfUtils.java:logGet(46)) - raft.server.read.option = DEFAULT (default)
2023-12-13 18:49:57,697 [s1-groupManagement] INFO  server.RaftServerConfigKeys (ConfUtils.java:logGet(46)) - raft.server.read.read-after-write-consistent.write-index-cache.expiry-time = 60s (default)
2023-12-13 18:49:57,697 [Time-limited test] INFO  grpc.GrpcConfigKeys (ConfUtils.java:logFallback(53)) - raft.grpc.admin.host = null (fallback to raft.grpc.server.host)
2023-12-13 18:49:57,697 [Time-limited test] INFO  grpc.GrpcConfigKeys (ConfUtils.java:logFallback(53)) - raft.grpc.admin.port = 45379 (fallback to raft.grpc.server.port)
2023-12-13 18:49:57,698 [Time-limited test] INFO  grpc.GrpcConfigKeys (ConfUtils.java:logFallback(53)) - raft.grpc.client.host = null (fallback to raft.grpc.server.host)
2023-12-13 18:49:57,698 [Time-limited test] INFO  grpc.GrpcConfigKeys (ConfUtils.java:logFallback(53)) - raft.grpc.client.port = 45379 (fallback to raft.grpc.server.port)
2023-12-13 18:49:57,698 [Time-limited test] INFO  grpc.GrpcConfigKeys (ConfUtils.java:logGet(46)) - raft.grpc.server.host = null (default)
2023-12-13 18:49:57,698 [Time-limited test] INFO  grpc.GrpcConfigKeys (ConfUtils.java:logGet(46)) - raft.grpc.server.port = 45379 (custom)
2023-12-13 18:49:57,698 [Time-limited test] INFO  server.GrpcService (ConfUtils.java:logGet(46)) - raft.grpc.message.size.max = 64MB (=67108864) (default)
2023-12-13 18:49:57,698 [Time-limited test] INFO  server.RaftServerConfigKeys (ConfUtils.java:logGet(46)) - raft.server.log.appender.buffer.byte-limit = 4MB (=4194304) (default)
2023-12-13 18:49:57,698 [Time-limited test] INFO  server.GrpcService (ConfUtils.java:logGet(46)) - raft.grpc.flow.control.window = 1MB (=1048576) (default)
2023-12-13 18:49:57,698 [Time-limited test] INFO  server.RaftServerConfigKeys (ConfUtils.java:logGet(46)) - raft.server.rpc.request.timeout = 3000ms (default)
2023-12-13 18:49:57,698 [Time-limited test] INFO  grpc.GrpcConfigKeys (ConfUtils.java:logGet(46)) - raft.grpc.server.heartbeat.channel = true (default)
2023-12-13 18:49:57,698 [s1-groupManagement] INFO  server.RaftServerConfigKeys (ConfUtils.java:logGet(46)) - raft.server.rpc.request.timeout = 3000ms (default)
2023-12-13 18:49:57,698 [Time-limited test] INFO  grpc.GrpcConfigKeys (ConfUtils.java:logGet(46)) - raft.grpc.server.async.request.thread.pool.cached = true (default)
2023-12-13 18:49:57,698 [s1-groupManagement] INFO  server.RaftServerConfigKeys (ConfUtils.java:logGet(46)) - raft.server.log.appender.install.snapshot.enabled = true (default)
2023-12-13 18:49:57,698 [Time-limited test] INFO  grpc.GrpcConfigKeys (ConfUtils.java:logGet(46)) - raft.grpc.server.async.request.thread.pool.size = 32 (default)
2023-12-13 18:49:57,698 [s1-groupManagement] INFO  server.RaftServerConfigKeys (ConfUtils.java:logGet(46)) - raft.server.threadpool.server.cached = true (default)
2023-12-13 18:49:57,698 [s1-groupManagement] INFO  server.RaftServerConfigKeys (ConfUtils.java:logGet(46)) - raft.server.threadpool.server.size = 0 (default)
2023-12-13 18:49:57,698 [s1-groupManagement] INFO  server.RaftServerConfigKeys (ConfUtils.java:logGet(46)) - raft.server.threadpool.client.cached = true (default)
2023-12-13 18:49:57,698 [s1-groupManagement] INFO  server.RaftServerConfigKeys (ConfUtils.java:logGet(46)) - raft.server.threadpool.client.size = 0 (default)
2023-12-13 18:49:57,699 [Time-limited test] INFO  impl.DataStreamServerImpl (ConfUtils.java:logGet(46)) - raft.datastream.type = DISABLED (default)
2023-12-13 18:49:57,699 [Time-limited test] INFO  server.RaftServerConfigKeys (ConfUtils.java:logGet(46)) - raft.server.sleep.deviation.threshold = 300ms (default)
2023-12-13 18:49:57,699 [Time-limited test] INFO  server.RaftServerConfigKeys (ConfUtils.java:logGet(46)) - raft.server.close.threshold = 60s (default)
2023-12-13 18:49:57,699 [Time-limited test] INFO  server.RaftServerConfigKeys (ConfUtils.java:logGet(46)) - raft.server.leaderelection.leader.step-down.wait-time = 10s (default)
2023-12-13 18:49:57,699 [Time-limited test] INFO  server.RaftServerConfigKeys (ConfUtils.java:logGet(46)) - raft.server.storage.dir = [/home/runner/work/ratis/ratis/ratis-test/target/test/data/b8de9602/MiniRaftClusterWithGrpc3d68096b/s2] (custom)
2023-12-13 18:49:57,699 [Time-limited test] INFO  server.RaftServerConfigKeys (ConfUtils.java:logGet(46)) - raft.server.threadpool.proxy.cached = true (default)
2023-12-13 18:49:57,699 [Time-limited test] INFO  server.RaftServerConfigKeys (ConfUtils.java:logGet(46)) - raft.server.threadpool.proxy.size = 0 (default)
2023-12-13 18:49:57,699 [Time-limited test] INFO  server.RaftServer (RaftServerProxy.java:addNew(100)) - s2: addNew group-41AD3F729D91:[] returns group-41AD3F729D91:java.util.concurrent.CompletableFuture@a1b4e56[Not completed]
2023-12-13 18:49:57,699 [s2-groupManagement] INFO  server.RaftServer$Division (RaftServerImpl.java:<init>(256)) - s2: new RaftServerImpl for group-41AD3F729D91:[] with BaseStateMachine:uninitialized
2023-12-13 18:49:57,699 [Time-limited test] INFO  impl.MiniRaftCluster (MiniRaftCluster.java:newRaftServer(382)) - newRaftServer: s3, group-41AD3F729D91:[], format? true
2023-12-13 18:49:57,699 [s2-groupManagement] INFO  server.RaftServerConfigKeys (ConfUtils.java:logGet(46)) - raft.server.rpc.timeout.min = 1500ms (custom)
2023-12-13 18:49:57,699 [Time-limited test] TRACE util.FileUtils (FileUtils.java:deleteFully(305)) - deleteFully target/test/data/b8de9602/MiniRaftClusterWithGrpc3d68096b/s3
2023-12-13 18:49:57,700 [s2-groupManagement] INFO  server.RaftServerConfigKeys (ConfUtils.java:logGet(46)) - raft.server.rpc.timeout.max = 2000ms (custom)
2023-12-13 18:49:57,700 [s2-groupManagement] INFO  server.RaftServerConfigKeys (ConfUtils.java:logGet(46)) - raft.server.rpc.sleep.time = 25ms (default)
2023-12-13 18:49:57,700 [Time-limited test] TRACE util.FileUtils (FileUtils.java:deleteFully(318)) - deleteFully: target/test/data/b8de9602/MiniRaftClusterWithGrpc3d68096b/s3 does not exist.
2023-12-13 18:49:57,700 [s2-groupManagement] INFO  server.RaftServerConfigKeys (ConfUtils.java:logGet(46)) - raft.server.rpc.slowness.timeout = 60s (default)
2023-12-13 18:49:57,700 [Time-limited test] INFO  impl.MiniRaftCluster (MiniRaftCluster.java:newRaftServer(387)) - Formatted directory target/test/data/b8de9602/MiniRaftClusterWithGrpc3d68096b/s3
2023-12-13 18:49:57,700 [s2-groupManagement] INFO  server.RaftServerConfigKeys (ConfUtils.java:logGet(46)) - raft.server.leaderelection.leader.step-down.wait-time = 10s (default)
2023-12-13 18:49:57,700 [s2-groupManagement] INFO  server.RaftServerConfigKeys (ConfUtils.java:logGet(46)) - raft.server.leaderelection.member.majority-add = false (default)
2023-12-13 18:49:57,700 [s2-groupManagement] INFO  server.RaftServerConfigKeys (ConfUtils.java:logGet(46)) - raft.server.sleep.deviation.threshold = 300ms (default)
2023-12-13 18:49:57,700 [Time-limited test] DEBUG server.RaftServer (ServerImplUtils.java:newRaftServer(51)) - newRaftServer: s3, group-41AD3F729D91:[]
2023-12-13 18:49:57,700 [s2-groupManagement] INFO  server.RaftServer$Division (ServerState.java:<init>(113)) - s2@group-41AD3F729D91: ConfigurationManager, init=-1: peers:[]|listeners:[], old=null, confs=<EMPTY_MAP>
2023-12-13 18:49:57,700 [Time-limited test] INFO  server.RaftServer (ConfUtils.java:logGet(46)) - raft.rpc.type = GRPC (default)
2023-12-13 18:49:57,700 [s2-groupManagement] INFO  server.RaftServerConfigKeys (ConfUtils.java:logGet(46)) - raft.server.notification.no-leader.timeout = 60s (default)
2023-12-13 18:49:57,700 [s2-groupManagement] INFO  server.RaftServerConfigKeys (ConfUtils.java:logGet(46)) - raft.server.read.timeout = 10s (default)
2023-12-13 18:49:57,700 [Time-limited test] INFO  grpc.GrpcConfigKeys (ConfUtils.java:logFallback(53)) - raft.grpc.admin.host = null (fallback to raft.grpc.server.host)
2023-12-13 18:49:57,700 [s2-groupManagement] INFO  server.RaftServerConfigKeys (ConfUtils.java:logGet(46)) - raft.server.retrycache.expirytime = 60s (default)
2023-12-13 18:49:57,700 [Time-limited test] INFO  grpc.GrpcConfigKeys (ConfUtils.java:logFallback(53)) - raft.grpc.admin.port = 40155 (fallback to raft.grpc.server.port)
2023-12-13 18:49:57,700 [s2-groupManagement] INFO  server.RaftServerConfigKeys (ConfUtils.java:logGet(46)) - raft.server.retrycache.statistics.expirytime = 100ms (default)
2023-12-13 18:49:57,700 [Time-limited test] INFO  grpc.GrpcConfigKeys (ConfUtils.java:logFallback(53)) - raft.grpc.client.host = null (fallback to raft.grpc.server.host)
2023-12-13 18:49:57,700 [s2-groupManagement] INFO  server.RaftServerConfigKeys (ConfUtils.java:logGet(46)) - raft.server.read.option = DEFAULT (default)
2023-12-13 18:49:57,700 [Time-limited test] INFO  grpc.GrpcConfigKeys (ConfUtils.java:logFallback(53)) - raft.grpc.client.port = 40155 (fallback to raft.grpc.server.port)
2023-12-13 18:49:57,700 [s2-groupManagement] INFO  server.RaftServerConfigKeys (ConfUtils.java:logGet(46)) - raft.server.read.read-after-write-consistent.write-index-cache.expiry-time = 60s (default)
2023-12-13 18:49:57,700 [Time-limited test] INFO  grpc.GrpcConfigKeys (ConfUtils.java:logGet(46)) - raft.grpc.server.host = null (default)
2023-12-13 18:49:57,700 [Time-limited test] INFO  grpc.GrpcConfigKeys (ConfUtils.java:logGet(46)) - raft.grpc.server.port = 40155 (custom)
2023-12-13 18:49:57,700 [Time-limited test] INFO  server.GrpcService (ConfUtils.java:logGet(46)) - raft.grpc.message.size.max = 64MB (=67108864) (default)
2023-12-13 18:49:57,701 [Time-limited test] INFO  server.RaftServerConfigKeys (ConfUtils.java:logGet(46)) - raft.server.log.appender.buffer.byte-limit = 4MB (=4194304) (default)
2023-12-13 18:49:57,701 [Time-limited test] INFO  server.GrpcService (ConfUtils.java:logGet(46)) - raft.grpc.flow.control.window = 1MB (=1048576) (default)
2023-12-13 18:49:57,701 [Time-limited test] INFO  server.RaftServerConfigKeys (ConfUtils.java:logGet(46)) - raft.server.rpc.request.timeout = 3000ms (default)
2023-12-13 18:49:57,701 [Time-limited test] INFO  grpc.GrpcConfigKeys (ConfUtils.java:logGet(46)) - raft.grpc.server.heartbeat.channel = true (default)
2023-12-13 18:49:57,701 [Time-limited test] INFO  grpc.GrpcConfigKeys (ConfUtils.java:logGet(46)) - raft.grpc.server.async.request.thread.pool.cached = true (default)
2023-12-13 18:49:57,701 [Time-limited test] INFO  grpc.GrpcConfigKeys (ConfUtils.java:logGet(46)) - raft.grpc.server.async.request.thread.pool.size = 32 (default)
2023-12-13 18:49:57,701 [s2-groupManagement] INFO  server.RaftServerConfigKeys (ConfUtils.java:logGet(46)) - raft.server.rpc.request.timeout = 3000ms (default)
2023-12-13 18:49:57,701 [s2-groupManagement] INFO  server.RaftServerConfigKeys (ConfUtils.java:logGet(46)) - raft.server.log.appender.install.snapshot.enabled = true (default)
2023-12-13 18:49:57,701 [s2-groupManagement] INFO  server.RaftServerConfigKeys (ConfUtils.java:logGet(46)) - raft.server.threadpool.server.cached = true (default)
2023-12-13 18:49:57,701 [s2-groupManagement] INFO  server.RaftServerConfigKeys (ConfUtils.java:logGet(46)) - raft.server.threadpool.server.size = 0 (default)
2023-12-13 18:49:57,701 [s2-groupManagement] INFO  server.RaftServerConfigKeys (ConfUtils.java:logGet(46)) - raft.server.threadpool.client.cached = true (default)
2023-12-13 18:49:57,701 [s2-groupManagement] INFO  server.RaftServerConfigKeys (ConfUtils.java:logGet(46)) - raft.server.threadpool.client.size = 0 (default)
2023-12-13 18:49:57,701 [Time-limited test] INFO  impl.DataStreamServerImpl (ConfUtils.java:logGet(46)) - raft.datastream.type = DISABLED (default)
2023-12-13 18:49:57,701 [Time-limited test] INFO  server.RaftServerConfigKeys (ConfUtils.java:logGet(46)) - raft.server.sleep.deviation.threshold = 300ms (default)
2023-12-13 18:49:57,701 [Time-limited test] INFO  server.RaftServerConfigKeys (ConfUtils.java:logGet(46)) - raft.server.close.threshold = 60s (default)
2023-12-13 18:49:57,701 [Time-limited test] INFO  server.RaftServerConfigKeys (ConfUtils.java:logGet(46)) - raft.server.leaderelection.leader.step-down.wait-time = 10s (default)
2023-12-13 18:49:57,702 [Time-limited test] INFO  server.RaftServerConfigKeys (ConfUtils.java:logGet(46)) - raft.server.storage.dir = [/home/runner/work/ratis/ratis/ratis-test/target/test/data/b8de9602/MiniRaftClusterWithGrpc3d68096b/s3] (custom)
2023-12-13 18:49:57,702 [Time-limited test] INFO  server.RaftServerConfigKeys (ConfUtils.java:logGet(46)) - raft.server.threadpool.proxy.cached = true (default)
2023-12-13 18:49:57,702 [Time-limited test] INFO  server.RaftServerConfigKeys (ConfUtils.java:logGet(46)) - raft.server.threadpool.proxy.size = 0 (default)
2023-12-13 18:49:57,702 [Time-limited test] INFO  server.RaftServer (RaftServerProxy.java:addNew(100)) - s3: addNew group-41AD3F729D91:[] returns group-41AD3F729D91:java.util.concurrent.CompletableFuture@70678a3d[Not completed]
2023-12-13 18:49:57,702 [s3-groupManagement] INFO  server.RaftServer$Division (RaftServerImpl.java:<init>(256)) - s3: new RaftServerImpl for group-41AD3F729D91:[] with BaseStateMachine:uninitialized
2023-12-13 18:49:57,702 [Time-limited test] INFO  impl.MiniRaftCluster (MiniRaftCluster.java:newRaftServer(382)) - newRaftServer: s4, group-41AD3F729D91:[], format? true
2023-12-13 18:49:57,702 [s3-groupManagement] INFO  server.RaftServerConfigKeys (ConfUtils.java:logGet(46)) - raft.server.rpc.timeout.min = 1500ms (custom)
2023-12-13 18:49:57,702 [Time-limited test] TRACE util.FileUtils (FileUtils.java:deleteFully(305)) - deleteFully target/test/data/b8de9602/MiniRaftClusterWithGrpc3d68096b/s4
2023-12-13 18:49:57,702 [s3-groupManagement] INFO  server.RaftServerConfigKeys (ConfUtils.java:logGet(46)) - raft.server.rpc.timeout.max = 2000ms (custom)
2023-12-13 18:49:57,702 [s3-groupManagement] INFO  server.RaftServerConfigKeys (ConfUtils.java:logGet(46)) - raft.server.rpc.sleep.time = 25ms (default)
2023-12-13 18:49:57,702 [Time-limited test] TRACE util.FileUtils (FileUtils.java:deleteFully(318)) - deleteFully: target/test/data/b8de9602/MiniRaftClusterWithGrpc3d68096b/s4 does not exist.
2023-12-13 18:49:57,702 [Time-limited test] INFO  impl.MiniRaftCluster (MiniRaftCluster.java:newRaftServer(387)) - Formatted directory target/test/data/b8de9602/MiniRaftClusterWithGrpc3d68096b/s4
2023-12-13 18:49:57,702 [s3-groupManagement] INFO  server.RaftServerConfigKeys (ConfUtils.java:logGet(46)) - raft.server.rpc.slowness.timeout = 60s (default)
2023-12-13 18:49:57,702 [s3-groupManagement] INFO  server.RaftServerConfigKeys (ConfUtils.java:logGet(46)) - raft.server.leaderelection.leader.step-down.wait-time = 10s (default)
2023-12-13 18:49:57,702 [s3-groupManagement] INFO  server.RaftServerConfigKeys (ConfUtils.java:logGet(46)) - raft.server.leaderelection.member.majority-add = false (default)
2023-12-13 18:49:57,702 [Time-limited test] DEBUG server.RaftServer (ServerImplUtils.java:newRaftServer(51)) - newRaftServer: s4, group-41AD3F729D91:[]
2023-12-13 18:49:57,702 [s3-groupManagement] INFO  server.RaftServerConfigKeys (ConfUtils.java:logGet(46)) - raft.server.sleep.deviation.threshold = 300ms (default)
2023-12-13 18:49:57,702 [Time-limited test] INFO  server.RaftServer (ConfUtils.java:logGet(46)) - raft.rpc.type = GRPC (default)
2023-12-13 18:49:57,703 [s3-groupManagement] INFO  server.RaftServer$Division (ServerState.java:<init>(113)) - s3@group-41AD3F729D91: ConfigurationManager, init=-1: peers:[]|listeners:[], old=null, confs=<EMPTY_MAP>
2023-12-13 18:49:57,703 [Time-limited test] INFO  grpc.GrpcConfigKeys (ConfUtils.java:logFallback(53)) - raft.grpc.admin.host = null (fallback to raft.grpc.server.host)
2023-12-13 18:49:57,703 [s3-groupManagement] INFO  server.RaftServerConfigKeys (ConfUtils.java:logGet(46)) - raft.server.notification.no-leader.timeout = 60s (default)
2023-12-13 18:49:57,703 [Time-limited test] INFO  grpc.GrpcConfigKeys (ConfUtils.java:logFallback(53)) - raft.grpc.admin.port = 45379 (fallback to raft.grpc.server.port)
2023-12-13 18:49:57,703 [s3-groupManagement] INFO  server.RaftServerConfigKeys (ConfUtils.java:logGet(46)) - raft.server.read.timeout = 10s (default)
2023-12-13 18:49:57,703 [Time-limited test] INFO  grpc.GrpcConfigKeys (ConfUtils.java:logFallback(53)) - raft.grpc.client.host = null (fallback to raft.grpc.server.host)
2023-12-13 18:49:57,703 [s3-groupManagement] INFO  server.RaftServerConfigKeys (ConfUtils.java:logGet(46)) - raft.server.retrycache.expirytime = 60s (default)
2023-12-13 18:49:57,703 [Time-limited test] INFO  grpc.GrpcConfigKeys (ConfUtils.java:logFallback(53)) - raft.grpc.client.port = 45379 (fallback to raft.grpc.server.port)
2023-12-13 18:49:57,703 [s3-groupManagement] INFO  server.RaftServerConfigKeys (ConfUtils.java:logGet(46)) - raft.server.retrycache.statistics.expirytime = 100ms (default)
2023-12-13 18:49:57,703 [Time-limited test] INFO  grpc.GrpcConfigKeys (ConfUtils.java:logGet(46)) - raft.grpc.server.host = null (default)
2023-12-13 18:49:57,703 [s3-groupManagement] INFO  server.RaftServerConfigKeys (ConfUtils.java:logGet(46)) - raft.server.read.option = DEFAULT (default)
2023-12-13 18:49:57,703 [Time-limited test] INFO  grpc.GrpcConfigKeys (ConfUtils.java:logGet(46)) - raft.grpc.server.port = 45379 (custom)
2023-12-13 18:49:57,703 [s3-groupManagement] INFO  server.RaftServerConfigKeys (ConfUtils.java:logGet(46)) - raft.server.read.read-after-write-consistent.write-index-cache.expiry-time = 60s (default)
2023-12-13 18:49:57,703 [Time-limited test] INFO  server.GrpcService (ConfUtils.java:logGet(46)) - raft.grpc.message.size.max = 64MB (=67108864) (default)
2023-12-13 18:49:57,703 [Time-limited test] INFO  server.RaftServerConfigKeys (ConfUtils.java:logGet(46)) - raft.server.log.appender.buffer.byte-limit = 4MB (=4194304) (default)
2023-12-13 18:49:57,703 [Time-limited test] INFO  server.GrpcService (ConfUtils.java:logGet(46)) - raft.grpc.flow.control.window = 1MB (=1048576) (default)
2023-12-13 18:49:57,703 [Time-limited test] INFO  server.RaftServerConfigKeys (ConfUtils.java:logGet(46)) - raft.server.rpc.request.timeout = 3000ms (default)
2023-12-13 18:49:57,703 [Time-limited test] INFO  grpc.GrpcConfigKeys (ConfUtils.java:logGet(46)) - raft.grpc.server.heartbeat.channel = true (default)
2023-12-13 18:49:57,703 [Time-limited test] INFO  grpc.GrpcConfigKeys (ConfUtils.java:logGet(46)) - raft.grpc.server.async.request.thread.pool.cached = true (default)
2023-12-13 18:49:57,703 [Time-limited test] INFO  grpc.GrpcConfigKeys (ConfUtils.java:logGet(46)) - raft.grpc.server.async.request.thread.pool.size = 32 (default)
2023-12-13 18:49:57,704 [s3-groupManagement] INFO  server.RaftServerConfigKeys (ConfUtils.java:logGet(46)) - raft.server.rpc.request.timeout = 3000ms (default)
2023-12-13 18:49:57,704 [s3-groupManagement] INFO  server.RaftServerConfigKeys (ConfUtils.java:logGet(46)) - raft.server.log.appender.install.snapshot.enabled = true (default)
2023-12-13 18:49:57,704 [s3-groupManagement] INFO  server.RaftServerConfigKeys (ConfUtils.java:logGet(46)) - raft.server.threadpool.server.cached = true (default)
2023-12-13 18:49:57,704 [s3-groupManagement] INFO  server.RaftServerConfigKeys (ConfUtils.java:logGet(46)) - raft.server.threadpool.server.size = 0 (default)
2023-12-13 18:49:57,704 [Time-limited test] INFO  impl.DataStreamServerImpl (ConfUtils.java:logGet(46)) - raft.datastream.type = DISABLED (default)
2023-12-13 18:49:57,704 [s3-groupManagement] INFO  server.RaftServerConfigKeys (ConfUtils.java:logGet(46)) - raft.server.threadpool.client.cached = true (default)
2023-12-13 18:49:57,704 [Time-limited test] INFO  server.RaftServerConfigKeys (ConfUtils.java:logGet(46)) - raft.server.sleep.deviation.threshold = 300ms (default)
2023-12-13 18:49:57,704 [s3-groupManagement] INFO  server.RaftServerConfigKeys (ConfUtils.java:logGet(46)) - raft.server.threadpool.client.size = 0 (default)
2023-12-13 18:49:57,704 [Time-limited test] INFO  server.RaftServerConfigKeys (ConfUtils.java:logGet(46)) - raft.server.close.threshold = 60s (default)
2023-12-13 18:49:57,704 [Time-limited test] INFO  server.RaftServerConfigKeys (ConfUtils.java:logGet(46)) - raft.server.leaderelection.leader.step-down.wait-time = 10s (default)
2023-12-13 18:49:57,704 [Time-limited test] INFO  server.RaftServerConfigKeys (ConfUtils.java:logGet(46)) - raft.server.storage.dir = [/home/runner/work/ratis/ratis/ratis-test/target/test/data/b8de9602/MiniRaftClusterWithGrpc3d68096b/s4] (custom)
2023-12-13 18:49:57,704 [Time-limited test] INFO  server.RaftServerConfigKeys (ConfUtils.java:logGet(46)) - raft.server.threadpool.proxy.cached = true (default)
2023-12-13 18:49:57,704 [Time-limited test] INFO  server.RaftServerConfigKeys (ConfUtils.java:logGet(46)) - raft.server.threadpool.proxy.size = 0 (default)
2023-12-13 18:49:57,705 [Time-limited test] INFO  server.RaftServer (RaftServerProxy.java:addNew(100)) - s4: addNew group-41AD3F729D91:[] returns group-41AD3F729D91:java.util.concurrent.CompletableFuture@6110ce03[Not completed]
2023-12-13 18:49:57,705 [s4-groupManagement] INFO  server.RaftServer$Division (RaftServerImpl.java:<init>(256)) - s4: new RaftServerImpl for group-41AD3F729D91:[] with BaseStateMachine:uninitialized
2023-12-13 18:49:57,705 [s4-groupManagement] INFO  server.RaftServerConfigKeys (ConfUtils.java:logGet(46)) - raft.server.rpc.timeout.min = 1500ms (custom)
2023-12-13 18:49:57,705 [s4-groupManagement] INFO  server.RaftServerConfigKeys (ConfUtils.java:logGet(46)) - raft.server.rpc.timeout.max = 2000ms (custom)
2023-12-13 18:49:57,705 [s4-groupManagement] INFO  server.RaftServerConfigKeys (ConfUtils.java:logGet(46)) - raft.server.rpc.sleep.time = 25ms (default)
2023-12-13 18:49:57,705 [Time-limited test] INFO  impl.GroupManagementBaseTest (GroupManagementBaseTest.java:runMultiGroupTest(260)) - putNewServer: printing ALL groups
  s3:      NEW      null s3@group-41AD3F729D91:t0, leader=null, voted=null, raftlog=UNINITIALIZED, conf=-1: peers:[]|listeners:[], old=null NEW
  s4:      NEW group-41AD3F729D91:java.util.concurrent.CompletableFuture@6110ce03[Not completed]
  s0:      NEW      null s0@group-41AD3F729D91:t0, leader=null, voted=null, raftlog=UNINITIALIZED, conf=-1: peers:[]|listeners:[], old=null NEW
  s1:      NEW      null s1@group-41AD3F729D91:t0, leader=null, voted=null, raftlog=UNINITIALIZED, conf=-1: peers:[]|listeners:[], old=null NEW
  s2:      NEW      null s2@group-41AD3F729D91:t0, leader=null, voted=null, raftlog=UNINITIALIZED, conf=-1: peers:[]|listeners:[], old=null NEW
2023-12-13 18:49:57,705 [s4-groupManagement] INFO  server.RaftServerConfigKeys (ConfUtils.java:logGet(46)) - raft.server.rpc.slowness.timeout = 60s (default)
2023-12-13 18:49:57,705 [s4-groupManagement] INFO  server.RaftServerConfigKeys (ConfUtils.java:logGet(46)) - raft.server.leaderelection.leader.step-down.wait-time = 10s (default)
2023-12-13 18:49:57,705 [s4-groupManagement] INFO  server.RaftServerConfigKeys (ConfUtils.java:logGet(46)) - raft.server.leaderelection.member.majority-add = false (default)
2023-12-13 18:49:57,705 [s4-groupManagement] INFO  server.RaftServerConfigKeys (ConfUtils.java:logGet(46)) - raft.server.sleep.deviation.threshold = 300ms (default)
2023-12-13 18:49:57,705 [s4-groupManagement] INFO  server.RaftServer$Division (ServerState.java:<init>(113)) - s4@group-41AD3F729D91: ConfigurationManager, init=-1: peers:[]|listeners:[], old=null, confs=<EMPTY_MAP>
2023-12-13 18:49:57,705 [s4-groupManagement] INFO  server.RaftServerConfigKeys (ConfUtils.java:logGet(46)) - raft.server.notification.no-leader.timeout = 60s (default)
2023-12-13 18:49:57,705 [s4-groupManagement] INFO  server.RaftServerConfigKeys (ConfUtils.java:logGet(46)) - raft.server.read.timeout = 10s (default)
2023-12-13 18:49:57,705 [s4-groupManagement] INFO  server.RaftServerConfigKeys (ConfUtils.java:logGet(46)) - raft.server.retrycache.expirytime = 60s (default)
2023-12-13 18:49:57,705 [s4-groupManagement] INFO  server.RaftServerConfigKeys (ConfUtils.java:logGet(46)) - raft.server.retrycache.statistics.expirytime = 100ms (default)
2023-12-13 18:49:57,705 [s4-groupManagement] INFO  server.RaftServerConfigKeys (ConfUtils.java:logGet(46)) - raft.server.read.option = DEFAULT (default)
2023-12-13 18:49:57,705 [s4-groupManagement] INFO  server.RaftServerConfigKeys (ConfUtils.java:logGet(46)) - raft.server.read.read-after-write-consistent.write-index-cache.expiry-time = 60s (default)
2023-12-13 18:49:57,706 [s4-groupManagement] INFO  server.RaftServerConfigKeys (ConfUtils.java:logGet(46)) - raft.server.rpc.request.timeout = 3000ms (default)
2023-12-13 18:49:57,706 [s4-groupManagement] INFO  server.RaftServerConfigKeys (ConfUtils.java:logGet(46)) - raft.server.log.appender.install.snapshot.enabled = true (default)
2023-12-13 18:49:57,706 [s4-groupManagement] INFO  server.RaftServerConfigKeys (ConfUtils.java:logGet(46)) - raft.server.threadpool.server.cached = true (default)
2023-12-13 18:49:57,706 [s4-groupManagement] INFO  server.RaftServerConfigKeys (ConfUtils.java:logGet(46)) - raft.server.threadpool.server.size = 0 (default)
2023-12-13 18:49:57,706 [s4-groupManagement] INFO  server.RaftServerConfigKeys (ConfUtils.java:logGet(46)) - raft.server.threadpool.client.cached = true (default)
2023-12-13 18:49:57,706 [s4-groupManagement] INFO  server.RaftServerConfigKeys (ConfUtils.java:logGet(46)) - raft.server.threadpool.client.size = 0 (default)
2023-12-13 18:49:58,705 [Time-limited test] INFO  impl.MiniRaftCluster (MiniRaftCluster.java:start(339)) - .............................................................. 
2023-12-13 18:49:58,705 [Time-limited test] INFO  impl.MiniRaftCluster (MiniRaftCluster.java:start(340)) - ... 
2023-12-13 18:49:58,705 [Time-limited test] INFO  impl.MiniRaftCluster (MiniRaftCluster.java:start(341)) - ...     Starting MiniRaftClusterWithGrpc
2023-12-13 18:49:58,705 [Time-limited test] INFO  impl.MiniRaftCluster (MiniRaftCluster.java:start(342)) - ... 
2023-12-13 18:49:58,705 [Time-limited test] INFO  impl.MiniRaftCluster (MiniRaftCluster.java:start(343)) - .............................................................. 
2023-12-13 18:49:58,705 [Time-limited test] INFO  impl.MiniRaftCluster (MiniRaftCluster.java:initServers(318)) - servers = {s3=s3:      NEW      null s3@group-41AD3F729D91:t0, leader=null, voted=null, raftlog=UNINITIALIZED, conf=-1: peers:[]|listeners:[], old=null NEW, s4=s4:      NEW      null s4@group-41AD3F729D91:t0, leader=null, voted=null, raftlog=UNINITIALIZED, conf=-1: peers:[]|listeners:[], old=null NEW, s0=s0:      NEW      null s0@group-41AD3F729D91:t0, leader=null, voted=null, raftlog=UNINITIALIZED, conf=-1: peers:[]|listeners:[], old=null NEW, s1=s1:      NEW      null s1@group-41AD3F729D91:t0, leader=null, voted=null, raftlog=UNINITIALIZED, conf=-1: peers:[]|listeners:[], old=null NEW, s2=s2:      NEW      null s2@group-41AD3F729D91:t0, leader=null, voted=null, raftlog=UNINITIALIZED, conf=-1: peers:[]|listeners:[], old=null NEW}
2023-12-13 18:49:58,706 [s3-impl-thread1] INFO  server.RaftServerConfigKeys (ConfUtils.java:logGet(46)) - raft.server.storage.free-space.min = 0MB (=0) (default)
2023-12-13 18:49:58,706 [s3-impl-thread1] INFO  server.RaftServerConfigKeys (ConfUtils.java:logGet(46)) - raft.server.log.corruption.policy = EXCEPTION (default)
2023-12-13 18:49:58,706 [s3-impl-thread1] INFO  server.RaftServerConfigKeys (ConfUtils.java:logGet(46)) - raft.server.storage.dir = [/home/runner/work/ratis/ratis/ratis-test/target/test/data/b8de9602/MiniRaftClusterWithGrpc3d68096b/s3] (custom)
2023-12-13 18:49:58,706 [s3-impl-thread1] INFO  storage.RaftStorageDirectory (RaftStorageDirectoryImpl.java:analyzeStorage(138)) - The storage directory /home/runner/work/ratis/ratis/ratis-test/target/test/data/b8de9602/MiniRaftClusterWithGrpc3d68096b/s3/a596a80b-bdb8-4a6f-a231-41ad3f729d91 does not exist. Creating ...
2023-12-13 18:49:58,706 [s3-impl-thread1] TRACE util.FileUtils (LogUtils.java:runAndLog(49)) - Successfully ran Files.createDirectories /home/runner/work/ratis/ratis/ratis-test/target/test/data/b8de9602/MiniRaftClusterWithGrpc3d68096b/s3/a596a80b-bdb8-4a6f-a231-41ad3f729d91
2023-12-13 18:49:58,707 [s3-impl-thread1] INFO  storage.RaftStorageDirectory (RaftStorageDirectoryImpl.java:tryLock(228)) - Lock on /home/runner/work/ratis/ratis/ratis-test/target/test/data/b8de9602/MiniRaftClusterWithGrpc3d68096b/s3/a596a80b-bdb8-4a6f-a231-41ad3f729d91/in_use.lock acquired by nodename 24599@fv-az743-812
2023-12-13 18:49:58,707 [s3-impl-thread1] TRACE util.FileUtils (LogUtils.java:runAndLog(49)) - Successfully ran Files.createDirectories /home/runner/work/ratis/ratis/ratis-test/target/test/data/b8de9602/MiniRaftClusterWithGrpc3d68096b/s3/a596a80b-bdb8-4a6f-a231-41ad3f729d91/current
2023-12-13 18:49:58,707 [s3-impl-thread1] TRACE util.FileUtils (LogUtils.java:runAndLog(49)) - Successfully ran Files.createDirectories /home/runner/work/ratis/ratis/ratis-test/target/test/data/b8de9602/MiniRaftClusterWithGrpc3d68096b/s3/a596a80b-bdb8-4a6f-a231-41ad3f729d91/sm
2023-12-13 18:49:58,708 [s3-impl-thread1] TRACE util.FileUtils (LogUtils.java:supplyAndLog(69)) - Successfully supplied FileChannel.open /home/runner/work/ratis/ratis/ratis-test/target/test/data/b8de9602/MiniRaftClusterWithGrpc3d68096b/s3/a596a80b-bdb8-4a6f-a231-41ad3f729d91/current/raft-meta.tmp with options [CREATE, WRITE]: sun.nio.ch.FileChannelImpl@79a0927c
2023-12-13 18:49:58,710 [s3-impl-thread1] TRACE util.FileUtils (LogUtils.java:runAndLog(49)) - Successfully ran Atomic Files.move /home/runner/work/ratis/ratis/ratis-test/target/test/data/b8de9602/MiniRaftClusterWithGrpc3d68096b/s3/a596a80b-bdb8-4a6f-a231-41ad3f729d91/current/raft-meta.tmp to /home/runner/work/ratis/ratis/ratis-test/target/test/data/b8de9602/MiniRaftClusterWithGrpc3d68096b/s3/a596a80b-bdb8-4a6f-a231-41ad3f729d91/current/raft-meta with options [REPLACE_EXISTING]
2023-12-13 18:49:58,710 [s3-impl-thread1] INFO  storage.RaftStorage (RaftStorageImpl.java:format(99)) - Storage directory /home/runner/work/ratis/ratis/ratis-test/target/test/data/b8de9602/MiniRaftClusterWithGrpc3d68096b/s3/a596a80b-bdb8-4a6f-a231-41ad3f729d91 has been successfully formatted.
2023-12-13 18:49:58,710 [s3-impl-thread1] TRACE util.FileUtils (LogUtils.java:supplyAndLog(61)) - Failed to Files.newInputStream /home/runner/work/ratis/ratis/ratis-test/target/test/data/b8de9602/MiniRaftClusterWithGrpc3d68096b/s3/a596a80b-bdb8-4a6f-a231-41ad3f729d91/current/raft-meta.conf with options []
java.nio.file.NoSuchFileException: /home/runner/work/ratis/ratis/ratis-test/target/test/data/b8de9602/MiniRaftClusterWithGrpc3d68096b/s3/a596a80b-bdb8-4a6f-a231-41ad3f729d91/current/raft-meta.conf
	at java.base/sun.nio.fs.UnixException.translateToIOException(UnixException.java:92)
	at java.base/sun.nio.fs.UnixException.rethrowAsIOException(UnixException.java:111)
	at java.base/sun.nio.fs.UnixException.rethrowAsIOException(UnixException.java:116)
	at java.base/sun.nio.fs.UnixFileSystemProvider.newByteChannel(UnixFileSystemProvider.java:219)
	at java.base/java.nio.file.Files.newByteChannel(Files.java:371)
	at java.base/java.nio.file.Files.newByteChannel(Files.java:422)
	at java.base/java.nio.file.spi.FileSystemProvider.newInputStream(FileSystemProvider.java:420)
	at java.base/java.nio.file.Files.newInputStream(Files.java:156)
	at org.apache.ratis.util.FileUtils.lambda$newInputStream$2(FileUtils.java:73)
	at org.apache.ratis.util.LogUtils.supplyAndLog(LogUtils.java:58)
	at org.apache.ratis.util.FileUtils.newInputStream(FileUtils.java:72)
	at org.apache.ratis.util.FileUtils.newInputStream(FileUtils.java:68)
	at org.apache.ratis.server.storage.RaftStorageImpl.readRaftConfiguration(RaftStorageImpl.java:156)
	at org.apache.ratis.server.impl.ServerState.initialize(ServerState.java:141)
	at org.apache.ratis.server.impl.RaftServerImpl.start(RaftServerImpl.java:388)
	at org.apache.ratis.util.ConcurrentUtils.accept(ConcurrentUtils.java:203)
	at org.apache.ratis.util.ConcurrentUtils.lambda$parallelForEachAsync$4(ConcurrentUtils.java:182)
	at java.base/java.util.concurrent.ThreadPoolExecutor.runWorker(ThreadPoolExecutor.java:1128)
	at java.base/java.util.concurrent.ThreadPoolExecutor$Worker.run(ThreadPoolExecutor.java:628)
	at java.base/java.lang.Thread.run(Thread.java:829)
2023-12-13 18:49:58,711 [s3-impl-thread1] INFO  server.RaftServerConfigKeys (ConfUtils.java:logGet(46)) - raft.server.log.use.memory = false (default)
2023-12-13 18:49:58,711 [s3-impl-thread1] INFO  server.RaftServerConfigKeys (ConfUtils.java:logGet(46)) - raft.server.log.purge.gap = 1024 (default)
2023-12-13 18:49:58,711 [s3-impl-thread1] INFO  server.RaftServerConfigKeys (ConfUtils.java:logGet(46)) - raft.server.log.appender.buffer.byte-limit = 4MB (=4194304) (default)
2023-12-13 18:49:58,711 [s3-impl-thread1] INFO  server.RaftServerConfigKeys (ConfUtils.java:logGet(46)) - raft.server.log.statemachine.data.read.timeout = 1000ms (default)
2023-12-13 18:49:58,711 [s3-impl-thread1] INFO  server.RaftServerConfigKeys (ConfUtils.java:logGet(46)) - raft.server.log.purge.preservation.log.num = 0 (default)
2023-12-13 18:49:58,711 [s3-impl-thread1] INFO  server.RaftServerConfigKeys (ConfUtils.java:logGet(46)) - raft.server.log.segment.size.max = 32MB (=33554432) (default)
2023-12-13 18:49:58,711 [s3-impl-thread1] INFO  server.RaftServerConfigKeys (ConfUtils.java:logGet(46)) - raft.server.log.segment.cache.num.max = 6 (default)
2023-12-13 18:49:58,711 [s3-impl-thread1] INFO  server.RaftServerConfigKeys (ConfUtils.java:logGet(46)) - raft.server.log.segment.cache.size.max = 200MB (=209715200) (default)
2023-12-13 18:49:58,711 [s3-impl-thread1] INFO  server.RaftServerConfigKeys (ConfUtils.java:logGet(46)) - raft.server.log.appender.buffer.byte-limit = 4MB (=4194304) (default)
2023-12-13 18:49:58,711 [s3-impl-thread1] INFO  util.AwaitToRun (AwaitToRun.java:start(81)) - Thread[s3@group-41AD3F729D91-cacheEviction-AwaitToRun,5,main] started
2023-12-13 18:49:58,712 [s3-impl-thread1] INFO  segmented.SegmentedRaftLogWorker (SegmentedRaftLogWorker.java:<init>(182)) - new s3@group-41AD3F729D91-SegmentedRaftLogWorker for RaftStorageImpl:Storage Directory /home/runner/work/ratis/ratis/ratis-test/target/test/data/b8de9602/MiniRaftClusterWithGrpc3d68096b/s3/a596a80b-bdb8-4a6f-a231-41ad3f729d91
2023-12-13 18:49:58,712 [s3-impl-thread1] INFO  server.RaftServerConfigKeys (ConfUtils.java:logGet(46)) - raft.server.log.queue.byte-limit = 64MB (=67108864) (default)
2023-12-13 18:49:58,712 [s3-impl-thread1] INFO  server.RaftServerConfigKeys (ConfUtils.java:logGet(46)) - raft.server.log.queue.element-limit = 4096 (default)
2023-12-13 18:49:58,712 [s3-impl-thread1] INFO  server.RaftServerConfigKeys (ConfUtils.java:logGet(46)) - raft.server.log.segment.size.max = 32MB (=33554432) (default)
2023-12-13 18:49:58,712 [s3-impl-thread1] INFO  server.RaftServerConfigKeys (ConfUtils.java:logGet(46)) - raft.server.log.preallocated.size = 4MB (=4194304) (default)
2023-12-13 18:49:58,712 [s3-impl-thread1] INFO  server.RaftServerConfigKeys (ConfUtils.java:logGet(46)) - raft.server.log.force.sync.num = 128 (default)
2023-12-13 18:49:58,712 [s3-impl-thread1] INFO  server.RaftServerConfigKeys (ConfUtils.java:logGet(46)) - raft.server.log.statemachine.data.sync = true (default)
2023-12-13 18:49:58,712 [s3-impl-thread1] INFO  server.RaftServerConfigKeys (ConfUtils.java:logGet(46)) - raft.server.log.statemachine.data.sync.timeout = 10s (default)
2023-12-13 18:49:58,712 [s3-impl-thread1] INFO  server.RaftServerConfigKeys (ConfUtils.java:logGet(46)) - raft.server.log.statemachine.data.sync.timeout.retry = -1 (default)
2023-12-13 18:49:58,712 [s3-impl-thread1] INFO  server.RaftServerConfigKeys (ConfUtils.java:logGet(46)) - raft.server.log.write.buffer.size = 8MB (=8388608) (default)
2023-12-13 18:49:58,713 [s3-impl-thread1] INFO  server.RaftServerConfigKeys (ConfUtils.java:logGet(46)) - raft.server.log.appender.buffer.byte-limit = 4MB (=4194304) (default)
2023-12-13 18:49:58,713 [s3-impl-thread1] INFO  server.RaftServerConfigKeys (ConfUtils.java:logGet(46)) - raft.server.log.unsafe-flush.enabled = false (default)
2023-12-13 18:49:58,713 [s3-impl-thread1] INFO  server.RaftServerConfigKeys (ConfUtils.java:logGet(46)) - raft.server.log.async-flush.enabled = false (default)
2023-12-13 18:49:58,713 [s3-impl-thread1] INFO  server.RaftServerConfigKeys (ConfUtils.java:logGet(46)) - raft.server.log.statemachine.data.caching.enabled = false (default)
2023-12-13 18:49:58,713 [s3-impl-thread1] INFO  segmented.SegmentedRaftLogWorker (SegmentedRaftLogWorker.java:lambda$new$0(134)) - s3@group-41AD3F729D91-SegmentedRaftLogWorker: flushIndex: setUnconditionally 0 -> -1
2023-12-13 18:49:58,713 [s3-impl-thread1] INFO  segmented.SegmentedRaftLogWorker (SegmentedRaftLogWorker.java:lambda$new$0(134)) - s3@group-41AD3F729D91-SegmentedRaftLogWorker: safeCacheEvictIndex: setUnconditionally 0 -> -1
2023-12-13 18:49:58,714 [s3-impl-thread1] INFO  server.RaftServer$Division (RaftServerImpl.java:start(398)) - s3@group-41AD3F729D91: start with initializing state, conf=-1: peers:[]|listeners:[], old=null
2023-12-13 18:49:58,714 [s3-impl-thread1] INFO  server.RaftServer$Division (RaftServerImpl.java:setRole(379)) - s3@group-41AD3F729D91: changes role from      null to FOLLOWER at term 0 for startInitializing
2023-12-13 18:49:58,714 [s3-impl-thread1] INFO  util.JmxRegister (JmxRegister.java:tryRegister(44)) - Successfully registered JMX Bean with object name Ratis:service=RaftServer,group=group-41AD3F729D91,id=s3
2023-12-13 18:49:58,714 [s3-impl-thread1] INFO  server.RaftServerConfigKeys (ConfUtils.java:logGet(46)) - raft.server.snapshot.trigger-when-stop.enabled = true (default)
2023-12-13 18:49:58,714 [s3-impl-thread1] INFO  server.RaftServerConfigKeys (ConfUtils.java:logGet(46)) - raft.server.snapshot.auto.trigger.enabled = false (default)
2023-12-13 18:49:58,714 [s3-impl-thread1] INFO  server.RaftServerConfigKeys (ConfUtils.java:logGet(46)) - raft.server.snapshot.retention.file.num = -1 (default)
2023-12-13 18:49:58,714 [s3-impl-thread1] INFO  server.RaftServerConfigKeys (ConfUtils.java:logGet(46)) - raft.server.log.purge.upto.snapshot.index = false (default)
2023-12-13 18:49:58,714 [Time-limited test] INFO  server.RaftServer (RaftServerProxy.java:startImpl(406)) - s3: start RPC server
2023-12-13 18:49:58,715 [Time-limited test] INFO  server.GrpcService (GrpcService.java:startImpl(302)) - s3: GrpcService started, listening on 40155
2023-12-13 18:49:58,715 [JvmPauseMonitor10] INFO  util.JvmPauseMonitor (JvmPauseMonitor.java:run(146)) - JvmPauseMonitor-s3: Started
2023-12-13 18:49:58,715 [s4-impl-thread1] INFO  server.RaftServerConfigKeys (ConfUtils.java:logGet(46)) - raft.server.storage.free-space.min = 0MB (=0) (default)
2023-12-13 18:49:58,715 [s4-impl-thread1] INFO  server.RaftServerConfigKeys (ConfUtils.java:logGet(46)) - raft.server.log.corruption.policy = EXCEPTION (default)
2023-12-13 18:49:58,715 [s4-impl-thread1] INFO  server.RaftServerConfigKeys (ConfUtils.java:logGet(46)) - raft.server.storage.dir = [/home/runner/work/ratis/ratis/ratis-test/target/test/data/b8de9602/MiniRaftClusterWithGrpc3d68096b/s4] (custom)
2023-12-13 18:49:58,716 [s4-impl-thread1] INFO  storage.RaftStorageDirectory (RaftStorageDirectoryImpl.java:analyzeStorage(138)) - The storage directory /home/runner/work/ratis/ratis/ratis-test/target/test/data/b8de9602/MiniRaftClusterWithGrpc3d68096b/s4/a596a80b-bdb8-4a6f-a231-41ad3f729d91 does not exist. Creating ...
2023-12-13 18:49:58,716 [s4-impl-thread1] TRACE util.FileUtils (LogUtils.java:runAndLog(49)) - Successfully ran Files.createDirectories /home/runner/work/ratis/ratis/ratis-test/target/test/data/b8de9602/MiniRaftClusterWithGrpc3d68096b/s4/a596a80b-bdb8-4a6f-a231-41ad3f729d91
2023-12-13 18:49:58,717 [s4-impl-thread1] INFO  storage.RaftStorageDirectory (RaftStorageDirectoryImpl.java:tryLock(228)) - Lock on /home/runner/work/ratis/ratis/ratis-test/target/test/data/b8de9602/MiniRaftClusterWithGrpc3d68096b/s4/a596a80b-bdb8-4a6f-a231-41ad3f729d91/in_use.lock acquired by nodename 24599@fv-az743-812
2023-12-13 18:49:58,717 [s4-impl-thread1] TRACE util.FileUtils (LogUtils.java:runAndLog(49)) - Successfully ran Files.createDirectories /home/runner/work/ratis/ratis/ratis-test/target/test/data/b8de9602/MiniRaftClusterWithGrpc3d68096b/s4/a596a80b-bdb8-4a6f-a231-41ad3f729d91/current
2023-12-13 18:49:58,717 [s4-impl-thread1] TRACE util.FileUtils (LogUtils.java:runAndLog(49)) - Successfully ran Files.createDirectories /home/runner/work/ratis/ratis/ratis-test/target/test/data/b8de9602/MiniRaftClusterWithGrpc3d68096b/s4/a596a80b-bdb8-4a6f-a231-41ad3f729d91/sm
2023-12-13 18:49:58,717 [s4-impl-thread1] TRACE util.FileUtils (LogUtils.java:supplyAndLog(69)) - Successfully supplied FileChannel.open /home/runner/work/ratis/ratis/ratis-test/target/test/data/b8de9602/MiniRaftClusterWithGrpc3d68096b/s4/a596a80b-bdb8-4a6f-a231-41ad3f729d91/current/raft-meta.tmp with options [CREATE, WRITE]: sun.nio.ch.FileChannelImpl@657c02d7
2023-12-13 18:49:58,718 [s4-impl-thread1] TRACE util.FileUtils (LogUtils.java:runAndLog(49)) - Successfully ran Atomic Files.move /home/runner/work/ratis/ratis/ratis-test/target/test/data/b8de9602/MiniRaftClusterWithGrpc3d68096b/s4/a596a80b-bdb8-4a6f-a231-41ad3f729d91/current/raft-meta.tmp to /home/runner/work/ratis/ratis/ratis-test/target/test/data/b8de9602/MiniRaftClusterWithGrpc3d68096b/s4/a596a80b-bdb8-4a6f-a231-41ad3f729d91/current/raft-meta with options [REPLACE_EXISTING]
2023-12-13 18:49:58,718 [s4-impl-thread1] INFO  storage.RaftStorage (RaftStorageImpl.java:format(99)) - Storage directory /home/runner/work/ratis/ratis/ratis-test/target/test/data/b8de9602/MiniRaftClusterWithGrpc3d68096b/s4/a596a80b-bdb8-4a6f-a231-41ad3f729d91 has been successfully formatted.
2023-12-13 18:49:58,718 [s4-impl-thread1] TRACE util.FileUtils (LogUtils.java:supplyAndLog(61)) - Failed to Files.newInputStream /home/runner/work/ratis/ratis/ratis-test/target/test/data/b8de9602/MiniRaftClusterWithGrpc3d68096b/s4/a596a80b-bdb8-4a6f-a231-41ad3f729d91/current/raft-meta.conf with options []
java.nio.file.NoSuchFileException: /home/runner/work/ratis/ratis/ratis-test/target/test/data/b8de9602/MiniRaftClusterWithGrpc3d68096b/s4/a596a80b-bdb8-4a6f-a231-41ad3f729d91/current/raft-meta.conf
	at java.base/sun.nio.fs.UnixException.translateToIOException(UnixException.java:92)
	at java.base/sun.nio.fs.UnixException.rethrowAsIOException(UnixException.java:111)
	at java.base/sun.nio.fs.UnixException.rethrowAsIOException(UnixException.java:116)
	at java.base/sun.nio.fs.UnixFileSystemProvider.newByteChannel(UnixFileSystemProvider.java:219)
	at java.base/java.nio.file.Files.newByteChannel(Files.java:371)
	at java.base/java.nio.file.Files.newByteChannel(Files.java:422)
	at java.base/java.nio.file.spi.FileSystemProvider.newInputStream(FileSystemProvider.java:420)
	at java.base/java.nio.file.Files.newInputStream(Files.java:156)
	at org.apache.ratis.util.FileUtils.lambda$newInputStream$2(FileUtils.java:73)
	at org.apache.ratis.util.LogUtils.supplyAndLog(LogUtils.java:58)
	at org.apache.ratis.util.FileUtils.newInputStream(FileUtils.java:72)
	at org.apache.ratis.util.FileUtils.newInputStream(FileUtils.java:68)
	at org.apache.ratis.server.storage.RaftStorageImpl.readRaftConfiguration(RaftStorageImpl.java:156)
	at org.apache.ratis.server.impl.ServerState.initialize(ServerState.java:141)
	at org.apache.ratis.server.impl.RaftServerImpl.start(RaftServerImpl.java:388)
	at org.apache.ratis.util.ConcurrentUtils.accept(ConcurrentUtils.java:203)
	at org.apache.ratis.util.ConcurrentUtils.lambda$parallelForEachAsync$4(ConcurrentUtils.java:182)
	at java.base/java.util.concurrent.ThreadPoolExecutor.runWorker(ThreadPoolExecutor.java:1128)
	at java.base/java.util.concurrent.ThreadPoolExecutor$Worker.run(ThreadPoolExecutor.java:628)
	at java.base/java.lang.Thread.run(Thread.java:829)
2023-12-13 18:49:58,718 [s4-impl-thread1] INFO  server.RaftServerConfigKeys (ConfUtils.java:logGet(46)) - raft.server.log.use.memory = false (default)
2023-12-13 18:49:58,718 [s4-impl-thread1] INFO  server.RaftServerConfigKeys (ConfUtils.java:logGet(46)) - raft.server.log.purge.gap = 1024 (default)
2023-12-13 18:49:58,718 [s4-impl-thread1] INFO  server.RaftServerConfigKeys (ConfUtils.java:logGet(46)) - raft.server.log.appender.buffer.byte-limit = 4MB (=4194304) (default)
2023-12-13 18:49:58,719 [s4-impl-thread1] INFO  server.RaftServerConfigKeys (ConfUtils.java:logGet(46)) - raft.server.log.statemachine.data.read.timeout = 1000ms (default)
2023-12-13 18:49:58,719 [s4-impl-thread1] INFO  server.RaftServerConfigKeys (ConfUtils.java:logGet(46)) - raft.server.log.purge.preservation.log.num = 0 (default)
2023-12-13 18:49:58,719 [s4-impl-thread1] INFO  server.RaftServerConfigKeys (ConfUtils.java:logGet(46)) - raft.server.log.segment.size.max = 32MB (=33554432) (default)
2023-12-13 18:49:58,719 [s4-impl-thread1] INFO  server.RaftServerConfigKeys (ConfUtils.java:logGet(46)) - raft.server.log.segment.cache.num.max = 6 (default)
2023-12-13 18:49:58,719 [s4-impl-thread1] INFO  server.RaftServerConfigKeys (ConfUtils.java:logGet(46)) - raft.server.log.segment.cache.size.max = 200MB (=209715200) (default)
2023-12-13 18:49:58,719 [s4-impl-thread1] INFO  server.RaftServerConfigKeys (ConfUtils.java:logGet(46)) - raft.server.log.appender.buffer.byte-limit = 4MB (=4194304) (default)
2023-12-13 18:49:58,719 [s4-impl-thread1] INFO  util.AwaitToRun (AwaitToRun.java:start(81)) - Thread[s4@group-41AD3F729D91-cacheEviction-AwaitToRun,5,main] started
2023-12-13 18:49:58,719 [s4-impl-thread1] INFO  segmented.SegmentedRaftLogWorker (SegmentedRaftLogWorker.java:<init>(182)) - new s4@group-41AD3F729D91-SegmentedRaftLogWorker for RaftStorageImpl:Storage Directory /home/runner/work/ratis/ratis/ratis-test/target/test/data/b8de9602/MiniRaftClusterWithGrpc3d68096b/s4/a596a80b-bdb8-4a6f-a231-41ad3f729d91
2023-12-13 18:49:58,719 [s4-impl-thread1] INFO  server.RaftServerConfigKeys (ConfUtils.java:logGet(46)) - raft.server.log.queue.byte-limit = 64MB (=67108864) (default)
2023-12-13 18:49:58,719 [s4-impl-thread1] INFO  server.RaftServerConfigKeys (ConfUtils.java:logGet(46)) - raft.server.log.queue.element-limit = 4096 (default)
2023-12-13 18:49:58,719 [s4-impl-thread1] INFO  server.RaftServerConfigKeys (ConfUtils.java:logGet(46)) - raft.server.log.segment.size.max = 32MB (=33554432) (default)
2023-12-13 18:49:58,719 [s4-impl-thread1] INFO  server.RaftServerConfigKeys (ConfUtils.java:logGet(46)) - raft.server.log.preallocated.size = 4MB (=4194304) (default)
2023-12-13 18:49:58,719 [s4-impl-thread1] INFO  server.RaftServerConfigKeys (ConfUtils.java:logGet(46)) - raft.server.log.force.sync.num = 128 (default)
2023-12-13 18:49:58,720 [s4-impl-thread1] INFO  server.RaftServerConfigKeys (ConfUtils.java:logGet(46)) - raft.server.log.statemachine.data.sync = true (default)
2023-12-13 18:49:58,720 [s4-impl-thread1] INFO  server.RaftServerConfigKeys (ConfUtils.java:logGet(46)) - raft.server.log.statemachine.data.sync.timeout = 10s (default)
2023-12-13 18:49:58,720 [s4-impl-thread1] INFO  server.RaftServerConfigKeys (ConfUtils.java:logGet(46)) - raft.server.log.statemachine.data.sync.timeout.retry = -1 (default)
2023-12-13 18:49:58,720 [s4-impl-thread1] INFO  server.RaftServerConfigKeys (ConfUtils.java:logGet(46)) - raft.server.log.write.buffer.size = 8MB (=8388608) (default)
2023-12-13 18:49:58,722 [s4-impl-thread1] INFO  server.RaftServerConfigKeys (ConfUtils.java:logGet(46)) - raft.server.log.appender.buffer.byte-limit = 4MB (=4194304) (default)
2023-12-13 18:49:58,722 [s4-impl-thread1] INFO  server.RaftServerConfigKeys (ConfUtils.java:logGet(46)) - raft.server.log.unsafe-flush.enabled = false (default)
2023-12-13 18:49:58,722 [s4-impl-thread1] INFO  server.RaftServerConfigKeys (ConfUtils.java:logGet(46)) - raft.server.log.async-flush.enabled = false (default)
2023-12-13 18:49:58,722 [s4-impl-thread1] INFO  server.RaftServerConfigKeys (ConfUtils.java:logGet(46)) - raft.server.log.statemachine.data.caching.enabled = false (default)
2023-12-13 18:49:58,722 [s4-impl-thread1] INFO  segmented.SegmentedRaftLogWorker (SegmentedRaftLogWorker.java:lambda$new$0(134)) - s4@group-41AD3F729D91-SegmentedRaftLogWorker: flushIndex: setUnconditionally 0 -> -1
2023-12-13 18:49:58,722 [s4-impl-thread1] INFO  segmented.SegmentedRaftLogWorker (SegmentedRaftLogWorker.java:lambda$new$0(134)) - s4@group-41AD3F729D91-SegmentedRaftLogWorker: safeCacheEvictIndex: setUnconditionally 0 -> -1
2023-12-13 18:49:58,722 [s4-impl-thread1] INFO  server.RaftServer$Division (RaftServerImpl.java:start(398)) - s4@group-41AD3F729D91: start with initializing state, conf=-1: peers:[]|listeners:[], old=null
2023-12-13 18:49:58,722 [s4-impl-thread1] INFO  server.RaftServer$Division (RaftServerImpl.java:setRole(379)) - s4@group-41AD3F729D91: changes role from      null to FOLLOWER at term 0 for startInitializing
2023-12-13 18:49:58,722 [s4-impl-thread1] INFO  util.JmxRegister (JmxRegister.java:tryRegister(44)) - Successfully registered JMX Bean with object name Ratis:service=RaftServer,group=group-41AD3F729D91,id=s4
2023-12-13 18:49:58,723 [s4-impl-thread1] INFO  server.RaftServerConfigKeys (ConfUtils.java:logGet(46)) - raft.server.snapshot.trigger-when-stop.enabled = true (default)
2023-12-13 18:49:58,723 [s4-impl-thread1] INFO  server.RaftServerConfigKeys (ConfUtils.java:logGet(46)) - raft.server.snapshot.auto.trigger.enabled = false (default)
2023-12-13 18:49:58,723 [s4-impl-thread1] INFO  server.RaftServerConfigKeys (ConfUtils.java:logGet(46)) - raft.server.snapshot.retention.file.num = -1 (default)
2023-12-13 18:49:58,723 [s4-impl-thread1] INFO  server.RaftServerConfigKeys (ConfUtils.java:logGet(46)) - raft.server.log.purge.upto.snapshot.index = false (default)
2023-12-13 18:49:58,723 [Time-limited test] INFO  server.RaftServer (RaftServerProxy.java:startImpl(406)) - s4: start RPC server
2023-12-13 18:49:58,724 [Time-limited test] INFO  server.GrpcService (GrpcService.java:startImpl(302)) - s4: GrpcService started, listening on 45379
2023-12-13 18:49:58,724 [JvmPauseMonitor11] INFO  util.JvmPauseMonitor (JvmPauseMonitor.java:run(146)) - JvmPauseMonitor-s4: Started
2023-12-13 18:49:58,724 [s0-impl-thread1] INFO  server.RaftServerConfigKeys (ConfUtils.java:logGet(46)) - raft.server.storage.free-space.min = 0MB (=0) (default)
2023-12-13 18:49:58,724 [s0-impl-thread1] INFO  server.RaftServerConfigKeys (ConfUtils.java:logGet(46)) - raft.server.log.corruption.policy = EXCEPTION (default)
2023-12-13 18:49:58,724 [s0-impl-thread1] INFO  server.RaftServerConfigKeys (ConfUtils.java:logGet(46)) - raft.server.storage.dir = [/home/runner/work/ratis/ratis/ratis-test/target/test/data/b8de9602/MiniRaftClusterWithGrpc3d68096b/s0] (custom)
2023-12-13 18:49:58,724 [s0-impl-thread1] INFO  storage.RaftStorageDirectory (RaftStorageDirectoryImpl.java:analyzeStorage(138)) - The storage directory /home/runner/work/ratis/ratis/ratis-test/target/test/data/b8de9602/MiniRaftClusterWithGrpc3d68096b/s0/a596a80b-bdb8-4a6f-a231-41ad3f729d91 does not exist. Creating ...
2023-12-13 18:49:58,725 [s0-impl-thread1] TRACE util.FileUtils (LogUtils.java:runAndLog(49)) - Successfully ran Files.createDirectories /home/runner/work/ratis/ratis/ratis-test/target/test/data/b8de9602/MiniRaftClusterWithGrpc3d68096b/s0/a596a80b-bdb8-4a6f-a231-41ad3f729d91
2023-12-13 18:49:58,725 [s0-impl-thread1] INFO  storage.RaftStorageDirectory (RaftStorageDirectoryImpl.java:tryLock(228)) - Lock on /home/runner/work/ratis/ratis/ratis-test/target/test/data/b8de9602/MiniRaftClusterWithGrpc3d68096b/s0/a596a80b-bdb8-4a6f-a231-41ad3f729d91/in_use.lock acquired by nodename 24599@fv-az743-812
2023-12-13 18:49:58,725 [s0-impl-thread1] TRACE util.FileUtils (LogUtils.java:runAndLog(49)) - Successfully ran Files.createDirectories /home/runner/work/ratis/ratis/ratis-test/target/test/data/b8de9602/MiniRaftClusterWithGrpc3d68096b/s0/a596a80b-bdb8-4a6f-a231-41ad3f729d91/current
2023-12-13 18:49:58,725 [s0-impl-thread1] TRACE util.FileUtils (LogUtils.java:runAndLog(49)) - Successfully ran Files.createDirectories /home/runner/work/ratis/ratis/ratis-test/target/test/data/b8de9602/MiniRaftClusterWithGrpc3d68096b/s0/a596a80b-bdb8-4a6f-a231-41ad3f729d91/sm
2023-12-13 18:49:58,726 [s0-impl-thread1] TRACE util.FileUtils (LogUtils.java:supplyAndLog(69)) - Successfully supplied FileChannel.open /home/runner/work/ratis/ratis/ratis-test/target/test/data/b8de9602/MiniRaftClusterWithGrpc3d68096b/s0/a596a80b-bdb8-4a6f-a231-41ad3f729d91/current/raft-meta.tmp with options [CREATE, WRITE]: sun.nio.ch.FileChannelImpl@7e875c8
2023-12-13 18:49:58,726 [s0-impl-thread1] TRACE util.FileUtils (LogUtils.java:runAndLog(49)) - Successfully ran Atomic Files.move /home/runner/work/ratis/ratis/ratis-test/target/test/data/b8de9602/MiniRaftClusterWithGrpc3d68096b/s0/a596a80b-bdb8-4a6f-a231-41ad3f729d91/current/raft-meta.tmp to /home/runner/work/ratis/ratis/ratis-test/target/test/data/b8de9602/MiniRaftClusterWithGrpc3d68096b/s0/a596a80b-bdb8-4a6f-a231-41ad3f729d91/current/raft-meta with options [REPLACE_EXISTING]
2023-12-13 18:49:58,727 [s0-impl-thread1] INFO  storage.RaftStorage (RaftStorageImpl.java:format(99)) - Storage directory /home/runner/work/ratis/ratis/ratis-test/target/test/data/b8de9602/MiniRaftClusterWithGrpc3d68096b/s0/a596a80b-bdb8-4a6f-a231-41ad3f729d91 has been successfully formatted.
2023-12-13 18:49:58,727 [s0-impl-thread1] TRACE util.FileUtils (LogUtils.java:supplyAndLog(61)) - Failed to Files.newInputStream /home/runner/work/ratis/ratis/ratis-test/target/test/data/b8de9602/MiniRaftClusterWithGrpc3d68096b/s0/a596a80b-bdb8-4a6f-a231-41ad3f729d91/current/raft-meta.conf with options []
java.nio.file.NoSuchFileException: /home/runner/work/ratis/ratis/ratis-test/target/test/data/b8de9602/MiniRaftClusterWithGrpc3d68096b/s0/a596a80b-bdb8-4a6f-a231-41ad3f729d91/current/raft-meta.conf
	at java.base/sun.nio.fs.UnixException.translateToIOException(UnixException.java:92)
	at java.base/sun.nio.fs.UnixException.rethrowAsIOException(UnixException.java:111)
	at java.base/sun.nio.fs.UnixException.rethrowAsIOException(UnixException.java:116)
	at java.base/sun.nio.fs.UnixFileSystemProvider.newByteChannel(UnixFileSystemProvider.java:219)
	at java.base/java.nio.file.Files.newByteChannel(Files.java:371)
	at java.base/java.nio.file.Files.newByteChannel(Files.java:422)
	at java.base/java.nio.file.spi.FileSystemProvider.newInputStream(FileSystemProvider.java:420)
	at java.base/java.nio.file.Files.newInputStream(Files.java:156)
	at org.apache.ratis.util.FileUtils.lambda$newInputStream$2(FileUtils.java:73)
	at org.apache.ratis.util.LogUtils.supplyAndLog(LogUtils.java:58)
	at org.apache.ratis.util.FileUtils.newInputStream(FileUtils.java:72)
	at org.apache.ratis.util.FileUtils.newInputStream(FileUtils.java:68)
	at org.apache.ratis.server.storage.RaftStorageImpl.readRaftConfiguration(RaftStorageImpl.java:156)
	at org.apache.ratis.server.impl.ServerState.initialize(ServerState.java:141)
	at org.apache.ratis.server.impl.RaftServerImpl.start(RaftServerImpl.java:388)
	at org.apache.ratis.util.ConcurrentUtils.accept(ConcurrentUtils.java:203)
	at org.apache.ratis.util.ConcurrentUtils.lambda$parallelForEachAsync$4(ConcurrentUtils.java:182)
	at java.base/java.util.concurrent.ThreadPoolExecutor.runWorker(ThreadPoolExecutor.java:1128)
	at java.base/java.util.concurrent.ThreadPoolExecutor$Worker.run(ThreadPoolExecutor.java:628)
	at java.base/java.lang.Thread.run(Thread.java:829)
2023-12-13 18:49:58,727 [s0-impl-thread1] INFO  server.RaftServerConfigKeys (ConfUtils.java:logGet(46)) - raft.server.log.use.memory = false (default)
2023-12-13 18:49:58,727 [s0-impl-thread1] INFO  server.RaftServerConfigKeys (ConfUtils.java:logGet(46)) - raft.server.log.purge.gap = 1024 (default)
2023-12-13 18:49:58,727 [s0-impl-thread1] INFO  server.RaftServerConfigKeys (ConfUtils.java:logGet(46)) - raft.server.log.appender.buffer.byte-limit = 4MB (=4194304) (default)
2023-12-13 18:49:58,727 [s0-impl-thread1] INFO  server.RaftServerConfigKeys (ConfUtils.java:logGet(46)) - raft.server.log.statemachine.data.read.timeout = 1000ms (default)
2023-12-13 18:49:58,727 [s0-impl-thread1] INFO  server.RaftServerConfigKeys (ConfUtils.java:logGet(46)) - raft.server.log.purge.preservation.log.num = 0 (default)
2023-12-13 18:49:58,727 [s0-impl-thread1] INFO  server.RaftServerConfigKeys (ConfUtils.java:logGet(46)) - raft.server.log.segment.size.max = 32MB (=33554432) (default)
2023-12-13 18:49:58,727 [s0-impl-thread1] INFO  server.RaftServerConfigKeys (ConfUtils.java:logGet(46)) - raft.server.log.segment.cache.num.max = 6 (default)
2023-12-13 18:49:58,727 [s0-impl-thread1] INFO  server.RaftServerConfigKeys (ConfUtils.java:logGet(46)) - raft.server.log.segment.cache.size.max = 200MB (=209715200) (default)
2023-12-13 18:49:58,727 [s0-impl-thread1] INFO  server.RaftServerConfigKeys (ConfUtils.java:logGet(46)) - raft.server.log.appender.buffer.byte-limit = 4MB (=4194304) (default)
2023-12-13 18:49:58,727 [s0-impl-thread1] INFO  util.AwaitToRun (AwaitToRun.java:start(81)) - Thread[s0@group-41AD3F729D91-cacheEviction-AwaitToRun,5,main] started
2023-12-13 18:49:58,727 [s0-impl-thread1] INFO  segmented.SegmentedRaftLogWorker (SegmentedRaftLogWorker.java:<init>(182)) - new s0@group-41AD3F729D91-SegmentedRaftLogWorker for RaftStorageImpl:Storage Directory /home/runner/work/ratis/ratis/ratis-test/target/test/data/b8de9602/MiniRaftClusterWithGrpc3d68096b/s0/a596a80b-bdb8-4a6f-a231-41ad3f729d91
2023-12-13 18:49:58,728 [s0-impl-thread1] INFO  server.RaftServerConfigKeys (ConfUtils.java:logGet(46)) - raft.server.log.queue.byte-limit = 64MB (=67108864) (default)
2023-12-13 18:49:58,728 [s0-impl-thread1] INFO  server.RaftServerConfigKeys (ConfUtils.java:logGet(46)) - raft.server.log.queue.element-limit = 4096 (default)
2023-12-13 18:49:58,728 [s0-impl-thread1] INFO  server.RaftServerConfigKeys (ConfUtils.java:logGet(46)) - raft.server.log.segment.size.max = 32MB (=33554432) (default)
2023-12-13 18:49:58,728 [s0-impl-thread1] INFO  server.RaftServerConfigKeys (ConfUtils.java:logGet(46)) - raft.server.log.preallocated.size = 4MB (=4194304) (default)
2023-12-13 18:49:58,728 [s0-impl-thread1] INFO  server.RaftServerConfigKeys (ConfUtils.java:logGet(46)) - raft.server.log.force.sync.num = 128 (default)
2023-12-13 18:49:58,728 [s0-impl-thread1] INFO  server.RaftServerConfigKeys (ConfUtils.java:logGet(46)) - raft.server.log.statemachine.data.sync = true (default)
2023-12-13 18:49:58,728 [s0-impl-thread1] INFO  server.RaftServerConfigKeys (ConfUtils.java:logGet(46)) - raft.server.log.statemachine.data.sync.timeout = 10s (default)
2023-12-13 18:49:58,728 [s0-impl-thread1] INFO  server.RaftServerConfigKeys (ConfUtils.java:logGet(46)) - raft.server.log.statemachine.data.sync.timeout.retry = -1 (default)
2023-12-13 18:49:58,728 [s0-impl-thread1] INFO  server.RaftServerConfigKeys (ConfUtils.java:logGet(46)) - raft.server.log.write.buffer.size = 8MB (=8388608) (default)
2023-12-13 18:49:58,729 [s0-impl-thread1] INFO  server.RaftServerConfigKeys (ConfUtils.java:logGet(46)) - raft.server.log.appender.buffer.byte-limit = 4MB (=4194304) (default)
2023-12-13 18:49:58,729 [s0-impl-thread1] INFO  server.RaftServerConfigKeys (ConfUtils.java:logGet(46)) - raft.server.log.unsafe-flush.enabled = false (default)
2023-12-13 18:49:58,729 [s0-impl-thread1] INFO  server.RaftServerConfigKeys (ConfUtils.java:logGet(46)) - raft.server.log.async-flush.enabled = false (default)
2023-12-13 18:49:58,729 [s0-impl-thread1] INFO  server.RaftServerConfigKeys (ConfUtils.java:logGet(46)) - raft.server.log.statemachine.data.caching.enabled = false (default)
2023-12-13 18:49:58,729 [s0-impl-thread1] INFO  segmented.SegmentedRaftLogWorker (SegmentedRaftLogWorker.java:lambda$new$0(134)) - s0@group-41AD3F729D91-SegmentedRaftLogWorker: flushIndex: setUnconditionally 0 -> -1
2023-12-13 18:49:58,729 [s0-impl-thread1] INFO  segmented.SegmentedRaftLogWorker (SegmentedRaftLogWorker.java:lambda$new$0(134)) - s0@group-41AD3F729D91-SegmentedRaftLogWorker: safeCacheEvictIndex: setUnconditionally 0 -> -1
2023-12-13 18:49:58,730 [s0-impl-thread1] INFO  server.RaftServer$Division (RaftServerImpl.java:start(398)) - s0@group-41AD3F729D91: start with initializing state, conf=-1: peers:[]|listeners:[], old=null
2023-12-13 18:49:58,730 [s0-impl-thread1] INFO  server.RaftServer$Division (RaftServerImpl.java:setRole(379)) - s0@group-41AD3F729D91: changes role from      null to FOLLOWER at term 0 for startInitializing
2023-12-13 18:49:58,730 [s0-impl-thread1] INFO  util.JmxRegister (JmxRegister.java:tryRegister(44)) - Successfully registered JMX Bean with object name Ratis:service=RaftServer,group=group-41AD3F729D91,id=s0
2023-12-13 18:49:58,730 [s0-impl-thread1] INFO  server.RaftServerConfigKeys (ConfUtils.java:logGet(46)) - raft.server.snapshot.trigger-when-stop.enabled = true (default)
2023-12-13 18:49:58,730 [s0-impl-thread1] INFO  server.RaftServerConfigKeys (ConfUtils.java:logGet(46)) - raft.server.snapshot.auto.trigger.enabled = false (default)
2023-12-13 18:49:58,730 [s0-impl-thread1] INFO  server.RaftServerConfigKeys (ConfUtils.java:logGet(46)) - raft.server.snapshot.retention.file.num = -1 (default)
2023-12-13 18:49:58,730 [s0-impl-thread1] INFO  server.RaftServerConfigKeys (ConfUtils.java:logGet(46)) - raft.server.log.purge.upto.snapshot.index = false (default)
2023-12-13 18:49:58,730 [Time-limited test] INFO  server.RaftServer (RaftServerProxy.java:startImpl(406)) - s0: start RPC server
2023-12-13 18:49:58,731 [Time-limited test] INFO  server.GrpcService (GrpcService.java:startImpl(302)) - s0: GrpcService started, listening on 40857
2023-12-13 18:49:58,731 [JvmPauseMonitor12] INFO  util.JvmPauseMonitor (JvmPauseMonitor.java:run(146)) - JvmPauseMonitor-s0: Started
2023-12-13 18:49:58,731 [s1-impl-thread1] INFO  server.RaftServerConfigKeys (ConfUtils.java:logGet(46)) - raft.server.storage.free-space.min = 0MB (=0) (default)
2023-12-13 18:49:58,731 [s1-impl-thread1] INFO  server.RaftServerConfigKeys (ConfUtils.java:logGet(46)) - raft.server.log.corruption.policy = EXCEPTION (default)
2023-12-13 18:49:58,731 [s1-impl-thread1] INFO  server.RaftServerConfigKeys (ConfUtils.java:logGet(46)) - raft.server.storage.dir = [/home/runner/work/ratis/ratis/ratis-test/target/test/data/b8de9602/MiniRaftClusterWithGrpc3d68096b/s1] (custom)
2023-12-13 18:49:58,731 [s1-impl-thread1] INFO  storage.RaftStorageDirectory (RaftStorageDirectoryImpl.java:analyzeStorage(138)) - The storage directory /home/runner/work/ratis/ratis/ratis-test/target/test/data/b8de9602/MiniRaftClusterWithGrpc3d68096b/s1/a596a80b-bdb8-4a6f-a231-41ad3f729d91 does not exist. Creating ...
2023-12-13 18:49:58,731 [s1-impl-thread1] TRACE util.FileUtils (LogUtils.java:runAndLog(49)) - Successfully ran Files.createDirectories /home/runner/work/ratis/ratis/ratis-test/target/test/data/b8de9602/MiniRaftClusterWithGrpc3d68096b/s1/a596a80b-bdb8-4a6f-a231-41ad3f729d91
2023-12-13 18:49:58,732 [s1-impl-thread1] INFO  storage.RaftStorageDirectory (RaftStorageDirectoryImpl.java:tryLock(228)) - Lock on /home/runner/work/ratis/ratis/ratis-test/target/test/data/b8de9602/MiniRaftClusterWithGrpc3d68096b/s1/a596a80b-bdb8-4a6f-a231-41ad3f729d91/in_use.lock acquired by nodename 24599@fv-az743-812
2023-12-13 18:49:58,732 [s1-impl-thread1] TRACE util.FileUtils (LogUtils.java:runAndLog(49)) - Successfully ran Files.createDirectories /home/runner/work/ratis/ratis/ratis-test/target/test/data/b8de9602/MiniRaftClusterWithGrpc3d68096b/s1/a596a80b-bdb8-4a6f-a231-41ad3f729d91/current
2023-12-13 18:49:58,732 [s1-impl-thread1] TRACE util.FileUtils (LogUtils.java:runAndLog(49)) - Successfully ran Files.createDirectories /home/runner/work/ratis/ratis/ratis-test/target/test/data/b8de9602/MiniRaftClusterWithGrpc3d68096b/s1/a596a80b-bdb8-4a6f-a231-41ad3f729d91/sm
2023-12-13 18:49:58,732 [s1-impl-thread1] TRACE util.FileUtils (LogUtils.java:supplyAndLog(69)) - Successfully supplied FileChannel.open /home/runner/work/ratis/ratis/ratis-test/target/test/data/b8de9602/MiniRaftClusterWithGrpc3d68096b/s1/a596a80b-bdb8-4a6f-a231-41ad3f729d91/current/raft-meta.tmp with options [CREATE, WRITE]: sun.nio.ch.FileChannelImpl@2d98df7f
2023-12-13 18:49:58,733 [s1-impl-thread1] TRACE util.FileUtils (LogUtils.java:runAndLog(49)) - Successfully ran Atomic Files.move /home/runner/work/ratis/ratis/ratis-test/target/test/data/b8de9602/MiniRaftClusterWithGrpc3d68096b/s1/a596a80b-bdb8-4a6f-a231-41ad3f729d91/current/raft-meta.tmp to /home/runner/work/ratis/ratis/ratis-test/target/test/data/b8de9602/MiniRaftClusterWithGrpc3d68096b/s1/a596a80b-bdb8-4a6f-a231-41ad3f729d91/current/raft-meta with options [REPLACE_EXISTING]
2023-12-13 18:49:58,733 [s1-impl-thread1] INFO  storage.RaftStorage (RaftStorageImpl.java:format(99)) - Storage directory /home/runner/work/ratis/ratis/ratis-test/target/test/data/b8de9602/MiniRaftClusterWithGrpc3d68096b/s1/a596a80b-bdb8-4a6f-a231-41ad3f729d91 has been successfully formatted.
2023-12-13 18:49:58,733 [s1-impl-thread1] TRACE util.FileUtils (LogUtils.java:supplyAndLog(61)) - Failed to Files.newInputStream /home/runner/work/ratis/ratis/ratis-test/target/test/data/b8de9602/MiniRaftClusterWithGrpc3d68096b/s1/a596a80b-bdb8-4a6f-a231-41ad3f729d91/current/raft-meta.conf with options []
java.nio.file.NoSuchFileException: /home/runner/work/ratis/ratis/ratis-test/target/test/data/b8de9602/MiniRaftClusterWithGrpc3d68096b/s1/a596a80b-bdb8-4a6f-a231-41ad3f729d91/current/raft-meta.conf
	at java.base/sun.nio.fs.UnixException.translateToIOException(UnixException.java:92)
	at java.base/sun.nio.fs.UnixException.rethrowAsIOException(UnixException.java:111)
	at java.base/sun.nio.fs.UnixException.rethrowAsIOException(UnixException.java:116)
	at java.base/sun.nio.fs.UnixFileSystemProvider.newByteChannel(UnixFileSystemProvider.java:219)
	at java.base/java.nio.file.Files.newByteChannel(Files.java:371)
	at java.base/java.nio.file.Files.newByteChannel(Files.java:422)
	at java.base/java.nio.file.spi.FileSystemProvider.newInputStream(FileSystemProvider.java:420)
	at java.base/java.nio.file.Files.newInputStream(Files.java:156)
	at org.apache.ratis.util.FileUtils.lambda$newInputStream$2(FileUtils.java:73)
	at org.apache.ratis.util.LogUtils.supplyAndLog(LogUtils.java:58)
	at org.apache.ratis.util.FileUtils.newInputStream(FileUtils.java:72)
	at org.apache.ratis.util.FileUtils.newInputStream(FileUtils.java:68)
	at org.apache.ratis.server.storage.RaftStorageImpl.readRaftConfiguration(RaftStorageImpl.java:156)
	at org.apache.ratis.server.impl.ServerState.initialize(ServerState.java:141)
	at org.apache.ratis.server.impl.RaftServerImpl.start(RaftServerImpl.java:388)
	at org.apache.ratis.util.ConcurrentUtils.accept(ConcurrentUtils.java:203)
	at org.apache.ratis.util.ConcurrentUtils.lambda$parallelForEachAsync$4(ConcurrentUtils.java:182)
	at java.base/java.util.concurrent.ThreadPoolExecutor.runWorker(ThreadPoolExecutor.java:1128)
	at java.base/java.util.concurrent.ThreadPoolExecutor$Worker.run(ThreadPoolExecutor.java:628)
	at java.base/java.lang.Thread.run(Thread.java:829)
2023-12-13 18:49:58,733 [s1-impl-thread1] INFO  server.RaftServerConfigKeys (ConfUtils.java:logGet(46)) - raft.server.log.use.memory = false (default)
2023-12-13 18:49:58,733 [s1-impl-thread1] INFO  server.RaftServerConfigKeys (ConfUtils.java:logGet(46)) - raft.server.log.purge.gap = 1024 (default)
2023-12-13 18:49:58,733 [s1-impl-thread1] INFO  server.RaftServerConfigKeys (ConfUtils.java:logGet(46)) - raft.server.log.appender.buffer.byte-limit = 4MB (=4194304) (default)
2023-12-13 18:49:58,733 [s1-impl-thread1] INFO  server.RaftServerConfigKeys (ConfUtils.java:logGet(46)) - raft.server.log.statemachine.data.read.timeout = 1000ms (default)
2023-12-13 18:49:58,733 [s1-impl-thread1] INFO  server.RaftServerConfigKeys (ConfUtils.java:logGet(46)) - raft.server.log.purge.preservation.log.num = 0 (default)
2023-12-13 18:49:58,734 [s1-impl-thread1] INFO  server.RaftServerConfigKeys (ConfUtils.java:logGet(46)) - raft.server.log.segment.size.max = 32MB (=33554432) (default)
2023-12-13 18:49:58,734 [s1-impl-thread1] INFO  server.RaftServerConfigKeys (ConfUtils.java:logGet(46)) - raft.server.log.segment.cache.num.max = 6 (default)
2023-12-13 18:49:58,734 [s1-impl-thread1] INFO  server.RaftServerConfigKeys (ConfUtils.java:logGet(46)) - raft.server.log.segment.cache.size.max = 200MB (=209715200) (default)
2023-12-13 18:49:58,734 [s1-impl-thread1] INFO  server.RaftServerConfigKeys (ConfUtils.java:logGet(46)) - raft.server.log.appender.buffer.byte-limit = 4MB (=4194304) (default)
2023-12-13 18:49:58,734 [s1-impl-thread1] INFO  util.AwaitToRun (AwaitToRun.java:start(81)) - Thread[s1@group-41AD3F729D91-cacheEviction-AwaitToRun,5,main] started
2023-12-13 18:49:58,734 [s1-impl-thread1] INFO  segmented.SegmentedRaftLogWorker (SegmentedRaftLogWorker.java:<init>(182)) - new s1@group-41AD3F729D91-SegmentedRaftLogWorker for RaftStorageImpl:Storage Directory /home/runner/work/ratis/ratis/ratis-test/target/test/data/b8de9602/MiniRaftClusterWithGrpc3d68096b/s1/a596a80b-bdb8-4a6f-a231-41ad3f729d91
2023-12-13 18:49:58,734 [s1-impl-thread1] INFO  server.RaftServerConfigKeys (ConfUtils.java:logGet(46)) - raft.server.log.queue.byte-limit = 64MB (=67108864) (default)
2023-12-13 18:49:58,734 [s1-impl-thread1] INFO  server.RaftServerConfigKeys (ConfUtils.java:logGet(46)) - raft.server.log.queue.element-limit = 4096 (default)
2023-12-13 18:49:58,734 [s1-impl-thread1] INFO  server.RaftServerConfigKeys (ConfUtils.java:logGet(46)) - raft.server.log.segment.size.max = 32MB (=33554432) (default)
2023-12-13 18:49:58,734 [s1-impl-thread1] INFO  server.RaftServerConfigKeys (ConfUtils.java:logGet(46)) - raft.server.log.preallocated.size = 4MB (=4194304) (default)
2023-12-13 18:49:58,734 [s1-impl-thread1] INFO  server.RaftServerConfigKeys (ConfUtils.java:logGet(46)) - raft.server.log.force.sync.num = 128 (default)
2023-12-13 18:49:58,734 [s1-impl-thread1] INFO  server.RaftServerConfigKeys (ConfUtils.java:logGet(46)) - raft.server.log.statemachine.data.sync = true (default)
2023-12-13 18:49:58,734 [s1-impl-thread1] INFO  server.RaftServerConfigKeys (ConfUtils.java:logGet(46)) - raft.server.log.statemachine.data.sync.timeout = 10s (default)
2023-12-13 18:49:58,734 [s1-impl-thread1] INFO  server.RaftServerConfigKeys (ConfUtils.java:logGet(46)) - raft.server.log.statemachine.data.sync.timeout.retry = -1 (default)
2023-12-13 18:49:58,734 [s1-impl-thread1] INFO  server.RaftServerConfigKeys (ConfUtils.java:logGet(46)) - raft.server.log.write.buffer.size = 8MB (=8388608) (default)
2023-12-13 18:49:58,736 [s1-impl-thread1] INFO  server.RaftServerConfigKeys (ConfUtils.java:logGet(46)) - raft.server.log.appender.buffer.byte-limit = 4MB (=4194304) (default)
2023-12-13 18:49:58,736 [s1-impl-thread1] INFO  server.RaftServerConfigKeys (ConfUtils.java:logGet(46)) - raft.server.log.unsafe-flush.enabled = false (default)
2023-12-13 18:49:58,736 [s1-impl-thread1] INFO  server.RaftServerConfigKeys (ConfUtils.java:logGet(46)) - raft.server.log.async-flush.enabled = false (default)
2023-12-13 18:49:58,736 [s1-impl-thread1] INFO  server.RaftServerConfigKeys (ConfUtils.java:logGet(46)) - raft.server.log.statemachine.data.caching.enabled = false (default)
2023-12-13 18:49:58,736 [s1-impl-thread1] INFO  segmented.SegmentedRaftLogWorker (SegmentedRaftLogWorker.java:lambda$new$0(134)) - s1@group-41AD3F729D91-SegmentedRaftLogWorker: flushIndex: setUnconditionally 0 -> -1
2023-12-13 18:49:58,736 [s1-impl-thread1] INFO  segmented.SegmentedRaftLogWorker (SegmentedRaftLogWorker.java:lambda$new$0(134)) - s1@group-41AD3F729D91-SegmentedRaftLogWorker: safeCacheEvictIndex: setUnconditionally 0 -> -1
2023-12-13 18:49:58,736 [s1-impl-thread1] INFO  server.RaftServer$Division (RaftServerImpl.java:start(398)) - s1@group-41AD3F729D91: start with initializing state, conf=-1: peers:[]|listeners:[], old=null
2023-12-13 18:49:58,736 [s1-impl-thread1] INFO  server.RaftServer$Division (RaftServerImpl.java:setRole(379)) - s1@group-41AD3F729D91: changes role from      null to FOLLOWER at term 0 for startInitializing
2023-12-13 18:49:58,736 [s1-impl-thread1] INFO  util.JmxRegister (JmxRegister.java:tryRegister(44)) - Successfully registered JMX Bean with object name Ratis:service=RaftServer,group=group-41AD3F729D91,id=s1
2023-12-13 18:49:58,736 [s1-impl-thread1] INFO  server.RaftServerConfigKeys (ConfUtils.java:logGet(46)) - raft.server.snapshot.trigger-when-stop.enabled = true (default)
2023-12-13 18:49:58,736 [s1-impl-thread1] INFO  server.RaftServerConfigKeys (ConfUtils.java:logGet(46)) - raft.server.snapshot.auto.trigger.enabled = false (default)
2023-12-13 18:49:58,736 [s1-impl-thread1] INFO  server.RaftServerConfigKeys (ConfUtils.java:logGet(46)) - raft.server.snapshot.retention.file.num = -1 (default)
2023-12-13 18:49:58,736 [s1-impl-thread1] INFO  server.RaftServerConfigKeys (ConfUtils.java:logGet(46)) - raft.server.log.purge.upto.snapshot.index = false (default)
2023-12-13 18:49:58,736 [Time-limited test] INFO  server.RaftServer (RaftServerProxy.java:startImpl(406)) - s1: start RPC server
2023-12-13 18:49:58,737 [Time-limited test] INFO  server.GrpcService (GrpcService.java:startImpl(302)) - s1: GrpcService started, listening on 36823
2023-12-13 18:49:58,737 [JvmPauseMonitor13] INFO  util.JvmPauseMonitor (JvmPauseMonitor.java:run(146)) - JvmPauseMonitor-s1: Started
2023-12-13 18:49:58,737 [s2-impl-thread1] INFO  server.RaftServerConfigKeys (ConfUtils.java:logGet(46)) - raft.server.storage.free-space.min = 0MB (=0) (default)
2023-12-13 18:49:58,737 [s2-impl-thread1] INFO  server.RaftServerConfigKeys (ConfUtils.java:logGet(46)) - raft.server.log.corruption.policy = EXCEPTION (default)
2023-12-13 18:49:58,737 [s2-impl-thread1] INFO  server.RaftServerConfigKeys (ConfUtils.java:logGet(46)) - raft.server.storage.dir = [/home/runner/work/ratis/ratis/ratis-test/target/test/data/b8de9602/MiniRaftClusterWithGrpc3d68096b/s2] (custom)
2023-12-13 18:49:58,737 [s2-impl-thread1] INFO  storage.RaftStorageDirectory (RaftStorageDirectoryImpl.java:analyzeStorage(138)) - The storage directory /home/runner/work/ratis/ratis/ratis-test/target/test/data/b8de9602/MiniRaftClusterWithGrpc3d68096b/s2/a596a80b-bdb8-4a6f-a231-41ad3f729d91 does not exist. Creating ...
2023-12-13 18:49:58,738 [s2-impl-thread1] TRACE util.FileUtils (LogUtils.java:runAndLog(49)) - Successfully ran Files.createDirectories /home/runner/work/ratis/ratis/ratis-test/target/test/data/b8de9602/MiniRaftClusterWithGrpc3d68096b/s2/a596a80b-bdb8-4a6f-a231-41ad3f729d91
2023-12-13 18:49:58,738 [s2-impl-thread1] INFO  storage.RaftStorageDirectory (RaftStorageDirectoryImpl.java:tryLock(228)) - Lock on /home/runner/work/ratis/ratis/ratis-test/target/test/data/b8de9602/MiniRaftClusterWithGrpc3d68096b/s2/a596a80b-bdb8-4a6f-a231-41ad3f729d91/in_use.lock acquired by nodename 24599@fv-az743-812
2023-12-13 18:49:58,738 [s2-impl-thread1] TRACE util.FileUtils (LogUtils.java:runAndLog(49)) - Successfully ran Files.createDirectories /home/runner/work/ratis/ratis/ratis-test/target/test/data/b8de9602/MiniRaftClusterWithGrpc3d68096b/s2/a596a80b-bdb8-4a6f-a231-41ad3f729d91/current
2023-12-13 18:49:58,738 [s2-impl-thread1] TRACE util.FileUtils (LogUtils.java:runAndLog(49)) - Successfully ran Files.createDirectories /home/runner/work/ratis/ratis/ratis-test/target/test/data/b8de9602/MiniRaftClusterWithGrpc3d68096b/s2/a596a80b-bdb8-4a6f-a231-41ad3f729d91/sm
2023-12-13 18:49:58,738 [s2-impl-thread1] TRACE util.FileUtils (LogUtils.java:supplyAndLog(69)) - Successfully supplied FileChannel.open /home/runner/work/ratis/ratis/ratis-test/target/test/data/b8de9602/MiniRaftClusterWithGrpc3d68096b/s2/a596a80b-bdb8-4a6f-a231-41ad3f729d91/current/raft-meta.tmp with options [CREATE, WRITE]: sun.nio.ch.FileChannelImpl@5da958ac
2023-12-13 18:49:58,739 [s2-impl-thread1] TRACE util.FileUtils (LogUtils.java:runAndLog(49)) - Successfully ran Atomic Files.move /home/runner/work/ratis/ratis/ratis-test/target/test/data/b8de9602/MiniRaftClusterWithGrpc3d68096b/s2/a596a80b-bdb8-4a6f-a231-41ad3f729d91/current/raft-meta.tmp to /home/runner/work/ratis/ratis/ratis-test/target/test/data/b8de9602/MiniRaftClusterWithGrpc3d68096b/s2/a596a80b-bdb8-4a6f-a231-41ad3f729d91/current/raft-meta with options [REPLACE_EXISTING]
2023-12-13 18:49:58,739 [s2-impl-thread1] INFO  storage.RaftStorage (RaftStorageImpl.java:format(99)) - Storage directory /home/runner/work/ratis/ratis/ratis-test/target/test/data/b8de9602/MiniRaftClusterWithGrpc3d68096b/s2/a596a80b-bdb8-4a6f-a231-41ad3f729d91 has been successfully formatted.
2023-12-13 18:49:58,739 [s2-impl-thread1] TRACE util.FileUtils (LogUtils.java:supplyAndLog(61)) - Failed to Files.newInputStream /home/runner/work/ratis/ratis/ratis-test/target/test/data/b8de9602/MiniRaftClusterWithGrpc3d68096b/s2/a596a80b-bdb8-4a6f-a231-41ad3f729d91/current/raft-meta.conf with options []
java.nio.file.NoSuchFileException: /home/runner/work/ratis/ratis/ratis-test/target/test/data/b8de9602/MiniRaftClusterWithGrpc3d68096b/s2/a596a80b-bdb8-4a6f-a231-41ad3f729d91/current/raft-meta.conf
	at java.base/sun.nio.fs.UnixException.translateToIOException(UnixException.java:92)
	at java.base/sun.nio.fs.UnixException.rethrowAsIOException(UnixException.java:111)
	at java.base/sun.nio.fs.UnixException.rethrowAsIOException(UnixException.java:116)
	at java.base/sun.nio.fs.UnixFileSystemProvider.newByteChannel(UnixFileSystemProvider.java:219)
	at java.base/java.nio.file.Files.newByteChannel(Files.java:371)
	at java.base/java.nio.file.Files.newByteChannel(Files.java:422)
	at java.base/java.nio.file.spi.FileSystemProvider.newInputStream(FileSystemProvider.java:420)
	at java.base/java.nio.file.Files.newInputStream(Files.java:156)
	at org.apache.ratis.util.FileUtils.lambda$newInputStream$2(FileUtils.java:73)
	at org.apache.ratis.util.LogUtils.supplyAndLog(LogUtils.java:58)
	at org.apache.ratis.util.FileUtils.newInputStream(FileUtils.java:72)
	at org.apache.ratis.util.FileUtils.newInputStream(FileUtils.java:68)
	at org.apache.ratis.server.storage.RaftStorageImpl.readRaftConfiguration(RaftStorageImpl.java:156)
	at org.apache.ratis.server.impl.ServerState.initialize(ServerState.java:141)
	at org.apache.ratis.server.impl.RaftServerImpl.start(RaftServerImpl.java:388)
	at org.apache.ratis.util.ConcurrentUtils.accept(ConcurrentUtils.java:203)
	at org.apache.ratis.util.ConcurrentUtils.lambda$parallelForEachAsync$4(ConcurrentUtils.java:182)
	at java.base/java.util.concurrent.ThreadPoolExecutor.runWorker(ThreadPoolExecutor.java:1128)
	at java.base/java.util.concurrent.ThreadPoolExecutor$Worker.run(ThreadPoolExecutor.java:628)
	at java.base/java.lang.Thread.run(Thread.java:829)
2023-12-13 18:49:58,740 [s2-impl-thread1] INFO  server.RaftServerConfigKeys (ConfUtils.java:logGet(46)) - raft.server.log.use.memory = false (default)
2023-12-13 18:49:58,740 [s2-impl-thread1] INFO  server.RaftServerConfigKeys (ConfUtils.java:logGet(46)) - raft.server.log.purge.gap = 1024 (default)
2023-12-13 18:49:58,740 [s2-impl-thread1] INFO  server.RaftServerConfigKeys (ConfUtils.java:logGet(46)) - raft.server.log.appender.buffer.byte-limit = 4MB (=4194304) (default)
2023-12-13 18:49:58,740 [s2-impl-thread1] INFO  server.RaftServerConfigKeys (ConfUtils.java:logGet(46)) - raft.server.log.statemachine.data.read.timeout = 1000ms (default)
2023-12-13 18:49:58,740 [s2-impl-thread1] INFO  server.RaftServerConfigKeys (ConfUtils.java:logGet(46)) - raft.server.log.purge.preservation.log.num = 0 (default)
2023-12-13 18:49:58,740 [s2-impl-thread1] INFO  server.RaftServerConfigKeys (ConfUtils.java:logGet(46)) - raft.server.log.segment.size.max = 32MB (=33554432) (default)
2023-12-13 18:49:58,740 [s2-impl-thread1] INFO  server.RaftServerConfigKeys (ConfUtils.java:logGet(46)) - raft.server.log.segment.cache.num.max = 6 (default)
2023-12-13 18:49:58,740 [s2-impl-thread1] INFO  server.RaftServerConfigKeys (ConfUtils.java:logGet(46)) - raft.server.log.segment.cache.size.max = 200MB (=209715200) (default)
2023-12-13 18:49:58,740 [s2-impl-thread1] INFO  server.RaftServerConfigKeys (ConfUtils.java:logGet(46)) - raft.server.log.appender.buffer.byte-limit = 4MB (=4194304) (default)
2023-12-13 18:49:58,741 [s2-impl-thread1] INFO  util.AwaitToRun (AwaitToRun.java:start(81)) - Thread[s2@group-41AD3F729D91-cacheEviction-AwaitToRun,5,main] started
2023-12-13 18:49:58,741 [s2-impl-thread1] INFO  segmented.SegmentedRaftLogWorker (SegmentedRaftLogWorker.java:<init>(182)) - new s2@group-41AD3F729D91-SegmentedRaftLogWorker for RaftStorageImpl:Storage Directory /home/runner/work/ratis/ratis/ratis-test/target/test/data/b8de9602/MiniRaftClusterWithGrpc3d68096b/s2/a596a80b-bdb8-4a6f-a231-41ad3f729d91
2023-12-13 18:49:58,741 [s2-impl-thread1] INFO  server.RaftServerConfigKeys (ConfUtils.java:logGet(46)) - raft.server.log.queue.byte-limit = 64MB (=67108864) (default)
2023-12-13 18:49:58,741 [s2-impl-thread1] INFO  server.RaftServerConfigKeys (ConfUtils.java:logGet(46)) - raft.server.log.queue.element-limit = 4096 (default)
2023-12-13 18:49:58,741 [s2-impl-thread1] INFO  server.RaftServerConfigKeys (ConfUtils.java:logGet(46)) - raft.server.log.segment.size.max = 32MB (=33554432) (default)
2023-12-13 18:49:58,741 [s2-impl-thread1] INFO  server.RaftServerConfigKeys (ConfUtils.java:logGet(46)) - raft.server.log.preallocated.size = 4MB (=4194304) (default)
2023-12-13 18:49:58,741 [s2-impl-thread1] INFO  server.RaftServerConfigKeys (ConfUtils.java:logGet(46)) - raft.server.log.force.sync.num = 128 (default)
2023-12-13 18:49:58,741 [s2-impl-thread1] INFO  server.RaftServerConfigKeys (ConfUtils.java:logGet(46)) - raft.server.log.statemachine.data.sync = true (default)
2023-12-13 18:49:58,741 [s2-impl-thread1] INFO  server.RaftServerConfigKeys (ConfUtils.java:logGet(46)) - raft.server.log.statemachine.data.sync.timeout = 10s (default)
2023-12-13 18:49:58,741 [s2-impl-thread1] INFO  server.RaftServerConfigKeys (ConfUtils.java:logGet(46)) - raft.server.log.statemachine.data.sync.timeout.retry = -1 (default)
2023-12-13 18:49:58,741 [s2-impl-thread1] INFO  server.RaftServerConfigKeys (ConfUtils.java:logGet(46)) - raft.server.log.write.buffer.size = 8MB (=8388608) (default)
2023-12-13 18:49:58,744 [s2-impl-thread1] INFO  server.RaftServerConfigKeys (ConfUtils.java:logGet(46)) - raft.server.log.appender.buffer.byte-limit = 4MB (=4194304) (default)
2023-12-13 18:49:58,744 [s2-impl-thread1] INFO  server.RaftServerConfigKeys (ConfUtils.java:logGet(46)) - raft.server.log.unsafe-flush.enabled = false (default)
2023-12-13 18:49:58,745 [s2-impl-thread1] INFO  server.RaftServerConfigKeys (ConfUtils.java:logGet(46)) - raft.server.log.async-flush.enabled = false (default)
2023-12-13 18:49:58,745 [s2-impl-thread1] INFO  server.RaftServerConfigKeys (ConfUtils.java:logGet(46)) - raft.server.log.statemachine.data.caching.enabled = false (default)
2023-12-13 18:49:58,745 [s2-impl-thread1] INFO  segmented.SegmentedRaftLogWorker (SegmentedRaftLogWorker.java:lambda$new$0(134)) - s2@group-41AD3F729D91-SegmentedRaftLogWorker: flushIndex: setUnconditionally 0 -> -1
2023-12-13 18:49:58,745 [s2-impl-thread1] INFO  segmented.SegmentedRaftLogWorker (SegmentedRaftLogWorker.java:lambda$new$0(134)) - s2@group-41AD3F729D91-SegmentedRaftLogWorker: safeCacheEvictIndex: setUnconditionally 0 -> -1
2023-12-13 18:49:58,745 [s2-impl-thread1] INFO  server.RaftServer$Division (RaftServerImpl.java:start(398)) - s2@group-41AD3F729D91: start with initializing state, conf=-1: peers:[]|listeners:[], old=null
2023-12-13 18:49:58,745 [s2-impl-thread1] INFO  server.RaftServer$Division (RaftServerImpl.java:setRole(379)) - s2@group-41AD3F729D91: changes role from      null to FOLLOWER at term 0 for startInitializing
2023-12-13 18:49:58,745 [s2-impl-thread1] INFO  util.JmxRegister (JmxRegister.java:tryRegister(44)) - Successfully registered JMX Bean with object name Ratis:service=RaftServer,group=group-41AD3F729D91,id=s2
2023-12-13 18:49:58,745 [s2-impl-thread1] INFO  server.RaftServerConfigKeys (ConfUtils.java:logGet(46)) - raft.server.snapshot.trigger-when-stop.enabled = true (default)
2023-12-13 18:49:58,745 [s2-impl-thread1] INFO  server.RaftServerConfigKeys (ConfUtils.java:logGet(46)) - raft.server.snapshot.auto.trigger.enabled = false (default)
2023-12-13 18:49:58,745 [s2-impl-thread1] INFO  server.RaftServerConfigKeys (ConfUtils.java:logGet(46)) - raft.server.snapshot.retention.file.num = -1 (default)
2023-12-13 18:49:58,745 [s2-impl-thread1] INFO  server.RaftServerConfigKeys (ConfUtils.java:logGet(46)) - raft.server.log.purge.upto.snapshot.index = false (default)
2023-12-13 18:49:58,746 [Time-limited test] INFO  server.RaftServer (RaftServerProxy.java:startImpl(406)) - s2: start RPC server
2023-12-13 18:49:58,746 [Time-limited test] ERROR server.GrpcService (ExitUtils.java:terminate(133)) - Terminating with exit status 1: Failed to start Grpc server
java.io.IOException: Failed to bind to address 0.0.0.0/0.0.0.0:45379
	at org.apache.ratis.thirdparty.io.grpc.netty.NettyServer.start(NettyServer.java:326)
	at org.apache.ratis.thirdparty.io.grpc.internal.ServerImpl.start(ServerImpl.java:185)
	at org.apache.ratis.thirdparty.io.grpc.internal.ServerImpl.start(ServerImpl.java:94)
	at org.apache.ratis.grpc.server.GrpcService.startImpl(GrpcService.java:298)
	at org.apache.ratis.util.LifeCycle.startAndTransition(LifeCycle.java:270)
	at org.apache.ratis.server.RaftServerRpcWithProxy.start(RaftServerRpcWithProxy.java:72)
	at org.apache.ratis.server.impl.RaftServerProxy.startImpl(RaftServerProxy.java:407)
	at org.apache.ratis.util.LifeCycle.startAndTransition(LifeCycle.java:270)
	at org.apache.ratis.server.impl.RaftServerProxy.start(RaftServerProxy.java:400)
	at org.apache.ratis.server.impl.MiniRaftCluster.startServers(MiniRaftCluster.java:499)
	at org.apache.ratis.server.impl.MiniRaftCluster.start(MiniRaftCluster.java:346)
	at org.apache.ratis.server.impl.GroupManagementBaseTest.runMultiGroupTest(GroupManagementBaseTest.java:263)
	at org.apache.ratis.server.impl.GroupManagementBaseTest.runMultiGroupTest(GroupManagementBaseTest.java:237)
	at org.apache.ratis.server.impl.GroupManagementBaseTest.testMultiGroup5Nodes(GroupManagementBaseTest.java:220)
	at java.base/jdk.internal.reflect.NativeMethodAccessorImpl.invoke0(Native Method)
	at java.base/jdk.internal.reflect.NativeMethodAccessorImpl.invoke(NativeMethodAccessorImpl.java:62)
	at java.base/jdk.internal.reflect.DelegatingMethodAccessorImpl.invoke(DelegatingMethodAccessorImpl.java:43)
	at java.base/java.lang.reflect.Method.invoke(Method.java:566)
	at org.junit.runners.model.FrameworkMethod$1.runReflectiveCall(FrameworkMethod.java:59)
	at org.junit.internal.runners.model.ReflectiveCallable.run(ReflectiveCallable.java:12)
	at org.junit.runners.model.FrameworkMethod.invokeExplosively(FrameworkMethod.java:56)
	at org.junit.internal.runners.statements.InvokeMethod.evaluate(InvokeMethod.java:17)
	at org.junit.internal.runners.statements.RunAfters.evaluate(RunAfters.java:27)
	at org.junit.internal.runners.statements.FailOnTimeout$CallableStatement.call(FailOnTimeout.java:299)
	at org.junit.internal.runners.statements.FailOnTimeout$CallableStatement.call(FailOnTimeout.java:293)
	at java.base/java.util.concurrent.FutureTask.run(FutureTask.java:264)
	at java.base/java.lang.Thread.run(Thread.java:829)
Caused by: org.apache.ratis.thirdparty.io.netty.channel.unix.Errors$NativeIoException: bind(..) failed: Address already in use
]]></system-out>
  </testcase>
  <testcase name="testMultiGroup5Nodes" classname="org.apache.ratis.grpc.TestGroupManagementWithGrpc" time="1.065">
    <failure message="Unexpected exit." type="java.lang.AssertionError"><![CDATA[java.lang.AssertionError: Unexpected exit.
	at org.apache.ratis.util.ExitUtils.assertNotTerminated(ExitUtils.java:109)
	at org.apache.ratis.BaseTest.assertNoFailures(BaseTest.java:90)
	at java.base/jdk.internal.reflect.NativeMethodAccessorImpl.invoke0(Native Method)
	at java.base/jdk.internal.reflect.NativeMethodAccessorImpl.invoke(NativeMethodAccessorImpl.java:62)
	at java.base/jdk.internal.reflect.DelegatingMethodAccessorImpl.invoke(DelegatingMethodAccessorImpl.java:43)
	at java.base/java.lang.reflect.Method.invoke(Method.java:566)
	at org.junit.runners.model.FrameworkMethod$1.runReflectiveCall(FrameworkMethod.java:59)
	at org.junit.internal.runners.model.ReflectiveCallable.run(ReflectiveCallable.java:12)
	at org.junit.runners.model.FrameworkMethod.invokeExplosively(FrameworkMethod.java:56)
	at org.junit.internal.runners.statements.RunAfters.invokeMethod(RunAfters.java:46)
	at org.junit.internal.runners.statements.RunAfters.evaluate(RunAfters.java:33)
	at org.junit.internal.runners.statements.FailOnTimeout$CallableStatement.call(FailOnTimeout.java:299)
	at org.junit.internal.runners.statements.FailOnTimeout$CallableStatement.call(FailOnTimeout.java:293)
	at java.base/java.util.concurrent.FutureTask.run(FutureTask.java:264)
	at java.base/java.lang.Thread.run(Thread.java:829)
Caused by: org.apache.ratis.util.ExitUtils$ExitException: Failed to start Grpc server
	at org.apache.ratis.util.ExitUtils.terminate(ExitUtils.java:141)
	at org.apache.ratis.util.ExitUtils.terminate(ExitUtils.java:151)
	at org.apache.ratis.grpc.server.GrpcService.startImpl(GrpcService.java:300)
	at org.apache.ratis.util.LifeCycle.startAndTransition(LifeCycle.java:270)
	at org.apache.ratis.server.RaftServerRpcWithProxy.start(RaftServerRpcWithProxy.java:72)
	at org.apache.ratis.server.impl.RaftServerProxy.startImpl(RaftServerProxy.java:407)
	at org.apache.ratis.util.LifeCycle.startAndTransition(LifeCycle.java:270)
	at org.apache.ratis.server.impl.RaftServerProxy.start(RaftServerProxy.java:400)
	at org.apache.ratis.server.impl.MiniRaftCluster.startServers(MiniRaftCluster.java:499)
	at org.apache.ratis.server.impl.MiniRaftCluster.start(MiniRaftCluster.java:346)
	at org.apache.ratis.server.impl.GroupManagementBaseTest.runMultiGroupTest(GroupManagementBaseTest.java:263)
	at org.apache.ratis.server.impl.GroupManagementBaseTest.runMultiGroupTest(GroupManagementBaseTest.java:237)
	at org.apache.ratis.server.impl.GroupManagementBaseTest.testMultiGroup5Nodes(GroupManagementBaseTest.java:220)
	at java.base/jdk.internal.reflect.NativeMethodAccessorImpl.invoke0(Native Method)
	at java.base/jdk.internal.reflect.NativeMethodAccessorImpl.invoke(NativeMethodAccessorImpl.java:62)
	at java.base/jdk.internal.reflect.DelegatingMethodAccessorImpl.invoke(DelegatingMethodAccessorImpl.java:43)
	at java.base/java.lang.reflect.Method.invoke(Method.java:566)
	at org.junit.runners.model.FrameworkMethod$1.runReflectiveCall(FrameworkMethod.java:59)
	at org.junit.internal.runners.model.ReflectiveCallable.run(ReflectiveCallable.java:12)
	at org.junit.runners.model.FrameworkMethod.invokeExplosively(FrameworkMethod.java:56)
	at org.junit.internal.runners.statements.InvokeMethod.evaluate(InvokeMethod.java:17)
	at org.junit.internal.runners.statements.RunAfters.evaluate(RunAfters.java:27)
	... 4 more
Caused by: java.io.IOException: Failed to bind to address 0.0.0.0/0.0.0.0:45379
	at org.apache.ratis.thirdparty.io.grpc.netty.NettyServer.start(NettyServer.java:326)
	at org.apache.ratis.thirdparty.io.grpc.internal.ServerImpl.start(ServerImpl.java:185)
	at org.apache.ratis.thirdparty.io.grpc.internal.ServerImpl.start(ServerImpl.java:94)
	at org.apache.ratis.grpc.server.GrpcService.startImpl(GrpcService.java:298)
	... 23 more
Caused by: org.apache.ratis.thirdparty.io.netty.channel.unix.Errors$NativeIoException: bind(..) failed: Address already in use
]]></failure>
  </testcase>
  <testcase name="testMultiGroup7Nodes" classname="org.apache.ratis.grpc.TestGroupManagementWithGrpc" time="13.18">
    <failure message="Unexpected exit." type="java.lang.AssertionError"><![CDATA[java.lang.AssertionError: Unexpected exit.
	at org.apache.ratis.util.ExitUtils.assertNotTerminated(ExitUtils.java:109)
	at org.apache.ratis.server.impl.MiniRaftCluster.shutdown(MiniRaftCluster.java:854)
	at org.apache.ratis.server.impl.GroupManagementBaseTest.runMultiGroupTest(GroupManagementBaseTest.java:341)
	at org.apache.ratis.server.impl.GroupManagementBaseTest.runMultiGroupTest(GroupManagementBaseTest.java:237)
	at org.apache.ratis.server.impl.GroupManagementBaseTest.testMultiGroup7Nodes(GroupManagementBaseTest.java:226)
	at java.base/jdk.internal.reflect.NativeMethodAccessorImpl.invoke0(Native Method)
	at java.base/jdk.internal.reflect.NativeMethodAccessorImpl.invoke(NativeMethodAccessorImpl.java:62)
	at java.base/jdk.internal.reflect.DelegatingMethodAccessorImpl.invoke(DelegatingMethodAccessorImpl.java:43)
	at java.base/java.lang.reflect.Method.invoke(Method.java:566)
	at org.junit.runners.model.FrameworkMethod$1.runReflectiveCall(FrameworkMethod.java:59)
	at org.junit.internal.runners.model.ReflectiveCallable.run(ReflectiveCallable.java:12)
	at org.junit.runners.model.FrameworkMethod.invokeExplosively(FrameworkMethod.java:56)
	at org.junit.internal.runners.statements.InvokeMethod.evaluate(InvokeMethod.java:17)
	at org.junit.internal.runners.statements.RunAfters.evaluate(RunAfters.java:27)
	at org.junit.internal.runners.statements.FailOnTimeout$CallableStatement.call(FailOnTimeout.java:299)
	at org.junit.internal.runners.statements.FailOnTimeout$CallableStatement.call(FailOnTimeout.java:293)
	at java.base/java.util.concurrent.FutureTask.run(FutureTask.java:264)
	at java.base/java.lang.Thread.run(Thread.java:829)
Caused by: org.apache.ratis.util.ExitUtils$ExitException: Failed to start Grpc server
	at org.apache.ratis.util.ExitUtils.terminate(ExitUtils.java:141)
	at org.apache.ratis.util.ExitUtils.terminate(ExitUtils.java:151)
	at org.apache.ratis.grpc.server.GrpcService.startImpl(GrpcService.java:300)
	at org.apache.ratis.util.LifeCycle.startAndTransition(LifeCycle.java:270)
	at org.apache.ratis.server.RaftServerRpcWithProxy.start(RaftServerRpcWithProxy.java:72)
	at org.apache.ratis.server.impl.RaftServerProxy.startImpl(RaftServerProxy.java:407)
	at org.apache.ratis.util.LifeCycle.startAndTransition(LifeCycle.java:270)
	at org.apache.ratis.server.impl.RaftServerProxy.start(RaftServerProxy.java:400)
	at org.apache.ratis.server.impl.MiniRaftCluster.startServers(MiniRaftCluster.java:499)
	at org.apache.ratis.server.impl.MiniRaftCluster.start(MiniRaftCluster.java:346)
	at org.apache.ratis.server.impl.GroupManagementBaseTest.runMultiGroupTest(GroupManagementBaseTest.java:263)
	at org.apache.ratis.server.impl.GroupManagementBaseTest.runMultiGroupTest(GroupManagementBaseTest.java:237)
	at org.apache.ratis.server.impl.GroupManagementBaseTest.testMultiGroup5Nodes(GroupManagementBaseTest.java:220)
	... 13 more
Caused by: java.io.IOException: Failed to bind to address 0.0.0.0/0.0.0.0:45379
	at org.apache.ratis.thirdparty.io.grpc.netty.NettyServer.start(NettyServer.java:326)
	at org.apache.ratis.thirdparty.io.grpc.internal.ServerImpl.start(ServerImpl.java:185)
	at org.apache.ratis.thirdparty.io.grpc.internal.ServerImpl.start(ServerImpl.java:94)
	at org.apache.ratis.grpc.server.GrpcService.startImpl(GrpcService.java:298)
	... 23 more
Caused by: org.apache.ratis.thirdparty.io.netty.channel.unix.Errors$NativeIoException: bind(..) failed: Address already in use
]]></failure>
    <system-out><![CDATA[2023-12-13 18:49:58,754 [main] INFO  util.LogUtils (Slf4jUtils.java:setLogLevel(38)) - Successfully set org.apache.ratis.conf.ConfUtils log level to WARN
2023-12-13 18:49:58,754 [main] INFO  util.LogUtils (Slf4jUtils.java:setLogLevel(38)) - Successfully set org.apache.ratis.util.FileUtils log level to TRACE
2023-12-13 18:49:58,754 [main] INFO  util.LogUtils (Slf4jUtils.java:setLogLevel(38)) - Successfully set org.apache.ratis.server.RaftServer log level to DEBUG
2023-12-13 18:49:58,754 [main] INFO  util.LogUtils (Slf4jUtils.java:setLogLevel(38)) - Successfully set org.apache.ratis.server.RaftServer$Division log level to DEBUG
2023-12-13 18:49:58,754 [main] INFO  util.LogUtils (Slf4jUtils.java:setLogLevel(38)) - Successfully set org.apache.ratis.client.RaftClient log level to DEBUG
| null | init | 51 |
2023-12-13 18:49:58,756 [Time-limited test] INFO  impl.MiniRaftCluster (MiniRaftCluster.java:<init>(306)) - new MiniRaftClusterWithGrpc with group-E92128DFC347:[]
2023-12-13 18:49:58,756 [Time-limited test] INFO  impl.GroupManagementBaseTest (GroupManagementBaseTest.java:runMultiGroupTest(251)) - 

runMultiGroupTest with MiniRaftClusterWithGrpc[1, 6, 7]chosen=1: printing ALL groups
2023-12-13 18:49:58,756 [Time-limited test] INFO  impl.GroupManagementBaseTest (GroupManagementBaseTest.java:runMultiGroupTest(258)) - ids: [s0, s1, s2, s3, s4, s5, s6]
2023-12-13 18:49:58,756 [Time-limited test] INFO  impl.MiniRaftCluster (MiniRaftCluster.java:newRaftServer(382)) - newRaftServer: s0, group-E92128DFC347:[], format? true
2023-12-13 18:49:58,756 [Time-limited test] TRACE util.FileUtils (FileUtils.java:deleteFully(305)) - deleteFully target/test/data/b8de9602/MiniRaftClusterWithGrpce58ca676/s0
2023-12-13 18:49:58,756 [Time-limited test] TRACE util.FileUtils (FileUtils.java:deleteFully(318)) - deleteFully: target/test/data/b8de9602/MiniRaftClusterWithGrpce58ca676/s0 does not exist.
2023-12-13 18:49:58,756 [Time-limited test] INFO  impl.MiniRaftCluster (MiniRaftCluster.java:newRaftServer(387)) - Formatted directory target/test/data/b8de9602/MiniRaftClusterWithGrpce58ca676/s0
2023-12-13 18:49:58,756 [Time-limited test] DEBUG server.RaftServer (ServerImplUtils.java:newRaftServer(51)) - newRaftServer: s0, group-E92128DFC347:[]
2023-12-13 18:49:58,756 [Time-limited test] INFO  server.RaftServer (ConfUtils.java:logGet(46)) - raft.rpc.type = GRPC (default)
2023-12-13 18:49:58,756 [Time-limited test] INFO  grpc.GrpcConfigKeys (ConfUtils.java:logFallback(53)) - raft.grpc.admin.host = null (fallback to raft.grpc.server.host)
2023-12-13 18:49:58,757 [Time-limited test] INFO  grpc.GrpcConfigKeys (ConfUtils.java:logFallback(53)) - raft.grpc.admin.port = 40531 (fallback to raft.grpc.server.port)
2023-12-13 18:49:58,757 [Time-limited test] INFO  grpc.GrpcConfigKeys (ConfUtils.java:logFallback(53)) - raft.grpc.client.host = null (fallback to raft.grpc.server.host)
2023-12-13 18:49:58,757 [Time-limited test] INFO  grpc.GrpcConfigKeys (ConfUtils.java:logFallback(53)) - raft.grpc.client.port = 40531 (fallback to raft.grpc.server.port)
2023-12-13 18:49:58,757 [Time-limited test] INFO  grpc.GrpcConfigKeys (ConfUtils.java:logGet(46)) - raft.grpc.server.host = null (default)
2023-12-13 18:49:58,757 [Time-limited test] INFO  grpc.GrpcConfigKeys (ConfUtils.java:logGet(46)) - raft.grpc.server.port = 40531 (custom)
2023-12-13 18:49:58,757 [Time-limited test] INFO  server.GrpcService (ConfUtils.java:logGet(46)) - raft.grpc.message.size.max = 64MB (=67108864) (default)
2023-12-13 18:49:58,757 [Time-limited test] INFO  server.RaftServerConfigKeys (ConfUtils.java:logGet(46)) - raft.server.log.appender.buffer.byte-limit = 4MB (=4194304) (default)
2023-12-13 18:49:58,757 [Time-limited test] INFO  server.GrpcService (ConfUtils.java:logGet(46)) - raft.grpc.flow.control.window = 1MB (=1048576) (default)
2023-12-13 18:49:58,757 [Time-limited test] INFO  server.RaftServerConfigKeys (ConfUtils.java:logGet(46)) - raft.server.rpc.request.timeout = 3000ms (default)
2023-12-13 18:49:58,757 [Time-limited test] INFO  grpc.GrpcConfigKeys (ConfUtils.java:logGet(46)) - raft.grpc.server.heartbeat.channel = true (default)
2023-12-13 18:49:58,757 [Time-limited test] INFO  grpc.GrpcConfigKeys (ConfUtils.java:logGet(46)) - raft.grpc.server.async.request.thread.pool.cached = true (default)
2023-12-13 18:49:58,757 [Time-limited test] INFO  grpc.GrpcConfigKeys (ConfUtils.java:logGet(46)) - raft.grpc.server.async.request.thread.pool.size = 32 (default)
2023-12-13 18:49:58,757 [Time-limited test] INFO  impl.DataStreamServerImpl (ConfUtils.java:logGet(46)) - raft.datastream.type = DISABLED (default)
2023-12-13 18:49:58,758 [Time-limited test] INFO  server.RaftServerConfigKeys (ConfUtils.java:logGet(46)) - raft.server.sleep.deviation.threshold = 300ms (default)
2023-12-13 18:49:58,758 [Time-limited test] INFO  server.RaftServerConfigKeys (ConfUtils.java:logGet(46)) - raft.server.close.threshold = 60s (default)
2023-12-13 18:49:58,758 [Time-limited test] INFO  server.RaftServerConfigKeys (ConfUtils.java:logGet(46)) - raft.server.leaderelection.leader.step-down.wait-time = 10s (default)
2023-12-13 18:49:58,758 [Time-limited test] INFO  server.RaftServerConfigKeys (ConfUtils.java:logGet(46)) - raft.server.storage.dir = [/home/runner/work/ratis/ratis/ratis-test/target/test/data/b8de9602/MiniRaftClusterWithGrpce58ca676/s0] (custom)
2023-12-13 18:49:58,758 [Time-limited test] INFO  server.RaftServerConfigKeys (ConfUtils.java:logGet(46)) - raft.server.threadpool.proxy.cached = true (default)
2023-12-13 18:49:58,758 [Time-limited test] INFO  server.RaftServerConfigKeys (ConfUtils.java:logGet(46)) - raft.server.threadpool.proxy.size = 0 (default)
2023-12-13 18:49:58,759 [Time-limited test] INFO  server.RaftServer (RaftServerProxy.java:addNew(100)) - s0: addNew group-E92128DFC347:[] returns group-E92128DFC347:java.util.concurrent.CompletableFuture@7fbd7601[Not completed]
2023-12-13 18:49:58,759 [s0-groupManagement] INFO  server.RaftServer$Division (RaftServerImpl.java:<init>(256)) - s0: new RaftServerImpl for group-E92128DFC347:[] with BaseStateMachine:uninitialized
2023-12-13 18:49:58,759 [Time-limited test] INFO  impl.MiniRaftCluster (MiniRaftCluster.java:newRaftServer(382)) - newRaftServer: s1, group-E92128DFC347:[], format? true
2023-12-13 18:49:58,759 [s0-groupManagement] INFO  server.RaftServerConfigKeys (ConfUtils.java:logGet(46)) - raft.server.rpc.timeout.min = 1500ms (custom)
2023-12-13 18:49:58,759 [Time-limited test] TRACE util.FileUtils (FileUtils.java:deleteFully(305)) - deleteFully target/test/data/b8de9602/MiniRaftClusterWithGrpce58ca676/s1
2023-12-13 18:49:58,759 [s0-groupManagement] INFO  server.RaftServerConfigKeys (ConfUtils.java:logGet(46)) - raft.server.rpc.timeout.max = 2000ms (custom)
2023-12-13 18:49:58,759 [s0-groupManagement] INFO  server.RaftServerConfigKeys (ConfUtils.java:logGet(46)) - raft.server.rpc.sleep.time = 25ms (default)
2023-12-13 18:49:58,759 [Time-limited test] TRACE util.FileUtils (FileUtils.java:deleteFully(318)) - deleteFully: target/test/data/b8de9602/MiniRaftClusterWithGrpce58ca676/s1 does not exist.
2023-12-13 18:49:58,759 [Time-limited test] INFO  impl.MiniRaftCluster (MiniRaftCluster.java:newRaftServer(387)) - Formatted directory target/test/data/b8de9602/MiniRaftClusterWithGrpce58ca676/s1
2023-12-13 18:49:58,759 [s0-groupManagement] INFO  server.RaftServerConfigKeys (ConfUtils.java:logGet(46)) - raft.server.rpc.slowness.timeout = 60s (default)
2023-12-13 18:49:58,759 [s0-groupManagement] INFO  server.RaftServerConfigKeys (ConfUtils.java:logGet(46)) - raft.server.leaderelection.leader.step-down.wait-time = 10s (default)
2023-12-13 18:49:58,759 [s0-groupManagement] INFO  server.RaftServerConfigKeys (ConfUtils.java:logGet(46)) - raft.server.leaderelection.member.majority-add = false (default)
2023-12-13 18:49:58,759 [s0-groupManagement] INFO  server.RaftServerConfigKeys (ConfUtils.java:logGet(46)) - raft.server.sleep.deviation.threshold = 300ms (default)
2023-12-13 18:49:58,759 [Time-limited test] DEBUG server.RaftServer (ServerImplUtils.java:newRaftServer(51)) - newRaftServer: s1, group-E92128DFC347:[]
2023-12-13 18:49:58,759 [s0-groupManagement] INFO  server.RaftServer$Division (ServerState.java:<init>(113)) - s0@group-E92128DFC347: ConfigurationManager, init=-1: peers:[]|listeners:[], old=null, confs=<EMPTY_MAP>
2023-12-13 18:49:58,759 [Time-limited test] INFO  server.RaftServer (ConfUtils.java:logGet(46)) - raft.rpc.type = GRPC (default)
2023-12-13 18:49:58,759 [s0-groupManagement] INFO  server.RaftServerConfigKeys (ConfUtils.java:logGet(46)) - raft.server.notification.no-leader.timeout = 60s (default)
2023-12-13 18:49:58,759 [s0-groupManagement] INFO  server.RaftServerConfigKeys (ConfUtils.java:logGet(46)) - raft.server.read.timeout = 10s (default)
2023-12-13 18:49:58,759 [Time-limited test] INFO  grpc.GrpcConfigKeys (ConfUtils.java:logFallback(53)) - raft.grpc.admin.host = null (fallback to raft.grpc.server.host)
2023-12-13 18:49:58,759 [s0-groupManagement] INFO  server.RaftServerConfigKeys (ConfUtils.java:logGet(46)) - raft.server.retrycache.expirytime = 60s (default)
2023-12-13 18:49:58,759 [s0-groupManagement] INFO  server.RaftServerConfigKeys (ConfUtils.java:logGet(46)) - raft.server.retrycache.statistics.expirytime = 100ms (default)
2023-12-13 18:49:58,759 [Time-limited test] INFO  grpc.GrpcConfigKeys (ConfUtils.java:logFallback(53)) - raft.grpc.admin.port = 37953 (fallback to raft.grpc.server.port)
2023-12-13 18:49:58,759 [s0-groupManagement] INFO  server.RaftServerConfigKeys (ConfUtils.java:logGet(46)) - raft.server.read.option = DEFAULT (default)
2023-12-13 18:49:58,759 [Time-limited test] INFO  grpc.GrpcConfigKeys (ConfUtils.java:logFallback(53)) - raft.grpc.client.host = null (fallback to raft.grpc.server.host)
2023-12-13 18:49:58,759 [s0-groupManagement] INFO  server.RaftServerConfigKeys (ConfUtils.java:logGet(46)) - raft.server.read.read-after-write-consistent.write-index-cache.expiry-time = 60s (default)
2023-12-13 18:49:58,759 [Time-limited test] INFO  grpc.GrpcConfigKeys (ConfUtils.java:logFallback(53)) - raft.grpc.client.port = 37953 (fallback to raft.grpc.server.port)
2023-12-13 18:49:58,760 [Time-limited test] INFO  grpc.GrpcConfigKeys (ConfUtils.java:logGet(46)) - raft.grpc.server.host = null (default)
2023-12-13 18:49:58,760 [Time-limited test] INFO  grpc.GrpcConfigKeys (ConfUtils.java:logGet(46)) - raft.grpc.server.port = 37953 (custom)
2023-12-13 18:49:58,760 [Time-limited test] INFO  server.GrpcService (ConfUtils.java:logGet(46)) - raft.grpc.message.size.max = 64MB (=67108864) (default)
2023-12-13 18:49:58,760 [Time-limited test] INFO  server.RaftServerConfigKeys (ConfUtils.java:logGet(46)) - raft.server.log.appender.buffer.byte-limit = 4MB (=4194304) (default)
2023-12-13 18:49:58,760 [Time-limited test] INFO  server.GrpcService (ConfUtils.java:logGet(46)) - raft.grpc.flow.control.window = 1MB (=1048576) (default)
2023-12-13 18:49:58,760 [Time-limited test] INFO  server.RaftServerConfigKeys (ConfUtils.java:logGet(46)) - raft.server.rpc.request.timeout = 3000ms (default)
2023-12-13 18:49:58,760 [Time-limited test] INFO  grpc.GrpcConfigKeys (ConfUtils.java:logGet(46)) - raft.grpc.server.heartbeat.channel = true (default)
2023-12-13 18:49:58,760 [Time-limited test] INFO  grpc.GrpcConfigKeys (ConfUtils.java:logGet(46)) - raft.grpc.server.async.request.thread.pool.cached = true (default)
2023-12-13 18:49:58,760 [Time-limited test] INFO  grpc.GrpcConfigKeys (ConfUtils.java:logGet(46)) - raft.grpc.server.async.request.thread.pool.size = 32 (default)
2023-12-13 18:49:58,761 [Time-limited test] INFO  impl.DataStreamServerImpl (ConfUtils.java:logGet(46)) - raft.datastream.type = DISABLED (default)
2023-12-13 18:49:58,761 [Time-limited test] INFO  server.RaftServerConfigKeys (ConfUtils.java:logGet(46)) - raft.server.sleep.deviation.threshold = 300ms (default)
2023-12-13 18:49:58,761 [Time-limited test] INFO  server.RaftServerConfigKeys (ConfUtils.java:logGet(46)) - raft.server.close.threshold = 60s (default)
2023-12-13 18:49:58,761 [Time-limited test] INFO  server.RaftServerConfigKeys (ConfUtils.java:logGet(46)) - raft.server.leaderelection.leader.step-down.wait-time = 10s (default)
2023-12-13 18:49:58,761 [Time-limited test] INFO  server.RaftServerConfigKeys (ConfUtils.java:logGet(46)) - raft.server.storage.dir = [/home/runner/work/ratis/ratis/ratis-test/target/test/data/b8de9602/MiniRaftClusterWithGrpce58ca676/s1] (custom)
2023-12-13 18:49:58,761 [Time-limited test] INFO  server.RaftServerConfigKeys (ConfUtils.java:logGet(46)) - raft.server.threadpool.proxy.cached = true (default)
2023-12-13 18:49:58,761 [Time-limited test] INFO  server.RaftServerConfigKeys (ConfUtils.java:logGet(46)) - raft.server.threadpool.proxy.size = 0 (default)
2023-12-13 18:49:58,761 [Time-limited test] INFO  server.RaftServer (RaftServerProxy.java:addNew(100)) - s1: addNew group-E92128DFC347:[] returns group-E92128DFC347:java.util.concurrent.CompletableFuture@75d305f2[Not completed]
2023-12-13 18:49:58,761 [s1-groupManagement] INFO  server.RaftServer$Division (RaftServerImpl.java:<init>(256)) - s1: new RaftServerImpl for group-E92128DFC347:[] with BaseStateMachine:uninitialized
2023-12-13 18:49:58,761 [Time-limited test] INFO  impl.MiniRaftCluster (MiniRaftCluster.java:newRaftServer(382)) - newRaftServer: s2, group-E92128DFC347:[], format? true
2023-12-13 18:49:58,761 [s1-groupManagement] INFO  server.RaftServerConfigKeys (ConfUtils.java:logGet(46)) - raft.server.rpc.timeout.min = 1500ms (custom)
2023-12-13 18:49:58,761 [Time-limited test] TRACE util.FileUtils (FileUtils.java:deleteFully(305)) - deleteFully target/test/data/b8de9602/MiniRaftClusterWithGrpce58ca676/s2
2023-12-13 18:49:58,761 [s1-groupManagement] INFO  server.RaftServerConfigKeys (ConfUtils.java:logGet(46)) - raft.server.rpc.timeout.max = 2000ms (custom)
2023-12-13 18:49:58,761 [s1-groupManagement] INFO  server.RaftServerConfigKeys (ConfUtils.java:logGet(46)) - raft.server.rpc.sleep.time = 25ms (default)
2023-12-13 18:49:58,761 [Time-limited test] TRACE util.FileUtils (FileUtils.java:deleteFully(318)) - deleteFully: target/test/data/b8de9602/MiniRaftClusterWithGrpce58ca676/s2 does not exist.
2023-12-13 18:49:58,762 [s1-groupManagement] INFO  server.RaftServerConfigKeys (ConfUtils.java:logGet(46)) - raft.server.rpc.slowness.timeout = 60s (default)
2023-12-13 18:49:58,762 [Time-limited test] INFO  impl.MiniRaftCluster (MiniRaftCluster.java:newRaftServer(387)) - Formatted directory target/test/data/b8de9602/MiniRaftClusterWithGrpce58ca676/s2
2023-12-13 18:49:58,762 [Time-limited test] DEBUG server.RaftServer (ServerImplUtils.java:newRaftServer(51)) - newRaftServer: s2, group-E92128DFC347:[]
2023-12-13 18:49:58,762 [Time-limited test] INFO  server.RaftServer (ConfUtils.java:logGet(46)) - raft.rpc.type = GRPC (default)
2023-12-13 18:49:58,762 [Time-limited test] INFO  grpc.GrpcConfigKeys (ConfUtils.java:logFallback(53)) - raft.grpc.admin.host = null (fallback to raft.grpc.server.host)
2023-12-13 18:49:58,762 [Time-limited test] INFO  grpc.GrpcConfigKeys (ConfUtils.java:logFallback(53)) - raft.grpc.admin.port = 44821 (fallback to raft.grpc.server.port)
2023-12-13 18:49:58,762 [Time-limited test] INFO  grpc.GrpcConfigKeys (ConfUtils.java:logFallback(53)) - raft.grpc.client.host = null (fallback to raft.grpc.server.host)
2023-12-13 18:49:58,762 [Time-limited test] INFO  grpc.GrpcConfigKeys (ConfUtils.java:logFallback(53)) - raft.grpc.client.port = 44821 (fallback to raft.grpc.server.port)
2023-12-13 18:49:58,762 [Time-limited test] INFO  grpc.GrpcConfigKeys (ConfUtils.java:logGet(46)) - raft.grpc.server.host = null (default)
2023-12-13 18:49:58,762 [Time-limited test] INFO  grpc.GrpcConfigKeys (ConfUtils.java:logGet(46)) - raft.grpc.server.port = 44821 (custom)
2023-12-13 18:49:58,762 [Time-limited test] INFO  server.GrpcService (ConfUtils.java:logGet(46)) - raft.grpc.message.size.max = 64MB (=67108864) (default)
2023-12-13 18:49:58,762 [s0-groupManagement] INFO  server.RaftServerConfigKeys (ConfUtils.java:logGet(46)) - raft.server.rpc.request.timeout = 3000ms (default)
2023-12-13 18:49:58,762 [Time-limited test] INFO  server.RaftServerConfigKeys (ConfUtils.java:logGet(46)) - raft.server.log.appender.buffer.byte-limit = 4MB (=4194304) (default)
2023-12-13 18:49:58,763 [Time-limited test] INFO  server.GrpcService (ConfUtils.java:logGet(46)) - raft.grpc.flow.control.window = 1MB (=1048576) (default)
2023-12-13 18:49:58,763 [Time-limited test] INFO  server.RaftServerConfigKeys (ConfUtils.java:logGet(46)) - raft.server.rpc.request.timeout = 3000ms (default)
2023-12-13 18:49:58,763 [s0-groupManagement] INFO  server.RaftServerConfigKeys (ConfUtils.java:logGet(46)) - raft.server.log.appender.install.snapshot.enabled = true (default)
2023-12-13 18:49:58,763 [Time-limited test] INFO  grpc.GrpcConfigKeys (ConfUtils.java:logGet(46)) - raft.grpc.server.heartbeat.channel = true (default)
2023-12-13 18:49:58,763 [s0-groupManagement] INFO  server.RaftServerConfigKeys (ConfUtils.java:logGet(46)) - raft.server.threadpool.server.cached = true (default)
2023-12-13 18:49:58,763 [Time-limited test] INFO  grpc.GrpcConfigKeys (ConfUtils.java:logGet(46)) - raft.grpc.server.async.request.thread.pool.cached = true (default)
2023-12-13 18:49:58,763 [s0-groupManagement] INFO  server.RaftServerConfigKeys (ConfUtils.java:logGet(46)) - raft.server.threadpool.server.size = 0 (default)
2023-12-13 18:49:58,763 [Time-limited test] INFO  grpc.GrpcConfigKeys (ConfUtils.java:logGet(46)) - raft.grpc.server.async.request.thread.pool.size = 32 (default)
2023-12-13 18:49:58,763 [s0-groupManagement] INFO  server.RaftServerConfigKeys (ConfUtils.java:logGet(46)) - raft.server.threadpool.client.cached = true (default)
2023-12-13 18:49:58,763 [s0-groupManagement] INFO  server.RaftServerConfigKeys (ConfUtils.java:logGet(46)) - raft.server.threadpool.client.size = 0 (default)
2023-12-13 18:49:58,763 [s1-groupManagement] INFO  server.RaftServerConfigKeys (ConfUtils.java:logGet(46)) - raft.server.leaderelection.leader.step-down.wait-time = 10s (default)
2023-12-13 18:49:58,763 [s1-groupManagement] INFO  server.RaftServerConfigKeys (ConfUtils.java:logGet(46)) - raft.server.leaderelection.member.majority-add = false (default)
2023-12-13 18:49:58,763 [s1-groupManagement] INFO  server.RaftServerConfigKeys (ConfUtils.java:logGet(46)) - raft.server.sleep.deviation.threshold = 300ms (default)
2023-12-13 18:49:58,763 [s1-groupManagement] INFO  server.RaftServer$Division (ServerState.java:<init>(113)) - s1@group-E92128DFC347: ConfigurationManager, init=-1: peers:[]|listeners:[], old=null, confs=<EMPTY_MAP>
2023-12-13 18:49:58,763 [s1-groupManagement] INFO  server.RaftServerConfigKeys (ConfUtils.java:logGet(46)) - raft.server.notification.no-leader.timeout = 60s (default)
2023-12-13 18:49:58,763 [s1-groupManagement] INFO  server.RaftServerConfigKeys (ConfUtils.java:logGet(46)) - raft.server.read.timeout = 10s (default)
2023-12-13 18:49:58,763 [s1-groupManagement] INFO  server.RaftServerConfigKeys (ConfUtils.java:logGet(46)) - raft.server.retrycache.expirytime = 60s (default)
2023-12-13 18:49:58,763 [s1-groupManagement] INFO  server.RaftServerConfigKeys (ConfUtils.java:logGet(46)) - raft.server.retrycache.statistics.expirytime = 100ms (default)
2023-12-13 18:49:58,763 [Time-limited test] INFO  impl.DataStreamServerImpl (ConfUtils.java:logGet(46)) - raft.datastream.type = DISABLED (default)
2023-12-13 18:49:58,763 [s1-groupManagement] INFO  server.RaftServerConfigKeys (ConfUtils.java:logGet(46)) - raft.server.read.option = DEFAULT (default)
2023-12-13 18:49:58,763 [Time-limited test] INFO  server.RaftServerConfigKeys (ConfUtils.java:logGet(46)) - raft.server.sleep.deviation.threshold = 300ms (default)
2023-12-13 18:49:58,763 [s1-groupManagement] INFO  server.RaftServerConfigKeys (ConfUtils.java:logGet(46)) - raft.server.read.read-after-write-consistent.write-index-cache.expiry-time = 60s (default)
2023-12-13 18:49:58,764 [Time-limited test] INFO  server.RaftServerConfigKeys (ConfUtils.java:logGet(46)) - raft.server.close.threshold = 60s (default)
2023-12-13 18:49:58,764 [Time-limited test] INFO  server.RaftServerConfigKeys (ConfUtils.java:logGet(46)) - raft.server.leaderelection.leader.step-down.wait-time = 10s (default)
2023-12-13 18:49:58,764 [Time-limited test] INFO  server.RaftServerConfigKeys (ConfUtils.java:logGet(46)) - raft.server.storage.dir = [/home/runner/work/ratis/ratis/ratis-test/target/test/data/b8de9602/MiniRaftClusterWithGrpce58ca676/s2] (custom)
2023-12-13 18:49:58,764 [Time-limited test] INFO  server.RaftServerConfigKeys (ConfUtils.java:logGet(46)) - raft.server.threadpool.proxy.cached = true (default)
2023-12-13 18:49:58,764 [Time-limited test] INFO  server.RaftServerConfigKeys (ConfUtils.java:logGet(46)) - raft.server.threadpool.proxy.size = 0 (default)
2023-12-13 18:49:58,765 [s1-groupManagement] INFO  server.RaftServerConfigKeys (ConfUtils.java:logGet(46)) - raft.server.rpc.request.timeout = 3000ms (default)
2023-12-13 18:49:58,765 [s1-groupManagement] INFO  server.RaftServerConfigKeys (ConfUtils.java:logGet(46)) - raft.server.log.appender.install.snapshot.enabled = true (default)
2023-12-13 18:49:58,765 [s1-groupManagement] INFO  server.RaftServerConfigKeys (ConfUtils.java:logGet(46)) - raft.server.threadpool.server.cached = true (default)
2023-12-13 18:49:58,766 [s1-groupManagement] INFO  server.RaftServerConfigKeys (ConfUtils.java:logGet(46)) - raft.server.threadpool.server.size = 0 (default)
2023-12-13 18:49:58,766 [s1-groupManagement] INFO  server.RaftServerConfigKeys (ConfUtils.java:logGet(46)) - raft.server.threadpool.client.cached = true (default)
2023-12-13 18:49:58,766 [s1-groupManagement] INFO  server.RaftServerConfigKeys (ConfUtils.java:logGet(46)) - raft.server.threadpool.client.size = 0 (default)
2023-12-13 18:49:58,766 [Time-limited test] INFO  server.RaftServer (RaftServerProxy.java:addNew(100)) - s2: addNew group-E92128DFC347:[] returns group-E92128DFC347:java.util.concurrent.CompletableFuture@1c8c7676[Not completed]
2023-12-13 18:49:58,766 [Time-limited test] INFO  impl.MiniRaftCluster (MiniRaftCluster.java:newRaftServer(382)) - newRaftServer: s3, group-E92128DFC347:[], format? true
2023-12-13 18:49:58,766 [Time-limited test] TRACE util.FileUtils (FileUtils.java:deleteFully(305)) - deleteFully target/test/data/b8de9602/MiniRaftClusterWithGrpce58ca676/s3
2023-12-13 18:49:58,766 [Time-limited test] TRACE util.FileUtils (FileUtils.java:deleteFully(318)) - deleteFully: target/test/data/b8de9602/MiniRaftClusterWithGrpce58ca676/s3 does not exist.
2023-12-13 18:49:58,766 [Time-limited test] INFO  impl.MiniRaftCluster (MiniRaftCluster.java:newRaftServer(387)) - Formatted directory target/test/data/b8de9602/MiniRaftClusterWithGrpce58ca676/s3
2023-12-13 18:49:58,766 [Time-limited test] DEBUG server.RaftServer (ServerImplUtils.java:newRaftServer(51)) - newRaftServer: s3, group-E92128DFC347:[]
2023-12-13 18:49:58,766 [Time-limited test] INFO  server.RaftServer (ConfUtils.java:logGet(46)) - raft.rpc.type = GRPC (default)
2023-12-13 18:49:58,766 [Time-limited test] INFO  grpc.GrpcConfigKeys (ConfUtils.java:logFallback(53)) - raft.grpc.admin.host = null (fallback to raft.grpc.server.host)
2023-12-13 18:49:58,766 [Time-limited test] INFO  grpc.GrpcConfigKeys (ConfUtils.java:logFallback(53)) - raft.grpc.admin.port = 43047 (fallback to raft.grpc.server.port)
2023-12-13 18:49:58,767 [Time-limited test] INFO  grpc.GrpcConfigKeys (ConfUtils.java:logFallback(53)) - raft.grpc.client.host = null (fallback to raft.grpc.server.host)
2023-12-13 18:49:58,767 [Time-limited test] INFO  grpc.GrpcConfigKeys (ConfUtils.java:logFallback(53)) - raft.grpc.client.port = 43047 (fallback to raft.grpc.server.port)
2023-12-13 18:49:58,767 [Time-limited test] INFO  grpc.GrpcConfigKeys (ConfUtils.java:logGet(46)) - raft.grpc.server.host = null (default)
2023-12-13 18:49:58,767 [Time-limited test] INFO  grpc.GrpcConfigKeys (ConfUtils.java:logGet(46)) - raft.grpc.server.port = 43047 (custom)
2023-12-13 18:49:58,767 [Time-limited test] INFO  server.GrpcService (ConfUtils.java:logGet(46)) - raft.grpc.message.size.max = 64MB (=67108864) (default)
2023-12-13 18:49:58,767 [Time-limited test] INFO  server.RaftServerConfigKeys (ConfUtils.java:logGet(46)) - raft.server.log.appender.buffer.byte-limit = 4MB (=4194304) (default)
2023-12-13 18:49:58,767 [Time-limited test] INFO  server.GrpcService (ConfUtils.java:logGet(46)) - raft.grpc.flow.control.window = 1MB (=1048576) (default)
2023-12-13 18:49:58,767 [Time-limited test] INFO  server.RaftServerConfigKeys (ConfUtils.java:logGet(46)) - raft.server.rpc.request.timeout = 3000ms (default)
2023-12-13 18:49:58,767 [Time-limited test] INFO  grpc.GrpcConfigKeys (ConfUtils.java:logGet(46)) - raft.grpc.server.heartbeat.channel = true (default)
2023-12-13 18:49:58,767 [Time-limited test] INFO  grpc.GrpcConfigKeys (ConfUtils.java:logGet(46)) - raft.grpc.server.async.request.thread.pool.cached = true (default)
2023-12-13 18:49:58,767 [Time-limited test] INFO  grpc.GrpcConfigKeys (ConfUtils.java:logGet(46)) - raft.grpc.server.async.request.thread.pool.size = 32 (default)
2023-12-13 18:49:58,768 [Time-limited test] INFO  impl.DataStreamServerImpl (ConfUtils.java:logGet(46)) - raft.datastream.type = DISABLED (default)
2023-12-13 18:49:58,768 [Time-limited test] INFO  server.RaftServerConfigKeys (ConfUtils.java:logGet(46)) - raft.server.sleep.deviation.threshold = 300ms (default)
2023-12-13 18:49:58,768 [Time-limited test] INFO  server.RaftServerConfigKeys (ConfUtils.java:logGet(46)) - raft.server.close.threshold = 60s (default)
2023-12-13 18:49:58,768 [Time-limited test] INFO  server.RaftServerConfigKeys (ConfUtils.java:logGet(46)) - raft.server.leaderelection.leader.step-down.wait-time = 10s (default)
2023-12-13 18:49:58,768 [Time-limited test] INFO  server.RaftServerConfigKeys (ConfUtils.java:logGet(46)) - raft.server.storage.dir = [/home/runner/work/ratis/ratis/ratis-test/target/test/data/b8de9602/MiniRaftClusterWithGrpce58ca676/s3] (custom)
2023-12-13 18:49:58,768 [Time-limited test] INFO  server.RaftServerConfigKeys (ConfUtils.java:logGet(46)) - raft.server.threadpool.proxy.cached = true (default)
2023-12-13 18:49:58,768 [Time-limited test] INFO  server.RaftServerConfigKeys (ConfUtils.java:logGet(46)) - raft.server.threadpool.proxy.size = 0 (default)
2023-12-13 18:49:58,768 [s2-groupManagement] INFO  server.RaftServer$Division (RaftServerImpl.java:<init>(256)) - s2: new RaftServerImpl for group-E92128DFC347:[] with BaseStateMachine:uninitialized
2023-12-13 18:49:58,768 [s2-groupManagement] INFO  server.RaftServerConfigKeys (ConfUtils.java:logGet(46)) - raft.server.rpc.timeout.min = 1500ms (custom)
2023-12-13 18:49:58,768 [s2-groupManagement] INFO  server.RaftServerConfigKeys (ConfUtils.java:logGet(46)) - raft.server.rpc.timeout.max = 2000ms (custom)
2023-12-13 18:49:58,768 [Time-limited test] INFO  server.RaftServer (RaftServerProxy.java:addNew(100)) - s3: addNew group-E92128DFC347:[] returns group-E92128DFC347:java.util.concurrent.CompletableFuture@23055e2c[Not completed]
2023-12-13 18:49:58,769 [s3-groupManagement] INFO  server.RaftServer$Division (RaftServerImpl.java:<init>(256)) - s3: new RaftServerImpl for group-E92128DFC347:[] with BaseStateMachine:uninitialized
2023-12-13 18:49:58,769 [Time-limited test] INFO  impl.MiniRaftCluster (MiniRaftCluster.java:newRaftServer(382)) - newRaftServer: s4, group-E92128DFC347:[], format? true
2023-12-13 18:49:58,769 [s3-groupManagement] INFO  server.RaftServerConfigKeys (ConfUtils.java:logGet(46)) - raft.server.rpc.timeout.min = 1500ms (custom)
2023-12-13 18:49:58,769 [Time-limited test] TRACE util.FileUtils (FileUtils.java:deleteFully(305)) - deleteFully target/test/data/b8de9602/MiniRaftClusterWithGrpce58ca676/s4
2023-12-13 18:49:58,769 [s3-groupManagement] INFO  server.RaftServerConfigKeys (ConfUtils.java:logGet(46)) - raft.server.rpc.timeout.max = 2000ms (custom)
2023-12-13 18:49:58,769 [s2-groupManagement] INFO  server.RaftServerConfigKeys (ConfUtils.java:logGet(46)) - raft.server.rpc.sleep.time = 25ms (default)
2023-12-13 18:49:58,770 [s3-groupManagement] INFO  server.RaftServerConfigKeys (ConfUtils.java:logGet(46)) - raft.server.rpc.sleep.time = 25ms (default)
2023-12-13 18:49:58,770 [s2-groupManagement] INFO  server.RaftServerConfigKeys (ConfUtils.java:logGet(46)) - raft.server.rpc.slowness.timeout = 60s (default)
2023-12-13 18:49:58,770 [s3-groupManagement] INFO  server.RaftServerConfigKeys (ConfUtils.java:logGet(46)) - raft.server.rpc.slowness.timeout = 60s (default)
2023-12-13 18:49:58,770 [s2-groupManagement] INFO  server.RaftServerConfigKeys (ConfUtils.java:logGet(46)) - raft.server.leaderelection.leader.step-down.wait-time = 10s (default)
2023-12-13 18:49:58,770 [s3-groupManagement] INFO  server.RaftServerConfigKeys (ConfUtils.java:logGet(46)) - raft.server.leaderelection.leader.step-down.wait-time = 10s (default)
2023-12-13 18:49:58,770 [s2-groupManagement] INFO  server.RaftServerConfigKeys (ConfUtils.java:logGet(46)) - raft.server.leaderelection.member.majority-add = false (default)
2023-12-13 18:49:58,771 [s3-groupManagement] INFO  server.RaftServerConfigKeys (ConfUtils.java:logGet(46)) - raft.server.leaderelection.member.majority-add = false (default)
2023-12-13 18:49:58,771 [s2-groupManagement] INFO  server.RaftServerConfigKeys (ConfUtils.java:logGet(46)) - raft.server.sleep.deviation.threshold = 300ms (default)
2023-12-13 18:49:58,771 [s3-groupManagement] INFO  server.RaftServerConfigKeys (ConfUtils.java:logGet(46)) - raft.server.sleep.deviation.threshold = 300ms (default)
2023-12-13 18:49:58,769 [Time-limited test] TRACE util.FileUtils (FileUtils.java:deleteFully(318)) - deleteFully: target/test/data/b8de9602/MiniRaftClusterWithGrpce58ca676/s4 does not exist.
2023-12-13 18:49:58,771 [Time-limited test] INFO  impl.MiniRaftCluster (MiniRaftCluster.java:newRaftServer(387)) - Formatted directory target/test/data/b8de9602/MiniRaftClusterWithGrpce58ca676/s4
2023-12-13 18:49:58,771 [s3-groupManagement] INFO  server.RaftServer$Division (ServerState.java:<init>(113)) - s3@group-E92128DFC347: ConfigurationManager, init=-1: peers:[]|listeners:[], old=null, confs=<EMPTY_MAP>
2023-12-13 18:49:58,771 [s3-groupManagement] INFO  server.RaftServerConfigKeys (ConfUtils.java:logGet(46)) - raft.server.notification.no-leader.timeout = 60s (default)
2023-12-13 18:49:58,771 [Time-limited test] DEBUG server.RaftServer (ServerImplUtils.java:newRaftServer(51)) - newRaftServer: s4, group-E92128DFC347:[]
2023-12-13 18:49:58,771 [s3-groupManagement] INFO  server.RaftServerConfigKeys (ConfUtils.java:logGet(46)) - raft.server.read.timeout = 10s (default)
2023-12-13 18:49:58,771 [Time-limited test] INFO  server.RaftServer (ConfUtils.java:logGet(46)) - raft.rpc.type = GRPC (default)
2023-12-13 18:49:58,771 [s3-groupManagement] INFO  server.RaftServerConfigKeys (ConfUtils.java:logGet(46)) - raft.server.retrycache.expirytime = 60s (default)
2023-12-13 18:49:58,771 [Time-limited test] INFO  grpc.GrpcConfigKeys (ConfUtils.java:logFallback(53)) - raft.grpc.admin.host = null (fallback to raft.grpc.server.host)
2023-12-13 18:49:58,771 [s3-groupManagement] INFO  server.RaftServerConfigKeys (ConfUtils.java:logGet(46)) - raft.server.retrycache.statistics.expirytime = 100ms (default)
2023-12-13 18:49:58,771 [s2-groupManagement] INFO  server.RaftServer$Division (ServerState.java:<init>(113)) - s2@group-E92128DFC347: ConfigurationManager, init=-1: peers:[]|listeners:[], old=null, confs=<EMPTY_MAP>
2023-12-13 18:49:58,771 [s3-groupManagement] INFO  server.RaftServerConfigKeys (ConfUtils.java:logGet(46)) - raft.server.read.option = DEFAULT (default)
2023-12-13 18:49:58,772 [s2-groupManagement] INFO  server.RaftServerConfigKeys (ConfUtils.java:logGet(46)) - raft.server.notification.no-leader.timeout = 60s (default)
2023-12-13 18:49:58,771 [Time-limited test] INFO  grpc.GrpcConfigKeys (ConfUtils.java:logFallback(53)) - raft.grpc.admin.port = 36395 (fallback to raft.grpc.server.port)
2023-12-13 18:49:58,772 [s2-groupManagement] INFO  server.RaftServerConfigKeys (ConfUtils.java:logGet(46)) - raft.server.read.timeout = 10s (default)
2023-12-13 18:49:58,772 [Time-limited test] INFO  grpc.GrpcConfigKeys (ConfUtils.java:logFallback(53)) - raft.grpc.client.host = null (fallback to raft.grpc.server.host)
2023-12-13 18:49:58,772 [s2-groupManagement] INFO  server.RaftServerConfigKeys (ConfUtils.java:logGet(46)) - raft.server.retrycache.expirytime = 60s (default)
2023-12-13 18:49:58,772 [Time-limited test] INFO  grpc.GrpcConfigKeys (ConfUtils.java:logFallback(53)) - raft.grpc.client.port = 36395 (fallback to raft.grpc.server.port)
2023-12-13 18:49:58,772 [s2-groupManagement] INFO  server.RaftServerConfigKeys (ConfUtils.java:logGet(46)) - raft.server.retrycache.statistics.expirytime = 100ms (default)
2023-12-13 18:49:58,772 [Time-limited test] INFO  grpc.GrpcConfigKeys (ConfUtils.java:logGet(46)) - raft.grpc.server.host = null (default)
2023-12-13 18:49:58,772 [s2-groupManagement] INFO  server.RaftServerConfigKeys (ConfUtils.java:logGet(46)) - raft.server.read.option = DEFAULT (default)
2023-12-13 18:49:58,772 [s2-groupManagement] INFO  server.RaftServerConfigKeys (ConfUtils.java:logGet(46)) - raft.server.read.read-after-write-consistent.write-index-cache.expiry-time = 60s (default)
2023-12-13 18:49:58,772 [Time-limited test] INFO  grpc.GrpcConfigKeys (ConfUtils.java:logGet(46)) - raft.grpc.server.port = 36395 (custom)
2023-12-13 18:49:58,772 [Time-limited test] INFO  server.GrpcService (ConfUtils.java:logGet(46)) - raft.grpc.message.size.max = 64MB (=67108864) (default)
2023-12-13 18:49:58,772 [Time-limited test] INFO  server.RaftServerConfigKeys (ConfUtils.java:logGet(46)) - raft.server.log.appender.buffer.byte-limit = 4MB (=4194304) (default)
2023-12-13 18:49:58,772 [Time-limited test] INFO  server.GrpcService (ConfUtils.java:logGet(46)) - raft.grpc.flow.control.window = 1MB (=1048576) (default)
2023-12-13 18:49:58,772 [s3-groupManagement] INFO  server.RaftServerConfigKeys (ConfUtils.java:logGet(46)) - raft.server.read.read-after-write-consistent.write-index-cache.expiry-time = 60s (default)
2023-12-13 18:49:58,772 [Time-limited test] INFO  server.RaftServerConfigKeys (ConfUtils.java:logGet(46)) - raft.server.rpc.request.timeout = 3000ms (default)
2023-12-13 18:49:58,772 [Time-limited test] INFO  grpc.GrpcConfigKeys (ConfUtils.java:logGet(46)) - raft.grpc.server.heartbeat.channel = true (default)
2023-12-13 18:49:58,772 [Time-limited test] INFO  grpc.GrpcConfigKeys (ConfUtils.java:logGet(46)) - raft.grpc.server.async.request.thread.pool.cached = true (default)
2023-12-13 18:49:58,773 [Time-limited test] INFO  grpc.GrpcConfigKeys (ConfUtils.java:logGet(46)) - raft.grpc.server.async.request.thread.pool.size = 32 (default)
2023-12-13 18:49:58,773 [s2-groupManagement] INFO  server.RaftServerConfigKeys (ConfUtils.java:logGet(46)) - raft.server.rpc.request.timeout = 3000ms (default)
2023-12-13 18:49:58,773 [s2-groupManagement] INFO  server.RaftServerConfigKeys (ConfUtils.java:logGet(46)) - raft.server.log.appender.install.snapshot.enabled = true (default)
2023-12-13 18:49:58,773 [s2-groupManagement] INFO  server.RaftServerConfigKeys (ConfUtils.java:logGet(46)) - raft.server.threadpool.server.cached = true (default)
2023-12-13 18:49:58,773 [s2-groupManagement] INFO  server.RaftServerConfigKeys (ConfUtils.java:logGet(46)) - raft.server.threadpool.server.size = 0 (default)
2023-12-13 18:49:58,773 [s2-groupManagement] INFO  server.RaftServerConfigKeys (ConfUtils.java:logGet(46)) - raft.server.threadpool.client.cached = true (default)
2023-12-13 18:49:58,773 [s2-groupManagement] INFO  server.RaftServerConfigKeys (ConfUtils.java:logGet(46)) - raft.server.threadpool.client.size = 0 (default)
2023-12-13 18:49:58,773 [Time-limited test] INFO  impl.DataStreamServerImpl (ConfUtils.java:logGet(46)) - raft.datastream.type = DISABLED (default)
2023-12-13 18:49:58,773 [Time-limited test] INFO  server.RaftServerConfigKeys (ConfUtils.java:logGet(46)) - raft.server.sleep.deviation.threshold = 300ms (default)
2023-12-13 18:49:58,773 [Time-limited test] INFO  server.RaftServerConfigKeys (ConfUtils.java:logGet(46)) - raft.server.close.threshold = 60s (default)
2023-12-13 18:49:58,773 [Time-limited test] INFO  server.RaftServerConfigKeys (ConfUtils.java:logGet(46)) - raft.server.leaderelection.leader.step-down.wait-time = 10s (default)
2023-12-13 18:49:58,773 [Time-limited test] INFO  server.RaftServerConfigKeys (ConfUtils.java:logGet(46)) - raft.server.storage.dir = [/home/runner/work/ratis/ratis/ratis-test/target/test/data/b8de9602/MiniRaftClusterWithGrpce58ca676/s4] (custom)
2023-12-13 18:49:58,773 [Time-limited test] INFO  server.RaftServerConfigKeys (ConfUtils.java:logGet(46)) - raft.server.threadpool.proxy.cached = true (default)
2023-12-13 18:49:58,773 [Time-limited test] INFO  server.RaftServerConfigKeys (ConfUtils.java:logGet(46)) - raft.server.threadpool.proxy.size = 0 (default)
2023-12-13 18:49:58,774 [Time-limited test] INFO  server.RaftServer (RaftServerProxy.java:addNew(100)) - s4: addNew group-E92128DFC347:[] returns group-E92128DFC347:java.util.concurrent.CompletableFuture@202ec2e1[Not completed]
2023-12-13 18:49:58,774 [s4-groupManagement] INFO  server.RaftServer$Division (RaftServerImpl.java:<init>(256)) - s4: new RaftServerImpl for group-E92128DFC347:[] with BaseStateMachine:uninitialized
2023-12-13 18:49:58,774 [Time-limited test] INFO  impl.MiniRaftCluster (MiniRaftCluster.java:newRaftServer(382)) - newRaftServer: s5, group-E92128DFC347:[], format? true
2023-12-13 18:49:58,774 [s4-groupManagement] INFO  server.RaftServerConfigKeys (ConfUtils.java:logGet(46)) - raft.server.rpc.timeout.min = 1500ms (custom)
2023-12-13 18:49:58,774 [Time-limited test] TRACE util.FileUtils (FileUtils.java:deleteFully(305)) - deleteFully target/test/data/b8de9602/MiniRaftClusterWithGrpce58ca676/s5
2023-12-13 18:49:58,774 [s4-groupManagement] INFO  server.RaftServerConfigKeys (ConfUtils.java:logGet(46)) - raft.server.rpc.timeout.max = 2000ms (custom)
2023-12-13 18:49:58,774 [Time-limited test] TRACE util.FileUtils (FileUtils.java:deleteFully(318)) - deleteFully: target/test/data/b8de9602/MiniRaftClusterWithGrpce58ca676/s5 does not exist.
2023-12-13 18:49:58,775 [Time-limited test] INFO  impl.MiniRaftCluster (MiniRaftCluster.java:newRaftServer(387)) - Formatted directory target/test/data/b8de9602/MiniRaftClusterWithGrpce58ca676/s5
2023-12-13 18:49:58,774 [s3-groupManagement] INFO  server.RaftServerConfigKeys (ConfUtils.java:logGet(46)) - raft.server.rpc.request.timeout = 3000ms (default)
2023-12-13 18:49:58,775 [s4-groupManagement] INFO  server.RaftServerConfigKeys (ConfUtils.java:logGet(46)) - raft.server.rpc.sleep.time = 25ms (default)
2023-12-13 18:49:58,775 [Time-limited test] DEBUG server.RaftServer (ServerImplUtils.java:newRaftServer(51)) - newRaftServer: s5, group-E92128DFC347:[]
2023-12-13 18:49:58,775 [s3-groupManagement] INFO  server.RaftServerConfigKeys (ConfUtils.java:logGet(46)) - raft.server.log.appender.install.snapshot.enabled = true (default)
2023-12-13 18:49:58,775 [Time-limited test] INFO  server.RaftServer (ConfUtils.java:logGet(46)) - raft.rpc.type = GRPC (default)
2023-12-13 18:49:58,775 [s3-groupManagement] INFO  server.RaftServerConfigKeys (ConfUtils.java:logGet(46)) - raft.server.threadpool.server.cached = true (default)
2023-12-13 18:49:58,775 [s4-groupManagement] INFO  server.RaftServerConfigKeys (ConfUtils.java:logGet(46)) - raft.server.rpc.slowness.timeout = 60s (default)
2023-12-13 18:49:58,775 [s3-groupManagement] INFO  server.RaftServerConfigKeys (ConfUtils.java:logGet(46)) - raft.server.threadpool.server.size = 0 (default)
2023-12-13 18:49:58,776 [s4-groupManagement] INFO  server.RaftServerConfigKeys (ConfUtils.java:logGet(46)) - raft.server.leaderelection.leader.step-down.wait-time = 10s (default)
2023-12-13 18:49:58,776 [s3-groupManagement] INFO  server.RaftServerConfigKeys (ConfUtils.java:logGet(46)) - raft.server.threadpool.client.cached = true (default)
2023-12-13 18:49:58,775 [Time-limited test] INFO  grpc.GrpcConfigKeys (ConfUtils.java:logFallback(53)) - raft.grpc.admin.host = null (fallback to raft.grpc.server.host)
2023-12-13 18:49:58,776 [s3-groupManagement] INFO  server.RaftServerConfigKeys (ConfUtils.java:logGet(46)) - raft.server.threadpool.client.size = 0 (default)
2023-12-13 18:49:58,776 [Time-limited test] INFO  grpc.GrpcConfigKeys (ConfUtils.java:logFallback(53)) - raft.grpc.admin.port = 40741 (fallback to raft.grpc.server.port)
2023-12-13 18:49:58,776 [s4-groupManagement] INFO  server.RaftServerConfigKeys (ConfUtils.java:logGet(46)) - raft.server.leaderelection.member.majority-add = false (default)
2023-12-13 18:49:58,776 [Time-limited test] INFO  grpc.GrpcConfigKeys (ConfUtils.java:logFallback(53)) - raft.grpc.client.host = null (fallback to raft.grpc.server.host)
2023-12-13 18:49:58,776 [s4-groupManagement] INFO  server.RaftServerConfigKeys (ConfUtils.java:logGet(46)) - raft.server.sleep.deviation.threshold = 300ms (default)
2023-12-13 18:49:58,776 [Time-limited test] INFO  grpc.GrpcConfigKeys (ConfUtils.java:logFallback(53)) - raft.grpc.client.port = 40741 (fallback to raft.grpc.server.port)
2023-12-13 18:49:58,776 [s4-groupManagement] INFO  server.RaftServer$Division (ServerState.java:<init>(113)) - s4@group-E92128DFC347: ConfigurationManager, init=-1: peers:[]|listeners:[], old=null, confs=<EMPTY_MAP>
2023-12-13 18:49:58,776 [Time-limited test] INFO  grpc.GrpcConfigKeys (ConfUtils.java:logGet(46)) - raft.grpc.server.host = null (default)
2023-12-13 18:49:58,776 [s4-groupManagement] INFO  server.RaftServerConfigKeys (ConfUtils.java:logGet(46)) - raft.server.notification.no-leader.timeout = 60s (default)
2023-12-13 18:49:58,776 [Time-limited test] INFO  grpc.GrpcConfigKeys (ConfUtils.java:logGet(46)) - raft.grpc.server.port = 40741 (custom)
2023-12-13 18:49:58,776 [s4-groupManagement] INFO  server.RaftServerConfigKeys (ConfUtils.java:logGet(46)) - raft.server.read.timeout = 10s (default)
2023-12-13 18:49:58,776 [Time-limited test] INFO  server.GrpcService (ConfUtils.java:logGet(46)) - raft.grpc.message.size.max = 64MB (=67108864) (default)
2023-12-13 18:49:58,776 [s4-groupManagement] INFO  server.RaftServerConfigKeys (ConfUtils.java:logGet(46)) - raft.server.retrycache.expirytime = 60s (default)
2023-12-13 18:49:58,776 [Time-limited test] INFO  server.RaftServerConfigKeys (ConfUtils.java:logGet(46)) - raft.server.log.appender.buffer.byte-limit = 4MB (=4194304) (default)
2023-12-13 18:49:58,776 [s4-groupManagement] INFO  server.RaftServerConfigKeys (ConfUtils.java:logGet(46)) - raft.server.retrycache.statistics.expirytime = 100ms (default)
2023-12-13 18:49:58,776 [Time-limited test] INFO  server.GrpcService (ConfUtils.java:logGet(46)) - raft.grpc.flow.control.window = 1MB (=1048576) (default)
2023-12-13 18:49:58,777 [s4-groupManagement] INFO  server.RaftServerConfigKeys (ConfUtils.java:logGet(46)) - raft.server.read.option = DEFAULT (default)
2023-12-13 18:49:58,777 [Time-limited test] INFO  server.RaftServerConfigKeys (ConfUtils.java:logGet(46)) - raft.server.rpc.request.timeout = 3000ms (default)
2023-12-13 18:49:58,777 [s4-groupManagement] INFO  server.RaftServerConfigKeys (ConfUtils.java:logGet(46)) - raft.server.read.read-after-write-consistent.write-index-cache.expiry-time = 60s (default)
2023-12-13 18:49:58,777 [Time-limited test] INFO  grpc.GrpcConfigKeys (ConfUtils.java:logGet(46)) - raft.grpc.server.heartbeat.channel = true (default)
2023-12-13 18:49:58,777 [Time-limited test] INFO  grpc.GrpcConfigKeys (ConfUtils.java:logGet(46)) - raft.grpc.server.async.request.thread.pool.cached = true (default)
2023-12-13 18:49:58,777 [Time-limited test] INFO  grpc.GrpcConfigKeys (ConfUtils.java:logGet(46)) - raft.grpc.server.async.request.thread.pool.size = 32 (default)
2023-12-13 18:49:58,778 [s4-groupManagement] INFO  server.RaftServerConfigKeys (ConfUtils.java:logGet(46)) - raft.server.rpc.request.timeout = 3000ms (default)
2023-12-13 18:49:58,778 [s4-groupManagement] INFO  server.RaftServerConfigKeys (ConfUtils.java:logGet(46)) - raft.server.log.appender.install.snapshot.enabled = true (default)
2023-12-13 18:49:58,778 [s4-groupManagement] INFO  server.RaftServerConfigKeys (ConfUtils.java:logGet(46)) - raft.server.threadpool.server.cached = true (default)
2023-12-13 18:49:58,778 [s4-groupManagement] INFO  server.RaftServerConfigKeys (ConfUtils.java:logGet(46)) - raft.server.threadpool.server.size = 0 (default)
2023-12-13 18:49:58,778 [Time-limited test] INFO  impl.DataStreamServerImpl (ConfUtils.java:logGet(46)) - raft.datastream.type = DISABLED (default)
2023-12-13 18:49:58,778 [s4-groupManagement] INFO  server.RaftServerConfigKeys (ConfUtils.java:logGet(46)) - raft.server.threadpool.client.cached = true (default)
2023-12-13 18:49:58,778 [Time-limited test] INFO  server.RaftServerConfigKeys (ConfUtils.java:logGet(46)) - raft.server.sleep.deviation.threshold = 300ms (default)
2023-12-13 18:49:58,778 [s4-groupManagement] INFO  server.RaftServerConfigKeys (ConfUtils.java:logGet(46)) - raft.server.threadpool.client.size = 0 (default)
2023-12-13 18:49:58,778 [Time-limited test] INFO  server.RaftServerConfigKeys (ConfUtils.java:logGet(46)) - raft.server.close.threshold = 60s (default)
2023-12-13 18:49:58,778 [Time-limited test] INFO  server.RaftServerConfigKeys (ConfUtils.java:logGet(46)) - raft.server.leaderelection.leader.step-down.wait-time = 10s (default)
2023-12-13 18:49:58,778 [Time-limited test] INFO  server.RaftServerConfigKeys (ConfUtils.java:logGet(46)) - raft.server.storage.dir = [/home/runner/work/ratis/ratis/ratis-test/target/test/data/b8de9602/MiniRaftClusterWithGrpce58ca676/s5] (custom)
2023-12-13 18:49:58,778 [Time-limited test] INFO  server.RaftServerConfigKeys (ConfUtils.java:logGet(46)) - raft.server.threadpool.proxy.cached = true (default)
2023-12-13 18:49:58,778 [Time-limited test] INFO  server.RaftServerConfigKeys (ConfUtils.java:logGet(46)) - raft.server.threadpool.proxy.size = 0 (default)
2023-12-13 18:49:58,778 [Time-limited test] INFO  server.RaftServer (RaftServerProxy.java:addNew(100)) - s5: addNew group-E92128DFC347:[] returns group-E92128DFC347:java.util.concurrent.CompletableFuture@33d9cc09[Not completed]
2023-12-13 18:49:58,779 [s5-groupManagement] INFO  server.RaftServer$Division (RaftServerImpl.java:<init>(256)) - s5: new RaftServerImpl for group-E92128DFC347:[] with BaseStateMachine:uninitialized
2023-12-13 18:49:58,779 [Time-limited test] INFO  impl.MiniRaftCluster (MiniRaftCluster.java:newRaftServer(382)) - newRaftServer: s6, group-E92128DFC347:[], format? true
2023-12-13 18:49:58,779 [Time-limited test] TRACE util.FileUtils (FileUtils.java:deleteFully(305)) - deleteFully target/test/data/b8de9602/MiniRaftClusterWithGrpce58ca676/s6
2023-12-13 18:49:58,779 [s5-groupManagement] INFO  server.RaftServerConfigKeys (ConfUtils.java:logGet(46)) - raft.server.rpc.timeout.min = 1500ms (custom)
2023-12-13 18:49:58,779 [Time-limited test] TRACE util.FileUtils (FileUtils.java:deleteFully(318)) - deleteFully: target/test/data/b8de9602/MiniRaftClusterWithGrpce58ca676/s6 does not exist.
2023-12-13 18:49:58,779 [Time-limited test] INFO  impl.MiniRaftCluster (MiniRaftCluster.java:newRaftServer(387)) - Formatted directory target/test/data/b8de9602/MiniRaftClusterWithGrpce58ca676/s6
2023-12-13 18:49:58,779 [Time-limited test] DEBUG server.RaftServer (ServerImplUtils.java:newRaftServer(51)) - newRaftServer: s6, group-E92128DFC347:[]
2023-12-13 18:49:58,779 [Time-limited test] INFO  server.RaftServer (ConfUtils.java:logGet(46)) - raft.rpc.type = GRPC (default)
2023-12-13 18:49:58,779 [Time-limited test] INFO  grpc.GrpcConfigKeys (ConfUtils.java:logFallback(53)) - raft.grpc.admin.host = null (fallback to raft.grpc.server.host)
2023-12-13 18:49:58,779 [Time-limited test] INFO  grpc.GrpcConfigKeys (ConfUtils.java:logFallback(53)) - raft.grpc.admin.port = 41641 (fallback to raft.grpc.server.port)
2023-12-13 18:49:58,779 [Time-limited test] INFO  grpc.GrpcConfigKeys (ConfUtils.java:logFallback(53)) - raft.grpc.client.host = null (fallback to raft.grpc.server.host)
2023-12-13 18:49:58,779 [Time-limited test] INFO  grpc.GrpcConfigKeys (ConfUtils.java:logFallback(53)) - raft.grpc.client.port = 41641 (fallback to raft.grpc.server.port)
2023-12-13 18:49:58,779 [Time-limited test] INFO  grpc.GrpcConfigKeys (ConfUtils.java:logGet(46)) - raft.grpc.server.host = null (default)
2023-12-13 18:49:58,780 [Time-limited test] INFO  grpc.GrpcConfigKeys (ConfUtils.java:logGet(46)) - raft.grpc.server.port = 41641 (custom)
2023-12-13 18:49:58,780 [Time-limited test] INFO  server.GrpcService (ConfUtils.java:logGet(46)) - raft.grpc.message.size.max = 64MB (=67108864) (default)
2023-12-13 18:49:58,780 [Time-limited test] INFO  server.RaftServerConfigKeys (ConfUtils.java:logGet(46)) - raft.server.log.appender.buffer.byte-limit = 4MB (=4194304) (default)
2023-12-13 18:49:58,780 [Time-limited test] INFO  server.GrpcService (ConfUtils.java:logGet(46)) - raft.grpc.flow.control.window = 1MB (=1048576) (default)
2023-12-13 18:49:58,780 [Time-limited test] INFO  server.RaftServerConfigKeys (ConfUtils.java:logGet(46)) - raft.server.rpc.request.timeout = 3000ms (default)
2023-12-13 18:49:58,780 [Time-limited test] INFO  grpc.GrpcConfigKeys (ConfUtils.java:logGet(46)) - raft.grpc.server.heartbeat.channel = true (default)
2023-12-13 18:49:58,780 [Time-limited test] INFO  grpc.GrpcConfigKeys (ConfUtils.java:logGet(46)) - raft.grpc.server.async.request.thread.pool.cached = true (default)
2023-12-13 18:49:58,780 [Time-limited test] INFO  grpc.GrpcConfigKeys (ConfUtils.java:logGet(46)) - raft.grpc.server.async.request.thread.pool.size = 32 (default)
2023-12-13 18:49:58,781 [Time-limited test] INFO  impl.DataStreamServerImpl (ConfUtils.java:logGet(46)) - raft.datastream.type = DISABLED (default)
2023-12-13 18:49:58,781 [Time-limited test] INFO  server.RaftServerConfigKeys (ConfUtils.java:logGet(46)) - raft.server.sleep.deviation.threshold = 300ms (default)
2023-12-13 18:49:58,781 [Time-limited test] INFO  server.RaftServerConfigKeys (ConfUtils.java:logGet(46)) - raft.server.close.threshold = 60s (default)
2023-12-13 18:49:58,781 [Time-limited test] INFO  server.RaftServerConfigKeys (ConfUtils.java:logGet(46)) - raft.server.leaderelection.leader.step-down.wait-time = 10s (default)
2023-12-13 18:49:58,781 [Time-limited test] INFO  server.RaftServerConfigKeys (ConfUtils.java:logGet(46)) - raft.server.storage.dir = [/home/runner/work/ratis/ratis/ratis-test/target/test/data/b8de9602/MiniRaftClusterWithGrpce58ca676/s6] (custom)
2023-12-13 18:49:58,781 [Time-limited test] INFO  server.RaftServerConfigKeys (ConfUtils.java:logGet(46)) - raft.server.threadpool.proxy.cached = true (default)
2023-12-13 18:49:58,781 [Time-limited test] INFO  server.RaftServerConfigKeys (ConfUtils.java:logGet(46)) - raft.server.threadpool.proxy.size = 0 (default)
2023-12-13 18:49:58,779 [s5-groupManagement] INFO  server.RaftServerConfigKeys (ConfUtils.java:logGet(46)) - raft.server.rpc.timeout.max = 2000ms (custom)
2023-12-13 18:49:58,782 [s5-groupManagement] INFO  server.RaftServerConfigKeys (ConfUtils.java:logGet(46)) - raft.server.rpc.sleep.time = 25ms (default)
2023-12-13 18:49:58,782 [s5-groupManagement] INFO  server.RaftServerConfigKeys (ConfUtils.java:logGet(46)) - raft.server.rpc.slowness.timeout = 60s (default)
2023-12-13 18:49:58,782 [s5-groupManagement] INFO  server.RaftServerConfigKeys (ConfUtils.java:logGet(46)) - raft.server.leaderelection.leader.step-down.wait-time = 10s (default)
2023-12-13 18:49:58,782 [s5-groupManagement] INFO  server.RaftServerConfigKeys (ConfUtils.java:logGet(46)) - raft.server.leaderelection.member.majority-add = false (default)
2023-12-13 18:49:58,782 [s5-groupManagement] INFO  server.RaftServerConfigKeys (ConfUtils.java:logGet(46)) - raft.server.sleep.deviation.threshold = 300ms (default)
2023-12-13 18:49:58,782 [s5-groupManagement] INFO  server.RaftServer$Division (ServerState.java:<init>(113)) - s5@group-E92128DFC347: ConfigurationManager, init=-1: peers:[]|listeners:[], old=null, confs=<EMPTY_MAP>
2023-12-13 18:49:58,782 [s5-groupManagement] INFO  server.RaftServerConfigKeys (ConfUtils.java:logGet(46)) - raft.server.notification.no-leader.timeout = 60s (default)
2023-12-13 18:49:58,782 [s5-groupManagement] INFO  server.RaftServerConfigKeys (ConfUtils.java:logGet(46)) - raft.server.read.timeout = 10s (default)
2023-12-13 18:49:58,782 [s5-groupManagement] INFO  server.RaftServerConfigKeys (ConfUtils.java:logGet(46)) - raft.server.retrycache.expirytime = 60s (default)
2023-12-13 18:49:58,782 [s5-groupManagement] INFO  server.RaftServerConfigKeys (ConfUtils.java:logGet(46)) - raft.server.retrycache.statistics.expirytime = 100ms (default)
2023-12-13 18:49:58,782 [s5-groupManagement] INFO  server.RaftServerConfigKeys (ConfUtils.java:logGet(46)) - raft.server.read.option = DEFAULT (default)
2023-12-13 18:49:58,782 [s5-groupManagement] INFO  server.RaftServerConfigKeys (ConfUtils.java:logGet(46)) - raft.server.read.read-after-write-consistent.write-index-cache.expiry-time = 60s (default)
2023-12-13 18:49:58,783 [s5-groupManagement] INFO  server.RaftServerConfigKeys (ConfUtils.java:logGet(46)) - raft.server.rpc.request.timeout = 3000ms (default)
2023-12-13 18:49:58,783 [s5-groupManagement] INFO  server.RaftServerConfigKeys (ConfUtils.java:logGet(46)) - raft.server.log.appender.install.snapshot.enabled = true (default)
2023-12-13 18:49:58,783 [s5-groupManagement] INFO  server.RaftServerConfigKeys (ConfUtils.java:logGet(46)) - raft.server.threadpool.server.cached = true (default)
2023-12-13 18:49:58,783 [s5-groupManagement] INFO  server.RaftServerConfigKeys (ConfUtils.java:logGet(46)) - raft.server.threadpool.server.size = 0 (default)
2023-12-13 18:49:58,783 [s5-groupManagement] INFO  server.RaftServerConfigKeys (ConfUtils.java:logGet(46)) - raft.server.threadpool.client.cached = true (default)
2023-12-13 18:49:58,783 [s5-groupManagement] INFO  server.RaftServerConfigKeys (ConfUtils.java:logGet(46)) - raft.server.threadpool.client.size = 0 (default)
2023-12-13 18:49:58,785 [Time-limited test] INFO  server.RaftServer (RaftServerProxy.java:addNew(100)) - s6: addNew group-E92128DFC347:[] returns group-E92128DFC347:java.util.concurrent.CompletableFuture@4c5044d8[Not completed]
2023-12-13 18:49:58,785 [s6-groupManagement] INFO  server.RaftServer$Division (RaftServerImpl.java:<init>(256)) - s6: new RaftServerImpl for group-E92128DFC347:[] with BaseStateMachine:uninitialized
2023-12-13 18:49:58,786 [s6-groupManagement] INFO  server.RaftServerConfigKeys (ConfUtils.java:logGet(46)) - raft.server.rpc.timeout.min = 1500ms (custom)
2023-12-13 18:49:58,786 [s6-groupManagement] INFO  server.RaftServerConfigKeys (ConfUtils.java:logGet(46)) - raft.server.rpc.timeout.max = 2000ms (custom)
2023-12-13 18:49:58,786 [s6-groupManagement] INFO  server.RaftServerConfigKeys (ConfUtils.java:logGet(46)) - raft.server.rpc.sleep.time = 25ms (default)
2023-12-13 18:49:58,786 [s6-groupManagement] INFO  server.RaftServerConfigKeys (ConfUtils.java:logGet(46)) - raft.server.rpc.slowness.timeout = 60s (default)
2023-12-13 18:49:58,786 [s6-groupManagement] INFO  server.RaftServerConfigKeys (ConfUtils.java:logGet(46)) - raft.server.leaderelection.leader.step-down.wait-time = 10s (default)
2023-12-13 18:49:58,786 [s6-groupManagement] INFO  server.RaftServerConfigKeys (ConfUtils.java:logGet(46)) - raft.server.leaderelection.member.majority-add = false (default)
2023-12-13 18:49:58,786 [s6-groupManagement] INFO  server.RaftServerConfigKeys (ConfUtils.java:logGet(46)) - raft.server.sleep.deviation.threshold = 300ms (default)
2023-12-13 18:49:58,786 [s6-groupManagement] INFO  server.RaftServer$Division (ServerState.java:<init>(113)) - s6@group-E92128DFC347: ConfigurationManager, init=-1: peers:[]|listeners:[], old=null, confs=<EMPTY_MAP>
2023-12-13 18:49:58,786 [s6-groupManagement] INFO  server.RaftServerConfigKeys (ConfUtils.java:logGet(46)) - raft.server.notification.no-leader.timeout = 60s (default)
2023-12-13 18:49:58,786 [s6-groupManagement] INFO  server.RaftServerConfigKeys (ConfUtils.java:logGet(46)) - raft.server.read.timeout = 10s (default)
2023-12-13 18:49:58,786 [s6-groupManagement] INFO  server.RaftServerConfigKeys (ConfUtils.java:logGet(46)) - raft.server.retrycache.expirytime = 60s (default)
2023-12-13 18:49:58,786 [s6-groupManagement] INFO  server.RaftServerConfigKeys (ConfUtils.java:logGet(46)) - raft.server.retrycache.statistics.expirytime = 100ms (default)
2023-12-13 18:49:58,786 [s6-groupManagement] INFO  server.RaftServerConfigKeys (ConfUtils.java:logGet(46)) - raft.server.read.option = DEFAULT (default)
2023-12-13 18:49:58,786 [s6-groupManagement] INFO  server.RaftServerConfigKeys (ConfUtils.java:logGet(46)) - raft.server.read.read-after-write-consistent.write-index-cache.expiry-time = 60s (default)
2023-12-13 18:49:58,786 [Time-limited test] INFO  impl.GroupManagementBaseTest (GroupManagementBaseTest.java:runMultiGroupTest(260)) - putNewServer: printing ALL groups
  s3:      NEW      null s3@group-E92128DFC347:t0, leader=null, voted=null, raftlog=UNINITIALIZED, conf=-1: peers:[]|listeners:[], old=null NEW
  s4:      NEW      null s4@group-E92128DFC347:t0, leader=null, voted=null, raftlog=UNINITIALIZED, conf=-1: peers:[]|listeners:[], old=null NEW
  s5:      NEW      null s5@group-E92128DFC347:t0, leader=null, voted=null, raftlog=UNINITIALIZED, conf=-1: peers:[]|listeners:[], old=null NEW
  s6:      NEW group-E92128DFC347:java.util.concurrent.CompletableFuture@4c5044d8[Not completed]
  s0:      NEW      null s0@group-E92128DFC347:t0, leader=null, voted=null, raftlog=UNINITIALIZED, conf=-1: peers:[]|listeners:[], old=null NEW
  s1:      NEW      null s1@group-E92128DFC347:t0, leader=null, voted=null, raftlog=UNINITIALIZED, conf=-1: peers:[]|listeners:[], old=null NEW
  s2:      NEW      null s2@group-E92128DFC347:t0, leader=null, voted=null, raftlog=UNINITIALIZED, conf=-1: peers:[]|listeners:[], old=null NEW
2023-12-13 18:49:58,786 [s6-groupManagement] INFO  server.RaftServerConfigKeys (ConfUtils.java:logGet(46)) - raft.server.rpc.request.timeout = 3000ms (default)
2023-12-13 18:49:58,786 [s6-groupManagement] INFO  server.RaftServerConfigKeys (ConfUtils.java:logGet(46)) - raft.server.log.appender.install.snapshot.enabled = true (default)
2023-12-13 18:49:58,786 [s6-groupManagement] INFO  server.RaftServerConfigKeys (ConfUtils.java:logGet(46)) - raft.server.threadpool.server.cached = true (default)
2023-12-13 18:49:58,786 [s6-groupManagement] INFO  server.RaftServerConfigKeys (ConfUtils.java:logGet(46)) - raft.server.threadpool.server.size = 0 (default)
2023-12-13 18:49:58,787 [s6-groupManagement] INFO  server.RaftServerConfigKeys (ConfUtils.java:logGet(46)) - raft.server.threadpool.client.cached = true (default)
2023-12-13 18:49:58,787 [s6-groupManagement] INFO  server.RaftServerConfigKeys (ConfUtils.java:logGet(46)) - raft.server.threadpool.client.size = 0 (default)
2023-12-13 18:49:59,786 [Time-limited test] INFO  impl.MiniRaftCluster (MiniRaftCluster.java:start(339)) - .............................................................. 
2023-12-13 18:49:59,787 [Time-limited test] INFO  impl.MiniRaftCluster (MiniRaftCluster.java:start(340)) - ... 
2023-12-13 18:49:59,787 [Time-limited test] INFO  impl.MiniRaftCluster (MiniRaftCluster.java:start(341)) - ...     Starting MiniRaftClusterWithGrpc
2023-12-13 18:49:59,787 [Time-limited test] INFO  impl.MiniRaftCluster (MiniRaftCluster.java:start(342)) - ... 
2023-12-13 18:49:59,787 [Time-limited test] INFO  impl.MiniRaftCluster (MiniRaftCluster.java:start(343)) - .............................................................. 
2023-12-13 18:49:59,787 [Time-limited test] INFO  impl.MiniRaftCluster (MiniRaftCluster.java:initServers(318)) - servers = {s3=s3:      NEW      null s3@group-E92128DFC347:t0, leader=null, voted=null, raftlog=UNINITIALIZED, conf=-1: peers:[]|listeners:[], old=null NEW, s4=s4:      NEW      null s4@group-E92128DFC347:t0, leader=null, voted=null, raftlog=UNINITIALIZED, conf=-1: peers:[]|listeners:[], old=null NEW, s5=s5:      NEW      null s5@group-E92128DFC347:t0, leader=null, voted=null, raftlog=UNINITIALIZED, conf=-1: peers:[]|listeners:[], old=null NEW, s6=s6:      NEW      null s6@group-E92128DFC347:t0, leader=null, voted=null, raftlog=UNINITIALIZED, conf=-1: peers:[]|listeners:[], old=null NEW, s0=s0:      NEW      null s0@group-E92128DFC347:t0, leader=null, voted=null, raftlog=UNINITIALIZED, conf=-1: peers:[]|listeners:[], old=null NEW, s1=s1:      NEW      null s1@group-E92128DFC347:t0, leader=null, voted=null, raftlog=UNINITIALIZED, conf=-1: peers:[]|listeners:[], old=null NEW, s2=s2:      NEW      null s2@group-E92128DFC347:t0, leader=null, voted=null, raftlog=UNINITIALIZED, conf=-1: peers:[]|listeners:[], old=null NEW}
2023-12-13 18:49:59,787 [s3-impl-thread1] INFO  server.RaftServerConfigKeys (ConfUtils.java:logGet(46)) - raft.server.storage.free-space.min = 0MB (=0) (default)
2023-12-13 18:49:59,787 [s3-impl-thread1] INFO  server.RaftServerConfigKeys (ConfUtils.java:logGet(46)) - raft.server.log.corruption.policy = EXCEPTION (default)
2023-12-13 18:49:59,787 [s3-impl-thread1] INFO  server.RaftServerConfigKeys (ConfUtils.java:logGet(46)) - raft.server.storage.dir = [/home/runner/work/ratis/ratis/ratis-test/target/test/data/b8de9602/MiniRaftClusterWithGrpce58ca676/s3] (custom)
2023-12-13 18:49:59,788 [s3-impl-thread1] INFO  storage.RaftStorageDirectory (RaftStorageDirectoryImpl.java:analyzeStorage(138)) - The storage directory /home/runner/work/ratis/ratis/ratis-test/target/test/data/b8de9602/MiniRaftClusterWithGrpce58ca676/s3/a1171f1f-98ce-4e17-a571-e92128dfc347 does not exist. Creating ...
2023-12-13 18:49:59,788 [s3-impl-thread1] TRACE util.FileUtils (LogUtils.java:runAndLog(49)) - Successfully ran Files.createDirectories /home/runner/work/ratis/ratis/ratis-test/target/test/data/b8de9602/MiniRaftClusterWithGrpce58ca676/s3/a1171f1f-98ce-4e17-a571-e92128dfc347
2023-12-13 18:49:59,789 [s3-impl-thread1] INFO  storage.RaftStorageDirectory (RaftStorageDirectoryImpl.java:tryLock(228)) - Lock on /home/runner/work/ratis/ratis/ratis-test/target/test/data/b8de9602/MiniRaftClusterWithGrpce58ca676/s3/a1171f1f-98ce-4e17-a571-e92128dfc347/in_use.lock acquired by nodename 24599@fv-az743-812
2023-12-13 18:49:59,789 [s3-impl-thread1] TRACE util.FileUtils (LogUtils.java:runAndLog(49)) - Successfully ran Files.createDirectories /home/runner/work/ratis/ratis/ratis-test/target/test/data/b8de9602/MiniRaftClusterWithGrpce58ca676/s3/a1171f1f-98ce-4e17-a571-e92128dfc347/current
2023-12-13 18:49:59,789 [s3-impl-thread1] TRACE util.FileUtils (LogUtils.java:runAndLog(49)) - Successfully ran Files.createDirectories /home/runner/work/ratis/ratis/ratis-test/target/test/data/b8de9602/MiniRaftClusterWithGrpce58ca676/s3/a1171f1f-98ce-4e17-a571-e92128dfc347/sm
2023-12-13 18:49:59,789 [s3-impl-thread1] TRACE util.FileUtils (LogUtils.java:supplyAndLog(69)) - Successfully supplied FileChannel.open /home/runner/work/ratis/ratis/ratis-test/target/test/data/b8de9602/MiniRaftClusterWithGrpce58ca676/s3/a1171f1f-98ce-4e17-a571-e92128dfc347/current/raft-meta.tmp with options [CREATE, WRITE]: sun.nio.ch.FileChannelImpl@4d8418e3
2023-12-13 18:49:59,791 [s3-impl-thread1] TRACE util.FileUtils (LogUtils.java:runAndLog(49)) - Successfully ran Atomic Files.move /home/runner/work/ratis/ratis/ratis-test/target/test/data/b8de9602/MiniRaftClusterWithGrpce58ca676/s3/a1171f1f-98ce-4e17-a571-e92128dfc347/current/raft-meta.tmp to /home/runner/work/ratis/ratis/ratis-test/target/test/data/b8de9602/MiniRaftClusterWithGrpce58ca676/s3/a1171f1f-98ce-4e17-a571-e92128dfc347/current/raft-meta with options [REPLACE_EXISTING]
2023-12-13 18:49:59,791 [s3-impl-thread1] INFO  storage.RaftStorage (RaftStorageImpl.java:format(99)) - Storage directory /home/runner/work/ratis/ratis/ratis-test/target/test/data/b8de9602/MiniRaftClusterWithGrpce58ca676/s3/a1171f1f-98ce-4e17-a571-e92128dfc347 has been successfully formatted.
2023-12-13 18:49:59,791 [s3-impl-thread1] TRACE util.FileUtils (LogUtils.java:supplyAndLog(61)) - Failed to Files.newInputStream /home/runner/work/ratis/ratis/ratis-test/target/test/data/b8de9602/MiniRaftClusterWithGrpce58ca676/s3/a1171f1f-98ce-4e17-a571-e92128dfc347/current/raft-meta.conf with options []
java.nio.file.NoSuchFileException: /home/runner/work/ratis/ratis/ratis-test/target/test/data/b8de9602/MiniRaftClusterWithGrpce58ca676/s3/a1171f1f-98ce-4e17-a571-e92128dfc347/current/raft-meta.conf
	at java.base/sun.nio.fs.UnixException.translateToIOException(UnixException.java:92)
	at java.base/sun.nio.fs.UnixException.rethrowAsIOException(UnixException.java:111)
	at java.base/sun.nio.fs.UnixException.rethrowAsIOException(UnixException.java:116)
	at java.base/sun.nio.fs.UnixFileSystemProvider.newByteChannel(UnixFileSystemProvider.java:219)
	at java.base/java.nio.file.Files.newByteChannel(Files.java:371)
	at java.base/java.nio.file.Files.newByteChannel(Files.java:422)
	at java.base/java.nio.file.spi.FileSystemProvider.newInputStream(FileSystemProvider.java:420)
	at java.base/java.nio.file.Files.newInputStream(Files.java:156)
	at org.apache.ratis.util.FileUtils.lambda$newInputStream$2(FileUtils.java:73)
	at org.apache.ratis.util.LogUtils.supplyAndLog(LogUtils.java:58)
	at org.apache.ratis.util.FileUtils.newInputStream(FileUtils.java:72)
	at org.apache.ratis.util.FileUtils.newInputStream(FileUtils.java:68)
	at org.apache.ratis.server.storage.RaftStorageImpl.readRaftConfiguration(RaftStorageImpl.java:156)
	at org.apache.ratis.server.impl.ServerState.initialize(ServerState.java:141)
	at org.apache.ratis.server.impl.RaftServerImpl.start(RaftServerImpl.java:388)
	at org.apache.ratis.util.ConcurrentUtils.accept(ConcurrentUtils.java:203)
	at org.apache.ratis.util.ConcurrentUtils.lambda$parallelForEachAsync$4(ConcurrentUtils.java:182)
	at java.base/java.util.concurrent.ThreadPoolExecutor.runWorker(ThreadPoolExecutor.java:1128)
	at java.base/java.util.concurrent.ThreadPoolExecutor$Worker.run(ThreadPoolExecutor.java:628)
	at java.base/java.lang.Thread.run(Thread.java:829)
2023-12-13 18:49:59,791 [s3-impl-thread1] INFO  server.RaftServerConfigKeys (ConfUtils.java:logGet(46)) - raft.server.log.use.memory = false (default)
2023-12-13 18:49:59,791 [s3-impl-thread1] INFO  server.RaftServerConfigKeys (ConfUtils.java:logGet(46)) - raft.server.log.purge.gap = 1024 (default)
2023-12-13 18:49:59,791 [s3-impl-thread1] INFO  server.RaftServerConfigKeys (ConfUtils.java:logGet(46)) - raft.server.log.appender.buffer.byte-limit = 4MB (=4194304) (default)
2023-12-13 18:49:59,791 [s3-impl-thread1] INFO  server.RaftServerConfigKeys (ConfUtils.java:logGet(46)) - raft.server.log.statemachine.data.read.timeout = 1000ms (default)
2023-12-13 18:49:59,791 [s3-impl-thread1] INFO  server.RaftServerConfigKeys (ConfUtils.java:logGet(46)) - raft.server.log.purge.preservation.log.num = 0 (default)
2023-12-13 18:49:59,791 [s3-impl-thread1] INFO  server.RaftServerConfigKeys (ConfUtils.java:logGet(46)) - raft.server.log.segment.size.max = 32MB (=33554432) (default)
2023-12-13 18:49:59,791 [s3-impl-thread1] INFO  server.RaftServerConfigKeys (ConfUtils.java:logGet(46)) - raft.server.log.segment.cache.num.max = 6 (default)
2023-12-13 18:49:59,791 [s3-impl-thread1] INFO  server.RaftServerConfigKeys (ConfUtils.java:logGet(46)) - raft.server.log.segment.cache.size.max = 200MB (=209715200) (default)
2023-12-13 18:49:59,792 [s3-impl-thread1] INFO  server.RaftServerConfigKeys (ConfUtils.java:logGet(46)) - raft.server.log.appender.buffer.byte-limit = 4MB (=4194304) (default)
2023-12-13 18:49:59,792 [s3-impl-thread1] INFO  util.AwaitToRun (AwaitToRun.java:start(81)) - Thread[s3@group-E92128DFC347-cacheEviction-AwaitToRun,5,main] started
2023-12-13 18:49:59,792 [s3-impl-thread1] INFO  segmented.SegmentedRaftLogWorker (SegmentedRaftLogWorker.java:<init>(182)) - new s3@group-E92128DFC347-SegmentedRaftLogWorker for RaftStorageImpl:Storage Directory /home/runner/work/ratis/ratis/ratis-test/target/test/data/b8de9602/MiniRaftClusterWithGrpce58ca676/s3/a1171f1f-98ce-4e17-a571-e92128dfc347
2023-12-13 18:49:59,792 [s3-impl-thread1] INFO  server.RaftServerConfigKeys (ConfUtils.java:logGet(46)) - raft.server.log.queue.byte-limit = 64MB (=67108864) (default)
2023-12-13 18:49:59,792 [s3-impl-thread1] INFO  server.RaftServerConfigKeys (ConfUtils.java:logGet(46)) - raft.server.log.queue.element-limit = 4096 (default)
2023-12-13 18:49:59,792 [s3-impl-thread1] INFO  server.RaftServerConfigKeys (ConfUtils.java:logGet(46)) - raft.server.log.segment.size.max = 32MB (=33554432) (default)
2023-12-13 18:49:59,792 [s3-impl-thread1] INFO  server.RaftServerConfigKeys (ConfUtils.java:logGet(46)) - raft.server.log.preallocated.size = 4MB (=4194304) (default)
2023-12-13 18:49:59,792 [s3-impl-thread1] INFO  server.RaftServerConfigKeys (ConfUtils.java:logGet(46)) - raft.server.log.force.sync.num = 128 (default)
2023-12-13 18:49:59,792 [s3-impl-thread1] INFO  server.RaftServerConfigKeys (ConfUtils.java:logGet(46)) - raft.server.log.statemachine.data.sync = true (default)
2023-12-13 18:49:59,792 [s3-impl-thread1] INFO  server.RaftServerConfigKeys (ConfUtils.java:logGet(46)) - raft.server.log.statemachine.data.sync.timeout = 10s (default)
2023-12-13 18:49:59,792 [s3-impl-thread1] INFO  server.RaftServerConfigKeys (ConfUtils.java:logGet(46)) - raft.server.log.statemachine.data.sync.timeout.retry = -1 (default)
2023-12-13 18:49:59,792 [s3-impl-thread1] INFO  server.RaftServerConfigKeys (ConfUtils.java:logGet(46)) - raft.server.log.write.buffer.size = 8MB (=8388608) (default)
2023-12-13 18:49:59,793 [s3-impl-thread1] INFO  server.RaftServerConfigKeys (ConfUtils.java:logGet(46)) - raft.server.log.appender.buffer.byte-limit = 4MB (=4194304) (default)
2023-12-13 18:49:59,793 [s3-impl-thread1] INFO  server.RaftServerConfigKeys (ConfUtils.java:logGet(46)) - raft.server.log.unsafe-flush.enabled = false (default)
2023-12-13 18:49:59,793 [s3-impl-thread1] INFO  server.RaftServerConfigKeys (ConfUtils.java:logGet(46)) - raft.server.log.async-flush.enabled = false (default)
2023-12-13 18:49:59,793 [s3-impl-thread1] INFO  server.RaftServerConfigKeys (ConfUtils.java:logGet(46)) - raft.server.log.statemachine.data.caching.enabled = false (default)
2023-12-13 18:49:59,794 [s3-impl-thread1] INFO  segmented.SegmentedRaftLogWorker (SegmentedRaftLogWorker.java:lambda$new$0(134)) - s3@group-E92128DFC347-SegmentedRaftLogWorker: flushIndex: setUnconditionally 0 -> -1
2023-12-13 18:49:59,794 [s3-impl-thread1] INFO  segmented.SegmentedRaftLogWorker (SegmentedRaftLogWorker.java:lambda$new$0(134)) - s3@group-E92128DFC347-SegmentedRaftLogWorker: safeCacheEvictIndex: setUnconditionally 0 -> -1
2023-12-13 18:49:59,794 [s3-impl-thread1] INFO  server.RaftServer$Division (RaftServerImpl.java:start(398)) - s3@group-E92128DFC347: start with initializing state, conf=-1: peers:[]|listeners:[], old=null
2023-12-13 18:49:59,794 [s3-impl-thread1] INFO  server.RaftServer$Division (RaftServerImpl.java:setRole(379)) - s3@group-E92128DFC347: changes role from      null to FOLLOWER at term 0 for startInitializing
2023-12-13 18:49:59,794 [s3-impl-thread1] INFO  util.JmxRegister (JmxRegister.java:tryRegister(44)) - Successfully registered JMX Bean with object name Ratis:service=RaftServer,group=group-E92128DFC347,id=s3
2023-12-13 18:49:59,794 [s3-impl-thread1] INFO  server.RaftServerConfigKeys (ConfUtils.java:logGet(46)) - raft.server.snapshot.trigger-when-stop.enabled = true (default)
2023-12-13 18:49:59,794 [s3-impl-thread1] INFO  server.RaftServerConfigKeys (ConfUtils.java:logGet(46)) - raft.server.snapshot.auto.trigger.enabled = false (default)
2023-12-13 18:49:59,794 [s3-impl-thread1] INFO  server.RaftServerConfigKeys (ConfUtils.java:logGet(46)) - raft.server.snapshot.retention.file.num = -1 (default)
2023-12-13 18:49:59,794 [s3-impl-thread1] INFO  server.RaftServerConfigKeys (ConfUtils.java:logGet(46)) - raft.server.log.purge.upto.snapshot.index = false (default)
2023-12-13 18:49:59,794 [Time-limited test] INFO  server.RaftServer (RaftServerProxy.java:startImpl(406)) - s3: start RPC server
2023-12-13 18:49:59,795 [Time-limited test] INFO  server.GrpcService (GrpcService.java:startImpl(302)) - s3: GrpcService started, listening on 43047
2023-12-13 18:49:59,795 [JvmPauseMonitor14] INFO  util.JvmPauseMonitor (JvmPauseMonitor.java:run(146)) - JvmPauseMonitor-s3: Started
2023-12-13 18:49:59,795 [s4-impl-thread1] INFO  server.RaftServerConfigKeys (ConfUtils.java:logGet(46)) - raft.server.storage.free-space.min = 0MB (=0) (default)
2023-12-13 18:49:59,795 [s4-impl-thread1] INFO  server.RaftServerConfigKeys (ConfUtils.java:logGet(46)) - raft.server.log.corruption.policy = EXCEPTION (default)
2023-12-13 18:49:59,795 [s4-impl-thread1] INFO  server.RaftServerConfigKeys (ConfUtils.java:logGet(46)) - raft.server.storage.dir = [/home/runner/work/ratis/ratis/ratis-test/target/test/data/b8de9602/MiniRaftClusterWithGrpce58ca676/s4] (custom)
2023-12-13 18:49:59,796 [s4-impl-thread1] INFO  storage.RaftStorageDirectory (RaftStorageDirectoryImpl.java:analyzeStorage(138)) - The storage directory /home/runner/work/ratis/ratis/ratis-test/target/test/data/b8de9602/MiniRaftClusterWithGrpce58ca676/s4/a1171f1f-98ce-4e17-a571-e92128dfc347 does not exist. Creating ...
2023-12-13 18:49:59,796 [s4-impl-thread1] TRACE util.FileUtils (LogUtils.java:runAndLog(49)) - Successfully ran Files.createDirectories /home/runner/work/ratis/ratis/ratis-test/target/test/data/b8de9602/MiniRaftClusterWithGrpce58ca676/s4/a1171f1f-98ce-4e17-a571-e92128dfc347
2023-12-13 18:49:59,796 [s4-impl-thread1] INFO  storage.RaftStorageDirectory (RaftStorageDirectoryImpl.java:tryLock(228)) - Lock on /home/runner/work/ratis/ratis/ratis-test/target/test/data/b8de9602/MiniRaftClusterWithGrpce58ca676/s4/a1171f1f-98ce-4e17-a571-e92128dfc347/in_use.lock acquired by nodename 24599@fv-az743-812
2023-12-13 18:49:59,797 [s4-impl-thread1] TRACE util.FileUtils (LogUtils.java:runAndLog(49)) - Successfully ran Files.createDirectories /home/runner/work/ratis/ratis/ratis-test/target/test/data/b8de9602/MiniRaftClusterWithGrpce58ca676/s4/a1171f1f-98ce-4e17-a571-e92128dfc347/current
2023-12-13 18:49:59,797 [s4-impl-thread1] TRACE util.FileUtils (LogUtils.java:runAndLog(49)) - Successfully ran Files.createDirectories /home/runner/work/ratis/ratis/ratis-test/target/test/data/b8de9602/MiniRaftClusterWithGrpce58ca676/s4/a1171f1f-98ce-4e17-a571-e92128dfc347/sm
2023-12-13 18:49:59,797 [s4-impl-thread1] TRACE util.FileUtils (LogUtils.java:supplyAndLog(69)) - Successfully supplied FileChannel.open /home/runner/work/ratis/ratis/ratis-test/target/test/data/b8de9602/MiniRaftClusterWithGrpce58ca676/s4/a1171f1f-98ce-4e17-a571-e92128dfc347/current/raft-meta.tmp with options [CREATE, WRITE]: sun.nio.ch.FileChannelImpl@1a17ff06
2023-12-13 18:49:59,798 [s4-impl-thread1] TRACE util.FileUtils (LogUtils.java:runAndLog(49)) - Successfully ran Atomic Files.move /home/runner/work/ratis/ratis/ratis-test/target/test/data/b8de9602/MiniRaftClusterWithGrpce58ca676/s4/a1171f1f-98ce-4e17-a571-e92128dfc347/current/raft-meta.tmp to /home/runner/work/ratis/ratis/ratis-test/target/test/data/b8de9602/MiniRaftClusterWithGrpce58ca676/s4/a1171f1f-98ce-4e17-a571-e92128dfc347/current/raft-meta with options [REPLACE_EXISTING]
2023-12-13 18:49:59,798 [s4-impl-thread1] INFO  storage.RaftStorage (RaftStorageImpl.java:format(99)) - Storage directory /home/runner/work/ratis/ratis/ratis-test/target/test/data/b8de9602/MiniRaftClusterWithGrpce58ca676/s4/a1171f1f-98ce-4e17-a571-e92128dfc347 has been successfully formatted.
2023-12-13 18:49:59,798 [s4-impl-thread1] TRACE util.FileUtils (LogUtils.java:supplyAndLog(61)) - Failed to Files.newInputStream /home/runner/work/ratis/ratis/ratis-test/target/test/data/b8de9602/MiniRaftClusterWithGrpce58ca676/s4/a1171f1f-98ce-4e17-a571-e92128dfc347/current/raft-meta.conf with options []
java.nio.file.NoSuchFileException: /home/runner/work/ratis/ratis/ratis-test/target/test/data/b8de9602/MiniRaftClusterWithGrpce58ca676/s4/a1171f1f-98ce-4e17-a571-e92128dfc347/current/raft-meta.conf
	at java.base/sun.nio.fs.UnixException.translateToIOException(UnixException.java:92)
	at java.base/sun.nio.fs.UnixException.rethrowAsIOException(UnixException.java:111)
	at java.base/sun.nio.fs.UnixException.rethrowAsIOException(UnixException.java:116)
	at java.base/sun.nio.fs.UnixFileSystemProvider.newByteChannel(UnixFileSystemProvider.java:219)
	at java.base/java.nio.file.Files.newByteChannel(Files.java:371)
	at java.base/java.nio.file.Files.newByteChannel(Files.java:422)
	at java.base/java.nio.file.spi.FileSystemProvider.newInputStream(FileSystemProvider.java:420)
	at java.base/java.nio.file.Files.newInputStream(Files.java:156)
	at org.apache.ratis.util.FileUtils.lambda$newInputStream$2(FileUtils.java:73)
	at org.apache.ratis.util.LogUtils.supplyAndLog(LogUtils.java:58)
	at org.apache.ratis.util.FileUtils.newInputStream(FileUtils.java:72)
	at org.apache.ratis.util.FileUtils.newInputStream(FileUtils.java:68)
	at org.apache.ratis.server.storage.RaftStorageImpl.readRaftConfiguration(RaftStorageImpl.java:156)
	at org.apache.ratis.server.impl.ServerState.initialize(ServerState.java:141)
	at org.apache.ratis.server.impl.RaftServerImpl.start(RaftServerImpl.java:388)
	at org.apache.ratis.util.ConcurrentUtils.accept(ConcurrentUtils.java:203)
	at org.apache.ratis.util.ConcurrentUtils.lambda$parallelForEachAsync$4(ConcurrentUtils.java:182)
	at java.base/java.util.concurrent.ThreadPoolExecutor.runWorker(ThreadPoolExecutor.java:1128)
	at java.base/java.util.concurrent.ThreadPoolExecutor$Worker.run(ThreadPoolExecutor.java:628)
	at java.base/java.lang.Thread.run(Thread.java:829)
2023-12-13 18:49:59,798 [s4-impl-thread1] INFO  server.RaftServerConfigKeys (ConfUtils.java:logGet(46)) - raft.server.log.use.memory = false (default)
2023-12-13 18:49:59,798 [s4-impl-thread1] INFO  server.RaftServerConfigKeys (ConfUtils.java:logGet(46)) - raft.server.log.purge.gap = 1024 (default)
2023-12-13 18:49:59,798 [s4-impl-thread1] INFO  server.RaftServerConfigKeys (ConfUtils.java:logGet(46)) - raft.server.log.appender.buffer.byte-limit = 4MB (=4194304) (default)
2023-12-13 18:49:59,798 [s4-impl-thread1] INFO  server.RaftServerConfigKeys (ConfUtils.java:logGet(46)) - raft.server.log.statemachine.data.read.timeout = 1000ms (default)
2023-12-13 18:49:59,798 [s4-impl-thread1] INFO  server.RaftServerConfigKeys (ConfUtils.java:logGet(46)) - raft.server.log.purge.preservation.log.num = 0 (default)
2023-12-13 18:49:59,799 [s4-impl-thread1] INFO  server.RaftServerConfigKeys (ConfUtils.java:logGet(46)) - raft.server.log.segment.size.max = 32MB (=33554432) (default)
2023-12-13 18:49:59,799 [s4-impl-thread1] INFO  server.RaftServerConfigKeys (ConfUtils.java:logGet(46)) - raft.server.log.segment.cache.num.max = 6 (default)
2023-12-13 18:49:59,799 [s4-impl-thread1] INFO  server.RaftServerConfigKeys (ConfUtils.java:logGet(46)) - raft.server.log.segment.cache.size.max = 200MB (=209715200) (default)
2023-12-13 18:49:59,799 [s4-impl-thread1] INFO  server.RaftServerConfigKeys (ConfUtils.java:logGet(46)) - raft.server.log.appender.buffer.byte-limit = 4MB (=4194304) (default)
2023-12-13 18:49:59,799 [s4-impl-thread1] INFO  util.AwaitToRun (AwaitToRun.java:start(81)) - Thread[s4@group-E92128DFC347-cacheEviction-AwaitToRun,5,main] started
2023-12-13 18:49:59,799 [s4-impl-thread1] INFO  segmented.SegmentedRaftLogWorker (SegmentedRaftLogWorker.java:<init>(182)) - new s4@group-E92128DFC347-SegmentedRaftLogWorker for RaftStorageImpl:Storage Directory /home/runner/work/ratis/ratis/ratis-test/target/test/data/b8de9602/MiniRaftClusterWithGrpce58ca676/s4/a1171f1f-98ce-4e17-a571-e92128dfc347
2023-12-13 18:49:59,799 [s4-impl-thread1] INFO  server.RaftServerConfigKeys (ConfUtils.java:logGet(46)) - raft.server.log.queue.byte-limit = 64MB (=67108864) (default)
2023-12-13 18:49:59,799 [s4-impl-thread1] INFO  server.RaftServerConfigKeys (ConfUtils.java:logGet(46)) - raft.server.log.queue.element-limit = 4096 (default)
2023-12-13 18:49:59,799 [s4-impl-thread1] INFO  server.RaftServerConfigKeys (ConfUtils.java:logGet(46)) - raft.server.log.segment.size.max = 32MB (=33554432) (default)
2023-12-13 18:49:59,799 [s4-impl-thread1] INFO  server.RaftServerConfigKeys (ConfUtils.java:logGet(46)) - raft.server.log.preallocated.size = 4MB (=4194304) (default)
2023-12-13 18:49:59,799 [s4-impl-thread1] INFO  server.RaftServerConfigKeys (ConfUtils.java:logGet(46)) - raft.server.log.force.sync.num = 128 (default)
2023-12-13 18:49:59,799 [s4-impl-thread1] INFO  server.RaftServerConfigKeys (ConfUtils.java:logGet(46)) - raft.server.log.statemachine.data.sync = true (default)
2023-12-13 18:49:59,799 [s4-impl-thread1] INFO  server.RaftServerConfigKeys (ConfUtils.java:logGet(46)) - raft.server.log.statemachine.data.sync.timeout = 10s (default)
2023-12-13 18:49:59,799 [s4-impl-thread1] INFO  server.RaftServerConfigKeys (ConfUtils.java:logGet(46)) - raft.server.log.statemachine.data.sync.timeout.retry = -1 (default)
2023-12-13 18:49:59,799 [s4-impl-thread1] INFO  server.RaftServerConfigKeys (ConfUtils.java:logGet(46)) - raft.server.log.write.buffer.size = 8MB (=8388608) (default)
2023-12-13 18:49:59,800 [s4-impl-thread1] INFO  server.RaftServerConfigKeys (ConfUtils.java:logGet(46)) - raft.server.log.appender.buffer.byte-limit = 4MB (=4194304) (default)
2023-12-13 18:49:59,801 [s4-impl-thread1] INFO  server.RaftServerConfigKeys (ConfUtils.java:logGet(46)) - raft.server.log.unsafe-flush.enabled = false (default)
2023-12-13 18:49:59,801 [s4-impl-thread1] INFO  server.RaftServerConfigKeys (ConfUtils.java:logGet(46)) - raft.server.log.async-flush.enabled = false (default)
2023-12-13 18:49:59,801 [s4-impl-thread1] INFO  server.RaftServerConfigKeys (ConfUtils.java:logGet(46)) - raft.server.log.statemachine.data.caching.enabled = false (default)
2023-12-13 18:49:59,801 [s4-impl-thread1] INFO  segmented.SegmentedRaftLogWorker (SegmentedRaftLogWorker.java:lambda$new$0(134)) - s4@group-E92128DFC347-SegmentedRaftLogWorker: flushIndex: setUnconditionally 0 -> -1
2023-12-13 18:49:59,801 [s4-impl-thread1] INFO  segmented.SegmentedRaftLogWorker (SegmentedRaftLogWorker.java:lambda$new$0(134)) - s4@group-E92128DFC347-SegmentedRaftLogWorker: safeCacheEvictIndex: setUnconditionally 0 -> -1
2023-12-13 18:49:59,801 [s4-impl-thread1] INFO  server.RaftServer$Division (RaftServerImpl.java:start(398)) - s4@group-E92128DFC347: start with initializing state, conf=-1: peers:[]|listeners:[], old=null
2023-12-13 18:49:59,801 [s4-impl-thread1] INFO  server.RaftServer$Division (RaftServerImpl.java:setRole(379)) - s4@group-E92128DFC347: changes role from      null to FOLLOWER at term 0 for startInitializing
2023-12-13 18:49:59,801 [s4-impl-thread1] INFO  util.JmxRegister (JmxRegister.java:tryRegister(44)) - Successfully registered JMX Bean with object name Ratis:service=RaftServer,group=group-E92128DFC347,id=s4
2023-12-13 18:49:59,801 [s4-impl-thread1] INFO  server.RaftServerConfigKeys (ConfUtils.java:logGet(46)) - raft.server.snapshot.trigger-when-stop.enabled = true (default)
2023-12-13 18:49:59,801 [s4-impl-thread1] INFO  server.RaftServerConfigKeys (ConfUtils.java:logGet(46)) - raft.server.snapshot.auto.trigger.enabled = false (default)
2023-12-13 18:49:59,801 [s4-impl-thread1] INFO  server.RaftServerConfigKeys (ConfUtils.java:logGet(46)) - raft.server.snapshot.retention.file.num = -1 (default)
2023-12-13 18:49:59,801 [s4-impl-thread1] INFO  server.RaftServerConfigKeys (ConfUtils.java:logGet(46)) - raft.server.log.purge.upto.snapshot.index = false (default)
2023-12-13 18:49:59,802 [Time-limited test] INFO  server.RaftServer (RaftServerProxy.java:startImpl(406)) - s4: start RPC server
2023-12-13 18:49:59,802 [Time-limited test] INFO  server.GrpcService (GrpcService.java:startImpl(302)) - s4: GrpcService started, listening on 36395
2023-12-13 18:49:59,802 [JvmPauseMonitor15] INFO  util.JvmPauseMonitor (JvmPauseMonitor.java:run(146)) - JvmPauseMonitor-s4: Started
2023-12-13 18:49:59,802 [s5-impl-thread1] INFO  server.RaftServerConfigKeys (ConfUtils.java:logGet(46)) - raft.server.storage.free-space.min = 0MB (=0) (default)
2023-12-13 18:49:59,802 [s5-impl-thread1] INFO  server.RaftServerConfigKeys (ConfUtils.java:logGet(46)) - raft.server.log.corruption.policy = EXCEPTION (default)
2023-12-13 18:49:59,803 [s5-impl-thread1] INFO  server.RaftServerConfigKeys (ConfUtils.java:logGet(46)) - raft.server.storage.dir = [/home/runner/work/ratis/ratis/ratis-test/target/test/data/b8de9602/MiniRaftClusterWithGrpce58ca676/s5] (custom)
2023-12-13 18:49:59,803 [s5-impl-thread1] INFO  storage.RaftStorageDirectory (RaftStorageDirectoryImpl.java:analyzeStorage(138)) - The storage directory /home/runner/work/ratis/ratis/ratis-test/target/test/data/b8de9602/MiniRaftClusterWithGrpce58ca676/s5/a1171f1f-98ce-4e17-a571-e92128dfc347 does not exist. Creating ...
2023-12-13 18:49:59,803 [s5-impl-thread1] TRACE util.FileUtils (LogUtils.java:runAndLog(49)) - Successfully ran Files.createDirectories /home/runner/work/ratis/ratis/ratis-test/target/test/data/b8de9602/MiniRaftClusterWithGrpce58ca676/s5/a1171f1f-98ce-4e17-a571-e92128dfc347
2023-12-13 18:49:59,803 [s5-impl-thread1] INFO  storage.RaftStorageDirectory (RaftStorageDirectoryImpl.java:tryLock(228)) - Lock on /home/runner/work/ratis/ratis/ratis-test/target/test/data/b8de9602/MiniRaftClusterWithGrpce58ca676/s5/a1171f1f-98ce-4e17-a571-e92128dfc347/in_use.lock acquired by nodename 24599@fv-az743-812
2023-12-13 18:49:59,804 [s5-impl-thread1] TRACE util.FileUtils (LogUtils.java:runAndLog(49)) - Successfully ran Files.createDirectories /home/runner/work/ratis/ratis/ratis-test/target/test/data/b8de9602/MiniRaftClusterWithGrpce58ca676/s5/a1171f1f-98ce-4e17-a571-e92128dfc347/current
2023-12-13 18:49:59,804 [s5-impl-thread1] TRACE util.FileUtils (LogUtils.java:runAndLog(49)) - Successfully ran Files.createDirectories /home/runner/work/ratis/ratis/ratis-test/target/test/data/b8de9602/MiniRaftClusterWithGrpce58ca676/s5/a1171f1f-98ce-4e17-a571-e92128dfc347/sm
2023-12-13 18:49:59,804 [s5-impl-thread1] TRACE util.FileUtils (LogUtils.java:supplyAndLog(69)) - Successfully supplied FileChannel.open /home/runner/work/ratis/ratis/ratis-test/target/test/data/b8de9602/MiniRaftClusterWithGrpce58ca676/s5/a1171f1f-98ce-4e17-a571-e92128dfc347/current/raft-meta.tmp with options [CREATE, WRITE]: sun.nio.ch.FileChannelImpl@5952776e
2023-12-13 18:49:59,804 [s5-impl-thread1] TRACE util.FileUtils (LogUtils.java:runAndLog(49)) - Successfully ran Atomic Files.move /home/runner/work/ratis/ratis/ratis-test/target/test/data/b8de9602/MiniRaftClusterWithGrpce58ca676/s5/a1171f1f-98ce-4e17-a571-e92128dfc347/current/raft-meta.tmp to /home/runner/work/ratis/ratis/ratis-test/target/test/data/b8de9602/MiniRaftClusterWithGrpce58ca676/s5/a1171f1f-98ce-4e17-a571-e92128dfc347/current/raft-meta with options [REPLACE_EXISTING]
2023-12-13 18:49:59,804 [s5-impl-thread1] INFO  storage.RaftStorage (RaftStorageImpl.java:format(99)) - Storage directory /home/runner/work/ratis/ratis/ratis-test/target/test/data/b8de9602/MiniRaftClusterWithGrpce58ca676/s5/a1171f1f-98ce-4e17-a571-e92128dfc347 has been successfully formatted.
2023-12-13 18:49:59,805 [s5-impl-thread1] TRACE util.FileUtils (LogUtils.java:supplyAndLog(61)) - Failed to Files.newInputStream /home/runner/work/ratis/ratis/ratis-test/target/test/data/b8de9602/MiniRaftClusterWithGrpce58ca676/s5/a1171f1f-98ce-4e17-a571-e92128dfc347/current/raft-meta.conf with options []
java.nio.file.NoSuchFileException: /home/runner/work/ratis/ratis/ratis-test/target/test/data/b8de9602/MiniRaftClusterWithGrpce58ca676/s5/a1171f1f-98ce-4e17-a571-e92128dfc347/current/raft-meta.conf
	at java.base/sun.nio.fs.UnixException.translateToIOException(UnixException.java:92)
	at java.base/sun.nio.fs.UnixException.rethrowAsIOException(UnixException.java:111)
	at java.base/sun.nio.fs.UnixException.rethrowAsIOException(UnixException.java:116)
	at java.base/sun.nio.fs.UnixFileSystemProvider.newByteChannel(UnixFileSystemProvider.java:219)
	at java.base/java.nio.file.Files.newByteChannel(Files.java:371)
	at java.base/java.nio.file.Files.newByteChannel(Files.java:422)
	at java.base/java.nio.file.spi.FileSystemProvider.newInputStream(FileSystemProvider.java:420)
	at java.base/java.nio.file.Files.newInputStream(Files.java:156)
	at org.apache.ratis.util.FileUtils.lambda$newInputStream$2(FileUtils.java:73)
	at org.apache.ratis.util.LogUtils.supplyAndLog(LogUtils.java:58)
	at org.apache.ratis.util.FileUtils.newInputStream(FileUtils.java:72)
	at org.apache.ratis.util.FileUtils.newInputStream(FileUtils.java:68)
	at org.apache.ratis.server.storage.RaftStorageImpl.readRaftConfiguration(RaftStorageImpl.java:156)
	at org.apache.ratis.server.impl.ServerState.initialize(ServerState.java:141)
	at org.apache.ratis.server.impl.RaftServerImpl.start(RaftServerImpl.java:388)
	at org.apache.ratis.util.ConcurrentUtils.accept(ConcurrentUtils.java:203)
	at org.apache.ratis.util.ConcurrentUtils.lambda$parallelForEachAsync$4(ConcurrentUtils.java:182)
	at java.base/java.util.concurrent.ThreadPoolExecutor.runWorker(ThreadPoolExecutor.java:1128)
	at java.base/java.util.concurrent.ThreadPoolExecutor$Worker.run(ThreadPoolExecutor.java:628)
	at java.base/java.lang.Thread.run(Thread.java:829)
2023-12-13 18:49:59,805 [s5-impl-thread1] INFO  server.RaftServerConfigKeys (ConfUtils.java:logGet(46)) - raft.server.log.use.memory = false (default)
2023-12-13 18:49:59,805 [s5-impl-thread1] INFO  server.RaftServerConfigKeys (ConfUtils.java:logGet(46)) - raft.server.log.purge.gap = 1024 (default)
2023-12-13 18:49:59,805 [s5-impl-thread1] INFO  server.RaftServerConfigKeys (ConfUtils.java:logGet(46)) - raft.server.log.appender.buffer.byte-limit = 4MB (=4194304) (default)
2023-12-13 18:49:59,805 [s5-impl-thread1] INFO  server.RaftServerConfigKeys (ConfUtils.java:logGet(46)) - raft.server.log.statemachine.data.read.timeout = 1000ms (default)
2023-12-13 18:49:59,805 [s5-impl-thread1] INFO  server.RaftServerConfigKeys (ConfUtils.java:logGet(46)) - raft.server.log.purge.preservation.log.num = 0 (default)
2023-12-13 18:49:59,805 [s5-impl-thread1] INFO  server.RaftServerConfigKeys (ConfUtils.java:logGet(46)) - raft.server.log.segment.size.max = 32MB (=33554432) (default)
2023-12-13 18:49:59,805 [s5-impl-thread1] INFO  server.RaftServerConfigKeys (ConfUtils.java:logGet(46)) - raft.server.log.segment.cache.num.max = 6 (default)
2023-12-13 18:49:59,805 [s5-impl-thread1] INFO  server.RaftServerConfigKeys (ConfUtils.java:logGet(46)) - raft.server.log.segment.cache.size.max = 200MB (=209715200) (default)
2023-12-13 18:49:59,805 [s5-impl-thread1] INFO  server.RaftServerConfigKeys (ConfUtils.java:logGet(46)) - raft.server.log.appender.buffer.byte-limit = 4MB (=4194304) (default)
2023-12-13 18:49:59,805 [s5-impl-thread1] INFO  util.AwaitToRun (AwaitToRun.java:start(81)) - Thread[s5@group-E92128DFC347-cacheEviction-AwaitToRun,5,main] started
2023-12-13 18:49:59,805 [s5-impl-thread1] INFO  segmented.SegmentedRaftLogWorker (SegmentedRaftLogWorker.java:<init>(182)) - new s5@group-E92128DFC347-SegmentedRaftLogWorker for RaftStorageImpl:Storage Directory /home/runner/work/ratis/ratis/ratis-test/target/test/data/b8de9602/MiniRaftClusterWithGrpce58ca676/s5/a1171f1f-98ce-4e17-a571-e92128dfc347
2023-12-13 18:49:59,805 [s5-impl-thread1] INFO  server.RaftServerConfigKeys (ConfUtils.java:logGet(46)) - raft.server.log.queue.byte-limit = 64MB (=67108864) (default)
2023-12-13 18:49:59,805 [s5-impl-thread1] INFO  server.RaftServerConfigKeys (ConfUtils.java:logGet(46)) - raft.server.log.queue.element-limit = 4096 (default)
2023-12-13 18:49:59,805 [s5-impl-thread1] INFO  server.RaftServerConfigKeys (ConfUtils.java:logGet(46)) - raft.server.log.segment.size.max = 32MB (=33554432) (default)
2023-12-13 18:49:59,805 [s5-impl-thread1] INFO  server.RaftServerConfigKeys (ConfUtils.java:logGet(46)) - raft.server.log.preallocated.size = 4MB (=4194304) (default)
2023-12-13 18:49:59,806 [s5-impl-thread1] INFO  server.RaftServerConfigKeys (ConfUtils.java:logGet(46)) - raft.server.log.force.sync.num = 128 (default)
2023-12-13 18:49:59,806 [s5-impl-thread1] INFO  server.RaftServerConfigKeys (ConfUtils.java:logGet(46)) - raft.server.log.statemachine.data.sync = true (default)
2023-12-13 18:49:59,806 [s5-impl-thread1] INFO  server.RaftServerConfigKeys (ConfUtils.java:logGet(46)) - raft.server.log.statemachine.data.sync.timeout = 10s (default)
2023-12-13 18:49:59,806 [s5-impl-thread1] INFO  server.RaftServerConfigKeys (ConfUtils.java:logGet(46)) - raft.server.log.statemachine.data.sync.timeout.retry = -1 (default)
2023-12-13 18:49:59,806 [s5-impl-thread1] INFO  server.RaftServerConfigKeys (ConfUtils.java:logGet(46)) - raft.server.log.write.buffer.size = 8MB (=8388608) (default)
2023-12-13 18:49:59,807 [s5-impl-thread1] INFO  server.RaftServerConfigKeys (ConfUtils.java:logGet(46)) - raft.server.log.appender.buffer.byte-limit = 4MB (=4194304) (default)
2023-12-13 18:49:59,807 [s5-impl-thread1] INFO  server.RaftServerConfigKeys (ConfUtils.java:logGet(46)) - raft.server.log.unsafe-flush.enabled = false (default)
2023-12-13 18:49:59,807 [s5-impl-thread1] INFO  server.RaftServerConfigKeys (ConfUtils.java:logGet(46)) - raft.server.log.async-flush.enabled = false (default)
2023-12-13 18:49:59,807 [s5-impl-thread1] INFO  server.RaftServerConfigKeys (ConfUtils.java:logGet(46)) - raft.server.log.statemachine.data.caching.enabled = false (default)
2023-12-13 18:49:59,807 [s5-impl-thread1] INFO  segmented.SegmentedRaftLogWorker (SegmentedRaftLogWorker.java:lambda$new$0(134)) - s5@group-E92128DFC347-SegmentedRaftLogWorker: flushIndex: setUnconditionally 0 -> -1
2023-12-13 18:49:59,807 [s5-impl-thread1] INFO  segmented.SegmentedRaftLogWorker (SegmentedRaftLogWorker.java:lambda$new$0(134)) - s5@group-E92128DFC347-SegmentedRaftLogWorker: safeCacheEvictIndex: setUnconditionally 0 -> -1
2023-12-13 18:49:59,807 [s5-impl-thread1] INFO  server.RaftServer$Division (RaftServerImpl.java:start(398)) - s5@group-E92128DFC347: start with initializing state, conf=-1: peers:[]|listeners:[], old=null
2023-12-13 18:49:59,807 [s5-impl-thread1] INFO  server.RaftServer$Division (RaftServerImpl.java:setRole(379)) - s5@group-E92128DFC347: changes role from      null to FOLLOWER at term 0 for startInitializing
2023-12-13 18:49:59,808 [s5-impl-thread1] INFO  util.JmxRegister (JmxRegister.java:tryRegister(44)) - Successfully registered JMX Bean with object name Ratis:service=RaftServer,group=group-E92128DFC347,id=s5
2023-12-13 18:49:59,808 [s5-impl-thread1] INFO  server.RaftServerConfigKeys (ConfUtils.java:logGet(46)) - raft.server.snapshot.trigger-when-stop.enabled = true (default)
2023-12-13 18:49:59,808 [s5-impl-thread1] INFO  server.RaftServerConfigKeys (ConfUtils.java:logGet(46)) - raft.server.snapshot.auto.trigger.enabled = false (default)
2023-12-13 18:49:59,808 [s5-impl-thread1] INFO  server.RaftServerConfigKeys (ConfUtils.java:logGet(46)) - raft.server.snapshot.retention.file.num = -1 (default)
2023-12-13 18:49:59,808 [s5-impl-thread1] INFO  server.RaftServerConfigKeys (ConfUtils.java:logGet(46)) - raft.server.log.purge.upto.snapshot.index = false (default)
2023-12-13 18:49:59,808 [Time-limited test] INFO  server.RaftServer (RaftServerProxy.java:startImpl(406)) - s5: start RPC server
2023-12-13 18:49:59,809 [Time-limited test] INFO  server.GrpcService (GrpcService.java:startImpl(302)) - s5: GrpcService started, listening on 40741
2023-12-13 18:49:59,809 [JvmPauseMonitor16] INFO  util.JvmPauseMonitor (JvmPauseMonitor.java:run(146)) - JvmPauseMonitor-s5: Started
2023-12-13 18:49:59,809 [s6-impl-thread1] INFO  server.RaftServerConfigKeys (ConfUtils.java:logGet(46)) - raft.server.storage.free-space.min = 0MB (=0) (default)
2023-12-13 18:49:59,809 [s6-impl-thread1] INFO  server.RaftServerConfigKeys (ConfUtils.java:logGet(46)) - raft.server.log.corruption.policy = EXCEPTION (default)
2023-12-13 18:49:59,809 [s6-impl-thread1] INFO  server.RaftServerConfigKeys (ConfUtils.java:logGet(46)) - raft.server.storage.dir = [/home/runner/work/ratis/ratis/ratis-test/target/test/data/b8de9602/MiniRaftClusterWithGrpce58ca676/s6] (custom)
2023-12-13 18:49:59,809 [s6-impl-thread1] INFO  storage.RaftStorageDirectory (RaftStorageDirectoryImpl.java:analyzeStorage(138)) - The storage directory /home/runner/work/ratis/ratis/ratis-test/target/test/data/b8de9602/MiniRaftClusterWithGrpce58ca676/s6/a1171f1f-98ce-4e17-a571-e92128dfc347 does not exist. Creating ...
2023-12-13 18:49:59,809 [s6-impl-thread1] TRACE util.FileUtils (LogUtils.java:runAndLog(49)) - Successfully ran Files.createDirectories /home/runner/work/ratis/ratis/ratis-test/target/test/data/b8de9602/MiniRaftClusterWithGrpce58ca676/s6/a1171f1f-98ce-4e17-a571-e92128dfc347
2023-12-13 18:49:59,810 [s6-impl-thread1] INFO  storage.RaftStorageDirectory (RaftStorageDirectoryImpl.java:tryLock(228)) - Lock on /home/runner/work/ratis/ratis/ratis-test/target/test/data/b8de9602/MiniRaftClusterWithGrpce58ca676/s6/a1171f1f-98ce-4e17-a571-e92128dfc347/in_use.lock acquired by nodename 24599@fv-az743-812
2023-12-13 18:49:59,810 [s6-impl-thread1] TRACE util.FileUtils (LogUtils.java:runAndLog(49)) - Successfully ran Files.createDirectories /home/runner/work/ratis/ratis/ratis-test/target/test/data/b8de9602/MiniRaftClusterWithGrpce58ca676/s6/a1171f1f-98ce-4e17-a571-e92128dfc347/current
2023-12-13 18:49:59,810 [s6-impl-thread1] TRACE util.FileUtils (LogUtils.java:runAndLog(49)) - Successfully ran Files.createDirectories /home/runner/work/ratis/ratis/ratis-test/target/test/data/b8de9602/MiniRaftClusterWithGrpce58ca676/s6/a1171f1f-98ce-4e17-a571-e92128dfc347/sm
2023-12-13 18:49:59,810 [s6-impl-thread1] TRACE util.FileUtils (LogUtils.java:supplyAndLog(69)) - Successfully supplied FileChannel.open /home/runner/work/ratis/ratis/ratis-test/target/test/data/b8de9602/MiniRaftClusterWithGrpce58ca676/s6/a1171f1f-98ce-4e17-a571-e92128dfc347/current/raft-meta.tmp with options [CREATE, WRITE]: sun.nio.ch.FileChannelImpl@46cf4385
2023-12-13 18:49:59,811 [s6-impl-thread1] TRACE util.FileUtils (LogUtils.java:runAndLog(49)) - Successfully ran Atomic Files.move /home/runner/work/ratis/ratis/ratis-test/target/test/data/b8de9602/MiniRaftClusterWithGrpce58ca676/s6/a1171f1f-98ce-4e17-a571-e92128dfc347/current/raft-meta.tmp to /home/runner/work/ratis/ratis/ratis-test/target/test/data/b8de9602/MiniRaftClusterWithGrpce58ca676/s6/a1171f1f-98ce-4e17-a571-e92128dfc347/current/raft-meta with options [REPLACE_EXISTING]
2023-12-13 18:49:59,811 [s6-impl-thread1] INFO  storage.RaftStorage (RaftStorageImpl.java:format(99)) - Storage directory /home/runner/work/ratis/ratis/ratis-test/target/test/data/b8de9602/MiniRaftClusterWithGrpce58ca676/s6/a1171f1f-98ce-4e17-a571-e92128dfc347 has been successfully formatted.
2023-12-13 18:49:59,811 [s6-impl-thread1] TRACE util.FileUtils (LogUtils.java:supplyAndLog(61)) - Failed to Files.newInputStream /home/runner/work/ratis/ratis/ratis-test/target/test/data/b8de9602/MiniRaftClusterWithGrpce58ca676/s6/a1171f1f-98ce-4e17-a571-e92128dfc347/current/raft-meta.conf with options []
java.nio.file.NoSuchFileException: /home/runner/work/ratis/ratis/ratis-test/target/test/data/b8de9602/MiniRaftClusterWithGrpce58ca676/s6/a1171f1f-98ce-4e17-a571-e92128dfc347/current/raft-meta.conf
	at java.base/sun.nio.fs.UnixException.translateToIOException(UnixException.java:92)
	at java.base/sun.nio.fs.UnixException.rethrowAsIOException(UnixException.java:111)
	at java.base/sun.nio.fs.UnixException.rethrowAsIOException(UnixException.java:116)
	at java.base/sun.nio.fs.UnixFileSystemProvider.newByteChannel(UnixFileSystemProvider.java:219)
	at java.base/java.nio.file.Files.newByteChannel(Files.java:371)
	at java.base/java.nio.file.Files.newByteChannel(Files.java:422)
	at java.base/java.nio.file.spi.FileSystemProvider.newInputStream(FileSystemProvider.java:420)
	at java.base/java.nio.file.Files.newInputStream(Files.java:156)
	at org.apache.ratis.util.FileUtils.lambda$newInputStream$2(FileUtils.java:73)
	at org.apache.ratis.util.LogUtils.supplyAndLog(LogUtils.java:58)
	at org.apache.ratis.util.FileUtils.newInputStream(FileUtils.java:72)
	at org.apache.ratis.util.FileUtils.newInputStream(FileUtils.java:68)
	at org.apache.ratis.server.storage.RaftStorageImpl.readRaftConfiguration(RaftStorageImpl.java:156)
	at org.apache.ratis.server.impl.ServerState.initialize(ServerState.java:141)
	at org.apache.ratis.server.impl.RaftServerImpl.start(RaftServerImpl.java:388)
	at org.apache.ratis.util.ConcurrentUtils.accept(ConcurrentUtils.java:203)
	at org.apache.ratis.util.ConcurrentUtils.lambda$parallelForEachAsync$4(ConcurrentUtils.java:182)
	at java.base/java.util.concurrent.ThreadPoolExecutor.runWorker(ThreadPoolExecutor.java:1128)
	at java.base/java.util.concurrent.ThreadPoolExecutor$Worker.run(ThreadPoolExecutor.java:628)
	at java.base/java.lang.Thread.run(Thread.java:829)
2023-12-13 18:49:59,812 [s6-impl-thread1] INFO  server.RaftServerConfigKeys (ConfUtils.java:logGet(46)) - raft.server.log.use.memory = false (default)
2023-12-13 18:49:59,812 [s6-impl-thread1] INFO  server.RaftServerConfigKeys (ConfUtils.java:logGet(46)) - raft.server.log.purge.gap = 1024 (default)
2023-12-13 18:49:59,812 [s6-impl-thread1] INFO  server.RaftServerConfigKeys (ConfUtils.java:logGet(46)) - raft.server.log.appender.buffer.byte-limit = 4MB (=4194304) (default)
2023-12-13 18:49:59,812 [s6-impl-thread1] INFO  server.RaftServerConfigKeys (ConfUtils.java:logGet(46)) - raft.server.log.statemachine.data.read.timeout = 1000ms (default)
2023-12-13 18:49:59,812 [s6-impl-thread1] INFO  server.RaftServerConfigKeys (ConfUtils.java:logGet(46)) - raft.server.log.purge.preservation.log.num = 0 (default)
2023-12-13 18:49:59,812 [s6-impl-thread1] INFO  server.RaftServerConfigKeys (ConfUtils.java:logGet(46)) - raft.server.log.segment.size.max = 32MB (=33554432) (default)
2023-12-13 18:49:59,812 [s6-impl-thread1] INFO  server.RaftServerConfigKeys (ConfUtils.java:logGet(46)) - raft.server.log.segment.cache.num.max = 6 (default)
2023-12-13 18:49:59,812 [s6-impl-thread1] INFO  server.RaftServerConfigKeys (ConfUtils.java:logGet(46)) - raft.server.log.segment.cache.size.max = 200MB (=209715200) (default)
2023-12-13 18:49:59,812 [s6-impl-thread1] INFO  server.RaftServerConfigKeys (ConfUtils.java:logGet(46)) - raft.server.log.appender.buffer.byte-limit = 4MB (=4194304) (default)
2023-12-13 18:49:59,812 [s6-impl-thread1] INFO  util.AwaitToRun (AwaitToRun.java:start(81)) - Thread[s6@group-E92128DFC347-cacheEviction-AwaitToRun,5,main] started
2023-12-13 18:49:59,812 [s6-impl-thread1] INFO  segmented.SegmentedRaftLogWorker (SegmentedRaftLogWorker.java:<init>(182)) - new s6@group-E92128DFC347-SegmentedRaftLogWorker for RaftStorageImpl:Storage Directory /home/runner/work/ratis/ratis/ratis-test/target/test/data/b8de9602/MiniRaftClusterWithGrpce58ca676/s6/a1171f1f-98ce-4e17-a571-e92128dfc347
2023-12-13 18:49:59,812 [s6-impl-thread1] INFO  server.RaftServerConfigKeys (ConfUtils.java:logGet(46)) - raft.server.log.queue.byte-limit = 64MB (=67108864) (default)
2023-12-13 18:49:59,812 [s6-impl-thread1] INFO  server.RaftServerConfigKeys (ConfUtils.java:logGet(46)) - raft.server.log.queue.element-limit = 4096 (default)
2023-12-13 18:49:59,812 [s6-impl-thread1] INFO  server.RaftServerConfigKeys (ConfUtils.java:logGet(46)) - raft.server.log.segment.size.max = 32MB (=33554432) (default)
2023-12-13 18:49:59,812 [s6-impl-thread1] INFO  server.RaftServerConfigKeys (ConfUtils.java:logGet(46)) - raft.server.log.preallocated.size = 4MB (=4194304) (default)
2023-12-13 18:49:59,812 [s6-impl-thread1] INFO  server.RaftServerConfigKeys (ConfUtils.java:logGet(46)) - raft.server.log.force.sync.num = 128 (default)
2023-12-13 18:49:59,812 [s6-impl-thread1] INFO  server.RaftServerConfigKeys (ConfUtils.java:logGet(46)) - raft.server.log.statemachine.data.sync = true (default)
2023-12-13 18:49:59,812 [s6-impl-thread1] INFO  server.RaftServerConfigKeys (ConfUtils.java:logGet(46)) - raft.server.log.statemachine.data.sync.timeout = 10s (default)
2023-12-13 18:49:59,812 [s6-impl-thread1] INFO  server.RaftServerConfigKeys (ConfUtils.java:logGet(46)) - raft.server.log.statemachine.data.sync.timeout.retry = -1 (default)
2023-12-13 18:49:59,813 [s6-impl-thread1] INFO  server.RaftServerConfigKeys (ConfUtils.java:logGet(46)) - raft.server.log.write.buffer.size = 8MB (=8388608) (default)
2023-12-13 18:49:59,815 [s6-impl-thread1] INFO  server.RaftServerConfigKeys (ConfUtils.java:logGet(46)) - raft.server.log.appender.buffer.byte-limit = 4MB (=4194304) (default)
2023-12-13 18:49:59,815 [s6-impl-thread1] INFO  server.RaftServerConfigKeys (ConfUtils.java:logGet(46)) - raft.server.log.unsafe-flush.enabled = false (default)
2023-12-13 18:49:59,815 [s6-impl-thread1] INFO  server.RaftServerConfigKeys (ConfUtils.java:logGet(46)) - raft.server.log.async-flush.enabled = false (default)
2023-12-13 18:49:59,815 [s6-impl-thread1] INFO  server.RaftServerConfigKeys (ConfUtils.java:logGet(46)) - raft.server.log.statemachine.data.caching.enabled = false (default)
2023-12-13 18:49:59,815 [s6-impl-thread1] INFO  segmented.SegmentedRaftLogWorker (SegmentedRaftLogWorker.java:lambda$new$0(134)) - s6@group-E92128DFC347-SegmentedRaftLogWorker: flushIndex: setUnconditionally 0 -> -1
2023-12-13 18:49:59,815 [s6-impl-thread1] INFO  segmented.SegmentedRaftLogWorker (SegmentedRaftLogWorker.java:lambda$new$0(134)) - s6@group-E92128DFC347-SegmentedRaftLogWorker: safeCacheEvictIndex: setUnconditionally 0 -> -1
2023-12-13 18:49:59,815 [s6-impl-thread1] INFO  server.RaftServer$Division (RaftServerImpl.java:start(398)) - s6@group-E92128DFC347: start with initializing state, conf=-1: peers:[]|listeners:[], old=null
2023-12-13 18:49:59,815 [s6-impl-thread1] INFO  server.RaftServer$Division (RaftServerImpl.java:setRole(379)) - s6@group-E92128DFC347: changes role from      null to FOLLOWER at term 0 for startInitializing
2023-12-13 18:49:59,815 [s6-impl-thread1] INFO  util.JmxRegister (JmxRegister.java:tryRegister(44)) - Successfully registered JMX Bean with object name Ratis:service=RaftServer,group=group-E92128DFC347,id=s6
2023-12-13 18:49:59,815 [s6-impl-thread1] INFO  server.RaftServerConfigKeys (ConfUtils.java:logGet(46)) - raft.server.snapshot.trigger-when-stop.enabled = true (default)
2023-12-13 18:49:59,815 [s6-impl-thread1] INFO  server.RaftServerConfigKeys (ConfUtils.java:logGet(46)) - raft.server.snapshot.auto.trigger.enabled = false (default)
2023-12-13 18:49:59,815 [s6-impl-thread1] INFO  server.RaftServerConfigKeys (ConfUtils.java:logGet(46)) - raft.server.snapshot.retention.file.num = -1 (default)
2023-12-13 18:49:59,815 [s6-impl-thread1] INFO  server.RaftServerConfigKeys (ConfUtils.java:logGet(46)) - raft.server.log.purge.upto.snapshot.index = false (default)
2023-12-13 18:49:59,816 [Time-limited test] INFO  server.RaftServer (RaftServerProxy.java:startImpl(406)) - s6: start RPC server
2023-12-13 18:49:59,816 [Time-limited test] INFO  server.GrpcService (GrpcService.java:startImpl(302)) - s6: GrpcService started, listening on 41641
2023-12-13 18:49:59,816 [JvmPauseMonitor17] INFO  util.JvmPauseMonitor (JvmPauseMonitor.java:run(146)) - JvmPauseMonitor-s6: Started
2023-12-13 18:49:59,816 [s0-impl-thread1] INFO  server.RaftServerConfigKeys (ConfUtils.java:logGet(46)) - raft.server.storage.free-space.min = 0MB (=0) (default)
2023-12-13 18:49:59,816 [s0-impl-thread1] INFO  server.RaftServerConfigKeys (ConfUtils.java:logGet(46)) - raft.server.log.corruption.policy = EXCEPTION (default)
2023-12-13 18:49:59,816 [s0-impl-thread1] INFO  server.RaftServerConfigKeys (ConfUtils.java:logGet(46)) - raft.server.storage.dir = [/home/runner/work/ratis/ratis/ratis-test/target/test/data/b8de9602/MiniRaftClusterWithGrpce58ca676/s0] (custom)
2023-12-13 18:49:59,816 [s0-impl-thread1] INFO  storage.RaftStorageDirectory (RaftStorageDirectoryImpl.java:analyzeStorage(138)) - The storage directory /home/runner/work/ratis/ratis/ratis-test/target/test/data/b8de9602/MiniRaftClusterWithGrpce58ca676/s0/a1171f1f-98ce-4e17-a571-e92128dfc347 does not exist. Creating ...
2023-12-13 18:49:59,817 [s0-impl-thread1] TRACE util.FileUtils (LogUtils.java:runAndLog(49)) - Successfully ran Files.createDirectories /home/runner/work/ratis/ratis/ratis-test/target/test/data/b8de9602/MiniRaftClusterWithGrpce58ca676/s0/a1171f1f-98ce-4e17-a571-e92128dfc347
2023-12-13 18:49:59,817 [s0-impl-thread1] INFO  storage.RaftStorageDirectory (RaftStorageDirectoryImpl.java:tryLock(228)) - Lock on /home/runner/work/ratis/ratis/ratis-test/target/test/data/b8de9602/MiniRaftClusterWithGrpce58ca676/s0/a1171f1f-98ce-4e17-a571-e92128dfc347/in_use.lock acquired by nodename 24599@fv-az743-812
2023-12-13 18:49:59,818 [s0-impl-thread1] TRACE util.FileUtils (LogUtils.java:runAndLog(49)) - Successfully ran Files.createDirectories /home/runner/work/ratis/ratis/ratis-test/target/test/data/b8de9602/MiniRaftClusterWithGrpce58ca676/s0/a1171f1f-98ce-4e17-a571-e92128dfc347/current
2023-12-13 18:49:59,818 [s0-impl-thread1] TRACE util.FileUtils (LogUtils.java:runAndLog(49)) - Successfully ran Files.createDirectories /home/runner/work/ratis/ratis/ratis-test/target/test/data/b8de9602/MiniRaftClusterWithGrpce58ca676/s0/a1171f1f-98ce-4e17-a571-e92128dfc347/sm
2023-12-13 18:49:59,818 [s0-impl-thread1] TRACE util.FileUtils (LogUtils.java:supplyAndLog(69)) - Successfully supplied FileChannel.open /home/runner/work/ratis/ratis/ratis-test/target/test/data/b8de9602/MiniRaftClusterWithGrpce58ca676/s0/a1171f1f-98ce-4e17-a571-e92128dfc347/current/raft-meta.tmp with options [CREATE, WRITE]: sun.nio.ch.FileChannelImpl@4b5fd9b9
2023-12-13 18:49:59,818 [s0-impl-thread1] TRACE util.FileUtils (LogUtils.java:runAndLog(49)) - Successfully ran Atomic Files.move /home/runner/work/ratis/ratis/ratis-test/target/test/data/b8de9602/MiniRaftClusterWithGrpce58ca676/s0/a1171f1f-98ce-4e17-a571-e92128dfc347/current/raft-meta.tmp to /home/runner/work/ratis/ratis/ratis-test/target/test/data/b8de9602/MiniRaftClusterWithGrpce58ca676/s0/a1171f1f-98ce-4e17-a571-e92128dfc347/current/raft-meta with options [REPLACE_EXISTING]
2023-12-13 18:49:59,819 [s0-impl-thread1] INFO  storage.RaftStorage (RaftStorageImpl.java:format(99)) - Storage directory /home/runner/work/ratis/ratis/ratis-test/target/test/data/b8de9602/MiniRaftClusterWithGrpce58ca676/s0/a1171f1f-98ce-4e17-a571-e92128dfc347 has been successfully formatted.
2023-12-13 18:49:59,819 [s0-impl-thread1] TRACE util.FileUtils (LogUtils.java:supplyAndLog(61)) - Failed to Files.newInputStream /home/runner/work/ratis/ratis/ratis-test/target/test/data/b8de9602/MiniRaftClusterWithGrpce58ca676/s0/a1171f1f-98ce-4e17-a571-e92128dfc347/current/raft-meta.conf with options []
java.nio.file.NoSuchFileException: /home/runner/work/ratis/ratis/ratis-test/target/test/data/b8de9602/MiniRaftClusterWithGrpce58ca676/s0/a1171f1f-98ce-4e17-a571-e92128dfc347/current/raft-meta.conf
	at java.base/sun.nio.fs.UnixException.translateToIOException(UnixException.java:92)
	at java.base/sun.nio.fs.UnixException.rethrowAsIOException(UnixException.java:111)
	at java.base/sun.nio.fs.UnixException.rethrowAsIOException(UnixException.java:116)
	at java.base/sun.nio.fs.UnixFileSystemProvider.newByteChannel(UnixFileSystemProvider.java:219)
	at java.base/java.nio.file.Files.newByteChannel(Files.java:371)
	at java.base/java.nio.file.Files.newByteChannel(Files.java:422)
	at java.base/java.nio.file.spi.FileSystemProvider.newInputStream(FileSystemProvider.java:420)
	at java.base/java.nio.file.Files.newInputStream(Files.java:156)
	at org.apache.ratis.util.FileUtils.lambda$newInputStream$2(FileUtils.java:73)
	at org.apache.ratis.util.LogUtils.supplyAndLog(LogUtils.java:58)
	at org.apache.ratis.util.FileUtils.newInputStream(FileUtils.java:72)
	at org.apache.ratis.util.FileUtils.newInputStream(FileUtils.java:68)
	at org.apache.ratis.server.storage.RaftStorageImpl.readRaftConfiguration(RaftStorageImpl.java:156)
	at org.apache.ratis.server.impl.ServerState.initialize(ServerState.java:141)
	at org.apache.ratis.server.impl.RaftServerImpl.start(RaftServerImpl.java:388)
	at org.apache.ratis.util.ConcurrentUtils.accept(ConcurrentUtils.java:203)
	at org.apache.ratis.util.ConcurrentUtils.lambda$parallelForEachAsync$4(ConcurrentUtils.java:182)
	at java.base/java.util.concurrent.ThreadPoolExecutor.runWorker(ThreadPoolExecutor.java:1128)
	at java.base/java.util.concurrent.ThreadPoolExecutor$Worker.run(ThreadPoolExecutor.java:628)
	at java.base/java.lang.Thread.run(Thread.java:829)
2023-12-13 18:49:59,819 [s0-impl-thread1] INFO  server.RaftServerConfigKeys (ConfUtils.java:logGet(46)) - raft.server.log.use.memory = false (default)
2023-12-13 18:49:59,819 [s0-impl-thread1] INFO  server.RaftServerConfigKeys (ConfUtils.java:logGet(46)) - raft.server.log.purge.gap = 1024 (default)
2023-12-13 18:49:59,819 [s0-impl-thread1] INFO  server.RaftServerConfigKeys (ConfUtils.java:logGet(46)) - raft.server.log.appender.buffer.byte-limit = 4MB (=4194304) (default)
2023-12-13 18:49:59,819 [s0-impl-thread1] INFO  server.RaftServerConfigKeys (ConfUtils.java:logGet(46)) - raft.server.log.statemachine.data.read.timeout = 1000ms (default)
2023-12-13 18:49:59,819 [s0-impl-thread1] INFO  server.RaftServerConfigKeys (ConfUtils.java:logGet(46)) - raft.server.log.purge.preservation.log.num = 0 (default)
2023-12-13 18:49:59,819 [s0-impl-thread1] INFO  server.RaftServerConfigKeys (ConfUtils.java:logGet(46)) - raft.server.log.segment.size.max = 32MB (=33554432) (default)
2023-12-13 18:49:59,820 [s0-impl-thread1] INFO  server.RaftServerConfigKeys (ConfUtils.java:logGet(46)) - raft.server.log.segment.cache.num.max = 6 (default)
2023-12-13 18:49:59,820 [s0-impl-thread1] INFO  server.RaftServerConfigKeys (ConfUtils.java:logGet(46)) - raft.server.log.segment.cache.size.max = 200MB (=209715200) (default)
2023-12-13 18:49:59,820 [s0-impl-thread1] INFO  server.RaftServerConfigKeys (ConfUtils.java:logGet(46)) - raft.server.log.appender.buffer.byte-limit = 4MB (=4194304) (default)
2023-12-13 18:49:59,820 [s0-impl-thread1] INFO  util.AwaitToRun (AwaitToRun.java:start(81)) - Thread[s0@group-E92128DFC347-cacheEviction-AwaitToRun,5,main] started
2023-12-13 18:49:59,820 [s0-impl-thread1] INFO  segmented.SegmentedRaftLogWorker (SegmentedRaftLogWorker.java:<init>(182)) - new s0@group-E92128DFC347-SegmentedRaftLogWorker for RaftStorageImpl:Storage Directory /home/runner/work/ratis/ratis/ratis-test/target/test/data/b8de9602/MiniRaftClusterWithGrpce58ca676/s0/a1171f1f-98ce-4e17-a571-e92128dfc347
2023-12-13 18:49:59,820 [s0-impl-thread1] INFO  server.RaftServerConfigKeys (ConfUtils.java:logGet(46)) - raft.server.log.queue.byte-limit = 64MB (=67108864) (default)
2023-12-13 18:49:59,820 [s0-impl-thread1] INFO  server.RaftServerConfigKeys (ConfUtils.java:logGet(46)) - raft.server.log.queue.element-limit = 4096 (default)
2023-12-13 18:49:59,820 [s0-impl-thread1] INFO  server.RaftServerConfigKeys (ConfUtils.java:logGet(46)) - raft.server.log.segment.size.max = 32MB (=33554432) (default)
2023-12-13 18:49:59,820 [s0-impl-thread1] INFO  server.RaftServerConfigKeys (ConfUtils.java:logGet(46)) - raft.server.log.preallocated.size = 4MB (=4194304) (default)
2023-12-13 18:49:59,820 [s0-impl-thread1] INFO  server.RaftServerConfigKeys (ConfUtils.java:logGet(46)) - raft.server.log.force.sync.num = 128 (default)
2023-12-13 18:49:59,820 [s0-impl-thread1] INFO  server.RaftServerConfigKeys (ConfUtils.java:logGet(46)) - raft.server.log.statemachine.data.sync = true (default)
2023-12-13 18:49:59,820 [s0-impl-thread1] INFO  server.RaftServerConfigKeys (ConfUtils.java:logGet(46)) - raft.server.log.statemachine.data.sync.timeout = 10s (default)
2023-12-13 18:49:59,820 [s0-impl-thread1] INFO  server.RaftServerConfigKeys (ConfUtils.java:logGet(46)) - raft.server.log.statemachine.data.sync.timeout.retry = -1 (default)
2023-12-13 18:49:59,820 [s0-impl-thread1] INFO  server.RaftServerConfigKeys (ConfUtils.java:logGet(46)) - raft.server.log.write.buffer.size = 8MB (=8388608) (default)
2023-12-13 18:49:59,822 [s0-impl-thread1] INFO  server.RaftServerConfigKeys (ConfUtils.java:logGet(46)) - raft.server.log.appender.buffer.byte-limit = 4MB (=4194304) (default)
2023-12-13 18:49:59,822 [s0-impl-thread1] INFO  server.RaftServerConfigKeys (ConfUtils.java:logGet(46)) - raft.server.log.unsafe-flush.enabled = false (default)
2023-12-13 18:49:59,822 [s0-impl-thread1] INFO  server.RaftServerConfigKeys (ConfUtils.java:logGet(46)) - raft.server.log.async-flush.enabled = false (default)
2023-12-13 18:49:59,822 [s0-impl-thread1] INFO  server.RaftServerConfigKeys (ConfUtils.java:logGet(46)) - raft.server.log.statemachine.data.caching.enabled = false (default)
2023-12-13 18:49:59,823 [s0-impl-thread1] INFO  segmented.SegmentedRaftLogWorker (SegmentedRaftLogWorker.java:lambda$new$0(134)) - s0@group-E92128DFC347-SegmentedRaftLogWorker: flushIndex: setUnconditionally 0 -> -1
2023-12-13 18:49:59,823 [s0-impl-thread1] INFO  segmented.SegmentedRaftLogWorker (SegmentedRaftLogWorker.java:lambda$new$0(134)) - s0@group-E92128DFC347-SegmentedRaftLogWorker: safeCacheEvictIndex: setUnconditionally 0 -> -1
2023-12-13 18:49:59,823 [s0-impl-thread1] INFO  server.RaftServer$Division (RaftServerImpl.java:start(398)) - s0@group-E92128DFC347: start with initializing state, conf=-1: peers:[]|listeners:[], old=null
2023-12-13 18:49:59,823 [s0-impl-thread1] INFO  server.RaftServer$Division (RaftServerImpl.java:setRole(379)) - s0@group-E92128DFC347: changes role from      null to FOLLOWER at term 0 for startInitializing
2023-12-13 18:49:59,823 [s0-impl-thread1] INFO  util.JmxRegister (JmxRegister.java:tryRegister(44)) - Successfully registered JMX Bean with object name Ratis:service=RaftServer,group=group-E92128DFC347,id=s0
2023-12-13 18:49:59,823 [s0-impl-thread1] INFO  server.RaftServerConfigKeys (ConfUtils.java:logGet(46)) - raft.server.snapshot.trigger-when-stop.enabled = true (default)
2023-12-13 18:49:59,823 [s0-impl-thread1] INFO  server.RaftServerConfigKeys (ConfUtils.java:logGet(46)) - raft.server.snapshot.auto.trigger.enabled = false (default)
2023-12-13 18:49:59,823 [s0-impl-thread1] INFO  server.RaftServerConfigKeys (ConfUtils.java:logGet(46)) - raft.server.snapshot.retention.file.num = -1 (default)
2023-12-13 18:49:59,823 [s0-impl-thread1] INFO  server.RaftServerConfigKeys (ConfUtils.java:logGet(46)) - raft.server.log.purge.upto.snapshot.index = false (default)
2023-12-13 18:49:59,823 [Time-limited test] INFO  server.RaftServer (RaftServerProxy.java:startImpl(406)) - s0: start RPC server
2023-12-13 18:49:59,824 [Time-limited test] INFO  server.GrpcService (GrpcService.java:startImpl(302)) - s0: GrpcService started, listening on 40531
2023-12-13 18:49:59,824 [JvmPauseMonitor18] INFO  util.JvmPauseMonitor (JvmPauseMonitor.java:run(146)) - JvmPauseMonitor-s0: Started
2023-12-13 18:49:59,824 [s1-impl-thread1] INFO  server.RaftServerConfigKeys (ConfUtils.java:logGet(46)) - raft.server.storage.free-space.min = 0MB (=0) (default)
2023-12-13 18:49:59,824 [s1-impl-thread1] INFO  server.RaftServerConfigKeys (ConfUtils.java:logGet(46)) - raft.server.log.corruption.policy = EXCEPTION (default)
2023-12-13 18:49:59,824 [s1-impl-thread1] INFO  server.RaftServerConfigKeys (ConfUtils.java:logGet(46)) - raft.server.storage.dir = [/home/runner/work/ratis/ratis/ratis-test/target/test/data/b8de9602/MiniRaftClusterWithGrpce58ca676/s1] (custom)
2023-12-13 18:49:59,824 [s1-impl-thread1] INFO  storage.RaftStorageDirectory (RaftStorageDirectoryImpl.java:analyzeStorage(138)) - The storage directory /home/runner/work/ratis/ratis/ratis-test/target/test/data/b8de9602/MiniRaftClusterWithGrpce58ca676/s1/a1171f1f-98ce-4e17-a571-e92128dfc347 does not exist. Creating ...
2023-12-13 18:49:59,825 [s1-impl-thread1] TRACE util.FileUtils (LogUtils.java:runAndLog(49)) - Successfully ran Files.createDirectories /home/runner/work/ratis/ratis/ratis-test/target/test/data/b8de9602/MiniRaftClusterWithGrpce58ca676/s1/a1171f1f-98ce-4e17-a571-e92128dfc347
2023-12-13 18:49:59,825 [s1-impl-thread1] INFO  storage.RaftStorageDirectory (RaftStorageDirectoryImpl.java:tryLock(228)) - Lock on /home/runner/work/ratis/ratis/ratis-test/target/test/data/b8de9602/MiniRaftClusterWithGrpce58ca676/s1/a1171f1f-98ce-4e17-a571-e92128dfc347/in_use.lock acquired by nodename 24599@fv-az743-812
2023-12-13 18:49:59,825 [s1-impl-thread1] TRACE util.FileUtils (LogUtils.java:runAndLog(49)) - Successfully ran Files.createDirectories /home/runner/work/ratis/ratis/ratis-test/target/test/data/b8de9602/MiniRaftClusterWithGrpce58ca676/s1/a1171f1f-98ce-4e17-a571-e92128dfc347/current
2023-12-13 18:49:59,825 [s1-impl-thread1] TRACE util.FileUtils (LogUtils.java:runAndLog(49)) - Successfully ran Files.createDirectories /home/runner/work/ratis/ratis/ratis-test/target/test/data/b8de9602/MiniRaftClusterWithGrpce58ca676/s1/a1171f1f-98ce-4e17-a571-e92128dfc347/sm
2023-12-13 18:49:59,825 [s1-impl-thread1] TRACE util.FileUtils (LogUtils.java:supplyAndLog(69)) - Successfully supplied FileChannel.open /home/runner/work/ratis/ratis/ratis-test/target/test/data/b8de9602/MiniRaftClusterWithGrpce58ca676/s1/a1171f1f-98ce-4e17-a571-e92128dfc347/current/raft-meta.tmp with options [CREATE, WRITE]: sun.nio.ch.FileChannelImpl@3aeaee20
2023-12-13 18:49:59,826 [s1-impl-thread1] TRACE util.FileUtils (LogUtils.java:runAndLog(49)) - Successfully ran Atomic Files.move /home/runner/work/ratis/ratis/ratis-test/target/test/data/b8de9602/MiniRaftClusterWithGrpce58ca676/s1/a1171f1f-98ce-4e17-a571-e92128dfc347/current/raft-meta.tmp to /home/runner/work/ratis/ratis/ratis-test/target/test/data/b8de9602/MiniRaftClusterWithGrpce58ca676/s1/a1171f1f-98ce-4e17-a571-e92128dfc347/current/raft-meta with options [REPLACE_EXISTING]
2023-12-13 18:49:59,826 [s1-impl-thread1] INFO  storage.RaftStorage (RaftStorageImpl.java:format(99)) - Storage directory /home/runner/work/ratis/ratis/ratis-test/target/test/data/b8de9602/MiniRaftClusterWithGrpce58ca676/s1/a1171f1f-98ce-4e17-a571-e92128dfc347 has been successfully formatted.
2023-12-13 18:49:59,826 [s1-impl-thread1] TRACE util.FileUtils (LogUtils.java:supplyAndLog(61)) - Failed to Files.newInputStream /home/runner/work/ratis/ratis/ratis-test/target/test/data/b8de9602/MiniRaftClusterWithGrpce58ca676/s1/a1171f1f-98ce-4e17-a571-e92128dfc347/current/raft-meta.conf with options []
java.nio.file.NoSuchFileException: /home/runner/work/ratis/ratis/ratis-test/target/test/data/b8de9602/MiniRaftClusterWithGrpce58ca676/s1/a1171f1f-98ce-4e17-a571-e92128dfc347/current/raft-meta.conf
	at java.base/sun.nio.fs.UnixException.translateToIOException(UnixException.java:92)
	at java.base/sun.nio.fs.UnixException.rethrowAsIOException(UnixException.java:111)
	at java.base/sun.nio.fs.UnixException.rethrowAsIOException(UnixException.java:116)
	at java.base/sun.nio.fs.UnixFileSystemProvider.newByteChannel(UnixFileSystemProvider.java:219)
	at java.base/java.nio.file.Files.newByteChannel(Files.java:371)
	at java.base/java.nio.file.Files.newByteChannel(Files.java:422)
	at java.base/java.nio.file.spi.FileSystemProvider.newInputStream(FileSystemProvider.java:420)
	at java.base/java.nio.file.Files.newInputStream(Files.java:156)
	at org.apache.ratis.util.FileUtils.lambda$newInputStream$2(FileUtils.java:73)
	at org.apache.ratis.util.LogUtils.supplyAndLog(LogUtils.java:58)
	at org.apache.ratis.util.FileUtils.newInputStream(FileUtils.java:72)
	at org.apache.ratis.util.FileUtils.newInputStream(FileUtils.java:68)
	at org.apache.ratis.server.storage.RaftStorageImpl.readRaftConfiguration(RaftStorageImpl.java:156)
	at org.apache.ratis.server.impl.ServerState.initialize(ServerState.java:141)
	at org.apache.ratis.server.impl.RaftServerImpl.start(RaftServerImpl.java:388)
	at org.apache.ratis.util.ConcurrentUtils.accept(ConcurrentUtils.java:203)
	at org.apache.ratis.util.ConcurrentUtils.lambda$parallelForEachAsync$4(ConcurrentUtils.java:182)
	at java.base/java.util.concurrent.ThreadPoolExecutor.runWorker(ThreadPoolExecutor.java:1128)
	at java.base/java.util.concurrent.ThreadPoolExecutor$Worker.run(ThreadPoolExecutor.java:628)
	at java.base/java.lang.Thread.run(Thread.java:829)
2023-12-13 18:49:59,827 [s1-impl-thread1] INFO  server.RaftServerConfigKeys (ConfUtils.java:logGet(46)) - raft.server.log.use.memory = false (default)
2023-12-13 18:49:59,827 [s1-impl-thread1] INFO  server.RaftServerConfigKeys (ConfUtils.java:logGet(46)) - raft.server.log.purge.gap = 1024 (default)
2023-12-13 18:49:59,827 [s1-impl-thread1] INFO  server.RaftServerConfigKeys (ConfUtils.java:logGet(46)) - raft.server.log.appender.buffer.byte-limit = 4MB (=4194304) (default)
2023-12-13 18:49:59,827 [s1-impl-thread1] INFO  server.RaftServerConfigKeys (ConfUtils.java:logGet(46)) - raft.server.log.statemachine.data.read.timeout = 1000ms (default)
2023-12-13 18:49:59,827 [s1-impl-thread1] INFO  server.RaftServerConfigKeys (ConfUtils.java:logGet(46)) - raft.server.log.purge.preservation.log.num = 0 (default)
2023-12-13 18:49:59,827 [s1-impl-thread1] INFO  server.RaftServerConfigKeys (ConfUtils.java:logGet(46)) - raft.server.log.segment.size.max = 32MB (=33554432) (default)
2023-12-13 18:49:59,828 [s1-impl-thread1] INFO  server.RaftServerConfigKeys (ConfUtils.java:logGet(46)) - raft.server.log.segment.cache.num.max = 6 (default)
2023-12-13 18:49:59,828 [s1-impl-thread1] INFO  server.RaftServerConfigKeys (ConfUtils.java:logGet(46)) - raft.server.log.segment.cache.size.max = 200MB (=209715200) (default)
2023-12-13 18:49:59,828 [s1-impl-thread1] INFO  server.RaftServerConfigKeys (ConfUtils.java:logGet(46)) - raft.server.log.appender.buffer.byte-limit = 4MB (=4194304) (default)
2023-12-13 18:49:59,828 [s1-impl-thread1] INFO  util.AwaitToRun (AwaitToRun.java:start(81)) - Thread[s1@group-E92128DFC347-cacheEviction-AwaitToRun,5,main] started
2023-12-13 18:49:59,828 [s1-impl-thread1] INFO  segmented.SegmentedRaftLogWorker (SegmentedRaftLogWorker.java:<init>(182)) - new s1@group-E92128DFC347-SegmentedRaftLogWorker for RaftStorageImpl:Storage Directory /home/runner/work/ratis/ratis/ratis-test/target/test/data/b8de9602/MiniRaftClusterWithGrpce58ca676/s1/a1171f1f-98ce-4e17-a571-e92128dfc347
2023-12-13 18:49:59,828 [s1-impl-thread1] INFO  server.RaftServerConfigKeys (ConfUtils.java:logGet(46)) - raft.server.log.queue.byte-limit = 64MB (=67108864) (default)
2023-12-13 18:49:59,828 [s1-impl-thread1] INFO  server.RaftServerConfigKeys (ConfUtils.java:logGet(46)) - raft.server.log.queue.element-limit = 4096 (default)
2023-12-13 18:49:59,828 [s1-impl-thread1] INFO  server.RaftServerConfigKeys (ConfUtils.java:logGet(46)) - raft.server.log.segment.size.max = 32MB (=33554432) (default)
2023-12-13 18:49:59,828 [s1-impl-thread1] INFO  server.RaftServerConfigKeys (ConfUtils.java:logGet(46)) - raft.server.log.preallocated.size = 4MB (=4194304) (default)
2023-12-13 18:49:59,828 [s1-impl-thread1] INFO  server.RaftServerConfigKeys (ConfUtils.java:logGet(46)) - raft.server.log.force.sync.num = 128 (default)
2023-12-13 18:49:59,828 [s1-impl-thread1] INFO  server.RaftServerConfigKeys (ConfUtils.java:logGet(46)) - raft.server.log.statemachine.data.sync = true (default)
2023-12-13 18:49:59,828 [s1-impl-thread1] INFO  server.RaftServerConfigKeys (ConfUtils.java:logGet(46)) - raft.server.log.statemachine.data.sync.timeout = 10s (default)
2023-12-13 18:49:59,828 [s1-impl-thread1] INFO  server.RaftServerConfigKeys (ConfUtils.java:logGet(46)) - raft.server.log.statemachine.data.sync.timeout.retry = -1 (default)
2023-12-13 18:49:59,828 [s1-impl-thread1] INFO  server.RaftServerConfigKeys (ConfUtils.java:logGet(46)) - raft.server.log.write.buffer.size = 8MB (=8388608) (default)
2023-12-13 18:49:59,829 [s1-impl-thread1] INFO  server.RaftServerConfigKeys (ConfUtils.java:logGet(46)) - raft.server.log.appender.buffer.byte-limit = 4MB (=4194304) (default)
2023-12-13 18:49:59,829 [s1-impl-thread1] INFO  server.RaftServerConfigKeys (ConfUtils.java:logGet(46)) - raft.server.log.unsafe-flush.enabled = false (default)
2023-12-13 18:49:59,829 [s1-impl-thread1] INFO  server.RaftServerConfigKeys (ConfUtils.java:logGet(46)) - raft.server.log.async-flush.enabled = false (default)
2023-12-13 18:49:59,829 [s1-impl-thread1] INFO  server.RaftServerConfigKeys (ConfUtils.java:logGet(46)) - raft.server.log.statemachine.data.caching.enabled = false (default)
2023-12-13 18:49:59,829 [s1-impl-thread1] INFO  segmented.SegmentedRaftLogWorker (SegmentedRaftLogWorker.java:lambda$new$0(134)) - s1@group-E92128DFC347-SegmentedRaftLogWorker: flushIndex: setUnconditionally 0 -> -1
2023-12-13 18:49:59,830 [s1-impl-thread1] INFO  segmented.SegmentedRaftLogWorker (SegmentedRaftLogWorker.java:lambda$new$0(134)) - s1@group-E92128DFC347-SegmentedRaftLogWorker: safeCacheEvictIndex: setUnconditionally 0 -> -1
2023-12-13 18:49:59,830 [s1-impl-thread1] INFO  server.RaftServer$Division (RaftServerImpl.java:start(398)) - s1@group-E92128DFC347: start with initializing state, conf=-1: peers:[]|listeners:[], old=null
2023-12-13 18:49:59,830 [s1-impl-thread1] INFO  server.RaftServer$Division (RaftServerImpl.java:setRole(379)) - s1@group-E92128DFC347: changes role from      null to FOLLOWER at term 0 for startInitializing
2023-12-13 18:49:59,830 [s1-impl-thread1] INFO  util.JmxRegister (JmxRegister.java:tryRegister(44)) - Successfully registered JMX Bean with object name Ratis:service=RaftServer,group=group-E92128DFC347,id=s1
2023-12-13 18:49:59,830 [s1-impl-thread1] INFO  server.RaftServerConfigKeys (ConfUtils.java:logGet(46)) - raft.server.snapshot.trigger-when-stop.enabled = true (default)
2023-12-13 18:49:59,830 [s1-impl-thread1] INFO  server.RaftServerConfigKeys (ConfUtils.java:logGet(46)) - raft.server.snapshot.auto.trigger.enabled = false (default)
2023-12-13 18:49:59,830 [s1-impl-thread1] INFO  server.RaftServerConfigKeys (ConfUtils.java:logGet(46)) - raft.server.snapshot.retention.file.num = -1 (default)
2023-12-13 18:49:59,830 [s1-impl-thread1] INFO  server.RaftServerConfigKeys (ConfUtils.java:logGet(46)) - raft.server.log.purge.upto.snapshot.index = false (default)
2023-12-13 18:49:59,830 [Time-limited test] INFO  server.RaftServer (RaftServerProxy.java:startImpl(406)) - s1: start RPC server
2023-12-13 18:49:59,831 [Time-limited test] INFO  server.GrpcService (GrpcService.java:startImpl(302)) - s1: GrpcService started, listening on 37953
2023-12-13 18:49:59,831 [s2-impl-thread1] INFO  server.RaftServerConfigKeys (ConfUtils.java:logGet(46)) - raft.server.storage.free-space.min = 0MB (=0) (default)
2023-12-13 18:49:59,831 [s2-impl-thread1] INFO  server.RaftServerConfigKeys (ConfUtils.java:logGet(46)) - raft.server.log.corruption.policy = EXCEPTION (default)
2023-12-13 18:49:59,831 [s2-impl-thread1] INFO  server.RaftServerConfigKeys (ConfUtils.java:logGet(46)) - raft.server.storage.dir = [/home/runner/work/ratis/ratis/ratis-test/target/test/data/b8de9602/MiniRaftClusterWithGrpce58ca676/s2] (custom)
2023-12-13 18:49:59,832 [s2-impl-thread1] INFO  storage.RaftStorageDirectory (RaftStorageDirectoryImpl.java:analyzeStorage(138)) - The storage directory /home/runner/work/ratis/ratis/ratis-test/target/test/data/b8de9602/MiniRaftClusterWithGrpce58ca676/s2/a1171f1f-98ce-4e17-a571-e92128dfc347 does not exist. Creating ...
2023-12-13 18:49:59,832 [s2-impl-thread1] TRACE util.FileUtils (LogUtils.java:runAndLog(49)) - Successfully ran Files.createDirectories /home/runner/work/ratis/ratis/ratis-test/target/test/data/b8de9602/MiniRaftClusterWithGrpce58ca676/s2/a1171f1f-98ce-4e17-a571-e92128dfc347
2023-12-13 18:49:59,832 [JvmPauseMonitor19] INFO  util.JvmPauseMonitor (JvmPauseMonitor.java:run(146)) - JvmPauseMonitor-s1: Started
2023-12-13 18:49:59,833 [s2-impl-thread1] INFO  storage.RaftStorageDirectory (RaftStorageDirectoryImpl.java:tryLock(228)) - Lock on /home/runner/work/ratis/ratis/ratis-test/target/test/data/b8de9602/MiniRaftClusterWithGrpce58ca676/s2/a1171f1f-98ce-4e17-a571-e92128dfc347/in_use.lock acquired by nodename 24599@fv-az743-812
2023-12-13 18:49:59,833 [s2-impl-thread1] TRACE util.FileUtils (LogUtils.java:runAndLog(49)) - Successfully ran Files.createDirectories /home/runner/work/ratis/ratis/ratis-test/target/test/data/b8de9602/MiniRaftClusterWithGrpce58ca676/s2/a1171f1f-98ce-4e17-a571-e92128dfc347/current
2023-12-13 18:49:59,833 [s2-impl-thread1] TRACE util.FileUtils (LogUtils.java:runAndLog(49)) - Successfully ran Files.createDirectories /home/runner/work/ratis/ratis/ratis-test/target/test/data/b8de9602/MiniRaftClusterWithGrpce58ca676/s2/a1171f1f-98ce-4e17-a571-e92128dfc347/sm
2023-12-13 18:49:59,833 [s2-impl-thread1] TRACE util.FileUtils (LogUtils.java:supplyAndLog(69)) - Successfully supplied FileChannel.open /home/runner/work/ratis/ratis/ratis-test/target/test/data/b8de9602/MiniRaftClusterWithGrpce58ca676/s2/a1171f1f-98ce-4e17-a571-e92128dfc347/current/raft-meta.tmp with options [CREATE, WRITE]: sun.nio.ch.FileChannelImpl@dee7301
2023-12-13 18:49:59,834 [s2-impl-thread1] TRACE util.FileUtils (LogUtils.java:runAndLog(49)) - Successfully ran Atomic Files.move /home/runner/work/ratis/ratis/ratis-test/target/test/data/b8de9602/MiniRaftClusterWithGrpce58ca676/s2/a1171f1f-98ce-4e17-a571-e92128dfc347/current/raft-meta.tmp to /home/runner/work/ratis/ratis/ratis-test/target/test/data/b8de9602/MiniRaftClusterWithGrpce58ca676/s2/a1171f1f-98ce-4e17-a571-e92128dfc347/current/raft-meta with options [REPLACE_EXISTING]
2023-12-13 18:49:59,834 [s2-impl-thread1] INFO  storage.RaftStorage (RaftStorageImpl.java:format(99)) - Storage directory /home/runner/work/ratis/ratis/ratis-test/target/test/data/b8de9602/MiniRaftClusterWithGrpce58ca676/s2/a1171f1f-98ce-4e17-a571-e92128dfc347 has been successfully formatted.
2023-12-13 18:49:59,834 [s2-impl-thread1] TRACE util.FileUtils (LogUtils.java:supplyAndLog(61)) - Failed to Files.newInputStream /home/runner/work/ratis/ratis/ratis-test/target/test/data/b8de9602/MiniRaftClusterWithGrpce58ca676/s2/a1171f1f-98ce-4e17-a571-e92128dfc347/current/raft-meta.conf with options []
java.nio.file.NoSuchFileException: /home/runner/work/ratis/ratis/ratis-test/target/test/data/b8de9602/MiniRaftClusterWithGrpce58ca676/s2/a1171f1f-98ce-4e17-a571-e92128dfc347/current/raft-meta.conf
	at java.base/sun.nio.fs.UnixException.translateToIOException(UnixException.java:92)
	at java.base/sun.nio.fs.UnixException.rethrowAsIOException(UnixException.java:111)
	at java.base/sun.nio.fs.UnixException.rethrowAsIOException(UnixException.java:116)
	at java.base/sun.nio.fs.UnixFileSystemProvider.newByteChannel(UnixFileSystemProvider.java:219)
	at java.base/java.nio.file.Files.newByteChannel(Files.java:371)
	at java.base/java.nio.file.Files.newByteChannel(Files.java:422)
	at java.base/java.nio.file.spi.FileSystemProvider.newInputStream(FileSystemProvider.java:420)
	at java.base/java.nio.file.Files.newInputStream(Files.java:156)
	at org.apache.ratis.util.FileUtils.lambda$newInputStream$2(FileUtils.java:73)
	at org.apache.ratis.util.LogUtils.supplyAndLog(LogUtils.java:58)
	at org.apache.ratis.util.FileUtils.newInputStream(FileUtils.java:72)
	at org.apache.ratis.util.FileUtils.newInputStream(FileUtils.java:68)
	at org.apache.ratis.server.storage.RaftStorageImpl.readRaftConfiguration(RaftStorageImpl.java:156)
	at org.apache.ratis.server.impl.ServerState.initialize(ServerState.java:141)
	at org.apache.ratis.server.impl.RaftServerImpl.start(RaftServerImpl.java:388)
	at org.apache.ratis.util.ConcurrentUtils.accept(ConcurrentUtils.java:203)
	at org.apache.ratis.util.ConcurrentUtils.lambda$parallelForEachAsync$4(ConcurrentUtils.java:182)
	at java.base/java.util.concurrent.ThreadPoolExecutor.runWorker(ThreadPoolExecutor.java:1128)
	at java.base/java.util.concurrent.ThreadPoolExecutor$Worker.run(ThreadPoolExecutor.java:628)
	at java.base/java.lang.Thread.run(Thread.java:829)
2023-12-13 18:49:59,834 [s2-impl-thread1] INFO  server.RaftServerConfigKeys (ConfUtils.java:logGet(46)) - raft.server.log.use.memory = false (default)
2023-12-13 18:49:59,834 [s2-impl-thread1] INFO  server.RaftServerConfigKeys (ConfUtils.java:logGet(46)) - raft.server.log.purge.gap = 1024 (default)
2023-12-13 18:49:59,834 [s2-impl-thread1] INFO  server.RaftServerConfigKeys (ConfUtils.java:logGet(46)) - raft.server.log.appender.buffer.byte-limit = 4MB (=4194304) (default)
2023-12-13 18:49:59,834 [s2-impl-thread1] INFO  server.RaftServerConfigKeys (ConfUtils.java:logGet(46)) - raft.server.log.statemachine.data.read.timeout = 1000ms (default)
2023-12-13 18:49:59,834 [s2-impl-thread1] INFO  server.RaftServerConfigKeys (ConfUtils.java:logGet(46)) - raft.server.log.purge.preservation.log.num = 0 (default)
2023-12-13 18:49:59,835 [s2-impl-thread1] INFO  server.RaftServerConfigKeys (ConfUtils.java:logGet(46)) - raft.server.log.segment.size.max = 32MB (=33554432) (default)
2023-12-13 18:49:59,835 [s2-impl-thread1] INFO  server.RaftServerConfigKeys (ConfUtils.java:logGet(46)) - raft.server.log.segment.cache.num.max = 6 (default)
2023-12-13 18:49:59,835 [s2-impl-thread1] INFO  server.RaftServerConfigKeys (ConfUtils.java:logGet(46)) - raft.server.log.segment.cache.size.max = 200MB (=209715200) (default)
2023-12-13 18:49:59,835 [s2-impl-thread1] INFO  server.RaftServerConfigKeys (ConfUtils.java:logGet(46)) - raft.server.log.appender.buffer.byte-limit = 4MB (=4194304) (default)
2023-12-13 18:49:59,835 [s2-impl-thread1] INFO  util.AwaitToRun (AwaitToRun.java:start(81)) - Thread[s2@group-E92128DFC347-cacheEviction-AwaitToRun,5,main] started
2023-12-13 18:49:59,835 [s2-impl-thread1] INFO  segmented.SegmentedRaftLogWorker (SegmentedRaftLogWorker.java:<init>(182)) - new s2@group-E92128DFC347-SegmentedRaftLogWorker for RaftStorageImpl:Storage Directory /home/runner/work/ratis/ratis/ratis-test/target/test/data/b8de9602/MiniRaftClusterWithGrpce58ca676/s2/a1171f1f-98ce-4e17-a571-e92128dfc347
2023-12-13 18:49:59,835 [s2-impl-thread1] INFO  server.RaftServerConfigKeys (ConfUtils.java:logGet(46)) - raft.server.log.queue.byte-limit = 64MB (=67108864) (default)
2023-12-13 18:49:59,835 [s2-impl-thread1] INFO  server.RaftServerConfigKeys (ConfUtils.java:logGet(46)) - raft.server.log.queue.element-limit = 4096 (default)
2023-12-13 18:49:59,835 [s2-impl-thread1] INFO  server.RaftServerConfigKeys (ConfUtils.java:logGet(46)) - raft.server.log.segment.size.max = 32MB (=33554432) (default)
2023-12-13 18:49:59,835 [s2-impl-thread1] INFO  server.RaftServerConfigKeys (ConfUtils.java:logGet(46)) - raft.server.log.preallocated.size = 4MB (=4194304) (default)
2023-12-13 18:49:59,835 [s2-impl-thread1] INFO  server.RaftServerConfigKeys (ConfUtils.java:logGet(46)) - raft.server.log.force.sync.num = 128 (default)
2023-12-13 18:49:59,835 [s2-impl-thread1] INFO  server.RaftServerConfigKeys (ConfUtils.java:logGet(46)) - raft.server.log.statemachine.data.sync = true (default)
2023-12-13 18:49:59,835 [s2-impl-thread1] INFO  server.RaftServerConfigKeys (ConfUtils.java:logGet(46)) - raft.server.log.statemachine.data.sync.timeout = 10s (default)
2023-12-13 18:49:59,835 [s2-impl-thread1] INFO  server.RaftServerConfigKeys (ConfUtils.java:logGet(46)) - raft.server.log.statemachine.data.sync.timeout.retry = -1 (default)
2023-12-13 18:49:59,836 [s2-impl-thread1] INFO  server.RaftServerConfigKeys (ConfUtils.java:logGet(46)) - raft.server.log.write.buffer.size = 8MB (=8388608) (default)
2023-12-13 18:49:59,837 [s2-impl-thread1] INFO  server.RaftServerConfigKeys (ConfUtils.java:logGet(46)) - raft.server.log.appender.buffer.byte-limit = 4MB (=4194304) (default)
2023-12-13 18:49:59,838 [s2-impl-thread1] INFO  server.RaftServerConfigKeys (ConfUtils.java:logGet(46)) - raft.server.log.unsafe-flush.enabled = false (default)
2023-12-13 18:49:59,838 [s2-impl-thread1] INFO  server.RaftServerConfigKeys (ConfUtils.java:logGet(46)) - raft.server.log.async-flush.enabled = false (default)
2023-12-13 18:49:59,838 [s2-impl-thread1] INFO  server.RaftServerConfigKeys (ConfUtils.java:logGet(46)) - raft.server.log.statemachine.data.caching.enabled = false (default)
2023-12-13 18:49:59,838 [s2-impl-thread1] INFO  segmented.SegmentedRaftLogWorker (SegmentedRaftLogWorker.java:lambda$new$0(134)) - s2@group-E92128DFC347-SegmentedRaftLogWorker: flushIndex: setUnconditionally 0 -> -1
2023-12-13 18:49:59,838 [s2-impl-thread1] INFO  segmented.SegmentedRaftLogWorker (SegmentedRaftLogWorker.java:lambda$new$0(134)) - s2@group-E92128DFC347-SegmentedRaftLogWorker: safeCacheEvictIndex: setUnconditionally 0 -> -1
2023-12-13 18:49:59,838 [s2-impl-thread1] INFO  server.RaftServer$Division (RaftServerImpl.java:start(398)) - s2@group-E92128DFC347: start with initializing state, conf=-1: peers:[]|listeners:[], old=null
2023-12-13 18:49:59,838 [s2-impl-thread1] INFO  server.RaftServer$Division (RaftServerImpl.java:setRole(379)) - s2@group-E92128DFC347: changes role from      null to FOLLOWER at term 0 for startInitializing
2023-12-13 18:49:59,838 [s2-impl-thread1] INFO  util.JmxRegister (JmxRegister.java:tryRegister(44)) - Successfully registered JMX Bean with object name Ratis:service=RaftServer,group=group-E92128DFC347,id=s2
2023-12-13 18:49:59,838 [s2-impl-thread1] INFO  server.RaftServerConfigKeys (ConfUtils.java:logGet(46)) - raft.server.snapshot.trigger-when-stop.enabled = true (default)
2023-12-13 18:49:59,838 [s2-impl-thread1] INFO  server.RaftServerConfigKeys (ConfUtils.java:logGet(46)) - raft.server.snapshot.auto.trigger.enabled = false (default)
2023-12-13 18:49:59,838 [s2-impl-thread1] INFO  server.RaftServerConfigKeys (ConfUtils.java:logGet(46)) - raft.server.snapshot.retention.file.num = -1 (default)
2023-12-13 18:49:59,838 [s2-impl-thread1] INFO  server.RaftServerConfigKeys (ConfUtils.java:logGet(46)) - raft.server.log.purge.upto.snapshot.index = false (default)
2023-12-13 18:49:59,839 [Time-limited test] INFO  server.RaftServer (RaftServerProxy.java:startImpl(406)) - s2: start RPC server
2023-12-13 18:49:59,839 [Time-limited test] INFO  server.GrpcService (GrpcService.java:startImpl(302)) - s2: GrpcService started, listening on 44821
2023-12-13 18:49:59,839 [JvmPauseMonitor20] INFO  util.JvmPauseMonitor (JvmPauseMonitor.java:run(146)) - JvmPauseMonitor-s2: Started
2023-12-13 18:50:00,840 [Time-limited test] INFO  impl.GroupManagementBaseTest (GroupManagementBaseTest.java:runMultiGroupTest(267)) - start: printing ALL groups
  s3:  RUNNING  FOLLOWER s3@group-E92128DFC347:t0, leader=null, voted=, raftlog=Memoized:s3@group-E92128DFC347-SegmentedRaftLog:OPENED:c-1, conf=-1: peers:[]|listeners:[], old=null STARTING
  s4:  RUNNING  FOLLOWER s4@group-E92128DFC347:t0, leader=null, voted=, raftlog=Memoized:s4@group-E92128DFC347-SegmentedRaftLog:OPENED:c-1, conf=-1: peers:[]|listeners:[], old=null STARTING
  s5:  RUNNING  FOLLOWER s5@group-E92128DFC347:t0, leader=null, voted=, raftlog=Memoized:s5@group-E92128DFC347-SegmentedRaftLog:OPENED:c-1, conf=-1: peers:[]|listeners:[], old=null STARTING
  s6:  RUNNING  FOLLOWER s6@group-E92128DFC347:t0, leader=null, voted=, raftlog=Memoized:s6@group-E92128DFC347-SegmentedRaftLog:OPENED:c-1, conf=-1: peers:[]|listeners:[], old=null STARTING
  s0:  RUNNING  FOLLOWER s0@group-E92128DFC347:t0, leader=null, voted=, raftlog=Memoized:s0@group-E92128DFC347-SegmentedRaftLog:OPENED:c-1, conf=-1: peers:[]|listeners:[], old=null STARTING
  s1:  RUNNING  FOLLOWER s1@group-E92128DFC347:t0, leader=null, voted=, raftlog=Memoized:s1@group-E92128DFC347-SegmentedRaftLog:OPENED:c-1, conf=-1: peers:[]|listeners:[], old=null STARTING
  s2:  RUNNING  FOLLOWER s2@group-E92128DFC347:t0, leader=null, voted=, raftlog=Memoized:s2@group-E92128DFC347-SegmentedRaftLog:OPENED:c-1, conf=-1: peers:[]|listeners:[], old=null STARTING
2023-12-13 18:50:00,841 [Time-limited test] INFO  impl.GroupManagementBaseTest (GroupManagementBaseTest.java:runMultiGroupTest(281)) - 0) starting group-B09C534A0420:[s0|0.0.0.0:40531]
2023-12-13 18:50:00,841 [Time-limited test] DEBUG client.RaftClient (ConfUtils.java:logGet(46)) - raft.rpc.type = GRPC (default)
2023-12-13 18:50:00,846 [grpc-default-executor-0] INFO  server.RaftServer (RaftServerProxy.java:addNew(100)) - s0: addNew group-B09C534A0420:[s0|0.0.0.0:40531] returns group-B09C534A0420:java.util.concurrent.CompletableFuture@4de51656[Not completed]
2023-12-13 18:50:00,846 [s0-groupManagement] INFO  server.RaftServer$Division (RaftServerImpl.java:<init>(256)) - s0: new RaftServerImpl for group-B09C534A0420:[s0|0.0.0.0:40531] with BaseStateMachine:uninitialized
2023-12-13 18:50:00,847 [s0-groupManagement] INFO  server.RaftServerConfigKeys (ConfUtils.java:logGet(46)) - raft.server.rpc.timeout.min = 1500ms (custom)
2023-12-13 18:50:00,847 [s0-groupManagement] INFO  server.RaftServerConfigKeys (ConfUtils.java:logGet(46)) - raft.server.rpc.timeout.max = 2000ms (custom)
2023-12-13 18:50:00,847 [s0-groupManagement] INFO  server.RaftServerConfigKeys (ConfUtils.java:logGet(46)) - raft.server.rpc.sleep.time = 25ms (default)
2023-12-13 18:50:00,847 [s0-groupManagement] INFO  server.RaftServerConfigKeys (ConfUtils.java:logGet(46)) - raft.server.rpc.slowness.timeout = 60s (default)
2023-12-13 18:50:00,847 [s0-groupManagement] INFO  server.RaftServerConfigKeys (ConfUtils.java:logGet(46)) - raft.server.leaderelection.leader.step-down.wait-time = 10s (default)
2023-12-13 18:50:00,847 [s0-groupManagement] INFO  server.RaftServerConfigKeys (ConfUtils.java:logGet(46)) - raft.server.leaderelection.member.majority-add = false (default)
2023-12-13 18:50:00,847 [s0-groupManagement] INFO  server.RaftServerConfigKeys (ConfUtils.java:logGet(46)) - raft.server.sleep.deviation.threshold = 300ms (default)
2023-12-13 18:50:00,847 [s0-groupManagement] INFO  server.RaftServer$Division (ServerState.java:<init>(113)) - s0@group-B09C534A0420: ConfigurationManager, init=-1: peers:[s0|0.0.0.0:40531]|listeners:[], old=null, confs=<EMPTY_MAP>
2023-12-13 18:50:00,847 [s0-groupManagement] INFO  server.RaftServerConfigKeys (ConfUtils.java:logGet(46)) - raft.server.notification.no-leader.timeout = 60s (default)
2023-12-13 18:50:00,847 [s0-groupManagement] INFO  server.RaftServerConfigKeys (ConfUtils.java:logGet(46)) - raft.server.read.timeout = 10s (default)
2023-12-13 18:50:00,847 [s0-groupManagement] INFO  server.RaftServerConfigKeys (ConfUtils.java:logGet(46)) - raft.server.retrycache.expirytime = 60s (default)
2023-12-13 18:50:00,847 [s0-groupManagement] INFO  server.RaftServerConfigKeys (ConfUtils.java:logGet(46)) - raft.server.retrycache.statistics.expirytime = 100ms (default)
2023-12-13 18:50:00,847 [s0-groupManagement] INFO  server.RaftServerConfigKeys (ConfUtils.java:logGet(46)) - raft.server.read.option = DEFAULT (default)
2023-12-13 18:50:00,847 [s0-groupManagement] INFO  server.RaftServerConfigKeys (ConfUtils.java:logGet(46)) - raft.server.read.read-after-write-consistent.write-index-cache.expiry-time = 60s (default)
2023-12-13 18:50:00,848 [s0-groupManagement] INFO  server.RaftServerConfigKeys (ConfUtils.java:logGet(46)) - raft.server.rpc.request.timeout = 3000ms (default)
2023-12-13 18:50:00,848 [s0-groupManagement] INFO  server.RaftServerConfigKeys (ConfUtils.java:logGet(46)) - raft.server.log.appender.install.snapshot.enabled = true (default)
2023-12-13 18:50:00,848 [s0-groupManagement] INFO  server.RaftServerConfigKeys (ConfUtils.java:logGet(46)) - raft.server.threadpool.server.cached = true (default)
2023-12-13 18:50:00,848 [s0-groupManagement] INFO  server.RaftServerConfigKeys (ConfUtils.java:logGet(46)) - raft.server.threadpool.server.size = 0 (default)
2023-12-13 18:50:00,848 [s0-groupManagement] INFO  server.RaftServerConfigKeys (ConfUtils.java:logGet(46)) - raft.server.threadpool.client.cached = true (default)
2023-12-13 18:50:00,848 [s0-groupManagement] INFO  server.RaftServerConfigKeys (ConfUtils.java:logGet(46)) - raft.server.threadpool.client.size = 0 (default)
2023-12-13 18:50:00,848 [s0-groupManagement] DEBUG server.RaftServer (RaftServerProxy.java:lambda$groupAddAsync$13(507)) - s0: newImpl =      null s0@group-B09C534A0420:t0, leader=null, voted=null, raftlog=UNINITIALIZED, conf=-1: peers:[s0|0.0.0.0:40531]|listeners:[], old=null NEW
2023-12-13 18:50:00,848 [s0-groupManagement] INFO  server.RaftServerConfigKeys (ConfUtils.java:logGet(46)) - raft.server.storage.free-space.min = 0MB (=0) (default)
2023-12-13 18:50:00,848 [s0-groupManagement] INFO  server.RaftServerConfigKeys (ConfUtils.java:logGet(46)) - raft.server.log.corruption.policy = EXCEPTION (default)
2023-12-13 18:50:00,848 [s0-groupManagement] INFO  server.RaftServerConfigKeys (ConfUtils.java:logGet(46)) - raft.server.storage.dir = [/home/runner/work/ratis/ratis/ratis-test/target/test/data/b8de9602/MiniRaftClusterWithGrpce58ca676/s0] (custom)
2023-12-13 18:50:00,848 [s0-groupManagement] INFO  storage.RaftStorageDirectory (RaftStorageDirectoryImpl.java:analyzeStorage(138)) - The storage directory /home/runner/work/ratis/ratis/ratis-test/target/test/data/b8de9602/MiniRaftClusterWithGrpce58ca676/s0/f9319d0c-2eb3-4aae-b852-b09c534a0420 does not exist. Creating ...
2023-12-13 18:50:00,849 [s0-groupManagement] TRACE util.FileUtils (LogUtils.java:runAndLog(49)) - Successfully ran Files.createDirectories /home/runner/work/ratis/ratis/ratis-test/target/test/data/b8de9602/MiniRaftClusterWithGrpce58ca676/s0/f9319d0c-2eb3-4aae-b852-b09c534a0420
2023-12-13 18:50:00,849 [s0-groupManagement] INFO  storage.RaftStorageDirectory (RaftStorageDirectoryImpl.java:tryLock(228)) - Lock on /home/runner/work/ratis/ratis/ratis-test/target/test/data/b8de9602/MiniRaftClusterWithGrpce58ca676/s0/f9319d0c-2eb3-4aae-b852-b09c534a0420/in_use.lock acquired by nodename 24599@fv-az743-812
2023-12-13 18:50:00,849 [s0-groupManagement] TRACE util.FileUtils (LogUtils.java:runAndLog(49)) - Successfully ran Files.createDirectories /home/runner/work/ratis/ratis/ratis-test/target/test/data/b8de9602/MiniRaftClusterWithGrpce58ca676/s0/f9319d0c-2eb3-4aae-b852-b09c534a0420/current
2023-12-13 18:50:00,850 [s0-groupManagement] TRACE util.FileUtils (LogUtils.java:runAndLog(49)) - Successfully ran Files.createDirectories /home/runner/work/ratis/ratis/ratis-test/target/test/data/b8de9602/MiniRaftClusterWithGrpce58ca676/s0/f9319d0c-2eb3-4aae-b852-b09c534a0420/sm
2023-12-13 18:50:00,850 [s0-groupManagement] TRACE util.FileUtils (LogUtils.java:supplyAndLog(69)) - Successfully supplied FileChannel.open /home/runner/work/ratis/ratis/ratis-test/target/test/data/b8de9602/MiniRaftClusterWithGrpce58ca676/s0/f9319d0c-2eb3-4aae-b852-b09c534a0420/current/raft-meta.tmp with options [CREATE, WRITE]: sun.nio.ch.FileChannelImpl@43146496
2023-12-13 18:50:00,850 [s0-groupManagement] TRACE util.FileUtils (LogUtils.java:runAndLog(49)) - Successfully ran Atomic Files.move /home/runner/work/ratis/ratis/ratis-test/target/test/data/b8de9602/MiniRaftClusterWithGrpce58ca676/s0/f9319d0c-2eb3-4aae-b852-b09c534a0420/current/raft-meta.tmp to /home/runner/work/ratis/ratis/ratis-test/target/test/data/b8de9602/MiniRaftClusterWithGrpce58ca676/s0/f9319d0c-2eb3-4aae-b852-b09c534a0420/current/raft-meta with options [REPLACE_EXISTING]
2023-12-13 18:50:00,850 [s0-groupManagement] INFO  storage.RaftStorage (RaftStorageImpl.java:format(99)) - Storage directory /home/runner/work/ratis/ratis/ratis-test/target/test/data/b8de9602/MiniRaftClusterWithGrpce58ca676/s0/f9319d0c-2eb3-4aae-b852-b09c534a0420 has been successfully formatted.
2023-12-13 18:50:00,851 [s0-groupManagement] TRACE util.FileUtils (LogUtils.java:supplyAndLog(61)) - Failed to Files.newInputStream /home/runner/work/ratis/ratis/ratis-test/target/test/data/b8de9602/MiniRaftClusterWithGrpce58ca676/s0/f9319d0c-2eb3-4aae-b852-b09c534a0420/current/raft-meta.conf with options []
java.nio.file.NoSuchFileException: /home/runner/work/ratis/ratis/ratis-test/target/test/data/b8de9602/MiniRaftClusterWithGrpce58ca676/s0/f9319d0c-2eb3-4aae-b852-b09c534a0420/current/raft-meta.conf
	at java.base/sun.nio.fs.UnixException.translateToIOException(UnixException.java:92)
	at java.base/sun.nio.fs.UnixException.rethrowAsIOException(UnixException.java:111)
	at java.base/sun.nio.fs.UnixException.rethrowAsIOException(UnixException.java:116)
	at java.base/sun.nio.fs.UnixFileSystemProvider.newByteChannel(UnixFileSystemProvider.java:219)
	at java.base/java.nio.file.Files.newByteChannel(Files.java:371)
	at java.base/java.nio.file.Files.newByteChannel(Files.java:422)
	at java.base/java.nio.file.spi.FileSystemProvider.newInputStream(FileSystemProvider.java:420)
	at java.base/java.nio.file.Files.newInputStream(Files.java:156)
	at org.apache.ratis.util.FileUtils.lambda$newInputStream$2(FileUtils.java:73)
	at org.apache.ratis.util.LogUtils.supplyAndLog(LogUtils.java:58)
	at org.apache.ratis.util.FileUtils.newInputStream(FileUtils.java:72)
	at org.apache.ratis.util.FileUtils.newInputStream(FileUtils.java:68)
	at org.apache.ratis.server.storage.RaftStorageImpl.readRaftConfiguration(RaftStorageImpl.java:156)
	at org.apache.ratis.server.impl.ServerState.initialize(ServerState.java:141)
	at org.apache.ratis.server.impl.RaftServerImpl.start(RaftServerImpl.java:388)
	at org.apache.ratis.server.impl.RaftServerProxy.lambda$groupAddAsync$13(RaftServerProxy.java:509)
	at java.base/java.util.concurrent.CompletableFuture$UniApply.tryFire(CompletableFuture.java:642)
	at java.base/java.util.concurrent.CompletableFuture$Completion.run(CompletableFuture.java:478)
	at java.base/java.util.concurrent.ThreadPoolExecutor.runWorker(ThreadPoolExecutor.java:1128)
	at java.base/java.util.concurrent.ThreadPoolExecutor$Worker.run(ThreadPoolExecutor.java:628)
	at java.base/java.lang.Thread.run(Thread.java:829)
2023-12-13 18:50:00,851 [s0-groupManagement] INFO  server.RaftServerConfigKeys (ConfUtils.java:logGet(46)) - raft.server.log.use.memory = false (default)
2023-12-13 18:50:00,851 [s0-groupManagement] INFO  server.RaftServerConfigKeys (ConfUtils.java:logGet(46)) - raft.server.log.purge.gap = 1024 (default)
2023-12-13 18:50:00,851 [s0-groupManagement] INFO  server.RaftServerConfigKeys (ConfUtils.java:logGet(46)) - raft.server.log.appender.buffer.byte-limit = 4MB (=4194304) (default)
2023-12-13 18:50:00,851 [s0-groupManagement] INFO  server.RaftServerConfigKeys (ConfUtils.java:logGet(46)) - raft.server.log.statemachine.data.read.timeout = 1000ms (default)
2023-12-13 18:50:00,851 [s0-groupManagement] INFO  server.RaftServerConfigKeys (ConfUtils.java:logGet(46)) - raft.server.log.purge.preservation.log.num = 0 (default)
2023-12-13 18:50:00,851 [s0-groupManagement] INFO  server.RaftServerConfigKeys (ConfUtils.java:logGet(46)) - raft.server.log.segment.size.max = 32MB (=33554432) (default)
2023-12-13 18:50:00,851 [s0-groupManagement] INFO  server.RaftServerConfigKeys (ConfUtils.java:logGet(46)) - raft.server.log.segment.cache.num.max = 6 (default)
2023-12-13 18:50:00,851 [s0-groupManagement] INFO  server.RaftServerConfigKeys (ConfUtils.java:logGet(46)) - raft.server.log.segment.cache.size.max = 200MB (=209715200) (default)
2023-12-13 18:50:00,851 [s0-groupManagement] INFO  server.RaftServerConfigKeys (ConfUtils.java:logGet(46)) - raft.server.log.appender.buffer.byte-limit = 4MB (=4194304) (default)
2023-12-13 18:50:00,851 [s0-groupManagement] INFO  util.AwaitToRun (AwaitToRun.java:start(81)) - Thread[s0@group-B09C534A0420-cacheEviction-AwaitToRun,5,main] started
2023-12-13 18:50:00,851 [s0-groupManagement] INFO  segmented.SegmentedRaftLogWorker (SegmentedRaftLogWorker.java:<init>(182)) - new s0@group-B09C534A0420-SegmentedRaftLogWorker for RaftStorageImpl:Storage Directory /home/runner/work/ratis/ratis/ratis-test/target/test/data/b8de9602/MiniRaftClusterWithGrpce58ca676/s0/f9319d0c-2eb3-4aae-b852-b09c534a0420
2023-12-13 18:50:00,852 [s0-groupManagement] INFO  server.RaftServerConfigKeys (ConfUtils.java:logGet(46)) - raft.server.log.queue.byte-limit = 64MB (=67108864) (default)
2023-12-13 18:50:00,852 [s0-groupManagement] INFO  server.RaftServerConfigKeys (ConfUtils.java:logGet(46)) - raft.server.log.queue.element-limit = 4096 (default)
2023-12-13 18:50:00,852 [s0-groupManagement] INFO  server.RaftServerConfigKeys (ConfUtils.java:logGet(46)) - raft.server.log.segment.size.max = 32MB (=33554432) (default)
2023-12-13 18:50:00,852 [s0-groupManagement] INFO  server.RaftServerConfigKeys (ConfUtils.java:logGet(46)) - raft.server.log.preallocated.size = 4MB (=4194304) (default)
2023-12-13 18:50:00,852 [s0-groupManagement] INFO  server.RaftServerConfigKeys (ConfUtils.java:logGet(46)) - raft.server.log.force.sync.num = 128 (default)
2023-12-13 18:50:00,852 [s0-groupManagement] INFO  server.RaftServerConfigKeys (ConfUtils.java:logGet(46)) - raft.server.log.statemachine.data.sync = true (default)
2023-12-13 18:50:00,852 [s0-groupManagement] INFO  server.RaftServerConfigKeys (ConfUtils.java:logGet(46)) - raft.server.log.statemachine.data.sync.timeout = 10s (default)
2023-12-13 18:50:00,852 [s0-groupManagement] INFO  server.RaftServerConfigKeys (ConfUtils.java:logGet(46)) - raft.server.log.statemachine.data.sync.timeout.retry = -1 (default)
2023-12-13 18:50:00,852 [s0-groupManagement] INFO  server.RaftServerConfigKeys (ConfUtils.java:logGet(46)) - raft.server.log.write.buffer.size = 8MB (=8388608) (default)
2023-12-13 18:50:00,853 [s0-groupManagement] INFO  server.RaftServerConfigKeys (ConfUtils.java:logGet(46)) - raft.server.log.appender.buffer.byte-limit = 4MB (=4194304) (default)
2023-12-13 18:50:00,853 [s0-groupManagement] INFO  server.RaftServerConfigKeys (ConfUtils.java:logGet(46)) - raft.server.log.unsafe-flush.enabled = false (default)
2023-12-13 18:50:00,853 [s0-groupManagement] INFO  server.RaftServerConfigKeys (ConfUtils.java:logGet(46)) - raft.server.log.async-flush.enabled = false (default)
2023-12-13 18:50:00,853 [s0-groupManagement] INFO  server.RaftServerConfigKeys (ConfUtils.java:logGet(46)) - raft.server.log.statemachine.data.caching.enabled = false (default)
2023-12-13 18:50:00,853 [s0-groupManagement] INFO  segmented.SegmentedRaftLogWorker (SegmentedRaftLogWorker.java:lambda$new$0(134)) - s0@group-B09C534A0420-SegmentedRaftLogWorker: flushIndex: setUnconditionally 0 -> -1
2023-12-13 18:50:00,853 [s0-groupManagement] INFO  segmented.SegmentedRaftLogWorker (SegmentedRaftLogWorker.java:lambda$new$0(134)) - s0@group-B09C534A0420-SegmentedRaftLogWorker: safeCacheEvictIndex: setUnconditionally 0 -> -1
2023-12-13 18:50:00,853 [s0-groupManagement] INFO  server.RaftServer$Division (RaftServerImpl.java:start(392)) - s0@group-B09C534A0420: start as a follower, conf=-1: peers:[s0|0.0.0.0:40531]|listeners:[], old=null
2023-12-13 18:50:00,854 [s0-groupManagement] INFO  server.RaftServer$Division (RaftServerImpl.java:setRole(379)) - s0@group-B09C534A0420: changes role from      null to FOLLOWER at term 0 for startAsFollower
2023-12-13 18:50:00,854 [s0-groupManagement] INFO  impl.RoleInfo (RoleInfo.java:updateAndGet(139)) - s0: start s0@group-B09C534A0420-FollowerState
2023-12-13 18:50:00,854 [s0@group-B09C534A0420-FollowerState] INFO  server.RaftServerConfigKeys (ConfUtils.java:logFallback(53)) - raft.server.rpc.first-election.timeout.min = 1500ms (fallback to raft.server.rpc.timeout.min)
2023-12-13 18:50:00,854 [s0-groupManagement] INFO  util.JmxRegister (JmxRegister.java:tryRegister(44)) - Successfully registered JMX Bean with object name Ratis:service=RaftServer,group=group-B09C534A0420,id=s0
2023-12-13 18:50:00,854 [s0@group-B09C534A0420-FollowerState] INFO  server.RaftServerConfigKeys (ConfUtils.java:logFallback(53)) - raft.server.rpc.first-election.timeout.max = 2000ms (fallback to raft.server.rpc.timeout.max)
2023-12-13 18:50:00,854 [s0-groupManagement] INFO  server.RaftServerConfigKeys (ConfUtils.java:logGet(46)) - raft.server.snapshot.trigger-when-stop.enabled = true (default)
2023-12-13 18:50:00,854 [s0-groupManagement] INFO  server.RaftServerConfigKeys (ConfUtils.java:logGet(46)) - raft.server.snapshot.auto.trigger.enabled = false (default)
2023-12-13 18:50:00,854 [s0-groupManagement] INFO  server.RaftServerConfigKeys (ConfUtils.java:logGet(46)) - raft.server.snapshot.retention.file.num = -1 (default)
2023-12-13 18:50:00,854 [s0-groupManagement] INFO  server.RaftServerConfigKeys (ConfUtils.java:logGet(46)) - raft.server.log.purge.upto.snapshot.index = false (default)
2023-12-13 18:50:00,858 [Time-limited test] INFO  server.RaftServerConfigKeys (ConfUtils.java:logGet(46)) - raft.server.rpc.timeout.max = 2000ms (custom)
2023-12-13 18:50:00,858 [Time-limited test] INFO  ratis.RaftTestUtil (RaftTestUtil.java:waitForLeader(100)) - printing group-B09C534A0420
  s0:  RUNNING [
   FOLLOWER s0@group-B09C534A0420:t0, leader=null, voted=, raftlog=Memoized:s0@group-B09C534A0420-SegmentedRaftLog:OPENED:c-1, conf=-1: peers:[s0|0.0.0.0:40531]|listeners:[], old=null RUNNING
   FOLLOWER s0@group-E92128DFC347:t0, leader=null, voted=, raftlog=Memoized:s0@group-E92128DFC347-SegmentedRaftLog:OPENED:c-1, conf=-1: peers:[]|listeners:[], old=null STARTING] size=2
2023-12-13 18:50:00,859 [Time-limited test] WARN  ratis.RaftTestUtil (RaftTestUtil.java:lambda$waitForLeader$3(119)) - Attempt #1 failed: java.lang.IllegalStateException: No leader yet  for group-B09C534A0420: printing group-B09C534A0420
  s0:  RUNNING [
   FOLLOWER s0@group-B09C534A0420:t0, leader=null, voted=, raftlog=Memoized:s0@group-B09C534A0420-SegmentedRaftLog:OPENED:c-1, conf=-1: peers:[s0|0.0.0.0:40531]|listeners:[], old=null RUNNING
   FOLLOWER s0@group-E92128DFC347:t0, leader=null, voted=, raftlog=Memoized:s0@group-E92128DFC347-SegmentedRaftLog:OPENED:c-1, conf=-1: peers:[]|listeners:[], old=null STARTING] size=2
2023-12-13 18:50:02,612 [s0@group-B09C534A0420-FollowerState] INFO  impl.FollowerState (FollowerState.java:run(143)) - s0@group-B09C534A0420-FollowerState: change to CANDIDATE, lastRpcElapsedTime:1758454051ns, electionTimeout:1758ms
2023-12-13 18:50:02,612 [s0@group-B09C534A0420-FollowerState] INFO  impl.RoleInfo (RoleInfo.java:shutdownFollowerState(110)) - s0: shutdown s0@group-B09C534A0420-FollowerState
2023-12-13 18:50:02,612 [s0@group-B09C534A0420-FollowerState] INFO  server.RaftServer$Division (RaftServerImpl.java:setRole(379)) - s0@group-B09C534A0420: changes role from  FOLLOWER to CANDIDATE at term 0 for changeToCandidate
2023-12-13 18:50:02,613 [s0@group-B09C534A0420-FollowerState] INFO  server.RaftServerConfigKeys (ConfUtils.java:logGet(46)) - raft.server.leaderelection.pre-vote = true (default)
2023-12-13 18:50:02,613 [s0@group-B09C534A0420-FollowerState] INFO  impl.RoleInfo (RoleInfo.java:updateAndGet(139)) - s0: start s0@group-B09C534A0420-LeaderElection3
2023-12-13 18:50:02,613 [s0@group-B09C534A0420-LeaderElection3] INFO  impl.LeaderElection (LeaderElection.java:askForVotes(321)) - s0@group-B09C534A0420-LeaderElection3 PRE_VOTE round 0: submit vote requests at term 0 for -1: peers:[s0|0.0.0.0:40531]|listeners:[], old=null
2023-12-13 18:50:02,613 [s0@group-B09C534A0420-LeaderElection3] INFO  impl.LeaderElection (LeaderElection.java:askForVotes(323)) - s0@group-B09C534A0420-LeaderElection3 PRE_VOTE round 0: result PASSED (term=0)
2023-12-13 18:50:02,613 [s0@group-B09C534A0420-LeaderElection3] TRACE util.FileUtils (LogUtils.java:supplyAndLog(69)) - Successfully supplied FileChannel.open /home/runner/work/ratis/ratis/ratis-test/target/test/data/b8de9602/MiniRaftClusterWithGrpce58ca676/s0/f9319d0c-2eb3-4aae-b852-b09c534a0420/current/raft-meta.tmp with options [CREATE, WRITE]: sun.nio.ch.FileChannelImpl@3c014466
2023-12-13 18:50:02,615 [s0@group-B09C534A0420-LeaderElection3] TRACE util.FileUtils (LogUtils.java:runAndLog(49)) - Successfully ran Atomic Files.move /home/runner/work/ratis/ratis/ratis-test/target/test/data/b8de9602/MiniRaftClusterWithGrpce58ca676/s0/f9319d0c-2eb3-4aae-b852-b09c534a0420/current/raft-meta.tmp to /home/runner/work/ratis/ratis/ratis-test/target/test/data/b8de9602/MiniRaftClusterWithGrpce58ca676/s0/f9319d0c-2eb3-4aae-b852-b09c534a0420/current/raft-meta with options [REPLACE_EXISTING]
2023-12-13 18:50:02,615 [s0@group-B09C534A0420-LeaderElection3] INFO  impl.LeaderElection (LeaderElection.java:askForVotes(321)) - s0@group-B09C534A0420-LeaderElection3 ELECTION round 0: submit vote requests at term 1 for -1: peers:[s0|0.0.0.0:40531]|listeners:[], old=null
2023-12-13 18:50:02,615 [s0@group-B09C534A0420-LeaderElection3] INFO  impl.LeaderElection (LeaderElection.java:askForVotes(323)) - s0@group-B09C534A0420-LeaderElection3 ELECTION round 0: result PASSED (term=1)
2023-12-13 18:50:02,615 [s0@group-B09C534A0420-LeaderElection3] INFO  impl.RoleInfo (RoleInfo.java:shutdownLeaderElection(130)) - s0: shutdown s0@group-B09C534A0420-LeaderElection3
2023-12-13 18:50:02,615 [s0@group-B09C534A0420-LeaderElection3] INFO  server.RaftServer$Division (RaftServerImpl.java:setRole(379)) - s0@group-B09C534A0420: changes role from CANDIDATE to LEADER at term 1 for changeToLeader
2023-12-13 18:50:02,615 [s0@group-B09C534A0420-LeaderElection3] INFO  server.RaftServerConfigKeys (ConfUtils.java:logGet(46)) - raft.server.staging.catchup.gap = 1000 (default)
2023-12-13 18:50:02,615 [s0@group-B09C534A0420-LeaderElection3] INFO  server.RaftServerConfigKeys (ConfUtils.java:logGet(46)) - raft.server.write.element-limit = 4096 (default)
2023-12-13 18:50:02,615 [s0@group-B09C534A0420-LeaderElection3] INFO  server.RaftServerConfigKeys (ConfUtils.java:logGet(46)) - raft.server.write.byte-limit = 64MB (=67108864) (default)
2023-12-13 18:50:02,615 [s0@group-B09C534A0420-LeaderElection3] INFO  server.RaftServerConfigKeys (ConfUtils.java:logGet(46)) - raft.server.watch.timeout = 10s (default)
2023-12-13 18:50:02,615 [s0@group-B09C534A0420-LeaderElection3] INFO  server.RaftServerConfigKeys (ConfUtils.java:logGet(46)) - raft.server.watch.timeout.denomination = 1s (default)
2023-12-13 18:50:02,615 [s0@group-B09C534A0420-LeaderElection3] INFO  server.RaftServerConfigKeys (ConfUtils.java:logGet(46)) - raft.server.watch.element-limit = 65536 (default)
2023-12-13 18:50:02,615 [s0@group-B09C534A0420-LeaderElection3] INFO  server.RaftServerConfigKeys (ConfUtils.java:logGet(46)) - raft.server.read.leader.lease.enabled = false (default)
2023-12-13 18:50:02,616 [s0@group-B09C534A0420-LeaderElection3] INFO  server.RaftServerConfigKeys (ConfUtils.java:logGet(46)) - raft.server.read.leader.lease.timeout.ratio = 0.9 (default)
2023-12-13 18:50:02,616 [s0@group-B09C534A0420-LeaderElection3] INFO  server.RaftServerConfigKeys (ConfUtils.java:logGet(46)) - raft.server.rpc.timeout.min = 1500ms (custom)
2023-12-13 18:50:02,616 [s0@group-B09C534A0420-LeaderElection3] INFO  server.RaftServerConfigKeys (ConfUtils.java:logGet(46)) - raft.server.write.element-limit = 4096 (default)
2023-12-13 18:50:02,616 [s0@group-B09C534A0420-LeaderElection3] INFO  server.RaftServerConfigKeys (ConfUtils.java:logGet(46)) - raft.server.write.follower.gap.ratio.max = -1.0 (default)
2023-12-13 18:50:02,616 [s0@group-B09C534A0420-LeaderElection3] INFO  impl.RoleInfo (RoleInfo.java:updateAndGet(139)) - s0: start s0@group-B09C534A0420-LeaderStateImpl
2023-12-13 18:50:02,616 [s0@group-B09C534A0420-LeaderElection3] INFO  server.RaftServer$Division (RaftServerImpl.java:setFirstElection(564)) - s0@group-B09C534A0420: set firstElectionSinceStartup to false for becomeLeader
2023-12-13 18:50:02,616 [s0@group-B09C534A0420-LeaderElection3] INFO  server.RaftServer$Division (ServerState.java:setLeader(265)) - s0@group-B09C534A0420: change Leader from null to s0 at term 1 for becomeLeader, leader elected after 1768ms
2023-12-13 18:50:02,616 [s0@group-B09C534A0420-LeaderElection3] INFO  segmented.SegmentedRaftLogWorker (SegmentedRaftLogWorker.java:startLogSegment(430)) - s0@group-B09C534A0420-SegmentedRaftLogWorker: Starting segment from index:0
2023-12-13 18:50:02,616 [s0@group-B09C534A0420-SegmentedRaftLogWorker] INFO  segmented.BufferedWriteChannel (BufferedWriteChannel.java:open(62)) - open log_inprogress_0 at position 0
2023-12-13 18:50:02,616 [s0@group-B09C534A0420-LeaderElection3] INFO  server.RaftServer$Division (ServerState.java:setRaftConf(382)) - s0@group-B09C534A0420: set configuration 0: peers:[s0|0.0.0.0:40531]|listeners:[], old=null
2023-12-13 18:50:02,626 [s0@group-B09C534A0420-SegmentedRaftLogWorker] INFO  segmented.SegmentedRaftLogWorker (SegmentedRaftLogWorker.java:execute(634)) - s0@group-B09C534A0420-SegmentedRaftLogWorker: created new log segment /home/runner/work/ratis/ratis/ratis-test/target/test/data/b8de9602/MiniRaftClusterWithGrpce58ca676/s0/f9319d0c-2eb3-4aae-b852-b09c534a0420/current/log_inprogress_0
2023-12-13 18:50:02,627 [s0@group-B09C534A0420-StateMachineUpdater] TRACE util.FileUtils (LogUtils.java:supplyAndLog(69)) - Successfully supplied FileChannel.open /home/runner/work/ratis/ratis/ratis-test/target/test/data/b8de9602/MiniRaftClusterWithGrpce58ca676/s0/f9319d0c-2eb3-4aae-b852-b09c534a0420/current/raft-meta.conf.tmp with options [CREATE, WRITE]: sun.nio.ch.FileChannelImpl@58baed18
2023-12-13 18:50:02,628 [s0@group-B09C534A0420-StateMachineUpdater] TRACE util.FileUtils (LogUtils.java:runAndLog(49)) - Successfully ran Atomic Files.move /home/runner/work/ratis/ratis/ratis-test/target/test/data/b8de9602/MiniRaftClusterWithGrpce58ca676/s0/f9319d0c-2eb3-4aae-b852-b09c534a0420/current/raft-meta.conf.tmp to /home/runner/work/ratis/ratis/ratis-test/target/test/data/b8de9602/MiniRaftClusterWithGrpce58ca676/s0/f9319d0c-2eb3-4aae-b852-b09c534a0420/current/raft-meta.conf with options [REPLACE_EXISTING]
2023-12-13 18:50:02,628 [s0@group-B09C534A0420-StateMachineUpdater] INFO  server.RaftServer$Division (LeaderStateImpl.java:isApplied(320)) - leader is ready since appliedIndex == 0 >= startIndex == 0
2023-12-13 18:50:03,860 [Time-limited test] INFO  ratis.RaftTestUtil (RaftTestUtil.java:waitForLeader(124)) - printing group-B09C534A0420
  s0:  RUNNING [
     LEADER s0@group-B09C534A0420:t1, leader=s0, voted=s0, raftlog=Memoized:s0@group-B09C534A0420-SegmentedRaftLog:OPENED:c0, conf=0: peers:[s0|0.0.0.0:40531]|listeners:[], old=null RUNNING
   FOLLOWER s0@group-E92128DFC347:t0, leader=null, voted=, raftlog=Memoized:s0@group-E92128DFC347-SegmentedRaftLog:OPENED:c-1, conf=-1: peers:[]|listeners:[], old=null STARTING] size=2
2023-12-13 18:50:03,862 [Time-limited test] INFO  impl.GroupManagementBaseTest (GroupManagementBaseTest.java:runMultiGroupTest(281)) - 1) starting group-C3E5D6DFBC38:[s3|0.0.0.0:43047, s4|0.0.0.0:36395, s5|0.0.0.0:40741, s1|0.0.0.0:37953, s2|0.0.0.0:44821]
2023-12-13 18:50:03,862 [Time-limited test] DEBUG client.RaftClient (ConfUtils.java:logGet(46)) - raft.rpc.type = GRPC (default)
2023-12-13 18:50:03,867 [grpc-default-executor-0] INFO  server.RaftServer (RaftServerProxy.java:addNew(100)) - s1: addNew group-C3E5D6DFBC38:[s3|0.0.0.0:43047, s4|0.0.0.0:36395, s5|0.0.0.0:40741, s1|0.0.0.0:37953, s2|0.0.0.0:44821] returns group-C3E5D6DFBC38:java.util.concurrent.CompletableFuture@2dcae919[Not completed]
2023-12-13 18:50:03,867 [s1-groupManagement] INFO  server.RaftServer$Division (RaftServerImpl.java:<init>(256)) - s1: new RaftServerImpl for group-C3E5D6DFBC38:[s3|0.0.0.0:43047, s4|0.0.0.0:36395, s5|0.0.0.0:40741, s1|0.0.0.0:37953, s2|0.0.0.0:44821] with BaseStateMachine:uninitialized
2023-12-13 18:50:03,867 [s1-groupManagement] INFO  server.RaftServerConfigKeys (ConfUtils.java:logGet(46)) - raft.server.rpc.timeout.min = 1500ms (custom)
2023-12-13 18:50:03,868 [s1-groupManagement] INFO  server.RaftServerConfigKeys (ConfUtils.java:logGet(46)) - raft.server.rpc.timeout.max = 2000ms (custom)
2023-12-13 18:50:03,868 [s1-groupManagement] INFO  server.RaftServerConfigKeys (ConfUtils.java:logGet(46)) - raft.server.rpc.sleep.time = 25ms (default)
2023-12-13 18:50:03,868 [s1-groupManagement] INFO  server.RaftServerConfigKeys (ConfUtils.java:logGet(46)) - raft.server.rpc.slowness.timeout = 60s (default)
2023-12-13 18:50:03,868 [s1-groupManagement] INFO  server.RaftServerConfigKeys (ConfUtils.java:logGet(46)) - raft.server.leaderelection.leader.step-down.wait-time = 10s (default)
2023-12-13 18:50:03,868 [s1-groupManagement] INFO  server.RaftServerConfigKeys (ConfUtils.java:logGet(46)) - raft.server.leaderelection.member.majority-add = false (default)
2023-12-13 18:50:03,868 [s1-groupManagement] INFO  server.RaftServerConfigKeys (ConfUtils.java:logGet(46)) - raft.server.sleep.deviation.threshold = 300ms (default)
2023-12-13 18:50:03,868 [s1-groupManagement] INFO  server.RaftServer$Division (ServerState.java:<init>(113)) - s1@group-C3E5D6DFBC38: ConfigurationManager, init=-1: peers:[s3|0.0.0.0:43047, s4|0.0.0.0:36395, s5|0.0.0.0:40741, s1|0.0.0.0:37953, s2|0.0.0.0:44821]|listeners:[], old=null, confs=<EMPTY_MAP>
2023-12-13 18:50:03,868 [s1-groupManagement] INFO  server.RaftServerConfigKeys (ConfUtils.java:logGet(46)) - raft.server.notification.no-leader.timeout = 60s (default)
2023-12-13 18:50:03,868 [s1-groupManagement] INFO  server.RaftServerConfigKeys (ConfUtils.java:logGet(46)) - raft.server.read.timeout = 10s (default)
2023-12-13 18:50:03,868 [s1-groupManagement] INFO  server.RaftServerConfigKeys (ConfUtils.java:logGet(46)) - raft.server.retrycache.expirytime = 60s (default)
2023-12-13 18:50:03,868 [s1-groupManagement] INFO  server.RaftServerConfigKeys (ConfUtils.java:logGet(46)) - raft.server.retrycache.statistics.expirytime = 100ms (default)
2023-12-13 18:50:03,868 [s1-groupManagement] INFO  server.RaftServerConfigKeys (ConfUtils.java:logGet(46)) - raft.server.read.option = DEFAULT (default)
2023-12-13 18:50:03,868 [s1-groupManagement] INFO  server.RaftServerConfigKeys (ConfUtils.java:logGet(46)) - raft.server.read.read-after-write-consistent.write-index-cache.expiry-time = 60s (default)
2023-12-13 18:50:03,868 [s1-groupManagement] INFO  server.RaftServerConfigKeys (ConfUtils.java:logGet(46)) - raft.server.rpc.request.timeout = 3000ms (default)
2023-12-13 18:50:03,868 [s1-groupManagement] INFO  server.RaftServerConfigKeys (ConfUtils.java:logGet(46)) - raft.server.log.appender.install.snapshot.enabled = true (default)
2023-12-13 18:50:03,868 [s1-groupManagement] INFO  server.RaftServerConfigKeys (ConfUtils.java:logGet(46)) - raft.server.threadpool.server.cached = true (default)
2023-12-13 18:50:03,868 [s1-groupManagement] INFO  server.RaftServerConfigKeys (ConfUtils.java:logGet(46)) - raft.server.threadpool.server.size = 0 (default)
2023-12-13 18:50:03,868 [s1-groupManagement] INFO  server.RaftServerConfigKeys (ConfUtils.java:logGet(46)) - raft.server.threadpool.client.cached = true (default)
2023-12-13 18:50:03,869 [s1-groupManagement] INFO  server.RaftServerConfigKeys (ConfUtils.java:logGet(46)) - raft.server.threadpool.client.size = 0 (default)
2023-12-13 18:50:03,869 [s1-groupManagement] DEBUG server.RaftServer (RaftServerProxy.java:lambda$groupAddAsync$13(507)) - s1: newImpl =      null s1@group-C3E5D6DFBC38:t0, leader=null, voted=null, raftlog=UNINITIALIZED, conf=-1: peers:[s3|0.0.0.0:43047, s4|0.0.0.0:36395, s5|0.0.0.0:40741, s1|0.0.0.0:37953, s2|0.0.0.0:44821]|listeners:[], old=null NEW
2023-12-13 18:50:03,869 [s1-groupManagement] INFO  server.RaftServerConfigKeys (ConfUtils.java:logGet(46)) - raft.server.storage.free-space.min = 0MB (=0) (default)
2023-12-13 18:50:03,869 [s1-groupManagement] INFO  server.RaftServerConfigKeys (ConfUtils.java:logGet(46)) - raft.server.log.corruption.policy = EXCEPTION (default)
2023-12-13 18:50:03,869 [s1-groupManagement] INFO  server.RaftServerConfigKeys (ConfUtils.java:logGet(46)) - raft.server.storage.dir = [/home/runner/work/ratis/ratis/ratis-test/target/test/data/b8de9602/MiniRaftClusterWithGrpce58ca676/s1] (custom)
2023-12-13 18:50:03,869 [s1-groupManagement] INFO  storage.RaftStorageDirectory (RaftStorageDirectoryImpl.java:analyzeStorage(138)) - The storage directory /home/runner/work/ratis/ratis/ratis-test/target/test/data/b8de9602/MiniRaftClusterWithGrpce58ca676/s1/fd7a20ee-19f9-4f80-8ea7-c3e5d6dfbc38 does not exist. Creating ...
2023-12-13 18:50:03,869 [s1-groupManagement] TRACE util.FileUtils (LogUtils.java:runAndLog(49)) - Successfully ran Files.createDirectories /home/runner/work/ratis/ratis/ratis-test/target/test/data/b8de9602/MiniRaftClusterWithGrpce58ca676/s1/fd7a20ee-19f9-4f80-8ea7-c3e5d6dfbc38
2023-12-13 18:50:03,870 [s1-groupManagement] INFO  storage.RaftStorageDirectory (RaftStorageDirectoryImpl.java:tryLock(228)) - Lock on /home/runner/work/ratis/ratis/ratis-test/target/test/data/b8de9602/MiniRaftClusterWithGrpce58ca676/s1/fd7a20ee-19f9-4f80-8ea7-c3e5d6dfbc38/in_use.lock acquired by nodename 24599@fv-az743-812
2023-12-13 18:50:03,870 [s1-groupManagement] TRACE util.FileUtils (LogUtils.java:runAndLog(49)) - Successfully ran Files.createDirectories /home/runner/work/ratis/ratis/ratis-test/target/test/data/b8de9602/MiniRaftClusterWithGrpce58ca676/s1/fd7a20ee-19f9-4f80-8ea7-c3e5d6dfbc38/current
2023-12-13 18:50:03,870 [s1-groupManagement] TRACE util.FileUtils (LogUtils.java:runAndLog(49)) - Successfully ran Files.createDirectories /home/runner/work/ratis/ratis/ratis-test/target/test/data/b8de9602/MiniRaftClusterWithGrpce58ca676/s1/fd7a20ee-19f9-4f80-8ea7-c3e5d6dfbc38/sm
2023-12-13 18:50:03,870 [s1-groupManagement] TRACE util.FileUtils (LogUtils.java:supplyAndLog(69)) - Successfully supplied FileChannel.open /home/runner/work/ratis/ratis/ratis-test/target/test/data/b8de9602/MiniRaftClusterWithGrpce58ca676/s1/fd7a20ee-19f9-4f80-8ea7-c3e5d6dfbc38/current/raft-meta.tmp with options [CREATE, WRITE]: sun.nio.ch.FileChannelImpl@73f7d8a4
2023-12-13 18:50:03,871 [s1-groupManagement] TRACE util.FileUtils (LogUtils.java:runAndLog(49)) - Successfully ran Atomic Files.move /home/runner/work/ratis/ratis/ratis-test/target/test/data/b8de9602/MiniRaftClusterWithGrpce58ca676/s1/fd7a20ee-19f9-4f80-8ea7-c3e5d6dfbc38/current/raft-meta.tmp to /home/runner/work/ratis/ratis/ratis-test/target/test/data/b8de9602/MiniRaftClusterWithGrpce58ca676/s1/fd7a20ee-19f9-4f80-8ea7-c3e5d6dfbc38/current/raft-meta with options [REPLACE_EXISTING]
2023-12-13 18:50:03,871 [s1-groupManagement] INFO  storage.RaftStorage (RaftStorageImpl.java:format(99)) - Storage directory /home/runner/work/ratis/ratis/ratis-test/target/test/data/b8de9602/MiniRaftClusterWithGrpce58ca676/s1/fd7a20ee-19f9-4f80-8ea7-c3e5d6dfbc38 has been successfully formatted.
2023-12-13 18:50:03,871 [s1-groupManagement] TRACE util.FileUtils (LogUtils.java:supplyAndLog(61)) - Failed to Files.newInputStream /home/runner/work/ratis/ratis/ratis-test/target/test/data/b8de9602/MiniRaftClusterWithGrpce58ca676/s1/fd7a20ee-19f9-4f80-8ea7-c3e5d6dfbc38/current/raft-meta.conf with options []
java.nio.file.NoSuchFileException: /home/runner/work/ratis/ratis/ratis-test/target/test/data/b8de9602/MiniRaftClusterWithGrpce58ca676/s1/fd7a20ee-19f9-4f80-8ea7-c3e5d6dfbc38/current/raft-meta.conf
	at java.base/sun.nio.fs.UnixException.translateToIOException(UnixException.java:92)
	at java.base/sun.nio.fs.UnixException.rethrowAsIOException(UnixException.java:111)
	at java.base/sun.nio.fs.UnixException.rethrowAsIOException(UnixException.java:116)
	at java.base/sun.nio.fs.UnixFileSystemProvider.newByteChannel(UnixFileSystemProvider.java:219)
	at java.base/java.nio.file.Files.newByteChannel(Files.java:371)
	at java.base/java.nio.file.Files.newByteChannel(Files.java:422)
	at java.base/java.nio.file.spi.FileSystemProvider.newInputStream(FileSystemProvider.java:420)
	at java.base/java.nio.file.Files.newInputStream(Files.java:156)
	at org.apache.ratis.util.FileUtils.lambda$newInputStream$2(FileUtils.java:73)
	at org.apache.ratis.util.LogUtils.supplyAndLog(LogUtils.java:58)
	at org.apache.ratis.util.FileUtils.newInputStream(FileUtils.java:72)
	at org.apache.ratis.util.FileUtils.newInputStream(FileUtils.java:68)
	at org.apache.ratis.server.storage.RaftStorageImpl.readRaftConfiguration(RaftStorageImpl.java:156)
	at org.apache.ratis.server.impl.ServerState.initialize(ServerState.java:141)
	at org.apache.ratis.server.impl.RaftServerImpl.start(RaftServerImpl.java:388)
	at org.apache.ratis.server.impl.RaftServerProxy.lambda$groupAddAsync$13(RaftServerProxy.java:509)
	at java.base/java.util.concurrent.CompletableFuture$UniApply.tryFire(CompletableFuture.java:642)
	at java.base/java.util.concurrent.CompletableFuture$Completion.run(CompletableFuture.java:478)
	at java.base/java.util.concurrent.ThreadPoolExecutor.runWorker(ThreadPoolExecutor.java:1128)
	at java.base/java.util.concurrent.ThreadPoolExecutor$Worker.run(ThreadPoolExecutor.java:628)
	at java.base/java.lang.Thread.run(Thread.java:829)
2023-12-13 18:50:03,871 [s1-groupManagement] INFO  server.RaftServerConfigKeys (ConfUtils.java:logGet(46)) - raft.server.log.use.memory = false (default)
2023-12-13 18:50:03,871 [s1-groupManagement] INFO  server.RaftServerConfigKeys (ConfUtils.java:logGet(46)) - raft.server.log.purge.gap = 1024 (default)
2023-12-13 18:50:03,871 [s1-groupManagement] INFO  server.RaftServerConfigKeys (ConfUtils.java:logGet(46)) - raft.server.log.appender.buffer.byte-limit = 4MB (=4194304) (default)
2023-12-13 18:50:03,872 [s1-groupManagement] INFO  server.RaftServerConfigKeys (ConfUtils.java:logGet(46)) - raft.server.log.statemachine.data.read.timeout = 1000ms (default)
2023-12-13 18:50:03,872 [s1-groupManagement] INFO  server.RaftServerConfigKeys (ConfUtils.java:logGet(46)) - raft.server.log.purge.preservation.log.num = 0 (default)
2023-12-13 18:50:03,872 [s1-groupManagement] INFO  server.RaftServerConfigKeys (ConfUtils.java:logGet(46)) - raft.server.log.segment.size.max = 32MB (=33554432) (default)
2023-12-13 18:50:03,872 [s1-groupManagement] INFO  server.RaftServerConfigKeys (ConfUtils.java:logGet(46)) - raft.server.log.segment.cache.num.max = 6 (default)
2023-12-13 18:50:03,872 [s1-groupManagement] INFO  server.RaftServerConfigKeys (ConfUtils.java:logGet(46)) - raft.server.log.segment.cache.size.max = 200MB (=209715200) (default)
2023-12-13 18:50:03,872 [s1-groupManagement] INFO  server.RaftServerConfigKeys (ConfUtils.java:logGet(46)) - raft.server.log.appender.buffer.byte-limit = 4MB (=4194304) (default)
2023-12-13 18:50:03,872 [s1-groupManagement] INFO  util.AwaitToRun (AwaitToRun.java:start(81)) - Thread[s1@group-C3E5D6DFBC38-cacheEviction-AwaitToRun,5,main] started
2023-12-13 18:50:03,872 [s1-groupManagement] INFO  segmented.SegmentedRaftLogWorker (SegmentedRaftLogWorker.java:<init>(182)) - new s1@group-C3E5D6DFBC38-SegmentedRaftLogWorker for RaftStorageImpl:Storage Directory /home/runner/work/ratis/ratis/ratis-test/target/test/data/b8de9602/MiniRaftClusterWithGrpce58ca676/s1/fd7a20ee-19f9-4f80-8ea7-c3e5d6dfbc38
2023-12-13 18:50:03,872 [s1-groupManagement] INFO  server.RaftServerConfigKeys (ConfUtils.java:logGet(46)) - raft.server.log.queue.byte-limit = 64MB (=67108864) (default)
2023-12-13 18:50:03,872 [s1-groupManagement] INFO  server.RaftServerConfigKeys (ConfUtils.java:logGet(46)) - raft.server.log.queue.element-limit = 4096 (default)
2023-12-13 18:50:03,872 [s1-groupManagement] INFO  server.RaftServerConfigKeys (ConfUtils.java:logGet(46)) - raft.server.log.segment.size.max = 32MB (=33554432) (default)
2023-12-13 18:50:03,872 [s1-groupManagement] INFO  server.RaftServerConfigKeys (ConfUtils.java:logGet(46)) - raft.server.log.preallocated.size = 4MB (=4194304) (default)
2023-12-13 18:50:03,872 [s1-groupManagement] INFO  server.RaftServerConfigKeys (ConfUtils.java:logGet(46)) - raft.server.log.force.sync.num = 128 (default)
2023-12-13 18:50:03,873 [s1-groupManagement] INFO  server.RaftServerConfigKeys (ConfUtils.java:logGet(46)) - raft.server.log.statemachine.data.sync = true (default)
2023-12-13 18:50:03,873 [s1-groupManagement] INFO  server.RaftServerConfigKeys (ConfUtils.java:logGet(46)) - raft.server.log.statemachine.data.sync.timeout = 10s (default)
2023-12-13 18:50:03,873 [s1-groupManagement] INFO  server.RaftServerConfigKeys (ConfUtils.java:logGet(46)) - raft.server.log.statemachine.data.sync.timeout.retry = -1 (default)
2023-12-13 18:50:03,873 [s1-groupManagement] INFO  server.RaftServerConfigKeys (ConfUtils.java:logGet(46)) - raft.server.log.write.buffer.size = 8MB (=8388608) (default)
2023-12-13 18:50:03,874 [s1-groupManagement] INFO  server.RaftServerConfigKeys (ConfUtils.java:logGet(46)) - raft.server.log.appender.buffer.byte-limit = 4MB (=4194304) (default)
2023-12-13 18:50:03,874 [s1-groupManagement] INFO  server.RaftServerConfigKeys (ConfUtils.java:logGet(46)) - raft.server.log.unsafe-flush.enabled = false (default)
2023-12-13 18:50:03,874 [s1-groupManagement] INFO  server.RaftServerConfigKeys (ConfUtils.java:logGet(46)) - raft.server.log.async-flush.enabled = false (default)
2023-12-13 18:50:03,874 [s1-groupManagement] INFO  server.RaftServerConfigKeys (ConfUtils.java:logGet(46)) - raft.server.log.statemachine.data.caching.enabled = false (default)
2023-12-13 18:50:03,874 [s1-groupManagement] INFO  segmented.SegmentedRaftLogWorker (SegmentedRaftLogWorker.java:lambda$new$0(134)) - s1@group-C3E5D6DFBC38-SegmentedRaftLogWorker: flushIndex: setUnconditionally 0 -> -1
2023-12-13 18:50:03,874 [s1-groupManagement] INFO  segmented.SegmentedRaftLogWorker (SegmentedRaftLogWorker.java:lambda$new$0(134)) - s1@group-C3E5D6DFBC38-SegmentedRaftLogWorker: safeCacheEvictIndex: setUnconditionally 0 -> -1
2023-12-13 18:50:03,874 [s1-groupManagement] INFO  server.RaftServer$Division (RaftServerImpl.java:start(392)) - s1@group-C3E5D6DFBC38: start as a follower, conf=-1: peers:[s3|0.0.0.0:43047, s4|0.0.0.0:36395, s5|0.0.0.0:40741, s1|0.0.0.0:37953, s2|0.0.0.0:44821]|listeners:[], old=null
2023-12-13 18:50:03,874 [s1-groupManagement] INFO  server.RaftServer$Division (RaftServerImpl.java:setRole(379)) - s1@group-C3E5D6DFBC38: changes role from      null to FOLLOWER at term 0 for startAsFollower
2023-12-13 18:50:03,874 [s1-groupManagement] INFO  impl.RoleInfo (RoleInfo.java:updateAndGet(139)) - s1: start s1@group-C3E5D6DFBC38-FollowerState
2023-12-13 18:50:03,875 [s1@group-C3E5D6DFBC38-FollowerState] INFO  server.RaftServerConfigKeys (ConfUtils.java:logFallback(53)) - raft.server.rpc.first-election.timeout.min = 1500ms (fallback to raft.server.rpc.timeout.min)
2023-12-13 18:50:03,875 [s1-groupManagement] INFO  util.JmxRegister (JmxRegister.java:tryRegister(44)) - Successfully registered JMX Bean with object name Ratis:service=RaftServer,group=group-C3E5D6DFBC38,id=s1
2023-12-13 18:50:03,875 [s1@group-C3E5D6DFBC38-FollowerState] INFO  server.RaftServerConfigKeys (ConfUtils.java:logFallback(53)) - raft.server.rpc.first-election.timeout.max = 2000ms (fallback to raft.server.rpc.timeout.max)
2023-12-13 18:50:03,875 [s1-groupManagement] INFO  server.RaftServerConfigKeys (ConfUtils.java:logGet(46)) - raft.server.snapshot.trigger-when-stop.enabled = true (default)
2023-12-13 18:50:03,875 [s1-groupManagement] INFO  server.RaftServerConfigKeys (ConfUtils.java:logGet(46)) - raft.server.snapshot.auto.trigger.enabled = false (default)
2023-12-13 18:50:03,875 [s1-groupManagement] INFO  server.RaftServerConfigKeys (ConfUtils.java:logGet(46)) - raft.server.snapshot.retention.file.num = -1 (default)
2023-12-13 18:50:03,875 [s1-groupManagement] INFO  server.RaftServerConfigKeys (ConfUtils.java:logGet(46)) - raft.server.log.purge.upto.snapshot.index = false (default)
2023-12-13 18:50:03,881 [Time-limited test] DEBUG client.RaftClient (ConfUtils.java:logGet(46)) - raft.rpc.type = GRPC (default)
2023-12-13 18:50:03,886 [grpc-default-executor-0] INFO  server.RaftServer (RaftServerProxy.java:addNew(100)) - s2: addNew group-C3E5D6DFBC38:[s3|0.0.0.0:43047, s4|0.0.0.0:36395, s5|0.0.0.0:40741, s1|0.0.0.0:37953, s2|0.0.0.0:44821] returns group-C3E5D6DFBC38:java.util.concurrent.CompletableFuture@50cbb9ac[Not completed]
2023-12-13 18:50:03,886 [s2-groupManagement] INFO  server.RaftServer$Division (RaftServerImpl.java:<init>(256)) - s2: new RaftServerImpl for group-C3E5D6DFBC38:[s3|0.0.0.0:43047, s4|0.0.0.0:36395, s5|0.0.0.0:40741, s1|0.0.0.0:37953, s2|0.0.0.0:44821] with BaseStateMachine:uninitialized
2023-12-13 18:50:03,886 [s2-groupManagement] INFO  server.RaftServerConfigKeys (ConfUtils.java:logGet(46)) - raft.server.rpc.timeout.min = 1500ms (custom)
2023-12-13 18:50:03,886 [s2-groupManagement] INFO  server.RaftServerConfigKeys (ConfUtils.java:logGet(46)) - raft.server.rpc.timeout.max = 2000ms (custom)
2023-12-13 18:50:03,886 [s2-groupManagement] INFO  server.RaftServerConfigKeys (ConfUtils.java:logGet(46)) - raft.server.rpc.sleep.time = 25ms (default)
2023-12-13 18:50:03,886 [s2-groupManagement] INFO  server.RaftServerConfigKeys (ConfUtils.java:logGet(46)) - raft.server.rpc.slowness.timeout = 60s (default)
2023-12-13 18:50:03,886 [s2-groupManagement] INFO  server.RaftServerConfigKeys (ConfUtils.java:logGet(46)) - raft.server.leaderelection.leader.step-down.wait-time = 10s (default)
2023-12-13 18:50:03,886 [s2-groupManagement] INFO  server.RaftServerConfigKeys (ConfUtils.java:logGet(46)) - raft.server.leaderelection.member.majority-add = false (default)
2023-12-13 18:50:03,886 [s2-groupManagement] INFO  server.RaftServerConfigKeys (ConfUtils.java:logGet(46)) - raft.server.sleep.deviation.threshold = 300ms (default)
2023-12-13 18:50:03,887 [s2-groupManagement] INFO  server.RaftServer$Division (ServerState.java:<init>(113)) - s2@group-C3E5D6DFBC38: ConfigurationManager, init=-1: peers:[s3|0.0.0.0:43047, s4|0.0.0.0:36395, s5|0.0.0.0:40741, s1|0.0.0.0:37953, s2|0.0.0.0:44821]|listeners:[], old=null, confs=<EMPTY_MAP>
2023-12-13 18:50:03,887 [s2-groupManagement] INFO  server.RaftServerConfigKeys (ConfUtils.java:logGet(46)) - raft.server.notification.no-leader.timeout = 60s (default)
2023-12-13 18:50:03,887 [s2-groupManagement] INFO  server.RaftServerConfigKeys (ConfUtils.java:logGet(46)) - raft.server.read.timeout = 10s (default)
2023-12-13 18:50:03,887 [s2-groupManagement] INFO  server.RaftServerConfigKeys (ConfUtils.java:logGet(46)) - raft.server.retrycache.expirytime = 60s (default)
2023-12-13 18:50:03,887 [s2-groupManagement] INFO  server.RaftServerConfigKeys (ConfUtils.java:logGet(46)) - raft.server.retrycache.statistics.expirytime = 100ms (default)
2023-12-13 18:50:03,887 [s2-groupManagement] INFO  server.RaftServerConfigKeys (ConfUtils.java:logGet(46)) - raft.server.read.option = DEFAULT (default)
2023-12-13 18:50:03,887 [s2-groupManagement] INFO  server.RaftServerConfigKeys (ConfUtils.java:logGet(46)) - raft.server.read.read-after-write-consistent.write-index-cache.expiry-time = 60s (default)
2023-12-13 18:50:03,887 [s2-groupManagement] INFO  server.RaftServerConfigKeys (ConfUtils.java:logGet(46)) - raft.server.rpc.request.timeout = 3000ms (default)
2023-12-13 18:50:03,888 [s2-groupManagement] INFO  server.RaftServerConfigKeys (ConfUtils.java:logGet(46)) - raft.server.log.appender.install.snapshot.enabled = true (default)
2023-12-13 18:50:03,888 [s2-groupManagement] INFO  server.RaftServerConfigKeys (ConfUtils.java:logGet(46)) - raft.server.threadpool.server.cached = true (default)
2023-12-13 18:50:03,888 [s2-groupManagement] INFO  server.RaftServerConfigKeys (ConfUtils.java:logGet(46)) - raft.server.threadpool.server.size = 0 (default)
2023-12-13 18:50:03,888 [s2-groupManagement] INFO  server.RaftServerConfigKeys (ConfUtils.java:logGet(46)) - raft.server.threadpool.client.cached = true (default)
2023-12-13 18:50:03,888 [s2-groupManagement] INFO  server.RaftServerConfigKeys (ConfUtils.java:logGet(46)) - raft.server.threadpool.client.size = 0 (default)
2023-12-13 18:50:03,888 [s2-groupManagement] DEBUG server.RaftServer (RaftServerProxy.java:lambda$groupAddAsync$13(507)) - s2: newImpl =      null s2@group-C3E5D6DFBC38:t0, leader=null, voted=null, raftlog=UNINITIALIZED, conf=-1: peers:[s3|0.0.0.0:43047, s4|0.0.0.0:36395, s5|0.0.0.0:40741, s1|0.0.0.0:37953, s2|0.0.0.0:44821]|listeners:[], old=null NEW
2023-12-13 18:50:03,888 [s2-groupManagement] INFO  server.RaftServerConfigKeys (ConfUtils.java:logGet(46)) - raft.server.storage.free-space.min = 0MB (=0) (default)
2023-12-13 18:50:03,888 [s2-groupManagement] INFO  server.RaftServerConfigKeys (ConfUtils.java:logGet(46)) - raft.server.log.corruption.policy = EXCEPTION (default)
2023-12-13 18:50:03,888 [s2-groupManagement] INFO  server.RaftServerConfigKeys (ConfUtils.java:logGet(46)) - raft.server.storage.dir = [/home/runner/work/ratis/ratis/ratis-test/target/test/data/b8de9602/MiniRaftClusterWithGrpce58ca676/s2] (custom)
2023-12-13 18:50:03,888 [s2-groupManagement] INFO  storage.RaftStorageDirectory (RaftStorageDirectoryImpl.java:analyzeStorage(138)) - The storage directory /home/runner/work/ratis/ratis/ratis-test/target/test/data/b8de9602/MiniRaftClusterWithGrpce58ca676/s2/fd7a20ee-19f9-4f80-8ea7-c3e5d6dfbc38 does not exist. Creating ...
2023-12-13 18:50:03,888 [s2-groupManagement] TRACE util.FileUtils (LogUtils.java:runAndLog(49)) - Successfully ran Files.createDirectories /home/runner/work/ratis/ratis/ratis-test/target/test/data/b8de9602/MiniRaftClusterWithGrpce58ca676/s2/fd7a20ee-19f9-4f80-8ea7-c3e5d6dfbc38
2023-12-13 18:50:03,889 [s2-groupManagement] INFO  storage.RaftStorageDirectory (RaftStorageDirectoryImpl.java:tryLock(228)) - Lock on /home/runner/work/ratis/ratis/ratis-test/target/test/data/b8de9602/MiniRaftClusterWithGrpce58ca676/s2/fd7a20ee-19f9-4f80-8ea7-c3e5d6dfbc38/in_use.lock acquired by nodename 24599@fv-az743-812
2023-12-13 18:50:03,889 [s2-groupManagement] TRACE util.FileUtils (LogUtils.java:runAndLog(49)) - Successfully ran Files.createDirectories /home/runner/work/ratis/ratis/ratis-test/target/test/data/b8de9602/MiniRaftClusterWithGrpce58ca676/s2/fd7a20ee-19f9-4f80-8ea7-c3e5d6dfbc38/current
2023-12-13 18:50:03,889 [s2-groupManagement] TRACE util.FileUtils (LogUtils.java:runAndLog(49)) - Successfully ran Files.createDirectories /home/runner/work/ratis/ratis/ratis-test/target/test/data/b8de9602/MiniRaftClusterWithGrpce58ca676/s2/fd7a20ee-19f9-4f80-8ea7-c3e5d6dfbc38/sm
2023-12-13 18:50:03,889 [s2-groupManagement] TRACE util.FileUtils (LogUtils.java:supplyAndLog(69)) - Successfully supplied FileChannel.open /home/runner/work/ratis/ratis/ratis-test/target/test/data/b8de9602/MiniRaftClusterWithGrpce58ca676/s2/fd7a20ee-19f9-4f80-8ea7-c3e5d6dfbc38/current/raft-meta.tmp with options [CREATE, WRITE]: sun.nio.ch.FileChannelImpl@72fd7e23
2023-12-13 18:50:03,890 [s2-groupManagement] TRACE util.FileUtils (LogUtils.java:runAndLog(49)) - Successfully ran Atomic Files.move /home/runner/work/ratis/ratis/ratis-test/target/test/data/b8de9602/MiniRaftClusterWithGrpce58ca676/s2/fd7a20ee-19f9-4f80-8ea7-c3e5d6dfbc38/current/raft-meta.tmp to /home/runner/work/ratis/ratis/ratis-test/target/test/data/b8de9602/MiniRaftClusterWithGrpce58ca676/s2/fd7a20ee-19f9-4f80-8ea7-c3e5d6dfbc38/current/raft-meta with options [REPLACE_EXISTING]
2023-12-13 18:50:03,890 [s2-groupManagement] INFO  storage.RaftStorage (RaftStorageImpl.java:format(99)) - Storage directory /home/runner/work/ratis/ratis/ratis-test/target/test/data/b8de9602/MiniRaftClusterWithGrpce58ca676/s2/fd7a20ee-19f9-4f80-8ea7-c3e5d6dfbc38 has been successfully formatted.
2023-12-13 18:50:03,890 [s2-groupManagement] TRACE util.FileUtils (LogUtils.java:supplyAndLog(61)) - Failed to Files.newInputStream /home/runner/work/ratis/ratis/ratis-test/target/test/data/b8de9602/MiniRaftClusterWithGrpce58ca676/s2/fd7a20ee-19f9-4f80-8ea7-c3e5d6dfbc38/current/raft-meta.conf with options []
java.nio.file.NoSuchFileException: /home/runner/work/ratis/ratis/ratis-test/target/test/data/b8de9602/MiniRaftClusterWithGrpce58ca676/s2/fd7a20ee-19f9-4f80-8ea7-c3e5d6dfbc38/current/raft-meta.conf
	at java.base/sun.nio.fs.UnixException.translateToIOException(UnixException.java:92)
	at java.base/sun.nio.fs.UnixException.rethrowAsIOException(UnixException.java:111)
	at java.base/sun.nio.fs.UnixException.rethrowAsIOException(UnixException.java:116)
	at java.base/sun.nio.fs.UnixFileSystemProvider.newByteChannel(UnixFileSystemProvider.java:219)
	at java.base/java.nio.file.Files.newByteChannel(Files.java:371)
	at java.base/java.nio.file.Files.newByteChannel(Files.java:422)
	at java.base/java.nio.file.spi.FileSystemProvider.newInputStream(FileSystemProvider.java:420)
	at java.base/java.nio.file.Files.newInputStream(Files.java:156)
	at org.apache.ratis.util.FileUtils.lambda$newInputStream$2(FileUtils.java:73)
	at org.apache.ratis.util.LogUtils.supplyAndLog(LogUtils.java:58)
	at org.apache.ratis.util.FileUtils.newInputStream(FileUtils.java:72)
	at org.apache.ratis.util.FileUtils.newInputStream(FileUtils.java:68)
	at org.apache.ratis.server.storage.RaftStorageImpl.readRaftConfiguration(RaftStorageImpl.java:156)
	at org.apache.ratis.server.impl.ServerState.initialize(ServerState.java:141)
	at org.apache.ratis.server.impl.RaftServerImpl.start(RaftServerImpl.java:388)
	at org.apache.ratis.server.impl.RaftServerProxy.lambda$groupAddAsync$13(RaftServerProxy.java:509)
	at java.base/java.util.concurrent.CompletableFuture$UniApply.tryFire(CompletableFuture.java:642)
	at java.base/java.util.concurrent.CompletableFuture$Completion.run(CompletableFuture.java:478)
	at java.base/java.util.concurrent.ThreadPoolExecutor.runWorker(ThreadPoolExecutor.java:1128)
	at java.base/java.util.concurrent.ThreadPoolExecutor$Worker.run(ThreadPoolExecutor.java:628)
	at java.base/java.lang.Thread.run(Thread.java:829)
2023-12-13 18:50:03,890 [s2-groupManagement] INFO  server.RaftServerConfigKeys (ConfUtils.java:logGet(46)) - raft.server.log.use.memory = false (default)
2023-12-13 18:50:03,890 [s2-groupManagement] INFO  server.RaftServerConfigKeys (ConfUtils.java:logGet(46)) - raft.server.log.purge.gap = 1024 (default)
2023-12-13 18:50:03,890 [s2-groupManagement] INFO  server.RaftServerConfigKeys (ConfUtils.java:logGet(46)) - raft.server.log.appender.buffer.byte-limit = 4MB (=4194304) (default)
2023-12-13 18:50:03,890 [s2-groupManagement] INFO  server.RaftServerConfigKeys (ConfUtils.java:logGet(46)) - raft.server.log.statemachine.data.read.timeout = 1000ms (default)
2023-12-13 18:50:03,890 [s2-groupManagement] INFO  server.RaftServerConfigKeys (ConfUtils.java:logGet(46)) - raft.server.log.purge.preservation.log.num = 0 (default)
2023-12-13 18:50:03,891 [s2-groupManagement] INFO  server.RaftServerConfigKeys (ConfUtils.java:logGet(46)) - raft.server.log.segment.size.max = 32MB (=33554432) (default)
2023-12-13 18:50:03,891 [s2-groupManagement] INFO  server.RaftServerConfigKeys (ConfUtils.java:logGet(46)) - raft.server.log.segment.cache.num.max = 6 (default)
2023-12-13 18:50:03,891 [s2-groupManagement] INFO  server.RaftServerConfigKeys (ConfUtils.java:logGet(46)) - raft.server.log.segment.cache.size.max = 200MB (=209715200) (default)
2023-12-13 18:50:03,891 [s2-groupManagement] INFO  server.RaftServerConfigKeys (ConfUtils.java:logGet(46)) - raft.server.log.appender.buffer.byte-limit = 4MB (=4194304) (default)
2023-12-13 18:50:03,891 [s2-groupManagement] INFO  util.AwaitToRun (AwaitToRun.java:start(81)) - Thread[s2@group-C3E5D6DFBC38-cacheEviction-AwaitToRun,5,main] started
2023-12-13 18:50:03,891 [s2-groupManagement] INFO  segmented.SegmentedRaftLogWorker (SegmentedRaftLogWorker.java:<init>(182)) - new s2@group-C3E5D6DFBC38-SegmentedRaftLogWorker for RaftStorageImpl:Storage Directory /home/runner/work/ratis/ratis/ratis-test/target/test/data/b8de9602/MiniRaftClusterWithGrpce58ca676/s2/fd7a20ee-19f9-4f80-8ea7-c3e5d6dfbc38
2023-12-13 18:50:03,891 [s2-groupManagement] INFO  server.RaftServerConfigKeys (ConfUtils.java:logGet(46)) - raft.server.log.queue.byte-limit = 64MB (=67108864) (default)
2023-12-13 18:50:03,891 [s2-groupManagement] INFO  server.RaftServerConfigKeys (ConfUtils.java:logGet(46)) - raft.server.log.queue.element-limit = 4096 (default)
2023-12-13 18:50:03,891 [s2-groupManagement] INFO  server.RaftServerConfigKeys (ConfUtils.java:logGet(46)) - raft.server.log.segment.size.max = 32MB (=33554432) (default)
2023-12-13 18:50:03,891 [s2-groupManagement] INFO  server.RaftServerConfigKeys (ConfUtils.java:logGet(46)) - raft.server.log.preallocated.size = 4MB (=4194304) (default)
2023-12-13 18:50:03,891 [s2-groupManagement] INFO  server.RaftServerConfigKeys (ConfUtils.java:logGet(46)) - raft.server.log.force.sync.num = 128 (default)
2023-12-13 18:50:03,891 [s2-groupManagement] INFO  server.RaftServerConfigKeys (ConfUtils.java:logGet(46)) - raft.server.log.statemachine.data.sync = true (default)
2023-12-13 18:50:03,891 [s2-groupManagement] INFO  server.RaftServerConfigKeys (ConfUtils.java:logGet(46)) - raft.server.log.statemachine.data.sync.timeout = 10s (default)
2023-12-13 18:50:03,891 [s2-groupManagement] INFO  server.RaftServerConfigKeys (ConfUtils.java:logGet(46)) - raft.server.log.statemachine.data.sync.timeout.retry = -1 (default)
2023-12-13 18:50:03,892 [s2-groupManagement] INFO  server.RaftServerConfigKeys (ConfUtils.java:logGet(46)) - raft.server.log.write.buffer.size = 8MB (=8388608) (default)
2023-12-13 18:50:03,893 [s2-groupManagement] INFO  server.RaftServerConfigKeys (ConfUtils.java:logGet(46)) - raft.server.log.appender.buffer.byte-limit = 4MB (=4194304) (default)
2023-12-13 18:50:03,894 [s2-groupManagement] INFO  server.RaftServerConfigKeys (ConfUtils.java:logGet(46)) - raft.server.log.unsafe-flush.enabled = false (default)
2023-12-13 18:50:03,894 [s2-groupManagement] INFO  server.RaftServerConfigKeys (ConfUtils.java:logGet(46)) - raft.server.log.async-flush.enabled = false (default)
2023-12-13 18:50:03,894 [s2-groupManagement] INFO  server.RaftServerConfigKeys (ConfUtils.java:logGet(46)) - raft.server.log.statemachine.data.caching.enabled = false (default)
2023-12-13 18:50:03,894 [s2-groupManagement] INFO  segmented.SegmentedRaftLogWorker (SegmentedRaftLogWorker.java:lambda$new$0(134)) - s2@group-C3E5D6DFBC38-SegmentedRaftLogWorker: flushIndex: setUnconditionally 0 -> -1
2023-12-13 18:50:03,894 [s2-groupManagement] INFO  segmented.SegmentedRaftLogWorker (SegmentedRaftLogWorker.java:lambda$new$0(134)) - s2@group-C3E5D6DFBC38-SegmentedRaftLogWorker: safeCacheEvictIndex: setUnconditionally 0 -> -1
2023-12-13 18:50:03,894 [s2-groupManagement] INFO  server.RaftServer$Division (RaftServerImpl.java:start(392)) - s2@group-C3E5D6DFBC38: start as a follower, conf=-1: peers:[s3|0.0.0.0:43047, s4|0.0.0.0:36395, s5|0.0.0.0:40741, s1|0.0.0.0:37953, s2|0.0.0.0:44821]|listeners:[], old=null
2023-12-13 18:50:03,894 [s2-groupManagement] INFO  server.RaftServer$Division (RaftServerImpl.java:setRole(379)) - s2@group-C3E5D6DFBC38: changes role from      null to FOLLOWER at term 0 for startAsFollower
2023-12-13 18:50:03,894 [s2-groupManagement] INFO  impl.RoleInfo (RoleInfo.java:updateAndGet(139)) - s2: start s2@group-C3E5D6DFBC38-FollowerState
2023-12-13 18:50:03,894 [s2@group-C3E5D6DFBC38-FollowerState] INFO  server.RaftServerConfigKeys (ConfUtils.java:logFallback(53)) - raft.server.rpc.first-election.timeout.min = 1500ms (fallback to raft.server.rpc.timeout.min)
2023-12-13 18:50:03,894 [s2@group-C3E5D6DFBC38-FollowerState] INFO  server.RaftServerConfigKeys (ConfUtils.java:logFallback(53)) - raft.server.rpc.first-election.timeout.max = 2000ms (fallback to raft.server.rpc.timeout.max)
2023-12-13 18:50:03,895 [s2-groupManagement] INFO  util.JmxRegister (JmxRegister.java:tryRegister(44)) - Successfully registered JMX Bean with object name Ratis:service=RaftServer,group=group-C3E5D6DFBC38,id=s2
2023-12-13 18:50:03,895 [s2-groupManagement] INFO  server.RaftServerConfigKeys (ConfUtils.java:logGet(46)) - raft.server.snapshot.trigger-when-stop.enabled = true (default)
2023-12-13 18:50:03,895 [s2-groupManagement] INFO  server.RaftServerConfigKeys (ConfUtils.java:logGet(46)) - raft.server.snapshot.auto.trigger.enabled = false (default)
2023-12-13 18:50:03,895 [s2-groupManagement] INFO  server.RaftServerConfigKeys (ConfUtils.java:logGet(46)) - raft.server.snapshot.retention.file.num = -1 (default)
2023-12-13 18:50:03,895 [s2-groupManagement] INFO  server.RaftServerConfigKeys (ConfUtils.java:logGet(46)) - raft.server.log.purge.upto.snapshot.index = false (default)
2023-12-13 18:50:03,899 [Time-limited test] DEBUG client.RaftClient (ConfUtils.java:logGet(46)) - raft.rpc.type = GRPC (default)
2023-12-13 18:50:03,903 [grpc-default-executor-0] INFO  server.RaftServer (RaftServerProxy.java:addNew(100)) - s3: addNew group-C3E5D6DFBC38:[s3|0.0.0.0:43047, s4|0.0.0.0:36395, s5|0.0.0.0:40741, s1|0.0.0.0:37953, s2|0.0.0.0:44821] returns group-C3E5D6DFBC38:java.util.concurrent.CompletableFuture@57d3a2c7[Not completed]
2023-12-13 18:50:03,903 [s3-groupManagement] INFO  server.RaftServer$Division (RaftServerImpl.java:<init>(256)) - s3: new RaftServerImpl for group-C3E5D6DFBC38:[s3|0.0.0.0:43047, s4|0.0.0.0:36395, s5|0.0.0.0:40741, s1|0.0.0.0:37953, s2|0.0.0.0:44821] with BaseStateMachine:uninitialized
2023-12-13 18:50:03,903 [s3-groupManagement] INFO  server.RaftServerConfigKeys (ConfUtils.java:logGet(46)) - raft.server.rpc.timeout.min = 1500ms (custom)
2023-12-13 18:50:03,903 [s3-groupManagement] INFO  server.RaftServerConfigKeys (ConfUtils.java:logGet(46)) - raft.server.rpc.timeout.max = 2000ms (custom)
2023-12-13 18:50:03,903 [s3-groupManagement] INFO  server.RaftServerConfigKeys (ConfUtils.java:logGet(46)) - raft.server.rpc.sleep.time = 25ms (default)
2023-12-13 18:50:03,903 [s3-groupManagement] INFO  server.RaftServerConfigKeys (ConfUtils.java:logGet(46)) - raft.server.rpc.slowness.timeout = 60s (default)
2023-12-13 18:50:03,903 [s3-groupManagement] INFO  server.RaftServerConfigKeys (ConfUtils.java:logGet(46)) - raft.server.leaderelection.leader.step-down.wait-time = 10s (default)
2023-12-13 18:50:03,903 [s3-groupManagement] INFO  server.RaftServerConfigKeys (ConfUtils.java:logGet(46)) - raft.server.leaderelection.member.majority-add = false (default)
2023-12-13 18:50:03,903 [s3-groupManagement] INFO  server.RaftServerConfigKeys (ConfUtils.java:logGet(46)) - raft.server.sleep.deviation.threshold = 300ms (default)
2023-12-13 18:50:03,903 [s3-groupManagement] INFO  server.RaftServer$Division (ServerState.java:<init>(113)) - s3@group-C3E5D6DFBC38: ConfigurationManager, init=-1: peers:[s3|0.0.0.0:43047, s4|0.0.0.0:36395, s5|0.0.0.0:40741, s1|0.0.0.0:37953, s2|0.0.0.0:44821]|listeners:[], old=null, confs=<EMPTY_MAP>
2023-12-13 18:50:03,903 [s3-groupManagement] INFO  server.RaftServerConfigKeys (ConfUtils.java:logGet(46)) - raft.server.notification.no-leader.timeout = 60s (default)
2023-12-13 18:50:03,903 [s3-groupManagement] INFO  server.RaftServerConfigKeys (ConfUtils.java:logGet(46)) - raft.server.read.timeout = 10s (default)
2023-12-13 18:50:03,903 [s3-groupManagement] INFO  server.RaftServerConfigKeys (ConfUtils.java:logGet(46)) - raft.server.retrycache.expirytime = 60s (default)
2023-12-13 18:50:03,903 [s3-groupManagement] INFO  server.RaftServerConfigKeys (ConfUtils.java:logGet(46)) - raft.server.retrycache.statistics.expirytime = 100ms (default)
2023-12-13 18:50:03,904 [s3-groupManagement] INFO  server.RaftServerConfigKeys (ConfUtils.java:logGet(46)) - raft.server.read.option = DEFAULT (default)
2023-12-13 18:50:03,904 [s3-groupManagement] INFO  server.RaftServerConfigKeys (ConfUtils.java:logGet(46)) - raft.server.read.read-after-write-consistent.write-index-cache.expiry-time = 60s (default)
2023-12-13 18:50:03,904 [s3-groupManagement] INFO  server.RaftServerConfigKeys (ConfUtils.java:logGet(46)) - raft.server.rpc.request.timeout = 3000ms (default)
2023-12-13 18:50:03,904 [s3-groupManagement] INFO  server.RaftServerConfigKeys (ConfUtils.java:logGet(46)) - raft.server.log.appender.install.snapshot.enabled = true (default)
2023-12-13 18:50:03,904 [s3-groupManagement] INFO  server.RaftServerConfigKeys (ConfUtils.java:logGet(46)) - raft.server.threadpool.server.cached = true (default)
2023-12-13 18:50:03,904 [s3-groupManagement] INFO  server.RaftServerConfigKeys (ConfUtils.java:logGet(46)) - raft.server.threadpool.server.size = 0 (default)
2023-12-13 18:50:03,904 [s3-groupManagement] INFO  server.RaftServerConfigKeys (ConfUtils.java:logGet(46)) - raft.server.threadpool.client.cached = true (default)
2023-12-13 18:50:03,904 [s3-groupManagement] INFO  server.RaftServerConfigKeys (ConfUtils.java:logGet(46)) - raft.server.threadpool.client.size = 0 (default)
2023-12-13 18:50:03,904 [s3-groupManagement] DEBUG server.RaftServer (RaftServerProxy.java:lambda$groupAddAsync$13(507)) - s3: newImpl =      null s3@group-C3E5D6DFBC38:t0, leader=null, voted=null, raftlog=UNINITIALIZED, conf=-1: peers:[s3|0.0.0.0:43047, s4|0.0.0.0:36395, s5|0.0.0.0:40741, s1|0.0.0.0:37953, s2|0.0.0.0:44821]|listeners:[], old=null NEW
2023-12-13 18:50:03,904 [s3-groupManagement] INFO  server.RaftServerConfigKeys (ConfUtils.java:logGet(46)) - raft.server.storage.free-space.min = 0MB (=0) (default)
2023-12-13 18:50:03,904 [s3-groupManagement] INFO  server.RaftServerConfigKeys (ConfUtils.java:logGet(46)) - raft.server.log.corruption.policy = EXCEPTION (default)
2023-12-13 18:50:03,904 [s3-groupManagement] INFO  server.RaftServerConfigKeys (ConfUtils.java:logGet(46)) - raft.server.storage.dir = [/home/runner/work/ratis/ratis/ratis-test/target/test/data/b8de9602/MiniRaftClusterWithGrpce58ca676/s3] (custom)
2023-12-13 18:50:03,904 [s3-groupManagement] INFO  storage.RaftStorageDirectory (RaftStorageDirectoryImpl.java:analyzeStorage(138)) - The storage directory /home/runner/work/ratis/ratis/ratis-test/target/test/data/b8de9602/MiniRaftClusterWithGrpce58ca676/s3/fd7a20ee-19f9-4f80-8ea7-c3e5d6dfbc38 does not exist. Creating ...
2023-12-13 18:50:03,904 [s3-groupManagement] TRACE util.FileUtils (LogUtils.java:runAndLog(49)) - Successfully ran Files.createDirectories /home/runner/work/ratis/ratis/ratis-test/target/test/data/b8de9602/MiniRaftClusterWithGrpce58ca676/s3/fd7a20ee-19f9-4f80-8ea7-c3e5d6dfbc38
2023-12-13 18:50:03,905 [s3-groupManagement] INFO  storage.RaftStorageDirectory (RaftStorageDirectoryImpl.java:tryLock(228)) - Lock on /home/runner/work/ratis/ratis/ratis-test/target/test/data/b8de9602/MiniRaftClusterWithGrpce58ca676/s3/fd7a20ee-19f9-4f80-8ea7-c3e5d6dfbc38/in_use.lock acquired by nodename 24599@fv-az743-812
2023-12-13 18:50:03,905 [s3-groupManagement] TRACE util.FileUtils (LogUtils.java:runAndLog(49)) - Successfully ran Files.createDirectories /home/runner/work/ratis/ratis/ratis-test/target/test/data/b8de9602/MiniRaftClusterWithGrpce58ca676/s3/fd7a20ee-19f9-4f80-8ea7-c3e5d6dfbc38/current
2023-12-13 18:50:03,905 [s3-groupManagement] TRACE util.FileUtils (LogUtils.java:runAndLog(49)) - Successfully ran Files.createDirectories /home/runner/work/ratis/ratis/ratis-test/target/test/data/b8de9602/MiniRaftClusterWithGrpce58ca676/s3/fd7a20ee-19f9-4f80-8ea7-c3e5d6dfbc38/sm
2023-12-13 18:50:03,905 [s3-groupManagement] TRACE util.FileUtils (LogUtils.java:supplyAndLog(69)) - Successfully supplied FileChannel.open /home/runner/work/ratis/ratis/ratis-test/target/test/data/b8de9602/MiniRaftClusterWithGrpce58ca676/s3/fd7a20ee-19f9-4f80-8ea7-c3e5d6dfbc38/current/raft-meta.tmp with options [CREATE, WRITE]: sun.nio.ch.FileChannelImpl@524c0a62
2023-12-13 18:50:03,906 [s3-groupManagement] TRACE util.FileUtils (LogUtils.java:runAndLog(49)) - Successfully ran Atomic Files.move /home/runner/work/ratis/ratis/ratis-test/target/test/data/b8de9602/MiniRaftClusterWithGrpce58ca676/s3/fd7a20ee-19f9-4f80-8ea7-c3e5d6dfbc38/current/raft-meta.tmp to /home/runner/work/ratis/ratis/ratis-test/target/test/data/b8de9602/MiniRaftClusterWithGrpce58ca676/s3/fd7a20ee-19f9-4f80-8ea7-c3e5d6dfbc38/current/raft-meta with options [REPLACE_EXISTING]
2023-12-13 18:50:03,906 [s3-groupManagement] INFO  storage.RaftStorage (RaftStorageImpl.java:format(99)) - Storage directory /home/runner/work/ratis/ratis/ratis-test/target/test/data/b8de9602/MiniRaftClusterWithGrpce58ca676/s3/fd7a20ee-19f9-4f80-8ea7-c3e5d6dfbc38 has been successfully formatted.
2023-12-13 18:50:03,906 [s3-groupManagement] TRACE util.FileUtils (LogUtils.java:supplyAndLog(61)) - Failed to Files.newInputStream /home/runner/work/ratis/ratis/ratis-test/target/test/data/b8de9602/MiniRaftClusterWithGrpce58ca676/s3/fd7a20ee-19f9-4f80-8ea7-c3e5d6dfbc38/current/raft-meta.conf with options []
java.nio.file.NoSuchFileException: /home/runner/work/ratis/ratis/ratis-test/target/test/data/b8de9602/MiniRaftClusterWithGrpce58ca676/s3/fd7a20ee-19f9-4f80-8ea7-c3e5d6dfbc38/current/raft-meta.conf
	at java.base/sun.nio.fs.UnixException.translateToIOException(UnixException.java:92)
	at java.base/sun.nio.fs.UnixException.rethrowAsIOException(UnixException.java:111)
	at java.base/sun.nio.fs.UnixException.rethrowAsIOException(UnixException.java:116)
	at java.base/sun.nio.fs.UnixFileSystemProvider.newByteChannel(UnixFileSystemProvider.java:219)
	at java.base/java.nio.file.Files.newByteChannel(Files.java:371)
	at java.base/java.nio.file.Files.newByteChannel(Files.java:422)
	at java.base/java.nio.file.spi.FileSystemProvider.newInputStream(FileSystemProvider.java:420)
	at java.base/java.nio.file.Files.newInputStream(Files.java:156)
	at org.apache.ratis.util.FileUtils.lambda$newInputStream$2(FileUtils.java:73)
	at org.apache.ratis.util.LogUtils.supplyAndLog(LogUtils.java:58)
	at org.apache.ratis.util.FileUtils.newInputStream(FileUtils.java:72)
	at org.apache.ratis.util.FileUtils.newInputStream(FileUtils.java:68)
	at org.apache.ratis.server.storage.RaftStorageImpl.readRaftConfiguration(RaftStorageImpl.java:156)
	at org.apache.ratis.server.impl.ServerState.initialize(ServerState.java:141)
	at org.apache.ratis.server.impl.RaftServerImpl.start(RaftServerImpl.java:388)
	at org.apache.ratis.server.impl.RaftServerProxy.lambda$groupAddAsync$13(RaftServerProxy.java:509)
	at java.base/java.util.concurrent.CompletableFuture$UniApply.tryFire(CompletableFuture.java:642)
	at java.base/java.util.concurrent.CompletableFuture$Completion.run(CompletableFuture.java:478)
	at java.base/java.util.concurrent.ThreadPoolExecutor.runWorker(ThreadPoolExecutor.java:1128)
	at java.base/java.util.concurrent.ThreadPoolExecutor$Worker.run(ThreadPoolExecutor.java:628)
	at java.base/java.lang.Thread.run(Thread.java:829)
2023-12-13 18:50:03,906 [s3-groupManagement] INFO  server.RaftServerConfigKeys (ConfUtils.java:logGet(46)) - raft.server.log.use.memory = false (default)
2023-12-13 18:50:03,906 [s3-groupManagement] INFO  server.RaftServerConfigKeys (ConfUtils.java:logGet(46)) - raft.server.log.purge.gap = 1024 (default)
2023-12-13 18:50:03,907 [s3-groupManagement] INFO  server.RaftServerConfigKeys (ConfUtils.java:logGet(46)) - raft.server.log.appender.buffer.byte-limit = 4MB (=4194304) (default)
2023-12-13 18:50:03,907 [s3-groupManagement] INFO  server.RaftServerConfigKeys (ConfUtils.java:logGet(46)) - raft.server.log.statemachine.data.read.timeout = 1000ms (default)
2023-12-13 18:50:03,907 [s3-groupManagement] INFO  server.RaftServerConfigKeys (ConfUtils.java:logGet(46)) - raft.server.log.purge.preservation.log.num = 0 (default)
2023-12-13 18:50:03,907 [s3-groupManagement] INFO  server.RaftServerConfigKeys (ConfUtils.java:logGet(46)) - raft.server.log.segment.size.max = 32MB (=33554432) (default)
2023-12-13 18:50:03,907 [s3-groupManagement] INFO  server.RaftServerConfigKeys (ConfUtils.java:logGet(46)) - raft.server.log.segment.cache.num.max = 6 (default)
2023-12-13 18:50:03,907 [s3-groupManagement] INFO  server.RaftServerConfigKeys (ConfUtils.java:logGet(46)) - raft.server.log.segment.cache.size.max = 200MB (=209715200) (default)
2023-12-13 18:50:03,907 [s3-groupManagement] INFO  server.RaftServerConfigKeys (ConfUtils.java:logGet(46)) - raft.server.log.appender.buffer.byte-limit = 4MB (=4194304) (default)
2023-12-13 18:50:03,907 [s3-groupManagement] INFO  util.AwaitToRun (AwaitToRun.java:start(81)) - Thread[s3@group-C3E5D6DFBC38-cacheEviction-AwaitToRun,5,main] started
2023-12-13 18:50:03,907 [s3-groupManagement] INFO  segmented.SegmentedRaftLogWorker (SegmentedRaftLogWorker.java:<init>(182)) - new s3@group-C3E5D6DFBC38-SegmentedRaftLogWorker for RaftStorageImpl:Storage Directory /home/runner/work/ratis/ratis/ratis-test/target/test/data/b8de9602/MiniRaftClusterWithGrpce58ca676/s3/fd7a20ee-19f9-4f80-8ea7-c3e5d6dfbc38
2023-12-13 18:50:03,907 [s3-groupManagement] INFO  server.RaftServerConfigKeys (ConfUtils.java:logGet(46)) - raft.server.log.queue.byte-limit = 64MB (=67108864) (default)
2023-12-13 18:50:03,907 [s3-groupManagement] INFO  server.RaftServerConfigKeys (ConfUtils.java:logGet(46)) - raft.server.log.queue.element-limit = 4096 (default)
2023-12-13 18:50:03,907 [s3-groupManagement] INFO  server.RaftServerConfigKeys (ConfUtils.java:logGet(46)) - raft.server.log.segment.size.max = 32MB (=33554432) (default)
2023-12-13 18:50:03,907 [s3-groupManagement] INFO  server.RaftServerConfigKeys (ConfUtils.java:logGet(46)) - raft.server.log.preallocated.size = 4MB (=4194304) (default)
2023-12-13 18:50:03,907 [s3-groupManagement] INFO  server.RaftServerConfigKeys (ConfUtils.java:logGet(46)) - raft.server.log.force.sync.num = 128 (default)
2023-12-13 18:50:03,907 [s3-groupManagement] INFO  server.RaftServerConfigKeys (ConfUtils.java:logGet(46)) - raft.server.log.statemachine.data.sync = true (default)
2023-12-13 18:50:03,907 [s3-groupManagement] INFO  server.RaftServerConfigKeys (ConfUtils.java:logGet(46)) - raft.server.log.statemachine.data.sync.timeout = 10s (default)
2023-12-13 18:50:03,907 [s3-groupManagement] INFO  server.RaftServerConfigKeys (ConfUtils.java:logGet(46)) - raft.server.log.statemachine.data.sync.timeout.retry = -1 (default)
2023-12-13 18:50:03,907 [s3-groupManagement] INFO  server.RaftServerConfigKeys (ConfUtils.java:logGet(46)) - raft.server.log.write.buffer.size = 8MB (=8388608) (default)
2023-12-13 18:50:03,909 [s3-groupManagement] INFO  server.RaftServerConfigKeys (ConfUtils.java:logGet(46)) - raft.server.log.appender.buffer.byte-limit = 4MB (=4194304) (default)
2023-12-13 18:50:03,909 [s3-groupManagement] INFO  server.RaftServerConfigKeys (ConfUtils.java:logGet(46)) - raft.server.log.unsafe-flush.enabled = false (default)
2023-12-13 18:50:03,909 [s3-groupManagement] INFO  server.RaftServerConfigKeys (ConfUtils.java:logGet(46)) - raft.server.log.async-flush.enabled = false (default)
2023-12-13 18:50:03,909 [s3-groupManagement] INFO  server.RaftServerConfigKeys (ConfUtils.java:logGet(46)) - raft.server.log.statemachine.data.caching.enabled = false (default)
2023-12-13 18:50:03,909 [s3-groupManagement] INFO  segmented.SegmentedRaftLogWorker (SegmentedRaftLogWorker.java:lambda$new$0(134)) - s3@group-C3E5D6DFBC38-SegmentedRaftLogWorker: flushIndex: setUnconditionally 0 -> -1
2023-12-13 18:50:03,909 [s3-groupManagement] INFO  segmented.SegmentedRaftLogWorker (SegmentedRaftLogWorker.java:lambda$new$0(134)) - s3@group-C3E5D6DFBC38-SegmentedRaftLogWorker: safeCacheEvictIndex: setUnconditionally 0 -> -1
2023-12-13 18:50:03,910 [s3-groupManagement] INFO  server.RaftServer$Division (RaftServerImpl.java:start(392)) - s3@group-C3E5D6DFBC38: start as a follower, conf=-1: peers:[s3|0.0.0.0:43047, s4|0.0.0.0:36395, s5|0.0.0.0:40741, s1|0.0.0.0:37953, s2|0.0.0.0:44821]|listeners:[], old=null
2023-12-13 18:50:03,910 [s3-groupManagement] INFO  server.RaftServer$Division (RaftServerImpl.java:setRole(379)) - s3@group-C3E5D6DFBC38: changes role from      null to FOLLOWER at term 0 for startAsFollower
2023-12-13 18:50:03,910 [s3-groupManagement] INFO  impl.RoleInfo (RoleInfo.java:updateAndGet(139)) - s3: start s3@group-C3E5D6DFBC38-FollowerState
2023-12-13 18:50:03,910 [s3@group-C3E5D6DFBC38-FollowerState] INFO  server.RaftServerConfigKeys (ConfUtils.java:logFallback(53)) - raft.server.rpc.first-election.timeout.min = 1500ms (fallback to raft.server.rpc.timeout.min)
2023-12-13 18:50:03,910 [s3-groupManagement] INFO  util.JmxRegister (JmxRegister.java:tryRegister(44)) - Successfully registered JMX Bean with object name Ratis:service=RaftServer,group=group-C3E5D6DFBC38,id=s3
2023-12-13 18:50:03,910 [s3@group-C3E5D6DFBC38-FollowerState] INFO  server.RaftServerConfigKeys (ConfUtils.java:logFallback(53)) - raft.server.rpc.first-election.timeout.max = 2000ms (fallback to raft.server.rpc.timeout.max)
2023-12-13 18:50:03,910 [s3-groupManagement] INFO  server.RaftServerConfigKeys (ConfUtils.java:logGet(46)) - raft.server.snapshot.trigger-when-stop.enabled = true (default)
2023-12-13 18:50:03,910 [s3-groupManagement] INFO  server.RaftServerConfigKeys (ConfUtils.java:logGet(46)) - raft.server.snapshot.auto.trigger.enabled = false (default)
2023-12-13 18:50:03,910 [s3-groupManagement] INFO  server.RaftServerConfigKeys (ConfUtils.java:logGet(46)) - raft.server.snapshot.retention.file.num = -1 (default)
2023-12-13 18:50:03,910 [s3-groupManagement] INFO  server.RaftServerConfigKeys (ConfUtils.java:logGet(46)) - raft.server.log.purge.upto.snapshot.index = false (default)
2023-12-13 18:50:03,919 [Time-limited test] DEBUG client.RaftClient (ConfUtils.java:logGet(46)) - raft.rpc.type = GRPC (default)
2023-12-13 18:50:03,923 [grpc-default-executor-0] INFO  server.RaftServer (RaftServerProxy.java:addNew(100)) - s4: addNew group-C3E5D6DFBC38:[s3|0.0.0.0:43047, s4|0.0.0.0:36395, s5|0.0.0.0:40741, s1|0.0.0.0:37953, s2|0.0.0.0:44821] returns group-C3E5D6DFBC38:java.util.concurrent.CompletableFuture@144c2114[Not completed]
2023-12-13 18:50:03,923 [s4-groupManagement] INFO  server.RaftServer$Division (RaftServerImpl.java:<init>(256)) - s4: new RaftServerImpl for group-C3E5D6DFBC38:[s3|0.0.0.0:43047, s4|0.0.0.0:36395, s5|0.0.0.0:40741, s1|0.0.0.0:37953, s2|0.0.0.0:44821] with BaseStateMachine:uninitialized
2023-12-13 18:50:03,923 [s4-groupManagement] INFO  server.RaftServerConfigKeys (ConfUtils.java:logGet(46)) - raft.server.rpc.timeout.min = 1500ms (custom)
2023-12-13 18:50:03,923 [s4-groupManagement] INFO  server.RaftServerConfigKeys (ConfUtils.java:logGet(46)) - raft.server.rpc.timeout.max = 2000ms (custom)
2023-12-13 18:50:03,923 [s4-groupManagement] INFO  server.RaftServerConfigKeys (ConfUtils.java:logGet(46)) - raft.server.rpc.sleep.time = 25ms (default)
2023-12-13 18:50:03,924 [s4-groupManagement] INFO  server.RaftServerConfigKeys (ConfUtils.java:logGet(46)) - raft.server.rpc.slowness.timeout = 60s (default)
2023-12-13 18:50:03,924 [s4-groupManagement] INFO  server.RaftServerConfigKeys (ConfUtils.java:logGet(46)) - raft.server.leaderelection.leader.step-down.wait-time = 10s (default)
2023-12-13 18:50:03,924 [s4-groupManagement] INFO  server.RaftServerConfigKeys (ConfUtils.java:logGet(46)) - raft.server.leaderelection.member.majority-add = false (default)
2023-12-13 18:50:03,924 [s4-groupManagement] INFO  server.RaftServerConfigKeys (ConfUtils.java:logGet(46)) - raft.server.sleep.deviation.threshold = 300ms (default)
2023-12-13 18:50:03,924 [s4-groupManagement] INFO  server.RaftServer$Division (ServerState.java:<init>(113)) - s4@group-C3E5D6DFBC38: ConfigurationManager, init=-1: peers:[s3|0.0.0.0:43047, s4|0.0.0.0:36395, s5|0.0.0.0:40741, s1|0.0.0.0:37953, s2|0.0.0.0:44821]|listeners:[], old=null, confs=<EMPTY_MAP>
2023-12-13 18:50:03,924 [s4-groupManagement] INFO  server.RaftServerConfigKeys (ConfUtils.java:logGet(46)) - raft.server.notification.no-leader.timeout = 60s (default)
2023-12-13 18:50:03,924 [s4-groupManagement] INFO  server.RaftServerConfigKeys (ConfUtils.java:logGet(46)) - raft.server.read.timeout = 10s (default)
2023-12-13 18:50:03,924 [s4-groupManagement] INFO  server.RaftServerConfigKeys (ConfUtils.java:logGet(46)) - raft.server.retrycache.expirytime = 60s (default)
2023-12-13 18:50:03,924 [s4-groupManagement] INFO  server.RaftServerConfigKeys (ConfUtils.java:logGet(46)) - raft.server.retrycache.statistics.expirytime = 100ms (default)
2023-12-13 18:50:03,924 [s4-groupManagement] INFO  server.RaftServerConfigKeys (ConfUtils.java:logGet(46)) - raft.server.read.option = DEFAULT (default)
2023-12-13 18:50:03,924 [s4-groupManagement] INFO  server.RaftServerConfigKeys (ConfUtils.java:logGet(46)) - raft.server.read.read-after-write-consistent.write-index-cache.expiry-time = 60s (default)
2023-12-13 18:50:03,924 [s4-groupManagement] INFO  server.RaftServerConfigKeys (ConfUtils.java:logGet(46)) - raft.server.rpc.request.timeout = 3000ms (default)
2023-12-13 18:50:03,924 [s4-groupManagement] INFO  server.RaftServerConfigKeys (ConfUtils.java:logGet(46)) - raft.server.log.appender.install.snapshot.enabled = true (default)
2023-12-13 18:50:03,924 [s4-groupManagement] INFO  server.RaftServerConfigKeys (ConfUtils.java:logGet(46)) - raft.server.threadpool.server.cached = true (default)
2023-12-13 18:50:03,924 [s4-groupManagement] INFO  server.RaftServerConfigKeys (ConfUtils.java:logGet(46)) - raft.server.threadpool.server.size = 0 (default)
2023-12-13 18:50:03,924 [s4-groupManagement] INFO  server.RaftServerConfigKeys (ConfUtils.java:logGet(46)) - raft.server.threadpool.client.cached = true (default)
2023-12-13 18:50:03,924 [s4-groupManagement] INFO  server.RaftServerConfigKeys (ConfUtils.java:logGet(46)) - raft.server.threadpool.client.size = 0 (default)
2023-12-13 18:50:03,924 [s4-groupManagement] DEBUG server.RaftServer (RaftServerProxy.java:lambda$groupAddAsync$13(507)) - s4: newImpl =      null s4@group-C3E5D6DFBC38:t0, leader=null, voted=null, raftlog=UNINITIALIZED, conf=-1: peers:[s3|0.0.0.0:43047, s4|0.0.0.0:36395, s5|0.0.0.0:40741, s1|0.0.0.0:37953, s2|0.0.0.0:44821]|listeners:[], old=null NEW
2023-12-13 18:50:03,924 [s4-groupManagement] INFO  server.RaftServerConfigKeys (ConfUtils.java:logGet(46)) - raft.server.storage.free-space.min = 0MB (=0) (default)
2023-12-13 18:50:03,924 [s4-groupManagement] INFO  server.RaftServerConfigKeys (ConfUtils.java:logGet(46)) - raft.server.log.corruption.policy = EXCEPTION (default)
2023-12-13 18:50:03,925 [s4-groupManagement] INFO  server.RaftServerConfigKeys (ConfUtils.java:logGet(46)) - raft.server.storage.dir = [/home/runner/work/ratis/ratis/ratis-test/target/test/data/b8de9602/MiniRaftClusterWithGrpce58ca676/s4] (custom)
2023-12-13 18:50:03,925 [s4-groupManagement] INFO  storage.RaftStorageDirectory (RaftStorageDirectoryImpl.java:analyzeStorage(138)) - The storage directory /home/runner/work/ratis/ratis/ratis-test/target/test/data/b8de9602/MiniRaftClusterWithGrpce58ca676/s4/fd7a20ee-19f9-4f80-8ea7-c3e5d6dfbc38 does not exist. Creating ...
2023-12-13 18:50:03,925 [s4-groupManagement] TRACE util.FileUtils (LogUtils.java:runAndLog(49)) - Successfully ran Files.createDirectories /home/runner/work/ratis/ratis/ratis-test/target/test/data/b8de9602/MiniRaftClusterWithGrpce58ca676/s4/fd7a20ee-19f9-4f80-8ea7-c3e5d6dfbc38
2023-12-13 18:50:03,926 [s4-groupManagement] INFO  storage.RaftStorageDirectory (RaftStorageDirectoryImpl.java:tryLock(228)) - Lock on /home/runner/work/ratis/ratis/ratis-test/target/test/data/b8de9602/MiniRaftClusterWithGrpce58ca676/s4/fd7a20ee-19f9-4f80-8ea7-c3e5d6dfbc38/in_use.lock acquired by nodename 24599@fv-az743-812
2023-12-13 18:50:03,926 [s4-groupManagement] TRACE util.FileUtils (LogUtils.java:runAndLog(49)) - Successfully ran Files.createDirectories /home/runner/work/ratis/ratis/ratis-test/target/test/data/b8de9602/MiniRaftClusterWithGrpce58ca676/s4/fd7a20ee-19f9-4f80-8ea7-c3e5d6dfbc38/current
2023-12-13 18:50:03,926 [s4-groupManagement] TRACE util.FileUtils (LogUtils.java:runAndLog(49)) - Successfully ran Files.createDirectories /home/runner/work/ratis/ratis/ratis-test/target/test/data/b8de9602/MiniRaftClusterWithGrpce58ca676/s4/fd7a20ee-19f9-4f80-8ea7-c3e5d6dfbc38/sm
2023-12-13 18:50:03,926 [s4-groupManagement] TRACE util.FileUtils (LogUtils.java:supplyAndLog(69)) - Successfully supplied FileChannel.open /home/runner/work/ratis/ratis/ratis-test/target/test/data/b8de9602/MiniRaftClusterWithGrpce58ca676/s4/fd7a20ee-19f9-4f80-8ea7-c3e5d6dfbc38/current/raft-meta.tmp with options [CREATE, WRITE]: sun.nio.ch.FileChannelImpl@7a1be3c6
2023-12-13 18:50:03,927 [s4-groupManagement] TRACE util.FileUtils (LogUtils.java:runAndLog(49)) - Successfully ran Atomic Files.move /home/runner/work/ratis/ratis/ratis-test/target/test/data/b8de9602/MiniRaftClusterWithGrpce58ca676/s4/fd7a20ee-19f9-4f80-8ea7-c3e5d6dfbc38/current/raft-meta.tmp to /home/runner/work/ratis/ratis/ratis-test/target/test/data/b8de9602/MiniRaftClusterWithGrpce58ca676/s4/fd7a20ee-19f9-4f80-8ea7-c3e5d6dfbc38/current/raft-meta with options [REPLACE_EXISTING]
2023-12-13 18:50:03,927 [s4-groupManagement] INFO  storage.RaftStorage (RaftStorageImpl.java:format(99)) - Storage directory /home/runner/work/ratis/ratis/ratis-test/target/test/data/b8de9602/MiniRaftClusterWithGrpce58ca676/s4/fd7a20ee-19f9-4f80-8ea7-c3e5d6dfbc38 has been successfully formatted.
2023-12-13 18:50:03,927 [s4-groupManagement] TRACE util.FileUtils (LogUtils.java:supplyAndLog(61)) - Failed to Files.newInputStream /home/runner/work/ratis/ratis/ratis-test/target/test/data/b8de9602/MiniRaftClusterWithGrpce58ca676/s4/fd7a20ee-19f9-4f80-8ea7-c3e5d6dfbc38/current/raft-meta.conf with options []
java.nio.file.NoSuchFileException: /home/runner/work/ratis/ratis/ratis-test/target/test/data/b8de9602/MiniRaftClusterWithGrpce58ca676/s4/fd7a20ee-19f9-4f80-8ea7-c3e5d6dfbc38/current/raft-meta.conf
	at java.base/sun.nio.fs.UnixException.translateToIOException(UnixException.java:92)
	at java.base/sun.nio.fs.UnixException.rethrowAsIOException(UnixException.java:111)
	at java.base/sun.nio.fs.UnixException.rethrowAsIOException(UnixException.java:116)
	at java.base/sun.nio.fs.UnixFileSystemProvider.newByteChannel(UnixFileSystemProvider.java:219)
	at java.base/java.nio.file.Files.newByteChannel(Files.java:371)
	at java.base/java.nio.file.Files.newByteChannel(Files.java:422)
	at java.base/java.nio.file.spi.FileSystemProvider.newInputStream(FileSystemProvider.java:420)
	at java.base/java.nio.file.Files.newInputStream(Files.java:156)
	at org.apache.ratis.util.FileUtils.lambda$newInputStream$2(FileUtils.java:73)
	at org.apache.ratis.util.LogUtils.supplyAndLog(LogUtils.java:58)
	at org.apache.ratis.util.FileUtils.newInputStream(FileUtils.java:72)
	at org.apache.ratis.util.FileUtils.newInputStream(FileUtils.java:68)
	at org.apache.ratis.server.storage.RaftStorageImpl.readRaftConfiguration(RaftStorageImpl.java:156)
	at org.apache.ratis.server.impl.ServerState.initialize(ServerState.java:141)
	at org.apache.ratis.server.impl.RaftServerImpl.start(RaftServerImpl.java:388)
	at org.apache.ratis.server.impl.RaftServerProxy.lambda$groupAddAsync$13(RaftServerProxy.java:509)
	at java.base/java.util.concurrent.CompletableFuture$UniApply.tryFire(CompletableFuture.java:642)
	at java.base/java.util.concurrent.CompletableFuture$Completion.run(CompletableFuture.java:478)
	at java.base/java.util.concurrent.ThreadPoolExecutor.runWorker(ThreadPoolExecutor.java:1128)
	at java.base/java.util.concurrent.ThreadPoolExecutor$Worker.run(ThreadPoolExecutor.java:628)
	at java.base/java.lang.Thread.run(Thread.java:829)
2023-12-13 18:50:03,928 [s4-groupManagement] INFO  server.RaftServerConfigKeys (ConfUtils.java:logGet(46)) - raft.server.log.use.memory = false (default)
2023-12-13 18:50:03,928 [s4-groupManagement] INFO  server.RaftServerConfigKeys (ConfUtils.java:logGet(46)) - raft.server.log.purge.gap = 1024 (default)
2023-12-13 18:50:03,928 [s4-groupManagement] INFO  server.RaftServerConfigKeys (ConfUtils.java:logGet(46)) - raft.server.log.appender.buffer.byte-limit = 4MB (=4194304) (default)
2023-12-13 18:50:03,928 [s4-groupManagement] INFO  server.RaftServerConfigKeys (ConfUtils.java:logGet(46)) - raft.server.log.statemachine.data.read.timeout = 1000ms (default)
2023-12-13 18:50:03,928 [s4-groupManagement] INFO  server.RaftServerConfigKeys (ConfUtils.java:logGet(46)) - raft.server.log.purge.preservation.log.num = 0 (default)
2023-12-13 18:50:03,928 [s4-groupManagement] INFO  server.RaftServerConfigKeys (ConfUtils.java:logGet(46)) - raft.server.log.segment.size.max = 32MB (=33554432) (default)
2023-12-13 18:50:03,928 [s4-groupManagement] INFO  server.RaftServerConfigKeys (ConfUtils.java:logGet(46)) - raft.server.log.segment.cache.num.max = 6 (default)
2023-12-13 18:50:03,928 [s4-groupManagement] INFO  server.RaftServerConfigKeys (ConfUtils.java:logGet(46)) - raft.server.log.segment.cache.size.max = 200MB (=209715200) (default)
2023-12-13 18:50:03,928 [s4-groupManagement] INFO  server.RaftServerConfigKeys (ConfUtils.java:logGet(46)) - raft.server.log.appender.buffer.byte-limit = 4MB (=4194304) (default)
2023-12-13 18:50:03,928 [s4-groupManagement] INFO  util.AwaitToRun (AwaitToRun.java:start(81)) - Thread[s4@group-C3E5D6DFBC38-cacheEviction-AwaitToRun,5,main] started
2023-12-13 18:50:03,929 [s4-groupManagement] INFO  segmented.SegmentedRaftLogWorker (SegmentedRaftLogWorker.java:<init>(182)) - new s4@group-C3E5D6DFBC38-SegmentedRaftLogWorker for RaftStorageImpl:Storage Directory /home/runner/work/ratis/ratis/ratis-test/target/test/data/b8de9602/MiniRaftClusterWithGrpce58ca676/s4/fd7a20ee-19f9-4f80-8ea7-c3e5d6dfbc38
2023-12-13 18:50:03,929 [s4-groupManagement] INFO  server.RaftServerConfigKeys (ConfUtils.java:logGet(46)) - raft.server.log.queue.byte-limit = 64MB (=67108864) (default)
2023-12-13 18:50:03,929 [s4-groupManagement] INFO  server.RaftServerConfigKeys (ConfUtils.java:logGet(46)) - raft.server.log.queue.element-limit = 4096 (default)
2023-12-13 18:50:03,929 [s4-groupManagement] INFO  server.RaftServerConfigKeys (ConfUtils.java:logGet(46)) - raft.server.log.segment.size.max = 32MB (=33554432) (default)
2023-12-13 18:50:03,929 [s4-groupManagement] INFO  server.RaftServerConfigKeys (ConfUtils.java:logGet(46)) - raft.server.log.preallocated.size = 4MB (=4194304) (default)
2023-12-13 18:50:03,929 [s4-groupManagement] INFO  server.RaftServerConfigKeys (ConfUtils.java:logGet(46)) - raft.server.log.force.sync.num = 128 (default)
2023-12-13 18:50:03,929 [s4-groupManagement] INFO  server.RaftServerConfigKeys (ConfUtils.java:logGet(46)) - raft.server.log.statemachine.data.sync = true (default)
2023-12-13 18:50:03,929 [s4-groupManagement] INFO  server.RaftServerConfigKeys (ConfUtils.java:logGet(46)) - raft.server.log.statemachine.data.sync.timeout = 10s (default)
2023-12-13 18:50:03,929 [s4-groupManagement] INFO  server.RaftServerConfigKeys (ConfUtils.java:logGet(46)) - raft.server.log.statemachine.data.sync.timeout.retry = -1 (default)
2023-12-13 18:50:03,929 [s4-groupManagement] INFO  server.RaftServerConfigKeys (ConfUtils.java:logGet(46)) - raft.server.log.write.buffer.size = 8MB (=8388608) (default)
2023-12-13 18:50:03,931 [s4-groupManagement] INFO  server.RaftServerConfigKeys (ConfUtils.java:logGet(46)) - raft.server.log.appender.buffer.byte-limit = 4MB (=4194304) (default)
2023-12-13 18:50:03,931 [s4-groupManagement] INFO  server.RaftServerConfigKeys (ConfUtils.java:logGet(46)) - raft.server.log.unsafe-flush.enabled = false (default)
2023-12-13 18:50:03,931 [s4-groupManagement] INFO  server.RaftServerConfigKeys (ConfUtils.java:logGet(46)) - raft.server.log.async-flush.enabled = false (default)
2023-12-13 18:50:03,931 [s4-groupManagement] INFO  server.RaftServerConfigKeys (ConfUtils.java:logGet(46)) - raft.server.log.statemachine.data.caching.enabled = false (default)
2023-12-13 18:50:03,931 [s4-groupManagement] INFO  segmented.SegmentedRaftLogWorker (SegmentedRaftLogWorker.java:lambda$new$0(134)) - s4@group-C3E5D6DFBC38-SegmentedRaftLogWorker: flushIndex: setUnconditionally 0 -> -1
2023-12-13 18:50:03,931 [s4-groupManagement] INFO  segmented.SegmentedRaftLogWorker (SegmentedRaftLogWorker.java:lambda$new$0(134)) - s4@group-C3E5D6DFBC38-SegmentedRaftLogWorker: safeCacheEvictIndex: setUnconditionally 0 -> -1
2023-12-13 18:50:03,931 [s4-groupManagement] INFO  server.RaftServer$Division (RaftServerImpl.java:start(392)) - s4@group-C3E5D6DFBC38: start as a follower, conf=-1: peers:[s3|0.0.0.0:43047, s4|0.0.0.0:36395, s5|0.0.0.0:40741, s1|0.0.0.0:37953, s2|0.0.0.0:44821]|listeners:[], old=null
2023-12-13 18:50:03,932 [s4-groupManagement] INFO  server.RaftServer$Division (RaftServerImpl.java:setRole(379)) - s4@group-C3E5D6DFBC38: changes role from      null to FOLLOWER at term 0 for startAsFollower
2023-12-13 18:50:03,932 [s4-groupManagement] INFO  impl.RoleInfo (RoleInfo.java:updateAndGet(139)) - s4: start s4@group-C3E5D6DFBC38-FollowerState
2023-12-13 18:50:03,932 [s4@group-C3E5D6DFBC38-FollowerState] INFO  server.RaftServerConfigKeys (ConfUtils.java:logFallback(53)) - raft.server.rpc.first-election.timeout.min = 1500ms (fallback to raft.server.rpc.timeout.min)
2023-12-13 18:50:03,932 [s4-groupManagement] INFO  util.JmxRegister (JmxRegister.java:tryRegister(44)) - Successfully registered JMX Bean with object name Ratis:service=RaftServer,group=group-C3E5D6DFBC38,id=s4
2023-12-13 18:50:03,932 [s4@group-C3E5D6DFBC38-FollowerState] INFO  server.RaftServerConfigKeys (ConfUtils.java:logFallback(53)) - raft.server.rpc.first-election.timeout.max = 2000ms (fallback to raft.server.rpc.timeout.max)
2023-12-13 18:50:03,932 [s4-groupManagement] INFO  server.RaftServerConfigKeys (ConfUtils.java:logGet(46)) - raft.server.snapshot.trigger-when-stop.enabled = true (default)
2023-12-13 18:50:03,932 [s4-groupManagement] INFO  server.RaftServerConfigKeys (ConfUtils.java:logGet(46)) - raft.server.snapshot.auto.trigger.enabled = false (default)
2023-12-13 18:50:03,932 [s4-groupManagement] INFO  server.RaftServerConfigKeys (ConfUtils.java:logGet(46)) - raft.server.snapshot.retention.file.num = -1 (default)
2023-12-13 18:50:03,932 [s4-groupManagement] INFO  server.RaftServerConfigKeys (ConfUtils.java:logGet(46)) - raft.server.log.purge.upto.snapshot.index = false (default)
2023-12-13 18:50:03,942 [Time-limited test] DEBUG client.RaftClient (ConfUtils.java:logGet(46)) - raft.rpc.type = GRPC (default)
2023-12-13 18:50:03,946 [grpc-default-executor-0] INFO  server.RaftServer (RaftServerProxy.java:addNew(100)) - s5: addNew group-C3E5D6DFBC38:[s3|0.0.0.0:43047, s4|0.0.0.0:36395, s5|0.0.0.0:40741, s1|0.0.0.0:37953, s2|0.0.0.0:44821] returns group-C3E5D6DFBC38:java.util.concurrent.CompletableFuture@423c21ce[Not completed]
2023-12-13 18:50:03,946 [s5-groupManagement] INFO  server.RaftServer$Division (RaftServerImpl.java:<init>(256)) - s5: new RaftServerImpl for group-C3E5D6DFBC38:[s3|0.0.0.0:43047, s4|0.0.0.0:36395, s5|0.0.0.0:40741, s1|0.0.0.0:37953, s2|0.0.0.0:44821] with BaseStateMachine:uninitialized
2023-12-13 18:50:03,946 [s5-groupManagement] INFO  server.RaftServerConfigKeys (ConfUtils.java:logGet(46)) - raft.server.rpc.timeout.min = 1500ms (custom)
2023-12-13 18:50:03,946 [s5-groupManagement] INFO  server.RaftServerConfigKeys (ConfUtils.java:logGet(46)) - raft.server.rpc.timeout.max = 2000ms (custom)
2023-12-13 18:50:03,947 [s5-groupManagement] INFO  server.RaftServerConfigKeys (ConfUtils.java:logGet(46)) - raft.server.rpc.sleep.time = 25ms (default)
2023-12-13 18:50:03,947 [s5-groupManagement] INFO  server.RaftServerConfigKeys (ConfUtils.java:logGet(46)) - raft.server.rpc.slowness.timeout = 60s (default)
2023-12-13 18:50:03,947 [s5-groupManagement] INFO  server.RaftServerConfigKeys (ConfUtils.java:logGet(46)) - raft.server.leaderelection.leader.step-down.wait-time = 10s (default)
2023-12-13 18:50:03,947 [s5-groupManagement] INFO  server.RaftServerConfigKeys (ConfUtils.java:logGet(46)) - raft.server.leaderelection.member.majority-add = false (default)
2023-12-13 18:50:03,947 [s5-groupManagement] INFO  server.RaftServerConfigKeys (ConfUtils.java:logGet(46)) - raft.server.sleep.deviation.threshold = 300ms (default)
2023-12-13 18:50:03,947 [s5-groupManagement] INFO  server.RaftServer$Division (ServerState.java:<init>(113)) - s5@group-C3E5D6DFBC38: ConfigurationManager, init=-1: peers:[s3|0.0.0.0:43047, s4|0.0.0.0:36395, s5|0.0.0.0:40741, s1|0.0.0.0:37953, s2|0.0.0.0:44821]|listeners:[], old=null, confs=<EMPTY_MAP>
2023-12-13 18:50:03,947 [s5-groupManagement] INFO  server.RaftServerConfigKeys (ConfUtils.java:logGet(46)) - raft.server.notification.no-leader.timeout = 60s (default)
2023-12-13 18:50:03,947 [s5-groupManagement] INFO  server.RaftServerConfigKeys (ConfUtils.java:logGet(46)) - raft.server.read.timeout = 10s (default)
2023-12-13 18:50:03,947 [s5-groupManagement] INFO  server.RaftServerConfigKeys (ConfUtils.java:logGet(46)) - raft.server.retrycache.expirytime = 60s (default)
2023-12-13 18:50:03,947 [s5-groupManagement] INFO  server.RaftServerConfigKeys (ConfUtils.java:logGet(46)) - raft.server.retrycache.statistics.expirytime = 100ms (default)
2023-12-13 18:50:03,947 [s5-groupManagement] INFO  server.RaftServerConfigKeys (ConfUtils.java:logGet(46)) - raft.server.read.option = DEFAULT (default)
2023-12-13 18:50:03,947 [s5-groupManagement] INFO  server.RaftServerConfigKeys (ConfUtils.java:logGet(46)) - raft.server.read.read-after-write-consistent.write-index-cache.expiry-time = 60s (default)
2023-12-13 18:50:03,948 [s5-groupManagement] INFO  server.RaftServerConfigKeys (ConfUtils.java:logGet(46)) - raft.server.rpc.request.timeout = 3000ms (default)
2023-12-13 18:50:03,948 [s5-groupManagement] INFO  server.RaftServerConfigKeys (ConfUtils.java:logGet(46)) - raft.server.log.appender.install.snapshot.enabled = true (default)
2023-12-13 18:50:03,948 [s5-groupManagement] INFO  server.RaftServerConfigKeys (ConfUtils.java:logGet(46)) - raft.server.threadpool.server.cached = true (default)
2023-12-13 18:50:03,948 [s5-groupManagement] INFO  server.RaftServerConfigKeys (ConfUtils.java:logGet(46)) - raft.server.threadpool.server.size = 0 (default)
2023-12-13 18:50:03,948 [s5-groupManagement] INFO  server.RaftServerConfigKeys (ConfUtils.java:logGet(46)) - raft.server.threadpool.client.cached = true (default)
2023-12-13 18:50:03,948 [s5-groupManagement] INFO  server.RaftServerConfigKeys (ConfUtils.java:logGet(46)) - raft.server.threadpool.client.size = 0 (default)
2023-12-13 18:50:03,948 [s5-groupManagement] DEBUG server.RaftServer (RaftServerProxy.java:lambda$groupAddAsync$13(507)) - s5: newImpl =      null s5@group-C3E5D6DFBC38:t0, leader=null, voted=null, raftlog=UNINITIALIZED, conf=-1: peers:[s3|0.0.0.0:43047, s4|0.0.0.0:36395, s5|0.0.0.0:40741, s1|0.0.0.0:37953, s2|0.0.0.0:44821]|listeners:[], old=null NEW
2023-12-13 18:50:03,948 [s5-groupManagement] INFO  server.RaftServerConfigKeys (ConfUtils.java:logGet(46)) - raft.server.storage.free-space.min = 0MB (=0) (default)
2023-12-13 18:50:03,948 [s5-groupManagement] INFO  server.RaftServerConfigKeys (ConfUtils.java:logGet(46)) - raft.server.log.corruption.policy = EXCEPTION (default)
2023-12-13 18:50:03,948 [s5-groupManagement] INFO  server.RaftServerConfigKeys (ConfUtils.java:logGet(46)) - raft.server.storage.dir = [/home/runner/work/ratis/ratis/ratis-test/target/test/data/b8de9602/MiniRaftClusterWithGrpce58ca676/s5] (custom)
2023-12-13 18:50:03,948 [s5-groupManagement] INFO  storage.RaftStorageDirectory (RaftStorageDirectoryImpl.java:analyzeStorage(138)) - The storage directory /home/runner/work/ratis/ratis/ratis-test/target/test/data/b8de9602/MiniRaftClusterWithGrpce58ca676/s5/fd7a20ee-19f9-4f80-8ea7-c3e5d6dfbc38 does not exist. Creating ...
2023-12-13 18:50:03,948 [s5-groupManagement] TRACE util.FileUtils (LogUtils.java:runAndLog(49)) - Successfully ran Files.createDirectories /home/runner/work/ratis/ratis/ratis-test/target/test/data/b8de9602/MiniRaftClusterWithGrpce58ca676/s5/fd7a20ee-19f9-4f80-8ea7-c3e5d6dfbc38
2023-12-13 18:50:03,949 [s5-groupManagement] INFO  storage.RaftStorageDirectory (RaftStorageDirectoryImpl.java:tryLock(228)) - Lock on /home/runner/work/ratis/ratis/ratis-test/target/test/data/b8de9602/MiniRaftClusterWithGrpce58ca676/s5/fd7a20ee-19f9-4f80-8ea7-c3e5d6dfbc38/in_use.lock acquired by nodename 24599@fv-az743-812
2023-12-13 18:50:03,949 [s5-groupManagement] TRACE util.FileUtils (LogUtils.java:runAndLog(49)) - Successfully ran Files.createDirectories /home/runner/work/ratis/ratis/ratis-test/target/test/data/b8de9602/MiniRaftClusterWithGrpce58ca676/s5/fd7a20ee-19f9-4f80-8ea7-c3e5d6dfbc38/current
2023-12-13 18:50:03,949 [s5-groupManagement] TRACE util.FileUtils (LogUtils.java:runAndLog(49)) - Successfully ran Files.createDirectories /home/runner/work/ratis/ratis/ratis-test/target/test/data/b8de9602/MiniRaftClusterWithGrpce58ca676/s5/fd7a20ee-19f9-4f80-8ea7-c3e5d6dfbc38/sm
2023-12-13 18:50:03,949 [s5-groupManagement] TRACE util.FileUtils (LogUtils.java:supplyAndLog(69)) - Successfully supplied FileChannel.open /home/runner/work/ratis/ratis/ratis-test/target/test/data/b8de9602/MiniRaftClusterWithGrpce58ca676/s5/fd7a20ee-19f9-4f80-8ea7-c3e5d6dfbc38/current/raft-meta.tmp with options [CREATE, WRITE]: sun.nio.ch.FileChannelImpl@52c78e2b
2023-12-13 18:50:03,951 [s5-groupManagement] TRACE util.FileUtils (LogUtils.java:runAndLog(49)) - Successfully ran Atomic Files.move /home/runner/work/ratis/ratis/ratis-test/target/test/data/b8de9602/MiniRaftClusterWithGrpce58ca676/s5/fd7a20ee-19f9-4f80-8ea7-c3e5d6dfbc38/current/raft-meta.tmp to /home/runner/work/ratis/ratis/ratis-test/target/test/data/b8de9602/MiniRaftClusterWithGrpce58ca676/s5/fd7a20ee-19f9-4f80-8ea7-c3e5d6dfbc38/current/raft-meta with options [REPLACE_EXISTING]
2023-12-13 18:50:03,951 [s5-groupManagement] INFO  storage.RaftStorage (RaftStorageImpl.java:format(99)) - Storage directory /home/runner/work/ratis/ratis/ratis-test/target/test/data/b8de9602/MiniRaftClusterWithGrpce58ca676/s5/fd7a20ee-19f9-4f80-8ea7-c3e5d6dfbc38 has been successfully formatted.
2023-12-13 18:50:03,951 [s5-groupManagement] TRACE util.FileUtils (LogUtils.java:supplyAndLog(61)) - Failed to Files.newInputStream /home/runner/work/ratis/ratis/ratis-test/target/test/data/b8de9602/MiniRaftClusterWithGrpce58ca676/s5/fd7a20ee-19f9-4f80-8ea7-c3e5d6dfbc38/current/raft-meta.conf with options []
java.nio.file.NoSuchFileException: /home/runner/work/ratis/ratis/ratis-test/target/test/data/b8de9602/MiniRaftClusterWithGrpce58ca676/s5/fd7a20ee-19f9-4f80-8ea7-c3e5d6dfbc38/current/raft-meta.conf
	at java.base/sun.nio.fs.UnixException.translateToIOException(UnixException.java:92)
	at java.base/sun.nio.fs.UnixException.rethrowAsIOException(UnixException.java:111)
	at java.base/sun.nio.fs.UnixException.rethrowAsIOException(UnixException.java:116)
	at java.base/sun.nio.fs.UnixFileSystemProvider.newByteChannel(UnixFileSystemProvider.java:219)
	at java.base/java.nio.file.Files.newByteChannel(Files.java:371)
	at java.base/java.nio.file.Files.newByteChannel(Files.java:422)
	at java.base/java.nio.file.spi.FileSystemProvider.newInputStream(FileSystemProvider.java:420)
	at java.base/java.nio.file.Files.newInputStream(Files.java:156)
	at org.apache.ratis.util.FileUtils.lambda$newInputStream$2(FileUtils.java:73)
	at org.apache.ratis.util.LogUtils.supplyAndLog(LogUtils.java:58)
	at org.apache.ratis.util.FileUtils.newInputStream(FileUtils.java:72)
	at org.apache.ratis.util.FileUtils.newInputStream(FileUtils.java:68)
	at org.apache.ratis.server.storage.RaftStorageImpl.readRaftConfiguration(RaftStorageImpl.java:156)
	at org.apache.ratis.server.impl.ServerState.initialize(ServerState.java:141)
	at org.apache.ratis.server.impl.RaftServerImpl.start(RaftServerImpl.java:388)
	at org.apache.ratis.server.impl.RaftServerProxy.lambda$groupAddAsync$13(RaftServerProxy.java:509)
	at java.base/java.util.concurrent.CompletableFuture$UniApply.tryFire(CompletableFuture.java:642)
	at java.base/java.util.concurrent.CompletableFuture$Completion.run(CompletableFuture.java:478)
	at java.base/java.util.concurrent.ThreadPoolExecutor.runWorker(ThreadPoolExecutor.java:1128)
	at java.base/java.util.concurrent.ThreadPoolExecutor$Worker.run(ThreadPoolExecutor.java:628)
	at java.base/java.lang.Thread.run(Thread.java:829)
2023-12-13 18:50:03,951 [s5-groupManagement] INFO  server.RaftServerConfigKeys (ConfUtils.java:logGet(46)) - raft.server.log.use.memory = false (default)
2023-12-13 18:50:03,951 [s5-groupManagement] INFO  server.RaftServerConfigKeys (ConfUtils.java:logGet(46)) - raft.server.log.purge.gap = 1024 (default)
2023-12-13 18:50:03,951 [s5-groupManagement] INFO  server.RaftServerConfigKeys (ConfUtils.java:logGet(46)) - raft.server.log.appender.buffer.byte-limit = 4MB (=4194304) (default)
2023-12-13 18:50:03,951 [s5-groupManagement] INFO  server.RaftServerConfigKeys (ConfUtils.java:logGet(46)) - raft.server.log.statemachine.data.read.timeout = 1000ms (default)
2023-12-13 18:50:03,951 [s5-groupManagement] INFO  server.RaftServerConfigKeys (ConfUtils.java:logGet(46)) - raft.server.log.purge.preservation.log.num = 0 (default)
2023-12-13 18:50:03,952 [s5-groupManagement] INFO  server.RaftServerConfigKeys (ConfUtils.java:logGet(46)) - raft.server.log.segment.size.max = 32MB (=33554432) (default)
2023-12-13 18:50:03,952 [s5-groupManagement] INFO  server.RaftServerConfigKeys (ConfUtils.java:logGet(46)) - raft.server.log.segment.cache.num.max = 6 (default)
2023-12-13 18:50:03,952 [s5-groupManagement] INFO  server.RaftServerConfigKeys (ConfUtils.java:logGet(46)) - raft.server.log.segment.cache.size.max = 200MB (=209715200) (default)
2023-12-13 18:50:03,952 [s5-groupManagement] INFO  server.RaftServerConfigKeys (ConfUtils.java:logGet(46)) - raft.server.log.appender.buffer.byte-limit = 4MB (=4194304) (default)
2023-12-13 18:50:03,952 [s5-groupManagement] INFO  util.AwaitToRun (AwaitToRun.java:start(81)) - Thread[s5@group-C3E5D6DFBC38-cacheEviction-AwaitToRun,5,main] started
2023-12-13 18:50:03,952 [s5-groupManagement] INFO  segmented.SegmentedRaftLogWorker (SegmentedRaftLogWorker.java:<init>(182)) - new s5@group-C3E5D6DFBC38-SegmentedRaftLogWorker for RaftStorageImpl:Storage Directory /home/runner/work/ratis/ratis/ratis-test/target/test/data/b8de9602/MiniRaftClusterWithGrpce58ca676/s5/fd7a20ee-19f9-4f80-8ea7-c3e5d6dfbc38
2023-12-13 18:50:03,952 [s5-groupManagement] INFO  server.RaftServerConfigKeys (ConfUtils.java:logGet(46)) - raft.server.log.queue.byte-limit = 64MB (=67108864) (default)
2023-12-13 18:50:03,952 [s5-groupManagement] INFO  server.RaftServerConfigKeys (ConfUtils.java:logGet(46)) - raft.server.log.queue.element-limit = 4096 (default)
2023-12-13 18:50:03,952 [s5-groupManagement] INFO  server.RaftServerConfigKeys (ConfUtils.java:logGet(46)) - raft.server.log.segment.size.max = 32MB (=33554432) (default)
2023-12-13 18:50:03,952 [s5-groupManagement] INFO  server.RaftServerConfigKeys (ConfUtils.java:logGet(46)) - raft.server.log.preallocated.size = 4MB (=4194304) (default)
2023-12-13 18:50:03,952 [s5-groupManagement] INFO  server.RaftServerConfigKeys (ConfUtils.java:logGet(46)) - raft.server.log.force.sync.num = 128 (default)
2023-12-13 18:50:03,952 [s5-groupManagement] INFO  server.RaftServerConfigKeys (ConfUtils.java:logGet(46)) - raft.server.log.statemachine.data.sync = true (default)
2023-12-13 18:50:03,952 [s5-groupManagement] INFO  server.RaftServerConfigKeys (ConfUtils.java:logGet(46)) - raft.server.log.statemachine.data.sync.timeout = 10s (default)
2023-12-13 18:50:03,952 [s5-groupManagement] INFO  server.RaftServerConfigKeys (ConfUtils.java:logGet(46)) - raft.server.log.statemachine.data.sync.timeout.retry = -1 (default)
2023-12-13 18:50:03,952 [s5-groupManagement] INFO  server.RaftServerConfigKeys (ConfUtils.java:logGet(46)) - raft.server.log.write.buffer.size = 8MB (=8388608) (default)
2023-12-13 18:50:03,953 [s5-groupManagement] INFO  server.RaftServerConfigKeys (ConfUtils.java:logGet(46)) - raft.server.log.appender.buffer.byte-limit = 4MB (=4194304) (default)
2023-12-13 18:50:03,953 [s5-groupManagement] INFO  server.RaftServerConfigKeys (ConfUtils.java:logGet(46)) - raft.server.log.unsafe-flush.enabled = false (default)
2023-12-13 18:50:03,953 [s5-groupManagement] INFO  server.RaftServerConfigKeys (ConfUtils.java:logGet(46)) - raft.server.log.async-flush.enabled = false (default)
2023-12-13 18:50:03,953 [s5-groupManagement] INFO  server.RaftServerConfigKeys (ConfUtils.java:logGet(46)) - raft.server.log.statemachine.data.caching.enabled = false (default)
2023-12-13 18:50:03,954 [s5-groupManagement] INFO  segmented.SegmentedRaftLogWorker (SegmentedRaftLogWorker.java:lambda$new$0(134)) - s5@group-C3E5D6DFBC38-SegmentedRaftLogWorker: flushIndex: setUnconditionally 0 -> -1
2023-12-13 18:50:03,954 [s5-groupManagement] INFO  segmented.SegmentedRaftLogWorker (SegmentedRaftLogWorker.java:lambda$new$0(134)) - s5@group-C3E5D6DFBC38-SegmentedRaftLogWorker: safeCacheEvictIndex: setUnconditionally 0 -> -1
2023-12-13 18:50:03,954 [s5-groupManagement] INFO  server.RaftServer$Division (RaftServerImpl.java:start(392)) - s5@group-C3E5D6DFBC38: start as a follower, conf=-1: peers:[s3|0.0.0.0:43047, s4|0.0.0.0:36395, s5|0.0.0.0:40741, s1|0.0.0.0:37953, s2|0.0.0.0:44821]|listeners:[], old=null
2023-12-13 18:50:03,954 [s5-groupManagement] INFO  server.RaftServer$Division (RaftServerImpl.java:setRole(379)) - s5@group-C3E5D6DFBC38: changes role from      null to FOLLOWER at term 0 for startAsFollower
2023-12-13 18:50:03,954 [s5-groupManagement] INFO  impl.RoleInfo (RoleInfo.java:updateAndGet(139)) - s5: start s5@group-C3E5D6DFBC38-FollowerState
2023-12-13 18:50:03,954 [s5@group-C3E5D6DFBC38-FollowerState] INFO  server.RaftServerConfigKeys (ConfUtils.java:logFallback(53)) - raft.server.rpc.first-election.timeout.min = 1500ms (fallback to raft.server.rpc.timeout.min)
2023-12-13 18:50:03,954 [s5-groupManagement] INFO  util.JmxRegister (JmxRegister.java:tryRegister(44)) - Successfully registered JMX Bean with object name Ratis:service=RaftServer,group=group-C3E5D6DFBC38,id=s5
2023-12-13 18:50:03,954 [s5@group-C3E5D6DFBC38-FollowerState] INFO  server.RaftServerConfigKeys (ConfUtils.java:logFallback(53)) - raft.server.rpc.first-election.timeout.max = 2000ms (fallback to raft.server.rpc.timeout.max)
2023-12-13 18:50:03,954 [s5-groupManagement] INFO  server.RaftServerConfigKeys (ConfUtils.java:logGet(46)) - raft.server.snapshot.trigger-when-stop.enabled = true (default)
2023-12-13 18:50:03,954 [s5-groupManagement] INFO  server.RaftServerConfigKeys (ConfUtils.java:logGet(46)) - raft.server.snapshot.auto.trigger.enabled = false (default)
2023-12-13 18:50:03,954 [s5-groupManagement] INFO  server.RaftServerConfigKeys (ConfUtils.java:logGet(46)) - raft.server.snapshot.retention.file.num = -1 (default)
2023-12-13 18:50:03,954 [s5-groupManagement] INFO  server.RaftServerConfigKeys (ConfUtils.java:logGet(46)) - raft.server.log.purge.upto.snapshot.index = false (default)
2023-12-13 18:50:03,958 [Time-limited test] INFO  server.RaftServerConfigKeys (ConfUtils.java:logGet(46)) - raft.server.rpc.timeout.max = 2000ms (custom)
2023-12-13 18:50:03,958 [Time-limited test] INFO  ratis.RaftTestUtil (RaftTestUtil.java:waitForLeader(100)) - printing group-C3E5D6DFBC38
  s3:  RUNNING [
   FOLLOWER s3@group-C3E5D6DFBC38:t0, leader=null, voted=, raftlog=Memoized:s3@group-C3E5D6DFBC38-SegmentedRaftLog:OPENED:c-1, conf=-1: peers:[s3|0.0.0.0:43047, s4|0.0.0.0:36395, s5|0.0.0.0:40741, s1|0.0.0.0:37953, s2|0.0.0.0:44821]|listeners:[], old=null RUNNING
   FOLLOWER s3@group-E92128DFC347:t0, leader=null, voted=, raftlog=Memoized:s3@group-E92128DFC347-SegmentedRaftLog:OPENED:c-1, conf=-1: peers:[]|listeners:[], old=null STARTING] size=2
  s4:  RUNNING [
   FOLLOWER s4@group-C3E5D6DFBC38:t0, leader=null, voted=, raftlog=Memoized:s4@group-C3E5D6DFBC38-SegmentedRaftLog:OPENED:c-1, conf=-1: peers:[s3|0.0.0.0:43047, s4|0.0.0.0:36395, s5|0.0.0.0:40741, s1|0.0.0.0:37953, s2|0.0.0.0:44821]|listeners:[], old=null RUNNING
   FOLLOWER s4@group-E92128DFC347:t0, leader=null, voted=, raftlog=Memoized:s4@group-E92128DFC347-SegmentedRaftLog:OPENED:c-1, conf=-1: peers:[]|listeners:[], old=null STARTING] size=2
  s5:  RUNNING [
   FOLLOWER s5@group-C3E5D6DFBC38:t0, leader=null, voted=, raftlog=Memoized:s5@group-C3E5D6DFBC38-SegmentedRaftLog:OPENED:c-1, conf=-1: peers:[s3|0.0.0.0:43047, s4|0.0.0.0:36395, s5|0.0.0.0:40741, s1|0.0.0.0:37953, s2|0.0.0.0:44821]|listeners:[], old=null RUNNING
   FOLLOWER s5@group-E92128DFC347:t0, leader=null, voted=, raftlog=Memoized:s5@group-E92128DFC347-SegmentedRaftLog:OPENED:c-1, conf=-1: peers:[]|listeners:[], old=null STARTING] size=2
  s1:  RUNNING [
   FOLLOWER s1@group-C3E5D6DFBC38:t0, leader=null, voted=, raftlog=Memoized:s1@group-C3E5D6DFBC38-SegmentedRaftLog:OPENED:c-1, conf=-1: peers:[s3|0.0.0.0:43047, s4|0.0.0.0:36395, s5|0.0.0.0:40741, s1|0.0.0.0:37953, s2|0.0.0.0:44821]|listeners:[], old=null RUNNING
   FOLLOWER s1@group-E92128DFC347:t0, leader=null, voted=, raftlog=Memoized:s1@group-E92128DFC347-SegmentedRaftLog:OPENED:c-1, conf=-1: peers:[]|listeners:[], old=null STARTING] size=2
  s2:  RUNNING [
   FOLLOWER s2@group-C3E5D6DFBC38:t0, leader=null, voted=, raftlog=Memoized:s2@group-C3E5D6DFBC38-SegmentedRaftLog:OPENED:c-1, conf=-1: peers:[s3|0.0.0.0:43047, s4|0.0.0.0:36395, s5|0.0.0.0:40741, s1|0.0.0.0:37953, s2|0.0.0.0:44821]|listeners:[], old=null RUNNING
   FOLLOWER s2@group-E92128DFC347:t0, leader=null, voted=, raftlog=Memoized:s2@group-E92128DFC347-SegmentedRaftLog:OPENED:c-1, conf=-1: peers:[]|listeners:[], old=null STARTING] size=2
2023-12-13 18:50:03,959 [Time-limited test] WARN  ratis.RaftTestUtil (RaftTestUtil.java:lambda$waitForLeader$3(119)) - Attempt #1 failed: java.lang.IllegalStateException: No leader yet  for group-C3E5D6DFBC38: printing group-C3E5D6DFBC38
  s3:  RUNNING [
   FOLLOWER s3@group-C3E5D6DFBC38:t0, leader=null, voted=, raftlog=Memoized:s3@group-C3E5D6DFBC38-SegmentedRaftLog:OPENED:c-1, conf=-1: peers:[s3|0.0.0.0:43047, s4|0.0.0.0:36395, s5|0.0.0.0:40741, s1|0.0.0.0:37953, s2|0.0.0.0:44821]|listeners:[], old=null RUNNING
   FOLLOWER s3@group-E92128DFC347:t0, leader=null, voted=, raftlog=Memoized:s3@group-E92128DFC347-SegmentedRaftLog:OPENED:c-1, conf=-1: peers:[]|listeners:[], old=null STARTING] size=2
  s4:  RUNNING [
   FOLLOWER s4@group-C3E5D6DFBC38:t0, leader=null, voted=, raftlog=Memoized:s4@group-C3E5D6DFBC38-SegmentedRaftLog:OPENED:c-1, conf=-1: peers:[s3|0.0.0.0:43047, s4|0.0.0.0:36395, s5|0.0.0.0:40741, s1|0.0.0.0:37953, s2|0.0.0.0:44821]|listeners:[], old=null RUNNING
   FOLLOWER s4@group-E92128DFC347:t0, leader=null, voted=, raftlog=Memoized:s4@group-E92128DFC347-SegmentedRaftLog:OPENED:c-1, conf=-1: peers:[]|listeners:[], old=null STARTING] size=2
  s5:  RUNNING [
   FOLLOWER s5@group-C3E5D6DFBC38:t0, leader=null, voted=, raftlog=Memoized:s5@group-C3E5D6DFBC38-SegmentedRaftLog:OPENED:c-1, conf=-1: peers:[s3|0.0.0.0:43047, s4|0.0.0.0:36395, s5|0.0.0.0:40741, s1|0.0.0.0:37953, s2|0.0.0.0:44821]|listeners:[], old=null RUNNING
   FOLLOWER s5@group-E92128DFC347:t0, leader=null, voted=, raftlog=Memoized:s5@group-E92128DFC347-SegmentedRaftLog:OPENED:c-1, conf=-1: peers:[]|listeners:[], old=null STARTING] size=2
  s1:  RUNNING [
   FOLLOWER s1@group-C3E5D6DFBC38:t0, leader=null, voted=, raftlog=Memoized:s1@group-C3E5D6DFBC38-SegmentedRaftLog:OPENED:c-1, conf=-1: peers:[s3|0.0.0.0:43047, s4|0.0.0.0:36395, s5|0.0.0.0:40741, s1|0.0.0.0:37953, s2|0.0.0.0:44821]|listeners:[], old=null RUNNING
   FOLLOWER s1@group-E92128DFC347:t0, leader=null, voted=, raftlog=Memoized:s1@group-E92128DFC347-SegmentedRaftLog:OPENED:c-1, conf=-1: peers:[]|listeners:[], old=null STARTING] size=2
  s2:  RUNNING [
   FOLLOWER s2@group-C3E5D6DFBC38:t0, leader=null, voted=, raftlog=Memoized:s2@group-C3E5D6DFBC38-SegmentedRaftLog:OPENED:c-1, conf=-1: peers:[s3|0.0.0.0:43047, s4|0.0.0.0:36395, s5|0.0.0.0:40741, s1|0.0.0.0:37953, s2|0.0.0.0:44821]|listeners:[], old=null RUNNING
   FOLLOWER s2@group-E92128DFC347:t0, leader=null, voted=, raftlog=Memoized:s2@group-E92128DFC347-SegmentedRaftLog:OPENED:c-1, conf=-1: peers:[]|listeners:[], old=null STARTING] size=2
2023-12-13 18:50:05,390 [s1@group-C3E5D6DFBC38-FollowerState] INFO  impl.FollowerState (FollowerState.java:run(143)) - s1@group-C3E5D6DFBC38-FollowerState: change to CANDIDATE, lastRpcElapsedTime:1515408422ns, electionTimeout:1515ms
2023-12-13 18:50:05,390 [s1@group-C3E5D6DFBC38-FollowerState] INFO  impl.RoleInfo (RoleInfo.java:shutdownFollowerState(110)) - s1: shutdown s1@group-C3E5D6DFBC38-FollowerState
2023-12-13 18:50:05,390 [s1@group-C3E5D6DFBC38-FollowerState] INFO  server.RaftServer$Division (RaftServerImpl.java:setRole(379)) - s1@group-C3E5D6DFBC38: changes role from  FOLLOWER to CANDIDATE at term 0 for changeToCandidate
2023-12-13 18:50:05,391 [s1@group-C3E5D6DFBC38-FollowerState] INFO  server.RaftServerConfigKeys (ConfUtils.java:logGet(46)) - raft.server.leaderelection.pre-vote = true (default)
2023-12-13 18:50:05,391 [s1@group-C3E5D6DFBC38-FollowerState] INFO  impl.RoleInfo (RoleInfo.java:updateAndGet(139)) - s1: start s1@group-C3E5D6DFBC38-LeaderElection4
2023-12-13 18:50:05,392 [s1@group-C3E5D6DFBC38-LeaderElection4] INFO  impl.LeaderElection (LeaderElection.java:askForVotes(321)) - s1@group-C3E5D6DFBC38-LeaderElection4 PRE_VOTE round 0: submit vote requests at term 0 for -1: peers:[s3|0.0.0.0:43047, s4|0.0.0.0:36395, s5|0.0.0.0:40741, s1|0.0.0.0:37953, s2|0.0.0.0:44821]|listeners:[], old=null
2023-12-13 18:50:05,392 [s1@group-C3E5D6DFBC38-LeaderElection4-1] INFO  server.GrpcServerProtocolClient (GrpcServerProtocolClient.java:<init>(65)) - Build channel for s3
2023-12-13 18:50:05,392 [s1@group-C3E5D6DFBC38-LeaderElection4-2] INFO  server.GrpcServerProtocolClient (GrpcServerProtocolClient.java:<init>(65)) - Build channel for s4
2023-12-13 18:50:05,392 [s1@group-C3E5D6DFBC38-LeaderElection4-3] INFO  server.GrpcServerProtocolClient (GrpcServerProtocolClient.java:<init>(65)) - Build channel for s5
2023-12-13 18:50:05,392 [s1@group-C3E5D6DFBC38-LeaderElection4] INFO  server.RaftServerConfigKeys (ConfUtils.java:logFallback(53)) - raft.server.rpc.first-election.timeout.min = 1500ms (fallback to raft.server.rpc.timeout.min)
2023-12-13 18:50:05,392 [s1@group-C3E5D6DFBC38-LeaderElection4-4] INFO  server.GrpcServerProtocolClient (GrpcServerProtocolClient.java:<init>(65)) - Build channel for s2
2023-12-13 18:50:05,392 [s1@group-C3E5D6DFBC38-LeaderElection4] INFO  server.RaftServerConfigKeys (ConfUtils.java:logFallback(53)) - raft.server.rpc.first-election.timeout.max = 2000ms (fallback to raft.server.rpc.timeout.max)
2023-12-13 18:50:05,401 [grpc-default-executor-2] INFO  server.RaftServer$Division (RaftServerImpl.java:requestVote(1377)) - s4@group-C3E5D6DFBC38: receive requestVote(PRE_VOTE, s1, group-C3E5D6DFBC38, 0, (t:0, i:0))
2023-12-13 18:50:05,402 [grpc-default-executor-2] INFO  impl.VoteContext (VoteContext.java:log(49)) - s4@group-C3E5D6DFBC38-FOLLOWER: accept PRE_VOTE from s1: our priority 0 <= candidate's priority 0
2023-12-13 18:50:05,402 [grpc-default-executor-2] INFO  server.RaftServer$Division (RaftServerImpl.java:requestVote(1410)) - s4@group-C3E5D6DFBC38 replies to PRE_VOTE vote request: s1<-s4#0:OK-t0. Peer's state: s4@group-C3E5D6DFBC38:t0, leader=null, voted=, raftlog=Memoized:s4@group-C3E5D6DFBC38-SegmentedRaftLog:OPENED:c-1, conf=-1: peers:[s3|0.0.0.0:43047, s4|0.0.0.0:36395, s5|0.0.0.0:40741, s1|0.0.0.0:37953, s2|0.0.0.0:44821]|listeners:[], old=null
2023-12-13 18:50:05,405 [grpc-default-executor-1] INFO  server.RaftServer$Division (RaftServerImpl.java:requestVote(1377)) - s2@group-C3E5D6DFBC38: receive requestVote(PRE_VOTE, s1, group-C3E5D6DFBC38, 0, (t:0, i:0))
2023-12-13 18:50:05,405 [grpc-default-executor-1] INFO  impl.VoteContext (VoteContext.java:log(49)) - s2@group-C3E5D6DFBC38-FOLLOWER: accept PRE_VOTE from s1: our priority 0 <= candidate's priority 0
2023-12-13 18:50:05,405 [grpc-default-executor-1] INFO  server.RaftServer$Division (RaftServerImpl.java:requestVote(1410)) - s2@group-C3E5D6DFBC38 replies to PRE_VOTE vote request: s1<-s2#0:OK-t0. Peer's state: s2@group-C3E5D6DFBC38:t0, leader=null, voted=, raftlog=Memoized:s2@group-C3E5D6DFBC38-SegmentedRaftLog:OPENED:c-1, conf=-1: peers:[s3|0.0.0.0:43047, s4|0.0.0.0:36395, s5|0.0.0.0:40741, s1|0.0.0.0:37953, s2|0.0.0.0:44821]|listeners:[], old=null
2023-12-13 18:50:05,405 [grpc-default-executor-2] INFO  server.RaftServer$Division (RaftServerImpl.java:requestVote(1377)) - s5@group-C3E5D6DFBC38: receive requestVote(PRE_VOTE, s1, group-C3E5D6DFBC38, 0, (t:0, i:0))
2023-12-13 18:50:05,406 [grpc-default-executor-2] INFO  impl.VoteContext (VoteContext.java:log(49)) - s5@group-C3E5D6DFBC38-FOLLOWER: accept PRE_VOTE from s1: our priority 0 <= candidate's priority 0
2023-12-13 18:50:05,406 [grpc-default-executor-2] INFO  server.RaftServer$Division (RaftServerImpl.java:requestVote(1410)) - s5@group-C3E5D6DFBC38 replies to PRE_VOTE vote request: s1<-s5#0:OK-t0. Peer's state: s5@group-C3E5D6DFBC38:t0, leader=null, voted=, raftlog=Memoized:s5@group-C3E5D6DFBC38-SegmentedRaftLog:OPENED:c-1, conf=-1: peers:[s3|0.0.0.0:43047, s4|0.0.0.0:36395, s5|0.0.0.0:40741, s1|0.0.0.0:37953, s2|0.0.0.0:44821]|listeners:[], old=null
2023-12-13 18:50:05,406 [grpc-default-executor-0] INFO  server.RaftServer$Division (RaftServerImpl.java:requestVote(1377)) - s3@group-C3E5D6DFBC38: receive requestVote(PRE_VOTE, s1, group-C3E5D6DFBC38, 0, (t:0, i:0))
2023-12-13 18:50:05,406 [grpc-default-executor-0] INFO  impl.VoteContext (VoteContext.java:log(49)) - s3@group-C3E5D6DFBC38-FOLLOWER: accept PRE_VOTE from s1: our priority 0 <= candidate's priority 0
2023-12-13 18:50:05,406 [grpc-default-executor-0] INFO  server.RaftServer$Division (RaftServerImpl.java:requestVote(1410)) - s3@group-C3E5D6DFBC38 replies to PRE_VOTE vote request: s1<-s3#0:OK-t0. Peer's state: s3@group-C3E5D6DFBC38:t0, leader=null, voted=, raftlog=Memoized:s3@group-C3E5D6DFBC38-SegmentedRaftLog:OPENED:c-1, conf=-1: peers:[s3|0.0.0.0:43047, s4|0.0.0.0:36395, s5|0.0.0.0:40741, s1|0.0.0.0:37953, s2|0.0.0.0:44821]|listeners:[], old=null
2023-12-13 18:50:05,407 [s1@group-C3E5D6DFBC38-LeaderElection4] INFO  impl.LeaderElection (LeaderElection.java:logAndReturn(89)) - s1@group-C3E5D6DFBC38-LeaderElection4: PRE_VOTE PASSED received 2 response(s) and 0 exception(s):
2023-12-13 18:50:05,407 [s1@group-C3E5D6DFBC38-LeaderElection4] INFO  impl.LeaderElection (LeaderElection.java:logAndReturn(93)) -   Response 0: s1<-s4#0:OK-t0
2023-12-13 18:50:05,407 [s1@group-C3E5D6DFBC38-LeaderElection4] INFO  impl.LeaderElection (LeaderElection.java:logAndReturn(93)) -   Response 1: s1<-s2#0:OK-t0
2023-12-13 18:50:05,407 [s1@group-C3E5D6DFBC38-LeaderElection4] INFO  impl.LeaderElection (LeaderElection.java:askForVotes(323)) - s1@group-C3E5D6DFBC38-LeaderElection4 PRE_VOTE round 0: result PASSED
2023-12-13 18:50:05,407 [s1@group-C3E5D6DFBC38-LeaderElection4] TRACE util.FileUtils (LogUtils.java:supplyAndLog(69)) - Successfully supplied FileChannel.open /home/runner/work/ratis/ratis/ratis-test/target/test/data/b8de9602/MiniRaftClusterWithGrpce58ca676/s1/fd7a20ee-19f9-4f80-8ea7-c3e5d6dfbc38/current/raft-meta.tmp with options [CREATE, WRITE]: sun.nio.ch.FileChannelImpl@2bef493c
2023-12-13 18:50:05,408 [s1@group-C3E5D6DFBC38-LeaderElection4] TRACE util.FileUtils (LogUtils.java:runAndLog(49)) - Successfully ran Atomic Files.move /home/runner/work/ratis/ratis/ratis-test/target/test/data/b8de9602/MiniRaftClusterWithGrpce58ca676/s1/fd7a20ee-19f9-4f80-8ea7-c3e5d6dfbc38/current/raft-meta.tmp to /home/runner/work/ratis/ratis/ratis-test/target/test/data/b8de9602/MiniRaftClusterWithGrpce58ca676/s1/fd7a20ee-19f9-4f80-8ea7-c3e5d6dfbc38/current/raft-meta with options [REPLACE_EXISTING]
2023-12-13 18:50:05,408 [s1@group-C3E5D6DFBC38-LeaderElection4] INFO  impl.LeaderElection (LeaderElection.java:askForVotes(321)) - s1@group-C3E5D6DFBC38-LeaderElection4 ELECTION round 0: submit vote requests at term 1 for -1: peers:[s3|0.0.0.0:43047, s4|0.0.0.0:36395, s5|0.0.0.0:40741, s1|0.0.0.0:37953, s2|0.0.0.0:44821]|listeners:[], old=null
2023-12-13 18:50:05,409 [s1@group-C3E5D6DFBC38-LeaderElection4] INFO  server.RaftServerConfigKeys (ConfUtils.java:logFallback(53)) - raft.server.rpc.first-election.timeout.min = 1500ms (fallback to raft.server.rpc.timeout.min)
2023-12-13 18:50:05,409 [s1@group-C3E5D6DFBC38-LeaderElection4] INFO  server.RaftServerConfigKeys (ConfUtils.java:logFallback(53)) - raft.server.rpc.first-election.timeout.max = 2000ms (fallback to raft.server.rpc.timeout.max)
2023-12-13 18:50:05,410 [grpc-default-executor-0] INFO  server.RaftServer$Division (RaftServerImpl.java:requestVote(1377)) - s3@group-C3E5D6DFBC38: receive requestVote(ELECTION, s1, group-C3E5D6DFBC38, 1, (t:0, i:0))
2023-12-13 18:50:05,410 [grpc-default-executor-0] INFO  impl.VoteContext (VoteContext.java:log(49)) - s3@group-C3E5D6DFBC38-FOLLOWER: accept ELECTION from s1: our priority 0 <= candidate's priority 0
2023-12-13 18:50:05,410 [grpc-default-executor-0] INFO  server.RaftServer$Division (RaftServerImpl.java:setRole(379)) - s3@group-C3E5D6DFBC38: changes role from  FOLLOWER to FOLLOWER at term 1 for candidate:s1
2023-12-13 18:50:05,410 [grpc-default-executor-0] INFO  impl.RoleInfo (RoleInfo.java:shutdownFollowerState(110)) - s3: shutdown s3@group-C3E5D6DFBC38-FollowerState
2023-12-13 18:50:05,410 [grpc-default-executor-0] INFO  impl.RoleInfo (RoleInfo.java:updateAndGet(139)) - s3: start s3@group-C3E5D6DFBC38-FollowerState
2023-12-13 18:50:05,410 [s3@group-C3E5D6DFBC38-FollowerState] INFO  impl.FollowerState (FollowerState.java:run(152)) - s3@group-C3E5D6DFBC38-FollowerState was interrupted
2023-12-13 18:50:05,410 [grpc-default-executor-0] INFO  server.RaftServer$Division (RaftServerImpl.java:setFirstElection(564)) - s3@group-C3E5D6DFBC38: set firstElectionSinceStartup to false for candidate:s1
2023-12-13 18:50:05,411 [grpc-default-executor-0] TRACE util.FileUtils (LogUtils.java:supplyAndLog(69)) - Successfully supplied FileChannel.open /home/runner/work/ratis/ratis/ratis-test/target/test/data/b8de9602/MiniRaftClusterWithGrpce58ca676/s3/fd7a20ee-19f9-4f80-8ea7-c3e5d6dfbc38/current/raft-meta.tmp with options [CREATE, WRITE]: sun.nio.ch.FileChannelImpl@793dc387
2023-12-13 18:50:05,411 [grpc-default-executor-2] INFO  server.RaftServer$Division (RaftServerImpl.java:requestVote(1377)) - s5@group-C3E5D6DFBC38: receive requestVote(ELECTION, s1, group-C3E5D6DFBC38, 1, (t:0, i:0))
2023-12-13 18:50:05,411 [grpc-default-executor-3] INFO  server.RaftServer$Division (RaftServerImpl.java:requestVote(1377)) - s4@group-C3E5D6DFBC38: receive requestVote(ELECTION, s1, group-C3E5D6DFBC38, 1, (t:0, i:0))
2023-12-13 18:50:05,411 [grpc-default-executor-2] INFO  impl.VoteContext (VoteContext.java:log(49)) - s5@group-C3E5D6DFBC38-FOLLOWER: accept ELECTION from s1: our priority 0 <= candidate's priority 0
2023-12-13 18:50:05,411 [grpc-default-executor-2] INFO  server.RaftServer$Division (RaftServerImpl.java:setRole(379)) - s5@group-C3E5D6DFBC38: changes role from  FOLLOWER to FOLLOWER at term 1 for candidate:s1
2023-12-13 18:50:05,411 [grpc-default-executor-2] INFO  impl.RoleInfo (RoleInfo.java:shutdownFollowerState(110)) - s5: shutdown s5@group-C3E5D6DFBC38-FollowerState
2023-12-13 18:50:05,412 [grpc-default-executor-2] INFO  impl.RoleInfo (RoleInfo.java:updateAndGet(139)) - s5: start s5@group-C3E5D6DFBC38-FollowerState
2023-12-13 18:50:05,412 [s5@group-C3E5D6DFBC38-FollowerState] INFO  impl.FollowerState (FollowerState.java:run(152)) - s5@group-C3E5D6DFBC38-FollowerState was interrupted
2023-12-13 18:50:05,412 [grpc-default-executor-2] INFO  server.RaftServer$Division (RaftServerImpl.java:setFirstElection(564)) - s5@group-C3E5D6DFBC38: set firstElectionSinceStartup to false for candidate:s1
2023-12-13 18:50:05,412 [grpc-default-executor-2] TRACE util.FileUtils (LogUtils.java:supplyAndLog(69)) - Successfully supplied FileChannel.open /home/runner/work/ratis/ratis/ratis-test/target/test/data/b8de9602/MiniRaftClusterWithGrpce58ca676/s5/fd7a20ee-19f9-4f80-8ea7-c3e5d6dfbc38/current/raft-meta.tmp with options [CREATE, WRITE]: sun.nio.ch.FileChannelImpl@18df9b5f
2023-12-13 18:50:05,412 [grpc-default-executor-0] TRACE util.FileUtils (LogUtils.java:runAndLog(49)) - Successfully ran Atomic Files.move /home/runner/work/ratis/ratis/ratis-test/target/test/data/b8de9602/MiniRaftClusterWithGrpce58ca676/s3/fd7a20ee-19f9-4f80-8ea7-c3e5d6dfbc38/current/raft-meta.tmp to /home/runner/work/ratis/ratis/ratis-test/target/test/data/b8de9602/MiniRaftClusterWithGrpce58ca676/s3/fd7a20ee-19f9-4f80-8ea7-c3e5d6dfbc38/current/raft-meta with options [REPLACE_EXISTING]
2023-12-13 18:50:05,412 [grpc-default-executor-0] INFO  server.RaftServer$Division (RaftServerImpl.java:requestVote(1410)) - s3@group-C3E5D6DFBC38 replies to ELECTION vote request: s1<-s3#0:OK-t1. Peer's state: s3@group-C3E5D6DFBC38:t1, leader=null, voted=s1, raftlog=Memoized:s3@group-C3E5D6DFBC38-SegmentedRaftLog:OPENED:c-1, conf=-1: peers:[s3|0.0.0.0:43047, s4|0.0.0.0:36395, s5|0.0.0.0:40741, s1|0.0.0.0:37953, s2|0.0.0.0:44821]|listeners:[], old=null
2023-12-13 18:50:05,413 [grpc-default-executor-3] INFO  impl.VoteContext (VoteContext.java:log(49)) - s4@group-C3E5D6DFBC38-FOLLOWER: accept ELECTION from s1: our priority 0 <= candidate's priority 0
2023-12-13 18:50:05,413 [grpc-default-executor-2] TRACE util.FileUtils (LogUtils.java:runAndLog(49)) - Successfully ran Atomic Files.move /home/runner/work/ratis/ratis/ratis-test/target/test/data/b8de9602/MiniRaftClusterWithGrpce58ca676/s5/fd7a20ee-19f9-4f80-8ea7-c3e5d6dfbc38/current/raft-meta.tmp to /home/runner/work/ratis/ratis/ratis-test/target/test/data/b8de9602/MiniRaftClusterWithGrpce58ca676/s5/fd7a20ee-19f9-4f80-8ea7-c3e5d6dfbc38/current/raft-meta with options [REPLACE_EXISTING]
2023-12-13 18:50:05,413 [grpc-default-executor-1] INFO  server.RaftServer$Division (RaftServerImpl.java:requestVote(1377)) - s2@group-C3E5D6DFBC38: receive requestVote(ELECTION, s1, group-C3E5D6DFBC38, 1, (t:0, i:0))
2023-12-13 18:50:05,413 [grpc-default-executor-2] INFO  server.RaftServer$Division (RaftServerImpl.java:requestVote(1410)) - s5@group-C3E5D6DFBC38 replies to ELECTION vote request: s1<-s5#0:OK-t1. Peer's state: s5@group-C3E5D6DFBC38:t1, leader=null, voted=s1, raftlog=Memoized:s5@group-C3E5D6DFBC38-SegmentedRaftLog:OPENED:c-1, conf=-1: peers:[s3|0.0.0.0:43047, s4|0.0.0.0:36395, s5|0.0.0.0:40741, s1|0.0.0.0:37953, s2|0.0.0.0:44821]|listeners:[], old=null
2023-12-13 18:50:05,413 [grpc-default-executor-1] INFO  impl.VoteContext (VoteContext.java:log(49)) - s2@group-C3E5D6DFBC38-FOLLOWER: accept ELECTION from s1: our priority 0 <= candidate's priority 0
2023-12-13 18:50:05,413 [grpc-default-executor-1] INFO  server.RaftServer$Division (RaftServerImpl.java:setRole(379)) - s2@group-C3E5D6DFBC38: changes role from  FOLLOWER to FOLLOWER at term 1 for candidate:s1
2023-12-13 18:50:05,413 [grpc-default-executor-1] INFO  impl.RoleInfo (RoleInfo.java:shutdownFollowerState(110)) - s2: shutdown s2@group-C3E5D6DFBC38-FollowerState
2023-12-13 18:50:05,413 [grpc-default-executor-1] INFO  impl.RoleInfo (RoleInfo.java:updateAndGet(139)) - s2: start s2@group-C3E5D6DFBC38-FollowerState
2023-12-13 18:50:05,413 [s2@group-C3E5D6DFBC38-FollowerState] INFO  impl.FollowerState (FollowerState.java:run(152)) - s2@group-C3E5D6DFBC38-FollowerState was interrupted
2023-12-13 18:50:05,413 [grpc-default-executor-1] INFO  server.RaftServer$Division (RaftServerImpl.java:setFirstElection(564)) - s2@group-C3E5D6DFBC38: set firstElectionSinceStartup to false for candidate:s1
2023-12-13 18:50:05,414 [grpc-default-executor-1] TRACE util.FileUtils (LogUtils.java:supplyAndLog(69)) - Successfully supplied FileChannel.open /home/runner/work/ratis/ratis/ratis-test/target/test/data/b8de9602/MiniRaftClusterWithGrpce58ca676/s2/fd7a20ee-19f9-4f80-8ea7-c3e5d6dfbc38/current/raft-meta.tmp with options [CREATE, WRITE]: sun.nio.ch.FileChannelImpl@226f7242
2023-12-13 18:50:05,413 [grpc-default-executor-3] INFO  server.RaftServer$Division (RaftServerImpl.java:setRole(379)) - s4@group-C3E5D6DFBC38: changes role from  FOLLOWER to FOLLOWER at term 1 for candidate:s1
2023-12-13 18:50:05,414 [grpc-default-executor-3] INFO  impl.RoleInfo (RoleInfo.java:shutdownFollowerState(110)) - s4: shutdown s4@group-C3E5D6DFBC38-FollowerState
2023-12-13 18:50:05,414 [grpc-default-executor-3] INFO  impl.RoleInfo (RoleInfo.java:updateAndGet(139)) - s4: start s4@group-C3E5D6DFBC38-FollowerState
2023-12-13 18:50:05,414 [s4@group-C3E5D6DFBC38-FollowerState] INFO  impl.FollowerState (FollowerState.java:run(152)) - s4@group-C3E5D6DFBC38-FollowerState was interrupted
2023-12-13 18:50:05,414 [grpc-default-executor-3] INFO  server.RaftServer$Division (RaftServerImpl.java:setFirstElection(564)) - s4@group-C3E5D6DFBC38: set firstElectionSinceStartup to false for candidate:s1
2023-12-13 18:50:05,414 [s1@group-C3E5D6DFBC38-LeaderElection4] INFO  impl.LeaderElection (LeaderElection.java:logAndReturn(89)) - s1@group-C3E5D6DFBC38-LeaderElection4: ELECTION PASSED received 2 response(s) and 0 exception(s):
2023-12-13 18:50:05,414 [s1@group-C3E5D6DFBC38-LeaderElection4] INFO  impl.LeaderElection (LeaderElection.java:logAndReturn(93)) -   Response 0: s1<-s3#0:OK-t1
2023-12-13 18:50:05,414 [grpc-default-executor-3] TRACE util.FileUtils (LogUtils.java:supplyAndLog(69)) - Successfully supplied FileChannel.open /home/runner/work/ratis/ratis/ratis-test/target/test/data/b8de9602/MiniRaftClusterWithGrpce58ca676/s4/fd7a20ee-19f9-4f80-8ea7-c3e5d6dfbc38/current/raft-meta.tmp with options [CREATE, WRITE]: sun.nio.ch.FileChannelImpl@78df418
2023-12-13 18:50:05,414 [s1@group-C3E5D6DFBC38-LeaderElection4] INFO  impl.LeaderElection (LeaderElection.java:logAndReturn(93)) -   Response 1: s1<-s5#0:OK-t1
2023-12-13 18:50:05,414 [s1@group-C3E5D6DFBC38-LeaderElection4] INFO  impl.LeaderElection (LeaderElection.java:askForVotes(323)) - s1@group-C3E5D6DFBC38-LeaderElection4 ELECTION round 0: result PASSED
2023-12-13 18:50:05,414 [s1@group-C3E5D6DFBC38-LeaderElection4] INFO  impl.RoleInfo (RoleInfo.java:shutdownLeaderElection(130)) - s1: shutdown s1@group-C3E5D6DFBC38-LeaderElection4
2023-12-13 18:50:05,414 [s1@group-C3E5D6DFBC38-LeaderElection4] INFO  server.RaftServer$Division (RaftServerImpl.java:setRole(379)) - s1@group-C3E5D6DFBC38: changes role from CANDIDATE to LEADER at term 1 for changeToLeader
2023-12-13 18:50:05,414 [s1@group-C3E5D6DFBC38-LeaderElection4] INFO  server.RaftServerConfigKeys (ConfUtils.java:logGet(46)) - raft.server.staging.catchup.gap = 1000 (default)
2023-12-13 18:50:05,414 [s1@group-C3E5D6DFBC38-LeaderElection4] INFO  server.RaftServerConfigKeys (ConfUtils.java:logGet(46)) - raft.server.write.element-limit = 4096 (default)
2023-12-13 18:50:05,414 [s1@group-C3E5D6DFBC38-LeaderElection4] INFO  server.RaftServerConfigKeys (ConfUtils.java:logGet(46)) - raft.server.write.byte-limit = 64MB (=67108864) (default)
2023-12-13 18:50:05,415 [s1@group-C3E5D6DFBC38-LeaderElection4] INFO  server.RaftServerConfigKeys (ConfUtils.java:logGet(46)) - raft.server.watch.timeout = 10s (default)
2023-12-13 18:50:05,415 [grpc-default-executor-1] TRACE util.FileUtils (LogUtils.java:runAndLog(49)) - Successfully ran Atomic Files.move /home/runner/work/ratis/ratis/ratis-test/target/test/data/b8de9602/MiniRaftClusterWithGrpce58ca676/s2/fd7a20ee-19f9-4f80-8ea7-c3e5d6dfbc38/current/raft-meta.tmp to /home/runner/work/ratis/ratis/ratis-test/target/test/data/b8de9602/MiniRaftClusterWithGrpce58ca676/s2/fd7a20ee-19f9-4f80-8ea7-c3e5d6dfbc38/current/raft-meta with options [REPLACE_EXISTING]
2023-12-13 18:50:05,415 [s1@group-C3E5D6DFBC38-LeaderElection4] INFO  server.RaftServerConfigKeys (ConfUtils.java:logGet(46)) - raft.server.watch.timeout.denomination = 1s (default)
2023-12-13 18:50:05,415 [grpc-default-executor-1] INFO  server.RaftServer$Division (RaftServerImpl.java:requestVote(1410)) - s2@group-C3E5D6DFBC38 replies to ELECTION vote request: s1<-s2#0:OK-t1. Peer's state: s2@group-C3E5D6DFBC38:t1, leader=null, voted=s1, raftlog=Memoized:s2@group-C3E5D6DFBC38-SegmentedRaftLog:OPENED:c-1, conf=-1: peers:[s3|0.0.0.0:43047, s4|0.0.0.0:36395, s5|0.0.0.0:40741, s1|0.0.0.0:37953, s2|0.0.0.0:44821]|listeners:[], old=null
2023-12-13 18:50:05,415 [s1@group-C3E5D6DFBC38-LeaderElection4] INFO  server.RaftServerConfigKeys (ConfUtils.java:logGet(46)) - raft.server.watch.element-limit = 65536 (default)
2023-12-13 18:50:05,415 [s1@group-C3E5D6DFBC38-LeaderElection4] INFO  server.RaftServerConfigKeys (ConfUtils.java:logGet(46)) - raft.server.read.leader.lease.enabled = false (default)
2023-12-13 18:50:05,415 [s1@group-C3E5D6DFBC38-LeaderElection4] INFO  server.RaftServerConfigKeys (ConfUtils.java:logGet(46)) - raft.server.read.leader.lease.timeout.ratio = 0.9 (default)
2023-12-13 18:50:05,415 [s1@group-C3E5D6DFBC38-LeaderElection4] INFO  server.RaftServerConfigKeys (ConfUtils.java:logGet(46)) - raft.server.rpc.timeout.min = 1500ms (custom)
2023-12-13 18:50:05,415 [s1@group-C3E5D6DFBC38-LeaderElection4] INFO  server.RaftServerConfigKeys (ConfUtils.java:logGet(46)) - raft.server.write.element-limit = 4096 (default)
2023-12-13 18:50:05,415 [s1@group-C3E5D6DFBC38-LeaderElection4] INFO  server.RaftServerConfigKeys (ConfUtils.java:logGet(46)) - raft.server.write.follower.gap.ratio.max = -1.0 (default)
2023-12-13 18:50:05,415 [s1@group-C3E5D6DFBC38-LeaderElection4] INFO  server.RaftServerConfigKeys (ConfUtils.java:logGet(46)) - raft.server.log.appender.snapshot.chunk.size.max = 16MB (=16777216) (default)
2023-12-13 18:50:05,415 [s1@group-C3E5D6DFBC38-LeaderElection4] INFO  server.RaftServerConfigKeys (ConfUtils.java:logGet(46)) - raft.server.log.appender.buffer.byte-limit = 4MB (=4194304) (default)
2023-12-13 18:50:05,415 [s1@group-C3E5D6DFBC38-LeaderElection4] INFO  server.RaftServerConfigKeys (ConfUtils.java:logGet(46)) - raft.server.log.appender.buffer.element-limit = 0 (default)
2023-12-13 18:50:05,416 [s1@group-C3E5D6DFBC38-LeaderElection4] INFO  server.RaftServerConfigKeys (ConfUtils.java:logGet(46)) - raft.server.log.appender.wait-time.min = 1ms (default)
2023-12-13 18:50:05,416 [s1@group-C3E5D6DFBC38-LeaderElection4] INFO  grpc.GrpcConfigKeys (ConfUtils.java:logGet(46)) - raft.grpc.server.leader.outstanding.appends.max = 8 (default)
2023-12-13 18:50:05,416 [s1@group-C3E5D6DFBC38-LeaderElection4] INFO  server.RaftServerConfigKeys (ConfUtils.java:logGet(46)) - raft.server.rpc.request.timeout = 3000ms (default)
2023-12-13 18:50:05,416 [s1@group-C3E5D6DFBC38-LeaderElection4] INFO  grpc.GrpcConfigKeys (ConfUtils.java:logGet(46)) - raft.grpc.server.install_snapshot.request.element-limit = 8 (default)
2023-12-13 18:50:05,416 [s1@group-C3E5D6DFBC38-LeaderElection4] INFO  grpc.GrpcConfigKeys (ConfUtils.java:logGet(46)) - raft.grpc.server.install_snapshot.request.timeout = 3000ms (default)
2023-12-13 18:50:05,416 [s1@group-C3E5D6DFBC38-LeaderElection4] INFO  server.RaftServerConfigKeys (ConfUtils.java:logGet(46)) - raft.server.log.appender.install.snapshot.enabled = true (default)
2023-12-13 18:50:05,416 [s1@group-C3E5D6DFBC38-LeaderElection4] INFO  grpc.GrpcConfigKeys (ConfUtils.java:logGet(46)) - raft.grpc.server.heartbeat.channel = true (default)
2023-12-13 18:50:05,416 [s1@group-C3E5D6DFBC38-LeaderElection4] INFO  server.RaftServerConfigKeys (ConfUtils.java:logGet(46)) - raft.server.log.appender.snapshot.chunk.size.max = 16MB (=16777216) (default)
2023-12-13 18:50:05,416 [s1@group-C3E5D6DFBC38-LeaderElection4] INFO  server.RaftServerConfigKeys (ConfUtils.java:logGet(46)) - raft.server.log.appender.buffer.byte-limit = 4MB (=4194304) (default)
2023-12-13 18:50:05,416 [s1@group-C3E5D6DFBC38-LeaderElection4] INFO  server.RaftServerConfigKeys (ConfUtils.java:logGet(46)) - raft.server.log.appender.buffer.element-limit = 0 (default)
2023-12-13 18:50:05,416 [s1@group-C3E5D6DFBC38-LeaderElection4] INFO  server.RaftServerConfigKeys (ConfUtils.java:logGet(46)) - raft.server.log.appender.wait-time.min = 1ms (default)
2023-12-13 18:50:05,416 [s1@group-C3E5D6DFBC38-LeaderElection4] INFO  grpc.GrpcConfigKeys (ConfUtils.java:logGet(46)) - raft.grpc.server.leader.outstanding.appends.max = 8 (default)
2023-12-13 18:50:05,416 [s1@group-C3E5D6DFBC38-LeaderElection4] INFO  server.RaftServerConfigKeys (ConfUtils.java:logGet(46)) - raft.server.rpc.request.timeout = 3000ms (default)
2023-12-13 18:50:05,416 [s1@group-C3E5D6DFBC38-LeaderElection4] INFO  grpc.GrpcConfigKeys (ConfUtils.java:logGet(46)) - raft.grpc.server.install_snapshot.request.element-limit = 8 (default)
2023-12-13 18:50:05,416 [s1@group-C3E5D6DFBC38-LeaderElection4] INFO  grpc.GrpcConfigKeys (ConfUtils.java:logGet(46)) - raft.grpc.server.install_snapshot.request.timeout = 3000ms (default)
2023-12-13 18:50:05,416 [s1@group-C3E5D6DFBC38-LeaderElection4] INFO  server.RaftServerConfigKeys (ConfUtils.java:logGet(46)) - raft.server.log.appender.install.snapshot.enabled = true (default)
2023-12-13 18:50:05,416 [s1@group-C3E5D6DFBC38-LeaderElection4] INFO  grpc.GrpcConfigKeys (ConfUtils.java:logGet(46)) - raft.grpc.server.heartbeat.channel = true (default)
2023-12-13 18:50:05,416 [s1@group-C3E5D6DFBC38-LeaderElection4] INFO  server.RaftServerConfigKeys (ConfUtils.java:logGet(46)) - raft.server.log.appender.snapshot.chunk.size.max = 16MB (=16777216) (default)
2023-12-13 18:50:05,416 [s1@group-C3E5D6DFBC38-LeaderElection4] INFO  server.RaftServerConfigKeys (ConfUtils.java:logGet(46)) - raft.server.log.appender.buffer.byte-limit = 4MB (=4194304) (default)
2023-12-13 18:50:05,417 [s1@group-C3E5D6DFBC38-LeaderElection4] INFO  server.RaftServerConfigKeys (ConfUtils.java:logGet(46)) - raft.server.log.appender.buffer.element-limit = 0 (default)
2023-12-13 18:50:05,417 [s1@group-C3E5D6DFBC38-LeaderElection4] INFO  server.RaftServerConfigKeys (ConfUtils.java:logGet(46)) - raft.server.log.appender.wait-time.min = 1ms (default)
2023-12-13 18:50:05,417 [s1@group-C3E5D6DFBC38-LeaderElection4] INFO  grpc.GrpcConfigKeys (ConfUtils.java:logGet(46)) - raft.grpc.server.leader.outstanding.appends.max = 8 (default)
2023-12-13 18:50:05,417 [s1@group-C3E5D6DFBC38-LeaderElection4] INFO  server.RaftServerConfigKeys (ConfUtils.java:logGet(46)) - raft.server.rpc.request.timeout = 3000ms (default)
2023-12-13 18:50:05,417 [s1@group-C3E5D6DFBC38-LeaderElection4] INFO  grpc.GrpcConfigKeys (ConfUtils.java:logGet(46)) - raft.grpc.server.install_snapshot.request.element-limit = 8 (default)
2023-12-13 18:50:05,417 [s1@group-C3E5D6DFBC38-LeaderElection4] INFO  grpc.GrpcConfigKeys (ConfUtils.java:logGet(46)) - raft.grpc.server.install_snapshot.request.timeout = 3000ms (default)
2023-12-13 18:50:05,417 [s1@group-C3E5D6DFBC38-LeaderElection4] INFO  server.RaftServerConfigKeys (ConfUtils.java:logGet(46)) - raft.server.log.appender.install.snapshot.enabled = true (default)
2023-12-13 18:50:05,417 [s1@group-C3E5D6DFBC38-LeaderElection4] INFO  grpc.GrpcConfigKeys (ConfUtils.java:logGet(46)) - raft.grpc.server.heartbeat.channel = true (default)
2023-12-13 18:50:05,417 [s1@group-C3E5D6DFBC38-LeaderElection4] INFO  server.RaftServerConfigKeys (ConfUtils.java:logGet(46)) - raft.server.log.appender.snapshot.chunk.size.max = 16MB (=16777216) (default)
2023-12-13 18:50:05,417 [s1@group-C3E5D6DFBC38-LeaderElection4] INFO  server.RaftServerConfigKeys (ConfUtils.java:logGet(46)) - raft.server.log.appender.buffer.byte-limit = 4MB (=4194304) (default)
2023-12-13 18:50:05,417 [s1@group-C3E5D6DFBC38-LeaderElection4] INFO  server.RaftServerConfigKeys (ConfUtils.java:logGet(46)) - raft.server.log.appender.buffer.element-limit = 0 (default)
2023-12-13 18:50:05,417 [grpc-default-executor-3] TRACE util.FileUtils (LogUtils.java:runAndLog(49)) - Successfully ran Atomic Files.move /home/runner/work/ratis/ratis/ratis-test/target/test/data/b8de9602/MiniRaftClusterWithGrpce58ca676/s4/fd7a20ee-19f9-4f80-8ea7-c3e5d6dfbc38/current/raft-meta.tmp to /home/runner/work/ratis/ratis/ratis-test/target/test/data/b8de9602/MiniRaftClusterWithGrpce58ca676/s4/fd7a20ee-19f9-4f80-8ea7-c3e5d6dfbc38/current/raft-meta with options [REPLACE_EXISTING]
2023-12-13 18:50:05,417 [s1@group-C3E5D6DFBC38-LeaderElection4] INFO  server.RaftServerConfigKeys (ConfUtils.java:logGet(46)) - raft.server.log.appender.wait-time.min = 1ms (default)
2023-12-13 18:50:05,417 [grpc-default-executor-3] INFO  server.RaftServer$Division (RaftServerImpl.java:requestVote(1410)) - s4@group-C3E5D6DFBC38 replies to ELECTION vote request: s1<-s4#0:OK-t1. Peer's state: s4@group-C3E5D6DFBC38:t1, leader=null, voted=s1, raftlog=Memoized:s4@group-C3E5D6DFBC38-SegmentedRaftLog:OPENED:c-1, conf=-1: peers:[s3|0.0.0.0:43047, s4|0.0.0.0:36395, s5|0.0.0.0:40741, s1|0.0.0.0:37953, s2|0.0.0.0:44821]|listeners:[], old=null
2023-12-13 18:50:05,417 [s1@group-C3E5D6DFBC38-LeaderElection4] INFO  grpc.GrpcConfigKeys (ConfUtils.java:logGet(46)) - raft.grpc.server.leader.outstanding.appends.max = 8 (default)
2023-12-13 18:50:05,417 [s1@group-C3E5D6DFBC38-LeaderElection4] INFO  server.RaftServerConfigKeys (ConfUtils.java:logGet(46)) - raft.server.rpc.request.timeout = 3000ms (default)
2023-12-13 18:50:05,417 [s1@group-C3E5D6DFBC38-LeaderElection4] INFO  grpc.GrpcConfigKeys (ConfUtils.java:logGet(46)) - raft.grpc.server.install_snapshot.request.element-limit = 8 (default)
2023-12-13 18:50:05,417 [s1@group-C3E5D6DFBC38-LeaderElection4] INFO  grpc.GrpcConfigKeys (ConfUtils.java:logGet(46)) - raft.grpc.server.install_snapshot.request.timeout = 3000ms (default)
2023-12-13 18:50:05,417 [s1@group-C3E5D6DFBC38-LeaderElection4] INFO  server.RaftServerConfigKeys (ConfUtils.java:logGet(46)) - raft.server.log.appender.install.snapshot.enabled = true (default)
2023-12-13 18:50:05,418 [s1@group-C3E5D6DFBC38-LeaderElection4] INFO  grpc.GrpcConfigKeys (ConfUtils.java:logGet(46)) - raft.grpc.server.heartbeat.channel = true (default)
2023-12-13 18:50:05,418 [s1@group-C3E5D6DFBC38-LeaderElection4] INFO  impl.RoleInfo (RoleInfo.java:updateAndGet(139)) - s1: start s1@group-C3E5D6DFBC38-LeaderStateImpl
2023-12-13 18:50:05,418 [s1@group-C3E5D6DFBC38-LeaderElection4] INFO  server.RaftServer$Division (RaftServerImpl.java:setFirstElection(564)) - s1@group-C3E5D6DFBC38: set firstElectionSinceStartup to false for becomeLeader
2023-12-13 18:50:05,418 [s1@group-C3E5D6DFBC38-LeaderElection4] INFO  server.RaftServer$Division (ServerState.java:setLeader(265)) - s1@group-C3E5D6DFBC38: change Leader from null to s1 at term 1 for becomeLeader, leader elected after 1550ms
2023-12-13 18:50:05,418 [s1@group-C3E5D6DFBC38-LeaderElection4] INFO  segmented.SegmentedRaftLogWorker (SegmentedRaftLogWorker.java:startLogSegment(430)) - s1@group-C3E5D6DFBC38-SegmentedRaftLogWorker: Starting segment from index:0
2023-12-13 18:50:05,418 [s1@group-C3E5D6DFBC38-SegmentedRaftLogWorker] INFO  segmented.BufferedWriteChannel (BufferedWriteChannel.java:open(62)) - open log_inprogress_0 at position 0
2023-12-13 18:50:05,423 [s1@group-C3E5D6DFBC38-LeaderElection4] INFO  server.RaftServer$Division (ServerState.java:setRaftConf(382)) - s1@group-C3E5D6DFBC38: set configuration 0: peers:[s3|0.0.0.0:43047, s4|0.0.0.0:36395, s5|0.0.0.0:40741, s1|0.0.0.0:37953, s2|0.0.0.0:44821]|listeners:[], old=null
2023-12-13 18:50:05,426 [s1@group-C3E5D6DFBC38-SegmentedRaftLogWorker] INFO  segmented.SegmentedRaftLogWorker (SegmentedRaftLogWorker.java:execute(634)) - s1@group-C3E5D6DFBC38-SegmentedRaftLogWorker: created new log segment /home/runner/work/ratis/ratis/ratis-test/target/test/data/b8de9602/MiniRaftClusterWithGrpce58ca676/s1/fd7a20ee-19f9-4f80-8ea7-c3e5d6dfbc38/current/log_inprogress_0
2023-12-13 18:50:05,438 [s5-server-thread1] INFO  server.RaftServer$Division (ServerState.java:setLeader(265)) - s5@group-C3E5D6DFBC38: change Leader from null to s1 at term 1 for appendEntries, leader elected after 1490ms
2023-12-13 18:50:05,443 [s3-server-thread1] INFO  server.RaftServer$Division (ServerState.java:setLeader(265)) - s3@group-C3E5D6DFBC38: change Leader from null to s1 at term 1 for appendEntries, leader elected after 1539ms
2023-12-13 18:50:05,445 [s5-server-thread2] DEBUG server.RaftServer$Division (RaftServerImpl.java:logAppendEntries(1504)) - s5@group-C3E5D6DFBC38: receive appendEntries(s1, 1, null, -1, false, commits:[s1:c-1, s3:c-1, s4:c-1, s5:c-1, s2:c-1], cId:1, entries: [(t:1, i:0), CONFIGURATIONENTRY(current:id: "s3"
address: "0.0.0.0:43047"
clientAddress: "0.0.0.0:43047"
adminAddress: "0.0.0.0:43047"
startupRole: FOLLOWER
,id: "s4"
address: "0.0.0.0:36395"
clientAddress: "0.0.0.0:36395"
adminAddress: "0.0.0.0:36395"
startupRole: FOLLOWER
,id: "s5"
address: "0.0.0.0:40741"
clientAddress: "0.0.0.0:40741"
adminAddress: "0.0.0.0:40741"
startupRole: FOLLOWER
,id: "s1"
address: "0.0.0.0:37953"
clientAddress: "0.0.0.0:37953"
adminAddress: "0.0.0.0:37953"
startupRole: FOLLOWER
,id: "s2"
address: "0.0.0.0:44821"
clientAddress: "0.0.0.0:44821"
adminAddress: "0.0.0.0:44821"
startupRole: FOLLOWER
, old:)]
2023-12-13 18:50:05,446 [s5-server-thread2] INFO  server.RaftServer$Division (ServerState.java:setRaftConf(382)) - s5@group-C3E5D6DFBC38: set configuration 0: peers:[s3|0.0.0.0:43047, s4|0.0.0.0:36395, s5|0.0.0.0:40741, s1|0.0.0.0:37953, s2|0.0.0.0:44821]|listeners:[], old=null
2023-12-13 18:50:05,446 [s5-server-thread2] INFO  segmented.SegmentedRaftLogWorker (SegmentedRaftLogWorker.java:startLogSegment(430)) - s5@group-C3E5D6DFBC38-SegmentedRaftLogWorker: Starting segment from index:0
2023-12-13 18:50:05,446 [s5@group-C3E5D6DFBC38-SegmentedRaftLogWorker] INFO  segmented.BufferedWriteChannel (BufferedWriteChannel.java:open(62)) - open log_inprogress_0 at position 0
2023-12-13 18:50:05,447 [s2-server-thread1] DEBUG server.RaftServer$Division (RaftServerImpl.java:logAppendEntries(1504)) - s2@group-C3E5D6DFBC38: receive appendEntries(s1, 1, null, -1, false, commits:[s1:c-1, s3:c-1, s4:c-1, s5:c-1, s2:c-1], cId:1, entries: [(t:1, i:0), CONFIGURATIONENTRY(current:id: "s3"
address: "0.0.0.0:43047"
clientAddress: "0.0.0.0:43047"
adminAddress: "0.0.0.0:43047"
startupRole: FOLLOWER
,id: "s4"
address: "0.0.0.0:36395"
clientAddress: "0.0.0.0:36395"
adminAddress: "0.0.0.0:36395"
startupRole: FOLLOWER
,id: "s5"
address: "0.0.0.0:40741"
clientAddress: "0.0.0.0:40741"
adminAddress: "0.0.0.0:40741"
startupRole: FOLLOWER
,id: "s1"
address: "0.0.0.0:37953"
clientAddress: "0.0.0.0:37953"
adminAddress: "0.0.0.0:37953"
startupRole: FOLLOWER
,id: "s2"
address: "0.0.0.0:44821"
clientAddress: "0.0.0.0:44821"
adminAddress: "0.0.0.0:44821"
startupRole: FOLLOWER
, old:)]
2023-12-13 18:50:05,446 [s3-server-thread2] DEBUG server.RaftServer$Division (RaftServerImpl.java:logAppendEntries(1504)) - s3@group-C3E5D6DFBC38: receive appendEntries(s1, 1, null, -1, false, commits:[s1:c-1, s3:c-1, s4:c-1, s5:c-1, s2:c-1], cId:1, entries: [(t:1, i:0), CONFIGURATIONENTRY(current:id: "s3"
address: "0.0.0.0:43047"
clientAddress: "0.0.0.0:43047"
adminAddress: "0.0.0.0:43047"
startupRole: FOLLOWER
,id: "s4"
address: "0.0.0.0:36395"
clientAddress: "0.0.0.0:36395"
adminAddress: "0.0.0.0:36395"
startupRole: FOLLOWER
,id: "s5"
address: "0.0.0.0:40741"
clientAddress: "0.0.0.0:40741"
adminAddress: "0.0.0.0:40741"
startupRole: FOLLOWER
,id: "s1"
address: "0.0.0.0:37953"
clientAddress: "0.0.0.0:37953"
adminAddress: "0.0.0.0:37953"
startupRole: FOLLOWER
,id: "s2"
address: "0.0.0.0:44821"
clientAddress: "0.0.0.0:44821"
adminAddress: "0.0.0.0:44821"
startupRole: FOLLOWER
, old:)]
2023-12-13 18:50:05,450 [s4-server-thread1] INFO  server.RaftServer$Division (ServerState.java:setLeader(265)) - s4@group-C3E5D6DFBC38: change Leader from null to s1 at term 1 for appendEntries, leader elected after 1526ms
2023-12-13 18:50:05,448 [s2-server-thread1] INFO  server.RaftServer$Division (ServerState.java:setLeader(265)) - s2@group-C3E5D6DFBC38: change Leader from null to s1 at term 1 for appendEntries, leader elected after 1560ms
2023-12-13 18:50:05,453 [s2-server-thread1] INFO  server.RaftServer$Division (ServerState.java:setRaftConf(382)) - s2@group-C3E5D6DFBC38: set configuration 0: peers:[s3|0.0.0.0:43047, s4|0.0.0.0:36395, s5|0.0.0.0:40741, s1|0.0.0.0:37953, s2|0.0.0.0:44821]|listeners:[], old=null
2023-12-13 18:50:05,453 [s2-server-thread1] INFO  segmented.SegmentedRaftLogWorker (SegmentedRaftLogWorker.java:startLogSegment(430)) - s2@group-C3E5D6DFBC38-SegmentedRaftLogWorker: Starting segment from index:0
2023-12-13 18:50:05,454 [s2@group-C3E5D6DFBC38-SegmentedRaftLogWorker] INFO  segmented.BufferedWriteChannel (BufferedWriteChannel.java:open(62)) - open log_inprogress_0 at position 0
2023-12-13 18:50:05,454 [s5@group-C3E5D6DFBC38-SegmentedRaftLogWorker] INFO  segmented.SegmentedRaftLogWorker (SegmentedRaftLogWorker.java:execute(634)) - s5@group-C3E5D6DFBC38-SegmentedRaftLogWorker: created new log segment /home/runner/work/ratis/ratis/ratis-test/target/test/data/b8de9602/MiniRaftClusterWithGrpce58ca676/s5/fd7a20ee-19f9-4f80-8ea7-c3e5d6dfbc38/current/log_inprogress_0
2023-12-13 18:50:05,454 [s5-server-thread2] DEBUG server.RaftServer$Division (RaftServerImpl.java:logAppendEntries(1504)) - s5@group-C3E5D6DFBC38: succeeded to handle AppendEntries. Reply: s1<-s5#1:OK-t1,SUCCESS,nextIndex=1,followerCommit=-1,matchIndex=0
2023-12-13 18:50:05,457 [s3-server-thread2] INFO  server.RaftServer$Division (ServerState.java:setRaftConf(382)) - s3@group-C3E5D6DFBC38: set configuration 0: peers:[s3|0.0.0.0:43047, s4|0.0.0.0:36395, s5|0.0.0.0:40741, s1|0.0.0.0:37953, s2|0.0.0.0:44821]|listeners:[], old=null
2023-12-13 18:50:05,457 [s3-server-thread2] INFO  segmented.SegmentedRaftLogWorker (SegmentedRaftLogWorker.java:startLogSegment(430)) - s3@group-C3E5D6DFBC38-SegmentedRaftLogWorker: Starting segment from index:0
2023-12-13 18:50:05,458 [s3@group-C3E5D6DFBC38-SegmentedRaftLogWorker] INFO  segmented.BufferedWriteChannel (BufferedWriteChannel.java:open(62)) - open log_inprogress_0 at position 0
2023-12-13 18:50:05,458 [s4-server-thread2] DEBUG server.RaftServer$Division (RaftServerImpl.java:logAppendEntries(1504)) - s4@group-C3E5D6DFBC38: receive appendEntries(s1, 1, null, -1, false, commits:[s1:c-1, s3:c-1, s4:c-1, s5:c-1, s2:c-1], cId:1, entries: [(t:1, i:0), CONFIGURATIONENTRY(current:id: "s3"
address: "0.0.0.0:43047"
clientAddress: "0.0.0.0:43047"
adminAddress: "0.0.0.0:43047"
startupRole: FOLLOWER
,id: "s4"
address: "0.0.0.0:36395"
clientAddress: "0.0.0.0:36395"
adminAddress: "0.0.0.0:36395"
startupRole: FOLLOWER
,id: "s5"
address: "0.0.0.0:40741"
clientAddress: "0.0.0.0:40741"
adminAddress: "0.0.0.0:40741"
startupRole: FOLLOWER
,id: "s1"
address: "0.0.0.0:37953"
clientAddress: "0.0.0.0:37953"
adminAddress: "0.0.0.0:37953"
startupRole: FOLLOWER
,id: "s2"
address: "0.0.0.0:44821"
clientAddress: "0.0.0.0:44821"
adminAddress: "0.0.0.0:44821"
startupRole: FOLLOWER
, old:)]
2023-12-13 18:50:05,458 [s4-server-thread2] INFO  server.RaftServer$Division (ServerState.java:setRaftConf(382)) - s4@group-C3E5D6DFBC38: set configuration 0: peers:[s3|0.0.0.0:43047, s4|0.0.0.0:36395, s5|0.0.0.0:40741, s1|0.0.0.0:37953, s2|0.0.0.0:44821]|listeners:[], old=null
2023-12-13 18:50:05,458 [s4-server-thread2] INFO  segmented.SegmentedRaftLogWorker (SegmentedRaftLogWorker.java:startLogSegment(430)) - s4@group-C3E5D6DFBC38-SegmentedRaftLogWorker: Starting segment from index:0
2023-12-13 18:50:05,459 [s4@group-C3E5D6DFBC38-SegmentedRaftLogWorker] INFO  segmented.BufferedWriteChannel (BufferedWriteChannel.java:open(62)) - open log_inprogress_0 at position 0
2023-12-13 18:50:05,461 [s2@group-C3E5D6DFBC38-SegmentedRaftLogWorker] INFO  segmented.SegmentedRaftLogWorker (SegmentedRaftLogWorker.java:execute(634)) - s2@group-C3E5D6DFBC38-SegmentedRaftLogWorker: created new log segment /home/runner/work/ratis/ratis/ratis-test/target/test/data/b8de9602/MiniRaftClusterWithGrpce58ca676/s2/fd7a20ee-19f9-4f80-8ea7-c3e5d6dfbc38/current/log_inprogress_0
2023-12-13 18:50:05,462 [s2-server-thread3] DEBUG server.RaftServer$Division (RaftServerImpl.java:logAppendEntries(1504)) - s2@group-C3E5D6DFBC38: succeeded to handle AppendEntries. Reply: s1<-s2#1:OK-t1,SUCCESS,nextIndex=1,followerCommit=-1,matchIndex=0
2023-12-13 18:50:05,463 [s1@group-C3E5D6DFBC38-StateMachineUpdater] TRACE util.FileUtils (LogUtils.java:supplyAndLog(69)) - Successfully supplied FileChannel.open /home/runner/work/ratis/ratis/ratis-test/target/test/data/b8de9602/MiniRaftClusterWithGrpce58ca676/s1/fd7a20ee-19f9-4f80-8ea7-c3e5d6dfbc38/current/raft-meta.conf.tmp with options [CREATE, WRITE]: sun.nio.ch.FileChannelImpl@7c6e7e8
2023-12-13 18:50:05,469 [s3@group-C3E5D6DFBC38-SegmentedRaftLogWorker] INFO  segmented.SegmentedRaftLogWorker (SegmentedRaftLogWorker.java:execute(634)) - s3@group-C3E5D6DFBC38-SegmentedRaftLogWorker: created new log segment /home/runner/work/ratis/ratis/ratis-test/target/test/data/b8de9602/MiniRaftClusterWithGrpce58ca676/s3/fd7a20ee-19f9-4f80-8ea7-c3e5d6dfbc38/current/log_inprogress_0
2023-12-13 18:50:05,469 [s1@group-C3E5D6DFBC38-StateMachineUpdater] TRACE util.FileUtils (LogUtils.java:runAndLog(49)) - Successfully ran Atomic Files.move /home/runner/work/ratis/ratis/ratis-test/target/test/data/b8de9602/MiniRaftClusterWithGrpce58ca676/s1/fd7a20ee-19f9-4f80-8ea7-c3e5d6dfbc38/current/raft-meta.conf.tmp to /home/runner/work/ratis/ratis/ratis-test/target/test/data/b8de9602/MiniRaftClusterWithGrpce58ca676/s1/fd7a20ee-19f9-4f80-8ea7-c3e5d6dfbc38/current/raft-meta.conf with options [REPLACE_EXISTING]
2023-12-13 18:50:05,469 [s4@group-C3E5D6DFBC38-SegmentedRaftLogWorker] INFO  segmented.SegmentedRaftLogWorker (SegmentedRaftLogWorker.java:execute(634)) - s4@group-C3E5D6DFBC38-SegmentedRaftLogWorker: created new log segment /home/runner/work/ratis/ratis/ratis-test/target/test/data/b8de9602/MiniRaftClusterWithGrpce58ca676/s4/fd7a20ee-19f9-4f80-8ea7-c3e5d6dfbc38/current/log_inprogress_0
2023-12-13 18:50:05,469 [s3-server-thread2] DEBUG server.RaftServer$Division (RaftServerImpl.java:logAppendEntries(1504)) - s3@group-C3E5D6DFBC38: succeeded to handle AppendEntries. Reply: s1<-s3#1:OK-t1,SUCCESS,nextIndex=1,followerCommit=-1,matchIndex=0
2023-12-13 18:50:05,469 [s1@group-C3E5D6DFBC38-StateMachineUpdater] INFO  server.RaftServer$Division (LeaderStateImpl.java:isApplied(320)) - leader is ready since appliedIndex == 0 >= startIndex == 0
2023-12-13 18:50:05,471 [s4-server-thread2] DEBUG server.RaftServer$Division (RaftServerImpl.java:logAppendEntries(1504)) - s4@group-C3E5D6DFBC38: succeeded to handle AppendEntries. Reply: s1<-s4#1:OK-t1,SUCCESS,nextIndex=1,followerCommit=-1,matchIndex=0
2023-12-13 18:50:06,211 [s5@group-C3E5D6DFBC38-StateMachineUpdater] TRACE util.FileUtils (LogUtils.java:supplyAndLog(69)) - Successfully supplied FileChannel.open /home/runner/work/ratis/ratis/ratis-test/target/test/data/b8de9602/MiniRaftClusterWithGrpce58ca676/s5/fd7a20ee-19f9-4f80-8ea7-c3e5d6dfbc38/current/raft-meta.conf.tmp with options [CREATE, WRITE]: sun.nio.ch.FileChannelImpl@7e32741e
2023-12-13 18:50:06,213 [s5@group-C3E5D6DFBC38-StateMachineUpdater] TRACE util.FileUtils (LogUtils.java:runAndLog(49)) - Successfully ran Atomic Files.move /home/runner/work/ratis/ratis/ratis-test/target/test/data/b8de9602/MiniRaftClusterWithGrpce58ca676/s5/fd7a20ee-19f9-4f80-8ea7-c3e5d6dfbc38/current/raft-meta.conf.tmp to /home/runner/work/ratis/ratis/ratis-test/target/test/data/b8de9602/MiniRaftClusterWithGrpce58ca676/s5/fd7a20ee-19f9-4f80-8ea7-c3e5d6dfbc38/current/raft-meta.conf with options [REPLACE_EXISTING]
2023-12-13 18:50:06,214 [s2@group-C3E5D6DFBC38-StateMachineUpdater] TRACE util.FileUtils (LogUtils.java:supplyAndLog(69)) - Successfully supplied FileChannel.open /home/runner/work/ratis/ratis/ratis-test/target/test/data/b8de9602/MiniRaftClusterWithGrpce58ca676/s2/fd7a20ee-19f9-4f80-8ea7-c3e5d6dfbc38/current/raft-meta.conf.tmp with options [CREATE, WRITE]: sun.nio.ch.FileChannelImpl@1de3cd19
2023-12-13 18:50:06,215 [s2@group-C3E5D6DFBC38-StateMachineUpdater] TRACE util.FileUtils (LogUtils.java:runAndLog(49)) - Successfully ran Atomic Files.move /home/runner/work/ratis/ratis/ratis-test/target/test/data/b8de9602/MiniRaftClusterWithGrpce58ca676/s2/fd7a20ee-19f9-4f80-8ea7-c3e5d6dfbc38/current/raft-meta.conf.tmp to /home/runner/work/ratis/ratis/ratis-test/target/test/data/b8de9602/MiniRaftClusterWithGrpce58ca676/s2/fd7a20ee-19f9-4f80-8ea7-c3e5d6dfbc38/current/raft-meta.conf with options [REPLACE_EXISTING]
2023-12-13 18:50:06,224 [s3@group-C3E5D6DFBC38-StateMachineUpdater] TRACE util.FileUtils (LogUtils.java:supplyAndLog(69)) - Successfully supplied FileChannel.open /home/runner/work/ratis/ratis/ratis-test/target/test/data/b8de9602/MiniRaftClusterWithGrpce58ca676/s3/fd7a20ee-19f9-4f80-8ea7-c3e5d6dfbc38/current/raft-meta.conf.tmp with options [CREATE, WRITE]: sun.nio.ch.FileChannelImpl@5090109e
2023-12-13 18:50:06,226 [s4@group-C3E5D6DFBC38-StateMachineUpdater] TRACE util.FileUtils (LogUtils.java:supplyAndLog(69)) - Successfully supplied FileChannel.open /home/runner/work/ratis/ratis/ratis-test/target/test/data/b8de9602/MiniRaftClusterWithGrpce58ca676/s4/fd7a20ee-19f9-4f80-8ea7-c3e5d6dfbc38/current/raft-meta.conf.tmp with options [CREATE, WRITE]: sun.nio.ch.FileChannelImpl@ce68b57
2023-12-13 18:50:06,228 [s3@group-C3E5D6DFBC38-StateMachineUpdater] TRACE util.FileUtils (LogUtils.java:runAndLog(49)) - Successfully ran Atomic Files.move /home/runner/work/ratis/ratis/ratis-test/target/test/data/b8de9602/MiniRaftClusterWithGrpce58ca676/s3/fd7a20ee-19f9-4f80-8ea7-c3e5d6dfbc38/current/raft-meta.conf.tmp to /home/runner/work/ratis/ratis/ratis-test/target/test/data/b8de9602/MiniRaftClusterWithGrpce58ca676/s3/fd7a20ee-19f9-4f80-8ea7-c3e5d6dfbc38/current/raft-meta.conf with options [REPLACE_EXISTING]
2023-12-13 18:50:06,228 [s4@group-C3E5D6DFBC38-StateMachineUpdater] TRACE util.FileUtils (LogUtils.java:runAndLog(49)) - Successfully ran Atomic Files.move /home/runner/work/ratis/ratis/ratis-test/target/test/data/b8de9602/MiniRaftClusterWithGrpce58ca676/s4/fd7a20ee-19f9-4f80-8ea7-c3e5d6dfbc38/current/raft-meta.conf.tmp to /home/runner/work/ratis/ratis/ratis-test/target/test/data/b8de9602/MiniRaftClusterWithGrpce58ca676/s4/fd7a20ee-19f9-4f80-8ea7-c3e5d6dfbc38/current/raft-meta.conf with options [REPLACE_EXISTING]
2023-12-13 18:50:06,959 [Time-limited test] INFO  ratis.RaftTestUtil (RaftTestUtil.java:waitForLeader(124)) - printing group-C3E5D6DFBC38
  s3:  RUNNING [
   FOLLOWER s3@group-C3E5D6DFBC38:t1, leader=s1, voted=s1, raftlog=Memoized:s3@group-C3E5D6DFBC38-SegmentedRaftLog:OPENED:c0, conf=0: peers:[s3|0.0.0.0:43047, s4|0.0.0.0:36395, s5|0.0.0.0:40741, s1|0.0.0.0:37953, s2|0.0.0.0:44821]|listeners:[], old=null RUNNING
   FOLLOWER s3@group-E92128DFC347:t0, leader=null, voted=, raftlog=Memoized:s3@group-E92128DFC347-SegmentedRaftLog:OPENED:c-1, conf=-1: peers:[]|listeners:[], old=null STARTING] size=2
  s4:  RUNNING [
   FOLLOWER s4@group-C3E5D6DFBC38:t1, leader=s1, voted=s1, raftlog=Memoized:s4@group-C3E5D6DFBC38-SegmentedRaftLog:OPENED:c0, conf=0: peers:[s3|0.0.0.0:43047, s4|0.0.0.0:36395, s5|0.0.0.0:40741, s1|0.0.0.0:37953, s2|0.0.0.0:44821]|listeners:[], old=null RUNNING
   FOLLOWER s4@group-E92128DFC347:t0, leader=null, voted=, raftlog=Memoized:s4@group-E92128DFC347-SegmentedRaftLog:OPENED:c-1, conf=-1: peers:[]|listeners:[], old=null STARTING] size=2
  s5:  RUNNING [
   FOLLOWER s5@group-C3E5D6DFBC38:t1, leader=s1, voted=s1, raftlog=Memoized:s5@group-C3E5D6DFBC38-SegmentedRaftLog:OPENED:c0, conf=0: peers:[s3|0.0.0.0:43047, s4|0.0.0.0:36395, s5|0.0.0.0:40741, s1|0.0.0.0:37953, s2|0.0.0.0:44821]|listeners:[], old=null RUNNING
   FOLLOWER s5@group-E92128DFC347:t0, leader=null, voted=, raftlog=Memoized:s5@group-E92128DFC347-SegmentedRaftLog:OPENED:c-1, conf=-1: peers:[]|listeners:[], old=null STARTING] size=2
  s1:  RUNNING [
     LEADER s1@group-C3E5D6DFBC38:t1, leader=s1, voted=s1, raftlog=Memoized:s1@group-C3E5D6DFBC38-SegmentedRaftLog:OPENED:c0, conf=0: peers:[s3|0.0.0.0:43047, s4|0.0.0.0:36395, s5|0.0.0.0:40741, s1|0.0.0.0:37953, s2|0.0.0.0:44821]|listeners:[], old=null RUNNING
   FOLLOWER s1@group-E92128DFC347:t0, leader=null, voted=, raftlog=Memoized:s1@group-E92128DFC347-SegmentedRaftLog:OPENED:c-1, conf=-1: peers:[]|listeners:[], old=null STARTING] size=2
  s2:  RUNNING [
   FOLLOWER s2@group-C3E5D6DFBC38:t1, leader=s1, voted=s1, raftlog=Memoized:s2@group-C3E5D6DFBC38-SegmentedRaftLog:OPENED:c0, conf=0: peers:[s3|0.0.0.0:43047, s4|0.0.0.0:36395, s5|0.0.0.0:40741, s1|0.0.0.0:37953, s2|0.0.0.0:44821]|listeners:[], old=null RUNNING
   FOLLOWER s2@group-E92128DFC347:t0, leader=null, voted=, raftlog=Memoized:s2@group-E92128DFC347-SegmentedRaftLog:OPENED:c-1, conf=-1: peers:[]|listeners:[], old=null STARTING] size=2
2023-12-13 18:50:06,960 [Time-limited test] INFO  impl.GroupManagementBaseTest (GroupManagementBaseTest.java:runMultiGroupTest(281)) - 2) starting group-745A5FBFB092:[s6|0.0.0.0:41641]
2023-12-13 18:50:06,960 [Time-limited test] DEBUG client.RaftClient (ConfUtils.java:logGet(46)) - raft.rpc.type = GRPC (default)
2023-12-13 18:50:06,965 [grpc-default-executor-8] INFO  server.RaftServer (RaftServerProxy.java:addNew(100)) - s6: addNew group-745A5FBFB092:[s6|0.0.0.0:41641] returns group-745A5FBFB092:java.util.concurrent.CompletableFuture@16685099[Not completed]
2023-12-13 18:50:06,965 [s6-groupManagement] INFO  server.RaftServer$Division (RaftServerImpl.java:<init>(256)) - s6: new RaftServerImpl for group-745A5FBFB092:[s6|0.0.0.0:41641] with BaseStateMachine:uninitialized
2023-12-13 18:50:06,965 [s6-groupManagement] INFO  server.RaftServerConfigKeys (ConfUtils.java:logGet(46)) - raft.server.rpc.timeout.min = 1500ms (custom)
2023-12-13 18:50:06,965 [s6-groupManagement] INFO  server.RaftServerConfigKeys (ConfUtils.java:logGet(46)) - raft.server.rpc.timeout.max = 2000ms (custom)
2023-12-13 18:50:06,965 [s6-groupManagement] INFO  server.RaftServerConfigKeys (ConfUtils.java:logGet(46)) - raft.server.rpc.sleep.time = 25ms (default)
2023-12-13 18:50:06,965 [s6-groupManagement] INFO  server.RaftServerConfigKeys (ConfUtils.java:logGet(46)) - raft.server.rpc.slowness.timeout = 60s (default)
2023-12-13 18:50:06,965 [s6-groupManagement] INFO  server.RaftServerConfigKeys (ConfUtils.java:logGet(46)) - raft.server.leaderelection.leader.step-down.wait-time = 10s (default)
2023-12-13 18:50:06,965 [s6-groupManagement] INFO  server.RaftServerConfigKeys (ConfUtils.java:logGet(46)) - raft.server.leaderelection.member.majority-add = false (default)
2023-12-13 18:50:06,965 [s6-groupManagement] INFO  server.RaftServerConfigKeys (ConfUtils.java:logGet(46)) - raft.server.sleep.deviation.threshold = 300ms (default)
2023-12-13 18:50:06,966 [s6-groupManagement] INFO  server.RaftServer$Division (ServerState.java:<init>(113)) - s6@group-745A5FBFB092: ConfigurationManager, init=-1: peers:[s6|0.0.0.0:41641]|listeners:[], old=null, confs=<EMPTY_MAP>
2023-12-13 18:50:06,966 [s6-groupManagement] INFO  server.RaftServerConfigKeys (ConfUtils.java:logGet(46)) - raft.server.notification.no-leader.timeout = 60s (default)
2023-12-13 18:50:06,966 [s6-groupManagement] INFO  server.RaftServerConfigKeys (ConfUtils.java:logGet(46)) - raft.server.read.timeout = 10s (default)
2023-12-13 18:50:06,966 [s6-groupManagement] INFO  server.RaftServerConfigKeys (ConfUtils.java:logGet(46)) - raft.server.retrycache.expirytime = 60s (default)
2023-12-13 18:50:06,966 [s6-groupManagement] INFO  server.RaftServerConfigKeys (ConfUtils.java:logGet(46)) - raft.server.retrycache.statistics.expirytime = 100ms (default)
2023-12-13 18:50:06,966 [s6-groupManagement] INFO  server.RaftServerConfigKeys (ConfUtils.java:logGet(46)) - raft.server.read.option = DEFAULT (default)
2023-12-13 18:50:06,966 [s6-groupManagement] INFO  server.RaftServerConfigKeys (ConfUtils.java:logGet(46)) - raft.server.read.read-after-write-consistent.write-index-cache.expiry-time = 60s (default)
2023-12-13 18:50:06,966 [s6-groupManagement] INFO  server.RaftServerConfigKeys (ConfUtils.java:logGet(46)) - raft.server.rpc.request.timeout = 3000ms (default)
2023-12-13 18:50:06,966 [s6-groupManagement] INFO  server.RaftServerConfigKeys (ConfUtils.java:logGet(46)) - raft.server.log.appender.install.snapshot.enabled = true (default)
2023-12-13 18:50:06,967 [s6-groupManagement] INFO  server.RaftServerConfigKeys (ConfUtils.java:logGet(46)) - raft.server.threadpool.server.cached = true (default)
2023-12-13 18:50:06,967 [s6-groupManagement] INFO  server.RaftServerConfigKeys (ConfUtils.java:logGet(46)) - raft.server.threadpool.server.size = 0 (default)
2023-12-13 18:50:06,967 [s6-groupManagement] INFO  server.RaftServerConfigKeys (ConfUtils.java:logGet(46)) - raft.server.threadpool.client.cached = true (default)
2023-12-13 18:50:06,967 [s6-groupManagement] INFO  server.RaftServerConfigKeys (ConfUtils.java:logGet(46)) - raft.server.threadpool.client.size = 0 (default)
2023-12-13 18:50:06,967 [s6-groupManagement] DEBUG server.RaftServer (RaftServerProxy.java:lambda$groupAddAsync$13(507)) - s6: newImpl =      null s6@group-745A5FBFB092:t0, leader=null, voted=null, raftlog=UNINITIALIZED, conf=-1: peers:[s6|0.0.0.0:41641]|listeners:[], old=null NEW
2023-12-13 18:50:06,967 [s6-groupManagement] INFO  server.RaftServerConfigKeys (ConfUtils.java:logGet(46)) - raft.server.storage.free-space.min = 0MB (=0) (default)
2023-12-13 18:50:06,967 [s6-groupManagement] INFO  server.RaftServerConfigKeys (ConfUtils.java:logGet(46)) - raft.server.log.corruption.policy = EXCEPTION (default)
2023-12-13 18:50:06,967 [s6-groupManagement] INFO  server.RaftServerConfigKeys (ConfUtils.java:logGet(46)) - raft.server.storage.dir = [/home/runner/work/ratis/ratis/ratis-test/target/test/data/b8de9602/MiniRaftClusterWithGrpce58ca676/s6] (custom)
2023-12-13 18:50:06,967 [s6-groupManagement] INFO  storage.RaftStorageDirectory (RaftStorageDirectoryImpl.java:analyzeStorage(138)) - The storage directory /home/runner/work/ratis/ratis/ratis-test/target/test/data/b8de9602/MiniRaftClusterWithGrpce58ca676/s6/05c3c9ad-d244-42da-9c29-745a5fbfb092 does not exist. Creating ...
2023-12-13 18:50:06,967 [s6-groupManagement] TRACE util.FileUtils (LogUtils.java:runAndLog(49)) - Successfully ran Files.createDirectories /home/runner/work/ratis/ratis/ratis-test/target/test/data/b8de9602/MiniRaftClusterWithGrpce58ca676/s6/05c3c9ad-d244-42da-9c29-745a5fbfb092
2023-12-13 18:50:06,968 [s6-groupManagement] INFO  storage.RaftStorageDirectory (RaftStorageDirectoryImpl.java:tryLock(228)) - Lock on /home/runner/work/ratis/ratis/ratis-test/target/test/data/b8de9602/MiniRaftClusterWithGrpce58ca676/s6/05c3c9ad-d244-42da-9c29-745a5fbfb092/in_use.lock acquired by nodename 24599@fv-az743-812
2023-12-13 18:50:06,968 [s6-groupManagement] TRACE util.FileUtils (LogUtils.java:runAndLog(49)) - Successfully ran Files.createDirectories /home/runner/work/ratis/ratis/ratis-test/target/test/data/b8de9602/MiniRaftClusterWithGrpce58ca676/s6/05c3c9ad-d244-42da-9c29-745a5fbfb092/current
2023-12-13 18:50:06,968 [s6-groupManagement] TRACE util.FileUtils (LogUtils.java:runAndLog(49)) - Successfully ran Files.createDirectories /home/runner/work/ratis/ratis/ratis-test/target/test/data/b8de9602/MiniRaftClusterWithGrpce58ca676/s6/05c3c9ad-d244-42da-9c29-745a5fbfb092/sm
2023-12-13 18:50:06,968 [s6-groupManagement] TRACE util.FileUtils (LogUtils.java:supplyAndLog(69)) - Successfully supplied FileChannel.open /home/runner/work/ratis/ratis/ratis-test/target/test/data/b8de9602/MiniRaftClusterWithGrpce58ca676/s6/05c3c9ad-d244-42da-9c29-745a5fbfb092/current/raft-meta.tmp with options [CREATE, WRITE]: sun.nio.ch.FileChannelImpl@5e8feb4a
2023-12-13 18:50:06,970 [s6-groupManagement] TRACE util.FileUtils (LogUtils.java:runAndLog(49)) - Successfully ran Atomic Files.move /home/runner/work/ratis/ratis/ratis-test/target/test/data/b8de9602/MiniRaftClusterWithGrpce58ca676/s6/05c3c9ad-d244-42da-9c29-745a5fbfb092/current/raft-meta.tmp to /home/runner/work/ratis/ratis/ratis-test/target/test/data/b8de9602/MiniRaftClusterWithGrpce58ca676/s6/05c3c9ad-d244-42da-9c29-745a5fbfb092/current/raft-meta with options [REPLACE_EXISTING]
2023-12-13 18:50:06,970 [s6-groupManagement] INFO  storage.RaftStorage (RaftStorageImpl.java:format(99)) - Storage directory /home/runner/work/ratis/ratis/ratis-test/target/test/data/b8de9602/MiniRaftClusterWithGrpce58ca676/s6/05c3c9ad-d244-42da-9c29-745a5fbfb092 has been successfully formatted.
2023-12-13 18:50:06,970 [s6-groupManagement] TRACE util.FileUtils (LogUtils.java:supplyAndLog(61)) - Failed to Files.newInputStream /home/runner/work/ratis/ratis/ratis-test/target/test/data/b8de9602/MiniRaftClusterWithGrpce58ca676/s6/05c3c9ad-d244-42da-9c29-745a5fbfb092/current/raft-meta.conf with options []
java.nio.file.NoSuchFileException: /home/runner/work/ratis/ratis/ratis-test/target/test/data/b8de9602/MiniRaftClusterWithGrpce58ca676/s6/05c3c9ad-d244-42da-9c29-745a5fbfb092/current/raft-meta.conf
	at java.base/sun.nio.fs.UnixException.translateToIOException(UnixException.java:92)
	at java.base/sun.nio.fs.UnixException.rethrowAsIOException(UnixException.java:111)
	at java.base/sun.nio.fs.UnixException.rethrowAsIOException(UnixException.java:116)
	at java.base/sun.nio.fs.UnixFileSystemProvider.newByteChannel(UnixFileSystemProvider.java:219)
	at java.base/java.nio.file.Files.newByteChannel(Files.java:371)
	at java.base/java.nio.file.Files.newByteChannel(Files.java:422)
	at java.base/java.nio.file.spi.FileSystemProvider.newInputStream(FileSystemProvider.java:420)
	at java.base/java.nio.file.Files.newInputStream(Files.java:156)
	at org.apache.ratis.util.FileUtils.lambda$newInputStream$2(FileUtils.java:73)
	at org.apache.ratis.util.LogUtils.supplyAndLog(LogUtils.java:58)
	at org.apache.ratis.util.FileUtils.newInputStream(FileUtils.java:72)
	at org.apache.ratis.util.FileUtils.newInputStream(FileUtils.java:68)
	at org.apache.ratis.server.storage.RaftStorageImpl.readRaftConfiguration(RaftStorageImpl.java:156)
	at org.apache.ratis.server.impl.ServerState.initialize(ServerState.java:141)
	at org.apache.ratis.server.impl.RaftServerImpl.start(RaftServerImpl.java:388)
	at org.apache.ratis.server.impl.RaftServerProxy.lambda$groupAddAsync$13(RaftServerProxy.java:509)
	at java.base/java.util.concurrent.CompletableFuture$UniApply.tryFire(CompletableFuture.java:642)
	at java.base/java.util.concurrent.CompletableFuture$Completion.run(CompletableFuture.java:478)
	at java.base/java.util.concurrent.ThreadPoolExecutor.runWorker(ThreadPoolExecutor.java:1128)
	at java.base/java.util.concurrent.ThreadPoolExecutor$Worker.run(ThreadPoolExecutor.java:628)
	at java.base/java.lang.Thread.run(Thread.java:829)
2023-12-13 18:50:06,970 [s6-groupManagement] INFO  server.RaftServerConfigKeys (ConfUtils.java:logGet(46)) - raft.server.log.use.memory = false (default)
2023-12-13 18:50:06,971 [s6-groupManagement] INFO  server.RaftServerConfigKeys (ConfUtils.java:logGet(46)) - raft.server.log.purge.gap = 1024 (default)
2023-12-13 18:50:06,971 [s6-groupManagement] INFO  server.RaftServerConfigKeys (ConfUtils.java:logGet(46)) - raft.server.log.appender.buffer.byte-limit = 4MB (=4194304) (default)
2023-12-13 18:50:06,971 [s6-groupManagement] INFO  server.RaftServerConfigKeys (ConfUtils.java:logGet(46)) - raft.server.log.statemachine.data.read.timeout = 1000ms (default)
2023-12-13 18:50:06,971 [s6-groupManagement] INFO  server.RaftServerConfigKeys (ConfUtils.java:logGet(46)) - raft.server.log.purge.preservation.log.num = 0 (default)
2023-12-13 18:50:06,971 [s6-groupManagement] INFO  server.RaftServerConfigKeys (ConfUtils.java:logGet(46)) - raft.server.log.segment.size.max = 32MB (=33554432) (default)
2023-12-13 18:50:06,971 [s6-groupManagement] INFO  server.RaftServerConfigKeys (ConfUtils.java:logGet(46)) - raft.server.log.segment.cache.num.max = 6 (default)
2023-12-13 18:50:06,971 [s6-groupManagement] INFO  server.RaftServerConfigKeys (ConfUtils.java:logGet(46)) - raft.server.log.segment.cache.size.max = 200MB (=209715200) (default)
2023-12-13 18:50:06,971 [s6-groupManagement] INFO  server.RaftServerConfigKeys (ConfUtils.java:logGet(46)) - raft.server.log.appender.buffer.byte-limit = 4MB (=4194304) (default)
2023-12-13 18:50:06,971 [s6-groupManagement] INFO  util.AwaitToRun (AwaitToRun.java:start(81)) - Thread[s6@group-745A5FBFB092-cacheEviction-AwaitToRun,5,main] started
2023-12-13 18:50:06,971 [s6-groupManagement] INFO  segmented.SegmentedRaftLogWorker (SegmentedRaftLogWorker.java:<init>(182)) - new s6@group-745A5FBFB092-SegmentedRaftLogWorker for RaftStorageImpl:Storage Directory /home/runner/work/ratis/ratis/ratis-test/target/test/data/b8de9602/MiniRaftClusterWithGrpce58ca676/s6/05c3c9ad-d244-42da-9c29-745a5fbfb092
2023-12-13 18:50:06,971 [s6-groupManagement] INFO  server.RaftServerConfigKeys (ConfUtils.java:logGet(46)) - raft.server.log.queue.byte-limit = 64MB (=67108864) (default)
2023-12-13 18:50:06,971 [s6-groupManagement] INFO  server.RaftServerConfigKeys (ConfUtils.java:logGet(46)) - raft.server.log.queue.element-limit = 4096 (default)
2023-12-13 18:50:06,971 [s6-groupManagement] INFO  server.RaftServerConfigKeys (ConfUtils.java:logGet(46)) - raft.server.log.segment.size.max = 32MB (=33554432) (default)
2023-12-13 18:50:06,971 [s6-groupManagement] INFO  server.RaftServerConfigKeys (ConfUtils.java:logGet(46)) - raft.server.log.preallocated.size = 4MB (=4194304) (default)
2023-12-13 18:50:06,971 [s6-groupManagement] INFO  server.RaftServerConfigKeys (ConfUtils.java:logGet(46)) - raft.server.log.force.sync.num = 128 (default)
2023-12-13 18:50:06,971 [s6-groupManagement] INFO  server.RaftServerConfigKeys (ConfUtils.java:logGet(46)) - raft.server.log.statemachine.data.sync = true (default)
2023-12-13 18:50:06,971 [s6-groupManagement] INFO  server.RaftServerConfigKeys (ConfUtils.java:logGet(46)) - raft.server.log.statemachine.data.sync.timeout = 10s (default)
2023-12-13 18:50:06,971 [s6-groupManagement] INFO  server.RaftServerConfigKeys (ConfUtils.java:logGet(46)) - raft.server.log.statemachine.data.sync.timeout.retry = -1 (default)
2023-12-13 18:50:06,971 [s6-groupManagement] INFO  server.RaftServerConfigKeys (ConfUtils.java:logGet(46)) - raft.server.log.write.buffer.size = 8MB (=8388608) (default)
2023-12-13 18:50:06,973 [s6-groupManagement] INFO  server.RaftServerConfigKeys (ConfUtils.java:logGet(46)) - raft.server.log.appender.buffer.byte-limit = 4MB (=4194304) (default)
2023-12-13 18:50:06,973 [s6-groupManagement] INFO  server.RaftServerConfigKeys (ConfUtils.java:logGet(46)) - raft.server.log.unsafe-flush.enabled = false (default)
2023-12-13 18:50:06,973 [s6-groupManagement] INFO  server.RaftServerConfigKeys (ConfUtils.java:logGet(46)) - raft.server.log.async-flush.enabled = false (default)
2023-12-13 18:50:06,973 [s6-groupManagement] INFO  server.RaftServerConfigKeys (ConfUtils.java:logGet(46)) - raft.server.log.statemachine.data.caching.enabled = false (default)
2023-12-13 18:50:06,973 [s6-groupManagement] INFO  segmented.SegmentedRaftLogWorker (SegmentedRaftLogWorker.java:lambda$new$0(134)) - s6@group-745A5FBFB092-SegmentedRaftLogWorker: flushIndex: setUnconditionally 0 -> -1
2023-12-13 18:50:06,973 [s6-groupManagement] INFO  segmented.SegmentedRaftLogWorker (SegmentedRaftLogWorker.java:lambda$new$0(134)) - s6@group-745A5FBFB092-SegmentedRaftLogWorker: safeCacheEvictIndex: setUnconditionally 0 -> -1
2023-12-13 18:50:06,973 [s6-groupManagement] INFO  server.RaftServer$Division (RaftServerImpl.java:start(392)) - s6@group-745A5FBFB092: start as a follower, conf=-1: peers:[s6|0.0.0.0:41641]|listeners:[], old=null
2023-12-13 18:50:06,973 [s6-groupManagement] INFO  server.RaftServer$Division (RaftServerImpl.java:setRole(379)) - s6@group-745A5FBFB092: changes role from      null to FOLLOWER at term 0 for startAsFollower
2023-12-13 18:50:06,973 [s6-groupManagement] INFO  impl.RoleInfo (RoleInfo.java:updateAndGet(139)) - s6: start s6@group-745A5FBFB092-FollowerState
2023-12-13 18:50:06,973 [s6@group-745A5FBFB092-FollowerState] INFO  server.RaftServerConfigKeys (ConfUtils.java:logFallback(53)) - raft.server.rpc.first-election.timeout.min = 1500ms (fallback to raft.server.rpc.timeout.min)
2023-12-13 18:50:06,973 [s6-groupManagement] INFO  util.JmxRegister (JmxRegister.java:tryRegister(44)) - Successfully registered JMX Bean with object name Ratis:service=RaftServer,group=group-745A5FBFB092,id=s6
2023-12-13 18:50:06,973 [s6@group-745A5FBFB092-FollowerState] INFO  server.RaftServerConfigKeys (ConfUtils.java:logFallback(53)) - raft.server.rpc.first-election.timeout.max = 2000ms (fallback to raft.server.rpc.timeout.max)
2023-12-13 18:50:06,973 [s6-groupManagement] INFO  server.RaftServerConfigKeys (ConfUtils.java:logGet(46)) - raft.server.snapshot.trigger-when-stop.enabled = true (default)
2023-12-13 18:50:06,973 [s6-groupManagement] INFO  server.RaftServerConfigKeys (ConfUtils.java:logGet(46)) - raft.server.snapshot.auto.trigger.enabled = false (default)
2023-12-13 18:50:06,973 [s6-groupManagement] INFO  server.RaftServerConfigKeys (ConfUtils.java:logGet(46)) - raft.server.snapshot.retention.file.num = -1 (default)
2023-12-13 18:50:06,973 [s6-groupManagement] INFO  server.RaftServerConfigKeys (ConfUtils.java:logGet(46)) - raft.server.log.purge.upto.snapshot.index = false (default)
2023-12-13 18:50:06,979 [Time-limited test] INFO  server.RaftServerConfigKeys (ConfUtils.java:logGet(46)) - raft.server.rpc.timeout.max = 2000ms (custom)
2023-12-13 18:50:06,979 [Time-limited test] INFO  ratis.RaftTestUtil (RaftTestUtil.java:waitForLeader(100)) - printing group-745A5FBFB092
  s6:  RUNNING [
   FOLLOWER s6@group-E92128DFC347:t0, leader=null, voted=, raftlog=Memoized:s6@group-E92128DFC347-SegmentedRaftLog:OPENED:c-1, conf=-1: peers:[]|listeners:[], old=null STARTING
   FOLLOWER s6@group-745A5FBFB092:t0, leader=null, voted=, raftlog=Memoized:s6@group-745A5FBFB092-SegmentedRaftLog:OPENED:c-1, conf=-1: peers:[s6|0.0.0.0:41641]|listeners:[], old=null RUNNING] size=2
2023-12-13 18:50:06,979 [Time-limited test] WARN  ratis.RaftTestUtil (RaftTestUtil.java:lambda$waitForLeader$3(119)) - Attempt #1 failed: java.lang.IllegalStateException: No leader yet  for group-745A5FBFB092: printing group-745A5FBFB092
  s6:  RUNNING [
   FOLLOWER s6@group-E92128DFC347:t0, leader=null, voted=, raftlog=Memoized:s6@group-E92128DFC347-SegmentedRaftLog:OPENED:c-1, conf=-1: peers:[]|listeners:[], old=null STARTING
   FOLLOWER s6@group-745A5FBFB092:t0, leader=null, voted=, raftlog=Memoized:s6@group-745A5FBFB092-SegmentedRaftLog:OPENED:c-1, conf=-1: peers:[s6|0.0.0.0:41641]|listeners:[], old=null RUNNING] size=2
2023-12-13 18:50:08,694 [s6@group-745A5FBFB092-FollowerState] INFO  impl.FollowerState (FollowerState.java:run(143)) - s6@group-745A5FBFB092-FollowerState: change to CANDIDATE, lastRpcElapsedTime:1721360010ns, electionTimeout:1721ms
2023-12-13 18:50:08,695 [s6@group-745A5FBFB092-FollowerState] INFO  impl.RoleInfo (RoleInfo.java:shutdownFollowerState(110)) - s6: shutdown s6@group-745A5FBFB092-FollowerState
2023-12-13 18:50:08,695 [s6@group-745A5FBFB092-FollowerState] INFO  server.RaftServer$Division (RaftServerImpl.java:setRole(379)) - s6@group-745A5FBFB092: changes role from  FOLLOWER to CANDIDATE at term 0 for changeToCandidate
2023-12-13 18:50:08,695 [s6@group-745A5FBFB092-FollowerState] INFO  server.RaftServerConfigKeys (ConfUtils.java:logGet(46)) - raft.server.leaderelection.pre-vote = true (default)
2023-12-13 18:50:08,695 [s6@group-745A5FBFB092-FollowerState] INFO  impl.RoleInfo (RoleInfo.java:updateAndGet(139)) - s6: start s6@group-745A5FBFB092-LeaderElection5
2023-12-13 18:50:08,695 [s6@group-745A5FBFB092-LeaderElection5] INFO  impl.LeaderElection (LeaderElection.java:askForVotes(321)) - s6@group-745A5FBFB092-LeaderElection5 PRE_VOTE round 0: submit vote requests at term 0 for -1: peers:[s6|0.0.0.0:41641]|listeners:[], old=null
2023-12-13 18:50:08,695 [s6@group-745A5FBFB092-LeaderElection5] INFO  impl.LeaderElection (LeaderElection.java:askForVotes(323)) - s6@group-745A5FBFB092-LeaderElection5 PRE_VOTE round 0: result PASSED (term=0)
2023-12-13 18:50:08,696 [s6@group-745A5FBFB092-LeaderElection5] TRACE util.FileUtils (LogUtils.java:supplyAndLog(69)) - Successfully supplied FileChannel.open /home/runner/work/ratis/ratis/ratis-test/target/test/data/b8de9602/MiniRaftClusterWithGrpce58ca676/s6/05c3c9ad-d244-42da-9c29-745a5fbfb092/current/raft-meta.tmp with options [CREATE, WRITE]: sun.nio.ch.FileChannelImpl@4b33f02d
2023-12-13 18:50:08,697 [s6@group-745A5FBFB092-LeaderElection5] TRACE util.FileUtils (LogUtils.java:runAndLog(49)) - Successfully ran Atomic Files.move /home/runner/work/ratis/ratis/ratis-test/target/test/data/b8de9602/MiniRaftClusterWithGrpce58ca676/s6/05c3c9ad-d244-42da-9c29-745a5fbfb092/current/raft-meta.tmp to /home/runner/work/ratis/ratis/ratis-test/target/test/data/b8de9602/MiniRaftClusterWithGrpce58ca676/s6/05c3c9ad-d244-42da-9c29-745a5fbfb092/current/raft-meta with options [REPLACE_EXISTING]
2023-12-13 18:50:08,697 [s6@group-745A5FBFB092-LeaderElection5] INFO  impl.LeaderElection (LeaderElection.java:askForVotes(321)) - s6@group-745A5FBFB092-LeaderElection5 ELECTION round 0: submit vote requests at term 1 for -1: peers:[s6|0.0.0.0:41641]|listeners:[], old=null
2023-12-13 18:50:08,697 [s6@group-745A5FBFB092-LeaderElection5] INFO  impl.LeaderElection (LeaderElection.java:askForVotes(323)) - s6@group-745A5FBFB092-LeaderElection5 ELECTION round 0: result PASSED (term=1)
2023-12-13 18:50:08,697 [s6@group-745A5FBFB092-LeaderElection5] INFO  impl.RoleInfo (RoleInfo.java:shutdownLeaderElection(130)) - s6: shutdown s6@group-745A5FBFB092-LeaderElection5
2023-12-13 18:50:08,697 [s6@group-745A5FBFB092-LeaderElection5] INFO  server.RaftServer$Division (RaftServerImpl.java:setRole(379)) - s6@group-745A5FBFB092: changes role from CANDIDATE to LEADER at term 1 for changeToLeader
2023-12-13 18:50:08,697 [s6@group-745A5FBFB092-LeaderElection5] INFO  server.RaftServerConfigKeys (ConfUtils.java:logGet(46)) - raft.server.staging.catchup.gap = 1000 (default)
2023-12-13 18:50:08,697 [s6@group-745A5FBFB092-LeaderElection5] INFO  server.RaftServerConfigKeys (ConfUtils.java:logGet(46)) - raft.server.write.element-limit = 4096 (default)
2023-12-13 18:50:08,697 [s6@group-745A5FBFB092-LeaderElection5] INFO  server.RaftServerConfigKeys (ConfUtils.java:logGet(46)) - raft.server.write.byte-limit = 64MB (=67108864) (default)
2023-12-13 18:50:08,697 [s6@group-745A5FBFB092-LeaderElection5] INFO  server.RaftServerConfigKeys (ConfUtils.java:logGet(46)) - raft.server.watch.timeout = 10s (default)
2023-12-13 18:50:08,697 [s6@group-745A5FBFB092-LeaderElection5] INFO  server.RaftServerConfigKeys (ConfUtils.java:logGet(46)) - raft.server.watch.timeout.denomination = 1s (default)
2023-12-13 18:50:08,697 [s6@group-745A5FBFB092-LeaderElection5] INFO  server.RaftServerConfigKeys (ConfUtils.java:logGet(46)) - raft.server.watch.element-limit = 65536 (default)
2023-12-13 18:50:08,697 [s6@group-745A5FBFB092-LeaderElection5] INFO  server.RaftServerConfigKeys (ConfUtils.java:logGet(46)) - raft.server.read.leader.lease.enabled = false (default)
2023-12-13 18:50:08,697 [s6@group-745A5FBFB092-LeaderElection5] INFO  server.RaftServerConfigKeys (ConfUtils.java:logGet(46)) - raft.server.read.leader.lease.timeout.ratio = 0.9 (default)
2023-12-13 18:50:08,698 [s6@group-745A5FBFB092-LeaderElection5] INFO  server.RaftServerConfigKeys (ConfUtils.java:logGet(46)) - raft.server.rpc.timeout.min = 1500ms (custom)
2023-12-13 18:50:08,698 [s6@group-745A5FBFB092-LeaderElection5] INFO  server.RaftServerConfigKeys (ConfUtils.java:logGet(46)) - raft.server.write.element-limit = 4096 (default)
2023-12-13 18:50:08,698 [s6@group-745A5FBFB092-LeaderElection5] INFO  server.RaftServerConfigKeys (ConfUtils.java:logGet(46)) - raft.server.write.follower.gap.ratio.max = -1.0 (default)
2023-12-13 18:50:08,698 [s6@group-745A5FBFB092-LeaderElection5] INFO  impl.RoleInfo (RoleInfo.java:updateAndGet(139)) - s6: start s6@group-745A5FBFB092-LeaderStateImpl
2023-12-13 18:50:08,698 [s6@group-745A5FBFB092-LeaderElection5] INFO  server.RaftServer$Division (RaftServerImpl.java:setFirstElection(564)) - s6@group-745A5FBFB092: set firstElectionSinceStartup to false for becomeLeader
2023-12-13 18:50:08,698 [s6@group-745A5FBFB092-LeaderElection5] INFO  server.RaftServer$Division (ServerState.java:setLeader(265)) - s6@group-745A5FBFB092: change Leader from null to s6 at term 1 for becomeLeader, leader elected after 1732ms
2023-12-13 18:50:08,698 [s6@group-745A5FBFB092-LeaderElection5] INFO  segmented.SegmentedRaftLogWorker (SegmentedRaftLogWorker.java:startLogSegment(430)) - s6@group-745A5FBFB092-SegmentedRaftLogWorker: Starting segment from index:0
2023-12-13 18:50:08,698 [s6@group-745A5FBFB092-LeaderElection5] INFO  server.RaftServer$Division (ServerState.java:setRaftConf(382)) - s6@group-745A5FBFB092: set configuration 0: peers:[s6|0.0.0.0:41641]|listeners:[], old=null
2023-12-13 18:50:08,698 [s6@group-745A5FBFB092-SegmentedRaftLogWorker] INFO  segmented.BufferedWriteChannel (BufferedWriteChannel.java:open(62)) - open log_inprogress_0 at position 0
2023-12-13 18:50:08,705 [s6@group-745A5FBFB092-SegmentedRaftLogWorker] INFO  segmented.SegmentedRaftLogWorker (SegmentedRaftLogWorker.java:execute(634)) - s6@group-745A5FBFB092-SegmentedRaftLogWorker: created new log segment /home/runner/work/ratis/ratis/ratis-test/target/test/data/b8de9602/MiniRaftClusterWithGrpce58ca676/s6/05c3c9ad-d244-42da-9c29-745a5fbfb092/current/log_inprogress_0
2023-12-13 18:50:08,705 [s6@group-745A5FBFB092-StateMachineUpdater] TRACE util.FileUtils (LogUtils.java:supplyAndLog(69)) - Successfully supplied FileChannel.open /home/runner/work/ratis/ratis/ratis-test/target/test/data/b8de9602/MiniRaftClusterWithGrpce58ca676/s6/05c3c9ad-d244-42da-9c29-745a5fbfb092/current/raft-meta.conf.tmp with options [CREATE, WRITE]: sun.nio.ch.FileChannelImpl@66b25900
2023-12-13 18:50:08,706 [s6@group-745A5FBFB092-StateMachineUpdater] TRACE util.FileUtils (LogUtils.java:runAndLog(49)) - Successfully ran Atomic Files.move /home/runner/work/ratis/ratis/ratis-test/target/test/data/b8de9602/MiniRaftClusterWithGrpce58ca676/s6/05c3c9ad-d244-42da-9c29-745a5fbfb092/current/raft-meta.conf.tmp to /home/runner/work/ratis/ratis/ratis-test/target/test/data/b8de9602/MiniRaftClusterWithGrpce58ca676/s6/05c3c9ad-d244-42da-9c29-745a5fbfb092/current/raft-meta.conf with options [REPLACE_EXISTING]
2023-12-13 18:50:08,706 [s6@group-745A5FBFB092-StateMachineUpdater] INFO  server.RaftServer$Division (LeaderStateImpl.java:isApplied(320)) - leader is ready since appliedIndex == 0 >= startIndex == 0
2023-12-13 18:50:09,840 [Timer-3] INFO  impl.MiniRaftCluster (MiniRaftCluster.java:lambda$start$6(349)) - TIMED-PRINT: printing ALL groups
  s3:  RUNNING [
   FOLLOWER s3@group-C3E5D6DFBC38:t1, leader=s1, voted=s1, raftlog=Memoized:s3@group-C3E5D6DFBC38-SegmentedRaftLog:OPENED:c0, conf=0: peers:[s3|0.0.0.0:43047, s4|0.0.0.0:36395, s5|0.0.0.0:40741, s1|0.0.0.0:37953, s2|0.0.0.0:44821]|listeners:[], old=null RUNNING
   FOLLOWER s3@group-E92128DFC347:t0, leader=null, voted=, raftlog=Memoized:s3@group-E92128DFC347-SegmentedRaftLog:OPENED:c-1, conf=-1: peers:[]|listeners:[], old=null STARTING] size=2
  s4:  RUNNING [
   FOLLOWER s4@group-C3E5D6DFBC38:t1, leader=s1, voted=s1, raftlog=Memoized:s4@group-C3E5D6DFBC38-SegmentedRaftLog:OPENED:c0, conf=0: peers:[s3|0.0.0.0:43047, s4|0.0.0.0:36395, s5|0.0.0.0:40741, s1|0.0.0.0:37953, s2|0.0.0.0:44821]|listeners:[], old=null RUNNING
   FOLLOWER s4@group-E92128DFC347:t0, leader=null, voted=, raftlog=Memoized:s4@group-E92128DFC347-SegmentedRaftLog:OPENED:c-1, conf=-1: peers:[]|listeners:[], old=null STARTING] size=2
  s5:  RUNNING [
   FOLLOWER s5@group-C3E5D6DFBC38:t1, leader=s1, voted=s1, raftlog=Memoized:s5@group-C3E5D6DFBC38-SegmentedRaftLog:OPENED:c0, conf=0: peers:[s3|0.0.0.0:43047, s4|0.0.0.0:36395, s5|0.0.0.0:40741, s1|0.0.0.0:37953, s2|0.0.0.0:44821]|listeners:[], old=null RUNNING
   FOLLOWER s5@group-E92128DFC347:t0, leader=null, voted=, raftlog=Memoized:s5@group-E92128DFC347-SegmentedRaftLog:OPENED:c-1, conf=-1: peers:[]|listeners:[], old=null STARTING] size=2
  s6:  RUNNING [
   FOLLOWER s6@group-E92128DFC347:t0, leader=null, voted=, raftlog=Memoized:s6@group-E92128DFC347-SegmentedRaftLog:OPENED:c-1, conf=-1: peers:[]|listeners:[], old=null STARTING
     LEADER s6@group-745A5FBFB092:t1, leader=s6, voted=s6, raftlog=Memoized:s6@group-745A5FBFB092-SegmentedRaftLog:OPENED:c0, conf=0: peers:[s6|0.0.0.0:41641]|listeners:[], old=null RUNNING] size=2
  s0:  RUNNING [
     LEADER s0@group-B09C534A0420:t1, leader=s0, voted=s0, raftlog=Memoized:s0@group-B09C534A0420-SegmentedRaftLog:OPENED:c0, conf=0: peers:[s0|0.0.0.0:40531]|listeners:[], old=null RUNNING
   FOLLOWER s0@group-E92128DFC347:t0, leader=null, voted=, raftlog=Memoized:s0@group-E92128DFC347-SegmentedRaftLog:OPENED:c-1, conf=-1: peers:[]|listeners:[], old=null STARTING] size=2
  s1:  RUNNING [
     LEADER s1@group-C3E5D6DFBC38:t1, leader=s1, voted=s1, raftlog=Memoized:s1@group-C3E5D6DFBC38-SegmentedRaftLog:OPENED:c0, conf=0: peers:[s3|0.0.0.0:43047, s4|0.0.0.0:36395, s5|0.0.0.0:40741, s1|0.0.0.0:37953, s2|0.0.0.0:44821]|listeners:[], old=null RUNNING
   FOLLOWER s1@group-E92128DFC347:t0, leader=null, voted=, raftlog=Memoized:s1@group-E92128DFC347-SegmentedRaftLog:OPENED:c-1, conf=-1: peers:[]|listeners:[], old=null STARTING] size=2
  s2:  RUNNING [
   FOLLOWER s2@group-C3E5D6DFBC38:t1, leader=s1, voted=s1, raftlog=Memoized:s2@group-C3E5D6DFBC38-SegmentedRaftLog:OPENED:c0, conf=0: peers:[s3|0.0.0.0:43047, s4|0.0.0.0:36395, s5|0.0.0.0:40741, s1|0.0.0.0:37953, s2|0.0.0.0:44821]|listeners:[], old=null RUNNING
   FOLLOWER s2@group-E92128DFC347:t0, leader=null, voted=, raftlog=Memoized:s2@group-E92128DFC347-SegmentedRaftLog:OPENED:c-1, conf=-1: peers:[]|listeners:[], old=null STARTING] size=2
2023-12-13 18:50:09,980 [Time-limited test] INFO  ratis.RaftTestUtil (RaftTestUtil.java:waitForLeader(124)) - printing group-745A5FBFB092
  s6:  RUNNING [
   FOLLOWER s6@group-E92128DFC347:t0, leader=null, voted=, raftlog=Memoized:s6@group-E92128DFC347-SegmentedRaftLog:OPENED:c-1, conf=-1: peers:[]|listeners:[], old=null STARTING
     LEADER s6@group-745A5FBFB092:t1, leader=s6, voted=s6, raftlog=Memoized:s6@group-745A5FBFB092-SegmentedRaftLog:OPENED:c0, conf=0: peers:[s6|0.0.0.0:41641]|listeners:[], old=null RUNNING] size=2
| MiniRaftClusterWithGrpc[1, 6, 7]chosen=1 | start groups | 144 |
2023-12-13 18:50:09,980 [Time-limited test] INFO  impl.GroupManagementBaseTest (GroupManagementBaseTest.java:runMultiGroupTest(291)) - start groups: printing ALL groups
  s3:  RUNNING [
   FOLLOWER s3@group-C3E5D6DFBC38:t1, leader=s1, voted=s1, raftlog=Memoized:s3@group-C3E5D6DFBC38-SegmentedRaftLog:OPENED:c0, conf=0: peers:[s3|0.0.0.0:43047, s4|0.0.0.0:36395, s5|0.0.0.0:40741, s1|0.0.0.0:37953, s2|0.0.0.0:44821]|listeners:[], old=null RUNNING
   FOLLOWER s3@group-E92128DFC347:t0, leader=null, voted=, raftlog=Memoized:s3@group-E92128DFC347-SegmentedRaftLog:OPENED:c-1, conf=-1: peers:[]|listeners:[], old=null STARTING] size=2
  s4:  RUNNING [
   FOLLOWER s4@group-C3E5D6DFBC38:t1, leader=s1, voted=s1, raftlog=Memoized:s4@group-C3E5D6DFBC38-SegmentedRaftLog:OPENED:c0, conf=0: peers:[s3|0.0.0.0:43047, s4|0.0.0.0:36395, s5|0.0.0.0:40741, s1|0.0.0.0:37953, s2|0.0.0.0:44821]|listeners:[], old=null RUNNING
   FOLLOWER s4@group-E92128DFC347:t0, leader=null, voted=, raftlog=Memoized:s4@group-E92128DFC347-SegmentedRaftLog:OPENED:c-1, conf=-1: peers:[]|listeners:[], old=null STARTING] size=2
  s5:  RUNNING [
   FOLLOWER s5@group-C3E5D6DFBC38:t1, leader=s1, voted=s1, raftlog=Memoized:s5@group-C3E5D6DFBC38-SegmentedRaftLog:OPENED:c0, conf=0: peers:[s3|0.0.0.0:43047, s4|0.0.0.0:36395, s5|0.0.0.0:40741, s1|0.0.0.0:37953, s2|0.0.0.0:44821]|listeners:[], old=null RUNNING
   FOLLOWER s5@group-E92128DFC347:t0, leader=null, voted=, raftlog=Memoized:s5@group-E92128DFC347-SegmentedRaftLog:OPENED:c-1, conf=-1: peers:[]|listeners:[], old=null STARTING] size=2
  s6:  RUNNING [
   FOLLOWER s6@group-E92128DFC347:t0, leader=null, voted=, raftlog=Memoized:s6@group-E92128DFC347-SegmentedRaftLog:OPENED:c-1, conf=-1: peers:[]|listeners:[], old=null STARTING
     LEADER s6@group-745A5FBFB092:t1, leader=s6, voted=s6, raftlog=Memoized:s6@group-745A5FBFB092-SegmentedRaftLog:OPENED:c0, conf=0: peers:[s6|0.0.0.0:41641]|listeners:[], old=null RUNNING] size=2
  s0:  RUNNING [
     LEADER s0@group-B09C534A0420:t1, leader=s0, voted=s0, raftlog=Memoized:s0@group-B09C534A0420-SegmentedRaftLog:OPENED:c0, conf=0: peers:[s0|0.0.0.0:40531]|listeners:[], old=null RUNNING
   FOLLOWER s0@group-E92128DFC347:t0, leader=null, voted=, raftlog=Memoized:s0@group-E92128DFC347-SegmentedRaftLog:OPENED:c-1, conf=-1: peers:[]|listeners:[], old=null STARTING] size=2
  s1:  RUNNING [
     LEADER s1@group-C3E5D6DFBC38:t1, leader=s1, voted=s1, raftlog=Memoized:s1@group-C3E5D6DFBC38-SegmentedRaftLog:OPENED:c0, conf=0: peers:[s3|0.0.0.0:43047, s4|0.0.0.0:36395, s5|0.0.0.0:40741, s1|0.0.0.0:37953, s2|0.0.0.0:44821]|listeners:[], old=null RUNNING
   FOLLOWER s1@group-E92128DFC347:t0, leader=null, voted=, raftlog=Memoized:s1@group-E92128DFC347-SegmentedRaftLog:OPENED:c-1, conf=-1: peers:[]|listeners:[], old=null STARTING] size=2
  s2:  RUNNING [
   FOLLOWER s2@group-C3E5D6DFBC38:t1, leader=s1, voted=s1, raftlog=Memoized:s2@group-C3E5D6DFBC38-SegmentedRaftLog:OPENED:c0, conf=0: peers:[s3|0.0.0.0:43047, s4|0.0.0.0:36395, s5|0.0.0.0:40741, s1|0.0.0.0:37953, s2|0.0.0.0:44821]|listeners:[], old=null RUNNING
   FOLLOWER s2@group-E92128DFC347:t0, leader=null, voted=, raftlog=Memoized:s2@group-E92128DFC347-SegmentedRaftLog:OPENED:c-1, conf=-1: peers:[]|listeners:[], old=null STARTING] size=2
2023-12-13 18:50:09,980 [Time-limited test] INFO  impl.GroupManagementBaseTest (GroupManagementBaseTest.java:runMultiGroupTest(294)) - chosen = 1, group-C3E5D6DFBC38:[s3|0.0.0.0:43047, s4|0.0.0.0:36395, s5|0.0.0.0:40741, s1|0.0.0.0:37953, s2|0.0.0.0:44821]
2023-12-13 18:50:09,980 [Time-limited test] INFO  impl.GroupManagementBaseTest (GroupManagementBaseTest.java:runMultiGroupTest(299)) - 0) close printing group-B09C534A0420
  s0:  RUNNING [
     LEADER s0@group-B09C534A0420:t1, leader=s0, voted=s0, raftlog=Memoized:s0@group-B09C534A0420-SegmentedRaftLog:OPENED:c0, conf=0: peers:[s0|0.0.0.0:40531]|listeners:[], old=null RUNNING
   FOLLOWER s0@group-E92128DFC347:t0, leader=null, voted=, raftlog=Memoized:s0@group-E92128DFC347-SegmentedRaftLog:OPENED:c-1, conf=-1: peers:[]|listeners:[], old=null STARTING] size=2
2023-12-13 18:50:09,981 [Time-limited test] DEBUG client.RaftClient (ConfUtils.java:logGet(46)) - raft.rpc.type = GRPC (default)
2023-12-13 18:50:09,984 [grpc-default-executor-8] INFO  server.RaftServer (RaftServerProxy.java:remove(111)) - s0: remove    LEADER s0@group-B09C534A0420:t1, leader=s0, voted=s0, raftlog=Memoized:s0@group-B09C534A0420-SegmentedRaftLog:OPENED:c0, conf=0: peers:[s0|0.0.0.0:40531]|listeners:[], old=null RUNNING
2023-12-13 18:50:09,984 [grpc-default-executor-8] INFO  server.RaftServer$Division (RaftServerImpl.java:lambda$close$3(516)) - s0@group-B09C534A0420: shutdown
2023-12-13 18:50:09,984 [grpc-default-executor-8] INFO  util.JmxRegister (JmxRegister.java:unregister(73)) - Successfully un-registered JMX Bean with object name Ratis:service=RaftServer,group=group-B09C534A0420,id=s0
2023-12-13 18:50:09,984 [grpc-default-executor-8] INFO  impl.RoleInfo (RoleInfo.java:shutdownLeaderState(94)) - s0: shutdown s0@group-B09C534A0420-LeaderStateImpl
2023-12-13 18:50:09,985 [grpc-default-executor-8] INFO  impl.PendingRequests (PendingRequests.java:sendNotLeaderResponses(289)) - s0@group-B09C534A0420-PendingRequests: sendNotLeaderResponses
2023-12-13 18:50:09,985 [grpc-default-executor-8] INFO  impl.StateMachineUpdater (StateMachineUpdater.java:stopAndJoin(157)) - s0@group-B09C534A0420-StateMachineUpdater: set stopIndex = 0
2023-12-13 18:50:09,985 [grpc-default-executor-8] INFO  server.RaftServer$Division (ServerState.java:close(423)) - s0@group-B09C534A0420: applyIndex: 0
2023-12-13 18:50:09,985 [s0@group-B09C534A0420-cacheEviction-AwaitToRun] INFO  util.AwaitToRun (AwaitToRun.java:run(49)) - s0@group-B09C534A0420-cacheEviction-AwaitToRun-AwaitForSignal is interrupted
2023-12-13 18:50:10,628 [grpc-default-executor-8] INFO  segmented.SegmentedRaftLogWorker (SegmentedRaftLogWorker.java:close(245)) - s0@group-B09C534A0420-SegmentedRaftLogWorker close()
2023-12-13 18:50:10,629 [grpc-default-executor-8] TRACE util.FileUtils (FileUtils.java:deleteFully(305)) - deleteFully /home/runner/work/ratis/ratis/ratis-test/target/test/data/b8de9602/MiniRaftClusterWithGrpce58ca676/s0/f9319d0c-2eb3-4aae-b852-b09c534a0420
2023-12-13 18:50:10,629 [grpc-default-executor-8] TRACE util.FileUtils (LogUtils.java:runAndLog(49)) - Successfully ran Files.delete /home/runner/work/ratis/ratis/ratis-test/target/test/data/b8de9602/MiniRaftClusterWithGrpce58ca676/s0/f9319d0c-2eb3-4aae-b852-b09c534a0420/in_use.lock
2023-12-13 18:50:10,629 [grpc-default-executor-8] TRACE util.FileUtils (LogUtils.java:runAndLog(49)) - Successfully ran Files.delete /home/runner/work/ratis/ratis/ratis-test/target/test/data/b8de9602/MiniRaftClusterWithGrpce58ca676/s0/f9319d0c-2eb3-4aae-b852-b09c534a0420/sm
2023-12-13 18:50:10,630 [grpc-default-executor-8] TRACE util.FileUtils (LogUtils.java:runAndLog(49)) - Successfully ran Files.delete /home/runner/work/ratis/ratis/ratis-test/target/test/data/b8de9602/MiniRaftClusterWithGrpce58ca676/s0/f9319d0c-2eb3-4aae-b852-b09c534a0420/current/raft-meta
2023-12-13 18:50:10,630 [grpc-default-executor-8] TRACE util.FileUtils (LogUtils.java:runAndLog(49)) - Successfully ran Files.delete /home/runner/work/ratis/ratis/ratis-test/target/test/data/b8de9602/MiniRaftClusterWithGrpce58ca676/s0/f9319d0c-2eb3-4aae-b852-b09c534a0420/current/log_inprogress_0
2023-12-13 18:50:10,630 [grpc-default-executor-8] TRACE util.FileUtils (LogUtils.java:runAndLog(49)) - Successfully ran Files.delete /home/runner/work/ratis/ratis/ratis-test/target/test/data/b8de9602/MiniRaftClusterWithGrpce58ca676/s0/f9319d0c-2eb3-4aae-b852-b09c534a0420/current/raft-meta.conf
2023-12-13 18:50:10,630 [grpc-default-executor-8] TRACE util.FileUtils (LogUtils.java:runAndLog(49)) - Successfully ran Files.delete /home/runner/work/ratis/ratis/ratis-test/target/test/data/b8de9602/MiniRaftClusterWithGrpce58ca676/s0/f9319d0c-2eb3-4aae-b852-b09c534a0420/current
2023-12-13 18:50:10,630 [grpc-default-executor-8] TRACE util.FileUtils (LogUtils.java:runAndLog(49)) - Successfully ran Files.delete /home/runner/work/ratis/ratis/ratis-test/target/test/data/b8de9602/MiniRaftClusterWithGrpce58ca676/s0/f9319d0c-2eb3-4aae-b852-b09c534a0420
2023-12-13 18:50:10,630 [grpc-default-executor-8] INFO  server.RaftServer$Division (RaftServerImpl.java:groupRemove(486)) - s0@group-B09C534A0420: Succeed to remove RaftStorageDirectory Storage Directory /home/runner/work/ratis/ratis/ratis-test/target/test/data/b8de9602/MiniRaftClusterWithGrpce58ca676/s0/f9319d0c-2eb3-4aae-b852-b09c534a0420
2023-12-13 18:50:10,632 [Time-limited test] INFO  impl.GroupManagementBaseTest (GroupManagementBaseTest.java:runMultiGroupTest(299)) - 2) close printing group-745A5FBFB092
  s6:  RUNNING [
   FOLLOWER s6@group-E92128DFC347:t0, leader=null, voted=, raftlog=Memoized:s6@group-E92128DFC347-SegmentedRaftLog:OPENED:c-1, conf=-1: peers:[]|listeners:[], old=null STARTING
     LEADER s6@group-745A5FBFB092:t1, leader=s6, voted=s6, raftlog=Memoized:s6@group-745A5FBFB092-SegmentedRaftLog:OPENED:c0, conf=0: peers:[s6|0.0.0.0:41641]|listeners:[], old=null RUNNING] size=2
2023-12-13 18:50:10,633 [Time-limited test] DEBUG client.RaftClient (ConfUtils.java:logGet(46)) - raft.rpc.type = GRPC (default)
2023-12-13 18:50:10,636 [grpc-default-executor-8] INFO  server.RaftServer (RaftServerProxy.java:remove(111)) - s6: remove    LEADER s6@group-745A5FBFB092:t1, leader=s6, voted=s6, raftlog=Memoized:s6@group-745A5FBFB092-SegmentedRaftLog:OPENED:c0, conf=0: peers:[s6|0.0.0.0:41641]|listeners:[], old=null RUNNING
2023-12-13 18:50:10,636 [grpc-default-executor-8] INFO  server.RaftServer$Division (RaftServerImpl.java:lambda$close$3(516)) - s6@group-745A5FBFB092: shutdown
2023-12-13 18:50:10,637 [grpc-default-executor-8] INFO  util.JmxRegister (JmxRegister.java:unregister(73)) - Successfully un-registered JMX Bean with object name Ratis:service=RaftServer,group=group-745A5FBFB092,id=s6
2023-12-13 18:50:10,637 [grpc-default-executor-8] INFO  impl.RoleInfo (RoleInfo.java:shutdownLeaderState(94)) - s6: shutdown s6@group-745A5FBFB092-LeaderStateImpl
2023-12-13 18:50:10,637 [grpc-default-executor-8] INFO  impl.PendingRequests (PendingRequests.java:sendNotLeaderResponses(289)) - s6@group-745A5FBFB092-PendingRequests: sendNotLeaderResponses
2023-12-13 18:50:10,637 [grpc-default-executor-8] INFO  impl.StateMachineUpdater (StateMachineUpdater.java:stopAndJoin(157)) - s6@group-745A5FBFB092-StateMachineUpdater: set stopIndex = 0
2023-12-13 18:50:10,637 [grpc-default-executor-8] INFO  server.RaftServer$Division (ServerState.java:close(423)) - s6@group-745A5FBFB092: applyIndex: 0
2023-12-13 18:50:10,637 [s6@group-745A5FBFB092-cacheEviction-AwaitToRun] INFO  util.AwaitToRun (AwaitToRun.java:run(49)) - s6@group-745A5FBFB092-cacheEviction-AwaitToRun-AwaitForSignal is interrupted
2023-12-13 18:50:10,706 [grpc-default-executor-8] INFO  segmented.SegmentedRaftLogWorker (SegmentedRaftLogWorker.java:close(245)) - s6@group-745A5FBFB092-SegmentedRaftLogWorker close()
2023-12-13 18:50:10,707 [grpc-default-executor-8] TRACE util.FileUtils (FileUtils.java:deleteFully(305)) - deleteFully /home/runner/work/ratis/ratis/ratis-test/target/test/data/b8de9602/MiniRaftClusterWithGrpce58ca676/s6/05c3c9ad-d244-42da-9c29-745a5fbfb092
2023-12-13 18:50:10,707 [grpc-default-executor-8] TRACE util.FileUtils (LogUtils.java:runAndLog(49)) - Successfully ran Files.delete /home/runner/work/ratis/ratis/ratis-test/target/test/data/b8de9602/MiniRaftClusterWithGrpce58ca676/s6/05c3c9ad-d244-42da-9c29-745a5fbfb092/in_use.lock
2023-12-13 18:50:10,707 [grpc-default-executor-8] TRACE util.FileUtils (LogUtils.java:runAndLog(49)) - Successfully ran Files.delete /home/runner/work/ratis/ratis/ratis-test/target/test/data/b8de9602/MiniRaftClusterWithGrpce58ca676/s6/05c3c9ad-d244-42da-9c29-745a5fbfb092/sm
2023-12-13 18:50:10,707 [grpc-default-executor-8] TRACE util.FileUtils (LogUtils.java:runAndLog(49)) - Successfully ran Files.delete /home/runner/work/ratis/ratis/ratis-test/target/test/data/b8de9602/MiniRaftClusterWithGrpce58ca676/s6/05c3c9ad-d244-42da-9c29-745a5fbfb092/current/raft-meta
2023-12-13 18:50:10,707 [grpc-default-executor-8] TRACE util.FileUtils (LogUtils.java:runAndLog(49)) - Successfully ran Files.delete /home/runner/work/ratis/ratis/ratis-test/target/test/data/b8de9602/MiniRaftClusterWithGrpce58ca676/s6/05c3c9ad-d244-42da-9c29-745a5fbfb092/current/log_inprogress_0
2023-12-13 18:50:10,707 [grpc-default-executor-8] TRACE util.FileUtils (LogUtils.java:runAndLog(49)) - Successfully ran Files.delete /home/runner/work/ratis/ratis/ratis-test/target/test/data/b8de9602/MiniRaftClusterWithGrpce58ca676/s6/05c3c9ad-d244-42da-9c29-745a5fbfb092/current/raft-meta.conf
2023-12-13 18:50:10,708 [grpc-default-executor-8] TRACE util.FileUtils (LogUtils.java:runAndLog(49)) - Successfully ran Files.delete /home/runner/work/ratis/ratis/ratis-test/target/test/data/b8de9602/MiniRaftClusterWithGrpce58ca676/s6/05c3c9ad-d244-42da-9c29-745a5fbfb092/current
2023-12-13 18:50:10,708 [grpc-default-executor-8] TRACE util.FileUtils (LogUtils.java:runAndLog(49)) - Successfully ran Files.delete /home/runner/work/ratis/ratis/ratis-test/target/test/data/b8de9602/MiniRaftClusterWithGrpce58ca676/s6/05c3c9ad-d244-42da-9c29-745a5fbfb092
2023-12-13 18:50:10,708 [grpc-default-executor-8] INFO  server.RaftServer$Division (RaftServerImpl.java:groupRemove(486)) - s6@group-745A5FBFB092: Succeed to remove RaftStorageDirectory Storage Directory /home/runner/work/ratis/ratis/ratis-test/target/test/data/b8de9602/MiniRaftClusterWithGrpce58ca676/s6/05c3c9ad-d244-42da-9c29-745a5fbfb092
| MiniRaftClusterWithGrpc[1, 6, 7]chosen=1 | close groups | 136 |
2023-12-13 18:50:10,712 [Time-limited test] INFO  impl.GroupManagementBaseTest (GroupManagementBaseTest.java:runMultiGroupTest(316)) - close groups: printing ALL groups
  s3:  RUNNING [
   FOLLOWER s3@group-C3E5D6DFBC38:t1, leader=s1, voted=s1, raftlog=Memoized:s3@group-C3E5D6DFBC38-SegmentedRaftLog:OPENED:c0, conf=0: peers:[s3|0.0.0.0:43047, s4|0.0.0.0:36395, s5|0.0.0.0:40741, s1|0.0.0.0:37953, s2|0.0.0.0:44821]|listeners:[], old=null RUNNING
   FOLLOWER s3@group-E92128DFC347:t0, leader=null, voted=, raftlog=Memoized:s3@group-E92128DFC347-SegmentedRaftLog:OPENED:c-1, conf=-1: peers:[]|listeners:[], old=null STARTING] size=2
  s4:  RUNNING [
   FOLLOWER s4@group-C3E5D6DFBC38:t1, leader=s1, voted=s1, raftlog=Memoized:s4@group-C3E5D6DFBC38-SegmentedRaftLog:OPENED:c0, conf=0: peers:[s3|0.0.0.0:43047, s4|0.0.0.0:36395, s5|0.0.0.0:40741, s1|0.0.0.0:37953, s2|0.0.0.0:44821]|listeners:[], old=null RUNNING
   FOLLOWER s4@group-E92128DFC347:t0, leader=null, voted=, raftlog=Memoized:s4@group-E92128DFC347-SegmentedRaftLog:OPENED:c-1, conf=-1: peers:[]|listeners:[], old=null STARTING] size=2
  s5:  RUNNING [
   FOLLOWER s5@group-C3E5D6DFBC38:t1, leader=s1, voted=s1, raftlog=Memoized:s5@group-C3E5D6DFBC38-SegmentedRaftLog:OPENED:c0, conf=0: peers:[s3|0.0.0.0:43047, s4|0.0.0.0:36395, s5|0.0.0.0:40741, s1|0.0.0.0:37953, s2|0.0.0.0:44821]|listeners:[], old=null RUNNING
   FOLLOWER s5@group-E92128DFC347:t0, leader=null, voted=, raftlog=Memoized:s5@group-E92128DFC347-SegmentedRaftLog:OPENED:c-1, conf=-1: peers:[]|listeners:[], old=null STARTING] size=2
  s6:  RUNNING  FOLLOWER s6@group-E92128DFC347:t0, leader=null, voted=, raftlog=Memoized:s6@group-E92128DFC347-SegmentedRaftLog:OPENED:c-1, conf=-1: peers:[]|listeners:[], old=null STARTING
  s0:  RUNNING  FOLLOWER s0@group-E92128DFC347:t0, leader=null, voted=, raftlog=Memoized:s0@group-E92128DFC347-SegmentedRaftLog:OPENED:c-1, conf=-1: peers:[]|listeners:[], old=null STARTING
  s1:  RUNNING [
     LEADER s1@group-C3E5D6DFBC38:t1, leader=s1, voted=s1, raftlog=Memoized:s1@group-C3E5D6DFBC38-SegmentedRaftLog:OPENED:c0, conf=0: peers:[s3|0.0.0.0:43047, s4|0.0.0.0:36395, s5|0.0.0.0:40741, s1|0.0.0.0:37953, s2|0.0.0.0:44821]|listeners:[], old=null RUNNING
   FOLLOWER s1@group-E92128DFC347:t0, leader=null, voted=, raftlog=Memoized:s1@group-E92128DFC347-SegmentedRaftLog:OPENED:c-1, conf=-1: peers:[]|listeners:[], old=null STARTING] size=2
  s2:  RUNNING [
   FOLLOWER s2@group-C3E5D6DFBC38:t1, leader=s1, voted=s1, raftlog=Memoized:s2@group-C3E5D6DFBC38-SegmentedRaftLog:OPENED:c0, conf=0: peers:[s3|0.0.0.0:43047, s4|0.0.0.0:36395, s5|0.0.0.0:40741, s1|0.0.0.0:37953, s2|0.0.0.0:44821]|listeners:[], old=null RUNNING
   FOLLOWER s2@group-E92128DFC347:t0, leader=null, voted=, raftlog=Memoized:s2@group-E92128DFC347-SegmentedRaftLog:OPENED:c-1, conf=-1: peers:[]|listeners:[], old=null STARTING] size=2
2023-12-13 18:50:10,712 [Time-limited test] INFO  impl.GroupManagementBaseTest (GroupManagementBaseTest.java:runMultiGroupTest(322)) - 0) groupAdd: printing group-B09C534A0420
2023-12-13 18:50:10,712 [Time-limited test] DEBUG client.RaftClient (ConfUtils.java:logGet(46)) - raft.rpc.type = GRPC (default)
2023-12-13 18:50:10,715 [grpc-default-executor-8] INFO  server.RaftServer (RaftServerProxy.java:addNew(100)) - s0: addNew group-C3E5D6DFBC38:[] returns group-C3E5D6DFBC38:java.util.concurrent.CompletableFuture@76b081d3[Not completed]
2023-12-13 18:50:10,715 [s0-groupManagement] INFO  server.RaftServer$Division (RaftServerImpl.java:<init>(256)) - s0: new RaftServerImpl for group-C3E5D6DFBC38:[] with BaseStateMachine:uninitialized
2023-12-13 18:50:10,715 [s0-groupManagement] INFO  server.RaftServerConfigKeys (ConfUtils.java:logGet(46)) - raft.server.rpc.timeout.min = 1500ms (custom)
2023-12-13 18:50:10,715 [s0-groupManagement] INFO  server.RaftServerConfigKeys (ConfUtils.java:logGet(46)) - raft.server.rpc.timeout.max = 2000ms (custom)
2023-12-13 18:50:10,715 [s0-groupManagement] INFO  server.RaftServerConfigKeys (ConfUtils.java:logGet(46)) - raft.server.rpc.sleep.time = 25ms (default)
2023-12-13 18:50:10,715 [s0-groupManagement] INFO  server.RaftServerConfigKeys (ConfUtils.java:logGet(46)) - raft.server.rpc.slowness.timeout = 60s (default)
2023-12-13 18:50:10,715 [s0-groupManagement] INFO  server.RaftServerConfigKeys (ConfUtils.java:logGet(46)) - raft.server.leaderelection.leader.step-down.wait-time = 10s (default)
2023-12-13 18:50:10,715 [s0-groupManagement] INFO  server.RaftServerConfigKeys (ConfUtils.java:logGet(46)) - raft.server.leaderelection.member.majority-add = false (default)
2023-12-13 18:50:10,715 [s0-groupManagement] INFO  server.RaftServerConfigKeys (ConfUtils.java:logGet(46)) - raft.server.sleep.deviation.threshold = 300ms (default)
2023-12-13 18:50:10,715 [s0-groupManagement] INFO  server.RaftServer$Division (ServerState.java:<init>(113)) - s0@group-C3E5D6DFBC38: ConfigurationManager, init=-1: peers:[]|listeners:[], old=null, confs=<EMPTY_MAP>
2023-12-13 18:50:10,715 [s0-groupManagement] INFO  server.RaftServerConfigKeys (ConfUtils.java:logGet(46)) - raft.server.notification.no-leader.timeout = 60s (default)
2023-12-13 18:50:10,715 [s0-groupManagement] INFO  server.RaftServerConfigKeys (ConfUtils.java:logGet(46)) - raft.server.read.timeout = 10s (default)
2023-12-13 18:50:10,715 [s0-groupManagement] INFO  server.RaftServerConfigKeys (ConfUtils.java:logGet(46)) - raft.server.retrycache.expirytime = 60s (default)
2023-12-13 18:50:10,715 [s0-groupManagement] INFO  server.RaftServerConfigKeys (ConfUtils.java:logGet(46)) - raft.server.retrycache.statistics.expirytime = 100ms (default)
2023-12-13 18:50:10,716 [s0-groupManagement] INFO  server.RaftServerConfigKeys (ConfUtils.java:logGet(46)) - raft.server.read.option = DEFAULT (default)
2023-12-13 18:50:10,716 [s0-groupManagement] INFO  server.RaftServerConfigKeys (ConfUtils.java:logGet(46)) - raft.server.read.read-after-write-consistent.write-index-cache.expiry-time = 60s (default)
2023-12-13 18:50:10,716 [s0-groupManagement] INFO  server.RaftServerConfigKeys (ConfUtils.java:logGet(46)) - raft.server.rpc.request.timeout = 3000ms (default)
2023-12-13 18:50:10,716 [s0-groupManagement] INFO  server.RaftServerConfigKeys (ConfUtils.java:logGet(46)) - raft.server.log.appender.install.snapshot.enabled = true (default)
2023-12-13 18:50:10,716 [s0-groupManagement] INFO  server.RaftServerConfigKeys (ConfUtils.java:logGet(46)) - raft.server.threadpool.server.cached = true (default)
2023-12-13 18:50:10,716 [s0-groupManagement] INFO  server.RaftServerConfigKeys (ConfUtils.java:logGet(46)) - raft.server.threadpool.server.size = 0 (default)
2023-12-13 18:50:10,716 [s0-groupManagement] INFO  server.RaftServerConfigKeys (ConfUtils.java:logGet(46)) - raft.server.threadpool.client.cached = true (default)
2023-12-13 18:50:10,716 [s0-groupManagement] INFO  server.RaftServerConfigKeys (ConfUtils.java:logGet(46)) - raft.server.threadpool.client.size = 0 (default)
2023-12-13 18:50:10,716 [s0-groupManagement] DEBUG server.RaftServer (RaftServerProxy.java:lambda$groupAddAsync$13(507)) - s0: newImpl =      null s0@group-C3E5D6DFBC38:t0, leader=null, voted=null, raftlog=UNINITIALIZED, conf=-1: peers:[]|listeners:[], old=null NEW
2023-12-13 18:50:10,716 [s0-groupManagement] INFO  server.RaftServerConfigKeys (ConfUtils.java:logGet(46)) - raft.server.storage.free-space.min = 0MB (=0) (default)
2023-12-13 18:50:10,716 [s0-groupManagement] INFO  server.RaftServerConfigKeys (ConfUtils.java:logGet(46)) - raft.server.log.corruption.policy = EXCEPTION (default)
2023-12-13 18:50:10,716 [s0-groupManagement] INFO  server.RaftServerConfigKeys (ConfUtils.java:logGet(46)) - raft.server.storage.dir = [/home/runner/work/ratis/ratis/ratis-test/target/test/data/b8de9602/MiniRaftClusterWithGrpce58ca676/s0] (custom)
2023-12-13 18:50:10,716 [s0-groupManagement] INFO  storage.RaftStorageDirectory (RaftStorageDirectoryImpl.java:analyzeStorage(138)) - The storage directory /home/runner/work/ratis/ratis/ratis-test/target/test/data/b8de9602/MiniRaftClusterWithGrpce58ca676/s0/fd7a20ee-19f9-4f80-8ea7-c3e5d6dfbc38 does not exist. Creating ...
2023-12-13 18:50:10,717 [s0-groupManagement] TRACE util.FileUtils (LogUtils.java:runAndLog(49)) - Successfully ran Files.createDirectories /home/runner/work/ratis/ratis/ratis-test/target/test/data/b8de9602/MiniRaftClusterWithGrpce58ca676/s0/fd7a20ee-19f9-4f80-8ea7-c3e5d6dfbc38
2023-12-13 18:50:10,718 [s0-groupManagement] INFO  storage.RaftStorageDirectory (RaftStorageDirectoryImpl.java:tryLock(228)) - Lock on /home/runner/work/ratis/ratis/ratis-test/target/test/data/b8de9602/MiniRaftClusterWithGrpce58ca676/s0/fd7a20ee-19f9-4f80-8ea7-c3e5d6dfbc38/in_use.lock acquired by nodename 24599@fv-az743-812
2023-12-13 18:50:10,718 [s0-groupManagement] TRACE util.FileUtils (LogUtils.java:runAndLog(49)) - Successfully ran Files.createDirectories /home/runner/work/ratis/ratis/ratis-test/target/test/data/b8de9602/MiniRaftClusterWithGrpce58ca676/s0/fd7a20ee-19f9-4f80-8ea7-c3e5d6dfbc38/current
2023-12-13 18:50:10,718 [s0-groupManagement] TRACE util.FileUtils (LogUtils.java:runAndLog(49)) - Successfully ran Files.createDirectories /home/runner/work/ratis/ratis/ratis-test/target/test/data/b8de9602/MiniRaftClusterWithGrpce58ca676/s0/fd7a20ee-19f9-4f80-8ea7-c3e5d6dfbc38/sm
2023-12-13 18:50:10,718 [s0-groupManagement] TRACE util.FileUtils (LogUtils.java:supplyAndLog(69)) - Successfully supplied FileChannel.open /home/runner/work/ratis/ratis/ratis-test/target/test/data/b8de9602/MiniRaftClusterWithGrpce58ca676/s0/fd7a20ee-19f9-4f80-8ea7-c3e5d6dfbc38/current/raft-meta.tmp with options [CREATE, WRITE]: sun.nio.ch.FileChannelImpl@2b93de3b
2023-12-13 18:50:10,719 [s0-groupManagement] TRACE util.FileUtils (LogUtils.java:runAndLog(49)) - Successfully ran Atomic Files.move /home/runner/work/ratis/ratis/ratis-test/target/test/data/b8de9602/MiniRaftClusterWithGrpce58ca676/s0/fd7a20ee-19f9-4f80-8ea7-c3e5d6dfbc38/current/raft-meta.tmp to /home/runner/work/ratis/ratis/ratis-test/target/test/data/b8de9602/MiniRaftClusterWithGrpce58ca676/s0/fd7a20ee-19f9-4f80-8ea7-c3e5d6dfbc38/current/raft-meta with options [REPLACE_EXISTING]
2023-12-13 18:50:10,719 [s0-groupManagement] INFO  storage.RaftStorage (RaftStorageImpl.java:format(99)) - Storage directory /home/runner/work/ratis/ratis/ratis-test/target/test/data/b8de9602/MiniRaftClusterWithGrpce58ca676/s0/fd7a20ee-19f9-4f80-8ea7-c3e5d6dfbc38 has been successfully formatted.
2023-12-13 18:50:10,719 [s0-groupManagement] TRACE util.FileUtils (LogUtils.java:supplyAndLog(61)) - Failed to Files.newInputStream /home/runner/work/ratis/ratis/ratis-test/target/test/data/b8de9602/MiniRaftClusterWithGrpce58ca676/s0/fd7a20ee-19f9-4f80-8ea7-c3e5d6dfbc38/current/raft-meta.conf with options []
java.nio.file.NoSuchFileException: /home/runner/work/ratis/ratis/ratis-test/target/test/data/b8de9602/MiniRaftClusterWithGrpce58ca676/s0/fd7a20ee-19f9-4f80-8ea7-c3e5d6dfbc38/current/raft-meta.conf
	at java.base/sun.nio.fs.UnixException.translateToIOException(UnixException.java:92)
	at java.base/sun.nio.fs.UnixException.rethrowAsIOException(UnixException.java:111)
	at java.base/sun.nio.fs.UnixException.rethrowAsIOException(UnixException.java:116)
	at java.base/sun.nio.fs.UnixFileSystemProvider.newByteChannel(UnixFileSystemProvider.java:219)
	at java.base/java.nio.file.Files.newByteChannel(Files.java:371)
	at java.base/java.nio.file.Files.newByteChannel(Files.java:422)
	at java.base/java.nio.file.spi.FileSystemProvider.newInputStream(FileSystemProvider.java:420)
	at java.base/java.nio.file.Files.newInputStream(Files.java:156)
	at org.apache.ratis.util.FileUtils.lambda$newInputStream$2(FileUtils.java:73)
	at org.apache.ratis.util.LogUtils.supplyAndLog(LogUtils.java:58)
	at org.apache.ratis.util.FileUtils.newInputStream(FileUtils.java:72)
	at org.apache.ratis.util.FileUtils.newInputStream(FileUtils.java:68)
	at org.apache.ratis.server.storage.RaftStorageImpl.readRaftConfiguration(RaftStorageImpl.java:156)
	at org.apache.ratis.server.impl.ServerState.initialize(ServerState.java:141)
	at org.apache.ratis.server.impl.RaftServerImpl.start(RaftServerImpl.java:388)
	at org.apache.ratis.server.impl.RaftServerProxy.lambda$groupAddAsync$13(RaftServerProxy.java:509)
	at java.base/java.util.concurrent.CompletableFuture$UniApply.tryFire(CompletableFuture.java:642)
	at java.base/java.util.concurrent.CompletableFuture$Completion.run(CompletableFuture.java:478)
	at java.base/java.util.concurrent.ThreadPoolExecutor.runWorker(ThreadPoolExecutor.java:1128)
	at java.base/java.util.concurrent.ThreadPoolExecutor$Worker.run(ThreadPoolExecutor.java:628)
	at java.base/java.lang.Thread.run(Thread.java:829)
2023-12-13 18:50:10,719 [s0-groupManagement] INFO  server.RaftServerConfigKeys (ConfUtils.java:logGet(46)) - raft.server.log.use.memory = false (default)
2023-12-13 18:50:10,719 [s0-groupManagement] INFO  server.RaftServerConfigKeys (ConfUtils.java:logGet(46)) - raft.server.log.purge.gap = 1024 (default)
2023-12-13 18:50:10,719 [s0-groupManagement] INFO  server.RaftServerConfigKeys (ConfUtils.java:logGet(46)) - raft.server.log.appender.buffer.byte-limit = 4MB (=4194304) (default)
2023-12-13 18:50:10,719 [s0-groupManagement] INFO  server.RaftServerConfigKeys (ConfUtils.java:logGet(46)) - raft.server.log.statemachine.data.read.timeout = 1000ms (default)
2023-12-13 18:50:10,719 [s0-groupManagement] INFO  server.RaftServerConfigKeys (ConfUtils.java:logGet(46)) - raft.server.log.purge.preservation.log.num = 0 (default)
2023-12-13 18:50:10,719 [s0-groupManagement] INFO  server.RaftServerConfigKeys (ConfUtils.java:logGet(46)) - raft.server.log.segment.size.max = 32MB (=33554432) (default)
2023-12-13 18:50:10,719 [s0-groupManagement] INFO  server.RaftServerConfigKeys (ConfUtils.java:logGet(46)) - raft.server.log.segment.cache.num.max = 6 (default)
2023-12-13 18:50:10,719 [s0-groupManagement] INFO  server.RaftServerConfigKeys (ConfUtils.java:logGet(46)) - raft.server.log.segment.cache.size.max = 200MB (=209715200) (default)
2023-12-13 18:50:10,719 [s0-groupManagement] INFO  server.RaftServerConfigKeys (ConfUtils.java:logGet(46)) - raft.server.log.appender.buffer.byte-limit = 4MB (=4194304) (default)
2023-12-13 18:50:10,720 [s0-groupManagement] INFO  util.AwaitToRun (AwaitToRun.java:start(81)) - Thread[s0@group-C3E5D6DFBC38-cacheEviction-AwaitToRun,5,main] started
2023-12-13 18:50:10,720 [s0-groupManagement] INFO  segmented.SegmentedRaftLogWorker (SegmentedRaftLogWorker.java:<init>(182)) - new s0@group-C3E5D6DFBC38-SegmentedRaftLogWorker for RaftStorageImpl:Storage Directory /home/runner/work/ratis/ratis/ratis-test/target/test/data/b8de9602/MiniRaftClusterWithGrpce58ca676/s0/fd7a20ee-19f9-4f80-8ea7-c3e5d6dfbc38
2023-12-13 18:50:10,720 [s0-groupManagement] INFO  server.RaftServerConfigKeys (ConfUtils.java:logGet(46)) - raft.server.log.queue.byte-limit = 64MB (=67108864) (default)
2023-12-13 18:50:10,720 [s0-groupManagement] INFO  server.RaftServerConfigKeys (ConfUtils.java:logGet(46)) - raft.server.log.queue.element-limit = 4096 (default)
2023-12-13 18:50:10,720 [s0-groupManagement] INFO  server.RaftServerConfigKeys (ConfUtils.java:logGet(46)) - raft.server.log.segment.size.max = 32MB (=33554432) (default)
2023-12-13 18:50:10,720 [s0-groupManagement] INFO  server.RaftServerConfigKeys (ConfUtils.java:logGet(46)) - raft.server.log.preallocated.size = 4MB (=4194304) (default)
2023-12-13 18:50:10,720 [s0-groupManagement] INFO  server.RaftServerConfigKeys (ConfUtils.java:logGet(46)) - raft.server.log.force.sync.num = 128 (default)
2023-12-13 18:50:10,720 [s0-groupManagement] INFO  server.RaftServerConfigKeys (ConfUtils.java:logGet(46)) - raft.server.log.statemachine.data.sync = true (default)
2023-12-13 18:50:10,720 [s0-groupManagement] INFO  server.RaftServerConfigKeys (ConfUtils.java:logGet(46)) - raft.server.log.statemachine.data.sync.timeout = 10s (default)
2023-12-13 18:50:10,720 [s0-groupManagement] INFO  server.RaftServerConfigKeys (ConfUtils.java:logGet(46)) - raft.server.log.statemachine.data.sync.timeout.retry = -1 (default)
2023-12-13 18:50:10,720 [s0-groupManagement] INFO  server.RaftServerConfigKeys (ConfUtils.java:logGet(46)) - raft.server.log.write.buffer.size = 8MB (=8388608) (default)
2023-12-13 18:50:10,721 [s0-groupManagement] INFO  server.RaftServerConfigKeys (ConfUtils.java:logGet(46)) - raft.server.log.appender.buffer.byte-limit = 4MB (=4194304) (default)
2023-12-13 18:50:10,721 [s0-groupManagement] INFO  server.RaftServerConfigKeys (ConfUtils.java:logGet(46)) - raft.server.log.unsafe-flush.enabled = false (default)
2023-12-13 18:50:10,721 [s0-groupManagement] INFO  server.RaftServerConfigKeys (ConfUtils.java:logGet(46)) - raft.server.log.async-flush.enabled = false (default)
2023-12-13 18:50:10,721 [s0-groupManagement] INFO  server.RaftServerConfigKeys (ConfUtils.java:logGet(46)) - raft.server.log.statemachine.data.caching.enabled = false (default)
2023-12-13 18:50:10,721 [s0-groupManagement] INFO  segmented.SegmentedRaftLogWorker (SegmentedRaftLogWorker.java:lambda$new$0(134)) - s0@group-C3E5D6DFBC38-SegmentedRaftLogWorker: flushIndex: setUnconditionally 0 -> -1
2023-12-13 18:50:10,721 [s0-groupManagement] INFO  segmented.SegmentedRaftLogWorker (SegmentedRaftLogWorker.java:lambda$new$0(134)) - s0@group-C3E5D6DFBC38-SegmentedRaftLogWorker: safeCacheEvictIndex: setUnconditionally 0 -> -1
2023-12-13 18:50:10,722 [s0-groupManagement] INFO  server.RaftServer$Division (RaftServerImpl.java:start(398)) - s0@group-C3E5D6DFBC38: start with initializing state, conf=-1: peers:[]|listeners:[], old=null
2023-12-13 18:50:10,722 [s0-groupManagement] INFO  server.RaftServer$Division (RaftServerImpl.java:setRole(379)) - s0@group-C3E5D6DFBC38: changes role from      null to FOLLOWER at term 0 for startInitializing
2023-12-13 18:50:10,722 [s0-groupManagement] INFO  util.JmxRegister (JmxRegister.java:tryRegister(44)) - Successfully registered JMX Bean with object name Ratis:service=RaftServer,group=group-C3E5D6DFBC38,id=s0
2023-12-13 18:50:10,722 [s0-groupManagement] INFO  server.RaftServerConfigKeys (ConfUtils.java:logGet(46)) - raft.server.snapshot.trigger-when-stop.enabled = true (default)
2023-12-13 18:50:10,722 [s0-groupManagement] INFO  server.RaftServerConfigKeys (ConfUtils.java:logGet(46)) - raft.server.snapshot.auto.trigger.enabled = false (default)
2023-12-13 18:50:10,722 [s0-groupManagement] INFO  server.RaftServerConfigKeys (ConfUtils.java:logGet(46)) - raft.server.snapshot.retention.file.num = -1 (default)
2023-12-13 18:50:10,722 [s0-groupManagement] INFO  server.RaftServerConfigKeys (ConfUtils.java:logGet(46)) - raft.server.log.purge.upto.snapshot.index = false (default)
2023-12-13 18:50:10,724 [Time-limited test] INFO  impl.GroupManagementBaseTest (GroupManagementBaseTest.java:runMultiGroupTest(322)) - 2) groupAdd: printing group-745A5FBFB092
2023-12-13 18:50:10,724 [Time-limited test] DEBUG client.RaftClient (ConfUtils.java:logGet(46)) - raft.rpc.type = GRPC (default)
2023-12-13 18:50:10,728 [grpc-default-executor-8] INFO  server.RaftServer (RaftServerProxy.java:addNew(100)) - s6: addNew group-C3E5D6DFBC38:[] returns group-C3E5D6DFBC38:java.util.concurrent.CompletableFuture@7ed348a0[Not completed]
2023-12-13 18:50:10,728 [s6-groupManagement] INFO  server.RaftServer$Division (RaftServerImpl.java:<init>(256)) - s6: new RaftServerImpl for group-C3E5D6DFBC38:[] with BaseStateMachine:uninitialized
2023-12-13 18:50:10,728 [s6-groupManagement] INFO  server.RaftServerConfigKeys (ConfUtils.java:logGet(46)) - raft.server.rpc.timeout.min = 1500ms (custom)
2023-12-13 18:50:10,728 [s6-groupManagement] INFO  server.RaftServerConfigKeys (ConfUtils.java:logGet(46)) - raft.server.rpc.timeout.max = 2000ms (custom)
2023-12-13 18:50:10,729 [s6-groupManagement] INFO  server.RaftServerConfigKeys (ConfUtils.java:logGet(46)) - raft.server.rpc.sleep.time = 25ms (default)
2023-12-13 18:50:10,729 [s6-groupManagement] INFO  server.RaftServerConfigKeys (ConfUtils.java:logGet(46)) - raft.server.rpc.slowness.timeout = 60s (default)
2023-12-13 18:50:10,729 [s6-groupManagement] INFO  server.RaftServerConfigKeys (ConfUtils.java:logGet(46)) - raft.server.leaderelection.leader.step-down.wait-time = 10s (default)
2023-12-13 18:50:10,729 [s6-groupManagement] INFO  server.RaftServerConfigKeys (ConfUtils.java:logGet(46)) - raft.server.leaderelection.member.majority-add = false (default)
2023-12-13 18:50:10,729 [s6-groupManagement] INFO  server.RaftServerConfigKeys (ConfUtils.java:logGet(46)) - raft.server.sleep.deviation.threshold = 300ms (default)
2023-12-13 18:50:10,729 [s6-groupManagement] INFO  server.RaftServer$Division (ServerState.java:<init>(113)) - s6@group-C3E5D6DFBC38: ConfigurationManager, init=-1: peers:[]|listeners:[], old=null, confs=<EMPTY_MAP>
2023-12-13 18:50:10,729 [s6-groupManagement] INFO  server.RaftServerConfigKeys (ConfUtils.java:logGet(46)) - raft.server.notification.no-leader.timeout = 60s (default)
2023-12-13 18:50:10,729 [s6-groupManagement] INFO  server.RaftServerConfigKeys (ConfUtils.java:logGet(46)) - raft.server.read.timeout = 10s (default)
2023-12-13 18:50:10,729 [s6-groupManagement] INFO  server.RaftServerConfigKeys (ConfUtils.java:logGet(46)) - raft.server.retrycache.expirytime = 60s (default)
2023-12-13 18:50:10,729 [s6-groupManagement] INFO  server.RaftServerConfigKeys (ConfUtils.java:logGet(46)) - raft.server.retrycache.statistics.expirytime = 100ms (default)
2023-12-13 18:50:10,729 [s6-groupManagement] INFO  server.RaftServerConfigKeys (ConfUtils.java:logGet(46)) - raft.server.read.option = DEFAULT (default)
2023-12-13 18:50:10,729 [s6-groupManagement] INFO  server.RaftServerConfigKeys (ConfUtils.java:logGet(46)) - raft.server.read.read-after-write-consistent.write-index-cache.expiry-time = 60s (default)
2023-12-13 18:50:10,730 [s6-groupManagement] INFO  server.RaftServerConfigKeys (ConfUtils.java:logGet(46)) - raft.server.rpc.request.timeout = 3000ms (default)
2023-12-13 18:50:10,730 [s6-groupManagement] INFO  server.RaftServerConfigKeys (ConfUtils.java:logGet(46)) - raft.server.log.appender.install.snapshot.enabled = true (default)
2023-12-13 18:50:10,730 [s6-groupManagement] INFO  server.RaftServerConfigKeys (ConfUtils.java:logGet(46)) - raft.server.threadpool.server.cached = true (default)
2023-12-13 18:50:10,730 [s6-groupManagement] INFO  server.RaftServerConfigKeys (ConfUtils.java:logGet(46)) - raft.server.threadpool.server.size = 0 (default)
2023-12-13 18:50:10,730 [s6-groupManagement] INFO  server.RaftServerConfigKeys (ConfUtils.java:logGet(46)) - raft.server.threadpool.client.cached = true (default)
2023-12-13 18:50:10,730 [s6-groupManagement] INFO  server.RaftServerConfigKeys (ConfUtils.java:logGet(46)) - raft.server.threadpool.client.size = 0 (default)
2023-12-13 18:50:10,730 [s6-groupManagement] DEBUG server.RaftServer (RaftServerProxy.java:lambda$groupAddAsync$13(507)) - s6: newImpl =      null s6@group-C3E5D6DFBC38:t0, leader=null, voted=null, raftlog=UNINITIALIZED, conf=-1: peers:[]|listeners:[], old=null NEW
2023-12-13 18:50:10,730 [s6-groupManagement] INFO  server.RaftServerConfigKeys (ConfUtils.java:logGet(46)) - raft.server.storage.free-space.min = 0MB (=0) (default)
2023-12-13 18:50:10,730 [s6-groupManagement] INFO  server.RaftServerConfigKeys (ConfUtils.java:logGet(46)) - raft.server.log.corruption.policy = EXCEPTION (default)
2023-12-13 18:50:10,730 [s6-groupManagement] INFO  server.RaftServerConfigKeys (ConfUtils.java:logGet(46)) - raft.server.storage.dir = [/home/runner/work/ratis/ratis/ratis-test/target/test/data/b8de9602/MiniRaftClusterWithGrpce58ca676/s6] (custom)
2023-12-13 18:50:10,731 [s6-groupManagement] INFO  storage.RaftStorageDirectory (RaftStorageDirectoryImpl.java:analyzeStorage(138)) - The storage directory /home/runner/work/ratis/ratis/ratis-test/target/test/data/b8de9602/MiniRaftClusterWithGrpce58ca676/s6/fd7a20ee-19f9-4f80-8ea7-c3e5d6dfbc38 does not exist. Creating ...
2023-12-13 18:50:10,731 [s6-groupManagement] TRACE util.FileUtils (LogUtils.java:runAndLog(49)) - Successfully ran Files.createDirectories /home/runner/work/ratis/ratis/ratis-test/target/test/data/b8de9602/MiniRaftClusterWithGrpce58ca676/s6/fd7a20ee-19f9-4f80-8ea7-c3e5d6dfbc38
2023-12-13 18:50:10,732 [s6-groupManagement] INFO  storage.RaftStorageDirectory (RaftStorageDirectoryImpl.java:tryLock(228)) - Lock on /home/runner/work/ratis/ratis/ratis-test/target/test/data/b8de9602/MiniRaftClusterWithGrpce58ca676/s6/fd7a20ee-19f9-4f80-8ea7-c3e5d6dfbc38/in_use.lock acquired by nodename 24599@fv-az743-812
2023-12-13 18:50:10,732 [s6-groupManagement] TRACE util.FileUtils (LogUtils.java:runAndLog(49)) - Successfully ran Files.createDirectories /home/runner/work/ratis/ratis/ratis-test/target/test/data/b8de9602/MiniRaftClusterWithGrpce58ca676/s6/fd7a20ee-19f9-4f80-8ea7-c3e5d6dfbc38/current
2023-12-13 18:50:10,732 [s6-groupManagement] TRACE util.FileUtils (LogUtils.java:runAndLog(49)) - Successfully ran Files.createDirectories /home/runner/work/ratis/ratis/ratis-test/target/test/data/b8de9602/MiniRaftClusterWithGrpce58ca676/s6/fd7a20ee-19f9-4f80-8ea7-c3e5d6dfbc38/sm
2023-12-13 18:50:10,732 [s6-groupManagement] TRACE util.FileUtils (LogUtils.java:supplyAndLog(69)) - Successfully supplied FileChannel.open /home/runner/work/ratis/ratis/ratis-test/target/test/data/b8de9602/MiniRaftClusterWithGrpce58ca676/s6/fd7a20ee-19f9-4f80-8ea7-c3e5d6dfbc38/current/raft-meta.tmp with options [CREATE, WRITE]: sun.nio.ch.FileChannelImpl@77acc0d3
2023-12-13 18:50:10,733 [s6-groupManagement] TRACE util.FileUtils (LogUtils.java:runAndLog(49)) - Successfully ran Atomic Files.move /home/runner/work/ratis/ratis/ratis-test/target/test/data/b8de9602/MiniRaftClusterWithGrpce58ca676/s6/fd7a20ee-19f9-4f80-8ea7-c3e5d6dfbc38/current/raft-meta.tmp to /home/runner/work/ratis/ratis/ratis-test/target/test/data/b8de9602/MiniRaftClusterWithGrpce58ca676/s6/fd7a20ee-19f9-4f80-8ea7-c3e5d6dfbc38/current/raft-meta with options [REPLACE_EXISTING]
2023-12-13 18:50:10,733 [s6-groupManagement] INFO  storage.RaftStorage (RaftStorageImpl.java:format(99)) - Storage directory /home/runner/work/ratis/ratis/ratis-test/target/test/data/b8de9602/MiniRaftClusterWithGrpce58ca676/s6/fd7a20ee-19f9-4f80-8ea7-c3e5d6dfbc38 has been successfully formatted.
2023-12-13 18:50:10,733 [s6-groupManagement] TRACE util.FileUtils (LogUtils.java:supplyAndLog(61)) - Failed to Files.newInputStream /home/runner/work/ratis/ratis/ratis-test/target/test/data/b8de9602/MiniRaftClusterWithGrpce58ca676/s6/fd7a20ee-19f9-4f80-8ea7-c3e5d6dfbc38/current/raft-meta.conf with options []
java.nio.file.NoSuchFileException: /home/runner/work/ratis/ratis/ratis-test/target/test/data/b8de9602/MiniRaftClusterWithGrpce58ca676/s6/fd7a20ee-19f9-4f80-8ea7-c3e5d6dfbc38/current/raft-meta.conf
	at java.base/sun.nio.fs.UnixException.translateToIOException(UnixException.java:92)
	at java.base/sun.nio.fs.UnixException.rethrowAsIOException(UnixException.java:111)
	at java.base/sun.nio.fs.UnixException.rethrowAsIOException(UnixException.java:116)
	at java.base/sun.nio.fs.UnixFileSystemProvider.newByteChannel(UnixFileSystemProvider.java:219)
	at java.base/java.nio.file.Files.newByteChannel(Files.java:371)
	at java.base/java.nio.file.Files.newByteChannel(Files.java:422)
	at java.base/java.nio.file.spi.FileSystemProvider.newInputStream(FileSystemProvider.java:420)
	at java.base/java.nio.file.Files.newInputStream(Files.java:156)
	at org.apache.ratis.util.FileUtils.lambda$newInputStream$2(FileUtils.java:73)
	at org.apache.ratis.util.LogUtils.supplyAndLog(LogUtils.java:58)
	at org.apache.ratis.util.FileUtils.newInputStream(FileUtils.java:72)
	at org.apache.ratis.util.FileUtils.newInputStream(FileUtils.java:68)
	at org.apache.ratis.server.storage.RaftStorageImpl.readRaftConfiguration(RaftStorageImpl.java:156)
	at org.apache.ratis.server.impl.ServerState.initialize(ServerState.java:141)
	at org.apache.ratis.server.impl.RaftServerImpl.start(RaftServerImpl.java:388)
	at org.apache.ratis.server.impl.RaftServerProxy.lambda$groupAddAsync$13(RaftServerProxy.java:509)
	at java.base/java.util.concurrent.CompletableFuture$UniApply.tryFire(CompletableFuture.java:642)
	at java.base/java.util.concurrent.CompletableFuture$Completion.run(CompletableFuture.java:478)
	at java.base/java.util.concurrent.ThreadPoolExecutor.runWorker(ThreadPoolExecutor.java:1128)
	at java.base/java.util.concurrent.ThreadPoolExecutor$Worker.run(ThreadPoolExecutor.java:628)
	at java.base/java.lang.Thread.run(Thread.java:829)
2023-12-13 18:50:10,734 [s6-groupManagement] INFO  server.RaftServerConfigKeys (ConfUtils.java:logGet(46)) - raft.server.log.use.memory = false (default)
2023-12-13 18:50:10,734 [s6-groupManagement] INFO  server.RaftServerConfigKeys (ConfUtils.java:logGet(46)) - raft.server.log.purge.gap = 1024 (default)
2023-12-13 18:50:10,734 [s6-groupManagement] INFO  server.RaftServerConfigKeys (ConfUtils.java:logGet(46)) - raft.server.log.appender.buffer.byte-limit = 4MB (=4194304) (default)
2023-12-13 18:50:10,734 [s6-groupManagement] INFO  server.RaftServerConfigKeys (ConfUtils.java:logGet(46)) - raft.server.log.statemachine.data.read.timeout = 1000ms (default)
2023-12-13 18:50:10,734 [s6-groupManagement] INFO  server.RaftServerConfigKeys (ConfUtils.java:logGet(46)) - raft.server.log.purge.preservation.log.num = 0 (default)
2023-12-13 18:50:10,734 [s6-groupManagement] INFO  server.RaftServerConfigKeys (ConfUtils.java:logGet(46)) - raft.server.log.segment.size.max = 32MB (=33554432) (default)
2023-12-13 18:50:10,734 [s6-groupManagement] INFO  server.RaftServerConfigKeys (ConfUtils.java:logGet(46)) - raft.server.log.segment.cache.num.max = 6 (default)
2023-12-13 18:50:10,734 [s6-groupManagement] INFO  server.RaftServerConfigKeys (ConfUtils.java:logGet(46)) - raft.server.log.segment.cache.size.max = 200MB (=209715200) (default)
2023-12-13 18:50:10,734 [s6-groupManagement] INFO  server.RaftServerConfigKeys (ConfUtils.java:logGet(46)) - raft.server.log.appender.buffer.byte-limit = 4MB (=4194304) (default)
2023-12-13 18:50:10,734 [s6-groupManagement] INFO  util.AwaitToRun (AwaitToRun.java:start(81)) - Thread[s6@group-C3E5D6DFBC38-cacheEviction-AwaitToRun,5,main] started
2023-12-13 18:50:10,734 [s6-groupManagement] INFO  segmented.SegmentedRaftLogWorker (SegmentedRaftLogWorker.java:<init>(182)) - new s6@group-C3E5D6DFBC38-SegmentedRaftLogWorker for RaftStorageImpl:Storage Directory /home/runner/work/ratis/ratis/ratis-test/target/test/data/b8de9602/MiniRaftClusterWithGrpce58ca676/s6/fd7a20ee-19f9-4f80-8ea7-c3e5d6dfbc38
2023-12-13 18:50:10,735 [s6-groupManagement] INFO  server.RaftServerConfigKeys (ConfUtils.java:logGet(46)) - raft.server.log.queue.byte-limit = 64MB (=67108864) (default)
2023-12-13 18:50:10,735 [s6-groupManagement] INFO  server.RaftServerConfigKeys (ConfUtils.java:logGet(46)) - raft.server.log.queue.element-limit = 4096 (default)
2023-12-13 18:50:10,735 [s6-groupManagement] INFO  server.RaftServerConfigKeys (ConfUtils.java:logGet(46)) - raft.server.log.segment.size.max = 32MB (=33554432) (default)
2023-12-13 18:50:10,735 [s6-groupManagement] INFO  server.RaftServerConfigKeys (ConfUtils.java:logGet(46)) - raft.server.log.preallocated.size = 4MB (=4194304) (default)
2023-12-13 18:50:10,735 [s6-groupManagement] INFO  server.RaftServerConfigKeys (ConfUtils.java:logGet(46)) - raft.server.log.force.sync.num = 128 (default)
2023-12-13 18:50:10,735 [s6-groupManagement] INFO  server.RaftServerConfigKeys (ConfUtils.java:logGet(46)) - raft.server.log.statemachine.data.sync = true (default)
2023-12-13 18:50:10,735 [s6-groupManagement] INFO  server.RaftServerConfigKeys (ConfUtils.java:logGet(46)) - raft.server.log.statemachine.data.sync.timeout = 10s (default)
2023-12-13 18:50:10,735 [s6-groupManagement] INFO  server.RaftServerConfigKeys (ConfUtils.java:logGet(46)) - raft.server.log.statemachine.data.sync.timeout.retry = -1 (default)
2023-12-13 18:50:10,735 [s6-groupManagement] INFO  server.RaftServerConfigKeys (ConfUtils.java:logGet(46)) - raft.server.log.write.buffer.size = 8MB (=8388608) (default)
2023-12-13 18:50:10,737 [s6-groupManagement] INFO  server.RaftServerConfigKeys (ConfUtils.java:logGet(46)) - raft.server.log.appender.buffer.byte-limit = 4MB (=4194304) (default)
2023-12-13 18:50:10,737 [s6-groupManagement] INFO  server.RaftServerConfigKeys (ConfUtils.java:logGet(46)) - raft.server.log.unsafe-flush.enabled = false (default)
2023-12-13 18:50:10,737 [s6-groupManagement] INFO  server.RaftServerConfigKeys (ConfUtils.java:logGet(46)) - raft.server.log.async-flush.enabled = false (default)
2023-12-13 18:50:10,737 [s6-groupManagement] INFO  server.RaftServerConfigKeys (ConfUtils.java:logGet(46)) - raft.server.log.statemachine.data.caching.enabled = false (default)
2023-12-13 18:50:10,737 [s6-groupManagement] INFO  segmented.SegmentedRaftLogWorker (SegmentedRaftLogWorker.java:lambda$new$0(134)) - s6@group-C3E5D6DFBC38-SegmentedRaftLogWorker: flushIndex: setUnconditionally 0 -> -1
2023-12-13 18:50:10,737 [s6-groupManagement] INFO  segmented.SegmentedRaftLogWorker (SegmentedRaftLogWorker.java:lambda$new$0(134)) - s6@group-C3E5D6DFBC38-SegmentedRaftLogWorker: safeCacheEvictIndex: setUnconditionally 0 -> -1
2023-12-13 18:50:10,737 [s6-groupManagement] INFO  server.RaftServer$Division (RaftServerImpl.java:start(398)) - s6@group-C3E5D6DFBC38: start with initializing state, conf=-1: peers:[]|listeners:[], old=null
2023-12-13 18:50:10,738 [s6-groupManagement] INFO  server.RaftServer$Division (RaftServerImpl.java:setRole(379)) - s6@group-C3E5D6DFBC38: changes role from      null to FOLLOWER at term 0 for startInitializing
2023-12-13 18:50:10,738 [s6-groupManagement] INFO  util.JmxRegister (JmxRegister.java:tryRegister(44)) - Successfully registered JMX Bean with object name Ratis:service=RaftServer,group=group-C3E5D6DFBC38,id=s6
2023-12-13 18:50:10,738 [s6-groupManagement] INFO  server.RaftServerConfigKeys (ConfUtils.java:logGet(46)) - raft.server.snapshot.trigger-when-stop.enabled = true (default)
2023-12-13 18:50:10,738 [s6-groupManagement] INFO  server.RaftServerConfigKeys (ConfUtils.java:logGet(46)) - raft.server.snapshot.auto.trigger.enabled = false (default)
2023-12-13 18:50:10,738 [s6-groupManagement] INFO  server.RaftServerConfigKeys (ConfUtils.java:logGet(46)) - raft.server.snapshot.retention.file.num = -1 (default)
2023-12-13 18:50:10,738 [s6-groupManagement] INFO  server.RaftServerConfigKeys (ConfUtils.java:logGet(46)) - raft.server.log.purge.upto.snapshot.index = false (default)
2023-12-13 18:50:10,742 [Time-limited test] INFO  impl.GroupManagementBaseTest (GroupManagementBaseTest.java:runMultiGroupTest(330)) - 1) setConfiguration: printing group-C3E5D6DFBC38
  s3:  RUNNING [
   FOLLOWER s3@group-C3E5D6DFBC38:t1, leader=s1, voted=s1, raftlog=Memoized:s3@group-C3E5D6DFBC38-SegmentedRaftLog:OPENED:c0, conf=0: peers:[s3|0.0.0.0:43047, s4|0.0.0.0:36395, s5|0.0.0.0:40741, s1|0.0.0.0:37953, s2|0.0.0.0:44821]|listeners:[], old=null RUNNING
   FOLLOWER s3@group-E92128DFC347:t0, leader=null, voted=, raftlog=Memoized:s3@group-E92128DFC347-SegmentedRaftLog:OPENED:c-1, conf=-1: peers:[]|listeners:[], old=null STARTING] size=2
  s4:  RUNNING [
   FOLLOWER s4@group-C3E5D6DFBC38:t1, leader=s1, voted=s1, raftlog=Memoized:s4@group-C3E5D6DFBC38-SegmentedRaftLog:OPENED:c0, conf=0: peers:[s3|0.0.0.0:43047, s4|0.0.0.0:36395, s5|0.0.0.0:40741, s1|0.0.0.0:37953, s2|0.0.0.0:44821]|listeners:[], old=null RUNNING
   FOLLOWER s4@group-E92128DFC347:t0, leader=null, voted=, raftlog=Memoized:s4@group-E92128DFC347-SegmentedRaftLog:OPENED:c-1, conf=-1: peers:[]|listeners:[], old=null STARTING] size=2
  s5:  RUNNING [
   FOLLOWER s5@group-C3E5D6DFBC38:t1, leader=s1, voted=s1, raftlog=Memoized:s5@group-C3E5D6DFBC38-SegmentedRaftLog:OPENED:c0, conf=0: peers:[s3|0.0.0.0:43047, s4|0.0.0.0:36395, s5|0.0.0.0:40741, s1|0.0.0.0:37953, s2|0.0.0.0:44821]|listeners:[], old=null RUNNING
   FOLLOWER s5@group-E92128DFC347:t0, leader=null, voted=, raftlog=Memoized:s5@group-E92128DFC347-SegmentedRaftLog:OPENED:c-1, conf=-1: peers:[]|listeners:[], old=null STARTING] size=2
  s6:  RUNNING [
   FOLLOWER s6@group-C3E5D6DFBC38:t0, leader=null, voted=, raftlog=Memoized:s6@group-C3E5D6DFBC38-SegmentedRaftLog:OPENED:c-1, conf=-1: peers:[]|listeners:[], old=null STARTING
   FOLLOWER s6@group-E92128DFC347:t0, leader=null, voted=, raftlog=Memoized:s6@group-E92128DFC347-SegmentedRaftLog:OPENED:c-1, conf=-1: peers:[]|listeners:[], old=null STARTING] size=2
  s0:  RUNNING [
   FOLLOWER s0@group-C3E5D6DFBC38:t0, leader=null, voted=, raftlog=Memoized:s0@group-C3E5D6DFBC38-SegmentedRaftLog:OPENED:c-1, conf=-1: peers:[]|listeners:[], old=null STARTING
   FOLLOWER s0@group-E92128DFC347:t0, leader=null, voted=, raftlog=Memoized:s0@group-E92128DFC347-SegmentedRaftLog:OPENED:c-1, conf=-1: peers:[]|listeners:[], old=null STARTING] size=2
  s1:  RUNNING [
     LEADER s1@group-C3E5D6DFBC38:t1, leader=s1, voted=s1, raftlog=Memoized:s1@group-C3E5D6DFBC38-SegmentedRaftLog:OPENED:c0, conf=0: peers:[s3|0.0.0.0:43047, s4|0.0.0.0:36395, s5|0.0.0.0:40741, s1|0.0.0.0:37953, s2|0.0.0.0:44821]|listeners:[], old=null RUNNING
   FOLLOWER s1@group-E92128DFC347:t0, leader=null, voted=, raftlog=Memoized:s1@group-E92128DFC347-SegmentedRaftLog:OPENED:c-1, conf=-1: peers:[]|listeners:[], old=null STARTING] size=2
  s2:  RUNNING [
   FOLLOWER s2@group-C3E5D6DFBC38:t1, leader=s1, voted=s1, raftlog=Memoized:s2@group-C3E5D6DFBC38-SegmentedRaftLog:OPENED:c0, conf=0: peers:[s3|0.0.0.0:43047, s4|0.0.0.0:36395, s5|0.0.0.0:40741, s1|0.0.0.0:37953, s2|0.0.0.0:44821]|listeners:[], old=null RUNNING
   FOLLOWER s2@group-E92128DFC347:t0, leader=null, voted=, raftlog=Memoized:s2@group-E92128DFC347-SegmentedRaftLog:OPENED:c-1, conf=-1: peers:[]|listeners:[], old=null STARTING] size=2
2023-12-13 18:50:10,742 [Time-limited test] DEBUG client.RaftClient (ConfUtils.java:logGet(46)) - raft.rpc.type = GRPC (default)
2023-12-13 18:50:10,757 [s3-server-thread1] INFO  server.RaftServer$Division (RaftServerImpl.java:setConfigurationAsync(1264)) - s3@group-C3E5D6DFBC38: receive setConfiguration SetConfigurationRequest:client-42D07F87698C->s3@group-C3E5D6DFBC38, cid=19, seq=null, RW, null, SET_UNCONDITIONALLY, servers:[s3|0.0.0.0:43047, s4|0.0.0.0:36395, s5|0.0.0.0:40741, s6|0.0.0.0:41641, s0|0.0.0.0:40531, s1|0.0.0.0:37953, s2|0.0.0.0:44821], listeners:[]
2023-12-13 18:50:10,760 [Time-limited test] DEBUG client.RaftClient (RaftClientImpl.java:handleIOException(419)) - client-42D07F87698C: suggested new leader: s1. Failed SetConfigurationRequest:client-42D07F87698C->s3@group-C3E5D6DFBC38, cid=19, seq=null, RW, null, SET_UNCONDITIONALLY, servers:[s3|0.0.0.0:43047, s4|0.0.0.0:36395, s5|0.0.0.0:40741, s6|0.0.0.0:41641, s0|0.0.0.0:40531, s1|0.0.0.0:37953, s2|0.0.0.0:44821], listeners:[] with {}
org.apache.ratis.protocol.exceptions.NotLeaderException: Server s3@group-C3E5D6DFBC38 is not the leader s1|0.0.0.0:37953
	at org.apache.ratis.client.impl.ClientProtoUtils.toRaftClientReply(ClientProtoUtils.java:397)
	at org.apache.ratis.grpc.client.GrpcClientRpc.sendRequest(GrpcClientRpc.java:102)
	at org.apache.ratis.client.impl.BlockingImpl.sendRequest(BlockingImpl.java:145)
	at org.apache.ratis.client.impl.BlockingImpl.sendRequestWithRetry(BlockingImpl.java:109)
	at org.apache.ratis.client.impl.AdminImpl.setConfiguration(AdminImpl.java:46)
	at org.apache.ratis.client.api.AdminApi.setConfiguration(AdminApi.java:51)
	at org.apache.ratis.client.api.AdminApi.setConfiguration(AdminApi.java:45)
	at org.apache.ratis.server.impl.GroupManagementBaseTest.lambda$runMultiGroupTest$10(GroupManagementBaseTest.java:333)
	at org.apache.ratis.server.impl.RaftServerTestUtil.runWithMinorityPeers(RaftServerTestUtil.java:215)
	at org.apache.ratis.server.impl.GroupManagementBaseTest.runMultiGroupTest(GroupManagementBaseTest.java:332)
	at org.apache.ratis.server.impl.GroupManagementBaseTest.runMultiGroupTest(GroupManagementBaseTest.java:237)
	at org.apache.ratis.server.impl.GroupManagementBaseTest.testMultiGroup7Nodes(GroupManagementBaseTest.java:226)
	at java.base/jdk.internal.reflect.NativeMethodAccessorImpl.invoke0(Native Method)
	at java.base/jdk.internal.reflect.NativeMethodAccessorImpl.invoke(NativeMethodAccessorImpl.java:62)
	at java.base/jdk.internal.reflect.DelegatingMethodAccessorImpl.invoke(DelegatingMethodAccessorImpl.java:43)
	at java.base/java.lang.reflect.Method.invoke(Method.java:566)
	at org.junit.runners.model.FrameworkMethod$1.runReflectiveCall(FrameworkMethod.java:59)
	at org.junit.internal.runners.model.ReflectiveCallable.run(ReflectiveCallable.java:12)
	at org.junit.runners.model.FrameworkMethod.invokeExplosively(FrameworkMethod.java:56)
	at org.junit.internal.runners.statements.InvokeMethod.evaluate(InvokeMethod.java:17)
	at org.junit.internal.runners.statements.RunAfters.evaluate(RunAfters.java:27)
	at org.junit.internal.runners.statements.FailOnTimeout$CallableStatement.call(FailOnTimeout.java:299)
	at org.junit.internal.runners.statements.FailOnTimeout$CallableStatement.call(FailOnTimeout.java:293)
	at java.base/java.util.concurrent.FutureTask.run(FutureTask.java:264)
	at java.base/java.lang.Thread.run(Thread.java:829)
2023-12-13 18:50:10,761 [Time-limited test] DEBUG client.RaftClient (RaftClientImpl.java:handleIOException(438)) - client-42D07F87698C: oldLeader=s3,  curLeader=s3, newLeader=s1
2023-12-13 18:50:10,761 [Time-limited test] DEBUG client.RaftClient (RaftClientImpl.java:handleIOException(444)) - client-42D07F87698C changes Leader from s3 to s1 for group-C3E5D6DFBC38
org.apache.ratis.protocol.exceptions.NotLeaderException: Server s3@group-C3E5D6DFBC38 is not the leader s1|0.0.0.0:37953
	at org.apache.ratis.client.impl.ClientProtoUtils.toRaftClientReply(ClientProtoUtils.java:397)
	at org.apache.ratis.grpc.client.GrpcClientRpc.sendRequest(GrpcClientRpc.java:102)
	at org.apache.ratis.client.impl.BlockingImpl.sendRequest(BlockingImpl.java:145)
	at org.apache.ratis.client.impl.BlockingImpl.sendRequestWithRetry(BlockingImpl.java:109)
	at org.apache.ratis.client.impl.AdminImpl.setConfiguration(AdminImpl.java:46)
	at org.apache.ratis.client.api.AdminApi.setConfiguration(AdminApi.java:51)
	at org.apache.ratis.client.api.AdminApi.setConfiguration(AdminApi.java:45)
	at org.apache.ratis.server.impl.GroupManagementBaseTest.lambda$runMultiGroupTest$10(GroupManagementBaseTest.java:333)
	at org.apache.ratis.server.impl.RaftServerTestUtil.runWithMinorityPeers(RaftServerTestUtil.java:215)
	at org.apache.ratis.server.impl.GroupManagementBaseTest.runMultiGroupTest(GroupManagementBaseTest.java:332)
	at org.apache.ratis.server.impl.GroupManagementBaseTest.runMultiGroupTest(GroupManagementBaseTest.java:237)
	at org.apache.ratis.server.impl.GroupManagementBaseTest.testMultiGroup7Nodes(GroupManagementBaseTest.java:226)
	at java.base/jdk.internal.reflect.NativeMethodAccessorImpl.invoke0(Native Method)
	at java.base/jdk.internal.reflect.NativeMethodAccessorImpl.invoke(NativeMethodAccessorImpl.java:62)
	at java.base/jdk.internal.reflect.DelegatingMethodAccessorImpl.invoke(DelegatingMethodAccessorImpl.java:43)
	at java.base/java.lang.reflect.Method.invoke(Method.java:566)
	at org.junit.runners.model.FrameworkMethod$1.runReflectiveCall(FrameworkMethod.java:59)
	at org.junit.internal.runners.model.ReflectiveCallable.run(ReflectiveCallable.java:12)
	at org.junit.runners.model.FrameworkMethod.invokeExplosively(FrameworkMethod.java:56)
	at org.junit.internal.runners.statements.InvokeMethod.evaluate(InvokeMethod.java:17)
	at org.junit.internal.runners.statements.RunAfters.evaluate(RunAfters.java:27)
	at org.junit.internal.runners.statements.FailOnTimeout$CallableStatement.call(FailOnTimeout.java:299)
	at org.junit.internal.runners.statements.FailOnTimeout$CallableStatement.call(FailOnTimeout.java:293)
	at java.base/java.util.concurrent.FutureTask.run(FutureTask.java:264)
	at java.base/java.lang.Thread.run(Thread.java:829)
2023-12-13 18:50:10,866 [s1-server-thread1] INFO  server.RaftServer$Division (RaftServerImpl.java:setConfigurationAsync(1264)) - s1@group-C3E5D6DFBC38: receive setConfiguration SetConfigurationRequest:client-42D07F87698C->s1@group-C3E5D6DFBC38, cid=19, seq=null, RW, null, SET_UNCONDITIONALLY, servers:[s3|0.0.0.0:43047, s4|0.0.0.0:36395, s5|0.0.0.0:40741, s6|0.0.0.0:41641, s0|0.0.0.0:40531, s1|0.0.0.0:37953, s2|0.0.0.0:44821], listeners:[]
2023-12-13 18:50:10,866 [s1-server-thread1] INFO  server.RaftServer$Division (LeaderStateImpl.java:startSetConfiguration(488)) - s1@group-C3E5D6DFBC38-LeaderStateImpl: startSetConfiguration SetConfigurationRequest:client-42D07F87698C->s1@group-C3E5D6DFBC38, cid=19, seq=null, RW, null, SET_UNCONDITIONALLY, servers:[s3|0.0.0.0:43047, s4|0.0.0.0:36395, s5|0.0.0.0:40741, s6|0.0.0.0:41641, s0|0.0.0.0:40531, s1|0.0.0.0:37953, s2|0.0.0.0:44821], listeners:[]
2023-12-13 18:50:10,868 [s1-server-thread1] INFO  server.RaftServerConfigKeys (ConfUtils.java:logGet(46)) - raft.server.log.appender.snapshot.chunk.size.max = 16MB (=16777216) (default)
2023-12-13 18:50:10,868 [s1-server-thread1] INFO  server.RaftServerConfigKeys (ConfUtils.java:logGet(46)) - raft.server.log.appender.buffer.byte-limit = 4MB (=4194304) (default)
2023-12-13 18:50:10,868 [s1-server-thread1] INFO  server.RaftServerConfigKeys (ConfUtils.java:logGet(46)) - raft.server.log.appender.buffer.element-limit = 0 (default)
2023-12-13 18:50:10,868 [s1-server-thread1] INFO  server.RaftServerConfigKeys (ConfUtils.java:logGet(46)) - raft.server.log.appender.wait-time.min = 1ms (default)
2023-12-13 18:50:10,868 [s1-server-thread1] INFO  grpc.GrpcConfigKeys (ConfUtils.java:logGet(46)) - raft.grpc.server.leader.outstanding.appends.max = 8 (default)
2023-12-13 18:50:10,868 [s1-server-thread1] INFO  server.RaftServerConfigKeys (ConfUtils.java:logGet(46)) - raft.server.rpc.request.timeout = 3000ms (default)
2023-12-13 18:50:10,868 [s1-server-thread1] INFO  grpc.GrpcConfigKeys (ConfUtils.java:logGet(46)) - raft.grpc.server.install_snapshot.request.element-limit = 8 (default)
2023-12-13 18:50:10,868 [s1-server-thread1] INFO  grpc.GrpcConfigKeys (ConfUtils.java:logGet(46)) - raft.grpc.server.install_snapshot.request.timeout = 3000ms (default)
2023-12-13 18:50:10,868 [s1-server-thread1] INFO  server.RaftServerConfigKeys (ConfUtils.java:logGet(46)) - raft.server.log.appender.install.snapshot.enabled = true (default)
2023-12-13 18:50:10,868 [s1-server-thread1] INFO  grpc.GrpcConfigKeys (ConfUtils.java:logGet(46)) - raft.grpc.server.heartbeat.channel = true (default)
2023-12-13 18:50:10,868 [s1-server-thread1] INFO  server.RaftServerConfigKeys (ConfUtils.java:logGet(46)) - raft.server.log.appender.snapshot.chunk.size.max = 16MB (=16777216) (default)
2023-12-13 18:50:10,868 [s1-server-thread1] INFO  server.RaftServerConfigKeys (ConfUtils.java:logGet(46)) - raft.server.log.appender.buffer.byte-limit = 4MB (=4194304) (default)
2023-12-13 18:50:10,868 [s1-server-thread1] INFO  server.RaftServerConfigKeys (ConfUtils.java:logGet(46)) - raft.server.log.appender.buffer.element-limit = 0 (default)
2023-12-13 18:50:10,868 [s1-server-thread1] INFO  server.RaftServerConfigKeys (ConfUtils.java:logGet(46)) - raft.server.log.appender.wait-time.min = 1ms (default)
2023-12-13 18:50:10,868 [s1-server-thread1] INFO  grpc.GrpcConfigKeys (ConfUtils.java:logGet(46)) - raft.grpc.server.leader.outstanding.appends.max = 8 (default)
2023-12-13 18:50:10,868 [s1-server-thread1] INFO  server.RaftServerConfigKeys (ConfUtils.java:logGet(46)) - raft.server.rpc.request.timeout = 3000ms (default)
2023-12-13 18:50:10,868 [s1-server-thread1] INFO  grpc.GrpcConfigKeys (ConfUtils.java:logGet(46)) - raft.grpc.server.install_snapshot.request.element-limit = 8 (default)
2023-12-13 18:50:10,868 [s1-server-thread1] INFO  grpc.GrpcConfigKeys (ConfUtils.java:logGet(46)) - raft.grpc.server.install_snapshot.request.timeout = 3000ms (default)
2023-12-13 18:50:10,869 [s1-server-thread1] INFO  server.RaftServerConfigKeys (ConfUtils.java:logGet(46)) - raft.server.log.appender.install.snapshot.enabled = true (default)
2023-12-13 18:50:10,869 [s1-server-thread1] INFO  grpc.GrpcConfigKeys (ConfUtils.java:logGet(46)) - raft.grpc.server.heartbeat.channel = true (default)
2023-12-13 18:50:10,869 [s1@group-C3E5D6DFBC38->s6-GrpcLogAppender-LogAppenderDaemon] INFO  leader.FollowerInfo (FollowerInfoImpl.java:setAttemptedToInstallSnapshot(154)) - Follower s1@group-C3E5D6DFBC38->s6 acknowledged installing snapshot
2023-12-13 18:50:10,869 [s1@group-C3E5D6DFBC38->s0-GrpcLogAppender-LogAppenderDaemon] INFO  leader.FollowerInfo (FollowerInfoImpl.java:setAttemptedToInstallSnapshot(154)) - Follower s1@group-C3E5D6DFBC38->s0 acknowledged installing snapshot
2023-12-13 18:50:10,870 [s1@group-C3E5D6DFBC38->s0-GrpcLogAppender-LogAppenderDaemon] INFO  server.GrpcServerProtocolClient (GrpcServerProtocolClient.java:<init>(65)) - Build channel for s0
2023-12-13 18:50:10,870 [s1@group-C3E5D6DFBC38->s6-GrpcLogAppender-LogAppenderDaemon] INFO  server.GrpcServerProtocolClient (GrpcServerProtocolClient.java:<init>(65)) - Build channel for s6
2023-12-13 18:50:10,875 [s6-server-thread1] TRACE util.FileUtils (LogUtils.java:supplyAndLog(69)) - Successfully supplied FileChannel.open /home/runner/work/ratis/ratis/ratis-test/target/test/data/b8de9602/MiniRaftClusterWithGrpce58ca676/s6/fd7a20ee-19f9-4f80-8ea7-c3e5d6dfbc38/current/raft-meta.tmp with options [CREATE, WRITE]: sun.nio.ch.FileChannelImpl@5e043c80
2023-12-13 18:50:10,876 [s0-server-thread1] TRACE util.FileUtils (LogUtils.java:supplyAndLog(69)) - Successfully supplied FileChannel.open /home/runner/work/ratis/ratis/ratis-test/target/test/data/b8de9602/MiniRaftClusterWithGrpce58ca676/s0/fd7a20ee-19f9-4f80-8ea7-c3e5d6dfbc38/current/raft-meta.tmp with options [CREATE, WRITE]: sun.nio.ch.FileChannelImpl@309e16a
2023-12-13 18:50:10,876 [s6-server-thread1] TRACE util.FileUtils (LogUtils.java:runAndLog(49)) - Successfully ran Atomic Files.move /home/runner/work/ratis/ratis/ratis-test/target/test/data/b8de9602/MiniRaftClusterWithGrpce58ca676/s6/fd7a20ee-19f9-4f80-8ea7-c3e5d6dfbc38/current/raft-meta.tmp to /home/runner/work/ratis/ratis/ratis-test/target/test/data/b8de9602/MiniRaftClusterWithGrpce58ca676/s6/fd7a20ee-19f9-4f80-8ea7-c3e5d6dfbc38/current/raft-meta with options [REPLACE_EXISTING]
2023-12-13 18:50:10,877 [s6-server-thread1] INFO  server.RaftServer$Division (RaftServerImpl.java:setFirstElection(564)) - s6@group-C3E5D6DFBC38: set firstElectionSinceStartup to false for appendEntries
2023-12-13 18:50:10,877 [s6-server-thread1] INFO  server.RaftServer$Division (ServerState.java:setLeader(265)) - s6@group-C3E5D6DFBC38: change Leader from null to s1 at term 1 for appendEntries, leader elected after 148ms
2023-12-13 18:50:10,877 [s0-server-thread1] TRACE util.FileUtils (LogUtils.java:runAndLog(49)) - Successfully ran Atomic Files.move /home/runner/work/ratis/ratis/ratis-test/target/test/data/b8de9602/MiniRaftClusterWithGrpce58ca676/s0/fd7a20ee-19f9-4f80-8ea7-c3e5d6dfbc38/current/raft-meta.tmp to /home/runner/work/ratis/ratis/ratis-test/target/test/data/b8de9602/MiniRaftClusterWithGrpce58ca676/s0/fd7a20ee-19f9-4f80-8ea7-c3e5d6dfbc38/current/raft-meta with options [REPLACE_EXISTING]
2023-12-13 18:50:10,877 [s0-server-thread1] INFO  server.RaftServer$Division (RaftServerImpl.java:setFirstElection(564)) - s0@group-C3E5D6DFBC38: set firstElectionSinceStartup to false for appendEntries
2023-12-13 18:50:10,877 [s0-server-thread1] INFO  server.RaftServer$Division (ServerState.java:setLeader(265)) - s0@group-C3E5D6DFBC38: change Leader from null to s1 at term 1 for appendEntries, leader elected after 161ms
2023-12-13 18:50:10,877 [s6-server-thread2] DEBUG server.RaftServer$Division (RaftServerImpl.java:logAppendEntries(1504)) - s6@group-C3E5D6DFBC38: receive appendEntries(s1, 1, null, 0, true, commits:[s1:c0, s3:c0, s4:c0, s5:c0, s2:c0, s6:c-1, s0:c-1], cId:1, entries: [(t:1, i:0), CONFIGURATIONENTRY(current:id: "s3"
address: "0.0.0.0:43047"
clientAddress: "0.0.0.0:43047"
adminAddress: "0.0.0.0:43047"
startupRole: FOLLOWER
,id: "s4"
address: "0.0.0.0:36395"
clientAddress: "0.0.0.0:36395"
adminAddress: "0.0.0.0:36395"
startupRole: FOLLOWER
,id: "s5"
address: "0.0.0.0:40741"
clientAddress: "0.0.0.0:40741"
adminAddress: "0.0.0.0:40741"
startupRole: FOLLOWER
,id: "s1"
address: "0.0.0.0:37953"
clientAddress: "0.0.0.0:37953"
adminAddress: "0.0.0.0:37953"
startupRole: FOLLOWER
,id: "s2"
address: "0.0.0.0:44821"
clientAddress: "0.0.0.0:44821"
adminAddress: "0.0.0.0:44821"
startupRole: FOLLOWER
, old:)]
2023-12-13 18:50:10,878 [s0-server-thread2] DEBUG server.RaftServer$Division (RaftServerImpl.java:logAppendEntries(1504)) - s0@group-C3E5D6DFBC38: receive appendEntries(s1, 1, null, 0, true, commits:[s1:c0, s3:c0, s4:c0, s5:c0, s2:c0, s6:c-1, s0:c-1], cId:1, entries: [(t:1, i:0), CONFIGURATIONENTRY(current:id: "s3"
address: "0.0.0.0:43047"
clientAddress: "0.0.0.0:43047"
adminAddress: "0.0.0.0:43047"
startupRole: FOLLOWER
,id: "s4"
address: "0.0.0.0:36395"
clientAddress: "0.0.0.0:36395"
adminAddress: "0.0.0.0:36395"
startupRole: FOLLOWER
,id: "s5"
address: "0.0.0.0:40741"
clientAddress: "0.0.0.0:40741"
adminAddress: "0.0.0.0:40741"
startupRole: FOLLOWER
,id: "s1"
address: "0.0.0.0:37953"
clientAddress: "0.0.0.0:37953"
adminAddress: "0.0.0.0:37953"
startupRole: FOLLOWER
,id: "s2"
address: "0.0.0.0:44821"
clientAddress: "0.0.0.0:44821"
adminAddress: "0.0.0.0:44821"
startupRole: FOLLOWER
, old:)]
2023-12-13 18:50:10,883 [s6-server-thread2] INFO  server.RaftServer$Division (ServerState.java:setRaftConf(382)) - s6@group-C3E5D6DFBC38: set configuration 0: peers:[s3|0.0.0.0:43047, s4|0.0.0.0:36395, s5|0.0.0.0:40741, s1|0.0.0.0:37953, s2|0.0.0.0:44821]|listeners:[], old=null
2023-12-13 18:50:10,883 [s6-server-thread2] INFO  segmented.SegmentedRaftLogWorker (SegmentedRaftLogWorker.java:startLogSegment(430)) - s6@group-C3E5D6DFBC38-SegmentedRaftLogWorker: Starting segment from index:0
2023-12-13 18:50:10,884 [s6@group-C3E5D6DFBC38-SegmentedRaftLogWorker] INFO  segmented.BufferedWriteChannel (BufferedWriteChannel.java:open(62)) - open log_inprogress_0 at position 0
2023-12-13 18:50:10,884 [s0-server-thread2] INFO  server.RaftServer$Division (ServerState.java:setRaftConf(382)) - s0@group-C3E5D6DFBC38: set configuration 0: peers:[s3|0.0.0.0:43047, s4|0.0.0.0:36395, s5|0.0.0.0:40741, s1|0.0.0.0:37953, s2|0.0.0.0:44821]|listeners:[], old=null
2023-12-13 18:50:10,884 [s0-server-thread2] INFO  segmented.SegmentedRaftLogWorker (SegmentedRaftLogWorker.java:startLogSegment(430)) - s0@group-C3E5D6DFBC38-SegmentedRaftLogWorker: Starting segment from index:0
2023-12-13 18:50:10,886 [s0@group-C3E5D6DFBC38-SegmentedRaftLogWorker] INFO  segmented.BufferedWriteChannel (BufferedWriteChannel.java:open(62)) - open log_inprogress_0 at position 0
2023-12-13 18:50:10,894 [s6@group-C3E5D6DFBC38-SegmentedRaftLogWorker] INFO  segmented.SegmentedRaftLogWorker (SegmentedRaftLogWorker.java:execute(634)) - s6@group-C3E5D6DFBC38-SegmentedRaftLogWorker: created new log segment /home/runner/work/ratis/ratis/ratis-test/target/test/data/b8de9602/MiniRaftClusterWithGrpce58ca676/s6/fd7a20ee-19f9-4f80-8ea7-c3e5d6dfbc38/current/log_inprogress_0
2023-12-13 18:50:10,894 [s0@group-C3E5D6DFBC38-SegmentedRaftLogWorker] INFO  segmented.SegmentedRaftLogWorker (SegmentedRaftLogWorker.java:execute(634)) - s0@group-C3E5D6DFBC38-SegmentedRaftLogWorker: created new log segment /home/runner/work/ratis/ratis/ratis-test/target/test/data/b8de9602/MiniRaftClusterWithGrpce58ca676/s0/fd7a20ee-19f9-4f80-8ea7-c3e5d6dfbc38/current/log_inprogress_0
2023-12-13 18:50:10,895 [s6-server-thread3] DEBUG server.RaftServer$Division (RaftServerImpl.java:logAppendEntries(1504)) - s6@group-C3E5D6DFBC38: succeeded to handle AppendEntries. Reply: s1<-s6#1:OK-t1,SUCCESS,nextIndex=1,followerCommit=0,matchIndex=0
2023-12-13 18:50:10,895 [s6@group-C3E5D6DFBC38-StateMachineUpdater] TRACE util.FileUtils (LogUtils.java:supplyAndLog(69)) - Successfully supplied FileChannel.open /home/runner/work/ratis/ratis/ratis-test/target/test/data/b8de9602/MiniRaftClusterWithGrpce58ca676/s6/fd7a20ee-19f9-4f80-8ea7-c3e5d6dfbc38/current/raft-meta.conf.tmp with options [CREATE, WRITE]: sun.nio.ch.FileChannelImpl@1101bd52
2023-12-13 18:50:10,895 [s0@group-C3E5D6DFBC38-StateMachineUpdater] TRACE util.FileUtils (LogUtils.java:supplyAndLog(69)) - Successfully supplied FileChannel.open /home/runner/work/ratis/ratis/ratis-test/target/test/data/b8de9602/MiniRaftClusterWithGrpce58ca676/s0/fd7a20ee-19f9-4f80-8ea7-c3e5d6dfbc38/current/raft-meta.conf.tmp with options [CREATE, WRITE]: sun.nio.ch.FileChannelImpl@231a297a
2023-12-13 18:50:10,896 [s0-server-thread3] DEBUG server.RaftServer$Division (RaftServerImpl.java:logAppendEntries(1504)) - s0@group-C3E5D6DFBC38: succeeded to handle AppendEntries. Reply: s1<-s0#1:OK-t1,SUCCESS,nextIndex=1,followerCommit=0,matchIndex=0
2023-12-13 18:50:10,896 [s6@group-C3E5D6DFBC38-StateMachineUpdater] TRACE util.FileUtils (LogUtils.java:runAndLog(49)) - Successfully ran Atomic Files.move /home/runner/work/ratis/ratis/ratis-test/target/test/data/b8de9602/MiniRaftClusterWithGrpce58ca676/s6/fd7a20ee-19f9-4f80-8ea7-c3e5d6dfbc38/current/raft-meta.conf.tmp to /home/runner/work/ratis/ratis/ratis-test/target/test/data/b8de9602/MiniRaftClusterWithGrpce58ca676/s6/fd7a20ee-19f9-4f80-8ea7-c3e5d6dfbc38/current/raft-meta.conf with options [REPLACE_EXISTING]
2023-12-13 18:50:10,898 [s0@group-C3E5D6DFBC38-StateMachineUpdater] TRACE util.FileUtils (LogUtils.java:runAndLog(49)) - Successfully ran Atomic Files.move /home/runner/work/ratis/ratis/ratis-test/target/test/data/b8de9602/MiniRaftClusterWithGrpce58ca676/s0/fd7a20ee-19f9-4f80-8ea7-c3e5d6dfbc38/current/raft-meta.conf.tmp to /home/runner/work/ratis/ratis/ratis-test/target/test/data/b8de9602/MiniRaftClusterWithGrpce58ca676/s0/fd7a20ee-19f9-4f80-8ea7-c3e5d6dfbc38/current/raft-meta.conf with options [REPLACE_EXISTING]
2023-12-13 18:50:10,899 [s1@group-C3E5D6DFBC38-LeaderStateImpl] INFO  server.RaftServer$Division (ServerState.java:setRaftConf(382)) - s1@group-C3E5D6DFBC38: set configuration 1: peers:[s3|0.0.0.0:43047, s4|0.0.0.0:36395, s5|0.0.0.0:40741, s6|0.0.0.0:41641, s0|0.0.0.0:40531, s1|0.0.0.0:37953, s2|0.0.0.0:44821]|listeners:[], old=peers:[s3|0.0.0.0:43047, s4|0.0.0.0:36395, s5|0.0.0.0:40741, s1|0.0.0.0:37953, s2|0.0.0.0:44821]|listeners:[]
2023-12-13 18:50:10,901 [s5-server-thread1] DEBUG server.RaftServer$Division (RaftServerImpl.java:logAppendEntries(1504)) - s5@group-C3E5D6DFBC38: receive appendEntries(s1, 1, (t:1, i:0), 0, false, commits:[s1:c0, s3:c0, s4:c0, s5:c0, s2:c0, s6:c0, s0:c0], cId:10, entries: [(t:1, i:1), CONFIGURATIONENTRY(current:id: "s3"
address: "0.0.0.0:43047"
clientAddress: "0.0.0.0:43047"
adminAddress: "0.0.0.0:43047"
startupRole: FOLLOWER
,id: "s4"
address: "0.0.0.0:36395"
clientAddress: "0.0.0.0:36395"
adminAddress: "0.0.0.0:36395"
startupRole: FOLLOWER
,id: "s5"
address: "0.0.0.0:40741"
clientAddress: "0.0.0.0:40741"
adminAddress: "0.0.0.0:40741"
startupRole: FOLLOWER
,id: "s6"
address: "0.0.0.0:41641"
clientAddress: "0.0.0.0:41641"
adminAddress: "0.0.0.0:41641"
startupRole: FOLLOWER
,id: "s0"
address: "0.0.0.0:40531"
clientAddress: "0.0.0.0:40531"
adminAddress: "0.0.0.0:40531"
startupRole: FOLLOWER
,id: "s1"
address: "0.0.0.0:37953"
clientAddress: "0.0.0.0:37953"
adminAddress: "0.0.0.0:37953"
startupRole: FOLLOWER
,id: "s2"
address: "0.0.0.0:44821"
clientAddress: "0.0.0.0:44821"
adminAddress: "0.0.0.0:44821"
startupRole: FOLLOWER
, old:id: "s3"
address: "0.0.0.0:43047"
clientAddress: "0.0.0.0:43047"
adminAddress: "0.0.0.0:43047"
startupRole: FOLLOWER
,id: "s4"
address: "0.0.0.0:36395"
clientAddress: "0.0.0.0:36395"
adminAddress: "0.0.0.0:36395"
startupRole: FOLLOWER
,id: "s5"
address: "0.0.0.0:40741"
clientAddress: "0.0.0.0:40741"
adminAddress: "0.0.0.0:40741"
startupRole: FOLLOWER
,id: "s1"
address: "0.0.0.0:37953"
clientAddress: "0.0.0.0:37953"
adminAddress: "0.0.0.0:37953"
startupRole: FOLLOWER
,id: "s2"
address: "0.0.0.0:44821"
clientAddress: "0.0.0.0:44821"
adminAddress: "0.0.0.0:44821"
startupRole: FOLLOWER
)]
2023-12-13 18:50:10,901 [s4-server-thread1] DEBUG server.RaftServer$Division (RaftServerImpl.java:logAppendEntries(1504)) - s4@group-C3E5D6DFBC38: receive appendEntries(s1, 1, (t:1, i:0), 0, false, commits:[s1:c0, s3:c0, s4:c0, s5:c0, s2:c0, s6:c0, s0:c0], cId:14, entries: [(t:1, i:1), CONFIGURATIONENTRY(current:id: "s3"
address: "0.0.0.0:43047"
clientAddress: "0.0.0.0:43047"
adminAddress: "0.0.0.0:43047"
startupRole: FOLLOWER
,id: "s4"
address: "0.0.0.0:36395"
clientAddress: "0.0.0.0:36395"
adminAddress: "0.0.0.0:36395"
startupRole: FOLLOWER
,id: "s5"
address: "0.0.0.0:40741"
clientAddress: "0.0.0.0:40741"
adminAddress: "0.0.0.0:40741"
startupRole: FOLLOWER
,id: "s6"
address: "0.0.0.0:41641"
clientAddress: "0.0.0.0:41641"
adminAddress: "0.0.0.0:41641"
startupRole: FOLLOWER
,id: "s0"
address: "0.0.0.0:40531"
clientAddress: "0.0.0.0:40531"
adminAddress: "0.0.0.0:40531"
startupRole: FOLLOWER
,id: "s1"
address: "0.0.0.0:37953"
clientAddress: "0.0.0.0:37953"
adminAddress: "0.0.0.0:37953"
startupRole: FOLLOWER
,id: "s2"
address: "0.0.0.0:44821"
clientAddress: "0.0.0.0:44821"
adminAddress: "0.0.0.0:44821"
startupRole: FOLLOWER
, old:id: "s3"
address: "0.0.0.0:43047"
clientAddress: "0.0.0.0:43047"
adminAddress: "0.0.0.0:43047"
startupRole: FOLLOWER
,id: "s4"
address: "0.0.0.0:36395"
clientAddress: "0.0.0.0:36395"
adminAddress: "0.0.0.0:36395"
startupRole: FOLLOWER
,id: "s5"
address: "0.0.0.0:40741"
clientAddress: "0.0.0.0:40741"
adminAddress: "0.0.0.0:40741"
startupRole: FOLLOWER
,id: "s1"
address: "0.0.0.0:37953"
clientAddress: "0.0.0.0:37953"
adminAddress: "0.0.0.0:37953"
startupRole: FOLLOWER
,id: "s2"
address: "0.0.0.0:44821"
clientAddress: "0.0.0.0:44821"
adminAddress: "0.0.0.0:44821"
startupRole: FOLLOWER
)]
2023-12-13 18:50:10,902 [s4-server-thread1] INFO  server.RaftServer$Division (ServerState.java:setRaftConf(382)) - s4@group-C3E5D6DFBC38: set configuration 1: peers:[s3|0.0.0.0:43047, s4|0.0.0.0:36395, s5|0.0.0.0:40741, s6|0.0.0.0:41641, s0|0.0.0.0:40531, s1|0.0.0.0:37953, s2|0.0.0.0:44821]|listeners:[], old=peers:[s3|0.0.0.0:43047, s4|0.0.0.0:36395, s5|0.0.0.0:40741, s1|0.0.0.0:37953, s2|0.0.0.0:44821]|listeners:[]
2023-12-13 18:50:10,902 [s2-server-thread1] DEBUG server.RaftServer$Division (RaftServerImpl.java:logAppendEntries(1504)) - s2@group-C3E5D6DFBC38: receive appendEntries(s1, 1, (t:1, i:0), 0, false, commits:[s1:c0, s3:c0, s4:c0, s5:c0, s2:c0, s6:c0, s0:c0], cId:11, entries: [(t:1, i:1), CONFIGURATIONENTRY(current:id: "s3"
address: "0.0.0.0:43047"
clientAddress: "0.0.0.0:43047"
adminAddress: "0.0.0.0:43047"
startupRole: FOLLOWER
,id: "s4"
address: "0.0.0.0:36395"
clientAddress: "0.0.0.0:36395"
adminAddress: "0.0.0.0:36395"
startupRole: FOLLOWER
,id: "s5"
address: "0.0.0.0:40741"
clientAddress: "0.0.0.0:40741"
adminAddress: "0.0.0.0:40741"
startupRole: FOLLOWER
,id: "s6"
address: "0.0.0.0:41641"
clientAddress: "0.0.0.0:41641"
adminAddress: "0.0.0.0:41641"
startupRole: FOLLOWER
,id: "s0"
address: "0.0.0.0:40531"
clientAddress: "0.0.0.0:40531"
adminAddress: "0.0.0.0:40531"
startupRole: FOLLOWER
,id: "s1"
address: "0.0.0.0:37953"
clientAddress: "0.0.0.0:37953"
adminAddress: "0.0.0.0:37953"
startupRole: FOLLOWER
,id: "s2"
address: "0.0.0.0:44821"
clientAddress: "0.0.0.0:44821"
adminAddress: "0.0.0.0:44821"
startupRole: FOLLOWER
, old:id: "s3"
address: "0.0.0.0:43047"
clientAddress: "0.0.0.0:43047"
adminAddress: "0.0.0.0:43047"
startupRole: FOLLOWER
,id: "s4"
address: "0.0.0.0:36395"
clientAddress: "0.0.0.0:36395"
adminAddress: "0.0.0.0:36395"
startupRole: FOLLOWER
,id: "s5"
address: "0.0.0.0:40741"
clientAddress: "0.0.0.0:40741"
adminAddress: "0.0.0.0:40741"
startupRole: FOLLOWER
,id: "s1"
address: "0.0.0.0:37953"
clientAddress: "0.0.0.0:37953"
adminAddress: "0.0.0.0:37953"
startupRole: FOLLOWER
,id: "s2"
address: "0.0.0.0:44821"
clientAddress: "0.0.0.0:44821"
adminAddress: "0.0.0.0:44821"
startupRole: FOLLOWER
)]
2023-12-13 18:50:10,902 [s2-server-thread1] INFO  server.RaftServer$Division (ServerState.java:setRaftConf(382)) - s2@group-C3E5D6DFBC38: set configuration 1: peers:[s3|0.0.0.0:43047, s4|0.0.0.0:36395, s5|0.0.0.0:40741, s6|0.0.0.0:41641, s0|0.0.0.0:40531, s1|0.0.0.0:37953, s2|0.0.0.0:44821]|listeners:[], old=peers:[s3|0.0.0.0:43047, s4|0.0.0.0:36395, s5|0.0.0.0:40741, s1|0.0.0.0:37953, s2|0.0.0.0:44821]|listeners:[]
2023-12-13 18:50:10,902 [s5-server-thread1] INFO  server.RaftServer$Division (ServerState.java:setRaftConf(382)) - s5@group-C3E5D6DFBC38: set configuration 1: peers:[s3|0.0.0.0:43047, s4|0.0.0.0:36395, s5|0.0.0.0:40741, s6|0.0.0.0:41641, s0|0.0.0.0:40531, s1|0.0.0.0:37953, s2|0.0.0.0:44821]|listeners:[], old=peers:[s3|0.0.0.0:43047, s4|0.0.0.0:36395, s5|0.0.0.0:40741, s1|0.0.0.0:37953, s2|0.0.0.0:44821]|listeners:[]
2023-12-13 18:50:10,902 [s4-server-thread1] DEBUG server.RaftServer$Division (RaftServerImpl.java:logAppendEntries(1504)) - s4@group-C3E5D6DFBC38: succeeded to handle AppendEntries. Reply: s1<-s4#14:OK-t1,SUCCESS,nextIndex=2,followerCommit=0,matchIndex=1
2023-12-13 18:50:10,905 [s6-server-thread3] DEBUG server.RaftServer$Division (RaftServerImpl.java:logAppendEntries(1504)) - s6@group-C3E5D6DFBC38: receive appendEntries(s1, 1, (t:1, i:0), 0, false, commits:[s1:c0, s3:c0, s4:c0, s5:c0, s2:c0, s6:c0, s0:c0], cId:3, entries: [(t:1, i:1), CONFIGURATIONENTRY(current:id: "s3"
address: "0.0.0.0:43047"
clientAddress: "0.0.0.0:43047"
adminAddress: "0.0.0.0:43047"
startupRole: FOLLOWER
,id: "s4"
address: "0.0.0.0:36395"
clientAddress: "0.0.0.0:36395"
adminAddress: "0.0.0.0:36395"
startupRole: FOLLOWER
,id: "s5"
address: "0.0.0.0:40741"
clientAddress: "0.0.0.0:40741"
adminAddress: "0.0.0.0:40741"
startupRole: FOLLOWER
,id: "s6"
address: "0.0.0.0:41641"
clientAddress: "0.0.0.0:41641"
adminAddress: "0.0.0.0:41641"
startupRole: FOLLOWER
,id: "s0"
address: "0.0.0.0:40531"
clientAddress: "0.0.0.0:40531"
adminAddress: "0.0.0.0:40531"
startupRole: FOLLOWER
,id: "s1"
address: "0.0.0.0:37953"
clientAddress: "0.0.0.0:37953"
adminAddress: "0.0.0.0:37953"
startupRole: FOLLOWER
,id: "s2"
address: "0.0.0.0:44821"
clientAddress: "0.0.0.0:44821"
adminAddress: "0.0.0.0:44821"
startupRole: FOLLOWER
, old:id: "s3"
address: "0.0.0.0:43047"
clientAddress: "0.0.0.0:43047"
adminAddress: "0.0.0.0:43047"
startupRole: FOLLOWER
,id: "s4"
address: "0.0.0.0:36395"
clientAddress: "0.0.0.0:36395"
adminAddress: "0.0.0.0:36395"
startupRole: FOLLOWER
,id: "s5"
address: "0.0.0.0:40741"
clientAddress: "0.0.0.0:40741"
adminAddress: "0.0.0.0:40741"
startupRole: FOLLOWER
,id: "s1"
address: "0.0.0.0:37953"
clientAddress: "0.0.0.0:37953"
adminAddress: "0.0.0.0:37953"
startupRole: FOLLOWER
,id: "s2"
address: "0.0.0.0:44821"
clientAddress: "0.0.0.0:44821"
adminAddress: "0.0.0.0:44821"
startupRole: FOLLOWER
)]
2023-12-13 18:50:10,905 [s6-server-thread3] INFO  impl.RoleInfo (RoleInfo.java:updateAndGet(139)) - s6: start s6@group-C3E5D6DFBC38-FollowerState
2023-12-13 18:50:10,905 [s6-server-thread3] INFO  server.RaftServer$Division (ServerState.java:setRaftConf(382)) - s6@group-C3E5D6DFBC38: set configuration 1: peers:[s3|0.0.0.0:43047, s4|0.0.0.0:36395, s5|0.0.0.0:40741, s6|0.0.0.0:41641, s0|0.0.0.0:40531, s1|0.0.0.0:37953, s2|0.0.0.0:44821]|listeners:[], old=peers:[s3|0.0.0.0:43047, s4|0.0.0.0:36395, s5|0.0.0.0:40741, s1|0.0.0.0:37953, s2|0.0.0.0:44821]|listeners:[]
2023-12-13 18:50:10,906 [s5-server-thread1] DEBUG server.RaftServer$Division (RaftServerImpl.java:logAppendEntries(1504)) - s5@group-C3E5D6DFBC38: succeeded to handle AppendEntries. Reply: s1<-s5#10:OK-t1,SUCCESS,nextIndex=2,followerCommit=0,matchIndex=1
2023-12-13 18:50:10,906 [s2-server-thread1] DEBUG server.RaftServer$Division (RaftServerImpl.java:logAppendEntries(1504)) - s2@group-C3E5D6DFBC38: succeeded to handle AppendEntries. Reply: s1<-s2#11:OK-t1,SUCCESS,nextIndex=2,followerCommit=0,matchIndex=1
2023-12-13 18:50:10,906 [s0-server-thread3] DEBUG server.RaftServer$Division (RaftServerImpl.java:logAppendEntries(1504)) - s0@group-C3E5D6DFBC38: receive appendEntries(s1, 1, (t:1, i:0), 0, false, commits:[s1:c0, s3:c0, s4:c0, s5:c0, s2:c0, s6:c0, s0:c0], cId:4, entries: [(t:1, i:1), CONFIGURATIONENTRY(current:id: "s3"
address: "0.0.0.0:43047"
clientAddress: "0.0.0.0:43047"
adminAddress: "0.0.0.0:43047"
startupRole: FOLLOWER
,id: "s4"
address: "0.0.0.0:36395"
clientAddress: "0.0.0.0:36395"
adminAddress: "0.0.0.0:36395"
startupRole: FOLLOWER
,id: "s5"
address: "0.0.0.0:40741"
clientAddress: "0.0.0.0:40741"
adminAddress: "0.0.0.0:40741"
startupRole: FOLLOWER
,id: "s6"
address: "0.0.0.0:41641"
clientAddress: "0.0.0.0:41641"
adminAddress: "0.0.0.0:41641"
startupRole: FOLLOWER
,id: "s0"
address: "0.0.0.0:40531"
clientAddress: "0.0.0.0:40531"
adminAddress: "0.0.0.0:40531"
startupRole: FOLLOWER
,id: "s1"
address: "0.0.0.0:37953"
clientAddress: "0.0.0.0:37953"
adminAddress: "0.0.0.0:37953"
startupRole: FOLLOWER
,id: "s2"
address: "0.0.0.0:44821"
clientAddress: "0.0.0.0:44821"
adminAddress: "0.0.0.0:44821"
startupRole: FOLLOWER
, old:id: "s3"
address: "0.0.0.0:43047"
clientAddress: "0.0.0.0:43047"
adminAddress: "0.0.0.0:43047"
startupRole: FOLLOWER
,id: "s4"
address: "0.0.0.0:36395"
clientAddress: "0.0.0.0:36395"
adminAddress: "0.0.0.0:36395"
startupRole: FOLLOWER
,id: "s5"
address: "0.0.0.0:40741"
clientAddress: "0.0.0.0:40741"
adminAddress: "0.0.0.0:40741"
startupRole: FOLLOWER
,id: "s1"
address: "0.0.0.0:37953"
clientAddress: "0.0.0.0:37953"
adminAddress: "0.0.0.0:37953"
startupRole: FOLLOWER
,id: "s2"
address: "0.0.0.0:44821"
clientAddress: "0.0.0.0:44821"
adminAddress: "0.0.0.0:44821"
startupRole: FOLLOWER
)]
2023-12-13 18:50:10,906 [s0-server-thread3] INFO  impl.RoleInfo (RoleInfo.java:updateAndGet(139)) - s0: start s0@group-C3E5D6DFBC38-FollowerState
2023-12-13 18:50:10,912 [s3-server-thread1] DEBUG server.RaftServer$Division (RaftServerImpl.java:logAppendEntries(1504)) - s3@group-C3E5D6DFBC38: receive appendEntries(s1, 1, (t:1, i:0), 0, false, commits:[s1:c0, s3:c0, s4:c0, s5:c0, s2:c0, s6:c0, s0:c0], cId:13, entries: [(t:1, i:1), CONFIGURATIONENTRY(current:id: "s3"
address: "0.0.0.0:43047"
clientAddress: "0.0.0.0:43047"
adminAddress: "0.0.0.0:43047"
startupRole: FOLLOWER
,id: "s4"
address: "0.0.0.0:36395"
clientAddress: "0.0.0.0:36395"
adminAddress: "0.0.0.0:36395"
startupRole: FOLLOWER
,id: "s5"
address: "0.0.0.0:40741"
clientAddress: "0.0.0.0:40741"
adminAddress: "0.0.0.0:40741"
startupRole: FOLLOWER
,id: "s6"
address: "0.0.0.0:41641"
clientAddress: "0.0.0.0:41641"
adminAddress: "0.0.0.0:41641"
startupRole: FOLLOWER
,id: "s0"
address: "0.0.0.0:40531"
clientAddress: "0.0.0.0:40531"
adminAddress: "0.0.0.0:40531"
startupRole: FOLLOWER
,id: "s1"
address: "0.0.0.0:37953"
clientAddress: "0.0.0.0:37953"
adminAddress: "0.0.0.0:37953"
startupRole: FOLLOWER
,id: "s2"
address: "0.0.0.0:44821"
clientAddress: "0.0.0.0:44821"
adminAddress: "0.0.0.0:44821"
startupRole: FOLLOWER
, old:id: "s3"
address: "0.0.0.0:43047"
clientAddress: "0.0.0.0:43047"
adminAddress: "0.0.0.0:43047"
startupRole: FOLLOWER
,id: "s4"
address: "0.0.0.0:36395"
clientAddress: "0.0.0.0:36395"
adminAddress: "0.0.0.0:36395"
startupRole: FOLLOWER
,id: "s5"
address: "0.0.0.0:40741"
clientAddress: "0.0.0.0:40741"
adminAddress: "0.0.0.0:40741"
startupRole: FOLLOWER
,id: "s1"
address: "0.0.0.0:37953"
clientAddress: "0.0.0.0:37953"
adminAddress: "0.0.0.0:37953"
startupRole: FOLLOWER
,id: "s2"
address: "0.0.0.0:44821"
clientAddress: "0.0.0.0:44821"
adminAddress: "0.0.0.0:44821"
startupRole: FOLLOWER
)]
2023-12-13 18:50:10,912 [s3-server-thread1] INFO  server.RaftServer$Division (ServerState.java:setRaftConf(382)) - s3@group-C3E5D6DFBC38: set configuration 1: peers:[s3|0.0.0.0:43047, s4|0.0.0.0:36395, s5|0.0.0.0:40741, s6|0.0.0.0:41641, s0|0.0.0.0:40531, s1|0.0.0.0:37953, s2|0.0.0.0:44821]|listeners:[], old=peers:[s3|0.0.0.0:43047, s4|0.0.0.0:36395, s5|0.0.0.0:40741, s1|0.0.0.0:37953, s2|0.0.0.0:44821]|listeners:[]
2023-12-13 18:50:10,912 [s5-server-thread1] DEBUG server.RaftServer$Division (RaftServerImpl.java:logAppendEntries(1504)) - s5@group-C3E5D6DFBC38: receive appendEntries(s1, 1, (t:1, i:1), 1, false, commits:[s1:c1, s3:c0, s4:c0, s5:c0, s2:c0, s6:c0, s0:c0], cId:11, entries: [(t:1, i:2), METADATAENTRY(c:1), (t:1, i:3), CONFIGURATIONENTRY(current:id: "s3"
address: "0.0.0.0:43047"
clientAddress: "0.0.0.0:43047"
adminAddress: "0.0.0.0:43047"
startupRole: FOLLOWER
,id: "s4"
address: "0.0.0.0:36395"
clientAddress: "0.0.0.0:36395"
adminAddress: "0.0.0.0:36395"
startupRole: FOLLOWER
,id: "s5"
address: "0.0.0.0:40741"
clientAddress: "0.0.0.0:40741"
adminAddress: "0.0.0.0:40741"
startupRole: FOLLOWER
,id: "s6"
address: "0.0.0.0:41641"
clientAddress: "0.0.0.0:41641"
adminAddress: "0.0.0.0:41641"
startupRole: FOLLOWER
,id: "s0"
address: "0.0.0.0:40531"
clientAddress: "0.0.0.0:40531"
adminAddress: "0.0.0.0:40531"
startupRole: FOLLOWER
,id: "s1"
address: "0.0.0.0:37953"
clientAddress: "0.0.0.0:37953"
adminAddress: "0.0.0.0:37953"
startupRole: FOLLOWER
,id: "s2"
address: "0.0.0.0:44821"
clientAddress: "0.0.0.0:44821"
adminAddress: "0.0.0.0:44821"
startupRole: FOLLOWER
, old:)]
2023-12-13 18:50:10,912 [s5-server-thread1] INFO  server.RaftServer$Division (ServerState.java:setRaftConf(382)) - s5@group-C3E5D6DFBC38: set configuration 3: peers:[s3|0.0.0.0:43047, s4|0.0.0.0:36395, s5|0.0.0.0:40741, s6|0.0.0.0:41641, s0|0.0.0.0:40531, s1|0.0.0.0:37953, s2|0.0.0.0:44821]|listeners:[], old=null
2023-12-13 18:50:10,911 [s4-server-thread1] DEBUG server.RaftServer$Division (RaftServerImpl.java:logAppendEntries(1504)) - s4@group-C3E5D6DFBC38: receive appendEntries(s1, 1, (t:1, i:1), 1, false, commits:[s1:c1, s3:c0, s4:c0, s5:c0, s2:c0, s6:c0, s0:c0], cId:15, entries: [(t:1, i:2), METADATAENTRY(c:1), (t:1, i:3), CONFIGURATIONENTRY(current:id: "s3"
address: "0.0.0.0:43047"
clientAddress: "0.0.0.0:43047"
adminAddress: "0.0.0.0:43047"
startupRole: FOLLOWER
,id: "s4"
address: "0.0.0.0:36395"
clientAddress: "0.0.0.0:36395"
adminAddress: "0.0.0.0:36395"
startupRole: FOLLOWER
,id: "s5"
address: "0.0.0.0:40741"
clientAddress: "0.0.0.0:40741"
adminAddress: "0.0.0.0:40741"
startupRole: FOLLOWER
,id: "s6"
address: "0.0.0.0:41641"
clientAddress: "0.0.0.0:41641"
adminAddress: "0.0.0.0:41641"
startupRole: FOLLOWER
,id: "s0"
address: "0.0.0.0:40531"
clientAddress: "0.0.0.0:40531"
adminAddress: "0.0.0.0:40531"
startupRole: FOLLOWER
,id: "s1"
address: "0.0.0.0:37953"
clientAddress: "0.0.0.0:37953"
adminAddress: "0.0.0.0:37953"
startupRole: FOLLOWER
,id: "s2"
address: "0.0.0.0:44821"
clientAddress: "0.0.0.0:44821"
adminAddress: "0.0.0.0:44821"
startupRole: FOLLOWER
, old:)]
2023-12-13 18:50:10,911 [s6-server-thread2] DEBUG server.RaftServer$Division (RaftServerImpl.java:logAppendEntries(1504)) - s6@group-C3E5D6DFBC38: receive appendEntries(s1, 1, (t:1, i:1), 1, false, commits:[s1:c1, s3:c0, s4:c0, s5:c0, s2:c0, s6:c0, s0:c0], cId:4, entries: [(t:1, i:2), METADATAENTRY(c:1), (t:1, i:3), CONFIGURATIONENTRY(current:id: "s3"
address: "0.0.0.0:43047"
clientAddress: "0.0.0.0:43047"
adminAddress: "0.0.0.0:43047"
startupRole: FOLLOWER
,id: "s4"
address: "0.0.0.0:36395"
clientAddress: "0.0.0.0:36395"
adminAddress: "0.0.0.0:36395"
startupRole: FOLLOWER
,id: "s5"
address: "0.0.0.0:40741"
clientAddress: "0.0.0.0:40741"
adminAddress: "0.0.0.0:40741"
startupRole: FOLLOWER
,id: "s6"
address: "0.0.0.0:41641"
clientAddress: "0.0.0.0:41641"
adminAddress: "0.0.0.0:41641"
startupRole: FOLLOWER
,id: "s0"
address: "0.0.0.0:40531"
clientAddress: "0.0.0.0:40531"
adminAddress: "0.0.0.0:40531"
startupRole: FOLLOWER
,id: "s1"
address: "0.0.0.0:37953"
clientAddress: "0.0.0.0:37953"
adminAddress: "0.0.0.0:37953"
startupRole: FOLLOWER
,id: "s2"
address: "0.0.0.0:44821"
clientAddress: "0.0.0.0:44821"
adminAddress: "0.0.0.0:44821"
startupRole: FOLLOWER
, old:)]
2023-12-13 18:50:10,913 [s4-server-thread1] INFO  server.RaftServer$Division (ServerState.java:setRaftConf(382)) - s4@group-C3E5D6DFBC38: set configuration 3: peers:[s3|0.0.0.0:43047, s4|0.0.0.0:36395, s5|0.0.0.0:40741, s6|0.0.0.0:41641, s0|0.0.0.0:40531, s1|0.0.0.0:37953, s2|0.0.0.0:44821]|listeners:[], old=null
2023-12-13 18:50:10,913 [s6-server-thread2] INFO  server.RaftServer$Division (ServerState.java:setRaftConf(382)) - s6@group-C3E5D6DFBC38: set configuration 3: peers:[s3|0.0.0.0:43047, s4|0.0.0.0:36395, s5|0.0.0.0:40741, s6|0.0.0.0:41641, s0|0.0.0.0:40531, s1|0.0.0.0:37953, s2|0.0.0.0:44821]|listeners:[], old=null
2023-12-13 18:50:10,913 [s5-server-thread1] DEBUG server.RaftServer$Division (RaftServerImpl.java:logAppendEntries(1504)) - s5@group-C3E5D6DFBC38: succeeded to handle AppendEntries. Reply: s1<-s5#11:OK-t1,SUCCESS,nextIndex=4,followerCommit=1,matchIndex=3
2023-12-13 18:50:10,913 [s5@group-C3E5D6DFBC38-StateMachineUpdater] TRACE util.FileUtils (LogUtils.java:supplyAndLog(69)) - Successfully supplied FileChannel.open /home/runner/work/ratis/ratis/ratis-test/target/test/data/b8de9602/MiniRaftClusterWithGrpce58ca676/s5/fd7a20ee-19f9-4f80-8ea7-c3e5d6dfbc38/current/raft-meta.conf.tmp with options [CREATE, WRITE]: sun.nio.ch.FileChannelImpl@70f595a8
2023-12-13 18:50:10,910 [s2-server-thread1] DEBUG server.RaftServer$Division (RaftServerImpl.java:logAppendEntries(1504)) - s2@group-C3E5D6DFBC38: receive appendEntries(s1, 1, (t:1, i:1), 1, false, commits:[s1:c1, s3:c0, s4:c0, s5:c0, s2:c0, s6:c0, s0:c0], cId:12, entries: [(t:1, i:2), METADATAENTRY(c:1), (t:1, i:3), CONFIGURATIONENTRY(current:id: "s3"
address: "0.0.0.0:43047"
clientAddress: "0.0.0.0:43047"
adminAddress: "0.0.0.0:43047"
startupRole: FOLLOWER
,id: "s4"
address: "0.0.0.0:36395"
clientAddress: "0.0.0.0:36395"
adminAddress: "0.0.0.0:36395"
startupRole: FOLLOWER
,id: "s5"
address: "0.0.0.0:40741"
clientAddress: "0.0.0.0:40741"
adminAddress: "0.0.0.0:40741"
startupRole: FOLLOWER
,id: "s6"
address: "0.0.0.0:41641"
clientAddress: "0.0.0.0:41641"
adminAddress: "0.0.0.0:41641"
startupRole: FOLLOWER
,id: "s0"
address: "0.0.0.0:40531"
clientAddress: "0.0.0.0:40531"
adminAddress: "0.0.0.0:40531"
startupRole: FOLLOWER
,id: "s1"
address: "0.0.0.0:37953"
clientAddress: "0.0.0.0:37953"
adminAddress: "0.0.0.0:37953"
startupRole: FOLLOWER
,id: "s2"
address: "0.0.0.0:44821"
clientAddress: "0.0.0.0:44821"
adminAddress: "0.0.0.0:44821"
startupRole: FOLLOWER
, old:)]
2023-12-13 18:50:10,914 [s2-server-thread1] INFO  server.RaftServer$Division (ServerState.java:setRaftConf(382)) - s2@group-C3E5D6DFBC38: set configuration 3: peers:[s3|0.0.0.0:43047, s4|0.0.0.0:36395, s5|0.0.0.0:40741, s6|0.0.0.0:41641, s0|0.0.0.0:40531, s1|0.0.0.0:37953, s2|0.0.0.0:44821]|listeners:[], old=null
2023-12-13 18:50:10,914 [s4-server-thread1] DEBUG server.RaftServer$Division (RaftServerImpl.java:logAppendEntries(1504)) - s4@group-C3E5D6DFBC38: succeeded to handle AppendEntries. Reply: s1<-s4#15:OK-t1,SUCCESS,nextIndex=4,followerCommit=1,matchIndex=3
2023-12-13 18:50:10,914 [s3-server-thread1] DEBUG server.RaftServer$Division (RaftServerImpl.java:logAppendEntries(1504)) - s3@group-C3E5D6DFBC38: succeeded to handle AppendEntries. Reply: s1<-s3#13:OK-t1,SUCCESS,nextIndex=2,followerCommit=0,matchIndex=1
2023-12-13 18:50:10,914 [s6-server-thread2] DEBUG server.RaftServer$Division (RaftServerImpl.java:logAppendEntries(1504)) - s6@group-C3E5D6DFBC38: succeeded to handle AppendEntries. Reply: s1<-s6#4:OK-t1,SUCCESS,nextIndex=4,followerCommit=1,matchIndex=3
2023-12-13 18:50:10,914 [s4@group-C3E5D6DFBC38-StateMachineUpdater] TRACE util.FileUtils (LogUtils.java:supplyAndLog(69)) - Successfully supplied FileChannel.open /home/runner/work/ratis/ratis/ratis-test/target/test/data/b8de9602/MiniRaftClusterWithGrpce58ca676/s4/fd7a20ee-19f9-4f80-8ea7-c3e5d6dfbc38/current/raft-meta.conf.tmp with options [CREATE, WRITE]: sun.nio.ch.FileChannelImpl@22164bb
2023-12-13 18:50:10,914 [s6@group-C3E5D6DFBC38-StateMachineUpdater] TRACE util.FileUtils (LogUtils.java:supplyAndLog(69)) - Successfully supplied FileChannel.open /home/runner/work/ratis/ratis/ratis-test/target/test/data/b8de9602/MiniRaftClusterWithGrpce58ca676/s6/fd7a20ee-19f9-4f80-8ea7-c3e5d6dfbc38/current/raft-meta.conf.tmp with options [CREATE, WRITE]: sun.nio.ch.FileChannelImpl@1fc64102
2023-12-13 18:50:10,907 [s1@group-C3E5D6DFBC38-StateMachineUpdater] TRACE util.FileUtils (LogUtils.java:supplyAndLog(69)) - Successfully supplied FileChannel.open /home/runner/work/ratis/ratis/ratis-test/target/test/data/b8de9602/MiniRaftClusterWithGrpce58ca676/s1/fd7a20ee-19f9-4f80-8ea7-c3e5d6dfbc38/current/raft-meta.conf.tmp with options [CREATE, WRITE]: sun.nio.ch.FileChannelImpl@9011960
2023-12-13 18:50:10,908 [s1@group-C3E5D6DFBC38-LeaderStateImpl] INFO  server.RaftServer$Division (ServerState.java:setRaftConf(382)) - s1@group-C3E5D6DFBC38: set configuration 3: peers:[s3|0.0.0.0:43047, s4|0.0.0.0:36395, s5|0.0.0.0:40741, s6|0.0.0.0:41641, s0|0.0.0.0:40531, s1|0.0.0.0:37953, s2|0.0.0.0:44821]|listeners:[], old=null
2023-12-13 18:50:10,918 [s5@group-C3E5D6DFBC38-StateMachineUpdater] TRACE util.FileUtils (LogUtils.java:runAndLog(49)) - Successfully ran Atomic Files.move /home/runner/work/ratis/ratis/ratis-test/target/test/data/b8de9602/MiniRaftClusterWithGrpce58ca676/s5/fd7a20ee-19f9-4f80-8ea7-c3e5d6dfbc38/current/raft-meta.conf.tmp to /home/runner/work/ratis/ratis/ratis-test/target/test/data/b8de9602/MiniRaftClusterWithGrpce58ca676/s5/fd7a20ee-19f9-4f80-8ea7-c3e5d6dfbc38/current/raft-meta.conf with options [REPLACE_EXISTING]
2023-12-13 18:50:10,908 [s6-server-thread3] DEBUG server.RaftServer$Division (RaftServerImpl.java:logAppendEntries(1504)) - s6@group-C3E5D6DFBC38: succeeded to handle AppendEntries. Reply: s1<-s6#3:OK-t1,SUCCESS,nextIndex=2,followerCommit=0,matchIndex=1
2023-12-13 18:50:10,918 [s3-server-thread2] DEBUG server.RaftServer$Division (RaftServerImpl.java:logAppendEntries(1504)) - s3@group-C3E5D6DFBC38: receive appendEntries(s1, 1, (t:1, i:1), 1, false, commits:[s1:c1, s3:c0, s4:c0, s5:c0, s2:c0, s6:c0, s0:c0], cId:14, entries: [(t:1, i:2), METADATAENTRY(c:1), (t:1, i:3), CONFIGURATIONENTRY(current:id: "s3"
address: "0.0.0.0:43047"
clientAddress: "0.0.0.0:43047"
adminAddress: "0.0.0.0:43047"
startupRole: FOLLOWER
,id: "s4"
address: "0.0.0.0:36395"
clientAddress: "0.0.0.0:36395"
adminAddress: "0.0.0.0:36395"
startupRole: FOLLOWER
,id: "s5"
address: "0.0.0.0:40741"
clientAddress: "0.0.0.0:40741"
adminAddress: "0.0.0.0:40741"
startupRole: FOLLOWER
,id: "s6"
address: "0.0.0.0:41641"
clientAddress: "0.0.0.0:41641"
adminAddress: "0.0.0.0:41641"
startupRole: FOLLOWER
,id: "s0"
address: "0.0.0.0:40531"
clientAddress: "0.0.0.0:40531"
adminAddress: "0.0.0.0:40531"
startupRole: FOLLOWER
,id: "s1"
address: "0.0.0.0:37953"
clientAddress: "0.0.0.0:37953"
adminAddress: "0.0.0.0:37953"
startupRole: FOLLOWER
,id: "s2"
address: "0.0.0.0:44821"
clientAddress: "0.0.0.0:44821"
adminAddress: "0.0.0.0:44821"
startupRole: FOLLOWER
, old:)]
2023-12-13 18:50:10,918 [s3-server-thread2] INFO  server.RaftServer$Division (ServerState.java:setRaftConf(382)) - s3@group-C3E5D6DFBC38: set configuration 3: peers:[s3|0.0.0.0:43047, s4|0.0.0.0:36395, s5|0.0.0.0:40741, s6|0.0.0.0:41641, s0|0.0.0.0:40531, s1|0.0.0.0:37953, s2|0.0.0.0:44821]|listeners:[], old=null
2023-12-13 18:50:10,919 [s6@group-C3E5D6DFBC38-StateMachineUpdater] TRACE util.FileUtils (LogUtils.java:runAndLog(49)) - Successfully ran Atomic Files.move /home/runner/work/ratis/ratis/ratis-test/target/test/data/b8de9602/MiniRaftClusterWithGrpce58ca676/s6/fd7a20ee-19f9-4f80-8ea7-c3e5d6dfbc38/current/raft-meta.conf.tmp to /home/runner/work/ratis/ratis/ratis-test/target/test/data/b8de9602/MiniRaftClusterWithGrpce58ca676/s6/fd7a20ee-19f9-4f80-8ea7-c3e5d6dfbc38/current/raft-meta.conf with options [REPLACE_EXISTING]
2023-12-13 18:50:10,920 [s3-server-thread2] DEBUG server.RaftServer$Division (RaftServerImpl.java:logAppendEntries(1504)) - s3@group-C3E5D6DFBC38: succeeded to handle AppendEntries. Reply: s1<-s3#14:OK-t1,SUCCESS,nextIndex=4,followerCommit=1,matchIndex=3
2023-12-13 18:50:10,920 [s3@group-C3E5D6DFBC38-StateMachineUpdater] TRACE util.FileUtils (LogUtils.java:supplyAndLog(69)) - Successfully supplied FileChannel.open /home/runner/work/ratis/ratis/ratis-test/target/test/data/b8de9602/MiniRaftClusterWithGrpce58ca676/s3/fd7a20ee-19f9-4f80-8ea7-c3e5d6dfbc38/current/raft-meta.conf.tmp with options [CREATE, WRITE]: sun.nio.ch.FileChannelImpl@5e57f4fc
2023-12-13 18:50:10,921 [s2-server-thread3] DEBUG server.RaftServer$Division (RaftServerImpl.java:logAppendEntries(1504)) - s2@group-C3E5D6DFBC38: receive appendEntries(s1, 1, (t:1, i:3), 3, false, commits:[s1:c3, s3:c0, s4:c1, s5:c1, s2:c0, s6:c1, s0:c0], cId:17, entries: [(t:1, i:4), METADATAENTRY(c:3)]
2023-12-13 18:50:10,922 [s0-server-thread3] INFO  server.RaftServer$Division (ServerState.java:setRaftConf(382)) - s0@group-C3E5D6DFBC38: set configuration 1: peers:[s3|0.0.0.0:43047, s4|0.0.0.0:36395, s5|0.0.0.0:40741, s6|0.0.0.0:41641, s0|0.0.0.0:40531, s1|0.0.0.0:37953, s2|0.0.0.0:44821]|listeners:[], old=peers:[s3|0.0.0.0:43047, s4|0.0.0.0:36395, s5|0.0.0.0:40741, s1|0.0.0.0:37953, s2|0.0.0.0:44821]|listeners:[]
2023-12-13 18:50:10,922 [s2-server-thread3] DEBUG server.RaftServer$Division (RaftServerImpl.java:logAppendEntries(1504)) - s2@group-C3E5D6DFBC38: succeeded to handle AppendEntries. Reply: s1<-s2#17:OK-t1,SUCCESS,nextIndex=5,followerCommit=3,matchIndex=4
2023-12-13 18:50:10,922 [s2@group-C3E5D6DFBC38-StateMachineUpdater] TRACE util.FileUtils (LogUtils.java:supplyAndLog(69)) - Successfully supplied FileChannel.open /home/runner/work/ratis/ratis/ratis-test/target/test/data/b8de9602/MiniRaftClusterWithGrpce58ca676/s2/fd7a20ee-19f9-4f80-8ea7-c3e5d6dfbc38/current/raft-meta.conf.tmp with options [CREATE, WRITE]: sun.nio.ch.FileChannelImpl@132420d5
2023-12-13 18:50:10,922 [s4-server-thread1] DEBUG server.RaftServer$Division (RaftServerImpl.java:logAppendEntries(1504)) - s4@group-C3E5D6DFBC38: receive appendEntries(s1, 1, (t:1, i:3), 3, false, commits:[s1:c3, s3:c0, s4:c1, s5:c1, s2:c0, s6:c1, s0:c0], cId:17, entries: [(t:1, i:4), METADATAENTRY(c:3)]
2023-12-13 18:50:10,922 [s0-server-thread3] DEBUG server.RaftServer$Division (RaftServerImpl.java:logAppendEntries(1504)) - s0@group-C3E5D6DFBC38: succeeded to handle AppendEntries. Reply: s1<-s0#4:OK-t1,SUCCESS,nextIndex=2,followerCommit=0,matchIndex=1
2023-12-13 18:50:10,923 [s4-server-thread1] DEBUG server.RaftServer$Division (RaftServerImpl.java:logAppendEntries(1504)) - s4@group-C3E5D6DFBC38: succeeded to handle AppendEntries. Reply: s1<-s4#17:OK-t1,SUCCESS,nextIndex=5,followerCommit=3,matchIndex=4
2023-12-13 18:50:10,923 [s3@group-C3E5D6DFBC38-StateMachineUpdater] TRACE util.FileUtils (LogUtils.java:runAndLog(49)) - Successfully ran Atomic Files.move /home/runner/work/ratis/ratis/ratis-test/target/test/data/b8de9602/MiniRaftClusterWithGrpce58ca676/s3/fd7a20ee-19f9-4f80-8ea7-c3e5d6dfbc38/current/raft-meta.conf.tmp to /home/runner/work/ratis/ratis/ratis-test/target/test/data/b8de9602/MiniRaftClusterWithGrpce58ca676/s3/fd7a20ee-19f9-4f80-8ea7-c3e5d6dfbc38/current/raft-meta.conf with options [REPLACE_EXISTING]
2023-12-13 18:50:10,925 [Time-limited test] DEBUG client.RaftClient (RaftClientImpl.java:add(150)) - client-42D07F87698C: add replied callId 19
2023-12-13 18:50:10,925 [s2-server-thread1] DEBUG server.RaftServer$Division (RaftServerImpl.java:logAppendEntries(1504)) - s2@group-C3E5D6DFBC38: succeeded to handle AppendEntries. Reply: s1<-s2#12:OK-t1,SUCCESS,nextIndex=4,followerCommit=3,matchIndex=3
2023-12-13 18:50:10,926 [s3-server-thread1] DEBUG server.RaftServer$Division (RaftServerImpl.java:logAppendEntries(1504)) - s3@group-C3E5D6DFBC38: receive appendEntries(s1, 1, (t:1, i:3), 3, false, commits:[s1:c3, s3:c0, s4:c1, s5:c1, s2:c0, s6:c1, s0:c0], cId:18, entries: [(t:1, i:4), METADATAENTRY(c:3)]
2023-12-13 18:50:10,927 [s0-server-thread3] DEBUG server.RaftServer$Division (RaftServerImpl.java:logAppendEntries(1504)) - s0@group-C3E5D6DFBC38: receive appendEntries(s1, 1, (t:1, i:1), 1, false, commits:[s1:c1, s3:c0, s4:c0, s5:c0, s2:c0, s6:c0, s0:c0], cId:5, entries: [(t:1, i:2), METADATAENTRY(c:1), (t:1, i:3), CONFIGURATIONENTRY(current:id: "s3"
address: "0.0.0.0:43047"
clientAddress: "0.0.0.0:43047"
adminAddress: "0.0.0.0:43047"
startupRole: FOLLOWER
,id: "s4"
address: "0.0.0.0:36395"
clientAddress: "0.0.0.0:36395"
adminAddress: "0.0.0.0:36395"
startupRole: FOLLOWER
,id: "s5"
address: "0.0.0.0:40741"
clientAddress: "0.0.0.0:40741"
adminAddress: "0.0.0.0:40741"
startupRole: FOLLOWER
,id: "s6"
address: "0.0.0.0:41641"
clientAddress: "0.0.0.0:41641"
adminAddress: "0.0.0.0:41641"
startupRole: FOLLOWER
,id: "s0"
address: "0.0.0.0:40531"
clientAddress: "0.0.0.0:40531"
adminAddress: "0.0.0.0:40531"
startupRole: FOLLOWER
,id: "s1"
address: "0.0.0.0:37953"
clientAddress: "0.0.0.0:37953"
adminAddress: "0.0.0.0:37953"
startupRole: FOLLOWER
,id: "s2"
address: "0.0.0.0:44821"
clientAddress: "0.0.0.0:44821"
adminAddress: "0.0.0.0:44821"
startupRole: FOLLOWER
, old:)]
2023-12-13 18:50:10,927 [s3-server-thread1] DEBUG server.RaftServer$Division (RaftServerImpl.java:logAppendEntries(1504)) - s3@group-C3E5D6DFBC38: succeeded to handle AppendEntries. Reply: s1<-s3#18:OK-t1,SUCCESS,nextIndex=5,followerCommit=3,matchIndex=4
2023-12-13 18:50:10,928 [s0-server-thread3] INFO  server.RaftServer$Division (ServerState.java:setRaftConf(382)) - s0@group-C3E5D6DFBC38: set configuration 3: peers:[s3|0.0.0.0:43047, s4|0.0.0.0:36395, s5|0.0.0.0:40741, s6|0.0.0.0:41641, s0|0.0.0.0:40531, s1|0.0.0.0:37953, s2|0.0.0.0:44821]|listeners:[], old=null
2023-12-13 18:50:10,928 [s1@group-C3E5D6DFBC38-StateMachineUpdater] TRACE util.FileUtils (LogUtils.java:runAndLog(49)) - Successfully ran Atomic Files.move /home/runner/work/ratis/ratis/ratis-test/target/test/data/b8de9602/MiniRaftClusterWithGrpce58ca676/s1/fd7a20ee-19f9-4f80-8ea7-c3e5d6dfbc38/current/raft-meta.conf.tmp to /home/runner/work/ratis/ratis/ratis-test/target/test/data/b8de9602/MiniRaftClusterWithGrpce58ca676/s1/fd7a20ee-19f9-4f80-8ea7-c3e5d6dfbc38/current/raft-meta.conf with options [REPLACE_EXISTING]
2023-12-13 18:50:10,928 [s3@group-C3E5D6DFBC38-StateMachineUpdater] TRACE util.FileUtils (LogUtils.java:supplyAndLog(69)) - Successfully supplied FileChannel.open /home/runner/work/ratis/ratis/ratis-test/target/test/data/b8de9602/MiniRaftClusterWithGrpce58ca676/s3/fd7a20ee-19f9-4f80-8ea7-c3e5d6dfbc38/current/raft-meta.conf.tmp with options [CREATE, WRITE]: sun.nio.ch.FileChannelImpl@5a687bee
2023-12-13 18:50:10,928 [s1@group-C3E5D6DFBC38-StateMachineUpdater] TRACE util.FileUtils (LogUtils.java:supplyAndLog(69)) - Successfully supplied FileChannel.open /home/runner/work/ratis/ratis/ratis-test/target/test/data/b8de9602/MiniRaftClusterWithGrpce58ca676/s1/fd7a20ee-19f9-4f80-8ea7-c3e5d6dfbc38/current/raft-meta.conf.tmp with options [CREATE, WRITE]: sun.nio.ch.FileChannelImpl@d3e8c98
2023-12-13 18:50:10,928 [s0-server-thread2] DEBUG server.RaftServer$Division (RaftServerImpl.java:logAppendEntries(1504)) - s0@group-C3E5D6DFBC38: succeeded to handle AppendEntries. Reply: s1<-s0#5:OK-t1,SUCCESS,nextIndex=4,followerCommit=1,matchIndex=3
2023-12-13 18:50:10,928 [s0-server-thread3] DEBUG server.RaftServer$Division (RaftServerImpl.java:logAppendEntries(1504)) - s0@group-C3E5D6DFBC38: receive appendEntries(s1, 1, (t:1, i:3), 3, false, commits:[s1:c3, s3:c0, s4:c1, s5:c1, s2:c0, s6:c1, s0:c0], cId:6, entries: [(t:1, i:4), METADATAENTRY(c:3)]
2023-12-13 18:50:10,929 [s4@group-C3E5D6DFBC38-StateMachineUpdater] TRACE util.FileUtils (LogUtils.java:runAndLog(49)) - Successfully ran Atomic Files.move /home/runner/work/ratis/ratis/ratis-test/target/test/data/b8de9602/MiniRaftClusterWithGrpce58ca676/s4/fd7a20ee-19f9-4f80-8ea7-c3e5d6dfbc38/current/raft-meta.conf.tmp to /home/runner/work/ratis/ratis/ratis-test/target/test/data/b8de9602/MiniRaftClusterWithGrpce58ca676/s4/fd7a20ee-19f9-4f80-8ea7-c3e5d6dfbc38/current/raft-meta.conf with options [REPLACE_EXISTING]
2023-12-13 18:50:10,929 [s4@group-C3E5D6DFBC38-StateMachineUpdater] TRACE util.FileUtils (LogUtils.java:supplyAndLog(69)) - Successfully supplied FileChannel.open /home/runner/work/ratis/ratis/ratis-test/target/test/data/b8de9602/MiniRaftClusterWithGrpce58ca676/s4/fd7a20ee-19f9-4f80-8ea7-c3e5d6dfbc38/current/raft-meta.conf.tmp with options [CREATE, WRITE]: sun.nio.ch.FileChannelImpl@61ee027
2023-12-13 18:50:10,929 [s2@group-C3E5D6DFBC38-StateMachineUpdater] TRACE util.FileUtils (LogUtils.java:runAndLog(49)) - Successfully ran Atomic Files.move /home/runner/work/ratis/ratis/ratis-test/target/test/data/b8de9602/MiniRaftClusterWithGrpce58ca676/s2/fd7a20ee-19f9-4f80-8ea7-c3e5d6dfbc38/current/raft-meta.conf.tmp to /home/runner/work/ratis/ratis/ratis-test/target/test/data/b8de9602/MiniRaftClusterWithGrpce58ca676/s2/fd7a20ee-19f9-4f80-8ea7-c3e5d6dfbc38/current/raft-meta.conf with options [REPLACE_EXISTING]
2023-12-13 18:50:10,929 [s0@group-C3E5D6DFBC38-StateMachineUpdater] TRACE util.FileUtils (LogUtils.java:supplyAndLog(69)) - Successfully supplied FileChannel.open /home/runner/work/ratis/ratis/ratis-test/target/test/data/b8de9602/MiniRaftClusterWithGrpce58ca676/s0/fd7a20ee-19f9-4f80-8ea7-c3e5d6dfbc38/current/raft-meta.conf.tmp with options [CREATE, WRITE]: sun.nio.ch.FileChannelImpl@2dddd369
2023-12-13 18:50:10,929 [s2@group-C3E5D6DFBC38-StateMachineUpdater] TRACE util.FileUtils (LogUtils.java:supplyAndLog(69)) - Successfully supplied FileChannel.open /home/runner/work/ratis/ratis/ratis-test/target/test/data/b8de9602/MiniRaftClusterWithGrpce58ca676/s2/fd7a20ee-19f9-4f80-8ea7-c3e5d6dfbc38/current/raft-meta.conf.tmp with options [CREATE, WRITE]: sun.nio.ch.FileChannelImpl@171ba669
2023-12-13 18:50:10,929 [s5-server-thread1] DEBUG server.RaftServer$Division (RaftServerImpl.java:logAppendEntries(1504)) - s5@group-C3E5D6DFBC38: receive appendEntries(s1, 1, (t:1, i:3), 3, false, commits:[s1:c3, s3:c0, s4:c1, s5:c1, s2:c0, s6:c1, s0:c0], cId:12, entries: [(t:1, i:4), METADATAENTRY(c:3)]
2023-12-13 18:50:10,929 [s0-server-thread3] DEBUG server.RaftServer$Division (RaftServerImpl.java:logAppendEntries(1504)) - s0@group-C3E5D6DFBC38: succeeded to handle AppendEntries. Reply: s1<-s0#6:OK-t1,SUCCESS,nextIndex=5,followerCommit=3,matchIndex=4
2023-12-13 18:50:10,929 [s6-server-thread3] DEBUG server.RaftServer$Division (RaftServerImpl.java:logAppendEntries(1504)) - s6@group-C3E5D6DFBC38: receive appendEntries(s1, 1, (t:1, i:3), 3, false, commits:[s1:c3, s3:c0, s4:c1, s5:c1, s2:c0, s6:c1, s0:c0], cId:5, entries: [(t:1, i:4), METADATAENTRY(c:3)]
2023-12-13 18:50:10,930 [s6-server-thread3] DEBUG server.RaftServer$Division (RaftServerImpl.java:logAppendEntries(1504)) - s6@group-C3E5D6DFBC38: succeeded to handle AppendEntries. Reply: s1<-s6#5:OK-t1,SUCCESS,nextIndex=5,followerCommit=3,matchIndex=4
2023-12-13 18:50:10,931 [s6@group-C3E5D6DFBC38-StateMachineUpdater] TRACE util.FileUtils (LogUtils.java:supplyAndLog(69)) - Successfully supplied FileChannel.open /home/runner/work/ratis/ratis/ratis-test/target/test/data/b8de9602/MiniRaftClusterWithGrpce58ca676/s6/fd7a20ee-19f9-4f80-8ea7-c3e5d6dfbc38/current/raft-meta.conf.tmp with options [CREATE, WRITE]: sun.nio.ch.FileChannelImpl@1bf9d622
2023-12-13 18:50:10,932 [s5-server-thread1] DEBUG server.RaftServer$Division (RaftServerImpl.java:logAppendEntries(1504)) - s5@group-C3E5D6DFBC38: succeeded to handle AppendEntries. Reply: s1<-s5#12:OK-t1,SUCCESS,nextIndex=5,followerCommit=3,matchIndex=4
2023-12-13 18:50:10,933 [s5@group-C3E5D6DFBC38-StateMachineUpdater] TRACE util.FileUtils (LogUtils.java:supplyAndLog(69)) - Successfully supplied FileChannel.open /home/runner/work/ratis/ratis/ratis-test/target/test/data/b8de9602/MiniRaftClusterWithGrpce58ca676/s5/fd7a20ee-19f9-4f80-8ea7-c3e5d6dfbc38/current/raft-meta.conf.tmp with options [CREATE, WRITE]: sun.nio.ch.FileChannelImpl@74ca1f6e
2023-12-13 18:50:10,934 [s3@group-C3E5D6DFBC38-StateMachineUpdater] TRACE util.FileUtils (LogUtils.java:runAndLog(49)) - Successfully ran Atomic Files.move /home/runner/work/ratis/ratis/ratis-test/target/test/data/b8de9602/MiniRaftClusterWithGrpce58ca676/s3/fd7a20ee-19f9-4f80-8ea7-c3e5d6dfbc38/current/raft-meta.conf.tmp to /home/runner/work/ratis/ratis/ratis-test/target/test/data/b8de9602/MiniRaftClusterWithGrpce58ca676/s3/fd7a20ee-19f9-4f80-8ea7-c3e5d6dfbc38/current/raft-meta.conf with options [REPLACE_EXISTING]
2023-12-13 18:50:10,935 [s5@group-C3E5D6DFBC38-StateMachineUpdater] TRACE util.FileUtils (LogUtils.java:runAndLog(49)) - Successfully ran Atomic Files.move /home/runner/work/ratis/ratis/ratis-test/target/test/data/b8de9602/MiniRaftClusterWithGrpce58ca676/s5/fd7a20ee-19f9-4f80-8ea7-c3e5d6dfbc38/current/raft-meta.conf.tmp to /home/runner/work/ratis/ratis/ratis-test/target/test/data/b8de9602/MiniRaftClusterWithGrpce58ca676/s5/fd7a20ee-19f9-4f80-8ea7-c3e5d6dfbc38/current/raft-meta.conf with options [REPLACE_EXISTING]
2023-12-13 18:50:10,935 [s4@group-C3E5D6DFBC38-StateMachineUpdater] TRACE util.FileUtils (LogUtils.java:runAndLog(49)) - Successfully ran Atomic Files.move /home/runner/work/ratis/ratis/ratis-test/target/test/data/b8de9602/MiniRaftClusterWithGrpce58ca676/s4/fd7a20ee-19f9-4f80-8ea7-c3e5d6dfbc38/current/raft-meta.conf.tmp to /home/runner/work/ratis/ratis/ratis-test/target/test/data/b8de9602/MiniRaftClusterWithGrpce58ca676/s4/fd7a20ee-19f9-4f80-8ea7-c3e5d6dfbc38/current/raft-meta.conf with options [REPLACE_EXISTING]
2023-12-13 18:50:10,935 [s1@group-C3E5D6DFBC38-StateMachineUpdater] TRACE util.FileUtils (LogUtils.java:runAndLog(49)) - Successfully ran Atomic Files.move /home/runner/work/ratis/ratis/ratis-test/target/test/data/b8de9602/MiniRaftClusterWithGrpce58ca676/s1/fd7a20ee-19f9-4f80-8ea7-c3e5d6dfbc38/current/raft-meta.conf.tmp to /home/runner/work/ratis/ratis/ratis-test/target/test/data/b8de9602/MiniRaftClusterWithGrpce58ca676/s1/fd7a20ee-19f9-4f80-8ea7-c3e5d6dfbc38/current/raft-meta.conf with options [REPLACE_EXISTING]
2023-12-13 18:50:10,937 [s2@group-C3E5D6DFBC38-StateMachineUpdater] TRACE util.FileUtils (LogUtils.java:runAndLog(49)) - Successfully ran Atomic Files.move /home/runner/work/ratis/ratis/ratis-test/target/test/data/b8de9602/MiniRaftClusterWithGrpce58ca676/s2/fd7a20ee-19f9-4f80-8ea7-c3e5d6dfbc38/current/raft-meta.conf.tmp to /home/runner/work/ratis/ratis/ratis-test/target/test/data/b8de9602/MiniRaftClusterWithGrpce58ca676/s2/fd7a20ee-19f9-4f80-8ea7-c3e5d6dfbc38/current/raft-meta.conf with options [REPLACE_EXISTING]
2023-12-13 18:50:10,938 [s0@group-C3E5D6DFBC38-StateMachineUpdater] TRACE util.FileUtils (LogUtils.java:runAndLog(49)) - Successfully ran Atomic Files.move /home/runner/work/ratis/ratis/ratis-test/target/test/data/b8de9602/MiniRaftClusterWithGrpce58ca676/s0/fd7a20ee-19f9-4f80-8ea7-c3e5d6dfbc38/current/raft-meta.conf.tmp to /home/runner/work/ratis/ratis/ratis-test/target/test/data/b8de9602/MiniRaftClusterWithGrpce58ca676/s0/fd7a20ee-19f9-4f80-8ea7-c3e5d6dfbc38/current/raft-meta.conf with options [REPLACE_EXISTING]
2023-12-13 18:50:10,938 [s0@group-C3E5D6DFBC38-StateMachineUpdater] TRACE util.FileUtils (LogUtils.java:supplyAndLog(69)) - Successfully supplied FileChannel.open /home/runner/work/ratis/ratis/ratis-test/target/test/data/b8de9602/MiniRaftClusterWithGrpce58ca676/s0/fd7a20ee-19f9-4f80-8ea7-c3e5d6dfbc38/current/raft-meta.conf.tmp with options [CREATE, WRITE]: sun.nio.ch.FileChannelImpl@29e2420a
2023-12-13 18:50:10,939 [s6@group-C3E5D6DFBC38-StateMachineUpdater] TRACE util.FileUtils (LogUtils.java:runAndLog(49)) - Successfully ran Atomic Files.move /home/runner/work/ratis/ratis/ratis-test/target/test/data/b8de9602/MiniRaftClusterWithGrpce58ca676/s6/fd7a20ee-19f9-4f80-8ea7-c3e5d6dfbc38/current/raft-meta.conf.tmp to /home/runner/work/ratis/ratis/ratis-test/target/test/data/b8de9602/MiniRaftClusterWithGrpce58ca676/s6/fd7a20ee-19f9-4f80-8ea7-c3e5d6dfbc38/current/raft-meta.conf with options [REPLACE_EXISTING]
2023-12-13 18:50:10,940 [s0@group-C3E5D6DFBC38-StateMachineUpdater] TRACE util.FileUtils (LogUtils.java:runAndLog(49)) - Successfully ran Atomic Files.move /home/runner/work/ratis/ratis/ratis-test/target/test/data/b8de9602/MiniRaftClusterWithGrpce58ca676/s0/fd7a20ee-19f9-4f80-8ea7-c3e5d6dfbc38/current/raft-meta.conf.tmp to /home/runner/work/ratis/ratis/ratis-test/target/test/data/b8de9602/MiniRaftClusterWithGrpce58ca676/s0/fd7a20ee-19f9-4f80-8ea7-c3e5d6dfbc38/current/raft-meta.conf with options [REPLACE_EXISTING]
2023-12-13 18:50:10,943 [Time-limited test] INFO  server.RaftServerConfigKeys (ConfUtils.java:logGet(46)) - raft.server.rpc.timeout.max = 2000ms (custom)
2023-12-13 18:50:10,943 [Time-limited test] INFO  ratis.RaftTestUtil (RaftTestUtil.java:waitForLeader(100)) - printing ALL groups
  s3:  RUNNING [
   FOLLOWER s3@group-C3E5D6DFBC38:t1, leader=s1, voted=s1, raftlog=Memoized:s3@group-C3E5D6DFBC38-SegmentedRaftLog:OPENED:c3, conf=3: peers:[s3|0.0.0.0:43047, s4|0.0.0.0:36395, s5|0.0.0.0:40741, s6|0.0.0.0:41641, s0|0.0.0.0:40531, s1|0.0.0.0:37953, s2|0.0.0.0:44821]|listeners:[], old=null RUNNING
   FOLLOWER s3@group-E92128DFC347:t0, leader=null, voted=, raftlog=Memoized:s3@group-E92128DFC347-SegmentedRaftLog:OPENED:c-1, conf=-1: peers:[]|listeners:[], old=null STARTING] size=2
  s4:  RUNNING [
   FOLLOWER s4@group-C3E5D6DFBC38:t1, leader=s1, voted=s1, raftlog=Memoized:s4@group-C3E5D6DFBC38-SegmentedRaftLog:OPENED:c3, conf=3: peers:[s3|0.0.0.0:43047, s4|0.0.0.0:36395, s5|0.0.0.0:40741, s6|0.0.0.0:41641, s0|0.0.0.0:40531, s1|0.0.0.0:37953, s2|0.0.0.0:44821]|listeners:[], old=null RUNNING
   FOLLOWER s4@group-E92128DFC347:t0, leader=null, voted=, raftlog=Memoized:s4@group-E92128DFC347-SegmentedRaftLog:OPENED:c-1, conf=-1: peers:[]|listeners:[], old=null STARTING] size=2
  s5:  RUNNING [
   FOLLOWER s5@group-C3E5D6DFBC38:t1, leader=s1, voted=s1, raftlog=Memoized:s5@group-C3E5D6DFBC38-SegmentedRaftLog:OPENED:c3, conf=3: peers:[s3|0.0.0.0:43047, s4|0.0.0.0:36395, s5|0.0.0.0:40741, s6|0.0.0.0:41641, s0|0.0.0.0:40531, s1|0.0.0.0:37953, s2|0.0.0.0:44821]|listeners:[], old=null RUNNING
   FOLLOWER s5@group-E92128DFC347:t0, leader=null, voted=, raftlog=Memoized:s5@group-E92128DFC347-SegmentedRaftLog:OPENED:c-1, conf=-1: peers:[]|listeners:[], old=null STARTING] size=2
  s6:  RUNNING [
   FOLLOWER s6@group-C3E5D6DFBC38:t1, leader=s1, voted=null, raftlog=Memoized:s6@group-C3E5D6DFBC38-SegmentedRaftLog:OPENED:c3, conf=3: peers:[s3|0.0.0.0:43047, s4|0.0.0.0:36395, s5|0.0.0.0:40741, s6|0.0.0.0:41641, s0|0.0.0.0:40531, s1|0.0.0.0:37953, s2|0.0.0.0:44821]|listeners:[], old=null RUNNING
   FOLLOWER s6@group-E92128DFC347:t0, leader=null, voted=, raftlog=Memoized:s6@group-E92128DFC347-SegmentedRaftLog:OPENED:c-1, conf=-1: peers:[]|listeners:[], old=null STARTING] size=2
  s0:  RUNNING [
   FOLLOWER s0@group-C3E5D6DFBC38:t1, leader=s1, voted=null, raftlog=Memoized:s0@group-C3E5D6DFBC38-SegmentedRaftLog:OPENED:c3, conf=3: peers:[s3|0.0.0.0:43047, s4|0.0.0.0:36395, s5|0.0.0.0:40741, s6|0.0.0.0:41641, s0|0.0.0.0:40531, s1|0.0.0.0:37953, s2|0.0.0.0:44821]|listeners:[], old=null RUNNING
   FOLLOWER s0@group-E92128DFC347:t0, leader=null, voted=, raftlog=Memoized:s0@group-E92128DFC347-SegmentedRaftLog:OPENED:c-1, conf=-1: peers:[]|listeners:[], old=null STARTING] size=2
  s1:  RUNNING [
     LEADER s1@group-C3E5D6DFBC38:t1, leader=s1, voted=s1, raftlog=Memoized:s1@group-C3E5D6DFBC38-SegmentedRaftLog:OPENED:c4, conf=3: peers:[s3|0.0.0.0:43047, s4|0.0.0.0:36395, s5|0.0.0.0:40741, s6|0.0.0.0:41641, s0|0.0.0.0:40531, s1|0.0.0.0:37953, s2|0.0.0.0:44821]|listeners:[], old=null RUNNING
   FOLLOWER s1@group-E92128DFC347:t0, leader=null, voted=, raftlog=Memoized:s1@group-E92128DFC347-SegmentedRaftLog:OPENED:c-1, conf=-1: peers:[]|listeners:[], old=null STARTING] size=2
  s2:  RUNNING [
   FOLLOWER s2@group-C3E5D6DFBC38:t1, leader=s1, voted=s1, raftlog=Memoized:s2@group-C3E5D6DFBC38-SegmentedRaftLog:OPENED:c3, conf=3: peers:[s3|0.0.0.0:43047, s4|0.0.0.0:36395, s5|0.0.0.0:40741, s6|0.0.0.0:41641, s0|0.0.0.0:40531, s1|0.0.0.0:37953, s2|0.0.0.0:44821]|listeners:[], old=null RUNNING
   FOLLOWER s2@group-E92128DFC347:t0, leader=null, voted=, raftlog=Memoized:s2@group-E92128DFC347-SegmentedRaftLog:OPENED:c-1, conf=-1: peers:[]|listeners:[], old=null STARTING] size=2
2023-12-13 18:50:10,943 [Time-limited test] INFO  ratis.RaftTestUtil (RaftTestUtil.java:waitForLeader(124)) - printing ALL groups
  s3:  RUNNING [
   FOLLOWER s3@group-C3E5D6DFBC38:t1, leader=s1, voted=s1, raftlog=Memoized:s3@group-C3E5D6DFBC38-SegmentedRaftLog:OPENED:c3, conf=3: peers:[s3|0.0.0.0:43047, s4|0.0.0.0:36395, s5|0.0.0.0:40741, s6|0.0.0.0:41641, s0|0.0.0.0:40531, s1|0.0.0.0:37953, s2|0.0.0.0:44821]|listeners:[], old=null RUNNING
   FOLLOWER s3@group-E92128DFC347:t0, leader=null, voted=, raftlog=Memoized:s3@group-E92128DFC347-SegmentedRaftLog:OPENED:c-1, conf=-1: peers:[]|listeners:[], old=null STARTING] size=2
  s4:  RUNNING [
   FOLLOWER s4@group-C3E5D6DFBC38:t1, leader=s1, voted=s1, raftlog=Memoized:s4@group-C3E5D6DFBC38-SegmentedRaftLog:OPENED:c3, conf=3: peers:[s3|0.0.0.0:43047, s4|0.0.0.0:36395, s5|0.0.0.0:40741, s6|0.0.0.0:41641, s0|0.0.0.0:40531, s1|0.0.0.0:37953, s2|0.0.0.0:44821]|listeners:[], old=null RUNNING
   FOLLOWER s4@group-E92128DFC347:t0, leader=null, voted=, raftlog=Memoized:s4@group-E92128DFC347-SegmentedRaftLog:OPENED:c-1, conf=-1: peers:[]|listeners:[], old=null STARTING] size=2
  s5:  RUNNING [
   FOLLOWER s5@group-C3E5D6DFBC38:t1, leader=s1, voted=s1, raftlog=Memoized:s5@group-C3E5D6DFBC38-SegmentedRaftLog:OPENED:c3, conf=3: peers:[s3|0.0.0.0:43047, s4|0.0.0.0:36395, s5|0.0.0.0:40741, s6|0.0.0.0:41641, s0|0.0.0.0:40531, s1|0.0.0.0:37953, s2|0.0.0.0:44821]|listeners:[], old=null RUNNING
   FOLLOWER s5@group-E92128DFC347:t0, leader=null, voted=, raftlog=Memoized:s5@group-E92128DFC347-SegmentedRaftLog:OPENED:c-1, conf=-1: peers:[]|listeners:[], old=null STARTING] size=2
  s6:  RUNNING [
   FOLLOWER s6@group-C3E5D6DFBC38:t1, leader=s1, voted=null, raftlog=Memoized:s6@group-C3E5D6DFBC38-SegmentedRaftLog:OPENED:c3, conf=3: peers:[s3|0.0.0.0:43047, s4|0.0.0.0:36395, s5|0.0.0.0:40741, s6|0.0.0.0:41641, s0|0.0.0.0:40531, s1|0.0.0.0:37953, s2|0.0.0.0:44821]|listeners:[], old=null RUNNING
   FOLLOWER s6@group-E92128DFC347:t0, leader=null, voted=, raftlog=Memoized:s6@group-E92128DFC347-SegmentedRaftLog:OPENED:c-1, conf=-1: peers:[]|listeners:[], old=null STARTING] size=2
  s0:  RUNNING [
   FOLLOWER s0@group-C3E5D6DFBC38:t1, leader=s1, voted=null, raftlog=Memoized:s0@group-C3E5D6DFBC38-SegmentedRaftLog:OPENED:c3, conf=3: peers:[s3|0.0.0.0:43047, s4|0.0.0.0:36395, s5|0.0.0.0:40741, s6|0.0.0.0:41641, s0|0.0.0.0:40531, s1|0.0.0.0:37953, s2|0.0.0.0:44821]|listeners:[], old=null RUNNING
   FOLLOWER s0@group-E92128DFC347:t0, leader=null, voted=, raftlog=Memoized:s0@group-E92128DFC347-SegmentedRaftLog:OPENED:c-1, conf=-1: peers:[]|listeners:[], old=null STARTING] size=2
  s1:  RUNNING [
     LEADER s1@group-C3E5D6DFBC38:t1, leader=s1, voted=s1, raftlog=Memoized:s1@group-C3E5D6DFBC38-SegmentedRaftLog:OPENED:c4, conf=3: peers:[s3|0.0.0.0:43047, s4|0.0.0.0:36395, s5|0.0.0.0:40741, s6|0.0.0.0:41641, s0|0.0.0.0:40531, s1|0.0.0.0:37953, s2|0.0.0.0:44821]|listeners:[], old=null RUNNING
   FOLLOWER s1@group-E92128DFC347:t0, leader=null, voted=, raftlog=Memoized:s1@group-E92128DFC347-SegmentedRaftLog:OPENED:c-1, conf=-1: peers:[]|listeners:[], old=null STARTING] size=2
  s2:  RUNNING [
   FOLLOWER s2@group-C3E5D6DFBC38:t1, leader=s1, voted=s1, raftlog=Memoized:s2@group-C3E5D6DFBC38-SegmentedRaftLog:OPENED:c3, conf=3: peers:[s3|0.0.0.0:43047, s4|0.0.0.0:36395, s5|0.0.0.0:40741, s6|0.0.0.0:41641, s0|0.0.0.0:40531, s1|0.0.0.0:37953, s2|0.0.0.0:44821]|listeners:[], old=null RUNNING
   FOLLOWER s2@group-E92128DFC347:t0, leader=null, voted=, raftlog=Memoized:s2@group-E92128DFC347-SegmentedRaftLog:OPENED:c-1, conf=-1: peers:[]|listeners:[], old=null STARTING] size=2
2023-12-13 18:50:10,943 [Time-limited test] INFO  impl.GroupManagementBaseTest (GroupManagementBaseTest.java:runMultiGroupTest(338)) - update groups: printing ALL groups
  s3:  RUNNING [
   FOLLOWER s3@group-C3E5D6DFBC38:t1, leader=s1, voted=s1, raftlog=Memoized:s3@group-C3E5D6DFBC38-SegmentedRaftLog:OPENED:c3, conf=3: peers:[s3|0.0.0.0:43047, s4|0.0.0.0:36395, s5|0.0.0.0:40741, s6|0.0.0.0:41641, s0|0.0.0.0:40531, s1|0.0.0.0:37953, s2|0.0.0.0:44821]|listeners:[], old=null RUNNING
   FOLLOWER s3@group-E92128DFC347:t0, leader=null, voted=, raftlog=Memoized:s3@group-E92128DFC347-SegmentedRaftLog:OPENED:c-1, conf=-1: peers:[]|listeners:[], old=null STARTING] size=2
  s4:  RUNNING [
   FOLLOWER s4@group-C3E5D6DFBC38:t1, leader=s1, voted=s1, raftlog=Memoized:s4@group-C3E5D6DFBC38-SegmentedRaftLog:OPENED:c3, conf=3: peers:[s3|0.0.0.0:43047, s4|0.0.0.0:36395, s5|0.0.0.0:40741, s6|0.0.0.0:41641, s0|0.0.0.0:40531, s1|0.0.0.0:37953, s2|0.0.0.0:44821]|listeners:[], old=null RUNNING
   FOLLOWER s4@group-E92128DFC347:t0, leader=null, voted=, raftlog=Memoized:s4@group-E92128DFC347-SegmentedRaftLog:OPENED:c-1, conf=-1: peers:[]|listeners:[], old=null STARTING] size=2
  s5:  RUNNING [
   FOLLOWER s5@group-C3E5D6DFBC38:t1, leader=s1, voted=s1, raftlog=Memoized:s5@group-C3E5D6DFBC38-SegmentedRaftLog:OPENED:c3, conf=3: peers:[s3|0.0.0.0:43047, s4|0.0.0.0:36395, s5|0.0.0.0:40741, s6|0.0.0.0:41641, s0|0.0.0.0:40531, s1|0.0.0.0:37953, s2|0.0.0.0:44821]|listeners:[], old=null RUNNING
   FOLLOWER s5@group-E92128DFC347:t0, leader=null, voted=, raftlog=Memoized:s5@group-E92128DFC347-SegmentedRaftLog:OPENED:c-1, conf=-1: peers:[]|listeners:[], old=null STARTING] size=2
  s6:  RUNNING [
   FOLLOWER s6@group-C3E5D6DFBC38:t1, leader=s1, voted=null, raftlog=Memoized:s6@group-C3E5D6DFBC38-SegmentedRaftLog:OPENED:c3, conf=3: peers:[s3|0.0.0.0:43047, s4|0.0.0.0:36395, s5|0.0.0.0:40741, s6|0.0.0.0:41641, s0|0.0.0.0:40531, s1|0.0.0.0:37953, s2|0.0.0.0:44821]|listeners:[], old=null RUNNING
   FOLLOWER s6@group-E92128DFC347:t0, leader=null, voted=, raftlog=Memoized:s6@group-E92128DFC347-SegmentedRaftLog:OPENED:c-1, conf=-1: peers:[]|listeners:[], old=null STARTING] size=2
  s0:  RUNNING [
   FOLLOWER s0@group-C3E5D6DFBC38:t1, leader=s1, voted=null, raftlog=Memoized:s0@group-C3E5D6DFBC38-SegmentedRaftLog:OPENED:c3, conf=3: peers:[s3|0.0.0.0:43047, s4|0.0.0.0:36395, s5|0.0.0.0:40741, s6|0.0.0.0:41641, s0|0.0.0.0:40531, s1|0.0.0.0:37953, s2|0.0.0.0:44821]|listeners:[], old=null RUNNING
   FOLLOWER s0@group-E92128DFC347:t0, leader=null, voted=, raftlog=Memoized:s0@group-E92128DFC347-SegmentedRaftLog:OPENED:c-1, conf=-1: peers:[]|listeners:[], old=null STARTING] size=2
  s1:  RUNNING [
     LEADER s1@group-C3E5D6DFBC38:t1, leader=s1, voted=s1, raftlog=Memoized:s1@group-C3E5D6DFBC38-SegmentedRaftLog:OPENED:c4, conf=3: peers:[s3|0.0.0.0:43047, s4|0.0.0.0:36395, s5|0.0.0.0:40741, s6|0.0.0.0:41641, s0|0.0.0.0:40531, s1|0.0.0.0:37953, s2|0.0.0.0:44821]|listeners:[], old=null RUNNING
   FOLLOWER s1@group-E92128DFC347:t0, leader=null, voted=, raftlog=Memoized:s1@group-E92128DFC347-SegmentedRaftLog:OPENED:c-1, conf=-1: peers:[]|listeners:[], old=null STARTING] size=2
  s2:  RUNNING [
   FOLLOWER s2@group-C3E5D6DFBC38:t1, leader=s1, voted=s1, raftlog=Memoized:s2@group-C3E5D6DFBC38-SegmentedRaftLog:OPENED:c3, conf=3: peers:[s3|0.0.0.0:43047, s4|0.0.0.0:36395, s5|0.0.0.0:40741, s6|0.0.0.0:41641, s0|0.0.0.0:40531, s1|0.0.0.0:37953, s2|0.0.0.0:44821]|listeners:[], old=null RUNNING
   FOLLOWER s2@group-E92128DFC347:t0, leader=null, voted=, raftlog=Memoized:s2@group-E92128DFC347-SegmentedRaftLog:OPENED:c-1, conf=-1: peers:[]|listeners:[], old=null STARTING] size=2
| MiniRaftClusterWithGrpc[1, 6, 7]chosen=1 | update groups | 153 |
2023-12-13 18:50:10,943 [Time-limited test] INFO  impl.MiniRaftCluster (MiniRaftCluster.java:shutdown(831)) - ************************************************************** 
2023-12-13 18:50:10,943 [Time-limited test] INFO  impl.MiniRaftCluster (MiniRaftCluster.java:shutdown(832)) - *** 
2023-12-13 18:50:10,943 [Time-limited test] INFO  impl.MiniRaftCluster (MiniRaftCluster.java:shutdown(833)) - ***     Stopping MiniRaftClusterWithGrpc
2023-12-13 18:50:10,943 [Time-limited test] INFO  impl.MiniRaftCluster (MiniRaftCluster.java:shutdown(834)) - *** 
2023-12-13 18:50:10,943 [Time-limited test] INFO  impl.MiniRaftCluster (MiniRaftCluster.java:shutdown(835)) - ************************************************************** 
2023-12-13 18:50:10,944 [Time-limited test] INFO  impl.MiniRaftCluster (MiniRaftCluster.java:shutdown(836)) - printing ALL groups
  s3:  RUNNING [
   FOLLOWER s3@group-C3E5D6DFBC38:t1, leader=s1, voted=s1, raftlog=Memoized:s3@group-C3E5D6DFBC38-SegmentedRaftLog:OPENED:c3, conf=3: peers:[s3|0.0.0.0:43047, s4|0.0.0.0:36395, s5|0.0.0.0:40741, s6|0.0.0.0:41641, s0|0.0.0.0:40531, s1|0.0.0.0:37953, s2|0.0.0.0:44821]|listeners:[], old=null RUNNING
   FOLLOWER s3@group-E92128DFC347:t0, leader=null, voted=, raftlog=Memoized:s3@group-E92128DFC347-SegmentedRaftLog:OPENED:c-1, conf=-1: peers:[]|listeners:[], old=null STARTING] size=2
  s4:  RUNNING [
   FOLLOWER s4@group-C3E5D6DFBC38:t1, leader=s1, voted=s1, raftlog=Memoized:s4@group-C3E5D6DFBC38-SegmentedRaftLog:OPENED:c3, conf=3: peers:[s3|0.0.0.0:43047, s4|0.0.0.0:36395, s5|0.0.0.0:40741, s6|0.0.0.0:41641, s0|0.0.0.0:40531, s1|0.0.0.0:37953, s2|0.0.0.0:44821]|listeners:[], old=null RUNNING
   FOLLOWER s4@group-E92128DFC347:t0, leader=null, voted=, raftlog=Memoized:s4@group-E92128DFC347-SegmentedRaftLog:OPENED:c-1, conf=-1: peers:[]|listeners:[], old=null STARTING] size=2
  s5:  RUNNING [
   FOLLOWER s5@group-C3E5D6DFBC38:t1, leader=s1, voted=s1, raftlog=Memoized:s5@group-C3E5D6DFBC38-SegmentedRaftLog:OPENED:c3, conf=3: peers:[s3|0.0.0.0:43047, s4|0.0.0.0:36395, s5|0.0.0.0:40741, s6|0.0.0.0:41641, s0|0.0.0.0:40531, s1|0.0.0.0:37953, s2|0.0.0.0:44821]|listeners:[], old=null RUNNING
   FOLLOWER s5@group-E92128DFC347:t0, leader=null, voted=, raftlog=Memoized:s5@group-E92128DFC347-SegmentedRaftLog:OPENED:c-1, conf=-1: peers:[]|listeners:[], old=null STARTING] size=2
  s6:  RUNNING [
   FOLLOWER s6@group-C3E5D6DFBC38:t1, leader=s1, voted=null, raftlog=Memoized:s6@group-C3E5D6DFBC38-SegmentedRaftLog:OPENED:c3, conf=3: peers:[s3|0.0.0.0:43047, s4|0.0.0.0:36395, s5|0.0.0.0:40741, s6|0.0.0.0:41641, s0|0.0.0.0:40531, s1|0.0.0.0:37953, s2|0.0.0.0:44821]|listeners:[], old=null RUNNING
   FOLLOWER s6@group-E92128DFC347:t0, leader=null, voted=, raftlog=Memoized:s6@group-E92128DFC347-SegmentedRaftLog:OPENED:c-1, conf=-1: peers:[]|listeners:[], old=null STARTING] size=2
  s0:  RUNNING [
   FOLLOWER s0@group-C3E5D6DFBC38:t1, leader=s1, voted=null, raftlog=Memoized:s0@group-C3E5D6DFBC38-SegmentedRaftLog:OPENED:c3, conf=3: peers:[s3|0.0.0.0:43047, s4|0.0.0.0:36395, s5|0.0.0.0:40741, s6|0.0.0.0:41641, s0|0.0.0.0:40531, s1|0.0.0.0:37953, s2|0.0.0.0:44821]|listeners:[], old=null RUNNING
   FOLLOWER s0@group-E92128DFC347:t0, leader=null, voted=, raftlog=Memoized:s0@group-E92128DFC347-SegmentedRaftLog:OPENED:c-1, conf=-1: peers:[]|listeners:[], old=null STARTING] size=2
  s1:  RUNNING [
     LEADER s1@group-C3E5D6DFBC38:t1, leader=s1, voted=s1, raftlog=Memoized:s1@group-C3E5D6DFBC38-SegmentedRaftLog:OPENED:c4, conf=3: peers:[s3|0.0.0.0:43047, s4|0.0.0.0:36395, s5|0.0.0.0:40741, s6|0.0.0.0:41641, s0|0.0.0.0:40531, s1|0.0.0.0:37953, s2|0.0.0.0:44821]|listeners:[], old=null RUNNING
   FOLLOWER s1@group-E92128DFC347:t0, leader=null, voted=, raftlog=Memoized:s1@group-E92128DFC347-SegmentedRaftLog:OPENED:c-1, conf=-1: peers:[]|listeners:[], old=null STARTING] size=2
  s2:  RUNNING [
   FOLLOWER s2@group-C3E5D6DFBC38:t1, leader=s1, voted=s1, raftlog=Memoized:s2@group-C3E5D6DFBC38-SegmentedRaftLog:OPENED:c3, conf=3: peers:[s3|0.0.0.0:43047, s4|0.0.0.0:36395, s5|0.0.0.0:40741, s6|0.0.0.0:41641, s0|0.0.0.0:40531, s1|0.0.0.0:37953, s2|0.0.0.0:44821]|listeners:[], old=null RUNNING
   FOLLOWER s2@group-E92128DFC347:t0, leader=null, voted=, raftlog=Memoized:s2@group-E92128DFC347-SegmentedRaftLog:OPENED:c-1, conf=-1: peers:[]|listeners:[], old=null STARTING] size=2
2023-12-13 18:50:10,944 [MiniRaftCluster-8] INFO  server.RaftServer (RaftServerProxy.java:lambda$close$9(416)) - s3: close
2023-12-13 18:50:10,944 [s3-impl-thread1] INFO  server.RaftServer$Division (RaftServerImpl.java:lambda$close$3(516)) - s3@group-C3E5D6DFBC38: shutdown
2023-12-13 18:50:10,944 [s3-impl-thread1] INFO  util.JmxRegister (JmxRegister.java:unregister(73)) - Successfully un-registered JMX Bean with object name Ratis:service=RaftServer,group=group-C3E5D6DFBC38,id=s3
2023-12-13 18:50:10,944 [s3-impl-thread1] INFO  impl.RoleInfo (RoleInfo.java:shutdownFollowerState(110)) - s3: shutdown s3@group-C3E5D6DFBC38-FollowerState
2023-12-13 18:50:10,944 [s3-impl-thread1] INFO  impl.StateMachineUpdater (StateMachineUpdater.java:stopAndJoin(157)) - s3@group-C3E5D6DFBC38-StateMachineUpdater: set stopIndex = 3
2023-12-13 18:50:10,944 [s3@group-C3E5D6DFBC38-FollowerState] INFO  impl.FollowerState (FollowerState.java:run(152)) - s3@group-C3E5D6DFBC38-FollowerState was interrupted
2023-12-13 18:50:10,944 [s3-impl-thread1] INFO  server.RaftServer$Division (ServerState.java:close(423)) - s3@group-C3E5D6DFBC38: applyIndex: 3
2023-12-13 18:50:10,945 [s3@group-C3E5D6DFBC38-cacheEviction-AwaitToRun] INFO  util.AwaitToRun (AwaitToRun.java:run(49)) - s3@group-C3E5D6DFBC38-cacheEviction-AwaitToRun-AwaitForSignal is interrupted
2023-12-13 18:50:10,946 [MiniRaftCluster-10] INFO  server.RaftServer (RaftServerProxy.java:lambda$close$9(416)) - s5: close
2023-12-13 18:50:10,946 [s5-impl-thread1] INFO  server.RaftServer$Division (RaftServerImpl.java:lambda$close$3(516)) - s5@group-C3E5D6DFBC38: shutdown
2023-12-13 18:50:10,946 [MiniRaftCluster-11] INFO  server.RaftServer (RaftServerProxy.java:lambda$close$9(416)) - s6: close
2023-12-13 18:50:10,946 [s5-impl-thread1] INFO  util.JmxRegister (JmxRegister.java:unregister(73)) - Successfully un-registered JMX Bean with object name Ratis:service=RaftServer,group=group-C3E5D6DFBC38,id=s5
2023-12-13 18:50:10,946 [s5-impl-thread1] INFO  impl.RoleInfo (RoleInfo.java:shutdownFollowerState(110)) - s5: shutdown s5@group-C3E5D6DFBC38-FollowerState
2023-12-13 18:50:10,946 [MiniRaftCluster-9] INFO  server.RaftServer (RaftServerProxy.java:lambda$close$9(416)) - s4: close
2023-12-13 18:50:10,946 [s5-impl-thread1] INFO  impl.StateMachineUpdater (StateMachineUpdater.java:stopAndJoin(157)) - s5@group-C3E5D6DFBC38-StateMachineUpdater: set stopIndex = 3
2023-12-13 18:50:10,946 [s5@group-C3E5D6DFBC38-FollowerState] INFO  impl.FollowerState (FollowerState.java:run(152)) - s5@group-C3E5D6DFBC38-FollowerState was interrupted
2023-12-13 18:50:10,946 [MiniRaftCluster-12] INFO  server.RaftServer (RaftServerProxy.java:lambda$close$9(416)) - s0: close
2023-12-13 18:50:10,946 [s0-impl-thread1] INFO  server.RaftServer$Division (RaftServerImpl.java:lambda$close$3(516)) - s0@group-C3E5D6DFBC38: shutdown
2023-12-13 18:50:10,946 [s4-impl-thread1] INFO  server.RaftServer$Division (RaftServerImpl.java:lambda$close$3(516)) - s4@group-C3E5D6DFBC38: shutdown
2023-12-13 18:50:10,946 [s0-impl-thread1] INFO  util.JmxRegister (JmxRegister.java:unregister(73)) - Successfully un-registered JMX Bean with object name Ratis:service=RaftServer,group=group-C3E5D6DFBC38,id=s0
2023-12-13 18:50:10,946 [s4-impl-thread1] INFO  util.JmxRegister (JmxRegister.java:unregister(73)) - Successfully un-registered JMX Bean with object name Ratis:service=RaftServer,group=group-C3E5D6DFBC38,id=s4
2023-12-13 18:50:10,946 [s0-impl-thread1] INFO  impl.RoleInfo (RoleInfo.java:shutdownFollowerState(110)) - s0: shutdown s0@group-C3E5D6DFBC38-FollowerState
2023-12-13 18:50:10,946 [s4-impl-thread1] INFO  impl.RoleInfo (RoleInfo.java:shutdownFollowerState(110)) - s4: shutdown s4@group-C3E5D6DFBC38-FollowerState
2023-12-13 18:50:10,947 [s0-impl-thread1] INFO  impl.StateMachineUpdater (StateMachineUpdater.java:stopAndJoin(157)) - s0@group-C3E5D6DFBC38-StateMachineUpdater: set stopIndex = 3
2023-12-13 18:50:10,947 [s0@group-C3E5D6DFBC38-FollowerState] INFO  impl.FollowerState (FollowerState.java:run(152)) - s0@group-C3E5D6DFBC38-FollowerState was interrupted
2023-12-13 18:50:10,947 [s4@group-C3E5D6DFBC38-FollowerState] INFO  impl.FollowerState (FollowerState.java:run(152)) - s4@group-C3E5D6DFBC38-FollowerState was interrupted
2023-12-13 18:50:10,947 [s4-impl-thread1] INFO  impl.StateMachineUpdater (StateMachineUpdater.java:stopAndJoin(157)) - s4@group-C3E5D6DFBC38-StateMachineUpdater: set stopIndex = 3
2023-12-13 18:50:10,947 [s5-impl-thread1] INFO  server.RaftServer$Division (ServerState.java:close(423)) - s5@group-C3E5D6DFBC38: applyIndex: 3
2023-12-13 18:50:10,947 [s4-impl-thread1] INFO  server.RaftServer$Division (ServerState.java:close(423)) - s4@group-C3E5D6DFBC38: applyIndex: 3
2023-12-13 18:50:10,947 [s5@group-C3E5D6DFBC38-cacheEviction-AwaitToRun] INFO  util.AwaitToRun (AwaitToRun.java:run(49)) - s5@group-C3E5D6DFBC38-cacheEviction-AwaitToRun-AwaitForSignal is interrupted
2023-12-13 18:50:10,947 [s4@group-C3E5D6DFBC38-cacheEviction-AwaitToRun] INFO  util.AwaitToRun (AwaitToRun.java:run(49)) - s4@group-C3E5D6DFBC38-cacheEviction-AwaitToRun-AwaitForSignal is interrupted
2023-12-13 18:50:10,947 [s0-impl-thread1] INFO  server.RaftServer$Division (ServerState.java:close(423)) - s0@group-C3E5D6DFBC38: applyIndex: 3
2023-12-13 18:50:10,947 [s0@group-C3E5D6DFBC38-cacheEviction-AwaitToRun] INFO  util.AwaitToRun (AwaitToRun.java:run(49)) - s0@group-C3E5D6DFBC38-cacheEviction-AwaitToRun-AwaitForSignal is interrupted
2023-12-13 18:50:10,947 [s6-impl-thread1] INFO  server.RaftServer$Division (RaftServerImpl.java:lambda$close$3(516)) - s6@group-C3E5D6DFBC38: shutdown
2023-12-13 18:50:10,947 [s6-impl-thread1] INFO  util.JmxRegister (JmxRegister.java:unregister(73)) - Successfully un-registered JMX Bean with object name Ratis:service=RaftServer,group=group-C3E5D6DFBC38,id=s6
2023-12-13 18:50:10,947 [s6-impl-thread1] INFO  impl.RoleInfo (RoleInfo.java:shutdownFollowerState(110)) - s6: shutdown s6@group-C3E5D6DFBC38-FollowerState
2023-12-13 18:50:10,947 [s6-impl-thread1] INFO  impl.StateMachineUpdater (StateMachineUpdater.java:stopAndJoin(157)) - s6@group-C3E5D6DFBC38-StateMachineUpdater: set stopIndex = 3
2023-12-13 18:50:10,947 [s6@group-C3E5D6DFBC38-FollowerState] INFO  impl.FollowerState (FollowerState.java:run(152)) - s6@group-C3E5D6DFBC38-FollowerState was interrupted
2023-12-13 18:50:10,947 [MiniRaftCluster-13] INFO  server.RaftServer (RaftServerProxy.java:lambda$close$9(416)) - s1: close
2023-12-13 18:50:10,948 [s1-impl-thread1] INFO  server.RaftServer$Division (RaftServerImpl.java:lambda$close$3(516)) - s1@group-C3E5D6DFBC38: shutdown
2023-12-13 18:50:10,948 [MiniRaftCluster-14] INFO  server.RaftServer (RaftServerProxy.java:lambda$close$9(416)) - s2: close
2023-12-13 18:50:10,948 [s6-impl-thread1] INFO  server.RaftServer$Division (ServerState.java:close(423)) - s6@group-C3E5D6DFBC38: applyIndex: 3
2023-12-13 18:50:10,948 [s2-impl-thread1] INFO  server.RaftServer$Division (RaftServerImpl.java:lambda$close$3(516)) - s2@group-C3E5D6DFBC38: shutdown
2023-12-13 18:50:10,948 [s6@group-C3E5D6DFBC38-cacheEviction-AwaitToRun] INFO  util.AwaitToRun (AwaitToRun.java:run(49)) - s6@group-C3E5D6DFBC38-cacheEviction-AwaitToRun-AwaitForSignal is interrupted
2023-12-13 18:50:10,948 [MiniRaftCluster-8] INFO  server.GrpcService (GrpcService.java:closeImpl(311)) - s3: shutdown server GrpcServerProtocolService now
2023-12-13 18:50:10,948 [s1-impl-thread1] INFO  util.JmxRegister (JmxRegister.java:unregister(73)) - Successfully un-registered JMX Bean with object name Ratis:service=RaftServer,group=group-C3E5D6DFBC38,id=s1
2023-12-13 18:50:10,948 [s1-impl-thread1] INFO  impl.RoleInfo (RoleInfo.java:shutdownLeaderState(94)) - s1: shutdown s1@group-C3E5D6DFBC38-LeaderStateImpl
2023-12-13 18:50:10,948 [MiniRaftCluster-14] INFO  server.GrpcService (GrpcService.java:closeImpl(311)) - s2: shutdown server GrpcServerProtocolService now
2023-12-13 18:50:10,948 [s3-impl-thread2] INFO  server.RaftServer$Division (RaftServerImpl.java:lambda$close$3(516)) - s3@group-E92128DFC347: shutdown
2023-12-13 18:50:10,948 [s2-impl-thread1] INFO  util.JmxRegister (JmxRegister.java:unregister(73)) - Successfully un-registered JMX Bean with object name Ratis:service=RaftServer,group=group-C3E5D6DFBC38,id=s2
2023-12-13 18:50:10,953 [s2-impl-thread1] INFO  impl.RoleInfo (RoleInfo.java:shutdownFollowerState(110)) - s2: shutdown s2@group-C3E5D6DFBC38-FollowerState
2023-12-13 18:50:10,953 [s3-impl-thread2] INFO  util.JmxRegister (JmxRegister.java:unregister(73)) - Successfully un-registered JMX Bean with object name Ratis:service=RaftServer,group=group-E92128DFC347,id=s3
2023-12-13 18:50:10,959 [s3-impl-thread2] INFO  impl.StateMachineUpdater (StateMachineUpdater.java:stopAndJoin(157)) - s3@group-E92128DFC347-StateMachineUpdater: set stopIndex = -1
2023-12-13 18:50:10,953 [s6-impl-thread2] INFO  server.RaftServer$Division (RaftServerImpl.java:lambda$close$3(516)) - s6@group-E92128DFC347: shutdown
2023-12-13 18:50:10,959 [s3-impl-thread2] INFO  server.RaftServer$Division (ServerState.java:close(423)) - s3@group-E92128DFC347: applyIndex: -1
2023-12-13 18:50:10,959 [s6-impl-thread2] INFO  util.JmxRegister (JmxRegister.java:unregister(73)) - Successfully un-registered JMX Bean with object name Ratis:service=RaftServer,group=group-E92128DFC347,id=s6
2023-12-13 18:50:10,959 [s3@group-E92128DFC347-cacheEviction-AwaitToRun] INFO  util.AwaitToRun (AwaitToRun.java:run(49)) - s3@group-E92128DFC347-cacheEviction-AwaitToRun-AwaitForSignal is interrupted
2023-12-13 18:50:10,953 [MiniRaftCluster-11] INFO  server.GrpcService (GrpcService.java:closeImpl(311)) - s6: shutdown server GrpcServerProtocolService now
2023-12-13 18:50:10,960 [s6-impl-thread2] INFO  impl.StateMachineUpdater (StateMachineUpdater.java:stopAndJoin(157)) - s6@group-E92128DFC347-StateMachineUpdater: set stopIndex = -1
2023-12-13 18:50:10,960 [s6-impl-thread2] INFO  server.RaftServer$Division (ServerState.java:close(423)) - s6@group-E92128DFC347: applyIndex: -1
2023-12-13 18:50:10,953 [MiniRaftCluster-13] INFO  server.GrpcService (GrpcService.java:closeImpl(311)) - s1: shutdown server GrpcServerProtocolService now
2023-12-13 18:50:10,960 [s6@group-E92128DFC347-cacheEviction-AwaitToRun] INFO  util.AwaitToRun (AwaitToRun.java:run(49)) - s6@group-E92128DFC347-cacheEviction-AwaitToRun-AwaitForSignal is interrupted
2023-12-13 18:50:10,952 [grpc-default-executor-8] INFO  server.GrpcLogAppender (GrpcLogAppender.java:onError(523)) - s1@group-C3E5D6DFBC38->s3-GrpcLogAppender is already stopped
2023-12-13 18:50:10,950 [grpc-default-executor-4] INFO  server.GrpcLogAppender (GrpcLogAppender.java:onError(523)) - s1@group-C3E5D6DFBC38->s2-GrpcLogAppender is already stopped
2023-12-13 18:50:10,961 [grpc-default-executor-4] INFO  server.GrpcLogAppender (GrpcLogAppender.java:onError(523)) - s1@group-C3E5D6DFBC38->s6-GrpcLogAppender is already stopped
2023-12-13 18:50:10,962 [grpc-default-executor-2] WARN  server.GrpcServerProtocolService (LogUtils.java:warn(121)) - s6: APPEND_ENTRIES onError, lastRequest: null: org.apache.ratis.thirdparty.io.grpc.StatusRuntimeException: CANCELLED: client cancelled
2023-12-13 18:50:10,950 [s1@group-C3E5D6DFBC38->s2-GrpcLogAppender-LogAppenderDaemon] WARN  server.GrpcLogAppender (GrpcLogAppender.java:mayWait(279)) - s1@group-C3E5D6DFBC38->s2-GrpcLogAppender: Wait interrupted by java.lang.InterruptedException
2023-12-13 18:50:10,950 [grpc-default-executor-1] WARN  server.GrpcServerProtocolService (LogUtils.java:warn(121)) - s2: APPEND_ENTRIES onError, lastRequest: s1->s2#17-t1,previous=(t:1, i:3),leaderCommit=3,initializing? false,entries: size=1, first=(t:1, i:4), METADATAENTRY(c:3): org.apache.ratis.thirdparty.io.grpc.StatusRuntimeException: CANCELLED: client cancelled
2023-12-13 18:50:10,950 [grpc-default-executor-6] WARN  server.GrpcServerProtocolService (LogUtils.java:warn(121)) - s3: APPEND_ENTRIES onError, lastRequest: null: org.apache.ratis.thirdparty.io.grpc.StatusRuntimeException: CANCELLED: client cancelled
2023-12-13 18:50:10,949 [grpc-default-executor-5] WARN  server.GrpcServerProtocolService (LogUtils.java:warn(121)) - s3: APPEND_ENTRIES onError, lastRequest: s1->s3#18-t1,previous=(t:1, i:3),leaderCommit=3,initializing? false,entries: size=1, first=(t:1, i:4), METADATAENTRY(c:3): org.apache.ratis.thirdparty.io.grpc.StatusRuntimeException: CANCELLED: client cancelled
2023-12-13 18:50:10,949 [s2-impl-thread2] INFO  server.RaftServer$Division (RaftServerImpl.java:lambda$close$3(516)) - s2@group-E92128DFC347: shutdown
2023-12-13 18:50:10,949 [grpc-default-executor-3] WARN  server.GrpcServerProtocolService (LogUtils.java:warn(121)) - s2: APPEND_ENTRIES onError, lastRequest: null: org.apache.ratis.thirdparty.io.grpc.StatusRuntimeException: CANCELLED: client cancelled
2023-12-13 18:50:10,949 [s1@group-C3E5D6DFBC38->s5-GrpcLogAppender-LogAppenderDaemon] WARN  server.GrpcLogAppender (GrpcLogAppender.java:mayWait(279)) - s1@group-C3E5D6DFBC38->s5-GrpcLogAppender: Wait interrupted by java.lang.InterruptedException
2023-12-13 18:50:10,948 [s1@group-C3E5D6DFBC38->s0-GrpcLogAppender-LogAppenderDaemon] WARN  server.GrpcLogAppender (GrpcLogAppender.java:mayWait(279)) - s1@group-C3E5D6DFBC38->s0-GrpcLogAppender: Wait interrupted by java.lang.InterruptedException
2023-12-13 18:50:10,963 [grpc-default-executor-3] INFO  server.GrpcServerProtocolService (GrpcServerProtocolService.java:onCompleted(157)) - s0: Completed APPEND_ENTRIES, lastRequest: s1->s0#6-t1,previous=(t:1, i:3),leaderCommit=3,initializing? false,entries: size=1, first=(t:1, i:4), METADATAENTRY(c:3)
2023-12-13 18:50:10,963 [grpc-default-executor-3] INFO  server.GrpcServerProtocolService (GrpcServerProtocolService.java:lambda$onCompleted$5(159)) - s0: Completed APPEND_ENTRIES, lastReply: null
2023-12-13 18:50:10,963 [grpc-default-executor-5] INFO  server.GrpcServerProtocolService (GrpcServerProtocolService.java:onCompleted(157)) - s5: Completed APPEND_ENTRIES, lastRequest: null
2023-12-13 18:50:10,963 [grpc-default-executor-5] INFO  server.GrpcServerProtocolService (GrpcServerProtocolService.java:lambda$onCompleted$5(159)) - s5: Completed APPEND_ENTRIES, lastReply: serverReply {
  requestorId: "s1"
  replyId: "s5"
  raftGroupId {
    id: "\375z \356\031\371O\200\216\247\303\345\326\337\2748"
  }
  callId: 9
  success: true
}
term: 1
nextIndex: 1
matchIndex: 18446744073709551615
isHearbeat: true

2023-12-13 18:50:10,948 [s1@group-C3E5D6DFBC38->s4-GrpcLogAppender-LogAppenderDaemon] WARN  server.GrpcLogAppender (GrpcLogAppender.java:mayWait(279)) - s1@group-C3E5D6DFBC38->s4-GrpcLogAppender: Wait interrupted by java.lang.InterruptedException
2023-12-13 18:50:10,948 [s1@group-C3E5D6DFBC38->s6-GrpcLogAppender-LogAppenderDaemon] WARN  server.GrpcLogAppender (GrpcLogAppender.java:mayWait(279)) - s1@group-C3E5D6DFBC38->s6-GrpcLogAppender: Wait interrupted by java.lang.InterruptedException
2023-12-13 18:50:10,948 [s1-impl-thread1] INFO  impl.PendingRequests (PendingRequests.java:sendNotLeaderResponses(289)) - s1@group-C3E5D6DFBC38-PendingRequests: sendNotLeaderResponses
2023-12-13 18:50:10,948 [s1@group-C3E5D6DFBC38->s3-GrpcLogAppender-LogAppenderDaemon] WARN  server.GrpcLogAppender (GrpcLogAppender.java:mayWait(279)) - s1@group-C3E5D6DFBC38->s3-GrpcLogAppender: Wait interrupted by java.lang.InterruptedException
2023-12-13 18:50:10,962 [s2-impl-thread2] INFO  util.JmxRegister (JmxRegister.java:unregister(73)) - Successfully un-registered JMX Bean with object name Ratis:service=RaftServer,group=group-E92128DFC347,id=s2
2023-12-13 18:50:10,954 [s2@group-C3E5D6DFBC38-FollowerState] INFO  impl.FollowerState (FollowerState.java:run(152)) - s2@group-C3E5D6DFBC38-FollowerState was interrupted
2023-12-13 18:50:10,954 [s2-impl-thread1] INFO  impl.StateMachineUpdater (StateMachineUpdater.java:stopAndJoin(157)) - s2@group-C3E5D6DFBC38-StateMachineUpdater: set stopIndex = 3
2023-12-13 18:50:10,954 [s1-impl-thread2] INFO  server.RaftServer$Division (RaftServerImpl.java:lambda$close$3(516)) - s1@group-E92128DFC347: shutdown
2023-12-13 18:50:10,966 [s1-impl-thread2] INFO  util.JmxRegister (JmxRegister.java:unregister(73)) - Successfully un-registered JMX Bean with object name Ratis:service=RaftServer,group=group-E92128DFC347,id=s1
2023-12-13 18:50:10,966 [s1-impl-thread2] INFO  impl.StateMachineUpdater (StateMachineUpdater.java:stopAndJoin(157)) - s1@group-E92128DFC347-StateMachineUpdater: set stopIndex = -1
2023-12-13 18:50:10,966 [s1-impl-thread2] INFO  server.RaftServer$Division (ServerState.java:close(423)) - s1@group-E92128DFC347: applyIndex: -1
2023-12-13 18:50:10,966 [s1@group-E92128DFC347-cacheEviction-AwaitToRun] INFO  util.AwaitToRun (AwaitToRun.java:run(49)) - s1@group-E92128DFC347-cacheEviction-AwaitToRun-AwaitForSignal is interrupted
2023-12-13 18:50:10,954 [s5-impl-thread2] INFO  server.RaftServer$Division (RaftServerImpl.java:lambda$close$3(516)) - s5@group-E92128DFC347: shutdown
2023-12-13 18:50:10,954 [MiniRaftCluster-10] INFO  server.GrpcService (GrpcService.java:closeImpl(311)) - s5: shutdown server GrpcServerProtocolService now
2023-12-13 18:50:10,954 [s4-impl-thread2] INFO  server.RaftServer$Division (RaftServerImpl.java:lambda$close$3(516)) - s4@group-E92128DFC347: shutdown
2023-12-13 18:50:10,968 [s4-impl-thread2] INFO  util.JmxRegister (JmxRegister.java:unregister(73)) - Successfully un-registered JMX Bean with object name Ratis:service=RaftServer,group=group-E92128DFC347,id=s4
2023-12-13 18:50:10,968 [s4-impl-thread2] INFO  impl.StateMachineUpdater (StateMachineUpdater.java:stopAndJoin(157)) - s4@group-E92128DFC347-StateMachineUpdater: set stopIndex = -1
2023-12-13 18:50:10,954 [s0-impl-thread2] INFO  server.RaftServer$Division (RaftServerImpl.java:lambda$close$3(516)) - s0@group-E92128DFC347: shutdown
2023-12-13 18:50:10,968 [s0-impl-thread2] INFO  util.JmxRegister (JmxRegister.java:unregister(73)) - Successfully un-registered JMX Bean with object name Ratis:service=RaftServer,group=group-E92128DFC347,id=s0
2023-12-13 18:50:10,968 [s0-impl-thread2] INFO  impl.StateMachineUpdater (StateMachineUpdater.java:stopAndJoin(157)) - s0@group-E92128DFC347-StateMachineUpdater: set stopIndex = -1
2023-12-13 18:50:10,954 [MiniRaftCluster-9] INFO  server.GrpcService (GrpcService.java:closeImpl(311)) - s4: shutdown server GrpcServerProtocolService now
2023-12-13 18:50:10,954 [MiniRaftCluster-12] INFO  server.GrpcService (GrpcService.java:closeImpl(311)) - s0: shutdown server GrpcServerProtocolService now
2023-12-13 18:50:10,954 [grpc-default-executor-7] INFO  server.GrpcLogAppender (GrpcLogAppender.java:onError(523)) - s1@group-C3E5D6DFBC38->s3-GrpcLogAppender is already stopped
2023-12-13 18:50:10,954 [grpc-default-executor-0] INFO  server.GrpcLogAppender (GrpcLogAppender.java:onError(523)) - s1@group-C3E5D6DFBC38->s2-GrpcLogAppender is already stopped
2023-12-13 18:50:10,968 [s0-impl-thread2] INFO  server.RaftServer$Division (ServerState.java:close(423)) - s0@group-E92128DFC347: applyIndex: -1
2023-12-13 18:50:10,969 [s4-impl-thread2] INFO  server.RaftServer$Division (ServerState.java:close(423)) - s4@group-E92128DFC347: applyIndex: -1
2023-12-13 18:50:10,969 [s4@group-E92128DFC347-cacheEviction-AwaitToRun] INFO  util.AwaitToRun (AwaitToRun.java:run(49)) - s4@group-E92128DFC347-cacheEviction-AwaitToRun-AwaitForSignal is interrupted
2023-12-13 18:50:10,969 [grpc-default-executor-7] WARN  server.GrpcServerProtocolService (LogUtils.java:warn(121)) - s4: APPEND_ENTRIES onError, lastRequest: null: org.apache.ratis.thirdparty.io.grpc.StatusRuntimeException: CANCELLED: client cancelled
2023-12-13 18:50:10,966 [grpc-default-executor-3] INFO  server.GrpcServerProtocolService (GrpcServerProtocolService.java:onCompleted(157)) - s4: Completed APPEND_ENTRIES, lastRequest: s1->s4#17-t1,previous=(t:1, i:3),leaderCommit=3,initializing? false,entries: size=1, first=(t:1, i:4), METADATAENTRY(c:3)
2023-12-13 18:50:10,969 [grpc-default-executor-3] INFO  server.GrpcServerProtocolService (GrpcServerProtocolService.java:lambda$onCompleted$5(159)) - s4: Completed APPEND_ENTRIES, lastReply: null
2023-12-13 18:50:10,966 [s2-impl-thread1] INFO  server.RaftServer$Division (ServerState.java:close(423)) - s2@group-C3E5D6DFBC38: applyIndex: 3
2023-12-13 18:50:10,966 [s2-impl-thread2] INFO  impl.StateMachineUpdater (StateMachineUpdater.java:stopAndJoin(157)) - s2@group-E92128DFC347-StateMachineUpdater: set stopIndex = -1
2023-12-13 18:50:10,969 [s0@group-E92128DFC347-cacheEviction-AwaitToRun] INFO  util.AwaitToRun (AwaitToRun.java:run(49)) - s0@group-E92128DFC347-cacheEviction-AwaitToRun-AwaitForSignal is interrupted
2023-12-13 18:50:10,969 [s2-impl-thread2] INFO  server.RaftServer$Division (ServerState.java:close(423)) - s2@group-E92128DFC347: applyIndex: -1
2023-12-13 18:50:10,969 [s2@group-E92128DFC347-cacheEviction-AwaitToRun] INFO  util.AwaitToRun (AwaitToRun.java:run(49)) - s2@group-E92128DFC347-cacheEviction-AwaitToRun-AwaitForSignal is interrupted
2023-12-13 18:50:10,970 [s2@group-C3E5D6DFBC38-cacheEviction-AwaitToRun] INFO  util.AwaitToRun (AwaitToRun.java:run(49)) - s2@group-C3E5D6DFBC38-cacheEviction-AwaitToRun-AwaitForSignal is interrupted
2023-12-13 18:50:10,970 [grpc-default-executor-7] WARN  server.GrpcServerProtocolService (LogUtils.java:warn(121)) - s0: APPEND_ENTRIES onError, lastRequest: null: org.apache.ratis.thirdparty.io.grpc.StatusRuntimeException: CANCELLED: client cancelled
2023-12-13 18:50:10,970 [grpc-default-executor-7] INFO  server.GrpcLogAppender (GrpcLogAppender.java:onError(523)) - s1@group-C3E5D6DFBC38->s4-GrpcLogAppender is already stopped
2023-12-13 18:50:10,973 [MiniRaftCluster-14] INFO  server.GrpcService (GrpcService.java:closeImpl(320)) - s2: shutdown server GrpcServerProtocolService successfully
2023-12-13 18:50:10,973 [s5-impl-thread2] INFO  util.JmxRegister (JmxRegister.java:unregister(73)) - Successfully un-registered JMX Bean with object name Ratis:service=RaftServer,group=group-E92128DFC347,id=s5
2023-12-13 18:50:10,973 [s5-impl-thread2] INFO  impl.StateMachineUpdater (StateMachineUpdater.java:stopAndJoin(157)) - s5@group-E92128DFC347-StateMachineUpdater: set stopIndex = -1
2023-12-13 18:50:10,974 [grpc-default-executor-3] INFO  server.GrpcLogAppender (GrpcLogAppender.java:onError(523)) - s1@group-C3E5D6DFBC38->s6-GrpcLogAppender is already stopped
2023-12-13 18:50:10,974 [grpc-default-executor-1] WARN  server.GrpcServerProtocolService (LogUtils.java:warn(121)) - s5: APPEND_ENTRIES onError, lastRequest: s1->s5#12-t1,previous=(t:1, i:3),leaderCommit=3,initializing? false,entries: size=1, first=(t:1, i:4), METADATAENTRY(c:3): org.apache.ratis.thirdparty.io.grpc.StatusRuntimeException: CANCELLED: client cancelled
2023-12-13 18:50:10,974 [grpc-default-executor-3] INFO  server.GrpcLogAppender (GrpcLogAppender.java:onError(523)) - s1@group-C3E5D6DFBC38->s4-GrpcLogAppender is already stopped
2023-12-13 18:50:10,975 [grpc-default-executor-3] INFO  server.GrpcLogAppender (GrpcLogAppender.java:onError(523)) - s1@group-C3E5D6DFBC38->s0-GrpcLogAppender is already stopped
2023-12-13 18:50:10,975 [grpc-default-executor-3] INFO  server.GrpcLogAppender (GrpcLogAppender.java:onError(523)) - s1@group-C3E5D6DFBC38->s5-GrpcLogAppender is already stopped
2023-12-13 18:50:10,975 [grpc-default-executor-9] WARN  server.GrpcServerProtocolService (LogUtils.java:warn(121)) - s6: APPEND_ENTRIES onError, lastRequest: s1->s6#5-t1,previous=(t:1, i:3),leaderCommit=3,initializing? false,entries: size=1, first=(t:1, i:4), METADATAENTRY(c:3): org.apache.ratis.thirdparty.io.grpc.StatusRuntimeException: CANCELLED: client cancelled
2023-12-13 18:50:10,975 [s5-impl-thread2] INFO  server.RaftServer$Division (ServerState.java:close(423)) - s5@group-E92128DFC347: applyIndex: -1
2023-12-13 18:50:10,975 [s5@group-E92128DFC347-cacheEviction-AwaitToRun] INFO  util.AwaitToRun (AwaitToRun.java:run(49)) - s5@group-E92128DFC347-cacheEviction-AwaitToRun-AwaitForSignal is interrupted
2023-12-13 18:50:10,986 [MiniRaftCluster-11] INFO  server.GrpcService (GrpcService.java:closeImpl(320)) - s6: shutdown server GrpcServerProtocolService successfully
2023-12-13 18:50:10,986 [Thread-354] INFO  server.GrpcServerProtocolClient (GrpcServerProtocolClient.java:close(103)) - s3 Close channels
2023-12-13 18:50:10,988 [Thread-371] INFO  server.GrpcServerProtocolClient (GrpcServerProtocolClient.java:close(103)) - s4 Close channels
2023-12-13 18:50:10,989 [Thread-374] INFO  server.GrpcServerProtocolClient (GrpcServerProtocolClient.java:close(103)) - s5 Close channels
2023-12-13 18:50:10,990 [MiniRaftCluster-12] INFO  server.GrpcService (GrpcService.java:closeImpl(320)) - s0: shutdown server GrpcServerProtocolService successfully
2023-12-13 18:50:11,006 [grpc-default-executor-6] INFO  server.GrpcLogAppender (GrpcLogAppender.java:onCompleted(534)) - s1@group-C3E5D6DFBC38->s0-AppendLogResponseHandler: follower responses appendEntries COMPLETED
2023-12-13 18:50:11,008 [grpc-default-executor-5] INFO  server.GrpcLogAppender (GrpcLogAppender.java:onCompleted(534)) - s1@group-C3E5D6DFBC38->s5-AppendLogResponseHandler: follower responses appendEntries COMPLETED
2023-12-13 18:50:11,008 [Thread-376] INFO  server.GrpcServerProtocolClient (GrpcServerProtocolClient.java:close(103)) - s0 Close channels
2023-12-13 18:50:11,008 [Thread-375] INFO  server.GrpcServerProtocolClient (GrpcServerProtocolClient.java:close(103)) - s6 Close channels
2023-12-13 18:50:11,008 [grpc-default-executor-5] WARN  server.GrpcLogAppender (GrpcLogAppender.java:resetClient(216)) - s1@group-C3E5D6DFBC38->s5-GrpcLogAppender: Failed to getClient for s5
org.apache.ratis.protocol.exceptions.AlreadyClosedException: s1 is already CLOSED
	at org.apache.ratis.util.PeerProxyMap$PeerAndProxy.getProxy(PeerProxyMap.java:65)
	at org.apache.ratis.util.PeerProxyMap.getProxy(PeerProxyMap.java:114)
	at org.apache.ratis.grpc.server.GrpcLogAppender.getClient(GrpcLogAppender.java:188)
	at org.apache.ratis.grpc.server.GrpcLogAppender.resetClient(GrpcLogAppender.java:193)
	at org.apache.ratis.grpc.server.GrpcLogAppender.access$700(GrpcLogAppender.java:61)
	at org.apache.ratis.grpc.server.GrpcLogAppender$AppendLogResponseHandler.onCompleted(GrpcLogAppender.java:535)
	at org.apache.ratis.thirdparty.io.grpc.stub.ClientCalls$StreamObserverToCallListenerAdapter.onClose(ClientCalls.java:479)
	at org.apache.ratis.thirdparty.io.grpc.internal.DelayedClientCall$DelayedListener$3.run(DelayedClientCall.java:489)
	at org.apache.ratis.thirdparty.io.grpc.internal.DelayedClientCall$DelayedListener.delayOrExecute(DelayedClientCall.java:453)
	at org.apache.ratis.thirdparty.io.grpc.internal.DelayedClientCall$DelayedListener.onClose(DelayedClientCall.java:486)
	at org.apache.ratis.thirdparty.io.grpc.internal.ClientCallImpl.closeObserver(ClientCallImpl.java:567)
	at org.apache.ratis.thirdparty.io.grpc.internal.ClientCallImpl.access$300(ClientCallImpl.java:71)
	at org.apache.ratis.thirdparty.io.grpc.internal.ClientCallImpl$ClientStreamListenerImpl$1StreamClosed.runInternal(ClientCallImpl.java:735)
	at org.apache.ratis.thirdparty.io.grpc.internal.ClientCallImpl$ClientStreamListenerImpl$1StreamClosed.runInContext(ClientCallImpl.java:716)
	at org.apache.ratis.thirdparty.io.grpc.internal.ContextRunnable.run(ContextRunnable.java:37)
	at org.apache.ratis.thirdparty.io.grpc.internal.SerializingExecutor.run(SerializingExecutor.java:133)
	at java.base/java.util.concurrent.ThreadPoolExecutor.runWorker(ThreadPoolExecutor.java:1128)
	at java.base/java.util.concurrent.ThreadPoolExecutor$Worker.run(ThreadPoolExecutor.java:628)
	at java.base/java.lang.Thread.run(Thread.java:829)
2023-12-13 18:50:11,009 [s1-impl-thread1] INFO  impl.StateMachineUpdater (StateMachineUpdater.java:stopAndJoin(157)) - s1@group-C3E5D6DFBC38-StateMachineUpdater: set stopIndex = 4
2023-12-13 18:50:11,010 [MiniRaftCluster-9] INFO  server.GrpcService (GrpcService.java:closeImpl(320)) - s4: shutdown server GrpcServerProtocolService successfully
2023-12-13 18:50:11,010 [Thread-378] INFO  server.GrpcServerProtocolClient (GrpcServerProtocolClient.java:close(103)) - s2 Close channels
2023-12-13 18:50:11,010 [MiniRaftCluster-13] INFO  server.GrpcService (GrpcService.java:closeImpl(320)) - s1: shutdown server GrpcServerProtocolService successfully
2023-12-13 18:50:11,010 [s1-impl-thread1] INFO  server.RaftServer$Division (ServerState.java:close(423)) - s1@group-C3E5D6DFBC38: applyIndex: 4
2023-12-13 18:50:11,010 [MiniRaftCluster-10] INFO  server.GrpcService (GrpcService.java:closeImpl(320)) - s5: shutdown server GrpcServerProtocolService successfully
2023-12-13 18:50:11,010 [s1@group-C3E5D6DFBC38-cacheEviction-AwaitToRun] INFO  util.AwaitToRun (AwaitToRun.java:run(49)) - s1@group-C3E5D6DFBC38-cacheEviction-AwaitToRun-AwaitForSignal is interrupted
2023-12-13 18:50:11,014 [MiniRaftCluster-8] INFO  server.GrpcService (GrpcService.java:closeImpl(320)) - s3: shutdown server GrpcServerProtocolService successfully
2023-12-13 18:50:11,795 [s3-impl-thread2] INFO  segmented.SegmentedRaftLogWorker (SegmentedRaftLogWorker.java:close(245)) - s3@group-E92128DFC347-SegmentedRaftLogWorker close()
2023-12-13 18:50:11,802 [s4-impl-thread2] INFO  segmented.SegmentedRaftLogWorker (SegmentedRaftLogWorker.java:close(245)) - s4@group-E92128DFC347-SegmentedRaftLogWorker close()
2023-12-13 18:50:11,808 [s5-impl-thread2] INFO  segmented.SegmentedRaftLogWorker (SegmentedRaftLogWorker.java:close(245)) - s5@group-E92128DFC347-SegmentedRaftLogWorker close()
2023-12-13 18:50:11,816 [s6-impl-thread2] INFO  segmented.SegmentedRaftLogWorker (SegmentedRaftLogWorker.java:close(245)) - s6@group-E92128DFC347-SegmentedRaftLogWorker close()
2023-12-13 18:50:11,824 [s0-impl-thread2] INFO  segmented.SegmentedRaftLogWorker (SegmentedRaftLogWorker.java:close(245)) - s0@group-E92128DFC347-SegmentedRaftLogWorker close()
2023-12-13 18:50:11,832 [s1-impl-thread2] INFO  segmented.SegmentedRaftLogWorker (SegmentedRaftLogWorker.java:close(245)) - s1@group-E92128DFC347-SegmentedRaftLogWorker close()
2023-12-13 18:50:11,839 [s2-impl-thread2] INFO  segmented.SegmentedRaftLogWorker (SegmentedRaftLogWorker.java:close(245)) - s2@group-E92128DFC347-SegmentedRaftLogWorker close()
2023-12-13 18:50:11,920 [s1-impl-thread1] INFO  segmented.SegmentedRaftLogWorker (SegmentedRaftLogWorker.java:close(245)) - s1@group-C3E5D6DFBC38-SegmentedRaftLogWorker close()
2023-12-13 18:50:11,921 [JvmPauseMonitor19] INFO  util.JvmPauseMonitor (JvmPauseMonitor.java:run(152)) - JvmPauseMonitor-s1: Stopped
2023-12-13 18:50:11,922 [s2-impl-thread1] INFO  segmented.SegmentedRaftLogWorker (SegmentedRaftLogWorker.java:close(245)) - s2@group-C3E5D6DFBC38-SegmentedRaftLogWorker close()
2023-12-13 18:50:11,923 [JvmPauseMonitor20] INFO  util.JvmPauseMonitor (JvmPauseMonitor.java:run(152)) - JvmPauseMonitor-s2: Stopped
2023-12-13 18:50:11,924 [s4-impl-thread1] INFO  segmented.SegmentedRaftLogWorker (SegmentedRaftLogWorker.java:close(245)) - s4@group-C3E5D6DFBC38-SegmentedRaftLogWorker close()
2023-12-13 18:50:11,924 [JvmPauseMonitor15] INFO  util.JvmPauseMonitor (JvmPauseMonitor.java:run(152)) - JvmPauseMonitor-s4: Stopped
2023-12-13 18:50:11,928 [s3-impl-thread1] INFO  segmented.SegmentedRaftLogWorker (SegmentedRaftLogWorker.java:close(245)) - s3@group-C3E5D6DFBC38-SegmentedRaftLogWorker close()
2023-12-13 18:50:11,928 [JvmPauseMonitor14] INFO  util.JvmPauseMonitor (JvmPauseMonitor.java:run(152)) - JvmPauseMonitor-s3: Stopped
2023-12-13 18:50:11,929 [s0-impl-thread1] INFO  segmented.SegmentedRaftLogWorker (SegmentedRaftLogWorker.java:close(245)) - s0@group-C3E5D6DFBC38-SegmentedRaftLogWorker close()
2023-12-13 18:50:11,930 [s5-impl-thread1] INFO  segmented.SegmentedRaftLogWorker (SegmentedRaftLogWorker.java:close(245)) - s5@group-C3E5D6DFBC38-SegmentedRaftLogWorker close()
2023-12-13 18:50:11,931 [s6-impl-thread1] INFO  segmented.SegmentedRaftLogWorker (SegmentedRaftLogWorker.java:close(245)) - s6@group-C3E5D6DFBC38-SegmentedRaftLogWorker close()
2023-12-13 18:50:11,931 [JvmPauseMonitor18] INFO  util.JvmPauseMonitor (JvmPauseMonitor.java:run(152)) - JvmPauseMonitor-s0: Stopped
2023-12-13 18:50:11,932 [JvmPauseMonitor16] INFO  util.JvmPauseMonitor (JvmPauseMonitor.java:run(152)) - JvmPauseMonitor-s5: Stopped
2023-12-13 18:50:11,932 [JvmPauseMonitor17] INFO  util.JvmPauseMonitor (JvmPauseMonitor.java:run(152)) - JvmPauseMonitor-s6: Stopped
]]></system-out>
  </testcase>
  <testcase name="testMultiGroup7Nodes" classname="org.apache.ratis.grpc.TestGroupManagementWithGrpc" time="13.18">
    <failure message="Unexpected exit." type="java.lang.AssertionError"><![CDATA[java.lang.AssertionError: Unexpected exit.
	at org.apache.ratis.util.ExitUtils.assertNotTerminated(ExitUtils.java:109)
	at org.apache.ratis.BaseTest.assertNoFailures(BaseTest.java:90)
	at java.base/jdk.internal.reflect.NativeMethodAccessorImpl.invoke0(Native Method)
	at java.base/jdk.internal.reflect.NativeMethodAccessorImpl.invoke(NativeMethodAccessorImpl.java:62)
	at java.base/jdk.internal.reflect.DelegatingMethodAccessorImpl.invoke(DelegatingMethodAccessorImpl.java:43)
	at java.base/java.lang.reflect.Method.invoke(Method.java:566)
	at org.junit.runners.model.FrameworkMethod$1.runReflectiveCall(FrameworkMethod.java:59)
	at org.junit.internal.runners.model.ReflectiveCallable.run(ReflectiveCallable.java:12)
	at org.junit.runners.model.FrameworkMethod.invokeExplosively(FrameworkMethod.java:56)
	at org.junit.internal.runners.statements.RunAfters.invokeMethod(RunAfters.java:46)
	at org.junit.internal.runners.statements.RunAfters.evaluate(RunAfters.java:33)
	at org.junit.internal.runners.statements.FailOnTimeout$CallableStatement.call(FailOnTimeout.java:299)
	at org.junit.internal.runners.statements.FailOnTimeout$CallableStatement.call(FailOnTimeout.java:293)
	at java.base/java.util.concurrent.FutureTask.run(FutureTask.java:264)
	at java.base/java.lang.Thread.run(Thread.java:829)
Caused by: org.apache.ratis.util.ExitUtils$ExitException: Failed to start Grpc server
	at org.apache.ratis.util.ExitUtils.terminate(ExitUtils.java:141)
	at org.apache.ratis.util.ExitUtils.terminate(ExitUtils.java:151)
	at org.apache.ratis.grpc.server.GrpcService.startImpl(GrpcService.java:300)
	at org.apache.ratis.util.LifeCycle.startAndTransition(LifeCycle.java:270)
	at org.apache.ratis.server.RaftServerRpcWithProxy.start(RaftServerRpcWithProxy.java:72)
	at org.apache.ratis.server.impl.RaftServerProxy.startImpl(RaftServerProxy.java:407)
	at org.apache.ratis.util.LifeCycle.startAndTransition(LifeCycle.java:270)
	at org.apache.ratis.server.impl.RaftServerProxy.start(RaftServerProxy.java:400)
	at org.apache.ratis.server.impl.MiniRaftCluster.startServers(MiniRaftCluster.java:499)
	at org.apache.ratis.server.impl.MiniRaftCluster.start(MiniRaftCluster.java:346)
	at org.apache.ratis.server.impl.GroupManagementBaseTest.runMultiGroupTest(GroupManagementBaseTest.java:263)
	at org.apache.ratis.server.impl.GroupManagementBaseTest.runMultiGroupTest(GroupManagementBaseTest.java:237)
	at org.apache.ratis.server.impl.GroupManagementBaseTest.testMultiGroup5Nodes(GroupManagementBaseTest.java:220)
	at java.base/jdk.internal.reflect.NativeMethodAccessorImpl.invoke0(Native Method)
	at java.base/jdk.internal.reflect.NativeMethodAccessorImpl.invoke(NativeMethodAccessorImpl.java:62)
	at java.base/jdk.internal.reflect.DelegatingMethodAccessorImpl.invoke(DelegatingMethodAccessorImpl.java:43)
	at java.base/java.lang.reflect.Method.invoke(Method.java:566)
	at org.junit.runners.model.FrameworkMethod$1.runReflectiveCall(FrameworkMethod.java:59)
	at org.junit.internal.runners.model.ReflectiveCallable.run(ReflectiveCallable.java:12)
	at org.junit.runners.model.FrameworkMethod.invokeExplosively(FrameworkMethod.java:56)
	at org.junit.internal.runners.statements.InvokeMethod.evaluate(InvokeMethod.java:17)
	at org.junit.internal.runners.statements.RunAfters.evaluate(RunAfters.java:27)
	... 4 more
Caused by: java.io.IOException: Failed to bind to address 0.0.0.0/0.0.0.0:45379
	at org.apache.ratis.thirdparty.io.grpc.netty.NettyServer.start(NettyServer.java:326)
	at org.apache.ratis.thirdparty.io.grpc.internal.ServerImpl.start(ServerImpl.java:185)
	at org.apache.ratis.thirdparty.io.grpc.internal.ServerImpl.start(ServerImpl.java:94)
	at org.apache.ratis.grpc.server.GrpcService.startImpl(GrpcService.java:298)
	... 23 more
Caused by: org.apache.ratis.thirdparty.io.netty.channel.unix.Errors$NativeIoException: bind(..) failed: Address already in use
]]></failure>
  </testcase>
  <testcase name="testMultiGroup9Nodes" classname="org.apache.ratis.grpc.TestGroupManagementWithGrpc" time="17.076">
    <failure message="Unexpected exit." type="java.lang.AssertionError"><![CDATA[java.lang.AssertionError: Unexpected exit.
	at org.apache.ratis.util.ExitUtils.assertNotTerminated(ExitUtils.java:109)
	at org.apache.ratis.server.impl.MiniRaftCluster.shutdown(MiniRaftCluster.java:854)
	at org.apache.ratis.server.impl.GroupManagementBaseTest.runMultiGroupTest(GroupManagementBaseTest.java:341)
	at org.apache.ratis.server.impl.GroupManagementBaseTest.runMultiGroupTest(GroupManagementBaseTest.java:237)
	at org.apache.ratis.server.impl.GroupManagementBaseTest.testMultiGroup9Nodes(GroupManagementBaseTest.java:232)
	at java.base/jdk.internal.reflect.NativeMethodAccessorImpl.invoke0(Native Method)
	at java.base/jdk.internal.reflect.NativeMethodAccessorImpl.invoke(NativeMethodAccessorImpl.java:62)
	at java.base/jdk.internal.reflect.DelegatingMethodAccessorImpl.invoke(DelegatingMethodAccessorImpl.java:43)
	at java.base/java.lang.reflect.Method.invoke(Method.java:566)
	at org.junit.runners.model.FrameworkMethod$1.runReflectiveCall(FrameworkMethod.java:59)
	at org.junit.internal.runners.model.ReflectiveCallable.run(ReflectiveCallable.java:12)
	at org.junit.runners.model.FrameworkMethod.invokeExplosively(FrameworkMethod.java:56)
	at org.junit.internal.runners.statements.InvokeMethod.evaluate(InvokeMethod.java:17)
	at org.junit.internal.runners.statements.RunAfters.evaluate(RunAfters.java:27)
	at org.junit.internal.runners.statements.FailOnTimeout$CallableStatement.call(FailOnTimeout.java:299)
	at org.junit.internal.runners.statements.FailOnTimeout$CallableStatement.call(FailOnTimeout.java:293)
	at java.base/java.util.concurrent.FutureTask.run(FutureTask.java:264)
	at java.base/java.lang.Thread.run(Thread.java:829)
Caused by: org.apache.ratis.util.ExitUtils$ExitException: Failed to start Grpc server
	at org.apache.ratis.util.ExitUtils.terminate(ExitUtils.java:141)
	at org.apache.ratis.util.ExitUtils.terminate(ExitUtils.java:151)
	at org.apache.ratis.grpc.server.GrpcService.startImpl(GrpcService.java:300)
	at org.apache.ratis.util.LifeCycle.startAndTransition(LifeCycle.java:270)
	at org.apache.ratis.server.RaftServerRpcWithProxy.start(RaftServerRpcWithProxy.java:72)
	at org.apache.ratis.server.impl.RaftServerProxy.startImpl(RaftServerProxy.java:407)
	at org.apache.ratis.util.LifeCycle.startAndTransition(LifeCycle.java:270)
	at org.apache.ratis.server.impl.RaftServerProxy.start(RaftServerProxy.java:400)
	at org.apache.ratis.server.impl.MiniRaftCluster.startServers(MiniRaftCluster.java:499)
	at org.apache.ratis.server.impl.MiniRaftCluster.start(MiniRaftCluster.java:346)
	at org.apache.ratis.server.impl.GroupManagementBaseTest.runMultiGroupTest(GroupManagementBaseTest.java:263)
	at org.apache.ratis.server.impl.GroupManagementBaseTest.runMultiGroupTest(GroupManagementBaseTest.java:237)
	at org.apache.ratis.server.impl.GroupManagementBaseTest.testMultiGroup5Nodes(GroupManagementBaseTest.java:220)
	... 13 more
Caused by: java.io.IOException: Failed to bind to address 0.0.0.0/0.0.0.0:45379
	at org.apache.ratis.thirdparty.io.grpc.netty.NettyServer.start(NettyServer.java:326)
	at org.apache.ratis.thirdparty.io.grpc.internal.ServerImpl.start(ServerImpl.java:185)
	at org.apache.ratis.thirdparty.io.grpc.internal.ServerImpl.start(ServerImpl.java:94)
	at org.apache.ratis.grpc.server.GrpcService.startImpl(GrpcService.java:298)
	... 23 more
Caused by: org.apache.ratis.thirdparty.io.netty.channel.unix.Errors$NativeIoException: bind(..) failed: Address already in use
]]></failure>
    <system-out><![CDATA[2023-12-13 18:50:11,934 [main] INFO  util.LogUtils (Slf4jUtils.java:setLogLevel(38)) - Successfully set org.apache.ratis.conf.ConfUtils log level to WARN
2023-12-13 18:50:11,934 [main] INFO  util.LogUtils (Slf4jUtils.java:setLogLevel(38)) - Successfully set org.apache.ratis.util.FileUtils log level to TRACE
2023-12-13 18:50:11,934 [main] INFO  util.LogUtils (Slf4jUtils.java:setLogLevel(38)) - Successfully set org.apache.ratis.server.RaftServer log level to DEBUG
2023-12-13 18:50:11,934 [main] INFO  util.LogUtils (Slf4jUtils.java:setLogLevel(38)) - Successfully set org.apache.ratis.server.RaftServer$Division log level to DEBUG
2023-12-13 18:50:11,934 [main] INFO  util.LogUtils (Slf4jUtils.java:setLogLevel(38)) - Successfully set org.apache.ratis.client.RaftClient log level to DEBUG
| null | init | 62 |
2023-12-13 18:50:11,935 [Time-limited test] INFO  impl.MiniRaftCluster (MiniRaftCluster.java:<init>(306)) - new MiniRaftClusterWithGrpc with group-9B3688799715:[]
2023-12-13 18:50:11,935 [Time-limited test] INFO  impl.GroupManagementBaseTest (GroupManagementBaseTest.java:runMultiGroupTest(251)) - 

runMultiGroupTest with MiniRaftClusterWithGrpc[5, 8, 9]chosen=2: printing ALL groups
2023-12-13 18:50:11,935 [Time-limited test] INFO  impl.GroupManagementBaseTest (GroupManagementBaseTest.java:runMultiGroupTest(258)) - ids: [s0, s1, s2, s3, s4, s5, s6, s7, s8]
2023-12-13 18:50:11,935 [Time-limited test] INFO  impl.MiniRaftCluster (MiniRaftCluster.java:newRaftServer(382)) - newRaftServer: s0, group-9B3688799715:[], format? true
2023-12-13 18:50:11,935 [Time-limited test] TRACE util.FileUtils (FileUtils.java:deleteFully(305)) - deleteFully target/test/data/b8de9602/MiniRaftClusterWithGrpcac948085/s0
2023-12-13 18:50:11,935 [Time-limited test] TRACE util.FileUtils (FileUtils.java:deleteFully(318)) - deleteFully: target/test/data/b8de9602/MiniRaftClusterWithGrpcac948085/s0 does not exist.
2023-12-13 18:50:11,935 [Time-limited test] INFO  impl.MiniRaftCluster (MiniRaftCluster.java:newRaftServer(387)) - Formatted directory target/test/data/b8de9602/MiniRaftClusterWithGrpcac948085/s0
2023-12-13 18:50:11,936 [Time-limited test] DEBUG server.RaftServer (ServerImplUtils.java:newRaftServer(51)) - newRaftServer: s0, group-9B3688799715:[]
2023-12-13 18:50:11,936 [Time-limited test] INFO  server.RaftServer (ConfUtils.java:logGet(46)) - raft.rpc.type = GRPC (default)
2023-12-13 18:50:11,936 [Time-limited test] INFO  grpc.GrpcConfigKeys (ConfUtils.java:logFallback(53)) - raft.grpc.admin.host = null (fallback to raft.grpc.server.host)
2023-12-13 18:50:11,936 [Time-limited test] INFO  grpc.GrpcConfigKeys (ConfUtils.java:logFallback(53)) - raft.grpc.admin.port = 43623 (fallback to raft.grpc.server.port)
2023-12-13 18:50:11,936 [Time-limited test] INFO  grpc.GrpcConfigKeys (ConfUtils.java:logFallback(53)) - raft.grpc.client.host = null (fallback to raft.grpc.server.host)
2023-12-13 18:50:11,936 [Time-limited test] INFO  grpc.GrpcConfigKeys (ConfUtils.java:logFallback(53)) - raft.grpc.client.port = 43623 (fallback to raft.grpc.server.port)
2023-12-13 18:50:11,936 [Time-limited test] INFO  grpc.GrpcConfigKeys (ConfUtils.java:logGet(46)) - raft.grpc.server.host = null (default)
2023-12-13 18:50:11,936 [Time-limited test] INFO  grpc.GrpcConfigKeys (ConfUtils.java:logGet(46)) - raft.grpc.server.port = 43623 (custom)
2023-12-13 18:50:11,936 [Time-limited test] INFO  server.GrpcService (ConfUtils.java:logGet(46)) - raft.grpc.message.size.max = 64MB (=67108864) (default)
2023-12-13 18:50:11,936 [Time-limited test] INFO  server.RaftServerConfigKeys (ConfUtils.java:logGet(46)) - raft.server.log.appender.buffer.byte-limit = 4MB (=4194304) (default)
2023-12-13 18:50:11,936 [Time-limited test] INFO  server.GrpcService (ConfUtils.java:logGet(46)) - raft.grpc.flow.control.window = 1MB (=1048576) (default)
2023-12-13 18:50:11,936 [Time-limited test] INFO  server.RaftServerConfigKeys (ConfUtils.java:logGet(46)) - raft.server.rpc.request.timeout = 3000ms (default)
2023-12-13 18:50:11,936 [Time-limited test] INFO  grpc.GrpcConfigKeys (ConfUtils.java:logGet(46)) - raft.grpc.server.heartbeat.channel = true (default)
2023-12-13 18:50:11,936 [Time-limited test] INFO  grpc.GrpcConfigKeys (ConfUtils.java:logGet(46)) - raft.grpc.server.async.request.thread.pool.cached = true (default)
2023-12-13 18:50:11,936 [Time-limited test] INFO  grpc.GrpcConfigKeys (ConfUtils.java:logGet(46)) - raft.grpc.server.async.request.thread.pool.size = 32 (default)
2023-12-13 18:50:11,937 [Time-limited test] INFO  impl.DataStreamServerImpl (ConfUtils.java:logGet(46)) - raft.datastream.type = DISABLED (default)
2023-12-13 18:50:11,937 [Time-limited test] INFO  server.RaftServerConfigKeys (ConfUtils.java:logGet(46)) - raft.server.sleep.deviation.threshold = 300ms (default)
2023-12-13 18:50:11,937 [Time-limited test] INFO  server.RaftServerConfigKeys (ConfUtils.java:logGet(46)) - raft.server.close.threshold = 60s (default)
2023-12-13 18:50:11,937 [Time-limited test] INFO  server.RaftServerConfigKeys (ConfUtils.java:logGet(46)) - raft.server.leaderelection.leader.step-down.wait-time = 10s (default)
2023-12-13 18:50:11,937 [Time-limited test] INFO  server.RaftServerConfigKeys (ConfUtils.java:logGet(46)) - raft.server.storage.dir = [/home/runner/work/ratis/ratis/ratis-test/target/test/data/b8de9602/MiniRaftClusterWithGrpcac948085/s0] (custom)
2023-12-13 18:50:11,937 [Time-limited test] INFO  server.RaftServerConfigKeys (ConfUtils.java:logGet(46)) - raft.server.threadpool.proxy.cached = true (default)
2023-12-13 18:50:11,937 [Time-limited test] INFO  server.RaftServerConfigKeys (ConfUtils.java:logGet(46)) - raft.server.threadpool.proxy.size = 0 (default)
2023-12-13 18:50:11,937 [Time-limited test] INFO  server.RaftServer (RaftServerProxy.java:addNew(100)) - s0: addNew group-9B3688799715:[] returns group-9B3688799715:java.util.concurrent.CompletableFuture@402d2638[Not completed]
2023-12-13 18:50:11,937 [s0-groupManagement] INFO  server.RaftServer$Division (RaftServerImpl.java:<init>(256)) - s0: new RaftServerImpl for group-9B3688799715:[] with BaseStateMachine:uninitialized
2023-12-13 18:50:11,937 [Time-limited test] INFO  impl.MiniRaftCluster (MiniRaftCluster.java:newRaftServer(382)) - newRaftServer: s1, group-9B3688799715:[], format? true
2023-12-13 18:50:11,938 [s0-groupManagement] INFO  server.RaftServerConfigKeys (ConfUtils.java:logGet(46)) - raft.server.rpc.timeout.min = 1500ms (custom)
2023-12-13 18:50:11,938 [Time-limited test] TRACE util.FileUtils (FileUtils.java:deleteFully(305)) - deleteFully target/test/data/b8de9602/MiniRaftClusterWithGrpcac948085/s1
2023-12-13 18:50:11,938 [s0-groupManagement] INFO  server.RaftServerConfigKeys (ConfUtils.java:logGet(46)) - raft.server.rpc.timeout.max = 2000ms (custom)
2023-12-13 18:50:11,938 [s0-groupManagement] INFO  server.RaftServerConfigKeys (ConfUtils.java:logGet(46)) - raft.server.rpc.sleep.time = 25ms (default)
2023-12-13 18:50:11,938 [Time-limited test] TRACE util.FileUtils (FileUtils.java:deleteFully(318)) - deleteFully: target/test/data/b8de9602/MiniRaftClusterWithGrpcac948085/s1 does not exist.
2023-12-13 18:50:11,938 [s0-groupManagement] INFO  server.RaftServerConfigKeys (ConfUtils.java:logGet(46)) - raft.server.rpc.slowness.timeout = 60s (default)
2023-12-13 18:50:11,938 [Time-limited test] INFO  impl.MiniRaftCluster (MiniRaftCluster.java:newRaftServer(387)) - Formatted directory target/test/data/b8de9602/MiniRaftClusterWithGrpcac948085/s1
2023-12-13 18:50:11,938 [s0-groupManagement] INFO  server.RaftServerConfigKeys (ConfUtils.java:logGet(46)) - raft.server.leaderelection.leader.step-down.wait-time = 10s (default)
2023-12-13 18:50:11,938 [s0-groupManagement] INFO  server.RaftServerConfigKeys (ConfUtils.java:logGet(46)) - raft.server.leaderelection.member.majority-add = false (default)
2023-12-13 18:50:11,938 [s0-groupManagement] INFO  server.RaftServerConfigKeys (ConfUtils.java:logGet(46)) - raft.server.sleep.deviation.threshold = 300ms (default)
2023-12-13 18:50:11,938 [Time-limited test] DEBUG server.RaftServer (ServerImplUtils.java:newRaftServer(51)) - newRaftServer: s1, group-9B3688799715:[]
2023-12-13 18:50:11,938 [s0-groupManagement] INFO  server.RaftServer$Division (ServerState.java:<init>(113)) - s0@group-9B3688799715: ConfigurationManager, init=-1: peers:[]|listeners:[], old=null, confs=<EMPTY_MAP>
2023-12-13 18:50:11,938 [Time-limited test] INFO  server.RaftServer (ConfUtils.java:logGet(46)) - raft.rpc.type = GRPC (default)
2023-12-13 18:50:11,938 [s0-groupManagement] INFO  server.RaftServerConfigKeys (ConfUtils.java:logGet(46)) - raft.server.notification.no-leader.timeout = 60s (default)
2023-12-13 18:50:11,938 [Time-limited test] INFO  grpc.GrpcConfigKeys (ConfUtils.java:logFallback(53)) - raft.grpc.admin.host = null (fallback to raft.grpc.server.host)
2023-12-13 18:50:11,938 [s0-groupManagement] INFO  server.RaftServerConfigKeys (ConfUtils.java:logGet(46)) - raft.server.read.timeout = 10s (default)
2023-12-13 18:50:11,938 [Time-limited test] INFO  grpc.GrpcConfigKeys (ConfUtils.java:logFallback(53)) - raft.grpc.admin.port = 37641 (fallback to raft.grpc.server.port)
2023-12-13 18:50:11,938 [s0-groupManagement] INFO  server.RaftServerConfigKeys (ConfUtils.java:logGet(46)) - raft.server.retrycache.expirytime = 60s (default)
2023-12-13 18:50:11,938 [Time-limited test] INFO  grpc.GrpcConfigKeys (ConfUtils.java:logFallback(53)) - raft.grpc.client.host = null (fallback to raft.grpc.server.host)
2023-12-13 18:50:11,938 [s0-groupManagement] INFO  server.RaftServerConfigKeys (ConfUtils.java:logGet(46)) - raft.server.retrycache.statistics.expirytime = 100ms (default)
2023-12-13 18:50:11,938 [Time-limited test] INFO  grpc.GrpcConfigKeys (ConfUtils.java:logFallback(53)) - raft.grpc.client.port = 37641 (fallback to raft.grpc.server.port)
2023-12-13 18:50:11,938 [Time-limited test] INFO  grpc.GrpcConfigKeys (ConfUtils.java:logGet(46)) - raft.grpc.server.host = null (default)
2023-12-13 18:50:11,938 [s0-groupManagement] INFO  server.RaftServerConfigKeys (ConfUtils.java:logGet(46)) - raft.server.read.option = DEFAULT (default)
2023-12-13 18:50:11,938 [Time-limited test] INFO  grpc.GrpcConfigKeys (ConfUtils.java:logGet(46)) - raft.grpc.server.port = 37641 (custom)
2023-12-13 18:50:11,938 [s0-groupManagement] INFO  server.RaftServerConfigKeys (ConfUtils.java:logGet(46)) - raft.server.read.read-after-write-consistent.write-index-cache.expiry-time = 60s (default)
2023-12-13 18:50:11,938 [Time-limited test] INFO  server.GrpcService (ConfUtils.java:logGet(46)) - raft.grpc.message.size.max = 64MB (=67108864) (default)
2023-12-13 18:50:11,938 [Time-limited test] INFO  server.RaftServerConfigKeys (ConfUtils.java:logGet(46)) - raft.server.log.appender.buffer.byte-limit = 4MB (=4194304) (default)
2023-12-13 18:50:11,939 [Time-limited test] INFO  server.GrpcService (ConfUtils.java:logGet(46)) - raft.grpc.flow.control.window = 1MB (=1048576) (default)
2023-12-13 18:50:11,939 [Time-limited test] INFO  server.RaftServerConfigKeys (ConfUtils.java:logGet(46)) - raft.server.rpc.request.timeout = 3000ms (default)
2023-12-13 18:50:11,939 [Time-limited test] INFO  grpc.GrpcConfigKeys (ConfUtils.java:logGet(46)) - raft.grpc.server.heartbeat.channel = true (default)
2023-12-13 18:50:11,939 [Time-limited test] INFO  grpc.GrpcConfigKeys (ConfUtils.java:logGet(46)) - raft.grpc.server.async.request.thread.pool.cached = true (default)
2023-12-13 18:50:11,939 [Time-limited test] INFO  grpc.GrpcConfigKeys (ConfUtils.java:logGet(46)) - raft.grpc.server.async.request.thread.pool.size = 32 (default)
2023-12-13 18:50:11,939 [Time-limited test] INFO  impl.DataStreamServerImpl (ConfUtils.java:logGet(46)) - raft.datastream.type = DISABLED (default)
2023-12-13 18:50:11,939 [s0-groupManagement] INFO  server.RaftServerConfigKeys (ConfUtils.java:logGet(46)) - raft.server.rpc.request.timeout = 3000ms (default)
2023-12-13 18:50:11,939 [Time-limited test] INFO  server.RaftServerConfigKeys (ConfUtils.java:logGet(46)) - raft.server.sleep.deviation.threshold = 300ms (default)
2023-12-13 18:50:11,939 [s0-groupManagement] INFO  server.RaftServerConfigKeys (ConfUtils.java:logGet(46)) - raft.server.log.appender.install.snapshot.enabled = true (default)
2023-12-13 18:50:11,939 [Time-limited test] INFO  server.RaftServerConfigKeys (ConfUtils.java:logGet(46)) - raft.server.close.threshold = 60s (default)
2023-12-13 18:50:11,939 [s0-groupManagement] INFO  server.RaftServerConfigKeys (ConfUtils.java:logGet(46)) - raft.server.threadpool.server.cached = true (default)
2023-12-13 18:50:11,939 [Time-limited test] INFO  server.RaftServerConfigKeys (ConfUtils.java:logGet(46)) - raft.server.leaderelection.leader.step-down.wait-time = 10s (default)
2023-12-13 18:50:11,940 [s0-groupManagement] INFO  server.RaftServerConfigKeys (ConfUtils.java:logGet(46)) - raft.server.threadpool.server.size = 0 (default)
2023-12-13 18:50:11,940 [s0-groupManagement] INFO  server.RaftServerConfigKeys (ConfUtils.java:logGet(46)) - raft.server.threadpool.client.cached = true (default)
2023-12-13 18:50:11,940 [Time-limited test] INFO  server.RaftServerConfigKeys (ConfUtils.java:logGet(46)) - raft.server.storage.dir = [/home/runner/work/ratis/ratis/ratis-test/target/test/data/b8de9602/MiniRaftClusterWithGrpcac948085/s1] (custom)
2023-12-13 18:50:11,940 [s0-groupManagement] INFO  server.RaftServerConfigKeys (ConfUtils.java:logGet(46)) - raft.server.threadpool.client.size = 0 (default)
2023-12-13 18:50:11,940 [Time-limited test] INFO  server.RaftServerConfigKeys (ConfUtils.java:logGet(46)) - raft.server.threadpool.proxy.cached = true (default)
2023-12-13 18:50:11,940 [Time-limited test] INFO  server.RaftServerConfigKeys (ConfUtils.java:logGet(46)) - raft.server.threadpool.proxy.size = 0 (default)
2023-12-13 18:50:11,940 [Time-limited test] INFO  server.RaftServer (RaftServerProxy.java:addNew(100)) - s1: addNew group-9B3688799715:[] returns group-9B3688799715:java.util.concurrent.CompletableFuture@3460e5df[Not completed]
2023-12-13 18:50:11,940 [Time-limited test] INFO  impl.MiniRaftCluster (MiniRaftCluster.java:newRaftServer(382)) - newRaftServer: s2, group-9B3688799715:[], format? true
2023-12-13 18:50:11,940 [Time-limited test] TRACE util.FileUtils (FileUtils.java:deleteFully(305)) - deleteFully target/test/data/b8de9602/MiniRaftClusterWithGrpcac948085/s2
2023-12-13 18:50:11,940 [s1-groupManagement] INFO  server.RaftServer$Division (RaftServerImpl.java:<init>(256)) - s1: new RaftServerImpl for group-9B3688799715:[] with BaseStateMachine:uninitialized
2023-12-13 18:50:11,940 [Time-limited test] TRACE util.FileUtils (FileUtils.java:deleteFully(318)) - deleteFully: target/test/data/b8de9602/MiniRaftClusterWithGrpcac948085/s2 does not exist.
2023-12-13 18:50:11,940 [s1-groupManagement] INFO  server.RaftServerConfigKeys (ConfUtils.java:logGet(46)) - raft.server.rpc.timeout.min = 1500ms (custom)
2023-12-13 18:50:11,940 [Time-limited test] INFO  impl.MiniRaftCluster (MiniRaftCluster.java:newRaftServer(387)) - Formatted directory target/test/data/b8de9602/MiniRaftClusterWithGrpcac948085/s2
2023-12-13 18:50:11,941 [s1-groupManagement] INFO  server.RaftServerConfigKeys (ConfUtils.java:logGet(46)) - raft.server.rpc.timeout.max = 2000ms (custom)
2023-12-13 18:50:11,941 [s1-groupManagement] INFO  server.RaftServerConfigKeys (ConfUtils.java:logGet(46)) - raft.server.rpc.sleep.time = 25ms (default)
2023-12-13 18:50:11,941 [Time-limited test] DEBUG server.RaftServer (ServerImplUtils.java:newRaftServer(51)) - newRaftServer: s2, group-9B3688799715:[]
2023-12-13 18:50:11,941 [s1-groupManagement] INFO  server.RaftServerConfigKeys (ConfUtils.java:logGet(46)) - raft.server.rpc.slowness.timeout = 60s (default)
2023-12-13 18:50:11,941 [Time-limited test] INFO  server.RaftServer (ConfUtils.java:logGet(46)) - raft.rpc.type = GRPC (default)
2023-12-13 18:50:11,941 [s1-groupManagement] INFO  server.RaftServerConfigKeys (ConfUtils.java:logGet(46)) - raft.server.leaderelection.leader.step-down.wait-time = 10s (default)
2023-12-13 18:50:11,941 [Time-limited test] INFO  grpc.GrpcConfigKeys (ConfUtils.java:logFallback(53)) - raft.grpc.admin.host = null (fallback to raft.grpc.server.host)
2023-12-13 18:50:11,941 [s1-groupManagement] INFO  server.RaftServerConfigKeys (ConfUtils.java:logGet(46)) - raft.server.leaderelection.member.majority-add = false (default)
2023-12-13 18:50:11,941 [Time-limited test] INFO  grpc.GrpcConfigKeys (ConfUtils.java:logFallback(53)) - raft.grpc.admin.port = 44395 (fallback to raft.grpc.server.port)
2023-12-13 18:50:11,941 [Time-limited test] INFO  grpc.GrpcConfigKeys (ConfUtils.java:logFallback(53)) - raft.grpc.client.host = null (fallback to raft.grpc.server.host)
2023-12-13 18:50:11,941 [s1-groupManagement] INFO  server.RaftServerConfigKeys (ConfUtils.java:logGet(46)) - raft.server.sleep.deviation.threshold = 300ms (default)
2023-12-13 18:50:11,941 [Time-limited test] INFO  grpc.GrpcConfigKeys (ConfUtils.java:logFallback(53)) - raft.grpc.client.port = 44395 (fallback to raft.grpc.server.port)
2023-12-13 18:50:11,941 [s1-groupManagement] INFO  server.RaftServer$Division (ServerState.java:<init>(113)) - s1@group-9B3688799715: ConfigurationManager, init=-1: peers:[]|listeners:[], old=null, confs=<EMPTY_MAP>
2023-12-13 18:50:11,941 [Time-limited test] INFO  grpc.GrpcConfigKeys (ConfUtils.java:logGet(46)) - raft.grpc.server.host = null (default)
2023-12-13 18:50:11,941 [s1-groupManagement] INFO  server.RaftServerConfigKeys (ConfUtils.java:logGet(46)) - raft.server.notification.no-leader.timeout = 60s (default)
2023-12-13 18:50:11,941 [Time-limited test] INFO  grpc.GrpcConfigKeys (ConfUtils.java:logGet(46)) - raft.grpc.server.port = 44395 (custom)
2023-12-13 18:50:11,941 [s1-groupManagement] INFO  server.RaftServerConfigKeys (ConfUtils.java:logGet(46)) - raft.server.read.timeout = 10s (default)
2023-12-13 18:50:11,941 [Time-limited test] INFO  server.GrpcService (ConfUtils.java:logGet(46)) - raft.grpc.message.size.max = 64MB (=67108864) (default)
2023-12-13 18:50:11,941 [s1-groupManagement] INFO  server.RaftServerConfigKeys (ConfUtils.java:logGet(46)) - raft.server.retrycache.expirytime = 60s (default)
2023-12-13 18:50:11,941 [Time-limited test] INFO  server.RaftServerConfigKeys (ConfUtils.java:logGet(46)) - raft.server.log.appender.buffer.byte-limit = 4MB (=4194304) (default)
2023-12-13 18:50:11,941 [s1-groupManagement] INFO  server.RaftServerConfigKeys (ConfUtils.java:logGet(46)) - raft.server.retrycache.statistics.expirytime = 100ms (default)
2023-12-13 18:50:11,941 [Time-limited test] INFO  server.GrpcService (ConfUtils.java:logGet(46)) - raft.grpc.flow.control.window = 1MB (=1048576) (default)
2023-12-13 18:50:11,942 [s1-groupManagement] INFO  server.RaftServerConfigKeys (ConfUtils.java:logGet(46)) - raft.server.read.option = DEFAULT (default)
2023-12-13 18:50:11,942 [Time-limited test] INFO  server.RaftServerConfigKeys (ConfUtils.java:logGet(46)) - raft.server.rpc.request.timeout = 3000ms (default)
2023-12-13 18:50:11,942 [s1-groupManagement] INFO  server.RaftServerConfigKeys (ConfUtils.java:logGet(46)) - raft.server.read.read-after-write-consistent.write-index-cache.expiry-time = 60s (default)
2023-12-13 18:50:11,942 [Time-limited test] INFO  grpc.GrpcConfigKeys (ConfUtils.java:logGet(46)) - raft.grpc.server.heartbeat.channel = true (default)
2023-12-13 18:50:11,942 [Time-limited test] INFO  grpc.GrpcConfigKeys (ConfUtils.java:logGet(46)) - raft.grpc.server.async.request.thread.pool.cached = true (default)
2023-12-13 18:50:11,942 [Time-limited test] INFO  grpc.GrpcConfigKeys (ConfUtils.java:logGet(46)) - raft.grpc.server.async.request.thread.pool.size = 32 (default)
2023-12-13 18:50:11,942 [Time-limited test] INFO  impl.DataStreamServerImpl (ConfUtils.java:logGet(46)) - raft.datastream.type = DISABLED (default)
2023-12-13 18:50:11,942 [s1-groupManagement] INFO  server.RaftServerConfigKeys (ConfUtils.java:logGet(46)) - raft.server.rpc.request.timeout = 3000ms (default)
2023-12-13 18:50:11,942 [Time-limited test] INFO  server.RaftServerConfigKeys (ConfUtils.java:logGet(46)) - raft.server.sleep.deviation.threshold = 300ms (default)
2023-12-13 18:50:11,942 [s1-groupManagement] INFO  server.RaftServerConfigKeys (ConfUtils.java:logGet(46)) - raft.server.log.appender.install.snapshot.enabled = true (default)
2023-12-13 18:50:11,943 [s1-groupManagement] INFO  server.RaftServerConfigKeys (ConfUtils.java:logGet(46)) - raft.server.threadpool.server.cached = true (default)
2023-12-13 18:50:11,943 [s1-groupManagement] INFO  server.RaftServerConfigKeys (ConfUtils.java:logGet(46)) - raft.server.threadpool.server.size = 0 (default)
2023-12-13 18:50:11,943 [s1-groupManagement] INFO  server.RaftServerConfigKeys (ConfUtils.java:logGet(46)) - raft.server.threadpool.client.cached = true (default)
2023-12-13 18:50:11,943 [s1-groupManagement] INFO  server.RaftServerConfigKeys (ConfUtils.java:logGet(46)) - raft.server.threadpool.client.size = 0 (default)
2023-12-13 18:50:11,942 [Time-limited test] INFO  server.RaftServerConfigKeys (ConfUtils.java:logGet(46)) - raft.server.close.threshold = 60s (default)
2023-12-13 18:50:11,944 [Time-limited test] INFO  server.RaftServerConfigKeys (ConfUtils.java:logGet(46)) - raft.server.leaderelection.leader.step-down.wait-time = 10s (default)
2023-12-13 18:50:11,944 [Time-limited test] INFO  server.RaftServerConfigKeys (ConfUtils.java:logGet(46)) - raft.server.storage.dir = [/home/runner/work/ratis/ratis/ratis-test/target/test/data/b8de9602/MiniRaftClusterWithGrpcac948085/s2] (custom)
2023-12-13 18:50:11,944 [Time-limited test] INFO  server.RaftServerConfigKeys (ConfUtils.java:logGet(46)) - raft.server.threadpool.proxy.cached = true (default)
2023-12-13 18:50:11,944 [Time-limited test] INFO  server.RaftServerConfigKeys (ConfUtils.java:logGet(46)) - raft.server.threadpool.proxy.size = 0 (default)
2023-12-13 18:50:11,946 [Time-limited test] INFO  server.RaftServer (RaftServerProxy.java:addNew(100)) - s2: addNew group-9B3688799715:[] returns group-9B3688799715:java.util.concurrent.CompletableFuture@80fcd5[Not completed]
2023-12-13 18:50:11,946 [s2-groupManagement] INFO  server.RaftServer$Division (RaftServerImpl.java:<init>(256)) - s2: new RaftServerImpl for group-9B3688799715:[] with BaseStateMachine:uninitialized
2023-12-13 18:50:11,946 [Time-limited test] INFO  impl.MiniRaftCluster (MiniRaftCluster.java:newRaftServer(382)) - newRaftServer: s3, group-9B3688799715:[], format? true
2023-12-13 18:50:11,946 [s2-groupManagement] INFO  server.RaftServerConfigKeys (ConfUtils.java:logGet(46)) - raft.server.rpc.timeout.min = 1500ms (custom)
2023-12-13 18:50:11,946 [Time-limited test] TRACE util.FileUtils (FileUtils.java:deleteFully(305)) - deleteFully target/test/data/b8de9602/MiniRaftClusterWithGrpcac948085/s3
2023-12-13 18:50:11,946 [Time-limited test] TRACE util.FileUtils (FileUtils.java:deleteFully(318)) - deleteFully: target/test/data/b8de9602/MiniRaftClusterWithGrpcac948085/s3 does not exist.
2023-12-13 18:50:11,946 [Time-limited test] INFO  impl.MiniRaftCluster (MiniRaftCluster.java:newRaftServer(387)) - Formatted directory target/test/data/b8de9602/MiniRaftClusterWithGrpcac948085/s3
2023-12-13 18:50:11,946 [Time-limited test] DEBUG server.RaftServer (ServerImplUtils.java:newRaftServer(51)) - newRaftServer: s3, group-9B3688799715:[]
2023-12-13 18:50:11,946 [Time-limited test] INFO  server.RaftServer (ConfUtils.java:logGet(46)) - raft.rpc.type = GRPC (default)
2023-12-13 18:50:11,946 [Time-limited test] INFO  grpc.GrpcConfigKeys (ConfUtils.java:logFallback(53)) - raft.grpc.admin.host = null (fallback to raft.grpc.server.host)
2023-12-13 18:50:11,946 [Time-limited test] INFO  grpc.GrpcConfigKeys (ConfUtils.java:logFallback(53)) - raft.grpc.admin.port = 38599 (fallback to raft.grpc.server.port)
2023-12-13 18:50:11,946 [Time-limited test] INFO  grpc.GrpcConfigKeys (ConfUtils.java:logFallback(53)) - raft.grpc.client.host = null (fallback to raft.grpc.server.host)
2023-12-13 18:50:11,947 [Time-limited test] INFO  grpc.GrpcConfigKeys (ConfUtils.java:logFallback(53)) - raft.grpc.client.port = 38599 (fallback to raft.grpc.server.port)
2023-12-13 18:50:11,947 [Time-limited test] INFO  grpc.GrpcConfigKeys (ConfUtils.java:logGet(46)) - raft.grpc.server.host = null (default)
2023-12-13 18:50:11,947 [Time-limited test] INFO  grpc.GrpcConfigKeys (ConfUtils.java:logGet(46)) - raft.grpc.server.port = 38599 (custom)
2023-12-13 18:50:11,947 [Time-limited test] INFO  server.GrpcService (ConfUtils.java:logGet(46)) - raft.grpc.message.size.max = 64MB (=67108864) (default)
2023-12-13 18:50:11,947 [Time-limited test] INFO  server.RaftServerConfigKeys (ConfUtils.java:logGet(46)) - raft.server.log.appender.buffer.byte-limit = 4MB (=4194304) (default)
2023-12-13 18:50:11,947 [Time-limited test] INFO  server.GrpcService (ConfUtils.java:logGet(46)) - raft.grpc.flow.control.window = 1MB (=1048576) (default)
2023-12-13 18:50:11,947 [Time-limited test] INFO  server.RaftServerConfigKeys (ConfUtils.java:logGet(46)) - raft.server.rpc.request.timeout = 3000ms (default)
2023-12-13 18:50:11,947 [Time-limited test] INFO  grpc.GrpcConfigKeys (ConfUtils.java:logGet(46)) - raft.grpc.server.heartbeat.channel = true (default)
2023-12-13 18:50:11,947 [Time-limited test] INFO  grpc.GrpcConfigKeys (ConfUtils.java:logGet(46)) - raft.grpc.server.async.request.thread.pool.cached = true (default)
2023-12-13 18:50:11,947 [Time-limited test] INFO  grpc.GrpcConfigKeys (ConfUtils.java:logGet(46)) - raft.grpc.server.async.request.thread.pool.size = 32 (default)
2023-12-13 18:50:11,947 [Time-limited test] INFO  impl.DataStreamServerImpl (ConfUtils.java:logGet(46)) - raft.datastream.type = DISABLED (default)
2023-12-13 18:50:11,947 [Time-limited test] INFO  server.RaftServerConfigKeys (ConfUtils.java:logGet(46)) - raft.server.sleep.deviation.threshold = 300ms (default)
2023-12-13 18:50:11,948 [Time-limited test] INFO  server.RaftServerConfigKeys (ConfUtils.java:logGet(46)) - raft.server.close.threshold = 60s (default)
2023-12-13 18:50:11,948 [Time-limited test] INFO  server.RaftServerConfigKeys (ConfUtils.java:logGet(46)) - raft.server.leaderelection.leader.step-down.wait-time = 10s (default)
2023-12-13 18:50:11,948 [Time-limited test] INFO  server.RaftServerConfigKeys (ConfUtils.java:logGet(46)) - raft.server.storage.dir = [/home/runner/work/ratis/ratis/ratis-test/target/test/data/b8de9602/MiniRaftClusterWithGrpcac948085/s3] (custom)
2023-12-13 18:50:11,948 [Time-limited test] INFO  server.RaftServerConfigKeys (ConfUtils.java:logGet(46)) - raft.server.threadpool.proxy.cached = true (default)
2023-12-13 18:50:11,946 [s2-groupManagement] INFO  server.RaftServerConfigKeys (ConfUtils.java:logGet(46)) - raft.server.rpc.timeout.max = 2000ms (custom)
2023-12-13 18:50:11,948 [Time-limited test] INFO  server.RaftServerConfigKeys (ConfUtils.java:logGet(46)) - raft.server.threadpool.proxy.size = 0 (default)
2023-12-13 18:50:11,948 [s2-groupManagement] INFO  server.RaftServerConfigKeys (ConfUtils.java:logGet(46)) - raft.server.rpc.sleep.time = 25ms (default)
2023-12-13 18:50:11,948 [s2-groupManagement] INFO  server.RaftServerConfigKeys (ConfUtils.java:logGet(46)) - raft.server.rpc.slowness.timeout = 60s (default)
2023-12-13 18:50:11,948 [s2-groupManagement] INFO  server.RaftServerConfigKeys (ConfUtils.java:logGet(46)) - raft.server.leaderelection.leader.step-down.wait-time = 10s (default)
2023-12-13 18:50:11,948 [s2-groupManagement] INFO  server.RaftServerConfigKeys (ConfUtils.java:logGet(46)) - raft.server.leaderelection.member.majority-add = false (default)
2023-12-13 18:50:11,948 [s2-groupManagement] INFO  server.RaftServerConfigKeys (ConfUtils.java:logGet(46)) - raft.server.sleep.deviation.threshold = 300ms (default)
2023-12-13 18:50:11,948 [s2-groupManagement] INFO  server.RaftServer$Division (ServerState.java:<init>(113)) - s2@group-9B3688799715: ConfigurationManager, init=-1: peers:[]|listeners:[], old=null, confs=<EMPTY_MAP>
2023-12-13 18:50:11,948 [s2-groupManagement] INFO  server.RaftServerConfigKeys (ConfUtils.java:logGet(46)) - raft.server.notification.no-leader.timeout = 60s (default)
2023-12-13 18:50:11,948 [s2-groupManagement] INFO  server.RaftServerConfigKeys (ConfUtils.java:logGet(46)) - raft.server.read.timeout = 10s (default)
2023-12-13 18:50:11,948 [s2-groupManagement] INFO  server.RaftServerConfigKeys (ConfUtils.java:logGet(46)) - raft.server.retrycache.expirytime = 60s (default)
2023-12-13 18:50:11,948 [s2-groupManagement] INFO  server.RaftServerConfigKeys (ConfUtils.java:logGet(46)) - raft.server.retrycache.statistics.expirytime = 100ms (default)
2023-12-13 18:50:11,948 [s2-groupManagement] INFO  server.RaftServerConfigKeys (ConfUtils.java:logGet(46)) - raft.server.read.option = DEFAULT (default)
2023-12-13 18:50:11,948 [s2-groupManagement] INFO  server.RaftServerConfigKeys (ConfUtils.java:logGet(46)) - raft.server.read.read-after-write-consistent.write-index-cache.expiry-time = 60s (default)
2023-12-13 18:50:11,949 [Time-limited test] INFO  server.RaftServer (RaftServerProxy.java:addNew(100)) - s3: addNew group-9B3688799715:[] returns group-9B3688799715:java.util.concurrent.CompletableFuture@614ec6b7[Not completed]
2023-12-13 18:50:11,949 [Time-limited test] INFO  impl.MiniRaftCluster (MiniRaftCluster.java:newRaftServer(382)) - newRaftServer: s4, group-9B3688799715:[], format? true
2023-12-13 18:50:11,949 [s2-groupManagement] INFO  server.RaftServerConfigKeys (ConfUtils.java:logGet(46)) - raft.server.rpc.request.timeout = 3000ms (default)
2023-12-13 18:50:11,949 [Time-limited test] TRACE util.FileUtils (FileUtils.java:deleteFully(305)) - deleteFully target/test/data/b8de9602/MiniRaftClusterWithGrpcac948085/s4
2023-12-13 18:50:11,949 [s3-groupManagement] INFO  server.RaftServer$Division (RaftServerImpl.java:<init>(256)) - s3: new RaftServerImpl for group-9B3688799715:[] with BaseStateMachine:uninitialized
2023-12-13 18:50:11,949 [Time-limited test] TRACE util.FileUtils (FileUtils.java:deleteFully(318)) - deleteFully: target/test/data/b8de9602/MiniRaftClusterWithGrpcac948085/s4 does not exist.
2023-12-13 18:50:11,949 [s3-groupManagement] INFO  server.RaftServerConfigKeys (ConfUtils.java:logGet(46)) - raft.server.rpc.timeout.min = 1500ms (custom)
2023-12-13 18:50:11,949 [Time-limited test] INFO  impl.MiniRaftCluster (MiniRaftCluster.java:newRaftServer(387)) - Formatted directory target/test/data/b8de9602/MiniRaftClusterWithGrpcac948085/s4
2023-12-13 18:50:11,949 [s3-groupManagement] INFO  server.RaftServerConfigKeys (ConfUtils.java:logGet(46)) - raft.server.rpc.timeout.max = 2000ms (custom)
2023-12-13 18:50:11,949 [s2-groupManagement] INFO  server.RaftServerConfigKeys (ConfUtils.java:logGet(46)) - raft.server.log.appender.install.snapshot.enabled = true (default)
2023-12-13 18:50:11,949 [Time-limited test] DEBUG server.RaftServer (ServerImplUtils.java:newRaftServer(51)) - newRaftServer: s4, group-9B3688799715:[]
2023-12-13 18:50:11,949 [s2-groupManagement] INFO  server.RaftServerConfigKeys (ConfUtils.java:logGet(46)) - raft.server.threadpool.server.cached = true (default)
2023-12-13 18:50:11,949 [Time-limited test] INFO  server.RaftServer (ConfUtils.java:logGet(46)) - raft.rpc.type = GRPC (default)
2023-12-13 18:50:11,949 [s2-groupManagement] INFO  server.RaftServerConfigKeys (ConfUtils.java:logGet(46)) - raft.server.threadpool.server.size = 0 (default)
2023-12-13 18:50:11,950 [Time-limited test] INFO  grpc.GrpcConfigKeys (ConfUtils.java:logFallback(53)) - raft.grpc.admin.host = null (fallback to raft.grpc.server.host)
2023-12-13 18:50:11,950 [s2-groupManagement] INFO  server.RaftServerConfigKeys (ConfUtils.java:logGet(46)) - raft.server.threadpool.client.cached = true (default)
2023-12-13 18:50:11,950 [Time-limited test] INFO  grpc.GrpcConfigKeys (ConfUtils.java:logFallback(53)) - raft.grpc.admin.port = 45297 (fallback to raft.grpc.server.port)
2023-12-13 18:50:11,950 [Time-limited test] INFO  grpc.GrpcConfigKeys (ConfUtils.java:logFallback(53)) - raft.grpc.client.host = null (fallback to raft.grpc.server.host)
2023-12-13 18:50:11,950 [Time-limited test] INFO  grpc.GrpcConfigKeys (ConfUtils.java:logFallback(53)) - raft.grpc.client.port = 45297 (fallback to raft.grpc.server.port)
2023-12-13 18:50:11,950 [Time-limited test] INFO  grpc.GrpcConfigKeys (ConfUtils.java:logGet(46)) - raft.grpc.server.host = null (default)
2023-12-13 18:50:11,950 [Time-limited test] INFO  grpc.GrpcConfigKeys (ConfUtils.java:logGet(46)) - raft.grpc.server.port = 45297 (custom)
2023-12-13 18:50:11,950 [Time-limited test] INFO  server.GrpcService (ConfUtils.java:logGet(46)) - raft.grpc.message.size.max = 64MB (=67108864) (default)
2023-12-13 18:50:11,950 [Time-limited test] INFO  server.RaftServerConfigKeys (ConfUtils.java:logGet(46)) - raft.server.log.appender.buffer.byte-limit = 4MB (=4194304) (default)
2023-12-13 18:50:11,950 [Time-limited test] INFO  server.GrpcService (ConfUtils.java:logGet(46)) - raft.grpc.flow.control.window = 1MB (=1048576) (default)
2023-12-13 18:50:11,950 [Time-limited test] INFO  server.RaftServerConfigKeys (ConfUtils.java:logGet(46)) - raft.server.rpc.request.timeout = 3000ms (default)
2023-12-13 18:50:11,950 [Time-limited test] INFO  grpc.GrpcConfigKeys (ConfUtils.java:logGet(46)) - raft.grpc.server.heartbeat.channel = true (default)
2023-12-13 18:50:11,950 [s2-groupManagement] INFO  server.RaftServerConfigKeys (ConfUtils.java:logGet(46)) - raft.server.threadpool.client.size = 0 (default)
2023-12-13 18:50:11,950 [Time-limited test] INFO  grpc.GrpcConfigKeys (ConfUtils.java:logGet(46)) - raft.grpc.server.async.request.thread.pool.cached = true (default)
2023-12-13 18:50:11,950 [Time-limited test] INFO  grpc.GrpcConfigKeys (ConfUtils.java:logGet(46)) - raft.grpc.server.async.request.thread.pool.size = 32 (default)
2023-12-13 18:50:11,951 [Time-limited test] INFO  impl.DataStreamServerImpl (ConfUtils.java:logGet(46)) - raft.datastream.type = DISABLED (default)
2023-12-13 18:50:11,951 [Time-limited test] INFO  server.RaftServerConfigKeys (ConfUtils.java:logGet(46)) - raft.server.sleep.deviation.threshold = 300ms (default)
2023-12-13 18:50:11,951 [Time-limited test] INFO  server.RaftServerConfigKeys (ConfUtils.java:logGet(46)) - raft.server.close.threshold = 60s (default)
2023-12-13 18:50:11,951 [Time-limited test] INFO  server.RaftServerConfigKeys (ConfUtils.java:logGet(46)) - raft.server.leaderelection.leader.step-down.wait-time = 10s (default)
2023-12-13 18:50:11,951 [Time-limited test] INFO  server.RaftServerConfigKeys (ConfUtils.java:logGet(46)) - raft.server.storage.dir = [/home/runner/work/ratis/ratis/ratis-test/target/test/data/b8de9602/MiniRaftClusterWithGrpcac948085/s4] (custom)
2023-12-13 18:50:11,951 [Time-limited test] INFO  server.RaftServerConfigKeys (ConfUtils.java:logGet(46)) - raft.server.threadpool.proxy.cached = true (default)
2023-12-13 18:50:11,951 [Time-limited test] INFO  server.RaftServerConfigKeys (ConfUtils.java:logGet(46)) - raft.server.threadpool.proxy.size = 0 (default)
2023-12-13 18:50:11,949 [s3-groupManagement] INFO  server.RaftServerConfigKeys (ConfUtils.java:logGet(46)) - raft.server.rpc.sleep.time = 25ms (default)
2023-12-13 18:50:11,951 [s3-groupManagement] INFO  server.RaftServerConfigKeys (ConfUtils.java:logGet(46)) - raft.server.rpc.slowness.timeout = 60s (default)
2023-12-13 18:50:11,951 [s3-groupManagement] INFO  server.RaftServerConfigKeys (ConfUtils.java:logGet(46)) - raft.server.leaderelection.leader.step-down.wait-time = 10s (default)
2023-12-13 18:50:11,951 [s3-groupManagement] INFO  server.RaftServerConfigKeys (ConfUtils.java:logGet(46)) - raft.server.leaderelection.member.majority-add = false (default)
2023-12-13 18:50:11,951 [s3-groupManagement] INFO  server.RaftServerConfigKeys (ConfUtils.java:logGet(46)) - raft.server.sleep.deviation.threshold = 300ms (default)
2023-12-13 18:50:11,951 [s3-groupManagement] INFO  server.RaftServer$Division (ServerState.java:<init>(113)) - s3@group-9B3688799715: ConfigurationManager, init=-1: peers:[]|listeners:[], old=null, confs=<EMPTY_MAP>
2023-12-13 18:50:11,951 [Time-limited test] INFO  server.RaftServer (RaftServerProxy.java:addNew(100)) - s4: addNew group-9B3688799715:[] returns group-9B3688799715:java.util.concurrent.CompletableFuture@3021dd21[Not completed]
2023-12-13 18:50:11,951 [s3-groupManagement] INFO  server.RaftServerConfigKeys (ConfUtils.java:logGet(46)) - raft.server.notification.no-leader.timeout = 60s (default)
2023-12-13 18:50:11,951 [s4-groupManagement] INFO  server.RaftServer$Division (RaftServerImpl.java:<init>(256)) - s4: new RaftServerImpl for group-9B3688799715:[] with BaseStateMachine:uninitialized
2023-12-13 18:50:11,952 [s3-groupManagement] INFO  server.RaftServerConfigKeys (ConfUtils.java:logGet(46)) - raft.server.read.timeout = 10s (default)
2023-12-13 18:50:11,952 [s4-groupManagement] INFO  server.RaftServerConfigKeys (ConfUtils.java:logGet(46)) - raft.server.rpc.timeout.min = 1500ms (custom)
2023-12-13 18:50:11,952 [s3-groupManagement] INFO  server.RaftServerConfigKeys (ConfUtils.java:logGet(46)) - raft.server.retrycache.expirytime = 60s (default)
2023-12-13 18:50:11,952 [s4-groupManagement] INFO  server.RaftServerConfigKeys (ConfUtils.java:logGet(46)) - raft.server.rpc.timeout.max = 2000ms (custom)
2023-12-13 18:50:11,952 [s3-groupManagement] INFO  server.RaftServerConfigKeys (ConfUtils.java:logGet(46)) - raft.server.retrycache.statistics.expirytime = 100ms (default)
2023-12-13 18:50:11,952 [s4-groupManagement] INFO  server.RaftServerConfigKeys (ConfUtils.java:logGet(46)) - raft.server.rpc.sleep.time = 25ms (default)
2023-12-13 18:50:11,952 [s3-groupManagement] INFO  server.RaftServerConfigKeys (ConfUtils.java:logGet(46)) - raft.server.read.option = DEFAULT (default)
2023-12-13 18:50:11,952 [s4-groupManagement] INFO  server.RaftServerConfigKeys (ConfUtils.java:logGet(46)) - raft.server.rpc.slowness.timeout = 60s (default)
2023-12-13 18:50:11,952 [Time-limited test] INFO  impl.MiniRaftCluster (MiniRaftCluster.java:newRaftServer(382)) - newRaftServer: s5, group-9B3688799715:[], format? true
2023-12-13 18:50:11,952 [s4-groupManagement] INFO  server.RaftServerConfigKeys (ConfUtils.java:logGet(46)) - raft.server.leaderelection.leader.step-down.wait-time = 10s (default)
2023-12-13 18:50:11,952 [s4-groupManagement] INFO  server.RaftServerConfigKeys (ConfUtils.java:logGet(46)) - raft.server.leaderelection.member.majority-add = false (default)
2023-12-13 18:50:11,952 [s4-groupManagement] INFO  server.RaftServerConfigKeys (ConfUtils.java:logGet(46)) - raft.server.sleep.deviation.threshold = 300ms (default)
2023-12-13 18:50:11,952 [s3-groupManagement] INFO  server.RaftServerConfigKeys (ConfUtils.java:logGet(46)) - raft.server.read.read-after-write-consistent.write-index-cache.expiry-time = 60s (default)
2023-12-13 18:50:11,952 [s4-groupManagement] INFO  server.RaftServer$Division (ServerState.java:<init>(113)) - s4@group-9B3688799715: ConfigurationManager, init=-1: peers:[]|listeners:[], old=null, confs=<EMPTY_MAP>
2023-12-13 18:50:11,952 [s4-groupManagement] INFO  server.RaftServerConfigKeys (ConfUtils.java:logGet(46)) - raft.server.notification.no-leader.timeout = 60s (default)
2023-12-13 18:50:11,952 [s4-groupManagement] INFO  server.RaftServerConfigKeys (ConfUtils.java:logGet(46)) - raft.server.read.timeout = 10s (default)
2023-12-13 18:50:11,952 [s4-groupManagement] INFO  server.RaftServerConfigKeys (ConfUtils.java:logGet(46)) - raft.server.retrycache.expirytime = 60s (default)
2023-12-13 18:50:11,952 [s4-groupManagement] INFO  server.RaftServerConfigKeys (ConfUtils.java:logGet(46)) - raft.server.retrycache.statistics.expirytime = 100ms (default)
2023-12-13 18:50:11,952 [Time-limited test] TRACE util.FileUtils (FileUtils.java:deleteFully(305)) - deleteFully target/test/data/b8de9602/MiniRaftClusterWithGrpcac948085/s5
2023-12-13 18:50:11,952 [s4-groupManagement] INFO  server.RaftServerConfigKeys (ConfUtils.java:logGet(46)) - raft.server.read.option = DEFAULT (default)
2023-12-13 18:50:11,952 [s4-groupManagement] INFO  server.RaftServerConfigKeys (ConfUtils.java:logGet(46)) - raft.server.read.read-after-write-consistent.write-index-cache.expiry-time = 60s (default)
2023-12-13 18:50:11,952 [Time-limited test] TRACE util.FileUtils (FileUtils.java:deleteFully(318)) - deleteFully: target/test/data/b8de9602/MiniRaftClusterWithGrpcac948085/s5 does not exist.
2023-12-13 18:50:11,952 [Time-limited test] INFO  impl.MiniRaftCluster (MiniRaftCluster.java:newRaftServer(387)) - Formatted directory target/test/data/b8de9602/MiniRaftClusterWithGrpcac948085/s5
2023-12-13 18:50:11,952 [s3-groupManagement] INFO  server.RaftServerConfigKeys (ConfUtils.java:logGet(46)) - raft.server.rpc.request.timeout = 3000ms (default)
2023-12-13 18:50:11,952 [Time-limited test] DEBUG server.RaftServer (ServerImplUtils.java:newRaftServer(51)) - newRaftServer: s5, group-9B3688799715:[]
2023-12-13 18:50:11,953 [s3-groupManagement] INFO  server.RaftServerConfigKeys (ConfUtils.java:logGet(46)) - raft.server.log.appender.install.snapshot.enabled = true (default)
2023-12-13 18:50:11,953 [Time-limited test] INFO  server.RaftServer (ConfUtils.java:logGet(46)) - raft.rpc.type = GRPC (default)
2023-12-13 18:50:11,953 [s3-groupManagement] INFO  server.RaftServerConfigKeys (ConfUtils.java:logGet(46)) - raft.server.threadpool.server.cached = true (default)
2023-12-13 18:50:11,953 [s3-groupManagement] INFO  server.RaftServerConfigKeys (ConfUtils.java:logGet(46)) - raft.server.threadpool.server.size = 0 (default)
2023-12-13 18:50:11,953 [Time-limited test] INFO  grpc.GrpcConfigKeys (ConfUtils.java:logFallback(53)) - raft.grpc.admin.host = null (fallback to raft.grpc.server.host)
2023-12-13 18:50:11,953 [s3-groupManagement] INFO  server.RaftServerConfigKeys (ConfUtils.java:logGet(46)) - raft.server.threadpool.client.cached = true (default)
2023-12-13 18:50:11,953 [Time-limited test] INFO  grpc.GrpcConfigKeys (ConfUtils.java:logFallback(53)) - raft.grpc.admin.port = 44673 (fallback to raft.grpc.server.port)
2023-12-13 18:50:11,953 [s3-groupManagement] INFO  server.RaftServerConfigKeys (ConfUtils.java:logGet(46)) - raft.server.threadpool.client.size = 0 (default)
2023-12-13 18:50:11,953 [s4-groupManagement] INFO  server.RaftServerConfigKeys (ConfUtils.java:logGet(46)) - raft.server.rpc.request.timeout = 3000ms (default)
2023-12-13 18:50:11,953 [Time-limited test] INFO  grpc.GrpcConfigKeys (ConfUtils.java:logFallback(53)) - raft.grpc.client.host = null (fallback to raft.grpc.server.host)
2023-12-13 18:50:11,953 [s4-groupManagement] INFO  server.RaftServerConfigKeys (ConfUtils.java:logGet(46)) - raft.server.log.appender.install.snapshot.enabled = true (default)
2023-12-13 18:50:11,953 [Time-limited test] INFO  grpc.GrpcConfigKeys (ConfUtils.java:logFallback(53)) - raft.grpc.client.port = 44673 (fallback to raft.grpc.server.port)
2023-12-13 18:50:11,953 [s4-groupManagement] INFO  server.RaftServerConfigKeys (ConfUtils.java:logGet(46)) - raft.server.threadpool.server.cached = true (default)
2023-12-13 18:50:11,953 [Time-limited test] INFO  grpc.GrpcConfigKeys (ConfUtils.java:logGet(46)) - raft.grpc.server.host = null (default)
2023-12-13 18:50:11,953 [s4-groupManagement] INFO  server.RaftServerConfigKeys (ConfUtils.java:logGet(46)) - raft.server.threadpool.server.size = 0 (default)
2023-12-13 18:50:11,953 [Time-limited test] INFO  grpc.GrpcConfigKeys (ConfUtils.java:logGet(46)) - raft.grpc.server.port = 44673 (custom)
2023-12-13 18:50:11,953 [s4-groupManagement] INFO  server.RaftServerConfigKeys (ConfUtils.java:logGet(46)) - raft.server.threadpool.client.cached = true (default)
2023-12-13 18:50:11,953 [Time-limited test] INFO  server.GrpcService (ConfUtils.java:logGet(46)) - raft.grpc.message.size.max = 64MB (=67108864) (default)
2023-12-13 18:50:11,953 [s4-groupManagement] INFO  server.RaftServerConfigKeys (ConfUtils.java:logGet(46)) - raft.server.threadpool.client.size = 0 (default)
2023-12-13 18:50:11,953 [Time-limited test] INFO  server.RaftServerConfigKeys (ConfUtils.java:logGet(46)) - raft.server.log.appender.buffer.byte-limit = 4MB (=4194304) (default)
2023-12-13 18:50:11,953 [Time-limited test] INFO  server.GrpcService (ConfUtils.java:logGet(46)) - raft.grpc.flow.control.window = 1MB (=1048576) (default)
2023-12-13 18:50:11,953 [Time-limited test] INFO  server.RaftServerConfigKeys (ConfUtils.java:logGet(46)) - raft.server.rpc.request.timeout = 3000ms (default)
2023-12-13 18:50:11,953 [Time-limited test] INFO  grpc.GrpcConfigKeys (ConfUtils.java:logGet(46)) - raft.grpc.server.heartbeat.channel = true (default)
2023-12-13 18:50:11,953 [Time-limited test] INFO  grpc.GrpcConfigKeys (ConfUtils.java:logGet(46)) - raft.grpc.server.async.request.thread.pool.cached = true (default)
2023-12-13 18:50:11,953 [Time-limited test] INFO  grpc.GrpcConfigKeys (ConfUtils.java:logGet(46)) - raft.grpc.server.async.request.thread.pool.size = 32 (default)
2023-12-13 18:50:11,954 [Time-limited test] INFO  impl.DataStreamServerImpl (ConfUtils.java:logGet(46)) - raft.datastream.type = DISABLED (default)
2023-12-13 18:50:11,954 [Time-limited test] INFO  server.RaftServerConfigKeys (ConfUtils.java:logGet(46)) - raft.server.sleep.deviation.threshold = 300ms (default)
2023-12-13 18:50:11,954 [Time-limited test] INFO  server.RaftServerConfigKeys (ConfUtils.java:logGet(46)) - raft.server.close.threshold = 60s (default)
2023-12-13 18:50:11,954 [Time-limited test] INFO  server.RaftServerConfigKeys (ConfUtils.java:logGet(46)) - raft.server.leaderelection.leader.step-down.wait-time = 10s (default)
2023-12-13 18:50:11,954 [Time-limited test] INFO  server.RaftServerConfigKeys (ConfUtils.java:logGet(46)) - raft.server.storage.dir = [/home/runner/work/ratis/ratis/ratis-test/target/test/data/b8de9602/MiniRaftClusterWithGrpcac948085/s5] (custom)
2023-12-13 18:50:11,954 [Time-limited test] INFO  server.RaftServerConfigKeys (ConfUtils.java:logGet(46)) - raft.server.threadpool.proxy.cached = true (default)
2023-12-13 18:50:11,954 [Time-limited test] INFO  server.RaftServerConfigKeys (ConfUtils.java:logGet(46)) - raft.server.threadpool.proxy.size = 0 (default)
2023-12-13 18:50:11,954 [Time-limited test] INFO  server.RaftServer (RaftServerProxy.java:addNew(100)) - s5: addNew group-9B3688799715:[] returns group-9B3688799715:java.util.concurrent.CompletableFuture@256642b1[Not completed]
2023-12-13 18:50:11,954 [s5-groupManagement] INFO  server.RaftServer$Division (RaftServerImpl.java:<init>(256)) - s5: new RaftServerImpl for group-9B3688799715:[] with BaseStateMachine:uninitialized
2023-12-13 18:50:11,954 [Time-limited test] INFO  impl.MiniRaftCluster (MiniRaftCluster.java:newRaftServer(382)) - newRaftServer: s6, group-9B3688799715:[], format? true
2023-12-13 18:50:11,954 [Time-limited test] TRACE util.FileUtils (FileUtils.java:deleteFully(305)) - deleteFully target/test/data/b8de9602/MiniRaftClusterWithGrpcac948085/s6
2023-12-13 18:50:11,954 [s5-groupManagement] INFO  server.RaftServerConfigKeys (ConfUtils.java:logGet(46)) - raft.server.rpc.timeout.min = 1500ms (custom)
2023-12-13 18:50:11,955 [Time-limited test] TRACE util.FileUtils (FileUtils.java:deleteFully(318)) - deleteFully: target/test/data/b8de9602/MiniRaftClusterWithGrpcac948085/s6 does not exist.
2023-12-13 18:50:11,955 [s5-groupManagement] INFO  server.RaftServerConfigKeys (ConfUtils.java:logGet(46)) - raft.server.rpc.timeout.max = 2000ms (custom)
2023-12-13 18:50:11,955 [Time-limited test] INFO  impl.MiniRaftCluster (MiniRaftCluster.java:newRaftServer(387)) - Formatted directory target/test/data/b8de9602/MiniRaftClusterWithGrpcac948085/s6
2023-12-13 18:50:11,955 [s5-groupManagement] INFO  server.RaftServerConfigKeys (ConfUtils.java:logGet(46)) - raft.server.rpc.sleep.time = 25ms (default)
2023-12-13 18:50:11,955 [s5-groupManagement] INFO  server.RaftServerConfigKeys (ConfUtils.java:logGet(46)) - raft.server.rpc.slowness.timeout = 60s (default)
2023-12-13 18:50:11,955 [s5-groupManagement] INFO  server.RaftServerConfigKeys (ConfUtils.java:logGet(46)) - raft.server.leaderelection.leader.step-down.wait-time = 10s (default)
2023-12-13 18:50:11,955 [Time-limited test] DEBUG server.RaftServer (ServerImplUtils.java:newRaftServer(51)) - newRaftServer: s6, group-9B3688799715:[]
2023-12-13 18:50:11,955 [s5-groupManagement] INFO  server.RaftServerConfigKeys (ConfUtils.java:logGet(46)) - raft.server.leaderelection.member.majority-add = false (default)
2023-12-13 18:50:11,955 [Time-limited test] INFO  server.RaftServer (ConfUtils.java:logGet(46)) - raft.rpc.type = GRPC (default)
2023-12-13 18:50:11,955 [s5-groupManagement] INFO  server.RaftServerConfigKeys (ConfUtils.java:logGet(46)) - raft.server.sleep.deviation.threshold = 300ms (default)
2023-12-13 18:50:11,955 [Time-limited test] INFO  grpc.GrpcConfigKeys (ConfUtils.java:logFallback(53)) - raft.grpc.admin.host = null (fallback to raft.grpc.server.host)
2023-12-13 18:50:11,955 [s5-groupManagement] INFO  server.RaftServer$Division (ServerState.java:<init>(113)) - s5@group-9B3688799715: ConfigurationManager, init=-1: peers:[]|listeners:[], old=null, confs=<EMPTY_MAP>
2023-12-13 18:50:11,955 [Time-limited test] INFO  grpc.GrpcConfigKeys (ConfUtils.java:logFallback(53)) - raft.grpc.admin.port = 34623 (fallback to raft.grpc.server.port)
2023-12-13 18:50:11,955 [s5-groupManagement] INFO  server.RaftServerConfigKeys (ConfUtils.java:logGet(46)) - raft.server.notification.no-leader.timeout = 60s (default)
2023-12-13 18:50:11,955 [Time-limited test] INFO  grpc.GrpcConfigKeys (ConfUtils.java:logFallback(53)) - raft.grpc.client.host = null (fallback to raft.grpc.server.host)
2023-12-13 18:50:11,955 [s5-groupManagement] INFO  server.RaftServerConfigKeys (ConfUtils.java:logGet(46)) - raft.server.read.timeout = 10s (default)
2023-12-13 18:50:11,955 [Time-limited test] INFO  grpc.GrpcConfigKeys (ConfUtils.java:logFallback(53)) - raft.grpc.client.port = 34623 (fallback to raft.grpc.server.port)
2023-12-13 18:50:11,955 [s5-groupManagement] INFO  server.RaftServerConfigKeys (ConfUtils.java:logGet(46)) - raft.server.retrycache.expirytime = 60s (default)
2023-12-13 18:50:11,955 [Time-limited test] INFO  grpc.GrpcConfigKeys (ConfUtils.java:logGet(46)) - raft.grpc.server.host = null (default)
2023-12-13 18:50:11,955 [s5-groupManagement] INFO  server.RaftServerConfigKeys (ConfUtils.java:logGet(46)) - raft.server.retrycache.statistics.expirytime = 100ms (default)
2023-12-13 18:50:11,955 [Time-limited test] INFO  grpc.GrpcConfigKeys (ConfUtils.java:logGet(46)) - raft.grpc.server.port = 34623 (custom)
2023-12-13 18:50:11,955 [Time-limited test] INFO  server.GrpcService (ConfUtils.java:logGet(46)) - raft.grpc.message.size.max = 64MB (=67108864) (default)
2023-12-13 18:50:11,955 [s5-groupManagement] INFO  server.RaftServerConfigKeys (ConfUtils.java:logGet(46)) - raft.server.read.option = DEFAULT (default)
2023-12-13 18:50:11,955 [Time-limited test] INFO  server.RaftServerConfigKeys (ConfUtils.java:logGet(46)) - raft.server.log.appender.buffer.byte-limit = 4MB (=4194304) (default)
2023-12-13 18:50:11,956 [s5-groupManagement] INFO  server.RaftServerConfigKeys (ConfUtils.java:logGet(46)) - raft.server.read.read-after-write-consistent.write-index-cache.expiry-time = 60s (default)
2023-12-13 18:50:11,956 [Time-limited test] INFO  server.GrpcService (ConfUtils.java:logGet(46)) - raft.grpc.flow.control.window = 1MB (=1048576) (default)
2023-12-13 18:50:11,956 [Time-limited test] INFO  server.RaftServerConfigKeys (ConfUtils.java:logGet(46)) - raft.server.rpc.request.timeout = 3000ms (default)
2023-12-13 18:50:11,956 [Time-limited test] INFO  grpc.GrpcConfigKeys (ConfUtils.java:logGet(46)) - raft.grpc.server.heartbeat.channel = true (default)
2023-12-13 18:50:11,956 [Time-limited test] INFO  grpc.GrpcConfigKeys (ConfUtils.java:logGet(46)) - raft.grpc.server.async.request.thread.pool.cached = true (default)
2023-12-13 18:50:11,956 [Time-limited test] INFO  grpc.GrpcConfigKeys (ConfUtils.java:logGet(46)) - raft.grpc.server.async.request.thread.pool.size = 32 (default)
2023-12-13 18:50:11,956 [Time-limited test] INFO  impl.DataStreamServerImpl (ConfUtils.java:logGet(46)) - raft.datastream.type = DISABLED (default)
2023-12-13 18:50:11,956 [Time-limited test] INFO  server.RaftServerConfigKeys (ConfUtils.java:logGet(46)) - raft.server.sleep.deviation.threshold = 300ms (default)
2023-12-13 18:50:11,956 [Time-limited test] INFO  server.RaftServerConfigKeys (ConfUtils.java:logGet(46)) - raft.server.close.threshold = 60s (default)
2023-12-13 18:50:11,956 [Time-limited test] INFO  server.RaftServerConfigKeys (ConfUtils.java:logGet(46)) - raft.server.leaderelection.leader.step-down.wait-time = 10s (default)
2023-12-13 18:50:11,956 [Time-limited test] INFO  server.RaftServerConfigKeys (ConfUtils.java:logGet(46)) - raft.server.storage.dir = [/home/runner/work/ratis/ratis/ratis-test/target/test/data/b8de9602/MiniRaftClusterWithGrpcac948085/s6] (custom)
2023-12-13 18:50:11,956 [Time-limited test] INFO  server.RaftServerConfigKeys (ConfUtils.java:logGet(46)) - raft.server.threadpool.proxy.cached = true (default)
2023-12-13 18:50:11,956 [Time-limited test] INFO  server.RaftServerConfigKeys (ConfUtils.java:logGet(46)) - raft.server.threadpool.proxy.size = 0 (default)
2023-12-13 18:50:11,957 [s5-groupManagement] INFO  server.RaftServerConfigKeys (ConfUtils.java:logGet(46)) - raft.server.rpc.request.timeout = 3000ms (default)
2023-12-13 18:50:11,957 [Time-limited test] INFO  server.RaftServer (RaftServerProxy.java:addNew(100)) - s6: addNew group-9B3688799715:[] returns group-9B3688799715:java.util.concurrent.CompletableFuture@3597b07a[Not completed]
2023-12-13 18:50:11,957 [s6-groupManagement] INFO  server.RaftServer$Division (RaftServerImpl.java:<init>(256)) - s6: new RaftServerImpl for group-9B3688799715:[] with BaseStateMachine:uninitialized
2023-12-13 18:50:11,957 [s6-groupManagement] INFO  server.RaftServerConfigKeys (ConfUtils.java:logGet(46)) - raft.server.rpc.timeout.min = 1500ms (custom)
2023-12-13 18:50:11,957 [s6-groupManagement] INFO  server.RaftServerConfigKeys (ConfUtils.java:logGet(46)) - raft.server.rpc.timeout.max = 2000ms (custom)
2023-12-13 18:50:11,957 [s6-groupManagement] INFO  server.RaftServerConfigKeys (ConfUtils.java:logGet(46)) - raft.server.rpc.sleep.time = 25ms (default)
2023-12-13 18:50:11,957 [s6-groupManagement] INFO  server.RaftServerConfigKeys (ConfUtils.java:logGet(46)) - raft.server.rpc.slowness.timeout = 60s (default)
2023-12-13 18:50:11,957 [s6-groupManagement] INFO  server.RaftServerConfigKeys (ConfUtils.java:logGet(46)) - raft.server.leaderelection.leader.step-down.wait-time = 10s (default)
2023-12-13 18:50:11,957 [s6-groupManagement] INFO  server.RaftServerConfigKeys (ConfUtils.java:logGet(46)) - raft.server.leaderelection.member.majority-add = false (default)
2023-12-13 18:50:11,957 [s6-groupManagement] INFO  server.RaftServerConfigKeys (ConfUtils.java:logGet(46)) - raft.server.sleep.deviation.threshold = 300ms (default)
2023-12-13 18:50:11,957 [s6-groupManagement] INFO  server.RaftServer$Division (ServerState.java:<init>(113)) - s6@group-9B3688799715: ConfigurationManager, init=-1: peers:[]|listeners:[], old=null, confs=<EMPTY_MAP>
2023-12-13 18:50:11,957 [s6-groupManagement] INFO  server.RaftServerConfigKeys (ConfUtils.java:logGet(46)) - raft.server.notification.no-leader.timeout = 60s (default)
2023-12-13 18:50:11,957 [s6-groupManagement] INFO  server.RaftServerConfigKeys (ConfUtils.java:logGet(46)) - raft.server.read.timeout = 10s (default)
2023-12-13 18:50:11,957 [s6-groupManagement] INFO  server.RaftServerConfigKeys (ConfUtils.java:logGet(46)) - raft.server.retrycache.expirytime = 60s (default)
2023-12-13 18:50:11,957 [s6-groupManagement] INFO  server.RaftServerConfigKeys (ConfUtils.java:logGet(46)) - raft.server.retrycache.statistics.expirytime = 100ms (default)
2023-12-13 18:50:11,957 [s6-groupManagement] INFO  server.RaftServerConfigKeys (ConfUtils.java:logGet(46)) - raft.server.read.option = DEFAULT (default)
2023-12-13 18:50:11,957 [s6-groupManagement] INFO  server.RaftServerConfigKeys (ConfUtils.java:logGet(46)) - raft.server.read.read-after-write-consistent.write-index-cache.expiry-time = 60s (default)
2023-12-13 18:50:11,957 [s5-groupManagement] INFO  server.RaftServerConfigKeys (ConfUtils.java:logGet(46)) - raft.server.log.appender.install.snapshot.enabled = true (default)
2023-12-13 18:50:11,957 [Time-limited test] INFO  impl.MiniRaftCluster (MiniRaftCluster.java:newRaftServer(382)) - newRaftServer: s7, group-9B3688799715:[], format? true
2023-12-13 18:50:11,957 [Time-limited test] TRACE util.FileUtils (FileUtils.java:deleteFully(305)) - deleteFully target/test/data/b8de9602/MiniRaftClusterWithGrpcac948085/s7
2023-12-13 18:50:11,957 [s5-groupManagement] INFO  server.RaftServerConfigKeys (ConfUtils.java:logGet(46)) - raft.server.threadpool.server.cached = true (default)
2023-12-13 18:50:11,957 [s5-groupManagement] INFO  server.RaftServerConfigKeys (ConfUtils.java:logGet(46)) - raft.server.threadpool.server.size = 0 (default)
2023-12-13 18:50:11,957 [Time-limited test] TRACE util.FileUtils (FileUtils.java:deleteFully(318)) - deleteFully: target/test/data/b8de9602/MiniRaftClusterWithGrpcac948085/s7 does not exist.
2023-12-13 18:50:11,957 [s5-groupManagement] INFO  server.RaftServerConfigKeys (ConfUtils.java:logGet(46)) - raft.server.threadpool.client.cached = true (default)
2023-12-13 18:50:11,957 [Time-limited test] INFO  impl.MiniRaftCluster (MiniRaftCluster.java:newRaftServer(387)) - Formatted directory target/test/data/b8de9602/MiniRaftClusterWithGrpcac948085/s7
2023-12-13 18:50:11,957 [s5-groupManagement] INFO  server.RaftServerConfigKeys (ConfUtils.java:logGet(46)) - raft.server.threadpool.client.size = 0 (default)
2023-12-13 18:50:11,957 [s6-groupManagement] INFO  server.RaftServerConfigKeys (ConfUtils.java:logGet(46)) - raft.server.rpc.request.timeout = 3000ms (default)
2023-12-13 18:50:11,957 [Time-limited test] DEBUG server.RaftServer (ServerImplUtils.java:newRaftServer(51)) - newRaftServer: s7, group-9B3688799715:[]
2023-12-13 18:50:11,957 [s6-groupManagement] INFO  server.RaftServerConfigKeys (ConfUtils.java:logGet(46)) - raft.server.log.appender.install.snapshot.enabled = true (default)
2023-12-13 18:50:11,957 [Time-limited test] INFO  server.RaftServer (ConfUtils.java:logGet(46)) - raft.rpc.type = GRPC (default)
2023-12-13 18:50:11,958 [s6-groupManagement] INFO  server.RaftServerConfigKeys (ConfUtils.java:logGet(46)) - raft.server.threadpool.server.cached = true (default)
2023-12-13 18:50:11,958 [s6-groupManagement] INFO  server.RaftServerConfigKeys (ConfUtils.java:logGet(46)) - raft.server.threadpool.server.size = 0 (default)
2023-12-13 18:50:11,958 [Time-limited test] INFO  grpc.GrpcConfigKeys (ConfUtils.java:logFallback(53)) - raft.grpc.admin.host = null (fallback to raft.grpc.server.host)
2023-12-13 18:50:11,958 [s6-groupManagement] INFO  server.RaftServerConfigKeys (ConfUtils.java:logGet(46)) - raft.server.threadpool.client.cached = true (default)
2023-12-13 18:50:11,958 [Time-limited test] INFO  grpc.GrpcConfigKeys (ConfUtils.java:logFallback(53)) - raft.grpc.admin.port = 45125 (fallback to raft.grpc.server.port)
2023-12-13 18:50:11,958 [s6-groupManagement] INFO  server.RaftServerConfigKeys (ConfUtils.java:logGet(46)) - raft.server.threadpool.client.size = 0 (default)
2023-12-13 18:50:11,958 [Time-limited test] INFO  grpc.GrpcConfigKeys (ConfUtils.java:logFallback(53)) - raft.grpc.client.host = null (fallback to raft.grpc.server.host)
2023-12-13 18:50:11,958 [Time-limited test] INFO  grpc.GrpcConfigKeys (ConfUtils.java:logFallback(53)) - raft.grpc.client.port = 45125 (fallback to raft.grpc.server.port)
2023-12-13 18:50:11,958 [Time-limited test] INFO  grpc.GrpcConfigKeys (ConfUtils.java:logGet(46)) - raft.grpc.server.host = null (default)
2023-12-13 18:50:11,958 [Time-limited test] INFO  grpc.GrpcConfigKeys (ConfUtils.java:logGet(46)) - raft.grpc.server.port = 45125 (custom)
2023-12-13 18:50:11,958 [Time-limited test] INFO  server.GrpcService (ConfUtils.java:logGet(46)) - raft.grpc.message.size.max = 64MB (=67108864) (default)
2023-12-13 18:50:11,958 [Time-limited test] INFO  server.RaftServerConfigKeys (ConfUtils.java:logGet(46)) - raft.server.log.appender.buffer.byte-limit = 4MB (=4194304) (default)
2023-12-13 18:50:11,958 [Time-limited test] INFO  server.GrpcService (ConfUtils.java:logGet(46)) - raft.grpc.flow.control.window = 1MB (=1048576) (default)
2023-12-13 18:50:11,958 [Time-limited test] INFO  server.RaftServerConfigKeys (ConfUtils.java:logGet(46)) - raft.server.rpc.request.timeout = 3000ms (default)
2023-12-13 18:50:11,958 [Time-limited test] INFO  grpc.GrpcConfigKeys (ConfUtils.java:logGet(46)) - raft.grpc.server.heartbeat.channel = true (default)
2023-12-13 18:50:11,958 [Time-limited test] INFO  grpc.GrpcConfigKeys (ConfUtils.java:logGet(46)) - raft.grpc.server.async.request.thread.pool.cached = true (default)
2023-12-13 18:50:11,958 [Time-limited test] INFO  grpc.GrpcConfigKeys (ConfUtils.java:logGet(46)) - raft.grpc.server.async.request.thread.pool.size = 32 (default)
2023-12-13 18:50:11,958 [Time-limited test] INFO  impl.DataStreamServerImpl (ConfUtils.java:logGet(46)) - raft.datastream.type = DISABLED (default)
2023-12-13 18:50:11,958 [Time-limited test] INFO  server.RaftServerConfigKeys (ConfUtils.java:logGet(46)) - raft.server.sleep.deviation.threshold = 300ms (default)
2023-12-13 18:50:11,958 [Time-limited test] INFO  server.RaftServerConfigKeys (ConfUtils.java:logGet(46)) - raft.server.close.threshold = 60s (default)
2023-12-13 18:50:11,959 [Time-limited test] INFO  server.RaftServerConfigKeys (ConfUtils.java:logGet(46)) - raft.server.leaderelection.leader.step-down.wait-time = 10s (default)
2023-12-13 18:50:11,959 [Time-limited test] INFO  server.RaftServerConfigKeys (ConfUtils.java:logGet(46)) - raft.server.storage.dir = [/home/runner/work/ratis/ratis/ratis-test/target/test/data/b8de9602/MiniRaftClusterWithGrpcac948085/s7] (custom)
2023-12-13 18:50:11,959 [Time-limited test] INFO  server.RaftServerConfigKeys (ConfUtils.java:logGet(46)) - raft.server.threadpool.proxy.cached = true (default)
2023-12-13 18:50:11,959 [Time-limited test] INFO  server.RaftServerConfigKeys (ConfUtils.java:logGet(46)) - raft.server.threadpool.proxy.size = 0 (default)
2023-12-13 18:50:11,959 [Time-limited test] INFO  server.RaftServer (RaftServerProxy.java:addNew(100)) - s7: addNew group-9B3688799715:[] returns group-9B3688799715:java.util.concurrent.CompletableFuture@73e851be[Not completed]
2023-12-13 18:50:11,959 [s7-groupManagement] INFO  server.RaftServer$Division (RaftServerImpl.java:<init>(256)) - s7: new RaftServerImpl for group-9B3688799715:[] with BaseStateMachine:uninitialized
2023-12-13 18:50:11,959 [Time-limited test] INFO  impl.MiniRaftCluster (MiniRaftCluster.java:newRaftServer(382)) - newRaftServer: s8, group-9B3688799715:[], format? true
2023-12-13 18:50:11,959 [s7-groupManagement] INFO  server.RaftServerConfigKeys (ConfUtils.java:logGet(46)) - raft.server.rpc.timeout.min = 1500ms (custom)
2023-12-13 18:50:11,959 [Time-limited test] TRACE util.FileUtils (FileUtils.java:deleteFully(305)) - deleteFully target/test/data/b8de9602/MiniRaftClusterWithGrpcac948085/s8
2023-12-13 18:50:11,959 [s7-groupManagement] INFO  server.RaftServerConfigKeys (ConfUtils.java:logGet(46)) - raft.server.rpc.timeout.max = 2000ms (custom)
2023-12-13 18:50:11,959 [s7-groupManagement] INFO  server.RaftServerConfigKeys (ConfUtils.java:logGet(46)) - raft.server.rpc.sleep.time = 25ms (default)
2023-12-13 18:50:11,959 [Time-limited test] TRACE util.FileUtils (FileUtils.java:deleteFully(318)) - deleteFully: target/test/data/b8de9602/MiniRaftClusterWithGrpcac948085/s8 does not exist.
2023-12-13 18:50:11,959 [s7-groupManagement] INFO  server.RaftServerConfigKeys (ConfUtils.java:logGet(46)) - raft.server.rpc.slowness.timeout = 60s (default)
2023-12-13 18:50:11,959 [Time-limited test] INFO  impl.MiniRaftCluster (MiniRaftCluster.java:newRaftServer(387)) - Formatted directory target/test/data/b8de9602/MiniRaftClusterWithGrpcac948085/s8
2023-12-13 18:50:11,959 [s7-groupManagement] INFO  server.RaftServerConfigKeys (ConfUtils.java:logGet(46)) - raft.server.leaderelection.leader.step-down.wait-time = 10s (default)
2023-12-13 18:50:11,959 [s7-groupManagement] INFO  server.RaftServerConfigKeys (ConfUtils.java:logGet(46)) - raft.server.leaderelection.member.majority-add = false (default)
2023-12-13 18:50:11,959 [s7-groupManagement] INFO  server.RaftServerConfigKeys (ConfUtils.java:logGet(46)) - raft.server.sleep.deviation.threshold = 300ms (default)
2023-12-13 18:50:11,959 [Time-limited test] DEBUG server.RaftServer (ServerImplUtils.java:newRaftServer(51)) - newRaftServer: s8, group-9B3688799715:[]
2023-12-13 18:50:11,959 [s7-groupManagement] INFO  server.RaftServer$Division (ServerState.java:<init>(113)) - s7@group-9B3688799715: ConfigurationManager, init=-1: peers:[]|listeners:[], old=null, confs=<EMPTY_MAP>
2023-12-13 18:50:11,959 [Time-limited test] INFO  server.RaftServer (ConfUtils.java:logGet(46)) - raft.rpc.type = GRPC (default)
2023-12-13 18:50:11,959 [s7-groupManagement] INFO  server.RaftServerConfigKeys (ConfUtils.java:logGet(46)) - raft.server.notification.no-leader.timeout = 60s (default)
2023-12-13 18:50:11,960 [Time-limited test] INFO  grpc.GrpcConfigKeys (ConfUtils.java:logFallback(53)) - raft.grpc.admin.host = null (fallback to raft.grpc.server.host)
2023-12-13 18:50:11,960 [s7-groupManagement] INFO  server.RaftServerConfigKeys (ConfUtils.java:logGet(46)) - raft.server.read.timeout = 10s (default)
2023-12-13 18:50:11,960 [Time-limited test] INFO  grpc.GrpcConfigKeys (ConfUtils.java:logFallback(53)) - raft.grpc.admin.port = 34827 (fallback to raft.grpc.server.port)
2023-12-13 18:50:11,960 [s7-groupManagement] INFO  server.RaftServerConfigKeys (ConfUtils.java:logGet(46)) - raft.server.retrycache.expirytime = 60s (default)
2023-12-13 18:50:11,960 [Time-limited test] INFO  grpc.GrpcConfigKeys (ConfUtils.java:logFallback(53)) - raft.grpc.client.host = null (fallback to raft.grpc.server.host)
2023-12-13 18:50:11,960 [s7-groupManagement] INFO  server.RaftServerConfigKeys (ConfUtils.java:logGet(46)) - raft.server.retrycache.statistics.expirytime = 100ms (default)
2023-12-13 18:50:11,960 [Time-limited test] INFO  grpc.GrpcConfigKeys (ConfUtils.java:logFallback(53)) - raft.grpc.client.port = 34827 (fallback to raft.grpc.server.port)
2023-12-13 18:50:11,960 [s7-groupManagement] INFO  server.RaftServerConfigKeys (ConfUtils.java:logGet(46)) - raft.server.read.option = DEFAULT (default)
2023-12-13 18:50:11,960 [Time-limited test] INFO  grpc.GrpcConfigKeys (ConfUtils.java:logGet(46)) - raft.grpc.server.host = null (default)
2023-12-13 18:50:11,960 [s7-groupManagement] INFO  server.RaftServerConfigKeys (ConfUtils.java:logGet(46)) - raft.server.read.read-after-write-consistent.write-index-cache.expiry-time = 60s (default)
2023-12-13 18:50:11,960 [Time-limited test] INFO  grpc.GrpcConfigKeys (ConfUtils.java:logGet(46)) - raft.grpc.server.port = 34827 (custom)
2023-12-13 18:50:11,960 [Time-limited test] INFO  server.GrpcService (ConfUtils.java:logGet(46)) - raft.grpc.message.size.max = 64MB (=67108864) (default)
2023-12-13 18:50:11,960 [Time-limited test] INFO  server.RaftServerConfigKeys (ConfUtils.java:logGet(46)) - raft.server.log.appender.buffer.byte-limit = 4MB (=4194304) (default)
2023-12-13 18:50:11,960 [Time-limited test] INFO  server.GrpcService (ConfUtils.java:logGet(46)) - raft.grpc.flow.control.window = 1MB (=1048576) (default)
2023-12-13 18:50:11,960 [Time-limited test] INFO  server.RaftServerConfigKeys (ConfUtils.java:logGet(46)) - raft.server.rpc.request.timeout = 3000ms (default)
2023-12-13 18:50:11,960 [Time-limited test] INFO  grpc.GrpcConfigKeys (ConfUtils.java:logGet(46)) - raft.grpc.server.heartbeat.channel = true (default)
2023-12-13 18:50:11,960 [Time-limited test] INFO  grpc.GrpcConfigKeys (ConfUtils.java:logGet(46)) - raft.grpc.server.async.request.thread.pool.cached = true (default)
2023-12-13 18:50:11,960 [Time-limited test] INFO  grpc.GrpcConfigKeys (ConfUtils.java:logGet(46)) - raft.grpc.server.async.request.thread.pool.size = 32 (default)
2023-12-13 18:50:11,960 [s7-groupManagement] INFO  server.RaftServerConfigKeys (ConfUtils.java:logGet(46)) - raft.server.rpc.request.timeout = 3000ms (default)
2023-12-13 18:50:11,960 [s7-groupManagement] INFO  server.RaftServerConfigKeys (ConfUtils.java:logGet(46)) - raft.server.log.appender.install.snapshot.enabled = true (default)
2023-12-13 18:50:11,960 [s7-groupManagement] INFO  server.RaftServerConfigKeys (ConfUtils.java:logGet(46)) - raft.server.threadpool.server.cached = true (default)
2023-12-13 18:50:11,960 [s7-groupManagement] INFO  server.RaftServerConfigKeys (ConfUtils.java:logGet(46)) - raft.server.threadpool.server.size = 0 (default)
2023-12-13 18:50:11,960 [s7-groupManagement] INFO  server.RaftServerConfigKeys (ConfUtils.java:logGet(46)) - raft.server.threadpool.client.cached = true (default)
2023-12-13 18:50:11,960 [s7-groupManagement] INFO  server.RaftServerConfigKeys (ConfUtils.java:logGet(46)) - raft.server.threadpool.client.size = 0 (default)
2023-12-13 18:50:11,961 [Time-limited test] INFO  impl.DataStreamServerImpl (ConfUtils.java:logGet(46)) - raft.datastream.type = DISABLED (default)
2023-12-13 18:50:11,961 [Time-limited test] INFO  server.RaftServerConfigKeys (ConfUtils.java:logGet(46)) - raft.server.sleep.deviation.threshold = 300ms (default)
2023-12-13 18:50:11,961 [Time-limited test] INFO  server.RaftServerConfigKeys (ConfUtils.java:logGet(46)) - raft.server.close.threshold = 60s (default)
2023-12-13 18:50:11,961 [Time-limited test] INFO  server.RaftServerConfigKeys (ConfUtils.java:logGet(46)) - raft.server.leaderelection.leader.step-down.wait-time = 10s (default)
2023-12-13 18:50:11,961 [Time-limited test] INFO  server.RaftServerConfigKeys (ConfUtils.java:logGet(46)) - raft.server.storage.dir = [/home/runner/work/ratis/ratis/ratis-test/target/test/data/b8de9602/MiniRaftClusterWithGrpcac948085/s8] (custom)
2023-12-13 18:50:11,961 [Time-limited test] INFO  server.RaftServerConfigKeys (ConfUtils.java:logGet(46)) - raft.server.threadpool.proxy.cached = true (default)
2023-12-13 18:50:11,961 [Time-limited test] INFO  server.RaftServerConfigKeys (ConfUtils.java:logGet(46)) - raft.server.threadpool.proxy.size = 0 (default)
2023-12-13 18:50:11,961 [Time-limited test] INFO  server.RaftServer (RaftServerProxy.java:addNew(100)) - s8: addNew group-9B3688799715:[] returns group-9B3688799715:java.util.concurrent.CompletableFuture@54c8c7c3[Not completed]
2023-12-13 18:50:11,961 [s8-groupManagement] INFO  server.RaftServer$Division (RaftServerImpl.java:<init>(256)) - s8: new RaftServerImpl for group-9B3688799715:[] with BaseStateMachine:uninitialized
2023-12-13 18:50:11,961 [s8-groupManagement] INFO  server.RaftServerConfigKeys (ConfUtils.java:logGet(46)) - raft.server.rpc.timeout.min = 1500ms (custom)
2023-12-13 18:50:11,961 [s8-groupManagement] INFO  server.RaftServerConfigKeys (ConfUtils.java:logGet(46)) - raft.server.rpc.timeout.max = 2000ms (custom)
2023-12-13 18:50:11,961 [s8-groupManagement] INFO  server.RaftServerConfigKeys (ConfUtils.java:logGet(46)) - raft.server.rpc.sleep.time = 25ms (default)
2023-12-13 18:50:11,961 [Time-limited test] INFO  impl.GroupManagementBaseTest (GroupManagementBaseTest.java:runMultiGroupTest(260)) - putNewServer: printing ALL groups
  s3:      NEW      null s3@group-9B3688799715:t0, leader=null, voted=null, raftlog=UNINITIALIZED, conf=-1: peers:[]|listeners:[], old=null NEW
  s4:      NEW      null s4@group-9B3688799715:t0, leader=null, voted=null, raftlog=UNINITIALIZED, conf=-1: peers:[]|listeners:[], old=null NEW
  s5:      NEW      null s5@group-9B3688799715:t0, leader=null, voted=null, raftlog=UNINITIALIZED, conf=-1: peers:[]|listeners:[], old=null NEW
  s6:      NEW      null s6@group-9B3688799715:t0, leader=null, voted=null, raftlog=UNINITIALIZED, conf=-1: peers:[]|listeners:[], old=null NEW
  s7:      NEW      null s7@group-9B3688799715:t0, leader=null, voted=null, raftlog=UNINITIALIZED, conf=-1: peers:[]|listeners:[], old=null NEW
  s8:      NEW group-9B3688799715:java.util.concurrent.CompletableFuture@54c8c7c3[Not completed]
  s0:      NEW      null s0@group-9B3688799715:t0, leader=null, voted=null, raftlog=UNINITIALIZED, conf=-1: peers:[]|listeners:[], old=null NEW
  s1:      NEW      null s1@group-9B3688799715:t0, leader=null, voted=null, raftlog=UNINITIALIZED, conf=-1: peers:[]|listeners:[], old=null NEW
  s2:      NEW      null s2@group-9B3688799715:t0, leader=null, voted=null, raftlog=UNINITIALIZED, conf=-1: peers:[]|listeners:[], old=null NEW
2023-12-13 18:50:11,961 [s8-groupManagement] INFO  server.RaftServerConfigKeys (ConfUtils.java:logGet(46)) - raft.server.rpc.slowness.timeout = 60s (default)
2023-12-13 18:50:11,962 [s8-groupManagement] INFO  server.RaftServerConfigKeys (ConfUtils.java:logGet(46)) - raft.server.leaderelection.leader.step-down.wait-time = 10s (default)
2023-12-13 18:50:11,962 [s8-groupManagement] INFO  server.RaftServerConfigKeys (ConfUtils.java:logGet(46)) - raft.server.leaderelection.member.majority-add = false (default)
2023-12-13 18:50:11,962 [s8-groupManagement] INFO  server.RaftServerConfigKeys (ConfUtils.java:logGet(46)) - raft.server.sleep.deviation.threshold = 300ms (default)
2023-12-13 18:50:11,962 [s8-groupManagement] INFO  server.RaftServer$Division (ServerState.java:<init>(113)) - s8@group-9B3688799715: ConfigurationManager, init=-1: peers:[]|listeners:[], old=null, confs=<EMPTY_MAP>
2023-12-13 18:50:11,962 [s8-groupManagement] INFO  server.RaftServerConfigKeys (ConfUtils.java:logGet(46)) - raft.server.notification.no-leader.timeout = 60s (default)
2023-12-13 18:50:11,962 [s8-groupManagement] INFO  server.RaftServerConfigKeys (ConfUtils.java:logGet(46)) - raft.server.read.timeout = 10s (default)
2023-12-13 18:50:11,962 [s8-groupManagement] INFO  server.RaftServerConfigKeys (ConfUtils.java:logGet(46)) - raft.server.retrycache.expirytime = 60s (default)
2023-12-13 18:50:11,962 [s8-groupManagement] INFO  server.RaftServerConfigKeys (ConfUtils.java:logGet(46)) - raft.server.retrycache.statistics.expirytime = 100ms (default)
2023-12-13 18:50:11,962 [s8-groupManagement] INFO  server.RaftServerConfigKeys (ConfUtils.java:logGet(46)) - raft.server.read.option = DEFAULT (default)
2023-12-13 18:50:11,962 [s8-groupManagement] INFO  server.RaftServerConfigKeys (ConfUtils.java:logGet(46)) - raft.server.read.read-after-write-consistent.write-index-cache.expiry-time = 60s (default)
2023-12-13 18:50:11,962 [s8-groupManagement] INFO  server.RaftServerConfigKeys (ConfUtils.java:logGet(46)) - raft.server.rpc.request.timeout = 3000ms (default)
2023-12-13 18:50:11,962 [s8-groupManagement] INFO  server.RaftServerConfigKeys (ConfUtils.java:logGet(46)) - raft.server.log.appender.install.snapshot.enabled = true (default)
2023-12-13 18:50:11,962 [s8-groupManagement] INFO  server.RaftServerConfigKeys (ConfUtils.java:logGet(46)) - raft.server.threadpool.server.cached = true (default)
2023-12-13 18:50:11,962 [s8-groupManagement] INFO  server.RaftServerConfigKeys (ConfUtils.java:logGet(46)) - raft.server.threadpool.server.size = 0 (default)
2023-12-13 18:50:11,962 [s8-groupManagement] INFO  server.RaftServerConfigKeys (ConfUtils.java:logGet(46)) - raft.server.threadpool.client.cached = true (default)
2023-12-13 18:50:11,962 [s8-groupManagement] INFO  server.RaftServerConfigKeys (ConfUtils.java:logGet(46)) - raft.server.threadpool.client.size = 0 (default)
2023-12-13 18:50:12,962 [Time-limited test] INFO  impl.MiniRaftCluster (MiniRaftCluster.java:start(339)) - .............................................................. 
2023-12-13 18:50:12,962 [Time-limited test] INFO  impl.MiniRaftCluster (MiniRaftCluster.java:start(340)) - ... 
2023-12-13 18:50:12,962 [Time-limited test] INFO  impl.MiniRaftCluster (MiniRaftCluster.java:start(341)) - ...     Starting MiniRaftClusterWithGrpc
2023-12-13 18:50:12,962 [Time-limited test] INFO  impl.MiniRaftCluster (MiniRaftCluster.java:start(342)) - ... 
2023-12-13 18:50:12,962 [Time-limited test] INFO  impl.MiniRaftCluster (MiniRaftCluster.java:start(343)) - .............................................................. 
2023-12-13 18:50:12,962 [Time-limited test] INFO  impl.MiniRaftCluster (MiniRaftCluster.java:initServers(318)) - servers = {s3=s3:      NEW      null s3@group-9B3688799715:t0, leader=null, voted=null, raftlog=UNINITIALIZED, conf=-1: peers:[]|listeners:[], old=null NEW, s4=s4:      NEW      null s4@group-9B3688799715:t0, leader=null, voted=null, raftlog=UNINITIALIZED, conf=-1: peers:[]|listeners:[], old=null NEW, s5=s5:      NEW      null s5@group-9B3688799715:t0, leader=null, voted=null, raftlog=UNINITIALIZED, conf=-1: peers:[]|listeners:[], old=null NEW, s6=s6:      NEW      null s6@group-9B3688799715:t0, leader=null, voted=null, raftlog=UNINITIALIZED, conf=-1: peers:[]|listeners:[], old=null NEW, s7=s7:      NEW      null s7@group-9B3688799715:t0, leader=null, voted=null, raftlog=UNINITIALIZED, conf=-1: peers:[]|listeners:[], old=null NEW, s8=s8:      NEW      null s8@group-9B3688799715:t0, leader=null, voted=null, raftlog=UNINITIALIZED, conf=-1: peers:[]|listeners:[], old=null NEW, s0=s0:      NEW      null s0@group-9B3688799715:t0, leader=null, voted=null, raftlog=UNINITIALIZED, conf=-1: peers:[]|listeners:[], old=null NEW, s1=s1:      NEW      null s1@group-9B3688799715:t0, leader=null, voted=null, raftlog=UNINITIALIZED, conf=-1: peers:[]|listeners:[], old=null NEW, s2=s2:      NEW      null s2@group-9B3688799715:t0, leader=null, voted=null, raftlog=UNINITIALIZED, conf=-1: peers:[]|listeners:[], old=null NEW}
2023-12-13 18:50:12,962 [s3-impl-thread1] INFO  server.RaftServerConfigKeys (ConfUtils.java:logGet(46)) - raft.server.storage.free-space.min = 0MB (=0) (default)
2023-12-13 18:50:12,962 [s3-impl-thread1] INFO  server.RaftServerConfigKeys (ConfUtils.java:logGet(46)) - raft.server.log.corruption.policy = EXCEPTION (default)
2023-12-13 18:50:12,962 [s3-impl-thread1] INFO  server.RaftServerConfigKeys (ConfUtils.java:logGet(46)) - raft.server.storage.dir = [/home/runner/work/ratis/ratis/ratis-test/target/test/data/b8de9602/MiniRaftClusterWithGrpcac948085/s3] (custom)
2023-12-13 18:50:12,962 [s3-impl-thread1] INFO  storage.RaftStorageDirectory (RaftStorageDirectoryImpl.java:analyzeStorage(138)) - The storage directory /home/runner/work/ratis/ratis/ratis-test/target/test/data/b8de9602/MiniRaftClusterWithGrpcac948085/s3/2ad78ee0-b9d5-4766-b6d8-9b3688799715 does not exist. Creating ...
2023-12-13 18:50:12,963 [s3-impl-thread1] TRACE util.FileUtils (LogUtils.java:runAndLog(49)) - Successfully ran Files.createDirectories /home/runner/work/ratis/ratis/ratis-test/target/test/data/b8de9602/MiniRaftClusterWithGrpcac948085/s3/2ad78ee0-b9d5-4766-b6d8-9b3688799715
2023-12-13 18:50:12,964 [s3-impl-thread1] INFO  storage.RaftStorageDirectory (RaftStorageDirectoryImpl.java:tryLock(228)) - Lock on /home/runner/work/ratis/ratis/ratis-test/target/test/data/b8de9602/MiniRaftClusterWithGrpcac948085/s3/2ad78ee0-b9d5-4766-b6d8-9b3688799715/in_use.lock acquired by nodename 24599@fv-az743-812
2023-12-13 18:50:12,964 [s3-impl-thread1] TRACE util.FileUtils (LogUtils.java:runAndLog(49)) - Successfully ran Files.createDirectories /home/runner/work/ratis/ratis/ratis-test/target/test/data/b8de9602/MiniRaftClusterWithGrpcac948085/s3/2ad78ee0-b9d5-4766-b6d8-9b3688799715/current
2023-12-13 18:50:12,964 [s3-impl-thread1] TRACE util.FileUtils (LogUtils.java:runAndLog(49)) - Successfully ran Files.createDirectories /home/runner/work/ratis/ratis/ratis-test/target/test/data/b8de9602/MiniRaftClusterWithGrpcac948085/s3/2ad78ee0-b9d5-4766-b6d8-9b3688799715/sm
2023-12-13 18:50:12,964 [s3-impl-thread1] TRACE util.FileUtils (LogUtils.java:supplyAndLog(69)) - Successfully supplied FileChannel.open /home/runner/work/ratis/ratis/ratis-test/target/test/data/b8de9602/MiniRaftClusterWithGrpcac948085/s3/2ad78ee0-b9d5-4766-b6d8-9b3688799715/current/raft-meta.tmp with options [CREATE, WRITE]: sun.nio.ch.FileChannelImpl@24bce3c7
2023-12-13 18:50:12,965 [s3-impl-thread1] TRACE util.FileUtils (LogUtils.java:runAndLog(49)) - Successfully ran Atomic Files.move /home/runner/work/ratis/ratis/ratis-test/target/test/data/b8de9602/MiniRaftClusterWithGrpcac948085/s3/2ad78ee0-b9d5-4766-b6d8-9b3688799715/current/raft-meta.tmp to /home/runner/work/ratis/ratis/ratis-test/target/test/data/b8de9602/MiniRaftClusterWithGrpcac948085/s3/2ad78ee0-b9d5-4766-b6d8-9b3688799715/current/raft-meta with options [REPLACE_EXISTING]
2023-12-13 18:50:12,965 [s3-impl-thread1] INFO  storage.RaftStorage (RaftStorageImpl.java:format(99)) - Storage directory /home/runner/work/ratis/ratis/ratis-test/target/test/data/b8de9602/MiniRaftClusterWithGrpcac948085/s3/2ad78ee0-b9d5-4766-b6d8-9b3688799715 has been successfully formatted.
2023-12-13 18:50:12,965 [s3-impl-thread1] TRACE util.FileUtils (LogUtils.java:supplyAndLog(61)) - Failed to Files.newInputStream /home/runner/work/ratis/ratis/ratis-test/target/test/data/b8de9602/MiniRaftClusterWithGrpcac948085/s3/2ad78ee0-b9d5-4766-b6d8-9b3688799715/current/raft-meta.conf with options []
java.nio.file.NoSuchFileException: /home/runner/work/ratis/ratis/ratis-test/target/test/data/b8de9602/MiniRaftClusterWithGrpcac948085/s3/2ad78ee0-b9d5-4766-b6d8-9b3688799715/current/raft-meta.conf
	at java.base/sun.nio.fs.UnixException.translateToIOException(UnixException.java:92)
	at java.base/sun.nio.fs.UnixException.rethrowAsIOException(UnixException.java:111)
	at java.base/sun.nio.fs.UnixException.rethrowAsIOException(UnixException.java:116)
	at java.base/sun.nio.fs.UnixFileSystemProvider.newByteChannel(UnixFileSystemProvider.java:219)
	at java.base/java.nio.file.Files.newByteChannel(Files.java:371)
	at java.base/java.nio.file.Files.newByteChannel(Files.java:422)
	at java.base/java.nio.file.spi.FileSystemProvider.newInputStream(FileSystemProvider.java:420)
	at java.base/java.nio.file.Files.newInputStream(Files.java:156)
	at org.apache.ratis.util.FileUtils.lambda$newInputStream$2(FileUtils.java:73)
	at org.apache.ratis.util.LogUtils.supplyAndLog(LogUtils.java:58)
	at org.apache.ratis.util.FileUtils.newInputStream(FileUtils.java:72)
	at org.apache.ratis.util.FileUtils.newInputStream(FileUtils.java:68)
	at org.apache.ratis.server.storage.RaftStorageImpl.readRaftConfiguration(RaftStorageImpl.java:156)
	at org.apache.ratis.server.impl.ServerState.initialize(ServerState.java:141)
	at org.apache.ratis.server.impl.RaftServerImpl.start(RaftServerImpl.java:388)
	at org.apache.ratis.util.ConcurrentUtils.accept(ConcurrentUtils.java:203)
	at org.apache.ratis.util.ConcurrentUtils.lambda$parallelForEachAsync$4(ConcurrentUtils.java:182)
	at java.base/java.util.concurrent.ThreadPoolExecutor.runWorker(ThreadPoolExecutor.java:1128)
	at java.base/java.util.concurrent.ThreadPoolExecutor$Worker.run(ThreadPoolExecutor.java:628)
	at java.base/java.lang.Thread.run(Thread.java:829)
2023-12-13 18:50:12,965 [s3-impl-thread1] INFO  server.RaftServerConfigKeys (ConfUtils.java:logGet(46)) - raft.server.log.use.memory = false (default)
2023-12-13 18:50:12,965 [s3-impl-thread1] INFO  server.RaftServerConfigKeys (ConfUtils.java:logGet(46)) - raft.server.log.purge.gap = 1024 (default)
2023-12-13 18:50:12,965 [s3-impl-thread1] INFO  server.RaftServerConfigKeys (ConfUtils.java:logGet(46)) - raft.server.log.appender.buffer.byte-limit = 4MB (=4194304) (default)
2023-12-13 18:50:12,965 [s3-impl-thread1] INFO  server.RaftServerConfigKeys (ConfUtils.java:logGet(46)) - raft.server.log.statemachine.data.read.timeout = 1000ms (default)
2023-12-13 18:50:12,965 [s3-impl-thread1] INFO  server.RaftServerConfigKeys (ConfUtils.java:logGet(46)) - raft.server.log.purge.preservation.log.num = 0 (default)
2023-12-13 18:50:12,966 [s3-impl-thread1] INFO  server.RaftServerConfigKeys (ConfUtils.java:logGet(46)) - raft.server.log.segment.size.max = 32MB (=33554432) (default)
2023-12-13 18:50:12,966 [s3-impl-thread1] INFO  server.RaftServerConfigKeys (ConfUtils.java:logGet(46)) - raft.server.log.segment.cache.num.max = 6 (default)
2023-12-13 18:50:12,966 [s3-impl-thread1] INFO  server.RaftServerConfigKeys (ConfUtils.java:logGet(46)) - raft.server.log.segment.cache.size.max = 200MB (=209715200) (default)
2023-12-13 18:50:12,966 [s3-impl-thread1] INFO  server.RaftServerConfigKeys (ConfUtils.java:logGet(46)) - raft.server.log.appender.buffer.byte-limit = 4MB (=4194304) (default)
2023-12-13 18:50:12,966 [s3-impl-thread1] INFO  util.AwaitToRun (AwaitToRun.java:start(81)) - Thread[s3@group-9B3688799715-cacheEviction-AwaitToRun,5,main] started
2023-12-13 18:50:12,966 [s3-impl-thread1] INFO  segmented.SegmentedRaftLogWorker (SegmentedRaftLogWorker.java:<init>(182)) - new s3@group-9B3688799715-SegmentedRaftLogWorker for RaftStorageImpl:Storage Directory /home/runner/work/ratis/ratis/ratis-test/target/test/data/b8de9602/MiniRaftClusterWithGrpcac948085/s3/2ad78ee0-b9d5-4766-b6d8-9b3688799715
2023-12-13 18:50:12,966 [s3-impl-thread1] INFO  server.RaftServerConfigKeys (ConfUtils.java:logGet(46)) - raft.server.log.queue.byte-limit = 64MB (=67108864) (default)
2023-12-13 18:50:12,966 [s3-impl-thread1] INFO  server.RaftServerConfigKeys (ConfUtils.java:logGet(46)) - raft.server.log.queue.element-limit = 4096 (default)
2023-12-13 18:50:12,966 [s3-impl-thread1] INFO  server.RaftServerConfigKeys (ConfUtils.java:logGet(46)) - raft.server.log.segment.size.max = 32MB (=33554432) (default)
2023-12-13 18:50:12,966 [s3-impl-thread1] INFO  server.RaftServerConfigKeys (ConfUtils.java:logGet(46)) - raft.server.log.preallocated.size = 4MB (=4194304) (default)
2023-12-13 18:50:12,966 [s3-impl-thread1] INFO  server.RaftServerConfigKeys (ConfUtils.java:logGet(46)) - raft.server.log.force.sync.num = 128 (default)
2023-12-13 18:50:12,966 [s3-impl-thread1] INFO  server.RaftServerConfigKeys (ConfUtils.java:logGet(46)) - raft.server.log.statemachine.data.sync = true (default)
2023-12-13 18:50:12,966 [s3-impl-thread1] INFO  server.RaftServerConfigKeys (ConfUtils.java:logGet(46)) - raft.server.log.statemachine.data.sync.timeout = 10s (default)
2023-12-13 18:50:12,966 [s3-impl-thread1] INFO  server.RaftServerConfigKeys (ConfUtils.java:logGet(46)) - raft.server.log.statemachine.data.sync.timeout.retry = -1 (default)
2023-12-13 18:50:12,966 [s3-impl-thread1] INFO  server.RaftServerConfigKeys (ConfUtils.java:logGet(46)) - raft.server.log.write.buffer.size = 8MB (=8388608) (default)
2023-12-13 18:50:12,967 [s3-impl-thread1] INFO  server.RaftServerConfigKeys (ConfUtils.java:logGet(46)) - raft.server.log.appender.buffer.byte-limit = 4MB (=4194304) (default)
2023-12-13 18:50:12,967 [s3-impl-thread1] INFO  server.RaftServerConfigKeys (ConfUtils.java:logGet(46)) - raft.server.log.unsafe-flush.enabled = false (default)
2023-12-13 18:50:12,967 [s3-impl-thread1] INFO  server.RaftServerConfigKeys (ConfUtils.java:logGet(46)) - raft.server.log.async-flush.enabled = false (default)
2023-12-13 18:50:12,967 [s3-impl-thread1] INFO  server.RaftServerConfigKeys (ConfUtils.java:logGet(46)) - raft.server.log.statemachine.data.caching.enabled = false (default)
2023-12-13 18:50:12,967 [s3-impl-thread1] INFO  segmented.SegmentedRaftLogWorker (SegmentedRaftLogWorker.java:lambda$new$0(134)) - s3@group-9B3688799715-SegmentedRaftLogWorker: flushIndex: setUnconditionally 0 -> -1
2023-12-13 18:50:12,967 [s3-impl-thread1] INFO  segmented.SegmentedRaftLogWorker (SegmentedRaftLogWorker.java:lambda$new$0(134)) - s3@group-9B3688799715-SegmentedRaftLogWorker: safeCacheEvictIndex: setUnconditionally 0 -> -1
2023-12-13 18:50:12,968 [s3-impl-thread1] INFO  server.RaftServer$Division (RaftServerImpl.java:start(398)) - s3@group-9B3688799715: start with initializing state, conf=-1: peers:[]|listeners:[], old=null
2023-12-13 18:50:12,968 [s3-impl-thread1] INFO  server.RaftServer$Division (RaftServerImpl.java:setRole(379)) - s3@group-9B3688799715: changes role from      null to FOLLOWER at term 0 for startInitializing
2023-12-13 18:50:12,968 [s3-impl-thread1] INFO  util.JmxRegister (JmxRegister.java:tryRegister(44)) - Successfully registered JMX Bean with object name Ratis:service=RaftServer,group=group-9B3688799715,id=s3
2023-12-13 18:50:12,968 [s3-impl-thread1] INFO  server.RaftServerConfigKeys (ConfUtils.java:logGet(46)) - raft.server.snapshot.trigger-when-stop.enabled = true (default)
2023-12-13 18:50:12,968 [s3-impl-thread1] INFO  server.RaftServerConfigKeys (ConfUtils.java:logGet(46)) - raft.server.snapshot.auto.trigger.enabled = false (default)
2023-12-13 18:50:12,968 [s3-impl-thread1] INFO  server.RaftServerConfigKeys (ConfUtils.java:logGet(46)) - raft.server.snapshot.retention.file.num = -1 (default)
2023-12-13 18:50:12,968 [s3-impl-thread1] INFO  server.RaftServerConfigKeys (ConfUtils.java:logGet(46)) - raft.server.log.purge.upto.snapshot.index = false (default)
2023-12-13 18:50:12,968 [Time-limited test] INFO  server.RaftServer (RaftServerProxy.java:startImpl(406)) - s3: start RPC server
2023-12-13 18:50:12,969 [Time-limited test] INFO  server.GrpcService (GrpcService.java:startImpl(302)) - s3: GrpcService started, listening on 38599
2023-12-13 18:50:12,969 [JvmPauseMonitor21] INFO  util.JvmPauseMonitor (JvmPauseMonitor.java:run(146)) - JvmPauseMonitor-s3: Started
2023-12-13 18:50:12,969 [s4-impl-thread1] INFO  server.RaftServerConfigKeys (ConfUtils.java:logGet(46)) - raft.server.storage.free-space.min = 0MB (=0) (default)
2023-12-13 18:50:12,969 [s4-impl-thread1] INFO  server.RaftServerConfigKeys (ConfUtils.java:logGet(46)) - raft.server.log.corruption.policy = EXCEPTION (default)
2023-12-13 18:50:12,969 [s4-impl-thread1] INFO  server.RaftServerConfigKeys (ConfUtils.java:logGet(46)) - raft.server.storage.dir = [/home/runner/work/ratis/ratis/ratis-test/target/test/data/b8de9602/MiniRaftClusterWithGrpcac948085/s4] (custom)
2023-12-13 18:50:12,969 [s4-impl-thread1] INFO  storage.RaftStorageDirectory (RaftStorageDirectoryImpl.java:analyzeStorage(138)) - The storage directory /home/runner/work/ratis/ratis/ratis-test/target/test/data/b8de9602/MiniRaftClusterWithGrpcac948085/s4/2ad78ee0-b9d5-4766-b6d8-9b3688799715 does not exist. Creating ...
2023-12-13 18:50:12,969 [s4-impl-thread1] TRACE util.FileUtils (LogUtils.java:runAndLog(49)) - Successfully ran Files.createDirectories /home/runner/work/ratis/ratis/ratis-test/target/test/data/b8de9602/MiniRaftClusterWithGrpcac948085/s4/2ad78ee0-b9d5-4766-b6d8-9b3688799715
2023-12-13 18:50:12,970 [s4-impl-thread1] INFO  storage.RaftStorageDirectory (RaftStorageDirectoryImpl.java:tryLock(228)) - Lock on /home/runner/work/ratis/ratis/ratis-test/target/test/data/b8de9602/MiniRaftClusterWithGrpcac948085/s4/2ad78ee0-b9d5-4766-b6d8-9b3688799715/in_use.lock acquired by nodename 24599@fv-az743-812
2023-12-13 18:50:12,970 [s4-impl-thread1] TRACE util.FileUtils (LogUtils.java:runAndLog(49)) - Successfully ran Files.createDirectories /home/runner/work/ratis/ratis/ratis-test/target/test/data/b8de9602/MiniRaftClusterWithGrpcac948085/s4/2ad78ee0-b9d5-4766-b6d8-9b3688799715/current
2023-12-13 18:50:12,970 [s4-impl-thread1] TRACE util.FileUtils (LogUtils.java:runAndLog(49)) - Successfully ran Files.createDirectories /home/runner/work/ratis/ratis/ratis-test/target/test/data/b8de9602/MiniRaftClusterWithGrpcac948085/s4/2ad78ee0-b9d5-4766-b6d8-9b3688799715/sm
2023-12-13 18:50:12,970 [s4-impl-thread1] TRACE util.FileUtils (LogUtils.java:supplyAndLog(69)) - Successfully supplied FileChannel.open /home/runner/work/ratis/ratis/ratis-test/target/test/data/b8de9602/MiniRaftClusterWithGrpcac948085/s4/2ad78ee0-b9d5-4766-b6d8-9b3688799715/current/raft-meta.tmp with options [CREATE, WRITE]: sun.nio.ch.FileChannelImpl@4095c157
2023-12-13 18:50:12,971 [s4-impl-thread1] TRACE util.FileUtils (LogUtils.java:runAndLog(49)) - Successfully ran Atomic Files.move /home/runner/work/ratis/ratis/ratis-test/target/test/data/b8de9602/MiniRaftClusterWithGrpcac948085/s4/2ad78ee0-b9d5-4766-b6d8-9b3688799715/current/raft-meta.tmp to /home/runner/work/ratis/ratis/ratis-test/target/test/data/b8de9602/MiniRaftClusterWithGrpcac948085/s4/2ad78ee0-b9d5-4766-b6d8-9b3688799715/current/raft-meta with options [REPLACE_EXISTING]
2023-12-13 18:50:12,971 [s4-impl-thread1] INFO  storage.RaftStorage (RaftStorageImpl.java:format(99)) - Storage directory /home/runner/work/ratis/ratis/ratis-test/target/test/data/b8de9602/MiniRaftClusterWithGrpcac948085/s4/2ad78ee0-b9d5-4766-b6d8-9b3688799715 has been successfully formatted.
2023-12-13 18:50:12,971 [s4-impl-thread1] TRACE util.FileUtils (LogUtils.java:supplyAndLog(61)) - Failed to Files.newInputStream /home/runner/work/ratis/ratis/ratis-test/target/test/data/b8de9602/MiniRaftClusterWithGrpcac948085/s4/2ad78ee0-b9d5-4766-b6d8-9b3688799715/current/raft-meta.conf with options []
java.nio.file.NoSuchFileException: /home/runner/work/ratis/ratis/ratis-test/target/test/data/b8de9602/MiniRaftClusterWithGrpcac948085/s4/2ad78ee0-b9d5-4766-b6d8-9b3688799715/current/raft-meta.conf
	at java.base/sun.nio.fs.UnixException.translateToIOException(UnixException.java:92)
	at java.base/sun.nio.fs.UnixException.rethrowAsIOException(UnixException.java:111)
	at java.base/sun.nio.fs.UnixException.rethrowAsIOException(UnixException.java:116)
	at java.base/sun.nio.fs.UnixFileSystemProvider.newByteChannel(UnixFileSystemProvider.java:219)
	at java.base/java.nio.file.Files.newByteChannel(Files.java:371)
	at java.base/java.nio.file.Files.newByteChannel(Files.java:422)
	at java.base/java.nio.file.spi.FileSystemProvider.newInputStream(FileSystemProvider.java:420)
	at java.base/java.nio.file.Files.newInputStream(Files.java:156)
	at org.apache.ratis.util.FileUtils.lambda$newInputStream$2(FileUtils.java:73)
	at org.apache.ratis.util.LogUtils.supplyAndLog(LogUtils.java:58)
	at org.apache.ratis.util.FileUtils.newInputStream(FileUtils.java:72)
	at org.apache.ratis.util.FileUtils.newInputStream(FileUtils.java:68)
	at org.apache.ratis.server.storage.RaftStorageImpl.readRaftConfiguration(RaftStorageImpl.java:156)
	at org.apache.ratis.server.impl.ServerState.initialize(ServerState.java:141)
	at org.apache.ratis.server.impl.RaftServerImpl.start(RaftServerImpl.java:388)
	at org.apache.ratis.util.ConcurrentUtils.accept(ConcurrentUtils.java:203)
	at org.apache.ratis.util.ConcurrentUtils.lambda$parallelForEachAsync$4(ConcurrentUtils.java:182)
	at java.base/java.util.concurrent.ThreadPoolExecutor.runWorker(ThreadPoolExecutor.java:1128)
	at java.base/java.util.concurrent.ThreadPoolExecutor$Worker.run(ThreadPoolExecutor.java:628)
	at java.base/java.lang.Thread.run(Thread.java:829)
2023-12-13 18:50:12,972 [s4-impl-thread1] INFO  server.RaftServerConfigKeys (ConfUtils.java:logGet(46)) - raft.server.log.use.memory = false (default)
2023-12-13 18:50:12,972 [s4-impl-thread1] INFO  server.RaftServerConfigKeys (ConfUtils.java:logGet(46)) - raft.server.log.purge.gap = 1024 (default)
2023-12-13 18:50:12,972 [s4-impl-thread1] INFO  server.RaftServerConfigKeys (ConfUtils.java:logGet(46)) - raft.server.log.appender.buffer.byte-limit = 4MB (=4194304) (default)
2023-12-13 18:50:12,972 [s4-impl-thread1] INFO  server.RaftServerConfigKeys (ConfUtils.java:logGet(46)) - raft.server.log.statemachine.data.read.timeout = 1000ms (default)
2023-12-13 18:50:12,972 [s4-impl-thread1] INFO  server.RaftServerConfigKeys (ConfUtils.java:logGet(46)) - raft.server.log.purge.preservation.log.num = 0 (default)
2023-12-13 18:50:12,972 [s4-impl-thread1] INFO  server.RaftServerConfigKeys (ConfUtils.java:logGet(46)) - raft.server.log.segment.size.max = 32MB (=33554432) (default)
2023-12-13 18:50:12,972 [s4-impl-thread1] INFO  server.RaftServerConfigKeys (ConfUtils.java:logGet(46)) - raft.server.log.segment.cache.num.max = 6 (default)
2023-12-13 18:50:12,972 [s4-impl-thread1] INFO  server.RaftServerConfigKeys (ConfUtils.java:logGet(46)) - raft.server.log.segment.cache.size.max = 200MB (=209715200) (default)
2023-12-13 18:50:12,972 [s4-impl-thread1] INFO  server.RaftServerConfigKeys (ConfUtils.java:logGet(46)) - raft.server.log.appender.buffer.byte-limit = 4MB (=4194304) (default)
2023-12-13 18:50:12,972 [s4-impl-thread1] INFO  util.AwaitToRun (AwaitToRun.java:start(81)) - Thread[s4@group-9B3688799715-cacheEviction-AwaitToRun,5,main] started
2023-12-13 18:50:12,972 [s4-impl-thread1] INFO  segmented.SegmentedRaftLogWorker (SegmentedRaftLogWorker.java:<init>(182)) - new s4@group-9B3688799715-SegmentedRaftLogWorker for RaftStorageImpl:Storage Directory /home/runner/work/ratis/ratis/ratis-test/target/test/data/b8de9602/MiniRaftClusterWithGrpcac948085/s4/2ad78ee0-b9d5-4766-b6d8-9b3688799715
2023-12-13 18:50:12,972 [s4-impl-thread1] INFO  server.RaftServerConfigKeys (ConfUtils.java:logGet(46)) - raft.server.log.queue.byte-limit = 64MB (=67108864) (default)
2023-12-13 18:50:12,972 [s4-impl-thread1] INFO  server.RaftServerConfigKeys (ConfUtils.java:logGet(46)) - raft.server.log.queue.element-limit = 4096 (default)
2023-12-13 18:50:12,972 [s4-impl-thread1] INFO  server.RaftServerConfigKeys (ConfUtils.java:logGet(46)) - raft.server.log.segment.size.max = 32MB (=33554432) (default)
2023-12-13 18:50:12,972 [s4-impl-thread1] INFO  server.RaftServerConfigKeys (ConfUtils.java:logGet(46)) - raft.server.log.preallocated.size = 4MB (=4194304) (default)
2023-12-13 18:50:12,972 [s4-impl-thread1] INFO  server.RaftServerConfigKeys (ConfUtils.java:logGet(46)) - raft.server.log.force.sync.num = 128 (default)
2023-12-13 18:50:12,972 [s4-impl-thread1] INFO  server.RaftServerConfigKeys (ConfUtils.java:logGet(46)) - raft.server.log.statemachine.data.sync = true (default)
2023-12-13 18:50:12,973 [s4-impl-thread1] INFO  server.RaftServerConfigKeys (ConfUtils.java:logGet(46)) - raft.server.log.statemachine.data.sync.timeout = 10s (default)
2023-12-13 18:50:12,973 [s4-impl-thread1] INFO  server.RaftServerConfigKeys (ConfUtils.java:logGet(46)) - raft.server.log.statemachine.data.sync.timeout.retry = -1 (default)
2023-12-13 18:50:12,973 [s4-impl-thread1] INFO  server.RaftServerConfigKeys (ConfUtils.java:logGet(46)) - raft.server.log.write.buffer.size = 8MB (=8388608) (default)
2023-12-13 18:50:12,975 [s4-impl-thread1] INFO  server.RaftServerConfigKeys (ConfUtils.java:logGet(46)) - raft.server.log.appender.buffer.byte-limit = 4MB (=4194304) (default)
2023-12-13 18:50:12,975 [s4-impl-thread1] INFO  server.RaftServerConfigKeys (ConfUtils.java:logGet(46)) - raft.server.log.unsafe-flush.enabled = false (default)
2023-12-13 18:50:12,975 [s4-impl-thread1] INFO  server.RaftServerConfigKeys (ConfUtils.java:logGet(46)) - raft.server.log.async-flush.enabled = false (default)
2023-12-13 18:50:12,975 [s4-impl-thread1] INFO  server.RaftServerConfigKeys (ConfUtils.java:logGet(46)) - raft.server.log.statemachine.data.caching.enabled = false (default)
2023-12-13 18:50:12,975 [s4-impl-thread1] INFO  segmented.SegmentedRaftLogWorker (SegmentedRaftLogWorker.java:lambda$new$0(134)) - s4@group-9B3688799715-SegmentedRaftLogWorker: flushIndex: setUnconditionally 0 -> -1
2023-12-13 18:50:12,975 [s4-impl-thread1] INFO  segmented.SegmentedRaftLogWorker (SegmentedRaftLogWorker.java:lambda$new$0(134)) - s4@group-9B3688799715-SegmentedRaftLogWorker: safeCacheEvictIndex: setUnconditionally 0 -> -1
2023-12-13 18:50:12,975 [s4-impl-thread1] INFO  server.RaftServer$Division (RaftServerImpl.java:start(398)) - s4@group-9B3688799715: start with initializing state, conf=-1: peers:[]|listeners:[], old=null
2023-12-13 18:50:12,975 [s4-impl-thread1] INFO  server.RaftServer$Division (RaftServerImpl.java:setRole(379)) - s4@group-9B3688799715: changes role from      null to FOLLOWER at term 0 for startInitializing
2023-12-13 18:50:12,975 [s4-impl-thread1] INFO  util.JmxRegister (JmxRegister.java:tryRegister(44)) - Successfully registered JMX Bean with object name Ratis:service=RaftServer,group=group-9B3688799715,id=s4
2023-12-13 18:50:12,975 [s4-impl-thread1] INFO  server.RaftServerConfigKeys (ConfUtils.java:logGet(46)) - raft.server.snapshot.trigger-when-stop.enabled = true (default)
2023-12-13 18:50:12,975 [s4-impl-thread1] INFO  server.RaftServerConfigKeys (ConfUtils.java:logGet(46)) - raft.server.snapshot.auto.trigger.enabled = false (default)
2023-12-13 18:50:12,975 [s4-impl-thread1] INFO  server.RaftServerConfigKeys (ConfUtils.java:logGet(46)) - raft.server.snapshot.retention.file.num = -1 (default)
2023-12-13 18:50:12,975 [s4-impl-thread1] INFO  server.RaftServerConfigKeys (ConfUtils.java:logGet(46)) - raft.server.log.purge.upto.snapshot.index = false (default)
2023-12-13 18:50:12,976 [Time-limited test] INFO  server.RaftServer (RaftServerProxy.java:startImpl(406)) - s4: start RPC server
2023-12-13 18:50:12,977 [Time-limited test] INFO  server.GrpcService (GrpcService.java:startImpl(302)) - s4: GrpcService started, listening on 45297
2023-12-13 18:50:12,977 [JvmPauseMonitor22] INFO  util.JvmPauseMonitor (JvmPauseMonitor.java:run(146)) - JvmPauseMonitor-s4: Started
2023-12-13 18:50:12,977 [s5-impl-thread1] INFO  server.RaftServerConfigKeys (ConfUtils.java:logGet(46)) - raft.server.storage.free-space.min = 0MB (=0) (default)
2023-12-13 18:50:12,977 [s5-impl-thread1] INFO  server.RaftServerConfigKeys (ConfUtils.java:logGet(46)) - raft.server.log.corruption.policy = EXCEPTION (default)
2023-12-13 18:50:12,977 [s5-impl-thread1] INFO  server.RaftServerConfigKeys (ConfUtils.java:logGet(46)) - raft.server.storage.dir = [/home/runner/work/ratis/ratis/ratis-test/target/test/data/b8de9602/MiniRaftClusterWithGrpcac948085/s5] (custom)
2023-12-13 18:50:12,977 [s5-impl-thread1] INFO  storage.RaftStorageDirectory (RaftStorageDirectoryImpl.java:analyzeStorage(138)) - The storage directory /home/runner/work/ratis/ratis/ratis-test/target/test/data/b8de9602/MiniRaftClusterWithGrpcac948085/s5/2ad78ee0-b9d5-4766-b6d8-9b3688799715 does not exist. Creating ...
2023-12-13 18:50:12,977 [s5-impl-thread1] TRACE util.FileUtils (LogUtils.java:runAndLog(49)) - Successfully ran Files.createDirectories /home/runner/work/ratis/ratis/ratis-test/target/test/data/b8de9602/MiniRaftClusterWithGrpcac948085/s5/2ad78ee0-b9d5-4766-b6d8-9b3688799715
2023-12-13 18:50:12,978 [s5-impl-thread1] INFO  storage.RaftStorageDirectory (RaftStorageDirectoryImpl.java:tryLock(228)) - Lock on /home/runner/work/ratis/ratis/ratis-test/target/test/data/b8de9602/MiniRaftClusterWithGrpcac948085/s5/2ad78ee0-b9d5-4766-b6d8-9b3688799715/in_use.lock acquired by nodename 24599@fv-az743-812
2023-12-13 18:50:12,978 [s5-impl-thread1] TRACE util.FileUtils (LogUtils.java:runAndLog(49)) - Successfully ran Files.createDirectories /home/runner/work/ratis/ratis/ratis-test/target/test/data/b8de9602/MiniRaftClusterWithGrpcac948085/s5/2ad78ee0-b9d5-4766-b6d8-9b3688799715/current
2023-12-13 18:50:12,978 [s5-impl-thread1] TRACE util.FileUtils (LogUtils.java:runAndLog(49)) - Successfully ran Files.createDirectories /home/runner/work/ratis/ratis/ratis-test/target/test/data/b8de9602/MiniRaftClusterWithGrpcac948085/s5/2ad78ee0-b9d5-4766-b6d8-9b3688799715/sm
2023-12-13 18:50:12,978 [s5-impl-thread1] TRACE util.FileUtils (LogUtils.java:supplyAndLog(69)) - Successfully supplied FileChannel.open /home/runner/work/ratis/ratis/ratis-test/target/test/data/b8de9602/MiniRaftClusterWithGrpcac948085/s5/2ad78ee0-b9d5-4766-b6d8-9b3688799715/current/raft-meta.tmp with options [CREATE, WRITE]: sun.nio.ch.FileChannelImpl@35189127
2023-12-13 18:50:12,979 [s5-impl-thread1] TRACE util.FileUtils (LogUtils.java:runAndLog(49)) - Successfully ran Atomic Files.move /home/runner/work/ratis/ratis/ratis-test/target/test/data/b8de9602/MiniRaftClusterWithGrpcac948085/s5/2ad78ee0-b9d5-4766-b6d8-9b3688799715/current/raft-meta.tmp to /home/runner/work/ratis/ratis/ratis-test/target/test/data/b8de9602/MiniRaftClusterWithGrpcac948085/s5/2ad78ee0-b9d5-4766-b6d8-9b3688799715/current/raft-meta with options [REPLACE_EXISTING]
2023-12-13 18:50:12,979 [s5-impl-thread1] INFO  storage.RaftStorage (RaftStorageImpl.java:format(99)) - Storage directory /home/runner/work/ratis/ratis/ratis-test/target/test/data/b8de9602/MiniRaftClusterWithGrpcac948085/s5/2ad78ee0-b9d5-4766-b6d8-9b3688799715 has been successfully formatted.
2023-12-13 18:50:12,979 [s5-impl-thread1] TRACE util.FileUtils (LogUtils.java:supplyAndLog(61)) - Failed to Files.newInputStream /home/runner/work/ratis/ratis/ratis-test/target/test/data/b8de9602/MiniRaftClusterWithGrpcac948085/s5/2ad78ee0-b9d5-4766-b6d8-9b3688799715/current/raft-meta.conf with options []
java.nio.file.NoSuchFileException: /home/runner/work/ratis/ratis/ratis-test/target/test/data/b8de9602/MiniRaftClusterWithGrpcac948085/s5/2ad78ee0-b9d5-4766-b6d8-9b3688799715/current/raft-meta.conf
	at java.base/sun.nio.fs.UnixException.translateToIOException(UnixException.java:92)
	at java.base/sun.nio.fs.UnixException.rethrowAsIOException(UnixException.java:111)
	at java.base/sun.nio.fs.UnixException.rethrowAsIOException(UnixException.java:116)
	at java.base/sun.nio.fs.UnixFileSystemProvider.newByteChannel(UnixFileSystemProvider.java:219)
	at java.base/java.nio.file.Files.newByteChannel(Files.java:371)
	at java.base/java.nio.file.Files.newByteChannel(Files.java:422)
	at java.base/java.nio.file.spi.FileSystemProvider.newInputStream(FileSystemProvider.java:420)
	at java.base/java.nio.file.Files.newInputStream(Files.java:156)
	at org.apache.ratis.util.FileUtils.lambda$newInputStream$2(FileUtils.java:73)
	at org.apache.ratis.util.LogUtils.supplyAndLog(LogUtils.java:58)
	at org.apache.ratis.util.FileUtils.newInputStream(FileUtils.java:72)
	at org.apache.ratis.util.FileUtils.newInputStream(FileUtils.java:68)
	at org.apache.ratis.server.storage.RaftStorageImpl.readRaftConfiguration(RaftStorageImpl.java:156)
	at org.apache.ratis.server.impl.ServerState.initialize(ServerState.java:141)
	at org.apache.ratis.server.impl.RaftServerImpl.start(RaftServerImpl.java:388)
	at org.apache.ratis.util.ConcurrentUtils.accept(ConcurrentUtils.java:203)
	at org.apache.ratis.util.ConcurrentUtils.lambda$parallelForEachAsync$4(ConcurrentUtils.java:182)
	at java.base/java.util.concurrent.ThreadPoolExecutor.runWorker(ThreadPoolExecutor.java:1128)
	at java.base/java.util.concurrent.ThreadPoolExecutor$Worker.run(ThreadPoolExecutor.java:628)
	at java.base/java.lang.Thread.run(Thread.java:829)
2023-12-13 18:50:12,979 [s5-impl-thread1] INFO  server.RaftServerConfigKeys (ConfUtils.java:logGet(46)) - raft.server.log.use.memory = false (default)
2023-12-13 18:50:12,979 [s5-impl-thread1] INFO  server.RaftServerConfigKeys (ConfUtils.java:logGet(46)) - raft.server.log.purge.gap = 1024 (default)
2023-12-13 18:50:12,979 [s5-impl-thread1] INFO  server.RaftServerConfigKeys (ConfUtils.java:logGet(46)) - raft.server.log.appender.buffer.byte-limit = 4MB (=4194304) (default)
2023-12-13 18:50:12,979 [s5-impl-thread1] INFO  server.RaftServerConfigKeys (ConfUtils.java:logGet(46)) - raft.server.log.statemachine.data.read.timeout = 1000ms (default)
2023-12-13 18:50:12,979 [s5-impl-thread1] INFO  server.RaftServerConfigKeys (ConfUtils.java:logGet(46)) - raft.server.log.purge.preservation.log.num = 0 (default)
2023-12-13 18:50:12,980 [s5-impl-thread1] INFO  server.RaftServerConfigKeys (ConfUtils.java:logGet(46)) - raft.server.log.segment.size.max = 32MB (=33554432) (default)
2023-12-13 18:50:12,980 [s5-impl-thread1] INFO  server.RaftServerConfigKeys (ConfUtils.java:logGet(46)) - raft.server.log.segment.cache.num.max = 6 (default)
2023-12-13 18:50:12,980 [s5-impl-thread1] INFO  server.RaftServerConfigKeys (ConfUtils.java:logGet(46)) - raft.server.log.segment.cache.size.max = 200MB (=209715200) (default)
2023-12-13 18:50:12,980 [s5-impl-thread1] INFO  server.RaftServerConfigKeys (ConfUtils.java:logGet(46)) - raft.server.log.appender.buffer.byte-limit = 4MB (=4194304) (default)
2023-12-13 18:50:12,980 [s5-impl-thread1] INFO  util.AwaitToRun (AwaitToRun.java:start(81)) - Thread[s5@group-9B3688799715-cacheEviction-AwaitToRun,5,main] started
2023-12-13 18:50:12,980 [s5-impl-thread1] INFO  segmented.SegmentedRaftLogWorker (SegmentedRaftLogWorker.java:<init>(182)) - new s5@group-9B3688799715-SegmentedRaftLogWorker for RaftStorageImpl:Storage Directory /home/runner/work/ratis/ratis/ratis-test/target/test/data/b8de9602/MiniRaftClusterWithGrpcac948085/s5/2ad78ee0-b9d5-4766-b6d8-9b3688799715
2023-12-13 18:50:12,980 [s5-impl-thread1] INFO  server.RaftServerConfigKeys (ConfUtils.java:logGet(46)) - raft.server.log.queue.byte-limit = 64MB (=67108864) (default)
2023-12-13 18:50:12,980 [s5-impl-thread1] INFO  server.RaftServerConfigKeys (ConfUtils.java:logGet(46)) - raft.server.log.queue.element-limit = 4096 (default)
2023-12-13 18:50:12,980 [s5-impl-thread1] INFO  server.RaftServerConfigKeys (ConfUtils.java:logGet(46)) - raft.server.log.segment.size.max = 32MB (=33554432) (default)
2023-12-13 18:50:12,980 [s5-impl-thread1] INFO  server.RaftServerConfigKeys (ConfUtils.java:logGet(46)) - raft.server.log.preallocated.size = 4MB (=4194304) (default)
2023-12-13 18:50:12,980 [s5-impl-thread1] INFO  server.RaftServerConfigKeys (ConfUtils.java:logGet(46)) - raft.server.log.force.sync.num = 128 (default)
2023-12-13 18:50:12,980 [s5-impl-thread1] INFO  server.RaftServerConfigKeys (ConfUtils.java:logGet(46)) - raft.server.log.statemachine.data.sync = true (default)
2023-12-13 18:50:12,980 [s5-impl-thread1] INFO  server.RaftServerConfigKeys (ConfUtils.java:logGet(46)) - raft.server.log.statemachine.data.sync.timeout = 10s (default)
2023-12-13 18:50:12,980 [s5-impl-thread1] INFO  server.RaftServerConfigKeys (ConfUtils.java:logGet(46)) - raft.server.log.statemachine.data.sync.timeout.retry = -1 (default)
2023-12-13 18:50:12,980 [s5-impl-thread1] INFO  server.RaftServerConfigKeys (ConfUtils.java:logGet(46)) - raft.server.log.write.buffer.size = 8MB (=8388608) (default)
2023-12-13 18:50:12,981 [s5-impl-thread1] INFO  server.RaftServerConfigKeys (ConfUtils.java:logGet(46)) - raft.server.log.appender.buffer.byte-limit = 4MB (=4194304) (default)
2023-12-13 18:50:12,981 [s5-impl-thread1] INFO  server.RaftServerConfigKeys (ConfUtils.java:logGet(46)) - raft.server.log.unsafe-flush.enabled = false (default)
2023-12-13 18:50:12,981 [s5-impl-thread1] INFO  server.RaftServerConfigKeys (ConfUtils.java:logGet(46)) - raft.server.log.async-flush.enabled = false (default)
2023-12-13 18:50:12,981 [s5-impl-thread1] INFO  server.RaftServerConfigKeys (ConfUtils.java:logGet(46)) - raft.server.log.statemachine.data.caching.enabled = false (default)
2023-12-13 18:50:12,982 [s5-impl-thread1] INFO  segmented.SegmentedRaftLogWorker (SegmentedRaftLogWorker.java:lambda$new$0(134)) - s5@group-9B3688799715-SegmentedRaftLogWorker: flushIndex: setUnconditionally 0 -> -1
2023-12-13 18:50:12,982 [s5-impl-thread1] INFO  segmented.SegmentedRaftLogWorker (SegmentedRaftLogWorker.java:lambda$new$0(134)) - s5@group-9B3688799715-SegmentedRaftLogWorker: safeCacheEvictIndex: setUnconditionally 0 -> -1
2023-12-13 18:50:12,982 [s5-impl-thread1] INFO  server.RaftServer$Division (RaftServerImpl.java:start(398)) - s5@group-9B3688799715: start with initializing state, conf=-1: peers:[]|listeners:[], old=null
2023-12-13 18:50:12,982 [s5-impl-thread1] INFO  server.RaftServer$Division (RaftServerImpl.java:setRole(379)) - s5@group-9B3688799715: changes role from      null to FOLLOWER at term 0 for startInitializing
2023-12-13 18:50:12,982 [s5-impl-thread1] INFO  util.JmxRegister (JmxRegister.java:tryRegister(44)) - Successfully registered JMX Bean with object name Ratis:service=RaftServer,group=group-9B3688799715,id=s5
2023-12-13 18:50:12,982 [s5-impl-thread1] INFO  server.RaftServerConfigKeys (ConfUtils.java:logGet(46)) - raft.server.snapshot.trigger-when-stop.enabled = true (default)
2023-12-13 18:50:12,982 [s5-impl-thread1] INFO  server.RaftServerConfigKeys (ConfUtils.java:logGet(46)) - raft.server.snapshot.auto.trigger.enabled = false (default)
2023-12-13 18:50:12,982 [s5-impl-thread1] INFO  server.RaftServerConfigKeys (ConfUtils.java:logGet(46)) - raft.server.snapshot.retention.file.num = -1 (default)
2023-12-13 18:50:12,982 [s5-impl-thread1] INFO  server.RaftServerConfigKeys (ConfUtils.java:logGet(46)) - raft.server.log.purge.upto.snapshot.index = false (default)
2023-12-13 18:50:12,982 [Time-limited test] INFO  server.RaftServer (RaftServerProxy.java:startImpl(406)) - s5: start RPC server
2023-12-13 18:50:12,983 [Time-limited test] INFO  server.GrpcService (GrpcService.java:startImpl(302)) - s5: GrpcService started, listening on 44673
2023-12-13 18:50:12,983 [JvmPauseMonitor23] INFO  util.JvmPauseMonitor (JvmPauseMonitor.java:run(146)) - JvmPauseMonitor-s5: Started
2023-12-13 18:50:12,983 [s6-impl-thread1] INFO  server.RaftServerConfigKeys (ConfUtils.java:logGet(46)) - raft.server.storage.free-space.min = 0MB (=0) (default)
2023-12-13 18:50:12,983 [s6-impl-thread1] INFO  server.RaftServerConfigKeys (ConfUtils.java:logGet(46)) - raft.server.log.corruption.policy = EXCEPTION (default)
2023-12-13 18:50:12,983 [s6-impl-thread1] INFO  server.RaftServerConfigKeys (ConfUtils.java:logGet(46)) - raft.server.storage.dir = [/home/runner/work/ratis/ratis/ratis-test/target/test/data/b8de9602/MiniRaftClusterWithGrpcac948085/s6] (custom)
2023-12-13 18:50:12,983 [s6-impl-thread1] INFO  storage.RaftStorageDirectory (RaftStorageDirectoryImpl.java:analyzeStorage(138)) - The storage directory /home/runner/work/ratis/ratis/ratis-test/target/test/data/b8de9602/MiniRaftClusterWithGrpcac948085/s6/2ad78ee0-b9d5-4766-b6d8-9b3688799715 does not exist. Creating ...
2023-12-13 18:50:12,984 [s6-impl-thread1] TRACE util.FileUtils (LogUtils.java:runAndLog(49)) - Successfully ran Files.createDirectories /home/runner/work/ratis/ratis/ratis-test/target/test/data/b8de9602/MiniRaftClusterWithGrpcac948085/s6/2ad78ee0-b9d5-4766-b6d8-9b3688799715
2023-12-13 18:50:12,984 [s6-impl-thread1] INFO  storage.RaftStorageDirectory (RaftStorageDirectoryImpl.java:tryLock(228)) - Lock on /home/runner/work/ratis/ratis/ratis-test/target/test/data/b8de9602/MiniRaftClusterWithGrpcac948085/s6/2ad78ee0-b9d5-4766-b6d8-9b3688799715/in_use.lock acquired by nodename 24599@fv-az743-812
2023-12-13 18:50:12,984 [s6-impl-thread1] TRACE util.FileUtils (LogUtils.java:runAndLog(49)) - Successfully ran Files.createDirectories /home/runner/work/ratis/ratis/ratis-test/target/test/data/b8de9602/MiniRaftClusterWithGrpcac948085/s6/2ad78ee0-b9d5-4766-b6d8-9b3688799715/current
2023-12-13 18:50:12,984 [s6-impl-thread1] TRACE util.FileUtils (LogUtils.java:runAndLog(49)) - Successfully ran Files.createDirectories /home/runner/work/ratis/ratis/ratis-test/target/test/data/b8de9602/MiniRaftClusterWithGrpcac948085/s6/2ad78ee0-b9d5-4766-b6d8-9b3688799715/sm
2023-12-13 18:50:12,984 [s6-impl-thread1] TRACE util.FileUtils (LogUtils.java:supplyAndLog(69)) - Successfully supplied FileChannel.open /home/runner/work/ratis/ratis/ratis-test/target/test/data/b8de9602/MiniRaftClusterWithGrpcac948085/s6/2ad78ee0-b9d5-4766-b6d8-9b3688799715/current/raft-meta.tmp with options [CREATE, WRITE]: sun.nio.ch.FileChannelImpl@354cd80
2023-12-13 18:50:12,985 [s6-impl-thread1] TRACE util.FileUtils (LogUtils.java:runAndLog(49)) - Successfully ran Atomic Files.move /home/runner/work/ratis/ratis/ratis-test/target/test/data/b8de9602/MiniRaftClusterWithGrpcac948085/s6/2ad78ee0-b9d5-4766-b6d8-9b3688799715/current/raft-meta.tmp to /home/runner/work/ratis/ratis/ratis-test/target/test/data/b8de9602/MiniRaftClusterWithGrpcac948085/s6/2ad78ee0-b9d5-4766-b6d8-9b3688799715/current/raft-meta with options [REPLACE_EXISTING]
2023-12-13 18:50:12,985 [s6-impl-thread1] INFO  storage.RaftStorage (RaftStorageImpl.java:format(99)) - Storage directory /home/runner/work/ratis/ratis/ratis-test/target/test/data/b8de9602/MiniRaftClusterWithGrpcac948085/s6/2ad78ee0-b9d5-4766-b6d8-9b3688799715 has been successfully formatted.
2023-12-13 18:50:12,985 [s6-impl-thread1] TRACE util.FileUtils (LogUtils.java:supplyAndLog(61)) - Failed to Files.newInputStream /home/runner/work/ratis/ratis/ratis-test/target/test/data/b8de9602/MiniRaftClusterWithGrpcac948085/s6/2ad78ee0-b9d5-4766-b6d8-9b3688799715/current/raft-meta.conf with options []
java.nio.file.NoSuchFileException: /home/runner/work/ratis/ratis/ratis-test/target/test/data/b8de9602/MiniRaftClusterWithGrpcac948085/s6/2ad78ee0-b9d5-4766-b6d8-9b3688799715/current/raft-meta.conf
	at java.base/sun.nio.fs.UnixException.translateToIOException(UnixException.java:92)
	at java.base/sun.nio.fs.UnixException.rethrowAsIOException(UnixException.java:111)
	at java.base/sun.nio.fs.UnixException.rethrowAsIOException(UnixException.java:116)
	at java.base/sun.nio.fs.UnixFileSystemProvider.newByteChannel(UnixFileSystemProvider.java:219)
	at java.base/java.nio.file.Files.newByteChannel(Files.java:371)
	at java.base/java.nio.file.Files.newByteChannel(Files.java:422)
	at java.base/java.nio.file.spi.FileSystemProvider.newInputStream(FileSystemProvider.java:420)
	at java.base/java.nio.file.Files.newInputStream(Files.java:156)
	at org.apache.ratis.util.FileUtils.lambda$newInputStream$2(FileUtils.java:73)
	at org.apache.ratis.util.LogUtils.supplyAndLog(LogUtils.java:58)
	at org.apache.ratis.util.FileUtils.newInputStream(FileUtils.java:72)
	at org.apache.ratis.util.FileUtils.newInputStream(FileUtils.java:68)
	at org.apache.ratis.server.storage.RaftStorageImpl.readRaftConfiguration(RaftStorageImpl.java:156)
	at org.apache.ratis.server.impl.ServerState.initialize(ServerState.java:141)
	at org.apache.ratis.server.impl.RaftServerImpl.start(RaftServerImpl.java:388)
	at org.apache.ratis.util.ConcurrentUtils.accept(ConcurrentUtils.java:203)
	at org.apache.ratis.util.ConcurrentUtils.lambda$parallelForEachAsync$4(ConcurrentUtils.java:182)
	at java.base/java.util.concurrent.ThreadPoolExecutor.runWorker(ThreadPoolExecutor.java:1128)
	at java.base/java.util.concurrent.ThreadPoolExecutor$Worker.run(ThreadPoolExecutor.java:628)
	at java.base/java.lang.Thread.run(Thread.java:829)
2023-12-13 18:50:12,985 [s6-impl-thread1] INFO  server.RaftServerConfigKeys (ConfUtils.java:logGet(46)) - raft.server.log.use.memory = false (default)
2023-12-13 18:50:12,985 [s6-impl-thread1] INFO  server.RaftServerConfigKeys (ConfUtils.java:logGet(46)) - raft.server.log.purge.gap = 1024 (default)
2023-12-13 18:50:12,985 [s6-impl-thread1] INFO  server.RaftServerConfigKeys (ConfUtils.java:logGet(46)) - raft.server.log.appender.buffer.byte-limit = 4MB (=4194304) (default)
2023-12-13 18:50:12,985 [s6-impl-thread1] INFO  server.RaftServerConfigKeys (ConfUtils.java:logGet(46)) - raft.server.log.statemachine.data.read.timeout = 1000ms (default)
2023-12-13 18:50:12,985 [s6-impl-thread1] INFO  server.RaftServerConfigKeys (ConfUtils.java:logGet(46)) - raft.server.log.purge.preservation.log.num = 0 (default)
2023-12-13 18:50:12,986 [s6-impl-thread1] INFO  server.RaftServerConfigKeys (ConfUtils.java:logGet(46)) - raft.server.log.segment.size.max = 32MB (=33554432) (default)
2023-12-13 18:50:12,986 [s6-impl-thread1] INFO  server.RaftServerConfigKeys (ConfUtils.java:logGet(46)) - raft.server.log.segment.cache.num.max = 6 (default)
2023-12-13 18:50:12,986 [s6-impl-thread1] INFO  server.RaftServerConfigKeys (ConfUtils.java:logGet(46)) - raft.server.log.segment.cache.size.max = 200MB (=209715200) (default)
2023-12-13 18:50:12,986 [s6-impl-thread1] INFO  server.RaftServerConfigKeys (ConfUtils.java:logGet(46)) - raft.server.log.appender.buffer.byte-limit = 4MB (=4194304) (default)
2023-12-13 18:50:12,986 [s6-impl-thread1] INFO  util.AwaitToRun (AwaitToRun.java:start(81)) - Thread[s6@group-9B3688799715-cacheEviction-AwaitToRun,5,main] started
2023-12-13 18:50:12,986 [s6-impl-thread1] INFO  segmented.SegmentedRaftLogWorker (SegmentedRaftLogWorker.java:<init>(182)) - new s6@group-9B3688799715-SegmentedRaftLogWorker for RaftStorageImpl:Storage Directory /home/runner/work/ratis/ratis/ratis-test/target/test/data/b8de9602/MiniRaftClusterWithGrpcac948085/s6/2ad78ee0-b9d5-4766-b6d8-9b3688799715
2023-12-13 18:50:12,986 [s6-impl-thread1] INFO  server.RaftServerConfigKeys (ConfUtils.java:logGet(46)) - raft.server.log.queue.byte-limit = 64MB (=67108864) (default)
2023-12-13 18:50:12,986 [s6-impl-thread1] INFO  server.RaftServerConfigKeys (ConfUtils.java:logGet(46)) - raft.server.log.queue.element-limit = 4096 (default)
2023-12-13 18:50:12,986 [s6-impl-thread1] INFO  server.RaftServerConfigKeys (ConfUtils.java:logGet(46)) - raft.server.log.segment.size.max = 32MB (=33554432) (default)
2023-12-13 18:50:12,986 [s6-impl-thread1] INFO  server.RaftServerConfigKeys (ConfUtils.java:logGet(46)) - raft.server.log.preallocated.size = 4MB (=4194304) (default)
2023-12-13 18:50:12,986 [s6-impl-thread1] INFO  server.RaftServerConfigKeys (ConfUtils.java:logGet(46)) - raft.server.log.force.sync.num = 128 (default)
2023-12-13 18:50:12,986 [s6-impl-thread1] INFO  server.RaftServerConfigKeys (ConfUtils.java:logGet(46)) - raft.server.log.statemachine.data.sync = true (default)
2023-12-13 18:50:12,986 [s6-impl-thread1] INFO  server.RaftServerConfigKeys (ConfUtils.java:logGet(46)) - raft.server.log.statemachine.data.sync.timeout = 10s (default)
2023-12-13 18:50:12,986 [s6-impl-thread1] INFO  server.RaftServerConfigKeys (ConfUtils.java:logGet(46)) - raft.server.log.statemachine.data.sync.timeout.retry = -1 (default)
2023-12-13 18:50:12,986 [s6-impl-thread1] INFO  server.RaftServerConfigKeys (ConfUtils.java:logGet(46)) - raft.server.log.write.buffer.size = 8MB (=8388608) (default)
2023-12-13 18:50:12,987 [s6-impl-thread1] INFO  server.RaftServerConfigKeys (ConfUtils.java:logGet(46)) - raft.server.log.appender.buffer.byte-limit = 4MB (=4194304) (default)
2023-12-13 18:50:12,987 [s6-impl-thread1] INFO  server.RaftServerConfigKeys (ConfUtils.java:logGet(46)) - raft.server.log.unsafe-flush.enabled = false (default)
2023-12-13 18:50:12,987 [s6-impl-thread1] INFO  server.RaftServerConfigKeys (ConfUtils.java:logGet(46)) - raft.server.log.async-flush.enabled = false (default)
2023-12-13 18:50:12,987 [s6-impl-thread1] INFO  server.RaftServerConfigKeys (ConfUtils.java:logGet(46)) - raft.server.log.statemachine.data.caching.enabled = false (default)
2023-12-13 18:50:12,987 [s6-impl-thread1] INFO  segmented.SegmentedRaftLogWorker (SegmentedRaftLogWorker.java:lambda$new$0(134)) - s6@group-9B3688799715-SegmentedRaftLogWorker: flushIndex: setUnconditionally 0 -> -1
2023-12-13 18:50:12,987 [s6-impl-thread1] INFO  segmented.SegmentedRaftLogWorker (SegmentedRaftLogWorker.java:lambda$new$0(134)) - s6@group-9B3688799715-SegmentedRaftLogWorker: safeCacheEvictIndex: setUnconditionally 0 -> -1
2023-12-13 18:50:12,988 [s6-impl-thread1] INFO  server.RaftServer$Division (RaftServerImpl.java:start(398)) - s6@group-9B3688799715: start with initializing state, conf=-1: peers:[]|listeners:[], old=null
2023-12-13 18:50:12,988 [s6-impl-thread1] INFO  server.RaftServer$Division (RaftServerImpl.java:setRole(379)) - s6@group-9B3688799715: changes role from      null to FOLLOWER at term 0 for startInitializing
2023-12-13 18:50:12,988 [s6-impl-thread1] INFO  util.JmxRegister (JmxRegister.java:tryRegister(44)) - Successfully registered JMX Bean with object name Ratis:service=RaftServer,group=group-9B3688799715,id=s6
2023-12-13 18:50:12,988 [s6-impl-thread1] INFO  server.RaftServerConfigKeys (ConfUtils.java:logGet(46)) - raft.server.snapshot.trigger-when-stop.enabled = true (default)
2023-12-13 18:50:12,988 [s6-impl-thread1] INFO  server.RaftServerConfigKeys (ConfUtils.java:logGet(46)) - raft.server.snapshot.auto.trigger.enabled = false (default)
2023-12-13 18:50:12,988 [s6-impl-thread1] INFO  server.RaftServerConfigKeys (ConfUtils.java:logGet(46)) - raft.server.snapshot.retention.file.num = -1 (default)
2023-12-13 18:50:12,988 [s6-impl-thread1] INFO  server.RaftServerConfigKeys (ConfUtils.java:logGet(46)) - raft.server.log.purge.upto.snapshot.index = false (default)
2023-12-13 18:50:12,988 [Time-limited test] INFO  server.RaftServer (RaftServerProxy.java:startImpl(406)) - s6: start RPC server
2023-12-13 18:50:12,988 [Time-limited test] INFO  server.GrpcService (GrpcService.java:startImpl(302)) - s6: GrpcService started, listening on 34623
2023-12-13 18:50:12,989 [JvmPauseMonitor24] INFO  util.JvmPauseMonitor (JvmPauseMonitor.java:run(146)) - JvmPauseMonitor-s6: Started
2023-12-13 18:50:12,989 [s7-impl-thread1] INFO  server.RaftServerConfigKeys (ConfUtils.java:logGet(46)) - raft.server.storage.free-space.min = 0MB (=0) (default)
2023-12-13 18:50:12,989 [s7-impl-thread1] INFO  server.RaftServerConfigKeys (ConfUtils.java:logGet(46)) - raft.server.log.corruption.policy = EXCEPTION (default)
2023-12-13 18:50:12,989 [s7-impl-thread1] INFO  server.RaftServerConfigKeys (ConfUtils.java:logGet(46)) - raft.server.storage.dir = [/home/runner/work/ratis/ratis/ratis-test/target/test/data/b8de9602/MiniRaftClusterWithGrpcac948085/s7] (custom)
2023-12-13 18:50:12,989 [s7-impl-thread1] INFO  storage.RaftStorageDirectory (RaftStorageDirectoryImpl.java:analyzeStorage(138)) - The storage directory /home/runner/work/ratis/ratis/ratis-test/target/test/data/b8de9602/MiniRaftClusterWithGrpcac948085/s7/2ad78ee0-b9d5-4766-b6d8-9b3688799715 does not exist. Creating ...
2023-12-13 18:50:12,989 [s7-impl-thread1] TRACE util.FileUtils (LogUtils.java:runAndLog(49)) - Successfully ran Files.createDirectories /home/runner/work/ratis/ratis/ratis-test/target/test/data/b8de9602/MiniRaftClusterWithGrpcac948085/s7/2ad78ee0-b9d5-4766-b6d8-9b3688799715
2023-12-13 18:50:12,990 [s7-impl-thread1] INFO  storage.RaftStorageDirectory (RaftStorageDirectoryImpl.java:tryLock(228)) - Lock on /home/runner/work/ratis/ratis/ratis-test/target/test/data/b8de9602/MiniRaftClusterWithGrpcac948085/s7/2ad78ee0-b9d5-4766-b6d8-9b3688799715/in_use.lock acquired by nodename 24599@fv-az743-812
2023-12-13 18:50:12,990 [s7-impl-thread1] TRACE util.FileUtils (LogUtils.java:runAndLog(49)) - Successfully ran Files.createDirectories /home/runner/work/ratis/ratis/ratis-test/target/test/data/b8de9602/MiniRaftClusterWithGrpcac948085/s7/2ad78ee0-b9d5-4766-b6d8-9b3688799715/current
2023-12-13 18:50:12,990 [s7-impl-thread1] TRACE util.FileUtils (LogUtils.java:runAndLog(49)) - Successfully ran Files.createDirectories /home/runner/work/ratis/ratis/ratis-test/target/test/data/b8de9602/MiniRaftClusterWithGrpcac948085/s7/2ad78ee0-b9d5-4766-b6d8-9b3688799715/sm
2023-12-13 18:50:12,990 [s7-impl-thread1] TRACE util.FileUtils (LogUtils.java:supplyAndLog(69)) - Successfully supplied FileChannel.open /home/runner/work/ratis/ratis/ratis-test/target/test/data/b8de9602/MiniRaftClusterWithGrpcac948085/s7/2ad78ee0-b9d5-4766-b6d8-9b3688799715/current/raft-meta.tmp with options [CREATE, WRITE]: sun.nio.ch.FileChannelImpl@37a1a430
2023-12-13 18:50:12,991 [s7-impl-thread1] TRACE util.FileUtils (LogUtils.java:runAndLog(49)) - Successfully ran Atomic Files.move /home/runner/work/ratis/ratis/ratis-test/target/test/data/b8de9602/MiniRaftClusterWithGrpcac948085/s7/2ad78ee0-b9d5-4766-b6d8-9b3688799715/current/raft-meta.tmp to /home/runner/work/ratis/ratis/ratis-test/target/test/data/b8de9602/MiniRaftClusterWithGrpcac948085/s7/2ad78ee0-b9d5-4766-b6d8-9b3688799715/current/raft-meta with options [REPLACE_EXISTING]
2023-12-13 18:50:12,991 [s7-impl-thread1] INFO  storage.RaftStorage (RaftStorageImpl.java:format(99)) - Storage directory /home/runner/work/ratis/ratis/ratis-test/target/test/data/b8de9602/MiniRaftClusterWithGrpcac948085/s7/2ad78ee0-b9d5-4766-b6d8-9b3688799715 has been successfully formatted.
2023-12-13 18:50:12,991 [s7-impl-thread1] TRACE util.FileUtils (LogUtils.java:supplyAndLog(61)) - Failed to Files.newInputStream /home/runner/work/ratis/ratis/ratis-test/target/test/data/b8de9602/MiniRaftClusterWithGrpcac948085/s7/2ad78ee0-b9d5-4766-b6d8-9b3688799715/current/raft-meta.conf with options []
java.nio.file.NoSuchFileException: /home/runner/work/ratis/ratis/ratis-test/target/test/data/b8de9602/MiniRaftClusterWithGrpcac948085/s7/2ad78ee0-b9d5-4766-b6d8-9b3688799715/current/raft-meta.conf
	at java.base/sun.nio.fs.UnixException.translateToIOException(UnixException.java:92)
	at java.base/sun.nio.fs.UnixException.rethrowAsIOException(UnixException.java:111)
	at java.base/sun.nio.fs.UnixException.rethrowAsIOException(UnixException.java:116)
	at java.base/sun.nio.fs.UnixFileSystemProvider.newByteChannel(UnixFileSystemProvider.java:219)
	at java.base/java.nio.file.Files.newByteChannel(Files.java:371)
	at java.base/java.nio.file.Files.newByteChannel(Files.java:422)
	at java.base/java.nio.file.spi.FileSystemProvider.newInputStream(FileSystemProvider.java:420)
	at java.base/java.nio.file.Files.newInputStream(Files.java:156)
	at org.apache.ratis.util.FileUtils.lambda$newInputStream$2(FileUtils.java:73)
	at org.apache.ratis.util.LogUtils.supplyAndLog(LogUtils.java:58)
	at org.apache.ratis.util.FileUtils.newInputStream(FileUtils.java:72)
	at org.apache.ratis.util.FileUtils.newInputStream(FileUtils.java:68)
	at org.apache.ratis.server.storage.RaftStorageImpl.readRaftConfiguration(RaftStorageImpl.java:156)
	at org.apache.ratis.server.impl.ServerState.initialize(ServerState.java:141)
	at org.apache.ratis.server.impl.RaftServerImpl.start(RaftServerImpl.java:388)
	at org.apache.ratis.util.ConcurrentUtils.accept(ConcurrentUtils.java:203)
	at org.apache.ratis.util.ConcurrentUtils.lambda$parallelForEachAsync$4(ConcurrentUtils.java:182)
	at java.base/java.util.concurrent.ThreadPoolExecutor.runWorker(ThreadPoolExecutor.java:1128)
	at java.base/java.util.concurrent.ThreadPoolExecutor$Worker.run(ThreadPoolExecutor.java:628)
	at java.base/java.lang.Thread.run(Thread.java:829)
2023-12-13 18:50:12,991 [s7-impl-thread1] INFO  server.RaftServerConfigKeys (ConfUtils.java:logGet(46)) - raft.server.log.use.memory = false (default)
2023-12-13 18:50:12,992 [s7-impl-thread1] INFO  server.RaftServerConfigKeys (ConfUtils.java:logGet(46)) - raft.server.log.purge.gap = 1024 (default)
2023-12-13 18:50:12,992 [s7-impl-thread1] INFO  server.RaftServerConfigKeys (ConfUtils.java:logGet(46)) - raft.server.log.appender.buffer.byte-limit = 4MB (=4194304) (default)
2023-12-13 18:50:12,992 [s7-impl-thread1] INFO  server.RaftServerConfigKeys (ConfUtils.java:logGet(46)) - raft.server.log.statemachine.data.read.timeout = 1000ms (default)
2023-12-13 18:50:12,992 [s7-impl-thread1] INFO  server.RaftServerConfigKeys (ConfUtils.java:logGet(46)) - raft.server.log.purge.preservation.log.num = 0 (default)
2023-12-13 18:50:12,992 [s7-impl-thread1] INFO  server.RaftServerConfigKeys (ConfUtils.java:logGet(46)) - raft.server.log.segment.size.max = 32MB (=33554432) (default)
2023-12-13 18:50:12,992 [s7-impl-thread1] INFO  server.RaftServerConfigKeys (ConfUtils.java:logGet(46)) - raft.server.log.segment.cache.num.max = 6 (default)
2023-12-13 18:50:12,992 [s7-impl-thread1] INFO  server.RaftServerConfigKeys (ConfUtils.java:logGet(46)) - raft.server.log.segment.cache.size.max = 200MB (=209715200) (default)
2023-12-13 18:50:12,992 [s7-impl-thread1] INFO  server.RaftServerConfigKeys (ConfUtils.java:logGet(46)) - raft.server.log.appender.buffer.byte-limit = 4MB (=4194304) (default)
2023-12-13 18:50:12,992 [s7-impl-thread1] INFO  util.AwaitToRun (AwaitToRun.java:start(81)) - Thread[s7@group-9B3688799715-cacheEviction-AwaitToRun,5,main] started
2023-12-13 18:50:12,992 [s7-impl-thread1] INFO  segmented.SegmentedRaftLogWorker (SegmentedRaftLogWorker.java:<init>(182)) - new s7@group-9B3688799715-SegmentedRaftLogWorker for RaftStorageImpl:Storage Directory /home/runner/work/ratis/ratis/ratis-test/target/test/data/b8de9602/MiniRaftClusterWithGrpcac948085/s7/2ad78ee0-b9d5-4766-b6d8-9b3688799715
2023-12-13 18:50:12,992 [s7-impl-thread1] INFO  server.RaftServerConfigKeys (ConfUtils.java:logGet(46)) - raft.server.log.queue.byte-limit = 64MB (=67108864) (default)
2023-12-13 18:50:12,992 [s7-impl-thread1] INFO  server.RaftServerConfigKeys (ConfUtils.java:logGet(46)) - raft.server.log.queue.element-limit = 4096 (default)
2023-12-13 18:50:12,992 [s7-impl-thread1] INFO  server.RaftServerConfigKeys (ConfUtils.java:logGet(46)) - raft.server.log.segment.size.max = 32MB (=33554432) (default)
2023-12-13 18:50:12,992 [s7-impl-thread1] INFO  server.RaftServerConfigKeys (ConfUtils.java:logGet(46)) - raft.server.log.preallocated.size = 4MB (=4194304) (default)
2023-12-13 18:50:12,992 [s7-impl-thread1] INFO  server.RaftServerConfigKeys (ConfUtils.java:logGet(46)) - raft.server.log.force.sync.num = 128 (default)
2023-12-13 18:50:12,992 [s7-impl-thread1] INFO  server.RaftServerConfigKeys (ConfUtils.java:logGet(46)) - raft.server.log.statemachine.data.sync = true (default)
2023-12-13 18:50:12,992 [s7-impl-thread1] INFO  server.RaftServerConfigKeys (ConfUtils.java:logGet(46)) - raft.server.log.statemachine.data.sync.timeout = 10s (default)
2023-12-13 18:50:12,992 [s7-impl-thread1] INFO  server.RaftServerConfigKeys (ConfUtils.java:logGet(46)) - raft.server.log.statemachine.data.sync.timeout.retry = -1 (default)
2023-12-13 18:50:12,992 [s7-impl-thread1] INFO  server.RaftServerConfigKeys (ConfUtils.java:logGet(46)) - raft.server.log.write.buffer.size = 8MB (=8388608) (default)
2023-12-13 18:50:12,993 [s7-impl-thread1] INFO  server.RaftServerConfigKeys (ConfUtils.java:logGet(46)) - raft.server.log.appender.buffer.byte-limit = 4MB (=4194304) (default)
2023-12-13 18:50:12,994 [s7-impl-thread1] INFO  server.RaftServerConfigKeys (ConfUtils.java:logGet(46)) - raft.server.log.unsafe-flush.enabled = false (default)
2023-12-13 18:50:12,994 [s7-impl-thread1] INFO  server.RaftServerConfigKeys (ConfUtils.java:logGet(46)) - raft.server.log.async-flush.enabled = false (default)
2023-12-13 18:50:12,994 [s7-impl-thread1] INFO  server.RaftServerConfigKeys (ConfUtils.java:logGet(46)) - raft.server.log.statemachine.data.caching.enabled = false (default)
2023-12-13 18:50:12,994 [s7-impl-thread1] INFO  segmented.SegmentedRaftLogWorker (SegmentedRaftLogWorker.java:lambda$new$0(134)) - s7@group-9B3688799715-SegmentedRaftLogWorker: flushIndex: setUnconditionally 0 -> -1
2023-12-13 18:50:12,994 [s7-impl-thread1] INFO  segmented.SegmentedRaftLogWorker (SegmentedRaftLogWorker.java:lambda$new$0(134)) - s7@group-9B3688799715-SegmentedRaftLogWorker: safeCacheEvictIndex: setUnconditionally 0 -> -1
2023-12-13 18:50:12,994 [s7-impl-thread1] INFO  server.RaftServer$Division (RaftServerImpl.java:start(398)) - s7@group-9B3688799715: start with initializing state, conf=-1: peers:[]|listeners:[], old=null
2023-12-13 18:50:12,994 [s7-impl-thread1] INFO  server.RaftServer$Division (RaftServerImpl.java:setRole(379)) - s7@group-9B3688799715: changes role from      null to FOLLOWER at term 0 for startInitializing
2023-12-13 18:50:12,994 [s7-impl-thread1] INFO  util.JmxRegister (JmxRegister.java:tryRegister(44)) - Successfully registered JMX Bean with object name Ratis:service=RaftServer,group=group-9B3688799715,id=s7
2023-12-13 18:50:12,994 [s7-impl-thread1] INFO  server.RaftServerConfigKeys (ConfUtils.java:logGet(46)) - raft.server.snapshot.trigger-when-stop.enabled = true (default)
2023-12-13 18:50:12,994 [s7-impl-thread1] INFO  server.RaftServerConfigKeys (ConfUtils.java:logGet(46)) - raft.server.snapshot.auto.trigger.enabled = false (default)
2023-12-13 18:50:12,994 [s7-impl-thread1] INFO  server.RaftServerConfigKeys (ConfUtils.java:logGet(46)) - raft.server.snapshot.retention.file.num = -1 (default)
2023-12-13 18:50:12,994 [s7-impl-thread1] INFO  server.RaftServerConfigKeys (ConfUtils.java:logGet(46)) - raft.server.log.purge.upto.snapshot.index = false (default)
2023-12-13 18:50:12,994 [Time-limited test] INFO  server.RaftServer (RaftServerProxy.java:startImpl(406)) - s7: start RPC server
2023-12-13 18:50:12,995 [Time-limited test] INFO  server.GrpcService (GrpcService.java:startImpl(302)) - s7: GrpcService started, listening on 45125
2023-12-13 18:50:12,995 [s8-impl-thread1] INFO  server.RaftServerConfigKeys (ConfUtils.java:logGet(46)) - raft.server.storage.free-space.min = 0MB (=0) (default)
2023-12-13 18:50:12,995 [s8-impl-thread1] INFO  server.RaftServerConfigKeys (ConfUtils.java:logGet(46)) - raft.server.log.corruption.policy = EXCEPTION (default)
2023-12-13 18:50:12,995 [s8-impl-thread1] INFO  server.RaftServerConfigKeys (ConfUtils.java:logGet(46)) - raft.server.storage.dir = [/home/runner/work/ratis/ratis/ratis-test/target/test/data/b8de9602/MiniRaftClusterWithGrpcac948085/s8] (custom)
2023-12-13 18:50:12,995 [s8-impl-thread1] INFO  storage.RaftStorageDirectory (RaftStorageDirectoryImpl.java:analyzeStorage(138)) - The storage directory /home/runner/work/ratis/ratis/ratis-test/target/test/data/b8de9602/MiniRaftClusterWithGrpcac948085/s8/2ad78ee0-b9d5-4766-b6d8-9b3688799715 does not exist. Creating ...
2023-12-13 18:50:12,996 [s8-impl-thread1] TRACE util.FileUtils (LogUtils.java:runAndLog(49)) - Successfully ran Files.createDirectories /home/runner/work/ratis/ratis/ratis-test/target/test/data/b8de9602/MiniRaftClusterWithGrpcac948085/s8/2ad78ee0-b9d5-4766-b6d8-9b3688799715
2023-12-13 18:50:12,996 [JvmPauseMonitor25] INFO  util.JvmPauseMonitor (JvmPauseMonitor.java:run(146)) - JvmPauseMonitor-s7: Started
2023-12-13 18:50:12,996 [s8-impl-thread1] INFO  storage.RaftStorageDirectory (RaftStorageDirectoryImpl.java:tryLock(228)) - Lock on /home/runner/work/ratis/ratis/ratis-test/target/test/data/b8de9602/MiniRaftClusterWithGrpcac948085/s8/2ad78ee0-b9d5-4766-b6d8-9b3688799715/in_use.lock acquired by nodename 24599@fv-az743-812
2023-12-13 18:50:12,997 [s8-impl-thread1] TRACE util.FileUtils (LogUtils.java:runAndLog(49)) - Successfully ran Files.createDirectories /home/runner/work/ratis/ratis/ratis-test/target/test/data/b8de9602/MiniRaftClusterWithGrpcac948085/s8/2ad78ee0-b9d5-4766-b6d8-9b3688799715/current
2023-12-13 18:50:12,997 [s8-impl-thread1] TRACE util.FileUtils (LogUtils.java:runAndLog(49)) - Successfully ran Files.createDirectories /home/runner/work/ratis/ratis/ratis-test/target/test/data/b8de9602/MiniRaftClusterWithGrpcac948085/s8/2ad78ee0-b9d5-4766-b6d8-9b3688799715/sm
2023-12-13 18:50:12,997 [s8-impl-thread1] TRACE util.FileUtils (LogUtils.java:supplyAndLog(69)) - Successfully supplied FileChannel.open /home/runner/work/ratis/ratis/ratis-test/target/test/data/b8de9602/MiniRaftClusterWithGrpcac948085/s8/2ad78ee0-b9d5-4766-b6d8-9b3688799715/current/raft-meta.tmp with options [CREATE, WRITE]: sun.nio.ch.FileChannelImpl@3e96120f
2023-12-13 18:50:12,998 [s8-impl-thread1] TRACE util.FileUtils (LogUtils.java:runAndLog(49)) - Successfully ran Atomic Files.move /home/runner/work/ratis/ratis/ratis-test/target/test/data/b8de9602/MiniRaftClusterWithGrpcac948085/s8/2ad78ee0-b9d5-4766-b6d8-9b3688799715/current/raft-meta.tmp to /home/runner/work/ratis/ratis/ratis-test/target/test/data/b8de9602/MiniRaftClusterWithGrpcac948085/s8/2ad78ee0-b9d5-4766-b6d8-9b3688799715/current/raft-meta with options [REPLACE_EXISTING]
2023-12-13 18:50:12,998 [s8-impl-thread1] INFO  storage.RaftStorage (RaftStorageImpl.java:format(99)) - Storage directory /home/runner/work/ratis/ratis/ratis-test/target/test/data/b8de9602/MiniRaftClusterWithGrpcac948085/s8/2ad78ee0-b9d5-4766-b6d8-9b3688799715 has been successfully formatted.
2023-12-13 18:50:12,998 [s8-impl-thread1] TRACE util.FileUtils (LogUtils.java:supplyAndLog(61)) - Failed to Files.newInputStream /home/runner/work/ratis/ratis/ratis-test/target/test/data/b8de9602/MiniRaftClusterWithGrpcac948085/s8/2ad78ee0-b9d5-4766-b6d8-9b3688799715/current/raft-meta.conf with options []
java.nio.file.NoSuchFileException: /home/runner/work/ratis/ratis/ratis-test/target/test/data/b8de9602/MiniRaftClusterWithGrpcac948085/s8/2ad78ee0-b9d5-4766-b6d8-9b3688799715/current/raft-meta.conf
	at java.base/sun.nio.fs.UnixException.translateToIOException(UnixException.java:92)
	at java.base/sun.nio.fs.UnixException.rethrowAsIOException(UnixException.java:111)
	at java.base/sun.nio.fs.UnixException.rethrowAsIOException(UnixException.java:116)
	at java.base/sun.nio.fs.UnixFileSystemProvider.newByteChannel(UnixFileSystemProvider.java:219)
	at java.base/java.nio.file.Files.newByteChannel(Files.java:371)
	at java.base/java.nio.file.Files.newByteChannel(Files.java:422)
	at java.base/java.nio.file.spi.FileSystemProvider.newInputStream(FileSystemProvider.java:420)
	at java.base/java.nio.file.Files.newInputStream(Files.java:156)
	at org.apache.ratis.util.FileUtils.lambda$newInputStream$2(FileUtils.java:73)
	at org.apache.ratis.util.LogUtils.supplyAndLog(LogUtils.java:58)
	at org.apache.ratis.util.FileUtils.newInputStream(FileUtils.java:72)
	at org.apache.ratis.util.FileUtils.newInputStream(FileUtils.java:68)
	at org.apache.ratis.server.storage.RaftStorageImpl.readRaftConfiguration(RaftStorageImpl.java:156)
	at org.apache.ratis.server.impl.ServerState.initialize(ServerState.java:141)
	at org.apache.ratis.server.impl.RaftServerImpl.start(RaftServerImpl.java:388)
	at org.apache.ratis.util.ConcurrentUtils.accept(ConcurrentUtils.java:203)
	at org.apache.ratis.util.ConcurrentUtils.lambda$parallelForEachAsync$4(ConcurrentUtils.java:182)
	at java.base/java.util.concurrent.ThreadPoolExecutor.runWorker(ThreadPoolExecutor.java:1128)
	at java.base/java.util.concurrent.ThreadPoolExecutor$Worker.run(ThreadPoolExecutor.java:628)
	at java.base/java.lang.Thread.run(Thread.java:829)
2023-12-13 18:50:12,998 [s8-impl-thread1] INFO  server.RaftServerConfigKeys (ConfUtils.java:logGet(46)) - raft.server.log.use.memory = false (default)
2023-12-13 18:50:12,998 [s8-impl-thread1] INFO  server.RaftServerConfigKeys (ConfUtils.java:logGet(46)) - raft.server.log.purge.gap = 1024 (default)
2023-12-13 18:50:12,998 [s8-impl-thread1] INFO  server.RaftServerConfigKeys (ConfUtils.java:logGet(46)) - raft.server.log.appender.buffer.byte-limit = 4MB (=4194304) (default)
2023-12-13 18:50:12,998 [s8-impl-thread1] INFO  server.RaftServerConfigKeys (ConfUtils.java:logGet(46)) - raft.server.log.statemachine.data.read.timeout = 1000ms (default)
2023-12-13 18:50:12,998 [s8-impl-thread1] INFO  server.RaftServerConfigKeys (ConfUtils.java:logGet(46)) - raft.server.log.purge.preservation.log.num = 0 (default)
2023-12-13 18:50:12,998 [s8-impl-thread1] INFO  server.RaftServerConfigKeys (ConfUtils.java:logGet(46)) - raft.server.log.segment.size.max = 32MB (=33554432) (default)
2023-12-13 18:50:12,998 [s8-impl-thread1] INFO  server.RaftServerConfigKeys (ConfUtils.java:logGet(46)) - raft.server.log.segment.cache.num.max = 6 (default)
2023-12-13 18:50:12,998 [s8-impl-thread1] INFO  server.RaftServerConfigKeys (ConfUtils.java:logGet(46)) - raft.server.log.segment.cache.size.max = 200MB (=209715200) (default)
2023-12-13 18:50:12,998 [s8-impl-thread1] INFO  server.RaftServerConfigKeys (ConfUtils.java:logGet(46)) - raft.server.log.appender.buffer.byte-limit = 4MB (=4194304) (default)
2023-12-13 18:50:12,998 [s8-impl-thread1] INFO  util.AwaitToRun (AwaitToRun.java:start(81)) - Thread[s8@group-9B3688799715-cacheEviction-AwaitToRun,5,main] started
2023-12-13 18:50:12,999 [s8-impl-thread1] INFO  segmented.SegmentedRaftLogWorker (SegmentedRaftLogWorker.java:<init>(182)) - new s8@group-9B3688799715-SegmentedRaftLogWorker for RaftStorageImpl:Storage Directory /home/runner/work/ratis/ratis/ratis-test/target/test/data/b8de9602/MiniRaftClusterWithGrpcac948085/s8/2ad78ee0-b9d5-4766-b6d8-9b3688799715
2023-12-13 18:50:12,999 [s8-impl-thread1] INFO  server.RaftServerConfigKeys (ConfUtils.java:logGet(46)) - raft.server.log.queue.byte-limit = 64MB (=67108864) (default)
2023-12-13 18:50:12,999 [s8-impl-thread1] INFO  server.RaftServerConfigKeys (ConfUtils.java:logGet(46)) - raft.server.log.queue.element-limit = 4096 (default)
2023-12-13 18:50:12,999 [s8-impl-thread1] INFO  server.RaftServerConfigKeys (ConfUtils.java:logGet(46)) - raft.server.log.segment.size.max = 32MB (=33554432) (default)
2023-12-13 18:50:12,999 [s8-impl-thread1] INFO  server.RaftServerConfigKeys (ConfUtils.java:logGet(46)) - raft.server.log.preallocated.size = 4MB (=4194304) (default)
2023-12-13 18:50:12,999 [s8-impl-thread1] INFO  server.RaftServerConfigKeys (ConfUtils.java:logGet(46)) - raft.server.log.force.sync.num = 128 (default)
2023-12-13 18:50:12,999 [s8-impl-thread1] INFO  server.RaftServerConfigKeys (ConfUtils.java:logGet(46)) - raft.server.log.statemachine.data.sync = true (default)
2023-12-13 18:50:12,999 [s8-impl-thread1] INFO  server.RaftServerConfigKeys (ConfUtils.java:logGet(46)) - raft.server.log.statemachine.data.sync.timeout = 10s (default)
2023-12-13 18:50:12,999 [s8-impl-thread1] INFO  server.RaftServerConfigKeys (ConfUtils.java:logGet(46)) - raft.server.log.statemachine.data.sync.timeout.retry = -1 (default)
2023-12-13 18:50:12,999 [s8-impl-thread1] INFO  server.RaftServerConfigKeys (ConfUtils.java:logGet(46)) - raft.server.log.write.buffer.size = 8MB (=8388608) (default)
2023-12-13 18:50:13,000 [s8-impl-thread1] INFO  server.RaftServerConfigKeys (ConfUtils.java:logGet(46)) - raft.server.log.appender.buffer.byte-limit = 4MB (=4194304) (default)
2023-12-13 18:50:13,000 [s8-impl-thread1] INFO  server.RaftServerConfigKeys (ConfUtils.java:logGet(46)) - raft.server.log.unsafe-flush.enabled = false (default)
2023-12-13 18:50:13,000 [s8-impl-thread1] INFO  server.RaftServerConfigKeys (ConfUtils.java:logGet(46)) - raft.server.log.async-flush.enabled = false (default)
2023-12-13 18:50:13,000 [s8-impl-thread1] INFO  server.RaftServerConfigKeys (ConfUtils.java:logGet(46)) - raft.server.log.statemachine.data.caching.enabled = false (default)
2023-12-13 18:50:13,000 [s8-impl-thread1] INFO  segmented.SegmentedRaftLogWorker (SegmentedRaftLogWorker.java:lambda$new$0(134)) - s8@group-9B3688799715-SegmentedRaftLogWorker: flushIndex: setUnconditionally 0 -> -1
2023-12-13 18:50:13,000 [s8-impl-thread1] INFO  segmented.SegmentedRaftLogWorker (SegmentedRaftLogWorker.java:lambda$new$0(134)) - s8@group-9B3688799715-SegmentedRaftLogWorker: safeCacheEvictIndex: setUnconditionally 0 -> -1
2023-12-13 18:50:13,000 [s8-impl-thread1] INFO  server.RaftServer$Division (RaftServerImpl.java:start(398)) - s8@group-9B3688799715: start with initializing state, conf=-1: peers:[]|listeners:[], old=null
2023-12-13 18:50:13,000 [s8-impl-thread1] INFO  server.RaftServer$Division (RaftServerImpl.java:setRole(379)) - s8@group-9B3688799715: changes role from      null to FOLLOWER at term 0 for startInitializing
2023-12-13 18:50:13,001 [s8-impl-thread1] INFO  util.JmxRegister (JmxRegister.java:tryRegister(44)) - Successfully registered JMX Bean with object name Ratis:service=RaftServer,group=group-9B3688799715,id=s8
2023-12-13 18:50:13,001 [s8-impl-thread1] INFO  server.RaftServerConfigKeys (ConfUtils.java:logGet(46)) - raft.server.snapshot.trigger-when-stop.enabled = true (default)
2023-12-13 18:50:13,001 [s8-impl-thread1] INFO  server.RaftServerConfigKeys (ConfUtils.java:logGet(46)) - raft.server.snapshot.auto.trigger.enabled = false (default)
2023-12-13 18:50:13,001 [s8-impl-thread1] INFO  server.RaftServerConfigKeys (ConfUtils.java:logGet(46)) - raft.server.snapshot.retention.file.num = -1 (default)
2023-12-13 18:50:13,001 [s8-impl-thread1] INFO  server.RaftServerConfigKeys (ConfUtils.java:logGet(46)) - raft.server.log.purge.upto.snapshot.index = false (default)
2023-12-13 18:50:13,001 [Time-limited test] INFO  server.RaftServer (RaftServerProxy.java:startImpl(406)) - s8: start RPC server
2023-12-13 18:50:13,001 [Time-limited test] INFO  server.GrpcService (GrpcService.java:startImpl(302)) - s8: GrpcService started, listening on 34827
2023-12-13 18:50:13,001 [JvmPauseMonitor26] INFO  util.JvmPauseMonitor (JvmPauseMonitor.java:run(146)) - JvmPauseMonitor-s8: Started
2023-12-13 18:50:13,002 [s0-impl-thread1] INFO  server.RaftServerConfigKeys (ConfUtils.java:logGet(46)) - raft.server.storage.free-space.min = 0MB (=0) (default)
2023-12-13 18:50:13,002 [s0-impl-thread1] INFO  server.RaftServerConfigKeys (ConfUtils.java:logGet(46)) - raft.server.log.corruption.policy = EXCEPTION (default)
2023-12-13 18:50:13,002 [s0-impl-thread1] INFO  server.RaftServerConfigKeys (ConfUtils.java:logGet(46)) - raft.server.storage.dir = [/home/runner/work/ratis/ratis/ratis-test/target/test/data/b8de9602/MiniRaftClusterWithGrpcac948085/s0] (custom)
2023-12-13 18:50:13,002 [s0-impl-thread1] INFO  storage.RaftStorageDirectory (RaftStorageDirectoryImpl.java:analyzeStorage(138)) - The storage directory /home/runner/work/ratis/ratis/ratis-test/target/test/data/b8de9602/MiniRaftClusterWithGrpcac948085/s0/2ad78ee0-b9d5-4766-b6d8-9b3688799715 does not exist. Creating ...
2023-12-13 18:50:13,002 [s0-impl-thread1] TRACE util.FileUtils (LogUtils.java:runAndLog(49)) - Successfully ran Files.createDirectories /home/runner/work/ratis/ratis/ratis-test/target/test/data/b8de9602/MiniRaftClusterWithGrpcac948085/s0/2ad78ee0-b9d5-4766-b6d8-9b3688799715
2023-12-13 18:50:13,004 [s0-impl-thread1] INFO  storage.RaftStorageDirectory (RaftStorageDirectoryImpl.java:tryLock(228)) - Lock on /home/runner/work/ratis/ratis/ratis-test/target/test/data/b8de9602/MiniRaftClusterWithGrpcac948085/s0/2ad78ee0-b9d5-4766-b6d8-9b3688799715/in_use.lock acquired by nodename 24599@fv-az743-812
2023-12-13 18:50:13,004 [s0-impl-thread1] TRACE util.FileUtils (LogUtils.java:runAndLog(49)) - Successfully ran Files.createDirectories /home/runner/work/ratis/ratis/ratis-test/target/test/data/b8de9602/MiniRaftClusterWithGrpcac948085/s0/2ad78ee0-b9d5-4766-b6d8-9b3688799715/current
2023-12-13 18:50:13,004 [s0-impl-thread1] TRACE util.FileUtils (LogUtils.java:runAndLog(49)) - Successfully ran Files.createDirectories /home/runner/work/ratis/ratis/ratis-test/target/test/data/b8de9602/MiniRaftClusterWithGrpcac948085/s0/2ad78ee0-b9d5-4766-b6d8-9b3688799715/sm
2023-12-13 18:50:13,004 [s0-impl-thread1] TRACE util.FileUtils (LogUtils.java:supplyAndLog(69)) - Successfully supplied FileChannel.open /home/runner/work/ratis/ratis/ratis-test/target/test/data/b8de9602/MiniRaftClusterWithGrpcac948085/s0/2ad78ee0-b9d5-4766-b6d8-9b3688799715/current/raft-meta.tmp with options [CREATE, WRITE]: sun.nio.ch.FileChannelImpl@4f102f89
2023-12-13 18:50:13,005 [s0-impl-thread1] TRACE util.FileUtils (LogUtils.java:runAndLog(49)) - Successfully ran Atomic Files.move /home/runner/work/ratis/ratis/ratis-test/target/test/data/b8de9602/MiniRaftClusterWithGrpcac948085/s0/2ad78ee0-b9d5-4766-b6d8-9b3688799715/current/raft-meta.tmp to /home/runner/work/ratis/ratis/ratis-test/target/test/data/b8de9602/MiniRaftClusterWithGrpcac948085/s0/2ad78ee0-b9d5-4766-b6d8-9b3688799715/current/raft-meta with options [REPLACE_EXISTING]
2023-12-13 18:50:13,005 [s0-impl-thread1] INFO  storage.RaftStorage (RaftStorageImpl.java:format(99)) - Storage directory /home/runner/work/ratis/ratis/ratis-test/target/test/data/b8de9602/MiniRaftClusterWithGrpcac948085/s0/2ad78ee0-b9d5-4766-b6d8-9b3688799715 has been successfully formatted.
2023-12-13 18:50:13,005 [s0-impl-thread1] TRACE util.FileUtils (LogUtils.java:supplyAndLog(61)) - Failed to Files.newInputStream /home/runner/work/ratis/ratis/ratis-test/target/test/data/b8de9602/MiniRaftClusterWithGrpcac948085/s0/2ad78ee0-b9d5-4766-b6d8-9b3688799715/current/raft-meta.conf with options []
java.nio.file.NoSuchFileException: /home/runner/work/ratis/ratis/ratis-test/target/test/data/b8de9602/MiniRaftClusterWithGrpcac948085/s0/2ad78ee0-b9d5-4766-b6d8-9b3688799715/current/raft-meta.conf
	at java.base/sun.nio.fs.UnixException.translateToIOException(UnixException.java:92)
	at java.base/sun.nio.fs.UnixException.rethrowAsIOException(UnixException.java:111)
	at java.base/sun.nio.fs.UnixException.rethrowAsIOException(UnixException.java:116)
	at java.base/sun.nio.fs.UnixFileSystemProvider.newByteChannel(UnixFileSystemProvider.java:219)
	at java.base/java.nio.file.Files.newByteChannel(Files.java:371)
	at java.base/java.nio.file.Files.newByteChannel(Files.java:422)
	at java.base/java.nio.file.spi.FileSystemProvider.newInputStream(FileSystemProvider.java:420)
	at java.base/java.nio.file.Files.newInputStream(Files.java:156)
	at org.apache.ratis.util.FileUtils.lambda$newInputStream$2(FileUtils.java:73)
	at org.apache.ratis.util.LogUtils.supplyAndLog(LogUtils.java:58)
	at org.apache.ratis.util.FileUtils.newInputStream(FileUtils.java:72)
	at org.apache.ratis.util.FileUtils.newInputStream(FileUtils.java:68)
	at org.apache.ratis.server.storage.RaftStorageImpl.readRaftConfiguration(RaftStorageImpl.java:156)
	at org.apache.ratis.server.impl.ServerState.initialize(ServerState.java:141)
	at org.apache.ratis.server.impl.RaftServerImpl.start(RaftServerImpl.java:388)
	at org.apache.ratis.util.ConcurrentUtils.accept(ConcurrentUtils.java:203)
	at org.apache.ratis.util.ConcurrentUtils.lambda$parallelForEachAsync$4(ConcurrentUtils.java:182)
	at java.base/java.util.concurrent.ThreadPoolExecutor.runWorker(ThreadPoolExecutor.java:1128)
	at java.base/java.util.concurrent.ThreadPoolExecutor$Worker.run(ThreadPoolExecutor.java:628)
	at java.base/java.lang.Thread.run(Thread.java:829)
2023-12-13 18:50:13,005 [s0-impl-thread1] INFO  server.RaftServerConfigKeys (ConfUtils.java:logGet(46)) - raft.server.log.use.memory = false (default)
2023-12-13 18:50:13,005 [s0-impl-thread1] INFO  server.RaftServerConfigKeys (ConfUtils.java:logGet(46)) - raft.server.log.purge.gap = 1024 (default)
2023-12-13 18:50:13,005 [s0-impl-thread1] INFO  server.RaftServerConfigKeys (ConfUtils.java:logGet(46)) - raft.server.log.appender.buffer.byte-limit = 4MB (=4194304) (default)
2023-12-13 18:50:13,005 [s0-impl-thread1] INFO  server.RaftServerConfigKeys (ConfUtils.java:logGet(46)) - raft.server.log.statemachine.data.read.timeout = 1000ms (default)
2023-12-13 18:50:13,005 [s0-impl-thread1] INFO  server.RaftServerConfigKeys (ConfUtils.java:logGet(46)) - raft.server.log.purge.preservation.log.num = 0 (default)
2023-12-13 18:50:13,006 [s0-impl-thread1] INFO  server.RaftServerConfigKeys (ConfUtils.java:logGet(46)) - raft.server.log.segment.size.max = 32MB (=33554432) (default)
2023-12-13 18:50:13,006 [s0-impl-thread1] INFO  server.RaftServerConfigKeys (ConfUtils.java:logGet(46)) - raft.server.log.segment.cache.num.max = 6 (default)
2023-12-13 18:50:13,006 [s0-impl-thread1] INFO  server.RaftServerConfigKeys (ConfUtils.java:logGet(46)) - raft.server.log.segment.cache.size.max = 200MB (=209715200) (default)
2023-12-13 18:50:13,006 [s0-impl-thread1] INFO  server.RaftServerConfigKeys (ConfUtils.java:logGet(46)) - raft.server.log.appender.buffer.byte-limit = 4MB (=4194304) (default)
2023-12-13 18:50:13,006 [s0-impl-thread1] INFO  util.AwaitToRun (AwaitToRun.java:start(81)) - Thread[s0@group-9B3688799715-cacheEviction-AwaitToRun,5,main] started
2023-12-13 18:50:13,006 [s0-impl-thread1] INFO  segmented.SegmentedRaftLogWorker (SegmentedRaftLogWorker.java:<init>(182)) - new s0@group-9B3688799715-SegmentedRaftLogWorker for RaftStorageImpl:Storage Directory /home/runner/work/ratis/ratis/ratis-test/target/test/data/b8de9602/MiniRaftClusterWithGrpcac948085/s0/2ad78ee0-b9d5-4766-b6d8-9b3688799715
2023-12-13 18:50:13,006 [s0-impl-thread1] INFO  server.RaftServerConfigKeys (ConfUtils.java:logGet(46)) - raft.server.log.queue.byte-limit = 64MB (=67108864) (default)
2023-12-13 18:50:13,006 [s0-impl-thread1] INFO  server.RaftServerConfigKeys (ConfUtils.java:logGet(46)) - raft.server.log.queue.element-limit = 4096 (default)
2023-12-13 18:50:13,006 [s0-impl-thread1] INFO  server.RaftServerConfigKeys (ConfUtils.java:logGet(46)) - raft.server.log.segment.size.max = 32MB (=33554432) (default)
2023-12-13 18:50:13,006 [s0-impl-thread1] INFO  server.RaftServerConfigKeys (ConfUtils.java:logGet(46)) - raft.server.log.preallocated.size = 4MB (=4194304) (default)
2023-12-13 18:50:13,006 [s0-impl-thread1] INFO  server.RaftServerConfigKeys (ConfUtils.java:logGet(46)) - raft.server.log.force.sync.num = 128 (default)
2023-12-13 18:50:13,006 [s0-impl-thread1] INFO  server.RaftServerConfigKeys (ConfUtils.java:logGet(46)) - raft.server.log.statemachine.data.sync = true (default)
2023-12-13 18:50:13,006 [s0-impl-thread1] INFO  server.RaftServerConfigKeys (ConfUtils.java:logGet(46)) - raft.server.log.statemachine.data.sync.timeout = 10s (default)
2023-12-13 18:50:13,006 [s0-impl-thread1] INFO  server.RaftServerConfigKeys (ConfUtils.java:logGet(46)) - raft.server.log.statemachine.data.sync.timeout.retry = -1 (default)
2023-12-13 18:50:13,006 [s0-impl-thread1] INFO  server.RaftServerConfigKeys (ConfUtils.java:logGet(46)) - raft.server.log.write.buffer.size = 8MB (=8388608) (default)
2023-12-13 18:50:13,007 [s0-impl-thread1] INFO  server.RaftServerConfigKeys (ConfUtils.java:logGet(46)) - raft.server.log.appender.buffer.byte-limit = 4MB (=4194304) (default)
2023-12-13 18:50:13,007 [s0-impl-thread1] INFO  server.RaftServerConfigKeys (ConfUtils.java:logGet(46)) - raft.server.log.unsafe-flush.enabled = false (default)
2023-12-13 18:50:13,007 [s0-impl-thread1] INFO  server.RaftServerConfigKeys (ConfUtils.java:logGet(46)) - raft.server.log.async-flush.enabled = false (default)
2023-12-13 18:50:13,007 [s0-impl-thread1] INFO  server.RaftServerConfigKeys (ConfUtils.java:logGet(46)) - raft.server.log.statemachine.data.caching.enabled = false (default)
2023-12-13 18:50:13,007 [s0-impl-thread1] INFO  segmented.SegmentedRaftLogWorker (SegmentedRaftLogWorker.java:lambda$new$0(134)) - s0@group-9B3688799715-SegmentedRaftLogWorker: flushIndex: setUnconditionally 0 -> -1
2023-12-13 18:50:13,007 [s0-impl-thread1] INFO  segmented.SegmentedRaftLogWorker (SegmentedRaftLogWorker.java:lambda$new$0(134)) - s0@group-9B3688799715-SegmentedRaftLogWorker: safeCacheEvictIndex: setUnconditionally 0 -> -1
2023-12-13 18:50:13,007 [s0-impl-thread1] INFO  server.RaftServer$Division (RaftServerImpl.java:start(398)) - s0@group-9B3688799715: start with initializing state, conf=-1: peers:[]|listeners:[], old=null
2023-12-13 18:50:13,007 [s0-impl-thread1] INFO  server.RaftServer$Division (RaftServerImpl.java:setRole(379)) - s0@group-9B3688799715: changes role from      null to FOLLOWER at term 0 for startInitializing
2023-12-13 18:50:13,008 [s0-impl-thread1] INFO  util.JmxRegister (JmxRegister.java:tryRegister(44)) - Successfully registered JMX Bean with object name Ratis:service=RaftServer,group=group-9B3688799715,id=s0
2023-12-13 18:50:13,008 [s0-impl-thread1] INFO  server.RaftServerConfigKeys (ConfUtils.java:logGet(46)) - raft.server.snapshot.trigger-when-stop.enabled = true (default)
2023-12-13 18:50:13,008 [s0-impl-thread1] INFO  server.RaftServerConfigKeys (ConfUtils.java:logGet(46)) - raft.server.snapshot.auto.trigger.enabled = false (default)
2023-12-13 18:50:13,008 [s0-impl-thread1] INFO  server.RaftServerConfigKeys (ConfUtils.java:logGet(46)) - raft.server.snapshot.retention.file.num = -1 (default)
2023-12-13 18:50:13,008 [s0-impl-thread1] INFO  server.RaftServerConfigKeys (ConfUtils.java:logGet(46)) - raft.server.log.purge.upto.snapshot.index = false (default)
2023-12-13 18:50:13,008 [Time-limited test] INFO  server.RaftServer (RaftServerProxy.java:startImpl(406)) - s0: start RPC server
2023-12-13 18:50:13,009 [Time-limited test] INFO  server.GrpcService (GrpcService.java:startImpl(302)) - s0: GrpcService started, listening on 43623
2023-12-13 18:50:13,009 [JvmPauseMonitor27] INFO  util.JvmPauseMonitor (JvmPauseMonitor.java:run(146)) - JvmPauseMonitor-s0: Started
2023-12-13 18:50:13,009 [s1-impl-thread1] INFO  server.RaftServerConfigKeys (ConfUtils.java:logGet(46)) - raft.server.storage.free-space.min = 0MB (=0) (default)
2023-12-13 18:50:13,009 [s1-impl-thread1] INFO  server.RaftServerConfigKeys (ConfUtils.java:logGet(46)) - raft.server.log.corruption.policy = EXCEPTION (default)
2023-12-13 18:50:13,009 [s1-impl-thread1] INFO  server.RaftServerConfigKeys (ConfUtils.java:logGet(46)) - raft.server.storage.dir = [/home/runner/work/ratis/ratis/ratis-test/target/test/data/b8de9602/MiniRaftClusterWithGrpcac948085/s1] (custom)
2023-12-13 18:50:13,009 [s1-impl-thread1] INFO  storage.RaftStorageDirectory (RaftStorageDirectoryImpl.java:analyzeStorage(138)) - The storage directory /home/runner/work/ratis/ratis/ratis-test/target/test/data/b8de9602/MiniRaftClusterWithGrpcac948085/s1/2ad78ee0-b9d5-4766-b6d8-9b3688799715 does not exist. Creating ...
2023-12-13 18:50:13,009 [s1-impl-thread1] TRACE util.FileUtils (LogUtils.java:runAndLog(49)) - Successfully ran Files.createDirectories /home/runner/work/ratis/ratis/ratis-test/target/test/data/b8de9602/MiniRaftClusterWithGrpcac948085/s1/2ad78ee0-b9d5-4766-b6d8-9b3688799715
2023-12-13 18:50:13,010 [s1-impl-thread1] INFO  storage.RaftStorageDirectory (RaftStorageDirectoryImpl.java:tryLock(228)) - Lock on /home/runner/work/ratis/ratis/ratis-test/target/test/data/b8de9602/MiniRaftClusterWithGrpcac948085/s1/2ad78ee0-b9d5-4766-b6d8-9b3688799715/in_use.lock acquired by nodename 24599@fv-az743-812
2023-12-13 18:50:13,010 [s1-impl-thread1] TRACE util.FileUtils (LogUtils.java:runAndLog(49)) - Successfully ran Files.createDirectories /home/runner/work/ratis/ratis/ratis-test/target/test/data/b8de9602/MiniRaftClusterWithGrpcac948085/s1/2ad78ee0-b9d5-4766-b6d8-9b3688799715/current
2023-12-13 18:50:13,010 [s1-impl-thread1] TRACE util.FileUtils (LogUtils.java:runAndLog(49)) - Successfully ran Files.createDirectories /home/runner/work/ratis/ratis/ratis-test/target/test/data/b8de9602/MiniRaftClusterWithGrpcac948085/s1/2ad78ee0-b9d5-4766-b6d8-9b3688799715/sm
2023-12-13 18:50:13,010 [s1-impl-thread1] TRACE util.FileUtils (LogUtils.java:supplyAndLog(69)) - Successfully supplied FileChannel.open /home/runner/work/ratis/ratis/ratis-test/target/test/data/b8de9602/MiniRaftClusterWithGrpcac948085/s1/2ad78ee0-b9d5-4766-b6d8-9b3688799715/current/raft-meta.tmp with options [CREATE, WRITE]: sun.nio.ch.FileChannelImpl@71f4edcc
2023-12-13 18:50:13,011 [s1-impl-thread1] TRACE util.FileUtils (LogUtils.java:runAndLog(49)) - Successfully ran Atomic Files.move /home/runner/work/ratis/ratis/ratis-test/target/test/data/b8de9602/MiniRaftClusterWithGrpcac948085/s1/2ad78ee0-b9d5-4766-b6d8-9b3688799715/current/raft-meta.tmp to /home/runner/work/ratis/ratis/ratis-test/target/test/data/b8de9602/MiniRaftClusterWithGrpcac948085/s1/2ad78ee0-b9d5-4766-b6d8-9b3688799715/current/raft-meta with options [REPLACE_EXISTING]
2023-12-13 18:50:13,011 [s1-impl-thread1] INFO  storage.RaftStorage (RaftStorageImpl.java:format(99)) - Storage directory /home/runner/work/ratis/ratis/ratis-test/target/test/data/b8de9602/MiniRaftClusterWithGrpcac948085/s1/2ad78ee0-b9d5-4766-b6d8-9b3688799715 has been successfully formatted.
2023-12-13 18:50:13,011 [s1-impl-thread1] TRACE util.FileUtils (LogUtils.java:supplyAndLog(61)) - Failed to Files.newInputStream /home/runner/work/ratis/ratis/ratis-test/target/test/data/b8de9602/MiniRaftClusterWithGrpcac948085/s1/2ad78ee0-b9d5-4766-b6d8-9b3688799715/current/raft-meta.conf with options []
java.nio.file.NoSuchFileException: /home/runner/work/ratis/ratis/ratis-test/target/test/data/b8de9602/MiniRaftClusterWithGrpcac948085/s1/2ad78ee0-b9d5-4766-b6d8-9b3688799715/current/raft-meta.conf
	at java.base/sun.nio.fs.UnixException.translateToIOException(UnixException.java:92)
	at java.base/sun.nio.fs.UnixException.rethrowAsIOException(UnixException.java:111)
	at java.base/sun.nio.fs.UnixException.rethrowAsIOException(UnixException.java:116)
	at java.base/sun.nio.fs.UnixFileSystemProvider.newByteChannel(UnixFileSystemProvider.java:219)
	at java.base/java.nio.file.Files.newByteChannel(Files.java:371)
	at java.base/java.nio.file.Files.newByteChannel(Files.java:422)
	at java.base/java.nio.file.spi.FileSystemProvider.newInputStream(FileSystemProvider.java:420)
	at java.base/java.nio.file.Files.newInputStream(Files.java:156)
	at org.apache.ratis.util.FileUtils.lambda$newInputStream$2(FileUtils.java:73)
	at org.apache.ratis.util.LogUtils.supplyAndLog(LogUtils.java:58)
	at org.apache.ratis.util.FileUtils.newInputStream(FileUtils.java:72)
	at org.apache.ratis.util.FileUtils.newInputStream(FileUtils.java:68)
	at org.apache.ratis.server.storage.RaftStorageImpl.readRaftConfiguration(RaftStorageImpl.java:156)
	at org.apache.ratis.server.impl.ServerState.initialize(ServerState.java:141)
	at org.apache.ratis.server.impl.RaftServerImpl.start(RaftServerImpl.java:388)
	at org.apache.ratis.util.ConcurrentUtils.accept(ConcurrentUtils.java:203)
	at org.apache.ratis.util.ConcurrentUtils.lambda$parallelForEachAsync$4(ConcurrentUtils.java:182)
	at java.base/java.util.concurrent.ThreadPoolExecutor.runWorker(ThreadPoolExecutor.java:1128)
	at java.base/java.util.concurrent.ThreadPoolExecutor$Worker.run(ThreadPoolExecutor.java:628)
	at java.base/java.lang.Thread.run(Thread.java:829)
2023-12-13 18:50:13,011 [s1-impl-thread1] INFO  server.RaftServerConfigKeys (ConfUtils.java:logGet(46)) - raft.server.log.use.memory = false (default)
2023-12-13 18:50:13,011 [s1-impl-thread1] INFO  server.RaftServerConfigKeys (ConfUtils.java:logGet(46)) - raft.server.log.purge.gap = 1024 (default)
2023-12-13 18:50:13,011 [s1-impl-thread1] INFO  server.RaftServerConfigKeys (ConfUtils.java:logGet(46)) - raft.server.log.appender.buffer.byte-limit = 4MB (=4194304) (default)
2023-12-13 18:50:13,011 [s1-impl-thread1] INFO  server.RaftServerConfigKeys (ConfUtils.java:logGet(46)) - raft.server.log.statemachine.data.read.timeout = 1000ms (default)
2023-12-13 18:50:13,011 [s1-impl-thread1] INFO  server.RaftServerConfigKeys (ConfUtils.java:logGet(46)) - raft.server.log.purge.preservation.log.num = 0 (default)
2023-12-13 18:50:13,011 [s1-impl-thread1] INFO  server.RaftServerConfigKeys (ConfUtils.java:logGet(46)) - raft.server.log.segment.size.max = 32MB (=33554432) (default)
2023-12-13 18:50:13,011 [s1-impl-thread1] INFO  server.RaftServerConfigKeys (ConfUtils.java:logGet(46)) - raft.server.log.segment.cache.num.max = 6 (default)
2023-12-13 18:50:13,011 [s1-impl-thread1] INFO  server.RaftServerConfigKeys (ConfUtils.java:logGet(46)) - raft.server.log.segment.cache.size.max = 200MB (=209715200) (default)
2023-12-13 18:50:13,011 [s1-impl-thread1] INFO  server.RaftServerConfigKeys (ConfUtils.java:logGet(46)) - raft.server.log.appender.buffer.byte-limit = 4MB (=4194304) (default)
2023-12-13 18:50:13,011 [s1-impl-thread1] INFO  util.AwaitToRun (AwaitToRun.java:start(81)) - Thread[s1@group-9B3688799715-cacheEviction-AwaitToRun,5,main] started
2023-12-13 18:50:13,012 [s1-impl-thread1] INFO  segmented.SegmentedRaftLogWorker (SegmentedRaftLogWorker.java:<init>(182)) - new s1@group-9B3688799715-SegmentedRaftLogWorker for RaftStorageImpl:Storage Directory /home/runner/work/ratis/ratis/ratis-test/target/test/data/b8de9602/MiniRaftClusterWithGrpcac948085/s1/2ad78ee0-b9d5-4766-b6d8-9b3688799715
2023-12-13 18:50:13,012 [s1-impl-thread1] INFO  server.RaftServerConfigKeys (ConfUtils.java:logGet(46)) - raft.server.log.queue.byte-limit = 64MB (=67108864) (default)
2023-12-13 18:50:13,012 [s1-impl-thread1] INFO  server.RaftServerConfigKeys (ConfUtils.java:logGet(46)) - raft.server.log.queue.element-limit = 4096 (default)
2023-12-13 18:50:13,012 [s1-impl-thread1] INFO  server.RaftServerConfigKeys (ConfUtils.java:logGet(46)) - raft.server.log.segment.size.max = 32MB (=33554432) (default)
2023-12-13 18:50:13,012 [s1-impl-thread1] INFO  server.RaftServerConfigKeys (ConfUtils.java:logGet(46)) - raft.server.log.preallocated.size = 4MB (=4194304) (default)
2023-12-13 18:50:13,012 [s1-impl-thread1] INFO  server.RaftServerConfigKeys (ConfUtils.java:logGet(46)) - raft.server.log.force.sync.num = 128 (default)
2023-12-13 18:50:13,012 [s1-impl-thread1] INFO  server.RaftServerConfigKeys (ConfUtils.java:logGet(46)) - raft.server.log.statemachine.data.sync = true (default)
2023-12-13 18:50:13,012 [s1-impl-thread1] INFO  server.RaftServerConfigKeys (ConfUtils.java:logGet(46)) - raft.server.log.statemachine.data.sync.timeout = 10s (default)
2023-12-13 18:50:13,012 [s1-impl-thread1] INFO  server.RaftServerConfigKeys (ConfUtils.java:logGet(46)) - raft.server.log.statemachine.data.sync.timeout.retry = -1 (default)
2023-12-13 18:50:13,012 [s1-impl-thread1] INFO  server.RaftServerConfigKeys (ConfUtils.java:logGet(46)) - raft.server.log.write.buffer.size = 8MB (=8388608) (default)
2023-12-13 18:50:13,013 [s1-impl-thread1] INFO  server.RaftServerConfigKeys (ConfUtils.java:logGet(46)) - raft.server.log.appender.buffer.byte-limit = 4MB (=4194304) (default)
2023-12-13 18:50:13,013 [s1-impl-thread1] INFO  server.RaftServerConfigKeys (ConfUtils.java:logGet(46)) - raft.server.log.unsafe-flush.enabled = false (default)
2023-12-13 18:50:13,013 [s1-impl-thread1] INFO  server.RaftServerConfigKeys (ConfUtils.java:logGet(46)) - raft.server.log.async-flush.enabled = false (default)
2023-12-13 18:50:13,013 [s1-impl-thread1] INFO  server.RaftServerConfigKeys (ConfUtils.java:logGet(46)) - raft.server.log.statemachine.data.caching.enabled = false (default)
2023-12-13 18:50:13,013 [s1-impl-thread1] INFO  segmented.SegmentedRaftLogWorker (SegmentedRaftLogWorker.java:lambda$new$0(134)) - s1@group-9B3688799715-SegmentedRaftLogWorker: flushIndex: setUnconditionally 0 -> -1
2023-12-13 18:50:13,013 [s1-impl-thread1] INFO  segmented.SegmentedRaftLogWorker (SegmentedRaftLogWorker.java:lambda$new$0(134)) - s1@group-9B3688799715-SegmentedRaftLogWorker: safeCacheEvictIndex: setUnconditionally 0 -> -1
2023-12-13 18:50:13,013 [s1-impl-thread1] INFO  server.RaftServer$Division (RaftServerImpl.java:start(398)) - s1@group-9B3688799715: start with initializing state, conf=-1: peers:[]|listeners:[], old=null
2023-12-13 18:50:13,013 [s1-impl-thread1] INFO  server.RaftServer$Division (RaftServerImpl.java:setRole(379)) - s1@group-9B3688799715: changes role from      null to FOLLOWER at term 0 for startInitializing
2023-12-13 18:50:13,014 [s1-impl-thread1] INFO  util.JmxRegister (JmxRegister.java:tryRegister(44)) - Successfully registered JMX Bean with object name Ratis:service=RaftServer,group=group-9B3688799715,id=s1
2023-12-13 18:50:13,014 [s1-impl-thread1] INFO  server.RaftServerConfigKeys (ConfUtils.java:logGet(46)) - raft.server.snapshot.trigger-when-stop.enabled = true (default)
2023-12-13 18:50:13,014 [s1-impl-thread1] INFO  server.RaftServerConfigKeys (ConfUtils.java:logGet(46)) - raft.server.snapshot.auto.trigger.enabled = false (default)
2023-12-13 18:50:13,014 [s1-impl-thread1] INFO  server.RaftServerConfigKeys (ConfUtils.java:logGet(46)) - raft.server.snapshot.retention.file.num = -1 (default)
2023-12-13 18:50:13,014 [s1-impl-thread1] INFO  server.RaftServerConfigKeys (ConfUtils.java:logGet(46)) - raft.server.log.purge.upto.snapshot.index = false (default)
2023-12-13 18:50:13,014 [Time-limited test] INFO  server.RaftServer (RaftServerProxy.java:startImpl(406)) - s1: start RPC server
2023-12-13 18:50:13,014 [Time-limited test] INFO  server.GrpcService (GrpcService.java:startImpl(302)) - s1: GrpcService started, listening on 37641
2023-12-13 18:50:13,014 [JvmPauseMonitor28] INFO  util.JvmPauseMonitor (JvmPauseMonitor.java:run(146)) - JvmPauseMonitor-s1: Started
2023-12-13 18:50:13,014 [s2-impl-thread1] INFO  server.RaftServerConfigKeys (ConfUtils.java:logGet(46)) - raft.server.storage.free-space.min = 0MB (=0) (default)
2023-12-13 18:50:13,015 [s2-impl-thread1] INFO  server.RaftServerConfigKeys (ConfUtils.java:logGet(46)) - raft.server.log.corruption.policy = EXCEPTION (default)
2023-12-13 18:50:13,015 [s2-impl-thread1] INFO  server.RaftServerConfigKeys (ConfUtils.java:logGet(46)) - raft.server.storage.dir = [/home/runner/work/ratis/ratis/ratis-test/target/test/data/b8de9602/MiniRaftClusterWithGrpcac948085/s2] (custom)
2023-12-13 18:50:13,015 [s2-impl-thread1] INFO  storage.RaftStorageDirectory (RaftStorageDirectoryImpl.java:analyzeStorage(138)) - The storage directory /home/runner/work/ratis/ratis/ratis-test/target/test/data/b8de9602/MiniRaftClusterWithGrpcac948085/s2/2ad78ee0-b9d5-4766-b6d8-9b3688799715 does not exist. Creating ...
2023-12-13 18:50:13,015 [s2-impl-thread1] TRACE util.FileUtils (LogUtils.java:runAndLog(49)) - Successfully ran Files.createDirectories /home/runner/work/ratis/ratis/ratis-test/target/test/data/b8de9602/MiniRaftClusterWithGrpcac948085/s2/2ad78ee0-b9d5-4766-b6d8-9b3688799715
2023-12-13 18:50:13,015 [s2-impl-thread1] INFO  storage.RaftStorageDirectory (RaftStorageDirectoryImpl.java:tryLock(228)) - Lock on /home/runner/work/ratis/ratis/ratis-test/target/test/data/b8de9602/MiniRaftClusterWithGrpcac948085/s2/2ad78ee0-b9d5-4766-b6d8-9b3688799715/in_use.lock acquired by nodename 24599@fv-az743-812
2023-12-13 18:50:13,016 [s2-impl-thread1] TRACE util.FileUtils (LogUtils.java:runAndLog(49)) - Successfully ran Files.createDirectories /home/runner/work/ratis/ratis/ratis-test/target/test/data/b8de9602/MiniRaftClusterWithGrpcac948085/s2/2ad78ee0-b9d5-4766-b6d8-9b3688799715/current
2023-12-13 18:50:13,016 [s2-impl-thread1] TRACE util.FileUtils (LogUtils.java:runAndLog(49)) - Successfully ran Files.createDirectories /home/runner/work/ratis/ratis/ratis-test/target/test/data/b8de9602/MiniRaftClusterWithGrpcac948085/s2/2ad78ee0-b9d5-4766-b6d8-9b3688799715/sm
2023-12-13 18:50:13,016 [s2-impl-thread1] TRACE util.FileUtils (LogUtils.java:supplyAndLog(69)) - Successfully supplied FileChannel.open /home/runner/work/ratis/ratis/ratis-test/target/test/data/b8de9602/MiniRaftClusterWithGrpcac948085/s2/2ad78ee0-b9d5-4766-b6d8-9b3688799715/current/raft-meta.tmp with options [CREATE, WRITE]: sun.nio.ch.FileChannelImpl@441e8f90
2023-12-13 18:50:13,017 [s2-impl-thread1] TRACE util.FileUtils (LogUtils.java:runAndLog(49)) - Successfully ran Atomic Files.move /home/runner/work/ratis/ratis/ratis-test/target/test/data/b8de9602/MiniRaftClusterWithGrpcac948085/s2/2ad78ee0-b9d5-4766-b6d8-9b3688799715/current/raft-meta.tmp to /home/runner/work/ratis/ratis/ratis-test/target/test/data/b8de9602/MiniRaftClusterWithGrpcac948085/s2/2ad78ee0-b9d5-4766-b6d8-9b3688799715/current/raft-meta with options [REPLACE_EXISTING]
2023-12-13 18:50:13,017 [s2-impl-thread1] INFO  storage.RaftStorage (RaftStorageImpl.java:format(99)) - Storage directory /home/runner/work/ratis/ratis/ratis-test/target/test/data/b8de9602/MiniRaftClusterWithGrpcac948085/s2/2ad78ee0-b9d5-4766-b6d8-9b3688799715 has been successfully formatted.
2023-12-13 18:50:13,017 [s2-impl-thread1] TRACE util.FileUtils (LogUtils.java:supplyAndLog(61)) - Failed to Files.newInputStream /home/runner/work/ratis/ratis/ratis-test/target/test/data/b8de9602/MiniRaftClusterWithGrpcac948085/s2/2ad78ee0-b9d5-4766-b6d8-9b3688799715/current/raft-meta.conf with options []
java.nio.file.NoSuchFileException: /home/runner/work/ratis/ratis/ratis-test/target/test/data/b8de9602/MiniRaftClusterWithGrpcac948085/s2/2ad78ee0-b9d5-4766-b6d8-9b3688799715/current/raft-meta.conf
	at java.base/sun.nio.fs.UnixException.translateToIOException(UnixException.java:92)
	at java.base/sun.nio.fs.UnixException.rethrowAsIOException(UnixException.java:111)
	at java.base/sun.nio.fs.UnixException.rethrowAsIOException(UnixException.java:116)
	at java.base/sun.nio.fs.UnixFileSystemProvider.newByteChannel(UnixFileSystemProvider.java:219)
	at java.base/java.nio.file.Files.newByteChannel(Files.java:371)
	at java.base/java.nio.file.Files.newByteChannel(Files.java:422)
	at java.base/java.nio.file.spi.FileSystemProvider.newInputStream(FileSystemProvider.java:420)
	at java.base/java.nio.file.Files.newInputStream(Files.java:156)
	at org.apache.ratis.util.FileUtils.lambda$newInputStream$2(FileUtils.java:73)
	at org.apache.ratis.util.LogUtils.supplyAndLog(LogUtils.java:58)
	at org.apache.ratis.util.FileUtils.newInputStream(FileUtils.java:72)
	at org.apache.ratis.util.FileUtils.newInputStream(FileUtils.java:68)
	at org.apache.ratis.server.storage.RaftStorageImpl.readRaftConfiguration(RaftStorageImpl.java:156)
	at org.apache.ratis.server.impl.ServerState.initialize(ServerState.java:141)
	at org.apache.ratis.server.impl.RaftServerImpl.start(RaftServerImpl.java:388)
	at org.apache.ratis.util.ConcurrentUtils.accept(ConcurrentUtils.java:203)
	at org.apache.ratis.util.ConcurrentUtils.lambda$parallelForEachAsync$4(ConcurrentUtils.java:182)
	at java.base/java.util.concurrent.ThreadPoolExecutor.runWorker(ThreadPoolExecutor.java:1128)
	at java.base/java.util.concurrent.ThreadPoolExecutor$Worker.run(ThreadPoolExecutor.java:628)
	at java.base/java.lang.Thread.run(Thread.java:829)
2023-12-13 18:50:13,017 [s2-impl-thread1] INFO  server.RaftServerConfigKeys (ConfUtils.java:logGet(46)) - raft.server.log.use.memory = false (default)
2023-12-13 18:50:13,017 [s2-impl-thread1] INFO  server.RaftServerConfigKeys (ConfUtils.java:logGet(46)) - raft.server.log.purge.gap = 1024 (default)
2023-12-13 18:50:13,017 [s2-impl-thread1] INFO  server.RaftServerConfigKeys (ConfUtils.java:logGet(46)) - raft.server.log.appender.buffer.byte-limit = 4MB (=4194304) (default)
2023-12-13 18:50:13,017 [s2-impl-thread1] INFO  server.RaftServerConfigKeys (ConfUtils.java:logGet(46)) - raft.server.log.statemachine.data.read.timeout = 1000ms (default)
2023-12-13 18:50:13,017 [s2-impl-thread1] INFO  server.RaftServerConfigKeys (ConfUtils.java:logGet(46)) - raft.server.log.purge.preservation.log.num = 0 (default)
2023-12-13 18:50:13,017 [s2-impl-thread1] INFO  server.RaftServerConfigKeys (ConfUtils.java:logGet(46)) - raft.server.log.segment.size.max = 32MB (=33554432) (default)
2023-12-13 18:50:13,017 [s2-impl-thread1] INFO  server.RaftServerConfigKeys (ConfUtils.java:logGet(46)) - raft.server.log.segment.cache.num.max = 6 (default)
2023-12-13 18:50:13,017 [s2-impl-thread1] INFO  server.RaftServerConfigKeys (ConfUtils.java:logGet(46)) - raft.server.log.segment.cache.size.max = 200MB (=209715200) (default)
2023-12-13 18:50:13,017 [s2-impl-thread1] INFO  server.RaftServerConfigKeys (ConfUtils.java:logGet(46)) - raft.server.log.appender.buffer.byte-limit = 4MB (=4194304) (default)
2023-12-13 18:50:13,017 [s2-impl-thread1] INFO  util.AwaitToRun (AwaitToRun.java:start(81)) - Thread[s2@group-9B3688799715-cacheEviction-AwaitToRun,5,main] started
2023-12-13 18:50:13,017 [s2-impl-thread1] INFO  segmented.SegmentedRaftLogWorker (SegmentedRaftLogWorker.java:<init>(182)) - new s2@group-9B3688799715-SegmentedRaftLogWorker for RaftStorageImpl:Storage Directory /home/runner/work/ratis/ratis/ratis-test/target/test/data/b8de9602/MiniRaftClusterWithGrpcac948085/s2/2ad78ee0-b9d5-4766-b6d8-9b3688799715
2023-12-13 18:50:13,017 [s2-impl-thread1] INFO  server.RaftServerConfigKeys (ConfUtils.java:logGet(46)) - raft.server.log.queue.byte-limit = 64MB (=67108864) (default)
2023-12-13 18:50:13,017 [s2-impl-thread1] INFO  server.RaftServerConfigKeys (ConfUtils.java:logGet(46)) - raft.server.log.queue.element-limit = 4096 (default)
2023-12-13 18:50:13,017 [s2-impl-thread1] INFO  server.RaftServerConfigKeys (ConfUtils.java:logGet(46)) - raft.server.log.segment.size.max = 32MB (=33554432) (default)
2023-12-13 18:50:13,017 [s2-impl-thread1] INFO  server.RaftServerConfigKeys (ConfUtils.java:logGet(46)) - raft.server.log.preallocated.size = 4MB (=4194304) (default)
2023-12-13 18:50:13,017 [s2-impl-thread1] INFO  server.RaftServerConfigKeys (ConfUtils.java:logGet(46)) - raft.server.log.force.sync.num = 128 (default)
2023-12-13 18:50:13,018 [s2-impl-thread1] INFO  server.RaftServerConfigKeys (ConfUtils.java:logGet(46)) - raft.server.log.statemachine.data.sync = true (default)
2023-12-13 18:50:13,018 [s2-impl-thread1] INFO  server.RaftServerConfigKeys (ConfUtils.java:logGet(46)) - raft.server.log.statemachine.data.sync.timeout = 10s (default)
2023-12-13 18:50:13,018 [s2-impl-thread1] INFO  server.RaftServerConfigKeys (ConfUtils.java:logGet(46)) - raft.server.log.statemachine.data.sync.timeout.retry = -1 (default)
2023-12-13 18:50:13,018 [s2-impl-thread1] INFO  server.RaftServerConfigKeys (ConfUtils.java:logGet(46)) - raft.server.log.write.buffer.size = 8MB (=8388608) (default)
2023-12-13 18:50:13,019 [s2-impl-thread1] INFO  server.RaftServerConfigKeys (ConfUtils.java:logGet(46)) - raft.server.log.appender.buffer.byte-limit = 4MB (=4194304) (default)
2023-12-13 18:50:13,019 [s2-impl-thread1] INFO  server.RaftServerConfigKeys (ConfUtils.java:logGet(46)) - raft.server.log.unsafe-flush.enabled = false (default)
2023-12-13 18:50:13,019 [s2-impl-thread1] INFO  server.RaftServerConfigKeys (ConfUtils.java:logGet(46)) - raft.server.log.async-flush.enabled = false (default)
2023-12-13 18:50:13,019 [s2-impl-thread1] INFO  server.RaftServerConfigKeys (ConfUtils.java:logGet(46)) - raft.server.log.statemachine.data.caching.enabled = false (default)
2023-12-13 18:50:13,019 [s2-impl-thread1] INFO  segmented.SegmentedRaftLogWorker (SegmentedRaftLogWorker.java:lambda$new$0(134)) - s2@group-9B3688799715-SegmentedRaftLogWorker: flushIndex: setUnconditionally 0 -> -1
2023-12-13 18:50:13,019 [s2-impl-thread1] INFO  segmented.SegmentedRaftLogWorker (SegmentedRaftLogWorker.java:lambda$new$0(134)) - s2@group-9B3688799715-SegmentedRaftLogWorker: safeCacheEvictIndex: setUnconditionally 0 -> -1
2023-12-13 18:50:13,019 [s2-impl-thread1] INFO  server.RaftServer$Division (RaftServerImpl.java:start(398)) - s2@group-9B3688799715: start with initializing state, conf=-1: peers:[]|listeners:[], old=null
2023-12-13 18:50:13,019 [s2-impl-thread1] INFO  server.RaftServer$Division (RaftServerImpl.java:setRole(379)) - s2@group-9B3688799715: changes role from      null to FOLLOWER at term 0 for startInitializing
2023-12-13 18:50:13,019 [s2-impl-thread1] INFO  util.JmxRegister (JmxRegister.java:tryRegister(44)) - Successfully registered JMX Bean with object name Ratis:service=RaftServer,group=group-9B3688799715,id=s2
2023-12-13 18:50:13,019 [s2-impl-thread1] INFO  server.RaftServerConfigKeys (ConfUtils.java:logGet(46)) - raft.server.snapshot.trigger-when-stop.enabled = true (default)
2023-12-13 18:50:13,019 [s2-impl-thread1] INFO  server.RaftServerConfigKeys (ConfUtils.java:logGet(46)) - raft.server.snapshot.auto.trigger.enabled = false (default)
2023-12-13 18:50:13,020 [s2-impl-thread1] INFO  server.RaftServerConfigKeys (ConfUtils.java:logGet(46)) - raft.server.snapshot.retention.file.num = -1 (default)
2023-12-13 18:50:13,020 [s2-impl-thread1] INFO  server.RaftServerConfigKeys (ConfUtils.java:logGet(46)) - raft.server.log.purge.upto.snapshot.index = false (default)
2023-12-13 18:50:13,020 [Time-limited test] INFO  server.RaftServer (RaftServerProxy.java:startImpl(406)) - s2: start RPC server
2023-12-13 18:50:13,020 [Time-limited test] INFO  server.GrpcService (GrpcService.java:startImpl(302)) - s2: GrpcService started, listening on 44395
2023-12-13 18:50:13,020 [JvmPauseMonitor29] INFO  util.JvmPauseMonitor (JvmPauseMonitor.java:run(146)) - JvmPauseMonitor-s2: Started
2023-12-13 18:50:14,021 [Time-limited test] INFO  impl.GroupManagementBaseTest (GroupManagementBaseTest.java:runMultiGroupTest(267)) - start: printing ALL groups
  s3:  RUNNING  FOLLOWER s3@group-9B3688799715:t0, leader=null, voted=, raftlog=Memoized:s3@group-9B3688799715-SegmentedRaftLog:OPENED:c-1, conf=-1: peers:[]|listeners:[], old=null STARTING
  s4:  RUNNING  FOLLOWER s4@group-9B3688799715:t0, leader=null, voted=, raftlog=Memoized:s4@group-9B3688799715-SegmentedRaftLog:OPENED:c-1, conf=-1: peers:[]|listeners:[], old=null STARTING
  s5:  RUNNING  FOLLOWER s5@group-9B3688799715:t0, leader=null, voted=, raftlog=Memoized:s5@group-9B3688799715-SegmentedRaftLog:OPENED:c-1, conf=-1: peers:[]|listeners:[], old=null STARTING
  s6:  RUNNING  FOLLOWER s6@group-9B3688799715:t0, leader=null, voted=, raftlog=Memoized:s6@group-9B3688799715-SegmentedRaftLog:OPENED:c-1, conf=-1: peers:[]|listeners:[], old=null STARTING
  s7:  RUNNING  FOLLOWER s7@group-9B3688799715:t0, leader=null, voted=, raftlog=Memoized:s7@group-9B3688799715-SegmentedRaftLog:OPENED:c-1, conf=-1: peers:[]|listeners:[], old=null STARTING
  s8:  RUNNING  FOLLOWER s8@group-9B3688799715:t0, leader=null, voted=, raftlog=Memoized:s8@group-9B3688799715-SegmentedRaftLog:OPENED:c-1, conf=-1: peers:[]|listeners:[], old=null STARTING
  s0:  RUNNING  FOLLOWER s0@group-9B3688799715:t0, leader=null, voted=, raftlog=Memoized:s0@group-9B3688799715-SegmentedRaftLog:OPENED:c-1, conf=-1: peers:[]|listeners:[], old=null STARTING
  s1:  RUNNING  FOLLOWER s1@group-9B3688799715:t0, leader=null, voted=, raftlog=Memoized:s1@group-9B3688799715-SegmentedRaftLog:OPENED:c-1, conf=-1: peers:[]|listeners:[], old=null STARTING
  s2:  RUNNING  FOLLOWER s2@group-9B3688799715:t0, leader=null, voted=, raftlog=Memoized:s2@group-9B3688799715-SegmentedRaftLog:OPENED:c-1, conf=-1: peers:[]|listeners:[], old=null STARTING
2023-12-13 18:50:14,021 [Time-limited test] INFO  impl.GroupManagementBaseTest (GroupManagementBaseTest.java:runMultiGroupTest(281)) - 0) starting group-1D8CF138D879:[s3|0.0.0.0:38599, s4|0.0.0.0:45297, s0|0.0.0.0:43623, s1|0.0.0.0:37641, s2|0.0.0.0:44395]
2023-12-13 18:50:14,022 [Time-limited test] DEBUG client.RaftClient (ConfUtils.java:logGet(46)) - raft.rpc.type = GRPC (default)
2023-12-13 18:50:14,026 [grpc-default-executor-5] INFO  server.RaftServer (RaftServerProxy.java:addNew(100)) - s0: addNew group-1D8CF138D879:[s3|0.0.0.0:38599, s4|0.0.0.0:45297, s0|0.0.0.0:43623, s1|0.0.0.0:37641, s2|0.0.0.0:44395] returns group-1D8CF138D879:java.util.concurrent.CompletableFuture@208cb1b0[Not completed]
2023-12-13 18:50:14,026 [s0-groupManagement] INFO  server.RaftServer$Division (RaftServerImpl.java:<init>(256)) - s0: new RaftServerImpl for group-1D8CF138D879:[s3|0.0.0.0:38599, s4|0.0.0.0:45297, s0|0.0.0.0:43623, s1|0.0.0.0:37641, s2|0.0.0.0:44395] with BaseStateMachine:uninitialized
2023-12-13 18:50:14,026 [s0-groupManagement] INFO  server.RaftServerConfigKeys (ConfUtils.java:logGet(46)) - raft.server.rpc.timeout.min = 1500ms (custom)
2023-12-13 18:50:14,026 [s0-groupManagement] INFO  server.RaftServerConfigKeys (ConfUtils.java:logGet(46)) - raft.server.rpc.timeout.max = 2000ms (custom)
2023-12-13 18:50:14,026 [s0-groupManagement] INFO  server.RaftServerConfigKeys (ConfUtils.java:logGet(46)) - raft.server.rpc.sleep.time = 25ms (default)
2023-12-13 18:50:14,026 [s0-groupManagement] INFO  server.RaftServerConfigKeys (ConfUtils.java:logGet(46)) - raft.server.rpc.slowness.timeout = 60s (default)
2023-12-13 18:50:14,026 [s0-groupManagement] INFO  server.RaftServerConfigKeys (ConfUtils.java:logGet(46)) - raft.server.leaderelection.leader.step-down.wait-time = 10s (default)
2023-12-13 18:50:14,026 [s0-groupManagement] INFO  server.RaftServerConfigKeys (ConfUtils.java:logGet(46)) - raft.server.leaderelection.member.majority-add = false (default)
2023-12-13 18:50:14,026 [s0-groupManagement] INFO  server.RaftServerConfigKeys (ConfUtils.java:logGet(46)) - raft.server.sleep.deviation.threshold = 300ms (default)
2023-12-13 18:50:14,026 [s0-groupManagement] INFO  server.RaftServer$Division (ServerState.java:<init>(113)) - s0@group-1D8CF138D879: ConfigurationManager, init=-1: peers:[s3|0.0.0.0:38599, s4|0.0.0.0:45297, s0|0.0.0.0:43623, s1|0.0.0.0:37641, s2|0.0.0.0:44395]|listeners:[], old=null, confs=<EMPTY_MAP>
2023-12-13 18:50:14,026 [s0-groupManagement] INFO  server.RaftServerConfigKeys (ConfUtils.java:logGet(46)) - raft.server.notification.no-leader.timeout = 60s (default)
2023-12-13 18:50:14,026 [s0-groupManagement] INFO  server.RaftServerConfigKeys (ConfUtils.java:logGet(46)) - raft.server.read.timeout = 10s (default)
2023-12-13 18:50:14,026 [s0-groupManagement] INFO  server.RaftServerConfigKeys (ConfUtils.java:logGet(46)) - raft.server.retrycache.expirytime = 60s (default)
2023-12-13 18:50:14,026 [s0-groupManagement] INFO  server.RaftServerConfigKeys (ConfUtils.java:logGet(46)) - raft.server.retrycache.statistics.expirytime = 100ms (default)
2023-12-13 18:50:14,026 [s0-groupManagement] INFO  server.RaftServerConfigKeys (ConfUtils.java:logGet(46)) - raft.server.read.option = DEFAULT (default)
2023-12-13 18:50:14,026 [s0-groupManagement] INFO  server.RaftServerConfigKeys (ConfUtils.java:logGet(46)) - raft.server.read.read-after-write-consistent.write-index-cache.expiry-time = 60s (default)
2023-12-13 18:50:14,027 [s0-groupManagement] INFO  server.RaftServerConfigKeys (ConfUtils.java:logGet(46)) - raft.server.rpc.request.timeout = 3000ms (default)
2023-12-13 18:50:14,027 [s0-groupManagement] INFO  server.RaftServerConfigKeys (ConfUtils.java:logGet(46)) - raft.server.log.appender.install.snapshot.enabled = true (default)
2023-12-13 18:50:14,027 [s0-groupManagement] INFO  server.RaftServerConfigKeys (ConfUtils.java:logGet(46)) - raft.server.threadpool.server.cached = true (default)
2023-12-13 18:50:14,027 [s0-groupManagement] INFO  server.RaftServerConfigKeys (ConfUtils.java:logGet(46)) - raft.server.threadpool.server.size = 0 (default)
2023-12-13 18:50:14,027 [s0-groupManagement] INFO  server.RaftServerConfigKeys (ConfUtils.java:logGet(46)) - raft.server.threadpool.client.cached = true (default)
2023-12-13 18:50:14,027 [s0-groupManagement] INFO  server.RaftServerConfigKeys (ConfUtils.java:logGet(46)) - raft.server.threadpool.client.size = 0 (default)
2023-12-13 18:50:14,027 [s0-groupManagement] DEBUG server.RaftServer (RaftServerProxy.java:lambda$groupAddAsync$13(507)) - s0: newImpl =      null s0@group-1D8CF138D879:t0, leader=null, voted=null, raftlog=UNINITIALIZED, conf=-1: peers:[s3|0.0.0.0:38599, s4|0.0.0.0:45297, s0|0.0.0.0:43623, s1|0.0.0.0:37641, s2|0.0.0.0:44395]|listeners:[], old=null NEW
2023-12-13 18:50:14,027 [s0-groupManagement] INFO  server.RaftServerConfigKeys (ConfUtils.java:logGet(46)) - raft.server.storage.free-space.min = 0MB (=0) (default)
2023-12-13 18:50:14,027 [s0-groupManagement] INFO  server.RaftServerConfigKeys (ConfUtils.java:logGet(46)) - raft.server.log.corruption.policy = EXCEPTION (default)
2023-12-13 18:50:14,027 [s0-groupManagement] INFO  server.RaftServerConfigKeys (ConfUtils.java:logGet(46)) - raft.server.storage.dir = [/home/runner/work/ratis/ratis/ratis-test/target/test/data/b8de9602/MiniRaftClusterWithGrpcac948085/s0] (custom)
2023-12-13 18:50:14,027 [s0-groupManagement] INFO  storage.RaftStorageDirectory (RaftStorageDirectoryImpl.java:analyzeStorage(138)) - The storage directory /home/runner/work/ratis/ratis/ratis-test/target/test/data/b8de9602/MiniRaftClusterWithGrpcac948085/s0/e652f4e3-bbe7-406f-aff4-1d8cf138d879 does not exist. Creating ...
2023-12-13 18:50:14,027 [s0-groupManagement] TRACE util.FileUtils (LogUtils.java:runAndLog(49)) - Successfully ran Files.createDirectories /home/runner/work/ratis/ratis/ratis-test/target/test/data/b8de9602/MiniRaftClusterWithGrpcac948085/s0/e652f4e3-bbe7-406f-aff4-1d8cf138d879
2023-12-13 18:50:14,028 [s0-groupManagement] INFO  storage.RaftStorageDirectory (RaftStorageDirectoryImpl.java:tryLock(228)) - Lock on /home/runner/work/ratis/ratis/ratis-test/target/test/data/b8de9602/MiniRaftClusterWithGrpcac948085/s0/e652f4e3-bbe7-406f-aff4-1d8cf138d879/in_use.lock acquired by nodename 24599@fv-az743-812
2023-12-13 18:50:14,028 [s0-groupManagement] TRACE util.FileUtils (LogUtils.java:runAndLog(49)) - Successfully ran Files.createDirectories /home/runner/work/ratis/ratis/ratis-test/target/test/data/b8de9602/MiniRaftClusterWithGrpcac948085/s0/e652f4e3-bbe7-406f-aff4-1d8cf138d879/current
2023-12-13 18:50:14,028 [s0-groupManagement] TRACE util.FileUtils (LogUtils.java:runAndLog(49)) - Successfully ran Files.createDirectories /home/runner/work/ratis/ratis/ratis-test/target/test/data/b8de9602/MiniRaftClusterWithGrpcac948085/s0/e652f4e3-bbe7-406f-aff4-1d8cf138d879/sm
2023-12-13 18:50:14,028 [s0-groupManagement] TRACE util.FileUtils (LogUtils.java:supplyAndLog(69)) - Successfully supplied FileChannel.open /home/runner/work/ratis/ratis/ratis-test/target/test/data/b8de9602/MiniRaftClusterWithGrpcac948085/s0/e652f4e3-bbe7-406f-aff4-1d8cf138d879/current/raft-meta.tmp with options [CREATE, WRITE]: sun.nio.ch.FileChannelImpl@390bc7e0
2023-12-13 18:50:14,029 [s0-groupManagement] TRACE util.FileUtils (LogUtils.java:runAndLog(49)) - Successfully ran Atomic Files.move /home/runner/work/ratis/ratis/ratis-test/target/test/data/b8de9602/MiniRaftClusterWithGrpcac948085/s0/e652f4e3-bbe7-406f-aff4-1d8cf138d879/current/raft-meta.tmp to /home/runner/work/ratis/ratis/ratis-test/target/test/data/b8de9602/MiniRaftClusterWithGrpcac948085/s0/e652f4e3-bbe7-406f-aff4-1d8cf138d879/current/raft-meta with options [REPLACE_EXISTING]
2023-12-13 18:50:14,029 [s0-groupManagement] INFO  storage.RaftStorage (RaftStorageImpl.java:format(99)) - Storage directory /home/runner/work/ratis/ratis/ratis-test/target/test/data/b8de9602/MiniRaftClusterWithGrpcac948085/s0/e652f4e3-bbe7-406f-aff4-1d8cf138d879 has been successfully formatted.
2023-12-13 18:50:14,029 [s0-groupManagement] TRACE util.FileUtils (LogUtils.java:supplyAndLog(61)) - Failed to Files.newInputStream /home/runner/work/ratis/ratis/ratis-test/target/test/data/b8de9602/MiniRaftClusterWithGrpcac948085/s0/e652f4e3-bbe7-406f-aff4-1d8cf138d879/current/raft-meta.conf with options []
java.nio.file.NoSuchFileException: /home/runner/work/ratis/ratis/ratis-test/target/test/data/b8de9602/MiniRaftClusterWithGrpcac948085/s0/e652f4e3-bbe7-406f-aff4-1d8cf138d879/current/raft-meta.conf
	at java.base/sun.nio.fs.UnixException.translateToIOException(UnixException.java:92)
	at java.base/sun.nio.fs.UnixException.rethrowAsIOException(UnixException.java:111)
	at java.base/sun.nio.fs.UnixException.rethrowAsIOException(UnixException.java:116)
	at java.base/sun.nio.fs.UnixFileSystemProvider.newByteChannel(UnixFileSystemProvider.java:219)
	at java.base/java.nio.file.Files.newByteChannel(Files.java:371)
	at java.base/java.nio.file.Files.newByteChannel(Files.java:422)
	at java.base/java.nio.file.spi.FileSystemProvider.newInputStream(FileSystemProvider.java:420)
	at java.base/java.nio.file.Files.newInputStream(Files.java:156)
	at org.apache.ratis.util.FileUtils.lambda$newInputStream$2(FileUtils.java:73)
	at org.apache.ratis.util.LogUtils.supplyAndLog(LogUtils.java:58)
	at org.apache.ratis.util.FileUtils.newInputStream(FileUtils.java:72)
	at org.apache.ratis.util.FileUtils.newInputStream(FileUtils.java:68)
	at org.apache.ratis.server.storage.RaftStorageImpl.readRaftConfiguration(RaftStorageImpl.java:156)
	at org.apache.ratis.server.impl.ServerState.initialize(ServerState.java:141)
	at org.apache.ratis.server.impl.RaftServerImpl.start(RaftServerImpl.java:388)
	at org.apache.ratis.server.impl.RaftServerProxy.lambda$groupAddAsync$13(RaftServerProxy.java:509)
	at java.base/java.util.concurrent.CompletableFuture$UniApply.tryFire(CompletableFuture.java:642)
	at java.base/java.util.concurrent.CompletableFuture$Completion.run(CompletableFuture.java:478)
	at java.base/java.util.concurrent.ThreadPoolExecutor.runWorker(ThreadPoolExecutor.java:1128)
	at java.base/java.util.concurrent.ThreadPoolExecutor$Worker.run(ThreadPoolExecutor.java:628)
	at java.base/java.lang.Thread.run(Thread.java:829)
2023-12-13 18:50:14,030 [s0-groupManagement] INFO  server.RaftServerConfigKeys (ConfUtils.java:logGet(46)) - raft.server.log.use.memory = false (default)
2023-12-13 18:50:14,030 [s0-groupManagement] INFO  server.RaftServerConfigKeys (ConfUtils.java:logGet(46)) - raft.server.log.purge.gap = 1024 (default)
2023-12-13 18:50:14,030 [s0-groupManagement] INFO  server.RaftServerConfigKeys (ConfUtils.java:logGet(46)) - raft.server.log.appender.buffer.byte-limit = 4MB (=4194304) (default)
2023-12-13 18:50:14,030 [s0-groupManagement] INFO  server.RaftServerConfigKeys (ConfUtils.java:logGet(46)) - raft.server.log.statemachine.data.read.timeout = 1000ms (default)
2023-12-13 18:50:14,030 [s0-groupManagement] INFO  server.RaftServerConfigKeys (ConfUtils.java:logGet(46)) - raft.server.log.purge.preservation.log.num = 0 (default)
2023-12-13 18:50:14,030 [s0-groupManagement] INFO  server.RaftServerConfigKeys (ConfUtils.java:logGet(46)) - raft.server.log.segment.size.max = 32MB (=33554432) (default)
2023-12-13 18:50:14,030 [s0-groupManagement] INFO  server.RaftServerConfigKeys (ConfUtils.java:logGet(46)) - raft.server.log.segment.cache.num.max = 6 (default)
2023-12-13 18:50:14,030 [s0-groupManagement] INFO  server.RaftServerConfigKeys (ConfUtils.java:logGet(46)) - raft.server.log.segment.cache.size.max = 200MB (=209715200) (default)
2023-12-13 18:50:14,030 [s0-groupManagement] INFO  server.RaftServerConfigKeys (ConfUtils.java:logGet(46)) - raft.server.log.appender.buffer.byte-limit = 4MB (=4194304) (default)
2023-12-13 18:50:14,030 [s0-groupManagement] INFO  util.AwaitToRun (AwaitToRun.java:start(81)) - Thread[s0@group-1D8CF138D879-cacheEviction-AwaitToRun,5,main] started
2023-12-13 18:50:14,030 [s0-groupManagement] INFO  segmented.SegmentedRaftLogWorker (SegmentedRaftLogWorker.java:<init>(182)) - new s0@group-1D8CF138D879-SegmentedRaftLogWorker for RaftStorageImpl:Storage Directory /home/runner/work/ratis/ratis/ratis-test/target/test/data/b8de9602/MiniRaftClusterWithGrpcac948085/s0/e652f4e3-bbe7-406f-aff4-1d8cf138d879
2023-12-13 18:50:14,030 [s0-groupManagement] INFO  server.RaftServerConfigKeys (ConfUtils.java:logGet(46)) - raft.server.log.queue.byte-limit = 64MB (=67108864) (default)
2023-12-13 18:50:14,031 [s0-groupManagement] INFO  server.RaftServerConfigKeys (ConfUtils.java:logGet(46)) - raft.server.log.queue.element-limit = 4096 (default)
2023-12-13 18:50:14,031 [s0-groupManagement] INFO  server.RaftServerConfigKeys (ConfUtils.java:logGet(46)) - raft.server.log.segment.size.max = 32MB (=33554432) (default)
2023-12-13 18:50:14,031 [s0-groupManagement] INFO  server.RaftServerConfigKeys (ConfUtils.java:logGet(46)) - raft.server.log.preallocated.size = 4MB (=4194304) (default)
2023-12-13 18:50:14,031 [s0-groupManagement] INFO  server.RaftServerConfigKeys (ConfUtils.java:logGet(46)) - raft.server.log.force.sync.num = 128 (default)
2023-12-13 18:50:14,031 [s0-groupManagement] INFO  server.RaftServerConfigKeys (ConfUtils.java:logGet(46)) - raft.server.log.statemachine.data.sync = true (default)
2023-12-13 18:50:14,031 [s0-groupManagement] INFO  server.RaftServerConfigKeys (ConfUtils.java:logGet(46)) - raft.server.log.statemachine.data.sync.timeout = 10s (default)
2023-12-13 18:50:14,031 [s0-groupManagement] INFO  server.RaftServerConfigKeys (ConfUtils.java:logGet(46)) - raft.server.log.statemachine.data.sync.timeout.retry = -1 (default)
2023-12-13 18:50:14,031 [s0-groupManagement] INFO  server.RaftServerConfigKeys (ConfUtils.java:logGet(46)) - raft.server.log.write.buffer.size = 8MB (=8388608) (default)
2023-12-13 18:50:14,032 [s0-groupManagement] INFO  server.RaftServerConfigKeys (ConfUtils.java:logGet(46)) - raft.server.log.appender.buffer.byte-limit = 4MB (=4194304) (default)
2023-12-13 18:50:14,032 [s0-groupManagement] INFO  server.RaftServerConfigKeys (ConfUtils.java:logGet(46)) - raft.server.log.unsafe-flush.enabled = false (default)
2023-12-13 18:50:14,032 [s0-groupManagement] INFO  server.RaftServerConfigKeys (ConfUtils.java:logGet(46)) - raft.server.log.async-flush.enabled = false (default)
2023-12-13 18:50:14,032 [s0-groupManagement] INFO  server.RaftServerConfigKeys (ConfUtils.java:logGet(46)) - raft.server.log.statemachine.data.caching.enabled = false (default)
2023-12-13 18:50:14,032 [s0-groupManagement] INFO  segmented.SegmentedRaftLogWorker (SegmentedRaftLogWorker.java:lambda$new$0(134)) - s0@group-1D8CF138D879-SegmentedRaftLogWorker: flushIndex: setUnconditionally 0 -> -1
2023-12-13 18:50:14,032 [s0-groupManagement] INFO  segmented.SegmentedRaftLogWorker (SegmentedRaftLogWorker.java:lambda$new$0(134)) - s0@group-1D8CF138D879-SegmentedRaftLogWorker: safeCacheEvictIndex: setUnconditionally 0 -> -1
2023-12-13 18:50:14,032 [s0-groupManagement] INFO  server.RaftServer$Division (RaftServerImpl.java:start(392)) - s0@group-1D8CF138D879: start as a follower, conf=-1: peers:[s3|0.0.0.0:38599, s4|0.0.0.0:45297, s0|0.0.0.0:43623, s1|0.0.0.0:37641, s2|0.0.0.0:44395]|listeners:[], old=null
2023-12-13 18:50:14,032 [s0-groupManagement] INFO  server.RaftServer$Division (RaftServerImpl.java:setRole(379)) - s0@group-1D8CF138D879: changes role from      null to FOLLOWER at term 0 for startAsFollower
2023-12-13 18:50:14,032 [s0-groupManagement] INFO  impl.RoleInfo (RoleInfo.java:updateAndGet(139)) - s0: start s0@group-1D8CF138D879-FollowerState
2023-12-13 18:50:14,033 [s0@group-1D8CF138D879-FollowerState] INFO  server.RaftServerConfigKeys (ConfUtils.java:logFallback(53)) - raft.server.rpc.first-election.timeout.min = 1500ms (fallback to raft.server.rpc.timeout.min)
2023-12-13 18:50:14,033 [s0-groupManagement] INFO  util.JmxRegister (JmxRegister.java:tryRegister(44)) - Successfully registered JMX Bean with object name Ratis:service=RaftServer,group=group-1D8CF138D879,id=s0
2023-12-13 18:50:14,033 [s0@group-1D8CF138D879-FollowerState] INFO  server.RaftServerConfigKeys (ConfUtils.java:logFallback(53)) - raft.server.rpc.first-election.timeout.max = 2000ms (fallback to raft.server.rpc.timeout.max)
2023-12-13 18:50:14,033 [s0-groupManagement] INFO  server.RaftServerConfigKeys (ConfUtils.java:logGet(46)) - raft.server.snapshot.trigger-when-stop.enabled = true (default)
2023-12-13 18:50:14,033 [s0-groupManagement] INFO  server.RaftServerConfigKeys (ConfUtils.java:logGet(46)) - raft.server.snapshot.auto.trigger.enabled = false (default)
2023-12-13 18:50:14,033 [s0-groupManagement] INFO  server.RaftServerConfigKeys (ConfUtils.java:logGet(46)) - raft.server.snapshot.retention.file.num = -1 (default)
2023-12-13 18:50:14,033 [s0-groupManagement] INFO  server.RaftServerConfigKeys (ConfUtils.java:logGet(46)) - raft.server.log.purge.upto.snapshot.index = false (default)
2023-12-13 18:50:14,036 [Time-limited test] DEBUG client.RaftClient (ConfUtils.java:logGet(46)) - raft.rpc.type = GRPC (default)
2023-12-13 18:50:14,039 [grpc-default-executor-5] INFO  server.RaftServer (RaftServerProxy.java:addNew(100)) - s1: addNew group-1D8CF138D879:[s3|0.0.0.0:38599, s4|0.0.0.0:45297, s0|0.0.0.0:43623, s1|0.0.0.0:37641, s2|0.0.0.0:44395] returns group-1D8CF138D879:java.util.concurrent.CompletableFuture@520cda43[Not completed]
2023-12-13 18:50:14,039 [s1-groupManagement] INFO  server.RaftServer$Division (RaftServerImpl.java:<init>(256)) - s1: new RaftServerImpl for group-1D8CF138D879:[s3|0.0.0.0:38599, s4|0.0.0.0:45297, s0|0.0.0.0:43623, s1|0.0.0.0:37641, s2|0.0.0.0:44395] with BaseStateMachine:uninitialized
2023-12-13 18:50:14,039 [s1-groupManagement] INFO  server.RaftServerConfigKeys (ConfUtils.java:logGet(46)) - raft.server.rpc.timeout.min = 1500ms (custom)
2023-12-13 18:50:14,039 [s1-groupManagement] INFO  server.RaftServerConfigKeys (ConfUtils.java:logGet(46)) - raft.server.rpc.timeout.max = 2000ms (custom)
2023-12-13 18:50:14,039 [s1-groupManagement] INFO  server.RaftServerConfigKeys (ConfUtils.java:logGet(46)) - raft.server.rpc.sleep.time = 25ms (default)
2023-12-13 18:50:14,039 [s1-groupManagement] INFO  server.RaftServerConfigKeys (ConfUtils.java:logGet(46)) - raft.server.rpc.slowness.timeout = 60s (default)
2023-12-13 18:50:14,039 [s1-groupManagement] INFO  server.RaftServerConfigKeys (ConfUtils.java:logGet(46)) - raft.server.leaderelection.leader.step-down.wait-time = 10s (default)
2023-12-13 18:50:14,039 [s1-groupManagement] INFO  server.RaftServerConfigKeys (ConfUtils.java:logGet(46)) - raft.server.leaderelection.member.majority-add = false (default)
2023-12-13 18:50:14,039 [s1-groupManagement] INFO  server.RaftServerConfigKeys (ConfUtils.java:logGet(46)) - raft.server.sleep.deviation.threshold = 300ms (default)
2023-12-13 18:50:14,039 [s1-groupManagement] INFO  server.RaftServer$Division (ServerState.java:<init>(113)) - s1@group-1D8CF138D879: ConfigurationManager, init=-1: peers:[s3|0.0.0.0:38599, s4|0.0.0.0:45297, s0|0.0.0.0:43623, s1|0.0.0.0:37641, s2|0.0.0.0:44395]|listeners:[], old=null, confs=<EMPTY_MAP>
2023-12-13 18:50:14,039 [s1-groupManagement] INFO  server.RaftServerConfigKeys (ConfUtils.java:logGet(46)) - raft.server.notification.no-leader.timeout = 60s (default)
2023-12-13 18:50:14,039 [s1-groupManagement] INFO  server.RaftServerConfigKeys (ConfUtils.java:logGet(46)) - raft.server.read.timeout = 10s (default)
2023-12-13 18:50:14,040 [s1-groupManagement] INFO  server.RaftServerConfigKeys (ConfUtils.java:logGet(46)) - raft.server.retrycache.expirytime = 60s (default)
2023-12-13 18:50:14,040 [s1-groupManagement] INFO  server.RaftServerConfigKeys (ConfUtils.java:logGet(46)) - raft.server.retrycache.statistics.expirytime = 100ms (default)
2023-12-13 18:50:14,040 [s1-groupManagement] INFO  server.RaftServerConfigKeys (ConfUtils.java:logGet(46)) - raft.server.read.option = DEFAULT (default)
2023-12-13 18:50:14,040 [s1-groupManagement] INFO  server.RaftServerConfigKeys (ConfUtils.java:logGet(46)) - raft.server.read.read-after-write-consistent.write-index-cache.expiry-time = 60s (default)
2023-12-13 18:50:14,040 [s1-groupManagement] INFO  server.RaftServerConfigKeys (ConfUtils.java:logGet(46)) - raft.server.rpc.request.timeout = 3000ms (default)
2023-12-13 18:50:14,040 [s1-groupManagement] INFO  server.RaftServerConfigKeys (ConfUtils.java:logGet(46)) - raft.server.log.appender.install.snapshot.enabled = true (default)
2023-12-13 18:50:14,040 [s1-groupManagement] INFO  server.RaftServerConfigKeys (ConfUtils.java:logGet(46)) - raft.server.threadpool.server.cached = true (default)
2023-12-13 18:50:14,040 [s1-groupManagement] INFO  server.RaftServerConfigKeys (ConfUtils.java:logGet(46)) - raft.server.threadpool.server.size = 0 (default)
2023-12-13 18:50:14,040 [s1-groupManagement] INFO  server.RaftServerConfigKeys (ConfUtils.java:logGet(46)) - raft.server.threadpool.client.cached = true (default)
2023-12-13 18:50:14,040 [s1-groupManagement] INFO  server.RaftServerConfigKeys (ConfUtils.java:logGet(46)) - raft.server.threadpool.client.size = 0 (default)
2023-12-13 18:50:14,040 [s1-groupManagement] DEBUG server.RaftServer (RaftServerProxy.java:lambda$groupAddAsync$13(507)) - s1: newImpl =      null s1@group-1D8CF138D879:t0, leader=null, voted=null, raftlog=UNINITIALIZED, conf=-1: peers:[s3|0.0.0.0:38599, s4|0.0.0.0:45297, s0|0.0.0.0:43623, s1|0.0.0.0:37641, s2|0.0.0.0:44395]|listeners:[], old=null NEW
2023-12-13 18:50:14,040 [s1-groupManagement] INFO  server.RaftServerConfigKeys (ConfUtils.java:logGet(46)) - raft.server.storage.free-space.min = 0MB (=0) (default)
2023-12-13 18:50:14,040 [s1-groupManagement] INFO  server.RaftServerConfigKeys (ConfUtils.java:logGet(46)) - raft.server.log.corruption.policy = EXCEPTION (default)
2023-12-13 18:50:14,040 [s1-groupManagement] INFO  server.RaftServerConfigKeys (ConfUtils.java:logGet(46)) - raft.server.storage.dir = [/home/runner/work/ratis/ratis/ratis-test/target/test/data/b8de9602/MiniRaftClusterWithGrpcac948085/s1] (custom)
2023-12-13 18:50:14,040 [s1-groupManagement] INFO  storage.RaftStorageDirectory (RaftStorageDirectoryImpl.java:analyzeStorage(138)) - The storage directory /home/runner/work/ratis/ratis/ratis-test/target/test/data/b8de9602/MiniRaftClusterWithGrpcac948085/s1/e652f4e3-bbe7-406f-aff4-1d8cf138d879 does not exist. Creating ...
2023-12-13 18:50:14,040 [s1-groupManagement] TRACE util.FileUtils (LogUtils.java:runAndLog(49)) - Successfully ran Files.createDirectories /home/runner/work/ratis/ratis/ratis-test/target/test/data/b8de9602/MiniRaftClusterWithGrpcac948085/s1/e652f4e3-bbe7-406f-aff4-1d8cf138d879
2023-12-13 18:50:14,041 [s1-groupManagement] INFO  storage.RaftStorageDirectory (RaftStorageDirectoryImpl.java:tryLock(228)) - Lock on /home/runner/work/ratis/ratis/ratis-test/target/test/data/b8de9602/MiniRaftClusterWithGrpcac948085/s1/e652f4e3-bbe7-406f-aff4-1d8cf138d879/in_use.lock acquired by nodename 24599@fv-az743-812
2023-12-13 18:50:14,041 [s1-groupManagement] TRACE util.FileUtils (LogUtils.java:runAndLog(49)) - Successfully ran Files.createDirectories /home/runner/work/ratis/ratis/ratis-test/target/test/data/b8de9602/MiniRaftClusterWithGrpcac948085/s1/e652f4e3-bbe7-406f-aff4-1d8cf138d879/current
2023-12-13 18:50:14,041 [s1-groupManagement] TRACE util.FileUtils (LogUtils.java:runAndLog(49)) - Successfully ran Files.createDirectories /home/runner/work/ratis/ratis/ratis-test/target/test/data/b8de9602/MiniRaftClusterWithGrpcac948085/s1/e652f4e3-bbe7-406f-aff4-1d8cf138d879/sm
2023-12-13 18:50:14,041 [s1-groupManagement] TRACE util.FileUtils (LogUtils.java:supplyAndLog(69)) - Successfully supplied FileChannel.open /home/runner/work/ratis/ratis/ratis-test/target/test/data/b8de9602/MiniRaftClusterWithGrpcac948085/s1/e652f4e3-bbe7-406f-aff4-1d8cf138d879/current/raft-meta.tmp with options [CREATE, WRITE]: sun.nio.ch.FileChannelImpl@5c9282bc
2023-12-13 18:50:14,042 [s1-groupManagement] TRACE util.FileUtils (LogUtils.java:runAndLog(49)) - Successfully ran Atomic Files.move /home/runner/work/ratis/ratis/ratis-test/target/test/data/b8de9602/MiniRaftClusterWithGrpcac948085/s1/e652f4e3-bbe7-406f-aff4-1d8cf138d879/current/raft-meta.tmp to /home/runner/work/ratis/ratis/ratis-test/target/test/data/b8de9602/MiniRaftClusterWithGrpcac948085/s1/e652f4e3-bbe7-406f-aff4-1d8cf138d879/current/raft-meta with options [REPLACE_EXISTING]
2023-12-13 18:50:14,042 [s1-groupManagement] INFO  storage.RaftStorage (RaftStorageImpl.java:format(99)) - Storage directory /home/runner/work/ratis/ratis/ratis-test/target/test/data/b8de9602/MiniRaftClusterWithGrpcac948085/s1/e652f4e3-bbe7-406f-aff4-1d8cf138d879 has been successfully formatted.
2023-12-13 18:50:14,042 [s1-groupManagement] TRACE util.FileUtils (LogUtils.java:supplyAndLog(61)) - Failed to Files.newInputStream /home/runner/work/ratis/ratis/ratis-test/target/test/data/b8de9602/MiniRaftClusterWithGrpcac948085/s1/e652f4e3-bbe7-406f-aff4-1d8cf138d879/current/raft-meta.conf with options []
java.nio.file.NoSuchFileException: /home/runner/work/ratis/ratis/ratis-test/target/test/data/b8de9602/MiniRaftClusterWithGrpcac948085/s1/e652f4e3-bbe7-406f-aff4-1d8cf138d879/current/raft-meta.conf
	at java.base/sun.nio.fs.UnixException.translateToIOException(UnixException.java:92)
	at java.base/sun.nio.fs.UnixException.rethrowAsIOException(UnixException.java:111)
	at java.base/sun.nio.fs.UnixException.rethrowAsIOException(UnixException.java:116)
	at java.base/sun.nio.fs.UnixFileSystemProvider.newByteChannel(UnixFileSystemProvider.java:219)
	at java.base/java.nio.file.Files.newByteChannel(Files.java:371)
	at java.base/java.nio.file.Files.newByteChannel(Files.java:422)
	at java.base/java.nio.file.spi.FileSystemProvider.newInputStream(FileSystemProvider.java:420)
	at java.base/java.nio.file.Files.newInputStream(Files.java:156)
	at org.apache.ratis.util.FileUtils.lambda$newInputStream$2(FileUtils.java:73)
	at org.apache.ratis.util.LogUtils.supplyAndLog(LogUtils.java:58)
	at org.apache.ratis.util.FileUtils.newInputStream(FileUtils.java:72)
	at org.apache.ratis.util.FileUtils.newInputStream(FileUtils.java:68)
	at org.apache.ratis.server.storage.RaftStorageImpl.readRaftConfiguration(RaftStorageImpl.java:156)
	at org.apache.ratis.server.impl.ServerState.initialize(ServerState.java:141)
	at org.apache.ratis.server.impl.RaftServerImpl.start(RaftServerImpl.java:388)
	at org.apache.ratis.server.impl.RaftServerProxy.lambda$groupAddAsync$13(RaftServerProxy.java:509)
	at java.base/java.util.concurrent.CompletableFuture$UniApply.tryFire(CompletableFuture.java:642)
	at java.base/java.util.concurrent.CompletableFuture$Completion.run(CompletableFuture.java:478)
	at java.base/java.util.concurrent.ThreadPoolExecutor.runWorker(ThreadPoolExecutor.java:1128)
	at java.base/java.util.concurrent.ThreadPoolExecutor$Worker.run(ThreadPoolExecutor.java:628)
	at java.base/java.lang.Thread.run(Thread.java:829)
2023-12-13 18:50:14,042 [s1-groupManagement] INFO  server.RaftServerConfigKeys (ConfUtils.java:logGet(46)) - raft.server.log.use.memory = false (default)
2023-12-13 18:50:14,042 [s1-groupManagement] INFO  server.RaftServerConfigKeys (ConfUtils.java:logGet(46)) - raft.server.log.purge.gap = 1024 (default)
2023-12-13 18:50:14,042 [s1-groupManagement] INFO  server.RaftServerConfigKeys (ConfUtils.java:logGet(46)) - raft.server.log.appender.buffer.byte-limit = 4MB (=4194304) (default)
2023-12-13 18:50:14,042 [s1-groupManagement] INFO  server.RaftServerConfigKeys (ConfUtils.java:logGet(46)) - raft.server.log.statemachine.data.read.timeout = 1000ms (default)
2023-12-13 18:50:14,042 [s1-groupManagement] INFO  server.RaftServerConfigKeys (ConfUtils.java:logGet(46)) - raft.server.log.purge.preservation.log.num = 0 (default)
2023-12-13 18:50:14,042 [s1-groupManagement] INFO  server.RaftServerConfigKeys (ConfUtils.java:logGet(46)) - raft.server.log.segment.size.max = 32MB (=33554432) (default)
2023-12-13 18:50:14,043 [s1-groupManagement] INFO  server.RaftServerConfigKeys (ConfUtils.java:logGet(46)) - raft.server.log.segment.cache.num.max = 6 (default)
2023-12-13 18:50:14,043 [s1-groupManagement] INFO  server.RaftServerConfigKeys (ConfUtils.java:logGet(46)) - raft.server.log.segment.cache.size.max = 200MB (=209715200) (default)
2023-12-13 18:50:14,043 [s1-groupManagement] INFO  server.RaftServerConfigKeys (ConfUtils.java:logGet(46)) - raft.server.log.appender.buffer.byte-limit = 4MB (=4194304) (default)
2023-12-13 18:50:14,043 [s1-groupManagement] INFO  util.AwaitToRun (AwaitToRun.java:start(81)) - Thread[s1@group-1D8CF138D879-cacheEviction-AwaitToRun,5,main] started
2023-12-13 18:50:14,043 [s1-groupManagement] INFO  segmented.SegmentedRaftLogWorker (SegmentedRaftLogWorker.java:<init>(182)) - new s1@group-1D8CF138D879-SegmentedRaftLogWorker for RaftStorageImpl:Storage Directory /home/runner/work/ratis/ratis/ratis-test/target/test/data/b8de9602/MiniRaftClusterWithGrpcac948085/s1/e652f4e3-bbe7-406f-aff4-1d8cf138d879
2023-12-13 18:50:14,043 [s1-groupManagement] INFO  server.RaftServerConfigKeys (ConfUtils.java:logGet(46)) - raft.server.log.queue.byte-limit = 64MB (=67108864) (default)
2023-12-13 18:50:14,043 [s1-groupManagement] INFO  server.RaftServerConfigKeys (ConfUtils.java:logGet(46)) - raft.server.log.queue.element-limit = 4096 (default)
2023-12-13 18:50:14,043 [s1-groupManagement] INFO  server.RaftServerConfigKeys (ConfUtils.java:logGet(46)) - raft.server.log.segment.size.max = 32MB (=33554432) (default)
2023-12-13 18:50:14,043 [s1-groupManagement] INFO  server.RaftServerConfigKeys (ConfUtils.java:logGet(46)) - raft.server.log.preallocated.size = 4MB (=4194304) (default)
2023-12-13 18:50:14,043 [s1-groupManagement] INFO  server.RaftServerConfigKeys (ConfUtils.java:logGet(46)) - raft.server.log.force.sync.num = 128 (default)
2023-12-13 18:50:14,043 [s1-groupManagement] INFO  server.RaftServerConfigKeys (ConfUtils.java:logGet(46)) - raft.server.log.statemachine.data.sync = true (default)
2023-12-13 18:50:14,043 [s1-groupManagement] INFO  server.RaftServerConfigKeys (ConfUtils.java:logGet(46)) - raft.server.log.statemachine.data.sync.timeout = 10s (default)
2023-12-13 18:50:14,043 [s1-groupManagement] INFO  server.RaftServerConfigKeys (ConfUtils.java:logGet(46)) - raft.server.log.statemachine.data.sync.timeout.retry = -1 (default)
2023-12-13 18:50:14,043 [s1-groupManagement] INFO  server.RaftServerConfigKeys (ConfUtils.java:logGet(46)) - raft.server.log.write.buffer.size = 8MB (=8388608) (default)
2023-12-13 18:50:14,044 [s1-groupManagement] INFO  server.RaftServerConfigKeys (ConfUtils.java:logGet(46)) - raft.server.log.appender.buffer.byte-limit = 4MB (=4194304) (default)
2023-12-13 18:50:14,044 [s1-groupManagement] INFO  server.RaftServerConfigKeys (ConfUtils.java:logGet(46)) - raft.server.log.unsafe-flush.enabled = false (default)
2023-12-13 18:50:14,044 [s1-groupManagement] INFO  server.RaftServerConfigKeys (ConfUtils.java:logGet(46)) - raft.server.log.async-flush.enabled = false (default)
2023-12-13 18:50:14,044 [s1-groupManagement] INFO  server.RaftServerConfigKeys (ConfUtils.java:logGet(46)) - raft.server.log.statemachine.data.caching.enabled = false (default)
2023-12-13 18:50:14,044 [s1-groupManagement] INFO  segmented.SegmentedRaftLogWorker (SegmentedRaftLogWorker.java:lambda$new$0(134)) - s1@group-1D8CF138D879-SegmentedRaftLogWorker: flushIndex: setUnconditionally 0 -> -1
2023-12-13 18:50:14,044 [s1-groupManagement] INFO  segmented.SegmentedRaftLogWorker (SegmentedRaftLogWorker.java:lambda$new$0(134)) - s1@group-1D8CF138D879-SegmentedRaftLogWorker: safeCacheEvictIndex: setUnconditionally 0 -> -1
2023-12-13 18:50:14,045 [s1-groupManagement] INFO  server.RaftServer$Division (RaftServerImpl.java:start(392)) - s1@group-1D8CF138D879: start as a follower, conf=-1: peers:[s3|0.0.0.0:38599, s4|0.0.0.0:45297, s0|0.0.0.0:43623, s1|0.0.0.0:37641, s2|0.0.0.0:44395]|listeners:[], old=null
2023-12-13 18:50:14,045 [s1-groupManagement] INFO  server.RaftServer$Division (RaftServerImpl.java:setRole(379)) - s1@group-1D8CF138D879: changes role from      null to FOLLOWER at term 0 for startAsFollower
2023-12-13 18:50:14,045 [s1-groupManagement] INFO  impl.RoleInfo (RoleInfo.java:updateAndGet(139)) - s1: start s1@group-1D8CF138D879-FollowerState
2023-12-13 18:50:14,045 [s1@group-1D8CF138D879-FollowerState] INFO  server.RaftServerConfigKeys (ConfUtils.java:logFallback(53)) - raft.server.rpc.first-election.timeout.min = 1500ms (fallback to raft.server.rpc.timeout.min)
2023-12-13 18:50:14,045 [s1-groupManagement] INFO  util.JmxRegister (JmxRegister.java:tryRegister(44)) - Successfully registered JMX Bean with object name Ratis:service=RaftServer,group=group-1D8CF138D879,id=s1
2023-12-13 18:50:14,045 [s1@group-1D8CF138D879-FollowerState] INFO  server.RaftServerConfigKeys (ConfUtils.java:logFallback(53)) - raft.server.rpc.first-election.timeout.max = 2000ms (fallback to raft.server.rpc.timeout.max)
2023-12-13 18:50:14,045 [s1-groupManagement] INFO  server.RaftServerConfigKeys (ConfUtils.java:logGet(46)) - raft.server.snapshot.trigger-when-stop.enabled = true (default)
2023-12-13 18:50:14,045 [s1-groupManagement] INFO  server.RaftServerConfigKeys (ConfUtils.java:logGet(46)) - raft.server.snapshot.auto.trigger.enabled = false (default)
2023-12-13 18:50:14,045 [s1-groupManagement] INFO  server.RaftServerConfigKeys (ConfUtils.java:logGet(46)) - raft.server.snapshot.retention.file.num = -1 (default)
2023-12-13 18:50:14,045 [s1-groupManagement] INFO  server.RaftServerConfigKeys (ConfUtils.java:logGet(46)) - raft.server.log.purge.upto.snapshot.index = false (default)
2023-12-13 18:50:14,047 [Time-limited test] DEBUG client.RaftClient (ConfUtils.java:logGet(46)) - raft.rpc.type = GRPC (default)
2023-12-13 18:50:14,051 [grpc-default-executor-5] INFO  server.RaftServer (RaftServerProxy.java:addNew(100)) - s2: addNew group-1D8CF138D879:[s3|0.0.0.0:38599, s4|0.0.0.0:45297, s0|0.0.0.0:43623, s1|0.0.0.0:37641, s2|0.0.0.0:44395] returns group-1D8CF138D879:java.util.concurrent.CompletableFuture@276c1d3b[Not completed]
2023-12-13 18:50:14,051 [s2-groupManagement] INFO  server.RaftServer$Division (RaftServerImpl.java:<init>(256)) - s2: new RaftServerImpl for group-1D8CF138D879:[s3|0.0.0.0:38599, s4|0.0.0.0:45297, s0|0.0.0.0:43623, s1|0.0.0.0:37641, s2|0.0.0.0:44395] with BaseStateMachine:uninitialized
2023-12-13 18:50:14,051 [s2-groupManagement] INFO  server.RaftServerConfigKeys (ConfUtils.java:logGet(46)) - raft.server.rpc.timeout.min = 1500ms (custom)
2023-12-13 18:50:14,051 [s2-groupManagement] INFO  server.RaftServerConfigKeys (ConfUtils.java:logGet(46)) - raft.server.rpc.timeout.max = 2000ms (custom)
2023-12-13 18:50:14,051 [s2-groupManagement] INFO  server.RaftServerConfigKeys (ConfUtils.java:logGet(46)) - raft.server.rpc.sleep.time = 25ms (default)
2023-12-13 18:50:14,051 [s2-groupManagement] INFO  server.RaftServerConfigKeys (ConfUtils.java:logGet(46)) - raft.server.rpc.slowness.timeout = 60s (default)
2023-12-13 18:50:14,051 [s2-groupManagement] INFO  server.RaftServerConfigKeys (ConfUtils.java:logGet(46)) - raft.server.leaderelection.leader.step-down.wait-time = 10s (default)
2023-12-13 18:50:14,051 [s2-groupManagement] INFO  server.RaftServerConfigKeys (ConfUtils.java:logGet(46)) - raft.server.leaderelection.member.majority-add = false (default)
2023-12-13 18:50:14,051 [s2-groupManagement] INFO  server.RaftServerConfigKeys (ConfUtils.java:logGet(46)) - raft.server.sleep.deviation.threshold = 300ms (default)
2023-12-13 18:50:14,051 [s2-groupManagement] INFO  server.RaftServer$Division (ServerState.java:<init>(113)) - s2@group-1D8CF138D879: ConfigurationManager, init=-1: peers:[s3|0.0.0.0:38599, s4|0.0.0.0:45297, s0|0.0.0.0:43623, s1|0.0.0.0:37641, s2|0.0.0.0:44395]|listeners:[], old=null, confs=<EMPTY_MAP>
2023-12-13 18:50:14,051 [s2-groupManagement] INFO  server.RaftServerConfigKeys (ConfUtils.java:logGet(46)) - raft.server.notification.no-leader.timeout = 60s (default)
2023-12-13 18:50:14,051 [s2-groupManagement] INFO  server.RaftServerConfigKeys (ConfUtils.java:logGet(46)) - raft.server.read.timeout = 10s (default)
2023-12-13 18:50:14,051 [s2-groupManagement] INFO  server.RaftServerConfigKeys (ConfUtils.java:logGet(46)) - raft.server.retrycache.expirytime = 60s (default)
2023-12-13 18:50:14,051 [s2-groupManagement] INFO  server.RaftServerConfigKeys (ConfUtils.java:logGet(46)) - raft.server.retrycache.statistics.expirytime = 100ms (default)
2023-12-13 18:50:14,051 [s2-groupManagement] INFO  server.RaftServerConfigKeys (ConfUtils.java:logGet(46)) - raft.server.read.option = DEFAULT (default)
2023-12-13 18:50:14,052 [s2-groupManagement] INFO  server.RaftServerConfigKeys (ConfUtils.java:logGet(46)) - raft.server.read.read-after-write-consistent.write-index-cache.expiry-time = 60s (default)
2023-12-13 18:50:14,052 [s2-groupManagement] INFO  server.RaftServerConfigKeys (ConfUtils.java:logGet(46)) - raft.server.rpc.request.timeout = 3000ms (default)
2023-12-13 18:50:14,052 [s2-groupManagement] INFO  server.RaftServerConfigKeys (ConfUtils.java:logGet(46)) - raft.server.log.appender.install.snapshot.enabled = true (default)
2023-12-13 18:50:14,052 [s2-groupManagement] INFO  server.RaftServerConfigKeys (ConfUtils.java:logGet(46)) - raft.server.threadpool.server.cached = true (default)
2023-12-13 18:50:14,052 [s2-groupManagement] INFO  server.RaftServerConfigKeys (ConfUtils.java:logGet(46)) - raft.server.threadpool.server.size = 0 (default)
2023-12-13 18:50:14,052 [s2-groupManagement] INFO  server.RaftServerConfigKeys (ConfUtils.java:logGet(46)) - raft.server.threadpool.client.cached = true (default)
2023-12-13 18:50:14,052 [s2-groupManagement] INFO  server.RaftServerConfigKeys (ConfUtils.java:logGet(46)) - raft.server.threadpool.client.size = 0 (default)
2023-12-13 18:50:14,052 [s2-groupManagement] DEBUG server.RaftServer (RaftServerProxy.java:lambda$groupAddAsync$13(507)) - s2: newImpl =      null s2@group-1D8CF138D879:t0, leader=null, voted=null, raftlog=UNINITIALIZED, conf=-1: peers:[s3|0.0.0.0:38599, s4|0.0.0.0:45297, s0|0.0.0.0:43623, s1|0.0.0.0:37641, s2|0.0.0.0:44395]|listeners:[], old=null NEW
2023-12-13 18:50:14,052 [s2-groupManagement] INFO  server.RaftServerConfigKeys (ConfUtils.java:logGet(46)) - raft.server.storage.free-space.min = 0MB (=0) (default)
2023-12-13 18:50:14,052 [s2-groupManagement] INFO  server.RaftServerConfigKeys (ConfUtils.java:logGet(46)) - raft.server.log.corruption.policy = EXCEPTION (default)
2023-12-13 18:50:14,052 [s2-groupManagement] INFO  server.RaftServerConfigKeys (ConfUtils.java:logGet(46)) - raft.server.storage.dir = [/home/runner/work/ratis/ratis/ratis-test/target/test/data/b8de9602/MiniRaftClusterWithGrpcac948085/s2] (custom)
2023-12-13 18:50:14,052 [s2-groupManagement] INFO  storage.RaftStorageDirectory (RaftStorageDirectoryImpl.java:analyzeStorage(138)) - The storage directory /home/runner/work/ratis/ratis/ratis-test/target/test/data/b8de9602/MiniRaftClusterWithGrpcac948085/s2/e652f4e3-bbe7-406f-aff4-1d8cf138d879 does not exist. Creating ...
2023-12-13 18:50:14,052 [s2-groupManagement] TRACE util.FileUtils (LogUtils.java:runAndLog(49)) - Successfully ran Files.createDirectories /home/runner/work/ratis/ratis/ratis-test/target/test/data/b8de9602/MiniRaftClusterWithGrpcac948085/s2/e652f4e3-bbe7-406f-aff4-1d8cf138d879
2023-12-13 18:50:14,053 [s2-groupManagement] INFO  storage.RaftStorageDirectory (RaftStorageDirectoryImpl.java:tryLock(228)) - Lock on /home/runner/work/ratis/ratis/ratis-test/target/test/data/b8de9602/MiniRaftClusterWithGrpcac948085/s2/e652f4e3-bbe7-406f-aff4-1d8cf138d879/in_use.lock acquired by nodename 24599@fv-az743-812
2023-12-13 18:50:14,053 [s2-groupManagement] TRACE util.FileUtils (LogUtils.java:runAndLog(49)) - Successfully ran Files.createDirectories /home/runner/work/ratis/ratis/ratis-test/target/test/data/b8de9602/MiniRaftClusterWithGrpcac948085/s2/e652f4e3-bbe7-406f-aff4-1d8cf138d879/current
2023-12-13 18:50:14,053 [s2-groupManagement] TRACE util.FileUtils (LogUtils.java:runAndLog(49)) - Successfully ran Files.createDirectories /home/runner/work/ratis/ratis/ratis-test/target/test/data/b8de9602/MiniRaftClusterWithGrpcac948085/s2/e652f4e3-bbe7-406f-aff4-1d8cf138d879/sm
2023-12-13 18:50:14,054 [s2-groupManagement] TRACE util.FileUtils (LogUtils.java:supplyAndLog(69)) - Successfully supplied FileChannel.open /home/runner/work/ratis/ratis/ratis-test/target/test/data/b8de9602/MiniRaftClusterWithGrpcac948085/s2/e652f4e3-bbe7-406f-aff4-1d8cf138d879/current/raft-meta.tmp with options [CREATE, WRITE]: sun.nio.ch.FileChannelImpl@8cd69eb
2023-12-13 18:50:14,055 [s2-groupManagement] TRACE util.FileUtils (LogUtils.java:runAndLog(49)) - Successfully ran Atomic Files.move /home/runner/work/ratis/ratis/ratis-test/target/test/data/b8de9602/MiniRaftClusterWithGrpcac948085/s2/e652f4e3-bbe7-406f-aff4-1d8cf138d879/current/raft-meta.tmp to /home/runner/work/ratis/ratis/ratis-test/target/test/data/b8de9602/MiniRaftClusterWithGrpcac948085/s2/e652f4e3-bbe7-406f-aff4-1d8cf138d879/current/raft-meta with options [REPLACE_EXISTING]
2023-12-13 18:50:14,055 [s2-groupManagement] INFO  storage.RaftStorage (RaftStorageImpl.java:format(99)) - Storage directory /home/runner/work/ratis/ratis/ratis-test/target/test/data/b8de9602/MiniRaftClusterWithGrpcac948085/s2/e652f4e3-bbe7-406f-aff4-1d8cf138d879 has been successfully formatted.
2023-12-13 18:50:14,055 [s2-groupManagement] TRACE util.FileUtils (LogUtils.java:supplyAndLog(61)) - Failed to Files.newInputStream /home/runner/work/ratis/ratis/ratis-test/target/test/data/b8de9602/MiniRaftClusterWithGrpcac948085/s2/e652f4e3-bbe7-406f-aff4-1d8cf138d879/current/raft-meta.conf with options []
java.nio.file.NoSuchFileException: /home/runner/work/ratis/ratis/ratis-test/target/test/data/b8de9602/MiniRaftClusterWithGrpcac948085/s2/e652f4e3-bbe7-406f-aff4-1d8cf138d879/current/raft-meta.conf
	at java.base/sun.nio.fs.UnixException.translateToIOException(UnixException.java:92)
	at java.base/sun.nio.fs.UnixException.rethrowAsIOException(UnixException.java:111)
	at java.base/sun.nio.fs.UnixException.rethrowAsIOException(UnixException.java:116)
	at java.base/sun.nio.fs.UnixFileSystemProvider.newByteChannel(UnixFileSystemProvider.java:219)
	at java.base/java.nio.file.Files.newByteChannel(Files.java:371)
	at java.base/java.nio.file.Files.newByteChannel(Files.java:422)
	at java.base/java.nio.file.spi.FileSystemProvider.newInputStream(FileSystemProvider.java:420)
	at java.base/java.nio.file.Files.newInputStream(Files.java:156)
	at org.apache.ratis.util.FileUtils.lambda$newInputStream$2(FileUtils.java:73)
	at org.apache.ratis.util.LogUtils.supplyAndLog(LogUtils.java:58)
	at org.apache.ratis.util.FileUtils.newInputStream(FileUtils.java:72)
	at org.apache.ratis.util.FileUtils.newInputStream(FileUtils.java:68)
	at org.apache.ratis.server.storage.RaftStorageImpl.readRaftConfiguration(RaftStorageImpl.java:156)
	at org.apache.ratis.server.impl.ServerState.initialize(ServerState.java:141)
	at org.apache.ratis.server.impl.RaftServerImpl.start(RaftServerImpl.java:388)
	at org.apache.ratis.server.impl.RaftServerProxy.lambda$groupAddAsync$13(RaftServerProxy.java:509)
	at java.base/java.util.concurrent.CompletableFuture$UniApply.tryFire(CompletableFuture.java:642)
	at java.base/java.util.concurrent.CompletableFuture$Completion.run(CompletableFuture.java:478)
	at java.base/java.util.concurrent.ThreadPoolExecutor.runWorker(ThreadPoolExecutor.java:1128)
	at java.base/java.util.concurrent.ThreadPoolExecutor$Worker.run(ThreadPoolExecutor.java:628)
	at java.base/java.lang.Thread.run(Thread.java:829)
2023-12-13 18:50:14,055 [s2-groupManagement] INFO  server.RaftServerConfigKeys (ConfUtils.java:logGet(46)) - raft.server.log.use.memory = false (default)
2023-12-13 18:50:14,055 [s2-groupManagement] INFO  server.RaftServerConfigKeys (ConfUtils.java:logGet(46)) - raft.server.log.purge.gap = 1024 (default)
2023-12-13 18:50:14,055 [s2-groupManagement] INFO  server.RaftServerConfigKeys (ConfUtils.java:logGet(46)) - raft.server.log.appender.buffer.byte-limit = 4MB (=4194304) (default)
2023-12-13 18:50:14,055 [s2-groupManagement] INFO  server.RaftServerConfigKeys (ConfUtils.java:logGet(46)) - raft.server.log.statemachine.data.read.timeout = 1000ms (default)
2023-12-13 18:50:14,055 [s2-groupManagement] INFO  server.RaftServerConfigKeys (ConfUtils.java:logGet(46)) - raft.server.log.purge.preservation.log.num = 0 (default)
2023-12-13 18:50:14,055 [s2-groupManagement] INFO  server.RaftServerConfigKeys (ConfUtils.java:logGet(46)) - raft.server.log.segment.size.max = 32MB (=33554432) (default)
2023-12-13 18:50:14,055 [s2-groupManagement] INFO  server.RaftServerConfigKeys (ConfUtils.java:logGet(46)) - raft.server.log.segment.cache.num.max = 6 (default)
2023-12-13 18:50:14,056 [s2-groupManagement] INFO  server.RaftServerConfigKeys (ConfUtils.java:logGet(46)) - raft.server.log.segment.cache.size.max = 200MB (=209715200) (default)
2023-12-13 18:50:14,056 [s2-groupManagement] INFO  server.RaftServerConfigKeys (ConfUtils.java:logGet(46)) - raft.server.log.appender.buffer.byte-limit = 4MB (=4194304) (default)
2023-12-13 18:50:14,056 [s2-groupManagement] INFO  util.AwaitToRun (AwaitToRun.java:start(81)) - Thread[s2@group-1D8CF138D879-cacheEviction-AwaitToRun,5,main] started
2023-12-13 18:50:14,056 [s2-groupManagement] INFO  segmented.SegmentedRaftLogWorker (SegmentedRaftLogWorker.java:<init>(182)) - new s2@group-1D8CF138D879-SegmentedRaftLogWorker for RaftStorageImpl:Storage Directory /home/runner/work/ratis/ratis/ratis-test/target/test/data/b8de9602/MiniRaftClusterWithGrpcac948085/s2/e652f4e3-bbe7-406f-aff4-1d8cf138d879
2023-12-13 18:50:14,056 [s2-groupManagement] INFO  server.RaftServerConfigKeys (ConfUtils.java:logGet(46)) - raft.server.log.queue.byte-limit = 64MB (=67108864) (default)
2023-12-13 18:50:14,056 [s2-groupManagement] INFO  server.RaftServerConfigKeys (ConfUtils.java:logGet(46)) - raft.server.log.queue.element-limit = 4096 (default)
2023-12-13 18:50:14,056 [s2-groupManagement] INFO  server.RaftServerConfigKeys (ConfUtils.java:logGet(46)) - raft.server.log.segment.size.max = 32MB (=33554432) (default)
2023-12-13 18:50:14,056 [s2-groupManagement] INFO  server.RaftServerConfigKeys (ConfUtils.java:logGet(46)) - raft.server.log.preallocated.size = 4MB (=4194304) (default)
2023-12-13 18:50:14,056 [s2-groupManagement] INFO  server.RaftServerConfigKeys (ConfUtils.java:logGet(46)) - raft.server.log.force.sync.num = 128 (default)
2023-12-13 18:50:14,056 [s2-groupManagement] INFO  server.RaftServerConfigKeys (ConfUtils.java:logGet(46)) - raft.server.log.statemachine.data.sync = true (default)
2023-12-13 18:50:14,056 [s2-groupManagement] INFO  server.RaftServerConfigKeys (ConfUtils.java:logGet(46)) - raft.server.log.statemachine.data.sync.timeout = 10s (default)
2023-12-13 18:50:14,056 [s2-groupManagement] INFO  server.RaftServerConfigKeys (ConfUtils.java:logGet(46)) - raft.server.log.statemachine.data.sync.timeout.retry = -1 (default)
2023-12-13 18:50:14,056 [s2-groupManagement] INFO  server.RaftServerConfigKeys (ConfUtils.java:logGet(46)) - raft.server.log.write.buffer.size = 8MB (=8388608) (default)
2023-12-13 18:50:14,058 [s2-groupManagement] INFO  server.RaftServerConfigKeys (ConfUtils.java:logGet(46)) - raft.server.log.appender.buffer.byte-limit = 4MB (=4194304) (default)
2023-12-13 18:50:14,058 [s2-groupManagement] INFO  server.RaftServerConfigKeys (ConfUtils.java:logGet(46)) - raft.server.log.unsafe-flush.enabled = false (default)
2023-12-13 18:50:14,058 [s2-groupManagement] INFO  server.RaftServerConfigKeys (ConfUtils.java:logGet(46)) - raft.server.log.async-flush.enabled = false (default)
2023-12-13 18:50:14,058 [s2-groupManagement] INFO  server.RaftServerConfigKeys (ConfUtils.java:logGet(46)) - raft.server.log.statemachine.data.caching.enabled = false (default)
2023-12-13 18:50:14,058 [s2-groupManagement] INFO  segmented.SegmentedRaftLogWorker (SegmentedRaftLogWorker.java:lambda$new$0(134)) - s2@group-1D8CF138D879-SegmentedRaftLogWorker: flushIndex: setUnconditionally 0 -> -1
2023-12-13 18:50:14,058 [s2-groupManagement] INFO  segmented.SegmentedRaftLogWorker (SegmentedRaftLogWorker.java:lambda$new$0(134)) - s2@group-1D8CF138D879-SegmentedRaftLogWorker: safeCacheEvictIndex: setUnconditionally 0 -> -1
2023-12-13 18:50:14,059 [s2-groupManagement] INFO  server.RaftServer$Division (RaftServerImpl.java:start(392)) - s2@group-1D8CF138D879: start as a follower, conf=-1: peers:[s3|0.0.0.0:38599, s4|0.0.0.0:45297, s0|0.0.0.0:43623, s1|0.0.0.0:37641, s2|0.0.0.0:44395]|listeners:[], old=null
2023-12-13 18:50:14,059 [s2-groupManagement] INFO  server.RaftServer$Division (RaftServerImpl.java:setRole(379)) - s2@group-1D8CF138D879: changes role from      null to FOLLOWER at term 0 for startAsFollower
2023-12-13 18:50:14,059 [s2-groupManagement] INFO  impl.RoleInfo (RoleInfo.java:updateAndGet(139)) - s2: start s2@group-1D8CF138D879-FollowerState
2023-12-13 18:50:14,059 [s2@group-1D8CF138D879-FollowerState] INFO  server.RaftServerConfigKeys (ConfUtils.java:logFallback(53)) - raft.server.rpc.first-election.timeout.min = 1500ms (fallback to raft.server.rpc.timeout.min)
2023-12-13 18:50:14,059 [s2-groupManagement] INFO  util.JmxRegister (JmxRegister.java:tryRegister(44)) - Successfully registered JMX Bean with object name Ratis:service=RaftServer,group=group-1D8CF138D879,id=s2
2023-12-13 18:50:14,059 [s2@group-1D8CF138D879-FollowerState] INFO  server.RaftServerConfigKeys (ConfUtils.java:logFallback(53)) - raft.server.rpc.first-election.timeout.max = 2000ms (fallback to raft.server.rpc.timeout.max)
2023-12-13 18:50:14,059 [s2-groupManagement] INFO  server.RaftServerConfigKeys (ConfUtils.java:logGet(46)) - raft.server.snapshot.trigger-when-stop.enabled = true (default)
2023-12-13 18:50:14,059 [s2-groupManagement] INFO  server.RaftServerConfigKeys (ConfUtils.java:logGet(46)) - raft.server.snapshot.auto.trigger.enabled = false (default)
2023-12-13 18:50:14,059 [s2-groupManagement] INFO  server.RaftServerConfigKeys (ConfUtils.java:logGet(46)) - raft.server.snapshot.retention.file.num = -1 (default)
2023-12-13 18:50:14,059 [s2-groupManagement] INFO  server.RaftServerConfigKeys (ConfUtils.java:logGet(46)) - raft.server.log.purge.upto.snapshot.index = false (default)
2023-12-13 18:50:14,065 [Time-limited test] DEBUG client.RaftClient (ConfUtils.java:logGet(46)) - raft.rpc.type = GRPC (default)
2023-12-13 18:50:14,069 [grpc-default-executor-5] INFO  server.RaftServer (RaftServerProxy.java:addNew(100)) - s3: addNew group-1D8CF138D879:[s3|0.0.0.0:38599, s4|0.0.0.0:45297, s0|0.0.0.0:43623, s1|0.0.0.0:37641, s2|0.0.0.0:44395] returns group-1D8CF138D879:java.util.concurrent.CompletableFuture@276dcdb9[Not completed]
2023-12-13 18:50:14,069 [s3-groupManagement] INFO  server.RaftServer$Division (RaftServerImpl.java:<init>(256)) - s3: new RaftServerImpl for group-1D8CF138D879:[s3|0.0.0.0:38599, s4|0.0.0.0:45297, s0|0.0.0.0:43623, s1|0.0.0.0:37641, s2|0.0.0.0:44395] with BaseStateMachine:uninitialized
2023-12-13 18:50:14,069 [s3-groupManagement] INFO  server.RaftServerConfigKeys (ConfUtils.java:logGet(46)) - raft.server.rpc.timeout.min = 1500ms (custom)
2023-12-13 18:50:14,069 [s3-groupManagement] INFO  server.RaftServerConfigKeys (ConfUtils.java:logGet(46)) - raft.server.rpc.timeout.max = 2000ms (custom)
2023-12-13 18:50:14,069 [s3-groupManagement] INFO  server.RaftServerConfigKeys (ConfUtils.java:logGet(46)) - raft.server.rpc.sleep.time = 25ms (default)
2023-12-13 18:50:14,069 [s3-groupManagement] INFO  server.RaftServerConfigKeys (ConfUtils.java:logGet(46)) - raft.server.rpc.slowness.timeout = 60s (default)
2023-12-13 18:50:14,069 [s3-groupManagement] INFO  server.RaftServerConfigKeys (ConfUtils.java:logGet(46)) - raft.server.leaderelection.leader.step-down.wait-time = 10s (default)
2023-12-13 18:50:14,069 [s3-groupManagement] INFO  server.RaftServerConfigKeys (ConfUtils.java:logGet(46)) - raft.server.leaderelection.member.majority-add = false (default)
2023-12-13 18:50:14,069 [s3-groupManagement] INFO  server.RaftServerConfigKeys (ConfUtils.java:logGet(46)) - raft.server.sleep.deviation.threshold = 300ms (default)
2023-12-13 18:50:14,069 [s3-groupManagement] INFO  server.RaftServer$Division (ServerState.java:<init>(113)) - s3@group-1D8CF138D879: ConfigurationManager, init=-1: peers:[s3|0.0.0.0:38599, s4|0.0.0.0:45297, s0|0.0.0.0:43623, s1|0.0.0.0:37641, s2|0.0.0.0:44395]|listeners:[], old=null, confs=<EMPTY_MAP>
2023-12-13 18:50:14,069 [s3-groupManagement] INFO  server.RaftServerConfigKeys (ConfUtils.java:logGet(46)) - raft.server.notification.no-leader.timeout = 60s (default)
2023-12-13 18:50:14,069 [s3-groupManagement] INFO  server.RaftServerConfigKeys (ConfUtils.java:logGet(46)) - raft.server.read.timeout = 10s (default)
2023-12-13 18:50:14,069 [s3-groupManagement] INFO  server.RaftServerConfigKeys (ConfUtils.java:logGet(46)) - raft.server.retrycache.expirytime = 60s (default)
2023-12-13 18:50:14,069 [s3-groupManagement] INFO  server.RaftServerConfigKeys (ConfUtils.java:logGet(46)) - raft.server.retrycache.statistics.expirytime = 100ms (default)
2023-12-13 18:50:14,069 [s3-groupManagement] INFO  server.RaftServerConfigKeys (ConfUtils.java:logGet(46)) - raft.server.read.option = DEFAULT (default)
2023-12-13 18:50:14,069 [s3-groupManagement] INFO  server.RaftServerConfigKeys (ConfUtils.java:logGet(46)) - raft.server.read.read-after-write-consistent.write-index-cache.expiry-time = 60s (default)
2023-12-13 18:50:14,069 [s3-groupManagement] INFO  server.RaftServerConfigKeys (ConfUtils.java:logGet(46)) - raft.server.rpc.request.timeout = 3000ms (default)
2023-12-13 18:50:14,069 [s3-groupManagement] INFO  server.RaftServerConfigKeys (ConfUtils.java:logGet(46)) - raft.server.log.appender.install.snapshot.enabled = true (default)
2023-12-13 18:50:14,069 [s3-groupManagement] INFO  server.RaftServerConfigKeys (ConfUtils.java:logGet(46)) - raft.server.threadpool.server.cached = true (default)
2023-12-13 18:50:14,069 [s3-groupManagement] INFO  server.RaftServerConfigKeys (ConfUtils.java:logGet(46)) - raft.server.threadpool.server.size = 0 (default)
2023-12-13 18:50:14,070 [s3-groupManagement] INFO  server.RaftServerConfigKeys (ConfUtils.java:logGet(46)) - raft.server.threadpool.client.cached = true (default)
2023-12-13 18:50:14,070 [s3-groupManagement] INFO  server.RaftServerConfigKeys (ConfUtils.java:logGet(46)) - raft.server.threadpool.client.size = 0 (default)
2023-12-13 18:50:14,070 [s3-groupManagement] DEBUG server.RaftServer (RaftServerProxy.java:lambda$groupAddAsync$13(507)) - s3: newImpl =      null s3@group-1D8CF138D879:t0, leader=null, voted=null, raftlog=UNINITIALIZED, conf=-1: peers:[s3|0.0.0.0:38599, s4|0.0.0.0:45297, s0|0.0.0.0:43623, s1|0.0.0.0:37641, s2|0.0.0.0:44395]|listeners:[], old=null NEW
2023-12-13 18:50:14,070 [s3-groupManagement] INFO  server.RaftServerConfigKeys (ConfUtils.java:logGet(46)) - raft.server.storage.free-space.min = 0MB (=0) (default)
2023-12-13 18:50:14,070 [s3-groupManagement] INFO  server.RaftServerConfigKeys (ConfUtils.java:logGet(46)) - raft.server.log.corruption.policy = EXCEPTION (default)
2023-12-13 18:50:14,070 [s3-groupManagement] INFO  server.RaftServerConfigKeys (ConfUtils.java:logGet(46)) - raft.server.storage.dir = [/home/runner/work/ratis/ratis/ratis-test/target/test/data/b8de9602/MiniRaftClusterWithGrpcac948085/s3] (custom)
2023-12-13 18:50:14,070 [s3-groupManagement] INFO  storage.RaftStorageDirectory (RaftStorageDirectoryImpl.java:analyzeStorage(138)) - The storage directory /home/runner/work/ratis/ratis/ratis-test/target/test/data/b8de9602/MiniRaftClusterWithGrpcac948085/s3/e652f4e3-bbe7-406f-aff4-1d8cf138d879 does not exist. Creating ...
2023-12-13 18:50:14,070 [s3-groupManagement] TRACE util.FileUtils (LogUtils.java:runAndLog(49)) - Successfully ran Files.createDirectories /home/runner/work/ratis/ratis/ratis-test/target/test/data/b8de9602/MiniRaftClusterWithGrpcac948085/s3/e652f4e3-bbe7-406f-aff4-1d8cf138d879
2023-12-13 18:50:14,071 [s3-groupManagement] INFO  storage.RaftStorageDirectory (RaftStorageDirectoryImpl.java:tryLock(228)) - Lock on /home/runner/work/ratis/ratis/ratis-test/target/test/data/b8de9602/MiniRaftClusterWithGrpcac948085/s3/e652f4e3-bbe7-406f-aff4-1d8cf138d879/in_use.lock acquired by nodename 24599@fv-az743-812
2023-12-13 18:50:14,071 [s3-groupManagement] TRACE util.FileUtils (LogUtils.java:runAndLog(49)) - Successfully ran Files.createDirectories /home/runner/work/ratis/ratis/ratis-test/target/test/data/b8de9602/MiniRaftClusterWithGrpcac948085/s3/e652f4e3-bbe7-406f-aff4-1d8cf138d879/current
2023-12-13 18:50:14,071 [s3-groupManagement] TRACE util.FileUtils (LogUtils.java:runAndLog(49)) - Successfully ran Files.createDirectories /home/runner/work/ratis/ratis/ratis-test/target/test/data/b8de9602/MiniRaftClusterWithGrpcac948085/s3/e652f4e3-bbe7-406f-aff4-1d8cf138d879/sm
2023-12-13 18:50:14,071 [s3-groupManagement] TRACE util.FileUtils (LogUtils.java:supplyAndLog(69)) - Successfully supplied FileChannel.open /home/runner/work/ratis/ratis/ratis-test/target/test/data/b8de9602/MiniRaftClusterWithGrpcac948085/s3/e652f4e3-bbe7-406f-aff4-1d8cf138d879/current/raft-meta.tmp with options [CREATE, WRITE]: sun.nio.ch.FileChannelImpl@32492417
2023-12-13 18:50:14,072 [s3-groupManagement] TRACE util.FileUtils (LogUtils.java:runAndLog(49)) - Successfully ran Atomic Files.move /home/runner/work/ratis/ratis/ratis-test/target/test/data/b8de9602/MiniRaftClusterWithGrpcac948085/s3/e652f4e3-bbe7-406f-aff4-1d8cf138d879/current/raft-meta.tmp to /home/runner/work/ratis/ratis/ratis-test/target/test/data/b8de9602/MiniRaftClusterWithGrpcac948085/s3/e652f4e3-bbe7-406f-aff4-1d8cf138d879/current/raft-meta with options [REPLACE_EXISTING]
2023-12-13 18:50:14,072 [s3-groupManagement] INFO  storage.RaftStorage (RaftStorageImpl.java:format(99)) - Storage directory /home/runner/work/ratis/ratis/ratis-test/target/test/data/b8de9602/MiniRaftClusterWithGrpcac948085/s3/e652f4e3-bbe7-406f-aff4-1d8cf138d879 has been successfully formatted.
2023-12-13 18:50:14,072 [s3-groupManagement] TRACE util.FileUtils (LogUtils.java:supplyAndLog(61)) - Failed to Files.newInputStream /home/runner/work/ratis/ratis/ratis-test/target/test/data/b8de9602/MiniRaftClusterWithGrpcac948085/s3/e652f4e3-bbe7-406f-aff4-1d8cf138d879/current/raft-meta.conf with options []
java.nio.file.NoSuchFileException: /home/runner/work/ratis/ratis/ratis-test/target/test/data/b8de9602/MiniRaftClusterWithGrpcac948085/s3/e652f4e3-bbe7-406f-aff4-1d8cf138d879/current/raft-meta.conf
	at java.base/sun.nio.fs.UnixException.translateToIOException(UnixException.java:92)
	at java.base/sun.nio.fs.UnixException.rethrowAsIOException(UnixException.java:111)
	at java.base/sun.nio.fs.UnixException.rethrowAsIOException(UnixException.java:116)
	at java.base/sun.nio.fs.UnixFileSystemProvider.newByteChannel(UnixFileSystemProvider.java:219)
	at java.base/java.nio.file.Files.newByteChannel(Files.java:371)
	at java.base/java.nio.file.Files.newByteChannel(Files.java:422)
	at java.base/java.nio.file.spi.FileSystemProvider.newInputStream(FileSystemProvider.java:420)
	at java.base/java.nio.file.Files.newInputStream(Files.java:156)
	at org.apache.ratis.util.FileUtils.lambda$newInputStream$2(FileUtils.java:73)
	at org.apache.ratis.util.LogUtils.supplyAndLog(LogUtils.java:58)
	at org.apache.ratis.util.FileUtils.newInputStream(FileUtils.java:72)
	at org.apache.ratis.util.FileUtils.newInputStream(FileUtils.java:68)
	at org.apache.ratis.server.storage.RaftStorageImpl.readRaftConfiguration(RaftStorageImpl.java:156)
	at org.apache.ratis.server.impl.ServerState.initialize(ServerState.java:141)
	at org.apache.ratis.server.impl.RaftServerImpl.start(RaftServerImpl.java:388)
	at org.apache.ratis.server.impl.RaftServerProxy.lambda$groupAddAsync$13(RaftServerProxy.java:509)
	at java.base/java.util.concurrent.CompletableFuture$UniApply.tryFire(CompletableFuture.java:642)
	at java.base/java.util.concurrent.CompletableFuture$Completion.run(CompletableFuture.java:478)
	at java.base/java.util.concurrent.ThreadPoolExecutor.runWorker(ThreadPoolExecutor.java:1128)
	at java.base/java.util.concurrent.ThreadPoolExecutor$Worker.run(ThreadPoolExecutor.java:628)
	at java.base/java.lang.Thread.run(Thread.java:829)
2023-12-13 18:50:14,072 [s3-groupManagement] INFO  server.RaftServerConfigKeys (ConfUtils.java:logGet(46)) - raft.server.log.use.memory = false (default)
2023-12-13 18:50:14,072 [s3-groupManagement] INFO  server.RaftServerConfigKeys (ConfUtils.java:logGet(46)) - raft.server.log.purge.gap = 1024 (default)
2023-12-13 18:50:14,072 [s3-groupManagement] INFO  server.RaftServerConfigKeys (ConfUtils.java:logGet(46)) - raft.server.log.appender.buffer.byte-limit = 4MB (=4194304) (default)
2023-12-13 18:50:14,072 [s3-groupManagement] INFO  server.RaftServerConfigKeys (ConfUtils.java:logGet(46)) - raft.server.log.statemachine.data.read.timeout = 1000ms (default)
2023-12-13 18:50:14,072 [s3-groupManagement] INFO  server.RaftServerConfigKeys (ConfUtils.java:logGet(46)) - raft.server.log.purge.preservation.log.num = 0 (default)
2023-12-13 18:50:14,072 [s3-groupManagement] INFO  server.RaftServerConfigKeys (ConfUtils.java:logGet(46)) - raft.server.log.segment.size.max = 32MB (=33554432) (default)
2023-12-13 18:50:14,072 [s3-groupManagement] INFO  server.RaftServerConfigKeys (ConfUtils.java:logGet(46)) - raft.server.log.segment.cache.num.max = 6 (default)
2023-12-13 18:50:14,072 [s3-groupManagement] INFO  server.RaftServerConfigKeys (ConfUtils.java:logGet(46)) - raft.server.log.segment.cache.size.max = 200MB (=209715200) (default)
2023-12-13 18:50:14,072 [s3-groupManagement] INFO  server.RaftServerConfigKeys (ConfUtils.java:logGet(46)) - raft.server.log.appender.buffer.byte-limit = 4MB (=4194304) (default)
2023-12-13 18:50:14,073 [s3-groupManagement] INFO  util.AwaitToRun (AwaitToRun.java:start(81)) - Thread[s3@group-1D8CF138D879-cacheEviction-AwaitToRun,5,main] started
2023-12-13 18:50:14,073 [s3-groupManagement] INFO  segmented.SegmentedRaftLogWorker (SegmentedRaftLogWorker.java:<init>(182)) - new s3@group-1D8CF138D879-SegmentedRaftLogWorker for RaftStorageImpl:Storage Directory /home/runner/work/ratis/ratis/ratis-test/target/test/data/b8de9602/MiniRaftClusterWithGrpcac948085/s3/e652f4e3-bbe7-406f-aff4-1d8cf138d879
2023-12-13 18:50:14,073 [s3-groupManagement] INFO  server.RaftServerConfigKeys (ConfUtils.java:logGet(46)) - raft.server.log.queue.byte-limit = 64MB (=67108864) (default)
2023-12-13 18:50:14,073 [s3-groupManagement] INFO  server.RaftServerConfigKeys (ConfUtils.java:logGet(46)) - raft.server.log.queue.element-limit = 4096 (default)
2023-12-13 18:50:14,073 [s3-groupManagement] INFO  server.RaftServerConfigKeys (ConfUtils.java:logGet(46)) - raft.server.log.segment.size.max = 32MB (=33554432) (default)
2023-12-13 18:50:14,073 [s3-groupManagement] INFO  server.RaftServerConfigKeys (ConfUtils.java:logGet(46)) - raft.server.log.preallocated.size = 4MB (=4194304) (default)
2023-12-13 18:50:14,073 [s3-groupManagement] INFO  server.RaftServerConfigKeys (ConfUtils.java:logGet(46)) - raft.server.log.force.sync.num = 128 (default)
2023-12-13 18:50:14,073 [s3-groupManagement] INFO  server.RaftServerConfigKeys (ConfUtils.java:logGet(46)) - raft.server.log.statemachine.data.sync = true (default)
2023-12-13 18:50:14,073 [s3-groupManagement] INFO  server.RaftServerConfigKeys (ConfUtils.java:logGet(46)) - raft.server.log.statemachine.data.sync.timeout = 10s (default)
2023-12-13 18:50:14,073 [s3-groupManagement] INFO  server.RaftServerConfigKeys (ConfUtils.java:logGet(46)) - raft.server.log.statemachine.data.sync.timeout.retry = -1 (default)
2023-12-13 18:50:14,073 [s3-groupManagement] INFO  server.RaftServerConfigKeys (ConfUtils.java:logGet(46)) - raft.server.log.write.buffer.size = 8MB (=8388608) (default)
2023-12-13 18:50:14,074 [s3-groupManagement] INFO  server.RaftServerConfigKeys (ConfUtils.java:logGet(46)) - raft.server.log.appender.buffer.byte-limit = 4MB (=4194304) (default)
2023-12-13 18:50:14,074 [s3-groupManagement] INFO  server.RaftServerConfigKeys (ConfUtils.java:logGet(46)) - raft.server.log.unsafe-flush.enabled = false (default)
2023-12-13 18:50:14,074 [s3-groupManagement] INFO  server.RaftServerConfigKeys (ConfUtils.java:logGet(46)) - raft.server.log.async-flush.enabled = false (default)
2023-12-13 18:50:14,074 [s3-groupManagement] INFO  server.RaftServerConfigKeys (ConfUtils.java:logGet(46)) - raft.server.log.statemachine.data.caching.enabled = false (default)
2023-12-13 18:50:14,074 [s3-groupManagement] INFO  segmented.SegmentedRaftLogWorker (SegmentedRaftLogWorker.java:lambda$new$0(134)) - s3@group-1D8CF138D879-SegmentedRaftLogWorker: flushIndex: setUnconditionally 0 -> -1
2023-12-13 18:50:14,074 [s3-groupManagement] INFO  segmented.SegmentedRaftLogWorker (SegmentedRaftLogWorker.java:lambda$new$0(134)) - s3@group-1D8CF138D879-SegmentedRaftLogWorker: safeCacheEvictIndex: setUnconditionally 0 -> -1
2023-12-13 18:50:14,075 [s3-groupManagement] INFO  server.RaftServer$Division (RaftServerImpl.java:start(392)) - s3@group-1D8CF138D879: start as a follower, conf=-1: peers:[s3|0.0.0.0:38599, s4|0.0.0.0:45297, s0|0.0.0.0:43623, s1|0.0.0.0:37641, s2|0.0.0.0:44395]|listeners:[], old=null
2023-12-13 18:50:14,075 [s3-groupManagement] INFO  server.RaftServer$Division (RaftServerImpl.java:setRole(379)) - s3@group-1D8CF138D879: changes role from      null to FOLLOWER at term 0 for startAsFollower
2023-12-13 18:50:14,075 [s3-groupManagement] INFO  impl.RoleInfo (RoleInfo.java:updateAndGet(139)) - s3: start s3@group-1D8CF138D879-FollowerState
2023-12-13 18:50:14,075 [s3@group-1D8CF138D879-FollowerState] INFO  server.RaftServerConfigKeys (ConfUtils.java:logFallback(53)) - raft.server.rpc.first-election.timeout.min = 1500ms (fallback to raft.server.rpc.timeout.min)
2023-12-13 18:50:14,075 [s3-groupManagement] INFO  util.JmxRegister (JmxRegister.java:tryRegister(44)) - Successfully registered JMX Bean with object name Ratis:service=RaftServer,group=group-1D8CF138D879,id=s3
2023-12-13 18:50:14,075 [s3@group-1D8CF138D879-FollowerState] INFO  server.RaftServerConfigKeys (ConfUtils.java:logFallback(53)) - raft.server.rpc.first-election.timeout.max = 2000ms (fallback to raft.server.rpc.timeout.max)
2023-12-13 18:50:14,075 [s3-groupManagement] INFO  server.RaftServerConfigKeys (ConfUtils.java:logGet(46)) - raft.server.snapshot.trigger-when-stop.enabled = true (default)
2023-12-13 18:50:14,075 [s3-groupManagement] INFO  server.RaftServerConfigKeys (ConfUtils.java:logGet(46)) - raft.server.snapshot.auto.trigger.enabled = false (default)
2023-12-13 18:50:14,075 [s3-groupManagement] INFO  server.RaftServerConfigKeys (ConfUtils.java:logGet(46)) - raft.server.snapshot.retention.file.num = -1 (default)
2023-12-13 18:50:14,075 [s3-groupManagement] INFO  server.RaftServerConfigKeys (ConfUtils.java:logGet(46)) - raft.server.log.purge.upto.snapshot.index = false (default)
2023-12-13 18:50:14,078 [Time-limited test] DEBUG client.RaftClient (ConfUtils.java:logGet(46)) - raft.rpc.type = GRPC (default)
2023-12-13 18:50:14,081 [grpc-default-executor-5] INFO  server.RaftServer (RaftServerProxy.java:addNew(100)) - s4: addNew group-1D8CF138D879:[s3|0.0.0.0:38599, s4|0.0.0.0:45297, s0|0.0.0.0:43623, s1|0.0.0.0:37641, s2|0.0.0.0:44395] returns group-1D8CF138D879:java.util.concurrent.CompletableFuture@69ed98e4[Not completed]
2023-12-13 18:50:14,082 [s4-groupManagement] INFO  server.RaftServer$Division (RaftServerImpl.java:<init>(256)) - s4: new RaftServerImpl for group-1D8CF138D879:[s3|0.0.0.0:38599, s4|0.0.0.0:45297, s0|0.0.0.0:43623, s1|0.0.0.0:37641, s2|0.0.0.0:44395] with BaseStateMachine:uninitialized
2023-12-13 18:50:14,082 [s4-groupManagement] INFO  server.RaftServerConfigKeys (ConfUtils.java:logGet(46)) - raft.server.rpc.timeout.min = 1500ms (custom)
2023-12-13 18:50:14,082 [s4-groupManagement] INFO  server.RaftServerConfigKeys (ConfUtils.java:logGet(46)) - raft.server.rpc.timeout.max = 2000ms (custom)
2023-12-13 18:50:14,082 [s4-groupManagement] INFO  server.RaftServerConfigKeys (ConfUtils.java:logGet(46)) - raft.server.rpc.sleep.time = 25ms (default)
2023-12-13 18:50:14,082 [s4-groupManagement] INFO  server.RaftServerConfigKeys (ConfUtils.java:logGet(46)) - raft.server.rpc.slowness.timeout = 60s (default)
2023-12-13 18:50:14,082 [s4-groupManagement] INFO  server.RaftServerConfigKeys (ConfUtils.java:logGet(46)) - raft.server.leaderelection.leader.step-down.wait-time = 10s (default)
2023-12-13 18:50:14,082 [s4-groupManagement] INFO  server.RaftServerConfigKeys (ConfUtils.java:logGet(46)) - raft.server.leaderelection.member.majority-add = false (default)
2023-12-13 18:50:14,082 [s4-groupManagement] INFO  server.RaftServerConfigKeys (ConfUtils.java:logGet(46)) - raft.server.sleep.deviation.threshold = 300ms (default)
2023-12-13 18:50:14,082 [s4-groupManagement] INFO  server.RaftServer$Division (ServerState.java:<init>(113)) - s4@group-1D8CF138D879: ConfigurationManager, init=-1: peers:[s3|0.0.0.0:38599, s4|0.0.0.0:45297, s0|0.0.0.0:43623, s1|0.0.0.0:37641, s2|0.0.0.0:44395]|listeners:[], old=null, confs=<EMPTY_MAP>
2023-12-13 18:50:14,082 [s4-groupManagement] INFO  server.RaftServerConfigKeys (ConfUtils.java:logGet(46)) - raft.server.notification.no-leader.timeout = 60s (default)
2023-12-13 18:50:14,082 [s4-groupManagement] INFO  server.RaftServerConfigKeys (ConfUtils.java:logGet(46)) - raft.server.read.timeout = 10s (default)
2023-12-13 18:50:14,082 [s4-groupManagement] INFO  server.RaftServerConfigKeys (ConfUtils.java:logGet(46)) - raft.server.retrycache.expirytime = 60s (default)
2023-12-13 18:50:14,082 [s4-groupManagement] INFO  server.RaftServerConfigKeys (ConfUtils.java:logGet(46)) - raft.server.retrycache.statistics.expirytime = 100ms (default)
2023-12-13 18:50:14,082 [s4-groupManagement] INFO  server.RaftServerConfigKeys (ConfUtils.java:logGet(46)) - raft.server.read.option = DEFAULT (default)
2023-12-13 18:50:14,082 [s4-groupManagement] INFO  server.RaftServerConfigKeys (ConfUtils.java:logGet(46)) - raft.server.read.read-after-write-consistent.write-index-cache.expiry-time = 60s (default)
2023-12-13 18:50:14,082 [s4-groupManagement] INFO  server.RaftServerConfigKeys (ConfUtils.java:logGet(46)) - raft.server.rpc.request.timeout = 3000ms (default)
2023-12-13 18:50:14,082 [s4-groupManagement] INFO  server.RaftServerConfigKeys (ConfUtils.java:logGet(46)) - raft.server.log.appender.install.snapshot.enabled = true (default)
2023-12-13 18:50:14,082 [s4-groupManagement] INFO  server.RaftServerConfigKeys (ConfUtils.java:logGet(46)) - raft.server.threadpool.server.cached = true (default)
2023-12-13 18:50:14,082 [s4-groupManagement] INFO  server.RaftServerConfigKeys (ConfUtils.java:logGet(46)) - raft.server.threadpool.server.size = 0 (default)
2023-12-13 18:50:14,082 [s4-groupManagement] INFO  server.RaftServerConfigKeys (ConfUtils.java:logGet(46)) - raft.server.threadpool.client.cached = true (default)
2023-12-13 18:50:14,082 [s4-groupManagement] INFO  server.RaftServerConfigKeys (ConfUtils.java:logGet(46)) - raft.server.threadpool.client.size = 0 (default)
2023-12-13 18:50:14,082 [s4-groupManagement] DEBUG server.RaftServer (RaftServerProxy.java:lambda$groupAddAsync$13(507)) - s4: newImpl =      null s4@group-1D8CF138D879:t0, leader=null, voted=null, raftlog=UNINITIALIZED, conf=-1: peers:[s3|0.0.0.0:38599, s4|0.0.0.0:45297, s0|0.0.0.0:43623, s1|0.0.0.0:37641, s2|0.0.0.0:44395]|listeners:[], old=null NEW
2023-12-13 18:50:14,082 [s4-groupManagement] INFO  server.RaftServerConfigKeys (ConfUtils.java:logGet(46)) - raft.server.storage.free-space.min = 0MB (=0) (default)
2023-12-13 18:50:14,083 [s4-groupManagement] INFO  server.RaftServerConfigKeys (ConfUtils.java:logGet(46)) - raft.server.log.corruption.policy = EXCEPTION (default)
2023-12-13 18:50:14,083 [s4-groupManagement] INFO  server.RaftServerConfigKeys (ConfUtils.java:logGet(46)) - raft.server.storage.dir = [/home/runner/work/ratis/ratis/ratis-test/target/test/data/b8de9602/MiniRaftClusterWithGrpcac948085/s4] (custom)
2023-12-13 18:50:14,083 [s4-groupManagement] INFO  storage.RaftStorageDirectory (RaftStorageDirectoryImpl.java:analyzeStorage(138)) - The storage directory /home/runner/work/ratis/ratis/ratis-test/target/test/data/b8de9602/MiniRaftClusterWithGrpcac948085/s4/e652f4e3-bbe7-406f-aff4-1d8cf138d879 does not exist. Creating ...
2023-12-13 18:50:14,083 [s4-groupManagement] TRACE util.FileUtils (LogUtils.java:runAndLog(49)) - Successfully ran Files.createDirectories /home/runner/work/ratis/ratis/ratis-test/target/test/data/b8de9602/MiniRaftClusterWithGrpcac948085/s4/e652f4e3-bbe7-406f-aff4-1d8cf138d879
2023-12-13 18:50:14,084 [s4-groupManagement] INFO  storage.RaftStorageDirectory (RaftStorageDirectoryImpl.java:tryLock(228)) - Lock on /home/runner/work/ratis/ratis/ratis-test/target/test/data/b8de9602/MiniRaftClusterWithGrpcac948085/s4/e652f4e3-bbe7-406f-aff4-1d8cf138d879/in_use.lock acquired by nodename 24599@fv-az743-812
2023-12-13 18:50:14,084 [s4-groupManagement] TRACE util.FileUtils (LogUtils.java:runAndLog(49)) - Successfully ran Files.createDirectories /home/runner/work/ratis/ratis/ratis-test/target/test/data/b8de9602/MiniRaftClusterWithGrpcac948085/s4/e652f4e3-bbe7-406f-aff4-1d8cf138d879/current
2023-12-13 18:50:14,084 [s4-groupManagement] TRACE util.FileUtils (LogUtils.java:runAndLog(49)) - Successfully ran Files.createDirectories /home/runner/work/ratis/ratis/ratis-test/target/test/data/b8de9602/MiniRaftClusterWithGrpcac948085/s4/e652f4e3-bbe7-406f-aff4-1d8cf138d879/sm
2023-12-13 18:50:14,084 [s4-groupManagement] TRACE util.FileUtils (LogUtils.java:supplyAndLog(69)) - Successfully supplied FileChannel.open /home/runner/work/ratis/ratis/ratis-test/target/test/data/b8de9602/MiniRaftClusterWithGrpcac948085/s4/e652f4e3-bbe7-406f-aff4-1d8cf138d879/current/raft-meta.tmp with options [CREATE, WRITE]: sun.nio.ch.FileChannelImpl@1c516cb5
2023-12-13 18:50:14,084 [s4-groupManagement] TRACE util.FileUtils (LogUtils.java:runAndLog(49)) - Successfully ran Atomic Files.move /home/runner/work/ratis/ratis/ratis-test/target/test/data/b8de9602/MiniRaftClusterWithGrpcac948085/s4/e652f4e3-bbe7-406f-aff4-1d8cf138d879/current/raft-meta.tmp to /home/runner/work/ratis/ratis/ratis-test/target/test/data/b8de9602/MiniRaftClusterWithGrpcac948085/s4/e652f4e3-bbe7-406f-aff4-1d8cf138d879/current/raft-meta with options [REPLACE_EXISTING]
2023-12-13 18:50:14,085 [s4-groupManagement] INFO  storage.RaftStorage (RaftStorageImpl.java:format(99)) - Storage directory /home/runner/work/ratis/ratis/ratis-test/target/test/data/b8de9602/MiniRaftClusterWithGrpcac948085/s4/e652f4e3-bbe7-406f-aff4-1d8cf138d879 has been successfully formatted.
2023-12-13 18:50:14,085 [s4-groupManagement] TRACE util.FileUtils (LogUtils.java:supplyAndLog(61)) - Failed to Files.newInputStream /home/runner/work/ratis/ratis/ratis-test/target/test/data/b8de9602/MiniRaftClusterWithGrpcac948085/s4/e652f4e3-bbe7-406f-aff4-1d8cf138d879/current/raft-meta.conf with options []
java.nio.file.NoSuchFileException: /home/runner/work/ratis/ratis/ratis-test/target/test/data/b8de9602/MiniRaftClusterWithGrpcac948085/s4/e652f4e3-bbe7-406f-aff4-1d8cf138d879/current/raft-meta.conf
	at java.base/sun.nio.fs.UnixException.translateToIOException(UnixException.java:92)
	at java.base/sun.nio.fs.UnixException.rethrowAsIOException(UnixException.java:111)
	at java.base/sun.nio.fs.UnixException.rethrowAsIOException(UnixException.java:116)
	at java.base/sun.nio.fs.UnixFileSystemProvider.newByteChannel(UnixFileSystemProvider.java:219)
	at java.base/java.nio.file.Files.newByteChannel(Files.java:371)
	at java.base/java.nio.file.Files.newByteChannel(Files.java:422)
	at java.base/java.nio.file.spi.FileSystemProvider.newInputStream(FileSystemProvider.java:420)
	at java.base/java.nio.file.Files.newInputStream(Files.java:156)
	at org.apache.ratis.util.FileUtils.lambda$newInputStream$2(FileUtils.java:73)
	at org.apache.ratis.util.LogUtils.supplyAndLog(LogUtils.java:58)
	at org.apache.ratis.util.FileUtils.newInputStream(FileUtils.java:72)
	at org.apache.ratis.util.FileUtils.newInputStream(FileUtils.java:68)
	at org.apache.ratis.server.storage.RaftStorageImpl.readRaftConfiguration(RaftStorageImpl.java:156)
	at org.apache.ratis.server.impl.ServerState.initialize(ServerState.java:141)
	at org.apache.ratis.server.impl.RaftServerImpl.start(RaftServerImpl.java:388)
	at org.apache.ratis.server.impl.RaftServerProxy.lambda$groupAddAsync$13(RaftServerProxy.java:509)
	at java.base/java.util.concurrent.CompletableFuture$UniApply.tryFire(CompletableFuture.java:642)
	at java.base/java.util.concurrent.CompletableFuture$Completion.run(CompletableFuture.java:478)
	at java.base/java.util.concurrent.ThreadPoolExecutor.runWorker(ThreadPoolExecutor.java:1128)
	at java.base/java.util.concurrent.ThreadPoolExecutor$Worker.run(ThreadPoolExecutor.java:628)
	at java.base/java.lang.Thread.run(Thread.java:829)
2023-12-13 18:50:14,085 [s4-groupManagement] INFO  server.RaftServerConfigKeys (ConfUtils.java:logGet(46)) - raft.server.log.use.memory = false (default)
2023-12-13 18:50:14,085 [s4-groupManagement] INFO  server.RaftServerConfigKeys (ConfUtils.java:logGet(46)) - raft.server.log.purge.gap = 1024 (default)
2023-12-13 18:50:14,085 [s4-groupManagement] INFO  server.RaftServerConfigKeys (ConfUtils.java:logGet(46)) - raft.server.log.appender.buffer.byte-limit = 4MB (=4194304) (default)
2023-12-13 18:50:14,085 [s4-groupManagement] INFO  server.RaftServerConfigKeys (ConfUtils.java:logGet(46)) - raft.server.log.statemachine.data.read.timeout = 1000ms (default)
2023-12-13 18:50:14,085 [s4-groupManagement] INFO  server.RaftServerConfigKeys (ConfUtils.java:logGet(46)) - raft.server.log.purge.preservation.log.num = 0 (default)
2023-12-13 18:50:14,085 [s4-groupManagement] INFO  server.RaftServerConfigKeys (ConfUtils.java:logGet(46)) - raft.server.log.segment.size.max = 32MB (=33554432) (default)
2023-12-13 18:50:14,085 [s4-groupManagement] INFO  server.RaftServerConfigKeys (ConfUtils.java:logGet(46)) - raft.server.log.segment.cache.num.max = 6 (default)
2023-12-13 18:50:14,085 [s4-groupManagement] INFO  server.RaftServerConfigKeys (ConfUtils.java:logGet(46)) - raft.server.log.segment.cache.size.max = 200MB (=209715200) (default)
2023-12-13 18:50:14,085 [s4-groupManagement] INFO  server.RaftServerConfigKeys (ConfUtils.java:logGet(46)) - raft.server.log.appender.buffer.byte-limit = 4MB (=4194304) (default)
2023-12-13 18:50:14,085 [s4-groupManagement] INFO  util.AwaitToRun (AwaitToRun.java:start(81)) - Thread[s4@group-1D8CF138D879-cacheEviction-AwaitToRun,5,main] started
2023-12-13 18:50:14,085 [s4-groupManagement] INFO  segmented.SegmentedRaftLogWorker (SegmentedRaftLogWorker.java:<init>(182)) - new s4@group-1D8CF138D879-SegmentedRaftLogWorker for RaftStorageImpl:Storage Directory /home/runner/work/ratis/ratis/ratis-test/target/test/data/b8de9602/MiniRaftClusterWithGrpcac948085/s4/e652f4e3-bbe7-406f-aff4-1d8cf138d879
2023-12-13 18:50:14,085 [s4-groupManagement] INFO  server.RaftServerConfigKeys (ConfUtils.java:logGet(46)) - raft.server.log.queue.byte-limit = 64MB (=67108864) (default)
2023-12-13 18:50:14,085 [s4-groupManagement] INFO  server.RaftServerConfigKeys (ConfUtils.java:logGet(46)) - raft.server.log.queue.element-limit = 4096 (default)
2023-12-13 18:50:14,085 [s4-groupManagement] INFO  server.RaftServerConfigKeys (ConfUtils.java:logGet(46)) - raft.server.log.segment.size.max = 32MB (=33554432) (default)
2023-12-13 18:50:14,085 [s4-groupManagement] INFO  server.RaftServerConfigKeys (ConfUtils.java:logGet(46)) - raft.server.log.preallocated.size = 4MB (=4194304) (default)
2023-12-13 18:50:14,085 [s4-groupManagement] INFO  server.RaftServerConfigKeys (ConfUtils.java:logGet(46)) - raft.server.log.force.sync.num = 128 (default)
2023-12-13 18:50:14,085 [s4-groupManagement] INFO  server.RaftServerConfigKeys (ConfUtils.java:logGet(46)) - raft.server.log.statemachine.data.sync = true (default)
2023-12-13 18:50:14,085 [s4-groupManagement] INFO  server.RaftServerConfigKeys (ConfUtils.java:logGet(46)) - raft.server.log.statemachine.data.sync.timeout = 10s (default)
2023-12-13 18:50:14,085 [s4-groupManagement] INFO  server.RaftServerConfigKeys (ConfUtils.java:logGet(46)) - raft.server.log.statemachine.data.sync.timeout.retry = -1 (default)
2023-12-13 18:50:14,086 [s4-groupManagement] INFO  server.RaftServerConfigKeys (ConfUtils.java:logGet(46)) - raft.server.log.write.buffer.size = 8MB (=8388608) (default)
2023-12-13 18:50:14,087 [s4-groupManagement] INFO  server.RaftServerConfigKeys (ConfUtils.java:logGet(46)) - raft.server.log.appender.buffer.byte-limit = 4MB (=4194304) (default)
2023-12-13 18:50:14,087 [s4-groupManagement] INFO  server.RaftServerConfigKeys (ConfUtils.java:logGet(46)) - raft.server.log.unsafe-flush.enabled = false (default)
2023-12-13 18:50:14,087 [s4-groupManagement] INFO  server.RaftServerConfigKeys (ConfUtils.java:logGet(46)) - raft.server.log.async-flush.enabled = false (default)
2023-12-13 18:50:14,087 [s4-groupManagement] INFO  server.RaftServerConfigKeys (ConfUtils.java:logGet(46)) - raft.server.log.statemachine.data.caching.enabled = false (default)
2023-12-13 18:50:14,087 [s4-groupManagement] INFO  segmented.SegmentedRaftLogWorker (SegmentedRaftLogWorker.java:lambda$new$0(134)) - s4@group-1D8CF138D879-SegmentedRaftLogWorker: flushIndex: setUnconditionally 0 -> -1
2023-12-13 18:50:14,087 [s4-groupManagement] INFO  segmented.SegmentedRaftLogWorker (SegmentedRaftLogWorker.java:lambda$new$0(134)) - s4@group-1D8CF138D879-SegmentedRaftLogWorker: safeCacheEvictIndex: setUnconditionally 0 -> -1
2023-12-13 18:50:14,087 [s4-groupManagement] INFO  server.RaftServer$Division (RaftServerImpl.java:start(392)) - s4@group-1D8CF138D879: start as a follower, conf=-1: peers:[s3|0.0.0.0:38599, s4|0.0.0.0:45297, s0|0.0.0.0:43623, s1|0.0.0.0:37641, s2|0.0.0.0:44395]|listeners:[], old=null
2023-12-13 18:50:14,087 [s4-groupManagement] INFO  server.RaftServer$Division (RaftServerImpl.java:setRole(379)) - s4@group-1D8CF138D879: changes role from      null to FOLLOWER at term 0 for startAsFollower
2023-12-13 18:50:14,087 [s4-groupManagement] INFO  impl.RoleInfo (RoleInfo.java:updateAndGet(139)) - s4: start s4@group-1D8CF138D879-FollowerState
2023-12-13 18:50:14,087 [s4@group-1D8CF138D879-FollowerState] INFO  server.RaftServerConfigKeys (ConfUtils.java:logFallback(53)) - raft.server.rpc.first-election.timeout.min = 1500ms (fallback to raft.server.rpc.timeout.min)
2023-12-13 18:50:14,087 [s4-groupManagement] INFO  util.JmxRegister (JmxRegister.java:tryRegister(44)) - Successfully registered JMX Bean with object name Ratis:service=RaftServer,group=group-1D8CF138D879,id=s4
2023-12-13 18:50:14,087 [s4@group-1D8CF138D879-FollowerState] INFO  server.RaftServerConfigKeys (ConfUtils.java:logFallback(53)) - raft.server.rpc.first-election.timeout.max = 2000ms (fallback to raft.server.rpc.timeout.max)
2023-12-13 18:50:14,087 [s4-groupManagement] INFO  server.RaftServerConfigKeys (ConfUtils.java:logGet(46)) - raft.server.snapshot.trigger-when-stop.enabled = true (default)
2023-12-13 18:50:14,087 [s4-groupManagement] INFO  server.RaftServerConfigKeys (ConfUtils.java:logGet(46)) - raft.server.snapshot.auto.trigger.enabled = false (default)
2023-12-13 18:50:14,087 [s4-groupManagement] INFO  server.RaftServerConfigKeys (ConfUtils.java:logGet(46)) - raft.server.snapshot.retention.file.num = -1 (default)
2023-12-13 18:50:14,088 [s4-groupManagement] INFO  server.RaftServerConfigKeys (ConfUtils.java:logGet(46)) - raft.server.log.purge.upto.snapshot.index = false (default)
2023-12-13 18:50:14,090 [Time-limited test] INFO  server.RaftServerConfigKeys (ConfUtils.java:logGet(46)) - raft.server.rpc.timeout.max = 2000ms (custom)
2023-12-13 18:50:14,091 [Time-limited test] INFO  ratis.RaftTestUtil (RaftTestUtil.java:waitForLeader(100)) - printing group-1D8CF138D879
  s3:  RUNNING [
   FOLLOWER s3@group-1D8CF138D879:t0, leader=null, voted=, raftlog=Memoized:s3@group-1D8CF138D879-SegmentedRaftLog:OPENED:c-1, conf=-1: peers:[s3|0.0.0.0:38599, s4|0.0.0.0:45297, s0|0.0.0.0:43623, s1|0.0.0.0:37641, s2|0.0.0.0:44395]|listeners:[], old=null RUNNING
   FOLLOWER s3@group-9B3688799715:t0, leader=null, voted=, raftlog=Memoized:s3@group-9B3688799715-SegmentedRaftLog:OPENED:c-1, conf=-1: peers:[]|listeners:[], old=null STARTING] size=2
  s4:  RUNNING [
   FOLLOWER s4@group-1D8CF138D879:t0, leader=null, voted=, raftlog=Memoized:s4@group-1D8CF138D879-SegmentedRaftLog:OPENED:c-1, conf=-1: peers:[s3|0.0.0.0:38599, s4|0.0.0.0:45297, s0|0.0.0.0:43623, s1|0.0.0.0:37641, s2|0.0.0.0:44395]|listeners:[], old=null RUNNING
   FOLLOWER s4@group-9B3688799715:t0, leader=null, voted=, raftlog=Memoized:s4@group-9B3688799715-SegmentedRaftLog:OPENED:c-1, conf=-1: peers:[]|listeners:[], old=null STARTING] size=2
  s0:  RUNNING [
   FOLLOWER s0@group-1D8CF138D879:t0, leader=null, voted=, raftlog=Memoized:s0@group-1D8CF138D879-SegmentedRaftLog:OPENED:c-1, conf=-1: peers:[s3|0.0.0.0:38599, s4|0.0.0.0:45297, s0|0.0.0.0:43623, s1|0.0.0.0:37641, s2|0.0.0.0:44395]|listeners:[], old=null RUNNING
   FOLLOWER s0@group-9B3688799715:t0, leader=null, voted=, raftlog=Memoized:s0@group-9B3688799715-SegmentedRaftLog:OPENED:c-1, conf=-1: peers:[]|listeners:[], old=null STARTING] size=2
  s1:  RUNNING [
   FOLLOWER s1@group-1D8CF138D879:t0, leader=null, voted=, raftlog=Memoized:s1@group-1D8CF138D879-SegmentedRaftLog:OPENED:c-1, conf=-1: peers:[s3|0.0.0.0:38599, s4|0.0.0.0:45297, s0|0.0.0.0:43623, s1|0.0.0.0:37641, s2|0.0.0.0:44395]|listeners:[], old=null RUNNING
   FOLLOWER s1@group-9B3688799715:t0, leader=null, voted=, raftlog=Memoized:s1@group-9B3688799715-SegmentedRaftLog:OPENED:c-1, conf=-1: peers:[]|listeners:[], old=null STARTING] size=2
  s2:  RUNNING [
   FOLLOWER s2@group-1D8CF138D879:t0, leader=null, voted=, raftlog=Memoized:s2@group-1D8CF138D879-SegmentedRaftLog:OPENED:c-1, conf=-1: peers:[s3|0.0.0.0:38599, s4|0.0.0.0:45297, s0|0.0.0.0:43623, s1|0.0.0.0:37641, s2|0.0.0.0:44395]|listeners:[], old=null RUNNING
   FOLLOWER s2@group-9B3688799715:t0, leader=null, voted=, raftlog=Memoized:s2@group-9B3688799715-SegmentedRaftLog:OPENED:c-1, conf=-1: peers:[]|listeners:[], old=null STARTING] size=2
2023-12-13 18:50:14,091 [Time-limited test] WARN  ratis.RaftTestUtil (RaftTestUtil.java:lambda$waitForLeader$3(119)) - Attempt #1 failed: java.lang.IllegalStateException: No leader yet  for group-1D8CF138D879: printing group-1D8CF138D879
  s3:  RUNNING [
   FOLLOWER s3@group-1D8CF138D879:t0, leader=null, voted=, raftlog=Memoized:s3@group-1D8CF138D879-SegmentedRaftLog:OPENED:c-1, conf=-1: peers:[s3|0.0.0.0:38599, s4|0.0.0.0:45297, s0|0.0.0.0:43623, s1|0.0.0.0:37641, s2|0.0.0.0:44395]|listeners:[], old=null RUNNING
   FOLLOWER s3@group-9B3688799715:t0, leader=null, voted=, raftlog=Memoized:s3@group-9B3688799715-SegmentedRaftLog:OPENED:c-1, conf=-1: peers:[]|listeners:[], old=null STARTING] size=2
  s4:  RUNNING [
   FOLLOWER s4@group-1D8CF138D879:t0, leader=null, voted=, raftlog=Memoized:s4@group-1D8CF138D879-SegmentedRaftLog:OPENED:c-1, conf=-1: peers:[s3|0.0.0.0:38599, s4|0.0.0.0:45297, s0|0.0.0.0:43623, s1|0.0.0.0:37641, s2|0.0.0.0:44395]|listeners:[], old=null RUNNING
   FOLLOWER s4@group-9B3688799715:t0, leader=null, voted=, raftlog=Memoized:s4@group-9B3688799715-SegmentedRaftLog:OPENED:c-1, conf=-1: peers:[]|listeners:[], old=null STARTING] size=2
  s0:  RUNNING [
   FOLLOWER s0@group-1D8CF138D879:t0, leader=null, voted=, raftlog=Memoized:s0@group-1D8CF138D879-SegmentedRaftLog:OPENED:c-1, conf=-1: peers:[s3|0.0.0.0:38599, s4|0.0.0.0:45297, s0|0.0.0.0:43623, s1|0.0.0.0:37641, s2|0.0.0.0:44395]|listeners:[], old=null RUNNING
   FOLLOWER s0@group-9B3688799715:t0, leader=null, voted=, raftlog=Memoized:s0@group-9B3688799715-SegmentedRaftLog:OPENED:c-1, conf=-1: peers:[]|listeners:[], old=null STARTING] size=2
  s1:  RUNNING [
   FOLLOWER s1@group-1D8CF138D879:t0, leader=null, voted=, raftlog=Memoized:s1@group-1D8CF138D879-SegmentedRaftLog:OPENED:c-1, conf=-1: peers:[s3|0.0.0.0:38599, s4|0.0.0.0:45297, s0|0.0.0.0:43623, s1|0.0.0.0:37641, s2|0.0.0.0:44395]|listeners:[], old=null RUNNING
   FOLLOWER s1@group-9B3688799715:t0, leader=null, voted=, raftlog=Memoized:s1@group-9B3688799715-SegmentedRaftLog:OPENED:c-1, conf=-1: peers:[]|listeners:[], old=null STARTING] size=2
  s2:  RUNNING [
   FOLLOWER s2@group-1D8CF138D879:t0, leader=null, voted=, raftlog=Memoized:s2@group-1D8CF138D879-SegmentedRaftLog:OPENED:c-1, conf=-1: peers:[s3|0.0.0.0:38599, s4|0.0.0.0:45297, s0|0.0.0.0:43623, s1|0.0.0.0:37641, s2|0.0.0.0:44395]|listeners:[], old=null RUNNING
   FOLLOWER s2@group-9B3688799715:t0, leader=null, voted=, raftlog=Memoized:s2@group-9B3688799715-SegmentedRaftLog:OPENED:c-1, conf=-1: peers:[]|listeners:[], old=null STARTING] size=2
2023-12-13 18:50:15,551 [s0@group-1D8CF138D879-FollowerState] INFO  impl.FollowerState (FollowerState.java:run(143)) - s0@group-1D8CF138D879-FollowerState: change to CANDIDATE, lastRpcElapsedTime:1518395808ns, electionTimeout:1518ms
2023-12-13 18:50:15,551 [s0@group-1D8CF138D879-FollowerState] INFO  impl.RoleInfo (RoleInfo.java:shutdownFollowerState(110)) - s0: shutdown s0@group-1D8CF138D879-FollowerState
2023-12-13 18:50:15,551 [s0@group-1D8CF138D879-FollowerState] INFO  server.RaftServer$Division (RaftServerImpl.java:setRole(379)) - s0@group-1D8CF138D879: changes role from  FOLLOWER to CANDIDATE at term 0 for changeToCandidate
2023-12-13 18:50:15,551 [s0@group-1D8CF138D879-FollowerState] INFO  server.RaftServerConfigKeys (ConfUtils.java:logGet(46)) - raft.server.leaderelection.pre-vote = true (default)
2023-12-13 18:50:15,551 [s0@group-1D8CF138D879-FollowerState] INFO  impl.RoleInfo (RoleInfo.java:updateAndGet(139)) - s0: start s0@group-1D8CF138D879-LeaderElection6
2023-12-13 18:50:15,552 [s0@group-1D8CF138D879-LeaderElection6] INFO  impl.LeaderElection (LeaderElection.java:askForVotes(321)) - s0@group-1D8CF138D879-LeaderElection6 PRE_VOTE round 0: submit vote requests at term 0 for -1: peers:[s3|0.0.0.0:38599, s4|0.0.0.0:45297, s0|0.0.0.0:43623, s1|0.0.0.0:37641, s2|0.0.0.0:44395]|listeners:[], old=null
2023-12-13 18:50:15,552 [s0@group-1D8CF138D879-LeaderElection6-1] INFO  server.GrpcServerProtocolClient (GrpcServerProtocolClient.java:<init>(65)) - Build channel for s3
2023-12-13 18:50:15,552 [s0@group-1D8CF138D879-LeaderElection6-2] INFO  server.GrpcServerProtocolClient (GrpcServerProtocolClient.java:<init>(65)) - Build channel for s4
2023-12-13 18:50:15,552 [s0@group-1D8CF138D879-LeaderElection6-3] INFO  server.GrpcServerProtocolClient (GrpcServerProtocolClient.java:<init>(65)) - Build channel for s1
2023-12-13 18:50:15,552 [s0@group-1D8CF138D879-LeaderElection6] INFO  server.RaftServerConfigKeys (ConfUtils.java:logFallback(53)) - raft.server.rpc.first-election.timeout.min = 1500ms (fallback to raft.server.rpc.timeout.min)
2023-12-13 18:50:15,552 [s0@group-1D8CF138D879-LeaderElection6] INFO  server.RaftServerConfigKeys (ConfUtils.java:logFallback(53)) - raft.server.rpc.first-election.timeout.max = 2000ms (fallback to raft.server.rpc.timeout.max)
2023-12-13 18:50:15,552 [s0@group-1D8CF138D879-LeaderElection6-4] INFO  server.GrpcServerProtocolClient (GrpcServerProtocolClient.java:<init>(65)) - Build channel for s2
2023-12-13 18:50:15,558 [grpc-default-executor-6] INFO  server.RaftServer$Division (RaftServerImpl.java:requestVote(1377)) - s1@group-1D8CF138D879: receive requestVote(PRE_VOTE, s0, group-1D8CF138D879, 0, (t:0, i:0))
2023-12-13 18:50:15,558 [grpc-default-executor-5] INFO  server.RaftServer$Division (RaftServerImpl.java:requestVote(1377)) - s2@group-1D8CF138D879: receive requestVote(PRE_VOTE, s0, group-1D8CF138D879, 0, (t:0, i:0))
2023-12-13 18:50:15,558 [grpc-default-executor-6] INFO  impl.VoteContext (VoteContext.java:log(49)) - s1@group-1D8CF138D879-FOLLOWER: accept PRE_VOTE from s0: our priority 0 <= candidate's priority 0
2023-12-13 18:50:15,558 [grpc-default-executor-5] INFO  impl.VoteContext (VoteContext.java:log(49)) - s2@group-1D8CF138D879-FOLLOWER: accept PRE_VOTE from s0: our priority 0 <= candidate's priority 0
2023-12-13 18:50:15,558 [grpc-default-executor-6] INFO  server.RaftServer$Division (RaftServerImpl.java:requestVote(1410)) - s1@group-1D8CF138D879 replies to PRE_VOTE vote request: s0<-s1#0:OK-t0. Peer's state: s1@group-1D8CF138D879:t0, leader=null, voted=, raftlog=Memoized:s1@group-1D8CF138D879-SegmentedRaftLog:OPENED:c-1, conf=-1: peers:[s3|0.0.0.0:38599, s4|0.0.0.0:45297, s0|0.0.0.0:43623, s1|0.0.0.0:37641, s2|0.0.0.0:44395]|listeners:[], old=null
2023-12-13 18:50:15,558 [grpc-default-executor-5] INFO  server.RaftServer$Division (RaftServerImpl.java:requestVote(1410)) - s2@group-1D8CF138D879 replies to PRE_VOTE vote request: s0<-s2#0:OK-t0. Peer's state: s2@group-1D8CF138D879:t0, leader=null, voted=, raftlog=Memoized:s2@group-1D8CF138D879-SegmentedRaftLog:OPENED:c-1, conf=-1: peers:[s3|0.0.0.0:38599, s4|0.0.0.0:45297, s0|0.0.0.0:43623, s1|0.0.0.0:37641, s2|0.0.0.0:44395]|listeners:[], old=null
2023-12-13 18:50:15,559 [grpc-default-executor-5] INFO  server.RaftServer$Division (RaftServerImpl.java:requestVote(1377)) - s3@group-1D8CF138D879: receive requestVote(PRE_VOTE, s0, group-1D8CF138D879, 0, (t:0, i:0))
2023-12-13 18:50:15,559 [grpc-default-executor-5] INFO  impl.VoteContext (VoteContext.java:log(49)) - s3@group-1D8CF138D879-FOLLOWER: accept PRE_VOTE from s0: our priority 0 <= candidate's priority 0
2023-12-13 18:50:15,559 [grpc-default-executor-5] INFO  server.RaftServer$Division (RaftServerImpl.java:requestVote(1410)) - s3@group-1D8CF138D879 replies to PRE_VOTE vote request: s0<-s3#0:OK-t0. Peer's state: s3@group-1D8CF138D879:t0, leader=null, voted=, raftlog=Memoized:s3@group-1D8CF138D879-SegmentedRaftLog:OPENED:c-1, conf=-1: peers:[s3|0.0.0.0:38599, s4|0.0.0.0:45297, s0|0.0.0.0:43623, s1|0.0.0.0:37641, s2|0.0.0.0:44395]|listeners:[], old=null
2023-12-13 18:50:15,560 [s0@group-1D8CF138D879-LeaderElection6] INFO  impl.LeaderElection (LeaderElection.java:logAndReturn(89)) - s0@group-1D8CF138D879-LeaderElection6: PRE_VOTE PASSED received 2 response(s) and 0 exception(s):
2023-12-13 18:50:15,561 [s0@group-1D8CF138D879-LeaderElection6] INFO  impl.LeaderElection (LeaderElection.java:logAndReturn(93)) -   Response 0: s0<-s3#0:OK-t0
2023-12-13 18:50:15,561 [s0@group-1D8CF138D879-LeaderElection6] INFO  impl.LeaderElection (LeaderElection.java:logAndReturn(93)) -   Response 1: s0<-s2#0:OK-t0
2023-12-13 18:50:15,561 [s0@group-1D8CF138D879-LeaderElection6] INFO  impl.LeaderElection (LeaderElection.java:askForVotes(323)) - s0@group-1D8CF138D879-LeaderElection6 PRE_VOTE round 0: result PASSED
2023-12-13 18:50:15,561 [grpc-default-executor-6] INFO  server.RaftServer$Division (RaftServerImpl.java:requestVote(1377)) - s4@group-1D8CF138D879: receive requestVote(PRE_VOTE, s0, group-1D8CF138D879, 0, (t:0, i:0))
2023-12-13 18:50:15,561 [s0@group-1D8CF138D879-LeaderElection6] TRACE util.FileUtils (LogUtils.java:supplyAndLog(69)) - Successfully supplied FileChannel.open /home/runner/work/ratis/ratis/ratis-test/target/test/data/b8de9602/MiniRaftClusterWithGrpcac948085/s0/e652f4e3-bbe7-406f-aff4-1d8cf138d879/current/raft-meta.tmp with options [CREATE, WRITE]: sun.nio.ch.FileChannelImpl@5452693c
2023-12-13 18:50:15,561 [grpc-default-executor-6] INFO  impl.VoteContext (VoteContext.java:log(49)) - s4@group-1D8CF138D879-FOLLOWER: accept PRE_VOTE from s0: our priority 0 <= candidate's priority 0
2023-12-13 18:50:15,561 [grpc-default-executor-6] INFO  server.RaftServer$Division (RaftServerImpl.java:requestVote(1410)) - s4@group-1D8CF138D879 replies to PRE_VOTE vote request: s0<-s4#0:OK-t0. Peer's state: s4@group-1D8CF138D879:t0, leader=null, voted=, raftlog=Memoized:s4@group-1D8CF138D879-SegmentedRaftLog:OPENED:c-1, conf=-1: peers:[s3|0.0.0.0:38599, s4|0.0.0.0:45297, s0|0.0.0.0:43623, s1|0.0.0.0:37641, s2|0.0.0.0:44395]|listeners:[], old=null
2023-12-13 18:50:15,562 [s0@group-1D8CF138D879-LeaderElection6] TRACE util.FileUtils (LogUtils.java:runAndLog(49)) - Successfully ran Atomic Files.move /home/runner/work/ratis/ratis/ratis-test/target/test/data/b8de9602/MiniRaftClusterWithGrpcac948085/s0/e652f4e3-bbe7-406f-aff4-1d8cf138d879/current/raft-meta.tmp to /home/runner/work/ratis/ratis/ratis-test/target/test/data/b8de9602/MiniRaftClusterWithGrpcac948085/s0/e652f4e3-bbe7-406f-aff4-1d8cf138d879/current/raft-meta with options [REPLACE_EXISTING]
2023-12-13 18:50:15,562 [s0@group-1D8CF138D879-LeaderElection6] INFO  impl.LeaderElection (LeaderElection.java:askForVotes(321)) - s0@group-1D8CF138D879-LeaderElection6 ELECTION round 0: submit vote requests at term 1 for -1: peers:[s3|0.0.0.0:38599, s4|0.0.0.0:45297, s0|0.0.0.0:43623, s1|0.0.0.0:37641, s2|0.0.0.0:44395]|listeners:[], old=null
2023-12-13 18:50:15,563 [s0@group-1D8CF138D879-LeaderElection6] INFO  server.RaftServerConfigKeys (ConfUtils.java:logFallback(53)) - raft.server.rpc.first-election.timeout.min = 1500ms (fallback to raft.server.rpc.timeout.min)
2023-12-13 18:50:15,563 [s0@group-1D8CF138D879-LeaderElection6] INFO  server.RaftServerConfigKeys (ConfUtils.java:logFallback(53)) - raft.server.rpc.first-election.timeout.max = 2000ms (fallback to raft.server.rpc.timeout.max)
2023-12-13 18:50:15,564 [grpc-default-executor-5] INFO  server.RaftServer$Division (RaftServerImpl.java:requestVote(1377)) - s3@group-1D8CF138D879: receive requestVote(ELECTION, s0, group-1D8CF138D879, 1, (t:0, i:0))
2023-12-13 18:50:15,564 [grpc-default-executor-5] INFO  impl.VoteContext (VoteContext.java:log(49)) - s3@group-1D8CF138D879-FOLLOWER: accept ELECTION from s0: our priority 0 <= candidate's priority 0
2023-12-13 18:50:15,564 [grpc-default-executor-5] INFO  server.RaftServer$Division (RaftServerImpl.java:setRole(379)) - s3@group-1D8CF138D879: changes role from  FOLLOWER to FOLLOWER at term 1 for candidate:s0
2023-12-13 18:50:15,564 [grpc-default-executor-5] INFO  impl.RoleInfo (RoleInfo.java:shutdownFollowerState(110)) - s3: shutdown s3@group-1D8CF138D879-FollowerState
2023-12-13 18:50:15,564 [grpc-default-executor-5] INFO  impl.RoleInfo (RoleInfo.java:updateAndGet(139)) - s3: start s3@group-1D8CF138D879-FollowerState
2023-12-13 18:50:15,564 [s3@group-1D8CF138D879-FollowerState] INFO  impl.FollowerState (FollowerState.java:run(152)) - s3@group-1D8CF138D879-FollowerState was interrupted
2023-12-13 18:50:15,566 [grpc-default-executor-5] INFO  server.RaftServer$Division (RaftServerImpl.java:setFirstElection(564)) - s3@group-1D8CF138D879: set firstElectionSinceStartup to false for candidate:s0
2023-12-13 18:50:15,566 [grpc-default-executor-5] TRACE util.FileUtils (LogUtils.java:supplyAndLog(69)) - Successfully supplied FileChannel.open /home/runner/work/ratis/ratis/ratis-test/target/test/data/b8de9602/MiniRaftClusterWithGrpcac948085/s3/e652f4e3-bbe7-406f-aff4-1d8cf138d879/current/raft-meta.tmp with options [CREATE, WRITE]: sun.nio.ch.FileChannelImpl@251d5367
2023-12-13 18:50:15,566 [grpc-default-executor-5] TRACE util.FileUtils (LogUtils.java:runAndLog(49)) - Successfully ran Atomic Files.move /home/runner/work/ratis/ratis/ratis-test/target/test/data/b8de9602/MiniRaftClusterWithGrpcac948085/s3/e652f4e3-bbe7-406f-aff4-1d8cf138d879/current/raft-meta.tmp to /home/runner/work/ratis/ratis/ratis-test/target/test/data/b8de9602/MiniRaftClusterWithGrpcac948085/s3/e652f4e3-bbe7-406f-aff4-1d8cf138d879/current/raft-meta with options [REPLACE_EXISTING]
2023-12-13 18:50:15,566 [grpc-default-executor-5] INFO  server.RaftServer$Division (RaftServerImpl.java:requestVote(1410)) - s3@group-1D8CF138D879 replies to ELECTION vote request: s0<-s3#0:OK-t1. Peer's state: s3@group-1D8CF138D879:t1, leader=null, voted=s0, raftlog=Memoized:s3@group-1D8CF138D879-SegmentedRaftLog:OPENED:c-1, conf=-1: peers:[s3|0.0.0.0:38599, s4|0.0.0.0:45297, s0|0.0.0.0:43623, s1|0.0.0.0:37641, s2|0.0.0.0:44395]|listeners:[], old=null
2023-12-13 18:50:15,571 [grpc-default-executor-6] INFO  server.RaftServer$Division (RaftServerImpl.java:requestVote(1377)) - s1@group-1D8CF138D879: receive requestVote(ELECTION, s0, group-1D8CF138D879, 1, (t:0, i:0))
2023-12-13 18:50:15,571 [grpc-default-executor-6] INFO  impl.VoteContext (VoteContext.java:log(49)) - s1@group-1D8CF138D879-FOLLOWER: accept ELECTION from s0: our priority 0 <= candidate's priority 0
2023-12-13 18:50:15,571 [grpc-default-executor-6] INFO  server.RaftServer$Division (RaftServerImpl.java:setRole(379)) - s1@group-1D8CF138D879: changes role from  FOLLOWER to FOLLOWER at term 1 for candidate:s0
2023-12-13 18:50:15,571 [grpc-default-executor-6] INFO  impl.RoleInfo (RoleInfo.java:shutdownFollowerState(110)) - s1: shutdown s1@group-1D8CF138D879-FollowerState
2023-12-13 18:50:15,571 [grpc-default-executor-5] INFO  server.RaftServer$Division (RaftServerImpl.java:requestVote(1377)) - s4@group-1D8CF138D879: receive requestVote(ELECTION, s0, group-1D8CF138D879, 1, (t:0, i:0))
2023-12-13 18:50:15,571 [s1@group-1D8CF138D879-FollowerState] INFO  impl.FollowerState (FollowerState.java:run(152)) - s1@group-1D8CF138D879-FollowerState was interrupted
2023-12-13 18:50:15,571 [grpc-default-executor-6] INFO  impl.RoleInfo (RoleInfo.java:updateAndGet(139)) - s1: start s1@group-1D8CF138D879-FollowerState
2023-12-13 18:50:15,572 [grpc-default-executor-5] INFO  impl.VoteContext (VoteContext.java:log(49)) - s4@group-1D8CF138D879-FOLLOWER: accept ELECTION from s0: our priority 0 <= candidate's priority 0
2023-12-13 18:50:15,572 [grpc-default-executor-9] INFO  server.RaftServer$Division (RaftServerImpl.java:requestVote(1377)) - s2@group-1D8CF138D879: receive requestVote(ELECTION, s0, group-1D8CF138D879, 1, (t:0, i:0))
2023-12-13 18:50:15,572 [grpc-default-executor-5] INFO  server.RaftServer$Division (RaftServerImpl.java:setRole(379)) - s4@group-1D8CF138D879: changes role from  FOLLOWER to FOLLOWER at term 1 for candidate:s0
2023-12-13 18:50:15,572 [grpc-default-executor-5] INFO  impl.RoleInfo (RoleInfo.java:shutdownFollowerState(110)) - s4: shutdown s4@group-1D8CF138D879-FollowerState
2023-12-13 18:50:15,572 [grpc-default-executor-5] INFO  impl.RoleInfo (RoleInfo.java:updateAndGet(139)) - s4: start s4@group-1D8CF138D879-FollowerState
2023-12-13 18:50:15,572 [s4@group-1D8CF138D879-FollowerState] INFO  impl.FollowerState (FollowerState.java:run(152)) - s4@group-1D8CF138D879-FollowerState was interrupted
2023-12-13 18:50:15,572 [grpc-default-executor-6] INFO  server.RaftServer$Division (RaftServerImpl.java:setFirstElection(564)) - s1@group-1D8CF138D879: set firstElectionSinceStartup to false for candidate:s0
2023-12-13 18:50:15,572 [grpc-default-executor-6] TRACE util.FileUtils (LogUtils.java:supplyAndLog(69)) - Successfully supplied FileChannel.open /home/runner/work/ratis/ratis/ratis-test/target/test/data/b8de9602/MiniRaftClusterWithGrpcac948085/s1/e652f4e3-bbe7-406f-aff4-1d8cf138d879/current/raft-meta.tmp with options [CREATE, WRITE]: sun.nio.ch.FileChannelImpl@40c3e3c4
2023-12-13 18:50:15,573 [grpc-default-executor-5] INFO  server.RaftServer$Division (RaftServerImpl.java:setFirstElection(564)) - s4@group-1D8CF138D879: set firstElectionSinceStartup to false for candidate:s0
2023-12-13 18:50:15,576 [grpc-default-executor-9] INFO  impl.VoteContext (VoteContext.java:log(49)) - s2@group-1D8CF138D879-FOLLOWER: accept ELECTION from s0: our priority 0 <= candidate's priority 0
2023-12-13 18:50:15,576 [grpc-default-executor-9] INFO  server.RaftServer$Division (RaftServerImpl.java:setRole(379)) - s2@group-1D8CF138D879: changes role from  FOLLOWER to FOLLOWER at term 1 for candidate:s0
2023-12-13 18:50:15,576 [grpc-default-executor-9] INFO  impl.RoleInfo (RoleInfo.java:shutdownFollowerState(110)) - s2: shutdown s2@group-1D8CF138D879-FollowerState
2023-12-13 18:50:15,576 [grpc-default-executor-5] TRACE util.FileUtils (LogUtils.java:supplyAndLog(69)) - Successfully supplied FileChannel.open /home/runner/work/ratis/ratis/ratis-test/target/test/data/b8de9602/MiniRaftClusterWithGrpcac948085/s4/e652f4e3-bbe7-406f-aff4-1d8cf138d879/current/raft-meta.tmp with options [CREATE, WRITE]: sun.nio.ch.FileChannelImpl@458b425c
2023-12-13 18:50:15,576 [s2@group-1D8CF138D879-FollowerState] INFO  impl.FollowerState (FollowerState.java:run(152)) - s2@group-1D8CF138D879-FollowerState was interrupted
2023-12-13 18:50:15,576 [grpc-default-executor-9] INFO  impl.RoleInfo (RoleInfo.java:updateAndGet(139)) - s2: start s2@group-1D8CF138D879-FollowerState
2023-12-13 18:50:15,576 [grpc-default-executor-6] TRACE util.FileUtils (LogUtils.java:runAndLog(49)) - Successfully ran Atomic Files.move /home/runner/work/ratis/ratis/ratis-test/target/test/data/b8de9602/MiniRaftClusterWithGrpcac948085/s1/e652f4e3-bbe7-406f-aff4-1d8cf138d879/current/raft-meta.tmp to /home/runner/work/ratis/ratis/ratis-test/target/test/data/b8de9602/MiniRaftClusterWithGrpcac948085/s1/e652f4e3-bbe7-406f-aff4-1d8cf138d879/current/raft-meta with options [REPLACE_EXISTING]
2023-12-13 18:50:15,576 [grpc-default-executor-6] INFO  server.RaftServer$Division (RaftServerImpl.java:requestVote(1410)) - s1@group-1D8CF138D879 replies to ELECTION vote request: s0<-s1#0:OK-t1. Peer's state: s1@group-1D8CF138D879:t1, leader=null, voted=s0, raftlog=Memoized:s1@group-1D8CF138D879-SegmentedRaftLog:OPENED:c-1, conf=-1: peers:[s3|0.0.0.0:38599, s4|0.0.0.0:45297, s0|0.0.0.0:43623, s1|0.0.0.0:37641, s2|0.0.0.0:44395]|listeners:[], old=null
2023-12-13 18:50:15,577 [grpc-default-executor-5] TRACE util.FileUtils (LogUtils.java:runAndLog(49)) - Successfully ran Atomic Files.move /home/runner/work/ratis/ratis/ratis-test/target/test/data/b8de9602/MiniRaftClusterWithGrpcac948085/s4/e652f4e3-bbe7-406f-aff4-1d8cf138d879/current/raft-meta.tmp to /home/runner/work/ratis/ratis/ratis-test/target/test/data/b8de9602/MiniRaftClusterWithGrpcac948085/s4/e652f4e3-bbe7-406f-aff4-1d8cf138d879/current/raft-meta with options [REPLACE_EXISTING]
2023-12-13 18:50:15,577 [grpc-default-executor-5] INFO  server.RaftServer$Division (RaftServerImpl.java:requestVote(1410)) - s4@group-1D8CF138D879 replies to ELECTION vote request: s0<-s4#0:OK-t1. Peer's state: s4@group-1D8CF138D879:t1, leader=null, voted=s0, raftlog=Memoized:s4@group-1D8CF138D879-SegmentedRaftLog:OPENED:c-1, conf=-1: peers:[s3|0.0.0.0:38599, s4|0.0.0.0:45297, s0|0.0.0.0:43623, s1|0.0.0.0:37641, s2|0.0.0.0:44395]|listeners:[], old=null
2023-12-13 18:50:15,577 [s0@group-1D8CF138D879-LeaderElection6] INFO  impl.LeaderElection (LeaderElection.java:logAndReturn(89)) - s0@group-1D8CF138D879-LeaderElection6: ELECTION PASSED received 2 response(s) and 0 exception(s):
2023-12-13 18:50:15,577 [s0@group-1D8CF138D879-LeaderElection6] INFO  impl.LeaderElection (LeaderElection.java:logAndReturn(93)) -   Response 0: s0<-s3#0:OK-t1
2023-12-13 18:50:15,577 [s0@group-1D8CF138D879-LeaderElection6] INFO  impl.LeaderElection (LeaderElection.java:logAndReturn(93)) -   Response 1: s0<-s1#0:OK-t1
2023-12-13 18:50:15,577 [s0@group-1D8CF138D879-LeaderElection6] INFO  impl.LeaderElection (LeaderElection.java:askForVotes(323)) - s0@group-1D8CF138D879-LeaderElection6 ELECTION round 0: result PASSED
2023-12-13 18:50:15,577 [s0@group-1D8CF138D879-LeaderElection6] INFO  impl.RoleInfo (RoleInfo.java:shutdownLeaderElection(130)) - s0: shutdown s0@group-1D8CF138D879-LeaderElection6
2023-12-13 18:50:15,578 [s0@group-1D8CF138D879-LeaderElection6] INFO  server.RaftServer$Division (RaftServerImpl.java:setRole(379)) - s0@group-1D8CF138D879: changes role from CANDIDATE to LEADER at term 1 for changeToLeader
2023-12-13 18:50:15,578 [s0@group-1D8CF138D879-LeaderElection6] INFO  server.RaftServerConfigKeys (ConfUtils.java:logGet(46)) - raft.server.staging.catchup.gap = 1000 (default)
2023-12-13 18:50:15,578 [s0@group-1D8CF138D879-LeaderElection6] INFO  server.RaftServerConfigKeys (ConfUtils.java:logGet(46)) - raft.server.write.element-limit = 4096 (default)
2023-12-13 18:50:15,578 [s0@group-1D8CF138D879-LeaderElection6] INFO  server.RaftServerConfigKeys (ConfUtils.java:logGet(46)) - raft.server.write.byte-limit = 64MB (=67108864) (default)
2023-12-13 18:50:15,578 [s0@group-1D8CF138D879-LeaderElection6] INFO  server.RaftServerConfigKeys (ConfUtils.java:logGet(46)) - raft.server.watch.timeout = 10s (default)
2023-12-13 18:50:15,578 [s0@group-1D8CF138D879-LeaderElection6] INFO  server.RaftServerConfigKeys (ConfUtils.java:logGet(46)) - raft.server.watch.timeout.denomination = 1s (default)
2023-12-13 18:50:15,578 [s0@group-1D8CF138D879-LeaderElection6] INFO  server.RaftServerConfigKeys (ConfUtils.java:logGet(46)) - raft.server.watch.element-limit = 65536 (default)
2023-12-13 18:50:15,578 [s0@group-1D8CF138D879-LeaderElection6] INFO  server.RaftServerConfigKeys (ConfUtils.java:logGet(46)) - raft.server.read.leader.lease.enabled = false (default)
2023-12-13 18:50:15,578 [s0@group-1D8CF138D879-LeaderElection6] INFO  server.RaftServerConfigKeys (ConfUtils.java:logGet(46)) - raft.server.read.leader.lease.timeout.ratio = 0.9 (default)
2023-12-13 18:50:15,578 [s0@group-1D8CF138D879-LeaderElection6] INFO  server.RaftServerConfigKeys (ConfUtils.java:logGet(46)) - raft.server.rpc.timeout.min = 1500ms (custom)
2023-12-13 18:50:15,578 [s0@group-1D8CF138D879-LeaderElection6] INFO  server.RaftServerConfigKeys (ConfUtils.java:logGet(46)) - raft.server.write.element-limit = 4096 (default)
2023-12-13 18:50:15,578 [s0@group-1D8CF138D879-LeaderElection6] INFO  server.RaftServerConfigKeys (ConfUtils.java:logGet(46)) - raft.server.write.follower.gap.ratio.max = -1.0 (default)
2023-12-13 18:50:15,578 [s0@group-1D8CF138D879-LeaderElection6] INFO  server.RaftServerConfigKeys (ConfUtils.java:logGet(46)) - raft.server.log.appender.snapshot.chunk.size.max = 16MB (=16777216) (default)
2023-12-13 18:50:15,579 [s0@group-1D8CF138D879-LeaderElection6] INFO  server.RaftServerConfigKeys (ConfUtils.java:logGet(46)) - raft.server.log.appender.buffer.byte-limit = 4MB (=4194304) (default)
2023-12-13 18:50:15,579 [s0@group-1D8CF138D879-LeaderElection6] INFO  server.RaftServerConfigKeys (ConfUtils.java:logGet(46)) - raft.server.log.appender.buffer.element-limit = 0 (default)
2023-12-13 18:50:15,579 [s0@group-1D8CF138D879-LeaderElection6] INFO  server.RaftServerConfigKeys (ConfUtils.java:logGet(46)) - raft.server.log.appender.wait-time.min = 1ms (default)
2023-12-13 18:50:15,579 [s0@group-1D8CF138D879-LeaderElection6] INFO  grpc.GrpcConfigKeys (ConfUtils.java:logGet(46)) - raft.grpc.server.leader.outstanding.appends.max = 8 (default)
2023-12-13 18:50:15,579 [s0@group-1D8CF138D879-LeaderElection6] INFO  server.RaftServerConfigKeys (ConfUtils.java:logGet(46)) - raft.server.rpc.request.timeout = 3000ms (default)
2023-12-13 18:50:15,579 [s0@group-1D8CF138D879-LeaderElection6] INFO  grpc.GrpcConfigKeys (ConfUtils.java:logGet(46)) - raft.grpc.server.install_snapshot.request.element-limit = 8 (default)
2023-12-13 18:50:15,579 [s0@group-1D8CF138D879-LeaderElection6] INFO  grpc.GrpcConfigKeys (ConfUtils.java:logGet(46)) - raft.grpc.server.install_snapshot.request.timeout = 3000ms (default)
2023-12-13 18:50:15,579 [s0@group-1D8CF138D879-LeaderElection6] INFO  server.RaftServerConfigKeys (ConfUtils.java:logGet(46)) - raft.server.log.appender.install.snapshot.enabled = true (default)
2023-12-13 18:50:15,579 [s0@group-1D8CF138D879-LeaderElection6] INFO  grpc.GrpcConfigKeys (ConfUtils.java:logGet(46)) - raft.grpc.server.heartbeat.channel = true (default)
2023-12-13 18:50:15,579 [s0@group-1D8CF138D879-LeaderElection6] INFO  server.RaftServerConfigKeys (ConfUtils.java:logGet(46)) - raft.server.log.appender.snapshot.chunk.size.max = 16MB (=16777216) (default)
2023-12-13 18:50:15,579 [s0@group-1D8CF138D879-LeaderElection6] INFO  server.RaftServerConfigKeys (ConfUtils.java:logGet(46)) - raft.server.log.appender.buffer.byte-limit = 4MB (=4194304) (default)
2023-12-13 18:50:15,579 [s0@group-1D8CF138D879-LeaderElection6] INFO  server.RaftServerConfigKeys (ConfUtils.java:logGet(46)) - raft.server.log.appender.buffer.element-limit = 0 (default)
2023-12-13 18:50:15,579 [s0@group-1D8CF138D879-LeaderElection6] INFO  server.RaftServerConfigKeys (ConfUtils.java:logGet(46)) - raft.server.log.appender.wait-time.min = 1ms (default)
2023-12-13 18:50:15,579 [s0@group-1D8CF138D879-LeaderElection6] INFO  grpc.GrpcConfigKeys (ConfUtils.java:logGet(46)) - raft.grpc.server.leader.outstanding.appends.max = 8 (default)
2023-12-13 18:50:15,579 [s0@group-1D8CF138D879-LeaderElection6] INFO  server.RaftServerConfigKeys (ConfUtils.java:logGet(46)) - raft.server.rpc.request.timeout = 3000ms (default)
2023-12-13 18:50:15,579 [s0@group-1D8CF138D879-LeaderElection6] INFO  grpc.GrpcConfigKeys (ConfUtils.java:logGet(46)) - raft.grpc.server.install_snapshot.request.element-limit = 8 (default)
2023-12-13 18:50:15,579 [s0@group-1D8CF138D879-LeaderElection6] INFO  grpc.GrpcConfigKeys (ConfUtils.java:logGet(46)) - raft.grpc.server.install_snapshot.request.timeout = 3000ms (default)
2023-12-13 18:50:15,579 [s0@group-1D8CF138D879-LeaderElection6] INFO  server.RaftServerConfigKeys (ConfUtils.java:logGet(46)) - raft.server.log.appender.install.snapshot.enabled = true (default)
2023-12-13 18:50:15,580 [s0@group-1D8CF138D879-LeaderElection6] INFO  grpc.GrpcConfigKeys (ConfUtils.java:logGet(46)) - raft.grpc.server.heartbeat.channel = true (default)
2023-12-13 18:50:15,580 [s0@group-1D8CF138D879-LeaderElection6] INFO  server.RaftServerConfigKeys (ConfUtils.java:logGet(46)) - raft.server.log.appender.snapshot.chunk.size.max = 16MB (=16777216) (default)
2023-12-13 18:50:15,580 [s0@group-1D8CF138D879-LeaderElection6] INFO  server.RaftServerConfigKeys (ConfUtils.java:logGet(46)) - raft.server.log.appender.buffer.byte-limit = 4MB (=4194304) (default)
2023-12-13 18:50:15,580 [s0@group-1D8CF138D879-LeaderElection6] INFO  server.RaftServerConfigKeys (ConfUtils.java:logGet(46)) - raft.server.log.appender.buffer.element-limit = 0 (default)
2023-12-13 18:50:15,580 [s0@group-1D8CF138D879-LeaderElection6] INFO  server.RaftServerConfigKeys (ConfUtils.java:logGet(46)) - raft.server.log.appender.wait-time.min = 1ms (default)
2023-12-13 18:50:15,580 [s0@group-1D8CF138D879-LeaderElection6] INFO  grpc.GrpcConfigKeys (ConfUtils.java:logGet(46)) - raft.grpc.server.leader.outstanding.appends.max = 8 (default)
2023-12-13 18:50:15,580 [s0@group-1D8CF138D879-LeaderElection6] INFO  server.RaftServerConfigKeys (ConfUtils.java:logGet(46)) - raft.server.rpc.request.timeout = 3000ms (default)
2023-12-13 18:50:15,580 [s0@group-1D8CF138D879-LeaderElection6] INFO  grpc.GrpcConfigKeys (ConfUtils.java:logGet(46)) - raft.grpc.server.install_snapshot.request.element-limit = 8 (default)
2023-12-13 18:50:15,580 [s0@group-1D8CF138D879-LeaderElection6] INFO  grpc.GrpcConfigKeys (ConfUtils.java:logGet(46)) - raft.grpc.server.install_snapshot.request.timeout = 3000ms (default)
2023-12-13 18:50:15,580 [s0@group-1D8CF138D879-LeaderElection6] INFO  server.RaftServerConfigKeys (ConfUtils.java:logGet(46)) - raft.server.log.appender.install.snapshot.enabled = true (default)
2023-12-13 18:50:15,580 [s0@group-1D8CF138D879-LeaderElection6] INFO  grpc.GrpcConfigKeys (ConfUtils.java:logGet(46)) - raft.grpc.server.heartbeat.channel = true (default)
2023-12-13 18:50:15,580 [s0@group-1D8CF138D879-LeaderElection6] INFO  server.RaftServerConfigKeys (ConfUtils.java:logGet(46)) - raft.server.log.appender.snapshot.chunk.size.max = 16MB (=16777216) (default)
2023-12-13 18:50:15,580 [s0@group-1D8CF138D879-LeaderElection6] INFO  server.RaftServerConfigKeys (ConfUtils.java:logGet(46)) - raft.server.log.appender.buffer.byte-limit = 4MB (=4194304) (default)
2023-12-13 18:50:15,580 [s0@group-1D8CF138D879-LeaderElection6] INFO  server.RaftServerConfigKeys (ConfUtils.java:logGet(46)) - raft.server.log.appender.buffer.element-limit = 0 (default)
2023-12-13 18:50:15,580 [s0@group-1D8CF138D879-LeaderElection6] INFO  server.RaftServerConfigKeys (ConfUtils.java:logGet(46)) - raft.server.log.appender.wait-time.min = 1ms (default)
2023-12-13 18:50:15,580 [s0@group-1D8CF138D879-LeaderElection6] INFO  grpc.GrpcConfigKeys (ConfUtils.java:logGet(46)) - raft.grpc.server.leader.outstanding.appends.max = 8 (default)
2023-12-13 18:50:15,581 [s0@group-1D8CF138D879-LeaderElection6] INFO  server.RaftServerConfigKeys (ConfUtils.java:logGet(46)) - raft.server.rpc.request.timeout = 3000ms (default)
2023-12-13 18:50:15,581 [grpc-default-executor-9] INFO  server.RaftServer$Division (RaftServerImpl.java:setFirstElection(564)) - s2@group-1D8CF138D879: set firstElectionSinceStartup to false for candidate:s0
2023-12-13 18:50:15,581 [s0@group-1D8CF138D879-LeaderElection6] INFO  grpc.GrpcConfigKeys (ConfUtils.java:logGet(46)) - raft.grpc.server.install_snapshot.request.element-limit = 8 (default)
2023-12-13 18:50:15,581 [s0@group-1D8CF138D879-LeaderElection6] INFO  grpc.GrpcConfigKeys (ConfUtils.java:logGet(46)) - raft.grpc.server.install_snapshot.request.timeout = 3000ms (default)
2023-12-13 18:50:15,581 [grpc-default-executor-9] TRACE util.FileUtils (LogUtils.java:supplyAndLog(69)) - Successfully supplied FileChannel.open /home/runner/work/ratis/ratis/ratis-test/target/test/data/b8de9602/MiniRaftClusterWithGrpcac948085/s2/e652f4e3-bbe7-406f-aff4-1d8cf138d879/current/raft-meta.tmp with options [CREATE, WRITE]: sun.nio.ch.FileChannelImpl@3c24519
2023-12-13 18:50:15,581 [s0@group-1D8CF138D879-LeaderElection6] INFO  server.RaftServerConfigKeys (ConfUtils.java:logGet(46)) - raft.server.log.appender.install.snapshot.enabled = true (default)
2023-12-13 18:50:15,581 [s0@group-1D8CF138D879-LeaderElection6] INFO  grpc.GrpcConfigKeys (ConfUtils.java:logGet(46)) - raft.grpc.server.heartbeat.channel = true (default)
2023-12-13 18:50:15,581 [s0@group-1D8CF138D879-LeaderElection6] INFO  impl.RoleInfo (RoleInfo.java:updateAndGet(139)) - s0: start s0@group-1D8CF138D879-LeaderStateImpl
2023-12-13 18:50:15,581 [s0@group-1D8CF138D879-LeaderElection6] INFO  server.RaftServer$Division (RaftServerImpl.java:setFirstElection(564)) - s0@group-1D8CF138D879: set firstElectionSinceStartup to false for becomeLeader
2023-12-13 18:50:15,581 [s0@group-1D8CF138D879-LeaderElection6] INFO  server.RaftServer$Division (ServerState.java:setLeader(265)) - s0@group-1D8CF138D879: change Leader from null to s0 at term 1 for becomeLeader, leader elected after 1554ms
2023-12-13 18:50:15,581 [s0@group-1D8CF138D879-LeaderElection6] INFO  segmented.SegmentedRaftLogWorker (SegmentedRaftLogWorker.java:startLogSegment(430)) - s0@group-1D8CF138D879-SegmentedRaftLogWorker: Starting segment from index:0
2023-12-13 18:50:15,582 [s0@group-1D8CF138D879-LeaderElection6] INFO  server.RaftServer$Division (ServerState.java:setRaftConf(382)) - s0@group-1D8CF138D879: set configuration 0: peers:[s3|0.0.0.0:38599, s4|0.0.0.0:45297, s0|0.0.0.0:43623, s1|0.0.0.0:37641, s2|0.0.0.0:44395]|listeners:[], old=null
2023-12-13 18:50:15,582 [grpc-default-executor-9] TRACE util.FileUtils (LogUtils.java:runAndLog(49)) - Successfully ran Atomic Files.move /home/runner/work/ratis/ratis/ratis-test/target/test/data/b8de9602/MiniRaftClusterWithGrpcac948085/s2/e652f4e3-bbe7-406f-aff4-1d8cf138d879/current/raft-meta.tmp to /home/runner/work/ratis/ratis/ratis-test/target/test/data/b8de9602/MiniRaftClusterWithGrpcac948085/s2/e652f4e3-bbe7-406f-aff4-1d8cf138d879/current/raft-meta with options [REPLACE_EXISTING]
2023-12-13 18:50:15,582 [s0@group-1D8CF138D879-SegmentedRaftLogWorker] INFO  segmented.BufferedWriteChannel (BufferedWriteChannel.java:open(62)) - open log_inprogress_0 at position 0
2023-12-13 18:50:15,582 [grpc-default-executor-9] INFO  server.RaftServer$Division (RaftServerImpl.java:requestVote(1410)) - s2@group-1D8CF138D879 replies to ELECTION vote request: s0<-s2#0:OK-t1. Peer's state: s2@group-1D8CF138D879:t1, leader=null, voted=s0, raftlog=Memoized:s2@group-1D8CF138D879-SegmentedRaftLog:OPENED:c-1, conf=-1: peers:[s3|0.0.0.0:38599, s4|0.0.0.0:45297, s0|0.0.0.0:43623, s1|0.0.0.0:37641, s2|0.0.0.0:44395]|listeners:[], old=null
2023-12-13 18:50:15,589 [s0@group-1D8CF138D879-SegmentedRaftLogWorker] INFO  segmented.SegmentedRaftLogWorker (SegmentedRaftLogWorker.java:execute(634)) - s0@group-1D8CF138D879-SegmentedRaftLogWorker: created new log segment /home/runner/work/ratis/ratis/ratis-test/target/test/data/b8de9602/MiniRaftClusterWithGrpcac948085/s0/e652f4e3-bbe7-406f-aff4-1d8cf138d879/current/log_inprogress_0
2023-12-13 18:50:15,590 [s4-server-thread1] INFO  server.RaftServer$Division (ServerState.java:setLeader(265)) - s4@group-1D8CF138D879: change Leader from null to s0 at term 1 for appendEntries, leader elected after 1507ms
2023-12-13 18:50:15,592 [s3-server-thread2] DEBUG server.RaftServer$Division (RaftServerImpl.java:logAppendEntries(1504)) - s3@group-1D8CF138D879: receive appendEntries(s0, 1, null, -1, false, commits:[s0:c-1, s3:c-1, s4:c-1, s1:c-1, s2:c-1], cId:1, entries: [(t:1, i:0), CONFIGURATIONENTRY(current:id: "s3"
address: "0.0.0.0:38599"
clientAddress: "0.0.0.0:38599"
adminAddress: "0.0.0.0:38599"
startupRole: FOLLOWER
,id: "s4"
address: "0.0.0.0:45297"
clientAddress: "0.0.0.0:45297"
adminAddress: "0.0.0.0:45297"
startupRole: FOLLOWER
,id: "s0"
address: "0.0.0.0:43623"
clientAddress: "0.0.0.0:43623"
adminAddress: "0.0.0.0:43623"
startupRole: FOLLOWER
,id: "s1"
address: "0.0.0.0:37641"
clientAddress: "0.0.0.0:37641"
adminAddress: "0.0.0.0:37641"
startupRole: FOLLOWER
,id: "s2"
address: "0.0.0.0:44395"
clientAddress: "0.0.0.0:44395"
adminAddress: "0.0.0.0:44395"
startupRole: FOLLOWER
, old:)]
2023-12-13 18:50:15,593 [s3-server-thread2] INFO  server.RaftServer$Division (ServerState.java:setLeader(265)) - s3@group-1D8CF138D879: change Leader from null to s0 at term 1 for appendEntries, leader elected after 1524ms
2023-12-13 18:50:15,594 [s3-server-thread2] INFO  server.RaftServer$Division (ServerState.java:setRaftConf(382)) - s3@group-1D8CF138D879: set configuration 0: peers:[s3|0.0.0.0:38599, s4|0.0.0.0:45297, s0|0.0.0.0:43623, s1|0.0.0.0:37641, s2|0.0.0.0:44395]|listeners:[], old=null
2023-12-13 18:50:15,594 [s3-server-thread2] INFO  segmented.SegmentedRaftLogWorker (SegmentedRaftLogWorker.java:startLogSegment(430)) - s3@group-1D8CF138D879-SegmentedRaftLogWorker: Starting segment from index:0
2023-12-13 18:50:15,594 [s1-server-thread2] DEBUG server.RaftServer$Division (RaftServerImpl.java:logAppendEntries(1504)) - s1@group-1D8CF138D879: receive appendEntries(s0, 1, null, -1, false, commits:[s0:c-1, s3:c-1, s4:c-1, s1:c-1, s2:c-1], cId:1, entries: [(t:1, i:0), CONFIGURATIONENTRY(current:id: "s3"
address: "0.0.0.0:38599"
clientAddress: "0.0.0.0:38599"
adminAddress: "0.0.0.0:38599"
startupRole: FOLLOWER
,id: "s4"
address: "0.0.0.0:45297"
clientAddress: "0.0.0.0:45297"
adminAddress: "0.0.0.0:45297"
startupRole: FOLLOWER
,id: "s0"
address: "0.0.0.0:43623"
clientAddress: "0.0.0.0:43623"
adminAddress: "0.0.0.0:43623"
startupRole: FOLLOWER
,id: "s1"
address: "0.0.0.0:37641"
clientAddress: "0.0.0.0:37641"
adminAddress: "0.0.0.0:37641"
startupRole: FOLLOWER
,id: "s2"
address: "0.0.0.0:44395"
clientAddress: "0.0.0.0:44395"
adminAddress: "0.0.0.0:44395"
startupRole: FOLLOWER
, old:)]
2023-12-13 18:50:15,594 [s4-server-thread3] DEBUG server.RaftServer$Division (RaftServerImpl.java:logAppendEntries(1504)) - s4@group-1D8CF138D879: receive appendEntries(s0, 1, null, -1, false, commits:[s0:c-1, s3:c-1, s4:c-1, s1:c-1, s2:c-1], cId:1, entries: [(t:1, i:0), CONFIGURATIONENTRY(current:id: "s3"
address: "0.0.0.0:38599"
clientAddress: "0.0.0.0:38599"
adminAddress: "0.0.0.0:38599"
startupRole: FOLLOWER
,id: "s4"
address: "0.0.0.0:45297"
clientAddress: "0.0.0.0:45297"
adminAddress: "0.0.0.0:45297"
startupRole: FOLLOWER
,id: "s0"
address: "0.0.0.0:43623"
clientAddress: "0.0.0.0:43623"
adminAddress: "0.0.0.0:43623"
startupRole: FOLLOWER
,id: "s1"
address: "0.0.0.0:37641"
clientAddress: "0.0.0.0:37641"
adminAddress: "0.0.0.0:37641"
startupRole: FOLLOWER
,id: "s2"
address: "0.0.0.0:44395"
clientAddress: "0.0.0.0:44395"
adminAddress: "0.0.0.0:44395"
startupRole: FOLLOWER
, old:)]
2023-12-13 18:50:15,597 [s4-server-thread3] INFO  server.RaftServer$Division (ServerState.java:setRaftConf(382)) - s4@group-1D8CF138D879: set configuration 0: peers:[s3|0.0.0.0:38599, s4|0.0.0.0:45297, s0|0.0.0.0:43623, s1|0.0.0.0:37641, s2|0.0.0.0:44395]|listeners:[], old=null
2023-12-13 18:50:15,597 [s4-server-thread3] INFO  segmented.SegmentedRaftLogWorker (SegmentedRaftLogWorker.java:startLogSegment(430)) - s4@group-1D8CF138D879-SegmentedRaftLogWorker: Starting segment from index:0
2023-12-13 18:50:15,597 [s4@group-1D8CF138D879-SegmentedRaftLogWorker] INFO  segmented.BufferedWriteChannel (BufferedWriteChannel.java:open(62)) - open log_inprogress_0 at position 0
2023-12-13 18:50:15,598 [s3@group-1D8CF138D879-SegmentedRaftLogWorker] INFO  segmented.BufferedWriteChannel (BufferedWriteChannel.java:open(62)) - open log_inprogress_0 at position 0
2023-12-13 18:50:15,601 [s1-server-thread1] INFO  server.RaftServer$Division (ServerState.java:setLeader(265)) - s1@group-1D8CF138D879: change Leader from null to s0 at term 1 for appendEntries, leader elected after 1561ms
2023-12-13 18:50:15,602 [s1-server-thread2] INFO  server.RaftServer$Division (ServerState.java:setRaftConf(382)) - s1@group-1D8CF138D879: set configuration 0: peers:[s3|0.0.0.0:38599, s4|0.0.0.0:45297, s0|0.0.0.0:43623, s1|0.0.0.0:37641, s2|0.0.0.0:44395]|listeners:[], old=null
2023-12-13 18:50:15,602 [s1-server-thread2] INFO  segmented.SegmentedRaftLogWorker (SegmentedRaftLogWorker.java:startLogSegment(430)) - s1@group-1D8CF138D879-SegmentedRaftLogWorker: Starting segment from index:0
2023-12-13 18:50:15,602 [s1@group-1D8CF138D879-SegmentedRaftLogWorker] INFO  segmented.BufferedWriteChannel (BufferedWriteChannel.java:open(62)) - open log_inprogress_0 at position 0
2023-12-13 18:50:15,607 [s2-server-thread1] INFO  server.RaftServer$Division (ServerState.java:setLeader(265)) - s2@group-1D8CF138D879: change Leader from null to s0 at term 1 for appendEntries, leader elected after 1555ms
2023-12-13 18:50:15,607 [s2-server-thread2] DEBUG server.RaftServer$Division (RaftServerImpl.java:logAppendEntries(1504)) - s2@group-1D8CF138D879: receive appendEntries(s0, 1, null, -1, false, commits:[s0:c-1, s3:c-1, s4:c-1, s1:c-1, s2:c-1], cId:1, entries: [(t:1, i:0), CONFIGURATIONENTRY(current:id: "s3"
address: "0.0.0.0:38599"
clientAddress: "0.0.0.0:38599"
adminAddress: "0.0.0.0:38599"
startupRole: FOLLOWER
,id: "s4"
address: "0.0.0.0:45297"
clientAddress: "0.0.0.0:45297"
adminAddress: "0.0.0.0:45297"
startupRole: FOLLOWER
,id: "s0"
address: "0.0.0.0:43623"
clientAddress: "0.0.0.0:43623"
adminAddress: "0.0.0.0:43623"
startupRole: FOLLOWER
,id: "s1"
address: "0.0.0.0:37641"
clientAddress: "0.0.0.0:37641"
adminAddress: "0.0.0.0:37641"
startupRole: FOLLOWER
,id: "s2"
address: "0.0.0.0:44395"
clientAddress: "0.0.0.0:44395"
adminAddress: "0.0.0.0:44395"
startupRole: FOLLOWER
, old:)]
2023-12-13 18:50:15,608 [s4@group-1D8CF138D879-SegmentedRaftLogWorker] INFO  segmented.SegmentedRaftLogWorker (SegmentedRaftLogWorker.java:execute(634)) - s4@group-1D8CF138D879-SegmentedRaftLogWorker: created new log segment /home/runner/work/ratis/ratis/ratis-test/target/test/data/b8de9602/MiniRaftClusterWithGrpcac948085/s4/e652f4e3-bbe7-406f-aff4-1d8cf138d879/current/log_inprogress_0
2023-12-13 18:50:15,608 [s2-server-thread2] INFO  server.RaftServer$Division (ServerState.java:setRaftConf(382)) - s2@group-1D8CF138D879: set configuration 0: peers:[s3|0.0.0.0:38599, s4|0.0.0.0:45297, s0|0.0.0.0:43623, s1|0.0.0.0:37641, s2|0.0.0.0:44395]|listeners:[], old=null
2023-12-13 18:50:15,608 [s2-server-thread2] INFO  segmented.SegmentedRaftLogWorker (SegmentedRaftLogWorker.java:startLogSegment(430)) - s2@group-1D8CF138D879-SegmentedRaftLogWorker: Starting segment from index:0
2023-12-13 18:50:15,608 [s3@group-1D8CF138D879-SegmentedRaftLogWorker] INFO  segmented.SegmentedRaftLogWorker (SegmentedRaftLogWorker.java:execute(634)) - s3@group-1D8CF138D879-SegmentedRaftLogWorker: created new log segment /home/runner/work/ratis/ratis/ratis-test/target/test/data/b8de9602/MiniRaftClusterWithGrpcac948085/s3/e652f4e3-bbe7-406f-aff4-1d8cf138d879/current/log_inprogress_0
2023-12-13 18:50:15,609 [s2@group-1D8CF138D879-SegmentedRaftLogWorker] INFO  segmented.BufferedWriteChannel (BufferedWriteChannel.java:open(62)) - open log_inprogress_0 at position 0
2023-12-13 18:50:15,609 [s4-server-thread2] DEBUG server.RaftServer$Division (RaftServerImpl.java:logAppendEntries(1504)) - s4@group-1D8CF138D879: succeeded to handle AppendEntries. Reply: s0<-s4#1:OK-t1,SUCCESS,nextIndex=1,followerCommit=-1,matchIndex=0
2023-12-13 18:50:15,612 [s3-server-thread2] DEBUG server.RaftServer$Division (RaftServerImpl.java:logAppendEntries(1504)) - s3@group-1D8CF138D879: succeeded to handle AppendEntries. Reply: s0<-s3#1:OK-t1,SUCCESS,nextIndex=1,followerCommit=-1,matchIndex=0
2023-12-13 18:50:15,613 [s0@group-1D8CF138D879-StateMachineUpdater] TRACE util.FileUtils (LogUtils.java:supplyAndLog(69)) - Successfully supplied FileChannel.open /home/runner/work/ratis/ratis/ratis-test/target/test/data/b8de9602/MiniRaftClusterWithGrpcac948085/s0/e652f4e3-bbe7-406f-aff4-1d8cf138d879/current/raft-meta.conf.tmp with options [CREATE, WRITE]: sun.nio.ch.FileChannelImpl@34ce391f
2023-12-13 18:50:15,619 [s2@group-1D8CF138D879-SegmentedRaftLogWorker] INFO  segmented.SegmentedRaftLogWorker (SegmentedRaftLogWorker.java:execute(634)) - s2@group-1D8CF138D879-SegmentedRaftLogWorker: created new log segment /home/runner/work/ratis/ratis/ratis-test/target/test/data/b8de9602/MiniRaftClusterWithGrpcac948085/s2/e652f4e3-bbe7-406f-aff4-1d8cf138d879/current/log_inprogress_0
2023-12-13 18:50:15,620 [s1@group-1D8CF138D879-SegmentedRaftLogWorker] INFO  segmented.SegmentedRaftLogWorker (SegmentedRaftLogWorker.java:execute(634)) - s1@group-1D8CF138D879-SegmentedRaftLogWorker: created new log segment /home/runner/work/ratis/ratis/ratis-test/target/test/data/b8de9602/MiniRaftClusterWithGrpcac948085/s1/e652f4e3-bbe7-406f-aff4-1d8cf138d879/current/log_inprogress_0
2023-12-13 18:50:15,620 [s0@group-1D8CF138D879-StateMachineUpdater] TRACE util.FileUtils (LogUtils.java:runAndLog(49)) - Successfully ran Atomic Files.move /home/runner/work/ratis/ratis/ratis-test/target/test/data/b8de9602/MiniRaftClusterWithGrpcac948085/s0/e652f4e3-bbe7-406f-aff4-1d8cf138d879/current/raft-meta.conf.tmp to /home/runner/work/ratis/ratis/ratis-test/target/test/data/b8de9602/MiniRaftClusterWithGrpcac948085/s0/e652f4e3-bbe7-406f-aff4-1d8cf138d879/current/raft-meta.conf with options [REPLACE_EXISTING]
2023-12-13 18:50:15,620 [s0@group-1D8CF138D879-StateMachineUpdater] INFO  server.RaftServer$Division (LeaderStateImpl.java:isApplied(320)) - leader is ready since appliedIndex == 0 >= startIndex == 0
2023-12-13 18:50:15,620 [s2-server-thread2] DEBUG server.RaftServer$Division (RaftServerImpl.java:logAppendEntries(1504)) - s2@group-1D8CF138D879: succeeded to handle AppendEntries. Reply: s0<-s2#1:OK-t1,SUCCESS,nextIndex=1,followerCommit=-1,matchIndex=0
2023-12-13 18:50:15,620 [s1-server-thread3] DEBUG server.RaftServer$Division (RaftServerImpl.java:logAppendEntries(1504)) - s1@group-1D8CF138D879: succeeded to handle AppendEntries. Reply: s0<-s1#1:OK-t1,SUCCESS,nextIndex=1,followerCommit=-1,matchIndex=0
2023-12-13 18:50:16,364 [s3@group-1D8CF138D879-StateMachineUpdater] TRACE util.FileUtils (LogUtils.java:supplyAndLog(69)) - Successfully supplied FileChannel.open /home/runner/work/ratis/ratis/ratis-test/target/test/data/b8de9602/MiniRaftClusterWithGrpcac948085/s3/e652f4e3-bbe7-406f-aff4-1d8cf138d879/current/raft-meta.conf.tmp with options [CREATE, WRITE]: sun.nio.ch.FileChannelImpl@3227e883
2023-12-13 18:50:16,364 [s4@group-1D8CF138D879-StateMachineUpdater] TRACE util.FileUtils (LogUtils.java:supplyAndLog(69)) - Successfully supplied FileChannel.open /home/runner/work/ratis/ratis/ratis-test/target/test/data/b8de9602/MiniRaftClusterWithGrpcac948085/s4/e652f4e3-bbe7-406f-aff4-1d8cf138d879/current/raft-meta.conf.tmp with options [CREATE, WRITE]: sun.nio.ch.FileChannelImpl@630e7fb2
2023-12-13 18:50:16,366 [s3@group-1D8CF138D879-StateMachineUpdater] TRACE util.FileUtils (LogUtils.java:runAndLog(49)) - Successfully ran Atomic Files.move /home/runner/work/ratis/ratis/ratis-test/target/test/data/b8de9602/MiniRaftClusterWithGrpcac948085/s3/e652f4e3-bbe7-406f-aff4-1d8cf138d879/current/raft-meta.conf.tmp to /home/runner/work/ratis/ratis/ratis-test/target/test/data/b8de9602/MiniRaftClusterWithGrpcac948085/s3/e652f4e3-bbe7-406f-aff4-1d8cf138d879/current/raft-meta.conf with options [REPLACE_EXISTING]
2023-12-13 18:50:16,366 [s4@group-1D8CF138D879-StateMachineUpdater] TRACE util.FileUtils (LogUtils.java:runAndLog(49)) - Successfully ran Atomic Files.move /home/runner/work/ratis/ratis/ratis-test/target/test/data/b8de9602/MiniRaftClusterWithGrpcac948085/s4/e652f4e3-bbe7-406f-aff4-1d8cf138d879/current/raft-meta.conf.tmp to /home/runner/work/ratis/ratis/ratis-test/target/test/data/b8de9602/MiniRaftClusterWithGrpcac948085/s4/e652f4e3-bbe7-406f-aff4-1d8cf138d879/current/raft-meta.conf with options [REPLACE_EXISTING]
2023-12-13 18:50:16,372 [s1@group-1D8CF138D879-StateMachineUpdater] TRACE util.FileUtils (LogUtils.java:supplyAndLog(69)) - Successfully supplied FileChannel.open /home/runner/work/ratis/ratis/ratis-test/target/test/data/b8de9602/MiniRaftClusterWithGrpcac948085/s1/e652f4e3-bbe7-406f-aff4-1d8cf138d879/current/raft-meta.conf.tmp with options [CREATE, WRITE]: sun.nio.ch.FileChannelImpl@337edd9c
2023-12-13 18:50:16,373 [s2@group-1D8CF138D879-StateMachineUpdater] TRACE util.FileUtils (LogUtils.java:supplyAndLog(69)) - Successfully supplied FileChannel.open /home/runner/work/ratis/ratis/ratis-test/target/test/data/b8de9602/MiniRaftClusterWithGrpcac948085/s2/e652f4e3-bbe7-406f-aff4-1d8cf138d879/current/raft-meta.conf.tmp with options [CREATE, WRITE]: sun.nio.ch.FileChannelImpl@529ee4de
2023-12-13 18:50:16,374 [s1@group-1D8CF138D879-StateMachineUpdater] TRACE util.FileUtils (LogUtils.java:runAndLog(49)) - Successfully ran Atomic Files.move /home/runner/work/ratis/ratis/ratis-test/target/test/data/b8de9602/MiniRaftClusterWithGrpcac948085/s1/e652f4e3-bbe7-406f-aff4-1d8cf138d879/current/raft-meta.conf.tmp to /home/runner/work/ratis/ratis/ratis-test/target/test/data/b8de9602/MiniRaftClusterWithGrpcac948085/s1/e652f4e3-bbe7-406f-aff4-1d8cf138d879/current/raft-meta.conf with options [REPLACE_EXISTING]
2023-12-13 18:50:16,375 [s2@group-1D8CF138D879-StateMachineUpdater] TRACE util.FileUtils (LogUtils.java:runAndLog(49)) - Successfully ran Atomic Files.move /home/runner/work/ratis/ratis/ratis-test/target/test/data/b8de9602/MiniRaftClusterWithGrpcac948085/s2/e652f4e3-bbe7-406f-aff4-1d8cf138d879/current/raft-meta.conf.tmp to /home/runner/work/ratis/ratis/ratis-test/target/test/data/b8de9602/MiniRaftClusterWithGrpcac948085/s2/e652f4e3-bbe7-406f-aff4-1d8cf138d879/current/raft-meta.conf with options [REPLACE_EXISTING]
2023-12-13 18:50:17,091 [Time-limited test] INFO  ratis.RaftTestUtil (RaftTestUtil.java:waitForLeader(124)) - printing group-1D8CF138D879
  s3:  RUNNING [
   FOLLOWER s3@group-1D8CF138D879:t1, leader=s0, voted=s0, raftlog=Memoized:s3@group-1D8CF138D879-SegmentedRaftLog:OPENED:c0, conf=0: peers:[s3|0.0.0.0:38599, s4|0.0.0.0:45297, s0|0.0.0.0:43623, s1|0.0.0.0:37641, s2|0.0.0.0:44395]|listeners:[], old=null RUNNING
   FOLLOWER s3@group-9B3688799715:t0, leader=null, voted=, raftlog=Memoized:s3@group-9B3688799715-SegmentedRaftLog:OPENED:c-1, conf=-1: peers:[]|listeners:[], old=null STARTING] size=2
  s4:  RUNNING [
   FOLLOWER s4@group-1D8CF138D879:t1, leader=s0, voted=s0, raftlog=Memoized:s4@group-1D8CF138D879-SegmentedRaftLog:OPENED:c0, conf=0: peers:[s3|0.0.0.0:38599, s4|0.0.0.0:45297, s0|0.0.0.0:43623, s1|0.0.0.0:37641, s2|0.0.0.0:44395]|listeners:[], old=null RUNNING
   FOLLOWER s4@group-9B3688799715:t0, leader=null, voted=, raftlog=Memoized:s4@group-9B3688799715-SegmentedRaftLog:OPENED:c-1, conf=-1: peers:[]|listeners:[], old=null STARTING] size=2
  s0:  RUNNING [
     LEADER s0@group-1D8CF138D879:t1, leader=s0, voted=s0, raftlog=Memoized:s0@group-1D8CF138D879-SegmentedRaftLog:OPENED:c0, conf=0: peers:[s3|0.0.0.0:38599, s4|0.0.0.0:45297, s0|0.0.0.0:43623, s1|0.0.0.0:37641, s2|0.0.0.0:44395]|listeners:[], old=null RUNNING
   FOLLOWER s0@group-9B3688799715:t0, leader=null, voted=, raftlog=Memoized:s0@group-9B3688799715-SegmentedRaftLog:OPENED:c-1, conf=-1: peers:[]|listeners:[], old=null STARTING] size=2
  s1:  RUNNING [
   FOLLOWER s1@group-1D8CF138D879:t1, leader=s0, voted=s0, raftlog=Memoized:s1@group-1D8CF138D879-SegmentedRaftLog:OPENED:c0, conf=0: peers:[s3|0.0.0.0:38599, s4|0.0.0.0:45297, s0|0.0.0.0:43623, s1|0.0.0.0:37641, s2|0.0.0.0:44395]|listeners:[], old=null RUNNING
   FOLLOWER s1@group-9B3688799715:t0, leader=null, voted=, raftlog=Memoized:s1@group-9B3688799715-SegmentedRaftLog:OPENED:c-1, conf=-1: peers:[]|listeners:[], old=null STARTING] size=2
  s2:  RUNNING [
   FOLLOWER s2@group-1D8CF138D879:t1, leader=s0, voted=s0, raftlog=Memoized:s2@group-1D8CF138D879-SegmentedRaftLog:OPENED:c0, conf=0: peers:[s3|0.0.0.0:38599, s4|0.0.0.0:45297, s0|0.0.0.0:43623, s1|0.0.0.0:37641, s2|0.0.0.0:44395]|listeners:[], old=null RUNNING
   FOLLOWER s2@group-9B3688799715:t0, leader=null, voted=, raftlog=Memoized:s2@group-9B3688799715-SegmentedRaftLog:OPENED:c-1, conf=-1: peers:[]|listeners:[], old=null STARTING] size=2
2023-12-13 18:50:17,092 [Time-limited test] INFO  impl.GroupManagementBaseTest (GroupManagementBaseTest.java:runMultiGroupTest(281)) - 1) starting group-FC6A756839F5:[s5|0.0.0.0:44673, s6|0.0.0.0:34623, s7|0.0.0.0:45125]
2023-12-13 18:50:17,092 [Time-limited test] DEBUG client.RaftClient (ConfUtils.java:logGet(46)) - raft.rpc.type = GRPC (default)
2023-12-13 18:50:17,096 [grpc-default-executor-6] INFO  server.RaftServer (RaftServerProxy.java:addNew(100)) - s5: addNew group-FC6A756839F5:[s5|0.0.0.0:44673, s6|0.0.0.0:34623, s7|0.0.0.0:45125] returns group-FC6A756839F5:java.util.concurrent.CompletableFuture@6e17a5f1[Not completed]
2023-12-13 18:50:17,096 [s5-groupManagement] INFO  server.RaftServer$Division (RaftServerImpl.java:<init>(256)) - s5: new RaftServerImpl for group-FC6A756839F5:[s5|0.0.0.0:44673, s6|0.0.0.0:34623, s7|0.0.0.0:45125] with BaseStateMachine:uninitialized
2023-12-13 18:50:17,096 [s5-groupManagement] INFO  server.RaftServerConfigKeys (ConfUtils.java:logGet(46)) - raft.server.rpc.timeout.min = 1500ms (custom)
2023-12-13 18:50:17,096 [s5-groupManagement] INFO  server.RaftServerConfigKeys (ConfUtils.java:logGet(46)) - raft.server.rpc.timeout.max = 2000ms (custom)
2023-12-13 18:50:17,096 [s5-groupManagement] INFO  server.RaftServerConfigKeys (ConfUtils.java:logGet(46)) - raft.server.rpc.sleep.time = 25ms (default)
2023-12-13 18:50:17,096 [s5-groupManagement] INFO  server.RaftServerConfigKeys (ConfUtils.java:logGet(46)) - raft.server.rpc.slowness.timeout = 60s (default)
2023-12-13 18:50:17,096 [s5-groupManagement] INFO  server.RaftServerConfigKeys (ConfUtils.java:logGet(46)) - raft.server.leaderelection.leader.step-down.wait-time = 10s (default)
2023-12-13 18:50:17,096 [s5-groupManagement] INFO  server.RaftServerConfigKeys (ConfUtils.java:logGet(46)) - raft.server.leaderelection.member.majority-add = false (default)
2023-12-13 18:50:17,096 [s5-groupManagement] INFO  server.RaftServerConfigKeys (ConfUtils.java:logGet(46)) - raft.server.sleep.deviation.threshold = 300ms (default)
2023-12-13 18:50:17,096 [s5-groupManagement] INFO  server.RaftServer$Division (ServerState.java:<init>(113)) - s5@group-FC6A756839F5: ConfigurationManager, init=-1: peers:[s5|0.0.0.0:44673, s6|0.0.0.0:34623, s7|0.0.0.0:45125]|listeners:[], old=null, confs=<EMPTY_MAP>
2023-12-13 18:50:17,096 [s5-groupManagement] INFO  server.RaftServerConfigKeys (ConfUtils.java:logGet(46)) - raft.server.notification.no-leader.timeout = 60s (default)
2023-12-13 18:50:17,096 [s5-groupManagement] INFO  server.RaftServerConfigKeys (ConfUtils.java:logGet(46)) - raft.server.read.timeout = 10s (default)
2023-12-13 18:50:17,096 [s5-groupManagement] INFO  server.RaftServerConfigKeys (ConfUtils.java:logGet(46)) - raft.server.retrycache.expirytime = 60s (default)
2023-12-13 18:50:17,096 [s5-groupManagement] INFO  server.RaftServerConfigKeys (ConfUtils.java:logGet(46)) - raft.server.retrycache.statistics.expirytime = 100ms (default)
2023-12-13 18:50:17,097 [s5-groupManagement] INFO  server.RaftServerConfigKeys (ConfUtils.java:logGet(46)) - raft.server.read.option = DEFAULT (default)
2023-12-13 18:50:17,097 [s5-groupManagement] INFO  server.RaftServerConfigKeys (ConfUtils.java:logGet(46)) - raft.server.read.read-after-write-consistent.write-index-cache.expiry-time = 60s (default)
2023-12-13 18:50:17,097 [s5-groupManagement] INFO  server.RaftServerConfigKeys (ConfUtils.java:logGet(46)) - raft.server.rpc.request.timeout = 3000ms (default)
2023-12-13 18:50:17,097 [s5-groupManagement] INFO  server.RaftServerConfigKeys (ConfUtils.java:logGet(46)) - raft.server.log.appender.install.snapshot.enabled = true (default)
2023-12-13 18:50:17,097 [s5-groupManagement] INFO  server.RaftServerConfigKeys (ConfUtils.java:logGet(46)) - raft.server.threadpool.server.cached = true (default)
2023-12-13 18:50:17,097 [s5-groupManagement] INFO  server.RaftServerConfigKeys (ConfUtils.java:logGet(46)) - raft.server.threadpool.server.size = 0 (default)
2023-12-13 18:50:17,097 [s5-groupManagement] INFO  server.RaftServerConfigKeys (ConfUtils.java:logGet(46)) - raft.server.threadpool.client.cached = true (default)
2023-12-13 18:50:17,097 [s5-groupManagement] INFO  server.RaftServerConfigKeys (ConfUtils.java:logGet(46)) - raft.server.threadpool.client.size = 0 (default)
2023-12-13 18:50:17,097 [s5-groupManagement] DEBUG server.RaftServer (RaftServerProxy.java:lambda$groupAddAsync$13(507)) - s5: newImpl =      null s5@group-FC6A756839F5:t0, leader=null, voted=null, raftlog=UNINITIALIZED, conf=-1: peers:[s5|0.0.0.0:44673, s6|0.0.0.0:34623, s7|0.0.0.0:45125]|listeners:[], old=null NEW
2023-12-13 18:50:17,097 [s5-groupManagement] INFO  server.RaftServerConfigKeys (ConfUtils.java:logGet(46)) - raft.server.storage.free-space.min = 0MB (=0) (default)
2023-12-13 18:50:17,097 [s5-groupManagement] INFO  server.RaftServerConfigKeys (ConfUtils.java:logGet(46)) - raft.server.log.corruption.policy = EXCEPTION (default)
2023-12-13 18:50:17,097 [s5-groupManagement] INFO  server.RaftServerConfigKeys (ConfUtils.java:logGet(46)) - raft.server.storage.dir = [/home/runner/work/ratis/ratis/ratis-test/target/test/data/b8de9602/MiniRaftClusterWithGrpcac948085/s5] (custom)
2023-12-13 18:50:17,097 [s5-groupManagement] INFO  storage.RaftStorageDirectory (RaftStorageDirectoryImpl.java:analyzeStorage(138)) - The storage directory /home/runner/work/ratis/ratis/ratis-test/target/test/data/b8de9602/MiniRaftClusterWithGrpcac948085/s5/040f102b-ff87-4adc-baf6-fc6a756839f5 does not exist. Creating ...
2023-12-13 18:50:17,097 [s5-groupManagement] TRACE util.FileUtils (LogUtils.java:runAndLog(49)) - Successfully ran Files.createDirectories /home/runner/work/ratis/ratis/ratis-test/target/test/data/b8de9602/MiniRaftClusterWithGrpcac948085/s5/040f102b-ff87-4adc-baf6-fc6a756839f5
2023-12-13 18:50:17,098 [s5-groupManagement] INFO  storage.RaftStorageDirectory (RaftStorageDirectoryImpl.java:tryLock(228)) - Lock on /home/runner/work/ratis/ratis/ratis-test/target/test/data/b8de9602/MiniRaftClusterWithGrpcac948085/s5/040f102b-ff87-4adc-baf6-fc6a756839f5/in_use.lock acquired by nodename 24599@fv-az743-812
2023-12-13 18:50:17,098 [s5-groupManagement] TRACE util.FileUtils (LogUtils.java:runAndLog(49)) - Successfully ran Files.createDirectories /home/runner/work/ratis/ratis/ratis-test/target/test/data/b8de9602/MiniRaftClusterWithGrpcac948085/s5/040f102b-ff87-4adc-baf6-fc6a756839f5/current
2023-12-13 18:50:17,098 [s5-groupManagement] TRACE util.FileUtils (LogUtils.java:runAndLog(49)) - Successfully ran Files.createDirectories /home/runner/work/ratis/ratis/ratis-test/target/test/data/b8de9602/MiniRaftClusterWithGrpcac948085/s5/040f102b-ff87-4adc-baf6-fc6a756839f5/sm
2023-12-13 18:50:17,099 [s5-groupManagement] TRACE util.FileUtils (LogUtils.java:supplyAndLog(69)) - Successfully supplied FileChannel.open /home/runner/work/ratis/ratis/ratis-test/target/test/data/b8de9602/MiniRaftClusterWithGrpcac948085/s5/040f102b-ff87-4adc-baf6-fc6a756839f5/current/raft-meta.tmp with options [CREATE, WRITE]: sun.nio.ch.FileChannelImpl@20126bd2
2023-12-13 18:50:17,099 [s5-groupManagement] TRACE util.FileUtils (LogUtils.java:runAndLog(49)) - Successfully ran Atomic Files.move /home/runner/work/ratis/ratis/ratis-test/target/test/data/b8de9602/MiniRaftClusterWithGrpcac948085/s5/040f102b-ff87-4adc-baf6-fc6a756839f5/current/raft-meta.tmp to /home/runner/work/ratis/ratis/ratis-test/target/test/data/b8de9602/MiniRaftClusterWithGrpcac948085/s5/040f102b-ff87-4adc-baf6-fc6a756839f5/current/raft-meta with options [REPLACE_EXISTING]
2023-12-13 18:50:17,099 [s5-groupManagement] INFO  storage.RaftStorage (RaftStorageImpl.java:format(99)) - Storage directory /home/runner/work/ratis/ratis/ratis-test/target/test/data/b8de9602/MiniRaftClusterWithGrpcac948085/s5/040f102b-ff87-4adc-baf6-fc6a756839f5 has been successfully formatted.
2023-12-13 18:50:17,099 [s5-groupManagement] TRACE util.FileUtils (LogUtils.java:supplyAndLog(61)) - Failed to Files.newInputStream /home/runner/work/ratis/ratis/ratis-test/target/test/data/b8de9602/MiniRaftClusterWithGrpcac948085/s5/040f102b-ff87-4adc-baf6-fc6a756839f5/current/raft-meta.conf with options []
java.nio.file.NoSuchFileException: /home/runner/work/ratis/ratis/ratis-test/target/test/data/b8de9602/MiniRaftClusterWithGrpcac948085/s5/040f102b-ff87-4adc-baf6-fc6a756839f5/current/raft-meta.conf
	at java.base/sun.nio.fs.UnixException.translateToIOException(UnixException.java:92)
	at java.base/sun.nio.fs.UnixException.rethrowAsIOException(UnixException.java:111)
	at java.base/sun.nio.fs.UnixException.rethrowAsIOException(UnixException.java:116)
	at java.base/sun.nio.fs.UnixFileSystemProvider.newByteChannel(UnixFileSystemProvider.java:219)
	at java.base/java.nio.file.Files.newByteChannel(Files.java:371)
	at java.base/java.nio.file.Files.newByteChannel(Files.java:422)
	at java.base/java.nio.file.spi.FileSystemProvider.newInputStream(FileSystemProvider.java:420)
	at java.base/java.nio.file.Files.newInputStream(Files.java:156)
	at org.apache.ratis.util.FileUtils.lambda$newInputStream$2(FileUtils.java:73)
	at org.apache.ratis.util.LogUtils.supplyAndLog(LogUtils.java:58)
	at org.apache.ratis.util.FileUtils.newInputStream(FileUtils.java:72)
	at org.apache.ratis.util.FileUtils.newInputStream(FileUtils.java:68)
	at org.apache.ratis.server.storage.RaftStorageImpl.readRaftConfiguration(RaftStorageImpl.java:156)
	at org.apache.ratis.server.impl.ServerState.initialize(ServerState.java:141)
	at org.apache.ratis.server.impl.RaftServerImpl.start(RaftServerImpl.java:388)
	at org.apache.ratis.server.impl.RaftServerProxy.lambda$groupAddAsync$13(RaftServerProxy.java:509)
	at java.base/java.util.concurrent.CompletableFuture$UniApply.tryFire(CompletableFuture.java:642)
	at java.base/java.util.concurrent.CompletableFuture$Completion.run(CompletableFuture.java:478)
	at java.base/java.util.concurrent.ThreadPoolExecutor.runWorker(ThreadPoolExecutor.java:1128)
	at java.base/java.util.concurrent.ThreadPoolExecutor$Worker.run(ThreadPoolExecutor.java:628)
	at java.base/java.lang.Thread.run(Thread.java:829)
2023-12-13 18:50:17,100 [s5-groupManagement] INFO  server.RaftServerConfigKeys (ConfUtils.java:logGet(46)) - raft.server.log.use.memory = false (default)
2023-12-13 18:50:17,100 [s5-groupManagement] INFO  server.RaftServerConfigKeys (ConfUtils.java:logGet(46)) - raft.server.log.purge.gap = 1024 (default)
2023-12-13 18:50:17,100 [s5-groupManagement] INFO  server.RaftServerConfigKeys (ConfUtils.java:logGet(46)) - raft.server.log.appender.buffer.byte-limit = 4MB (=4194304) (default)
2023-12-13 18:50:17,100 [s5-groupManagement] INFO  server.RaftServerConfigKeys (ConfUtils.java:logGet(46)) - raft.server.log.statemachine.data.read.timeout = 1000ms (default)
2023-12-13 18:50:17,100 [s5-groupManagement] INFO  server.RaftServerConfigKeys (ConfUtils.java:logGet(46)) - raft.server.log.purge.preservation.log.num = 0 (default)
2023-12-13 18:50:17,100 [s5-groupManagement] INFO  server.RaftServerConfigKeys (ConfUtils.java:logGet(46)) - raft.server.log.segment.size.max = 32MB (=33554432) (default)
2023-12-13 18:50:17,100 [s5-groupManagement] INFO  server.RaftServerConfigKeys (ConfUtils.java:logGet(46)) - raft.server.log.segment.cache.num.max = 6 (default)
2023-12-13 18:50:17,100 [s5-groupManagement] INFO  server.RaftServerConfigKeys (ConfUtils.java:logGet(46)) - raft.server.log.segment.cache.size.max = 200MB (=209715200) (default)
2023-12-13 18:50:17,100 [s5-groupManagement] INFO  server.RaftServerConfigKeys (ConfUtils.java:logGet(46)) - raft.server.log.appender.buffer.byte-limit = 4MB (=4194304) (default)
2023-12-13 18:50:17,100 [s5-groupManagement] INFO  util.AwaitToRun (AwaitToRun.java:start(81)) - Thread[s5@group-FC6A756839F5-cacheEviction-AwaitToRun,5,main] started
2023-12-13 18:50:17,100 [s5-groupManagement] INFO  segmented.SegmentedRaftLogWorker (SegmentedRaftLogWorker.java:<init>(182)) - new s5@group-FC6A756839F5-SegmentedRaftLogWorker for RaftStorageImpl:Storage Directory /home/runner/work/ratis/ratis/ratis-test/target/test/data/b8de9602/MiniRaftClusterWithGrpcac948085/s5/040f102b-ff87-4adc-baf6-fc6a756839f5
2023-12-13 18:50:17,100 [s5-groupManagement] INFO  server.RaftServerConfigKeys (ConfUtils.java:logGet(46)) - raft.server.log.queue.byte-limit = 64MB (=67108864) (default)
2023-12-13 18:50:17,100 [s5-groupManagement] INFO  server.RaftServerConfigKeys (ConfUtils.java:logGet(46)) - raft.server.log.queue.element-limit = 4096 (default)
2023-12-13 18:50:17,100 [s5-groupManagement] INFO  server.RaftServerConfigKeys (ConfUtils.java:logGet(46)) - raft.server.log.segment.size.max = 32MB (=33554432) (default)
2023-12-13 18:50:17,100 [s5-groupManagement] INFO  server.RaftServerConfigKeys (ConfUtils.java:logGet(46)) - raft.server.log.preallocated.size = 4MB (=4194304) (default)
2023-12-13 18:50:17,100 [s5-groupManagement] INFO  server.RaftServerConfigKeys (ConfUtils.java:logGet(46)) - raft.server.log.force.sync.num = 128 (default)
2023-12-13 18:50:17,100 [s5-groupManagement] INFO  server.RaftServerConfigKeys (ConfUtils.java:logGet(46)) - raft.server.log.statemachine.data.sync = true (default)
2023-12-13 18:50:17,100 [s5-groupManagement] INFO  server.RaftServerConfigKeys (ConfUtils.java:logGet(46)) - raft.server.log.statemachine.data.sync.timeout = 10s (default)
2023-12-13 18:50:17,100 [s5-groupManagement] INFO  server.RaftServerConfigKeys (ConfUtils.java:logGet(46)) - raft.server.log.statemachine.data.sync.timeout.retry = -1 (default)
2023-12-13 18:50:17,100 [s5-groupManagement] INFO  server.RaftServerConfigKeys (ConfUtils.java:logGet(46)) - raft.server.log.write.buffer.size = 8MB (=8388608) (default)
2023-12-13 18:50:17,102 [s5-groupManagement] INFO  server.RaftServerConfigKeys (ConfUtils.java:logGet(46)) - raft.server.log.appender.buffer.byte-limit = 4MB (=4194304) (default)
2023-12-13 18:50:17,102 [s5-groupManagement] INFO  server.RaftServerConfigKeys (ConfUtils.java:logGet(46)) - raft.server.log.unsafe-flush.enabled = false (default)
2023-12-13 18:50:17,102 [s5-groupManagement] INFO  server.RaftServerConfigKeys (ConfUtils.java:logGet(46)) - raft.server.log.async-flush.enabled = false (default)
2023-12-13 18:50:17,102 [s5-groupManagement] INFO  server.RaftServerConfigKeys (ConfUtils.java:logGet(46)) - raft.server.log.statemachine.data.caching.enabled = false (default)
2023-12-13 18:50:17,102 [s5-groupManagement] INFO  segmented.SegmentedRaftLogWorker (SegmentedRaftLogWorker.java:lambda$new$0(134)) - s5@group-FC6A756839F5-SegmentedRaftLogWorker: flushIndex: setUnconditionally 0 -> -1
2023-12-13 18:50:17,102 [s5-groupManagement] INFO  segmented.SegmentedRaftLogWorker (SegmentedRaftLogWorker.java:lambda$new$0(134)) - s5@group-FC6A756839F5-SegmentedRaftLogWorker: safeCacheEvictIndex: setUnconditionally 0 -> -1
2023-12-13 18:50:17,102 [s5-groupManagement] INFO  server.RaftServer$Division (RaftServerImpl.java:start(392)) - s5@group-FC6A756839F5: start as a follower, conf=-1: peers:[s5|0.0.0.0:44673, s6|0.0.0.0:34623, s7|0.0.0.0:45125]|listeners:[], old=null
2023-12-13 18:50:17,102 [s5-groupManagement] INFO  server.RaftServer$Division (RaftServerImpl.java:setRole(379)) - s5@group-FC6A756839F5: changes role from      null to FOLLOWER at term 0 for startAsFollower
2023-12-13 18:50:17,102 [s5-groupManagement] INFO  impl.RoleInfo (RoleInfo.java:updateAndGet(139)) - s5: start s5@group-FC6A756839F5-FollowerState
2023-12-13 18:50:17,102 [s5@group-FC6A756839F5-FollowerState] INFO  server.RaftServerConfigKeys (ConfUtils.java:logFallback(53)) - raft.server.rpc.first-election.timeout.min = 1500ms (fallback to raft.server.rpc.timeout.min)
2023-12-13 18:50:17,102 [s5-groupManagement] INFO  util.JmxRegister (JmxRegister.java:tryRegister(44)) - Successfully registered JMX Bean with object name Ratis:service=RaftServer,group=group-FC6A756839F5,id=s5
2023-12-13 18:50:17,102 [s5@group-FC6A756839F5-FollowerState] INFO  server.RaftServerConfigKeys (ConfUtils.java:logFallback(53)) - raft.server.rpc.first-election.timeout.max = 2000ms (fallback to raft.server.rpc.timeout.max)
2023-12-13 18:50:17,102 [s5-groupManagement] INFO  server.RaftServerConfigKeys (ConfUtils.java:logGet(46)) - raft.server.snapshot.trigger-when-stop.enabled = true (default)
2023-12-13 18:50:17,102 [s5-groupManagement] INFO  server.RaftServerConfigKeys (ConfUtils.java:logGet(46)) - raft.server.snapshot.auto.trigger.enabled = false (default)
2023-12-13 18:50:17,102 [s5-groupManagement] INFO  server.RaftServerConfigKeys (ConfUtils.java:logGet(46)) - raft.server.snapshot.retention.file.num = -1 (default)
2023-12-13 18:50:17,102 [s5-groupManagement] INFO  server.RaftServerConfigKeys (ConfUtils.java:logGet(46)) - raft.server.log.purge.upto.snapshot.index = false (default)
2023-12-13 18:50:17,105 [Time-limited test] DEBUG client.RaftClient (ConfUtils.java:logGet(46)) - raft.rpc.type = GRPC (default)
2023-12-13 18:50:17,109 [grpc-default-executor-6] INFO  server.RaftServer (RaftServerProxy.java:addNew(100)) - s6: addNew group-FC6A756839F5:[s5|0.0.0.0:44673, s6|0.0.0.0:34623, s7|0.0.0.0:45125] returns group-FC6A756839F5:java.util.concurrent.CompletableFuture@4bd0e15c[Not completed]
2023-12-13 18:50:17,109 [s6-groupManagement] INFO  server.RaftServer$Division (RaftServerImpl.java:<init>(256)) - s6: new RaftServerImpl for group-FC6A756839F5:[s5|0.0.0.0:44673, s6|0.0.0.0:34623, s7|0.0.0.0:45125] with BaseStateMachine:uninitialized
2023-12-13 18:50:17,109 [s6-groupManagement] INFO  server.RaftServerConfigKeys (ConfUtils.java:logGet(46)) - raft.server.rpc.timeout.min = 1500ms (custom)
2023-12-13 18:50:17,109 [s6-groupManagement] INFO  server.RaftServerConfigKeys (ConfUtils.java:logGet(46)) - raft.server.rpc.timeout.max = 2000ms (custom)
2023-12-13 18:50:17,109 [s6-groupManagement] INFO  server.RaftServerConfigKeys (ConfUtils.java:logGet(46)) - raft.server.rpc.sleep.time = 25ms (default)
2023-12-13 18:50:17,109 [s6-groupManagement] INFO  server.RaftServerConfigKeys (ConfUtils.java:logGet(46)) - raft.server.rpc.slowness.timeout = 60s (default)
2023-12-13 18:50:17,109 [s6-groupManagement] INFO  server.RaftServerConfigKeys (ConfUtils.java:logGet(46)) - raft.server.leaderelection.leader.step-down.wait-time = 10s (default)
2023-12-13 18:50:17,109 [s6-groupManagement] INFO  server.RaftServerConfigKeys (ConfUtils.java:logGet(46)) - raft.server.leaderelection.member.majority-add = false (default)
2023-12-13 18:50:17,109 [s6-groupManagement] INFO  server.RaftServerConfigKeys (ConfUtils.java:logGet(46)) - raft.server.sleep.deviation.threshold = 300ms (default)
2023-12-13 18:50:17,109 [s6-groupManagement] INFO  server.RaftServer$Division (ServerState.java:<init>(113)) - s6@group-FC6A756839F5: ConfigurationManager, init=-1: peers:[s5|0.0.0.0:44673, s6|0.0.0.0:34623, s7|0.0.0.0:45125]|listeners:[], old=null, confs=<EMPTY_MAP>
2023-12-13 18:50:17,109 [s6-groupManagement] INFO  server.RaftServerConfigKeys (ConfUtils.java:logGet(46)) - raft.server.notification.no-leader.timeout = 60s (default)
2023-12-13 18:50:17,109 [s6-groupManagement] INFO  server.RaftServerConfigKeys (ConfUtils.java:logGet(46)) - raft.server.read.timeout = 10s (default)
2023-12-13 18:50:17,109 [s6-groupManagement] INFO  server.RaftServerConfigKeys (ConfUtils.java:logGet(46)) - raft.server.retrycache.expirytime = 60s (default)
2023-12-13 18:50:17,109 [s6-groupManagement] INFO  server.RaftServerConfigKeys (ConfUtils.java:logGet(46)) - raft.server.retrycache.statistics.expirytime = 100ms (default)
2023-12-13 18:50:17,109 [s6-groupManagement] INFO  server.RaftServerConfigKeys (ConfUtils.java:logGet(46)) - raft.server.read.option = DEFAULT (default)
2023-12-13 18:50:17,109 [s6-groupManagement] INFO  server.RaftServerConfigKeys (ConfUtils.java:logGet(46)) - raft.server.read.read-after-write-consistent.write-index-cache.expiry-time = 60s (default)
2023-12-13 18:50:17,109 [s6-groupManagement] INFO  server.RaftServerConfigKeys (ConfUtils.java:logGet(46)) - raft.server.rpc.request.timeout = 3000ms (default)
2023-12-13 18:50:17,110 [s6-groupManagement] INFO  server.RaftServerConfigKeys (ConfUtils.java:logGet(46)) - raft.server.log.appender.install.snapshot.enabled = true (default)
2023-12-13 18:50:17,110 [s6-groupManagement] INFO  server.RaftServerConfigKeys (ConfUtils.java:logGet(46)) - raft.server.threadpool.server.cached = true (default)
2023-12-13 18:50:17,110 [s6-groupManagement] INFO  server.RaftServerConfigKeys (ConfUtils.java:logGet(46)) - raft.server.threadpool.server.size = 0 (default)
2023-12-13 18:50:17,110 [s6-groupManagement] INFO  server.RaftServerConfigKeys (ConfUtils.java:logGet(46)) - raft.server.threadpool.client.cached = true (default)
2023-12-13 18:50:17,110 [s6-groupManagement] INFO  server.RaftServerConfigKeys (ConfUtils.java:logGet(46)) - raft.server.threadpool.client.size = 0 (default)
2023-12-13 18:50:17,110 [s6-groupManagement] DEBUG server.RaftServer (RaftServerProxy.java:lambda$groupAddAsync$13(507)) - s6: newImpl =      null s6@group-FC6A756839F5:t0, leader=null, voted=null, raftlog=UNINITIALIZED, conf=-1: peers:[s5|0.0.0.0:44673, s6|0.0.0.0:34623, s7|0.0.0.0:45125]|listeners:[], old=null NEW
2023-12-13 18:50:17,110 [s6-groupManagement] INFO  server.RaftServerConfigKeys (ConfUtils.java:logGet(46)) - raft.server.storage.free-space.min = 0MB (=0) (default)
2023-12-13 18:50:17,110 [s6-groupManagement] INFO  server.RaftServerConfigKeys (ConfUtils.java:logGet(46)) - raft.server.log.corruption.policy = EXCEPTION (default)
2023-12-13 18:50:17,110 [s6-groupManagement] INFO  server.RaftServerConfigKeys (ConfUtils.java:logGet(46)) - raft.server.storage.dir = [/home/runner/work/ratis/ratis/ratis-test/target/test/data/b8de9602/MiniRaftClusterWithGrpcac948085/s6] (custom)
2023-12-13 18:50:17,110 [s6-groupManagement] INFO  storage.RaftStorageDirectory (RaftStorageDirectoryImpl.java:analyzeStorage(138)) - The storage directory /home/runner/work/ratis/ratis/ratis-test/target/test/data/b8de9602/MiniRaftClusterWithGrpcac948085/s6/040f102b-ff87-4adc-baf6-fc6a756839f5 does not exist. Creating ...
2023-12-13 18:50:17,110 [s6-groupManagement] TRACE util.FileUtils (LogUtils.java:runAndLog(49)) - Successfully ran Files.createDirectories /home/runner/work/ratis/ratis/ratis-test/target/test/data/b8de9602/MiniRaftClusterWithGrpcac948085/s6/040f102b-ff87-4adc-baf6-fc6a756839f5
2023-12-13 18:50:17,111 [s6-groupManagement] INFO  storage.RaftStorageDirectory (RaftStorageDirectoryImpl.java:tryLock(228)) - Lock on /home/runner/work/ratis/ratis/ratis-test/target/test/data/b8de9602/MiniRaftClusterWithGrpcac948085/s6/040f102b-ff87-4adc-baf6-fc6a756839f5/in_use.lock acquired by nodename 24599@fv-az743-812
2023-12-13 18:50:17,111 [s6-groupManagement] TRACE util.FileUtils (LogUtils.java:runAndLog(49)) - Successfully ran Files.createDirectories /home/runner/work/ratis/ratis/ratis-test/target/test/data/b8de9602/MiniRaftClusterWithGrpcac948085/s6/040f102b-ff87-4adc-baf6-fc6a756839f5/current
2023-12-13 18:50:17,111 [s6-groupManagement] TRACE util.FileUtils (LogUtils.java:runAndLog(49)) - Successfully ran Files.createDirectories /home/runner/work/ratis/ratis/ratis-test/target/test/data/b8de9602/MiniRaftClusterWithGrpcac948085/s6/040f102b-ff87-4adc-baf6-fc6a756839f5/sm
2023-12-13 18:50:17,111 [s6-groupManagement] TRACE util.FileUtils (LogUtils.java:supplyAndLog(69)) - Successfully supplied FileChannel.open /home/runner/work/ratis/ratis/ratis-test/target/test/data/b8de9602/MiniRaftClusterWithGrpcac948085/s6/040f102b-ff87-4adc-baf6-fc6a756839f5/current/raft-meta.tmp with options [CREATE, WRITE]: sun.nio.ch.FileChannelImpl@50d16905
2023-12-13 18:50:17,112 [s6-groupManagement] TRACE util.FileUtils (LogUtils.java:runAndLog(49)) - Successfully ran Atomic Files.move /home/runner/work/ratis/ratis/ratis-test/target/test/data/b8de9602/MiniRaftClusterWithGrpcac948085/s6/040f102b-ff87-4adc-baf6-fc6a756839f5/current/raft-meta.tmp to /home/runner/work/ratis/ratis/ratis-test/target/test/data/b8de9602/MiniRaftClusterWithGrpcac948085/s6/040f102b-ff87-4adc-baf6-fc6a756839f5/current/raft-meta with options [REPLACE_EXISTING]
2023-12-13 18:50:17,112 [s6-groupManagement] INFO  storage.RaftStorage (RaftStorageImpl.java:format(99)) - Storage directory /home/runner/work/ratis/ratis/ratis-test/target/test/data/b8de9602/MiniRaftClusterWithGrpcac948085/s6/040f102b-ff87-4adc-baf6-fc6a756839f5 has been successfully formatted.
2023-12-13 18:50:17,112 [s6-groupManagement] TRACE util.FileUtils (LogUtils.java:supplyAndLog(61)) - Failed to Files.newInputStream /home/runner/work/ratis/ratis/ratis-test/target/test/data/b8de9602/MiniRaftClusterWithGrpcac948085/s6/040f102b-ff87-4adc-baf6-fc6a756839f5/current/raft-meta.conf with options []
java.nio.file.NoSuchFileException: /home/runner/work/ratis/ratis/ratis-test/target/test/data/b8de9602/MiniRaftClusterWithGrpcac948085/s6/040f102b-ff87-4adc-baf6-fc6a756839f5/current/raft-meta.conf
	at java.base/sun.nio.fs.UnixException.translateToIOException(UnixException.java:92)
	at java.base/sun.nio.fs.UnixException.rethrowAsIOException(UnixException.java:111)
	at java.base/sun.nio.fs.UnixException.rethrowAsIOException(UnixException.java:116)
	at java.base/sun.nio.fs.UnixFileSystemProvider.newByteChannel(UnixFileSystemProvider.java:219)
	at java.base/java.nio.file.Files.newByteChannel(Files.java:371)
	at java.base/java.nio.file.Files.newByteChannel(Files.java:422)
	at java.base/java.nio.file.spi.FileSystemProvider.newInputStream(FileSystemProvider.java:420)
	at java.base/java.nio.file.Files.newInputStream(Files.java:156)
	at org.apache.ratis.util.FileUtils.lambda$newInputStream$2(FileUtils.java:73)
	at org.apache.ratis.util.LogUtils.supplyAndLog(LogUtils.java:58)
	at org.apache.ratis.util.FileUtils.newInputStream(FileUtils.java:72)
	at org.apache.ratis.util.FileUtils.newInputStream(FileUtils.java:68)
	at org.apache.ratis.server.storage.RaftStorageImpl.readRaftConfiguration(RaftStorageImpl.java:156)
	at org.apache.ratis.server.impl.ServerState.initialize(ServerState.java:141)
	at org.apache.ratis.server.impl.RaftServerImpl.start(RaftServerImpl.java:388)
	at org.apache.ratis.server.impl.RaftServerProxy.lambda$groupAddAsync$13(RaftServerProxy.java:509)
	at java.base/java.util.concurrent.CompletableFuture$UniApply.tryFire(CompletableFuture.java:642)
	at java.base/java.util.concurrent.CompletableFuture$Completion.run(CompletableFuture.java:478)
	at java.base/java.util.concurrent.ThreadPoolExecutor.runWorker(ThreadPoolExecutor.java:1128)
	at java.base/java.util.concurrent.ThreadPoolExecutor$Worker.run(ThreadPoolExecutor.java:628)
	at java.base/java.lang.Thread.run(Thread.java:829)
2023-12-13 18:50:17,112 [s6-groupManagement] INFO  server.RaftServerConfigKeys (ConfUtils.java:logGet(46)) - raft.server.log.use.memory = false (default)
2023-12-13 18:50:17,112 [s6-groupManagement] INFO  server.RaftServerConfigKeys (ConfUtils.java:logGet(46)) - raft.server.log.purge.gap = 1024 (default)
2023-12-13 18:50:17,112 [s6-groupManagement] INFO  server.RaftServerConfigKeys (ConfUtils.java:logGet(46)) - raft.server.log.appender.buffer.byte-limit = 4MB (=4194304) (default)
2023-12-13 18:50:17,112 [s6-groupManagement] INFO  server.RaftServerConfigKeys (ConfUtils.java:logGet(46)) - raft.server.log.statemachine.data.read.timeout = 1000ms (default)
2023-12-13 18:50:17,112 [s6-groupManagement] INFO  server.RaftServerConfigKeys (ConfUtils.java:logGet(46)) - raft.server.log.purge.preservation.log.num = 0 (default)
2023-12-13 18:50:17,112 [s6-groupManagement] INFO  server.RaftServerConfigKeys (ConfUtils.java:logGet(46)) - raft.server.log.segment.size.max = 32MB (=33554432) (default)
2023-12-13 18:50:17,113 [s6-groupManagement] INFO  server.RaftServerConfigKeys (ConfUtils.java:logGet(46)) - raft.server.log.segment.cache.num.max = 6 (default)
2023-12-13 18:50:17,113 [s6-groupManagement] INFO  server.RaftServerConfigKeys (ConfUtils.java:logGet(46)) - raft.server.log.segment.cache.size.max = 200MB (=209715200) (default)
2023-12-13 18:50:17,113 [s6-groupManagement] INFO  server.RaftServerConfigKeys (ConfUtils.java:logGet(46)) - raft.server.log.appender.buffer.byte-limit = 4MB (=4194304) (default)
2023-12-13 18:50:17,113 [s6-groupManagement] INFO  util.AwaitToRun (AwaitToRun.java:start(81)) - Thread[s6@group-FC6A756839F5-cacheEviction-AwaitToRun,5,main] started
2023-12-13 18:50:17,113 [s6-groupManagement] INFO  segmented.SegmentedRaftLogWorker (SegmentedRaftLogWorker.java:<init>(182)) - new s6@group-FC6A756839F5-SegmentedRaftLogWorker for RaftStorageImpl:Storage Directory /home/runner/work/ratis/ratis/ratis-test/target/test/data/b8de9602/MiniRaftClusterWithGrpcac948085/s6/040f102b-ff87-4adc-baf6-fc6a756839f5
2023-12-13 18:50:17,113 [s6-groupManagement] INFO  server.RaftServerConfigKeys (ConfUtils.java:logGet(46)) - raft.server.log.queue.byte-limit = 64MB (=67108864) (default)
2023-12-13 18:50:17,113 [s6-groupManagement] INFO  server.RaftServerConfigKeys (ConfUtils.java:logGet(46)) - raft.server.log.queue.element-limit = 4096 (default)
2023-12-13 18:50:17,113 [s6-groupManagement] INFO  server.RaftServerConfigKeys (ConfUtils.java:logGet(46)) - raft.server.log.segment.size.max = 32MB (=33554432) (default)
2023-12-13 18:50:17,113 [s6-groupManagement] INFO  server.RaftServerConfigKeys (ConfUtils.java:logGet(46)) - raft.server.log.preallocated.size = 4MB (=4194304) (default)
2023-12-13 18:50:17,113 [s6-groupManagement] INFO  server.RaftServerConfigKeys (ConfUtils.java:logGet(46)) - raft.server.log.force.sync.num = 128 (default)
2023-12-13 18:50:17,113 [s6-groupManagement] INFO  server.RaftServerConfigKeys (ConfUtils.java:logGet(46)) - raft.server.log.statemachine.data.sync = true (default)
2023-12-13 18:50:17,113 [s6-groupManagement] INFO  server.RaftServerConfigKeys (ConfUtils.java:logGet(46)) - raft.server.log.statemachine.data.sync.timeout = 10s (default)
2023-12-13 18:50:17,113 [s6-groupManagement] INFO  server.RaftServerConfigKeys (ConfUtils.java:logGet(46)) - raft.server.log.statemachine.data.sync.timeout.retry = -1 (default)
2023-12-13 18:50:17,113 [s6-groupManagement] INFO  server.RaftServerConfigKeys (ConfUtils.java:logGet(46)) - raft.server.log.write.buffer.size = 8MB (=8388608) (default)
2023-12-13 18:50:17,114 [s6-groupManagement] INFO  server.RaftServerConfigKeys (ConfUtils.java:logGet(46)) - raft.server.log.appender.buffer.byte-limit = 4MB (=4194304) (default)
2023-12-13 18:50:17,114 [s6-groupManagement] INFO  server.RaftServerConfigKeys (ConfUtils.java:logGet(46)) - raft.server.log.unsafe-flush.enabled = false (default)
2023-12-13 18:50:17,114 [s6-groupManagement] INFO  server.RaftServerConfigKeys (ConfUtils.java:logGet(46)) - raft.server.log.async-flush.enabled = false (default)
2023-12-13 18:50:17,114 [s6-groupManagement] INFO  server.RaftServerConfigKeys (ConfUtils.java:logGet(46)) - raft.server.log.statemachine.data.caching.enabled = false (default)
2023-12-13 18:50:17,114 [s6-groupManagement] INFO  segmented.SegmentedRaftLogWorker (SegmentedRaftLogWorker.java:lambda$new$0(134)) - s6@group-FC6A756839F5-SegmentedRaftLogWorker: flushIndex: setUnconditionally 0 -> -1
2023-12-13 18:50:17,114 [s6-groupManagement] INFO  segmented.SegmentedRaftLogWorker (SegmentedRaftLogWorker.java:lambda$new$0(134)) - s6@group-FC6A756839F5-SegmentedRaftLogWorker: safeCacheEvictIndex: setUnconditionally 0 -> -1
2023-12-13 18:50:17,115 [s6-groupManagement] INFO  server.RaftServer$Division (RaftServerImpl.java:start(392)) - s6@group-FC6A756839F5: start as a follower, conf=-1: peers:[s5|0.0.0.0:44673, s6|0.0.0.0:34623, s7|0.0.0.0:45125]|listeners:[], old=null
2023-12-13 18:50:17,115 [s6-groupManagement] INFO  server.RaftServer$Division (RaftServerImpl.java:setRole(379)) - s6@group-FC6A756839F5: changes role from      null to FOLLOWER at term 0 for startAsFollower
2023-12-13 18:50:17,115 [s6-groupManagement] INFO  impl.RoleInfo (RoleInfo.java:updateAndGet(139)) - s6: start s6@group-FC6A756839F5-FollowerState
2023-12-13 18:50:17,115 [s6@group-FC6A756839F5-FollowerState] INFO  server.RaftServerConfigKeys (ConfUtils.java:logFallback(53)) - raft.server.rpc.first-election.timeout.min = 1500ms (fallback to raft.server.rpc.timeout.min)
2023-12-13 18:50:17,115 [s6-groupManagement] INFO  util.JmxRegister (JmxRegister.java:tryRegister(44)) - Successfully registered JMX Bean with object name Ratis:service=RaftServer,group=group-FC6A756839F5,id=s6
2023-12-13 18:50:17,115 [s6@group-FC6A756839F5-FollowerState] INFO  server.RaftServerConfigKeys (ConfUtils.java:logFallback(53)) - raft.server.rpc.first-election.timeout.max = 2000ms (fallback to raft.server.rpc.timeout.max)
2023-12-13 18:50:17,115 [s6-groupManagement] INFO  server.RaftServerConfigKeys (ConfUtils.java:logGet(46)) - raft.server.snapshot.trigger-when-stop.enabled = true (default)
2023-12-13 18:50:17,115 [s6-groupManagement] INFO  server.RaftServerConfigKeys (ConfUtils.java:logGet(46)) - raft.server.snapshot.auto.trigger.enabled = false (default)
2023-12-13 18:50:17,115 [s6-groupManagement] INFO  server.RaftServerConfigKeys (ConfUtils.java:logGet(46)) - raft.server.snapshot.retention.file.num = -1 (default)
2023-12-13 18:50:17,115 [s6-groupManagement] INFO  server.RaftServerConfigKeys (ConfUtils.java:logGet(46)) - raft.server.log.purge.upto.snapshot.index = false (default)
2023-12-13 18:50:17,123 [Time-limited test] DEBUG client.RaftClient (ConfUtils.java:logGet(46)) - raft.rpc.type = GRPC (default)
2023-12-13 18:50:17,127 [grpc-default-executor-1] INFO  server.RaftServer (RaftServerProxy.java:addNew(100)) - s7: addNew group-FC6A756839F5:[s5|0.0.0.0:44673, s6|0.0.0.0:34623, s7|0.0.0.0:45125] returns group-FC6A756839F5:java.util.concurrent.CompletableFuture@7420724[Not completed]
2023-12-13 18:50:17,128 [s7-groupManagement] INFO  server.RaftServer$Division (RaftServerImpl.java:<init>(256)) - s7: new RaftServerImpl for group-FC6A756839F5:[s5|0.0.0.0:44673, s6|0.0.0.0:34623, s7|0.0.0.0:45125] with BaseStateMachine:uninitialized
2023-12-13 18:50:17,128 [s7-groupManagement] INFO  server.RaftServerConfigKeys (ConfUtils.java:logGet(46)) - raft.server.rpc.timeout.min = 1500ms (custom)
2023-12-13 18:50:17,128 [s7-groupManagement] INFO  server.RaftServerConfigKeys (ConfUtils.java:logGet(46)) - raft.server.rpc.timeout.max = 2000ms (custom)
2023-12-13 18:50:17,128 [s7-groupManagement] INFO  server.RaftServerConfigKeys (ConfUtils.java:logGet(46)) - raft.server.rpc.sleep.time = 25ms (default)
2023-12-13 18:50:17,128 [s7-groupManagement] INFO  server.RaftServerConfigKeys (ConfUtils.java:logGet(46)) - raft.server.rpc.slowness.timeout = 60s (default)
2023-12-13 18:50:17,128 [s7-groupManagement] INFO  server.RaftServerConfigKeys (ConfUtils.java:logGet(46)) - raft.server.leaderelection.leader.step-down.wait-time = 10s (default)
2023-12-13 18:50:17,128 [s7-groupManagement] INFO  server.RaftServerConfigKeys (ConfUtils.java:logGet(46)) - raft.server.leaderelection.member.majority-add = false (default)
2023-12-13 18:50:17,128 [s7-groupManagement] INFO  server.RaftServerConfigKeys (ConfUtils.java:logGet(46)) - raft.server.sleep.deviation.threshold = 300ms (default)
2023-12-13 18:50:17,128 [s7-groupManagement] INFO  server.RaftServer$Division (ServerState.java:<init>(113)) - s7@group-FC6A756839F5: ConfigurationManager, init=-1: peers:[s5|0.0.0.0:44673, s6|0.0.0.0:34623, s7|0.0.0.0:45125]|listeners:[], old=null, confs=<EMPTY_MAP>
2023-12-13 18:50:17,128 [s7-groupManagement] INFO  server.RaftServerConfigKeys (ConfUtils.java:logGet(46)) - raft.server.notification.no-leader.timeout = 60s (default)
2023-12-13 18:50:17,128 [s7-groupManagement] INFO  server.RaftServerConfigKeys (ConfUtils.java:logGet(46)) - raft.server.read.timeout = 10s (default)
2023-12-13 18:50:17,128 [s7-groupManagement] INFO  server.RaftServerConfigKeys (ConfUtils.java:logGet(46)) - raft.server.retrycache.expirytime = 60s (default)
2023-12-13 18:50:17,128 [s7-groupManagement] INFO  server.RaftServerConfigKeys (ConfUtils.java:logGet(46)) - raft.server.retrycache.statistics.expirytime = 100ms (default)
2023-12-13 18:50:17,128 [s7-groupManagement] INFO  server.RaftServerConfigKeys (ConfUtils.java:logGet(46)) - raft.server.read.option = DEFAULT (default)
2023-12-13 18:50:17,128 [s7-groupManagement] INFO  server.RaftServerConfigKeys (ConfUtils.java:logGet(46)) - raft.server.read.read-after-write-consistent.write-index-cache.expiry-time = 60s (default)
2023-12-13 18:50:17,128 [s7-groupManagement] INFO  server.RaftServerConfigKeys (ConfUtils.java:logGet(46)) - raft.server.rpc.request.timeout = 3000ms (default)
2023-12-13 18:50:17,128 [s7-groupManagement] INFO  server.RaftServerConfigKeys (ConfUtils.java:logGet(46)) - raft.server.log.appender.install.snapshot.enabled = true (default)
2023-12-13 18:50:17,129 [s7-groupManagement] INFO  server.RaftServerConfigKeys (ConfUtils.java:logGet(46)) - raft.server.threadpool.server.cached = true (default)
2023-12-13 18:50:17,129 [s7-groupManagement] INFO  server.RaftServerConfigKeys (ConfUtils.java:logGet(46)) - raft.server.threadpool.server.size = 0 (default)
2023-12-13 18:50:17,129 [s7-groupManagement] INFO  server.RaftServerConfigKeys (ConfUtils.java:logGet(46)) - raft.server.threadpool.client.cached = true (default)
2023-12-13 18:50:17,129 [s7-groupManagement] INFO  server.RaftServerConfigKeys (ConfUtils.java:logGet(46)) - raft.server.threadpool.client.size = 0 (default)
2023-12-13 18:50:17,129 [s7-groupManagement] DEBUG server.RaftServer (RaftServerProxy.java:lambda$groupAddAsync$13(507)) - s7: newImpl =      null s7@group-FC6A756839F5:t0, leader=null, voted=null, raftlog=UNINITIALIZED, conf=-1: peers:[s5|0.0.0.0:44673, s6|0.0.0.0:34623, s7|0.0.0.0:45125]|listeners:[], old=null NEW
2023-12-13 18:50:17,129 [s7-groupManagement] INFO  server.RaftServerConfigKeys (ConfUtils.java:logGet(46)) - raft.server.storage.free-space.min = 0MB (=0) (default)
2023-12-13 18:50:17,129 [s7-groupManagement] INFO  server.RaftServerConfigKeys (ConfUtils.java:logGet(46)) - raft.server.log.corruption.policy = EXCEPTION (default)
2023-12-13 18:50:17,129 [s7-groupManagement] INFO  server.RaftServerConfigKeys (ConfUtils.java:logGet(46)) - raft.server.storage.dir = [/home/runner/work/ratis/ratis/ratis-test/target/test/data/b8de9602/MiniRaftClusterWithGrpcac948085/s7] (custom)
2023-12-13 18:50:17,129 [s7-groupManagement] INFO  storage.RaftStorageDirectory (RaftStorageDirectoryImpl.java:analyzeStorage(138)) - The storage directory /home/runner/work/ratis/ratis/ratis-test/target/test/data/b8de9602/MiniRaftClusterWithGrpcac948085/s7/040f102b-ff87-4adc-baf6-fc6a756839f5 does not exist. Creating ...
2023-12-13 18:50:17,129 [s7-groupManagement] TRACE util.FileUtils (LogUtils.java:runAndLog(49)) - Successfully ran Files.createDirectories /home/runner/work/ratis/ratis/ratis-test/target/test/data/b8de9602/MiniRaftClusterWithGrpcac948085/s7/040f102b-ff87-4adc-baf6-fc6a756839f5
2023-12-13 18:50:17,130 [s7-groupManagement] INFO  storage.RaftStorageDirectory (RaftStorageDirectoryImpl.java:tryLock(228)) - Lock on /home/runner/work/ratis/ratis/ratis-test/target/test/data/b8de9602/MiniRaftClusterWithGrpcac948085/s7/040f102b-ff87-4adc-baf6-fc6a756839f5/in_use.lock acquired by nodename 24599@fv-az743-812
2023-12-13 18:50:17,130 [s7-groupManagement] TRACE util.FileUtils (LogUtils.java:runAndLog(49)) - Successfully ran Files.createDirectories /home/runner/work/ratis/ratis/ratis-test/target/test/data/b8de9602/MiniRaftClusterWithGrpcac948085/s7/040f102b-ff87-4adc-baf6-fc6a756839f5/current
2023-12-13 18:50:17,130 [s7-groupManagement] TRACE util.FileUtils (LogUtils.java:runAndLog(49)) - Successfully ran Files.createDirectories /home/runner/work/ratis/ratis/ratis-test/target/test/data/b8de9602/MiniRaftClusterWithGrpcac948085/s7/040f102b-ff87-4adc-baf6-fc6a756839f5/sm
2023-12-13 18:50:17,130 [s7-groupManagement] TRACE util.FileUtils (LogUtils.java:supplyAndLog(69)) - Successfully supplied FileChannel.open /home/runner/work/ratis/ratis/ratis-test/target/test/data/b8de9602/MiniRaftClusterWithGrpcac948085/s7/040f102b-ff87-4adc-baf6-fc6a756839f5/current/raft-meta.tmp with options [CREATE, WRITE]: sun.nio.ch.FileChannelImpl@7573a7ed
2023-12-13 18:50:17,131 [s7-groupManagement] TRACE util.FileUtils (LogUtils.java:runAndLog(49)) - Successfully ran Atomic Files.move /home/runner/work/ratis/ratis/ratis-test/target/test/data/b8de9602/MiniRaftClusterWithGrpcac948085/s7/040f102b-ff87-4adc-baf6-fc6a756839f5/current/raft-meta.tmp to /home/runner/work/ratis/ratis/ratis-test/target/test/data/b8de9602/MiniRaftClusterWithGrpcac948085/s7/040f102b-ff87-4adc-baf6-fc6a756839f5/current/raft-meta with options [REPLACE_EXISTING]
2023-12-13 18:50:17,131 [s7-groupManagement] INFO  storage.RaftStorage (RaftStorageImpl.java:format(99)) - Storage directory /home/runner/work/ratis/ratis/ratis-test/target/test/data/b8de9602/MiniRaftClusterWithGrpcac948085/s7/040f102b-ff87-4adc-baf6-fc6a756839f5 has been successfully formatted.
2023-12-13 18:50:17,131 [s7-groupManagement] TRACE util.FileUtils (LogUtils.java:supplyAndLog(61)) - Failed to Files.newInputStream /home/runner/work/ratis/ratis/ratis-test/target/test/data/b8de9602/MiniRaftClusterWithGrpcac948085/s7/040f102b-ff87-4adc-baf6-fc6a756839f5/current/raft-meta.conf with options []
java.nio.file.NoSuchFileException: /home/runner/work/ratis/ratis/ratis-test/target/test/data/b8de9602/MiniRaftClusterWithGrpcac948085/s7/040f102b-ff87-4adc-baf6-fc6a756839f5/current/raft-meta.conf
	at java.base/sun.nio.fs.UnixException.translateToIOException(UnixException.java:92)
	at java.base/sun.nio.fs.UnixException.rethrowAsIOException(UnixException.java:111)
	at java.base/sun.nio.fs.UnixException.rethrowAsIOException(UnixException.java:116)
	at java.base/sun.nio.fs.UnixFileSystemProvider.newByteChannel(UnixFileSystemProvider.java:219)
	at java.base/java.nio.file.Files.newByteChannel(Files.java:371)
	at java.base/java.nio.file.Files.newByteChannel(Files.java:422)
	at java.base/java.nio.file.spi.FileSystemProvider.newInputStream(FileSystemProvider.java:420)
	at java.base/java.nio.file.Files.newInputStream(Files.java:156)
	at org.apache.ratis.util.FileUtils.lambda$newInputStream$2(FileUtils.java:73)
	at org.apache.ratis.util.LogUtils.supplyAndLog(LogUtils.java:58)
	at org.apache.ratis.util.FileUtils.newInputStream(FileUtils.java:72)
	at org.apache.ratis.util.FileUtils.newInputStream(FileUtils.java:68)
	at org.apache.ratis.server.storage.RaftStorageImpl.readRaftConfiguration(RaftStorageImpl.java:156)
	at org.apache.ratis.server.impl.ServerState.initialize(ServerState.java:141)
	at org.apache.ratis.server.impl.RaftServerImpl.start(RaftServerImpl.java:388)
	at org.apache.ratis.server.impl.RaftServerProxy.lambda$groupAddAsync$13(RaftServerProxy.java:509)
	at java.base/java.util.concurrent.CompletableFuture$UniApply.tryFire(CompletableFuture.java:642)
	at java.base/java.util.concurrent.CompletableFuture$Completion.run(CompletableFuture.java:478)
	at java.base/java.util.concurrent.ThreadPoolExecutor.runWorker(ThreadPoolExecutor.java:1128)
	at java.base/java.util.concurrent.ThreadPoolExecutor$Worker.run(ThreadPoolExecutor.java:628)
	at java.base/java.lang.Thread.run(Thread.java:829)
2023-12-13 18:50:17,131 [s7-groupManagement] INFO  server.RaftServerConfigKeys (ConfUtils.java:logGet(46)) - raft.server.log.use.memory = false (default)
2023-12-13 18:50:17,131 [s7-groupManagement] INFO  server.RaftServerConfigKeys (ConfUtils.java:logGet(46)) - raft.server.log.purge.gap = 1024 (default)
2023-12-13 18:50:17,131 [s7-groupManagement] INFO  server.RaftServerConfigKeys (ConfUtils.java:logGet(46)) - raft.server.log.appender.buffer.byte-limit = 4MB (=4194304) (default)
2023-12-13 18:50:17,131 [s7-groupManagement] INFO  server.RaftServerConfigKeys (ConfUtils.java:logGet(46)) - raft.server.log.statemachine.data.read.timeout = 1000ms (default)
2023-12-13 18:50:17,131 [s7-groupManagement] INFO  server.RaftServerConfigKeys (ConfUtils.java:logGet(46)) - raft.server.log.purge.preservation.log.num = 0 (default)
2023-12-13 18:50:17,132 [s7-groupManagement] INFO  server.RaftServerConfigKeys (ConfUtils.java:logGet(46)) - raft.server.log.segment.size.max = 32MB (=33554432) (default)
2023-12-13 18:50:17,132 [s7-groupManagement] INFO  server.RaftServerConfigKeys (ConfUtils.java:logGet(46)) - raft.server.log.segment.cache.num.max = 6 (default)
2023-12-13 18:50:17,132 [s7-groupManagement] INFO  server.RaftServerConfigKeys (ConfUtils.java:logGet(46)) - raft.server.log.segment.cache.size.max = 200MB (=209715200) (default)
2023-12-13 18:50:17,132 [s7-groupManagement] INFO  server.RaftServerConfigKeys (ConfUtils.java:logGet(46)) - raft.server.log.appender.buffer.byte-limit = 4MB (=4194304) (default)
2023-12-13 18:50:17,132 [s7-groupManagement] INFO  util.AwaitToRun (AwaitToRun.java:start(81)) - Thread[s7@group-FC6A756839F5-cacheEviction-AwaitToRun,5,main] started
2023-12-13 18:50:17,132 [s7-groupManagement] INFO  segmented.SegmentedRaftLogWorker (SegmentedRaftLogWorker.java:<init>(182)) - new s7@group-FC6A756839F5-SegmentedRaftLogWorker for RaftStorageImpl:Storage Directory /home/runner/work/ratis/ratis/ratis-test/target/test/data/b8de9602/MiniRaftClusterWithGrpcac948085/s7/040f102b-ff87-4adc-baf6-fc6a756839f5
2023-12-13 18:50:17,132 [s7-groupManagement] INFO  server.RaftServerConfigKeys (ConfUtils.java:logGet(46)) - raft.server.log.queue.byte-limit = 64MB (=67108864) (default)
2023-12-13 18:50:17,132 [s7-groupManagement] INFO  server.RaftServerConfigKeys (ConfUtils.java:logGet(46)) - raft.server.log.queue.element-limit = 4096 (default)
2023-12-13 18:50:17,132 [s7-groupManagement] INFO  server.RaftServerConfigKeys (ConfUtils.java:logGet(46)) - raft.server.log.segment.size.max = 32MB (=33554432) (default)
2023-12-13 18:50:17,132 [s7-groupManagement] INFO  server.RaftServerConfigKeys (ConfUtils.java:logGet(46)) - raft.server.log.preallocated.size = 4MB (=4194304) (default)
2023-12-13 18:50:17,132 [s7-groupManagement] INFO  server.RaftServerConfigKeys (ConfUtils.java:logGet(46)) - raft.server.log.force.sync.num = 128 (default)
2023-12-13 18:50:17,132 [s7-groupManagement] INFO  server.RaftServerConfigKeys (ConfUtils.java:logGet(46)) - raft.server.log.statemachine.data.sync = true (default)
2023-12-13 18:50:17,132 [s7-groupManagement] INFO  server.RaftServerConfigKeys (ConfUtils.java:logGet(46)) - raft.server.log.statemachine.data.sync.timeout = 10s (default)
2023-12-13 18:50:17,132 [s7-groupManagement] INFO  server.RaftServerConfigKeys (ConfUtils.java:logGet(46)) - raft.server.log.statemachine.data.sync.timeout.retry = -1 (default)
2023-12-13 18:50:17,133 [s7-groupManagement] INFO  server.RaftServerConfigKeys (ConfUtils.java:logGet(46)) - raft.server.log.write.buffer.size = 8MB (=8388608) (default)
2023-12-13 18:50:17,134 [s7-groupManagement] INFO  server.RaftServerConfigKeys (ConfUtils.java:logGet(46)) - raft.server.log.appender.buffer.byte-limit = 4MB (=4194304) (default)
2023-12-13 18:50:17,134 [s7-groupManagement] INFO  server.RaftServerConfigKeys (ConfUtils.java:logGet(46)) - raft.server.log.unsafe-flush.enabled = false (default)
2023-12-13 18:50:17,134 [s7-groupManagement] INFO  server.RaftServerConfigKeys (ConfUtils.java:logGet(46)) - raft.server.log.async-flush.enabled = false (default)
2023-12-13 18:50:17,134 [s7-groupManagement] INFO  server.RaftServerConfigKeys (ConfUtils.java:logGet(46)) - raft.server.log.statemachine.data.caching.enabled = false (default)
2023-12-13 18:50:17,134 [s7-groupManagement] INFO  segmented.SegmentedRaftLogWorker (SegmentedRaftLogWorker.java:lambda$new$0(134)) - s7@group-FC6A756839F5-SegmentedRaftLogWorker: flushIndex: setUnconditionally 0 -> -1
2023-12-13 18:50:17,134 [s7-groupManagement] INFO  segmented.SegmentedRaftLogWorker (SegmentedRaftLogWorker.java:lambda$new$0(134)) - s7@group-FC6A756839F5-SegmentedRaftLogWorker: safeCacheEvictIndex: setUnconditionally 0 -> -1
2023-12-13 18:50:17,134 [s7-groupManagement] INFO  server.RaftServer$Division (RaftServerImpl.java:start(392)) - s7@group-FC6A756839F5: start as a follower, conf=-1: peers:[s5|0.0.0.0:44673, s6|0.0.0.0:34623, s7|0.0.0.0:45125]|listeners:[], old=null
2023-12-13 18:50:17,135 [s7-groupManagement] INFO  server.RaftServer$Division (RaftServerImpl.java:setRole(379)) - s7@group-FC6A756839F5: changes role from      null to FOLLOWER at term 0 for startAsFollower
2023-12-13 18:50:17,135 [s7-groupManagement] INFO  impl.RoleInfo (RoleInfo.java:updateAndGet(139)) - s7: start s7@group-FC6A756839F5-FollowerState
2023-12-13 18:50:17,135 [s7@group-FC6A756839F5-FollowerState] INFO  server.RaftServerConfigKeys (ConfUtils.java:logFallback(53)) - raft.server.rpc.first-election.timeout.min = 1500ms (fallback to raft.server.rpc.timeout.min)
2023-12-13 18:50:17,135 [s7-groupManagement] INFO  util.JmxRegister (JmxRegister.java:tryRegister(44)) - Successfully registered JMX Bean with object name Ratis:service=RaftServer,group=group-FC6A756839F5,id=s7
2023-12-13 18:50:17,135 [s7@group-FC6A756839F5-FollowerState] INFO  server.RaftServerConfigKeys (ConfUtils.java:logFallback(53)) - raft.server.rpc.first-election.timeout.max = 2000ms (fallback to raft.server.rpc.timeout.max)
2023-12-13 18:50:17,135 [s7-groupManagement] INFO  server.RaftServerConfigKeys (ConfUtils.java:logGet(46)) - raft.server.snapshot.trigger-when-stop.enabled = true (default)
2023-12-13 18:50:17,135 [s7-groupManagement] INFO  server.RaftServerConfigKeys (ConfUtils.java:logGet(46)) - raft.server.snapshot.auto.trigger.enabled = false (default)
2023-12-13 18:50:17,135 [s7-groupManagement] INFO  server.RaftServerConfigKeys (ConfUtils.java:logGet(46)) - raft.server.snapshot.retention.file.num = -1 (default)
2023-12-13 18:50:17,135 [s7-groupManagement] INFO  server.RaftServerConfigKeys (ConfUtils.java:logGet(46)) - raft.server.log.purge.upto.snapshot.index = false (default)
2023-12-13 18:50:17,139 [Time-limited test] INFO  server.RaftServerConfigKeys (ConfUtils.java:logGet(46)) - raft.server.rpc.timeout.max = 2000ms (custom)
2023-12-13 18:50:17,139 [Time-limited test] INFO  ratis.RaftTestUtil (RaftTestUtil.java:waitForLeader(100)) - printing group-FC6A756839F5
  s5:  RUNNING [
   FOLLOWER s5@group-9B3688799715:t0, leader=null, voted=, raftlog=Memoized:s5@group-9B3688799715-SegmentedRaftLog:OPENED:c-1, conf=-1: peers:[]|listeners:[], old=null STARTING
   FOLLOWER s5@group-FC6A756839F5:t0, leader=null, voted=, raftlog=Memoized:s5@group-FC6A756839F5-SegmentedRaftLog:OPENED:c-1, conf=-1: peers:[s5|0.0.0.0:44673, s6|0.0.0.0:34623, s7|0.0.0.0:45125]|listeners:[], old=null RUNNING] size=2
  s6:  RUNNING [
   FOLLOWER s6@group-9B3688799715:t0, leader=null, voted=, raftlog=Memoized:s6@group-9B3688799715-SegmentedRaftLog:OPENED:c-1, conf=-1: peers:[]|listeners:[], old=null STARTING
   FOLLOWER s6@group-FC6A756839F5:t0, leader=null, voted=, raftlog=Memoized:s6@group-FC6A756839F5-SegmentedRaftLog:OPENED:c-1, conf=-1: peers:[s5|0.0.0.0:44673, s6|0.0.0.0:34623, s7|0.0.0.0:45125]|listeners:[], old=null RUNNING] size=2
  s7:  RUNNING [
   FOLLOWER s7@group-9B3688799715:t0, leader=null, voted=, raftlog=Memoized:s7@group-9B3688799715-SegmentedRaftLog:OPENED:c-1, conf=-1: peers:[]|listeners:[], old=null STARTING
   FOLLOWER s7@group-FC6A756839F5:t0, leader=null, voted=, raftlog=Memoized:s7@group-FC6A756839F5-SegmentedRaftLog:OPENED:c-1, conf=-1: peers:[s5|0.0.0.0:44673, s6|0.0.0.0:34623, s7|0.0.0.0:45125]|listeners:[], old=null RUNNING] size=2
2023-12-13 18:50:17,139 [Time-limited test] WARN  ratis.RaftTestUtil (RaftTestUtil.java:lambda$waitForLeader$3(119)) - Attempt #1 failed: java.lang.IllegalStateException: No leader yet  for group-FC6A756839F5: printing group-FC6A756839F5
  s5:  RUNNING [
   FOLLOWER s5@group-9B3688799715:t0, leader=null, voted=, raftlog=Memoized:s5@group-9B3688799715-SegmentedRaftLog:OPENED:c-1, conf=-1: peers:[]|listeners:[], old=null STARTING
   FOLLOWER s5@group-FC6A756839F5:t0, leader=null, voted=, raftlog=Memoized:s5@group-FC6A756839F5-SegmentedRaftLog:OPENED:c-1, conf=-1: peers:[s5|0.0.0.0:44673, s6|0.0.0.0:34623, s7|0.0.0.0:45125]|listeners:[], old=null RUNNING] size=2
  s6:  RUNNING [
   FOLLOWER s6@group-9B3688799715:t0, leader=null, voted=, raftlog=Memoized:s6@group-9B3688799715-SegmentedRaftLog:OPENED:c-1, conf=-1: peers:[]|listeners:[], old=null STARTING
   FOLLOWER s6@group-FC6A756839F5:t0, leader=null, voted=, raftlog=Memoized:s6@group-FC6A756839F5-SegmentedRaftLog:OPENED:c-1, conf=-1: peers:[s5|0.0.0.0:44673, s6|0.0.0.0:34623, s7|0.0.0.0:45125]|listeners:[], old=null RUNNING] size=2
  s7:  RUNNING [
   FOLLOWER s7@group-9B3688799715:t0, leader=null, voted=, raftlog=Memoized:s7@group-9B3688799715-SegmentedRaftLog:OPENED:c-1, conf=-1: peers:[]|listeners:[], old=null STARTING
   FOLLOWER s7@group-FC6A756839F5:t0, leader=null, voted=, raftlog=Memoized:s7@group-FC6A756839F5-SegmentedRaftLog:OPENED:c-1, conf=-1: peers:[s5|0.0.0.0:44673, s6|0.0.0.0:34623, s7|0.0.0.0:45125]|listeners:[], old=null RUNNING] size=2
2023-12-13 18:50:18,643 [s5@group-FC6A756839F5-FollowerState] INFO  impl.FollowerState (FollowerState.java:run(143)) - s5@group-FC6A756839F5-FollowerState: change to CANDIDATE, lastRpcElapsedTime:1541304791ns, electionTimeout:1541ms
2023-12-13 18:50:18,644 [s5@group-FC6A756839F5-FollowerState] INFO  impl.RoleInfo (RoleInfo.java:shutdownFollowerState(110)) - s5: shutdown s5@group-FC6A756839F5-FollowerState
2023-12-13 18:50:18,644 [s5@group-FC6A756839F5-FollowerState] INFO  server.RaftServer$Division (RaftServerImpl.java:setRole(379)) - s5@group-FC6A756839F5: changes role from  FOLLOWER to CANDIDATE at term 0 for changeToCandidate
2023-12-13 18:50:18,644 [s5@group-FC6A756839F5-FollowerState] INFO  server.RaftServerConfigKeys (ConfUtils.java:logGet(46)) - raft.server.leaderelection.pre-vote = true (default)
2023-12-13 18:50:18,644 [s5@group-FC6A756839F5-FollowerState] INFO  impl.RoleInfo (RoleInfo.java:updateAndGet(139)) - s5: start s5@group-FC6A756839F5-LeaderElection7
2023-12-13 18:50:18,644 [s5@group-FC6A756839F5-LeaderElection7] INFO  impl.LeaderElection (LeaderElection.java:askForVotes(321)) - s5@group-FC6A756839F5-LeaderElection7 PRE_VOTE round 0: submit vote requests at term 0 for -1: peers:[s5|0.0.0.0:44673, s6|0.0.0.0:34623, s7|0.0.0.0:45125]|listeners:[], old=null
2023-12-13 18:50:18,644 [s5@group-FC6A756839F5-LeaderElection7-1] INFO  server.GrpcServerProtocolClient (GrpcServerProtocolClient.java:<init>(65)) - Build channel for s6
2023-12-13 18:50:18,645 [s5@group-FC6A756839F5-LeaderElection7] INFO  server.RaftServerConfigKeys (ConfUtils.java:logFallback(53)) - raft.server.rpc.first-election.timeout.min = 1500ms (fallback to raft.server.rpc.timeout.min)
2023-12-13 18:50:18,645 [s5@group-FC6A756839F5-LeaderElection7-2] INFO  server.GrpcServerProtocolClient (GrpcServerProtocolClient.java:<init>(65)) - Build channel for s7
2023-12-13 18:50:18,645 [s5@group-FC6A756839F5-LeaderElection7] INFO  server.RaftServerConfigKeys (ConfUtils.java:logFallback(53)) - raft.server.rpc.first-election.timeout.max = 2000ms (fallback to raft.server.rpc.timeout.max)
2023-12-13 18:50:18,649 [grpc-default-executor-1] INFO  server.RaftServer$Division (RaftServerImpl.java:requestVote(1377)) - s7@group-FC6A756839F5: receive requestVote(PRE_VOTE, s5, group-FC6A756839F5, 0, (t:0, i:0))
2023-12-13 18:50:18,649 [grpc-default-executor-6] INFO  server.RaftServer$Division (RaftServerImpl.java:requestVote(1377)) - s6@group-FC6A756839F5: receive requestVote(PRE_VOTE, s5, group-FC6A756839F5, 0, (t:0, i:0))
2023-12-13 18:50:18,649 [grpc-default-executor-1] INFO  impl.VoteContext (VoteContext.java:log(49)) - s7@group-FC6A756839F5-FOLLOWER: accept PRE_VOTE from s5: our priority 0 <= candidate's priority 0
2023-12-13 18:50:18,649 [grpc-default-executor-6] INFO  impl.VoteContext (VoteContext.java:log(49)) - s6@group-FC6A756839F5-FOLLOWER: accept PRE_VOTE from s5: our priority 0 <= candidate's priority 0
2023-12-13 18:50:18,649 [grpc-default-executor-1] INFO  server.RaftServer$Division (RaftServerImpl.java:requestVote(1410)) - s7@group-FC6A756839F5 replies to PRE_VOTE vote request: s5<-s7#0:OK-t0. Peer's state: s7@group-FC6A756839F5:t0, leader=null, voted=, raftlog=Memoized:s7@group-FC6A756839F5-SegmentedRaftLog:OPENED:c-1, conf=-1: peers:[s5|0.0.0.0:44673, s6|0.0.0.0:34623, s7|0.0.0.0:45125]|listeners:[], old=null
2023-12-13 18:50:18,649 [grpc-default-executor-6] INFO  server.RaftServer$Division (RaftServerImpl.java:requestVote(1410)) - s6@group-FC6A756839F5 replies to PRE_VOTE vote request: s5<-s6#0:OK-t0. Peer's state: s6@group-FC6A756839F5:t0, leader=null, voted=, raftlog=Memoized:s6@group-FC6A756839F5-SegmentedRaftLog:OPENED:c-1, conf=-1: peers:[s5|0.0.0.0:44673, s6|0.0.0.0:34623, s7|0.0.0.0:45125]|listeners:[], old=null
2023-12-13 18:50:18,650 [s5@group-FC6A756839F5-LeaderElection7] INFO  impl.LeaderElection (LeaderElection.java:logAndReturn(89)) - s5@group-FC6A756839F5-LeaderElection7: PRE_VOTE PASSED received 1 response(s) and 0 exception(s):
2023-12-13 18:50:18,650 [s5@group-FC6A756839F5-LeaderElection7] INFO  impl.LeaderElection (LeaderElection.java:logAndReturn(93)) -   Response 0: s5<-s7#0:OK-t0
2023-12-13 18:50:18,650 [s5@group-FC6A756839F5-LeaderElection7] INFO  impl.LeaderElection (LeaderElection.java:askForVotes(323)) - s5@group-FC6A756839F5-LeaderElection7 PRE_VOTE round 0: result PASSED
2023-12-13 18:50:18,650 [s5@group-FC6A756839F5-LeaderElection7] TRACE util.FileUtils (LogUtils.java:supplyAndLog(69)) - Successfully supplied FileChannel.open /home/runner/work/ratis/ratis/ratis-test/target/test/data/b8de9602/MiniRaftClusterWithGrpcac948085/s5/040f102b-ff87-4adc-baf6-fc6a756839f5/current/raft-meta.tmp with options [CREATE, WRITE]: sun.nio.ch.FileChannelImpl@47bc524e
2023-12-13 18:50:18,651 [s5@group-FC6A756839F5-LeaderElection7] TRACE util.FileUtils (LogUtils.java:runAndLog(49)) - Successfully ran Atomic Files.move /home/runner/work/ratis/ratis/ratis-test/target/test/data/b8de9602/MiniRaftClusterWithGrpcac948085/s5/040f102b-ff87-4adc-baf6-fc6a756839f5/current/raft-meta.tmp to /home/runner/work/ratis/ratis/ratis-test/target/test/data/b8de9602/MiniRaftClusterWithGrpcac948085/s5/040f102b-ff87-4adc-baf6-fc6a756839f5/current/raft-meta with options [REPLACE_EXISTING]
2023-12-13 18:50:18,651 [s5@group-FC6A756839F5-LeaderElection7] INFO  impl.LeaderElection (LeaderElection.java:askForVotes(321)) - s5@group-FC6A756839F5-LeaderElection7 ELECTION round 0: submit vote requests at term 1 for -1: peers:[s5|0.0.0.0:44673, s6|0.0.0.0:34623, s7|0.0.0.0:45125]|listeners:[], old=null
2023-12-13 18:50:18,651 [s5@group-FC6A756839F5-LeaderElection7] INFO  server.RaftServerConfigKeys (ConfUtils.java:logFallback(53)) - raft.server.rpc.first-election.timeout.min = 1500ms (fallback to raft.server.rpc.timeout.min)
2023-12-13 18:50:18,651 [s5@group-FC6A756839F5-LeaderElection7] INFO  server.RaftServerConfigKeys (ConfUtils.java:logFallback(53)) - raft.server.rpc.first-election.timeout.max = 2000ms (fallback to raft.server.rpc.timeout.max)
2023-12-13 18:50:18,652 [grpc-default-executor-6] INFO  server.RaftServer$Division (RaftServerImpl.java:requestVote(1377)) - s7@group-FC6A756839F5: receive requestVote(ELECTION, s5, group-FC6A756839F5, 1, (t:0, i:0))
2023-12-13 18:50:18,652 [grpc-default-executor-1] INFO  server.RaftServer$Division (RaftServerImpl.java:requestVote(1377)) - s6@group-FC6A756839F5: receive requestVote(ELECTION, s5, group-FC6A756839F5, 1, (t:0, i:0))
2023-12-13 18:50:18,652 [grpc-default-executor-6] INFO  impl.VoteContext (VoteContext.java:log(49)) - s7@group-FC6A756839F5-FOLLOWER: accept ELECTION from s5: our priority 0 <= candidate's priority 0
2023-12-13 18:50:18,652 [grpc-default-executor-1] INFO  impl.VoteContext (VoteContext.java:log(49)) - s6@group-FC6A756839F5-FOLLOWER: accept ELECTION from s5: our priority 0 <= candidate's priority 0
2023-12-13 18:50:18,653 [grpc-default-executor-6] INFO  server.RaftServer$Division (RaftServerImpl.java:setRole(379)) - s7@group-FC6A756839F5: changes role from  FOLLOWER to FOLLOWER at term 1 for candidate:s5
2023-12-13 18:50:18,653 [grpc-default-executor-1] INFO  server.RaftServer$Division (RaftServerImpl.java:setRole(379)) - s6@group-FC6A756839F5: changes role from  FOLLOWER to FOLLOWER at term 1 for candidate:s5
2023-12-13 18:50:18,653 [grpc-default-executor-6] INFO  impl.RoleInfo (RoleInfo.java:shutdownFollowerState(110)) - s7: shutdown s7@group-FC6A756839F5-FollowerState
2023-12-13 18:50:18,653 [grpc-default-executor-1] INFO  impl.RoleInfo (RoleInfo.java:shutdownFollowerState(110)) - s6: shutdown s6@group-FC6A756839F5-FollowerState
2023-12-13 18:50:18,653 [grpc-default-executor-6] INFO  impl.RoleInfo (RoleInfo.java:updateAndGet(139)) - s7: start s7@group-FC6A756839F5-FollowerState
2023-12-13 18:50:18,653 [grpc-default-executor-1] INFO  impl.RoleInfo (RoleInfo.java:updateAndGet(139)) - s6: start s6@group-FC6A756839F5-FollowerState
2023-12-13 18:50:18,653 [s7@group-FC6A756839F5-FollowerState] INFO  impl.FollowerState (FollowerState.java:run(152)) - s7@group-FC6A756839F5-FollowerState was interrupted
2023-12-13 18:50:18,653 [grpc-default-executor-6] INFO  server.RaftServer$Division (RaftServerImpl.java:setFirstElection(564)) - s7@group-FC6A756839F5: set firstElectionSinceStartup to false for candidate:s5
2023-12-13 18:50:18,653 [grpc-default-executor-1] INFO  server.RaftServer$Division (RaftServerImpl.java:setFirstElection(564)) - s6@group-FC6A756839F5: set firstElectionSinceStartup to false for candidate:s5
2023-12-13 18:50:18,653 [s6@group-FC6A756839F5-FollowerState] INFO  impl.FollowerState (FollowerState.java:run(152)) - s6@group-FC6A756839F5-FollowerState was interrupted
2023-12-13 18:50:18,654 [grpc-default-executor-6] TRACE util.FileUtils (LogUtils.java:supplyAndLog(69)) - Successfully supplied FileChannel.open /home/runner/work/ratis/ratis/ratis-test/target/test/data/b8de9602/MiniRaftClusterWithGrpcac948085/s7/040f102b-ff87-4adc-baf6-fc6a756839f5/current/raft-meta.tmp with options [CREATE, WRITE]: sun.nio.ch.FileChannelImpl@4e86ec5a
2023-12-13 18:50:18,654 [grpc-default-executor-1] TRACE util.FileUtils (LogUtils.java:supplyAndLog(69)) - Successfully supplied FileChannel.open /home/runner/work/ratis/ratis/ratis-test/target/test/data/b8de9602/MiniRaftClusterWithGrpcac948085/s6/040f102b-ff87-4adc-baf6-fc6a756839f5/current/raft-meta.tmp with options [CREATE, WRITE]: sun.nio.ch.FileChannelImpl@30cfcc7
2023-12-13 18:50:18,654 [grpc-default-executor-6] TRACE util.FileUtils (LogUtils.java:runAndLog(49)) - Successfully ran Atomic Files.move /home/runner/work/ratis/ratis/ratis-test/target/test/data/b8de9602/MiniRaftClusterWithGrpcac948085/s7/040f102b-ff87-4adc-baf6-fc6a756839f5/current/raft-meta.tmp to /home/runner/work/ratis/ratis/ratis-test/target/test/data/b8de9602/MiniRaftClusterWithGrpcac948085/s7/040f102b-ff87-4adc-baf6-fc6a756839f5/current/raft-meta with options [REPLACE_EXISTING]
2023-12-13 18:50:18,654 [grpc-default-executor-1] TRACE util.FileUtils (LogUtils.java:runAndLog(49)) - Successfully ran Atomic Files.move /home/runner/work/ratis/ratis/ratis-test/target/test/data/b8de9602/MiniRaftClusterWithGrpcac948085/s6/040f102b-ff87-4adc-baf6-fc6a756839f5/current/raft-meta.tmp to /home/runner/work/ratis/ratis/ratis-test/target/test/data/b8de9602/MiniRaftClusterWithGrpcac948085/s6/040f102b-ff87-4adc-baf6-fc6a756839f5/current/raft-meta with options [REPLACE_EXISTING]
2023-12-13 18:50:18,654 [grpc-default-executor-6] INFO  server.RaftServer$Division (RaftServerImpl.java:requestVote(1410)) - s7@group-FC6A756839F5 replies to ELECTION vote request: s5<-s7#0:OK-t1. Peer's state: s7@group-FC6A756839F5:t1, leader=null, voted=s5, raftlog=Memoized:s7@group-FC6A756839F5-SegmentedRaftLog:OPENED:c-1, conf=-1: peers:[s5|0.0.0.0:44673, s6|0.0.0.0:34623, s7|0.0.0.0:45125]|listeners:[], old=null
2023-12-13 18:50:18,655 [grpc-default-executor-1] INFO  server.RaftServer$Division (RaftServerImpl.java:requestVote(1410)) - s6@group-FC6A756839F5 replies to ELECTION vote request: s5<-s6#0:OK-t1. Peer's state: s6@group-FC6A756839F5:t1, leader=null, voted=s5, raftlog=Memoized:s6@group-FC6A756839F5-SegmentedRaftLog:OPENED:c-1, conf=-1: peers:[s5|0.0.0.0:44673, s6|0.0.0.0:34623, s7|0.0.0.0:45125]|listeners:[], old=null
2023-12-13 18:50:18,655 [s5@group-FC6A756839F5-LeaderElection7] INFO  impl.LeaderElection (LeaderElection.java:logAndReturn(89)) - s5@group-FC6A756839F5-LeaderElection7: ELECTION PASSED received 1 response(s) and 0 exception(s):
2023-12-13 18:50:18,655 [s5@group-FC6A756839F5-LeaderElection7] INFO  impl.LeaderElection (LeaderElection.java:logAndReturn(93)) -   Response 0: s5<-s7#0:OK-t1
2023-12-13 18:50:18,655 [s5@group-FC6A756839F5-LeaderElection7] INFO  impl.LeaderElection (LeaderElection.java:askForVotes(323)) - s5@group-FC6A756839F5-LeaderElection7 ELECTION round 0: result PASSED
2023-12-13 18:50:18,655 [s5@group-FC6A756839F5-LeaderElection7] INFO  impl.RoleInfo (RoleInfo.java:shutdownLeaderElection(130)) - s5: shutdown s5@group-FC6A756839F5-LeaderElection7
2023-12-13 18:50:18,655 [s5@group-FC6A756839F5-LeaderElection7] INFO  server.RaftServer$Division (RaftServerImpl.java:setRole(379)) - s5@group-FC6A756839F5: changes role from CANDIDATE to LEADER at term 1 for changeToLeader
2023-12-13 18:50:18,655 [s5@group-FC6A756839F5-LeaderElection7] INFO  server.RaftServerConfigKeys (ConfUtils.java:logGet(46)) - raft.server.staging.catchup.gap = 1000 (default)
2023-12-13 18:50:18,655 [s5@group-FC6A756839F5-LeaderElection7] INFO  server.RaftServerConfigKeys (ConfUtils.java:logGet(46)) - raft.server.write.element-limit = 4096 (default)
2023-12-13 18:50:18,655 [s5@group-FC6A756839F5-LeaderElection7] INFO  server.RaftServerConfigKeys (ConfUtils.java:logGet(46)) - raft.server.write.byte-limit = 64MB (=67108864) (default)
2023-12-13 18:50:18,656 [s5@group-FC6A756839F5-LeaderElection7] INFO  server.RaftServerConfigKeys (ConfUtils.java:logGet(46)) - raft.server.watch.timeout = 10s (default)
2023-12-13 18:50:18,656 [s5@group-FC6A756839F5-LeaderElection7] INFO  server.RaftServerConfigKeys (ConfUtils.java:logGet(46)) - raft.server.watch.timeout.denomination = 1s (default)
2023-12-13 18:50:18,656 [s5@group-FC6A756839F5-LeaderElection7] INFO  server.RaftServerConfigKeys (ConfUtils.java:logGet(46)) - raft.server.watch.element-limit = 65536 (default)
2023-12-13 18:50:18,656 [s5@group-FC6A756839F5-LeaderElection7] INFO  server.RaftServerConfigKeys (ConfUtils.java:logGet(46)) - raft.server.read.leader.lease.enabled = false (default)
2023-12-13 18:50:18,656 [s5@group-FC6A756839F5-LeaderElection7] INFO  server.RaftServerConfigKeys (ConfUtils.java:logGet(46)) - raft.server.read.leader.lease.timeout.ratio = 0.9 (default)
2023-12-13 18:50:18,656 [s5@group-FC6A756839F5-LeaderElection7] INFO  server.RaftServerConfigKeys (ConfUtils.java:logGet(46)) - raft.server.rpc.timeout.min = 1500ms (custom)
2023-12-13 18:50:18,656 [s5@group-FC6A756839F5-LeaderElection7] INFO  server.RaftServerConfigKeys (ConfUtils.java:logGet(46)) - raft.server.write.element-limit = 4096 (default)
2023-12-13 18:50:18,656 [s5@group-FC6A756839F5-LeaderElection7] INFO  server.RaftServerConfigKeys (ConfUtils.java:logGet(46)) - raft.server.write.follower.gap.ratio.max = -1.0 (default)
2023-12-13 18:50:18,656 [s5@group-FC6A756839F5-LeaderElection7] INFO  server.RaftServerConfigKeys (ConfUtils.java:logGet(46)) - raft.server.log.appender.snapshot.chunk.size.max = 16MB (=16777216) (default)
2023-12-13 18:50:18,656 [s5@group-FC6A756839F5-LeaderElection7] INFO  server.RaftServerConfigKeys (ConfUtils.java:logGet(46)) - raft.server.log.appender.buffer.byte-limit = 4MB (=4194304) (default)
2023-12-13 18:50:18,656 [s5@group-FC6A756839F5-LeaderElection7] INFO  server.RaftServerConfigKeys (ConfUtils.java:logGet(46)) - raft.server.log.appender.buffer.element-limit = 0 (default)
2023-12-13 18:50:18,656 [s5@group-FC6A756839F5-LeaderElection7] INFO  server.RaftServerConfigKeys (ConfUtils.java:logGet(46)) - raft.server.log.appender.wait-time.min = 1ms (default)
2023-12-13 18:50:18,656 [s5@group-FC6A756839F5-LeaderElection7] INFO  grpc.GrpcConfigKeys (ConfUtils.java:logGet(46)) - raft.grpc.server.leader.outstanding.appends.max = 8 (default)
2023-12-13 18:50:18,656 [s5@group-FC6A756839F5-LeaderElection7] INFO  server.RaftServerConfigKeys (ConfUtils.java:logGet(46)) - raft.server.rpc.request.timeout = 3000ms (default)
2023-12-13 18:50:18,656 [s5@group-FC6A756839F5-LeaderElection7] INFO  grpc.GrpcConfigKeys (ConfUtils.java:logGet(46)) - raft.grpc.server.install_snapshot.request.element-limit = 8 (default)
2023-12-13 18:50:18,656 [s5@group-FC6A756839F5-LeaderElection7] INFO  grpc.GrpcConfigKeys (ConfUtils.java:logGet(46)) - raft.grpc.server.install_snapshot.request.timeout = 3000ms (default)
2023-12-13 18:50:18,656 [s5@group-FC6A756839F5-LeaderElection7] INFO  server.RaftServerConfigKeys (ConfUtils.java:logGet(46)) - raft.server.log.appender.install.snapshot.enabled = true (default)
2023-12-13 18:50:18,657 [s5@group-FC6A756839F5-LeaderElection7] INFO  grpc.GrpcConfigKeys (ConfUtils.java:logGet(46)) - raft.grpc.server.heartbeat.channel = true (default)
2023-12-13 18:50:18,657 [s5@group-FC6A756839F5-LeaderElection7] INFO  server.RaftServerConfigKeys (ConfUtils.java:logGet(46)) - raft.server.log.appender.snapshot.chunk.size.max = 16MB (=16777216) (default)
2023-12-13 18:50:18,657 [s5@group-FC6A756839F5-LeaderElection7] INFO  server.RaftServerConfigKeys (ConfUtils.java:logGet(46)) - raft.server.log.appender.buffer.byte-limit = 4MB (=4194304) (default)
2023-12-13 18:50:18,657 [s5@group-FC6A756839F5-LeaderElection7] INFO  server.RaftServerConfigKeys (ConfUtils.java:logGet(46)) - raft.server.log.appender.buffer.element-limit = 0 (default)
2023-12-13 18:50:18,657 [s5@group-FC6A756839F5-LeaderElection7] INFO  server.RaftServerConfigKeys (ConfUtils.java:logGet(46)) - raft.server.log.appender.wait-time.min = 1ms (default)
2023-12-13 18:50:18,657 [s5@group-FC6A756839F5-LeaderElection7] INFO  grpc.GrpcConfigKeys (ConfUtils.java:logGet(46)) - raft.grpc.server.leader.outstanding.appends.max = 8 (default)
2023-12-13 18:50:18,657 [s5@group-FC6A756839F5-LeaderElection7] INFO  server.RaftServerConfigKeys (ConfUtils.java:logGet(46)) - raft.server.rpc.request.timeout = 3000ms (default)
2023-12-13 18:50:18,657 [s5@group-FC6A756839F5-LeaderElection7] INFO  grpc.GrpcConfigKeys (ConfUtils.java:logGet(46)) - raft.grpc.server.install_snapshot.request.element-limit = 8 (default)
2023-12-13 18:50:18,657 [s5@group-FC6A756839F5-LeaderElection7] INFO  grpc.GrpcConfigKeys (ConfUtils.java:logGet(46)) - raft.grpc.server.install_snapshot.request.timeout = 3000ms (default)
2023-12-13 18:50:18,657 [s5@group-FC6A756839F5-LeaderElection7] INFO  server.RaftServerConfigKeys (ConfUtils.java:logGet(46)) - raft.server.log.appender.install.snapshot.enabled = true (default)
2023-12-13 18:50:18,657 [s5@group-FC6A756839F5-LeaderElection7] INFO  grpc.GrpcConfigKeys (ConfUtils.java:logGet(46)) - raft.grpc.server.heartbeat.channel = true (default)
2023-12-13 18:50:18,657 [s5@group-FC6A756839F5-LeaderElection7] INFO  impl.RoleInfo (RoleInfo.java:updateAndGet(139)) - s5: start s5@group-FC6A756839F5-LeaderStateImpl
2023-12-13 18:50:18,657 [s5@group-FC6A756839F5-LeaderElection7] INFO  server.RaftServer$Division (RaftServerImpl.java:setFirstElection(564)) - s5@group-FC6A756839F5: set firstElectionSinceStartup to false for becomeLeader
2023-12-13 18:50:18,657 [s5@group-FC6A756839F5-LeaderElection7] INFO  server.RaftServer$Division (ServerState.java:setLeader(265)) - s5@group-FC6A756839F5: change Leader from null to s5 at term 1 for becomeLeader, leader elected after 1560ms
2023-12-13 18:50:18,658 [s5@group-FC6A756839F5-LeaderElection7] INFO  segmented.SegmentedRaftLogWorker (SegmentedRaftLogWorker.java:startLogSegment(430)) - s5@group-FC6A756839F5-SegmentedRaftLogWorker: Starting segment from index:0
2023-12-13 18:50:18,658 [s5@group-FC6A756839F5-SegmentedRaftLogWorker] INFO  segmented.BufferedWriteChannel (BufferedWriteChannel.java:open(62)) - open log_inprogress_0 at position 0
2023-12-13 18:50:18,658 [s5@group-FC6A756839F5-LeaderElection7] INFO  server.RaftServer$Division (ServerState.java:setRaftConf(382)) - s5@group-FC6A756839F5: set configuration 0: peers:[s5|0.0.0.0:44673, s6|0.0.0.0:34623, s7|0.0.0.0:45125]|listeners:[], old=null
2023-12-13 18:50:18,667 [s6-server-thread1] INFO  server.RaftServer$Division (ServerState.java:setLeader(265)) - s6@group-FC6A756839F5: change Leader from null to s5 at term 1 for appendEntries, leader elected after 1558ms
2023-12-13 18:50:18,669 [s6-server-thread2] DEBUG server.RaftServer$Division (RaftServerImpl.java:logAppendEntries(1504)) - s6@group-FC6A756839F5: receive appendEntries(s5, 1, null, -1, false, commits:[s5:c-1, s6:c-1, s7:c-1], cId:1, entries: [(t:1, i:0), CONFIGURATIONENTRY(current:id: "s5"
address: "0.0.0.0:44673"
clientAddress: "0.0.0.0:44673"
adminAddress: "0.0.0.0:44673"
startupRole: FOLLOWER
,id: "s6"
address: "0.0.0.0:34623"
clientAddress: "0.0.0.0:34623"
adminAddress: "0.0.0.0:34623"
startupRole: FOLLOWER
,id: "s7"
address: "0.0.0.0:45125"
clientAddress: "0.0.0.0:45125"
adminAddress: "0.0.0.0:45125"
startupRole: FOLLOWER
, old:)]
2023-12-13 18:50:18,669 [s5@group-FC6A756839F5-SegmentedRaftLogWorker] INFO  segmented.SegmentedRaftLogWorker (SegmentedRaftLogWorker.java:execute(634)) - s5@group-FC6A756839F5-SegmentedRaftLogWorker: created new log segment /home/runner/work/ratis/ratis/ratis-test/target/test/data/b8de9602/MiniRaftClusterWithGrpcac948085/s5/040f102b-ff87-4adc-baf6-fc6a756839f5/current/log_inprogress_0
2023-12-13 18:50:18,670 [s6-server-thread2] INFO  server.RaftServer$Division (ServerState.java:setRaftConf(382)) - s6@group-FC6A756839F5: set configuration 0: peers:[s5|0.0.0.0:44673, s6|0.0.0.0:34623, s7|0.0.0.0:45125]|listeners:[], old=null
2023-12-13 18:50:18,670 [s6-server-thread2] INFO  segmented.SegmentedRaftLogWorker (SegmentedRaftLogWorker.java:startLogSegment(430)) - s6@group-FC6A756839F5-SegmentedRaftLogWorker: Starting segment from index:0
2023-12-13 18:50:18,670 [s6@group-FC6A756839F5-SegmentedRaftLogWorker] INFO  segmented.BufferedWriteChannel (BufferedWriteChannel.java:open(62)) - open log_inprogress_0 at position 0
2023-12-13 18:50:18,670 [s7-server-thread1] INFO  server.RaftServer$Division (ServerState.java:setLeader(265)) - s7@group-FC6A756839F5: change Leader from null to s5 at term 1 for appendEntries, leader elected after 1542ms
2023-12-13 18:50:18,675 [s7-server-thread2] DEBUG server.RaftServer$Division (RaftServerImpl.java:logAppendEntries(1504)) - s7@group-FC6A756839F5: receive appendEntries(s5, 1, null, -1, false, commits:[s5:c-1, s6:c-1, s7:c-1], cId:1, entries: [(t:1, i:0), CONFIGURATIONENTRY(current:id: "s5"
address: "0.0.0.0:44673"
clientAddress: "0.0.0.0:44673"
adminAddress: "0.0.0.0:44673"
startupRole: FOLLOWER
,id: "s6"
address: "0.0.0.0:34623"
clientAddress: "0.0.0.0:34623"
adminAddress: "0.0.0.0:34623"
startupRole: FOLLOWER
,id: "s7"
address: "0.0.0.0:45125"
clientAddress: "0.0.0.0:45125"
adminAddress: "0.0.0.0:45125"
startupRole: FOLLOWER
, old:)]
2023-12-13 18:50:18,675 [s7-server-thread2] INFO  server.RaftServer$Division (ServerState.java:setRaftConf(382)) - s7@group-FC6A756839F5: set configuration 0: peers:[s5|0.0.0.0:44673, s6|0.0.0.0:34623, s7|0.0.0.0:45125]|listeners:[], old=null
2023-12-13 18:50:18,675 [s7-server-thread2] INFO  segmented.SegmentedRaftLogWorker (SegmentedRaftLogWorker.java:startLogSegment(430)) - s7@group-FC6A756839F5-SegmentedRaftLogWorker: Starting segment from index:0
2023-12-13 18:50:18,676 [s7@group-FC6A756839F5-SegmentedRaftLogWorker] INFO  segmented.BufferedWriteChannel (BufferedWriteChannel.java:open(62)) - open log_inprogress_0 at position 0
2023-12-13 18:50:18,678 [s6@group-FC6A756839F5-SegmentedRaftLogWorker] INFO  segmented.SegmentedRaftLogWorker (SegmentedRaftLogWorker.java:execute(634)) - s6@group-FC6A756839F5-SegmentedRaftLogWorker: created new log segment /home/runner/work/ratis/ratis/ratis-test/target/test/data/b8de9602/MiniRaftClusterWithGrpcac948085/s6/040f102b-ff87-4adc-baf6-fc6a756839f5/current/log_inprogress_0
2023-12-13 18:50:18,679 [s6-server-thread2] DEBUG server.RaftServer$Division (RaftServerImpl.java:logAppendEntries(1504)) - s6@group-FC6A756839F5: succeeded to handle AppendEntries. Reply: s5<-s6#1:OK-t1,SUCCESS,nextIndex=1,followerCommit=-1,matchIndex=0
2023-12-13 18:50:18,680 [s5@group-FC6A756839F5-StateMachineUpdater] TRACE util.FileUtils (LogUtils.java:supplyAndLog(69)) - Successfully supplied FileChannel.open /home/runner/work/ratis/ratis/ratis-test/target/test/data/b8de9602/MiniRaftClusterWithGrpcac948085/s5/040f102b-ff87-4adc-baf6-fc6a756839f5/current/raft-meta.conf.tmp with options [CREATE, WRITE]: sun.nio.ch.FileChannelImpl@1c555d38
2023-12-13 18:50:18,683 [s7@group-FC6A756839F5-SegmentedRaftLogWorker] INFO  segmented.SegmentedRaftLogWorker (SegmentedRaftLogWorker.java:execute(634)) - s7@group-FC6A756839F5-SegmentedRaftLogWorker: created new log segment /home/runner/work/ratis/ratis/ratis-test/target/test/data/b8de9602/MiniRaftClusterWithGrpcac948085/s7/040f102b-ff87-4adc-baf6-fc6a756839f5/current/log_inprogress_0
2023-12-13 18:50:18,683 [s5@group-FC6A756839F5-StateMachineUpdater] TRACE util.FileUtils (LogUtils.java:runAndLog(49)) - Successfully ran Atomic Files.move /home/runner/work/ratis/ratis/ratis-test/target/test/data/b8de9602/MiniRaftClusterWithGrpcac948085/s5/040f102b-ff87-4adc-baf6-fc6a756839f5/current/raft-meta.conf.tmp to /home/runner/work/ratis/ratis/ratis-test/target/test/data/b8de9602/MiniRaftClusterWithGrpcac948085/s5/040f102b-ff87-4adc-baf6-fc6a756839f5/current/raft-meta.conf with options [REPLACE_EXISTING]
2023-12-13 18:50:18,683 [s5@group-FC6A756839F5-StateMachineUpdater] INFO  server.RaftServer$Division (LeaderStateImpl.java:isApplied(320)) - leader is ready since appliedIndex == 0 >= startIndex == 0
2023-12-13 18:50:18,684 [s7-server-thread2] DEBUG server.RaftServer$Division (RaftServerImpl.java:logAppendEntries(1504)) - s7@group-FC6A756839F5: succeeded to handle AppendEntries. Reply: s5<-s7#1:OK-t1,SUCCESS,nextIndex=1,followerCommit=-1,matchIndex=0
2023-12-13 18:50:19,432 [s6@group-FC6A756839F5-StateMachineUpdater] TRACE util.FileUtils (LogUtils.java:supplyAndLog(69)) - Successfully supplied FileChannel.open /home/runner/work/ratis/ratis/ratis-test/target/test/data/b8de9602/MiniRaftClusterWithGrpcac948085/s6/040f102b-ff87-4adc-baf6-fc6a756839f5/current/raft-meta.conf.tmp with options [CREATE, WRITE]: sun.nio.ch.FileChannelImpl@ac67166
2023-12-13 18:50:19,434 [s6@group-FC6A756839F5-StateMachineUpdater] TRACE util.FileUtils (LogUtils.java:runAndLog(49)) - Successfully ran Atomic Files.move /home/runner/work/ratis/ratis/ratis-test/target/test/data/b8de9602/MiniRaftClusterWithGrpcac948085/s6/040f102b-ff87-4adc-baf6-fc6a756839f5/current/raft-meta.conf.tmp to /home/runner/work/ratis/ratis/ratis-test/target/test/data/b8de9602/MiniRaftClusterWithGrpcac948085/s6/040f102b-ff87-4adc-baf6-fc6a756839f5/current/raft-meta.conf with options [REPLACE_EXISTING]
2023-12-13 18:50:19,436 [s7@group-FC6A756839F5-StateMachineUpdater] TRACE util.FileUtils (LogUtils.java:supplyAndLog(69)) - Successfully supplied FileChannel.open /home/runner/work/ratis/ratis/ratis-test/target/test/data/b8de9602/MiniRaftClusterWithGrpcac948085/s7/040f102b-ff87-4adc-baf6-fc6a756839f5/current/raft-meta.conf.tmp with options [CREATE, WRITE]: sun.nio.ch.FileChannelImpl@615c9299
2023-12-13 18:50:19,437 [s7@group-FC6A756839F5-StateMachineUpdater] TRACE util.FileUtils (LogUtils.java:runAndLog(49)) - Successfully ran Atomic Files.move /home/runner/work/ratis/ratis/ratis-test/target/test/data/b8de9602/MiniRaftClusterWithGrpcac948085/s7/040f102b-ff87-4adc-baf6-fc6a756839f5/current/raft-meta.conf.tmp to /home/runner/work/ratis/ratis/ratis-test/target/test/data/b8de9602/MiniRaftClusterWithGrpcac948085/s7/040f102b-ff87-4adc-baf6-fc6a756839f5/current/raft-meta.conf with options [REPLACE_EXISTING]
2023-12-13 18:50:20,140 [Time-limited test] INFO  ratis.RaftTestUtil (RaftTestUtil.java:waitForLeader(124)) - printing group-FC6A756839F5
  s5:  RUNNING [
   FOLLOWER s5@group-9B3688799715:t0, leader=null, voted=, raftlog=Memoized:s5@group-9B3688799715-SegmentedRaftLog:OPENED:c-1, conf=-1: peers:[]|listeners:[], old=null STARTING
     LEADER s5@group-FC6A756839F5:t1, leader=s5, voted=s5, raftlog=Memoized:s5@group-FC6A756839F5-SegmentedRaftLog:OPENED:c0, conf=0: peers:[s5|0.0.0.0:44673, s6|0.0.0.0:34623, s7|0.0.0.0:45125]|listeners:[], old=null RUNNING] size=2
  s6:  RUNNING [
   FOLLOWER s6@group-9B3688799715:t0, leader=null, voted=, raftlog=Memoized:s6@group-9B3688799715-SegmentedRaftLog:OPENED:c-1, conf=-1: peers:[]|listeners:[], old=null STARTING
   FOLLOWER s6@group-FC6A756839F5:t1, leader=s5, voted=s5, raftlog=Memoized:s6@group-FC6A756839F5-SegmentedRaftLog:OPENED:c0, conf=0: peers:[s5|0.0.0.0:44673, s6|0.0.0.0:34623, s7|0.0.0.0:45125]|listeners:[], old=null RUNNING] size=2
  s7:  RUNNING [
   FOLLOWER s7@group-9B3688799715:t0, leader=null, voted=, raftlog=Memoized:s7@group-9B3688799715-SegmentedRaftLog:OPENED:c-1, conf=-1: peers:[]|listeners:[], old=null STARTING
   FOLLOWER s7@group-FC6A756839F5:t1, leader=s5, voted=s5, raftlog=Memoized:s7@group-FC6A756839F5-SegmentedRaftLog:OPENED:c0, conf=0: peers:[s5|0.0.0.0:44673, s6|0.0.0.0:34623, s7|0.0.0.0:45125]|listeners:[], old=null RUNNING] size=2
2023-12-13 18:50:20,140 [Time-limited test] INFO  impl.GroupManagementBaseTest (GroupManagementBaseTest.java:runMultiGroupTest(281)) - 2) starting group-5BB5DA552FF4:[s8|0.0.0.0:34827]
2023-12-13 18:50:20,140 [Time-limited test] DEBUG client.RaftClient (ConfUtils.java:logGet(46)) - raft.rpc.type = GRPC (default)
2023-12-13 18:50:20,144 [grpc-default-executor-1] INFO  server.RaftServer (RaftServerProxy.java:addNew(100)) - s8: addNew group-5BB5DA552FF4:[s8|0.0.0.0:34827] returns group-5BB5DA552FF4:java.util.concurrent.CompletableFuture@13700776[Not completed]
2023-12-13 18:50:20,144 [s8-groupManagement] INFO  server.RaftServer$Division (RaftServerImpl.java:<init>(256)) - s8: new RaftServerImpl for group-5BB5DA552FF4:[s8|0.0.0.0:34827] with BaseStateMachine:uninitialized
2023-12-13 18:50:20,144 [s8-groupManagement] INFO  server.RaftServerConfigKeys (ConfUtils.java:logGet(46)) - raft.server.rpc.timeout.min = 1500ms (custom)
2023-12-13 18:50:20,144 [s8-groupManagement] INFO  server.RaftServerConfigKeys (ConfUtils.java:logGet(46)) - raft.server.rpc.timeout.max = 2000ms (custom)
2023-12-13 18:50:20,144 [s8-groupManagement] INFO  server.RaftServerConfigKeys (ConfUtils.java:logGet(46)) - raft.server.rpc.sleep.time = 25ms (default)
2023-12-13 18:50:20,144 [s8-groupManagement] INFO  server.RaftServerConfigKeys (ConfUtils.java:logGet(46)) - raft.server.rpc.slowness.timeout = 60s (default)
2023-12-13 18:50:20,144 [s8-groupManagement] INFO  server.RaftServerConfigKeys (ConfUtils.java:logGet(46)) - raft.server.leaderelection.leader.step-down.wait-time = 10s (default)
2023-12-13 18:50:20,144 [s8-groupManagement] INFO  server.RaftServerConfigKeys (ConfUtils.java:logGet(46)) - raft.server.leaderelection.member.majority-add = false (default)
2023-12-13 18:50:20,144 [s8-groupManagement] INFO  server.RaftServerConfigKeys (ConfUtils.java:logGet(46)) - raft.server.sleep.deviation.threshold = 300ms (default)
2023-12-13 18:50:20,144 [s8-groupManagement] INFO  server.RaftServer$Division (ServerState.java:<init>(113)) - s8@group-5BB5DA552FF4: ConfigurationManager, init=-1: peers:[s8|0.0.0.0:34827]|listeners:[], old=null, confs=<EMPTY_MAP>
2023-12-13 18:50:20,144 [s8-groupManagement] INFO  server.RaftServerConfigKeys (ConfUtils.java:logGet(46)) - raft.server.notification.no-leader.timeout = 60s (default)
2023-12-13 18:50:20,144 [s8-groupManagement] INFO  server.RaftServerConfigKeys (ConfUtils.java:logGet(46)) - raft.server.read.timeout = 10s (default)
2023-12-13 18:50:20,144 [s8-groupManagement] INFO  server.RaftServerConfigKeys (ConfUtils.java:logGet(46)) - raft.server.retrycache.expirytime = 60s (default)
2023-12-13 18:50:20,144 [s8-groupManagement] INFO  server.RaftServerConfigKeys (ConfUtils.java:logGet(46)) - raft.server.retrycache.statistics.expirytime = 100ms (default)
2023-12-13 18:50:20,145 [s8-groupManagement] INFO  server.RaftServerConfigKeys (ConfUtils.java:logGet(46)) - raft.server.read.option = DEFAULT (default)
2023-12-13 18:50:20,145 [s8-groupManagement] INFO  server.RaftServerConfigKeys (ConfUtils.java:logGet(46)) - raft.server.read.read-after-write-consistent.write-index-cache.expiry-time = 60s (default)
2023-12-13 18:50:20,145 [s8-groupManagement] INFO  server.RaftServerConfigKeys (ConfUtils.java:logGet(46)) - raft.server.rpc.request.timeout = 3000ms (default)
2023-12-13 18:50:20,145 [s8-groupManagement] INFO  server.RaftServerConfigKeys (ConfUtils.java:logGet(46)) - raft.server.log.appender.install.snapshot.enabled = true (default)
2023-12-13 18:50:20,145 [s8-groupManagement] INFO  server.RaftServerConfigKeys (ConfUtils.java:logGet(46)) - raft.server.threadpool.server.cached = true (default)
2023-12-13 18:50:20,145 [s8-groupManagement] INFO  server.RaftServerConfigKeys (ConfUtils.java:logGet(46)) - raft.server.threadpool.server.size = 0 (default)
2023-12-13 18:50:20,145 [s8-groupManagement] INFO  server.RaftServerConfigKeys (ConfUtils.java:logGet(46)) - raft.server.threadpool.client.cached = true (default)
2023-12-13 18:50:20,145 [s8-groupManagement] INFO  server.RaftServerConfigKeys (ConfUtils.java:logGet(46)) - raft.server.threadpool.client.size = 0 (default)
2023-12-13 18:50:20,145 [s8-groupManagement] DEBUG server.RaftServer (RaftServerProxy.java:lambda$groupAddAsync$13(507)) - s8: newImpl =      null s8@group-5BB5DA552FF4:t0, leader=null, voted=null, raftlog=UNINITIALIZED, conf=-1: peers:[s8|0.0.0.0:34827]|listeners:[], old=null NEW
2023-12-13 18:50:20,145 [s8-groupManagement] INFO  server.RaftServerConfigKeys (ConfUtils.java:logGet(46)) - raft.server.storage.free-space.min = 0MB (=0) (default)
2023-12-13 18:50:20,145 [s8-groupManagement] INFO  server.RaftServerConfigKeys (ConfUtils.java:logGet(46)) - raft.server.log.corruption.policy = EXCEPTION (default)
2023-12-13 18:50:20,146 [s8-groupManagement] INFO  server.RaftServerConfigKeys (ConfUtils.java:logGet(46)) - raft.server.storage.dir = [/home/runner/work/ratis/ratis/ratis-test/target/test/data/b8de9602/MiniRaftClusterWithGrpcac948085/s8] (custom)
2023-12-13 18:50:20,146 [s8-groupManagement] INFO  storage.RaftStorageDirectory (RaftStorageDirectoryImpl.java:analyzeStorage(138)) - The storage directory /home/runner/work/ratis/ratis/ratis-test/target/test/data/b8de9602/MiniRaftClusterWithGrpcac948085/s8/d6b72674-aab5-4ca2-affe-5bb5da552ff4 does not exist. Creating ...
2023-12-13 18:50:20,146 [s8-groupManagement] TRACE util.FileUtils (LogUtils.java:runAndLog(49)) - Successfully ran Files.createDirectories /home/runner/work/ratis/ratis/ratis-test/target/test/data/b8de9602/MiniRaftClusterWithGrpcac948085/s8/d6b72674-aab5-4ca2-affe-5bb5da552ff4
2023-12-13 18:50:20,147 [s8-groupManagement] INFO  storage.RaftStorageDirectory (RaftStorageDirectoryImpl.java:tryLock(228)) - Lock on /home/runner/work/ratis/ratis/ratis-test/target/test/data/b8de9602/MiniRaftClusterWithGrpcac948085/s8/d6b72674-aab5-4ca2-affe-5bb5da552ff4/in_use.lock acquired by nodename 24599@fv-az743-812
2023-12-13 18:50:20,147 [s8-groupManagement] TRACE util.FileUtils (LogUtils.java:runAndLog(49)) - Successfully ran Files.createDirectories /home/runner/work/ratis/ratis/ratis-test/target/test/data/b8de9602/MiniRaftClusterWithGrpcac948085/s8/d6b72674-aab5-4ca2-affe-5bb5da552ff4/current
2023-12-13 18:50:20,147 [s8-groupManagement] TRACE util.FileUtils (LogUtils.java:runAndLog(49)) - Successfully ran Files.createDirectories /home/runner/work/ratis/ratis/ratis-test/target/test/data/b8de9602/MiniRaftClusterWithGrpcac948085/s8/d6b72674-aab5-4ca2-affe-5bb5da552ff4/sm
2023-12-13 18:50:20,147 [s8-groupManagement] TRACE util.FileUtils (LogUtils.java:supplyAndLog(69)) - Successfully supplied FileChannel.open /home/runner/work/ratis/ratis/ratis-test/target/test/data/b8de9602/MiniRaftClusterWithGrpcac948085/s8/d6b72674-aab5-4ca2-affe-5bb5da552ff4/current/raft-meta.tmp with options [CREATE, WRITE]: sun.nio.ch.FileChannelImpl@30c847ec
2023-12-13 18:50:20,148 [s8-groupManagement] TRACE util.FileUtils (LogUtils.java:runAndLog(49)) - Successfully ran Atomic Files.move /home/runner/work/ratis/ratis/ratis-test/target/test/data/b8de9602/MiniRaftClusterWithGrpcac948085/s8/d6b72674-aab5-4ca2-affe-5bb5da552ff4/current/raft-meta.tmp to /home/runner/work/ratis/ratis/ratis-test/target/test/data/b8de9602/MiniRaftClusterWithGrpcac948085/s8/d6b72674-aab5-4ca2-affe-5bb5da552ff4/current/raft-meta with options [REPLACE_EXISTING]
2023-12-13 18:50:20,148 [s8-groupManagement] INFO  storage.RaftStorage (RaftStorageImpl.java:format(99)) - Storage directory /home/runner/work/ratis/ratis/ratis-test/target/test/data/b8de9602/MiniRaftClusterWithGrpcac948085/s8/d6b72674-aab5-4ca2-affe-5bb5da552ff4 has been successfully formatted.
2023-12-13 18:50:20,148 [s8-groupManagement] TRACE util.FileUtils (LogUtils.java:supplyAndLog(61)) - Failed to Files.newInputStream /home/runner/work/ratis/ratis/ratis-test/target/test/data/b8de9602/MiniRaftClusterWithGrpcac948085/s8/d6b72674-aab5-4ca2-affe-5bb5da552ff4/current/raft-meta.conf with options []
java.nio.file.NoSuchFileException: /home/runner/work/ratis/ratis/ratis-test/target/test/data/b8de9602/MiniRaftClusterWithGrpcac948085/s8/d6b72674-aab5-4ca2-affe-5bb5da552ff4/current/raft-meta.conf
	at java.base/sun.nio.fs.UnixException.translateToIOException(UnixException.java:92)
	at java.base/sun.nio.fs.UnixException.rethrowAsIOException(UnixException.java:111)
	at java.base/sun.nio.fs.UnixException.rethrowAsIOException(UnixException.java:116)
	at java.base/sun.nio.fs.UnixFileSystemProvider.newByteChannel(UnixFileSystemProvider.java:219)
	at java.base/java.nio.file.Files.newByteChannel(Files.java:371)
	at java.base/java.nio.file.Files.newByteChannel(Files.java:422)
	at java.base/java.nio.file.spi.FileSystemProvider.newInputStream(FileSystemProvider.java:420)
	at java.base/java.nio.file.Files.newInputStream(Files.java:156)
	at org.apache.ratis.util.FileUtils.lambda$newInputStream$2(FileUtils.java:73)
	at org.apache.ratis.util.LogUtils.supplyAndLog(LogUtils.java:58)
	at org.apache.ratis.util.FileUtils.newInputStream(FileUtils.java:72)
	at org.apache.ratis.util.FileUtils.newInputStream(FileUtils.java:68)
	at org.apache.ratis.server.storage.RaftStorageImpl.readRaftConfiguration(RaftStorageImpl.java:156)
	at org.apache.ratis.server.impl.ServerState.initialize(ServerState.java:141)
	at org.apache.ratis.server.impl.RaftServerImpl.start(RaftServerImpl.java:388)
	at org.apache.ratis.server.impl.RaftServerProxy.lambda$groupAddAsync$13(RaftServerProxy.java:509)
	at java.base/java.util.concurrent.CompletableFuture$UniApply.tryFire(CompletableFuture.java:642)
	at java.base/java.util.concurrent.CompletableFuture$Completion.run(CompletableFuture.java:478)
	at java.base/java.util.concurrent.ThreadPoolExecutor.runWorker(ThreadPoolExecutor.java:1128)
	at java.base/java.util.concurrent.ThreadPoolExecutor$Worker.run(ThreadPoolExecutor.java:628)
	at java.base/java.lang.Thread.run(Thread.java:829)
2023-12-13 18:50:20,148 [s8-groupManagement] INFO  server.RaftServerConfigKeys (ConfUtils.java:logGet(46)) - raft.server.log.use.memory = false (default)
2023-12-13 18:50:20,148 [s8-groupManagement] INFO  server.RaftServerConfigKeys (ConfUtils.java:logGet(46)) - raft.server.log.purge.gap = 1024 (default)
2023-12-13 18:50:20,148 [s8-groupManagement] INFO  server.RaftServerConfigKeys (ConfUtils.java:logGet(46)) - raft.server.log.appender.buffer.byte-limit = 4MB (=4194304) (default)
2023-12-13 18:50:20,148 [s8-groupManagement] INFO  server.RaftServerConfigKeys (ConfUtils.java:logGet(46)) - raft.server.log.statemachine.data.read.timeout = 1000ms (default)
2023-12-13 18:50:20,148 [s8-groupManagement] INFO  server.RaftServerConfigKeys (ConfUtils.java:logGet(46)) - raft.server.log.purge.preservation.log.num = 0 (default)
2023-12-13 18:50:20,148 [s8-groupManagement] INFO  server.RaftServerConfigKeys (ConfUtils.java:logGet(46)) - raft.server.log.segment.size.max = 32MB (=33554432) (default)
2023-12-13 18:50:20,149 [s8-groupManagement] INFO  server.RaftServerConfigKeys (ConfUtils.java:logGet(46)) - raft.server.log.segment.cache.num.max = 6 (default)
2023-12-13 18:50:20,149 [s8-groupManagement] INFO  server.RaftServerConfigKeys (ConfUtils.java:logGet(46)) - raft.server.log.segment.cache.size.max = 200MB (=209715200) (default)
2023-12-13 18:50:20,149 [s8-groupManagement] INFO  server.RaftServerConfigKeys (ConfUtils.java:logGet(46)) - raft.server.log.appender.buffer.byte-limit = 4MB (=4194304) (default)
2023-12-13 18:50:20,149 [s8-groupManagement] INFO  util.AwaitToRun (AwaitToRun.java:start(81)) - Thread[s8@group-5BB5DA552FF4-cacheEviction-AwaitToRun,5,main] started
2023-12-13 18:50:20,149 [s8-groupManagement] INFO  segmented.SegmentedRaftLogWorker (SegmentedRaftLogWorker.java:<init>(182)) - new s8@group-5BB5DA552FF4-SegmentedRaftLogWorker for RaftStorageImpl:Storage Directory /home/runner/work/ratis/ratis/ratis-test/target/test/data/b8de9602/MiniRaftClusterWithGrpcac948085/s8/d6b72674-aab5-4ca2-affe-5bb5da552ff4
2023-12-13 18:50:20,149 [s8-groupManagement] INFO  server.RaftServerConfigKeys (ConfUtils.java:logGet(46)) - raft.server.log.queue.byte-limit = 64MB (=67108864) (default)
2023-12-13 18:50:20,149 [s8-groupManagement] INFO  server.RaftServerConfigKeys (ConfUtils.java:logGet(46)) - raft.server.log.queue.element-limit = 4096 (default)
2023-12-13 18:50:20,149 [s8-groupManagement] INFO  server.RaftServerConfigKeys (ConfUtils.java:logGet(46)) - raft.server.log.segment.size.max = 32MB (=33554432) (default)
2023-12-13 18:50:20,149 [s8-groupManagement] INFO  server.RaftServerConfigKeys (ConfUtils.java:logGet(46)) - raft.server.log.preallocated.size = 4MB (=4194304) (default)
2023-12-13 18:50:20,149 [s8-groupManagement] INFO  server.RaftServerConfigKeys (ConfUtils.java:logGet(46)) - raft.server.log.force.sync.num = 128 (default)
2023-12-13 18:50:20,149 [s8-groupManagement] INFO  server.RaftServerConfigKeys (ConfUtils.java:logGet(46)) - raft.server.log.statemachine.data.sync = true (default)
2023-12-13 18:50:20,149 [s8-groupManagement] INFO  server.RaftServerConfigKeys (ConfUtils.java:logGet(46)) - raft.server.log.statemachine.data.sync.timeout = 10s (default)
2023-12-13 18:50:20,149 [s8-groupManagement] INFO  server.RaftServerConfigKeys (ConfUtils.java:logGet(46)) - raft.server.log.statemachine.data.sync.timeout.retry = -1 (default)
2023-12-13 18:50:20,149 [s8-groupManagement] INFO  server.RaftServerConfigKeys (ConfUtils.java:logGet(46)) - raft.server.log.write.buffer.size = 8MB (=8388608) (default)
2023-12-13 18:50:20,149 [s8-groupManagement] INFO  server.RaftServerConfigKeys (ConfUtils.java:logGet(46)) - raft.server.log.appender.buffer.byte-limit = 4MB (=4194304) (default)
2023-12-13 18:50:20,149 [s8-groupManagement] INFO  server.RaftServerConfigKeys (ConfUtils.java:logGet(46)) - raft.server.log.unsafe-flush.enabled = false (default)
2023-12-13 18:50:20,149 [s8-groupManagement] INFO  server.RaftServerConfigKeys (ConfUtils.java:logGet(46)) - raft.server.log.async-flush.enabled = false (default)
2023-12-13 18:50:20,149 [s8-groupManagement] INFO  server.RaftServerConfigKeys (ConfUtils.java:logGet(46)) - raft.server.log.statemachine.data.caching.enabled = false (default)
2023-12-13 18:50:20,150 [s8-groupManagement] INFO  segmented.SegmentedRaftLogWorker (SegmentedRaftLogWorker.java:lambda$new$0(134)) - s8@group-5BB5DA552FF4-SegmentedRaftLogWorker: flushIndex: setUnconditionally 0 -> -1
2023-12-13 18:50:20,150 [s8-groupManagement] INFO  segmented.SegmentedRaftLogWorker (SegmentedRaftLogWorker.java:lambda$new$0(134)) - s8@group-5BB5DA552FF4-SegmentedRaftLogWorker: safeCacheEvictIndex: setUnconditionally 0 -> -1
2023-12-13 18:50:20,150 [s8-groupManagement] INFO  server.RaftServer$Division (RaftServerImpl.java:start(392)) - s8@group-5BB5DA552FF4: start as a follower, conf=-1: peers:[s8|0.0.0.0:34827]|listeners:[], old=null
2023-12-13 18:50:20,150 [s8-groupManagement] INFO  server.RaftServer$Division (RaftServerImpl.java:setRole(379)) - s8@group-5BB5DA552FF4: changes role from      null to FOLLOWER at term 0 for startAsFollower
2023-12-13 18:50:20,150 [s8-groupManagement] INFO  impl.RoleInfo (RoleInfo.java:updateAndGet(139)) - s8: start s8@group-5BB5DA552FF4-FollowerState
2023-12-13 18:50:20,150 [s8@group-5BB5DA552FF4-FollowerState] INFO  server.RaftServerConfigKeys (ConfUtils.java:logFallback(53)) - raft.server.rpc.first-election.timeout.min = 1500ms (fallback to raft.server.rpc.timeout.min)
2023-12-13 18:50:20,150 [s8-groupManagement] INFO  util.JmxRegister (JmxRegister.java:tryRegister(44)) - Successfully registered JMX Bean with object name Ratis:service=RaftServer,group=group-5BB5DA552FF4,id=s8
2023-12-13 18:50:20,150 [s8@group-5BB5DA552FF4-FollowerState] INFO  server.RaftServerConfigKeys (ConfUtils.java:logFallback(53)) - raft.server.rpc.first-election.timeout.max = 2000ms (fallback to raft.server.rpc.timeout.max)
2023-12-13 18:50:20,150 [s8-groupManagement] INFO  server.RaftServerConfigKeys (ConfUtils.java:logGet(46)) - raft.server.snapshot.trigger-when-stop.enabled = true (default)
2023-12-13 18:50:20,150 [s8-groupManagement] INFO  server.RaftServerConfigKeys (ConfUtils.java:logGet(46)) - raft.server.snapshot.auto.trigger.enabled = false (default)
2023-12-13 18:50:20,150 [s8-groupManagement] INFO  server.RaftServerConfigKeys (ConfUtils.java:logGet(46)) - raft.server.snapshot.retention.file.num = -1 (default)
2023-12-13 18:50:20,150 [s8-groupManagement] INFO  server.RaftServerConfigKeys (ConfUtils.java:logGet(46)) - raft.server.log.purge.upto.snapshot.index = false (default)
2023-12-13 18:50:20,153 [Time-limited test] INFO  server.RaftServerConfigKeys (ConfUtils.java:logGet(46)) - raft.server.rpc.timeout.max = 2000ms (custom)
2023-12-13 18:50:20,153 [Time-limited test] INFO  ratis.RaftTestUtil (RaftTestUtil.java:waitForLeader(100)) - printing group-5BB5DA552FF4
  s8:  RUNNING [
   FOLLOWER s8@group-9B3688799715:t0, leader=null, voted=, raftlog=Memoized:s8@group-9B3688799715-SegmentedRaftLog:OPENED:c-1, conf=-1: peers:[]|listeners:[], old=null STARTING
   FOLLOWER s8@group-5BB5DA552FF4:t0, leader=null, voted=, raftlog=Memoized:s8@group-5BB5DA552FF4-SegmentedRaftLog:OPENED:c-1, conf=-1: peers:[s8|0.0.0.0:34827]|listeners:[], old=null RUNNING] size=2
2023-12-13 18:50:20,153 [Time-limited test] WARN  ratis.RaftTestUtil (RaftTestUtil.java:lambda$waitForLeader$3(119)) - Attempt #1 failed: java.lang.IllegalStateException: No leader yet  for group-5BB5DA552FF4: printing group-5BB5DA552FF4
  s8:  RUNNING [
   FOLLOWER s8@group-9B3688799715:t0, leader=null, voted=, raftlog=Memoized:s8@group-9B3688799715-SegmentedRaftLog:OPENED:c-1, conf=-1: peers:[]|listeners:[], old=null STARTING
   FOLLOWER s8@group-5BB5DA552FF4:t0, leader=null, voted=, raftlog=Memoized:s8@group-5BB5DA552FF4-SegmentedRaftLog:OPENED:c-1, conf=-1: peers:[s8|0.0.0.0:34827]|listeners:[], old=null RUNNING] size=2
2023-12-13 18:50:22,035 [s8@group-5BB5DA552FF4-FollowerState] INFO  impl.FollowerState (FollowerState.java:run(143)) - s8@group-5BB5DA552FF4-FollowerState: change to CANDIDATE, lastRpcElapsedTime:1885310747ns, electionTimeout:1885ms
2023-12-13 18:50:22,035 [s8@group-5BB5DA552FF4-FollowerState] INFO  impl.RoleInfo (RoleInfo.java:shutdownFollowerState(110)) - s8: shutdown s8@group-5BB5DA552FF4-FollowerState
2023-12-13 18:50:22,035 [s8@group-5BB5DA552FF4-FollowerState] INFO  server.RaftServer$Division (RaftServerImpl.java:setRole(379)) - s8@group-5BB5DA552FF4: changes role from  FOLLOWER to CANDIDATE at term 0 for changeToCandidate
2023-12-13 18:50:22,035 [s8@group-5BB5DA552FF4-FollowerState] INFO  server.RaftServerConfigKeys (ConfUtils.java:logGet(46)) - raft.server.leaderelection.pre-vote = true (default)
2023-12-13 18:50:22,035 [s8@group-5BB5DA552FF4-FollowerState] INFO  impl.RoleInfo (RoleInfo.java:updateAndGet(139)) - s8: start s8@group-5BB5DA552FF4-LeaderElection8
2023-12-13 18:50:22,036 [s8@group-5BB5DA552FF4-LeaderElection8] INFO  impl.LeaderElection (LeaderElection.java:askForVotes(321)) - s8@group-5BB5DA552FF4-LeaderElection8 PRE_VOTE round 0: submit vote requests at term 0 for -1: peers:[s8|0.0.0.0:34827]|listeners:[], old=null
2023-12-13 18:50:22,036 [s8@group-5BB5DA552FF4-LeaderElection8] INFO  impl.LeaderElection (LeaderElection.java:askForVotes(323)) - s8@group-5BB5DA552FF4-LeaderElection8 PRE_VOTE round 0: result PASSED (term=0)
2023-12-13 18:50:22,036 [s8@group-5BB5DA552FF4-LeaderElection8] TRACE util.FileUtils (LogUtils.java:supplyAndLog(69)) - Successfully supplied FileChannel.open /home/runner/work/ratis/ratis/ratis-test/target/test/data/b8de9602/MiniRaftClusterWithGrpcac948085/s8/d6b72674-aab5-4ca2-affe-5bb5da552ff4/current/raft-meta.tmp with options [CREATE, WRITE]: sun.nio.ch.FileChannelImpl@73b9d19f
2023-12-13 18:50:22,037 [s8@group-5BB5DA552FF4-LeaderElection8] TRACE util.FileUtils (LogUtils.java:runAndLog(49)) - Successfully ran Atomic Files.move /home/runner/work/ratis/ratis/ratis-test/target/test/data/b8de9602/MiniRaftClusterWithGrpcac948085/s8/d6b72674-aab5-4ca2-affe-5bb5da552ff4/current/raft-meta.tmp to /home/runner/work/ratis/ratis/ratis-test/target/test/data/b8de9602/MiniRaftClusterWithGrpcac948085/s8/d6b72674-aab5-4ca2-affe-5bb5da552ff4/current/raft-meta with options [REPLACE_EXISTING]
2023-12-13 18:50:22,037 [s8@group-5BB5DA552FF4-LeaderElection8] INFO  impl.LeaderElection (LeaderElection.java:askForVotes(321)) - s8@group-5BB5DA552FF4-LeaderElection8 ELECTION round 0: submit vote requests at term 1 for -1: peers:[s8|0.0.0.0:34827]|listeners:[], old=null
2023-12-13 18:50:22,037 [s8@group-5BB5DA552FF4-LeaderElection8] INFO  impl.LeaderElection (LeaderElection.java:askForVotes(323)) - s8@group-5BB5DA552FF4-LeaderElection8 ELECTION round 0: result PASSED (term=1)
2023-12-13 18:50:22,037 [s8@group-5BB5DA552FF4-LeaderElection8] INFO  impl.RoleInfo (RoleInfo.java:shutdownLeaderElection(130)) - s8: shutdown s8@group-5BB5DA552FF4-LeaderElection8
2023-12-13 18:50:22,037 [s8@group-5BB5DA552FF4-LeaderElection8] INFO  server.RaftServer$Division (RaftServerImpl.java:setRole(379)) - s8@group-5BB5DA552FF4: changes role from CANDIDATE to LEADER at term 1 for changeToLeader
2023-12-13 18:50:22,037 [s8@group-5BB5DA552FF4-LeaderElection8] INFO  server.RaftServerConfigKeys (ConfUtils.java:logGet(46)) - raft.server.staging.catchup.gap = 1000 (default)
2023-12-13 18:50:22,037 [s8@group-5BB5DA552FF4-LeaderElection8] INFO  server.RaftServerConfigKeys (ConfUtils.java:logGet(46)) - raft.server.write.element-limit = 4096 (default)
2023-12-13 18:50:22,037 [s8@group-5BB5DA552FF4-LeaderElection8] INFO  server.RaftServerConfigKeys (ConfUtils.java:logGet(46)) - raft.server.write.byte-limit = 64MB (=67108864) (default)
2023-12-13 18:50:22,037 [s8@group-5BB5DA552FF4-LeaderElection8] INFO  server.RaftServerConfigKeys (ConfUtils.java:logGet(46)) - raft.server.watch.timeout = 10s (default)
2023-12-13 18:50:22,037 [s8@group-5BB5DA552FF4-LeaderElection8] INFO  server.RaftServerConfigKeys (ConfUtils.java:logGet(46)) - raft.server.watch.timeout.denomination = 1s (default)
2023-12-13 18:50:22,037 [s8@group-5BB5DA552FF4-LeaderElection8] INFO  server.RaftServerConfigKeys (ConfUtils.java:logGet(46)) - raft.server.watch.element-limit = 65536 (default)
2023-12-13 18:50:22,037 [s8@group-5BB5DA552FF4-LeaderElection8] INFO  server.RaftServerConfigKeys (ConfUtils.java:logGet(46)) - raft.server.read.leader.lease.enabled = false (default)
2023-12-13 18:50:22,038 [s8@group-5BB5DA552FF4-LeaderElection8] INFO  server.RaftServerConfigKeys (ConfUtils.java:logGet(46)) - raft.server.read.leader.lease.timeout.ratio = 0.9 (default)
2023-12-13 18:50:22,038 [s8@group-5BB5DA552FF4-LeaderElection8] INFO  server.RaftServerConfigKeys (ConfUtils.java:logGet(46)) - raft.server.rpc.timeout.min = 1500ms (custom)
2023-12-13 18:50:22,038 [s8@group-5BB5DA552FF4-LeaderElection8] INFO  server.RaftServerConfigKeys (ConfUtils.java:logGet(46)) - raft.server.write.element-limit = 4096 (default)
2023-12-13 18:50:22,038 [s8@group-5BB5DA552FF4-LeaderElection8] INFO  server.RaftServerConfigKeys (ConfUtils.java:logGet(46)) - raft.server.write.follower.gap.ratio.max = -1.0 (default)
2023-12-13 18:50:22,038 [s8@group-5BB5DA552FF4-LeaderElection8] INFO  impl.RoleInfo (RoleInfo.java:updateAndGet(139)) - s8: start s8@group-5BB5DA552FF4-LeaderStateImpl
2023-12-13 18:50:22,038 [s8@group-5BB5DA552FF4-LeaderElection8] INFO  server.RaftServer$Division (RaftServerImpl.java:setFirstElection(564)) - s8@group-5BB5DA552FF4: set firstElectionSinceStartup to false for becomeLeader
2023-12-13 18:50:22,038 [s8@group-5BB5DA552FF4-LeaderElection8] INFO  server.RaftServer$Division (ServerState.java:setLeader(265)) - s8@group-5BB5DA552FF4: change Leader from null to s8 at term 1 for becomeLeader, leader elected after 1893ms
2023-12-13 18:50:22,038 [s8@group-5BB5DA552FF4-LeaderElection8] INFO  segmented.SegmentedRaftLogWorker (SegmentedRaftLogWorker.java:startLogSegment(430)) - s8@group-5BB5DA552FF4-SegmentedRaftLogWorker: Starting segment from index:0
2023-12-13 18:50:22,038 [s8@group-5BB5DA552FF4-SegmentedRaftLogWorker] INFO  segmented.BufferedWriteChannel (BufferedWriteChannel.java:open(62)) - open log_inprogress_0 at position 0
2023-12-13 18:50:22,038 [s8@group-5BB5DA552FF4-LeaderElection8] INFO  server.RaftServer$Division (ServerState.java:setRaftConf(382)) - s8@group-5BB5DA552FF4: set configuration 0: peers:[s8|0.0.0.0:34827]|listeners:[], old=null
2023-12-13 18:50:22,045 [s8@group-5BB5DA552FF4-SegmentedRaftLogWorker] INFO  segmented.SegmentedRaftLogWorker (SegmentedRaftLogWorker.java:execute(634)) - s8@group-5BB5DA552FF4-SegmentedRaftLogWorker: created new log segment /home/runner/work/ratis/ratis/ratis-test/target/test/data/b8de9602/MiniRaftClusterWithGrpcac948085/s8/d6b72674-aab5-4ca2-affe-5bb5da552ff4/current/log_inprogress_0
2023-12-13 18:50:22,045 [s8@group-5BB5DA552FF4-StateMachineUpdater] TRACE util.FileUtils (LogUtils.java:supplyAndLog(69)) - Successfully supplied FileChannel.open /home/runner/work/ratis/ratis/ratis-test/target/test/data/b8de9602/MiniRaftClusterWithGrpcac948085/s8/d6b72674-aab5-4ca2-affe-5bb5da552ff4/current/raft-meta.conf.tmp with options [CREATE, WRITE]: sun.nio.ch.FileChannelImpl@b5163e1
2023-12-13 18:50:22,046 [s8@group-5BB5DA552FF4-StateMachineUpdater] TRACE util.FileUtils (LogUtils.java:runAndLog(49)) - Successfully ran Atomic Files.move /home/runner/work/ratis/ratis/ratis-test/target/test/data/b8de9602/MiniRaftClusterWithGrpcac948085/s8/d6b72674-aab5-4ca2-affe-5bb5da552ff4/current/raft-meta.conf.tmp to /home/runner/work/ratis/ratis/ratis-test/target/test/data/b8de9602/MiniRaftClusterWithGrpcac948085/s8/d6b72674-aab5-4ca2-affe-5bb5da552ff4/current/raft-meta.conf with options [REPLACE_EXISTING]
2023-12-13 18:50:22,046 [s8@group-5BB5DA552FF4-StateMachineUpdater] INFO  server.RaftServer$Division (LeaderStateImpl.java:isApplied(320)) - leader is ready since appliedIndex == 0 >= startIndex == 0
2023-12-13 18:50:23,021 [Timer-4] INFO  impl.MiniRaftCluster (MiniRaftCluster.java:lambda$start$6(349)) - TIMED-PRINT: printing ALL groups
  s3:  RUNNING [
   FOLLOWER s3@group-1D8CF138D879:t1, leader=s0, voted=s0, raftlog=Memoized:s3@group-1D8CF138D879-SegmentedRaftLog:OPENED:c0, conf=0: peers:[s3|0.0.0.0:38599, s4|0.0.0.0:45297, s0|0.0.0.0:43623, s1|0.0.0.0:37641, s2|0.0.0.0:44395]|listeners:[], old=null RUNNING
   FOLLOWER s3@group-9B3688799715:t0, leader=null, voted=, raftlog=Memoized:s3@group-9B3688799715-SegmentedRaftLog:OPENED:c-1, conf=-1: peers:[]|listeners:[], old=null STARTING] size=2
  s4:  RUNNING [
   FOLLOWER s4@group-1D8CF138D879:t1, leader=s0, voted=s0, raftlog=Memoized:s4@group-1D8CF138D879-SegmentedRaftLog:OPENED:c0, conf=0: peers:[s3|0.0.0.0:38599, s4|0.0.0.0:45297, s0|0.0.0.0:43623, s1|0.0.0.0:37641, s2|0.0.0.0:44395]|listeners:[], old=null RUNNING
   FOLLOWER s4@group-9B3688799715:t0, leader=null, voted=, raftlog=Memoized:s4@group-9B3688799715-SegmentedRaftLog:OPENED:c-1, conf=-1: peers:[]|listeners:[], old=null STARTING] size=2
  s5:  RUNNING [
   FOLLOWER s5@group-9B3688799715:t0, leader=null, voted=, raftlog=Memoized:s5@group-9B3688799715-SegmentedRaftLog:OPENED:c-1, conf=-1: peers:[]|listeners:[], old=null STARTING
     LEADER s5@group-FC6A756839F5:t1, leader=s5, voted=s5, raftlog=Memoized:s5@group-FC6A756839F5-SegmentedRaftLog:OPENED:c0, conf=0: peers:[s5|0.0.0.0:44673, s6|0.0.0.0:34623, s7|0.0.0.0:45125]|listeners:[], old=null RUNNING] size=2
  s6:  RUNNING [
   FOLLOWER s6@group-9B3688799715:t0, leader=null, voted=, raftlog=Memoized:s6@group-9B3688799715-SegmentedRaftLog:OPENED:c-1, conf=-1: peers:[]|listeners:[], old=null STARTING
   FOLLOWER s6@group-FC6A756839F5:t1, leader=s5, voted=s5, raftlog=Memoized:s6@group-FC6A756839F5-SegmentedRaftLog:OPENED:c0, conf=0: peers:[s5|0.0.0.0:44673, s6|0.0.0.0:34623, s7|0.0.0.0:45125]|listeners:[], old=null RUNNING] size=2
  s7:  RUNNING [
   FOLLOWER s7@group-9B3688799715:t0, leader=null, voted=, raftlog=Memoized:s7@group-9B3688799715-SegmentedRaftLog:OPENED:c-1, conf=-1: peers:[]|listeners:[], old=null STARTING
   FOLLOWER s7@group-FC6A756839F5:t1, leader=s5, voted=s5, raftlog=Memoized:s7@group-FC6A756839F5-SegmentedRaftLog:OPENED:c0, conf=0: peers:[s5|0.0.0.0:44673, s6|0.0.0.0:34623, s7|0.0.0.0:45125]|listeners:[], old=null RUNNING] size=2
  s8:  RUNNING [
   FOLLOWER s8@group-9B3688799715:t0, leader=null, voted=, raftlog=Memoized:s8@group-9B3688799715-SegmentedRaftLog:OPENED:c-1, conf=-1: peers:[]|listeners:[], old=null STARTING
     LEADER s8@group-5BB5DA552FF4:t1, leader=s8, voted=s8, raftlog=Memoized:s8@group-5BB5DA552FF4-SegmentedRaftLog:OPENED:c0, conf=0: peers:[s8|0.0.0.0:34827]|listeners:[], old=null RUNNING] size=2
  s0:  RUNNING [
     LEADER s0@group-1D8CF138D879:t1, leader=s0, voted=s0, raftlog=Memoized:s0@group-1D8CF138D879-SegmentedRaftLog:OPENED:c0, conf=0: peers:[s3|0.0.0.0:38599, s4|0.0.0.0:45297, s0|0.0.0.0:43623, s1|0.0.0.0:37641, s2|0.0.0.0:44395]|listeners:[], old=null RUNNING
   FOLLOWER s0@group-9B3688799715:t0, leader=null, voted=, raftlog=Memoized:s0@group-9B3688799715-SegmentedRaftLog:OPENED:c-1, conf=-1: peers:[]|listeners:[], old=null STARTING] size=2
  s1:  RUNNING [
   FOLLOWER s1@group-1D8CF138D879:t1, leader=s0, voted=s0, raftlog=Memoized:s1@group-1D8CF138D879-SegmentedRaftLog:OPENED:c0, conf=0: peers:[s3|0.0.0.0:38599, s4|0.0.0.0:45297, s0|0.0.0.0:43623, s1|0.0.0.0:37641, s2|0.0.0.0:44395]|listeners:[], old=null RUNNING
   FOLLOWER s1@group-9B3688799715:t0, leader=null, voted=, raftlog=Memoized:s1@group-9B3688799715-SegmentedRaftLog:OPENED:c-1, conf=-1: peers:[]|listeners:[], old=null STARTING] size=2
  s2:  RUNNING [
   FOLLOWER s2@group-1D8CF138D879:t1, leader=s0, voted=s0, raftlog=Memoized:s2@group-1D8CF138D879-SegmentedRaftLog:OPENED:c0, conf=0: peers:[s3|0.0.0.0:38599, s4|0.0.0.0:45297, s0|0.0.0.0:43623, s1|0.0.0.0:37641, s2|0.0.0.0:44395]|listeners:[], old=null RUNNING
   FOLLOWER s2@group-9B3688799715:t0, leader=null, voted=, raftlog=Memoized:s2@group-9B3688799715-SegmentedRaftLog:OPENED:c-1, conf=-1: peers:[]|listeners:[], old=null STARTING] size=2
2023-12-13 18:50:23,153 [Time-limited test] INFO  ratis.RaftTestUtil (RaftTestUtil.java:waitForLeader(124)) - printing group-5BB5DA552FF4
  s8:  RUNNING [
   FOLLOWER s8@group-9B3688799715:t0, leader=null, voted=, raftlog=Memoized:s8@group-9B3688799715-SegmentedRaftLog:OPENED:c-1, conf=-1: peers:[]|listeners:[], old=null STARTING
     LEADER s8@group-5BB5DA552FF4:t1, leader=s8, voted=s8, raftlog=Memoized:s8@group-5BB5DA552FF4-SegmentedRaftLog:OPENED:c0, conf=0: peers:[s8|0.0.0.0:34827]|listeners:[], old=null RUNNING] size=2
| MiniRaftClusterWithGrpc[5, 8, 9]chosen=2 | start groups | 173 |
2023-12-13 18:50:23,154 [Time-limited test] INFO  impl.GroupManagementBaseTest (GroupManagementBaseTest.java:runMultiGroupTest(291)) - start groups: printing ALL groups
  s3:  RUNNING [
   FOLLOWER s3@group-1D8CF138D879:t1, leader=s0, voted=s0, raftlog=Memoized:s3@group-1D8CF138D879-SegmentedRaftLog:OPENED:c0, conf=0: peers:[s3|0.0.0.0:38599, s4|0.0.0.0:45297, s0|0.0.0.0:43623, s1|0.0.0.0:37641, s2|0.0.0.0:44395]|listeners:[], old=null RUNNING
   FOLLOWER s3@group-9B3688799715:t0, leader=null, voted=, raftlog=Memoized:s3@group-9B3688799715-SegmentedRaftLog:OPENED:c-1, conf=-1: peers:[]|listeners:[], old=null STARTING] size=2
  s4:  RUNNING [
   FOLLOWER s4@group-1D8CF138D879:t1, leader=s0, voted=s0, raftlog=Memoized:s4@group-1D8CF138D879-SegmentedRaftLog:OPENED:c0, conf=0: peers:[s3|0.0.0.0:38599, s4|0.0.0.0:45297, s0|0.0.0.0:43623, s1|0.0.0.0:37641, s2|0.0.0.0:44395]|listeners:[], old=null RUNNING
   FOLLOWER s4@group-9B3688799715:t0, leader=null, voted=, raftlog=Memoized:s4@group-9B3688799715-SegmentedRaftLog:OPENED:c-1, conf=-1: peers:[]|listeners:[], old=null STARTING] size=2
  s5:  RUNNING [
   FOLLOWER s5@group-9B3688799715:t0, leader=null, voted=, raftlog=Memoized:s5@group-9B3688799715-SegmentedRaftLog:OPENED:c-1, conf=-1: peers:[]|listeners:[], old=null STARTING
     LEADER s5@group-FC6A756839F5:t1, leader=s5, voted=s5, raftlog=Memoized:s5@group-FC6A756839F5-SegmentedRaftLog:OPENED:c0, conf=0: peers:[s5|0.0.0.0:44673, s6|0.0.0.0:34623, s7|0.0.0.0:45125]|listeners:[], old=null RUNNING] size=2
  s6:  RUNNING [
   FOLLOWER s6@group-9B3688799715:t0, leader=null, voted=, raftlog=Memoized:s6@group-9B3688799715-SegmentedRaftLog:OPENED:c-1, conf=-1: peers:[]|listeners:[], old=null STARTING
   FOLLOWER s6@group-FC6A756839F5:t1, leader=s5, voted=s5, raftlog=Memoized:s6@group-FC6A756839F5-SegmentedRaftLog:OPENED:c0, conf=0: peers:[s5|0.0.0.0:44673, s6|0.0.0.0:34623, s7|0.0.0.0:45125]|listeners:[], old=null RUNNING] size=2
  s7:  RUNNING [
   FOLLOWER s7@group-9B3688799715:t0, leader=null, voted=, raftlog=Memoized:s7@group-9B3688799715-SegmentedRaftLog:OPENED:c-1, conf=-1: peers:[]|listeners:[], old=null STARTING
   FOLLOWER s7@group-FC6A756839F5:t1, leader=s5, voted=s5, raftlog=Memoized:s7@group-FC6A756839F5-SegmentedRaftLog:OPENED:c0, conf=0: peers:[s5|0.0.0.0:44673, s6|0.0.0.0:34623, s7|0.0.0.0:45125]|listeners:[], old=null RUNNING] size=2
  s8:  RUNNING [
   FOLLOWER s8@group-9B3688799715:t0, leader=null, voted=, raftlog=Memoized:s8@group-9B3688799715-SegmentedRaftLog:OPENED:c-1, conf=-1: peers:[]|listeners:[], old=null STARTING
     LEADER s8@group-5BB5DA552FF4:t1, leader=s8, voted=s8, raftlog=Memoized:s8@group-5BB5DA552FF4-SegmentedRaftLog:OPENED:c0, conf=0: peers:[s8|0.0.0.0:34827]|listeners:[], old=null RUNNING] size=2
  s0:  RUNNING [
     LEADER s0@group-1D8CF138D879:t1, leader=s0, voted=s0, raftlog=Memoized:s0@group-1D8CF138D879-SegmentedRaftLog:OPENED:c0, conf=0: peers:[s3|0.0.0.0:38599, s4|0.0.0.0:45297, s0|0.0.0.0:43623, s1|0.0.0.0:37641, s2|0.0.0.0:44395]|listeners:[], old=null RUNNING
   FOLLOWER s0@group-9B3688799715:t0, leader=null, voted=, raftlog=Memoized:s0@group-9B3688799715-SegmentedRaftLog:OPENED:c-1, conf=-1: peers:[]|listeners:[], old=null STARTING] size=2
  s1:  RUNNING [
   FOLLOWER s1@group-1D8CF138D879:t1, leader=s0, voted=s0, raftlog=Memoized:s1@group-1D8CF138D879-SegmentedRaftLog:OPENED:c0, conf=0: peers:[s3|0.0.0.0:38599, s4|0.0.0.0:45297, s0|0.0.0.0:43623, s1|0.0.0.0:37641, s2|0.0.0.0:44395]|listeners:[], old=null RUNNING
   FOLLOWER s1@group-9B3688799715:t0, leader=null, voted=, raftlog=Memoized:s1@group-9B3688799715-SegmentedRaftLog:OPENED:c-1, conf=-1: peers:[]|listeners:[], old=null STARTING] size=2
  s2:  RUNNING [
   FOLLOWER s2@group-1D8CF138D879:t1, leader=s0, voted=s0, raftlog=Memoized:s2@group-1D8CF138D879-SegmentedRaftLog:OPENED:c0, conf=0: peers:[s3|0.0.0.0:38599, s4|0.0.0.0:45297, s0|0.0.0.0:43623, s1|0.0.0.0:37641, s2|0.0.0.0:44395]|listeners:[], old=null RUNNING
   FOLLOWER s2@group-9B3688799715:t0, leader=null, voted=, raftlog=Memoized:s2@group-9B3688799715-SegmentedRaftLog:OPENED:c-1, conf=-1: peers:[]|listeners:[], old=null STARTING] size=2
2023-12-13 18:50:23,154 [Time-limited test] INFO  impl.GroupManagementBaseTest (GroupManagementBaseTest.java:runMultiGroupTest(294)) - chosen = 2, group-5BB5DA552FF4:[s8|0.0.0.0:34827]
2023-12-13 18:50:23,154 [Time-limited test] INFO  impl.GroupManagementBaseTest (GroupManagementBaseTest.java:runMultiGroupTest(299)) - 0) close printing group-1D8CF138D879
  s3:  RUNNING [
   FOLLOWER s3@group-1D8CF138D879:t1, leader=s0, voted=s0, raftlog=Memoized:s3@group-1D8CF138D879-SegmentedRaftLog:OPENED:c0, conf=0: peers:[s3|0.0.0.0:38599, s4|0.0.0.0:45297, s0|0.0.0.0:43623, s1|0.0.0.0:37641, s2|0.0.0.0:44395]|listeners:[], old=null RUNNING
   FOLLOWER s3@group-9B3688799715:t0, leader=null, voted=, raftlog=Memoized:s3@group-9B3688799715-SegmentedRaftLog:OPENED:c-1, conf=-1: peers:[]|listeners:[], old=null STARTING] size=2
  s4:  RUNNING [
   FOLLOWER s4@group-1D8CF138D879:t1, leader=s0, voted=s0, raftlog=Memoized:s4@group-1D8CF138D879-SegmentedRaftLog:OPENED:c0, conf=0: peers:[s3|0.0.0.0:38599, s4|0.0.0.0:45297, s0|0.0.0.0:43623, s1|0.0.0.0:37641, s2|0.0.0.0:44395]|listeners:[], old=null RUNNING
   FOLLOWER s4@group-9B3688799715:t0, leader=null, voted=, raftlog=Memoized:s4@group-9B3688799715-SegmentedRaftLog:OPENED:c-1, conf=-1: peers:[]|listeners:[], old=null STARTING] size=2
  s0:  RUNNING [
     LEADER s0@group-1D8CF138D879:t1, leader=s0, voted=s0, raftlog=Memoized:s0@group-1D8CF138D879-SegmentedRaftLog:OPENED:c0, conf=0: peers:[s3|0.0.0.0:38599, s4|0.0.0.0:45297, s0|0.0.0.0:43623, s1|0.0.0.0:37641, s2|0.0.0.0:44395]|listeners:[], old=null RUNNING
   FOLLOWER s0@group-9B3688799715:t0, leader=null, voted=, raftlog=Memoized:s0@group-9B3688799715-SegmentedRaftLog:OPENED:c-1, conf=-1: peers:[]|listeners:[], old=null STARTING] size=2
  s1:  RUNNING [
   FOLLOWER s1@group-1D8CF138D879:t1, leader=s0, voted=s0, raftlog=Memoized:s1@group-1D8CF138D879-SegmentedRaftLog:OPENED:c0, conf=0: peers:[s3|0.0.0.0:38599, s4|0.0.0.0:45297, s0|0.0.0.0:43623, s1|0.0.0.0:37641, s2|0.0.0.0:44395]|listeners:[], old=null RUNNING
   FOLLOWER s1@group-9B3688799715:t0, leader=null, voted=, raftlog=Memoized:s1@group-9B3688799715-SegmentedRaftLog:OPENED:c-1, conf=-1: peers:[]|listeners:[], old=null STARTING] size=2
  s2:  RUNNING [
   FOLLOWER s2@group-1D8CF138D879:t1, leader=s0, voted=s0, raftlog=Memoized:s2@group-1D8CF138D879-SegmentedRaftLog:OPENED:c0, conf=0: peers:[s3|0.0.0.0:38599, s4|0.0.0.0:45297, s0|0.0.0.0:43623, s1|0.0.0.0:37641, s2|0.0.0.0:44395]|listeners:[], old=null RUNNING
   FOLLOWER s2@group-9B3688799715:t0, leader=null, voted=, raftlog=Memoized:s2@group-9B3688799715-SegmentedRaftLog:OPENED:c-1, conf=-1: peers:[]|listeners:[], old=null STARTING] size=2
2023-12-13 18:50:23,154 [Time-limited test] DEBUG client.RaftClient (ConfUtils.java:logGet(46)) - raft.rpc.type = GRPC (default)
2023-12-13 18:50:23,157 [grpc-default-executor-1] INFO  server.RaftServer (RaftServerProxy.java:remove(111)) - s3: remove  FOLLOWER s3@group-1D8CF138D879:t1, leader=s0, voted=s0, raftlog=Memoized:s3@group-1D8CF138D879-SegmentedRaftLog:OPENED:c0, conf=0: peers:[s3|0.0.0.0:38599, s4|0.0.0.0:45297, s0|0.0.0.0:43623, s1|0.0.0.0:37641, s2|0.0.0.0:44395]|listeners:[], old=null RUNNING
2023-12-13 18:50:23,157 [grpc-default-executor-1] INFO  server.RaftServer$Division (RaftServerImpl.java:lambda$close$3(516)) - s3@group-1D8CF138D879: shutdown
2023-12-13 18:50:23,157 [grpc-default-executor-1] INFO  util.JmxRegister (JmxRegister.java:unregister(73)) - Successfully un-registered JMX Bean with object name Ratis:service=RaftServer,group=group-1D8CF138D879,id=s3
2023-12-13 18:50:23,157 [grpc-default-executor-1] INFO  impl.RoleInfo (RoleInfo.java:shutdownFollowerState(110)) - s3: shutdown s3@group-1D8CF138D879-FollowerState
2023-12-13 18:50:23,157 [grpc-default-executor-1] INFO  impl.StateMachineUpdater (StateMachineUpdater.java:stopAndJoin(157)) - s3@group-1D8CF138D879-StateMachineUpdater: set stopIndex = 0
2023-12-13 18:50:23,157 [s3@group-1D8CF138D879-FollowerState] INFO  impl.FollowerState (FollowerState.java:run(152)) - s3@group-1D8CF138D879-FollowerState was interrupted
2023-12-13 18:50:23,158 [grpc-default-executor-1] INFO  server.RaftServer$Division (ServerState.java:close(423)) - s3@group-1D8CF138D879: applyIndex: 0
2023-12-13 18:50:23,158 [s3@group-1D8CF138D879-cacheEviction-AwaitToRun] INFO  util.AwaitToRun (AwaitToRun.java:run(49)) - s3@group-1D8CF138D879-cacheEviction-AwaitToRun-AwaitForSignal is interrupted
2023-12-13 18:50:23,613 [grpc-default-executor-1] INFO  segmented.SegmentedRaftLogWorker (SegmentedRaftLogWorker.java:close(245)) - s3@group-1D8CF138D879-SegmentedRaftLogWorker close()
2023-12-13 18:50:23,614 [grpc-default-executor-1] TRACE util.FileUtils (FileUtils.java:deleteFully(305)) - deleteFully /home/runner/work/ratis/ratis/ratis-test/target/test/data/b8de9602/MiniRaftClusterWithGrpcac948085/s3/e652f4e3-bbe7-406f-aff4-1d8cf138d879
2023-12-13 18:50:23,614 [grpc-default-executor-1] TRACE util.FileUtils (LogUtils.java:runAndLog(49)) - Successfully ran Files.delete /home/runner/work/ratis/ratis/ratis-test/target/test/data/b8de9602/MiniRaftClusterWithGrpcac948085/s3/e652f4e3-bbe7-406f-aff4-1d8cf138d879/in_use.lock
2023-12-13 18:50:23,614 [grpc-default-executor-1] TRACE util.FileUtils (LogUtils.java:runAndLog(49)) - Successfully ran Files.delete /home/runner/work/ratis/ratis/ratis-test/target/test/data/b8de9602/MiniRaftClusterWithGrpcac948085/s3/e652f4e3-bbe7-406f-aff4-1d8cf138d879/sm
2023-12-13 18:50:23,614 [grpc-default-executor-1] TRACE util.FileUtils (LogUtils.java:runAndLog(49)) - Successfully ran Files.delete /home/runner/work/ratis/ratis/ratis-test/target/test/data/b8de9602/MiniRaftClusterWithGrpcac948085/s3/e652f4e3-bbe7-406f-aff4-1d8cf138d879/current/raft-meta
2023-12-13 18:50:23,614 [grpc-default-executor-1] TRACE util.FileUtils (LogUtils.java:runAndLog(49)) - Successfully ran Files.delete /home/runner/work/ratis/ratis/ratis-test/target/test/data/b8de9602/MiniRaftClusterWithGrpcac948085/s3/e652f4e3-bbe7-406f-aff4-1d8cf138d879/current/log_inprogress_0
2023-12-13 18:50:23,614 [grpc-default-executor-1] TRACE util.FileUtils (LogUtils.java:runAndLog(49)) - Successfully ran Files.delete /home/runner/work/ratis/ratis/ratis-test/target/test/data/b8de9602/MiniRaftClusterWithGrpcac948085/s3/e652f4e3-bbe7-406f-aff4-1d8cf138d879/current/raft-meta.conf
2023-12-13 18:50:23,615 [grpc-default-executor-1] TRACE util.FileUtils (LogUtils.java:runAndLog(49)) - Successfully ran Files.delete /home/runner/work/ratis/ratis/ratis-test/target/test/data/b8de9602/MiniRaftClusterWithGrpcac948085/s3/e652f4e3-bbe7-406f-aff4-1d8cf138d879/current
2023-12-13 18:50:23,615 [grpc-default-executor-1] TRACE util.FileUtils (LogUtils.java:runAndLog(49)) - Successfully ran Files.delete /home/runner/work/ratis/ratis/ratis-test/target/test/data/b8de9602/MiniRaftClusterWithGrpcac948085/s3/e652f4e3-bbe7-406f-aff4-1d8cf138d879
2023-12-13 18:50:23,615 [grpc-default-executor-1] INFO  server.RaftServer$Division (RaftServerImpl.java:groupRemove(486)) - s3@group-1D8CF138D879: Succeed to remove RaftStorageDirectory Storage Directory /home/runner/work/ratis/ratis/ratis-test/target/test/data/b8de9602/MiniRaftClusterWithGrpcac948085/s3/e652f4e3-bbe7-406f-aff4-1d8cf138d879
2023-12-13 18:50:23,618 [Time-limited test] DEBUG client.RaftClient (ConfUtils.java:logGet(46)) - raft.rpc.type = GRPC (default)
2023-12-13 18:50:23,621 [grpc-default-executor-1] INFO  server.RaftServer (RaftServerProxy.java:remove(111)) - s4: remove  FOLLOWER s4@group-1D8CF138D879:t1, leader=s0, voted=s0, raftlog=Memoized:s4@group-1D8CF138D879-SegmentedRaftLog:OPENED:c0, conf=0: peers:[s3|0.0.0.0:38599, s4|0.0.0.0:45297, s0|0.0.0.0:43623, s1|0.0.0.0:37641, s2|0.0.0.0:44395]|listeners:[], old=null RUNNING
2023-12-13 18:50:23,621 [grpc-default-executor-1] INFO  server.RaftServer$Division (RaftServerImpl.java:lambda$close$3(516)) - s4@group-1D8CF138D879: shutdown
2023-12-13 18:50:23,621 [grpc-default-executor-1] INFO  util.JmxRegister (JmxRegister.java:unregister(73)) - Successfully un-registered JMX Bean with object name Ratis:service=RaftServer,group=group-1D8CF138D879,id=s4
2023-12-13 18:50:23,621 [grpc-default-executor-1] INFO  impl.RoleInfo (RoleInfo.java:shutdownFollowerState(110)) - s4: shutdown s4@group-1D8CF138D879-FollowerState
2023-12-13 18:50:23,621 [grpc-default-executor-1] INFO  impl.StateMachineUpdater (StateMachineUpdater.java:stopAndJoin(157)) - s4@group-1D8CF138D879-StateMachineUpdater: set stopIndex = 0
2023-12-13 18:50:23,621 [s4@group-1D8CF138D879-FollowerState] INFO  impl.FollowerState (FollowerState.java:run(152)) - s4@group-1D8CF138D879-FollowerState was interrupted
2023-12-13 18:50:23,621 [grpc-default-executor-1] INFO  server.RaftServer$Division (ServerState.java:close(423)) - s4@group-1D8CF138D879: applyIndex: 0
2023-12-13 18:50:23,621 [s4@group-1D8CF138D879-cacheEviction-AwaitToRun] INFO  util.AwaitToRun (AwaitToRun.java:run(49)) - s4@group-1D8CF138D879-cacheEviction-AwaitToRun-AwaitForSignal is interrupted
2023-12-13 18:50:24,610 [grpc-default-executor-1] INFO  segmented.SegmentedRaftLogWorker (SegmentedRaftLogWorker.java:close(245)) - s4@group-1D8CF138D879-SegmentedRaftLogWorker close()
2023-12-13 18:50:24,611 [grpc-default-executor-1] TRACE util.FileUtils (FileUtils.java:deleteFully(305)) - deleteFully /home/runner/work/ratis/ratis/ratis-test/target/test/data/b8de9602/MiniRaftClusterWithGrpcac948085/s4/e652f4e3-bbe7-406f-aff4-1d8cf138d879
2023-12-13 18:50:24,611 [grpc-default-executor-1] TRACE util.FileUtils (LogUtils.java:runAndLog(49)) - Successfully ran Files.delete /home/runner/work/ratis/ratis/ratis-test/target/test/data/b8de9602/MiniRaftClusterWithGrpcac948085/s4/e652f4e3-bbe7-406f-aff4-1d8cf138d879/in_use.lock
2023-12-13 18:50:24,612 [grpc-default-executor-1] TRACE util.FileUtils (LogUtils.java:runAndLog(49)) - Successfully ran Files.delete /home/runner/work/ratis/ratis/ratis-test/target/test/data/b8de9602/MiniRaftClusterWithGrpcac948085/s4/e652f4e3-bbe7-406f-aff4-1d8cf138d879/sm
2023-12-13 18:50:24,612 [grpc-default-executor-1] TRACE util.FileUtils (LogUtils.java:runAndLog(49)) - Successfully ran Files.delete /home/runner/work/ratis/ratis/ratis-test/target/test/data/b8de9602/MiniRaftClusterWithGrpcac948085/s4/e652f4e3-bbe7-406f-aff4-1d8cf138d879/current/raft-meta
2023-12-13 18:50:24,612 [grpc-default-executor-1] TRACE util.FileUtils (LogUtils.java:runAndLog(49)) - Successfully ran Files.delete /home/runner/work/ratis/ratis/ratis-test/target/test/data/b8de9602/MiniRaftClusterWithGrpcac948085/s4/e652f4e3-bbe7-406f-aff4-1d8cf138d879/current/log_inprogress_0
2023-12-13 18:50:24,612 [grpc-default-executor-1] TRACE util.FileUtils (LogUtils.java:runAndLog(49)) - Successfully ran Files.delete /home/runner/work/ratis/ratis/ratis-test/target/test/data/b8de9602/MiniRaftClusterWithGrpcac948085/s4/e652f4e3-bbe7-406f-aff4-1d8cf138d879/current/raft-meta.conf
2023-12-13 18:50:24,612 [grpc-default-executor-1] TRACE util.FileUtils (LogUtils.java:runAndLog(49)) - Successfully ran Files.delete /home/runner/work/ratis/ratis/ratis-test/target/test/data/b8de9602/MiniRaftClusterWithGrpcac948085/s4/e652f4e3-bbe7-406f-aff4-1d8cf138d879/current
2023-12-13 18:50:24,612 [grpc-default-executor-1] TRACE util.FileUtils (LogUtils.java:runAndLog(49)) - Successfully ran Files.delete /home/runner/work/ratis/ratis/ratis-test/target/test/data/b8de9602/MiniRaftClusterWithGrpcac948085/s4/e652f4e3-bbe7-406f-aff4-1d8cf138d879
2023-12-13 18:50:24,612 [grpc-default-executor-1] INFO  server.RaftServer$Division (RaftServerImpl.java:groupRemove(486)) - s4@group-1D8CF138D879: Succeed to remove RaftStorageDirectory Storage Directory /home/runner/work/ratis/ratis/ratis-test/target/test/data/b8de9602/MiniRaftClusterWithGrpcac948085/s4/e652f4e3-bbe7-406f-aff4-1d8cf138d879
2023-12-13 18:50:24,614 [Time-limited test] DEBUG client.RaftClient (ConfUtils.java:logGet(46)) - raft.rpc.type = GRPC (default)
2023-12-13 18:50:24,617 [grpc-default-executor-1] INFO  server.RaftServer (RaftServerProxy.java:remove(111)) - s0: remove    LEADER s0@group-1D8CF138D879:t1, leader=s0, voted=s0, raftlog=Memoized:s0@group-1D8CF138D879-SegmentedRaftLog:OPENED:c0, conf=0: peers:[s3|0.0.0.0:38599, s4|0.0.0.0:45297, s0|0.0.0.0:43623, s1|0.0.0.0:37641, s2|0.0.0.0:44395]|listeners:[], old=null RUNNING
2023-12-13 18:50:24,617 [grpc-default-executor-1] INFO  server.RaftServer$Division (RaftServerImpl.java:lambda$close$3(516)) - s0@group-1D8CF138D879: shutdown
2023-12-13 18:50:24,617 [grpc-default-executor-1] INFO  util.JmxRegister (JmxRegister.java:unregister(73)) - Successfully un-registered JMX Bean with object name Ratis:service=RaftServer,group=group-1D8CF138D879,id=s0
2023-12-13 18:50:24,617 [grpc-default-executor-1] INFO  impl.RoleInfo (RoleInfo.java:shutdownLeaderState(94)) - s0: shutdown s0@group-1D8CF138D879-LeaderStateImpl
2023-12-13 18:50:24,618 [grpc-default-executor-1] INFO  impl.PendingRequests (PendingRequests.java:sendNotLeaderResponses(289)) - s0@group-1D8CF138D879-PendingRequests: sendNotLeaderResponses
2023-12-13 18:50:24,618 [s0@group-1D8CF138D879->s4-GrpcLogAppender-LogAppenderDaemon] WARN  server.GrpcLogAppender (GrpcLogAppender.java:mayWait(279)) - s0@group-1D8CF138D879->s4-GrpcLogAppender: Wait interrupted by java.lang.InterruptedException
2023-12-13 18:50:24,618 [s0@group-1D8CF138D879->s1-GrpcLogAppender-LogAppenderDaemon] WARN  server.GrpcLogAppender (GrpcLogAppender.java:mayWait(279)) - s0@group-1D8CF138D879->s1-GrpcLogAppender: Wait interrupted by java.lang.InterruptedException
2023-12-13 18:50:24,618 [grpc-default-executor-6] INFO  server.GrpcServerProtocolService (GrpcServerProtocolService.java:onCompleted(157)) - s4: Completed APPEND_ENTRIES, lastRequest: null
2023-12-13 18:50:24,618 [s0@group-1D8CF138D879->s2-GrpcLogAppender-LogAppenderDaemon] WARN  server.GrpcLogAppender (GrpcLogAppender.java:mayWait(279)) - s0@group-1D8CF138D879->s2-GrpcLogAppender: Wait interrupted by java.lang.InterruptedException
2023-12-13 18:50:24,618 [grpc-default-executor-9] INFO  server.GrpcServerProtocolService (GrpcServerProtocolService.java:onCompleted(157)) - s1: Completed APPEND_ENTRIES, lastRequest: null
2023-12-13 18:50:24,619 [grpc-default-executor-9] INFO  server.GrpcServerProtocolService (GrpcServerProtocolService.java:lambda$onCompleted$5(159)) - s1: Completed APPEND_ENTRIES, lastReply: serverReply {
  requestorId: "s0"
  replyId: "s1"
  raftGroupId {
    id: "\346R\364\343\273\347@o\257\364\035\214\3618\330y"
  }
  callId: 16
  success: true
}
term: 1
nextIndex: 1
matchIndex: 18446744073709551615
isHearbeat: true

2023-12-13 18:50:24,618 [s0@group-1D8CF138D879->s3-GrpcLogAppender-LogAppenderDaemon] WARN  server.GrpcLogAppender (GrpcLogAppender.java:mayWait(279)) - s0@group-1D8CF138D879->s3-GrpcLogAppender: Wait interrupted by java.lang.InterruptedException
2023-12-13 18:50:24,619 [grpc-default-executor-5] INFO  server.GrpcLogAppender (GrpcLogAppender.java:onCompleted(534)) - s0@group-1D8CF138D879->s1-AppendLogResponseHandler: follower responses appendEntries COMPLETED
2023-12-13 18:50:24,619 [grpc-default-executor-6] INFO  server.GrpcServerProtocolService (GrpcServerProtocolService.java:onCompleted(157)) - s1: Completed APPEND_ENTRIES, lastRequest: s0->s1#1-t1,previous=(t:0, i:0),leaderCommit=-1,initializing? false,entries: size=1, first=(t:1, i:0), CONFIGURATIONENTRY(current:id: "s3"
address: "0.0.0.0:38599"
clientAddress: "0.0.0.0:38599"
adminAddress: "0.0.0.0:38599"
startupRole: FOLLOWER
,id: "s4"
address: "0.0.0.0:45297"
clientAddress: "0.0.0.0:45297"
adminAddress: "0.0.0.0:45297"
startupRole: FOLLOWER
,id: "s0"
address: "0.0.0.0:43623"
clientAddress: "0.0.0.0:43623"
adminAddress: "0.0.0.0:43623"
startupRole: FOLLOWER
,id: "s1"
address: "0.0.0.0:37641"
clientAddress: "0.0.0.0:37641"
adminAddress: "0.0.0.0:37641"
startupRole: FOLLOWER
,id: "s2"
address: "0.0.0.0:44395"
clientAddress: "0.0.0.0:44395"
adminAddress: "0.0.0.0:44395"
startupRole: FOLLOWER
, old:)
2023-12-13 18:50:24,619 [grpc-default-executor-6] INFO  server.GrpcServerProtocolService (GrpcServerProtocolService.java:lambda$onCompleted$5(159)) - s1: Completed APPEND_ENTRIES, lastReply: null
2023-12-13 18:50:24,619 [grpc-default-executor-1] INFO  impl.StateMachineUpdater (StateMachineUpdater.java:stopAndJoin(157)) - s0@group-1D8CF138D879-StateMachineUpdater: set stopIndex = 0
2023-12-13 18:50:24,619 [grpc-default-executor-1] INFO  server.RaftServer$Division (ServerState.java:close(423)) - s0@group-1D8CF138D879: applyIndex: 0
2023-12-13 18:50:24,619 [s0@group-1D8CF138D879-cacheEviction-AwaitToRun] INFO  util.AwaitToRun (AwaitToRun.java:run(49)) - s0@group-1D8CF138D879-cacheEviction-AwaitToRun-AwaitForSignal is interrupted
2023-12-13 18:50:24,620 [grpc-default-executor-6] INFO  server.GrpcServerProtocolService (GrpcServerProtocolService.java:onCompleted(157)) - s2: Completed APPEND_ENTRIES, lastRequest: s0->s2#1-t1,previous=(t:0, i:0),leaderCommit=-1,initializing? false,entries: size=1, first=(t:1, i:0), CONFIGURATIONENTRY(current:id: "s3"
address: "0.0.0.0:38599"
clientAddress: "0.0.0.0:38599"
adminAddress: "0.0.0.0:38599"
startupRole: FOLLOWER
,id: "s4"
address: "0.0.0.0:45297"
clientAddress: "0.0.0.0:45297"
adminAddress: "0.0.0.0:45297"
startupRole: FOLLOWER
,id: "s0"
address: "0.0.0.0:43623"
clientAddress: "0.0.0.0:43623"
adminAddress: "0.0.0.0:43623"
startupRole: FOLLOWER
,id: "s1"
address: "0.0.0.0:37641"
clientAddress: "0.0.0.0:37641"
adminAddress: "0.0.0.0:37641"
startupRole: FOLLOWER
,id: "s2"
address: "0.0.0.0:44395"
clientAddress: "0.0.0.0:44395"
adminAddress: "0.0.0.0:44395"
startupRole: FOLLOWER
, old:)
2023-12-13 18:50:24,620 [grpc-default-executor-6] INFO  server.GrpcServerProtocolService (GrpcServerProtocolService.java:lambda$onCompleted$5(159)) - s2: Completed APPEND_ENTRIES, lastReply: null
2023-12-13 18:50:24,620 [grpc-default-executor-6] INFO  server.GrpcLogAppender (GrpcLogAppender.java:onCompleted(534)) - s0@group-1D8CF138D879->s1-AppendLogResponseHandler: follower responses appendEntries COMPLETED
2023-12-13 18:50:24,620 [grpc-default-executor-0] INFO  server.GrpcServerProtocolService (GrpcServerProtocolService.java:onCompleted(157)) - s3: Completed APPEND_ENTRIES, lastRequest: null
2023-12-13 18:50:24,621 [grpc-default-executor-5] INFO  server.GrpcServerProtocolService (GrpcServerProtocolService.java:onCompleted(157)) - s3: Completed APPEND_ENTRIES, lastRequest: s0->s3#1-t1,previous=(t:0, i:0),leaderCommit=-1,initializing? false,entries: size=1, first=(t:1, i:0), CONFIGURATIONENTRY(current:id: "s3"
address: "0.0.0.0:38599"
clientAddress: "0.0.0.0:38599"
adminAddress: "0.0.0.0:38599"
startupRole: FOLLOWER
,id: "s4"
address: "0.0.0.0:45297"
clientAddress: "0.0.0.0:45297"
adminAddress: "0.0.0.0:45297"
startupRole: FOLLOWER
,id: "s0"
address: "0.0.0.0:43623"
clientAddress: "0.0.0.0:43623"
adminAddress: "0.0.0.0:43623"
startupRole: FOLLOWER
,id: "s1"
address: "0.0.0.0:37641"
clientAddress: "0.0.0.0:37641"
adminAddress: "0.0.0.0:37641"
startupRole: FOLLOWER
,id: "s2"
address: "0.0.0.0:44395"
clientAddress: "0.0.0.0:44395"
adminAddress: "0.0.0.0:44395"
startupRole: FOLLOWER
, old:)
2023-12-13 18:50:24,621 [grpc-default-executor-5] INFO  server.GrpcServerProtocolService (GrpcServerProtocolService.java:lambda$onCompleted$5(159)) - s3: Completed APPEND_ENTRIES, lastReply: null
2023-12-13 18:50:24,621 [grpc-default-executor-0] INFO  server.GrpcServerProtocolService (GrpcServerProtocolService.java:onCompleted(157)) - s4: Completed APPEND_ENTRIES, lastRequest: s0->s4#1-t1,previous=(t:0, i:0),leaderCommit=-1,initializing? false,entries: size=1, first=(t:1, i:0), CONFIGURATIONENTRY(current:id: "s3"
address: "0.0.0.0:38599"
clientAddress: "0.0.0.0:38599"
adminAddress: "0.0.0.0:38599"
startupRole: FOLLOWER
,id: "s4"
address: "0.0.0.0:45297"
clientAddress: "0.0.0.0:45297"
adminAddress: "0.0.0.0:45297"
startupRole: FOLLOWER
,id: "s0"
address: "0.0.0.0:43623"
clientAddress: "0.0.0.0:43623"
adminAddress: "0.0.0.0:43623"
startupRole: FOLLOWER
,id: "s1"
address: "0.0.0.0:37641"
clientAddress: "0.0.0.0:37641"
adminAddress: "0.0.0.0:37641"
startupRole: FOLLOWER
,id: "s2"
address: "0.0.0.0:44395"
clientAddress: "0.0.0.0:44395"
adminAddress: "0.0.0.0:44395"
startupRole: FOLLOWER
, old:)
2023-12-13 18:50:24,621 [grpc-default-executor-9] INFO  server.GrpcLogAppender (GrpcLogAppender.java:onCompleted(534)) - s0@group-1D8CF138D879->s2-AppendLogResponseHandler: follower responses appendEntries COMPLETED
2023-12-13 18:50:24,621 [grpc-default-executor-0] INFO  server.GrpcServerProtocolService (GrpcServerProtocolService.java:lambda$onCompleted$5(159)) - s4: Completed APPEND_ENTRIES, lastReply: null
2023-12-13 18:50:24,621 [grpc-default-executor-6] INFO  server.GrpcServerProtocolService (GrpcServerProtocolService.java:onCompleted(157)) - s2: Completed APPEND_ENTRIES, lastRequest: null
2023-12-13 18:50:24,621 [grpc-default-executor-9] INFO  server.GrpcLogAppender (GrpcLogAppender.java:onCompleted(534)) - s0@group-1D8CF138D879->s4-AppendLogResponseHandler: follower responses appendEntries COMPLETED
2023-12-13 18:50:24,621 [grpc-default-executor-6] INFO  server.GrpcServerProtocolService (GrpcServerProtocolService.java:lambda$onCompleted$5(159)) - s2: Completed APPEND_ENTRIES, lastReply: serverReply {
  requestorId: "s0"
  replyId: "s2"
  raftGroupId {
    id: "\346R\364\343\273\347@o\257\364\035\214\3618\330y"
  }
  callId: 16
  success: true
}
term: 1
nextIndex: 1
matchIndex: 18446744073709551615
isHearbeat: true

2023-12-13 18:50:24,621 [grpc-default-executor-0] INFO  server.GrpcLogAppender (GrpcLogAppender.java:onCompleted(534)) - s0@group-1D8CF138D879->s3-AppendLogResponseHandler: follower responses appendEntries COMPLETED
2023-12-13 18:50:24,622 [grpc-default-executor-0] INFO  server.GrpcLogAppender (GrpcLogAppender.java:onCompleted(534)) - s0@group-1D8CF138D879->s2-AppendLogResponseHandler: follower responses appendEntries COMPLETED
2023-12-13 18:50:25,591 [grpc-default-executor-1] INFO  segmented.SegmentedRaftLogWorker (SegmentedRaftLogWorker.java:close(245)) - s0@group-1D8CF138D879-SegmentedRaftLogWorker close()
2023-12-13 18:50:25,592 [grpc-default-executor-1] TRACE util.FileUtils (FileUtils.java:deleteFully(305)) - deleteFully /home/runner/work/ratis/ratis/ratis-test/target/test/data/b8de9602/MiniRaftClusterWithGrpcac948085/s0/e652f4e3-bbe7-406f-aff4-1d8cf138d879
2023-12-13 18:50:25,592 [grpc-default-executor-1] TRACE util.FileUtils (LogUtils.java:runAndLog(49)) - Successfully ran Files.delete /home/runner/work/ratis/ratis/ratis-test/target/test/data/b8de9602/MiniRaftClusterWithGrpcac948085/s0/e652f4e3-bbe7-406f-aff4-1d8cf138d879/in_use.lock
2023-12-13 18:50:25,593 [grpc-default-executor-1] TRACE util.FileUtils (LogUtils.java:runAndLog(49)) - Successfully ran Files.delete /home/runner/work/ratis/ratis/ratis-test/target/test/data/b8de9602/MiniRaftClusterWithGrpcac948085/s0/e652f4e3-bbe7-406f-aff4-1d8cf138d879/sm
2023-12-13 18:50:25,593 [grpc-default-executor-1] TRACE util.FileUtils (LogUtils.java:runAndLog(49)) - Successfully ran Files.delete /home/runner/work/ratis/ratis/ratis-test/target/test/data/b8de9602/MiniRaftClusterWithGrpcac948085/s0/e652f4e3-bbe7-406f-aff4-1d8cf138d879/current/raft-meta
2023-12-13 18:50:25,593 [grpc-default-executor-1] TRACE util.FileUtils (LogUtils.java:runAndLog(49)) - Successfully ran Files.delete /home/runner/work/ratis/ratis/ratis-test/target/test/data/b8de9602/MiniRaftClusterWithGrpcac948085/s0/e652f4e3-bbe7-406f-aff4-1d8cf138d879/current/log_inprogress_0
2023-12-13 18:50:25,593 [grpc-default-executor-1] TRACE util.FileUtils (LogUtils.java:runAndLog(49)) - Successfully ran Files.delete /home/runner/work/ratis/ratis/ratis-test/target/test/data/b8de9602/MiniRaftClusterWithGrpcac948085/s0/e652f4e3-bbe7-406f-aff4-1d8cf138d879/current/raft-meta.conf
2023-12-13 18:50:25,593 [grpc-default-executor-1] TRACE util.FileUtils (LogUtils.java:runAndLog(49)) - Successfully ran Files.delete /home/runner/work/ratis/ratis/ratis-test/target/test/data/b8de9602/MiniRaftClusterWithGrpcac948085/s0/e652f4e3-bbe7-406f-aff4-1d8cf138d879/current
2023-12-13 18:50:25,593 [grpc-default-executor-1] TRACE util.FileUtils (LogUtils.java:runAndLog(49)) - Successfully ran Files.delete /home/runner/work/ratis/ratis/ratis-test/target/test/data/b8de9602/MiniRaftClusterWithGrpcac948085/s0/e652f4e3-bbe7-406f-aff4-1d8cf138d879
2023-12-13 18:50:25,593 [grpc-default-executor-1] INFO  server.RaftServer$Division (RaftServerImpl.java:groupRemove(486)) - s0@group-1D8CF138D879: Succeed to remove RaftStorageDirectory Storage Directory /home/runner/work/ratis/ratis/ratis-test/target/test/data/b8de9602/MiniRaftClusterWithGrpcac948085/s0/e652f4e3-bbe7-406f-aff4-1d8cf138d879
2023-12-13 18:50:25,595 [Time-limited test] DEBUG client.RaftClient (ConfUtils.java:logGet(46)) - raft.rpc.type = GRPC (default)
2023-12-13 18:50:25,598 [grpc-default-executor-1] INFO  server.RaftServer (RaftServerProxy.java:remove(111)) - s1: remove  FOLLOWER s1@group-1D8CF138D879:t1, leader=s0, voted=s0, raftlog=Memoized:s1@group-1D8CF138D879-SegmentedRaftLog:OPENED:c0, conf=0: peers:[s3|0.0.0.0:38599, s4|0.0.0.0:45297, s0|0.0.0.0:43623, s1|0.0.0.0:37641, s2|0.0.0.0:44395]|listeners:[], old=null RUNNING
2023-12-13 18:50:25,598 [grpc-default-executor-1] INFO  server.RaftServer$Division (RaftServerImpl.java:lambda$close$3(516)) - s1@group-1D8CF138D879: shutdown
2023-12-13 18:50:25,598 [grpc-default-executor-1] INFO  util.JmxRegister (JmxRegister.java:unregister(73)) - Successfully un-registered JMX Bean with object name Ratis:service=RaftServer,group=group-1D8CF138D879,id=s1
2023-12-13 18:50:25,598 [grpc-default-executor-1] INFO  impl.RoleInfo (RoleInfo.java:shutdownFollowerState(110)) - s1: shutdown s1@group-1D8CF138D879-FollowerState
2023-12-13 18:50:25,598 [grpc-default-executor-1] INFO  impl.StateMachineUpdater (StateMachineUpdater.java:stopAndJoin(157)) - s1@group-1D8CF138D879-StateMachineUpdater: set stopIndex = 0
2023-12-13 18:50:25,598 [s1@group-1D8CF138D879-FollowerState] INFO  impl.FollowerState (FollowerState.java:run(152)) - s1@group-1D8CF138D879-FollowerState was interrupted
2023-12-13 18:50:25,599 [grpc-default-executor-1] INFO  server.RaftServer$Division (ServerState.java:close(423)) - s1@group-1D8CF138D879: applyIndex: 0
2023-12-13 18:50:25,599 [s1@group-1D8CF138D879-cacheEviction-AwaitToRun] INFO  util.AwaitToRun (AwaitToRun.java:run(49)) - s1@group-1D8CF138D879-cacheEviction-AwaitToRun-AwaitForSignal is interrupted
2023-12-13 18:50:25,622 [grpc-default-executor-1] INFO  segmented.SegmentedRaftLogWorker (SegmentedRaftLogWorker.java:close(245)) - s1@group-1D8CF138D879-SegmentedRaftLogWorker close()
2023-12-13 18:50:25,623 [grpc-default-executor-1] TRACE util.FileUtils (FileUtils.java:deleteFully(305)) - deleteFully /home/runner/work/ratis/ratis/ratis-test/target/test/data/b8de9602/MiniRaftClusterWithGrpcac948085/s1/e652f4e3-bbe7-406f-aff4-1d8cf138d879
2023-12-13 18:50:25,623 [grpc-default-executor-1] TRACE util.FileUtils (LogUtils.java:runAndLog(49)) - Successfully ran Files.delete /home/runner/work/ratis/ratis/ratis-test/target/test/data/b8de9602/MiniRaftClusterWithGrpcac948085/s1/e652f4e3-bbe7-406f-aff4-1d8cf138d879/in_use.lock
2023-12-13 18:50:25,623 [grpc-default-executor-1] TRACE util.FileUtils (LogUtils.java:runAndLog(49)) - Successfully ran Files.delete /home/runner/work/ratis/ratis/ratis-test/target/test/data/b8de9602/MiniRaftClusterWithGrpcac948085/s1/e652f4e3-bbe7-406f-aff4-1d8cf138d879/sm
2023-12-13 18:50:25,623 [grpc-default-executor-1] TRACE util.FileUtils (LogUtils.java:runAndLog(49)) - Successfully ran Files.delete /home/runner/work/ratis/ratis/ratis-test/target/test/data/b8de9602/MiniRaftClusterWithGrpcac948085/s1/e652f4e3-bbe7-406f-aff4-1d8cf138d879/current/raft-meta
2023-12-13 18:50:25,623 [grpc-default-executor-1] TRACE util.FileUtils (LogUtils.java:runAndLog(49)) - Successfully ran Files.delete /home/runner/work/ratis/ratis/ratis-test/target/test/data/b8de9602/MiniRaftClusterWithGrpcac948085/s1/e652f4e3-bbe7-406f-aff4-1d8cf138d879/current/log_inprogress_0
2023-12-13 18:50:25,623 [grpc-default-executor-1] TRACE util.FileUtils (LogUtils.java:runAndLog(49)) - Successfully ran Files.delete /home/runner/work/ratis/ratis/ratis-test/target/test/data/b8de9602/MiniRaftClusterWithGrpcac948085/s1/e652f4e3-bbe7-406f-aff4-1d8cf138d879/current/raft-meta.conf
2023-12-13 18:50:25,623 [grpc-default-executor-1] TRACE util.FileUtils (LogUtils.java:runAndLog(49)) - Successfully ran Files.delete /home/runner/work/ratis/ratis/ratis-test/target/test/data/b8de9602/MiniRaftClusterWithGrpcac948085/s1/e652f4e3-bbe7-406f-aff4-1d8cf138d879/current
2023-12-13 18:50:25,623 [grpc-default-executor-1] TRACE util.FileUtils (LogUtils.java:runAndLog(49)) - Successfully ran Files.delete /home/runner/work/ratis/ratis/ratis-test/target/test/data/b8de9602/MiniRaftClusterWithGrpcac948085/s1/e652f4e3-bbe7-406f-aff4-1d8cf138d879
2023-12-13 18:50:25,623 [grpc-default-executor-1] INFO  server.RaftServer$Division (RaftServerImpl.java:groupRemove(486)) - s1@group-1D8CF138D879: Succeed to remove RaftStorageDirectory Storage Directory /home/runner/work/ratis/ratis/ratis-test/target/test/data/b8de9602/MiniRaftClusterWithGrpcac948085/s1/e652f4e3-bbe7-406f-aff4-1d8cf138d879
2023-12-13 18:50:25,626 [Time-limited test] DEBUG client.RaftClient (ConfUtils.java:logGet(46)) - raft.rpc.type = GRPC (default)
2023-12-13 18:50:25,629 [grpc-default-executor-1] INFO  server.RaftServer (RaftServerProxy.java:remove(111)) - s2: remove  FOLLOWER s2@group-1D8CF138D879:t1, leader=s0, voted=s0, raftlog=Memoized:s2@group-1D8CF138D879-SegmentedRaftLog:OPENED:c0, conf=0: peers:[s3|0.0.0.0:38599, s4|0.0.0.0:45297, s0|0.0.0.0:43623, s1|0.0.0.0:37641, s2|0.0.0.0:44395]|listeners:[], old=null RUNNING
2023-12-13 18:50:25,629 [grpc-default-executor-1] INFO  server.RaftServer$Division (RaftServerImpl.java:lambda$close$3(516)) - s2@group-1D8CF138D879: shutdown
2023-12-13 18:50:25,629 [grpc-default-executor-1] INFO  util.JmxRegister (JmxRegister.java:unregister(73)) - Successfully un-registered JMX Bean with object name Ratis:service=RaftServer,group=group-1D8CF138D879,id=s2
2023-12-13 18:50:25,629 [grpc-default-executor-1] INFO  impl.RoleInfo (RoleInfo.java:shutdownFollowerState(110)) - s2: shutdown s2@group-1D8CF138D879-FollowerState
2023-12-13 18:50:25,629 [grpc-default-executor-1] INFO  impl.StateMachineUpdater (StateMachineUpdater.java:stopAndJoin(157)) - s2@group-1D8CF138D879-StateMachineUpdater: set stopIndex = 0
2023-12-13 18:50:25,629 [s2@group-1D8CF138D879-FollowerState] INFO  impl.FollowerState (FollowerState.java:run(152)) - s2@group-1D8CF138D879-FollowerState was interrupted
2023-12-13 18:50:25,630 [grpc-default-executor-1] INFO  server.RaftServer$Division (ServerState.java:close(423)) - s2@group-1D8CF138D879: applyIndex: 0
2023-12-13 18:50:25,630 [s2@group-1D8CF138D879-cacheEviction-AwaitToRun] INFO  util.AwaitToRun (AwaitToRun.java:run(49)) - s2@group-1D8CF138D879-cacheEviction-AwaitToRun-AwaitForSignal is interrupted
2023-12-13 18:50:26,622 [grpc-default-executor-1] INFO  segmented.SegmentedRaftLogWorker (SegmentedRaftLogWorker.java:close(245)) - s2@group-1D8CF138D879-SegmentedRaftLogWorker close()
2023-12-13 18:50:26,623 [grpc-default-executor-1] TRACE util.FileUtils (FileUtils.java:deleteFully(305)) - deleteFully /home/runner/work/ratis/ratis/ratis-test/target/test/data/b8de9602/MiniRaftClusterWithGrpcac948085/s2/e652f4e3-bbe7-406f-aff4-1d8cf138d879
2023-12-13 18:50:26,623 [grpc-default-executor-1] TRACE util.FileUtils (LogUtils.java:runAndLog(49)) - Successfully ran Files.delete /home/runner/work/ratis/ratis/ratis-test/target/test/data/b8de9602/MiniRaftClusterWithGrpcac948085/s2/e652f4e3-bbe7-406f-aff4-1d8cf138d879/in_use.lock
2023-12-13 18:50:26,623 [grpc-default-executor-1] TRACE util.FileUtils (LogUtils.java:runAndLog(49)) - Successfully ran Files.delete /home/runner/work/ratis/ratis/ratis-test/target/test/data/b8de9602/MiniRaftClusterWithGrpcac948085/s2/e652f4e3-bbe7-406f-aff4-1d8cf138d879/sm
2023-12-13 18:50:26,623 [grpc-default-executor-1] TRACE util.FileUtils (LogUtils.java:runAndLog(49)) - Successfully ran Files.delete /home/runner/work/ratis/ratis/ratis-test/target/test/data/b8de9602/MiniRaftClusterWithGrpcac948085/s2/e652f4e3-bbe7-406f-aff4-1d8cf138d879/current/raft-meta
2023-12-13 18:50:26,623 [grpc-default-executor-1] TRACE util.FileUtils (LogUtils.java:runAndLog(49)) - Successfully ran Files.delete /home/runner/work/ratis/ratis/ratis-test/target/test/data/b8de9602/MiniRaftClusterWithGrpcac948085/s2/e652f4e3-bbe7-406f-aff4-1d8cf138d879/current/log_inprogress_0
2023-12-13 18:50:26,623 [grpc-default-executor-1] TRACE util.FileUtils (LogUtils.java:runAndLog(49)) - Successfully ran Files.delete /home/runner/work/ratis/ratis/ratis-test/target/test/data/b8de9602/MiniRaftClusterWithGrpcac948085/s2/e652f4e3-bbe7-406f-aff4-1d8cf138d879/current/raft-meta.conf
2023-12-13 18:50:26,623 [grpc-default-executor-1] TRACE util.FileUtils (LogUtils.java:runAndLog(49)) - Successfully ran Files.delete /home/runner/work/ratis/ratis/ratis-test/target/test/data/b8de9602/MiniRaftClusterWithGrpcac948085/s2/e652f4e3-bbe7-406f-aff4-1d8cf138d879/current
2023-12-13 18:50:26,623 [grpc-default-executor-1] TRACE util.FileUtils (LogUtils.java:runAndLog(49)) - Successfully ran Files.delete /home/runner/work/ratis/ratis/ratis-test/target/test/data/b8de9602/MiniRaftClusterWithGrpcac948085/s2/e652f4e3-bbe7-406f-aff4-1d8cf138d879
2023-12-13 18:50:26,623 [grpc-default-executor-1] INFO  server.RaftServer$Division (RaftServerImpl.java:groupRemove(486)) - s2@group-1D8CF138D879: Succeed to remove RaftStorageDirectory Storage Directory /home/runner/work/ratis/ratis/ratis-test/target/test/data/b8de9602/MiniRaftClusterWithGrpcac948085/s2/e652f4e3-bbe7-406f-aff4-1d8cf138d879
2023-12-13 18:50:26,626 [Time-limited test] INFO  impl.GroupManagementBaseTest (GroupManagementBaseTest.java:runMultiGroupTest(299)) - 1) close printing group-FC6A756839F5
  s5:  RUNNING [
   FOLLOWER s5@group-9B3688799715:t0, leader=null, voted=, raftlog=Memoized:s5@group-9B3688799715-SegmentedRaftLog:OPENED:c-1, conf=-1: peers:[]|listeners:[], old=null STARTING
     LEADER s5@group-FC6A756839F5:t1, leader=s5, voted=s5, raftlog=Memoized:s5@group-FC6A756839F5-SegmentedRaftLog:OPENED:c0, conf=0: peers:[s5|0.0.0.0:44673, s6|0.0.0.0:34623, s7|0.0.0.0:45125]|listeners:[], old=null RUNNING] size=2
  s6:  RUNNING [
   FOLLOWER s6@group-9B3688799715:t0, leader=null, voted=, raftlog=Memoized:s6@group-9B3688799715-SegmentedRaftLog:OPENED:c-1, conf=-1: peers:[]|listeners:[], old=null STARTING
   FOLLOWER s6@group-FC6A756839F5:t1, leader=s5, voted=s5, raftlog=Memoized:s6@group-FC6A756839F5-SegmentedRaftLog:OPENED:c0, conf=0: peers:[s5|0.0.0.0:44673, s6|0.0.0.0:34623, s7|0.0.0.0:45125]|listeners:[], old=null RUNNING] size=2
  s7:  RUNNING [
   FOLLOWER s7@group-9B3688799715:t0, leader=null, voted=, raftlog=Memoized:s7@group-9B3688799715-SegmentedRaftLog:OPENED:c-1, conf=-1: peers:[]|listeners:[], old=null STARTING
   FOLLOWER s7@group-FC6A756839F5:t1, leader=s5, voted=s5, raftlog=Memoized:s7@group-FC6A756839F5-SegmentedRaftLog:OPENED:c0, conf=0: peers:[s5|0.0.0.0:44673, s6|0.0.0.0:34623, s7|0.0.0.0:45125]|listeners:[], old=null RUNNING] size=2
2023-12-13 18:50:26,626 [Time-limited test] DEBUG client.RaftClient (ConfUtils.java:logGet(46)) - raft.rpc.type = GRPC (default)
2023-12-13 18:50:26,629 [grpc-default-executor-1] INFO  server.RaftServer (RaftServerProxy.java:remove(111)) - s5: remove    LEADER s5@group-FC6A756839F5:t1, leader=s5, voted=s5, raftlog=Memoized:s5@group-FC6A756839F5-SegmentedRaftLog:OPENED:c0, conf=0: peers:[s5|0.0.0.0:44673, s6|0.0.0.0:34623, s7|0.0.0.0:45125]|listeners:[], old=null RUNNING
2023-12-13 18:50:26,630 [grpc-default-executor-1] INFO  server.RaftServer$Division (RaftServerImpl.java:lambda$close$3(516)) - s5@group-FC6A756839F5: shutdown
2023-12-13 18:50:26,630 [grpc-default-executor-1] INFO  util.JmxRegister (JmxRegister.java:unregister(73)) - Successfully un-registered JMX Bean with object name Ratis:service=RaftServer,group=group-FC6A756839F5,id=s5
2023-12-13 18:50:26,630 [grpc-default-executor-1] INFO  impl.RoleInfo (RoleInfo.java:shutdownLeaderState(94)) - s5: shutdown s5@group-FC6A756839F5-LeaderStateImpl
2023-12-13 18:50:26,630 [s5@group-FC6A756839F5->s7-GrpcLogAppender-LogAppenderDaemon] WARN  server.GrpcLogAppender (GrpcLogAppender.java:mayWait(279)) - s5@group-FC6A756839F5->s7-GrpcLogAppender: Wait interrupted by java.lang.InterruptedException
2023-12-13 18:50:26,630 [grpc-default-executor-1] INFO  impl.PendingRequests (PendingRequests.java:sendNotLeaderResponses(289)) - s5@group-FC6A756839F5-PendingRequests: sendNotLeaderResponses
2023-12-13 18:50:26,630 [s5@group-FC6A756839F5->s6-GrpcLogAppender-LogAppenderDaemon] WARN  server.GrpcLogAppender (GrpcLogAppender.java:mayWait(279)) - s5@group-FC6A756839F5->s6-GrpcLogAppender: Wait interrupted by java.lang.InterruptedException
2023-12-13 18:50:26,630 [grpc-default-executor-6] INFO  server.GrpcServerProtocolService (GrpcServerProtocolService.java:onCompleted(157)) - s7: Completed APPEND_ENTRIES, lastRequest: s5->s7#1-t1,previous=(t:0, i:0),leaderCommit=-1,initializing? false,entries: size=1, first=(t:1, i:0), CONFIGURATIONENTRY(current:id: "s5"
address: "0.0.0.0:44673"
clientAddress: "0.0.0.0:44673"
adminAddress: "0.0.0.0:44673"
startupRole: FOLLOWER
,id: "s6"
address: "0.0.0.0:34623"
clientAddress: "0.0.0.0:34623"
adminAddress: "0.0.0.0:34623"
startupRole: FOLLOWER
,id: "s7"
address: "0.0.0.0:45125"
clientAddress: "0.0.0.0:45125"
adminAddress: "0.0.0.0:45125"
startupRole: FOLLOWER
, old:)
2023-12-13 18:50:26,630 [grpc-default-executor-6] INFO  server.GrpcServerProtocolService (GrpcServerProtocolService.java:lambda$onCompleted$5(159)) - s7: Completed APPEND_ENTRIES, lastReply: null
2023-12-13 18:50:26,631 [grpc-default-executor-0] INFO  server.GrpcServerProtocolService (GrpcServerProtocolService.java:onCompleted(157)) - s6: Completed APPEND_ENTRIES, lastRequest: null
2023-12-13 18:50:26,631 [grpc-default-executor-0] INFO  server.GrpcServerProtocolService (GrpcServerProtocolService.java:lambda$onCompleted$5(159)) - s6: Completed APPEND_ENTRIES, lastReply: serverReply {
  requestorId: "s5"
  replyId: "s6"
  raftGroupId {
    id: "\004\017\020+\377\207J\334\272\366\374juh9\365"
  }
  callId: 12
  success: true
}
term: 1
nextIndex: 1
matchIndex: 18446744073709551615
isHearbeat: true

2023-12-13 18:50:26,631 [grpc-default-executor-9] INFO  server.GrpcServerProtocolService (GrpcServerProtocolService.java:onCompleted(157)) - s7: Completed APPEND_ENTRIES, lastRequest: null
2023-12-13 18:50:26,631 [grpc-default-executor-3] INFO  server.GrpcLogAppender (GrpcLogAppender.java:onCompleted(534)) - s5@group-FC6A756839F5->s7-AppendLogResponseHandler: follower responses appendEntries COMPLETED
2023-12-13 18:50:26,631 [grpc-default-executor-9] INFO  server.GrpcServerProtocolService (GrpcServerProtocolService.java:lambda$onCompleted$5(159)) - s7: Completed APPEND_ENTRIES, lastReply: serverReply {
  requestorId: "s5"
  replyId: "s7"
  raftGroupId {
    id: "\004\017\020+\377\207J\334\272\366\374juh9\365"
  }
  callId: 14
  success: true
}
term: 1
nextIndex: 1
matchIndex: 18446744073709551615
isHearbeat: true

2023-12-13 18:50:26,631 [grpc-default-executor-6] INFO  server.GrpcServerProtocolService (GrpcServerProtocolService.java:onCompleted(157)) - s6: Completed APPEND_ENTRIES, lastRequest: s5->s6#1-t1,previous=(t:0, i:0),leaderCommit=-1,initializing? false,entries: size=1, first=(t:1, i:0), CONFIGURATIONENTRY(current:id: "s5"
address: "0.0.0.0:44673"
clientAddress: "0.0.0.0:44673"
adminAddress: "0.0.0.0:44673"
startupRole: FOLLOWER
,id: "s6"
address: "0.0.0.0:34623"
clientAddress: "0.0.0.0:34623"
adminAddress: "0.0.0.0:34623"
startupRole: FOLLOWER
,id: "s7"
address: "0.0.0.0:45125"
clientAddress: "0.0.0.0:45125"
adminAddress: "0.0.0.0:45125"
startupRole: FOLLOWER
, old:)
2023-12-13 18:50:26,631 [grpc-default-executor-6] INFO  server.GrpcServerProtocolService (GrpcServerProtocolService.java:lambda$onCompleted$5(159)) - s6: Completed APPEND_ENTRIES, lastReply: null
2023-12-13 18:50:26,631 [grpc-default-executor-9] INFO  server.GrpcLogAppender (GrpcLogAppender.java:onCompleted(534)) - s5@group-FC6A756839F5->s6-AppendLogResponseHandler: follower responses appendEntries COMPLETED
2023-12-13 18:50:26,632 [grpc-default-executor-1] INFO  impl.StateMachineUpdater (StateMachineUpdater.java:stopAndJoin(157)) - s5@group-FC6A756839F5-StateMachineUpdater: set stopIndex = 0
2023-12-13 18:50:26,632 [grpc-default-executor-1] INFO  server.RaftServer$Division (ServerState.java:close(423)) - s5@group-FC6A756839F5: applyIndex: 0
2023-12-13 18:50:26,632 [s5@group-FC6A756839F5-cacheEviction-AwaitToRun] INFO  util.AwaitToRun (AwaitToRun.java:run(49)) - s5@group-FC6A756839F5-cacheEviction-AwaitToRun-AwaitForSignal is interrupted
2023-12-13 18:50:26,632 [grpc-default-executor-6] INFO  server.GrpcLogAppender (GrpcLogAppender.java:onCompleted(534)) - s5@group-FC6A756839F5->s6-AppendLogResponseHandler: follower responses appendEntries COMPLETED
2023-12-13 18:50:26,632 [grpc-default-executor-9] INFO  server.GrpcLogAppender (GrpcLogAppender.java:onCompleted(534)) - s5@group-FC6A756839F5->s7-AppendLogResponseHandler: follower responses appendEntries COMPLETED
2023-12-13 18:50:26,671 [grpc-default-executor-1] INFO  segmented.SegmentedRaftLogWorker (SegmentedRaftLogWorker.java:close(245)) - s5@group-FC6A756839F5-SegmentedRaftLogWorker close()
2023-12-13 18:50:26,672 [grpc-default-executor-1] TRACE util.FileUtils (FileUtils.java:deleteFully(305)) - deleteFully /home/runner/work/ratis/ratis/ratis-test/target/test/data/b8de9602/MiniRaftClusterWithGrpcac948085/s5/040f102b-ff87-4adc-baf6-fc6a756839f5
2023-12-13 18:50:26,672 [grpc-default-executor-1] TRACE util.FileUtils (LogUtils.java:runAndLog(49)) - Successfully ran Files.delete /home/runner/work/ratis/ratis/ratis-test/target/test/data/b8de9602/MiniRaftClusterWithGrpcac948085/s5/040f102b-ff87-4adc-baf6-fc6a756839f5/in_use.lock
2023-12-13 18:50:26,672 [grpc-default-executor-1] TRACE util.FileUtils (LogUtils.java:runAndLog(49)) - Successfully ran Files.delete /home/runner/work/ratis/ratis/ratis-test/target/test/data/b8de9602/MiniRaftClusterWithGrpcac948085/s5/040f102b-ff87-4adc-baf6-fc6a756839f5/sm
2023-12-13 18:50:26,672 [grpc-default-executor-1] TRACE util.FileUtils (LogUtils.java:runAndLog(49)) - Successfully ran Files.delete /home/runner/work/ratis/ratis/ratis-test/target/test/data/b8de9602/MiniRaftClusterWithGrpcac948085/s5/040f102b-ff87-4adc-baf6-fc6a756839f5/current/raft-meta
2023-12-13 18:50:26,673 [grpc-default-executor-1] TRACE util.FileUtils (LogUtils.java:runAndLog(49)) - Successfully ran Files.delete /home/runner/work/ratis/ratis/ratis-test/target/test/data/b8de9602/MiniRaftClusterWithGrpcac948085/s5/040f102b-ff87-4adc-baf6-fc6a756839f5/current/log_inprogress_0
2023-12-13 18:50:26,673 [grpc-default-executor-1] TRACE util.FileUtils (LogUtils.java:runAndLog(49)) - Successfully ran Files.delete /home/runner/work/ratis/ratis/ratis-test/target/test/data/b8de9602/MiniRaftClusterWithGrpcac948085/s5/040f102b-ff87-4adc-baf6-fc6a756839f5/current/raft-meta.conf
2023-12-13 18:50:26,673 [grpc-default-executor-1] TRACE util.FileUtils (LogUtils.java:runAndLog(49)) - Successfully ran Files.delete /home/runner/work/ratis/ratis/ratis-test/target/test/data/b8de9602/MiniRaftClusterWithGrpcac948085/s5/040f102b-ff87-4adc-baf6-fc6a756839f5/current
2023-12-13 18:50:26,673 [grpc-default-executor-1] TRACE util.FileUtils (LogUtils.java:runAndLog(49)) - Successfully ran Files.delete /home/runner/work/ratis/ratis/ratis-test/target/test/data/b8de9602/MiniRaftClusterWithGrpcac948085/s5/040f102b-ff87-4adc-baf6-fc6a756839f5
2023-12-13 18:50:26,673 [grpc-default-executor-1] INFO  server.RaftServer$Division (RaftServerImpl.java:groupRemove(486)) - s5@group-FC6A756839F5: Succeed to remove RaftStorageDirectory Storage Directory /home/runner/work/ratis/ratis/ratis-test/target/test/data/b8de9602/MiniRaftClusterWithGrpcac948085/s5/040f102b-ff87-4adc-baf6-fc6a756839f5
2023-12-13 18:50:26,675 [Time-limited test] DEBUG client.RaftClient (ConfUtils.java:logGet(46)) - raft.rpc.type = GRPC (default)
2023-12-13 18:50:26,678 [grpc-default-executor-1] INFO  server.RaftServer (RaftServerProxy.java:remove(111)) - s6: remove  FOLLOWER s6@group-FC6A756839F5:t1, leader=s5, voted=s5, raftlog=Memoized:s6@group-FC6A756839F5-SegmentedRaftLog:OPENED:c0, conf=0: peers:[s5|0.0.0.0:44673, s6|0.0.0.0:34623, s7|0.0.0.0:45125]|listeners:[], old=null RUNNING
2023-12-13 18:50:26,678 [grpc-default-executor-1] INFO  server.RaftServer$Division (RaftServerImpl.java:lambda$close$3(516)) - s6@group-FC6A756839F5: shutdown
2023-12-13 18:50:26,678 [grpc-default-executor-1] INFO  util.JmxRegister (JmxRegister.java:unregister(73)) - Successfully un-registered JMX Bean with object name Ratis:service=RaftServer,group=group-FC6A756839F5,id=s6
2023-12-13 18:50:26,678 [grpc-default-executor-1] INFO  impl.RoleInfo (RoleInfo.java:shutdownFollowerState(110)) - s6: shutdown s6@group-FC6A756839F5-FollowerState
2023-12-13 18:50:26,678 [grpc-default-executor-1] INFO  impl.StateMachineUpdater (StateMachineUpdater.java:stopAndJoin(157)) - s6@group-FC6A756839F5-StateMachineUpdater: set stopIndex = 0
2023-12-13 18:50:26,678 [s6@group-FC6A756839F5-FollowerState] INFO  impl.FollowerState (FollowerState.java:run(152)) - s6@group-FC6A756839F5-FollowerState was interrupted
2023-12-13 18:50:26,678 [grpc-default-executor-1] INFO  server.RaftServer$Division (ServerState.java:close(423)) - s6@group-FC6A756839F5: applyIndex: 0
2023-12-13 18:50:26,678 [s6@group-FC6A756839F5-cacheEviction-AwaitToRun] INFO  util.AwaitToRun (AwaitToRun.java:run(49)) - s6@group-FC6A756839F5-cacheEviction-AwaitToRun-AwaitForSignal is interrupted
2023-12-13 18:50:26,680 [grpc-default-executor-1] INFO  segmented.SegmentedRaftLogWorker (SegmentedRaftLogWorker.java:close(245)) - s6@group-FC6A756839F5-SegmentedRaftLogWorker close()
2023-12-13 18:50:26,681 [grpc-default-executor-1] TRACE util.FileUtils (FileUtils.java:deleteFully(305)) - deleteFully /home/runner/work/ratis/ratis/ratis-test/target/test/data/b8de9602/MiniRaftClusterWithGrpcac948085/s6/040f102b-ff87-4adc-baf6-fc6a756839f5
2023-12-13 18:50:26,681 [grpc-default-executor-1] TRACE util.FileUtils (LogUtils.java:runAndLog(49)) - Successfully ran Files.delete /home/runner/work/ratis/ratis/ratis-test/target/test/data/b8de9602/MiniRaftClusterWithGrpcac948085/s6/040f102b-ff87-4adc-baf6-fc6a756839f5/in_use.lock
2023-12-13 18:50:26,681 [grpc-default-executor-1] TRACE util.FileUtils (LogUtils.java:runAndLog(49)) - Successfully ran Files.delete /home/runner/work/ratis/ratis/ratis-test/target/test/data/b8de9602/MiniRaftClusterWithGrpcac948085/s6/040f102b-ff87-4adc-baf6-fc6a756839f5/sm
2023-12-13 18:50:26,681 [grpc-default-executor-1] TRACE util.FileUtils (LogUtils.java:runAndLog(49)) - Successfully ran Files.delete /home/runner/work/ratis/ratis/ratis-test/target/test/data/b8de9602/MiniRaftClusterWithGrpcac948085/s6/040f102b-ff87-4adc-baf6-fc6a756839f5/current/raft-meta
2023-12-13 18:50:26,681 [grpc-default-executor-1] TRACE util.FileUtils (LogUtils.java:runAndLog(49)) - Successfully ran Files.delete /home/runner/work/ratis/ratis/ratis-test/target/test/data/b8de9602/MiniRaftClusterWithGrpcac948085/s6/040f102b-ff87-4adc-baf6-fc6a756839f5/current/log_inprogress_0
2023-12-13 18:50:26,681 [grpc-default-executor-1] TRACE util.FileUtils (LogUtils.java:runAndLog(49)) - Successfully ran Files.delete /home/runner/work/ratis/ratis/ratis-test/target/test/data/b8de9602/MiniRaftClusterWithGrpcac948085/s6/040f102b-ff87-4adc-baf6-fc6a756839f5/current/raft-meta.conf
2023-12-13 18:50:26,681 [grpc-default-executor-1] TRACE util.FileUtils (LogUtils.java:runAndLog(49)) - Successfully ran Files.delete /home/runner/work/ratis/ratis/ratis-test/target/test/data/b8de9602/MiniRaftClusterWithGrpcac948085/s6/040f102b-ff87-4adc-baf6-fc6a756839f5/current
2023-12-13 18:50:26,681 [grpc-default-executor-1] TRACE util.FileUtils (LogUtils.java:runAndLog(49)) - Successfully ran Files.delete /home/runner/work/ratis/ratis/ratis-test/target/test/data/b8de9602/MiniRaftClusterWithGrpcac948085/s6/040f102b-ff87-4adc-baf6-fc6a756839f5
2023-12-13 18:50:26,681 [grpc-default-executor-1] INFO  server.RaftServer$Division (RaftServerImpl.java:groupRemove(486)) - s6@group-FC6A756839F5: Succeed to remove RaftStorageDirectory Storage Directory /home/runner/work/ratis/ratis/ratis-test/target/test/data/b8de9602/MiniRaftClusterWithGrpcac948085/s6/040f102b-ff87-4adc-baf6-fc6a756839f5
2023-12-13 18:50:26,686 [Time-limited test] DEBUG client.RaftClient (ConfUtils.java:logGet(46)) - raft.rpc.type = GRPC (default)
2023-12-13 18:50:26,689 [grpc-default-executor-1] INFO  server.RaftServer (RaftServerProxy.java:remove(111)) - s7: remove  FOLLOWER s7@group-FC6A756839F5:t1, leader=s5, voted=s5, raftlog=Memoized:s7@group-FC6A756839F5-SegmentedRaftLog:OPENED:c0, conf=0: peers:[s5|0.0.0.0:44673, s6|0.0.0.0:34623, s7|0.0.0.0:45125]|listeners:[], old=null RUNNING
2023-12-13 18:50:26,689 [grpc-default-executor-1] INFO  server.RaftServer$Division (RaftServerImpl.java:lambda$close$3(516)) - s7@group-FC6A756839F5: shutdown
2023-12-13 18:50:26,689 [grpc-default-executor-1] INFO  util.JmxRegister (JmxRegister.java:unregister(73)) - Successfully un-registered JMX Bean with object name Ratis:service=RaftServer,group=group-FC6A756839F5,id=s7
2023-12-13 18:50:26,689 [grpc-default-executor-1] INFO  impl.RoleInfo (RoleInfo.java:shutdownFollowerState(110)) - s7: shutdown s7@group-FC6A756839F5-FollowerState
2023-12-13 18:50:26,689 [grpc-default-executor-1] INFO  impl.StateMachineUpdater (StateMachineUpdater.java:stopAndJoin(157)) - s7@group-FC6A756839F5-StateMachineUpdater: set stopIndex = 0
2023-12-13 18:50:26,689 [s7@group-FC6A756839F5-FollowerState] INFO  impl.FollowerState (FollowerState.java:run(152)) - s7@group-FC6A756839F5-FollowerState was interrupted
2023-12-13 18:50:26,690 [grpc-default-executor-1] INFO  server.RaftServer$Division (ServerState.java:close(423)) - s7@group-FC6A756839F5: applyIndex: 0
2023-12-13 18:50:26,690 [s7@group-FC6A756839F5-cacheEviction-AwaitToRun] INFO  util.AwaitToRun (AwaitToRun.java:run(49)) - s7@group-FC6A756839F5-cacheEviction-AwaitToRun-AwaitForSignal is interrupted
2023-12-13 18:50:27,687 [grpc-default-executor-1] INFO  segmented.SegmentedRaftLogWorker (SegmentedRaftLogWorker.java:close(245)) - s7@group-FC6A756839F5-SegmentedRaftLogWorker close()
2023-12-13 18:50:27,687 [grpc-default-executor-1] TRACE util.FileUtils (FileUtils.java:deleteFully(305)) - deleteFully /home/runner/work/ratis/ratis/ratis-test/target/test/data/b8de9602/MiniRaftClusterWithGrpcac948085/s7/040f102b-ff87-4adc-baf6-fc6a756839f5
2023-12-13 18:50:27,688 [grpc-default-executor-1] TRACE util.FileUtils (LogUtils.java:runAndLog(49)) - Successfully ran Files.delete /home/runner/work/ratis/ratis/ratis-test/target/test/data/b8de9602/MiniRaftClusterWithGrpcac948085/s7/040f102b-ff87-4adc-baf6-fc6a756839f5/in_use.lock
2023-12-13 18:50:27,688 [grpc-default-executor-1] TRACE util.FileUtils (LogUtils.java:runAndLog(49)) - Successfully ran Files.delete /home/runner/work/ratis/ratis/ratis-test/target/test/data/b8de9602/MiniRaftClusterWithGrpcac948085/s7/040f102b-ff87-4adc-baf6-fc6a756839f5/sm
2023-12-13 18:50:27,688 [grpc-default-executor-1] TRACE util.FileUtils (LogUtils.java:runAndLog(49)) - Successfully ran Files.delete /home/runner/work/ratis/ratis/ratis-test/target/test/data/b8de9602/MiniRaftClusterWithGrpcac948085/s7/040f102b-ff87-4adc-baf6-fc6a756839f5/current/raft-meta
2023-12-13 18:50:27,688 [grpc-default-executor-1] TRACE util.FileUtils (LogUtils.java:runAndLog(49)) - Successfully ran Files.delete /home/runner/work/ratis/ratis/ratis-test/target/test/data/b8de9602/MiniRaftClusterWithGrpcac948085/s7/040f102b-ff87-4adc-baf6-fc6a756839f5/current/log_inprogress_0
2023-12-13 18:50:27,688 [grpc-default-executor-1] TRACE util.FileUtils (LogUtils.java:runAndLog(49)) - Successfully ran Files.delete /home/runner/work/ratis/ratis/ratis-test/target/test/data/b8de9602/MiniRaftClusterWithGrpcac948085/s7/040f102b-ff87-4adc-baf6-fc6a756839f5/current/raft-meta.conf
2023-12-13 18:50:27,688 [grpc-default-executor-1] TRACE util.FileUtils (LogUtils.java:runAndLog(49)) - Successfully ran Files.delete /home/runner/work/ratis/ratis/ratis-test/target/test/data/b8de9602/MiniRaftClusterWithGrpcac948085/s7/040f102b-ff87-4adc-baf6-fc6a756839f5/current
2023-12-13 18:50:27,688 [grpc-default-executor-1] TRACE util.FileUtils (LogUtils.java:runAndLog(49)) - Successfully ran Files.delete /home/runner/work/ratis/ratis/ratis-test/target/test/data/b8de9602/MiniRaftClusterWithGrpcac948085/s7/040f102b-ff87-4adc-baf6-fc6a756839f5
2023-12-13 18:50:27,688 [grpc-default-executor-1] INFO  server.RaftServer$Division (RaftServerImpl.java:groupRemove(486)) - s7@group-FC6A756839F5: Succeed to remove RaftStorageDirectory Storage Directory /home/runner/work/ratis/ratis/ratis-test/target/test/data/b8de9602/MiniRaftClusterWithGrpcac948085/s7/040f102b-ff87-4adc-baf6-fc6a756839f5
| MiniRaftClusterWithGrpc[5, 8, 9]chosen=2 | close groups | 120 |
2023-12-13 18:50:27,690 [Time-limited test] INFO  impl.GroupManagementBaseTest (GroupManagementBaseTest.java:runMultiGroupTest(316)) - close groups: printing ALL groups
  s3:  RUNNING  FOLLOWER s3@group-9B3688799715:t0, leader=null, voted=, raftlog=Memoized:s3@group-9B3688799715-SegmentedRaftLog:OPENED:c-1, conf=-1: peers:[]|listeners:[], old=null STARTING
  s4:  RUNNING  FOLLOWER s4@group-9B3688799715:t0, leader=null, voted=, raftlog=Memoized:s4@group-9B3688799715-SegmentedRaftLog:OPENED:c-1, conf=-1: peers:[]|listeners:[], old=null STARTING
  s5:  RUNNING  FOLLOWER s5@group-9B3688799715:t0, leader=null, voted=, raftlog=Memoized:s5@group-9B3688799715-SegmentedRaftLog:OPENED:c-1, conf=-1: peers:[]|listeners:[], old=null STARTING
  s6:  RUNNING  FOLLOWER s6@group-9B3688799715:t0, leader=null, voted=, raftlog=Memoized:s6@group-9B3688799715-SegmentedRaftLog:OPENED:c-1, conf=-1: peers:[]|listeners:[], old=null STARTING
  s7:  RUNNING  FOLLOWER s7@group-9B3688799715:t0, leader=null, voted=, raftlog=Memoized:s7@group-9B3688799715-SegmentedRaftLog:OPENED:c-1, conf=-1: peers:[]|listeners:[], old=null STARTING
  s8:  RUNNING [
   FOLLOWER s8@group-9B3688799715:t0, leader=null, voted=, raftlog=Memoized:s8@group-9B3688799715-SegmentedRaftLog:OPENED:c-1, conf=-1: peers:[]|listeners:[], old=null STARTING
     LEADER s8@group-5BB5DA552FF4:t1, leader=s8, voted=s8, raftlog=Memoized:s8@group-5BB5DA552FF4-SegmentedRaftLog:OPENED:c0, conf=0: peers:[s8|0.0.0.0:34827]|listeners:[], old=null RUNNING] size=2
  s0:  RUNNING  FOLLOWER s0@group-9B3688799715:t0, leader=null, voted=, raftlog=Memoized:s0@group-9B3688799715-SegmentedRaftLog:OPENED:c-1, conf=-1: peers:[]|listeners:[], old=null STARTING
  s1:  RUNNING  FOLLOWER s1@group-9B3688799715:t0, leader=null, voted=, raftlog=Memoized:s1@group-9B3688799715-SegmentedRaftLog:OPENED:c-1, conf=-1: peers:[]|listeners:[], old=null STARTING
  s2:  RUNNING  FOLLOWER s2@group-9B3688799715:t0, leader=null, voted=, raftlog=Memoized:s2@group-9B3688799715-SegmentedRaftLog:OPENED:c-1, conf=-1: peers:[]|listeners:[], old=null STARTING
2023-12-13 18:50:27,690 [Time-limited test] INFO  impl.GroupManagementBaseTest (GroupManagementBaseTest.java:runMultiGroupTest(322)) - 0) groupAdd: printing group-1D8CF138D879
2023-12-13 18:50:27,690 [Time-limited test] DEBUG client.RaftClient (ConfUtils.java:logGet(46)) - raft.rpc.type = GRPC (default)
2023-12-13 18:50:27,693 [grpc-default-executor-1] INFO  server.RaftServer (RaftServerProxy.java:addNew(100)) - s3: addNew group-5BB5DA552FF4:[] returns group-5BB5DA552FF4:java.util.concurrent.CompletableFuture@6547162c[Not completed]
2023-12-13 18:50:27,693 [s3-groupManagement] INFO  server.RaftServer$Division (RaftServerImpl.java:<init>(256)) - s3: new RaftServerImpl for group-5BB5DA552FF4:[] with BaseStateMachine:uninitialized
2023-12-13 18:50:27,693 [s3-groupManagement] INFO  server.RaftServerConfigKeys (ConfUtils.java:logGet(46)) - raft.server.rpc.timeout.min = 1500ms (custom)
2023-12-13 18:50:27,693 [s3-groupManagement] INFO  server.RaftServerConfigKeys (ConfUtils.java:logGet(46)) - raft.server.rpc.timeout.max = 2000ms (custom)
2023-12-13 18:50:27,693 [s3-groupManagement] INFO  server.RaftServerConfigKeys (ConfUtils.java:logGet(46)) - raft.server.rpc.sleep.time = 25ms (default)
2023-12-13 18:50:27,693 [s3-groupManagement] INFO  server.RaftServerConfigKeys (ConfUtils.java:logGet(46)) - raft.server.rpc.slowness.timeout = 60s (default)
2023-12-13 18:50:27,693 [s3-groupManagement] INFO  server.RaftServerConfigKeys (ConfUtils.java:logGet(46)) - raft.server.leaderelection.leader.step-down.wait-time = 10s (default)
2023-12-13 18:50:27,693 [s3-groupManagement] INFO  server.RaftServerConfigKeys (ConfUtils.java:logGet(46)) - raft.server.leaderelection.member.majority-add = false (default)
2023-12-13 18:50:27,693 [s3-groupManagement] INFO  server.RaftServerConfigKeys (ConfUtils.java:logGet(46)) - raft.server.sleep.deviation.threshold = 300ms (default)
2023-12-13 18:50:27,693 [s3-groupManagement] INFO  server.RaftServer$Division (ServerState.java:<init>(113)) - s3@group-5BB5DA552FF4: ConfigurationManager, init=-1: peers:[]|listeners:[], old=null, confs=<EMPTY_MAP>
2023-12-13 18:50:27,693 [s3-groupManagement] INFO  server.RaftServerConfigKeys (ConfUtils.java:logGet(46)) - raft.server.notification.no-leader.timeout = 60s (default)
2023-12-13 18:50:27,693 [s3-groupManagement] INFO  server.RaftServerConfigKeys (ConfUtils.java:logGet(46)) - raft.server.read.timeout = 10s (default)
2023-12-13 18:50:27,694 [s3-groupManagement] INFO  server.RaftServerConfigKeys (ConfUtils.java:logGet(46)) - raft.server.retrycache.expirytime = 60s (default)
2023-12-13 18:50:27,694 [s3-groupManagement] INFO  server.RaftServerConfigKeys (ConfUtils.java:logGet(46)) - raft.server.retrycache.statistics.expirytime = 100ms (default)
2023-12-13 18:50:27,694 [s3-groupManagement] INFO  server.RaftServerConfigKeys (ConfUtils.java:logGet(46)) - raft.server.read.option = DEFAULT (default)
2023-12-13 18:50:27,694 [s3-groupManagement] INFO  server.RaftServerConfigKeys (ConfUtils.java:logGet(46)) - raft.server.read.read-after-write-consistent.write-index-cache.expiry-time = 60s (default)
2023-12-13 18:50:27,694 [s3-groupManagement] INFO  server.RaftServerConfigKeys (ConfUtils.java:logGet(46)) - raft.server.rpc.request.timeout = 3000ms (default)
2023-12-13 18:50:27,694 [s3-groupManagement] INFO  server.RaftServerConfigKeys (ConfUtils.java:logGet(46)) - raft.server.log.appender.install.snapshot.enabled = true (default)
2023-12-13 18:50:27,694 [s3-groupManagement] INFO  server.RaftServerConfigKeys (ConfUtils.java:logGet(46)) - raft.server.threadpool.server.cached = true (default)
2023-12-13 18:50:27,694 [s3-groupManagement] INFO  server.RaftServerConfigKeys (ConfUtils.java:logGet(46)) - raft.server.threadpool.server.size = 0 (default)
2023-12-13 18:50:27,694 [s3-groupManagement] INFO  server.RaftServerConfigKeys (ConfUtils.java:logGet(46)) - raft.server.threadpool.client.cached = true (default)
2023-12-13 18:50:27,694 [s3-groupManagement] INFO  server.RaftServerConfigKeys (ConfUtils.java:logGet(46)) - raft.server.threadpool.client.size = 0 (default)
2023-12-13 18:50:27,694 [s3-groupManagement] DEBUG server.RaftServer (RaftServerProxy.java:lambda$groupAddAsync$13(507)) - s3: newImpl =      null s3@group-5BB5DA552FF4:t0, leader=null, voted=null, raftlog=UNINITIALIZED, conf=-1: peers:[]|listeners:[], old=null NEW
2023-12-13 18:50:27,694 [s3-groupManagement] INFO  server.RaftServerConfigKeys (ConfUtils.java:logGet(46)) - raft.server.storage.free-space.min = 0MB (=0) (default)
2023-12-13 18:50:27,694 [s3-groupManagement] INFO  server.RaftServerConfigKeys (ConfUtils.java:logGet(46)) - raft.server.log.corruption.policy = EXCEPTION (default)
2023-12-13 18:50:27,694 [s3-groupManagement] INFO  server.RaftServerConfigKeys (ConfUtils.java:logGet(46)) - raft.server.storage.dir = [/home/runner/work/ratis/ratis/ratis-test/target/test/data/b8de9602/MiniRaftClusterWithGrpcac948085/s3] (custom)
2023-12-13 18:50:27,695 [s3-groupManagement] INFO  storage.RaftStorageDirectory (RaftStorageDirectoryImpl.java:analyzeStorage(138)) - The storage directory /home/runner/work/ratis/ratis/ratis-test/target/test/data/b8de9602/MiniRaftClusterWithGrpcac948085/s3/d6b72674-aab5-4ca2-affe-5bb5da552ff4 does not exist. Creating ...
2023-12-13 18:50:27,695 [s3-groupManagement] TRACE util.FileUtils (LogUtils.java:runAndLog(49)) - Successfully ran Files.createDirectories /home/runner/work/ratis/ratis/ratis-test/target/test/data/b8de9602/MiniRaftClusterWithGrpcac948085/s3/d6b72674-aab5-4ca2-affe-5bb5da552ff4
2023-12-13 18:50:27,695 [s3-groupManagement] INFO  storage.RaftStorageDirectory (RaftStorageDirectoryImpl.java:tryLock(228)) - Lock on /home/runner/work/ratis/ratis/ratis-test/target/test/data/b8de9602/MiniRaftClusterWithGrpcac948085/s3/d6b72674-aab5-4ca2-affe-5bb5da552ff4/in_use.lock acquired by nodename 24599@fv-az743-812
2023-12-13 18:50:27,696 [s3-groupManagement] TRACE util.FileUtils (LogUtils.java:runAndLog(49)) - Successfully ran Files.createDirectories /home/runner/work/ratis/ratis/ratis-test/target/test/data/b8de9602/MiniRaftClusterWithGrpcac948085/s3/d6b72674-aab5-4ca2-affe-5bb5da552ff4/current
2023-12-13 18:50:27,696 [s3-groupManagement] TRACE util.FileUtils (LogUtils.java:runAndLog(49)) - Successfully ran Files.createDirectories /home/runner/work/ratis/ratis/ratis-test/target/test/data/b8de9602/MiniRaftClusterWithGrpcac948085/s3/d6b72674-aab5-4ca2-affe-5bb5da552ff4/sm
2023-12-13 18:50:27,696 [s3-groupManagement] TRACE util.FileUtils (LogUtils.java:supplyAndLog(69)) - Successfully supplied FileChannel.open /home/runner/work/ratis/ratis/ratis-test/target/test/data/b8de9602/MiniRaftClusterWithGrpcac948085/s3/d6b72674-aab5-4ca2-affe-5bb5da552ff4/current/raft-meta.tmp with options [CREATE, WRITE]: sun.nio.ch.FileChannelImpl@418c9230
2023-12-13 18:50:27,697 [s3-groupManagement] TRACE util.FileUtils (LogUtils.java:runAndLog(49)) - Successfully ran Atomic Files.move /home/runner/work/ratis/ratis/ratis-test/target/test/data/b8de9602/MiniRaftClusterWithGrpcac948085/s3/d6b72674-aab5-4ca2-affe-5bb5da552ff4/current/raft-meta.tmp to /home/runner/work/ratis/ratis/ratis-test/target/test/data/b8de9602/MiniRaftClusterWithGrpcac948085/s3/d6b72674-aab5-4ca2-affe-5bb5da552ff4/current/raft-meta with options [REPLACE_EXISTING]
2023-12-13 18:50:27,697 [s3-groupManagement] INFO  storage.RaftStorage (RaftStorageImpl.java:format(99)) - Storage directory /home/runner/work/ratis/ratis/ratis-test/target/test/data/b8de9602/MiniRaftClusterWithGrpcac948085/s3/d6b72674-aab5-4ca2-affe-5bb5da552ff4 has been successfully formatted.
2023-12-13 18:50:27,697 [s3-groupManagement] TRACE util.FileUtils (LogUtils.java:supplyAndLog(61)) - Failed to Files.newInputStream /home/runner/work/ratis/ratis/ratis-test/target/test/data/b8de9602/MiniRaftClusterWithGrpcac948085/s3/d6b72674-aab5-4ca2-affe-5bb5da552ff4/current/raft-meta.conf with options []
java.nio.file.NoSuchFileException: /home/runner/work/ratis/ratis/ratis-test/target/test/data/b8de9602/MiniRaftClusterWithGrpcac948085/s3/d6b72674-aab5-4ca2-affe-5bb5da552ff4/current/raft-meta.conf
	at java.base/sun.nio.fs.UnixException.translateToIOException(UnixException.java:92)
	at java.base/sun.nio.fs.UnixException.rethrowAsIOException(UnixException.java:111)
	at java.base/sun.nio.fs.UnixException.rethrowAsIOException(UnixException.java:116)
	at java.base/sun.nio.fs.UnixFileSystemProvider.newByteChannel(UnixFileSystemProvider.java:219)
	at java.base/java.nio.file.Files.newByteChannel(Files.java:371)
	at java.base/java.nio.file.Files.newByteChannel(Files.java:422)
	at java.base/java.nio.file.spi.FileSystemProvider.newInputStream(FileSystemProvider.java:420)
	at java.base/java.nio.file.Files.newInputStream(Files.java:156)
	at org.apache.ratis.util.FileUtils.lambda$newInputStream$2(FileUtils.java:73)
	at org.apache.ratis.util.LogUtils.supplyAndLog(LogUtils.java:58)
	at org.apache.ratis.util.FileUtils.newInputStream(FileUtils.java:72)
	at org.apache.ratis.util.FileUtils.newInputStream(FileUtils.java:68)
	at org.apache.ratis.server.storage.RaftStorageImpl.readRaftConfiguration(RaftStorageImpl.java:156)
	at org.apache.ratis.server.impl.ServerState.initialize(ServerState.java:141)
	at org.apache.ratis.server.impl.RaftServerImpl.start(RaftServerImpl.java:388)
	at org.apache.ratis.server.impl.RaftServerProxy.lambda$groupAddAsync$13(RaftServerProxy.java:509)
	at java.base/java.util.concurrent.CompletableFuture$UniApply.tryFire(CompletableFuture.java:642)
	at java.base/java.util.concurrent.CompletableFuture$Completion.run(CompletableFuture.java:478)
	at java.base/java.util.concurrent.ThreadPoolExecutor.runWorker(ThreadPoolExecutor.java:1128)
	at java.base/java.util.concurrent.ThreadPoolExecutor$Worker.run(ThreadPoolExecutor.java:628)
	at java.base/java.lang.Thread.run(Thread.java:829)
2023-12-13 18:50:27,697 [s3-groupManagement] INFO  server.RaftServerConfigKeys (ConfUtils.java:logGet(46)) - raft.server.log.use.memory = false (default)
2023-12-13 18:50:27,697 [s3-groupManagement] INFO  server.RaftServerConfigKeys (ConfUtils.java:logGet(46)) - raft.server.log.purge.gap = 1024 (default)
2023-12-13 18:50:27,697 [s3-groupManagement] INFO  server.RaftServerConfigKeys (ConfUtils.java:logGet(46)) - raft.server.log.appender.buffer.byte-limit = 4MB (=4194304) (default)
2023-12-13 18:50:27,697 [s3-groupManagement] INFO  server.RaftServerConfigKeys (ConfUtils.java:logGet(46)) - raft.server.log.statemachine.data.read.timeout = 1000ms (default)
2023-12-13 18:50:27,697 [s3-groupManagement] INFO  server.RaftServerConfigKeys (ConfUtils.java:logGet(46)) - raft.server.log.purge.preservation.log.num = 0 (default)
2023-12-13 18:50:27,697 [s3-groupManagement] INFO  server.RaftServerConfigKeys (ConfUtils.java:logGet(46)) - raft.server.log.segment.size.max = 32MB (=33554432) (default)
2023-12-13 18:50:27,697 [s3-groupManagement] INFO  server.RaftServerConfigKeys (ConfUtils.java:logGet(46)) - raft.server.log.segment.cache.num.max = 6 (default)
2023-12-13 18:50:27,697 [s3-groupManagement] INFO  server.RaftServerConfigKeys (ConfUtils.java:logGet(46)) - raft.server.log.segment.cache.size.max = 200MB (=209715200) (default)
2023-12-13 18:50:27,697 [s3-groupManagement] INFO  server.RaftServerConfigKeys (ConfUtils.java:logGet(46)) - raft.server.log.appender.buffer.byte-limit = 4MB (=4194304) (default)
2023-12-13 18:50:27,697 [s3-groupManagement] INFO  util.AwaitToRun (AwaitToRun.java:start(81)) - Thread[s3@group-5BB5DA552FF4-cacheEviction-AwaitToRun,5,main] started
2023-12-13 18:50:27,697 [s3-groupManagement] INFO  segmented.SegmentedRaftLogWorker (SegmentedRaftLogWorker.java:<init>(182)) - new s3@group-5BB5DA552FF4-SegmentedRaftLogWorker for RaftStorageImpl:Storage Directory /home/runner/work/ratis/ratis/ratis-test/target/test/data/b8de9602/MiniRaftClusterWithGrpcac948085/s3/d6b72674-aab5-4ca2-affe-5bb5da552ff4
2023-12-13 18:50:27,697 [s3-groupManagement] INFO  server.RaftServerConfigKeys (ConfUtils.java:logGet(46)) - raft.server.log.queue.byte-limit = 64MB (=67108864) (default)
2023-12-13 18:50:27,697 [s3-groupManagement] INFO  server.RaftServerConfigKeys (ConfUtils.java:logGet(46)) - raft.server.log.queue.element-limit = 4096 (default)
2023-12-13 18:50:27,697 [s3-groupManagement] INFO  server.RaftServerConfigKeys (ConfUtils.java:logGet(46)) - raft.server.log.segment.size.max = 32MB (=33554432) (default)
2023-12-13 18:50:27,697 [s3-groupManagement] INFO  server.RaftServerConfigKeys (ConfUtils.java:logGet(46)) - raft.server.log.preallocated.size = 4MB (=4194304) (default)
2023-12-13 18:50:27,697 [s3-groupManagement] INFO  server.RaftServerConfigKeys (ConfUtils.java:logGet(46)) - raft.server.log.force.sync.num = 128 (default)
2023-12-13 18:50:27,697 [s3-groupManagement] INFO  server.RaftServerConfigKeys (ConfUtils.java:logGet(46)) - raft.server.log.statemachine.data.sync = true (default)
2023-12-13 18:50:27,697 [s3-groupManagement] INFO  server.RaftServerConfigKeys (ConfUtils.java:logGet(46)) - raft.server.log.statemachine.data.sync.timeout = 10s (default)
2023-12-13 18:50:27,698 [s3-groupManagement] INFO  server.RaftServerConfigKeys (ConfUtils.java:logGet(46)) - raft.server.log.statemachine.data.sync.timeout.retry = -1 (default)
2023-12-13 18:50:27,698 [s3-groupManagement] INFO  server.RaftServerConfigKeys (ConfUtils.java:logGet(46)) - raft.server.log.write.buffer.size = 8MB (=8388608) (default)
2023-12-13 18:50:27,699 [s3-groupManagement] INFO  server.RaftServerConfigKeys (ConfUtils.java:logGet(46)) - raft.server.log.appender.buffer.byte-limit = 4MB (=4194304) (default)
2023-12-13 18:50:27,699 [s3-groupManagement] INFO  server.RaftServerConfigKeys (ConfUtils.java:logGet(46)) - raft.server.log.unsafe-flush.enabled = false (default)
2023-12-13 18:50:27,699 [s3-groupManagement] INFO  server.RaftServerConfigKeys (ConfUtils.java:logGet(46)) - raft.server.log.async-flush.enabled = false (default)
2023-12-13 18:50:27,699 [s3-groupManagement] INFO  server.RaftServerConfigKeys (ConfUtils.java:logGet(46)) - raft.server.log.statemachine.data.caching.enabled = false (default)
2023-12-13 18:50:27,699 [s3-groupManagement] INFO  segmented.SegmentedRaftLogWorker (SegmentedRaftLogWorker.java:lambda$new$0(134)) - s3@group-5BB5DA552FF4-SegmentedRaftLogWorker: flushIndex: setUnconditionally 0 -> -1
2023-12-13 18:50:27,699 [s3-groupManagement] INFO  segmented.SegmentedRaftLogWorker (SegmentedRaftLogWorker.java:lambda$new$0(134)) - s3@group-5BB5DA552FF4-SegmentedRaftLogWorker: safeCacheEvictIndex: setUnconditionally 0 -> -1
2023-12-13 18:50:27,699 [s3-groupManagement] INFO  server.RaftServer$Division (RaftServerImpl.java:start(398)) - s3@group-5BB5DA552FF4: start with initializing state, conf=-1: peers:[]|listeners:[], old=null
2023-12-13 18:50:27,699 [s3-groupManagement] INFO  server.RaftServer$Division (RaftServerImpl.java:setRole(379)) - s3@group-5BB5DA552FF4: changes role from      null to FOLLOWER at term 0 for startInitializing
2023-12-13 18:50:27,699 [s3-groupManagement] INFO  util.JmxRegister (JmxRegister.java:tryRegister(44)) - Successfully registered JMX Bean with object name Ratis:service=RaftServer,group=group-5BB5DA552FF4,id=s3
2023-12-13 18:50:27,699 [s3-groupManagement] INFO  server.RaftServerConfigKeys (ConfUtils.java:logGet(46)) - raft.server.snapshot.trigger-when-stop.enabled = true (default)
2023-12-13 18:50:27,699 [s3-groupManagement] INFO  server.RaftServerConfigKeys (ConfUtils.java:logGet(46)) - raft.server.snapshot.auto.trigger.enabled = false (default)
2023-12-13 18:50:27,699 [s3-groupManagement] INFO  server.RaftServerConfigKeys (ConfUtils.java:logGet(46)) - raft.server.snapshot.retention.file.num = -1 (default)
2023-12-13 18:50:27,699 [s3-groupManagement] INFO  server.RaftServerConfigKeys (ConfUtils.java:logGet(46)) - raft.server.log.purge.upto.snapshot.index = false (default)
2023-12-13 18:50:27,702 [Time-limited test] DEBUG client.RaftClient (ConfUtils.java:logGet(46)) - raft.rpc.type = GRPC (default)
2023-12-13 18:50:27,705 [grpc-default-executor-1] INFO  server.RaftServer (RaftServerProxy.java:addNew(100)) - s4: addNew group-5BB5DA552FF4:[] returns group-5BB5DA552FF4:java.util.concurrent.CompletableFuture@64af7012[Not completed]
2023-12-13 18:50:27,705 [s4-groupManagement] INFO  server.RaftServer$Division (RaftServerImpl.java:<init>(256)) - s4: new RaftServerImpl for group-5BB5DA552FF4:[] with BaseStateMachine:uninitialized
2023-12-13 18:50:27,705 [s4-groupManagement] INFO  server.RaftServerConfigKeys (ConfUtils.java:logGet(46)) - raft.server.rpc.timeout.min = 1500ms (custom)
2023-12-13 18:50:27,705 [s4-groupManagement] INFO  server.RaftServerConfigKeys (ConfUtils.java:logGet(46)) - raft.server.rpc.timeout.max = 2000ms (custom)
2023-12-13 18:50:27,705 [s4-groupManagement] INFO  server.RaftServerConfigKeys (ConfUtils.java:logGet(46)) - raft.server.rpc.sleep.time = 25ms (default)
2023-12-13 18:50:27,705 [s4-groupManagement] INFO  server.RaftServerConfigKeys (ConfUtils.java:logGet(46)) - raft.server.rpc.slowness.timeout = 60s (default)
2023-12-13 18:50:27,705 [s4-groupManagement] INFO  server.RaftServerConfigKeys (ConfUtils.java:logGet(46)) - raft.server.leaderelection.leader.step-down.wait-time = 10s (default)
2023-12-13 18:50:27,705 [s4-groupManagement] INFO  server.RaftServerConfigKeys (ConfUtils.java:logGet(46)) - raft.server.leaderelection.member.majority-add = false (default)
2023-12-13 18:50:27,705 [s4-groupManagement] INFO  server.RaftServerConfigKeys (ConfUtils.java:logGet(46)) - raft.server.sleep.deviation.threshold = 300ms (default)
2023-12-13 18:50:27,705 [s4-groupManagement] INFO  server.RaftServer$Division (ServerState.java:<init>(113)) - s4@group-5BB5DA552FF4: ConfigurationManager, init=-1: peers:[]|listeners:[], old=null, confs=<EMPTY_MAP>
2023-12-13 18:50:27,705 [s4-groupManagement] INFO  server.RaftServerConfigKeys (ConfUtils.java:logGet(46)) - raft.server.notification.no-leader.timeout = 60s (default)
2023-12-13 18:50:27,705 [s4-groupManagement] INFO  server.RaftServerConfigKeys (ConfUtils.java:logGet(46)) - raft.server.read.timeout = 10s (default)
2023-12-13 18:50:27,705 [s4-groupManagement] INFO  server.RaftServerConfigKeys (ConfUtils.java:logGet(46)) - raft.server.retrycache.expirytime = 60s (default)
2023-12-13 18:50:27,705 [s4-groupManagement] INFO  server.RaftServerConfigKeys (ConfUtils.java:logGet(46)) - raft.server.retrycache.statistics.expirytime = 100ms (default)
2023-12-13 18:50:27,705 [s4-groupManagement] INFO  server.RaftServerConfigKeys (ConfUtils.java:logGet(46)) - raft.server.read.option = DEFAULT (default)
2023-12-13 18:50:27,705 [s4-groupManagement] INFO  server.RaftServerConfigKeys (ConfUtils.java:logGet(46)) - raft.server.read.read-after-write-consistent.write-index-cache.expiry-time = 60s (default)
2023-12-13 18:50:27,706 [s4-groupManagement] INFO  server.RaftServerConfigKeys (ConfUtils.java:logGet(46)) - raft.server.rpc.request.timeout = 3000ms (default)
2023-12-13 18:50:27,706 [s4-groupManagement] INFO  server.RaftServerConfigKeys (ConfUtils.java:logGet(46)) - raft.server.log.appender.install.snapshot.enabled = true (default)
2023-12-13 18:50:27,706 [s4-groupManagement] INFO  server.RaftServerConfigKeys (ConfUtils.java:logGet(46)) - raft.server.threadpool.server.cached = true (default)
2023-12-13 18:50:27,706 [s4-groupManagement] INFO  server.RaftServerConfigKeys (ConfUtils.java:logGet(46)) - raft.server.threadpool.server.size = 0 (default)
2023-12-13 18:50:27,706 [s4-groupManagement] INFO  server.RaftServerConfigKeys (ConfUtils.java:logGet(46)) - raft.server.threadpool.client.cached = true (default)
2023-12-13 18:50:27,706 [s4-groupManagement] INFO  server.RaftServerConfigKeys (ConfUtils.java:logGet(46)) - raft.server.threadpool.client.size = 0 (default)
2023-12-13 18:50:27,706 [s4-groupManagement] DEBUG server.RaftServer (RaftServerProxy.java:lambda$groupAddAsync$13(507)) - s4: newImpl =      null s4@group-5BB5DA552FF4:t0, leader=null, voted=null, raftlog=UNINITIALIZED, conf=-1: peers:[]|listeners:[], old=null NEW
2023-12-13 18:50:27,706 [s4-groupManagement] INFO  server.RaftServerConfigKeys (ConfUtils.java:logGet(46)) - raft.server.storage.free-space.min = 0MB (=0) (default)
2023-12-13 18:50:27,706 [s4-groupManagement] INFO  server.RaftServerConfigKeys (ConfUtils.java:logGet(46)) - raft.server.log.corruption.policy = EXCEPTION (default)
2023-12-13 18:50:27,706 [s4-groupManagement] INFO  server.RaftServerConfigKeys (ConfUtils.java:logGet(46)) - raft.server.storage.dir = [/home/runner/work/ratis/ratis/ratis-test/target/test/data/b8de9602/MiniRaftClusterWithGrpcac948085/s4] (custom)
2023-12-13 18:50:27,706 [s4-groupManagement] INFO  storage.RaftStorageDirectory (RaftStorageDirectoryImpl.java:analyzeStorage(138)) - The storage directory /home/runner/work/ratis/ratis/ratis-test/target/test/data/b8de9602/MiniRaftClusterWithGrpcac948085/s4/d6b72674-aab5-4ca2-affe-5bb5da552ff4 does not exist. Creating ...
2023-12-13 18:50:27,706 [s4-groupManagement] TRACE util.FileUtils (LogUtils.java:runAndLog(49)) - Successfully ran Files.createDirectories /home/runner/work/ratis/ratis/ratis-test/target/test/data/b8de9602/MiniRaftClusterWithGrpcac948085/s4/d6b72674-aab5-4ca2-affe-5bb5da552ff4
2023-12-13 18:50:27,707 [s4-groupManagement] INFO  storage.RaftStorageDirectory (RaftStorageDirectoryImpl.java:tryLock(228)) - Lock on /home/runner/work/ratis/ratis/ratis-test/target/test/data/b8de9602/MiniRaftClusterWithGrpcac948085/s4/d6b72674-aab5-4ca2-affe-5bb5da552ff4/in_use.lock acquired by nodename 24599@fv-az743-812
2023-12-13 18:50:27,707 [s4-groupManagement] TRACE util.FileUtils (LogUtils.java:runAndLog(49)) - Successfully ran Files.createDirectories /home/runner/work/ratis/ratis/ratis-test/target/test/data/b8de9602/MiniRaftClusterWithGrpcac948085/s4/d6b72674-aab5-4ca2-affe-5bb5da552ff4/current
2023-12-13 18:50:27,707 [s4-groupManagement] TRACE util.FileUtils (LogUtils.java:runAndLog(49)) - Successfully ran Files.createDirectories /home/runner/work/ratis/ratis/ratis-test/target/test/data/b8de9602/MiniRaftClusterWithGrpcac948085/s4/d6b72674-aab5-4ca2-affe-5bb5da552ff4/sm
2023-12-13 18:50:27,707 [s4-groupManagement] TRACE util.FileUtils (LogUtils.java:supplyAndLog(69)) - Successfully supplied FileChannel.open /home/runner/work/ratis/ratis/ratis-test/target/test/data/b8de9602/MiniRaftClusterWithGrpcac948085/s4/d6b72674-aab5-4ca2-affe-5bb5da552ff4/current/raft-meta.tmp with options [CREATE, WRITE]: sun.nio.ch.FileChannelImpl@325c73d
2023-12-13 18:50:27,708 [s4-groupManagement] TRACE util.FileUtils (LogUtils.java:runAndLog(49)) - Successfully ran Atomic Files.move /home/runner/work/ratis/ratis/ratis-test/target/test/data/b8de9602/MiniRaftClusterWithGrpcac948085/s4/d6b72674-aab5-4ca2-affe-5bb5da552ff4/current/raft-meta.tmp to /home/runner/work/ratis/ratis/ratis-test/target/test/data/b8de9602/MiniRaftClusterWithGrpcac948085/s4/d6b72674-aab5-4ca2-affe-5bb5da552ff4/current/raft-meta with options [REPLACE_EXISTING]
2023-12-13 18:50:27,708 [s4-groupManagement] INFO  storage.RaftStorage (RaftStorageImpl.java:format(99)) - Storage directory /home/runner/work/ratis/ratis/ratis-test/target/test/data/b8de9602/MiniRaftClusterWithGrpcac948085/s4/d6b72674-aab5-4ca2-affe-5bb5da552ff4 has been successfully formatted.
2023-12-13 18:50:27,708 [s4-groupManagement] TRACE util.FileUtils (LogUtils.java:supplyAndLog(61)) - Failed to Files.newInputStream /home/runner/work/ratis/ratis/ratis-test/target/test/data/b8de9602/MiniRaftClusterWithGrpcac948085/s4/d6b72674-aab5-4ca2-affe-5bb5da552ff4/current/raft-meta.conf with options []
java.nio.file.NoSuchFileException: /home/runner/work/ratis/ratis/ratis-test/target/test/data/b8de9602/MiniRaftClusterWithGrpcac948085/s4/d6b72674-aab5-4ca2-affe-5bb5da552ff4/current/raft-meta.conf
	at java.base/sun.nio.fs.UnixException.translateToIOException(UnixException.java:92)
	at java.base/sun.nio.fs.UnixException.rethrowAsIOException(UnixException.java:111)
	at java.base/sun.nio.fs.UnixException.rethrowAsIOException(UnixException.java:116)
	at java.base/sun.nio.fs.UnixFileSystemProvider.newByteChannel(UnixFileSystemProvider.java:219)
	at java.base/java.nio.file.Files.newByteChannel(Files.java:371)
	at java.base/java.nio.file.Files.newByteChannel(Files.java:422)
	at java.base/java.nio.file.spi.FileSystemProvider.newInputStream(FileSystemProvider.java:420)
	at java.base/java.nio.file.Files.newInputStream(Files.java:156)
	at org.apache.ratis.util.FileUtils.lambda$newInputStream$2(FileUtils.java:73)
	at org.apache.ratis.util.LogUtils.supplyAndLog(LogUtils.java:58)
	at org.apache.ratis.util.FileUtils.newInputStream(FileUtils.java:72)
	at org.apache.ratis.util.FileUtils.newInputStream(FileUtils.java:68)
	at org.apache.ratis.server.storage.RaftStorageImpl.readRaftConfiguration(RaftStorageImpl.java:156)
	at org.apache.ratis.server.impl.ServerState.initialize(ServerState.java:141)
	at org.apache.ratis.server.impl.RaftServerImpl.start(RaftServerImpl.java:388)
	at org.apache.ratis.server.impl.RaftServerProxy.lambda$groupAddAsync$13(RaftServerProxy.java:509)
	at java.base/java.util.concurrent.CompletableFuture$UniApply.tryFire(CompletableFuture.java:642)
	at java.base/java.util.concurrent.CompletableFuture$Completion.run(CompletableFuture.java:478)
	at java.base/java.util.concurrent.ThreadPoolExecutor.runWorker(ThreadPoolExecutor.java:1128)
	at java.base/java.util.concurrent.ThreadPoolExecutor$Worker.run(ThreadPoolExecutor.java:628)
	at java.base/java.lang.Thread.run(Thread.java:829)
2023-12-13 18:50:27,708 [s4-groupManagement] INFO  server.RaftServerConfigKeys (ConfUtils.java:logGet(46)) - raft.server.log.use.memory = false (default)
2023-12-13 18:50:27,708 [s4-groupManagement] INFO  server.RaftServerConfigKeys (ConfUtils.java:logGet(46)) - raft.server.log.purge.gap = 1024 (default)
2023-12-13 18:50:27,708 [s4-groupManagement] INFO  server.RaftServerConfigKeys (ConfUtils.java:logGet(46)) - raft.server.log.appender.buffer.byte-limit = 4MB (=4194304) (default)
2023-12-13 18:50:27,708 [s4-groupManagement] INFO  server.RaftServerConfigKeys (ConfUtils.java:logGet(46)) - raft.server.log.statemachine.data.read.timeout = 1000ms (default)
2023-12-13 18:50:27,708 [s4-groupManagement] INFO  server.RaftServerConfigKeys (ConfUtils.java:logGet(46)) - raft.server.log.purge.preservation.log.num = 0 (default)
2023-12-13 18:50:27,708 [s4-groupManagement] INFO  server.RaftServerConfigKeys (ConfUtils.java:logGet(46)) - raft.server.log.segment.size.max = 32MB (=33554432) (default)
2023-12-13 18:50:27,708 [s4-groupManagement] INFO  server.RaftServerConfigKeys (ConfUtils.java:logGet(46)) - raft.server.log.segment.cache.num.max = 6 (default)
2023-12-13 18:50:27,708 [s4-groupManagement] INFO  server.RaftServerConfigKeys (ConfUtils.java:logGet(46)) - raft.server.log.segment.cache.size.max = 200MB (=209715200) (default)
2023-12-13 18:50:27,708 [s4-groupManagement] INFO  server.RaftServerConfigKeys (ConfUtils.java:logGet(46)) - raft.server.log.appender.buffer.byte-limit = 4MB (=4194304) (default)
2023-12-13 18:50:27,708 [s4-groupManagement] INFO  util.AwaitToRun (AwaitToRun.java:start(81)) - Thread[s4@group-5BB5DA552FF4-cacheEviction-AwaitToRun,5,main] started
2023-12-13 18:50:27,708 [s4-groupManagement] INFO  segmented.SegmentedRaftLogWorker (SegmentedRaftLogWorker.java:<init>(182)) - new s4@group-5BB5DA552FF4-SegmentedRaftLogWorker for RaftStorageImpl:Storage Directory /home/runner/work/ratis/ratis/ratis-test/target/test/data/b8de9602/MiniRaftClusterWithGrpcac948085/s4/d6b72674-aab5-4ca2-affe-5bb5da552ff4
2023-12-13 18:50:27,708 [s4-groupManagement] INFO  server.RaftServerConfigKeys (ConfUtils.java:logGet(46)) - raft.server.log.queue.byte-limit = 64MB (=67108864) (default)
2023-12-13 18:50:27,708 [s4-groupManagement] INFO  server.RaftServerConfigKeys (ConfUtils.java:logGet(46)) - raft.server.log.queue.element-limit = 4096 (default)
2023-12-13 18:50:27,708 [s4-groupManagement] INFO  server.RaftServerConfigKeys (ConfUtils.java:logGet(46)) - raft.server.log.segment.size.max = 32MB (=33554432) (default)
2023-12-13 18:50:27,708 [s4-groupManagement] INFO  server.RaftServerConfigKeys (ConfUtils.java:logGet(46)) - raft.server.log.preallocated.size = 4MB (=4194304) (default)
2023-12-13 18:50:27,708 [s4-groupManagement] INFO  server.RaftServerConfigKeys (ConfUtils.java:logGet(46)) - raft.server.log.force.sync.num = 128 (default)
2023-12-13 18:50:27,708 [s4-groupManagement] INFO  server.RaftServerConfigKeys (ConfUtils.java:logGet(46)) - raft.server.log.statemachine.data.sync = true (default)
2023-12-13 18:50:27,708 [s4-groupManagement] INFO  server.RaftServerConfigKeys (ConfUtils.java:logGet(46)) - raft.server.log.statemachine.data.sync.timeout = 10s (default)
2023-12-13 18:50:27,708 [s4-groupManagement] INFO  server.RaftServerConfigKeys (ConfUtils.java:logGet(46)) - raft.server.log.statemachine.data.sync.timeout.retry = -1 (default)
2023-12-13 18:50:27,709 [s4-groupManagement] INFO  server.RaftServerConfigKeys (ConfUtils.java:logGet(46)) - raft.server.log.write.buffer.size = 8MB (=8388608) (default)
2023-12-13 18:50:27,710 [s4-groupManagement] INFO  server.RaftServerConfigKeys (ConfUtils.java:logGet(46)) - raft.server.log.appender.buffer.byte-limit = 4MB (=4194304) (default)
2023-12-13 18:50:27,710 [s4-groupManagement] INFO  server.RaftServerConfigKeys (ConfUtils.java:logGet(46)) - raft.server.log.unsafe-flush.enabled = false (default)
2023-12-13 18:50:27,710 [s4-groupManagement] INFO  server.RaftServerConfigKeys (ConfUtils.java:logGet(46)) - raft.server.log.async-flush.enabled = false (default)
2023-12-13 18:50:27,710 [s4-groupManagement] INFO  server.RaftServerConfigKeys (ConfUtils.java:logGet(46)) - raft.server.log.statemachine.data.caching.enabled = false (default)
2023-12-13 18:50:27,710 [s4-groupManagement] INFO  segmented.SegmentedRaftLogWorker (SegmentedRaftLogWorker.java:lambda$new$0(134)) - s4@group-5BB5DA552FF4-SegmentedRaftLogWorker: flushIndex: setUnconditionally 0 -> -1
2023-12-13 18:50:27,710 [s4-groupManagement] INFO  segmented.SegmentedRaftLogWorker (SegmentedRaftLogWorker.java:lambda$new$0(134)) - s4@group-5BB5DA552FF4-SegmentedRaftLogWorker: safeCacheEvictIndex: setUnconditionally 0 -> -1
2023-12-13 18:50:27,710 [s4-groupManagement] INFO  server.RaftServer$Division (RaftServerImpl.java:start(398)) - s4@group-5BB5DA552FF4: start with initializing state, conf=-1: peers:[]|listeners:[], old=null
2023-12-13 18:50:27,710 [s4-groupManagement] INFO  server.RaftServer$Division (RaftServerImpl.java:setRole(379)) - s4@group-5BB5DA552FF4: changes role from      null to FOLLOWER at term 0 for startInitializing
2023-12-13 18:50:27,710 [s4-groupManagement] INFO  util.JmxRegister (JmxRegister.java:tryRegister(44)) - Successfully registered JMX Bean with object name Ratis:service=RaftServer,group=group-5BB5DA552FF4,id=s4
2023-12-13 18:50:27,710 [s4-groupManagement] INFO  server.RaftServerConfigKeys (ConfUtils.java:logGet(46)) - raft.server.snapshot.trigger-when-stop.enabled = true (default)
2023-12-13 18:50:27,710 [s4-groupManagement] INFO  server.RaftServerConfigKeys (ConfUtils.java:logGet(46)) - raft.server.snapshot.auto.trigger.enabled = false (default)
2023-12-13 18:50:27,710 [s4-groupManagement] INFO  server.RaftServerConfigKeys (ConfUtils.java:logGet(46)) - raft.server.snapshot.retention.file.num = -1 (default)
2023-12-13 18:50:27,710 [s4-groupManagement] INFO  server.RaftServerConfigKeys (ConfUtils.java:logGet(46)) - raft.server.log.purge.upto.snapshot.index = false (default)
2023-12-13 18:50:27,712 [Time-limited test] DEBUG client.RaftClient (ConfUtils.java:logGet(46)) - raft.rpc.type = GRPC (default)
2023-12-13 18:50:27,714 [grpc-default-executor-1] INFO  server.RaftServer (RaftServerProxy.java:addNew(100)) - s0: addNew group-5BB5DA552FF4:[] returns group-5BB5DA552FF4:java.util.concurrent.CompletableFuture@3245c36f[Not completed]
2023-12-13 18:50:27,714 [s0-groupManagement] INFO  server.RaftServer$Division (RaftServerImpl.java:<init>(256)) - s0: new RaftServerImpl for group-5BB5DA552FF4:[] with BaseStateMachine:uninitialized
2023-12-13 18:50:27,714 [s0-groupManagement] INFO  server.RaftServerConfigKeys (ConfUtils.java:logGet(46)) - raft.server.rpc.timeout.min = 1500ms (custom)
2023-12-13 18:50:27,714 [s0-groupManagement] INFO  server.RaftServerConfigKeys (ConfUtils.java:logGet(46)) - raft.server.rpc.timeout.max = 2000ms (custom)
2023-12-13 18:50:27,714 [s0-groupManagement] INFO  server.RaftServerConfigKeys (ConfUtils.java:logGet(46)) - raft.server.rpc.sleep.time = 25ms (default)
2023-12-13 18:50:27,715 [s0-groupManagement] INFO  server.RaftServerConfigKeys (ConfUtils.java:logGet(46)) - raft.server.rpc.slowness.timeout = 60s (default)
2023-12-13 18:50:27,715 [s0-groupManagement] INFO  server.RaftServerConfigKeys (ConfUtils.java:logGet(46)) - raft.server.leaderelection.leader.step-down.wait-time = 10s (default)
2023-12-13 18:50:27,715 [s0-groupManagement] INFO  server.RaftServerConfigKeys (ConfUtils.java:logGet(46)) - raft.server.leaderelection.member.majority-add = false (default)
2023-12-13 18:50:27,715 [s0-groupManagement] INFO  server.RaftServerConfigKeys (ConfUtils.java:logGet(46)) - raft.server.sleep.deviation.threshold = 300ms (default)
2023-12-13 18:50:27,715 [s0-groupManagement] INFO  server.RaftServer$Division (ServerState.java:<init>(113)) - s0@group-5BB5DA552FF4: ConfigurationManager, init=-1: peers:[]|listeners:[], old=null, confs=<EMPTY_MAP>
2023-12-13 18:50:27,715 [s0-groupManagement] INFO  server.RaftServerConfigKeys (ConfUtils.java:logGet(46)) - raft.server.notification.no-leader.timeout = 60s (default)
2023-12-13 18:50:27,715 [s0-groupManagement] INFO  server.RaftServerConfigKeys (ConfUtils.java:logGet(46)) - raft.server.read.timeout = 10s (default)
2023-12-13 18:50:27,715 [s0-groupManagement] INFO  server.RaftServerConfigKeys (ConfUtils.java:logGet(46)) - raft.server.retrycache.expirytime = 60s (default)
2023-12-13 18:50:27,715 [s0-groupManagement] INFO  server.RaftServerConfigKeys (ConfUtils.java:logGet(46)) - raft.server.retrycache.statistics.expirytime = 100ms (default)
2023-12-13 18:50:27,715 [s0-groupManagement] INFO  server.RaftServerConfigKeys (ConfUtils.java:logGet(46)) - raft.server.read.option = DEFAULT (default)
2023-12-13 18:50:27,715 [s0-groupManagement] INFO  server.RaftServerConfigKeys (ConfUtils.java:logGet(46)) - raft.server.read.read-after-write-consistent.write-index-cache.expiry-time = 60s (default)
2023-12-13 18:50:27,715 [s0-groupManagement] INFO  server.RaftServerConfigKeys (ConfUtils.java:logGet(46)) - raft.server.rpc.request.timeout = 3000ms (default)
2023-12-13 18:50:27,715 [s0-groupManagement] INFO  server.RaftServerConfigKeys (ConfUtils.java:logGet(46)) - raft.server.log.appender.install.snapshot.enabled = true (default)
2023-12-13 18:50:27,715 [s0-groupManagement] INFO  server.RaftServerConfigKeys (ConfUtils.java:logGet(46)) - raft.server.threadpool.server.cached = true (default)
2023-12-13 18:50:27,715 [s0-groupManagement] INFO  server.RaftServerConfigKeys (ConfUtils.java:logGet(46)) - raft.server.threadpool.server.size = 0 (default)
2023-12-13 18:50:27,715 [s0-groupManagement] INFO  server.RaftServerConfigKeys (ConfUtils.java:logGet(46)) - raft.server.threadpool.client.cached = true (default)
2023-12-13 18:50:27,715 [s0-groupManagement] INFO  server.RaftServerConfigKeys (ConfUtils.java:logGet(46)) - raft.server.threadpool.client.size = 0 (default)
2023-12-13 18:50:27,715 [s0-groupManagement] DEBUG server.RaftServer (RaftServerProxy.java:lambda$groupAddAsync$13(507)) - s0: newImpl =      null s0@group-5BB5DA552FF4:t0, leader=null, voted=null, raftlog=UNINITIALIZED, conf=-1: peers:[]|listeners:[], old=null NEW
2023-12-13 18:50:27,715 [s0-groupManagement] INFO  server.RaftServerConfigKeys (ConfUtils.java:logGet(46)) - raft.server.storage.free-space.min = 0MB (=0) (default)
2023-12-13 18:50:27,715 [s0-groupManagement] INFO  server.RaftServerConfigKeys (ConfUtils.java:logGet(46)) - raft.server.log.corruption.policy = EXCEPTION (default)
2023-12-13 18:50:27,715 [s0-groupManagement] INFO  server.RaftServerConfigKeys (ConfUtils.java:logGet(46)) - raft.server.storage.dir = [/home/runner/work/ratis/ratis/ratis-test/target/test/data/b8de9602/MiniRaftClusterWithGrpcac948085/s0] (custom)
2023-12-13 18:50:27,715 [s0-groupManagement] INFO  storage.RaftStorageDirectory (RaftStorageDirectoryImpl.java:analyzeStorage(138)) - The storage directory /home/runner/work/ratis/ratis/ratis-test/target/test/data/b8de9602/MiniRaftClusterWithGrpcac948085/s0/d6b72674-aab5-4ca2-affe-5bb5da552ff4 does not exist. Creating ...
2023-12-13 18:50:27,715 [s0-groupManagement] TRACE util.FileUtils (LogUtils.java:runAndLog(49)) - Successfully ran Files.createDirectories /home/runner/work/ratis/ratis/ratis-test/target/test/data/b8de9602/MiniRaftClusterWithGrpcac948085/s0/d6b72674-aab5-4ca2-affe-5bb5da552ff4
2023-12-13 18:50:27,716 [s0-groupManagement] INFO  storage.RaftStorageDirectory (RaftStorageDirectoryImpl.java:tryLock(228)) - Lock on /home/runner/work/ratis/ratis/ratis-test/target/test/data/b8de9602/MiniRaftClusterWithGrpcac948085/s0/d6b72674-aab5-4ca2-affe-5bb5da552ff4/in_use.lock acquired by nodename 24599@fv-az743-812
2023-12-13 18:50:27,716 [s0-groupManagement] TRACE util.FileUtils (LogUtils.java:runAndLog(49)) - Successfully ran Files.createDirectories /home/runner/work/ratis/ratis/ratis-test/target/test/data/b8de9602/MiniRaftClusterWithGrpcac948085/s0/d6b72674-aab5-4ca2-affe-5bb5da552ff4/current
2023-12-13 18:50:27,716 [s0-groupManagement] TRACE util.FileUtils (LogUtils.java:runAndLog(49)) - Successfully ran Files.createDirectories /home/runner/work/ratis/ratis/ratis-test/target/test/data/b8de9602/MiniRaftClusterWithGrpcac948085/s0/d6b72674-aab5-4ca2-affe-5bb5da552ff4/sm
2023-12-13 18:50:27,716 [s0-groupManagement] TRACE util.FileUtils (LogUtils.java:supplyAndLog(69)) - Successfully supplied FileChannel.open /home/runner/work/ratis/ratis/ratis-test/target/test/data/b8de9602/MiniRaftClusterWithGrpcac948085/s0/d6b72674-aab5-4ca2-affe-5bb5da552ff4/current/raft-meta.tmp with options [CREATE, WRITE]: sun.nio.ch.FileChannelImpl@560f759b
2023-12-13 18:50:27,717 [s0-groupManagement] TRACE util.FileUtils (LogUtils.java:runAndLog(49)) - Successfully ran Atomic Files.move /home/runner/work/ratis/ratis/ratis-test/target/test/data/b8de9602/MiniRaftClusterWithGrpcac948085/s0/d6b72674-aab5-4ca2-affe-5bb5da552ff4/current/raft-meta.tmp to /home/runner/work/ratis/ratis/ratis-test/target/test/data/b8de9602/MiniRaftClusterWithGrpcac948085/s0/d6b72674-aab5-4ca2-affe-5bb5da552ff4/current/raft-meta with options [REPLACE_EXISTING]
2023-12-13 18:50:27,717 [s0-groupManagement] INFO  storage.RaftStorage (RaftStorageImpl.java:format(99)) - Storage directory /home/runner/work/ratis/ratis/ratis-test/target/test/data/b8de9602/MiniRaftClusterWithGrpcac948085/s0/d6b72674-aab5-4ca2-affe-5bb5da552ff4 has been successfully formatted.
2023-12-13 18:50:27,717 [s0-groupManagement] TRACE util.FileUtils (LogUtils.java:supplyAndLog(61)) - Failed to Files.newInputStream /home/runner/work/ratis/ratis/ratis-test/target/test/data/b8de9602/MiniRaftClusterWithGrpcac948085/s0/d6b72674-aab5-4ca2-affe-5bb5da552ff4/current/raft-meta.conf with options []
java.nio.file.NoSuchFileException: /home/runner/work/ratis/ratis/ratis-test/target/test/data/b8de9602/MiniRaftClusterWithGrpcac948085/s0/d6b72674-aab5-4ca2-affe-5bb5da552ff4/current/raft-meta.conf
	at java.base/sun.nio.fs.UnixException.translateToIOException(UnixException.java:92)
	at java.base/sun.nio.fs.UnixException.rethrowAsIOException(UnixException.java:111)
	at java.base/sun.nio.fs.UnixException.rethrowAsIOException(UnixException.java:116)
	at java.base/sun.nio.fs.UnixFileSystemProvider.newByteChannel(UnixFileSystemProvider.java:219)
	at java.base/java.nio.file.Files.newByteChannel(Files.java:371)
	at java.base/java.nio.file.Files.newByteChannel(Files.java:422)
	at java.base/java.nio.file.spi.FileSystemProvider.newInputStream(FileSystemProvider.java:420)
	at java.base/java.nio.file.Files.newInputStream(Files.java:156)
	at org.apache.ratis.util.FileUtils.lambda$newInputStream$2(FileUtils.java:73)
	at org.apache.ratis.util.LogUtils.supplyAndLog(LogUtils.java:58)
	at org.apache.ratis.util.FileUtils.newInputStream(FileUtils.java:72)
	at org.apache.ratis.util.FileUtils.newInputStream(FileUtils.java:68)
	at org.apache.ratis.server.storage.RaftStorageImpl.readRaftConfiguration(RaftStorageImpl.java:156)
	at org.apache.ratis.server.impl.ServerState.initialize(ServerState.java:141)
	at org.apache.ratis.server.impl.RaftServerImpl.start(RaftServerImpl.java:388)
	at org.apache.ratis.server.impl.RaftServerProxy.lambda$groupAddAsync$13(RaftServerProxy.java:509)
	at java.base/java.util.concurrent.CompletableFuture$UniApply.tryFire(CompletableFuture.java:642)
	at java.base/java.util.concurrent.CompletableFuture$Completion.run(CompletableFuture.java:478)
	at java.base/java.util.concurrent.ThreadPoolExecutor.runWorker(ThreadPoolExecutor.java:1128)
	at java.base/java.util.concurrent.ThreadPoolExecutor$Worker.run(ThreadPoolExecutor.java:628)
	at java.base/java.lang.Thread.run(Thread.java:829)
2023-12-13 18:50:27,717 [s0-groupManagement] INFO  server.RaftServerConfigKeys (ConfUtils.java:logGet(46)) - raft.server.log.use.memory = false (default)
2023-12-13 18:50:27,717 [s0-groupManagement] INFO  server.RaftServerConfigKeys (ConfUtils.java:logGet(46)) - raft.server.log.purge.gap = 1024 (default)
2023-12-13 18:50:27,718 [s0-groupManagement] INFO  server.RaftServerConfigKeys (ConfUtils.java:logGet(46)) - raft.server.log.appender.buffer.byte-limit = 4MB (=4194304) (default)
2023-12-13 18:50:27,718 [s0-groupManagement] INFO  server.RaftServerConfigKeys (ConfUtils.java:logGet(46)) - raft.server.log.statemachine.data.read.timeout = 1000ms (default)
2023-12-13 18:50:27,718 [s0-groupManagement] INFO  server.RaftServerConfigKeys (ConfUtils.java:logGet(46)) - raft.server.log.purge.preservation.log.num = 0 (default)
2023-12-13 18:50:27,718 [s0-groupManagement] INFO  server.RaftServerConfigKeys (ConfUtils.java:logGet(46)) - raft.server.log.segment.size.max = 32MB (=33554432) (default)
2023-12-13 18:50:27,718 [s0-groupManagement] INFO  server.RaftServerConfigKeys (ConfUtils.java:logGet(46)) - raft.server.log.segment.cache.num.max = 6 (default)
2023-12-13 18:50:27,718 [s0-groupManagement] INFO  server.RaftServerConfigKeys (ConfUtils.java:logGet(46)) - raft.server.log.segment.cache.size.max = 200MB (=209715200) (default)
2023-12-13 18:50:27,718 [s0-groupManagement] INFO  server.RaftServerConfigKeys (ConfUtils.java:logGet(46)) - raft.server.log.appender.buffer.byte-limit = 4MB (=4194304) (default)
2023-12-13 18:50:27,718 [s0-groupManagement] INFO  util.AwaitToRun (AwaitToRun.java:start(81)) - Thread[s0@group-5BB5DA552FF4-cacheEviction-AwaitToRun,5,main] started
2023-12-13 18:50:27,718 [s0-groupManagement] INFO  segmented.SegmentedRaftLogWorker (SegmentedRaftLogWorker.java:<init>(182)) - new s0@group-5BB5DA552FF4-SegmentedRaftLogWorker for RaftStorageImpl:Storage Directory /home/runner/work/ratis/ratis/ratis-test/target/test/data/b8de9602/MiniRaftClusterWithGrpcac948085/s0/d6b72674-aab5-4ca2-affe-5bb5da552ff4
2023-12-13 18:50:27,718 [s0-groupManagement] INFO  server.RaftServerConfigKeys (ConfUtils.java:logGet(46)) - raft.server.log.queue.byte-limit = 64MB (=67108864) (default)
2023-12-13 18:50:27,718 [s0-groupManagement] INFO  server.RaftServerConfigKeys (ConfUtils.java:logGet(46)) - raft.server.log.queue.element-limit = 4096 (default)
2023-12-13 18:50:27,718 [s0-groupManagement] INFO  server.RaftServerConfigKeys (ConfUtils.java:logGet(46)) - raft.server.log.segment.size.max = 32MB (=33554432) (default)
2023-12-13 18:50:27,718 [s0-groupManagement] INFO  server.RaftServerConfigKeys (ConfUtils.java:logGet(46)) - raft.server.log.preallocated.size = 4MB (=4194304) (default)
2023-12-13 18:50:27,718 [s0-groupManagement] INFO  server.RaftServerConfigKeys (ConfUtils.java:logGet(46)) - raft.server.log.force.sync.num = 128 (default)
2023-12-13 18:50:27,718 [s0-groupManagement] INFO  server.RaftServerConfigKeys (ConfUtils.java:logGet(46)) - raft.server.log.statemachine.data.sync = true (default)
2023-12-13 18:50:27,718 [s0-groupManagement] INFO  server.RaftServerConfigKeys (ConfUtils.java:logGet(46)) - raft.server.log.statemachine.data.sync.timeout = 10s (default)
2023-12-13 18:50:27,718 [s0-groupManagement] INFO  server.RaftServerConfigKeys (ConfUtils.java:logGet(46)) - raft.server.log.statemachine.data.sync.timeout.retry = -1 (default)
2023-12-13 18:50:27,718 [s0-groupManagement] INFO  server.RaftServerConfigKeys (ConfUtils.java:logGet(46)) - raft.server.log.write.buffer.size = 8MB (=8388608) (default)
2023-12-13 18:50:27,719 [s0-groupManagement] INFO  server.RaftServerConfigKeys (ConfUtils.java:logGet(46)) - raft.server.log.appender.buffer.byte-limit = 4MB (=4194304) (default)
2023-12-13 18:50:27,719 [s0-groupManagement] INFO  server.RaftServerConfigKeys (ConfUtils.java:logGet(46)) - raft.server.log.unsafe-flush.enabled = false (default)
2023-12-13 18:50:27,719 [s0-groupManagement] INFO  server.RaftServerConfigKeys (ConfUtils.java:logGet(46)) - raft.server.log.async-flush.enabled = false (default)
2023-12-13 18:50:27,719 [s0-groupManagement] INFO  server.RaftServerConfigKeys (ConfUtils.java:logGet(46)) - raft.server.log.statemachine.data.caching.enabled = false (default)
2023-12-13 18:50:27,720 [s0-groupManagement] INFO  segmented.SegmentedRaftLogWorker (SegmentedRaftLogWorker.java:lambda$new$0(134)) - s0@group-5BB5DA552FF4-SegmentedRaftLogWorker: flushIndex: setUnconditionally 0 -> -1
2023-12-13 18:50:27,720 [s0-groupManagement] INFO  segmented.SegmentedRaftLogWorker (SegmentedRaftLogWorker.java:lambda$new$0(134)) - s0@group-5BB5DA552FF4-SegmentedRaftLogWorker: safeCacheEvictIndex: setUnconditionally 0 -> -1
2023-12-13 18:50:27,720 [s0-groupManagement] INFO  server.RaftServer$Division (RaftServerImpl.java:start(398)) - s0@group-5BB5DA552FF4: start with initializing state, conf=-1: peers:[]|listeners:[], old=null
2023-12-13 18:50:27,720 [s0-groupManagement] INFO  server.RaftServer$Division (RaftServerImpl.java:setRole(379)) - s0@group-5BB5DA552FF4: changes role from      null to FOLLOWER at term 0 for startInitializing
2023-12-13 18:50:27,720 [s0-groupManagement] INFO  util.JmxRegister (JmxRegister.java:tryRegister(44)) - Successfully registered JMX Bean with object name Ratis:service=RaftServer,group=group-5BB5DA552FF4,id=s0
2023-12-13 18:50:27,720 [s0-groupManagement] INFO  server.RaftServerConfigKeys (ConfUtils.java:logGet(46)) - raft.server.snapshot.trigger-when-stop.enabled = true (default)
2023-12-13 18:50:27,720 [s0-groupManagement] INFO  server.RaftServerConfigKeys (ConfUtils.java:logGet(46)) - raft.server.snapshot.auto.trigger.enabled = false (default)
2023-12-13 18:50:27,720 [s0-groupManagement] INFO  server.RaftServerConfigKeys (ConfUtils.java:logGet(46)) - raft.server.snapshot.retention.file.num = -1 (default)
2023-12-13 18:50:27,720 [s0-groupManagement] INFO  server.RaftServerConfigKeys (ConfUtils.java:logGet(46)) - raft.server.log.purge.upto.snapshot.index = false (default)
2023-12-13 18:50:27,722 [Time-limited test] DEBUG client.RaftClient (ConfUtils.java:logGet(46)) - raft.rpc.type = GRPC (default)
2023-12-13 18:50:27,724 [grpc-default-executor-1] INFO  server.RaftServer (RaftServerProxy.java:addNew(100)) - s1: addNew group-5BB5DA552FF4:[] returns group-5BB5DA552FF4:java.util.concurrent.CompletableFuture@3ac11d01[Not completed]
2023-12-13 18:50:27,725 [s1-groupManagement] INFO  server.RaftServer$Division (RaftServerImpl.java:<init>(256)) - s1: new RaftServerImpl for group-5BB5DA552FF4:[] with BaseStateMachine:uninitialized
2023-12-13 18:50:27,725 [s1-groupManagement] INFO  server.RaftServerConfigKeys (ConfUtils.java:logGet(46)) - raft.server.rpc.timeout.min = 1500ms (custom)
2023-12-13 18:50:27,725 [s1-groupManagement] INFO  server.RaftServerConfigKeys (ConfUtils.java:logGet(46)) - raft.server.rpc.timeout.max = 2000ms (custom)
2023-12-13 18:50:27,725 [s1-groupManagement] INFO  server.RaftServerConfigKeys (ConfUtils.java:logGet(46)) - raft.server.rpc.sleep.time = 25ms (default)
2023-12-13 18:50:27,725 [s1-groupManagement] INFO  server.RaftServerConfigKeys (ConfUtils.java:logGet(46)) - raft.server.rpc.slowness.timeout = 60s (default)
2023-12-13 18:50:27,725 [s1-groupManagement] INFO  server.RaftServerConfigKeys (ConfUtils.java:logGet(46)) - raft.server.leaderelection.leader.step-down.wait-time = 10s (default)
2023-12-13 18:50:27,725 [s1-groupManagement] INFO  server.RaftServerConfigKeys (ConfUtils.java:logGet(46)) - raft.server.leaderelection.member.majority-add = false (default)
2023-12-13 18:50:27,725 [s1-groupManagement] INFO  server.RaftServerConfigKeys (ConfUtils.java:logGet(46)) - raft.server.sleep.deviation.threshold = 300ms (default)
2023-12-13 18:50:27,725 [s1-groupManagement] INFO  server.RaftServer$Division (ServerState.java:<init>(113)) - s1@group-5BB5DA552FF4: ConfigurationManager, init=-1: peers:[]|listeners:[], old=null, confs=<EMPTY_MAP>
2023-12-13 18:50:27,725 [s1-groupManagement] INFO  server.RaftServerConfigKeys (ConfUtils.java:logGet(46)) - raft.server.notification.no-leader.timeout = 60s (default)
2023-12-13 18:50:27,725 [s1-groupManagement] INFO  server.RaftServerConfigKeys (ConfUtils.java:logGet(46)) - raft.server.read.timeout = 10s (default)
2023-12-13 18:50:27,725 [s1-groupManagement] INFO  server.RaftServerConfigKeys (ConfUtils.java:logGet(46)) - raft.server.retrycache.expirytime = 60s (default)
2023-12-13 18:50:27,725 [s1-groupManagement] INFO  server.RaftServerConfigKeys (ConfUtils.java:logGet(46)) - raft.server.retrycache.statistics.expirytime = 100ms (default)
2023-12-13 18:50:27,725 [s1-groupManagement] INFO  server.RaftServerConfigKeys (ConfUtils.java:logGet(46)) - raft.server.read.option = DEFAULT (default)
2023-12-13 18:50:27,725 [s1-groupManagement] INFO  server.RaftServerConfigKeys (ConfUtils.java:logGet(46)) - raft.server.read.read-after-write-consistent.write-index-cache.expiry-time = 60s (default)
2023-12-13 18:50:27,725 [s1-groupManagement] INFO  server.RaftServerConfigKeys (ConfUtils.java:logGet(46)) - raft.server.rpc.request.timeout = 3000ms (default)
2023-12-13 18:50:27,725 [s1-groupManagement] INFO  server.RaftServerConfigKeys (ConfUtils.java:logGet(46)) - raft.server.log.appender.install.snapshot.enabled = true (default)
2023-12-13 18:50:27,725 [s1-groupManagement] INFO  server.RaftServerConfigKeys (ConfUtils.java:logGet(46)) - raft.server.threadpool.server.cached = true (default)
2023-12-13 18:50:27,725 [s1-groupManagement] INFO  server.RaftServerConfigKeys (ConfUtils.java:logGet(46)) - raft.server.threadpool.server.size = 0 (default)
2023-12-13 18:50:27,725 [s1-groupManagement] INFO  server.RaftServerConfigKeys (ConfUtils.java:logGet(46)) - raft.server.threadpool.client.cached = true (default)
2023-12-13 18:50:27,725 [s1-groupManagement] INFO  server.RaftServerConfigKeys (ConfUtils.java:logGet(46)) - raft.server.threadpool.client.size = 0 (default)
2023-12-13 18:50:27,725 [s1-groupManagement] DEBUG server.RaftServer (RaftServerProxy.java:lambda$groupAddAsync$13(507)) - s1: newImpl =      null s1@group-5BB5DA552FF4:t0, leader=null, voted=null, raftlog=UNINITIALIZED, conf=-1: peers:[]|listeners:[], old=null NEW
2023-12-13 18:50:27,725 [s1-groupManagement] INFO  server.RaftServerConfigKeys (ConfUtils.java:logGet(46)) - raft.server.storage.free-space.min = 0MB (=0) (default)
2023-12-13 18:50:27,725 [s1-groupManagement] INFO  server.RaftServerConfigKeys (ConfUtils.java:logGet(46)) - raft.server.log.corruption.policy = EXCEPTION (default)
2023-12-13 18:50:27,725 [s1-groupManagement] INFO  server.RaftServerConfigKeys (ConfUtils.java:logGet(46)) - raft.server.storage.dir = [/home/runner/work/ratis/ratis/ratis-test/target/test/data/b8de9602/MiniRaftClusterWithGrpcac948085/s1] (custom)
2023-12-13 18:50:27,726 [s1-groupManagement] INFO  storage.RaftStorageDirectory (RaftStorageDirectoryImpl.java:analyzeStorage(138)) - The storage directory /home/runner/work/ratis/ratis/ratis-test/target/test/data/b8de9602/MiniRaftClusterWithGrpcac948085/s1/d6b72674-aab5-4ca2-affe-5bb5da552ff4 does not exist. Creating ...
2023-12-13 18:50:27,726 [s1-groupManagement] TRACE util.FileUtils (LogUtils.java:runAndLog(49)) - Successfully ran Files.createDirectories /home/runner/work/ratis/ratis/ratis-test/target/test/data/b8de9602/MiniRaftClusterWithGrpcac948085/s1/d6b72674-aab5-4ca2-affe-5bb5da552ff4
2023-12-13 18:50:27,726 [s1-groupManagement] INFO  storage.RaftStorageDirectory (RaftStorageDirectoryImpl.java:tryLock(228)) - Lock on /home/runner/work/ratis/ratis/ratis-test/target/test/data/b8de9602/MiniRaftClusterWithGrpcac948085/s1/d6b72674-aab5-4ca2-affe-5bb5da552ff4/in_use.lock acquired by nodename 24599@fv-az743-812
2023-12-13 18:50:27,726 [s1-groupManagement] TRACE util.FileUtils (LogUtils.java:runAndLog(49)) - Successfully ran Files.createDirectories /home/runner/work/ratis/ratis/ratis-test/target/test/data/b8de9602/MiniRaftClusterWithGrpcac948085/s1/d6b72674-aab5-4ca2-affe-5bb5da552ff4/current
2023-12-13 18:50:27,726 [s1-groupManagement] TRACE util.FileUtils (LogUtils.java:runAndLog(49)) - Successfully ran Files.createDirectories /home/runner/work/ratis/ratis/ratis-test/target/test/data/b8de9602/MiniRaftClusterWithGrpcac948085/s1/d6b72674-aab5-4ca2-affe-5bb5da552ff4/sm
2023-12-13 18:50:27,727 [s1-groupManagement] TRACE util.FileUtils (LogUtils.java:supplyAndLog(69)) - Successfully supplied FileChannel.open /home/runner/work/ratis/ratis/ratis-test/target/test/data/b8de9602/MiniRaftClusterWithGrpcac948085/s1/d6b72674-aab5-4ca2-affe-5bb5da552ff4/current/raft-meta.tmp with options [CREATE, WRITE]: sun.nio.ch.FileChannelImpl@1c0a3f7e
2023-12-13 18:50:27,727 [s1-groupManagement] TRACE util.FileUtils (LogUtils.java:runAndLog(49)) - Successfully ran Atomic Files.move /home/runner/work/ratis/ratis/ratis-test/target/test/data/b8de9602/MiniRaftClusterWithGrpcac948085/s1/d6b72674-aab5-4ca2-affe-5bb5da552ff4/current/raft-meta.tmp to /home/runner/work/ratis/ratis/ratis-test/target/test/data/b8de9602/MiniRaftClusterWithGrpcac948085/s1/d6b72674-aab5-4ca2-affe-5bb5da552ff4/current/raft-meta with options [REPLACE_EXISTING]
2023-12-13 18:50:27,727 [s1-groupManagement] INFO  storage.RaftStorage (RaftStorageImpl.java:format(99)) - Storage directory /home/runner/work/ratis/ratis/ratis-test/target/test/data/b8de9602/MiniRaftClusterWithGrpcac948085/s1/d6b72674-aab5-4ca2-affe-5bb5da552ff4 has been successfully formatted.
2023-12-13 18:50:27,727 [s1-groupManagement] TRACE util.FileUtils (LogUtils.java:supplyAndLog(61)) - Failed to Files.newInputStream /home/runner/work/ratis/ratis/ratis-test/target/test/data/b8de9602/MiniRaftClusterWithGrpcac948085/s1/d6b72674-aab5-4ca2-affe-5bb5da552ff4/current/raft-meta.conf with options []
java.nio.file.NoSuchFileException: /home/runner/work/ratis/ratis/ratis-test/target/test/data/b8de9602/MiniRaftClusterWithGrpcac948085/s1/d6b72674-aab5-4ca2-affe-5bb5da552ff4/current/raft-meta.conf
	at java.base/sun.nio.fs.UnixException.translateToIOException(UnixException.java:92)
	at java.base/sun.nio.fs.UnixException.rethrowAsIOException(UnixException.java:111)
	at java.base/sun.nio.fs.UnixException.rethrowAsIOException(UnixException.java:116)
	at java.base/sun.nio.fs.UnixFileSystemProvider.newByteChannel(UnixFileSystemProvider.java:219)
	at java.base/java.nio.file.Files.newByteChannel(Files.java:371)
	at java.base/java.nio.file.Files.newByteChannel(Files.java:422)
	at java.base/java.nio.file.spi.FileSystemProvider.newInputStream(FileSystemProvider.java:420)
	at java.base/java.nio.file.Files.newInputStream(Files.java:156)
	at org.apache.ratis.util.FileUtils.lambda$newInputStream$2(FileUtils.java:73)
	at org.apache.ratis.util.LogUtils.supplyAndLog(LogUtils.java:58)
	at org.apache.ratis.util.FileUtils.newInputStream(FileUtils.java:72)
	at org.apache.ratis.util.FileUtils.newInputStream(FileUtils.java:68)
	at org.apache.ratis.server.storage.RaftStorageImpl.readRaftConfiguration(RaftStorageImpl.java:156)
	at org.apache.ratis.server.impl.ServerState.initialize(ServerState.java:141)
	at org.apache.ratis.server.impl.RaftServerImpl.start(RaftServerImpl.java:388)
	at org.apache.ratis.server.impl.RaftServerProxy.lambda$groupAddAsync$13(RaftServerProxy.java:509)
	at java.base/java.util.concurrent.CompletableFuture$UniApply.tryFire(CompletableFuture.java:642)
	at java.base/java.util.concurrent.CompletableFuture$Completion.run(CompletableFuture.java:478)
	at java.base/java.util.concurrent.ThreadPoolExecutor.runWorker(ThreadPoolExecutor.java:1128)
	at java.base/java.util.concurrent.ThreadPoolExecutor$Worker.run(ThreadPoolExecutor.java:628)
	at java.base/java.lang.Thread.run(Thread.java:829)
2023-12-13 18:50:27,727 [s1-groupManagement] INFO  server.RaftServerConfigKeys (ConfUtils.java:logGet(46)) - raft.server.log.use.memory = false (default)
2023-12-13 18:50:27,728 [s1-groupManagement] INFO  server.RaftServerConfigKeys (ConfUtils.java:logGet(46)) - raft.server.log.purge.gap = 1024 (default)
2023-12-13 18:50:27,728 [s1-groupManagement] INFO  server.RaftServerConfigKeys (ConfUtils.java:logGet(46)) - raft.server.log.appender.buffer.byte-limit = 4MB (=4194304) (default)
2023-12-13 18:50:27,728 [s1-groupManagement] INFO  server.RaftServerConfigKeys (ConfUtils.java:logGet(46)) - raft.server.log.statemachine.data.read.timeout = 1000ms (default)
2023-12-13 18:50:27,728 [s1-groupManagement] INFO  server.RaftServerConfigKeys (ConfUtils.java:logGet(46)) - raft.server.log.purge.preservation.log.num = 0 (default)
2023-12-13 18:50:27,728 [s1-groupManagement] INFO  server.RaftServerConfigKeys (ConfUtils.java:logGet(46)) - raft.server.log.segment.size.max = 32MB (=33554432) (default)
2023-12-13 18:50:27,728 [s1-groupManagement] INFO  server.RaftServerConfigKeys (ConfUtils.java:logGet(46)) - raft.server.log.segment.cache.num.max = 6 (default)
2023-12-13 18:50:27,728 [s1-groupManagement] INFO  server.RaftServerConfigKeys (ConfUtils.java:logGet(46)) - raft.server.log.segment.cache.size.max = 200MB (=209715200) (default)
2023-12-13 18:50:27,728 [s1-groupManagement] INFO  server.RaftServerConfigKeys (ConfUtils.java:logGet(46)) - raft.server.log.appender.buffer.byte-limit = 4MB (=4194304) (default)
2023-12-13 18:50:27,728 [s1-groupManagement] INFO  util.AwaitToRun (AwaitToRun.java:start(81)) - Thread[s1@group-5BB5DA552FF4-cacheEviction-AwaitToRun,5,main] started
2023-12-13 18:50:27,728 [s1-groupManagement] INFO  segmented.SegmentedRaftLogWorker (SegmentedRaftLogWorker.java:<init>(182)) - new s1@group-5BB5DA552FF4-SegmentedRaftLogWorker for RaftStorageImpl:Storage Directory /home/runner/work/ratis/ratis/ratis-test/target/test/data/b8de9602/MiniRaftClusterWithGrpcac948085/s1/d6b72674-aab5-4ca2-affe-5bb5da552ff4
2023-12-13 18:50:27,728 [s1-groupManagement] INFO  server.RaftServerConfigKeys (ConfUtils.java:logGet(46)) - raft.server.log.queue.byte-limit = 64MB (=67108864) (default)
2023-12-13 18:50:27,728 [s1-groupManagement] INFO  server.RaftServerConfigKeys (ConfUtils.java:logGet(46)) - raft.server.log.queue.element-limit = 4096 (default)
2023-12-13 18:50:27,728 [s1-groupManagement] INFO  server.RaftServerConfigKeys (ConfUtils.java:logGet(46)) - raft.server.log.segment.size.max = 32MB (=33554432) (default)
2023-12-13 18:50:27,728 [s1-groupManagement] INFO  server.RaftServerConfigKeys (ConfUtils.java:logGet(46)) - raft.server.log.preallocated.size = 4MB (=4194304) (default)
2023-12-13 18:50:27,728 [s1-groupManagement] INFO  server.RaftServerConfigKeys (ConfUtils.java:logGet(46)) - raft.server.log.force.sync.num = 128 (default)
2023-12-13 18:50:27,728 [s1-groupManagement] INFO  server.RaftServerConfigKeys (ConfUtils.java:logGet(46)) - raft.server.log.statemachine.data.sync = true (default)
2023-12-13 18:50:27,728 [s1-groupManagement] INFO  server.RaftServerConfigKeys (ConfUtils.java:logGet(46)) - raft.server.log.statemachine.data.sync.timeout = 10s (default)
2023-12-13 18:50:27,728 [s1-groupManagement] INFO  server.RaftServerConfigKeys (ConfUtils.java:logGet(46)) - raft.server.log.statemachine.data.sync.timeout.retry = -1 (default)
2023-12-13 18:50:27,728 [s1-groupManagement] INFO  server.RaftServerConfigKeys (ConfUtils.java:logGet(46)) - raft.server.log.write.buffer.size = 8MB (=8388608) (default)
2023-12-13 18:50:27,729 [s1-groupManagement] INFO  server.RaftServerConfigKeys (ConfUtils.java:logGet(46)) - raft.server.log.appender.buffer.byte-limit = 4MB (=4194304) (default)
2023-12-13 18:50:27,729 [s1-groupManagement] INFO  server.RaftServerConfigKeys (ConfUtils.java:logGet(46)) - raft.server.log.unsafe-flush.enabled = false (default)
2023-12-13 18:50:27,729 [s1-groupManagement] INFO  server.RaftServerConfigKeys (ConfUtils.java:logGet(46)) - raft.server.log.async-flush.enabled = false (default)
2023-12-13 18:50:27,729 [s1-groupManagement] INFO  server.RaftServerConfigKeys (ConfUtils.java:logGet(46)) - raft.server.log.statemachine.data.caching.enabled = false (default)
2023-12-13 18:50:27,729 [s1-groupManagement] INFO  segmented.SegmentedRaftLogWorker (SegmentedRaftLogWorker.java:lambda$new$0(134)) - s1@group-5BB5DA552FF4-SegmentedRaftLogWorker: flushIndex: setUnconditionally 0 -> -1
2023-12-13 18:50:27,729 [s1-groupManagement] INFO  segmented.SegmentedRaftLogWorker (SegmentedRaftLogWorker.java:lambda$new$0(134)) - s1@group-5BB5DA552FF4-SegmentedRaftLogWorker: safeCacheEvictIndex: setUnconditionally 0 -> -1
2023-12-13 18:50:27,730 [s1-groupManagement] INFO  server.RaftServer$Division (RaftServerImpl.java:start(398)) - s1@group-5BB5DA552FF4: start with initializing state, conf=-1: peers:[]|listeners:[], old=null
2023-12-13 18:50:27,730 [s1-groupManagement] INFO  server.RaftServer$Division (RaftServerImpl.java:setRole(379)) - s1@group-5BB5DA552FF4: changes role from      null to FOLLOWER at term 0 for startInitializing
2023-12-13 18:50:27,730 [s1-groupManagement] INFO  util.JmxRegister (JmxRegister.java:tryRegister(44)) - Successfully registered JMX Bean with object name Ratis:service=RaftServer,group=group-5BB5DA552FF4,id=s1
2023-12-13 18:50:27,730 [s1-groupManagement] INFO  server.RaftServerConfigKeys (ConfUtils.java:logGet(46)) - raft.server.snapshot.trigger-when-stop.enabled = true (default)
2023-12-13 18:50:27,730 [s1-groupManagement] INFO  server.RaftServerConfigKeys (ConfUtils.java:logGet(46)) - raft.server.snapshot.auto.trigger.enabled = false (default)
2023-12-13 18:50:27,730 [s1-groupManagement] INFO  server.RaftServerConfigKeys (ConfUtils.java:logGet(46)) - raft.server.snapshot.retention.file.num = -1 (default)
2023-12-13 18:50:27,730 [s1-groupManagement] INFO  server.RaftServerConfigKeys (ConfUtils.java:logGet(46)) - raft.server.log.purge.upto.snapshot.index = false (default)
2023-12-13 18:50:27,732 [Time-limited test] DEBUG client.RaftClient (ConfUtils.java:logGet(46)) - raft.rpc.type = GRPC (default)
2023-12-13 18:50:27,734 [grpc-default-executor-1] INFO  server.RaftServer (RaftServerProxy.java:addNew(100)) - s2: addNew group-5BB5DA552FF4:[] returns group-5BB5DA552FF4:java.util.concurrent.CompletableFuture@585b31c0[Not completed]
2023-12-13 18:50:27,734 [s2-groupManagement] INFO  server.RaftServer$Division (RaftServerImpl.java:<init>(256)) - s2: new RaftServerImpl for group-5BB5DA552FF4:[] with BaseStateMachine:uninitialized
2023-12-13 18:50:27,734 [s2-groupManagement] INFO  server.RaftServerConfigKeys (ConfUtils.java:logGet(46)) - raft.server.rpc.timeout.min = 1500ms (custom)
2023-12-13 18:50:27,734 [s2-groupManagement] INFO  server.RaftServerConfigKeys (ConfUtils.java:logGet(46)) - raft.server.rpc.timeout.max = 2000ms (custom)
2023-12-13 18:50:27,735 [s2-groupManagement] INFO  server.RaftServerConfigKeys (ConfUtils.java:logGet(46)) - raft.server.rpc.sleep.time = 25ms (default)
2023-12-13 18:50:27,735 [s2-groupManagement] INFO  server.RaftServerConfigKeys (ConfUtils.java:logGet(46)) - raft.server.rpc.slowness.timeout = 60s (default)
2023-12-13 18:50:27,735 [s2-groupManagement] INFO  server.RaftServerConfigKeys (ConfUtils.java:logGet(46)) - raft.server.leaderelection.leader.step-down.wait-time = 10s (default)
2023-12-13 18:50:27,735 [s2-groupManagement] INFO  server.RaftServerConfigKeys (ConfUtils.java:logGet(46)) - raft.server.leaderelection.member.majority-add = false (default)
2023-12-13 18:50:27,735 [s2-groupManagement] INFO  server.RaftServerConfigKeys (ConfUtils.java:logGet(46)) - raft.server.sleep.deviation.threshold = 300ms (default)
2023-12-13 18:50:27,735 [s2-groupManagement] INFO  server.RaftServer$Division (ServerState.java:<init>(113)) - s2@group-5BB5DA552FF4: ConfigurationManager, init=-1: peers:[]|listeners:[], old=null, confs=<EMPTY_MAP>
2023-12-13 18:50:27,735 [s2-groupManagement] INFO  server.RaftServerConfigKeys (ConfUtils.java:logGet(46)) - raft.server.notification.no-leader.timeout = 60s (default)
2023-12-13 18:50:27,735 [s2-groupManagement] INFO  server.RaftServerConfigKeys (ConfUtils.java:logGet(46)) - raft.server.read.timeout = 10s (default)
2023-12-13 18:50:27,735 [s2-groupManagement] INFO  server.RaftServerConfigKeys (ConfUtils.java:logGet(46)) - raft.server.retrycache.expirytime = 60s (default)
2023-12-13 18:50:27,735 [s2-groupManagement] INFO  server.RaftServerConfigKeys (ConfUtils.java:logGet(46)) - raft.server.retrycache.statistics.expirytime = 100ms (default)
2023-12-13 18:50:27,735 [s2-groupManagement] INFO  server.RaftServerConfigKeys (ConfUtils.java:logGet(46)) - raft.server.read.option = DEFAULT (default)
2023-12-13 18:50:27,735 [s2-groupManagement] INFO  server.RaftServerConfigKeys (ConfUtils.java:logGet(46)) - raft.server.read.read-after-write-consistent.write-index-cache.expiry-time = 60s (default)
2023-12-13 18:50:27,735 [s2-groupManagement] INFO  server.RaftServerConfigKeys (ConfUtils.java:logGet(46)) - raft.server.rpc.request.timeout = 3000ms (default)
2023-12-13 18:50:27,735 [s2-groupManagement] INFO  server.RaftServerConfigKeys (ConfUtils.java:logGet(46)) - raft.server.log.appender.install.snapshot.enabled = true (default)
2023-12-13 18:50:27,735 [s2-groupManagement] INFO  server.RaftServerConfigKeys (ConfUtils.java:logGet(46)) - raft.server.threadpool.server.cached = true (default)
2023-12-13 18:50:27,735 [s2-groupManagement] INFO  server.RaftServerConfigKeys (ConfUtils.java:logGet(46)) - raft.server.threadpool.server.size = 0 (default)
2023-12-13 18:50:27,735 [s2-groupManagement] INFO  server.RaftServerConfigKeys (ConfUtils.java:logGet(46)) - raft.server.threadpool.client.cached = true (default)
2023-12-13 18:50:27,735 [s2-groupManagement] INFO  server.RaftServerConfigKeys (ConfUtils.java:logGet(46)) - raft.server.threadpool.client.size = 0 (default)
2023-12-13 18:50:27,735 [s2-groupManagement] DEBUG server.RaftServer (RaftServerProxy.java:lambda$groupAddAsync$13(507)) - s2: newImpl =      null s2@group-5BB5DA552FF4:t0, leader=null, voted=null, raftlog=UNINITIALIZED, conf=-1: peers:[]|listeners:[], old=null NEW
2023-12-13 18:50:27,735 [s2-groupManagement] INFO  server.RaftServerConfigKeys (ConfUtils.java:logGet(46)) - raft.server.storage.free-space.min = 0MB (=0) (default)
2023-12-13 18:50:27,735 [s2-groupManagement] INFO  server.RaftServerConfigKeys (ConfUtils.java:logGet(46)) - raft.server.log.corruption.policy = EXCEPTION (default)
2023-12-13 18:50:27,735 [s2-groupManagement] INFO  server.RaftServerConfigKeys (ConfUtils.java:logGet(46)) - raft.server.storage.dir = [/home/runner/work/ratis/ratis/ratis-test/target/test/data/b8de9602/MiniRaftClusterWithGrpcac948085/s2] (custom)
2023-12-13 18:50:27,735 [s2-groupManagement] INFO  storage.RaftStorageDirectory (RaftStorageDirectoryImpl.java:analyzeStorage(138)) - The storage directory /home/runner/work/ratis/ratis/ratis-test/target/test/data/b8de9602/MiniRaftClusterWithGrpcac948085/s2/d6b72674-aab5-4ca2-affe-5bb5da552ff4 does not exist. Creating ...
2023-12-13 18:50:27,735 [s2-groupManagement] TRACE util.FileUtils (LogUtils.java:runAndLog(49)) - Successfully ran Files.createDirectories /home/runner/work/ratis/ratis/ratis-test/target/test/data/b8de9602/MiniRaftClusterWithGrpcac948085/s2/d6b72674-aab5-4ca2-affe-5bb5da552ff4
2023-12-13 18:50:27,736 [s2-groupManagement] INFO  storage.RaftStorageDirectory (RaftStorageDirectoryImpl.java:tryLock(228)) - Lock on /home/runner/work/ratis/ratis/ratis-test/target/test/data/b8de9602/MiniRaftClusterWithGrpcac948085/s2/d6b72674-aab5-4ca2-affe-5bb5da552ff4/in_use.lock acquired by nodename 24599@fv-az743-812
2023-12-13 18:50:27,736 [s2-groupManagement] TRACE util.FileUtils (LogUtils.java:runAndLog(49)) - Successfully ran Files.createDirectories /home/runner/work/ratis/ratis/ratis-test/target/test/data/b8de9602/MiniRaftClusterWithGrpcac948085/s2/d6b72674-aab5-4ca2-affe-5bb5da552ff4/current
2023-12-13 18:50:27,736 [s2-groupManagement] TRACE util.FileUtils (LogUtils.java:runAndLog(49)) - Successfully ran Files.createDirectories /home/runner/work/ratis/ratis/ratis-test/target/test/data/b8de9602/MiniRaftClusterWithGrpcac948085/s2/d6b72674-aab5-4ca2-affe-5bb5da552ff4/sm
2023-12-13 18:50:27,736 [s2-groupManagement] TRACE util.FileUtils (LogUtils.java:supplyAndLog(69)) - Successfully supplied FileChannel.open /home/runner/work/ratis/ratis/ratis-test/target/test/data/b8de9602/MiniRaftClusterWithGrpcac948085/s2/d6b72674-aab5-4ca2-affe-5bb5da552ff4/current/raft-meta.tmp with options [CREATE, WRITE]: sun.nio.ch.FileChannelImpl@637b9dc3
2023-12-13 18:50:27,737 [s2-groupManagement] TRACE util.FileUtils (LogUtils.java:runAndLog(49)) - Successfully ran Atomic Files.move /home/runner/work/ratis/ratis/ratis-test/target/test/data/b8de9602/MiniRaftClusterWithGrpcac948085/s2/d6b72674-aab5-4ca2-affe-5bb5da552ff4/current/raft-meta.tmp to /home/runner/work/ratis/ratis/ratis-test/target/test/data/b8de9602/MiniRaftClusterWithGrpcac948085/s2/d6b72674-aab5-4ca2-affe-5bb5da552ff4/current/raft-meta with options [REPLACE_EXISTING]
2023-12-13 18:50:27,737 [s2-groupManagement] INFO  storage.RaftStorage (RaftStorageImpl.java:format(99)) - Storage directory /home/runner/work/ratis/ratis/ratis-test/target/test/data/b8de9602/MiniRaftClusterWithGrpcac948085/s2/d6b72674-aab5-4ca2-affe-5bb5da552ff4 has been successfully formatted.
2023-12-13 18:50:27,737 [s2-groupManagement] TRACE util.FileUtils (LogUtils.java:supplyAndLog(61)) - Failed to Files.newInputStream /home/runner/work/ratis/ratis/ratis-test/target/test/data/b8de9602/MiniRaftClusterWithGrpcac948085/s2/d6b72674-aab5-4ca2-affe-5bb5da552ff4/current/raft-meta.conf with options []
java.nio.file.NoSuchFileException: /home/runner/work/ratis/ratis/ratis-test/target/test/data/b8de9602/MiniRaftClusterWithGrpcac948085/s2/d6b72674-aab5-4ca2-affe-5bb5da552ff4/current/raft-meta.conf
	at java.base/sun.nio.fs.UnixException.translateToIOException(UnixException.java:92)
	at java.base/sun.nio.fs.UnixException.rethrowAsIOException(UnixException.java:111)
	at java.base/sun.nio.fs.UnixException.rethrowAsIOException(UnixException.java:116)
	at java.base/sun.nio.fs.UnixFileSystemProvider.newByteChannel(UnixFileSystemProvider.java:219)
	at java.base/java.nio.file.Files.newByteChannel(Files.java:371)
	at java.base/java.nio.file.Files.newByteChannel(Files.java:422)
	at java.base/java.nio.file.spi.FileSystemProvider.newInputStream(FileSystemProvider.java:420)
	at java.base/java.nio.file.Files.newInputStream(Files.java:156)
	at org.apache.ratis.util.FileUtils.lambda$newInputStream$2(FileUtils.java:73)
	at org.apache.ratis.util.LogUtils.supplyAndLog(LogUtils.java:58)
	at org.apache.ratis.util.FileUtils.newInputStream(FileUtils.java:72)
	at org.apache.ratis.util.FileUtils.newInputStream(FileUtils.java:68)
	at org.apache.ratis.server.storage.RaftStorageImpl.readRaftConfiguration(RaftStorageImpl.java:156)
	at org.apache.ratis.server.impl.ServerState.initialize(ServerState.java:141)
	at org.apache.ratis.server.impl.RaftServerImpl.start(RaftServerImpl.java:388)
	at org.apache.ratis.server.impl.RaftServerProxy.lambda$groupAddAsync$13(RaftServerProxy.java:509)
	at java.base/java.util.concurrent.CompletableFuture$UniApply.tryFire(CompletableFuture.java:642)
	at java.base/java.util.concurrent.CompletableFuture$Completion.run(CompletableFuture.java:478)
	at java.base/java.util.concurrent.ThreadPoolExecutor.runWorker(ThreadPoolExecutor.java:1128)
	at java.base/java.util.concurrent.ThreadPoolExecutor$Worker.run(ThreadPoolExecutor.java:628)
	at java.base/java.lang.Thread.run(Thread.java:829)
2023-12-13 18:50:27,737 [s2-groupManagement] INFO  server.RaftServerConfigKeys (ConfUtils.java:logGet(46)) - raft.server.log.use.memory = false (default)
2023-12-13 18:50:27,737 [s2-groupManagement] INFO  server.RaftServerConfigKeys (ConfUtils.java:logGet(46)) - raft.server.log.purge.gap = 1024 (default)
2023-12-13 18:50:27,737 [s2-groupManagement] INFO  server.RaftServerConfigKeys (ConfUtils.java:logGet(46)) - raft.server.log.appender.buffer.byte-limit = 4MB (=4194304) (default)
2023-12-13 18:50:27,737 [s2-groupManagement] INFO  server.RaftServerConfigKeys (ConfUtils.java:logGet(46)) - raft.server.log.statemachine.data.read.timeout = 1000ms (default)
2023-12-13 18:50:27,737 [s2-groupManagement] INFO  server.RaftServerConfigKeys (ConfUtils.java:logGet(46)) - raft.server.log.purge.preservation.log.num = 0 (default)
2023-12-13 18:50:27,738 [s2-groupManagement] INFO  server.RaftServerConfigKeys (ConfUtils.java:logGet(46)) - raft.server.log.segment.size.max = 32MB (=33554432) (default)
2023-12-13 18:50:27,738 [s2-groupManagement] INFO  server.RaftServerConfigKeys (ConfUtils.java:logGet(46)) - raft.server.log.segment.cache.num.max = 6 (default)
2023-12-13 18:50:27,738 [s2-groupManagement] INFO  server.RaftServerConfigKeys (ConfUtils.java:logGet(46)) - raft.server.log.segment.cache.size.max = 200MB (=209715200) (default)
2023-12-13 18:50:27,738 [s2-groupManagement] INFO  server.RaftServerConfigKeys (ConfUtils.java:logGet(46)) - raft.server.log.appender.buffer.byte-limit = 4MB (=4194304) (default)
2023-12-13 18:50:27,738 [s2-groupManagement] INFO  util.AwaitToRun (AwaitToRun.java:start(81)) - Thread[s2@group-5BB5DA552FF4-cacheEviction-AwaitToRun,5,main] started
2023-12-13 18:50:27,738 [s2-groupManagement] INFO  segmented.SegmentedRaftLogWorker (SegmentedRaftLogWorker.java:<init>(182)) - new s2@group-5BB5DA552FF4-SegmentedRaftLogWorker for RaftStorageImpl:Storage Directory /home/runner/work/ratis/ratis/ratis-test/target/test/data/b8de9602/MiniRaftClusterWithGrpcac948085/s2/d6b72674-aab5-4ca2-affe-5bb5da552ff4
2023-12-13 18:50:27,738 [s2-groupManagement] INFO  server.RaftServerConfigKeys (ConfUtils.java:logGet(46)) - raft.server.log.queue.byte-limit = 64MB (=67108864) (default)
2023-12-13 18:50:27,738 [s2-groupManagement] INFO  server.RaftServerConfigKeys (ConfUtils.java:logGet(46)) - raft.server.log.queue.element-limit = 4096 (default)
2023-12-13 18:50:27,738 [s2-groupManagement] INFO  server.RaftServerConfigKeys (ConfUtils.java:logGet(46)) - raft.server.log.segment.size.max = 32MB (=33554432) (default)
2023-12-13 18:50:27,738 [s2-groupManagement] INFO  server.RaftServerConfigKeys (ConfUtils.java:logGet(46)) - raft.server.log.preallocated.size = 4MB (=4194304) (default)
2023-12-13 18:50:27,738 [s2-groupManagement] INFO  server.RaftServerConfigKeys (ConfUtils.java:logGet(46)) - raft.server.log.force.sync.num = 128 (default)
2023-12-13 18:50:27,738 [s2-groupManagement] INFO  server.RaftServerConfigKeys (ConfUtils.java:logGet(46)) - raft.server.log.statemachine.data.sync = true (default)
2023-12-13 18:50:27,738 [s2-groupManagement] INFO  server.RaftServerConfigKeys (ConfUtils.java:logGet(46)) - raft.server.log.statemachine.data.sync.timeout = 10s (default)
2023-12-13 18:50:27,738 [s2-groupManagement] INFO  server.RaftServerConfigKeys (ConfUtils.java:logGet(46)) - raft.server.log.statemachine.data.sync.timeout.retry = -1 (default)
2023-12-13 18:50:27,738 [s2-groupManagement] INFO  server.RaftServerConfigKeys (ConfUtils.java:logGet(46)) - raft.server.log.write.buffer.size = 8MB (=8388608) (default)
2023-12-13 18:50:27,740 [s2-groupManagement] INFO  server.RaftServerConfigKeys (ConfUtils.java:logGet(46)) - raft.server.log.appender.buffer.byte-limit = 4MB (=4194304) (default)
2023-12-13 18:50:27,740 [s2-groupManagement] INFO  server.RaftServerConfigKeys (ConfUtils.java:logGet(46)) - raft.server.log.unsafe-flush.enabled = false (default)
2023-12-13 18:50:27,740 [s2-groupManagement] INFO  server.RaftServerConfigKeys (ConfUtils.java:logGet(46)) - raft.server.log.async-flush.enabled = false (default)
2023-12-13 18:50:27,740 [s2-groupManagement] INFO  server.RaftServerConfigKeys (ConfUtils.java:logGet(46)) - raft.server.log.statemachine.data.caching.enabled = false (default)
2023-12-13 18:50:27,740 [s2-groupManagement] INFO  segmented.SegmentedRaftLogWorker (SegmentedRaftLogWorker.java:lambda$new$0(134)) - s2@group-5BB5DA552FF4-SegmentedRaftLogWorker: flushIndex: setUnconditionally 0 -> -1
2023-12-13 18:50:27,740 [s2-groupManagement] INFO  segmented.SegmentedRaftLogWorker (SegmentedRaftLogWorker.java:lambda$new$0(134)) - s2@group-5BB5DA552FF4-SegmentedRaftLogWorker: safeCacheEvictIndex: setUnconditionally 0 -> -1
2023-12-13 18:50:27,740 [s2-groupManagement] INFO  server.RaftServer$Division (RaftServerImpl.java:start(398)) - s2@group-5BB5DA552FF4: start with initializing state, conf=-1: peers:[]|listeners:[], old=null
2023-12-13 18:50:27,740 [s2-groupManagement] INFO  server.RaftServer$Division (RaftServerImpl.java:setRole(379)) - s2@group-5BB5DA552FF4: changes role from      null to FOLLOWER at term 0 for startInitializing
2023-12-13 18:50:27,741 [s2-groupManagement] INFO  util.JmxRegister (JmxRegister.java:tryRegister(44)) - Successfully registered JMX Bean with object name Ratis:service=RaftServer,group=group-5BB5DA552FF4,id=s2
2023-12-13 18:50:27,741 [s2-groupManagement] INFO  server.RaftServerConfigKeys (ConfUtils.java:logGet(46)) - raft.server.snapshot.trigger-when-stop.enabled = true (default)
2023-12-13 18:50:27,741 [s2-groupManagement] INFO  server.RaftServerConfigKeys (ConfUtils.java:logGet(46)) - raft.server.snapshot.auto.trigger.enabled = false (default)
2023-12-13 18:50:27,741 [s2-groupManagement] INFO  server.RaftServerConfigKeys (ConfUtils.java:logGet(46)) - raft.server.snapshot.retention.file.num = -1 (default)
2023-12-13 18:50:27,741 [s2-groupManagement] INFO  server.RaftServerConfigKeys (ConfUtils.java:logGet(46)) - raft.server.log.purge.upto.snapshot.index = false (default)
2023-12-13 18:50:27,744 [Time-limited test] INFO  impl.GroupManagementBaseTest (GroupManagementBaseTest.java:runMultiGroupTest(322)) - 1) groupAdd: printing group-FC6A756839F5
2023-12-13 18:50:27,745 [Time-limited test] DEBUG client.RaftClient (ConfUtils.java:logGet(46)) - raft.rpc.type = GRPC (default)
2023-12-13 18:50:27,747 [grpc-default-executor-1] INFO  server.RaftServer (RaftServerProxy.java:addNew(100)) - s5: addNew group-5BB5DA552FF4:[] returns group-5BB5DA552FF4:java.util.concurrent.CompletableFuture@68910d7b[Not completed]
2023-12-13 18:50:27,747 [s5-groupManagement] INFO  server.RaftServer$Division (RaftServerImpl.java:<init>(256)) - s5: new RaftServerImpl for group-5BB5DA552FF4:[] with BaseStateMachine:uninitialized
2023-12-13 18:50:27,748 [s5-groupManagement] INFO  server.RaftServerConfigKeys (ConfUtils.java:logGet(46)) - raft.server.rpc.timeout.min = 1500ms (custom)
2023-12-13 18:50:27,748 [s5-groupManagement] INFO  server.RaftServerConfigKeys (ConfUtils.java:logGet(46)) - raft.server.rpc.timeout.max = 2000ms (custom)
2023-12-13 18:50:27,748 [s5-groupManagement] INFO  server.RaftServerConfigKeys (ConfUtils.java:logGet(46)) - raft.server.rpc.sleep.time = 25ms (default)
2023-12-13 18:50:27,748 [s5-groupManagement] INFO  server.RaftServerConfigKeys (ConfUtils.java:logGet(46)) - raft.server.rpc.slowness.timeout = 60s (default)
2023-12-13 18:50:27,748 [s5-groupManagement] INFO  server.RaftServerConfigKeys (ConfUtils.java:logGet(46)) - raft.server.leaderelection.leader.step-down.wait-time = 10s (default)
2023-12-13 18:50:27,748 [s5-groupManagement] INFO  server.RaftServerConfigKeys (ConfUtils.java:logGet(46)) - raft.server.leaderelection.member.majority-add = false (default)
2023-12-13 18:50:27,748 [s5-groupManagement] INFO  server.RaftServerConfigKeys (ConfUtils.java:logGet(46)) - raft.server.sleep.deviation.threshold = 300ms (default)
2023-12-13 18:50:27,748 [s5-groupManagement] INFO  server.RaftServer$Division (ServerState.java:<init>(113)) - s5@group-5BB5DA552FF4: ConfigurationManager, init=-1: peers:[]|listeners:[], old=null, confs=<EMPTY_MAP>
2023-12-13 18:50:27,748 [s5-groupManagement] INFO  server.RaftServerConfigKeys (ConfUtils.java:logGet(46)) - raft.server.notification.no-leader.timeout = 60s (default)
2023-12-13 18:50:27,748 [s5-groupManagement] INFO  server.RaftServerConfigKeys (ConfUtils.java:logGet(46)) - raft.server.read.timeout = 10s (default)
2023-12-13 18:50:27,748 [s5-groupManagement] INFO  server.RaftServerConfigKeys (ConfUtils.java:logGet(46)) - raft.server.retrycache.expirytime = 60s (default)
2023-12-13 18:50:27,748 [s5-groupManagement] INFO  server.RaftServerConfigKeys (ConfUtils.java:logGet(46)) - raft.server.retrycache.statistics.expirytime = 100ms (default)
2023-12-13 18:50:27,748 [s5-groupManagement] INFO  server.RaftServerConfigKeys (ConfUtils.java:logGet(46)) - raft.server.read.option = DEFAULT (default)
2023-12-13 18:50:27,748 [s5-groupManagement] INFO  server.RaftServerConfigKeys (ConfUtils.java:logGet(46)) - raft.server.read.read-after-write-consistent.write-index-cache.expiry-time = 60s (default)
2023-12-13 18:50:27,748 [s5-groupManagement] INFO  server.RaftServerConfigKeys (ConfUtils.java:logGet(46)) - raft.server.rpc.request.timeout = 3000ms (default)
2023-12-13 18:50:27,748 [s5-groupManagement] INFO  server.RaftServerConfigKeys (ConfUtils.java:logGet(46)) - raft.server.log.appender.install.snapshot.enabled = true (default)
2023-12-13 18:50:27,748 [s5-groupManagement] INFO  server.RaftServerConfigKeys (ConfUtils.java:logGet(46)) - raft.server.threadpool.server.cached = true (default)
2023-12-13 18:50:27,748 [s5-groupManagement] INFO  server.RaftServerConfigKeys (ConfUtils.java:logGet(46)) - raft.server.threadpool.server.size = 0 (default)
2023-12-13 18:50:27,748 [s5-groupManagement] INFO  server.RaftServerConfigKeys (ConfUtils.java:logGet(46)) - raft.server.threadpool.client.cached = true (default)
2023-12-13 18:50:27,748 [s5-groupManagement] INFO  server.RaftServerConfigKeys (ConfUtils.java:logGet(46)) - raft.server.threadpool.client.size = 0 (default)
2023-12-13 18:50:27,749 [s5-groupManagement] DEBUG server.RaftServer (RaftServerProxy.java:lambda$groupAddAsync$13(507)) - s5: newImpl =      null s5@group-5BB5DA552FF4:t0, leader=null, voted=null, raftlog=UNINITIALIZED, conf=-1: peers:[]|listeners:[], old=null NEW
2023-12-13 18:50:27,749 [s5-groupManagement] INFO  server.RaftServerConfigKeys (ConfUtils.java:logGet(46)) - raft.server.storage.free-space.min = 0MB (=0) (default)
2023-12-13 18:50:27,749 [s5-groupManagement] INFO  server.RaftServerConfigKeys (ConfUtils.java:logGet(46)) - raft.server.log.corruption.policy = EXCEPTION (default)
2023-12-13 18:50:27,749 [s5-groupManagement] INFO  server.RaftServerConfigKeys (ConfUtils.java:logGet(46)) - raft.server.storage.dir = [/home/runner/work/ratis/ratis/ratis-test/target/test/data/b8de9602/MiniRaftClusterWithGrpcac948085/s5] (custom)
2023-12-13 18:50:27,749 [s5-groupManagement] INFO  storage.RaftStorageDirectory (RaftStorageDirectoryImpl.java:analyzeStorage(138)) - The storage directory /home/runner/work/ratis/ratis/ratis-test/target/test/data/b8de9602/MiniRaftClusterWithGrpcac948085/s5/d6b72674-aab5-4ca2-affe-5bb5da552ff4 does not exist. Creating ...
2023-12-13 18:50:27,749 [s5-groupManagement] TRACE util.FileUtils (LogUtils.java:runAndLog(49)) - Successfully ran Files.createDirectories /home/runner/work/ratis/ratis/ratis-test/target/test/data/b8de9602/MiniRaftClusterWithGrpcac948085/s5/d6b72674-aab5-4ca2-affe-5bb5da552ff4
2023-12-13 18:50:27,750 [s5-groupManagement] INFO  storage.RaftStorageDirectory (RaftStorageDirectoryImpl.java:tryLock(228)) - Lock on /home/runner/work/ratis/ratis/ratis-test/target/test/data/b8de9602/MiniRaftClusterWithGrpcac948085/s5/d6b72674-aab5-4ca2-affe-5bb5da552ff4/in_use.lock acquired by nodename 24599@fv-az743-812
2023-12-13 18:50:27,750 [s5-groupManagement] TRACE util.FileUtils (LogUtils.java:runAndLog(49)) - Successfully ran Files.createDirectories /home/runner/work/ratis/ratis/ratis-test/target/test/data/b8de9602/MiniRaftClusterWithGrpcac948085/s5/d6b72674-aab5-4ca2-affe-5bb5da552ff4/current
2023-12-13 18:50:27,750 [s5-groupManagement] TRACE util.FileUtils (LogUtils.java:runAndLog(49)) - Successfully ran Files.createDirectories /home/runner/work/ratis/ratis/ratis-test/target/test/data/b8de9602/MiniRaftClusterWithGrpcac948085/s5/d6b72674-aab5-4ca2-affe-5bb5da552ff4/sm
2023-12-13 18:50:27,750 [s5-groupManagement] TRACE util.FileUtils (LogUtils.java:supplyAndLog(69)) - Successfully supplied FileChannel.open /home/runner/work/ratis/ratis/ratis-test/target/test/data/b8de9602/MiniRaftClusterWithGrpcac948085/s5/d6b72674-aab5-4ca2-affe-5bb5da552ff4/current/raft-meta.tmp with options [CREATE, WRITE]: sun.nio.ch.FileChannelImpl@1b3a8401
2023-12-13 18:50:27,751 [s5-groupManagement] TRACE util.FileUtils (LogUtils.java:runAndLog(49)) - Successfully ran Atomic Files.move /home/runner/work/ratis/ratis/ratis-test/target/test/data/b8de9602/MiniRaftClusterWithGrpcac948085/s5/d6b72674-aab5-4ca2-affe-5bb5da552ff4/current/raft-meta.tmp to /home/runner/work/ratis/ratis/ratis-test/target/test/data/b8de9602/MiniRaftClusterWithGrpcac948085/s5/d6b72674-aab5-4ca2-affe-5bb5da552ff4/current/raft-meta with options [REPLACE_EXISTING]
2023-12-13 18:50:27,751 [s5-groupManagement] INFO  storage.RaftStorage (RaftStorageImpl.java:format(99)) - Storage directory /home/runner/work/ratis/ratis/ratis-test/target/test/data/b8de9602/MiniRaftClusterWithGrpcac948085/s5/d6b72674-aab5-4ca2-affe-5bb5da552ff4 has been successfully formatted.
2023-12-13 18:50:27,751 [s5-groupManagement] TRACE util.FileUtils (LogUtils.java:supplyAndLog(61)) - Failed to Files.newInputStream /home/runner/work/ratis/ratis/ratis-test/target/test/data/b8de9602/MiniRaftClusterWithGrpcac948085/s5/d6b72674-aab5-4ca2-affe-5bb5da552ff4/current/raft-meta.conf with options []
java.nio.file.NoSuchFileException: /home/runner/work/ratis/ratis/ratis-test/target/test/data/b8de9602/MiniRaftClusterWithGrpcac948085/s5/d6b72674-aab5-4ca2-affe-5bb5da552ff4/current/raft-meta.conf
	at java.base/sun.nio.fs.UnixException.translateToIOException(UnixException.java:92)
	at java.base/sun.nio.fs.UnixException.rethrowAsIOException(UnixException.java:111)
	at java.base/sun.nio.fs.UnixException.rethrowAsIOException(UnixException.java:116)
	at java.base/sun.nio.fs.UnixFileSystemProvider.newByteChannel(UnixFileSystemProvider.java:219)
	at java.base/java.nio.file.Files.newByteChannel(Files.java:371)
	at java.base/java.nio.file.Files.newByteChannel(Files.java:422)
	at java.base/java.nio.file.spi.FileSystemProvider.newInputStream(FileSystemProvider.java:420)
	at java.base/java.nio.file.Files.newInputStream(Files.java:156)
	at org.apache.ratis.util.FileUtils.lambda$newInputStream$2(FileUtils.java:73)
	at org.apache.ratis.util.LogUtils.supplyAndLog(LogUtils.java:58)
	at org.apache.ratis.util.FileUtils.newInputStream(FileUtils.java:72)
	at org.apache.ratis.util.FileUtils.newInputStream(FileUtils.java:68)
	at org.apache.ratis.server.storage.RaftStorageImpl.readRaftConfiguration(RaftStorageImpl.java:156)
	at org.apache.ratis.server.impl.ServerState.initialize(ServerState.java:141)
	at org.apache.ratis.server.impl.RaftServerImpl.start(RaftServerImpl.java:388)
	at org.apache.ratis.server.impl.RaftServerProxy.lambda$groupAddAsync$13(RaftServerProxy.java:509)
	at java.base/java.util.concurrent.CompletableFuture$UniApply.tryFire(CompletableFuture.java:642)
	at java.base/java.util.concurrent.CompletableFuture$Completion.run(CompletableFuture.java:478)
	at java.base/java.util.concurrent.ThreadPoolExecutor.runWorker(ThreadPoolExecutor.java:1128)
	at java.base/java.util.concurrent.ThreadPoolExecutor$Worker.run(ThreadPoolExecutor.java:628)
	at java.base/java.lang.Thread.run(Thread.java:829)
2023-12-13 18:50:27,751 [s5-groupManagement] INFO  server.RaftServerConfigKeys (ConfUtils.java:logGet(46)) - raft.server.log.use.memory = false (default)
2023-12-13 18:50:27,751 [s5-groupManagement] INFO  server.RaftServerConfigKeys (ConfUtils.java:logGet(46)) - raft.server.log.purge.gap = 1024 (default)
2023-12-13 18:50:27,751 [s5-groupManagement] INFO  server.RaftServerConfigKeys (ConfUtils.java:logGet(46)) - raft.server.log.appender.buffer.byte-limit = 4MB (=4194304) (default)
2023-12-13 18:50:27,751 [s5-groupManagement] INFO  server.RaftServerConfigKeys (ConfUtils.java:logGet(46)) - raft.server.log.statemachine.data.read.timeout = 1000ms (default)
2023-12-13 18:50:27,751 [s5-groupManagement] INFO  server.RaftServerConfigKeys (ConfUtils.java:logGet(46)) - raft.server.log.purge.preservation.log.num = 0 (default)
2023-12-13 18:50:27,751 [s5-groupManagement] INFO  server.RaftServerConfigKeys (ConfUtils.java:logGet(46)) - raft.server.log.segment.size.max = 32MB (=33554432) (default)
2023-12-13 18:50:27,751 [s5-groupManagement] INFO  server.RaftServerConfigKeys (ConfUtils.java:logGet(46)) - raft.server.log.segment.cache.num.max = 6 (default)
2023-12-13 18:50:27,751 [s5-groupManagement] INFO  server.RaftServerConfigKeys (ConfUtils.java:logGet(46)) - raft.server.log.segment.cache.size.max = 200MB (=209715200) (default)
2023-12-13 18:50:27,752 [s5-groupManagement] INFO  server.RaftServerConfigKeys (ConfUtils.java:logGet(46)) - raft.server.log.appender.buffer.byte-limit = 4MB (=4194304) (default)
2023-12-13 18:50:27,752 [s5-groupManagement] INFO  util.AwaitToRun (AwaitToRun.java:start(81)) - Thread[s5@group-5BB5DA552FF4-cacheEviction-AwaitToRun,5,main] started
2023-12-13 18:50:27,752 [s5-groupManagement] INFO  segmented.SegmentedRaftLogWorker (SegmentedRaftLogWorker.java:<init>(182)) - new s5@group-5BB5DA552FF4-SegmentedRaftLogWorker for RaftStorageImpl:Storage Directory /home/runner/work/ratis/ratis/ratis-test/target/test/data/b8de9602/MiniRaftClusterWithGrpcac948085/s5/d6b72674-aab5-4ca2-affe-5bb5da552ff4
2023-12-13 18:50:27,752 [s5-groupManagement] INFO  server.RaftServerConfigKeys (ConfUtils.java:logGet(46)) - raft.server.log.queue.byte-limit = 64MB (=67108864) (default)
2023-12-13 18:50:27,752 [s5-groupManagement] INFO  server.RaftServerConfigKeys (ConfUtils.java:logGet(46)) - raft.server.log.queue.element-limit = 4096 (default)
2023-12-13 18:50:27,752 [s5-groupManagement] INFO  server.RaftServerConfigKeys (ConfUtils.java:logGet(46)) - raft.server.log.segment.size.max = 32MB (=33554432) (default)
2023-12-13 18:50:27,752 [s5-groupManagement] INFO  server.RaftServerConfigKeys (ConfUtils.java:logGet(46)) - raft.server.log.preallocated.size = 4MB (=4194304) (default)
2023-12-13 18:50:27,752 [s5-groupManagement] INFO  server.RaftServerConfigKeys (ConfUtils.java:logGet(46)) - raft.server.log.force.sync.num = 128 (default)
2023-12-13 18:50:27,752 [s5-groupManagement] INFO  server.RaftServerConfigKeys (ConfUtils.java:logGet(46)) - raft.server.log.statemachine.data.sync = true (default)
2023-12-13 18:50:27,752 [s5-groupManagement] INFO  server.RaftServerConfigKeys (ConfUtils.java:logGet(46)) - raft.server.log.statemachine.data.sync.timeout = 10s (default)
2023-12-13 18:50:27,752 [s5-groupManagement] INFO  server.RaftServerConfigKeys (ConfUtils.java:logGet(46)) - raft.server.log.statemachine.data.sync.timeout.retry = -1 (default)
2023-12-13 18:50:27,752 [s5-groupManagement] INFO  server.RaftServerConfigKeys (ConfUtils.java:logGet(46)) - raft.server.log.write.buffer.size = 8MB (=8388608) (default)
2023-12-13 18:50:27,753 [s5-groupManagement] INFO  server.RaftServerConfigKeys (ConfUtils.java:logGet(46)) - raft.server.log.appender.buffer.byte-limit = 4MB (=4194304) (default)
2023-12-13 18:50:27,753 [s5-groupManagement] INFO  server.RaftServerConfigKeys (ConfUtils.java:logGet(46)) - raft.server.log.unsafe-flush.enabled = false (default)
2023-12-13 18:50:27,753 [s5-groupManagement] INFO  server.RaftServerConfigKeys (ConfUtils.java:logGet(46)) - raft.server.log.async-flush.enabled = false (default)
2023-12-13 18:50:27,753 [s5-groupManagement] INFO  server.RaftServerConfigKeys (ConfUtils.java:logGet(46)) - raft.server.log.statemachine.data.caching.enabled = false (default)
2023-12-13 18:50:27,753 [s5-groupManagement] INFO  segmented.SegmentedRaftLogWorker (SegmentedRaftLogWorker.java:lambda$new$0(134)) - s5@group-5BB5DA552FF4-SegmentedRaftLogWorker: flushIndex: setUnconditionally 0 -> -1
2023-12-13 18:50:27,753 [s5-groupManagement] INFO  segmented.SegmentedRaftLogWorker (SegmentedRaftLogWorker.java:lambda$new$0(134)) - s5@group-5BB5DA552FF4-SegmentedRaftLogWorker: safeCacheEvictIndex: setUnconditionally 0 -> -1
2023-12-13 18:50:27,753 [s5-groupManagement] INFO  server.RaftServer$Division (RaftServerImpl.java:start(398)) - s5@group-5BB5DA552FF4: start with initializing state, conf=-1: peers:[]|listeners:[], old=null
2023-12-13 18:50:27,753 [s5-groupManagement] INFO  server.RaftServer$Division (RaftServerImpl.java:setRole(379)) - s5@group-5BB5DA552FF4: changes role from      null to FOLLOWER at term 0 for startInitializing
2023-12-13 18:50:27,754 [s5-groupManagement] INFO  util.JmxRegister (JmxRegister.java:tryRegister(44)) - Successfully registered JMX Bean with object name Ratis:service=RaftServer,group=group-5BB5DA552FF4,id=s5
2023-12-13 18:50:27,754 [s5-groupManagement] INFO  server.RaftServerConfigKeys (ConfUtils.java:logGet(46)) - raft.server.snapshot.trigger-when-stop.enabled = true (default)
2023-12-13 18:50:27,754 [s5-groupManagement] INFO  server.RaftServerConfigKeys (ConfUtils.java:logGet(46)) - raft.server.snapshot.auto.trigger.enabled = false (default)
2023-12-13 18:50:27,754 [s5-groupManagement] INFO  server.RaftServerConfigKeys (ConfUtils.java:logGet(46)) - raft.server.snapshot.retention.file.num = -1 (default)
2023-12-13 18:50:27,754 [s5-groupManagement] INFO  server.RaftServerConfigKeys (ConfUtils.java:logGet(46)) - raft.server.log.purge.upto.snapshot.index = false (default)
2023-12-13 18:50:27,755 [Time-limited test] DEBUG client.RaftClient (ConfUtils.java:logGet(46)) - raft.rpc.type = GRPC (default)
2023-12-13 18:50:27,758 [grpc-default-executor-1] INFO  server.RaftServer (RaftServerProxy.java:addNew(100)) - s6: addNew group-5BB5DA552FF4:[] returns group-5BB5DA552FF4:java.util.concurrent.CompletableFuture@618519ea[Not completed]
2023-12-13 18:50:27,758 [s6-groupManagement] INFO  server.RaftServer$Division (RaftServerImpl.java:<init>(256)) - s6: new RaftServerImpl for group-5BB5DA552FF4:[] with BaseStateMachine:uninitialized
2023-12-13 18:50:27,758 [s6-groupManagement] INFO  server.RaftServerConfigKeys (ConfUtils.java:logGet(46)) - raft.server.rpc.timeout.min = 1500ms (custom)
2023-12-13 18:50:27,758 [s6-groupManagement] INFO  server.RaftServerConfigKeys (ConfUtils.java:logGet(46)) - raft.server.rpc.timeout.max = 2000ms (custom)
2023-12-13 18:50:27,758 [s6-groupManagement] INFO  server.RaftServerConfigKeys (ConfUtils.java:logGet(46)) - raft.server.rpc.sleep.time = 25ms (default)
2023-12-13 18:50:27,758 [s6-groupManagement] INFO  server.RaftServerConfigKeys (ConfUtils.java:logGet(46)) - raft.server.rpc.slowness.timeout = 60s (default)
2023-12-13 18:50:27,758 [s6-groupManagement] INFO  server.RaftServerConfigKeys (ConfUtils.java:logGet(46)) - raft.server.leaderelection.leader.step-down.wait-time = 10s (default)
2023-12-13 18:50:27,758 [s6-groupManagement] INFO  server.RaftServerConfigKeys (ConfUtils.java:logGet(46)) - raft.server.leaderelection.member.majority-add = false (default)
2023-12-13 18:50:27,758 [s6-groupManagement] INFO  server.RaftServerConfigKeys (ConfUtils.java:logGet(46)) - raft.server.sleep.deviation.threshold = 300ms (default)
2023-12-13 18:50:27,758 [s6-groupManagement] INFO  server.RaftServer$Division (ServerState.java:<init>(113)) - s6@group-5BB5DA552FF4: ConfigurationManager, init=-1: peers:[]|listeners:[], old=null, confs=<EMPTY_MAP>
2023-12-13 18:50:27,758 [s6-groupManagement] INFO  server.RaftServerConfigKeys (ConfUtils.java:logGet(46)) - raft.server.notification.no-leader.timeout = 60s (default)
2023-12-13 18:50:27,758 [s6-groupManagement] INFO  server.RaftServerConfigKeys (ConfUtils.java:logGet(46)) - raft.server.read.timeout = 10s (default)
2023-12-13 18:50:27,758 [s6-groupManagement] INFO  server.RaftServerConfigKeys (ConfUtils.java:logGet(46)) - raft.server.retrycache.expirytime = 60s (default)
2023-12-13 18:50:27,758 [s6-groupManagement] INFO  server.RaftServerConfigKeys (ConfUtils.java:logGet(46)) - raft.server.retrycache.statistics.expirytime = 100ms (default)
2023-12-13 18:50:27,759 [s6-groupManagement] INFO  server.RaftServerConfigKeys (ConfUtils.java:logGet(46)) - raft.server.read.option = DEFAULT (default)
2023-12-13 18:50:27,759 [s6-groupManagement] INFO  server.RaftServerConfigKeys (ConfUtils.java:logGet(46)) - raft.server.read.read-after-write-consistent.write-index-cache.expiry-time = 60s (default)
2023-12-13 18:50:27,759 [s6-groupManagement] INFO  server.RaftServerConfigKeys (ConfUtils.java:logGet(46)) - raft.server.rpc.request.timeout = 3000ms (default)
2023-12-13 18:50:27,759 [s6-groupManagement] INFO  server.RaftServerConfigKeys (ConfUtils.java:logGet(46)) - raft.server.log.appender.install.snapshot.enabled = true (default)
2023-12-13 18:50:27,759 [s6-groupManagement] INFO  server.RaftServerConfigKeys (ConfUtils.java:logGet(46)) - raft.server.threadpool.server.cached = true (default)
2023-12-13 18:50:27,759 [s6-groupManagement] INFO  server.RaftServerConfigKeys (ConfUtils.java:logGet(46)) - raft.server.threadpool.server.size = 0 (default)
2023-12-13 18:50:27,759 [s6-groupManagement] INFO  server.RaftServerConfigKeys (ConfUtils.java:logGet(46)) - raft.server.threadpool.client.cached = true (default)
2023-12-13 18:50:27,759 [s6-groupManagement] INFO  server.RaftServerConfigKeys (ConfUtils.java:logGet(46)) - raft.server.threadpool.client.size = 0 (default)
2023-12-13 18:50:27,759 [s6-groupManagement] DEBUG server.RaftServer (RaftServerProxy.java:lambda$groupAddAsync$13(507)) - s6: newImpl =      null s6@group-5BB5DA552FF4:t0, leader=null, voted=null, raftlog=UNINITIALIZED, conf=-1: peers:[]|listeners:[], old=null NEW
2023-12-13 18:50:27,759 [s6-groupManagement] INFO  server.RaftServerConfigKeys (ConfUtils.java:logGet(46)) - raft.server.storage.free-space.min = 0MB (=0) (default)
2023-12-13 18:50:27,759 [s6-groupManagement] INFO  server.RaftServerConfigKeys (ConfUtils.java:logGet(46)) - raft.server.log.corruption.policy = EXCEPTION (default)
2023-12-13 18:50:27,759 [s6-groupManagement] INFO  server.RaftServerConfigKeys (ConfUtils.java:logGet(46)) - raft.server.storage.dir = [/home/runner/work/ratis/ratis/ratis-test/target/test/data/b8de9602/MiniRaftClusterWithGrpcac948085/s6] (custom)
2023-12-13 18:50:27,759 [s6-groupManagement] INFO  storage.RaftStorageDirectory (RaftStorageDirectoryImpl.java:analyzeStorage(138)) - The storage directory /home/runner/work/ratis/ratis/ratis-test/target/test/data/b8de9602/MiniRaftClusterWithGrpcac948085/s6/d6b72674-aab5-4ca2-affe-5bb5da552ff4 does not exist. Creating ...
2023-12-13 18:50:27,759 [s6-groupManagement] TRACE util.FileUtils (LogUtils.java:runAndLog(49)) - Successfully ran Files.createDirectories /home/runner/work/ratis/ratis/ratis-test/target/test/data/b8de9602/MiniRaftClusterWithGrpcac948085/s6/d6b72674-aab5-4ca2-affe-5bb5da552ff4
2023-12-13 18:50:27,760 [s6-groupManagement] INFO  storage.RaftStorageDirectory (RaftStorageDirectoryImpl.java:tryLock(228)) - Lock on /home/runner/work/ratis/ratis/ratis-test/target/test/data/b8de9602/MiniRaftClusterWithGrpcac948085/s6/d6b72674-aab5-4ca2-affe-5bb5da552ff4/in_use.lock acquired by nodename 24599@fv-az743-812
2023-12-13 18:50:27,760 [s6-groupManagement] TRACE util.FileUtils (LogUtils.java:runAndLog(49)) - Successfully ran Files.createDirectories /home/runner/work/ratis/ratis/ratis-test/target/test/data/b8de9602/MiniRaftClusterWithGrpcac948085/s6/d6b72674-aab5-4ca2-affe-5bb5da552ff4/current
2023-12-13 18:50:27,760 [s6-groupManagement] TRACE util.FileUtils (LogUtils.java:runAndLog(49)) - Successfully ran Files.createDirectories /home/runner/work/ratis/ratis/ratis-test/target/test/data/b8de9602/MiniRaftClusterWithGrpcac948085/s6/d6b72674-aab5-4ca2-affe-5bb5da552ff4/sm
2023-12-13 18:50:27,760 [s6-groupManagement] TRACE util.FileUtils (LogUtils.java:supplyAndLog(69)) - Successfully supplied FileChannel.open /home/runner/work/ratis/ratis/ratis-test/target/test/data/b8de9602/MiniRaftClusterWithGrpcac948085/s6/d6b72674-aab5-4ca2-affe-5bb5da552ff4/current/raft-meta.tmp with options [CREATE, WRITE]: sun.nio.ch.FileChannelImpl@344eab4
2023-12-13 18:50:27,761 [s6-groupManagement] TRACE util.FileUtils (LogUtils.java:runAndLog(49)) - Successfully ran Atomic Files.move /home/runner/work/ratis/ratis/ratis-test/target/test/data/b8de9602/MiniRaftClusterWithGrpcac948085/s6/d6b72674-aab5-4ca2-affe-5bb5da552ff4/current/raft-meta.tmp to /home/runner/work/ratis/ratis/ratis-test/target/test/data/b8de9602/MiniRaftClusterWithGrpcac948085/s6/d6b72674-aab5-4ca2-affe-5bb5da552ff4/current/raft-meta with options [REPLACE_EXISTING]
2023-12-13 18:50:27,761 [s6-groupManagement] INFO  storage.RaftStorage (RaftStorageImpl.java:format(99)) - Storage directory /home/runner/work/ratis/ratis/ratis-test/target/test/data/b8de9602/MiniRaftClusterWithGrpcac948085/s6/d6b72674-aab5-4ca2-affe-5bb5da552ff4 has been successfully formatted.
2023-12-13 18:50:27,761 [s6-groupManagement] TRACE util.FileUtils (LogUtils.java:supplyAndLog(61)) - Failed to Files.newInputStream /home/runner/work/ratis/ratis/ratis-test/target/test/data/b8de9602/MiniRaftClusterWithGrpcac948085/s6/d6b72674-aab5-4ca2-affe-5bb5da552ff4/current/raft-meta.conf with options []
java.nio.file.NoSuchFileException: /home/runner/work/ratis/ratis/ratis-test/target/test/data/b8de9602/MiniRaftClusterWithGrpcac948085/s6/d6b72674-aab5-4ca2-affe-5bb5da552ff4/current/raft-meta.conf
	at java.base/sun.nio.fs.UnixException.translateToIOException(UnixException.java:92)
	at java.base/sun.nio.fs.UnixException.rethrowAsIOException(UnixException.java:111)
	at java.base/sun.nio.fs.UnixException.rethrowAsIOException(UnixException.java:116)
	at java.base/sun.nio.fs.UnixFileSystemProvider.newByteChannel(UnixFileSystemProvider.java:219)
	at java.base/java.nio.file.Files.newByteChannel(Files.java:371)
	at java.base/java.nio.file.Files.newByteChannel(Files.java:422)
	at java.base/java.nio.file.spi.FileSystemProvider.newInputStream(FileSystemProvider.java:420)
	at java.base/java.nio.file.Files.newInputStream(Files.java:156)
	at org.apache.ratis.util.FileUtils.lambda$newInputStream$2(FileUtils.java:73)
	at org.apache.ratis.util.LogUtils.supplyAndLog(LogUtils.java:58)
	at org.apache.ratis.util.FileUtils.newInputStream(FileUtils.java:72)
	at org.apache.ratis.util.FileUtils.newInputStream(FileUtils.java:68)
	at org.apache.ratis.server.storage.RaftStorageImpl.readRaftConfiguration(RaftStorageImpl.java:156)
	at org.apache.ratis.server.impl.ServerState.initialize(ServerState.java:141)
	at org.apache.ratis.server.impl.RaftServerImpl.start(RaftServerImpl.java:388)
	at org.apache.ratis.server.impl.RaftServerProxy.lambda$groupAddAsync$13(RaftServerProxy.java:509)
	at java.base/java.util.concurrent.CompletableFuture$UniApply.tryFire(CompletableFuture.java:642)
	at java.base/java.util.concurrent.CompletableFuture$Completion.run(CompletableFuture.java:478)
	at java.base/java.util.concurrent.ThreadPoolExecutor.runWorker(ThreadPoolExecutor.java:1128)
	at java.base/java.util.concurrent.ThreadPoolExecutor$Worker.run(ThreadPoolExecutor.java:628)
	at java.base/java.lang.Thread.run(Thread.java:829)
2023-12-13 18:50:27,761 [s6-groupManagement] INFO  server.RaftServerConfigKeys (ConfUtils.java:logGet(46)) - raft.server.log.use.memory = false (default)
2023-12-13 18:50:27,761 [s6-groupManagement] INFO  server.RaftServerConfigKeys (ConfUtils.java:logGet(46)) - raft.server.log.purge.gap = 1024 (default)
2023-12-13 18:50:27,761 [s6-groupManagement] INFO  server.RaftServerConfigKeys (ConfUtils.java:logGet(46)) - raft.server.log.appender.buffer.byte-limit = 4MB (=4194304) (default)
2023-12-13 18:50:27,761 [s6-groupManagement] INFO  server.RaftServerConfigKeys (ConfUtils.java:logGet(46)) - raft.server.log.statemachine.data.read.timeout = 1000ms (default)
2023-12-13 18:50:27,761 [s6-groupManagement] INFO  server.RaftServerConfigKeys (ConfUtils.java:logGet(46)) - raft.server.log.purge.preservation.log.num = 0 (default)
2023-12-13 18:50:27,761 [s6-groupManagement] INFO  server.RaftServerConfigKeys (ConfUtils.java:logGet(46)) - raft.server.log.segment.size.max = 32MB (=33554432) (default)
2023-12-13 18:50:27,761 [s6-groupManagement] INFO  server.RaftServerConfigKeys (ConfUtils.java:logGet(46)) - raft.server.log.segment.cache.num.max = 6 (default)
2023-12-13 18:50:27,761 [s6-groupManagement] INFO  server.RaftServerConfigKeys (ConfUtils.java:logGet(46)) - raft.server.log.segment.cache.size.max = 200MB (=209715200) (default)
2023-12-13 18:50:27,761 [s6-groupManagement] INFO  server.RaftServerConfigKeys (ConfUtils.java:logGet(46)) - raft.server.log.appender.buffer.byte-limit = 4MB (=4194304) (default)
2023-12-13 18:50:27,762 [s6-groupManagement] INFO  util.AwaitToRun (AwaitToRun.java:start(81)) - Thread[s6@group-5BB5DA552FF4-cacheEviction-AwaitToRun,5,main] started
2023-12-13 18:50:27,762 [s6-groupManagement] INFO  segmented.SegmentedRaftLogWorker (SegmentedRaftLogWorker.java:<init>(182)) - new s6@group-5BB5DA552FF4-SegmentedRaftLogWorker for RaftStorageImpl:Storage Directory /home/runner/work/ratis/ratis/ratis-test/target/test/data/b8de9602/MiniRaftClusterWithGrpcac948085/s6/d6b72674-aab5-4ca2-affe-5bb5da552ff4
2023-12-13 18:50:27,762 [s6-groupManagement] INFO  server.RaftServerConfigKeys (ConfUtils.java:logGet(46)) - raft.server.log.queue.byte-limit = 64MB (=67108864) (default)
2023-12-13 18:50:27,762 [s6-groupManagement] INFO  server.RaftServerConfigKeys (ConfUtils.java:logGet(46)) - raft.server.log.queue.element-limit = 4096 (default)
2023-12-13 18:50:27,762 [s6-groupManagement] INFO  server.RaftServerConfigKeys (ConfUtils.java:logGet(46)) - raft.server.log.segment.size.max = 32MB (=33554432) (default)
2023-12-13 18:50:27,762 [s6-groupManagement] INFO  server.RaftServerConfigKeys (ConfUtils.java:logGet(46)) - raft.server.log.preallocated.size = 4MB (=4194304) (default)
2023-12-13 18:50:27,762 [s6-groupManagement] INFO  server.RaftServerConfigKeys (ConfUtils.java:logGet(46)) - raft.server.log.force.sync.num = 128 (default)
2023-12-13 18:50:27,762 [s6-groupManagement] INFO  server.RaftServerConfigKeys (ConfUtils.java:logGet(46)) - raft.server.log.statemachine.data.sync = true (default)
2023-12-13 18:50:27,762 [s6-groupManagement] INFO  server.RaftServerConfigKeys (ConfUtils.java:logGet(46)) - raft.server.log.statemachine.data.sync.timeout = 10s (default)
2023-12-13 18:50:27,762 [s6-groupManagement] INFO  server.RaftServerConfigKeys (ConfUtils.java:logGet(46)) - raft.server.log.statemachine.data.sync.timeout.retry = -1 (default)
2023-12-13 18:50:27,762 [s6-groupManagement] INFO  server.RaftServerConfigKeys (ConfUtils.java:logGet(46)) - raft.server.log.write.buffer.size = 8MB (=8388608) (default)
2023-12-13 18:50:27,763 [s6-groupManagement] INFO  server.RaftServerConfigKeys (ConfUtils.java:logGet(46)) - raft.server.log.appender.buffer.byte-limit = 4MB (=4194304) (default)
2023-12-13 18:50:27,763 [s6-groupManagement] INFO  server.RaftServerConfigKeys (ConfUtils.java:logGet(46)) - raft.server.log.unsafe-flush.enabled = false (default)
2023-12-13 18:50:27,763 [s6-groupManagement] INFO  server.RaftServerConfigKeys (ConfUtils.java:logGet(46)) - raft.server.log.async-flush.enabled = false (default)
2023-12-13 18:50:27,763 [s6-groupManagement] INFO  server.RaftServerConfigKeys (ConfUtils.java:logGet(46)) - raft.server.log.statemachine.data.caching.enabled = false (default)
2023-12-13 18:50:27,763 [s6-groupManagement] INFO  segmented.SegmentedRaftLogWorker (SegmentedRaftLogWorker.java:lambda$new$0(134)) - s6@group-5BB5DA552FF4-SegmentedRaftLogWorker: flushIndex: setUnconditionally 0 -> -1
2023-12-13 18:50:27,763 [s6-groupManagement] INFO  segmented.SegmentedRaftLogWorker (SegmentedRaftLogWorker.java:lambda$new$0(134)) - s6@group-5BB5DA552FF4-SegmentedRaftLogWorker: safeCacheEvictIndex: setUnconditionally 0 -> -1
2023-12-13 18:50:27,764 [s6-groupManagement] INFO  server.RaftServer$Division (RaftServerImpl.java:start(398)) - s6@group-5BB5DA552FF4: start with initializing state, conf=-1: peers:[]|listeners:[], old=null
2023-12-13 18:50:27,764 [s6-groupManagement] INFO  server.RaftServer$Division (RaftServerImpl.java:setRole(379)) - s6@group-5BB5DA552FF4: changes role from      null to FOLLOWER at term 0 for startInitializing
2023-12-13 18:50:27,764 [s6-groupManagement] INFO  util.JmxRegister (JmxRegister.java:tryRegister(44)) - Successfully registered JMX Bean with object name Ratis:service=RaftServer,group=group-5BB5DA552FF4,id=s6
2023-12-13 18:50:27,764 [s6-groupManagement] INFO  server.RaftServerConfigKeys (ConfUtils.java:logGet(46)) - raft.server.snapshot.trigger-when-stop.enabled = true (default)
2023-12-13 18:50:27,764 [s6-groupManagement] INFO  server.RaftServerConfigKeys (ConfUtils.java:logGet(46)) - raft.server.snapshot.auto.trigger.enabled = false (default)
2023-12-13 18:50:27,764 [s6-groupManagement] INFO  server.RaftServerConfigKeys (ConfUtils.java:logGet(46)) - raft.server.snapshot.retention.file.num = -1 (default)
2023-12-13 18:50:27,764 [s6-groupManagement] INFO  server.RaftServerConfigKeys (ConfUtils.java:logGet(46)) - raft.server.log.purge.upto.snapshot.index = false (default)
2023-12-13 18:50:27,767 [Time-limited test] DEBUG client.RaftClient (ConfUtils.java:logGet(46)) - raft.rpc.type = GRPC (default)
2023-12-13 18:50:27,770 [grpc-default-executor-1] INFO  server.RaftServer (RaftServerProxy.java:addNew(100)) - s7: addNew group-5BB5DA552FF4:[] returns group-5BB5DA552FF4:java.util.concurrent.CompletableFuture@302855b6[Not completed]
2023-12-13 18:50:27,770 [s7-groupManagement] INFO  server.RaftServer$Division (RaftServerImpl.java:<init>(256)) - s7: new RaftServerImpl for group-5BB5DA552FF4:[] with BaseStateMachine:uninitialized
2023-12-13 18:50:27,770 [s7-groupManagement] INFO  server.RaftServerConfigKeys (ConfUtils.java:logGet(46)) - raft.server.rpc.timeout.min = 1500ms (custom)
2023-12-13 18:50:27,770 [s7-groupManagement] INFO  server.RaftServerConfigKeys (ConfUtils.java:logGet(46)) - raft.server.rpc.timeout.max = 2000ms (custom)
2023-12-13 18:50:27,770 [s7-groupManagement] INFO  server.RaftServerConfigKeys (ConfUtils.java:logGet(46)) - raft.server.rpc.sleep.time = 25ms (default)
2023-12-13 18:50:27,770 [s7-groupManagement] INFO  server.RaftServerConfigKeys (ConfUtils.java:logGet(46)) - raft.server.rpc.slowness.timeout = 60s (default)
2023-12-13 18:50:27,770 [s7-groupManagement] INFO  server.RaftServerConfigKeys (ConfUtils.java:logGet(46)) - raft.server.leaderelection.leader.step-down.wait-time = 10s (default)
2023-12-13 18:50:27,770 [s7-groupManagement] INFO  server.RaftServerConfigKeys (ConfUtils.java:logGet(46)) - raft.server.leaderelection.member.majority-add = false (default)
2023-12-13 18:50:27,770 [s7-groupManagement] INFO  server.RaftServerConfigKeys (ConfUtils.java:logGet(46)) - raft.server.sleep.deviation.threshold = 300ms (default)
2023-12-13 18:50:27,770 [s7-groupManagement] INFO  server.RaftServer$Division (ServerState.java:<init>(113)) - s7@group-5BB5DA552FF4: ConfigurationManager, init=-1: peers:[]|listeners:[], old=null, confs=<EMPTY_MAP>
2023-12-13 18:50:27,770 [s7-groupManagement] INFO  server.RaftServerConfigKeys (ConfUtils.java:logGet(46)) - raft.server.notification.no-leader.timeout = 60s (default)
2023-12-13 18:50:27,770 [s7-groupManagement] INFO  server.RaftServerConfigKeys (ConfUtils.java:logGet(46)) - raft.server.read.timeout = 10s (default)
2023-12-13 18:50:27,770 [s7-groupManagement] INFO  server.RaftServerConfigKeys (ConfUtils.java:logGet(46)) - raft.server.retrycache.expirytime = 60s (default)
2023-12-13 18:50:27,770 [s7-groupManagement] INFO  server.RaftServerConfigKeys (ConfUtils.java:logGet(46)) - raft.server.retrycache.statistics.expirytime = 100ms (default)
2023-12-13 18:50:27,770 [s7-groupManagement] INFO  server.RaftServerConfigKeys (ConfUtils.java:logGet(46)) - raft.server.read.option = DEFAULT (default)
2023-12-13 18:50:27,770 [s7-groupManagement] INFO  server.RaftServerConfigKeys (ConfUtils.java:logGet(46)) - raft.server.read.read-after-write-consistent.write-index-cache.expiry-time = 60s (default)
2023-12-13 18:50:27,770 [s7-groupManagement] INFO  server.RaftServerConfigKeys (ConfUtils.java:logGet(46)) - raft.server.rpc.request.timeout = 3000ms (default)
2023-12-13 18:50:27,770 [s7-groupManagement] INFO  server.RaftServerConfigKeys (ConfUtils.java:logGet(46)) - raft.server.log.appender.install.snapshot.enabled = true (default)
2023-12-13 18:50:27,770 [s7-groupManagement] INFO  server.RaftServerConfigKeys (ConfUtils.java:logGet(46)) - raft.server.threadpool.server.cached = true (default)
2023-12-13 18:50:27,770 [s7-groupManagement] INFO  server.RaftServerConfigKeys (ConfUtils.java:logGet(46)) - raft.server.threadpool.server.size = 0 (default)
2023-12-13 18:50:27,770 [s7-groupManagement] INFO  server.RaftServerConfigKeys (ConfUtils.java:logGet(46)) - raft.server.threadpool.client.cached = true (default)
2023-12-13 18:50:27,770 [s7-groupManagement] INFO  server.RaftServerConfigKeys (ConfUtils.java:logGet(46)) - raft.server.threadpool.client.size = 0 (default)
2023-12-13 18:50:27,770 [s7-groupManagement] DEBUG server.RaftServer (RaftServerProxy.java:lambda$groupAddAsync$13(507)) - s7: newImpl =      null s7@group-5BB5DA552FF4:t0, leader=null, voted=null, raftlog=UNINITIALIZED, conf=-1: peers:[]|listeners:[], old=null NEW
2023-12-13 18:50:27,770 [s7-groupManagement] INFO  server.RaftServerConfigKeys (ConfUtils.java:logGet(46)) - raft.server.storage.free-space.min = 0MB (=0) (default)
2023-12-13 18:50:27,770 [s7-groupManagement] INFO  server.RaftServerConfigKeys (ConfUtils.java:logGet(46)) - raft.server.log.corruption.policy = EXCEPTION (default)
2023-12-13 18:50:27,770 [s7-groupManagement] INFO  server.RaftServerConfigKeys (ConfUtils.java:logGet(46)) - raft.server.storage.dir = [/home/runner/work/ratis/ratis/ratis-test/target/test/data/b8de9602/MiniRaftClusterWithGrpcac948085/s7] (custom)
2023-12-13 18:50:27,771 [s7-groupManagement] INFO  storage.RaftStorageDirectory (RaftStorageDirectoryImpl.java:analyzeStorage(138)) - The storage directory /home/runner/work/ratis/ratis/ratis-test/target/test/data/b8de9602/MiniRaftClusterWithGrpcac948085/s7/d6b72674-aab5-4ca2-affe-5bb5da552ff4 does not exist. Creating ...
2023-12-13 18:50:27,771 [s7-groupManagement] TRACE util.FileUtils (LogUtils.java:runAndLog(49)) - Successfully ran Files.createDirectories /home/runner/work/ratis/ratis/ratis-test/target/test/data/b8de9602/MiniRaftClusterWithGrpcac948085/s7/d6b72674-aab5-4ca2-affe-5bb5da552ff4
2023-12-13 18:50:27,771 [s7-groupManagement] INFO  storage.RaftStorageDirectory (RaftStorageDirectoryImpl.java:tryLock(228)) - Lock on /home/runner/work/ratis/ratis/ratis-test/target/test/data/b8de9602/MiniRaftClusterWithGrpcac948085/s7/d6b72674-aab5-4ca2-affe-5bb5da552ff4/in_use.lock acquired by nodename 24599@fv-az743-812
2023-12-13 18:50:27,771 [s7-groupManagement] TRACE util.FileUtils (LogUtils.java:runAndLog(49)) - Successfully ran Files.createDirectories /home/runner/work/ratis/ratis/ratis-test/target/test/data/b8de9602/MiniRaftClusterWithGrpcac948085/s7/d6b72674-aab5-4ca2-affe-5bb5da552ff4/current
2023-12-13 18:50:27,772 [s7-groupManagement] TRACE util.FileUtils (LogUtils.java:runAndLog(49)) - Successfully ran Files.createDirectories /home/runner/work/ratis/ratis/ratis-test/target/test/data/b8de9602/MiniRaftClusterWithGrpcac948085/s7/d6b72674-aab5-4ca2-affe-5bb5da552ff4/sm
2023-12-13 18:50:27,772 [s7-groupManagement] TRACE util.FileUtils (LogUtils.java:supplyAndLog(69)) - Successfully supplied FileChannel.open /home/runner/work/ratis/ratis/ratis-test/target/test/data/b8de9602/MiniRaftClusterWithGrpcac948085/s7/d6b72674-aab5-4ca2-affe-5bb5da552ff4/current/raft-meta.tmp with options [CREATE, WRITE]: sun.nio.ch.FileChannelImpl@15007df2
2023-12-13 18:50:27,772 [s7-groupManagement] TRACE util.FileUtils (LogUtils.java:runAndLog(49)) - Successfully ran Atomic Files.move /home/runner/work/ratis/ratis/ratis-test/target/test/data/b8de9602/MiniRaftClusterWithGrpcac948085/s7/d6b72674-aab5-4ca2-affe-5bb5da552ff4/current/raft-meta.tmp to /home/runner/work/ratis/ratis/ratis-test/target/test/data/b8de9602/MiniRaftClusterWithGrpcac948085/s7/d6b72674-aab5-4ca2-affe-5bb5da552ff4/current/raft-meta with options [REPLACE_EXISTING]
2023-12-13 18:50:27,772 [s7-groupManagement] INFO  storage.RaftStorage (RaftStorageImpl.java:format(99)) - Storage directory /home/runner/work/ratis/ratis/ratis-test/target/test/data/b8de9602/MiniRaftClusterWithGrpcac948085/s7/d6b72674-aab5-4ca2-affe-5bb5da552ff4 has been successfully formatted.
2023-12-13 18:50:27,772 [s7-groupManagement] TRACE util.FileUtils (LogUtils.java:supplyAndLog(61)) - Failed to Files.newInputStream /home/runner/work/ratis/ratis/ratis-test/target/test/data/b8de9602/MiniRaftClusterWithGrpcac948085/s7/d6b72674-aab5-4ca2-affe-5bb5da552ff4/current/raft-meta.conf with options []
java.nio.file.NoSuchFileException: /home/runner/work/ratis/ratis/ratis-test/target/test/data/b8de9602/MiniRaftClusterWithGrpcac948085/s7/d6b72674-aab5-4ca2-affe-5bb5da552ff4/current/raft-meta.conf
	at java.base/sun.nio.fs.UnixException.translateToIOException(UnixException.java:92)
	at java.base/sun.nio.fs.UnixException.rethrowAsIOException(UnixException.java:111)
	at java.base/sun.nio.fs.UnixException.rethrowAsIOException(UnixException.java:116)
	at java.base/sun.nio.fs.UnixFileSystemProvider.newByteChannel(UnixFileSystemProvider.java:219)
	at java.base/java.nio.file.Files.newByteChannel(Files.java:371)
	at java.base/java.nio.file.Files.newByteChannel(Files.java:422)
	at java.base/java.nio.file.spi.FileSystemProvider.newInputStream(FileSystemProvider.java:420)
	at java.base/java.nio.file.Files.newInputStream(Files.java:156)
	at org.apache.ratis.util.FileUtils.lambda$newInputStream$2(FileUtils.java:73)
	at org.apache.ratis.util.LogUtils.supplyAndLog(LogUtils.java:58)
	at org.apache.ratis.util.FileUtils.newInputStream(FileUtils.java:72)
	at org.apache.ratis.util.FileUtils.newInputStream(FileUtils.java:68)
	at org.apache.ratis.server.storage.RaftStorageImpl.readRaftConfiguration(RaftStorageImpl.java:156)
	at org.apache.ratis.server.impl.ServerState.initialize(ServerState.java:141)
	at org.apache.ratis.server.impl.RaftServerImpl.start(RaftServerImpl.java:388)
	at org.apache.ratis.server.impl.RaftServerProxy.lambda$groupAddAsync$13(RaftServerProxy.java:509)
	at java.base/java.util.concurrent.CompletableFuture$UniApply.tryFire(CompletableFuture.java:642)
	at java.base/java.util.concurrent.CompletableFuture$Completion.run(CompletableFuture.java:478)
	at java.base/java.util.concurrent.ThreadPoolExecutor.runWorker(ThreadPoolExecutor.java:1128)
	at java.base/java.util.concurrent.ThreadPoolExecutor$Worker.run(ThreadPoolExecutor.java:628)
	at java.base/java.lang.Thread.run(Thread.java:829)
2023-12-13 18:50:27,772 [s7-groupManagement] INFO  server.RaftServerConfigKeys (ConfUtils.java:logGet(46)) - raft.server.log.use.memory = false (default)
2023-12-13 18:50:27,773 [s7-groupManagement] INFO  server.RaftServerConfigKeys (ConfUtils.java:logGet(46)) - raft.server.log.purge.gap = 1024 (default)
2023-12-13 18:50:27,773 [s7-groupManagement] INFO  server.RaftServerConfigKeys (ConfUtils.java:logGet(46)) - raft.server.log.appender.buffer.byte-limit = 4MB (=4194304) (default)
2023-12-13 18:50:27,773 [s7-groupManagement] INFO  server.RaftServerConfigKeys (ConfUtils.java:logGet(46)) - raft.server.log.statemachine.data.read.timeout = 1000ms (default)
2023-12-13 18:50:27,773 [s7-groupManagement] INFO  server.RaftServerConfigKeys (ConfUtils.java:logGet(46)) - raft.server.log.purge.preservation.log.num = 0 (default)
2023-12-13 18:50:27,773 [s7-groupManagement] INFO  server.RaftServerConfigKeys (ConfUtils.java:logGet(46)) - raft.server.log.segment.size.max = 32MB (=33554432) (default)
2023-12-13 18:50:27,773 [s7-groupManagement] INFO  server.RaftServerConfigKeys (ConfUtils.java:logGet(46)) - raft.server.log.segment.cache.num.max = 6 (default)
2023-12-13 18:50:27,773 [s7-groupManagement] INFO  server.RaftServerConfigKeys (ConfUtils.java:logGet(46)) - raft.server.log.segment.cache.size.max = 200MB (=209715200) (default)
2023-12-13 18:50:27,773 [s7-groupManagement] INFO  server.RaftServerConfigKeys (ConfUtils.java:logGet(46)) - raft.server.log.appender.buffer.byte-limit = 4MB (=4194304) (default)
2023-12-13 18:50:27,773 [s7-groupManagement] INFO  util.AwaitToRun (AwaitToRun.java:start(81)) - Thread[s7@group-5BB5DA552FF4-cacheEviction-AwaitToRun,5,main] started
2023-12-13 18:50:27,773 [s7-groupManagement] INFO  segmented.SegmentedRaftLogWorker (SegmentedRaftLogWorker.java:<init>(182)) - new s7@group-5BB5DA552FF4-SegmentedRaftLogWorker for RaftStorageImpl:Storage Directory /home/runner/work/ratis/ratis/ratis-test/target/test/data/b8de9602/MiniRaftClusterWithGrpcac948085/s7/d6b72674-aab5-4ca2-affe-5bb5da552ff4
2023-12-13 18:50:27,773 [s7-groupManagement] INFO  server.RaftServerConfigKeys (ConfUtils.java:logGet(46)) - raft.server.log.queue.byte-limit = 64MB (=67108864) (default)
2023-12-13 18:50:27,773 [s7-groupManagement] INFO  server.RaftServerConfigKeys (ConfUtils.java:logGet(46)) - raft.server.log.queue.element-limit = 4096 (default)
2023-12-13 18:50:27,773 [s7-groupManagement] INFO  server.RaftServerConfigKeys (ConfUtils.java:logGet(46)) - raft.server.log.segment.size.max = 32MB (=33554432) (default)
2023-12-13 18:50:27,773 [s7-groupManagement] INFO  server.RaftServerConfigKeys (ConfUtils.java:logGet(46)) - raft.server.log.preallocated.size = 4MB (=4194304) (default)
2023-12-13 18:50:27,773 [s7-groupManagement] INFO  server.RaftServerConfigKeys (ConfUtils.java:logGet(46)) - raft.server.log.force.sync.num = 128 (default)
2023-12-13 18:50:27,773 [s7-groupManagement] INFO  server.RaftServerConfigKeys (ConfUtils.java:logGet(46)) - raft.server.log.statemachine.data.sync = true (default)
2023-12-13 18:50:27,773 [s7-groupManagement] INFO  server.RaftServerConfigKeys (ConfUtils.java:logGet(46)) - raft.server.log.statemachine.data.sync.timeout = 10s (default)
2023-12-13 18:50:27,773 [s7-groupManagement] INFO  server.RaftServerConfigKeys (ConfUtils.java:logGet(46)) - raft.server.log.statemachine.data.sync.timeout.retry = -1 (default)
2023-12-13 18:50:27,773 [s7-groupManagement] INFO  server.RaftServerConfigKeys (ConfUtils.java:logGet(46)) - raft.server.log.write.buffer.size = 8MB (=8388608) (default)
2023-12-13 18:50:27,774 [s7-groupManagement] INFO  server.RaftServerConfigKeys (ConfUtils.java:logGet(46)) - raft.server.log.appender.buffer.byte-limit = 4MB (=4194304) (default)
2023-12-13 18:50:27,774 [s7-groupManagement] INFO  server.RaftServerConfigKeys (ConfUtils.java:logGet(46)) - raft.server.log.unsafe-flush.enabled = false (default)
2023-12-13 18:50:27,774 [s7-groupManagement] INFO  server.RaftServerConfigKeys (ConfUtils.java:logGet(46)) - raft.server.log.async-flush.enabled = false (default)
2023-12-13 18:50:27,775 [s7-groupManagement] INFO  server.RaftServerConfigKeys (ConfUtils.java:logGet(46)) - raft.server.log.statemachine.data.caching.enabled = false (default)
2023-12-13 18:50:27,775 [s7-groupManagement] INFO  segmented.SegmentedRaftLogWorker (SegmentedRaftLogWorker.java:lambda$new$0(134)) - s7@group-5BB5DA552FF4-SegmentedRaftLogWorker: flushIndex: setUnconditionally 0 -> -1
2023-12-13 18:50:27,775 [s7-groupManagement] INFO  segmented.SegmentedRaftLogWorker (SegmentedRaftLogWorker.java:lambda$new$0(134)) - s7@group-5BB5DA552FF4-SegmentedRaftLogWorker: safeCacheEvictIndex: setUnconditionally 0 -> -1
2023-12-13 18:50:27,775 [s7-groupManagement] INFO  server.RaftServer$Division (RaftServerImpl.java:start(398)) - s7@group-5BB5DA552FF4: start with initializing state, conf=-1: peers:[]|listeners:[], old=null
2023-12-13 18:50:27,775 [s7-groupManagement] INFO  server.RaftServer$Division (RaftServerImpl.java:setRole(379)) - s7@group-5BB5DA552FF4: changes role from      null to FOLLOWER at term 0 for startInitializing
2023-12-13 18:50:27,775 [s7-groupManagement] INFO  util.JmxRegister (JmxRegister.java:tryRegister(44)) - Successfully registered JMX Bean with object name Ratis:service=RaftServer,group=group-5BB5DA552FF4,id=s7
2023-12-13 18:50:27,775 [s7-groupManagement] INFO  server.RaftServerConfigKeys (ConfUtils.java:logGet(46)) - raft.server.snapshot.trigger-when-stop.enabled = true (default)
2023-12-13 18:50:27,775 [s7-groupManagement] INFO  server.RaftServerConfigKeys (ConfUtils.java:logGet(46)) - raft.server.snapshot.auto.trigger.enabled = false (default)
2023-12-13 18:50:27,775 [s7-groupManagement] INFO  server.RaftServerConfigKeys (ConfUtils.java:logGet(46)) - raft.server.snapshot.retention.file.num = -1 (default)
2023-12-13 18:50:27,775 [s7-groupManagement] INFO  server.RaftServerConfigKeys (ConfUtils.java:logGet(46)) - raft.server.log.purge.upto.snapshot.index = false (default)
2023-12-13 18:50:27,777 [Time-limited test] INFO  impl.GroupManagementBaseTest (GroupManagementBaseTest.java:runMultiGroupTest(330)) - 2) setConfiguration: printing group-5BB5DA552FF4
  s3:  RUNNING [
   FOLLOWER s3@group-9B3688799715:t0, leader=null, voted=, raftlog=Memoized:s3@group-9B3688799715-SegmentedRaftLog:OPENED:c-1, conf=-1: peers:[]|listeners:[], old=null STARTING
   FOLLOWER s3@group-5BB5DA552FF4:t0, leader=null, voted=, raftlog=Memoized:s3@group-5BB5DA552FF4-SegmentedRaftLog:OPENED:c-1, conf=-1: peers:[]|listeners:[], old=null STARTING] size=2
  s4:  RUNNING [
   FOLLOWER s4@group-9B3688799715:t0, leader=null, voted=, raftlog=Memoized:s4@group-9B3688799715-SegmentedRaftLog:OPENED:c-1, conf=-1: peers:[]|listeners:[], old=null STARTING
   FOLLOWER s4@group-5BB5DA552FF4:t0, leader=null, voted=, raftlog=Memoized:s4@group-5BB5DA552FF4-SegmentedRaftLog:OPENED:c-1, conf=-1: peers:[]|listeners:[], old=null STARTING] size=2
  s5:  RUNNING [
   FOLLOWER s5@group-9B3688799715:t0, leader=null, voted=, raftlog=Memoized:s5@group-9B3688799715-SegmentedRaftLog:OPENED:c-1, conf=-1: peers:[]|listeners:[], old=null STARTING
   FOLLOWER s5@group-5BB5DA552FF4:t0, leader=null, voted=, raftlog=Memoized:s5@group-5BB5DA552FF4-SegmentedRaftLog:OPENED:c-1, conf=-1: peers:[]|listeners:[], old=null STARTING] size=2
  s6:  RUNNING [
   FOLLOWER s6@group-9B3688799715:t0, leader=null, voted=, raftlog=Memoized:s6@group-9B3688799715-SegmentedRaftLog:OPENED:c-1, conf=-1: peers:[]|listeners:[], old=null STARTING
   FOLLOWER s6@group-5BB5DA552FF4:t0, leader=null, voted=, raftlog=Memoized:s6@group-5BB5DA552FF4-SegmentedRaftLog:OPENED:c-1, conf=-1: peers:[]|listeners:[], old=null STARTING] size=2
  s7:  RUNNING [
   FOLLOWER s7@group-9B3688799715:t0, leader=null, voted=, raftlog=Memoized:s7@group-9B3688799715-SegmentedRaftLog:OPENED:c-1, conf=-1: peers:[]|listeners:[], old=null STARTING
   FOLLOWER s7@group-5BB5DA552FF4:t0, leader=null, voted=, raftlog=Memoized:s7@group-5BB5DA552FF4-SegmentedRaftLog:OPENED:c-1, conf=-1: peers:[]|listeners:[], old=null STARTING] size=2
  s8:  RUNNING [
   FOLLOWER s8@group-9B3688799715:t0, leader=null, voted=, raftlog=Memoized:s8@group-9B3688799715-SegmentedRaftLog:OPENED:c-1, conf=-1: peers:[]|listeners:[], old=null STARTING
     LEADER s8@group-5BB5DA552FF4:t1, leader=s8, voted=s8, raftlog=Memoized:s8@group-5BB5DA552FF4-SegmentedRaftLog:OPENED:c0, conf=0: peers:[s8|0.0.0.0:34827]|listeners:[], old=null RUNNING] size=2
  s0:  RUNNING [
   FOLLOWER s0@group-9B3688799715:t0, leader=null, voted=, raftlog=Memoized:s0@group-9B3688799715-SegmentedRaftLog:OPENED:c-1, conf=-1: peers:[]|listeners:[], old=null STARTING
   FOLLOWER s0@group-5BB5DA552FF4:t0, leader=null, voted=, raftlog=Memoized:s0@group-5BB5DA552FF4-SegmentedRaftLog:OPENED:c-1, conf=-1: peers:[]|listeners:[], old=null STARTING] size=2
  s1:  RUNNING [
   FOLLOWER s1@group-9B3688799715:t0, leader=null, voted=, raftlog=Memoized:s1@group-9B3688799715-SegmentedRaftLog:OPENED:c-1, conf=-1: peers:[]|listeners:[], old=null STARTING
   FOLLOWER s1@group-5BB5DA552FF4:t0, leader=null, voted=, raftlog=Memoized:s1@group-5BB5DA552FF4-SegmentedRaftLog:OPENED:c-1, conf=-1: peers:[]|listeners:[], old=null STARTING] size=2
  s2:  RUNNING [
   FOLLOWER s2@group-9B3688799715:t0, leader=null, voted=, raftlog=Memoized:s2@group-9B3688799715-SegmentedRaftLog:OPENED:c-1, conf=-1: peers:[]|listeners:[], old=null STARTING
   FOLLOWER s2@group-5BB5DA552FF4:t0, leader=null, voted=, raftlog=Memoized:s2@group-5BB5DA552FF4-SegmentedRaftLog:OPENED:c-1, conf=-1: peers:[]|listeners:[], old=null STARTING] size=2
2023-12-13 18:50:27,777 [Time-limited test] DEBUG client.RaftClient (ConfUtils.java:logGet(46)) - raft.rpc.type = GRPC (default)
2023-12-13 18:50:27,781 [s8-server-thread1] INFO  server.RaftServer$Division (RaftServerImpl.java:setConfigurationAsync(1264)) - s8@group-5BB5DA552FF4: receive setConfiguration SetConfigurationRequest:client-D4DD7F308FDD->s8@group-5BB5DA552FF4, cid=45, seq=null, RW, null, SET_UNCONDITIONALLY, servers:[s8|0.0.0.0:34827, s0|0.0.0.0:43623], listeners:[]
2023-12-13 18:50:27,781 [s8-server-thread1] INFO  server.RaftServer$Division (LeaderStateImpl.java:startSetConfiguration(488)) - s8@group-5BB5DA552FF4-LeaderStateImpl: startSetConfiguration SetConfigurationRequest:client-D4DD7F308FDD->s8@group-5BB5DA552FF4, cid=45, seq=null, RW, null, SET_UNCONDITIONALLY, servers:[s8|0.0.0.0:34827, s0|0.0.0.0:43623], listeners:[]
2023-12-13 18:50:27,781 [s8-server-thread1] INFO  server.RaftServerConfigKeys (ConfUtils.java:logGet(46)) - raft.server.log.appender.snapshot.chunk.size.max = 16MB (=16777216) (default)
2023-12-13 18:50:27,781 [s8-server-thread1] INFO  server.RaftServerConfigKeys (ConfUtils.java:logGet(46)) - raft.server.log.appender.buffer.byte-limit = 4MB (=4194304) (default)
2023-12-13 18:50:27,782 [s8-server-thread1] INFO  server.RaftServerConfigKeys (ConfUtils.java:logGet(46)) - raft.server.log.appender.buffer.element-limit = 0 (default)
2023-12-13 18:50:27,782 [s8-server-thread1] INFO  server.RaftServerConfigKeys (ConfUtils.java:logGet(46)) - raft.server.log.appender.wait-time.min = 1ms (default)
2023-12-13 18:50:27,782 [s8-server-thread1] INFO  grpc.GrpcConfigKeys (ConfUtils.java:logGet(46)) - raft.grpc.server.leader.outstanding.appends.max = 8 (default)
2023-12-13 18:50:27,782 [s8-server-thread1] INFO  server.RaftServerConfigKeys (ConfUtils.java:logGet(46)) - raft.server.rpc.request.timeout = 3000ms (default)
2023-12-13 18:50:27,782 [s8-server-thread1] INFO  grpc.GrpcConfigKeys (ConfUtils.java:logGet(46)) - raft.grpc.server.install_snapshot.request.element-limit = 8 (default)
2023-12-13 18:50:27,782 [s8-server-thread1] INFO  grpc.GrpcConfigKeys (ConfUtils.java:logGet(46)) - raft.grpc.server.install_snapshot.request.timeout = 3000ms (default)
2023-12-13 18:50:27,782 [s8-server-thread1] INFO  server.RaftServerConfigKeys (ConfUtils.java:logGet(46)) - raft.server.log.appender.install.snapshot.enabled = true (default)
2023-12-13 18:50:27,782 [s8-server-thread1] INFO  grpc.GrpcConfigKeys (ConfUtils.java:logGet(46)) - raft.grpc.server.heartbeat.channel = true (default)
2023-12-13 18:50:27,782 [s8@group-5BB5DA552FF4->s0-GrpcLogAppender-LogAppenderDaemon] INFO  leader.FollowerInfo (FollowerInfoImpl.java:setAttemptedToInstallSnapshot(154)) - Follower s8@group-5BB5DA552FF4->s0 acknowledged installing snapshot
2023-12-13 18:50:27,782 [s8@group-5BB5DA552FF4->s0-GrpcLogAppender-LogAppenderDaemon] INFO  server.GrpcServerProtocolClient (GrpcServerProtocolClient.java:<init>(65)) - Build channel for s0
2023-12-13 18:50:27,786 [s0-server-thread1] TRACE util.FileUtils (LogUtils.java:supplyAndLog(69)) - Successfully supplied FileChannel.open /home/runner/work/ratis/ratis/ratis-test/target/test/data/b8de9602/MiniRaftClusterWithGrpcac948085/s0/d6b72674-aab5-4ca2-affe-5bb5da552ff4/current/raft-meta.tmp with options [CREATE, WRITE]: sun.nio.ch.FileChannelImpl@3812668d
2023-12-13 18:50:27,787 [s0-server-thread1] TRACE util.FileUtils (LogUtils.java:runAndLog(49)) - Successfully ran Atomic Files.move /home/runner/work/ratis/ratis/ratis-test/target/test/data/b8de9602/MiniRaftClusterWithGrpcac948085/s0/d6b72674-aab5-4ca2-affe-5bb5da552ff4/current/raft-meta.tmp to /home/runner/work/ratis/ratis/ratis-test/target/test/data/b8de9602/MiniRaftClusterWithGrpcac948085/s0/d6b72674-aab5-4ca2-affe-5bb5da552ff4/current/raft-meta with options [REPLACE_EXISTING]
2023-12-13 18:50:27,787 [s0-server-thread1] INFO  server.RaftServer$Division (RaftServerImpl.java:setFirstElection(564)) - s0@group-5BB5DA552FF4: set firstElectionSinceStartup to false for appendEntries
2023-12-13 18:50:27,787 [s0-server-thread1] INFO  server.RaftServer$Division (ServerState.java:setLeader(265)) - s0@group-5BB5DA552FF4: change Leader from null to s8 at term 1 for appendEntries, leader elected after 72ms
2023-12-13 18:50:27,790 [s0-server-thread2] DEBUG server.RaftServer$Division (RaftServerImpl.java:logAppendEntries(1504)) - s0@group-5BB5DA552FF4: receive appendEntries(s8, 1, null, 0, true, commits:[s8:c0, s0:c-1], cId:1, entries: [(t:1, i:0), CONFIGURATIONENTRY(current:id: "s8"
address: "0.0.0.0:34827"
clientAddress: "0.0.0.0:34827"
adminAddress: "0.0.0.0:34827"
startupRole: FOLLOWER
, old:)]
2023-12-13 18:50:27,790 [s0-server-thread2] INFO  server.RaftServer$Division (ServerState.java:setRaftConf(382)) - s0@group-5BB5DA552FF4: set configuration 0: peers:[s8|0.0.0.0:34827]|listeners:[], old=null
2023-12-13 18:50:27,790 [s0-server-thread2] INFO  segmented.SegmentedRaftLogWorker (SegmentedRaftLogWorker.java:startLogSegment(430)) - s0@group-5BB5DA552FF4-SegmentedRaftLogWorker: Starting segment from index:0
2023-12-13 18:50:27,790 [s0@group-5BB5DA552FF4-SegmentedRaftLogWorker] INFO  segmented.BufferedWriteChannel (BufferedWriteChannel.java:open(62)) - open log_inprogress_0 at position 0
2023-12-13 18:50:27,798 [s0@group-5BB5DA552FF4-SegmentedRaftLogWorker] INFO  segmented.SegmentedRaftLogWorker (SegmentedRaftLogWorker.java:execute(634)) - s0@group-5BB5DA552FF4-SegmentedRaftLogWorker: created new log segment /home/runner/work/ratis/ratis/ratis-test/target/test/data/b8de9602/MiniRaftClusterWithGrpcac948085/s0/d6b72674-aab5-4ca2-affe-5bb5da552ff4/current/log_inprogress_0
2023-12-13 18:50:27,799 [s0@group-5BB5DA552FF4-StateMachineUpdater] TRACE util.FileUtils (LogUtils.java:supplyAndLog(69)) - Successfully supplied FileChannel.open /home/runner/work/ratis/ratis/ratis-test/target/test/data/b8de9602/MiniRaftClusterWithGrpcac948085/s0/d6b72674-aab5-4ca2-affe-5bb5da552ff4/current/raft-meta.conf.tmp with options [CREATE, WRITE]: sun.nio.ch.FileChannelImpl@79ec9f65
2023-12-13 18:50:27,799 [s0-server-thread2] DEBUG server.RaftServer$Division (RaftServerImpl.java:logAppendEntries(1504)) - s0@group-5BB5DA552FF4: succeeded to handle AppendEntries. Reply: s8<-s0#1:OK-t1,SUCCESS,nextIndex=1,followerCommit=0,matchIndex=0
2023-12-13 18:50:27,799 [s0@group-5BB5DA552FF4-StateMachineUpdater] TRACE util.FileUtils (LogUtils.java:runAndLog(49)) - Successfully ran Atomic Files.move /home/runner/work/ratis/ratis/ratis-test/target/test/data/b8de9602/MiniRaftClusterWithGrpcac948085/s0/d6b72674-aab5-4ca2-affe-5bb5da552ff4/current/raft-meta.conf.tmp to /home/runner/work/ratis/ratis/ratis-test/target/test/data/b8de9602/MiniRaftClusterWithGrpcac948085/s0/d6b72674-aab5-4ca2-affe-5bb5da552ff4/current/raft-meta.conf with options [REPLACE_EXISTING]
2023-12-13 18:50:27,800 [s8@group-5BB5DA552FF4-LeaderStateImpl] INFO  server.RaftServer$Division (ServerState.java:setRaftConf(382)) - s8@group-5BB5DA552FF4: set configuration 1: peers:[s8|0.0.0.0:34827, s0|0.0.0.0:43623]|listeners:[], old=peers:[s8|0.0.0.0:34827]|listeners:[]
2023-12-13 18:50:27,801 [s0-server-thread2] DEBUG server.RaftServer$Division (RaftServerImpl.java:logAppendEntries(1504)) - s0@group-5BB5DA552FF4: receive appendEntries(s8, 1, (t:1, i:0), 0, false, commits:[s8:c0, s0:c0], cId:2, entries: [(t:1, i:1), CONFIGURATIONENTRY(current:id: "s8"
address: "0.0.0.0:34827"
clientAddress: "0.0.0.0:34827"
adminAddress: "0.0.0.0:34827"
startupRole: FOLLOWER
,id: "s0"
address: "0.0.0.0:43623"
clientAddress: "0.0.0.0:43623"
adminAddress: "0.0.0.0:43623"
startupRole: FOLLOWER
, old:id: "s8"
address: "0.0.0.0:34827"
clientAddress: "0.0.0.0:34827"
adminAddress: "0.0.0.0:34827"
startupRole: FOLLOWER
)]
2023-12-13 18:50:27,801 [s0-server-thread2] INFO  impl.RoleInfo (RoleInfo.java:updateAndGet(139)) - s0: start s0@group-5BB5DA552FF4-FollowerState
2023-12-13 18:50:27,801 [s0-server-thread2] INFO  server.RaftServer$Division (ServerState.java:setRaftConf(382)) - s0@group-5BB5DA552FF4: set configuration 1: peers:[s8|0.0.0.0:34827, s0|0.0.0.0:43623]|listeners:[], old=peers:[s8|0.0.0.0:34827]|listeners:[]
2023-12-13 18:50:27,801 [s0-server-thread2] DEBUG server.RaftServer$Division (RaftServerImpl.java:logAppendEntries(1504)) - s0@group-5BB5DA552FF4: succeeded to handle AppendEntries. Reply: s8<-s0#2:OK-t1,SUCCESS,nextIndex=2,followerCommit=0,matchIndex=1
2023-12-13 18:50:27,802 [s8@group-5BB5DA552FF4-StateMachineUpdater] TRACE util.FileUtils (LogUtils.java:supplyAndLog(69)) - Successfully supplied FileChannel.open /home/runner/work/ratis/ratis/ratis-test/target/test/data/b8de9602/MiniRaftClusterWithGrpcac948085/s8/d6b72674-aab5-4ca2-affe-5bb5da552ff4/current/raft-meta.conf.tmp with options [CREATE, WRITE]: sun.nio.ch.FileChannelImpl@5969cfb
2023-12-13 18:50:27,802 [s8@group-5BB5DA552FF4-LeaderStateImpl] INFO  server.RaftServer$Division (ServerState.java:setRaftConf(382)) - s8@group-5BB5DA552FF4: set configuration 3: peers:[s8|0.0.0.0:34827, s0|0.0.0.0:43623]|listeners:[], old=null
2023-12-13 18:50:27,803 [s0-server-thread2] DEBUG server.RaftServer$Division (RaftServerImpl.java:logAppendEntries(1504)) - s0@group-5BB5DA552FF4: receive appendEntries(s8, 1, (t:1, i:1), 1, false, commits:[s8:c1, s0:c0], cId:3, entries: [(t:1, i:2), METADATAENTRY(c:1), (t:1, i:3), CONFIGURATIONENTRY(current:id: "s8"
address: "0.0.0.0:34827"
clientAddress: "0.0.0.0:34827"
adminAddress: "0.0.0.0:34827"
startupRole: FOLLOWER
,id: "s0"
address: "0.0.0.0:43623"
clientAddress: "0.0.0.0:43623"
adminAddress: "0.0.0.0:43623"
startupRole: FOLLOWER
, old:)]
2023-12-13 18:50:27,803 [s0-server-thread2] INFO  server.RaftServer$Division (ServerState.java:setRaftConf(382)) - s0@group-5BB5DA552FF4: set configuration 3: peers:[s8|0.0.0.0:34827, s0|0.0.0.0:43623]|listeners:[], old=null
2023-12-13 18:50:27,803 [s8@group-5BB5DA552FF4-StateMachineUpdater] TRACE util.FileUtils (LogUtils.java:runAndLog(49)) - Successfully ran Atomic Files.move /home/runner/work/ratis/ratis/ratis-test/target/test/data/b8de9602/MiniRaftClusterWithGrpcac948085/s8/d6b72674-aab5-4ca2-affe-5bb5da552ff4/current/raft-meta.conf.tmp to /home/runner/work/ratis/ratis/ratis-test/target/test/data/b8de9602/MiniRaftClusterWithGrpcac948085/s8/d6b72674-aab5-4ca2-affe-5bb5da552ff4/current/raft-meta.conf with options [REPLACE_EXISTING]
2023-12-13 18:50:27,804 [s0@group-5BB5DA552FF4-StateMachineUpdater] TRACE util.FileUtils (LogUtils.java:supplyAndLog(69)) - Successfully supplied FileChannel.open /home/runner/work/ratis/ratis/ratis-test/target/test/data/b8de9602/MiniRaftClusterWithGrpcac948085/s0/d6b72674-aab5-4ca2-affe-5bb5da552ff4/current/raft-meta.conf.tmp with options [CREATE, WRITE]: sun.nio.ch.FileChannelImpl@772b7e28
2023-12-13 18:50:27,804 [s0-server-thread2] DEBUG server.RaftServer$Division (RaftServerImpl.java:logAppendEntries(1504)) - s0@group-5BB5DA552FF4: succeeded to handle AppendEntries. Reply: s8<-s0#3:OK-t1,SUCCESS,nextIndex=4,followerCommit=1,matchIndex=3
2023-12-13 18:50:27,805 [s0@group-5BB5DA552FF4-StateMachineUpdater] TRACE util.FileUtils (LogUtils.java:runAndLog(49)) - Successfully ran Atomic Files.move /home/runner/work/ratis/ratis/ratis-test/target/test/data/b8de9602/MiniRaftClusterWithGrpcac948085/s0/d6b72674-aab5-4ca2-affe-5bb5da552ff4/current/raft-meta.conf.tmp to /home/runner/work/ratis/ratis/ratis-test/target/test/data/b8de9602/MiniRaftClusterWithGrpcac948085/s0/d6b72674-aab5-4ca2-affe-5bb5da552ff4/current/raft-meta.conf with options [REPLACE_EXISTING]
2023-12-13 18:50:27,805 [s8@group-5BB5DA552FF4-StateMachineUpdater] TRACE util.FileUtils (LogUtils.java:supplyAndLog(69)) - Successfully supplied FileChannel.open /home/runner/work/ratis/ratis/ratis-test/target/test/data/b8de9602/MiniRaftClusterWithGrpcac948085/s8/d6b72674-aab5-4ca2-affe-5bb5da552ff4/current/raft-meta.conf.tmp with options [CREATE, WRITE]: sun.nio.ch.FileChannelImpl@1a90891
2023-12-13 18:50:27,805 [s0-server-thread2] DEBUG server.RaftServer$Division (RaftServerImpl.java:logAppendEntries(1504)) - s0@group-5BB5DA552FF4: receive appendEntries(s8, 1, (t:1, i:3), 3, false, commits:[s8:c3, s0:c1], cId:4, entries: [(t:1, i:4), METADATAENTRY(c:3)]
2023-12-13 18:50:27,806 [Time-limited test] DEBUG client.RaftClient (RaftClientImpl.java:add(150)) - client-D4DD7F308FDD: add replied callId 45
2023-12-13 18:50:27,806 [s8@group-5BB5DA552FF4-StateMachineUpdater] TRACE util.FileUtils (LogUtils.java:runAndLog(49)) - Successfully ran Atomic Files.move /home/runner/work/ratis/ratis/ratis-test/target/test/data/b8de9602/MiniRaftClusterWithGrpcac948085/s8/d6b72674-aab5-4ca2-affe-5bb5da552ff4/current/raft-meta.conf.tmp to /home/runner/work/ratis/ratis/ratis-test/target/test/data/b8de9602/MiniRaftClusterWithGrpcac948085/s8/d6b72674-aab5-4ca2-affe-5bb5da552ff4/current/raft-meta.conf with options [REPLACE_EXISTING]
2023-12-13 18:50:27,806 [s0-server-thread2] DEBUG server.RaftServer$Division (RaftServerImpl.java:logAppendEntries(1504)) - s0@group-5BB5DA552FF4: succeeded to handle AppendEntries. Reply: s8<-s0#4:OK-t1,SUCCESS,nextIndex=5,followerCommit=3,matchIndex=4
2023-12-13 18:50:27,806 [s0@group-5BB5DA552FF4-StateMachineUpdater] TRACE util.FileUtils (LogUtils.java:supplyAndLog(69)) - Successfully supplied FileChannel.open /home/runner/work/ratis/ratis/ratis-test/target/test/data/b8de9602/MiniRaftClusterWithGrpcac948085/s0/d6b72674-aab5-4ca2-affe-5bb5da552ff4/current/raft-meta.conf.tmp with options [CREATE, WRITE]: sun.nio.ch.FileChannelImpl@7314f415
2023-12-13 18:50:27,807 [s0@group-5BB5DA552FF4-StateMachineUpdater] TRACE util.FileUtils (LogUtils.java:runAndLog(49)) - Successfully ran Atomic Files.move /home/runner/work/ratis/ratis/ratis-test/target/test/data/b8de9602/MiniRaftClusterWithGrpcac948085/s0/d6b72674-aab5-4ca2-affe-5bb5da552ff4/current/raft-meta.conf.tmp to /home/runner/work/ratis/ratis/ratis-test/target/test/data/b8de9602/MiniRaftClusterWithGrpcac948085/s0/d6b72674-aab5-4ca2-affe-5bb5da552ff4/current/raft-meta.conf with options [REPLACE_EXISTING]
2023-12-13 18:50:27,807 [s8-server-thread1] INFO  server.RaftServer$Division (RaftServerImpl.java:setConfigurationAsync(1264)) - s8@group-5BB5DA552FF4: receive setConfiguration SetConfigurationRequest:client-D4DD7F308FDD->s8@group-5BB5DA552FF4, cid=46, seq=null, RW, null, SET_UNCONDITIONALLY, servers:[s8|0.0.0.0:34827, s0|0.0.0.0:43623, s1|0.0.0.0:37641], listeners:[]
2023-12-13 18:50:27,807 [s8-server-thread1] INFO  server.RaftServer$Division (LeaderStateImpl.java:startSetConfiguration(488)) - s8@group-5BB5DA552FF4-LeaderStateImpl: startSetConfiguration SetConfigurationRequest:client-D4DD7F308FDD->s8@group-5BB5DA552FF4, cid=46, seq=null, RW, null, SET_UNCONDITIONALLY, servers:[s8|0.0.0.0:34827, s0|0.0.0.0:43623, s1|0.0.0.0:37641], listeners:[]
2023-12-13 18:50:27,807 [s8-server-thread1] INFO  server.RaftServerConfigKeys (ConfUtils.java:logGet(46)) - raft.server.log.appender.snapshot.chunk.size.max = 16MB (=16777216) (default)
2023-12-13 18:50:27,807 [s8-server-thread1] INFO  server.RaftServerConfigKeys (ConfUtils.java:logGet(46)) - raft.server.log.appender.buffer.byte-limit = 4MB (=4194304) (default)
2023-12-13 18:50:27,807 [s8-server-thread1] INFO  server.RaftServerConfigKeys (ConfUtils.java:logGet(46)) - raft.server.log.appender.buffer.element-limit = 0 (default)
2023-12-13 18:50:27,807 [s8-server-thread1] INFO  server.RaftServerConfigKeys (ConfUtils.java:logGet(46)) - raft.server.log.appender.wait-time.min = 1ms (default)
2023-12-13 18:50:27,807 [s8-server-thread1] INFO  grpc.GrpcConfigKeys (ConfUtils.java:logGet(46)) - raft.grpc.server.leader.outstanding.appends.max = 8 (default)
2023-12-13 18:50:27,807 [s8-server-thread1] INFO  server.RaftServerConfigKeys (ConfUtils.java:logGet(46)) - raft.server.rpc.request.timeout = 3000ms (default)
2023-12-13 18:50:27,807 [s8-server-thread1] INFO  grpc.GrpcConfigKeys (ConfUtils.java:logGet(46)) - raft.grpc.server.install_snapshot.request.element-limit = 8 (default)
2023-12-13 18:50:27,807 [s8-server-thread1] INFO  grpc.GrpcConfigKeys (ConfUtils.java:logGet(46)) - raft.grpc.server.install_snapshot.request.timeout = 3000ms (default)
2023-12-13 18:50:27,807 [s8-server-thread1] INFO  server.RaftServerConfigKeys (ConfUtils.java:logGet(46)) - raft.server.log.appender.install.snapshot.enabled = true (default)
2023-12-13 18:50:27,807 [s8-server-thread1] INFO  grpc.GrpcConfigKeys (ConfUtils.java:logGet(46)) - raft.grpc.server.heartbeat.channel = true (default)
2023-12-13 18:50:27,808 [s8@group-5BB5DA552FF4->s1-GrpcLogAppender-LogAppenderDaemon] INFO  leader.FollowerInfo (FollowerInfoImpl.java:setAttemptedToInstallSnapshot(154)) - Follower s8@group-5BB5DA552FF4->s1 acknowledged installing snapshot
2023-12-13 18:50:27,808 [s8@group-5BB5DA552FF4->s1-GrpcLogAppender-LogAppenderDaemon] INFO  server.GrpcServerProtocolClient (GrpcServerProtocolClient.java:<init>(65)) - Build channel for s1
2023-12-13 18:50:27,812 [s1-server-thread1] TRACE util.FileUtils (LogUtils.java:supplyAndLog(69)) - Successfully supplied FileChannel.open /home/runner/work/ratis/ratis/ratis-test/target/test/data/b8de9602/MiniRaftClusterWithGrpcac948085/s1/d6b72674-aab5-4ca2-affe-5bb5da552ff4/current/raft-meta.tmp with options [CREATE, WRITE]: sun.nio.ch.FileChannelImpl@217b19de
2023-12-13 18:50:27,812 [s1-server-thread1] TRACE util.FileUtils (LogUtils.java:runAndLog(49)) - Successfully ran Atomic Files.move /home/runner/work/ratis/ratis/ratis-test/target/test/data/b8de9602/MiniRaftClusterWithGrpcac948085/s1/d6b72674-aab5-4ca2-affe-5bb5da552ff4/current/raft-meta.tmp to /home/runner/work/ratis/ratis/ratis-test/target/test/data/b8de9602/MiniRaftClusterWithGrpcac948085/s1/d6b72674-aab5-4ca2-affe-5bb5da552ff4/current/raft-meta with options [REPLACE_EXISTING]
2023-12-13 18:50:27,813 [s1-server-thread1] INFO  server.RaftServer$Division (RaftServerImpl.java:setFirstElection(564)) - s1@group-5BB5DA552FF4: set firstElectionSinceStartup to false for appendEntries
2023-12-13 18:50:27,813 [s1-server-thread1] INFO  server.RaftServer$Division (ServerState.java:setLeader(265)) - s1@group-5BB5DA552FF4: change Leader from null to s8 at term 1 for appendEntries, leader elected after 87ms
2023-12-13 18:50:27,814 [s1-server-thread1] DEBUG server.RaftServer$Division (RaftServerImpl.java:logAppendEntries(1504)) - s1@group-5BB5DA552FF4: receive appendEntries(s8, 1, null, 4, true, commits:[s8:c4, s0:c3, s1:c-1], cId:1, entries: [(t:1, i:0), CONFIGURATIONENTRY(current:id: "s8"
address: "0.0.0.0:34827"
clientAddress: "0.0.0.0:34827"
adminAddress: "0.0.0.0:34827"
startupRole: FOLLOWER
, old:), (t:1, i:1), CONFIGURATIONENTRY(current:id: "s8"
address: "0.0.0.0:34827"
clientAddress: "0.0.0.0:34827"
adminAddress: "0.0.0.0:34827"
startupRole: FOLLOWER
,id: "s0"
address: "0.0.0.0:43623"
clientAddress: "0.0.0.0:43623"
adminAddress: "0.0.0.0:43623"
startupRole: FOLLOWER
, old:id: "s8"
address: "0.0.0.0:34827"
clientAddress: "0.0.0.0:34827"
adminAddress: "0.0.0.0:34827"
startupRole: FOLLOWER
), (t:1, i:2), METADATAENTRY(c:1), (t:1, i:3), CONFIGURATIONENTRY(current:id: "s8"
address: "0.0.0.0:34827"
clientAddress: "0.0.0.0:34827"
adminAddress: "0.0.0.0:34827"
startupRole: FOLLOWER
,id: "s0"
address: "0.0.0.0:43623"
clientAddress: "0.0.0.0:43623"
adminAddress: "0.0.0.0:43623"
startupRole: FOLLOWER
, old:), (t:1, i:4), METADATAENTRY(c:3)]
2023-12-13 18:50:27,814 [s1-server-thread1] INFO  server.RaftServer$Division (ServerState.java:setRaftConf(382)) - s1@group-5BB5DA552FF4: set configuration 0: peers:[s8|0.0.0.0:34827]|listeners:[], old=null
2023-12-13 18:50:27,814 [s1-server-thread1] INFO  server.RaftServer$Division (ServerState.java:setRaftConf(382)) - s1@group-5BB5DA552FF4: set configuration 1: peers:[s8|0.0.0.0:34827, s0|0.0.0.0:43623]|listeners:[], old=peers:[s8|0.0.0.0:34827]|listeners:[]
2023-12-13 18:50:27,814 [s1-server-thread1] INFO  server.RaftServer$Division (ServerState.java:setRaftConf(382)) - s1@group-5BB5DA552FF4: set configuration 3: peers:[s8|0.0.0.0:34827, s0|0.0.0.0:43623]|listeners:[], old=null
2023-12-13 18:50:27,814 [s1-server-thread1] INFO  segmented.SegmentedRaftLogWorker (SegmentedRaftLogWorker.java:startLogSegment(430)) - s1@group-5BB5DA552FF4-SegmentedRaftLogWorker: Starting segment from index:0
2023-12-13 18:50:27,816 [s1@group-5BB5DA552FF4-SegmentedRaftLogWorker] INFO  segmented.BufferedWriteChannel (BufferedWriteChannel.java:open(62)) - open log_inprogress_0 at position 0
2023-12-13 18:50:27,823 [s1@group-5BB5DA552FF4-SegmentedRaftLogWorker] INFO  segmented.SegmentedRaftLogWorker (SegmentedRaftLogWorker.java:execute(634)) - s1@group-5BB5DA552FF4-SegmentedRaftLogWorker: created new log segment /home/runner/work/ratis/ratis/ratis-test/target/test/data/b8de9602/MiniRaftClusterWithGrpcac948085/s1/d6b72674-aab5-4ca2-affe-5bb5da552ff4/current/log_inprogress_0
2023-12-13 18:50:27,823 [s1-server-thread1] DEBUG server.RaftServer$Division (RaftServerImpl.java:logAppendEntries(1504)) - s1@group-5BB5DA552FF4: succeeded to handle AppendEntries. Reply: s8<-s1#1:OK-t1,SUCCESS,nextIndex=5,followerCommit=4,matchIndex=4
2023-12-13 18:50:27,823 [s1@group-5BB5DA552FF4-StateMachineUpdater] TRACE util.FileUtils (LogUtils.java:supplyAndLog(69)) - Successfully supplied FileChannel.open /home/runner/work/ratis/ratis/ratis-test/target/test/data/b8de9602/MiniRaftClusterWithGrpcac948085/s1/d6b72674-aab5-4ca2-affe-5bb5da552ff4/current/raft-meta.conf.tmp with options [CREATE, WRITE]: sun.nio.ch.FileChannelImpl@3c963d59
2023-12-13 18:50:27,824 [s1@group-5BB5DA552FF4-StateMachineUpdater] TRACE util.FileUtils (LogUtils.java:runAndLog(49)) - Successfully ran Atomic Files.move /home/runner/work/ratis/ratis/ratis-test/target/test/data/b8de9602/MiniRaftClusterWithGrpcac948085/s1/d6b72674-aab5-4ca2-affe-5bb5da552ff4/current/raft-meta.conf.tmp to /home/runner/work/ratis/ratis/ratis-test/target/test/data/b8de9602/MiniRaftClusterWithGrpcac948085/s1/d6b72674-aab5-4ca2-affe-5bb5da552ff4/current/raft-meta.conf with options [REPLACE_EXISTING]
2023-12-13 18:50:27,824 [s1@group-5BB5DA552FF4-StateMachineUpdater] TRACE util.FileUtils (LogUtils.java:supplyAndLog(69)) - Successfully supplied FileChannel.open /home/runner/work/ratis/ratis/ratis-test/target/test/data/b8de9602/MiniRaftClusterWithGrpcac948085/s1/d6b72674-aab5-4ca2-affe-5bb5da552ff4/current/raft-meta.conf.tmp with options [CREATE, WRITE]: sun.nio.ch.FileChannelImpl@3251c4bb
2023-12-13 18:50:27,824 [s8@group-5BB5DA552FF4-LeaderStateImpl] INFO  server.RaftServer$Division (ServerState.java:setRaftConf(382)) - s8@group-5BB5DA552FF4: set configuration 5: peers:[s8|0.0.0.0:34827, s0|0.0.0.0:43623, s1|0.0.0.0:37641]|listeners:[], old=peers:[s8|0.0.0.0:34827, s0|0.0.0.0:43623]|listeners:[]
2023-12-13 18:50:27,825 [s0-server-thread2] DEBUG server.RaftServer$Division (RaftServerImpl.java:logAppendEntries(1504)) - s0@group-5BB5DA552FF4: receive appendEntries(s8, 1, (t:1, i:4), 4, false, commits:[s8:c4, s0:c3, s1:c4], cId:7, entries: [(t:1, i:5), CONFIGURATIONENTRY(current:id: "s8"
address: "0.0.0.0:34827"
clientAddress: "0.0.0.0:34827"
adminAddress: "0.0.0.0:34827"
startupRole: FOLLOWER
,id: "s0"
address: "0.0.0.0:43623"
clientAddress: "0.0.0.0:43623"
adminAddress: "0.0.0.0:43623"
startupRole: FOLLOWER
,id: "s1"
address: "0.0.0.0:37641"
clientAddress: "0.0.0.0:37641"
adminAddress: "0.0.0.0:37641"
startupRole: FOLLOWER
, old:id: "s8"
address: "0.0.0.0:34827"
clientAddress: "0.0.0.0:34827"
adminAddress: "0.0.0.0:34827"
startupRole: FOLLOWER
,id: "s0"
address: "0.0.0.0:43623"
clientAddress: "0.0.0.0:43623"
adminAddress: "0.0.0.0:43623"
startupRole: FOLLOWER
)]
2023-12-13 18:50:27,826 [s0-server-thread2] INFO  server.RaftServer$Division (ServerState.java:setRaftConf(382)) - s0@group-5BB5DA552FF4: set configuration 5: peers:[s8|0.0.0.0:34827, s0|0.0.0.0:43623, s1|0.0.0.0:37641]|listeners:[], old=peers:[s8|0.0.0.0:34827, s0|0.0.0.0:43623]|listeners:[]
2023-12-13 18:50:27,826 [s1-server-thread1] DEBUG server.RaftServer$Division (RaftServerImpl.java:logAppendEntries(1504)) - s1@group-5BB5DA552FF4: receive appendEntries(s8, 1, (t:1, i:4), 4, false, commits:[s8:c4, s0:c3, s1:c4], cId:3, entries: [(t:1, i:5), CONFIGURATIONENTRY(current:id: "s8"
address: "0.0.0.0:34827"
clientAddress: "0.0.0.0:34827"
adminAddress: "0.0.0.0:34827"
startupRole: FOLLOWER
,id: "s0"
address: "0.0.0.0:43623"
clientAddress: "0.0.0.0:43623"
adminAddress: "0.0.0.0:43623"
startupRole: FOLLOWER
,id: "s1"
address: "0.0.0.0:37641"
clientAddress: "0.0.0.0:37641"
adminAddress: "0.0.0.0:37641"
startupRole: FOLLOWER
, old:id: "s8"
address: "0.0.0.0:34827"
clientAddress: "0.0.0.0:34827"
adminAddress: "0.0.0.0:34827"
startupRole: FOLLOWER
,id: "s0"
address: "0.0.0.0:43623"
clientAddress: "0.0.0.0:43623"
adminAddress: "0.0.0.0:43623"
startupRole: FOLLOWER
)]
2023-12-13 18:50:27,826 [s1-server-thread1] INFO  impl.RoleInfo (RoleInfo.java:updateAndGet(139)) - s1: start s1@group-5BB5DA552FF4-FollowerState
2023-12-13 18:50:27,826 [s1-server-thread1] INFO  server.RaftServer$Division (ServerState.java:setRaftConf(382)) - s1@group-5BB5DA552FF4: set configuration 5: peers:[s8|0.0.0.0:34827, s0|0.0.0.0:43623, s1|0.0.0.0:37641]|listeners:[], old=peers:[s8|0.0.0.0:34827, s0|0.0.0.0:43623]|listeners:[]
2023-12-13 18:50:27,826 [s0-server-thread2] DEBUG server.RaftServer$Division (RaftServerImpl.java:logAppendEntries(1504)) - s0@group-5BB5DA552FF4: succeeded to handle AppendEntries. Reply: s8<-s0#7:OK-t1,SUCCESS,nextIndex=6,followerCommit=4,matchIndex=5
2023-12-13 18:50:27,826 [s1@group-5BB5DA552FF4-StateMachineUpdater] TRACE util.FileUtils (LogUtils.java:runAndLog(49)) - Successfully ran Atomic Files.move /home/runner/work/ratis/ratis/ratis-test/target/test/data/b8de9602/MiniRaftClusterWithGrpcac948085/s1/d6b72674-aab5-4ca2-affe-5bb5da552ff4/current/raft-meta.conf.tmp to /home/runner/work/ratis/ratis/ratis-test/target/test/data/b8de9602/MiniRaftClusterWithGrpcac948085/s1/d6b72674-aab5-4ca2-affe-5bb5da552ff4/current/raft-meta.conf with options [REPLACE_EXISTING]
2023-12-13 18:50:27,827 [s1@group-5BB5DA552FF4-StateMachineUpdater] TRACE util.FileUtils (LogUtils.java:supplyAndLog(69)) - Successfully supplied FileChannel.open /home/runner/work/ratis/ratis/ratis-test/target/test/data/b8de9602/MiniRaftClusterWithGrpcac948085/s1/d6b72674-aab5-4ca2-affe-5bb5da552ff4/current/raft-meta.conf.tmp with options [CREATE, WRITE]: sun.nio.ch.FileChannelImpl@366e5629
2023-12-13 18:50:27,827 [s8@group-5BB5DA552FF4-StateMachineUpdater] TRACE util.FileUtils (LogUtils.java:supplyAndLog(69)) - Successfully supplied FileChannel.open /home/runner/work/ratis/ratis/ratis-test/target/test/data/b8de9602/MiniRaftClusterWithGrpcac948085/s8/d6b72674-aab5-4ca2-affe-5bb5da552ff4/current/raft-meta.conf.tmp with options [CREATE, WRITE]: sun.nio.ch.FileChannelImpl@44ab96c0
2023-12-13 18:50:27,827 [s8@group-5BB5DA552FF4-LeaderStateImpl] INFO  server.RaftServer$Division (ServerState.java:setRaftConf(382)) - s8@group-5BB5DA552FF4: set configuration 7: peers:[s8|0.0.0.0:34827, s0|0.0.0.0:43623, s1|0.0.0.0:37641]|listeners:[], old=null
2023-12-13 18:50:27,828 [s1@group-5BB5DA552FF4-StateMachineUpdater] TRACE util.FileUtils (LogUtils.java:runAndLog(49)) - Successfully ran Atomic Files.move /home/runner/work/ratis/ratis/ratis-test/target/test/data/b8de9602/MiniRaftClusterWithGrpcac948085/s1/d6b72674-aab5-4ca2-affe-5bb5da552ff4/current/raft-meta.conf.tmp to /home/runner/work/ratis/ratis/ratis-test/target/test/data/b8de9602/MiniRaftClusterWithGrpcac948085/s1/d6b72674-aab5-4ca2-affe-5bb5da552ff4/current/raft-meta.conf with options [REPLACE_EXISTING]
2023-12-13 18:50:27,828 [s1-server-thread1] DEBUG server.RaftServer$Division (RaftServerImpl.java:logAppendEntries(1504)) - s1@group-5BB5DA552FF4: succeeded to handle AppendEntries. Reply: s8<-s1#3:OK-t1,SUCCESS,nextIndex=6,followerCommit=4,matchIndex=5
2023-12-13 18:50:27,828 [s8@group-5BB5DA552FF4-StateMachineUpdater] TRACE util.FileUtils (LogUtils.java:runAndLog(49)) - Successfully ran Atomic Files.move /home/runner/work/ratis/ratis/ratis-test/target/test/data/b8de9602/MiniRaftClusterWithGrpcac948085/s8/d6b72674-aab5-4ca2-affe-5bb5da552ff4/current/raft-meta.conf.tmp to /home/runner/work/ratis/ratis/ratis-test/target/test/data/b8de9602/MiniRaftClusterWithGrpcac948085/s8/d6b72674-aab5-4ca2-affe-5bb5da552ff4/current/raft-meta.conf with options [REPLACE_EXISTING]
2023-12-13 18:50:27,828 [s0-server-thread2] DEBUG server.RaftServer$Division (RaftServerImpl.java:logAppendEntries(1504)) - s0@group-5BB5DA552FF4: receive appendEntries(s8, 1, (t:1, i:5), 5, false, commits:[s8:c5, s0:c4, s1:c4], cId:8, entries: [(t:1, i:6), METADATAENTRY(c:5), (t:1, i:7), CONFIGURATIONENTRY(current:id: "s8"
address: "0.0.0.0:34827"
clientAddress: "0.0.0.0:34827"
adminAddress: "0.0.0.0:34827"
startupRole: FOLLOWER
,id: "s0"
address: "0.0.0.0:43623"
clientAddress: "0.0.0.0:43623"
adminAddress: "0.0.0.0:43623"
startupRole: FOLLOWER
,id: "s1"
address: "0.0.0.0:37641"
clientAddress: "0.0.0.0:37641"
adminAddress: "0.0.0.0:37641"
startupRole: FOLLOWER
, old:)]
2023-12-13 18:50:27,828 [s1-server-thread2] DEBUG server.RaftServer$Division (RaftServerImpl.java:logAppendEntries(1504)) - s1@group-5BB5DA552FF4: receive appendEntries(s8, 1, (t:1, i:5), 5, false, commits:[s8:c5, s0:c4, s1:c4], cId:4, entries: [(t:1, i:6), METADATAENTRY(c:5), (t:1, i:7), CONFIGURATIONENTRY(current:id: "s8"
address: "0.0.0.0:34827"
clientAddress: "0.0.0.0:34827"
adminAddress: "0.0.0.0:34827"
startupRole: FOLLOWER
,id: "s0"
address: "0.0.0.0:43623"
clientAddress: "0.0.0.0:43623"
adminAddress: "0.0.0.0:43623"
startupRole: FOLLOWER
,id: "s1"
address: "0.0.0.0:37641"
clientAddress: "0.0.0.0:37641"
adminAddress: "0.0.0.0:37641"
startupRole: FOLLOWER
, old:)]
2023-12-13 18:50:27,828 [s0-server-thread2] INFO  server.RaftServer$Division (ServerState.java:setRaftConf(382)) - s0@group-5BB5DA552FF4: set configuration 7: peers:[s8|0.0.0.0:34827, s0|0.0.0.0:43623, s1|0.0.0.0:37641]|listeners:[], old=null
2023-12-13 18:50:27,829 [s1-server-thread2] INFO  server.RaftServer$Division (ServerState.java:setRaftConf(382)) - s1@group-5BB5DA552FF4: set configuration 7: peers:[s8|0.0.0.0:34827, s0|0.0.0.0:43623, s1|0.0.0.0:37641]|listeners:[], old=null
2023-12-13 18:50:27,829 [s0-server-thread2] DEBUG server.RaftServer$Division (RaftServerImpl.java:logAppendEntries(1504)) - s0@group-5BB5DA552FF4: succeeded to handle AppendEntries. Reply: s8<-s0#8:OK-t1,SUCCESS,nextIndex=8,followerCommit=5,matchIndex=7
2023-12-13 18:50:27,829 [s0@group-5BB5DA552FF4-StateMachineUpdater] TRACE util.FileUtils (LogUtils.java:supplyAndLog(69)) - Successfully supplied FileChannel.open /home/runner/work/ratis/ratis/ratis-test/target/test/data/b8de9602/MiniRaftClusterWithGrpcac948085/s0/d6b72674-aab5-4ca2-affe-5bb5da552ff4/current/raft-meta.conf.tmp with options [CREATE, WRITE]: sun.nio.ch.FileChannelImpl@36167413
2023-12-13 18:50:27,830 [s8@group-5BB5DA552FF4-StateMachineUpdater] TRACE util.FileUtils (LogUtils.java:supplyAndLog(69)) - Successfully supplied FileChannel.open /home/runner/work/ratis/ratis/ratis-test/target/test/data/b8de9602/MiniRaftClusterWithGrpcac948085/s8/d6b72674-aab5-4ca2-affe-5bb5da552ff4/current/raft-meta.conf.tmp with options [CREATE, WRITE]: sun.nio.ch.FileChannelImpl@4465abdf
2023-12-13 18:50:27,830 [s1-server-thread2] DEBUG server.RaftServer$Division (RaftServerImpl.java:logAppendEntries(1504)) - s1@group-5BB5DA552FF4: succeeded to handle AppendEntries. Reply: s8<-s1#4:OK-t1,SUCCESS,nextIndex=8,followerCommit=5,matchIndex=7
2023-12-13 18:50:27,831 [s0@group-5BB5DA552FF4-StateMachineUpdater] TRACE util.FileUtils (LogUtils.java:runAndLog(49)) - Successfully ran Atomic Files.move /home/runner/work/ratis/ratis/ratis-test/target/test/data/b8de9602/MiniRaftClusterWithGrpcac948085/s0/d6b72674-aab5-4ca2-affe-5bb5da552ff4/current/raft-meta.conf.tmp to /home/runner/work/ratis/ratis/ratis-test/target/test/data/b8de9602/MiniRaftClusterWithGrpcac948085/s0/d6b72674-aab5-4ca2-affe-5bb5da552ff4/current/raft-meta.conf with options [REPLACE_EXISTING]
2023-12-13 18:50:27,832 [Time-limited test] DEBUG client.RaftClient (RaftClientImpl.java:add(150)) - client-D4DD7F308FDD: add replied callId 46
2023-12-13 18:50:27,832 [s0-server-thread2] DEBUG server.RaftServer$Division (RaftServerImpl.java:logAppendEntries(1504)) - s0@group-5BB5DA552FF4: receive appendEntries(s8, 1, (t:1, i:7), 7, false, commits:[s8:c7, s0:c5, s1:c4], cId:9, entries: [(t:1, i:8), METADATAENTRY(c:7)]
2023-12-13 18:50:27,832 [s1@group-5BB5DA552FF4-StateMachineUpdater] TRACE util.FileUtils (LogUtils.java:supplyAndLog(69)) - Successfully supplied FileChannel.open /home/runner/work/ratis/ratis/ratis-test/target/test/data/b8de9602/MiniRaftClusterWithGrpcac948085/s1/d6b72674-aab5-4ca2-affe-5bb5da552ff4/current/raft-meta.conf.tmp with options [CREATE, WRITE]: sun.nio.ch.FileChannelImpl@736cce80
2023-12-13 18:50:27,832 [s1-server-thread2] DEBUG server.RaftServer$Division (RaftServerImpl.java:logAppendEntries(1504)) - s1@group-5BB5DA552FF4: receive appendEntries(s8, 1, (t:1, i:7), 7, false, commits:[s8:c7, s0:c5, s1:c4], cId:6, entries: [(t:1, i:8), METADATAENTRY(c:7)]
2023-12-13 18:50:27,832 [s8@group-5BB5DA552FF4-StateMachineUpdater] TRACE util.FileUtils (LogUtils.java:runAndLog(49)) - Successfully ran Atomic Files.move /home/runner/work/ratis/ratis/ratis-test/target/test/data/b8de9602/MiniRaftClusterWithGrpcac948085/s8/d6b72674-aab5-4ca2-affe-5bb5da552ff4/current/raft-meta.conf.tmp to /home/runner/work/ratis/ratis/ratis-test/target/test/data/b8de9602/MiniRaftClusterWithGrpcac948085/s8/d6b72674-aab5-4ca2-affe-5bb5da552ff4/current/raft-meta.conf with options [REPLACE_EXISTING]
2023-12-13 18:50:27,833 [s1@group-5BB5DA552FF4-StateMachineUpdater] TRACE util.FileUtils (LogUtils.java:runAndLog(49)) - Successfully ran Atomic Files.move /home/runner/work/ratis/ratis/ratis-test/target/test/data/b8de9602/MiniRaftClusterWithGrpcac948085/s1/d6b72674-aab5-4ca2-affe-5bb5da552ff4/current/raft-meta.conf.tmp to /home/runner/work/ratis/ratis/ratis-test/target/test/data/b8de9602/MiniRaftClusterWithGrpcac948085/s1/d6b72674-aab5-4ca2-affe-5bb5da552ff4/current/raft-meta.conf with options [REPLACE_EXISTING]
2023-12-13 18:50:27,833 [s8-server-thread1] INFO  server.RaftServer$Division (RaftServerImpl.java:setConfigurationAsync(1264)) - s8@group-5BB5DA552FF4: receive setConfiguration SetConfigurationRequest:client-D4DD7F308FDD->s8@group-5BB5DA552FF4, cid=47, seq=null, RW, null, SET_UNCONDITIONALLY, servers:[s3|0.0.0.0:38599, s8|0.0.0.0:34827, s0|0.0.0.0:43623, s1|0.0.0.0:37641, s2|0.0.0.0:44395], listeners:[]
2023-12-13 18:50:27,834 [s8-server-thread1] INFO  server.RaftServer$Division (LeaderStateImpl.java:startSetConfiguration(488)) - s8@group-5BB5DA552FF4-LeaderStateImpl: startSetConfiguration SetConfigurationRequest:client-D4DD7F308FDD->s8@group-5BB5DA552FF4, cid=47, seq=null, RW, null, SET_UNCONDITIONALLY, servers:[s3|0.0.0.0:38599, s8|0.0.0.0:34827, s0|0.0.0.0:43623, s1|0.0.0.0:37641, s2|0.0.0.0:44395], listeners:[]
2023-12-13 18:50:27,834 [s8-server-thread1] INFO  server.RaftServerConfigKeys (ConfUtils.java:logGet(46)) - raft.server.log.appender.snapshot.chunk.size.max = 16MB (=16777216) (default)
2023-12-13 18:50:27,834 [s8-server-thread1] INFO  server.RaftServerConfigKeys (ConfUtils.java:logGet(46)) - raft.server.log.appender.buffer.byte-limit = 4MB (=4194304) (default)
2023-12-13 18:50:27,834 [s8-server-thread1] INFO  server.RaftServerConfigKeys (ConfUtils.java:logGet(46)) - raft.server.log.appender.buffer.element-limit = 0 (default)
2023-12-13 18:50:27,834 [s8-server-thread1] INFO  server.RaftServerConfigKeys (ConfUtils.java:logGet(46)) - raft.server.log.appender.wait-time.min = 1ms (default)
2023-12-13 18:50:27,834 [s8-server-thread1] INFO  grpc.GrpcConfigKeys (ConfUtils.java:logGet(46)) - raft.grpc.server.leader.outstanding.appends.max = 8 (default)
2023-12-13 18:50:27,834 [s8-server-thread1] INFO  server.RaftServerConfigKeys (ConfUtils.java:logGet(46)) - raft.server.rpc.request.timeout = 3000ms (default)
2023-12-13 18:50:27,834 [s8-server-thread1] INFO  grpc.GrpcConfigKeys (ConfUtils.java:logGet(46)) - raft.grpc.server.install_snapshot.request.element-limit = 8 (default)
2023-12-13 18:50:27,834 [s8-server-thread1] INFO  grpc.GrpcConfigKeys (ConfUtils.java:logGet(46)) - raft.grpc.server.install_snapshot.request.timeout = 3000ms (default)
2023-12-13 18:50:27,834 [s1-server-thread2] DEBUG server.RaftServer$Division (RaftServerImpl.java:logAppendEntries(1504)) - s1@group-5BB5DA552FF4: succeeded to handle AppendEntries. Reply: s8<-s1#6:OK-t1,SUCCESS,nextIndex=9,followerCommit=7,matchIndex=8
2023-12-13 18:50:27,834 [s8-server-thread1] INFO  server.RaftServerConfigKeys (ConfUtils.java:logGet(46)) - raft.server.log.appender.install.snapshot.enabled = true (default)
2023-12-13 18:50:27,834 [s1@group-5BB5DA552FF4-StateMachineUpdater] TRACE util.FileUtils (LogUtils.java:supplyAndLog(69)) - Successfully supplied FileChannel.open /home/runner/work/ratis/ratis/ratis-test/target/test/data/b8de9602/MiniRaftClusterWithGrpcac948085/s1/d6b72674-aab5-4ca2-affe-5bb5da552ff4/current/raft-meta.conf.tmp with options [CREATE, WRITE]: sun.nio.ch.FileChannelImpl@7e9d5941
2023-12-13 18:50:27,834 [s8-server-thread1] INFO  grpc.GrpcConfigKeys (ConfUtils.java:logGet(46)) - raft.grpc.server.heartbeat.channel = true (default)
2023-12-13 18:50:27,835 [s8-server-thread1] INFO  server.RaftServerConfigKeys (ConfUtils.java:logGet(46)) - raft.server.log.appender.snapshot.chunk.size.max = 16MB (=16777216) (default)
2023-12-13 18:50:27,835 [s8-server-thread1] INFO  server.RaftServerConfigKeys (ConfUtils.java:logGet(46)) - raft.server.log.appender.buffer.byte-limit = 4MB (=4194304) (default)
2023-12-13 18:50:27,835 [s8-server-thread1] INFO  server.RaftServerConfigKeys (ConfUtils.java:logGet(46)) - raft.server.log.appender.buffer.element-limit = 0 (default)
2023-12-13 18:50:27,835 [s8-server-thread1] INFO  server.RaftServerConfigKeys (ConfUtils.java:logGet(46)) - raft.server.log.appender.wait-time.min = 1ms (default)
2023-12-13 18:50:27,835 [s8-server-thread1] INFO  grpc.GrpcConfigKeys (ConfUtils.java:logGet(46)) - raft.grpc.server.leader.outstanding.appends.max = 8 (default)
2023-12-13 18:50:27,835 [s8-server-thread1] INFO  server.RaftServerConfigKeys (ConfUtils.java:logGet(46)) - raft.server.rpc.request.timeout = 3000ms (default)
2023-12-13 18:50:27,835 [s8-server-thread1] INFO  grpc.GrpcConfigKeys (ConfUtils.java:logGet(46)) - raft.grpc.server.install_snapshot.request.element-limit = 8 (default)
2023-12-13 18:50:27,835 [s8-server-thread1] INFO  grpc.GrpcConfigKeys (ConfUtils.java:logGet(46)) - raft.grpc.server.install_snapshot.request.timeout = 3000ms (default)
2023-12-13 18:50:27,835 [s0-server-thread2] DEBUG server.RaftServer$Division (RaftServerImpl.java:logAppendEntries(1504)) - s0@group-5BB5DA552FF4: succeeded to handle AppendEntries. Reply: s8<-s0#9:OK-t1,SUCCESS,nextIndex=9,followerCommit=7,matchIndex=8
2023-12-13 18:50:27,835 [s0@group-5BB5DA552FF4-StateMachineUpdater] TRACE util.FileUtils (LogUtils.java:supplyAndLog(69)) - Successfully supplied FileChannel.open /home/runner/work/ratis/ratis/ratis-test/target/test/data/b8de9602/MiniRaftClusterWithGrpcac948085/s0/d6b72674-aab5-4ca2-affe-5bb5da552ff4/current/raft-meta.conf.tmp with options [CREATE, WRITE]: sun.nio.ch.FileChannelImpl@2b9cd203
2023-12-13 18:50:27,835 [s1@group-5BB5DA552FF4-StateMachineUpdater] TRACE util.FileUtils (LogUtils.java:runAndLog(49)) - Successfully ran Atomic Files.move /home/runner/work/ratis/ratis/ratis-test/target/test/data/b8de9602/MiniRaftClusterWithGrpcac948085/s1/d6b72674-aab5-4ca2-affe-5bb5da552ff4/current/raft-meta.conf.tmp to /home/runner/work/ratis/ratis/ratis-test/target/test/data/b8de9602/MiniRaftClusterWithGrpcac948085/s1/d6b72674-aab5-4ca2-affe-5bb5da552ff4/current/raft-meta.conf with options [REPLACE_EXISTING]
2023-12-13 18:50:27,835 [s8-server-thread1] INFO  server.RaftServerConfigKeys (ConfUtils.java:logGet(46)) - raft.server.log.appender.install.snapshot.enabled = true (default)
2023-12-13 18:50:27,836 [s8-server-thread1] INFO  grpc.GrpcConfigKeys (ConfUtils.java:logGet(46)) - raft.grpc.server.heartbeat.channel = true (default)
2023-12-13 18:50:27,836 [s8@group-5BB5DA552FF4->s3-GrpcLogAppender-LogAppenderDaemon] INFO  leader.FollowerInfo (FollowerInfoImpl.java:setAttemptedToInstallSnapshot(154)) - Follower s8@group-5BB5DA552FF4->s3 acknowledged installing snapshot
2023-12-13 18:50:27,836 [s8@group-5BB5DA552FF4->s3-GrpcLogAppender-LogAppenderDaemon] INFO  server.GrpcServerProtocolClient (GrpcServerProtocolClient.java:<init>(65)) - Build channel for s3
2023-12-13 18:50:27,837 [s0@group-5BB5DA552FF4-StateMachineUpdater] TRACE util.FileUtils (LogUtils.java:runAndLog(49)) - Successfully ran Atomic Files.move /home/runner/work/ratis/ratis/ratis-test/target/test/data/b8de9602/MiniRaftClusterWithGrpcac948085/s0/d6b72674-aab5-4ca2-affe-5bb5da552ff4/current/raft-meta.conf.tmp to /home/runner/work/ratis/ratis/ratis-test/target/test/data/b8de9602/MiniRaftClusterWithGrpcac948085/s0/d6b72674-aab5-4ca2-affe-5bb5da552ff4/current/raft-meta.conf with options [REPLACE_EXISTING]
2023-12-13 18:50:27,837 [s8@group-5BB5DA552FF4->s2-GrpcLogAppender-LogAppenderDaemon] INFO  leader.FollowerInfo (FollowerInfoImpl.java:setAttemptedToInstallSnapshot(154)) - Follower s8@group-5BB5DA552FF4->s2 acknowledged installing snapshot
2023-12-13 18:50:27,837 [s8@group-5BB5DA552FF4->s2-GrpcLogAppender-LogAppenderDaemon] INFO  server.GrpcServerProtocolClient (GrpcServerProtocolClient.java:<init>(65)) - Build channel for s2
2023-12-13 18:50:27,864 [s3-server-thread1] TRACE util.FileUtils (LogUtils.java:supplyAndLog(69)) - Successfully supplied FileChannel.open /home/runner/work/ratis/ratis/ratis-test/target/test/data/b8de9602/MiniRaftClusterWithGrpcac948085/s3/d6b72674-aab5-4ca2-affe-5bb5da552ff4/current/raft-meta.tmp with options [CREATE, WRITE]: sun.nio.ch.FileChannelImpl@1b777539
2023-12-13 18:50:27,864 [s2-server-thread1] TRACE util.FileUtils (LogUtils.java:supplyAndLog(69)) - Successfully supplied FileChannel.open /home/runner/work/ratis/ratis/ratis-test/target/test/data/b8de9602/MiniRaftClusterWithGrpcac948085/s2/d6b72674-aab5-4ca2-affe-5bb5da552ff4/current/raft-meta.tmp with options [CREATE, WRITE]: sun.nio.ch.FileChannelImpl@562465d4
2023-12-13 18:50:27,865 [s2-server-thread1] TRACE util.FileUtils (LogUtils.java:runAndLog(49)) - Successfully ran Atomic Files.move /home/runner/work/ratis/ratis/ratis-test/target/test/data/b8de9602/MiniRaftClusterWithGrpcac948085/s2/d6b72674-aab5-4ca2-affe-5bb5da552ff4/current/raft-meta.tmp to /home/runner/work/ratis/ratis/ratis-test/target/test/data/b8de9602/MiniRaftClusterWithGrpcac948085/s2/d6b72674-aab5-4ca2-affe-5bb5da552ff4/current/raft-meta with options [REPLACE_EXISTING]
2023-12-13 18:50:27,865 [s2-server-thread1] INFO  server.RaftServer$Division (RaftServerImpl.java:setFirstElection(564)) - s2@group-5BB5DA552FF4: set firstElectionSinceStartup to false for appendEntries
2023-12-13 18:50:27,866 [s2-server-thread1] INFO  server.RaftServer$Division (ServerState.java:setLeader(265)) - s2@group-5BB5DA552FF4: change Leader from null to s8 at term 1 for appendEntries, leader elected after 130ms
2023-12-13 18:50:27,866 [s3-server-thread1] TRACE util.FileUtils (LogUtils.java:runAndLog(49)) - Successfully ran Atomic Files.move /home/runner/work/ratis/ratis/ratis-test/target/test/data/b8de9602/MiniRaftClusterWithGrpcac948085/s3/d6b72674-aab5-4ca2-affe-5bb5da552ff4/current/raft-meta.tmp to /home/runner/work/ratis/ratis/ratis-test/target/test/data/b8de9602/MiniRaftClusterWithGrpcac948085/s3/d6b72674-aab5-4ca2-affe-5bb5da552ff4/current/raft-meta with options [REPLACE_EXISTING]
2023-12-13 18:50:27,866 [s3-server-thread1] INFO  server.RaftServer$Division (RaftServerImpl.java:setFirstElection(564)) - s3@group-5BB5DA552FF4: set firstElectionSinceStartup to false for appendEntries
2023-12-13 18:50:27,866 [s3-server-thread1] INFO  server.RaftServer$Division (ServerState.java:setLeader(265)) - s3@group-5BB5DA552FF4: change Leader from null to s8 at term 1 for appendEntries, leader elected after 172ms
2023-12-13 18:50:27,867 [s3-server-thread2] DEBUG server.RaftServer$Division (RaftServerImpl.java:logAppendEntries(1504)) - s3@group-5BB5DA552FF4: receive appendEntries(s8, 1, null, 8, true, commits:[s8:c8, s0:c7, s1:c7, s3:c-1, s2:c-1], cId:1, entries: [(t:1, i:0), CONFIGURATIONENTRY(current:id: "s8"
address: "0.0.0.0:34827"
clientAddress: "0.0.0.0:34827"
adminAddress: "0.0.0.0:34827"
startupRole: FOLLOWER
, old:), (t:1, i:1), CONFIGURATIONENTRY(current:id: "s8"
address: "0.0.0.0:34827"
clientAddress: "0.0.0.0:34827"
adminAddress: "0.0.0.0:34827"
startupRole: FOLLOWER
,id: "s0"
address: "0.0.0.0:43623"
clientAddress: "0.0.0.0:43623"
adminAddress: "0.0.0.0:43623"
startupRole: FOLLOWER
, old:id: "s8"
address: "0.0.0.0:34827"
clientAddress: "0.0.0.0:34827"
adminAddress: "0.0.0.0:34827"
startupRole: FOLLOWER
), (t:1, i:2), METADATAENTRY(c:1), (t:1, i:3), CONFIGURATIONENTRY(current:id: "s8"
address: "0.0.0.0:34827"
clientAddress: "0.0.0.0:34827"
adminAddress: "0.0.0.0:34827"
startupRole: FOLLOWER
,id: "s0"
address: "0.0.0.0:43623"
clientAddress: "0.0.0.0:43623"
adminAddress: "0.0.0.0:43623"
startupRole: FOLLOWER
, old:), (t:1, i:4), METADATAENTRY(c:3), (t:1, i:5), CONFIGURATIONENTRY(current:id: "s8"
address: "0.0.0.0:34827"
clientAddress: "0.0.0.0:34827"
adminAddress: "0.0.0.0:34827"
startupRole: FOLLOWER
,id: "s0"
address: "0.0.0.0:43623"
clientAddress: "0.0.0.0:43623"
adminAddress: "0.0.0.0:43623"
startupRole: FOLLOWER
,id: "s1"
address: "0.0.0.0:37641"
clientAddress: "0.0.0.0:37641"
adminAddress: "0.0.0.0:37641"
startupRole: FOLLOWER
, old:id: "s8"
address: "0.0.0.0:34827"
clientAddress: "0.0.0.0:34827"
adminAddress: "0.0.0.0:34827"
startupRole: FOLLOWER
,id: "s0"
address: "0.0.0.0:43623"
clientAddress: "0.0.0.0:43623"
adminAddress: "0.0.0.0:43623"
startupRole: FOLLOWER
), (t:1, i:6), METADATAENTRY(c:5), (t:1, i:7), CONFIGURATIONENTRY(current:id: "s8"
address: "0.0.0.0:34827"
clientAddress: "0.0.0.0:34827"
adminAddress: "0.0.0.0:34827"
startupRole: FOLLOWER
,id: "s0"
address: "0.0.0.0:43623"
clientAddress: "0.0.0.0:43623"
adminAddress: "0.0.0.0:43623"
startupRole: FOLLOWER
,id: "s1"
address: "0.0.0.0:37641"
clientAddress: "0.0.0.0:37641"
adminAddress: "0.0.0.0:37641"
startupRole: FOLLOWER
, old:), (t:1, i:8), METADATAENTRY(c:7)]
2023-12-13 18:50:27,868 [s2-server-thread3] DEBUG server.RaftServer$Division (RaftServerImpl.java:logAppendEntries(1504)) - s2@group-5BB5DA552FF4: receive appendEntries(s8, 1, null, 8, true, commits:[s8:c8, s0:c7, s1:c7, s3:c-1, s2:c-1], cId:1, entries: [(t:1, i:0), CONFIGURATIONENTRY(current:id: "s8"
address: "0.0.0.0:34827"
clientAddress: "0.0.0.0:34827"
adminAddress: "0.0.0.0:34827"
startupRole: FOLLOWER
, old:), (t:1, i:1), CONFIGURATIONENTRY(current:id: "s8"
address: "0.0.0.0:34827"
clientAddress: "0.0.0.0:34827"
adminAddress: "0.0.0.0:34827"
startupRole: FOLLOWER
,id: "s0"
address: "0.0.0.0:43623"
clientAddress: "0.0.0.0:43623"
adminAddress: "0.0.0.0:43623"
startupRole: FOLLOWER
, old:id: "s8"
address: "0.0.0.0:34827"
clientAddress: "0.0.0.0:34827"
adminAddress: "0.0.0.0:34827"
startupRole: FOLLOWER
), (t:1, i:2), METADATAENTRY(c:1), (t:1, i:3), CONFIGURATIONENTRY(current:id: "s8"
address: "0.0.0.0:34827"
clientAddress: "0.0.0.0:34827"
adminAddress: "0.0.0.0:34827"
startupRole: FOLLOWER
,id: "s0"
address: "0.0.0.0:43623"
clientAddress: "0.0.0.0:43623"
adminAddress: "0.0.0.0:43623"
startupRole: FOLLOWER
, old:), (t:1, i:4), METADATAENTRY(c:3), (t:1, i:5), CONFIGURATIONENTRY(current:id: "s8"
address: "0.0.0.0:34827"
clientAddress: "0.0.0.0:34827"
adminAddress: "0.0.0.0:34827"
startupRole: FOLLOWER
,id: "s0"
address: "0.0.0.0:43623"
clientAddress: "0.0.0.0:43623"
adminAddress: "0.0.0.0:43623"
startupRole: FOLLOWER
,id: "s1"
address: "0.0.0.0:37641"
clientAddress: "0.0.0.0:37641"
adminAddress: "0.0.0.0:37641"
startupRole: FOLLOWER
, old:id: "s8"
address: "0.0.0.0:34827"
clientAddress: "0.0.0.0:34827"
adminAddress: "0.0.0.0:34827"
startupRole: FOLLOWER
,id: "s0"
address: "0.0.0.0:43623"
clientAddress: "0.0.0.0:43623"
adminAddress: "0.0.0.0:43623"
startupRole: FOLLOWER
), (t:1, i:6), METADATAENTRY(c:5), (t:1, i:7), CONFIGURATIONENTRY(current:id: "s8"
address: "0.0.0.0:34827"
clientAddress: "0.0.0.0:34827"
adminAddress: "0.0.0.0:34827"
startupRole: FOLLOWER
,id: "s0"
address: "0.0.0.0:43623"
clientAddress: "0.0.0.0:43623"
adminAddress: "0.0.0.0:43623"
startupRole: FOLLOWER
,id: "s1"
address: "0.0.0.0:37641"
clientAddress: "0.0.0.0:37641"
adminAddress: "0.0.0.0:37641"
startupRole: FOLLOWER
, old:), (t:1, i:8), METADATAENTRY(c:7)]
2023-12-13 18:50:27,869 [s3-server-thread2] INFO  server.RaftServer$Division (ServerState.java:setRaftConf(382)) - s3@group-5BB5DA552FF4: set configuration 0: peers:[s8|0.0.0.0:34827]|listeners:[], old=null
2023-12-13 18:50:27,869 [s3-server-thread2] INFO  server.RaftServer$Division (ServerState.java:setRaftConf(382)) - s3@group-5BB5DA552FF4: set configuration 1: peers:[s8|0.0.0.0:34827, s0|0.0.0.0:43623]|listeners:[], old=peers:[s8|0.0.0.0:34827]|listeners:[]
2023-12-13 18:50:27,869 [s3-server-thread2] INFO  server.RaftServer$Division (ServerState.java:setRaftConf(382)) - s3@group-5BB5DA552FF4: set configuration 3: peers:[s8|0.0.0.0:34827, s0|0.0.0.0:43623]|listeners:[], old=null
2023-12-13 18:50:27,870 [s3-server-thread2] INFO  server.RaftServer$Division (ServerState.java:setRaftConf(382)) - s3@group-5BB5DA552FF4: set configuration 5: peers:[s8|0.0.0.0:34827, s0|0.0.0.0:43623, s1|0.0.0.0:37641]|listeners:[], old=peers:[s8|0.0.0.0:34827, s0|0.0.0.0:43623]|listeners:[]
2023-12-13 18:50:27,870 [s3-server-thread2] INFO  server.RaftServer$Division (ServerState.java:setRaftConf(382)) - s3@group-5BB5DA552FF4: set configuration 7: peers:[s8|0.0.0.0:34827, s0|0.0.0.0:43623, s1|0.0.0.0:37641]|listeners:[], old=null
2023-12-13 18:50:27,870 [s3-server-thread2] INFO  segmented.SegmentedRaftLogWorker (SegmentedRaftLogWorker.java:startLogSegment(430)) - s3@group-5BB5DA552FF4-SegmentedRaftLogWorker: Starting segment from index:0
2023-12-13 18:50:27,870 [s3@group-5BB5DA552FF4-SegmentedRaftLogWorker] INFO  segmented.BufferedWriteChannel (BufferedWriteChannel.java:open(62)) - open log_inprogress_0 at position 0
2023-12-13 18:50:27,870 [s2-server-thread3] INFO  server.RaftServer$Division (ServerState.java:setRaftConf(382)) - s2@group-5BB5DA552FF4: set configuration 0: peers:[s8|0.0.0.0:34827]|listeners:[], old=null
2023-12-13 18:50:27,870 [s2-server-thread3] INFO  server.RaftServer$Division (ServerState.java:setRaftConf(382)) - s2@group-5BB5DA552FF4: set configuration 1: peers:[s8|0.0.0.0:34827, s0|0.0.0.0:43623]|listeners:[], old=peers:[s8|0.0.0.0:34827]|listeners:[]
2023-12-13 18:50:27,870 [s2-server-thread3] INFO  server.RaftServer$Division (ServerState.java:setRaftConf(382)) - s2@group-5BB5DA552FF4: set configuration 3: peers:[s8|0.0.0.0:34827, s0|0.0.0.0:43623]|listeners:[], old=null
2023-12-13 18:50:27,870 [s2-server-thread3] INFO  server.RaftServer$Division (ServerState.java:setRaftConf(382)) - s2@group-5BB5DA552FF4: set configuration 5: peers:[s8|0.0.0.0:34827, s0|0.0.0.0:43623, s1|0.0.0.0:37641]|listeners:[], old=peers:[s8|0.0.0.0:34827, s0|0.0.0.0:43623]|listeners:[]
2023-12-13 18:50:27,871 [s2-server-thread3] INFO  server.RaftServer$Division (ServerState.java:setRaftConf(382)) - s2@group-5BB5DA552FF4: set configuration 7: peers:[s8|0.0.0.0:34827, s0|0.0.0.0:43623, s1|0.0.0.0:37641]|listeners:[], old=null
2023-12-13 18:50:27,871 [s2-server-thread3] INFO  segmented.SegmentedRaftLogWorker (SegmentedRaftLogWorker.java:startLogSegment(430)) - s2@group-5BB5DA552FF4-SegmentedRaftLogWorker: Starting segment from index:0
2023-12-13 18:50:27,871 [s2@group-5BB5DA552FF4-SegmentedRaftLogWorker] INFO  segmented.BufferedWriteChannel (BufferedWriteChannel.java:open(62)) - open log_inprogress_0 at position 0
2023-12-13 18:50:27,881 [s3@group-5BB5DA552FF4-SegmentedRaftLogWorker] INFO  segmented.SegmentedRaftLogWorker (SegmentedRaftLogWorker.java:execute(634)) - s3@group-5BB5DA552FF4-SegmentedRaftLogWorker: created new log segment /home/runner/work/ratis/ratis/ratis-test/target/test/data/b8de9602/MiniRaftClusterWithGrpcac948085/s3/d6b72674-aab5-4ca2-affe-5bb5da552ff4/current/log_inprogress_0
2023-12-13 18:50:27,881 [s2@group-5BB5DA552FF4-SegmentedRaftLogWorker] INFO  segmented.SegmentedRaftLogWorker (SegmentedRaftLogWorker.java:execute(634)) - s2@group-5BB5DA552FF4-SegmentedRaftLogWorker: created new log segment /home/runner/work/ratis/ratis/ratis-test/target/test/data/b8de9602/MiniRaftClusterWithGrpcac948085/s2/d6b72674-aab5-4ca2-affe-5bb5da552ff4/current/log_inprogress_0
2023-12-13 18:50:27,881 [s3-server-thread3] DEBUG server.RaftServer$Division (RaftServerImpl.java:logAppendEntries(1504)) - s3@group-5BB5DA552FF4: succeeded to handle AppendEntries. Reply: s8<-s3#1:OK-t1,SUCCESS,nextIndex=9,followerCommit=8,matchIndex=8
2023-12-13 18:50:27,882 [s3@group-5BB5DA552FF4-StateMachineUpdater] TRACE util.FileUtils (LogUtils.java:supplyAndLog(69)) - Successfully supplied FileChannel.open /home/runner/work/ratis/ratis/ratis-test/target/test/data/b8de9602/MiniRaftClusterWithGrpcac948085/s3/d6b72674-aab5-4ca2-affe-5bb5da552ff4/current/raft-meta.conf.tmp with options [CREATE, WRITE]: sun.nio.ch.FileChannelImpl@4c61ebca
2023-12-13 18:50:27,882 [s2@group-5BB5DA552FF4-StateMachineUpdater] TRACE util.FileUtils (LogUtils.java:supplyAndLog(69)) - Successfully supplied FileChannel.open /home/runner/work/ratis/ratis/ratis-test/target/test/data/b8de9602/MiniRaftClusterWithGrpcac948085/s2/d6b72674-aab5-4ca2-affe-5bb5da552ff4/current/raft-meta.conf.tmp with options [CREATE, WRITE]: sun.nio.ch.FileChannelImpl@6c0d700b
2023-12-13 18:50:27,882 [s2-server-thread3] DEBUG server.RaftServer$Division (RaftServerImpl.java:logAppendEntries(1504)) - s2@group-5BB5DA552FF4: succeeded to handle AppendEntries. Reply: s8<-s2#1:OK-t1,SUCCESS,nextIndex=9,followerCommit=8,matchIndex=8
2023-12-13 18:50:27,883 [s8@group-5BB5DA552FF4-LeaderStateImpl] INFO  server.RaftServer$Division (ServerState.java:setRaftConf(382)) - s8@group-5BB5DA552FF4: set configuration 9: peers:[s3|0.0.0.0:38599, s8|0.0.0.0:34827, s0|0.0.0.0:43623, s1|0.0.0.0:37641, s2|0.0.0.0:44395]|listeners:[], old=peers:[s8|0.0.0.0:34827, s0|0.0.0.0:43623, s1|0.0.0.0:37641]|listeners:[]
2023-12-13 18:50:27,883 [s2@group-5BB5DA552FF4-StateMachineUpdater] TRACE util.FileUtils (LogUtils.java:runAndLog(49)) - Successfully ran Atomic Files.move /home/runner/work/ratis/ratis/ratis-test/target/test/data/b8de9602/MiniRaftClusterWithGrpcac948085/s2/d6b72674-aab5-4ca2-affe-5bb5da552ff4/current/raft-meta.conf.tmp to /home/runner/work/ratis/ratis/ratis-test/target/test/data/b8de9602/MiniRaftClusterWithGrpcac948085/s2/d6b72674-aab5-4ca2-affe-5bb5da552ff4/current/raft-meta.conf with options [REPLACE_EXISTING]
2023-12-13 18:50:27,883 [s2@group-5BB5DA552FF4-StateMachineUpdater] TRACE util.FileUtils (LogUtils.java:supplyAndLog(69)) - Successfully supplied FileChannel.open /home/runner/work/ratis/ratis/ratis-test/target/test/data/b8de9602/MiniRaftClusterWithGrpcac948085/s2/d6b72674-aab5-4ca2-affe-5bb5da552ff4/current/raft-meta.conf.tmp with options [CREATE, WRITE]: sun.nio.ch.FileChannelImpl@62ca93fa
2023-12-13 18:50:27,883 [s3@group-5BB5DA552FF4-StateMachineUpdater] TRACE util.FileUtils (LogUtils.java:runAndLog(49)) - Successfully ran Atomic Files.move /home/runner/work/ratis/ratis/ratis-test/target/test/data/b8de9602/MiniRaftClusterWithGrpcac948085/s3/d6b72674-aab5-4ca2-affe-5bb5da552ff4/current/raft-meta.conf.tmp to /home/runner/work/ratis/ratis/ratis-test/target/test/data/b8de9602/MiniRaftClusterWithGrpcac948085/s3/d6b72674-aab5-4ca2-affe-5bb5da552ff4/current/raft-meta.conf with options [REPLACE_EXISTING]
2023-12-13 18:50:27,883 [s3@group-5BB5DA552FF4-StateMachineUpdater] TRACE util.FileUtils (LogUtils.java:supplyAndLog(69)) - Successfully supplied FileChannel.open /home/runner/work/ratis/ratis/ratis-test/target/test/data/b8de9602/MiniRaftClusterWithGrpcac948085/s3/d6b72674-aab5-4ca2-affe-5bb5da552ff4/current/raft-meta.conf.tmp with options [CREATE, WRITE]: sun.nio.ch.FileChannelImpl@42a61c36
2023-12-13 18:50:27,884 [s1-server-thread2] DEBUG server.RaftServer$Division (RaftServerImpl.java:logAppendEntries(1504)) - s1@group-5BB5DA552FF4: receive appendEntries(s8, 1, (t:1, i:8), 8, false, commits:[s8:c8, s0:c7, s1:c7, s3:c8, s2:c8], cId:10, entries: [(t:1, i:9), CONFIGURATIONENTRY(current:id: "s3"
address: "0.0.0.0:38599"
clientAddress: "0.0.0.0:38599"
adminAddress: "0.0.0.0:38599"
startupRole: FOLLOWER
,id: "s8"
address: "0.0.0.0:34827"
clientAddress: "0.0.0.0:34827"
adminAddress: "0.0.0.0:34827"
startupRole: FOLLOWER
,id: "s0"
address: "0.0.0.0:43623"
clientAddress: "0.0.0.0:43623"
adminAddress: "0.0.0.0:43623"
startupRole: FOLLOWER
,id: "s1"
address: "0.0.0.0:37641"
clientAddress: "0.0.0.0:37641"
adminAddress: "0.0.0.0:37641"
startupRole: FOLLOWER
,id: "s2"
address: "0.0.0.0:44395"
clientAddress: "0.0.0.0:44395"
adminAddress: "0.0.0.0:44395"
startupRole: FOLLOWER
, old:id: "s8"
address: "0.0.0.0:34827"
clientAddress: "0.0.0.0:34827"
adminAddress: "0.0.0.0:34827"
startupRole: FOLLOWER
,id: "s0"
address: "0.0.0.0:43623"
clientAddress: "0.0.0.0:43623"
adminAddress: "0.0.0.0:43623"
startupRole: FOLLOWER
,id: "s1"
address: "0.0.0.0:37641"
clientAddress: "0.0.0.0:37641"
adminAddress: "0.0.0.0:37641"
startupRole: FOLLOWER
)]
2023-12-13 18:50:27,885 [s2-server-thread3] DEBUG server.RaftServer$Division (RaftServerImpl.java:logAppendEntries(1504)) - s2@group-5BB5DA552FF4: receive appendEntries(s8, 1, (t:1, i:8), 8, false, commits:[s8:c8, s0:c7, s1:c7, s3:c8, s2:c8], cId:4, entries: [(t:1, i:9), CONFIGURATIONENTRY(current:id: "s3"
address: "0.0.0.0:38599"
clientAddress: "0.0.0.0:38599"
adminAddress: "0.0.0.0:38599"
startupRole: FOLLOWER
,id: "s8"
address: "0.0.0.0:34827"
clientAddress: "0.0.0.0:34827"
adminAddress: "0.0.0.0:34827"
startupRole: FOLLOWER
,id: "s0"
address: "0.0.0.0:43623"
clientAddress: "0.0.0.0:43623"
adminAddress: "0.0.0.0:43623"
startupRole: FOLLOWER
,id: "s1"
address: "0.0.0.0:37641"
clientAddress: "0.0.0.0:37641"
adminAddress: "0.0.0.0:37641"
startupRole: FOLLOWER
,id: "s2"
address: "0.0.0.0:44395"
clientAddress: "0.0.0.0:44395"
adminAddress: "0.0.0.0:44395"
startupRole: FOLLOWER
, old:id: "s8"
address: "0.0.0.0:34827"
clientAddress: "0.0.0.0:34827"
adminAddress: "0.0.0.0:34827"
startupRole: FOLLOWER
,id: "s0"
address: "0.0.0.0:43623"
clientAddress: "0.0.0.0:43623"
adminAddress: "0.0.0.0:43623"
startupRole: FOLLOWER
,id: "s1"
address: "0.0.0.0:37641"
clientAddress: "0.0.0.0:37641"
adminAddress: "0.0.0.0:37641"
startupRole: FOLLOWER
)]
2023-12-13 18:50:27,885 [s3@group-5BB5DA552FF4-StateMachineUpdater] TRACE util.FileUtils (LogUtils.java:runAndLog(49)) - Successfully ran Atomic Files.move /home/runner/work/ratis/ratis/ratis-test/target/test/data/b8de9602/MiniRaftClusterWithGrpcac948085/s3/d6b72674-aab5-4ca2-affe-5bb5da552ff4/current/raft-meta.conf.tmp to /home/runner/work/ratis/ratis/ratis-test/target/test/data/b8de9602/MiniRaftClusterWithGrpcac948085/s3/d6b72674-aab5-4ca2-affe-5bb5da552ff4/current/raft-meta.conf with options [REPLACE_EXISTING]
2023-12-13 18:50:27,885 [s2@group-5BB5DA552FF4-StateMachineUpdater] TRACE util.FileUtils (LogUtils.java:runAndLog(49)) - Successfully ran Atomic Files.move /home/runner/work/ratis/ratis/ratis-test/target/test/data/b8de9602/MiniRaftClusterWithGrpcac948085/s2/d6b72674-aab5-4ca2-affe-5bb5da552ff4/current/raft-meta.conf.tmp to /home/runner/work/ratis/ratis/ratis-test/target/test/data/b8de9602/MiniRaftClusterWithGrpcac948085/s2/d6b72674-aab5-4ca2-affe-5bb5da552ff4/current/raft-meta.conf with options [REPLACE_EXISTING]
2023-12-13 18:50:27,885 [s3@group-5BB5DA552FF4-StateMachineUpdater] TRACE util.FileUtils (LogUtils.java:supplyAndLog(69)) - Successfully supplied FileChannel.open /home/runner/work/ratis/ratis/ratis-test/target/test/data/b8de9602/MiniRaftClusterWithGrpcac948085/s3/d6b72674-aab5-4ca2-affe-5bb5da552ff4/current/raft-meta.conf.tmp with options [CREATE, WRITE]: sun.nio.ch.FileChannelImpl@469980ba
2023-12-13 18:50:27,885 [s2@group-5BB5DA552FF4-StateMachineUpdater] TRACE util.FileUtils (LogUtils.java:supplyAndLog(69)) - Successfully supplied FileChannel.open /home/runner/work/ratis/ratis/ratis-test/target/test/data/b8de9602/MiniRaftClusterWithGrpcac948085/s2/d6b72674-aab5-4ca2-affe-5bb5da552ff4/current/raft-meta.conf.tmp with options [CREATE, WRITE]: sun.nio.ch.FileChannelImpl@66f51b7b
2023-12-13 18:50:27,885 [s0-server-thread2] DEBUG server.RaftServer$Division (RaftServerImpl.java:logAppendEntries(1504)) - s0@group-5BB5DA552FF4: receive appendEntries(s8, 1, (t:1, i:8), 8, false, commits:[s8:c8, s0:c7, s1:c7, s3:c8, s2:c8], cId:13, entries: [(t:1, i:9), CONFIGURATIONENTRY(current:id: "s3"
address: "0.0.0.0:38599"
clientAddress: "0.0.0.0:38599"
adminAddress: "0.0.0.0:38599"
startupRole: FOLLOWER
,id: "s8"
address: "0.0.0.0:34827"
clientAddress: "0.0.0.0:34827"
adminAddress: "0.0.0.0:34827"
startupRole: FOLLOWER
,id: "s0"
address: "0.0.0.0:43623"
clientAddress: "0.0.0.0:43623"
adminAddress: "0.0.0.0:43623"
startupRole: FOLLOWER
,id: "s1"
address: "0.0.0.0:37641"
clientAddress: "0.0.0.0:37641"
adminAddress: "0.0.0.0:37641"
startupRole: FOLLOWER
,id: "s2"
address: "0.0.0.0:44395"
clientAddress: "0.0.0.0:44395"
adminAddress: "0.0.0.0:44395"
startupRole: FOLLOWER
, old:id: "s8"
address: "0.0.0.0:34827"
clientAddress: "0.0.0.0:34827"
adminAddress: "0.0.0.0:34827"
startupRole: FOLLOWER
,id: "s0"
address: "0.0.0.0:43623"
clientAddress: "0.0.0.0:43623"
adminAddress: "0.0.0.0:43623"
startupRole: FOLLOWER
,id: "s1"
address: "0.0.0.0:37641"
clientAddress: "0.0.0.0:37641"
adminAddress: "0.0.0.0:37641"
startupRole: FOLLOWER
)]
2023-12-13 18:50:27,885 [s0-server-thread2] INFO  server.RaftServer$Division (ServerState.java:setRaftConf(382)) - s0@group-5BB5DA552FF4: set configuration 9: peers:[s3|0.0.0.0:38599, s8|0.0.0.0:34827, s0|0.0.0.0:43623, s1|0.0.0.0:37641, s2|0.0.0.0:44395]|listeners:[], old=peers:[s8|0.0.0.0:34827, s0|0.0.0.0:43623, s1|0.0.0.0:37641]|listeners:[]
2023-12-13 18:50:27,885 [s2-server-thread3] INFO  impl.RoleInfo (RoleInfo.java:updateAndGet(139)) - s2: start s2@group-5BB5DA552FF4-FollowerState
2023-12-13 18:50:27,885 [s1-server-thread2] INFO  server.RaftServer$Division (ServerState.java:setRaftConf(382)) - s1@group-5BB5DA552FF4: set configuration 9: peers:[s3|0.0.0.0:38599, s8|0.0.0.0:34827, s0|0.0.0.0:43623, s1|0.0.0.0:37641, s2|0.0.0.0:44395]|listeners:[], old=peers:[s8|0.0.0.0:34827, s0|0.0.0.0:43623, s1|0.0.0.0:37641]|listeners:[]
2023-12-13 18:50:27,886 [s2-server-thread3] INFO  server.RaftServer$Division (ServerState.java:setRaftConf(382)) - s2@group-5BB5DA552FF4: set configuration 9: peers:[s3|0.0.0.0:38599, s8|0.0.0.0:34827, s0|0.0.0.0:43623, s1|0.0.0.0:37641, s2|0.0.0.0:44395]|listeners:[], old=peers:[s8|0.0.0.0:34827, s0|0.0.0.0:43623, s1|0.0.0.0:37641]|listeners:[]
2023-12-13 18:50:27,886 [s0-server-thread2] DEBUG server.RaftServer$Division (RaftServerImpl.java:logAppendEntries(1504)) - s0@group-5BB5DA552FF4: succeeded to handle AppendEntries. Reply: s8<-s0#13:OK-t1,SUCCESS,nextIndex=10,followerCommit=8,matchIndex=9
2023-12-13 18:50:27,886 [s3@group-5BB5DA552FF4-StateMachineUpdater] TRACE util.FileUtils (LogUtils.java:runAndLog(49)) - Successfully ran Atomic Files.move /home/runner/work/ratis/ratis/ratis-test/target/test/data/b8de9602/MiniRaftClusterWithGrpcac948085/s3/d6b72674-aab5-4ca2-affe-5bb5da552ff4/current/raft-meta.conf.tmp to /home/runner/work/ratis/ratis/ratis-test/target/test/data/b8de9602/MiniRaftClusterWithGrpcac948085/s3/d6b72674-aab5-4ca2-affe-5bb5da552ff4/current/raft-meta.conf with options [REPLACE_EXISTING]
2023-12-13 18:50:27,886 [s3@group-5BB5DA552FF4-StateMachineUpdater] TRACE util.FileUtils (LogUtils.java:supplyAndLog(69)) - Successfully supplied FileChannel.open /home/runner/work/ratis/ratis/ratis-test/target/test/data/b8de9602/MiniRaftClusterWithGrpcac948085/s3/d6b72674-aab5-4ca2-affe-5bb5da552ff4/current/raft-meta.conf.tmp with options [CREATE, WRITE]: sun.nio.ch.FileChannelImpl@39b160d
2023-12-13 18:50:27,886 [s2@group-5BB5DA552FF4-StateMachineUpdater] TRACE util.FileUtils (LogUtils.java:runAndLog(49)) - Successfully ran Atomic Files.move /home/runner/work/ratis/ratis/ratis-test/target/test/data/b8de9602/MiniRaftClusterWithGrpcac948085/s2/d6b72674-aab5-4ca2-affe-5bb5da552ff4/current/raft-meta.conf.tmp to /home/runner/work/ratis/ratis/ratis-test/target/test/data/b8de9602/MiniRaftClusterWithGrpcac948085/s2/d6b72674-aab5-4ca2-affe-5bb5da552ff4/current/raft-meta.conf with options [REPLACE_EXISTING]
2023-12-13 18:50:27,887 [s3-server-thread3] DEBUG server.RaftServer$Division (RaftServerImpl.java:logAppendEntries(1504)) - s3@group-5BB5DA552FF4: receive appendEntries(s8, 1, (t:1, i:8), 8, false, commits:[s8:c8, s0:c7, s1:c7, s3:c8, s2:c8], cId:3, entries: [(t:1, i:9), CONFIGURATIONENTRY(current:id: "s3"
address: "0.0.0.0:38599"
clientAddress: "0.0.0.0:38599"
adminAddress: "0.0.0.0:38599"
startupRole: FOLLOWER
,id: "s8"
address: "0.0.0.0:34827"
clientAddress: "0.0.0.0:34827"
adminAddress: "0.0.0.0:34827"
startupRole: FOLLOWER
,id: "s0"
address: "0.0.0.0:43623"
clientAddress: "0.0.0.0:43623"
adminAddress: "0.0.0.0:43623"
startupRole: FOLLOWER
,id: "s1"
address: "0.0.0.0:37641"
clientAddress: "0.0.0.0:37641"
adminAddress: "0.0.0.0:37641"
startupRole: FOLLOWER
,id: "s2"
address: "0.0.0.0:44395"
clientAddress: "0.0.0.0:44395"
adminAddress: "0.0.0.0:44395"
startupRole: FOLLOWER
, old:id: "s8"
address: "0.0.0.0:34827"
clientAddress: "0.0.0.0:34827"
adminAddress: "0.0.0.0:34827"
startupRole: FOLLOWER
,id: "s0"
address: "0.0.0.0:43623"
clientAddress: "0.0.0.0:43623"
adminAddress: "0.0.0.0:43623"
startupRole: FOLLOWER
,id: "s1"
address: "0.0.0.0:37641"
clientAddress: "0.0.0.0:37641"
adminAddress: "0.0.0.0:37641"
startupRole: FOLLOWER
)]
2023-12-13 18:50:27,887 [s3-server-thread3] INFO  impl.RoleInfo (RoleInfo.java:updateAndGet(139)) - s3: start s3@group-5BB5DA552FF4-FollowerState
2023-12-13 18:50:27,887 [s3-server-thread3] INFO  server.RaftServer$Division (ServerState.java:setRaftConf(382)) - s3@group-5BB5DA552FF4: set configuration 9: peers:[s3|0.0.0.0:38599, s8|0.0.0.0:34827, s0|0.0.0.0:43623, s1|0.0.0.0:37641, s2|0.0.0.0:44395]|listeners:[], old=peers:[s8|0.0.0.0:34827, s0|0.0.0.0:43623, s1|0.0.0.0:37641]|listeners:[]
2023-12-13 18:50:27,887 [s1-server-thread2] DEBUG server.RaftServer$Division (RaftServerImpl.java:logAppendEntries(1504)) - s1@group-5BB5DA552FF4: succeeded to handle AppendEntries. Reply: s8<-s1#10:OK-t1,SUCCESS,nextIndex=10,followerCommit=8,matchIndex=9
2023-12-13 18:50:27,887 [s2-server-thread3] DEBUG server.RaftServer$Division (RaftServerImpl.java:logAppendEntries(1504)) - s2@group-5BB5DA552FF4: succeeded to handle AppendEntries. Reply: s8<-s2#4:OK-t1,SUCCESS,nextIndex=10,followerCommit=8,matchIndex=9
2023-12-13 18:50:27,887 [s2@group-5BB5DA552FF4-StateMachineUpdater] TRACE util.FileUtils (LogUtils.java:supplyAndLog(69)) - Successfully supplied FileChannel.open /home/runner/work/ratis/ratis/ratis-test/target/test/data/b8de9602/MiniRaftClusterWithGrpcac948085/s2/d6b72674-aab5-4ca2-affe-5bb5da552ff4/current/raft-meta.conf.tmp with options [CREATE, WRITE]: sun.nio.ch.FileChannelImpl@23f799c1
2023-12-13 18:50:27,888 [s3@group-5BB5DA552FF4-StateMachineUpdater] TRACE util.FileUtils (LogUtils.java:runAndLog(49)) - Successfully ran Atomic Files.move /home/runner/work/ratis/ratis/ratis-test/target/test/data/b8de9602/MiniRaftClusterWithGrpcac948085/s3/d6b72674-aab5-4ca2-affe-5bb5da552ff4/current/raft-meta.conf.tmp to /home/runner/work/ratis/ratis/ratis-test/target/test/data/b8de9602/MiniRaftClusterWithGrpcac948085/s3/d6b72674-aab5-4ca2-affe-5bb5da552ff4/current/raft-meta.conf with options [REPLACE_EXISTING]
2023-12-13 18:50:27,888 [s3@group-5BB5DA552FF4-StateMachineUpdater] TRACE util.FileUtils (LogUtils.java:supplyAndLog(69)) - Successfully supplied FileChannel.open /home/runner/work/ratis/ratis/ratis-test/target/test/data/b8de9602/MiniRaftClusterWithGrpcac948085/s3/d6b72674-aab5-4ca2-affe-5bb5da552ff4/current/raft-meta.conf.tmp with options [CREATE, WRITE]: sun.nio.ch.FileChannelImpl@40e7820f
2023-12-13 18:50:27,888 [s8@group-5BB5DA552FF4-LeaderStateImpl] INFO  server.RaftServer$Division (ServerState.java:setRaftConf(382)) - s8@group-5BB5DA552FF4: set configuration 11: peers:[s3|0.0.0.0:38599, s8|0.0.0.0:34827, s0|0.0.0.0:43623, s1|0.0.0.0:37641, s2|0.0.0.0:44395]|listeners:[], old=null
2023-12-13 18:50:27,889 [s0-server-thread2] DEBUG server.RaftServer$Division (RaftServerImpl.java:logAppendEntries(1504)) - s0@group-5BB5DA552FF4: receive appendEntries(s8, 1, (t:1, i:9), 9, false, commits:[s8:c9, s0:c8, s1:c7, s3:c8, s2:c8], cId:14, entries: [(t:1, i:10), METADATAENTRY(c:9), (t:1, i:11), CONFIGURATIONENTRY(current:id: "s3"
address: "0.0.0.0:38599"
clientAddress: "0.0.0.0:38599"
adminAddress: "0.0.0.0:38599"
startupRole: FOLLOWER
,id: "s8"
address: "0.0.0.0:34827"
clientAddress: "0.0.0.0:34827"
adminAddress: "0.0.0.0:34827"
startupRole: FOLLOWER
,id: "s0"
address: "0.0.0.0:43623"
clientAddress: "0.0.0.0:43623"
adminAddress: "0.0.0.0:43623"
startupRole: FOLLOWER
,id: "s1"
address: "0.0.0.0:37641"
clientAddress: "0.0.0.0:37641"
adminAddress: "0.0.0.0:37641"
startupRole: FOLLOWER
,id: "s2"
address: "0.0.0.0:44395"
clientAddress: "0.0.0.0:44395"
adminAddress: "0.0.0.0:44395"
startupRole: FOLLOWER
, old:)]
2023-12-13 18:50:27,889 [s0-server-thread2] INFO  server.RaftServer$Division (ServerState.java:setRaftConf(382)) - s0@group-5BB5DA552FF4: set configuration 11: peers:[s3|0.0.0.0:38599, s8|0.0.0.0:34827, s0|0.0.0.0:43623, s1|0.0.0.0:37641, s2|0.0.0.0:44395]|listeners:[], old=null
2023-12-13 18:50:27,889 [s8@group-5BB5DA552FF4-StateMachineUpdater] TRACE util.FileUtils (LogUtils.java:supplyAndLog(69)) - Successfully supplied FileChannel.open /home/runner/work/ratis/ratis/ratis-test/target/test/data/b8de9602/MiniRaftClusterWithGrpcac948085/s8/d6b72674-aab5-4ca2-affe-5bb5da552ff4/current/raft-meta.conf.tmp with options [CREATE, WRITE]: sun.nio.ch.FileChannelImpl@752596ec
2023-12-13 18:50:27,889 [s2-server-thread2] DEBUG server.RaftServer$Division (RaftServerImpl.java:logAppendEntries(1504)) - s2@group-5BB5DA552FF4: receive appendEntries(s8, 1, (t:1, i:9), 9, false, commits:[s8:c9, s0:c8, s1:c7, s3:c8, s2:c8], cId:5, entries: [(t:1, i:10), METADATAENTRY(c:9), (t:1, i:11), CONFIGURATIONENTRY(current:id: "s3"
address: "0.0.0.0:38599"
clientAddress: "0.0.0.0:38599"
adminAddress: "0.0.0.0:38599"
startupRole: FOLLOWER
,id: "s8"
address: "0.0.0.0:34827"
clientAddress: "0.0.0.0:34827"
adminAddress: "0.0.0.0:34827"
startupRole: FOLLOWER
,id: "s0"
address: "0.0.0.0:43623"
clientAddress: "0.0.0.0:43623"
adminAddress: "0.0.0.0:43623"
startupRole: FOLLOWER
,id: "s1"
address: "0.0.0.0:37641"
clientAddress: "0.0.0.0:37641"
adminAddress: "0.0.0.0:37641"
startupRole: FOLLOWER
,id: "s2"
address: "0.0.0.0:44395"
clientAddress: "0.0.0.0:44395"
adminAddress: "0.0.0.0:44395"
startupRole: FOLLOWER
, old:)]
2023-12-13 18:50:27,890 [s2-server-thread2] INFO  server.RaftServer$Division (ServerState.java:setRaftConf(382)) - s2@group-5BB5DA552FF4: set configuration 11: peers:[s3|0.0.0.0:38599, s8|0.0.0.0:34827, s0|0.0.0.0:43623, s1|0.0.0.0:37641, s2|0.0.0.0:44395]|listeners:[], old=null
2023-12-13 18:50:27,890 [s1-server-thread2] DEBUG server.RaftServer$Division (RaftServerImpl.java:logAppendEntries(1504)) - s1@group-5BB5DA552FF4: receive appendEntries(s8, 1, (t:1, i:9), 9, false, commits:[s8:c9, s0:c8, s1:c7, s3:c8, s2:c8], cId:12, entries: [(t:1, i:10), METADATAENTRY(c:9), (t:1, i:11), CONFIGURATIONENTRY(current:id: "s3"
address: "0.0.0.0:38599"
clientAddress: "0.0.0.0:38599"
adminAddress: "0.0.0.0:38599"
startupRole: FOLLOWER
,id: "s8"
address: "0.0.0.0:34827"
clientAddress: "0.0.0.0:34827"
adminAddress: "0.0.0.0:34827"
startupRole: FOLLOWER
,id: "s0"
address: "0.0.0.0:43623"
clientAddress: "0.0.0.0:43623"
adminAddress: "0.0.0.0:43623"
startupRole: FOLLOWER
,id: "s1"
address: "0.0.0.0:37641"
clientAddress: "0.0.0.0:37641"
adminAddress: "0.0.0.0:37641"
startupRole: FOLLOWER
,id: "s2"
address: "0.0.0.0:44395"
clientAddress: "0.0.0.0:44395"
adminAddress: "0.0.0.0:44395"
startupRole: FOLLOWER
, old:)]
2023-12-13 18:50:27,890 [s1-server-thread2] INFO  server.RaftServer$Division (ServerState.java:setRaftConf(382)) - s1@group-5BB5DA552FF4: set configuration 11: peers:[s3|0.0.0.0:38599, s8|0.0.0.0:34827, s0|0.0.0.0:43623, s1|0.0.0.0:37641, s2|0.0.0.0:44395]|listeners:[], old=null
2023-12-13 18:50:27,891 [s3-server-thread3] DEBUG server.RaftServer$Division (RaftServerImpl.java:logAppendEntries(1504)) - s3@group-5BB5DA552FF4: receive appendEntries(s8, 1, (t:1, i:9), 9, false, commits:[s8:c9, s0:c8, s1:c7, s3:c8, s2:c8], cId:4, entries: [(t:1, i:10), METADATAENTRY(c:9), (t:1, i:11), CONFIGURATIONENTRY(current:id: "s3"
address: "0.0.0.0:38599"
clientAddress: "0.0.0.0:38599"
adminAddress: "0.0.0.0:38599"
startupRole: FOLLOWER
,id: "s8"
address: "0.0.0.0:34827"
clientAddress: "0.0.0.0:34827"
adminAddress: "0.0.0.0:34827"
startupRole: FOLLOWER
,id: "s0"
address: "0.0.0.0:43623"
clientAddress: "0.0.0.0:43623"
adminAddress: "0.0.0.0:43623"
startupRole: FOLLOWER
,id: "s1"
address: "0.0.0.0:37641"
clientAddress: "0.0.0.0:37641"
adminAddress: "0.0.0.0:37641"
startupRole: FOLLOWER
,id: "s2"
address: "0.0.0.0:44395"
clientAddress: "0.0.0.0:44395"
adminAddress: "0.0.0.0:44395"
startupRole: FOLLOWER
, old:)]
2023-12-13 18:50:27,891 [s3-server-thread3] INFO  server.RaftServer$Division (ServerState.java:setRaftConf(382)) - s3@group-5BB5DA552FF4: set configuration 11: peers:[s3|0.0.0.0:38599, s8|0.0.0.0:34827, s0|0.0.0.0:43623, s1|0.0.0.0:37641, s2|0.0.0.0:44395]|listeners:[], old=null
2023-12-13 18:50:27,892 [s2@group-5BB5DA552FF4-StateMachineUpdater] TRACE util.FileUtils (LogUtils.java:runAndLog(49)) - Successfully ran Atomic Files.move /home/runner/work/ratis/ratis/ratis-test/target/test/data/b8de9602/MiniRaftClusterWithGrpcac948085/s2/d6b72674-aab5-4ca2-affe-5bb5da552ff4/current/raft-meta.conf.tmp to /home/runner/work/ratis/ratis/ratis-test/target/test/data/b8de9602/MiniRaftClusterWithGrpcac948085/s2/d6b72674-aab5-4ca2-affe-5bb5da552ff4/current/raft-meta.conf with options [REPLACE_EXISTING]
2023-12-13 18:50:27,892 [s2-server-thread3] DEBUG server.RaftServer$Division (RaftServerImpl.java:logAppendEntries(1504)) - s2@group-5BB5DA552FF4: succeeded to handle AppendEntries. Reply: s8<-s2#5:OK-t1,SUCCESS,nextIndex=12,followerCommit=9,matchIndex=11
2023-12-13 18:50:27,892 [s1-server-thread2] DEBUG server.RaftServer$Division (RaftServerImpl.java:logAppendEntries(1504)) - s1@group-5BB5DA552FF4: succeeded to handle AppendEntries. Reply: s8<-s1#12:OK-t1,SUCCESS,nextIndex=12,followerCommit=9,matchIndex=11
2023-12-13 18:50:27,893 [s0-server-thread2] DEBUG server.RaftServer$Division (RaftServerImpl.java:logAppendEntries(1504)) - s0@group-5BB5DA552FF4: succeeded to handle AppendEntries. Reply: s8<-s0#14:OK-t1,SUCCESS,nextIndex=12,followerCommit=9,matchIndex=11
2023-12-13 18:50:27,893 [s0@group-5BB5DA552FF4-StateMachineUpdater] TRACE util.FileUtils (LogUtils.java:supplyAndLog(69)) - Successfully supplied FileChannel.open /home/runner/work/ratis/ratis/ratis-test/target/test/data/b8de9602/MiniRaftClusterWithGrpcac948085/s0/d6b72674-aab5-4ca2-affe-5bb5da552ff4/current/raft-meta.conf.tmp with options [CREATE, WRITE]: sun.nio.ch.FileChannelImpl@76a2366
2023-12-13 18:50:27,893 [s1@group-5BB5DA552FF4-StateMachineUpdater] TRACE util.FileUtils (LogUtils.java:supplyAndLog(69)) - Successfully supplied FileChannel.open /home/runner/work/ratis/ratis/ratis-test/target/test/data/b8de9602/MiniRaftClusterWithGrpcac948085/s1/d6b72674-aab5-4ca2-affe-5bb5da552ff4/current/raft-meta.conf.tmp with options [CREATE, WRITE]: sun.nio.ch.FileChannelImpl@42d53e35
2023-12-13 18:50:27,893 [s2@group-5BB5DA552FF4-StateMachineUpdater] TRACE util.FileUtils (LogUtils.java:supplyAndLog(69)) - Successfully supplied FileChannel.open /home/runner/work/ratis/ratis/ratis-test/target/test/data/b8de9602/MiniRaftClusterWithGrpcac948085/s2/d6b72674-aab5-4ca2-affe-5bb5da552ff4/current/raft-meta.conf.tmp with options [CREATE, WRITE]: sun.nio.ch.FileChannelImpl@24fd389c
2023-12-13 18:50:27,893 [s3-server-thread2] DEBUG server.RaftServer$Division (RaftServerImpl.java:logAppendEntries(1504)) - s3@group-5BB5DA552FF4: succeeded to handle AppendEntries. Reply: s8<-s3#4:OK-t1,SUCCESS,nextIndex=12,followerCommit=9,matchIndex=11
2023-12-13 18:50:27,894 [s3@group-5BB5DA552FF4-StateMachineUpdater] TRACE util.FileUtils (LogUtils.java:runAndLog(49)) - Successfully ran Atomic Files.move /home/runner/work/ratis/ratis/ratis-test/target/test/data/b8de9602/MiniRaftClusterWithGrpcac948085/s3/d6b72674-aab5-4ca2-affe-5bb5da552ff4/current/raft-meta.conf.tmp to /home/runner/work/ratis/ratis/ratis-test/target/test/data/b8de9602/MiniRaftClusterWithGrpcac948085/s3/d6b72674-aab5-4ca2-affe-5bb5da552ff4/current/raft-meta.conf with options [REPLACE_EXISTING]
2023-12-13 18:50:27,894 [s3-server-thread3] DEBUG server.RaftServer$Division (RaftServerImpl.java:logAppendEntries(1504)) - s3@group-5BB5DA552FF4: succeeded to handle AppendEntries. Reply: s8<-s3#3:OK-t1,SUCCESS,nextIndex=10,followerCommit=9,matchIndex=9
2023-12-13 18:50:27,894 [s3@group-5BB5DA552FF4-StateMachineUpdater] TRACE util.FileUtils (LogUtils.java:supplyAndLog(69)) - Successfully supplied FileChannel.open /home/runner/work/ratis/ratis/ratis-test/target/test/data/b8de9602/MiniRaftClusterWithGrpcac948085/s3/d6b72674-aab5-4ca2-affe-5bb5da552ff4/current/raft-meta.conf.tmp with options [CREATE, WRITE]: sun.nio.ch.FileChannelImpl@32527189
2023-12-13 18:50:27,894 [s2@group-5BB5DA552FF4-StateMachineUpdater] TRACE util.FileUtils (LogUtils.java:runAndLog(49)) - Successfully ran Atomic Files.move /home/runner/work/ratis/ratis/ratis-test/target/test/data/b8de9602/MiniRaftClusterWithGrpcac948085/s2/d6b72674-aab5-4ca2-affe-5bb5da552ff4/current/raft-meta.conf.tmp to /home/runner/work/ratis/ratis/ratis-test/target/test/data/b8de9602/MiniRaftClusterWithGrpcac948085/s2/d6b72674-aab5-4ca2-affe-5bb5da552ff4/current/raft-meta.conf with options [REPLACE_EXISTING]
2023-12-13 18:50:27,894 [s2@group-5BB5DA552FF4-StateMachineUpdater] TRACE util.FileUtils (LogUtils.java:supplyAndLog(69)) - Successfully supplied FileChannel.open /home/runner/work/ratis/ratis/ratis-test/target/test/data/b8de9602/MiniRaftClusterWithGrpcac948085/s2/d6b72674-aab5-4ca2-affe-5bb5da552ff4/current/raft-meta.conf.tmp with options [CREATE, WRITE]: sun.nio.ch.FileChannelImpl@129e3aba
2023-12-13 18:50:27,894 [s8@group-5BB5DA552FF4-StateMachineUpdater] TRACE util.FileUtils (LogUtils.java:runAndLog(49)) - Successfully ran Atomic Files.move /home/runner/work/ratis/ratis/ratis-test/target/test/data/b8de9602/MiniRaftClusterWithGrpcac948085/s8/d6b72674-aab5-4ca2-affe-5bb5da552ff4/current/raft-meta.conf.tmp to /home/runner/work/ratis/ratis/ratis-test/target/test/data/b8de9602/MiniRaftClusterWithGrpcac948085/s8/d6b72674-aab5-4ca2-affe-5bb5da552ff4/current/raft-meta.conf with options [REPLACE_EXISTING]
2023-12-13 18:50:27,895 [s8@group-5BB5DA552FF4-StateMachineUpdater] TRACE util.FileUtils (LogUtils.java:supplyAndLog(69)) - Successfully supplied FileChannel.open /home/runner/work/ratis/ratis/ratis-test/target/test/data/b8de9602/MiniRaftClusterWithGrpcac948085/s8/d6b72674-aab5-4ca2-affe-5bb5da552ff4/current/raft-meta.conf.tmp with options [CREATE, WRITE]: sun.nio.ch.FileChannelImpl@3c01f559
2023-12-13 18:50:27,896 [Time-limited test] DEBUG client.RaftClient (RaftClientImpl.java:add(150)) - client-D4DD7F308FDD: add replied callId 47
2023-12-13 18:50:27,896 [s2@group-5BB5DA552FF4-StateMachineUpdater] TRACE util.FileUtils (LogUtils.java:runAndLog(49)) - Successfully ran Atomic Files.move /home/runner/work/ratis/ratis/ratis-test/target/test/data/b8de9602/MiniRaftClusterWithGrpcac948085/s2/d6b72674-aab5-4ca2-affe-5bb5da552ff4/current/raft-meta.conf.tmp to /home/runner/work/ratis/ratis/ratis-test/target/test/data/b8de9602/MiniRaftClusterWithGrpcac948085/s2/d6b72674-aab5-4ca2-affe-5bb5da552ff4/current/raft-meta.conf with options [REPLACE_EXISTING]
2023-12-13 18:50:27,896 [s3-server-thread2] DEBUG server.RaftServer$Division (RaftServerImpl.java:logAppendEntries(1504)) - s3@group-5BB5DA552FF4: receive appendEntries(s8, 1, (t:1, i:11), 11, false, commits:[s8:c11, s0:c8, s1:c9, s3:c9, s2:c9], cId:6, entries: [(t:1, i:12), METADATAENTRY(c:11)]
2023-12-13 18:50:27,897 [s3-server-thread2] DEBUG server.RaftServer$Division (RaftServerImpl.java:logAppendEntries(1504)) - s3@group-5BB5DA552FF4: succeeded to handle AppendEntries. Reply: s8<-s3#6:OK-t1,SUCCESS,nextIndex=13,followerCommit=11,matchIndex=12
2023-12-13 18:50:27,898 [s1-server-thread2] DEBUG server.RaftServer$Division (RaftServerImpl.java:logAppendEntries(1504)) - s1@group-5BB5DA552FF4: receive appendEntries(s8, 1, (t:1, i:11), 11, false, commits:[s8:c11, s0:c8, s1:c9, s3:c9, s2:c9], cId:16, entries: [(t:1, i:12), METADATAENTRY(c:11)]
2023-12-13 18:50:27,898 [s8-server-thread1] INFO  server.RaftServer$Division (RaftServerImpl.java:setConfigurationAsync(1264)) - s8@group-5BB5DA552FF4: receive setConfiguration SetConfigurationRequest:client-D4DD7F308FDD->s8@group-5BB5DA552FF4, cid=48, seq=null, RW, null, SET_UNCONDITIONALLY, servers:[s3|0.0.0.0:38599, s4|0.0.0.0:45297, s5|0.0.0.0:44673, s6|0.0.0.0:34623, s7|0.0.0.0:45125, s8|0.0.0.0:34827, s0|0.0.0.0:43623, s1|0.0.0.0:37641, s2|0.0.0.0:44395], listeners:[]
2023-12-13 18:50:27,898 [s0@group-5BB5DA552FF4-StateMachineUpdater] TRACE util.FileUtils (LogUtils.java:runAndLog(49)) - Successfully ran Atomic Files.move /home/runner/work/ratis/ratis/ratis-test/target/test/data/b8de9602/MiniRaftClusterWithGrpcac948085/s0/d6b72674-aab5-4ca2-affe-5bb5da552ff4/current/raft-meta.conf.tmp to /home/runner/work/ratis/ratis/ratis-test/target/test/data/b8de9602/MiniRaftClusterWithGrpcac948085/s0/d6b72674-aab5-4ca2-affe-5bb5da552ff4/current/raft-meta.conf with options [REPLACE_EXISTING]
2023-12-13 18:50:27,898 [s0-server-thread2] DEBUG server.RaftServer$Division (RaftServerImpl.java:logAppendEntries(1504)) - s0@group-5BB5DA552FF4: receive appendEntries(s8, 1, (t:1, i:11), 11, false, commits:[s8:c11, s0:c8, s1:c9, s3:c9, s2:c9], cId:17, entries: [(t:1, i:12), METADATAENTRY(c:11)]
2023-12-13 18:50:27,898 [s8-server-thread1] INFO  server.RaftServer$Division (LeaderStateImpl.java:startSetConfiguration(488)) - s8@group-5BB5DA552FF4-LeaderStateImpl: startSetConfiguration SetConfigurationRequest:client-D4DD7F308FDD->s8@group-5BB5DA552FF4, cid=48, seq=null, RW, null, SET_UNCONDITIONALLY, servers:[s3|0.0.0.0:38599, s4|0.0.0.0:45297, s5|0.0.0.0:44673, s6|0.0.0.0:34623, s7|0.0.0.0:45125, s8|0.0.0.0:34827, s0|0.0.0.0:43623, s1|0.0.0.0:37641, s2|0.0.0.0:44395], listeners:[]
2023-12-13 18:50:27,898 [s8-server-thread1] INFO  server.RaftServerConfigKeys (ConfUtils.java:logGet(46)) - raft.server.log.appender.snapshot.chunk.size.max = 16MB (=16777216) (default)
2023-12-13 18:50:27,898 [s8-server-thread1] INFO  server.RaftServerConfigKeys (ConfUtils.java:logGet(46)) - raft.server.log.appender.buffer.byte-limit = 4MB (=4194304) (default)
2023-12-13 18:50:27,898 [s8-server-thread1] INFO  server.RaftServerConfigKeys (ConfUtils.java:logGet(46)) - raft.server.log.appender.buffer.element-limit = 0 (default)
2023-12-13 18:50:27,898 [s3@group-5BB5DA552FF4-StateMachineUpdater] TRACE util.FileUtils (LogUtils.java:runAndLog(49)) - Successfully ran Atomic Files.move /home/runner/work/ratis/ratis/ratis-test/target/test/data/b8de9602/MiniRaftClusterWithGrpcac948085/s3/d6b72674-aab5-4ca2-affe-5bb5da552ff4/current/raft-meta.conf.tmp to /home/runner/work/ratis/ratis/ratis-test/target/test/data/b8de9602/MiniRaftClusterWithGrpcac948085/s3/d6b72674-aab5-4ca2-affe-5bb5da552ff4/current/raft-meta.conf with options [REPLACE_EXISTING]
2023-12-13 18:50:27,898 [s8-server-thread1] INFO  server.RaftServerConfigKeys (ConfUtils.java:logGet(46)) - raft.server.log.appender.wait-time.min = 1ms (default)
2023-12-13 18:50:27,898 [s8-server-thread1] INFO  grpc.GrpcConfigKeys (ConfUtils.java:logGet(46)) - raft.grpc.server.leader.outstanding.appends.max = 8 (default)
2023-12-13 18:50:27,898 [s8-server-thread1] INFO  server.RaftServerConfigKeys (ConfUtils.java:logGet(46)) - raft.server.rpc.request.timeout = 3000ms (default)
2023-12-13 18:50:27,898 [s3@group-5BB5DA552FF4-StateMachineUpdater] TRACE util.FileUtils (LogUtils.java:supplyAndLog(69)) - Successfully supplied FileChannel.open /home/runner/work/ratis/ratis/ratis-test/target/test/data/b8de9602/MiniRaftClusterWithGrpcac948085/s3/d6b72674-aab5-4ca2-affe-5bb5da552ff4/current/raft-meta.conf.tmp with options [CREATE, WRITE]: sun.nio.ch.FileChannelImpl@38c4bb29
2023-12-13 18:50:27,898 [s8-server-thread1] INFO  grpc.GrpcConfigKeys (ConfUtils.java:logGet(46)) - raft.grpc.server.install_snapshot.request.element-limit = 8 (default)
2023-12-13 18:50:27,899 [s8-server-thread1] INFO  grpc.GrpcConfigKeys (ConfUtils.java:logGet(46)) - raft.grpc.server.install_snapshot.request.timeout = 3000ms (default)
2023-12-13 18:50:27,899 [s8-server-thread1] INFO  server.RaftServerConfigKeys (ConfUtils.java:logGet(46)) - raft.server.log.appender.install.snapshot.enabled = true (default)
2023-12-13 18:50:27,899 [s8-server-thread1] INFO  grpc.GrpcConfigKeys (ConfUtils.java:logGet(46)) - raft.grpc.server.heartbeat.channel = true (default)
2023-12-13 18:50:27,899 [s0-server-thread2] DEBUG server.RaftServer$Division (RaftServerImpl.java:logAppendEntries(1504)) - s0@group-5BB5DA552FF4: succeeded to handle AppendEntries. Reply: s8<-s0#17:OK-t1,SUCCESS,nextIndex=13,followerCommit=11,matchIndex=12
2023-12-13 18:50:27,899 [s8-server-thread1] INFO  server.RaftServerConfigKeys (ConfUtils.java:logGet(46)) - raft.server.log.appender.snapshot.chunk.size.max = 16MB (=16777216) (default)
2023-12-13 18:50:27,899 [s8-server-thread1] INFO  server.RaftServerConfigKeys (ConfUtils.java:logGet(46)) - raft.server.log.appender.buffer.byte-limit = 4MB (=4194304) (default)
2023-12-13 18:50:27,899 [s8-server-thread1] INFO  server.RaftServerConfigKeys (ConfUtils.java:logGet(46)) - raft.server.log.appender.buffer.element-limit = 0 (default)
2023-12-13 18:50:27,899 [s8-server-thread1] INFO  server.RaftServerConfigKeys (ConfUtils.java:logGet(46)) - raft.server.log.appender.wait-time.min = 1ms (default)
2023-12-13 18:50:27,899 [s8-server-thread1] INFO  grpc.GrpcConfigKeys (ConfUtils.java:logGet(46)) - raft.grpc.server.leader.outstanding.appends.max = 8 (default)
2023-12-13 18:50:27,899 [s8-server-thread1] INFO  server.RaftServerConfigKeys (ConfUtils.java:logGet(46)) - raft.server.rpc.request.timeout = 3000ms (default)
2023-12-13 18:50:27,899 [s8-server-thread1] INFO  grpc.GrpcConfigKeys (ConfUtils.java:logGet(46)) - raft.grpc.server.install_snapshot.request.element-limit = 8 (default)
2023-12-13 18:50:27,899 [s8-server-thread1] INFO  grpc.GrpcConfigKeys (ConfUtils.java:logGet(46)) - raft.grpc.server.install_snapshot.request.timeout = 3000ms (default)
2023-12-13 18:50:27,899 [s8-server-thread1] INFO  server.RaftServerConfigKeys (ConfUtils.java:logGet(46)) - raft.server.log.appender.install.snapshot.enabled = true (default)
2023-12-13 18:50:27,899 [s8-server-thread1] INFO  grpc.GrpcConfigKeys (ConfUtils.java:logGet(46)) - raft.grpc.server.heartbeat.channel = true (default)
2023-12-13 18:50:27,899 [s8-server-thread1] INFO  server.RaftServerConfigKeys (ConfUtils.java:logGet(46)) - raft.server.log.appender.snapshot.chunk.size.max = 16MB (=16777216) (default)
2023-12-13 18:50:27,899 [s0@group-5BB5DA552FF4-StateMachineUpdater] TRACE util.FileUtils (LogUtils.java:supplyAndLog(69)) - Successfully supplied FileChannel.open /home/runner/work/ratis/ratis/ratis-test/target/test/data/b8de9602/MiniRaftClusterWithGrpcac948085/s0/d6b72674-aab5-4ca2-affe-5bb5da552ff4/current/raft-meta.conf.tmp with options [CREATE, WRITE]: sun.nio.ch.FileChannelImpl@530adbc2
2023-12-13 18:50:27,899 [s8-server-thread1] INFO  server.RaftServerConfigKeys (ConfUtils.java:logGet(46)) - raft.server.log.appender.buffer.byte-limit = 4MB (=4194304) (default)
2023-12-13 18:50:27,899 [s8-server-thread1] INFO  server.RaftServerConfigKeys (ConfUtils.java:logGet(46)) - raft.server.log.appender.buffer.element-limit = 0 (default)
2023-12-13 18:50:27,899 [s8-server-thread1] INFO  server.RaftServerConfigKeys (ConfUtils.java:logGet(46)) - raft.server.log.appender.wait-time.min = 1ms (default)
2023-12-13 18:50:27,899 [s8-server-thread1] INFO  grpc.GrpcConfigKeys (ConfUtils.java:logGet(46)) - raft.grpc.server.leader.outstanding.appends.max = 8 (default)
2023-12-13 18:50:27,900 [s8-server-thread1] INFO  server.RaftServerConfigKeys (ConfUtils.java:logGet(46)) - raft.server.rpc.request.timeout = 3000ms (default)
2023-12-13 18:50:27,900 [s8-server-thread1] INFO  grpc.GrpcConfigKeys (ConfUtils.java:logGet(46)) - raft.grpc.server.install_snapshot.request.element-limit = 8 (default)
2023-12-13 18:50:27,900 [s8-server-thread1] INFO  grpc.GrpcConfigKeys (ConfUtils.java:logGet(46)) - raft.grpc.server.install_snapshot.request.timeout = 3000ms (default)
2023-12-13 18:50:27,900 [s8-server-thread1] INFO  server.RaftServerConfigKeys (ConfUtils.java:logGet(46)) - raft.server.log.appender.install.snapshot.enabled = true (default)
2023-12-13 18:50:27,900 [s8-server-thread1] INFO  grpc.GrpcConfigKeys (ConfUtils.java:logGet(46)) - raft.grpc.server.heartbeat.channel = true (default)
2023-12-13 18:50:27,900 [s8@group-5BB5DA552FF4-StateMachineUpdater] TRACE util.FileUtils (LogUtils.java:runAndLog(49)) - Successfully ran Atomic Files.move /home/runner/work/ratis/ratis/ratis-test/target/test/data/b8de9602/MiniRaftClusterWithGrpcac948085/s8/d6b72674-aab5-4ca2-affe-5bb5da552ff4/current/raft-meta.conf.tmp to /home/runner/work/ratis/ratis/ratis-test/target/test/data/b8de9602/MiniRaftClusterWithGrpcac948085/s8/d6b72674-aab5-4ca2-affe-5bb5da552ff4/current/raft-meta.conf with options [REPLACE_EXISTING]
2023-12-13 18:50:27,900 [s8-server-thread1] INFO  server.RaftServerConfigKeys (ConfUtils.java:logGet(46)) - raft.server.log.appender.snapshot.chunk.size.max = 16MB (=16777216) (default)
2023-12-13 18:50:27,900 [s8-server-thread1] INFO  server.RaftServerConfigKeys (ConfUtils.java:logGet(46)) - raft.server.log.appender.buffer.byte-limit = 4MB (=4194304) (default)
2023-12-13 18:50:27,900 [s8-server-thread1] INFO  server.RaftServerConfigKeys (ConfUtils.java:logGet(46)) - raft.server.log.appender.buffer.element-limit = 0 (default)
2023-12-13 18:50:27,900 [s8-server-thread1] INFO  server.RaftServerConfigKeys (ConfUtils.java:logGet(46)) - raft.server.log.appender.wait-time.min = 1ms (default)
2023-12-13 18:50:27,900 [s8-server-thread1] INFO  grpc.GrpcConfigKeys (ConfUtils.java:logGet(46)) - raft.grpc.server.leader.outstanding.appends.max = 8 (default)
2023-12-13 18:50:27,900 [s8-server-thread1] INFO  server.RaftServerConfigKeys (ConfUtils.java:logGet(46)) - raft.server.rpc.request.timeout = 3000ms (default)
2023-12-13 18:50:27,900 [s8-server-thread1] INFO  grpc.GrpcConfigKeys (ConfUtils.java:logGet(46)) - raft.grpc.server.install_snapshot.request.element-limit = 8 (default)
2023-12-13 18:50:27,900 [s8-server-thread1] INFO  grpc.GrpcConfigKeys (ConfUtils.java:logGet(46)) - raft.grpc.server.install_snapshot.request.timeout = 3000ms (default)
2023-12-13 18:50:27,900 [s8-server-thread1] INFO  server.RaftServerConfigKeys (ConfUtils.java:logGet(46)) - raft.server.log.appender.install.snapshot.enabled = true (default)
2023-12-13 18:50:27,900 [s8-server-thread1] INFO  grpc.GrpcConfigKeys (ConfUtils.java:logGet(46)) - raft.grpc.server.heartbeat.channel = true (default)
2023-12-13 18:50:27,900 [s3@group-5BB5DA552FF4-StateMachineUpdater] TRACE util.FileUtils (LogUtils.java:runAndLog(49)) - Successfully ran Atomic Files.move /home/runner/work/ratis/ratis/ratis-test/target/test/data/b8de9602/MiniRaftClusterWithGrpcac948085/s3/d6b72674-aab5-4ca2-affe-5bb5da552ff4/current/raft-meta.conf.tmp to /home/runner/work/ratis/ratis/ratis-test/target/test/data/b8de9602/MiniRaftClusterWithGrpcac948085/s3/d6b72674-aab5-4ca2-affe-5bb5da552ff4/current/raft-meta.conf with options [REPLACE_EXISTING]
2023-12-13 18:50:27,901 [s8@group-5BB5DA552FF4->s4-GrpcLogAppender-LogAppenderDaemon] INFO  leader.FollowerInfo (FollowerInfoImpl.java:setAttemptedToInstallSnapshot(154)) - Follower s8@group-5BB5DA552FF4->s4 acknowledged installing snapshot
2023-12-13 18:50:27,901 [s1@group-5BB5DA552FF4-StateMachineUpdater] TRACE util.FileUtils (LogUtils.java:runAndLog(49)) - Successfully ran Atomic Files.move /home/runner/work/ratis/ratis/ratis-test/target/test/data/b8de9602/MiniRaftClusterWithGrpcac948085/s1/d6b72674-aab5-4ca2-affe-5bb5da552ff4/current/raft-meta.conf.tmp to /home/runner/work/ratis/ratis/ratis-test/target/test/data/b8de9602/MiniRaftClusterWithGrpcac948085/s1/d6b72674-aab5-4ca2-affe-5bb5da552ff4/current/raft-meta.conf with options [REPLACE_EXISTING]
2023-12-13 18:50:27,901 [s0@group-5BB5DA552FF4-StateMachineUpdater] TRACE util.FileUtils (LogUtils.java:runAndLog(49)) - Successfully ran Atomic Files.move /home/runner/work/ratis/ratis/ratis-test/target/test/data/b8de9602/MiniRaftClusterWithGrpcac948085/s0/d6b72674-aab5-4ca2-affe-5bb5da552ff4/current/raft-meta.conf.tmp to /home/runner/work/ratis/ratis/ratis-test/target/test/data/b8de9602/MiniRaftClusterWithGrpcac948085/s0/d6b72674-aab5-4ca2-affe-5bb5da552ff4/current/raft-meta.conf with options [REPLACE_EXISTING]
2023-12-13 18:50:27,901 [s2-server-thread2] DEBUG server.RaftServer$Division (RaftServerImpl.java:logAppendEntries(1504)) - s2@group-5BB5DA552FF4: receive appendEntries(s8, 1, (t:1, i:11), 11, false, commits:[s8:c11, s0:c8, s1:c9, s3:c9, s2:c9], cId:7, entries: [(t:1, i:12), METADATAENTRY(c:11)]
2023-12-13 18:50:27,901 [s8@group-5BB5DA552FF4->s4-GrpcLogAppender-LogAppenderDaemon] INFO  server.GrpcServerProtocolClient (GrpcServerProtocolClient.java:<init>(65)) - Build channel for s4
2023-12-13 18:50:27,901 [s1-server-thread2] DEBUG server.RaftServer$Division (RaftServerImpl.java:logAppendEntries(1504)) - s1@group-5BB5DA552FF4: succeeded to handle AppendEntries. Reply: s8<-s1#16:OK-t1,SUCCESS,nextIndex=13,followerCommit=11,matchIndex=12
2023-12-13 18:50:27,901 [s1@group-5BB5DA552FF4-StateMachineUpdater] TRACE util.FileUtils (LogUtils.java:supplyAndLog(69)) - Successfully supplied FileChannel.open /home/runner/work/ratis/ratis/ratis-test/target/test/data/b8de9602/MiniRaftClusterWithGrpcac948085/s1/d6b72674-aab5-4ca2-affe-5bb5da552ff4/current/raft-meta.conf.tmp with options [CREATE, WRITE]: sun.nio.ch.FileChannelImpl@6cef758
2023-12-13 18:50:27,902 [s2@group-5BB5DA552FF4-StateMachineUpdater] TRACE util.FileUtils (LogUtils.java:supplyAndLog(69)) - Successfully supplied FileChannel.open /home/runner/work/ratis/ratis/ratis-test/target/test/data/b8de9602/MiniRaftClusterWithGrpcac948085/s2/d6b72674-aab5-4ca2-affe-5bb5da552ff4/current/raft-meta.conf.tmp with options [CREATE, WRITE]: sun.nio.ch.FileChannelImpl@5c7ec551
2023-12-13 18:50:27,902 [s1@group-5BB5DA552FF4-StateMachineUpdater] TRACE util.FileUtils (LogUtils.java:runAndLog(49)) - Successfully ran Atomic Files.move /home/runner/work/ratis/ratis/ratis-test/target/test/data/b8de9602/MiniRaftClusterWithGrpcac948085/s1/d6b72674-aab5-4ca2-affe-5bb5da552ff4/current/raft-meta.conf.tmp to /home/runner/work/ratis/ratis/ratis-test/target/test/data/b8de9602/MiniRaftClusterWithGrpcac948085/s1/d6b72674-aab5-4ca2-affe-5bb5da552ff4/current/raft-meta.conf with options [REPLACE_EXISTING]
2023-12-13 18:50:27,903 [s2-server-thread3] DEBUG server.RaftServer$Division (RaftServerImpl.java:logAppendEntries(1504)) - s2@group-5BB5DA552FF4: succeeded to handle AppendEntries. Reply: s8<-s2#7:OK-t1,SUCCESS,nextIndex=13,followerCommit=11,matchIndex=12
2023-12-13 18:50:27,903 [s8@group-5BB5DA552FF4->s5-GrpcLogAppender-LogAppenderDaemon] INFO  leader.FollowerInfo (FollowerInfoImpl.java:setAttemptedToInstallSnapshot(154)) - Follower s8@group-5BB5DA552FF4->s5 acknowledged installing snapshot
2023-12-13 18:50:27,903 [s8@group-5BB5DA552FF4->s5-GrpcLogAppender-LogAppenderDaemon] INFO  server.GrpcServerProtocolClient (GrpcServerProtocolClient.java:<init>(65)) - Build channel for s5
2023-12-13 18:50:27,903 [s2@group-5BB5DA552FF4-StateMachineUpdater] TRACE util.FileUtils (LogUtils.java:runAndLog(49)) - Successfully ran Atomic Files.move /home/runner/work/ratis/ratis/ratis-test/target/test/data/b8de9602/MiniRaftClusterWithGrpcac948085/s2/d6b72674-aab5-4ca2-affe-5bb5da552ff4/current/raft-meta.conf.tmp to /home/runner/work/ratis/ratis/ratis-test/target/test/data/b8de9602/MiniRaftClusterWithGrpcac948085/s2/d6b72674-aab5-4ca2-affe-5bb5da552ff4/current/raft-meta.conf with options [REPLACE_EXISTING]
2023-12-13 18:50:27,906 [s8@group-5BB5DA552FF4->s6-GrpcLogAppender-LogAppenderDaemon] INFO  leader.FollowerInfo (FollowerInfoImpl.java:setAttemptedToInstallSnapshot(154)) - Follower s8@group-5BB5DA552FF4->s6 acknowledged installing snapshot
2023-12-13 18:50:27,907 [s8@group-5BB5DA552FF4->s7-GrpcLogAppender-LogAppenderDaemon] INFO  leader.FollowerInfo (FollowerInfoImpl.java:setAttemptedToInstallSnapshot(154)) - Follower s8@group-5BB5DA552FF4->s7 acknowledged installing snapshot
2023-12-13 18:50:27,907 [s8@group-5BB5DA552FF4->s6-GrpcLogAppender-LogAppenderDaemon] INFO  server.GrpcServerProtocolClient (GrpcServerProtocolClient.java:<init>(65)) - Build channel for s6
2023-12-13 18:50:27,907 [s8@group-5BB5DA552FF4->s7-GrpcLogAppender-LogAppenderDaemon] INFO  server.GrpcServerProtocolClient (GrpcServerProtocolClient.java:<init>(65)) - Build channel for s7
2023-12-13 18:50:27,907 [s4-server-thread1] TRACE util.FileUtils (LogUtils.java:supplyAndLog(69)) - Successfully supplied FileChannel.open /home/runner/work/ratis/ratis/ratis-test/target/test/data/b8de9602/MiniRaftClusterWithGrpcac948085/s4/d6b72674-aab5-4ca2-affe-5bb5da552ff4/current/raft-meta.tmp with options [CREATE, WRITE]: sun.nio.ch.FileChannelImpl@6fdf9f47
2023-12-13 18:50:27,908 [s4-server-thread1] TRACE util.FileUtils (LogUtils.java:runAndLog(49)) - Successfully ran Atomic Files.move /home/runner/work/ratis/ratis/ratis-test/target/test/data/b8de9602/MiniRaftClusterWithGrpcac948085/s4/d6b72674-aab5-4ca2-affe-5bb5da552ff4/current/raft-meta.tmp to /home/runner/work/ratis/ratis/ratis-test/target/test/data/b8de9602/MiniRaftClusterWithGrpcac948085/s4/d6b72674-aab5-4ca2-affe-5bb5da552ff4/current/raft-meta with options [REPLACE_EXISTING]
2023-12-13 18:50:27,908 [s4-server-thread1] INFO  server.RaftServer$Division (RaftServerImpl.java:setFirstElection(564)) - s4@group-5BB5DA552FF4: set firstElectionSinceStartup to false for appendEntries
2023-12-13 18:50:27,908 [s4-server-thread1] INFO  server.RaftServer$Division (ServerState.java:setLeader(265)) - s4@group-5BB5DA552FF4: change Leader from null to s8 at term 1 for appendEntries, leader elected after 203ms
2023-12-13 18:50:27,912 [s4-server-thread2] DEBUG server.RaftServer$Division (RaftServerImpl.java:logAppendEntries(1504)) - s4@group-5BB5DA552FF4: receive appendEntries(s8, 1, null, 11, true, commits:[s8:c11, s0:c11, s1:c11, s3:c11, s2:c11, s4:c-1, s5:c-1, s6:c-1, s7:c-1], cId:1, entries: [(t:1, i:0), CONFIGURATIONENTRY(current:id: "s8"
address: "0.0.0.0:34827"
clientAddress: "0.0.0.0:34827"
adminAddress: "0.0.0.0:34827"
startupRole: FOLLOWER
, old:), (t:1, i:1), CONFIGURATIONENTRY(current:id: "s8"
address: "0.0.0.0:34827"
clientAddress: "0.0.0.0:34827"
adminAddress: "0.0.0.0:34827"
startupRole: FOLLOWER
,id: "s0"
address: "0.0.0.0:43623"
clientAddress: "0.0.0.0:43623"
adminAddress: "0.0.0.0:43623"
startupRole: FOLLOWER
, old:id: "s8"
address: "0.0.0.0:34827"
clientAddress: "0.0.0.0:34827"
adminAddress: "0.0.0.0:34827"
startupRole: FOLLOWER
), (t:1, i:2), METADATAENTRY(c:1), (t:1, i:3), CONFIGURATIONENTRY(current:id: "s8"
address: "0.0.0.0:34827"
clientAddress: "0.0.0.0:34827"
adminAddress: "0.0.0.0:34827"
startupRole: FOLLOWER
,id: "s0"
address: "0.0.0.0:43623"
clientAddress: "0.0.0.0:43623"
adminAddress: "0.0.0.0:43623"
startupRole: FOLLOWER
, old:), (t:1, i:4), METADATAENTRY(c:3), (t:1, i:5), CONFIGURATIONENTRY(current:id: "s8"
address: "0.0.0.0:34827"
clientAddress: "0.0.0.0:34827"
adminAddress: "0.0.0.0:34827"
startupRole: FOLLOWER
,id: "s0"
address: "0.0.0.0:43623"
clientAddress: "0.0.0.0:43623"
adminAddress: "0.0.0.0:43623"
startupRole: FOLLOWER
,id: "s1"
address: "0.0.0.0:37641"
clientAddress: "0.0.0.0:37641"
adminAddress: "0.0.0.0:37641"
startupRole: FOLLOWER
, old:id: "s8"
address: "0.0.0.0:34827"
clientAddress: "0.0.0.0:34827"
adminAddress: "0.0.0.0:34827"
startupRole: FOLLOWER
,id: "s0"
address: "0.0.0.0:43623"
clientAddress: "0.0.0.0:43623"
adminAddress: "0.0.0.0:43623"
startupRole: FOLLOWER
), (t:1, i:6), METADATAENTRY(c:5), (t:1, i:7), CONFIGURATIONENTRY(current:id: "s8"
address: "0.0.0.0:34827"
clientAddress: "0.0.0.0:34827"
adminAddress: "0.0.0.0:34827"
startupRole: FOLLOWER
,id: "s0"
address: "0.0.0.0:43623"
clientAddress: "0.0.0.0:43623"
adminAddress: "0.0.0.0:43623"
startupRole: FOLLOWER
,id: "s1"
address: "0.0.0.0:37641"
clientAddress: "0.0.0.0:37641"
adminAddress: "0.0.0.0:37641"
startupRole: FOLLOWER
, old:), (t:1, i:8), METADATAENTRY(c:7), (t:1, i:9), CONFIGURATIONENTRY(current:id: "s3"
address: "0.0.0.0:38599"
clientAddress: "0.0.0.0:38599"
adminAddress: "0.0.0.0:38599"
startupRole: FOLLOWER
,id: "s8"
address: "0.0.0.0:34827"
clientAddress: "0.0.0.0:34827"
adminAddress: "0.0.0.0:34827"
startupRole: FOLLOWER
,id: "s0"
address: "0.0.0.0:43623"
clientAddress: "0.0.0.0:43623"
adminAddress: "0.0.0.0:43623"
startupRole: FOLLOWER
,id: "s1"
address: "0.0.0.0:37641"
clientAddress: "0.0.0.0:37641"
adminAddress: "0.0.0.0:37641"
startupRole: FOLLOWER
,id: "s2"
address: "0.0.0.0:44395"
clientAddress: "0.0.0.0:44395"
adminAddress: "0.0.0.0:44395"
startupRole: FOLLOWER
, old:id: "s8"
address: "0.0.0.0:34827"
clientAddress: "0.0.0.0:34827"
adminAddress: "0.0.0.0:34827"
startupRole: FOLLOWER
,id: "s0"
address: "0.0.0.0:43623"
clientAddress: "0.0.0.0:43623"
adminAddress: "0.0.0.0:43623"
startupRole: FOLLOWER
,id: "s1"
address: "0.0.0.0:37641"
clientAddress: "0.0.0.0:37641"
adminAddress: "0.0.0.0:37641"
startupRole: FOLLOWER
), (t:1, i:10), METADATAENTRY(c:9), (t:1, i:11), CONFIGURATIONENTRY(current:id: "s3"
address: "0.0.0.0:38599"
clientAddress: "0.0.0.0:38599"
adminAddress: "0.0.0.0:38599"
startupRole: FOLLOWER
,id: "s8"
address: "0.0.0.0:34827"
clientAddress: "0.0.0.0:34827"
adminAddress: "0.0.0.0:34827"
startupRole: FOLLOWER
,id: "s0"
address: "0.0.0.0:43623"
clientAddress: "0.0.0.0:43623"
adminAddress: "0.0.0.0:43623"
startupRole: FOLLOWER
,id: "s1"
address: "0.0.0.0:37641"
clientAddress: "0.0.0.0:37641"
adminAddress: "0.0.0.0:37641"
startupRole: FOLLOWER
,id: "s2"
address: "0.0.0.0:44395"
clientAddress: "0.0.0.0:44395"
adminAddress: "0.0.0.0:44395"
startupRole: FOLLOWER
, old:), (t:1, i:12), METADATAENTRY(c:11)]
2023-12-13 18:50:27,912 [s4-server-thread2] INFO  server.RaftServer$Division (ServerState.java:setRaftConf(382)) - s4@group-5BB5DA552FF4: set configuration 0: peers:[s8|0.0.0.0:34827]|listeners:[], old=null
2023-12-13 18:50:27,913 [s4-server-thread2] INFO  server.RaftServer$Division (ServerState.java:setRaftConf(382)) - s4@group-5BB5DA552FF4: set configuration 1: peers:[s8|0.0.0.0:34827, s0|0.0.0.0:43623]|listeners:[], old=peers:[s8|0.0.0.0:34827]|listeners:[]
2023-12-13 18:50:27,913 [s4-server-thread2] INFO  server.RaftServer$Division (ServerState.java:setRaftConf(382)) - s4@group-5BB5DA552FF4: set configuration 3: peers:[s8|0.0.0.0:34827, s0|0.0.0.0:43623]|listeners:[], old=null
2023-12-13 18:50:27,913 [s4-server-thread2] INFO  server.RaftServer$Division (ServerState.java:setRaftConf(382)) - s4@group-5BB5DA552FF4: set configuration 5: peers:[s8|0.0.0.0:34827, s0|0.0.0.0:43623, s1|0.0.0.0:37641]|listeners:[], old=peers:[s8|0.0.0.0:34827, s0|0.0.0.0:43623]|listeners:[]
2023-12-13 18:50:27,913 [s4-server-thread2] INFO  server.RaftServer$Division (ServerState.java:setRaftConf(382)) - s4@group-5BB5DA552FF4: set configuration 7: peers:[s8|0.0.0.0:34827, s0|0.0.0.0:43623, s1|0.0.0.0:37641]|listeners:[], old=null
2023-12-13 18:50:27,913 [s4-server-thread2] INFO  server.RaftServer$Division (ServerState.java:setRaftConf(382)) - s4@group-5BB5DA552FF4: set configuration 9: peers:[s3|0.0.0.0:38599, s8|0.0.0.0:34827, s0|0.0.0.0:43623, s1|0.0.0.0:37641, s2|0.0.0.0:44395]|listeners:[], old=peers:[s8|0.0.0.0:34827, s0|0.0.0.0:43623, s1|0.0.0.0:37641]|listeners:[]
2023-12-13 18:50:27,913 [s4-server-thread2] INFO  server.RaftServer$Division (ServerState.java:setRaftConf(382)) - s4@group-5BB5DA552FF4: set configuration 11: peers:[s3|0.0.0.0:38599, s8|0.0.0.0:34827, s0|0.0.0.0:43623, s1|0.0.0.0:37641, s2|0.0.0.0:44395]|listeners:[], old=null
2023-12-13 18:50:27,913 [s4-server-thread2] INFO  segmented.SegmentedRaftLogWorker (SegmentedRaftLogWorker.java:startLogSegment(430)) - s4@group-5BB5DA552FF4-SegmentedRaftLogWorker: Starting segment from index:0
2023-12-13 18:50:27,913 [s4@group-5BB5DA552FF4-SegmentedRaftLogWorker] INFO  segmented.BufferedWriteChannel (BufferedWriteChannel.java:open(62)) - open log_inprogress_0 at position 0
2023-12-13 18:50:27,914 [s5-server-thread1] DEBUG server.RaftServer$Division (RaftServerImpl.java:logAppendEntries(1504)) - s5@group-5BB5DA552FF4: receive appendEntries(s8, 1, null, 12, true, commits:[s8:c12, s0:c11, s1:c11, s3:c11, s2:c11, s4:c-1, s5:c-1, s6:c-1, s7:c-1], cId:1, entries: [(t:1, i:0), CONFIGURATIONENTRY(current:id: "s8"
address: "0.0.0.0:34827"
clientAddress: "0.0.0.0:34827"
adminAddress: "0.0.0.0:34827"
startupRole: FOLLOWER
, old:), (t:1, i:1), CONFIGURATIONENTRY(current:id: "s8"
address: "0.0.0.0:34827"
clientAddress: "0.0.0.0:34827"
adminAddress: "0.0.0.0:34827"
startupRole: FOLLOWER
,id: "s0"
address: "0.0.0.0:43623"
clientAddress: "0.0.0.0:43623"
adminAddress: "0.0.0.0:43623"
startupRole: FOLLOWER
, old:id: "s8"
address: "0.0.0.0:34827"
clientAddress: "0.0.0.0:34827"
adminAddress: "0.0.0.0:34827"
startupRole: FOLLOWER
), (t:1, i:2), METADATAENTRY(c:1), (t:1, i:3), CONFIGURATIONENTRY(current:id: "s8"
address: "0.0.0.0:34827"
clientAddress: "0.0.0.0:34827"
adminAddress: "0.0.0.0:34827"
startupRole: FOLLOWER
,id: "s0"
address: "0.0.0.0:43623"
clientAddress: "0.0.0.0:43623"
adminAddress: "0.0.0.0:43623"
startupRole: FOLLOWER
, old:), (t:1, i:4), METADATAENTRY(c:3), (t:1, i:5), CONFIGURATIONENTRY(current:id: "s8"
address: "0.0.0.0:34827"
clientAddress: "0.0.0.0:34827"
adminAddress: "0.0.0.0:34827"
startupRole: FOLLOWER
,id: "s0"
address: "0.0.0.0:43623"
clientAddress: "0.0.0.0:43623"
adminAddress: "0.0.0.0:43623"
startupRole: FOLLOWER
,id: "s1"
address: "0.0.0.0:37641"
clientAddress: "0.0.0.0:37641"
adminAddress: "0.0.0.0:37641"
startupRole: FOLLOWER
, old:id: "s8"
address: "0.0.0.0:34827"
clientAddress: "0.0.0.0:34827"
adminAddress: "0.0.0.0:34827"
startupRole: FOLLOWER
,id: "s0"
address: "0.0.0.0:43623"
clientAddress: "0.0.0.0:43623"
adminAddress: "0.0.0.0:43623"
startupRole: FOLLOWER
), (t:1, i:6), METADATAENTRY(c:5), (t:1, i:7), CONFIGURATIONENTRY(current:id: "s8"
address: "0.0.0.0:34827"
clientAddress: "0.0.0.0:34827"
adminAddress: "0.0.0.0:34827"
startupRole: FOLLOWER
,id: "s0"
address: "0.0.0.0:43623"
clientAddress: "0.0.0.0:43623"
adminAddress: "0.0.0.0:43623"
startupRole: FOLLOWER
,id: "s1"
address: "0.0.0.0:37641"
clientAddress: "0.0.0.0:37641"
adminAddress: "0.0.0.0:37641"
startupRole: FOLLOWER
, old:), (t:1, i:8), METADATAENTRY(c:7), (t:1, i:9), CONFIGURATIONENTRY(current:id: "s3"
address: "0.0.0.0:38599"
clientAddress: "0.0.0.0:38599"
adminAddress: "0.0.0.0:38599"
startupRole: FOLLOWER
,id: "s8"
address: "0.0.0.0:34827"
clientAddress: "0.0.0.0:34827"
adminAddress: "0.0.0.0:34827"
startupRole: FOLLOWER
,id: "s0"
address: "0.0.0.0:43623"
clientAddress: "0.0.0.0:43623"
adminAddress: "0.0.0.0:43623"
startupRole: FOLLOWER
,id: "s1"
address: "0.0.0.0:37641"
clientAddress: "0.0.0.0:37641"
adminAddress: "0.0.0.0:37641"
startupRole: FOLLOWER
,id: "s2"
address: "0.0.0.0:44395"
clientAddress: "0.0.0.0:44395"
adminAddress: "0.0.0.0:44395"
startupRole: FOLLOWER
, old:id: "s8"
address: "0.0.0.0:34827"
clientAddress: "0.0.0.0:34827"
adminAddress: "0.0.0.0:34827"
startupRole: FOLLOWER
,id: "s0"
address: "0.0.0.0:43623"
clientAddress: "0.0.0.0:43623"
adminAddress: "0.0.0.0:43623"
startupRole: FOLLOWER
,id: "s1"
address: "0.0.0.0:37641"
clientAddress: "0.0.0.0:37641"
adminAddress: "0.0.0.0:37641"
startupRole: FOLLOWER
), (t:1, i:10), METADATAENTRY(c:9), (t:1, i:11), CONFIGURATIONENTRY(current:id: "s3"
address: "0.0.0.0:38599"
clientAddress: "0.0.0.0:38599"
adminAddress: "0.0.0.0:38599"
startupRole: FOLLOWER
,id: "s8"
address: "0.0.0.0:34827"
clientAddress: "0.0.0.0:34827"
adminAddress: "0.0.0.0:34827"
startupRole: FOLLOWER
,id: "s0"
address: "0.0.0.0:43623"
clientAddress: "0.0.0.0:43623"
adminAddress: "0.0.0.0:43623"
startupRole: FOLLOWER
,id: "s1"
address: "0.0.0.0:37641"
clientAddress: "0.0.0.0:37641"
adminAddress: "0.0.0.0:37641"
startupRole: FOLLOWER
,id: "s2"
address: "0.0.0.0:44395"
clientAddress: "0.0.0.0:44395"
adminAddress: "0.0.0.0:44395"
startupRole: FOLLOWER
, old:), (t:1, i:12), METADATAENTRY(c:11)]
2023-12-13 18:50:27,914 [s5-server-thread1] TRACE util.FileUtils (LogUtils.java:supplyAndLog(69)) - Successfully supplied FileChannel.open /home/runner/work/ratis/ratis/ratis-test/target/test/data/b8de9602/MiniRaftClusterWithGrpcac948085/s5/d6b72674-aab5-4ca2-affe-5bb5da552ff4/current/raft-meta.tmp with options [CREATE, WRITE]: sun.nio.ch.FileChannelImpl@79e6bd86
2023-12-13 18:50:27,915 [s5-server-thread1] TRACE util.FileUtils (LogUtils.java:runAndLog(49)) - Successfully ran Atomic Files.move /home/runner/work/ratis/ratis/ratis-test/target/test/data/b8de9602/MiniRaftClusterWithGrpcac948085/s5/d6b72674-aab5-4ca2-affe-5bb5da552ff4/current/raft-meta.tmp to /home/runner/work/ratis/ratis/ratis-test/target/test/data/b8de9602/MiniRaftClusterWithGrpcac948085/s5/d6b72674-aab5-4ca2-affe-5bb5da552ff4/current/raft-meta with options [REPLACE_EXISTING]
2023-12-13 18:50:27,915 [s5-server-thread1] INFO  server.RaftServer$Division (RaftServerImpl.java:setFirstElection(564)) - s5@group-5BB5DA552FF4: set firstElectionSinceStartup to false for appendEntries
2023-12-13 18:50:27,915 [s5-server-thread1] INFO  server.RaftServer$Division (ServerState.java:setLeader(265)) - s5@group-5BB5DA552FF4: change Leader from null to s8 at term 1 for appendEntries, leader elected after 167ms
2023-12-13 18:50:27,921 [s4@group-5BB5DA552FF4-SegmentedRaftLogWorker] INFO  segmented.SegmentedRaftLogWorker (SegmentedRaftLogWorker.java:execute(634)) - s4@group-5BB5DA552FF4-SegmentedRaftLogWorker: created new log segment /home/runner/work/ratis/ratis/ratis-test/target/test/data/b8de9602/MiniRaftClusterWithGrpcac948085/s4/d6b72674-aab5-4ca2-affe-5bb5da552ff4/current/log_inprogress_0
2023-12-13 18:50:27,922 [s4-server-thread2] DEBUG server.RaftServer$Division (RaftServerImpl.java:logAppendEntries(1504)) - s4@group-5BB5DA552FF4: succeeded to handle AppendEntries. Reply: s8<-s4#1:OK-t1,SUCCESS,nextIndex=13,followerCommit=11,matchIndex=12
2023-12-13 18:50:27,922 [s7-server-thread2] DEBUG server.RaftServer$Division (RaftServerImpl.java:logAppendEntries(1504)) - s7@group-5BB5DA552FF4: receive appendEntries(s8, 1, null, 12, true, commits:[s8:c12, s0:c11, s1:c11, s3:c11, s2:c11, s4:c-1, s5:c-1, s6:c-1, s7:c-1], cId:1, entries: [(t:1, i:0), CONFIGURATIONENTRY(current:id: "s8"
address: "0.0.0.0:34827"
clientAddress: "0.0.0.0:34827"
adminAddress: "0.0.0.0:34827"
startupRole: FOLLOWER
, old:), (t:1, i:1), CONFIGURATIONENTRY(current:id: "s8"
address: "0.0.0.0:34827"
clientAddress: "0.0.0.0:34827"
adminAddress: "0.0.0.0:34827"
startupRole: FOLLOWER
,id: "s0"
address: "0.0.0.0:43623"
clientAddress: "0.0.0.0:43623"
adminAddress: "0.0.0.0:43623"
startupRole: FOLLOWER
, old:id: "s8"
address: "0.0.0.0:34827"
clientAddress: "0.0.0.0:34827"
adminAddress: "0.0.0.0:34827"
startupRole: FOLLOWER
), (t:1, i:2), METADATAENTRY(c:1), (t:1, i:3), CONFIGURATIONENTRY(current:id: "s8"
address: "0.0.0.0:34827"
clientAddress: "0.0.0.0:34827"
adminAddress: "0.0.0.0:34827"
startupRole: FOLLOWER
,id: "s0"
address: "0.0.0.0:43623"
clientAddress: "0.0.0.0:43623"
adminAddress: "0.0.0.0:43623"
startupRole: FOLLOWER
, old:), (t:1, i:4), METADATAENTRY(c:3), (t:1, i:5), CONFIGURATIONENTRY(current:id: "s8"
address: "0.0.0.0:34827"
clientAddress: "0.0.0.0:34827"
adminAddress: "0.0.0.0:34827"
startupRole: FOLLOWER
,id: "s0"
address: "0.0.0.0:43623"
clientAddress: "0.0.0.0:43623"
adminAddress: "0.0.0.0:43623"
startupRole: FOLLOWER
,id: "s1"
address: "0.0.0.0:37641"
clientAddress: "0.0.0.0:37641"
adminAddress: "0.0.0.0:37641"
startupRole: FOLLOWER
, old:id: "s8"
address: "0.0.0.0:34827"
clientAddress: "0.0.0.0:34827"
adminAddress: "0.0.0.0:34827"
startupRole: FOLLOWER
,id: "s0"
address: "0.0.0.0:43623"
clientAddress: "0.0.0.0:43623"
adminAddress: "0.0.0.0:43623"
startupRole: FOLLOWER
), (t:1, i:6), METADATAENTRY(c:5), (t:1, i:7), CONFIGURATIONENTRY(current:id: "s8"
address: "0.0.0.0:34827"
clientAddress: "0.0.0.0:34827"
adminAddress: "0.0.0.0:34827"
startupRole: FOLLOWER
,id: "s0"
address: "0.0.0.0:43623"
clientAddress: "0.0.0.0:43623"
adminAddress: "0.0.0.0:43623"
startupRole: FOLLOWER
,id: "s1"
address: "0.0.0.0:37641"
clientAddress: "0.0.0.0:37641"
adminAddress: "0.0.0.0:37641"
startupRole: FOLLOWER
, old:), (t:1, i:8), METADATAENTRY(c:7), (t:1, i:9), CONFIGURATIONENTRY(current:id: "s3"
address: "0.0.0.0:38599"
clientAddress: "0.0.0.0:38599"
adminAddress: "0.0.0.0:38599"
startupRole: FOLLOWER
,id: "s8"
address: "0.0.0.0:34827"
clientAddress: "0.0.0.0:34827"
adminAddress: "0.0.0.0:34827"
startupRole: FOLLOWER
,id: "s0"
address: "0.0.0.0:43623"
clientAddress: "0.0.0.0:43623"
adminAddress: "0.0.0.0:43623"
startupRole: FOLLOWER
,id: "s1"
address: "0.0.0.0:37641"
clientAddress: "0.0.0.0:37641"
adminAddress: "0.0.0.0:37641"
startupRole: FOLLOWER
,id: "s2"
address: "0.0.0.0:44395"
clientAddress: "0.0.0.0:44395"
adminAddress: "0.0.0.0:44395"
startupRole: FOLLOWER
, old:id: "s8"
address: "0.0.0.0:34827"
clientAddress: "0.0.0.0:34827"
adminAddress: "0.0.0.0:34827"
startupRole: FOLLOWER
,id: "s0"
address: "0.0.0.0:43623"
clientAddress: "0.0.0.0:43623"
adminAddress: "0.0.0.0:43623"
startupRole: FOLLOWER
,id: "s1"
address: "0.0.0.0:37641"
clientAddress: "0.0.0.0:37641"
adminAddress: "0.0.0.0:37641"
startupRole: FOLLOWER
), (t:1, i:10), METADATAENTRY(c:9), (t:1, i:11), CONFIGURATIONENTRY(current:id: "s3"
address: "0.0.0.0:38599"
clientAddress: "0.0.0.0:38599"
adminAddress: "0.0.0.0:38599"
startupRole: FOLLOWER
,id: "s8"
address: "0.0.0.0:34827"
clientAddress: "0.0.0.0:34827"
adminAddress: "0.0.0.0:34827"
startupRole: FOLLOWER
,id: "s0"
address: "0.0.0.0:43623"
clientAddress: "0.0.0.0:43623"
adminAddress: "0.0.0.0:43623"
startupRole: FOLLOWER
,id: "s1"
address: "0.0.0.0:37641"
clientAddress: "0.0.0.0:37641"
adminAddress: "0.0.0.0:37641"
startupRole: FOLLOWER
,id: "s2"
address: "0.0.0.0:44395"
clientAddress: "0.0.0.0:44395"
adminAddress: "0.0.0.0:44395"
startupRole: FOLLOWER
, old:), (t:1, i:12), METADATAENTRY(c:11)]
2023-12-13 18:50:27,922 [s7-server-thread2] TRACE util.FileUtils (LogUtils.java:supplyAndLog(69)) - Successfully supplied FileChannel.open /home/runner/work/ratis/ratis/ratis-test/target/test/data/b8de9602/MiniRaftClusterWithGrpcac948085/s7/d6b72674-aab5-4ca2-affe-5bb5da552ff4/current/raft-meta.tmp with options [CREATE, WRITE]: sun.nio.ch.FileChannelImpl@26e86fc4
2023-12-13 18:50:27,922 [s4@group-5BB5DA552FF4-StateMachineUpdater] TRACE util.FileUtils (LogUtils.java:supplyAndLog(69)) - Successfully supplied FileChannel.open /home/runner/work/ratis/ratis/ratis-test/target/test/data/b8de9602/MiniRaftClusterWithGrpcac948085/s4/d6b72674-aab5-4ca2-affe-5bb5da552ff4/current/raft-meta.conf.tmp with options [CREATE, WRITE]: sun.nio.ch.FileChannelImpl@2941818
2023-12-13 18:50:27,923 [s4@group-5BB5DA552FF4-StateMachineUpdater] TRACE util.FileUtils (LogUtils.java:runAndLog(49)) - Successfully ran Atomic Files.move /home/runner/work/ratis/ratis/ratis-test/target/test/data/b8de9602/MiniRaftClusterWithGrpcac948085/s4/d6b72674-aab5-4ca2-affe-5bb5da552ff4/current/raft-meta.conf.tmp to /home/runner/work/ratis/ratis/ratis-test/target/test/data/b8de9602/MiniRaftClusterWithGrpcac948085/s4/d6b72674-aab5-4ca2-affe-5bb5da552ff4/current/raft-meta.conf with options [REPLACE_EXISTING]
2023-12-13 18:50:27,924 [s7-server-thread2] TRACE util.FileUtils (LogUtils.java:runAndLog(49)) - Successfully ran Atomic Files.move /home/runner/work/ratis/ratis/ratis-test/target/test/data/b8de9602/MiniRaftClusterWithGrpcac948085/s7/d6b72674-aab5-4ca2-affe-5bb5da552ff4/current/raft-meta.tmp to /home/runner/work/ratis/ratis/ratis-test/target/test/data/b8de9602/MiniRaftClusterWithGrpcac948085/s7/d6b72674-aab5-4ca2-affe-5bb5da552ff4/current/raft-meta with options [REPLACE_EXISTING]
2023-12-13 18:50:27,924 [s7-server-thread2] INFO  server.RaftServer$Division (RaftServerImpl.java:setFirstElection(564)) - s7@group-5BB5DA552FF4: set firstElectionSinceStartup to false for appendEntries
2023-12-13 18:50:27,924 [s7-server-thread2] INFO  server.RaftServer$Division (ServerState.java:setLeader(265)) - s7@group-5BB5DA552FF4: change Leader from null to s8 at term 1 for appendEntries, leader elected after 153ms
2023-12-13 18:50:27,926 [s6-server-thread1] TRACE util.FileUtils (LogUtils.java:supplyAndLog(69)) - Successfully supplied FileChannel.open /home/runner/work/ratis/ratis/ratis-test/target/test/data/b8de9602/MiniRaftClusterWithGrpcac948085/s6/d6b72674-aab5-4ca2-affe-5bb5da552ff4/current/raft-meta.tmp with options [CREATE, WRITE]: sun.nio.ch.FileChannelImpl@6e5b341c
2023-12-13 18:50:27,926 [s6-server-thread2] DEBUG server.RaftServer$Division (RaftServerImpl.java:logAppendEntries(1504)) - s6@group-5BB5DA552FF4: receive appendEntries(s8, 1, null, 12, true, commits:[s8:c12, s0:c11, s1:c11, s3:c11, s2:c11, s4:c-1, s5:c-1, s6:c-1, s7:c-1], cId:1, entries: [(t:1, i:0), CONFIGURATIONENTRY(current:id: "s8"
address: "0.0.0.0:34827"
clientAddress: "0.0.0.0:34827"
adminAddress: "0.0.0.0:34827"
startupRole: FOLLOWER
, old:), (t:1, i:1), CONFIGURATIONENTRY(current:id: "s8"
address: "0.0.0.0:34827"
clientAddress: "0.0.0.0:34827"
adminAddress: "0.0.0.0:34827"
startupRole: FOLLOWER
,id: "s0"
address: "0.0.0.0:43623"
clientAddress: "0.0.0.0:43623"
adminAddress: "0.0.0.0:43623"
startupRole: FOLLOWER
, old:id: "s8"
address: "0.0.0.0:34827"
clientAddress: "0.0.0.0:34827"
adminAddress: "0.0.0.0:34827"
startupRole: FOLLOWER
), (t:1, i:2), METADATAENTRY(c:1), (t:1, i:3), CONFIGURATIONENTRY(current:id: "s8"
address: "0.0.0.0:34827"
clientAddress: "0.0.0.0:34827"
adminAddress: "0.0.0.0:34827"
startupRole: FOLLOWER
,id: "s0"
address: "0.0.0.0:43623"
clientAddress: "0.0.0.0:43623"
adminAddress: "0.0.0.0:43623"
startupRole: FOLLOWER
, old:), (t:1, i:4), METADATAENTRY(c:3), (t:1, i:5), CONFIGURATIONENTRY(current:id: "s8"
address: "0.0.0.0:34827"
clientAddress: "0.0.0.0:34827"
adminAddress: "0.0.0.0:34827"
startupRole: FOLLOWER
,id: "s0"
address: "0.0.0.0:43623"
clientAddress: "0.0.0.0:43623"
adminAddress: "0.0.0.0:43623"
startupRole: FOLLOWER
,id: "s1"
address: "0.0.0.0:37641"
clientAddress: "0.0.0.0:37641"
adminAddress: "0.0.0.0:37641"
startupRole: FOLLOWER
, old:id: "s8"
address: "0.0.0.0:34827"
clientAddress: "0.0.0.0:34827"
adminAddress: "0.0.0.0:34827"
startupRole: FOLLOWER
,id: "s0"
address: "0.0.0.0:43623"
clientAddress: "0.0.0.0:43623"
adminAddress: "0.0.0.0:43623"
startupRole: FOLLOWER
), (t:1, i:6), METADATAENTRY(c:5), (t:1, i:7), CONFIGURATIONENTRY(current:id: "s8"
address: "0.0.0.0:34827"
clientAddress: "0.0.0.0:34827"
adminAddress: "0.0.0.0:34827"
startupRole: FOLLOWER
,id: "s0"
address: "0.0.0.0:43623"
clientAddress: "0.0.0.0:43623"
adminAddress: "0.0.0.0:43623"
startupRole: FOLLOWER
,id: "s1"
address: "0.0.0.0:37641"
clientAddress: "0.0.0.0:37641"
adminAddress: "0.0.0.0:37641"
startupRole: FOLLOWER
, old:), (t:1, i:8), METADATAENTRY(c:7), (t:1, i:9), CONFIGURATIONENTRY(current:id: "s3"
address: "0.0.0.0:38599"
clientAddress: "0.0.0.0:38599"
adminAddress: "0.0.0.0:38599"
startupRole: FOLLOWER
,id: "s8"
address: "0.0.0.0:34827"
clientAddress: "0.0.0.0:34827"
adminAddress: "0.0.0.0:34827"
startupRole: FOLLOWER
,id: "s0"
address: "0.0.0.0:43623"
clientAddress: "0.0.0.0:43623"
adminAddress: "0.0.0.0:43623"
startupRole: FOLLOWER
,id: "s1"
address: "0.0.0.0:37641"
clientAddress: "0.0.0.0:37641"
adminAddress: "0.0.0.0:37641"
startupRole: FOLLOWER
,id: "s2"
address: "0.0.0.0:44395"
clientAddress: "0.0.0.0:44395"
adminAddress: "0.0.0.0:44395"
startupRole: FOLLOWER
, old:id: "s8"
address: "0.0.0.0:34827"
clientAddress: "0.0.0.0:34827"
adminAddress: "0.0.0.0:34827"
startupRole: FOLLOWER
,id: "s0"
address: "0.0.0.0:43623"
clientAddress: "0.0.0.0:43623"
adminAddress: "0.0.0.0:43623"
startupRole: FOLLOWER
,id: "s1"
address: "0.0.0.0:37641"
clientAddress: "0.0.0.0:37641"
adminAddress: "0.0.0.0:37641"
startupRole: FOLLOWER
), (t:1, i:10), METADATAENTRY(c:9), (t:1, i:11), CONFIGURATIONENTRY(current:id: "s3"
address: "0.0.0.0:38599"
clientAddress: "0.0.0.0:38599"
adminAddress: "0.0.0.0:38599"
startupRole: FOLLOWER
,id: "s8"
address: "0.0.0.0:34827"
clientAddress: "0.0.0.0:34827"
adminAddress: "0.0.0.0:34827"
startupRole: FOLLOWER
,id: "s0"
address: "0.0.0.0:43623"
clientAddress: "0.0.0.0:43623"
adminAddress: "0.0.0.0:43623"
startupRole: FOLLOWER
,id: "s1"
address: "0.0.0.0:37641"
clientAddress: "0.0.0.0:37641"
adminAddress: "0.0.0.0:37641"
startupRole: FOLLOWER
,id: "s2"
address: "0.0.0.0:44395"
clientAddress: "0.0.0.0:44395"
adminAddress: "0.0.0.0:44395"
startupRole: FOLLOWER
, old:), (t:1, i:12), METADATAENTRY(c:11)]
2023-12-13 18:50:27,927 [s6-server-thread1] TRACE util.FileUtils (LogUtils.java:runAndLog(49)) - Successfully ran Atomic Files.move /home/runner/work/ratis/ratis/ratis-test/target/test/data/b8de9602/MiniRaftClusterWithGrpcac948085/s6/d6b72674-aab5-4ca2-affe-5bb5da552ff4/current/raft-meta.tmp to /home/runner/work/ratis/ratis/ratis-test/target/test/data/b8de9602/MiniRaftClusterWithGrpcac948085/s6/d6b72674-aab5-4ca2-affe-5bb5da552ff4/current/raft-meta with options [REPLACE_EXISTING]
2023-12-13 18:50:27,927 [s6-server-thread1] INFO  server.RaftServer$Division (RaftServerImpl.java:setFirstElection(564)) - s6@group-5BB5DA552FF4: set firstElectionSinceStartup to false for appendEntries
2023-12-13 18:50:27,927 [s6-server-thread1] INFO  server.RaftServer$Division (ServerState.java:setLeader(265)) - s6@group-5BB5DA552FF4: change Leader from null to s8 at term 1 for appendEntries, leader elected after 168ms
2023-12-13 18:50:27,930 [s5-server-thread1] INFO  server.RaftServer$Division (ServerState.java:setRaftConf(382)) - s5@group-5BB5DA552FF4: set configuration 0: peers:[s8|0.0.0.0:34827]|listeners:[], old=null
2023-12-13 18:50:27,930 [s4@group-5BB5DA552FF4-StateMachineUpdater] TRACE util.FileUtils (LogUtils.java:supplyAndLog(69)) - Successfully supplied FileChannel.open /home/runner/work/ratis/ratis/ratis-test/target/test/data/b8de9602/MiniRaftClusterWithGrpcac948085/s4/d6b72674-aab5-4ca2-affe-5bb5da552ff4/current/raft-meta.conf.tmp with options [CREATE, WRITE]: sun.nio.ch.FileChannelImpl@c53f63a
2023-12-13 18:50:27,930 [s5-server-thread1] INFO  server.RaftServer$Division (ServerState.java:setRaftConf(382)) - s5@group-5BB5DA552FF4: set configuration 1: peers:[s8|0.0.0.0:34827, s0|0.0.0.0:43623]|listeners:[], old=peers:[s8|0.0.0.0:34827]|listeners:[]
2023-12-13 18:50:27,930 [s5-server-thread1] INFO  server.RaftServer$Division (ServerState.java:setRaftConf(382)) - s5@group-5BB5DA552FF4: set configuration 3: peers:[s8|0.0.0.0:34827, s0|0.0.0.0:43623]|listeners:[], old=null
2023-12-13 18:50:27,930 [s5-server-thread1] INFO  server.RaftServer$Division (ServerState.java:setRaftConf(382)) - s5@group-5BB5DA552FF4: set configuration 5: peers:[s8|0.0.0.0:34827, s0|0.0.0.0:43623, s1|0.0.0.0:37641]|listeners:[], old=peers:[s8|0.0.0.0:34827, s0|0.0.0.0:43623]|listeners:[]
2023-12-13 18:50:27,930 [s5-server-thread1] INFO  server.RaftServer$Division (ServerState.java:setRaftConf(382)) - s5@group-5BB5DA552FF4: set configuration 7: peers:[s8|0.0.0.0:34827, s0|0.0.0.0:43623, s1|0.0.0.0:37641]|listeners:[], old=null
2023-12-13 18:50:27,930 [s5-server-thread1] INFO  server.RaftServer$Division (ServerState.java:setRaftConf(382)) - s5@group-5BB5DA552FF4: set configuration 9: peers:[s3|0.0.0.0:38599, s8|0.0.0.0:34827, s0|0.0.0.0:43623, s1|0.0.0.0:37641, s2|0.0.0.0:44395]|listeners:[], old=peers:[s8|0.0.0.0:34827, s0|0.0.0.0:43623, s1|0.0.0.0:37641]|listeners:[]
2023-12-13 18:50:27,930 [s5-server-thread1] INFO  server.RaftServer$Division (ServerState.java:setRaftConf(382)) - s5@group-5BB5DA552FF4: set configuration 11: peers:[s3|0.0.0.0:38599, s8|0.0.0.0:34827, s0|0.0.0.0:43623, s1|0.0.0.0:37641, s2|0.0.0.0:44395]|listeners:[], old=null
2023-12-13 18:50:27,931 [s7-server-thread2] INFO  server.RaftServer$Division (ServerState.java:setRaftConf(382)) - s7@group-5BB5DA552FF4: set configuration 0: peers:[s8|0.0.0.0:34827]|listeners:[], old=null
2023-12-13 18:50:27,931 [s5-server-thread1] INFO  segmented.SegmentedRaftLogWorker (SegmentedRaftLogWorker.java:startLogSegment(430)) - s5@group-5BB5DA552FF4-SegmentedRaftLogWorker: Starting segment from index:0
2023-12-13 18:50:27,931 [s7-server-thread2] INFO  server.RaftServer$Division (ServerState.java:setRaftConf(382)) - s7@group-5BB5DA552FF4: set configuration 1: peers:[s8|0.0.0.0:34827, s0|0.0.0.0:43623]|listeners:[], old=peers:[s8|0.0.0.0:34827]|listeners:[]
2023-12-13 18:50:27,931 [s7-server-thread2] INFO  server.RaftServer$Division (ServerState.java:setRaftConf(382)) - s7@group-5BB5DA552FF4: set configuration 3: peers:[s8|0.0.0.0:34827, s0|0.0.0.0:43623]|listeners:[], old=null
2023-12-13 18:50:27,931 [s7-server-thread2] INFO  server.RaftServer$Division (ServerState.java:setRaftConf(382)) - s7@group-5BB5DA552FF4: set configuration 5: peers:[s8|0.0.0.0:34827, s0|0.0.0.0:43623, s1|0.0.0.0:37641]|listeners:[], old=peers:[s8|0.0.0.0:34827, s0|0.0.0.0:43623]|listeners:[]
2023-12-13 18:50:27,931 [s7-server-thread2] INFO  server.RaftServer$Division (ServerState.java:setRaftConf(382)) - s7@group-5BB5DA552FF4: set configuration 7: peers:[s8|0.0.0.0:34827, s0|0.0.0.0:43623, s1|0.0.0.0:37641]|listeners:[], old=null
2023-12-13 18:50:27,931 [s7-server-thread2] INFO  server.RaftServer$Division (ServerState.java:setRaftConf(382)) - s7@group-5BB5DA552FF4: set configuration 9: peers:[s3|0.0.0.0:38599, s8|0.0.0.0:34827, s0|0.0.0.0:43623, s1|0.0.0.0:37641, s2|0.0.0.0:44395]|listeners:[], old=peers:[s8|0.0.0.0:34827, s0|0.0.0.0:43623, s1|0.0.0.0:37641]|listeners:[]
2023-12-13 18:50:27,931 [s7-server-thread2] INFO  server.RaftServer$Division (ServerState.java:setRaftConf(382)) - s7@group-5BB5DA552FF4: set configuration 11: peers:[s3|0.0.0.0:38599, s8|0.0.0.0:34827, s0|0.0.0.0:43623, s1|0.0.0.0:37641, s2|0.0.0.0:44395]|listeners:[], old=null
2023-12-13 18:50:27,931 [s7-server-thread2] INFO  segmented.SegmentedRaftLogWorker (SegmentedRaftLogWorker.java:startLogSegment(430)) - s7@group-5BB5DA552FF4-SegmentedRaftLogWorker: Starting segment from index:0
2023-12-13 18:50:27,931 [s5@group-5BB5DA552FF4-SegmentedRaftLogWorker] INFO  segmented.BufferedWriteChannel (BufferedWriteChannel.java:open(62)) - open log_inprogress_0 at position 0
2023-12-13 18:50:27,931 [s7@group-5BB5DA552FF4-SegmentedRaftLogWorker] INFO  segmented.BufferedWriteChannel (BufferedWriteChannel.java:open(62)) - open log_inprogress_0 at position 0
2023-12-13 18:50:27,934 [s4@group-5BB5DA552FF4-StateMachineUpdater] TRACE util.FileUtils (LogUtils.java:runAndLog(49)) - Successfully ran Atomic Files.move /home/runner/work/ratis/ratis/ratis-test/target/test/data/b8de9602/MiniRaftClusterWithGrpcac948085/s4/d6b72674-aab5-4ca2-affe-5bb5da552ff4/current/raft-meta.conf.tmp to /home/runner/work/ratis/ratis/ratis-test/target/test/data/b8de9602/MiniRaftClusterWithGrpcac948085/s4/d6b72674-aab5-4ca2-affe-5bb5da552ff4/current/raft-meta.conf with options [REPLACE_EXISTING]
2023-12-13 18:50:27,935 [s4@group-5BB5DA552FF4-StateMachineUpdater] TRACE util.FileUtils (LogUtils.java:supplyAndLog(69)) - Successfully supplied FileChannel.open /home/runner/work/ratis/ratis/ratis-test/target/test/data/b8de9602/MiniRaftClusterWithGrpcac948085/s4/d6b72674-aab5-4ca2-affe-5bb5da552ff4/current/raft-meta.conf.tmp with options [CREATE, WRITE]: sun.nio.ch.FileChannelImpl@86c7368
2023-12-13 18:50:27,936 [s6-server-thread2] INFO  server.RaftServer$Division (ServerState.java:setRaftConf(382)) - s6@group-5BB5DA552FF4: set configuration 0: peers:[s8|0.0.0.0:34827]|listeners:[], old=null
2023-12-13 18:50:27,936 [s6-server-thread2] INFO  server.RaftServer$Division (ServerState.java:setRaftConf(382)) - s6@group-5BB5DA552FF4: set configuration 1: peers:[s8|0.0.0.0:34827, s0|0.0.0.0:43623]|listeners:[], old=peers:[s8|0.0.0.0:34827]|listeners:[]
2023-12-13 18:50:27,936 [s6-server-thread2] INFO  server.RaftServer$Division (ServerState.java:setRaftConf(382)) - s6@group-5BB5DA552FF4: set configuration 3: peers:[s8|0.0.0.0:34827, s0|0.0.0.0:43623]|listeners:[], old=null
2023-12-13 18:50:27,936 [s6-server-thread2] INFO  server.RaftServer$Division (ServerState.java:setRaftConf(382)) - s6@group-5BB5DA552FF4: set configuration 5: peers:[s8|0.0.0.0:34827, s0|0.0.0.0:43623, s1|0.0.0.0:37641]|listeners:[], old=peers:[s8|0.0.0.0:34827, s0|0.0.0.0:43623]|listeners:[]
2023-12-13 18:50:27,936 [s6-server-thread2] INFO  server.RaftServer$Division (ServerState.java:setRaftConf(382)) - s6@group-5BB5DA552FF4: set configuration 7: peers:[s8|0.0.0.0:34827, s0|0.0.0.0:43623, s1|0.0.0.0:37641]|listeners:[], old=null
2023-12-13 18:50:27,937 [s6-server-thread2] INFO  server.RaftServer$Division (ServerState.java:setRaftConf(382)) - s6@group-5BB5DA552FF4: set configuration 9: peers:[s3|0.0.0.0:38599, s8|0.0.0.0:34827, s0|0.0.0.0:43623, s1|0.0.0.0:37641, s2|0.0.0.0:44395]|listeners:[], old=peers:[s8|0.0.0.0:34827, s0|0.0.0.0:43623, s1|0.0.0.0:37641]|listeners:[]
2023-12-13 18:50:27,937 [s6-server-thread2] INFO  server.RaftServer$Division (ServerState.java:setRaftConf(382)) - s6@group-5BB5DA552FF4: set configuration 11: peers:[s3|0.0.0.0:38599, s8|0.0.0.0:34827, s0|0.0.0.0:43623, s1|0.0.0.0:37641, s2|0.0.0.0:44395]|listeners:[], old=null
2023-12-13 18:50:27,937 [s6-server-thread2] INFO  segmented.SegmentedRaftLogWorker (SegmentedRaftLogWorker.java:startLogSegment(430)) - s6@group-5BB5DA552FF4-SegmentedRaftLogWorker: Starting segment from index:0
2023-12-13 18:50:27,937 [s6@group-5BB5DA552FF4-SegmentedRaftLogWorker] INFO  segmented.BufferedWriteChannel (BufferedWriteChannel.java:open(62)) - open log_inprogress_0 at position 0
2023-12-13 18:50:27,943 [s7@group-5BB5DA552FF4-SegmentedRaftLogWorker] INFO  segmented.SegmentedRaftLogWorker (SegmentedRaftLogWorker.java:execute(634)) - s7@group-5BB5DA552FF4-SegmentedRaftLogWorker: created new log segment /home/runner/work/ratis/ratis/ratis-test/target/test/data/b8de9602/MiniRaftClusterWithGrpcac948085/s7/d6b72674-aab5-4ca2-affe-5bb5da552ff4/current/log_inprogress_0
2023-12-13 18:50:27,943 [s4@group-5BB5DA552FF4-StateMachineUpdater] TRACE util.FileUtils (LogUtils.java:runAndLog(49)) - Successfully ran Atomic Files.move /home/runner/work/ratis/ratis/ratis-test/target/test/data/b8de9602/MiniRaftClusterWithGrpcac948085/s4/d6b72674-aab5-4ca2-affe-5bb5da552ff4/current/raft-meta.conf.tmp to /home/runner/work/ratis/ratis/ratis-test/target/test/data/b8de9602/MiniRaftClusterWithGrpcac948085/s4/d6b72674-aab5-4ca2-affe-5bb5da552ff4/current/raft-meta.conf with options [REPLACE_EXISTING]
2023-12-13 18:50:27,944 [s4@group-5BB5DA552FF4-StateMachineUpdater] TRACE util.FileUtils (LogUtils.java:supplyAndLog(69)) - Successfully supplied FileChannel.open /home/runner/work/ratis/ratis/ratis-test/target/test/data/b8de9602/MiniRaftClusterWithGrpcac948085/s4/d6b72674-aab5-4ca2-affe-5bb5da552ff4/current/raft-meta.conf.tmp with options [CREATE, WRITE]: sun.nio.ch.FileChannelImpl@4d6efc01
2023-12-13 18:50:27,945 [s5@group-5BB5DA552FF4-SegmentedRaftLogWorker] INFO  segmented.SegmentedRaftLogWorker (SegmentedRaftLogWorker.java:execute(634)) - s5@group-5BB5DA552FF4-SegmentedRaftLogWorker: created new log segment /home/runner/work/ratis/ratis/ratis-test/target/test/data/b8de9602/MiniRaftClusterWithGrpcac948085/s5/d6b72674-aab5-4ca2-affe-5bb5da552ff4/current/log_inprogress_0
2023-12-13 18:50:27,946 [s6@group-5BB5DA552FF4-SegmentedRaftLogWorker] INFO  segmented.SegmentedRaftLogWorker (SegmentedRaftLogWorker.java:execute(634)) - s6@group-5BB5DA552FF4-SegmentedRaftLogWorker: created new log segment /home/runner/work/ratis/ratis/ratis-test/target/test/data/b8de9602/MiniRaftClusterWithGrpcac948085/s6/d6b72674-aab5-4ca2-affe-5bb5da552ff4/current/log_inprogress_0
2023-12-13 18:50:27,946 [s7-server-thread2] DEBUG server.RaftServer$Division (RaftServerImpl.java:logAppendEntries(1504)) - s7@group-5BB5DA552FF4: succeeded to handle AppendEntries. Reply: s8<-s7#1:OK-t0,SUCCESS,nextIndex=13,followerCommit=12,matchIndex=12
2023-12-13 18:50:27,946 [s4@group-5BB5DA552FF4-StateMachineUpdater] TRACE util.FileUtils (LogUtils.java:runAndLog(49)) - Successfully ran Atomic Files.move /home/runner/work/ratis/ratis/ratis-test/target/test/data/b8de9602/MiniRaftClusterWithGrpcac948085/s4/d6b72674-aab5-4ca2-affe-5bb5da552ff4/current/raft-meta.conf.tmp to /home/runner/work/ratis/ratis/ratis-test/target/test/data/b8de9602/MiniRaftClusterWithGrpcac948085/s4/d6b72674-aab5-4ca2-affe-5bb5da552ff4/current/raft-meta.conf with options [REPLACE_EXISTING]
2023-12-13 18:50:27,946 [s7@group-5BB5DA552FF4-StateMachineUpdater] TRACE util.FileUtils (LogUtils.java:supplyAndLog(69)) - Successfully supplied FileChannel.open /home/runner/work/ratis/ratis/ratis-test/target/test/data/b8de9602/MiniRaftClusterWithGrpcac948085/s7/d6b72674-aab5-4ca2-affe-5bb5da552ff4/current/raft-meta.conf.tmp with options [CREATE, WRITE]: sun.nio.ch.FileChannelImpl@4e37373b
2023-12-13 18:50:27,947 [s4@group-5BB5DA552FF4-StateMachineUpdater] TRACE util.FileUtils (LogUtils.java:supplyAndLog(69)) - Successfully supplied FileChannel.open /home/runner/work/ratis/ratis/ratis-test/target/test/data/b8de9602/MiniRaftClusterWithGrpcac948085/s4/d6b72674-aab5-4ca2-affe-5bb5da552ff4/current/raft-meta.conf.tmp with options [CREATE, WRITE]: sun.nio.ch.FileChannelImpl@6f18796c
2023-12-13 18:50:27,947 [s5-server-thread2] DEBUG server.RaftServer$Division (RaftServerImpl.java:logAppendEntries(1504)) - s5@group-5BB5DA552FF4: succeeded to handle AppendEntries. Reply: s8<-s5#1:OK-t0,SUCCESS,nextIndex=13,followerCommit=12,matchIndex=12
2023-12-13 18:50:27,947 [s5@group-5BB5DA552FF4-StateMachineUpdater] TRACE util.FileUtils (LogUtils.java:supplyAndLog(69)) - Successfully supplied FileChannel.open /home/runner/work/ratis/ratis/ratis-test/target/test/data/b8de9602/MiniRaftClusterWithGrpcac948085/s5/d6b72674-aab5-4ca2-affe-5bb5da552ff4/current/raft-meta.conf.tmp with options [CREATE, WRITE]: sun.nio.ch.FileChannelImpl@31756283
2023-12-13 18:50:27,947 [s7@group-5BB5DA552FF4-StateMachineUpdater] TRACE util.FileUtils (LogUtils.java:runAndLog(49)) - Successfully ran Atomic Files.move /home/runner/work/ratis/ratis/ratis-test/target/test/data/b8de9602/MiniRaftClusterWithGrpcac948085/s7/d6b72674-aab5-4ca2-affe-5bb5da552ff4/current/raft-meta.conf.tmp to /home/runner/work/ratis/ratis/ratis-test/target/test/data/b8de9602/MiniRaftClusterWithGrpcac948085/s7/d6b72674-aab5-4ca2-affe-5bb5da552ff4/current/raft-meta.conf with options [REPLACE_EXISTING]
2023-12-13 18:50:27,947 [s6-server-thread4] DEBUG server.RaftServer$Division (RaftServerImpl.java:logAppendEntries(1504)) - s6@group-5BB5DA552FF4: succeeded to handle AppendEntries. Reply: s8<-s6#1:OK-t1,SUCCESS,nextIndex=13,followerCommit=12,matchIndex=12
2023-12-13 18:50:27,947 [s6@group-5BB5DA552FF4-StateMachineUpdater] TRACE util.FileUtils (LogUtils.java:supplyAndLog(69)) - Successfully supplied FileChannel.open /home/runner/work/ratis/ratis/ratis-test/target/test/data/b8de9602/MiniRaftClusterWithGrpcac948085/s6/d6b72674-aab5-4ca2-affe-5bb5da552ff4/current/raft-meta.conf.tmp with options [CREATE, WRITE]: sun.nio.ch.FileChannelImpl@6b9327e2
2023-12-13 18:50:27,948 [s7@group-5BB5DA552FF4-StateMachineUpdater] TRACE util.FileUtils (LogUtils.java:supplyAndLog(69)) - Successfully supplied FileChannel.open /home/runner/work/ratis/ratis/ratis-test/target/test/data/b8de9602/MiniRaftClusterWithGrpcac948085/s7/d6b72674-aab5-4ca2-affe-5bb5da552ff4/current/raft-meta.conf.tmp with options [CREATE, WRITE]: sun.nio.ch.FileChannelImpl@40f0d08d
2023-12-13 18:50:27,948 [s5@group-5BB5DA552FF4-StateMachineUpdater] TRACE util.FileUtils (LogUtils.java:runAndLog(49)) - Successfully ran Atomic Files.move /home/runner/work/ratis/ratis/ratis-test/target/test/data/b8de9602/MiniRaftClusterWithGrpcac948085/s5/d6b72674-aab5-4ca2-affe-5bb5da552ff4/current/raft-meta.conf.tmp to /home/runner/work/ratis/ratis/ratis-test/target/test/data/b8de9602/MiniRaftClusterWithGrpcac948085/s5/d6b72674-aab5-4ca2-affe-5bb5da552ff4/current/raft-meta.conf with options [REPLACE_EXISTING]
2023-12-13 18:50:27,948 [s8@group-5BB5DA552FF4-LeaderStateImpl] INFO  server.RaftServer$Division (ServerState.java:setRaftConf(382)) - s8@group-5BB5DA552FF4: set configuration 13: peers:[s3|0.0.0.0:38599, s4|0.0.0.0:45297, s5|0.0.0.0:44673, s6|0.0.0.0:34623, s7|0.0.0.0:45125, s8|0.0.0.0:34827, s0|0.0.0.0:43623, s1|0.0.0.0:37641, s2|0.0.0.0:44395]|listeners:[], old=peers:[s3|0.0.0.0:38599, s8|0.0.0.0:34827, s0|0.0.0.0:43623, s1|0.0.0.0:37641, s2|0.0.0.0:44395]|listeners:[]
2023-12-13 18:50:27,949 [s5@group-5BB5DA552FF4-StateMachineUpdater] TRACE util.FileUtils (LogUtils.java:supplyAndLog(69)) - Successfully supplied FileChannel.open /home/runner/work/ratis/ratis/ratis-test/target/test/data/b8de9602/MiniRaftClusterWithGrpcac948085/s5/d6b72674-aab5-4ca2-affe-5bb5da552ff4/current/raft-meta.conf.tmp with options [CREATE, WRITE]: sun.nio.ch.FileChannelImpl@3fb29add
2023-12-13 18:50:27,949 [s6@group-5BB5DA552FF4-StateMachineUpdater] TRACE util.FileUtils (LogUtils.java:runAndLog(49)) - Successfully ran Atomic Files.move /home/runner/work/ratis/ratis/ratis-test/target/test/data/b8de9602/MiniRaftClusterWithGrpcac948085/s6/d6b72674-aab5-4ca2-affe-5bb5da552ff4/current/raft-meta.conf.tmp to /home/runner/work/ratis/ratis/ratis-test/target/test/data/b8de9602/MiniRaftClusterWithGrpcac948085/s6/d6b72674-aab5-4ca2-affe-5bb5da552ff4/current/raft-meta.conf with options [REPLACE_EXISTING]
2023-12-13 18:50:27,949 [s6@group-5BB5DA552FF4-StateMachineUpdater] TRACE util.FileUtils (LogUtils.java:supplyAndLog(69)) - Successfully supplied FileChannel.open /home/runner/work/ratis/ratis/ratis-test/target/test/data/b8de9602/MiniRaftClusterWithGrpcac948085/s6/d6b72674-aab5-4ca2-affe-5bb5da552ff4/current/raft-meta.conf.tmp with options [CREATE, WRITE]: sun.nio.ch.FileChannelImpl@6554c4e0
2023-12-13 18:50:27,949 [s7@group-5BB5DA552FF4-StateMachineUpdater] TRACE util.FileUtils (LogUtils.java:runAndLog(49)) - Successfully ran Atomic Files.move /home/runner/work/ratis/ratis/ratis-test/target/test/data/b8de9602/MiniRaftClusterWithGrpcac948085/s7/d6b72674-aab5-4ca2-affe-5bb5da552ff4/current/raft-meta.conf.tmp to /home/runner/work/ratis/ratis/ratis-test/target/test/data/b8de9602/MiniRaftClusterWithGrpcac948085/s7/d6b72674-aab5-4ca2-affe-5bb5da552ff4/current/raft-meta.conf with options [REPLACE_EXISTING]
2023-12-13 18:50:27,950 [s7@group-5BB5DA552FF4-StateMachineUpdater] TRACE util.FileUtils (LogUtils.java:supplyAndLog(69)) - Successfully supplied FileChannel.open /home/runner/work/ratis/ratis/ratis-test/target/test/data/b8de9602/MiniRaftClusterWithGrpcac948085/s7/d6b72674-aab5-4ca2-affe-5bb5da552ff4/current/raft-meta.conf.tmp with options [CREATE, WRITE]: sun.nio.ch.FileChannelImpl@44cf5c4b
2023-12-13 18:50:27,951 [s4@group-5BB5DA552FF4-StateMachineUpdater] TRACE util.FileUtils (LogUtils.java:runAndLog(49)) - Successfully ran Atomic Files.move /home/runner/work/ratis/ratis/ratis-test/target/test/data/b8de9602/MiniRaftClusterWithGrpcac948085/s4/d6b72674-aab5-4ca2-affe-5bb5da552ff4/current/raft-meta.conf.tmp to /home/runner/work/ratis/ratis/ratis-test/target/test/data/b8de9602/MiniRaftClusterWithGrpcac948085/s4/d6b72674-aab5-4ca2-affe-5bb5da552ff4/current/raft-meta.conf with options [REPLACE_EXISTING]
2023-12-13 18:50:27,951 [s4@group-5BB5DA552FF4-StateMachineUpdater] TRACE util.FileUtils (LogUtils.java:supplyAndLog(69)) - Successfully supplied FileChannel.open /home/runner/work/ratis/ratis/ratis-test/target/test/data/b8de9602/MiniRaftClusterWithGrpcac948085/s4/d6b72674-aab5-4ca2-affe-5bb5da552ff4/current/raft-meta.conf.tmp with options [CREATE, WRITE]: sun.nio.ch.FileChannelImpl@7c69b093
2023-12-13 18:50:27,951 [s1-server-thread2] DEBUG server.RaftServer$Division (RaftServerImpl.java:logAppendEntries(1504)) - s1@group-5BB5DA552FF4: receive appendEntries(s8, 1, (t:1, i:12), 12, false, commits:[s8:c12, s0:c11, s1:c11, s3:c11, s2:c11, s4:c11, s5:c12, s6:c12, s7:c12], cId:22, entries: [(t:1, i:13), CONFIGURATIONENTRY(current:id: "s3"
address: "0.0.0.0:38599"
clientAddress: "0.0.0.0:38599"
adminAddress: "0.0.0.0:38599"
startupRole: FOLLOWER
,id: "s4"
address: "0.0.0.0:45297"
clientAddress: "0.0.0.0:45297"
adminAddress: "0.0.0.0:45297"
startupRole: FOLLOWER
,id: "s5"
address: "0.0.0.0:44673"
clientAddress: "0.0.0.0:44673"
adminAddress: "0.0.0.0:44673"
startupRole: FOLLOWER
,id: "s6"
address: "0.0.0.0:34623"
clientAddress: "0.0.0.0:34623"
adminAddress: "0.0.0.0:34623"
startupRole: FOLLOWER
,id: "s7"
address: "0.0.0.0:45125"
clientAddress: "0.0.0.0:45125"
adminAddress: "0.0.0.0:45125"
startupRole: FOLLOWER
,id: "s8"
address: "0.0.0.0:34827"
clientAddress: "0.0.0.0:34827"
adminAddress: "0.0.0.0:34827"
startupRole: FOLLOWER
,id: "s0"
address: "0.0.0.0:43623"
clientAddress: "0.0.0.0:43623"
adminAddress: "0.0.0.0:43623"
startupRole: FOLLOWER
,id: "s1"
address: "0.0.0.0:37641"
clientAddress: "0.0.0.0:37641"
adminAddress: "0.0.0.0:37641"
startupRole: FOLLOWER
,id: "s2"
address: "0.0.0.0:44395"
clientAddress: "0.0.0.0:44395"
adminAddress: "0.0.0.0:44395"
startupRole: FOLLOWER
, old:id: "s3"
address: "0.0.0.0:38599"
clientAddress: "0.0.0.0:38599"
adminAddress: "0.0.0.0:38599"
startupRole: FOLLOWER
,id: "s8"
address: "0.0.0.0:34827"
clientAddress: "0.0.0.0:34827"
adminAddress: "0.0.0.0:34827"
startupRole: FOLLOWER
,id: "s0"
address: "0.0.0.0:43623"
clientAddress: "0.0.0.0:43623"
adminAddress: "0.0.0.0:43623"
startupRole: FOLLOWER
,id: "s1"
address: "0.0.0.0:37641"
clientAddress: "0.0.0.0:37641"
adminAddress: "0.0.0.0:37641"
startupRole: FOLLOWER
,id: "s2"
address: "0.0.0.0:44395"
clientAddress: "0.0.0.0:44395"
adminAddress: "0.0.0.0:44395"
startupRole: FOLLOWER
)]
2023-12-13 18:50:27,951 [s1-server-thread2] INFO  server.RaftServer$Division (ServerState.java:setRaftConf(382)) - s1@group-5BB5DA552FF4: set configuration 13: peers:[s3|0.0.0.0:38599, s4|0.0.0.0:45297, s5|0.0.0.0:44673, s6|0.0.0.0:34623, s7|0.0.0.0:45125, s8|0.0.0.0:34827, s0|0.0.0.0:43623, s1|0.0.0.0:37641, s2|0.0.0.0:44395]|listeners:[], old=peers:[s3|0.0.0.0:38599, s8|0.0.0.0:34827, s0|0.0.0.0:43623, s1|0.0.0.0:37641, s2|0.0.0.0:44395]|listeners:[]
2023-12-13 18:50:27,952 [s5@group-5BB5DA552FF4-StateMachineUpdater] TRACE util.FileUtils (LogUtils.java:runAndLog(49)) - Successfully ran Atomic Files.move /home/runner/work/ratis/ratis/ratis-test/target/test/data/b8de9602/MiniRaftClusterWithGrpcac948085/s5/d6b72674-aab5-4ca2-affe-5bb5da552ff4/current/raft-meta.conf.tmp to /home/runner/work/ratis/ratis/ratis-test/target/test/data/b8de9602/MiniRaftClusterWithGrpcac948085/s5/d6b72674-aab5-4ca2-affe-5bb5da552ff4/current/raft-meta.conf with options [REPLACE_EXISTING]
2023-12-13 18:50:27,952 [s5@group-5BB5DA552FF4-StateMachineUpdater] TRACE util.FileUtils (LogUtils.java:supplyAndLog(69)) - Successfully supplied FileChannel.open /home/runner/work/ratis/ratis/ratis-test/target/test/data/b8de9602/MiniRaftClusterWithGrpcac948085/s5/d6b72674-aab5-4ca2-affe-5bb5da552ff4/current/raft-meta.conf.tmp with options [CREATE, WRITE]: sun.nio.ch.FileChannelImpl@3b8d09f3
2023-12-13 18:50:27,953 [s2-server-thread3] DEBUG server.RaftServer$Division (RaftServerImpl.java:logAppendEntries(1504)) - s2@group-5BB5DA552FF4: receive appendEntries(s8, 1, (t:1, i:12), 12, false, commits:[s8:c12, s0:c11, s1:c11, s3:c11, s2:c11, s4:c11, s5:c12, s6:c12, s7:c12], cId:14, entries: [(t:1, i:13), CONFIGURATIONENTRY(current:id: "s3"
address: "0.0.0.0:38599"
clientAddress: "0.0.0.0:38599"
adminAddress: "0.0.0.0:38599"
startupRole: FOLLOWER
,id: "s4"
address: "0.0.0.0:45297"
clientAddress: "0.0.0.0:45297"
adminAddress: "0.0.0.0:45297"
startupRole: FOLLOWER
,id: "s5"
address: "0.0.0.0:44673"
clientAddress: "0.0.0.0:44673"
adminAddress: "0.0.0.0:44673"
startupRole: FOLLOWER
,id: "s6"
address: "0.0.0.0:34623"
clientAddress: "0.0.0.0:34623"
adminAddress: "0.0.0.0:34623"
startupRole: FOLLOWER
,id: "s7"
address: "0.0.0.0:45125"
clientAddress: "0.0.0.0:45125"
adminAddress: "0.0.0.0:45125"
startupRole: FOLLOWER
,id: "s8"
address: "0.0.0.0:34827"
clientAddress: "0.0.0.0:34827"
adminAddress: "0.0.0.0:34827"
startupRole: FOLLOWER
,id: "s0"
address: "0.0.0.0:43623"
clientAddress: "0.0.0.0:43623"
adminAddress: "0.0.0.0:43623"
startupRole: FOLLOWER
,id: "s1"
address: "0.0.0.0:37641"
clientAddress: "0.0.0.0:37641"
adminAddress: "0.0.0.0:37641"
startupRole: FOLLOWER
,id: "s2"
address: "0.0.0.0:44395"
clientAddress: "0.0.0.0:44395"
adminAddress: "0.0.0.0:44395"
startupRole: FOLLOWER
, old:id: "s3"
address: "0.0.0.0:38599"
clientAddress: "0.0.0.0:38599"
adminAddress: "0.0.0.0:38599"
startupRole: FOLLOWER
,id: "s8"
address: "0.0.0.0:34827"
clientAddress: "0.0.0.0:34827"
adminAddress: "0.0.0.0:34827"
startupRole: FOLLOWER
,id: "s0"
address: "0.0.0.0:43623"
clientAddress: "0.0.0.0:43623"
adminAddress: "0.0.0.0:43623"
startupRole: FOLLOWER
,id: "s1"
address: "0.0.0.0:37641"
clientAddress: "0.0.0.0:37641"
adminAddress: "0.0.0.0:37641"
startupRole: FOLLOWER
,id: "s2"
address: "0.0.0.0:44395"
clientAddress: "0.0.0.0:44395"
adminAddress: "0.0.0.0:44395"
startupRole: FOLLOWER
)]
2023-12-13 18:50:27,953 [s3-server-thread3] DEBUG server.RaftServer$Division (RaftServerImpl.java:logAppendEntries(1504)) - s3@group-5BB5DA552FF4: receive appendEntries(s8, 1, (t:1, i:12), 12, false, commits:[s8:c12, s0:c11, s1:c11, s3:c11, s2:c11, s4:c11, s5:c12, s6:c12, s7:c12], cId:11, entries: [(t:1, i:13), CONFIGURATIONENTRY(current:id: "s3"
address: "0.0.0.0:38599"
clientAddress: "0.0.0.0:38599"
adminAddress: "0.0.0.0:38599"
startupRole: FOLLOWER
,id: "s4"
address: "0.0.0.0:45297"
clientAddress: "0.0.0.0:45297"
adminAddress: "0.0.0.0:45297"
startupRole: FOLLOWER
,id: "s5"
address: "0.0.0.0:44673"
clientAddress: "0.0.0.0:44673"
adminAddress: "0.0.0.0:44673"
startupRole: FOLLOWER
,id: "s6"
address: "0.0.0.0:34623"
clientAddress: "0.0.0.0:34623"
adminAddress: "0.0.0.0:34623"
startupRole: FOLLOWER
,id: "s7"
address: "0.0.0.0:45125"
clientAddress: "0.0.0.0:45125"
adminAddress: "0.0.0.0:45125"
startupRole: FOLLOWER
,id: "s8"
address: "0.0.0.0:34827"
clientAddress: "0.0.0.0:34827"
adminAddress: "0.0.0.0:34827"
startupRole: FOLLOWER
,id: "s0"
address: "0.0.0.0:43623"
clientAddress: "0.0.0.0:43623"
adminAddress: "0.0.0.0:43623"
startupRole: FOLLOWER
,id: "s1"
address: "0.0.0.0:37641"
clientAddress: "0.0.0.0:37641"
adminAddress: "0.0.0.0:37641"
startupRole: FOLLOWER
,id: "s2"
address: "0.0.0.0:44395"
clientAddress: "0.0.0.0:44395"
adminAddress: "0.0.0.0:44395"
startupRole: FOLLOWER
, old:id: "s3"
address: "0.0.0.0:38599"
clientAddress: "0.0.0.0:38599"
adminAddress: "0.0.0.0:38599"
startupRole: FOLLOWER
,id: "s8"
address: "0.0.0.0:34827"
clientAddress: "0.0.0.0:34827"
adminAddress: "0.0.0.0:34827"
startupRole: FOLLOWER
,id: "s0"
address: "0.0.0.0:43623"
clientAddress: "0.0.0.0:43623"
adminAddress: "0.0.0.0:43623"
startupRole: FOLLOWER
,id: "s1"
address: "0.0.0.0:37641"
clientAddress: "0.0.0.0:37641"
adminAddress: "0.0.0.0:37641"
startupRole: FOLLOWER
,id: "s2"
address: "0.0.0.0:44395"
clientAddress: "0.0.0.0:44395"
adminAddress: "0.0.0.0:44395"
startupRole: FOLLOWER
)]
2023-12-13 18:50:27,953 [s2-server-thread3] INFO  server.RaftServer$Division (ServerState.java:setRaftConf(382)) - s2@group-5BB5DA552FF4: set configuration 13: peers:[s3|0.0.0.0:38599, s4|0.0.0.0:45297, s5|0.0.0.0:44673, s6|0.0.0.0:34623, s7|0.0.0.0:45125, s8|0.0.0.0:34827, s0|0.0.0.0:43623, s1|0.0.0.0:37641, s2|0.0.0.0:44395]|listeners:[], old=peers:[s3|0.0.0.0:38599, s8|0.0.0.0:34827, s0|0.0.0.0:43623, s1|0.0.0.0:37641, s2|0.0.0.0:44395]|listeners:[]
2023-12-13 18:50:27,953 [s3-server-thread3] INFO  server.RaftServer$Division (ServerState.java:setRaftConf(382)) - s3@group-5BB5DA552FF4: set configuration 13: peers:[s3|0.0.0.0:38599, s4|0.0.0.0:45297, s5|0.0.0.0:44673, s6|0.0.0.0:34623, s7|0.0.0.0:45125, s8|0.0.0.0:34827, s0|0.0.0.0:43623, s1|0.0.0.0:37641, s2|0.0.0.0:44395]|listeners:[], old=peers:[s3|0.0.0.0:38599, s8|0.0.0.0:34827, s0|0.0.0.0:43623, s1|0.0.0.0:37641, s2|0.0.0.0:44395]|listeners:[]
2023-12-13 18:50:27,953 [s6-server-thread1] DEBUG server.RaftServer$Division (RaftServerImpl.java:logAppendEntries(1504)) - s6@group-5BB5DA552FF4: receive appendEntries(s8, 1, (t:1, i:12), 12, false, commits:[s8:c12, s0:c11, s1:c11, s3:c11, s2:c11, s4:c11, s5:c12, s6:c12, s7:c12], cId:4, entries: [(t:1, i:13), CONFIGURATIONENTRY(current:id: "s3"
address: "0.0.0.0:38599"
clientAddress: "0.0.0.0:38599"
adminAddress: "0.0.0.0:38599"
startupRole: FOLLOWER
,id: "s4"
address: "0.0.0.0:45297"
clientAddress: "0.0.0.0:45297"
adminAddress: "0.0.0.0:45297"
startupRole: FOLLOWER
,id: "s5"
address: "0.0.0.0:44673"
clientAddress: "0.0.0.0:44673"
adminAddress: "0.0.0.0:44673"
startupRole: FOLLOWER
,id: "s6"
address: "0.0.0.0:34623"
clientAddress: "0.0.0.0:34623"
adminAddress: "0.0.0.0:34623"
startupRole: FOLLOWER
,id: "s7"
address: "0.0.0.0:45125"
clientAddress: "0.0.0.0:45125"
adminAddress: "0.0.0.0:45125"
startupRole: FOLLOWER
,id: "s8"
address: "0.0.0.0:34827"
clientAddress: "0.0.0.0:34827"
adminAddress: "0.0.0.0:34827"
startupRole: FOLLOWER
,id: "s0"
address: "0.0.0.0:43623"
clientAddress: "0.0.0.0:43623"
adminAddress: "0.0.0.0:43623"
startupRole: FOLLOWER
,id: "s1"
address: "0.0.0.0:37641"
clientAddress: "0.0.0.0:37641"
adminAddress: "0.0.0.0:37641"
startupRole: FOLLOWER
,id: "s2"
address: "0.0.0.0:44395"
clientAddress: "0.0.0.0:44395"
adminAddress: "0.0.0.0:44395"
startupRole: FOLLOWER
, old:id: "s3"
address: "0.0.0.0:38599"
clientAddress: "0.0.0.0:38599"
adminAddress: "0.0.0.0:38599"
startupRole: FOLLOWER
,id: "s8"
address: "0.0.0.0:34827"
clientAddress: "0.0.0.0:34827"
adminAddress: "0.0.0.0:34827"
startupRole: FOLLOWER
,id: "s0"
address: "0.0.0.0:43623"
clientAddress: "0.0.0.0:43623"
adminAddress: "0.0.0.0:43623"
startupRole: FOLLOWER
,id: "s1"
address: "0.0.0.0:37641"
clientAddress: "0.0.0.0:37641"
adminAddress: "0.0.0.0:37641"
startupRole: FOLLOWER
,id: "s2"
address: "0.0.0.0:44395"
clientAddress: "0.0.0.0:44395"
adminAddress: "0.0.0.0:44395"
startupRole: FOLLOWER
)]
2023-12-13 18:50:27,953 [s6-server-thread1] INFO  impl.RoleInfo (RoleInfo.java:updateAndGet(139)) - s6: start s6@group-5BB5DA552FF4-FollowerState
2023-12-13 18:50:27,954 [s4@group-5BB5DA552FF4-StateMachineUpdater] TRACE util.FileUtils (LogUtils.java:runAndLog(49)) - Successfully ran Atomic Files.move /home/runner/work/ratis/ratis/ratis-test/target/test/data/b8de9602/MiniRaftClusterWithGrpcac948085/s4/d6b72674-aab5-4ca2-affe-5bb5da552ff4/current/raft-meta.conf.tmp to /home/runner/work/ratis/ratis/ratis-test/target/test/data/b8de9602/MiniRaftClusterWithGrpcac948085/s4/d6b72674-aab5-4ca2-affe-5bb5da552ff4/current/raft-meta.conf with options [REPLACE_EXISTING]
2023-12-13 18:50:27,954 [s2-server-thread3] DEBUG server.RaftServer$Division (RaftServerImpl.java:logAppendEntries(1504)) - s2@group-5BB5DA552FF4: succeeded to handle AppendEntries. Reply: s8<-s2#14:OK-t1,SUCCESS,nextIndex=14,followerCommit=12,matchIndex=13
2023-12-13 18:50:27,954 [s4@group-5BB5DA552FF4-StateMachineUpdater] TRACE util.FileUtils (LogUtils.java:supplyAndLog(69)) - Successfully supplied FileChannel.open /home/runner/work/ratis/ratis/ratis-test/target/test/data/b8de9602/MiniRaftClusterWithGrpcac948085/s4/d6b72674-aab5-4ca2-affe-5bb5da552ff4/current/raft-meta.conf.tmp with options [CREATE, WRITE]: sun.nio.ch.FileChannelImpl@17f56b45
2023-12-13 18:50:27,954 [s7-server-thread3] DEBUG server.RaftServer$Division (RaftServerImpl.java:logAppendEntries(1504)) - s7@group-5BB5DA552FF4: receive appendEntries(s8, 1, (t:1, i:12), 12, false, commits:[s8:c12, s0:c11, s1:c11, s3:c11, s2:c11, s4:c11, s5:c12, s6:c12, s7:c12], cId:4, entries: [(t:1, i:13), CONFIGURATIONENTRY(current:id: "s3"
address: "0.0.0.0:38599"
clientAddress: "0.0.0.0:38599"
adminAddress: "0.0.0.0:38599"
startupRole: FOLLOWER
,id: "s4"
address: "0.0.0.0:45297"
clientAddress: "0.0.0.0:45297"
adminAddress: "0.0.0.0:45297"
startupRole: FOLLOWER
,id: "s5"
address: "0.0.0.0:44673"
clientAddress: "0.0.0.0:44673"
adminAddress: "0.0.0.0:44673"
startupRole: FOLLOWER
,id: "s6"
address: "0.0.0.0:34623"
clientAddress: "0.0.0.0:34623"
adminAddress: "0.0.0.0:34623"
startupRole: FOLLOWER
,id: "s7"
address: "0.0.0.0:45125"
clientAddress: "0.0.0.0:45125"
adminAddress: "0.0.0.0:45125"
startupRole: FOLLOWER
,id: "s8"
address: "0.0.0.0:34827"
clientAddress: "0.0.0.0:34827"
adminAddress: "0.0.0.0:34827"
startupRole: FOLLOWER
,id: "s0"
address: "0.0.0.0:43623"
clientAddress: "0.0.0.0:43623"
adminAddress: "0.0.0.0:43623"
startupRole: FOLLOWER
,id: "s1"
address: "0.0.0.0:37641"
clientAddress: "0.0.0.0:37641"
adminAddress: "0.0.0.0:37641"
startupRole: FOLLOWER
,id: "s2"
address: "0.0.0.0:44395"
clientAddress: "0.0.0.0:44395"
adminAddress: "0.0.0.0:44395"
startupRole: FOLLOWER
, old:id: "s3"
address: "0.0.0.0:38599"
clientAddress: "0.0.0.0:38599"
adminAddress: "0.0.0.0:38599"
startupRole: FOLLOWER
,id: "s8"
address: "0.0.0.0:34827"
clientAddress: "0.0.0.0:34827"
adminAddress: "0.0.0.0:34827"
startupRole: FOLLOWER
,id: "s0"
address: "0.0.0.0:43623"
clientAddress: "0.0.0.0:43623"
adminAddress: "0.0.0.0:43623"
startupRole: FOLLOWER
,id: "s1"
address: "0.0.0.0:37641"
clientAddress: "0.0.0.0:37641"
adminAddress: "0.0.0.0:37641"
startupRole: FOLLOWER
,id: "s2"
address: "0.0.0.0:44395"
clientAddress: "0.0.0.0:44395"
adminAddress: "0.0.0.0:44395"
startupRole: FOLLOWER
)]
2023-12-13 18:50:27,954 [s7-server-thread3] INFO  impl.RoleInfo (RoleInfo.java:updateAndGet(139)) - s7: start s7@group-5BB5DA552FF4-FollowerState
2023-12-13 18:50:27,954 [s6@group-5BB5DA552FF4-StateMachineUpdater] TRACE util.FileUtils (LogUtils.java:runAndLog(49)) - Successfully ran Atomic Files.move /home/runner/work/ratis/ratis/ratis-test/target/test/data/b8de9602/MiniRaftClusterWithGrpcac948085/s6/d6b72674-aab5-4ca2-affe-5bb5da552ff4/current/raft-meta.conf.tmp to /home/runner/work/ratis/ratis/ratis-test/target/test/data/b8de9602/MiniRaftClusterWithGrpcac948085/s6/d6b72674-aab5-4ca2-affe-5bb5da552ff4/current/raft-meta.conf with options [REPLACE_EXISTING]
2023-12-13 18:50:27,955 [s6@group-5BB5DA552FF4-StateMachineUpdater] TRACE util.FileUtils (LogUtils.java:supplyAndLog(69)) - Successfully supplied FileChannel.open /home/runner/work/ratis/ratis/ratis-test/target/test/data/b8de9602/MiniRaftClusterWithGrpcac948085/s6/d6b72674-aab5-4ca2-affe-5bb5da552ff4/current/raft-meta.conf.tmp with options [CREATE, WRITE]: sun.nio.ch.FileChannelImpl@616b4c92
2023-12-13 18:50:27,955 [s3-server-thread3] DEBUG server.RaftServer$Division (RaftServerImpl.java:logAppendEntries(1504)) - s3@group-5BB5DA552FF4: succeeded to handle AppendEntries. Reply: s8<-s3#11:OK-t1,SUCCESS,nextIndex=14,followerCommit=12,matchIndex=13
2023-12-13 18:50:27,955 [s4-server-thread2] DEBUG server.RaftServer$Division (RaftServerImpl.java:logAppendEntries(1504)) - s4@group-5BB5DA552FF4: receive appendEntries(s8, 1, (t:1, i:12), 12, false, commits:[s8:c12, s0:c11, s1:c11, s3:c11, s2:c11, s4:c11, s5:c12, s6:c12, s7:c12], cId:4, entries: [(t:1, i:13), CONFIGURATIONENTRY(current:id: "s3"
address: "0.0.0.0:38599"
clientAddress: "0.0.0.0:38599"
adminAddress: "0.0.0.0:38599"
startupRole: FOLLOWER
,id: "s4"
address: "0.0.0.0:45297"
clientAddress: "0.0.0.0:45297"
adminAddress: "0.0.0.0:45297"
startupRole: FOLLOWER
,id: "s5"
address: "0.0.0.0:44673"
clientAddress: "0.0.0.0:44673"
adminAddress: "0.0.0.0:44673"
startupRole: FOLLOWER
,id: "s6"
address: "0.0.0.0:34623"
clientAddress: "0.0.0.0:34623"
adminAddress: "0.0.0.0:34623"
startupRole: FOLLOWER
,id: "s7"
address: "0.0.0.0:45125"
clientAddress: "0.0.0.0:45125"
adminAddress: "0.0.0.0:45125"
startupRole: FOLLOWER
,id: "s8"
address: "0.0.0.0:34827"
clientAddress: "0.0.0.0:34827"
adminAddress: "0.0.0.0:34827"
startupRole: FOLLOWER
,id: "s0"
address: "0.0.0.0:43623"
clientAddress: "0.0.0.0:43623"
adminAddress: "0.0.0.0:43623"
startupRole: FOLLOWER
,id: "s1"
address: "0.0.0.0:37641"
clientAddress: "0.0.0.0:37641"
adminAddress: "0.0.0.0:37641"
startupRole: FOLLOWER
,id: "s2"
address: "0.0.0.0:44395"
clientAddress: "0.0.0.0:44395"
adminAddress: "0.0.0.0:44395"
startupRole: FOLLOWER
, old:id: "s3"
address: "0.0.0.0:38599"
clientAddress: "0.0.0.0:38599"
adminAddress: "0.0.0.0:38599"
startupRole: FOLLOWER
,id: "s8"
address: "0.0.0.0:34827"
clientAddress: "0.0.0.0:34827"
adminAddress: "0.0.0.0:34827"
startupRole: FOLLOWER
,id: "s0"
address: "0.0.0.0:43623"
clientAddress: "0.0.0.0:43623"
adminAddress: "0.0.0.0:43623"
startupRole: FOLLOWER
,id: "s1"
address: "0.0.0.0:37641"
clientAddress: "0.0.0.0:37641"
adminAddress: "0.0.0.0:37641"
startupRole: FOLLOWER
,id: "s2"
address: "0.0.0.0:44395"
clientAddress: "0.0.0.0:44395"
adminAddress: "0.0.0.0:44395"
startupRole: FOLLOWER
)]
2023-12-13 18:50:27,955 [s4-server-thread2] INFO  impl.RoleInfo (RoleInfo.java:updateAndGet(139)) - s4: start s4@group-5BB5DA552FF4-FollowerState
2023-12-13 18:50:27,956 [s4@group-5BB5DA552FF4-StateMachineUpdater] TRACE util.FileUtils (LogUtils.java:runAndLog(49)) - Successfully ran Atomic Files.move /home/runner/work/ratis/ratis/ratis-test/target/test/data/b8de9602/MiniRaftClusterWithGrpcac948085/s4/d6b72674-aab5-4ca2-affe-5bb5da552ff4/current/raft-meta.conf.tmp to /home/runner/work/ratis/ratis/ratis-test/target/test/data/b8de9602/MiniRaftClusterWithGrpcac948085/s4/d6b72674-aab5-4ca2-affe-5bb5da552ff4/current/raft-meta.conf with options [REPLACE_EXISTING]
2023-12-13 18:50:27,956 [s0-server-thread2] DEBUG server.RaftServer$Division (RaftServerImpl.java:logAppendEntries(1504)) - s0@group-5BB5DA552FF4: receive appendEntries(s8, 1, (t:1, i:12), 12, false, commits:[s8:c12, s0:c11, s1:c11, s3:c11, s2:c11, s4:c11, s5:c12, s6:c12, s7:c12], cId:22, entries: [(t:1, i:13), CONFIGURATIONENTRY(current:id: "s3"
address: "0.0.0.0:38599"
clientAddress: "0.0.0.0:38599"
adminAddress: "0.0.0.0:38599"
startupRole: FOLLOWER
,id: "s4"
address: "0.0.0.0:45297"
clientAddress: "0.0.0.0:45297"
adminAddress: "0.0.0.0:45297"
startupRole: FOLLOWER
,id: "s5"
address: "0.0.0.0:44673"
clientAddress: "0.0.0.0:44673"
adminAddress: "0.0.0.0:44673"
startupRole: FOLLOWER
,id: "s6"
address: "0.0.0.0:34623"
clientAddress: "0.0.0.0:34623"
adminAddress: "0.0.0.0:34623"
startupRole: FOLLOWER
,id: "s7"
address: "0.0.0.0:45125"
clientAddress: "0.0.0.0:45125"
adminAddress: "0.0.0.0:45125"
startupRole: FOLLOWER
,id: "s8"
address: "0.0.0.0:34827"
clientAddress: "0.0.0.0:34827"
adminAddress: "0.0.0.0:34827"
startupRole: FOLLOWER
,id: "s0"
address: "0.0.0.0:43623"
clientAddress: "0.0.0.0:43623"
adminAddress: "0.0.0.0:43623"
startupRole: FOLLOWER
,id: "s1"
address: "0.0.0.0:37641"
clientAddress: "0.0.0.0:37641"
adminAddress: "0.0.0.0:37641"
startupRole: FOLLOWER
,id: "s2"
address: "0.0.0.0:44395"
clientAddress: "0.0.0.0:44395"
adminAddress: "0.0.0.0:44395"
startupRole: FOLLOWER
, old:id: "s3"
address: "0.0.0.0:38599"
clientAddress: "0.0.0.0:38599"
adminAddress: "0.0.0.0:38599"
startupRole: FOLLOWER
,id: "s8"
address: "0.0.0.0:34827"
clientAddress: "0.0.0.0:34827"
adminAddress: "0.0.0.0:34827"
startupRole: FOLLOWER
,id: "s0"
address: "0.0.0.0:43623"
clientAddress: "0.0.0.0:43623"
adminAddress: "0.0.0.0:43623"
startupRole: FOLLOWER
,id: "s1"
address: "0.0.0.0:37641"
clientAddress: "0.0.0.0:37641"
adminAddress: "0.0.0.0:37641"
startupRole: FOLLOWER
,id: "s2"
address: "0.0.0.0:44395"
clientAddress: "0.0.0.0:44395"
adminAddress: "0.0.0.0:44395"
startupRole: FOLLOWER
)]
2023-12-13 18:50:27,956 [s0-server-thread2] INFO  server.RaftServer$Division (ServerState.java:setRaftConf(382)) - s0@group-5BB5DA552FF4: set configuration 13: peers:[s3|0.0.0.0:38599, s4|0.0.0.0:45297, s5|0.0.0.0:44673, s6|0.0.0.0:34623, s7|0.0.0.0:45125, s8|0.0.0.0:34827, s0|0.0.0.0:43623, s1|0.0.0.0:37641, s2|0.0.0.0:44395]|listeners:[], old=peers:[s3|0.0.0.0:38599, s8|0.0.0.0:34827, s0|0.0.0.0:43623, s1|0.0.0.0:37641, s2|0.0.0.0:44395]|listeners:[]
2023-12-13 18:50:27,957 [s0-server-thread2] DEBUG server.RaftServer$Division (RaftServerImpl.java:logAppendEntries(1504)) - s0@group-5BB5DA552FF4: succeeded to handle AppendEntries. Reply: s8<-s0#22:OK-t1,SUCCESS,nextIndex=14,followerCommit=12,matchIndex=13
2023-12-13 18:50:27,957 [s5-server-thread2] DEBUG server.RaftServer$Division (RaftServerImpl.java:logAppendEntries(1504)) - s5@group-5BB5DA552FF4: receive appendEntries(s8, 1, (t:1, i:12), 12, false, commits:[s8:c12, s0:c11, s1:c11, s3:c11, s2:c11, s4:c11, s5:c12, s6:c12, s7:c12], cId:6, entries: [(t:1, i:13), CONFIGURATIONENTRY(current:id: "s3"
address: "0.0.0.0:38599"
clientAddress: "0.0.0.0:38599"
adminAddress: "0.0.0.0:38599"
startupRole: FOLLOWER
,id: "s4"
address: "0.0.0.0:45297"
clientAddress: "0.0.0.0:45297"
adminAddress: "0.0.0.0:45297"
startupRole: FOLLOWER
,id: "s5"
address: "0.0.0.0:44673"
clientAddress: "0.0.0.0:44673"
adminAddress: "0.0.0.0:44673"
startupRole: FOLLOWER
,id: "s6"
address: "0.0.0.0:34623"
clientAddress: "0.0.0.0:34623"
adminAddress: "0.0.0.0:34623"
startupRole: FOLLOWER
,id: "s7"
address: "0.0.0.0:45125"
clientAddress: "0.0.0.0:45125"
adminAddress: "0.0.0.0:45125"
startupRole: FOLLOWER
,id: "s8"
address: "0.0.0.0:34827"
clientAddress: "0.0.0.0:34827"
adminAddress: "0.0.0.0:34827"
startupRole: FOLLOWER
,id: "s0"
address: "0.0.0.0:43623"
clientAddress: "0.0.0.0:43623"
adminAddress: "0.0.0.0:43623"
startupRole: FOLLOWER
,id: "s1"
address: "0.0.0.0:37641"
clientAddress: "0.0.0.0:37641"
adminAddress: "0.0.0.0:37641"
startupRole: FOLLOWER
,id: "s2"
address: "0.0.0.0:44395"
clientAddress: "0.0.0.0:44395"
adminAddress: "0.0.0.0:44395"
startupRole: FOLLOWER
, old:id: "s3"
address: "0.0.0.0:38599"
clientAddress: "0.0.0.0:38599"
adminAddress: "0.0.0.0:38599"
startupRole: FOLLOWER
,id: "s8"
address: "0.0.0.0:34827"
clientAddress: "0.0.0.0:34827"
adminAddress: "0.0.0.0:34827"
startupRole: FOLLOWER
,id: "s0"
address: "0.0.0.0:43623"
clientAddress: "0.0.0.0:43623"
adminAddress: "0.0.0.0:43623"
startupRole: FOLLOWER
,id: "s1"
address: "0.0.0.0:37641"
clientAddress: "0.0.0.0:37641"
adminAddress: "0.0.0.0:37641"
startupRole: FOLLOWER
,id: "s2"
address: "0.0.0.0:44395"
clientAddress: "0.0.0.0:44395"
adminAddress: "0.0.0.0:44395"
startupRole: FOLLOWER
)]
2023-12-13 18:50:27,957 [s5-server-thread2] INFO  impl.RoleInfo (RoleInfo.java:updateAndGet(139)) - s5: start s5@group-5BB5DA552FF4-FollowerState
2023-12-13 18:50:27,957 [s1-server-thread2] DEBUG server.RaftServer$Division (RaftServerImpl.java:logAppendEntries(1504)) - s1@group-5BB5DA552FF4: succeeded to handle AppendEntries. Reply: s8<-s1#22:OK-t1,SUCCESS,nextIndex=14,followerCommit=12,matchIndex=13
2023-12-13 18:50:27,958 [s5@group-5BB5DA552FF4-StateMachineUpdater] TRACE util.FileUtils (LogUtils.java:runAndLog(49)) - Successfully ran Atomic Files.move /home/runner/work/ratis/ratis/ratis-test/target/test/data/b8de9602/MiniRaftClusterWithGrpcac948085/s5/d6b72674-aab5-4ca2-affe-5bb5da552ff4/current/raft-meta.conf.tmp to /home/runner/work/ratis/ratis/ratis-test/target/test/data/b8de9602/MiniRaftClusterWithGrpcac948085/s5/d6b72674-aab5-4ca2-affe-5bb5da552ff4/current/raft-meta.conf with options [REPLACE_EXISTING]
2023-12-13 18:50:27,958 [s5@group-5BB5DA552FF4-StateMachineUpdater] TRACE util.FileUtils (LogUtils.java:supplyAndLog(69)) - Successfully supplied FileChannel.open /home/runner/work/ratis/ratis/ratis-test/target/test/data/b8de9602/MiniRaftClusterWithGrpcac948085/s5/d6b72674-aab5-4ca2-affe-5bb5da552ff4/current/raft-meta.conf.tmp with options [CREATE, WRITE]: sun.nio.ch.FileChannelImpl@7e8f90e6
2023-12-13 18:50:27,958 [s8@group-5BB5DA552FF4-StateMachineUpdater] TRACE util.FileUtils (LogUtils.java:supplyAndLog(69)) - Successfully supplied FileChannel.open /home/runner/work/ratis/ratis/ratis-test/target/test/data/b8de9602/MiniRaftClusterWithGrpcac948085/s8/d6b72674-aab5-4ca2-affe-5bb5da552ff4/current/raft-meta.conf.tmp with options [CREATE, WRITE]: sun.nio.ch.FileChannelImpl@2484698f
2023-12-13 18:50:27,958 [s8@group-5BB5DA552FF4-LeaderStateImpl] INFO  server.RaftServer$Division (ServerState.java:setRaftConf(382)) - s8@group-5BB5DA552FF4: set configuration 15: peers:[s3|0.0.0.0:38599, s4|0.0.0.0:45297, s5|0.0.0.0:44673, s6|0.0.0.0:34623, s7|0.0.0.0:45125, s8|0.0.0.0:34827, s0|0.0.0.0:43623, s1|0.0.0.0:37641, s2|0.0.0.0:44395]|listeners:[], old=null
2023-12-13 18:50:27,960 [s2-server-thread3] DEBUG server.RaftServer$Division (RaftServerImpl.java:logAppendEntries(1504)) - s2@group-5BB5DA552FF4: receive appendEntries(s8, 1, (t:1, i:13), 13, false, commits:[s8:c13, s0:c12, s1:c12, s3:c12, s2:c12, s4:c11, s5:c12, s6:c12, s7:c12], cId:15, entries: [(t:1, i:14), METADATAENTRY(c:13), (t:1, i:15), CONFIGURATIONENTRY(current:id: "s3"
address: "0.0.0.0:38599"
clientAddress: "0.0.0.0:38599"
adminAddress: "0.0.0.0:38599"
startupRole: FOLLOWER
,id: "s4"
address: "0.0.0.0:45297"
clientAddress: "0.0.0.0:45297"
adminAddress: "0.0.0.0:45297"
startupRole: FOLLOWER
,id: "s5"
address: "0.0.0.0:44673"
clientAddress: "0.0.0.0:44673"
adminAddress: "0.0.0.0:44673"
startupRole: FOLLOWER
,id: "s6"
address: "0.0.0.0:34623"
clientAddress: "0.0.0.0:34623"
adminAddress: "0.0.0.0:34623"
startupRole: FOLLOWER
,id: "s7"
address: "0.0.0.0:45125"
clientAddress: "0.0.0.0:45125"
adminAddress: "0.0.0.0:45125"
startupRole: FOLLOWER
,id: "s8"
address: "0.0.0.0:34827"
clientAddress: "0.0.0.0:34827"
adminAddress: "0.0.0.0:34827"
startupRole: FOLLOWER
,id: "s0"
address: "0.0.0.0:43623"
clientAddress: "0.0.0.0:43623"
adminAddress: "0.0.0.0:43623"
startupRole: FOLLOWER
,id: "s1"
address: "0.0.0.0:37641"
clientAddress: "0.0.0.0:37641"
adminAddress: "0.0.0.0:37641"
startupRole: FOLLOWER
,id: "s2"
address: "0.0.0.0:44395"
clientAddress: "0.0.0.0:44395"
adminAddress: "0.0.0.0:44395"
startupRole: FOLLOWER
, old:)]
2023-12-13 18:50:27,960 [s2-server-thread3] INFO  server.RaftServer$Division (ServerState.java:setRaftConf(382)) - s2@group-5BB5DA552FF4: set configuration 15: peers:[s3|0.0.0.0:38599, s4|0.0.0.0:45297, s5|0.0.0.0:44673, s6|0.0.0.0:34623, s7|0.0.0.0:45125, s8|0.0.0.0:34827, s0|0.0.0.0:43623, s1|0.0.0.0:37641, s2|0.0.0.0:44395]|listeners:[], old=null
2023-12-13 18:50:27,961 [s2-server-thread3] DEBUG server.RaftServer$Division (RaftServerImpl.java:logAppendEntries(1504)) - s2@group-5BB5DA552FF4: succeeded to handle AppendEntries. Reply: s8<-s2#15:OK-t1,SUCCESS,nextIndex=16,followerCommit=13,matchIndex=15
2023-12-13 18:50:27,961 [s2@group-5BB5DA552FF4-StateMachineUpdater] TRACE util.FileUtils (LogUtils.java:supplyAndLog(69)) - Successfully supplied FileChannel.open /home/runner/work/ratis/ratis/ratis-test/target/test/data/b8de9602/MiniRaftClusterWithGrpcac948085/s2/d6b72674-aab5-4ca2-affe-5bb5da552ff4/current/raft-meta.conf.tmp with options [CREATE, WRITE]: sun.nio.ch.FileChannelImpl@43d8668e
2023-12-13 18:50:27,961 [s0-server-thread2] DEBUG server.RaftServer$Division (RaftServerImpl.java:logAppendEntries(1504)) - s0@group-5BB5DA552FF4: receive appendEntries(s8, 1, (t:1, i:13), 13, false, commits:[s8:c13, s0:c12, s1:c12, s3:c12, s2:c12, s4:c11, s5:c12, s6:c12, s7:c12], cId:25, entries: [(t:1, i:14), METADATAENTRY(c:13), (t:1, i:15), CONFIGURATIONENTRY(current:id: "s3"
address: "0.0.0.0:38599"
clientAddress: "0.0.0.0:38599"
adminAddress: "0.0.0.0:38599"
startupRole: FOLLOWER
,id: "s4"
address: "0.0.0.0:45297"
clientAddress: "0.0.0.0:45297"
adminAddress: "0.0.0.0:45297"
startupRole: FOLLOWER
,id: "s5"
address: "0.0.0.0:44673"
clientAddress: "0.0.0.0:44673"
adminAddress: "0.0.0.0:44673"
startupRole: FOLLOWER
,id: "s6"
address: "0.0.0.0:34623"
clientAddress: "0.0.0.0:34623"
adminAddress: "0.0.0.0:34623"
startupRole: FOLLOWER
,id: "s7"
address: "0.0.0.0:45125"
clientAddress: "0.0.0.0:45125"
adminAddress: "0.0.0.0:45125"
startupRole: FOLLOWER
,id: "s8"
address: "0.0.0.0:34827"
clientAddress: "0.0.0.0:34827"
adminAddress: "0.0.0.0:34827"
startupRole: FOLLOWER
,id: "s0"
address: "0.0.0.0:43623"
clientAddress: "0.0.0.0:43623"
adminAddress: "0.0.0.0:43623"
startupRole: FOLLOWER
,id: "s1"
address: "0.0.0.0:37641"
clientAddress: "0.0.0.0:37641"
adminAddress: "0.0.0.0:37641"
startupRole: FOLLOWER
,id: "s2"
address: "0.0.0.0:44395"
clientAddress: "0.0.0.0:44395"
adminAddress: "0.0.0.0:44395"
startupRole: FOLLOWER
, old:)]
2023-12-13 18:50:27,961 [s0-server-thread2] INFO  server.RaftServer$Division (ServerState.java:setRaftConf(382)) - s0@group-5BB5DA552FF4: set configuration 15: peers:[s3|0.0.0.0:38599, s4|0.0.0.0:45297, s5|0.0.0.0:44673, s6|0.0.0.0:34623, s7|0.0.0.0:45125, s8|0.0.0.0:34827, s0|0.0.0.0:43623, s1|0.0.0.0:37641, s2|0.0.0.0:44395]|listeners:[], old=null
2023-12-13 18:50:27,962 [s3-server-thread3] DEBUG server.RaftServer$Division (RaftServerImpl.java:logAppendEntries(1504)) - s3@group-5BB5DA552FF4: receive appendEntries(s8, 1, (t:1, i:13), 13, false, commits:[s8:c13, s0:c12, s1:c12, s3:c12, s2:c12, s4:c11, s5:c12, s6:c12, s7:c12], cId:13, entries: [(t:1, i:14), METADATAENTRY(c:13), (t:1, i:15), CONFIGURATIONENTRY(current:id: "s3"
address: "0.0.0.0:38599"
clientAddress: "0.0.0.0:38599"
adminAddress: "0.0.0.0:38599"
startupRole: FOLLOWER
,id: "s4"
address: "0.0.0.0:45297"
clientAddress: "0.0.0.0:45297"
adminAddress: "0.0.0.0:45297"
startupRole: FOLLOWER
,id: "s5"
address: "0.0.0.0:44673"
clientAddress: "0.0.0.0:44673"
adminAddress: "0.0.0.0:44673"
startupRole: FOLLOWER
,id: "s6"
address: "0.0.0.0:34623"
clientAddress: "0.0.0.0:34623"
adminAddress: "0.0.0.0:34623"
startupRole: FOLLOWER
,id: "s7"
address: "0.0.0.0:45125"
clientAddress: "0.0.0.0:45125"
adminAddress: "0.0.0.0:45125"
startupRole: FOLLOWER
,id: "s8"
address: "0.0.0.0:34827"
clientAddress: "0.0.0.0:34827"
adminAddress: "0.0.0.0:34827"
startupRole: FOLLOWER
,id: "s0"
address: "0.0.0.0:43623"
clientAddress: "0.0.0.0:43623"
adminAddress: "0.0.0.0:43623"
startupRole: FOLLOWER
,id: "s1"
address: "0.0.0.0:37641"
clientAddress: "0.0.0.0:37641"
adminAddress: "0.0.0.0:37641"
startupRole: FOLLOWER
,id: "s2"
address: "0.0.0.0:44395"
clientAddress: "0.0.0.0:44395"
adminAddress: "0.0.0.0:44395"
startupRole: FOLLOWER
, old:)]
2023-12-13 18:50:27,962 [s3-server-thread3] INFO  server.RaftServer$Division (ServerState.java:setRaftConf(382)) - s3@group-5BB5DA552FF4: set configuration 15: peers:[s3|0.0.0.0:38599, s4|0.0.0.0:45297, s5|0.0.0.0:44673, s6|0.0.0.0:34623, s7|0.0.0.0:45125, s8|0.0.0.0:34827, s0|0.0.0.0:43623, s1|0.0.0.0:37641, s2|0.0.0.0:44395]|listeners:[], old=null
2023-12-13 18:50:27,963 [s1-server-thread2] DEBUG server.RaftServer$Division (RaftServerImpl.java:logAppendEntries(1504)) - s1@group-5BB5DA552FF4: receive appendEntries(s8, 1, (t:1, i:13), 13, false, commits:[s8:c13, s0:c12, s1:c12, s3:c12, s2:c12, s4:c11, s5:c12, s6:c12, s7:c12], cId:26, entries: [(t:1, i:14), METADATAENTRY(c:13), (t:1, i:15), CONFIGURATIONENTRY(current:id: "s3"
address: "0.0.0.0:38599"
clientAddress: "0.0.0.0:38599"
adminAddress: "0.0.0.0:38599"
startupRole: FOLLOWER
,id: "s4"
address: "0.0.0.0:45297"
clientAddress: "0.0.0.0:45297"
adminAddress: "0.0.0.0:45297"
startupRole: FOLLOWER
,id: "s5"
address: "0.0.0.0:44673"
clientAddress: "0.0.0.0:44673"
adminAddress: "0.0.0.0:44673"
startupRole: FOLLOWER
,id: "s6"
address: "0.0.0.0:34623"
clientAddress: "0.0.0.0:34623"
adminAddress: "0.0.0.0:34623"
startupRole: FOLLOWER
,id: "s7"
address: "0.0.0.0:45125"
clientAddress: "0.0.0.0:45125"
adminAddress: "0.0.0.0:45125"
startupRole: FOLLOWER
,id: "s8"
address: "0.0.0.0:34827"
clientAddress: "0.0.0.0:34827"
adminAddress: "0.0.0.0:34827"
startupRole: FOLLOWER
,id: "s0"
address: "0.0.0.0:43623"
clientAddress: "0.0.0.0:43623"
adminAddress: "0.0.0.0:43623"
startupRole: FOLLOWER
,id: "s1"
address: "0.0.0.0:37641"
clientAddress: "0.0.0.0:37641"
adminAddress: "0.0.0.0:37641"
startupRole: FOLLOWER
,id: "s2"
address: "0.0.0.0:44395"
clientAddress: "0.0.0.0:44395"
adminAddress: "0.0.0.0:44395"
startupRole: FOLLOWER
, old:)]
2023-12-13 18:50:27,963 [s1-server-thread2] INFO  server.RaftServer$Division (ServerState.java:setRaftConf(382)) - s1@group-5BB5DA552FF4: set configuration 15: peers:[s3|0.0.0.0:38599, s4|0.0.0.0:45297, s5|0.0.0.0:44673, s6|0.0.0.0:34623, s7|0.0.0.0:45125, s8|0.0.0.0:34827, s0|0.0.0.0:43623, s1|0.0.0.0:37641, s2|0.0.0.0:44395]|listeners:[], old=null
2023-12-13 18:50:27,963 [s6@group-5BB5DA552FF4-StateMachineUpdater] TRACE util.FileUtils (LogUtils.java:runAndLog(49)) - Successfully ran Atomic Files.move /home/runner/work/ratis/ratis/ratis-test/target/test/data/b8de9602/MiniRaftClusterWithGrpcac948085/s6/d6b72674-aab5-4ca2-affe-5bb5da552ff4/current/raft-meta.conf.tmp to /home/runner/work/ratis/ratis/ratis-test/target/test/data/b8de9602/MiniRaftClusterWithGrpcac948085/s6/d6b72674-aab5-4ca2-affe-5bb5da552ff4/current/raft-meta.conf with options [REPLACE_EXISTING]
2023-12-13 18:50:27,964 [s2@group-5BB5DA552FF4-StateMachineUpdater] TRACE util.FileUtils (LogUtils.java:runAndLog(49)) - Successfully ran Atomic Files.move /home/runner/work/ratis/ratis/ratis-test/target/test/data/b8de9602/MiniRaftClusterWithGrpcac948085/s2/d6b72674-aab5-4ca2-affe-5bb5da552ff4/current/raft-meta.conf.tmp to /home/runner/work/ratis/ratis/ratis-test/target/test/data/b8de9602/MiniRaftClusterWithGrpcac948085/s2/d6b72674-aab5-4ca2-affe-5bb5da552ff4/current/raft-meta.conf with options [REPLACE_EXISTING]
2023-12-13 18:50:27,964 [s6@group-5BB5DA552FF4-StateMachineUpdater] TRACE util.FileUtils (LogUtils.java:supplyAndLog(69)) - Successfully supplied FileChannel.open /home/runner/work/ratis/ratis/ratis-test/target/test/data/b8de9602/MiniRaftClusterWithGrpcac948085/s6/d6b72674-aab5-4ca2-affe-5bb5da552ff4/current/raft-meta.conf.tmp with options [CREATE, WRITE]: sun.nio.ch.FileChannelImpl@2469cedb
2023-12-13 18:50:27,964 [s8@group-5BB5DA552FF4-StateMachineUpdater] TRACE util.FileUtils (LogUtils.java:runAndLog(49)) - Successfully ran Atomic Files.move /home/runner/work/ratis/ratis/ratis-test/target/test/data/b8de9602/MiniRaftClusterWithGrpcac948085/s8/d6b72674-aab5-4ca2-affe-5bb5da552ff4/current/raft-meta.conf.tmp to /home/runner/work/ratis/ratis/ratis-test/target/test/data/b8de9602/MiniRaftClusterWithGrpcac948085/s8/d6b72674-aab5-4ca2-affe-5bb5da552ff4/current/raft-meta.conf with options [REPLACE_EXISTING]
2023-12-13 18:50:27,964 [s7@group-5BB5DA552FF4-StateMachineUpdater] TRACE util.FileUtils (LogUtils.java:runAndLog(49)) - Successfully ran Atomic Files.move /home/runner/work/ratis/ratis/ratis-test/target/test/data/b8de9602/MiniRaftClusterWithGrpcac948085/s7/d6b72674-aab5-4ca2-affe-5bb5da552ff4/current/raft-meta.conf.tmp to /home/runner/work/ratis/ratis/ratis-test/target/test/data/b8de9602/MiniRaftClusterWithGrpcac948085/s7/d6b72674-aab5-4ca2-affe-5bb5da552ff4/current/raft-meta.conf with options [REPLACE_EXISTING]
2023-12-13 18:50:27,964 [s7@group-5BB5DA552FF4-StateMachineUpdater] TRACE util.FileUtils (LogUtils.java:supplyAndLog(69)) - Successfully supplied FileChannel.open /home/runner/work/ratis/ratis/ratis-test/target/test/data/b8de9602/MiniRaftClusterWithGrpcac948085/s7/d6b72674-aab5-4ca2-affe-5bb5da552ff4/current/raft-meta.conf.tmp with options [CREATE, WRITE]: sun.nio.ch.FileChannelImpl@1cddab6
2023-12-13 18:50:27,965 [s0-server-thread2] DEBUG server.RaftServer$Division (RaftServerImpl.java:logAppendEntries(1504)) - s0@group-5BB5DA552FF4: succeeded to handle AppendEntries. Reply: s8<-s0#25:OK-t1,SUCCESS,nextIndex=16,followerCommit=13,matchIndex=15
2023-12-13 18:50:27,965 [s0@group-5BB5DA552FF4-StateMachineUpdater] TRACE util.FileUtils (LogUtils.java:supplyAndLog(69)) - Successfully supplied FileChannel.open /home/runner/work/ratis/ratis/ratis-test/target/test/data/b8de9602/MiniRaftClusterWithGrpcac948085/s0/d6b72674-aab5-4ca2-affe-5bb5da552ff4/current/raft-meta.conf.tmp with options [CREATE, WRITE]: sun.nio.ch.FileChannelImpl@56398b5c
2023-12-13 18:50:27,966 [s6-server-thread1] INFO  server.RaftServer$Division (ServerState.java:setRaftConf(382)) - s6@group-5BB5DA552FF4: set configuration 13: peers:[s3|0.0.0.0:38599, s4|0.0.0.0:45297, s5|0.0.0.0:44673, s6|0.0.0.0:34623, s7|0.0.0.0:45125, s8|0.0.0.0:34827, s0|0.0.0.0:43623, s1|0.0.0.0:37641, s2|0.0.0.0:44395]|listeners:[], old=peers:[s3|0.0.0.0:38599, s8|0.0.0.0:34827, s0|0.0.0.0:43623, s1|0.0.0.0:37641, s2|0.0.0.0:44395]|listeners:[]
2023-12-13 18:50:27,966 [s3-server-thread3] DEBUG server.RaftServer$Division (RaftServerImpl.java:logAppendEntries(1504)) - s3@group-5BB5DA552FF4: succeeded to handle AppendEntries. Reply: s8<-s3#13:OK-t1,SUCCESS,nextIndex=16,followerCommit=13,matchIndex=15
2023-12-13 18:50:27,966 [s1-server-thread2] DEBUG server.RaftServer$Division (RaftServerImpl.java:logAppendEntries(1504)) - s1@group-5BB5DA552FF4: succeeded to handle AppendEntries. Reply: s8<-s1#26:OK-t1,SUCCESS,nextIndex=16,followerCommit=13,matchIndex=15
2023-12-13 18:50:27,966 [s1@group-5BB5DA552FF4-StateMachineUpdater] TRACE util.FileUtils (LogUtils.java:supplyAndLog(69)) - Successfully supplied FileChannel.open /home/runner/work/ratis/ratis/ratis-test/target/test/data/b8de9602/MiniRaftClusterWithGrpcac948085/s1/d6b72674-aab5-4ca2-affe-5bb5da552ff4/current/raft-meta.conf.tmp with options [CREATE, WRITE]: sun.nio.ch.FileChannelImpl@134331cf
2023-12-13 18:50:27,966 [s6-server-thread1] DEBUG server.RaftServer$Division (RaftServerImpl.java:logAppendEntries(1504)) - s6@group-5BB5DA552FF4: receive appendEntries(s8, 1, (t:1, i:13), 13, false, commits:[s8:c13, s0:c12, s1:c12, s3:c12, s2:c12, s4:c11, s5:c12, s6:c12, s7:c12], cId:5, entries: [(t:1, i:14), METADATAENTRY(c:13), (t:1, i:15), CONFIGURATIONENTRY(current:id: "s3"
address: "0.0.0.0:38599"
clientAddress: "0.0.0.0:38599"
adminAddress: "0.0.0.0:38599"
startupRole: FOLLOWER
,id: "s4"
address: "0.0.0.0:45297"
clientAddress: "0.0.0.0:45297"
adminAddress: "0.0.0.0:45297"
startupRole: FOLLOWER
,id: "s5"
address: "0.0.0.0:44673"
clientAddress: "0.0.0.0:44673"
adminAddress: "0.0.0.0:44673"
startupRole: FOLLOWER
,id: "s6"
address: "0.0.0.0:34623"
clientAddress: "0.0.0.0:34623"
adminAddress: "0.0.0.0:34623"
startupRole: FOLLOWER
,id: "s7"
address: "0.0.0.0:45125"
clientAddress: "0.0.0.0:45125"
adminAddress: "0.0.0.0:45125"
startupRole: FOLLOWER
,id: "s8"
address: "0.0.0.0:34827"
clientAddress: "0.0.0.0:34827"
adminAddress: "0.0.0.0:34827"
startupRole: FOLLOWER
,id: "s0"
address: "0.0.0.0:43623"
clientAddress: "0.0.0.0:43623"
adminAddress: "0.0.0.0:43623"
startupRole: FOLLOWER
,id: "s1"
address: "0.0.0.0:37641"
clientAddress: "0.0.0.0:37641"
adminAddress: "0.0.0.0:37641"
startupRole: FOLLOWER
,id: "s2"
address: "0.0.0.0:44395"
clientAddress: "0.0.0.0:44395"
adminAddress: "0.0.0.0:44395"
startupRole: FOLLOWER
, old:)]
2023-12-13 18:50:27,966 [s6-server-thread1] INFO  server.RaftServer$Division (ServerState.java:setRaftConf(382)) - s6@group-5BB5DA552FF4: set configuration 15: peers:[s3|0.0.0.0:38599, s4|0.0.0.0:45297, s5|0.0.0.0:44673, s6|0.0.0.0:34623, s7|0.0.0.0:45125, s8|0.0.0.0:34827, s0|0.0.0.0:43623, s1|0.0.0.0:37641, s2|0.0.0.0:44395]|listeners:[], old=null
2023-12-13 18:50:27,967 [s3@group-5BB5DA552FF4-StateMachineUpdater] TRACE util.FileUtils (LogUtils.java:supplyAndLog(69)) - Successfully supplied FileChannel.open /home/runner/work/ratis/ratis/ratis-test/target/test/data/b8de9602/MiniRaftClusterWithGrpcac948085/s3/d6b72674-aab5-4ca2-affe-5bb5da552ff4/current/raft-meta.conf.tmp with options [CREATE, WRITE]: sun.nio.ch.FileChannelImpl@63b4e942
2023-12-13 18:50:27,968 [s5@group-5BB5DA552FF4-StateMachineUpdater] TRACE util.FileUtils (LogUtils.java:runAndLog(49)) - Successfully ran Atomic Files.move /home/runner/work/ratis/ratis/ratis-test/target/test/data/b8de9602/MiniRaftClusterWithGrpcac948085/s5/d6b72674-aab5-4ca2-affe-5bb5da552ff4/current/raft-meta.conf.tmp to /home/runner/work/ratis/ratis/ratis-test/target/test/data/b8de9602/MiniRaftClusterWithGrpcac948085/s5/d6b72674-aab5-4ca2-affe-5bb5da552ff4/current/raft-meta.conf with options [REPLACE_EXISTING]
2023-12-13 18:50:27,968 [s1@group-5BB5DA552FF4-StateMachineUpdater] TRACE util.FileUtils (LogUtils.java:runAndLog(49)) - Successfully ran Atomic Files.move /home/runner/work/ratis/ratis/ratis-test/target/test/data/b8de9602/MiniRaftClusterWithGrpcac948085/s1/d6b72674-aab5-4ca2-affe-5bb5da552ff4/current/raft-meta.conf.tmp to /home/runner/work/ratis/ratis/ratis-test/target/test/data/b8de9602/MiniRaftClusterWithGrpcac948085/s1/d6b72674-aab5-4ca2-affe-5bb5da552ff4/current/raft-meta.conf with options [REPLACE_EXISTING]
2023-12-13 18:50:27,968 [s5@group-5BB5DA552FF4-StateMachineUpdater] TRACE util.FileUtils (LogUtils.java:supplyAndLog(69)) - Successfully supplied FileChannel.open /home/runner/work/ratis/ratis/ratis-test/target/test/data/b8de9602/MiniRaftClusterWithGrpcac948085/s5/d6b72674-aab5-4ca2-affe-5bb5da552ff4/current/raft-meta.conf.tmp with options [CREATE, WRITE]: sun.nio.ch.FileChannelImpl@647494ce
2023-12-13 18:50:27,969 [s5@group-5BB5DA552FF4-StateMachineUpdater] TRACE util.FileUtils (LogUtils.java:runAndLog(49)) - Successfully ran Atomic Files.move /home/runner/work/ratis/ratis/ratis-test/target/test/data/b8de9602/MiniRaftClusterWithGrpcac948085/s5/d6b72674-aab5-4ca2-affe-5bb5da552ff4/current/raft-meta.conf.tmp to /home/runner/work/ratis/ratis/ratis-test/target/test/data/b8de9602/MiniRaftClusterWithGrpcac948085/s5/d6b72674-aab5-4ca2-affe-5bb5da552ff4/current/raft-meta.conf with options [REPLACE_EXISTING]
2023-12-13 18:50:27,969 [s5@group-5BB5DA552FF4-StateMachineUpdater] TRACE util.FileUtils (LogUtils.java:supplyAndLog(69)) - Successfully supplied FileChannel.open /home/runner/work/ratis/ratis/ratis-test/target/test/data/b8de9602/MiniRaftClusterWithGrpcac948085/s5/d6b72674-aab5-4ca2-affe-5bb5da552ff4/current/raft-meta.conf.tmp with options [CREATE, WRITE]: sun.nio.ch.FileChannelImpl@4f3b8eef
2023-12-13 18:50:27,970 [s5-server-thread2] INFO  server.RaftServer$Division (ServerState.java:setRaftConf(382)) - s5@group-5BB5DA552FF4: set configuration 13: peers:[s3|0.0.0.0:38599, s4|0.0.0.0:45297, s5|0.0.0.0:44673, s6|0.0.0.0:34623, s7|0.0.0.0:45125, s8|0.0.0.0:34827, s0|0.0.0.0:43623, s1|0.0.0.0:37641, s2|0.0.0.0:44395]|listeners:[], old=peers:[s3|0.0.0.0:38599, s8|0.0.0.0:34827, s0|0.0.0.0:43623, s1|0.0.0.0:37641, s2|0.0.0.0:44395]|listeners:[]
2023-12-13 18:50:27,971 [s5-server-thread1] DEBUG server.RaftServer$Division (RaftServerImpl.java:logAppendEntries(1504)) - s5@group-5BB5DA552FF4: receive appendEntries(s8, 1, (t:1, i:13), 13, false, commits:[s8:c13, s0:c12, s1:c12, s3:c12, s2:c12, s4:c11, s5:c12, s6:c12, s7:c12], cId:7, entries: [(t:1, i:14), METADATAENTRY(c:13), (t:1, i:15), CONFIGURATIONENTRY(current:id: "s3"
address: "0.0.0.0:38599"
clientAddress: "0.0.0.0:38599"
adminAddress: "0.0.0.0:38599"
startupRole: FOLLOWER
,id: "s4"
address: "0.0.0.0:45297"
clientAddress: "0.0.0.0:45297"
adminAddress: "0.0.0.0:45297"
startupRole: FOLLOWER
,id: "s5"
address: "0.0.0.0:44673"
clientAddress: "0.0.0.0:44673"
adminAddress: "0.0.0.0:44673"
startupRole: FOLLOWER
,id: "s6"
address: "0.0.0.0:34623"
clientAddress: "0.0.0.0:34623"
adminAddress: "0.0.0.0:34623"
startupRole: FOLLOWER
,id: "s7"
address: "0.0.0.0:45125"
clientAddress: "0.0.0.0:45125"
adminAddress: "0.0.0.0:45125"
startupRole: FOLLOWER
,id: "s8"
address: "0.0.0.0:34827"
clientAddress: "0.0.0.0:34827"
adminAddress: "0.0.0.0:34827"
startupRole: FOLLOWER
,id: "s0"
address: "0.0.0.0:43623"
clientAddress: "0.0.0.0:43623"
adminAddress: "0.0.0.0:43623"
startupRole: FOLLOWER
,id: "s1"
address: "0.0.0.0:37641"
clientAddress: "0.0.0.0:37641"
adminAddress: "0.0.0.0:37641"
startupRole: FOLLOWER
,id: "s2"
address: "0.0.0.0:44395"
clientAddress: "0.0.0.0:44395"
adminAddress: "0.0.0.0:44395"
startupRole: FOLLOWER
, old:)]
2023-12-13 18:50:27,971 [s5-server-thread1] INFO  server.RaftServer$Division (ServerState.java:setRaftConf(382)) - s5@group-5BB5DA552FF4: set configuration 15: peers:[s3|0.0.0.0:38599, s4|0.0.0.0:45297, s5|0.0.0.0:44673, s6|0.0.0.0:34623, s7|0.0.0.0:45125, s8|0.0.0.0:34827, s0|0.0.0.0:43623, s1|0.0.0.0:37641, s2|0.0.0.0:44395]|listeners:[], old=null
2023-12-13 18:50:27,971 [s8@group-5BB5DA552FF4-StateMachineUpdater] TRACE util.FileUtils (LogUtils.java:supplyAndLog(69)) - Successfully supplied FileChannel.open /home/runner/work/ratis/ratis/ratis-test/target/test/data/b8de9602/MiniRaftClusterWithGrpcac948085/s8/d6b72674-aab5-4ca2-affe-5bb5da552ff4/current/raft-meta.conf.tmp with options [CREATE, WRITE]: sun.nio.ch.FileChannelImpl@4dd60593
2023-12-13 18:50:27,971 [Time-limited test] DEBUG client.RaftClient (RaftClientImpl.java:add(150)) - client-D4DD7F308FDD: add replied callId 48
2023-12-13 18:50:27,971 [s5@group-5BB5DA552FF4-StateMachineUpdater] TRACE util.FileUtils (LogUtils.java:runAndLog(49)) - Successfully ran Atomic Files.move /home/runner/work/ratis/ratis/ratis-test/target/test/data/b8de9602/MiniRaftClusterWithGrpcac948085/s5/d6b72674-aab5-4ca2-affe-5bb5da552ff4/current/raft-meta.conf.tmp to /home/runner/work/ratis/ratis/ratis-test/target/test/data/b8de9602/MiniRaftClusterWithGrpcac948085/s5/d6b72674-aab5-4ca2-affe-5bb5da552ff4/current/raft-meta.conf with options [REPLACE_EXISTING]
2023-12-13 18:50:27,972 [s5@group-5BB5DA552FF4-StateMachineUpdater] TRACE util.FileUtils (LogUtils.java:supplyAndLog(69)) - Successfully supplied FileChannel.open /home/runner/work/ratis/ratis/ratis-test/target/test/data/b8de9602/MiniRaftClusterWithGrpcac948085/s5/d6b72674-aab5-4ca2-affe-5bb5da552ff4/current/raft-meta.conf.tmp with options [CREATE, WRITE]: sun.nio.ch.FileChannelImpl@1c2ad46a
2023-12-13 18:50:27,972 [s5-server-thread2] DEBUG server.RaftServer$Division (RaftServerImpl.java:logAppendEntries(1504)) - s5@group-5BB5DA552FF4: succeeded to handle AppendEntries. Reply: s8<-s5#6:OK-t1,SUCCESS,nextIndex=14,followerCommit=12,matchIndex=13
2023-12-13 18:50:27,972 [s2-server-thread3] DEBUG server.RaftServer$Division (RaftServerImpl.java:logAppendEntries(1504)) - s2@group-5BB5DA552FF4: receive appendEntries(s8, 1, (t:1, i:15), 15, false, commits:[s8:c15, s0:c13, s1:c13, s3:c13, s2:c13, s4:c11, s5:c12, s6:c12, s7:c12], cId:16, entries: [(t:1, i:16), METADATAENTRY(c:15)]
2023-12-13 18:50:27,973 [s8@group-5BB5DA552FF4-StateMachineUpdater] TRACE util.FileUtils (LogUtils.java:runAndLog(49)) - Successfully ran Atomic Files.move /home/runner/work/ratis/ratis/ratis-test/target/test/data/b8de9602/MiniRaftClusterWithGrpcac948085/s8/d6b72674-aab5-4ca2-affe-5bb5da552ff4/current/raft-meta.conf.tmp to /home/runner/work/ratis/ratis/ratis-test/target/test/data/b8de9602/MiniRaftClusterWithGrpcac948085/s8/d6b72674-aab5-4ca2-affe-5bb5da552ff4/current/raft-meta.conf with options [REPLACE_EXISTING]
2023-12-13 18:50:27,973 [s5-server-thread2] DEBUG server.RaftServer$Division (RaftServerImpl.java:logAppendEntries(1504)) - s5@group-5BB5DA552FF4: succeeded to handle AppendEntries. Reply: s8<-s5#7:OK-t1,SUCCESS,nextIndex=16,followerCommit=13,matchIndex=15
2023-12-13 18:50:27,973 [s2-server-thread3] DEBUG server.RaftServer$Division (RaftServerImpl.java:logAppendEntries(1504)) - s2@group-5BB5DA552FF4: succeeded to handle AppendEntries. Reply: s8<-s2#16:OK-t1,SUCCESS,nextIndex=17,followerCommit=15,matchIndex=16
2023-12-13 18:50:27,973 [s5@group-5BB5DA552FF4-StateMachineUpdater] TRACE util.FileUtils (LogUtils.java:runAndLog(49)) - Successfully ran Atomic Files.move /home/runner/work/ratis/ratis/ratis-test/target/test/data/b8de9602/MiniRaftClusterWithGrpcac948085/s5/d6b72674-aab5-4ca2-affe-5bb5da552ff4/current/raft-meta.conf.tmp to /home/runner/work/ratis/ratis/ratis-test/target/test/data/b8de9602/MiniRaftClusterWithGrpcac948085/s5/d6b72674-aab5-4ca2-affe-5bb5da552ff4/current/raft-meta.conf with options [REPLACE_EXISTING]
2023-12-13 18:50:27,973 [s2@group-5BB5DA552FF4-StateMachineUpdater] TRACE util.FileUtils (LogUtils.java:supplyAndLog(69)) - Successfully supplied FileChannel.open /home/runner/work/ratis/ratis/ratis-test/target/test/data/b8de9602/MiniRaftClusterWithGrpcac948085/s2/d6b72674-aab5-4ca2-affe-5bb5da552ff4/current/raft-meta.conf.tmp with options [CREATE, WRITE]: sun.nio.ch.FileChannelImpl@eac9fb1
2023-12-13 18:50:27,973 [s5@group-5BB5DA552FF4-StateMachineUpdater] TRACE util.FileUtils (LogUtils.java:supplyAndLog(69)) - Successfully supplied FileChannel.open /home/runner/work/ratis/ratis/ratis-test/target/test/data/b8de9602/MiniRaftClusterWithGrpcac948085/s5/d6b72674-aab5-4ca2-affe-5bb5da552ff4/current/raft-meta.conf.tmp with options [CREATE, WRITE]: sun.nio.ch.FileChannelImpl@1ea06fa9
2023-12-13 18:50:27,974 [s6-server-thread1] DEBUG server.RaftServer$Division (RaftServerImpl.java:logAppendEntries(1504)) - s6@group-5BB5DA552FF4: receive appendEntries(s8, 1, (t:1, i:15), 15, false, commits:[s8:c15, s0:c13, s1:c13, s3:c13, s2:c13, s4:c11, s5:c12, s6:c12, s7:c12], cId:9, entries: [(t:1, i:16), METADATAENTRY(c:15)]
2023-12-13 18:50:27,974 [s3-server-thread3] DEBUG server.RaftServer$Division (RaftServerImpl.java:logAppendEntries(1504)) - s3@group-5BB5DA552FF4: receive appendEntries(s8, 1, (t:1, i:15), 15, false, commits:[s8:c15, s0:c13, s1:c13, s3:c13, s2:c13, s4:c11, s5:c12, s6:c12, s7:c12], cId:16, entries: [(t:1, i:16), METADATAENTRY(c:15)]
2023-12-13 18:50:27,975 [s5-server-thread2] DEBUG server.RaftServer$Division (RaftServerImpl.java:logAppendEntries(1504)) - s5@group-5BB5DA552FF4: receive appendEntries(s8, 1, (t:1, i:15), 15, false, commits:[s8:c15, s0:c13, s1:c13, s3:c13, s2:c13, s4:c11, s5:c12, s6:c12, s7:c12], cId:11, entries: [(t:1, i:16), METADATAENTRY(c:15)]
2023-12-13 18:50:27,975 [s3-server-thread3] DEBUG server.RaftServer$Division (RaftServerImpl.java:logAppendEntries(1504)) - s3@group-5BB5DA552FF4: succeeded to handle AppendEntries. Reply: s8<-s3#16:OK-t1,SUCCESS,nextIndex=17,followerCommit=15,matchIndex=16
2023-12-13 18:50:27,976 [s0-server-thread2] DEBUG server.RaftServer$Division (RaftServerImpl.java:logAppendEntries(1504)) - s0@group-5BB5DA552FF4: receive appendEntries(s8, 1, (t:1, i:15), 15, false, commits:[s8:c15, s0:c13, s1:c13, s3:c13, s2:c13, s4:c11, s5:c12, s6:c12, s7:c12], cId:29, entries: [(t:1, i:16), METADATAENTRY(c:15)]
2023-12-13 18:50:27,976 [s0@group-5BB5DA552FF4-StateMachineUpdater] TRACE util.FileUtils (LogUtils.java:runAndLog(49)) - Successfully ran Atomic Files.move /home/runner/work/ratis/ratis/ratis-test/target/test/data/b8de9602/MiniRaftClusterWithGrpcac948085/s0/d6b72674-aab5-4ca2-affe-5bb5da552ff4/current/raft-meta.conf.tmp to /home/runner/work/ratis/ratis/ratis-test/target/test/data/b8de9602/MiniRaftClusterWithGrpcac948085/s0/d6b72674-aab5-4ca2-affe-5bb5da552ff4/current/raft-meta.conf with options [REPLACE_EXISTING]
2023-12-13 18:50:27,976 [s5-server-thread2] DEBUG server.RaftServer$Division (RaftServerImpl.java:logAppendEntries(1504)) - s5@group-5BB5DA552FF4: succeeded to handle AppendEntries. Reply: s8<-s5#11:OK-t1,SUCCESS,nextIndex=17,followerCommit=15,matchIndex=16
2023-12-13 18:50:27,976 [s3@group-5BB5DA552FF4-StateMachineUpdater] TRACE util.FileUtils (LogUtils.java:runAndLog(49)) - Successfully ran Atomic Files.move /home/runner/work/ratis/ratis/ratis-test/target/test/data/b8de9602/MiniRaftClusterWithGrpcac948085/s3/d6b72674-aab5-4ca2-affe-5bb5da552ff4/current/raft-meta.conf.tmp to /home/runner/work/ratis/ratis/ratis-test/target/test/data/b8de9602/MiniRaftClusterWithGrpcac948085/s3/d6b72674-aab5-4ca2-affe-5bb5da552ff4/current/raft-meta.conf with options [REPLACE_EXISTING]
2023-12-13 18:50:27,976 [s2@group-5BB5DA552FF4-StateMachineUpdater] TRACE util.FileUtils (LogUtils.java:runAndLog(49)) - Successfully ran Atomic Files.move /home/runner/work/ratis/ratis/ratis-test/target/test/data/b8de9602/MiniRaftClusterWithGrpcac948085/s2/d6b72674-aab5-4ca2-affe-5bb5da552ff4/current/raft-meta.conf.tmp to /home/runner/work/ratis/ratis/ratis-test/target/test/data/b8de9602/MiniRaftClusterWithGrpcac948085/s2/d6b72674-aab5-4ca2-affe-5bb5da552ff4/current/raft-meta.conf with options [REPLACE_EXISTING]
2023-12-13 18:50:27,976 [s3@group-5BB5DA552FF4-StateMachineUpdater] TRACE util.FileUtils (LogUtils.java:supplyAndLog(69)) - Successfully supplied FileChannel.open /home/runner/work/ratis/ratis/ratis-test/target/test/data/b8de9602/MiniRaftClusterWithGrpcac948085/s3/d6b72674-aab5-4ca2-affe-5bb5da552ff4/current/raft-meta.conf.tmp with options [CREATE, WRITE]: sun.nio.ch.FileChannelImpl@1fbfe8c1
2023-12-13 18:50:27,977 [s5@group-5BB5DA552FF4-StateMachineUpdater] TRACE util.FileUtils (LogUtils.java:runAndLog(49)) - Successfully ran Atomic Files.move /home/runner/work/ratis/ratis/ratis-test/target/test/data/b8de9602/MiniRaftClusterWithGrpcac948085/s5/d6b72674-aab5-4ca2-affe-5bb5da552ff4/current/raft-meta.conf.tmp to /home/runner/work/ratis/ratis/ratis-test/target/test/data/b8de9602/MiniRaftClusterWithGrpcac948085/s5/d6b72674-aab5-4ca2-affe-5bb5da552ff4/current/raft-meta.conf with options [REPLACE_EXISTING]
2023-12-13 18:50:27,977 [s1-server-thread2] DEBUG server.RaftServer$Division (RaftServerImpl.java:logAppendEntries(1504)) - s1@group-5BB5DA552FF4: receive appendEntries(s8, 1, (t:1, i:15), 15, false, commits:[s8:c15, s0:c13, s1:c13, s3:c13, s2:c13, s4:c11, s5:c12, s6:c12, s7:c12], cId:28, entries: [(t:1, i:16), METADATAENTRY(c:15)]
2023-12-13 18:50:27,977 [s5@group-5BB5DA552FF4-StateMachineUpdater] TRACE util.FileUtils (LogUtils.java:supplyAndLog(69)) - Successfully supplied FileChannel.open /home/runner/work/ratis/ratis/ratis-test/target/test/data/b8de9602/MiniRaftClusterWithGrpcac948085/s5/d6b72674-aab5-4ca2-affe-5bb5da552ff4/current/raft-meta.conf.tmp with options [CREATE, WRITE]: sun.nio.ch.FileChannelImpl@5eb25a57
2023-12-13 18:50:27,977 [s0-server-thread2] DEBUG server.RaftServer$Division (RaftServerImpl.java:logAppendEntries(1504)) - s0@group-5BB5DA552FF4: succeeded to handle AppendEntries. Reply: s8<-s0#29:OK-t1,SUCCESS,nextIndex=17,followerCommit=15,matchIndex=16
2023-12-13 18:50:27,978 [s0@group-5BB5DA552FF4-StateMachineUpdater] TRACE util.FileUtils (LogUtils.java:supplyAndLog(69)) - Successfully supplied FileChannel.open /home/runner/work/ratis/ratis/ratis-test/target/test/data/b8de9602/MiniRaftClusterWithGrpcac948085/s0/d6b72674-aab5-4ca2-affe-5bb5da552ff4/current/raft-meta.conf.tmp with options [CREATE, WRITE]: sun.nio.ch.FileChannelImpl@1b785752
2023-12-13 18:50:27,979 [s1-server-thread2] DEBUG server.RaftServer$Division (RaftServerImpl.java:logAppendEntries(1504)) - s1@group-5BB5DA552FF4: succeeded to handle AppendEntries. Reply: s8<-s1#28:OK-t1,SUCCESS,nextIndex=17,followerCommit=15,matchIndex=16
2023-12-13 18:50:27,979 [s1@group-5BB5DA552FF4-StateMachineUpdater] TRACE util.FileUtils (LogUtils.java:supplyAndLog(69)) - Successfully supplied FileChannel.open /home/runner/work/ratis/ratis/ratis-test/target/test/data/b8de9602/MiniRaftClusterWithGrpcac948085/s1/d6b72674-aab5-4ca2-affe-5bb5da552ff4/current/raft-meta.conf.tmp with options [CREATE, WRITE]: sun.nio.ch.FileChannelImpl@78035b7
2023-12-13 18:50:27,979 [s6@group-5BB5DA552FF4-StateMachineUpdater] TRACE util.FileUtils (LogUtils.java:runAndLog(49)) - Successfully ran Atomic Files.move /home/runner/work/ratis/ratis/ratis-test/target/test/data/b8de9602/MiniRaftClusterWithGrpcac948085/s6/d6b72674-aab5-4ca2-affe-5bb5da552ff4/current/raft-meta.conf.tmp to /home/runner/work/ratis/ratis/ratis-test/target/test/data/b8de9602/MiniRaftClusterWithGrpcac948085/s6/d6b72674-aab5-4ca2-affe-5bb5da552ff4/current/raft-meta.conf with options [REPLACE_EXISTING]
2023-12-13 18:50:27,979 [s6@group-5BB5DA552FF4-StateMachineUpdater] TRACE util.FileUtils (LogUtils.java:supplyAndLog(69)) - Successfully supplied FileChannel.open /home/runner/work/ratis/ratis/ratis-test/target/test/data/b8de9602/MiniRaftClusterWithGrpcac948085/s6/d6b72674-aab5-4ca2-affe-5bb5da552ff4/current/raft-meta.conf.tmp with options [CREATE, WRITE]: sun.nio.ch.FileChannelImpl@56b75183
2023-12-13 18:50:27,980 [s7@group-5BB5DA552FF4-StateMachineUpdater] TRACE util.FileUtils (LogUtils.java:runAndLog(49)) - Successfully ran Atomic Files.move /home/runner/work/ratis/ratis/ratis-test/target/test/data/b8de9602/MiniRaftClusterWithGrpcac948085/s7/d6b72674-aab5-4ca2-affe-5bb5da552ff4/current/raft-meta.conf.tmp to /home/runner/work/ratis/ratis/ratis-test/target/test/data/b8de9602/MiniRaftClusterWithGrpcac948085/s7/d6b72674-aab5-4ca2-affe-5bb5da552ff4/current/raft-meta.conf with options [REPLACE_EXISTING]
2023-12-13 18:50:27,980 [s7@group-5BB5DA552FF4-StateMachineUpdater] TRACE util.FileUtils (LogUtils.java:supplyAndLog(69)) - Successfully supplied FileChannel.open /home/runner/work/ratis/ratis/ratis-test/target/test/data/b8de9602/MiniRaftClusterWithGrpcac948085/s7/d6b72674-aab5-4ca2-affe-5bb5da552ff4/current/raft-meta.conf.tmp with options [CREATE, WRITE]: sun.nio.ch.FileChannelImpl@7634bb5b
2023-12-13 18:50:27,980 [s5@group-5BB5DA552FF4-StateMachineUpdater] TRACE util.FileUtils (LogUtils.java:runAndLog(49)) - Successfully ran Atomic Files.move /home/runner/work/ratis/ratis/ratis-test/target/test/data/b8de9602/MiniRaftClusterWithGrpcac948085/s5/d6b72674-aab5-4ca2-affe-5bb5da552ff4/current/raft-meta.conf.tmp to /home/runner/work/ratis/ratis/ratis-test/target/test/data/b8de9602/MiniRaftClusterWithGrpcac948085/s5/d6b72674-aab5-4ca2-affe-5bb5da552ff4/current/raft-meta.conf with options [REPLACE_EXISTING]
2023-12-13 18:50:27,981 [s1@group-5BB5DA552FF4-StateMachineUpdater] TRACE util.FileUtils (LogUtils.java:runAndLog(49)) - Successfully ran Atomic Files.move /home/runner/work/ratis/ratis/ratis-test/target/test/data/b8de9602/MiniRaftClusterWithGrpcac948085/s1/d6b72674-aab5-4ca2-affe-5bb5da552ff4/current/raft-meta.conf.tmp to /home/runner/work/ratis/ratis/ratis-test/target/test/data/b8de9602/MiniRaftClusterWithGrpcac948085/s1/d6b72674-aab5-4ca2-affe-5bb5da552ff4/current/raft-meta.conf with options [REPLACE_EXISTING]
2023-12-13 18:50:27,981 [s6@group-5BB5DA552FF4-StateMachineUpdater] TRACE util.FileUtils (LogUtils.java:runAndLog(49)) - Successfully ran Atomic Files.move /home/runner/work/ratis/ratis/ratis-test/target/test/data/b8de9602/MiniRaftClusterWithGrpcac948085/s6/d6b72674-aab5-4ca2-affe-5bb5da552ff4/current/raft-meta.conf.tmp to /home/runner/work/ratis/ratis/ratis-test/target/test/data/b8de9602/MiniRaftClusterWithGrpcac948085/s6/d6b72674-aab5-4ca2-affe-5bb5da552ff4/current/raft-meta.conf with options [REPLACE_EXISTING]
2023-12-13 18:50:27,981 [s6@group-5BB5DA552FF4-StateMachineUpdater] TRACE util.FileUtils (LogUtils.java:supplyAndLog(69)) - Successfully supplied FileChannel.open /home/runner/work/ratis/ratis/ratis-test/target/test/data/b8de9602/MiniRaftClusterWithGrpcac948085/s6/d6b72674-aab5-4ca2-affe-5bb5da552ff4/current/raft-meta.conf.tmp with options [CREATE, WRITE]: sun.nio.ch.FileChannelImpl@1507ec71
2023-12-13 18:50:27,982 [s3@group-5BB5DA552FF4-StateMachineUpdater] TRACE util.FileUtils (LogUtils.java:runAndLog(49)) - Successfully ran Atomic Files.move /home/runner/work/ratis/ratis/ratis-test/target/test/data/b8de9602/MiniRaftClusterWithGrpcac948085/s3/d6b72674-aab5-4ca2-affe-5bb5da552ff4/current/raft-meta.conf.tmp to /home/runner/work/ratis/ratis/ratis-test/target/test/data/b8de9602/MiniRaftClusterWithGrpcac948085/s3/d6b72674-aab5-4ca2-affe-5bb5da552ff4/current/raft-meta.conf with options [REPLACE_EXISTING]
2023-12-13 18:50:27,982 [s6-server-thread1] DEBUG server.RaftServer$Division (RaftServerImpl.java:logAppendEntries(1504)) - s6@group-5BB5DA552FF4: succeeded to handle AppendEntries. Reply: s8<-s6#4:OK-t1,SUCCESS,nextIndex=14,followerCommit=12,matchIndex=13
2023-12-13 18:50:27,982 [s0@group-5BB5DA552FF4-StateMachineUpdater] TRACE util.FileUtils (LogUtils.java:runAndLog(49)) - Successfully ran Atomic Files.move /home/runner/work/ratis/ratis/ratis-test/target/test/data/b8de9602/MiniRaftClusterWithGrpcac948085/s0/d6b72674-aab5-4ca2-affe-5bb5da552ff4/current/raft-meta.conf.tmp to /home/runner/work/ratis/ratis/ratis-test/target/test/data/b8de9602/MiniRaftClusterWithGrpcac948085/s0/d6b72674-aab5-4ca2-affe-5bb5da552ff4/current/raft-meta.conf with options [REPLACE_EXISTING]
2023-12-13 18:50:27,982 [s6-server-thread4] DEBUG server.RaftServer$Division (RaftServerImpl.java:logAppendEntries(1504)) - s6@group-5BB5DA552FF4: succeeded to handle AppendEntries. Reply: s8<-s6#5:OK-t1,SUCCESS,nextIndex=16,followerCommit=13,matchIndex=15
2023-12-13 18:50:27,983 [s7@group-5BB5DA552FF4-StateMachineUpdater] TRACE util.FileUtils (LogUtils.java:runAndLog(49)) - Successfully ran Atomic Files.move /home/runner/work/ratis/ratis/ratis-test/target/test/data/b8de9602/MiniRaftClusterWithGrpcac948085/s7/d6b72674-aab5-4ca2-affe-5bb5da552ff4/current/raft-meta.conf.tmp to /home/runner/work/ratis/ratis/ratis-test/target/test/data/b8de9602/MiniRaftClusterWithGrpcac948085/s7/d6b72674-aab5-4ca2-affe-5bb5da552ff4/current/raft-meta.conf with options [REPLACE_EXISTING]
2023-12-13 18:50:27,983 [s6-server-thread4] DEBUG server.RaftServer$Division (RaftServerImpl.java:logAppendEntries(1504)) - s6@group-5BB5DA552FF4: succeeded to handle AppendEntries. Reply: s8<-s6#9:OK-t1,SUCCESS,nextIndex=17,followerCommit=15,matchIndex=16
2023-12-13 18:50:27,983 [s7@group-5BB5DA552FF4-StateMachineUpdater] TRACE util.FileUtils (LogUtils.java:supplyAndLog(69)) - Successfully supplied FileChannel.open /home/runner/work/ratis/ratis/ratis-test/target/test/data/b8de9602/MiniRaftClusterWithGrpcac948085/s7/d6b72674-aab5-4ca2-affe-5bb5da552ff4/current/raft-meta.conf.tmp with options [CREATE, WRITE]: sun.nio.ch.FileChannelImpl@308679a8
2023-12-13 18:50:27,983 [s4-server-thread2] INFO  server.RaftServer$Division (ServerState.java:setRaftConf(382)) - s4@group-5BB5DA552FF4: set configuration 13: peers:[s3|0.0.0.0:38599, s4|0.0.0.0:45297, s5|0.0.0.0:44673, s6|0.0.0.0:34623, s7|0.0.0.0:45125, s8|0.0.0.0:34827, s0|0.0.0.0:43623, s1|0.0.0.0:37641, s2|0.0.0.0:44395]|listeners:[], old=peers:[s3|0.0.0.0:38599, s8|0.0.0.0:34827, s0|0.0.0.0:43623, s1|0.0.0.0:37641, s2|0.0.0.0:44395]|listeners:[]
2023-12-13 18:50:27,983 [s6@group-5BB5DA552FF4-StateMachineUpdater] TRACE util.FileUtils (LogUtils.java:runAndLog(49)) - Successfully ran Atomic Files.move /home/runner/work/ratis/ratis/ratis-test/target/test/data/b8de9602/MiniRaftClusterWithGrpcac948085/s6/d6b72674-aab5-4ca2-affe-5bb5da552ff4/current/raft-meta.conf.tmp to /home/runner/work/ratis/ratis/ratis-test/target/test/data/b8de9602/MiniRaftClusterWithGrpcac948085/s6/d6b72674-aab5-4ca2-affe-5bb5da552ff4/current/raft-meta.conf with options [REPLACE_EXISTING]
2023-12-13 18:50:27,983 [s6@group-5BB5DA552FF4-StateMachineUpdater] TRACE util.FileUtils (LogUtils.java:supplyAndLog(69)) - Successfully supplied FileChannel.open /home/runner/work/ratis/ratis/ratis-test/target/test/data/b8de9602/MiniRaftClusterWithGrpcac948085/s6/d6b72674-aab5-4ca2-affe-5bb5da552ff4/current/raft-meta.conf.tmp with options [CREATE, WRITE]: sun.nio.ch.FileChannelImpl@2e332d9f
2023-12-13 18:50:27,984 [s7-server-thread3] INFO  server.RaftServer$Division (ServerState.java:setRaftConf(382)) - s7@group-5BB5DA552FF4: set configuration 13: peers:[s3|0.0.0.0:38599, s4|0.0.0.0:45297, s5|0.0.0.0:44673, s6|0.0.0.0:34623, s7|0.0.0.0:45125, s8|0.0.0.0:34827, s0|0.0.0.0:43623, s1|0.0.0.0:37641, s2|0.0.0.0:44395]|listeners:[], old=peers:[s3|0.0.0.0:38599, s8|0.0.0.0:34827, s0|0.0.0.0:43623, s1|0.0.0.0:37641, s2|0.0.0.0:44395]|listeners:[]
2023-12-13 18:50:27,984 [s4-server-thread2] DEBUG server.RaftServer$Division (RaftServerImpl.java:logAppendEntries(1504)) - s4@group-5BB5DA552FF4: succeeded to handle AppendEntries. Reply: s8<-s4#4:OK-t1,SUCCESS,nextIndex=14,followerCommit=12,matchIndex=13
2023-12-13 18:50:27,984 [s7-server-thread3] DEBUG server.RaftServer$Division (RaftServerImpl.java:logAppendEntries(1504)) - s7@group-5BB5DA552FF4: succeeded to handle AppendEntries. Reply: s8<-s7#4:OK-t1,SUCCESS,nextIndex=14,followerCommit=12,matchIndex=13
2023-12-13 18:50:27,985 [s4-server-thread2] DEBUG server.RaftServer$Division (RaftServerImpl.java:logAppendEntries(1504)) - s4@group-5BB5DA552FF4: receive appendEntries(s8, 1, (t:1, i:13), 13, false, commits:[s8:c13, s0:c12, s1:c12, s3:c12, s2:c12, s4:c11, s5:c12, s6:c12, s7:c12], cId:8, entries: [(t:1, i:14), METADATAENTRY(c:13), (t:1, i:15), CONFIGURATIONENTRY(current:id: "s3"
address: "0.0.0.0:38599"
clientAddress: "0.0.0.0:38599"
adminAddress: "0.0.0.0:38599"
startupRole: FOLLOWER
,id: "s4"
address: "0.0.0.0:45297"
clientAddress: "0.0.0.0:45297"
adminAddress: "0.0.0.0:45297"
startupRole: FOLLOWER
,id: "s5"
address: "0.0.0.0:44673"
clientAddress: "0.0.0.0:44673"
adminAddress: "0.0.0.0:44673"
startupRole: FOLLOWER
,id: "s6"
address: "0.0.0.0:34623"
clientAddress: "0.0.0.0:34623"
adminAddress: "0.0.0.0:34623"
startupRole: FOLLOWER
,id: "s7"
address: "0.0.0.0:45125"
clientAddress: "0.0.0.0:45125"
adminAddress: "0.0.0.0:45125"
startupRole: FOLLOWER
,id: "s8"
address: "0.0.0.0:34827"
clientAddress: "0.0.0.0:34827"
adminAddress: "0.0.0.0:34827"
startupRole: FOLLOWER
,id: "s0"
address: "0.0.0.0:43623"
clientAddress: "0.0.0.0:43623"
adminAddress: "0.0.0.0:43623"
startupRole: FOLLOWER
,id: "s1"
address: "0.0.0.0:37641"
clientAddress: "0.0.0.0:37641"
adminAddress: "0.0.0.0:37641"
startupRole: FOLLOWER
,id: "s2"
address: "0.0.0.0:44395"
clientAddress: "0.0.0.0:44395"
adminAddress: "0.0.0.0:44395"
startupRole: FOLLOWER
, old:)]
2023-12-13 18:50:27,985 [s4-server-thread2] INFO  server.RaftServer$Division (ServerState.java:setRaftConf(382)) - s4@group-5BB5DA552FF4: set configuration 15: peers:[s3|0.0.0.0:38599, s4|0.0.0.0:45297, s5|0.0.0.0:44673, s6|0.0.0.0:34623, s7|0.0.0.0:45125, s8|0.0.0.0:34827, s0|0.0.0.0:43623, s1|0.0.0.0:37641, s2|0.0.0.0:44395]|listeners:[], old=null
2023-12-13 18:50:27,986 [s6@group-5BB5DA552FF4-StateMachineUpdater] TRACE util.FileUtils (LogUtils.java:runAndLog(49)) - Successfully ran Atomic Files.move /home/runner/work/ratis/ratis/ratis-test/target/test/data/b8de9602/MiniRaftClusterWithGrpcac948085/s6/d6b72674-aab5-4ca2-affe-5bb5da552ff4/current/raft-meta.conf.tmp to /home/runner/work/ratis/ratis/ratis-test/target/test/data/b8de9602/MiniRaftClusterWithGrpcac948085/s6/d6b72674-aab5-4ca2-affe-5bb5da552ff4/current/raft-meta.conf with options [REPLACE_EXISTING]
2023-12-13 18:50:27,986 [s6@group-5BB5DA552FF4-StateMachineUpdater] TRACE util.FileUtils (LogUtils.java:supplyAndLog(69)) - Successfully supplied FileChannel.open /home/runner/work/ratis/ratis/ratis-test/target/test/data/b8de9602/MiniRaftClusterWithGrpcac948085/s6/d6b72674-aab5-4ca2-affe-5bb5da552ff4/current/raft-meta.conf.tmp with options [CREATE, WRITE]: sun.nio.ch.FileChannelImpl@44463194
2023-12-13 18:50:27,988 [s7@group-5BB5DA552FF4-StateMachineUpdater] TRACE util.FileUtils (LogUtils.java:runAndLog(49)) - Successfully ran Atomic Files.move /home/runner/work/ratis/ratis/ratis-test/target/test/data/b8de9602/MiniRaftClusterWithGrpcac948085/s7/d6b72674-aab5-4ca2-affe-5bb5da552ff4/current/raft-meta.conf.tmp to /home/runner/work/ratis/ratis/ratis-test/target/test/data/b8de9602/MiniRaftClusterWithGrpcac948085/s7/d6b72674-aab5-4ca2-affe-5bb5da552ff4/current/raft-meta.conf with options [REPLACE_EXISTING]
2023-12-13 18:50:27,988 [s7@group-5BB5DA552FF4-StateMachineUpdater] TRACE util.FileUtils (LogUtils.java:supplyAndLog(69)) - Successfully supplied FileChannel.open /home/runner/work/ratis/ratis/ratis-test/target/test/data/b8de9602/MiniRaftClusterWithGrpcac948085/s7/d6b72674-aab5-4ca2-affe-5bb5da552ff4/current/raft-meta.conf.tmp with options [CREATE, WRITE]: sun.nio.ch.FileChannelImpl@e9546f7
2023-12-13 18:50:27,989 [s7-server-thread2] DEBUG server.RaftServer$Division (RaftServerImpl.java:logAppendEntries(1504)) - s7@group-5BB5DA552FF4: receive appendEntries(s8, 1, (t:1, i:13), 13, false, commits:[s8:c13, s0:c12, s1:c12, s3:c12, s2:c12, s4:c11, s5:c12, s6:c12, s7:c12], cId:5, entries: [(t:1, i:14), METADATAENTRY(c:13), (t:1, i:15), CONFIGURATIONENTRY(current:id: "s3"
address: "0.0.0.0:38599"
clientAddress: "0.0.0.0:38599"
adminAddress: "0.0.0.0:38599"
startupRole: FOLLOWER
,id: "s4"
address: "0.0.0.0:45297"
clientAddress: "0.0.0.0:45297"
adminAddress: "0.0.0.0:45297"
startupRole: FOLLOWER
,id: "s5"
address: "0.0.0.0:44673"
clientAddress: "0.0.0.0:44673"
adminAddress: "0.0.0.0:44673"
startupRole: FOLLOWER
,id: "s6"
address: "0.0.0.0:34623"
clientAddress: "0.0.0.0:34623"
adminAddress: "0.0.0.0:34623"
startupRole: FOLLOWER
,id: "s7"
address: "0.0.0.0:45125"
clientAddress: "0.0.0.0:45125"
adminAddress: "0.0.0.0:45125"
startupRole: FOLLOWER
,id: "s8"
address: "0.0.0.0:34827"
clientAddress: "0.0.0.0:34827"
adminAddress: "0.0.0.0:34827"
startupRole: FOLLOWER
,id: "s0"
address: "0.0.0.0:43623"
clientAddress: "0.0.0.0:43623"
adminAddress: "0.0.0.0:43623"
startupRole: FOLLOWER
,id: "s1"
address: "0.0.0.0:37641"
clientAddress: "0.0.0.0:37641"
adminAddress: "0.0.0.0:37641"
startupRole: FOLLOWER
,id: "s2"
address: "0.0.0.0:44395"
clientAddress: "0.0.0.0:44395"
adminAddress: "0.0.0.0:44395"
startupRole: FOLLOWER
, old:)]
2023-12-13 18:50:27,989 [s4-server-thread3] DEBUG server.RaftServer$Division (RaftServerImpl.java:logAppendEntries(1504)) - s4@group-5BB5DA552FF4: succeeded to handle AppendEntries. Reply: s8<-s4#8:OK-t1,SUCCESS,nextIndex=16,followerCommit=13,matchIndex=15
2023-12-13 18:50:27,989 [s4@group-5BB5DA552FF4-StateMachineUpdater] TRACE util.FileUtils (LogUtils.java:supplyAndLog(69)) - Successfully supplied FileChannel.open /home/runner/work/ratis/ratis/ratis-test/target/test/data/b8de9602/MiniRaftClusterWithGrpcac948085/s4/d6b72674-aab5-4ca2-affe-5bb5da552ff4/current/raft-meta.conf.tmp with options [CREATE, WRITE]: sun.nio.ch.FileChannelImpl@2d41034e
2023-12-13 18:50:27,989 [s7-server-thread2] INFO  server.RaftServer$Division (ServerState.java:setRaftConf(382)) - s7@group-5BB5DA552FF4: set configuration 15: peers:[s3|0.0.0.0:38599, s4|0.0.0.0:45297, s5|0.0.0.0:44673, s6|0.0.0.0:34623, s7|0.0.0.0:45125, s8|0.0.0.0:34827, s0|0.0.0.0:43623, s1|0.0.0.0:37641, s2|0.0.0.0:44395]|listeners:[], old=null
2023-12-13 18:50:27,990 [s4-server-thread2] DEBUG server.RaftServer$Division (RaftServerImpl.java:logAppendEntries(1504)) - s4@group-5BB5DA552FF4: receive appendEntries(s8, 1, (t:1, i:15), 15, false, commits:[s8:c15, s0:c13, s1:c13, s3:c13, s2:c13, s4:c11, s5:c12, s6:c12, s7:c12], cId:12, entries: [(t:1, i:16), METADATAENTRY(c:15)]
2023-12-13 18:50:27,991 [s7-server-thread2] DEBUG server.RaftServer$Division (RaftServerImpl.java:logAppendEntries(1504)) - s7@group-5BB5DA552FF4: receive appendEntries(s8, 1, (t:1, i:15), 15, false, commits:[s8:c15, s0:c13, s1:c13, s3:c13, s2:c13, s4:c11, s5:c12, s6:c12, s7:c12], cId:10, entries: [(t:1, i:16), METADATAENTRY(c:15)]
2023-12-13 18:50:27,992 [s6@group-5BB5DA552FF4-StateMachineUpdater] TRACE util.FileUtils (LogUtils.java:runAndLog(49)) - Successfully ran Atomic Files.move /home/runner/work/ratis/ratis/ratis-test/target/test/data/b8de9602/MiniRaftClusterWithGrpcac948085/s6/d6b72674-aab5-4ca2-affe-5bb5da552ff4/current/raft-meta.conf.tmp to /home/runner/work/ratis/ratis/ratis-test/target/test/data/b8de9602/MiniRaftClusterWithGrpcac948085/s6/d6b72674-aab5-4ca2-affe-5bb5da552ff4/current/raft-meta.conf with options [REPLACE_EXISTING]
2023-12-13 18:50:27,992 [s4-server-thread2] DEBUG server.RaftServer$Division (RaftServerImpl.java:logAppendEntries(1504)) - s4@group-5BB5DA552FF4: succeeded to handle AppendEntries. Reply: s8<-s4#12:OK-t1,SUCCESS,nextIndex=17,followerCommit=15,matchIndex=16
2023-12-13 18:50:27,992 [s6@group-5BB5DA552FF4-StateMachineUpdater] TRACE util.FileUtils (LogUtils.java:supplyAndLog(69)) - Successfully supplied FileChannel.open /home/runner/work/ratis/ratis/ratis-test/target/test/data/b8de9602/MiniRaftClusterWithGrpcac948085/s6/d6b72674-aab5-4ca2-affe-5bb5da552ff4/current/raft-meta.conf.tmp with options [CREATE, WRITE]: sun.nio.ch.FileChannelImpl@28915bd6
2023-12-13 18:50:27,993 [s6@group-5BB5DA552FF4-StateMachineUpdater] TRACE util.FileUtils (LogUtils.java:runAndLog(49)) - Successfully ran Atomic Files.move /home/runner/work/ratis/ratis/ratis-test/target/test/data/b8de9602/MiniRaftClusterWithGrpcac948085/s6/d6b72674-aab5-4ca2-affe-5bb5da552ff4/current/raft-meta.conf.tmp to /home/runner/work/ratis/ratis/ratis-test/target/test/data/b8de9602/MiniRaftClusterWithGrpcac948085/s6/d6b72674-aab5-4ca2-affe-5bb5da552ff4/current/raft-meta.conf with options [REPLACE_EXISTING]
2023-12-13 18:50:27,994 [Time-limited test] INFO  server.RaftServerConfigKeys (ConfUtils.java:logGet(46)) - raft.server.rpc.timeout.max = 2000ms (custom)
2023-12-13 18:50:27,994 [Time-limited test] INFO  ratis.RaftTestUtil (RaftTestUtil.java:waitForLeader(100)) - printing ALL groups
  s3:  RUNNING [
   FOLLOWER s3@group-9B3688799715:t0, leader=null, voted=, raftlog=Memoized:s3@group-9B3688799715-SegmentedRaftLog:OPENED:c-1, conf=-1: peers:[]|listeners:[], old=null STARTING
   FOLLOWER s3@group-5BB5DA552FF4:t1, leader=s8, voted=null, raftlog=Memoized:s3@group-5BB5DA552FF4-SegmentedRaftLog:OPENED:c15, conf=15: peers:[s3|0.0.0.0:38599, s4|0.0.0.0:45297, s5|0.0.0.0:44673, s6|0.0.0.0:34623, s7|0.0.0.0:45125, s8|0.0.0.0:34827, s0|0.0.0.0:43623, s1|0.0.0.0:37641, s2|0.0.0.0:44395]|listeners:[], old=null RUNNING] size=2
  s4:  RUNNING [
   FOLLOWER s4@group-9B3688799715:t0, leader=null, voted=, raftlog=Memoized:s4@group-9B3688799715-SegmentedRaftLog:OPENED:c-1, conf=-1: peers:[]|listeners:[], old=null STARTING
   FOLLOWER s4@group-5BB5DA552FF4:t1, leader=s8, voted=null, raftlog=Memoized:s4@group-5BB5DA552FF4-SegmentedRaftLog:OPENED:c15, conf=15: peers:[s3|0.0.0.0:38599, s4|0.0.0.0:45297, s5|0.0.0.0:44673, s6|0.0.0.0:34623, s7|0.0.0.0:45125, s8|0.0.0.0:34827, s0|0.0.0.0:43623, s1|0.0.0.0:37641, s2|0.0.0.0:44395]|listeners:[], old=null RUNNING] size=2
  s5:  RUNNING [
   FOLLOWER s5@group-9B3688799715:t0, leader=null, voted=, raftlog=Memoized:s5@group-9B3688799715-SegmentedRaftLog:OPENED:c-1, conf=-1: peers:[]|listeners:[], old=null STARTING
   FOLLOWER s5@group-5BB5DA552FF4:t1, leader=s8, voted=null, raftlog=Memoized:s5@group-5BB5DA552FF4-SegmentedRaftLog:OPENED:c15, conf=15: peers:[s3|0.0.0.0:38599, s4|0.0.0.0:45297, s5|0.0.0.0:44673, s6|0.0.0.0:34623, s7|0.0.0.0:45125, s8|0.0.0.0:34827, s0|0.0.0.0:43623, s1|0.0.0.0:37641, s2|0.0.0.0:44395]|listeners:[], old=null RUNNING] size=2
  s6:  RUNNING [
   FOLLOWER s6@group-9B3688799715:t0, leader=null, voted=, raftlog=Memoized:s6@group-9B3688799715-SegmentedRaftLog:OPENED:c-1, conf=-1: peers:[]|listeners:[], old=null STARTING
   FOLLOWER s6@group-5BB5DA552FF4:t1, leader=s8, voted=null, raftlog=Memoized:s6@group-5BB5DA552FF4-SegmentedRaftLog:OPENED:c15, conf=15: peers:[s3|0.0.0.0:38599, s4|0.0.0.0:45297, s5|0.0.0.0:44673, s6|0.0.0.0:34623, s7|0.0.0.0:45125, s8|0.0.0.0:34827, s0|0.0.0.0:43623, s1|0.0.0.0:37641, s2|0.0.0.0:44395]|listeners:[], old=null RUNNING] size=2
  s7:  RUNNING [
   FOLLOWER s7@group-9B3688799715:t0, leader=null, voted=, raftlog=Memoized:s7@group-9B3688799715-SegmentedRaftLog:OPENED:c-1, conf=-1: peers:[]|listeners:[], old=null STARTING
   FOLLOWER s7@group-5BB5DA552FF4:t1, leader=s8, voted=null, raftlog=Memoized:s7@group-5BB5DA552FF4-SegmentedRaftLog:OPENED:c12, conf=15: peers:[s3|0.0.0.0:38599, s4|0.0.0.0:45297, s5|0.0.0.0:44673, s6|0.0.0.0:34623, s7|0.0.0.0:45125, s8|0.0.0.0:34827, s0|0.0.0.0:43623, s1|0.0.0.0:37641, s2|0.0.0.0:44395]|listeners:[], old=null RUNNING] size=2
  s8:  RUNNING [
   FOLLOWER s8@group-9B3688799715:t0, leader=null, voted=, raftlog=Memoized:s8@group-9B3688799715-SegmentedRaftLog:OPENED:c-1, conf=-1: peers:[]|listeners:[], old=null STARTING
     LEADER s8@group-5BB5DA552FF4:t1, leader=s8, voted=s8, raftlog=Memoized:s8@group-5BB5DA552FF4-SegmentedRaftLog:OPENED:c16, conf=15: peers:[s3|0.0.0.0:38599, s4|0.0.0.0:45297, s5|0.0.0.0:44673, s6|0.0.0.0:34623, s7|0.0.0.0:45125, s8|0.0.0.0:34827, s0|0.0.0.0:43623, s1|0.0.0.0:37641, s2|0.0.0.0:44395]|listeners:[], old=null RUNNING] size=2
  s0:  RUNNING [
   FOLLOWER s0@group-9B3688799715:t0, leader=null, voted=, raftlog=Memoized:s0@group-9B3688799715-SegmentedRaftLog:OPENED:c-1, conf=-1: peers:[]|listeners:[], old=null STARTING
   FOLLOWER s0@group-5BB5DA552FF4:t1, leader=s8, voted=null, raftlog=Memoized:s0@group-5BB5DA552FF4-SegmentedRaftLog:OPENED:c15, conf=15: peers:[s3|0.0.0.0:38599, s4|0.0.0.0:45297, s5|0.0.0.0:44673, s6|0.0.0.0:34623, s7|0.0.0.0:45125, s8|0.0.0.0:34827, s0|0.0.0.0:43623, s1|0.0.0.0:37641, s2|0.0.0.0:44395]|listeners:[], old=null RUNNING] size=2
  s1:  RUNNING [
   FOLLOWER s1@group-9B3688799715:t0, leader=null, voted=, raftlog=Memoized:s1@group-9B3688799715-SegmentedRaftLog:OPENED:c-1, conf=-1: peers:[]|listeners:[], old=null STARTING
   FOLLOWER s1@group-5BB5DA552FF4:t1, leader=s8, voted=null, raftlog=Memoized:s1@group-5BB5DA552FF4-SegmentedRaftLog:OPENED:c15, conf=15: peers:[s3|0.0.0.0:38599, s4|0.0.0.0:45297, s5|0.0.0.0:44673, s6|0.0.0.0:34623, s7|0.0.0.0:45125, s8|0.0.0.0:34827, s0|0.0.0.0:43623, s1|0.0.0.0:37641, s2|0.0.0.0:44395]|listeners:[], old=null RUNNING] size=2
  s2:  RUNNING [
   FOLLOWER s2@group-9B3688799715:t0, leader=null, voted=, raftlog=Memoized:s2@group-9B3688799715-SegmentedRaftLog:OPENED:c-1, conf=-1: peers:[]|listeners:[], old=null STARTING
   FOLLOWER s2@group-5BB5DA552FF4:t1, leader=s8, voted=null, raftlog=Memoized:s2@group-5BB5DA552FF4-SegmentedRaftLog:OPENED:c15, conf=15: peers:[s3|0.0.0.0:38599, s4|0.0.0.0:45297, s5|0.0.0.0:44673, s6|0.0.0.0:34623, s7|0.0.0.0:45125, s8|0.0.0.0:34827, s0|0.0.0.0:43623, s1|0.0.0.0:37641, s2|0.0.0.0:44395]|listeners:[], old=null RUNNING] size=2
2023-12-13 18:50:27,994 [s7@group-5BB5DA552FF4-StateMachineUpdater] TRACE util.FileUtils (LogUtils.java:runAndLog(49)) - Successfully ran Atomic Files.move /home/runner/work/ratis/ratis/ratis-test/target/test/data/b8de9602/MiniRaftClusterWithGrpcac948085/s7/d6b72674-aab5-4ca2-affe-5bb5da552ff4/current/raft-meta.conf.tmp to /home/runner/work/ratis/ratis/ratis-test/target/test/data/b8de9602/MiniRaftClusterWithGrpcac948085/s7/d6b72674-aab5-4ca2-affe-5bb5da552ff4/current/raft-meta.conf with options [REPLACE_EXISTING]
2023-12-13 18:50:27,995 [s7@group-5BB5DA552FF4-StateMachineUpdater] TRACE util.FileUtils (LogUtils.java:supplyAndLog(69)) - Successfully supplied FileChannel.open /home/runner/work/ratis/ratis/ratis-test/target/test/data/b8de9602/MiniRaftClusterWithGrpcac948085/s7/d6b72674-aab5-4ca2-affe-5bb5da552ff4/current/raft-meta.conf.tmp with options [CREATE, WRITE]: sun.nio.ch.FileChannelImpl@61e225f9
2023-12-13 18:50:27,995 [s7-server-thread3] DEBUG server.RaftServer$Division (RaftServerImpl.java:logAppendEntries(1504)) - s7@group-5BB5DA552FF4: succeeded to handle AppendEntries. Reply: s8<-s7#10:OK-t1,SUCCESS,nextIndex=17,followerCommit=15,matchIndex=16
2023-12-13 18:50:27,995 [s7-server-thread2] DEBUG server.RaftServer$Division (RaftServerImpl.java:logAppendEntries(1504)) - s7@group-5BB5DA552FF4: succeeded to handle AppendEntries. Reply: s8<-s7#5:OK-t1,SUCCESS,nextIndex=16,followerCommit=13,matchIndex=15
2023-12-13 18:50:27,995 [Time-limited test] INFO  ratis.RaftTestUtil (RaftTestUtil.java:waitForLeader(124)) - printing ALL groups
  s3:  RUNNING [
   FOLLOWER s3@group-9B3688799715:t0, leader=null, voted=, raftlog=Memoized:s3@group-9B3688799715-SegmentedRaftLog:OPENED:c-1, conf=-1: peers:[]|listeners:[], old=null STARTING
   FOLLOWER s3@group-5BB5DA552FF4:t1, leader=s8, voted=null, raftlog=Memoized:s3@group-5BB5DA552FF4-SegmentedRaftLog:OPENED:c15, conf=15: peers:[s3|0.0.0.0:38599, s4|0.0.0.0:45297, s5|0.0.0.0:44673, s6|0.0.0.0:34623, s7|0.0.0.0:45125, s8|0.0.0.0:34827, s0|0.0.0.0:43623, s1|0.0.0.0:37641, s2|0.0.0.0:44395]|listeners:[], old=null RUNNING] size=2
  s4:  RUNNING [
   FOLLOWER s4@group-9B3688799715:t0, leader=null, voted=, raftlog=Memoized:s4@group-9B3688799715-SegmentedRaftLog:OPENED:c-1, conf=-1: peers:[]|listeners:[], old=null STARTING
   FOLLOWER s4@group-5BB5DA552FF4:t1, leader=s8, voted=null, raftlog=Memoized:s4@group-5BB5DA552FF4-SegmentedRaftLog:OPENED:c15, conf=15: peers:[s3|0.0.0.0:38599, s4|0.0.0.0:45297, s5|0.0.0.0:44673, s6|0.0.0.0:34623, s7|0.0.0.0:45125, s8|0.0.0.0:34827, s0|0.0.0.0:43623, s1|0.0.0.0:37641, s2|0.0.0.0:44395]|listeners:[], old=null RUNNING] size=2
  s5:  RUNNING [
   FOLLOWER s5@group-9B3688799715:t0, leader=null, voted=, raftlog=Memoized:s5@group-9B3688799715-SegmentedRaftLog:OPENED:c-1, conf=-1: peers:[]|listeners:[], old=null STARTING
   FOLLOWER s5@group-5BB5DA552FF4:t1, leader=s8, voted=null, raftlog=Memoized:s5@group-5BB5DA552FF4-SegmentedRaftLog:OPENED:c15, conf=15: peers:[s3|0.0.0.0:38599, s4|0.0.0.0:45297, s5|0.0.0.0:44673, s6|0.0.0.0:34623, s7|0.0.0.0:45125, s8|0.0.0.0:34827, s0|0.0.0.0:43623, s1|0.0.0.0:37641, s2|0.0.0.0:44395]|listeners:[], old=null RUNNING] size=2
  s6:  RUNNING [
   FOLLOWER s6@group-9B3688799715:t0, leader=null, voted=, raftlog=Memoized:s6@group-9B3688799715-SegmentedRaftLog:OPENED:c-1, conf=-1: peers:[]|listeners:[], old=null STARTING
   FOLLOWER s6@group-5BB5DA552FF4:t1, leader=s8, voted=null, raftlog=Memoized:s6@group-5BB5DA552FF4-SegmentedRaftLog:OPENED:c15, conf=15: peers:[s3|0.0.0.0:38599, s4|0.0.0.0:45297, s5|0.0.0.0:44673, s6|0.0.0.0:34623, s7|0.0.0.0:45125, s8|0.0.0.0:34827, s0|0.0.0.0:43623, s1|0.0.0.0:37641, s2|0.0.0.0:44395]|listeners:[], old=null RUNNING] size=2
  s7:  RUNNING [
   FOLLOWER s7@group-9B3688799715:t0, leader=null, voted=, raftlog=Memoized:s7@group-9B3688799715-SegmentedRaftLog:OPENED:c-1, conf=-1: peers:[]|listeners:[], old=null STARTING
   FOLLOWER s7@group-5BB5DA552FF4:t1, leader=s8, voted=null, raftlog=Memoized:s7@group-5BB5DA552FF4-SegmentedRaftLog:OPENED:c12, conf=15: peers:[s3|0.0.0.0:38599, s4|0.0.0.0:45297, s5|0.0.0.0:44673, s6|0.0.0.0:34623, s7|0.0.0.0:45125, s8|0.0.0.0:34827, s0|0.0.0.0:43623, s1|0.0.0.0:37641, s2|0.0.0.0:44395]|listeners:[], old=null RUNNING] size=2
  s8:  RUNNING [
   FOLLOWER s8@group-9B3688799715:t0, leader=null, voted=, raftlog=Memoized:s8@group-9B3688799715-SegmentedRaftLog:OPENED:c-1, conf=-1: peers:[]|listeners:[], old=null STARTING
     LEADER s8@group-5BB5DA552FF4:t1, leader=s8, voted=s8, raftlog=Memoized:s8@group-5BB5DA552FF4-SegmentedRaftLog:OPENED:c16, conf=15: peers:[s3|0.0.0.0:38599, s4|0.0.0.0:45297, s5|0.0.0.0:44673, s6|0.0.0.0:34623, s7|0.0.0.0:45125, s8|0.0.0.0:34827, s0|0.0.0.0:43623, s1|0.0.0.0:37641, s2|0.0.0.0:44395]|listeners:[], old=null RUNNING] size=2
  s0:  RUNNING [
   FOLLOWER s0@group-9B3688799715:t0, leader=null, voted=, raftlog=Memoized:s0@group-9B3688799715-SegmentedRaftLog:OPENED:c-1, conf=-1: peers:[]|listeners:[], old=null STARTING
   FOLLOWER s0@group-5BB5DA552FF4:t1, leader=s8, voted=null, raftlog=Memoized:s0@group-5BB5DA552FF4-SegmentedRaftLog:OPENED:c15, conf=15: peers:[s3|0.0.0.0:38599, s4|0.0.0.0:45297, s5|0.0.0.0:44673, s6|0.0.0.0:34623, s7|0.0.0.0:45125, s8|0.0.0.0:34827, s0|0.0.0.0:43623, s1|0.0.0.0:37641, s2|0.0.0.0:44395]|listeners:[], old=null RUNNING] size=2
  s1:  RUNNING [
   FOLLOWER s1@group-9B3688799715:t0, leader=null, voted=, raftlog=Memoized:s1@group-9B3688799715-SegmentedRaftLog:OPENED:c-1, conf=-1: peers:[]|listeners:[], old=null STARTING
   FOLLOWER s1@group-5BB5DA552FF4:t1, leader=s8, voted=null, raftlog=Memoized:s1@group-5BB5DA552FF4-SegmentedRaftLog:OPENED:c15, conf=15: peers:[s3|0.0.0.0:38599, s4|0.0.0.0:45297, s5|0.0.0.0:44673, s6|0.0.0.0:34623, s7|0.0.0.0:45125, s8|0.0.0.0:34827, s0|0.0.0.0:43623, s1|0.0.0.0:37641, s2|0.0.0.0:44395]|listeners:[], old=null RUNNING] size=2
  s2:  RUNNING [
   FOLLOWER s2@group-9B3688799715:t0, leader=null, voted=, raftlog=Memoized:s2@group-9B3688799715-SegmentedRaftLog:OPENED:c-1, conf=-1: peers:[]|listeners:[], old=null STARTING
   FOLLOWER s2@group-5BB5DA552FF4:t1, leader=s8, voted=null, raftlog=Memoized:s2@group-5BB5DA552FF4-SegmentedRaftLog:OPENED:c15, conf=15: peers:[s3|0.0.0.0:38599, s4|0.0.0.0:45297, s5|0.0.0.0:44673, s6|0.0.0.0:34623, s7|0.0.0.0:45125, s8|0.0.0.0:34827, s0|0.0.0.0:43623, s1|0.0.0.0:37641, s2|0.0.0.0:44395]|listeners:[], old=null RUNNING] size=2
2023-12-13 18:50:27,996 [Time-limited test] INFO  impl.GroupManagementBaseTest (GroupManagementBaseTest.java:runMultiGroupTest(338)) - update groups: printing ALL groups
  s3:  RUNNING [
   FOLLOWER s3@group-9B3688799715:t0, leader=null, voted=, raftlog=Memoized:s3@group-9B3688799715-SegmentedRaftLog:OPENED:c-1, conf=-1: peers:[]|listeners:[], old=null STARTING
   FOLLOWER s3@group-5BB5DA552FF4:t1, leader=s8, voted=null, raftlog=Memoized:s3@group-5BB5DA552FF4-SegmentedRaftLog:OPENED:c15, conf=15: peers:[s3|0.0.0.0:38599, s4|0.0.0.0:45297, s5|0.0.0.0:44673, s6|0.0.0.0:34623, s7|0.0.0.0:45125, s8|0.0.0.0:34827, s0|0.0.0.0:43623, s1|0.0.0.0:37641, s2|0.0.0.0:44395]|listeners:[], old=null RUNNING] size=2
  s4:  RUNNING [
   FOLLOWER s4@group-9B3688799715:t0, leader=null, voted=, raftlog=Memoized:s4@group-9B3688799715-SegmentedRaftLog:OPENED:c-1, conf=-1: peers:[]|listeners:[], old=null STARTING
   FOLLOWER s4@group-5BB5DA552FF4:t1, leader=s8, voted=null, raftlog=Memoized:s4@group-5BB5DA552FF4-SegmentedRaftLog:OPENED:c15, conf=15: peers:[s3|0.0.0.0:38599, s4|0.0.0.0:45297, s5|0.0.0.0:44673, s6|0.0.0.0:34623, s7|0.0.0.0:45125, s8|0.0.0.0:34827, s0|0.0.0.0:43623, s1|0.0.0.0:37641, s2|0.0.0.0:44395]|listeners:[], old=null RUNNING] size=2
  s5:  RUNNING [
   FOLLOWER s5@group-9B3688799715:t0, leader=null, voted=, raftlog=Memoized:s5@group-9B3688799715-SegmentedRaftLog:OPENED:c-1, conf=-1: peers:[]|listeners:[], old=null STARTING
   FOLLOWER s5@group-5BB5DA552FF4:t1, leader=s8, voted=null, raftlog=Memoized:s5@group-5BB5DA552FF4-SegmentedRaftLog:OPENED:c15, conf=15: peers:[s3|0.0.0.0:38599, s4|0.0.0.0:45297, s5|0.0.0.0:44673, s6|0.0.0.0:34623, s7|0.0.0.0:45125, s8|0.0.0.0:34827, s0|0.0.0.0:43623, s1|0.0.0.0:37641, s2|0.0.0.0:44395]|listeners:[], old=null RUNNING] size=2
  s6:  RUNNING [
   FOLLOWER s6@group-9B3688799715:t0, leader=null, voted=, raftlog=Memoized:s6@group-9B3688799715-SegmentedRaftLog:OPENED:c-1, conf=-1: peers:[]|listeners:[], old=null STARTING
   FOLLOWER s6@group-5BB5DA552FF4:t1, leader=s8, voted=null, raftlog=Memoized:s6@group-5BB5DA552FF4-SegmentedRaftLog:OPENED:c15, conf=15: peers:[s3|0.0.0.0:38599, s4|0.0.0.0:45297, s5|0.0.0.0:44673, s6|0.0.0.0:34623, s7|0.0.0.0:45125, s8|0.0.0.0:34827, s0|0.0.0.0:43623, s1|0.0.0.0:37641, s2|0.0.0.0:44395]|listeners:[], old=null RUNNING] size=2
  s7:  RUNNING [
   FOLLOWER s7@group-9B3688799715:t0, leader=null, voted=, raftlog=Memoized:s7@group-9B3688799715-SegmentedRaftLog:OPENED:c-1, conf=-1: peers:[]|listeners:[], old=null STARTING
   FOLLOWER s7@group-5BB5DA552FF4:t1, leader=s8, voted=null, raftlog=Memoized:s7@group-5BB5DA552FF4-SegmentedRaftLog:OPENED:c15, conf=15: peers:[s3|0.0.0.0:38599, s4|0.0.0.0:45297, s5|0.0.0.0:44673, s6|0.0.0.0:34623, s7|0.0.0.0:45125, s8|0.0.0.0:34827, s0|0.0.0.0:43623, s1|0.0.0.0:37641, s2|0.0.0.0:44395]|listeners:[], old=null RUNNING] size=2
  s8:  RUNNING [
   FOLLOWER s8@group-9B3688799715:t0, leader=null, voted=, raftlog=Memoized:s8@group-9B3688799715-SegmentedRaftLog:OPENED:c-1, conf=-1: peers:[]|listeners:[], old=null STARTING
     LEADER s8@group-5BB5DA552FF4:t1, leader=s8, voted=s8, raftlog=Memoized:s8@group-5BB5DA552FF4-SegmentedRaftLog:OPENED:c16, conf=15: peers:[s3|0.0.0.0:38599, s4|0.0.0.0:45297, s5|0.0.0.0:44673, s6|0.0.0.0:34623, s7|0.0.0.0:45125, s8|0.0.0.0:34827, s0|0.0.0.0:43623, s1|0.0.0.0:37641, s2|0.0.0.0:44395]|listeners:[], old=null RUNNING] size=2
  s0:  RUNNING [
   FOLLOWER s0@group-9B3688799715:t0, leader=null, voted=, raftlog=Memoized:s0@group-9B3688799715-SegmentedRaftLog:OPENED:c-1, conf=-1: peers:[]|listeners:[], old=null STARTING
   FOLLOWER s0@group-5BB5DA552FF4:t1, leader=s8, voted=null, raftlog=Memoized:s0@group-5BB5DA552FF4-SegmentedRaftLog:OPENED:c15, conf=15: peers:[s3|0.0.0.0:38599, s4|0.0.0.0:45297, s5|0.0.0.0:44673, s6|0.0.0.0:34623, s7|0.0.0.0:45125, s8|0.0.0.0:34827, s0|0.0.0.0:43623, s1|0.0.0.0:37641, s2|0.0.0.0:44395]|listeners:[], old=null RUNNING] size=2
  s1:  RUNNING [
   FOLLOWER s1@group-9B3688799715:t0, leader=null, voted=, raftlog=Memoized:s1@group-9B3688799715-SegmentedRaftLog:OPENED:c-1, conf=-1: peers:[]|listeners:[], old=null STARTING
   FOLLOWER s1@group-5BB5DA552FF4:t1, leader=s8, voted=null, raftlog=Memoized:s1@group-5BB5DA552FF4-SegmentedRaftLog:OPENED:c15, conf=15: peers:[s3|0.0.0.0:38599, s4|0.0.0.0:45297, s5|0.0.0.0:44673, s6|0.0.0.0:34623, s7|0.0.0.0:45125, s8|0.0.0.0:34827, s0|0.0.0.0:43623, s1|0.0.0.0:37641, s2|0.0.0.0:44395]|listeners:[], old=null RUNNING] size=2
  s2:  RUNNING [
   FOLLOWER s2@group-9B3688799715:t0, leader=null, voted=, raftlog=Memoized:s2@group-9B3688799715-SegmentedRaftLog:OPENED:c-1, conf=-1: peers:[]|listeners:[], old=null STARTING
   FOLLOWER s2@group-5BB5DA552FF4:t1, leader=s8, voted=null, raftlog=Memoized:s2@group-5BB5DA552FF4-SegmentedRaftLog:OPENED:c15, conf=15: peers:[s3|0.0.0.0:38599, s4|0.0.0.0:45297, s5|0.0.0.0:44673, s6|0.0.0.0:34623, s7|0.0.0.0:45125, s8|0.0.0.0:34827, s0|0.0.0.0:43623, s1|0.0.0.0:37641, s2|0.0.0.0:44395]|listeners:[], old=null RUNNING] size=2
| MiniRaftClusterWithGrpc[5, 8, 9]chosen=2 | update groups | 183 |
2023-12-13 18:50:27,996 [Time-limited test] INFO  impl.MiniRaftCluster (MiniRaftCluster.java:shutdown(831)) - ************************************************************** 
2023-12-13 18:50:27,996 [Time-limited test] INFO  impl.MiniRaftCluster (MiniRaftCluster.java:shutdown(832)) - *** 
2023-12-13 18:50:27,996 [Time-limited test] INFO  impl.MiniRaftCluster (MiniRaftCluster.java:shutdown(833)) - ***     Stopping MiniRaftClusterWithGrpc
2023-12-13 18:50:27,996 [Time-limited test] INFO  impl.MiniRaftCluster (MiniRaftCluster.java:shutdown(834)) - *** 
2023-12-13 18:50:27,996 [Time-limited test] INFO  impl.MiniRaftCluster (MiniRaftCluster.java:shutdown(835)) - ************************************************************** 
2023-12-13 18:50:27,996 [Time-limited test] INFO  impl.MiniRaftCluster (MiniRaftCluster.java:shutdown(836)) - printing ALL groups
  s3:  RUNNING [
   FOLLOWER s3@group-9B3688799715:t0, leader=null, voted=, raftlog=Memoized:s3@group-9B3688799715-SegmentedRaftLog:OPENED:c-1, conf=-1: peers:[]|listeners:[], old=null STARTING
   FOLLOWER s3@group-5BB5DA552FF4:t1, leader=s8, voted=null, raftlog=Memoized:s3@group-5BB5DA552FF4-SegmentedRaftLog:OPENED:c15, conf=15: peers:[s3|0.0.0.0:38599, s4|0.0.0.0:45297, s5|0.0.0.0:44673, s6|0.0.0.0:34623, s7|0.0.0.0:45125, s8|0.0.0.0:34827, s0|0.0.0.0:43623, s1|0.0.0.0:37641, s2|0.0.0.0:44395]|listeners:[], old=null RUNNING] size=2
  s4:  RUNNING [
   FOLLOWER s4@group-9B3688799715:t0, leader=null, voted=, raftlog=Memoized:s4@group-9B3688799715-SegmentedRaftLog:OPENED:c-1, conf=-1: peers:[]|listeners:[], old=null STARTING
   FOLLOWER s4@group-5BB5DA552FF4:t1, leader=s8, voted=null, raftlog=Memoized:s4@group-5BB5DA552FF4-SegmentedRaftLog:OPENED:c15, conf=15: peers:[s3|0.0.0.0:38599, s4|0.0.0.0:45297, s5|0.0.0.0:44673, s6|0.0.0.0:34623, s7|0.0.0.0:45125, s8|0.0.0.0:34827, s0|0.0.0.0:43623, s1|0.0.0.0:37641, s2|0.0.0.0:44395]|listeners:[], old=null RUNNING] size=2
  s5:  RUNNING [
   FOLLOWER s5@group-9B3688799715:t0, leader=null, voted=, raftlog=Memoized:s5@group-9B3688799715-SegmentedRaftLog:OPENED:c-1, conf=-1: peers:[]|listeners:[], old=null STARTING
   FOLLOWER s5@group-5BB5DA552FF4:t1, leader=s8, voted=null, raftlog=Memoized:s5@group-5BB5DA552FF4-SegmentedRaftLog:OPENED:c15, conf=15: peers:[s3|0.0.0.0:38599, s4|0.0.0.0:45297, s5|0.0.0.0:44673, s6|0.0.0.0:34623, s7|0.0.0.0:45125, s8|0.0.0.0:34827, s0|0.0.0.0:43623, s1|0.0.0.0:37641, s2|0.0.0.0:44395]|listeners:[], old=null RUNNING] size=2
  s6:  RUNNING [
   FOLLOWER s6@group-9B3688799715:t0, leader=null, voted=, raftlog=Memoized:s6@group-9B3688799715-SegmentedRaftLog:OPENED:c-1, conf=-1: peers:[]|listeners:[], old=null STARTING
   FOLLOWER s6@group-5BB5DA552FF4:t1, leader=s8, voted=null, raftlog=Memoized:s6@group-5BB5DA552FF4-SegmentedRaftLog:OPENED:c15, conf=15: peers:[s3|0.0.0.0:38599, s4|0.0.0.0:45297, s5|0.0.0.0:44673, s6|0.0.0.0:34623, s7|0.0.0.0:45125, s8|0.0.0.0:34827, s0|0.0.0.0:43623, s1|0.0.0.0:37641, s2|0.0.0.0:44395]|listeners:[], old=null RUNNING] size=2
  s7:  RUNNING [
   FOLLOWER s7@group-9B3688799715:t0, leader=null, voted=, raftlog=Memoized:s7@group-9B3688799715-SegmentedRaftLog:OPENED:c-1, conf=-1: peers:[]|listeners:[], old=null STARTING
   FOLLOWER s7@group-5BB5DA552FF4:t1, leader=s8, voted=null, raftlog=Memoized:s7@group-5BB5DA552FF4-SegmentedRaftLog:OPENED:c15, conf=15: peers:[s3|0.0.0.0:38599, s4|0.0.0.0:45297, s5|0.0.0.0:44673, s6|0.0.0.0:34623, s7|0.0.0.0:45125, s8|0.0.0.0:34827, s0|0.0.0.0:43623, s1|0.0.0.0:37641, s2|0.0.0.0:44395]|listeners:[], old=null RUNNING] size=2
  s8:  RUNNING [
   FOLLOWER s8@group-9B3688799715:t0, leader=null, voted=, raftlog=Memoized:s8@group-9B3688799715-SegmentedRaftLog:OPENED:c-1, conf=-1: peers:[]|listeners:[], old=null STARTING
     LEADER s8@group-5BB5DA552FF4:t1, leader=s8, voted=s8, raftlog=Memoized:s8@group-5BB5DA552FF4-SegmentedRaftLog:OPENED:c16, conf=15: peers:[s3|0.0.0.0:38599, s4|0.0.0.0:45297, s5|0.0.0.0:44673, s6|0.0.0.0:34623, s7|0.0.0.0:45125, s8|0.0.0.0:34827, s0|0.0.0.0:43623, s1|0.0.0.0:37641, s2|0.0.0.0:44395]|listeners:[], old=null RUNNING] size=2
  s0:  RUNNING [
   FOLLOWER s0@group-9B3688799715:t0, leader=null, voted=, raftlog=Memoized:s0@group-9B3688799715-SegmentedRaftLog:OPENED:c-1, conf=-1: peers:[]|listeners:[], old=null STARTING
   FOLLOWER s0@group-5BB5DA552FF4:t1, leader=s8, voted=null, raftlog=Memoized:s0@group-5BB5DA552FF4-SegmentedRaftLog:OPENED:c15, conf=15: peers:[s3|0.0.0.0:38599, s4|0.0.0.0:45297, s5|0.0.0.0:44673, s6|0.0.0.0:34623, s7|0.0.0.0:45125, s8|0.0.0.0:34827, s0|0.0.0.0:43623, s1|0.0.0.0:37641, s2|0.0.0.0:44395]|listeners:[], old=null RUNNING] size=2
  s1:  RUNNING [
   FOLLOWER s1@group-9B3688799715:t0, leader=null, voted=, raftlog=Memoized:s1@group-9B3688799715-SegmentedRaftLog:OPENED:c-1, conf=-1: peers:[]|listeners:[], old=null STARTING
   FOLLOWER s1@group-5BB5DA552FF4:t1, leader=s8, voted=null, raftlog=Memoized:s1@group-5BB5DA552FF4-SegmentedRaftLog:OPENED:c15, conf=15: peers:[s3|0.0.0.0:38599, s4|0.0.0.0:45297, s5|0.0.0.0:44673, s6|0.0.0.0:34623, s7|0.0.0.0:45125, s8|0.0.0.0:34827, s0|0.0.0.0:43623, s1|0.0.0.0:37641, s2|0.0.0.0:44395]|listeners:[], old=null RUNNING] size=2
  s2:  RUNNING [
   FOLLOWER s2@group-9B3688799715:t0, leader=null, voted=, raftlog=Memoized:s2@group-9B3688799715-SegmentedRaftLog:OPENED:c-1, conf=-1: peers:[]|listeners:[], old=null STARTING
   FOLLOWER s2@group-5BB5DA552FF4:t1, leader=s8, voted=null, raftlog=Memoized:s2@group-5BB5DA552FF4-SegmentedRaftLog:OPENED:c15, conf=15: peers:[s3|0.0.0.0:38599, s4|0.0.0.0:45297, s5|0.0.0.0:44673, s6|0.0.0.0:34623, s7|0.0.0.0:45125, s8|0.0.0.0:34827, s0|0.0.0.0:43623, s1|0.0.0.0:37641, s2|0.0.0.0:44395]|listeners:[], old=null RUNNING] size=2
2023-12-13 18:50:27,997 [s7@group-5BB5DA552FF4-StateMachineUpdater] TRACE util.FileUtils (LogUtils.java:runAndLog(49)) - Successfully ran Atomic Files.move /home/runner/work/ratis/ratis/ratis-test/target/test/data/b8de9602/MiniRaftClusterWithGrpcac948085/s7/d6b72674-aab5-4ca2-affe-5bb5da552ff4/current/raft-meta.conf.tmp to /home/runner/work/ratis/ratis/ratis-test/target/test/data/b8de9602/MiniRaftClusterWithGrpcac948085/s7/d6b72674-aab5-4ca2-affe-5bb5da552ff4/current/raft-meta.conf with options [REPLACE_EXISTING]
2023-12-13 18:50:27,997 [s7@group-5BB5DA552FF4-StateMachineUpdater] TRACE util.FileUtils (LogUtils.java:supplyAndLog(69)) - Successfully supplied FileChannel.open /home/runner/work/ratis/ratis/ratis-test/target/test/data/b8de9602/MiniRaftClusterWithGrpcac948085/s7/d6b72674-aab5-4ca2-affe-5bb5da552ff4/current/raft-meta.conf.tmp with options [CREATE, WRITE]: sun.nio.ch.FileChannelImpl@32dfb4fd
2023-12-13 18:50:27,997 [MiniRaftCluster-15] INFO  server.RaftServer (RaftServerProxy.java:lambda$close$9(416)) - s3: close
2023-12-13 18:50:27,997 [MiniRaftCluster-16] INFO  server.RaftServer (RaftServerProxy.java:lambda$close$9(416)) - s4: close
2023-12-13 18:50:27,997 [s4-impl-thread1] INFO  server.RaftServer$Division (RaftServerImpl.java:lambda$close$3(516)) - s4@group-9B3688799715: shutdown
2023-12-13 18:50:27,997 [s4-impl-thread1] INFO  util.JmxRegister (JmxRegister.java:unregister(73)) - Successfully un-registered JMX Bean with object name Ratis:service=RaftServer,group=group-9B3688799715,id=s4
2023-12-13 18:50:27,997 [s4-impl-thread1] INFO  impl.StateMachineUpdater (StateMachineUpdater.java:stopAndJoin(157)) - s4@group-9B3688799715-StateMachineUpdater: set stopIndex = -1
2023-12-13 18:50:27,998 [s4-impl-thread1] INFO  server.RaftServer$Division (ServerState.java:close(423)) - s4@group-9B3688799715: applyIndex: -1
2023-12-13 18:50:27,998 [s4@group-9B3688799715-cacheEviction-AwaitToRun] INFO  util.AwaitToRun (AwaitToRun.java:run(49)) - s4@group-9B3688799715-cacheEviction-AwaitToRun-AwaitForSignal is interrupted
2023-12-13 18:50:27,998 [MiniRaftCluster-17] INFO  server.RaftServer (RaftServerProxy.java:lambda$close$9(416)) - s5: close
2023-12-13 18:50:27,998 [s5-impl-thread1] INFO  server.RaftServer$Division (RaftServerImpl.java:lambda$close$3(516)) - s5@group-9B3688799715: shutdown
2023-12-13 18:50:27,998 [s4@group-5BB5DA552FF4-StateMachineUpdater] TRACE util.FileUtils (LogUtils.java:runAndLog(49)) - Successfully ran Atomic Files.move /home/runner/work/ratis/ratis/ratis-test/target/test/data/b8de9602/MiniRaftClusterWithGrpcac948085/s4/d6b72674-aab5-4ca2-affe-5bb5da552ff4/current/raft-meta.conf.tmp to /home/runner/work/ratis/ratis/ratis-test/target/test/data/b8de9602/MiniRaftClusterWithGrpcac948085/s4/d6b72674-aab5-4ca2-affe-5bb5da552ff4/current/raft-meta.conf with options [REPLACE_EXISTING]
2023-12-13 18:50:27,998 [s5-impl-thread1] INFO  util.JmxRegister (JmxRegister.java:unregister(73)) - Successfully un-registered JMX Bean with object name Ratis:service=RaftServer,group=group-9B3688799715,id=s5
2023-12-13 18:50:27,998 [s5-impl-thread1] INFO  impl.StateMachineUpdater (StateMachineUpdater.java:stopAndJoin(157)) - s5@group-9B3688799715-StateMachineUpdater: set stopIndex = -1
2023-12-13 18:50:27,998 [s4@group-5BB5DA552FF4-StateMachineUpdater] TRACE util.FileUtils (LogUtils.java:supplyAndLog(69)) - Successfully supplied FileChannel.open /home/runner/work/ratis/ratis/ratis-test/target/test/data/b8de9602/MiniRaftClusterWithGrpcac948085/s4/d6b72674-aab5-4ca2-affe-5bb5da552ff4/current/raft-meta.conf.tmp with options [CREATE, WRITE]: sun.nio.ch.FileChannelImpl@13edc93
2023-12-13 18:50:27,998 [s5-impl-thread1] INFO  server.RaftServer$Division (ServerState.java:close(423)) - s5@group-9B3688799715: applyIndex: -1
2023-12-13 18:50:27,998 [MiniRaftCluster-17] INFO  server.GrpcService (GrpcService.java:closeImpl(311)) - s5: shutdown server GrpcServerProtocolService now
2023-12-13 18:50:27,998 [s5@group-9B3688799715-cacheEviction-AwaitToRun] INFO  util.AwaitToRun (AwaitToRun.java:run(49)) - s5@group-9B3688799715-cacheEviction-AwaitToRun-AwaitForSignal is interrupted
2023-12-13 18:50:27,999 [s5-impl-thread2] INFO  server.RaftServer$Division (RaftServerImpl.java:lambda$close$3(516)) - s5@group-5BB5DA552FF4: shutdown
2023-12-13 18:50:27,999 [s5-impl-thread2] INFO  util.JmxRegister (JmxRegister.java:unregister(73)) - Successfully un-registered JMX Bean with object name Ratis:service=RaftServer,group=group-5BB5DA552FF4,id=s5
2023-12-13 18:50:27,999 [s5-impl-thread2] INFO  impl.RoleInfo (RoleInfo.java:shutdownFollowerState(110)) - s5: shutdown s5@group-5BB5DA552FF4-FollowerState
2023-12-13 18:50:27,999 [s7@group-5BB5DA552FF4-StateMachineUpdater] TRACE util.FileUtils (LogUtils.java:runAndLog(49)) - Successfully ran Atomic Files.move /home/runner/work/ratis/ratis/ratis-test/target/test/data/b8de9602/MiniRaftClusterWithGrpcac948085/s7/d6b72674-aab5-4ca2-affe-5bb5da552ff4/current/raft-meta.conf.tmp to /home/runner/work/ratis/ratis/ratis-test/target/test/data/b8de9602/MiniRaftClusterWithGrpcac948085/s7/d6b72674-aab5-4ca2-affe-5bb5da552ff4/current/raft-meta.conf with options [REPLACE_EXISTING]
2023-12-13 18:50:27,999 [s5-impl-thread2] INFO  impl.StateMachineUpdater (StateMachineUpdater.java:stopAndJoin(157)) - s5@group-5BB5DA552FF4-StateMachineUpdater: set stopIndex = 15
2023-12-13 18:50:27,999 [s5-impl-thread2] INFO  server.RaftServer$Division (ServerState.java:close(423)) - s5@group-5BB5DA552FF4: applyIndex: 15
2023-12-13 18:50:27,999 [grpc-default-executor-7] WARN  server.GrpcServerProtocolService (LogUtils.java:warn(121)) - s5: APPEND_ENTRIES onError, lastRequest: s8->s5#11-t1,previous=(t:1, i:15),leaderCommit=15,initializing? false,entries: size=1, first=(t:1, i:16), METADATAENTRY(c:15): org.apache.ratis.thirdparty.io.grpc.StatusRuntimeException: CANCELLED: client cancelled
2023-12-13 18:50:27,999 [s5@group-5BB5DA552FF4-cacheEviction-AwaitToRun] INFO  util.AwaitToRun (AwaitToRun.java:run(49)) - s5@group-5BB5DA552FF4-cacheEviction-AwaitToRun-AwaitForSignal is interrupted
2023-12-13 18:50:28,000 [s4@group-5BB5DA552FF4-StateMachineUpdater] TRACE util.FileUtils (LogUtils.java:runAndLog(49)) - Successfully ran Atomic Files.move /home/runner/work/ratis/ratis/ratis-test/target/test/data/b8de9602/MiniRaftClusterWithGrpcac948085/s4/d6b72674-aab5-4ca2-affe-5bb5da552ff4/current/raft-meta.conf.tmp to /home/runner/work/ratis/ratis/ratis-test/target/test/data/b8de9602/MiniRaftClusterWithGrpcac948085/s4/d6b72674-aab5-4ca2-affe-5bb5da552ff4/current/raft-meta.conf with options [REPLACE_EXISTING]
2023-12-13 18:50:28,001 [s3-impl-thread1] INFO  server.RaftServer$Division (RaftServerImpl.java:lambda$close$3(516)) - s3@group-9B3688799715: shutdown
2023-12-13 18:50:28,001 [s3-impl-thread1] INFO  util.JmxRegister (JmxRegister.java:unregister(73)) - Successfully un-registered JMX Bean with object name Ratis:service=RaftServer,group=group-9B3688799715,id=s3
2023-12-13 18:50:28,001 [s3-impl-thread1] INFO  impl.StateMachineUpdater (StateMachineUpdater.java:stopAndJoin(157)) - s3@group-9B3688799715-StateMachineUpdater: set stopIndex = -1
2023-12-13 18:50:28,001 [grpc-default-executor-7] WARN  server.GrpcLogAppender (LogUtils.java:warn(121)) - s8@group-5BB5DA552FF4->s5-AppendLogResponseHandler: Failed appendEntries: org.apache.ratis.thirdparty.io.grpc.StatusRuntimeException: CANCELLED: RST_STREAM closed stream. HTTP/2 error code: CANCEL
2023-12-13 18:50:28,001 [s5@group-5BB5DA552FF4-FollowerState] INFO  impl.FollowerState (FollowerState.java:run(152)) - s5@group-5BB5DA552FF4-FollowerState was interrupted
2023-12-13 18:50:28,002 [grpc-default-executor-7] WARN  server.GrpcLogAppender (GrpcLogAppender.java:resetClient(207)) - s8@group-5BB5DA552FF4->s5-GrpcLogAppender: Follower failed (request=null, errorCount=1); keep nextIndex (17) unchanged and retry.
2023-12-13 18:50:28,002 [grpc-default-executor-3] WARN  server.GrpcLogAppender (LogUtils.java:warn(121)) - s8@group-5BB5DA552FF4->s5-AppendLogResponseHandler: Failed appendEntries: org.apache.ratis.thirdparty.io.grpc.StatusRuntimeException: CANCELLED: RST_STREAM closed stream. HTTP/2 error code: CANCEL
2023-12-13 18:50:28,002 [grpc-default-executor-1] WARN  server.GrpcServerProtocolService (LogUtils.java:warn(121)) - s5: APPEND_ENTRIES onError, lastRequest: null: org.apache.ratis.thirdparty.io.grpc.StatusRuntimeException: CANCELLED: client cancelled
2023-12-13 18:50:28,002 [grpc-default-executor-3] WARN  server.GrpcLogAppender (GrpcLogAppender.java:resetClient(207)) - s8@group-5BB5DA552FF4->s5-GrpcLogAppender: Follower failed (request=null, errorCount=2); keep nextIndex (17) unchanged and retry.
2023-12-13 18:50:28,002 [s3-impl-thread1] INFO  server.RaftServer$Division (ServerState.java:close(423)) - s3@group-9B3688799715: applyIndex: -1
2023-12-13 18:50:28,002 [s3@group-9B3688799715-cacheEviction-AwaitToRun] INFO  util.AwaitToRun (AwaitToRun.java:run(49)) - s3@group-9B3688799715-cacheEviction-AwaitToRun-AwaitForSignal is interrupted
2023-12-13 18:50:28,004 [Thread-721] INFO  server.GrpcServerProtocolClient (GrpcServerProtocolClient.java:close(103)) - s6 Close channels
2023-12-13 18:50:28,006 [Thread-722] INFO  server.GrpcServerProtocolClient (GrpcServerProtocolClient.java:close(103)) - s7 Close channels
2023-12-13 18:50:28,007 [MiniRaftCluster-18] INFO  server.RaftServer (RaftServerProxy.java:lambda$close$9(416)) - s6: close
2023-12-13 18:50:28,007 [s6-impl-thread1] INFO  server.RaftServer$Division (RaftServerImpl.java:lambda$close$3(516)) - s6@group-9B3688799715: shutdown
2023-12-13 18:50:28,007 [s6-impl-thread1] INFO  util.JmxRegister (JmxRegister.java:unregister(73)) - Successfully un-registered JMX Bean with object name Ratis:service=RaftServer,group=group-9B3688799715,id=s6
2023-12-13 18:50:28,007 [s6-impl-thread1] INFO  impl.StateMachineUpdater (StateMachineUpdater.java:stopAndJoin(157)) - s6@group-9B3688799715-StateMachineUpdater: set stopIndex = -1
2023-12-13 18:50:28,007 [s6-impl-thread1] INFO  server.RaftServer$Division (ServerState.java:close(423)) - s6@group-9B3688799715: applyIndex: -1
2023-12-13 18:50:28,007 [s6@group-9B3688799715-cacheEviction-AwaitToRun] INFO  util.AwaitToRun (AwaitToRun.java:run(49)) - s6@group-9B3688799715-cacheEviction-AwaitToRun-AwaitForSignal is interrupted
2023-12-13 18:50:28,008 [MiniRaftCluster-19] INFO  server.RaftServer (RaftServerProxy.java:lambda$close$9(416)) - s7: close
2023-12-13 18:50:28,008 [s7-impl-thread1] INFO  server.RaftServer$Division (RaftServerImpl.java:lambda$close$3(516)) - s7@group-9B3688799715: shutdown
2023-12-13 18:50:28,008 [MiniRaftCluster-20] INFO  server.RaftServer (RaftServerProxy.java:lambda$close$9(416)) - s8: close
2023-12-13 18:50:28,008 [s7-impl-thread1] INFO  util.JmxRegister (JmxRegister.java:unregister(73)) - Successfully un-registered JMX Bean with object name Ratis:service=RaftServer,group=group-9B3688799715,id=s7
2023-12-13 18:50:28,008 [s7-impl-thread1] INFO  impl.StateMachineUpdater (StateMachineUpdater.java:stopAndJoin(157)) - s7@group-9B3688799715-StateMachineUpdater: set stopIndex = -1
2023-12-13 18:50:28,008 [s8-impl-thread1] INFO  server.RaftServer$Division (RaftServerImpl.java:lambda$close$3(516)) - s8@group-9B3688799715: shutdown
2023-12-13 18:50:28,008 [s8-impl-thread1] INFO  util.JmxRegister (JmxRegister.java:unregister(73)) - Successfully un-registered JMX Bean with object name Ratis:service=RaftServer,group=group-9B3688799715,id=s8
2023-12-13 18:50:28,008 [s7-impl-thread1] INFO  server.RaftServer$Division (ServerState.java:close(423)) - s7@group-9B3688799715: applyIndex: -1
2023-12-13 18:50:28,008 [s8-impl-thread1] INFO  impl.StateMachineUpdater (StateMachineUpdater.java:stopAndJoin(157)) - s8@group-9B3688799715-StateMachineUpdater: set stopIndex = -1
2023-12-13 18:50:28,008 [s7@group-9B3688799715-cacheEviction-AwaitToRun] INFO  util.AwaitToRun (AwaitToRun.java:run(49)) - s7@group-9B3688799715-cacheEviction-AwaitToRun-AwaitForSignal is interrupted
2023-12-13 18:50:28,008 [s8-impl-thread1] INFO  server.RaftServer$Division (ServerState.java:close(423)) - s8@group-9B3688799715: applyIndex: -1
2023-12-13 18:50:28,008 [s8@group-9B3688799715-cacheEviction-AwaitToRun] INFO  util.AwaitToRun (AwaitToRun.java:run(49)) - s8@group-9B3688799715-cacheEviction-AwaitToRun-AwaitForSignal is interrupted
2023-12-13 18:50:28,009 [MiniRaftCluster-21] INFO  server.RaftServer (RaftServerProxy.java:lambda$close$9(416)) - s0: close
2023-12-13 18:50:28,009 [s0-impl-thread1] INFO  server.RaftServer$Division (RaftServerImpl.java:lambda$close$3(516)) - s0@group-9B3688799715: shutdown
2023-12-13 18:50:28,009 [MiniRaftCluster-22] INFO  server.RaftServer (RaftServerProxy.java:lambda$close$9(416)) - s1: close
2023-12-13 18:50:28,009 [s0-impl-thread1] INFO  util.JmxRegister (JmxRegister.java:unregister(73)) - Successfully un-registered JMX Bean with object name Ratis:service=RaftServer,group=group-9B3688799715,id=s0
2023-12-13 18:50:28,009 [MiniRaftCluster-23] INFO  server.RaftServer (RaftServerProxy.java:lambda$close$9(416)) - s2: close
2023-12-13 18:50:28,010 [s0-impl-thread1] INFO  impl.StateMachineUpdater (StateMachineUpdater.java:stopAndJoin(157)) - s0@group-9B3688799715-StateMachineUpdater: set stopIndex = -1
2023-12-13 18:50:28,010 [MiniRaftCluster-16] INFO  server.GrpcService (GrpcService.java:closeImpl(311)) - s4: shutdown server GrpcServerProtocolService now
2023-12-13 18:50:28,010 [s1-impl-thread1] INFO  server.RaftServer$Division (RaftServerImpl.java:lambda$close$3(516)) - s1@group-9B3688799715: shutdown
2023-12-13 18:50:28,010 [s1-impl-thread1] INFO  util.JmxRegister (JmxRegister.java:unregister(73)) - Successfully un-registered JMX Bean with object name Ratis:service=RaftServer,group=group-9B3688799715,id=s1
2023-12-13 18:50:28,010 [s1-impl-thread1] INFO  impl.StateMachineUpdater (StateMachineUpdater.java:stopAndJoin(157)) - s1@group-9B3688799715-StateMachineUpdater: set stopIndex = -1
2023-12-13 18:50:28,010 [s4-impl-thread2] INFO  server.RaftServer$Division (RaftServerImpl.java:lambda$close$3(516)) - s4@group-5BB5DA552FF4: shutdown
2023-12-13 18:50:28,010 [s2-impl-thread1] INFO  server.RaftServer$Division (RaftServerImpl.java:lambda$close$3(516)) - s2@group-9B3688799715: shutdown
2023-12-13 18:50:28,010 [s4-impl-thread2] INFO  util.JmxRegister (JmxRegister.java:unregister(73)) - Successfully un-registered JMX Bean with object name Ratis:service=RaftServer,group=group-5BB5DA552FF4,id=s4
2023-12-13 18:50:28,010 [s2-impl-thread1] INFO  util.JmxRegister (JmxRegister.java:unregister(73)) - Successfully un-registered JMX Bean with object name Ratis:service=RaftServer,group=group-9B3688799715,id=s2
2023-12-13 18:50:28,010 [s4-impl-thread2] INFO  impl.RoleInfo (RoleInfo.java:shutdownFollowerState(110)) - s4: shutdown s4@group-5BB5DA552FF4-FollowerState
2023-12-13 18:50:28,010 [s2-impl-thread1] INFO  impl.StateMachineUpdater (StateMachineUpdater.java:stopAndJoin(157)) - s2@group-9B3688799715-StateMachineUpdater: set stopIndex = -1
2023-12-13 18:50:28,010 [s4-impl-thread2] INFO  impl.StateMachineUpdater (StateMachineUpdater.java:stopAndJoin(157)) - s4@group-5BB5DA552FF4-StateMachineUpdater: set stopIndex = 15
2023-12-13 18:50:28,010 [s4@group-5BB5DA552FF4-FollowerState] INFO  impl.FollowerState (FollowerState.java:run(152)) - s4@group-5BB5DA552FF4-FollowerState was interrupted
2023-12-13 18:50:28,010 [grpc-default-executor-1] WARN  server.GrpcServerProtocolService (LogUtils.java:warn(121)) - s4: APPEND_ENTRIES onError, lastRequest: s8->s4#12-t1,previous=(t:1, i:15),leaderCommit=15,initializing? false,entries: size=1, first=(t:1, i:16), METADATAENTRY(c:15): org.apache.ratis.thirdparty.io.grpc.StatusRuntimeException: CANCELLED: client cancelled
2023-12-13 18:50:28,010 [s2-impl-thread1] INFO  server.RaftServer$Division (ServerState.java:close(423)) - s2@group-9B3688799715: applyIndex: -1
2023-12-13 18:50:28,010 [s2@group-9B3688799715-cacheEviction-AwaitToRun] INFO  util.AwaitToRun (AwaitToRun.java:run(49)) - s2@group-9B3688799715-cacheEviction-AwaitToRun-AwaitForSignal is interrupted
2023-12-13 18:50:28,010 [s1-impl-thread1] INFO  server.RaftServer$Division (ServerState.java:close(423)) - s1@group-9B3688799715: applyIndex: -1
2023-12-13 18:50:28,010 [s1@group-9B3688799715-cacheEviction-AwaitToRun] INFO  util.AwaitToRun (AwaitToRun.java:run(49)) - s1@group-9B3688799715-cacheEviction-AwaitToRun-AwaitForSignal is interrupted
2023-12-13 18:50:28,011 [s0-impl-thread1] INFO  server.RaftServer$Division (ServerState.java:close(423)) - s0@group-9B3688799715: applyIndex: -1
2023-12-13 18:50:28,011 [s0@group-9B3688799715-cacheEviction-AwaitToRun] INFO  util.AwaitToRun (AwaitToRun.java:run(49)) - s0@group-9B3688799715-cacheEviction-AwaitToRun-AwaitForSignal is interrupted
2023-12-13 18:50:28,011 [MiniRaftCluster-23] INFO  server.GrpcService (GrpcService.java:closeImpl(311)) - s2: shutdown server GrpcServerProtocolService now
2023-12-13 18:50:28,011 [MiniRaftCluster-15] INFO  server.GrpcService (GrpcService.java:closeImpl(311)) - s3: shutdown server GrpcServerProtocolService now
2023-12-13 18:50:28,011 [s2-impl-thread2] INFO  server.RaftServer$Division (RaftServerImpl.java:lambda$close$3(516)) - s2@group-5BB5DA552FF4: shutdown
2023-12-13 18:50:28,011 [s2-impl-thread2] INFO  util.JmxRegister (JmxRegister.java:unregister(73)) - Successfully un-registered JMX Bean with object name Ratis:service=RaftServer,group=group-5BB5DA552FF4,id=s2
2023-12-13 18:50:28,011 [s2-impl-thread2] INFO  impl.RoleInfo (RoleInfo.java:shutdownFollowerState(110)) - s2: shutdown s2@group-5BB5DA552FF4-FollowerState
2023-12-13 18:50:28,011 [s3-impl-thread2] INFO  server.RaftServer$Division (RaftServerImpl.java:lambda$close$3(516)) - s3@group-5BB5DA552FF4: shutdown
2023-12-13 18:50:28,011 [s2@group-5BB5DA552FF4-FollowerState] INFO  impl.FollowerState (FollowerState.java:run(152)) - s2@group-5BB5DA552FF4-FollowerState was interrupted
2023-12-13 18:50:28,011 [s3-impl-thread2] INFO  util.JmxRegister (JmxRegister.java:unregister(73)) - Successfully un-registered JMX Bean with object name Ratis:service=RaftServer,group=group-5BB5DA552FF4,id=s3
2023-12-13 18:50:28,011 [s3-impl-thread2] INFO  impl.RoleInfo (RoleInfo.java:shutdownFollowerState(110)) - s3: shutdown s3@group-5BB5DA552FF4-FollowerState
2023-12-13 18:50:28,011 [s2-impl-thread2] INFO  impl.StateMachineUpdater (StateMachineUpdater.java:stopAndJoin(157)) - s2@group-5BB5DA552FF4-StateMachineUpdater: set stopIndex = 15
2023-12-13 18:50:28,011 [s2-impl-thread2] INFO  server.RaftServer$Division (ServerState.java:close(423)) - s2@group-5BB5DA552FF4: applyIndex: 15
2023-12-13 18:50:28,011 [s3@group-5BB5DA552FF4-FollowerState] INFO  impl.FollowerState (FollowerState.java:run(152)) - s3@group-5BB5DA552FF4-FollowerState was interrupted
2023-12-13 18:50:28,011 [s2@group-5BB5DA552FF4-cacheEviction-AwaitToRun] INFO  util.AwaitToRun (AwaitToRun.java:run(49)) - s2@group-5BB5DA552FF4-cacheEviction-AwaitToRun-AwaitForSignal is interrupted
2023-12-13 18:50:28,011 [s3-impl-thread2] INFO  impl.StateMachineUpdater (StateMachineUpdater.java:stopAndJoin(157)) - s3@group-5BB5DA552FF4-StateMachineUpdater: set stopIndex = 15
2023-12-13 18:50:28,011 [s3-impl-thread2] INFO  server.RaftServer$Division (ServerState.java:close(423)) - s3@group-5BB5DA552FF4: applyIndex: 15
2023-12-13 18:50:28,011 [MiniRaftCluster-21] INFO  server.GrpcService (GrpcService.java:closeImpl(311)) - s0: shutdown server GrpcServerProtocolService now
2023-12-13 18:50:28,014 [grpc-default-executor-5] WARN  server.GrpcLogAppender (LogUtils.java:warn(121)) - s8@group-5BB5DA552FF4->s4-AppendLogResponseHandler: Failed appendEntries: org.apache.ratis.thirdparty.io.grpc.StatusRuntimeException: CANCELLED: RST_STREAM closed stream. HTTP/2 error code: CANCEL
2023-12-13 18:50:28,014 [grpc-default-executor-5] WARN  server.GrpcLogAppender (GrpcLogAppender.java:resetClient(207)) - s8@group-5BB5DA552FF4->s4-GrpcLogAppender: Follower failed (request=null, errorCount=1); keep nextIndex (17) unchanged and retry.
2023-12-13 18:50:28,015 [grpc-default-executor-7] WARN  server.GrpcServerProtocolService (LogUtils.java:warn(121)) - s2: APPEND_ENTRIES onError, lastRequest: null: org.apache.ratis.thirdparty.io.grpc.StatusRuntimeException: CANCELLED: client cancelled
2023-12-13 18:50:28,015 [grpc-default-executor-1] WARN  server.GrpcServerProtocolService (LogUtils.java:warn(121)) - s0: APPEND_ENTRIES onError, lastRequest: null: org.apache.ratis.thirdparty.io.grpc.StatusRuntimeException: CANCELLED: client cancelled
2023-12-13 18:50:28,015 [s1-impl-thread1] INFO  segmented.SegmentedRaftLogWorker (SegmentedRaftLogWorker.java:close(245)) - s1@group-9B3688799715-SegmentedRaftLogWorker close()
2023-12-13 18:50:28,015 [grpc-default-executor-7] WARN  server.GrpcServerProtocolService (LogUtils.java:warn(121)) - s3: APPEND_ENTRIES onError, lastRequest: null: org.apache.ratis.thirdparty.io.grpc.StatusRuntimeException: CANCELLED: client cancelled
2023-12-13 18:50:28,015 [grpc-default-executor-6] WARN  server.GrpcServerProtocolService (LogUtils.java:warn(121)) - s3: APPEND_ENTRIES onError, lastRequest: s8->s3#16-t1,previous=(t:1, i:15),leaderCommit=15,initializing? false,entries: size=1, first=(t:1, i:16), METADATAENTRY(c:15): org.apache.ratis.thirdparty.io.grpc.StatusRuntimeException: CANCELLED: client cancelled
2023-12-13 18:50:28,015 [grpc-default-executor-6] WARN  server.GrpcServerProtocolService (LogUtils.java:warn(121)) - s0: APPEND_ENTRIES onError, lastRequest: s8->s0#29-t1,previous=(t:1, i:15),leaderCommit=15,initializing? false,entries: size=1, first=(t:1, i:16), METADATAENTRY(c:15): org.apache.ratis.thirdparty.io.grpc.StatusRuntimeException: CANCELLED: client cancelled
2023-12-13 18:50:28,016 [grpc-default-executor-6] WARN  server.GrpcLogAppender (LogUtils.java:warn(121)) - s8@group-5BB5DA552FF4->s3-AppendLogResponseHandler: Failed appendEntries: org.apache.ratis.thirdparty.io.grpc.StatusRuntimeException: CANCELLED: RST_STREAM closed stream. HTTP/2 error code: CANCEL
2023-12-13 18:50:28,016 [grpc-default-executor-6] WARN  server.GrpcLogAppender (GrpcLogAppender.java:resetClient(207)) - s8@group-5BB5DA552FF4->s3-GrpcLogAppender: Follower failed (request=null, errorCount=1); keep nextIndex (17) unchanged and retry.
2023-12-13 18:50:28,018 [MiniRaftCluster-15] INFO  server.GrpcService (GrpcService.java:closeImpl(320)) - s3: shutdown server GrpcServerProtocolService successfully
2023-12-13 18:50:28,019 [MiniRaftCluster-20] INFO  server.GrpcService (GrpcService.java:closeImpl(311)) - s8: shutdown server GrpcServerProtocolService now
2023-12-13 18:50:28,019 [MiniRaftCluster-19] INFO  server.GrpcService (GrpcService.java:closeImpl(311)) - s7: shutdown server GrpcServerProtocolService now
2023-12-13 18:50:28,019 [s7-impl-thread2] INFO  server.RaftServer$Division (RaftServerImpl.java:lambda$close$3(516)) - s7@group-5BB5DA552FF4: shutdown
2023-12-13 18:50:28,019 [s8-impl-thread2] INFO  server.RaftServer$Division (RaftServerImpl.java:lambda$close$3(516)) - s8@group-5BB5DA552FF4: shutdown
2023-12-13 18:50:28,019 [s7-impl-thread2] INFO  util.JmxRegister (JmxRegister.java:unregister(73)) - Successfully un-registered JMX Bean with object name Ratis:service=RaftServer,group=group-5BB5DA552FF4,id=s7
2023-12-13 18:50:28,019 [s8-impl-thread2] INFO  util.JmxRegister (JmxRegister.java:unregister(73)) - Successfully un-registered JMX Bean with object name Ratis:service=RaftServer,group=group-5BB5DA552FF4,id=s8
2023-12-13 18:50:28,019 [s7-impl-thread2] INFO  impl.RoleInfo (RoleInfo.java:shutdownFollowerState(110)) - s7: shutdown s7@group-5BB5DA552FF4-FollowerState
2023-12-13 18:50:28,019 [s7@group-5BB5DA552FF4-FollowerState] INFO  impl.FollowerState (FollowerState.java:run(152)) - s7@group-5BB5DA552FF4-FollowerState was interrupted
2023-12-13 18:50:28,019 [s8-impl-thread2] INFO  impl.RoleInfo (RoleInfo.java:shutdownLeaderState(94)) - s8: shutdown s8@group-5BB5DA552FF4-LeaderStateImpl
2023-12-13 18:50:28,020 [grpc-default-executor-1] WARN  server.GrpcServerProtocolService (LogUtils.java:warn(121)) - s7: APPEND_ENTRIES onError, lastRequest: s8->s7#10-t1,previous=(t:1, i:15),leaderCommit=15,initializing? false,entries: size=1, first=(t:1, i:16), METADATAENTRY(c:15): org.apache.ratis.thirdparty.io.grpc.StatusRuntimeException: CANCELLED: client cancelled
2023-12-13 18:50:28,020 [s7-impl-thread2] INFO  impl.StateMachineUpdater (StateMachineUpdater.java:stopAndJoin(157)) - s7@group-5BB5DA552FF4-StateMachineUpdater: set stopIndex = 15
2023-12-13 18:50:28,020 [s8@group-5BB5DA552FF4->s0-GrpcLogAppender-LogAppenderDaemon] WARN  server.GrpcLogAppender (GrpcLogAppender.java:mayWait(279)) - s8@group-5BB5DA552FF4->s0-GrpcLogAppender: Wait interrupted by java.lang.InterruptedException
2023-12-13 18:50:28,020 [s8@group-5BB5DA552FF4->s1-GrpcLogAppender-LogAppenderDaemon] WARN  server.GrpcLogAppender (GrpcLogAppender.java:mayWait(279)) - s8@group-5BB5DA552FF4->s1-GrpcLogAppender: Wait interrupted by java.lang.InterruptedException
2023-12-13 18:50:28,020 [s8@group-5BB5DA552FF4->s3-GrpcLogAppender-LogAppenderDaemon] WARN  server.GrpcLogAppender (GrpcLogAppender.java:mayWait(279)) - s8@group-5BB5DA552FF4->s3-GrpcLogAppender: Wait interrupted by java.lang.InterruptedException
2023-12-13 18:50:28,020 [s8@group-5BB5DA552FF4->s4-GrpcLogAppender-LogAppenderDaemon] WARN  server.GrpcLogAppender (GrpcLogAppender.java:mayWait(279)) - s8@group-5BB5DA552FF4->s4-GrpcLogAppender: Wait interrupted by java.lang.InterruptedException
2023-12-13 18:50:28,020 [s8@group-5BB5DA552FF4->s2-GrpcLogAppender-LogAppenderDaemon] WARN  server.GrpcLogAppender (GrpcLogAppender.java:mayWait(279)) - s8@group-5BB5DA552FF4->s2-GrpcLogAppender: Wait interrupted by java.lang.InterruptedException
2023-12-13 18:50:28,020 [s8@group-5BB5DA552FF4->s5-GrpcLogAppender-LogAppenderDaemon] WARN  server.GrpcLogAppender (GrpcLogAppender.java:mayWait(279)) - s8@group-5BB5DA552FF4->s5-GrpcLogAppender: Wait interrupted by java.lang.InterruptedException
2023-12-13 18:50:28,020 [s7-impl-thread2] INFO  server.RaftServer$Division (ServerState.java:close(423)) - s7@group-5BB5DA552FF4: applyIndex: 15
2023-12-13 18:50:28,020 [s8@group-5BB5DA552FF4->s6-GrpcLogAppender-LogAppenderDaemon] WARN  server.GrpcLogAppender (GrpcLogAppender.java:mayWait(279)) - s8@group-5BB5DA552FF4->s6-GrpcLogAppender: Wait interrupted by java.lang.InterruptedException
2023-12-13 18:50:28,020 [s7@group-5BB5DA552FF4-cacheEviction-AwaitToRun] INFO  util.AwaitToRun (AwaitToRun.java:run(49)) - s7@group-5BB5DA552FF4-cacheEviction-AwaitToRun-AwaitForSignal is interrupted
2023-12-13 18:50:28,020 [s8-impl-thread2] INFO  impl.PendingRequests (PendingRequests.java:sendNotLeaderResponses(289)) - s8@group-5BB5DA552FF4-PendingRequests: sendNotLeaderResponses
2023-12-13 18:50:28,020 [MiniRaftCluster-18] INFO  server.GrpcService (GrpcService.java:closeImpl(311)) - s6: shutdown server GrpcServerProtocolService now
2023-12-13 18:50:28,020 [s8@group-5BB5DA552FF4->s7-GrpcLogAppender-LogAppenderDaemon] WARN  server.GrpcLogAppender (GrpcLogAppender.java:mayWait(279)) - s8@group-5BB5DA552FF4->s7-GrpcLogAppender: Wait interrupted by java.lang.InterruptedException
2023-12-13 18:50:28,020 [s6-impl-thread2] INFO  server.RaftServer$Division (RaftServerImpl.java:lambda$close$3(516)) - s6@group-5BB5DA552FF4: shutdown
2023-12-13 18:50:28,020 [s6-impl-thread2] INFO  util.JmxRegister (JmxRegister.java:unregister(73)) - Successfully un-registered JMX Bean with object name Ratis:service=RaftServer,group=group-5BB5DA552FF4,id=s6
2023-12-13 18:50:28,020 [s6-impl-thread2] INFO  impl.RoleInfo (RoleInfo.java:shutdownFollowerState(110)) - s6: shutdown s6@group-5BB5DA552FF4-FollowerState
2023-12-13 18:50:28,020 [s6-impl-thread2] INFO  impl.StateMachineUpdater (StateMachineUpdater.java:stopAndJoin(157)) - s6@group-5BB5DA552FF4-StateMachineUpdater: set stopIndex = 15
2023-12-13 18:50:28,020 [s6@group-5BB5DA552FF4-FollowerState] INFO  impl.FollowerState (FollowerState.java:run(152)) - s6@group-5BB5DA552FF4-FollowerState was interrupted
2023-12-13 18:50:28,020 [s6-impl-thread2] INFO  server.RaftServer$Division (ServerState.java:close(423)) - s6@group-5BB5DA552FF4: applyIndex: 15
2023-12-13 18:50:28,021 [s6@group-5BB5DA552FF4-cacheEviction-AwaitToRun] INFO  util.AwaitToRun (AwaitToRun.java:run(49)) - s6@group-5BB5DA552FF4-cacheEviction-AwaitToRun-AwaitForSignal is interrupted
2023-12-13 18:50:28,021 [s2-impl-thread1] INFO  segmented.SegmentedRaftLogWorker (SegmentedRaftLogWorker.java:close(245)) - s2@group-9B3688799715-SegmentedRaftLogWorker close()
2023-12-13 18:50:28,023 [Thread-754] INFO  server.GrpcServerProtocolClient (GrpcServerProtocolClient.java:close(103)) - s3 Close channels
2023-12-13 18:50:28,023 [Thread-738] INFO  server.GrpcServerProtocolClient (GrpcServerProtocolClient.java:close(103)) - s3 Close channels
2023-12-13 18:50:28,023 [s4-impl-thread2] INFO  server.RaftServer$Division (ServerState.java:close(423)) - s4@group-5BB5DA552FF4: applyIndex: 15
2023-12-13 18:50:28,023 [s3@group-5BB5DA552FF4-cacheEviction-AwaitToRun] INFO  util.AwaitToRun (AwaitToRun.java:run(49)) - s3@group-5BB5DA552FF4-cacheEviction-AwaitToRun-AwaitForSignal is interrupted
2023-12-13 18:50:28,023 [grpc-default-executor-5] WARN  server.GrpcServerProtocolService (LogUtils.java:warn(121)) - s4: APPEND_ENTRIES onError, lastRequest: null: org.apache.ratis.thirdparty.io.grpc.StatusRuntimeException: CANCELLED: client cancelled
2023-12-13 18:50:28,024 [grpc-default-executor-1] WARN  server.GrpcServerProtocolService (LogUtils.java:warn(121)) - s2: APPEND_ENTRIES onError, lastRequest: s8->s2#16-t1,previous=(t:1, i:15),leaderCommit=15,initializing? false,entries: size=1, first=(t:1, i:16), METADATAENTRY(c:15): org.apache.ratis.thirdparty.io.grpc.StatusRuntimeException: CANCELLED: client cancelled
2023-12-13 18:50:28,024 [grpc-default-executor-1] WARN  server.GrpcServerProtocolService (LogUtils.java:warn(121)) - s7: APPEND_ENTRIES onError, lastRequest: null: org.apache.ratis.thirdparty.io.grpc.StatusRuntimeException: CANCELLED: client cancelled
2023-12-13 18:50:28,025 [grpc-default-executor-5] INFO  server.GrpcLogAppender (GrpcLogAppender.java:onError(523)) - s8@group-5BB5DA552FF4->s3-GrpcLogAppender is already stopped
2023-12-13 18:50:28,025 [grpc-default-executor-1] INFO  server.GrpcServerProtocolService (GrpcServerProtocolService.java:onCompleted(157)) - s1: Completed APPEND_ENTRIES, lastRequest: null
2023-12-13 18:50:28,025 [grpc-default-executor-6] WARN  server.GrpcServerProtocolService (LogUtils.java:warn(121)) - s6: APPEND_ENTRIES onError, lastRequest: s8->s6#9-t1,previous=(t:1, i:15),leaderCommit=15,initializing? false,entries: size=1, first=(t:1, i:16), METADATAENTRY(c:15): org.apache.ratis.thirdparty.io.grpc.StatusRuntimeException: CANCELLED: client cancelled
2023-12-13 18:50:28,026 [s8-impl-thread2] INFO  impl.StateMachineUpdater (StateMachineUpdater.java:stopAndJoin(157)) - s8@group-5BB5DA552FF4-StateMachineUpdater: set stopIndex = 16
2023-12-13 18:50:28,026 [s8-impl-thread2] INFO  server.RaftServer$Division (ServerState.java:close(423)) - s8@group-5BB5DA552FF4: applyIndex: 16
2023-12-13 18:50:28,026 [s8@group-5BB5DA552FF4-cacheEviction-AwaitToRun] INFO  util.AwaitToRun (AwaitToRun.java:run(49)) - s8@group-5BB5DA552FF4-cacheEviction-AwaitToRun-AwaitForSignal is interrupted
2023-12-13 18:50:28,026 [MiniRaftCluster-17] INFO  server.GrpcService (GrpcService.java:closeImpl(320)) - s5: shutdown server GrpcServerProtocolService successfully
2023-12-13 18:50:28,026 [grpc-default-executor-8] WARN  server.GrpcServerProtocolService (LogUtils.java:warn(121)) - s6: APPEND_ENTRIES onError, lastRequest: null: org.apache.ratis.thirdparty.io.grpc.StatusRuntimeException: CANCELLED: client cancelled
2023-12-13 18:50:28,028 [s4@group-5BB5DA552FF4-cacheEviction-AwaitToRun] INFO  util.AwaitToRun (AwaitToRun.java:run(49)) - s4@group-5BB5DA552FF4-cacheEviction-AwaitToRun-AwaitForSignal is interrupted
2023-12-13 18:50:28,028 [s0-impl-thread2] INFO  server.RaftServer$Division (RaftServerImpl.java:lambda$close$3(516)) - s0@group-5BB5DA552FF4: shutdown
2023-12-13 18:50:28,028 [s0-impl-thread2] INFO  util.JmxRegister (JmxRegister.java:unregister(73)) - Successfully un-registered JMX Bean with object name Ratis:service=RaftServer,group=group-5BB5DA552FF4,id=s0
2023-12-13 18:50:28,028 [s0-impl-thread2] INFO  impl.RoleInfo (RoleInfo.java:shutdownFollowerState(110)) - s0: shutdown s0@group-5BB5DA552FF4-FollowerState
2023-12-13 18:50:28,028 [s0-impl-thread2] INFO  impl.StateMachineUpdater (StateMachineUpdater.java:stopAndJoin(157)) - s0@group-5BB5DA552FF4-StateMachineUpdater: set stopIndex = 15
2023-12-13 18:50:28,028 [s0@group-5BB5DA552FF4-FollowerState] INFO  impl.FollowerState (FollowerState.java:run(152)) - s0@group-5BB5DA552FF4-FollowerState was interrupted
2023-12-13 18:50:28,029 [MiniRaftCluster-22] INFO  server.GrpcService (GrpcService.java:closeImpl(311)) - s1: shutdown server GrpcServerProtocolService now
2023-12-13 18:50:28,029 [s0-impl-thread2] INFO  server.RaftServer$Division (ServerState.java:close(423)) - s0@group-5BB5DA552FF4: applyIndex: 15
2023-12-13 18:50:28,029 [s0@group-5BB5DA552FF4-cacheEviction-AwaitToRun] INFO  util.AwaitToRun (AwaitToRun.java:run(49)) - s0@group-5BB5DA552FF4-cacheEviction-AwaitToRun-AwaitForSignal is interrupted
2023-12-13 18:50:28,029 [s1-impl-thread2] INFO  server.RaftServer$Division (RaftServerImpl.java:lambda$close$3(516)) - s1@group-5BB5DA552FF4: shutdown
2023-12-13 18:50:28,029 [s1-impl-thread2] INFO  util.JmxRegister (JmxRegister.java:unregister(73)) - Successfully un-registered JMX Bean with object name Ratis:service=RaftServer,group=group-5BB5DA552FF4,id=s1
2023-12-13 18:50:28,029 [s1-impl-thread2] INFO  impl.RoleInfo (RoleInfo.java:shutdownFollowerState(110)) - s1: shutdown s1@group-5BB5DA552FF4-FollowerState
2023-12-13 18:50:28,029 [s1@group-5BB5DA552FF4-FollowerState] INFO  impl.FollowerState (FollowerState.java:run(152)) - s1@group-5BB5DA552FF4-FollowerState was interrupted
2023-12-13 18:50:28,029 [s1-impl-thread2] INFO  impl.StateMachineUpdater (StateMachineUpdater.java:stopAndJoin(157)) - s1@group-5BB5DA552FF4-StateMachineUpdater: set stopIndex = 15
2023-12-13 18:50:28,029 [s1-impl-thread2] INFO  server.RaftServer$Division (ServerState.java:close(423)) - s1@group-5BB5DA552FF4: applyIndex: 15
2023-12-13 18:50:28,029 [s1@group-5BB5DA552FF4-cacheEviction-AwaitToRun] INFO  util.AwaitToRun (AwaitToRun.java:run(49)) - s1@group-5BB5DA552FF4-cacheEviction-AwaitToRun-AwaitForSignal is interrupted
2023-12-13 18:50:28,030 [Thread-765] INFO  server.GrpcServerProtocolClient (GrpcServerProtocolClient.java:close(103)) - s4 Close channels
2023-12-13 18:50:28,031 [grpc-default-executor-1] INFO  server.GrpcServerProtocolService (GrpcServerProtocolService.java:lambda$onCompleted$5(159)) - s1: Completed APPEND_ENTRIES, lastReply: serverReply {
  requestorId: "s8"
  replyId: "s1"
  raftGroupId {
    id: "\326\267&t\252\265L\242\257\376[\265\332U/\364"
  }
  success: true
}
followerCommit: 18446744073709551615
matchIndex: 18446744073709551615
isHearbeat: true

2023-12-13 18:50:28,034 [Thread-775] INFO  server.GrpcServerProtocolClient (GrpcServerProtocolClient.java:close(103)) - s2 Close channels
2023-12-13 18:50:28,034 [Thread-774] INFO  server.GrpcServerProtocolClient (GrpcServerProtocolClient.java:close(103)) - s1 Close channels
2023-12-13 18:50:28,041 [grpc-default-executor-3] INFO  server.GrpcLogAppender (GrpcLogAppender.java:onError(523)) - s8@group-5BB5DA552FF4->s7-GrpcLogAppender is already stopped
2023-12-13 18:50:28,041 [grpc-default-executor-5] INFO  server.GrpcLogAppender (GrpcLogAppender.java:onError(523)) - s8@group-5BB5DA552FF4->s0-GrpcLogAppender is already stopped
2023-12-13 18:50:28,041 [grpc-default-executor-7] INFO  server.GrpcLogAppender (GrpcLogAppender.java:onError(523)) - s8@group-5BB5DA552FF4->s2-GrpcLogAppender is already stopped
2023-12-13 18:50:28,041 [grpc-default-executor-12] INFO  server.GrpcServerProtocolService (GrpcServerProtocolService.java:onCompleted(157)) - s1: Completed APPEND_ENTRIES, lastRequest: s8->s1#28-t1,previous=(t:1, i:15),leaderCommit=15,initializing? false,entries: size=1, first=(t:1, i:16), METADATAENTRY(c:15)
2023-12-13 18:50:28,041 [grpc-default-executor-12] INFO  server.GrpcServerProtocolService (GrpcServerProtocolService.java:lambda$onCompleted$5(159)) - s1: Completed APPEND_ENTRIES, lastReply: null
2023-12-13 18:50:28,041 [grpc-default-executor-9] INFO  server.GrpcLogAppender (GrpcLogAppender.java:onError(523)) - s0@group-1D8CF138D879->s4-GrpcLogAppender is already stopped
2023-12-13 18:50:28,041 [grpc-default-executor-8] INFO  server.GrpcLogAppender (GrpcLogAppender.java:onError(523)) - s0@group-1D8CF138D879->s3-GrpcLogAppender is already stopped
2023-12-13 18:50:28,041 [grpc-default-executor-0] INFO  server.GrpcLogAppender (GrpcLogAppender.java:onError(523)) - s8@group-5BB5DA552FF4->s2-GrpcLogAppender is already stopped
2023-12-13 18:50:28,041 [grpc-default-executor-2] INFO  server.GrpcLogAppender (GrpcLogAppender.java:onError(523)) - s8@group-5BB5DA552FF4->s0-GrpcLogAppender is already stopped
2023-12-13 18:50:28,041 [grpc-default-executor-4] INFO  server.GrpcLogAppender (GrpcLogAppender.java:onError(523)) - s8@group-5BB5DA552FF4->s7-GrpcLogAppender is already stopped
2023-12-13 18:50:28,041 [grpc-default-executor-6] INFO  server.GrpcLogAppender (GrpcLogAppender.java:onError(523)) - s8@group-5BB5DA552FF4->s6-GrpcLogAppender is already stopped
2023-12-13 18:50:28,041 [grpc-default-executor-10] INFO  server.GrpcLogAppender (GrpcLogAppender.java:onError(523)) - s8@group-5BB5DA552FF4->s4-GrpcLogAppender is already stopped
2023-12-13 18:50:28,041 [grpc-default-executor-12] INFO  server.GrpcLogAppender (GrpcLogAppender.java:onError(523)) - s8@group-5BB5DA552FF4->s1-GrpcLogAppender is already stopped
2023-12-13 18:50:28,043 [grpc-default-executor-11] INFO  server.GrpcLogAppender (GrpcLogAppender.java:onError(523)) - s8@group-5BB5DA552FF4->s6-GrpcLogAppender is already stopped
2023-12-13 18:50:28,043 [Thread-763] INFO  server.GrpcServerProtocolClient (GrpcServerProtocolClient.java:close(103)) - s4 Close channels
2023-12-13 18:50:28,043 [Thread-785] INFO  server.GrpcServerProtocolClient (GrpcServerProtocolClient.java:close(103)) - s5 Close channels
2023-12-13 18:50:28,043 [Thread-786] INFO  server.GrpcServerProtocolClient (GrpcServerProtocolClient.java:close(103)) - s6 Close channels
2023-12-13 18:50:28,043 [Thread-787] INFO  server.GrpcServerProtocolClient (GrpcServerProtocolClient.java:close(103)) - s7 Close channels
2023-12-13 18:50:28,044 [grpc-default-executor-11] INFO  server.GrpcLogAppender (GrpcLogAppender.java:onError(523)) - s8@group-5BB5DA552FF4->s1-GrpcLogAppender is already stopped
2023-12-13 18:50:28,044 [MiniRaftCluster-21] INFO  server.GrpcService (GrpcService.java:closeImpl(320)) - s0: shutdown server GrpcServerProtocolService successfully
2023-12-13 18:50:28,044 [MiniRaftCluster-16] INFO  server.GrpcService (GrpcService.java:closeImpl(320)) - s4: shutdown server GrpcServerProtocolService successfully
2023-12-13 18:50:28,045 [MiniRaftCluster-18] INFO  server.GrpcService (GrpcService.java:closeImpl(320)) - s6: shutdown server GrpcServerProtocolService successfully
2023-12-13 18:50:28,046 [MiniRaftCluster-19] INFO  server.GrpcService (GrpcService.java:closeImpl(320)) - s7: shutdown server GrpcServerProtocolService successfully
2023-12-13 18:50:28,046 [Thread-791] INFO  server.GrpcServerProtocolClient (GrpcServerProtocolClient.java:close(103)) - s0 Close channels
2023-12-13 18:50:28,047 [MiniRaftCluster-22] INFO  server.GrpcService (GrpcService.java:closeImpl(320)) - s1: shutdown server GrpcServerProtocolService successfully
2023-12-13 18:50:28,047 [Thread-796] INFO  server.GrpcServerProtocolClient (GrpcServerProtocolClient.java:close(103)) - s1 Close channels
2023-12-13 18:50:28,047 [Thread-804] INFO  server.GrpcServerProtocolClient (GrpcServerProtocolClient.java:close(103)) - s2 Close channels
2023-12-13 18:50:28,047 [MiniRaftCluster-20] INFO  server.GrpcService (GrpcService.java:closeImpl(320)) - s8: shutdown server GrpcServerProtocolService successfully
2023-12-13 18:50:28,050 [MiniRaftCluster-23] INFO  server.GrpcService (GrpcService.java:closeImpl(320)) - s2: shutdown server GrpcServerProtocolService successfully
2023-12-13 18:50:28,969 [s3-impl-thread1] INFO  segmented.SegmentedRaftLogWorker (SegmentedRaftLogWorker.java:close(245)) - s3@group-9B3688799715-SegmentedRaftLogWorker close()
2023-12-13 18:50:28,971 [s8-impl-thread2] INFO  segmented.SegmentedRaftLogWorker (SegmentedRaftLogWorker.java:close(245)) - s8@group-5BB5DA552FF4-SegmentedRaftLogWorker close()
2023-12-13 18:50:28,974 [s2-impl-thread2] INFO  segmented.SegmentedRaftLogWorker (SegmentedRaftLogWorker.java:close(245)) - s2@group-5BB5DA552FF4-SegmentedRaftLogWorker close()
2023-12-13 18:50:28,976 [JvmPauseMonitor29] INFO  util.JvmPauseMonitor (JvmPauseMonitor.java:run(152)) - JvmPauseMonitor-s2: Stopped
2023-12-13 18:50:28,976 [s3-impl-thread2] INFO  segmented.SegmentedRaftLogWorker (SegmentedRaftLogWorker.java:close(245)) - s3@group-5BB5DA552FF4-SegmentedRaftLogWorker close()
2023-12-13 18:50:28,976 [JvmPauseMonitor21] INFO  util.JvmPauseMonitor (JvmPauseMonitor.java:run(152)) - JvmPauseMonitor-s3: Stopped
2023-12-13 18:50:28,977 [s5-impl-thread2] INFO  segmented.SegmentedRaftLogWorker (SegmentedRaftLogWorker.java:close(245)) - s5@group-5BB5DA552FF4-SegmentedRaftLogWorker close()
2023-12-13 18:50:28,977 [s4-impl-thread1] INFO  segmented.SegmentedRaftLogWorker (SegmentedRaftLogWorker.java:close(245)) - s4@group-9B3688799715-SegmentedRaftLogWorker close()
2023-12-13 18:50:28,978 [s0-impl-thread2] INFO  segmented.SegmentedRaftLogWorker (SegmentedRaftLogWorker.java:close(245)) - s0@group-5BB5DA552FF4-SegmentedRaftLogWorker close()
2023-12-13 18:50:28,978 [s1-impl-thread2] INFO  segmented.SegmentedRaftLogWorker (SegmentedRaftLogWorker.java:close(245)) - s1@group-5BB5DA552FF4-SegmentedRaftLogWorker close()
2023-12-13 18:50:28,979 [JvmPauseMonitor28] INFO  util.JvmPauseMonitor (JvmPauseMonitor.java:run(152)) - JvmPauseMonitor-s1: Stopped
2023-12-13 18:50:28,983 [s6-impl-thread2] INFO  segmented.SegmentedRaftLogWorker (SegmentedRaftLogWorker.java:close(245)) - s6@group-5BB5DA552FF4-SegmentedRaftLogWorker close()
2023-12-13 18:50:28,983 [s5-impl-thread1] INFO  segmented.SegmentedRaftLogWorker (SegmentedRaftLogWorker.java:close(245)) - s5@group-9B3688799715-SegmentedRaftLogWorker close()
2023-12-13 18:50:28,984 [JvmPauseMonitor23] INFO  util.JvmPauseMonitor (JvmPauseMonitor.java:run(152)) - JvmPauseMonitor-s5: Stopped
2023-12-13 18:50:28,989 [s6-impl-thread1] INFO  segmented.SegmentedRaftLogWorker (SegmentedRaftLogWorker.java:close(245)) - s6@group-9B3688799715-SegmentedRaftLogWorker close()
2023-12-13 18:50:28,989 [JvmPauseMonitor24] INFO  util.JvmPauseMonitor (JvmPauseMonitor.java:run(152)) - JvmPauseMonitor-s6: Stopped
2023-12-13 18:50:28,992 [s4-impl-thread2] INFO  segmented.SegmentedRaftLogWorker (SegmentedRaftLogWorker.java:close(245)) - s4@group-5BB5DA552FF4-SegmentedRaftLogWorker close()
2023-12-13 18:50:28,993 [JvmPauseMonitor22] INFO  util.JvmPauseMonitor (JvmPauseMonitor.java:run(152)) - JvmPauseMonitor-s4: Stopped
2023-12-13 18:50:28,995 [s7-impl-thread2] INFO  segmented.SegmentedRaftLogWorker (SegmentedRaftLogWorker.java:close(245)) - s7@group-5BB5DA552FF4-SegmentedRaftLogWorker close()
2023-12-13 18:50:28,995 [s7-impl-thread1] INFO  segmented.SegmentedRaftLogWorker (SegmentedRaftLogWorker.java:close(245)) - s7@group-9B3688799715-SegmentedRaftLogWorker close()
2023-12-13 18:50:28,996 [JvmPauseMonitor25] INFO  util.JvmPauseMonitor (JvmPauseMonitor.java:run(152)) - JvmPauseMonitor-s7: Stopped
2023-12-13 18:50:29,002 [s8-impl-thread1] INFO  segmented.SegmentedRaftLogWorker (SegmentedRaftLogWorker.java:close(245)) - s8@group-9B3688799715-SegmentedRaftLogWorker close()
2023-12-13 18:50:29,002 [JvmPauseMonitor26] INFO  util.JvmPauseMonitor (JvmPauseMonitor.java:run(152)) - JvmPauseMonitor-s8: Stopped
2023-12-13 18:50:29,009 [s0-impl-thread1] INFO  segmented.SegmentedRaftLogWorker (SegmentedRaftLogWorker.java:close(245)) - s0@group-9B3688799715-SegmentedRaftLogWorker close()
2023-12-13 18:50:29,009 [JvmPauseMonitor27] INFO  util.JvmPauseMonitor (JvmPauseMonitor.java:run(152)) - JvmPauseMonitor-s0: Stopped
]]></system-out>
  </testcase>
  <testcase name="testMultiGroup9Nodes" classname="org.apache.ratis.grpc.TestGroupManagementWithGrpc" time="17.076">
    <failure message="Unexpected exit." type="java.lang.AssertionError"><![CDATA[java.lang.AssertionError: Unexpected exit.
	at org.apache.ratis.util.ExitUtils.assertNotTerminated(ExitUtils.java:109)
	at org.apache.ratis.BaseTest.assertNoFailures(BaseTest.java:90)
	at java.base/jdk.internal.reflect.NativeMethodAccessorImpl.invoke0(Native Method)
	at java.base/jdk.internal.reflect.NativeMethodAccessorImpl.invoke(NativeMethodAccessorImpl.java:62)
	at java.base/jdk.internal.reflect.DelegatingMethodAccessorImpl.invoke(DelegatingMethodAccessorImpl.java:43)
	at java.base/java.lang.reflect.Method.invoke(Method.java:566)
	at org.junit.runners.model.FrameworkMethod$1.runReflectiveCall(FrameworkMethod.java:59)
	at org.junit.internal.runners.model.ReflectiveCallable.run(ReflectiveCallable.java:12)
	at org.junit.runners.model.FrameworkMethod.invokeExplosively(FrameworkMethod.java:56)
	at org.junit.internal.runners.statements.RunAfters.invokeMethod(RunAfters.java:46)
	at org.junit.internal.runners.statements.RunAfters.evaluate(RunAfters.java:33)
	at org.junit.internal.runners.statements.FailOnTimeout$CallableStatement.call(FailOnTimeout.java:299)
	at org.junit.internal.runners.statements.FailOnTimeout$CallableStatement.call(FailOnTimeout.java:293)
	at java.base/java.util.concurrent.FutureTask.run(FutureTask.java:264)
	at java.base/java.lang.Thread.run(Thread.java:829)
Caused by: org.apache.ratis.util.ExitUtils$ExitException: Failed to start Grpc server
	at org.apache.ratis.util.ExitUtils.terminate(ExitUtils.java:141)
	at org.apache.ratis.util.ExitUtils.terminate(ExitUtils.java:151)
	at org.apache.ratis.grpc.server.GrpcService.startImpl(GrpcService.java:300)
	at org.apache.ratis.util.LifeCycle.startAndTransition(LifeCycle.java:270)
	at org.apache.ratis.server.RaftServerRpcWithProxy.start(RaftServerRpcWithProxy.java:72)
	at org.apache.ratis.server.impl.RaftServerProxy.startImpl(RaftServerProxy.java:407)
	at org.apache.ratis.util.LifeCycle.startAndTransition(LifeCycle.java:270)
	at org.apache.ratis.server.impl.RaftServerProxy.start(RaftServerProxy.java:400)
	at org.apache.ratis.server.impl.MiniRaftCluster.startServers(MiniRaftCluster.java:499)
	at org.apache.ratis.server.impl.MiniRaftCluster.start(MiniRaftCluster.java:346)
	at org.apache.ratis.server.impl.GroupManagementBaseTest.runMultiGroupTest(GroupManagementBaseTest.java:263)
	at org.apache.ratis.server.impl.GroupManagementBaseTest.runMultiGroupTest(GroupManagementBaseTest.java:237)
	at org.apache.ratis.server.impl.GroupManagementBaseTest.testMultiGroup5Nodes(GroupManagementBaseTest.java:220)
	at java.base/jdk.internal.reflect.NativeMethodAccessorImpl.invoke0(Native Method)
	at java.base/jdk.internal.reflect.NativeMethodAccessorImpl.invoke(NativeMethodAccessorImpl.java:62)
	at java.base/jdk.internal.reflect.DelegatingMethodAccessorImpl.invoke(DelegatingMethodAccessorImpl.java:43)
	at java.base/java.lang.reflect.Method.invoke(Method.java:566)
	at org.junit.runners.model.FrameworkMethod$1.runReflectiveCall(FrameworkMethod.java:59)
	at org.junit.internal.runners.model.ReflectiveCallable.run(ReflectiveCallable.java:12)
	at org.junit.runners.model.FrameworkMethod.invokeExplosively(FrameworkMethod.java:56)
	at org.junit.internal.runners.statements.InvokeMethod.evaluate(InvokeMethod.java:17)
	at org.junit.internal.runners.statements.RunAfters.evaluate(RunAfters.java:27)
	... 4 more
Caused by: java.io.IOException: Failed to bind to address 0.0.0.0/0.0.0.0:45379
	at org.apache.ratis.thirdparty.io.grpc.netty.NettyServer.start(NettyServer.java:326)
	at org.apache.ratis.thirdparty.io.grpc.internal.ServerImpl.start(ServerImpl.java:185)
	at org.apache.ratis.thirdparty.io.grpc.internal.ServerImpl.start(ServerImpl.java:94)
	at org.apache.ratis.grpc.server.GrpcService.startImpl(GrpcService.java:298)
	... 23 more
Caused by: org.apache.ratis.thirdparty.io.netty.channel.unix.Errors$NativeIoException: bind(..) failed: Address already in use
]]></failure>
  </testcase>
  <testcase name="testGroupAlreadyExists" classname="org.apache.ratis.grpc.TestGroupManagementWithGrpc" time="1.01">
    <failure message="Unexpected exit." type="java.lang.AssertionError"><![CDATA[java.lang.AssertionError: Unexpected exit.
	at org.apache.ratis.util.ExitUtils.assertNotTerminated(ExitUtils.java:109)
	at org.apache.ratis.server.impl.MiniRaftCluster.shutdown(MiniRaftCluster.java:854)
	at org.apache.ratis.server.impl.GroupManagementBaseTest.testGroupAlreadyExists(GroupManagementBaseTest.java:368)
	at java.base/jdk.internal.reflect.NativeMethodAccessorImpl.invoke0(Native Method)
	at java.base/jdk.internal.reflect.NativeMethodAccessorImpl.invoke(NativeMethodAccessorImpl.java:62)
	at java.base/jdk.internal.reflect.DelegatingMethodAccessorImpl.invoke(DelegatingMethodAccessorImpl.java:43)
	at java.base/java.lang.reflect.Method.invoke(Method.java:566)
	at org.junit.runners.model.FrameworkMethod$1.runReflectiveCall(FrameworkMethod.java:59)
	at org.junit.internal.runners.model.ReflectiveCallable.run(ReflectiveCallable.java:12)
	at org.junit.runners.model.FrameworkMethod.invokeExplosively(FrameworkMethod.java:56)
	at org.junit.internal.runners.statements.InvokeMethod.evaluate(InvokeMethod.java:17)
	at org.junit.internal.runners.statements.RunAfters.evaluate(RunAfters.java:27)
	at org.junit.internal.runners.statements.FailOnTimeout$CallableStatement.call(FailOnTimeout.java:299)
	at org.junit.internal.runners.statements.FailOnTimeout$CallableStatement.call(FailOnTimeout.java:293)
	at java.base/java.util.concurrent.FutureTask.run(FutureTask.java:264)
	at java.base/java.lang.Thread.run(Thread.java:829)
Caused by: org.apache.ratis.util.ExitUtils$ExitException: Failed to start Grpc server
	at org.apache.ratis.util.ExitUtils.terminate(ExitUtils.java:141)
	at org.apache.ratis.util.ExitUtils.terminate(ExitUtils.java:151)
	at org.apache.ratis.grpc.server.GrpcService.startImpl(GrpcService.java:300)
	at org.apache.ratis.util.LifeCycle.startAndTransition(LifeCycle.java:270)
	at org.apache.ratis.server.RaftServerRpcWithProxy.start(RaftServerRpcWithProxy.java:72)
	at org.apache.ratis.server.impl.RaftServerProxy.startImpl(RaftServerProxy.java:407)
	at org.apache.ratis.util.LifeCycle.startAndTransition(LifeCycle.java:270)
	at org.apache.ratis.server.impl.RaftServerProxy.start(RaftServerProxy.java:400)
	at org.apache.ratis.server.impl.MiniRaftCluster.startServers(MiniRaftCluster.java:499)
	at org.apache.ratis.server.impl.MiniRaftCluster.start(MiniRaftCluster.java:346)
	at org.apache.ratis.server.impl.GroupManagementBaseTest.runMultiGroupTest(GroupManagementBaseTest.java:263)
	at org.apache.ratis.server.impl.GroupManagementBaseTest.runMultiGroupTest(GroupManagementBaseTest.java:237)
	at org.apache.ratis.server.impl.GroupManagementBaseTest.testMultiGroup5Nodes(GroupManagementBaseTest.java:220)
	... 13 more
Caused by: java.io.IOException: Failed to bind to address 0.0.0.0/0.0.0.0:45379
	at org.apache.ratis.thirdparty.io.grpc.netty.NettyServer.start(NettyServer.java:326)
	at org.apache.ratis.thirdparty.io.grpc.internal.ServerImpl.start(ServerImpl.java:185)
	at org.apache.ratis.thirdparty.io.grpc.internal.ServerImpl.start(ServerImpl.java:94)
	at org.apache.ratis.grpc.server.GrpcService.startImpl(GrpcService.java:298)
	... 23 more
Caused by: org.apache.ratis.thirdparty.io.netty.channel.unix.Errors$NativeIoException: bind(..) failed: Address already in use
]]></failure>
    <system-out><![CDATA[2023-12-13 18:50:29,010 [main] INFO  util.LogUtils (Slf4jUtils.java:setLogLevel(38)) - Successfully set org.apache.ratis.conf.ConfUtils log level to WARN
2023-12-13 18:50:29,010 [main] INFO  util.LogUtils (Slf4jUtils.java:setLogLevel(38)) - Successfully set org.apache.ratis.util.FileUtils log level to TRACE
2023-12-13 18:50:29,010 [main] INFO  util.LogUtils (Slf4jUtils.java:setLogLevel(38)) - Successfully set org.apache.ratis.server.RaftServer log level to DEBUG
2023-12-13 18:50:29,010 [main] INFO  util.LogUtils (Slf4jUtils.java:setLogLevel(38)) - Successfully set org.apache.ratis.server.RaftServer$Division log level to DEBUG
2023-12-13 18:50:29,010 [main] INFO  util.LogUtils (Slf4jUtils.java:setLogLevel(38)) - Successfully set org.apache.ratis.client.RaftClient log level to DEBUG
2023-12-13 18:50:29,011 [Time-limited test] INFO  impl.MiniRaftCluster (MiniRaftCluster.java:<init>(306)) - new MiniRaftClusterWithGrpc with group-C7E964CC30C3:[s0|localhost:35425]
2023-12-13 18:50:29,011 [Time-limited test] INFO  impl.MiniRaftCluster (MiniRaftCluster.java:start(339)) - .............................................................. 
2023-12-13 18:50:29,011 [Time-limited test] INFO  impl.MiniRaftCluster (MiniRaftCluster.java:start(340)) - ... 
2023-12-13 18:50:29,011 [Time-limited test] INFO  impl.MiniRaftCluster (MiniRaftCluster.java:start(341)) - ...     Starting MiniRaftClusterWithGrpc
2023-12-13 18:50:29,011 [Time-limited test] INFO  impl.MiniRaftCluster (MiniRaftCluster.java:start(342)) - ... 
2023-12-13 18:50:29,011 [Time-limited test] INFO  impl.MiniRaftCluster (MiniRaftCluster.java:start(343)) - .............................................................. 
2023-12-13 18:50:29,011 [Time-limited test] INFO  impl.MiniRaftCluster (MiniRaftCluster.java:initServers(318)) - servers = {}
2023-12-13 18:50:29,011 [Time-limited test] INFO  impl.MiniRaftCluster (MiniRaftCluster.java:newRaftServer(382)) - newRaftServer: s0, group-C7E964CC30C3:[s0|localhost:35425], format? true
2023-12-13 18:50:29,011 [Time-limited test] TRACE util.FileUtils (FileUtils.java:deleteFully(305)) - deleteFully target/test/data/b8de9602/MiniRaftClusterWithGrpc240079f1/s0
2023-12-13 18:50:29,011 [Time-limited test] TRACE util.FileUtils (FileUtils.java:deleteFully(318)) - deleteFully: target/test/data/b8de9602/MiniRaftClusterWithGrpc240079f1/s0 does not exist.
2023-12-13 18:50:29,011 [Time-limited test] INFO  impl.MiniRaftCluster (MiniRaftCluster.java:newRaftServer(387)) - Formatted directory target/test/data/b8de9602/MiniRaftClusterWithGrpc240079f1/s0
2023-12-13 18:50:29,012 [Time-limited test] DEBUG server.RaftServer (ServerImplUtils.java:newRaftServer(51)) - newRaftServer: s0, group-C7E964CC30C3:[s0|localhost:35425]
2023-12-13 18:50:29,012 [Time-limited test] INFO  server.RaftServer (ConfUtils.java:logGet(46)) - raft.rpc.type = GRPC (default)
2023-12-13 18:50:29,012 [Time-limited test] INFO  grpc.GrpcConfigKeys (ConfUtils.java:logFallback(53)) - raft.grpc.admin.host = null (fallback to raft.grpc.server.host)
2023-12-13 18:50:29,012 [Time-limited test] INFO  grpc.GrpcConfigKeys (ConfUtils.java:logGet(46)) - raft.grpc.admin.port = 44253 (custom)
2023-12-13 18:50:29,012 [Time-limited test] INFO  grpc.GrpcConfigKeys (ConfUtils.java:logFallback(53)) - raft.grpc.client.host = null (fallback to raft.grpc.server.host)
2023-12-13 18:50:29,012 [Time-limited test] INFO  grpc.GrpcConfigKeys (ConfUtils.java:logGet(46)) - raft.grpc.client.port = 42335 (custom)
2023-12-13 18:50:29,012 [Time-limited test] INFO  grpc.GrpcConfigKeys (ConfUtils.java:logGet(46)) - raft.grpc.server.host = null (default)
2023-12-13 18:50:29,012 [Time-limited test] INFO  grpc.GrpcConfigKeys (ConfUtils.java:logGet(46)) - raft.grpc.server.port = 35425 (custom)
2023-12-13 18:50:29,012 [Time-limited test] INFO  server.GrpcService (ConfUtils.java:logGet(46)) - raft.grpc.message.size.max = 64MB (=67108864) (default)
2023-12-13 18:50:29,012 [Time-limited test] INFO  server.RaftServerConfigKeys (ConfUtils.java:logGet(46)) - raft.server.log.appender.buffer.byte-limit = 4MB (=4194304) (default)
2023-12-13 18:50:29,012 [Time-limited test] INFO  server.GrpcService (ConfUtils.java:logGet(46)) - raft.grpc.flow.control.window = 1MB (=1048576) (default)
2023-12-13 18:50:29,012 [Time-limited test] INFO  server.RaftServerConfigKeys (ConfUtils.java:logGet(46)) - raft.server.rpc.request.timeout = 3000ms (default)
2023-12-13 18:50:29,012 [Time-limited test] INFO  grpc.GrpcConfigKeys (ConfUtils.java:logGet(46)) - raft.grpc.server.heartbeat.channel = true (default)
2023-12-13 18:50:29,012 [Time-limited test] INFO  grpc.GrpcConfigKeys (ConfUtils.java:logGet(46)) - raft.grpc.server.async.request.thread.pool.cached = true (default)
2023-12-13 18:50:29,012 [Time-limited test] INFO  grpc.GrpcConfigKeys (ConfUtils.java:logGet(46)) - raft.grpc.server.async.request.thread.pool.size = 32 (default)
2023-12-13 18:50:29,013 [Time-limited test] INFO  impl.DataStreamServerImpl (ConfUtils.java:logGet(46)) - raft.datastream.type = DISABLED (default)
2023-12-13 18:50:29,013 [Time-limited test] INFO  server.RaftServerConfigKeys (ConfUtils.java:logGet(46)) - raft.server.sleep.deviation.threshold = 300ms (default)
2023-12-13 18:50:29,013 [Time-limited test] INFO  server.RaftServerConfigKeys (ConfUtils.java:logGet(46)) - raft.server.close.threshold = 60s (default)
2023-12-13 18:50:29,013 [Time-limited test] INFO  server.RaftServerConfigKeys (ConfUtils.java:logGet(46)) - raft.server.leaderelection.leader.step-down.wait-time = 10s (default)
2023-12-13 18:50:29,013 [Time-limited test] INFO  server.RaftServerConfigKeys (ConfUtils.java:logGet(46)) - raft.server.storage.dir = [/home/runner/work/ratis/ratis/ratis-test/target/test/data/b8de9602/MiniRaftClusterWithGrpc240079f1/s0] (custom)
2023-12-13 18:50:29,013 [Time-limited test] INFO  server.RaftServerConfigKeys (ConfUtils.java:logGet(46)) - raft.server.threadpool.proxy.cached = true (default)
2023-12-13 18:50:29,013 [Time-limited test] INFO  server.RaftServerConfigKeys (ConfUtils.java:logGet(46)) - raft.server.threadpool.proxy.size = 0 (default)
2023-12-13 18:50:29,014 [Time-limited test] INFO  server.RaftServer (RaftServerProxy.java:addNew(100)) - s0: addNew group-C7E964CC30C3:[s0|localhost:35425] returns group-C7E964CC30C3:java.util.concurrent.CompletableFuture@4e497048[Not completed]
2023-12-13 18:50:29,014 [s0-groupManagement] INFO  server.RaftServer$Division (RaftServerImpl.java:<init>(256)) - s0: new RaftServerImpl for group-C7E964CC30C3:[s0|localhost:35425] with BaseStateMachine:uninitialized
2023-12-13 18:50:29,014 [s0-groupManagement] INFO  server.RaftServerConfigKeys (ConfUtils.java:logGet(46)) - raft.server.rpc.timeout.min = 1500ms (custom)
2023-12-13 18:50:29,014 [s0-groupManagement] INFO  server.RaftServerConfigKeys (ConfUtils.java:logGet(46)) - raft.server.rpc.timeout.max = 2000ms (custom)
2023-12-13 18:50:29,014 [s0-groupManagement] INFO  server.RaftServerConfigKeys (ConfUtils.java:logGet(46)) - raft.server.rpc.sleep.time = 25ms (default)
2023-12-13 18:50:29,014 [s0-groupManagement] INFO  server.RaftServerConfigKeys (ConfUtils.java:logGet(46)) - raft.server.rpc.slowness.timeout = 60s (default)
2023-12-13 18:50:29,014 [s0-groupManagement] INFO  server.RaftServerConfigKeys (ConfUtils.java:logGet(46)) - raft.server.leaderelection.leader.step-down.wait-time = 10s (default)
2023-12-13 18:50:29,014 [s0-groupManagement] INFO  server.RaftServerConfigKeys (ConfUtils.java:logGet(46)) - raft.server.leaderelection.member.majority-add = false (default)
2023-12-13 18:50:29,014 [s0-groupManagement] INFO  server.RaftServerConfigKeys (ConfUtils.java:logGet(46)) - raft.server.sleep.deviation.threshold = 300ms (default)
2023-12-13 18:50:29,014 [s0-groupManagement] INFO  server.RaftServer$Division (ServerState.java:<init>(113)) - s0@group-C7E964CC30C3: ConfigurationManager, init=-1: peers:[s0|localhost:35425]|listeners:[], old=null, confs=<EMPTY_MAP>
2023-12-13 18:50:29,014 [s0-groupManagement] INFO  server.RaftServerConfigKeys (ConfUtils.java:logGet(46)) - raft.server.notification.no-leader.timeout = 60s (default)
2023-12-13 18:50:29,014 [s0-groupManagement] INFO  server.RaftServerConfigKeys (ConfUtils.java:logGet(46)) - raft.server.read.timeout = 10s (default)
2023-12-13 18:50:29,014 [s0-groupManagement] INFO  server.RaftServerConfigKeys (ConfUtils.java:logGet(46)) - raft.server.retrycache.expirytime = 60s (default)
2023-12-13 18:50:29,014 [s0-groupManagement] INFO  server.RaftServerConfigKeys (ConfUtils.java:logGet(46)) - raft.server.retrycache.statistics.expirytime = 100ms (default)
2023-12-13 18:50:29,014 [s0-groupManagement] INFO  server.RaftServerConfigKeys (ConfUtils.java:logGet(46)) - raft.server.read.option = DEFAULT (default)
2023-12-13 18:50:29,014 [s0-groupManagement] INFO  server.RaftServerConfigKeys (ConfUtils.java:logGet(46)) - raft.server.read.read-after-write-consistent.write-index-cache.expiry-time = 60s (default)
2023-12-13 18:50:29,014 [s0-groupManagement] INFO  server.RaftServerConfigKeys (ConfUtils.java:logGet(46)) - raft.server.rpc.request.timeout = 3000ms (default)
2023-12-13 18:50:29,014 [s0-groupManagement] INFO  server.RaftServerConfigKeys (ConfUtils.java:logGet(46)) - raft.server.log.appender.install.snapshot.enabled = true (default)
2023-12-13 18:50:29,014 [s0-groupManagement] INFO  server.RaftServerConfigKeys (ConfUtils.java:logGet(46)) - raft.server.threadpool.server.cached = true (default)
2023-12-13 18:50:29,014 [s0-groupManagement] INFO  server.RaftServerConfigKeys (ConfUtils.java:logGet(46)) - raft.server.threadpool.server.size = 0 (default)
2023-12-13 18:50:29,014 [s0-groupManagement] INFO  server.RaftServerConfigKeys (ConfUtils.java:logGet(46)) - raft.server.threadpool.client.cached = true (default)
2023-12-13 18:50:29,014 [s0-groupManagement] INFO  server.RaftServerConfigKeys (ConfUtils.java:logGet(46)) - raft.server.threadpool.client.size = 0 (default)
2023-12-13 18:50:29,014 [s0-impl-thread1] INFO  server.RaftServerConfigKeys (ConfUtils.java:logGet(46)) - raft.server.storage.free-space.min = 0MB (=0) (default)
2023-12-13 18:50:29,014 [s0-impl-thread1] INFO  server.RaftServerConfigKeys (ConfUtils.java:logGet(46)) - raft.server.log.corruption.policy = EXCEPTION (default)
2023-12-13 18:50:29,015 [s0-impl-thread1] INFO  server.RaftServerConfigKeys (ConfUtils.java:logGet(46)) - raft.server.storage.dir = [/home/runner/work/ratis/ratis/ratis-test/target/test/data/b8de9602/MiniRaftClusterWithGrpc240079f1/s0] (custom)
2023-12-13 18:50:29,015 [s0-impl-thread1] INFO  storage.RaftStorageDirectory (RaftStorageDirectoryImpl.java:analyzeStorage(138)) - The storage directory /home/runner/work/ratis/ratis/ratis-test/target/test/data/b8de9602/MiniRaftClusterWithGrpc240079f1/s0/9d06bd2a-56fb-4149-b5dd-c7e964cc30c3 does not exist. Creating ...
2023-12-13 18:50:29,015 [s0-impl-thread1] TRACE util.FileUtils (LogUtils.java:runAndLog(49)) - Successfully ran Files.createDirectories /home/runner/work/ratis/ratis/ratis-test/target/test/data/b8de9602/MiniRaftClusterWithGrpc240079f1/s0/9d06bd2a-56fb-4149-b5dd-c7e964cc30c3
2023-12-13 18:50:29,016 [s0-impl-thread1] INFO  storage.RaftStorageDirectory (RaftStorageDirectoryImpl.java:tryLock(228)) - Lock on /home/runner/work/ratis/ratis/ratis-test/target/test/data/b8de9602/MiniRaftClusterWithGrpc240079f1/s0/9d06bd2a-56fb-4149-b5dd-c7e964cc30c3/in_use.lock acquired by nodename 24599@fv-az743-812
2023-12-13 18:50:29,016 [s0-impl-thread1] TRACE util.FileUtils (LogUtils.java:runAndLog(49)) - Successfully ran Files.createDirectories /home/runner/work/ratis/ratis/ratis-test/target/test/data/b8de9602/MiniRaftClusterWithGrpc240079f1/s0/9d06bd2a-56fb-4149-b5dd-c7e964cc30c3/current
2023-12-13 18:50:29,016 [s0-impl-thread1] TRACE util.FileUtils (LogUtils.java:runAndLog(49)) - Successfully ran Files.createDirectories /home/runner/work/ratis/ratis/ratis-test/target/test/data/b8de9602/MiniRaftClusterWithGrpc240079f1/s0/9d06bd2a-56fb-4149-b5dd-c7e964cc30c3/sm
2023-12-13 18:50:29,016 [s0-impl-thread1] TRACE util.FileUtils (LogUtils.java:supplyAndLog(69)) - Successfully supplied FileChannel.open /home/runner/work/ratis/ratis/ratis-test/target/test/data/b8de9602/MiniRaftClusterWithGrpc240079f1/s0/9d06bd2a-56fb-4149-b5dd-c7e964cc30c3/current/raft-meta.tmp with options [CREATE, WRITE]: sun.nio.ch.FileChannelImpl@6420c6e1
2023-12-13 18:50:29,017 [s0-impl-thread1] TRACE util.FileUtils (LogUtils.java:runAndLog(49)) - Successfully ran Atomic Files.move /home/runner/work/ratis/ratis/ratis-test/target/test/data/b8de9602/MiniRaftClusterWithGrpc240079f1/s0/9d06bd2a-56fb-4149-b5dd-c7e964cc30c3/current/raft-meta.tmp to /home/runner/work/ratis/ratis/ratis-test/target/test/data/b8de9602/MiniRaftClusterWithGrpc240079f1/s0/9d06bd2a-56fb-4149-b5dd-c7e964cc30c3/current/raft-meta with options [REPLACE_EXISTING]
2023-12-13 18:50:29,017 [s0-impl-thread1] INFO  storage.RaftStorage (RaftStorageImpl.java:format(99)) - Storage directory /home/runner/work/ratis/ratis/ratis-test/target/test/data/b8de9602/MiniRaftClusterWithGrpc240079f1/s0/9d06bd2a-56fb-4149-b5dd-c7e964cc30c3 has been successfully formatted.
2023-12-13 18:50:29,017 [s0-impl-thread1] TRACE util.FileUtils (LogUtils.java:supplyAndLog(61)) - Failed to Files.newInputStream /home/runner/work/ratis/ratis/ratis-test/target/test/data/b8de9602/MiniRaftClusterWithGrpc240079f1/s0/9d06bd2a-56fb-4149-b5dd-c7e964cc30c3/current/raft-meta.conf with options []
java.nio.file.NoSuchFileException: /home/runner/work/ratis/ratis/ratis-test/target/test/data/b8de9602/MiniRaftClusterWithGrpc240079f1/s0/9d06bd2a-56fb-4149-b5dd-c7e964cc30c3/current/raft-meta.conf
	at java.base/sun.nio.fs.UnixException.translateToIOException(UnixException.java:92)
	at java.base/sun.nio.fs.UnixException.rethrowAsIOException(UnixException.java:111)
	at java.base/sun.nio.fs.UnixException.rethrowAsIOException(UnixException.java:116)
	at java.base/sun.nio.fs.UnixFileSystemProvider.newByteChannel(UnixFileSystemProvider.java:219)
	at java.base/java.nio.file.Files.newByteChannel(Files.java:371)
	at java.base/java.nio.file.Files.newByteChannel(Files.java:422)
	at java.base/java.nio.file.spi.FileSystemProvider.newInputStream(FileSystemProvider.java:420)
	at java.base/java.nio.file.Files.newInputStream(Files.java:156)
	at org.apache.ratis.util.FileUtils.lambda$newInputStream$2(FileUtils.java:73)
	at org.apache.ratis.util.LogUtils.supplyAndLog(LogUtils.java:58)
	at org.apache.ratis.util.FileUtils.newInputStream(FileUtils.java:72)
	at org.apache.ratis.util.FileUtils.newInputStream(FileUtils.java:68)
	at org.apache.ratis.server.storage.RaftStorageImpl.readRaftConfiguration(RaftStorageImpl.java:156)
	at org.apache.ratis.server.impl.ServerState.initialize(ServerState.java:141)
	at org.apache.ratis.server.impl.RaftServerImpl.start(RaftServerImpl.java:388)
	at org.apache.ratis.util.ConcurrentUtils.accept(ConcurrentUtils.java:203)
	at org.apache.ratis.util.ConcurrentUtils.lambda$parallelForEachAsync$4(ConcurrentUtils.java:182)
	at java.base/java.util.concurrent.ThreadPoolExecutor.runWorker(ThreadPoolExecutor.java:1128)
	at java.base/java.util.concurrent.ThreadPoolExecutor$Worker.run(ThreadPoolExecutor.java:628)
	at java.base/java.lang.Thread.run(Thread.java:829)
2023-12-13 18:50:29,017 [s0-impl-thread1] INFO  server.RaftServerConfigKeys (ConfUtils.java:logGet(46)) - raft.server.log.use.memory = false (default)
2023-12-13 18:50:29,017 [s0-impl-thread1] INFO  server.RaftServerConfigKeys (ConfUtils.java:logGet(46)) - raft.server.log.purge.gap = 1024 (default)
2023-12-13 18:50:29,017 [s0-impl-thread1] INFO  server.RaftServerConfigKeys (ConfUtils.java:logGet(46)) - raft.server.log.appender.buffer.byte-limit = 4MB (=4194304) (default)
2023-12-13 18:50:29,017 [s0-impl-thread1] INFO  server.RaftServerConfigKeys (ConfUtils.java:logGet(46)) - raft.server.log.statemachine.data.read.timeout = 1000ms (default)
2023-12-13 18:50:29,017 [s0-impl-thread1] INFO  server.RaftServerConfigKeys (ConfUtils.java:logGet(46)) - raft.server.log.purge.preservation.log.num = 0 (default)
2023-12-13 18:50:29,017 [s0-impl-thread1] INFO  server.RaftServerConfigKeys (ConfUtils.java:logGet(46)) - raft.server.log.segment.size.max = 32MB (=33554432) (default)
2023-12-13 18:50:29,017 [s0-impl-thread1] INFO  server.RaftServerConfigKeys (ConfUtils.java:logGet(46)) - raft.server.log.segment.cache.num.max = 6 (default)
2023-12-13 18:50:29,017 [s0-impl-thread1] INFO  server.RaftServerConfigKeys (ConfUtils.java:logGet(46)) - raft.server.log.segment.cache.size.max = 200MB (=209715200) (default)
2023-12-13 18:50:29,017 [s0-impl-thread1] INFO  server.RaftServerConfigKeys (ConfUtils.java:logGet(46)) - raft.server.log.appender.buffer.byte-limit = 4MB (=4194304) (default)
2023-12-13 18:50:29,017 [s0-impl-thread1] INFO  util.AwaitToRun (AwaitToRun.java:start(81)) - Thread[s0@group-C7E964CC30C3-cacheEviction-AwaitToRun,5,main] started
2023-12-13 18:50:29,017 [s0-impl-thread1] INFO  segmented.SegmentedRaftLogWorker (SegmentedRaftLogWorker.java:<init>(182)) - new s0@group-C7E964CC30C3-SegmentedRaftLogWorker for RaftStorageImpl:Storage Directory /home/runner/work/ratis/ratis/ratis-test/target/test/data/b8de9602/MiniRaftClusterWithGrpc240079f1/s0/9d06bd2a-56fb-4149-b5dd-c7e964cc30c3
2023-12-13 18:50:29,017 [s0-impl-thread1] INFO  server.RaftServerConfigKeys (ConfUtils.java:logGet(46)) - raft.server.log.queue.byte-limit = 64MB (=67108864) (default)
2023-12-13 18:50:29,017 [s0-impl-thread1] INFO  server.RaftServerConfigKeys (ConfUtils.java:logGet(46)) - raft.server.log.queue.element-limit = 4096 (default)
2023-12-13 18:50:29,017 [s0-impl-thread1] INFO  server.RaftServerConfigKeys (ConfUtils.java:logGet(46)) - raft.server.log.segment.size.max = 32MB (=33554432) (default)
2023-12-13 18:50:29,017 [s0-impl-thread1] INFO  server.RaftServerConfigKeys (ConfUtils.java:logGet(46)) - raft.server.log.preallocated.size = 4MB (=4194304) (default)
2023-12-13 18:50:29,018 [s0-impl-thread1] INFO  server.RaftServerConfigKeys (ConfUtils.java:logGet(46)) - raft.server.log.force.sync.num = 128 (default)
2023-12-13 18:50:29,018 [s0-impl-thread1] INFO  server.RaftServerConfigKeys (ConfUtils.java:logGet(46)) - raft.server.log.statemachine.data.sync = true (default)
2023-12-13 18:50:29,018 [s0-impl-thread1] INFO  server.RaftServerConfigKeys (ConfUtils.java:logGet(46)) - raft.server.log.statemachine.data.sync.timeout = 10s (default)
2023-12-13 18:50:29,018 [s0-impl-thread1] INFO  server.RaftServerConfigKeys (ConfUtils.java:logGet(46)) - raft.server.log.statemachine.data.sync.timeout.retry = -1 (default)
2023-12-13 18:50:29,018 [s0-impl-thread1] INFO  server.RaftServerConfigKeys (ConfUtils.java:logGet(46)) - raft.server.log.write.buffer.size = 8MB (=8388608) (default)
2023-12-13 18:50:29,019 [s0-impl-thread1] INFO  server.RaftServerConfigKeys (ConfUtils.java:logGet(46)) - raft.server.log.appender.buffer.byte-limit = 4MB (=4194304) (default)
2023-12-13 18:50:29,019 [s0-impl-thread1] INFO  server.RaftServerConfigKeys (ConfUtils.java:logGet(46)) - raft.server.log.unsafe-flush.enabled = false (default)
2023-12-13 18:50:29,019 [s0-impl-thread1] INFO  server.RaftServerConfigKeys (ConfUtils.java:logGet(46)) - raft.server.log.async-flush.enabled = false (default)
2023-12-13 18:50:29,019 [s0-impl-thread1] INFO  server.RaftServerConfigKeys (ConfUtils.java:logGet(46)) - raft.server.log.statemachine.data.caching.enabled = false (default)
2023-12-13 18:50:29,019 [s0-impl-thread1] INFO  segmented.SegmentedRaftLogWorker (SegmentedRaftLogWorker.java:lambda$new$0(134)) - s0@group-C7E964CC30C3-SegmentedRaftLogWorker: flushIndex: setUnconditionally 0 -> -1
2023-12-13 18:50:29,019 [s0-impl-thread1] INFO  segmented.SegmentedRaftLogWorker (SegmentedRaftLogWorker.java:lambda$new$0(134)) - s0@group-C7E964CC30C3-SegmentedRaftLogWorker: safeCacheEvictIndex: setUnconditionally 0 -> -1
2023-12-13 18:50:29,019 [s0-impl-thread1] INFO  server.RaftServer$Division (RaftServerImpl.java:start(392)) - s0@group-C7E964CC30C3: start as a follower, conf=-1: peers:[s0|localhost:35425]|listeners:[], old=null
2023-12-13 18:50:29,019 [s0-impl-thread1] INFO  server.RaftServer$Division (RaftServerImpl.java:setRole(379)) - s0@group-C7E964CC30C3: changes role from      null to FOLLOWER at term 0 for startAsFollower
2023-12-13 18:50:29,019 [s0-impl-thread1] INFO  impl.RoleInfo (RoleInfo.java:updateAndGet(139)) - s0: start s0@group-C7E964CC30C3-FollowerState
2023-12-13 18:50:29,019 [s0@group-C7E964CC30C3-FollowerState] INFO  server.RaftServerConfigKeys (ConfUtils.java:logFallback(53)) - raft.server.rpc.first-election.timeout.min = 1500ms (fallback to raft.server.rpc.timeout.min)
2023-12-13 18:50:29,019 [s0-impl-thread1] INFO  util.JmxRegister (JmxRegister.java:tryRegister(44)) - Successfully registered JMX Bean with object name Ratis:service=RaftServer,group=group-C7E964CC30C3,id=s0
2023-12-13 18:50:29,019 [s0@group-C7E964CC30C3-FollowerState] INFO  server.RaftServerConfigKeys (ConfUtils.java:logFallback(53)) - raft.server.rpc.first-election.timeout.max = 2000ms (fallback to raft.server.rpc.timeout.max)
2023-12-13 18:50:29,019 [s0-impl-thread1] INFO  server.RaftServerConfigKeys (ConfUtils.java:logGet(46)) - raft.server.snapshot.trigger-when-stop.enabled = true (default)
2023-12-13 18:50:29,019 [s0-impl-thread1] INFO  server.RaftServerConfigKeys (ConfUtils.java:logGet(46)) - raft.server.snapshot.auto.trigger.enabled = false (default)
2023-12-13 18:50:29,019 [s0-impl-thread1] INFO  server.RaftServerConfigKeys (ConfUtils.java:logGet(46)) - raft.server.snapshot.retention.file.num = -1 (default)
2023-12-13 18:50:29,019 [s0-impl-thread1] INFO  server.RaftServerConfigKeys (ConfUtils.java:logGet(46)) - raft.server.log.purge.upto.snapshot.index = false (default)
2023-12-13 18:50:29,020 [Time-limited test] INFO  server.RaftServer (RaftServerProxy.java:startImpl(406)) - s0: start RPC server
2023-12-13 18:50:29,020 [Time-limited test] INFO  server.GrpcService (GrpcService.java:startImpl(302)) - s0: GrpcService started, listening on 42335
2023-12-13 18:50:29,021 [Time-limited test] INFO  server.GrpcService (GrpcService.java:startImpl(302)) - s0: GrpcService started, listening on 35425
2023-12-13 18:50:29,021 [Time-limited test] INFO  server.GrpcService (GrpcService.java:startImpl(302)) - s0: GrpcService started, listening on 44253
2023-12-13 18:50:29,021 [JvmPauseMonitor30] INFO  util.JvmPauseMonitor (JvmPauseMonitor.java:run(146)) - JvmPauseMonitor-s0: Started
2023-12-13 18:50:29,021 [Time-limited test] DEBUG client.RaftClient (ConfUtils.java:logGet(46)) - raft.rpc.type = GRPC (default)
2023-12-13 18:50:29,025 [grpc-default-executor-13] DEBUG server.RaftServer (RaftServerProxy.java:lambda$groupAddAsync$14(523)) - s0: Failed groupAdd* GroupManagementRequest:client-FEFF50084F7C->s0@group-C7E964CC30C3, cid=49, seq=null, RW, null, Add:group-C7E964CC30C3:[s0|0.0.0.0:35425]
java.util.concurrent.CompletionException: org.apache.ratis.protocol.exceptions.AlreadyExistsException: s0: Failed to add group-C7E964CC30C3:[s0|0.0.0.0:35425] since the group already exists in the map.
	at java.base/java.util.concurrent.CompletableFuture.encodeThrowable(CompletableFuture.java:331)
	at java.base/java.util.concurrent.CompletableFuture.uniApplyNow(CompletableFuture.java:670)
	at java.base/java.util.concurrent.CompletableFuture.uniApplyStage(CompletableFuture.java:658)
	at java.base/java.util.concurrent.CompletableFuture.thenApplyAsync(CompletableFuture.java:2110)
	at org.apache.ratis.server.impl.RaftServerProxy.groupAddAsync(RaftServerProxy.java:506)
	at org.apache.ratis.server.impl.RaftServerProxy.groupManagementAsync(RaftServerProxy.java:488)
	at org.apache.ratis.grpc.server.GrpcAdminProtocolService.lambda$groupManagement$0(GrpcAdminProtocolService.java:47)
	at org.apache.ratis.grpc.GrpcUtil.asyncCall(GrpcUtil.java:179)
	at org.apache.ratis.grpc.GrpcUtil.asyncCall(GrpcUtil.java:170)
	at org.apache.ratis.grpc.server.GrpcAdminProtocolService.groupManagement(GrpcAdminProtocolService.java:47)
	at org.apache.ratis.proto.grpc.AdminProtocolServiceGrpc$MethodHandlers.invoke(AdminProtocolServiceGrpc.java:614)
	at org.apache.ratis.thirdparty.io.grpc.stub.ServerCalls$UnaryServerCallHandler$UnaryServerCallListener.onHalfClose(ServerCalls.java:182)
	at org.apache.ratis.thirdparty.io.grpc.PartialForwardingServerCallListener.onHalfClose(PartialForwardingServerCallListener.java:35)
	at org.apache.ratis.thirdparty.io.grpc.ForwardingServerCallListener.onHalfClose(ForwardingServerCallListener.java:23)
	at org.apache.ratis.thirdparty.io.grpc.internal.ServerCallImpl$ServerStreamListenerImpl.halfClosed(ServerCallImpl.java:351)
	at org.apache.ratis.thirdparty.io.grpc.internal.ServerImpl$JumpToApplicationThreadServerStreamListener$1HalfClosed.runInContext(ServerImpl.java:860)
	at org.apache.ratis.thirdparty.io.grpc.internal.ContextRunnable.run(ContextRunnable.java:37)
	at org.apache.ratis.thirdparty.io.grpc.internal.SerializingExecutor.run(SerializingExecutor.java:133)
	at java.base/java.util.concurrent.ThreadPoolExecutor.runWorker(ThreadPoolExecutor.java:1128)
	at java.base/java.util.concurrent.ThreadPoolExecutor$Worker.run(ThreadPoolExecutor.java:628)
	at java.base/java.lang.Thread.run(Thread.java:829)
Caused by: org.apache.ratis.protocol.exceptions.AlreadyExistsException: s0: Failed to add group-C7E964CC30C3:[s0|0.0.0.0:35425] since the group already exists in the map.
	at org.apache.ratis.server.impl.RaftServerProxy$ImplMap.addNew(RaftServerProxy.java:94)
	at org.apache.ratis.server.impl.RaftServerProxy.groupAddAsync(RaftServerProxy.java:505)
	... 16 more
2023-12-13 18:50:29,041 [Time-limited test] DEBUG client.RaftClient (RaftClientImpl.java:handleIOException(419)) - client-FEFF50084F7C: suggested new leader: null. Failed GroupManagementRequest:client-FEFF50084F7C->s0@group-C7E964CC30C3, cid=49, seq=null, RW, null, Add:group-C7E964CC30C3:[s0|0.0.0.0:35425] with {}
org.apache.ratis.protocol.exceptions.AlreadyExistsException: s0: Failed to add group-C7E964CC30C3:[s0|0.0.0.0:35425] since the group already exists in the map.
	at org.apache.ratis.server.impl.RaftServerProxy$ImplMap.addNew(RaftServerProxy.java:94)
	at org.apache.ratis.server.impl.RaftServerProxy.groupAddAsync(RaftServerProxy.java:505)
	at org.apache.ratis.server.impl.RaftServerProxy.groupManagementAsync(RaftServerProxy.java:488)
	at org.apache.ratis.grpc.server.GrpcAdminProtocolService.lambda$groupManagement$0(GrpcAdminProtocolService.java:47)
	at org.apache.ratis.grpc.GrpcUtil.asyncCall(GrpcUtil.java:179)
	at org.apache.ratis.grpc.GrpcUtil.asyncCall(GrpcUtil.java:170)
	at org.apache.ratis.grpc.server.GrpcAdminProtocolService.groupManagement(GrpcAdminProtocolService.java:47)
	at org.apache.ratis.proto.grpc.AdminProtocolServiceGrpc$MethodHandlers.invoke(AdminProtocolServiceGrpc.java:614)
	at org.apache.ratis.thirdparty.io.grpc.stub.ServerCalls$UnaryServerCallHandler$UnaryServerCallListener.onHalfClose(ServerCalls.java:182)
	at org.apache.ratis.thirdparty.io.grpc.PartialForwardingServerCallListener.onHalfClose(PartialForwardingServerCallListener.java:35)
	at org.apache.ratis.thirdparty.io.grpc.ForwardingServerCallListener.onHalfClose(ForwardingServerCallListener.java:23)
	at org.apache.ratis.thirdparty.io.grpc.internal.ServerCallImpl$ServerStreamListenerImpl.halfClosed(ServerCallImpl.java:351)
	at org.apache.ratis.thirdparty.io.grpc.internal.ServerImpl$JumpToApplicationThreadServerStreamListener$1HalfClosed.runInContext(ServerImpl.java:860)
	at org.apache.ratis.thirdparty.io.grpc.internal.ContextRunnable.run(ContextRunnable.java:37)
	at org.apache.ratis.thirdparty.io.grpc.internal.SerializingExecutor.run(SerializingExecutor.java:133)
	at java.base/java.util.concurrent.ThreadPoolExecutor.runWorker(ThreadPoolExecutor.java:1128)
	at java.base/java.util.concurrent.ThreadPoolExecutor$Worker.run(ThreadPoolExecutor.java:628)
	at java.base/java.lang.Thread.run(Thread.java:829)
2023-12-13 18:50:29,042 [Time-limited test] DEBUG client.RaftClient (RaftClientImpl.java:handleIOException(438)) - client-FEFF50084F7C: oldLeader=s0,  curLeader=s0, newLeader=null
2023-12-13 18:50:29,042 [Time-limited test] INFO  impl.MiniRaftCluster (MiniRaftCluster.java:shutdown(831)) - ************************************************************** 
2023-12-13 18:50:29,042 [Time-limited test] INFO  impl.MiniRaftCluster (MiniRaftCluster.java:shutdown(832)) - *** 
2023-12-13 18:50:29,042 [Time-limited test] INFO  impl.MiniRaftCluster (MiniRaftCluster.java:shutdown(833)) - ***     Stopping MiniRaftClusterWithGrpc
2023-12-13 18:50:29,042 [Time-limited test] INFO  impl.MiniRaftCluster (MiniRaftCluster.java:shutdown(834)) - *** 
2023-12-13 18:50:29,042 [Time-limited test] INFO  impl.MiniRaftCluster (MiniRaftCluster.java:shutdown(835)) - ************************************************************** 
2023-12-13 18:50:29,042 [Time-limited test] INFO  impl.MiniRaftCluster (MiniRaftCluster.java:shutdown(836)) - printing ALL groups
  s0:  RUNNING  FOLLOWER s0@group-C7E964CC30C3:t0, leader=null, voted=, raftlog=Memoized:s0@group-C7E964CC30C3-SegmentedRaftLog:OPENED:c-1, conf=-1: peers:[s0|localhost:35425]|listeners:[], old=null RUNNING
2023-12-13 18:50:29,043 [MiniRaftCluster-24] INFO  server.RaftServer (RaftServerProxy.java:lambda$close$9(416)) - s0: close
2023-12-13 18:50:29,043 [s0-impl-thread1] INFO  server.RaftServer$Division (RaftServerImpl.java:lambda$close$3(516)) - s0@group-C7E964CC30C3: shutdown
2023-12-13 18:50:29,043 [s0-impl-thread1] INFO  util.JmxRegister (JmxRegister.java:unregister(73)) - Successfully un-registered JMX Bean with object name Ratis:service=RaftServer,group=group-C7E964CC30C3,id=s0
2023-12-13 18:50:29,043 [s0-impl-thread1] INFO  impl.RoleInfo (RoleInfo.java:shutdownFollowerState(110)) - s0: shutdown s0@group-C7E964CC30C3-FollowerState
2023-12-13 18:50:29,043 [s0-impl-thread1] INFO  impl.StateMachineUpdater (StateMachineUpdater.java:stopAndJoin(157)) - s0@group-C7E964CC30C3-StateMachineUpdater: set stopIndex = -1
2023-12-13 18:50:29,043 [MiniRaftCluster-24] INFO  server.GrpcService (GrpcService.java:closeImpl(311)) - s0: shutdown server org.apache.ratis.grpc.server.GrpcClientProtocolService now
2023-12-13 18:50:29,046 [s0@group-C7E964CC30C3-FollowerState] INFO  impl.FollowerState (FollowerState.java:run(152)) - s0@group-C7E964CC30C3-FollowerState was interrupted
2023-12-13 18:50:29,046 [s0-impl-thread1] INFO  server.RaftServer$Division (ServerState.java:close(423)) - s0@group-C7E964CC30C3: applyIndex: -1
2023-12-13 18:50:29,046 [s0@group-C7E964CC30C3-cacheEviction-AwaitToRun] INFO  util.AwaitToRun (AwaitToRun.java:run(49)) - s0@group-C7E964CC30C3-cacheEviction-AwaitToRun-AwaitForSignal is interrupted
2023-12-13 18:50:29,047 [MiniRaftCluster-24] INFO  server.GrpcService (GrpcService.java:closeImpl(320)) - s0: shutdown server org.apache.ratis.grpc.server.GrpcClientProtocolService successfully
2023-12-13 18:50:29,047 [MiniRaftCluster-24] INFO  server.GrpcService (GrpcService.java:closeImpl(311)) - s0: shutdown server GrpcServerProtocolService now
2023-12-13 18:50:29,053 [MiniRaftCluster-24] INFO  server.GrpcService (GrpcService.java:closeImpl(320)) - s0: shutdown server GrpcServerProtocolService successfully
2023-12-13 18:50:29,053 [MiniRaftCluster-24] INFO  server.GrpcService (GrpcService.java:closeImpl(311)) - s0: shutdown server org.apache.ratis.grpc.server.GrpcAdminProtocolService now
2023-12-13 18:50:29,053 [MiniRaftCluster-24] INFO  server.GrpcService (GrpcService.java:closeImpl(320)) - s0: shutdown server org.apache.ratis.grpc.server.GrpcAdminProtocolService successfully
2023-12-13 18:50:30,019 [s0-impl-thread1] INFO  segmented.SegmentedRaftLogWorker (SegmentedRaftLogWorker.java:close(245)) - s0@group-C7E964CC30C3-SegmentedRaftLogWorker close()
2023-12-13 18:50:30,020 [JvmPauseMonitor30] INFO  util.JvmPauseMonitor (JvmPauseMonitor.java:run(152)) - JvmPauseMonitor-s0: Stopped
]]></system-out>
  </testcase>
  <testcase name="testGroupAlreadyExists" classname="org.apache.ratis.grpc.TestGroupManagementWithGrpc" time="1.01">
    <failure message="Unexpected exit." type="java.lang.AssertionError"><![CDATA[java.lang.AssertionError: Unexpected exit.
	at org.apache.ratis.util.ExitUtils.assertNotTerminated(ExitUtils.java:109)
	at org.apache.ratis.BaseTest.assertNoFailures(BaseTest.java:90)
	at java.base/jdk.internal.reflect.NativeMethodAccessorImpl.invoke0(Native Method)
	at java.base/jdk.internal.reflect.NativeMethodAccessorImpl.invoke(NativeMethodAccessorImpl.java:62)
	at java.base/jdk.internal.reflect.DelegatingMethodAccessorImpl.invoke(DelegatingMethodAccessorImpl.java:43)
	at java.base/java.lang.reflect.Method.invoke(Method.java:566)
	at org.junit.runners.model.FrameworkMethod$1.runReflectiveCall(FrameworkMethod.java:59)
	at org.junit.internal.runners.model.ReflectiveCallable.run(ReflectiveCallable.java:12)
	at org.junit.runners.model.FrameworkMethod.invokeExplosively(FrameworkMethod.java:56)
	at org.junit.internal.runners.statements.RunAfters.invokeMethod(RunAfters.java:46)
	at org.junit.internal.runners.statements.RunAfters.evaluate(RunAfters.java:33)
	at org.junit.internal.runners.statements.FailOnTimeout$CallableStatement.call(FailOnTimeout.java:299)
	at org.junit.internal.runners.statements.FailOnTimeout$CallableStatement.call(FailOnTimeout.java:293)
	at java.base/java.util.concurrent.FutureTask.run(FutureTask.java:264)
	at java.base/java.lang.Thread.run(Thread.java:829)
Caused by: org.apache.ratis.util.ExitUtils$ExitException: Failed to start Grpc server
	at org.apache.ratis.util.ExitUtils.terminate(ExitUtils.java:141)
	at org.apache.ratis.util.ExitUtils.terminate(ExitUtils.java:151)
	at org.apache.ratis.grpc.server.GrpcService.startImpl(GrpcService.java:300)
	at org.apache.ratis.util.LifeCycle.startAndTransition(LifeCycle.java:270)
	at org.apache.ratis.server.RaftServerRpcWithProxy.start(RaftServerRpcWithProxy.java:72)
	at org.apache.ratis.server.impl.RaftServerProxy.startImpl(RaftServerProxy.java:407)
	at org.apache.ratis.util.LifeCycle.startAndTransition(LifeCycle.java:270)
	at org.apache.ratis.server.impl.RaftServerProxy.start(RaftServerProxy.java:400)
	at org.apache.ratis.server.impl.MiniRaftCluster.startServers(MiniRaftCluster.java:499)
	at org.apache.ratis.server.impl.MiniRaftCluster.start(MiniRaftCluster.java:346)
	at org.apache.ratis.server.impl.GroupManagementBaseTest.runMultiGroupTest(GroupManagementBaseTest.java:263)
	at org.apache.ratis.server.impl.GroupManagementBaseTest.runMultiGroupTest(GroupManagementBaseTest.java:237)
	at org.apache.ratis.server.impl.GroupManagementBaseTest.testMultiGroup5Nodes(GroupManagementBaseTest.java:220)
	at java.base/jdk.internal.reflect.NativeMethodAccessorImpl.invoke0(Native Method)
	at java.base/jdk.internal.reflect.NativeMethodAccessorImpl.invoke(NativeMethodAccessorImpl.java:62)
	at java.base/jdk.internal.reflect.DelegatingMethodAccessorImpl.invoke(DelegatingMethodAccessorImpl.java:43)
	at java.base/java.lang.reflect.Method.invoke(Method.java:566)
	at org.junit.runners.model.FrameworkMethod$1.runReflectiveCall(FrameworkMethod.java:59)
	at org.junit.internal.runners.model.ReflectiveCallable.run(ReflectiveCallable.java:12)
	at org.junit.runners.model.FrameworkMethod.invokeExplosively(FrameworkMethod.java:56)
	at org.junit.internal.runners.statements.InvokeMethod.evaluate(InvokeMethod.java:17)
	at org.junit.internal.runners.statements.RunAfters.evaluate(RunAfters.java:27)
	... 4 more
Caused by: java.io.IOException: Failed to bind to address 0.0.0.0/0.0.0.0:45379
	at org.apache.ratis.thirdparty.io.grpc.netty.NettyServer.start(NettyServer.java:326)
	at org.apache.ratis.thirdparty.io.grpc.internal.ServerImpl.start(ServerImpl.java:185)
	at org.apache.ratis.thirdparty.io.grpc.internal.ServerImpl.start(ServerImpl.java:94)
	at org.apache.ratis.grpc.server.GrpcService.startImpl(GrpcService.java:298)
	... 23 more
Caused by: org.apache.ratis.thirdparty.io.netty.channel.unix.Errors$NativeIoException: bind(..) failed: Address already in use
]]></failure>
  </testcase>
  <testcase name="testGroupWithPriority" classname="org.apache.ratis.grpc.TestGroupManagementWithGrpc" time="20.022">
    <failure message="Unexpected exit." type="java.lang.AssertionError"><![CDATA[java.lang.AssertionError: Unexpected exit.
	at org.apache.ratis.util.ExitUtils.assertNotTerminated(ExitUtils.java:109)
	at org.apache.ratis.server.impl.MiniRaftCluster.shutdown(MiniRaftCluster.java:854)
	at org.apache.ratis.server.impl.GroupManagementBaseTest.testGroupWithPriority(GroupManagementBaseTest.java:173)
	at java.base/jdk.internal.reflect.NativeMethodAccessorImpl.invoke0(Native Method)
	at java.base/jdk.internal.reflect.NativeMethodAccessorImpl.invoke(NativeMethodAccessorImpl.java:62)
	at java.base/jdk.internal.reflect.DelegatingMethodAccessorImpl.invoke(DelegatingMethodAccessorImpl.java:43)
	at java.base/java.lang.reflect.Method.invoke(Method.java:566)
	at org.junit.runners.model.FrameworkMethod$1.runReflectiveCall(FrameworkMethod.java:59)
	at org.junit.internal.runners.model.ReflectiveCallable.run(ReflectiveCallable.java:12)
	at org.junit.runners.model.FrameworkMethod.invokeExplosively(FrameworkMethod.java:56)
	at org.junit.internal.runners.statements.InvokeMethod.evaluate(InvokeMethod.java:17)
	at org.junit.internal.runners.statements.RunAfters.evaluate(RunAfters.java:27)
	at org.junit.internal.runners.statements.FailOnTimeout$CallableStatement.call(FailOnTimeout.java:299)
	at org.junit.internal.runners.statements.FailOnTimeout$CallableStatement.call(FailOnTimeout.java:293)
	at java.base/java.util.concurrent.FutureTask.run(FutureTask.java:264)
	at java.base/java.lang.Thread.run(Thread.java:829)
Caused by: org.apache.ratis.util.ExitUtils$ExitException: Failed to start Grpc server
	at org.apache.ratis.util.ExitUtils.terminate(ExitUtils.java:141)
	at org.apache.ratis.util.ExitUtils.terminate(ExitUtils.java:151)
	at org.apache.ratis.grpc.server.GrpcService.startImpl(GrpcService.java:300)
	at org.apache.ratis.util.LifeCycle.startAndTransition(LifeCycle.java:270)
	at org.apache.ratis.server.RaftServerRpcWithProxy.start(RaftServerRpcWithProxy.java:72)
	at org.apache.ratis.server.impl.RaftServerProxy.startImpl(RaftServerProxy.java:407)
	at org.apache.ratis.util.LifeCycle.startAndTransition(LifeCycle.java:270)
	at org.apache.ratis.server.impl.RaftServerProxy.start(RaftServerProxy.java:400)
	at org.apache.ratis.server.impl.MiniRaftCluster.startServers(MiniRaftCluster.java:499)
	at org.apache.ratis.server.impl.MiniRaftCluster.start(MiniRaftCluster.java:346)
	at org.apache.ratis.server.impl.GroupManagementBaseTest.runMultiGroupTest(GroupManagementBaseTest.java:263)
	at org.apache.ratis.server.impl.GroupManagementBaseTest.runMultiGroupTest(GroupManagementBaseTest.java:237)
	at org.apache.ratis.server.impl.GroupManagementBaseTest.testMultiGroup5Nodes(GroupManagementBaseTest.java:220)
	... 13 more
Caused by: java.io.IOException: Failed to bind to address 0.0.0.0/0.0.0.0:45379
	at org.apache.ratis.thirdparty.io.grpc.netty.NettyServer.start(NettyServer.java:326)
	at org.apache.ratis.thirdparty.io.grpc.internal.ServerImpl.start(ServerImpl.java:185)
	at org.apache.ratis.thirdparty.io.grpc.internal.ServerImpl.start(ServerImpl.java:94)
	at org.apache.ratis.grpc.server.GrpcService.startImpl(GrpcService.java:298)
	... 23 more
Caused by: org.apache.ratis.thirdparty.io.netty.channel.unix.Errors$NativeIoException: bind(..) failed: Address already in use
]]></failure>
    <system-out><![CDATA[2023-12-13 18:50:30,021 [main] INFO  util.LogUtils (Slf4jUtils.java:setLogLevel(38)) - Successfully set org.apache.ratis.conf.ConfUtils log level to WARN
2023-12-13 18:50:30,021 [main] INFO  util.LogUtils (Slf4jUtils.java:setLogLevel(38)) - Successfully set org.apache.ratis.util.FileUtils log level to TRACE
2023-12-13 18:50:30,021 [main] INFO  util.LogUtils (Slf4jUtils.java:setLogLevel(38)) - Successfully set org.apache.ratis.server.RaftServer log level to DEBUG
2023-12-13 18:50:30,021 [main] INFO  util.LogUtils (Slf4jUtils.java:setLogLevel(38)) - Successfully set org.apache.ratis.server.RaftServer$Division log level to DEBUG
2023-12-13 18:50:30,021 [main] INFO  util.LogUtils (Slf4jUtils.java:setLogLevel(38)) - Successfully set org.apache.ratis.client.RaftClient log level to DEBUG
2023-12-13 18:50:30,022 [Time-limited test] INFO  impl.MiniRaftCluster (MiniRaftCluster.java:<init>(306)) - new MiniRaftClusterWithGrpc with group-9C173AEBECE6:[]
2023-12-13 18:50:30,022 [Time-limited test] INFO  impl.GroupManagementBaseTest (GroupManagementBaseTest.java:testGroupWithPriority(85)) - Start testMultiGroupprinting ALL groups
2023-12-13 18:50:30,022 [Time-limited test] INFO  impl.MiniRaftCluster (MiniRaftCluster.java:newRaftServer(382)) - newRaftServer: s0, null, format? true
2023-12-13 18:50:30,022 [Time-limited test] TRACE util.FileUtils (FileUtils.java:deleteFully(305)) - deleteFully target/test/data/b8de9602/MiniRaftClusterWithGrpcbc2420e5/s0
2023-12-13 18:50:30,022 [Time-limited test] TRACE util.FileUtils (FileUtils.java:deleteFully(318)) - deleteFully: target/test/data/b8de9602/MiniRaftClusterWithGrpcbc2420e5/s0 does not exist.
2023-12-13 18:50:30,022 [Time-limited test] INFO  impl.MiniRaftCluster (MiniRaftCluster.java:newRaftServer(387)) - Formatted directory target/test/data/b8de9602/MiniRaftClusterWithGrpcbc2420e5/s0
2023-12-13 18:50:30,023 [Time-limited test] DEBUG server.RaftServer (ServerImplUtils.java:newRaftServer(51)) - newRaftServer: s0, null
2023-12-13 18:50:30,023 [Time-limited test] INFO  server.RaftServer (ConfUtils.java:logGet(46)) - raft.rpc.type = GRPC (default)
2023-12-13 18:50:30,023 [Time-limited test] INFO  grpc.GrpcConfigKeys (ConfUtils.java:logFallback(53)) - raft.grpc.admin.host = null (fallback to raft.grpc.server.host)
2023-12-13 18:50:30,023 [Time-limited test] INFO  grpc.GrpcConfigKeys (ConfUtils.java:logFallback(53)) - raft.grpc.admin.port = 46607 (fallback to raft.grpc.server.port)
2023-12-13 18:50:30,023 [Time-limited test] INFO  grpc.GrpcConfigKeys (ConfUtils.java:logFallback(53)) - raft.grpc.client.host = null (fallback to raft.grpc.server.host)
2023-12-13 18:50:30,023 [Time-limited test] INFO  grpc.GrpcConfigKeys (ConfUtils.java:logFallback(53)) - raft.grpc.client.port = 46607 (fallback to raft.grpc.server.port)
2023-12-13 18:50:30,023 [Time-limited test] INFO  grpc.GrpcConfigKeys (ConfUtils.java:logGet(46)) - raft.grpc.server.host = null (default)
2023-12-13 18:50:30,023 [Time-limited test] INFO  grpc.GrpcConfigKeys (ConfUtils.java:logGet(46)) - raft.grpc.server.port = 46607 (custom)
2023-12-13 18:50:30,023 [Time-limited test] INFO  server.GrpcService (ConfUtils.java:logGet(46)) - raft.grpc.message.size.max = 64MB (=67108864) (default)
2023-12-13 18:50:30,023 [Time-limited test] INFO  server.RaftServerConfigKeys (ConfUtils.java:logGet(46)) - raft.server.log.appender.buffer.byte-limit = 4MB (=4194304) (default)
2023-12-13 18:50:30,023 [Time-limited test] INFO  server.GrpcService (ConfUtils.java:logGet(46)) - raft.grpc.flow.control.window = 1MB (=1048576) (default)
2023-12-13 18:50:30,023 [Time-limited test] INFO  server.RaftServerConfigKeys (ConfUtils.java:logGet(46)) - raft.server.rpc.request.timeout = 3000ms (default)
2023-12-13 18:50:30,023 [Time-limited test] INFO  grpc.GrpcConfigKeys (ConfUtils.java:logGet(46)) - raft.grpc.server.heartbeat.channel = true (default)
2023-12-13 18:50:30,023 [Time-limited test] INFO  grpc.GrpcConfigKeys (ConfUtils.java:logGet(46)) - raft.grpc.server.async.request.thread.pool.cached = true (default)
2023-12-13 18:50:30,023 [Time-limited test] INFO  grpc.GrpcConfigKeys (ConfUtils.java:logGet(46)) - raft.grpc.server.async.request.thread.pool.size = 32 (default)
2023-12-13 18:50:30,023 [Time-limited test] INFO  impl.DataStreamServerImpl (ConfUtils.java:logGet(46)) - raft.datastream.type = DISABLED (default)
2023-12-13 18:50:30,023 [Time-limited test] INFO  server.RaftServerConfigKeys (ConfUtils.java:logGet(46)) - raft.server.sleep.deviation.threshold = 300ms (default)
2023-12-13 18:50:30,024 [Time-limited test] INFO  server.RaftServerConfigKeys (ConfUtils.java:logGet(46)) - raft.server.close.threshold = 60s (default)
2023-12-13 18:50:30,024 [Time-limited test] INFO  server.RaftServerConfigKeys (ConfUtils.java:logGet(46)) - raft.server.leaderelection.leader.step-down.wait-time = 10s (default)
2023-12-13 18:50:30,024 [Time-limited test] INFO  server.RaftServerConfigKeys (ConfUtils.java:logGet(46)) - raft.server.storage.dir = [/home/runner/work/ratis/ratis/ratis-test/target/test/data/b8de9602/MiniRaftClusterWithGrpcbc2420e5/s0] (custom)
2023-12-13 18:50:30,024 [Time-limited test] INFO  server.RaftServerConfigKeys (ConfUtils.java:logGet(46)) - raft.server.threadpool.proxy.cached = true (default)
2023-12-13 18:50:30,024 [Time-limited test] INFO  server.RaftServerConfigKeys (ConfUtils.java:logGet(46)) - raft.server.threadpool.proxy.size = 0 (default)
2023-12-13 18:50:30,024 [Time-limited test] INFO  impl.MiniRaftCluster (MiniRaftCluster.java:newRaftServer(382)) - newRaftServer: s1, null, format? true
2023-12-13 18:50:30,024 [Time-limited test] TRACE util.FileUtils (FileUtils.java:deleteFully(305)) - deleteFully target/test/data/b8de9602/MiniRaftClusterWithGrpcbc2420e5/s1
2023-12-13 18:50:30,024 [Time-limited test] TRACE util.FileUtils (FileUtils.java:deleteFully(318)) - deleteFully: target/test/data/b8de9602/MiniRaftClusterWithGrpcbc2420e5/s1 does not exist.
2023-12-13 18:50:30,024 [Time-limited test] INFO  impl.MiniRaftCluster (MiniRaftCluster.java:newRaftServer(387)) - Formatted directory target/test/data/b8de9602/MiniRaftClusterWithGrpcbc2420e5/s1
2023-12-13 18:50:30,024 [Time-limited test] DEBUG server.RaftServer (ServerImplUtils.java:newRaftServer(51)) - newRaftServer: s1, null
2023-12-13 18:50:30,024 [Time-limited test] INFO  server.RaftServer (ConfUtils.java:logGet(46)) - raft.rpc.type = GRPC (default)
2023-12-13 18:50:30,024 [Time-limited test] INFO  grpc.GrpcConfigKeys (ConfUtils.java:logFallback(53)) - raft.grpc.admin.host = null (fallback to raft.grpc.server.host)
2023-12-13 18:50:30,024 [Time-limited test] INFO  grpc.GrpcConfigKeys (ConfUtils.java:logFallback(53)) - raft.grpc.admin.port = 41525 (fallback to raft.grpc.server.port)
2023-12-13 18:50:30,024 [Time-limited test] INFO  grpc.GrpcConfigKeys (ConfUtils.java:logFallback(53)) - raft.grpc.client.host = null (fallback to raft.grpc.server.host)
2023-12-13 18:50:30,024 [Time-limited test] INFO  grpc.GrpcConfigKeys (ConfUtils.java:logFallback(53)) - raft.grpc.client.port = 41525 (fallback to raft.grpc.server.port)
2023-12-13 18:50:30,024 [Time-limited test] INFO  grpc.GrpcConfigKeys (ConfUtils.java:logGet(46)) - raft.grpc.server.host = null (default)
2023-12-13 18:50:30,024 [Time-limited test] INFO  grpc.GrpcConfigKeys (ConfUtils.java:logGet(46)) - raft.grpc.server.port = 41525 (custom)
2023-12-13 18:50:30,024 [Time-limited test] INFO  server.GrpcService (ConfUtils.java:logGet(46)) - raft.grpc.message.size.max = 64MB (=67108864) (default)
2023-12-13 18:50:30,024 [Time-limited test] INFO  server.RaftServerConfigKeys (ConfUtils.java:logGet(46)) - raft.server.log.appender.buffer.byte-limit = 4MB (=4194304) (default)
2023-12-13 18:50:30,024 [Time-limited test] INFO  server.GrpcService (ConfUtils.java:logGet(46)) - raft.grpc.flow.control.window = 1MB (=1048576) (default)
2023-12-13 18:50:30,024 [Time-limited test] INFO  server.RaftServerConfigKeys (ConfUtils.java:logGet(46)) - raft.server.rpc.request.timeout = 3000ms (default)
2023-12-13 18:50:30,024 [Time-limited test] INFO  grpc.GrpcConfigKeys (ConfUtils.java:logGet(46)) - raft.grpc.server.heartbeat.channel = true (default)
2023-12-13 18:50:30,024 [Time-limited test] INFO  grpc.GrpcConfigKeys (ConfUtils.java:logGet(46)) - raft.grpc.server.async.request.thread.pool.cached = true (default)
2023-12-13 18:50:30,024 [Time-limited test] INFO  grpc.GrpcConfigKeys (ConfUtils.java:logGet(46)) - raft.grpc.server.async.request.thread.pool.size = 32 (default)
2023-12-13 18:50:30,025 [Time-limited test] INFO  impl.DataStreamServerImpl (ConfUtils.java:logGet(46)) - raft.datastream.type = DISABLED (default)
2023-12-13 18:50:30,025 [Time-limited test] INFO  server.RaftServerConfigKeys (ConfUtils.java:logGet(46)) - raft.server.sleep.deviation.threshold = 300ms (default)
2023-12-13 18:50:30,025 [Time-limited test] INFO  server.RaftServerConfigKeys (ConfUtils.java:logGet(46)) - raft.server.close.threshold = 60s (default)
2023-12-13 18:50:30,025 [Time-limited test] INFO  server.RaftServerConfigKeys (ConfUtils.java:logGet(46)) - raft.server.leaderelection.leader.step-down.wait-time = 10s (default)
2023-12-13 18:50:30,025 [Time-limited test] INFO  server.RaftServerConfigKeys (ConfUtils.java:logGet(46)) - raft.server.storage.dir = [/home/runner/work/ratis/ratis/ratis-test/target/test/data/b8de9602/MiniRaftClusterWithGrpcbc2420e5/s1] (custom)
2023-12-13 18:50:30,025 [Time-limited test] INFO  server.RaftServerConfigKeys (ConfUtils.java:logGet(46)) - raft.server.threadpool.proxy.cached = true (default)
2023-12-13 18:50:30,025 [Time-limited test] INFO  server.RaftServerConfigKeys (ConfUtils.java:logGet(46)) - raft.server.threadpool.proxy.size = 0 (default)
2023-12-13 18:50:30,025 [Time-limited test] INFO  impl.MiniRaftCluster (MiniRaftCluster.java:newRaftServer(382)) - newRaftServer: s2, null, format? true
2023-12-13 18:50:30,025 [Time-limited test] TRACE util.FileUtils (FileUtils.java:deleteFully(305)) - deleteFully target/test/data/b8de9602/MiniRaftClusterWithGrpcbc2420e5/s2
2023-12-13 18:50:30,025 [Time-limited test] TRACE util.FileUtils (FileUtils.java:deleteFully(318)) - deleteFully: target/test/data/b8de9602/MiniRaftClusterWithGrpcbc2420e5/s2 does not exist.
2023-12-13 18:50:30,025 [Time-limited test] INFO  impl.MiniRaftCluster (MiniRaftCluster.java:newRaftServer(387)) - Formatted directory target/test/data/b8de9602/MiniRaftClusterWithGrpcbc2420e5/s2
2023-12-13 18:50:30,025 [Time-limited test] DEBUG server.RaftServer (ServerImplUtils.java:newRaftServer(51)) - newRaftServer: s2, null
2023-12-13 18:50:30,025 [Time-limited test] INFO  server.RaftServer (ConfUtils.java:logGet(46)) - raft.rpc.type = GRPC (default)
2023-12-13 18:50:30,025 [Time-limited test] INFO  grpc.GrpcConfigKeys (ConfUtils.java:logFallback(53)) - raft.grpc.admin.host = null (fallback to raft.grpc.server.host)
2023-12-13 18:50:30,025 [Time-limited test] INFO  grpc.GrpcConfigKeys (ConfUtils.java:logFallback(53)) - raft.grpc.admin.port = 45147 (fallback to raft.grpc.server.port)
2023-12-13 18:50:30,025 [Time-limited test] INFO  grpc.GrpcConfigKeys (ConfUtils.java:logFallback(53)) - raft.grpc.client.host = null (fallback to raft.grpc.server.host)
2023-12-13 18:50:30,025 [Time-limited test] INFO  grpc.GrpcConfigKeys (ConfUtils.java:logFallback(53)) - raft.grpc.client.port = 45147 (fallback to raft.grpc.server.port)
2023-12-13 18:50:30,025 [Time-limited test] INFO  grpc.GrpcConfigKeys (ConfUtils.java:logGet(46)) - raft.grpc.server.host = null (default)
2023-12-13 18:50:30,025 [Time-limited test] INFO  grpc.GrpcConfigKeys (ConfUtils.java:logGet(46)) - raft.grpc.server.port = 45147 (custom)
2023-12-13 18:50:30,025 [Time-limited test] INFO  server.GrpcService (ConfUtils.java:logGet(46)) - raft.grpc.message.size.max = 64MB (=67108864) (default)
2023-12-13 18:50:30,025 [Time-limited test] INFO  server.RaftServerConfigKeys (ConfUtils.java:logGet(46)) - raft.server.log.appender.buffer.byte-limit = 4MB (=4194304) (default)
2023-12-13 18:50:30,025 [Time-limited test] INFO  server.GrpcService (ConfUtils.java:logGet(46)) - raft.grpc.flow.control.window = 1MB (=1048576) (default)
2023-12-13 18:50:30,025 [Time-limited test] INFO  server.RaftServerConfigKeys (ConfUtils.java:logGet(46)) - raft.server.rpc.request.timeout = 3000ms (default)
2023-12-13 18:50:30,025 [Time-limited test] INFO  grpc.GrpcConfigKeys (ConfUtils.java:logGet(46)) - raft.grpc.server.heartbeat.channel = true (default)
2023-12-13 18:50:30,026 [Time-limited test] INFO  grpc.GrpcConfigKeys (ConfUtils.java:logGet(46)) - raft.grpc.server.async.request.thread.pool.cached = true (default)
2023-12-13 18:50:30,026 [Time-limited test] INFO  grpc.GrpcConfigKeys (ConfUtils.java:logGet(46)) - raft.grpc.server.async.request.thread.pool.size = 32 (default)
2023-12-13 18:50:30,026 [Time-limited test] INFO  impl.DataStreamServerImpl (ConfUtils.java:logGet(46)) - raft.datastream.type = DISABLED (default)
2023-12-13 18:50:30,026 [Time-limited test] INFO  server.RaftServerConfigKeys (ConfUtils.java:logGet(46)) - raft.server.sleep.deviation.threshold = 300ms (default)
2023-12-13 18:50:30,026 [Time-limited test] INFO  server.RaftServerConfigKeys (ConfUtils.java:logGet(46)) - raft.server.close.threshold = 60s (default)
2023-12-13 18:50:30,026 [Time-limited test] INFO  server.RaftServerConfigKeys (ConfUtils.java:logGet(46)) - raft.server.leaderelection.leader.step-down.wait-time = 10s (default)
2023-12-13 18:50:30,026 [Time-limited test] INFO  server.RaftServerConfigKeys (ConfUtils.java:logGet(46)) - raft.server.storage.dir = [/home/runner/work/ratis/ratis/ratis-test/target/test/data/b8de9602/MiniRaftClusterWithGrpcbc2420e5/s2] (custom)
2023-12-13 18:50:30,026 [Time-limited test] INFO  server.RaftServerConfigKeys (ConfUtils.java:logGet(46)) - raft.server.threadpool.proxy.cached = true (default)
2023-12-13 18:50:30,026 [Time-limited test] INFO  server.RaftServerConfigKeys (ConfUtils.java:logGet(46)) - raft.server.threadpool.proxy.size = 0 (default)
2023-12-13 18:50:30,026 [Time-limited test] INFO  impl.GroupManagementBaseTest (GroupManagementBaseTest.java:testGroupWithPriority(91)) - putNewServer: printing ALL groups
  s0:      NEW <EMPTY>
  s1:      NEW <EMPTY>
  s2:      NEW <EMPTY>
2023-12-13 18:50:30,026 [Time-limited test] INFO  impl.MiniRaftCluster (MiniRaftCluster.java:start(339)) - .............................................................. 
2023-12-13 18:50:30,026 [Time-limited test] INFO  impl.MiniRaftCluster (MiniRaftCluster.java:start(340)) - ... 
2023-12-13 18:50:30,026 [Time-limited test] INFO  impl.MiniRaftCluster (MiniRaftCluster.java:start(341)) - ...     Starting MiniRaftClusterWithGrpc
2023-12-13 18:50:30,026 [Time-limited test] INFO  impl.MiniRaftCluster (MiniRaftCluster.java:start(342)) - ... 
2023-12-13 18:50:30,026 [Time-limited test] INFO  impl.MiniRaftCluster (MiniRaftCluster.java:start(343)) - .............................................................. 
2023-12-13 18:50:30,026 [Time-limited test] INFO  impl.MiniRaftCluster (MiniRaftCluster.java:initServers(318)) - servers = {s0=s0:      NEW <EMPTY>, s1=s1:      NEW <EMPTY>, s2=s2:      NEW <EMPTY>}
2023-12-13 18:50:30,026 [Time-limited test] INFO  server.RaftServer (RaftServerProxy.java:startImpl(406)) - s0: start RPC server
2023-12-13 18:50:30,027 [Time-limited test] INFO  server.GrpcService (GrpcService.java:startImpl(302)) - s0: GrpcService started, listening on 46607
2023-12-13 18:50:30,027 [Time-limited test] INFO  server.RaftServer (RaftServerProxy.java:startImpl(406)) - s1: start RPC server
2023-12-13 18:50:30,027 [JvmPauseMonitor31] INFO  util.JvmPauseMonitor (JvmPauseMonitor.java:run(146)) - JvmPauseMonitor-s0: Started
2023-12-13 18:50:30,027 [Time-limited test] INFO  server.GrpcService (GrpcService.java:startImpl(302)) - s1: GrpcService started, listening on 41525
2023-12-13 18:50:30,027 [Time-limited test] INFO  server.RaftServer (RaftServerProxy.java:startImpl(406)) - s2: start RPC server
2023-12-13 18:50:30,027 [JvmPauseMonitor32] INFO  util.JvmPauseMonitor (JvmPauseMonitor.java:run(146)) - JvmPauseMonitor-s1: Started
2023-12-13 18:50:30,028 [Time-limited test] INFO  server.GrpcService (GrpcService.java:startImpl(302)) - s2: GrpcService started, listening on 45147
2023-12-13 18:50:30,028 [JvmPauseMonitor33] INFO  util.JvmPauseMonitor (JvmPauseMonitor.java:run(146)) - JvmPauseMonitor-s2: Started
2023-12-13 18:50:31,028 [Time-limited test] INFO  impl.GroupManagementBaseTest (GroupManagementBaseTest.java:testGroupWithPriority(97)) - start: printing ALL groups
  s0:  RUNNING <EMPTY>
  s1:  RUNNING <EMPTY>
  s2:  RUNNING <EMPTY>
2023-12-13 18:50:31,028 [Time-limited test] INFO  impl.GroupManagementBaseTest (GroupManagementBaseTest.java:testGroupWithPriority(106)) - add new group: group-54689077FB2A:[s0|0.0.0.0:46607, s1|0.0.0.0:41525, s2|0.0.0.0:45147]
2023-12-13 18:50:31,028 [Time-limited test] DEBUG client.RaftClient (ConfUtils.java:logGet(46)) - raft.rpc.type = GRPC (default)
2023-12-13 18:50:31,032 [grpc-default-executor-13] INFO  server.RaftServer (RaftServerProxy.java:addNew(100)) - s0: addNew group-54689077FB2A:[s0|0.0.0.0:46607, s1|0.0.0.0:41525, s2|0.0.0.0:45147] returns group-54689077FB2A:java.util.concurrent.CompletableFuture@64b1a823[Not completed]
2023-12-13 18:50:31,032 [s0-groupManagement] INFO  server.RaftServer$Division (RaftServerImpl.java:<init>(256)) - s0: new RaftServerImpl for group-54689077FB2A:[s0|0.0.0.0:46607, s1|0.0.0.0:41525, s2|0.0.0.0:45147] with BaseStateMachine:uninitialized
2023-12-13 18:50:31,032 [s0-groupManagement] INFO  server.RaftServerConfigKeys (ConfUtils.java:logGet(46)) - raft.server.rpc.timeout.min = 1500ms (custom)
2023-12-13 18:50:31,032 [s0-groupManagement] INFO  server.RaftServerConfigKeys (ConfUtils.java:logGet(46)) - raft.server.rpc.timeout.max = 2000ms (custom)
2023-12-13 18:50:31,032 [s0-groupManagement] INFO  server.RaftServerConfigKeys (ConfUtils.java:logGet(46)) - raft.server.rpc.sleep.time = 25ms (default)
2023-12-13 18:50:31,032 [s0-groupManagement] INFO  server.RaftServerConfigKeys (ConfUtils.java:logGet(46)) - raft.server.rpc.slowness.timeout = 60s (default)
2023-12-13 18:50:31,032 [s0-groupManagement] INFO  server.RaftServerConfigKeys (ConfUtils.java:logGet(46)) - raft.server.leaderelection.leader.step-down.wait-time = 10s (default)
2023-12-13 18:50:31,032 [s0-groupManagement] INFO  server.RaftServerConfigKeys (ConfUtils.java:logGet(46)) - raft.server.leaderelection.member.majority-add = false (default)
2023-12-13 18:50:31,032 [s0-groupManagement] INFO  server.RaftServerConfigKeys (ConfUtils.java:logGet(46)) - raft.server.sleep.deviation.threshold = 300ms (default)
2023-12-13 18:50:31,032 [s0-groupManagement] INFO  server.RaftServer$Division (ServerState.java:<init>(113)) - s0@group-54689077FB2A: ConfigurationManager, init=-1: peers:[s0|0.0.0.0:46607, s1|0.0.0.0:41525, s2|0.0.0.0:45147]|listeners:[], old=null, confs=<EMPTY_MAP>
2023-12-13 18:50:31,032 [s0-groupManagement] INFO  server.RaftServerConfigKeys (ConfUtils.java:logGet(46)) - raft.server.notification.no-leader.timeout = 60s (default)
2023-12-13 18:50:31,032 [s0-groupManagement] INFO  server.RaftServerConfigKeys (ConfUtils.java:logGet(46)) - raft.server.read.timeout = 10s (default)
2023-12-13 18:50:31,033 [s0-groupManagement] INFO  server.RaftServerConfigKeys (ConfUtils.java:logGet(46)) - raft.server.retrycache.expirytime = 60s (default)
2023-12-13 18:50:31,033 [s0-groupManagement] INFO  server.RaftServerConfigKeys (ConfUtils.java:logGet(46)) - raft.server.retrycache.statistics.expirytime = 100ms (default)
2023-12-13 18:50:31,033 [s0-groupManagement] INFO  server.RaftServerConfigKeys (ConfUtils.java:logGet(46)) - raft.server.read.option = DEFAULT (default)
2023-12-13 18:50:31,033 [s0-groupManagement] INFO  server.RaftServerConfigKeys (ConfUtils.java:logGet(46)) - raft.server.read.read-after-write-consistent.write-index-cache.expiry-time = 60s (default)
2023-12-13 18:50:31,033 [s0-groupManagement] INFO  server.RaftServerConfigKeys (ConfUtils.java:logGet(46)) - raft.server.rpc.request.timeout = 3000ms (default)
2023-12-13 18:50:31,033 [s0-groupManagement] INFO  server.RaftServerConfigKeys (ConfUtils.java:logGet(46)) - raft.server.log.appender.install.snapshot.enabled = true (default)
2023-12-13 18:50:31,033 [s0-groupManagement] INFO  server.RaftServerConfigKeys (ConfUtils.java:logGet(46)) - raft.server.threadpool.server.cached = true (default)
2023-12-13 18:50:31,033 [s0-groupManagement] INFO  server.RaftServerConfigKeys (ConfUtils.java:logGet(46)) - raft.server.threadpool.server.size = 0 (default)
2023-12-13 18:50:31,033 [s0-groupManagement] INFO  server.RaftServerConfigKeys (ConfUtils.java:logGet(46)) - raft.server.threadpool.client.cached = true (default)
2023-12-13 18:50:31,033 [s0-groupManagement] INFO  server.RaftServerConfigKeys (ConfUtils.java:logGet(46)) - raft.server.threadpool.client.size = 0 (default)
2023-12-13 18:50:31,033 [s0-groupManagement] DEBUG server.RaftServer (RaftServerProxy.java:lambda$groupAddAsync$13(507)) - s0: newImpl =      null s0@group-54689077FB2A:t0, leader=null, voted=null, raftlog=UNINITIALIZED, conf=-1: peers:[s0|0.0.0.0:46607, s1|0.0.0.0:41525, s2|0.0.0.0:45147]|listeners:[], old=null NEW
2023-12-13 18:50:31,033 [s0-groupManagement] INFO  server.RaftServerConfigKeys (ConfUtils.java:logGet(46)) - raft.server.storage.free-space.min = 0MB (=0) (default)
2023-12-13 18:50:31,033 [s0-groupManagement] INFO  server.RaftServerConfigKeys (ConfUtils.java:logGet(46)) - raft.server.log.corruption.policy = EXCEPTION (default)
2023-12-13 18:50:31,033 [s0-groupManagement] INFO  server.RaftServerConfigKeys (ConfUtils.java:logGet(46)) - raft.server.storage.dir = [/home/runner/work/ratis/ratis/ratis-test/target/test/data/b8de9602/MiniRaftClusterWithGrpcbc2420e5/s0] (custom)
2023-12-13 18:50:31,033 [s0-groupManagement] INFO  storage.RaftStorageDirectory (RaftStorageDirectoryImpl.java:analyzeStorage(138)) - The storage directory /home/runner/work/ratis/ratis/ratis-test/target/test/data/b8de9602/MiniRaftClusterWithGrpcbc2420e5/s0/82990ede-4710-4729-82e4-54689077fb2a does not exist. Creating ...
2023-12-13 18:50:31,034 [s0-groupManagement] TRACE util.FileUtils (LogUtils.java:runAndLog(49)) - Successfully ran Files.createDirectories /home/runner/work/ratis/ratis/ratis-test/target/test/data/b8de9602/MiniRaftClusterWithGrpcbc2420e5/s0/82990ede-4710-4729-82e4-54689077fb2a
2023-12-13 18:50:31,035 [s0-groupManagement] INFO  storage.RaftStorageDirectory (RaftStorageDirectoryImpl.java:tryLock(228)) - Lock on /home/runner/work/ratis/ratis/ratis-test/target/test/data/b8de9602/MiniRaftClusterWithGrpcbc2420e5/s0/82990ede-4710-4729-82e4-54689077fb2a/in_use.lock acquired by nodename 24599@fv-az743-812
2023-12-13 18:50:31,035 [s0-groupManagement] TRACE util.FileUtils (LogUtils.java:runAndLog(49)) - Successfully ran Files.createDirectories /home/runner/work/ratis/ratis/ratis-test/target/test/data/b8de9602/MiniRaftClusterWithGrpcbc2420e5/s0/82990ede-4710-4729-82e4-54689077fb2a/current
2023-12-13 18:50:31,035 [s0-groupManagement] TRACE util.FileUtils (LogUtils.java:runAndLog(49)) - Successfully ran Files.createDirectories /home/runner/work/ratis/ratis/ratis-test/target/test/data/b8de9602/MiniRaftClusterWithGrpcbc2420e5/s0/82990ede-4710-4729-82e4-54689077fb2a/sm
2023-12-13 18:50:31,035 [s0-groupManagement] TRACE util.FileUtils (LogUtils.java:supplyAndLog(69)) - Successfully supplied FileChannel.open /home/runner/work/ratis/ratis/ratis-test/target/test/data/b8de9602/MiniRaftClusterWithGrpcbc2420e5/s0/82990ede-4710-4729-82e4-54689077fb2a/current/raft-meta.tmp with options [CREATE, WRITE]: sun.nio.ch.FileChannelImpl@4bca8cd6
2023-12-13 18:50:31,036 [s0-groupManagement] TRACE util.FileUtils (LogUtils.java:runAndLog(49)) - Successfully ran Atomic Files.move /home/runner/work/ratis/ratis/ratis-test/target/test/data/b8de9602/MiniRaftClusterWithGrpcbc2420e5/s0/82990ede-4710-4729-82e4-54689077fb2a/current/raft-meta.tmp to /home/runner/work/ratis/ratis/ratis-test/target/test/data/b8de9602/MiniRaftClusterWithGrpcbc2420e5/s0/82990ede-4710-4729-82e4-54689077fb2a/current/raft-meta with options [REPLACE_EXISTING]
2023-12-13 18:50:31,036 [s0-groupManagement] INFO  storage.RaftStorage (RaftStorageImpl.java:format(99)) - Storage directory /home/runner/work/ratis/ratis/ratis-test/target/test/data/b8de9602/MiniRaftClusterWithGrpcbc2420e5/s0/82990ede-4710-4729-82e4-54689077fb2a has been successfully formatted.
2023-12-13 18:50:31,036 [s0-groupManagement] TRACE util.FileUtils (LogUtils.java:supplyAndLog(61)) - Failed to Files.newInputStream /home/runner/work/ratis/ratis/ratis-test/target/test/data/b8de9602/MiniRaftClusterWithGrpcbc2420e5/s0/82990ede-4710-4729-82e4-54689077fb2a/current/raft-meta.conf with options []
java.nio.file.NoSuchFileException: /home/runner/work/ratis/ratis/ratis-test/target/test/data/b8de9602/MiniRaftClusterWithGrpcbc2420e5/s0/82990ede-4710-4729-82e4-54689077fb2a/current/raft-meta.conf
	at java.base/sun.nio.fs.UnixException.translateToIOException(UnixException.java:92)
	at java.base/sun.nio.fs.UnixException.rethrowAsIOException(UnixException.java:111)
	at java.base/sun.nio.fs.UnixException.rethrowAsIOException(UnixException.java:116)
	at java.base/sun.nio.fs.UnixFileSystemProvider.newByteChannel(UnixFileSystemProvider.java:219)
	at java.base/java.nio.file.Files.newByteChannel(Files.java:371)
	at java.base/java.nio.file.Files.newByteChannel(Files.java:422)
	at java.base/java.nio.file.spi.FileSystemProvider.newInputStream(FileSystemProvider.java:420)
	at java.base/java.nio.file.Files.newInputStream(Files.java:156)
	at org.apache.ratis.util.FileUtils.lambda$newInputStream$2(FileUtils.java:73)
	at org.apache.ratis.util.LogUtils.supplyAndLog(LogUtils.java:58)
	at org.apache.ratis.util.FileUtils.newInputStream(FileUtils.java:72)
	at org.apache.ratis.util.FileUtils.newInputStream(FileUtils.java:68)
	at org.apache.ratis.server.storage.RaftStorageImpl.readRaftConfiguration(RaftStorageImpl.java:156)
	at org.apache.ratis.server.impl.ServerState.initialize(ServerState.java:141)
	at org.apache.ratis.server.impl.RaftServerImpl.start(RaftServerImpl.java:388)
	at org.apache.ratis.server.impl.RaftServerProxy.lambda$groupAddAsync$13(RaftServerProxy.java:509)
	at java.base/java.util.concurrent.CompletableFuture$UniApply.tryFire(CompletableFuture.java:642)
	at java.base/java.util.concurrent.CompletableFuture$Completion.run(CompletableFuture.java:478)
	at java.base/java.util.concurrent.ThreadPoolExecutor.runWorker(ThreadPoolExecutor.java:1128)
	at java.base/java.util.concurrent.ThreadPoolExecutor$Worker.run(ThreadPoolExecutor.java:628)
	at java.base/java.lang.Thread.run(Thread.java:829)
2023-12-13 18:50:31,036 [s0-groupManagement] INFO  server.RaftServerConfigKeys (ConfUtils.java:logGet(46)) - raft.server.log.use.memory = false (default)
2023-12-13 18:50:31,036 [s0-groupManagement] INFO  server.RaftServerConfigKeys (ConfUtils.java:logGet(46)) - raft.server.log.purge.gap = 1024 (default)
2023-12-13 18:50:31,036 [s0-groupManagement] INFO  server.RaftServerConfigKeys (ConfUtils.java:logGet(46)) - raft.server.log.appender.buffer.byte-limit = 4MB (=4194304) (default)
2023-12-13 18:50:31,036 [s0-groupManagement] INFO  server.RaftServerConfigKeys (ConfUtils.java:logGet(46)) - raft.server.log.statemachine.data.read.timeout = 1000ms (default)
2023-12-13 18:50:31,036 [s0-groupManagement] INFO  server.RaftServerConfigKeys (ConfUtils.java:logGet(46)) - raft.server.log.purge.preservation.log.num = 0 (default)
2023-12-13 18:50:31,036 [s0-groupManagement] INFO  server.RaftServerConfigKeys (ConfUtils.java:logGet(46)) - raft.server.log.segment.size.max = 32MB (=33554432) (default)
2023-12-13 18:50:31,036 [s0-groupManagement] INFO  server.RaftServerConfigKeys (ConfUtils.java:logGet(46)) - raft.server.log.segment.cache.num.max = 6 (default)
2023-12-13 18:50:31,036 [s0-groupManagement] INFO  server.RaftServerConfigKeys (ConfUtils.java:logGet(46)) - raft.server.log.segment.cache.size.max = 200MB (=209715200) (default)
2023-12-13 18:50:31,036 [s0-groupManagement] INFO  server.RaftServerConfigKeys (ConfUtils.java:logGet(46)) - raft.server.log.appender.buffer.byte-limit = 4MB (=4194304) (default)
2023-12-13 18:50:31,036 [s0-groupManagement] INFO  util.AwaitToRun (AwaitToRun.java:start(81)) - Thread[s0@group-54689077FB2A-cacheEviction-AwaitToRun,5,main] started
2023-12-13 18:50:31,036 [s0-groupManagement] INFO  segmented.SegmentedRaftLogWorker (SegmentedRaftLogWorker.java:<init>(182)) - new s0@group-54689077FB2A-SegmentedRaftLogWorker for RaftStorageImpl:Storage Directory /home/runner/work/ratis/ratis/ratis-test/target/test/data/b8de9602/MiniRaftClusterWithGrpcbc2420e5/s0/82990ede-4710-4729-82e4-54689077fb2a
2023-12-13 18:50:31,036 [s0-groupManagement] INFO  server.RaftServerConfigKeys (ConfUtils.java:logGet(46)) - raft.server.log.queue.byte-limit = 64MB (=67108864) (default)
2023-12-13 18:50:31,036 [s0-groupManagement] INFO  server.RaftServerConfigKeys (ConfUtils.java:logGet(46)) - raft.server.log.queue.element-limit = 4096 (default)
2023-12-13 18:50:31,036 [s0-groupManagement] INFO  server.RaftServerConfigKeys (ConfUtils.java:logGet(46)) - raft.server.log.segment.size.max = 32MB (=33554432) (default)
2023-12-13 18:50:31,036 [s0-groupManagement] INFO  server.RaftServerConfigKeys (ConfUtils.java:logGet(46)) - raft.server.log.preallocated.size = 4MB (=4194304) (default)
2023-12-13 18:50:31,036 [s0-groupManagement] INFO  server.RaftServerConfigKeys (ConfUtils.java:logGet(46)) - raft.server.log.force.sync.num = 128 (default)
2023-12-13 18:50:31,036 [s0-groupManagement] INFO  server.RaftServerConfigKeys (ConfUtils.java:logGet(46)) - raft.server.log.statemachine.data.sync = true (default)
2023-12-13 18:50:31,036 [s0-groupManagement] INFO  server.RaftServerConfigKeys (ConfUtils.java:logGet(46)) - raft.server.log.statemachine.data.sync.timeout = 10s (default)
2023-12-13 18:50:31,036 [s0-groupManagement] INFO  server.RaftServerConfigKeys (ConfUtils.java:logGet(46)) - raft.server.log.statemachine.data.sync.timeout.retry = -1 (default)
2023-12-13 18:50:31,036 [s0-groupManagement] INFO  server.RaftServerConfigKeys (ConfUtils.java:logGet(46)) - raft.server.log.write.buffer.size = 8MB (=8388608) (default)
2023-12-13 18:50:31,038 [s0-groupManagement] INFO  server.RaftServerConfigKeys (ConfUtils.java:logGet(46)) - raft.server.log.appender.buffer.byte-limit = 4MB (=4194304) (default)
2023-12-13 18:50:31,038 [s0-groupManagement] INFO  server.RaftServerConfigKeys (ConfUtils.java:logGet(46)) - raft.server.log.unsafe-flush.enabled = false (default)
2023-12-13 18:50:31,038 [s0-groupManagement] INFO  server.RaftServerConfigKeys (ConfUtils.java:logGet(46)) - raft.server.log.async-flush.enabled = false (default)
2023-12-13 18:50:31,038 [s0-groupManagement] INFO  server.RaftServerConfigKeys (ConfUtils.java:logGet(46)) - raft.server.log.statemachine.data.caching.enabled = false (default)
2023-12-13 18:50:31,038 [s0-groupManagement] INFO  segmented.SegmentedRaftLogWorker (SegmentedRaftLogWorker.java:lambda$new$0(134)) - s0@group-54689077FB2A-SegmentedRaftLogWorker: flushIndex: setUnconditionally 0 -> -1
2023-12-13 18:50:31,038 [s0-groupManagement] INFO  segmented.SegmentedRaftLogWorker (SegmentedRaftLogWorker.java:lambda$new$0(134)) - s0@group-54689077FB2A-SegmentedRaftLogWorker: safeCacheEvictIndex: setUnconditionally 0 -> -1
2023-12-13 18:50:31,038 [s0-groupManagement] INFO  server.RaftServer$Division (RaftServerImpl.java:start(392)) - s0@group-54689077FB2A: start as a follower, conf=-1: peers:[s0|0.0.0.0:46607, s1|0.0.0.0:41525, s2|0.0.0.0:45147]|listeners:[], old=null
2023-12-13 18:50:31,038 [s0-groupManagement] INFO  server.RaftServer$Division (RaftServerImpl.java:setRole(379)) - s0@group-54689077FB2A: changes role from      null to FOLLOWER at term 0 for startAsFollower
2023-12-13 18:50:31,038 [s0-groupManagement] INFO  impl.RoleInfo (RoleInfo.java:updateAndGet(139)) - s0: start s0@group-54689077FB2A-FollowerState
2023-12-13 18:50:31,038 [s0@group-54689077FB2A-FollowerState] INFO  server.RaftServerConfigKeys (ConfUtils.java:logFallback(53)) - raft.server.rpc.first-election.timeout.min = 1500ms (fallback to raft.server.rpc.timeout.min)
2023-12-13 18:50:31,038 [s0-groupManagement] INFO  util.JmxRegister (JmxRegister.java:tryRegister(44)) - Successfully registered JMX Bean with object name Ratis:service=RaftServer,group=group-54689077FB2A,id=s0
2023-12-13 18:50:31,038 [s0@group-54689077FB2A-FollowerState] INFO  server.RaftServerConfigKeys (ConfUtils.java:logFallback(53)) - raft.server.rpc.first-election.timeout.max = 2000ms (fallback to raft.server.rpc.timeout.max)
2023-12-13 18:50:31,038 [s0-groupManagement] INFO  server.RaftServerConfigKeys (ConfUtils.java:logGet(46)) - raft.server.snapshot.trigger-when-stop.enabled = true (default)
2023-12-13 18:50:31,038 [s0-groupManagement] INFO  server.RaftServerConfigKeys (ConfUtils.java:logGet(46)) - raft.server.snapshot.auto.trigger.enabled = false (default)
2023-12-13 18:50:31,038 [s0-groupManagement] INFO  server.RaftServerConfigKeys (ConfUtils.java:logGet(46)) - raft.server.snapshot.retention.file.num = -1 (default)
2023-12-13 18:50:31,038 [s0-groupManagement] INFO  server.RaftServerConfigKeys (ConfUtils.java:logGet(46)) - raft.server.log.purge.upto.snapshot.index = false (default)
2023-12-13 18:50:31,042 [grpc-default-executor-13] INFO  server.RaftServer (RaftServerProxy.java:addNew(100)) - s1: addNew group-54689077FB2A:[s0|0.0.0.0:46607, s1|0.0.0.0:41525, s2|0.0.0.0:45147] returns group-54689077FB2A:java.util.concurrent.CompletableFuture@417ad7f7[Not completed]
2023-12-13 18:50:31,042 [s1-groupManagement] INFO  server.RaftServer$Division (RaftServerImpl.java:<init>(256)) - s1: new RaftServerImpl for group-54689077FB2A:[s0|0.0.0.0:46607, s1|0.0.0.0:41525, s2|0.0.0.0:45147] with BaseStateMachine:uninitialized
2023-12-13 18:50:31,042 [s1-groupManagement] INFO  server.RaftServerConfigKeys (ConfUtils.java:logGet(46)) - raft.server.rpc.timeout.min = 1500ms (custom)
2023-12-13 18:50:31,042 [s1-groupManagement] INFO  server.RaftServerConfigKeys (ConfUtils.java:logGet(46)) - raft.server.rpc.timeout.max = 2000ms (custom)
2023-12-13 18:50:31,042 [s1-groupManagement] INFO  server.RaftServerConfigKeys (ConfUtils.java:logGet(46)) - raft.server.rpc.sleep.time = 25ms (default)
2023-12-13 18:50:31,042 [s1-groupManagement] INFO  server.RaftServerConfigKeys (ConfUtils.java:logGet(46)) - raft.server.rpc.slowness.timeout = 60s (default)
2023-12-13 18:50:31,042 [s1-groupManagement] INFO  server.RaftServerConfigKeys (ConfUtils.java:logGet(46)) - raft.server.leaderelection.leader.step-down.wait-time = 10s (default)
2023-12-13 18:50:31,042 [s1-groupManagement] INFO  server.RaftServerConfigKeys (ConfUtils.java:logGet(46)) - raft.server.leaderelection.member.majority-add = false (default)
2023-12-13 18:50:31,042 [s1-groupManagement] INFO  server.RaftServerConfigKeys (ConfUtils.java:logGet(46)) - raft.server.sleep.deviation.threshold = 300ms (default)
2023-12-13 18:50:31,042 [s1-groupManagement] INFO  server.RaftServer$Division (ServerState.java:<init>(113)) - s1@group-54689077FB2A: ConfigurationManager, init=-1: peers:[s0|0.0.0.0:46607, s1|0.0.0.0:41525, s2|0.0.0.0:45147]|listeners:[], old=null, confs=<EMPTY_MAP>
2023-12-13 18:50:31,042 [s1-groupManagement] INFO  server.RaftServerConfigKeys (ConfUtils.java:logGet(46)) - raft.server.notification.no-leader.timeout = 60s (default)
2023-12-13 18:50:31,042 [s1-groupManagement] INFO  server.RaftServerConfigKeys (ConfUtils.java:logGet(46)) - raft.server.read.timeout = 10s (default)
2023-12-13 18:50:31,042 [s1-groupManagement] INFO  server.RaftServerConfigKeys (ConfUtils.java:logGet(46)) - raft.server.retrycache.expirytime = 60s (default)
2023-12-13 18:50:31,042 [s1-groupManagement] INFO  server.RaftServerConfigKeys (ConfUtils.java:logGet(46)) - raft.server.retrycache.statistics.expirytime = 100ms (default)
2023-12-13 18:50:31,042 [s1-groupManagement] INFO  server.RaftServerConfigKeys (ConfUtils.java:logGet(46)) - raft.server.read.option = DEFAULT (default)
2023-12-13 18:50:31,042 [s1-groupManagement] INFO  server.RaftServerConfigKeys (ConfUtils.java:logGet(46)) - raft.server.read.read-after-write-consistent.write-index-cache.expiry-time = 60s (default)
2023-12-13 18:50:31,043 [s1-groupManagement] INFO  server.RaftServerConfigKeys (ConfUtils.java:logGet(46)) - raft.server.rpc.request.timeout = 3000ms (default)
2023-12-13 18:50:31,043 [s1-groupManagement] INFO  server.RaftServerConfigKeys (ConfUtils.java:logGet(46)) - raft.server.log.appender.install.snapshot.enabled = true (default)
2023-12-13 18:50:31,043 [s1-groupManagement] INFO  server.RaftServerConfigKeys (ConfUtils.java:logGet(46)) - raft.server.threadpool.server.cached = true (default)
2023-12-13 18:50:31,043 [s1-groupManagement] INFO  server.RaftServerConfigKeys (ConfUtils.java:logGet(46)) - raft.server.threadpool.server.size = 0 (default)
2023-12-13 18:50:31,043 [s1-groupManagement] INFO  server.RaftServerConfigKeys (ConfUtils.java:logGet(46)) - raft.server.threadpool.client.cached = true (default)
2023-12-13 18:50:31,043 [s1-groupManagement] INFO  server.RaftServerConfigKeys (ConfUtils.java:logGet(46)) - raft.server.threadpool.client.size = 0 (default)
2023-12-13 18:50:31,043 [s1-groupManagement] DEBUG server.RaftServer (RaftServerProxy.java:lambda$groupAddAsync$13(507)) - s1: newImpl =      null s1@group-54689077FB2A:t0, leader=null, voted=null, raftlog=UNINITIALIZED, conf=-1: peers:[s0|0.0.0.0:46607, s1|0.0.0.0:41525, s2|0.0.0.0:45147]|listeners:[], old=null NEW
2023-12-13 18:50:31,043 [s1-groupManagement] INFO  server.RaftServerConfigKeys (ConfUtils.java:logGet(46)) - raft.server.storage.free-space.min = 0MB (=0) (default)
2023-12-13 18:50:31,043 [s1-groupManagement] INFO  server.RaftServerConfigKeys (ConfUtils.java:logGet(46)) - raft.server.log.corruption.policy = EXCEPTION (default)
2023-12-13 18:50:31,043 [s1-groupManagement] INFO  server.RaftServerConfigKeys (ConfUtils.java:logGet(46)) - raft.server.storage.dir = [/home/runner/work/ratis/ratis/ratis-test/target/test/data/b8de9602/MiniRaftClusterWithGrpcbc2420e5/s1] (custom)
2023-12-13 18:50:31,043 [s1-groupManagement] INFO  storage.RaftStorageDirectory (RaftStorageDirectoryImpl.java:analyzeStorage(138)) - The storage directory /home/runner/work/ratis/ratis/ratis-test/target/test/data/b8de9602/MiniRaftClusterWithGrpcbc2420e5/s1/82990ede-4710-4729-82e4-54689077fb2a does not exist. Creating ...
2023-12-13 18:50:31,043 [s1-groupManagement] TRACE util.FileUtils (LogUtils.java:runAndLog(49)) - Successfully ran Files.createDirectories /home/runner/work/ratis/ratis/ratis-test/target/test/data/b8de9602/MiniRaftClusterWithGrpcbc2420e5/s1/82990ede-4710-4729-82e4-54689077fb2a
2023-12-13 18:50:31,044 [s1-groupManagement] INFO  storage.RaftStorageDirectory (RaftStorageDirectoryImpl.java:tryLock(228)) - Lock on /home/runner/work/ratis/ratis/ratis-test/target/test/data/b8de9602/MiniRaftClusterWithGrpcbc2420e5/s1/82990ede-4710-4729-82e4-54689077fb2a/in_use.lock acquired by nodename 24599@fv-az743-812
2023-12-13 18:50:31,044 [s1-groupManagement] TRACE util.FileUtils (LogUtils.java:runAndLog(49)) - Successfully ran Files.createDirectories /home/runner/work/ratis/ratis/ratis-test/target/test/data/b8de9602/MiniRaftClusterWithGrpcbc2420e5/s1/82990ede-4710-4729-82e4-54689077fb2a/current
2023-12-13 18:50:31,044 [s1-groupManagement] TRACE util.FileUtils (LogUtils.java:runAndLog(49)) - Successfully ran Files.createDirectories /home/runner/work/ratis/ratis/ratis-test/target/test/data/b8de9602/MiniRaftClusterWithGrpcbc2420e5/s1/82990ede-4710-4729-82e4-54689077fb2a/sm
2023-12-13 18:50:31,044 [s1-groupManagement] TRACE util.FileUtils (LogUtils.java:supplyAndLog(69)) - Successfully supplied FileChannel.open /home/runner/work/ratis/ratis/ratis-test/target/test/data/b8de9602/MiniRaftClusterWithGrpcbc2420e5/s1/82990ede-4710-4729-82e4-54689077fb2a/current/raft-meta.tmp with options [CREATE, WRITE]: sun.nio.ch.FileChannelImpl@35d19766
2023-12-13 18:50:31,045 [s1-groupManagement] TRACE util.FileUtils (LogUtils.java:runAndLog(49)) - Successfully ran Atomic Files.move /home/runner/work/ratis/ratis/ratis-test/target/test/data/b8de9602/MiniRaftClusterWithGrpcbc2420e5/s1/82990ede-4710-4729-82e4-54689077fb2a/current/raft-meta.tmp to /home/runner/work/ratis/ratis/ratis-test/target/test/data/b8de9602/MiniRaftClusterWithGrpcbc2420e5/s1/82990ede-4710-4729-82e4-54689077fb2a/current/raft-meta with options [REPLACE_EXISTING]
2023-12-13 18:50:31,046 [s1-groupManagement] INFO  storage.RaftStorage (RaftStorageImpl.java:format(99)) - Storage directory /home/runner/work/ratis/ratis/ratis-test/target/test/data/b8de9602/MiniRaftClusterWithGrpcbc2420e5/s1/82990ede-4710-4729-82e4-54689077fb2a has been successfully formatted.
2023-12-13 18:50:31,046 [s1-groupManagement] TRACE util.FileUtils (LogUtils.java:supplyAndLog(61)) - Failed to Files.newInputStream /home/runner/work/ratis/ratis/ratis-test/target/test/data/b8de9602/MiniRaftClusterWithGrpcbc2420e5/s1/82990ede-4710-4729-82e4-54689077fb2a/current/raft-meta.conf with options []
java.nio.file.NoSuchFileException: /home/runner/work/ratis/ratis/ratis-test/target/test/data/b8de9602/MiniRaftClusterWithGrpcbc2420e5/s1/82990ede-4710-4729-82e4-54689077fb2a/current/raft-meta.conf
	at java.base/sun.nio.fs.UnixException.translateToIOException(UnixException.java:92)
	at java.base/sun.nio.fs.UnixException.rethrowAsIOException(UnixException.java:111)
	at java.base/sun.nio.fs.UnixException.rethrowAsIOException(UnixException.java:116)
	at java.base/sun.nio.fs.UnixFileSystemProvider.newByteChannel(UnixFileSystemProvider.java:219)
	at java.base/java.nio.file.Files.newByteChannel(Files.java:371)
	at java.base/java.nio.file.Files.newByteChannel(Files.java:422)
	at java.base/java.nio.file.spi.FileSystemProvider.newInputStream(FileSystemProvider.java:420)
	at java.base/java.nio.file.Files.newInputStream(Files.java:156)
	at org.apache.ratis.util.FileUtils.lambda$newInputStream$2(FileUtils.java:73)
	at org.apache.ratis.util.LogUtils.supplyAndLog(LogUtils.java:58)
	at org.apache.ratis.util.FileUtils.newInputStream(FileUtils.java:72)
	at org.apache.ratis.util.FileUtils.newInputStream(FileUtils.java:68)
	at org.apache.ratis.server.storage.RaftStorageImpl.readRaftConfiguration(RaftStorageImpl.java:156)
	at org.apache.ratis.server.impl.ServerState.initialize(ServerState.java:141)
	at org.apache.ratis.server.impl.RaftServerImpl.start(RaftServerImpl.java:388)
	at org.apache.ratis.server.impl.RaftServerProxy.lambda$groupAddAsync$13(RaftServerProxy.java:509)
	at java.base/java.util.concurrent.CompletableFuture$UniApply.tryFire(CompletableFuture.java:642)
	at java.base/java.util.concurrent.CompletableFuture$Completion.run(CompletableFuture.java:478)
	at java.base/java.util.concurrent.ThreadPoolExecutor.runWorker(ThreadPoolExecutor.java:1128)
	at java.base/java.util.concurrent.ThreadPoolExecutor$Worker.run(ThreadPoolExecutor.java:628)
	at java.base/java.lang.Thread.run(Thread.java:829)
2023-12-13 18:50:31,046 [s1-groupManagement] INFO  server.RaftServerConfigKeys (ConfUtils.java:logGet(46)) - raft.server.log.use.memory = false (default)
2023-12-13 18:50:31,046 [s1-groupManagement] INFO  server.RaftServerConfigKeys (ConfUtils.java:logGet(46)) - raft.server.log.purge.gap = 1024 (default)
2023-12-13 18:50:31,046 [s1-groupManagement] INFO  server.RaftServerConfigKeys (ConfUtils.java:logGet(46)) - raft.server.log.appender.buffer.byte-limit = 4MB (=4194304) (default)
2023-12-13 18:50:31,046 [s1-groupManagement] INFO  server.RaftServerConfigKeys (ConfUtils.java:logGet(46)) - raft.server.log.statemachine.data.read.timeout = 1000ms (default)
2023-12-13 18:50:31,046 [s1-groupManagement] INFO  server.RaftServerConfigKeys (ConfUtils.java:logGet(46)) - raft.server.log.purge.preservation.log.num = 0 (default)
2023-12-13 18:50:31,046 [s1-groupManagement] INFO  server.RaftServerConfigKeys (ConfUtils.java:logGet(46)) - raft.server.log.segment.size.max = 32MB (=33554432) (default)
2023-12-13 18:50:31,046 [s1-groupManagement] INFO  server.RaftServerConfigKeys (ConfUtils.java:logGet(46)) - raft.server.log.segment.cache.num.max = 6 (default)
2023-12-13 18:50:31,046 [s1-groupManagement] INFO  server.RaftServerConfigKeys (ConfUtils.java:logGet(46)) - raft.server.log.segment.cache.size.max = 200MB (=209715200) (default)
2023-12-13 18:50:31,046 [s1-groupManagement] INFO  server.RaftServerConfigKeys (ConfUtils.java:logGet(46)) - raft.server.log.appender.buffer.byte-limit = 4MB (=4194304) (default)
2023-12-13 18:50:31,046 [s1-groupManagement] INFO  util.AwaitToRun (AwaitToRun.java:start(81)) - Thread[s1@group-54689077FB2A-cacheEviction-AwaitToRun,5,main] started
2023-12-13 18:50:31,046 [s1-groupManagement] INFO  segmented.SegmentedRaftLogWorker (SegmentedRaftLogWorker.java:<init>(182)) - new s1@group-54689077FB2A-SegmentedRaftLogWorker for RaftStorageImpl:Storage Directory /home/runner/work/ratis/ratis/ratis-test/target/test/data/b8de9602/MiniRaftClusterWithGrpcbc2420e5/s1/82990ede-4710-4729-82e4-54689077fb2a
2023-12-13 18:50:31,046 [s1-groupManagement] INFO  server.RaftServerConfigKeys (ConfUtils.java:logGet(46)) - raft.server.log.queue.byte-limit = 64MB (=67108864) (default)
2023-12-13 18:50:31,046 [s1-groupManagement] INFO  server.RaftServerConfigKeys (ConfUtils.java:logGet(46)) - raft.server.log.queue.element-limit = 4096 (default)
2023-12-13 18:50:31,046 [s1-groupManagement] INFO  server.RaftServerConfigKeys (ConfUtils.java:logGet(46)) - raft.server.log.segment.size.max = 32MB (=33554432) (default)
2023-12-13 18:50:31,046 [s1-groupManagement] INFO  server.RaftServerConfigKeys (ConfUtils.java:logGet(46)) - raft.server.log.preallocated.size = 4MB (=4194304) (default)
2023-12-13 18:50:31,046 [s1-groupManagement] INFO  server.RaftServerConfigKeys (ConfUtils.java:logGet(46)) - raft.server.log.force.sync.num = 128 (default)
2023-12-13 18:50:31,046 [s1-groupManagement] INFO  server.RaftServerConfigKeys (ConfUtils.java:logGet(46)) - raft.server.log.statemachine.data.sync = true (default)
2023-12-13 18:50:31,046 [s1-groupManagement] INFO  server.RaftServerConfigKeys (ConfUtils.java:logGet(46)) - raft.server.log.statemachine.data.sync.timeout = 10s (default)
2023-12-13 18:50:31,046 [s1-groupManagement] INFO  server.RaftServerConfigKeys (ConfUtils.java:logGet(46)) - raft.server.log.statemachine.data.sync.timeout.retry = -1 (default)
2023-12-13 18:50:31,047 [s1-groupManagement] INFO  server.RaftServerConfigKeys (ConfUtils.java:logGet(46)) - raft.server.log.write.buffer.size = 8MB (=8388608) (default)
2023-12-13 18:50:31,047 [s1-groupManagement] INFO  server.RaftServerConfigKeys (ConfUtils.java:logGet(46)) - raft.server.log.appender.buffer.byte-limit = 4MB (=4194304) (default)
2023-12-13 18:50:31,047 [s1-groupManagement] INFO  server.RaftServerConfigKeys (ConfUtils.java:logGet(46)) - raft.server.log.unsafe-flush.enabled = false (default)
2023-12-13 18:50:31,047 [s1-groupManagement] INFO  server.RaftServerConfigKeys (ConfUtils.java:logGet(46)) - raft.server.log.async-flush.enabled = false (default)
2023-12-13 18:50:31,047 [s1-groupManagement] INFO  server.RaftServerConfigKeys (ConfUtils.java:logGet(46)) - raft.server.log.statemachine.data.caching.enabled = false (default)
2023-12-13 18:50:31,047 [s1-groupManagement] INFO  segmented.SegmentedRaftLogWorker (SegmentedRaftLogWorker.java:lambda$new$0(134)) - s1@group-54689077FB2A-SegmentedRaftLogWorker: flushIndex: setUnconditionally 0 -> -1
2023-12-13 18:50:31,047 [s1-groupManagement] INFO  segmented.SegmentedRaftLogWorker (SegmentedRaftLogWorker.java:lambda$new$0(134)) - s1@group-54689077FB2A-SegmentedRaftLogWorker: safeCacheEvictIndex: setUnconditionally 0 -> -1
2023-12-13 18:50:31,047 [s1-groupManagement] INFO  server.RaftServer$Division (RaftServerImpl.java:start(392)) - s1@group-54689077FB2A: start as a follower, conf=-1: peers:[s0|0.0.0.0:46607, s1|0.0.0.0:41525, s2|0.0.0.0:45147]|listeners:[], old=null
2023-12-13 18:50:31,047 [s1-groupManagement] INFO  server.RaftServer$Division (RaftServerImpl.java:setRole(379)) - s1@group-54689077FB2A: changes role from      null to FOLLOWER at term 0 for startAsFollower
2023-12-13 18:50:31,047 [s1-groupManagement] INFO  impl.RoleInfo (RoleInfo.java:updateAndGet(139)) - s1: start s1@group-54689077FB2A-FollowerState
2023-12-13 18:50:31,047 [s1@group-54689077FB2A-FollowerState] INFO  server.RaftServerConfigKeys (ConfUtils.java:logFallback(53)) - raft.server.rpc.first-election.timeout.min = 1500ms (fallback to raft.server.rpc.timeout.min)
2023-12-13 18:50:31,047 [s1-groupManagement] INFO  util.JmxRegister (JmxRegister.java:tryRegister(44)) - Successfully registered JMX Bean with object name Ratis:service=RaftServer,group=group-54689077FB2A,id=s1
2023-12-13 18:50:31,047 [s1@group-54689077FB2A-FollowerState] INFO  server.RaftServerConfigKeys (ConfUtils.java:logFallback(53)) - raft.server.rpc.first-election.timeout.max = 2000ms (fallback to raft.server.rpc.timeout.max)
2023-12-13 18:50:31,048 [s1-groupManagement] INFO  server.RaftServerConfigKeys (ConfUtils.java:logGet(46)) - raft.server.snapshot.trigger-when-stop.enabled = true (default)
2023-12-13 18:50:31,048 [s1-groupManagement] INFO  server.RaftServerConfigKeys (ConfUtils.java:logGet(46)) - raft.server.snapshot.auto.trigger.enabled = false (default)
2023-12-13 18:50:31,048 [s1-groupManagement] INFO  server.RaftServerConfigKeys (ConfUtils.java:logGet(46)) - raft.server.snapshot.retention.file.num = -1 (default)
2023-12-13 18:50:31,048 [s1-groupManagement] INFO  server.RaftServerConfigKeys (ConfUtils.java:logGet(46)) - raft.server.log.purge.upto.snapshot.index = false (default)
2023-12-13 18:50:31,051 [grpc-default-executor-13] INFO  server.RaftServer (RaftServerProxy.java:addNew(100)) - s2: addNew group-54689077FB2A:[s0|0.0.0.0:46607, s1|0.0.0.0:41525, s2|0.0.0.0:45147] returns group-54689077FB2A:java.util.concurrent.CompletableFuture@3c723b02[Not completed]
2023-12-13 18:50:31,051 [s2-groupManagement] INFO  server.RaftServer$Division (RaftServerImpl.java:<init>(256)) - s2: new RaftServerImpl for group-54689077FB2A:[s0|0.0.0.0:46607, s1|0.0.0.0:41525, s2|0.0.0.0:45147] with BaseStateMachine:uninitialized
2023-12-13 18:50:31,051 [s2-groupManagement] INFO  server.RaftServerConfigKeys (ConfUtils.java:logGet(46)) - raft.server.rpc.timeout.min = 1500ms (custom)
2023-12-13 18:50:31,051 [s2-groupManagement] INFO  server.RaftServerConfigKeys (ConfUtils.java:logGet(46)) - raft.server.rpc.timeout.max = 2000ms (custom)
2023-12-13 18:50:31,051 [s2-groupManagement] INFO  server.RaftServerConfigKeys (ConfUtils.java:logGet(46)) - raft.server.rpc.sleep.time = 25ms (default)
2023-12-13 18:50:31,052 [s2-groupManagement] INFO  server.RaftServerConfigKeys (ConfUtils.java:logGet(46)) - raft.server.rpc.slowness.timeout = 60s (default)
2023-12-13 18:50:31,052 [s2-groupManagement] INFO  server.RaftServerConfigKeys (ConfUtils.java:logGet(46)) - raft.server.leaderelection.leader.step-down.wait-time = 10s (default)
2023-12-13 18:50:31,052 [s2-groupManagement] INFO  server.RaftServerConfigKeys (ConfUtils.java:logGet(46)) - raft.server.leaderelection.member.majority-add = false (default)
2023-12-13 18:50:31,052 [s2-groupManagement] INFO  server.RaftServerConfigKeys (ConfUtils.java:logGet(46)) - raft.server.sleep.deviation.threshold = 300ms (default)
2023-12-13 18:50:31,052 [s2-groupManagement] INFO  server.RaftServer$Division (ServerState.java:<init>(113)) - s2@group-54689077FB2A: ConfigurationManager, init=-1: peers:[s0|0.0.0.0:46607, s1|0.0.0.0:41525, s2|0.0.0.0:45147]|listeners:[], old=null, confs=<EMPTY_MAP>
2023-12-13 18:50:31,052 [s2-groupManagement] INFO  server.RaftServerConfigKeys (ConfUtils.java:logGet(46)) - raft.server.notification.no-leader.timeout = 60s (default)
2023-12-13 18:50:31,052 [s2-groupManagement] INFO  server.RaftServerConfigKeys (ConfUtils.java:logGet(46)) - raft.server.read.timeout = 10s (default)
2023-12-13 18:50:31,052 [s2-groupManagement] INFO  server.RaftServerConfigKeys (ConfUtils.java:logGet(46)) - raft.server.retrycache.expirytime = 60s (default)
2023-12-13 18:50:31,052 [s2-groupManagement] INFO  server.RaftServerConfigKeys (ConfUtils.java:logGet(46)) - raft.server.retrycache.statistics.expirytime = 100ms (default)
2023-12-13 18:50:31,052 [s2-groupManagement] INFO  server.RaftServerConfigKeys (ConfUtils.java:logGet(46)) - raft.server.read.option = DEFAULT (default)
2023-12-13 18:50:31,052 [s2-groupManagement] INFO  server.RaftServerConfigKeys (ConfUtils.java:logGet(46)) - raft.server.read.read-after-write-consistent.write-index-cache.expiry-time = 60s (default)
2023-12-13 18:50:31,052 [s2-groupManagement] INFO  server.RaftServerConfigKeys (ConfUtils.java:logGet(46)) - raft.server.rpc.request.timeout = 3000ms (default)
2023-12-13 18:50:31,052 [s2-groupManagement] INFO  server.RaftServerConfigKeys (ConfUtils.java:logGet(46)) - raft.server.log.appender.install.snapshot.enabled = true (default)
2023-12-13 18:50:31,052 [s2-groupManagement] INFO  server.RaftServerConfigKeys (ConfUtils.java:logGet(46)) - raft.server.threadpool.server.cached = true (default)
2023-12-13 18:50:31,052 [s2-groupManagement] INFO  server.RaftServerConfigKeys (ConfUtils.java:logGet(46)) - raft.server.threadpool.server.size = 0 (default)
2023-12-13 18:50:31,052 [s2-groupManagement] INFO  server.RaftServerConfigKeys (ConfUtils.java:logGet(46)) - raft.server.threadpool.client.cached = true (default)
2023-12-13 18:50:31,052 [s2-groupManagement] INFO  server.RaftServerConfigKeys (ConfUtils.java:logGet(46)) - raft.server.threadpool.client.size = 0 (default)
2023-12-13 18:50:31,052 [s2-groupManagement] DEBUG server.RaftServer (RaftServerProxy.java:lambda$groupAddAsync$13(507)) - s2: newImpl =      null s2@group-54689077FB2A:t0, leader=null, voted=null, raftlog=UNINITIALIZED, conf=-1: peers:[s0|0.0.0.0:46607, s1|0.0.0.0:41525, s2|0.0.0.0:45147]|listeners:[], old=null NEW
2023-12-13 18:50:31,052 [s2-groupManagement] INFO  server.RaftServerConfigKeys (ConfUtils.java:logGet(46)) - raft.server.storage.free-space.min = 0MB (=0) (default)
2023-12-13 18:50:31,052 [s2-groupManagement] INFO  server.RaftServerConfigKeys (ConfUtils.java:logGet(46)) - raft.server.log.corruption.policy = EXCEPTION (default)
2023-12-13 18:50:31,052 [s2-groupManagement] INFO  server.RaftServerConfigKeys (ConfUtils.java:logGet(46)) - raft.server.storage.dir = [/home/runner/work/ratis/ratis/ratis-test/target/test/data/b8de9602/MiniRaftClusterWithGrpcbc2420e5/s2] (custom)
2023-12-13 18:50:31,052 [s2-groupManagement] INFO  storage.RaftStorageDirectory (RaftStorageDirectoryImpl.java:analyzeStorage(138)) - The storage directory /home/runner/work/ratis/ratis/ratis-test/target/test/data/b8de9602/MiniRaftClusterWithGrpcbc2420e5/s2/82990ede-4710-4729-82e4-54689077fb2a does not exist. Creating ...
2023-12-13 18:50:31,053 [s2-groupManagement] TRACE util.FileUtils (LogUtils.java:runAndLog(49)) - Successfully ran Files.createDirectories /home/runner/work/ratis/ratis/ratis-test/target/test/data/b8de9602/MiniRaftClusterWithGrpcbc2420e5/s2/82990ede-4710-4729-82e4-54689077fb2a
2023-12-13 18:50:31,053 [s2-groupManagement] INFO  storage.RaftStorageDirectory (RaftStorageDirectoryImpl.java:tryLock(228)) - Lock on /home/runner/work/ratis/ratis/ratis-test/target/test/data/b8de9602/MiniRaftClusterWithGrpcbc2420e5/s2/82990ede-4710-4729-82e4-54689077fb2a/in_use.lock acquired by nodename 24599@fv-az743-812
2023-12-13 18:50:31,053 [s2-groupManagement] TRACE util.FileUtils (LogUtils.java:runAndLog(49)) - Successfully ran Files.createDirectories /home/runner/work/ratis/ratis/ratis-test/target/test/data/b8de9602/MiniRaftClusterWithGrpcbc2420e5/s2/82990ede-4710-4729-82e4-54689077fb2a/current
2023-12-13 18:50:31,053 [s2-groupManagement] TRACE util.FileUtils (LogUtils.java:runAndLog(49)) - Successfully ran Files.createDirectories /home/runner/work/ratis/ratis/ratis-test/target/test/data/b8de9602/MiniRaftClusterWithGrpcbc2420e5/s2/82990ede-4710-4729-82e4-54689077fb2a/sm
2023-12-13 18:50:31,053 [s2-groupManagement] TRACE util.FileUtils (LogUtils.java:supplyAndLog(69)) - Successfully supplied FileChannel.open /home/runner/work/ratis/ratis/ratis-test/target/test/data/b8de9602/MiniRaftClusterWithGrpcbc2420e5/s2/82990ede-4710-4729-82e4-54689077fb2a/current/raft-meta.tmp with options [CREATE, WRITE]: sun.nio.ch.FileChannelImpl@4ac75b40
2023-12-13 18:50:31,054 [s2-groupManagement] TRACE util.FileUtils (LogUtils.java:runAndLog(49)) - Successfully ran Atomic Files.move /home/runner/work/ratis/ratis/ratis-test/target/test/data/b8de9602/MiniRaftClusterWithGrpcbc2420e5/s2/82990ede-4710-4729-82e4-54689077fb2a/current/raft-meta.tmp to /home/runner/work/ratis/ratis/ratis-test/target/test/data/b8de9602/MiniRaftClusterWithGrpcbc2420e5/s2/82990ede-4710-4729-82e4-54689077fb2a/current/raft-meta with options [REPLACE_EXISTING]
2023-12-13 18:50:31,054 [s2-groupManagement] INFO  storage.RaftStorage (RaftStorageImpl.java:format(99)) - Storage directory /home/runner/work/ratis/ratis/ratis-test/target/test/data/b8de9602/MiniRaftClusterWithGrpcbc2420e5/s2/82990ede-4710-4729-82e4-54689077fb2a has been successfully formatted.
2023-12-13 18:50:31,054 [s2-groupManagement] TRACE util.FileUtils (LogUtils.java:supplyAndLog(61)) - Failed to Files.newInputStream /home/runner/work/ratis/ratis/ratis-test/target/test/data/b8de9602/MiniRaftClusterWithGrpcbc2420e5/s2/82990ede-4710-4729-82e4-54689077fb2a/current/raft-meta.conf with options []
java.nio.file.NoSuchFileException: /home/runner/work/ratis/ratis/ratis-test/target/test/data/b8de9602/MiniRaftClusterWithGrpcbc2420e5/s2/82990ede-4710-4729-82e4-54689077fb2a/current/raft-meta.conf
	at java.base/sun.nio.fs.UnixException.translateToIOException(UnixException.java:92)
	at java.base/sun.nio.fs.UnixException.rethrowAsIOException(UnixException.java:111)
	at java.base/sun.nio.fs.UnixException.rethrowAsIOException(UnixException.java:116)
	at java.base/sun.nio.fs.UnixFileSystemProvider.newByteChannel(UnixFileSystemProvider.java:219)
	at java.base/java.nio.file.Files.newByteChannel(Files.java:371)
	at java.base/java.nio.file.Files.newByteChannel(Files.java:422)
	at java.base/java.nio.file.spi.FileSystemProvider.newInputStream(FileSystemProvider.java:420)
	at java.base/java.nio.file.Files.newInputStream(Files.java:156)
	at org.apache.ratis.util.FileUtils.lambda$newInputStream$2(FileUtils.java:73)
	at org.apache.ratis.util.LogUtils.supplyAndLog(LogUtils.java:58)
	at org.apache.ratis.util.FileUtils.newInputStream(FileUtils.java:72)
	at org.apache.ratis.util.FileUtils.newInputStream(FileUtils.java:68)
	at org.apache.ratis.server.storage.RaftStorageImpl.readRaftConfiguration(RaftStorageImpl.java:156)
	at org.apache.ratis.server.impl.ServerState.initialize(ServerState.java:141)
	at org.apache.ratis.server.impl.RaftServerImpl.start(RaftServerImpl.java:388)
	at org.apache.ratis.server.impl.RaftServerProxy.lambda$groupAddAsync$13(RaftServerProxy.java:509)
	at java.base/java.util.concurrent.CompletableFuture$UniApply.tryFire(CompletableFuture.java:642)
	at java.base/java.util.concurrent.CompletableFuture$Completion.run(CompletableFuture.java:478)
	at java.base/java.util.concurrent.ThreadPoolExecutor.runWorker(ThreadPoolExecutor.java:1128)
	at java.base/java.util.concurrent.ThreadPoolExecutor$Worker.run(ThreadPoolExecutor.java:628)
	at java.base/java.lang.Thread.run(Thread.java:829)
2023-12-13 18:50:31,054 [s2-groupManagement] INFO  server.RaftServerConfigKeys (ConfUtils.java:logGet(46)) - raft.server.log.use.memory = false (default)
2023-12-13 18:50:31,054 [s2-groupManagement] INFO  server.RaftServerConfigKeys (ConfUtils.java:logGet(46)) - raft.server.log.purge.gap = 1024 (default)
2023-12-13 18:50:31,054 [s2-groupManagement] INFO  server.RaftServerConfigKeys (ConfUtils.java:logGet(46)) - raft.server.log.appender.buffer.byte-limit = 4MB (=4194304) (default)
2023-12-13 18:50:31,054 [s2-groupManagement] INFO  server.RaftServerConfigKeys (ConfUtils.java:logGet(46)) - raft.server.log.statemachine.data.read.timeout = 1000ms (default)
2023-12-13 18:50:31,054 [s2-groupManagement] INFO  server.RaftServerConfigKeys (ConfUtils.java:logGet(46)) - raft.server.log.purge.preservation.log.num = 0 (default)
2023-12-13 18:50:31,054 [s2-groupManagement] INFO  server.RaftServerConfigKeys (ConfUtils.java:logGet(46)) - raft.server.log.segment.size.max = 32MB (=33554432) (default)
2023-12-13 18:50:31,055 [s2-groupManagement] INFO  server.RaftServerConfigKeys (ConfUtils.java:logGet(46)) - raft.server.log.segment.cache.num.max = 6 (default)
2023-12-13 18:50:31,055 [s2-groupManagement] INFO  server.RaftServerConfigKeys (ConfUtils.java:logGet(46)) - raft.server.log.segment.cache.size.max = 200MB (=209715200) (default)
2023-12-13 18:50:31,055 [s2-groupManagement] INFO  server.RaftServerConfigKeys (ConfUtils.java:logGet(46)) - raft.server.log.appender.buffer.byte-limit = 4MB (=4194304) (default)
2023-12-13 18:50:31,055 [s2-groupManagement] INFO  util.AwaitToRun (AwaitToRun.java:start(81)) - Thread[s2@group-54689077FB2A-cacheEviction-AwaitToRun,5,main] started
2023-12-13 18:50:31,055 [s2-groupManagement] INFO  segmented.SegmentedRaftLogWorker (SegmentedRaftLogWorker.java:<init>(182)) - new s2@group-54689077FB2A-SegmentedRaftLogWorker for RaftStorageImpl:Storage Directory /home/runner/work/ratis/ratis/ratis-test/target/test/data/b8de9602/MiniRaftClusterWithGrpcbc2420e5/s2/82990ede-4710-4729-82e4-54689077fb2a
2023-12-13 18:50:31,055 [s2-groupManagement] INFO  server.RaftServerConfigKeys (ConfUtils.java:logGet(46)) - raft.server.log.queue.byte-limit = 64MB (=67108864) (default)
2023-12-13 18:50:31,055 [s2-groupManagement] INFO  server.RaftServerConfigKeys (ConfUtils.java:logGet(46)) - raft.server.log.queue.element-limit = 4096 (default)
2023-12-13 18:50:31,055 [s2-groupManagement] INFO  server.RaftServerConfigKeys (ConfUtils.java:logGet(46)) - raft.server.log.segment.size.max = 32MB (=33554432) (default)
2023-12-13 18:50:31,055 [s2-groupManagement] INFO  server.RaftServerConfigKeys (ConfUtils.java:logGet(46)) - raft.server.log.preallocated.size = 4MB (=4194304) (default)
2023-12-13 18:50:31,055 [s2-groupManagement] INFO  server.RaftServerConfigKeys (ConfUtils.java:logGet(46)) - raft.server.log.force.sync.num = 128 (default)
2023-12-13 18:50:31,055 [s2-groupManagement] INFO  server.RaftServerConfigKeys (ConfUtils.java:logGet(46)) - raft.server.log.statemachine.data.sync = true (default)
2023-12-13 18:50:31,055 [s2-groupManagement] INFO  server.RaftServerConfigKeys (ConfUtils.java:logGet(46)) - raft.server.log.statemachine.data.sync.timeout = 10s (default)
2023-12-13 18:50:31,055 [s2-groupManagement] INFO  server.RaftServerConfigKeys (ConfUtils.java:logGet(46)) - raft.server.log.statemachine.data.sync.timeout.retry = -1 (default)
2023-12-13 18:50:31,055 [s2-groupManagement] INFO  server.RaftServerConfigKeys (ConfUtils.java:logGet(46)) - raft.server.log.write.buffer.size = 8MB (=8388608) (default)
2023-12-13 18:50:31,056 [s2-groupManagement] INFO  server.RaftServerConfigKeys (ConfUtils.java:logGet(46)) - raft.server.log.appender.buffer.byte-limit = 4MB (=4194304) (default)
2023-12-13 18:50:31,056 [s2-groupManagement] INFO  server.RaftServerConfigKeys (ConfUtils.java:logGet(46)) - raft.server.log.unsafe-flush.enabled = false (default)
2023-12-13 18:50:31,056 [s2-groupManagement] INFO  server.RaftServerConfigKeys (ConfUtils.java:logGet(46)) - raft.server.log.async-flush.enabled = false (default)
2023-12-13 18:50:31,056 [s2-groupManagement] INFO  server.RaftServerConfigKeys (ConfUtils.java:logGet(46)) - raft.server.log.statemachine.data.caching.enabled = false (default)
2023-12-13 18:50:31,056 [s2-groupManagement] INFO  segmented.SegmentedRaftLogWorker (SegmentedRaftLogWorker.java:lambda$new$0(134)) - s2@group-54689077FB2A-SegmentedRaftLogWorker: flushIndex: setUnconditionally 0 -> -1
2023-12-13 18:50:31,056 [s2-groupManagement] INFO  segmented.SegmentedRaftLogWorker (SegmentedRaftLogWorker.java:lambda$new$0(134)) - s2@group-54689077FB2A-SegmentedRaftLogWorker: safeCacheEvictIndex: setUnconditionally 0 -> -1
2023-12-13 18:50:31,056 [s2-groupManagement] INFO  server.RaftServer$Division (RaftServerImpl.java:start(392)) - s2@group-54689077FB2A: start as a follower, conf=-1: peers:[s0|0.0.0.0:46607, s1|0.0.0.0:41525, s2|0.0.0.0:45147]|listeners:[], old=null
2023-12-13 18:50:31,056 [s2-groupManagement] INFO  server.RaftServer$Division (RaftServerImpl.java:setRole(379)) - s2@group-54689077FB2A: changes role from      null to FOLLOWER at term 0 for startAsFollower
2023-12-13 18:50:31,057 [s2-groupManagement] INFO  impl.RoleInfo (RoleInfo.java:updateAndGet(139)) - s2: start s2@group-54689077FB2A-FollowerState
2023-12-13 18:50:31,057 [s2@group-54689077FB2A-FollowerState] INFO  server.RaftServerConfigKeys (ConfUtils.java:logFallback(53)) - raft.server.rpc.first-election.timeout.min = 1500ms (fallback to raft.server.rpc.timeout.min)
2023-12-13 18:50:31,057 [s2-groupManagement] INFO  util.JmxRegister (JmxRegister.java:tryRegister(44)) - Successfully registered JMX Bean with object name Ratis:service=RaftServer,group=group-54689077FB2A,id=s2
2023-12-13 18:50:31,057 [s2@group-54689077FB2A-FollowerState] INFO  server.RaftServerConfigKeys (ConfUtils.java:logFallback(53)) - raft.server.rpc.first-election.timeout.max = 2000ms (fallback to raft.server.rpc.timeout.max)
2023-12-13 18:50:31,057 [s2-groupManagement] INFO  server.RaftServerConfigKeys (ConfUtils.java:logGet(46)) - raft.server.snapshot.trigger-when-stop.enabled = true (default)
2023-12-13 18:50:31,057 [s2-groupManagement] INFO  server.RaftServerConfigKeys (ConfUtils.java:logGet(46)) - raft.server.snapshot.auto.trigger.enabled = false (default)
2023-12-13 18:50:31,057 [s2-groupManagement] INFO  server.RaftServerConfigKeys (ConfUtils.java:logGet(46)) - raft.server.snapshot.retention.file.num = -1 (default)
2023-12-13 18:50:31,057 [s2-groupManagement] INFO  server.RaftServerConfigKeys (ConfUtils.java:logGet(46)) - raft.server.log.purge.upto.snapshot.index = false (default)
2023-12-13 18:50:31,063 [Time-limited test] INFO  server.RaftServerConfigKeys (ConfUtils.java:logGet(46)) - raft.server.rpc.timeout.max = 2000ms (custom)
2023-12-13 18:50:31,063 [Time-limited test] INFO  ratis.RaftTestUtil (RaftTestUtil.java:waitForLeader(100)) - printing group-54689077FB2A
  s0:  RUNNING  FOLLOWER s0@group-54689077FB2A:t0, leader=null, voted=, raftlog=Memoized:s0@group-54689077FB2A-SegmentedRaftLog:OPENED:c-1, conf=-1: peers:[s0|0.0.0.0:46607, s1|0.0.0.0:41525, s2|0.0.0.0:45147]|listeners:[], old=null RUNNING
  s1:  RUNNING  FOLLOWER s1@group-54689077FB2A:t0, leader=null, voted=, raftlog=Memoized:s1@group-54689077FB2A-SegmentedRaftLog:OPENED:c-1, conf=-1: peers:[s0|0.0.0.0:46607, s1|0.0.0.0:41525, s2|0.0.0.0:45147]|listeners:[], old=null RUNNING
  s2:  RUNNING  FOLLOWER s2@group-54689077FB2A:t0, leader=null, voted=, raftlog=Memoized:s2@group-54689077FB2A-SegmentedRaftLog:OPENED:c-1, conf=-1: peers:[s0|0.0.0.0:46607, s1|0.0.0.0:41525, s2|0.0.0.0:45147]|listeners:[], old=null RUNNING
2023-12-13 18:50:31,063 [Time-limited test] WARN  ratis.RaftTestUtil (RaftTestUtil.java:lambda$waitForLeader$3(119)) - Attempt #1 failed: java.lang.IllegalStateException: No leader yet  for group-54689077FB2A: printing group-54689077FB2A
  s0:  RUNNING  FOLLOWER s0@group-54689077FB2A:t0, leader=null, voted=, raftlog=Memoized:s0@group-54689077FB2A-SegmentedRaftLog:OPENED:c-1, conf=-1: peers:[s0|0.0.0.0:46607, s1|0.0.0.0:41525, s2|0.0.0.0:45147]|listeners:[], old=null RUNNING
  s1:  RUNNING  FOLLOWER s1@group-54689077FB2A:t0, leader=null, voted=, raftlog=Memoized:s1@group-54689077FB2A-SegmentedRaftLog:OPENED:c-1, conf=-1: peers:[s0|0.0.0.0:46607, s1|0.0.0.0:41525, s2|0.0.0.0:45147]|listeners:[], old=null RUNNING
  s2:  RUNNING  FOLLOWER s2@group-54689077FB2A:t0, leader=null, voted=, raftlog=Memoized:s2@group-54689077FB2A-SegmentedRaftLog:OPENED:c-1, conf=-1: peers:[s0|0.0.0.0:46607, s1|0.0.0.0:41525, s2|0.0.0.0:45147]|listeners:[], old=null RUNNING
2023-12-13 18:50:32,686 [s0@group-54689077FB2A-FollowerState] INFO  impl.FollowerState (FollowerState.java:run(143)) - s0@group-54689077FB2A-FollowerState: change to CANDIDATE, lastRpcElapsedTime:1648307296ns, electionTimeout:1648ms
2023-12-13 18:50:32,686 [s0@group-54689077FB2A-FollowerState] INFO  impl.RoleInfo (RoleInfo.java:shutdownFollowerState(110)) - s0: shutdown s0@group-54689077FB2A-FollowerState
2023-12-13 18:50:32,686 [s0@group-54689077FB2A-FollowerState] INFO  server.RaftServer$Division (RaftServerImpl.java:setRole(379)) - s0@group-54689077FB2A: changes role from  FOLLOWER to CANDIDATE at term 0 for changeToCandidate
2023-12-13 18:50:32,687 [s0@group-54689077FB2A-FollowerState] INFO  server.RaftServerConfigKeys (ConfUtils.java:logGet(46)) - raft.server.leaderelection.pre-vote = true (default)
2023-12-13 18:50:32,687 [s0@group-54689077FB2A-FollowerState] INFO  impl.RoleInfo (RoleInfo.java:updateAndGet(139)) - s0: start s0@group-54689077FB2A-LeaderElection9
2023-12-13 18:50:32,687 [s0@group-54689077FB2A-LeaderElection9] INFO  impl.LeaderElection (LeaderElection.java:askForVotes(321)) - s0@group-54689077FB2A-LeaderElection9 PRE_VOTE round 0: submit vote requests at term 0 for -1: peers:[s0|0.0.0.0:46607, s1|0.0.0.0:41525, s2|0.0.0.0:45147]|listeners:[], old=null
2023-12-13 18:50:32,687 [s0@group-54689077FB2A-LeaderElection9-1] INFO  server.GrpcServerProtocolClient (GrpcServerProtocolClient.java:<init>(65)) - Build channel for s1
2023-12-13 18:50:32,687 [s0@group-54689077FB2A-LeaderElection9] INFO  server.RaftServerConfigKeys (ConfUtils.java:logFallback(53)) - raft.server.rpc.first-election.timeout.min = 1500ms (fallback to raft.server.rpc.timeout.min)
2023-12-13 18:50:32,687 [s0@group-54689077FB2A-LeaderElection9-2] INFO  server.GrpcServerProtocolClient (GrpcServerProtocolClient.java:<init>(65)) - Build channel for s2
2023-12-13 18:50:32,687 [s0@group-54689077FB2A-LeaderElection9] INFO  server.RaftServerConfigKeys (ConfUtils.java:logFallback(53)) - raft.server.rpc.first-election.timeout.max = 2000ms (fallback to raft.server.rpc.timeout.max)
2023-12-13 18:50:32,691 [grpc-default-executor-11] INFO  server.RaftServer$Division (RaftServerImpl.java:requestVote(1377)) - s1@group-54689077FB2A: receive requestVote(PRE_VOTE, s0, group-54689077FB2A, 0, (t:0, i:0))
2023-12-13 18:50:32,691 [grpc-default-executor-11] INFO  impl.VoteContext (VoteContext.java:log(49)) - s1@group-54689077FB2A-FOLLOWER: accept PRE_VOTE from s0: our priority 1 <= candidate's priority 2
2023-12-13 18:50:32,691 [grpc-default-executor-11] INFO  server.RaftServer$Division (RaftServerImpl.java:requestVote(1410)) - s1@group-54689077FB2A replies to PRE_VOTE vote request: s0<-s1#0:OK-t0. Peer's state: s1@group-54689077FB2A:t0, leader=null, voted=, raftlog=Memoized:s1@group-54689077FB2A-SegmentedRaftLog:OPENED:c-1, conf=-1: peers:[s0|0.0.0.0:46607, s1|0.0.0.0:41525, s2|0.0.0.0:45147]|listeners:[], old=null
2023-12-13 18:50:32,692 [s0@group-54689077FB2A-LeaderElection9] INFO  impl.LeaderElection (LeaderElection.java:logAndReturn(89)) - s0@group-54689077FB2A-LeaderElection9: PRE_VOTE PASSED received 1 response(s) and 0 exception(s):
2023-12-13 18:50:32,692 [s0@group-54689077FB2A-LeaderElection9] INFO  impl.LeaderElection (LeaderElection.java:logAndReturn(93)) -   Response 0: s0<-s1#0:OK-t0
2023-12-13 18:50:32,692 [s0@group-54689077FB2A-LeaderElection9] INFO  impl.LeaderElection (LeaderElection.java:askForVotes(323)) - s0@group-54689077FB2A-LeaderElection9 PRE_VOTE round 0: result PASSED
2023-12-13 18:50:32,692 [s0@group-54689077FB2A-LeaderElection9] TRACE util.FileUtils (LogUtils.java:supplyAndLog(69)) - Successfully supplied FileChannel.open /home/runner/work/ratis/ratis/ratis-test/target/test/data/b8de9602/MiniRaftClusterWithGrpcbc2420e5/s0/82990ede-4710-4729-82e4-54689077fb2a/current/raft-meta.tmp with options [CREATE, WRITE]: sun.nio.ch.FileChannelImpl@38512a43
2023-12-13 18:50:32,692 [grpc-default-executor-11] INFO  server.RaftServer$Division (RaftServerImpl.java:requestVote(1377)) - s2@group-54689077FB2A: receive requestVote(PRE_VOTE, s0, group-54689077FB2A, 0, (t:0, i:0))
2023-12-13 18:50:32,692 [grpc-default-executor-11] INFO  impl.VoteContext (VoteContext.java:log(49)) - s2@group-54689077FB2A-FOLLOWER: accept PRE_VOTE from s0: our priority 1 <= candidate's priority 2
2023-12-13 18:50:32,692 [grpc-default-executor-11] INFO  server.RaftServer$Division (RaftServerImpl.java:requestVote(1410)) - s2@group-54689077FB2A replies to PRE_VOTE vote request: s0<-s2#0:OK-t0. Peer's state: s2@group-54689077FB2A:t0, leader=null, voted=, raftlog=Memoized:s2@group-54689077FB2A-SegmentedRaftLog:OPENED:c-1, conf=-1: peers:[s0|0.0.0.0:46607, s1|0.0.0.0:41525, s2|0.0.0.0:45147]|listeners:[], old=null
2023-12-13 18:50:32,693 [s0@group-54689077FB2A-LeaderElection9] TRACE util.FileUtils (LogUtils.java:runAndLog(49)) - Successfully ran Atomic Files.move /home/runner/work/ratis/ratis/ratis-test/target/test/data/b8de9602/MiniRaftClusterWithGrpcbc2420e5/s0/82990ede-4710-4729-82e4-54689077fb2a/current/raft-meta.tmp to /home/runner/work/ratis/ratis/ratis-test/target/test/data/b8de9602/MiniRaftClusterWithGrpcbc2420e5/s0/82990ede-4710-4729-82e4-54689077fb2a/current/raft-meta with options [REPLACE_EXISTING]
2023-12-13 18:50:32,693 [s0@group-54689077FB2A-LeaderElection9] INFO  impl.LeaderElection (LeaderElection.java:askForVotes(321)) - s0@group-54689077FB2A-LeaderElection9 ELECTION round 0: submit vote requests at term 1 for -1: peers:[s0|0.0.0.0:46607, s1|0.0.0.0:41525, s2|0.0.0.0:45147]|listeners:[], old=null
2023-12-13 18:50:32,693 [s0@group-54689077FB2A-LeaderElection9] INFO  server.RaftServerConfigKeys (ConfUtils.java:logFallback(53)) - raft.server.rpc.first-election.timeout.min = 1500ms (fallback to raft.server.rpc.timeout.min)
2023-12-13 18:50:32,693 [s0@group-54689077FB2A-LeaderElection9] INFO  server.RaftServerConfigKeys (ConfUtils.java:logFallback(53)) - raft.server.rpc.first-election.timeout.max = 2000ms (fallback to raft.server.rpc.timeout.max)
2023-12-13 18:50:32,694 [grpc-default-executor-11] INFO  server.RaftServer$Division (RaftServerImpl.java:requestVote(1377)) - s1@group-54689077FB2A: receive requestVote(ELECTION, s0, group-54689077FB2A, 1, (t:0, i:0))
2023-12-13 18:50:32,694 [grpc-default-executor-11] INFO  impl.VoteContext (VoteContext.java:log(49)) - s1@group-54689077FB2A-FOLLOWER: accept ELECTION from s0: our priority 1 <= candidate's priority 2
2023-12-13 18:50:32,694 [grpc-default-executor-11] INFO  server.RaftServer$Division (RaftServerImpl.java:setRole(379)) - s1@group-54689077FB2A: changes role from  FOLLOWER to FOLLOWER at term 1 for candidate:s0
2023-12-13 18:50:32,694 [grpc-default-executor-11] INFO  impl.RoleInfo (RoleInfo.java:shutdownFollowerState(110)) - s1: shutdown s1@group-54689077FB2A-FollowerState
2023-12-13 18:50:32,694 [grpc-default-executor-11] INFO  impl.RoleInfo (RoleInfo.java:updateAndGet(139)) - s1: start s1@group-54689077FB2A-FollowerState
2023-12-13 18:50:32,694 [s1@group-54689077FB2A-FollowerState] INFO  impl.FollowerState (FollowerState.java:run(152)) - s1@group-54689077FB2A-FollowerState was interrupted
2023-12-13 18:50:32,694 [grpc-default-executor-11] INFO  server.RaftServer$Division (RaftServerImpl.java:setFirstElection(564)) - s1@group-54689077FB2A: set firstElectionSinceStartup to false for candidate:s0
2023-12-13 18:50:32,694 [grpc-default-executor-11] TRACE util.FileUtils (LogUtils.java:supplyAndLog(69)) - Successfully supplied FileChannel.open /home/runner/work/ratis/ratis/ratis-test/target/test/data/b8de9602/MiniRaftClusterWithGrpcbc2420e5/s1/82990ede-4710-4729-82e4-54689077fb2a/current/raft-meta.tmp with options [CREATE, WRITE]: sun.nio.ch.FileChannelImpl@6426ad3e
2023-12-13 18:50:32,695 [grpc-default-executor-13] INFO  server.RaftServer$Division (RaftServerImpl.java:requestVote(1377)) - s2@group-54689077FB2A: receive requestVote(ELECTION, s0, group-54689077FB2A, 1, (t:0, i:0))
2023-12-13 18:50:32,695 [grpc-default-executor-13] INFO  impl.VoteContext (VoteContext.java:log(49)) - s2@group-54689077FB2A-FOLLOWER: accept ELECTION from s0: our priority 1 <= candidate's priority 2
2023-12-13 18:50:32,695 [grpc-default-executor-13] INFO  server.RaftServer$Division (RaftServerImpl.java:setRole(379)) - s2@group-54689077FB2A: changes role from  FOLLOWER to FOLLOWER at term 1 for candidate:s0
2023-12-13 18:50:32,695 [grpc-default-executor-13] INFO  impl.RoleInfo (RoleInfo.java:shutdownFollowerState(110)) - s2: shutdown s2@group-54689077FB2A-FollowerState
2023-12-13 18:50:32,695 [grpc-default-executor-13] INFO  impl.RoleInfo (RoleInfo.java:updateAndGet(139)) - s2: start s2@group-54689077FB2A-FollowerState
2023-12-13 18:50:32,695 [s2@group-54689077FB2A-FollowerState] INFO  impl.FollowerState (FollowerState.java:run(152)) - s2@group-54689077FB2A-FollowerState was interrupted
2023-12-13 18:50:32,695 [grpc-default-executor-13] INFO  server.RaftServer$Division (RaftServerImpl.java:setFirstElection(564)) - s2@group-54689077FB2A: set firstElectionSinceStartup to false for candidate:s0
2023-12-13 18:50:32,695 [grpc-default-executor-13] TRACE util.FileUtils (LogUtils.java:supplyAndLog(69)) - Successfully supplied FileChannel.open /home/runner/work/ratis/ratis/ratis-test/target/test/data/b8de9602/MiniRaftClusterWithGrpcbc2420e5/s2/82990ede-4710-4729-82e4-54689077fb2a/current/raft-meta.tmp with options [CREATE, WRITE]: sun.nio.ch.FileChannelImpl@61f775f
2023-12-13 18:50:32,696 [grpc-default-executor-11] TRACE util.FileUtils (LogUtils.java:runAndLog(49)) - Successfully ran Atomic Files.move /home/runner/work/ratis/ratis/ratis-test/target/test/data/b8de9602/MiniRaftClusterWithGrpcbc2420e5/s1/82990ede-4710-4729-82e4-54689077fb2a/current/raft-meta.tmp to /home/runner/work/ratis/ratis/ratis-test/target/test/data/b8de9602/MiniRaftClusterWithGrpcbc2420e5/s1/82990ede-4710-4729-82e4-54689077fb2a/current/raft-meta with options [REPLACE_EXISTING]
2023-12-13 18:50:32,696 [grpc-default-executor-11] INFO  server.RaftServer$Division (RaftServerImpl.java:requestVote(1410)) - s1@group-54689077FB2A replies to ELECTION vote request: s0<-s1#0:OK-t1. Peer's state: s1@group-54689077FB2A:t1, leader=null, voted=s0, raftlog=Memoized:s1@group-54689077FB2A-SegmentedRaftLog:OPENED:c-1, conf=-1: peers:[s0|0.0.0.0:46607, s1|0.0.0.0:41525, s2|0.0.0.0:45147]|listeners:[], old=null
2023-12-13 18:50:32,696 [grpc-default-executor-13] TRACE util.FileUtils (LogUtils.java:runAndLog(49)) - Successfully ran Atomic Files.move /home/runner/work/ratis/ratis/ratis-test/target/test/data/b8de9602/MiniRaftClusterWithGrpcbc2420e5/s2/82990ede-4710-4729-82e4-54689077fb2a/current/raft-meta.tmp to /home/runner/work/ratis/ratis/ratis-test/target/test/data/b8de9602/MiniRaftClusterWithGrpcbc2420e5/s2/82990ede-4710-4729-82e4-54689077fb2a/current/raft-meta with options [REPLACE_EXISTING]
2023-12-13 18:50:32,696 [grpc-default-executor-13] INFO  server.RaftServer$Division (RaftServerImpl.java:requestVote(1410)) - s2@group-54689077FB2A replies to ELECTION vote request: s0<-s2#0:OK-t1. Peer's state: s2@group-54689077FB2A:t1, leader=null, voted=s0, raftlog=Memoized:s2@group-54689077FB2A-SegmentedRaftLog:OPENED:c-1, conf=-1: peers:[s0|0.0.0.0:46607, s1|0.0.0.0:41525, s2|0.0.0.0:45147]|listeners:[], old=null
2023-12-13 18:50:32,698 [s0@group-54689077FB2A-LeaderElection9] INFO  impl.LeaderElection (LeaderElection.java:logAndReturn(89)) - s0@group-54689077FB2A-LeaderElection9: ELECTION PASSED received 1 response(s) and 0 exception(s):
2023-12-13 18:50:32,698 [s0@group-54689077FB2A-LeaderElection9] INFO  impl.LeaderElection (LeaderElection.java:logAndReturn(93)) -   Response 0: s0<-s1#0:OK-t1
2023-12-13 18:50:32,698 [s0@group-54689077FB2A-LeaderElection9] INFO  impl.LeaderElection (LeaderElection.java:askForVotes(323)) - s0@group-54689077FB2A-LeaderElection9 ELECTION round 0: result PASSED
2023-12-13 18:50:32,698 [s0@group-54689077FB2A-LeaderElection9] INFO  impl.RoleInfo (RoleInfo.java:shutdownLeaderElection(130)) - s0: shutdown s0@group-54689077FB2A-LeaderElection9
2023-12-13 18:50:32,698 [s0@group-54689077FB2A-LeaderElection9] INFO  server.RaftServer$Division (RaftServerImpl.java:setRole(379)) - s0@group-54689077FB2A: changes role from CANDIDATE to LEADER at term 1 for changeToLeader
2023-12-13 18:50:32,698 [s0@group-54689077FB2A-LeaderElection9] INFO  server.RaftServerConfigKeys (ConfUtils.java:logGet(46)) - raft.server.staging.catchup.gap = 1000 (default)
2023-12-13 18:50:32,698 [s0@group-54689077FB2A-LeaderElection9] INFO  server.RaftServerConfigKeys (ConfUtils.java:logGet(46)) - raft.server.write.element-limit = 4096 (default)
2023-12-13 18:50:32,698 [s0@group-54689077FB2A-LeaderElection9] INFO  server.RaftServerConfigKeys (ConfUtils.java:logGet(46)) - raft.server.write.byte-limit = 64MB (=67108864) (default)
2023-12-13 18:50:32,698 [s0@group-54689077FB2A-LeaderElection9] INFO  server.RaftServerConfigKeys (ConfUtils.java:logGet(46)) - raft.server.watch.timeout = 10s (default)
2023-12-13 18:50:32,698 [s0@group-54689077FB2A-LeaderElection9] INFO  server.RaftServerConfigKeys (ConfUtils.java:logGet(46)) - raft.server.watch.timeout.denomination = 1s (default)
2023-12-13 18:50:32,698 [s0@group-54689077FB2A-LeaderElection9] INFO  server.RaftServerConfigKeys (ConfUtils.java:logGet(46)) - raft.server.watch.element-limit = 65536 (default)
2023-12-13 18:50:32,698 [s0@group-54689077FB2A-LeaderElection9] INFO  server.RaftServerConfigKeys (ConfUtils.java:logGet(46)) - raft.server.read.leader.lease.enabled = false (default)
2023-12-13 18:50:32,698 [s0@group-54689077FB2A-LeaderElection9] INFO  server.RaftServerConfigKeys (ConfUtils.java:logGet(46)) - raft.server.read.leader.lease.timeout.ratio = 0.9 (default)
2023-12-13 18:50:32,698 [s0@group-54689077FB2A-LeaderElection9] INFO  server.RaftServerConfigKeys (ConfUtils.java:logGet(46)) - raft.server.rpc.timeout.min = 1500ms (custom)
2023-12-13 18:50:32,698 [s0@group-54689077FB2A-LeaderElection9] INFO  server.RaftServerConfigKeys (ConfUtils.java:logGet(46)) - raft.server.write.element-limit = 4096 (default)
2023-12-13 18:50:32,698 [s0@group-54689077FB2A-LeaderElection9] INFO  server.RaftServerConfigKeys (ConfUtils.java:logGet(46)) - raft.server.write.follower.gap.ratio.max = -1.0 (default)
2023-12-13 18:50:32,699 [s0@group-54689077FB2A-LeaderElection9] INFO  server.RaftServerConfigKeys (ConfUtils.java:logGet(46)) - raft.server.log.appender.snapshot.chunk.size.max = 16MB (=16777216) (default)
2023-12-13 18:50:32,699 [s0@group-54689077FB2A-LeaderElection9] INFO  server.RaftServerConfigKeys (ConfUtils.java:logGet(46)) - raft.server.log.appender.buffer.byte-limit = 4MB (=4194304) (default)
2023-12-13 18:50:32,699 [s0@group-54689077FB2A-LeaderElection9] INFO  server.RaftServerConfigKeys (ConfUtils.java:logGet(46)) - raft.server.log.appender.buffer.element-limit = 0 (default)
2023-12-13 18:50:32,699 [s0@group-54689077FB2A-LeaderElection9] INFO  server.RaftServerConfigKeys (ConfUtils.java:logGet(46)) - raft.server.log.appender.wait-time.min = 1ms (default)
2023-12-13 18:50:32,699 [s0@group-54689077FB2A-LeaderElection9] INFO  grpc.GrpcConfigKeys (ConfUtils.java:logGet(46)) - raft.grpc.server.leader.outstanding.appends.max = 8 (default)
2023-12-13 18:50:32,699 [s0@group-54689077FB2A-LeaderElection9] INFO  server.RaftServerConfigKeys (ConfUtils.java:logGet(46)) - raft.server.rpc.request.timeout = 3000ms (default)
2023-12-13 18:50:32,699 [s0@group-54689077FB2A-LeaderElection9] INFO  grpc.GrpcConfigKeys (ConfUtils.java:logGet(46)) - raft.grpc.server.install_snapshot.request.element-limit = 8 (default)
2023-12-13 18:50:32,699 [s0@group-54689077FB2A-LeaderElection9] INFO  grpc.GrpcConfigKeys (ConfUtils.java:logGet(46)) - raft.grpc.server.install_snapshot.request.timeout = 3000ms (default)
2023-12-13 18:50:32,699 [s0@group-54689077FB2A-LeaderElection9] INFO  server.RaftServerConfigKeys (ConfUtils.java:logGet(46)) - raft.server.log.appender.install.snapshot.enabled = true (default)
2023-12-13 18:50:32,699 [s0@group-54689077FB2A-LeaderElection9] INFO  grpc.GrpcConfigKeys (ConfUtils.java:logGet(46)) - raft.grpc.server.heartbeat.channel = true (default)
2023-12-13 18:50:32,699 [s0@group-54689077FB2A-LeaderElection9] INFO  server.RaftServerConfigKeys (ConfUtils.java:logGet(46)) - raft.server.log.appender.snapshot.chunk.size.max = 16MB (=16777216) (default)
2023-12-13 18:50:32,699 [s0@group-54689077FB2A-LeaderElection9] INFO  server.RaftServerConfigKeys (ConfUtils.java:logGet(46)) - raft.server.log.appender.buffer.byte-limit = 4MB (=4194304) (default)
2023-12-13 18:50:32,699 [s0@group-54689077FB2A-LeaderElection9] INFO  server.RaftServerConfigKeys (ConfUtils.java:logGet(46)) - raft.server.log.appender.buffer.element-limit = 0 (default)
2023-12-13 18:50:32,699 [s0@group-54689077FB2A-LeaderElection9] INFO  server.RaftServerConfigKeys (ConfUtils.java:logGet(46)) - raft.server.log.appender.wait-time.min = 1ms (default)
2023-12-13 18:50:32,699 [s0@group-54689077FB2A-LeaderElection9] INFO  grpc.GrpcConfigKeys (ConfUtils.java:logGet(46)) - raft.grpc.server.leader.outstanding.appends.max = 8 (default)
2023-12-13 18:50:32,699 [s0@group-54689077FB2A-LeaderElection9] INFO  server.RaftServerConfigKeys (ConfUtils.java:logGet(46)) - raft.server.rpc.request.timeout = 3000ms (default)
2023-12-13 18:50:32,699 [s0@group-54689077FB2A-LeaderElection9] INFO  grpc.GrpcConfigKeys (ConfUtils.java:logGet(46)) - raft.grpc.server.install_snapshot.request.element-limit = 8 (default)
2023-12-13 18:50:32,699 [s0@group-54689077FB2A-LeaderElection9] INFO  grpc.GrpcConfigKeys (ConfUtils.java:logGet(46)) - raft.grpc.server.install_snapshot.request.timeout = 3000ms (default)
2023-12-13 18:50:32,699 [s0@group-54689077FB2A-LeaderElection9] INFO  server.RaftServerConfigKeys (ConfUtils.java:logGet(46)) - raft.server.log.appender.install.snapshot.enabled = true (default)
2023-12-13 18:50:32,699 [s0@group-54689077FB2A-LeaderElection9] INFO  grpc.GrpcConfigKeys (ConfUtils.java:logGet(46)) - raft.grpc.server.heartbeat.channel = true (default)
2023-12-13 18:50:32,699 [s0@group-54689077FB2A-LeaderElection9] INFO  impl.RoleInfo (RoleInfo.java:updateAndGet(139)) - s0: start s0@group-54689077FB2A-LeaderStateImpl
2023-12-13 18:50:32,699 [s0@group-54689077FB2A-LeaderElection9] INFO  server.RaftServer$Division (RaftServerImpl.java:setFirstElection(564)) - s0@group-54689077FB2A: set firstElectionSinceStartup to false for becomeLeader
2023-12-13 18:50:32,699 [s0@group-54689077FB2A-LeaderElection9] INFO  server.RaftServer$Division (ServerState.java:setLeader(265)) - s0@group-54689077FB2A: change Leader from null to s0 at term 1 for becomeLeader, leader elected after 1666ms
2023-12-13 18:50:32,699 [s0@group-54689077FB2A-LeaderElection9] INFO  segmented.SegmentedRaftLogWorker (SegmentedRaftLogWorker.java:startLogSegment(430)) - s0@group-54689077FB2A-SegmentedRaftLogWorker: Starting segment from index:0
2023-12-13 18:50:32,700 [s0@group-54689077FB2A-LeaderElection9] INFO  server.RaftServer$Division (ServerState.java:setRaftConf(382)) - s0@group-54689077FB2A: set configuration 0: peers:[s0|0.0.0.0:46607, s1|0.0.0.0:41525, s2|0.0.0.0:45147]|listeners:[], old=null
2023-12-13 18:50:32,700 [s0@group-54689077FB2A-SegmentedRaftLogWorker] INFO  segmented.BufferedWriteChannel (BufferedWriteChannel.java:open(62)) - open log_inprogress_0 at position 0
2023-12-13 18:50:32,705 [s2-server-thread1] INFO  server.RaftServer$Division (ServerState.java:setLeader(265)) - s2@group-54689077FB2A: change Leader from null to s0 at term 1 for appendEntries, leader elected after 1653ms
2023-12-13 18:50:32,706 [s1-server-thread1] INFO  server.RaftServer$Division (ServerState.java:setLeader(265)) - s1@group-54689077FB2A: change Leader from null to s0 at term 1 for appendEntries, leader elected after 1663ms
2023-12-13 18:50:32,707 [s2-server-thread2] DEBUG server.RaftServer$Division (RaftServerImpl.java:logAppendEntries(1504)) - s2@group-54689077FB2A: receive appendEntries(s0, 1, null, -1, false, commits:[s0:c-1, s1:c-1, s2:c-1], cId:1, entries: [(t:1, i:0), CONFIGURATIONENTRY(current:id: "s0"
address: "0.0.0.0:46607"
priority: 2
clientAddress: "0.0.0.0:46607"
adminAddress: "0.0.0.0:46607"
startupRole: FOLLOWER
,id: "s1"
address: "0.0.0.0:41525"
priority: 1
clientAddress: "0.0.0.0:41525"
adminAddress: "0.0.0.0:41525"
startupRole: FOLLOWER
,id: "s2"
address: "0.0.0.0:45147"
priority: 1
clientAddress: "0.0.0.0:45147"
adminAddress: "0.0.0.0:45147"
startupRole: FOLLOWER
, old:)]
2023-12-13 18:50:32,707 [s2-server-thread2] INFO  server.RaftServer$Division (ServerState.java:setRaftConf(382)) - s2@group-54689077FB2A: set configuration 0: peers:[s0|0.0.0.0:46607, s1|0.0.0.0:41525, s2|0.0.0.0:45147]|listeners:[], old=null
2023-12-13 18:50:32,707 [s2-server-thread2] INFO  segmented.SegmentedRaftLogWorker (SegmentedRaftLogWorker.java:startLogSegment(430)) - s2@group-54689077FB2A-SegmentedRaftLogWorker: Starting segment from index:0
2023-12-13 18:50:32,707 [s2@group-54689077FB2A-SegmentedRaftLogWorker] INFO  segmented.BufferedWriteChannel (BufferedWriteChannel.java:open(62)) - open log_inprogress_0 at position 0
2023-12-13 18:50:32,707 [s1-server-thread2] DEBUG server.RaftServer$Division (RaftServerImpl.java:logAppendEntries(1504)) - s1@group-54689077FB2A: receive appendEntries(s0, 1, null, -1, false, commits:[s0:c-1, s1:c-1, s2:c-1], cId:1, entries: [(t:1, i:0), CONFIGURATIONENTRY(current:id: "s0"
address: "0.0.0.0:46607"
priority: 2
clientAddress: "0.0.0.0:46607"
adminAddress: "0.0.0.0:46607"
startupRole: FOLLOWER
,id: "s1"
address: "0.0.0.0:41525"
priority: 1
clientAddress: "0.0.0.0:41525"
adminAddress: "0.0.0.0:41525"
startupRole: FOLLOWER
,id: "s2"
address: "0.0.0.0:45147"
priority: 1
clientAddress: "0.0.0.0:45147"
adminAddress: "0.0.0.0:45147"
startupRole: FOLLOWER
, old:)]
2023-12-13 18:50:32,707 [s0@group-54689077FB2A-SegmentedRaftLogWorker] INFO  segmented.SegmentedRaftLogWorker (SegmentedRaftLogWorker.java:execute(634)) - s0@group-54689077FB2A-SegmentedRaftLogWorker: created new log segment /home/runner/work/ratis/ratis/ratis-test/target/test/data/b8de9602/MiniRaftClusterWithGrpcbc2420e5/s0/82990ede-4710-4729-82e4-54689077fb2a/current/log_inprogress_0
2023-12-13 18:50:32,710 [s1-server-thread2] INFO  server.RaftServer$Division (ServerState.java:setRaftConf(382)) - s1@group-54689077FB2A: set configuration 0: peers:[s0|0.0.0.0:46607, s1|0.0.0.0:41525, s2|0.0.0.0:45147]|listeners:[], old=null
2023-12-13 18:50:32,710 [s1-server-thread2] INFO  segmented.SegmentedRaftLogWorker (SegmentedRaftLogWorker.java:startLogSegment(430)) - s1@group-54689077FB2A-SegmentedRaftLogWorker: Starting segment from index:0
2023-12-13 18:50:32,710 [s1@group-54689077FB2A-SegmentedRaftLogWorker] INFO  segmented.BufferedWriteChannel (BufferedWriteChannel.java:open(62)) - open log_inprogress_0 at position 0
2023-12-13 18:50:32,717 [s2@group-54689077FB2A-SegmentedRaftLogWorker] INFO  segmented.SegmentedRaftLogWorker (SegmentedRaftLogWorker.java:execute(634)) - s2@group-54689077FB2A-SegmentedRaftLogWorker: created new log segment /home/runner/work/ratis/ratis/ratis-test/target/test/data/b8de9602/MiniRaftClusterWithGrpcbc2420e5/s2/82990ede-4710-4729-82e4-54689077fb2a/current/log_inprogress_0
2023-12-13 18:50:32,717 [s2-server-thread2] DEBUG server.RaftServer$Division (RaftServerImpl.java:logAppendEntries(1504)) - s2@group-54689077FB2A: succeeded to handle AppendEntries. Reply: s0<-s2#1:OK-t1,SUCCESS,nextIndex=1,followerCommit=-1,matchIndex=0
2023-12-13 18:50:32,718 [s1@group-54689077FB2A-SegmentedRaftLogWorker] INFO  segmented.SegmentedRaftLogWorker (SegmentedRaftLogWorker.java:execute(634)) - s1@group-54689077FB2A-SegmentedRaftLogWorker: created new log segment /home/runner/work/ratis/ratis/ratis-test/target/test/data/b8de9602/MiniRaftClusterWithGrpcbc2420e5/s1/82990ede-4710-4729-82e4-54689077fb2a/current/log_inprogress_0
2023-12-13 18:50:32,718 [s1-server-thread2] DEBUG server.RaftServer$Division (RaftServerImpl.java:logAppendEntries(1504)) - s1@group-54689077FB2A: succeeded to handle AppendEntries. Reply: s0<-s1#1:OK-t1,SUCCESS,nextIndex=1,followerCommit=-1,matchIndex=0
2023-12-13 18:50:32,720 [s0@group-54689077FB2A-StateMachineUpdater] TRACE util.FileUtils (LogUtils.java:supplyAndLog(69)) - Successfully supplied FileChannel.open /home/runner/work/ratis/ratis/ratis-test/target/test/data/b8de9602/MiniRaftClusterWithGrpcbc2420e5/s0/82990ede-4710-4729-82e4-54689077fb2a/current/raft-meta.conf.tmp with options [CREATE, WRITE]: sun.nio.ch.FileChannelImpl@2d772db
2023-12-13 18:50:32,721 [s0@group-54689077FB2A-StateMachineUpdater] TRACE util.FileUtils (LogUtils.java:runAndLog(49)) - Successfully ran Atomic Files.move /home/runner/work/ratis/ratis/ratis-test/target/test/data/b8de9602/MiniRaftClusterWithGrpcbc2420e5/s0/82990ede-4710-4729-82e4-54689077fb2a/current/raft-meta.conf.tmp to /home/runner/work/ratis/ratis/ratis-test/target/test/data/b8de9602/MiniRaftClusterWithGrpcbc2420e5/s0/82990ede-4710-4729-82e4-54689077fb2a/current/raft-meta.conf with options [REPLACE_EXISTING]
2023-12-13 18:50:32,721 [s0@group-54689077FB2A-StateMachineUpdater] INFO  server.RaftServer$Division (LeaderStateImpl.java:isApplied(320)) - leader is ready since appliedIndex == 0 >= startIndex == 0
2023-12-13 18:50:33,470 [s2@group-54689077FB2A-StateMachineUpdater] TRACE util.FileUtils (LogUtils.java:supplyAndLog(69)) - Successfully supplied FileChannel.open /home/runner/work/ratis/ratis/ratis-test/target/test/data/b8de9602/MiniRaftClusterWithGrpcbc2420e5/s2/82990ede-4710-4729-82e4-54689077fb2a/current/raft-meta.conf.tmp with options [CREATE, WRITE]: sun.nio.ch.FileChannelImpl@1818da02
2023-12-13 18:50:33,471 [s1@group-54689077FB2A-StateMachineUpdater] TRACE util.FileUtils (LogUtils.java:supplyAndLog(69)) - Successfully supplied FileChannel.open /home/runner/work/ratis/ratis/ratis-test/target/test/data/b8de9602/MiniRaftClusterWithGrpcbc2420e5/s1/82990ede-4710-4729-82e4-54689077fb2a/current/raft-meta.conf.tmp with options [CREATE, WRITE]: sun.nio.ch.FileChannelImpl@15676fb6
2023-12-13 18:50:33,471 [s2@group-54689077FB2A-StateMachineUpdater] TRACE util.FileUtils (LogUtils.java:runAndLog(49)) - Successfully ran Atomic Files.move /home/runner/work/ratis/ratis/ratis-test/target/test/data/b8de9602/MiniRaftClusterWithGrpcbc2420e5/s2/82990ede-4710-4729-82e4-54689077fb2a/current/raft-meta.conf.tmp to /home/runner/work/ratis/ratis/ratis-test/target/test/data/b8de9602/MiniRaftClusterWithGrpcbc2420e5/s2/82990ede-4710-4729-82e4-54689077fb2a/current/raft-meta.conf with options [REPLACE_EXISTING]
2023-12-13 18:50:33,472 [s1@group-54689077FB2A-StateMachineUpdater] TRACE util.FileUtils (LogUtils.java:runAndLog(49)) - Successfully ran Atomic Files.move /home/runner/work/ratis/ratis/ratis-test/target/test/data/b8de9602/MiniRaftClusterWithGrpcbc2420e5/s1/82990ede-4710-4729-82e4-54689077fb2a/current/raft-meta.conf.tmp to /home/runner/work/ratis/ratis/ratis-test/target/test/data/b8de9602/MiniRaftClusterWithGrpcbc2420e5/s1/82990ede-4710-4729-82e4-54689077fb2a/current/raft-meta.conf with options [REPLACE_EXISTING]
2023-12-13 18:50:34,064 [Time-limited test] INFO  ratis.RaftTestUtil (RaftTestUtil.java:waitForLeader(124)) - printing group-54689077FB2A
  s0:  RUNNING    LEADER s0@group-54689077FB2A:t1, leader=s0, voted=s0, raftlog=Memoized:s0@group-54689077FB2A-SegmentedRaftLog:OPENED:c0, conf=0: peers:[s0|0.0.0.0:46607, s1|0.0.0.0:41525, s2|0.0.0.0:45147]|listeners:[], old=null RUNNING
  s1:  RUNNING  FOLLOWER s1@group-54689077FB2A:t1, leader=s0, voted=s0, raftlog=Memoized:s1@group-54689077FB2A-SegmentedRaftLog:OPENED:c0, conf=0: peers:[s0|0.0.0.0:46607, s1|0.0.0.0:41525, s2|0.0.0.0:45147]|listeners:[], old=null RUNNING
  s2:  RUNNING  FOLLOWER s2@group-54689077FB2A:t1, leader=s0, voted=s0, raftlog=Memoized:s2@group-54689077FB2A-SegmentedRaftLog:OPENED:c0, conf=0: peers:[s0|0.0.0.0:46607, s1|0.0.0.0:41525, s2|0.0.0.0:45147]|listeners:[], old=null RUNNING
2023-12-13 18:50:34,065 [Time-limited test] INFO  util.CodeInjectionForTesting (BlockRequestHandlingInjection.java:blockRequestor(49)) - Block requestor s0
2023-12-13 18:50:34,065 [Time-limited test] INFO  util.CodeInjectionForTesting (BlockRequestHandlingInjection.java:blockRequestor(49)) - Block requestor s0
2023-12-13 18:50:34,066 [Time-limited test] INFO  server.RaftServerConfigKeys (ConfUtils.java:logGet(46)) - raft.server.rpc.timeout.max = 2000ms (custom)
2023-12-13 18:50:34,066 [Time-limited test] INFO  ratis.RaftTestUtil (RaftTestUtil.java:waitForLeader(100)) - printing group-54689077FB2A
  s0:  RUNNING    LEADER s0@group-54689077FB2A:t1, leader=s0, voted=s0, raftlog=Memoized:s0@group-54689077FB2A-SegmentedRaftLog:OPENED:c0, conf=0: peers:[s0|0.0.0.0:46607, s1|0.0.0.0:41525, s2|0.0.0.0:45147]|listeners:[], old=null RUNNING
  s1:  RUNNING  FOLLOWER s1@group-54689077FB2A:t1, leader=s0, voted=s0, raftlog=Memoized:s1@group-54689077FB2A-SegmentedRaftLog:OPENED:c0, conf=0: peers:[s0|0.0.0.0:46607, s1|0.0.0.0:41525, s2|0.0.0.0:45147]|listeners:[], old=null RUNNING
  s2:  RUNNING  FOLLOWER s2@group-54689077FB2A:t1, leader=s0, voted=s0, raftlog=Memoized:s2@group-54689077FB2A-SegmentedRaftLog:OPENED:c0, conf=0: peers:[s0|0.0.0.0:46607, s1|0.0.0.0:41525, s2|0.0.0.0:45147]|listeners:[], old=null RUNNING
2023-12-13 18:50:34,066 [Time-limited test] INFO  ratis.RaftTestUtil (RaftTestUtil.java:waitForLeader(124)) - printing group-54689077FB2A
  s0:  RUNNING    LEADER s0@group-54689077FB2A:t1, leader=s0, voted=s0, raftlog=Memoized:s0@group-54689077FB2A-SegmentedRaftLog:OPENED:c0, conf=0: peers:[s0|0.0.0.0:46607, s1|0.0.0.0:41525, s2|0.0.0.0:45147]|listeners:[], old=null RUNNING
  s1:  RUNNING  FOLLOWER s1@group-54689077FB2A:t1, leader=s0, voted=s0, raftlog=Memoized:s1@group-54689077FB2A-SegmentedRaftLog:OPENED:c0, conf=0: peers:[s0|0.0.0.0:46607, s1|0.0.0.0:41525, s2|0.0.0.0:45147]|listeners:[], old=null RUNNING
  s2:  RUNNING  FOLLOWER s2@group-54689077FB2A:t1, leader=s0, voted=s0, raftlog=Memoized:s2@group-54689077FB2A-SegmentedRaftLog:OPENED:c0, conf=0: peers:[s0|0.0.0.0:46607, s1|0.0.0.0:41525, s2|0.0.0.0:45147]|listeners:[], old=null RUNNING
2023-12-13 18:50:34,066 [Time-limited test] WARN  impl.GroupManagementBaseTest (JavaUtils.java:attempt(231)) - FAILED "testMultiGroupWithPriority", attempt #1/10: java.lang.AssertionError, sleep 1s and then retry.
java.lang.AssertionError
	at org.junit.Assert.fail(Assert.java:87)
	at org.junit.Assert.assertTrue(Assert.java:42)
	at org.junit.Assert.assertTrue(Assert.java:53)
	at org.apache.ratis.server.impl.GroupManagementBaseTest.lambda$testGroupWithPriority$2(GroupManagementBaseTest.java:131)
	at org.apache.ratis.util.function.CheckedRunnable.lambda$asCheckedSupplier$0(CheckedRunnable.java:32)
	at org.apache.ratis.util.JavaUtils.lambda$attempt$7(JavaUtils.java:212)
	at org.apache.ratis.util.JavaUtils.attempt(JavaUtils.java:225)
	at org.apache.ratis.util.JavaUtils.attempt(JavaUtils.java:212)
	at org.apache.ratis.util.JavaUtils.attemptRepeatedly(JavaUtils.java:204)
	at org.apache.ratis.util.JavaUtils.attempt(JavaUtils.java:245)
	at org.apache.ratis.server.impl.GroupManagementBaseTest.testGroupWithPriority(GroupManagementBaseTest.java:129)
	at java.base/jdk.internal.reflect.NativeMethodAccessorImpl.invoke0(Native Method)
	at java.base/jdk.internal.reflect.NativeMethodAccessorImpl.invoke(NativeMethodAccessorImpl.java:62)
	at java.base/jdk.internal.reflect.DelegatingMethodAccessorImpl.invoke(DelegatingMethodAccessorImpl.java:43)
	at java.base/java.lang.reflect.Method.invoke(Method.java:566)
	at org.junit.runners.model.FrameworkMethod$1.runReflectiveCall(FrameworkMethod.java:59)
	at org.junit.internal.runners.model.ReflectiveCallable.run(ReflectiveCallable.java:12)
	at org.junit.runners.model.FrameworkMethod.invokeExplosively(FrameworkMethod.java:56)
	at org.junit.internal.runners.statements.InvokeMethod.evaluate(InvokeMethod.java:17)
	at org.junit.internal.runners.statements.RunAfters.evaluate(RunAfters.java:27)
	at org.junit.internal.runners.statements.FailOnTimeout$CallableStatement.call(FailOnTimeout.java:299)
	at org.junit.internal.runners.statements.FailOnTimeout$CallableStatement.call(FailOnTimeout.java:293)
	at java.base/java.util.concurrent.FutureTask.run(FutureTask.java:264)
	at java.base/java.lang.Thread.run(Thread.java:829)
2023-12-13 18:50:34,222 [s1-server-thread1] INFO  util.CodeInjectionForTesting (BlockRequestHandlingInjection.java:execute(77)) - s1: Block request from s0
2023-12-13 18:50:34,222 [s2-server-thread1] INFO  util.CodeInjectionForTesting (BlockRequestHandlingInjection.java:execute(77)) - s2: Block request from s0
2023-12-13 18:50:35,066 [Time-limited test] INFO  server.RaftServerConfigKeys (ConfUtils.java:logGet(46)) - raft.server.rpc.timeout.max = 2000ms (custom)
2023-12-13 18:50:35,066 [Time-limited test] INFO  ratis.RaftTestUtil (RaftTestUtil.java:waitForLeader(100)) - printing group-54689077FB2A
  s0:  RUNNING    LEADER s0@group-54689077FB2A:t1, leader=s0, voted=s0, raftlog=Memoized:s0@group-54689077FB2A-SegmentedRaftLog:OPENED:c0, conf=0: peers:[s0|0.0.0.0:46607, s1|0.0.0.0:41525, s2|0.0.0.0:45147]|listeners:[], old=null RUNNING
  s1:  RUNNING  FOLLOWER s1@group-54689077FB2A:t1, leader=s0, voted=s0, raftlog=Memoized:s1@group-54689077FB2A-SegmentedRaftLog:OPENED:c0, conf=0: peers:[s0|0.0.0.0:46607, s1|0.0.0.0:41525, s2|0.0.0.0:45147]|listeners:[], old=null RUNNING
  s2:  RUNNING  FOLLOWER s2@group-54689077FB2A:t1, leader=s0, voted=s0, raftlog=Memoized:s2@group-54689077FB2A-SegmentedRaftLog:OPENED:c0, conf=0: peers:[s0|0.0.0.0:46607, s1|0.0.0.0:41525, s2|0.0.0.0:45147]|listeners:[], old=null RUNNING
2023-12-13 18:50:35,067 [Time-limited test] INFO  ratis.RaftTestUtil (RaftTestUtil.java:waitForLeader(124)) - printing group-54689077FB2A
  s0:  RUNNING    LEADER s0@group-54689077FB2A:t1, leader=s0, voted=s0, raftlog=Memoized:s0@group-54689077FB2A-SegmentedRaftLog:OPENED:c0, conf=0: peers:[s0|0.0.0.0:46607, s1|0.0.0.0:41525, s2|0.0.0.0:45147]|listeners:[], old=null RUNNING
  s1:  RUNNING  FOLLOWER s1@group-54689077FB2A:t1, leader=s0, voted=s0, raftlog=Memoized:s1@group-54689077FB2A-SegmentedRaftLog:OPENED:c0, conf=0: peers:[s0|0.0.0.0:46607, s1|0.0.0.0:41525, s2|0.0.0.0:45147]|listeners:[], old=null RUNNING
  s2:  RUNNING  FOLLOWER s2@group-54689077FB2A:t1, leader=s0, voted=s0, raftlog=Memoized:s2@group-54689077FB2A-SegmentedRaftLog:OPENED:c0, conf=0: peers:[s0|0.0.0.0:46607, s1|0.0.0.0:41525, s2|0.0.0.0:45147]|listeners:[], old=null RUNNING
2023-12-13 18:50:35,067 [Time-limited test] WARN  impl.GroupManagementBaseTest (JavaUtils.java:attempt(231)) - FAILED "testMultiGroupWithPriority", attempt #2/10: java.lang.AssertionError, sleep 1s and then retry.
java.lang.AssertionError
	at org.junit.Assert.fail(Assert.java:87)
	at org.junit.Assert.assertTrue(Assert.java:42)
	at org.junit.Assert.assertTrue(Assert.java:53)
	at org.apache.ratis.server.impl.GroupManagementBaseTest.lambda$testGroupWithPriority$2(GroupManagementBaseTest.java:131)
	at org.apache.ratis.util.function.CheckedRunnable.lambda$asCheckedSupplier$0(CheckedRunnable.java:32)
	at org.apache.ratis.util.JavaUtils.lambda$attempt$7(JavaUtils.java:212)
	at org.apache.ratis.util.JavaUtils.attempt(JavaUtils.java:225)
	at org.apache.ratis.util.JavaUtils.attempt(JavaUtils.java:212)
	at org.apache.ratis.util.JavaUtils.attemptRepeatedly(JavaUtils.java:204)
	at org.apache.ratis.util.JavaUtils.attempt(JavaUtils.java:245)
	at org.apache.ratis.server.impl.GroupManagementBaseTest.testGroupWithPriority(GroupManagementBaseTest.java:129)
	at java.base/jdk.internal.reflect.NativeMethodAccessorImpl.invoke0(Native Method)
	at java.base/jdk.internal.reflect.NativeMethodAccessorImpl.invoke(NativeMethodAccessorImpl.java:62)
	at java.base/jdk.internal.reflect.DelegatingMethodAccessorImpl.invoke(DelegatingMethodAccessorImpl.java:43)
	at java.base/java.lang.reflect.Method.invoke(Method.java:566)
	at org.junit.runners.model.FrameworkMethod$1.runReflectiveCall(FrameworkMethod.java:59)
	at org.junit.internal.runners.model.ReflectiveCallable.run(ReflectiveCallable.java:12)
	at org.junit.runners.model.FrameworkMethod.invokeExplosively(FrameworkMethod.java:56)
	at org.junit.internal.runners.statements.InvokeMethod.evaluate(InvokeMethod.java:17)
	at org.junit.internal.runners.statements.RunAfters.evaluate(RunAfters.java:27)
	at org.junit.internal.runners.statements.FailOnTimeout$CallableStatement.call(FailOnTimeout.java:299)
	at org.junit.internal.runners.statements.FailOnTimeout$CallableStatement.call(FailOnTimeout.java:293)
	at java.base/java.util.concurrent.FutureTask.run(FutureTask.java:264)
	at java.base/java.lang.Thread.run(Thread.java:829)
2023-12-13 18:50:36,067 [Time-limited test] INFO  server.RaftServerConfigKeys (ConfUtils.java:logGet(46)) - raft.server.rpc.timeout.max = 2000ms (custom)
2023-12-13 18:50:36,067 [Time-limited test] INFO  ratis.RaftTestUtil (RaftTestUtil.java:waitForLeader(100)) - printing group-54689077FB2A
  s0:  RUNNING    LEADER s0@group-54689077FB2A:t1, leader=s0, voted=s0, raftlog=Memoized:s0@group-54689077FB2A-SegmentedRaftLog:OPENED:c0, conf=0: peers:[s0|0.0.0.0:46607, s1|0.0.0.0:41525, s2|0.0.0.0:45147]|listeners:[], old=null RUNNING
  s1:  RUNNING  FOLLOWER s1@group-54689077FB2A:t1, leader=s0, voted=s0, raftlog=Memoized:s1@group-54689077FB2A-SegmentedRaftLog:OPENED:c0, conf=0: peers:[s0|0.0.0.0:46607, s1|0.0.0.0:41525, s2|0.0.0.0:45147]|listeners:[], old=null RUNNING
  s2:  RUNNING  FOLLOWER s2@group-54689077FB2A:t1, leader=s0, voted=s0, raftlog=Memoized:s2@group-54689077FB2A-SegmentedRaftLog:OPENED:c0, conf=0: peers:[s0|0.0.0.0:46607, s1|0.0.0.0:41525, s2|0.0.0.0:45147]|listeners:[], old=null RUNNING
2023-12-13 18:50:36,067 [Time-limited test] INFO  ratis.RaftTestUtil (RaftTestUtil.java:waitForLeader(124)) - printing group-54689077FB2A
  s0:  RUNNING    LEADER s0@group-54689077FB2A:t1, leader=s0, voted=s0, raftlog=Memoized:s0@group-54689077FB2A-SegmentedRaftLog:OPENED:c0, conf=0: peers:[s0|0.0.0.0:46607, s1|0.0.0.0:41525, s2|0.0.0.0:45147]|listeners:[], old=null RUNNING
  s1:  RUNNING  FOLLOWER s1@group-54689077FB2A:t1, leader=s0, voted=s0, raftlog=Memoized:s1@group-54689077FB2A-SegmentedRaftLog:OPENED:c0, conf=0: peers:[s0|0.0.0.0:46607, s1|0.0.0.0:41525, s2|0.0.0.0:45147]|listeners:[], old=null RUNNING
  s2:  RUNNING  FOLLOWER s2@group-54689077FB2A:t1, leader=s0, voted=s0, raftlog=Memoized:s2@group-54689077FB2A-SegmentedRaftLog:OPENED:c0, conf=0: peers:[s0|0.0.0.0:46607, s1|0.0.0.0:41525, s2|0.0.0.0:45147]|listeners:[], old=null RUNNING
2023-12-13 18:50:36,067 [Time-limited test] WARN  impl.GroupManagementBaseTest (JavaUtils.java:attempt(231)) - FAILED "testMultiGroupWithPriority", attempt #3/10: java.lang.AssertionError, sleep 1s and then retry.
java.lang.AssertionError
	at org.junit.Assert.fail(Assert.java:87)
	at org.junit.Assert.assertTrue(Assert.java:42)
	at org.junit.Assert.assertTrue(Assert.java:53)
	at org.apache.ratis.server.impl.GroupManagementBaseTest.lambda$testGroupWithPriority$2(GroupManagementBaseTest.java:131)
	at org.apache.ratis.util.function.CheckedRunnable.lambda$asCheckedSupplier$0(CheckedRunnable.java:32)
	at org.apache.ratis.util.JavaUtils.lambda$attempt$7(JavaUtils.java:212)
	at org.apache.ratis.util.JavaUtils.attempt(JavaUtils.java:225)
	at org.apache.ratis.util.JavaUtils.attempt(JavaUtils.java:212)
	at org.apache.ratis.util.JavaUtils.attemptRepeatedly(JavaUtils.java:204)
	at org.apache.ratis.util.JavaUtils.attempt(JavaUtils.java:245)
	at org.apache.ratis.server.impl.GroupManagementBaseTest.testGroupWithPriority(GroupManagementBaseTest.java:129)
	at java.base/jdk.internal.reflect.NativeMethodAccessorImpl.invoke0(Native Method)
	at java.base/jdk.internal.reflect.NativeMethodAccessorImpl.invoke(NativeMethodAccessorImpl.java:62)
	at java.base/jdk.internal.reflect.DelegatingMethodAccessorImpl.invoke(DelegatingMethodAccessorImpl.java:43)
	at java.base/java.lang.reflect.Method.invoke(Method.java:566)
	at org.junit.runners.model.FrameworkMethod$1.runReflectiveCall(FrameworkMethod.java:59)
	at org.junit.internal.runners.model.ReflectiveCallable.run(ReflectiveCallable.java:12)
	at org.junit.runners.model.FrameworkMethod.invokeExplosively(FrameworkMethod.java:56)
	at org.junit.internal.runners.statements.InvokeMethod.evaluate(InvokeMethod.java:17)
	at org.junit.internal.runners.statements.RunAfters.evaluate(RunAfters.java:27)
	at org.junit.internal.runners.statements.FailOnTimeout$CallableStatement.call(FailOnTimeout.java:299)
	at org.junit.internal.runners.statements.FailOnTimeout$CallableStatement.call(FailOnTimeout.java:293)
	at java.base/java.util.concurrent.FutureTask.run(FutureTask.java:264)
	at java.base/java.lang.Thread.run(Thread.java:829)
2023-12-13 18:50:36,203 [s2@group-54689077FB2A-FollowerState] INFO  impl.FollowerState (FollowerState.java:run(143)) - s2@group-54689077FB2A-FollowerState: change to CANDIDATE, lastRpcElapsedTime:2734096529ns, electionTimeout:1645ms
2023-12-13 18:50:36,203 [s2@group-54689077FB2A-FollowerState] INFO  impl.RoleInfo (RoleInfo.java:shutdownFollowerState(110)) - s2: shutdown s2@group-54689077FB2A-FollowerState
2023-12-13 18:50:36,203 [s2@group-54689077FB2A-FollowerState] INFO  server.RaftServer$Division (RaftServerImpl.java:setRole(379)) - s2@group-54689077FB2A: changes role from  FOLLOWER to CANDIDATE at term 1 for changeToCandidate
2023-12-13 18:50:36,203 [s2@group-54689077FB2A-FollowerState] INFO  server.RaftServerConfigKeys (ConfUtils.java:logGet(46)) - raft.server.leaderelection.pre-vote = true (default)
2023-12-13 18:50:36,203 [s2@group-54689077FB2A-FollowerState] INFO  impl.RoleInfo (RoleInfo.java:updateAndGet(139)) - s2: start s2@group-54689077FB2A-LeaderElection10
2023-12-13 18:50:36,204 [s2@group-54689077FB2A-LeaderElection10] INFO  server.RaftServer$Division (ServerState.java:setLeader(265)) - s2@group-54689077FB2A: change Leader from s0 to null at term 1 for PRE_VOTE
2023-12-13 18:50:36,204 [s2@group-54689077FB2A-LeaderElection10] INFO  impl.LeaderElection (LeaderElection.java:askForVotes(321)) - s2@group-54689077FB2A-LeaderElection10 PRE_VOTE round 0: submit vote requests at term 1 for 0: peers:[s0|0.0.0.0:46607, s1|0.0.0.0:41525, s2|0.0.0.0:45147]|listeners:[], old=null
2023-12-13 18:50:36,204 [s2@group-54689077FB2A-LeaderElection10-1] INFO  server.GrpcServerProtocolClient (GrpcServerProtocolClient.java:<init>(65)) - Build channel for s0
2023-12-13 18:50:36,204 [s2@group-54689077FB2A-LeaderElection10-2] INFO  server.GrpcServerProtocolClient (GrpcServerProtocolClient.java:<init>(65)) - Build channel for s1
2023-12-13 18:50:36,208 [grpc-default-executor-11] INFO  server.RaftServer$Division (RaftServerImpl.java:requestVote(1377)) - s1@group-54689077FB2A: receive requestVote(PRE_VOTE, s2, group-54689077FB2A, 1, (t:1, i:0))
2023-12-13 18:50:36,208 [grpc-default-executor-11] INFO  impl.VoteContext (VoteContext.java:log(49)) - s1@group-54689077FB2A-FOLLOWER: accept PRE_VOTE from s2: our priority 1 <= candidate's priority 1
2023-12-13 18:50:36,208 [grpc-default-executor-11] INFO  server.RaftServer$Division (RaftServerImpl.java:requestVote(1410)) - s1@group-54689077FB2A replies to PRE_VOTE vote request: s2<-s1#0:OK-t1. Peer's state: s1@group-54689077FB2A:t1, leader=s0, voted=s0, raftlog=Memoized:s1@group-54689077FB2A-SegmentedRaftLog:OPENED:c0, conf=0: peers:[s0|0.0.0.0:46607, s1|0.0.0.0:41525, s2|0.0.0.0:45147]|listeners:[], old=null
2023-12-13 18:50:36,208 [grpc-default-executor-11] INFO  util.CodeInjectionForTesting (BlockRequestHandlingInjection.java:execute(77)) - s0: Block request from s2
2023-12-13 18:50:36,719 [s0@group-54689077FB2A-LeaderStateImpl] WARN  server.RaftServer$Division (LeaderStateImpl.java:checkLeadership(1107)) - s0@group-54689077FB2A-LeaderStateImpl: Lost leadership on term: 1. Election timeout: 2000ms. In charge for: 4020ms. Conf: 0: peers:[s0|0.0.0.0:46607, s1|0.0.0.0:41525, s2|0.0.0.0:45147]|listeners:[], old=null
2023-12-13 18:50:36,719 [s0@group-54689077FB2A-LeaderStateImpl] WARN  server.RaftServer$Division (LeaderStateImpl.java:lambda$checkLeadership$21(1111)) - Follower s0@group-54689077FB2A->s1(c0,m0,n1, caughtUp=true, lastRpcSendTime=243, lastRpcResponseTime=3247)
2023-12-13 18:50:36,719 [s0@group-54689077FB2A-LeaderStateImpl] WARN  server.RaftServer$Division (LeaderStateImpl.java:lambda$checkLeadership$21(1111)) - Follower s0@group-54689077FB2A->s2(c0,m0,n1, caughtUp=true, lastRpcSendTime=241, lastRpcResponseTime=3249)
2023-12-13 18:50:36,719 [s0@group-54689077FB2A-LeaderStateImpl] INFO  server.RaftServer$Division (RaftServerImpl.java:setRole(379)) - s0@group-54689077FB2A: changes role from    LEADER to FOLLOWER at term 1 for StepDownReason:LOST_MAJORITY_HEARTBEATS
2023-12-13 18:50:36,719 [s0@group-54689077FB2A-LeaderStateImpl] INFO  impl.RoleInfo (RoleInfo.java:shutdownLeaderState(94)) - s0: shutdown s0@group-54689077FB2A-LeaderStateImpl
2023-12-13 18:50:36,719 [s0@group-54689077FB2A->s2-GrpcLogAppender-LogAppenderDaemon] WARN  server.GrpcLogAppender (GrpcLogAppender.java:mayWait(279)) - s0@group-54689077FB2A->s2-GrpcLogAppender: Wait interrupted by java.lang.InterruptedException
2023-12-13 18:50:36,719 [s0@group-54689077FB2A->s1-GrpcLogAppender-LogAppenderDaemon] WARN  server.GrpcLogAppender (GrpcLogAppender.java:mayWait(279)) - s0@group-54689077FB2A->s1-GrpcLogAppender: Wait interrupted by java.lang.InterruptedException
2023-12-13 18:50:36,719 [s0@group-54689077FB2A-LeaderStateImpl] INFO  impl.PendingRequests (PendingRequests.java:sendNotLeaderResponses(289)) - s0@group-54689077FB2A-PendingRequests: sendNotLeaderResponses
2023-12-13 18:50:36,720 [s0@group-54689077FB2A-LeaderStateImpl] INFO  server.RaftServer$Division (ServerState.java:setLeader(265)) - s0@group-54689077FB2A: change Leader from s0 to null at term 1 for StepDownReason:LOST_MAJORITY_HEARTBEATS
2023-12-13 18:50:36,720 [s0@group-54689077FB2A-LeaderStateImpl] INFO  impl.RoleInfo (RoleInfo.java:updateAndGet(139)) - s0: start s0@group-54689077FB2A-FollowerState
2023-12-13 18:50:36,720 [grpc-default-executor-12] INFO  server.GrpcServerProtocolService (GrpcServerProtocolService.java:onCompleted(157)) - s2: Completed APPEND_ENTRIES, lastRequest: s0->s2#1-t1,previous=(t:0, i:0),leaderCommit=-1,initializing? false,entries: size=1, first=(t:1, i:0), CONFIGURATIONENTRY(current:id: "s0"
address: "0.0.0.0:46607"
priority: 2
clientAddress: "0.0.0.0:46607"
adminAddress: "0.0.0.0:46607"
startupRole: FOLLOWER
,id: "s1"
address: "0.0.0.0:41525"
priority: 1
clientAddress: "0.0.0.0:41525"
adminAddress: "0.0.0.0:41525"
startupRole: FOLLOWER
,id: "s2"
address: "0.0.0.0:45147"
priority: 1
clientAddress: "0.0.0.0:45147"
adminAddress: "0.0.0.0:45147"
startupRole: FOLLOWER
, old:)
2023-12-13 18:50:36,720 [grpc-default-executor-12] INFO  server.GrpcServerProtocolService (GrpcServerProtocolService.java:lambda$onCompleted$5(159)) - s2: Completed APPEND_ENTRIES, lastReply: null
2023-12-13 18:50:36,720 [grpc-default-executor-6] INFO  server.GrpcServerProtocolService (GrpcServerProtocolService.java:onCompleted(157)) - s1: Completed APPEND_ENTRIES, lastRequest: s0->s1#1-t1,previous=(t:0, i:0),leaderCommit=-1,initializing? false,entries: size=1, first=(t:1, i:0), CONFIGURATIONENTRY(current:id: "s0"
address: "0.0.0.0:46607"
priority: 2
clientAddress: "0.0.0.0:46607"
adminAddress: "0.0.0.0:46607"
startupRole: FOLLOWER
,id: "s1"
address: "0.0.0.0:41525"
priority: 1
clientAddress: "0.0.0.0:41525"
adminAddress: "0.0.0.0:41525"
startupRole: FOLLOWER
,id: "s2"
address: "0.0.0.0:45147"
priority: 1
clientAddress: "0.0.0.0:45147"
adminAddress: "0.0.0.0:45147"
startupRole: FOLLOWER
, old:)
2023-12-13 18:50:36,720 [grpc-default-executor-6] INFO  server.GrpcServerProtocolService (GrpcServerProtocolService.java:lambda$onCompleted$5(159)) - s1: Completed APPEND_ENTRIES, lastReply: null
2023-12-13 18:50:36,721 [grpc-default-executor-6] INFO  server.GrpcLogAppender (GrpcLogAppender.java:onCompleted(534)) - s0@group-54689077FB2A->s1-AppendLogResponseHandler: follower responses appendEntries COMPLETED
2023-12-13 18:50:36,721 [grpc-default-executor-12] INFO  server.GrpcLogAppender (GrpcLogAppender.java:onCompleted(534)) - s0@group-54689077FB2A->s2-AppendLogResponseHandler: follower responses appendEntries COMPLETED
2023-12-13 18:50:37,068 [Time-limited test] INFO  server.RaftServerConfigKeys (ConfUtils.java:logGet(46)) - raft.server.rpc.timeout.max = 2000ms (custom)
2023-12-13 18:50:37,068 [Time-limited test] INFO  ratis.RaftTestUtil (RaftTestUtil.java:waitForLeader(100)) - printing group-54689077FB2A
  s0:  RUNNING  FOLLOWER s0@group-54689077FB2A:t1, leader=null, voted=s0, raftlog=Memoized:s0@group-54689077FB2A-SegmentedRaftLog:OPENED:c0, conf=0: peers:[s0|0.0.0.0:46607, s1|0.0.0.0:41525, s2|0.0.0.0:45147]|listeners:[], old=null RUNNING
  s1:  RUNNING  FOLLOWER s1@group-54689077FB2A:t1, leader=s0, voted=s0, raftlog=Memoized:s1@group-54689077FB2A-SegmentedRaftLog:OPENED:c0, conf=0: peers:[s0|0.0.0.0:46607, s1|0.0.0.0:41525, s2|0.0.0.0:45147]|listeners:[], old=null RUNNING
  s2:  RUNNING CANDIDATE s2@group-54689077FB2A:t1, leader=null, voted=s0, raftlog=Memoized:s2@group-54689077FB2A-SegmentedRaftLog:OPENED:c0, conf=0: peers:[s0|0.0.0.0:46607, s1|0.0.0.0:41525, s2|0.0.0.0:45147]|listeners:[], old=null RUNNING
2023-12-13 18:50:37,068 [Time-limited test] WARN  ratis.RaftTestUtil (RaftTestUtil.java:lambda$waitForLeader$3(119)) - Attempt #1 failed: java.lang.IllegalStateException: No leader yet  for group-54689077FB2A: printing group-54689077FB2A
  s0:  RUNNING  FOLLOWER s0@group-54689077FB2A:t1, leader=null, voted=s0, raftlog=Memoized:s0@group-54689077FB2A-SegmentedRaftLog:OPENED:c0, conf=0: peers:[s0|0.0.0.0:46607, s1|0.0.0.0:41525, s2|0.0.0.0:45147]|listeners:[], old=null RUNNING
  s1:  RUNNING  FOLLOWER s1@group-54689077FB2A:t1, leader=s0, voted=s0, raftlog=Memoized:s1@group-54689077FB2A-SegmentedRaftLog:OPENED:c0, conf=0: peers:[s0|0.0.0.0:46607, s1|0.0.0.0:41525, s2|0.0.0.0:45147]|listeners:[], old=null RUNNING
  s2:  RUNNING CANDIDATE s2@group-54689077FB2A:t1, leader=null, voted=s0, raftlog=Memoized:s2@group-54689077FB2A-SegmentedRaftLog:OPENED:c0, conf=0: peers:[s0|0.0.0.0:46607, s1|0.0.0.0:41525, s2|0.0.0.0:45147]|listeners:[], old=null RUNNING
2023-12-13 18:50:37,991 [s1@group-54689077FB2A-FollowerState] INFO  impl.FollowerState (FollowerState.java:run(143)) - s1@group-54689077FB2A-FollowerState: change to CANDIDATE, lastRpcElapsedTime:1782972150ns, electionTimeout:1524ms
2023-12-13 18:50:37,991 [s1@group-54689077FB2A-FollowerState] INFO  impl.RoleInfo (RoleInfo.java:shutdownFollowerState(110)) - s1: shutdown s1@group-54689077FB2A-FollowerState
2023-12-13 18:50:37,991 [s1@group-54689077FB2A-FollowerState] INFO  server.RaftServer$Division (RaftServerImpl.java:setRole(379)) - s1@group-54689077FB2A: changes role from  FOLLOWER to CANDIDATE at term 1 for changeToCandidate
2023-12-13 18:50:37,991 [s1@group-54689077FB2A-FollowerState] INFO  server.RaftServerConfigKeys (ConfUtils.java:logGet(46)) - raft.server.leaderelection.pre-vote = true (default)
2023-12-13 18:50:37,991 [s1@group-54689077FB2A-FollowerState] INFO  impl.RoleInfo (RoleInfo.java:updateAndGet(139)) - s1: start s1@group-54689077FB2A-LeaderElection11
2023-12-13 18:50:37,992 [s1@group-54689077FB2A-LeaderElection11] INFO  server.RaftServer$Division (ServerState.java:setLeader(265)) - s1@group-54689077FB2A: change Leader from s0 to null at term 1 for PRE_VOTE
2023-12-13 18:50:37,992 [s1@group-54689077FB2A-LeaderElection11] INFO  impl.LeaderElection (LeaderElection.java:askForVotes(321)) - s1@group-54689077FB2A-LeaderElection11 PRE_VOTE round 0: submit vote requests at term 1 for 0: peers:[s0|0.0.0.0:46607, s1|0.0.0.0:41525, s2|0.0.0.0:45147]|listeners:[], old=null
2023-12-13 18:50:37,992 [s1@group-54689077FB2A-LeaderElection11-1] INFO  server.GrpcServerProtocolClient (GrpcServerProtocolClient.java:<init>(65)) - Build channel for s0
2023-12-13 18:50:37,992 [s1@group-54689077FB2A-LeaderElection11-2] INFO  server.GrpcServerProtocolClient (GrpcServerProtocolClient.java:<init>(65)) - Build channel for s2
2023-12-13 18:50:37,995 [grpc-default-executor-12] INFO  server.RaftServer$Division (RaftServerImpl.java:requestVote(1377)) - s2@group-54689077FB2A: receive requestVote(PRE_VOTE, s1, group-54689077FB2A, 1, (t:1, i:0))
2023-12-13 18:50:37,995 [grpc-default-executor-6] INFO  util.CodeInjectionForTesting (BlockRequestHandlingInjection.java:execute(77)) - s0: Block request from s1
2023-12-13 18:50:37,995 [grpc-default-executor-12] INFO  impl.VoteContext (VoteContext.java:log(49)) - s2@group-54689077FB2A-CANDIDATE: accept PRE_VOTE from s1: our priority 1 <= candidate's priority 1
2023-12-13 18:50:37,996 [grpc-default-executor-12] INFO  server.RaftServer$Division (RaftServerImpl.java:requestVote(1410)) - s2@group-54689077FB2A replies to PRE_VOTE vote request: s1<-s2#0:OK-t1. Peer's state: s2@group-54689077FB2A:t1, leader=null, voted=s0, raftlog=Memoized:s2@group-54689077FB2A-SegmentedRaftLog:OPENED:c0, conf=0: peers:[s0|0.0.0.0:46607, s1|0.0.0.0:41525, s2|0.0.0.0:45147]|listeners:[], old=null
2023-12-13 18:50:38,068 [s2@group-54689077FB2A-LeaderElection10] INFO  impl.LeaderElection (LeaderElection.java:logAndReturn(89)) - s2@group-54689077FB2A-LeaderElection10: PRE_VOTE PASSED received 1 response(s) and 0 exception(s):
2023-12-13 18:50:38,068 [s2@group-54689077FB2A-LeaderElection10] INFO  impl.LeaderElection (LeaderElection.java:logAndReturn(93)) -   Response 0: s2<-s1#0:OK-t1
2023-12-13 18:50:38,068 [s2@group-54689077FB2A-LeaderElection10] INFO  impl.LeaderElection (LeaderElection.java:askForVotes(323)) - s2@group-54689077FB2A-LeaderElection10 PRE_VOTE round 0: result PASSED
2023-12-13 18:50:38,069 [s2@group-54689077FB2A-LeaderElection10] TRACE util.FileUtils (LogUtils.java:supplyAndLog(69)) - Successfully supplied FileChannel.open /home/runner/work/ratis/ratis/ratis-test/target/test/data/b8de9602/MiniRaftClusterWithGrpcbc2420e5/s2/82990ede-4710-4729-82e4-54689077fb2a/current/raft-meta.tmp with options [CREATE, WRITE]: sun.nio.ch.FileChannelImpl@acd574f
2023-12-13 18:50:38,069 [s2@group-54689077FB2A-LeaderElection10] TRACE util.FileUtils (LogUtils.java:runAndLog(49)) - Successfully ran Atomic Files.move /home/runner/work/ratis/ratis/ratis-test/target/test/data/b8de9602/MiniRaftClusterWithGrpcbc2420e5/s2/82990ede-4710-4729-82e4-54689077fb2a/current/raft-meta.tmp to /home/runner/work/ratis/ratis/ratis-test/target/test/data/b8de9602/MiniRaftClusterWithGrpcbc2420e5/s2/82990ede-4710-4729-82e4-54689077fb2a/current/raft-meta with options [REPLACE_EXISTING]
2023-12-13 18:50:38,070 [s2@group-54689077FB2A-LeaderElection10] INFO  impl.LeaderElection (LeaderElection.java:askForVotes(321)) - s2@group-54689077FB2A-LeaderElection10 ELECTION round 0: submit vote requests at term 2 for 0: peers:[s0|0.0.0.0:46607, s1|0.0.0.0:41525, s2|0.0.0.0:45147]|listeners:[], old=null
2023-12-13 18:50:38,071 [grpc-default-executor-4] INFO  util.CodeInjectionForTesting (BlockRequestHandlingInjection.java:execute(77)) - s0: Block request from s2
2023-12-13 18:50:38,071 [grpc-default-executor-12] INFO  server.RaftServer$Division (RaftServerImpl.java:requestVote(1377)) - s1@group-54689077FB2A: receive requestVote(ELECTION, s2, group-54689077FB2A, 2, (t:1, i:0))
2023-12-13 18:50:38,071 [grpc-default-executor-12] INFO  impl.VoteContext (VoteContext.java:log(49)) - s1@group-54689077FB2A-CANDIDATE: accept ELECTION from s2: our priority 1 <= candidate's priority 1
2023-12-13 18:50:38,071 [grpc-default-executor-12] INFO  server.RaftServer$Division (RaftServerImpl.java:setRole(379)) - s1@group-54689077FB2A: changes role from CANDIDATE to FOLLOWER at term 2 for candidate:s2
2023-12-13 18:50:38,071 [grpc-default-executor-12] INFO  impl.RoleInfo (RoleInfo.java:shutdownLeaderElection(130)) - s1: shutdown s1@group-54689077FB2A-LeaderElection11
2023-12-13 18:50:38,071 [grpc-default-executor-12] INFO  impl.RoleInfo (RoleInfo.java:updateAndGet(139)) - s1: start s1@group-54689077FB2A-FollowerState
2023-12-13 18:50:38,071 [grpc-default-executor-12] TRACE util.FileUtils (LogUtils.java:supplyAndLog(69)) - Successfully supplied FileChannel.open /home/runner/work/ratis/ratis/ratis-test/target/test/data/b8de9602/MiniRaftClusterWithGrpcbc2420e5/s1/82990ede-4710-4729-82e4-54689077fb2a/current/raft-meta.tmp with options [CREATE, WRITE]: sun.nio.ch.FileChannelImpl@734c5450
2023-12-13 18:50:38,072 [grpc-default-executor-12] TRACE util.FileUtils (LogUtils.java:runAndLog(49)) - Successfully ran Atomic Files.move /home/runner/work/ratis/ratis/ratis-test/target/test/data/b8de9602/MiniRaftClusterWithGrpcbc2420e5/s1/82990ede-4710-4729-82e4-54689077fb2a/current/raft-meta.tmp to /home/runner/work/ratis/ratis/ratis-test/target/test/data/b8de9602/MiniRaftClusterWithGrpcbc2420e5/s1/82990ede-4710-4729-82e4-54689077fb2a/current/raft-meta with options [REPLACE_EXISTING]
2023-12-13 18:50:38,072 [grpc-default-executor-12] INFO  server.RaftServer$Division (RaftServerImpl.java:requestVote(1410)) - s1@group-54689077FB2A replies to ELECTION vote request: s2<-s1#0:OK-t2. Peer's state: s1@group-54689077FB2A:t2, leader=null, voted=s2, raftlog=Memoized:s1@group-54689077FB2A-SegmentedRaftLog:OPENED:c0, conf=0: peers:[s0|0.0.0.0:46607, s1|0.0.0.0:41525, s2|0.0.0.0:45147]|listeners:[], old=null
2023-12-13 18:50:38,681 [s0@group-54689077FB2A-FollowerState] INFO  impl.FollowerState (FollowerState.java:lostMajorityHeartbeatsRecently(108)) - s0@group-54689077FB2A-FollowerState: Skipping leader election since it stepped down recently (elapsed = 1961ms < waitTime = 10s)
2023-12-13 18:50:39,567 [s1@group-54689077FB2A-LeaderElection11] INFO  impl.LeaderElection (LeaderElection.java:logAndReturn(89)) - s1@group-54689077FB2A-LeaderElection11: PRE_VOTE PASSED received 1 response(s) and 0 exception(s):
2023-12-13 18:50:39,567 [s1@group-54689077FB2A-LeaderElection11] INFO  impl.LeaderElection (LeaderElection.java:logAndReturn(93)) -   Response 0: s1<-s2#0:OK-t1
2023-12-13 18:50:39,567 [s1@group-54689077FB2A-LeaderElection11] INFO  impl.LeaderElection (LeaderElection.java:askForVotes(323)) - s1@group-54689077FB2A-LeaderElection11 PRE_VOTE round 0: result PASSED
2023-12-13 18:50:39,941 [s2@group-54689077FB2A-LeaderElection10] INFO  impl.LeaderElection (LeaderElection.java:logAndReturn(89)) - s2@group-54689077FB2A-LeaderElection10: ELECTION PASSED received 1 response(s) and 0 exception(s):
2023-12-13 18:50:39,941 [s2@group-54689077FB2A-LeaderElection10] INFO  impl.LeaderElection (LeaderElection.java:logAndReturn(93)) -   Response 0: s2<-s1#0:OK-t2
2023-12-13 18:50:39,941 [s2@group-54689077FB2A-LeaderElection10] INFO  impl.LeaderElection (LeaderElection.java:askForVotes(323)) - s2@group-54689077FB2A-LeaderElection10 ELECTION round 0: result PASSED
2023-12-13 18:50:39,941 [s2@group-54689077FB2A-LeaderElection10] INFO  impl.RoleInfo (RoleInfo.java:shutdownLeaderElection(130)) - s2: shutdown s2@group-54689077FB2A-LeaderElection10
2023-12-13 18:50:39,941 [s2@group-54689077FB2A-LeaderElection10] INFO  server.RaftServer$Division (RaftServerImpl.java:setRole(379)) - s2@group-54689077FB2A: changes role from CANDIDATE to LEADER at term 2 for changeToLeader
2023-12-13 18:50:39,941 [s2@group-54689077FB2A-LeaderElection10] INFO  server.RaftServerConfigKeys (ConfUtils.java:logGet(46)) - raft.server.staging.catchup.gap = 1000 (default)
2023-12-13 18:50:39,941 [s2@group-54689077FB2A-LeaderElection10] INFO  server.RaftServerConfigKeys (ConfUtils.java:logGet(46)) - raft.server.write.element-limit = 4096 (default)
2023-12-13 18:50:39,941 [s2@group-54689077FB2A-LeaderElection10] INFO  server.RaftServerConfigKeys (ConfUtils.java:logGet(46)) - raft.server.write.byte-limit = 64MB (=67108864) (default)
2023-12-13 18:50:39,942 [s2@group-54689077FB2A-LeaderElection10] INFO  server.RaftServerConfigKeys (ConfUtils.java:logGet(46)) - raft.server.watch.timeout = 10s (default)
2023-12-13 18:50:39,942 [s2@group-54689077FB2A-LeaderElection10] INFO  server.RaftServerConfigKeys (ConfUtils.java:logGet(46)) - raft.server.watch.timeout.denomination = 1s (default)
2023-12-13 18:50:39,942 [s2@group-54689077FB2A-LeaderElection10] INFO  server.RaftServerConfigKeys (ConfUtils.java:logGet(46)) - raft.server.watch.element-limit = 65536 (default)
2023-12-13 18:50:39,942 [s2@group-54689077FB2A-LeaderElection10] INFO  server.RaftServerConfigKeys (ConfUtils.java:logGet(46)) - raft.server.read.leader.lease.enabled = false (default)
2023-12-13 18:50:39,942 [s2@group-54689077FB2A-LeaderElection10] INFO  server.RaftServerConfigKeys (ConfUtils.java:logGet(46)) - raft.server.read.leader.lease.timeout.ratio = 0.9 (default)
2023-12-13 18:50:39,942 [s2@group-54689077FB2A-LeaderElection10] INFO  server.RaftServerConfigKeys (ConfUtils.java:logGet(46)) - raft.server.rpc.timeout.min = 1500ms (custom)
2023-12-13 18:50:39,942 [s2@group-54689077FB2A-LeaderElection10] INFO  server.RaftServerConfigKeys (ConfUtils.java:logGet(46)) - raft.server.write.element-limit = 4096 (default)
2023-12-13 18:50:39,942 [s2@group-54689077FB2A-LeaderElection10] INFO  server.RaftServerConfigKeys (ConfUtils.java:logGet(46)) - raft.server.write.follower.gap.ratio.max = -1.0 (default)
2023-12-13 18:50:39,942 [s2@group-54689077FB2A-LeaderElection10] INFO  server.RaftServerConfigKeys (ConfUtils.java:logGet(46)) - raft.server.log.appender.snapshot.chunk.size.max = 16MB (=16777216) (default)
2023-12-13 18:50:39,942 [s2@group-54689077FB2A-LeaderElection10] INFO  server.RaftServerConfigKeys (ConfUtils.java:logGet(46)) - raft.server.log.appender.buffer.byte-limit = 4MB (=4194304) (default)
2023-12-13 18:50:39,942 [s2@group-54689077FB2A-LeaderElection10] INFO  server.RaftServerConfigKeys (ConfUtils.java:logGet(46)) - raft.server.log.appender.buffer.element-limit = 0 (default)
2023-12-13 18:50:39,942 [s2@group-54689077FB2A-LeaderElection10] INFO  server.RaftServerConfigKeys (ConfUtils.java:logGet(46)) - raft.server.log.appender.wait-time.min = 1ms (default)
2023-12-13 18:50:39,942 [s2@group-54689077FB2A-LeaderElection10] INFO  grpc.GrpcConfigKeys (ConfUtils.java:logGet(46)) - raft.grpc.server.leader.outstanding.appends.max = 8 (default)
2023-12-13 18:50:39,942 [s2@group-54689077FB2A-LeaderElection10] INFO  server.RaftServerConfigKeys (ConfUtils.java:logGet(46)) - raft.server.rpc.request.timeout = 3000ms (default)
2023-12-13 18:50:39,942 [s2@group-54689077FB2A-LeaderElection10] INFO  grpc.GrpcConfigKeys (ConfUtils.java:logGet(46)) - raft.grpc.server.install_snapshot.request.element-limit = 8 (default)
2023-12-13 18:50:39,942 [s2@group-54689077FB2A-LeaderElection10] INFO  grpc.GrpcConfigKeys (ConfUtils.java:logGet(46)) - raft.grpc.server.install_snapshot.request.timeout = 3000ms (default)
2023-12-13 18:50:39,942 [s2@group-54689077FB2A-LeaderElection10] INFO  server.RaftServerConfigKeys (ConfUtils.java:logGet(46)) - raft.server.log.appender.install.snapshot.enabled = true (default)
2023-12-13 18:50:39,943 [s2@group-54689077FB2A-LeaderElection10] INFO  grpc.GrpcConfigKeys (ConfUtils.java:logGet(46)) - raft.grpc.server.heartbeat.channel = true (default)
2023-12-13 18:50:39,943 [s2@group-54689077FB2A-LeaderElection10] INFO  server.RaftServerConfigKeys (ConfUtils.java:logGet(46)) - raft.server.log.appender.snapshot.chunk.size.max = 16MB (=16777216) (default)
2023-12-13 18:50:39,943 [s2@group-54689077FB2A-LeaderElection10] INFO  server.RaftServerConfigKeys (ConfUtils.java:logGet(46)) - raft.server.log.appender.buffer.byte-limit = 4MB (=4194304) (default)
2023-12-13 18:50:39,943 [s2@group-54689077FB2A-LeaderElection10] INFO  server.RaftServerConfigKeys (ConfUtils.java:logGet(46)) - raft.server.log.appender.buffer.element-limit = 0 (default)
2023-12-13 18:50:39,943 [s2@group-54689077FB2A-LeaderElection10] INFO  server.RaftServerConfigKeys (ConfUtils.java:logGet(46)) - raft.server.log.appender.wait-time.min = 1ms (default)
2023-12-13 18:50:39,943 [s2@group-54689077FB2A-LeaderElection10] INFO  grpc.GrpcConfigKeys (ConfUtils.java:logGet(46)) - raft.grpc.server.leader.outstanding.appends.max = 8 (default)
2023-12-13 18:50:39,943 [s2@group-54689077FB2A-LeaderElection10] INFO  server.RaftServerConfigKeys (ConfUtils.java:logGet(46)) - raft.server.rpc.request.timeout = 3000ms (default)
2023-12-13 18:50:39,943 [s2@group-54689077FB2A-LeaderElection10] INFO  grpc.GrpcConfigKeys (ConfUtils.java:logGet(46)) - raft.grpc.server.install_snapshot.request.element-limit = 8 (default)
2023-12-13 18:50:39,943 [s2@group-54689077FB2A-LeaderElection10] INFO  grpc.GrpcConfigKeys (ConfUtils.java:logGet(46)) - raft.grpc.server.install_snapshot.request.timeout = 3000ms (default)
2023-12-13 18:50:39,943 [s2@group-54689077FB2A-LeaderElection10] INFO  server.RaftServerConfigKeys (ConfUtils.java:logGet(46)) - raft.server.log.appender.install.snapshot.enabled = true (default)
2023-12-13 18:50:39,943 [s2@group-54689077FB2A-LeaderElection10] INFO  grpc.GrpcConfigKeys (ConfUtils.java:logGet(46)) - raft.grpc.server.heartbeat.channel = true (default)
2023-12-13 18:50:39,943 [s2@group-54689077FB2A-LeaderElection10] INFO  impl.RoleInfo (RoleInfo.java:updateAndGet(139)) - s2: start s2@group-54689077FB2A-LeaderStateImpl
2023-12-13 18:50:39,943 [s2@group-54689077FB2A-LeaderElection10] INFO  server.RaftServer$Division (ServerState.java:setLeader(265)) - s2@group-54689077FB2A: change Leader from null to s2 at term 2 for becomeLeader, leader elected after 3739ms
2023-12-13 18:50:39,943 [s2@group-54689077FB2A-LeaderElection10] INFO  segmented.SegmentedRaftLogWorker (SegmentedRaftLogWorker.java:rollLogSegment(435)) - s2@group-54689077FB2A-SegmentedRaftLogWorker: Rolling segment log-0_0 to index:0
2023-12-13 18:50:39,944 [s2@group-54689077FB2A-LeaderElection10] INFO  server.RaftServer$Division (ServerState.java:setRaftConf(382)) - s2@group-54689077FB2A: set configuration 1: peers:[s0|0.0.0.0:46607, s1|0.0.0.0:41525, s2|0.0.0.0:45147]|listeners:[], old=null
2023-12-13 18:50:39,944 [s2@group-54689077FB2A-SegmentedRaftLogWorker] TRACE util.FileUtils (LogUtils.java:runAndLog(49)) - Successfully ran Atomic Files.move /home/runner/work/ratis/ratis/ratis-test/target/test/data/b8de9602/MiniRaftClusterWithGrpcbc2420e5/s2/82990ede-4710-4729-82e4-54689077fb2a/current/log_inprogress_0 to /home/runner/work/ratis/ratis/ratis-test/target/test/data/b8de9602/MiniRaftClusterWithGrpcbc2420e5/s2/82990ede-4710-4729-82e4-54689077fb2a/current/log_0-0
2023-12-13 18:50:39,944 [s2@group-54689077FB2A-SegmentedRaftLogWorker] INFO  segmented.SegmentedRaftLogWorker (SegmentedRaftLogWorker.java:execute(591)) - s2@group-54689077FB2A-SegmentedRaftLogWorker: Rolled log segment from /home/runner/work/ratis/ratis/ratis-test/target/test/data/b8de9602/MiniRaftClusterWithGrpcbc2420e5/s2/82990ede-4710-4729-82e4-54689077fb2a/current/log_inprogress_0 to /home/runner/work/ratis/ratis/ratis-test/target/test/data/b8de9602/MiniRaftClusterWithGrpcbc2420e5/s2/82990ede-4710-4729-82e4-54689077fb2a/current/log_0-0
2023-12-13 18:50:39,944 [s2@group-54689077FB2A-SegmentedRaftLogWorker] INFO  segmented.BufferedWriteChannel (BufferedWriteChannel.java:open(62)) - open log_inprogress_1 at position 0
2023-12-13 18:50:39,947 [s1-server-thread2] INFO  server.RaftServer$Division (ServerState.java:setLeader(265)) - s1@group-54689077FB2A: change Leader from null to s2 at term 2 for appendEntries, leader elected after 1955ms
2023-12-13 18:50:39,947 [s0-server-thread1] INFO  util.CodeInjectionForTesting (BlockRequestHandlingInjection.java:execute(77)) - s0: Block request from s2
2023-12-13 18:50:39,952 [s0-server-thread2] INFO  util.CodeInjectionForTesting (BlockRequestHandlingInjection.java:execute(77)) - s0: Block request from s2
2023-12-13 18:50:39,952 [s1-server-thread3] DEBUG server.RaftServer$Division (RaftServerImpl.java:logAppendEntries(1504)) - s1@group-54689077FB2A: receive appendEntries(s2, 2, (t:1, i:0), 0, false, commits:[s2:c0, s0:c0, s1:c-1], cId:1, entries: [(t:2, i:1), CONFIGURATIONENTRY(current:id: "s0"
address: "0.0.0.0:46607"
priority: 2
clientAddress: "0.0.0.0:46607"
adminAddress: "0.0.0.0:46607"
startupRole: FOLLOWER
,id: "s1"
address: "0.0.0.0:41525"
priority: 1
clientAddress: "0.0.0.0:41525"
adminAddress: "0.0.0.0:41525"
startupRole: FOLLOWER
,id: "s2"
address: "0.0.0.0:45147"
priority: 1
clientAddress: "0.0.0.0:45147"
adminAddress: "0.0.0.0:45147"
startupRole: FOLLOWER
, old:)]
2023-12-13 18:50:39,952 [s1-server-thread3] INFO  server.RaftServer$Division (ServerState.java:setRaftConf(382)) - s1@group-54689077FB2A: set configuration 1: peers:[s0|0.0.0.0:46607, s1|0.0.0.0:41525, s2|0.0.0.0:45147]|listeners:[], old=null
2023-12-13 18:50:39,952 [s1-server-thread3] INFO  segmented.SegmentedRaftLogWorker (SegmentedRaftLogWorker.java:rollLogSegment(435)) - s1@group-54689077FB2A-SegmentedRaftLogWorker: Rolling segment log-0_0 to index:0
2023-12-13 18:50:39,953 [s1@group-54689077FB2A-SegmentedRaftLogWorker] TRACE util.FileUtils (LogUtils.java:runAndLog(49)) - Successfully ran Atomic Files.move /home/runner/work/ratis/ratis/ratis-test/target/test/data/b8de9602/MiniRaftClusterWithGrpcbc2420e5/s1/82990ede-4710-4729-82e4-54689077fb2a/current/log_inprogress_0 to /home/runner/work/ratis/ratis/ratis-test/target/test/data/b8de9602/MiniRaftClusterWithGrpcbc2420e5/s1/82990ede-4710-4729-82e4-54689077fb2a/current/log_0-0
2023-12-13 18:50:39,953 [s1@group-54689077FB2A-SegmentedRaftLogWorker] INFO  segmented.SegmentedRaftLogWorker (SegmentedRaftLogWorker.java:execute(591)) - s1@group-54689077FB2A-SegmentedRaftLogWorker: Rolled log segment from /home/runner/work/ratis/ratis/ratis-test/target/test/data/b8de9602/MiniRaftClusterWithGrpcbc2420e5/s1/82990ede-4710-4729-82e4-54689077fb2a/current/log_inprogress_0 to /home/runner/work/ratis/ratis/ratis-test/target/test/data/b8de9602/MiniRaftClusterWithGrpcbc2420e5/s1/82990ede-4710-4729-82e4-54689077fb2a/current/log_0-0
2023-12-13 18:50:39,953 [s1@group-54689077FB2A-SegmentedRaftLogWorker] INFO  segmented.BufferedWriteChannel (BufferedWriteChannel.java:open(62)) - open log_inprogress_1 at position 0
2023-12-13 18:50:39,956 [s2@group-54689077FB2A-SegmentedRaftLogWorker] INFO  segmented.SegmentedRaftLogWorker (SegmentedRaftLogWorker.java:execute(634)) - s2@group-54689077FB2A-SegmentedRaftLogWorker: created new log segment /home/runner/work/ratis/ratis/ratis-test/target/test/data/b8de9602/MiniRaftClusterWithGrpcbc2420e5/s2/82990ede-4710-4729-82e4-54689077fb2a/current/log_inprogress_1
2023-12-13 18:50:39,960 [s1@group-54689077FB2A-SegmentedRaftLogWorker] INFO  segmented.SegmentedRaftLogWorker (SegmentedRaftLogWorker.java:execute(634)) - s1@group-54689077FB2A-SegmentedRaftLogWorker: created new log segment /home/runner/work/ratis/ratis/ratis-test/target/test/data/b8de9602/MiniRaftClusterWithGrpcbc2420e5/s1/82990ede-4710-4729-82e4-54689077fb2a/current/log_inprogress_1
2023-12-13 18:50:39,961 [s1-server-thread3] DEBUG server.RaftServer$Division (RaftServerImpl.java:logAppendEntries(1504)) - s1@group-54689077FB2A: succeeded to handle AppendEntries. Reply: s2<-s1#1:OK-t2,SUCCESS,nextIndex=2,followerCommit=0,matchIndex=1
2023-12-13 18:50:39,961 [s2@group-54689077FB2A-StateMachineUpdater] TRACE util.FileUtils (LogUtils.java:supplyAndLog(69)) - Successfully supplied FileChannel.open /home/runner/work/ratis/ratis/ratis-test/target/test/data/b8de9602/MiniRaftClusterWithGrpcbc2420e5/s2/82990ede-4710-4729-82e4-54689077fb2a/current/raft-meta.conf.tmp with options [CREATE, WRITE]: sun.nio.ch.FileChannelImpl@16df2771
2023-12-13 18:50:39,962 [s1-server-thread3] DEBUG server.RaftServer$Division (RaftServerImpl.java:logAppendEntries(1504)) - s1@group-54689077FB2A: receive appendEntries(s2, 2, (t:2, i:1), 1, false, commits:[s2:c1, s0:c0, s1:c0], cId:2, entries: [(t:2, i:2), METADATAENTRY(c:1)]
2023-12-13 18:50:39,962 [s2@group-54689077FB2A-StateMachineUpdater] TRACE util.FileUtils (LogUtils.java:runAndLog(49)) - Successfully ran Atomic Files.move /home/runner/work/ratis/ratis/ratis-test/target/test/data/b8de9602/MiniRaftClusterWithGrpcbc2420e5/s2/82990ede-4710-4729-82e4-54689077fb2a/current/raft-meta.conf.tmp to /home/runner/work/ratis/ratis/ratis-test/target/test/data/b8de9602/MiniRaftClusterWithGrpcbc2420e5/s2/82990ede-4710-4729-82e4-54689077fb2a/current/raft-meta.conf with options [REPLACE_EXISTING]
2023-12-13 18:50:39,962 [s2@group-54689077FB2A-StateMachineUpdater] INFO  server.RaftServer$Division (LeaderStateImpl.java:isApplied(320)) - leader is ready since appliedIndex == 1 >= startIndex == 1
2023-12-13 18:50:39,963 [s1-server-thread3] DEBUG server.RaftServer$Division (RaftServerImpl.java:logAppendEntries(1504)) - s1@group-54689077FB2A: succeeded to handle AppendEntries. Reply: s2<-s1#2:OK-t2,SUCCESS,nextIndex=3,followerCommit=1,matchIndex=2
2023-12-13 18:50:39,963 [s1@group-54689077FB2A-StateMachineUpdater] TRACE util.FileUtils (LogUtils.java:supplyAndLog(69)) - Successfully supplied FileChannel.open /home/runner/work/ratis/ratis/ratis-test/target/test/data/b8de9602/MiniRaftClusterWithGrpcbc2420e5/s1/82990ede-4710-4729-82e4-54689077fb2a/current/raft-meta.conf.tmp with options [CREATE, WRITE]: sun.nio.ch.FileChannelImpl@1ba0936a
2023-12-13 18:50:39,964 [s1@group-54689077FB2A-StateMachineUpdater] TRACE util.FileUtils (LogUtils.java:runAndLog(49)) - Successfully ran Atomic Files.move /home/runner/work/ratis/ratis/ratis-test/target/test/data/b8de9602/MiniRaftClusterWithGrpcbc2420e5/s1/82990ede-4710-4729-82e4-54689077fb2a/current/raft-meta.conf.tmp to /home/runner/work/ratis/ratis/ratis-test/target/test/data/b8de9602/MiniRaftClusterWithGrpcbc2420e5/s1/82990ede-4710-4729-82e4-54689077fb2a/current/raft-meta.conf with options [REPLACE_EXISTING]
2023-12-13 18:50:40,028 [Timer-6] INFO  impl.MiniRaftCluster (MiniRaftCluster.java:lambda$start$6(349)) - TIMED-PRINT: printing ALL groups
  s0:  RUNNING  FOLLOWER s0@group-54689077FB2A:t1, leader=null, voted=s0, raftlog=Memoized:s0@group-54689077FB2A-SegmentedRaftLog:OPENED:c0, conf=0: peers:[s0|0.0.0.0:46607, s1|0.0.0.0:41525, s2|0.0.0.0:45147]|listeners:[], old=null RUNNING
  s1:  RUNNING  FOLLOWER s1@group-54689077FB2A:t2, leader=s2, voted=s2, raftlog=Memoized:s1@group-54689077FB2A-SegmentedRaftLog:OPENED:c1, conf=1: peers:[s0|0.0.0.0:46607, s1|0.0.0.0:41525, s2|0.0.0.0:45147]|listeners:[], old=null RUNNING
  s2:  RUNNING    LEADER s2@group-54689077FB2A:t2, leader=s2, voted=s2, raftlog=Memoized:s2@group-54689077FB2A-SegmentedRaftLog:OPENED:c2, conf=1: peers:[s0|0.0.0.0:46607, s1|0.0.0.0:41525, s2|0.0.0.0:45147]|listeners:[], old=null RUNNING
2023-12-13 18:50:40,068 [Time-limited test] INFO  ratis.RaftTestUtil (RaftTestUtil.java:waitForLeader(124)) - printing group-54689077FB2A
  s0:  RUNNING  FOLLOWER s0@group-54689077FB2A:t1, leader=null, voted=s0, raftlog=Memoized:s0@group-54689077FB2A-SegmentedRaftLog:OPENED:c0, conf=0: peers:[s0|0.0.0.0:46607, s1|0.0.0.0:41525, s2|0.0.0.0:45147]|listeners:[], old=null RUNNING
  s1:  RUNNING  FOLLOWER s1@group-54689077FB2A:t2, leader=s2, voted=s2, raftlog=Memoized:s1@group-54689077FB2A-SegmentedRaftLog:OPENED:c1, conf=1: peers:[s0|0.0.0.0:46607, s1|0.0.0.0:41525, s2|0.0.0.0:45147]|listeners:[], old=null RUNNING
  s2:  RUNNING    LEADER s2@group-54689077FB2A:t2, leader=s2, voted=s2, raftlog=Memoized:s2@group-54689077FB2A-SegmentedRaftLog:OPENED:c2, conf=1: peers:[s0|0.0.0.0:46607, s1|0.0.0.0:41525, s2|0.0.0.0:45147]|listeners:[], old=null RUNNING
2023-12-13 18:50:40,068 [Time-limited test] DEBUG client.RaftClient (ConfUtils.java:logGet(46)) - raft.rpc.type = GRPC (default)
2023-12-13 18:50:40,070 [Time-limited test] DEBUG client.RaftClient (RaftClientImpl.java:get(162)) - client-31A9A5C18F3F: get 53 returns []
2023-12-13 18:50:40,078 [s0-client-thread1] DEBUG server.RaftServer$Division (RaftServerImpl.java:submitClientRequestAsync(893)) - s0@group-54689077FB2A: receive client request(RaftClientRequest:client-31A9A5C18F3F->s0@group-54689077FB2A, cid=53, seq=null, RW, Message:6d30)
2023-12-13 18:50:40,079 [null-request--thread1] INFO  server.GrpcClientProtocolService (GrpcClientProtocolService.java:lambda$processClientRequest$0(284)) - Failed RaftClientRequest:client-31A9A5C18F3F->s0@group-54689077FB2A, cid=53, seq=null, RW, Message:6d30, reply=RaftClientReply:client-31A9A5C18F3F->s0@group-54689077FB2A, cid=53, FAILED org.apache.ratis.protocol.exceptions.NotLeaderException: Server s0@group-54689077FB2A is not the leader, logIndex=0, commits[s0:c0, s1:c0, s2:c0]
2023-12-13 18:50:40,080 [Time-limited test] DEBUG client.RaftClient (RaftClientImpl.java:handleIOException(419)) - client-31A9A5C18F3F: suggested new leader: null. Failed RaftClientRequest:client-31A9A5C18F3F->s0@group-54689077FB2A, cid=53, seq=null, RW, m0 with {}
org.apache.ratis.protocol.exceptions.NotLeaderException: Server s0@group-54689077FB2A is not the leader
	at org.apache.ratis.client.impl.ClientProtoUtils.toRaftClientReply(ClientProtoUtils.java:397)
	at java.base/java.util.concurrent.CompletableFuture$UniApply.tryFire(CompletableFuture.java:642)
	at java.base/java.util.concurrent.CompletableFuture.postComplete(CompletableFuture.java:506)
	at java.base/java.util.concurrent.CompletableFuture.complete(CompletableFuture.java:2079)
	at org.apache.ratis.grpc.client.GrpcClientRpc$1.onNext(GrpcClientRpc.java:151)
	at org.apache.ratis.grpc.client.GrpcClientRpc$1.onNext(GrpcClientRpc.java:148)
	at org.apache.ratis.thirdparty.io.grpc.stub.ClientCalls$StreamObserverToCallListenerAdapter.onMessage(ClientCalls.java:468)
	at org.apache.ratis.thirdparty.io.grpc.ForwardingClientCallListener.onMessage(ForwardingClientCallListener.java:33)
	at org.apache.ratis.thirdparty.io.grpc.internal.DelayedClientCall$DelayedListener.onMessage(DelayedClientCall.java:473)
	at org.apache.ratis.thirdparty.io.grpc.internal.ClientCallImpl$ClientStreamListenerImpl$1MessagesAvailable.runInternal(ClientCallImpl.java:660)
	at org.apache.ratis.thirdparty.io.grpc.internal.ClientCallImpl$ClientStreamListenerImpl$1MessagesAvailable.runInContext(ClientCallImpl.java:647)
	at org.apache.ratis.thirdparty.io.grpc.internal.ContextRunnable.run(ContextRunnable.java:37)
	at org.apache.ratis.thirdparty.io.grpc.internal.SerializingExecutor.run(SerializingExecutor.java:133)
	at java.base/java.util.concurrent.ThreadPoolExecutor.runWorker(ThreadPoolExecutor.java:1128)
	at java.base/java.util.concurrent.ThreadPoolExecutor$Worker.run(ThreadPoolExecutor.java:628)
	at java.base/java.lang.Thread.run(Thread.java:829)
2023-12-13 18:50:40,080 [Time-limited test] DEBUG client.RaftClient (RaftClientImpl.java:handleIOException(438)) - client-31A9A5C18F3F: oldLeader=s0,  curLeader=s0, newLeader=s1
2023-12-13 18:50:40,080 [Time-limited test] DEBUG client.RaftClient (RaftClientImpl.java:handleIOException(444)) - client-31A9A5C18F3F changes Leader from s0 to s1 for group-54689077FB2A
org.apache.ratis.protocol.exceptions.NotLeaderException: Server s0@group-54689077FB2A is not the leader
	at org.apache.ratis.client.impl.ClientProtoUtils.toRaftClientReply(ClientProtoUtils.java:397)
	at java.base/java.util.concurrent.CompletableFuture$UniApply.tryFire(CompletableFuture.java:642)
	at java.base/java.util.concurrent.CompletableFuture.postComplete(CompletableFuture.java:506)
	at java.base/java.util.concurrent.CompletableFuture.complete(CompletableFuture.java:2079)
	at org.apache.ratis.grpc.client.GrpcClientRpc$1.onNext(GrpcClientRpc.java:151)
	at org.apache.ratis.grpc.client.GrpcClientRpc$1.onNext(GrpcClientRpc.java:148)
	at org.apache.ratis.thirdparty.io.grpc.stub.ClientCalls$StreamObserverToCallListenerAdapter.onMessage(ClientCalls.java:468)
	at org.apache.ratis.thirdparty.io.grpc.ForwardingClientCallListener.onMessage(ForwardingClientCallListener.java:33)
	at org.apache.ratis.thirdparty.io.grpc.internal.DelayedClientCall$DelayedListener.onMessage(DelayedClientCall.java:473)
	at org.apache.ratis.thirdparty.io.grpc.internal.ClientCallImpl$ClientStreamListenerImpl$1MessagesAvailable.runInternal(ClientCallImpl.java:660)
	at org.apache.ratis.thirdparty.io.grpc.internal.ClientCallImpl$ClientStreamListenerImpl$1MessagesAvailable.runInContext(ClientCallImpl.java:647)
	at org.apache.ratis.thirdparty.io.grpc.internal.ContextRunnable.run(ContextRunnable.java:37)
	at org.apache.ratis.thirdparty.io.grpc.internal.SerializingExecutor.run(SerializingExecutor.java:133)
	at java.base/java.util.concurrent.ThreadPoolExecutor.runWorker(ThreadPoolExecutor.java:1128)
	at java.base/java.util.concurrent.ThreadPoolExecutor$Worker.run(ThreadPoolExecutor.java:628)
	at java.base/java.lang.Thread.run(Thread.java:829)
2023-12-13 18:50:40,181 [Time-limited test] DEBUG client.RaftClient (RaftClientImpl.java:get(162)) - client-31A9A5C18F3F: get 53 returns []
2023-12-13 18:50:40,184 [s1-client-thread1] DEBUG server.RaftServer$Division (RaftServerImpl.java:submitClientRequestAsync(893)) - s1@group-54689077FB2A: receive client request(RaftClientRequest:client-31A9A5C18F3F->s1@group-54689077FB2A, cid=53, seq=null, RW, Message:6d30)
2023-12-13 18:50:40,184 [null-request--thread1] INFO  server.GrpcClientProtocolService (GrpcClientProtocolService.java:lambda$processClientRequest$0(284)) - Failed RaftClientRequest:client-31A9A5C18F3F->s1@group-54689077FB2A, cid=53, seq=null, RW, Message:6d30, reply=RaftClientReply:client-31A9A5C18F3F->s1@group-54689077FB2A, cid=53, FAILED org.apache.ratis.protocol.exceptions.NotLeaderException: Server s1@group-54689077FB2A is not the leader s2|0.0.0.0:45147, logIndex=0, commits[s1:c1, s0:c0, s2:c1]
2023-12-13 18:50:40,185 [Time-limited test] DEBUG client.RaftClient (RaftClientImpl.java:handleIOException(419)) - client-31A9A5C18F3F: suggested new leader: s2. Failed RaftClientRequest:client-31A9A5C18F3F->s1@group-54689077FB2A, cid=53, seq=null, RW, m0 with {}
org.apache.ratis.protocol.exceptions.NotLeaderException: Server s1@group-54689077FB2A is not the leader s2|0.0.0.0:45147
	at org.apache.ratis.client.impl.ClientProtoUtils.toRaftClientReply(ClientProtoUtils.java:397)
	at java.base/java.util.concurrent.CompletableFuture$UniApply.tryFire(CompletableFuture.java:642)
	at java.base/java.util.concurrent.CompletableFuture.postComplete(CompletableFuture.java:506)
	at java.base/java.util.concurrent.CompletableFuture.complete(CompletableFuture.java:2079)
	at org.apache.ratis.grpc.client.GrpcClientRpc$1.onNext(GrpcClientRpc.java:151)
	at org.apache.ratis.grpc.client.GrpcClientRpc$1.onNext(GrpcClientRpc.java:148)
	at org.apache.ratis.thirdparty.io.grpc.stub.ClientCalls$StreamObserverToCallListenerAdapter.onMessage(ClientCalls.java:468)
	at org.apache.ratis.thirdparty.io.grpc.ForwardingClientCallListener.onMessage(ForwardingClientCallListener.java:33)
	at org.apache.ratis.thirdparty.io.grpc.internal.DelayedClientCall$DelayedListener.onMessage(DelayedClientCall.java:473)
	at org.apache.ratis.thirdparty.io.grpc.internal.ClientCallImpl$ClientStreamListenerImpl$1MessagesAvailable.runInternal(ClientCallImpl.java:660)
	at org.apache.ratis.thirdparty.io.grpc.internal.ClientCallImpl$ClientStreamListenerImpl$1MessagesAvailable.runInContext(ClientCallImpl.java:647)
	at org.apache.ratis.thirdparty.io.grpc.internal.ContextRunnable.run(ContextRunnable.java:37)
	at org.apache.ratis.thirdparty.io.grpc.internal.SerializingExecutor.run(SerializingExecutor.java:133)
	at java.base/java.util.concurrent.ThreadPoolExecutor.runWorker(ThreadPoolExecutor.java:1128)
	at java.base/java.util.concurrent.ThreadPoolExecutor$Worker.run(ThreadPoolExecutor.java:628)
	at java.base/java.lang.Thread.run(Thread.java:829)
2023-12-13 18:50:40,186 [Time-limited test] DEBUG client.RaftClient (RaftClientImpl.java:handleIOException(438)) - client-31A9A5C18F3F: oldLeader=s1,  curLeader=s1, newLeader=s2
2023-12-13 18:50:40,186 [Time-limited test] DEBUG client.RaftClient (RaftClientImpl.java:handleIOException(444)) - client-31A9A5C18F3F changes Leader from s1 to s2 for group-54689077FB2A
org.apache.ratis.protocol.exceptions.NotLeaderException: Server s1@group-54689077FB2A is not the leader s2|0.0.0.0:45147
	at org.apache.ratis.client.impl.ClientProtoUtils.toRaftClientReply(ClientProtoUtils.java:397)
	at java.base/java.util.concurrent.CompletableFuture$UniApply.tryFire(CompletableFuture.java:642)
	at java.base/java.util.concurrent.CompletableFuture.postComplete(CompletableFuture.java:506)
	at java.base/java.util.concurrent.CompletableFuture.complete(CompletableFuture.java:2079)
	at org.apache.ratis.grpc.client.GrpcClientRpc$1.onNext(GrpcClientRpc.java:151)
	at org.apache.ratis.grpc.client.GrpcClientRpc$1.onNext(GrpcClientRpc.java:148)
	at org.apache.ratis.thirdparty.io.grpc.stub.ClientCalls$StreamObserverToCallListenerAdapter.onMessage(ClientCalls.java:468)
	at org.apache.ratis.thirdparty.io.grpc.ForwardingClientCallListener.onMessage(ForwardingClientCallListener.java:33)
	at org.apache.ratis.thirdparty.io.grpc.internal.DelayedClientCall$DelayedListener.onMessage(DelayedClientCall.java:473)
	at org.apache.ratis.thirdparty.io.grpc.internal.ClientCallImpl$ClientStreamListenerImpl$1MessagesAvailable.runInternal(ClientCallImpl.java:660)
	at org.apache.ratis.thirdparty.io.grpc.internal.ClientCallImpl$ClientStreamListenerImpl$1MessagesAvailable.runInContext(ClientCallImpl.java:647)
	at org.apache.ratis.thirdparty.io.grpc.internal.ContextRunnable.run(ContextRunnable.java:37)
	at org.apache.ratis.thirdparty.io.grpc.internal.SerializingExecutor.run(SerializingExecutor.java:133)
	at java.base/java.util.concurrent.ThreadPoolExecutor.runWorker(ThreadPoolExecutor.java:1128)
	at java.base/java.util.concurrent.ThreadPoolExecutor$Worker.run(ThreadPoolExecutor.java:628)
	at java.base/java.lang.Thread.run(Thread.java:829)
2023-12-13 18:50:40,286 [Time-limited test] DEBUG client.RaftClient (RaftClientImpl.java:get(162)) - client-31A9A5C18F3F: get 53 returns []
2023-12-13 18:50:40,289 [s2-client-thread1] DEBUG server.RaftServer$Division (RaftServerImpl.java:submitClientRequestAsync(893)) - s2@group-54689077FB2A: receive client request(RaftClientRequest:client-31A9A5C18F3F->s2@group-54689077FB2A, cid=53, seq=null, RW, Message:6d30)
2023-12-13 18:50:40,296 [s2-client-thread1] DEBUG server.RaftServer$Division (LeaderStateImpl.java:addPendingRequest(531)) - s2@group-54689077FB2A-LeaderStateImpl: addPendingRequest at RaftClientRequest:client-31A9A5C18F3F->s2@group-54689077FB2A, cid=53, seq=null, RW, Message:6d30, entry=(t:2, i:3), STATEMACHINELOGENTRY, 53@client-31A9A5C18F3F
2023-12-13 18:50:40,296 [s1-server-thread3] DEBUG server.RaftServer$Division (RaftServerImpl.java:logAppendEntries(1504)) - s1@group-54689077FB2A: receive appendEntries(s2, 2, (t:2, i:2), 2, false, commits:[s2:c2, s0:c0, s1:c1], cId:4, entries: [(t:2, i:3), STATEMACHINELOGENTRY, 53@client-31A9A5C18F3F]
2023-12-13 18:50:40,297 [s1-server-thread3] DEBUG server.RaftServer$Division (RaftServerImpl.java:logAppendEntries(1504)) - s1@group-54689077FB2A: succeeded to handle AppendEntries. Reply: s2<-s1#4:OK-t2,SUCCESS,nextIndex=4,followerCommit=2,matchIndex=3
2023-12-13 18:50:40,299 [s1-server-thread3] DEBUG server.RaftServer$Division (RaftServerImpl.java:logAppendEntries(1504)) - s1@group-54689077FB2A: receive appendEntries(s2, 2, (t:2, i:3), 3, false, commits:[s2:c3, s0:c0, s1:c2], cId:5, entries: [(t:2, i:4), METADATAENTRY(c:3)]
2023-12-13 18:50:40,299 [s1-server-thread3] DEBUG server.RaftServer$Division (RaftServerImpl.java:logAppendEntries(1504)) - s1@group-54689077FB2A: succeeded to handle AppendEntries. Reply: s2<-s1#5:OK-t2,SUCCESS,nextIndex=5,followerCommit=3,matchIndex=4
2023-12-13 18:50:40,301 [Time-limited test] DEBUG client.RaftClient (RaftClientImpl.java:add(150)) - client-31A9A5C18F3F: add replied callId 53
2023-12-13 18:50:40,301 [Time-limited test] DEBUG client.RaftClient (RaftClientImpl.java:get(162)) - client-31A9A5C18F3F: get 54 returns [53]
2023-12-13 18:50:40,302 [s2-client-thread1] DEBUG server.RaftServer$Division (RaftServerImpl.java:submitClientRequestAsync(893)) - s2@group-54689077FB2A: receive client request(RaftClientRequest:client-31A9A5C18F3F->s2@group-54689077FB2A, cid=54, seq=null, RW, Message:6d31)
2023-12-13 18:50:40,303 [s2-client-thread1] DEBUG server.RaftServer$Division (LeaderStateImpl.java:addPendingRequest(531)) - s2@group-54689077FB2A-LeaderStateImpl: addPendingRequest at RaftClientRequest:client-31A9A5C18F3F->s2@group-54689077FB2A, cid=54, seq=null, RW, Message:6d31, entry=(t:2, i:5), STATEMACHINELOGENTRY, 54@client-31A9A5C18F3F
2023-12-13 18:50:40,303 [s1-server-thread3] DEBUG server.RaftServer$Division (RaftServerImpl.java:logAppendEntries(1504)) - s1@group-54689077FB2A: receive appendEntries(s2, 2, (t:2, i:4), 4, false, commits:[s2:c4, s0:c0, s1:c3], cId:7, entries: [(t:2, i:5), STATEMACHINELOGENTRY, 54@client-31A9A5C18F3F]
2023-12-13 18:50:40,304 [s1-server-thread3] DEBUG server.RaftServer$Division (RaftServerImpl.java:logAppendEntries(1504)) - s1@group-54689077FB2A: succeeded to handle AppendEntries. Reply: s2<-s1#7:OK-t2,SUCCESS,nextIndex=6,followerCommit=4,matchIndex=5
2023-12-13 18:50:40,305 [s1-server-thread3] DEBUG server.RaftServer$Division (RaftServerImpl.java:logAppendEntries(1504)) - s1@group-54689077FB2A: receive appendEntries(s2, 2, (t:2, i:5), 5, false, commits:[s2:c5, s0:c0, s1:c4], cId:8, entries: [(t:2, i:6), METADATAENTRY(c:5)]
2023-12-13 18:50:40,306 [Time-limited test] DEBUG client.RaftClient (RaftClientImpl.java:add(150)) - client-31A9A5C18F3F: add replied callId 54
2023-12-13 18:50:40,306 [s1-server-thread3] DEBUG server.RaftServer$Division (RaftServerImpl.java:logAppendEntries(1504)) - s1@group-54689077FB2A: succeeded to handle AppendEntries. Reply: s2<-s1#8:OK-t2,SUCCESS,nextIndex=7,followerCommit=5,matchIndex=6
2023-12-13 18:50:40,306 [Time-limited test] DEBUG client.RaftClient (RaftClientImpl.java:get(162)) - client-31A9A5C18F3F: get 55 returns [54]
2023-12-13 18:50:40,307 [s2-client-thread1] DEBUG server.RaftServer$Division (RaftServerImpl.java:submitClientRequestAsync(893)) - s2@group-54689077FB2A: receive client request(RaftClientRequest:client-31A9A5C18F3F->s2@group-54689077FB2A, cid=55, seq=null, RW, Message:6d32)
2023-12-13 18:50:40,307 [s2-client-thread1] DEBUG server.RaftServer$Division (LeaderStateImpl.java:addPendingRequest(531)) - s2@group-54689077FB2A-LeaderStateImpl: addPendingRequest at RaftClientRequest:client-31A9A5C18F3F->s2@group-54689077FB2A, cid=55, seq=null, RW, Message:6d32, entry=(t:2, i:7), STATEMACHINELOGENTRY, 55@client-31A9A5C18F3F
2023-12-13 18:50:40,308 [s1-server-thread3] DEBUG server.RaftServer$Division (RaftServerImpl.java:logAppendEntries(1504)) - s1@group-54689077FB2A: receive appendEntries(s2, 2, (t:2, i:6), 6, false, commits:[s2:c6, s0:c0, s1:c5], cId:10, entries: [(t:2, i:7), STATEMACHINELOGENTRY, 55@client-31A9A5C18F3F]
2023-12-13 18:50:40,308 [s1-server-thread3] DEBUG server.RaftServer$Division (RaftServerImpl.java:logAppendEntries(1504)) - s1@group-54689077FB2A: succeeded to handle AppendEntries. Reply: s2<-s1#10:OK-t2,SUCCESS,nextIndex=8,followerCommit=6,matchIndex=7
2023-12-13 18:50:40,310 [s1-server-thread3] DEBUG server.RaftServer$Division (RaftServerImpl.java:logAppendEntries(1504)) - s1@group-54689077FB2A: receive appendEntries(s2, 2, (t:2, i:7), 7, false, commits:[s2:c7, s0:c0, s1:c6], cId:11, entries: [(t:2, i:8), METADATAENTRY(c:7)]
2023-12-13 18:50:40,310 [Time-limited test] DEBUG client.RaftClient (RaftClientImpl.java:add(150)) - client-31A9A5C18F3F: add replied callId 55
2023-12-13 18:50:40,310 [s1-server-thread3] DEBUG server.RaftServer$Division (RaftServerImpl.java:logAppendEntries(1504)) - s1@group-54689077FB2A: succeeded to handle AppendEntries. Reply: s2<-s1#11:OK-t2,SUCCESS,nextIndex=9,followerCommit=7,matchIndex=8
2023-12-13 18:50:40,310 [Time-limited test] DEBUG client.RaftClient (RaftClientImpl.java:get(162)) - client-31A9A5C18F3F: get 56 returns [55]
2023-12-13 18:50:40,311 [s2-client-thread1] DEBUG server.RaftServer$Division (RaftServerImpl.java:submitClientRequestAsync(893)) - s2@group-54689077FB2A: receive client request(RaftClientRequest:client-31A9A5C18F3F->s2@group-54689077FB2A, cid=56, seq=null, RW, Message:6d33)
2023-12-13 18:50:40,311 [s2-client-thread1] DEBUG server.RaftServer$Division (LeaderStateImpl.java:addPendingRequest(531)) - s2@group-54689077FB2A-LeaderStateImpl: addPendingRequest at RaftClientRequest:client-31A9A5C18F3F->s2@group-54689077FB2A, cid=56, seq=null, RW, Message:6d33, entry=(t:2, i:9), STATEMACHINELOGENTRY, 56@client-31A9A5C18F3F
2023-12-13 18:50:40,311 [s1-server-thread3] DEBUG server.RaftServer$Division (RaftServerImpl.java:logAppendEntries(1504)) - s1@group-54689077FB2A: receive appendEntries(s2, 2, (t:2, i:8), 8, false, commits:[s2:c8, s0:c0, s1:c7], cId:13, entries: [(t:2, i:9), STATEMACHINELOGENTRY, 56@client-31A9A5C18F3F]
2023-12-13 18:50:40,312 [s1-server-thread3] DEBUG server.RaftServer$Division (RaftServerImpl.java:logAppendEntries(1504)) - s1@group-54689077FB2A: succeeded to handle AppendEntries. Reply: s2<-s1#13:OK-t2,SUCCESS,nextIndex=10,followerCommit=8,matchIndex=9
2023-12-13 18:50:40,313 [Time-limited test] DEBUG client.RaftClient (RaftClientImpl.java:add(150)) - client-31A9A5C18F3F: add replied callId 56
2023-12-13 18:50:40,313 [Time-limited test] DEBUG client.RaftClient (RaftClientImpl.java:get(162)) - client-31A9A5C18F3F: get 57 returns [56]
2023-12-13 18:50:40,314 [s1-server-thread3] DEBUG server.RaftServer$Division (RaftServerImpl.java:logAppendEntries(1504)) - s1@group-54689077FB2A: receive appendEntries(s2, 2, (t:2, i:9), 9, false, commits:[s2:c9, s0:c0, s1:c8], cId:14, entries: [(t:2, i:10), METADATAENTRY(c:9)]
2023-12-13 18:50:40,314 [s2-client-thread1] DEBUG server.RaftServer$Division (RaftServerImpl.java:submitClientRequestAsync(893)) - s2@group-54689077FB2A: receive client request(RaftClientRequest:client-31A9A5C18F3F->s2@group-54689077FB2A, cid=57, seq=null, RW, Message:6d34)
2023-12-13 18:50:40,314 [s2-client-thread1] DEBUG server.RaftServer$Division (LeaderStateImpl.java:addPendingRequest(531)) - s2@group-54689077FB2A-LeaderStateImpl: addPendingRequest at RaftClientRequest:client-31A9A5C18F3F->s2@group-54689077FB2A, cid=57, seq=null, RW, Message:6d34, entry=(t:2, i:11), STATEMACHINELOGENTRY, 57@client-31A9A5C18F3F
2023-12-13 18:50:40,314 [s1-server-thread3] DEBUG server.RaftServer$Division (RaftServerImpl.java:logAppendEntries(1504)) - s1@group-54689077FB2A: succeeded to handle AppendEntries. Reply: s2<-s1#14:OK-t2,SUCCESS,nextIndex=11,followerCommit=9,matchIndex=10
2023-12-13 18:50:40,315 [s1-server-thread3] DEBUG server.RaftServer$Division (RaftServerImpl.java:logAppendEntries(1504)) - s1@group-54689077FB2A: receive appendEntries(s2, 2, (t:2, i:10), 9, false, commits:[s2:c9, s0:c0, s1:c8], cId:15, entries: [(t:2, i:11), STATEMACHINELOGENTRY, 57@client-31A9A5C18F3F]
2023-12-13 18:50:40,315 [s1-server-thread3] DEBUG server.RaftServer$Division (RaftServerImpl.java:logAppendEntries(1504)) - s1@group-54689077FB2A: succeeded to handle AppendEntries. Reply: s2<-s1#15:OK-t2,SUCCESS,nextIndex=12,followerCommit=9,matchIndex=11
2023-12-13 18:50:40,316 [s1-server-thread3] DEBUG server.RaftServer$Division (RaftServerImpl.java:logAppendEntries(1504)) - s1@group-54689077FB2A: receive appendEntries(s2, 2, (t:2, i:11), 11, false, commits:[s2:c11, s0:c0, s1:c9], cId:18, entries: [(t:2, i:12), METADATAENTRY(c:11)]
2023-12-13 18:50:40,317 [Time-limited test] DEBUG client.RaftClient (RaftClientImpl.java:add(150)) - client-31A9A5C18F3F: add replied callId 57
2023-12-13 18:50:40,317 [Time-limited test] DEBUG client.RaftClient (RaftClientImpl.java:get(162)) - client-31A9A5C18F3F: get 58 returns [57]
2023-12-13 18:50:40,317 [s1-server-thread3] DEBUG server.RaftServer$Division (RaftServerImpl.java:logAppendEntries(1504)) - s1@group-54689077FB2A: succeeded to handle AppendEntries. Reply: s2<-s1#18:OK-t2,SUCCESS,nextIndex=13,followerCommit=11,matchIndex=12
2023-12-13 18:50:40,318 [s2-client-thread1] DEBUG server.RaftServer$Division (RaftServerImpl.java:submitClientRequestAsync(893)) - s2@group-54689077FB2A: receive client request(RaftClientRequest:client-31A9A5C18F3F->s2@group-54689077FB2A, cid=58, seq=null, RW, Message:6d35)
2023-12-13 18:50:40,318 [s2-client-thread1] DEBUG server.RaftServer$Division (LeaderStateImpl.java:addPendingRequest(531)) - s2@group-54689077FB2A-LeaderStateImpl: addPendingRequest at RaftClientRequest:client-31A9A5C18F3F->s2@group-54689077FB2A, cid=58, seq=null, RW, Message:6d35, entry=(t:2, i:13), STATEMACHINELOGENTRY, 58@client-31A9A5C18F3F
2023-12-13 18:50:40,318 [s1-server-thread3] DEBUG server.RaftServer$Division (RaftServerImpl.java:logAppendEntries(1504)) - s1@group-54689077FB2A: receive appendEntries(s2, 2, (t:2, i:12), 12, false, commits:[s2:c12, s0:c0, s1:c11], cId:20, entries: [(t:2, i:13), STATEMACHINELOGENTRY, 58@client-31A9A5C18F3F]
2023-12-13 18:50:40,319 [s1-server-thread3] DEBUG server.RaftServer$Division (RaftServerImpl.java:logAppendEntries(1504)) - s1@group-54689077FB2A: succeeded to handle AppendEntries. Reply: s2<-s1#20:OK-t2,SUCCESS,nextIndex=14,followerCommit=12,matchIndex=13
2023-12-13 18:50:40,320 [s1-server-thread3] DEBUG server.RaftServer$Division (RaftServerImpl.java:logAppendEntries(1504)) - s1@group-54689077FB2A: receive appendEntries(s2, 2, (t:2, i:13), 13, false, commits:[s2:c13, s0:c0, s1:c12], cId:21, entries: [(t:2, i:14), METADATAENTRY(c:13)]
2023-12-13 18:50:40,320 [s1-server-thread3] DEBUG server.RaftServer$Division (RaftServerImpl.java:logAppendEntries(1504)) - s1@group-54689077FB2A: succeeded to handle AppendEntries. Reply: s2<-s1#21:OK-t2,SUCCESS,nextIndex=15,followerCommit=13,matchIndex=14
2023-12-13 18:50:40,322 [Time-limited test] DEBUG client.RaftClient (RaftClientImpl.java:add(150)) - client-31A9A5C18F3F: add replied callId 58
2023-12-13 18:50:40,322 [Time-limited test] DEBUG client.RaftClient (RaftClientImpl.java:get(162)) - client-31A9A5C18F3F: get 59 returns [58]
2023-12-13 18:50:40,323 [s2-client-thread1] DEBUG server.RaftServer$Division (RaftServerImpl.java:submitClientRequestAsync(893)) - s2@group-54689077FB2A: receive client request(RaftClientRequest:client-31A9A5C18F3F->s2@group-54689077FB2A, cid=59, seq=null, RW, Message:6d36)
2023-12-13 18:50:40,323 [s2-client-thread1] DEBUG server.RaftServer$Division (LeaderStateImpl.java:addPendingRequest(531)) - s2@group-54689077FB2A-LeaderStateImpl: addPendingRequest at RaftClientRequest:client-31A9A5C18F3F->s2@group-54689077FB2A, cid=59, seq=null, RW, Message:6d36, entry=(t:2, i:15), STATEMACHINELOGENTRY, 59@client-31A9A5C18F3F
2023-12-13 18:50:40,324 [s1-server-thread3] DEBUG server.RaftServer$Division (RaftServerImpl.java:logAppendEntries(1504)) - s1@group-54689077FB2A: receive appendEntries(s2, 2, (t:2, i:14), 14, false, commits:[s2:c14, s0:c0, s1:c13], cId:25, entries: [(t:2, i:15), STATEMACHINELOGENTRY, 59@client-31A9A5C18F3F]
2023-12-13 18:50:40,325 [s1-server-thread3] DEBUG server.RaftServer$Division (RaftServerImpl.java:logAppendEntries(1504)) - s1@group-54689077FB2A: succeeded to handle AppendEntries. Reply: s2<-s1#25:OK-t2,SUCCESS,nextIndex=16,followerCommit=14,matchIndex=15
2023-12-13 18:50:40,326 [s1-server-thread3] DEBUG server.RaftServer$Division (RaftServerImpl.java:logAppendEntries(1504)) - s1@group-54689077FB2A: receive appendEntries(s2, 2, (t:2, i:15), 15, false, commits:[s2:c15, s0:c0, s1:c14], cId:26, entries: [(t:2, i:16), METADATAENTRY(c:15)]
2023-12-13 18:50:40,326 [Time-limited test] DEBUG client.RaftClient (RaftClientImpl.java:add(150)) - client-31A9A5C18F3F: add replied callId 59
2023-12-13 18:50:40,326 [Time-limited test] DEBUG client.RaftClient (RaftClientImpl.java:get(162)) - client-31A9A5C18F3F: get 60 returns [59]
2023-12-13 18:50:40,327 [s1-server-thread3] DEBUG server.RaftServer$Division (RaftServerImpl.java:logAppendEntries(1504)) - s1@group-54689077FB2A: succeeded to handle AppendEntries. Reply: s2<-s1#26:OK-t2,SUCCESS,nextIndex=17,followerCommit=15,matchIndex=16
2023-12-13 18:50:40,328 [s2-client-thread1] DEBUG server.RaftServer$Division (RaftServerImpl.java:submitClientRequestAsync(893)) - s2@group-54689077FB2A: receive client request(RaftClientRequest:client-31A9A5C18F3F->s2@group-54689077FB2A, cid=60, seq=null, RW, Message:6d37)
2023-12-13 18:50:40,328 [s2-client-thread1] DEBUG server.RaftServer$Division (LeaderStateImpl.java:addPendingRequest(531)) - s2@group-54689077FB2A-LeaderStateImpl: addPendingRequest at RaftClientRequest:client-31A9A5C18F3F->s2@group-54689077FB2A, cid=60, seq=null, RW, Message:6d37, entry=(t:2, i:17), STATEMACHINELOGENTRY, 60@client-31A9A5C18F3F
2023-12-13 18:50:40,329 [s1-server-thread3] DEBUG server.RaftServer$Division (RaftServerImpl.java:logAppendEntries(1504)) - s1@group-54689077FB2A: receive appendEntries(s2, 2, (t:2, i:16), 16, false, commits:[s2:c16, s0:c0, s1:c15], cId:28, entries: [(t:2, i:17), STATEMACHINELOGENTRY, 60@client-31A9A5C18F3F]
2023-12-13 18:50:40,329 [s1-server-thread3] DEBUG server.RaftServer$Division (RaftServerImpl.java:logAppendEntries(1504)) - s1@group-54689077FB2A: succeeded to handle AppendEntries. Reply: s2<-s1#28:OK-t2,SUCCESS,nextIndex=18,followerCommit=16,matchIndex=17
2023-12-13 18:50:40,331 [Time-limited test] DEBUG client.RaftClient (RaftClientImpl.java:add(150)) - client-31A9A5C18F3F: add replied callId 60
2023-12-13 18:50:40,331 [Time-limited test] DEBUG client.RaftClient (RaftClientImpl.java:get(162)) - client-31A9A5C18F3F: get 61 returns [60]
2023-12-13 18:50:40,331 [s1-server-thread3] DEBUG server.RaftServer$Division (RaftServerImpl.java:logAppendEntries(1504)) - s1@group-54689077FB2A: receive appendEntries(s2, 2, (t:2, i:17), 17, false, commits:[s2:c17, s0:c0, s1:c16], cId:29, entries: [(t:2, i:18), METADATAENTRY(c:17)]
2023-12-13 18:50:40,332 [s1-server-thread3] DEBUG server.RaftServer$Division (RaftServerImpl.java:logAppendEntries(1504)) - s1@group-54689077FB2A: succeeded to handle AppendEntries. Reply: s2<-s1#29:OK-t2,SUCCESS,nextIndex=19,followerCommit=17,matchIndex=18
2023-12-13 18:50:40,332 [s2-client-thread1] DEBUG server.RaftServer$Division (RaftServerImpl.java:submitClientRequestAsync(893)) - s2@group-54689077FB2A: receive client request(RaftClientRequest:client-31A9A5C18F3F->s2@group-54689077FB2A, cid=61, seq=null, RW, Message:6d38)
2023-12-13 18:50:40,333 [s2-client-thread1] DEBUG server.RaftServer$Division (LeaderStateImpl.java:addPendingRequest(531)) - s2@group-54689077FB2A-LeaderStateImpl: addPendingRequest at RaftClientRequest:client-31A9A5C18F3F->s2@group-54689077FB2A, cid=61, seq=null, RW, Message:6d38, entry=(t:2, i:19), STATEMACHINELOGENTRY, 61@client-31A9A5C18F3F
2023-12-13 18:50:40,333 [s1-server-thread3] DEBUG server.RaftServer$Division (RaftServerImpl.java:logAppendEntries(1504)) - s1@group-54689077FB2A: receive appendEntries(s2, 2, (t:2, i:18), 18, false, commits:[s2:c18, s0:c0, s1:c17], cId:31, entries: [(t:2, i:19), STATEMACHINELOGENTRY, 61@client-31A9A5C18F3F]
2023-12-13 18:50:40,334 [s1-server-thread3] DEBUG server.RaftServer$Division (RaftServerImpl.java:logAppendEntries(1504)) - s1@group-54689077FB2A: succeeded to handle AppendEntries. Reply: s2<-s1#31:OK-t2,SUCCESS,nextIndex=20,followerCommit=18,matchIndex=19
2023-12-13 18:50:40,335 [s1-server-thread3] DEBUG server.RaftServer$Division (RaftServerImpl.java:logAppendEntries(1504)) - s1@group-54689077FB2A: receive appendEntries(s2, 2, (t:2, i:19), 19, false, commits:[s2:c19, s0:c0, s1:c18], cId:32, entries: [(t:2, i:20), METADATAENTRY(c:19)]
2023-12-13 18:50:40,335 [s1-server-thread3] DEBUG server.RaftServer$Division (RaftServerImpl.java:logAppendEntries(1504)) - s1@group-54689077FB2A: succeeded to handle AppendEntries. Reply: s2<-s1#32:OK-t2,SUCCESS,nextIndex=21,followerCommit=19,matchIndex=20
2023-12-13 18:50:40,336 [Time-limited test] DEBUG client.RaftClient (RaftClientImpl.java:add(150)) - client-31A9A5C18F3F: add replied callId 61
2023-12-13 18:50:40,336 [Time-limited test] DEBUG client.RaftClient (RaftClientImpl.java:get(162)) - client-31A9A5C18F3F: get 62 returns [61]
2023-12-13 18:50:40,337 [s2-client-thread1] DEBUG server.RaftServer$Division (RaftServerImpl.java:submitClientRequestAsync(893)) - s2@group-54689077FB2A: receive client request(RaftClientRequest:client-31A9A5C18F3F->s2@group-54689077FB2A, cid=62, seq=null, RW, Message:6d39)
2023-12-13 18:50:40,337 [s2-client-thread1] DEBUG server.RaftServer$Division (LeaderStateImpl.java:addPendingRequest(531)) - s2@group-54689077FB2A-LeaderStateImpl: addPendingRequest at RaftClientRequest:client-31A9A5C18F3F->s2@group-54689077FB2A, cid=62, seq=null, RW, Message:6d39, entry=(t:2, i:21), STATEMACHINELOGENTRY, 62@client-31A9A5C18F3F
2023-12-13 18:50:40,338 [s1-server-thread3] DEBUG server.RaftServer$Division (RaftServerImpl.java:logAppendEntries(1504)) - s1@group-54689077FB2A: receive appendEntries(s2, 2, (t:2, i:20), 20, false, commits:[s2:c20, s0:c0, s1:c19], cId:34, entries: [(t:2, i:21), STATEMACHINELOGENTRY, 62@client-31A9A5C18F3F]
2023-12-13 18:50:40,338 [s1-server-thread3] DEBUG server.RaftServer$Division (RaftServerImpl.java:logAppendEntries(1504)) - s1@group-54689077FB2A: succeeded to handle AppendEntries. Reply: s2<-s1#34:OK-t2,SUCCESS,nextIndex=22,followerCommit=20,matchIndex=21
2023-12-13 18:50:40,339 [s1-server-thread3] DEBUG server.RaftServer$Division (RaftServerImpl.java:logAppendEntries(1504)) - s1@group-54689077FB2A: receive appendEntries(s2, 2, (t:2, i:21), 21, false, commits:[s2:c21, s0:c0, s1:c20], cId:35, entries: [(t:2, i:22), METADATAENTRY(c:21)]
2023-12-13 18:50:40,339 [s1-server-thread3] DEBUG server.RaftServer$Division (RaftServerImpl.java:logAppendEntries(1504)) - s1@group-54689077FB2A: succeeded to handle AppendEntries. Reply: s2<-s1#35:OK-t2,SUCCESS,nextIndex=23,followerCommit=21,matchIndex=22
2023-12-13 18:50:40,340 [Time-limited test] DEBUG client.RaftClient (RaftClientImpl.java:add(150)) - client-31A9A5C18F3F: add replied callId 62
2023-12-13 18:50:40,342 [Time-limited test] INFO  util.CodeInjectionForTesting (BlockRequestHandlingInjection.java:unblockRequestor(54)) - UnBlock requestor s0
2023-12-13 18:50:40,342 [Time-limited test] INFO  util.CodeInjectionForTesting (BlockRequestHandlingInjection.java:unblockRequestor(54)) - UnBlock requestor s0
2023-12-13 18:50:40,343 [Time-limited test] INFO  server.RaftServerConfigKeys (ConfUtils.java:logGet(46)) - raft.server.rpc.timeout.max = 2000ms (custom)
2023-12-13 18:50:40,343 [Time-limited test] INFO  ratis.RaftTestUtil (RaftTestUtil.java:waitForLeader(100)) - printing group-54689077FB2A
  s0:  RUNNING  FOLLOWER s0@group-54689077FB2A:t1, leader=null, voted=s0, raftlog=Memoized:s0@group-54689077FB2A-SegmentedRaftLog:OPENED:c0, conf=0: peers:[s0|0.0.0.0:46607, s1|0.0.0.0:41525, s2|0.0.0.0:45147]|listeners:[], old=null RUNNING
  s1:  RUNNING  FOLLOWER s1@group-54689077FB2A:t2, leader=s2, voted=s2, raftlog=Memoized:s1@group-54689077FB2A-SegmentedRaftLog:OPENED:c21, conf=1: peers:[s0|0.0.0.0:46607, s1|0.0.0.0:41525, s2|0.0.0.0:45147]|listeners:[], old=null RUNNING
  s2:  RUNNING    LEADER s2@group-54689077FB2A:t2, leader=s2, voted=s2, raftlog=Memoized:s2@group-54689077FB2A-SegmentedRaftLog:OPENED:c22, conf=1: peers:[s0|0.0.0.0:46607, s1|0.0.0.0:41525, s2|0.0.0.0:45147]|listeners:[], old=null RUNNING
2023-12-13 18:50:40,343 [Time-limited test] INFO  ratis.RaftTestUtil (RaftTestUtil.java:waitForLeader(124)) - printing group-54689077FB2A
  s0:  RUNNING  FOLLOWER s0@group-54689077FB2A:t1, leader=null, voted=s0, raftlog=Memoized:s0@group-54689077FB2A-SegmentedRaftLog:OPENED:c0, conf=0: peers:[s0|0.0.0.0:46607, s1|0.0.0.0:41525, s2|0.0.0.0:45147]|listeners:[], old=null RUNNING
  s1:  RUNNING  FOLLOWER s1@group-54689077FB2A:t2, leader=s2, voted=s2, raftlog=Memoized:s1@group-54689077FB2A-SegmentedRaftLog:OPENED:c21, conf=1: peers:[s0|0.0.0.0:46607, s1|0.0.0.0:41525, s2|0.0.0.0:45147]|listeners:[], old=null RUNNING
  s2:  RUNNING    LEADER s2@group-54689077FB2A:t2, leader=s2, voted=s2, raftlog=Memoized:s2@group-54689077FB2A-SegmentedRaftLog:OPENED:c22, conf=1: peers:[s0|0.0.0.0:46607, s1|0.0.0.0:41525, s2|0.0.0.0:45147]|listeners:[], old=null RUNNING
2023-12-13 18:50:40,343 [Time-limited test] WARN  impl.GroupManagementBaseTest (JavaUtils.java:attempt(231)) - FAILED "testMultiGroupWithPriority", attempt #1/10: java.lang.AssertionError, sleep 1s and then retry.
java.lang.AssertionError
	at org.junit.Assert.fail(Assert.java:87)
	at org.junit.Assert.assertTrue(Assert.java:42)
	at org.junit.Assert.assertTrue(Assert.java:53)
	at org.apache.ratis.server.impl.GroupManagementBaseTest.lambda$testGroupWithPriority$3(GroupManagementBaseTest.java:151)
	at org.apache.ratis.util.function.CheckedRunnable.lambda$asCheckedSupplier$0(CheckedRunnable.java:32)
	at org.apache.ratis.util.JavaUtils.lambda$attempt$7(JavaUtils.java:212)
	at org.apache.ratis.util.JavaUtils.attempt(JavaUtils.java:225)
	at org.apache.ratis.util.JavaUtils.attempt(JavaUtils.java:212)
	at org.apache.ratis.util.JavaUtils.attemptRepeatedly(JavaUtils.java:204)
	at org.apache.ratis.util.JavaUtils.attempt(JavaUtils.java:245)
	at org.apache.ratis.server.impl.GroupManagementBaseTest.testGroupWithPriority(GroupManagementBaseTest.java:149)
	at java.base/jdk.internal.reflect.NativeMethodAccessorImpl.invoke0(Native Method)
	at java.base/jdk.internal.reflect.NativeMethodAccessorImpl.invoke(NativeMethodAccessorImpl.java:62)
	at java.base/jdk.internal.reflect.DelegatingMethodAccessorImpl.invoke(DelegatingMethodAccessorImpl.java:43)
	at java.base/java.lang.reflect.Method.invoke(Method.java:566)
	at org.junit.runners.model.FrameworkMethod$1.runReflectiveCall(FrameworkMethod.java:59)
	at org.junit.internal.runners.model.ReflectiveCallable.run(ReflectiveCallable.java:12)
	at org.junit.runners.model.FrameworkMethod.invokeExplosively(FrameworkMethod.java:56)
	at org.junit.internal.runners.statements.InvokeMethod.evaluate(InvokeMethod.java:17)
	at org.junit.internal.runners.statements.RunAfters.evaluate(RunAfters.java:27)
	at org.junit.internal.runners.statements.FailOnTimeout$CallableStatement.call(FailOnTimeout.java:299)
	at org.junit.internal.runners.statements.FailOnTimeout$CallableStatement.call(FailOnTimeout.java:293)
	at java.base/java.util.concurrent.FutureTask.run(FutureTask.java:264)
	at java.base/java.lang.Thread.run(Thread.java:829)
2023-12-13 18:50:40,396 [grpc-default-executor-6] INFO  util.CodeInjectionForTesting (BlockRequestHandlingInjection.java:execute(84)) - s0: unBlock request from s1
2023-12-13 18:50:40,396 [grpc-default-executor-6] INFO  server.RaftServer$Division (RaftServerImpl.java:requestVote(1377)) - s0@group-54689077FB2A: receive requestVote(PRE_VOTE, s1, group-54689077FB2A, 1, (t:1, i:0))
2023-12-13 18:50:40,396 [grpc-default-executor-6] INFO  impl.VoteContext (VoteContext.java:log(49)) - s0@group-54689077FB2A-FOLLOWER: reject PRE_VOTE from s1: our priority 2 > candidate's priority 1
2023-12-13 18:50:40,397 [grpc-default-executor-6] INFO  server.RaftServer$Division (RaftServerImpl.java:requestVote(1410)) - s0@group-54689077FB2A replies to PRE_VOTE vote request: s1<-s0#0:FAIL-t1. Peer's state: s0@group-54689077FB2A:t1, leader=null, voted=s0, raftlog=Memoized:s0@group-54689077FB2A-SegmentedRaftLog:OPENED:c0, conf=0: peers:[s0|0.0.0.0:46607, s1|0.0.0.0:41525, s2|0.0.0.0:45147]|listeners:[], old=null
2023-12-13 18:50:40,410 [grpc-default-executor-11] INFO  util.CodeInjectionForTesting (BlockRequestHandlingInjection.java:execute(84)) - s0: unBlock request from s2
2023-12-13 18:50:40,410 [grpc-default-executor-11] INFO  server.RaftServer$Division (RaftServerImpl.java:requestVote(1377)) - s0@group-54689077FB2A: receive requestVote(PRE_VOTE, s2, group-54689077FB2A, 1, (t:1, i:0))
2023-12-13 18:50:40,410 [grpc-default-executor-11] INFO  impl.VoteContext (VoteContext.java:log(49)) - s0@group-54689077FB2A-FOLLOWER: reject PRE_VOTE from s2: our priority 2 > candidate's priority 1
2023-12-13 18:50:40,410 [grpc-default-executor-11] INFO  server.RaftServer$Division (RaftServerImpl.java:requestVote(1410)) - s0@group-54689077FB2A replies to PRE_VOTE vote request: s2<-s0#0:FAIL-t1. Peer's state: s0@group-54689077FB2A:t1, leader=null, voted=s0, raftlog=Memoized:s0@group-54689077FB2A-SegmentedRaftLog:OPENED:c0, conf=0: peers:[s0|0.0.0.0:46607, s1|0.0.0.0:41525, s2|0.0.0.0:45147]|listeners:[], old=null
2023-12-13 18:50:40,472 [grpc-default-executor-4] INFO  util.CodeInjectionForTesting (BlockRequestHandlingInjection.java:execute(84)) - s0: unBlock request from s2
2023-12-13 18:50:40,472 [grpc-default-executor-4] INFO  server.RaftServer$Division (RaftServerImpl.java:requestVote(1377)) - s0@group-54689077FB2A: receive requestVote(ELECTION, s2, group-54689077FB2A, 2, (t:1, i:0))
2023-12-13 18:50:40,472 [grpc-default-executor-4] INFO  impl.VoteContext (VoteContext.java:log(49)) - s0@group-54689077FB2A-FOLLOWER: reject ELECTION from s2: our priority 2 > candidate's priority 1
2023-12-13 18:50:40,472 [grpc-default-executor-4] INFO  server.RaftServer$Division (RaftServerImpl.java:setRole(379)) - s0@group-54689077FB2A: changes role from  FOLLOWER to FOLLOWER at term 2 for candidate:s2
2023-12-13 18:50:40,472 [grpc-default-executor-4] INFO  impl.RoleInfo (RoleInfo.java:shutdownFollowerState(110)) - s0: shutdown s0@group-54689077FB2A-FollowerState
2023-12-13 18:50:40,472 [grpc-default-executor-4] INFO  impl.RoleInfo (RoleInfo.java:updateAndGet(139)) - s0: start s0@group-54689077FB2A-FollowerState
2023-12-13 18:50:40,472 [s0@group-54689077FB2A-FollowerState] INFO  impl.FollowerState (FollowerState.java:run(152)) - s0@group-54689077FB2A-FollowerState was interrupted
2023-12-13 18:50:40,472 [grpc-default-executor-4] TRACE util.FileUtils (LogUtils.java:supplyAndLog(69)) - Successfully supplied FileChannel.open /home/runner/work/ratis/ratis/ratis-test/target/test/data/b8de9602/MiniRaftClusterWithGrpcbc2420e5/s0/82990ede-4710-4729-82e4-54689077fb2a/current/raft-meta.tmp with options [CREATE, WRITE]: sun.nio.ch.FileChannelImpl@7b528164
2023-12-13 18:50:40,473 [grpc-default-executor-4] TRACE util.FileUtils (LogUtils.java:runAndLog(49)) - Successfully ran Atomic Files.move /home/runner/work/ratis/ratis/ratis-test/target/test/data/b8de9602/MiniRaftClusterWithGrpcbc2420e5/s0/82990ede-4710-4729-82e4-54689077fb2a/current/raft-meta.tmp to /home/runner/work/ratis/ratis/ratis-test/target/test/data/b8de9602/MiniRaftClusterWithGrpcbc2420e5/s0/82990ede-4710-4729-82e4-54689077fb2a/current/raft-meta with options [REPLACE_EXISTING]
2023-12-13 18:50:40,473 [grpc-default-executor-4] INFO  server.RaftServer$Division (RaftServerImpl.java:requestVote(1410)) - s0@group-54689077FB2A replies to ELECTION vote request: s2<-s0#0:FAIL-t2. Peer's state: s0@group-54689077FB2A:t2, leader=null, voted=null, raftlog=Memoized:s0@group-54689077FB2A-SegmentedRaftLog:OPENED:c0, conf=0: peers:[s0|0.0.0.0:46607, s1|0.0.0.0:41525, s2|0.0.0.0:45147]|listeners:[], old=null
2023-12-13 18:50:40,525 [s2-server-thread1] INFO  util.CodeInjectionForTesting (BlockRequestHandlingInjection.java:execute(84)) - s2: unBlock request from s0
2023-12-13 18:50:40,525 [s1-server-thread1] INFO  util.CodeInjectionForTesting (BlockRequestHandlingInjection.java:execute(84)) - s1: unBlock request from s0
2023-12-13 18:50:40,525 [s2-server-thread1] DEBUG server.RaftServer$Division (RaftServerImpl.java:appendEntriesAsync(1571)) - s2@group-54689077FB2A: Not recognize s0 (term=1) as leader, state: s2@group-54689077FB2A:t2, leader=s2, voted=s2, raftlog=Memoized:s2@group-54689077FB2A-SegmentedRaftLog:OPENED:c22, conf=1: peers:[s0|0.0.0.0:46607, s1|0.0.0.0:41525, s2|0.0.0.0:45147]|listeners:[], old=null reply: s0<-s2#4:FAIL-t2,NOT_LEADER,nextIndex=23,followerCommit=22,matchIndex=-1
2023-12-13 18:50:40,525 [s1-server-thread1] DEBUG server.RaftServer$Division (RaftServerImpl.java:appendEntriesAsync(1571)) - s1@group-54689077FB2A: Not recognize s0 (term=1) as leader, state: s1@group-54689077FB2A:t2, leader=s2, voted=s2, raftlog=Memoized:s1@group-54689077FB2A-SegmentedRaftLog:OPENED:c21, conf=1: peers:[s0|0.0.0.0:46607, s1|0.0.0.0:41525, s2|0.0.0.0:45147]|listeners:[], old=null reply: s0<-s1#5:FAIL-t2,NOT_LEADER,nextIndex=23,followerCommit=21,matchIndex=-1
2023-12-13 18:50:40,526 [s1-server-thread1] DEBUG server.RaftServer$Division (RaftServerImpl.java:appendEntriesAsync(1571)) - s1@group-54689077FB2A: Not recognize s0 (term=1) as leader, state: s1@group-54689077FB2A:t2, leader=s2, voted=s2, raftlog=Memoized:s1@group-54689077FB2A-SegmentedRaftLog:OPENED:c21, conf=1: peers:[s0|0.0.0.0:46607, s1|0.0.0.0:41525, s2|0.0.0.0:45147]|listeners:[], old=null reply: s0<-s1#6:FAIL-t2,NOT_LEADER,nextIndex=23,followerCommit=21,matchIndex=-1
2023-12-13 18:50:40,526 [s2-server-thread1] DEBUG server.RaftServer$Division (RaftServerImpl.java:appendEntriesAsync(1571)) - s2@group-54689077FB2A: Not recognize s0 (term=1) as leader, state: s2@group-54689077FB2A:t2, leader=s2, voted=s2, raftlog=Memoized:s2@group-54689077FB2A-SegmentedRaftLog:OPENED:c22, conf=1: peers:[s0|0.0.0.0:46607, s1|0.0.0.0:41525, s2|0.0.0.0:45147]|listeners:[], old=null reply: s0<-s2#5:FAIL-t2,NOT_LEADER,nextIndex=23,followerCommit=22,matchIndex=-1
2023-12-13 18:50:40,526 [grpc-default-executor-11] WARN  server.GrpcLogAppender (GrpcLogAppender.java:onNextImpl(498)) - s0@group-54689077FB2A->s2-AppendLogResponseHandler: received NOT_LEADER reply with term 2
2023-12-13 18:50:40,526 [s2-server-thread1] DEBUG server.RaftServer$Division (RaftServerImpl.java:appendEntriesAsync(1571)) - s2@group-54689077FB2A: Not recognize s0 (term=1) as leader, state: s2@group-54689077FB2A:t2, leader=s2, voted=s2, raftlog=Memoized:s2@group-54689077FB2A-SegmentedRaftLog:OPENED:c22, conf=1: peers:[s0|0.0.0.0:46607, s1|0.0.0.0:41525, s2|0.0.0.0:45147]|listeners:[], old=null reply: s0<-s2#6:FAIL-t2,NOT_LEADER,nextIndex=23,followerCommit=22,matchIndex=-1
2023-12-13 18:50:40,526 [grpc-default-executor-11] WARN  server.GrpcLogAppender (GrpcLogAppender.java:onNextImpl(498)) - s0@group-54689077FB2A->s2-AppendLogResponseHandler: received NOT_LEADER reply with term 2
2023-12-13 18:50:40,526 [s1-server-thread1] DEBUG server.RaftServer$Division (RaftServerImpl.java:appendEntriesAsync(1571)) - s1@group-54689077FB2A: Not recognize s0 (term=1) as leader, state: s1@group-54689077FB2A:t2, leader=s2, voted=s2, raftlog=Memoized:s1@group-54689077FB2A-SegmentedRaftLog:OPENED:c21, conf=1: peers:[s0|0.0.0.0:46607, s1|0.0.0.0:41525, s2|0.0.0.0:45147]|listeners:[], old=null reply: s0<-s1#7:FAIL-t2,NOT_LEADER,nextIndex=23,followerCommit=21,matchIndex=-1
2023-12-13 18:50:40,526 [grpc-default-executor-4] WARN  server.GrpcLogAppender (GrpcLogAppender.java:onNextImpl(498)) - s0@group-54689077FB2A->s1-AppendLogResponseHandler: received NOT_LEADER reply with term 2
2023-12-13 18:50:40,527 [grpc-default-executor-13] WARN  server.GrpcLogAppender (GrpcLogAppender.java:onNextImpl(498)) - s0@group-54689077FB2A->s2-AppendLogResponseHandler: received NOT_LEADER reply with term 2
2023-12-13 18:50:40,527 [s2-server-thread1] DEBUG server.RaftServer$Division (RaftServerImpl.java:appendEntriesAsync(1571)) - s2@group-54689077FB2A: Not recognize s0 (term=1) as leader, state: s2@group-54689077FB2A:t2, leader=s2, voted=s2, raftlog=Memoized:s2@group-54689077FB2A-SegmentedRaftLog:OPENED:c22, conf=1: peers:[s0|0.0.0.0:46607, s1|0.0.0.0:41525, s2|0.0.0.0:45147]|listeners:[], old=null reply: s0<-s2#7:FAIL-t2,NOT_LEADER,nextIndex=23,followerCommit=22,matchIndex=-1
2023-12-13 18:50:40,527 [grpc-default-executor-4] WARN  server.GrpcLogAppender (GrpcLogAppender.java:onNextImpl(498)) - s0@group-54689077FB2A->s1-AppendLogResponseHandler: received NOT_LEADER reply with term 2
2023-12-13 18:50:40,527 [s1-server-thread1] DEBUG server.RaftServer$Division (RaftServerImpl.java:appendEntriesAsync(1571)) - s1@group-54689077FB2A: Not recognize s0 (term=1) as leader, state: s1@group-54689077FB2A:t2, leader=s2, voted=s2, raftlog=Memoized:s1@group-54689077FB2A-SegmentedRaftLog:OPENED:c21, conf=1: peers:[s0|0.0.0.0:46607, s1|0.0.0.0:41525, s2|0.0.0.0:45147]|listeners:[], old=null reply: s0<-s1#8:FAIL-t2,NOT_LEADER,nextIndex=23,followerCommit=21,matchIndex=-1
2023-12-13 18:50:40,527 [grpc-default-executor-4] WARN  server.GrpcLogAppender (GrpcLogAppender.java:onNextImpl(498)) - s0@group-54689077FB2A->s1-AppendLogResponseHandler: received NOT_LEADER reply with term 2
2023-12-13 18:50:40,527 [grpc-default-executor-4] WARN  server.GrpcLogAppender (GrpcLogAppender.java:onNextImpl(498)) - s0@group-54689077FB2A->s1-AppendLogResponseHandler: received NOT_LEADER reply with term 2
2023-12-13 18:50:40,527 [s2-server-thread1] DEBUG server.RaftServer$Division (RaftServerImpl.java:appendEntriesAsync(1571)) - s2@group-54689077FB2A: Not recognize s0 (term=1) as leader, state: s2@group-54689077FB2A:t2, leader=s2, voted=s2, raftlog=Memoized:s2@group-54689077FB2A-SegmentedRaftLog:OPENED:c22, conf=1: peers:[s0|0.0.0.0:46607, s1|0.0.0.0:41525, s2|0.0.0.0:45147]|listeners:[], old=null reply: s0<-s2#8:FAIL-t2,NOT_LEADER,nextIndex=23,followerCommit=22,matchIndex=-1
2023-12-13 18:50:40,527 [s1-server-thread1] DEBUG server.RaftServer$Division (RaftServerImpl.java:appendEntriesAsync(1571)) - s1@group-54689077FB2A: Not recognize s0 (term=1) as leader, state: s1@group-54689077FB2A:t2, leader=s2, voted=s2, raftlog=Memoized:s1@group-54689077FB2A-SegmentedRaftLog:OPENED:c21, conf=1: peers:[s0|0.0.0.0:46607, s1|0.0.0.0:41525, s2|0.0.0.0:45147]|listeners:[], old=null reply: s0<-s1#9:FAIL-t2,NOT_LEADER,nextIndex=23,followerCommit=21,matchIndex=-1
2023-12-13 18:50:40,528 [grpc-default-executor-11] WARN  server.GrpcLogAppender (GrpcLogAppender.java:onNextImpl(498)) - s0@group-54689077FB2A->s2-AppendLogResponseHandler: received NOT_LEADER reply with term 2
2023-12-13 18:50:40,528 [s1-server-thread1] DEBUG server.RaftServer$Division (RaftServerImpl.java:appendEntriesAsync(1571)) - s1@group-54689077FB2A: Not recognize s0 (term=1) as leader, state: s1@group-54689077FB2A:t2, leader=s2, voted=s2, raftlog=Memoized:s1@group-54689077FB2A-SegmentedRaftLog:OPENED:c21, conf=1: peers:[s0|0.0.0.0:46607, s1|0.0.0.0:41525, s2|0.0.0.0:45147]|listeners:[], old=null reply: s0<-s1#10:FAIL-t2,NOT_LEADER,nextIndex=23,followerCommit=21,matchIndex=-1
2023-12-13 18:50:40,528 [grpc-default-executor-11] WARN  server.GrpcLogAppender (GrpcLogAppender.java:onNextImpl(498)) - s0@group-54689077FB2A->s2-AppendLogResponseHandler: received NOT_LEADER reply with term 2
2023-12-13 18:50:40,528 [s2-server-thread1] DEBUG server.RaftServer$Division (RaftServerImpl.java:appendEntriesAsync(1571)) - s2@group-54689077FB2A: Not recognize s0 (term=1) as leader, state: s2@group-54689077FB2A:t2, leader=s2, voted=s2, raftlog=Memoized:s2@group-54689077FB2A-SegmentedRaftLog:OPENED:c22, conf=1: peers:[s0|0.0.0.0:46607, s1|0.0.0.0:41525, s2|0.0.0.0:45147]|listeners:[], old=null reply: s0<-s2#9:FAIL-t2,NOT_LEADER,nextIndex=23,followerCommit=22,matchIndex=-1
2023-12-13 18:50:40,528 [grpc-default-executor-4] WARN  server.GrpcLogAppender (GrpcLogAppender.java:onNextImpl(498)) - s0@group-54689077FB2A->s1-AppendLogResponseHandler: received NOT_LEADER reply with term 2
2023-12-13 18:50:40,528 [grpc-default-executor-13] WARN  server.GrpcLogAppender (GrpcLogAppender.java:onNextImpl(498)) - s0@group-54689077FB2A->s1-AppendLogResponseHandler: received NOT_LEADER reply with term 2
2023-12-13 18:50:40,528 [s2-server-thread1] DEBUG server.RaftServer$Division (RaftServerImpl.java:appendEntriesAsync(1571)) - s2@group-54689077FB2A: Not recognize s0 (term=1) as leader, state: s2@group-54689077FB2A:t2, leader=s2, voted=s2, raftlog=Memoized:s2@group-54689077FB2A-SegmentedRaftLog:OPENED:c22, conf=1: peers:[s0|0.0.0.0:46607, s1|0.0.0.0:41525, s2|0.0.0.0:45147]|listeners:[], old=null reply: s0<-s2#10:FAIL-t2,NOT_LEADER,nextIndex=23,followerCommit=22,matchIndex=-1
2023-12-13 18:50:40,528 [s1-server-thread1] DEBUG server.RaftServer$Division (RaftServerImpl.java:appendEntriesAsync(1571)) - s1@group-54689077FB2A: Not recognize s0 (term=1) as leader, state: s1@group-54689077FB2A:t2, leader=s2, voted=s2, raftlog=Memoized:s1@group-54689077FB2A-SegmentedRaftLog:OPENED:c21, conf=1: peers:[s0|0.0.0.0:46607, s1|0.0.0.0:41525, s2|0.0.0.0:45147]|listeners:[], old=null reply: s0<-s1#11:FAIL-t2,NOT_LEADER,nextIndex=23,followerCommit=21,matchIndex=-1
2023-12-13 18:50:40,528 [grpc-default-executor-10] INFO  server.GrpcServerProtocolService (GrpcServerProtocolService.java:onCompleted(157)) - s2: Completed APPEND_ENTRIES, lastRequest: null
2023-12-13 18:50:40,528 [grpc-default-executor-13] WARN  server.GrpcLogAppender (GrpcLogAppender.java:onNextImpl(498)) - s0@group-54689077FB2A->s2-AppendLogResponseHandler: received NOT_LEADER reply with term 2
2023-12-13 18:50:40,528 [grpc-default-executor-4] INFO  server.GrpcServerProtocolService (GrpcServerProtocolService.java:onCompleted(157)) - s1: Completed APPEND_ENTRIES, lastRequest: null
2023-12-13 18:50:40,529 [grpc-default-executor-13] WARN  server.GrpcLogAppender (GrpcLogAppender.java:onNextImpl(498)) - s0@group-54689077FB2A->s1-AppendLogResponseHandler: received NOT_LEADER reply with term 2
2023-12-13 18:50:40,529 [grpc-default-executor-10] INFO  server.GrpcServerProtocolService (GrpcServerProtocolService.java:lambda$onCompleted$5(159)) - s2: Completed APPEND_ENTRIES, lastReply: serverReply {
  requestorId: "s0"
  replyId: "s2"
  raftGroupId {
    id: "\202\231\016\336G\020G)\202\344Th\220w\373*"
  }
  callId: 10
}
term: 2
nextIndex: 23
result: NOT_LEADER
followerCommit: 22
matchIndex: 18446744073709551615
isHearbeat: true

2023-12-13 18:50:40,529 [grpc-default-executor-4] INFO  server.GrpcServerProtocolService (GrpcServerProtocolService.java:lambda$onCompleted$5(159)) - s1: Completed APPEND_ENTRIES, lastReply: serverReply {
  requestorId: "s0"
  replyId: "s1"
  raftGroupId {
    id: "\202\231\016\336G\020G)\202\344Th\220w\373*"
  }
  callId: 11
}
term: 2
nextIndex: 23
result: NOT_LEADER
followerCommit: 21
matchIndex: 18446744073709551615
isHearbeat: true

2023-12-13 18:50:40,530 [grpc-default-executor-10] WARN  server.GrpcLogAppender (GrpcLogAppender.java:onNextImpl(498)) - s0@group-54689077FB2A->s2-AppendLogResponseHandler: received NOT_LEADER reply with term 2
2023-12-13 18:50:40,530 [grpc-default-executor-11] INFO  server.GrpcLogAppender (GrpcLogAppender.java:onCompleted(534)) - s0@group-54689077FB2A->s1-AppendLogResponseHandler: follower responses appendEntries COMPLETED
2023-12-13 18:50:40,530 [grpc-default-executor-10] INFO  server.GrpcLogAppender (GrpcLogAppender.java:onCompleted(534)) - s0@group-54689077FB2A->s2-AppendLogResponseHandler: follower responses appendEntries COMPLETED
2023-12-13 18:50:40,548 [s0-server-thread1] INFO  util.CodeInjectionForTesting (BlockRequestHandlingInjection.java:execute(84)) - s0: unBlock request from s2
2023-12-13 18:50:40,548 [s0-server-thread1] INFO  server.RaftServer$Division (ServerState.java:setLeader(265)) - s0@group-54689077FB2A: change Leader from null to s2 at term 2 for appendEntries, leader elected after 3828ms
2023-12-13 18:50:40,552 [s0-server-thread2] INFO  util.CodeInjectionForTesting (BlockRequestHandlingInjection.java:execute(84)) - s0: unBlock request from s2
2023-12-13 18:50:40,552 [s0-server-thread2] DEBUG server.RaftServer$Division (RaftServerImpl.java:logAppendEntries(1504)) - s0@group-54689077FB2A: receive appendEntries(s2, 2, (t:1, i:0), 0, false, commits:[s2:c0, s0:c0, s1:c-1], cId:1, entries: [(t:2, i:1), CONFIGURATIONENTRY(current:id: "s0"
address: "0.0.0.0:46607"
priority: 2
clientAddress: "0.0.0.0:46607"
adminAddress: "0.0.0.0:46607"
startupRole: FOLLOWER
,id: "s1"
address: "0.0.0.0:41525"
priority: 1
clientAddress: "0.0.0.0:41525"
adminAddress: "0.0.0.0:41525"
startupRole: FOLLOWER
,id: "s2"
address: "0.0.0.0:45147"
priority: 1
clientAddress: "0.0.0.0:45147"
adminAddress: "0.0.0.0:45147"
startupRole: FOLLOWER
, old:)]
2023-12-13 18:50:40,552 [s0-server-thread2] INFO  server.RaftServer$Division (ServerState.java:setRaftConf(382)) - s0@group-54689077FB2A: set configuration 1: peers:[s0|0.0.0.0:46607, s1|0.0.0.0:41525, s2|0.0.0.0:45147]|listeners:[], old=null
2023-12-13 18:50:40,553 [s0-server-thread2] INFO  segmented.SegmentedRaftLogWorker (SegmentedRaftLogWorker.java:rollLogSegment(435)) - s0@group-54689077FB2A-SegmentedRaftLogWorker: Rolling segment log-0_0 to index:0
2023-12-13 18:50:40,553 [s0@group-54689077FB2A-SegmentedRaftLogWorker] TRACE util.FileUtils (LogUtils.java:runAndLog(49)) - Successfully ran Atomic Files.move /home/runner/work/ratis/ratis/ratis-test/target/test/data/b8de9602/MiniRaftClusterWithGrpcbc2420e5/s0/82990ede-4710-4729-82e4-54689077fb2a/current/log_inprogress_0 to /home/runner/work/ratis/ratis/ratis-test/target/test/data/b8de9602/MiniRaftClusterWithGrpcbc2420e5/s0/82990ede-4710-4729-82e4-54689077fb2a/current/log_0-0
2023-12-13 18:50:40,553 [s0@group-54689077FB2A-SegmentedRaftLogWorker] INFO  segmented.SegmentedRaftLogWorker (SegmentedRaftLogWorker.java:execute(591)) - s0@group-54689077FB2A-SegmentedRaftLogWorker: Rolled log segment from /home/runner/work/ratis/ratis/ratis-test/target/test/data/b8de9602/MiniRaftClusterWithGrpcbc2420e5/s0/82990ede-4710-4729-82e4-54689077fb2a/current/log_inprogress_0 to /home/runner/work/ratis/ratis/ratis-test/target/test/data/b8de9602/MiniRaftClusterWithGrpcbc2420e5/s0/82990ede-4710-4729-82e4-54689077fb2a/current/log_0-0
2023-12-13 18:50:40,554 [s0@group-54689077FB2A-SegmentedRaftLogWorker] INFO  segmented.BufferedWriteChannel (BufferedWriteChannel.java:open(62)) - open log_inprogress_1 at position 0
2023-12-13 18:50:40,554 [s0-server-thread3] DEBUG server.RaftServer$Division (RaftServerImpl.java:logAppendEntries(1504)) - s0@group-54689077FB2A: receive appendEntries(s2, 2, (t:2, i:1), 22, false, commits:[s2:c22, s0:c0, s1:c21], cId:33, entries: [(t:2, i:2), METADATAENTRY(c:1), (t:2, i:3), STATEMACHINELOGENTRY, 53@client-31A9A5C18F3F, (t:2, i:4), METADATAENTRY(c:3), (t:2, i:5), STATEMACHINELOGENTRY, 54@client-31A9A5C18F3F, (t:2, i:6), METADATAENTRY(c:5), (t:2, i:7), STATEMACHINELOGENTRY, 55@client-31A9A5C18F3F, (t:2, i:8), METADATAENTRY(c:7), (t:2, i:9), STATEMACHINELOGENTRY, 56@client-31A9A5C18F3F, (t:2, i:10), METADATAENTRY(c:9), (t:2, i:11), STATEMACHINELOGENTRY, 57@client-31A9A5C18F3F, (t:2, i:12), METADATAENTRY(c:11), (t:2, i:13), STATEMACHINELOGENTRY, 58@client-31A9A5C18F3F, (t:2, i:14), METADATAENTRY(c:13), (t:2, i:15), STATEMACHINELOGENTRY, 59@client-31A9A5C18F3F, (t:2, i:16), METADATAENTRY(c:15), (t:2, i:17), STATEMACHINELOGENTRY, 60@client-31A9A5C18F3F, (t:2, i:18), METADATAENTRY(c:17), (t:2, i:19), STATEMACHINELOGENTRY, 61@client-31A9A5C18F3F, (t:2, i:20), METADATAENTRY(c:19), (t:2, i:21), STATEMACHINELOGENTRY, 62@client-31A9A5C18F3F, (t:2, i:22), METADATAENTRY(c:21)]
2023-12-13 18:50:40,563 [s0@group-54689077FB2A-SegmentedRaftLogWorker] INFO  segmented.SegmentedRaftLogWorker (SegmentedRaftLogWorker.java:execute(634)) - s0@group-54689077FB2A-SegmentedRaftLogWorker: created new log segment /home/runner/work/ratis/ratis/ratis-test/target/test/data/b8de9602/MiniRaftClusterWithGrpcbc2420e5/s0/82990ede-4710-4729-82e4-54689077fb2a/current/log_inprogress_1
2023-12-13 18:50:40,564 [s0-server-thread3] DEBUG server.RaftServer$Division (RaftServerImpl.java:logAppendEntries(1504)) - s0@group-54689077FB2A: succeeded to handle AppendEntries. Reply: s2<-s0#1:OK-t2,SUCCESS,nextIndex=2,followerCommit=0,matchIndex=1
2023-12-13 18:50:40,564 [s0-server-thread4] DEBUG server.RaftServer$Division (RaftServerImpl.java:logAppendEntries(1504)) - s0@group-54689077FB2A: succeeded to handle AppendEntries. Reply: s2<-s0#33:OK-t2,SUCCESS,nextIndex=23,followerCommit=22,matchIndex=22
2023-12-13 18:50:40,564 [s0@group-54689077FB2A-StateMachineUpdater] TRACE util.FileUtils (LogUtils.java:supplyAndLog(69)) - Successfully supplied FileChannel.open /home/runner/work/ratis/ratis/ratis-test/target/test/data/b8de9602/MiniRaftClusterWithGrpcbc2420e5/s0/82990ede-4710-4729-82e4-54689077fb2a/current/raft-meta.conf.tmp with options [CREATE, WRITE]: sun.nio.ch.FileChannelImpl@c109cf1
2023-12-13 18:50:40,565 [s0@group-54689077FB2A-StateMachineUpdater] TRACE util.FileUtils (LogUtils.java:runAndLog(49)) - Successfully ran Atomic Files.move /home/runner/work/ratis/ratis/ratis-test/target/test/data/b8de9602/MiniRaftClusterWithGrpcbc2420e5/s0/82990ede-4710-4729-82e4-54689077fb2a/current/raft-meta.conf.tmp to /home/runner/work/ratis/ratis/ratis-test/target/test/data/b8de9602/MiniRaftClusterWithGrpcbc2420e5/s0/82990ede-4710-4729-82e4-54689077fb2a/current/raft-meta.conf with options [REPLACE_EXISTING]
2023-12-13 18:50:41,344 [Time-limited test] INFO  server.RaftServerConfigKeys (ConfUtils.java:logGet(46)) - raft.server.rpc.timeout.max = 2000ms (custom)
2023-12-13 18:50:41,344 [Time-limited test] INFO  ratis.RaftTestUtil (RaftTestUtil.java:waitForLeader(100)) - printing group-54689077FB2A
  s0:  RUNNING  FOLLOWER s0@group-54689077FB2A:t2, leader=s2, voted=null, raftlog=Memoized:s0@group-54689077FB2A-SegmentedRaftLog:OPENED:c22, conf=1: peers:[s0|0.0.0.0:46607, s1|0.0.0.0:41525, s2|0.0.0.0:45147]|listeners:[], old=null RUNNING
  s1:  RUNNING  FOLLOWER s1@group-54689077FB2A:t2, leader=s2, voted=s2, raftlog=Memoized:s1@group-54689077FB2A-SegmentedRaftLog:OPENED:c22, conf=1: peers:[s0|0.0.0.0:46607, s1|0.0.0.0:41525, s2|0.0.0.0:45147]|listeners:[], old=null RUNNING
  s2:  RUNNING    LEADER s2@group-54689077FB2A:t2, leader=s2, voted=s2, raftlog=Memoized:s2@group-54689077FB2A-SegmentedRaftLog:OPENED:c22, conf=1: peers:[s0|0.0.0.0:46607, s1|0.0.0.0:41525, s2|0.0.0.0:45147]|listeners:[], old=null RUNNING
2023-12-13 18:50:41,344 [Time-limited test] INFO  ratis.RaftTestUtil (RaftTestUtil.java:waitForLeader(124)) - printing group-54689077FB2A
  s0:  RUNNING  FOLLOWER s0@group-54689077FB2A:t2, leader=s2, voted=null, raftlog=Memoized:s0@group-54689077FB2A-SegmentedRaftLog:OPENED:c22, conf=1: peers:[s0|0.0.0.0:46607, s1|0.0.0.0:41525, s2|0.0.0.0:45147]|listeners:[], old=null RUNNING
  s1:  RUNNING  FOLLOWER s1@group-54689077FB2A:t2, leader=s2, voted=s2, raftlog=Memoized:s1@group-54689077FB2A-SegmentedRaftLog:OPENED:c22, conf=1: peers:[s0|0.0.0.0:46607, s1|0.0.0.0:41525, s2|0.0.0.0:45147]|listeners:[], old=null RUNNING
  s2:  RUNNING    LEADER s2@group-54689077FB2A:t2, leader=s2, voted=s2, raftlog=Memoized:s2@group-54689077FB2A-SegmentedRaftLog:OPENED:c22, conf=1: peers:[s0|0.0.0.0:46607, s1|0.0.0.0:41525, s2|0.0.0.0:45147]|listeners:[], old=null RUNNING
2023-12-13 18:50:41,344 [Time-limited test] WARN  impl.GroupManagementBaseTest (JavaUtils.java:attempt(231)) - FAILED "testMultiGroupWithPriority", attempt #2/10: java.lang.AssertionError, sleep 1s and then retry.
java.lang.AssertionError
	at org.junit.Assert.fail(Assert.java:87)
	at org.junit.Assert.assertTrue(Assert.java:42)
	at org.junit.Assert.assertTrue(Assert.java:53)
	at org.apache.ratis.server.impl.GroupManagementBaseTest.lambda$testGroupWithPriority$3(GroupManagementBaseTest.java:151)
	at org.apache.ratis.util.function.CheckedRunnable.lambda$asCheckedSupplier$0(CheckedRunnable.java:32)
	at org.apache.ratis.util.JavaUtils.lambda$attempt$7(JavaUtils.java:212)
	at org.apache.ratis.util.JavaUtils.attempt(JavaUtils.java:225)
	at org.apache.ratis.util.JavaUtils.attempt(JavaUtils.java:212)
	at org.apache.ratis.util.JavaUtils.attemptRepeatedly(JavaUtils.java:204)
	at org.apache.ratis.util.JavaUtils.attempt(JavaUtils.java:245)
	at org.apache.ratis.server.impl.GroupManagementBaseTest.testGroupWithPriority(GroupManagementBaseTest.java:149)
	at java.base/jdk.internal.reflect.NativeMethodAccessorImpl.invoke0(Native Method)
	at java.base/jdk.internal.reflect.NativeMethodAccessorImpl.invoke(NativeMethodAccessorImpl.java:62)
	at java.base/jdk.internal.reflect.DelegatingMethodAccessorImpl.invoke(DelegatingMethodAccessorImpl.java:43)
	at java.base/java.lang.reflect.Method.invoke(Method.java:566)
	at org.junit.runners.model.FrameworkMethod$1.runReflectiveCall(FrameworkMethod.java:59)
	at org.junit.internal.runners.model.ReflectiveCallable.run(ReflectiveCallable.java:12)
	at org.junit.runners.model.FrameworkMethod.invokeExplosively(FrameworkMethod.java:56)
	at org.junit.internal.runners.statements.InvokeMethod.evaluate(InvokeMethod.java:17)
	at org.junit.internal.runners.statements.RunAfters.evaluate(RunAfters.java:27)
	at org.junit.internal.runners.statements.FailOnTimeout$CallableStatement.call(FailOnTimeout.java:299)
	at org.junit.internal.runners.statements.FailOnTimeout$CallableStatement.call(FailOnTimeout.java:293)
	at java.base/java.util.concurrent.FutureTask.run(FutureTask.java:264)
	at java.base/java.lang.Thread.run(Thread.java:829)
2023-12-13 18:50:42,344 [Time-limited test] INFO  server.RaftServerConfigKeys (ConfUtils.java:logGet(46)) - raft.server.rpc.timeout.max = 2000ms (custom)
2023-12-13 18:50:42,345 [Time-limited test] INFO  ratis.RaftTestUtil (RaftTestUtil.java:waitForLeader(100)) - printing group-54689077FB2A
  s0:  RUNNING  FOLLOWER s0@group-54689077FB2A:t2, leader=s2, voted=null, raftlog=Memoized:s0@group-54689077FB2A-SegmentedRaftLog:OPENED:c22, conf=1: peers:[s0|0.0.0.0:46607, s1|0.0.0.0:41525, s2|0.0.0.0:45147]|listeners:[], old=null RUNNING
  s1:  RUNNING  FOLLOWER s1@group-54689077FB2A:t2, leader=s2, voted=s2, raftlog=Memoized:s1@group-54689077FB2A-SegmentedRaftLog:OPENED:c22, conf=1: peers:[s0|0.0.0.0:46607, s1|0.0.0.0:41525, s2|0.0.0.0:45147]|listeners:[], old=null RUNNING
  s2:  RUNNING    LEADER s2@group-54689077FB2A:t2, leader=s2, voted=s2, raftlog=Memoized:s2@group-54689077FB2A-SegmentedRaftLog:OPENED:c22, conf=1: peers:[s0|0.0.0.0:46607, s1|0.0.0.0:41525, s2|0.0.0.0:45147]|listeners:[], old=null RUNNING
2023-12-13 18:50:42,345 [Time-limited test] INFO  ratis.RaftTestUtil (RaftTestUtil.java:waitForLeader(124)) - printing group-54689077FB2A
  s0:  RUNNING  FOLLOWER s0@group-54689077FB2A:t2, leader=s2, voted=null, raftlog=Memoized:s0@group-54689077FB2A-SegmentedRaftLog:OPENED:c22, conf=1: peers:[s0|0.0.0.0:46607, s1|0.0.0.0:41525, s2|0.0.0.0:45147]|listeners:[], old=null RUNNING
  s1:  RUNNING  FOLLOWER s1@group-54689077FB2A:t2, leader=s2, voted=s2, raftlog=Memoized:s1@group-54689077FB2A-SegmentedRaftLog:OPENED:c22, conf=1: peers:[s0|0.0.0.0:46607, s1|0.0.0.0:41525, s2|0.0.0.0:45147]|listeners:[], old=null RUNNING
  s2:  RUNNING    LEADER s2@group-54689077FB2A:t2, leader=s2, voted=s2, raftlog=Memoized:s2@group-54689077FB2A-SegmentedRaftLog:OPENED:c22, conf=1: peers:[s0|0.0.0.0:46607, s1|0.0.0.0:41525, s2|0.0.0.0:45147]|listeners:[], old=null RUNNING
2023-12-13 18:50:42,345 [Time-limited test] WARN  impl.GroupManagementBaseTest (JavaUtils.java:attempt(231)) - FAILED "testMultiGroupWithPriority", attempt #3/10: java.lang.AssertionError, sleep 1s and then retry.
java.lang.AssertionError
	at org.junit.Assert.fail(Assert.java:87)
	at org.junit.Assert.assertTrue(Assert.java:42)
	at org.junit.Assert.assertTrue(Assert.java:53)
	at org.apache.ratis.server.impl.GroupManagementBaseTest.lambda$testGroupWithPriority$3(GroupManagementBaseTest.java:151)
	at org.apache.ratis.util.function.CheckedRunnable.lambda$asCheckedSupplier$0(CheckedRunnable.java:32)
	at org.apache.ratis.util.JavaUtils.lambda$attempt$7(JavaUtils.java:212)
	at org.apache.ratis.util.JavaUtils.attempt(JavaUtils.java:225)
	at org.apache.ratis.util.JavaUtils.attempt(JavaUtils.java:212)
	at org.apache.ratis.util.JavaUtils.attemptRepeatedly(JavaUtils.java:204)
	at org.apache.ratis.util.JavaUtils.attempt(JavaUtils.java:245)
	at org.apache.ratis.server.impl.GroupManagementBaseTest.testGroupWithPriority(GroupManagementBaseTest.java:149)
	at java.base/jdk.internal.reflect.NativeMethodAccessorImpl.invoke0(Native Method)
	at java.base/jdk.internal.reflect.NativeMethodAccessorImpl.invoke(NativeMethodAccessorImpl.java:62)
	at java.base/jdk.internal.reflect.DelegatingMethodAccessorImpl.invoke(DelegatingMethodAccessorImpl.java:43)
	at java.base/java.lang.reflect.Method.invoke(Method.java:566)
	at org.junit.runners.model.FrameworkMethod$1.runReflectiveCall(FrameworkMethod.java:59)
	at org.junit.internal.runners.model.ReflectiveCallable.run(ReflectiveCallable.java:12)
	at org.junit.runners.model.FrameworkMethod.invokeExplosively(FrameworkMethod.java:56)
	at org.junit.internal.runners.statements.InvokeMethod.evaluate(InvokeMethod.java:17)
	at org.junit.internal.runners.statements.RunAfters.evaluate(RunAfters.java:27)
	at org.junit.internal.runners.statements.FailOnTimeout$CallableStatement.call(FailOnTimeout.java:299)
	at org.junit.internal.runners.statements.FailOnTimeout$CallableStatement.call(FailOnTimeout.java:293)
	at java.base/java.util.concurrent.FutureTask.run(FutureTask.java:264)
	at java.base/java.lang.Thread.run(Thread.java:829)
2023-12-13 18:50:42,566 [s2@group-54689077FB2A-LeaderStateImpl] INFO  impl.TransferLeadership (TransferLeadership.java:tryTransferLeadership(258)) - s2@group-54689077FB2A: start transferring leadership to s0
2023-12-13 18:50:42,566 [s2@group-54689077FB2A-LeaderStateImpl] INFO  impl.TransferLeadership (TransferLeadership.java:sendStartLeaderElection(210)) - s2@group-54689077FB2A: sendStartLeaderElection to follower s0, lastEntry=(t:2, i:22)
2023-12-13 18:50:42,567 [s2@group-54689077FB2A-LeaderStateImpl] INFO  impl.TransferLeadership (TransferLeadership.java:tryTransferLeadership(266)) - s2@group-54689077FB2A: SUCCESS sent StartLeaderElection to transferee s0 immediately as it already has up-to-date log
2023-12-13 18:50:42,569 [grpc-default-executor-7] DEBUG server.RaftServer$Division (RaftServerImpl.java:startLeaderElection(1744)) - s0@group-54689077FB2A: receive startLeaderElection from:s2, leaderLastEntry:term: 2
index: 22
,
2023-12-13 18:50:42,569 [grpc-default-executor-7] INFO  impl.RoleInfo (RoleInfo.java:shutdownFollowerState(110)) - s0: shutdown s0@group-54689077FB2A-FollowerState
2023-12-13 18:50:42,569 [grpc-default-executor-7] INFO  server.RaftServer$Division (RaftServerImpl.java:setRole(379)) - s0@group-54689077FB2A: changes role from  FOLLOWER to CANDIDATE at term 2 for changeToCandidate
2023-12-13 18:50:42,569 [s0@group-54689077FB2A-FollowerState] INFO  impl.FollowerState (FollowerState.java:run(152)) - s0@group-54689077FB2A-FollowerState was interrupted
2023-12-13 18:50:42,569 [grpc-default-executor-7] INFO  server.RaftServer$Division (ServerState.java:setLeader(265)) - s0@group-54689077FB2A: change Leader from s2 to null at term 2 for ELECTION
2023-12-13 18:50:42,569 [grpc-default-executor-7] TRACE util.FileUtils (LogUtils.java:supplyAndLog(69)) - Successfully supplied FileChannel.open /home/runner/work/ratis/ratis/ratis-test/target/test/data/b8de9602/MiniRaftClusterWithGrpcbc2420e5/s0/82990ede-4710-4729-82e4-54689077fb2a/current/raft-meta.tmp with options [CREATE, WRITE]: sun.nio.ch.FileChannelImpl@4cbcf0f
2023-12-13 18:50:42,570 [grpc-default-executor-7] TRACE util.FileUtils (LogUtils.java:runAndLog(49)) - Successfully ran Atomic Files.move /home/runner/work/ratis/ratis/ratis-test/target/test/data/b8de9602/MiniRaftClusterWithGrpcbc2420e5/s0/82990ede-4710-4729-82e4-54689077fb2a/current/raft-meta.tmp to /home/runner/work/ratis/ratis/ratis-test/target/test/data/b8de9602/MiniRaftClusterWithGrpcbc2420e5/s0/82990ede-4710-4729-82e4-54689077fb2a/current/raft-meta with options [REPLACE_EXISTING]
2023-12-13 18:50:42,570 [grpc-default-executor-7] INFO  impl.RoleInfo (RoleInfo.java:updateAndGet(139)) - s0: start s0@group-54689077FB2A-LeaderElection12
2023-12-13 18:50:42,571 [s0@group-54689077FB2A-LeaderElection12] INFO  impl.LeaderElection (LeaderElection.java:askForVotes(321)) - s0@group-54689077FB2A-LeaderElection12 ELECTION round 0: submit vote requests at term 3 for 1: peers:[s0|0.0.0.0:46607, s1|0.0.0.0:41525, s2|0.0.0.0:45147]|listeners:[], old=null
2023-12-13 18:50:42,571 [s2-server-thread1] INFO  impl.TransferLeadership (TransferLeadership.java:lambda$sendStartLeaderElection$2(224)) - s2@group-54689077FB2A: Received startLeaderElection reply from s0: success? true
2023-12-13 18:50:42,572 [grpc-default-executor-7] INFO  server.RaftServer$Division (RaftServerImpl.java:requestVote(1377)) - s1@group-54689077FB2A: receive requestVote(ELECTION, s0, group-54689077FB2A, 3, (t:2, i:22))
2023-12-13 18:50:42,572 [grpc-default-executor-11] INFO  server.RaftServer$Division (RaftServerImpl.java:requestVote(1377)) - s2@group-54689077FB2A: receive requestVote(ELECTION, s0, group-54689077FB2A, 3, (t:2, i:22))
2023-12-13 18:50:42,572 [grpc-default-executor-7] INFO  impl.VoteContext (VoteContext.java:log(49)) - s1@group-54689077FB2A-FOLLOWER: accept ELECTION from s0: our priority 1 <= candidate's priority 2
2023-12-13 18:50:42,572 [grpc-default-executor-11] INFO  impl.VoteContext (VoteContext.java:log(49)) - s2@group-54689077FB2A-LEADER: accept ELECTION from s0: our priority 1 <= candidate's priority 2
2023-12-13 18:50:42,572 [grpc-default-executor-7] INFO  server.RaftServer$Division (ServerState.java:setLeader(265)) - s1@group-54689077FB2A: change Leader from s2 to null at term 3 for updateCurrentTerm
2023-12-13 18:50:42,572 [grpc-default-executor-11] INFO  server.RaftServer$Division (ServerState.java:setLeader(265)) - s2@group-54689077FB2A: change Leader from s2 to null at term 3 for updateCurrentTerm
2023-12-13 18:50:42,572 [grpc-default-executor-7] INFO  server.RaftServer$Division (RaftServerImpl.java:setRole(379)) - s1@group-54689077FB2A: changes role from  FOLLOWER to FOLLOWER at term 3 for candidate:s0
2023-12-13 18:50:42,572 [grpc-default-executor-11] INFO  server.RaftServer$Division (RaftServerImpl.java:setRole(379)) - s2@group-54689077FB2A: changes role from    LEADER to FOLLOWER at term 3 for candidate:s0
2023-12-13 18:50:42,572 [grpc-default-executor-7] INFO  impl.RoleInfo (RoleInfo.java:shutdownFollowerState(110)) - s1: shutdown s1@group-54689077FB2A-FollowerState
2023-12-13 18:50:42,572 [grpc-default-executor-11] INFO  impl.RoleInfo (RoleInfo.java:shutdownLeaderState(94)) - s2: shutdown s2@group-54689077FB2A-LeaderStateImpl
2023-12-13 18:50:42,572 [grpc-default-executor-7] INFO  impl.RoleInfo (RoleInfo.java:updateAndGet(139)) - s1: start s1@group-54689077FB2A-FollowerState
2023-12-13 18:50:42,572 [s1@group-54689077FB2A-FollowerState] INFO  impl.FollowerState (FollowerState.java:run(152)) - s1@group-54689077FB2A-FollowerState was interrupted
2023-12-13 18:50:42,572 [s2@group-54689077FB2A->s0-GrpcLogAppender-LogAppenderDaemon] WARN  server.GrpcLogAppender (GrpcLogAppender.java:mayWait(279)) - s2@group-54689077FB2A->s0-GrpcLogAppender: Wait interrupted by java.lang.InterruptedException
2023-12-13 18:50:42,572 [grpc-default-executor-7] TRACE util.FileUtils (LogUtils.java:supplyAndLog(69)) - Successfully supplied FileChannel.open /home/runner/work/ratis/ratis/ratis-test/target/test/data/b8de9602/MiniRaftClusterWithGrpcbc2420e5/s1/82990ede-4710-4729-82e4-54689077fb2a/current/raft-meta.tmp with options [CREATE, WRITE]: sun.nio.ch.FileChannelImpl@58826cb4
2023-12-13 18:50:42,573 [s2@group-54689077FB2A->s1-GrpcLogAppender-LogAppenderDaemon] WARN  server.GrpcLogAppender (GrpcLogAppender.java:mayWait(279)) - s2@group-54689077FB2A->s1-GrpcLogAppender: Wait interrupted by java.lang.InterruptedException
2023-12-13 18:50:42,573 [grpc-default-executor-11] INFO  impl.PendingRequests (PendingRequests.java:sendNotLeaderResponses(289)) - s2@group-54689077FB2A-PendingRequests: sendNotLeaderResponses
2023-12-13 18:50:42,573 [grpc-default-executor-0] INFO  server.GrpcServerProtocolService (GrpcServerProtocolService.java:onCompleted(157)) - s0: Completed APPEND_ENTRIES, lastRequest: null
2023-12-13 18:50:42,573 [grpc-default-executor-10] INFO  server.GrpcServerProtocolService (GrpcServerProtocolService.java:onCompleted(157)) - s1: Completed APPEND_ENTRIES, lastRequest: s2->s1#35-t2,previous=(t:2, i:21),leaderCommit=21,initializing? false,entries: size=1, first=(t:2, i:22), METADATAENTRY(c:21)
2023-12-13 18:50:42,573 [grpc-default-executor-10] INFO  server.GrpcServerProtocolService (GrpcServerProtocolService.java:lambda$onCompleted$5(159)) - s1: Completed APPEND_ENTRIES, lastReply: null
2023-12-13 18:50:42,573 [grpc-default-executor-4] INFO  server.GrpcServerProtocolService (GrpcServerProtocolService.java:onCompleted(157)) - s0: Completed APPEND_ENTRIES, lastRequest: s2->s0#33-t2,previous=(t:2, i:1),leaderCommit=22,initializing? false,entries: size=21, first=(t:2, i:2), METADATAENTRY(c:1)
2023-12-13 18:50:42,573 [grpc-default-executor-4] INFO  server.GrpcServerProtocolService (GrpcServerProtocolService.java:lambda$onCompleted$5(159)) - s0: Completed APPEND_ENTRIES, lastReply: null
2023-12-13 18:50:42,573 [grpc-default-executor-0] INFO  server.GrpcServerProtocolService (GrpcServerProtocolService.java:lambda$onCompleted$5(159)) - s0: Completed APPEND_ENTRIES, lastReply: serverReply {
  requestorId: "s2"
  replyId: "s0"
  raftGroupId {
    id: "\202\231\016\336G\020G)\202\344Th\220w\373*"
  }
  callId: 65
  success: true
}
term: 2
nextIndex: 23
followerCommit: 22
matchIndex: 18446744073709551615
isHearbeat: true

2023-12-13 18:50:42,573 [grpc-default-executor-0] INFO  server.GrpcServerProtocolService (GrpcServerProtocolService.java:onCompleted(157)) - s1: Completed APPEND_ENTRIES, lastRequest: null
2023-12-13 18:50:42,573 [grpc-default-executor-10] INFO  server.GrpcLogAppender (GrpcLogAppender.java:onCompleted(534)) - s2@group-54689077FB2A->s1-AppendLogResponseHandler: follower responses appendEntries COMPLETED
2023-12-13 18:50:42,573 [grpc-default-executor-13] INFO  server.GrpcLogAppender (GrpcLogAppender.java:onCompleted(534)) - s2@group-54689077FB2A->s0-AppendLogResponseHandler: follower responses appendEntries COMPLETED
2023-12-13 18:50:42,574 [grpc-default-executor-4] INFO  server.GrpcLogAppender (GrpcLogAppender.java:onCompleted(534)) - s2@group-54689077FB2A->s0-AppendLogResponseHandler: follower responses appendEntries COMPLETED
2023-12-13 18:50:42,574 [grpc-default-executor-7] TRACE util.FileUtils (LogUtils.java:runAndLog(49)) - Successfully ran Atomic Files.move /home/runner/work/ratis/ratis/ratis-test/target/test/data/b8de9602/MiniRaftClusterWithGrpcbc2420e5/s1/82990ede-4710-4729-82e4-54689077fb2a/current/raft-meta.tmp to /home/runner/work/ratis/ratis/ratis-test/target/test/data/b8de9602/MiniRaftClusterWithGrpcbc2420e5/s1/82990ede-4710-4729-82e4-54689077fb2a/current/raft-meta with options [REPLACE_EXISTING]
2023-12-13 18:50:42,574 [grpc-default-executor-0] INFO  server.GrpcServerProtocolService (GrpcServerProtocolService.java:lambda$onCompleted$5(159)) - s1: Completed APPEND_ENTRIES, lastReply: serverReply {
  requestorId: "s2"
  replyId: "s1"
  raftGroupId {
    id: "\202\231\016\336G\020G)\202\344Th\220w\373*"
  }
  callId: 40
  success: true
}
term: 2
nextIndex: 23
followerCommit: 22
matchIndex: 18446744073709551615
isHearbeat: true

2023-12-13 18:50:42,574 [grpc-default-executor-7] INFO  server.RaftServer$Division (RaftServerImpl.java:requestVote(1410)) - s1@group-54689077FB2A replies to ELECTION vote request: s0<-s1#0:OK-t3. Peer's state: s1@group-54689077FB2A:t3, leader=null, voted=s0, raftlog=Memoized:s1@group-54689077FB2A-SegmentedRaftLog:OPENED:c22, conf=1: peers:[s0|0.0.0.0:46607, s1|0.0.0.0:41525, s2|0.0.0.0:45147]|listeners:[], old=null
2023-12-13 18:50:42,574 [grpc-default-executor-11] INFO  impl.RoleInfo (RoleInfo.java:updateAndGet(139)) - s2: start s2@group-54689077FB2A-FollowerState
2023-12-13 18:50:42,575 [grpc-default-executor-7] INFO  server.GrpcLogAppender (GrpcLogAppender.java:onCompleted(534)) - s2@group-54689077FB2A->s1-AppendLogResponseHandler: follower responses appendEntries COMPLETED
2023-12-13 18:50:42,575 [grpc-default-executor-11] TRACE util.FileUtils (LogUtils.java:supplyAndLog(69)) - Successfully supplied FileChannel.open /home/runner/work/ratis/ratis/ratis-test/target/test/data/b8de9602/MiniRaftClusterWithGrpcbc2420e5/s2/82990ede-4710-4729-82e4-54689077fb2a/current/raft-meta.tmp with options [CREATE, WRITE]: sun.nio.ch.FileChannelImpl@21beffe5
2023-12-13 18:50:42,575 [s0@group-54689077FB2A-LeaderElection12] INFO  impl.LeaderElection (LeaderElection.java:logAndReturn(89)) - s0@group-54689077FB2A-LeaderElection12: ELECTION PASSED received 1 response(s) and 0 exception(s):
2023-12-13 18:50:42,575 [s0@group-54689077FB2A-LeaderElection12] INFO  impl.LeaderElection (LeaderElection.java:logAndReturn(93)) -   Response 0: s0<-s1#0:OK-t3
2023-12-13 18:50:42,575 [s0@group-54689077FB2A-LeaderElection12] INFO  impl.LeaderElection (LeaderElection.java:askForVotes(323)) - s0@group-54689077FB2A-LeaderElection12 ELECTION round 0: result PASSED
2023-12-13 18:50:42,575 [s0@group-54689077FB2A-LeaderElection12] INFO  impl.RoleInfo (RoleInfo.java:shutdownLeaderElection(130)) - s0: shutdown s0@group-54689077FB2A-LeaderElection12
2023-12-13 18:50:42,575 [s0@group-54689077FB2A-LeaderElection12] INFO  server.RaftServer$Division (RaftServerImpl.java:setRole(379)) - s0@group-54689077FB2A: changes role from CANDIDATE to LEADER at term 3 for changeToLeader
2023-12-13 18:50:42,575 [s0@group-54689077FB2A-LeaderElection12] INFO  server.RaftServerConfigKeys (ConfUtils.java:logGet(46)) - raft.server.staging.catchup.gap = 1000 (default)
2023-12-13 18:50:42,575 [s0@group-54689077FB2A-LeaderElection12] INFO  server.RaftServerConfigKeys (ConfUtils.java:logGet(46)) - raft.server.write.element-limit = 4096 (default)
2023-12-13 18:50:42,575 [s0@group-54689077FB2A-LeaderElection12] INFO  server.RaftServerConfigKeys (ConfUtils.java:logGet(46)) - raft.server.write.byte-limit = 64MB (=67108864) (default)
2023-12-13 18:50:42,575 [s0@group-54689077FB2A-LeaderElection12] INFO  server.RaftServerConfigKeys (ConfUtils.java:logGet(46)) - raft.server.watch.timeout = 10s (default)
2023-12-13 18:50:42,575 [s0@group-54689077FB2A-LeaderElection12] INFO  server.RaftServerConfigKeys (ConfUtils.java:logGet(46)) - raft.server.watch.timeout.denomination = 1s (default)
2023-12-13 18:50:42,575 [s0@group-54689077FB2A-LeaderElection12] INFO  server.RaftServerConfigKeys (ConfUtils.java:logGet(46)) - raft.server.watch.element-limit = 65536 (default)
2023-12-13 18:50:42,575 [s0@group-54689077FB2A-LeaderElection12] INFO  server.RaftServerConfigKeys (ConfUtils.java:logGet(46)) - raft.server.read.leader.lease.enabled = false (default)
2023-12-13 18:50:42,575 [s0@group-54689077FB2A-LeaderElection12] INFO  server.RaftServerConfigKeys (ConfUtils.java:logGet(46)) - raft.server.read.leader.lease.timeout.ratio = 0.9 (default)
2023-12-13 18:50:42,575 [s0@group-54689077FB2A-LeaderElection12] INFO  server.RaftServerConfigKeys (ConfUtils.java:logGet(46)) - raft.server.rpc.timeout.min = 1500ms (custom)
2023-12-13 18:50:42,575 [s0@group-54689077FB2A-LeaderElection12] INFO  server.RaftServerConfigKeys (ConfUtils.java:logGet(46)) - raft.server.write.element-limit = 4096 (default)
2023-12-13 18:50:42,576 [s0@group-54689077FB2A-LeaderElection12] INFO  server.RaftServerConfigKeys (ConfUtils.java:logGet(46)) - raft.server.write.follower.gap.ratio.max = -1.0 (default)
2023-12-13 18:50:42,576 [grpc-default-executor-11] TRACE util.FileUtils (LogUtils.java:runAndLog(49)) - Successfully ran Atomic Files.move /home/runner/work/ratis/ratis/ratis-test/target/test/data/b8de9602/MiniRaftClusterWithGrpcbc2420e5/s2/82990ede-4710-4729-82e4-54689077fb2a/current/raft-meta.tmp to /home/runner/work/ratis/ratis/ratis-test/target/test/data/b8de9602/MiniRaftClusterWithGrpcbc2420e5/s2/82990ede-4710-4729-82e4-54689077fb2a/current/raft-meta with options [REPLACE_EXISTING]
2023-12-13 18:50:42,576 [grpc-default-executor-11] INFO  server.RaftServer$Division (RaftServerImpl.java:requestVote(1410)) - s2@group-54689077FB2A replies to ELECTION vote request: s0<-s2#0:OK-t3. Peer's state: s2@group-54689077FB2A:t3, leader=null, voted=s0, raftlog=Memoized:s2@group-54689077FB2A-SegmentedRaftLog:OPENED:c22, conf=1: peers:[s0|0.0.0.0:46607, s1|0.0.0.0:41525, s2|0.0.0.0:45147]|listeners:[], old=null
2023-12-13 18:50:42,576 [s0@group-54689077FB2A-LeaderElection12] INFO  server.RaftServerConfigKeys (ConfUtils.java:logGet(46)) - raft.server.log.appender.snapshot.chunk.size.max = 16MB (=16777216) (default)
2023-12-13 18:50:42,576 [s0@group-54689077FB2A-LeaderElection12] INFO  server.RaftServerConfigKeys (ConfUtils.java:logGet(46)) - raft.server.log.appender.buffer.byte-limit = 4MB (=4194304) (default)
2023-12-13 18:50:42,576 [s0@group-54689077FB2A-LeaderElection12] INFO  server.RaftServerConfigKeys (ConfUtils.java:logGet(46)) - raft.server.log.appender.buffer.element-limit = 0 (default)
2023-12-13 18:50:42,576 [s0@group-54689077FB2A-LeaderElection12] INFO  server.RaftServerConfigKeys (ConfUtils.java:logGet(46)) - raft.server.log.appender.wait-time.min = 1ms (default)
2023-12-13 18:50:42,576 [s0@group-54689077FB2A-LeaderElection12] INFO  grpc.GrpcConfigKeys (ConfUtils.java:logGet(46)) - raft.grpc.server.leader.outstanding.appends.max = 8 (default)
2023-12-13 18:50:42,576 [s0@group-54689077FB2A-LeaderElection12] INFO  server.RaftServerConfigKeys (ConfUtils.java:logGet(46)) - raft.server.rpc.request.timeout = 3000ms (default)
2023-12-13 18:50:42,576 [s0@group-54689077FB2A-LeaderElection12] INFO  grpc.GrpcConfigKeys (ConfUtils.java:logGet(46)) - raft.grpc.server.install_snapshot.request.element-limit = 8 (default)
2023-12-13 18:50:42,576 [s0@group-54689077FB2A-LeaderElection12] INFO  grpc.GrpcConfigKeys (ConfUtils.java:logGet(46)) - raft.grpc.server.install_snapshot.request.timeout = 3000ms (default)
2023-12-13 18:50:42,576 [s0@group-54689077FB2A-LeaderElection12] INFO  server.RaftServerConfigKeys (ConfUtils.java:logGet(46)) - raft.server.log.appender.install.snapshot.enabled = true (default)
2023-12-13 18:50:42,576 [s0@group-54689077FB2A-LeaderElection12] INFO  grpc.GrpcConfigKeys (ConfUtils.java:logGet(46)) - raft.grpc.server.heartbeat.channel = true (default)
2023-12-13 18:50:42,576 [s0@group-54689077FB2A-LeaderElection12] INFO  server.RaftServerConfigKeys (ConfUtils.java:logGet(46)) - raft.server.log.appender.snapshot.chunk.size.max = 16MB (=16777216) (default)
2023-12-13 18:50:42,576 [s0@group-54689077FB2A-LeaderElection12] INFO  server.RaftServerConfigKeys (ConfUtils.java:logGet(46)) - raft.server.log.appender.buffer.byte-limit = 4MB (=4194304) (default)
2023-12-13 18:50:42,576 [s0@group-54689077FB2A-LeaderElection12] INFO  server.RaftServerConfigKeys (ConfUtils.java:logGet(46)) - raft.server.log.appender.buffer.element-limit = 0 (default)
2023-12-13 18:50:42,576 [s0@group-54689077FB2A-LeaderElection12] INFO  server.RaftServerConfigKeys (ConfUtils.java:logGet(46)) - raft.server.log.appender.wait-time.min = 1ms (default)
2023-12-13 18:50:42,576 [s0@group-54689077FB2A-LeaderElection12] INFO  grpc.GrpcConfigKeys (ConfUtils.java:logGet(46)) - raft.grpc.server.leader.outstanding.appends.max = 8 (default)
2023-12-13 18:50:42,576 [s0@group-54689077FB2A-LeaderElection12] INFO  server.RaftServerConfigKeys (ConfUtils.java:logGet(46)) - raft.server.rpc.request.timeout = 3000ms (default)
2023-12-13 18:50:42,576 [s0@group-54689077FB2A-LeaderElection12] INFO  grpc.GrpcConfigKeys (ConfUtils.java:logGet(46)) - raft.grpc.server.install_snapshot.request.element-limit = 8 (default)
2023-12-13 18:50:42,576 [s0@group-54689077FB2A-LeaderElection12] INFO  grpc.GrpcConfigKeys (ConfUtils.java:logGet(46)) - raft.grpc.server.install_snapshot.request.timeout = 3000ms (default)
2023-12-13 18:50:42,576 [s0@group-54689077FB2A-LeaderElection12] INFO  server.RaftServerConfigKeys (ConfUtils.java:logGet(46)) - raft.server.log.appender.install.snapshot.enabled = true (default)
2023-12-13 18:50:42,576 [s0@group-54689077FB2A-LeaderElection12] INFO  grpc.GrpcConfigKeys (ConfUtils.java:logGet(46)) - raft.grpc.server.heartbeat.channel = true (default)
2023-12-13 18:50:42,577 [s0@group-54689077FB2A-LeaderElection12] INFO  impl.RoleInfo (RoleInfo.java:updateAndGet(139)) - s0: start s0@group-54689077FB2A-LeaderStateImpl
2023-12-13 18:50:42,577 [s0@group-54689077FB2A-LeaderElection12] INFO  server.RaftServer$Division (ServerState.java:setLeader(265)) - s0@group-54689077FB2A: change Leader from null to s0 at term 3 for becomeLeader, leader elected after 7ms
2023-12-13 18:50:42,577 [s0@group-54689077FB2A-LeaderElection12] INFO  segmented.SegmentedRaftLogWorker (SegmentedRaftLogWorker.java:rollLogSegment(435)) - s0@group-54689077FB2A-SegmentedRaftLogWorker: Rolling segment log-1_22 to index:22
2023-12-13 18:50:42,577 [s0@group-54689077FB2A-LeaderElection12] INFO  server.RaftServer$Division (ServerState.java:setRaftConf(382)) - s0@group-54689077FB2A: set configuration 23: peers:[s0|0.0.0.0:46607, s1|0.0.0.0:41525, s2|0.0.0.0:45147]|listeners:[], old=null
2023-12-13 18:50:42,577 [s0@group-54689077FB2A-SegmentedRaftLogWorker] TRACE util.FileUtils (LogUtils.java:runAndLog(49)) - Successfully ran Atomic Files.move /home/runner/work/ratis/ratis/ratis-test/target/test/data/b8de9602/MiniRaftClusterWithGrpcbc2420e5/s0/82990ede-4710-4729-82e4-54689077fb2a/current/log_inprogress_1 to /home/runner/work/ratis/ratis/ratis-test/target/test/data/b8de9602/MiniRaftClusterWithGrpcbc2420e5/s0/82990ede-4710-4729-82e4-54689077fb2a/current/log_1-22
2023-12-13 18:50:42,577 [s0@group-54689077FB2A-SegmentedRaftLogWorker] INFO  segmented.SegmentedRaftLogWorker (SegmentedRaftLogWorker.java:execute(591)) - s0@group-54689077FB2A-SegmentedRaftLogWorker: Rolled log segment from /home/runner/work/ratis/ratis/ratis-test/target/test/data/b8de9602/MiniRaftClusterWithGrpcbc2420e5/s0/82990ede-4710-4729-82e4-54689077fb2a/current/log_inprogress_1 to /home/runner/work/ratis/ratis/ratis-test/target/test/data/b8de9602/MiniRaftClusterWithGrpcbc2420e5/s0/82990ede-4710-4729-82e4-54689077fb2a/current/log_1-22
2023-12-13 18:50:42,578 [s0@group-54689077FB2A-SegmentedRaftLogWorker] INFO  segmented.BufferedWriteChannel (BufferedWriteChannel.java:open(62)) - open log_inprogress_23 at position 0
2023-12-13 18:50:42,579 [s1-server-thread1] INFO  server.RaftServer$Division (ServerState.java:setLeader(265)) - s1@group-54689077FB2A: change Leader from null to s0 at term 3 for appendEntries, leader elected after 6ms
2023-12-13 18:50:42,579 [s2-server-thread1] INFO  server.RaftServer$Division (ServerState.java:setLeader(265)) - s2@group-54689077FB2A: change Leader from null to s0 at term 3 for appendEntries, leader elected after 7ms
2023-12-13 18:50:42,584 [s2-server-thread2] DEBUG server.RaftServer$Division (RaftServerImpl.java:logAppendEntries(1504)) - s2@group-54689077FB2A: receive appendEntries(s0, 3, (t:2, i:22), 22, false, commits:[s0:c22, s1:c22, s2:c22], cId:1, entries: [(t:3, i:23), CONFIGURATIONENTRY(current:id: "s0"
address: "0.0.0.0:46607"
priority: 2
clientAddress: "0.0.0.0:46607"
adminAddress: "0.0.0.0:46607"
startupRole: FOLLOWER
,id: "s1"
address: "0.0.0.0:41525"
priority: 1
clientAddress: "0.0.0.0:41525"
adminAddress: "0.0.0.0:41525"
startupRole: FOLLOWER
,id: "s2"
address: "0.0.0.0:45147"
priority: 1
clientAddress: "0.0.0.0:45147"
adminAddress: "0.0.0.0:45147"
startupRole: FOLLOWER
, old:)]
2023-12-13 18:50:42,584 [s1-server-thread3] DEBUG server.RaftServer$Division (RaftServerImpl.java:logAppendEntries(1504)) - s1@group-54689077FB2A: receive appendEntries(s0, 3, (t:2, i:22), 22, false, commits:[s0:c22, s1:c22, s2:c22], cId:1, entries: [(t:3, i:23), CONFIGURATIONENTRY(current:id: "s0"
address: "0.0.0.0:46607"
priority: 2
clientAddress: "0.0.0.0:46607"
adminAddress: "0.0.0.0:46607"
startupRole: FOLLOWER
,id: "s1"
address: "0.0.0.0:41525"
priority: 1
clientAddress: "0.0.0.0:41525"
adminAddress: "0.0.0.0:41525"
startupRole: FOLLOWER
,id: "s2"
address: "0.0.0.0:45147"
priority: 1
clientAddress: "0.0.0.0:45147"
adminAddress: "0.0.0.0:45147"
startupRole: FOLLOWER
, old:)]
2023-12-13 18:50:42,585 [s2-server-thread2] INFO  server.RaftServer$Division (ServerState.java:setRaftConf(382)) - s2@group-54689077FB2A: set configuration 23: peers:[s0|0.0.0.0:46607, s1|0.0.0.0:41525, s2|0.0.0.0:45147]|listeners:[], old=null
2023-12-13 18:50:42,585 [s1-server-thread3] INFO  server.RaftServer$Division (ServerState.java:setRaftConf(382)) - s1@group-54689077FB2A: set configuration 23: peers:[s0|0.0.0.0:46607, s1|0.0.0.0:41525, s2|0.0.0.0:45147]|listeners:[], old=null
2023-12-13 18:50:42,585 [s2-server-thread2] INFO  segmented.SegmentedRaftLogWorker (SegmentedRaftLogWorker.java:rollLogSegment(435)) - s2@group-54689077FB2A-SegmentedRaftLogWorker: Rolling segment log-1_22 to index:22
2023-12-13 18:50:42,585 [s1-server-thread3] INFO  segmented.SegmentedRaftLogWorker (SegmentedRaftLogWorker.java:rollLogSegment(435)) - s1@group-54689077FB2A-SegmentedRaftLogWorker: Rolling segment log-1_22 to index:22
2023-12-13 18:50:42,586 [s2@group-54689077FB2A-SegmentedRaftLogWorker] TRACE util.FileUtils (LogUtils.java:runAndLog(49)) - Successfully ran Atomic Files.move /home/runner/work/ratis/ratis/ratis-test/target/test/data/b8de9602/MiniRaftClusterWithGrpcbc2420e5/s2/82990ede-4710-4729-82e4-54689077fb2a/current/log_inprogress_1 to /home/runner/work/ratis/ratis/ratis-test/target/test/data/b8de9602/MiniRaftClusterWithGrpcbc2420e5/s2/82990ede-4710-4729-82e4-54689077fb2a/current/log_1-22
2023-12-13 18:50:42,586 [s2@group-54689077FB2A-SegmentedRaftLogWorker] INFO  segmented.SegmentedRaftLogWorker (SegmentedRaftLogWorker.java:execute(591)) - s2@group-54689077FB2A-SegmentedRaftLogWorker: Rolled log segment from /home/runner/work/ratis/ratis/ratis-test/target/test/data/b8de9602/MiniRaftClusterWithGrpcbc2420e5/s2/82990ede-4710-4729-82e4-54689077fb2a/current/log_inprogress_1 to /home/runner/work/ratis/ratis/ratis-test/target/test/data/b8de9602/MiniRaftClusterWithGrpcbc2420e5/s2/82990ede-4710-4729-82e4-54689077fb2a/current/log_1-22
2023-12-13 18:50:42,586 [s1@group-54689077FB2A-SegmentedRaftLogWorker] TRACE util.FileUtils (LogUtils.java:runAndLog(49)) - Successfully ran Atomic Files.move /home/runner/work/ratis/ratis/ratis-test/target/test/data/b8de9602/MiniRaftClusterWithGrpcbc2420e5/s1/82990ede-4710-4729-82e4-54689077fb2a/current/log_inprogress_1 to /home/runner/work/ratis/ratis/ratis-test/target/test/data/b8de9602/MiniRaftClusterWithGrpcbc2420e5/s1/82990ede-4710-4729-82e4-54689077fb2a/current/log_1-22
2023-12-13 18:50:42,586 [s1@group-54689077FB2A-SegmentedRaftLogWorker] INFO  segmented.SegmentedRaftLogWorker (SegmentedRaftLogWorker.java:execute(591)) - s1@group-54689077FB2A-SegmentedRaftLogWorker: Rolled log segment from /home/runner/work/ratis/ratis/ratis-test/target/test/data/b8de9602/MiniRaftClusterWithGrpcbc2420e5/s1/82990ede-4710-4729-82e4-54689077fb2a/current/log_inprogress_1 to /home/runner/work/ratis/ratis/ratis-test/target/test/data/b8de9602/MiniRaftClusterWithGrpcbc2420e5/s1/82990ede-4710-4729-82e4-54689077fb2a/current/log_1-22
2023-12-13 18:50:42,586 [s2@group-54689077FB2A-SegmentedRaftLogWorker] INFO  segmented.BufferedWriteChannel (BufferedWriteChannel.java:open(62)) - open log_inprogress_23 at position 0
2023-12-13 18:50:42,586 [s1@group-54689077FB2A-SegmentedRaftLogWorker] INFO  segmented.BufferedWriteChannel (BufferedWriteChannel.java:open(62)) - open log_inprogress_23 at position 0
2023-12-13 18:50:42,588 [s0@group-54689077FB2A-SegmentedRaftLogWorker] INFO  segmented.SegmentedRaftLogWorker (SegmentedRaftLogWorker.java:execute(634)) - s0@group-54689077FB2A-SegmentedRaftLogWorker: created new log segment /home/runner/work/ratis/ratis/ratis-test/target/test/data/b8de9602/MiniRaftClusterWithGrpcbc2420e5/s0/82990ede-4710-4729-82e4-54689077fb2a/current/log_inprogress_23
2023-12-13 18:50:42,596 [s1@group-54689077FB2A-SegmentedRaftLogWorker] INFO  segmented.SegmentedRaftLogWorker (SegmentedRaftLogWorker.java:execute(634)) - s1@group-54689077FB2A-SegmentedRaftLogWorker: created new log segment /home/runner/work/ratis/ratis/ratis-test/target/test/data/b8de9602/MiniRaftClusterWithGrpcbc2420e5/s1/82990ede-4710-4729-82e4-54689077fb2a/current/log_inprogress_23
2023-12-13 18:50:42,596 [s1-server-thread3] DEBUG server.RaftServer$Division (RaftServerImpl.java:logAppendEntries(1504)) - s1@group-54689077FB2A: succeeded to handle AppendEntries. Reply: s0<-s1#1:OK-t3,SUCCESS,nextIndex=24,followerCommit=22,matchIndex=23
2023-12-13 18:50:42,596 [s2@group-54689077FB2A-SegmentedRaftLogWorker] INFO  segmented.SegmentedRaftLogWorker (SegmentedRaftLogWorker.java:execute(634)) - s2@group-54689077FB2A-SegmentedRaftLogWorker: created new log segment /home/runner/work/ratis/ratis/ratis-test/target/test/data/b8de9602/MiniRaftClusterWithGrpcbc2420e5/s2/82990ede-4710-4729-82e4-54689077fb2a/current/log_inprogress_23
2023-12-13 18:50:42,597 [s2-server-thread2] DEBUG server.RaftServer$Division (RaftServerImpl.java:logAppendEntries(1504)) - s2@group-54689077FB2A: succeeded to handle AppendEntries. Reply: s0<-s2#1:OK-t3,SUCCESS,nextIndex=24,followerCommit=22,matchIndex=23
2023-12-13 18:50:42,597 [s0@group-54689077FB2A-StateMachineUpdater] TRACE util.FileUtils (LogUtils.java:supplyAndLog(69)) - Successfully supplied FileChannel.open /home/runner/work/ratis/ratis/ratis-test/target/test/data/b8de9602/MiniRaftClusterWithGrpcbc2420e5/s0/82990ede-4710-4729-82e4-54689077fb2a/current/raft-meta.conf.tmp with options [CREATE, WRITE]: sun.nio.ch.FileChannelImpl@82f19ab
2023-12-13 18:50:42,598 [s1-server-thread3] DEBUG server.RaftServer$Division (RaftServerImpl.java:logAppendEntries(1504)) - s1@group-54689077FB2A: receive appendEntries(s0, 3, (t:3, i:23), 23, false, commits:[s0:c23, s1:c22, s2:c22], cId:2, entries: [(t:3, i:24), METADATAENTRY(c:23)]
2023-12-13 18:50:42,598 [s2-server-thread2] DEBUG server.RaftServer$Division (RaftServerImpl.java:logAppendEntries(1504)) - s2@group-54689077FB2A: receive appendEntries(s0, 3, (t:3, i:23), 23, false, commits:[s0:c23, s1:c22, s2:c22], cId:2, entries: [(t:3, i:24), METADATAENTRY(c:23)]
2023-12-13 18:50:42,598 [s0@group-54689077FB2A-StateMachineUpdater] TRACE util.FileUtils (LogUtils.java:runAndLog(49)) - Successfully ran Atomic Files.move /home/runner/work/ratis/ratis/ratis-test/target/test/data/b8de9602/MiniRaftClusterWithGrpcbc2420e5/s0/82990ede-4710-4729-82e4-54689077fb2a/current/raft-meta.conf.tmp to /home/runner/work/ratis/ratis/ratis-test/target/test/data/b8de9602/MiniRaftClusterWithGrpcbc2420e5/s0/82990ede-4710-4729-82e4-54689077fb2a/current/raft-meta.conf with options [REPLACE_EXISTING]
2023-12-13 18:50:42,598 [s0@group-54689077FB2A-StateMachineUpdater] INFO  server.RaftServer$Division (LeaderStateImpl.java:isApplied(320)) - leader is ready since appliedIndex == 23 >= startIndex == 23
2023-12-13 18:50:42,599 [s2-server-thread2] DEBUG server.RaftServer$Division (RaftServerImpl.java:logAppendEntries(1504)) - s2@group-54689077FB2A: succeeded to handle AppendEntries. Reply: s0<-s2#2:OK-t3,SUCCESS,nextIndex=25,followerCommit=23,matchIndex=24
2023-12-13 18:50:42,599 [s1-server-thread3] DEBUG server.RaftServer$Division (RaftServerImpl.java:logAppendEntries(1504)) - s1@group-54689077FB2A: succeeded to handle AppendEntries. Reply: s0<-s1#2:OK-t3,SUCCESS,nextIndex=25,followerCommit=23,matchIndex=24
2023-12-13 18:50:42,599 [s2@group-54689077FB2A-StateMachineUpdater] TRACE util.FileUtils (LogUtils.java:supplyAndLog(69)) - Successfully supplied FileChannel.open /home/runner/work/ratis/ratis/ratis-test/target/test/data/b8de9602/MiniRaftClusterWithGrpcbc2420e5/s2/82990ede-4710-4729-82e4-54689077fb2a/current/raft-meta.conf.tmp with options [CREATE, WRITE]: sun.nio.ch.FileChannelImpl@6a8733de
2023-12-13 18:50:42,599 [s1@group-54689077FB2A-StateMachineUpdater] TRACE util.FileUtils (LogUtils.java:supplyAndLog(69)) - Successfully supplied FileChannel.open /home/runner/work/ratis/ratis/ratis-test/target/test/data/b8de9602/MiniRaftClusterWithGrpcbc2420e5/s1/82990ede-4710-4729-82e4-54689077fb2a/current/raft-meta.conf.tmp with options [CREATE, WRITE]: sun.nio.ch.FileChannelImpl@6b0da157
2023-12-13 18:50:42,600 [s1@group-54689077FB2A-StateMachineUpdater] TRACE util.FileUtils (LogUtils.java:runAndLog(49)) - Successfully ran Atomic Files.move /home/runner/work/ratis/ratis/ratis-test/target/test/data/b8de9602/MiniRaftClusterWithGrpcbc2420e5/s1/82990ede-4710-4729-82e4-54689077fb2a/current/raft-meta.conf.tmp to /home/runner/work/ratis/ratis/ratis-test/target/test/data/b8de9602/MiniRaftClusterWithGrpcbc2420e5/s1/82990ede-4710-4729-82e4-54689077fb2a/current/raft-meta.conf with options [REPLACE_EXISTING]
2023-12-13 18:50:42,600 [s2@group-54689077FB2A-StateMachineUpdater] TRACE util.FileUtils (LogUtils.java:runAndLog(49)) - Successfully ran Atomic Files.move /home/runner/work/ratis/ratis/ratis-test/target/test/data/b8de9602/MiniRaftClusterWithGrpcbc2420e5/s2/82990ede-4710-4729-82e4-54689077fb2a/current/raft-meta.conf.tmp to /home/runner/work/ratis/ratis/ratis-test/target/test/data/b8de9602/MiniRaftClusterWithGrpcbc2420e5/s2/82990ede-4710-4729-82e4-54689077fb2a/current/raft-meta.conf with options [REPLACE_EXISTING]
2023-12-13 18:50:43,345 [Time-limited test] INFO  server.RaftServerConfigKeys (ConfUtils.java:logGet(46)) - raft.server.rpc.timeout.max = 2000ms (custom)
2023-12-13 18:50:43,345 [Time-limited test] INFO  ratis.RaftTestUtil (RaftTestUtil.java:waitForLeader(100)) - printing group-54689077FB2A
  s0:  RUNNING    LEADER s0@group-54689077FB2A:t3, leader=s0, voted=s0, raftlog=Memoized:s0@group-54689077FB2A-SegmentedRaftLog:OPENED:c24, conf=23: peers:[s0|0.0.0.0:46607, s1|0.0.0.0:41525, s2|0.0.0.0:45147]|listeners:[], old=null RUNNING
  s1:  RUNNING  FOLLOWER s1@group-54689077FB2A:t3, leader=s0, voted=s0, raftlog=Memoized:s1@group-54689077FB2A-SegmentedRaftLog:OPENED:c23, conf=23: peers:[s0|0.0.0.0:46607, s1|0.0.0.0:41525, s2|0.0.0.0:45147]|listeners:[], old=null RUNNING
  s2:  RUNNING  FOLLOWER s2@group-54689077FB2A:t3, leader=s0, voted=s0, raftlog=Memoized:s2@group-54689077FB2A-SegmentedRaftLog:OPENED:c23, conf=23: peers:[s0|0.0.0.0:46607, s1|0.0.0.0:41525, s2|0.0.0.0:45147]|listeners:[], old=null RUNNING
2023-12-13 18:50:43,345 [Time-limited test] INFO  ratis.RaftTestUtil (RaftTestUtil.java:waitForLeader(124)) - printing group-54689077FB2A
  s0:  RUNNING    LEADER s0@group-54689077FB2A:t3, leader=s0, voted=s0, raftlog=Memoized:s0@group-54689077FB2A-SegmentedRaftLog:OPENED:c24, conf=23: peers:[s0|0.0.0.0:46607, s1|0.0.0.0:41525, s2|0.0.0.0:45147]|listeners:[], old=null RUNNING
  s1:  RUNNING  FOLLOWER s1@group-54689077FB2A:t3, leader=s0, voted=s0, raftlog=Memoized:s1@group-54689077FB2A-SegmentedRaftLog:OPENED:c23, conf=23: peers:[s0|0.0.0.0:46607, s1|0.0.0.0:41525, s2|0.0.0.0:45147]|listeners:[], old=null RUNNING
  s2:  RUNNING  FOLLOWER s2@group-54689077FB2A:t3, leader=s0, voted=s0, raftlog=Memoized:s2@group-54689077FB2A-SegmentedRaftLog:OPENED:c23, conf=23: peers:[s0|0.0.0.0:46607, s1|0.0.0.0:41525, s2|0.0.0.0:45147]|listeners:[], old=null RUNNING
2023-12-13 18:50:43,346 [Time-limited test] DEBUG client.RaftClient (ConfUtils.java:logGet(46)) - raft.rpc.type = GRPC (default)
2023-12-13 18:50:43,349 [s2-server-thread2] INFO  server.RaftServer$Division (RaftServerImpl.java:setConfigurationAsync(1264)) - s2@group-54689077FB2A: receive setConfiguration SetConfigurationRequest:client-FB94B3A4B040->s2@group-54689077FB2A, cid=63, seq=null, RW, null, SET_UNCONDITIONALLY, servers:[s0|0.0.0.0:46607, s1|0.0.0.0:41525, s2|0.0.0.0:45147], listeners:[]
2023-12-13 18:50:43,349 [Time-limited test] DEBUG client.RaftClient (RaftClientImpl.java:handleIOException(419)) - client-FB94B3A4B040: suggested new leader: s0. Failed SetConfigurationRequest:client-FB94B3A4B040->s2@group-54689077FB2A, cid=63, seq=null, RW, null, SET_UNCONDITIONALLY, servers:[s0|0.0.0.0:46607, s1|0.0.0.0:41525, s2|0.0.0.0:45147], listeners:[] with {}
org.apache.ratis.protocol.exceptions.NotLeaderException: Server s2@group-54689077FB2A is not the leader s0|0.0.0.0:46607
	at org.apache.ratis.client.impl.ClientProtoUtils.toRaftClientReply(ClientProtoUtils.java:397)
	at org.apache.ratis.grpc.client.GrpcClientRpc.sendRequest(GrpcClientRpc.java:102)
	at org.apache.ratis.client.impl.BlockingImpl.sendRequest(BlockingImpl.java:145)
	at org.apache.ratis.client.impl.BlockingImpl.sendRequestWithRetry(BlockingImpl.java:109)
	at org.apache.ratis.client.impl.AdminImpl.setConfiguration(AdminImpl.java:46)
	at org.apache.ratis.client.api.AdminApi.setConfiguration(AdminApi.java:51)
	at org.apache.ratis.client.api.AdminApi.setConfiguration(AdminApi.java:45)
	at org.apache.ratis.server.impl.GroupManagementBaseTest.testGroupWithPriority(GroupManagementBaseTest.java:158)
	at java.base/jdk.internal.reflect.NativeMethodAccessorImpl.invoke0(Native Method)
	at java.base/jdk.internal.reflect.NativeMethodAccessorImpl.invoke(NativeMethodAccessorImpl.java:62)
	at java.base/jdk.internal.reflect.DelegatingMethodAccessorImpl.invoke(DelegatingMethodAccessorImpl.java:43)
	at java.base/java.lang.reflect.Method.invoke(Method.java:566)
	at org.junit.runners.model.FrameworkMethod$1.runReflectiveCall(FrameworkMethod.java:59)
	at org.junit.internal.runners.model.ReflectiveCallable.run(ReflectiveCallable.java:12)
	at org.junit.runners.model.FrameworkMethod.invokeExplosively(FrameworkMethod.java:56)
	at org.junit.internal.runners.statements.InvokeMethod.evaluate(InvokeMethod.java:17)
	at org.junit.internal.runners.statements.RunAfters.evaluate(RunAfters.java:27)
	at org.junit.internal.runners.statements.FailOnTimeout$CallableStatement.call(FailOnTimeout.java:299)
	at org.junit.internal.runners.statements.FailOnTimeout$CallableStatement.call(FailOnTimeout.java:293)
	at java.base/java.util.concurrent.FutureTask.run(FutureTask.java:264)
	at java.base/java.lang.Thread.run(Thread.java:829)
2023-12-13 18:50:43,350 [Time-limited test] DEBUG client.RaftClient (RaftClientImpl.java:handleIOException(438)) - client-FB94B3A4B040: oldLeader=s2,  curLeader=s2, newLeader=s0
2023-12-13 18:50:43,350 [Time-limited test] DEBUG client.RaftClient (RaftClientImpl.java:handleIOException(444)) - client-FB94B3A4B040 changes Leader from s2 to s0 for group-54689077FB2A
org.apache.ratis.protocol.exceptions.NotLeaderException: Server s2@group-54689077FB2A is not the leader s0|0.0.0.0:46607
	at org.apache.ratis.client.impl.ClientProtoUtils.toRaftClientReply(ClientProtoUtils.java:397)
	at org.apache.ratis.grpc.client.GrpcClientRpc.sendRequest(GrpcClientRpc.java:102)
	at org.apache.ratis.client.impl.BlockingImpl.sendRequest(BlockingImpl.java:145)
	at org.apache.ratis.client.impl.BlockingImpl.sendRequestWithRetry(BlockingImpl.java:109)
	at org.apache.ratis.client.impl.AdminImpl.setConfiguration(AdminImpl.java:46)
	at org.apache.ratis.client.api.AdminApi.setConfiguration(AdminApi.java:51)
	at org.apache.ratis.client.api.AdminApi.setConfiguration(AdminApi.java:45)
	at org.apache.ratis.server.impl.GroupManagementBaseTest.testGroupWithPriority(GroupManagementBaseTest.java:158)
	at java.base/jdk.internal.reflect.NativeMethodAccessorImpl.invoke0(Native Method)
	at java.base/jdk.internal.reflect.NativeMethodAccessorImpl.invoke(NativeMethodAccessorImpl.java:62)
	at java.base/jdk.internal.reflect.DelegatingMethodAccessorImpl.invoke(DelegatingMethodAccessorImpl.java:43)
	at java.base/java.lang.reflect.Method.invoke(Method.java:566)
	at org.junit.runners.model.FrameworkMethod$1.runReflectiveCall(FrameworkMethod.java:59)
	at org.junit.internal.runners.model.ReflectiveCallable.run(ReflectiveCallable.java:12)
	at org.junit.runners.model.FrameworkMethod.invokeExplosively(FrameworkMethod.java:56)
	at org.junit.internal.runners.statements.InvokeMethod.evaluate(InvokeMethod.java:17)
	at org.junit.internal.runners.statements.RunAfters.evaluate(RunAfters.java:27)
	at org.junit.internal.runners.statements.FailOnTimeout$CallableStatement.call(FailOnTimeout.java:299)
	at org.junit.internal.runners.statements.FailOnTimeout$CallableStatement.call(FailOnTimeout.java:293)
	at java.base/java.util.concurrent.FutureTask.run(FutureTask.java:264)
	at java.base/java.lang.Thread.run(Thread.java:829)
2023-12-13 18:50:43,453 [s0-server-thread3] INFO  server.RaftServer$Division (RaftServerImpl.java:setConfigurationAsync(1264)) - s0@group-54689077FB2A: receive setConfiguration SetConfigurationRequest:client-FB94B3A4B040->s0@group-54689077FB2A, cid=63, seq=null, RW, null, SET_UNCONDITIONALLY, servers:[s0|0.0.0.0:46607, s1|0.0.0.0:41525, s2|0.0.0.0:45147], listeners:[]
2023-12-13 18:50:43,453 [s0-server-thread3] INFO  server.RaftServer$Division (LeaderStateImpl.java:startSetConfiguration(488)) - s0@group-54689077FB2A-LeaderStateImpl: startSetConfiguration SetConfigurationRequest:client-FB94B3A4B040->s0@group-54689077FB2A, cid=63, seq=null, RW, null, SET_UNCONDITIONALLY, servers:[s0|0.0.0.0:46607, s1|0.0.0.0:41525, s2|0.0.0.0:45147], listeners:[]
2023-12-13 18:50:43,454 [s0-server-thread3] INFO  server.RaftServer$Division (ServerState.java:setRaftConf(382)) - s0@group-54689077FB2A: set configuration 25: peers:[s0|0.0.0.0:46607, s1|0.0.0.0:41525, s2|0.0.0.0:45147]|listeners:[], old=peers:[s0|0.0.0.0:46607, s1|0.0.0.0:41525, s2|0.0.0.0:45147]|listeners:[]
2023-12-13 18:50:43,455 [s1-server-thread1] DEBUG server.RaftServer$Division (RaftServerImpl.java:logAppendEntries(1504)) - s1@group-54689077FB2A: receive appendEntries(s0, 3, (t:3, i:24), 24, false, commits:[s0:c24, s1:c24, s2:c24], cId:7, entries: [(t:3, i:25), CONFIGURATIONENTRY(current:id: "s0"
address: "0.0.0.0:46607"
priority: 1
clientAddress: "0.0.0.0:46607"
adminAddress: "0.0.0.0:46607"
startupRole: FOLLOWER
,id: "s1"
address: "0.0.0.0:41525"
priority: 2
clientAddress: "0.0.0.0:41525"
adminAddress: "0.0.0.0:41525"
startupRole: FOLLOWER
,id: "s2"
address: "0.0.0.0:45147"
priority: 1
clientAddress: "0.0.0.0:45147"
adminAddress: "0.0.0.0:45147"
startupRole: FOLLOWER
, old:id: "s0"
address: "0.0.0.0:46607"
priority: 2
clientAddress: "0.0.0.0:46607"
adminAddress: "0.0.0.0:46607"
startupRole: FOLLOWER
,id: "s1"
address: "0.0.0.0:41525"
priority: 1
clientAddress: "0.0.0.0:41525"
adminAddress: "0.0.0.0:41525"
startupRole: FOLLOWER
,id: "s2"
address: "0.0.0.0:45147"
priority: 1
clientAddress: "0.0.0.0:45147"
adminAddress: "0.0.0.0:45147"
startupRole: FOLLOWER
)]
2023-12-13 18:50:43,455 [s2-server-thread1] DEBUG server.RaftServer$Division (RaftServerImpl.java:logAppendEntries(1504)) - s2@group-54689077FB2A: receive appendEntries(s0, 3, (t:3, i:24), 24, false, commits:[s0:c24, s1:c24, s2:c24], cId:6, entries: [(t:3, i:25), CONFIGURATIONENTRY(current:id: "s0"
address: "0.0.0.0:46607"
priority: 1
clientAddress: "0.0.0.0:46607"
adminAddress: "0.0.0.0:46607"
startupRole: FOLLOWER
,id: "s1"
address: "0.0.0.0:41525"
priority: 2
clientAddress: "0.0.0.0:41525"
adminAddress: "0.0.0.0:41525"
startupRole: FOLLOWER
,id: "s2"
address: "0.0.0.0:45147"
priority: 1
clientAddress: "0.0.0.0:45147"
adminAddress: "0.0.0.0:45147"
startupRole: FOLLOWER
, old:id: "s0"
address: "0.0.0.0:46607"
priority: 2
clientAddress: "0.0.0.0:46607"
adminAddress: "0.0.0.0:46607"
startupRole: FOLLOWER
,id: "s1"
address: "0.0.0.0:41525"
priority: 1
clientAddress: "0.0.0.0:41525"
adminAddress: "0.0.0.0:41525"
startupRole: FOLLOWER
,id: "s2"
address: "0.0.0.0:45147"
priority: 1
clientAddress: "0.0.0.0:45147"
adminAddress: "0.0.0.0:45147"
startupRole: FOLLOWER
)]
2023-12-13 18:50:43,455 [s1-server-thread1] INFO  server.RaftServer$Division (ServerState.java:setRaftConf(382)) - s1@group-54689077FB2A: set configuration 25: peers:[s0|0.0.0.0:46607, s1|0.0.0.0:41525, s2|0.0.0.0:45147]|listeners:[], old=peers:[s0|0.0.0.0:46607, s1|0.0.0.0:41525, s2|0.0.0.0:45147]|listeners:[]
2023-12-13 18:50:43,455 [s2-server-thread1] INFO  server.RaftServer$Division (ServerState.java:setRaftConf(382)) - s2@group-54689077FB2A: set configuration 25: peers:[s0|0.0.0.0:46607, s1|0.0.0.0:41525, s2|0.0.0.0:45147]|listeners:[], old=peers:[s0|0.0.0.0:46607, s1|0.0.0.0:41525, s2|0.0.0.0:45147]|listeners:[]
2023-12-13 18:50:43,455 [s1-server-thread1] DEBUG server.RaftServer$Division (RaftServerImpl.java:logAppendEntries(1504)) - s1@group-54689077FB2A: succeeded to handle AppendEntries. Reply: s0<-s1#7:OK-t3,SUCCESS,nextIndex=26,followerCommit=24,matchIndex=25
2023-12-13 18:50:43,456 [s2-server-thread1] DEBUG server.RaftServer$Division (RaftServerImpl.java:logAppendEntries(1504)) - s2@group-54689077FB2A: succeeded to handle AppendEntries. Reply: s0<-s2#6:OK-t3,SUCCESS,nextIndex=26,followerCommit=24,matchIndex=25
2023-12-13 18:50:43,456 [s0@group-54689077FB2A-StateMachineUpdater] TRACE util.FileUtils (LogUtils.java:supplyAndLog(69)) - Successfully supplied FileChannel.open /home/runner/work/ratis/ratis/ratis-test/target/test/data/b8de9602/MiniRaftClusterWithGrpcbc2420e5/s0/82990ede-4710-4729-82e4-54689077fb2a/current/raft-meta.conf.tmp with options [CREATE, WRITE]: sun.nio.ch.FileChannelImpl@4d2d96ca
2023-12-13 18:50:43,456 [s0@group-54689077FB2A-LeaderStateImpl] INFO  server.RaftServer$Division (ServerState.java:setRaftConf(382)) - s0@group-54689077FB2A: set configuration 27: peers:[s0|0.0.0.0:46607, s1|0.0.0.0:41525, s2|0.0.0.0:45147]|listeners:[], old=null
2023-12-13 18:50:43,465 [s2-server-thread1] DEBUG server.RaftServer$Division (RaftServerImpl.java:logAppendEntries(1504)) - s2@group-54689077FB2A: receive appendEntries(s0, 3, (t:3, i:25), 25, false, commits:[s0:c25, s1:c24, s2:c24], cId:7, entries: [(t:3, i:26), METADATAENTRY(c:25), (t:3, i:27), CONFIGURATIONENTRY(current:id: "s0"
address: "0.0.0.0:46607"
priority: 1
clientAddress: "0.0.0.0:46607"
adminAddress: "0.0.0.0:46607"
startupRole: FOLLOWER
,id: "s1"
address: "0.0.0.0:41525"
priority: 2
clientAddress: "0.0.0.0:41525"
adminAddress: "0.0.0.0:41525"
startupRole: FOLLOWER
,id: "s2"
address: "0.0.0.0:45147"
priority: 1
clientAddress: "0.0.0.0:45147"
adminAddress: "0.0.0.0:45147"
startupRole: FOLLOWER
, old:)]
2023-12-13 18:50:43,465 [s2-server-thread1] INFO  server.RaftServer$Division (ServerState.java:setRaftConf(382)) - s2@group-54689077FB2A: set configuration 27: peers:[s0|0.0.0.0:46607, s1|0.0.0.0:41525, s2|0.0.0.0:45147]|listeners:[], old=null
2023-12-13 18:50:43,465 [s1-server-thread1] DEBUG server.RaftServer$Division (RaftServerImpl.java:logAppendEntries(1504)) - s1@group-54689077FB2A: receive appendEntries(s0, 3, (t:3, i:25), 25, false, commits:[s0:c25, s1:c24, s2:c24], cId:8, entries: [(t:3, i:26), METADATAENTRY(c:25), (t:3, i:27), CONFIGURATIONENTRY(current:id: "s0"
address: "0.0.0.0:46607"
priority: 1
clientAddress: "0.0.0.0:46607"
adminAddress: "0.0.0.0:46607"
startupRole: FOLLOWER
,id: "s1"
address: "0.0.0.0:41525"
priority: 2
clientAddress: "0.0.0.0:41525"
adminAddress: "0.0.0.0:41525"
startupRole: FOLLOWER
,id: "s2"
address: "0.0.0.0:45147"
priority: 1
clientAddress: "0.0.0.0:45147"
adminAddress: "0.0.0.0:45147"
startupRole: FOLLOWER
, old:)]
2023-12-13 18:50:43,466 [s1-server-thread1] INFO  server.RaftServer$Division (ServerState.java:setRaftConf(382)) - s1@group-54689077FB2A: set configuration 27: peers:[s0|0.0.0.0:46607, s1|0.0.0.0:41525, s2|0.0.0.0:45147]|listeners:[], old=null
2023-12-13 18:50:43,466 [s2-server-thread1] DEBUG server.RaftServer$Division (RaftServerImpl.java:logAppendEntries(1504)) - s2@group-54689077FB2A: succeeded to handle AppendEntries. Reply: s0<-s2#7:OK-t3,SUCCESS,nextIndex=28,followerCommit=25,matchIndex=27
2023-12-13 18:50:43,466 [s2@group-54689077FB2A-StateMachineUpdater] TRACE util.FileUtils (LogUtils.java:supplyAndLog(69)) - Successfully supplied FileChannel.open /home/runner/work/ratis/ratis/ratis-test/target/test/data/b8de9602/MiniRaftClusterWithGrpcbc2420e5/s2/82990ede-4710-4729-82e4-54689077fb2a/current/raft-meta.conf.tmp with options [CREATE, WRITE]: sun.nio.ch.FileChannelImpl@33838971
2023-12-13 18:50:43,466 [s0@group-54689077FB2A-StateMachineUpdater] TRACE util.FileUtils (LogUtils.java:runAndLog(49)) - Successfully ran Atomic Files.move /home/runner/work/ratis/ratis/ratis-test/target/test/data/b8de9602/MiniRaftClusterWithGrpcbc2420e5/s0/82990ede-4710-4729-82e4-54689077fb2a/current/raft-meta.conf.tmp to /home/runner/work/ratis/ratis/ratis-test/target/test/data/b8de9602/MiniRaftClusterWithGrpcbc2420e5/s0/82990ede-4710-4729-82e4-54689077fb2a/current/raft-meta.conf with options [REPLACE_EXISTING]
2023-12-13 18:50:43,466 [s1-server-thread1] DEBUG server.RaftServer$Division (RaftServerImpl.java:logAppendEntries(1504)) - s1@group-54689077FB2A: succeeded to handle AppendEntries. Reply: s0<-s1#8:OK-t3,SUCCESS,nextIndex=28,followerCommit=25,matchIndex=27
2023-12-13 18:50:43,467 [s1@group-54689077FB2A-StateMachineUpdater] TRACE util.FileUtils (LogUtils.java:supplyAndLog(69)) - Successfully supplied FileChannel.open /home/runner/work/ratis/ratis/ratis-test/target/test/data/b8de9602/MiniRaftClusterWithGrpcbc2420e5/s1/82990ede-4710-4729-82e4-54689077fb2a/current/raft-meta.conf.tmp with options [CREATE, WRITE]: sun.nio.ch.FileChannelImpl@cd321c4
2023-12-13 18:50:43,467 [s0@group-54689077FB2A-StateMachineUpdater] TRACE util.FileUtils (LogUtils.java:supplyAndLog(69)) - Successfully supplied FileChannel.open /home/runner/work/ratis/ratis/ratis-test/target/test/data/b8de9602/MiniRaftClusterWithGrpcbc2420e5/s0/82990ede-4710-4729-82e4-54689077fb2a/current/raft-meta.conf.tmp with options [CREATE, WRITE]: sun.nio.ch.FileChannelImpl@7455741e
2023-12-13 18:50:43,468 [s2@group-54689077FB2A-StateMachineUpdater] TRACE util.FileUtils (LogUtils.java:runAndLog(49)) - Successfully ran Atomic Files.move /home/runner/work/ratis/ratis/ratis-test/target/test/data/b8de9602/MiniRaftClusterWithGrpcbc2420e5/s2/82990ede-4710-4729-82e4-54689077fb2a/current/raft-meta.conf.tmp to /home/runner/work/ratis/ratis/ratis-test/target/test/data/b8de9602/MiniRaftClusterWithGrpcbc2420e5/s2/82990ede-4710-4729-82e4-54689077fb2a/current/raft-meta.conf with options [REPLACE_EXISTING]
2023-12-13 18:50:43,468 [s1@group-54689077FB2A-StateMachineUpdater] TRACE util.FileUtils (LogUtils.java:runAndLog(49)) - Successfully ran Atomic Files.move /home/runner/work/ratis/ratis/ratis-test/target/test/data/b8de9602/MiniRaftClusterWithGrpcbc2420e5/s1/82990ede-4710-4729-82e4-54689077fb2a/current/raft-meta.conf.tmp to /home/runner/work/ratis/ratis/ratis-test/target/test/data/b8de9602/MiniRaftClusterWithGrpcbc2420e5/s1/82990ede-4710-4729-82e4-54689077fb2a/current/raft-meta.conf with options [REPLACE_EXISTING]
2023-12-13 18:50:43,469 [s1-server-thread1] DEBUG server.RaftServer$Division (RaftServerImpl.java:logAppendEntries(1504)) - s1@group-54689077FB2A: receive appendEntries(s0, 3, (t:3, i:27), 27, false, commits:[s0:c27, s1:c25, s2:c24], cId:9, entries: [(t:3, i:28), METADATAENTRY(c:27)]
2023-12-13 18:50:43,469 [s2-server-thread1] DEBUG server.RaftServer$Division (RaftServerImpl.java:logAppendEntries(1504)) - s2@group-54689077FB2A: receive appendEntries(s0, 3, (t:3, i:27), 27, false, commits:[s0:c27, s1:c25, s2:c25], cId:8, entries: [(t:3, i:28), METADATAENTRY(c:27)]
2023-12-13 18:50:43,469 [Time-limited test] DEBUG client.RaftClient (RaftClientImpl.java:add(150)) - client-FB94B3A4B040: add replied callId 63
2023-12-13 18:50:43,469 [s0@group-54689077FB2A-StateMachineUpdater] TRACE util.FileUtils (LogUtils.java:runAndLog(49)) - Successfully ran Atomic Files.move /home/runner/work/ratis/ratis/ratis-test/target/test/data/b8de9602/MiniRaftClusterWithGrpcbc2420e5/s0/82990ede-4710-4729-82e4-54689077fb2a/current/raft-meta.conf.tmp to /home/runner/work/ratis/ratis/ratis-test/target/test/data/b8de9602/MiniRaftClusterWithGrpcbc2420e5/s0/82990ede-4710-4729-82e4-54689077fb2a/current/raft-meta.conf with options [REPLACE_EXISTING]
2023-12-13 18:50:43,469 [s2-server-thread1] DEBUG server.RaftServer$Division (RaftServerImpl.java:logAppendEntries(1504)) - s2@group-54689077FB2A: succeeded to handle AppendEntries. Reply: s0<-s2#8:OK-t3,SUCCESS,nextIndex=29,followerCommit=27,matchIndex=28
2023-12-13 18:50:43,469 [s2@group-54689077FB2A-StateMachineUpdater] TRACE util.FileUtils (LogUtils.java:supplyAndLog(69)) - Successfully supplied FileChannel.open /home/runner/work/ratis/ratis/ratis-test/target/test/data/b8de9602/MiniRaftClusterWithGrpcbc2420e5/s2/82990ede-4710-4729-82e4-54689077fb2a/current/raft-meta.conf.tmp with options [CREATE, WRITE]: sun.nio.ch.FileChannelImpl@7e86a130
2023-12-13 18:50:43,470 [s1-server-thread1] DEBUG server.RaftServer$Division (RaftServerImpl.java:logAppendEntries(1504)) - s1@group-54689077FB2A: succeeded to handle AppendEntries. Reply: s0<-s1#9:OK-t3,SUCCESS,nextIndex=29,followerCommit=27,matchIndex=28
2023-12-13 18:50:43,470 [s1@group-54689077FB2A-StateMachineUpdater] TRACE util.FileUtils (LogUtils.java:supplyAndLog(69)) - Successfully supplied FileChannel.open /home/runner/work/ratis/ratis/ratis-test/target/test/data/b8de9602/MiniRaftClusterWithGrpcbc2420e5/s1/82990ede-4710-4729-82e4-54689077fb2a/current/raft-meta.conf.tmp with options [CREATE, WRITE]: sun.nio.ch.FileChannelImpl@3ab2661e
2023-12-13 18:50:43,470 [Time-limited test] INFO  server.RaftServerConfigKeys (ConfUtils.java:logGet(46)) - raft.server.rpc.timeout.max = 2000ms (custom)
2023-12-13 18:50:43,470 [Time-limited test] INFO  ratis.RaftTestUtil (RaftTestUtil.java:waitForLeader(100)) - printing group-54689077FB2A
  s0:  RUNNING    LEADER s0@group-54689077FB2A:t3, leader=s0, voted=s0, raftlog=Memoized:s0@group-54689077FB2A-SegmentedRaftLog:OPENED:c28, conf=27: peers:[s0|0.0.0.0:46607, s1|0.0.0.0:41525, s2|0.0.0.0:45147]|listeners:[], old=null RUNNING
  s1:  RUNNING  FOLLOWER s1@group-54689077FB2A:t3, leader=s0, voted=s0, raftlog=Memoized:s1@group-54689077FB2A-SegmentedRaftLog:OPENED:c27, conf=27: peers:[s0|0.0.0.0:46607, s1|0.0.0.0:41525, s2|0.0.0.0:45147]|listeners:[], old=null RUNNING
  s2:  RUNNING  FOLLOWER s2@group-54689077FB2A:t3, leader=s0, voted=s0, raftlog=Memoized:s2@group-54689077FB2A-SegmentedRaftLog:OPENED:c27, conf=27: peers:[s0|0.0.0.0:46607, s1|0.0.0.0:41525, s2|0.0.0.0:45147]|listeners:[], old=null RUNNING
2023-12-13 18:50:43,470 [s2@group-54689077FB2A-StateMachineUpdater] TRACE util.FileUtils (LogUtils.java:runAndLog(49)) - Successfully ran Atomic Files.move /home/runner/work/ratis/ratis/ratis-test/target/test/data/b8de9602/MiniRaftClusterWithGrpcbc2420e5/s2/82990ede-4710-4729-82e4-54689077fb2a/current/raft-meta.conf.tmp to /home/runner/work/ratis/ratis/ratis-test/target/test/data/b8de9602/MiniRaftClusterWithGrpcbc2420e5/s2/82990ede-4710-4729-82e4-54689077fb2a/current/raft-meta.conf with options [REPLACE_EXISTING]
2023-12-13 18:50:43,471 [Time-limited test] INFO  ratis.RaftTestUtil (RaftTestUtil.java:waitForLeader(124)) - printing group-54689077FB2A
  s0:  RUNNING    LEADER s0@group-54689077FB2A:t3, leader=s0, voted=s0, raftlog=Memoized:s0@group-54689077FB2A-SegmentedRaftLog:OPENED:c28, conf=27: peers:[s0|0.0.0.0:46607, s1|0.0.0.0:41525, s2|0.0.0.0:45147]|listeners:[], old=null RUNNING
  s1:  RUNNING  FOLLOWER s1@group-54689077FB2A:t3, leader=s0, voted=s0, raftlog=Memoized:s1@group-54689077FB2A-SegmentedRaftLog:OPENED:c27, conf=27: peers:[s0|0.0.0.0:46607, s1|0.0.0.0:41525, s2|0.0.0.0:45147]|listeners:[], old=null RUNNING
  s2:  RUNNING  FOLLOWER s2@group-54689077FB2A:t3, leader=s0, voted=s0, raftlog=Memoized:s2@group-54689077FB2A-SegmentedRaftLog:OPENED:c27, conf=27: peers:[s0|0.0.0.0:46607, s1|0.0.0.0:41525, s2|0.0.0.0:45147]|listeners:[], old=null RUNNING
2023-12-13 18:50:43,471 [Time-limited test] WARN  impl.GroupManagementBaseTest (JavaUtils.java:attempt(231)) - FAILED "testMultiGroupWithPriority", attempt #1/10: java.lang.AssertionError, sleep 1s and then retry.
java.lang.AssertionError
	at org.junit.Assert.fail(Assert.java:87)
	at org.junit.Assert.assertTrue(Assert.java:42)
	at org.junit.Assert.assertTrue(Assert.java:53)
	at org.apache.ratis.server.impl.GroupManagementBaseTest.lambda$testGroupWithPriority$4(GroupManagementBaseTest.java:164)
	at org.apache.ratis.util.function.CheckedRunnable.lambda$asCheckedSupplier$0(CheckedRunnable.java:32)
	at org.apache.ratis.util.JavaUtils.lambda$attempt$7(JavaUtils.java:212)
	at org.apache.ratis.util.JavaUtils.attempt(JavaUtils.java:225)
	at org.apache.ratis.util.JavaUtils.attempt(JavaUtils.java:212)
	at org.apache.ratis.util.JavaUtils.attemptRepeatedly(JavaUtils.java:204)
	at org.apache.ratis.util.JavaUtils.attempt(JavaUtils.java:245)
	at org.apache.ratis.server.impl.GroupManagementBaseTest.testGroupWithPriority(GroupManagementBaseTest.java:162)
	at java.base/jdk.internal.reflect.NativeMethodAccessorImpl.invoke0(Native Method)
	at java.base/jdk.internal.reflect.NativeMethodAccessorImpl.invoke(NativeMethodAccessorImpl.java:62)
	at java.base/jdk.internal.reflect.DelegatingMethodAccessorImpl.invoke(DelegatingMethodAccessorImpl.java:43)
	at java.base/java.lang.reflect.Method.invoke(Method.java:566)
	at org.junit.runners.model.FrameworkMethod$1.runReflectiveCall(FrameworkMethod.java:59)
	at org.junit.internal.runners.model.ReflectiveCallable.run(ReflectiveCallable.java:12)
	at org.junit.runners.model.FrameworkMethod.invokeExplosively(FrameworkMethod.java:56)
	at org.junit.internal.runners.statements.InvokeMethod.evaluate(InvokeMethod.java:17)
	at org.junit.internal.runners.statements.RunAfters.evaluate(RunAfters.java:27)
	at org.junit.internal.runners.statements.FailOnTimeout$CallableStatement.call(FailOnTimeout.java:299)
	at org.junit.internal.runners.statements.FailOnTimeout$CallableStatement.call(FailOnTimeout.java:293)
	at java.base/java.util.concurrent.FutureTask.run(FutureTask.java:264)
	at java.base/java.lang.Thread.run(Thread.java:829)
2023-12-13 18:50:43,471 [s1@group-54689077FB2A-StateMachineUpdater] TRACE util.FileUtils (LogUtils.java:runAndLog(49)) - Successfully ran Atomic Files.move /home/runner/work/ratis/ratis/ratis-test/target/test/data/b8de9602/MiniRaftClusterWithGrpcbc2420e5/s1/82990ede-4710-4729-82e4-54689077fb2a/current/raft-meta.conf.tmp to /home/runner/work/ratis/ratis/ratis-test/target/test/data/b8de9602/MiniRaftClusterWithGrpcbc2420e5/s1/82990ede-4710-4729-82e4-54689077fb2a/current/raft-meta.conf with options [REPLACE_EXISTING]
2023-12-13 18:50:44,471 [Time-limited test] INFO  server.RaftServerConfigKeys (ConfUtils.java:logGet(46)) - raft.server.rpc.timeout.max = 2000ms (custom)
2023-12-13 18:50:44,471 [Time-limited test] INFO  ratis.RaftTestUtil (RaftTestUtil.java:waitForLeader(100)) - printing group-54689077FB2A
  s0:  RUNNING    LEADER s0@group-54689077FB2A:t3, leader=s0, voted=s0, raftlog=Memoized:s0@group-54689077FB2A-SegmentedRaftLog:OPENED:c28, conf=27: peers:[s0|0.0.0.0:46607, s1|0.0.0.0:41525, s2|0.0.0.0:45147]|listeners:[], old=null RUNNING
  s1:  RUNNING  FOLLOWER s1@group-54689077FB2A:t3, leader=s0, voted=s0, raftlog=Memoized:s1@group-54689077FB2A-SegmentedRaftLog:OPENED:c28, conf=27: peers:[s0|0.0.0.0:46607, s1|0.0.0.0:41525, s2|0.0.0.0:45147]|listeners:[], old=null RUNNING
  s2:  RUNNING  FOLLOWER s2@group-54689077FB2A:t3, leader=s0, voted=s0, raftlog=Memoized:s2@group-54689077FB2A-SegmentedRaftLog:OPENED:c28, conf=27: peers:[s0|0.0.0.0:46607, s1|0.0.0.0:41525, s2|0.0.0.0:45147]|listeners:[], old=null RUNNING
2023-12-13 18:50:44,471 [Time-limited test] INFO  ratis.RaftTestUtil (RaftTestUtil.java:waitForLeader(124)) - printing group-54689077FB2A
  s0:  RUNNING    LEADER s0@group-54689077FB2A:t3, leader=s0, voted=s0, raftlog=Memoized:s0@group-54689077FB2A-SegmentedRaftLog:OPENED:c28, conf=27: peers:[s0|0.0.0.0:46607, s1|0.0.0.0:41525, s2|0.0.0.0:45147]|listeners:[], old=null RUNNING
  s1:  RUNNING  FOLLOWER s1@group-54689077FB2A:t3, leader=s0, voted=s0, raftlog=Memoized:s1@group-54689077FB2A-SegmentedRaftLog:OPENED:c28, conf=27: peers:[s0|0.0.0.0:46607, s1|0.0.0.0:41525, s2|0.0.0.0:45147]|listeners:[], old=null RUNNING
  s2:  RUNNING  FOLLOWER s2@group-54689077FB2A:t3, leader=s0, voted=s0, raftlog=Memoized:s2@group-54689077FB2A-SegmentedRaftLog:OPENED:c28, conf=27: peers:[s0|0.0.0.0:46607, s1|0.0.0.0:41525, s2|0.0.0.0:45147]|listeners:[], old=null RUNNING
2023-12-13 18:50:44,471 [Time-limited test] WARN  impl.GroupManagementBaseTest (JavaUtils.java:attempt(231)) - FAILED "testMultiGroupWithPriority", attempt #2/10: java.lang.AssertionError, sleep 1s and then retry.
java.lang.AssertionError
	at org.junit.Assert.fail(Assert.java:87)
	at org.junit.Assert.assertTrue(Assert.java:42)
	at org.junit.Assert.assertTrue(Assert.java:53)
	at org.apache.ratis.server.impl.GroupManagementBaseTest.lambda$testGroupWithPriority$4(GroupManagementBaseTest.java:164)
	at org.apache.ratis.util.function.CheckedRunnable.lambda$asCheckedSupplier$0(CheckedRunnable.java:32)
	at org.apache.ratis.util.JavaUtils.lambda$attempt$7(JavaUtils.java:212)
	at org.apache.ratis.util.JavaUtils.attempt(JavaUtils.java:225)
	at org.apache.ratis.util.JavaUtils.attempt(JavaUtils.java:212)
	at org.apache.ratis.util.JavaUtils.attemptRepeatedly(JavaUtils.java:204)
	at org.apache.ratis.util.JavaUtils.attempt(JavaUtils.java:245)
	at org.apache.ratis.server.impl.GroupManagementBaseTest.testGroupWithPriority(GroupManagementBaseTest.java:162)
	at java.base/jdk.internal.reflect.NativeMethodAccessorImpl.invoke0(Native Method)
	at java.base/jdk.internal.reflect.NativeMethodAccessorImpl.invoke(NativeMethodAccessorImpl.java:62)
	at java.base/jdk.internal.reflect.DelegatingMethodAccessorImpl.invoke(DelegatingMethodAccessorImpl.java:43)
	at java.base/java.lang.reflect.Method.invoke(Method.java:566)
	at org.junit.runners.model.FrameworkMethod$1.runReflectiveCall(FrameworkMethod.java:59)
	at org.junit.internal.runners.model.ReflectiveCallable.run(ReflectiveCallable.java:12)
	at org.junit.runners.model.FrameworkMethod.invokeExplosively(FrameworkMethod.java:56)
	at org.junit.internal.runners.statements.InvokeMethod.evaluate(InvokeMethod.java:17)
	at org.junit.internal.runners.statements.RunAfters.evaluate(RunAfters.java:27)
	at org.junit.internal.runners.statements.FailOnTimeout$CallableStatement.call(FailOnTimeout.java:299)
	at org.junit.internal.runners.statements.FailOnTimeout$CallableStatement.call(FailOnTimeout.java:293)
	at java.base/java.util.concurrent.FutureTask.run(FutureTask.java:264)
	at java.base/java.lang.Thread.run(Thread.java:829)
2023-12-13 18:50:45,470 [s0@group-54689077FB2A-LeaderStateImpl] INFO  impl.TransferLeadership (TransferLeadership.java:tryTransferLeadership(258)) - s0@group-54689077FB2A: start transferring leadership to s1
2023-12-13 18:50:45,471 [s0@group-54689077FB2A-LeaderStateImpl] INFO  impl.TransferLeadership (TransferLeadership.java:sendStartLeaderElection(210)) - s0@group-54689077FB2A: sendStartLeaderElection to follower s1, lastEntry=(t:3, i:28)
2023-12-13 18:50:45,471 [s0@group-54689077FB2A-LeaderStateImpl] INFO  impl.TransferLeadership (TransferLeadership.java:tryTransferLeadership(266)) - s0@group-54689077FB2A: SUCCESS sent StartLeaderElection to transferee s1 immediately as it already has up-to-date log
2023-12-13 18:50:45,472 [Time-limited test] INFO  server.RaftServerConfigKeys (ConfUtils.java:logGet(46)) - raft.server.rpc.timeout.max = 2000ms (custom)
2023-12-13 18:50:45,472 [grpc-default-executor-7] DEBUG server.RaftServer$Division (RaftServerImpl.java:startLeaderElection(1744)) - s1@group-54689077FB2A: receive startLeaderElection from:s0, leaderLastEntry:term: 3
index: 28
,
2023-12-13 18:50:45,472 [Time-limited test] INFO  ratis.RaftTestUtil (RaftTestUtil.java:waitForLeader(100)) - printing group-54689077FB2A
  s0:  RUNNING    LEADER s0@group-54689077FB2A:t3, leader=s0, voted=s0, raftlog=Memoized:s0@group-54689077FB2A-SegmentedRaftLog:OPENED:c28, conf=27: peers:[s0|0.0.0.0:46607, s1|0.0.0.0:41525, s2|0.0.0.0:45147]|listeners:[], old=null RUNNING
  s1:  RUNNING  FOLLOWER s1@group-54689077FB2A:t3, leader=s0, voted=s0, raftlog=Memoized:s1@group-54689077FB2A-SegmentedRaftLog:OPENED:c28, conf=27: peers:[s0|0.0.0.0:46607, s1|0.0.0.0:41525, s2|0.0.0.0:45147]|listeners:[], old=null RUNNING
  s2:  RUNNING  FOLLOWER s2@group-54689077FB2A:t3, leader=s0, voted=s0, raftlog=Memoized:s2@group-54689077FB2A-SegmentedRaftLog:OPENED:c28, conf=27: peers:[s0|0.0.0.0:46607, s1|0.0.0.0:41525, s2|0.0.0.0:45147]|listeners:[], old=null RUNNING
2023-12-13 18:50:45,472 [grpc-default-executor-7] INFO  impl.RoleInfo (RoleInfo.java:shutdownFollowerState(110)) - s1: shutdown s1@group-54689077FB2A-FollowerState
2023-12-13 18:50:45,472 [grpc-default-executor-7] INFO  server.RaftServer$Division (RaftServerImpl.java:setRole(379)) - s1@group-54689077FB2A: changes role from  FOLLOWER to CANDIDATE at term 3 for changeToCandidate
2023-12-13 18:50:45,472 [s1@group-54689077FB2A-FollowerState] INFO  impl.FollowerState (FollowerState.java:run(152)) - s1@group-54689077FB2A-FollowerState was interrupted
2023-12-13 18:50:45,472 [Time-limited test] INFO  ratis.RaftTestUtil (RaftTestUtil.java:waitForLeader(124)) - printing group-54689077FB2A
  s0:  RUNNING    LEADER s0@group-54689077FB2A:t3, leader=s0, voted=s0, raftlog=Memoized:s0@group-54689077FB2A-SegmentedRaftLog:OPENED:c28, conf=27: peers:[s0|0.0.0.0:46607, s1|0.0.0.0:41525, s2|0.0.0.0:45147]|listeners:[], old=null RUNNING
  s1:  RUNNING CANDIDATE s1@group-54689077FB2A:t3, leader=s0, voted=s0, raftlog=Memoized:s1@group-54689077FB2A-SegmentedRaftLog:OPENED:c28, conf=27: peers:[s0|0.0.0.0:46607, s1|0.0.0.0:41525, s2|0.0.0.0:45147]|listeners:[], old=null RUNNING
  s2:  RUNNING  FOLLOWER s2@group-54689077FB2A:t3, leader=s0, voted=s0, raftlog=Memoized:s2@group-54689077FB2A-SegmentedRaftLog:OPENED:c28, conf=27: peers:[s0|0.0.0.0:46607, s1|0.0.0.0:41525, s2|0.0.0.0:45147]|listeners:[], old=null RUNNING
2023-12-13 18:50:45,472 [grpc-default-executor-7] INFO  server.RaftServer$Division (ServerState.java:setLeader(265)) - s1@group-54689077FB2A: change Leader from s0 to null at term 3 for ELECTION
2023-12-13 18:50:45,472 [Time-limited test] WARN  impl.GroupManagementBaseTest (JavaUtils.java:attempt(231)) - FAILED "testMultiGroupWithPriority", attempt #3/10: java.lang.AssertionError, sleep 1s and then retry.
java.lang.AssertionError
	at org.junit.Assert.fail(Assert.java:87)
	at org.junit.Assert.assertTrue(Assert.java:42)
	at org.junit.Assert.assertTrue(Assert.java:53)
	at org.apache.ratis.server.impl.GroupManagementBaseTest.lambda$testGroupWithPriority$4(GroupManagementBaseTest.java:164)
	at org.apache.ratis.util.function.CheckedRunnable.lambda$asCheckedSupplier$0(CheckedRunnable.java:32)
	at org.apache.ratis.util.JavaUtils.lambda$attempt$7(JavaUtils.java:212)
	at org.apache.ratis.util.JavaUtils.attempt(JavaUtils.java:225)
	at org.apache.ratis.util.JavaUtils.attempt(JavaUtils.java:212)
	at org.apache.ratis.util.JavaUtils.attemptRepeatedly(JavaUtils.java:204)
	at org.apache.ratis.util.JavaUtils.attempt(JavaUtils.java:245)
	at org.apache.ratis.server.impl.GroupManagementBaseTest.testGroupWithPriority(GroupManagementBaseTest.java:162)
	at java.base/jdk.internal.reflect.NativeMethodAccessorImpl.invoke0(Native Method)
	at java.base/jdk.internal.reflect.NativeMethodAccessorImpl.invoke(NativeMethodAccessorImpl.java:62)
	at java.base/jdk.internal.reflect.DelegatingMethodAccessorImpl.invoke(DelegatingMethodAccessorImpl.java:43)
	at java.base/java.lang.reflect.Method.invoke(Method.java:566)
	at org.junit.runners.model.FrameworkMethod$1.runReflectiveCall(FrameworkMethod.java:59)
	at org.junit.internal.runners.model.ReflectiveCallable.run(ReflectiveCallable.java:12)
	at org.junit.runners.model.FrameworkMethod.invokeExplosively(FrameworkMethod.java:56)
	at org.junit.internal.runners.statements.InvokeMethod.evaluate(InvokeMethod.java:17)
	at org.junit.internal.runners.statements.RunAfters.evaluate(RunAfters.java:27)
	at org.junit.internal.runners.statements.FailOnTimeout$CallableStatement.call(FailOnTimeout.java:299)
	at org.junit.internal.runners.statements.FailOnTimeout$CallableStatement.call(FailOnTimeout.java:293)
	at java.base/java.util.concurrent.FutureTask.run(FutureTask.java:264)
	at java.base/java.lang.Thread.run(Thread.java:829)
2023-12-13 18:50:45,472 [grpc-default-executor-7] TRACE util.FileUtils (LogUtils.java:supplyAndLog(69)) - Successfully supplied FileChannel.open /home/runner/work/ratis/ratis/ratis-test/target/test/data/b8de9602/MiniRaftClusterWithGrpcbc2420e5/s1/82990ede-4710-4729-82e4-54689077fb2a/current/raft-meta.tmp with options [CREATE, WRITE]: sun.nio.ch.FileChannelImpl@2ae78355
2023-12-13 18:50:45,473 [grpc-default-executor-7] TRACE util.FileUtils (LogUtils.java:runAndLog(49)) - Successfully ran Atomic Files.move /home/runner/work/ratis/ratis/ratis-test/target/test/data/b8de9602/MiniRaftClusterWithGrpcbc2420e5/s1/82990ede-4710-4729-82e4-54689077fb2a/current/raft-meta.tmp to /home/runner/work/ratis/ratis/ratis-test/target/test/data/b8de9602/MiniRaftClusterWithGrpcbc2420e5/s1/82990ede-4710-4729-82e4-54689077fb2a/current/raft-meta with options [REPLACE_EXISTING]
2023-12-13 18:50:45,473 [grpc-default-executor-7] INFO  impl.RoleInfo (RoleInfo.java:updateAndGet(139)) - s1: start s1@group-54689077FB2A-LeaderElection13
2023-12-13 18:50:45,473 [s1@group-54689077FB2A-LeaderElection13] INFO  impl.LeaderElection (LeaderElection.java:askForVotes(321)) - s1@group-54689077FB2A-LeaderElection13 ELECTION round 0: submit vote requests at term 4 for 27: peers:[s0|0.0.0.0:46607, s1|0.0.0.0:41525, s2|0.0.0.0:45147]|listeners:[], old=null
2023-12-13 18:50:45,474 [s0-server-thread3] INFO  impl.TransferLeadership (TransferLeadership.java:lambda$sendStartLeaderElection$2(224)) - s0@group-54689077FB2A: Received startLeaderElection reply from s1: success? true
2023-12-13 18:50:45,474 [grpc-default-executor-7] INFO  server.RaftServer$Division (RaftServerImpl.java:requestVote(1377)) - s0@group-54689077FB2A: receive requestVote(ELECTION, s1, group-54689077FB2A, 4, (t:3, i:28))
2023-12-13 18:50:45,474 [grpc-default-executor-7] INFO  impl.VoteContext (VoteContext.java:log(49)) - s0@group-54689077FB2A-LEADER: accept ELECTION from s1: our priority 1 <= candidate's priority 2
2023-12-13 18:50:45,474 [grpc-default-executor-7] INFO  server.RaftServer$Division (ServerState.java:setLeader(265)) - s0@group-54689077FB2A: change Leader from s0 to null at term 4 for updateCurrentTerm
2023-12-13 18:50:45,474 [grpc-default-executor-7] INFO  server.RaftServer$Division (RaftServerImpl.java:setRole(379)) - s0@group-54689077FB2A: changes role from    LEADER to FOLLOWER at term 4 for candidate:s1
2023-12-13 18:50:45,474 [grpc-default-executor-7] INFO  impl.RoleInfo (RoleInfo.java:shutdownLeaderState(94)) - s0: shutdown s0@group-54689077FB2A-LeaderStateImpl
2023-12-13 18:50:45,474 [grpc-default-executor-0] INFO  server.RaftServer$Division (RaftServerImpl.java:requestVote(1377)) - s2@group-54689077FB2A: receive requestVote(ELECTION, s1, group-54689077FB2A, 4, (t:3, i:28))
2023-12-13 18:50:45,474 [s0@group-54689077FB2A->s1-GrpcLogAppender-LogAppenderDaemon] WARN  server.GrpcLogAppender (GrpcLogAppender.java:mayWait(279)) - s0@group-54689077FB2A->s1-GrpcLogAppender: Wait interrupted by java.lang.InterruptedException
2023-12-13 18:50:45,474 [grpc-default-executor-0] INFO  impl.VoteContext (VoteContext.java:log(49)) - s2@group-54689077FB2A-FOLLOWER: accept ELECTION from s1: our priority 1 <= candidate's priority 2
2023-12-13 18:50:45,475 [grpc-default-executor-7] INFO  impl.PendingRequests (PendingRequests.java:sendNotLeaderResponses(289)) - s0@group-54689077FB2A-PendingRequests: sendNotLeaderResponses
2023-12-13 18:50:45,475 [grpc-default-executor-0] INFO  server.RaftServer$Division (ServerState.java:setLeader(265)) - s2@group-54689077FB2A: change Leader from s0 to null at term 4 for updateCurrentTerm
2023-12-13 18:50:45,475 [grpc-default-executor-0] INFO  server.RaftServer$Division (RaftServerImpl.java:setRole(379)) - s2@group-54689077FB2A: changes role from  FOLLOWER to FOLLOWER at term 4 for candidate:s1
2023-12-13 18:50:45,475 [s0@group-54689077FB2A->s2-GrpcLogAppender-LogAppenderDaemon] WARN  server.GrpcLogAppender (GrpcLogAppender.java:mayWait(279)) - s0@group-54689077FB2A->s2-GrpcLogAppender: Wait interrupted by java.lang.InterruptedException
2023-12-13 18:50:45,475 [grpc-default-executor-0] INFO  impl.RoleInfo (RoleInfo.java:shutdownFollowerState(110)) - s2: shutdown s2@group-54689077FB2A-FollowerState
2023-12-13 18:50:45,475 [grpc-default-executor-0] INFO  impl.RoleInfo (RoleInfo.java:updateAndGet(139)) - s2: start s2@group-54689077FB2A-FollowerState
2023-12-13 18:50:45,475 [s2@group-54689077FB2A-FollowerState] INFO  impl.FollowerState (FollowerState.java:run(152)) - s2@group-54689077FB2A-FollowerState was interrupted
2023-12-13 18:50:45,475 [grpc-default-executor-11] INFO  server.GrpcServerProtocolService (GrpcServerProtocolService.java:onCompleted(157)) - s1: Completed APPEND_ENTRIES, lastRequest: null
2023-12-13 18:50:45,475 [grpc-default-executor-4] INFO  server.GrpcServerProtocolService (GrpcServerProtocolService.java:onCompleted(157)) - s2: Completed APPEND_ENTRIES, lastRequest: s0->s2#8-t3,previous=(t:3, i:27),leaderCommit=27,initializing? false,entries: size=1, first=(t:3, i:28), METADATAENTRY(c:27)
2023-12-13 18:50:45,475 [grpc-default-executor-0] TRACE util.FileUtils (LogUtils.java:supplyAndLog(69)) - Successfully supplied FileChannel.open /home/runner/work/ratis/ratis/ratis-test/target/test/data/b8de9602/MiniRaftClusterWithGrpcbc2420e5/s2/82990ede-4710-4729-82e4-54689077fb2a/current/raft-meta.tmp with options [CREATE, WRITE]: sun.nio.ch.FileChannelImpl@2acdd86c
2023-12-13 18:50:45,475 [grpc-default-executor-4] INFO  server.GrpcServerProtocolService (GrpcServerProtocolService.java:lambda$onCompleted$5(159)) - s2: Completed APPEND_ENTRIES, lastReply: null
2023-12-13 18:50:45,475 [grpc-default-executor-11] INFO  server.GrpcServerProtocolService (GrpcServerProtocolService.java:lambda$onCompleted$5(159)) - s1: Completed APPEND_ENTRIES, lastReply: serverReply {
  requestorId: "s0"
  replyId: "s1"
  raftGroupId {
    id: "\202\231\016\336G\020G)\202\344Th\220w\373*"
  }
  callId: 14
  success: true
}
term: 3
nextIndex: 29
followerCommit: 28
matchIndex: 18446744073709551615
isHearbeat: true

2023-12-13 18:50:45,475 [grpc-default-executor-11] INFO  server.GrpcServerProtocolService (GrpcServerProtocolService.java:onCompleted(157)) - s2: Completed APPEND_ENTRIES, lastRequest: null
2023-12-13 18:50:45,476 [grpc-default-executor-4] INFO  server.GrpcServerProtocolService (GrpcServerProtocolService.java:onCompleted(157)) - s1: Completed APPEND_ENTRIES, lastRequest: s0->s1#9-t3,previous=(t:3, i:27),leaderCommit=27,initializing? false,entries: size=1, first=(t:3, i:28), METADATAENTRY(c:27)
2023-12-13 18:50:45,476 [grpc-default-executor-4] INFO  server.GrpcServerProtocolService (GrpcServerProtocolService.java:lambda$onCompleted$5(159)) - s1: Completed APPEND_ENTRIES, lastReply: null
2023-12-13 18:50:45,476 [grpc-default-executor-0] TRACE util.FileUtils (LogUtils.java:runAndLog(49)) - Successfully ran Atomic Files.move /home/runner/work/ratis/ratis/ratis-test/target/test/data/b8de9602/MiniRaftClusterWithGrpcbc2420e5/s2/82990ede-4710-4729-82e4-54689077fb2a/current/raft-meta.tmp to /home/runner/work/ratis/ratis/ratis-test/target/test/data/b8de9602/MiniRaftClusterWithGrpcbc2420e5/s2/82990ede-4710-4729-82e4-54689077fb2a/current/raft-meta with options [REPLACE_EXISTING]
2023-12-13 18:50:45,476 [grpc-default-executor-7] INFO  impl.RoleInfo (RoleInfo.java:updateAndGet(139)) - s0: start s0@group-54689077FB2A-FollowerState
2023-12-13 18:50:45,476 [grpc-default-executor-0] INFO  server.RaftServer$Division (RaftServerImpl.java:requestVote(1410)) - s2@group-54689077FB2A replies to ELECTION vote request: s1<-s2#0:OK-t4. Peer's state: s2@group-54689077FB2A:t4, leader=null, voted=s1, raftlog=Memoized:s2@group-54689077FB2A-SegmentedRaftLog:OPENED:c28, conf=27: peers:[s0|0.0.0.0:46607, s1|0.0.0.0:41525, s2|0.0.0.0:45147]|listeners:[], old=null
2023-12-13 18:50:45,476 [grpc-default-executor-7] TRACE util.FileUtils (LogUtils.java:supplyAndLog(69)) - Successfully supplied FileChannel.open /home/runner/work/ratis/ratis/ratis-test/target/test/data/b8de9602/MiniRaftClusterWithGrpcbc2420e5/s0/82990ede-4710-4729-82e4-54689077fb2a/current/raft-meta.tmp with options [CREATE, WRITE]: sun.nio.ch.FileChannelImpl@25b2e34a
2023-12-13 18:50:45,476 [grpc-default-executor-11] INFO  server.GrpcServerProtocolService (GrpcServerProtocolService.java:lambda$onCompleted$5(159)) - s2: Completed APPEND_ENTRIES, lastReply: serverReply {
  requestorId: "s0"
  replyId: "s2"
  raftGroupId {
    id: "\202\231\016\336G\020G)\202\344Th\220w\373*"
  }
  callId: 11
  success: true
}
term: 3
nextIndex: 29
followerCommit: 28
matchIndex: 18446744073709551615
isHearbeat: true

2023-12-13 18:50:45,476 [grpc-default-executor-13] INFO  server.GrpcLogAppender (GrpcLogAppender.java:onCompleted(534)) - s0@group-54689077FB2A->s1-AppendLogResponseHandler: follower responses appendEntries COMPLETED
2023-12-13 18:50:45,477 [grpc-default-executor-0] INFO  server.GrpcLogAppender (GrpcLogAppender.java:onCompleted(534)) - s0@group-54689077FB2A->s2-AppendLogResponseHandler: follower responses appendEntries COMPLETED
2023-12-13 18:50:45,477 [grpc-default-executor-7] TRACE util.FileUtils (LogUtils.java:runAndLog(49)) - Successfully ran Atomic Files.move /home/runner/work/ratis/ratis/ratis-test/target/test/data/b8de9602/MiniRaftClusterWithGrpcbc2420e5/s0/82990ede-4710-4729-82e4-54689077fb2a/current/raft-meta.tmp to /home/runner/work/ratis/ratis/ratis-test/target/test/data/b8de9602/MiniRaftClusterWithGrpcbc2420e5/s0/82990ede-4710-4729-82e4-54689077fb2a/current/raft-meta with options [REPLACE_EXISTING]
2023-12-13 18:50:45,477 [grpc-default-executor-4] INFO  server.GrpcLogAppender (GrpcLogAppender.java:onCompleted(534)) - s0@group-54689077FB2A->s2-AppendLogResponseHandler: follower responses appendEntries COMPLETED
2023-12-13 18:50:45,477 [grpc-default-executor-7] INFO  server.RaftServer$Division (RaftServerImpl.java:requestVote(1410)) - s0@group-54689077FB2A replies to ELECTION vote request: s1<-s0#0:OK-t4. Peer's state: s0@group-54689077FB2A:t4, leader=null, voted=s1, raftlog=Memoized:s0@group-54689077FB2A-SegmentedRaftLog:OPENED:c28, conf=27: peers:[s0|0.0.0.0:46607, s1|0.0.0.0:41525, s2|0.0.0.0:45147]|listeners:[], old=null
2023-12-13 18:50:45,477 [grpc-default-executor-13] INFO  server.GrpcLogAppender (GrpcLogAppender.java:onCompleted(534)) - s0@group-54689077FB2A->s1-AppendLogResponseHandler: follower responses appendEntries COMPLETED
2023-12-13 18:50:45,477 [s1@group-54689077FB2A-LeaderElection13] INFO  impl.LeaderElection (LeaderElection.java:logAndReturn(89)) - s1@group-54689077FB2A-LeaderElection13: ELECTION PASSED received 1 response(s) and 0 exception(s):
2023-12-13 18:50:45,477 [s1@group-54689077FB2A-LeaderElection13] INFO  impl.LeaderElection (LeaderElection.java:logAndReturn(93)) -   Response 0: s1<-s2#0:OK-t4
2023-12-13 18:50:45,477 [s1@group-54689077FB2A-LeaderElection13] INFO  impl.LeaderElection (LeaderElection.java:askForVotes(323)) - s1@group-54689077FB2A-LeaderElection13 ELECTION round 0: result PASSED
2023-12-13 18:50:45,477 [s1@group-54689077FB2A-LeaderElection13] INFO  impl.RoleInfo (RoleInfo.java:shutdownLeaderElection(130)) - s1: shutdown s1@group-54689077FB2A-LeaderElection13
2023-12-13 18:50:45,477 [s1@group-54689077FB2A-LeaderElection13] INFO  server.RaftServer$Division (RaftServerImpl.java:setRole(379)) - s1@group-54689077FB2A: changes role from CANDIDATE to LEADER at term 4 for changeToLeader
2023-12-13 18:50:45,477 [s1@group-54689077FB2A-LeaderElection13] INFO  server.RaftServerConfigKeys (ConfUtils.java:logGet(46)) - raft.server.staging.catchup.gap = 1000 (default)
2023-12-13 18:50:45,477 [s1@group-54689077FB2A-LeaderElection13] INFO  server.RaftServerConfigKeys (ConfUtils.java:logGet(46)) - raft.server.write.element-limit = 4096 (default)
2023-12-13 18:50:45,477 [s1@group-54689077FB2A-LeaderElection13] INFO  server.RaftServerConfigKeys (ConfUtils.java:logGet(46)) - raft.server.write.byte-limit = 64MB (=67108864) (default)
2023-12-13 18:50:45,478 [s1@group-54689077FB2A-LeaderElection13] INFO  server.RaftServerConfigKeys (ConfUtils.java:logGet(46)) - raft.server.watch.timeout = 10s (default)
2023-12-13 18:50:45,478 [s1@group-54689077FB2A-LeaderElection13] INFO  server.RaftServerConfigKeys (ConfUtils.java:logGet(46)) - raft.server.watch.timeout.denomination = 1s (default)
2023-12-13 18:50:45,478 [s1@group-54689077FB2A-LeaderElection13] INFO  server.RaftServerConfigKeys (ConfUtils.java:logGet(46)) - raft.server.watch.element-limit = 65536 (default)
2023-12-13 18:50:45,478 [s1@group-54689077FB2A-LeaderElection13] INFO  server.RaftServerConfigKeys (ConfUtils.java:logGet(46)) - raft.server.read.leader.lease.enabled = false (default)
2023-12-13 18:50:45,478 [s1@group-54689077FB2A-LeaderElection13] INFO  server.RaftServerConfigKeys (ConfUtils.java:logGet(46)) - raft.server.read.leader.lease.timeout.ratio = 0.9 (default)
2023-12-13 18:50:45,478 [s1@group-54689077FB2A-LeaderElection13] INFO  server.RaftServerConfigKeys (ConfUtils.java:logGet(46)) - raft.server.rpc.timeout.min = 1500ms (custom)
2023-12-13 18:50:45,478 [s1@group-54689077FB2A-LeaderElection13] INFO  server.RaftServerConfigKeys (ConfUtils.java:logGet(46)) - raft.server.write.element-limit = 4096 (default)
2023-12-13 18:50:45,478 [s1@group-54689077FB2A-LeaderElection13] INFO  server.RaftServerConfigKeys (ConfUtils.java:logGet(46)) - raft.server.write.follower.gap.ratio.max = -1.0 (default)
2023-12-13 18:50:45,478 [s1@group-54689077FB2A-LeaderElection13] INFO  server.RaftServerConfigKeys (ConfUtils.java:logGet(46)) - raft.server.log.appender.snapshot.chunk.size.max = 16MB (=16777216) (default)
2023-12-13 18:50:45,478 [s1@group-54689077FB2A-LeaderElection13] INFO  server.RaftServerConfigKeys (ConfUtils.java:logGet(46)) - raft.server.log.appender.buffer.byte-limit = 4MB (=4194304) (default)
2023-12-13 18:50:45,478 [s1@group-54689077FB2A-LeaderElection13] INFO  server.RaftServerConfigKeys (ConfUtils.java:logGet(46)) - raft.server.log.appender.buffer.element-limit = 0 (default)
2023-12-13 18:50:45,478 [s1@group-54689077FB2A-LeaderElection13] INFO  server.RaftServerConfigKeys (ConfUtils.java:logGet(46)) - raft.server.log.appender.wait-time.min = 1ms (default)
2023-12-13 18:50:45,478 [s1@group-54689077FB2A-LeaderElection13] INFO  grpc.GrpcConfigKeys (ConfUtils.java:logGet(46)) - raft.grpc.server.leader.outstanding.appends.max = 8 (default)
2023-12-13 18:50:45,478 [s1@group-54689077FB2A-LeaderElection13] INFO  server.RaftServerConfigKeys (ConfUtils.java:logGet(46)) - raft.server.rpc.request.timeout = 3000ms (default)
2023-12-13 18:50:45,478 [s1@group-54689077FB2A-LeaderElection13] INFO  grpc.GrpcConfigKeys (ConfUtils.java:logGet(46)) - raft.grpc.server.install_snapshot.request.element-limit = 8 (default)
2023-12-13 18:50:45,478 [s1@group-54689077FB2A-LeaderElection13] INFO  grpc.GrpcConfigKeys (ConfUtils.java:logGet(46)) - raft.grpc.server.install_snapshot.request.timeout = 3000ms (default)
2023-12-13 18:50:45,478 [s1@group-54689077FB2A-LeaderElection13] INFO  server.RaftServerConfigKeys (ConfUtils.java:logGet(46)) - raft.server.log.appender.install.snapshot.enabled = true (default)
2023-12-13 18:50:45,478 [s1@group-54689077FB2A-LeaderElection13] INFO  grpc.GrpcConfigKeys (ConfUtils.java:logGet(46)) - raft.grpc.server.heartbeat.channel = true (default)
2023-12-13 18:50:45,478 [s1@group-54689077FB2A-LeaderElection13] INFO  server.RaftServerConfigKeys (ConfUtils.java:logGet(46)) - raft.server.log.appender.snapshot.chunk.size.max = 16MB (=16777216) (default)
2023-12-13 18:50:45,478 [s1@group-54689077FB2A-LeaderElection13] INFO  server.RaftServerConfigKeys (ConfUtils.java:logGet(46)) - raft.server.log.appender.buffer.byte-limit = 4MB (=4194304) (default)
2023-12-13 18:50:45,478 [s1@group-54689077FB2A-LeaderElection13] INFO  server.RaftServerConfigKeys (ConfUtils.java:logGet(46)) - raft.server.log.appender.buffer.element-limit = 0 (default)
2023-12-13 18:50:45,478 [s1@group-54689077FB2A-LeaderElection13] INFO  server.RaftServerConfigKeys (ConfUtils.java:logGet(46)) - raft.server.log.appender.wait-time.min = 1ms (default)
2023-12-13 18:50:45,478 [s1@group-54689077FB2A-LeaderElection13] INFO  grpc.GrpcConfigKeys (ConfUtils.java:logGet(46)) - raft.grpc.server.leader.outstanding.appends.max = 8 (default)
2023-12-13 18:50:45,478 [s1@group-54689077FB2A-LeaderElection13] INFO  server.RaftServerConfigKeys (ConfUtils.java:logGet(46)) - raft.server.rpc.request.timeout = 3000ms (default)
2023-12-13 18:50:45,478 [s1@group-54689077FB2A-LeaderElection13] INFO  grpc.GrpcConfigKeys (ConfUtils.java:logGet(46)) - raft.grpc.server.install_snapshot.request.element-limit = 8 (default)
2023-12-13 18:50:45,479 [s1@group-54689077FB2A-LeaderElection13] INFO  grpc.GrpcConfigKeys (ConfUtils.java:logGet(46)) - raft.grpc.server.install_snapshot.request.timeout = 3000ms (default)
2023-12-13 18:50:45,479 [s1@group-54689077FB2A-LeaderElection13] INFO  server.RaftServerConfigKeys (ConfUtils.java:logGet(46)) - raft.server.log.appender.install.snapshot.enabled = true (default)
2023-12-13 18:50:45,479 [s1@group-54689077FB2A-LeaderElection13] INFO  grpc.GrpcConfigKeys (ConfUtils.java:logGet(46)) - raft.grpc.server.heartbeat.channel = true (default)
2023-12-13 18:50:45,479 [s1@group-54689077FB2A-LeaderElection13] INFO  impl.RoleInfo (RoleInfo.java:updateAndGet(139)) - s1: start s1@group-54689077FB2A-LeaderStateImpl
2023-12-13 18:50:45,479 [s1@group-54689077FB2A-LeaderElection13] INFO  server.RaftServer$Division (ServerState.java:setLeader(265)) - s1@group-54689077FB2A: change Leader from null to s1 at term 4 for becomeLeader, leader elected after 6ms
2023-12-13 18:50:45,479 [s1@group-54689077FB2A-LeaderElection13] INFO  segmented.SegmentedRaftLogWorker (SegmentedRaftLogWorker.java:rollLogSegment(435)) - s1@group-54689077FB2A-SegmentedRaftLogWorker: Rolling segment log-23_28 to index:28
2023-12-13 18:50:45,479 [s1@group-54689077FB2A-LeaderElection13] INFO  server.RaftServer$Division (ServerState.java:setRaftConf(382)) - s1@group-54689077FB2A: set configuration 29: peers:[s0|0.0.0.0:46607, s1|0.0.0.0:41525, s2|0.0.0.0:45147]|listeners:[], old=null
2023-12-13 18:50:45,480 [s1@group-54689077FB2A-SegmentedRaftLogWorker] TRACE util.FileUtils (LogUtils.java:runAndLog(49)) - Successfully ran Atomic Files.move /home/runner/work/ratis/ratis/ratis-test/target/test/data/b8de9602/MiniRaftClusterWithGrpcbc2420e5/s1/82990ede-4710-4729-82e4-54689077fb2a/current/log_inprogress_23 to /home/runner/work/ratis/ratis/ratis-test/target/test/data/b8de9602/MiniRaftClusterWithGrpcbc2420e5/s1/82990ede-4710-4729-82e4-54689077fb2a/current/log_23-28
2023-12-13 18:50:45,480 [s1@group-54689077FB2A-SegmentedRaftLogWorker] INFO  segmented.SegmentedRaftLogWorker (SegmentedRaftLogWorker.java:execute(591)) - s1@group-54689077FB2A-SegmentedRaftLogWorker: Rolled log segment from /home/runner/work/ratis/ratis/ratis-test/target/test/data/b8de9602/MiniRaftClusterWithGrpcbc2420e5/s1/82990ede-4710-4729-82e4-54689077fb2a/current/log_inprogress_23 to /home/runner/work/ratis/ratis/ratis-test/target/test/data/b8de9602/MiniRaftClusterWithGrpcbc2420e5/s1/82990ede-4710-4729-82e4-54689077fb2a/current/log_23-28
2023-12-13 18:50:45,480 [s1@group-54689077FB2A-SegmentedRaftLogWorker] INFO  segmented.BufferedWriteChannel (BufferedWriteChannel.java:open(62)) - open log_inprogress_29 at position 0
2023-12-13 18:50:45,481 [s0-server-thread3] INFO  server.RaftServer$Division (ServerState.java:setLeader(265)) - s0@group-54689077FB2A: change Leader from null to s1 at term 4 for appendEntries, leader elected after 7ms
2023-12-13 18:50:45,484 [s0-server-thread4] DEBUG server.RaftServer$Division (RaftServerImpl.java:logAppendEntries(1504)) - s0@group-54689077FB2A: receive appendEntries(s1, 4, (t:3, i:28), 28, false, commits:[s1:c28, s0:c28, s2:c28], cId:1, entries: [(t:4, i:29), CONFIGURATIONENTRY(current:id: "s0"
address: "0.0.0.0:46607"
priority: 1
clientAddress: "0.0.0.0:46607"
adminAddress: "0.0.0.0:46607"
startupRole: FOLLOWER
,id: "s1"
address: "0.0.0.0:41525"
priority: 2
clientAddress: "0.0.0.0:41525"
adminAddress: "0.0.0.0:41525"
startupRole: FOLLOWER
,id: "s2"
address: "0.0.0.0:45147"
priority: 1
clientAddress: "0.0.0.0:45147"
adminAddress: "0.0.0.0:45147"
startupRole: FOLLOWER
, old:)]
2023-12-13 18:50:45,484 [s0-server-thread4] INFO  server.RaftServer$Division (ServerState.java:setRaftConf(382)) - s0@group-54689077FB2A: set configuration 29: peers:[s0|0.0.0.0:46607, s1|0.0.0.0:41525, s2|0.0.0.0:45147]|listeners:[], old=null
2023-12-13 18:50:45,485 [s0-server-thread4] INFO  segmented.SegmentedRaftLogWorker (SegmentedRaftLogWorker.java:rollLogSegment(435)) - s0@group-54689077FB2A-SegmentedRaftLogWorker: Rolling segment log-23_28 to index:28
2023-12-13 18:50:45,485 [s0@group-54689077FB2A-SegmentedRaftLogWorker] TRACE util.FileUtils (LogUtils.java:runAndLog(49)) - Successfully ran Atomic Files.move /home/runner/work/ratis/ratis/ratis-test/target/test/data/b8de9602/MiniRaftClusterWithGrpcbc2420e5/s0/82990ede-4710-4729-82e4-54689077fb2a/current/log_inprogress_23 to /home/runner/work/ratis/ratis/ratis-test/target/test/data/b8de9602/MiniRaftClusterWithGrpcbc2420e5/s0/82990ede-4710-4729-82e4-54689077fb2a/current/log_23-28
2023-12-13 18:50:45,485 [s0@group-54689077FB2A-SegmentedRaftLogWorker] INFO  segmented.SegmentedRaftLogWorker (SegmentedRaftLogWorker.java:execute(591)) - s0@group-54689077FB2A-SegmentedRaftLogWorker: Rolled log segment from /home/runner/work/ratis/ratis/ratis-test/target/test/data/b8de9602/MiniRaftClusterWithGrpcbc2420e5/s0/82990ede-4710-4729-82e4-54689077fb2a/current/log_inprogress_23 to /home/runner/work/ratis/ratis/ratis-test/target/test/data/b8de9602/MiniRaftClusterWithGrpcbc2420e5/s0/82990ede-4710-4729-82e4-54689077fb2a/current/log_23-28
2023-12-13 18:50:45,485 [s0@group-54689077FB2A-SegmentedRaftLogWorker] INFO  segmented.BufferedWriteChannel (BufferedWriteChannel.java:open(62)) - open log_inprogress_29 at position 0
2023-12-13 18:50:45,486 [s2-server-thread1] INFO  server.RaftServer$Division (ServerState.java:setLeader(265)) - s2@group-54689077FB2A: change Leader from null to s1 at term 4 for appendEntries, leader elected after 11ms
2023-12-13 18:50:45,489 [s1@group-54689077FB2A-SegmentedRaftLogWorker] INFO  segmented.SegmentedRaftLogWorker (SegmentedRaftLogWorker.java:execute(634)) - s1@group-54689077FB2A-SegmentedRaftLogWorker: created new log segment /home/runner/work/ratis/ratis/ratis-test/target/test/data/b8de9602/MiniRaftClusterWithGrpcbc2420e5/s1/82990ede-4710-4729-82e4-54689077fb2a/current/log_inprogress_29
2023-12-13 18:50:45,490 [s2-server-thread2] DEBUG server.RaftServer$Division (RaftServerImpl.java:logAppendEntries(1504)) - s2@group-54689077FB2A: receive appendEntries(s1, 4, (t:3, i:28), 28, false, commits:[s1:c28, s0:c28, s2:c28], cId:1, entries: [(t:4, i:29), CONFIGURATIONENTRY(current:id: "s0"
address: "0.0.0.0:46607"
priority: 1
clientAddress: "0.0.0.0:46607"
adminAddress: "0.0.0.0:46607"
startupRole: FOLLOWER
,id: "s1"
address: "0.0.0.0:41525"
priority: 2
clientAddress: "0.0.0.0:41525"
adminAddress: "0.0.0.0:41525"
startupRole: FOLLOWER
,id: "s2"
address: "0.0.0.0:45147"
priority: 1
clientAddress: "0.0.0.0:45147"
adminAddress: "0.0.0.0:45147"
startupRole: FOLLOWER
, old:)]
2023-12-13 18:50:45,490 [s2-server-thread2] INFO  server.RaftServer$Division (ServerState.java:setRaftConf(382)) - s2@group-54689077FB2A: set configuration 29: peers:[s0|0.0.0.0:46607, s1|0.0.0.0:41525, s2|0.0.0.0:45147]|listeners:[], old=null
2023-12-13 18:50:45,490 [s2-server-thread2] INFO  segmented.SegmentedRaftLogWorker (SegmentedRaftLogWorker.java:rollLogSegment(435)) - s2@group-54689077FB2A-SegmentedRaftLogWorker: Rolling segment log-23_28 to index:28
2023-12-13 18:50:45,491 [s2@group-54689077FB2A-SegmentedRaftLogWorker] TRACE util.FileUtils (LogUtils.java:runAndLog(49)) - Successfully ran Atomic Files.move /home/runner/work/ratis/ratis/ratis-test/target/test/data/b8de9602/MiniRaftClusterWithGrpcbc2420e5/s2/82990ede-4710-4729-82e4-54689077fb2a/current/log_inprogress_23 to /home/runner/work/ratis/ratis/ratis-test/target/test/data/b8de9602/MiniRaftClusterWithGrpcbc2420e5/s2/82990ede-4710-4729-82e4-54689077fb2a/current/log_23-28
2023-12-13 18:50:45,491 [s2@group-54689077FB2A-SegmentedRaftLogWorker] INFO  segmented.SegmentedRaftLogWorker (SegmentedRaftLogWorker.java:execute(591)) - s2@group-54689077FB2A-SegmentedRaftLogWorker: Rolled log segment from /home/runner/work/ratis/ratis/ratis-test/target/test/data/b8de9602/MiniRaftClusterWithGrpcbc2420e5/s2/82990ede-4710-4729-82e4-54689077fb2a/current/log_inprogress_23 to /home/runner/work/ratis/ratis/ratis-test/target/test/data/b8de9602/MiniRaftClusterWithGrpcbc2420e5/s2/82990ede-4710-4729-82e4-54689077fb2a/current/log_23-28
2023-12-13 18:50:45,491 [s2@group-54689077FB2A-SegmentedRaftLogWorker] INFO  segmented.BufferedWriteChannel (BufferedWriteChannel.java:open(62)) - open log_inprogress_29 at position 0
2023-12-13 18:50:45,497 [s0@group-54689077FB2A-SegmentedRaftLogWorker] INFO  segmented.SegmentedRaftLogWorker (SegmentedRaftLogWorker.java:execute(634)) - s0@group-54689077FB2A-SegmentedRaftLogWorker: created new log segment /home/runner/work/ratis/ratis/ratis-test/target/test/data/b8de9602/MiniRaftClusterWithGrpcbc2420e5/s0/82990ede-4710-4729-82e4-54689077fb2a/current/log_inprogress_29
2023-12-13 18:50:45,498 [s0-server-thread4] DEBUG server.RaftServer$Division (RaftServerImpl.java:logAppendEntries(1504)) - s0@group-54689077FB2A: succeeded to handle AppendEntries. Reply: s1<-s0#1:OK-t4,SUCCESS,nextIndex=30,followerCommit=28,matchIndex=29
2023-12-13 18:50:45,499 [s2@group-54689077FB2A-SegmentedRaftLogWorker] INFO  segmented.SegmentedRaftLogWorker (SegmentedRaftLogWorker.java:execute(634)) - s2@group-54689077FB2A-SegmentedRaftLogWorker: created new log segment /home/runner/work/ratis/ratis/ratis-test/target/test/data/b8de9602/MiniRaftClusterWithGrpcbc2420e5/s2/82990ede-4710-4729-82e4-54689077fb2a/current/log_inprogress_29
2023-12-13 18:50:45,499 [s1@group-54689077FB2A-StateMachineUpdater] TRACE util.FileUtils (LogUtils.java:supplyAndLog(69)) - Successfully supplied FileChannel.open /home/runner/work/ratis/ratis/ratis-test/target/test/data/b8de9602/MiniRaftClusterWithGrpcbc2420e5/s1/82990ede-4710-4729-82e4-54689077fb2a/current/raft-meta.conf.tmp with options [CREATE, WRITE]: sun.nio.ch.FileChannelImpl@49eec3c
2023-12-13 18:50:45,500 [s0-server-thread4] DEBUG server.RaftServer$Division (RaftServerImpl.java:logAppendEntries(1504)) - s0@group-54689077FB2A: receive appendEntries(s1, 4, (t:4, i:29), 29, false, commits:[s1:c29, s0:c28, s2:c28], cId:2, entries: [(t:4, i:30), METADATAENTRY(c:29)]
2023-12-13 18:50:45,500 [s2-server-thread2] DEBUG server.RaftServer$Division (RaftServerImpl.java:logAppendEntries(1504)) - s2@group-54689077FB2A: receive appendEntries(s1, 4, (t:4, i:29), 29, false, commits:[s1:c29, s0:c28, s2:c28], cId:2, entries: [(t:4, i:30), METADATAENTRY(c:29)]
2023-12-13 18:50:45,500 [s1@group-54689077FB2A-StateMachineUpdater] TRACE util.FileUtils (LogUtils.java:runAndLog(49)) - Successfully ran Atomic Files.move /home/runner/work/ratis/ratis/ratis-test/target/test/data/b8de9602/MiniRaftClusterWithGrpcbc2420e5/s1/82990ede-4710-4729-82e4-54689077fb2a/current/raft-meta.conf.tmp to /home/runner/work/ratis/ratis/ratis-test/target/test/data/b8de9602/MiniRaftClusterWithGrpcbc2420e5/s1/82990ede-4710-4729-82e4-54689077fb2a/current/raft-meta.conf with options [REPLACE_EXISTING]
2023-12-13 18:50:45,500 [s1@group-54689077FB2A-StateMachineUpdater] INFO  server.RaftServer$Division (LeaderStateImpl.java:isApplied(320)) - leader is ready since appliedIndex == 29 >= startIndex == 29
2023-12-13 18:50:45,501 [s2-server-thread2] DEBUG server.RaftServer$Division (RaftServerImpl.java:logAppendEntries(1504)) - s2@group-54689077FB2A: succeeded to handle AppendEntries. Reply: s1<-s2#1:OK-t4,SUCCESS,nextIndex=30,followerCommit=28,matchIndex=29
2023-12-13 18:50:45,501 [s0-server-thread4] DEBUG server.RaftServer$Division (RaftServerImpl.java:logAppendEntries(1504)) - s0@group-54689077FB2A: succeeded to handle AppendEntries. Reply: s1<-s0#2:OK-t4,SUCCESS,nextIndex=31,followerCommit=29,matchIndex=30
2023-12-13 18:50:45,501 [s0@group-54689077FB2A-StateMachineUpdater] TRACE util.FileUtils (LogUtils.java:supplyAndLog(69)) - Successfully supplied FileChannel.open /home/runner/work/ratis/ratis/ratis-test/target/test/data/b8de9602/MiniRaftClusterWithGrpcbc2420e5/s0/82990ede-4710-4729-82e4-54689077fb2a/current/raft-meta.conf.tmp with options [CREATE, WRITE]: sun.nio.ch.FileChannelImpl@7c2a9971
2023-12-13 18:50:45,501 [s2-server-thread2] DEBUG server.RaftServer$Division (RaftServerImpl.java:logAppendEntries(1504)) - s2@group-54689077FB2A: succeeded to handle AppendEntries. Reply: s1<-s2#2:OK-t4,SUCCESS,nextIndex=31,followerCommit=29,matchIndex=30
2023-12-13 18:50:45,501 [s2@group-54689077FB2A-StateMachineUpdater] TRACE util.FileUtils (LogUtils.java:supplyAndLog(69)) - Successfully supplied FileChannel.open /home/runner/work/ratis/ratis/ratis-test/target/test/data/b8de9602/MiniRaftClusterWithGrpcbc2420e5/s2/82990ede-4710-4729-82e4-54689077fb2a/current/raft-meta.conf.tmp with options [CREATE, WRITE]: sun.nio.ch.FileChannelImpl@5e0fce88
2023-12-13 18:50:45,503 [s0@group-54689077FB2A-StateMachineUpdater] TRACE util.FileUtils (LogUtils.java:runAndLog(49)) - Successfully ran Atomic Files.move /home/runner/work/ratis/ratis/ratis-test/target/test/data/b8de9602/MiniRaftClusterWithGrpcbc2420e5/s0/82990ede-4710-4729-82e4-54689077fb2a/current/raft-meta.conf.tmp to /home/runner/work/ratis/ratis/ratis-test/target/test/data/b8de9602/MiniRaftClusterWithGrpcbc2420e5/s0/82990ede-4710-4729-82e4-54689077fb2a/current/raft-meta.conf with options [REPLACE_EXISTING]
2023-12-13 18:50:45,503 [s2@group-54689077FB2A-StateMachineUpdater] TRACE util.FileUtils (LogUtils.java:runAndLog(49)) - Successfully ran Atomic Files.move /home/runner/work/ratis/ratis/ratis-test/target/test/data/b8de9602/MiniRaftClusterWithGrpcbc2420e5/s2/82990ede-4710-4729-82e4-54689077fb2a/current/raft-meta.conf.tmp to /home/runner/work/ratis/ratis/ratis-test/target/test/data/b8de9602/MiniRaftClusterWithGrpcbc2420e5/s2/82990ede-4710-4729-82e4-54689077fb2a/current/raft-meta.conf with options [REPLACE_EXISTING]
2023-12-13 18:50:46,472 [Time-limited test] INFO  server.RaftServerConfigKeys (ConfUtils.java:logGet(46)) - raft.server.rpc.timeout.max = 2000ms (custom)
2023-12-13 18:50:46,473 [Time-limited test] INFO  ratis.RaftTestUtil (RaftTestUtil.java:waitForLeader(100)) - printing group-54689077FB2A
  s0:  RUNNING  FOLLOWER s0@group-54689077FB2A:t4, leader=s1, voted=s1, raftlog=Memoized:s0@group-54689077FB2A-SegmentedRaftLog:OPENED:c30, conf=29: peers:[s0|0.0.0.0:46607, s1|0.0.0.0:41525, s2|0.0.0.0:45147]|listeners:[], old=null RUNNING
  s1:  RUNNING    LEADER s1@group-54689077FB2A:t4, leader=s1, voted=s1, raftlog=Memoized:s1@group-54689077FB2A-SegmentedRaftLog:OPENED:c30, conf=29: peers:[s0|0.0.0.0:46607, s1|0.0.0.0:41525, s2|0.0.0.0:45147]|listeners:[], old=null RUNNING
  s2:  RUNNING  FOLLOWER s2@group-54689077FB2A:t4, leader=s1, voted=s1, raftlog=Memoized:s2@group-54689077FB2A-SegmentedRaftLog:OPENED:c30, conf=29: peers:[s0|0.0.0.0:46607, s1|0.0.0.0:41525, s2|0.0.0.0:45147]|listeners:[], old=null RUNNING
2023-12-13 18:50:46,473 [Time-limited test] INFO  ratis.RaftTestUtil (RaftTestUtil.java:waitForLeader(124)) - printing group-54689077FB2A
  s0:  RUNNING  FOLLOWER s0@group-54689077FB2A:t4, leader=s1, voted=s1, raftlog=Memoized:s0@group-54689077FB2A-SegmentedRaftLog:OPENED:c30, conf=29: peers:[s0|0.0.0.0:46607, s1|0.0.0.0:41525, s2|0.0.0.0:45147]|listeners:[], old=null RUNNING
  s1:  RUNNING    LEADER s1@group-54689077FB2A:t4, leader=s1, voted=s1, raftlog=Memoized:s1@group-54689077FB2A-SegmentedRaftLog:OPENED:c30, conf=29: peers:[s0|0.0.0.0:46607, s1|0.0.0.0:41525, s2|0.0.0.0:45147]|listeners:[], old=null RUNNING
  s2:  RUNNING  FOLLOWER s2@group-54689077FB2A:t4, leader=s1, voted=s1, raftlog=Memoized:s2@group-54689077FB2A-SegmentedRaftLog:OPENED:c30, conf=29: peers:[s0|0.0.0.0:46607, s1|0.0.0.0:41525, s2|0.0.0.0:45147]|listeners:[], old=null RUNNING
2023-12-13 18:50:46,473 [Time-limited test] INFO  impl.MiniRaftCluster (MiniRaftCluster.java:killServer(533)) - killServer s1
2023-12-13 18:50:46,473 [Time-limited test] INFO  server.RaftServer (RaftServerProxy.java:lambda$close$9(416)) - s1: close
2023-12-13 18:50:46,473 [Time-limited test] INFO  server.GrpcService (GrpcService.java:closeImpl(311)) - s1: shutdown server GrpcServerProtocolService now
2023-12-13 18:50:46,473 [s1-impl-thread1] INFO  server.RaftServer$Division (RaftServerImpl.java:lambda$close$3(516)) - s1@group-54689077FB2A: shutdown
2023-12-13 18:50:46,473 [s1-impl-thread1] INFO  util.JmxRegister (JmxRegister.java:unregister(73)) - Successfully un-registered JMX Bean with object name Ratis:service=RaftServer,group=group-54689077FB2A,id=s1
2023-12-13 18:50:46,473 [s1-impl-thread1] INFO  impl.RoleInfo (RoleInfo.java:shutdownLeaderState(94)) - s1: shutdown s1@group-54689077FB2A-LeaderStateImpl
2023-12-13 18:50:46,473 [s1-impl-thread1] INFO  impl.PendingRequests (PendingRequests.java:sendNotLeaderResponses(289)) - s1@group-54689077FB2A-PendingRequests: sendNotLeaderResponses
2023-12-13 18:50:46,473 [s1@group-54689077FB2A->s0-GrpcLogAppender-LogAppenderDaemon] WARN  server.GrpcLogAppender (GrpcLogAppender.java:mayWait(279)) - s1@group-54689077FB2A->s0-GrpcLogAppender: Wait interrupted by java.lang.InterruptedException
2023-12-13 18:50:46,473 [s1@group-54689077FB2A->s2-GrpcLogAppender-LogAppenderDaemon] WARN  server.GrpcLogAppender (GrpcLogAppender.java:mayWait(279)) - s1@group-54689077FB2A->s2-GrpcLogAppender: Wait interrupted by java.lang.InterruptedException
2023-12-13 18:50:46,473 [Thread-906] INFO  server.GrpcServerProtocolClient (GrpcServerProtocolClient.java:close(103)) - s0 Close channels
2023-12-13 18:50:46,474 [Thread-908] INFO  server.GrpcServerProtocolClient (GrpcServerProtocolClient.java:close(103)) - s2 Close channels
2023-12-13 18:50:46,474 [grpc-default-executor-4] INFO  server.GrpcServerProtocolService (GrpcServerProtocolService.java:onCompleted(157)) - s2: Completed APPEND_ENTRIES, lastRequest: s1->s2#2-t4,previous=(t:4, i:29),leaderCommit=29,initializing? false,entries: size=1, first=(t:4, i:30), METADATAENTRY(c:29)
2023-12-13 18:50:46,474 [grpc-default-executor-4] INFO  server.GrpcServerProtocolService (GrpcServerProtocolService.java:lambda$onCompleted$5(159)) - s2: Completed APPEND_ENTRIES, lastReply: null
2023-12-13 18:50:46,474 [s1-impl-thread1] INFO  impl.StateMachineUpdater (StateMachineUpdater.java:stopAndJoin(157)) - s1@group-54689077FB2A-StateMachineUpdater: set stopIndex = 30
2023-12-13 18:50:46,475 [s1-impl-thread1] INFO  server.RaftServer$Division (ServerState.java:close(423)) - s1@group-54689077FB2A: applyIndex: 30
2023-12-13 18:50:46,475 [s1@group-54689077FB2A-cacheEviction-AwaitToRun] INFO  util.AwaitToRun (AwaitToRun.java:run(49)) - s1@group-54689077FB2A-cacheEviction-AwaitToRun-AwaitForSignal is interrupted
2023-12-13 18:50:46,475 [grpc-default-executor-11] INFO  server.GrpcLogAppender (GrpcLogAppender.java:onCompleted(534)) - s1@group-54689077FB2A->s2-AppendLogResponseHandler: follower responses appendEntries COMPLETED
2023-12-13 18:50:46,475 [grpc-default-executor-11] WARN  server.GrpcLogAppender (GrpcLogAppender.java:resetClient(216)) - s1@group-54689077FB2A->s2-GrpcLogAppender: Failed to getClient for s2
org.apache.ratis.protocol.exceptions.AlreadyClosedException: s1 is already CLOSED
	at org.apache.ratis.util.PeerProxyMap$PeerAndProxy.getProxy(PeerProxyMap.java:65)
	at org.apache.ratis.util.PeerProxyMap.getProxy(PeerProxyMap.java:114)
	at org.apache.ratis.grpc.server.GrpcLogAppender.getClient(GrpcLogAppender.java:188)
	at org.apache.ratis.grpc.server.GrpcLogAppender.resetClient(GrpcLogAppender.java:193)
	at org.apache.ratis.grpc.server.GrpcLogAppender.access$700(GrpcLogAppender.java:61)
	at org.apache.ratis.grpc.server.GrpcLogAppender$AppendLogResponseHandler.onCompleted(GrpcLogAppender.java:535)
	at org.apache.ratis.thirdparty.io.grpc.stub.ClientCalls$StreamObserverToCallListenerAdapter.onClose(ClientCalls.java:479)
	at org.apache.ratis.thirdparty.io.grpc.internal.ClientCallImpl.closeObserver(ClientCallImpl.java:567)
	at org.apache.ratis.thirdparty.io.grpc.internal.ClientCallImpl.access$300(ClientCallImpl.java:71)
	at org.apache.ratis.thirdparty.io.grpc.internal.ClientCallImpl$ClientStreamListenerImpl$1StreamClosed.runInternal(ClientCallImpl.java:735)
	at org.apache.ratis.thirdparty.io.grpc.internal.ClientCallImpl$ClientStreamListenerImpl$1StreamClosed.runInContext(ClientCallImpl.java:716)
	at org.apache.ratis.thirdparty.io.grpc.internal.ContextRunnable.run(ContextRunnable.java:37)
	at org.apache.ratis.thirdparty.io.grpc.internal.SerializingExecutor.run(SerializingExecutor.java:133)
	at java.base/java.util.concurrent.ThreadPoolExecutor.runWorker(ThreadPoolExecutor.java:1128)
	at java.base/java.util.concurrent.ThreadPoolExecutor$Worker.run(ThreadPoolExecutor.java:628)
	at java.base/java.lang.Thread.run(Thread.java:829)
2023-12-13 18:50:46,475 [grpc-default-executor-13] INFO  server.GrpcServerProtocolService (GrpcServerProtocolService.java:onCompleted(157)) - s0: Completed APPEND_ENTRIES, lastRequest: s1->s0#2-t4,previous=(t:4, i:29),leaderCommit=29,initializing? false,entries: size=1, first=(t:4, i:30), METADATAENTRY(c:29)
2023-12-13 18:50:46,475 [grpc-default-executor-4] INFO  server.GrpcServerProtocolService (GrpcServerProtocolService.java:onCompleted(157)) - s2: Completed APPEND_ENTRIES, lastRequest: null
2023-12-13 18:50:46,475 [grpc-default-executor-13] INFO  server.GrpcServerProtocolService (GrpcServerProtocolService.java:lambda$onCompleted$5(159)) - s0: Completed APPEND_ENTRIES, lastReply: null
2023-12-13 18:50:46,475 [grpc-default-executor-4] INFO  server.GrpcServerProtocolService (GrpcServerProtocolService.java:lambda$onCompleted$5(159)) - s2: Completed APPEND_ENTRIES, lastReply: serverReply {
  requestorId: "s1"
  replyId: "s2"
  raftGroupId {
    id: "\202\231\016\336G\020G)\202\344Th\220w\373*"
  }
  callId: 5
  success: true
}
term: 4
nextIndex: 31
followerCommit: 30
matchIndex: 18446744073709551615
isHearbeat: true

2023-12-13 18:50:46,476 [grpc-default-executor-4] INFO  server.GrpcLogAppender (GrpcLogAppender.java:onCompleted(534)) - s1@group-54689077FB2A->s2-AppendLogResponseHandler: follower responses appendEntries COMPLETED
2023-12-13 18:50:46,476 [grpc-default-executor-0] INFO  server.GrpcLogAppender (GrpcLogAppender.java:onCompleted(534)) - s1@group-54689077FB2A->s0-AppendLogResponseHandler: follower responses appendEntries COMPLETED
2023-12-13 18:50:46,476 [grpc-default-executor-4] WARN  server.GrpcLogAppender (GrpcLogAppender.java:resetClient(216)) - s1@group-54689077FB2A->s2-GrpcLogAppender: Failed to getClient for s2
org.apache.ratis.protocol.exceptions.AlreadyClosedException: s1 is already CLOSED
	at org.apache.ratis.util.PeerProxyMap$PeerAndProxy.getProxy(PeerProxyMap.java:65)
	at org.apache.ratis.util.PeerProxyMap.getProxy(PeerProxyMap.java:114)
	at org.apache.ratis.grpc.server.GrpcLogAppender.getClient(GrpcLogAppender.java:188)
	at org.apache.ratis.grpc.server.GrpcLogAppender.resetClient(GrpcLogAppender.java:193)
	at org.apache.ratis.grpc.server.GrpcLogAppender.access$700(GrpcLogAppender.java:61)
	at org.apache.ratis.grpc.server.GrpcLogAppender$AppendLogResponseHandler.onCompleted(GrpcLogAppender.java:535)
	at org.apache.ratis.thirdparty.io.grpc.stub.ClientCalls$StreamObserverToCallListenerAdapter.onClose(ClientCalls.java:479)
	at org.apache.ratis.thirdparty.io.grpc.internal.DelayedClientCall$DelayedListener$3.run(DelayedClientCall.java:489)
	at org.apache.ratis.thirdparty.io.grpc.internal.DelayedClientCall$DelayedListener.delayOrExecute(DelayedClientCall.java:453)
	at org.apache.ratis.thirdparty.io.grpc.internal.DelayedClientCall$DelayedListener.onClose(DelayedClientCall.java:486)
	at org.apache.ratis.thirdparty.io.grpc.internal.ClientCallImpl.closeObserver(ClientCallImpl.java:567)
	at org.apache.ratis.thirdparty.io.grpc.internal.ClientCallImpl.access$300(ClientCallImpl.java:71)
	at org.apache.ratis.thirdparty.io.grpc.internal.ClientCallImpl$ClientStreamListenerImpl$1StreamClosed.runInternal(ClientCallImpl.java:735)
	at org.apache.ratis.thirdparty.io.grpc.internal.ClientCallImpl$ClientStreamListenerImpl$1StreamClosed.runInContext(ClientCallImpl.java:716)
	at org.apache.ratis.thirdparty.io.grpc.internal.ContextRunnable.run(ContextRunnable.java:37)
	at org.apache.ratis.thirdparty.io.grpc.internal.SerializingExecutor.run(SerializingExecutor.java:133)
	at java.base/java.util.concurrent.ThreadPoolExecutor.runWorker(ThreadPoolExecutor.java:1128)
	at java.base/java.util.concurrent.ThreadPoolExecutor$Worker.run(ThreadPoolExecutor.java:628)
	at java.base/java.lang.Thread.run(Thread.java:829)
2023-12-13 18:50:46,476 [grpc-default-executor-11] INFO  server.GrpcServerProtocolService (GrpcServerProtocolService.java:onCompleted(157)) - s0: Completed APPEND_ENTRIES, lastRequest: null
2023-12-13 18:50:46,476 [grpc-default-executor-0] WARN  server.GrpcLogAppender (GrpcLogAppender.java:resetClient(216)) - s1@group-54689077FB2A->s0-GrpcLogAppender: Failed to getClient for s0
org.apache.ratis.protocol.exceptions.AlreadyClosedException: s1 is already CLOSED
	at org.apache.ratis.util.PeerProxyMap$PeerAndProxy.getProxy(PeerProxyMap.java:65)
	at org.apache.ratis.util.PeerProxyMap.getProxy(PeerProxyMap.java:114)
	at org.apache.ratis.grpc.server.GrpcLogAppender.getClient(GrpcLogAppender.java:188)
	at org.apache.ratis.grpc.server.GrpcLogAppender.resetClient(GrpcLogAppender.java:193)
	at org.apache.ratis.grpc.server.GrpcLogAppender.access$700(GrpcLogAppender.java:61)
	at org.apache.ratis.grpc.server.GrpcLogAppender$AppendLogResponseHandler.onCompleted(GrpcLogAppender.java:535)
	at org.apache.ratis.thirdparty.io.grpc.stub.ClientCalls$StreamObserverToCallListenerAdapter.onClose(ClientCalls.java:479)
	at org.apache.ratis.thirdparty.io.grpc.internal.ClientCallImpl.closeObserver(ClientCallImpl.java:567)
	at org.apache.ratis.thirdparty.io.grpc.internal.ClientCallImpl.access$300(ClientCallImpl.java:71)
	at org.apache.ratis.thirdparty.io.grpc.internal.ClientCallImpl$ClientStreamListenerImpl$1StreamClosed.runInternal(ClientCallImpl.java:735)
	at org.apache.ratis.thirdparty.io.grpc.internal.ClientCallImpl$ClientStreamListenerImpl$1StreamClosed.runInContext(ClientCallImpl.java:716)
	at org.apache.ratis.thirdparty.io.grpc.internal.ContextRunnable.run(ContextRunnable.java:37)
	at org.apache.ratis.thirdparty.io.grpc.internal.SerializingExecutor.run(SerializingExecutor.java:133)
	at java.base/java.util.concurrent.ThreadPoolExecutor.runWorker(ThreadPoolExecutor.java:1128)
	at java.base/java.util.concurrent.ThreadPoolExecutor$Worker.run(ThreadPoolExecutor.java:628)
	at java.base/java.lang.Thread.run(Thread.java:829)
2023-12-13 18:50:46,477 [grpc-default-executor-11] INFO  server.GrpcServerProtocolService (GrpcServerProtocolService.java:lambda$onCompleted$5(159)) - s0: Completed APPEND_ENTRIES, lastReply: serverReply {
  requestorId: "s1"
  replyId: "s0"
  raftGroupId {
    id: "\202\231\016\336G\020G)\202\344Th\220w\373*"
  }
  callId: 5
  success: true
}
term: 4
nextIndex: 31
followerCommit: 30
matchIndex: 18446744073709551615
isHearbeat: true

2023-12-13 18:50:46,477 [grpc-default-executor-11] INFO  server.GrpcLogAppender (GrpcLogAppender.java:onCompleted(534)) - s1@group-54689077FB2A->s0-AppendLogResponseHandler: follower responses appendEntries COMPLETED
2023-12-13 18:50:46,477 [grpc-default-executor-11] WARN  server.GrpcLogAppender (GrpcLogAppender.java:resetClient(216)) - s1@group-54689077FB2A->s0-GrpcLogAppender: Failed to getClient for s0
org.apache.ratis.protocol.exceptions.AlreadyClosedException: s1 is already CLOSED
	at org.apache.ratis.util.PeerProxyMap$PeerAndProxy.getProxy(PeerProxyMap.java:65)
	at org.apache.ratis.util.PeerProxyMap.getProxy(PeerProxyMap.java:114)
	at org.apache.ratis.grpc.server.GrpcLogAppender.getClient(GrpcLogAppender.java:188)
	at org.apache.ratis.grpc.server.GrpcLogAppender.resetClient(GrpcLogAppender.java:193)
	at org.apache.ratis.grpc.server.GrpcLogAppender.access$700(GrpcLogAppender.java:61)
	at org.apache.ratis.grpc.server.GrpcLogAppender$AppendLogResponseHandler.onCompleted(GrpcLogAppender.java:535)
	at org.apache.ratis.thirdparty.io.grpc.stub.ClientCalls$StreamObserverToCallListenerAdapter.onClose(ClientCalls.java:479)
	at org.apache.ratis.thirdparty.io.grpc.internal.DelayedClientCall$DelayedListener$3.run(DelayedClientCall.java:489)
	at org.apache.ratis.thirdparty.io.grpc.internal.DelayedClientCall$DelayedListener.delayOrExecute(DelayedClientCall.java:453)
	at org.apache.ratis.thirdparty.io.grpc.internal.DelayedClientCall$DelayedListener.onClose(DelayedClientCall.java:486)
	at org.apache.ratis.thirdparty.io.grpc.internal.ClientCallImpl.closeObserver(ClientCallImpl.java:567)
	at org.apache.ratis.thirdparty.io.grpc.internal.ClientCallImpl.access$300(ClientCallImpl.java:71)
	at org.apache.ratis.thirdparty.io.grpc.internal.ClientCallImpl$ClientStreamListenerImpl$1StreamClosed.runInternal(ClientCallImpl.java:735)
	at org.apache.ratis.thirdparty.io.grpc.internal.ClientCallImpl$ClientStreamListenerImpl$1StreamClosed.runInContext(ClientCallImpl.java:716)
	at org.apache.ratis.thirdparty.io.grpc.internal.ContextRunnable.run(ContextRunnable.java:37)
	at org.apache.ratis.thirdparty.io.grpc.internal.SerializingExecutor.run(SerializingExecutor.java:133)
	at java.base/java.util.concurrent.ThreadPoolExecutor.runWorker(ThreadPoolExecutor.java:1128)
	at java.base/java.util.concurrent.ThreadPoolExecutor$Worker.run(ThreadPoolExecutor.java:628)
	at java.base/java.lang.Thread.run(Thread.java:829)
2023-12-13 18:50:46,477 [Time-limited test] INFO  server.GrpcService (GrpcService.java:closeImpl(320)) - s1: shutdown server GrpcServerProtocolService successfully
2023-12-13 18:50:46,502 [s1-impl-thread1] INFO  segmented.SegmentedRaftLogWorker (SegmentedRaftLogWorker.java:close(245)) - s1@group-54689077FB2A-SegmentedRaftLogWorker close()
2023-12-13 18:50:46,503 [JvmPauseMonitor32] INFO  util.JvmPauseMonitor (JvmPauseMonitor.java:run(152)) - JvmPauseMonitor-s1: Stopped
2023-12-13 18:50:46,503 [Time-limited test] INFO  server.RaftServerConfigKeys (ConfUtils.java:logGet(46)) - raft.server.rpc.timeout.max = 2000ms (custom)
2023-12-13 18:50:46,503 [Time-limited test] INFO  ratis.RaftTestUtil (RaftTestUtil.java:waitForLeader(100)) - printing group-54689077FB2A
  s0:  RUNNING  FOLLOWER s0@group-54689077FB2A:t4, leader=s1, voted=s1, raftlog=Memoized:s0@group-54689077FB2A-SegmentedRaftLog:OPENED:c30, conf=29: peers:[s0|0.0.0.0:46607, s1|0.0.0.0:41525, s2|0.0.0.0:45147]|listeners:[], old=null RUNNING
  s1:   CLOSED    LEADER s1@group-54689077FB2A:t4, leader=s1, voted=s1, raftlog=Memoized:s1@group-54689077FB2A-SegmentedRaftLog:CLOSED:c30, conf=29: peers:[s0|0.0.0.0:46607, s1|0.0.0.0:41525, s2|0.0.0.0:45147]|listeners:[], old=null CLOSED
  s2:  RUNNING  FOLLOWER s2@group-54689077FB2A:t4, leader=s1, voted=s1, raftlog=Memoized:s2@group-54689077FB2A-SegmentedRaftLog:OPENED:c30, conf=29: peers:[s0|0.0.0.0:46607, s1|0.0.0.0:41525, s2|0.0.0.0:45147]|listeners:[], old=null RUNNING
2023-12-13 18:50:46,503 [Time-limited test] WARN  ratis.RaftTestUtil (RaftTestUtil.java:lambda$waitForLeader$3(119)) - Attempt #1 failed: java.lang.IllegalStateException: No leader yet  for group-54689077FB2A: printing group-54689077FB2A
  s0:  RUNNING  FOLLOWER s0@group-54689077FB2A:t4, leader=s1, voted=s1, raftlog=Memoized:s0@group-54689077FB2A-SegmentedRaftLog:OPENED:c30, conf=29: peers:[s0|0.0.0.0:46607, s1|0.0.0.0:41525, s2|0.0.0.0:45147]|listeners:[], old=null RUNNING
  s1:   CLOSED    LEADER s1@group-54689077FB2A:t4, leader=s1, voted=s1, raftlog=Memoized:s1@group-54689077FB2A-SegmentedRaftLog:CLOSED:c30, conf=29: peers:[s0|0.0.0.0:46607, s1|0.0.0.0:41525, s2|0.0.0.0:45147]|listeners:[], old=null CLOSED
  s2:  RUNNING  FOLLOWER s2@group-54689077FB2A:t4, leader=s1, voted=s1, raftlog=Memoized:s2@group-54689077FB2A-SegmentedRaftLog:OPENED:c30, conf=29: peers:[s0|0.0.0.0:46607, s1|0.0.0.0:41525, s2|0.0.0.0:45147]|listeners:[], old=null RUNNING
2023-12-13 18:50:49,014 [s0@group-54689077FB2A-FollowerState] INFO  impl.FollowerState (FollowerState.java:run(143)) - s0@group-54689077FB2A-FollowerState: change to CANDIDATE, lastRpcElapsedTime:2760099538ns, electionTimeout:1918ms
2023-12-13 18:50:49,014 [s0@group-54689077FB2A-FollowerState] INFO  impl.RoleInfo (RoleInfo.java:shutdownFollowerState(110)) - s0: shutdown s0@group-54689077FB2A-FollowerState
2023-12-13 18:50:49,014 [s0@group-54689077FB2A-FollowerState] INFO  server.RaftServer$Division (RaftServerImpl.java:setRole(379)) - s0@group-54689077FB2A: changes role from  FOLLOWER to CANDIDATE at term 4 for changeToCandidate
2023-12-13 18:50:49,014 [s0@group-54689077FB2A-FollowerState] INFO  server.RaftServerConfigKeys (ConfUtils.java:logGet(46)) - raft.server.leaderelection.pre-vote = true (default)
2023-12-13 18:50:49,014 [s0@group-54689077FB2A-FollowerState] INFO  impl.RoleInfo (RoleInfo.java:updateAndGet(139)) - s0: start s0@group-54689077FB2A-LeaderElection14
2023-12-13 18:50:49,014 [s0@group-54689077FB2A-LeaderElection14] INFO  server.RaftServer$Division (ServerState.java:setLeader(265)) - s0@group-54689077FB2A: change Leader from s1 to null at term 4 for PRE_VOTE
2023-12-13 18:50:49,014 [s0@group-54689077FB2A-LeaderElection14] INFO  impl.LeaderElection (LeaderElection.java:askForVotes(321)) - s0@group-54689077FB2A-LeaderElection14 PRE_VOTE round 0: submit vote requests at term 4 for 29: peers:[s0|0.0.0.0:46607, s1|0.0.0.0:41525, s2|0.0.0.0:45147]|listeners:[], old=null
2023-12-13 18:50:49,016 [grpc-default-executor-11] INFO  server.RaftServer$Division (RaftServerImpl.java:requestVote(1377)) - s2@group-54689077FB2A: receive requestVote(PRE_VOTE, s0, group-54689077FB2A, 4, (t:4, i:30))
2023-12-13 18:50:49,016 [grpc-default-executor-11] INFO  impl.VoteContext (VoteContext.java:log(49)) - s2@group-54689077FB2A-FOLLOWER: accept PRE_VOTE from s0: our priority 1 <= candidate's priority 1
2023-12-13 18:50:49,016 [grpc-default-executor-11] INFO  server.RaftServer$Division (RaftServerImpl.java:requestVote(1410)) - s2@group-54689077FB2A replies to PRE_VOTE vote request: s0<-s2#0:OK-t4. Peer's state: s2@group-54689077FB2A:t4, leader=s1, voted=s1, raftlog=Memoized:s2@group-54689077FB2A-SegmentedRaftLog:OPENED:c30, conf=29: peers:[s0|0.0.0.0:46607, s1|0.0.0.0:41525, s2|0.0.0.0:45147]|listeners:[], old=null
2023-12-13 18:50:49,018 [s0@group-54689077FB2A-LeaderElection14] INFO  impl.LeaderElection (LogUtils.java:infoOrTrace(136)) - s0@group-54689077FB2A-LeaderElection14 got exception when requesting votes: java.util.concurrent.ExecutionException: org.apache.ratis.thirdparty.io.grpc.StatusRuntimeException: UNAVAILABLE: io exception
2023-12-13 18:50:49,018 [s0@group-54689077FB2A-LeaderElection14] INFO  impl.LeaderElection (LeaderElection.java:logAndReturn(89)) - s0@group-54689077FB2A-LeaderElection14: PRE_VOTE PASSED received 1 response(s) and 1 exception(s):
2023-12-13 18:50:49,018 [s0@group-54689077FB2A-LeaderElection14] INFO  impl.LeaderElection (LeaderElection.java:logAndReturn(93)) -   Response 0: s0<-s2#0:OK-t4
2023-12-13 18:50:49,018 [s0@group-54689077FB2A-LeaderElection14] INFO  impl.LeaderElection (LogUtils.java:infoOrTrace(136)) -   Exception 1: java.util.concurrent.ExecutionException: org.apache.ratis.thirdparty.io.grpc.StatusRuntimeException: UNAVAILABLE: io exception
2023-12-13 18:50:49,019 [s0@group-54689077FB2A-LeaderElection14] INFO  impl.LeaderElection (LeaderElection.java:askForVotes(323)) - s0@group-54689077FB2A-LeaderElection14 PRE_VOTE round 0: result PASSED
2023-12-13 18:50:49,019 [s0@group-54689077FB2A-LeaderElection14] TRACE util.FileUtils (LogUtils.java:supplyAndLog(69)) - Successfully supplied FileChannel.open /home/runner/work/ratis/ratis/ratis-test/target/test/data/b8de9602/MiniRaftClusterWithGrpcbc2420e5/s0/82990ede-4710-4729-82e4-54689077fb2a/current/raft-meta.tmp with options [CREATE, WRITE]: sun.nio.ch.FileChannelImpl@5dbe98b9
2023-12-13 18:50:49,020 [s0@group-54689077FB2A-LeaderElection14] TRACE util.FileUtils (LogUtils.java:runAndLog(49)) - Successfully ran Atomic Files.move /home/runner/work/ratis/ratis/ratis-test/target/test/data/b8de9602/MiniRaftClusterWithGrpcbc2420e5/s0/82990ede-4710-4729-82e4-54689077fb2a/current/raft-meta.tmp to /home/runner/work/ratis/ratis/ratis-test/target/test/data/b8de9602/MiniRaftClusterWithGrpcbc2420e5/s0/82990ede-4710-4729-82e4-54689077fb2a/current/raft-meta with options [REPLACE_EXISTING]
2023-12-13 18:50:49,020 [s0@group-54689077FB2A-LeaderElection14] INFO  impl.LeaderElection (LeaderElection.java:askForVotes(321)) - s0@group-54689077FB2A-LeaderElection14 ELECTION round 0: submit vote requests at term 5 for 29: peers:[s0|0.0.0.0:46607, s1|0.0.0.0:41525, s2|0.0.0.0:45147]|listeners:[], old=null
2023-12-13 18:50:49,021 [grpc-default-executor-11] INFO  server.RaftServer$Division (RaftServerImpl.java:requestVote(1377)) - s2@group-54689077FB2A: receive requestVote(ELECTION, s0, group-54689077FB2A, 5, (t:4, i:30))
2023-12-13 18:50:49,021 [grpc-default-executor-11] INFO  impl.VoteContext (VoteContext.java:log(49)) - s2@group-54689077FB2A-FOLLOWER: accept ELECTION from s0: our priority 1 <= candidate's priority 1
2023-12-13 18:50:49,021 [grpc-default-executor-11] INFO  server.RaftServer$Division (ServerState.java:setLeader(265)) - s2@group-54689077FB2A: change Leader from s1 to null at term 5 for updateCurrentTerm
2023-12-13 18:50:49,021 [grpc-default-executor-11] INFO  server.RaftServer$Division (RaftServerImpl.java:setRole(379)) - s2@group-54689077FB2A: changes role from  FOLLOWER to FOLLOWER at term 5 for candidate:s0
2023-12-13 18:50:49,021 [grpc-default-executor-11] INFO  impl.RoleInfo (RoleInfo.java:shutdownFollowerState(110)) - s2: shutdown s2@group-54689077FB2A-FollowerState
2023-12-13 18:50:49,021 [grpc-default-executor-11] INFO  impl.RoleInfo (RoleInfo.java:updateAndGet(139)) - s2: start s2@group-54689077FB2A-FollowerState
2023-12-13 18:50:49,021 [s2@group-54689077FB2A-FollowerState] INFO  impl.FollowerState (FollowerState.java:run(152)) - s2@group-54689077FB2A-FollowerState was interrupted
2023-12-13 18:50:49,021 [grpc-default-executor-11] TRACE util.FileUtils (LogUtils.java:supplyAndLog(69)) - Successfully supplied FileChannel.open /home/runner/work/ratis/ratis/ratis-test/target/test/data/b8de9602/MiniRaftClusterWithGrpcbc2420e5/s2/82990ede-4710-4729-82e4-54689077fb2a/current/raft-meta.tmp with options [CREATE, WRITE]: sun.nio.ch.FileChannelImpl@2ad215d4
2023-12-13 18:50:49,022 [grpc-default-executor-11] TRACE util.FileUtils (LogUtils.java:runAndLog(49)) - Successfully ran Atomic Files.move /home/runner/work/ratis/ratis/ratis-test/target/test/data/b8de9602/MiniRaftClusterWithGrpcbc2420e5/s2/82990ede-4710-4729-82e4-54689077fb2a/current/raft-meta.tmp to /home/runner/work/ratis/ratis/ratis-test/target/test/data/b8de9602/MiniRaftClusterWithGrpcbc2420e5/s2/82990ede-4710-4729-82e4-54689077fb2a/current/raft-meta with options [REPLACE_EXISTING]
2023-12-13 18:50:49,022 [s0@group-54689077FB2A-LeaderElection14] INFO  impl.LeaderElection (LogUtils.java:infoOrTrace(136)) - s0@group-54689077FB2A-LeaderElection14 got exception when requesting votes: java.util.concurrent.ExecutionException: org.apache.ratis.thirdparty.io.grpc.StatusRuntimeException: UNAVAILABLE: io exception
2023-12-13 18:50:49,022 [grpc-default-executor-11] INFO  server.RaftServer$Division (RaftServerImpl.java:requestVote(1410)) - s2@group-54689077FB2A replies to ELECTION vote request: s0<-s2#0:OK-t5. Peer's state: s2@group-54689077FB2A:t5, leader=null, voted=s0, raftlog=Memoized:s2@group-54689077FB2A-SegmentedRaftLog:OPENED:c30, conf=29: peers:[s0|0.0.0.0:46607, s1|0.0.0.0:41525, s2|0.0.0.0:45147]|listeners:[], old=null
2023-12-13 18:50:49,023 [s0@group-54689077FB2A-LeaderElection14] INFO  impl.LeaderElection (LeaderElection.java:logAndReturn(89)) - s0@group-54689077FB2A-LeaderElection14: ELECTION PASSED received 1 response(s) and 1 exception(s):
2023-12-13 18:50:49,023 [s0@group-54689077FB2A-LeaderElection14] INFO  impl.LeaderElection (LeaderElection.java:logAndReturn(93)) -   Response 0: s0<-s2#0:OK-t5
2023-12-13 18:50:49,023 [s0@group-54689077FB2A-LeaderElection14] INFO  impl.LeaderElection (LogUtils.java:infoOrTrace(136)) -   Exception 1: java.util.concurrent.ExecutionException: org.apache.ratis.thirdparty.io.grpc.StatusRuntimeException: UNAVAILABLE: io exception
2023-12-13 18:50:49,023 [s0@group-54689077FB2A-LeaderElection14] INFO  impl.LeaderElection (LeaderElection.java:askForVotes(323)) - s0@group-54689077FB2A-LeaderElection14 ELECTION round 0: result PASSED
2023-12-13 18:50:49,023 [s0@group-54689077FB2A-LeaderElection14] INFO  impl.RoleInfo (RoleInfo.java:shutdownLeaderElection(130)) - s0: shutdown s0@group-54689077FB2A-LeaderElection14
2023-12-13 18:50:49,023 [s0@group-54689077FB2A-LeaderElection14] INFO  server.RaftServer$Division (RaftServerImpl.java:setRole(379)) - s0@group-54689077FB2A: changes role from CANDIDATE to LEADER at term 5 for changeToLeader
2023-12-13 18:50:49,023 [s0@group-54689077FB2A-LeaderElection14] INFO  server.RaftServerConfigKeys (ConfUtils.java:logGet(46)) - raft.server.staging.catchup.gap = 1000 (default)
2023-12-13 18:50:49,023 [s0@group-54689077FB2A-LeaderElection14] INFO  server.RaftServerConfigKeys (ConfUtils.java:logGet(46)) - raft.server.write.element-limit = 4096 (default)
2023-12-13 18:50:49,024 [s0@group-54689077FB2A-LeaderElection14] INFO  server.RaftServerConfigKeys (ConfUtils.java:logGet(46)) - raft.server.write.byte-limit = 64MB (=67108864) (default)
2023-12-13 18:50:49,024 [s0@group-54689077FB2A-LeaderElection14] INFO  server.RaftServerConfigKeys (ConfUtils.java:logGet(46)) - raft.server.watch.timeout = 10s (default)
2023-12-13 18:50:49,024 [s0@group-54689077FB2A-LeaderElection14] INFO  server.RaftServerConfigKeys (ConfUtils.java:logGet(46)) - raft.server.watch.timeout.denomination = 1s (default)
2023-12-13 18:50:49,024 [s0@group-54689077FB2A-LeaderElection14] INFO  server.RaftServerConfigKeys (ConfUtils.java:logGet(46)) - raft.server.watch.element-limit = 65536 (default)
2023-12-13 18:50:49,024 [s0@group-54689077FB2A-LeaderElection14] INFO  server.RaftServerConfigKeys (ConfUtils.java:logGet(46)) - raft.server.read.leader.lease.enabled = false (default)
2023-12-13 18:50:49,024 [s0@group-54689077FB2A-LeaderElection14] INFO  server.RaftServerConfigKeys (ConfUtils.java:logGet(46)) - raft.server.read.leader.lease.timeout.ratio = 0.9 (default)
2023-12-13 18:50:49,024 [s0@group-54689077FB2A-LeaderElection14] INFO  server.RaftServerConfigKeys (ConfUtils.java:logGet(46)) - raft.server.rpc.timeout.min = 1500ms (custom)
2023-12-13 18:50:49,024 [s0@group-54689077FB2A-LeaderElection14] INFO  server.RaftServerConfigKeys (ConfUtils.java:logGet(46)) - raft.server.write.element-limit = 4096 (default)
2023-12-13 18:50:49,024 [s0@group-54689077FB2A-LeaderElection14] INFO  server.RaftServerConfigKeys (ConfUtils.java:logGet(46)) - raft.server.write.follower.gap.ratio.max = -1.0 (default)
2023-12-13 18:50:49,024 [s0@group-54689077FB2A-LeaderElection14] INFO  server.RaftServerConfigKeys (ConfUtils.java:logGet(46)) - raft.server.log.appender.snapshot.chunk.size.max = 16MB (=16777216) (default)
2023-12-13 18:50:49,024 [s0@group-54689077FB2A-LeaderElection14] INFO  server.RaftServerConfigKeys (ConfUtils.java:logGet(46)) - raft.server.log.appender.buffer.byte-limit = 4MB (=4194304) (default)
2023-12-13 18:50:49,024 [s0@group-54689077FB2A-LeaderElection14] INFO  server.RaftServerConfigKeys (ConfUtils.java:logGet(46)) - raft.server.log.appender.buffer.element-limit = 0 (default)
2023-12-13 18:50:49,024 [s0@group-54689077FB2A-LeaderElection14] INFO  server.RaftServerConfigKeys (ConfUtils.java:logGet(46)) - raft.server.log.appender.wait-time.min = 1ms (default)
2023-12-13 18:50:49,024 [s0@group-54689077FB2A-LeaderElection14] INFO  grpc.GrpcConfigKeys (ConfUtils.java:logGet(46)) - raft.grpc.server.leader.outstanding.appends.max = 8 (default)
2023-12-13 18:50:49,024 [s0@group-54689077FB2A-LeaderElection14] INFO  server.RaftServerConfigKeys (ConfUtils.java:logGet(46)) - raft.server.rpc.request.timeout = 3000ms (default)
2023-12-13 18:50:49,024 [s0@group-54689077FB2A-LeaderElection14] INFO  grpc.GrpcConfigKeys (ConfUtils.java:logGet(46)) - raft.grpc.server.install_snapshot.request.element-limit = 8 (default)
2023-12-13 18:50:49,024 [s0@group-54689077FB2A-LeaderElection14] INFO  grpc.GrpcConfigKeys (ConfUtils.java:logGet(46)) - raft.grpc.server.install_snapshot.request.timeout = 3000ms (default)
2023-12-13 18:50:49,024 [s0@group-54689077FB2A-LeaderElection14] INFO  server.RaftServerConfigKeys (ConfUtils.java:logGet(46)) - raft.server.log.appender.install.snapshot.enabled = true (default)
2023-12-13 18:50:49,024 [s0@group-54689077FB2A-LeaderElection14] INFO  grpc.GrpcConfigKeys (ConfUtils.java:logGet(46)) - raft.grpc.server.heartbeat.channel = true (default)
2023-12-13 18:50:49,025 [s0@group-54689077FB2A-LeaderElection14] INFO  server.RaftServerConfigKeys (ConfUtils.java:logGet(46)) - raft.server.log.appender.snapshot.chunk.size.max = 16MB (=16777216) (default)
2023-12-13 18:50:49,025 [s0@group-54689077FB2A-LeaderElection14] INFO  server.RaftServerConfigKeys (ConfUtils.java:logGet(46)) - raft.server.log.appender.buffer.byte-limit = 4MB (=4194304) (default)
2023-12-13 18:50:49,025 [s0@group-54689077FB2A-LeaderElection14] INFO  server.RaftServerConfigKeys (ConfUtils.java:logGet(46)) - raft.server.log.appender.buffer.element-limit = 0 (default)
2023-12-13 18:50:49,025 [s0@group-54689077FB2A-LeaderElection14] INFO  server.RaftServerConfigKeys (ConfUtils.java:logGet(46)) - raft.server.log.appender.wait-time.min = 1ms (default)
2023-12-13 18:50:49,025 [s0@group-54689077FB2A-LeaderElection14] INFO  grpc.GrpcConfigKeys (ConfUtils.java:logGet(46)) - raft.grpc.server.leader.outstanding.appends.max = 8 (default)
2023-12-13 18:50:49,025 [s0@group-54689077FB2A-LeaderElection14] INFO  server.RaftServerConfigKeys (ConfUtils.java:logGet(46)) - raft.server.rpc.request.timeout = 3000ms (default)
2023-12-13 18:50:49,025 [s0@group-54689077FB2A-LeaderElection14] INFO  grpc.GrpcConfigKeys (ConfUtils.java:logGet(46)) - raft.grpc.server.install_snapshot.request.element-limit = 8 (default)
2023-12-13 18:50:49,025 [s0@group-54689077FB2A-LeaderElection14] INFO  grpc.GrpcConfigKeys (ConfUtils.java:logGet(46)) - raft.grpc.server.install_snapshot.request.timeout = 3000ms (default)
2023-12-13 18:50:49,025 [s0@group-54689077FB2A-LeaderElection14] INFO  server.RaftServerConfigKeys (ConfUtils.java:logGet(46)) - raft.server.log.appender.install.snapshot.enabled = true (default)
2023-12-13 18:50:49,025 [s0@group-54689077FB2A-LeaderElection14] INFO  grpc.GrpcConfigKeys (ConfUtils.java:logGet(46)) - raft.grpc.server.heartbeat.channel = true (default)
2023-12-13 18:50:49,025 [s0@group-54689077FB2A-LeaderElection14] INFO  impl.RoleInfo (RoleInfo.java:updateAndGet(139)) - s0: start s0@group-54689077FB2A-LeaderStateImpl
2023-12-13 18:50:49,025 [s0@group-54689077FB2A-LeaderElection14] INFO  server.RaftServer$Division (ServerState.java:setLeader(265)) - s0@group-54689077FB2A: change Leader from null to s0 at term 5 for becomeLeader, leader elected after 10ms
2023-12-13 18:50:49,025 [s0@group-54689077FB2A-LeaderElection14] INFO  segmented.SegmentedRaftLogWorker (SegmentedRaftLogWorker.java:rollLogSegment(435)) - s0@group-54689077FB2A-SegmentedRaftLogWorker: Rolling segment log-29_30 to index:30
2023-12-13 18:50:49,026 [s0@group-54689077FB2A-LeaderElection14] INFO  server.RaftServer$Division (ServerState.java:setRaftConf(382)) - s0@group-54689077FB2A: set configuration 31: peers:[s0|0.0.0.0:46607, s1|0.0.0.0:41525, s2|0.0.0.0:45147]|listeners:[], old=null
2023-12-13 18:50:49,026 [grpc-default-executor-11] WARN  server.GrpcLogAppender (LogUtils.java:warn(121)) - s0@group-54689077FB2A->s1-AppendLogResponseHandler: Failed appendEntries: org.apache.ratis.thirdparty.io.grpc.StatusRuntimeException: UNAVAILABLE: io exception
2023-12-13 18:50:49,026 [s0@group-54689077FB2A-SegmentedRaftLogWorker] TRACE util.FileUtils (LogUtils.java:runAndLog(49)) - Successfully ran Atomic Files.move /home/runner/work/ratis/ratis/ratis-test/target/test/data/b8de9602/MiniRaftClusterWithGrpcbc2420e5/s0/82990ede-4710-4729-82e4-54689077fb2a/current/log_inprogress_29 to /home/runner/work/ratis/ratis/ratis-test/target/test/data/b8de9602/MiniRaftClusterWithGrpcbc2420e5/s0/82990ede-4710-4729-82e4-54689077fb2a/current/log_29-30
2023-12-13 18:50:49,026 [s0@group-54689077FB2A-SegmentedRaftLogWorker] INFO  segmented.SegmentedRaftLogWorker (SegmentedRaftLogWorker.java:execute(591)) - s0@group-54689077FB2A-SegmentedRaftLogWorker: Rolled log segment from /home/runner/work/ratis/ratis/ratis-test/target/test/data/b8de9602/MiniRaftClusterWithGrpcbc2420e5/s0/82990ede-4710-4729-82e4-54689077fb2a/current/log_inprogress_29 to /home/runner/work/ratis/ratis/ratis-test/target/test/data/b8de9602/MiniRaftClusterWithGrpcbc2420e5/s0/82990ede-4710-4729-82e4-54689077fb2a/current/log_29-30
2023-12-13 18:50:49,026 [s0@group-54689077FB2A-SegmentedRaftLogWorker] INFO  segmented.BufferedWriteChannel (BufferedWriteChannel.java:open(62)) - open log_inprogress_31 at position 0
2023-12-13 18:50:49,027 [grpc-default-executor-11] WARN  server.GrpcLogAppender (GrpcLogAppender.java:resetClient(207)) - s0@group-54689077FB2A->s1-GrpcLogAppender: Follower failed (request=null, errorCount=1); keep nextIndex (31) unchanged and retry.
2023-12-13 18:50:49,027 [grpc-default-executor-0] WARN  server.GrpcLogAppender (LogUtils.java:warn(121)) - s0@group-54689077FB2A->s1-AppendLogResponseHandler: Failed appendEntries: org.apache.ratis.thirdparty.io.grpc.StatusRuntimeException: UNAVAILABLE: io exception
2023-12-13 18:50:49,028 [grpc-default-executor-0] WARN  server.GrpcLogAppender (GrpcLogAppender.java:resetClient(207)) - s0@group-54689077FB2A->s1-GrpcLogAppender: Follower failed (request=null, errorCount=2); keep nextIndex (31) unchanged and retry.
2023-12-13 18:50:49,029 [s2-server-thread1] INFO  server.RaftServer$Division (ServerState.java:setLeader(265)) - s2@group-54689077FB2A: change Leader from null to s0 at term 5 for appendEntries, leader elected after 8ms
2023-12-13 18:50:49,029 [s2-server-thread1] DEBUG server.RaftServer$Division (RaftServerImpl.java:logAppendEntries(1504)) - s2@group-54689077FB2A: receive appendEntries(s0, 5, (t:4, i:30), 30, false, commits:[s0:c30, s1:c30, s2:c29], cId:1, entries: [(t:5, i:31), CONFIGURATIONENTRY(current:id: "s0"
address: "0.0.0.0:46607"
priority: 1
clientAddress: "0.0.0.0:46607"
adminAddress: "0.0.0.0:46607"
startupRole: FOLLOWER
,id: "s1"
address: "0.0.0.0:41525"
priority: 2
clientAddress: "0.0.0.0:41525"
adminAddress: "0.0.0.0:41525"
startupRole: FOLLOWER
,id: "s2"
address: "0.0.0.0:45147"
priority: 1
clientAddress: "0.0.0.0:45147"
adminAddress: "0.0.0.0:45147"
startupRole: FOLLOWER
, old:)]
2023-12-13 18:50:49,029 [grpc-default-executor-0] WARN  server.GrpcLogAppender (LogUtils.java:warn(121)) - s0@group-54689077FB2A->s1-AppendLogResponseHandler: Failed appendEntries: org.apache.ratis.thirdparty.io.grpc.StatusRuntimeException: UNAVAILABLE: io exception
2023-12-13 18:50:49,029 [s2-server-thread1] INFO  server.RaftServer$Division (ServerState.java:setRaftConf(382)) - s2@group-54689077FB2A: set configuration 31: peers:[s0|0.0.0.0:46607, s1|0.0.0.0:41525, s2|0.0.0.0:45147]|listeners:[], old=null
2023-12-13 18:50:49,029 [grpc-default-executor-4] WARN  server.GrpcLogAppender (LogUtils.java:warn(121)) - s0@group-54689077FB2A->s1-AppendLogResponseHandler: Failed appendEntries: org.apache.ratis.thirdparty.io.grpc.StatusRuntimeException: UNAVAILABLE: io exception
2023-12-13 18:50:49,029 [s2-server-thread1] INFO  segmented.SegmentedRaftLogWorker (SegmentedRaftLogWorker.java:rollLogSegment(435)) - s2@group-54689077FB2A-SegmentedRaftLogWorker: Rolling segment log-29_30 to index:30
2023-12-13 18:50:49,030 [grpc-default-executor-0] WARN  server.GrpcLogAppender (GrpcLogAppender.java:resetClient(207)) - s0@group-54689077FB2A->s1-GrpcLogAppender: Follower failed (request=null, errorCount=3); keep nextIndex (31) unchanged and retry.
2023-12-13 18:50:49,030 [s2@group-54689077FB2A-SegmentedRaftLogWorker] TRACE util.FileUtils (LogUtils.java:runAndLog(49)) - Successfully ran Atomic Files.move /home/runner/work/ratis/ratis/ratis-test/target/test/data/b8de9602/MiniRaftClusterWithGrpcbc2420e5/s2/82990ede-4710-4729-82e4-54689077fb2a/current/log_inprogress_29 to /home/runner/work/ratis/ratis/ratis-test/target/test/data/b8de9602/MiniRaftClusterWithGrpcbc2420e5/s2/82990ede-4710-4729-82e4-54689077fb2a/current/log_29-30
2023-12-13 18:50:49,030 [s2@group-54689077FB2A-SegmentedRaftLogWorker] INFO  segmented.SegmentedRaftLogWorker (SegmentedRaftLogWorker.java:execute(591)) - s2@group-54689077FB2A-SegmentedRaftLogWorker: Rolled log segment from /home/runner/work/ratis/ratis/ratis-test/target/test/data/b8de9602/MiniRaftClusterWithGrpcbc2420e5/s2/82990ede-4710-4729-82e4-54689077fb2a/current/log_inprogress_29 to /home/runner/work/ratis/ratis/ratis-test/target/test/data/b8de9602/MiniRaftClusterWithGrpcbc2420e5/s2/82990ede-4710-4729-82e4-54689077fb2a/current/log_29-30
2023-12-13 18:50:49,030 [s2@group-54689077FB2A-SegmentedRaftLogWorker] INFO  segmented.BufferedWriteChannel (BufferedWriteChannel.java:open(62)) - open log_inprogress_31 at position 0
2023-12-13 18:50:49,034 [grpc-default-executor-4] WARN  server.GrpcLogAppender (GrpcLogAppender.java:resetClient(207)) - s0@group-54689077FB2A->s1-GrpcLogAppender: Follower failed (request=null, errorCount=4); keep nextIndex (31) unchanged and retry.
2023-12-13 18:50:49,034 [grpc-default-executor-4] WARN  server.GrpcLogAppender (LogUtils.java:warn(121)) - s0@group-54689077FB2A->s1-AppendLogResponseHandler: Failed appendEntries: org.apache.ratis.thirdparty.io.grpc.StatusRuntimeException: UNAVAILABLE: io exception
2023-12-13 18:50:49,034 [grpc-default-executor-13] WARN  server.GrpcLogAppender (LogUtils.java:warn(121)) - s0@group-54689077FB2A->s1-AppendLogResponseHandler: Failed appendEntries: org.apache.ratis.thirdparty.io.grpc.StatusRuntimeException: UNAVAILABLE: io exception
2023-12-13 18:50:49,034 [grpc-default-executor-4] WARN  server.GrpcLogAppender (GrpcLogAppender.java:resetClient(207)) - s0@group-54689077FB2A->s1-GrpcLogAppender: Follower failed (request=null, errorCount=5); keep nextIndex (31) unchanged and retry.
2023-12-13 18:50:49,035 [grpc-default-executor-13] WARN  server.GrpcLogAppender (GrpcLogAppender.java:resetClient(207)) - s0@group-54689077FB2A->s1-GrpcLogAppender: Follower failed (request=null, errorCount=6); keep nextIndex (31) unchanged and retry.
2023-12-13 18:50:49,037 [grpc-default-executor-13] WARN  server.GrpcLogAppender (LogUtils.java:warn(121)) - s0@group-54689077FB2A->s1-AppendLogResponseHandler: Failed appendEntries: org.apache.ratis.thirdparty.io.grpc.StatusRuntimeException: UNAVAILABLE: io exception
2023-12-13 18:50:49,037 [grpc-default-executor-4] WARN  server.GrpcLogAppender (LogUtils.java:warn(121)) - s0@group-54689077FB2A->s1-AppendLogResponseHandler: Failed appendEntries: org.apache.ratis.thirdparty.io.grpc.StatusRuntimeException: UNAVAILABLE: io exception
2023-12-13 18:50:49,037 [grpc-default-executor-13] WARN  server.GrpcLogAppender (GrpcLogAppender.java:resetClient(207)) - s0@group-54689077FB2A->s1-GrpcLogAppender: Follower failed (request=null, errorCount=7); keep nextIndex (32) unchanged and retry.
2023-12-13 18:50:49,037 [s2@group-54689077FB2A-SegmentedRaftLogWorker] INFO  segmented.SegmentedRaftLogWorker (SegmentedRaftLogWorker.java:execute(634)) - s2@group-54689077FB2A-SegmentedRaftLogWorker: created new log segment /home/runner/work/ratis/ratis/ratis-test/target/test/data/b8de9602/MiniRaftClusterWithGrpcbc2420e5/s2/82990ede-4710-4729-82e4-54689077fb2a/current/log_inprogress_31
2023-12-13 18:50:49,038 [s2-server-thread1] DEBUG server.RaftServer$Division (RaftServerImpl.java:logAppendEntries(1504)) - s2@group-54689077FB2A: succeeded to handle AppendEntries. Reply: s0<-s2#1:OK-t5,SUCCESS,nextIndex=32,followerCommit=30,matchIndex=31
2023-12-13 18:50:49,038 [grpc-default-executor-4] WARN  server.GrpcLogAppender (GrpcLogAppender.java:resetClient(207)) - s0@group-54689077FB2A->s1-GrpcLogAppender: Follower failed (request=null, errorCount=8); keep nextIndex (32) unchanged and retry.
2023-12-13 18:50:49,039 [s0@group-54689077FB2A-SegmentedRaftLogWorker] INFO  segmented.SegmentedRaftLogWorker (SegmentedRaftLogWorker.java:execute(634)) - s0@group-54689077FB2A-SegmentedRaftLogWorker: created new log segment /home/runner/work/ratis/ratis/ratis-test/target/test/data/b8de9602/MiniRaftClusterWithGrpcbc2420e5/s0/82990ede-4710-4729-82e4-54689077fb2a/current/log_inprogress_31
2023-12-13 18:50:49,039 [s0@group-54689077FB2A-StateMachineUpdater] TRACE util.FileUtils (LogUtils.java:supplyAndLog(69)) - Successfully supplied FileChannel.open /home/runner/work/ratis/ratis/ratis-test/target/test/data/b8de9602/MiniRaftClusterWithGrpcbc2420e5/s0/82990ede-4710-4729-82e4-54689077fb2a/current/raft-meta.conf.tmp with options [CREATE, WRITE]: sun.nio.ch.FileChannelImpl@cb8251e
2023-12-13 18:50:49,040 [grpc-default-executor-4] WARN  server.GrpcLogAppender (LogUtils.java:warn(121)) - s0@group-54689077FB2A->s1-AppendLogResponseHandler: Failed appendEntries: org.apache.ratis.thirdparty.io.grpc.StatusRuntimeException: UNAVAILABLE: io exception
2023-12-13 18:50:49,040 [grpc-default-executor-13] WARN  server.GrpcLogAppender (LogUtils.java:warn(121)) - s0@group-54689077FB2A->s1-AppendLogResponseHandler: Failed appendEntries: org.apache.ratis.thirdparty.io.grpc.StatusRuntimeException: UNAVAILABLE: io exception
2023-12-13 18:50:49,040 [s2-server-thread1] DEBUG server.RaftServer$Division (RaftServerImpl.java:logAppendEntries(1504)) - s2@group-54689077FB2A: receive appendEntries(s0, 5, (t:5, i:31), 31, false, commits:[s0:c31, s1:c30, s2:c30], cId:2, entries: [(t:5, i:32), METADATAENTRY(c:31)]
2023-12-13 18:50:49,040 [s0@group-54689077FB2A-StateMachineUpdater] TRACE util.FileUtils (LogUtils.java:runAndLog(49)) - Successfully ran Atomic Files.move /home/runner/work/ratis/ratis/ratis-test/target/test/data/b8de9602/MiniRaftClusterWithGrpcbc2420e5/s0/82990ede-4710-4729-82e4-54689077fb2a/current/raft-meta.conf.tmp to /home/runner/work/ratis/ratis/ratis-test/target/test/data/b8de9602/MiniRaftClusterWithGrpcbc2420e5/s0/82990ede-4710-4729-82e4-54689077fb2a/current/raft-meta.conf with options [REPLACE_EXISTING]
2023-12-13 18:50:49,040 [s0@group-54689077FB2A-StateMachineUpdater] INFO  server.RaftServer$Division (LeaderStateImpl.java:isApplied(320)) - leader is ready since appliedIndex == 31 >= startIndex == 31
2023-12-13 18:50:49,040 [grpc-default-executor-4] WARN  server.GrpcLogAppender (GrpcLogAppender.java:resetClient(207)) - s0@group-54689077FB2A->s1-GrpcLogAppender: Follower failed (request=null, errorCount=9); keep nextIndex (33) unchanged and retry.
2023-12-13 18:50:49,040 [grpc-default-executor-13] WARN  server.GrpcLogAppender (GrpcLogAppender.java:resetClient(207)) - s0@group-54689077FB2A->s1-GrpcLogAppender: Follower failed (request=null, errorCount=10); keep nextIndex (33) unchanged and retry.
2023-12-13 18:50:49,041 [s2-server-thread1] DEBUG server.RaftServer$Division (RaftServerImpl.java:logAppendEntries(1504)) - s2@group-54689077FB2A: succeeded to handle AppendEntries. Reply: s0<-s2#2:OK-t5,SUCCESS,nextIndex=33,followerCommit=31,matchIndex=32
2023-12-13 18:50:49,041 [s2@group-54689077FB2A-StateMachineUpdater] TRACE util.FileUtils (LogUtils.java:supplyAndLog(69)) - Successfully supplied FileChannel.open /home/runner/work/ratis/ratis/ratis-test/target/test/data/b8de9602/MiniRaftClusterWithGrpcbc2420e5/s2/82990ede-4710-4729-82e4-54689077fb2a/current/raft-meta.conf.tmp with options [CREATE, WRITE]: sun.nio.ch.FileChannelImpl@dc50f54
2023-12-13 18:50:49,042 [s2@group-54689077FB2A-StateMachineUpdater] TRACE util.FileUtils (LogUtils.java:runAndLog(49)) - Successfully ran Atomic Files.move /home/runner/work/ratis/ratis/ratis-test/target/test/data/b8de9602/MiniRaftClusterWithGrpcbc2420e5/s2/82990ede-4710-4729-82e4-54689077fb2a/current/raft-meta.conf.tmp to /home/runner/work/ratis/ratis/ratis-test/target/test/data/b8de9602/MiniRaftClusterWithGrpcbc2420e5/s2/82990ede-4710-4729-82e4-54689077fb2a/current/raft-meta.conf with options [REPLACE_EXISTING]
2023-12-13 18:50:49,411 [grpc-default-executor-13] WARN  server.GrpcLogAppender (LogUtils.java:warn(121)) - s0@group-54689077FB2A->s1-AppendLogResponseHandler: Failed appendEntries: org.apache.ratis.thirdparty.io.grpc.StatusRuntimeException: UNAVAILABLE: io exception
2023-12-13 18:50:49,411 [grpc-default-executor-4] WARN  server.GrpcLogAppender (LogUtils.java:warn(121)) - s0@group-54689077FB2A->s1-AppendLogResponseHandler: Failed appendEntries: org.apache.ratis.thirdparty.io.grpc.StatusRuntimeException: UNAVAILABLE: io exception
2023-12-13 18:50:49,412 [grpc-default-executor-13] WARN  server.GrpcLogAppender (GrpcLogAppender.java:resetClient(207)) - s0@group-54689077FB2A->s1-GrpcLogAppender: Follower failed (request=null, errorCount=11); keep nextIndex (33) unchanged and retry.
2023-12-13 18:50:49,413 [grpc-default-executor-4] WARN  server.GrpcLogAppender (GrpcLogAppender.java:resetClient(207)) - s0@group-54689077FB2A->s1-GrpcLogAppender: Follower failed (request=null, errorCount=12); keep nextIndex (33) unchanged and retry.
2023-12-13 18:50:49,504 [Time-limited test] INFO  ratis.RaftTestUtil (RaftTestUtil.java:waitForLeader(124)) - printing group-54689077FB2A
  s0:  RUNNING    LEADER s0@group-54689077FB2A:t5, leader=s0, voted=s0, raftlog=Memoized:s0@group-54689077FB2A-SegmentedRaftLog:OPENED:c32, conf=31: peers:[s0|0.0.0.0:46607, s1|0.0.0.0:41525, s2|0.0.0.0:45147]|listeners:[], old=null RUNNING
  s1:   CLOSED    LEADER s1@group-54689077FB2A:t4, leader=s1, voted=s1, raftlog=Memoized:s1@group-54689077FB2A-SegmentedRaftLog:CLOSED:c30, conf=29: peers:[s0|0.0.0.0:46607, s1|0.0.0.0:41525, s2|0.0.0.0:45147]|listeners:[], old=null CLOSED
  s2:  RUNNING  FOLLOWER s2@group-54689077FB2A:t5, leader=s0, voted=s0, raftlog=Memoized:s2@group-54689077FB2A-SegmentedRaftLog:OPENED:c31, conf=31: peers:[s0|0.0.0.0:46607, s1|0.0.0.0:41525, s2|0.0.0.0:45147]|listeners:[], old=null RUNNING
2023-12-13 18:50:49,504 [Time-limited test] INFO  impl.MiniRaftCluster (MiniRaftCluster.java:shutdown(831)) - ************************************************************** 
2023-12-13 18:50:49,504 [Time-limited test] INFO  impl.MiniRaftCluster (MiniRaftCluster.java:shutdown(832)) - *** 
2023-12-13 18:50:49,504 [Time-limited test] INFO  impl.MiniRaftCluster (MiniRaftCluster.java:shutdown(833)) - ***     Stopping MiniRaftClusterWithGrpc
2023-12-13 18:50:49,504 [Time-limited test] INFO  impl.MiniRaftCluster (MiniRaftCluster.java:shutdown(834)) - *** 
2023-12-13 18:50:49,504 [Time-limited test] INFO  impl.MiniRaftCluster (MiniRaftCluster.java:shutdown(835)) - ************************************************************** 
2023-12-13 18:50:49,504 [Time-limited test] INFO  impl.MiniRaftCluster (MiniRaftCluster.java:shutdown(836)) - printing ALL groups
  s0:  RUNNING    LEADER s0@group-54689077FB2A:t5, leader=s0, voted=s0, raftlog=Memoized:s0@group-54689077FB2A-SegmentedRaftLog:OPENED:c32, conf=31: peers:[s0|0.0.0.0:46607, s1|0.0.0.0:41525, s2|0.0.0.0:45147]|listeners:[], old=null RUNNING
  s1:   CLOSED    LEADER s1@group-54689077FB2A:t4, leader=s1, voted=s1, raftlog=Memoized:s1@group-54689077FB2A-SegmentedRaftLog:CLOSED:c30, conf=29: peers:[s0|0.0.0.0:46607, s1|0.0.0.0:41525, s2|0.0.0.0:45147]|listeners:[], old=null CLOSED
  s2:  RUNNING  FOLLOWER s2@group-54689077FB2A:t5, leader=s0, voted=s0, raftlog=Memoized:s2@group-54689077FB2A-SegmentedRaftLog:OPENED:c31, conf=31: peers:[s0|0.0.0.0:46607, s1|0.0.0.0:41525, s2|0.0.0.0:45147]|listeners:[], old=null RUNNING
2023-12-13 18:50:49,504 [MiniRaftCluster-25] INFO  server.RaftServer (RaftServerProxy.java:lambda$close$9(416)) - s0: close
2023-12-13 18:50:49,504 [MiniRaftCluster-25] INFO  server.GrpcService (GrpcService.java:closeImpl(311)) - s0: shutdown server GrpcServerProtocolService now
2023-12-13 18:50:49,504 [MiniRaftCluster-27] INFO  server.RaftServer (RaftServerProxy.java:lambda$close$9(416)) - s2: close
2023-12-13 18:50:49,504 [s0-impl-thread1] INFO  server.RaftServer$Division (RaftServerImpl.java:lambda$close$3(516)) - s0@group-54689077FB2A: shutdown
2023-12-13 18:50:49,504 [s2-impl-thread1] INFO  server.RaftServer$Division (RaftServerImpl.java:lambda$close$3(516)) - s2@group-54689077FB2A: shutdown
2023-12-13 18:50:49,504 [MiniRaftCluster-27] INFO  server.GrpcService (GrpcService.java:closeImpl(311)) - s2: shutdown server GrpcServerProtocolService now
2023-12-13 18:50:49,504 [s0-impl-thread1] INFO  util.JmxRegister (JmxRegister.java:unregister(73)) - Successfully un-registered JMX Bean with object name Ratis:service=RaftServer,group=group-54689077FB2A,id=s0
2023-12-13 18:50:49,505 [s0-impl-thread1] INFO  impl.RoleInfo (RoleInfo.java:shutdownLeaderState(94)) - s0: shutdown s0@group-54689077FB2A-LeaderStateImpl
2023-12-13 18:50:49,504 [s2-impl-thread1] INFO  util.JmxRegister (JmxRegister.java:unregister(73)) - Successfully un-registered JMX Bean with object name Ratis:service=RaftServer,group=group-54689077FB2A,id=s2
2023-12-13 18:50:49,505 [s2-impl-thread1] INFO  impl.RoleInfo (RoleInfo.java:shutdownFollowerState(110)) - s2: shutdown s2@group-54689077FB2A-FollowerState
2023-12-13 18:50:49,505 [s2-impl-thread1] INFO  impl.StateMachineUpdater (StateMachineUpdater.java:stopAndJoin(157)) - s2@group-54689077FB2A-StateMachineUpdater: set stopIndex = 31
2023-12-13 18:50:49,505 [s0-impl-thread1] INFO  impl.PendingRequests (PendingRequests.java:sendNotLeaderResponses(289)) - s0@group-54689077FB2A-PendingRequests: sendNotLeaderResponses
2023-12-13 18:50:49,505 [s0@group-54689077FB2A->s1-GrpcLogAppender-LogAppenderDaemon] WARN  server.GrpcLogAppender (GrpcLogAppender.java:mayWait(279)) - s0@group-54689077FB2A->s1-GrpcLogAppender: Wait interrupted by java.lang.InterruptedException
2023-12-13 18:50:49,505 [s0@group-54689077FB2A->s2-GrpcLogAppender-LogAppenderDaemon] WARN  server.GrpcLogAppender (GrpcLogAppender.java:mayWait(279)) - s0@group-54689077FB2A->s2-GrpcLogAppender: Wait interrupted by java.lang.InterruptedException
2023-12-13 18:50:49,505 [Thread-922] INFO  server.GrpcServerProtocolClient (GrpcServerProtocolClient.java:close(103)) - s1 Close channels
2023-12-13 18:50:49,505 [s2-impl-thread1] INFO  server.RaftServer$Division (ServerState.java:close(423)) - s2@group-54689077FB2A: applyIndex: 31
2023-12-13 18:50:49,505 [s2@group-54689077FB2A-FollowerState] INFO  impl.FollowerState (FollowerState.java:run(152)) - s2@group-54689077FB2A-FollowerState was interrupted
2023-12-13 18:50:49,505 [Thread-923] INFO  server.GrpcServerProtocolClient (GrpcServerProtocolClient.java:close(103)) - s2 Close channels
2023-12-13 18:50:49,505 [Thread-924] INFO  server.GrpcServerProtocolClient (GrpcServerProtocolClient.java:close(103)) - s0 Close channels
2023-12-13 18:50:49,505 [s2@group-54689077FB2A-cacheEviction-AwaitToRun] INFO  util.AwaitToRun (AwaitToRun.java:run(49)) - s2@group-54689077FB2A-cacheEviction-AwaitToRun-AwaitForSignal is interrupted
2023-12-13 18:50:49,505 [grpc-default-executor-13] WARN  server.GrpcServerProtocolService (LogUtils.java:warn(121)) - s2: APPEND_ENTRIES onError, lastRequest: s0->s2#2-t5,previous=(t:5, i:31),leaderCommit=31,initializing? false,entries: size=1, first=(t:5, i:32), METADATAENTRY(c:31): org.apache.ratis.thirdparty.io.grpc.StatusRuntimeException: CANCELLED: client cancelled
2023-12-13 18:50:49,506 [grpc-default-executor-13] WARN  server.GrpcServerProtocolService (LogUtils.java:warn(121)) - s2: APPEND_ENTRIES onError, lastRequest: null: org.apache.ratis.thirdparty.io.grpc.StatusRuntimeException: CANCELLED: client cancelled
2023-12-13 18:50:49,506 [grpc-default-executor-4] INFO  server.GrpcLogAppender (GrpcLogAppender.java:onError(523)) - s0@group-54689077FB2A->s2-GrpcLogAppender is already stopped
2023-12-13 18:50:49,506 [grpc-default-executor-13] INFO  server.GrpcLogAppender (GrpcLogAppender.java:onError(523)) - s0@group-54689077FB2A->s2-GrpcLogAppender is already stopped
2023-12-13 18:50:49,506 [Thread-925] INFO  server.GrpcServerProtocolClient (GrpcServerProtocolClient.java:close(103)) - s1 Close channels
2023-12-13 18:50:49,506 [MiniRaftCluster-25] INFO  server.GrpcService (GrpcService.java:closeImpl(320)) - s0: shutdown server GrpcServerProtocolService successfully
2023-12-13 18:50:49,506 [MiniRaftCluster-27] INFO  server.GrpcService (GrpcService.java:closeImpl(320)) - s2: shutdown server GrpcServerProtocolService successfully
2023-12-13 18:50:49,507 [s0-impl-thread1] INFO  impl.StateMachineUpdater (StateMachineUpdater.java:stopAndJoin(157)) - s0@group-54689077FB2A-StateMachineUpdater: set stopIndex = 32
2023-12-13 18:50:49,507 [s0-impl-thread1] INFO  server.RaftServer$Division (ServerState.java:close(423)) - s0@group-54689077FB2A: applyIndex: 32
2023-12-13 18:50:49,507 [s0@group-54689077FB2A-cacheEviction-AwaitToRun] INFO  util.AwaitToRun (AwaitToRun.java:run(49)) - s0@group-54689077FB2A-cacheEviction-AwaitToRun-AwaitForSignal is interrupted
2023-12-13 18:50:50,028 [Timer-6] INFO  impl.MiniRaftCluster (MiniRaftCluster.java:lambda$start$6(349)) - TIMED-PRINT: printing ALL groups
  s0:  CLOSING    LEADER s0@group-54689077FB2A:t5, leader=s0, voted=s0, raftlog=Memoized:s0@group-54689077FB2A-SegmentedRaftLog:CLOSED:c32, conf=31: peers:[s0|0.0.0.0:46607, s1|0.0.0.0:41525, s2|0.0.0.0:45147]|listeners:[], old=null CLOSING
  s1:   CLOSED    LEADER s1@group-54689077FB2A:t4, leader=s1, voted=s1, raftlog=Memoized:s1@group-54689077FB2A-SegmentedRaftLog:CLOSED:c30, conf=29: peers:[s0|0.0.0.0:46607, s1|0.0.0.0:41525, s2|0.0.0.0:45147]|listeners:[], old=null CLOSED
  s2:  CLOSING  FOLLOWER s2@group-54689077FB2A:t5, leader=s0, voted=s0, raftlog=Memoized:s2@group-54689077FB2A-SegmentedRaftLog:CLOSED:c31, conf=31: peers:[s0|0.0.0.0:46607, s1|0.0.0.0:41525, s2|0.0.0.0:45147]|listeners:[], old=null CLOSING
2023-12-13 18:50:50,040 [s0-impl-thread1] INFO  segmented.SegmentedRaftLogWorker (SegmentedRaftLogWorker.java:close(245)) - s0@group-54689077FB2A-SegmentedRaftLogWorker close()
2023-12-13 18:50:50,041 [JvmPauseMonitor31] INFO  util.JvmPauseMonitor (JvmPauseMonitor.java:run(152)) - JvmPauseMonitor-s0: Stopped
2023-12-13 18:50:50,042 [s2-impl-thread1] INFO  segmented.SegmentedRaftLogWorker (SegmentedRaftLogWorker.java:close(245)) - s2@group-54689077FB2A-SegmentedRaftLogWorker close()
2023-12-13 18:50:50,042 [JvmPauseMonitor33] INFO  util.JvmPauseMonitor (JvmPauseMonitor.java:run(152)) - JvmPauseMonitor-s2: Stopped
]]></system-out>
  </testcase>
  <testcase name="testGroupWithPriority" classname="org.apache.ratis.grpc.TestGroupManagementWithGrpc" time="20.022">
    <failure message="Unexpected exit." type="java.lang.AssertionError"><![CDATA[java.lang.AssertionError: Unexpected exit.
	at org.apache.ratis.util.ExitUtils.assertNotTerminated(ExitUtils.java:109)
	at org.apache.ratis.BaseTest.assertNoFailures(BaseTest.java:90)
	at java.base/jdk.internal.reflect.NativeMethodAccessorImpl.invoke0(Native Method)
	at java.base/jdk.internal.reflect.NativeMethodAccessorImpl.invoke(NativeMethodAccessorImpl.java:62)
	at java.base/jdk.internal.reflect.DelegatingMethodAccessorImpl.invoke(DelegatingMethodAccessorImpl.java:43)
	at java.base/java.lang.reflect.Method.invoke(Method.java:566)
	at org.junit.runners.model.FrameworkMethod$1.runReflectiveCall(FrameworkMethod.java:59)
	at org.junit.internal.runners.model.ReflectiveCallable.run(ReflectiveCallable.java:12)
	at org.junit.runners.model.FrameworkMethod.invokeExplosively(FrameworkMethod.java:56)
	at org.junit.internal.runners.statements.RunAfters.invokeMethod(RunAfters.java:46)
	at org.junit.internal.runners.statements.RunAfters.evaluate(RunAfters.java:33)
	at org.junit.internal.runners.statements.FailOnTimeout$CallableStatement.call(FailOnTimeout.java:299)
	at org.junit.internal.runners.statements.FailOnTimeout$CallableStatement.call(FailOnTimeout.java:293)
	at java.base/java.util.concurrent.FutureTask.run(FutureTask.java:264)
	at java.base/java.lang.Thread.run(Thread.java:829)
Caused by: org.apache.ratis.util.ExitUtils$ExitException: Failed to start Grpc server
	at org.apache.ratis.util.ExitUtils.terminate(ExitUtils.java:141)
	at org.apache.ratis.util.ExitUtils.terminate(ExitUtils.java:151)
	at org.apache.ratis.grpc.server.GrpcService.startImpl(GrpcService.java:300)
	at org.apache.ratis.util.LifeCycle.startAndTransition(LifeCycle.java:270)
	at org.apache.ratis.server.RaftServerRpcWithProxy.start(RaftServerRpcWithProxy.java:72)
	at org.apache.ratis.server.impl.RaftServerProxy.startImpl(RaftServerProxy.java:407)
	at org.apache.ratis.util.LifeCycle.startAndTransition(LifeCycle.java:270)
	at org.apache.ratis.server.impl.RaftServerProxy.start(RaftServerProxy.java:400)
	at org.apache.ratis.server.impl.MiniRaftCluster.startServers(MiniRaftCluster.java:499)
	at org.apache.ratis.server.impl.MiniRaftCluster.start(MiniRaftCluster.java:346)
	at org.apache.ratis.server.impl.GroupManagementBaseTest.runMultiGroupTest(GroupManagementBaseTest.java:263)
	at org.apache.ratis.server.impl.GroupManagementBaseTest.runMultiGroupTest(GroupManagementBaseTest.java:237)
	at org.apache.ratis.server.impl.GroupManagementBaseTest.testMultiGroup5Nodes(GroupManagementBaseTest.java:220)
	at java.base/jdk.internal.reflect.NativeMethodAccessorImpl.invoke0(Native Method)
	at java.base/jdk.internal.reflect.NativeMethodAccessorImpl.invoke(NativeMethodAccessorImpl.java:62)
	at java.base/jdk.internal.reflect.DelegatingMethodAccessorImpl.invoke(DelegatingMethodAccessorImpl.java:43)
	at java.base/java.lang.reflect.Method.invoke(Method.java:566)
	at org.junit.runners.model.FrameworkMethod$1.runReflectiveCall(FrameworkMethod.java:59)
	at org.junit.internal.runners.model.ReflectiveCallable.run(ReflectiveCallable.java:12)
	at org.junit.runners.model.FrameworkMethod.invokeExplosively(FrameworkMethod.java:56)
	at org.junit.internal.runners.statements.InvokeMethod.evaluate(InvokeMethod.java:17)
	at org.junit.internal.runners.statements.RunAfters.evaluate(RunAfters.java:27)
	... 4 more
Caused by: java.io.IOException: Failed to bind to address 0.0.0.0/0.0.0.0:45379
	at org.apache.ratis.thirdparty.io.grpc.netty.NettyServer.start(NettyServer.java:326)
	at org.apache.ratis.thirdparty.io.grpc.internal.ServerImpl.start(ServerImpl.java:185)
	at org.apache.ratis.thirdparty.io.grpc.internal.ServerImpl.start(ServerImpl.java:94)
	at org.apache.ratis.grpc.server.GrpcService.startImpl(GrpcService.java:298)
	... 23 more
Caused by: org.apache.ratis.thirdparty.io.netty.channel.unix.Errors$NativeIoException: bind(..) failed: Address already in use
]]></failure>
  </testcase>
</testsuite>