<?xml version="1.0" encoding="UTF-8"?>
<testsuite xmlns:xsi="http://www.w3.org/2001/XMLSchema-instance" xsi:noNamespaceSchemaLocation="https://maven.apache.org/surefire/maven-surefire-plugin/xsd/surefire-test-report.xsd" name="org.apache.ratis.grpc.TestLeaderElectionWithGrpc" time="64.938" tests="20" errors="0" skipped="0" failures="1">
  <properties>
    <property name="awt.toolkit" value="sun.awt.X11.XToolkit"/>
    <property name="java.specification.version" value="11"/>
    <property name="sun.cpu.isalist" value=""/>
    <property name="sun.jnu.encoding" value="UTF-8"/>
    <property name="java.class.path" value="/home/runner/work/ratis/ratis/ratis-test/target/test-classes:/home/runner/work/ratis/ratis/ratis-test/target/classes:/home/runner/work/ratis/ratis/ratis-common/target/classes:/home/runner/.m2/repository/org/apache/ratis/ratis-thirdparty-misc/1.0.2/ratis-thirdparty-misc-1.0.2.jar:/home/runner/work/ratis/ratis/ratis-proto/target/ratis-proto-3.0.0-SNAPSHOT.jar:/home/runner/work/ratis/ratis/ratis-common/target/test-classes:/home/runner/work/ratis/ratis/ratis-client/target/classes:/home/runner/work/ratis/ratis/ratis-server/target/classes:/home/runner/work/ratis/ratis/ratis-server-api/target/classes:/home/runner/work/ratis/ratis/ratis-metrics/target/classes:/home/runner/work/ratis/ratis/ratis-server/target/test-classes:/home/runner/work/ratis/ratis/ratis-netty/target/classes:/home/runner/work/ratis/ratis/ratis-netty/target/test-classes:/home/runner/work/ratis/ratis/ratis-grpc/target/classes:/home/runner/work/ratis/ratis/ratis-grpc/target/test-classes:/home/runner/.m2/repository/org/slf4j/slf4j-api/1.7.29/slf4j-api-1.7.29.jar:/home/runner/.m2/repository/org/slf4j/slf4j-log4j12/1.7.29/slf4j-log4j12-1.7.29.jar:/home/runner/.m2/repository/log4j/log4j/1.2.17/log4j-1.2.17.jar:/home/runner/.m2/repository/junit/junit/4.13.2/junit-4.13.2.jar:/home/runner/.m2/repository/org/hamcrest/hamcrest-core/1.3/hamcrest-core-1.3.jar:/home/runner/.m2/repository/org/mockito/mockito-core/4.3.1/mockito-core-4.3.1.jar:/home/runner/.m2/repository/net/bytebuddy/byte-buddy/1.12.7/byte-buddy-1.12.7.jar:/home/runner/.m2/repository/net/bytebuddy/byte-buddy-agent/1.12.7/byte-buddy-agent-1.12.7.jar:/home/runner/.m2/repository/org/objenesis/objenesis/3.2/objenesis-3.2.jar:/home/runner/work/ratis/ratis/ratis-shell/target/classes:/home/runner/.m2/repository/commons-cli/commons-cli/1.5.0/commons-cli-1.5.0.jar:/home/runner/.m2/repository/org/slf4j/slf4j-simple/1.7.29/slf4j-simple-1.7.29.jar:/home/runner/.m2/repository/org/reflections/reflections/0.10.2/reflections-0.10.2.jar:/home/runner/.m2/repository/org/javassist/javassist/3.28.0-GA/javassist-3.28.0-GA.jar:/home/runner/.m2/repository/com/google/code/findbugs/jsr305/3.0.2/jsr305-3.0.2.jar:"/>
    <property name="java.vm.vendor" value="Eclipse Adoptium"/>
    <property name="sun.arch.data.model" value="64"/>
    <property name="java.vendor.url" value="https://adoptium.net/"/>
    <property name="user.timezone" value=""/>
    <property name="java.vm.specification.version" value="11"/>
    <property name="os.name" value="Linux"/>
    <property name="sun.java.launcher" value="SUN_STANDARD"/>
    <property name="sun.boot.library.path" value="/usr/lib/jvm/temurin-11-jdk-amd64/lib"/>
    <property name="sun.java.command" value="/home/runner/work/ratis/ratis/ratis-test/target/surefire/surefirebooter15431569825053690589.jar /home/runner/work/ratis/ratis/ratis-test/target/surefire 2022-09-14T11-36-10_130-jvmRun1 surefire747225692760697536tmp surefire_256661930508944231960tmp"/>
    <property name="jdk.debug" value="release"/>
    <property name="surefire.test.class.path" value="/home/runner/work/ratis/ratis/ratis-test/target/test-classes:/home/runner/work/ratis/ratis/ratis-test/target/classes:/home/runner/work/ratis/ratis/ratis-common/target/classes:/home/runner/.m2/repository/org/apache/ratis/ratis-thirdparty-misc/1.0.2/ratis-thirdparty-misc-1.0.2.jar:/home/runner/work/ratis/ratis/ratis-proto/target/ratis-proto-3.0.0-SNAPSHOT.jar:/home/runner/work/ratis/ratis/ratis-common/target/test-classes:/home/runner/work/ratis/ratis/ratis-client/target/classes:/home/runner/work/ratis/ratis/ratis-server/target/classes:/home/runner/work/ratis/ratis/ratis-server-api/target/classes:/home/runner/work/ratis/ratis/ratis-metrics/target/classes:/home/runner/work/ratis/ratis/ratis-server/target/test-classes:/home/runner/work/ratis/ratis/ratis-netty/target/classes:/home/runner/work/ratis/ratis/ratis-netty/target/test-classes:/home/runner/work/ratis/ratis/ratis-grpc/target/classes:/home/runner/work/ratis/ratis/ratis-grpc/target/test-classes:/home/runner/.m2/repository/org/slf4j/slf4j-api/1.7.29/slf4j-api-1.7.29.jar:/home/runner/.m2/repository/org/slf4j/slf4j-log4j12/1.7.29/slf4j-log4j12-1.7.29.jar:/home/runner/.m2/repository/log4j/log4j/1.2.17/log4j-1.2.17.jar:/home/runner/.m2/repository/junit/junit/4.13.2/junit-4.13.2.jar:/home/runner/.m2/repository/org/hamcrest/hamcrest-core/1.3/hamcrest-core-1.3.jar:/home/runner/.m2/repository/org/mockito/mockito-core/4.3.1/mockito-core-4.3.1.jar:/home/runner/.m2/repository/net/bytebuddy/byte-buddy/1.12.7/byte-buddy-1.12.7.jar:/home/runner/.m2/repository/net/bytebuddy/byte-buddy-agent/1.12.7/byte-buddy-agent-1.12.7.jar:/home/runner/.m2/repository/org/objenesis/objenesis/3.2/objenesis-3.2.jar:/home/runner/work/ratis/ratis/ratis-shell/target/classes:/home/runner/.m2/repository/commons-cli/commons-cli/1.5.0/commons-cli-1.5.0.jar:/home/runner/.m2/repository/org/slf4j/slf4j-simple/1.7.29/slf4j-simple-1.7.29.jar:/home/runner/.m2/repository/org/reflections/reflections/0.10.2/reflections-0.10.2.jar:/home/runner/.m2/repository/org/javassist/javassist/3.28.0-GA/javassist-3.28.0-GA.jar:/home/runner/.m2/repository/com/google/code/findbugs/jsr305/3.0.2/jsr305-3.0.2.jar:"/>
    <property name="sun.cpu.endian" value="little"/>
    <property name="user.home" value="/home/runner"/>
    <property name="user.language" value="en"/>
    <property name="java.specification.vendor" value="Oracle Corporation"/>
    <property name="java.version.date" value="2022-08-12"/>
    <property name="java.home" value="/usr/lib/jvm/temurin-11-jdk-amd64"/>
    <property name="file.separator" value="/"/>
    <property name="basedir" value="/home/runner/work/ratis/ratis/ratis-test"/>
    <property name="java.vm.compressedOopsMode" value="32-bit"/>
    <property name="line.separator" value="&#10;"/>
    <property name="java.specification.name" value="Java Platform API Specification"/>
    <property name="java.vm.specification.vendor" value="Oracle Corporation"/>
    <property name="java.awt.graphicsenv" value="sun.awt.X11GraphicsEnvironment"/>
    <property name="surefire.real.class.path" value="/home/runner/work/ratis/ratis/ratis-test/target/surefire/surefirebooter15431569825053690589.jar"/>
    <property name="sun.management.compiler" value="HotSpot 64-Bit Tiered Compilers"/>
    <property name="java.runtime.version" value="11.0.16.1+1"/>
    <property name="user.name" value="runner"/>
    <property name="java.net.preferIPv4Stack" value="true"/>
    <property name="path.separator" value=":"/>
    <property name="os.version" value="5.15.0-1019-azure"/>
    <property name="java.runtime.name" value="OpenJDK Runtime Environment"/>
    <property name="file.encoding" value="UTF-8"/>
    <property name="java.vm.name" value="OpenJDK 64-Bit Server VM"/>
    <property name="java.vendor.version" value="Temurin-11.0.16.1+1"/>
    <property name="localRepository" value="/home/runner/.m2/repository"/>
    <property name="java.vendor.url.bug" value="https://github.com/adoptium/adoptium-support/issues"/>
    <property name="java.io.tmpdir" value="/tmp"/>
    <property name="java.version" value="11.0.16.1"/>
    <property name="user.dir" value="/home/runner/work/ratis/ratis/ratis-test"/>
    <property name="os.arch" value="amd64"/>
    <property name="ratis.tmp.dir" value="/home/runner/work/ratis/ratis/ratis-test/target/tmp"/>
    <property name="java.vm.specification.name" value="Java Virtual Machine Specification"/>
    <property name="java.awt.printerjob" value="sun.print.PSPrinterJob"/>
    <property name="ratis.log.dir" value="/home/runner/work/ratis/ratis/ratis-test/target/log"/>
    <property name="sun.os.patch.level" value="unknown"/>
    <property name="java.library.path" value="/usr/java/packages/lib:/usr/lib64:/lib64:/lib:/usr/lib"/>
    <property name="java.vm.info" value="mixed mode"/>
    <property name="java.vendor" value="Eclipse Adoptium"/>
    <property name="java.vm.version" value="11.0.16.1+1"/>
    <property name="sun.io.unicode.encoding" value="UnicodeLittle"/>
    <property name="java.class.version" value="55.0"/>
  </properties>
  <testcase name="testEnforceLeader" classname="org.apache.ratis.grpc.TestLeaderElectionWithGrpc" time="22.935">
    <failure message="expected:&lt;s[4]&gt; but was:&lt;s[2]&gt;" type="org.junit.ComparisonFailure"><![CDATA[org.junit.ComparisonFailure: expected:<s[4]> but was:<s[2]>
	at org.junit.Assert.assertEquals(Assert.java:117)
	at org.junit.Assert.assertEquals(Assert.java:146)
	at org.apache.ratis.server.impl.LeaderElectionTests.enforceLeader(LeaderElectionTests.java:298)
	at org.apache.ratis.server.impl.LeaderElectionTests.testEnforceLeader(LeaderElectionTests.java:284)
	at org.apache.ratis.grpc.TestLeaderElectionWithGrpc.testEnforceLeader(TestLeaderElectionWithGrpc.java:31)
	at java.base/jdk.internal.reflect.NativeMethodAccessorImpl.invoke0(Native Method)
	at java.base/jdk.internal.reflect.NativeMethodAccessorImpl.invoke(NativeMethodAccessorImpl.java:62)
	at java.base/jdk.internal.reflect.DelegatingMethodAccessorImpl.invoke(DelegatingMethodAccessorImpl.java:43)
	at java.base/java.lang.reflect.Method.invoke(Method.java:566)
	at org.junit.runners.model.FrameworkMethod$1.runReflectiveCall(FrameworkMethod.java:59)
	at org.junit.internal.runners.model.ReflectiveCallable.run(ReflectiveCallable.java:12)
	at org.junit.runners.model.FrameworkMethod.invokeExplosively(FrameworkMethod.java:56)
	at org.junit.internal.runners.statements.InvokeMethod.evaluate(InvokeMethod.java:17)
	at org.junit.internal.runners.statements.RunAfters.evaluate(RunAfters.java:27)
	at org.junit.internal.runners.statements.FailOnTimeout$CallableStatement.call(FailOnTimeout.java:299)
	at org.junit.internal.runners.statements.FailOnTimeout$CallableStatement.call(FailOnTimeout.java:293)
	at java.base/java.util.concurrent.FutureTask.run(FutureTask.java:264)
	at java.base/java.lang.Thread.run(Thread.java:829)
]]></failure>
    <system-out><![CDATA[2022-09-14 11:47:08,147 [main] INFO  util.LogUtils (Log4jUtils.java:setLogLevel(32)) - Set org.apache.ratis.conf.ConfUtils log level to WARN
2022-09-14 11:47:08,153 [main] INFO  util.LogUtils (Log4jUtils.java:setLogLevel(32)) - Set org.apache.ratis.util.FileUtils log level to TRACE
2022-09-14 11:47:08,156 [main] INFO  util.LogUtils (Log4jUtils.java:setLogLevel(32)) - Set org.apache.ratis.server.RaftServer$Division log level to DEBUG
2022-09-14 11:47:08,157 [main] INFO  util.LogUtils (Log4jUtils.java:setLogLevel(32)) - Set org.apache.ratis.client.RaftClient log level to DEBUG
2022-09-14 11:47:08,162 [Time-limited test] INFO  grpc.TestLeaderElectionWithGrpc (LeaderElectionTests.java:testEnforceLeader(272)) - Running testEnforceLeader
2022-09-14 11:47:08,251 [Time-limited test] INFO  impl.MiniRaftCluster (MiniRaftCluster.java:<init>(306)) - new MiniRaftClusterWithGrpc with group-12AB68C5691F:[s3|rpc:localhost:46799|admin:localhost:45171|client:localhost:46547|dataStream:localhost:40281|priority:0|startupRole:FOLLOWER, s4|rpc:localhost:39419|admin:localhost:43995|client:localhost:41785|dataStream:localhost:46687|priority:0|startupRole:FOLLOWER, s0|rpc:localhost:42481|admin:localhost:44771|client:localhost:42743|dataStream:localhost:43981|priority:0|startupRole:FOLLOWER, s1|rpc:localhost:44073|admin:localhost:36871|client:localhost:39477|dataStream:localhost:35501|priority:0|startupRole:FOLLOWER, s2|rpc:localhost:38365|admin:localhost:35135|client:localhost:40537|dataStream:localhost:38285|priority:0|startupRole:FOLLOWER]
2022-09-14 11:47:08,252 [Time-limited test] INFO  impl.MiniRaftCluster (MiniRaftCluster.java:start(339)) - .............................................................. 
2022-09-14 11:47:08,254 [Time-limited test] INFO  impl.MiniRaftCluster (MiniRaftCluster.java:start(340)) - ... 
2022-09-14 11:47:08,254 [Time-limited test] INFO  impl.MiniRaftCluster (MiniRaftCluster.java:start(341)) - ...     Starting MiniRaftClusterWithGrpc
2022-09-14 11:47:08,254 [Time-limited test] INFO  impl.MiniRaftCluster (MiniRaftCluster.java:start(342)) - ... 
2022-09-14 11:47:08,254 [Time-limited test] INFO  impl.MiniRaftCluster (MiniRaftCluster.java:start(343)) - .............................................................. 
2022-09-14 11:47:08,254 [Time-limited test] INFO  impl.MiniRaftCluster (MiniRaftCluster.java:initServers(318)) - servers = {}
2022-09-14 11:47:08,256 [Time-limited test] INFO  impl.MiniRaftCluster (MiniRaftCluster.java:newRaftServer(382)) - newRaftServer: s3, group-12AB68C5691F:[s3|rpc:localhost:46799|admin:localhost:45171|client:localhost:46547|dataStream:localhost:40281|priority:0|startupRole:FOLLOWER, s4|rpc:localhost:39419|admin:localhost:43995|client:localhost:41785|dataStream:localhost:46687|priority:0|startupRole:FOLLOWER, s0|rpc:localhost:42481|admin:localhost:44771|client:localhost:42743|dataStream:localhost:43981|priority:0|startupRole:FOLLOWER, s1|rpc:localhost:44073|admin:localhost:36871|client:localhost:39477|dataStream:localhost:35501|priority:0|startupRole:FOLLOWER, s2|rpc:localhost:38365|admin:localhost:35135|client:localhost:40537|dataStream:localhost:38285|priority:0|startupRole:FOLLOWER], format? true
2022-09-14 11:47:08,258 [Time-limited test] TRACE util.FileUtils (FileUtils.java:deleteFully(168)) - deleteFully target/test/data/30463c06/MiniRaftClusterWithGrpcf18d2315/s3
2022-09-14 11:47:08,259 [Time-limited test] TRACE util.FileUtils (FileUtils.java:deleteFully(184)) - deleteFully: target/test/data/30463c06/MiniRaftClusterWithGrpcf18d2315/s3 does not exist.
2022-09-14 11:47:08,259 [Time-limited test] INFO  impl.MiniRaftCluster (MiniRaftCluster.java:newRaftServer(387)) - Formatted directory target/test/data/30463c06/MiniRaftClusterWithGrpcf18d2315/s3
2022-09-14 11:47:08,276 [Time-limited test] INFO  server.RaftServer (ConfUtils.java:logGet(46)) - raft.rpc.type = GRPC (default)
2022-09-14 11:47:08,364 [Time-limited test] INFO  grpc.GrpcConfigKeys (ConfUtils.java:logFallback(53)) - raft.grpc.admin.host = null (fallback to raft.grpc.server.host)
2022-09-14 11:47:08,367 [Time-limited test] INFO  grpc.GrpcConfigKeys (ConfUtils.java:logGet(46)) - raft.grpc.admin.port = 45171 (custom)
2022-09-14 11:47:08,368 [Time-limited test] INFO  grpc.GrpcConfigKeys (ConfUtils.java:logFallback(53)) - raft.grpc.client.host = null (fallback to raft.grpc.server.host)
2022-09-14 11:47:08,370 [Time-limited test] INFO  grpc.GrpcConfigKeys (ConfUtils.java:logGet(46)) - raft.grpc.client.port = 46547 (custom)
2022-09-14 11:47:08,370 [Time-limited test] INFO  grpc.GrpcConfigKeys (ConfUtils.java:logGet(46)) - raft.grpc.server.host = null (default)
2022-09-14 11:47:08,371 [Time-limited test] INFO  grpc.GrpcConfigKeys (ConfUtils.java:logGet(46)) - raft.grpc.server.port = 46799 (custom)
2022-09-14 11:47:08,374 [Time-limited test] INFO  server.GrpcService (ConfUtils.java:logGet(46)) - raft.grpc.message.size.max = 64MB (=67108864) (default)
2022-09-14 11:47:08,382 [Time-limited test] INFO  server.RaftServerConfigKeys (ConfUtils.java:logGet(46)) - raft.server.log.appender.buffer.byte-limit = 4MB (=4194304) (default)
2022-09-14 11:47:08,383 [Time-limited test] INFO  server.GrpcService (ConfUtils.java:logGet(46)) - raft.grpc.flow.control.window = 1MB (=1048576) (default)
2022-09-14 11:47:08,387 [Time-limited test] INFO  server.RaftServerConfigKeys (ConfUtils.java:logGet(46)) - raft.server.rpc.request.timeout = 3000ms (default)
2022-09-14 11:47:08,407 [Time-limited test] INFO  grpc.GrpcConfigKeys (ConfUtils.java:logGet(46)) - raft.grpc.server.heartbeat.channel = true (default)
2022-09-14 11:47:08,417 [Time-limited test] INFO  grpc.GrpcConfigKeys (ConfUtils.java:logGet(46)) - raft.grpc.server.async.request.thread.pool.cached = true (default)
2022-09-14 11:47:08,419 [Time-limited test] INFO  grpc.GrpcConfigKeys (ConfUtils.java:logGet(46)) - raft.grpc.server.async.request.thread.pool.size = 32 (default)
2022-09-14 11:47:08,643 [Time-limited test] INFO  impl.DataStreamServerImpl (ConfUtils.java:logGet(46)) - raft.datastream.type = DISABLED (default)
2022-09-14 11:47:08,645 [Time-limited test] INFO  server.RaftServerConfigKeys (ConfUtils.java:logGet(46)) - raft.server.threadpool.proxy.cached = true (default)
2022-09-14 11:47:08,646 [Time-limited test] INFO  server.RaftServerConfigKeys (ConfUtils.java:logGet(46)) - raft.server.threadpool.proxy.size = 0 (default)
2022-09-14 11:47:08,646 [Time-limited test] INFO  server.RaftServerConfigKeys (ConfUtils.java:logGet(46)) - raft.server.rpc.slowness.timeout = 60s (default)
2022-09-14 11:47:08,647 [Time-limited test] INFO  server.RaftServerConfigKeys (ConfUtils.java:logGet(46)) - raft.server.leaderelection.leader.step-down.wait-time = 10s (default)
2022-09-14 11:47:08,650 [Time-limited test] INFO  server.RaftServerConfigKeys (ConfUtils.java:logGet(46)) - raft.server.storage.dir = [/home/runner/work/ratis/ratis/ratis-test/target/test/data/30463c06/MiniRaftClusterWithGrpcf18d2315/s3] (custom)
2022-09-14 11:47:08,658 [Time-limited test] INFO  server.RaftServer (RaftServerProxy.java:addNew(99)) - s3: addNew group-12AB68C5691F:[s3|rpc:localhost:46799|admin:localhost:45171|client:localhost:46547|dataStream:localhost:40281|priority:0|startupRole:FOLLOWER, s4|rpc:localhost:39419|admin:localhost:43995|client:localhost:41785|dataStream:localhost:46687|priority:0|startupRole:FOLLOWER, s0|rpc:localhost:42481|admin:localhost:44771|client:localhost:42743|dataStream:localhost:43981|priority:0|startupRole:FOLLOWER, s1|rpc:localhost:44073|admin:localhost:36871|client:localhost:39477|dataStream:localhost:35501|priority:0|startupRole:FOLLOWER, s2|rpc:localhost:38365|admin:localhost:35135|client:localhost:40537|dataStream:localhost:38285|priority:0|startupRole:FOLLOWER] returns group-12AB68C5691F:java.util.concurrent.CompletableFuture@192497fb[Not completed]
2022-09-14 11:47:08,659 [Time-limited test] INFO  impl.MiniRaftCluster (MiniRaftCluster.java:newRaftServer(382)) - newRaftServer: s4, group-12AB68C5691F:[s3|rpc:localhost:46799|admin:localhost:45171|client:localhost:46547|dataStream:localhost:40281|priority:0|startupRole:FOLLOWER, s4|rpc:localhost:39419|admin:localhost:43995|client:localhost:41785|dataStream:localhost:46687|priority:0|startupRole:FOLLOWER, s0|rpc:localhost:42481|admin:localhost:44771|client:localhost:42743|dataStream:localhost:43981|priority:0|startupRole:FOLLOWER, s1|rpc:localhost:44073|admin:localhost:36871|client:localhost:39477|dataStream:localhost:35501|priority:0|startupRole:FOLLOWER, s2|rpc:localhost:38365|admin:localhost:35135|client:localhost:40537|dataStream:localhost:38285|priority:0|startupRole:FOLLOWER], format? true
2022-09-14 11:47:08,659 [Time-limited test] TRACE util.FileUtils (FileUtils.java:deleteFully(168)) - deleteFully target/test/data/30463c06/MiniRaftClusterWithGrpcf18d2315/s4
2022-09-14 11:47:08,659 [Time-limited test] TRACE util.FileUtils (FileUtils.java:deleteFully(184)) - deleteFully: target/test/data/30463c06/MiniRaftClusterWithGrpcf18d2315/s4 does not exist.
2022-09-14 11:47:08,659 [Time-limited test] INFO  impl.MiniRaftCluster (MiniRaftCluster.java:newRaftServer(387)) - Formatted directory target/test/data/30463c06/MiniRaftClusterWithGrpcf18d2315/s4
2022-09-14 11:47:08,660 [Time-limited test] INFO  server.RaftServer (ConfUtils.java:logGet(46)) - raft.rpc.type = GRPC (default)
2022-09-14 11:47:08,660 [Time-limited test] INFO  grpc.GrpcConfigKeys (ConfUtils.java:logFallback(53)) - raft.grpc.admin.host = null (fallback to raft.grpc.server.host)
2022-09-14 11:47:08,660 [Time-limited test] INFO  grpc.GrpcConfigKeys (ConfUtils.java:logGet(46)) - raft.grpc.admin.port = 43995 (custom)
2022-09-14 11:47:08,660 [Time-limited test] INFO  grpc.GrpcConfigKeys (ConfUtils.java:logFallback(53)) - raft.grpc.client.host = null (fallback to raft.grpc.server.host)
2022-09-14 11:47:08,661 [Time-limited test] INFO  grpc.GrpcConfigKeys (ConfUtils.java:logGet(46)) - raft.grpc.client.port = 41785 (custom)
2022-09-14 11:47:08,661 [Time-limited test] INFO  grpc.GrpcConfigKeys (ConfUtils.java:logGet(46)) - raft.grpc.server.host = null (default)
2022-09-14 11:47:08,661 [Time-limited test] INFO  grpc.GrpcConfigKeys (ConfUtils.java:logGet(46)) - raft.grpc.server.port = 39419 (custom)
2022-09-14 11:47:08,661 [Time-limited test] INFO  server.GrpcService (ConfUtils.java:logGet(46)) - raft.grpc.message.size.max = 64MB (=67108864) (default)
2022-09-14 11:47:08,661 [Time-limited test] INFO  server.RaftServerConfigKeys (ConfUtils.java:logGet(46)) - raft.server.log.appender.buffer.byte-limit = 4MB (=4194304) (default)
2022-09-14 11:47:08,661 [Time-limited test] INFO  server.GrpcService (ConfUtils.java:logGet(46)) - raft.grpc.flow.control.window = 1MB (=1048576) (default)
2022-09-14 11:47:08,662 [Time-limited test] INFO  server.RaftServerConfigKeys (ConfUtils.java:logGet(46)) - raft.server.rpc.request.timeout = 3000ms (default)
2022-09-14 11:47:08,662 [Time-limited test] INFO  grpc.GrpcConfigKeys (ConfUtils.java:logGet(46)) - raft.grpc.server.heartbeat.channel = true (default)
2022-09-14 11:47:08,662 [Time-limited test] INFO  grpc.GrpcConfigKeys (ConfUtils.java:logGet(46)) - raft.grpc.server.async.request.thread.pool.cached = true (default)
2022-09-14 11:47:08,662 [Time-limited test] INFO  grpc.GrpcConfigKeys (ConfUtils.java:logGet(46)) - raft.grpc.server.async.request.thread.pool.size = 32 (default)
2022-09-14 11:47:08,664 [Time-limited test] INFO  impl.DataStreamServerImpl (ConfUtils.java:logGet(46)) - raft.datastream.type = DISABLED (default)
2022-09-14 11:47:08,664 [Time-limited test] INFO  server.RaftServerConfigKeys (ConfUtils.java:logGet(46)) - raft.server.threadpool.proxy.cached = true (default)
2022-09-14 11:47:08,665 [Time-limited test] INFO  server.RaftServerConfigKeys (ConfUtils.java:logGet(46)) - raft.server.threadpool.proxy.size = 0 (default)
2022-09-14 11:47:08,665 [Time-limited test] INFO  server.RaftServerConfigKeys (ConfUtils.java:logGet(46)) - raft.server.rpc.slowness.timeout = 60s (default)
2022-09-14 11:47:08,665 [Time-limited test] INFO  server.RaftServerConfigKeys (ConfUtils.java:logGet(46)) - raft.server.leaderelection.leader.step-down.wait-time = 10s (default)
2022-09-14 11:47:08,665 [Time-limited test] INFO  server.RaftServerConfigKeys (ConfUtils.java:logGet(46)) - raft.server.storage.dir = [/home/runner/work/ratis/ratis/ratis-test/target/test/data/30463c06/MiniRaftClusterWithGrpcf18d2315/s4] (custom)
2022-09-14 11:47:08,677 [pool-1-thread-1] INFO  server.RaftServer$Division (RaftServerImpl.java:<init>(196)) - s3: new RaftServerImpl for group-12AB68C5691F:[s3|rpc:localhost:46799|admin:localhost:45171|client:localhost:46547|dataStream:localhost:40281|priority:0|startupRole:FOLLOWER, s4|rpc:localhost:39419|admin:localhost:43995|client:localhost:41785|dataStream:localhost:46687|priority:0|startupRole:FOLLOWER, s0|rpc:localhost:42481|admin:localhost:44771|client:localhost:42743|dataStream:localhost:43981|priority:0|startupRole:FOLLOWER, s1|rpc:localhost:44073|admin:localhost:36871|client:localhost:39477|dataStream:localhost:35501|priority:0|startupRole:FOLLOWER, s2|rpc:localhost:38365|admin:localhost:35135|client:localhost:40537|dataStream:localhost:38285|priority:0|startupRole:FOLLOWER] with BaseStateMachine:uninitialized
2022-09-14 11:47:08,678 [Time-limited test] INFO  server.RaftServer (RaftServerProxy.java:addNew(99)) - s4: addNew group-12AB68C5691F:[s3|rpc:localhost:46799|admin:localhost:45171|client:localhost:46547|dataStream:localhost:40281|priority:0|startupRole:FOLLOWER, s4|rpc:localhost:39419|admin:localhost:43995|client:localhost:41785|dataStream:localhost:46687|priority:0|startupRole:FOLLOWER, s0|rpc:localhost:42481|admin:localhost:44771|client:localhost:42743|dataStream:localhost:43981|priority:0|startupRole:FOLLOWER, s1|rpc:localhost:44073|admin:localhost:36871|client:localhost:39477|dataStream:localhost:35501|priority:0|startupRole:FOLLOWER, s2|rpc:localhost:38365|admin:localhost:35135|client:localhost:40537|dataStream:localhost:38285|priority:0|startupRole:FOLLOWER] returns group-12AB68C5691F:java.util.concurrent.CompletableFuture@aab9416[Not completed]
2022-09-14 11:47:08,681 [Time-limited test] INFO  impl.MiniRaftCluster (MiniRaftCluster.java:newRaftServer(382)) - newRaftServer: s0, group-12AB68C5691F:[s3|rpc:localhost:46799|admin:localhost:45171|client:localhost:46547|dataStream:localhost:40281|priority:0|startupRole:FOLLOWER, s4|rpc:localhost:39419|admin:localhost:43995|client:localhost:41785|dataStream:localhost:46687|priority:0|startupRole:FOLLOWER, s0|rpc:localhost:42481|admin:localhost:44771|client:localhost:42743|dataStream:localhost:43981|priority:0|startupRole:FOLLOWER, s1|rpc:localhost:44073|admin:localhost:36871|client:localhost:39477|dataStream:localhost:35501|priority:0|startupRole:FOLLOWER, s2|rpc:localhost:38365|admin:localhost:35135|client:localhost:40537|dataStream:localhost:38285|priority:0|startupRole:FOLLOWER], format? true
2022-09-14 11:47:08,682 [Time-limited test] TRACE util.FileUtils (FileUtils.java:deleteFully(168)) - deleteFully target/test/data/30463c06/MiniRaftClusterWithGrpcf18d2315/s0
2022-09-14 11:47:08,682 [Time-limited test] TRACE util.FileUtils (FileUtils.java:deleteFully(184)) - deleteFully: target/test/data/30463c06/MiniRaftClusterWithGrpcf18d2315/s0 does not exist.
2022-09-14 11:47:08,682 [Time-limited test] INFO  impl.MiniRaftCluster (MiniRaftCluster.java:newRaftServer(387)) - Formatted directory target/test/data/30463c06/MiniRaftClusterWithGrpcf18d2315/s0
2022-09-14 11:47:08,682 [Time-limited test] INFO  server.RaftServer (ConfUtils.java:logGet(46)) - raft.rpc.type = GRPC (default)
2022-09-14 11:47:08,683 [Time-limited test] INFO  grpc.GrpcConfigKeys (ConfUtils.java:logFallback(53)) - raft.grpc.admin.host = null (fallback to raft.grpc.server.host)
2022-09-14 11:47:08,683 [Time-limited test] INFO  grpc.GrpcConfigKeys (ConfUtils.java:logGet(46)) - raft.grpc.admin.port = 44771 (custom)
2022-09-14 11:47:08,683 [Time-limited test] INFO  grpc.GrpcConfigKeys (ConfUtils.java:logFallback(53)) - raft.grpc.client.host = null (fallback to raft.grpc.server.host)
2022-09-14 11:47:08,683 [Time-limited test] INFO  grpc.GrpcConfigKeys (ConfUtils.java:logGet(46)) - raft.grpc.client.port = 42743 (custom)
2022-09-14 11:47:08,683 [Time-limited test] INFO  grpc.GrpcConfigKeys (ConfUtils.java:logGet(46)) - raft.grpc.server.host = null (default)
2022-09-14 11:47:08,684 [Time-limited test] INFO  grpc.GrpcConfigKeys (ConfUtils.java:logGet(46)) - raft.grpc.server.port = 42481 (custom)
2022-09-14 11:47:08,684 [Time-limited test] INFO  server.GrpcService (ConfUtils.java:logGet(46)) - raft.grpc.message.size.max = 64MB (=67108864) (default)
2022-09-14 11:47:08,684 [Time-limited test] INFO  server.RaftServerConfigKeys (ConfUtils.java:logGet(46)) - raft.server.log.appender.buffer.byte-limit = 4MB (=4194304) (default)
2022-09-14 11:47:08,684 [Time-limited test] INFO  server.GrpcService (ConfUtils.java:logGet(46)) - raft.grpc.flow.control.window = 1MB (=1048576) (default)
2022-09-14 11:47:08,684 [Time-limited test] INFO  server.RaftServerConfigKeys (ConfUtils.java:logGet(46)) - raft.server.rpc.request.timeout = 3000ms (default)
2022-09-14 11:47:08,684 [Time-limited test] INFO  grpc.GrpcConfigKeys (ConfUtils.java:logGet(46)) - raft.grpc.server.heartbeat.channel = true (default)
2022-09-14 11:47:08,685 [Time-limited test] INFO  grpc.GrpcConfigKeys (ConfUtils.java:logGet(46)) - raft.grpc.server.async.request.thread.pool.cached = true (default)
2022-09-14 11:47:08,685 [Time-limited test] INFO  grpc.GrpcConfigKeys (ConfUtils.java:logGet(46)) - raft.grpc.server.async.request.thread.pool.size = 32 (default)
2022-09-14 11:47:08,688 [Time-limited test] INFO  impl.DataStreamServerImpl (ConfUtils.java:logGet(46)) - raft.datastream.type = DISABLED (default)
2022-09-14 11:47:08,688 [Time-limited test] INFO  server.RaftServerConfigKeys (ConfUtils.java:logGet(46)) - raft.server.threadpool.proxy.cached = true (default)
2022-09-14 11:47:08,688 [Time-limited test] INFO  server.RaftServerConfigKeys (ConfUtils.java:logGet(46)) - raft.server.threadpool.proxy.size = 0 (default)
2022-09-14 11:47:08,689 [Time-limited test] INFO  server.RaftServerConfigKeys (ConfUtils.java:logGet(46)) - raft.server.rpc.slowness.timeout = 60s (default)
2022-09-14 11:47:08,689 [Time-limited test] INFO  server.RaftServerConfigKeys (ConfUtils.java:logGet(46)) - raft.server.leaderelection.leader.step-down.wait-time = 10s (default)
2022-09-14 11:47:08,689 [Time-limited test] INFO  server.RaftServerConfigKeys (ConfUtils.java:logGet(46)) - raft.server.storage.dir = [/home/runner/work/ratis/ratis/ratis-test/target/test/data/30463c06/MiniRaftClusterWithGrpcf18d2315/s0] (custom)
2022-09-14 11:47:08,688 [pool-1-thread-1] INFO  server.RaftServerConfigKeys (ConfUtils.java:logGet(46)) - raft.server.rpc.timeout.min = 150ms (default)
2022-09-14 11:47:08,693 [pool-1-thread-1] INFO  server.RaftServerConfigKeys (ConfUtils.java:logGet(46)) - raft.server.rpc.timeout.max = 300ms (default)
2022-09-14 11:47:08,693 [pool-1-thread-1] INFO  server.RaftServerConfigKeys (ConfUtils.java:logGet(46)) - raft.server.rpc.sleep.time = 25ms (default)
2022-09-14 11:47:08,693 [pool-1-thread-1] INFO  server.RaftServerConfigKeys (ConfUtils.java:logGet(46)) - raft.server.rpc.slowness.timeout = 60s (default)
2022-09-14 11:47:08,693 [pool-1-thread-1] INFO  server.RaftServerConfigKeys (ConfUtils.java:logGet(46)) - raft.server.leaderelection.leader.step-down.wait-time = 10s (default)
2022-09-14 11:47:08,693 [pool-1-thread-1] INFO  server.RaftServerConfigKeys (ConfUtils.java:logGet(46)) - raft.server.sleep.deviation.threshold = 300ms (default)
2022-09-14 11:47:08,699 [pool-1-thread-1] INFO  server.RaftServer$Division (ServerState.java:<init>(113)) - s3@group-12AB68C5691F: ConfigurationManager, init=-1: peers:[s3|rpc:localhost:46799|admin:localhost:45171|client:localhost:46547|dataStream:localhost:40281|priority:0|startupRole:FOLLOWER, s4|rpc:localhost:39419|admin:localhost:43995|client:localhost:41785|dataStream:localhost:46687|priority:0|startupRole:FOLLOWER, s0|rpc:localhost:42481|admin:localhost:44771|client:localhost:42743|dataStream:localhost:43981|priority:0|startupRole:FOLLOWER, s1|rpc:localhost:44073|admin:localhost:36871|client:localhost:39477|dataStream:localhost:35501|priority:0|startupRole:FOLLOWER, s2|rpc:localhost:38365|admin:localhost:35135|client:localhost:40537|dataStream:localhost:38285|priority:0|startupRole:FOLLOWER]|listeners:[], old=null, confs=<EMPTY_MAP>
2022-09-14 11:47:08,700 [Time-limited test] INFO  server.RaftServer (RaftServerProxy.java:addNew(99)) - s0: addNew group-12AB68C5691F:[s3|rpc:localhost:46799|admin:localhost:45171|client:localhost:46547|dataStream:localhost:40281|priority:0|startupRole:FOLLOWER, s4|rpc:localhost:39419|admin:localhost:43995|client:localhost:41785|dataStream:localhost:46687|priority:0|startupRole:FOLLOWER, s0|rpc:localhost:42481|admin:localhost:44771|client:localhost:42743|dataStream:localhost:43981|priority:0|startupRole:FOLLOWER, s1|rpc:localhost:44073|admin:localhost:36871|client:localhost:39477|dataStream:localhost:35501|priority:0|startupRole:FOLLOWER, s2|rpc:localhost:38365|admin:localhost:35135|client:localhost:40537|dataStream:localhost:38285|priority:0|startupRole:FOLLOWER] returns group-12AB68C5691F:java.util.concurrent.CompletableFuture@2fa678e4[Not completed]
2022-09-14 11:47:08,700 [Time-limited test] INFO  impl.MiniRaftCluster (MiniRaftCluster.java:newRaftServer(382)) - newRaftServer: s1, group-12AB68C5691F:[s3|rpc:localhost:46799|admin:localhost:45171|client:localhost:46547|dataStream:localhost:40281|priority:0|startupRole:FOLLOWER, s4|rpc:localhost:39419|admin:localhost:43995|client:localhost:41785|dataStream:localhost:46687|priority:0|startupRole:FOLLOWER, s0|rpc:localhost:42481|admin:localhost:44771|client:localhost:42743|dataStream:localhost:43981|priority:0|startupRole:FOLLOWER, s1|rpc:localhost:44073|admin:localhost:36871|client:localhost:39477|dataStream:localhost:35501|priority:0|startupRole:FOLLOWER, s2|rpc:localhost:38365|admin:localhost:35135|client:localhost:40537|dataStream:localhost:38285|priority:0|startupRole:FOLLOWER], format? true
2022-09-14 11:47:08,700 [Time-limited test] TRACE util.FileUtils (FileUtils.java:deleteFully(168)) - deleteFully target/test/data/30463c06/MiniRaftClusterWithGrpcf18d2315/s1
2022-09-14 11:47:08,700 [Time-limited test] TRACE util.FileUtils (FileUtils.java:deleteFully(184)) - deleteFully: target/test/data/30463c06/MiniRaftClusterWithGrpcf18d2315/s1 does not exist.
2022-09-14 11:47:08,700 [Time-limited test] INFO  impl.MiniRaftCluster (MiniRaftCluster.java:newRaftServer(387)) - Formatted directory target/test/data/30463c06/MiniRaftClusterWithGrpcf18d2315/s1
2022-09-14 11:47:08,701 [Time-limited test] INFO  server.RaftServer (ConfUtils.java:logGet(46)) - raft.rpc.type = GRPC (default)
2022-09-14 11:47:08,701 [Time-limited test] INFO  grpc.GrpcConfigKeys (ConfUtils.java:logFallback(53)) - raft.grpc.admin.host = null (fallback to raft.grpc.server.host)
2022-09-14 11:47:08,701 [Time-limited test] INFO  grpc.GrpcConfigKeys (ConfUtils.java:logGet(46)) - raft.grpc.admin.port = 36871 (custom)
2022-09-14 11:47:08,701 [Time-limited test] INFO  grpc.GrpcConfigKeys (ConfUtils.java:logFallback(53)) - raft.grpc.client.host = null (fallback to raft.grpc.server.host)
2022-09-14 11:47:08,701 [Time-limited test] INFO  grpc.GrpcConfigKeys (ConfUtils.java:logGet(46)) - raft.grpc.client.port = 39477 (custom)
2022-09-14 11:47:08,702 [Time-limited test] INFO  grpc.GrpcConfigKeys (ConfUtils.java:logGet(46)) - raft.grpc.server.host = null (default)
2022-09-14 11:47:08,702 [Time-limited test] INFO  grpc.GrpcConfigKeys (ConfUtils.java:logGet(46)) - raft.grpc.server.port = 44073 (custom)
2022-09-14 11:47:08,702 [Time-limited test] INFO  server.GrpcService (ConfUtils.java:logGet(46)) - raft.grpc.message.size.max = 64MB (=67108864) (default)
2022-09-14 11:47:08,702 [Time-limited test] INFO  server.RaftServerConfigKeys (ConfUtils.java:logGet(46)) - raft.server.log.appender.buffer.byte-limit = 4MB (=4194304) (default)
2022-09-14 11:47:08,702 [Time-limited test] INFO  server.GrpcService (ConfUtils.java:logGet(46)) - raft.grpc.flow.control.window = 1MB (=1048576) (default)
2022-09-14 11:47:08,702 [Time-limited test] INFO  server.RaftServerConfigKeys (ConfUtils.java:logGet(46)) - raft.server.rpc.request.timeout = 3000ms (default)
2022-09-14 11:47:08,703 [Time-limited test] INFO  grpc.GrpcConfigKeys (ConfUtils.java:logGet(46)) - raft.grpc.server.heartbeat.channel = true (default)
2022-09-14 11:47:08,703 [Time-limited test] INFO  grpc.GrpcConfigKeys (ConfUtils.java:logGet(46)) - raft.grpc.server.async.request.thread.pool.cached = true (default)
2022-09-14 11:47:08,703 [Time-limited test] INFO  grpc.GrpcConfigKeys (ConfUtils.java:logGet(46)) - raft.grpc.server.async.request.thread.pool.size = 32 (default)
2022-09-14 11:47:08,704 [Time-limited test] INFO  impl.DataStreamServerImpl (ConfUtils.java:logGet(46)) - raft.datastream.type = DISABLED (default)
2022-09-14 11:47:08,704 [Time-limited test] INFO  server.RaftServerConfigKeys (ConfUtils.java:logGet(46)) - raft.server.threadpool.proxy.cached = true (default)
2022-09-14 11:47:08,705 [Time-limited test] INFO  server.RaftServerConfigKeys (ConfUtils.java:logGet(46)) - raft.server.threadpool.proxy.size = 0 (default)
2022-09-14 11:47:08,705 [Time-limited test] INFO  server.RaftServerConfigKeys (ConfUtils.java:logGet(46)) - raft.server.rpc.slowness.timeout = 60s (default)
2022-09-14 11:47:08,705 [Time-limited test] INFO  server.RaftServerConfigKeys (ConfUtils.java:logGet(46)) - raft.server.leaderelection.leader.step-down.wait-time = 10s (default)
2022-09-14 11:47:08,705 [Time-limited test] INFO  server.RaftServerConfigKeys (ConfUtils.java:logGet(46)) - raft.server.storage.dir = [/home/runner/work/ratis/ratis/ratis-test/target/test/data/30463c06/MiniRaftClusterWithGrpcf18d2315/s1] (custom)
2022-09-14 11:47:08,708 [pool-1-thread-1] INFO  server.RaftServerConfigKeys (ConfUtils.java:logGet(46)) - raft.server.notification.no-leader.timeout = 60s (default)
2022-09-14 11:47:08,707 [pool-3-thread-1] INFO  server.RaftServer$Division (RaftServerImpl.java:<init>(196)) - s0: new RaftServerImpl for group-12AB68C5691F:[s3|rpc:localhost:46799|admin:localhost:45171|client:localhost:46547|dataStream:localhost:40281|priority:0|startupRole:FOLLOWER, s4|rpc:localhost:39419|admin:localhost:43995|client:localhost:41785|dataStream:localhost:46687|priority:0|startupRole:FOLLOWER, s0|rpc:localhost:42481|admin:localhost:44771|client:localhost:42743|dataStream:localhost:43981|priority:0|startupRole:FOLLOWER, s1|rpc:localhost:44073|admin:localhost:36871|client:localhost:39477|dataStream:localhost:35501|priority:0|startupRole:FOLLOWER, s2|rpc:localhost:38365|admin:localhost:35135|client:localhost:40537|dataStream:localhost:38285|priority:0|startupRole:FOLLOWER] with BaseStateMachine:uninitialized
2022-09-14 11:47:08,699 [pool-2-thread-1] INFO  server.RaftServer$Division (RaftServerImpl.java:<init>(196)) - s4: new RaftServerImpl for group-12AB68C5691F:[s3|rpc:localhost:46799|admin:localhost:45171|client:localhost:46547|dataStream:localhost:40281|priority:0|startupRole:FOLLOWER, s4|rpc:localhost:39419|admin:localhost:43995|client:localhost:41785|dataStream:localhost:46687|priority:0|startupRole:FOLLOWER, s0|rpc:localhost:42481|admin:localhost:44771|client:localhost:42743|dataStream:localhost:43981|priority:0|startupRole:FOLLOWER, s1|rpc:localhost:44073|admin:localhost:36871|client:localhost:39477|dataStream:localhost:35501|priority:0|startupRole:FOLLOWER, s2|rpc:localhost:38365|admin:localhost:35135|client:localhost:40537|dataStream:localhost:38285|priority:0|startupRole:FOLLOWER] with BaseStateMachine:uninitialized
2022-09-14 11:47:08,711 [pool-2-thread-1] INFO  server.RaftServerConfigKeys (ConfUtils.java:logGet(46)) - raft.server.rpc.timeout.min = 150ms (default)
2022-09-14 11:47:08,712 [pool-2-thread-1] INFO  server.RaftServerConfigKeys (ConfUtils.java:logGet(46)) - raft.server.rpc.timeout.max = 300ms (default)
2022-09-14 11:47:08,712 [pool-2-thread-1] INFO  server.RaftServerConfigKeys (ConfUtils.java:logGet(46)) - raft.server.rpc.sleep.time = 25ms (default)
2022-09-14 11:47:08,712 [pool-2-thread-1] INFO  server.RaftServerConfigKeys (ConfUtils.java:logGet(46)) - raft.server.rpc.slowness.timeout = 60s (default)
2022-09-14 11:47:08,712 [pool-2-thread-1] INFO  server.RaftServerConfigKeys (ConfUtils.java:logGet(46)) - raft.server.leaderelection.leader.step-down.wait-time = 10s (default)
2022-09-14 11:47:08,712 [pool-2-thread-1] INFO  server.RaftServerConfigKeys (ConfUtils.java:logGet(46)) - raft.server.sleep.deviation.threshold = 300ms (default)
2022-09-14 11:47:08,712 [pool-2-thread-1] INFO  server.RaftServer$Division (ServerState.java:<init>(113)) - s4@group-12AB68C5691F: ConfigurationManager, init=-1: peers:[s3|rpc:localhost:46799|admin:localhost:45171|client:localhost:46547|dataStream:localhost:40281|priority:0|startupRole:FOLLOWER, s4|rpc:localhost:39419|admin:localhost:43995|client:localhost:41785|dataStream:localhost:46687|priority:0|startupRole:FOLLOWER, s0|rpc:localhost:42481|admin:localhost:44771|client:localhost:42743|dataStream:localhost:43981|priority:0|startupRole:FOLLOWER, s1|rpc:localhost:44073|admin:localhost:36871|client:localhost:39477|dataStream:localhost:35501|priority:0|startupRole:FOLLOWER, s2|rpc:localhost:38365|admin:localhost:35135|client:localhost:40537|dataStream:localhost:38285|priority:0|startupRole:FOLLOWER]|listeners:[], old=null, confs=<EMPTY_MAP>
2022-09-14 11:47:08,712 [pool-2-thread-1] INFO  server.RaftServerConfigKeys (ConfUtils.java:logGet(46)) - raft.server.notification.no-leader.timeout = 60s (default)
2022-09-14 11:47:08,713 [pool-3-thread-1] INFO  server.RaftServerConfigKeys (ConfUtils.java:logGet(46)) - raft.server.rpc.timeout.min = 150ms (default)
2022-09-14 11:47:08,714 [pool-3-thread-1] INFO  server.RaftServerConfigKeys (ConfUtils.java:logGet(46)) - raft.server.rpc.timeout.max = 300ms (default)
2022-09-14 11:47:08,714 [pool-3-thread-1] INFO  server.RaftServerConfigKeys (ConfUtils.java:logGet(46)) - raft.server.rpc.sleep.time = 25ms (default)
2022-09-14 11:47:08,714 [Time-limited test] INFO  server.RaftServer (RaftServerProxy.java:addNew(99)) - s1: addNew group-12AB68C5691F:[s3|rpc:localhost:46799|admin:localhost:45171|client:localhost:46547|dataStream:localhost:40281|priority:0|startupRole:FOLLOWER, s4|rpc:localhost:39419|admin:localhost:43995|client:localhost:41785|dataStream:localhost:46687|priority:0|startupRole:FOLLOWER, s0|rpc:localhost:42481|admin:localhost:44771|client:localhost:42743|dataStream:localhost:43981|priority:0|startupRole:FOLLOWER, s1|rpc:localhost:44073|admin:localhost:36871|client:localhost:39477|dataStream:localhost:35501|priority:0|startupRole:FOLLOWER, s2|rpc:localhost:38365|admin:localhost:35135|client:localhost:40537|dataStream:localhost:38285|priority:0|startupRole:FOLLOWER] returns group-12AB68C5691F:java.util.concurrent.CompletableFuture@6eba673c[Not completed]
2022-09-14 11:47:08,714 [Time-limited test] INFO  impl.MiniRaftCluster (MiniRaftCluster.java:newRaftServer(382)) - newRaftServer: s2, group-12AB68C5691F:[s3|rpc:localhost:46799|admin:localhost:45171|client:localhost:46547|dataStream:localhost:40281|priority:0|startupRole:FOLLOWER, s4|rpc:localhost:39419|admin:localhost:43995|client:localhost:41785|dataStream:localhost:46687|priority:0|startupRole:FOLLOWER, s0|rpc:localhost:42481|admin:localhost:44771|client:localhost:42743|dataStream:localhost:43981|priority:0|startupRole:FOLLOWER, s1|rpc:localhost:44073|admin:localhost:36871|client:localhost:39477|dataStream:localhost:35501|priority:0|startupRole:FOLLOWER, s2|rpc:localhost:38365|admin:localhost:35135|client:localhost:40537|dataStream:localhost:38285|priority:0|startupRole:FOLLOWER], format? true
2022-09-14 11:47:08,714 [Time-limited test] TRACE util.FileUtils (FileUtils.java:deleteFully(168)) - deleteFully target/test/data/30463c06/MiniRaftClusterWithGrpcf18d2315/s2
2022-09-14 11:47:08,715 [Time-limited test] TRACE util.FileUtils (FileUtils.java:deleteFully(184)) - deleteFully: target/test/data/30463c06/MiniRaftClusterWithGrpcf18d2315/s2 does not exist.
2022-09-14 11:47:08,715 [Time-limited test] INFO  impl.MiniRaftCluster (MiniRaftCluster.java:newRaftServer(387)) - Formatted directory target/test/data/30463c06/MiniRaftClusterWithGrpcf18d2315/s2
2022-09-14 11:47:08,715 [Time-limited test] INFO  server.RaftServer (ConfUtils.java:logGet(46)) - raft.rpc.type = GRPC (default)
2022-09-14 11:47:08,715 [Time-limited test] INFO  grpc.GrpcConfigKeys (ConfUtils.java:logFallback(53)) - raft.grpc.admin.host = null (fallback to raft.grpc.server.host)
2022-09-14 11:47:08,715 [Time-limited test] INFO  grpc.GrpcConfigKeys (ConfUtils.java:logGet(46)) - raft.grpc.admin.port = 35135 (custom)
2022-09-14 11:47:08,716 [Time-limited test] INFO  grpc.GrpcConfigKeys (ConfUtils.java:logFallback(53)) - raft.grpc.client.host = null (fallback to raft.grpc.server.host)
2022-09-14 11:47:08,716 [Time-limited test] INFO  grpc.GrpcConfigKeys (ConfUtils.java:logGet(46)) - raft.grpc.client.port = 40537 (custom)
2022-09-14 11:47:08,716 [Time-limited test] INFO  grpc.GrpcConfigKeys (ConfUtils.java:logGet(46)) - raft.grpc.server.host = null (default)
2022-09-14 11:47:08,716 [Time-limited test] INFO  grpc.GrpcConfigKeys (ConfUtils.java:logGet(46)) - raft.grpc.server.port = 38365 (custom)
2022-09-14 11:47:08,716 [Time-limited test] INFO  server.GrpcService (ConfUtils.java:logGet(46)) - raft.grpc.message.size.max = 64MB (=67108864) (default)
2022-09-14 11:47:08,716 [Time-limited test] INFO  server.RaftServerConfigKeys (ConfUtils.java:logGet(46)) - raft.server.log.appender.buffer.byte-limit = 4MB (=4194304) (default)
2022-09-14 11:47:08,716 [Time-limited test] INFO  server.GrpcService (ConfUtils.java:logGet(46)) - raft.grpc.flow.control.window = 1MB (=1048576) (default)
2022-09-14 11:47:08,717 [Time-limited test] INFO  server.RaftServerConfigKeys (ConfUtils.java:logGet(46)) - raft.server.rpc.request.timeout = 3000ms (default)
2022-09-14 11:47:08,717 [Time-limited test] INFO  grpc.GrpcConfigKeys (ConfUtils.java:logGet(46)) - raft.grpc.server.heartbeat.channel = true (default)
2022-09-14 11:47:08,717 [Time-limited test] INFO  grpc.GrpcConfigKeys (ConfUtils.java:logGet(46)) - raft.grpc.server.async.request.thread.pool.cached = true (default)
2022-09-14 11:47:08,717 [Time-limited test] INFO  grpc.GrpcConfigKeys (ConfUtils.java:logGet(46)) - raft.grpc.server.async.request.thread.pool.size = 32 (default)
2022-09-14 11:47:08,718 [Time-limited test] INFO  impl.DataStreamServerImpl (ConfUtils.java:logGet(46)) - raft.datastream.type = DISABLED (default)
2022-09-14 11:47:08,719 [Time-limited test] INFO  server.RaftServerConfigKeys (ConfUtils.java:logGet(46)) - raft.server.threadpool.proxy.cached = true (default)
2022-09-14 11:47:08,719 [pool-3-thread-1] INFO  server.RaftServerConfigKeys (ConfUtils.java:logGet(46)) - raft.server.rpc.slowness.timeout = 60s (default)
2022-09-14 11:47:08,720 [pool-3-thread-1] INFO  server.RaftServerConfigKeys (ConfUtils.java:logGet(46)) - raft.server.leaderelection.leader.step-down.wait-time = 10s (default)
2022-09-14 11:47:08,720 [pool-3-thread-1] INFO  server.RaftServerConfigKeys (ConfUtils.java:logGet(46)) - raft.server.sleep.deviation.threshold = 300ms (default)
2022-09-14 11:47:08,720 [pool-3-thread-1] INFO  server.RaftServer$Division (ServerState.java:<init>(113)) - s0@group-12AB68C5691F: ConfigurationManager, init=-1: peers:[s3|rpc:localhost:46799|admin:localhost:45171|client:localhost:46547|dataStream:localhost:40281|priority:0|startupRole:FOLLOWER, s4|rpc:localhost:39419|admin:localhost:43995|client:localhost:41785|dataStream:localhost:46687|priority:0|startupRole:FOLLOWER, s0|rpc:localhost:42481|admin:localhost:44771|client:localhost:42743|dataStream:localhost:43981|priority:0|startupRole:FOLLOWER, s1|rpc:localhost:44073|admin:localhost:36871|client:localhost:39477|dataStream:localhost:35501|priority:0|startupRole:FOLLOWER, s2|rpc:localhost:38365|admin:localhost:35135|client:localhost:40537|dataStream:localhost:38285|priority:0|startupRole:FOLLOWER]|listeners:[], old=null, confs=<EMPTY_MAP>
2022-09-14 11:47:08,720 [pool-3-thread-1] INFO  server.RaftServerConfigKeys (ConfUtils.java:logGet(46)) - raft.server.notification.no-leader.timeout = 60s (default)
2022-09-14 11:47:08,733 [pool-3-thread-1] INFO  server.RaftServerConfigKeys (ConfUtils.java:logGet(46)) - raft.server.read.timeout = 10s (default)
2022-09-14 11:47:08,719 [Time-limited test] INFO  server.RaftServerConfigKeys (ConfUtils.java:logGet(46)) - raft.server.threadpool.proxy.size = 0 (default)
2022-09-14 11:47:08,736 [Time-limited test] INFO  server.RaftServerConfigKeys (ConfUtils.java:logGet(46)) - raft.server.rpc.slowness.timeout = 60s (default)
2022-09-14 11:47:08,736 [Time-limited test] INFO  server.RaftServerConfigKeys (ConfUtils.java:logGet(46)) - raft.server.leaderelection.leader.step-down.wait-time = 10s (default)
2022-09-14 11:47:08,736 [Time-limited test] INFO  server.RaftServerConfigKeys (ConfUtils.java:logGet(46)) - raft.server.storage.dir = [/home/runner/work/ratis/ratis/ratis-test/target/test/data/30463c06/MiniRaftClusterWithGrpcf18d2315/s2] (custom)
2022-09-14 11:47:08,732 [pool-4-thread-1] INFO  server.RaftServer$Division (RaftServerImpl.java:<init>(196)) - s1: new RaftServerImpl for group-12AB68C5691F:[s3|rpc:localhost:46799|admin:localhost:45171|client:localhost:46547|dataStream:localhost:40281|priority:0|startupRole:FOLLOWER, s4|rpc:localhost:39419|admin:localhost:43995|client:localhost:41785|dataStream:localhost:46687|priority:0|startupRole:FOLLOWER, s0|rpc:localhost:42481|admin:localhost:44771|client:localhost:42743|dataStream:localhost:43981|priority:0|startupRole:FOLLOWER, s1|rpc:localhost:44073|admin:localhost:36871|client:localhost:39477|dataStream:localhost:35501|priority:0|startupRole:FOLLOWER, s2|rpc:localhost:38365|admin:localhost:35135|client:localhost:40537|dataStream:localhost:38285|priority:0|startupRole:FOLLOWER] with BaseStateMachine:uninitialized
2022-09-14 11:47:08,732 [pool-1-thread-1] INFO  server.RaftServerConfigKeys (ConfUtils.java:logGet(46)) - raft.server.read.timeout = 10s (default)
2022-09-14 11:47:08,732 [pool-2-thread-1] INFO  server.RaftServerConfigKeys (ConfUtils.java:logGet(46)) - raft.server.read.timeout = 10s (default)
2022-09-14 11:47:08,744 [pool-2-thread-1] INFO  server.RaftServerConfigKeys (ConfUtils.java:logGet(46)) - raft.server.retrycache.expirytime = 60s (default)
2022-09-14 11:47:08,744 [pool-2-thread-1] INFO  server.RaftServerConfigKeys (ConfUtils.java:logGet(46)) - raft.server.retrycache.statistics.expirytime = 100μs (default)
2022-09-14 11:47:08,740 [pool-1-thread-1] INFO  server.RaftServerConfigKeys (ConfUtils.java:logGet(46)) - raft.server.retrycache.expirytime = 60s (default)
2022-09-14 11:47:08,746 [pool-1-thread-1] INFO  server.RaftServerConfigKeys (ConfUtils.java:logGet(46)) - raft.server.retrycache.statistics.expirytime = 100μs (default)
2022-09-14 11:47:08,737 [pool-4-thread-1] INFO  server.RaftServerConfigKeys (ConfUtils.java:logGet(46)) - raft.server.rpc.timeout.min = 150ms (default)
2022-09-14 11:47:08,747 [pool-4-thread-1] INFO  server.RaftServerConfigKeys (ConfUtils.java:logGet(46)) - raft.server.rpc.timeout.max = 300ms (default)
2022-09-14 11:47:08,747 [pool-4-thread-1] INFO  server.RaftServerConfigKeys (ConfUtils.java:logGet(46)) - raft.server.rpc.sleep.time = 25ms (default)
2022-09-14 11:47:08,747 [pool-4-thread-1] INFO  server.RaftServerConfigKeys (ConfUtils.java:logGet(46)) - raft.server.rpc.slowness.timeout = 60s (default)
2022-09-14 11:47:08,748 [pool-4-thread-1] INFO  server.RaftServerConfigKeys (ConfUtils.java:logGet(46)) - raft.server.leaderelection.leader.step-down.wait-time = 10s (default)
2022-09-14 11:47:08,748 [pool-4-thread-1] INFO  server.RaftServerConfigKeys (ConfUtils.java:logGet(46)) - raft.server.sleep.deviation.threshold = 300ms (default)
2022-09-14 11:47:08,761 [pool-4-thread-1] INFO  server.RaftServer$Division (ServerState.java:<init>(113)) - s1@group-12AB68C5691F: ConfigurationManager, init=-1: peers:[s3|rpc:localhost:46799|admin:localhost:45171|client:localhost:46547|dataStream:localhost:40281|priority:0|startupRole:FOLLOWER, s4|rpc:localhost:39419|admin:localhost:43995|client:localhost:41785|dataStream:localhost:46687|priority:0|startupRole:FOLLOWER, s0|rpc:localhost:42481|admin:localhost:44771|client:localhost:42743|dataStream:localhost:43981|priority:0|startupRole:FOLLOWER, s1|rpc:localhost:44073|admin:localhost:36871|client:localhost:39477|dataStream:localhost:35501|priority:0|startupRole:FOLLOWER, s2|rpc:localhost:38365|admin:localhost:35135|client:localhost:40537|dataStream:localhost:38285|priority:0|startupRole:FOLLOWER]|listeners:[], old=null, confs=<EMPTY_MAP>
2022-09-14 11:47:08,761 [pool-4-thread-1] INFO  server.RaftServerConfigKeys (ConfUtils.java:logGet(46)) - raft.server.notification.no-leader.timeout = 60s (default)
2022-09-14 11:47:08,762 [pool-4-thread-1] INFO  server.RaftServerConfigKeys (ConfUtils.java:logGet(46)) - raft.server.read.timeout = 10s (default)
2022-09-14 11:47:08,762 [pool-4-thread-1] INFO  server.RaftServerConfigKeys (ConfUtils.java:logGet(46)) - raft.server.retrycache.expirytime = 60s (default)
2022-09-14 11:47:08,762 [pool-4-thread-1] INFO  server.RaftServerConfigKeys (ConfUtils.java:logGet(46)) - raft.server.retrycache.statistics.expirytime = 100μs (default)
2022-09-14 11:47:08,761 [Time-limited test] INFO  server.RaftServer (RaftServerProxy.java:addNew(99)) - s2: addNew group-12AB68C5691F:[s3|rpc:localhost:46799|admin:localhost:45171|client:localhost:46547|dataStream:localhost:40281|priority:0|startupRole:FOLLOWER, s4|rpc:localhost:39419|admin:localhost:43995|client:localhost:41785|dataStream:localhost:46687|priority:0|startupRole:FOLLOWER, s0|rpc:localhost:42481|admin:localhost:44771|client:localhost:42743|dataStream:localhost:43981|priority:0|startupRole:FOLLOWER, s1|rpc:localhost:44073|admin:localhost:36871|client:localhost:39477|dataStream:localhost:35501|priority:0|startupRole:FOLLOWER, s2|rpc:localhost:38365|admin:localhost:35135|client:localhost:40537|dataStream:localhost:38285|priority:0|startupRole:FOLLOWER] returns group-12AB68C5691F:java.util.concurrent.CompletableFuture@28cf4293[Not completed]
2022-09-14 11:47:08,757 [pool-3-thread-1] INFO  server.RaftServerConfigKeys (ConfUtils.java:logGet(46)) - raft.server.retrycache.expirytime = 60s (default)
2022-09-14 11:47:08,770 [pool-3-thread-1] INFO  server.RaftServerConfigKeys (ConfUtils.java:logGet(46)) - raft.server.retrycache.statistics.expirytime = 100μs (default)
2022-09-14 11:47:08,771 [pool-5-thread-1] INFO  server.RaftServer$Division (RaftServerImpl.java:<init>(196)) - s2: new RaftServerImpl for group-12AB68C5691F:[s3|rpc:localhost:46799|admin:localhost:45171|client:localhost:46547|dataStream:localhost:40281|priority:0|startupRole:FOLLOWER, s4|rpc:localhost:39419|admin:localhost:43995|client:localhost:41785|dataStream:localhost:46687|priority:0|startupRole:FOLLOWER, s0|rpc:localhost:42481|admin:localhost:44771|client:localhost:42743|dataStream:localhost:43981|priority:0|startupRole:FOLLOWER, s1|rpc:localhost:44073|admin:localhost:36871|client:localhost:39477|dataStream:localhost:35501|priority:0|startupRole:FOLLOWER, s2|rpc:localhost:38365|admin:localhost:35135|client:localhost:40537|dataStream:localhost:38285|priority:0|startupRole:FOLLOWER] with BaseStateMachine:uninitialized
2022-09-14 11:47:08,772 [pool-5-thread-1] INFO  server.RaftServerConfigKeys (ConfUtils.java:logGet(46)) - raft.server.rpc.timeout.min = 150ms (default)
2022-09-14 11:47:08,773 [pool-5-thread-1] INFO  server.RaftServerConfigKeys (ConfUtils.java:logGet(46)) - raft.server.rpc.timeout.max = 300ms (default)
2022-09-14 11:47:08,773 [pool-5-thread-1] INFO  server.RaftServerConfigKeys (ConfUtils.java:logGet(46)) - raft.server.rpc.sleep.time = 25ms (default)
2022-09-14 11:47:08,773 [pool-5-thread-1] INFO  server.RaftServerConfigKeys (ConfUtils.java:logGet(46)) - raft.server.rpc.slowness.timeout = 60s (default)
2022-09-14 11:47:08,773 [pool-5-thread-1] INFO  server.RaftServerConfigKeys (ConfUtils.java:logGet(46)) - raft.server.leaderelection.leader.step-down.wait-time = 10s (default)
2022-09-14 11:47:08,774 [pool-5-thread-1] INFO  server.RaftServerConfigKeys (ConfUtils.java:logGet(46)) - raft.server.sleep.deviation.threshold = 300ms (default)
2022-09-14 11:47:08,774 [pool-5-thread-1] INFO  server.RaftServer$Division (ServerState.java:<init>(113)) - s2@group-12AB68C5691F: ConfigurationManager, init=-1: peers:[s3|rpc:localhost:46799|admin:localhost:45171|client:localhost:46547|dataStream:localhost:40281|priority:0|startupRole:FOLLOWER, s4|rpc:localhost:39419|admin:localhost:43995|client:localhost:41785|dataStream:localhost:46687|priority:0|startupRole:FOLLOWER, s0|rpc:localhost:42481|admin:localhost:44771|client:localhost:42743|dataStream:localhost:43981|priority:0|startupRole:FOLLOWER, s1|rpc:localhost:44073|admin:localhost:36871|client:localhost:39477|dataStream:localhost:35501|priority:0|startupRole:FOLLOWER, s2|rpc:localhost:38365|admin:localhost:35135|client:localhost:40537|dataStream:localhost:38285|priority:0|startupRole:FOLLOWER]|listeners:[], old=null, confs=<EMPTY_MAP>
2022-09-14 11:47:08,775 [pool-5-thread-1] INFO  server.RaftServerConfigKeys (ConfUtils.java:logGet(46)) - raft.server.notification.no-leader.timeout = 60s (default)
2022-09-14 11:47:08,775 [pool-5-thread-1] INFO  server.RaftServerConfigKeys (ConfUtils.java:logGet(46)) - raft.server.read.timeout = 10s (default)
2022-09-14 11:47:08,775 [pool-5-thread-1] INFO  server.RaftServerConfigKeys (ConfUtils.java:logGet(46)) - raft.server.retrycache.expirytime = 60s (default)
2022-09-14 11:47:08,776 [pool-5-thread-1] INFO  server.RaftServerConfigKeys (ConfUtils.java:logGet(46)) - raft.server.retrycache.statistics.expirytime = 100μs (default)
2022-09-14 11:47:08,783 [pool-2-thread-1] INFO  server.RaftServerConfigKeys (ConfUtils.java:logGet(46)) - .option = DEFAULT (default)
2022-09-14 11:47:08,783 [pool-3-thread-1] INFO  server.RaftServerConfigKeys (ConfUtils.java:logGet(46)) - .option = DEFAULT (default)
2022-09-14 11:47:08,783 [pool-1-thread-1] INFO  server.RaftServerConfigKeys (ConfUtils.java:logGet(46)) - .option = DEFAULT (default)
2022-09-14 11:47:08,783 [pool-4-thread-1] INFO  server.RaftServerConfigKeys (ConfUtils.java:logGet(46)) - .option = DEFAULT (default)
2022-09-14 11:47:08,787 [pool-5-thread-1] INFO  server.RaftServerConfigKeys (ConfUtils.java:logGet(46)) - .option = DEFAULT (default)
2022-09-14 11:47:08,794 [pool-3-thread-1] INFO  metrics.MetricRegistries (MetricRegistriesLoader.java:load(64)) - Loaded MetricRegistries class org.apache.ratis.metrics.impl.MetricRegistriesImpl
2022-09-14 11:47:08,918 [pool-4-thread-1] INFO  server.RaftServerConfigKeys (ConfUtils.java:logGet(46)) - raft.server.log.appender.install.snapshot.enabled = true (default)
2022-09-14 11:47:08,921 [pool-4-thread-1] INFO  server.RaftServerConfigKeys (ConfUtils.java:logGet(46)) - raft.server.threadpool.server.cached = true (default)
2022-09-14 11:47:08,921 [pool-4-thread-1] INFO  server.RaftServerConfigKeys (ConfUtils.java:logGet(46)) - raft.server.threadpool.server.size = 0 (default)
2022-09-14 11:47:08,921 [pool-4-thread-1] INFO  server.RaftServerConfigKeys (ConfUtils.java:logGet(46)) - raft.server.threadpool.client.cached = true (default)
2022-09-14 11:47:08,922 [pool-4-thread-1] INFO  server.RaftServerConfigKeys (ConfUtils.java:logGet(46)) - raft.server.threadpool.client.size = 0 (default)
2022-09-14 11:47:08,920 [pool-2-thread-1] INFO  server.RaftServerConfigKeys (ConfUtils.java:logGet(46)) - raft.server.log.appender.install.snapshot.enabled = true (default)
2022-09-14 11:47:08,922 [pool-2-thread-1] INFO  server.RaftServerConfigKeys (ConfUtils.java:logGet(46)) - raft.server.threadpool.server.cached = true (default)
2022-09-14 11:47:08,922 [pool-2-thread-1] INFO  server.RaftServerConfigKeys (ConfUtils.java:logGet(46)) - raft.server.threadpool.server.size = 0 (default)
2022-09-14 11:47:08,922 [pool-2-thread-1] INFO  server.RaftServerConfigKeys (ConfUtils.java:logGet(46)) - raft.server.threadpool.client.cached = true (default)
2022-09-14 11:47:08,922 [pool-2-thread-1] INFO  server.RaftServerConfigKeys (ConfUtils.java:logGet(46)) - raft.server.threadpool.client.size = 0 (default)
2022-09-14 11:47:08,923 [pool-5-thread-1] INFO  server.RaftServerConfigKeys (ConfUtils.java:logGet(46)) - raft.server.log.appender.install.snapshot.enabled = true (default)
2022-09-14 11:47:08,924 [pool-5-thread-1] INFO  server.RaftServerConfigKeys (ConfUtils.java:logGet(46)) - raft.server.threadpool.server.cached = true (default)
2022-09-14 11:47:08,924 [pool-5-thread-1] INFO  server.RaftServerConfigKeys (ConfUtils.java:logGet(46)) - raft.server.threadpool.server.size = 0 (default)
2022-09-14 11:47:08,925 [pool-5-thread-1] INFO  server.RaftServerConfigKeys (ConfUtils.java:logGet(46)) - raft.server.threadpool.client.cached = true (default)
2022-09-14 11:47:08,925 [pool-5-thread-1] INFO  server.RaftServerConfigKeys (ConfUtils.java:logGet(46)) - raft.server.threadpool.client.size = 0 (default)
2022-09-14 11:47:08,924 [pool-1-thread-1] INFO  server.RaftServerConfigKeys (ConfUtils.java:logGet(46)) - raft.server.log.appender.install.snapshot.enabled = true (default)
2022-09-14 11:47:08,925 [pool-1-thread-1] INFO  server.RaftServerConfigKeys (ConfUtils.java:logGet(46)) - raft.server.threadpool.server.cached = true (default)
2022-09-14 11:47:08,925 [pool-1-thread-1] INFO  server.RaftServerConfigKeys (ConfUtils.java:logGet(46)) - raft.server.threadpool.server.size = 0 (default)
2022-09-14 11:47:08,925 [pool-1-thread-1] INFO  server.RaftServerConfigKeys (ConfUtils.java:logGet(46)) - raft.server.threadpool.client.cached = true (default)
2022-09-14 11:47:08,925 [pool-1-thread-1] INFO  server.RaftServerConfigKeys (ConfUtils.java:logGet(46)) - raft.server.threadpool.client.size = 0 (default)
2022-09-14 11:47:08,927 [s3-impl-thread1] INFO  server.RaftServerConfigKeys (ConfUtils.java:logGet(46)) - raft.server.storage.free-space.min = 0MB (=0) (default)
2022-09-14 11:47:08,924 [pool-3-thread-1] INFO  server.RaftServerConfigKeys (ConfUtils.java:logGet(46)) - raft.server.log.appender.install.snapshot.enabled = true (default)
2022-09-14 11:47:08,927 [pool-3-thread-1] INFO  server.RaftServerConfigKeys (ConfUtils.java:logGet(46)) - raft.server.threadpool.server.cached = true (default)
2022-09-14 11:47:08,927 [pool-3-thread-1] INFO  server.RaftServerConfigKeys (ConfUtils.java:logGet(46)) - raft.server.threadpool.server.size = 0 (default)
2022-09-14 11:47:08,928 [s3-impl-thread1] INFO  server.RaftServerConfigKeys (ConfUtils.java:logGet(46)) - raft.server.log.corruption.policy = EXCEPTION (default)
2022-09-14 11:47:08,930 [s3-impl-thread1] INFO  server.RaftServerConfigKeys (ConfUtils.java:logGet(46)) - raft.server.storage.dir = [/home/runner/work/ratis/ratis/ratis-test/target/test/data/30463c06/MiniRaftClusterWithGrpcf18d2315/s3] (custom)
2022-09-14 11:47:08,936 [pool-3-thread-1] INFO  server.RaftServerConfigKeys (ConfUtils.java:logGet(46)) - raft.server.threadpool.client.cached = true (default)
2022-09-14 11:47:08,936 [pool-3-thread-1] INFO  server.RaftServerConfigKeys (ConfUtils.java:logGet(46)) - raft.server.threadpool.client.size = 0 (default)
2022-09-14 11:47:08,942 [s3-impl-thread1] INFO  storage.RaftStorageDirectory (RaftStorageDirectoryImpl.java:analyzeStorage(138)) - The storage directory /home/runner/work/ratis/ratis/ratis-test/target/test/data/30463c06/MiniRaftClusterWithGrpcf18d2315/s3/d68e6cc1-9078-4035-9262-12ab68c5691f does not exist. Creating ...
2022-09-14 11:47:08,943 [s3-impl-thread1] TRACE util.FileUtils (LogUtils.java:runAndLog(49)) - Successfully ran Files.createDirectories /home/runner/work/ratis/ratis/ratis-test/target/test/data/30463c06/MiniRaftClusterWithGrpcf18d2315/s3/d68e6cc1-9078-4035-9262-12ab68c5691f
2022-09-14 11:47:08,948 [s3-impl-thread1] INFO  storage.RaftStorageDirectory (RaftStorageDirectoryImpl.java:tryLock(232)) - Lock on /home/runner/work/ratis/ratis/ratis-test/target/test/data/30463c06/MiniRaftClusterWithGrpcf18d2315/s3/d68e6cc1-9078-4035-9262-12ab68c5691f/in_use.lock acquired by nodename 26925@fv-az451-541
2022-09-14 11:47:08,948 [s3-impl-thread1] TRACE util.FileUtils (LogUtils.java:runAndLog(49)) - Successfully ran Files.createDirectories /home/runner/work/ratis/ratis/ratis-test/target/test/data/30463c06/MiniRaftClusterWithGrpcf18d2315/s3/d68e6cc1-9078-4035-9262-12ab68c5691f/current
2022-09-14 11:47:08,949 [s3-impl-thread1] TRACE util.FileUtils (LogUtils.java:runAndLog(49)) - Successfully ran Files.createDirectories /home/runner/work/ratis/ratis/ratis-test/target/test/data/30463c06/MiniRaftClusterWithGrpcf18d2315/s3/d68e6cc1-9078-4035-9262-12ab68c5691f/sm
2022-09-14 11:47:08,961 [s3-impl-thread1] INFO  storage.RaftStorage (RaftStorageImpl.java:format(96)) - Storage directory /home/runner/work/ratis/ratis/ratis-test/target/test/data/30463c06/MiniRaftClusterWithGrpcf18d2315/s3/d68e6cc1-9078-4035-9262-12ab68c5691f has been successfully formatted.
2022-09-14 11:47:08,963 [s3-impl-thread1] INFO  server.RaftServerConfigKeys (ConfUtils.java:logGet(46)) - raft.server.log.use.memory = false (default)
2022-09-14 11:47:08,971 [s3-impl-thread1] INFO  server.RaftServerConfigKeys (ConfUtils.java:logGet(46)) - raft.server.log.purge.gap = 1024 (default)
2022-09-14 11:47:08,971 [s3-impl-thread1] INFO  server.RaftServerConfigKeys (ConfUtils.java:logGet(46)) - raft.server.log.appender.buffer.byte-limit = 4MB (=4194304) (default)
2022-09-14 11:47:08,972 [s3-impl-thread1] INFO  server.RaftServerConfigKeys (ConfUtils.java:logGet(46)) - raft.server.log.statemachine.data.read.timeout = 1000ms (default)
2022-09-14 11:47:08,973 [s3-impl-thread1] INFO  server.RaftServerConfigKeys (ConfUtils.java:logGet(46)) - raft.server.log.purge.preservation.log.num = 0 (default)
2022-09-14 11:47:08,983 [s3-impl-thread1] INFO  server.RaftServerConfigKeys (ConfUtils.java:logGet(46)) - raft.server.log.segment.size.max = 8MB (=8388608) (default)
2022-09-14 11:47:08,988 [s3-impl-thread1] INFO  server.RaftServerConfigKeys (ConfUtils.java:logGet(46)) - raft.server.log.segment.cache.num.max = 6 (default)
2022-09-14 11:47:08,988 [s3-impl-thread1] INFO  server.RaftServerConfigKeys (ConfUtils.java:logGet(46)) - raft.server.log.segment.cache.size.max = 200MB (=209715200) (default)
2022-09-14 11:47:08,991 [s3-impl-thread1] INFO  segmented.SegmentedRaftLogWorker (SegmentedRaftLogWorker.java:<init>(183)) - new s3@group-12AB68C5691F-SegmentedRaftLogWorker for RaftStorageImpl:Storage Directory /home/runner/work/ratis/ratis/ratis-test/target/test/data/30463c06/MiniRaftClusterWithGrpcf18d2315/s3/d68e6cc1-9078-4035-9262-12ab68c5691f
2022-09-14 11:47:08,992 [s3-impl-thread1] INFO  server.RaftServerConfigKeys (ConfUtils.java:logGet(46)) - raft.server.log.queue.byte-limit = 64MB (=67108864) (default)
2022-09-14 11:47:08,992 [s3-impl-thread1] INFO  server.RaftServerConfigKeys (ConfUtils.java:logGet(46)) - raft.server.log.queue.element-limit = 4096 (default)
2022-09-14 11:47:08,994 [s3-impl-thread1] INFO  server.RaftServerConfigKeys (ConfUtils.java:logGet(46)) - raft.server.log.segment.size.max = 8MB (=8388608) (default)
2022-09-14 11:47:08,994 [s3-impl-thread1] INFO  server.RaftServerConfigKeys (ConfUtils.java:logGet(46)) - raft.server.log.preallocated.size = 4MB (=4194304) (default)
2022-09-14 11:47:08,995 [s3-impl-thread1] INFO  server.RaftServerConfigKeys (ConfUtils.java:logGet(46)) - raft.server.log.force.sync.num = 128 (default)
2022-09-14 11:47:08,995 [s3-impl-thread1] INFO  server.RaftServerConfigKeys (ConfUtils.java:logGet(46)) - raft.server.log.statemachine.data.sync = true (default)
2022-09-14 11:47:08,996 [s3-impl-thread1] INFO  server.RaftServerConfigKeys (ConfUtils.java:logGet(46)) - raft.server.log.statemachine.data.sync.timeout = 10s (default)
2022-09-14 11:47:08,996 [s3-impl-thread1] INFO  server.RaftServerConfigKeys (ConfUtils.java:logGet(46)) - raft.server.log.statemachine.data.sync.timeout.retry = -1 (default)
2022-09-14 11:47:08,998 [s3-impl-thread1] INFO  server.RaftServerConfigKeys (ConfUtils.java:logGet(46)) - raft.server.log.write.buffer.size = 64KB (=65536) (default)
2022-09-14 11:47:08,999 [s3-impl-thread1] INFO  server.RaftServerConfigKeys (ConfUtils.java:logGet(46)) - raft.server.log.unsafe-flush.enabled = false (default)
2022-09-14 11:47:08,999 [s3-impl-thread1] INFO  server.RaftServerConfigKeys (ConfUtils.java:logGet(46)) - raft.server.log.async-flush.enabled = false (default)
2022-09-14 11:47:08,999 [s3-impl-thread1] INFO  server.RaftServerConfigKeys (ConfUtils.java:logGet(46)) - raft.server.log.statemachine.data.caching.enabled = false (default)
2022-09-14 11:47:09,006 [s3-impl-thread1] INFO  segmented.SegmentedRaftLogWorker (SegmentedRaftLogWorker.java:lambda$new$0(134)) - s3@group-12AB68C5691F-SegmentedRaftLogWorker: flushIndex: setUnconditionally 0 -> -1
2022-09-14 11:47:09,006 [s3-impl-thread1] INFO  segmented.SegmentedRaftLogWorker (SegmentedRaftLogWorker.java:lambda$new$0(134)) - s3@group-12AB68C5691F-SegmentedRaftLogWorker: safeCacheEvictIndex: setUnconditionally 0 -> -1
2022-09-14 11:47:09,007 [s3-impl-thread1] INFO  server.RaftServer$Division (RaftServerImpl.java:start(330)) - s3@group-12AB68C5691F: start as a follower, conf=-1: peers:[s3|rpc:localhost:46799|admin:localhost:45171|client:localhost:46547|dataStream:localhost:40281|priority:0|startupRole:FOLLOWER, s4|rpc:localhost:39419|admin:localhost:43995|client:localhost:41785|dataStream:localhost:46687|priority:0|startupRole:FOLLOWER, s0|rpc:localhost:42481|admin:localhost:44771|client:localhost:42743|dataStream:localhost:43981|priority:0|startupRole:FOLLOWER, s1|rpc:localhost:44073|admin:localhost:36871|client:localhost:39477|dataStream:localhost:35501|priority:0|startupRole:FOLLOWER, s2|rpc:localhost:38365|admin:localhost:35135|client:localhost:40537|dataStream:localhost:38285|priority:0|startupRole:FOLLOWER]|listeners:[], old=null
2022-09-14 11:47:09,007 [s3-impl-thread1] INFO  server.RaftServer$Division (RaftServerImpl.java:setRole(317)) - s3@group-12AB68C5691F: changes role from      null to FOLLOWER at term 0 for startAsFollower
2022-09-14 11:47:09,008 [s3-impl-thread1] INFO  impl.RoleInfo (RoleInfo.java:updateAndGet(139)) - s3: start s3@group-12AB68C5691F-FollowerState
2022-09-14 11:47:09,015 [s3-impl-thread1] INFO  util.JmxRegister (JmxRegister.java:tryRegister(44)) - Successfully registered JMX Bean with object name Ratis:service=RaftServer,group=group-12AB68C5691F,id=s3
2022-09-14 11:47:09,015 [s3@group-12AB68C5691F-FollowerState] INFO  server.RaftServerConfigKeys (ConfUtils.java:logFallback(53)) - raft.server.rpc.first-election.timeout.min = 150ms (fallback to raft.server.rpc.timeout.min)
2022-09-14 11:47:09,017 [s3-impl-thread1] INFO  server.RaftServerConfigKeys (ConfUtils.java:logGet(46)) - raft.server.snapshot.auto.trigger.enabled = false (default)
2022-09-14 11:47:09,018 [s3-impl-thread1] INFO  server.RaftServerConfigKeys (ConfUtils.java:logGet(46)) - raft.server.snapshot.retention.file.num = -1 (default)
2022-09-14 11:47:09,019 [s3-impl-thread1] INFO  server.RaftServerConfigKeys (ConfUtils.java:logGet(46)) - raft.server.log.purge.upto.snapshot.index = false (default)
2022-09-14 11:47:09,022 [s3@group-12AB68C5691F-FollowerState] INFO  server.RaftServerConfigKeys (ConfUtils.java:logFallback(53)) - raft.server.rpc.first-election.timeout.max = 300ms (fallback to raft.server.rpc.timeout.max)
2022-09-14 11:47:09,026 [Time-limited test] INFO  server.RaftServer (RaftServerProxy.java:startImpl(390)) - s3: start RPC server
2022-09-14 11:47:09,067 [Time-limited test] INFO  server.GrpcService (GrpcService.java:startImpl(310)) - s3: GrpcService started, listening on 46547
2022-09-14 11:47:09,069 [Time-limited test] INFO  server.GrpcService (GrpcService.java:startImpl(310)) - s3: GrpcService started, listening on 46799
2022-09-14 11:47:09,071 [Time-limited test] INFO  server.GrpcService (GrpcService.java:startImpl(310)) - s3: GrpcService started, listening on 45171
2022-09-14 11:47:09,073 [s4-impl-thread1] INFO  server.RaftServerConfigKeys (ConfUtils.java:logGet(46)) - raft.server.storage.free-space.min = 0MB (=0) (default)
2022-09-14 11:47:09,073 [JvmPauseMonitor0] INFO  util.JvmPauseMonitor (JvmPauseMonitor.java:run(105)) - JvmPauseMonitor-s3: Started
2022-09-14 11:47:09,073 [s4-impl-thread1] INFO  server.RaftServerConfigKeys (ConfUtils.java:logGet(46)) - raft.server.log.corruption.policy = EXCEPTION (default)
2022-09-14 11:47:09,073 [s4-impl-thread1] INFO  server.RaftServerConfigKeys (ConfUtils.java:logGet(46)) - raft.server.storage.dir = [/home/runner/work/ratis/ratis/ratis-test/target/test/data/30463c06/MiniRaftClusterWithGrpcf18d2315/s4] (custom)
2022-09-14 11:47:09,073 [s4-impl-thread1] INFO  storage.RaftStorageDirectory (RaftStorageDirectoryImpl.java:analyzeStorage(138)) - The storage directory /home/runner/work/ratis/ratis/ratis-test/target/test/data/30463c06/MiniRaftClusterWithGrpcf18d2315/s4/d68e6cc1-9078-4035-9262-12ab68c5691f does not exist. Creating ...
2022-09-14 11:47:09,074 [s4-impl-thread1] TRACE util.FileUtils (LogUtils.java:runAndLog(49)) - Successfully ran Files.createDirectories /home/runner/work/ratis/ratis/ratis-test/target/test/data/30463c06/MiniRaftClusterWithGrpcf18d2315/s4/d68e6cc1-9078-4035-9262-12ab68c5691f
2022-09-14 11:47:09,076 [s4-impl-thread1] INFO  storage.RaftStorageDirectory (RaftStorageDirectoryImpl.java:tryLock(232)) - Lock on /home/runner/work/ratis/ratis/ratis-test/target/test/data/30463c06/MiniRaftClusterWithGrpcf18d2315/s4/d68e6cc1-9078-4035-9262-12ab68c5691f/in_use.lock acquired by nodename 26925@fv-az451-541
2022-09-14 11:47:09,076 [s4-impl-thread1] TRACE util.FileUtils (LogUtils.java:runAndLog(49)) - Successfully ran Files.createDirectories /home/runner/work/ratis/ratis/ratis-test/target/test/data/30463c06/MiniRaftClusterWithGrpcf18d2315/s4/d68e6cc1-9078-4035-9262-12ab68c5691f/current
2022-09-14 11:47:09,076 [s4-impl-thread1] TRACE util.FileUtils (LogUtils.java:runAndLog(49)) - Successfully ran Files.createDirectories /home/runner/work/ratis/ratis/ratis-test/target/test/data/30463c06/MiniRaftClusterWithGrpcf18d2315/s4/d68e6cc1-9078-4035-9262-12ab68c5691f/sm
2022-09-14 11:47:09,078 [s4-impl-thread1] INFO  storage.RaftStorage (RaftStorageImpl.java:format(96)) - Storage directory /home/runner/work/ratis/ratis/ratis-test/target/test/data/30463c06/MiniRaftClusterWithGrpcf18d2315/s4/d68e6cc1-9078-4035-9262-12ab68c5691f has been successfully formatted.
2022-09-14 11:47:09,082 [s4-impl-thread1] INFO  server.RaftServerConfigKeys (ConfUtils.java:logGet(46)) - raft.server.log.use.memory = false (default)
2022-09-14 11:47:09,083 [s4-impl-thread1] INFO  server.RaftServerConfigKeys (ConfUtils.java:logGet(46)) - raft.server.log.purge.gap = 1024 (default)
2022-09-14 11:47:09,083 [s4-impl-thread1] INFO  server.RaftServerConfigKeys (ConfUtils.java:logGet(46)) - raft.server.log.appender.buffer.byte-limit = 4MB (=4194304) (default)
2022-09-14 11:47:09,083 [s4-impl-thread1] INFO  server.RaftServerConfigKeys (ConfUtils.java:logGet(46)) - raft.server.log.statemachine.data.read.timeout = 1000ms (default)
2022-09-14 11:47:09,083 [s4-impl-thread1] INFO  server.RaftServerConfigKeys (ConfUtils.java:logGet(46)) - raft.server.log.purge.preservation.log.num = 0 (default)
2022-09-14 11:47:09,086 [s4-impl-thread1] INFO  server.RaftServerConfigKeys (ConfUtils.java:logGet(46)) - raft.server.log.segment.size.max = 8MB (=8388608) (default)
2022-09-14 11:47:09,086 [s4-impl-thread1] INFO  server.RaftServerConfigKeys (ConfUtils.java:logGet(46)) - raft.server.log.segment.cache.num.max = 6 (default)
2022-09-14 11:47:09,086 [s4-impl-thread1] INFO  server.RaftServerConfigKeys (ConfUtils.java:logGet(46)) - raft.server.log.segment.cache.size.max = 200MB (=209715200) (default)
2022-09-14 11:47:09,087 [s4-impl-thread1] INFO  segmented.SegmentedRaftLogWorker (SegmentedRaftLogWorker.java:<init>(183)) - new s4@group-12AB68C5691F-SegmentedRaftLogWorker for RaftStorageImpl:Storage Directory /home/runner/work/ratis/ratis/ratis-test/target/test/data/30463c06/MiniRaftClusterWithGrpcf18d2315/s4/d68e6cc1-9078-4035-9262-12ab68c5691f
2022-09-14 11:47:09,087 [s4-impl-thread1] INFO  server.RaftServerConfigKeys (ConfUtils.java:logGet(46)) - raft.server.log.queue.byte-limit = 64MB (=67108864) (default)
2022-09-14 11:47:09,087 [s4-impl-thread1] INFO  server.RaftServerConfigKeys (ConfUtils.java:logGet(46)) - raft.server.log.queue.element-limit = 4096 (default)
2022-09-14 11:47:09,087 [s4-impl-thread1] INFO  server.RaftServerConfigKeys (ConfUtils.java:logGet(46)) - raft.server.log.segment.size.max = 8MB (=8388608) (default)
2022-09-14 11:47:09,087 [s4-impl-thread1] INFO  server.RaftServerConfigKeys (ConfUtils.java:logGet(46)) - raft.server.log.preallocated.size = 4MB (=4194304) (default)
2022-09-14 11:47:09,087 [s4-impl-thread1] INFO  server.RaftServerConfigKeys (ConfUtils.java:logGet(46)) - raft.server.log.force.sync.num = 128 (default)
2022-09-14 11:47:09,087 [s4-impl-thread1] INFO  server.RaftServerConfigKeys (ConfUtils.java:logGet(46)) - raft.server.log.statemachine.data.sync = true (default)
2022-09-14 11:47:09,087 [s4-impl-thread1] INFO  server.RaftServerConfigKeys (ConfUtils.java:logGet(46)) - raft.server.log.statemachine.data.sync.timeout = 10s (default)
2022-09-14 11:47:09,087 [s4-impl-thread1] INFO  server.RaftServerConfigKeys (ConfUtils.java:logGet(46)) - raft.server.log.statemachine.data.sync.timeout.retry = -1 (default)
2022-09-14 11:47:09,088 [s4-impl-thread1] INFO  server.RaftServerConfigKeys (ConfUtils.java:logGet(46)) - raft.server.log.write.buffer.size = 64KB (=65536) (default)
2022-09-14 11:47:09,088 [s4-impl-thread1] INFO  server.RaftServerConfigKeys (ConfUtils.java:logGet(46)) - raft.server.log.unsafe-flush.enabled = false (default)
2022-09-14 11:47:09,088 [s4-impl-thread1] INFO  server.RaftServerConfigKeys (ConfUtils.java:logGet(46)) - raft.server.log.async-flush.enabled = false (default)
2022-09-14 11:47:09,088 [s4-impl-thread1] INFO  server.RaftServerConfigKeys (ConfUtils.java:logGet(46)) - raft.server.log.statemachine.data.caching.enabled = false (default)
2022-09-14 11:47:09,089 [s4-impl-thread1] INFO  segmented.SegmentedRaftLogWorker (SegmentedRaftLogWorker.java:lambda$new$0(134)) - s4@group-12AB68C5691F-SegmentedRaftLogWorker: flushIndex: setUnconditionally 0 -> -1
2022-09-14 11:47:09,089 [s4-impl-thread1] INFO  segmented.SegmentedRaftLogWorker (SegmentedRaftLogWorker.java:lambda$new$0(134)) - s4@group-12AB68C5691F-SegmentedRaftLogWorker: safeCacheEvictIndex: setUnconditionally 0 -> -1
2022-09-14 11:47:09,089 [s4-impl-thread1] INFO  server.RaftServer$Division (RaftServerImpl.java:start(330)) - s4@group-12AB68C5691F: start as a follower, conf=-1: peers:[s3|rpc:localhost:46799|admin:localhost:45171|client:localhost:46547|dataStream:localhost:40281|priority:0|startupRole:FOLLOWER, s4|rpc:localhost:39419|admin:localhost:43995|client:localhost:41785|dataStream:localhost:46687|priority:0|startupRole:FOLLOWER, s0|rpc:localhost:42481|admin:localhost:44771|client:localhost:42743|dataStream:localhost:43981|priority:0|startupRole:FOLLOWER, s1|rpc:localhost:44073|admin:localhost:36871|client:localhost:39477|dataStream:localhost:35501|priority:0|startupRole:FOLLOWER, s2|rpc:localhost:38365|admin:localhost:35135|client:localhost:40537|dataStream:localhost:38285|priority:0|startupRole:FOLLOWER]|listeners:[], old=null
2022-09-14 11:47:09,089 [s4-impl-thread1] INFO  server.RaftServer$Division (RaftServerImpl.java:setRole(317)) - s4@group-12AB68C5691F: changes role from      null to FOLLOWER at term 0 for startAsFollower
2022-09-14 11:47:09,089 [s4-impl-thread1] INFO  impl.RoleInfo (RoleInfo.java:updateAndGet(139)) - s4: start s4@group-12AB68C5691F-FollowerState
2022-09-14 11:47:09,095 [s4-impl-thread1] INFO  util.JmxRegister (JmxRegister.java:tryRegister(44)) - Successfully registered JMX Bean with object name Ratis:service=RaftServer,group=group-12AB68C5691F,id=s4
2022-09-14 11:47:09,095 [s4-impl-thread1] INFO  server.RaftServerConfigKeys (ConfUtils.java:logGet(46)) - raft.server.snapshot.auto.trigger.enabled = false (default)
2022-09-14 11:47:09,095 [s4-impl-thread1] INFO  server.RaftServerConfigKeys (ConfUtils.java:logGet(46)) - raft.server.snapshot.retention.file.num = -1 (default)
2022-09-14 11:47:09,095 [s4-impl-thread1] INFO  server.RaftServerConfigKeys (ConfUtils.java:logGet(46)) - raft.server.log.purge.upto.snapshot.index = false (default)
2022-09-14 11:47:09,098 [Time-limited test] INFO  server.RaftServer (RaftServerProxy.java:startImpl(390)) - s4: start RPC server
2022-09-14 11:47:09,098 [s4@group-12AB68C5691F-FollowerState] INFO  server.RaftServerConfigKeys (ConfUtils.java:logFallback(53)) - raft.server.rpc.first-election.timeout.min = 150ms (fallback to raft.server.rpc.timeout.min)
2022-09-14 11:47:09,099 [Time-limited test] INFO  server.GrpcService (GrpcService.java:startImpl(310)) - s4: GrpcService started, listening on 41785
2022-09-14 11:47:09,101 [Time-limited test] INFO  server.GrpcService (GrpcService.java:startImpl(310)) - s4: GrpcService started, listening on 39419
2022-09-14 11:47:09,101 [Time-limited test] INFO  server.GrpcService (GrpcService.java:startImpl(310)) - s4: GrpcService started, listening on 43995
2022-09-14 11:47:09,102 [s4@group-12AB68C5691F-FollowerState] INFO  server.RaftServerConfigKeys (ConfUtils.java:logFallback(53)) - raft.server.rpc.first-election.timeout.max = 300ms (fallback to raft.server.rpc.timeout.max)
2022-09-14 11:47:09,102 [s0-impl-thread1] INFO  server.RaftServerConfigKeys (ConfUtils.java:logGet(46)) - raft.server.storage.free-space.min = 0MB (=0) (default)
2022-09-14 11:47:09,102 [s0-impl-thread1] INFO  server.RaftServerConfigKeys (ConfUtils.java:logGet(46)) - raft.server.log.corruption.policy = EXCEPTION (default)
2022-09-14 11:47:09,102 [s0-impl-thread1] INFO  server.RaftServerConfigKeys (ConfUtils.java:logGet(46)) - raft.server.storage.dir = [/home/runner/work/ratis/ratis/ratis-test/target/test/data/30463c06/MiniRaftClusterWithGrpcf18d2315/s0] (custom)
2022-09-14 11:47:09,102 [s0-impl-thread1] INFO  storage.RaftStorageDirectory (RaftStorageDirectoryImpl.java:analyzeStorage(138)) - The storage directory /home/runner/work/ratis/ratis/ratis-test/target/test/data/30463c06/MiniRaftClusterWithGrpcf18d2315/s0/d68e6cc1-9078-4035-9262-12ab68c5691f does not exist. Creating ...
2022-09-14 11:47:09,103 [s0-impl-thread1] TRACE util.FileUtils (LogUtils.java:runAndLog(49)) - Successfully ran Files.createDirectories /home/runner/work/ratis/ratis/ratis-test/target/test/data/30463c06/MiniRaftClusterWithGrpcf18d2315/s0/d68e6cc1-9078-4035-9262-12ab68c5691f
2022-09-14 11:47:09,104 [s0-impl-thread1] INFO  storage.RaftStorageDirectory (RaftStorageDirectoryImpl.java:tryLock(232)) - Lock on /home/runner/work/ratis/ratis/ratis-test/target/test/data/30463c06/MiniRaftClusterWithGrpcf18d2315/s0/d68e6cc1-9078-4035-9262-12ab68c5691f/in_use.lock acquired by nodename 26925@fv-az451-541
2022-09-14 11:47:09,104 [s0-impl-thread1] TRACE util.FileUtils (LogUtils.java:runAndLog(49)) - Successfully ran Files.createDirectories /home/runner/work/ratis/ratis/ratis-test/target/test/data/30463c06/MiniRaftClusterWithGrpcf18d2315/s0/d68e6cc1-9078-4035-9262-12ab68c5691f/current
2022-09-14 11:47:09,104 [s0-impl-thread1] TRACE util.FileUtils (LogUtils.java:runAndLog(49)) - Successfully ran Files.createDirectories /home/runner/work/ratis/ratis/ratis-test/target/test/data/30463c06/MiniRaftClusterWithGrpcf18d2315/s0/d68e6cc1-9078-4035-9262-12ab68c5691f/sm
2022-09-14 11:47:09,106 [s0-impl-thread1] INFO  storage.RaftStorage (RaftStorageImpl.java:format(96)) - Storage directory /home/runner/work/ratis/ratis/ratis-test/target/test/data/30463c06/MiniRaftClusterWithGrpcf18d2315/s0/d68e6cc1-9078-4035-9262-12ab68c5691f has been successfully formatted.
2022-09-14 11:47:09,106 [s0-impl-thread1] INFO  server.RaftServerConfigKeys (ConfUtils.java:logGet(46)) - raft.server.log.use.memory = false (default)
2022-09-14 11:47:09,106 [s0-impl-thread1] INFO  server.RaftServerConfigKeys (ConfUtils.java:logGet(46)) - raft.server.log.purge.gap = 1024 (default)
2022-09-14 11:47:09,106 [s0-impl-thread1] INFO  server.RaftServerConfigKeys (ConfUtils.java:logGet(46)) - raft.server.log.appender.buffer.byte-limit = 4MB (=4194304) (default)
2022-09-14 11:47:09,106 [s0-impl-thread1] INFO  server.RaftServerConfigKeys (ConfUtils.java:logGet(46)) - raft.server.log.statemachine.data.read.timeout = 1000ms (default)
2022-09-14 11:47:09,107 [s0-impl-thread1] INFO  server.RaftServerConfigKeys (ConfUtils.java:logGet(46)) - raft.server.log.purge.preservation.log.num = 0 (default)
2022-09-14 11:47:09,108 [s0-impl-thread1] INFO  server.RaftServerConfigKeys (ConfUtils.java:logGet(46)) - raft.server.log.segment.size.max = 8MB (=8388608) (default)
2022-09-14 11:47:09,108 [s0-impl-thread1] INFO  server.RaftServerConfigKeys (ConfUtils.java:logGet(46)) - raft.server.log.segment.cache.num.max = 6 (default)
2022-09-14 11:47:09,108 [s0-impl-thread1] INFO  server.RaftServerConfigKeys (ConfUtils.java:logGet(46)) - raft.server.log.segment.cache.size.max = 200MB (=209715200) (default)
2022-09-14 11:47:09,108 [s0-impl-thread1] INFO  segmented.SegmentedRaftLogWorker (SegmentedRaftLogWorker.java:<init>(183)) - new s0@group-12AB68C5691F-SegmentedRaftLogWorker for RaftStorageImpl:Storage Directory /home/runner/work/ratis/ratis/ratis-test/target/test/data/30463c06/MiniRaftClusterWithGrpcf18d2315/s0/d68e6cc1-9078-4035-9262-12ab68c5691f
2022-09-14 11:47:09,109 [s0-impl-thread1] INFO  server.RaftServerConfigKeys (ConfUtils.java:logGet(46)) - raft.server.log.queue.byte-limit = 64MB (=67108864) (default)
2022-09-14 11:47:09,109 [s0-impl-thread1] INFO  server.RaftServerConfigKeys (ConfUtils.java:logGet(46)) - raft.server.log.queue.element-limit = 4096 (default)
2022-09-14 11:47:09,109 [s0-impl-thread1] INFO  server.RaftServerConfigKeys (ConfUtils.java:logGet(46)) - raft.server.log.segment.size.max = 8MB (=8388608) (default)
2022-09-14 11:47:09,109 [s0-impl-thread1] INFO  server.RaftServerConfigKeys (ConfUtils.java:logGet(46)) - raft.server.log.preallocated.size = 4MB (=4194304) (default)
2022-09-14 11:47:09,109 [s0-impl-thread1] INFO  server.RaftServerConfigKeys (ConfUtils.java:logGet(46)) - raft.server.log.force.sync.num = 128 (default)
2022-09-14 11:47:09,109 [s0-impl-thread1] INFO  server.RaftServerConfigKeys (ConfUtils.java:logGet(46)) - raft.server.log.statemachine.data.sync = true (default)
2022-09-14 11:47:09,109 [s0-impl-thread1] INFO  server.RaftServerConfigKeys (ConfUtils.java:logGet(46)) - raft.server.log.statemachine.data.sync.timeout = 10s (default)
2022-09-14 11:47:09,112 [s0-impl-thread1] INFO  server.RaftServerConfigKeys (ConfUtils.java:logGet(46)) - raft.server.log.statemachine.data.sync.timeout.retry = -1 (default)
2022-09-14 11:47:09,112 [s0-impl-thread1] INFO  server.RaftServerConfigKeys (ConfUtils.java:logGet(46)) - raft.server.log.write.buffer.size = 64KB (=65536) (default)
2022-09-14 11:47:09,113 [JvmPauseMonitor1] INFO  util.JvmPauseMonitor (JvmPauseMonitor.java:run(105)) - JvmPauseMonitor-s4: Started
2022-09-14 11:47:09,116 [s0-impl-thread1] INFO  server.RaftServerConfigKeys (ConfUtils.java:logGet(46)) - raft.server.log.unsafe-flush.enabled = false (default)
2022-09-14 11:47:09,116 [s0-impl-thread1] INFO  server.RaftServerConfigKeys (ConfUtils.java:logGet(46)) - raft.server.log.async-flush.enabled = false (default)
2022-09-14 11:47:09,116 [s0-impl-thread1] INFO  server.RaftServerConfigKeys (ConfUtils.java:logGet(46)) - raft.server.log.statemachine.data.caching.enabled = false (default)
2022-09-14 11:47:09,117 [s0-impl-thread1] INFO  segmented.SegmentedRaftLogWorker (SegmentedRaftLogWorker.java:lambda$new$0(134)) - s0@group-12AB68C5691F-SegmentedRaftLogWorker: flushIndex: setUnconditionally 0 -> -1
2022-09-14 11:47:09,117 [s0-impl-thread1] INFO  segmented.SegmentedRaftLogWorker (SegmentedRaftLogWorker.java:lambda$new$0(134)) - s0@group-12AB68C5691F-SegmentedRaftLogWorker: safeCacheEvictIndex: setUnconditionally 0 -> -1
2022-09-14 11:47:09,118 [s0-impl-thread1] INFO  server.RaftServer$Division (RaftServerImpl.java:start(330)) - s0@group-12AB68C5691F: start as a follower, conf=-1: peers:[s3|rpc:localhost:46799|admin:localhost:45171|client:localhost:46547|dataStream:localhost:40281|priority:0|startupRole:FOLLOWER, s4|rpc:localhost:39419|admin:localhost:43995|client:localhost:41785|dataStream:localhost:46687|priority:0|startupRole:FOLLOWER, s0|rpc:localhost:42481|admin:localhost:44771|client:localhost:42743|dataStream:localhost:43981|priority:0|startupRole:FOLLOWER, s1|rpc:localhost:44073|admin:localhost:36871|client:localhost:39477|dataStream:localhost:35501|priority:0|startupRole:FOLLOWER, s2|rpc:localhost:38365|admin:localhost:35135|client:localhost:40537|dataStream:localhost:38285|priority:0|startupRole:FOLLOWER]|listeners:[], old=null
2022-09-14 11:47:09,126 [s0-impl-thread1] INFO  server.RaftServer$Division (RaftServerImpl.java:setRole(317)) - s0@group-12AB68C5691F: changes role from      null to FOLLOWER at term 0 for startAsFollower
2022-09-14 11:47:09,126 [s0-impl-thread1] INFO  impl.RoleInfo (RoleInfo.java:updateAndGet(139)) - s0: start s0@group-12AB68C5691F-FollowerState
2022-09-14 11:47:09,130 [s0-impl-thread1] INFO  util.JmxRegister (JmxRegister.java:tryRegister(44)) - Successfully registered JMX Bean with object name Ratis:service=RaftServer,group=group-12AB68C5691F,id=s0
2022-09-14 11:47:09,130 [s0-impl-thread1] INFO  server.RaftServerConfigKeys (ConfUtils.java:logGet(46)) - raft.server.snapshot.auto.trigger.enabled = false (default)
2022-09-14 11:47:09,130 [s0-impl-thread1] INFO  server.RaftServerConfigKeys (ConfUtils.java:logGet(46)) - raft.server.snapshot.retention.file.num = -1 (default)
2022-09-14 11:47:09,130 [s0-impl-thread1] INFO  server.RaftServerConfigKeys (ConfUtils.java:logGet(46)) - raft.server.log.purge.upto.snapshot.index = false (default)
2022-09-14 11:47:09,132 [s0@group-12AB68C5691F-FollowerState] INFO  server.RaftServerConfigKeys (ConfUtils.java:logFallback(53)) - raft.server.rpc.first-election.timeout.min = 150ms (fallback to raft.server.rpc.timeout.min)
2022-09-14 11:47:09,133 [s0@group-12AB68C5691F-FollowerState] INFO  server.RaftServerConfigKeys (ConfUtils.java:logFallback(53)) - raft.server.rpc.first-election.timeout.max = 300ms (fallback to raft.server.rpc.timeout.max)
2022-09-14 11:47:09,134 [Time-limited test] INFO  server.RaftServer (RaftServerProxy.java:startImpl(390)) - s0: start RPC server
2022-09-14 11:47:09,135 [Time-limited test] INFO  server.GrpcService (GrpcService.java:startImpl(310)) - s0: GrpcService started, listening on 42743
2022-09-14 11:47:09,136 [Time-limited test] INFO  server.GrpcService (GrpcService.java:startImpl(310)) - s0: GrpcService started, listening on 42481
2022-09-14 11:47:09,137 [Time-limited test] INFO  server.GrpcService (GrpcService.java:startImpl(310)) - s0: GrpcService started, listening on 44771
2022-09-14 11:47:09,138 [s1-impl-thread1] INFO  server.RaftServerConfigKeys (ConfUtils.java:logGet(46)) - raft.server.storage.free-space.min = 0MB (=0) (default)
2022-09-14 11:47:09,138 [s1-impl-thread1] INFO  server.RaftServerConfigKeys (ConfUtils.java:logGet(46)) - raft.server.log.corruption.policy = EXCEPTION (default)
2022-09-14 11:47:09,138 [s1-impl-thread1] INFO  server.RaftServerConfigKeys (ConfUtils.java:logGet(46)) - raft.server.storage.dir = [/home/runner/work/ratis/ratis/ratis-test/target/test/data/30463c06/MiniRaftClusterWithGrpcf18d2315/s1] (custom)
2022-09-14 11:47:09,138 [s1-impl-thread1] INFO  storage.RaftStorageDirectory (RaftStorageDirectoryImpl.java:analyzeStorage(138)) - The storage directory /home/runner/work/ratis/ratis/ratis-test/target/test/data/30463c06/MiniRaftClusterWithGrpcf18d2315/s1/d68e6cc1-9078-4035-9262-12ab68c5691f does not exist. Creating ...
2022-09-14 11:47:09,139 [s1-impl-thread1] TRACE util.FileUtils (LogUtils.java:runAndLog(49)) - Successfully ran Files.createDirectories /home/runner/work/ratis/ratis/ratis-test/target/test/data/30463c06/MiniRaftClusterWithGrpcf18d2315/s1/d68e6cc1-9078-4035-9262-12ab68c5691f
2022-09-14 11:47:09,139 [JvmPauseMonitor2] INFO  util.JvmPauseMonitor (JvmPauseMonitor.java:run(105)) - JvmPauseMonitor-s0: Started
2022-09-14 11:47:09,140 [s1-impl-thread1] INFO  storage.RaftStorageDirectory (RaftStorageDirectoryImpl.java:tryLock(232)) - Lock on /home/runner/work/ratis/ratis/ratis-test/target/test/data/30463c06/MiniRaftClusterWithGrpcf18d2315/s1/d68e6cc1-9078-4035-9262-12ab68c5691f/in_use.lock acquired by nodename 26925@fv-az451-541
2022-09-14 11:47:09,140 [s1-impl-thread1] TRACE util.FileUtils (LogUtils.java:runAndLog(49)) - Successfully ran Files.createDirectories /home/runner/work/ratis/ratis/ratis-test/target/test/data/30463c06/MiniRaftClusterWithGrpcf18d2315/s1/d68e6cc1-9078-4035-9262-12ab68c5691f/current
2022-09-14 11:47:09,140 [s1-impl-thread1] TRACE util.FileUtils (LogUtils.java:runAndLog(49)) - Successfully ran Files.createDirectories /home/runner/work/ratis/ratis/ratis-test/target/test/data/30463c06/MiniRaftClusterWithGrpcf18d2315/s1/d68e6cc1-9078-4035-9262-12ab68c5691f/sm
2022-09-14 11:47:09,141 [s1-impl-thread1] INFO  storage.RaftStorage (RaftStorageImpl.java:format(96)) - Storage directory /home/runner/work/ratis/ratis/ratis-test/target/test/data/30463c06/MiniRaftClusterWithGrpcf18d2315/s1/d68e6cc1-9078-4035-9262-12ab68c5691f has been successfully formatted.
2022-09-14 11:47:09,142 [s1-impl-thread1] INFO  server.RaftServerConfigKeys (ConfUtils.java:logGet(46)) - raft.server.log.use.memory = false (default)
2022-09-14 11:47:09,142 [s1-impl-thread1] INFO  server.RaftServerConfigKeys (ConfUtils.java:logGet(46)) - raft.server.log.purge.gap = 1024 (default)
2022-09-14 11:47:09,142 [s1-impl-thread1] INFO  server.RaftServerConfigKeys (ConfUtils.java:logGet(46)) - raft.server.log.appender.buffer.byte-limit = 4MB (=4194304) (default)
2022-09-14 11:47:09,142 [s1-impl-thread1] INFO  server.RaftServerConfigKeys (ConfUtils.java:logGet(46)) - raft.server.log.statemachine.data.read.timeout = 1000ms (default)
2022-09-14 11:47:09,142 [s1-impl-thread1] INFO  server.RaftServerConfigKeys (ConfUtils.java:logGet(46)) - raft.server.log.purge.preservation.log.num = 0 (default)
2022-09-14 11:47:09,143 [s1-impl-thread1] INFO  server.RaftServerConfigKeys (ConfUtils.java:logGet(46)) - raft.server.log.segment.size.max = 8MB (=8388608) (default)
2022-09-14 11:47:09,143 [s1-impl-thread1] INFO  server.RaftServerConfigKeys (ConfUtils.java:logGet(46)) - raft.server.log.segment.cache.num.max = 6 (default)
2022-09-14 11:47:09,143 [s1-impl-thread1] INFO  server.RaftServerConfigKeys (ConfUtils.java:logGet(46)) - raft.server.log.segment.cache.size.max = 200MB (=209715200) (default)
2022-09-14 11:47:09,144 [s1-impl-thread1] INFO  segmented.SegmentedRaftLogWorker (SegmentedRaftLogWorker.java:<init>(183)) - new s1@group-12AB68C5691F-SegmentedRaftLogWorker for RaftStorageImpl:Storage Directory /home/runner/work/ratis/ratis/ratis-test/target/test/data/30463c06/MiniRaftClusterWithGrpcf18d2315/s1/d68e6cc1-9078-4035-9262-12ab68c5691f
2022-09-14 11:47:09,144 [s1-impl-thread1] INFO  server.RaftServerConfigKeys (ConfUtils.java:logGet(46)) - raft.server.log.queue.byte-limit = 64MB (=67108864) (default)
2022-09-14 11:47:09,144 [s1-impl-thread1] INFO  server.RaftServerConfigKeys (ConfUtils.java:logGet(46)) - raft.server.log.queue.element-limit = 4096 (default)
2022-09-14 11:47:09,144 [s1-impl-thread1] INFO  server.RaftServerConfigKeys (ConfUtils.java:logGet(46)) - raft.server.log.segment.size.max = 8MB (=8388608) (default)
2022-09-14 11:47:09,144 [s1-impl-thread1] INFO  server.RaftServerConfigKeys (ConfUtils.java:logGet(46)) - raft.server.log.preallocated.size = 4MB (=4194304) (default)
2022-09-14 11:47:09,144 [s1-impl-thread1] INFO  server.RaftServerConfigKeys (ConfUtils.java:logGet(46)) - raft.server.log.force.sync.num = 128 (default)
2022-09-14 11:47:09,144 [s1-impl-thread1] INFO  server.RaftServerConfigKeys (ConfUtils.java:logGet(46)) - raft.server.log.statemachine.data.sync = true (default)
2022-09-14 11:47:09,144 [s1-impl-thread1] INFO  server.RaftServerConfigKeys (ConfUtils.java:logGet(46)) - raft.server.log.statemachine.data.sync.timeout = 10s (default)
2022-09-14 11:47:09,144 [s1-impl-thread1] INFO  server.RaftServerConfigKeys (ConfUtils.java:logGet(46)) - raft.server.log.statemachine.data.sync.timeout.retry = -1 (default)
2022-09-14 11:47:09,144 [s1-impl-thread1] INFO  server.RaftServerConfigKeys (ConfUtils.java:logGet(46)) - raft.server.log.write.buffer.size = 64KB (=65536) (default)
2022-09-14 11:47:09,145 [s1-impl-thread1] INFO  server.RaftServerConfigKeys (ConfUtils.java:logGet(46)) - raft.server.log.unsafe-flush.enabled = false (default)
2022-09-14 11:47:09,145 [s1-impl-thread1] INFO  server.RaftServerConfigKeys (ConfUtils.java:logGet(46)) - raft.server.log.async-flush.enabled = false (default)
2022-09-14 11:47:09,145 [s1-impl-thread1] INFO  server.RaftServerConfigKeys (ConfUtils.java:logGet(46)) - raft.server.log.statemachine.data.caching.enabled = false (default)
2022-09-14 11:47:09,145 [s1-impl-thread1] INFO  segmented.SegmentedRaftLogWorker (SegmentedRaftLogWorker.java:lambda$new$0(134)) - s1@group-12AB68C5691F-SegmentedRaftLogWorker: flushIndex: setUnconditionally 0 -> -1
2022-09-14 11:47:09,145 [s1-impl-thread1] INFO  segmented.SegmentedRaftLogWorker (SegmentedRaftLogWorker.java:lambda$new$0(134)) - s1@group-12AB68C5691F-SegmentedRaftLogWorker: safeCacheEvictIndex: setUnconditionally 0 -> -1
2022-09-14 11:47:09,150 [s1-impl-thread1] INFO  server.RaftServer$Division (RaftServerImpl.java:start(330)) - s1@group-12AB68C5691F: start as a follower, conf=-1: peers:[s3|rpc:localhost:46799|admin:localhost:45171|client:localhost:46547|dataStream:localhost:40281|priority:0|startupRole:FOLLOWER, s4|rpc:localhost:39419|admin:localhost:43995|client:localhost:41785|dataStream:localhost:46687|priority:0|startupRole:FOLLOWER, s0|rpc:localhost:42481|admin:localhost:44771|client:localhost:42743|dataStream:localhost:43981|priority:0|startupRole:FOLLOWER, s1|rpc:localhost:44073|admin:localhost:36871|client:localhost:39477|dataStream:localhost:35501|priority:0|startupRole:FOLLOWER, s2|rpc:localhost:38365|admin:localhost:35135|client:localhost:40537|dataStream:localhost:38285|priority:0|startupRole:FOLLOWER]|listeners:[], old=null
2022-09-14 11:47:09,150 [s1-impl-thread1] INFO  server.RaftServer$Division (RaftServerImpl.java:setRole(317)) - s1@group-12AB68C5691F: changes role from      null to FOLLOWER at term 0 for startAsFollower
2022-09-14 11:47:09,152 [s1-impl-thread1] INFO  impl.RoleInfo (RoleInfo.java:updateAndGet(139)) - s1: start s1@group-12AB68C5691F-FollowerState
2022-09-14 11:47:09,154 [s1-impl-thread1] INFO  util.JmxRegister (JmxRegister.java:tryRegister(44)) - Successfully registered JMX Bean with object name Ratis:service=RaftServer,group=group-12AB68C5691F,id=s1
2022-09-14 11:47:09,154 [s1-impl-thread1] INFO  server.RaftServerConfigKeys (ConfUtils.java:logGet(46)) - raft.server.snapshot.auto.trigger.enabled = false (default)
2022-09-14 11:47:09,154 [s1-impl-thread1] INFO  server.RaftServerConfigKeys (ConfUtils.java:logGet(46)) - raft.server.snapshot.retention.file.num = -1 (default)
2022-09-14 11:47:09,155 [s1-impl-thread1] INFO  server.RaftServerConfigKeys (ConfUtils.java:logGet(46)) - raft.server.log.purge.upto.snapshot.index = false (default)
2022-09-14 11:47:09,155 [s1@group-12AB68C5691F-FollowerState] INFO  server.RaftServerConfigKeys (ConfUtils.java:logFallback(53)) - raft.server.rpc.first-election.timeout.min = 150ms (fallback to raft.server.rpc.timeout.min)
2022-09-14 11:47:09,161 [Time-limited test] INFO  server.RaftServer (RaftServerProxy.java:startImpl(390)) - s1: start RPC server
2022-09-14 11:47:09,161 [s1@group-12AB68C5691F-FollowerState] INFO  server.RaftServerConfigKeys (ConfUtils.java:logFallback(53)) - raft.server.rpc.first-election.timeout.max = 300ms (fallback to raft.server.rpc.timeout.max)
2022-09-14 11:47:09,162 [Time-limited test] INFO  server.GrpcService (GrpcService.java:startImpl(310)) - s1: GrpcService started, listening on 39477
2022-09-14 11:47:09,163 [Time-limited test] INFO  server.GrpcService (GrpcService.java:startImpl(310)) - s1: GrpcService started, listening on 44073
2022-09-14 11:47:09,164 [Time-limited test] INFO  server.GrpcService (GrpcService.java:startImpl(310)) - s1: GrpcService started, listening on 36871
2022-09-14 11:47:09,165 [JvmPauseMonitor3] INFO  util.JvmPauseMonitor (JvmPauseMonitor.java:run(105)) - JvmPauseMonitor-s1: Started
2022-09-14 11:47:09,165 [s2-impl-thread1] INFO  server.RaftServerConfigKeys (ConfUtils.java:logGet(46)) - raft.server.storage.free-space.min = 0MB (=0) (default)
2022-09-14 11:47:09,165 [s2-impl-thread1] INFO  server.RaftServerConfigKeys (ConfUtils.java:logGet(46)) - raft.server.log.corruption.policy = EXCEPTION (default)
2022-09-14 11:47:09,165 [s2-impl-thread1] INFO  server.RaftServerConfigKeys (ConfUtils.java:logGet(46)) - raft.server.storage.dir = [/home/runner/work/ratis/ratis/ratis-test/target/test/data/30463c06/MiniRaftClusterWithGrpcf18d2315/s2] (custom)
2022-09-14 11:47:09,165 [s2-impl-thread1] INFO  storage.RaftStorageDirectory (RaftStorageDirectoryImpl.java:analyzeStorage(138)) - The storage directory /home/runner/work/ratis/ratis/ratis-test/target/test/data/30463c06/MiniRaftClusterWithGrpcf18d2315/s2/d68e6cc1-9078-4035-9262-12ab68c5691f does not exist. Creating ...
2022-09-14 11:47:09,166 [s2-impl-thread1] TRACE util.FileUtils (LogUtils.java:runAndLog(49)) - Successfully ran Files.createDirectories /home/runner/work/ratis/ratis/ratis-test/target/test/data/30463c06/MiniRaftClusterWithGrpcf18d2315/s2/d68e6cc1-9078-4035-9262-12ab68c5691f
2022-09-14 11:47:09,167 [s2-impl-thread1] INFO  storage.RaftStorageDirectory (RaftStorageDirectoryImpl.java:tryLock(232)) - Lock on /home/runner/work/ratis/ratis/ratis-test/target/test/data/30463c06/MiniRaftClusterWithGrpcf18d2315/s2/d68e6cc1-9078-4035-9262-12ab68c5691f/in_use.lock acquired by nodename 26925@fv-az451-541
2022-09-14 11:47:09,167 [s2-impl-thread1] TRACE util.FileUtils (LogUtils.java:runAndLog(49)) - Successfully ran Files.createDirectories /home/runner/work/ratis/ratis/ratis-test/target/test/data/30463c06/MiniRaftClusterWithGrpcf18d2315/s2/d68e6cc1-9078-4035-9262-12ab68c5691f/current
2022-09-14 11:47:09,167 [s2-impl-thread1] TRACE util.FileUtils (LogUtils.java:runAndLog(49)) - Successfully ran Files.createDirectories /home/runner/work/ratis/ratis/ratis-test/target/test/data/30463c06/MiniRaftClusterWithGrpcf18d2315/s2/d68e6cc1-9078-4035-9262-12ab68c5691f/sm
2022-09-14 11:47:09,168 [s2-impl-thread1] INFO  storage.RaftStorage (RaftStorageImpl.java:format(96)) - Storage directory /home/runner/work/ratis/ratis/ratis-test/target/test/data/30463c06/MiniRaftClusterWithGrpcf18d2315/s2/d68e6cc1-9078-4035-9262-12ab68c5691f has been successfully formatted.
2022-09-14 11:47:09,168 [s2-impl-thread1] INFO  server.RaftServerConfigKeys (ConfUtils.java:logGet(46)) - raft.server.log.use.memory = false (default)
2022-09-14 11:47:09,168 [s2-impl-thread1] INFO  server.RaftServerConfigKeys (ConfUtils.java:logGet(46)) - raft.server.log.purge.gap = 1024 (default)
2022-09-14 11:47:09,169 [s2-impl-thread1] INFO  server.RaftServerConfigKeys (ConfUtils.java:logGet(46)) - raft.server.log.appender.buffer.byte-limit = 4MB (=4194304) (default)
2022-09-14 11:47:09,169 [s2-impl-thread1] INFO  server.RaftServerConfigKeys (ConfUtils.java:logGet(46)) - raft.server.log.statemachine.data.read.timeout = 1000ms (default)
2022-09-14 11:47:09,169 [s2-impl-thread1] INFO  server.RaftServerConfigKeys (ConfUtils.java:logGet(46)) - raft.server.log.purge.preservation.log.num = 0 (default)
2022-09-14 11:47:09,170 [s2-impl-thread1] INFO  server.RaftServerConfigKeys (ConfUtils.java:logGet(46)) - raft.server.log.segment.size.max = 8MB (=8388608) (default)
2022-09-14 11:47:09,170 [s2-impl-thread1] INFO  server.RaftServerConfigKeys (ConfUtils.java:logGet(46)) - raft.server.log.segment.cache.num.max = 6 (default)
2022-09-14 11:47:09,170 [s2-impl-thread1] INFO  server.RaftServerConfigKeys (ConfUtils.java:logGet(46)) - raft.server.log.segment.cache.size.max = 200MB (=209715200) (default)
2022-09-14 11:47:09,170 [s2-impl-thread1] INFO  segmented.SegmentedRaftLogWorker (SegmentedRaftLogWorker.java:<init>(183)) - new s2@group-12AB68C5691F-SegmentedRaftLogWorker for RaftStorageImpl:Storage Directory /home/runner/work/ratis/ratis/ratis-test/target/test/data/30463c06/MiniRaftClusterWithGrpcf18d2315/s2/d68e6cc1-9078-4035-9262-12ab68c5691f
2022-09-14 11:47:09,170 [s2-impl-thread1] INFO  server.RaftServerConfigKeys (ConfUtils.java:logGet(46)) - raft.server.log.queue.byte-limit = 64MB (=67108864) (default)
2022-09-14 11:47:09,171 [s2-impl-thread1] INFO  server.RaftServerConfigKeys (ConfUtils.java:logGet(46)) - raft.server.log.queue.element-limit = 4096 (default)
2022-09-14 11:47:09,171 [s2-impl-thread1] INFO  server.RaftServerConfigKeys (ConfUtils.java:logGet(46)) - raft.server.log.segment.size.max = 8MB (=8388608) (default)
2022-09-14 11:47:09,171 [s2-impl-thread1] INFO  server.RaftServerConfigKeys (ConfUtils.java:logGet(46)) - raft.server.log.preallocated.size = 4MB (=4194304) (default)
2022-09-14 11:47:09,171 [s2-impl-thread1] INFO  server.RaftServerConfigKeys (ConfUtils.java:logGet(46)) - raft.server.log.force.sync.num = 128 (default)
2022-09-14 11:47:09,171 [s2-impl-thread1] INFO  server.RaftServerConfigKeys (ConfUtils.java:logGet(46)) - raft.server.log.statemachine.data.sync = true (default)
2022-09-14 11:47:09,171 [s2-impl-thread1] INFO  server.RaftServerConfigKeys (ConfUtils.java:logGet(46)) - raft.server.log.statemachine.data.sync.timeout = 10s (default)
2022-09-14 11:47:09,171 [s2-impl-thread1] INFO  server.RaftServerConfigKeys (ConfUtils.java:logGet(46)) - raft.server.log.statemachine.data.sync.timeout.retry = -1 (default)
2022-09-14 11:47:09,171 [s2-impl-thread1] INFO  server.RaftServerConfigKeys (ConfUtils.java:logGet(46)) - raft.server.log.write.buffer.size = 64KB (=65536) (default)
2022-09-14 11:47:09,172 [s2-impl-thread1] INFO  server.RaftServerConfigKeys (ConfUtils.java:logGet(46)) - raft.server.log.unsafe-flush.enabled = false (default)
2022-09-14 11:47:09,172 [s2-impl-thread1] INFO  server.RaftServerConfigKeys (ConfUtils.java:logGet(46)) - raft.server.log.async-flush.enabled = false (default)
2022-09-14 11:47:09,172 [s2-impl-thread1] INFO  server.RaftServerConfigKeys (ConfUtils.java:logGet(46)) - raft.server.log.statemachine.data.caching.enabled = false (default)
2022-09-14 11:47:09,172 [s2-impl-thread1] INFO  segmented.SegmentedRaftLogWorker (SegmentedRaftLogWorker.java:lambda$new$0(134)) - s2@group-12AB68C5691F-SegmentedRaftLogWorker: flushIndex: setUnconditionally 0 -> -1
2022-09-14 11:47:09,172 [s2-impl-thread1] INFO  segmented.SegmentedRaftLogWorker (SegmentedRaftLogWorker.java:lambda$new$0(134)) - s2@group-12AB68C5691F-SegmentedRaftLogWorker: safeCacheEvictIndex: setUnconditionally 0 -> -1
2022-09-14 11:47:09,172 [s2-impl-thread1] INFO  server.RaftServer$Division (RaftServerImpl.java:start(330)) - s2@group-12AB68C5691F: start as a follower, conf=-1: peers:[s3|rpc:localhost:46799|admin:localhost:45171|client:localhost:46547|dataStream:localhost:40281|priority:0|startupRole:FOLLOWER, s4|rpc:localhost:39419|admin:localhost:43995|client:localhost:41785|dataStream:localhost:46687|priority:0|startupRole:FOLLOWER, s0|rpc:localhost:42481|admin:localhost:44771|client:localhost:42743|dataStream:localhost:43981|priority:0|startupRole:FOLLOWER, s1|rpc:localhost:44073|admin:localhost:36871|client:localhost:39477|dataStream:localhost:35501|priority:0|startupRole:FOLLOWER, s2|rpc:localhost:38365|admin:localhost:35135|client:localhost:40537|dataStream:localhost:38285|priority:0|startupRole:FOLLOWER]|listeners:[], old=null
2022-09-14 11:47:09,172 [s2-impl-thread1] INFO  server.RaftServer$Division (RaftServerImpl.java:setRole(317)) - s2@group-12AB68C5691F: changes role from      null to FOLLOWER at term 0 for startAsFollower
2022-09-14 11:47:09,172 [s2-impl-thread1] INFO  impl.RoleInfo (RoleInfo.java:updateAndGet(139)) - s2: start s2@group-12AB68C5691F-FollowerState
2022-09-14 11:47:09,173 [s2-impl-thread1] INFO  util.JmxRegister (JmxRegister.java:tryRegister(44)) - Successfully registered JMX Bean with object name Ratis:service=RaftServer,group=group-12AB68C5691F,id=s2
2022-09-14 11:47:09,173 [s2-impl-thread1] INFO  server.RaftServerConfigKeys (ConfUtils.java:logGet(46)) - raft.server.snapshot.auto.trigger.enabled = false (default)
2022-09-14 11:47:09,173 [s2-impl-thread1] INFO  server.RaftServerConfigKeys (ConfUtils.java:logGet(46)) - raft.server.snapshot.retention.file.num = -1 (default)
2022-09-14 11:47:09,173 [s2-impl-thread1] INFO  server.RaftServerConfigKeys (ConfUtils.java:logGet(46)) - raft.server.log.purge.upto.snapshot.index = false (default)
2022-09-14 11:47:09,174 [s2@group-12AB68C5691F-FollowerState] INFO  server.RaftServerConfigKeys (ConfUtils.java:logFallback(53)) - raft.server.rpc.first-election.timeout.min = 150ms (fallback to raft.server.rpc.timeout.min)
2022-09-14 11:47:09,174 [s2@group-12AB68C5691F-FollowerState] INFO  server.RaftServerConfigKeys (ConfUtils.java:logFallback(53)) - raft.server.rpc.first-election.timeout.max = 300ms (fallback to raft.server.rpc.timeout.max)
2022-09-14 11:47:09,176 [Time-limited test] INFO  server.RaftServer (RaftServerProxy.java:startImpl(390)) - s2: start RPC server
2022-09-14 11:47:09,177 [Time-limited test] INFO  server.GrpcService (GrpcService.java:startImpl(310)) - s2: GrpcService started, listening on 40537
2022-09-14 11:47:09,178 [Time-limited test] INFO  server.GrpcService (GrpcService.java:startImpl(310)) - s2: GrpcService started, listening on 38365
2022-09-14 11:47:09,178 [Time-limited test] INFO  server.GrpcService (GrpcService.java:startImpl(310)) - s2: GrpcService started, listening on 35135
2022-09-14 11:47:09,183 [JvmPauseMonitor4] INFO  util.JvmPauseMonitor (JvmPauseMonitor.java:run(105)) - JvmPauseMonitor-s2: Started
2022-09-14 11:47:09,185 [Time-limited test] INFO  server.RaftServerConfigKeys (ConfUtils.java:logGet(46)) - raft.server.rpc.timeout.max = 300ms (default)
2022-09-14 11:47:09,187 [Time-limited test] INFO  ratis.RaftTestUtil (RaftTestUtil.java:waitForLeader(100)) - printing ALL groups
  s3:  RUNNING  FOLLOWER s3@group-12AB68C5691F:t0, leader=null, voted=, raftlog=Memoized:s3@group-12AB68C5691F-SegmentedRaftLog:OPENED:c-1, conf=-1: peers:[s3|rpc:localhost:46799|admin:localhost:45171|client:localhost:46547|dataStream:localhost:40281|priority:0|startupRole:FOLLOWER, s4|rpc:localhost:39419|admin:localhost:43995|client:localhost:41785|dataStream:localhost:46687|priority:0|startupRole:FOLLOWER, s0|rpc:localhost:42481|admin:localhost:44771|client:localhost:42743|dataStream:localhost:43981|priority:0|startupRole:FOLLOWER, s1|rpc:localhost:44073|admin:localhost:36871|client:localhost:39477|dataStream:localhost:35501|priority:0|startupRole:FOLLOWER, s2|rpc:localhost:38365|admin:localhost:35135|client:localhost:40537|dataStream:localhost:38285|priority:0|startupRole:FOLLOWER]|listeners:[], old=null RUNNING
  s4:  RUNNING  FOLLOWER s4@group-12AB68C5691F:t0, leader=null, voted=, raftlog=Memoized:s4@group-12AB68C5691F-SegmentedRaftLog:OPENED:c-1, conf=-1: peers:[s3|rpc:localhost:46799|admin:localhost:45171|client:localhost:46547|dataStream:localhost:40281|priority:0|startupRole:FOLLOWER, s4|rpc:localhost:39419|admin:localhost:43995|client:localhost:41785|dataStream:localhost:46687|priority:0|startupRole:FOLLOWER, s0|rpc:localhost:42481|admin:localhost:44771|client:localhost:42743|dataStream:localhost:43981|priority:0|startupRole:FOLLOWER, s1|rpc:localhost:44073|admin:localhost:36871|client:localhost:39477|dataStream:localhost:35501|priority:0|startupRole:FOLLOWER, s2|rpc:localhost:38365|admin:localhost:35135|client:localhost:40537|dataStream:localhost:38285|priority:0|startupRole:FOLLOWER]|listeners:[], old=null RUNNING
  s0:  RUNNING  FOLLOWER s0@group-12AB68C5691F:t0, leader=null, voted=, raftlog=Memoized:s0@group-12AB68C5691F-SegmentedRaftLog:OPENED:c-1, conf=-1: peers:[s3|rpc:localhost:46799|admin:localhost:45171|client:localhost:46547|dataStream:localhost:40281|priority:0|startupRole:FOLLOWER, s4|rpc:localhost:39419|admin:localhost:43995|client:localhost:41785|dataStream:localhost:46687|priority:0|startupRole:FOLLOWER, s0|rpc:localhost:42481|admin:localhost:44771|client:localhost:42743|dataStream:localhost:43981|priority:0|startupRole:FOLLOWER, s1|rpc:localhost:44073|admin:localhost:36871|client:localhost:39477|dataStream:localhost:35501|priority:0|startupRole:FOLLOWER, s2|rpc:localhost:38365|admin:localhost:35135|client:localhost:40537|dataStream:localhost:38285|priority:0|startupRole:FOLLOWER]|listeners:[], old=null RUNNING
  s1:  RUNNING  FOLLOWER s1@group-12AB68C5691F:t0, leader=null, voted=, raftlog=Memoized:s1@group-12AB68C5691F-SegmentedRaftLog:OPENED:c-1, conf=-1: peers:[s3|rpc:localhost:46799|admin:localhost:45171|client:localhost:46547|dataStream:localhost:40281|priority:0|startupRole:FOLLOWER, s4|rpc:localhost:39419|admin:localhost:43995|client:localhost:41785|dataStream:localhost:46687|priority:0|startupRole:FOLLOWER, s0|rpc:localhost:42481|admin:localhost:44771|client:localhost:42743|dataStream:localhost:43981|priority:0|startupRole:FOLLOWER, s1|rpc:localhost:44073|admin:localhost:36871|client:localhost:39477|dataStream:localhost:35501|priority:0|startupRole:FOLLOWER, s2|rpc:localhost:38365|admin:localhost:35135|client:localhost:40537|dataStream:localhost:38285|priority:0|startupRole:FOLLOWER]|listeners:[], old=null RUNNING
  s2:  RUNNING  FOLLOWER s2@group-12AB68C5691F:t0, leader=null, voted=, raftlog=Memoized:s2@group-12AB68C5691F-SegmentedRaftLog:OPENED:c-1, conf=-1: peers:[s3|rpc:localhost:46799|admin:localhost:45171|client:localhost:46547|dataStream:localhost:40281|priority:0|startupRole:FOLLOWER, s4|rpc:localhost:39419|admin:localhost:43995|client:localhost:41785|dataStream:localhost:46687|priority:0|startupRole:FOLLOWER, s0|rpc:localhost:42481|admin:localhost:44771|client:localhost:42743|dataStream:localhost:43981|priority:0|startupRole:FOLLOWER, s1|rpc:localhost:44073|admin:localhost:36871|client:localhost:39477|dataStream:localhost:35501|priority:0|startupRole:FOLLOWER, s2|rpc:localhost:38365|admin:localhost:35135|client:localhost:40537|dataStream:localhost:38285|priority:0|startupRole:FOLLOWER]|listeners:[], old=null RUNNING
2022-09-14 11:47:09,196 [Time-limited test] WARN  ratis.RaftTestUtil (JavaUtils.java:attempt(217)) - FAILED "waitForLeader-null-(expectLeader? true)", attempt #1/100: java.lang.IllegalStateException: No leader yet : printing ALL groups
  s3:  RUNNING  FOLLOWER s3@group-12AB68C5691F:t0, leader=null, voted=, raftlog=Memoized:s3@group-12AB68C5691F-SegmentedRaftLog:OPENED:c-1, conf=-1: peers:[s3|rpc:localhost:46799|admin:localhost:45171|client:localhost:46547|dataStream:localhost:40281|priority:0|startupRole:FOLLOWER, s4|rpc:localhost:39419|admin:localhost:43995|client:localhost:41785|dataStream:localhost:46687|priority:0|startupRole:FOLLOWER, s0|rpc:localhost:42481|admin:localhost:44771|client:localhost:42743|dataStream:localhost:43981|priority:0|startupRole:FOLLOWER, s1|rpc:localhost:44073|admin:localhost:36871|client:localhost:39477|dataStream:localhost:35501|priority:0|startupRole:FOLLOWER, s2|rpc:localhost:38365|admin:localhost:35135|client:localhost:40537|dataStream:localhost:38285|priority:0|startupRole:FOLLOWER]|listeners:[], old=null RUNNING
  s4:  RUNNING  FOLLOWER s4@group-12AB68C5691F:t0, leader=null, voted=, raftlog=Memoized:s4@group-12AB68C5691F-SegmentedRaftLog:OPENED:c-1, conf=-1: peers:[s3|rpc:localhost:46799|admin:localhost:45171|client:localhost:46547|dataStream:localhost:40281|priority:0|startupRole:FOLLOWER, s4|rpc:localhost:39419|admin:localhost:43995|client:localhost:41785|dataStream:localhost:46687|priority:0|startupRole:FOLLOWER, s0|rpc:localhost:42481|admin:localhost:44771|client:localhost:42743|dataStream:localhost:43981|priority:0|startupRole:FOLLOWER, s1|rpc:localhost:44073|admin:localhost:36871|client:localhost:39477|dataStream:localhost:35501|priority:0|startupRole:FOLLOWER, s2|rpc:localhost:38365|admin:localhost:35135|client:localhost:40537|dataStream:localhost:38285|priority:0|startupRole:FOLLOWER]|listeners:[], old=null RUNNING
  s0:  RUNNING  FOLLOWER s0@group-12AB68C5691F:t0, leader=null, voted=, raftlog=Memoized:s0@group-12AB68C5691F-SegmentedRaftLog:OPENED:c-1, conf=-1: peers:[s3|rpc:localhost:46799|admin:localhost:45171|client:localhost:46547|dataStream:localhost:40281|priority:0|startupRole:FOLLOWER, s4|rpc:localhost:39419|admin:localhost:43995|client:localhost:41785|dataStream:localhost:46687|priority:0|startupRole:FOLLOWER, s0|rpc:localhost:42481|admin:localhost:44771|client:localhost:42743|dataStream:localhost:43981|priority:0|startupRole:FOLLOWER, s1|rpc:localhost:44073|admin:localhost:36871|client:localhost:39477|dataStream:localhost:35501|priority:0|startupRole:FOLLOWER, s2|rpc:localhost:38365|admin:localhost:35135|client:localhost:40537|dataStream:localhost:38285|priority:0|startupRole:FOLLOWER]|listeners:[], old=null RUNNING
  s1:  RUNNING  FOLLOWER s1@group-12AB68C5691F:t0, leader=null, voted=, raftlog=Memoized:s1@group-12AB68C5691F-SegmentedRaftLog:OPENED:c-1, conf=-1: peers:[s3|rpc:localhost:46799|admin:localhost:45171|client:localhost:46547|dataStream:localhost:40281|priority:0|startupRole:FOLLOWER, s4|rpc:localhost:39419|admin:localhost:43995|client:localhost:41785|dataStream:localhost:46687|priority:0|startupRole:FOLLOWER, s0|rpc:localhost:42481|admin:localhost:44771|client:localhost:42743|dataStream:localhost:43981|priority:0|startupRole:FOLLOWER, s1|rpc:localhost:44073|admin:localhost:36871|client:localhost:39477|dataStream:localhost:35501|priority:0|startupRole:FOLLOWER, s2|rpc:localhost:38365|admin:localhost:35135|client:localhost:40537|dataStream:localhost:38285|priority:0|startupRole:FOLLOWER]|listeners:[], old=null RUNNING
  s2:  RUNNING  FOLLOWER s2@group-12AB68C5691F:t0, leader=null, voted=, raftlog=Memoized:s2@group-12AB68C5691F-SegmentedRaftLog:OPENED:c-1, conf=-1: peers:[s3|rpc:localhost:46799|admin:localhost:45171|client:localhost:46547|dataStream:localhost:40281|priority:0|startupRole:FOLLOWER, s4|rpc:localhost:39419|admin:localhost:43995|client:localhost:41785|dataStream:localhost:46687|priority:0|startupRole:FOLLOWER, s0|rpc:localhost:42481|admin:localhost:44771|client:localhost:42743|dataStream:localhost:43981|priority:0|startupRole:FOLLOWER, s1|rpc:localhost:44073|admin:localhost:36871|client:localhost:39477|dataStream:localhost:35501|priority:0|startupRole:FOLLOWER, s2|rpc:localhost:38365|admin:localhost:35135|client:localhost:40537|dataStream:localhost:38285|priority:0|startupRole:FOLLOWER]|listeners:[], old=null RUNNING, sleep 450ms and then retry.
java.lang.IllegalStateException: No leader yet : printing ALL groups
  s3:  RUNNING  FOLLOWER s3@group-12AB68C5691F:t0, leader=null, voted=, raftlog=Memoized:s3@group-12AB68C5691F-SegmentedRaftLog:OPENED:c-1, conf=-1: peers:[s3|rpc:localhost:46799|admin:localhost:45171|client:localhost:46547|dataStream:localhost:40281|priority:0|startupRole:FOLLOWER, s4|rpc:localhost:39419|admin:localhost:43995|client:localhost:41785|dataStream:localhost:46687|priority:0|startupRole:FOLLOWER, s0|rpc:localhost:42481|admin:localhost:44771|client:localhost:42743|dataStream:localhost:43981|priority:0|startupRole:FOLLOWER, s1|rpc:localhost:44073|admin:localhost:36871|client:localhost:39477|dataStream:localhost:35501|priority:0|startupRole:FOLLOWER, s2|rpc:localhost:38365|admin:localhost:35135|client:localhost:40537|dataStream:localhost:38285|priority:0|startupRole:FOLLOWER]|listeners:[], old=null RUNNING
  s4:  RUNNING  FOLLOWER s4@group-12AB68C5691F:t0, leader=null, voted=, raftlog=Memoized:s4@group-12AB68C5691F-SegmentedRaftLog:OPENED:c-1, conf=-1: peers:[s3|rpc:localhost:46799|admin:localhost:45171|client:localhost:46547|dataStream:localhost:40281|priority:0|startupRole:FOLLOWER, s4|rpc:localhost:39419|admin:localhost:43995|client:localhost:41785|dataStream:localhost:46687|priority:0|startupRole:FOLLOWER, s0|rpc:localhost:42481|admin:localhost:44771|client:localhost:42743|dataStream:localhost:43981|priority:0|startupRole:FOLLOWER, s1|rpc:localhost:44073|admin:localhost:36871|client:localhost:39477|dataStream:localhost:35501|priority:0|startupRole:FOLLOWER, s2|rpc:localhost:38365|admin:localhost:35135|client:localhost:40537|dataStream:localhost:38285|priority:0|startupRole:FOLLOWER]|listeners:[], old=null RUNNING
  s0:  RUNNING  FOLLOWER s0@group-12AB68C5691F:t0, leader=null, voted=, raftlog=Memoized:s0@group-12AB68C5691F-SegmentedRaftLog:OPENED:c-1, conf=-1: peers:[s3|rpc:localhost:46799|admin:localhost:45171|client:localhost:46547|dataStream:localhost:40281|priority:0|startupRole:FOLLOWER, s4|rpc:localhost:39419|admin:localhost:43995|client:localhost:41785|dataStream:localhost:46687|priority:0|startupRole:FOLLOWER, s0|rpc:localhost:42481|admin:localhost:44771|client:localhost:42743|dataStream:localhost:43981|priority:0|startupRole:FOLLOWER, s1|rpc:localhost:44073|admin:localhost:36871|client:localhost:39477|dataStream:localhost:35501|priority:0|startupRole:FOLLOWER, s2|rpc:localhost:38365|admin:localhost:35135|client:localhost:40537|dataStream:localhost:38285|priority:0|startupRole:FOLLOWER]|listeners:[], old=null RUNNING
  s1:  RUNNING  FOLLOWER s1@group-12AB68C5691F:t0, leader=null, voted=, raftlog=Memoized:s1@group-12AB68C5691F-SegmentedRaftLog:OPENED:c-1, conf=-1: peers:[s3|rpc:localhost:46799|admin:localhost:45171|client:localhost:46547|dataStream:localhost:40281|priority:0|startupRole:FOLLOWER, s4|rpc:localhost:39419|admin:localhost:43995|client:localhost:41785|dataStream:localhost:46687|priority:0|startupRole:FOLLOWER, s0|rpc:localhost:42481|admin:localhost:44771|client:localhost:42743|dataStream:localhost:43981|priority:0|startupRole:FOLLOWER, s1|rpc:localhost:44073|admin:localhost:36871|client:localhost:39477|dataStream:localhost:35501|priority:0|startupRole:FOLLOWER, s2|rpc:localhost:38365|admin:localhost:35135|client:localhost:40537|dataStream:localhost:38285|priority:0|startupRole:FOLLOWER]|listeners:[], old=null RUNNING
  s2:  RUNNING  FOLLOWER s2@group-12AB68C5691F:t0, leader=null, voted=, raftlog=Memoized:s2@group-12AB68C5691F-SegmentedRaftLog:OPENED:c-1, conf=-1: peers:[s3|rpc:localhost:46799|admin:localhost:45171|client:localhost:46547|dataStream:localhost:40281|priority:0|startupRole:FOLLOWER, s4|rpc:localhost:39419|admin:localhost:43995|client:localhost:41785|dataStream:localhost:46687|priority:0|startupRole:FOLLOWER, s0|rpc:localhost:42481|admin:localhost:44771|client:localhost:42743|dataStream:localhost:43981|priority:0|startupRole:FOLLOWER, s1|rpc:localhost:44073|admin:localhost:36871|client:localhost:39477|dataStream:localhost:35501|priority:0|startupRole:FOLLOWER, s2|rpc:localhost:38365|admin:localhost:35135|client:localhost:40537|dataStream:localhost:38285|priority:0|startupRole:FOLLOWER]|listeners:[], old=null RUNNING
	at org.apache.ratis.server.impl.MiniRaftCluster.newIllegalStateExceptionForNoLeaders(MiniRaftCluster.java:581)
	at org.apache.ratis.RaftTestUtil.lambda$waitForLeader$1(RaftTestUtil.java:104)
	at org.apache.ratis.server.impl.MiniRaftCluster.getLeader(MiniRaftCluster.java:615)
	at org.apache.ratis.server.impl.MiniRaftCluster.getLeader(MiniRaftCluster.java:608)
	at org.apache.ratis.RaftTestUtil.lambda$waitForLeader$3(RaftTestUtil.java:112)
	at org.apache.ratis.util.JavaUtils.attempt(JavaUtils.java:211)
	at org.apache.ratis.util.JavaUtils.attemptRepeatedly(JavaUtils.java:197)
	at org.apache.ratis.RaftTestUtil.waitForLeader(RaftTestUtil.java:111)
	at org.apache.ratis.RaftTestUtil.waitForLeader(RaftTestUtil.java:92)
	at org.apache.ratis.RaftTestUtil.waitForLeader(RaftTestUtil.java:87)
	at org.apache.ratis.server.impl.LeaderElectionTests.testEnforceLeader(LeaderElectionTests.java:277)
	at org.apache.ratis.grpc.TestLeaderElectionWithGrpc.testEnforceLeader(TestLeaderElectionWithGrpc.java:31)
	at java.base/jdk.internal.reflect.NativeMethodAccessorImpl.invoke0(Native Method)
	at java.base/jdk.internal.reflect.NativeMethodAccessorImpl.invoke(NativeMethodAccessorImpl.java:62)
	at java.base/jdk.internal.reflect.DelegatingMethodAccessorImpl.invoke(DelegatingMethodAccessorImpl.java:43)
	at java.base/java.lang.reflect.Method.invoke(Method.java:566)
	at org.junit.runners.model.FrameworkMethod$1.runReflectiveCall(FrameworkMethod.java:59)
	at org.junit.internal.runners.model.ReflectiveCallable.run(ReflectiveCallable.java:12)
	at org.junit.runners.model.FrameworkMethod.invokeExplosively(FrameworkMethod.java:56)
	at org.junit.internal.runners.statements.InvokeMethod.evaluate(InvokeMethod.java:17)
	at org.junit.internal.runners.statements.RunAfters.evaluate(RunAfters.java:27)
	at org.junit.internal.runners.statements.FailOnTimeout$CallableStatement.call(FailOnTimeout.java:299)
	at org.junit.internal.runners.statements.FailOnTimeout$CallableStatement.call(FailOnTimeout.java:293)
	at java.base/java.util.concurrent.FutureTask.run(FutureTask.java:264)
	at java.base/java.lang.Thread.run(Thread.java:829)
2022-09-14 11:47:09,254 [s3@group-12AB68C5691F-FollowerState] INFO  impl.FollowerState (FollowerState.java:run(141)) - s3@group-12AB68C5691F-FollowerState: change to CANDIDATE, lastRpcElapsedTime:245469215ns, electionTimeout:231ms
2022-09-14 11:47:09,254 [s3@group-12AB68C5691F-FollowerState] INFO  impl.RoleInfo (RoleInfo.java:shutdownFollowerState(110)) - s3: shutdown s3@group-12AB68C5691F-FollowerState
2022-09-14 11:47:09,255 [s3@group-12AB68C5691F-FollowerState] INFO  server.RaftServer$Division (RaftServerImpl.java:setRole(317)) - s3@group-12AB68C5691F: changes role from  FOLLOWER to CANDIDATE at term 0 for changeToCandidate
2022-09-14 11:47:09,257 [s3@group-12AB68C5691F-FollowerState] INFO  server.RaftServerConfigKeys (ConfUtils.java:logGet(46)) - raft.server.leaderelection.pre-vote = true (default)
2022-09-14 11:47:09,257 [s3@group-12AB68C5691F-FollowerState] INFO  impl.RoleInfo (RoleInfo.java:updateAndGet(139)) - s3: start s3@group-12AB68C5691F-LeaderElection1
2022-09-14 11:47:09,262 [s3@group-12AB68C5691F-LeaderElection1] INFO  impl.LeaderElection (LeaderElection.java:askForVotes(308)) - s3@group-12AB68C5691F-LeaderElection1 PRE_VOTE round 0: submit vote requests at term 0 for -1: peers:[s3|rpc:localhost:46799|admin:localhost:45171|client:localhost:46547|dataStream:localhost:40281|priority:0|startupRole:FOLLOWER, s4|rpc:localhost:39419|admin:localhost:43995|client:localhost:41785|dataStream:localhost:46687|priority:0|startupRole:FOLLOWER, s0|rpc:localhost:42481|admin:localhost:44771|client:localhost:42743|dataStream:localhost:43981|priority:0|startupRole:FOLLOWER, s1|rpc:localhost:44073|admin:localhost:36871|client:localhost:39477|dataStream:localhost:35501|priority:0|startupRole:FOLLOWER, s2|rpc:localhost:38365|admin:localhost:35135|client:localhost:40537|dataStream:localhost:38285|priority:0|startupRole:FOLLOWER]|listeners:[], old=null
2022-09-14 11:47:09,289 [s3@group-12AB68C5691F-LeaderElection1] INFO  server.RaftServerConfigKeys (ConfUtils.java:logFallback(53)) - raft.server.rpc.first-election.timeout.min = 150ms (fallback to raft.server.rpc.timeout.min)
2022-09-14 11:47:09,290 [s3@group-12AB68C5691F-LeaderElection1] INFO  server.RaftServerConfigKeys (ConfUtils.java:logFallback(53)) - raft.server.rpc.first-election.timeout.max = 300ms (fallback to raft.server.rpc.timeout.max)
2022-09-14 11:47:09,291 [s3@group-12AB68C5691F-LeaderElection1-2] INFO  server.GrpcServerProtocolClient (GrpcServerProtocolClient.java:<init>(63)) - Build channel for s0
2022-09-14 11:47:09,291 [s3@group-12AB68C5691F-LeaderElection1-3] INFO  server.GrpcServerProtocolClient (GrpcServerProtocolClient.java:<init>(63)) - Build channel for s1
2022-09-14 11:47:09,294 [s3@group-12AB68C5691F-LeaderElection1-4] INFO  server.GrpcServerProtocolClient (GrpcServerProtocolClient.java:<init>(63)) - Build channel for s2
2022-09-14 11:47:09,294 [s3@group-12AB68C5691F-LeaderElection1-1] INFO  server.GrpcServerProtocolClient (GrpcServerProtocolClient.java:<init>(63)) - Build channel for s4
2022-09-14 11:47:09,337 [s0@group-12AB68C5691F-FollowerState] INFO  impl.FollowerState (FollowerState.java:run(141)) - s0@group-12AB68C5691F-FollowerState: change to CANDIDATE, lastRpcElapsedTime:211242050ns, electionTimeout:201ms
2022-09-14 11:47:09,338 [s0@group-12AB68C5691F-FollowerState] INFO  impl.RoleInfo (RoleInfo.java:shutdownFollowerState(110)) - s0: shutdown s0@group-12AB68C5691F-FollowerState
2022-09-14 11:47:09,339 [s0@group-12AB68C5691F-FollowerState] INFO  server.RaftServer$Division (RaftServerImpl.java:setRole(317)) - s0@group-12AB68C5691F: changes role from  FOLLOWER to CANDIDATE at term 0 for changeToCandidate
2022-09-14 11:47:09,339 [s0@group-12AB68C5691F-FollowerState] INFO  server.RaftServerConfigKeys (ConfUtils.java:logGet(46)) - raft.server.leaderelection.pre-vote = true (default)
2022-09-14 11:47:09,339 [s0@group-12AB68C5691F-FollowerState] INFO  impl.RoleInfo (RoleInfo.java:updateAndGet(139)) - s0: start s0@group-12AB68C5691F-LeaderElection2
2022-09-14 11:47:09,345 [s2@group-12AB68C5691F-FollowerState] INFO  impl.FollowerState (FollowerState.java:run(141)) - s2@group-12AB68C5691F-FollowerState: change to CANDIDATE, lastRpcElapsedTime:172735052ns, electionTimeout:171ms
2022-09-14 11:47:09,346 [s2@group-12AB68C5691F-FollowerState] INFO  impl.RoleInfo (RoleInfo.java:shutdownFollowerState(110)) - s2: shutdown s2@group-12AB68C5691F-FollowerState
2022-09-14 11:47:09,346 [s2@group-12AB68C5691F-FollowerState] INFO  server.RaftServer$Division (RaftServerImpl.java:setRole(317)) - s2@group-12AB68C5691F: changes role from  FOLLOWER to CANDIDATE at term 0 for changeToCandidate
2022-09-14 11:47:09,346 [s2@group-12AB68C5691F-FollowerState] INFO  server.RaftServerConfigKeys (ConfUtils.java:logGet(46)) - raft.server.leaderelection.pre-vote = true (default)
2022-09-14 11:47:09,346 [s2@group-12AB68C5691F-FollowerState] INFO  impl.RoleInfo (RoleInfo.java:updateAndGet(139)) - s2: start s2@group-12AB68C5691F-LeaderElection3
2022-09-14 11:47:09,346 [s0@group-12AB68C5691F-LeaderElection2] INFO  impl.LeaderElection (LeaderElection.java:askForVotes(308)) - s0@group-12AB68C5691F-LeaderElection2 PRE_VOTE round 0: submit vote requests at term 0 for -1: peers:[s3|rpc:localhost:46799|admin:localhost:45171|client:localhost:46547|dataStream:localhost:40281|priority:0|startupRole:FOLLOWER, s4|rpc:localhost:39419|admin:localhost:43995|client:localhost:41785|dataStream:localhost:46687|priority:0|startupRole:FOLLOWER, s0|rpc:localhost:42481|admin:localhost:44771|client:localhost:42743|dataStream:localhost:43981|priority:0|startupRole:FOLLOWER, s1|rpc:localhost:44073|admin:localhost:36871|client:localhost:39477|dataStream:localhost:35501|priority:0|startupRole:FOLLOWER, s2|rpc:localhost:38365|admin:localhost:35135|client:localhost:40537|dataStream:localhost:38285|priority:0|startupRole:FOLLOWER]|listeners:[], old=null
2022-09-14 11:47:09,351 [s0@group-12AB68C5691F-LeaderElection2-1] INFO  server.GrpcServerProtocolClient (GrpcServerProtocolClient.java:<init>(63)) - Build channel for s3
2022-09-14 11:47:09,352 [s0@group-12AB68C5691F-LeaderElection2-3] INFO  server.GrpcServerProtocolClient (GrpcServerProtocolClient.java:<init>(63)) - Build channel for s1
2022-09-14 11:47:09,366 [s2@group-12AB68C5691F-LeaderElection3] INFO  impl.LeaderElection (LeaderElection.java:askForVotes(308)) - s2@group-12AB68C5691F-LeaderElection3 PRE_VOTE round 0: submit vote requests at term 0 for -1: peers:[s3|rpc:localhost:46799|admin:localhost:45171|client:localhost:46547|dataStream:localhost:40281|priority:0|startupRole:FOLLOWER, s4|rpc:localhost:39419|admin:localhost:43995|client:localhost:41785|dataStream:localhost:46687|priority:0|startupRole:FOLLOWER, s0|rpc:localhost:42481|admin:localhost:44771|client:localhost:42743|dataStream:localhost:43981|priority:0|startupRole:FOLLOWER, s1|rpc:localhost:44073|admin:localhost:36871|client:localhost:39477|dataStream:localhost:35501|priority:0|startupRole:FOLLOWER, s2|rpc:localhost:38365|admin:localhost:35135|client:localhost:40537|dataStream:localhost:38285|priority:0|startupRole:FOLLOWER]|listeners:[], old=null
2022-09-14 11:47:09,365 [s0@group-12AB68C5691F-LeaderElection2-4] INFO  server.GrpcServerProtocolClient (GrpcServerProtocolClient.java:<init>(63)) - Build channel for s2
2022-09-14 11:47:09,361 [s0@group-12AB68C5691F-LeaderElection2] INFO  server.RaftServerConfigKeys (ConfUtils.java:logFallback(53)) - raft.server.rpc.first-election.timeout.min = 150ms (fallback to raft.server.rpc.timeout.min)
2022-09-14 11:47:09,372 [s0@group-12AB68C5691F-LeaderElection2] INFO  server.RaftServerConfigKeys (ConfUtils.java:logFallback(53)) - raft.server.rpc.first-election.timeout.max = 300ms (fallback to raft.server.rpc.timeout.max)
2022-09-14 11:47:09,353 [s0@group-12AB68C5691F-LeaderElection2-2] INFO  server.GrpcServerProtocolClient (GrpcServerProtocolClient.java:<init>(63)) - Build channel for s4
2022-09-14 11:47:09,369 [s2@group-12AB68C5691F-LeaderElection3] INFO  server.RaftServerConfigKeys (ConfUtils.java:logFallback(53)) - raft.server.rpc.first-election.timeout.min = 150ms (fallback to raft.server.rpc.timeout.min)
2022-09-14 11:47:09,373 [s2@group-12AB68C5691F-LeaderElection3] INFO  server.RaftServerConfigKeys (ConfUtils.java:logFallback(53)) - raft.server.rpc.first-election.timeout.max = 300ms (fallback to raft.server.rpc.timeout.max)
2022-09-14 11:47:09,368 [s2@group-12AB68C5691F-LeaderElection3-3] INFO  server.GrpcServerProtocolClient (GrpcServerProtocolClient.java:<init>(63)) - Build channel for s0
2022-09-14 11:47:09,367 [s2@group-12AB68C5691F-LeaderElection3-2] INFO  server.GrpcServerProtocolClient (GrpcServerProtocolClient.java:<init>(63)) - Build channel for s4
2022-09-14 11:47:09,367 [s2@group-12AB68C5691F-LeaderElection3-1] INFO  server.GrpcServerProtocolClient (GrpcServerProtocolClient.java:<init>(63)) - Build channel for s3
2022-09-14 11:47:09,374 [s2@group-12AB68C5691F-LeaderElection3-4] INFO  server.GrpcServerProtocolClient (GrpcServerProtocolClient.java:<init>(63)) - Build channel for s1
2022-09-14 11:47:09,388 [s4@group-12AB68C5691F-FollowerState] INFO  impl.FollowerState (FollowerState.java:run(141)) - s4@group-12AB68C5691F-FollowerState: change to CANDIDATE, lastRpcElapsedTime:299002284ns, electionTimeout:278ms
2022-09-14 11:47:09,389 [s4@group-12AB68C5691F-FollowerState] INFO  impl.RoleInfo (RoleInfo.java:shutdownFollowerState(110)) - s4: shutdown s4@group-12AB68C5691F-FollowerState
2022-09-14 11:47:09,389 [s4@group-12AB68C5691F-FollowerState] INFO  server.RaftServer$Division (RaftServerImpl.java:setRole(317)) - s4@group-12AB68C5691F: changes role from  FOLLOWER to CANDIDATE at term 0 for changeToCandidate
2022-09-14 11:47:09,389 [s4@group-12AB68C5691F-FollowerState] INFO  server.RaftServerConfigKeys (ConfUtils.java:logGet(46)) - raft.server.leaderelection.pre-vote = true (default)
2022-09-14 11:47:09,389 [s4@group-12AB68C5691F-FollowerState] INFO  impl.RoleInfo (RoleInfo.java:updateAndGet(139)) - s4: start s4@group-12AB68C5691F-LeaderElection4
2022-09-14 11:47:09,390 [s1@group-12AB68C5691F-FollowerState] INFO  impl.FollowerState (FollowerState.java:run(141)) - s1@group-12AB68C5691F-FollowerState: change to CANDIDATE, lastRpcElapsedTime:238339261ns, electionTimeout:226ms
2022-09-14 11:47:09,394 [s1@group-12AB68C5691F-FollowerState] INFO  impl.RoleInfo (RoleInfo.java:shutdownFollowerState(110)) - s1: shutdown s1@group-12AB68C5691F-FollowerState
2022-09-14 11:47:09,394 [s1@group-12AB68C5691F-FollowerState] INFO  server.RaftServer$Division (RaftServerImpl.java:setRole(317)) - s1@group-12AB68C5691F: changes role from  FOLLOWER to CANDIDATE at term 0 for changeToCandidate
2022-09-14 11:47:09,394 [s1@group-12AB68C5691F-FollowerState] INFO  server.RaftServerConfigKeys (ConfUtils.java:logGet(46)) - raft.server.leaderelection.pre-vote = true (default)
2022-09-14 11:47:09,396 [s1@group-12AB68C5691F-FollowerState] INFO  impl.RoleInfo (RoleInfo.java:updateAndGet(139)) - s1: start s1@group-12AB68C5691F-LeaderElection5
2022-09-14 11:47:09,398 [s4@group-12AB68C5691F-LeaderElection4] INFO  impl.LeaderElection (LeaderElection.java:askForVotes(308)) - s4@group-12AB68C5691F-LeaderElection4 PRE_VOTE round 0: submit vote requests at term 0 for -1: peers:[s3|rpc:localhost:46799|admin:localhost:45171|client:localhost:46547|dataStream:localhost:40281|priority:0|startupRole:FOLLOWER, s4|rpc:localhost:39419|admin:localhost:43995|client:localhost:41785|dataStream:localhost:46687|priority:0|startupRole:FOLLOWER, s0|rpc:localhost:42481|admin:localhost:44771|client:localhost:42743|dataStream:localhost:43981|priority:0|startupRole:FOLLOWER, s1|rpc:localhost:44073|admin:localhost:36871|client:localhost:39477|dataStream:localhost:35501|priority:0|startupRole:FOLLOWER, s2|rpc:localhost:38365|admin:localhost:35135|client:localhost:40537|dataStream:localhost:38285|priority:0|startupRole:FOLLOWER]|listeners:[], old=null
2022-09-14 11:47:09,399 [s4@group-12AB68C5691F-LeaderElection4-1] INFO  server.GrpcServerProtocolClient (GrpcServerProtocolClient.java:<init>(63)) - Build channel for s3
2022-09-14 11:47:09,401 [s4@group-12AB68C5691F-LeaderElection4-2] INFO  server.GrpcServerProtocolClient (GrpcServerProtocolClient.java:<init>(63)) - Build channel for s0
2022-09-14 11:47:09,402 [s4@group-12AB68C5691F-LeaderElection4] INFO  server.RaftServerConfigKeys (ConfUtils.java:logFallback(53)) - raft.server.rpc.first-election.timeout.min = 150ms (fallback to raft.server.rpc.timeout.min)
2022-09-14 11:47:09,407 [s4@group-12AB68C5691F-LeaderElection4] INFO  server.RaftServerConfigKeys (ConfUtils.java:logFallback(53)) - raft.server.rpc.first-election.timeout.max = 300ms (fallback to raft.server.rpc.timeout.max)
2022-09-14 11:47:09,410 [s1@group-12AB68C5691F-LeaderElection5] INFO  impl.LeaderElection (LeaderElection.java:askForVotes(308)) - s1@group-12AB68C5691F-LeaderElection5 PRE_VOTE round 0: submit vote requests at term 0 for -1: peers:[s3|rpc:localhost:46799|admin:localhost:45171|client:localhost:46547|dataStream:localhost:40281|priority:0|startupRole:FOLLOWER, s4|rpc:localhost:39419|admin:localhost:43995|client:localhost:41785|dataStream:localhost:46687|priority:0|startupRole:FOLLOWER, s0|rpc:localhost:42481|admin:localhost:44771|client:localhost:42743|dataStream:localhost:43981|priority:0|startupRole:FOLLOWER, s1|rpc:localhost:44073|admin:localhost:36871|client:localhost:39477|dataStream:localhost:35501|priority:0|startupRole:FOLLOWER, s2|rpc:localhost:38365|admin:localhost:35135|client:localhost:40537|dataStream:localhost:38285|priority:0|startupRole:FOLLOWER]|listeners:[], old=null
2022-09-14 11:47:09,418 [s1@group-12AB68C5691F-LeaderElection5-1] INFO  server.GrpcServerProtocolClient (GrpcServerProtocolClient.java:<init>(63)) - Build channel for s3
2022-09-14 11:47:09,426 [s1@group-12AB68C5691F-LeaderElection5-2] INFO  server.GrpcServerProtocolClient (GrpcServerProtocolClient.java:<init>(63)) - Build channel for s4
2022-09-14 11:47:09,433 [s1@group-12AB68C5691F-LeaderElection5-4] INFO  server.GrpcServerProtocolClient (GrpcServerProtocolClient.java:<init>(63)) - Build channel for s2
2022-09-14 11:47:09,433 [s4@group-12AB68C5691F-LeaderElection4-4] INFO  server.GrpcServerProtocolClient (GrpcServerProtocolClient.java:<init>(63)) - Build channel for s2
2022-09-14 11:47:09,433 [s1@group-12AB68C5691F-LeaderElection5] INFO  server.RaftServerConfigKeys (ConfUtils.java:logFallback(53)) - raft.server.rpc.first-election.timeout.min = 150ms (fallback to raft.server.rpc.timeout.min)
2022-09-14 11:47:09,433 [s1@group-12AB68C5691F-LeaderElection5-3] INFO  server.GrpcServerProtocolClient (GrpcServerProtocolClient.java:<init>(63)) - Build channel for s0
2022-09-14 11:47:09,433 [s4@group-12AB68C5691F-LeaderElection4-3] INFO  server.GrpcServerProtocolClient (GrpcServerProtocolClient.java:<init>(63)) - Build channel for s1
2022-09-14 11:47:09,437 [s1@group-12AB68C5691F-LeaderElection5] INFO  server.RaftServerConfigKeys (ConfUtils.java:logFallback(53)) - raft.server.rpc.first-election.timeout.max = 300ms (fallback to raft.server.rpc.timeout.max)
2022-09-14 11:47:09,549 [s0@group-12AB68C5691F-LeaderElection2] INFO  impl.LeaderElection (LeaderElection.java:logAndReturn(89)) - s0@group-12AB68C5691F-LeaderElection2: PRE_VOTE TIMEOUT received 0 response(s) and 0 exception(s):
2022-09-14 11:47:09,549 [s0@group-12AB68C5691F-LeaderElection2] INFO  impl.LeaderElection (LeaderElection.java:askForVotes(310)) - s0@group-12AB68C5691F-LeaderElection2 PRE_VOTE round 0: result TIMEOUT
2022-09-14 11:47:09,549 [s0@group-12AB68C5691F-LeaderElection2] INFO  impl.LeaderElection (LeaderElection.java:askForVotes(308)) - s0@group-12AB68C5691F-LeaderElection2 PRE_VOTE round 1: submit vote requests at term 0 for -1: peers:[s3|rpc:localhost:46799|admin:localhost:45171|client:localhost:46547|dataStream:localhost:40281|priority:0|startupRole:FOLLOWER, s4|rpc:localhost:39419|admin:localhost:43995|client:localhost:41785|dataStream:localhost:46687|priority:0|startupRole:FOLLOWER, s0|rpc:localhost:42481|admin:localhost:44771|client:localhost:42743|dataStream:localhost:43981|priority:0|startupRole:FOLLOWER, s1|rpc:localhost:44073|admin:localhost:36871|client:localhost:39477|dataStream:localhost:35501|priority:0|startupRole:FOLLOWER, s2|rpc:localhost:38365|admin:localhost:35135|client:localhost:40537|dataStream:localhost:38285|priority:0|startupRole:FOLLOWER]|listeners:[], old=null
2022-09-14 11:47:09,556 [s2@group-12AB68C5691F-LeaderElection3] INFO  impl.LeaderElection (LeaderElection.java:logAndReturn(89)) - s2@group-12AB68C5691F-LeaderElection3: PRE_VOTE TIMEOUT received 0 response(s) and 0 exception(s):
2022-09-14 11:47:09,556 [s2@group-12AB68C5691F-LeaderElection3] INFO  impl.LeaderElection (LeaderElection.java:askForVotes(310)) - s2@group-12AB68C5691F-LeaderElection3 PRE_VOTE round 0: result TIMEOUT
2022-09-14 11:47:09,556 [s2@group-12AB68C5691F-LeaderElection3] INFO  impl.LeaderElection (LeaderElection.java:askForVotes(308)) - s2@group-12AB68C5691F-LeaderElection3 PRE_VOTE round 1: submit vote requests at term 0 for -1: peers:[s3|rpc:localhost:46799|admin:localhost:45171|client:localhost:46547|dataStream:localhost:40281|priority:0|startupRole:FOLLOWER, s4|rpc:localhost:39419|admin:localhost:43995|client:localhost:41785|dataStream:localhost:46687|priority:0|startupRole:FOLLOWER, s0|rpc:localhost:42481|admin:localhost:44771|client:localhost:42743|dataStream:localhost:43981|priority:0|startupRole:FOLLOWER, s1|rpc:localhost:44073|admin:localhost:36871|client:localhost:39477|dataStream:localhost:35501|priority:0|startupRole:FOLLOWER, s2|rpc:localhost:38365|admin:localhost:35135|client:localhost:40537|dataStream:localhost:38285|priority:0|startupRole:FOLLOWER]|listeners:[], old=null
2022-09-14 11:47:09,567 [s2@group-12AB68C5691F-LeaderElection3] INFO  server.RaftServerConfigKeys (ConfUtils.java:logFallback(53)) - raft.server.rpc.first-election.timeout.min = 150ms (fallback to raft.server.rpc.timeout.min)
2022-09-14 11:47:09,567 [s2@group-12AB68C5691F-LeaderElection3] INFO  server.RaftServerConfigKeys (ConfUtils.java:logFallback(53)) - raft.server.rpc.first-election.timeout.max = 300ms (fallback to raft.server.rpc.timeout.max)
2022-09-14 11:47:09,568 [s0@group-12AB68C5691F-LeaderElection2] INFO  server.RaftServerConfigKeys (ConfUtils.java:logFallback(53)) - raft.server.rpc.first-election.timeout.min = 150ms (fallback to raft.server.rpc.timeout.min)
2022-09-14 11:47:09,568 [s0@group-12AB68C5691F-LeaderElection2] INFO  server.RaftServerConfigKeys (ConfUtils.java:logFallback(53)) - raft.server.rpc.first-election.timeout.max = 300ms (fallback to raft.server.rpc.timeout.max)
2022-09-14 11:47:09,571 [s3@group-12AB68C5691F-LeaderElection1] INFO  impl.LeaderElection (LeaderElection.java:logAndReturn(89)) - s3@group-12AB68C5691F-LeaderElection1: PRE_VOTE TIMEOUT received 0 response(s) and 0 exception(s):
2022-09-14 11:47:09,571 [s3@group-12AB68C5691F-LeaderElection1] INFO  impl.LeaderElection (LeaderElection.java:askForVotes(310)) - s3@group-12AB68C5691F-LeaderElection1 PRE_VOTE round 0: result TIMEOUT
2022-09-14 11:47:09,571 [s3@group-12AB68C5691F-LeaderElection1] INFO  impl.LeaderElection (LeaderElection.java:askForVotes(308)) - s3@group-12AB68C5691F-LeaderElection1 PRE_VOTE round 1: submit vote requests at term 0 for -1: peers:[s3|rpc:localhost:46799|admin:localhost:45171|client:localhost:46547|dataStream:localhost:40281|priority:0|startupRole:FOLLOWER, s4|rpc:localhost:39419|admin:localhost:43995|client:localhost:41785|dataStream:localhost:46687|priority:0|startupRole:FOLLOWER, s0|rpc:localhost:42481|admin:localhost:44771|client:localhost:42743|dataStream:localhost:43981|priority:0|startupRole:FOLLOWER, s1|rpc:localhost:44073|admin:localhost:36871|client:localhost:39477|dataStream:localhost:35501|priority:0|startupRole:FOLLOWER, s2|rpc:localhost:38365|admin:localhost:35135|client:localhost:40537|dataStream:localhost:38285|priority:0|startupRole:FOLLOWER]|listeners:[], old=null
2022-09-14 11:47:09,575 [s3@group-12AB68C5691F-LeaderElection1] INFO  server.RaftServerConfigKeys (ConfUtils.java:logFallback(53)) - raft.server.rpc.first-election.timeout.min = 150ms (fallback to raft.server.rpc.timeout.min)
2022-09-14 11:47:09,575 [s3@group-12AB68C5691F-LeaderElection1] INFO  server.RaftServerConfigKeys (ConfUtils.java:logFallback(53)) - raft.server.rpc.first-election.timeout.max = 300ms (fallback to raft.server.rpc.timeout.max)
2022-09-14 11:47:09,617 [s1@group-12AB68C5691F-LeaderElection5] INFO  impl.LeaderElection (LeaderElection.java:logAndReturn(89)) - s1@group-12AB68C5691F-LeaderElection5: PRE_VOTE TIMEOUT received 0 response(s) and 0 exception(s):
2022-09-14 11:47:09,618 [s1@group-12AB68C5691F-LeaderElection5] INFO  impl.LeaderElection (LeaderElection.java:askForVotes(310)) - s1@group-12AB68C5691F-LeaderElection5 PRE_VOTE round 0: result TIMEOUT
2022-09-14 11:47:09,618 [s1@group-12AB68C5691F-LeaderElection5] INFO  impl.LeaderElection (LeaderElection.java:askForVotes(308)) - s1@group-12AB68C5691F-LeaderElection5 PRE_VOTE round 1: submit vote requests at term 0 for -1: peers:[s3|rpc:localhost:46799|admin:localhost:45171|client:localhost:46547|dataStream:localhost:40281|priority:0|startupRole:FOLLOWER, s4|rpc:localhost:39419|admin:localhost:43995|client:localhost:41785|dataStream:localhost:46687|priority:0|startupRole:FOLLOWER, s0|rpc:localhost:42481|admin:localhost:44771|client:localhost:42743|dataStream:localhost:43981|priority:0|startupRole:FOLLOWER, s1|rpc:localhost:44073|admin:localhost:36871|client:localhost:39477|dataStream:localhost:35501|priority:0|startupRole:FOLLOWER, s2|rpc:localhost:38365|admin:localhost:35135|client:localhost:40537|dataStream:localhost:38285|priority:0|startupRole:FOLLOWER]|listeners:[], old=null
2022-09-14 11:47:09,626 [s1@group-12AB68C5691F-LeaderElection5] INFO  server.RaftServerConfigKeys (ConfUtils.java:logFallback(53)) - raft.server.rpc.first-election.timeout.min = 150ms (fallback to raft.server.rpc.timeout.min)
2022-09-14 11:47:09,627 [s1@group-12AB68C5691F-LeaderElection5] INFO  server.RaftServerConfigKeys (ConfUtils.java:logFallback(53)) - raft.server.rpc.first-election.timeout.max = 300ms (fallback to raft.server.rpc.timeout.max)
2022-09-14 11:47:09,649 [Time-limited test] WARN  ratis.RaftTestUtil (JavaUtils.java:attempt(217)) - FAILED "waitForLeader-null-(expectLeader? true)", attempt #2/100: java.lang.IllegalStateException: No leader yet : printing ALL groups
  s3:  RUNNING CANDIDATE s3@group-12AB68C5691F:t0, leader=null, voted=, raftlog=Memoized:s3@group-12AB68C5691F-SegmentedRaftLog:OPENED:c-1, conf=-1: peers:[s3|rpc:localhost:46799|admin:localhost:45171|client:localhost:46547|dataStream:localhost:40281|priority:0|startupRole:FOLLOWER, s4|rpc:localhost:39419|admin:localhost:43995|client:localhost:41785|dataStream:localhost:46687|priority:0|startupRole:FOLLOWER, s0|rpc:localhost:42481|admin:localhost:44771|client:localhost:42743|dataStream:localhost:43981|priority:0|startupRole:FOLLOWER, s1|rpc:localhost:44073|admin:localhost:36871|client:localhost:39477|dataStream:localhost:35501|priority:0|startupRole:FOLLOWER, s2|rpc:localhost:38365|admin:localhost:35135|client:localhost:40537|dataStream:localhost:38285|priority:0|startupRole:FOLLOWER]|listeners:[], old=null RUNNING
  s4:  RUNNING CANDIDATE s4@group-12AB68C5691F:t0, leader=null, voted=, raftlog=Memoized:s4@group-12AB68C5691F-SegmentedRaftLog:OPENED:c-1, conf=-1: peers:[s3|rpc:localhost:46799|admin:localhost:45171|client:localhost:46547|dataStream:localhost:40281|priority:0|startupRole:FOLLOWER, s4|rpc:localhost:39419|admin:localhost:43995|client:localhost:41785|dataStream:localhost:46687|priority:0|startupRole:FOLLOWER, s0|rpc:localhost:42481|admin:localhost:44771|client:localhost:42743|dataStream:localhost:43981|priority:0|startupRole:FOLLOWER, s1|rpc:localhost:44073|admin:localhost:36871|client:localhost:39477|dataStream:localhost:35501|priority:0|startupRole:FOLLOWER, s2|rpc:localhost:38365|admin:localhost:35135|client:localhost:40537|dataStream:localhost:38285|priority:0|startupRole:FOLLOWER]|listeners:[], old=null RUNNING
  s0:  RUNNING CANDIDATE s0@group-12AB68C5691F:t0, leader=null, voted=, raftlog=Memoized:s0@group-12AB68C5691F-SegmentedRaftLog:OPENED:c-1, conf=-1: peers:[s3|rpc:localhost:46799|admin:localhost:45171|client:localhost:46547|dataStream:localhost:40281|priority:0|startupRole:FOLLOWER, s4|rpc:localhost:39419|admin:localhost:43995|client:localhost:41785|dataStream:localhost:46687|priority:0|startupRole:FOLLOWER, s0|rpc:localhost:42481|admin:localhost:44771|client:localhost:42743|dataStream:localhost:43981|priority:0|startupRole:FOLLOWER, s1|rpc:localhost:44073|admin:localhost:36871|client:localhost:39477|dataStream:localhost:35501|priority:0|startupRole:FOLLOWER, s2|rpc:localhost:38365|admin:localhost:35135|client:localhost:40537|dataStream:localhost:38285|priority:0|startupRole:FOLLOWER]|listeners:[], old=null RUNNING
  s1:  RUNNING CANDIDATE s1@group-12AB68C5691F:t0, leader=null, voted=, raftlog=Memoized:s1@group-12AB68C5691F-SegmentedRaftLog:OPENED:c-1, conf=-1: peers:[s3|rpc:localhost:46799|admin:localhost:45171|client:localhost:46547|dataStream:localhost:40281|priority:0|startupRole:FOLLOWER, s4|rpc:localhost:39419|admin:localhost:43995|client:localhost:41785|dataStream:localhost:46687|priority:0|startupRole:FOLLOWER, s0|rpc:localhost:42481|admin:localhost:44771|client:localhost:42743|dataStream:localhost:43981|priority:0|startupRole:FOLLOWER, s1|rpc:localhost:44073|admin:localhost:36871|client:localhost:39477|dataStream:localhost:35501|priority:0|startupRole:FOLLOWER, s2|rpc:localhost:38365|admin:localhost:35135|client:localhost:40537|dataStream:localhost:38285|priority:0|startupRole:FOLLOWER]|listeners:[], old=null RUNNING
  s2:  RUNNING CANDIDATE s2@group-12AB68C5691F:t0, leader=null, voted=, raftlog=Memoized:s2@group-12AB68C5691F-SegmentedRaftLog:OPENED:c-1, conf=-1: peers:[s3|rpc:localhost:46799|admin:localhost:45171|client:localhost:46547|dataStream:localhost:40281|priority:0|startupRole:FOLLOWER, s4|rpc:localhost:39419|admin:localhost:43995|client:localhost:41785|dataStream:localhost:46687|priority:0|startupRole:FOLLOWER, s0|rpc:localhost:42481|admin:localhost:44771|client:localhost:42743|dataStream:localhost:43981|priority:0|startupRole:FOLLOWER, s1|rpc:localhost:44073|admin:localhost:36871|client:localhost:39477|dataStream:localhost:35501|priority:0|startupRole:FOLLOWER, s2|rpc:localhost:38365|admin:localhost:35135|client:localhost:40537|dataStream:localhost:38285|priority:0|startupRole:FOLLOWER]|listeners:[], old=null RUNNING, sleep 450ms and then retry.
java.lang.IllegalStateException: No leader yet : printing ALL groups
  s3:  RUNNING CANDIDATE s3@group-12AB68C5691F:t0, leader=null, voted=, raftlog=Memoized:s3@group-12AB68C5691F-SegmentedRaftLog:OPENED:c-1, conf=-1: peers:[s3|rpc:localhost:46799|admin:localhost:45171|client:localhost:46547|dataStream:localhost:40281|priority:0|startupRole:FOLLOWER, s4|rpc:localhost:39419|admin:localhost:43995|client:localhost:41785|dataStream:localhost:46687|priority:0|startupRole:FOLLOWER, s0|rpc:localhost:42481|admin:localhost:44771|client:localhost:42743|dataStream:localhost:43981|priority:0|startupRole:FOLLOWER, s1|rpc:localhost:44073|admin:localhost:36871|client:localhost:39477|dataStream:localhost:35501|priority:0|startupRole:FOLLOWER, s2|rpc:localhost:38365|admin:localhost:35135|client:localhost:40537|dataStream:localhost:38285|priority:0|startupRole:FOLLOWER]|listeners:[], old=null RUNNING
  s4:  RUNNING CANDIDATE s4@group-12AB68C5691F:t0, leader=null, voted=, raftlog=Memoized:s4@group-12AB68C5691F-SegmentedRaftLog:OPENED:c-1, conf=-1: peers:[s3|rpc:localhost:46799|admin:localhost:45171|client:localhost:46547|dataStream:localhost:40281|priority:0|startupRole:FOLLOWER, s4|rpc:localhost:39419|admin:localhost:43995|client:localhost:41785|dataStream:localhost:46687|priority:0|startupRole:FOLLOWER, s0|rpc:localhost:42481|admin:localhost:44771|client:localhost:42743|dataStream:localhost:43981|priority:0|startupRole:FOLLOWER, s1|rpc:localhost:44073|admin:localhost:36871|client:localhost:39477|dataStream:localhost:35501|priority:0|startupRole:FOLLOWER, s2|rpc:localhost:38365|admin:localhost:35135|client:localhost:40537|dataStream:localhost:38285|priority:0|startupRole:FOLLOWER]|listeners:[], old=null RUNNING
  s0:  RUNNING CANDIDATE s0@group-12AB68C5691F:t0, leader=null, voted=, raftlog=Memoized:s0@group-12AB68C5691F-SegmentedRaftLog:OPENED:c-1, conf=-1: peers:[s3|rpc:localhost:46799|admin:localhost:45171|client:localhost:46547|dataStream:localhost:40281|priority:0|startupRole:FOLLOWER, s4|rpc:localhost:39419|admin:localhost:43995|client:localhost:41785|dataStream:localhost:46687|priority:0|startupRole:FOLLOWER, s0|rpc:localhost:42481|admin:localhost:44771|client:localhost:42743|dataStream:localhost:43981|priority:0|startupRole:FOLLOWER, s1|rpc:localhost:44073|admin:localhost:36871|client:localhost:39477|dataStream:localhost:35501|priority:0|startupRole:FOLLOWER, s2|rpc:localhost:38365|admin:localhost:35135|client:localhost:40537|dataStream:localhost:38285|priority:0|startupRole:FOLLOWER]|listeners:[], old=null RUNNING
  s1:  RUNNING CANDIDATE s1@group-12AB68C5691F:t0, leader=null, voted=, raftlog=Memoized:s1@group-12AB68C5691F-SegmentedRaftLog:OPENED:c-1, conf=-1: peers:[s3|rpc:localhost:46799|admin:localhost:45171|client:localhost:46547|dataStream:localhost:40281|priority:0|startupRole:FOLLOWER, s4|rpc:localhost:39419|admin:localhost:43995|client:localhost:41785|dataStream:localhost:46687|priority:0|startupRole:FOLLOWER, s0|rpc:localhost:42481|admin:localhost:44771|client:localhost:42743|dataStream:localhost:43981|priority:0|startupRole:FOLLOWER, s1|rpc:localhost:44073|admin:localhost:36871|client:localhost:39477|dataStream:localhost:35501|priority:0|startupRole:FOLLOWER, s2|rpc:localhost:38365|admin:localhost:35135|client:localhost:40537|dataStream:localhost:38285|priority:0|startupRole:FOLLOWER]|listeners:[], old=null RUNNING
  s2:  RUNNING CANDIDATE s2@group-12AB68C5691F:t0, leader=null, voted=, raftlog=Memoized:s2@group-12AB68C5691F-SegmentedRaftLog:OPENED:c-1, conf=-1: peers:[s3|rpc:localhost:46799|admin:localhost:45171|client:localhost:46547|dataStream:localhost:40281|priority:0|startupRole:FOLLOWER, s4|rpc:localhost:39419|admin:localhost:43995|client:localhost:41785|dataStream:localhost:46687|priority:0|startupRole:FOLLOWER, s0|rpc:localhost:42481|admin:localhost:44771|client:localhost:42743|dataStream:localhost:43981|priority:0|startupRole:FOLLOWER, s1|rpc:localhost:44073|admin:localhost:36871|client:localhost:39477|dataStream:localhost:35501|priority:0|startupRole:FOLLOWER, s2|rpc:localhost:38365|admin:localhost:35135|client:localhost:40537|dataStream:localhost:38285|priority:0|startupRole:FOLLOWER]|listeners:[], old=null RUNNING
	at org.apache.ratis.server.impl.MiniRaftCluster.newIllegalStateExceptionForNoLeaders(MiniRaftCluster.java:581)
	at org.apache.ratis.RaftTestUtil.lambda$waitForLeader$1(RaftTestUtil.java:104)
	at org.apache.ratis.server.impl.MiniRaftCluster.getLeader(MiniRaftCluster.java:615)
	at org.apache.ratis.server.impl.MiniRaftCluster.getLeader(MiniRaftCluster.java:608)
	at org.apache.ratis.RaftTestUtil.lambda$waitForLeader$3(RaftTestUtil.java:112)
	at org.apache.ratis.util.JavaUtils.attempt(JavaUtils.java:211)
	at org.apache.ratis.util.JavaUtils.attemptRepeatedly(JavaUtils.java:197)
	at org.apache.ratis.RaftTestUtil.waitForLeader(RaftTestUtil.java:111)
	at org.apache.ratis.RaftTestUtil.waitForLeader(RaftTestUtil.java:92)
	at org.apache.ratis.RaftTestUtil.waitForLeader(RaftTestUtil.java:87)
	at org.apache.ratis.server.impl.LeaderElectionTests.testEnforceLeader(LeaderElectionTests.java:277)
	at org.apache.ratis.grpc.TestLeaderElectionWithGrpc.testEnforceLeader(TestLeaderElectionWithGrpc.java:31)
	at java.base/jdk.internal.reflect.NativeMethodAccessorImpl.invoke0(Native Method)
	at java.base/jdk.internal.reflect.NativeMethodAccessorImpl.invoke(NativeMethodAccessorImpl.java:62)
	at java.base/jdk.internal.reflect.DelegatingMethodAccessorImpl.invoke(DelegatingMethodAccessorImpl.java:43)
	at java.base/java.lang.reflect.Method.invoke(Method.java:566)
	at org.junit.runners.model.FrameworkMethod$1.runReflectiveCall(FrameworkMethod.java:59)
	at org.junit.internal.runners.model.ReflectiveCallable.run(ReflectiveCallable.java:12)
	at org.junit.runners.model.FrameworkMethod.invokeExplosively(FrameworkMethod.java:56)
	at org.junit.internal.runners.statements.InvokeMethod.evaluate(InvokeMethod.java:17)
	at org.junit.internal.runners.statements.RunAfters.evaluate(RunAfters.java:27)
	at org.junit.internal.runners.statements.FailOnTimeout$CallableStatement.call(FailOnTimeout.java:299)
	at org.junit.internal.runners.statements.FailOnTimeout$CallableStatement.call(FailOnTimeout.java:293)
	at java.base/java.util.concurrent.FutureTask.run(FutureTask.java:264)
	at java.base/java.lang.Thread.run(Thread.java:829)
2022-09-14 11:47:09,676 [s4@group-12AB68C5691F-LeaderElection4] INFO  impl.LeaderElection (LeaderElection.java:logAndReturn(89)) - s4@group-12AB68C5691F-LeaderElection4: PRE_VOTE TIMEOUT received 0 response(s) and 0 exception(s):
2022-09-14 11:47:09,676 [s4@group-12AB68C5691F-LeaderElection4] INFO  impl.LeaderElection (LeaderElection.java:askForVotes(310)) - s4@group-12AB68C5691F-LeaderElection4 PRE_VOTE round 0: result TIMEOUT
2022-09-14 11:47:09,677 [s4@group-12AB68C5691F-LeaderElection4] INFO  impl.LeaderElection (LeaderElection.java:askForVotes(308)) - s4@group-12AB68C5691F-LeaderElection4 PRE_VOTE round 1: submit vote requests at term 0 for -1: peers:[s3|rpc:localhost:46799|admin:localhost:45171|client:localhost:46547|dataStream:localhost:40281|priority:0|startupRole:FOLLOWER, s4|rpc:localhost:39419|admin:localhost:43995|client:localhost:41785|dataStream:localhost:46687|priority:0|startupRole:FOLLOWER, s0|rpc:localhost:42481|admin:localhost:44771|client:localhost:42743|dataStream:localhost:43981|priority:0|startupRole:FOLLOWER, s1|rpc:localhost:44073|admin:localhost:36871|client:localhost:39477|dataStream:localhost:35501|priority:0|startupRole:FOLLOWER, s2|rpc:localhost:38365|admin:localhost:35135|client:localhost:40537|dataStream:localhost:38285|priority:0|startupRole:FOLLOWER]|listeners:[], old=null
2022-09-14 11:47:09,691 [s4@group-12AB68C5691F-LeaderElection4] INFO  server.RaftServerConfigKeys (ConfUtils.java:logFallback(53)) - raft.server.rpc.first-election.timeout.min = 150ms (fallback to raft.server.rpc.timeout.min)
2022-09-14 11:47:09,692 [s4@group-12AB68C5691F-LeaderElection4] INFO  server.RaftServerConfigKeys (ConfUtils.java:logFallback(53)) - raft.server.rpc.first-election.timeout.max = 300ms (fallback to raft.server.rpc.timeout.max)
2022-09-14 11:47:09,817 [s3@group-12AB68C5691F-LeaderElection1] INFO  impl.LeaderElection (LeaderElection.java:logAndReturn(89)) - s3@group-12AB68C5691F-LeaderElection1: PRE_VOTE TIMEOUT received 0 response(s) and 0 exception(s):
2022-09-14 11:47:09,819 [s3@group-12AB68C5691F-LeaderElection1] INFO  impl.LeaderElection (LeaderElection.java:askForVotes(310)) - s3@group-12AB68C5691F-LeaderElection1 PRE_VOTE round 1: result TIMEOUT
2022-09-14 11:47:09,819 [s3@group-12AB68C5691F-LeaderElection1] INFO  impl.LeaderElection (LeaderElection.java:askForVotes(308)) - s3@group-12AB68C5691F-LeaderElection1 PRE_VOTE round 2: submit vote requests at term 0 for -1: peers:[s3|rpc:localhost:46799|admin:localhost:45171|client:localhost:46547|dataStream:localhost:40281|priority:0|startupRole:FOLLOWER, s4|rpc:localhost:39419|admin:localhost:43995|client:localhost:41785|dataStream:localhost:46687|priority:0|startupRole:FOLLOWER, s0|rpc:localhost:42481|admin:localhost:44771|client:localhost:42743|dataStream:localhost:43981|priority:0|startupRole:FOLLOWER, s1|rpc:localhost:44073|admin:localhost:36871|client:localhost:39477|dataStream:localhost:35501|priority:0|startupRole:FOLLOWER, s2|rpc:localhost:38365|admin:localhost:35135|client:localhost:40537|dataStream:localhost:38285|priority:0|startupRole:FOLLOWER]|listeners:[], old=null
2022-09-14 11:47:09,830 [s1@group-12AB68C5691F-LeaderElection5] INFO  impl.LeaderElection (LeaderElection.java:logAndReturn(89)) - s1@group-12AB68C5691F-LeaderElection5: PRE_VOTE TIMEOUT received 0 response(s) and 0 exception(s):
2022-09-14 11:47:09,830 [s1@group-12AB68C5691F-LeaderElection5] INFO  impl.LeaderElection (LeaderElection.java:askForVotes(310)) - s1@group-12AB68C5691F-LeaderElection5 PRE_VOTE round 1: result TIMEOUT
2022-09-14 11:47:09,830 [s1@group-12AB68C5691F-LeaderElection5] INFO  impl.LeaderElection (LeaderElection.java:askForVotes(308)) - s1@group-12AB68C5691F-LeaderElection5 PRE_VOTE round 2: submit vote requests at term 0 for -1: peers:[s3|rpc:localhost:46799|admin:localhost:45171|client:localhost:46547|dataStream:localhost:40281|priority:0|startupRole:FOLLOWER, s4|rpc:localhost:39419|admin:localhost:43995|client:localhost:41785|dataStream:localhost:46687|priority:0|startupRole:FOLLOWER, s0|rpc:localhost:42481|admin:localhost:44771|client:localhost:42743|dataStream:localhost:43981|priority:0|startupRole:FOLLOWER, s1|rpc:localhost:44073|admin:localhost:36871|client:localhost:39477|dataStream:localhost:35501|priority:0|startupRole:FOLLOWER, s2|rpc:localhost:38365|admin:localhost:35135|client:localhost:40537|dataStream:localhost:38285|priority:0|startupRole:FOLLOWER]|listeners:[], old=null
2022-09-14 11:47:09,834 [s3@group-12AB68C5691F-LeaderElection1] INFO  server.RaftServerConfigKeys (ConfUtils.java:logFallback(53)) - raft.server.rpc.first-election.timeout.min = 150ms (fallback to raft.server.rpc.timeout.min)
2022-09-14 11:47:09,840 [s3@group-12AB68C5691F-LeaderElection1] INFO  server.RaftServerConfigKeys (ConfUtils.java:logFallback(53)) - raft.server.rpc.first-election.timeout.max = 300ms (fallback to raft.server.rpc.timeout.max)
2022-09-14 11:47:09,843 [s0@group-12AB68C5691F-LeaderElection2] INFO  impl.LeaderElection (LeaderElection.java:logAndReturn(89)) - s0@group-12AB68C5691F-LeaderElection2: PRE_VOTE TIMEOUT received 0 response(s) and 0 exception(s):
2022-09-14 11:47:09,846 [s0@group-12AB68C5691F-LeaderElection2] INFO  impl.LeaderElection (LeaderElection.java:askForVotes(310)) - s0@group-12AB68C5691F-LeaderElection2 PRE_VOTE round 1: result TIMEOUT
2022-09-14 11:47:09,846 [s0@group-12AB68C5691F-LeaderElection2] INFO  impl.LeaderElection (LeaderElection.java:askForVotes(308)) - s0@group-12AB68C5691F-LeaderElection2 PRE_VOTE round 2: submit vote requests at term 0 for -1: peers:[s3|rpc:localhost:46799|admin:localhost:45171|client:localhost:46547|dataStream:localhost:40281|priority:0|startupRole:FOLLOWER, s4|rpc:localhost:39419|admin:localhost:43995|client:localhost:41785|dataStream:localhost:46687|priority:0|startupRole:FOLLOWER, s0|rpc:localhost:42481|admin:localhost:44771|client:localhost:42743|dataStream:localhost:43981|priority:0|startupRole:FOLLOWER, s1|rpc:localhost:44073|admin:localhost:36871|client:localhost:39477|dataStream:localhost:35501|priority:0|startupRole:FOLLOWER, s2|rpc:localhost:38365|admin:localhost:35135|client:localhost:40537|dataStream:localhost:38285|priority:0|startupRole:FOLLOWER]|listeners:[], old=null
2022-09-14 11:47:09,843 [s1@group-12AB68C5691F-LeaderElection5] INFO  server.RaftServerConfigKeys (ConfUtils.java:logFallback(53)) - raft.server.rpc.first-election.timeout.min = 150ms (fallback to raft.server.rpc.timeout.min)
2022-09-14 11:47:09,846 [s1@group-12AB68C5691F-LeaderElection5] INFO  server.RaftServerConfigKeys (ConfUtils.java:logFallback(53)) - raft.server.rpc.first-election.timeout.max = 300ms (fallback to raft.server.rpc.timeout.max)
2022-09-14 11:47:09,848 [s0@group-12AB68C5691F-LeaderElection2] INFO  server.RaftServerConfigKeys (ConfUtils.java:logFallback(53)) - raft.server.rpc.first-election.timeout.min = 150ms (fallback to raft.server.rpc.timeout.min)
2022-09-14 11:47:09,858 [s0@group-12AB68C5691F-LeaderElection2] INFO  server.RaftServerConfigKeys (ConfUtils.java:logFallback(53)) - raft.server.rpc.first-election.timeout.max = 300ms (fallback to raft.server.rpc.timeout.max)
2022-09-14 11:47:09,865 [s2@group-12AB68C5691F-LeaderElection3] INFO  impl.LeaderElection (LeaderElection.java:logAndReturn(89)) - s2@group-12AB68C5691F-LeaderElection3: PRE_VOTE TIMEOUT received 0 response(s) and 0 exception(s):
2022-09-14 11:47:09,865 [s2@group-12AB68C5691F-LeaderElection3] INFO  impl.LeaderElection (LeaderElection.java:askForVotes(310)) - s2@group-12AB68C5691F-LeaderElection3 PRE_VOTE round 1: result TIMEOUT
2022-09-14 11:47:09,865 [s2@group-12AB68C5691F-LeaderElection3] INFO  impl.LeaderElection (LeaderElection.java:askForVotes(308)) - s2@group-12AB68C5691F-LeaderElection3 PRE_VOTE round 2: submit vote requests at term 0 for -1: peers:[s3|rpc:localhost:46799|admin:localhost:45171|client:localhost:46547|dataStream:localhost:40281|priority:0|startupRole:FOLLOWER, s4|rpc:localhost:39419|admin:localhost:43995|client:localhost:41785|dataStream:localhost:46687|priority:0|startupRole:FOLLOWER, s0|rpc:localhost:42481|admin:localhost:44771|client:localhost:42743|dataStream:localhost:43981|priority:0|startupRole:FOLLOWER, s1|rpc:localhost:44073|admin:localhost:36871|client:localhost:39477|dataStream:localhost:35501|priority:0|startupRole:FOLLOWER, s2|rpc:localhost:38365|admin:localhost:35135|client:localhost:40537|dataStream:localhost:38285|priority:0|startupRole:FOLLOWER]|listeners:[], old=null
2022-09-14 11:47:09,872 [s2@group-12AB68C5691F-LeaderElection3] INFO  server.RaftServerConfigKeys (ConfUtils.java:logFallback(53)) - raft.server.rpc.first-election.timeout.min = 150ms (fallback to raft.server.rpc.timeout.min)
2022-09-14 11:47:09,872 [s2@group-12AB68C5691F-LeaderElection3] INFO  server.RaftServerConfigKeys (ConfUtils.java:logFallback(53)) - raft.server.rpc.first-election.timeout.max = 300ms (fallback to raft.server.rpc.timeout.max)
2022-09-14 11:47:09,878 [s4@group-12AB68C5691F-LeaderElection4] INFO  impl.LeaderElection (LeaderElection.java:logAndReturn(89)) - s4@group-12AB68C5691F-LeaderElection4: PRE_VOTE TIMEOUT received 0 response(s) and 0 exception(s):
2022-09-14 11:47:09,879 [s4@group-12AB68C5691F-LeaderElection4] INFO  impl.LeaderElection (LeaderElection.java:askForVotes(310)) - s4@group-12AB68C5691F-LeaderElection4 PRE_VOTE round 1: result TIMEOUT
2022-09-14 11:47:09,879 [s4@group-12AB68C5691F-LeaderElection4] INFO  impl.LeaderElection (LeaderElection.java:askForVotes(308)) - s4@group-12AB68C5691F-LeaderElection4 PRE_VOTE round 2: submit vote requests at term 0 for -1: peers:[s3|rpc:localhost:46799|admin:localhost:45171|client:localhost:46547|dataStream:localhost:40281|priority:0|startupRole:FOLLOWER, s4|rpc:localhost:39419|admin:localhost:43995|client:localhost:41785|dataStream:localhost:46687|priority:0|startupRole:FOLLOWER, s0|rpc:localhost:42481|admin:localhost:44771|client:localhost:42743|dataStream:localhost:43981|priority:0|startupRole:FOLLOWER, s1|rpc:localhost:44073|admin:localhost:36871|client:localhost:39477|dataStream:localhost:35501|priority:0|startupRole:FOLLOWER, s2|rpc:localhost:38365|admin:localhost:35135|client:localhost:40537|dataStream:localhost:38285|priority:0|startupRole:FOLLOWER]|listeners:[], old=null
2022-09-14 11:47:09,882 [s4@group-12AB68C5691F-LeaderElection4] INFO  server.RaftServerConfigKeys (ConfUtils.java:logFallback(53)) - raft.server.rpc.first-election.timeout.min = 150ms (fallback to raft.server.rpc.timeout.min)
2022-09-14 11:47:09,882 [s4@group-12AB68C5691F-LeaderElection4] INFO  server.RaftServerConfigKeys (ConfUtils.java:logFallback(53)) - raft.server.rpc.first-election.timeout.max = 300ms (fallback to raft.server.rpc.timeout.max)
2022-09-14 11:47:09,936 [grpc-default-executor-21] INFO  server.RaftServer$Division (RaftServerImpl.java:requestVote(1281)) - s3@group-12AB68C5691F: receive requestVote(PRE_VOTE, s4, group-12AB68C5691F, 0, (t:0, i:0))
2022-09-14 11:47:09,945 [grpc-default-executor-27] INFO  server.RaftServer$Division (RaftServerImpl.java:requestVote(1281)) - s1@group-12AB68C5691F: receive requestVote(PRE_VOTE, s2, group-12AB68C5691F, 0, (t:0, i:0))
2022-09-14 11:47:09,944 [grpc-default-executor-26] INFO  server.RaftServer$Division (RaftServerImpl.java:requestVote(1281)) - s1@group-12AB68C5691F: receive requestVote(PRE_VOTE, s0, group-12AB68C5691F, 0, (t:0, i:0))
2022-09-14 11:47:09,944 [grpc-default-executor-17] INFO  server.RaftServer$Division (RaftServerImpl.java:requestVote(1281)) - s3@group-12AB68C5691F: receive requestVote(PRE_VOTE, s0, group-12AB68C5691F, 0, (t:0, i:0))
2022-09-14 11:47:09,944 [grpc-default-executor-9] INFO  server.RaftServer$Division (RaftServerImpl.java:requestVote(1281)) - s3@group-12AB68C5691F: receive requestVote(PRE_VOTE, s0, group-12AB68C5691F, 0, (t:0, i:0))
2022-09-14 11:47:09,943 [grpc-default-executor-8] INFO  server.RaftServer$Division (RaftServerImpl.java:requestVote(1281)) - s3@group-12AB68C5691F: receive requestVote(PRE_VOTE, s0, group-12AB68C5691F, 0, (t:0, i:0))
2022-09-14 11:47:09,941 [grpc-default-executor-11] INFO  server.RaftServer$Division (RaftServerImpl.java:requestVote(1281)) - s2@group-12AB68C5691F: receive requestVote(PRE_VOTE, s4, group-12AB68C5691F, 0, (t:0, i:0))
2022-09-14 11:47:09,941 [grpc-default-executor-25] INFO  server.RaftServer$Division (RaftServerImpl.java:requestVote(1281)) - s2@group-12AB68C5691F: receive requestVote(PRE_VOTE, s4, group-12AB68C5691F, 0, (t:0, i:0))
2022-09-14 11:47:09,941 [grpc-default-executor-14] INFO  server.RaftServer$Division (RaftServerImpl.java:requestVote(1281)) - s0@group-12AB68C5691F: receive requestVote(PRE_VOTE, s4, group-12AB68C5691F, 0, (t:0, i:0))
2022-09-14 11:47:09,941 [grpc-default-executor-7] INFO  server.RaftServer$Division (RaftServerImpl.java:requestVote(1281)) - s0@group-12AB68C5691F: receive requestVote(PRE_VOTE, s4, group-12AB68C5691F, 0, (t:0, i:0))
2022-09-14 11:47:09,940 [grpc-default-executor-4] INFO  server.RaftServer$Division (RaftServerImpl.java:requestVote(1281)) - s4@group-12AB68C5691F: receive requestVote(PRE_VOTE, s3, group-12AB68C5691F, 0, (t:0, i:0))
2022-09-14 11:47:09,940 [grpc-default-executor-3] INFO  server.RaftServer$Division (RaftServerImpl.java:requestVote(1281)) - s4@group-12AB68C5691F: receive requestVote(PRE_VOTE, s3, group-12AB68C5691F, 0, (t:0, i:0))
2022-09-14 11:47:09,940 [grpc-default-executor-2] INFO  server.RaftServer$Division (RaftServerImpl.java:requestVote(1281)) - s4@group-12AB68C5691F: receive requestVote(PRE_VOTE, s3, group-12AB68C5691F, 0, (t:0, i:0))
2022-09-14 11:47:09,939 [grpc-default-executor-15] INFO  server.RaftServer$Division (RaftServerImpl.java:requestVote(1281)) - s3@group-12AB68C5691F: receive requestVote(PRE_VOTE, s1, group-12AB68C5691F, 0, (t:0, i:0))
2022-09-14 11:47:09,939 [grpc-default-executor-0] INFO  server.RaftServer$Division (RaftServerImpl.java:requestVote(1281)) - s3@group-12AB68C5691F: receive requestVote(PRE_VOTE, s1, group-12AB68C5691F, 0, (t:0, i:0))
2022-09-14 11:47:09,939 [grpc-default-executor-19] INFO  server.RaftServer$Division (RaftServerImpl.java:requestVote(1281)) - s1@group-12AB68C5691F: receive requestVote(PRE_VOTE, s2, group-12AB68C5691F, 0, (t:0, i:0))
2022-09-14 11:47:09,939 [grpc-default-executor-13] INFO  server.RaftServer$Division (RaftServerImpl.java:requestVote(1281)) - s3@group-12AB68C5691F: receive requestVote(PRE_VOTE, s1, group-12AB68C5691F, 0, (t:0, i:0))
2022-09-14 11:47:09,938 [grpc-default-executor-16] INFO  server.RaftServer$Division (RaftServerImpl.java:requestVote(1281)) - s1@group-12AB68C5691F: receive requestVote(PRE_VOTE, s2, group-12AB68C5691F, 0, (t:0, i:0))
2022-09-14 11:47:09,938 [grpc-default-executor-23] INFO  server.RaftServer$Division (RaftServerImpl.java:requestVote(1281)) - s2@group-12AB68C5691F: receive requestVote(PRE_VOTE, s1, group-12AB68C5691F, 0, (t:0, i:0))
2022-09-14 11:47:09,937 [grpc-default-executor-6] INFO  server.RaftServer$Division (RaftServerImpl.java:requestVote(1281)) - s2@group-12AB68C5691F: receive requestVote(PRE_VOTE, s0, group-12AB68C5691F, 0, (t:0, i:0))
2022-09-14 11:47:09,937 [grpc-default-executor-10] INFO  server.RaftServer$Division (RaftServerImpl.java:requestVote(1281)) - s0@group-12AB68C5691F: receive requestVote(PRE_VOTE, s1, group-12AB68C5691F, 0, (t:0, i:0))
2022-09-14 11:47:09,937 [grpc-default-executor-12] INFO  server.RaftServer$Division (RaftServerImpl.java:requestVote(1281)) - s2@group-12AB68C5691F: receive requestVote(PRE_VOTE, s0, group-12AB68C5691F, 0, (t:0, i:0))
2022-09-14 11:47:09,937 [grpc-default-executor-24] INFO  server.RaftServer$Division (RaftServerImpl.java:requestVote(1281)) - s0@group-12AB68C5691F: receive requestVote(PRE_VOTE, s1, group-12AB68C5691F, 0, (t:0, i:0))
2022-09-14 11:47:09,937 [grpc-default-executor-1] INFO  server.RaftServer$Division (RaftServerImpl.java:requestVote(1281)) - s3@group-12AB68C5691F: receive requestVote(PRE_VOTE, s4, group-12AB68C5691F, 0, (t:0, i:0))
2022-09-14 11:47:09,937 [grpc-default-executor-5] INFO  server.RaftServer$Division (RaftServerImpl.java:requestVote(1281)) - s2@group-12AB68C5691F: receive requestVote(PRE_VOTE, s0, group-12AB68C5691F, 0, (t:0, i:0))
2022-09-14 11:47:09,937 [grpc-default-executor-22] INFO  server.RaftServer$Division (RaftServerImpl.java:requestVote(1281)) - s2@group-12AB68C5691F: receive requestVote(PRE_VOTE, s1, group-12AB68C5691F, 0, (t:0, i:0))
2022-09-14 11:47:09,937 [grpc-default-executor-20] INFO  server.RaftServer$Division (RaftServerImpl.java:requestVote(1281)) - s0@group-12AB68C5691F: receive requestVote(PRE_VOTE, s1, group-12AB68C5691F, 0, (t:0, i:0))
2022-09-14 11:47:09,936 [grpc-default-executor-18] INFO  server.RaftServer$Division (RaftServerImpl.java:requestVote(1281)) - s2@group-12AB68C5691F: receive requestVote(PRE_VOTE, s1, group-12AB68C5691F, 0, (t:0, i:0))
2022-09-14 11:47:09,951 [grpc-default-executor-26] INFO  impl.VoteContext (VoteContext.java:log(49)) - s1@group-12AB68C5691F-CANDIDATE: accept PRE_VOTE from s0: our priority 0 <= candidate's priority 0
2022-09-14 11:47:09,957 [grpc-default-executor-26] INFO  server.RaftServer$Division (RaftServerImpl.java:requestVote(1314)) - s1@group-12AB68C5691F replies to PRE_VOTE vote request: s0<-s1#0:OK-t0. Peer's state: s1@group-12AB68C5691F:t0, leader=null, voted=, raftlog=Memoized:s1@group-12AB68C5691F-SegmentedRaftLog:OPENED:c-1, conf=-1: peers:[s3|rpc:localhost:46799|admin:localhost:45171|client:localhost:46547|dataStream:localhost:40281|priority:0|startupRole:FOLLOWER, s4|rpc:localhost:39419|admin:localhost:43995|client:localhost:41785|dataStream:localhost:46687|priority:0|startupRole:FOLLOWER, s0|rpc:localhost:42481|admin:localhost:44771|client:localhost:42743|dataStream:localhost:43981|priority:0|startupRole:FOLLOWER, s1|rpc:localhost:44073|admin:localhost:36871|client:localhost:39477|dataStream:localhost:35501|priority:0|startupRole:FOLLOWER, s2|rpc:localhost:38365|admin:localhost:35135|client:localhost:40537|dataStream:localhost:38285|priority:0|startupRole:FOLLOWER]|listeners:[], old=null
2022-09-14 11:47:09,959 [grpc-default-executor-30] INFO  server.RaftServer$Division (RaftServerImpl.java:requestVote(1281)) - s2@group-12AB68C5691F: receive requestVote(PRE_VOTE, s4, group-12AB68C5691F, 0, (t:0, i:0))
2022-09-14 11:47:09,960 [grpc-default-executor-29] INFO  server.RaftServer$Division (RaftServerImpl.java:requestVote(1281)) - s0@group-12AB68C5691F: receive requestVote(PRE_VOTE, s4, group-12AB68C5691F, 0, (t:0, i:0))
2022-09-14 11:47:09,957 [grpc-default-executor-27] INFO  impl.VoteContext (VoteContext.java:log(49)) - s1@group-12AB68C5691F-CANDIDATE: accept PRE_VOTE from s2: our priority 0 <= candidate's priority 0
2022-09-14 11:47:09,967 [grpc-default-executor-27] INFO  server.RaftServer$Division (RaftServerImpl.java:requestVote(1314)) - s1@group-12AB68C5691F replies to PRE_VOTE vote request: s2<-s1#0:OK-t0. Peer's state: s1@group-12AB68C5691F:t0, leader=null, voted=, raftlog=Memoized:s1@group-12AB68C5691F-SegmentedRaftLog:OPENED:c-1, conf=-1: peers:[s3|rpc:localhost:46799|admin:localhost:45171|client:localhost:46547|dataStream:localhost:40281|priority:0|startupRole:FOLLOWER, s4|rpc:localhost:39419|admin:localhost:43995|client:localhost:41785|dataStream:localhost:46687|priority:0|startupRole:FOLLOWER, s0|rpc:localhost:42481|admin:localhost:44771|client:localhost:42743|dataStream:localhost:43981|priority:0|startupRole:FOLLOWER, s1|rpc:localhost:44073|admin:localhost:36871|client:localhost:39477|dataStream:localhost:35501|priority:0|startupRole:FOLLOWER, s2|rpc:localhost:38365|admin:localhost:35135|client:localhost:40537|dataStream:localhost:38285|priority:0|startupRole:FOLLOWER]|listeners:[], old=null
2022-09-14 11:47:09,951 [grpc-default-executor-21] INFO  impl.VoteContext (VoteContext.java:log(49)) - s3@group-12AB68C5691F-CANDIDATE: accept PRE_VOTE from s4: our priority 0 <= candidate's priority 0
2022-09-14 11:47:09,967 [grpc-default-executor-16] INFO  impl.VoteContext (VoteContext.java:log(49)) - s1@group-12AB68C5691F-CANDIDATE: accept PRE_VOTE from s2: our priority 0 <= candidate's priority 0
2022-09-14 11:47:09,983 [grpc-default-executor-16] INFO  server.RaftServer$Division (RaftServerImpl.java:requestVote(1314)) - s1@group-12AB68C5691F replies to PRE_VOTE vote request: s2<-s1#0:OK-t0. Peer's state: s1@group-12AB68C5691F:t0, leader=null, voted=, raftlog=Memoized:s1@group-12AB68C5691F-SegmentedRaftLog:OPENED:c-1, conf=-1: peers:[s3|rpc:localhost:46799|admin:localhost:45171|client:localhost:46547|dataStream:localhost:40281|priority:0|startupRole:FOLLOWER, s4|rpc:localhost:39419|admin:localhost:43995|client:localhost:41785|dataStream:localhost:46687|priority:0|startupRole:FOLLOWER, s0|rpc:localhost:42481|admin:localhost:44771|client:localhost:42743|dataStream:localhost:43981|priority:0|startupRole:FOLLOWER, s1|rpc:localhost:44073|admin:localhost:36871|client:localhost:39477|dataStream:localhost:35501|priority:0|startupRole:FOLLOWER, s2|rpc:localhost:38365|admin:localhost:35135|client:localhost:40537|dataStream:localhost:38285|priority:0|startupRole:FOLLOWER]|listeners:[], old=null
2022-09-14 11:47:09,951 [grpc-default-executor-4] INFO  impl.VoteContext (VoteContext.java:log(49)) - s4@group-12AB68C5691F-CANDIDATE: accept PRE_VOTE from s3: our priority 0 <= candidate's priority 0
2022-09-14 11:47:09,984 [grpc-default-executor-4] INFO  server.RaftServer$Division (RaftServerImpl.java:requestVote(1314)) - s4@group-12AB68C5691F replies to PRE_VOTE vote request: s3<-s4#0:OK-t0. Peer's state: s4@group-12AB68C5691F:t0, leader=null, voted=, raftlog=Memoized:s4@group-12AB68C5691F-SegmentedRaftLog:OPENED:c-1, conf=-1: peers:[s3|rpc:localhost:46799|admin:localhost:45171|client:localhost:46547|dataStream:localhost:40281|priority:0|startupRole:FOLLOWER, s4|rpc:localhost:39419|admin:localhost:43995|client:localhost:41785|dataStream:localhost:46687|priority:0|startupRole:FOLLOWER, s0|rpc:localhost:42481|admin:localhost:44771|client:localhost:42743|dataStream:localhost:43981|priority:0|startupRole:FOLLOWER, s1|rpc:localhost:44073|admin:localhost:36871|client:localhost:39477|dataStream:localhost:35501|priority:0|startupRole:FOLLOWER, s2|rpc:localhost:38365|admin:localhost:35135|client:localhost:40537|dataStream:localhost:38285|priority:0|startupRole:FOLLOWER]|listeners:[], old=null
2022-09-14 11:47:09,984 [grpc-default-executor-19] INFO  impl.VoteContext (VoteContext.java:log(49)) - s1@group-12AB68C5691F-CANDIDATE: accept PRE_VOTE from s2: our priority 0 <= candidate's priority 0
2022-09-14 11:47:09,992 [grpc-default-executor-19] INFO  server.RaftServer$Division (RaftServerImpl.java:requestVote(1314)) - s1@group-12AB68C5691F replies to PRE_VOTE vote request: s2<-s1#0:OK-t0. Peer's state: s1@group-12AB68C5691F:t0, leader=null, voted=, raftlog=Memoized:s1@group-12AB68C5691F-SegmentedRaftLog:OPENED:c-1, conf=-1: peers:[s3|rpc:localhost:46799|admin:localhost:45171|client:localhost:46547|dataStream:localhost:40281|priority:0|startupRole:FOLLOWER, s4|rpc:localhost:39419|admin:localhost:43995|client:localhost:41785|dataStream:localhost:46687|priority:0|startupRole:FOLLOWER, s0|rpc:localhost:42481|admin:localhost:44771|client:localhost:42743|dataStream:localhost:43981|priority:0|startupRole:FOLLOWER, s1|rpc:localhost:44073|admin:localhost:36871|client:localhost:39477|dataStream:localhost:35501|priority:0|startupRole:FOLLOWER, s2|rpc:localhost:38365|admin:localhost:35135|client:localhost:40537|dataStream:localhost:38285|priority:0|startupRole:FOLLOWER]|listeners:[], old=null
2022-09-14 11:47:09,951 [grpc-default-executor-14] INFO  impl.VoteContext (VoteContext.java:log(49)) - s0@group-12AB68C5691F-CANDIDATE: accept PRE_VOTE from s4: our priority 0 <= candidate's priority 0
2022-09-14 11:47:09,993 [grpc-default-executor-14] INFO  server.RaftServer$Division (RaftServerImpl.java:requestVote(1314)) - s0@group-12AB68C5691F replies to PRE_VOTE vote request: s4<-s0#0:OK-t0. Peer's state: s0@group-12AB68C5691F:t0, leader=null, voted=, raftlog=Memoized:s0@group-12AB68C5691F-SegmentedRaftLog:OPENED:c-1, conf=-1: peers:[s3|rpc:localhost:46799|admin:localhost:45171|client:localhost:46547|dataStream:localhost:40281|priority:0|startupRole:FOLLOWER, s4|rpc:localhost:39419|admin:localhost:43995|client:localhost:41785|dataStream:localhost:46687|priority:0|startupRole:FOLLOWER, s0|rpc:localhost:42481|admin:localhost:44771|client:localhost:42743|dataStream:localhost:43981|priority:0|startupRole:FOLLOWER, s1|rpc:localhost:44073|admin:localhost:36871|client:localhost:39477|dataStream:localhost:35501|priority:0|startupRole:FOLLOWER, s2|rpc:localhost:38365|admin:localhost:35135|client:localhost:40537|dataStream:localhost:38285|priority:0|startupRole:FOLLOWER]|listeners:[], old=null
2022-09-14 11:47:09,951 [grpc-default-executor-11] INFO  impl.VoteContext (VoteContext.java:log(49)) - s2@group-12AB68C5691F-CANDIDATE: accept PRE_VOTE from s4: our priority 0 <= candidate's priority 0
2022-09-14 11:47:09,961 [grpc-default-executor-31] INFO  server.RaftServer$Division (RaftServerImpl.java:requestVote(1281)) - s3@group-12AB68C5691F: receive requestVote(PRE_VOTE, s4, group-12AB68C5691F, 0, (t:0, i:0))
2022-09-14 11:47:09,994 [grpc-default-executor-11] INFO  server.RaftServer$Division (RaftServerImpl.java:requestVote(1314)) - s2@group-12AB68C5691F replies to PRE_VOTE vote request: s4<-s2#0:OK-t0. Peer's state: s2@group-12AB68C5691F:t0, leader=null, voted=, raftlog=Memoized:s2@group-12AB68C5691F-SegmentedRaftLog:OPENED:c-1, conf=-1: peers:[s3|rpc:localhost:46799|admin:localhost:45171|client:localhost:46547|dataStream:localhost:40281|priority:0|startupRole:FOLLOWER, s4|rpc:localhost:39419|admin:localhost:43995|client:localhost:41785|dataStream:localhost:46687|priority:0|startupRole:FOLLOWER, s0|rpc:localhost:42481|admin:localhost:44771|client:localhost:42743|dataStream:localhost:43981|priority:0|startupRole:FOLLOWER, s1|rpc:localhost:44073|admin:localhost:36871|client:localhost:39477|dataStream:localhost:35501|priority:0|startupRole:FOLLOWER, s2|rpc:localhost:38365|admin:localhost:35135|client:localhost:40537|dataStream:localhost:38285|priority:0|startupRole:FOLLOWER]|listeners:[], old=null
2022-09-14 11:47:09,994 [grpc-default-executor-29] INFO  impl.VoteContext (VoteContext.java:log(49)) - s0@group-12AB68C5691F-CANDIDATE: accept PRE_VOTE from s4: our priority 0 <= candidate's priority 0
2022-09-14 11:47:09,997 [grpc-default-executor-29] INFO  server.RaftServer$Division (RaftServerImpl.java:requestVote(1314)) - s0@group-12AB68C5691F replies to PRE_VOTE vote request: s4<-s0#0:OK-t0. Peer's state: s0@group-12AB68C5691F:t0, leader=null, voted=, raftlog=Memoized:s0@group-12AB68C5691F-SegmentedRaftLog:OPENED:c-1, conf=-1: peers:[s3|rpc:localhost:46799|admin:localhost:45171|client:localhost:46547|dataStream:localhost:40281|priority:0|startupRole:FOLLOWER, s4|rpc:localhost:39419|admin:localhost:43995|client:localhost:41785|dataStream:localhost:46687|priority:0|startupRole:FOLLOWER, s0|rpc:localhost:42481|admin:localhost:44771|client:localhost:42743|dataStream:localhost:43981|priority:0|startupRole:FOLLOWER, s1|rpc:localhost:44073|admin:localhost:36871|client:localhost:39477|dataStream:localhost:35501|priority:0|startupRole:FOLLOWER, s2|rpc:localhost:38365|admin:localhost:35135|client:localhost:40537|dataStream:localhost:38285|priority:0|startupRole:FOLLOWER]|listeners:[], old=null
2022-09-14 11:47:09,997 [grpc-default-executor-30] INFO  impl.VoteContext (VoteContext.java:log(49)) - s2@group-12AB68C5691F-CANDIDATE: accept PRE_VOTE from s4: our priority 0 <= candidate's priority 0
2022-09-14 11:47:10,014 [grpc-default-executor-30] INFO  server.RaftServer$Division (RaftServerImpl.java:requestVote(1314)) - s2@group-12AB68C5691F replies to PRE_VOTE vote request: s4<-s2#0:OK-t0. Peer's state: s2@group-12AB68C5691F:t0, leader=null, voted=, raftlog=Memoized:s2@group-12AB68C5691F-SegmentedRaftLog:OPENED:c-1, conf=-1: peers:[s3|rpc:localhost:46799|admin:localhost:45171|client:localhost:46547|dataStream:localhost:40281|priority:0|startupRole:FOLLOWER, s4|rpc:localhost:39419|admin:localhost:43995|client:localhost:41785|dataStream:localhost:46687|priority:0|startupRole:FOLLOWER, s0|rpc:localhost:42481|admin:localhost:44771|client:localhost:42743|dataStream:localhost:43981|priority:0|startupRole:FOLLOWER, s1|rpc:localhost:44073|admin:localhost:36871|client:localhost:39477|dataStream:localhost:35501|priority:0|startupRole:FOLLOWER, s2|rpc:localhost:38365|admin:localhost:35135|client:localhost:40537|dataStream:localhost:38285|priority:0|startupRole:FOLLOWER]|listeners:[], old=null
2022-09-14 11:47:10,014 [grpc-default-executor-18] INFO  impl.VoteContext (VoteContext.java:log(49)) - s2@group-12AB68C5691F-CANDIDATE: accept PRE_VOTE from s1: our priority 0 <= candidate's priority 0
2022-09-14 11:47:10,014 [grpc-default-executor-18] INFO  server.RaftServer$Division (RaftServerImpl.java:requestVote(1314)) - s2@group-12AB68C5691F replies to PRE_VOTE vote request: s1<-s2#0:OK-t0. Peer's state: s2@group-12AB68C5691F:t0, leader=null, voted=, raftlog=Memoized:s2@group-12AB68C5691F-SegmentedRaftLog:OPENED:c-1, conf=-1: peers:[s3|rpc:localhost:46799|admin:localhost:45171|client:localhost:46547|dataStream:localhost:40281|priority:0|startupRole:FOLLOWER, s4|rpc:localhost:39419|admin:localhost:43995|client:localhost:41785|dataStream:localhost:46687|priority:0|startupRole:FOLLOWER, s0|rpc:localhost:42481|admin:localhost:44771|client:localhost:42743|dataStream:localhost:43981|priority:0|startupRole:FOLLOWER, s1|rpc:localhost:44073|admin:localhost:36871|client:localhost:39477|dataStream:localhost:35501|priority:0|startupRole:FOLLOWER, s2|rpc:localhost:38365|admin:localhost:35135|client:localhost:40537|dataStream:localhost:38285|priority:0|startupRole:FOLLOWER]|listeners:[], old=null
2022-09-14 11:47:09,985 [grpc-default-executor-2] INFO  impl.VoteContext (VoteContext.java:log(49)) - s4@group-12AB68C5691F-CANDIDATE: accept PRE_VOTE from s3: our priority 0 <= candidate's priority 0
2022-09-14 11:47:10,015 [grpc-default-executor-36] INFO  server.RaftServer$Division (RaftServerImpl.java:requestVote(1281)) - s2@group-12AB68C5691F: receive requestVote(PRE_VOTE, s3, group-12AB68C5691F, 0, (t:0, i:0))
2022-09-14 11:47:09,977 [grpc-default-executor-28] INFO  server.RaftServer$Division (RaftServerImpl.java:requestVote(1281)) - s1@group-12AB68C5691F: receive requestVote(PRE_VOTE, s0, group-12AB68C5691F, 0, (t:0, i:0))
2022-09-14 11:47:10,015 [grpc-default-executor-28] INFO  impl.VoteContext (VoteContext.java:log(49)) - s1@group-12AB68C5691F-CANDIDATE: accept PRE_VOTE from s0: our priority 0 <= candidate's priority 0
2022-09-14 11:47:10,015 [grpc-default-executor-28] INFO  server.RaftServer$Division (RaftServerImpl.java:requestVote(1314)) - s1@group-12AB68C5691F replies to PRE_VOTE vote request: s0<-s1#0:OK-t0. Peer's state: s1@group-12AB68C5691F:t0, leader=null, voted=, raftlog=Memoized:s1@group-12AB68C5691F-SegmentedRaftLog:OPENED:c-1, conf=-1: peers:[s3|rpc:localhost:46799|admin:localhost:45171|client:localhost:46547|dataStream:localhost:40281|priority:0|startupRole:FOLLOWER, s4|rpc:localhost:39419|admin:localhost:43995|client:localhost:41785|dataStream:localhost:46687|priority:0|startupRole:FOLLOWER, s0|rpc:localhost:42481|admin:localhost:44771|client:localhost:42743|dataStream:localhost:43981|priority:0|startupRole:FOLLOWER, s1|rpc:localhost:44073|admin:localhost:36871|client:localhost:39477|dataStream:localhost:35501|priority:0|startupRole:FOLLOWER, s2|rpc:localhost:38365|admin:localhost:35135|client:localhost:40537|dataStream:localhost:38285|priority:0|startupRole:FOLLOWER]|listeners:[], old=null
2022-09-14 11:47:09,977 [grpc-default-executor-32] INFO  server.RaftServer$Division (RaftServerImpl.java:requestVote(1281)) - s0@group-12AB68C5691F: receive requestVote(PRE_VOTE, s2, group-12AB68C5691F, 0, (t:0, i:0))
2022-09-14 11:47:09,977 [grpc-default-executor-33] INFO  server.RaftServer$Division (RaftServerImpl.java:requestVote(1281)) - s0@group-12AB68C5691F: receive requestVote(PRE_VOTE, s2, group-12AB68C5691F, 0, (t:0, i:0))
2022-09-14 11:47:09,975 [grpc-default-executor-34] INFO  server.RaftServer$Division (RaftServerImpl.java:requestVote(1281)) - s4@group-12AB68C5691F: receive requestVote(PRE_VOTE, s1, group-12AB68C5691F, 0, (t:0, i:0))
2022-09-14 11:47:09,969 [grpc-default-executor-27] INFO  server.RaftServer$Division (RaftServerImpl.java:requestVote(1281)) - s4@group-12AB68C5691F: receive requestVote(PRE_VOTE, s1, group-12AB68C5691F, 0, (t:0, i:0))
2022-09-14 11:47:09,969 [grpc-default-executor-26] INFO  server.RaftServer$Division (RaftServerImpl.java:requestVote(1281)) - s1@group-12AB68C5691F: receive requestVote(PRE_VOTE, s0, group-12AB68C5691F, 0, (t:0, i:0))
2022-09-14 11:47:10,016 [grpc-default-executor-26] INFO  impl.VoteContext (VoteContext.java:log(49)) - s1@group-12AB68C5691F-CANDIDATE: accept PRE_VOTE from s0: our priority 0 <= candidate's priority 0
2022-09-14 11:47:10,016 [grpc-default-executor-26] INFO  server.RaftServer$Division (RaftServerImpl.java:requestVote(1314)) - s1@group-12AB68C5691F replies to PRE_VOTE vote request: s0<-s1#0:OK-t0. Peer's state: s1@group-12AB68C5691F:t0, leader=null, voted=, raftlog=Memoized:s1@group-12AB68C5691F-SegmentedRaftLog:OPENED:c-1, conf=-1: peers:[s3|rpc:localhost:46799|admin:localhost:45171|client:localhost:46547|dataStream:localhost:40281|priority:0|startupRole:FOLLOWER, s4|rpc:localhost:39419|admin:localhost:43995|client:localhost:41785|dataStream:localhost:46687|priority:0|startupRole:FOLLOWER, s0|rpc:localhost:42481|admin:localhost:44771|client:localhost:42743|dataStream:localhost:43981|priority:0|startupRole:FOLLOWER, s1|rpc:localhost:44073|admin:localhost:36871|client:localhost:39477|dataStream:localhost:35501|priority:0|startupRole:FOLLOWER, s2|rpc:localhost:38365|admin:localhost:35135|client:localhost:40537|dataStream:localhost:38285|priority:0|startupRole:FOLLOWER]|listeners:[], old=null
2022-09-14 11:47:09,968 [grpc-default-executor-21] INFO  server.RaftServer$Division (RaftServerImpl.java:requestVote(1314)) - s3@group-12AB68C5691F replies to PRE_VOTE vote request: s4<-s3#0:OK-t0. Peer's state: s3@group-12AB68C5691F:t0, leader=null, voted=, raftlog=Memoized:s3@group-12AB68C5691F-SegmentedRaftLog:OPENED:c-1, conf=-1: peers:[s3|rpc:localhost:46799|admin:localhost:45171|client:localhost:46547|dataStream:localhost:40281|priority:0|startupRole:FOLLOWER, s4|rpc:localhost:39419|admin:localhost:43995|client:localhost:41785|dataStream:localhost:46687|priority:0|startupRole:FOLLOWER, s0|rpc:localhost:42481|admin:localhost:44771|client:localhost:42743|dataStream:localhost:43981|priority:0|startupRole:FOLLOWER, s1|rpc:localhost:44073|admin:localhost:36871|client:localhost:39477|dataStream:localhost:35501|priority:0|startupRole:FOLLOWER, s2|rpc:localhost:38365|admin:localhost:35135|client:localhost:40537|dataStream:localhost:38285|priority:0|startupRole:FOLLOWER]|listeners:[], old=null
2022-09-14 11:47:10,017 [grpc-default-executor-31] INFO  impl.VoteContext (VoteContext.java:log(49)) - s3@group-12AB68C5691F-CANDIDATE: accept PRE_VOTE from s4: our priority 0 <= candidate's priority 0
2022-09-14 11:47:10,017 [grpc-default-executor-31] INFO  server.RaftServer$Division (RaftServerImpl.java:requestVote(1314)) - s3@group-12AB68C5691F replies to PRE_VOTE vote request: s4<-s3#0:OK-t0. Peer's state: s3@group-12AB68C5691F:t0, leader=null, voted=, raftlog=Memoized:s3@group-12AB68C5691F-SegmentedRaftLog:OPENED:c-1, conf=-1: peers:[s3|rpc:localhost:46799|admin:localhost:45171|client:localhost:46547|dataStream:localhost:40281|priority:0|startupRole:FOLLOWER, s4|rpc:localhost:39419|admin:localhost:43995|client:localhost:41785|dataStream:localhost:46687|priority:0|startupRole:FOLLOWER, s0|rpc:localhost:42481|admin:localhost:44771|client:localhost:42743|dataStream:localhost:43981|priority:0|startupRole:FOLLOWER, s1|rpc:localhost:44073|admin:localhost:36871|client:localhost:39477|dataStream:localhost:35501|priority:0|startupRole:FOLLOWER, s2|rpc:localhost:38365|admin:localhost:35135|client:localhost:40537|dataStream:localhost:38285|priority:0|startupRole:FOLLOWER]|listeners:[], old=null
2022-09-14 11:47:10,017 [grpc-default-executor-1] INFO  impl.VoteContext (VoteContext.java:log(49)) - s3@group-12AB68C5691F-CANDIDATE: accept PRE_VOTE from s4: our priority 0 <= candidate's priority 0
2022-09-14 11:47:10,017 [grpc-default-executor-1] INFO  server.RaftServer$Division (RaftServerImpl.java:requestVote(1314)) - s3@group-12AB68C5691F replies to PRE_VOTE vote request: s4<-s3#0:OK-t0. Peer's state: s3@group-12AB68C5691F:t0, leader=null, voted=, raftlog=Memoized:s3@group-12AB68C5691F-SegmentedRaftLog:OPENED:c-1, conf=-1: peers:[s3|rpc:localhost:46799|admin:localhost:45171|client:localhost:46547|dataStream:localhost:40281|priority:0|startupRole:FOLLOWER, s4|rpc:localhost:39419|admin:localhost:43995|client:localhost:41785|dataStream:localhost:46687|priority:0|startupRole:FOLLOWER, s0|rpc:localhost:42481|admin:localhost:44771|client:localhost:42743|dataStream:localhost:43981|priority:0|startupRole:FOLLOWER, s1|rpc:localhost:44073|admin:localhost:36871|client:localhost:39477|dataStream:localhost:35501|priority:0|startupRole:FOLLOWER, s2|rpc:localhost:38365|admin:localhost:35135|client:localhost:40537|dataStream:localhost:38285|priority:0|startupRole:FOLLOWER]|listeners:[], old=null
2022-09-14 11:47:10,017 [grpc-default-executor-16] INFO  server.RaftServer$Division (RaftServerImpl.java:requestVote(1281)) - s0@group-12AB68C5691F: receive requestVote(PRE_VOTE, s3, group-12AB68C5691F, 0, (t:0, i:0))
2022-09-14 11:47:10,017 [grpc-default-executor-13] INFO  impl.VoteContext (VoteContext.java:log(49)) - s3@group-12AB68C5691F-CANDIDATE: accept PRE_VOTE from s1: our priority 0 <= candidate's priority 0
2022-09-14 11:47:10,018 [grpc-default-executor-13] INFO  server.RaftServer$Division (RaftServerImpl.java:requestVote(1314)) - s3@group-12AB68C5691F replies to PRE_VOTE vote request: s1<-s3#0:OK-t0. Peer's state: s3@group-12AB68C5691F:t0, leader=null, voted=, raftlog=Memoized:s3@group-12AB68C5691F-SegmentedRaftLog:OPENED:c-1, conf=-1: peers:[s3|rpc:localhost:46799|admin:localhost:45171|client:localhost:46547|dataStream:localhost:40281|priority:0|startupRole:FOLLOWER, s4|rpc:localhost:39419|admin:localhost:43995|client:localhost:41785|dataStream:localhost:46687|priority:0|startupRole:FOLLOWER, s0|rpc:localhost:42481|admin:localhost:44771|client:localhost:42743|dataStream:localhost:43981|priority:0|startupRole:FOLLOWER, s1|rpc:localhost:44073|admin:localhost:36871|client:localhost:39477|dataStream:localhost:35501|priority:0|startupRole:FOLLOWER, s2|rpc:localhost:38365|admin:localhost:35135|client:localhost:40537|dataStream:localhost:38285|priority:0|startupRole:FOLLOWER]|listeners:[], old=null
2022-09-14 11:47:10,018 [grpc-default-executor-20] INFO  impl.VoteContext (VoteContext.java:log(49)) - s0@group-12AB68C5691F-CANDIDATE: accept PRE_VOTE from s1: our priority 0 <= candidate's priority 0
2022-09-14 11:47:10,018 [grpc-default-executor-20] INFO  server.RaftServer$Division (RaftServerImpl.java:requestVote(1314)) - s0@group-12AB68C5691F replies to PRE_VOTE vote request: s1<-s0#0:OK-t0. Peer's state: s0@group-12AB68C5691F:t0, leader=null, voted=, raftlog=Memoized:s0@group-12AB68C5691F-SegmentedRaftLog:OPENED:c-1, conf=-1: peers:[s3|rpc:localhost:46799|admin:localhost:45171|client:localhost:46547|dataStream:localhost:40281|priority:0|startupRole:FOLLOWER, s4|rpc:localhost:39419|admin:localhost:43995|client:localhost:41785|dataStream:localhost:46687|priority:0|startupRole:FOLLOWER, s0|rpc:localhost:42481|admin:localhost:44771|client:localhost:42743|dataStream:localhost:43981|priority:0|startupRole:FOLLOWER, s1|rpc:localhost:44073|admin:localhost:36871|client:localhost:39477|dataStream:localhost:35501|priority:0|startupRole:FOLLOWER, s2|rpc:localhost:38365|admin:localhost:35135|client:localhost:40537|dataStream:localhost:38285|priority:0|startupRole:FOLLOWER]|listeners:[], old=null
2022-09-14 11:47:10,018 [grpc-default-executor-0] INFO  impl.VoteContext (VoteContext.java:log(49)) - s3@group-12AB68C5691F-CANDIDATE: accept PRE_VOTE from s1: our priority 0 <= candidate's priority 0
2022-09-14 11:47:10,019 [grpc-default-executor-0] INFO  server.RaftServer$Division (RaftServerImpl.java:requestVote(1314)) - s3@group-12AB68C5691F replies to PRE_VOTE vote request: s1<-s3#0:OK-t0. Peer's state: s3@group-12AB68C5691F:t0, leader=null, voted=, raftlog=Memoized:s3@group-12AB68C5691F-SegmentedRaftLog:OPENED:c-1, conf=-1: peers:[s3|rpc:localhost:46799|admin:localhost:45171|client:localhost:46547|dataStream:localhost:40281|priority:0|startupRole:FOLLOWER, s4|rpc:localhost:39419|admin:localhost:43995|client:localhost:41785|dataStream:localhost:46687|priority:0|startupRole:FOLLOWER, s0|rpc:localhost:42481|admin:localhost:44771|client:localhost:42743|dataStream:localhost:43981|priority:0|startupRole:FOLLOWER, s1|rpc:localhost:44073|admin:localhost:36871|client:localhost:39477|dataStream:localhost:35501|priority:0|startupRole:FOLLOWER, s2|rpc:localhost:38365|admin:localhost:35135|client:localhost:40537|dataStream:localhost:38285|priority:0|startupRole:FOLLOWER]|listeners:[], old=null
2022-09-14 11:47:10,019 [grpc-default-executor-24] INFO  impl.VoteContext (VoteContext.java:log(49)) - s0@group-12AB68C5691F-CANDIDATE: accept PRE_VOTE from s1: our priority 0 <= candidate's priority 0
2022-09-14 11:47:10,019 [grpc-default-executor-24] INFO  server.RaftServer$Division (RaftServerImpl.java:requestVote(1314)) - s0@group-12AB68C5691F replies to PRE_VOTE vote request: s1<-s0#0:OK-t0. Peer's state: s0@group-12AB68C5691F:t0, leader=null, voted=, raftlog=Memoized:s0@group-12AB68C5691F-SegmentedRaftLog:OPENED:c-1, conf=-1: peers:[s3|rpc:localhost:46799|admin:localhost:45171|client:localhost:46547|dataStream:localhost:40281|priority:0|startupRole:FOLLOWER, s4|rpc:localhost:39419|admin:localhost:43995|client:localhost:41785|dataStream:localhost:46687|priority:0|startupRole:FOLLOWER, s0|rpc:localhost:42481|admin:localhost:44771|client:localhost:42743|dataStream:localhost:43981|priority:0|startupRole:FOLLOWER, s1|rpc:localhost:44073|admin:localhost:36871|client:localhost:39477|dataStream:localhost:35501|priority:0|startupRole:FOLLOWER, s2|rpc:localhost:38365|admin:localhost:35135|client:localhost:40537|dataStream:localhost:38285|priority:0|startupRole:FOLLOWER]|listeners:[], old=null
2022-09-14 11:47:10,019 [grpc-default-executor-15] INFO  impl.VoteContext (VoteContext.java:log(49)) - s3@group-12AB68C5691F-CANDIDATE: accept PRE_VOTE from s1: our priority 0 <= candidate's priority 0
2022-09-14 11:47:10,019 [grpc-default-executor-15] INFO  server.RaftServer$Division (RaftServerImpl.java:requestVote(1314)) - s3@group-12AB68C5691F replies to PRE_VOTE vote request: s1<-s3#0:OK-t0. Peer's state: s3@group-12AB68C5691F:t0, leader=null, voted=, raftlog=Memoized:s3@group-12AB68C5691F-SegmentedRaftLog:OPENED:c-1, conf=-1: peers:[s3|rpc:localhost:46799|admin:localhost:45171|client:localhost:46547|dataStream:localhost:40281|priority:0|startupRole:FOLLOWER, s4|rpc:localhost:39419|admin:localhost:43995|client:localhost:41785|dataStream:localhost:46687|priority:0|startupRole:FOLLOWER, s0|rpc:localhost:42481|admin:localhost:44771|client:localhost:42743|dataStream:localhost:43981|priority:0|startupRole:FOLLOWER, s1|rpc:localhost:44073|admin:localhost:36871|client:localhost:39477|dataStream:localhost:35501|priority:0|startupRole:FOLLOWER, s2|rpc:localhost:38365|admin:localhost:35135|client:localhost:40537|dataStream:localhost:38285|priority:0|startupRole:FOLLOWER]|listeners:[], old=null
2022-09-14 11:47:10,020 [grpc-default-executor-22] INFO  impl.VoteContext (VoteContext.java:log(49)) - s2@group-12AB68C5691F-CANDIDATE: accept PRE_VOTE from s1: our priority 0 <= candidate's priority 0
2022-09-14 11:47:10,020 [grpc-default-executor-22] INFO  server.RaftServer$Division (RaftServerImpl.java:requestVote(1314)) - s2@group-12AB68C5691F replies to PRE_VOTE vote request: s1<-s2#0:OK-t0. Peer's state: s2@group-12AB68C5691F:t0, leader=null, voted=, raftlog=Memoized:s2@group-12AB68C5691F-SegmentedRaftLog:OPENED:c-1, conf=-1: peers:[s3|rpc:localhost:46799|admin:localhost:45171|client:localhost:46547|dataStream:localhost:40281|priority:0|startupRole:FOLLOWER, s4|rpc:localhost:39419|admin:localhost:43995|client:localhost:41785|dataStream:localhost:46687|priority:0|startupRole:FOLLOWER, s0|rpc:localhost:42481|admin:localhost:44771|client:localhost:42743|dataStream:localhost:43981|priority:0|startupRole:FOLLOWER, s1|rpc:localhost:44073|admin:localhost:36871|client:localhost:39477|dataStream:localhost:35501|priority:0|startupRole:FOLLOWER, s2|rpc:localhost:38365|admin:localhost:35135|client:localhost:40537|dataStream:localhost:38285|priority:0|startupRole:FOLLOWER]|listeners:[], old=null
2022-09-14 11:47:10,020 [grpc-default-executor-10] INFO  impl.VoteContext (VoteContext.java:log(49)) - s0@group-12AB68C5691F-CANDIDATE: accept PRE_VOTE from s1: our priority 0 <= candidate's priority 0
2022-09-14 11:47:10,020 [grpc-default-executor-10] INFO  server.RaftServer$Division (RaftServerImpl.java:requestVote(1314)) - s0@group-12AB68C5691F replies to PRE_VOTE vote request: s1<-s0#0:OK-t0. Peer's state: s0@group-12AB68C5691F:t0, leader=null, voted=, raftlog=Memoized:s0@group-12AB68C5691F-SegmentedRaftLog:OPENED:c-1, conf=-1: peers:[s3|rpc:localhost:46799|admin:localhost:45171|client:localhost:46547|dataStream:localhost:40281|priority:0|startupRole:FOLLOWER, s4|rpc:localhost:39419|admin:localhost:43995|client:localhost:41785|dataStream:localhost:46687|priority:0|startupRole:FOLLOWER, s0|rpc:localhost:42481|admin:localhost:44771|client:localhost:42743|dataStream:localhost:43981|priority:0|startupRole:FOLLOWER, s1|rpc:localhost:44073|admin:localhost:36871|client:localhost:39477|dataStream:localhost:35501|priority:0|startupRole:FOLLOWER, s2|rpc:localhost:38365|admin:localhost:35135|client:localhost:40537|dataStream:localhost:38285|priority:0|startupRole:FOLLOWER]|listeners:[], old=null
2022-09-14 11:47:10,021 [grpc-default-executor-8] INFO  impl.VoteContext (VoteContext.java:log(49)) - s3@group-12AB68C5691F-CANDIDATE: accept PRE_VOTE from s0: our priority 0 <= candidate's priority 0
2022-09-14 11:47:10,021 [grpc-default-executor-8] INFO  server.RaftServer$Division (RaftServerImpl.java:requestVote(1314)) - s3@group-12AB68C5691F replies to PRE_VOTE vote request: s0<-s3#0:OK-t0. Peer's state: s3@group-12AB68C5691F:t0, leader=null, voted=, raftlog=Memoized:s3@group-12AB68C5691F-SegmentedRaftLog:OPENED:c-1, conf=-1: peers:[s3|rpc:localhost:46799|admin:localhost:45171|client:localhost:46547|dataStream:localhost:40281|priority:0|startupRole:FOLLOWER, s4|rpc:localhost:39419|admin:localhost:43995|client:localhost:41785|dataStream:localhost:46687|priority:0|startupRole:FOLLOWER, s0|rpc:localhost:42481|admin:localhost:44771|client:localhost:42743|dataStream:localhost:43981|priority:0|startupRole:FOLLOWER, s1|rpc:localhost:44073|admin:localhost:36871|client:localhost:39477|dataStream:localhost:35501|priority:0|startupRole:FOLLOWER, s2|rpc:localhost:38365|admin:localhost:35135|client:localhost:40537|dataStream:localhost:38285|priority:0|startupRole:FOLLOWER]|listeners:[], old=null
2022-09-14 11:47:10,021 [grpc-default-executor-5] INFO  impl.VoteContext (VoteContext.java:log(49)) - s2@group-12AB68C5691F-CANDIDATE: accept PRE_VOTE from s0: our priority 0 <= candidate's priority 0
2022-09-14 11:47:10,021 [grpc-default-executor-5] INFO  server.RaftServer$Division (RaftServerImpl.java:requestVote(1314)) - s2@group-12AB68C5691F replies to PRE_VOTE vote request: s0<-s2#0:OK-t0. Peer's state: s2@group-12AB68C5691F:t0, leader=null, voted=, raftlog=Memoized:s2@group-12AB68C5691F-SegmentedRaftLog:OPENED:c-1, conf=-1: peers:[s3|rpc:localhost:46799|admin:localhost:45171|client:localhost:46547|dataStream:localhost:40281|priority:0|startupRole:FOLLOWER, s4|rpc:localhost:39419|admin:localhost:43995|client:localhost:41785|dataStream:localhost:46687|priority:0|startupRole:FOLLOWER, s0|rpc:localhost:42481|admin:localhost:44771|client:localhost:42743|dataStream:localhost:43981|priority:0|startupRole:FOLLOWER, s1|rpc:localhost:44073|admin:localhost:36871|client:localhost:39477|dataStream:localhost:35501|priority:0|startupRole:FOLLOWER, s2|rpc:localhost:38365|admin:localhost:35135|client:localhost:40537|dataStream:localhost:38285|priority:0|startupRole:FOLLOWER]|listeners:[], old=null
2022-09-14 11:47:10,022 [grpc-default-executor-7] INFO  impl.VoteContext (VoteContext.java:log(49)) - s0@group-12AB68C5691F-CANDIDATE: accept PRE_VOTE from s4: our priority 0 <= candidate's priority 0
2022-09-14 11:47:10,022 [grpc-default-executor-7] INFO  server.RaftServer$Division (RaftServerImpl.java:requestVote(1314)) - s0@group-12AB68C5691F replies to PRE_VOTE vote request: s4<-s0#0:OK-t0. Peer's state: s0@group-12AB68C5691F:t0, leader=null, voted=, raftlog=Memoized:s0@group-12AB68C5691F-SegmentedRaftLog:OPENED:c-1, conf=-1: peers:[s3|rpc:localhost:46799|admin:localhost:45171|client:localhost:46547|dataStream:localhost:40281|priority:0|startupRole:FOLLOWER, s4|rpc:localhost:39419|admin:localhost:43995|client:localhost:41785|dataStream:localhost:46687|priority:0|startupRole:FOLLOWER, s0|rpc:localhost:42481|admin:localhost:44771|client:localhost:42743|dataStream:localhost:43981|priority:0|startupRole:FOLLOWER, s1|rpc:localhost:44073|admin:localhost:36871|client:localhost:39477|dataStream:localhost:35501|priority:0|startupRole:FOLLOWER, s2|rpc:localhost:38365|admin:localhost:35135|client:localhost:40537|dataStream:localhost:38285|priority:0|startupRole:FOLLOWER]|listeners:[], old=null
2022-09-14 11:47:10,022 [grpc-default-executor-9] INFO  impl.VoteContext (VoteContext.java:log(49)) - s3@group-12AB68C5691F-CANDIDATE: accept PRE_VOTE from s0: our priority 0 <= candidate's priority 0
2022-09-14 11:47:10,022 [grpc-default-executor-9] INFO  server.RaftServer$Division (RaftServerImpl.java:requestVote(1314)) - s3@group-12AB68C5691F replies to PRE_VOTE vote request: s0<-s3#0:OK-t0. Peer's state: s3@group-12AB68C5691F:t0, leader=null, voted=, raftlog=Memoized:s3@group-12AB68C5691F-SegmentedRaftLog:OPENED:c-1, conf=-1: peers:[s3|rpc:localhost:46799|admin:localhost:45171|client:localhost:46547|dataStream:localhost:40281|priority:0|startupRole:FOLLOWER, s4|rpc:localhost:39419|admin:localhost:43995|client:localhost:41785|dataStream:localhost:46687|priority:0|startupRole:FOLLOWER, s0|rpc:localhost:42481|admin:localhost:44771|client:localhost:42743|dataStream:localhost:43981|priority:0|startupRole:FOLLOWER, s1|rpc:localhost:44073|admin:localhost:36871|client:localhost:39477|dataStream:localhost:35501|priority:0|startupRole:FOLLOWER, s2|rpc:localhost:38365|admin:localhost:35135|client:localhost:40537|dataStream:localhost:38285|priority:0|startupRole:FOLLOWER]|listeners:[], old=null
2022-09-14 11:47:10,023 [grpc-default-executor-12] INFO  impl.VoteContext (VoteContext.java:log(49)) - s2@group-12AB68C5691F-CANDIDATE: accept PRE_VOTE from s0: our priority 0 <= candidate's priority 0
2022-09-14 11:47:10,023 [grpc-default-executor-12] INFO  server.RaftServer$Division (RaftServerImpl.java:requestVote(1314)) - s2@group-12AB68C5691F replies to PRE_VOTE vote request: s0<-s2#0:OK-t0. Peer's state: s2@group-12AB68C5691F:t0, leader=null, voted=, raftlog=Memoized:s2@group-12AB68C5691F-SegmentedRaftLog:OPENED:c-1, conf=-1: peers:[s3|rpc:localhost:46799|admin:localhost:45171|client:localhost:46547|dataStream:localhost:40281|priority:0|startupRole:FOLLOWER, s4|rpc:localhost:39419|admin:localhost:43995|client:localhost:41785|dataStream:localhost:46687|priority:0|startupRole:FOLLOWER, s0|rpc:localhost:42481|admin:localhost:44771|client:localhost:42743|dataStream:localhost:43981|priority:0|startupRole:FOLLOWER, s1|rpc:localhost:44073|admin:localhost:36871|client:localhost:39477|dataStream:localhost:35501|priority:0|startupRole:FOLLOWER, s2|rpc:localhost:38365|admin:localhost:35135|client:localhost:40537|dataStream:localhost:38285|priority:0|startupRole:FOLLOWER]|listeners:[], old=null
2022-09-14 11:47:10,023 [grpc-default-executor-16] INFO  impl.VoteContext (VoteContext.java:log(49)) - s0@group-12AB68C5691F-CANDIDATE: accept PRE_VOTE from s3: our priority 0 <= candidate's priority 0
2022-09-14 11:47:10,023 [grpc-default-executor-16] INFO  server.RaftServer$Division (RaftServerImpl.java:requestVote(1314)) - s0@group-12AB68C5691F replies to PRE_VOTE vote request: s3<-s0#0:OK-t0. Peer's state: s0@group-12AB68C5691F:t0, leader=null, voted=, raftlog=Memoized:s0@group-12AB68C5691F-SegmentedRaftLog:OPENED:c-1, conf=-1: peers:[s3|rpc:localhost:46799|admin:localhost:45171|client:localhost:46547|dataStream:localhost:40281|priority:0|startupRole:FOLLOWER, s4|rpc:localhost:39419|admin:localhost:43995|client:localhost:41785|dataStream:localhost:46687|priority:0|startupRole:FOLLOWER, s0|rpc:localhost:42481|admin:localhost:44771|client:localhost:42743|dataStream:localhost:43981|priority:0|startupRole:FOLLOWER, s1|rpc:localhost:44073|admin:localhost:36871|client:localhost:39477|dataStream:localhost:35501|priority:0|startupRole:FOLLOWER, s2|rpc:localhost:38365|admin:localhost:35135|client:localhost:40537|dataStream:localhost:38285|priority:0|startupRole:FOLLOWER]|listeners:[], old=null
2022-09-14 11:47:10,023 [grpc-default-executor-17] INFO  impl.VoteContext (VoteContext.java:log(49)) - s3@group-12AB68C5691F-CANDIDATE: accept PRE_VOTE from s0: our priority 0 <= candidate's priority 0
2022-09-14 11:47:10,024 [grpc-default-executor-17] INFO  server.RaftServer$Division (RaftServerImpl.java:requestVote(1314)) - s3@group-12AB68C5691F replies to PRE_VOTE vote request: s0<-s3#0:OK-t0. Peer's state: s3@group-12AB68C5691F:t0, leader=null, voted=, raftlog=Memoized:s3@group-12AB68C5691F-SegmentedRaftLog:OPENED:c-1, conf=-1: peers:[s3|rpc:localhost:46799|admin:localhost:45171|client:localhost:46547|dataStream:localhost:40281|priority:0|startupRole:FOLLOWER, s4|rpc:localhost:39419|admin:localhost:43995|client:localhost:41785|dataStream:localhost:46687|priority:0|startupRole:FOLLOWER, s0|rpc:localhost:42481|admin:localhost:44771|client:localhost:42743|dataStream:localhost:43981|priority:0|startupRole:FOLLOWER, s1|rpc:localhost:44073|admin:localhost:36871|client:localhost:39477|dataStream:localhost:35501|priority:0|startupRole:FOLLOWER, s2|rpc:localhost:38365|admin:localhost:35135|client:localhost:40537|dataStream:localhost:38285|priority:0|startupRole:FOLLOWER]|listeners:[], old=null
2022-09-14 11:47:10,024 [grpc-default-executor-6] INFO  impl.VoteContext (VoteContext.java:log(49)) - s2@group-12AB68C5691F-CANDIDATE: accept PRE_VOTE from s0: our priority 0 <= candidate's priority 0
2022-09-14 11:47:10,024 [grpc-default-executor-6] INFO  server.RaftServer$Division (RaftServerImpl.java:requestVote(1314)) - s2@group-12AB68C5691F replies to PRE_VOTE vote request: s0<-s2#0:OK-t0. Peer's state: s2@group-12AB68C5691F:t0, leader=null, voted=, raftlog=Memoized:s2@group-12AB68C5691F-SegmentedRaftLog:OPENED:c-1, conf=-1: peers:[s3|rpc:localhost:46799|admin:localhost:45171|client:localhost:46547|dataStream:localhost:40281|priority:0|startupRole:FOLLOWER, s4|rpc:localhost:39419|admin:localhost:43995|client:localhost:41785|dataStream:localhost:46687|priority:0|startupRole:FOLLOWER, s0|rpc:localhost:42481|admin:localhost:44771|client:localhost:42743|dataStream:localhost:43981|priority:0|startupRole:FOLLOWER, s1|rpc:localhost:44073|admin:localhost:36871|client:localhost:39477|dataStream:localhost:35501|priority:0|startupRole:FOLLOWER, s2|rpc:localhost:38365|admin:localhost:35135|client:localhost:40537|dataStream:localhost:38285|priority:0|startupRole:FOLLOWER]|listeners:[], old=null
2022-09-14 11:47:10,024 [grpc-default-executor-23] INFO  impl.VoteContext (VoteContext.java:log(49)) - s2@group-12AB68C5691F-CANDIDATE: accept PRE_VOTE from s1: our priority 0 <= candidate's priority 0
2022-09-14 11:47:10,024 [grpc-default-executor-23] INFO  server.RaftServer$Division (RaftServerImpl.java:requestVote(1314)) - s2@group-12AB68C5691F replies to PRE_VOTE vote request: s1<-s2#0:OK-t0. Peer's state: s2@group-12AB68C5691F:t0, leader=null, voted=, raftlog=Memoized:s2@group-12AB68C5691F-SegmentedRaftLog:OPENED:c-1, conf=-1: peers:[s3|rpc:localhost:46799|admin:localhost:45171|client:localhost:46547|dataStream:localhost:40281|priority:0|startupRole:FOLLOWER, s4|rpc:localhost:39419|admin:localhost:43995|client:localhost:41785|dataStream:localhost:46687|priority:0|startupRole:FOLLOWER, s0|rpc:localhost:42481|admin:localhost:44771|client:localhost:42743|dataStream:localhost:43981|priority:0|startupRole:FOLLOWER, s1|rpc:localhost:44073|admin:localhost:36871|client:localhost:39477|dataStream:localhost:35501|priority:0|startupRole:FOLLOWER, s2|rpc:localhost:38365|admin:localhost:35135|client:localhost:40537|dataStream:localhost:38285|priority:0|startupRole:FOLLOWER]|listeners:[], old=null
2022-09-14 11:47:10,025 [grpc-default-executor-25] INFO  impl.VoteContext (VoteContext.java:log(49)) - s2@group-12AB68C5691F-CANDIDATE: accept PRE_VOTE from s4: our priority 0 <= candidate's priority 0
2022-09-14 11:47:10,025 [grpc-default-executor-25] INFO  server.RaftServer$Division (RaftServerImpl.java:requestVote(1314)) - s2@group-12AB68C5691F replies to PRE_VOTE vote request: s4<-s2#0:OK-t0. Peer's state: s2@group-12AB68C5691F:t0, leader=null, voted=, raftlog=Memoized:s2@group-12AB68C5691F-SegmentedRaftLog:OPENED:c-1, conf=-1: peers:[s3|rpc:localhost:46799|admin:localhost:45171|client:localhost:46547|dataStream:localhost:40281|priority:0|startupRole:FOLLOWER, s4|rpc:localhost:39419|admin:localhost:43995|client:localhost:41785|dataStream:localhost:46687|priority:0|startupRole:FOLLOWER, s0|rpc:localhost:42481|admin:localhost:44771|client:localhost:42743|dataStream:localhost:43981|priority:0|startupRole:FOLLOWER, s1|rpc:localhost:44073|admin:localhost:36871|client:localhost:39477|dataStream:localhost:35501|priority:0|startupRole:FOLLOWER, s2|rpc:localhost:38365|admin:localhost:35135|client:localhost:40537|dataStream:localhost:38285|priority:0|startupRole:FOLLOWER]|listeners:[], old=null
2022-09-14 11:47:10,025 [grpc-default-executor-36] INFO  impl.VoteContext (VoteContext.java:log(49)) - s2@group-12AB68C5691F-CANDIDATE: accept PRE_VOTE from s3: our priority 0 <= candidate's priority 0
2022-09-14 11:47:10,025 [grpc-default-executor-36] INFO  server.RaftServer$Division (RaftServerImpl.java:requestVote(1314)) - s2@group-12AB68C5691F replies to PRE_VOTE vote request: s3<-s2#0:OK-t0. Peer's state: s2@group-12AB68C5691F:t0, leader=null, voted=, raftlog=Memoized:s2@group-12AB68C5691F-SegmentedRaftLog:OPENED:c-1, conf=-1: peers:[s3|rpc:localhost:46799|admin:localhost:45171|client:localhost:46547|dataStream:localhost:40281|priority:0|startupRole:FOLLOWER, s4|rpc:localhost:39419|admin:localhost:43995|client:localhost:41785|dataStream:localhost:46687|priority:0|startupRole:FOLLOWER, s0|rpc:localhost:42481|admin:localhost:44771|client:localhost:42743|dataStream:localhost:43981|priority:0|startupRole:FOLLOWER, s1|rpc:localhost:44073|admin:localhost:36871|client:localhost:39477|dataStream:localhost:35501|priority:0|startupRole:FOLLOWER, s2|rpc:localhost:38365|admin:localhost:35135|client:localhost:40537|dataStream:localhost:38285|priority:0|startupRole:FOLLOWER]|listeners:[], old=null
2022-09-14 11:47:10,026 [grpc-default-executor-33] INFO  impl.VoteContext (VoteContext.java:log(49)) - s0@group-12AB68C5691F-CANDIDATE: accept PRE_VOTE from s2: our priority 0 <= candidate's priority 0
2022-09-14 11:47:10,026 [grpc-default-executor-33] INFO  server.RaftServer$Division (RaftServerImpl.java:requestVote(1314)) - s0@group-12AB68C5691F replies to PRE_VOTE vote request: s2<-s0#0:OK-t0. Peer's state: s0@group-12AB68C5691F:t0, leader=null, voted=, raftlog=Memoized:s0@group-12AB68C5691F-SegmentedRaftLog:OPENED:c-1, conf=-1: peers:[s3|rpc:localhost:46799|admin:localhost:45171|client:localhost:46547|dataStream:localhost:40281|priority:0|startupRole:FOLLOWER, s4|rpc:localhost:39419|admin:localhost:43995|client:localhost:41785|dataStream:localhost:46687|priority:0|startupRole:FOLLOWER, s0|rpc:localhost:42481|admin:localhost:44771|client:localhost:42743|dataStream:localhost:43981|priority:0|startupRole:FOLLOWER, s1|rpc:localhost:44073|admin:localhost:36871|client:localhost:39477|dataStream:localhost:35501|priority:0|startupRole:FOLLOWER, s2|rpc:localhost:38365|admin:localhost:35135|client:localhost:40537|dataStream:localhost:38285|priority:0|startupRole:FOLLOWER]|listeners:[], old=null
2022-09-14 11:47:10,027 [grpc-default-executor-32] INFO  impl.VoteContext (VoteContext.java:log(49)) - s0@group-12AB68C5691F-CANDIDATE: accept PRE_VOTE from s2: our priority 0 <= candidate's priority 0
2022-09-14 11:47:10,027 [grpc-default-executor-32] INFO  server.RaftServer$Division (RaftServerImpl.java:requestVote(1314)) - s0@group-12AB68C5691F replies to PRE_VOTE vote request: s2<-s0#0:OK-t0. Peer's state: s0@group-12AB68C5691F:t0, leader=null, voted=, raftlog=Memoized:s0@group-12AB68C5691F-SegmentedRaftLog:OPENED:c-1, conf=-1: peers:[s3|rpc:localhost:46799|admin:localhost:45171|client:localhost:46547|dataStream:localhost:40281|priority:0|startupRole:FOLLOWER, s4|rpc:localhost:39419|admin:localhost:43995|client:localhost:41785|dataStream:localhost:46687|priority:0|startupRole:FOLLOWER, s0|rpc:localhost:42481|admin:localhost:44771|client:localhost:42743|dataStream:localhost:43981|priority:0|startupRole:FOLLOWER, s1|rpc:localhost:44073|admin:localhost:36871|client:localhost:39477|dataStream:localhost:35501|priority:0|startupRole:FOLLOWER, s2|rpc:localhost:38365|admin:localhost:35135|client:localhost:40537|dataStream:localhost:38285|priority:0|startupRole:FOLLOWER]|listeners:[], old=null
2022-09-14 11:47:10,015 [grpc-default-executor-2] INFO  server.RaftServer$Division (RaftServerImpl.java:requestVote(1314)) - s4@group-12AB68C5691F replies to PRE_VOTE vote request: s3<-s4#0:OK-t0. Peer's state: s4@group-12AB68C5691F:t0, leader=null, voted=, raftlog=Memoized:s4@group-12AB68C5691F-SegmentedRaftLog:OPENED:c-1, conf=-1: peers:[s3|rpc:localhost:46799|admin:localhost:45171|client:localhost:46547|dataStream:localhost:40281|priority:0|startupRole:FOLLOWER, s4|rpc:localhost:39419|admin:localhost:43995|client:localhost:41785|dataStream:localhost:46687|priority:0|startupRole:FOLLOWER, s0|rpc:localhost:42481|admin:localhost:44771|client:localhost:42743|dataStream:localhost:43981|priority:0|startupRole:FOLLOWER, s1|rpc:localhost:44073|admin:localhost:36871|client:localhost:39477|dataStream:localhost:35501|priority:0|startupRole:FOLLOWER, s2|rpc:localhost:38365|admin:localhost:35135|client:localhost:40537|dataStream:localhost:38285|priority:0|startupRole:FOLLOWER]|listeners:[], old=null
2022-09-14 11:47:10,027 [grpc-default-executor-3] INFO  impl.VoteContext (VoteContext.java:log(49)) - s4@group-12AB68C5691F-CANDIDATE: accept PRE_VOTE from s3: our priority 0 <= candidate's priority 0
2022-09-14 11:47:10,027 [grpc-default-executor-3] INFO  server.RaftServer$Division (RaftServerImpl.java:requestVote(1314)) - s4@group-12AB68C5691F replies to PRE_VOTE vote request: s3<-s4#0:OK-t0. Peer's state: s4@group-12AB68C5691F:t0, leader=null, voted=, raftlog=Memoized:s4@group-12AB68C5691F-SegmentedRaftLog:OPENED:c-1, conf=-1: peers:[s3|rpc:localhost:46799|admin:localhost:45171|client:localhost:46547|dataStream:localhost:40281|priority:0|startupRole:FOLLOWER, s4|rpc:localhost:39419|admin:localhost:43995|client:localhost:41785|dataStream:localhost:46687|priority:0|startupRole:FOLLOWER, s0|rpc:localhost:42481|admin:localhost:44771|client:localhost:42743|dataStream:localhost:43981|priority:0|startupRole:FOLLOWER, s1|rpc:localhost:44073|admin:localhost:36871|client:localhost:39477|dataStream:localhost:35501|priority:0|startupRole:FOLLOWER, s2|rpc:localhost:38365|admin:localhost:35135|client:localhost:40537|dataStream:localhost:38285|priority:0|startupRole:FOLLOWER]|listeners:[], old=null
2022-09-14 11:47:10,028 [grpc-default-executor-27] INFO  impl.VoteContext (VoteContext.java:log(49)) - s4@group-12AB68C5691F-CANDIDATE: accept PRE_VOTE from s1: our priority 0 <= candidate's priority 0
2022-09-14 11:47:10,028 [grpc-default-executor-27] INFO  server.RaftServer$Division (RaftServerImpl.java:requestVote(1314)) - s4@group-12AB68C5691F replies to PRE_VOTE vote request: s1<-s4#0:OK-t0. Peer's state: s4@group-12AB68C5691F:t0, leader=null, voted=, raftlog=Memoized:s4@group-12AB68C5691F-SegmentedRaftLog:OPENED:c-1, conf=-1: peers:[s3|rpc:localhost:46799|admin:localhost:45171|client:localhost:46547|dataStream:localhost:40281|priority:0|startupRole:FOLLOWER, s4|rpc:localhost:39419|admin:localhost:43995|client:localhost:41785|dataStream:localhost:46687|priority:0|startupRole:FOLLOWER, s0|rpc:localhost:42481|admin:localhost:44771|client:localhost:42743|dataStream:localhost:43981|priority:0|startupRole:FOLLOWER, s1|rpc:localhost:44073|admin:localhost:36871|client:localhost:39477|dataStream:localhost:35501|priority:0|startupRole:FOLLOWER, s2|rpc:localhost:38365|admin:localhost:35135|client:localhost:40537|dataStream:localhost:38285|priority:0|startupRole:FOLLOWER]|listeners:[], old=null
2022-09-14 11:47:10,028 [grpc-default-executor-34] INFO  impl.VoteContext (VoteContext.java:log(49)) - s4@group-12AB68C5691F-CANDIDATE: accept PRE_VOTE from s1: our priority 0 <= candidate's priority 0
2022-09-14 11:47:10,028 [grpc-default-executor-34] INFO  server.RaftServer$Division (RaftServerImpl.java:requestVote(1314)) - s4@group-12AB68C5691F replies to PRE_VOTE vote request: s1<-s4#0:OK-t0. Peer's state: s4@group-12AB68C5691F:t0, leader=null, voted=, raftlog=Memoized:s4@group-12AB68C5691F-SegmentedRaftLog:OPENED:c-1, conf=-1: peers:[s3|rpc:localhost:46799|admin:localhost:45171|client:localhost:46547|dataStream:localhost:40281|priority:0|startupRole:FOLLOWER, s4|rpc:localhost:39419|admin:localhost:43995|client:localhost:41785|dataStream:localhost:46687|priority:0|startupRole:FOLLOWER, s0|rpc:localhost:42481|admin:localhost:44771|client:localhost:42743|dataStream:localhost:43981|priority:0|startupRole:FOLLOWER, s1|rpc:localhost:44073|admin:localhost:36871|client:localhost:39477|dataStream:localhost:35501|priority:0|startupRole:FOLLOWER, s2|rpc:localhost:38365|admin:localhost:35135|client:localhost:40537|dataStream:localhost:38285|priority:0|startupRole:FOLLOWER]|listeners:[], old=null
2022-09-14 11:47:10,007 [grpc-default-executor-46] INFO  server.RaftServer$Division (RaftServerImpl.java:requestVote(1281)) - s4@group-12AB68C5691F: receive requestVote(PRE_VOTE, s2, group-12AB68C5691F, 0, (t:0, i:0))
2022-09-14 11:47:10,005 [grpc-default-executor-45] INFO  server.RaftServer$Division (RaftServerImpl.java:requestVote(1281)) - s1@group-12AB68C5691F: receive requestVote(PRE_VOTE, s3, group-12AB68C5691F, 0, (t:0, i:0))
2022-09-14 11:47:10,005 [grpc-default-executor-44] INFO  server.RaftServer$Division (RaftServerImpl.java:requestVote(1281)) - s4@group-12AB68C5691F: receive requestVote(PRE_VOTE, s2, group-12AB68C5691F, 0, (t:0, i:0))
2022-09-14 11:47:10,004 [grpc-default-executor-43] INFO  server.RaftServer$Division (RaftServerImpl.java:requestVote(1281)) - s4@group-12AB68C5691F: receive requestVote(PRE_VOTE, s0, group-12AB68C5691F, 0, (t:0, i:0))
2022-09-14 11:47:10,004 [grpc-default-executor-42] INFO  server.RaftServer$Division (RaftServerImpl.java:requestVote(1281)) - s4@group-12AB68C5691F: receive requestVote(PRE_VOTE, s0, group-12AB68C5691F, 0, (t:0, i:0))
2022-09-14 11:47:10,003 [grpc-default-executor-41] INFO  server.RaftServer$Division (RaftServerImpl.java:requestVote(1281)) - s4@group-12AB68C5691F: receive requestVote(PRE_VOTE, s0, group-12AB68C5691F, 0, (t:0, i:0))
2022-09-14 11:47:10,003 [grpc-default-executor-40] INFO  server.RaftServer$Division (RaftServerImpl.java:requestVote(1281)) - s1@group-12AB68C5691F: receive requestVote(PRE_VOTE, s4, group-12AB68C5691F, 0, (t:0, i:0))
2022-09-14 11:47:10,002 [grpc-default-executor-39] INFO  server.RaftServer$Division (RaftServerImpl.java:requestVote(1281)) - s1@group-12AB68C5691F: receive requestVote(PRE_VOTE, s4, group-12AB68C5691F, 0, (t:0, i:0))
2022-09-14 11:47:09,998 [grpc-default-executor-38] INFO  server.RaftServer$Division (RaftServerImpl.java:requestVote(1281)) - s1@group-12AB68C5691F: receive requestVote(PRE_VOTE, s3, group-12AB68C5691F, 0, (t:0, i:0))
2022-09-14 11:47:09,998 [grpc-default-executor-37] INFO  server.RaftServer$Division (RaftServerImpl.java:requestVote(1281)) - s2@group-12AB68C5691F: receive requestVote(PRE_VOTE, s3, group-12AB68C5691F, 0, (t:0, i:0))
2022-09-14 11:47:10,041 [grpc-default-executor-44] INFO  impl.VoteContext (VoteContext.java:log(49)) - s4@group-12AB68C5691F-CANDIDATE: accept PRE_VOTE from s2: our priority 0 <= candidate's priority 0
2022-09-14 11:47:10,041 [grpc-default-executor-44] INFO  server.RaftServer$Division (RaftServerImpl.java:requestVote(1314)) - s4@group-12AB68C5691F replies to PRE_VOTE vote request: s2<-s4#0:OK-t0. Peer's state: s4@group-12AB68C5691F:t0, leader=null, voted=, raftlog=Memoized:s4@group-12AB68C5691F-SegmentedRaftLog:OPENED:c-1, conf=-1: peers:[s3|rpc:localhost:46799|admin:localhost:45171|client:localhost:46547|dataStream:localhost:40281|priority:0|startupRole:FOLLOWER, s4|rpc:localhost:39419|admin:localhost:43995|client:localhost:41785|dataStream:localhost:46687|priority:0|startupRole:FOLLOWER, s0|rpc:localhost:42481|admin:localhost:44771|client:localhost:42743|dataStream:localhost:43981|priority:0|startupRole:FOLLOWER, s1|rpc:localhost:44073|admin:localhost:36871|client:localhost:39477|dataStream:localhost:35501|priority:0|startupRole:FOLLOWER, s2|rpc:localhost:38365|admin:localhost:35135|client:localhost:40537|dataStream:localhost:38285|priority:0|startupRole:FOLLOWER]|listeners:[], old=null
2022-09-14 11:47:10,041 [s3@group-12AB68C5691F-LeaderElection1] INFO  impl.LeaderElection (LeaderElection.java:logAndReturn(89)) - s3@group-12AB68C5691F-LeaderElection1: PRE_VOTE TIMEOUT received 1 response(s) and 0 exception(s):
2022-09-14 11:47:10,041 [s3@group-12AB68C5691F-LeaderElection1] INFO  impl.LeaderElection (LeaderElection.java:logAndReturn(93)) -   Response 0: s3<-s4#0:OK-t0
2022-09-14 11:47:10,041 [s3@group-12AB68C5691F-LeaderElection1] INFO  impl.LeaderElection (LeaderElection.java:askForVotes(310)) - s3@group-12AB68C5691F-LeaderElection1 PRE_VOTE round 2: result TIMEOUT
2022-09-14 11:47:10,042 [s3@group-12AB68C5691F-LeaderElection1] INFO  impl.LeaderElection (LeaderElection.java:askForVotes(308)) - s3@group-12AB68C5691F-LeaderElection1 PRE_VOTE round 3: submit vote requests at term 0 for -1: peers:[s3|rpc:localhost:46799|admin:localhost:45171|client:localhost:46547|dataStream:localhost:40281|priority:0|startupRole:FOLLOWER, s4|rpc:localhost:39419|admin:localhost:43995|client:localhost:41785|dataStream:localhost:46687|priority:0|startupRole:FOLLOWER, s0|rpc:localhost:42481|admin:localhost:44771|client:localhost:42743|dataStream:localhost:43981|priority:0|startupRole:FOLLOWER, s1|rpc:localhost:44073|admin:localhost:36871|client:localhost:39477|dataStream:localhost:35501|priority:0|startupRole:FOLLOWER, s2|rpc:localhost:38365|admin:localhost:35135|client:localhost:40537|dataStream:localhost:38285|priority:0|startupRole:FOLLOWER]|listeners:[], old=null
2022-09-14 11:47:09,998 [grpc-default-executor-35] INFO  server.RaftServer$Division (RaftServerImpl.java:requestVote(1281)) - s4@group-12AB68C5691F: receive requestVote(PRE_VOTE, s1, group-12AB68C5691F, 0, (t:0, i:0))
2022-09-14 11:47:10,042 [grpc-default-executor-45] INFO  impl.VoteContext (VoteContext.java:log(49)) - s1@group-12AB68C5691F-CANDIDATE: accept PRE_VOTE from s3: our priority 0 <= candidate's priority 0
2022-09-14 11:47:10,042 [grpc-default-executor-45] INFO  server.RaftServer$Division (RaftServerImpl.java:requestVote(1314)) - s1@group-12AB68C5691F replies to PRE_VOTE vote request: s3<-s1#0:OK-t0. Peer's state: s1@group-12AB68C5691F:t0, leader=null, voted=, raftlog=Memoized:s1@group-12AB68C5691F-SegmentedRaftLog:OPENED:c-1, conf=-1: peers:[s3|rpc:localhost:46799|admin:localhost:45171|client:localhost:46547|dataStream:localhost:40281|priority:0|startupRole:FOLLOWER, s4|rpc:localhost:39419|admin:localhost:43995|client:localhost:41785|dataStream:localhost:46687|priority:0|startupRole:FOLLOWER, s0|rpc:localhost:42481|admin:localhost:44771|client:localhost:42743|dataStream:localhost:43981|priority:0|startupRole:FOLLOWER, s1|rpc:localhost:44073|admin:localhost:36871|client:localhost:39477|dataStream:localhost:35501|priority:0|startupRole:FOLLOWER, s2|rpc:localhost:38365|admin:localhost:35135|client:localhost:40537|dataStream:localhost:38285|priority:0|startupRole:FOLLOWER]|listeners:[], old=null
2022-09-14 11:47:09,997 [grpc-default-executor-4] INFO  server.RaftServer$Division (RaftServerImpl.java:requestVote(1281)) - s0@group-12AB68C5691F: receive requestVote(PRE_VOTE, s3, group-12AB68C5691F, 0, (t:0, i:0))
2022-09-14 11:47:09,997 [grpc-default-executor-11] INFO  server.RaftServer$Division (RaftServerImpl.java:requestVote(1281)) - s1@group-12AB68C5691F: receive requestVote(PRE_VOTE, s3, group-12AB68C5691F, 0, (t:0, i:0))
2022-09-14 11:47:10,044 [grpc-default-executor-38] INFO  impl.VoteContext (VoteContext.java:log(49)) - s1@group-12AB68C5691F-CANDIDATE: accept PRE_VOTE from s3: our priority 0 <= candidate's priority 0
2022-09-14 11:47:09,997 [grpc-default-executor-19] INFO  server.RaftServer$Division (RaftServerImpl.java:requestVote(1281)) - s0@group-12AB68C5691F: receive requestVote(PRE_VOTE, s3, group-12AB68C5691F, 0, (t:0, i:0))
2022-09-14 11:47:09,997 [grpc-default-executor-14] INFO  server.RaftServer$Division (RaftServerImpl.java:requestVote(1281)) - s2@group-12AB68C5691F: receive requestVote(PRE_VOTE, s3, group-12AB68C5691F, 0, (t:0, i:0))
2022-09-14 11:47:10,044 [grpc-default-executor-38] INFO  server.RaftServer$Division (RaftServerImpl.java:requestVote(1314)) - s1@group-12AB68C5691F replies to PRE_VOTE vote request: s3<-s1#0:OK-t0. Peer's state: s1@group-12AB68C5691F:t0, leader=null, voted=, raftlog=Memoized:s1@group-12AB68C5691F-SegmentedRaftLog:OPENED:c-1, conf=-1: peers:[s3|rpc:localhost:46799|admin:localhost:45171|client:localhost:46547|dataStream:localhost:40281|priority:0|startupRole:FOLLOWER, s4|rpc:localhost:39419|admin:localhost:43995|client:localhost:41785|dataStream:localhost:46687|priority:0|startupRole:FOLLOWER, s0|rpc:localhost:42481|admin:localhost:44771|client:localhost:42743|dataStream:localhost:43981|priority:0|startupRole:FOLLOWER, s1|rpc:localhost:44073|admin:localhost:36871|client:localhost:39477|dataStream:localhost:35501|priority:0|startupRole:FOLLOWER, s2|rpc:localhost:38365|admin:localhost:35135|client:localhost:40537|dataStream:localhost:38285|priority:0|startupRole:FOLLOWER]|listeners:[], old=null
2022-09-14 11:47:10,045 [grpc-default-executor-39] INFO  impl.VoteContext (VoteContext.java:log(49)) - s1@group-12AB68C5691F-CANDIDATE: accept PRE_VOTE from s4: our priority 0 <= candidate's priority 0
2022-09-14 11:47:10,045 [grpc-default-executor-39] INFO  server.RaftServer$Division (RaftServerImpl.java:requestVote(1314)) - s1@group-12AB68C5691F replies to PRE_VOTE vote request: s4<-s1#0:OK-t0. Peer's state: s1@group-12AB68C5691F:t0, leader=null, voted=, raftlog=Memoized:s1@group-12AB68C5691F-SegmentedRaftLog:OPENED:c-1, conf=-1: peers:[s3|rpc:localhost:46799|admin:localhost:45171|client:localhost:46547|dataStream:localhost:40281|priority:0|startupRole:FOLLOWER, s4|rpc:localhost:39419|admin:localhost:43995|client:localhost:41785|dataStream:localhost:46687|priority:0|startupRole:FOLLOWER, s0|rpc:localhost:42481|admin:localhost:44771|client:localhost:42743|dataStream:localhost:43981|priority:0|startupRole:FOLLOWER, s1|rpc:localhost:44073|admin:localhost:36871|client:localhost:39477|dataStream:localhost:35501|priority:0|startupRole:FOLLOWER, s2|rpc:localhost:38365|admin:localhost:35135|client:localhost:40537|dataStream:localhost:38285|priority:0|startupRole:FOLLOWER]|listeners:[], old=null
2022-09-14 11:47:10,045 [grpc-default-executor-40] INFO  impl.VoteContext (VoteContext.java:log(49)) - s1@group-12AB68C5691F-CANDIDATE: accept PRE_VOTE from s4: our priority 0 <= candidate's priority 0
2022-09-14 11:47:10,045 [grpc-default-executor-40] INFO  server.RaftServer$Division (RaftServerImpl.java:requestVote(1314)) - s1@group-12AB68C5691F replies to PRE_VOTE vote request: s4<-s1#0:OK-t0. Peer's state: s1@group-12AB68C5691F:t0, leader=null, voted=, raftlog=Memoized:s1@group-12AB68C5691F-SegmentedRaftLog:OPENED:c-1, conf=-1: peers:[s3|rpc:localhost:46799|admin:localhost:45171|client:localhost:46547|dataStream:localhost:40281|priority:0|startupRole:FOLLOWER, s4|rpc:localhost:39419|admin:localhost:43995|client:localhost:41785|dataStream:localhost:46687|priority:0|startupRole:FOLLOWER, s0|rpc:localhost:42481|admin:localhost:44771|client:localhost:42743|dataStream:localhost:43981|priority:0|startupRole:FOLLOWER, s1|rpc:localhost:44073|admin:localhost:36871|client:localhost:39477|dataStream:localhost:35501|priority:0|startupRole:FOLLOWER, s2|rpc:localhost:38365|admin:localhost:35135|client:localhost:40537|dataStream:localhost:38285|priority:0|startupRole:FOLLOWER]|listeners:[], old=null
2022-09-14 11:47:10,046 [grpc-default-executor-11] INFO  impl.VoteContext (VoteContext.java:log(49)) - s1@group-12AB68C5691F-CANDIDATE: accept PRE_VOTE from s3: our priority 0 <= candidate's priority 0
2022-09-14 11:47:10,046 [grpc-default-executor-11] INFO  server.RaftServer$Division (RaftServerImpl.java:requestVote(1314)) - s1@group-12AB68C5691F replies to PRE_VOTE vote request: s3<-s1#0:OK-t0. Peer's state: s1@group-12AB68C5691F:t0, leader=null, voted=, raftlog=Memoized:s1@group-12AB68C5691F-SegmentedRaftLog:OPENED:c-1, conf=-1: peers:[s3|rpc:localhost:46799|admin:localhost:45171|client:localhost:46547|dataStream:localhost:40281|priority:0|startupRole:FOLLOWER, s4|rpc:localhost:39419|admin:localhost:43995|client:localhost:41785|dataStream:localhost:46687|priority:0|startupRole:FOLLOWER, s0|rpc:localhost:42481|admin:localhost:44771|client:localhost:42743|dataStream:localhost:43981|priority:0|startupRole:FOLLOWER, s1|rpc:localhost:44073|admin:localhost:36871|client:localhost:39477|dataStream:localhost:35501|priority:0|startupRole:FOLLOWER, s2|rpc:localhost:38365|admin:localhost:35135|client:localhost:40537|dataStream:localhost:38285|priority:0|startupRole:FOLLOWER]|listeners:[], old=null
2022-09-14 11:47:10,044 [grpc-default-executor-4] INFO  impl.VoteContext (VoteContext.java:log(49)) - s0@group-12AB68C5691F-CANDIDATE: accept PRE_VOTE from s3: our priority 0 <= candidate's priority 0
2022-09-14 11:47:10,041 [grpc-default-executor-43] INFO  impl.VoteContext (VoteContext.java:log(49)) - s4@group-12AB68C5691F-CANDIDATE: accept PRE_VOTE from s0: our priority 0 <= candidate's priority 0
2022-09-14 11:47:10,046 [grpc-default-executor-43] INFO  server.RaftServer$Division (RaftServerImpl.java:requestVote(1314)) - s4@group-12AB68C5691F replies to PRE_VOTE vote request: s0<-s4#0:OK-t0. Peer's state: s4@group-12AB68C5691F:t0, leader=null, voted=, raftlog=Memoized:s4@group-12AB68C5691F-SegmentedRaftLog:OPENED:c-1, conf=-1: peers:[s3|rpc:localhost:46799|admin:localhost:45171|client:localhost:46547|dataStream:localhost:40281|priority:0|startupRole:FOLLOWER, s4|rpc:localhost:39419|admin:localhost:43995|client:localhost:41785|dataStream:localhost:46687|priority:0|startupRole:FOLLOWER, s0|rpc:localhost:42481|admin:localhost:44771|client:localhost:42743|dataStream:localhost:43981|priority:0|startupRole:FOLLOWER, s1|rpc:localhost:44073|admin:localhost:36871|client:localhost:39477|dataStream:localhost:35501|priority:0|startupRole:FOLLOWER, s2|rpc:localhost:38365|admin:localhost:35135|client:localhost:40537|dataStream:localhost:38285|priority:0|startupRole:FOLLOWER]|listeners:[], old=null
2022-09-14 11:47:10,047 [grpc-default-executor-41] INFO  impl.VoteContext (VoteContext.java:log(49)) - s4@group-12AB68C5691F-CANDIDATE: accept PRE_VOTE from s0: our priority 0 <= candidate's priority 0
2022-09-14 11:47:10,047 [grpc-default-executor-41] INFO  server.RaftServer$Division (RaftServerImpl.java:requestVote(1314)) - s4@group-12AB68C5691F replies to PRE_VOTE vote request: s0<-s4#0:OK-t0. Peer's state: s4@group-12AB68C5691F:t0, leader=null, voted=, raftlog=Memoized:s4@group-12AB68C5691F-SegmentedRaftLog:OPENED:c-1, conf=-1: peers:[s3|rpc:localhost:46799|admin:localhost:45171|client:localhost:46547|dataStream:localhost:40281|priority:0|startupRole:FOLLOWER, s4|rpc:localhost:39419|admin:localhost:43995|client:localhost:41785|dataStream:localhost:46687|priority:0|startupRole:FOLLOWER, s0|rpc:localhost:42481|admin:localhost:44771|client:localhost:42743|dataStream:localhost:43981|priority:0|startupRole:FOLLOWER, s1|rpc:localhost:44073|admin:localhost:36871|client:localhost:39477|dataStream:localhost:35501|priority:0|startupRole:FOLLOWER, s2|rpc:localhost:38365|admin:localhost:35135|client:localhost:40537|dataStream:localhost:38285|priority:0|startupRole:FOLLOWER]|listeners:[], old=null
2022-09-14 11:47:10,041 [grpc-default-executor-37] INFO  impl.VoteContext (VoteContext.java:log(49)) - s2@group-12AB68C5691F-CANDIDATE: accept PRE_VOTE from s3: our priority 0 <= candidate's priority 0
2022-09-14 11:47:10,047 [grpc-default-executor-37] INFO  server.RaftServer$Division (RaftServerImpl.java:requestVote(1314)) - s2@group-12AB68C5691F replies to PRE_VOTE vote request: s3<-s2#0:OK-t0. Peer's state: s2@group-12AB68C5691F:t0, leader=null, voted=, raftlog=Memoized:s2@group-12AB68C5691F-SegmentedRaftLog:OPENED:c-1, conf=-1: peers:[s3|rpc:localhost:46799|admin:localhost:45171|client:localhost:46547|dataStream:localhost:40281|priority:0|startupRole:FOLLOWER, s4|rpc:localhost:39419|admin:localhost:43995|client:localhost:41785|dataStream:localhost:46687|priority:0|startupRole:FOLLOWER, s0|rpc:localhost:42481|admin:localhost:44771|client:localhost:42743|dataStream:localhost:43981|priority:0|startupRole:FOLLOWER, s1|rpc:localhost:44073|admin:localhost:36871|client:localhost:39477|dataStream:localhost:35501|priority:0|startupRole:FOLLOWER, s2|rpc:localhost:38365|admin:localhost:35135|client:localhost:40537|dataStream:localhost:38285|priority:0|startupRole:FOLLOWER]|listeners:[], old=null
2022-09-14 11:47:10,047 [grpc-default-executor-42] INFO  impl.VoteContext (VoteContext.java:log(49)) - s4@group-12AB68C5691F-CANDIDATE: accept PRE_VOTE from s0: our priority 0 <= candidate's priority 0
2022-09-14 11:47:10,047 [grpc-default-executor-42] INFO  server.RaftServer$Division (RaftServerImpl.java:requestVote(1314)) - s4@group-12AB68C5691F replies to PRE_VOTE vote request: s0<-s4#0:OK-t0. Peer's state: s4@group-12AB68C5691F:t0, leader=null, voted=, raftlog=Memoized:s4@group-12AB68C5691F-SegmentedRaftLog:OPENED:c-1, conf=-1: peers:[s3|rpc:localhost:46799|admin:localhost:45171|client:localhost:46547|dataStream:localhost:40281|priority:0|startupRole:FOLLOWER, s4|rpc:localhost:39419|admin:localhost:43995|client:localhost:41785|dataStream:localhost:46687|priority:0|startupRole:FOLLOWER, s0|rpc:localhost:42481|admin:localhost:44771|client:localhost:42743|dataStream:localhost:43981|priority:0|startupRole:FOLLOWER, s1|rpc:localhost:44073|admin:localhost:36871|client:localhost:39477|dataStream:localhost:35501|priority:0|startupRole:FOLLOWER, s2|rpc:localhost:38365|admin:localhost:35135|client:localhost:40537|dataStream:localhost:38285|priority:0|startupRole:FOLLOWER]|listeners:[], old=null
2022-09-14 11:47:10,048 [grpc-default-executor-14] INFO  impl.VoteContext (VoteContext.java:log(49)) - s2@group-12AB68C5691F-CANDIDATE: accept PRE_VOTE from s3: our priority 0 <= candidate's priority 0
2022-09-14 11:47:10,048 [grpc-default-executor-14] INFO  server.RaftServer$Division (RaftServerImpl.java:requestVote(1314)) - s2@group-12AB68C5691F replies to PRE_VOTE vote request: s3<-s2#0:OK-t0. Peer's state: s2@group-12AB68C5691F:t0, leader=null, voted=, raftlog=Memoized:s2@group-12AB68C5691F-SegmentedRaftLog:OPENED:c-1, conf=-1: peers:[s3|rpc:localhost:46799|admin:localhost:45171|client:localhost:46547|dataStream:localhost:40281|priority:0|startupRole:FOLLOWER, s4|rpc:localhost:39419|admin:localhost:43995|client:localhost:41785|dataStream:localhost:46687|priority:0|startupRole:FOLLOWER, s0|rpc:localhost:42481|admin:localhost:44771|client:localhost:42743|dataStream:localhost:43981|priority:0|startupRole:FOLLOWER, s1|rpc:localhost:44073|admin:localhost:36871|client:localhost:39477|dataStream:localhost:35501|priority:0|startupRole:FOLLOWER, s2|rpc:localhost:38365|admin:localhost:35135|client:localhost:40537|dataStream:localhost:38285|priority:0|startupRole:FOLLOWER]|listeners:[], old=null
2022-09-14 11:47:10,048 [grpc-default-executor-35] INFO  impl.VoteContext (VoteContext.java:log(49)) - s4@group-12AB68C5691F-CANDIDATE: accept PRE_VOTE from s1: our priority 0 <= candidate's priority 0
2022-09-14 11:47:10,049 [grpc-default-executor-35] INFO  server.RaftServer$Division (RaftServerImpl.java:requestVote(1314)) - s4@group-12AB68C5691F replies to PRE_VOTE vote request: s1<-s4#0:OK-t0. Peer's state: s4@group-12AB68C5691F:t0, leader=null, voted=, raftlog=Memoized:s4@group-12AB68C5691F-SegmentedRaftLog:OPENED:c-1, conf=-1: peers:[s3|rpc:localhost:46799|admin:localhost:45171|client:localhost:46547|dataStream:localhost:40281|priority:0|startupRole:FOLLOWER, s4|rpc:localhost:39419|admin:localhost:43995|client:localhost:41785|dataStream:localhost:46687|priority:0|startupRole:FOLLOWER, s0|rpc:localhost:42481|admin:localhost:44771|client:localhost:42743|dataStream:localhost:43981|priority:0|startupRole:FOLLOWER, s1|rpc:localhost:44073|admin:localhost:36871|client:localhost:39477|dataStream:localhost:35501|priority:0|startupRole:FOLLOWER, s2|rpc:localhost:38365|admin:localhost:35135|client:localhost:40537|dataStream:localhost:38285|priority:0|startupRole:FOLLOWER]|listeners:[], old=null
2022-09-14 11:47:10,046 [grpc-default-executor-4] INFO  server.RaftServer$Division (RaftServerImpl.java:requestVote(1314)) - s0@group-12AB68C5691F replies to PRE_VOTE vote request: s3<-s0#0:OK-t0. Peer's state: s0@group-12AB68C5691F:t0, leader=null, voted=, raftlog=Memoized:s0@group-12AB68C5691F-SegmentedRaftLog:OPENED:c-1, conf=-1: peers:[s3|rpc:localhost:46799|admin:localhost:45171|client:localhost:46547|dataStream:localhost:40281|priority:0|startupRole:FOLLOWER, s4|rpc:localhost:39419|admin:localhost:43995|client:localhost:41785|dataStream:localhost:46687|priority:0|startupRole:FOLLOWER, s0|rpc:localhost:42481|admin:localhost:44771|client:localhost:42743|dataStream:localhost:43981|priority:0|startupRole:FOLLOWER, s1|rpc:localhost:44073|admin:localhost:36871|client:localhost:39477|dataStream:localhost:35501|priority:0|startupRole:FOLLOWER, s2|rpc:localhost:38365|admin:localhost:35135|client:localhost:40537|dataStream:localhost:38285|priority:0|startupRole:FOLLOWER]|listeners:[], old=null
2022-09-14 11:47:10,049 [grpc-default-executor-19] INFO  impl.VoteContext (VoteContext.java:log(49)) - s0@group-12AB68C5691F-CANDIDATE: accept PRE_VOTE from s3: our priority 0 <= candidate's priority 0
2022-09-14 11:47:10,049 [grpc-default-executor-46] INFO  impl.VoteContext (VoteContext.java:log(49)) - s4@group-12AB68C5691F-CANDIDATE: accept PRE_VOTE from s2: our priority 0 <= candidate's priority 0
2022-09-14 11:47:10,049 [grpc-default-executor-19] INFO  server.RaftServer$Division (RaftServerImpl.java:requestVote(1314)) - s0@group-12AB68C5691F replies to PRE_VOTE vote request: s3<-s0#0:OK-t0. Peer's state: s0@group-12AB68C5691F:t0, leader=null, voted=, raftlog=Memoized:s0@group-12AB68C5691F-SegmentedRaftLog:OPENED:c-1, conf=-1: peers:[s3|rpc:localhost:46799|admin:localhost:45171|client:localhost:46547|dataStream:localhost:40281|priority:0|startupRole:FOLLOWER, s4|rpc:localhost:39419|admin:localhost:43995|client:localhost:41785|dataStream:localhost:46687|priority:0|startupRole:FOLLOWER, s0|rpc:localhost:42481|admin:localhost:44771|client:localhost:42743|dataStream:localhost:43981|priority:0|startupRole:FOLLOWER, s1|rpc:localhost:44073|admin:localhost:36871|client:localhost:39477|dataStream:localhost:35501|priority:0|startupRole:FOLLOWER, s2|rpc:localhost:38365|admin:localhost:35135|client:localhost:40537|dataStream:localhost:38285|priority:0|startupRole:FOLLOWER]|listeners:[], old=null
2022-09-14 11:47:10,049 [grpc-default-executor-46] INFO  server.RaftServer$Division (RaftServerImpl.java:requestVote(1314)) - s4@group-12AB68C5691F replies to PRE_VOTE vote request: s2<-s4#0:OK-t0. Peer's state: s4@group-12AB68C5691F:t0, leader=null, voted=, raftlog=Memoized:s4@group-12AB68C5691F-SegmentedRaftLog:OPENED:c-1, conf=-1: peers:[s3|rpc:localhost:46799|admin:localhost:45171|client:localhost:46547|dataStream:localhost:40281|priority:0|startupRole:FOLLOWER, s4|rpc:localhost:39419|admin:localhost:43995|client:localhost:41785|dataStream:localhost:46687|priority:0|startupRole:FOLLOWER, s0|rpc:localhost:42481|admin:localhost:44771|client:localhost:42743|dataStream:localhost:43981|priority:0|startupRole:FOLLOWER, s1|rpc:localhost:44073|admin:localhost:36871|client:localhost:39477|dataStream:localhost:35501|priority:0|startupRole:FOLLOWER, s2|rpc:localhost:38365|admin:localhost:35135|client:localhost:40537|dataStream:localhost:38285|priority:0|startupRole:FOLLOWER]|listeners:[], old=null
2022-09-14 11:47:10,051 [s2@group-12AB68C5691F-LeaderElection3] INFO  impl.LeaderElection (LeaderElection.java:logAndReturn(89)) - s2@group-12AB68C5691F-LeaderElection3: PRE_VOTE TIMEOUT received 1 response(s) and 0 exception(s):
2022-09-14 11:47:10,051 [s2@group-12AB68C5691F-LeaderElection3] INFO  impl.LeaderElection (LeaderElection.java:logAndReturn(93)) -   Response 0: s2<-s1#0:OK-t0
2022-09-14 11:47:10,051 [s2@group-12AB68C5691F-LeaderElection3] INFO  impl.LeaderElection (LeaderElection.java:askForVotes(310)) - s2@group-12AB68C5691F-LeaderElection3 PRE_VOTE round 2: result TIMEOUT
2022-09-14 11:47:10,051 [s2@group-12AB68C5691F-LeaderElection3] INFO  impl.LeaderElection (LeaderElection.java:askForVotes(308)) - s2@group-12AB68C5691F-LeaderElection3 PRE_VOTE round 3: submit vote requests at term 0 for -1: peers:[s3|rpc:localhost:46799|admin:localhost:45171|client:localhost:46547|dataStream:localhost:40281|priority:0|startupRole:FOLLOWER, s4|rpc:localhost:39419|admin:localhost:43995|client:localhost:41785|dataStream:localhost:46687|priority:0|startupRole:FOLLOWER, s0|rpc:localhost:42481|admin:localhost:44771|client:localhost:42743|dataStream:localhost:43981|priority:0|startupRole:FOLLOWER, s1|rpc:localhost:44073|admin:localhost:36871|client:localhost:39477|dataStream:localhost:35501|priority:0|startupRole:FOLLOWER, s2|rpc:localhost:38365|admin:localhost:35135|client:localhost:40537|dataStream:localhost:38285|priority:0|startupRole:FOLLOWER]|listeners:[], old=null
2022-09-14 11:47:10,054 [s3@group-12AB68C5691F-LeaderElection1] INFO  server.RaftServerConfigKeys (ConfUtils.java:logFallback(53)) - raft.server.rpc.first-election.timeout.min = 150ms (fallback to raft.server.rpc.timeout.min)
2022-09-14 11:47:10,054 [s3@group-12AB68C5691F-LeaderElection1] INFO  server.RaftServerConfigKeys (ConfUtils.java:logFallback(53)) - raft.server.rpc.first-election.timeout.max = 300ms (fallback to raft.server.rpc.timeout.max)
2022-09-14 11:47:10,066 [grpc-default-executor-47] INFO  server.RaftServer$Division (RaftServerImpl.java:requestVote(1281)) - s3@group-12AB68C5691F: receive requestVote(PRE_VOTE, s2, group-12AB68C5691F, 0, (t:0, i:0))
2022-09-14 11:47:10,066 [grpc-default-executor-47] INFO  impl.VoteContext (VoteContext.java:log(49)) - s3@group-12AB68C5691F-CANDIDATE: accept PRE_VOTE from s2: our priority 0 <= candidate's priority 0
2022-09-14 11:47:10,067 [grpc-default-executor-47] INFO  server.RaftServer$Division (RaftServerImpl.java:requestVote(1314)) - s3@group-12AB68C5691F replies to PRE_VOTE vote request: s2<-s3#0:OK-t0. Peer's state: s3@group-12AB68C5691F:t0, leader=null, voted=, raftlog=Memoized:s3@group-12AB68C5691F-SegmentedRaftLog:OPENED:c-1, conf=-1: peers:[s3|rpc:localhost:46799|admin:localhost:45171|client:localhost:46547|dataStream:localhost:40281|priority:0|startupRole:FOLLOWER, s4|rpc:localhost:39419|admin:localhost:43995|client:localhost:41785|dataStream:localhost:46687|priority:0|startupRole:FOLLOWER, s0|rpc:localhost:42481|admin:localhost:44771|client:localhost:42743|dataStream:localhost:43981|priority:0|startupRole:FOLLOWER, s1|rpc:localhost:44073|admin:localhost:36871|client:localhost:39477|dataStream:localhost:35501|priority:0|startupRole:FOLLOWER, s2|rpc:localhost:38365|admin:localhost:35135|client:localhost:40537|dataStream:localhost:38285|priority:0|startupRole:FOLLOWER]|listeners:[], old=null
2022-09-14 11:47:10,066 [grpc-default-executor-46] INFO  server.RaftServer$Division (RaftServerImpl.java:requestVote(1281)) - s3@group-12AB68C5691F: receive requestVote(PRE_VOTE, s2, group-12AB68C5691F, 0, (t:0, i:0))
2022-09-14 11:47:10,067 [grpc-default-executor-46] INFO  impl.VoteContext (VoteContext.java:log(49)) - s3@group-12AB68C5691F-CANDIDATE: accept PRE_VOTE from s2: our priority 0 <= candidate's priority 0
2022-09-14 11:47:10,067 [grpc-default-executor-46] INFO  server.RaftServer$Division (RaftServerImpl.java:requestVote(1314)) - s3@group-12AB68C5691F replies to PRE_VOTE vote request: s2<-s3#0:OK-t0. Peer's state: s3@group-12AB68C5691F:t0, leader=null, voted=, raftlog=Memoized:s3@group-12AB68C5691F-SegmentedRaftLog:OPENED:c-1, conf=-1: peers:[s3|rpc:localhost:46799|admin:localhost:45171|client:localhost:46547|dataStream:localhost:40281|priority:0|startupRole:FOLLOWER, s4|rpc:localhost:39419|admin:localhost:43995|client:localhost:41785|dataStream:localhost:46687|priority:0|startupRole:FOLLOWER, s0|rpc:localhost:42481|admin:localhost:44771|client:localhost:42743|dataStream:localhost:43981|priority:0|startupRole:FOLLOWER, s1|rpc:localhost:44073|admin:localhost:36871|client:localhost:39477|dataStream:localhost:35501|priority:0|startupRole:FOLLOWER, s2|rpc:localhost:38365|admin:localhost:35135|client:localhost:40537|dataStream:localhost:38285|priority:0|startupRole:FOLLOWER]|listeners:[], old=null
2022-09-14 11:47:10,069 [grpc-default-executor-46] INFO  server.RaftServer$Division (RaftServerImpl.java:requestVote(1281)) - s1@group-12AB68C5691F: receive requestVote(PRE_VOTE, s4, group-12AB68C5691F, 0, (t:0, i:0))
2022-09-14 11:47:10,069 [grpc-default-executor-46] INFO  impl.VoteContext (VoteContext.java:log(49)) - s1@group-12AB68C5691F-CANDIDATE: accept PRE_VOTE from s4: our priority 0 <= candidate's priority 0
2022-09-14 11:47:10,069 [grpc-default-executor-46] INFO  server.RaftServer$Division (RaftServerImpl.java:requestVote(1314)) - s1@group-12AB68C5691F replies to PRE_VOTE vote request: s4<-s1#0:OK-t0. Peer's state: s1@group-12AB68C5691F:t0, leader=null, voted=, raftlog=Memoized:s1@group-12AB68C5691F-SegmentedRaftLog:OPENED:c-1, conf=-1: peers:[s3|rpc:localhost:46799|admin:localhost:45171|client:localhost:46547|dataStream:localhost:40281|priority:0|startupRole:FOLLOWER, s4|rpc:localhost:39419|admin:localhost:43995|client:localhost:41785|dataStream:localhost:46687|priority:0|startupRole:FOLLOWER, s0|rpc:localhost:42481|admin:localhost:44771|client:localhost:42743|dataStream:localhost:43981|priority:0|startupRole:FOLLOWER, s1|rpc:localhost:44073|admin:localhost:36871|client:localhost:39477|dataStream:localhost:35501|priority:0|startupRole:FOLLOWER, s2|rpc:localhost:38365|admin:localhost:35135|client:localhost:40537|dataStream:localhost:38285|priority:0|startupRole:FOLLOWER]|listeners:[], old=null
2022-09-14 11:47:10,070 [grpc-default-executor-47] INFO  server.RaftServer$Division (RaftServerImpl.java:requestVote(1281)) - s4@group-12AB68C5691F: receive requestVote(PRE_VOTE, s2, group-12AB68C5691F, 0, (t:0, i:0))
2022-09-14 11:47:10,070 [grpc-default-executor-47] INFO  impl.VoteContext (VoteContext.java:log(49)) - s4@group-12AB68C5691F-CANDIDATE: accept PRE_VOTE from s2: our priority 0 <= candidate's priority 0
2022-09-14 11:47:10,070 [grpc-default-executor-47] INFO  server.RaftServer$Division (RaftServerImpl.java:requestVote(1314)) - s4@group-12AB68C5691F replies to PRE_VOTE vote request: s2<-s4#0:OK-t0. Peer's state: s4@group-12AB68C5691F:t0, leader=null, voted=, raftlog=Memoized:s4@group-12AB68C5691F-SegmentedRaftLog:OPENED:c-1, conf=-1: peers:[s3|rpc:localhost:46799|admin:localhost:45171|client:localhost:46547|dataStream:localhost:40281|priority:0|startupRole:FOLLOWER, s4|rpc:localhost:39419|admin:localhost:43995|client:localhost:41785|dataStream:localhost:46687|priority:0|startupRole:FOLLOWER, s0|rpc:localhost:42481|admin:localhost:44771|client:localhost:42743|dataStream:localhost:43981|priority:0|startupRole:FOLLOWER, s1|rpc:localhost:44073|admin:localhost:36871|client:localhost:39477|dataStream:localhost:35501|priority:0|startupRole:FOLLOWER, s2|rpc:localhost:38365|admin:localhost:35135|client:localhost:40537|dataStream:localhost:38285|priority:0|startupRole:FOLLOWER]|listeners:[], old=null
2022-09-14 11:47:10,074 [grpc-default-executor-47] INFO  server.RaftServer$Division (RaftServerImpl.java:requestVote(1281)) - s0@group-12AB68C5691F: receive requestVote(PRE_VOTE, s2, group-12AB68C5691F, 0, (t:0, i:0))
2022-09-14 11:47:10,074 [grpc-default-executor-47] INFO  impl.VoteContext (VoteContext.java:log(49)) - s0@group-12AB68C5691F-CANDIDATE: accept PRE_VOTE from s2: our priority 0 <= candidate's priority 0
2022-09-14 11:47:10,074 [grpc-default-executor-47] INFO  server.RaftServer$Division (RaftServerImpl.java:requestVote(1314)) - s0@group-12AB68C5691F replies to PRE_VOTE vote request: s2<-s0#0:OK-t0. Peer's state: s0@group-12AB68C5691F:t0, leader=null, voted=, raftlog=Memoized:s0@group-12AB68C5691F-SegmentedRaftLog:OPENED:c-1, conf=-1: peers:[s3|rpc:localhost:46799|admin:localhost:45171|client:localhost:46547|dataStream:localhost:40281|priority:0|startupRole:FOLLOWER, s4|rpc:localhost:39419|admin:localhost:43995|client:localhost:41785|dataStream:localhost:46687|priority:0|startupRole:FOLLOWER, s0|rpc:localhost:42481|admin:localhost:44771|client:localhost:42743|dataStream:localhost:43981|priority:0|startupRole:FOLLOWER, s1|rpc:localhost:44073|admin:localhost:36871|client:localhost:39477|dataStream:localhost:35501|priority:0|startupRole:FOLLOWER, s2|rpc:localhost:38365|admin:localhost:35135|client:localhost:40537|dataStream:localhost:38285|priority:0|startupRole:FOLLOWER]|listeners:[], old=null
2022-09-14 11:47:10,077 [grpc-default-executor-46] INFO  server.RaftServer$Division (RaftServerImpl.java:requestVote(1281)) - s3@group-12AB68C5691F: receive requestVote(PRE_VOTE, s2, group-12AB68C5691F, 0, (t:0, i:0))
2022-09-14 11:47:10,077 [grpc-default-executor-46] INFO  impl.VoteContext (VoteContext.java:log(49)) - s3@group-12AB68C5691F-CANDIDATE: accept PRE_VOTE from s2: our priority 0 <= candidate's priority 0
2022-09-14 11:47:10,077 [grpc-default-executor-46] INFO  server.RaftServer$Division (RaftServerImpl.java:requestVote(1314)) - s3@group-12AB68C5691F replies to PRE_VOTE vote request: s2<-s3#0:OK-t0. Peer's state: s3@group-12AB68C5691F:t0, leader=null, voted=, raftlog=Memoized:s3@group-12AB68C5691F-SegmentedRaftLog:OPENED:c-1, conf=-1: peers:[s3|rpc:localhost:46799|admin:localhost:45171|client:localhost:46547|dataStream:localhost:40281|priority:0|startupRole:FOLLOWER, s4|rpc:localhost:39419|admin:localhost:43995|client:localhost:41785|dataStream:localhost:46687|priority:0|startupRole:FOLLOWER, s0|rpc:localhost:42481|admin:localhost:44771|client:localhost:42743|dataStream:localhost:43981|priority:0|startupRole:FOLLOWER, s1|rpc:localhost:44073|admin:localhost:36871|client:localhost:39477|dataStream:localhost:35501|priority:0|startupRole:FOLLOWER, s2|rpc:localhost:38365|admin:localhost:35135|client:localhost:40537|dataStream:localhost:38285|priority:0|startupRole:FOLLOWER]|listeners:[], old=null
2022-09-14 11:47:10,078 [s2@group-12AB68C5691F-LeaderElection3] INFO  server.RaftServerConfigKeys (ConfUtils.java:logFallback(53)) - raft.server.rpc.first-election.timeout.min = 150ms (fallback to raft.server.rpc.timeout.min)
2022-09-14 11:47:10,078 [s2@group-12AB68C5691F-LeaderElection3] INFO  server.RaftServerConfigKeys (ConfUtils.java:logFallback(53)) - raft.server.rpc.first-election.timeout.max = 300ms (fallback to raft.server.rpc.timeout.max)
2022-09-14 11:47:10,099 [s4@group-12AB68C5691F-LeaderElection4] INFO  impl.LeaderElection (LeaderElection.java:logAndReturn(89)) - s4@group-12AB68C5691F-LeaderElection4: PRE_VOTE PASSED received 2 response(s) and 0 exception(s):
2022-09-14 11:47:10,099 [s4@group-12AB68C5691F-LeaderElection4] INFO  impl.LeaderElection (LeaderElection.java:logAndReturn(93)) -   Response 0: s4<-s0#0:OK-t0
2022-09-14 11:47:10,099 [s4@group-12AB68C5691F-LeaderElection4] INFO  impl.LeaderElection (LeaderElection.java:logAndReturn(93)) -   Response 1: s4<-s2#0:OK-t0
2022-09-14 11:47:10,099 [s4@group-12AB68C5691F-LeaderElection4] INFO  impl.LeaderElection (LeaderElection.java:askForVotes(310)) - s4@group-12AB68C5691F-LeaderElection4 PRE_VOTE round 2: result PASSED
2022-09-14 11:47:10,101 [s4@group-12AB68C5691F-LeaderElection4] INFO  impl.LeaderElection (LeaderElection.java:askForVotes(308)) - s4@group-12AB68C5691F-LeaderElection4 ELECTION round 0: submit vote requests at term 1 for -1: peers:[s3|rpc:localhost:46799|admin:localhost:45171|client:localhost:46547|dataStream:localhost:40281|priority:0|startupRole:FOLLOWER, s4|rpc:localhost:39419|admin:localhost:43995|client:localhost:41785|dataStream:localhost:46687|priority:0|startupRole:FOLLOWER, s0|rpc:localhost:42481|admin:localhost:44771|client:localhost:42743|dataStream:localhost:43981|priority:0|startupRole:FOLLOWER, s1|rpc:localhost:44073|admin:localhost:36871|client:localhost:39477|dataStream:localhost:35501|priority:0|startupRole:FOLLOWER, s2|rpc:localhost:38365|admin:localhost:35135|client:localhost:40537|dataStream:localhost:38285|priority:0|startupRole:FOLLOWER]|listeners:[], old=null
2022-09-14 11:47:10,102 [Time-limited test] WARN  ratis.RaftTestUtil (JavaUtils.java:attempt(217)) - FAILED "waitForLeader-null-(expectLeader? true)", attempt #3/100: java.lang.IllegalStateException: No leader yet : printing ALL groups
  s3:  RUNNING CANDIDATE s3@group-12AB68C5691F:t0, leader=null, voted=, raftlog=Memoized:s3@group-12AB68C5691F-SegmentedRaftLog:OPENED:c-1, conf=-1: peers:[s3|rpc:localhost:46799|admin:localhost:45171|client:localhost:46547|dataStream:localhost:40281|priority:0|startupRole:FOLLOWER, s4|rpc:localhost:39419|admin:localhost:43995|client:localhost:41785|dataStream:localhost:46687|priority:0|startupRole:FOLLOWER, s0|rpc:localhost:42481|admin:localhost:44771|client:localhost:42743|dataStream:localhost:43981|priority:0|startupRole:FOLLOWER, s1|rpc:localhost:44073|admin:localhost:36871|client:localhost:39477|dataStream:localhost:35501|priority:0|startupRole:FOLLOWER, s2|rpc:localhost:38365|admin:localhost:35135|client:localhost:40537|dataStream:localhost:38285|priority:0|startupRole:FOLLOWER]|listeners:[], old=null RUNNING
  s4:  RUNNING CANDIDATE s4@group-12AB68C5691F:t1, leader=null, voted=s4, raftlog=Memoized:s4@group-12AB68C5691F-SegmentedRaftLog:OPENED:c-1, conf=-1: peers:[s3|rpc:localhost:46799|admin:localhost:45171|client:localhost:46547|dataStream:localhost:40281|priority:0|startupRole:FOLLOWER, s4|rpc:localhost:39419|admin:localhost:43995|client:localhost:41785|dataStream:localhost:46687|priority:0|startupRole:FOLLOWER, s0|rpc:localhost:42481|admin:localhost:44771|client:localhost:42743|dataStream:localhost:43981|priority:0|startupRole:FOLLOWER, s1|rpc:localhost:44073|admin:localhost:36871|client:localhost:39477|dataStream:localhost:35501|priority:0|startupRole:FOLLOWER, s2|rpc:localhost:38365|admin:localhost:35135|client:localhost:40537|dataStream:localhost:38285|priority:0|startupRole:FOLLOWER]|listeners:[], old=null RUNNING
  s0:  RUNNING CANDIDATE s0@group-12AB68C5691F:t0, leader=null, voted=, raftlog=Memoized:s0@group-12AB68C5691F-SegmentedRaftLog:OPENED:c-1, conf=-1: peers:[s3|rpc:localhost:46799|admin:localhost:45171|client:localhost:46547|dataStream:localhost:40281|priority:0|startupRole:FOLLOWER, s4|rpc:localhost:39419|admin:localhost:43995|client:localhost:41785|dataStream:localhost:46687|priority:0|startupRole:FOLLOWER, s0|rpc:localhost:42481|admin:localhost:44771|client:localhost:42743|dataStream:localhost:43981|priority:0|startupRole:FOLLOWER, s1|rpc:localhost:44073|admin:localhost:36871|client:localhost:39477|dataStream:localhost:35501|priority:0|startupRole:FOLLOWER, s2|rpc:localhost:38365|admin:localhost:35135|client:localhost:40537|dataStream:localhost:38285|priority:0|startupRole:FOLLOWER]|listeners:[], old=null RUNNING
  s1:  RUNNING CANDIDATE s1@group-12AB68C5691F:t0, leader=null, voted=, raftlog=Memoized:s1@group-12AB68C5691F-SegmentedRaftLog:OPENED:c-1, conf=-1: peers:[s3|rpc:localhost:46799|admin:localhost:45171|client:localhost:46547|dataStream:localhost:40281|priority:0|startupRole:FOLLOWER, s4|rpc:localhost:39419|admin:localhost:43995|client:localhost:41785|dataStream:localhost:46687|priority:0|startupRole:FOLLOWER, s0|rpc:localhost:42481|admin:localhost:44771|client:localhost:42743|dataStream:localhost:43981|priority:0|startupRole:FOLLOWER, s1|rpc:localhost:44073|admin:localhost:36871|client:localhost:39477|dataStream:localhost:35501|priority:0|startupRole:FOLLOWER, s2|rpc:localhost:38365|admin:localhost:35135|client:localhost:40537|dataStream:localhost:38285|priority:0|startupRole:FOLLOWER]|listeners:[], old=null RUNNING
  s2:  RUNNING CANDIDATE s2@group-12AB68C5691F:t0, leader=null, voted=, raftlog=Memoized:s2@group-12AB68C5691F-SegmentedRaftLog:OPENED:c-1, conf=-1: peers:[s3|rpc:localhost:46799|admin:localhost:45171|client:localhost:46547|dataStream:localhost:40281|priority:0|startupRole:FOLLOWER, s4|rpc:localhost:39419|admin:localhost:43995|client:localhost:41785|dataStream:localhost:46687|priority:0|startupRole:FOLLOWER, s0|rpc:localhost:42481|admin:localhost:44771|client:localhost:42743|dataStream:localhost:43981|priority:0|startupRole:FOLLOWER, s1|rpc:localhost:44073|admin:localhost:36871|client:localhost:39477|dataStream:localhost:35501|priority:0|startupRole:FOLLOWER, s2|rpc:localhost:38365|admin:localhost:35135|client:localhost:40537|dataStream:localhost:38285|priority:0|startupRole:FOLLOWER]|listeners:[], old=null RUNNING, sleep 450ms and then retry.
java.lang.IllegalStateException: No leader yet : printing ALL groups
  s3:  RUNNING CANDIDATE s3@group-12AB68C5691F:t0, leader=null, voted=, raftlog=Memoized:s3@group-12AB68C5691F-SegmentedRaftLog:OPENED:c-1, conf=-1: peers:[s3|rpc:localhost:46799|admin:localhost:45171|client:localhost:46547|dataStream:localhost:40281|priority:0|startupRole:FOLLOWER, s4|rpc:localhost:39419|admin:localhost:43995|client:localhost:41785|dataStream:localhost:46687|priority:0|startupRole:FOLLOWER, s0|rpc:localhost:42481|admin:localhost:44771|client:localhost:42743|dataStream:localhost:43981|priority:0|startupRole:FOLLOWER, s1|rpc:localhost:44073|admin:localhost:36871|client:localhost:39477|dataStream:localhost:35501|priority:0|startupRole:FOLLOWER, s2|rpc:localhost:38365|admin:localhost:35135|client:localhost:40537|dataStream:localhost:38285|priority:0|startupRole:FOLLOWER]|listeners:[], old=null RUNNING
  s4:  RUNNING CANDIDATE s4@group-12AB68C5691F:t1, leader=null, voted=s4, raftlog=Memoized:s4@group-12AB68C5691F-SegmentedRaftLog:OPENED:c-1, conf=-1: peers:[s3|rpc:localhost:46799|admin:localhost:45171|client:localhost:46547|dataStream:localhost:40281|priority:0|startupRole:FOLLOWER, s4|rpc:localhost:39419|admin:localhost:43995|client:localhost:41785|dataStream:localhost:46687|priority:0|startupRole:FOLLOWER, s0|rpc:localhost:42481|admin:localhost:44771|client:localhost:42743|dataStream:localhost:43981|priority:0|startupRole:FOLLOWER, s1|rpc:localhost:44073|admin:localhost:36871|client:localhost:39477|dataStream:localhost:35501|priority:0|startupRole:FOLLOWER, s2|rpc:localhost:38365|admin:localhost:35135|client:localhost:40537|dataStream:localhost:38285|priority:0|startupRole:FOLLOWER]|listeners:[], old=null RUNNING
  s0:  RUNNING CANDIDATE s0@group-12AB68C5691F:t0, leader=null, voted=, raftlog=Memoized:s0@group-12AB68C5691F-SegmentedRaftLog:OPENED:c-1, conf=-1: peers:[s3|rpc:localhost:46799|admin:localhost:45171|client:localhost:46547|dataStream:localhost:40281|priority:0|startupRole:FOLLOWER, s4|rpc:localhost:39419|admin:localhost:43995|client:localhost:41785|dataStream:localhost:46687|priority:0|startupRole:FOLLOWER, s0|rpc:localhost:42481|admin:localhost:44771|client:localhost:42743|dataStream:localhost:43981|priority:0|startupRole:FOLLOWER, s1|rpc:localhost:44073|admin:localhost:36871|client:localhost:39477|dataStream:localhost:35501|priority:0|startupRole:FOLLOWER, s2|rpc:localhost:38365|admin:localhost:35135|client:localhost:40537|dataStream:localhost:38285|priority:0|startupRole:FOLLOWER]|listeners:[], old=null RUNNING
  s1:  RUNNING CANDIDATE s1@group-12AB68C5691F:t0, leader=null, voted=, raftlog=Memoized:s1@group-12AB68C5691F-SegmentedRaftLog:OPENED:c-1, conf=-1: peers:[s3|rpc:localhost:46799|admin:localhost:45171|client:localhost:46547|dataStream:localhost:40281|priority:0|startupRole:FOLLOWER, s4|rpc:localhost:39419|admin:localhost:43995|client:localhost:41785|dataStream:localhost:46687|priority:0|startupRole:FOLLOWER, s0|rpc:localhost:42481|admin:localhost:44771|client:localhost:42743|dataStream:localhost:43981|priority:0|startupRole:FOLLOWER, s1|rpc:localhost:44073|admin:localhost:36871|client:localhost:39477|dataStream:localhost:35501|priority:0|startupRole:FOLLOWER, s2|rpc:localhost:38365|admin:localhost:35135|client:localhost:40537|dataStream:localhost:38285|priority:0|startupRole:FOLLOWER]|listeners:[], old=null RUNNING
  s2:  RUNNING CANDIDATE s2@group-12AB68C5691F:t0, leader=null, voted=, raftlog=Memoized:s2@group-12AB68C5691F-SegmentedRaftLog:OPENED:c-1, conf=-1: peers:[s3|rpc:localhost:46799|admin:localhost:45171|client:localhost:46547|dataStream:localhost:40281|priority:0|startupRole:FOLLOWER, s4|rpc:localhost:39419|admin:localhost:43995|client:localhost:41785|dataStream:localhost:46687|priority:0|startupRole:FOLLOWER, s0|rpc:localhost:42481|admin:localhost:44771|client:localhost:42743|dataStream:localhost:43981|priority:0|startupRole:FOLLOWER, s1|rpc:localhost:44073|admin:localhost:36871|client:localhost:39477|dataStream:localhost:35501|priority:0|startupRole:FOLLOWER, s2|rpc:localhost:38365|admin:localhost:35135|client:localhost:40537|dataStream:localhost:38285|priority:0|startupRole:FOLLOWER]|listeners:[], old=null RUNNING
	at org.apache.ratis.server.impl.MiniRaftCluster.newIllegalStateExceptionForNoLeaders(MiniRaftCluster.java:581)
	at org.apache.ratis.RaftTestUtil.lambda$waitForLeader$1(RaftTestUtil.java:104)
	at org.apache.ratis.server.impl.MiniRaftCluster.getLeader(MiniRaftCluster.java:615)
	at org.apache.ratis.server.impl.MiniRaftCluster.getLeader(MiniRaftCluster.java:608)
	at org.apache.ratis.RaftTestUtil.lambda$waitForLeader$3(RaftTestUtil.java:112)
	at org.apache.ratis.util.JavaUtils.attempt(JavaUtils.java:211)
	at org.apache.ratis.util.JavaUtils.attemptRepeatedly(JavaUtils.java:197)
	at org.apache.ratis.RaftTestUtil.waitForLeader(RaftTestUtil.java:111)
	at org.apache.ratis.RaftTestUtil.waitForLeader(RaftTestUtil.java:92)
	at org.apache.ratis.RaftTestUtil.waitForLeader(RaftTestUtil.java:87)
	at org.apache.ratis.server.impl.LeaderElectionTests.testEnforceLeader(LeaderElectionTests.java:277)
	at org.apache.ratis.grpc.TestLeaderElectionWithGrpc.testEnforceLeader(TestLeaderElectionWithGrpc.java:31)
	at java.base/jdk.internal.reflect.NativeMethodAccessorImpl.invoke0(Native Method)
	at java.base/jdk.internal.reflect.NativeMethodAccessorImpl.invoke(NativeMethodAccessorImpl.java:62)
	at java.base/jdk.internal.reflect.DelegatingMethodAccessorImpl.invoke(DelegatingMethodAccessorImpl.java:43)
	at java.base/java.lang.reflect.Method.invoke(Method.java:566)
	at org.junit.runners.model.FrameworkMethod$1.runReflectiveCall(FrameworkMethod.java:59)
	at org.junit.internal.runners.model.ReflectiveCallable.run(ReflectiveCallable.java:12)
	at org.junit.runners.model.FrameworkMethod.invokeExplosively(FrameworkMethod.java:56)
	at org.junit.internal.runners.statements.InvokeMethod.evaluate(InvokeMethod.java:17)
	at org.junit.internal.runners.statements.RunAfters.evaluate(RunAfters.java:27)
	at org.junit.internal.runners.statements.FailOnTimeout$CallableStatement.call(FailOnTimeout.java:299)
	at org.junit.internal.runners.statements.FailOnTimeout$CallableStatement.call(FailOnTimeout.java:293)
	at java.base/java.util.concurrent.FutureTask.run(FutureTask.java:264)
	at java.base/java.lang.Thread.run(Thread.java:829)
2022-09-14 11:47:10,104 [s4@group-12AB68C5691F-LeaderElection4] INFO  server.RaftServerConfigKeys (ConfUtils.java:logFallback(53)) - raft.server.rpc.first-election.timeout.min = 150ms (fallback to raft.server.rpc.timeout.min)
2022-09-14 11:47:10,104 [s4@group-12AB68C5691F-LeaderElection4] INFO  server.RaftServerConfigKeys (ConfUtils.java:logFallback(53)) - raft.server.rpc.first-election.timeout.max = 300ms (fallback to raft.server.rpc.timeout.max)
2022-09-14 11:47:10,111 [s1@group-12AB68C5691F-LeaderElection5] INFO  impl.LeaderElection (LeaderElection.java:logAndReturn(89)) - s1@group-12AB68C5691F-LeaderElection5: PRE_VOTE TIMEOUT received 1 response(s) and 0 exception(s):
2022-09-14 11:47:10,111 [s1@group-12AB68C5691F-LeaderElection5] INFO  impl.LeaderElection (LeaderElection.java:logAndReturn(93)) -   Response 0: s1<-s2#0:OK-t0
2022-09-14 11:47:10,115 [s1@group-12AB68C5691F-LeaderElection5] INFO  impl.LeaderElection (LeaderElection.java:askForVotes(310)) - s1@group-12AB68C5691F-LeaderElection5 PRE_VOTE round 2: result TIMEOUT
2022-09-14 11:47:10,116 [s1@group-12AB68C5691F-LeaderElection5] INFO  impl.LeaderElection (LeaderElection.java:askForVotes(308)) - s1@group-12AB68C5691F-LeaderElection5 PRE_VOTE round 3: submit vote requests at term 0 for -1: peers:[s3|rpc:localhost:46799|admin:localhost:45171|client:localhost:46547|dataStream:localhost:40281|priority:0|startupRole:FOLLOWER, s4|rpc:localhost:39419|admin:localhost:43995|client:localhost:41785|dataStream:localhost:46687|priority:0|startupRole:FOLLOWER, s0|rpc:localhost:42481|admin:localhost:44771|client:localhost:42743|dataStream:localhost:43981|priority:0|startupRole:FOLLOWER, s1|rpc:localhost:44073|admin:localhost:36871|client:localhost:39477|dataStream:localhost:35501|priority:0|startupRole:FOLLOWER, s2|rpc:localhost:38365|admin:localhost:35135|client:localhost:40537|dataStream:localhost:38285|priority:0|startupRole:FOLLOWER]|listeners:[], old=null
2022-09-14 11:47:10,116 [s0@group-12AB68C5691F-LeaderElection2] INFO  impl.LeaderElection (LeaderElection.java:logAndReturn(89)) - s0@group-12AB68C5691F-LeaderElection2: PRE_VOTE TIMEOUT received 1 response(s) and 0 exception(s):
2022-09-14 11:47:10,117 [s0@group-12AB68C5691F-LeaderElection2] INFO  impl.LeaderElection (LeaderElection.java:logAndReturn(93)) -   Response 0: s0<-s1#0:OK-t0
2022-09-14 11:47:10,117 [s0@group-12AB68C5691F-LeaderElection2] INFO  impl.LeaderElection (LeaderElection.java:askForVotes(310)) - s0@group-12AB68C5691F-LeaderElection2 PRE_VOTE round 2: result TIMEOUT
2022-09-14 11:47:10,117 [s0@group-12AB68C5691F-LeaderElection2] INFO  impl.LeaderElection (LeaderElection.java:askForVotes(308)) - s0@group-12AB68C5691F-LeaderElection2 PRE_VOTE round 3: submit vote requests at term 0 for -1: peers:[s3|rpc:localhost:46799|admin:localhost:45171|client:localhost:46547|dataStream:localhost:40281|priority:0|startupRole:FOLLOWER, s4|rpc:localhost:39419|admin:localhost:43995|client:localhost:41785|dataStream:localhost:46687|priority:0|startupRole:FOLLOWER, s0|rpc:localhost:42481|admin:localhost:44771|client:localhost:42743|dataStream:localhost:43981|priority:0|startupRole:FOLLOWER, s1|rpc:localhost:44073|admin:localhost:36871|client:localhost:39477|dataStream:localhost:35501|priority:0|startupRole:FOLLOWER, s2|rpc:localhost:38365|admin:localhost:35135|client:localhost:40537|dataStream:localhost:38285|priority:0|startupRole:FOLLOWER]|listeners:[], old=null
2022-09-14 11:47:10,121 [s1@group-12AB68C5691F-LeaderElection5] INFO  server.RaftServerConfigKeys (ConfUtils.java:logFallback(53)) - raft.server.rpc.first-election.timeout.min = 150ms (fallback to raft.server.rpc.timeout.min)
2022-09-14 11:47:10,121 [s1@group-12AB68C5691F-LeaderElection5] INFO  server.RaftServerConfigKeys (ConfUtils.java:logFallback(53)) - raft.server.rpc.first-election.timeout.max = 300ms (fallback to raft.server.rpc.timeout.max)
2022-09-14 11:47:10,149 [grpc-default-executor-46] INFO  server.RaftServer$Division (RaftServerImpl.java:requestVote(1281)) - s4@group-12AB68C5691F: receive requestVote(PRE_VOTE, s3, group-12AB68C5691F, 0, (t:0, i:0))
2022-09-14 11:47:10,149 [grpc-default-executor-46] INFO  impl.VoteContext (VoteContext.java:log(49)) - s4@group-12AB68C5691F-CANDIDATE: accept PRE_VOTE from s3: our priority 0 <= candidate's priority 0
2022-09-14 11:47:10,149 [grpc-default-executor-46] INFO  server.RaftServer$Division (RaftServerImpl.java:requestVote(1314)) - s4@group-12AB68C5691F replies to PRE_VOTE vote request: s3<-s4#0:OK-t1. Peer's state: s4@group-12AB68C5691F:t1, leader=null, voted=s4, raftlog=Memoized:s4@group-12AB68C5691F-SegmentedRaftLog:OPENED:c-1, conf=-1: peers:[s3|rpc:localhost:46799|admin:localhost:45171|client:localhost:46547|dataStream:localhost:40281|priority:0|startupRole:FOLLOWER, s4|rpc:localhost:39419|admin:localhost:43995|client:localhost:41785|dataStream:localhost:46687|priority:0|startupRole:FOLLOWER, s0|rpc:localhost:42481|admin:localhost:44771|client:localhost:42743|dataStream:localhost:43981|priority:0|startupRole:FOLLOWER, s1|rpc:localhost:44073|admin:localhost:36871|client:localhost:39477|dataStream:localhost:35501|priority:0|startupRole:FOLLOWER, s2|rpc:localhost:38365|admin:localhost:35135|client:localhost:40537|dataStream:localhost:38285|priority:0|startupRole:FOLLOWER]|listeners:[], old=null
2022-09-14 11:47:10,159 [s3@group-12AB68C5691F-LeaderElection1] INFO  impl.LeaderElection (LeaderElection.java:logAndReturn(89)) - s3@group-12AB68C5691F-LeaderElection1: PRE_VOTE DISCOVERED_A_NEW_TERM (term=1) received 1 response(s) and 0 exception(s):
2022-09-14 11:47:10,159 [s3@group-12AB68C5691F-LeaderElection1] INFO  impl.LeaderElection (LeaderElection.java:logAndReturn(93)) -   Response 0: s3<-s4#0:OK-t1
2022-09-14 11:47:10,159 [s3@group-12AB68C5691F-LeaderElection1] INFO  impl.LeaderElection (LeaderElection.java:askForVotes(310)) - s3@group-12AB68C5691F-LeaderElection1 PRE_VOTE round 3: result DISCOVERED_A_NEW_TERM (term=1)
2022-09-14 11:47:10,160 [s3@group-12AB68C5691F-LeaderElection1] INFO  server.RaftServer$Division (RaftServerImpl.java:setRole(317)) - s3@group-12AB68C5691F: changes role from CANDIDATE to FOLLOWER at term 1 for DISCOVERED_A_NEW_TERM (term=1)
2022-09-14 11:47:10,160 [s3@group-12AB68C5691F-LeaderElection1] INFO  impl.RoleInfo (RoleInfo.java:shutdownLeaderElection(130)) - s3: shutdown s3@group-12AB68C5691F-LeaderElection1
2022-09-14 11:47:10,160 [s3@group-12AB68C5691F-LeaderElection1] INFO  impl.RoleInfo (RoleInfo.java:updateAndGet(139)) - s3: start s3@group-12AB68C5691F-FollowerState
2022-09-14 11:47:10,161 [grpc-default-executor-46] INFO  server.RaftServer$Division (RaftServerImpl.java:requestVote(1281)) - s1@group-12AB68C5691F: receive requestVote(PRE_VOTE, s2, group-12AB68C5691F, 0, (t:0, i:0))
2022-09-14 11:47:10,161 [grpc-default-executor-46] INFO  impl.VoteContext (VoteContext.java:log(49)) - s1@group-12AB68C5691F-CANDIDATE: accept PRE_VOTE from s2: our priority 0 <= candidate's priority 0
2022-09-14 11:47:10,161 [grpc-default-executor-46] INFO  server.RaftServer$Division (RaftServerImpl.java:requestVote(1314)) - s1@group-12AB68C5691F replies to PRE_VOTE vote request: s2<-s1#0:OK-t0. Peer's state: s1@group-12AB68C5691F:t0, leader=null, voted=, raftlog=Memoized:s1@group-12AB68C5691F-SegmentedRaftLog:OPENED:c-1, conf=-1: peers:[s3|rpc:localhost:46799|admin:localhost:45171|client:localhost:46547|dataStream:localhost:40281|priority:0|startupRole:FOLLOWER, s4|rpc:localhost:39419|admin:localhost:43995|client:localhost:41785|dataStream:localhost:46687|priority:0|startupRole:FOLLOWER, s0|rpc:localhost:42481|admin:localhost:44771|client:localhost:42743|dataStream:localhost:43981|priority:0|startupRole:FOLLOWER, s1|rpc:localhost:44073|admin:localhost:36871|client:localhost:39477|dataStream:localhost:35501|priority:0|startupRole:FOLLOWER, s2|rpc:localhost:38365|admin:localhost:35135|client:localhost:40537|dataStream:localhost:38285|priority:0|startupRole:FOLLOWER]|listeners:[], old=null
2022-09-14 11:47:10,162 [grpc-default-executor-46] INFO  server.RaftServer$Division (RaftServerImpl.java:requestVote(1281)) - s0@group-12AB68C5691F: receive requestVote(ELECTION, s4, group-12AB68C5691F, 1, (t:0, i:0))
2022-09-14 11:47:10,162 [grpc-default-executor-46] INFO  impl.VoteContext (VoteContext.java:log(49)) - s0@group-12AB68C5691F-CANDIDATE: accept ELECTION from s4: our priority 0 <= candidate's priority 0
2022-09-14 11:47:10,162 [grpc-default-executor-46] INFO  server.RaftServer$Division (RaftServerImpl.java:setRole(317)) - s0@group-12AB68C5691F: changes role from CANDIDATE to FOLLOWER at term 1 for candidate:s4
2022-09-14 11:47:10,162 [grpc-default-executor-46] INFO  impl.RoleInfo (RoleInfo.java:shutdownLeaderElection(130)) - s0: shutdown s0@group-12AB68C5691F-LeaderElection2
2022-09-14 11:47:10,162 [grpc-default-executor-46] INFO  impl.RoleInfo (RoleInfo.java:updateAndGet(139)) - s0: start s0@group-12AB68C5691F-FollowerState
2022-09-14 11:47:10,163 [grpc-default-executor-4] INFO  server.RaftServer$Division (RaftServerImpl.java:requestVote(1281)) - s2@group-12AB68C5691F: receive requestVote(ELECTION, s4, group-12AB68C5691F, 1, (t:0, i:0))
2022-09-14 11:47:10,163 [grpc-default-executor-4] INFO  impl.VoteContext (VoteContext.java:log(49)) - s2@group-12AB68C5691F-CANDIDATE: accept ELECTION from s4: our priority 0 <= candidate's priority 0
2022-09-14 11:47:10,163 [grpc-default-executor-4] INFO  server.RaftServer$Division (RaftServerImpl.java:setRole(317)) - s2@group-12AB68C5691F: changes role from CANDIDATE to FOLLOWER at term 1 for candidate:s4
2022-09-14 11:47:10,163 [grpc-default-executor-4] INFO  impl.RoleInfo (RoleInfo.java:shutdownLeaderElection(130)) - s2: shutdown s2@group-12AB68C5691F-LeaderElection3
2022-09-14 11:47:10,163 [grpc-default-executor-4] INFO  impl.RoleInfo (RoleInfo.java:updateAndGet(139)) - s2: start s2@group-12AB68C5691F-FollowerState
2022-09-14 11:47:10,163 [s0@group-12AB68C5691F-LeaderElection2] INFO  server.RaftServerConfigKeys (ConfUtils.java:logFallback(53)) - raft.server.rpc.first-election.timeout.min = 150ms (fallback to raft.server.rpc.timeout.min)
2022-09-14 11:47:10,163 [s0@group-12AB68C5691F-LeaderElection2] INFO  server.RaftServerConfigKeys (ConfUtils.java:logFallback(53)) - raft.server.rpc.first-election.timeout.max = 300ms (fallback to raft.server.rpc.timeout.max)
2022-09-14 11:47:10,163 [grpc-default-executor-47] INFO  server.RaftServer$Division (RaftServerImpl.java:requestVote(1281)) - s3@group-12AB68C5691F: receive requestVote(PRE_VOTE, s1, group-12AB68C5691F, 0, (t:0, i:0))
2022-09-14 11:47:10,163 [s0@group-12AB68C5691F-LeaderElection2] INFO  impl.LeaderElection (LeaderElection.java:logAndReturn(89)) - s0@group-12AB68C5691F-LeaderElection2: PRE_VOTE REJECTED received 0 response(s) and 0 exception(s):
2022-09-14 11:47:10,164 [s0@group-12AB68C5691F-LeaderElection2] INFO  impl.LeaderElection (LeaderElection.java:askForVotes(310)) - s0@group-12AB68C5691F-LeaderElection2 PRE_VOTE round 3: result REJECTED
2022-09-14 11:47:10,167 [s2@group-12AB68C5691F-LeaderElection3] INFO  impl.LeaderElection (LeaderElection.java:logAndReturn(89)) - s2@group-12AB68C5691F-LeaderElection3: PRE_VOTE REJECTED received 1 response(s) and 0 exception(s):
2022-09-14 11:47:10,167 [s2@group-12AB68C5691F-LeaderElection3] INFO  impl.LeaderElection (LeaderElection.java:logAndReturn(93)) -   Response 0: s2<-s1#0:OK-t0
2022-09-14 11:47:10,167 [s2@group-12AB68C5691F-LeaderElection3] INFO  impl.LeaderElection (LeaderElection.java:askForVotes(310)) - s2@group-12AB68C5691F-LeaderElection3 PRE_VOTE round 3: result REJECTED
2022-09-14 11:47:10,167 [grpc-default-executor-35] INFO  server.RaftServer$Division (RaftServerImpl.java:requestVote(1281)) - s2@group-12AB68C5691F: receive requestVote(PRE_VOTE, s1, group-12AB68C5691F, 0, (t:0, i:0))
2022-09-14 11:47:10,168 [grpc-default-executor-19] INFO  server.RaftServer$Division (RaftServerImpl.java:requestVote(1281)) - s3@group-12AB68C5691F: receive requestVote(ELECTION, s4, group-12AB68C5691F, 1, (t:0, i:0))
2022-09-14 11:47:10,168 [grpc-default-executor-14] INFO  server.RaftServer$Division (RaftServerImpl.java:requestVote(1281)) - s0@group-12AB68C5691F: receive requestVote(PRE_VOTE, s1, group-12AB68C5691F, 0, (t:0, i:0))
2022-09-14 11:47:10,169 [s2@group-12AB68C5691F-FollowerState] INFO  server.RaftServerConfigKeys (ConfUtils.java:logFallback(53)) - raft.server.rpc.first-election.timeout.min = 150ms (fallback to raft.server.rpc.timeout.min)
2022-09-14 11:47:10,172 [grpc-default-executor-43] INFO  server.RaftServer$Division (RaftServerImpl.java:requestVote(1281)) - s2@group-12AB68C5691F: receive requestVote(PRE_VOTE, s0, group-12AB68C5691F, 0, (t:0, i:0))
2022-09-14 11:47:10,172 [grpc-default-executor-41] INFO  server.RaftServer$Division (RaftServerImpl.java:requestVote(1281)) - s0@group-12AB68C5691F: receive requestVote(PRE_VOTE, s2, group-12AB68C5691F, 0, (t:0, i:0))
2022-09-14 11:47:10,172 [grpc-default-executor-4] INFO  server.RaftServer$Division (RaftServerImpl.java:requestVote(1314)) - s2@group-12AB68C5691F replies to ELECTION vote request: s4<-s2#0:OK-t1. Peer's state: s2@group-12AB68C5691F:t1, leader=null, voted=s4, raftlog=Memoized:s2@group-12AB68C5691F-SegmentedRaftLog:OPENED:c-1, conf=-1: peers:[s3|rpc:localhost:46799|admin:localhost:45171|client:localhost:46547|dataStream:localhost:40281|priority:0|startupRole:FOLLOWER, s4|rpc:localhost:39419|admin:localhost:43995|client:localhost:41785|dataStream:localhost:46687|priority:0|startupRole:FOLLOWER, s0|rpc:localhost:42481|admin:localhost:44771|client:localhost:42743|dataStream:localhost:43981|priority:0|startupRole:FOLLOWER, s1|rpc:localhost:44073|admin:localhost:36871|client:localhost:39477|dataStream:localhost:35501|priority:0|startupRole:FOLLOWER, s2|rpc:localhost:38365|admin:localhost:35135|client:localhost:40537|dataStream:localhost:38285|priority:0|startupRole:FOLLOWER]|listeners:[], old=null
2022-09-14 11:47:10,170 [grpc-default-executor-37] INFO  server.RaftServer$Division (RaftServerImpl.java:requestVote(1281)) - s2@group-12AB68C5691F: receive requestVote(PRE_VOTE, s3, group-12AB68C5691F, 0, (t:0, i:0))
2022-09-14 11:47:10,170 [grpc-default-executor-42] INFO  server.RaftServer$Division (RaftServerImpl.java:requestVote(1281)) - s0@group-12AB68C5691F: receive requestVote(PRE_VOTE, s3, group-12AB68C5691F, 0, (t:0, i:0))
2022-09-14 11:47:10,177 [grpc-default-executor-11] INFO  server.RaftServer$Division (RaftServerImpl.java:requestVote(1281)) - s3@group-12AB68C5691F: receive requestVote(PRE_VOTE, s2, group-12AB68C5691F, 0, (t:0, i:0))
2022-09-14 11:47:10,177 [grpc-default-executor-39] INFO  server.RaftServer$Division (RaftServerImpl.java:requestVote(1281)) - s4@group-12AB68C5691F: receive requestVote(PRE_VOTE, s2, group-12AB68C5691F, 0, (t:0, i:0))
2022-09-14 11:47:10,178 [grpc-default-executor-39] INFO  impl.VoteContext (VoteContext.java:log(49)) - s4@group-12AB68C5691F-CANDIDATE: accept PRE_VOTE from s2: our priority 0 <= candidate's priority 0
2022-09-14 11:47:10,178 [grpc-default-executor-39] INFO  server.RaftServer$Division (RaftServerImpl.java:requestVote(1314)) - s4@group-12AB68C5691F replies to PRE_VOTE vote request: s2<-s4#0:OK-t1. Peer's state: s4@group-12AB68C5691F:t1, leader=null, voted=s4, raftlog=Memoized:s4@group-12AB68C5691F-SegmentedRaftLog:OPENED:c-1, conf=-1: peers:[s3|rpc:localhost:46799|admin:localhost:45171|client:localhost:46547|dataStream:localhost:40281|priority:0|startupRole:FOLLOWER, s4|rpc:localhost:39419|admin:localhost:43995|client:localhost:41785|dataStream:localhost:46687|priority:0|startupRole:FOLLOWER, s0|rpc:localhost:42481|admin:localhost:44771|client:localhost:42743|dataStream:localhost:43981|priority:0|startupRole:FOLLOWER, s1|rpc:localhost:44073|admin:localhost:36871|client:localhost:39477|dataStream:localhost:35501|priority:0|startupRole:FOLLOWER, s2|rpc:localhost:38365|admin:localhost:35135|client:localhost:40537|dataStream:localhost:38285|priority:0|startupRole:FOLLOWER]|listeners:[], old=null
2022-09-14 11:47:10,178 [grpc-default-executor-44] INFO  server.RaftServer$Division (RaftServerImpl.java:requestVote(1281)) - s4@group-12AB68C5691F: receive requestVote(PRE_VOTE, s0, group-12AB68C5691F, 0, (t:0, i:0))
2022-09-14 11:47:10,177 [grpc-default-executor-40] INFO  server.RaftServer$Division (RaftServerImpl.java:requestVote(1281)) - s1@group-12AB68C5691F: receive requestVote(PRE_VOTE, s3, group-12AB68C5691F, 0, (t:0, i:0))
2022-09-14 11:47:10,178 [grpc-default-executor-40] INFO  impl.VoteContext (VoteContext.java:log(49)) - s1@group-12AB68C5691F-CANDIDATE: accept PRE_VOTE from s3: our priority 0 <= candidate's priority 0
2022-09-14 11:47:10,178 [grpc-default-executor-40] INFO  server.RaftServer$Division (RaftServerImpl.java:requestVote(1314)) - s1@group-12AB68C5691F replies to PRE_VOTE vote request: s3<-s1#0:OK-t0. Peer's state: s1@group-12AB68C5691F:t0, leader=null, voted=, raftlog=Memoized:s1@group-12AB68C5691F-SegmentedRaftLog:OPENED:c-1, conf=-1: peers:[s3|rpc:localhost:46799|admin:localhost:45171|client:localhost:46547|dataStream:localhost:40281|priority:0|startupRole:FOLLOWER, s4|rpc:localhost:39419|admin:localhost:43995|client:localhost:41785|dataStream:localhost:46687|priority:0|startupRole:FOLLOWER, s0|rpc:localhost:42481|admin:localhost:44771|client:localhost:42743|dataStream:localhost:43981|priority:0|startupRole:FOLLOWER, s1|rpc:localhost:44073|admin:localhost:36871|client:localhost:39477|dataStream:localhost:35501|priority:0|startupRole:FOLLOWER, s2|rpc:localhost:38365|admin:localhost:35135|client:localhost:40537|dataStream:localhost:38285|priority:0|startupRole:FOLLOWER]|listeners:[], old=null
2022-09-14 11:47:10,178 [grpc-default-executor-45] INFO  server.RaftServer$Division (RaftServerImpl.java:requestVote(1281)) - s3@group-12AB68C5691F: receive requestVote(PRE_VOTE, s0, group-12AB68C5691F, 0, (t:0, i:0))
2022-09-14 11:47:10,179 [grpc-default-executor-38] INFO  server.RaftServer$Division (RaftServerImpl.java:requestVote(1281)) - s1@group-12AB68C5691F: receive requestVote(ELECTION, s4, group-12AB68C5691F, 1, (t:0, i:0))
2022-09-14 11:47:10,179 [grpc-default-executor-38] INFO  impl.VoteContext (VoteContext.java:log(49)) - s1@group-12AB68C5691F-CANDIDATE: accept ELECTION from s4: our priority 0 <= candidate's priority 0
2022-09-14 11:47:10,179 [grpc-default-executor-38] INFO  server.RaftServer$Division (RaftServerImpl.java:setRole(317)) - s1@group-12AB68C5691F: changes role from CANDIDATE to FOLLOWER at term 1 for candidate:s4
2022-09-14 11:47:10,179 [grpc-default-executor-38] INFO  impl.RoleInfo (RoleInfo.java:shutdownLeaderElection(130)) - s1: shutdown s1@group-12AB68C5691F-LeaderElection5
2022-09-14 11:47:10,179 [grpc-default-executor-38] INFO  impl.RoleInfo (RoleInfo.java:updateAndGet(139)) - s1: start s1@group-12AB68C5691F-FollowerState
2022-09-14 11:47:10,178 [grpc-default-executor-44] INFO  impl.VoteContext (VoteContext.java:log(49)) - s4@group-12AB68C5691F-CANDIDATE: accept PRE_VOTE from s0: our priority 0 <= candidate's priority 0
2022-09-14 11:47:10,179 [grpc-default-executor-44] INFO  server.RaftServer$Division (RaftServerImpl.java:requestVote(1314)) - s4@group-12AB68C5691F replies to PRE_VOTE vote request: s0<-s4#0:OK-t1. Peer's state: s4@group-12AB68C5691F:t1, leader=null, voted=s4, raftlog=Memoized:s4@group-12AB68C5691F-SegmentedRaftLog:OPENED:c-1, conf=-1: peers:[s3|rpc:localhost:46799|admin:localhost:45171|client:localhost:46547|dataStream:localhost:40281|priority:0|startupRole:FOLLOWER, s4|rpc:localhost:39419|admin:localhost:43995|client:localhost:41785|dataStream:localhost:46687|priority:0|startupRole:FOLLOWER, s0|rpc:localhost:42481|admin:localhost:44771|client:localhost:42743|dataStream:localhost:43981|priority:0|startupRole:FOLLOWER, s1|rpc:localhost:44073|admin:localhost:36871|client:localhost:39477|dataStream:localhost:35501|priority:0|startupRole:FOLLOWER, s2|rpc:localhost:38365|admin:localhost:35135|client:localhost:40537|dataStream:localhost:38285|priority:0|startupRole:FOLLOWER]|listeners:[], old=null
2022-09-14 11:47:10,180 [grpc-default-executor-37] INFO  impl.VoteContext (VoteContext.java:log(49)) - s2@group-12AB68C5691F-FOLLOWER: accept PRE_VOTE from s3: our priority 0 <= candidate's priority 0
2022-09-14 11:47:10,180 [grpc-default-executor-37] INFO  server.RaftServer$Division (RaftServerImpl.java:requestVote(1314)) - s2@group-12AB68C5691F replies to PRE_VOTE vote request: s3<-s2#0:OK-t1. Peer's state: s2@group-12AB68C5691F:t1, leader=null, voted=s4, raftlog=Memoized:s2@group-12AB68C5691F-SegmentedRaftLog:OPENED:c-1, conf=-1: peers:[s3|rpc:localhost:46799|admin:localhost:45171|client:localhost:46547|dataStream:localhost:40281|priority:0|startupRole:FOLLOWER, s4|rpc:localhost:39419|admin:localhost:43995|client:localhost:41785|dataStream:localhost:46687|priority:0|startupRole:FOLLOWER, s0|rpc:localhost:42481|admin:localhost:44771|client:localhost:42743|dataStream:localhost:43981|priority:0|startupRole:FOLLOWER, s1|rpc:localhost:44073|admin:localhost:36871|client:localhost:39477|dataStream:localhost:35501|priority:0|startupRole:FOLLOWER, s2|rpc:localhost:38365|admin:localhost:35135|client:localhost:40537|dataStream:localhost:38285|priority:0|startupRole:FOLLOWER]|listeners:[], old=null
2022-09-14 11:47:10,180 [grpc-default-executor-43] INFO  impl.VoteContext (VoteContext.java:log(49)) - s2@group-12AB68C5691F-FOLLOWER: accept PRE_VOTE from s0: our priority 0 <= candidate's priority 0
2022-09-14 11:47:10,180 [grpc-default-executor-43] INFO  server.RaftServer$Division (RaftServerImpl.java:requestVote(1314)) - s2@group-12AB68C5691F replies to PRE_VOTE vote request: s0<-s2#0:OK-t1. Peer's state: s2@group-12AB68C5691F:t1, leader=null, voted=s4, raftlog=Memoized:s2@group-12AB68C5691F-SegmentedRaftLog:OPENED:c-1, conf=-1: peers:[s3|rpc:localhost:46799|admin:localhost:45171|client:localhost:46547|dataStream:localhost:40281|priority:0|startupRole:FOLLOWER, s4|rpc:localhost:39419|admin:localhost:43995|client:localhost:41785|dataStream:localhost:46687|priority:0|startupRole:FOLLOWER, s0|rpc:localhost:42481|admin:localhost:44771|client:localhost:42743|dataStream:localhost:43981|priority:0|startupRole:FOLLOWER, s1|rpc:localhost:44073|admin:localhost:36871|client:localhost:39477|dataStream:localhost:35501|priority:0|startupRole:FOLLOWER, s2|rpc:localhost:38365|admin:localhost:35135|client:localhost:40537|dataStream:localhost:38285|priority:0|startupRole:FOLLOWER]|listeners:[], old=null
2022-09-14 11:47:10,180 [grpc-default-executor-35] INFO  impl.VoteContext (VoteContext.java:log(49)) - s2@group-12AB68C5691F-FOLLOWER: accept PRE_VOTE from s1: our priority 0 <= candidate's priority 0
2022-09-14 11:47:10,180 [grpc-default-executor-35] INFO  server.RaftServer$Division (RaftServerImpl.java:requestVote(1314)) - s2@group-12AB68C5691F replies to PRE_VOTE vote request: s1<-s2#0:OK-t1. Peer's state: s2@group-12AB68C5691F:t1, leader=null, voted=s4, raftlog=Memoized:s2@group-12AB68C5691F-SegmentedRaftLog:OPENED:c-1, conf=-1: peers:[s3|rpc:localhost:46799|admin:localhost:45171|client:localhost:46547|dataStream:localhost:40281|priority:0|startupRole:FOLLOWER, s4|rpc:localhost:39419|admin:localhost:43995|client:localhost:41785|dataStream:localhost:46687|priority:0|startupRole:FOLLOWER, s0|rpc:localhost:42481|admin:localhost:44771|client:localhost:42743|dataStream:localhost:43981|priority:0|startupRole:FOLLOWER, s1|rpc:localhost:44073|admin:localhost:36871|client:localhost:39477|dataStream:localhost:35501|priority:0|startupRole:FOLLOWER, s2|rpc:localhost:38365|admin:localhost:35135|client:localhost:40537|dataStream:localhost:38285|priority:0|startupRole:FOLLOWER]|listeners:[], old=null
2022-09-14 11:47:10,182 [grpc-default-executor-35] INFO  server.RaftServer$Division (RaftServerImpl.java:requestVote(1281)) - s4@group-12AB68C5691F: receive requestVote(PRE_VOTE, s1, group-12AB68C5691F, 0, (t:0, i:0))
2022-09-14 11:47:10,183 [grpc-default-executor-35] INFO  impl.VoteContext (VoteContext.java:log(49)) - s4@group-12AB68C5691F-CANDIDATE: accept PRE_VOTE from s1: our priority 0 <= candidate's priority 0
2022-09-14 11:47:10,183 [grpc-default-executor-35] INFO  server.RaftServer$Division (RaftServerImpl.java:requestVote(1314)) - s4@group-12AB68C5691F replies to PRE_VOTE vote request: s1<-s4#0:OK-t1. Peer's state: s4@group-12AB68C5691F:t1, leader=null, voted=s4, raftlog=Memoized:s4@group-12AB68C5691F-SegmentedRaftLog:OPENED:c-1, conf=-1: peers:[s3|rpc:localhost:46799|admin:localhost:45171|client:localhost:46547|dataStream:localhost:40281|priority:0|startupRole:FOLLOWER, s4|rpc:localhost:39419|admin:localhost:43995|client:localhost:41785|dataStream:localhost:46687|priority:0|startupRole:FOLLOWER, s0|rpc:localhost:42481|admin:localhost:44771|client:localhost:42743|dataStream:localhost:43981|priority:0|startupRole:FOLLOWER, s1|rpc:localhost:44073|admin:localhost:36871|client:localhost:39477|dataStream:localhost:35501|priority:0|startupRole:FOLLOWER, s2|rpc:localhost:38365|admin:localhost:35135|client:localhost:40537|dataStream:localhost:38285|priority:0|startupRole:FOLLOWER]|listeners:[], old=null
2022-09-14 11:47:10,183 [grpc-default-executor-37] INFO  server.RaftServer$Division (RaftServerImpl.java:requestVote(1281)) - s1@group-12AB68C5691F: receive requestVote(PRE_VOTE, s0, group-12AB68C5691F, 0, (t:0, i:0))
2022-09-14 11:47:10,186 [s1@group-12AB68C5691F-LeaderElection5] INFO  impl.LeaderElection (LeaderElection.java:logAndReturn(89)) - s1@group-12AB68C5691F-LeaderElection5: PRE_VOTE DISCOVERED_A_NEW_TERM (term=1) received 1 response(s) and 0 exception(s):
2022-09-14 11:47:10,186 [s1@group-12AB68C5691F-LeaderElection5] INFO  impl.LeaderElection (LeaderElection.java:logAndReturn(93)) -   Response 0: s1<-s4#0:OK-t1
2022-09-14 11:47:10,186 [s1@group-12AB68C5691F-LeaderElection5] INFO  impl.LeaderElection (LeaderElection.java:askForVotes(310)) - s1@group-12AB68C5691F-LeaderElection5 PRE_VOTE round 3: result DISCOVERED_A_NEW_TERM (term=1)
2022-09-14 11:47:10,188 [s2@group-12AB68C5691F-FollowerState] INFO  server.RaftServerConfigKeys (ConfUtils.java:logFallback(53)) - raft.server.rpc.first-election.timeout.max = 300ms (fallback to raft.server.rpc.timeout.max)
2022-09-14 11:47:10,193 [s0@group-12AB68C5691F-FollowerState] INFO  server.RaftServerConfigKeys (ConfUtils.java:logFallback(53)) - raft.server.rpc.first-election.timeout.min = 150ms (fallback to raft.server.rpc.timeout.min)
2022-09-14 11:47:10,193 [s0@group-12AB68C5691F-FollowerState] INFO  server.RaftServerConfigKeys (ConfUtils.java:logFallback(53)) - raft.server.rpc.first-election.timeout.max = 300ms (fallback to raft.server.rpc.timeout.max)
2022-09-14 11:47:10,194 [grpc-default-executor-46] INFO  server.RaftServer$Division (RaftServerImpl.java:requestVote(1314)) - s0@group-12AB68C5691F replies to ELECTION vote request: s4<-s0#0:OK-t1. Peer's state: s0@group-12AB68C5691F:t1, leader=null, voted=s4, raftlog=Memoized:s0@group-12AB68C5691F-SegmentedRaftLog:OPENED:c-1, conf=-1: peers:[s3|rpc:localhost:46799|admin:localhost:45171|client:localhost:46547|dataStream:localhost:40281|priority:0|startupRole:FOLLOWER, s4|rpc:localhost:39419|admin:localhost:43995|client:localhost:41785|dataStream:localhost:46687|priority:0|startupRole:FOLLOWER, s0|rpc:localhost:42481|admin:localhost:44771|client:localhost:42743|dataStream:localhost:43981|priority:0|startupRole:FOLLOWER, s1|rpc:localhost:44073|admin:localhost:36871|client:localhost:39477|dataStream:localhost:35501|priority:0|startupRole:FOLLOWER, s2|rpc:localhost:38365|admin:localhost:35135|client:localhost:40537|dataStream:localhost:38285|priority:0|startupRole:FOLLOWER]|listeners:[], old=null
2022-09-14 11:47:10,195 [grpc-default-executor-42] INFO  impl.VoteContext (VoteContext.java:log(49)) - s0@group-12AB68C5691F-FOLLOWER: accept PRE_VOTE from s3: our priority 0 <= candidate's priority 0
2022-09-14 11:47:10,195 [grpc-default-executor-42] INFO  server.RaftServer$Division (RaftServerImpl.java:requestVote(1314)) - s0@group-12AB68C5691F replies to PRE_VOTE vote request: s3<-s0#0:OK-t1. Peer's state: s0@group-12AB68C5691F:t1, leader=null, voted=s4, raftlog=Memoized:s0@group-12AB68C5691F-SegmentedRaftLog:OPENED:c-1, conf=-1: peers:[s3|rpc:localhost:46799|admin:localhost:45171|client:localhost:46547|dataStream:localhost:40281|priority:0|startupRole:FOLLOWER, s4|rpc:localhost:39419|admin:localhost:43995|client:localhost:41785|dataStream:localhost:46687|priority:0|startupRole:FOLLOWER, s0|rpc:localhost:42481|admin:localhost:44771|client:localhost:42743|dataStream:localhost:43981|priority:0|startupRole:FOLLOWER, s1|rpc:localhost:44073|admin:localhost:36871|client:localhost:39477|dataStream:localhost:35501|priority:0|startupRole:FOLLOWER, s2|rpc:localhost:38365|admin:localhost:35135|client:localhost:40537|dataStream:localhost:38285|priority:0|startupRole:FOLLOWER]|listeners:[], old=null
2022-09-14 11:47:10,196 [grpc-default-executor-41] INFO  impl.VoteContext (VoteContext.java:log(49)) - s0@group-12AB68C5691F-FOLLOWER: accept PRE_VOTE from s2: our priority 0 <= candidate's priority 0
2022-09-14 11:47:10,196 [grpc-default-executor-41] INFO  server.RaftServer$Division (RaftServerImpl.java:requestVote(1314)) - s0@group-12AB68C5691F replies to PRE_VOTE vote request: s2<-s0#0:OK-t1. Peer's state: s0@group-12AB68C5691F:t1, leader=null, voted=s4, raftlog=Memoized:s0@group-12AB68C5691F-SegmentedRaftLog:OPENED:c-1, conf=-1: peers:[s3|rpc:localhost:46799|admin:localhost:45171|client:localhost:46547|dataStream:localhost:40281|priority:0|startupRole:FOLLOWER, s4|rpc:localhost:39419|admin:localhost:43995|client:localhost:41785|dataStream:localhost:46687|priority:0|startupRole:FOLLOWER, s0|rpc:localhost:42481|admin:localhost:44771|client:localhost:42743|dataStream:localhost:43981|priority:0|startupRole:FOLLOWER, s1|rpc:localhost:44073|admin:localhost:36871|client:localhost:39477|dataStream:localhost:35501|priority:0|startupRole:FOLLOWER, s2|rpc:localhost:38365|admin:localhost:35135|client:localhost:40537|dataStream:localhost:38285|priority:0|startupRole:FOLLOWER]|listeners:[], old=null
2022-09-14 11:47:10,196 [s4@group-12AB68C5691F-LeaderElection4] INFO  impl.LeaderElection (LeaderElection.java:logAndReturn(89)) - s4@group-12AB68C5691F-LeaderElection4: ELECTION PASSED received 2 response(s) and 0 exception(s):
2022-09-14 11:47:10,196 [s4@group-12AB68C5691F-LeaderElection4] INFO  impl.LeaderElection (LeaderElection.java:logAndReturn(93)) -   Response 0: s4<-s0#0:OK-t1
2022-09-14 11:47:10,196 [grpc-default-executor-14] INFO  impl.VoteContext (VoteContext.java:log(49)) - s0@group-12AB68C5691F-FOLLOWER: accept PRE_VOTE from s1: our priority 0 <= candidate's priority 0
2022-09-14 11:47:10,197 [grpc-default-executor-14] INFO  server.RaftServer$Division (RaftServerImpl.java:requestVote(1314)) - s0@group-12AB68C5691F replies to PRE_VOTE vote request: s1<-s0#0:OK-t1. Peer's state: s0@group-12AB68C5691F:t1, leader=null, voted=s4, raftlog=Memoized:s0@group-12AB68C5691F-SegmentedRaftLog:OPENED:c-1, conf=-1: peers:[s3|rpc:localhost:46799|admin:localhost:45171|client:localhost:46547|dataStream:localhost:40281|priority:0|startupRole:FOLLOWER, s4|rpc:localhost:39419|admin:localhost:43995|client:localhost:41785|dataStream:localhost:46687|priority:0|startupRole:FOLLOWER, s0|rpc:localhost:42481|admin:localhost:44771|client:localhost:42743|dataStream:localhost:43981|priority:0|startupRole:FOLLOWER, s1|rpc:localhost:44073|admin:localhost:36871|client:localhost:39477|dataStream:localhost:35501|priority:0|startupRole:FOLLOWER, s2|rpc:localhost:38365|admin:localhost:35135|client:localhost:40537|dataStream:localhost:38285|priority:0|startupRole:FOLLOWER]|listeners:[], old=null
2022-09-14 11:47:10,197 [s4@group-12AB68C5691F-LeaderElection4] INFO  impl.LeaderElection (LeaderElection.java:logAndReturn(93)) -   Response 1: s4<-s2#0:OK-t1
2022-09-14 11:47:10,197 [s4@group-12AB68C5691F-LeaderElection4] INFO  impl.LeaderElection (LeaderElection.java:askForVotes(310)) - s4@group-12AB68C5691F-LeaderElection4 ELECTION round 0: result PASSED
2022-09-14 11:47:10,197 [s4@group-12AB68C5691F-LeaderElection4] INFO  impl.RoleInfo (RoleInfo.java:shutdownLeaderElection(130)) - s4: shutdown s4@group-12AB68C5691F-LeaderElection4
2022-09-14 11:47:10,197 [s4@group-12AB68C5691F-LeaderElection4] INFO  server.RaftServer$Division (RaftServerImpl.java:setRole(317)) - s4@group-12AB68C5691F: changes role from CANDIDATE to LEADER at term 1 for changeToLeader
2022-09-14 11:47:10,198 [s4@group-12AB68C5691F-LeaderElection4] INFO  server.RaftServer$Division (ServerState.java:setLeader(259)) - s4@group-12AB68C5691F: change Leader from null to s4 at term 1 for becomeLeader, leader elected after 1485ms
2022-09-14 11:47:10,208 [s3@group-12AB68C5691F-FollowerState] INFO  server.RaftServerConfigKeys (ConfUtils.java:logFallback(53)) - raft.server.rpc.first-election.timeout.min = 150ms (fallback to raft.server.rpc.timeout.min)
2022-09-14 11:47:10,208 [s3@group-12AB68C5691F-FollowerState] INFO  server.RaftServerConfigKeys (ConfUtils.java:logFallback(53)) - raft.server.rpc.first-election.timeout.max = 300ms (fallback to raft.server.rpc.timeout.max)
2022-09-14 11:47:10,212 [s4@group-12AB68C5691F-LeaderElection4] INFO  server.RaftServerConfigKeys (ConfUtils.java:logGet(46)) - raft.server.staging.catchup.gap = 1000 (default)
2022-09-14 11:47:10,212 [s1@group-12AB68C5691F-FollowerState] INFO  server.RaftServerConfigKeys (ConfUtils.java:logFallback(53)) - raft.server.rpc.first-election.timeout.min = 150ms (fallback to raft.server.rpc.timeout.min)
2022-09-14 11:47:10,212 [s1@group-12AB68C5691F-FollowerState] INFO  server.RaftServerConfigKeys (ConfUtils.java:logFallback(53)) - raft.server.rpc.first-election.timeout.max = 300ms (fallback to raft.server.rpc.timeout.max)
2022-09-14 11:47:10,215 [s4@group-12AB68C5691F-LeaderElection4] INFO  server.RaftServerConfigKeys (ConfUtils.java:logGet(46)) - raft.server.write.element-limit = 4096 (default)
2022-09-14 11:47:10,216 [s4@group-12AB68C5691F-LeaderElection4] INFO  server.RaftServerConfigKeys (ConfUtils.java:logGet(46)) - raft.server.write.byte-limit = 64MB (=67108864) (default)
2022-09-14 11:47:10,218 [grpc-default-executor-45] INFO  impl.VoteContext (VoteContext.java:log(49)) - s3@group-12AB68C5691F-FOLLOWER: accept PRE_VOTE from s0: our priority 0 <= candidate's priority 0
2022-09-14 11:47:10,230 [grpc-default-executor-45] INFO  server.RaftServer$Division (RaftServerImpl.java:requestVote(1314)) - s3@group-12AB68C5691F replies to PRE_VOTE vote request: s0<-s3#0:OK-t1. Peer's state: s3@group-12AB68C5691F:t1, leader=null, voted=null, raftlog=Memoized:s3@group-12AB68C5691F-SegmentedRaftLog:OPENED:c-1, conf=-1: peers:[s3|rpc:localhost:46799|admin:localhost:45171|client:localhost:46547|dataStream:localhost:40281|priority:0|startupRole:FOLLOWER, s4|rpc:localhost:39419|admin:localhost:43995|client:localhost:41785|dataStream:localhost:46687|priority:0|startupRole:FOLLOWER, s0|rpc:localhost:42481|admin:localhost:44771|client:localhost:42743|dataStream:localhost:43981|priority:0|startupRole:FOLLOWER, s1|rpc:localhost:44073|admin:localhost:36871|client:localhost:39477|dataStream:localhost:35501|priority:0|startupRole:FOLLOWER, s2|rpc:localhost:38365|admin:localhost:35135|client:localhost:40537|dataStream:localhost:38285|priority:0|startupRole:FOLLOWER]|listeners:[], old=null
2022-09-14 11:47:10,231 [grpc-default-executor-11] INFO  impl.VoteContext (VoteContext.java:log(49)) - s3@group-12AB68C5691F-FOLLOWER: accept PRE_VOTE from s2: our priority 0 <= candidate's priority 0
2022-09-14 11:47:10,231 [grpc-default-executor-11] INFO  server.RaftServer$Division (RaftServerImpl.java:requestVote(1314)) - s3@group-12AB68C5691F replies to PRE_VOTE vote request: s2<-s3#0:OK-t1. Peer's state: s3@group-12AB68C5691F:t1, leader=null, voted=null, raftlog=Memoized:s3@group-12AB68C5691F-SegmentedRaftLog:OPENED:c-1, conf=-1: peers:[s3|rpc:localhost:46799|admin:localhost:45171|client:localhost:46547|dataStream:localhost:40281|priority:0|startupRole:FOLLOWER, s4|rpc:localhost:39419|admin:localhost:43995|client:localhost:41785|dataStream:localhost:46687|priority:0|startupRole:FOLLOWER, s0|rpc:localhost:42481|admin:localhost:44771|client:localhost:42743|dataStream:localhost:43981|priority:0|startupRole:FOLLOWER, s1|rpc:localhost:44073|admin:localhost:36871|client:localhost:39477|dataStream:localhost:35501|priority:0|startupRole:FOLLOWER, s2|rpc:localhost:38365|admin:localhost:35135|client:localhost:40537|dataStream:localhost:38285|priority:0|startupRole:FOLLOWER]|listeners:[], old=null
2022-09-14 11:47:10,231 [grpc-default-executor-19] INFO  impl.VoteContext (VoteContext.java:log(49)) - s3@group-12AB68C5691F-FOLLOWER: accept ELECTION from s4: our priority 0 <= candidate's priority 0
2022-09-14 11:47:10,231 [grpc-default-executor-19] INFO  server.RaftServer$Division (RaftServerImpl.java:setRole(317)) - s3@group-12AB68C5691F: changes role from  FOLLOWER to FOLLOWER at term 1 for candidate:s4
2022-09-14 11:47:10,231 [grpc-default-executor-19] INFO  impl.RoleInfo (RoleInfo.java:shutdownFollowerState(110)) - s3: shutdown s3@group-12AB68C5691F-FollowerState
2022-09-14 11:47:10,231 [grpc-default-executor-19] INFO  impl.RoleInfo (RoleInfo.java:updateAndGet(139)) - s3: start s3@group-12AB68C5691F-FollowerState
2022-09-14 11:47:10,235 [s3@group-12AB68C5691F-FollowerState] INFO  impl.FollowerState (FollowerState.java:run(150)) - s3@group-12AB68C5691F-FollowerState was interrupted
2022-09-14 11:47:10,230 [grpc-default-executor-38] INFO  server.RaftServer$Division (RaftServerImpl.java:requestVote(1314)) - s1@group-12AB68C5691F replies to ELECTION vote request: s4<-s1#0:OK-t1. Peer's state: s1@group-12AB68C5691F:t1, leader=null, voted=s4, raftlog=Memoized:s1@group-12AB68C5691F-SegmentedRaftLog:OPENED:c-1, conf=-1: peers:[s3|rpc:localhost:46799|admin:localhost:45171|client:localhost:46547|dataStream:localhost:40281|priority:0|startupRole:FOLLOWER, s4|rpc:localhost:39419|admin:localhost:43995|client:localhost:41785|dataStream:localhost:46687|priority:0|startupRole:FOLLOWER, s0|rpc:localhost:42481|admin:localhost:44771|client:localhost:42743|dataStream:localhost:43981|priority:0|startupRole:FOLLOWER, s1|rpc:localhost:44073|admin:localhost:36871|client:localhost:39477|dataStream:localhost:35501|priority:0|startupRole:FOLLOWER, s2|rpc:localhost:38365|admin:localhost:35135|client:localhost:40537|dataStream:localhost:38285|priority:0|startupRole:FOLLOWER]|listeners:[], old=null
2022-09-14 11:47:10,242 [grpc-default-executor-19] INFO  server.RaftServer$Division (RaftServerImpl.java:requestVote(1314)) - s3@group-12AB68C5691F replies to ELECTION vote request: s4<-s3#0:OK-t1. Peer's state: s3@group-12AB68C5691F:t1, leader=null, voted=s4, raftlog=Memoized:s3@group-12AB68C5691F-SegmentedRaftLog:OPENED:c-1, conf=-1: peers:[s3|rpc:localhost:46799|admin:localhost:45171|client:localhost:46547|dataStream:localhost:40281|priority:0|startupRole:FOLLOWER, s4|rpc:localhost:39419|admin:localhost:43995|client:localhost:41785|dataStream:localhost:46687|priority:0|startupRole:FOLLOWER, s0|rpc:localhost:42481|admin:localhost:44771|client:localhost:42743|dataStream:localhost:43981|priority:0|startupRole:FOLLOWER, s1|rpc:localhost:44073|admin:localhost:36871|client:localhost:39477|dataStream:localhost:35501|priority:0|startupRole:FOLLOWER, s2|rpc:localhost:38365|admin:localhost:35135|client:localhost:40537|dataStream:localhost:38285|priority:0|startupRole:FOLLOWER]|listeners:[], old=null
2022-09-14 11:47:10,243 [grpc-default-executor-37] INFO  impl.VoteContext (VoteContext.java:log(49)) - s1@group-12AB68C5691F-FOLLOWER: accept PRE_VOTE from s0: our priority 0 <= candidate's priority 0
2022-09-14 11:47:10,243 [grpc-default-executor-37] INFO  server.RaftServer$Division (RaftServerImpl.java:requestVote(1314)) - s1@group-12AB68C5691F replies to PRE_VOTE vote request: s0<-s1#0:OK-t1. Peer's state: s1@group-12AB68C5691F:t1, leader=null, voted=s4, raftlog=Memoized:s1@group-12AB68C5691F-SegmentedRaftLog:OPENED:c-1, conf=-1: peers:[s3|rpc:localhost:46799|admin:localhost:45171|client:localhost:46547|dataStream:localhost:40281|priority:0|startupRole:FOLLOWER, s4|rpc:localhost:39419|admin:localhost:43995|client:localhost:41785|dataStream:localhost:46687|priority:0|startupRole:FOLLOWER, s0|rpc:localhost:42481|admin:localhost:44771|client:localhost:42743|dataStream:localhost:43981|priority:0|startupRole:FOLLOWER, s1|rpc:localhost:44073|admin:localhost:36871|client:localhost:39477|dataStream:localhost:35501|priority:0|startupRole:FOLLOWER, s2|rpc:localhost:38365|admin:localhost:35135|client:localhost:40537|dataStream:localhost:38285|priority:0|startupRole:FOLLOWER]|listeners:[], old=null
2022-09-14 11:47:10,243 [grpc-default-executor-47] INFO  impl.VoteContext (VoteContext.java:log(49)) - s3@group-12AB68C5691F-FOLLOWER: accept PRE_VOTE from s1: our priority 0 <= candidate's priority 0
2022-09-14 11:47:10,244 [grpc-default-executor-47] INFO  server.RaftServer$Division (RaftServerImpl.java:requestVote(1314)) - s3@group-12AB68C5691F replies to PRE_VOTE vote request: s1<-s3#0:OK-t1. Peer's state: s3@group-12AB68C5691F:t1, leader=null, voted=s4, raftlog=Memoized:s3@group-12AB68C5691F-SegmentedRaftLog:OPENED:c-1, conf=-1: peers:[s3|rpc:localhost:46799|admin:localhost:45171|client:localhost:46547|dataStream:localhost:40281|priority:0|startupRole:FOLLOWER, s4|rpc:localhost:39419|admin:localhost:43995|client:localhost:41785|dataStream:localhost:46687|priority:0|startupRole:FOLLOWER, s0|rpc:localhost:42481|admin:localhost:44771|client:localhost:42743|dataStream:localhost:43981|priority:0|startupRole:FOLLOWER, s1|rpc:localhost:44073|admin:localhost:36871|client:localhost:39477|dataStream:localhost:35501|priority:0|startupRole:FOLLOWER, s2|rpc:localhost:38365|admin:localhost:35135|client:localhost:40537|dataStream:localhost:38285|priority:0|startupRole:FOLLOWER]|listeners:[], old=null
2022-09-14 11:47:10,249 [s4@group-12AB68C5691F-LeaderElection4] INFO  server.RaftServerConfigKeys (ConfUtils.java:logGet(46)) - raft.server.watch.timeout = 10s (default)
2022-09-14 11:47:10,249 [s4@group-12AB68C5691F-LeaderElection4] INFO  server.RaftServerConfigKeys (ConfUtils.java:logGet(46)) - raft.server.watch.timeout.denomination = 1s (default)
2022-09-14 11:47:10,250 [s4@group-12AB68C5691F-LeaderElection4] INFO  server.RaftServerConfigKeys (ConfUtils.java:logGet(46)) - raft.server.watch.element-limit = 65536 (default)
2022-09-14 11:47:10,250 [s3@group-12AB68C5691F-FollowerState] INFO  server.RaftServerConfigKeys (ConfUtils.java:logFallback(53)) - raft.server.rpc.first-election.timeout.min = 150ms (fallback to raft.server.rpc.timeout.min)
2022-09-14 11:47:10,253 [s3@group-12AB68C5691F-FollowerState] INFO  server.RaftServerConfigKeys (ConfUtils.java:logFallback(53)) - raft.server.rpc.first-election.timeout.max = 300ms (fallback to raft.server.rpc.timeout.max)
2022-09-14 11:47:10,258 [s4@group-12AB68C5691F-LeaderElection4] INFO  server.RaftServerConfigKeys (ConfUtils.java:logGet(46)) - raft.server.write.element-limit = 4096 (default)
2022-09-14 11:47:10,259 [s4@group-12AB68C5691F-LeaderElection4] INFO  server.RaftServerConfigKeys (ConfUtils.java:logGet(46)) - raft.server.write.follower.gap.ratio.max = -1.0 (default)
2022-09-14 11:47:10,268 [s4@group-12AB68C5691F-LeaderElection4] INFO  server.RaftServerConfigKeys (ConfUtils.java:logGet(46)) - raft.server.log.appender.snapshot.chunk.size.max = 16MB (=16777216) (default)
2022-09-14 11:47:10,268 [s4@group-12AB68C5691F-LeaderElection4] INFO  server.RaftServerConfigKeys (ConfUtils.java:logGet(46)) - raft.server.log.appender.buffer.byte-limit = 4MB (=4194304) (default)
2022-09-14 11:47:10,268 [s4@group-12AB68C5691F-LeaderElection4] INFO  server.RaftServerConfigKeys (ConfUtils.java:logGet(46)) - raft.server.log.appender.buffer.element-limit = 0 (default)
2022-09-14 11:47:10,271 [s4@group-12AB68C5691F-LeaderElection4] INFO  grpc.GrpcConfigKeys (ConfUtils.java:logGet(46)) - raft.grpc.server.leader.outstanding.appends.max = 128 (default)
2022-09-14 11:47:10,275 [s4@group-12AB68C5691F-LeaderElection4] INFO  server.RaftServerConfigKeys (ConfUtils.java:logGet(46)) - raft.server.rpc.request.timeout = 3000ms (default)
2022-09-14 11:47:10,275 [s4@group-12AB68C5691F-LeaderElection4] INFO  server.RaftServerConfigKeys (ConfUtils.java:logGet(46)) - raft.server.log.appender.install.snapshot.enabled = true (default)
2022-09-14 11:47:10,276 [s4@group-12AB68C5691F-LeaderElection4] INFO  grpc.GrpcConfigKeys (ConfUtils.java:logGet(46)) - raft.grpc.server.heartbeat.channel = true (default)
2022-09-14 11:47:10,279 [s4@group-12AB68C5691F-LeaderElection4] INFO  server.RaftServerConfigKeys (ConfUtils.java:logGet(46)) - raft.server.log.appender.snapshot.chunk.size.max = 16MB (=16777216) (default)
2022-09-14 11:47:10,279 [s4@group-12AB68C5691F-LeaderElection4] INFO  server.RaftServerConfigKeys (ConfUtils.java:logGet(46)) - raft.server.log.appender.buffer.byte-limit = 4MB (=4194304) (default)
2022-09-14 11:47:10,279 [s4@group-12AB68C5691F-LeaderElection4] INFO  server.RaftServerConfigKeys (ConfUtils.java:logGet(46)) - raft.server.log.appender.buffer.element-limit = 0 (default)
2022-09-14 11:47:10,279 [s4@group-12AB68C5691F-LeaderElection4] INFO  grpc.GrpcConfigKeys (ConfUtils.java:logGet(46)) - raft.grpc.server.leader.outstanding.appends.max = 128 (default)
2022-09-14 11:47:10,279 [s4@group-12AB68C5691F-LeaderElection4] INFO  server.RaftServerConfigKeys (ConfUtils.java:logGet(46)) - raft.server.rpc.request.timeout = 3000ms (default)
2022-09-14 11:47:10,279 [s4@group-12AB68C5691F-LeaderElection4] INFO  server.RaftServerConfigKeys (ConfUtils.java:logGet(46)) - raft.server.log.appender.install.snapshot.enabled = true (default)
2022-09-14 11:47:10,279 [s4@group-12AB68C5691F-LeaderElection4] INFO  grpc.GrpcConfigKeys (ConfUtils.java:logGet(46)) - raft.grpc.server.heartbeat.channel = true (default)
2022-09-14 11:47:10,281 [s4@group-12AB68C5691F-LeaderElection4] INFO  server.RaftServerConfigKeys (ConfUtils.java:logGet(46)) - raft.server.log.appender.snapshot.chunk.size.max = 16MB (=16777216) (default)
2022-09-14 11:47:10,281 [s4@group-12AB68C5691F-LeaderElection4] INFO  server.RaftServerConfigKeys (ConfUtils.java:logGet(46)) - raft.server.log.appender.buffer.byte-limit = 4MB (=4194304) (default)
2022-09-14 11:47:10,282 [s4@group-12AB68C5691F-LeaderElection4] INFO  server.RaftServerConfigKeys (ConfUtils.java:logGet(46)) - raft.server.log.appender.buffer.element-limit = 0 (default)
2022-09-14 11:47:10,282 [s4@group-12AB68C5691F-LeaderElection4] INFO  grpc.GrpcConfigKeys (ConfUtils.java:logGet(46)) - raft.grpc.server.leader.outstanding.appends.max = 128 (default)
2022-09-14 11:47:10,282 [s4@group-12AB68C5691F-LeaderElection4] INFO  server.RaftServerConfigKeys (ConfUtils.java:logGet(46)) - raft.server.rpc.request.timeout = 3000ms (default)
2022-09-14 11:47:10,282 [s4@group-12AB68C5691F-LeaderElection4] INFO  server.RaftServerConfigKeys (ConfUtils.java:logGet(46)) - raft.server.log.appender.install.snapshot.enabled = true (default)
2022-09-14 11:47:10,282 [s4@group-12AB68C5691F-LeaderElection4] INFO  grpc.GrpcConfigKeys (ConfUtils.java:logGet(46)) - raft.grpc.server.heartbeat.channel = true (default)
2022-09-14 11:47:10,283 [s4@group-12AB68C5691F-LeaderElection4] INFO  server.RaftServerConfigKeys (ConfUtils.java:logGet(46)) - raft.server.log.appender.snapshot.chunk.size.max = 16MB (=16777216) (default)
2022-09-14 11:47:10,283 [s4@group-12AB68C5691F-LeaderElection4] INFO  server.RaftServerConfigKeys (ConfUtils.java:logGet(46)) - raft.server.log.appender.buffer.byte-limit = 4MB (=4194304) (default)
2022-09-14 11:47:10,283 [s4@group-12AB68C5691F-LeaderElection4] INFO  server.RaftServerConfigKeys (ConfUtils.java:logGet(46)) - raft.server.log.appender.buffer.element-limit = 0 (default)
2022-09-14 11:47:10,283 [s4@group-12AB68C5691F-LeaderElection4] INFO  grpc.GrpcConfigKeys (ConfUtils.java:logGet(46)) - raft.grpc.server.leader.outstanding.appends.max = 128 (default)
2022-09-14 11:47:10,283 [s4@group-12AB68C5691F-LeaderElection4] INFO  server.RaftServerConfigKeys (ConfUtils.java:logGet(46)) - raft.server.rpc.request.timeout = 3000ms (default)
2022-09-14 11:47:10,283 [s4@group-12AB68C5691F-LeaderElection4] INFO  server.RaftServerConfigKeys (ConfUtils.java:logGet(46)) - raft.server.log.appender.install.snapshot.enabled = true (default)
2022-09-14 11:47:10,283 [s4@group-12AB68C5691F-LeaderElection4] INFO  grpc.GrpcConfigKeys (ConfUtils.java:logGet(46)) - raft.grpc.server.heartbeat.channel = true (default)
2022-09-14 11:47:10,285 [s4@group-12AB68C5691F-LeaderElection4] INFO  impl.RoleInfo (RoleInfo.java:updateAndGet(139)) - s4: start s4@group-12AB68C5691F-LeaderStateImpl
2022-09-14 11:47:10,299 [s4@group-12AB68C5691F-LeaderElection4] INFO  segmented.SegmentedRaftLogWorker (SegmentedRaftLogWorker.java:startLogSegment(427)) - s4@group-12AB68C5691F-SegmentedRaftLogWorker: Starting segment from index:0
2022-09-14 11:47:10,361 [s4@group-12AB68C5691F-LeaderElection4] INFO  server.RaftServer$Division (ServerState.java:setRaftConf(376)) - s4@group-12AB68C5691F: set configuration 0: peers:[s3|rpc:localhost:46799|admin:localhost:45171|client:localhost:46547|dataStream:localhost:40281|priority:0|startupRole:FOLLOWER, s4|rpc:localhost:39419|admin:localhost:43995|client:localhost:41785|dataStream:localhost:46687|priority:0|startupRole:FOLLOWER, s0|rpc:localhost:42481|admin:localhost:44771|client:localhost:42743|dataStream:localhost:43981|priority:0|startupRole:FOLLOWER, s1|rpc:localhost:44073|admin:localhost:36871|client:localhost:39477|dataStream:localhost:35501|priority:0|startupRole:FOLLOWER, s2|rpc:localhost:38365|admin:localhost:35135|client:localhost:40537|dataStream:localhost:38285|priority:0|startupRole:FOLLOWER]|listeners:[], old=null
2022-09-14 11:47:10,372 [s2@group-12AB68C5691F-FollowerState] INFO  impl.FollowerState (FollowerState.java:run(141)) - s2@group-12AB68C5691F-FollowerState: change to CANDIDATE, lastRpcElapsedTime:191590820ns, electionTimeout:184ms
2022-09-14 11:47:10,372 [s2@group-12AB68C5691F-FollowerState] INFO  impl.RoleInfo (RoleInfo.java:shutdownFollowerState(110)) - s2: shutdown s2@group-12AB68C5691F-FollowerState
2022-09-14 11:47:10,372 [s2@group-12AB68C5691F-FollowerState] INFO  server.RaftServer$Division (RaftServerImpl.java:setRole(317)) - s2@group-12AB68C5691F: changes role from  FOLLOWER to CANDIDATE at term 1 for changeToCandidate
2022-09-14 11:47:10,372 [s2@group-12AB68C5691F-FollowerState] INFO  server.RaftServerConfigKeys (ConfUtils.java:logGet(46)) - raft.server.leaderelection.pre-vote = true (default)
2022-09-14 11:47:10,373 [s2@group-12AB68C5691F-FollowerState] INFO  impl.RoleInfo (RoleInfo.java:updateAndGet(139)) - s2: start s2@group-12AB68C5691F-LeaderElection6
2022-09-14 11:47:10,392 [s2@group-12AB68C5691F-LeaderElection6] INFO  impl.LeaderElection (LeaderElection.java:askForVotes(308)) - s2@group-12AB68C5691F-LeaderElection6 PRE_VOTE round 0: submit vote requests at term 1 for -1: peers:[s3|rpc:localhost:46799|admin:localhost:45171|client:localhost:46547|dataStream:localhost:40281|priority:0|startupRole:FOLLOWER, s4|rpc:localhost:39419|admin:localhost:43995|client:localhost:41785|dataStream:localhost:46687|priority:0|startupRole:FOLLOWER, s0|rpc:localhost:42481|admin:localhost:44771|client:localhost:42743|dataStream:localhost:43981|priority:0|startupRole:FOLLOWER, s1|rpc:localhost:44073|admin:localhost:36871|client:localhost:39477|dataStream:localhost:35501|priority:0|startupRole:FOLLOWER, s2|rpc:localhost:38365|admin:localhost:35135|client:localhost:40537|dataStream:localhost:38285|priority:0|startupRole:FOLLOWER]|listeners:[], old=null
2022-09-14 11:47:10,417 [s1@group-12AB68C5691F-FollowerState] INFO  server.RaftServerConfigKeys (ConfUtils.java:logFallback(53)) - raft.server.rpc.first-election.timeout.min = 150ms (fallback to raft.server.rpc.timeout.min)
2022-09-14 11:47:10,418 [s1@group-12AB68C5691F-FollowerState] INFO  server.RaftServerConfigKeys (ConfUtils.java:logFallback(53)) - raft.server.rpc.first-election.timeout.max = 300ms (fallback to raft.server.rpc.timeout.max)
2022-09-14 11:47:10,424 [s2@group-12AB68C5691F-LeaderElection6] INFO  server.RaftServerConfigKeys (ConfUtils.java:logFallback(53)) - raft.server.rpc.first-election.timeout.min = 150ms (fallback to raft.server.rpc.timeout.min)
2022-09-14 11:47:10,424 [s2@group-12AB68C5691F-LeaderElection6] INFO  server.RaftServerConfigKeys (ConfUtils.java:logFallback(53)) - raft.server.rpc.first-election.timeout.max = 300ms (fallback to raft.server.rpc.timeout.max)
2022-09-14 11:47:10,435 [grpc-default-executor-47] INFO  server.RaftServer$Division (RaftServerImpl.java:requestVote(1281)) - s1@group-12AB68C5691F: receive requestVote(PRE_VOTE, s2, group-12AB68C5691F, 1, (t:0, i:0))
2022-09-14 11:47:10,435 [grpc-default-executor-47] INFO  impl.VoteContext (VoteContext.java:log(49)) - s1@group-12AB68C5691F-FOLLOWER: accept PRE_VOTE from s2: our priority 0 <= candidate's priority 0
2022-09-14 11:47:10,435 [grpc-default-executor-47] INFO  server.RaftServer$Division (RaftServerImpl.java:requestVote(1314)) - s1@group-12AB68C5691F replies to PRE_VOTE vote request: s2<-s1#0:OK-t1. Peer's state: s1@group-12AB68C5691F:t1, leader=null, voted=s4, raftlog=Memoized:s1@group-12AB68C5691F-SegmentedRaftLog:OPENED:c-1, conf=-1: peers:[s3|rpc:localhost:46799|admin:localhost:45171|client:localhost:46547|dataStream:localhost:40281|priority:0|startupRole:FOLLOWER, s4|rpc:localhost:39419|admin:localhost:43995|client:localhost:41785|dataStream:localhost:46687|priority:0|startupRole:FOLLOWER, s0|rpc:localhost:42481|admin:localhost:44771|client:localhost:42743|dataStream:localhost:43981|priority:0|startupRole:FOLLOWER, s1|rpc:localhost:44073|admin:localhost:36871|client:localhost:39477|dataStream:localhost:35501|priority:0|startupRole:FOLLOWER, s2|rpc:localhost:38365|admin:localhost:35135|client:localhost:40537|dataStream:localhost:38285|priority:0|startupRole:FOLLOWER]|listeners:[], old=null
2022-09-14 11:47:10,436 [grpc-default-executor-47] INFO  server.RaftServer$Division (RaftServerImpl.java:requestVote(1281)) - s3@group-12AB68C5691F: receive requestVote(PRE_VOTE, s2, group-12AB68C5691F, 1, (t:0, i:0))
2022-09-14 11:47:10,436 [grpc-default-executor-47] INFO  impl.VoteContext (VoteContext.java:log(49)) - s3@group-12AB68C5691F-FOLLOWER: accept PRE_VOTE from s2: our priority 0 <= candidate's priority 0
2022-09-14 11:47:10,436 [grpc-default-executor-47] INFO  server.RaftServer$Division (RaftServerImpl.java:requestVote(1314)) - s3@group-12AB68C5691F replies to PRE_VOTE vote request: s2<-s3#0:OK-t1. Peer's state: s3@group-12AB68C5691F:t1, leader=null, voted=s4, raftlog=Memoized:s3@group-12AB68C5691F-SegmentedRaftLog:OPENED:c-1, conf=-1: peers:[s3|rpc:localhost:46799|admin:localhost:45171|client:localhost:46547|dataStream:localhost:40281|priority:0|startupRole:FOLLOWER, s4|rpc:localhost:39419|admin:localhost:43995|client:localhost:41785|dataStream:localhost:46687|priority:0|startupRole:FOLLOWER, s0|rpc:localhost:42481|admin:localhost:44771|client:localhost:42743|dataStream:localhost:43981|priority:0|startupRole:FOLLOWER, s1|rpc:localhost:44073|admin:localhost:36871|client:localhost:39477|dataStream:localhost:35501|priority:0|startupRole:FOLLOWER, s2|rpc:localhost:38365|admin:localhost:35135|client:localhost:40537|dataStream:localhost:38285|priority:0|startupRole:FOLLOWER]|listeners:[], old=null
2022-09-14 11:47:10,437 [grpc-default-executor-47] INFO  server.RaftServer$Division (RaftServerImpl.java:requestVote(1281)) - s0@group-12AB68C5691F: receive requestVote(PRE_VOTE, s2, group-12AB68C5691F, 1, (t:0, i:0))
2022-09-14 11:47:10,437 [grpc-default-executor-47] INFO  impl.VoteContext (VoteContext.java:log(49)) - s0@group-12AB68C5691F-FOLLOWER: accept PRE_VOTE from s2: our priority 0 <= candidate's priority 0
2022-09-14 11:47:10,437 [grpc-default-executor-47] INFO  server.RaftServer$Division (RaftServerImpl.java:requestVote(1314)) - s0@group-12AB68C5691F replies to PRE_VOTE vote request: s2<-s0#0:OK-t1. Peer's state: s0@group-12AB68C5691F:t1, leader=null, voted=s4, raftlog=Memoized:s0@group-12AB68C5691F-SegmentedRaftLog:OPENED:c-1, conf=-1: peers:[s3|rpc:localhost:46799|admin:localhost:45171|client:localhost:46547|dataStream:localhost:40281|priority:0|startupRole:FOLLOWER, s4|rpc:localhost:39419|admin:localhost:43995|client:localhost:41785|dataStream:localhost:46687|priority:0|startupRole:FOLLOWER, s0|rpc:localhost:42481|admin:localhost:44771|client:localhost:42743|dataStream:localhost:43981|priority:0|startupRole:FOLLOWER, s1|rpc:localhost:44073|admin:localhost:36871|client:localhost:39477|dataStream:localhost:35501|priority:0|startupRole:FOLLOWER, s2|rpc:localhost:38365|admin:localhost:35135|client:localhost:40537|dataStream:localhost:38285|priority:0|startupRole:FOLLOWER]|listeners:[], old=null
2022-09-14 11:47:10,440 [grpc-default-executor-45] INFO  server.RaftServer$Division (RaftServerImpl.java:requestVote(1281)) - s4@group-12AB68C5691F: receive requestVote(PRE_VOTE, s2, group-12AB68C5691F, 1, (t:0, i:0))
2022-09-14 11:47:10,441 [grpc-default-executor-45] INFO  impl.VoteContext (VoteContext.java:log(49)) - s4@group-12AB68C5691F-LEADER: reject PRE_VOTE from s2: this server is the leader and still has leadership
2022-09-14 11:47:10,441 [grpc-default-executor-45] INFO  server.RaftServer$Division (RaftServerImpl.java:requestVote(1314)) - s4@group-12AB68C5691F replies to PRE_VOTE vote request: s2<-s4#0:FAIL-t1. Peer's state: s4@group-12AB68C5691F:t1, leader=s4, voted=s4, raftlog=Memoized:s4@group-12AB68C5691F-SegmentedRaftLog:OPENED:c-1, conf=0: peers:[s3|rpc:localhost:46799|admin:localhost:45171|client:localhost:46547|dataStream:localhost:40281|priority:0|startupRole:FOLLOWER, s4|rpc:localhost:39419|admin:localhost:43995|client:localhost:41785|dataStream:localhost:46687|priority:0|startupRole:FOLLOWER, s0|rpc:localhost:42481|admin:localhost:44771|client:localhost:42743|dataStream:localhost:43981|priority:0|startupRole:FOLLOWER, s1|rpc:localhost:44073|admin:localhost:36871|client:localhost:39477|dataStream:localhost:35501|priority:0|startupRole:FOLLOWER, s2|rpc:localhost:38365|admin:localhost:35135|client:localhost:40537|dataStream:localhost:38285|priority:0|startupRole:FOLLOWER]|listeners:[], old=null
2022-09-14 11:47:10,449 [s1-server-thread2] INFO  server.RaftServer$Division (ServerState.java:setLeader(259)) - s1@group-12AB68C5691F: change Leader from null to s4 at term 1 for appendEntries, leader elected after 1687ms
2022-09-14 11:47:10,461 [s2@group-12AB68C5691F-LeaderElection6] INFO  impl.LeaderElection (LeaderElection.java:logAndReturn(89)) - s2@group-12AB68C5691F-LeaderElection6: PRE_VOTE PASSED received 2 response(s) and 0 exception(s):
2022-09-14 11:47:10,461 [s2@group-12AB68C5691F-LeaderElection6] INFO  impl.LeaderElection (LeaderElection.java:logAndReturn(93)) -   Response 0: s2<-s0#0:OK-t1
2022-09-14 11:47:10,461 [s2@group-12AB68C5691F-LeaderElection6] INFO  impl.LeaderElection (LeaderElection.java:logAndReturn(93)) -   Response 1: s2<-s1#0:OK-t1
2022-09-14 11:47:10,461 [s2@group-12AB68C5691F-LeaderElection6] INFO  impl.LeaderElection (LeaderElection.java:askForVotes(310)) - s2@group-12AB68C5691F-LeaderElection6 PRE_VOTE round 0: result PASSED
2022-09-14 11:47:10,468 [s4@group-12AB68C5691F-SegmentedRaftLogWorker] INFO  segmented.SegmentedRaftLogWorker (SegmentedRaftLogWorker.java:execute(631)) - s4@group-12AB68C5691F-SegmentedRaftLogWorker: created new log segment /home/runner/work/ratis/ratis/ratis-test/target/test/data/30463c06/MiniRaftClusterWithGrpcf18d2315/s4/d68e6cc1-9078-4035-9262-12ab68c5691f/current/log_inprogress_0
2022-09-14 11:47:10,468 [s2@group-12AB68C5691F-LeaderElection6] INFO  impl.LeaderElection (LeaderElection.java:askForVotes(308)) - s2@group-12AB68C5691F-LeaderElection6 ELECTION round 0: submit vote requests at term 2 for -1: peers:[s3|rpc:localhost:46799|admin:localhost:45171|client:localhost:46547|dataStream:localhost:40281|priority:0|startupRole:FOLLOWER, s4|rpc:localhost:39419|admin:localhost:43995|client:localhost:41785|dataStream:localhost:46687|priority:0|startupRole:FOLLOWER, s0|rpc:localhost:42481|admin:localhost:44771|client:localhost:42743|dataStream:localhost:43981|priority:0|startupRole:FOLLOWER, s1|rpc:localhost:44073|admin:localhost:36871|client:localhost:39477|dataStream:localhost:35501|priority:0|startupRole:FOLLOWER, s2|rpc:localhost:38365|admin:localhost:35135|client:localhost:40537|dataStream:localhost:38285|priority:0|startupRole:FOLLOWER]|listeners:[], old=null
2022-09-14 11:47:10,477 [s0@group-12AB68C5691F-FollowerState] INFO  server.RaftServerConfigKeys (ConfUtils.java:logFallback(53)) - raft.server.rpc.first-election.timeout.min = 150ms (fallback to raft.server.rpc.timeout.min)
2022-09-14 11:47:10,477 [s0@group-12AB68C5691F-FollowerState] INFO  server.RaftServerConfigKeys (ConfUtils.java:logFallback(53)) - raft.server.rpc.first-election.timeout.max = 300ms (fallback to raft.server.rpc.timeout.max)
2022-09-14 11:47:10,491 [grpc-default-executor-46] INFO  server.RaftServer$Division (RaftServerImpl.java:requestVote(1281)) - s0@group-12AB68C5691F: receive requestVote(ELECTION, s2, group-12AB68C5691F, 2, (t:0, i:0))
2022-09-14 11:47:10,491 [grpc-default-executor-46] INFO  impl.VoteContext (VoteContext.java:log(49)) - s0@group-12AB68C5691F-FOLLOWER: accept ELECTION from s2: our priority 0 <= candidate's priority 0
2022-09-14 11:47:10,491 [grpc-default-executor-46] INFO  server.RaftServer$Division (RaftServerImpl.java:setRole(317)) - s0@group-12AB68C5691F: changes role from  FOLLOWER to FOLLOWER at term 2 for candidate:s2
2022-09-14 11:47:10,491 [grpc-default-executor-46] INFO  impl.RoleInfo (RoleInfo.java:shutdownFollowerState(110)) - s0: shutdown s0@group-12AB68C5691F-FollowerState
2022-09-14 11:47:10,491 [grpc-default-executor-46] INFO  impl.RoleInfo (RoleInfo.java:updateAndGet(139)) - s0: start s0@group-12AB68C5691F-FollowerState
2022-09-14 11:47:10,491 [s0@group-12AB68C5691F-FollowerState] INFO  impl.FollowerState (FollowerState.java:run(150)) - s0@group-12AB68C5691F-FollowerState was interrupted
2022-09-14 11:47:10,491 [s2@group-12AB68C5691F-LeaderElection6] INFO  server.RaftServerConfigKeys (ConfUtils.java:logFallback(53)) - raft.server.rpc.first-election.timeout.min = 150ms (fallback to raft.server.rpc.timeout.min)
2022-09-14 11:47:10,491 [s2@group-12AB68C5691F-LeaderElection6] INFO  server.RaftServerConfigKeys (ConfUtils.java:logFallback(53)) - raft.server.rpc.first-election.timeout.max = 300ms (fallback to raft.server.rpc.timeout.max)
2022-09-14 11:47:10,499 [s3-server-thread2] INFO  server.RaftServer$Division (ServerState.java:setLeader(259)) - s3@group-12AB68C5691F: change Leader from null to s4 at term 1 for appendEntries, leader elected after 1791ms
2022-09-14 11:47:10,501 [s0@group-12AB68C5691F-FollowerState] INFO  server.RaftServerConfigKeys (ConfUtils.java:logFallback(53)) - raft.server.rpc.first-election.timeout.min = 150ms (fallback to raft.server.rpc.timeout.min)
2022-09-14 11:47:10,502 [s0@group-12AB68C5691F-FollowerState] INFO  server.RaftServerConfigKeys (ConfUtils.java:logFallback(53)) - raft.server.rpc.first-election.timeout.max = 300ms (fallback to raft.server.rpc.timeout.max)
2022-09-14 11:47:10,507 [grpc-default-executor-46] INFO  server.RaftServer$Division (RaftServerImpl.java:requestVote(1314)) - s0@group-12AB68C5691F replies to ELECTION vote request: s2<-s0#0:OK-t2. Peer's state: s0@group-12AB68C5691F:t2, leader=null, voted=s2, raftlog=Memoized:s0@group-12AB68C5691F-SegmentedRaftLog:OPENED:c-1, conf=-1: peers:[s3|rpc:localhost:46799|admin:localhost:45171|client:localhost:46547|dataStream:localhost:40281|priority:0|startupRole:FOLLOWER, s4|rpc:localhost:39419|admin:localhost:43995|client:localhost:41785|dataStream:localhost:46687|priority:0|startupRole:FOLLOWER, s0|rpc:localhost:42481|admin:localhost:44771|client:localhost:42743|dataStream:localhost:43981|priority:0|startupRole:FOLLOWER, s1|rpc:localhost:44073|admin:localhost:36871|client:localhost:39477|dataStream:localhost:35501|priority:0|startupRole:FOLLOWER, s2|rpc:localhost:38365|admin:localhost:35135|client:localhost:40537|dataStream:localhost:38285|priority:0|startupRole:FOLLOWER]|listeners:[], old=null
2022-09-14 11:47:10,507 [s0-server-thread2] DEBUG server.RaftServer$Division (RaftServerImpl.java:appendEntriesAsync(1468)) - s0@group-12AB68C5691F: Not recognize s4 (term=1) as leader, state: s0@group-12AB68C5691F:t2, leader=null, voted=s2, raftlog=Memoized:s0@group-12AB68C5691F-SegmentedRaftLog:OPENED:c-1, conf=-1: peers:[s3|rpc:localhost:46799|admin:localhost:45171|client:localhost:46547|dataStream:localhost:40281|priority:0|startupRole:FOLLOWER, s4|rpc:localhost:39419|admin:localhost:43995|client:localhost:41785|dataStream:localhost:46687|priority:0|startupRole:FOLLOWER, s0|rpc:localhost:42481|admin:localhost:44771|client:localhost:42743|dataStream:localhost:43981|priority:0|startupRole:FOLLOWER, s1|rpc:localhost:44073|admin:localhost:36871|client:localhost:39477|dataStream:localhost:35501|priority:0|startupRole:FOLLOWER, s2|rpc:localhost:38365|admin:localhost:35135|client:localhost:40537|dataStream:localhost:38285|priority:0|startupRole:FOLLOWER]|listeners:[], old=null reply: s4<-s0#0:FAIL-t2,NOT_LEADER,nextIndex=0,followerCommit=-1,matchIndex=-1
2022-09-14 11:47:10,509 [grpc-default-executor-47] INFO  server.RaftServer$Division (RaftServerImpl.java:requestVote(1281)) - s4@group-12AB68C5691F: receive requestVote(ELECTION, s2, group-12AB68C5691F, 2, (t:0, i:0))
2022-09-14 11:47:10,509 [grpc-default-executor-47] INFO  impl.VoteContext (VoteContext.java:log(49)) - s4@group-12AB68C5691F-LEADER: reject ELECTION from s2: our last entry (t:1, i:0) > candidate's last entry (t:0, i:0)
2022-09-14 11:47:10,509 [grpc-default-executor-47] INFO  server.RaftServer$Division (ServerState.java:setLeader(259)) - s4@group-12AB68C5691F: change Leader from s4 to null at term 2 for updateCurrentTerm
2022-09-14 11:47:10,509 [grpc-default-executor-47] INFO  server.RaftServer$Division (RaftServerImpl.java:setRole(317)) - s4@group-12AB68C5691F: changes role from    LEADER to FOLLOWER at term 2 for candidate:s2
2022-09-14 11:47:10,509 [grpc-default-executor-47] INFO  impl.RoleInfo (RoleInfo.java:shutdownLeaderState(93)) - s4: shutdown s4@group-12AB68C5691F-LeaderStateImpl
2022-09-14 11:47:10,511 [grpc-default-executor-47] INFO  impl.PendingRequests (PendingRequests.java:sendNotLeaderResponses(282)) - s4@group-12AB68C5691F-PendingRequests: sendNotLeaderResponses
2022-09-14 11:47:10,513 [grpc-default-executor-47] INFO  impl.RoleInfo (RoleInfo.java:updateAndGet(139)) - s4: start s4@group-12AB68C5691F-FollowerState
2022-09-14 11:47:10,513 [s4@group-12AB68C5691F->s3-GrpcLogAppender-LogAppenderDaemon] WARN  server.GrpcLogAppender (GrpcLogAppender.java:mayWait(190)) - s4@group-12AB68C5691F->s3-GrpcLogAppender: Wait interrupted by java.lang.InterruptedException
2022-09-14 11:47:10,514 [grpc-default-executor-46] INFO  server.RaftServer$Division (RaftServerImpl.java:requestVote(1281)) - s3@group-12AB68C5691F: receive requestVote(ELECTION, s2, group-12AB68C5691F, 2, (t:0, i:0))
2022-09-14 11:47:10,514 [grpc-default-executor-46] INFO  impl.VoteContext (VoteContext.java:log(49)) - s3@group-12AB68C5691F-FOLLOWER: accept ELECTION from s2: our priority 0 <= candidate's priority 0
2022-09-14 11:47:10,514 [grpc-default-executor-46] INFO  server.RaftServer$Division (ServerState.java:setLeader(259)) - s3@group-12AB68C5691F: change Leader from s4 to null at term 2 for updateCurrentTerm
2022-09-14 11:47:10,514 [grpc-default-executor-46] INFO  server.RaftServer$Division (RaftServerImpl.java:setRole(317)) - s3@group-12AB68C5691F: changes role from  FOLLOWER to FOLLOWER at term 2 for candidate:s2
2022-09-14 11:47:10,514 [grpc-default-executor-46] INFO  impl.RoleInfo (RoleInfo.java:shutdownFollowerState(110)) - s3: shutdown s3@group-12AB68C5691F-FollowerState
2022-09-14 11:47:10,514 [grpc-default-executor-46] INFO  impl.RoleInfo (RoleInfo.java:updateAndGet(139)) - s3: start s3@group-12AB68C5691F-FollowerState
2022-09-14 11:47:10,514 [s3@group-12AB68C5691F-FollowerState] INFO  impl.FollowerState (FollowerState.java:run(150)) - s3@group-12AB68C5691F-FollowerState was interrupted
2022-09-14 11:47:10,518 [s0-server-thread2] DEBUG server.RaftServer$Division (RaftServerImpl.java:appendEntriesAsync(1468)) - s0@group-12AB68C5691F: Not recognize s4 (term=1) as leader, state: s0@group-12AB68C5691F:t2, leader=null, voted=s2, raftlog=Memoized:s0@group-12AB68C5691F-SegmentedRaftLog:OPENED:c-1, conf=-1: peers:[s3|rpc:localhost:46799|admin:localhost:45171|client:localhost:46547|dataStream:localhost:40281|priority:0|startupRole:FOLLOWER, s4|rpc:localhost:39419|admin:localhost:43995|client:localhost:41785|dataStream:localhost:46687|priority:0|startupRole:FOLLOWER, s0|rpc:localhost:42481|admin:localhost:44771|client:localhost:42743|dataStream:localhost:43981|priority:0|startupRole:FOLLOWER, s1|rpc:localhost:44073|admin:localhost:36871|client:localhost:39477|dataStream:localhost:35501|priority:0|startupRole:FOLLOWER, s2|rpc:localhost:38365|admin:localhost:35135|client:localhost:40537|dataStream:localhost:38285|priority:0|startupRole:FOLLOWER]|listeners:[], old=null reply: s4<-s0#2:FAIL-t2,NOT_LEADER,nextIndex=0,followerCommit=-1,matchIndex=-1
2022-09-14 11:47:10,519 [s2-server-thread2] DEBUG server.RaftServer$Division (RaftServerImpl.java:appendEntriesAsync(1468)) - s2@group-12AB68C5691F: Not recognize s4 (term=1) as leader, state: s2@group-12AB68C5691F:t2, leader=null, voted=s2, raftlog=Memoized:s2@group-12AB68C5691F-SegmentedRaftLog:OPENED:c-1, conf=-1: peers:[s3|rpc:localhost:46799|admin:localhost:45171|client:localhost:46547|dataStream:localhost:40281|priority:0|startupRole:FOLLOWER, s4|rpc:localhost:39419|admin:localhost:43995|client:localhost:41785|dataStream:localhost:46687|priority:0|startupRole:FOLLOWER, s0|rpc:localhost:42481|admin:localhost:44771|client:localhost:42743|dataStream:localhost:43981|priority:0|startupRole:FOLLOWER, s1|rpc:localhost:44073|admin:localhost:36871|client:localhost:39477|dataStream:localhost:35501|priority:0|startupRole:FOLLOWER, s2|rpc:localhost:38365|admin:localhost:35135|client:localhost:40537|dataStream:localhost:38285|priority:0|startupRole:FOLLOWER]|listeners:[], old=null reply: s4<-s2#0:FAIL-t2,NOT_LEADER,nextIndex=0,followerCommit=-1,matchIndex=-1
2022-09-14 11:47:10,521 [s2-server-thread2] DEBUG server.RaftServer$Division (RaftServerImpl.java:appendEntriesAsync(1468)) - s2@group-12AB68C5691F: Not recognize s4 (term=1) as leader, state: s2@group-12AB68C5691F:t2, leader=null, voted=s2, raftlog=Memoized:s2@group-12AB68C5691F-SegmentedRaftLog:OPENED:c-1, conf=-1: peers:[s3|rpc:localhost:46799|admin:localhost:45171|client:localhost:46547|dataStream:localhost:40281|priority:0|startupRole:FOLLOWER, s4|rpc:localhost:39419|admin:localhost:43995|client:localhost:41785|dataStream:localhost:46687|priority:0|startupRole:FOLLOWER, s0|rpc:localhost:42481|admin:localhost:44771|client:localhost:42743|dataStream:localhost:43981|priority:0|startupRole:FOLLOWER, s1|rpc:localhost:44073|admin:localhost:36871|client:localhost:39477|dataStream:localhost:35501|priority:0|startupRole:FOLLOWER, s2|rpc:localhost:38365|admin:localhost:35135|client:localhost:40537|dataStream:localhost:38285|priority:0|startupRole:FOLLOWER]|listeners:[], old=null reply: s4<-s2#2:FAIL-t2,NOT_LEADER,nextIndex=0,followerCommit=-1,matchIndex=-1
2022-09-14 11:47:10,528 [grpc-default-executor-41] INFO  server.RaftServer$Division (RaftServerImpl.java:requestVote(1281)) - s1@group-12AB68C5691F: receive requestVote(ELECTION, s2, group-12AB68C5691F, 2, (t:0, i:0))
2022-09-14 11:47:10,529 [grpc-default-executor-41] INFO  impl.VoteContext (VoteContext.java:log(49)) - s1@group-12AB68C5691F-FOLLOWER: accept ELECTION from s2: our priority 0 <= candidate's priority 0
2022-09-14 11:47:10,529 [grpc-default-executor-41] INFO  server.RaftServer$Division (ServerState.java:setLeader(259)) - s1@group-12AB68C5691F: change Leader from s4 to null at term 2 for updateCurrentTerm
2022-09-14 11:47:10,529 [grpc-default-executor-41] INFO  server.RaftServer$Division (RaftServerImpl.java:setRole(317)) - s1@group-12AB68C5691F: changes role from  FOLLOWER to FOLLOWER at term 2 for candidate:s2
2022-09-14 11:47:10,529 [grpc-default-executor-41] INFO  impl.RoleInfo (RoleInfo.java:shutdownFollowerState(110)) - s1: shutdown s1@group-12AB68C5691F-FollowerState
2022-09-14 11:47:10,529 [grpc-default-executor-41] INFO  impl.RoleInfo (RoleInfo.java:updateAndGet(139)) - s1: start s1@group-12AB68C5691F-FollowerState
2022-09-14 11:47:10,529 [s1@group-12AB68C5691F-FollowerState] INFO  impl.FollowerState (FollowerState.java:run(150)) - s1@group-12AB68C5691F-FollowerState was interrupted
2022-09-14 11:47:10,529 [s2-server-thread2] DEBUG server.RaftServer$Division (RaftServerImpl.java:appendEntriesAsync(1468)) - s2@group-12AB68C5691F: Not recognize s4 (term=1) as leader, state: s2@group-12AB68C5691F:t2, leader=null, voted=s2, raftlog=Memoized:s2@group-12AB68C5691F-SegmentedRaftLog:OPENED:c-1, conf=-1: peers:[s3|rpc:localhost:46799|admin:localhost:45171|client:localhost:46547|dataStream:localhost:40281|priority:0|startupRole:FOLLOWER, s4|rpc:localhost:39419|admin:localhost:43995|client:localhost:41785|dataStream:localhost:46687|priority:0|startupRole:FOLLOWER, s0|rpc:localhost:42481|admin:localhost:44771|client:localhost:42743|dataStream:localhost:43981|priority:0|startupRole:FOLLOWER, s1|rpc:localhost:44073|admin:localhost:36871|client:localhost:39477|dataStream:localhost:35501|priority:0|startupRole:FOLLOWER, s2|rpc:localhost:38365|admin:localhost:35135|client:localhost:40537|dataStream:localhost:38285|priority:0|startupRole:FOLLOWER]|listeners:[], old=null reply: s4<-s2#3:FAIL-t2,NOT_LEADER,nextIndex=0,followerCommit=-1,matchIndex=-1
2022-09-14 11:47:10,514 [s4@group-12AB68C5691F->s0-GrpcLogAppender-LogAppenderDaemon] WARN  server.GrpcLogAppender (GrpcLogAppender.java:mayWait(190)) - s4@group-12AB68C5691F->s0-GrpcLogAppender: Wait interrupted by java.lang.InterruptedException
2022-09-14 11:47:10,514 [s4@group-12AB68C5691F->s1-GrpcLogAppender-LogAppenderDaemon] WARN  server.GrpcLogAppender (GrpcLogAppender.java:mayWait(190)) - s4@group-12AB68C5691F->s1-GrpcLogAppender: Wait interrupted by java.lang.InterruptedException
2022-09-14 11:47:10,514 [s4@group-12AB68C5691F->s2-GrpcLogAppender-LogAppenderDaemon] WARN  server.GrpcLogAppender (GrpcLogAppender.java:mayWait(190)) - s4@group-12AB68C5691F->s2-GrpcLogAppender: Wait interrupted by java.lang.InterruptedException
2022-09-14 11:47:10,530 [grpc-default-executor-46] INFO  server.RaftServer$Division (RaftServerImpl.java:requestVote(1314)) - s3@group-12AB68C5691F replies to ELECTION vote request: s2<-s3#0:OK-t2. Peer's state: s3@group-12AB68C5691F:t2, leader=null, voted=s2, raftlog=Memoized:s3@group-12AB68C5691F-SegmentedRaftLog:OPENED:c-1, conf=-1: peers:[s3|rpc:localhost:46799|admin:localhost:45171|client:localhost:46547|dataStream:localhost:40281|priority:0|startupRole:FOLLOWER, s4|rpc:localhost:39419|admin:localhost:43995|client:localhost:41785|dataStream:localhost:46687|priority:0|startupRole:FOLLOWER, s0|rpc:localhost:42481|admin:localhost:44771|client:localhost:42743|dataStream:localhost:43981|priority:0|startupRole:FOLLOWER, s1|rpc:localhost:44073|admin:localhost:36871|client:localhost:39477|dataStream:localhost:35501|priority:0|startupRole:FOLLOWER, s2|rpc:localhost:38365|admin:localhost:35135|client:localhost:40537|dataStream:localhost:38285|priority:0|startupRole:FOLLOWER]|listeners:[], old=null
2022-09-14 11:47:10,532 [s0-server-thread2] DEBUG server.RaftServer$Division (RaftServerImpl.java:appendEntriesAsync(1468)) - s0@group-12AB68C5691F: Not recognize s4 (term=1) as leader, state: s0@group-12AB68C5691F:t2, leader=null, voted=s2, raftlog=Memoized:s0@group-12AB68C5691F-SegmentedRaftLog:OPENED:c-1, conf=-1: peers:[s3|rpc:localhost:46799|admin:localhost:45171|client:localhost:46547|dataStream:localhost:40281|priority:0|startupRole:FOLLOWER, s4|rpc:localhost:39419|admin:localhost:43995|client:localhost:41785|dataStream:localhost:46687|priority:0|startupRole:FOLLOWER, s0|rpc:localhost:42481|admin:localhost:44771|client:localhost:42743|dataStream:localhost:43981|priority:0|startupRole:FOLLOWER, s1|rpc:localhost:44073|admin:localhost:36871|client:localhost:39477|dataStream:localhost:35501|priority:0|startupRole:FOLLOWER, s2|rpc:localhost:38365|admin:localhost:35135|client:localhost:40537|dataStream:localhost:38285|priority:0|startupRole:FOLLOWER]|listeners:[], old=null reply: s4<-s0#3:FAIL-t2,NOT_LEADER,nextIndex=0,followerCommit=-1,matchIndex=-1
2022-09-14 11:47:10,533 [grpc-default-executor-39] INFO  server.GrpcServerProtocolService (GrpcServerProtocolService.java:onCompleted(145)) - s1: Completed APPEND_ENTRIES, lastRequest: null
2022-09-14 11:47:10,535 [s3-server-thread4] DEBUG server.RaftServer$Division (RaftServerImpl.java:appendEntriesAsync(1468)) - s3@group-12AB68C5691F: Not recognize s4 (term=1) as leader, state: s3@group-12AB68C5691F:t2, leader=null, voted=s2, raftlog=Memoized:s3@group-12AB68C5691F-SegmentedRaftLog:OPENED:c-1, conf=-1: peers:[s3|rpc:localhost:46799|admin:localhost:45171|client:localhost:46547|dataStream:localhost:40281|priority:0|startupRole:FOLLOWER, s4|rpc:localhost:39419|admin:localhost:43995|client:localhost:41785|dataStream:localhost:46687|priority:0|startupRole:FOLLOWER, s0|rpc:localhost:42481|admin:localhost:44771|client:localhost:42743|dataStream:localhost:43981|priority:0|startupRole:FOLLOWER, s1|rpc:localhost:44073|admin:localhost:36871|client:localhost:39477|dataStream:localhost:35501|priority:0|startupRole:FOLLOWER, s2|rpc:localhost:38365|admin:localhost:35135|client:localhost:40537|dataStream:localhost:38285|priority:0|startupRole:FOLLOWER]|listeners:[], old=null reply: s4<-s3#2:FAIL-t2,NOT_LEADER,nextIndex=0,followerCommit=-1,matchIndex=-1
2022-09-14 11:47:10,538 [grpc-default-executor-47] INFO  server.RaftServer$Division (RaftServerImpl.java:requestVote(1314)) - s4@group-12AB68C5691F replies to ELECTION vote request: s2<-s4#0:FAIL-t2. Peer's state: s4@group-12AB68C5691F:t2, leader=null, voted=null, raftlog=Memoized:s4@group-12AB68C5691F-SegmentedRaftLog:OPENED:c0, conf=0: peers:[s3|rpc:localhost:46799|admin:localhost:45171|client:localhost:46547|dataStream:localhost:40281|priority:0|startupRole:FOLLOWER, s4|rpc:localhost:39419|admin:localhost:43995|client:localhost:41785|dataStream:localhost:46687|priority:0|startupRole:FOLLOWER, s0|rpc:localhost:42481|admin:localhost:44771|client:localhost:42743|dataStream:localhost:43981|priority:0|startupRole:FOLLOWER, s1|rpc:localhost:44073|admin:localhost:36871|client:localhost:39477|dataStream:localhost:35501|priority:0|startupRole:FOLLOWER, s2|rpc:localhost:38365|admin:localhost:35135|client:localhost:40537|dataStream:localhost:38285|priority:0|startupRole:FOLLOWER]|listeners:[], old=null
2022-09-14 11:47:10,550 [grpc-default-executor-4] INFO  server.GrpcLogAppender (GrpcLogAppender.java:onCompleted(403)) - s4@group-12AB68C5691F->s1-AppendLogResponseHandler: follower responses appendEntries COMPLETED
2022-09-14 11:47:10,551 [s2@group-12AB68C5691F-LeaderElection6] INFO  impl.LeaderElection (LeaderElection.java:logAndReturn(89)) - s2@group-12AB68C5691F-LeaderElection6: ELECTION PASSED received 2 response(s) and 0 exception(s):
2022-09-14 11:47:10,551 [s2@group-12AB68C5691F-LeaderElection6] INFO  impl.LeaderElection (LeaderElection.java:logAndReturn(93)) -   Response 0: s2<-s3#0:OK-t2
2022-09-14 11:47:10,551 [s2@group-12AB68C5691F-LeaderElection6] INFO  impl.LeaderElection (LeaderElection.java:logAndReturn(93)) -   Response 1: s2<-s0#0:OK-t2
2022-09-14 11:47:10,551 [grpc-default-executor-4] INFO  leader.FollowerInfo (FollowerInfoImpl.java:lambda$new$0(48)) - s4@group-12AB68C5691F->s1: nextIndex: updateUnconditionally 1 -> 0
2022-09-14 11:47:10,551 [s2@group-12AB68C5691F-LeaderElection6] INFO  impl.LeaderElection (LeaderElection.java:askForVotes(310)) - s2@group-12AB68C5691F-LeaderElection6 ELECTION round 0: result PASSED
2022-09-14 11:47:10,552 [s2@group-12AB68C5691F-LeaderElection6] INFO  impl.RoleInfo (RoleInfo.java:shutdownLeaderElection(130)) - s2: shutdown s2@group-12AB68C5691F-LeaderElection6
2022-09-14 11:47:10,552 [s2@group-12AB68C5691F-LeaderElection6] INFO  server.RaftServer$Division (RaftServerImpl.java:setRole(317)) - s2@group-12AB68C5691F: changes role from CANDIDATE to LEADER at term 2 for changeToLeader
2022-09-14 11:47:10,552 [s2@group-12AB68C5691F-LeaderElection6] INFO  server.RaftServer$Division (ServerState.java:setLeader(259)) - s2@group-12AB68C5691F: change Leader from null to s2 at term 2 for becomeLeader, leader elected after 1776ms
2022-09-14 11:47:10,552 [s0-server-thread2] DEBUG server.RaftServer$Division (RaftServerImpl.java:appendEntriesAsync(1468)) - s0@group-12AB68C5691F: Not recognize s4 (term=1) as leader, state: s0@group-12AB68C5691F:t2, leader=null, voted=s2, raftlog=Memoized:s0@group-12AB68C5691F-SegmentedRaftLog:OPENED:c-1, conf=-1: peers:[s3|rpc:localhost:46799|admin:localhost:45171|client:localhost:46547|dataStream:localhost:40281|priority:0|startupRole:FOLLOWER, s4|rpc:localhost:39419|admin:localhost:43995|client:localhost:41785|dataStream:localhost:46687|priority:0|startupRole:FOLLOWER, s0|rpc:localhost:42481|admin:localhost:44771|client:localhost:42743|dataStream:localhost:43981|priority:0|startupRole:FOLLOWER, s1|rpc:localhost:44073|admin:localhost:36871|client:localhost:39477|dataStream:localhost:35501|priority:0|startupRole:FOLLOWER, s2|rpc:localhost:38365|admin:localhost:35135|client:localhost:40537|dataStream:localhost:38285|priority:0|startupRole:FOLLOWER]|listeners:[], old=null reply: s4<-s0#4:FAIL-t2,NOT_LEADER,nextIndex=0,followerCommit=-1,matchIndex=-1
2022-09-14 11:47:10,552 [s2@group-12AB68C5691F-LeaderElection6] INFO  server.RaftServerConfigKeys (ConfUtils.java:logGet(46)) - raft.server.staging.catchup.gap = 1000 (default)
2022-09-14 11:47:10,552 [s2@group-12AB68C5691F-LeaderElection6] INFO  server.RaftServerConfigKeys (ConfUtils.java:logGet(46)) - raft.server.write.element-limit = 4096 (default)
2022-09-14 11:47:10,552 [s2@group-12AB68C5691F-LeaderElection6] INFO  server.RaftServerConfigKeys (ConfUtils.java:logGet(46)) - raft.server.write.byte-limit = 64MB (=67108864) (default)
2022-09-14 11:47:10,552 [s2@group-12AB68C5691F-LeaderElection6] INFO  server.RaftServerConfigKeys (ConfUtils.java:logGet(46)) - raft.server.watch.timeout = 10s (default)
2022-09-14 11:47:10,552 [s2@group-12AB68C5691F-LeaderElection6] INFO  server.RaftServerConfigKeys (ConfUtils.java:logGet(46)) - raft.server.watch.timeout.denomination = 1s (default)
2022-09-14 11:47:10,552 [s2@group-12AB68C5691F-LeaderElection6] INFO  server.RaftServerConfigKeys (ConfUtils.java:logGet(46)) - raft.server.watch.element-limit = 65536 (default)
2022-09-14 11:47:10,552 [s2@group-12AB68C5691F-LeaderElection6] INFO  server.RaftServerConfigKeys (ConfUtils.java:logGet(46)) - raft.server.write.element-limit = 4096 (default)
2022-09-14 11:47:10,553 [s2@group-12AB68C5691F-LeaderElection6] INFO  server.RaftServerConfigKeys (ConfUtils.java:logGet(46)) - raft.server.write.follower.gap.ratio.max = -1.0 (default)
2022-09-14 11:47:10,553 [s2@group-12AB68C5691F-LeaderElection6] INFO  server.RaftServerConfigKeys (ConfUtils.java:logGet(46)) - raft.server.log.appender.snapshot.chunk.size.max = 16MB (=16777216) (default)
2022-09-14 11:47:10,553 [Time-limited test] WARN  ratis.RaftTestUtil (JavaUtils.java:attempt(217)) - FAILED "waitForLeader-null-(expectLeader? true)", attempt #4/100: java.lang.IllegalStateException: Leader: s2@group-12AB68C5691F not ready, sleep 450ms and then retry.
java.lang.IllegalStateException: Leader: s2@group-12AB68C5691F not ready
	at org.apache.ratis.RaftTestUtil.lambda$waitForLeader$3(RaftTestUtil.java:114)
	at org.apache.ratis.util.JavaUtils.attempt(JavaUtils.java:211)
	at org.apache.ratis.util.JavaUtils.attemptRepeatedly(JavaUtils.java:197)
	at org.apache.ratis.RaftTestUtil.waitForLeader(RaftTestUtil.java:111)
	at org.apache.ratis.RaftTestUtil.waitForLeader(RaftTestUtil.java:92)
	at org.apache.ratis.RaftTestUtil.waitForLeader(RaftTestUtil.java:87)
	at org.apache.ratis.server.impl.LeaderElectionTests.testEnforceLeader(LeaderElectionTests.java:277)
	at org.apache.ratis.grpc.TestLeaderElectionWithGrpc.testEnforceLeader(TestLeaderElectionWithGrpc.java:31)
	at java.base/jdk.internal.reflect.NativeMethodAccessorImpl.invoke0(Native Method)
	at java.base/jdk.internal.reflect.NativeMethodAccessorImpl.invoke(NativeMethodAccessorImpl.java:62)
	at java.base/jdk.internal.reflect.DelegatingMethodAccessorImpl.invoke(DelegatingMethodAccessorImpl.java:43)
	at java.base/java.lang.reflect.Method.invoke(Method.java:566)
	at org.junit.runners.model.FrameworkMethod$1.runReflectiveCall(FrameworkMethod.java:59)
	at org.junit.internal.runners.model.ReflectiveCallable.run(ReflectiveCallable.java:12)
	at org.junit.runners.model.FrameworkMethod.invokeExplosively(FrameworkMethod.java:56)
	at org.junit.internal.runners.statements.InvokeMethod.evaluate(InvokeMethod.java:17)
	at org.junit.internal.runners.statements.RunAfters.evaluate(RunAfters.java:27)
	at org.junit.internal.runners.statements.FailOnTimeout$CallableStatement.call(FailOnTimeout.java:299)
	at org.junit.internal.runners.statements.FailOnTimeout$CallableStatement.call(FailOnTimeout.java:293)
	at java.base/java.util.concurrent.FutureTask.run(FutureTask.java:264)
	at java.base/java.lang.Thread.run(Thread.java:829)
2022-09-14 11:47:10,552 [grpc-default-executor-46] INFO  server.GrpcServerProtocolService (GrpcServerProtocolService.java:onCompleted(145)) - s0: Completed APPEND_ENTRIES, lastRequest: null
2022-09-14 11:47:10,555 [grpc-default-executor-41] INFO  server.RaftServer$Division (RaftServerImpl.java:requestVote(1314)) - s1@group-12AB68C5691F replies to ELECTION vote request: s2<-s1#0:OK-t2. Peer's state: s1@group-12AB68C5691F:t2, leader=null, voted=s2, raftlog=Memoized:s1@group-12AB68C5691F-SegmentedRaftLog:OPENED:c-1, conf=-1: peers:[s3|rpc:localhost:46799|admin:localhost:45171|client:localhost:46547|dataStream:localhost:40281|priority:0|startupRole:FOLLOWER, s4|rpc:localhost:39419|admin:localhost:43995|client:localhost:41785|dataStream:localhost:46687|priority:0|startupRole:FOLLOWER, s0|rpc:localhost:42481|admin:localhost:44771|client:localhost:42743|dataStream:localhost:43981|priority:0|startupRole:FOLLOWER, s1|rpc:localhost:44073|admin:localhost:36871|client:localhost:39477|dataStream:localhost:35501|priority:0|startupRole:FOLLOWER, s2|rpc:localhost:38365|admin:localhost:35135|client:localhost:40537|dataStream:localhost:38285|priority:0|startupRole:FOLLOWER]|listeners:[], old=null
2022-09-14 11:47:10,553 [s2@group-12AB68C5691F-LeaderElection6] INFO  server.RaftServerConfigKeys (ConfUtils.java:logGet(46)) - raft.server.log.appender.buffer.byte-limit = 4MB (=4194304) (default)
2022-09-14 11:47:10,562 [s2@group-12AB68C5691F-LeaderElection6] INFO  server.RaftServerConfigKeys (ConfUtils.java:logGet(46)) - raft.server.log.appender.buffer.element-limit = 0 (default)
2022-09-14 11:47:10,563 [s2@group-12AB68C5691F-LeaderElection6] INFO  grpc.GrpcConfigKeys (ConfUtils.java:logGet(46)) - raft.grpc.server.leader.outstanding.appends.max = 128 (default)
2022-09-14 11:47:10,563 [s2@group-12AB68C5691F-LeaderElection6] INFO  server.RaftServerConfigKeys (ConfUtils.java:logGet(46)) - raft.server.rpc.request.timeout = 3000ms (default)
2022-09-14 11:47:10,563 [s2@group-12AB68C5691F-LeaderElection6] INFO  server.RaftServerConfigKeys (ConfUtils.java:logGet(46)) - raft.server.log.appender.install.snapshot.enabled = true (default)
2022-09-14 11:47:10,563 [s2@group-12AB68C5691F-LeaderElection6] INFO  grpc.GrpcConfigKeys (ConfUtils.java:logGet(46)) - raft.grpc.server.heartbeat.channel = true (default)
2022-09-14 11:47:10,563 [s2@group-12AB68C5691F-LeaderElection6] INFO  server.RaftServerConfigKeys (ConfUtils.java:logGet(46)) - raft.server.log.appender.snapshot.chunk.size.max = 16MB (=16777216) (default)
2022-09-14 11:47:10,564 [s2@group-12AB68C5691F-LeaderElection6] INFO  server.RaftServerConfigKeys (ConfUtils.java:logGet(46)) - raft.server.log.appender.buffer.byte-limit = 4MB (=4194304) (default)
2022-09-14 11:47:10,564 [s2@group-12AB68C5691F-LeaderElection6] INFO  server.RaftServerConfigKeys (ConfUtils.java:logGet(46)) - raft.server.log.appender.buffer.element-limit = 0 (default)
2022-09-14 11:47:10,564 [s2@group-12AB68C5691F-LeaderElection6] INFO  grpc.GrpcConfigKeys (ConfUtils.java:logGet(46)) - raft.grpc.server.leader.outstanding.appends.max = 128 (default)
2022-09-14 11:47:10,564 [s2@group-12AB68C5691F-LeaderElection6] INFO  server.RaftServerConfigKeys (ConfUtils.java:logGet(46)) - raft.server.rpc.request.timeout = 3000ms (default)
2022-09-14 11:47:10,564 [s2@group-12AB68C5691F-LeaderElection6] INFO  server.RaftServerConfigKeys (ConfUtils.java:logGet(46)) - raft.server.log.appender.install.snapshot.enabled = true (default)
2022-09-14 11:47:10,564 [s2@group-12AB68C5691F-LeaderElection6] INFO  grpc.GrpcConfigKeys (ConfUtils.java:logGet(46)) - raft.grpc.server.heartbeat.channel = true (default)
2022-09-14 11:47:10,565 [s3-server-thread4] DEBUG server.RaftServer$Division (RaftServerImpl.java:appendEntriesAsync(1468)) - s3@group-12AB68C5691F: Not recognize s4 (term=1) as leader, state: s3@group-12AB68C5691F:t2, leader=null, voted=s2, raftlog=Memoized:s3@group-12AB68C5691F-SegmentedRaftLog:OPENED:c-1, conf=-1: peers:[s3|rpc:localhost:46799|admin:localhost:45171|client:localhost:46547|dataStream:localhost:40281|priority:0|startupRole:FOLLOWER, s4|rpc:localhost:39419|admin:localhost:43995|client:localhost:41785|dataStream:localhost:46687|priority:0|startupRole:FOLLOWER, s0|rpc:localhost:42481|admin:localhost:44771|client:localhost:42743|dataStream:localhost:43981|priority:0|startupRole:FOLLOWER, s1|rpc:localhost:44073|admin:localhost:36871|client:localhost:39477|dataStream:localhost:35501|priority:0|startupRole:FOLLOWER, s2|rpc:localhost:38365|admin:localhost:35135|client:localhost:40537|dataStream:localhost:38285|priority:0|startupRole:FOLLOWER]|listeners:[], old=null reply: s4<-s3#3:FAIL-t2,NOT_LEADER,nextIndex=0,followerCommit=-1,matchIndex=-1
2022-09-14 11:47:10,565 [grpc-default-executor-4] INFO  server.GrpcServerProtocolService (GrpcServerProtocolService.java:onCompleted(145)) - s3: Completed APPEND_ENTRIES, lastRequest: null
2022-09-14 11:47:10,566 [grpc-default-executor-4] INFO  server.GrpcLogAppender (GrpcLogAppender.java:onCompleted(403)) - s4@group-12AB68C5691F->s3-AppendLogResponseHandler: follower responses appendEntries COMPLETED
2022-09-14 11:47:10,567 [grpc-default-executor-4] INFO  leader.FollowerInfo (FollowerInfoImpl.java:lambda$new$0(48)) - s4@group-12AB68C5691F->s3: nextIndex: updateUnconditionally 1 -> 0
2022-09-14 11:47:10,568 [grpc-default-executor-4] INFO  server.GrpcLogAppender (GrpcLogAppender.java:onCompleted(403)) - s4@group-12AB68C5691F->s0-AppendLogResponseHandler: follower responses appendEntries COMPLETED
2022-09-14 11:47:10,568 [grpc-default-executor-4] INFO  leader.FollowerInfo (FollowerInfoImpl.java:lambda$new$0(48)) - s4@group-12AB68C5691F->s0: nextIndex: updateUnconditionally 1 -> 0
2022-09-14 11:47:10,566 [s2@group-12AB68C5691F-LeaderElection6] INFO  server.RaftServerConfigKeys (ConfUtils.java:logGet(46)) - raft.server.log.appender.snapshot.chunk.size.max = 16MB (=16777216) (default)
2022-09-14 11:47:10,569 [s2@group-12AB68C5691F-LeaderElection6] INFO  server.RaftServerConfigKeys (ConfUtils.java:logGet(46)) - raft.server.log.appender.buffer.byte-limit = 4MB (=4194304) (default)
2022-09-14 11:47:10,569 [s2@group-12AB68C5691F-LeaderElection6] INFO  server.RaftServerConfigKeys (ConfUtils.java:logGet(46)) - raft.server.log.appender.buffer.element-limit = 0 (default)
2022-09-14 11:47:10,569 [s2@group-12AB68C5691F-LeaderElection6] INFO  grpc.GrpcConfigKeys (ConfUtils.java:logGet(46)) - raft.grpc.server.leader.outstanding.appends.max = 128 (default)
2022-09-14 11:47:10,569 [s2@group-12AB68C5691F-LeaderElection6] INFO  server.RaftServerConfigKeys (ConfUtils.java:logGet(46)) - raft.server.rpc.request.timeout = 3000ms (default)
2022-09-14 11:47:10,571 [s2@group-12AB68C5691F-LeaderElection6] INFO  server.RaftServerConfigKeys (ConfUtils.java:logGet(46)) - raft.server.log.appender.install.snapshot.enabled = true (default)
2022-09-14 11:47:10,571 [s2@group-12AB68C5691F-LeaderElection6] INFO  grpc.GrpcConfigKeys (ConfUtils.java:logGet(46)) - raft.grpc.server.heartbeat.channel = true (default)
2022-09-14 11:47:10,572 [s2@group-12AB68C5691F-LeaderElection6] INFO  server.RaftServerConfigKeys (ConfUtils.java:logGet(46)) - raft.server.log.appender.snapshot.chunk.size.max = 16MB (=16777216) (default)
2022-09-14 11:47:10,572 [s2@group-12AB68C5691F-LeaderElection6] INFO  server.RaftServerConfigKeys (ConfUtils.java:logGet(46)) - raft.server.log.appender.buffer.byte-limit = 4MB (=4194304) (default)
2022-09-14 11:47:10,572 [s2@group-12AB68C5691F-LeaderElection6] INFO  server.RaftServerConfigKeys (ConfUtils.java:logGet(46)) - raft.server.log.appender.buffer.element-limit = 0 (default)
2022-09-14 11:47:10,572 [s2@group-12AB68C5691F-LeaderElection6] INFO  grpc.GrpcConfigKeys (ConfUtils.java:logGet(46)) - raft.grpc.server.leader.outstanding.appends.max = 128 (default)
2022-09-14 11:47:10,572 [s2@group-12AB68C5691F-LeaderElection6] INFO  server.RaftServerConfigKeys (ConfUtils.java:logGet(46)) - raft.server.rpc.request.timeout = 3000ms (default)
2022-09-14 11:47:10,573 [s2@group-12AB68C5691F-LeaderElection6] INFO  server.RaftServerConfigKeys (ConfUtils.java:logGet(46)) - raft.server.log.appender.install.snapshot.enabled = true (default)
2022-09-14 11:47:10,573 [s2@group-12AB68C5691F-LeaderElection6] INFO  grpc.GrpcConfigKeys (ConfUtils.java:logGet(46)) - raft.grpc.server.heartbeat.channel = true (default)
2022-09-14 11:47:10,573 [s2@group-12AB68C5691F-LeaderElection6] INFO  impl.RoleInfo (RoleInfo.java:updateAndGet(139)) - s2: start s2@group-12AB68C5691F-LeaderStateImpl
2022-09-14 11:47:10,573 [s2@group-12AB68C5691F-LeaderElection6] INFO  segmented.SegmentedRaftLogWorker (SegmentedRaftLogWorker.java:startLogSegment(427)) - s2@group-12AB68C5691F-SegmentedRaftLogWorker: Starting segment from index:0
2022-09-14 11:47:10,586 [s2@group-12AB68C5691F-SegmentedRaftLogWorker] INFO  segmented.SegmentedRaftLogWorker (SegmentedRaftLogWorker.java:execute(631)) - s2@group-12AB68C5691F-SegmentedRaftLogWorker: created new log segment /home/runner/work/ratis/ratis/ratis-test/target/test/data/30463c06/MiniRaftClusterWithGrpcf18d2315/s2/d68e6cc1-9078-4035-9262-12ab68c5691f/current/log_inprogress_0
2022-09-14 11:47:10,599 [s2@group-12AB68C5691F-LeaderElection6] INFO  server.RaftServer$Division (ServerState.java:setRaftConf(376)) - s2@group-12AB68C5691F: set configuration 0: peers:[s3|rpc:localhost:46799|admin:localhost:45171|client:localhost:46547|dataStream:localhost:40281|priority:0|startupRole:FOLLOWER, s4|rpc:localhost:39419|admin:localhost:43995|client:localhost:41785|dataStream:localhost:46687|priority:0|startupRole:FOLLOWER, s0|rpc:localhost:42481|admin:localhost:44771|client:localhost:42743|dataStream:localhost:43981|priority:0|startupRole:FOLLOWER, s1|rpc:localhost:44073|admin:localhost:36871|client:localhost:39477|dataStream:localhost:35501|priority:0|startupRole:FOLLOWER, s2|rpc:localhost:38365|admin:localhost:35135|client:localhost:40537|dataStream:localhost:38285|priority:0|startupRole:FOLLOWER]|listeners:[], old=null
2022-09-14 11:47:10,601 [s2-server-thread2] DEBUG server.RaftServer$Division (RaftServerImpl.java:appendEntriesAsync(1468)) - s2@group-12AB68C5691F: Not recognize s4 (term=1) as leader, state: s2@group-12AB68C5691F:t2, leader=s2, voted=s2, raftlog=Memoized:s2@group-12AB68C5691F-SegmentedRaftLog:OPENED:c0, conf=0: peers:[s3|rpc:localhost:46799|admin:localhost:45171|client:localhost:46547|dataStream:localhost:40281|priority:0|startupRole:FOLLOWER, s4|rpc:localhost:39419|admin:localhost:43995|client:localhost:41785|dataStream:localhost:46687|priority:0|startupRole:FOLLOWER, s0|rpc:localhost:42481|admin:localhost:44771|client:localhost:42743|dataStream:localhost:43981|priority:0|startupRole:FOLLOWER, s1|rpc:localhost:44073|admin:localhost:36871|client:localhost:39477|dataStream:localhost:35501|priority:0|startupRole:FOLLOWER, s2|rpc:localhost:38365|admin:localhost:35135|client:localhost:40537|dataStream:localhost:38285|priority:0|startupRole:FOLLOWER]|listeners:[], old=null reply: s4<-s2#4:FAIL-t2,NOT_LEADER,nextIndex=1,followerCommit=-1,matchIndex=-1
2022-09-14 11:47:10,603 [grpc-default-executor-14] INFO  server.GrpcServerProtocolService (GrpcServerProtocolService.java:onCompleted(145)) - s2: Completed APPEND_ENTRIES, lastRequest: null
2022-09-14 11:47:10,609 [s2-server-thread1] DEBUG server.RaftServer$Division (RaftServerImpl.java:logAppendEntries(1405)) - s2@group-12AB68C5691F: receive appendEntries(s4, 1, null, -1, true, commits:[s4:c-1, s3:c-1, s0:c-1, s1:c-1, s2:c-1], cId:1, entries: [(t:1, i:0), CONFIGURATIONENTRY(current:id: "s3"
address: "localhost:46799"
dataStreamAddress: "localhost:40281"
clientAddress: "localhost:46547"
adminAddress: "localhost:45171"
startupRole: FOLLOWER
,id: "s4"
address: "localhost:39419"
dataStreamAddress: "localhost:46687"
clientAddress: "localhost:41785"
adminAddress: "localhost:43995"
startupRole: FOLLOWER
,id: "s0"
address: "localhost:42481"
dataStreamAddress: "localhost:43981"
clientAddress: "localhost:42743"
adminAddress: "localhost:44771"
startupRole: FOLLOWER
,id: "s1"
address: "localhost:44073"
dataStreamAddress: "localhost:35501"
clientAddress: "localhost:39477"
adminAddress: "localhost:36871"
startupRole: FOLLOWER
,id: "s2"
address: "localhost:38365"
dataStreamAddress: "localhost:38285"
clientAddress: "localhost:40537"
adminAddress: "localhost:35135"
startupRole: FOLLOWER
, old:)]
2022-09-14 11:47:10,609 [s2-server-thread1] DEBUG server.RaftServer$Division (RaftServerImpl.java:appendEntriesAsync(1468)) - s2@group-12AB68C5691F: Not recognize s4 (term=1) as leader, state: s2@group-12AB68C5691F:t2, leader=s2, voted=s2, raftlog=Memoized:s2@group-12AB68C5691F-SegmentedRaftLog:OPENED:c0, conf=0: peers:[s3|rpc:localhost:46799|admin:localhost:45171|client:localhost:46547|dataStream:localhost:40281|priority:0|startupRole:FOLLOWER, s4|rpc:localhost:39419|admin:localhost:43995|client:localhost:41785|dataStream:localhost:46687|priority:0|startupRole:FOLLOWER, s0|rpc:localhost:42481|admin:localhost:44771|client:localhost:42743|dataStream:localhost:43981|priority:0|startupRole:FOLLOWER, s1|rpc:localhost:44073|admin:localhost:36871|client:localhost:39477|dataStream:localhost:35501|priority:0|startupRole:FOLLOWER, s2|rpc:localhost:38365|admin:localhost:35135|client:localhost:40537|dataStream:localhost:38285|priority:0|startupRole:FOLLOWER]|listeners:[], old=null reply: s4<-s2#1:FAIL-t2,NOT_LEADER,nextIndex=1,followerCommit=0,matchIndex=-1
2022-09-14 11:47:10,612 [s1-server-thread1] DEBUG server.RaftServer$Division (RaftServerImpl.java:logAppendEntries(1405)) - s1@group-12AB68C5691F: receive appendEntries(s4, 1, null, -1, true, commits:[s4:c-1, s3:c-1, s0:c-1, s1:c-1, s2:c-1], cId:1, entries: [(t:1, i:0), CONFIGURATIONENTRY(current:id: "s3"
address: "localhost:46799"
dataStreamAddress: "localhost:40281"
clientAddress: "localhost:46547"
adminAddress: "localhost:45171"
startupRole: FOLLOWER
,id: "s4"
address: "localhost:39419"
dataStreamAddress: "localhost:46687"
clientAddress: "localhost:41785"
adminAddress: "localhost:43995"
startupRole: FOLLOWER
,id: "s0"
address: "localhost:42481"
dataStreamAddress: "localhost:43981"
clientAddress: "localhost:42743"
adminAddress: "localhost:44771"
startupRole: FOLLOWER
,id: "s1"
address: "localhost:44073"
dataStreamAddress: "localhost:35501"
clientAddress: "localhost:39477"
adminAddress: "localhost:36871"
startupRole: FOLLOWER
,id: "s2"
address: "localhost:38365"
dataStreamAddress: "localhost:38285"
clientAddress: "localhost:40537"
adminAddress: "localhost:35135"
startupRole: FOLLOWER
, old:)]
2022-09-14 11:47:10,612 [s1-server-thread1] DEBUG server.RaftServer$Division (RaftServerImpl.java:appendEntriesAsync(1468)) - s1@group-12AB68C5691F: Not recognize s4 (term=1) as leader, state: s1@group-12AB68C5691F:t2, leader=null, voted=s2, raftlog=Memoized:s1@group-12AB68C5691F-SegmentedRaftLog:OPENED:c-1, conf=-1: peers:[s3|rpc:localhost:46799|admin:localhost:45171|client:localhost:46547|dataStream:localhost:40281|priority:0|startupRole:FOLLOWER, s4|rpc:localhost:39419|admin:localhost:43995|client:localhost:41785|dataStream:localhost:46687|priority:0|startupRole:FOLLOWER, s0|rpc:localhost:42481|admin:localhost:44771|client:localhost:42743|dataStream:localhost:43981|priority:0|startupRole:FOLLOWER, s1|rpc:localhost:44073|admin:localhost:36871|client:localhost:39477|dataStream:localhost:35501|priority:0|startupRole:FOLLOWER, s2|rpc:localhost:38365|admin:localhost:35135|client:localhost:40537|dataStream:localhost:38285|priority:0|startupRole:FOLLOWER]|listeners:[], old=null reply: s4<-s1#1:FAIL-t2,NOT_LEADER,nextIndex=0,followerCommit=-1,matchIndex=-1
2022-09-14 11:47:10,613 [grpc-default-executor-38] INFO  server.GrpcServerProtocolService (GrpcServerProtocolService.java:onCompleted(145)) - s1: Completed APPEND_ENTRIES, lastRequest: s4->s1#1-t1,previous=(t:0, i:0),leaderCommit=-1,initializing? true,entries: size=1, first=(t:1, i:0), CONFIGURATIONENTRY(current:id: "s3"
address: "localhost:46799"
dataStreamAddress: "localhost:40281"
clientAddress: "localhost:46547"
adminAddress: "localhost:45171"
startupRole: FOLLOWER
,id: "s4"
address: "localhost:39419"
dataStreamAddress: "localhost:46687"
clientAddress: "localhost:41785"
adminAddress: "localhost:43995"
startupRole: FOLLOWER
,id: "s0"
address: "localhost:42481"
dataStreamAddress: "localhost:43981"
clientAddress: "localhost:42743"
adminAddress: "localhost:44771"
startupRole: FOLLOWER
,id: "s1"
address: "localhost:44073"
dataStreamAddress: "localhost:35501"
clientAddress: "localhost:39477"
adminAddress: "localhost:36871"
startupRole: FOLLOWER
,id: "s2"
address: "localhost:38365"
dataStreamAddress: "localhost:38285"
clientAddress: "localhost:40537"
adminAddress: "localhost:35135"
startupRole: FOLLOWER
, old:)
2022-09-14 11:47:10,614 [grpc-default-executor-39] INFO  server.GrpcLogAppender (GrpcLogAppender.java:onCompleted(403)) - s4@group-12AB68C5691F->s1-AppendLogResponseHandler: follower responses appendEntries COMPLETED
2022-09-14 11:47:10,615 [s0-server-thread2] DEBUG server.RaftServer$Division (RaftServerImpl.java:logAppendEntries(1405)) - s0@group-12AB68C5691F: receive appendEntries(s2, 2, null, -1, true, commits:[s2:c-1, s3:c-1, s4:c-1, s0:c-1, s1:c-1], cId:1, entries: [(t:2, i:0), CONFIGURATIONENTRY(current:id: "s3"
address: "localhost:46799"
dataStreamAddress: "localhost:40281"
clientAddress: "localhost:46547"
adminAddress: "localhost:45171"
startupRole: FOLLOWER
,id: "s4"
address: "localhost:39419"
dataStreamAddress: "localhost:46687"
clientAddress: "localhost:41785"
adminAddress: "localhost:43995"
startupRole: FOLLOWER
,id: "s0"
address: "localhost:42481"
dataStreamAddress: "localhost:43981"
clientAddress: "localhost:42743"
adminAddress: "localhost:44771"
startupRole: FOLLOWER
,id: "s1"
address: "localhost:44073"
dataStreamAddress: "localhost:35501"
clientAddress: "localhost:39477"
adminAddress: "localhost:36871"
startupRole: FOLLOWER
,id: "s2"
address: "localhost:38365"
dataStreamAddress: "localhost:38285"
clientAddress: "localhost:40537"
adminAddress: "localhost:35135"
startupRole: FOLLOWER
, old:)]
2022-09-14 11:47:10,615 [s0-server-thread2] INFO  server.RaftServer$Division (ServerState.java:setLeader(259)) - s0@group-12AB68C5691F: change Leader from null to s2 at term 2 for appendEntries, leader elected after 1894ms
2022-09-14 11:47:10,615 [s4-server-thread1] DEBUG server.RaftServer$Division (RaftServerImpl.java:logAppendEntries(1405)) - s4@group-12AB68C5691F: receive appendEntries(s2, 2, null, -1, true, commits:[s2:c-1, s3:c-1, s4:c-1, s0:c-1, s1:c-1], cId:1, entries: [(t:2, i:0), CONFIGURATIONENTRY(current:id: "s3"
address: "localhost:46799"
dataStreamAddress: "localhost:40281"
clientAddress: "localhost:46547"
adminAddress: "localhost:45171"
startupRole: FOLLOWER
,id: "s4"
address: "localhost:39419"
dataStreamAddress: "localhost:46687"
clientAddress: "localhost:41785"
adminAddress: "localhost:43995"
startupRole: FOLLOWER
,id: "s0"
address: "localhost:42481"
dataStreamAddress: "localhost:43981"
clientAddress: "localhost:42743"
adminAddress: "localhost:44771"
startupRole: FOLLOWER
,id: "s1"
address: "localhost:44073"
dataStreamAddress: "localhost:35501"
clientAddress: "localhost:39477"
adminAddress: "localhost:36871"
startupRole: FOLLOWER
,id: "s2"
address: "localhost:38365"
dataStreamAddress: "localhost:38285"
clientAddress: "localhost:40537"
adminAddress: "localhost:35135"
startupRole: FOLLOWER
, old:)]
2022-09-14 11:47:10,616 [s4-server-thread1] INFO  server.RaftServer$Division (ServerState.java:setLeader(259)) - s4@group-12AB68C5691F: change Leader from null to s2 at term 2 for appendEntries, leader elected after 106ms
2022-09-14 11:47:10,616 [s4-server-thread1] INFO  server.RaftServer$Division (RaftServerImpl.java:checkInconsistentAppendEntries(1576)) - s4@group-12AB68C5691F: Failed appendEntries as the first entry (index 0) already exists (snapshotIndex: -1, commitIndex: 0)
2022-09-14 11:47:10,616 [s4-server-thread1] INFO  server.RaftServer$Division (RaftServerImpl.java:checkInconsistentAppendEntries(1556)) - s4@group-12AB68C5691F: inconsistency entries. Reply:s2<-s4#1:FAIL-t2,INCONSISTENCY,nextIndex=1,followerCommit=0,matchIndex=-1
2022-09-14 11:47:10,616 [grpc-default-executor-11] INFO  server.GrpcServerProtocolService (GrpcServerProtocolService.java:onCompleted(145)) - s2: Completed APPEND_ENTRIES, lastRequest: s4->s2#1-t1,previous=(t:0, i:0),leaderCommit=-1,initializing? true,entries: size=1, first=(t:1, i:0), CONFIGURATIONENTRY(current:id: "s3"
address: "localhost:46799"
dataStreamAddress: "localhost:40281"
clientAddress: "localhost:46547"
adminAddress: "localhost:45171"
startupRole: FOLLOWER
,id: "s4"
address: "localhost:39419"
dataStreamAddress: "localhost:46687"
clientAddress: "localhost:41785"
adminAddress: "localhost:43995"
startupRole: FOLLOWER
,id: "s0"
address: "localhost:42481"
dataStreamAddress: "localhost:43981"
clientAddress: "localhost:42743"
adminAddress: "localhost:44771"
startupRole: FOLLOWER
,id: "s1"
address: "localhost:44073"
dataStreamAddress: "localhost:35501"
clientAddress: "localhost:39477"
adminAddress: "localhost:36871"
startupRole: FOLLOWER
,id: "s2"
address: "localhost:38365"
dataStreamAddress: "localhost:38285"
clientAddress: "localhost:40537"
adminAddress: "localhost:35135"
startupRole: FOLLOWER
, old:)
2022-09-14 11:47:10,614 [grpc-default-executor-39] INFO  leader.FollowerInfo (FollowerInfoImpl.java:lambda$new$0(48)) - s4@group-12AB68C5691F->s1: nextIndex: updateUnconditionally 0 -> 0
2022-09-14 11:47:10,618 [s0-server-thread1] DEBUG server.RaftServer$Division (RaftServerImpl.java:logAppendEntries(1405)) - s0@group-12AB68C5691F: receive appendEntries(s4, 1, null, -1, true, commits:[s4:c-1, s3:c-1, s0:c-1, s1:c-1, s2:c-1], cId:1, entries: [(t:1, i:0), CONFIGURATIONENTRY(current:id: "s3"
address: "localhost:46799"
dataStreamAddress: "localhost:40281"
clientAddress: "localhost:46547"
adminAddress: "localhost:45171"
startupRole: FOLLOWER
,id: "s4"
address: "localhost:39419"
dataStreamAddress: "localhost:46687"
clientAddress: "localhost:41785"
adminAddress: "localhost:43995"
startupRole: FOLLOWER
,id: "s0"
address: "localhost:42481"
dataStreamAddress: "localhost:43981"
clientAddress: "localhost:42743"
adminAddress: "localhost:44771"
startupRole: FOLLOWER
,id: "s1"
address: "localhost:44073"
dataStreamAddress: "localhost:35501"
clientAddress: "localhost:39477"
adminAddress: "localhost:36871"
startupRole: FOLLOWER
,id: "s2"
address: "localhost:38365"
dataStreamAddress: "localhost:38285"
clientAddress: "localhost:40537"
adminAddress: "localhost:35135"
startupRole: FOLLOWER
, old:)]
2022-09-14 11:47:10,619 [s0-server-thread2] INFO  server.RaftServer$Division (ServerState.java:setRaftConf(376)) - s0@group-12AB68C5691F: set configuration 0: peers:[s3|rpc:localhost:46799|admin:localhost:45171|client:localhost:46547|dataStream:localhost:40281|priority:0|startupRole:FOLLOWER, s4|rpc:localhost:39419|admin:localhost:43995|client:localhost:41785|dataStream:localhost:46687|priority:0|startupRole:FOLLOWER, s0|rpc:localhost:42481|admin:localhost:44771|client:localhost:42743|dataStream:localhost:43981|priority:0|startupRole:FOLLOWER, s1|rpc:localhost:44073|admin:localhost:36871|client:localhost:39477|dataStream:localhost:35501|priority:0|startupRole:FOLLOWER, s2|rpc:localhost:38365|admin:localhost:35135|client:localhost:40537|dataStream:localhost:38285|priority:0|startupRole:FOLLOWER]|listeners:[], old=null
2022-09-14 11:47:10,619 [s0-server-thread2] INFO  segmented.SegmentedRaftLogWorker (SegmentedRaftLogWorker.java:startLogSegment(427)) - s0@group-12AB68C5691F-SegmentedRaftLogWorker: Starting segment from index:0
2022-09-14 11:47:10,620 [s0-server-thread1] DEBUG server.RaftServer$Division (RaftServerImpl.java:appendEntriesAsync(1468)) - s0@group-12AB68C5691F: Not recognize s4 (term=1) as leader, state: s0@group-12AB68C5691F:t2, leader=s2, voted=s2, raftlog=Memoized:s0@group-12AB68C5691F-SegmentedRaftLog:OPENED:c-1, conf=0: peers:[s3|rpc:localhost:46799|admin:localhost:45171|client:localhost:46547|dataStream:localhost:40281|priority:0|startupRole:FOLLOWER, s4|rpc:localhost:39419|admin:localhost:43995|client:localhost:41785|dataStream:localhost:46687|priority:0|startupRole:FOLLOWER, s0|rpc:localhost:42481|admin:localhost:44771|client:localhost:42743|dataStream:localhost:43981|priority:0|startupRole:FOLLOWER, s1|rpc:localhost:44073|admin:localhost:36871|client:localhost:39477|dataStream:localhost:35501|priority:0|startupRole:FOLLOWER, s2|rpc:localhost:38365|admin:localhost:35135|client:localhost:40537|dataStream:localhost:38285|priority:0|startupRole:FOLLOWER]|listeners:[], old=null reply: s4<-s0#1:FAIL-t2,NOT_LEADER,nextIndex=1,followerCommit=-1,matchIndex=-1
2022-09-14 11:47:10,621 [grpc-default-executor-19] INFO  server.GrpcServerProtocolService (GrpcServerProtocolService.java:onCompleted(145)) - s0: Completed APPEND_ENTRIES, lastRequest: s4->s0#1-t1,previous=(t:0, i:0),leaderCommit=-1,initializing? true,entries: size=1, first=(t:1, i:0), CONFIGURATIONENTRY(current:id: "s3"
address: "localhost:46799"
dataStreamAddress: "localhost:40281"
clientAddress: "localhost:46547"
adminAddress: "localhost:45171"
startupRole: FOLLOWER
,id: "s4"
address: "localhost:39419"
dataStreamAddress: "localhost:46687"
clientAddress: "localhost:41785"
adminAddress: "localhost:43995"
startupRole: FOLLOWER
,id: "s0"
address: "localhost:42481"
dataStreamAddress: "localhost:43981"
clientAddress: "localhost:42743"
adminAddress: "localhost:44771"
startupRole: FOLLOWER
,id: "s1"
address: "localhost:44073"
dataStreamAddress: "localhost:35501"
clientAddress: "localhost:39477"
adminAddress: "localhost:36871"
startupRole: FOLLOWER
,id: "s2"
address: "localhost:38365"
dataStreamAddress: "localhost:38285"
clientAddress: "localhost:40537"
adminAddress: "localhost:35135"
startupRole: FOLLOWER
, old:)
2022-09-14 11:47:10,622 [s3-server-thread4] DEBUG server.RaftServer$Division (RaftServerImpl.java:logAppendEntries(1405)) - s3@group-12AB68C5691F: receive appendEntries(s2, 2, null, -1, true, commits:[s2:c-1, s3:c-1, s4:c-1, s0:c-1, s1:c-1], cId:1, entries: [(t:2, i:0), CONFIGURATIONENTRY(current:id: "s3"
address: "localhost:46799"
dataStreamAddress: "localhost:40281"
clientAddress: "localhost:46547"
adminAddress: "localhost:45171"
startupRole: FOLLOWER
,id: "s4"
address: "localhost:39419"
dataStreamAddress: "localhost:46687"
clientAddress: "localhost:41785"
adminAddress: "localhost:43995"
startupRole: FOLLOWER
,id: "s0"
address: "localhost:42481"
dataStreamAddress: "localhost:43981"
clientAddress: "localhost:42743"
adminAddress: "localhost:44771"
startupRole: FOLLOWER
,id: "s1"
address: "localhost:44073"
dataStreamAddress: "localhost:35501"
clientAddress: "localhost:39477"
adminAddress: "localhost:36871"
startupRole: FOLLOWER
,id: "s2"
address: "localhost:38365"
dataStreamAddress: "localhost:38285"
clientAddress: "localhost:40537"
adminAddress: "localhost:35135"
startupRole: FOLLOWER
, old:)]
2022-09-14 11:47:10,622 [s3-server-thread4] INFO  server.RaftServer$Division (ServerState.java:setLeader(259)) - s3@group-12AB68C5691F: change Leader from null to s2 at term 2 for appendEntries, leader elected after 108ms
2022-09-14 11:47:10,627 [s3-server-thread4] INFO  server.RaftServer$Division (ServerState.java:setRaftConf(376)) - s3@group-12AB68C5691F: set configuration 0: peers:[s3|rpc:localhost:46799|admin:localhost:45171|client:localhost:46547|dataStream:localhost:40281|priority:0|startupRole:FOLLOWER, s4|rpc:localhost:39419|admin:localhost:43995|client:localhost:41785|dataStream:localhost:46687|priority:0|startupRole:FOLLOWER, s0|rpc:localhost:42481|admin:localhost:44771|client:localhost:42743|dataStream:localhost:43981|priority:0|startupRole:FOLLOWER, s1|rpc:localhost:44073|admin:localhost:36871|client:localhost:39477|dataStream:localhost:35501|priority:0|startupRole:FOLLOWER, s2|rpc:localhost:38365|admin:localhost:35135|client:localhost:40537|dataStream:localhost:38285|priority:0|startupRole:FOLLOWER]|listeners:[], old=null
2022-09-14 11:47:10,627 [s3-server-thread4] INFO  segmented.SegmentedRaftLogWorker (SegmentedRaftLogWorker.java:startLogSegment(427)) - s3@group-12AB68C5691F-SegmentedRaftLogWorker: Starting segment from index:0
2022-09-14 11:47:10,632 [s3-server-thread1] DEBUG server.RaftServer$Division (RaftServerImpl.java:logAppendEntries(1405)) - s3@group-12AB68C5691F: receive appendEntries(s4, 1, null, -1, true, commits:[s4:c-1, s3:c-1, s0:c-1, s1:c-1, s2:c-1], cId:1, entries: [(t:1, i:0), CONFIGURATIONENTRY(current:id: "s3"
address: "localhost:46799"
dataStreamAddress: "localhost:40281"
clientAddress: "localhost:46547"
adminAddress: "localhost:45171"
startupRole: FOLLOWER
,id: "s4"
address: "localhost:39419"
dataStreamAddress: "localhost:46687"
clientAddress: "localhost:41785"
adminAddress: "localhost:43995"
startupRole: FOLLOWER
,id: "s0"
address: "localhost:42481"
dataStreamAddress: "localhost:43981"
clientAddress: "localhost:42743"
adminAddress: "localhost:44771"
startupRole: FOLLOWER
,id: "s1"
address: "localhost:44073"
dataStreamAddress: "localhost:35501"
clientAddress: "localhost:39477"
adminAddress: "localhost:36871"
startupRole: FOLLOWER
,id: "s2"
address: "localhost:38365"
dataStreamAddress: "localhost:38285"
clientAddress: "localhost:40537"
adminAddress: "localhost:35135"
startupRole: FOLLOWER
, old:)]
2022-09-14 11:47:10,632 [s3-server-thread1] DEBUG server.RaftServer$Division (RaftServerImpl.java:appendEntriesAsync(1468)) - s3@group-12AB68C5691F: Not recognize s4 (term=1) as leader, state: s3@group-12AB68C5691F:t2, leader=s2, voted=s2, raftlog=Memoized:s3@group-12AB68C5691F-SegmentedRaftLog:OPENED:c-1, conf=0: peers:[s3|rpc:localhost:46799|admin:localhost:45171|client:localhost:46547|dataStream:localhost:40281|priority:0|startupRole:FOLLOWER, s4|rpc:localhost:39419|admin:localhost:43995|client:localhost:41785|dataStream:localhost:46687|priority:0|startupRole:FOLLOWER, s0|rpc:localhost:42481|admin:localhost:44771|client:localhost:42743|dataStream:localhost:43981|priority:0|startupRole:FOLLOWER, s1|rpc:localhost:44073|admin:localhost:36871|client:localhost:39477|dataStream:localhost:35501|priority:0|startupRole:FOLLOWER, s2|rpc:localhost:38365|admin:localhost:35135|client:localhost:40537|dataStream:localhost:38285|priority:0|startupRole:FOLLOWER]|listeners:[], old=null reply: s4<-s3#1:FAIL-t2,NOT_LEADER,nextIndex=1,followerCommit=-1,matchIndex=-1
2022-09-14 11:47:10,635 [grpc-default-executor-37] INFO  server.GrpcServerProtocolService (GrpcServerProtocolService.java:onCompleted(145)) - s3: Completed APPEND_ENTRIES, lastRequest: s4->s3#1-t1,previous=(t:0, i:0),leaderCommit=-1,initializing? true,entries: size=1, first=(t:1, i:0), CONFIGURATIONENTRY(current:id: "s3"
address: "localhost:46799"
dataStreamAddress: "localhost:40281"
clientAddress: "localhost:46547"
adminAddress: "localhost:45171"
startupRole: FOLLOWER
,id: "s4"
address: "localhost:39419"
dataStreamAddress: "localhost:46687"
clientAddress: "localhost:41785"
adminAddress: "localhost:43995"
startupRole: FOLLOWER
,id: "s0"
address: "localhost:42481"
dataStreamAddress: "localhost:43981"
clientAddress: "localhost:42743"
adminAddress: "localhost:44771"
startupRole: FOLLOWER
,id: "s1"
address: "localhost:44073"
dataStreamAddress: "localhost:35501"
clientAddress: "localhost:39477"
adminAddress: "localhost:36871"
startupRole: FOLLOWER
,id: "s2"
address: "localhost:38365"
dataStreamAddress: "localhost:38285"
clientAddress: "localhost:40537"
adminAddress: "localhost:35135"
startupRole: FOLLOWER
, old:)
2022-09-14 11:47:10,636 [grpc-default-executor-4] INFO  leader.FollowerInfo (FollowerInfoImpl.java:lambda$new$0(48)) - s2@group-12AB68C5691F->s4: nextIndex: updateUnconditionally 1 -> 1
2022-09-14 11:47:10,637 [grpc-default-executor-39] INFO  server.GrpcLogAppender (GrpcLogAppender.java:onCompleted(403)) - s4@group-12AB68C5691F->s2-AppendLogResponseHandler: follower responses appendEntries COMPLETED
2022-09-14 11:47:10,637 [grpc-default-executor-39] INFO  leader.FollowerInfo (FollowerInfoImpl.java:lambda$new$0(48)) - s4@group-12AB68C5691F->s2: nextIndex: updateUnconditionally 1 -> 0
2022-09-14 11:47:10,637 [s0@group-12AB68C5691F-SegmentedRaftLogWorker] INFO  segmented.SegmentedRaftLogWorker (SegmentedRaftLogWorker.java:execute(631)) - s0@group-12AB68C5691F-SegmentedRaftLogWorker: created new log segment /home/runner/work/ratis/ratis/ratis-test/target/test/data/30463c06/MiniRaftClusterWithGrpcf18d2315/s0/d68e6cc1-9078-4035-9262-12ab68c5691f/current/log_inprogress_0
2022-09-14 11:47:10,638 [s0-server-thread2] DEBUG server.RaftServer$Division (RaftServerImpl.java:logAppendEntries(1405)) - s0@group-12AB68C5691F: succeeded to handle AppendEntries. Reply: s2<-s0#1:OK-t2,SUCCESS,nextIndex=1,followerCommit=-1,matchIndex=0
2022-09-14 11:47:10,647 [s1-server-thread1] DEBUG server.RaftServer$Division (RaftServerImpl.java:logAppendEntries(1405)) - s1@group-12AB68C5691F: receive appendEntries(s2, 2, null, 0, true, commits:[s2:c0, s3:c-1, s4:c-1, s0:c-1, s1:c-1], cId:1, entries: [(t:2, i:0), CONFIGURATIONENTRY(current:id: "s3"
address: "localhost:46799"
dataStreamAddress: "localhost:40281"
clientAddress: "localhost:46547"
adminAddress: "localhost:45171"
startupRole: FOLLOWER
,id: "s4"
address: "localhost:39419"
dataStreamAddress: "localhost:46687"
clientAddress: "localhost:41785"
adminAddress: "localhost:43995"
startupRole: FOLLOWER
,id: "s0"
address: "localhost:42481"
dataStreamAddress: "localhost:43981"
clientAddress: "localhost:42743"
adminAddress: "localhost:44771"
startupRole: FOLLOWER
,id: "s1"
address: "localhost:44073"
dataStreamAddress: "localhost:35501"
clientAddress: "localhost:39477"
adminAddress: "localhost:36871"
startupRole: FOLLOWER
,id: "s2"
address: "localhost:38365"
dataStreamAddress: "localhost:38285"
clientAddress: "localhost:40537"
adminAddress: "localhost:35135"
startupRole: FOLLOWER
, old:)]
2022-09-14 11:47:10,647 [s1-server-thread1] INFO  server.RaftServer$Division (ServerState.java:setLeader(259)) - s1@group-12AB68C5691F: change Leader from null to s2 at term 2 for appendEntries, leader elected after 118ms
2022-09-14 11:47:10,655 [s1-server-thread1] INFO  server.RaftServer$Division (ServerState.java:setRaftConf(376)) - s1@group-12AB68C5691F: set configuration 0: peers:[s3|rpc:localhost:46799|admin:localhost:45171|client:localhost:46547|dataStream:localhost:40281|priority:0|startupRole:FOLLOWER, s4|rpc:localhost:39419|admin:localhost:43995|client:localhost:41785|dataStream:localhost:46687|priority:0|startupRole:FOLLOWER, s0|rpc:localhost:42481|admin:localhost:44771|client:localhost:42743|dataStream:localhost:43981|priority:0|startupRole:FOLLOWER, s1|rpc:localhost:44073|admin:localhost:36871|client:localhost:39477|dataStream:localhost:35501|priority:0|startupRole:FOLLOWER, s2|rpc:localhost:38365|admin:localhost:35135|client:localhost:40537|dataStream:localhost:38285|priority:0|startupRole:FOLLOWER]|listeners:[], old=null
2022-09-14 11:47:10,655 [s1-server-thread1] INFO  segmented.SegmentedRaftLogWorker (SegmentedRaftLogWorker.java:startLogSegment(427)) - s1@group-12AB68C5691F-SegmentedRaftLogWorker: Starting segment from index:0
2022-09-14 11:47:10,662 [grpc-default-executor-46] INFO  server.GrpcLogAppender (GrpcLogAppender.java:onCompleted(403)) - s4@group-12AB68C5691F->s0-AppendLogResponseHandler: follower responses appendEntries COMPLETED
2022-09-14 11:47:10,662 [grpc-default-executor-4] INFO  server.GrpcLogAppender (GrpcLogAppender.java:onCompleted(403)) - s4@group-12AB68C5691F->s3-AppendLogResponseHandler: follower responses appendEntries COMPLETED
2022-09-14 11:47:10,662 [grpc-default-executor-4] INFO  leader.FollowerInfo (FollowerInfoImpl.java:lambda$new$0(48)) - s4@group-12AB68C5691F->s3: nextIndex: updateUnconditionally 0 -> 0
2022-09-14 11:47:10,663 [grpc-default-executor-39] INFO  server.GrpcLogAppender (GrpcLogAppender.java:onCompleted(403)) - s4@group-12AB68C5691F->s2-AppendLogResponseHandler: follower responses appendEntries COMPLETED
2022-09-14 11:47:10,663 [grpc-default-executor-39] INFO  leader.FollowerInfo (FollowerInfoImpl.java:lambda$new$0(48)) - s4@group-12AB68C5691F->s2: nextIndex: updateUnconditionally 0 -> 0
2022-09-14 11:47:10,664 [s3@group-12AB68C5691F-SegmentedRaftLogWorker] INFO  segmented.SegmentedRaftLogWorker (SegmentedRaftLogWorker.java:execute(631)) - s3@group-12AB68C5691F-SegmentedRaftLogWorker: created new log segment /home/runner/work/ratis/ratis/ratis-test/target/test/data/30463c06/MiniRaftClusterWithGrpcf18d2315/s3/d68e6cc1-9078-4035-9262-12ab68c5691f/current/log_inprogress_0
2022-09-14 11:47:10,666 [grpc-default-executor-46] INFO  leader.FollowerInfo (FollowerInfoImpl.java:lambda$new$0(48)) - s4@group-12AB68C5691F->s0: nextIndex: updateUnconditionally 0 -> 0
2022-09-14 11:47:10,668 [s3-server-thread4] DEBUG server.RaftServer$Division (RaftServerImpl.java:logAppendEntries(1405)) - s3@group-12AB68C5691F: succeeded to handle AppendEntries. Reply: s2<-s3#1:OK-t2,SUCCESS,nextIndex=1,followerCommit=-1,matchIndex=0
2022-09-14 11:47:10,677 [s1@group-12AB68C5691F-SegmentedRaftLogWorker] INFO  segmented.SegmentedRaftLogWorker (SegmentedRaftLogWorker.java:execute(631)) - s1@group-12AB68C5691F-SegmentedRaftLogWorker: created new log segment /home/runner/work/ratis/ratis/ratis-test/target/test/data/30463c06/MiniRaftClusterWithGrpcf18d2315/s1/d68e6cc1-9078-4035-9262-12ab68c5691f/current/log_inprogress_0
2022-09-14 11:47:10,679 [s1-server-thread4] DEBUG server.RaftServer$Division (RaftServerImpl.java:logAppendEntries(1405)) - s1@group-12AB68C5691F: succeeded to handle AppendEntries. Reply: s2<-s1#1:OK-t2,SUCCESS,nextIndex=1,followerCommit=0,matchIndex=0
2022-09-14 11:47:10,749 [s4-server-thread1] INFO  server.RaftServer$Division (RaftServerImpl.java:checkInconsistentAppendEntries(1586)) - s4@group-12AB68C5691F: Failed appendEntries as previous log entry ((t:2, i:0)) is not found
2022-09-14 11:47:10,751 [s4-server-thread1] INFO  server.RaftServer$Division (RaftServerImpl.java:checkInconsistentAppendEntries(1556)) - s4@group-12AB68C5691F: inconsistency entries. Reply:s2<-s4#6:FAIL-t2,INCONSISTENCY,nextIndex=0,followerCommit=0,matchIndex=-1
2022-09-14 11:47:10,752 [grpc-default-executor-39] INFO  leader.FollowerInfo (FollowerInfoImpl.java:lambda$new$0(48)) - s2@group-12AB68C5691F->s4: nextIndex: updateUnconditionally 1 -> 0
2022-09-14 11:47:10,756 [s4-server-thread1] DEBUG server.RaftServer$Division (RaftServerImpl.java:logAppendEntries(1405)) - s4@group-12AB68C5691F: receive appendEntries(s2, 2, null, 0, true, commits:[s2:c0, s3:c0, s4:c0, s0:c0, s1:c0], cId:7, entries: [(t:2, i:0), CONFIGURATIONENTRY(current:id: "s3"
address: "localhost:46799"
dataStreamAddress: "localhost:40281"
clientAddress: "localhost:46547"
adminAddress: "localhost:45171"
startupRole: FOLLOWER
,id: "s4"
address: "localhost:39419"
dataStreamAddress: "localhost:46687"
clientAddress: "localhost:41785"
adminAddress: "localhost:43995"
startupRole: FOLLOWER
,id: "s0"
address: "localhost:42481"
dataStreamAddress: "localhost:43981"
clientAddress: "localhost:42743"
adminAddress: "localhost:44771"
startupRole: FOLLOWER
,id: "s1"
address: "localhost:44073"
dataStreamAddress: "localhost:35501"
clientAddress: "localhost:39477"
adminAddress: "localhost:36871"
startupRole: FOLLOWER
,id: "s2"
address: "localhost:38365"
dataStreamAddress: "localhost:38285"
clientAddress: "localhost:40537"
adminAddress: "localhost:35135"
startupRole: FOLLOWER
, old:)]
2022-09-14 11:47:10,756 [s4-server-thread1] INFO  server.RaftServer$Division (RaftServerImpl.java:checkInconsistentAppendEntries(1576)) - s4@group-12AB68C5691F: Failed appendEntries as the first entry (index 0) already exists (snapshotIndex: -1, commitIndex: 0)
2022-09-14 11:47:10,757 [s4-server-thread1] INFO  server.RaftServer$Division (RaftServerImpl.java:checkInconsistentAppendEntries(1556)) - s4@group-12AB68C5691F: inconsistency entries. Reply:s2<-s4#7:FAIL-t2,INCONSISTENCY,nextIndex=1,followerCommit=0,matchIndex=-1
2022-09-14 11:47:10,758 [grpc-default-executor-19] INFO  leader.FollowerInfo (FollowerInfoImpl.java:lambda$new$0(48)) - s2@group-12AB68C5691F->s4: nextIndex: updateUnconditionally 1 -> 1
2022-09-14 11:47:10,835 [s4-server-thread1] INFO  server.RaftServer$Division (RaftServerImpl.java:checkInconsistentAppendEntries(1586)) - s4@group-12AB68C5691F: Failed appendEntries as previous log entry ((t:2, i:0)) is not found
2022-09-14 11:47:10,835 [s4-server-thread1] INFO  server.RaftServer$Division (RaftServerImpl.java:checkInconsistentAppendEntries(1556)) - s4@group-12AB68C5691F: inconsistency entries. Reply:s2<-s4#8:FAIL-t2,INCONSISTENCY,nextIndex=0,followerCommit=0,matchIndex=-1
2022-09-14 11:47:10,837 [grpc-default-executor-39] INFO  leader.FollowerInfo (FollowerInfoImpl.java:lambda$new$0(48)) - s2@group-12AB68C5691F->s4: nextIndex: updateUnconditionally 1 -> 0
2022-09-14 11:47:10,839 [s4-server-thread1] DEBUG server.RaftServer$Division (RaftServerImpl.java:logAppendEntries(1405)) - s4@group-12AB68C5691F: receive appendEntries(s2, 2, null, 0, true, commits:[s2:c0, s3:c0, s4:c0, s0:c0, s1:c0], cId:9, entries: [(t:2, i:0), CONFIGURATIONENTRY(current:id: "s3"
address: "localhost:46799"
dataStreamAddress: "localhost:40281"
clientAddress: "localhost:46547"
adminAddress: "localhost:45171"
startupRole: FOLLOWER
,id: "s4"
address: "localhost:39419"
dataStreamAddress: "localhost:46687"
clientAddress: "localhost:41785"
adminAddress: "localhost:43995"
startupRole: FOLLOWER
,id: "s0"
address: "localhost:42481"
dataStreamAddress: "localhost:43981"
clientAddress: "localhost:42743"
adminAddress: "localhost:44771"
startupRole: FOLLOWER
,id: "s1"
address: "localhost:44073"
dataStreamAddress: "localhost:35501"
clientAddress: "localhost:39477"
adminAddress: "localhost:36871"
startupRole: FOLLOWER
,id: "s2"
address: "localhost:38365"
dataStreamAddress: "localhost:38285"
clientAddress: "localhost:40537"
adminAddress: "localhost:35135"
startupRole: FOLLOWER
, old:)]
2022-09-14 11:47:10,840 [s4-server-thread1] INFO  server.RaftServer$Division (RaftServerImpl.java:checkInconsistentAppendEntries(1576)) - s4@group-12AB68C5691F: Failed appendEntries as the first entry (index 0) already exists (snapshotIndex: -1, commitIndex: 0)
2022-09-14 11:47:10,840 [s4-server-thread1] INFO  server.RaftServer$Division (RaftServerImpl.java:checkInconsistentAppendEntries(1556)) - s4@group-12AB68C5691F: inconsistency entries. Reply:s2<-s4#9:FAIL-t2,INCONSISTENCY,nextIndex=1,followerCommit=0,matchIndex=-1
2022-09-14 11:47:10,840 [grpc-default-executor-39] INFO  leader.FollowerInfo (FollowerInfoImpl.java:lambda$new$0(48)) - s2@group-12AB68C5691F->s4: nextIndex: updateUnconditionally 1 -> 1
2022-09-14 11:47:10,919 [s4-server-thread1] INFO  server.RaftServer$Division (RaftServerImpl.java:checkInconsistentAppendEntries(1586)) - s4@group-12AB68C5691F: Failed appendEntries as previous log entry ((t:2, i:0)) is not found
2022-09-14 11:47:10,919 [s4-server-thread1] INFO  server.RaftServer$Division (RaftServerImpl.java:checkInconsistentAppendEntries(1556)) - s4@group-12AB68C5691F: inconsistency entries. Reply:s2<-s4#10:FAIL-t2,INCONSISTENCY,nextIndex=0,followerCommit=0,matchIndex=-1
2022-09-14 11:47:10,920 [grpc-default-executor-39] INFO  leader.FollowerInfo (FollowerInfoImpl.java:lambda$new$0(48)) - s2@group-12AB68C5691F->s4: nextIndex: updateUnconditionally 1 -> 0
2022-09-14 11:47:10,921 [s4-server-thread1] DEBUG server.RaftServer$Division (RaftServerImpl.java:logAppendEntries(1405)) - s4@group-12AB68C5691F: receive appendEntries(s2, 2, null, 0, true, commits:[s2:c0, s3:c0, s4:c0, s0:c0, s1:c0], cId:11, entries: [(t:2, i:0), CONFIGURATIONENTRY(current:id: "s3"
address: "localhost:46799"
dataStreamAddress: "localhost:40281"
clientAddress: "localhost:46547"
adminAddress: "localhost:45171"
startupRole: FOLLOWER
,id: "s4"
address: "localhost:39419"
dataStreamAddress: "localhost:46687"
clientAddress: "localhost:41785"
adminAddress: "localhost:43995"
startupRole: FOLLOWER
,id: "s0"
address: "localhost:42481"
dataStreamAddress: "localhost:43981"
clientAddress: "localhost:42743"
adminAddress: "localhost:44771"
startupRole: FOLLOWER
,id: "s1"
address: "localhost:44073"
dataStreamAddress: "localhost:35501"
clientAddress: "localhost:39477"
adminAddress: "localhost:36871"
startupRole: FOLLOWER
,id: "s2"
address: "localhost:38365"
dataStreamAddress: "localhost:38285"
clientAddress: "localhost:40537"
adminAddress: "localhost:35135"
startupRole: FOLLOWER
, old:)]
2022-09-14 11:47:10,922 [s4-server-thread1] INFO  server.RaftServer$Division (RaftServerImpl.java:checkInconsistentAppendEntries(1576)) - s4@group-12AB68C5691F: Failed appendEntries as the first entry (index 0) already exists (snapshotIndex: -1, commitIndex: 0)
2022-09-14 11:47:10,922 [s4-server-thread1] INFO  server.RaftServer$Division (RaftServerImpl.java:checkInconsistentAppendEntries(1556)) - s4@group-12AB68C5691F: inconsistency entries. Reply:s2<-s4#11:FAIL-t2,INCONSISTENCY,nextIndex=1,followerCommit=0,matchIndex=-1
2022-09-14 11:47:10,922 [grpc-default-executor-39] INFO  leader.FollowerInfo (FollowerInfoImpl.java:lambda$new$0(48)) - s2@group-12AB68C5691F->s4: nextIndex: updateUnconditionally 1 -> 1
2022-09-14 11:47:10,999 [s4-server-thread1] INFO  server.RaftServer$Division (RaftServerImpl.java:checkInconsistentAppendEntries(1586)) - s4@group-12AB68C5691F: Failed appendEntries as previous log entry ((t:2, i:0)) is not found
2022-09-14 11:47:10,999 [s4-server-thread1] INFO  server.RaftServer$Division (RaftServerImpl.java:checkInconsistentAppendEntries(1556)) - s4@group-12AB68C5691F: inconsistency entries. Reply:s2<-s4#12:FAIL-t2,INCONSISTENCY,nextIndex=0,followerCommit=0,matchIndex=-1
2022-09-14 11:47:11,000 [grpc-default-executor-19] INFO  leader.FollowerInfo (FollowerInfoImpl.java:lambda$new$0(48)) - s2@group-12AB68C5691F->s4: nextIndex: updateUnconditionally 1 -> 0
2022-09-14 11:47:11,002 [s4-server-thread1] DEBUG server.RaftServer$Division (RaftServerImpl.java:logAppendEntries(1405)) - s4@group-12AB68C5691F: receive appendEntries(s2, 2, null, 0, true, commits:[s2:c0, s3:c0, s4:c0, s0:c0, s1:c0], cId:13, entries: [(t:2, i:0), CONFIGURATIONENTRY(current:id: "s3"
address: "localhost:46799"
dataStreamAddress: "localhost:40281"
clientAddress: "localhost:46547"
adminAddress: "localhost:45171"
startupRole: FOLLOWER
,id: "s4"
address: "localhost:39419"
dataStreamAddress: "localhost:46687"
clientAddress: "localhost:41785"
adminAddress: "localhost:43995"
startupRole: FOLLOWER
,id: "s0"
address: "localhost:42481"
dataStreamAddress: "localhost:43981"
clientAddress: "localhost:42743"
adminAddress: "localhost:44771"
startupRole: FOLLOWER
,id: "s1"
address: "localhost:44073"
dataStreamAddress: "localhost:35501"
clientAddress: "localhost:39477"
adminAddress: "localhost:36871"
startupRole: FOLLOWER
,id: "s2"
address: "localhost:38365"
dataStreamAddress: "localhost:38285"
clientAddress: "localhost:40537"
adminAddress: "localhost:35135"
startupRole: FOLLOWER
, old:)]
2022-09-14 11:47:11,002 [s4-server-thread1] INFO  server.RaftServer$Division (RaftServerImpl.java:checkInconsistentAppendEntries(1576)) - s4@group-12AB68C5691F: Failed appendEntries as the first entry (index 0) already exists (snapshotIndex: -1, commitIndex: 0)
2022-09-14 11:47:11,002 [s4-server-thread1] INFO  server.RaftServer$Division (RaftServerImpl.java:checkInconsistentAppendEntries(1556)) - s4@group-12AB68C5691F: inconsistency entries. Reply:s2<-s4#13:FAIL-t2,INCONSISTENCY,nextIndex=1,followerCommit=0,matchIndex=-1
2022-09-14 11:47:11,005 [grpc-default-executor-19] INFO  leader.FollowerInfo (FollowerInfoImpl.java:lambda$new$0(48)) - s2@group-12AB68C5691F->s4: nextIndex: updateUnconditionally 1 -> 1
2022-09-14 11:47:11,013 [Time-limited test] INFO  ratis.RaftTestUtil (RaftTestUtil.java:waitForLeader(119)) - printing ALL groups
  s3:  RUNNING  FOLLOWER s3@group-12AB68C5691F:t2, leader=s2, voted=s2, raftlog=Memoized:s3@group-12AB68C5691F-SegmentedRaftLog:OPENED:c0, conf=0: peers:[s3|rpc:localhost:46799|admin:localhost:45171|client:localhost:46547|dataStream:localhost:40281|priority:0|startupRole:FOLLOWER, s4|rpc:localhost:39419|admin:localhost:43995|client:localhost:41785|dataStream:localhost:46687|priority:0|startupRole:FOLLOWER, s0|rpc:localhost:42481|admin:localhost:44771|client:localhost:42743|dataStream:localhost:43981|priority:0|startupRole:FOLLOWER, s1|rpc:localhost:44073|admin:localhost:36871|client:localhost:39477|dataStream:localhost:35501|priority:0|startupRole:FOLLOWER, s2|rpc:localhost:38365|admin:localhost:35135|client:localhost:40537|dataStream:localhost:38285|priority:0|startupRole:FOLLOWER]|listeners:[], old=null RUNNING
  s4:  RUNNING  FOLLOWER s4@group-12AB68C5691F:t2, leader=s2, voted=null, raftlog=Memoized:s4@group-12AB68C5691F-SegmentedRaftLog:OPENED:c0, conf=0: peers:[s3|rpc:localhost:46799|admin:localhost:45171|client:localhost:46547|dataStream:localhost:40281|priority:0|startupRole:FOLLOWER, s4|rpc:localhost:39419|admin:localhost:43995|client:localhost:41785|dataStream:localhost:46687|priority:0|startupRole:FOLLOWER, s0|rpc:localhost:42481|admin:localhost:44771|client:localhost:42743|dataStream:localhost:43981|priority:0|startupRole:FOLLOWER, s1|rpc:localhost:44073|admin:localhost:36871|client:localhost:39477|dataStream:localhost:35501|priority:0|startupRole:FOLLOWER, s2|rpc:localhost:38365|admin:localhost:35135|client:localhost:40537|dataStream:localhost:38285|priority:0|startupRole:FOLLOWER]|listeners:[], old=null RUNNING
  s0:  RUNNING  FOLLOWER s0@group-12AB68C5691F:t2, leader=s2, voted=s2, raftlog=Memoized:s0@group-12AB68C5691F-SegmentedRaftLog:OPENED:c0, conf=0: peers:[s3|rpc:localhost:46799|admin:localhost:45171|client:localhost:46547|dataStream:localhost:40281|priority:0|startupRole:FOLLOWER, s4|rpc:localhost:39419|admin:localhost:43995|client:localhost:41785|dataStream:localhost:46687|priority:0|startupRole:FOLLOWER, s0|rpc:localhost:42481|admin:localhost:44771|client:localhost:42743|dataStream:localhost:43981|priority:0|startupRole:FOLLOWER, s1|rpc:localhost:44073|admin:localhost:36871|client:localhost:39477|dataStream:localhost:35501|priority:0|startupRole:FOLLOWER, s2|rpc:localhost:38365|admin:localhost:35135|client:localhost:40537|dataStream:localhost:38285|priority:0|startupRole:FOLLOWER]|listeners:[], old=null RUNNING
  s1:  RUNNING  FOLLOWER s1@group-12AB68C5691F:t2, leader=s2, voted=s2, raftlog=Memoized:s1@group-12AB68C5691F-SegmentedRaftLog:OPENED:c0, conf=0: peers:[s3|rpc:localhost:46799|admin:localhost:45171|client:localhost:46547|dataStream:localhost:40281|priority:0|startupRole:FOLLOWER, s4|rpc:localhost:39419|admin:localhost:43995|client:localhost:41785|dataStream:localhost:46687|priority:0|startupRole:FOLLOWER, s0|rpc:localhost:42481|admin:localhost:44771|client:localhost:42743|dataStream:localhost:43981|priority:0|startupRole:FOLLOWER, s1|rpc:localhost:44073|admin:localhost:36871|client:localhost:39477|dataStream:localhost:35501|priority:0|startupRole:FOLLOWER, s2|rpc:localhost:38365|admin:localhost:35135|client:localhost:40537|dataStream:localhost:38285|priority:0|startupRole:FOLLOWER]|listeners:[], old=null RUNNING
  s2:  RUNNING    LEADER s2@group-12AB68C5691F:t2, leader=s2, voted=s2, raftlog=Memoized:s2@group-12AB68C5691F-SegmentedRaftLog:OPENED:c0, conf=0: peers:[s3|rpc:localhost:46799|admin:localhost:45171|client:localhost:46547|dataStream:localhost:40281|priority:0|startupRole:FOLLOWER, s4|rpc:localhost:39419|admin:localhost:43995|client:localhost:41785|dataStream:localhost:46687|priority:0|startupRole:FOLLOWER, s0|rpc:localhost:42481|admin:localhost:44771|client:localhost:42743|dataStream:localhost:43981|priority:0|startupRole:FOLLOWER, s1|rpc:localhost:44073|admin:localhost:36871|client:localhost:39477|dataStream:localhost:35501|priority:0|startupRole:FOLLOWER, s2|rpc:localhost:38365|admin:localhost:35135|client:localhost:40537|dataStream:localhost:38285|priority:0|startupRole:FOLLOWER]|listeners:[], old=null RUNNING
2022-09-14 11:47:11,013 [Time-limited test] INFO  grpc.TestLeaderElectionWithGrpc (LeaderElectionTests.java:testEnforceLeader(278)) - firstLeader = s2
2022-09-14 11:47:11,013 [Time-limited test] INFO  grpc.TestLeaderElectionWithGrpc (LeaderElectionTests.java:testEnforceLeader(283)) - enforce leader to s4
2022-09-14 11:47:11,013 [Time-limited test] INFO  grpc.TestLeaderElectionWithGrpc (LeaderElectionTests.java:enforceLeader(289)) - printing ALL groups
  s3:  RUNNING  FOLLOWER s3@group-12AB68C5691F:t2, leader=s2, voted=s2, raftlog=Memoized:s3@group-12AB68C5691F-SegmentedRaftLog:OPENED:c0, conf=0: peers:[s3|rpc:localhost:46799|admin:localhost:45171|client:localhost:46547|dataStream:localhost:40281|priority:0|startupRole:FOLLOWER, s4|rpc:localhost:39419|admin:localhost:43995|client:localhost:41785|dataStream:localhost:46687|priority:0|startupRole:FOLLOWER, s0|rpc:localhost:42481|admin:localhost:44771|client:localhost:42743|dataStream:localhost:43981|priority:0|startupRole:FOLLOWER, s1|rpc:localhost:44073|admin:localhost:36871|client:localhost:39477|dataStream:localhost:35501|priority:0|startupRole:FOLLOWER, s2|rpc:localhost:38365|admin:localhost:35135|client:localhost:40537|dataStream:localhost:38285|priority:0|startupRole:FOLLOWER]|listeners:[], old=null RUNNING
  s4:  RUNNING  FOLLOWER s4@group-12AB68C5691F:t2, leader=s2, voted=null, raftlog=Memoized:s4@group-12AB68C5691F-SegmentedRaftLog:OPENED:c0, conf=0: peers:[s3|rpc:localhost:46799|admin:localhost:45171|client:localhost:46547|dataStream:localhost:40281|priority:0|startupRole:FOLLOWER, s4|rpc:localhost:39419|admin:localhost:43995|client:localhost:41785|dataStream:localhost:46687|priority:0|startupRole:FOLLOWER, s0|rpc:localhost:42481|admin:localhost:44771|client:localhost:42743|dataStream:localhost:43981|priority:0|startupRole:FOLLOWER, s1|rpc:localhost:44073|admin:localhost:36871|client:localhost:39477|dataStream:localhost:35501|priority:0|startupRole:FOLLOWER, s2|rpc:localhost:38365|admin:localhost:35135|client:localhost:40537|dataStream:localhost:38285|priority:0|startupRole:FOLLOWER]|listeners:[], old=null RUNNING
  s0:  RUNNING  FOLLOWER s0@group-12AB68C5691F:t2, leader=s2, voted=s2, raftlog=Memoized:s0@group-12AB68C5691F-SegmentedRaftLog:OPENED:c0, conf=0: peers:[s3|rpc:localhost:46799|admin:localhost:45171|client:localhost:46547|dataStream:localhost:40281|priority:0|startupRole:FOLLOWER, s4|rpc:localhost:39419|admin:localhost:43995|client:localhost:41785|dataStream:localhost:46687|priority:0|startupRole:FOLLOWER, s0|rpc:localhost:42481|admin:localhost:44771|client:localhost:42743|dataStream:localhost:43981|priority:0|startupRole:FOLLOWER, s1|rpc:localhost:44073|admin:localhost:36871|client:localhost:39477|dataStream:localhost:35501|priority:0|startupRole:FOLLOWER, s2|rpc:localhost:38365|admin:localhost:35135|client:localhost:40537|dataStream:localhost:38285|priority:0|startupRole:FOLLOWER]|listeners:[], old=null RUNNING
  s1:  RUNNING  FOLLOWER s1@group-12AB68C5691F:t2, leader=s2, voted=s2, raftlog=Memoized:s1@group-12AB68C5691F-SegmentedRaftLog:OPENED:c0, conf=0: peers:[s3|rpc:localhost:46799|admin:localhost:45171|client:localhost:46547|dataStream:localhost:40281|priority:0|startupRole:FOLLOWER, s4|rpc:localhost:39419|admin:localhost:43995|client:localhost:41785|dataStream:localhost:46687|priority:0|startupRole:FOLLOWER, s0|rpc:localhost:42481|admin:localhost:44771|client:localhost:42743|dataStream:localhost:43981|priority:0|startupRole:FOLLOWER, s1|rpc:localhost:44073|admin:localhost:36871|client:localhost:39477|dataStream:localhost:35501|priority:0|startupRole:FOLLOWER, s2|rpc:localhost:38365|admin:localhost:35135|client:localhost:40537|dataStream:localhost:38285|priority:0|startupRole:FOLLOWER]|listeners:[], old=null RUNNING
  s2:  RUNNING    LEADER s2@group-12AB68C5691F:t2, leader=s2, voted=s2, raftlog=Memoized:s2@group-12AB68C5691F-SegmentedRaftLog:OPENED:c0, conf=0: peers:[s3|rpc:localhost:46799|admin:localhost:45171|client:localhost:46547|dataStream:localhost:40281|priority:0|startupRole:FOLLOWER, s4|rpc:localhost:39419|admin:localhost:43995|client:localhost:41785|dataStream:localhost:46687|priority:0|startupRole:FOLLOWER, s0|rpc:localhost:42481|admin:localhost:44771|client:localhost:42743|dataStream:localhost:43981|priority:0|startupRole:FOLLOWER, s1|rpc:localhost:44073|admin:localhost:36871|client:localhost:39477|dataStream:localhost:35501|priority:0|startupRole:FOLLOWER, s2|rpc:localhost:38365|admin:localhost:35135|client:localhost:40537|dataStream:localhost:38285|priority:0|startupRole:FOLLOWER]|listeners:[], old=null RUNNING
2022-09-14 11:47:11,014 [Time-limited test] INFO  server.RaftServerConfigKeys (ConfUtils.java:logGet(46)) - raft.server.rpc.timeout.max = 300ms (default)
2022-09-14 11:47:11,074 [s2@group-12AB68C5691F->s0-GrpcLogAppender-LogAppenderDaemon] INFO  util.CodeInjectionForTesting (DelayLocalExecutionInjection.java:execute(65)) - s2 delay 150 ms, args=[serverRequest {
  requestorId: "s2"
  replyId: "s0"
  raftGroupId {
    id: "\326\216l\301\220x@5\222b\022\253h\305i\037"
  }
  callId: 12
  slidingWindowEntry {
  }
}
leaderTerm: 2
previousLog {
  term: 2
}
initializing: true
commitInfos {
  server {
    id: "s2"
    address: "localhost:38365"
    dataStreamAddress: "localhost:38285"
    clientAddress: "localhost:40537"
    adminAddress: "localhost:35135"
    startupRole: FOLLOWER
  }
}
commitInfos {
  server {
    id: "s3"
    address: "localhost:46799"
    dataStreamAddress: "localhost:40281"
    clientAddress: "localhost:46547"
    adminAddress: "localhost:45171"
    startupRole: FOLLOWER
  }
}
commitInfos {
  server {
    id: "s4"
    address: "localhost:39419"
    dataStreamAddress: "localhost:46687"
    clientAddress: "localhost:41785"
    adminAddress: "localhost:43995"
    startupRole: FOLLOWER
  }
}
commitInfos {
  server {
    id: "s0"
    address: "localhost:42481"
    dataStreamAddress: "localhost:43981"
    clientAddress: "localhost:42743"
    adminAddress: "localhost:44771"
    startupRole: FOLLOWER
  }
}
commitInfos {
  server {
    id: "s1"
    address: "localhost:44073"
    dataStreamAddress: "localhost:35501"
    clientAddress: "localhost:39477"
    adminAddress: "localhost:36871"
    startupRole: FOLLOWER
  }
}
]
2022-09-14 11:47:11,075 [s2@group-12AB68C5691F->s1-GrpcLogAppender-LogAppenderDaemon] INFO  util.CodeInjectionForTesting (DelayLocalExecutionInjection.java:execute(65)) - s2 delay 150 ms, args=[serverRequest {
  requestorId: "s2"
  replyId: "s1"
  raftGroupId {
    id: "\326\216l\301\220x@5\222b\022\253h\305i\037"
  }
  callId: 12
  slidingWindowEntry {
  }
}
leaderTerm: 2
previousLog {
  term: 2
}
initializing: true
commitInfos {
  server {
    id: "s2"
    address: "localhost:38365"
    dataStreamAddress: "localhost:38285"
    clientAddress: "localhost:40537"
    adminAddress: "localhost:35135"
    startupRole: FOLLOWER
  }
}
commitInfos {
  server {
    id: "s3"
    address: "localhost:46799"
    dataStreamAddress: "localhost:40281"
    clientAddress: "localhost:46547"
    adminAddress: "localhost:45171"
    startupRole: FOLLOWER
  }
}
commitInfos {
  server {
    id: "s4"
    address: "localhost:39419"
    dataStreamAddress: "localhost:46687"
    clientAddress: "localhost:41785"
    adminAddress: "localhost:43995"
    startupRole: FOLLOWER
  }
}
commitInfos {
  server {
    id: "s0"
    address: "localhost:42481"
    dataStreamAddress: "localhost:43981"
    clientAddress: "localhost:42743"
    adminAddress: "localhost:44771"
    startupRole: FOLLOWER
  }
}
commitInfos {
  server {
    id: "s1"
    address: "localhost:44073"
    dataStreamAddress: "localhost:35501"
    clientAddress: "localhost:39477"
    adminAddress: "localhost:36871"
    startupRole: FOLLOWER
  }
}
]
2022-09-14 11:47:11,083 [s2@group-12AB68C5691F->s4-GrpcLogAppender-LogAppenderDaemon] INFO  util.CodeInjectionForTesting (DelayLocalExecutionInjection.java:execute(65)) - s2 delay 150 ms, args=[serverRequest {
  requestorId: "s2"
  replyId: "s4"
  raftGroupId {
    id: "\326\216l\301\220x@5\222b\022\253h\305i\037"
  }
  callId: 14
  slidingWindowEntry {
  }
}
leaderTerm: 2
previousLog {
  term: 2
}
initializing: true
commitInfos {
  server {
    id: "s2"
    address: "localhost:38365"
    dataStreamAddress: "localhost:38285"
    clientAddress: "localhost:40537"
    adminAddress: "localhost:35135"
    startupRole: FOLLOWER
  }
}
commitInfos {
  server {
    id: "s3"
    address: "localhost:46799"
    dataStreamAddress: "localhost:40281"
    clientAddress: "localhost:46547"
    adminAddress: "localhost:45171"
    startupRole: FOLLOWER
  }
}
commitInfos {
  server {
    id: "s4"
    address: "localhost:39419"
    dataStreamAddress: "localhost:46687"
    clientAddress: "localhost:41785"
    adminAddress: "localhost:43995"
    startupRole: FOLLOWER
  }
}
commitInfos {
  server {
    id: "s0"
    address: "localhost:42481"
    dataStreamAddress: "localhost:43981"
    clientAddress: "localhost:42743"
    adminAddress: "localhost:44771"
    startupRole: FOLLOWER
  }
}
commitInfos {
  server {
    id: "s1"
    address: "localhost:44073"
    dataStreamAddress: "localhost:35501"
    clientAddress: "localhost:39477"
    adminAddress: "localhost:36871"
    startupRole: FOLLOWER
  }
}
]
2022-09-14 11:47:11,083 [s2@group-12AB68C5691F->s3-GrpcLogAppender-LogAppenderDaemon] INFO  util.CodeInjectionForTesting (DelayLocalExecutionInjection.java:execute(65)) - s2 delay 150 ms, args=[serverRequest {
  requestorId: "s2"
  replyId: "s3"
  raftGroupId {
    id: "\326\216l\301\220x@5\222b\022\253h\305i\037"
  }
  callId: 21
  slidingWindowEntry {
  }
}
leaderTerm: 2
previousLog {
  term: 2
}
initializing: true
commitInfos {
  server {
    id: "s2"
    address: "localhost:38365"
    dataStreamAddress: "localhost:38285"
    clientAddress: "localhost:40537"
    adminAddress: "localhost:35135"
    startupRole: FOLLOWER
  }
}
commitInfos {
  server {
    id: "s3"
    address: "localhost:46799"
    dataStreamAddress: "localhost:40281"
    clientAddress: "localhost:46547"
    adminAddress: "localhost:45171"
    startupRole: FOLLOWER
  }
}
commitInfos {
  server {
    id: "s4"
    address: "localhost:39419"
    dataStreamAddress: "localhost:46687"
    clientAddress: "localhost:41785"
    adminAddress: "localhost:43995"
    startupRole: FOLLOWER
  }
}
commitInfos {
  server {
    id: "s0"
    address: "localhost:42481"
    dataStreamAddress: "localhost:43981"
    clientAddress: "localhost:42743"
    adminAddress: "localhost:44771"
    startupRole: FOLLOWER
  }
}
commitInfos {
  server {
    id: "s1"
    address: "localhost:44073"
    dataStreamAddress: "localhost:35501"
    clientAddress: "localhost:39477"
    adminAddress: "localhost:36871"
    startupRole: FOLLOWER
  }
}
]
2022-09-14 11:47:11,235 [s4-server-thread1] INFO  util.CodeInjectionForTesting (BlockRequestHandlingInjection.java:execute(77)) - s4: Block request from s2
2022-09-14 11:47:11,271 [s2@group-12AB68C5691F->s4-GrpcLogAppender-LogAppenderDaemon] INFO  util.CodeInjectionForTesting (DelayLocalExecutionInjection.java:execute(65)) - s2 delay 150 ms, args=[serverRequest {
  requestorId: "s2"
  replyId: "s4"
  raftGroupId {
    id: "\326\216l\301\220x@5\222b\022\253h\305i\037"
  }
  callId: 15
  slidingWindowEntry {
  }
}
leaderTerm: 2
previousLog {
  term: 2
}
initializing: true
commitInfos {
  server {
    id: "s2"
    address: "localhost:38365"
    dataStreamAddress: "localhost:38285"
    clientAddress: "localhost:40537"
    adminAddress: "localhost:35135"
    startupRole: FOLLOWER
  }
}
commitInfos {
  server {
    id: "s3"
    address: "localhost:46799"
    dataStreamAddress: "localhost:40281"
    clientAddress: "localhost:46547"
    adminAddress: "localhost:45171"
    startupRole: FOLLOWER
  }
}
commitInfos {
  server {
    id: "s4"
    address: "localhost:39419"
    dataStreamAddress: "localhost:46687"
    clientAddress: "localhost:41785"
    adminAddress: "localhost:43995"
    startupRole: FOLLOWER
  }
}
commitInfos {
  server {
    id: "s0"
    address: "localhost:42481"
    dataStreamAddress: "localhost:43981"
    clientAddress: "localhost:42743"
    adminAddress: "localhost:44771"
    startupRole: FOLLOWER
  }
}
commitInfos {
  server {
    id: "s1"
    address: "localhost:44073"
    dataStreamAddress: "localhost:35501"
    clientAddress: "localhost:39477"
    adminAddress: "localhost:36871"
    startupRole: FOLLOWER
  }
}
]
2022-09-14 11:47:11,304 [s2@group-12AB68C5691F->s0-GrpcLogAppender-LogAppenderDaemon] INFO  util.CodeInjectionForTesting (DelayLocalExecutionInjection.java:execute(65)) - s2 delay 150 ms, args=[serverRequest {
  requestorId: "s2"
  replyId: "s0"
  raftGroupId {
    id: "\326\216l\301\220x@5\222b\022\253h\305i\037"
  }
  callId: 13
  slidingWindowEntry {
  }
}
leaderTerm: 2
previousLog {
  term: 2
}
initializing: true
commitInfos {
  server {
    id: "s2"
    address: "localhost:38365"
    dataStreamAddress: "localhost:38285"
    clientAddress: "localhost:40537"
    adminAddress: "localhost:35135"
    startupRole: FOLLOWER
  }
}
commitInfos {
  server {
    id: "s3"
    address: "localhost:46799"
    dataStreamAddress: "localhost:40281"
    clientAddress: "localhost:46547"
    adminAddress: "localhost:45171"
    startupRole: FOLLOWER
  }
}
commitInfos {
  server {
    id: "s4"
    address: "localhost:39419"
    dataStreamAddress: "localhost:46687"
    clientAddress: "localhost:41785"
    adminAddress: "localhost:43995"
    startupRole: FOLLOWER
  }
}
commitInfos {
  server {
    id: "s0"
    address: "localhost:42481"
    dataStreamAddress: "localhost:43981"
    clientAddress: "localhost:42743"
    adminAddress: "localhost:44771"
    startupRole: FOLLOWER
  }
}
commitInfos {
  server {
    id: "s1"
    address: "localhost:44073"
    dataStreamAddress: "localhost:35501"
    clientAddress: "localhost:39477"
    adminAddress: "localhost:36871"
    startupRole: FOLLOWER
  }
}
]
2022-09-14 11:47:11,305 [s2@group-12AB68C5691F->s1-GrpcLogAppender-LogAppenderDaemon] INFO  util.CodeInjectionForTesting (DelayLocalExecutionInjection.java:execute(65)) - s2 delay 150 ms, args=[serverRequest {
  requestorId: "s2"
  replyId: "s1"
  raftGroupId {
    id: "\326\216l\301\220x@5\222b\022\253h\305i\037"
  }
  callId: 13
  slidingWindowEntry {
  }
}
leaderTerm: 2
previousLog {
  term: 2
}
initializing: true
commitInfos {
  server {
    id: "s2"
    address: "localhost:38365"
    dataStreamAddress: "localhost:38285"
    clientAddress: "localhost:40537"
    adminAddress: "localhost:35135"
    startupRole: FOLLOWER
  }
}
commitInfos {
  server {
    id: "s3"
    address: "localhost:46799"
    dataStreamAddress: "localhost:40281"
    clientAddress: "localhost:46547"
    adminAddress: "localhost:45171"
    startupRole: FOLLOWER
  }
}
commitInfos {
  server {
    id: "s4"
    address: "localhost:39419"
    dataStreamAddress: "localhost:46687"
    clientAddress: "localhost:41785"
    adminAddress: "localhost:43995"
    startupRole: FOLLOWER
  }
}
commitInfos {
  server {
    id: "s0"
    address: "localhost:42481"
    dataStreamAddress: "localhost:43981"
    clientAddress: "localhost:42743"
    adminAddress: "localhost:44771"
    startupRole: FOLLOWER
  }
}
commitInfos {
  server {
    id: "s1"
    address: "localhost:44073"
    dataStreamAddress: "localhost:35501"
    clientAddress: "localhost:39477"
    adminAddress: "localhost:36871"
    startupRole: FOLLOWER
  }
}
]
2022-09-14 11:47:11,315 [s2@group-12AB68C5691F->s3-GrpcLogAppender-LogAppenderDaemon] INFO  util.CodeInjectionForTesting (DelayLocalExecutionInjection.java:execute(65)) - s2 delay 150 ms, args=[serverRequest {
  requestorId: "s2"
  replyId: "s3"
  raftGroupId {
    id: "\326\216l\301\220x@5\222b\022\253h\305i\037"
  }
  callId: 22
  slidingWindowEntry {
  }
}
leaderTerm: 2
previousLog {
  term: 2
}
initializing: true
commitInfos {
  server {
    id: "s2"
    address: "localhost:38365"
    dataStreamAddress: "localhost:38285"
    clientAddress: "localhost:40537"
    adminAddress: "localhost:35135"
    startupRole: FOLLOWER
  }
}
commitInfos {
  server {
    id: "s3"
    address: "localhost:46799"
    dataStreamAddress: "localhost:40281"
    clientAddress: "localhost:46547"
    adminAddress: "localhost:45171"
    startupRole: FOLLOWER
  }
}
commitInfos {
  server {
    id: "s4"
    address: "localhost:39419"
    dataStreamAddress: "localhost:46687"
    clientAddress: "localhost:41785"
    adminAddress: "localhost:43995"
    startupRole: FOLLOWER
  }
}
commitInfos {
  server {
    id: "s0"
    address: "localhost:42481"
    dataStreamAddress: "localhost:43981"
    clientAddress: "localhost:42743"
    adminAddress: "localhost:44771"
    startupRole: FOLLOWER
  }
}
commitInfos {
  server {
    id: "s1"
    address: "localhost:44073"
    dataStreamAddress: "localhost:35501"
    clientAddress: "localhost:39477"
    adminAddress: "localhost:36871"
    startupRole: FOLLOWER
  }
}
]
2022-09-14 11:47:11,418 [s4@group-12AB68C5691F-FollowerState] INFO  impl.FollowerState (FollowerState.java:run(141)) - s4@group-12AB68C5691F-FollowerState: change to CANDIDATE, lastRpcElapsedTime:415258838ns, electionTimeout:255ms
2022-09-14 11:47:11,418 [s4@group-12AB68C5691F-FollowerState] INFO  impl.RoleInfo (RoleInfo.java:shutdownFollowerState(110)) - s4: shutdown s4@group-12AB68C5691F-FollowerState
2022-09-14 11:47:11,418 [s4@group-12AB68C5691F-FollowerState] INFO  server.RaftServer$Division (RaftServerImpl.java:setRole(317)) - s4@group-12AB68C5691F: changes role from  FOLLOWER to CANDIDATE at term 2 for changeToCandidate
2022-09-14 11:47:11,418 [s4@group-12AB68C5691F-FollowerState] INFO  server.RaftServerConfigKeys (ConfUtils.java:logGet(46)) - raft.server.leaderelection.pre-vote = true (default)
2022-09-14 11:47:11,418 [s4@group-12AB68C5691F-FollowerState] INFO  impl.RoleInfo (RoleInfo.java:updateAndGet(139)) - s4: start s4@group-12AB68C5691F-LeaderElection7
2022-09-14 11:47:11,419 [s4@group-12AB68C5691F-LeaderElection7] INFO  server.RaftServer$Division (ServerState.java:setLeader(259)) - s4@group-12AB68C5691F: change Leader from s2 to null at term 2 for PRE_VOTE
2022-09-14 11:47:11,420 [s4@group-12AB68C5691F-LeaderElection7] INFO  impl.LeaderElection (LeaderElection.java:askForVotes(308)) - s4@group-12AB68C5691F-LeaderElection7 PRE_VOTE round 0: submit vote requests at term 2 for 0: peers:[s3|rpc:localhost:46799|admin:localhost:45171|client:localhost:46547|dataStream:localhost:40281|priority:0|startupRole:FOLLOWER, s4|rpc:localhost:39419|admin:localhost:43995|client:localhost:41785|dataStream:localhost:46687|priority:0|startupRole:FOLLOWER, s0|rpc:localhost:42481|admin:localhost:44771|client:localhost:42743|dataStream:localhost:43981|priority:0|startupRole:FOLLOWER, s1|rpc:localhost:44073|admin:localhost:36871|client:localhost:39477|dataStream:localhost:35501|priority:0|startupRole:FOLLOWER, s2|rpc:localhost:38365|admin:localhost:35135|client:localhost:40537|dataStream:localhost:38285|priority:0|startupRole:FOLLOWER]|listeners:[], old=null
2022-09-14 11:47:11,425 [grpc-default-executor-39] INFO  server.RaftServer$Division (RaftServerImpl.java:requestVote(1281)) - s3@group-12AB68C5691F: receive requestVote(PRE_VOTE, s4, group-12AB68C5691F, 2, (t:1, i:0))
2022-09-14 11:47:11,426 [grpc-default-executor-39] INFO  impl.VoteContext (VoteContext.java:log(49)) - s3@group-12AB68C5691F-FOLLOWER: reject PRE_VOTE from s4: our last entry (t:2, i:0) > candidate's last entry (t:1, i:0)
2022-09-14 11:47:11,426 [grpc-default-executor-39] INFO  server.RaftServer$Division (RaftServerImpl.java:requestVote(1314)) - s3@group-12AB68C5691F replies to PRE_VOTE vote request: s4<-s3#0:FAIL-t2. Peer's state: s3@group-12AB68C5691F:t2, leader=s2, voted=s2, raftlog=Memoized:s3@group-12AB68C5691F-SegmentedRaftLog:OPENED:c0, conf=0: peers:[s3|rpc:localhost:46799|admin:localhost:45171|client:localhost:46547|dataStream:localhost:40281|priority:0|startupRole:FOLLOWER, s4|rpc:localhost:39419|admin:localhost:43995|client:localhost:41785|dataStream:localhost:46687|priority:0|startupRole:FOLLOWER, s0|rpc:localhost:42481|admin:localhost:44771|client:localhost:42743|dataStream:localhost:43981|priority:0|startupRole:FOLLOWER, s1|rpc:localhost:44073|admin:localhost:36871|client:localhost:39477|dataStream:localhost:35501|priority:0|startupRole:FOLLOWER, s2|rpc:localhost:38365|admin:localhost:35135|client:localhost:40537|dataStream:localhost:38285|priority:0|startupRole:FOLLOWER]|listeners:[], old=null
2022-09-14 11:47:11,427 [grpc-default-executor-46] INFO  server.RaftServer$Division (RaftServerImpl.java:requestVote(1281)) - s1@group-12AB68C5691F: receive requestVote(PRE_VOTE, s4, group-12AB68C5691F, 2, (t:1, i:0))
2022-09-14 11:47:11,427 [grpc-default-executor-46] INFO  impl.VoteContext (VoteContext.java:log(49)) - s1@group-12AB68C5691F-FOLLOWER: reject PRE_VOTE from s4: our last entry (t:2, i:0) > candidate's last entry (t:1, i:0)
2022-09-14 11:47:11,427 [grpc-default-executor-46] INFO  server.RaftServer$Division (RaftServerImpl.java:requestVote(1314)) - s1@group-12AB68C5691F replies to PRE_VOTE vote request: s4<-s1#0:FAIL-t2. Peer's state: s1@group-12AB68C5691F:t2, leader=s2, voted=s2, raftlog=Memoized:s1@group-12AB68C5691F-SegmentedRaftLog:OPENED:c0, conf=0: peers:[s3|rpc:localhost:46799|admin:localhost:45171|client:localhost:46547|dataStream:localhost:40281|priority:0|startupRole:FOLLOWER, s4|rpc:localhost:39419|admin:localhost:43995|client:localhost:41785|dataStream:localhost:46687|priority:0|startupRole:FOLLOWER, s0|rpc:localhost:42481|admin:localhost:44771|client:localhost:42743|dataStream:localhost:43981|priority:0|startupRole:FOLLOWER, s1|rpc:localhost:44073|admin:localhost:36871|client:localhost:39477|dataStream:localhost:35501|priority:0|startupRole:FOLLOWER, s2|rpc:localhost:38365|admin:localhost:35135|client:localhost:40537|dataStream:localhost:38285|priority:0|startupRole:FOLLOWER]|listeners:[], old=null
2022-09-14 11:47:11,427 [grpc-default-executor-39] INFO  server.RaftServer$Division (RaftServerImpl.java:requestVote(1281)) - s0@group-12AB68C5691F: receive requestVote(PRE_VOTE, s4, group-12AB68C5691F, 2, (t:1, i:0))
2022-09-14 11:47:11,427 [grpc-default-executor-39] INFO  impl.VoteContext (VoteContext.java:log(49)) - s0@group-12AB68C5691F-FOLLOWER: reject PRE_VOTE from s4: our last entry (t:2, i:0) > candidate's last entry (t:1, i:0)
2022-09-14 11:47:11,428 [grpc-default-executor-39] INFO  server.RaftServer$Division (RaftServerImpl.java:requestVote(1314)) - s0@group-12AB68C5691F replies to PRE_VOTE vote request: s4<-s0#0:FAIL-t2. Peer's state: s0@group-12AB68C5691F:t2, leader=s2, voted=s2, raftlog=Memoized:s0@group-12AB68C5691F-SegmentedRaftLog:OPENED:c0, conf=0: peers:[s3|rpc:localhost:46799|admin:localhost:45171|client:localhost:46547|dataStream:localhost:40281|priority:0|startupRole:FOLLOWER, s4|rpc:localhost:39419|admin:localhost:43995|client:localhost:41785|dataStream:localhost:46687|priority:0|startupRole:FOLLOWER, s0|rpc:localhost:42481|admin:localhost:44771|client:localhost:42743|dataStream:localhost:43981|priority:0|startupRole:FOLLOWER, s1|rpc:localhost:44073|admin:localhost:36871|client:localhost:39477|dataStream:localhost:35501|priority:0|startupRole:FOLLOWER, s2|rpc:localhost:38365|admin:localhost:35135|client:localhost:40537|dataStream:localhost:38285|priority:0|startupRole:FOLLOWER]|listeners:[], old=null
2022-09-14 11:47:11,433 [s4@group-12AB68C5691F-LeaderElection7] INFO  impl.LeaderElection (LeaderElection.java:logAndReturn(89)) - s4@group-12AB68C5691F-LeaderElection7: PRE_VOTE REJECTED received 3 response(s) and 0 exception(s):
2022-09-14 11:47:11,434 [s4@group-12AB68C5691F-LeaderElection7] INFO  impl.LeaderElection (LeaderElection.java:logAndReturn(93)) -   Response 0: s4<-s3#0:FAIL-t2
2022-09-14 11:47:11,434 [s4@group-12AB68C5691F-LeaderElection7] INFO  impl.LeaderElection (LeaderElection.java:logAndReturn(93)) -   Response 1: s4<-s0#0:FAIL-t2
2022-09-14 11:47:11,434 [s4@group-12AB68C5691F-LeaderElection7] INFO  impl.LeaderElection (LeaderElection.java:logAndReturn(93)) -   Response 2: s4<-s1#0:FAIL-t2
2022-09-14 11:47:11,434 [s4@group-12AB68C5691F-LeaderElection7] INFO  impl.LeaderElection (LeaderElection.java:askForVotes(310)) - s4@group-12AB68C5691F-LeaderElection7 PRE_VOTE round 0: result REJECTED
2022-09-14 11:47:11,434 [s4@group-12AB68C5691F-LeaderElection7] INFO  server.RaftServer$Division (RaftServerImpl.java:setRole(317)) - s4@group-12AB68C5691F: changes role from CANDIDATE to FOLLOWER at term 2 for REJECTED
2022-09-14 11:47:11,434 [s4@group-12AB68C5691F-LeaderElection7] INFO  impl.RoleInfo (RoleInfo.java:shutdownLeaderElection(130)) - s4: shutdown s4@group-12AB68C5691F-LeaderElection7
2022-09-14 11:47:11,434 [s4@group-12AB68C5691F-LeaderElection7] INFO  impl.RoleInfo (RoleInfo.java:updateAndGet(139)) - s4: start s4@group-12AB68C5691F-FollowerState
2022-09-14 11:47:11,436 [grpc-default-executor-4] INFO  server.RaftServer$Division (RaftServerImpl.java:requestVote(1281)) - s2@group-12AB68C5691F: receive requestVote(PRE_VOTE, s4, group-12AB68C5691F, 2, (t:1, i:0))
2022-09-14 11:47:11,437 [grpc-default-executor-4] INFO  impl.VoteContext (VoteContext.java:log(49)) - s2@group-12AB68C5691F-LEADER: reject PRE_VOTE from s4: this server is the leader and still has leadership
2022-09-14 11:47:11,437 [grpc-default-executor-4] INFO  server.RaftServer$Division (RaftServerImpl.java:requestVote(1314)) - s2@group-12AB68C5691F replies to PRE_VOTE vote request: s4<-s2#0:FAIL-t2. Peer's state: s2@group-12AB68C5691F:t2, leader=s2, voted=s2, raftlog=Memoized:s2@group-12AB68C5691F-SegmentedRaftLog:OPENED:c0, conf=0: peers:[s3|rpc:localhost:46799|admin:localhost:45171|client:localhost:46547|dataStream:localhost:40281|priority:0|startupRole:FOLLOWER, s4|rpc:localhost:39419|admin:localhost:43995|client:localhost:41785|dataStream:localhost:46687|priority:0|startupRole:FOLLOWER, s0|rpc:localhost:42481|admin:localhost:44771|client:localhost:42743|dataStream:localhost:43981|priority:0|startupRole:FOLLOWER, s1|rpc:localhost:44073|admin:localhost:36871|client:localhost:39477|dataStream:localhost:35501|priority:0|startupRole:FOLLOWER, s2|rpc:localhost:38365|admin:localhost:35135|client:localhost:40537|dataStream:localhost:38285|priority:0|startupRole:FOLLOWER]|listeners:[], old=null
2022-09-14 11:47:11,460 [s2@group-12AB68C5691F->s4-GrpcLogAppender-LogAppenderDaemon] INFO  util.CodeInjectionForTesting (DelayLocalExecutionInjection.java:execute(65)) - s2 delay 150 ms, args=[serverRequest {
  requestorId: "s2"
  replyId: "s4"
  raftGroupId {
    id: "\326\216l\301\220x@5\222b\022\253h\305i\037"
  }
  callId: 16
  slidingWindowEntry {
  }
}
leaderTerm: 2
previousLog {
  term: 2
}
initializing: true
commitInfos {
  server {
    id: "s2"
    address: "localhost:38365"
    dataStreamAddress: "localhost:38285"
    clientAddress: "localhost:40537"
    adminAddress: "localhost:35135"
    startupRole: FOLLOWER
  }
}
commitInfos {
  server {
    id: "s3"
    address: "localhost:46799"
    dataStreamAddress: "localhost:40281"
    clientAddress: "localhost:46547"
    adminAddress: "localhost:45171"
    startupRole: FOLLOWER
  }
}
commitInfos {
  server {
    id: "s4"
    address: "localhost:39419"
    dataStreamAddress: "localhost:46687"
    clientAddress: "localhost:41785"
    adminAddress: "localhost:43995"
    startupRole: FOLLOWER
  }
}
commitInfos {
  server {
    id: "s0"
    address: "localhost:42481"
    dataStreamAddress: "localhost:43981"
    clientAddress: "localhost:42743"
    adminAddress: "localhost:44771"
    startupRole: FOLLOWER
  }
}
commitInfos {
  server {
    id: "s1"
    address: "localhost:44073"
    dataStreamAddress: "localhost:35501"
    clientAddress: "localhost:39477"
    adminAddress: "localhost:36871"
    startupRole: FOLLOWER
  }
}
]
2022-09-14 11:47:11,534 [s2@group-12AB68C5691F->s0-GrpcLogAppender-LogAppenderDaemon] INFO  util.CodeInjectionForTesting (DelayLocalExecutionInjection.java:execute(65)) - s2 delay 150 ms, args=[serverRequest {
  requestorId: "s2"
  replyId: "s0"
  raftGroupId {
    id: "\326\216l\301\220x@5\222b\022\253h\305i\037"
  }
  callId: 14
  slidingWindowEntry {
  }
}
leaderTerm: 2
previousLog {
  term: 2
}
initializing: true
commitInfos {
  server {
    id: "s2"
    address: "localhost:38365"
    dataStreamAddress: "localhost:38285"
    clientAddress: "localhost:40537"
    adminAddress: "localhost:35135"
    startupRole: FOLLOWER
  }
}
commitInfos {
  server {
    id: "s3"
    address: "localhost:46799"
    dataStreamAddress: "localhost:40281"
    clientAddress: "localhost:46547"
    adminAddress: "localhost:45171"
    startupRole: FOLLOWER
  }
}
commitInfos {
  server {
    id: "s4"
    address: "localhost:39419"
    dataStreamAddress: "localhost:46687"
    clientAddress: "localhost:41785"
    adminAddress: "localhost:43995"
    startupRole: FOLLOWER
  }
}
commitInfos {
  server {
    id: "s0"
    address: "localhost:42481"
    dataStreamAddress: "localhost:43981"
    clientAddress: "localhost:42743"
    adminAddress: "localhost:44771"
    startupRole: FOLLOWER
  }
}
commitInfos {
  server {
    id: "s1"
    address: "localhost:44073"
    dataStreamAddress: "localhost:35501"
    clientAddress: "localhost:39477"
    adminAddress: "localhost:36871"
    startupRole: FOLLOWER
  }
}
]
2022-09-14 11:47:11,535 [s2@group-12AB68C5691F->s1-GrpcLogAppender-LogAppenderDaemon] INFO  util.CodeInjectionForTesting (DelayLocalExecutionInjection.java:execute(65)) - s2 delay 150 ms, args=[serverRequest {
  requestorId: "s2"
  replyId: "s1"
  raftGroupId {
    id: "\326\216l\301\220x@5\222b\022\253h\305i\037"
  }
  callId: 14
  slidingWindowEntry {
  }
}
leaderTerm: 2
previousLog {
  term: 2
}
initializing: true
commitInfos {
  server {
    id: "s2"
    address: "localhost:38365"
    dataStreamAddress: "localhost:38285"
    clientAddress: "localhost:40537"
    adminAddress: "localhost:35135"
    startupRole: FOLLOWER
  }
}
commitInfos {
  server {
    id: "s3"
    address: "localhost:46799"
    dataStreamAddress: "localhost:40281"
    clientAddress: "localhost:46547"
    adminAddress: "localhost:45171"
    startupRole: FOLLOWER
  }
}
commitInfos {
  server {
    id: "s4"
    address: "localhost:39419"
    dataStreamAddress: "localhost:46687"
    clientAddress: "localhost:41785"
    adminAddress: "localhost:43995"
    startupRole: FOLLOWER
  }
}
commitInfos {
  server {
    id: "s0"
    address: "localhost:42481"
    dataStreamAddress: "localhost:43981"
    clientAddress: "localhost:42743"
    adminAddress: "localhost:44771"
    startupRole: FOLLOWER
  }
}
commitInfos {
  server {
    id: "s1"
    address: "localhost:44073"
    dataStreamAddress: "localhost:35501"
    clientAddress: "localhost:39477"
    adminAddress: "localhost:36871"
    startupRole: FOLLOWER
  }
}
]
2022-09-14 11:47:11,543 [s2@group-12AB68C5691F->s3-GrpcLogAppender-LogAppenderDaemon] INFO  util.CodeInjectionForTesting (DelayLocalExecutionInjection.java:execute(65)) - s2 delay 150 ms, args=[serverRequest {
  requestorId: "s2"
  replyId: "s3"
  raftGroupId {
    id: "\326\216l\301\220x@5\222b\022\253h\305i\037"
  }
  callId: 23
  slidingWindowEntry {
  }
}
leaderTerm: 2
previousLog {
  term: 2
}
initializing: true
commitInfos {
  server {
    id: "s2"
    address: "localhost:38365"
    dataStreamAddress: "localhost:38285"
    clientAddress: "localhost:40537"
    adminAddress: "localhost:35135"
    startupRole: FOLLOWER
  }
}
commitInfos {
  server {
    id: "s3"
    address: "localhost:46799"
    dataStreamAddress: "localhost:40281"
    clientAddress: "localhost:46547"
    adminAddress: "localhost:45171"
    startupRole: FOLLOWER
  }
}
commitInfos {
  server {
    id: "s4"
    address: "localhost:39419"
    dataStreamAddress: "localhost:46687"
    clientAddress: "localhost:41785"
    adminAddress: "localhost:43995"
    startupRole: FOLLOWER
  }
}
commitInfos {
  server {
    id: "s0"
    address: "localhost:42481"
    dataStreamAddress: "localhost:43981"
    clientAddress: "localhost:42743"
    adminAddress: "localhost:44771"
    startupRole: FOLLOWER
  }
}
commitInfos {
  server {
    id: "s1"
    address: "localhost:44073"
    dataStreamAddress: "localhost:35501"
    clientAddress: "localhost:39477"
    adminAddress: "localhost:36871"
    startupRole: FOLLOWER
  }
}
]
2022-09-14 11:47:11,625 [s4@group-12AB68C5691F-FollowerState] INFO  impl.FollowerState (FollowerState.java:run(141)) - s4@group-12AB68C5691F-FollowerState: change to CANDIDATE, lastRpcElapsedTime:190652947ns, electionTimeout:186ms
2022-09-14 11:47:11,625 [s4@group-12AB68C5691F-FollowerState] INFO  impl.RoleInfo (RoleInfo.java:shutdownFollowerState(110)) - s4: shutdown s4@group-12AB68C5691F-FollowerState
2022-09-14 11:47:11,625 [s4@group-12AB68C5691F-FollowerState] INFO  server.RaftServer$Division (RaftServerImpl.java:setRole(317)) - s4@group-12AB68C5691F: changes role from  FOLLOWER to CANDIDATE at term 2 for changeToCandidate
2022-09-14 11:47:11,625 [s4@group-12AB68C5691F-FollowerState] INFO  server.RaftServerConfigKeys (ConfUtils.java:logGet(46)) - raft.server.leaderelection.pre-vote = true (default)
2022-09-14 11:47:11,625 [s4@group-12AB68C5691F-FollowerState] INFO  impl.RoleInfo (RoleInfo.java:updateAndGet(139)) - s4: start s4@group-12AB68C5691F-LeaderElection8
2022-09-14 11:47:11,628 [s4@group-12AB68C5691F-LeaderElection8] INFO  impl.LeaderElection (LeaderElection.java:askForVotes(308)) - s4@group-12AB68C5691F-LeaderElection8 PRE_VOTE round 0: submit vote requests at term 2 for 0: peers:[s3|rpc:localhost:46799|admin:localhost:45171|client:localhost:46547|dataStream:localhost:40281|priority:0|startupRole:FOLLOWER, s4|rpc:localhost:39419|admin:localhost:43995|client:localhost:41785|dataStream:localhost:46687|priority:0|startupRole:FOLLOWER, s0|rpc:localhost:42481|admin:localhost:44771|client:localhost:42743|dataStream:localhost:43981|priority:0|startupRole:FOLLOWER, s1|rpc:localhost:44073|admin:localhost:36871|client:localhost:39477|dataStream:localhost:35501|priority:0|startupRole:FOLLOWER, s2|rpc:localhost:38365|admin:localhost:35135|client:localhost:40537|dataStream:localhost:38285|priority:0|startupRole:FOLLOWER]|listeners:[], old=null
2022-09-14 11:47:11,634 [grpc-default-executor-4] INFO  server.RaftServer$Division (RaftServerImpl.java:requestVote(1281)) - s3@group-12AB68C5691F: receive requestVote(PRE_VOTE, s4, group-12AB68C5691F, 2, (t:1, i:0))
2022-09-14 11:47:11,634 [grpc-default-executor-4] INFO  impl.VoteContext (VoteContext.java:log(49)) - s3@group-12AB68C5691F-FOLLOWER: reject PRE_VOTE from s4: our last entry (t:2, i:0) > candidate's last entry (t:1, i:0)
2022-09-14 11:47:11,634 [grpc-default-executor-4] INFO  server.RaftServer$Division (RaftServerImpl.java:requestVote(1314)) - s3@group-12AB68C5691F replies to PRE_VOTE vote request: s4<-s3#0:FAIL-t2. Peer's state: s3@group-12AB68C5691F:t2, leader=s2, voted=s2, raftlog=Memoized:s3@group-12AB68C5691F-SegmentedRaftLog:OPENED:c0, conf=0: peers:[s3|rpc:localhost:46799|admin:localhost:45171|client:localhost:46547|dataStream:localhost:40281|priority:0|startupRole:FOLLOWER, s4|rpc:localhost:39419|admin:localhost:43995|client:localhost:41785|dataStream:localhost:46687|priority:0|startupRole:FOLLOWER, s0|rpc:localhost:42481|admin:localhost:44771|client:localhost:42743|dataStream:localhost:43981|priority:0|startupRole:FOLLOWER, s1|rpc:localhost:44073|admin:localhost:36871|client:localhost:39477|dataStream:localhost:35501|priority:0|startupRole:FOLLOWER, s2|rpc:localhost:38365|admin:localhost:35135|client:localhost:40537|dataStream:localhost:38285|priority:0|startupRole:FOLLOWER]|listeners:[], old=null
2022-09-14 11:47:11,639 [grpc-default-executor-4] INFO  server.RaftServer$Division (RaftServerImpl.java:requestVote(1281)) - s0@group-12AB68C5691F: receive requestVote(PRE_VOTE, s4, group-12AB68C5691F, 2, (t:1, i:0))
2022-09-14 11:47:11,639 [grpc-default-executor-4] INFO  impl.VoteContext (VoteContext.java:log(49)) - s0@group-12AB68C5691F-FOLLOWER: reject PRE_VOTE from s4: our last entry (t:2, i:0) > candidate's last entry (t:1, i:0)
2022-09-14 11:47:11,639 [grpc-default-executor-4] INFO  server.RaftServer$Division (RaftServerImpl.java:requestVote(1314)) - s0@group-12AB68C5691F replies to PRE_VOTE vote request: s4<-s0#0:FAIL-t2. Peer's state: s0@group-12AB68C5691F:t2, leader=s2, voted=s2, raftlog=Memoized:s0@group-12AB68C5691F-SegmentedRaftLog:OPENED:c0, conf=0: peers:[s3|rpc:localhost:46799|admin:localhost:45171|client:localhost:46547|dataStream:localhost:40281|priority:0|startupRole:FOLLOWER, s4|rpc:localhost:39419|admin:localhost:43995|client:localhost:41785|dataStream:localhost:46687|priority:0|startupRole:FOLLOWER, s0|rpc:localhost:42481|admin:localhost:44771|client:localhost:42743|dataStream:localhost:43981|priority:0|startupRole:FOLLOWER, s1|rpc:localhost:44073|admin:localhost:36871|client:localhost:39477|dataStream:localhost:35501|priority:0|startupRole:FOLLOWER, s2|rpc:localhost:38365|admin:localhost:35135|client:localhost:40537|dataStream:localhost:38285|priority:0|startupRole:FOLLOWER]|listeners:[], old=null
2022-09-14 11:47:11,644 [grpc-default-executor-4] INFO  server.RaftServer$Division (RaftServerImpl.java:requestVote(1281)) - s1@group-12AB68C5691F: receive requestVote(PRE_VOTE, s4, group-12AB68C5691F, 2, (t:1, i:0))
2022-09-14 11:47:11,644 [grpc-default-executor-4] INFO  impl.VoteContext (VoteContext.java:log(49)) - s1@group-12AB68C5691F-FOLLOWER: reject PRE_VOTE from s4: our last entry (t:2, i:0) > candidate's last entry (t:1, i:0)
2022-09-14 11:47:11,645 [grpc-default-executor-4] INFO  server.RaftServer$Division (RaftServerImpl.java:requestVote(1314)) - s1@group-12AB68C5691F replies to PRE_VOTE vote request: s4<-s1#0:FAIL-t2. Peer's state: s1@group-12AB68C5691F:t2, leader=s2, voted=s2, raftlog=Memoized:s1@group-12AB68C5691F-SegmentedRaftLog:OPENED:c0, conf=0: peers:[s3|rpc:localhost:46799|admin:localhost:45171|client:localhost:46547|dataStream:localhost:40281|priority:0|startupRole:FOLLOWER, s4|rpc:localhost:39419|admin:localhost:43995|client:localhost:41785|dataStream:localhost:46687|priority:0|startupRole:FOLLOWER, s0|rpc:localhost:42481|admin:localhost:44771|client:localhost:42743|dataStream:localhost:43981|priority:0|startupRole:FOLLOWER, s1|rpc:localhost:44073|admin:localhost:36871|client:localhost:39477|dataStream:localhost:35501|priority:0|startupRole:FOLLOWER, s2|rpc:localhost:38365|admin:localhost:35135|client:localhost:40537|dataStream:localhost:38285|priority:0|startupRole:FOLLOWER]|listeners:[], old=null
2022-09-14 11:47:11,647 [s4@group-12AB68C5691F-LeaderElection8] INFO  impl.LeaderElection (LeaderElection.java:logAndReturn(89)) - s4@group-12AB68C5691F-LeaderElection8: PRE_VOTE REJECTED received 3 response(s) and 0 exception(s):
2022-09-14 11:47:11,647 [s4@group-12AB68C5691F-LeaderElection8] INFO  impl.LeaderElection (LeaderElection.java:logAndReturn(93)) -   Response 0: s4<-s3#0:FAIL-t2
2022-09-14 11:47:11,647 [s4@group-12AB68C5691F-LeaderElection8] INFO  impl.LeaderElection (LeaderElection.java:logAndReturn(93)) -   Response 1: s4<-s0#0:FAIL-t2
2022-09-14 11:47:11,647 [s4@group-12AB68C5691F-LeaderElection8] INFO  impl.LeaderElection (LeaderElection.java:logAndReturn(93)) -   Response 2: s4<-s1#0:FAIL-t2
2022-09-14 11:47:11,647 [s4@group-12AB68C5691F-LeaderElection8] INFO  impl.LeaderElection (LeaderElection.java:askForVotes(310)) - s4@group-12AB68C5691F-LeaderElection8 PRE_VOTE round 0: result REJECTED
2022-09-14 11:47:11,648 [s4@group-12AB68C5691F-LeaderElection8] INFO  server.RaftServer$Division (RaftServerImpl.java:setRole(317)) - s4@group-12AB68C5691F: changes role from CANDIDATE to FOLLOWER at term 2 for REJECTED
2022-09-14 11:47:11,648 [s4@group-12AB68C5691F-LeaderElection8] INFO  impl.RoleInfo (RoleInfo.java:shutdownLeaderElection(130)) - s4: shutdown s4@group-12AB68C5691F-LeaderElection8
2022-09-14 11:47:11,648 [s4@group-12AB68C5691F-LeaderElection8] INFO  impl.RoleInfo (RoleInfo.java:updateAndGet(139)) - s4: start s4@group-12AB68C5691F-FollowerState
2022-09-14 11:47:11,649 [s2@group-12AB68C5691F->s4-GrpcLogAppender-LogAppenderDaemon] INFO  util.CodeInjectionForTesting (DelayLocalExecutionInjection.java:execute(65)) - s2 delay 150 ms, args=[serverRequest {
  requestorId: "s2"
  replyId: "s4"
  raftGroupId {
    id: "\326\216l\301\220x@5\222b\022\253h\305i\037"
  }
  callId: 17
  slidingWindowEntry {
  }
}
leaderTerm: 2
previousLog {
  term: 2
}
initializing: true
commitInfos {
  server {
    id: "s2"
    address: "localhost:38365"
    dataStreamAddress: "localhost:38285"
    clientAddress: "localhost:40537"
    adminAddress: "localhost:35135"
    startupRole: FOLLOWER
  }
}
commitInfos {
  server {
    id: "s3"
    address: "localhost:46799"
    dataStreamAddress: "localhost:40281"
    clientAddress: "localhost:46547"
    adminAddress: "localhost:45171"
    startupRole: FOLLOWER
  }
}
commitInfos {
  server {
    id: "s4"
    address: "localhost:39419"
    dataStreamAddress: "localhost:46687"
    clientAddress: "localhost:41785"
    adminAddress: "localhost:43995"
    startupRole: FOLLOWER
  }
}
commitInfos {
  server {
    id: "s0"
    address: "localhost:42481"
    dataStreamAddress: "localhost:43981"
    clientAddress: "localhost:42743"
    adminAddress: "localhost:44771"
    startupRole: FOLLOWER
  }
}
commitInfos {
  server {
    id: "s1"
    address: "localhost:44073"
    dataStreamAddress: "localhost:35501"
    clientAddress: "localhost:39477"
    adminAddress: "localhost:36871"
    startupRole: FOLLOWER
  }
}
]
2022-09-14 11:47:11,649 [grpc-default-executor-4] INFO  server.RaftServer$Division (RaftServerImpl.java:requestVote(1281)) - s2@group-12AB68C5691F: receive requestVote(PRE_VOTE, s4, group-12AB68C5691F, 2, (t:1, i:0))
2022-09-14 11:47:11,649 [grpc-default-executor-4] INFO  impl.VoteContext (VoteContext.java:log(49)) - s2@group-12AB68C5691F-LEADER: reject PRE_VOTE from s4: this server is the leader and still has leadership
2022-09-14 11:47:11,650 [grpc-default-executor-4] INFO  server.RaftServer$Division (RaftServerImpl.java:requestVote(1314)) - s2@group-12AB68C5691F replies to PRE_VOTE vote request: s4<-s2#0:FAIL-t2. Peer's state: s2@group-12AB68C5691F:t2, leader=s2, voted=s2, raftlog=Memoized:s2@group-12AB68C5691F-SegmentedRaftLog:OPENED:c0, conf=0: peers:[s3|rpc:localhost:46799|admin:localhost:45171|client:localhost:46547|dataStream:localhost:40281|priority:0|startupRole:FOLLOWER, s4|rpc:localhost:39419|admin:localhost:43995|client:localhost:41785|dataStream:localhost:46687|priority:0|startupRole:FOLLOWER, s0|rpc:localhost:42481|admin:localhost:44771|client:localhost:42743|dataStream:localhost:43981|priority:0|startupRole:FOLLOWER, s1|rpc:localhost:44073|admin:localhost:36871|client:localhost:39477|dataStream:localhost:35501|priority:0|startupRole:FOLLOWER, s2|rpc:localhost:38365|admin:localhost:35135|client:localhost:40537|dataStream:localhost:38285|priority:0|startupRole:FOLLOWER]|listeners:[], old=null
2022-09-14 11:47:11,763 [s2@group-12AB68C5691F->s1-GrpcLogAppender-LogAppenderDaemon] INFO  util.CodeInjectionForTesting (DelayLocalExecutionInjection.java:execute(65)) - s2 delay 150 ms, args=[serverRequest {
  requestorId: "s2"
  replyId: "s1"
  raftGroupId {
    id: "\326\216l\301\220x@5\222b\022\253h\305i\037"
  }
  callId: 15
  slidingWindowEntry {
  }
}
leaderTerm: 2
previousLog {
  term: 2
}
initializing: true
commitInfos {
  server {
    id: "s2"
    address: "localhost:38365"
    dataStreamAddress: "localhost:38285"
    clientAddress: "localhost:40537"
    adminAddress: "localhost:35135"
    startupRole: FOLLOWER
  }
}
commitInfos {
  server {
    id: "s3"
    address: "localhost:46799"
    dataStreamAddress: "localhost:40281"
    clientAddress: "localhost:46547"
    adminAddress: "localhost:45171"
    startupRole: FOLLOWER
  }
}
commitInfos {
  server {
    id: "s4"
    address: "localhost:39419"
    dataStreamAddress: "localhost:46687"
    clientAddress: "localhost:41785"
    adminAddress: "localhost:43995"
    startupRole: FOLLOWER
  }
}
commitInfos {
  server {
    id: "s0"
    address: "localhost:42481"
    dataStreamAddress: "localhost:43981"
    clientAddress: "localhost:42743"
    adminAddress: "localhost:44771"
    startupRole: FOLLOWER
  }
}
commitInfos {
  server {
    id: "s1"
    address: "localhost:44073"
    dataStreamAddress: "localhost:35501"
    clientAddress: "localhost:39477"
    adminAddress: "localhost:36871"
    startupRole: FOLLOWER
  }
}
]
2022-09-14 11:47:11,765 [s2@group-12AB68C5691F->s0-GrpcLogAppender-LogAppenderDaemon] INFO  util.CodeInjectionForTesting (DelayLocalExecutionInjection.java:execute(65)) - s2 delay 150 ms, args=[serverRequest {
  requestorId: "s2"
  replyId: "s0"
  raftGroupId {
    id: "\326\216l\301\220x@5\222b\022\253h\305i\037"
  }
  callId: 15
  slidingWindowEntry {
  }
}
leaderTerm: 2
previousLog {
  term: 2
}
initializing: true
commitInfos {
  server {
    id: "s2"
    address: "localhost:38365"
    dataStreamAddress: "localhost:38285"
    clientAddress: "localhost:40537"
    adminAddress: "localhost:35135"
    startupRole: FOLLOWER
  }
}
commitInfos {
  server {
    id: "s3"
    address: "localhost:46799"
    dataStreamAddress: "localhost:40281"
    clientAddress: "localhost:46547"
    adminAddress: "localhost:45171"
    startupRole: FOLLOWER
  }
}
commitInfos {
  server {
    id: "s4"
    address: "localhost:39419"
    dataStreamAddress: "localhost:46687"
    clientAddress: "localhost:41785"
    adminAddress: "localhost:43995"
    startupRole: FOLLOWER
  }
}
commitInfos {
  server {
    id: "s0"
    address: "localhost:42481"
    dataStreamAddress: "localhost:43981"
    clientAddress: "localhost:42743"
    adminAddress: "localhost:44771"
    startupRole: FOLLOWER
  }
}
commitInfos {
  server {
    id: "s1"
    address: "localhost:44073"
    dataStreamAddress: "localhost:35501"
    clientAddress: "localhost:39477"
    adminAddress: "localhost:36871"
    startupRole: FOLLOWER
  }
}
]
2022-09-14 11:47:11,775 [s2@group-12AB68C5691F->s3-GrpcLogAppender-LogAppenderDaemon] INFO  util.CodeInjectionForTesting (DelayLocalExecutionInjection.java:execute(65)) - s2 delay 150 ms, args=[serverRequest {
  requestorId: "s2"
  replyId: "s3"
  raftGroupId {
    id: "\326\216l\301\220x@5\222b\022\253h\305i\037"
  }
  callId: 24
  slidingWindowEntry {
  }
}
leaderTerm: 2
previousLog {
  term: 2
}
initializing: true
commitInfos {
  server {
    id: "s2"
    address: "localhost:38365"
    dataStreamAddress: "localhost:38285"
    clientAddress: "localhost:40537"
    adminAddress: "localhost:35135"
    startupRole: FOLLOWER
  }
}
commitInfos {
  server {
    id: "s3"
    address: "localhost:46799"
    dataStreamAddress: "localhost:40281"
    clientAddress: "localhost:46547"
    adminAddress: "localhost:45171"
    startupRole: FOLLOWER
  }
}
commitInfos {
  server {
    id: "s4"
    address: "localhost:39419"
    dataStreamAddress: "localhost:46687"
    clientAddress: "localhost:41785"
    adminAddress: "localhost:43995"
    startupRole: FOLLOWER
  }
}
commitInfos {
  server {
    id: "s0"
    address: "localhost:42481"
    dataStreamAddress: "localhost:43981"
    clientAddress: "localhost:42743"
    adminAddress: "localhost:44771"
    startupRole: FOLLOWER
  }
}
commitInfos {
  server {
    id: "s1"
    address: "localhost:44073"
    dataStreamAddress: "localhost:35501"
    clientAddress: "localhost:39477"
    adminAddress: "localhost:36871"
    startupRole: FOLLOWER
  }
}
]
2022-09-14 11:47:11,838 [s2@group-12AB68C5691F->s4-GrpcLogAppender-LogAppenderDaemon] INFO  util.CodeInjectionForTesting (DelayLocalExecutionInjection.java:execute(65)) - s2 delay 150 ms, args=[serverRequest {
  requestorId: "s2"
  replyId: "s4"
  raftGroupId {
    id: "\326\216l\301\220x@5\222b\022\253h\305i\037"
  }
  callId: 18
  slidingWindowEntry {
  }
}
leaderTerm: 2
previousLog {
  term: 2
}
initializing: true
commitInfos {
  server {
    id: "s2"
    address: "localhost:38365"
    dataStreamAddress: "localhost:38285"
    clientAddress: "localhost:40537"
    adminAddress: "localhost:35135"
    startupRole: FOLLOWER
  }
}
commitInfos {
  server {
    id: "s3"
    address: "localhost:46799"
    dataStreamAddress: "localhost:40281"
    clientAddress: "localhost:46547"
    adminAddress: "localhost:45171"
    startupRole: FOLLOWER
  }
}
commitInfos {
  server {
    id: "s4"
    address: "localhost:39419"
    dataStreamAddress: "localhost:46687"
    clientAddress: "localhost:41785"
    adminAddress: "localhost:43995"
    startupRole: FOLLOWER
  }
}
commitInfos {
  server {
    id: "s0"
    address: "localhost:42481"
    dataStreamAddress: "localhost:43981"
    clientAddress: "localhost:42743"
    adminAddress: "localhost:44771"
    startupRole: FOLLOWER
  }
}
commitInfos {
  server {
    id: "s1"
    address: "localhost:44073"
    dataStreamAddress: "localhost:35501"
    clientAddress: "localhost:39477"
    adminAddress: "localhost:36871"
    startupRole: FOLLOWER
  }
}
]
2022-09-14 11:47:11,917 [Time-limited test] INFO  server.RaftServerConfigKeys (ConfUtils.java:logGet(46)) - raft.server.rpc.timeout.max = 300ms (default)
2022-09-14 11:47:11,942 [s4@group-12AB68C5691F-FollowerState] INFO  impl.FollowerState (FollowerState.java:run(141)) - s4@group-12AB68C5691F-FollowerState: change to CANDIDATE, lastRpcElapsedTime:293963450ns, electionTimeout:284ms
2022-09-14 11:47:11,942 [s4@group-12AB68C5691F-FollowerState] INFO  impl.RoleInfo (RoleInfo.java:shutdownFollowerState(110)) - s4: shutdown s4@group-12AB68C5691F-FollowerState
2022-09-14 11:47:11,942 [s4@group-12AB68C5691F-FollowerState] INFO  server.RaftServer$Division (RaftServerImpl.java:setRole(317)) - s4@group-12AB68C5691F: changes role from  FOLLOWER to CANDIDATE at term 2 for changeToCandidate
2022-09-14 11:47:11,942 [s4@group-12AB68C5691F-FollowerState] INFO  server.RaftServerConfigKeys (ConfUtils.java:logGet(46)) - raft.server.leaderelection.pre-vote = true (default)
2022-09-14 11:47:11,942 [s4@group-12AB68C5691F-FollowerState] INFO  impl.RoleInfo (RoleInfo.java:updateAndGet(139)) - s4: start s4@group-12AB68C5691F-LeaderElection9
2022-09-14 11:47:11,943 [s4@group-12AB68C5691F-LeaderElection9] INFO  impl.LeaderElection (LeaderElection.java:askForVotes(308)) - s4@group-12AB68C5691F-LeaderElection9 PRE_VOTE round 0: submit vote requests at term 2 for 0: peers:[s3|rpc:localhost:46799|admin:localhost:45171|client:localhost:46547|dataStream:localhost:40281|priority:0|startupRole:FOLLOWER, s4|rpc:localhost:39419|admin:localhost:43995|client:localhost:41785|dataStream:localhost:46687|priority:0|startupRole:FOLLOWER, s0|rpc:localhost:42481|admin:localhost:44771|client:localhost:42743|dataStream:localhost:43981|priority:0|startupRole:FOLLOWER, s1|rpc:localhost:44073|admin:localhost:36871|client:localhost:39477|dataStream:localhost:35501|priority:0|startupRole:FOLLOWER, s2|rpc:localhost:38365|admin:localhost:35135|client:localhost:40537|dataStream:localhost:38285|priority:0|startupRole:FOLLOWER]|listeners:[], old=null
2022-09-14 11:47:11,946 [grpc-default-executor-39] INFO  server.RaftServer$Division (RaftServerImpl.java:requestVote(1281)) - s3@group-12AB68C5691F: receive requestVote(PRE_VOTE, s4, group-12AB68C5691F, 2, (t:1, i:0))
2022-09-14 11:47:11,946 [grpc-default-executor-39] INFO  impl.VoteContext (VoteContext.java:log(49)) - s3@group-12AB68C5691F-FOLLOWER: reject PRE_VOTE from s4: this server is a follower and still has a valid leader s2
2022-09-14 11:47:11,946 [grpc-default-executor-39] INFO  server.RaftServer$Division (RaftServerImpl.java:requestVote(1314)) - s3@group-12AB68C5691F replies to PRE_VOTE vote request: s4<-s3#0:FAIL-t2. Peer's state: s3@group-12AB68C5691F:t2, leader=s2, voted=s2, raftlog=Memoized:s3@group-12AB68C5691F-SegmentedRaftLog:OPENED:c0, conf=0: peers:[s3|rpc:localhost:46799|admin:localhost:45171|client:localhost:46547|dataStream:localhost:40281|priority:0|startupRole:FOLLOWER, s4|rpc:localhost:39419|admin:localhost:43995|client:localhost:41785|dataStream:localhost:46687|priority:0|startupRole:FOLLOWER, s0|rpc:localhost:42481|admin:localhost:44771|client:localhost:42743|dataStream:localhost:43981|priority:0|startupRole:FOLLOWER, s1|rpc:localhost:44073|admin:localhost:36871|client:localhost:39477|dataStream:localhost:35501|priority:0|startupRole:FOLLOWER, s2|rpc:localhost:38365|admin:localhost:35135|client:localhost:40537|dataStream:localhost:38285|priority:0|startupRole:FOLLOWER]|listeners:[], old=null
2022-09-14 11:47:11,950 [grpc-default-executor-39] INFO  server.RaftServer$Division (RaftServerImpl.java:requestVote(1281)) - s1@group-12AB68C5691F: receive requestVote(PRE_VOTE, s4, group-12AB68C5691F, 2, (t:1, i:0))
2022-09-14 11:47:11,950 [grpc-default-executor-39] INFO  impl.VoteContext (VoteContext.java:log(49)) - s1@group-12AB68C5691F-FOLLOWER: reject PRE_VOTE from s4: this server is a follower and still has a valid leader s2
2022-09-14 11:47:11,950 [grpc-default-executor-39] INFO  server.RaftServer$Division (RaftServerImpl.java:requestVote(1314)) - s1@group-12AB68C5691F replies to PRE_VOTE vote request: s4<-s1#0:FAIL-t2. Peer's state: s1@group-12AB68C5691F:t2, leader=s2, voted=s2, raftlog=Memoized:s1@group-12AB68C5691F-SegmentedRaftLog:OPENED:c0, conf=0: peers:[s3|rpc:localhost:46799|admin:localhost:45171|client:localhost:46547|dataStream:localhost:40281|priority:0|startupRole:FOLLOWER, s4|rpc:localhost:39419|admin:localhost:43995|client:localhost:41785|dataStream:localhost:46687|priority:0|startupRole:FOLLOWER, s0|rpc:localhost:42481|admin:localhost:44771|client:localhost:42743|dataStream:localhost:43981|priority:0|startupRole:FOLLOWER, s1|rpc:localhost:44073|admin:localhost:36871|client:localhost:39477|dataStream:localhost:35501|priority:0|startupRole:FOLLOWER, s2|rpc:localhost:38365|admin:localhost:35135|client:localhost:40537|dataStream:localhost:38285|priority:0|startupRole:FOLLOWER]|listeners:[], old=null
2022-09-14 11:47:11,951 [grpc-default-executor-46] INFO  server.RaftServer$Division (RaftServerImpl.java:requestVote(1281)) - s0@group-12AB68C5691F: receive requestVote(PRE_VOTE, s4, group-12AB68C5691F, 2, (t:1, i:0))
2022-09-14 11:47:11,951 [grpc-default-executor-46] INFO  impl.VoteContext (VoteContext.java:log(49)) - s0@group-12AB68C5691F-FOLLOWER: reject PRE_VOTE from s4: this server is a follower and still has a valid leader s2
2022-09-14 11:47:11,951 [grpc-default-executor-46] INFO  server.RaftServer$Division (RaftServerImpl.java:requestVote(1314)) - s0@group-12AB68C5691F replies to PRE_VOTE vote request: s4<-s0#0:FAIL-t2. Peer's state: s0@group-12AB68C5691F:t2, leader=s2, voted=s2, raftlog=Memoized:s0@group-12AB68C5691F-SegmentedRaftLog:OPENED:c0, conf=0: peers:[s3|rpc:localhost:46799|admin:localhost:45171|client:localhost:46547|dataStream:localhost:40281|priority:0|startupRole:FOLLOWER, s4|rpc:localhost:39419|admin:localhost:43995|client:localhost:41785|dataStream:localhost:46687|priority:0|startupRole:FOLLOWER, s0|rpc:localhost:42481|admin:localhost:44771|client:localhost:42743|dataStream:localhost:43981|priority:0|startupRole:FOLLOWER, s1|rpc:localhost:44073|admin:localhost:36871|client:localhost:39477|dataStream:localhost:35501|priority:0|startupRole:FOLLOWER, s2|rpc:localhost:38365|admin:localhost:35135|client:localhost:40537|dataStream:localhost:38285|priority:0|startupRole:FOLLOWER]|listeners:[], old=null
2022-09-14 11:47:11,955 [s4@group-12AB68C5691F-LeaderElection9] INFO  impl.LeaderElection (LeaderElection.java:logAndReturn(89)) - s4@group-12AB68C5691F-LeaderElection9: PRE_VOTE REJECTED received 3 response(s) and 0 exception(s):
2022-09-14 11:47:11,955 [s4@group-12AB68C5691F-LeaderElection9] INFO  impl.LeaderElection (LeaderElection.java:logAndReturn(93)) -   Response 0: s4<-s3#0:FAIL-t2
2022-09-14 11:47:11,955 [s4@group-12AB68C5691F-LeaderElection9] INFO  impl.LeaderElection (LeaderElection.java:logAndReturn(93)) -   Response 1: s4<-s0#0:FAIL-t2
2022-09-14 11:47:11,955 [s4@group-12AB68C5691F-LeaderElection9] INFO  impl.LeaderElection (LeaderElection.java:logAndReturn(93)) -   Response 2: s4<-s1#0:FAIL-t2
2022-09-14 11:47:11,955 [s4@group-12AB68C5691F-LeaderElection9] INFO  impl.LeaderElection (LeaderElection.java:askForVotes(310)) - s4@group-12AB68C5691F-LeaderElection9 PRE_VOTE round 0: result REJECTED
2022-09-14 11:47:11,955 [s4@group-12AB68C5691F-LeaderElection9] INFO  server.RaftServer$Division (RaftServerImpl.java:setRole(317)) - s4@group-12AB68C5691F: changes role from CANDIDATE to FOLLOWER at term 2 for REJECTED
2022-09-14 11:47:11,955 [s4@group-12AB68C5691F-LeaderElection9] INFO  impl.RoleInfo (RoleInfo.java:shutdownLeaderElection(130)) - s4: shutdown s4@group-12AB68C5691F-LeaderElection9
2022-09-14 11:47:11,955 [s4@group-12AB68C5691F-LeaderElection9] INFO  impl.RoleInfo (RoleInfo.java:updateAndGet(139)) - s4: start s4@group-12AB68C5691F-FollowerState
2022-09-14 11:47:11,959 [grpc-default-executor-39] INFO  server.RaftServer$Division (RaftServerImpl.java:requestVote(1281)) - s2@group-12AB68C5691F: receive requestVote(PRE_VOTE, s4, group-12AB68C5691F, 2, (t:1, i:0))
2022-09-14 11:47:11,959 [grpc-default-executor-39] INFO  impl.VoteContext (VoteContext.java:log(49)) - s2@group-12AB68C5691F-LEADER: reject PRE_VOTE from s4: this server is the leader and still has leadership
2022-09-14 11:47:11,959 [grpc-default-executor-39] INFO  server.RaftServer$Division (RaftServerImpl.java:requestVote(1314)) - s2@group-12AB68C5691F replies to PRE_VOTE vote request: s4<-s2#0:FAIL-t2. Peer's state: s2@group-12AB68C5691F:t2, leader=s2, voted=s2, raftlog=Memoized:s2@group-12AB68C5691F-SegmentedRaftLog:OPENED:c0, conf=0: peers:[s3|rpc:localhost:46799|admin:localhost:45171|client:localhost:46547|dataStream:localhost:40281|priority:0|startupRole:FOLLOWER, s4|rpc:localhost:39419|admin:localhost:43995|client:localhost:41785|dataStream:localhost:46687|priority:0|startupRole:FOLLOWER, s0|rpc:localhost:42481|admin:localhost:44771|client:localhost:42743|dataStream:localhost:43981|priority:0|startupRole:FOLLOWER, s1|rpc:localhost:44073|admin:localhost:36871|client:localhost:39477|dataStream:localhost:35501|priority:0|startupRole:FOLLOWER, s2|rpc:localhost:38365|admin:localhost:35135|client:localhost:40537|dataStream:localhost:38285|priority:0|startupRole:FOLLOWER]|listeners:[], old=null
2022-09-14 11:47:12,137 [s4-server-thread1] INFO  util.CodeInjectionForTesting (BlockRequestHandlingInjection.java:execute(84)) - s4: unBlock request from s2
2022-09-14 11:47:12,137 [s4-server-thread1] INFO  server.RaftServer$Division (ServerState.java:setLeader(259)) - s4@group-12AB68C5691F: change Leader from null to s2 at term 2 for appendEntries, leader elected after 717ms
2022-09-14 11:47:12,137 [s4-server-thread1] INFO  server.RaftServer$Division (RaftServerImpl.java:checkInconsistentAppendEntries(1586)) - s4@group-12AB68C5691F: Failed appendEntries as previous log entry ((t:2, i:0)) is not found
2022-09-14 11:47:12,138 [s4-server-thread1] INFO  server.RaftServer$Division (RaftServerImpl.java:checkInconsistentAppendEntries(1556)) - s4@group-12AB68C5691F: inconsistency entries. Reply:s2<-s4#14:FAIL-t2,INCONSISTENCY,nextIndex=0,followerCommit=0,matchIndex=-1
2022-09-14 11:47:12,139 [grpc-default-executor-46] INFO  leader.FollowerInfo (FollowerInfoImpl.java:lambda$new$0(48)) - s2@group-12AB68C5691F->s4: nextIndex: updateUnconditionally 1 -> 0
2022-09-14 11:47:12,139 [s4-server-thread1] INFO  server.RaftServer$Division (RaftServerImpl.java:checkInconsistentAppendEntries(1586)) - s4@group-12AB68C5691F: Failed appendEntries as previous log entry ((t:2, i:0)) is not found
2022-09-14 11:47:12,139 [s4-server-thread1] INFO  server.RaftServer$Division (RaftServerImpl.java:checkInconsistentAppendEntries(1556)) - s4@group-12AB68C5691F: inconsistency entries. Reply:s2<-s4#15:FAIL-t2,INCONSISTENCY,nextIndex=0,followerCommit=0,matchIndex=-1
2022-09-14 11:47:12,141 [grpc-default-executor-39] INFO  leader.FollowerInfo (FollowerInfoImpl.java:lambda$new$0(48)) - s2@group-12AB68C5691F->s4: nextIndex: updateUnconditionally 1 -> 0
2022-09-14 11:47:12,142 [s4-server-thread3] INFO  server.RaftServer$Division (RaftServerImpl.java:checkInconsistentAppendEntries(1586)) - s4@group-12AB68C5691F: Failed appendEntries as previous log entry ((t:2, i:0)) is not found
2022-09-14 11:47:12,142 [s4-server-thread3] INFO  server.RaftServer$Division (RaftServerImpl.java:checkInconsistentAppendEntries(1556)) - s4@group-12AB68C5691F: inconsistency entries. Reply:s2<-s4#16:FAIL-t2,INCONSISTENCY,nextIndex=0,followerCommit=0,matchIndex=-1
2022-09-14 11:47:12,143 [s4-server-thread1] DEBUG server.RaftServer$Division (RaftServerImpl.java:logAppendEntries(1405)) - s4@group-12AB68C5691F: receive appendEntries(s2, 2, null, 0, true, commits:[s2:c0, s3:c0, s4:c0, s0:c0, s1:c0], cId:22, entries: [(t:2, i:0), CONFIGURATIONENTRY(current:id: "s3"
address: "localhost:46799"
dataStreamAddress: "localhost:40281"
clientAddress: "localhost:46547"
adminAddress: "localhost:45171"
startupRole: FOLLOWER
,id: "s4"
address: "localhost:39419"
dataStreamAddress: "localhost:46687"
clientAddress: "localhost:41785"
adminAddress: "localhost:43995"
startupRole: FOLLOWER
,id: "s0"
address: "localhost:42481"
dataStreamAddress: "localhost:43981"
clientAddress: "localhost:42743"
adminAddress: "localhost:44771"
startupRole: FOLLOWER
,id: "s1"
address: "localhost:44073"
dataStreamAddress: "localhost:35501"
clientAddress: "localhost:39477"
adminAddress: "localhost:36871"
startupRole: FOLLOWER
,id: "s2"
address: "localhost:38365"
dataStreamAddress: "localhost:38285"
clientAddress: "localhost:40537"
adminAddress: "localhost:35135"
startupRole: FOLLOWER
, old:)]
2022-09-14 11:47:12,143 [s4-server-thread1] INFO  server.RaftServer$Division (RaftServerImpl.java:checkInconsistentAppendEntries(1576)) - s4@group-12AB68C5691F: Failed appendEntries as the first entry (index 0) already exists (snapshotIndex: -1, commitIndex: 0)
2022-09-14 11:47:12,143 [s4-server-thread1] INFO  server.RaftServer$Division (RaftServerImpl.java:checkInconsistentAppendEntries(1556)) - s4@group-12AB68C5691F: inconsistency entries. Reply:s2<-s4#22:FAIL-t2,INCONSISTENCY,nextIndex=1,followerCommit=0,matchIndex=-1
2022-09-14 11:47:12,144 [grpc-default-executor-4] INFO  leader.FollowerInfo (FollowerInfoImpl.java:lambda$new$0(48)) - s2@group-12AB68C5691F->s4: nextIndex: updateUnconditionally 1 -> 1
2022-09-14 11:47:12,144 [s4-server-thread3] DEBUG server.RaftServer$Division (RaftServerImpl.java:logAppendEntries(1405)) - s4@group-12AB68C5691F: receive appendEntries(s2, 2, null, 0, true, commits:[s2:c0, s3:c0, s4:c0, s0:c0, s1:c0], cId:23, entries: [(t:2, i:0), CONFIGURATIONENTRY(current:id: "s3"
address: "localhost:46799"
dataStreamAddress: "localhost:40281"
clientAddress: "localhost:46547"
adminAddress: "localhost:45171"
startupRole: FOLLOWER
,id: "s4"
address: "localhost:39419"
dataStreamAddress: "localhost:46687"
clientAddress: "localhost:41785"
adminAddress: "localhost:43995"
startupRole: FOLLOWER
,id: "s0"
address: "localhost:42481"
dataStreamAddress: "localhost:43981"
clientAddress: "localhost:42743"
adminAddress: "localhost:44771"
startupRole: FOLLOWER
,id: "s1"
address: "localhost:44073"
dataStreamAddress: "localhost:35501"
clientAddress: "localhost:39477"
adminAddress: "localhost:36871"
startupRole: FOLLOWER
,id: "s2"
address: "localhost:38365"
dataStreamAddress: "localhost:38285"
clientAddress: "localhost:40537"
adminAddress: "localhost:35135"
startupRole: FOLLOWER
, old:)]
2022-09-14 11:47:12,144 [grpc-default-executor-39] INFO  leader.FollowerInfo (FollowerInfoImpl.java:lambda$new$0(48)) - s2@group-12AB68C5691F->s4: nextIndex: updateUnconditionally 1 -> 0
2022-09-14 11:47:12,144 [s4-server-thread3] INFO  server.RaftServer$Division (RaftServerImpl.java:checkInconsistentAppendEntries(1576)) - s4@group-12AB68C5691F: Failed appendEntries as the first entry (index 0) already exists (snapshotIndex: -1, commitIndex: 0)
2022-09-14 11:47:12,144 [s4-server-thread3] INFO  server.RaftServer$Division (RaftServerImpl.java:checkInconsistentAppendEntries(1556)) - s4@group-12AB68C5691F: inconsistency entries. Reply:s2<-s4#23:FAIL-t2,INCONSISTENCY,nextIndex=1,followerCommit=0,matchIndex=-1
2022-09-14 11:47:12,144 [s4-server-thread2] INFO  server.RaftServer$Division (RaftServerImpl.java:checkInconsistentAppendEntries(1586)) - s4@group-12AB68C5691F: Failed appendEntries as previous log entry ((t:2, i:0)) is not found
2022-09-14 11:47:12,144 [s4-server-thread2] INFO  server.RaftServer$Division (RaftServerImpl.java:checkInconsistentAppendEntries(1556)) - s4@group-12AB68C5691F: inconsistency entries. Reply:s2<-s4#17:FAIL-t2,INCONSISTENCY,nextIndex=0,followerCommit=0,matchIndex=-1
2022-09-14 11:47:12,145 [s4-server-thread2] INFO  server.RaftServer$Division (RaftServerImpl.java:checkInconsistentAppendEntries(1586)) - s4@group-12AB68C5691F: Failed appendEntries as previous log entry ((t:2, i:0)) is not found
2022-09-14 11:47:12,145 [s4-server-thread2] INFO  server.RaftServer$Division (RaftServerImpl.java:checkInconsistentAppendEntries(1556)) - s4@group-12AB68C5691F: inconsistency entries. Reply:s2<-s4#18:FAIL-t2,INCONSISTENCY,nextIndex=0,followerCommit=0,matchIndex=-1
2022-09-14 11:47:12,145 [grpc-default-executor-4] INFO  leader.FollowerInfo (FollowerInfoImpl.java:lambda$new$0(48)) - s2@group-12AB68C5691F->s4: nextIndex: updateUnconditionally 1 -> 0
2022-09-14 11:47:12,145 [grpc-default-executor-46] INFO  leader.FollowerInfo (FollowerInfoImpl.java:lambda$new$0(48)) - s2@group-12AB68C5691F->s4: nextIndex: updateUnconditionally 0 -> 1
2022-09-14 11:47:12,146 [s4-server-thread2] DEBUG server.RaftServer$Division (RaftServerImpl.java:logAppendEntries(1405)) - s4@group-12AB68C5691F: receive appendEntries(s2, 2, null, 0, true, commits:[s2:c0, s3:c0, s4:c0, s0:c0, s1:c0], cId:24, entries: [(t:2, i:0), CONFIGURATIONENTRY(current:id: "s3"
address: "localhost:46799"
dataStreamAddress: "localhost:40281"
clientAddress: "localhost:46547"
adminAddress: "localhost:45171"
startupRole: FOLLOWER
,id: "s4"
address: "localhost:39419"
dataStreamAddress: "localhost:46687"
clientAddress: "localhost:41785"
adminAddress: "localhost:43995"
startupRole: FOLLOWER
,id: "s0"
address: "localhost:42481"
dataStreamAddress: "localhost:43981"
clientAddress: "localhost:42743"
adminAddress: "localhost:44771"
startupRole: FOLLOWER
,id: "s1"
address: "localhost:44073"
dataStreamAddress: "localhost:35501"
clientAddress: "localhost:39477"
adminAddress: "localhost:36871"
startupRole: FOLLOWER
,id: "s2"
address: "localhost:38365"
dataStreamAddress: "localhost:38285"
clientAddress: "localhost:40537"
adminAddress: "localhost:35135"
startupRole: FOLLOWER
, old:)]
2022-09-14 11:47:12,146 [s4-server-thread2] INFO  server.RaftServer$Division (RaftServerImpl.java:checkInconsistentAppendEntries(1576)) - s4@group-12AB68C5691F: Failed appendEntries as the first entry (index 0) already exists (snapshotIndex: -1, commitIndex: 0)
2022-09-14 11:47:12,146 [grpc-default-executor-46] INFO  leader.FollowerInfo (FollowerInfoImpl.java:lambda$new$0(48)) - s2@group-12AB68C5691F->s4: nextIndex: updateUnconditionally 1 -> 0
2022-09-14 11:47:12,146 [s4-server-thread2] INFO  server.RaftServer$Division (RaftServerImpl.java:checkInconsistentAppendEntries(1556)) - s4@group-12AB68C5691F: inconsistency entries. Reply:s2<-s4#24:FAIL-t2,INCONSISTENCY,nextIndex=1,followerCommit=0,matchIndex=-1
2022-09-14 11:47:12,147 [s4-server-thread1] INFO  server.RaftServer$Division (RaftServerImpl.java:checkInconsistentAppendEntries(1586)) - s4@group-12AB68C5691F: Failed appendEntries as previous log entry ((t:2, i:0)) is not found
2022-09-14 11:47:12,147 [s4-server-thread1] INFO  server.RaftServer$Division (RaftServerImpl.java:checkInconsistentAppendEntries(1556)) - s4@group-12AB68C5691F: inconsistency entries. Reply:s2<-s4#19:FAIL-t2,INCONSISTENCY,nextIndex=0,followerCommit=0,matchIndex=-1
2022-09-14 11:47:12,147 [grpc-default-executor-19] INFO  leader.FollowerInfo (FollowerInfoImpl.java:lambda$new$0(48)) - s2@group-12AB68C5691F->s4: nextIndex: updateUnconditionally 1 -> 1
2022-09-14 11:47:12,148 [s4-server-thread1] DEBUG server.RaftServer$Division (RaftServerImpl.java:logAppendEntries(1405)) - s4@group-12AB68C5691F: receive appendEntries(s2, 2, null, 0, true, commits:[s2:c0, s3:c0, s4:c0, s0:c0, s1:c0], cId:25, entries: [(t:2, i:0), CONFIGURATIONENTRY(current:id: "s3"
address: "localhost:46799"
dataStreamAddress: "localhost:40281"
clientAddress: "localhost:46547"
adminAddress: "localhost:45171"
startupRole: FOLLOWER
,id: "s4"
address: "localhost:39419"
dataStreamAddress: "localhost:46687"
clientAddress: "localhost:41785"
adminAddress: "localhost:43995"
startupRole: FOLLOWER
,id: "s0"
address: "localhost:42481"
dataStreamAddress: "localhost:43981"
clientAddress: "localhost:42743"
adminAddress: "localhost:44771"
startupRole: FOLLOWER
,id: "s1"
address: "localhost:44073"
dataStreamAddress: "localhost:35501"
clientAddress: "localhost:39477"
adminAddress: "localhost:36871"
startupRole: FOLLOWER
,id: "s2"
address: "localhost:38365"
dataStreamAddress: "localhost:38285"
clientAddress: "localhost:40537"
adminAddress: "localhost:35135"
startupRole: FOLLOWER
, old:)]
2022-09-14 11:47:12,149 [s4-server-thread2] INFO  server.RaftServer$Division (RaftServerImpl.java:checkInconsistentAppendEntries(1586)) - s4@group-12AB68C5691F: Failed appendEntries as previous log entry ((t:2, i:0)) is not found
2022-09-14 11:47:12,149 [s4-server-thread2] INFO  server.RaftServer$Division (RaftServerImpl.java:checkInconsistentAppendEntries(1556)) - s4@group-12AB68C5691F: inconsistency entries. Reply:s2<-s4#20:FAIL-t2,INCONSISTENCY,nextIndex=0,followerCommit=0,matchIndex=-1
2022-09-14 11:47:12,149 [grpc-default-executor-46] INFO  leader.FollowerInfo (FollowerInfoImpl.java:lambda$new$0(48)) - s2@group-12AB68C5691F->s4: nextIndex: updateUnconditionally 1 -> 0
2022-09-14 11:47:12,149 [grpc-default-executor-39] INFO  leader.FollowerInfo (FollowerInfoImpl.java:lambda$new$0(48)) - s2@group-12AB68C5691F->s4: nextIndex: updateUnconditionally 0 -> 0
2022-09-14 11:47:12,149 [s4-server-thread2] INFO  server.RaftServer$Division (RaftServerImpl.java:checkInconsistentAppendEntries(1586)) - s4@group-12AB68C5691F: Failed appendEntries as previous log entry ((t:2, i:0)) is not found
2022-09-14 11:47:12,149 [s4-server-thread2] INFO  server.RaftServer$Division (RaftServerImpl.java:checkInconsistentAppendEntries(1556)) - s4@group-12AB68C5691F: inconsistency entries. Reply:s2<-s4#21:FAIL-t2,INCONSISTENCY,nextIndex=0,followerCommit=0,matchIndex=-1
2022-09-14 11:47:12,149 [s4-server-thread1] INFO  server.RaftServer$Division (RaftServerImpl.java:checkInconsistentAppendEntries(1576)) - s4@group-12AB68C5691F: Failed appendEntries as the first entry (index 0) already exists (snapshotIndex: -1, commitIndex: 0)
2022-09-14 11:47:12,150 [s4-server-thread1] INFO  server.RaftServer$Division (RaftServerImpl.java:checkInconsistentAppendEntries(1556)) - s4@group-12AB68C5691F: inconsistency entries. Reply:s2<-s4#25:FAIL-t2,INCONSISTENCY,nextIndex=1,followerCommit=0,matchIndex=-1
2022-09-14 11:47:12,150 [grpc-default-executor-19] INFO  leader.FollowerInfo (FollowerInfoImpl.java:lambda$new$0(48)) - s2@group-12AB68C5691F->s4: nextIndex: updateUnconditionally 1 -> 1
2022-09-14 11:47:12,152 [grpc-default-executor-46] INFO  leader.FollowerInfo (FollowerInfoImpl.java:lambda$new$0(48)) - s2@group-12AB68C5691F->s4: nextIndex: updateUnconditionally 1 -> 0
2022-09-14 11:47:12,152 [s4-server-thread1] DEBUG server.RaftServer$Division (RaftServerImpl.java:logAppendEntries(1405)) - s4@group-12AB68C5691F: receive appendEntries(s2, 2, null, 0, true, commits:[s2:c0, s3:c0, s4:c0, s0:c0, s1:c0], cId:26, entries: [(t:2, i:0), CONFIGURATIONENTRY(current:id: "s3"
address: "localhost:46799"
dataStreamAddress: "localhost:40281"
clientAddress: "localhost:46547"
adminAddress: "localhost:45171"
startupRole: FOLLOWER
,id: "s4"
address: "localhost:39419"
dataStreamAddress: "localhost:46687"
clientAddress: "localhost:41785"
adminAddress: "localhost:43995"
startupRole: FOLLOWER
,id: "s0"
address: "localhost:42481"
dataStreamAddress: "localhost:43981"
clientAddress: "localhost:42743"
adminAddress: "localhost:44771"
startupRole: FOLLOWER
,id: "s1"
address: "localhost:44073"
dataStreamAddress: "localhost:35501"
clientAddress: "localhost:39477"
adminAddress: "localhost:36871"
startupRole: FOLLOWER
,id: "s2"
address: "localhost:38365"
dataStreamAddress: "localhost:38285"
clientAddress: "localhost:40537"
adminAddress: "localhost:35135"
startupRole: FOLLOWER
, old:)]
2022-09-14 11:47:12,152 [s4-server-thread1] INFO  server.RaftServer$Division (RaftServerImpl.java:checkInconsistentAppendEntries(1576)) - s4@group-12AB68C5691F: Failed appendEntries as the first entry (index 0) already exists (snapshotIndex: -1, commitIndex: 0)
2022-09-14 11:47:12,152 [s4-server-thread1] INFO  server.RaftServer$Division (RaftServerImpl.java:checkInconsistentAppendEntries(1556)) - s4@group-12AB68C5691F: inconsistency entries. Reply:s2<-s4#26:FAIL-t2,INCONSISTENCY,nextIndex=1,followerCommit=0,matchIndex=-1
2022-09-14 11:47:12,153 [grpc-default-executor-19] INFO  leader.FollowerInfo (FollowerInfoImpl.java:lambda$new$0(48)) - s2@group-12AB68C5691F->s4: nextIndex: updateUnconditionally 1 -> 1
2022-09-14 11:47:12,154 [s4-server-thread1] DEBUG server.RaftServer$Division (RaftServerImpl.java:logAppendEntries(1405)) - s4@group-12AB68C5691F: receive appendEntries(s2, 2, null, 0, true, commits:[s2:c0, s3:c0, s4:c0, s0:c0, s1:c0], cId:27, entries: [(t:2, i:0), CONFIGURATIONENTRY(current:id: "s3"
address: "localhost:46799"
dataStreamAddress: "localhost:40281"
clientAddress: "localhost:46547"
adminAddress: "localhost:45171"
startupRole: FOLLOWER
,id: "s4"
address: "localhost:39419"
dataStreamAddress: "localhost:46687"
clientAddress: "localhost:41785"
adminAddress: "localhost:43995"
startupRole: FOLLOWER
,id: "s0"
address: "localhost:42481"
dataStreamAddress: "localhost:43981"
clientAddress: "localhost:42743"
adminAddress: "localhost:44771"
startupRole: FOLLOWER
,id: "s1"
address: "localhost:44073"
dataStreamAddress: "localhost:35501"
clientAddress: "localhost:39477"
adminAddress: "localhost:36871"
startupRole: FOLLOWER
,id: "s2"
address: "localhost:38365"
dataStreamAddress: "localhost:38285"
clientAddress: "localhost:40537"
adminAddress: "localhost:35135"
startupRole: FOLLOWER
, old:)]
2022-09-14 11:47:12,154 [s4-server-thread1] INFO  server.RaftServer$Division (RaftServerImpl.java:checkInconsistentAppendEntries(1576)) - s4@group-12AB68C5691F: Failed appendEntries as the first entry (index 0) already exists (snapshotIndex: -1, commitIndex: 0)
2022-09-14 11:47:12,154 [s4-server-thread1] INFO  server.RaftServer$Division (RaftServerImpl.java:checkInconsistentAppendEntries(1556)) - s4@group-12AB68C5691F: inconsistency entries. Reply:s2<-s4#27:FAIL-t2,INCONSISTENCY,nextIndex=1,followerCommit=0,matchIndex=-1
2022-09-14 11:47:12,155 [grpc-default-executor-19] INFO  leader.FollowerInfo (FollowerInfoImpl.java:lambda$new$0(48)) - s2@group-12AB68C5691F->s4: nextIndex: updateUnconditionally 1 -> 1
2022-09-14 11:47:12,232 [s4-server-thread1] INFO  server.RaftServer$Division (RaftServerImpl.java:checkInconsistentAppendEntries(1586)) - s4@group-12AB68C5691F: Failed appendEntries as previous log entry ((t:2, i:0)) is not found
2022-09-14 11:47:12,232 [s4-server-thread1] INFO  server.RaftServer$Division (RaftServerImpl.java:checkInconsistentAppendEntries(1556)) - s4@group-12AB68C5691F: inconsistency entries. Reply:s2<-s4#28:FAIL-t2,INCONSISTENCY,nextIndex=0,followerCommit=0,matchIndex=-1
2022-09-14 11:47:12,233 [grpc-default-executor-19] INFO  leader.FollowerInfo (FollowerInfoImpl.java:lambda$new$0(48)) - s2@group-12AB68C5691F->s4: nextIndex: updateUnconditionally 1 -> 0
2022-09-14 11:47:12,234 [s4-server-thread1] DEBUG server.RaftServer$Division (RaftServerImpl.java:logAppendEntries(1405)) - s4@group-12AB68C5691F: receive appendEntries(s2, 2, null, 0, true, commits:[s2:c0, s3:c0, s4:c0, s0:c0, s1:c0], cId:29, entries: [(t:2, i:0), CONFIGURATIONENTRY(current:id: "s3"
address: "localhost:46799"
dataStreamAddress: "localhost:40281"
clientAddress: "localhost:46547"
adminAddress: "localhost:45171"
startupRole: FOLLOWER
,id: "s4"
address: "localhost:39419"
dataStreamAddress: "localhost:46687"
clientAddress: "localhost:41785"
adminAddress: "localhost:43995"
startupRole: FOLLOWER
,id: "s0"
address: "localhost:42481"
dataStreamAddress: "localhost:43981"
clientAddress: "localhost:42743"
adminAddress: "localhost:44771"
startupRole: FOLLOWER
,id: "s1"
address: "localhost:44073"
dataStreamAddress: "localhost:35501"
clientAddress: "localhost:39477"
adminAddress: "localhost:36871"
startupRole: FOLLOWER
,id: "s2"
address: "localhost:38365"
dataStreamAddress: "localhost:38285"
clientAddress: "localhost:40537"
adminAddress: "localhost:35135"
startupRole: FOLLOWER
, old:)]
2022-09-14 11:47:12,234 [s4-server-thread1] INFO  server.RaftServer$Division (RaftServerImpl.java:checkInconsistentAppendEntries(1576)) - s4@group-12AB68C5691F: Failed appendEntries as the first entry (index 0) already exists (snapshotIndex: -1, commitIndex: 0)
2022-09-14 11:47:12,235 [s4-server-thread1] INFO  server.RaftServer$Division (RaftServerImpl.java:checkInconsistentAppendEntries(1556)) - s4@group-12AB68C5691F: inconsistency entries. Reply:s2<-s4#29:FAIL-t2,INCONSISTENCY,nextIndex=1,followerCommit=0,matchIndex=-1
2022-09-14 11:47:12,236 [grpc-default-executor-39] INFO  leader.FollowerInfo (FollowerInfoImpl.java:lambda$new$0(48)) - s2@group-12AB68C5691F->s4: nextIndex: updateUnconditionally 1 -> 1
2022-09-14 11:47:12,313 [s4-server-thread1] INFO  server.RaftServer$Division (RaftServerImpl.java:checkInconsistentAppendEntries(1586)) - s4@group-12AB68C5691F: Failed appendEntries as previous log entry ((t:2, i:0)) is not found
2022-09-14 11:47:12,313 [s4-server-thread1] INFO  server.RaftServer$Division (RaftServerImpl.java:checkInconsistentAppendEntries(1556)) - s4@group-12AB68C5691F: inconsistency entries. Reply:s2<-s4#30:FAIL-t2,INCONSISTENCY,nextIndex=0,followerCommit=0,matchIndex=-1
2022-09-14 11:47:12,314 [grpc-default-executor-39] INFO  leader.FollowerInfo (FollowerInfoImpl.java:lambda$new$0(48)) - s2@group-12AB68C5691F->s4: nextIndex: updateUnconditionally 1 -> 0
2022-09-14 11:47:12,316 [s4-server-thread1] DEBUG server.RaftServer$Division (RaftServerImpl.java:logAppendEntries(1405)) - s4@group-12AB68C5691F: receive appendEntries(s2, 2, null, 0, true, commits:[s2:c0, s3:c0, s4:c0, s0:c0, s1:c0], cId:31, entries: [(t:2, i:0), CONFIGURATIONENTRY(current:id: "s3"
address: "localhost:46799"
dataStreamAddress: "localhost:40281"
clientAddress: "localhost:46547"
adminAddress: "localhost:45171"
startupRole: FOLLOWER
,id: "s4"
address: "localhost:39419"
dataStreamAddress: "localhost:46687"
clientAddress: "localhost:41785"
adminAddress: "localhost:43995"
startupRole: FOLLOWER
,id: "s0"
address: "localhost:42481"
dataStreamAddress: "localhost:43981"
clientAddress: "localhost:42743"
adminAddress: "localhost:44771"
startupRole: FOLLOWER
,id: "s1"
address: "localhost:44073"
dataStreamAddress: "localhost:35501"
clientAddress: "localhost:39477"
adminAddress: "localhost:36871"
startupRole: FOLLOWER
,id: "s2"
address: "localhost:38365"
dataStreamAddress: "localhost:38285"
clientAddress: "localhost:40537"
adminAddress: "localhost:35135"
startupRole: FOLLOWER
, old:)]
2022-09-14 11:47:12,316 [s4-server-thread1] INFO  server.RaftServer$Division (RaftServerImpl.java:checkInconsistentAppendEntries(1576)) - s4@group-12AB68C5691F: Failed appendEntries as the first entry (index 0) already exists (snapshotIndex: -1, commitIndex: 0)
2022-09-14 11:47:12,316 [s4-server-thread1] INFO  server.RaftServer$Division (RaftServerImpl.java:checkInconsistentAppendEntries(1556)) - s4@group-12AB68C5691F: inconsistency entries. Reply:s2<-s4#31:FAIL-t2,INCONSISTENCY,nextIndex=1,followerCommit=0,matchIndex=-1
2022-09-14 11:47:12,317 [grpc-default-executor-39] INFO  leader.FollowerInfo (FollowerInfoImpl.java:lambda$new$0(48)) - s2@group-12AB68C5691F->s4: nextIndex: updateUnconditionally 1 -> 1
2022-09-14 11:47:12,393 [s4-server-thread1] INFO  server.RaftServer$Division (RaftServerImpl.java:checkInconsistentAppendEntries(1586)) - s4@group-12AB68C5691F: Failed appendEntries as previous log entry ((t:2, i:0)) is not found
2022-09-14 11:47:12,393 [s4-server-thread1] INFO  server.RaftServer$Division (RaftServerImpl.java:checkInconsistentAppendEntries(1556)) - s4@group-12AB68C5691F: inconsistency entries. Reply:s2<-s4#32:FAIL-t2,INCONSISTENCY,nextIndex=0,followerCommit=0,matchIndex=-1
2022-09-14 11:47:12,394 [grpc-default-executor-39] INFO  leader.FollowerInfo (FollowerInfoImpl.java:lambda$new$0(48)) - s2@group-12AB68C5691F->s4: nextIndex: updateUnconditionally 1 -> 0
2022-09-14 11:47:12,395 [s4-server-thread1] DEBUG server.RaftServer$Division (RaftServerImpl.java:logAppendEntries(1405)) - s4@group-12AB68C5691F: receive appendEntries(s2, 2, null, 0, true, commits:[s2:c0, s3:c0, s4:c0, s0:c0, s1:c0], cId:33, entries: [(t:2, i:0), CONFIGURATIONENTRY(current:id: "s3"
address: "localhost:46799"
dataStreamAddress: "localhost:40281"
clientAddress: "localhost:46547"
adminAddress: "localhost:45171"
startupRole: FOLLOWER
,id: "s4"
address: "localhost:39419"
dataStreamAddress: "localhost:46687"
clientAddress: "localhost:41785"
adminAddress: "localhost:43995"
startupRole: FOLLOWER
,id: "s0"
address: "localhost:42481"
dataStreamAddress: "localhost:43981"
clientAddress: "localhost:42743"
adminAddress: "localhost:44771"
startupRole: FOLLOWER
,id: "s1"
address: "localhost:44073"
dataStreamAddress: "localhost:35501"
clientAddress: "localhost:39477"
adminAddress: "localhost:36871"
startupRole: FOLLOWER
,id: "s2"
address: "localhost:38365"
dataStreamAddress: "localhost:38285"
clientAddress: "localhost:40537"
adminAddress: "localhost:35135"
startupRole: FOLLOWER
, old:)]
2022-09-14 11:47:12,396 [s4-server-thread1] INFO  server.RaftServer$Division (RaftServerImpl.java:checkInconsistentAppendEntries(1576)) - s4@group-12AB68C5691F: Failed appendEntries as the first entry (index 0) already exists (snapshotIndex: -1, commitIndex: 0)
2022-09-14 11:47:12,396 [s4-server-thread1] INFO  server.RaftServer$Division (RaftServerImpl.java:checkInconsistentAppendEntries(1556)) - s4@group-12AB68C5691F: inconsistency entries. Reply:s2<-s4#33:FAIL-t2,INCONSISTENCY,nextIndex=1,followerCommit=0,matchIndex=-1
2022-09-14 11:47:12,396 [grpc-default-executor-39] INFO  leader.FollowerInfo (FollowerInfoImpl.java:lambda$new$0(48)) - s2@group-12AB68C5691F->s4: nextIndex: updateUnconditionally 1 -> 1
2022-09-14 11:47:12,473 [s4-server-thread1] INFO  server.RaftServer$Division (RaftServerImpl.java:checkInconsistentAppendEntries(1586)) - s4@group-12AB68C5691F: Failed appendEntries as previous log entry ((t:2, i:0)) is not found
2022-09-14 11:47:12,473 [s4-server-thread1] INFO  server.RaftServer$Division (RaftServerImpl.java:checkInconsistentAppendEntries(1556)) - s4@group-12AB68C5691F: inconsistency entries. Reply:s2<-s4#34:FAIL-t2,INCONSISTENCY,nextIndex=0,followerCommit=0,matchIndex=-1
2022-09-14 11:47:12,473 [grpc-default-executor-19] INFO  leader.FollowerInfo (FollowerInfoImpl.java:lambda$new$0(48)) - s2@group-12AB68C5691F->s4: nextIndex: updateUnconditionally 1 -> 0
2022-09-14 11:47:12,475 [s4-server-thread1] DEBUG server.RaftServer$Division (RaftServerImpl.java:logAppendEntries(1405)) - s4@group-12AB68C5691F: receive appendEntries(s2, 2, null, 0, true, commits:[s2:c0, s3:c0, s4:c0, s0:c0, s1:c0], cId:35, entries: [(t:2, i:0), CONFIGURATIONENTRY(current:id: "s3"
address: "localhost:46799"
dataStreamAddress: "localhost:40281"
clientAddress: "localhost:46547"
adminAddress: "localhost:45171"
startupRole: FOLLOWER
,id: "s4"
address: "localhost:39419"
dataStreamAddress: "localhost:46687"
clientAddress: "localhost:41785"
adminAddress: "localhost:43995"
startupRole: FOLLOWER
,id: "s0"
address: "localhost:42481"
dataStreamAddress: "localhost:43981"
clientAddress: "localhost:42743"
adminAddress: "localhost:44771"
startupRole: FOLLOWER
,id: "s1"
address: "localhost:44073"
dataStreamAddress: "localhost:35501"
clientAddress: "localhost:39477"
adminAddress: "localhost:36871"
startupRole: FOLLOWER
,id: "s2"
address: "localhost:38365"
dataStreamAddress: "localhost:38285"
clientAddress: "localhost:40537"
adminAddress: "localhost:35135"
startupRole: FOLLOWER
, old:)]
2022-09-14 11:47:12,475 [s4-server-thread1] INFO  server.RaftServer$Division (RaftServerImpl.java:checkInconsistentAppendEntries(1576)) - s4@group-12AB68C5691F: Failed appendEntries as the first entry (index 0) already exists (snapshotIndex: -1, commitIndex: 0)
2022-09-14 11:47:12,475 [s4-server-thread1] INFO  server.RaftServer$Division (RaftServerImpl.java:checkInconsistentAppendEntries(1556)) - s4@group-12AB68C5691F: inconsistency entries. Reply:s2<-s4#35:FAIL-t2,INCONSISTENCY,nextIndex=1,followerCommit=0,matchIndex=-1
2022-09-14 11:47:12,475 [grpc-default-executor-19] INFO  leader.FollowerInfo (FollowerInfoImpl.java:lambda$new$0(48)) - s2@group-12AB68C5691F->s4: nextIndex: updateUnconditionally 1 -> 1
2022-09-14 11:47:12,552 [s4-server-thread1] INFO  server.RaftServer$Division (RaftServerImpl.java:checkInconsistentAppendEntries(1586)) - s4@group-12AB68C5691F: Failed appendEntries as previous log entry ((t:2, i:0)) is not found
2022-09-14 11:47:12,552 [s4-server-thread1] INFO  server.RaftServer$Division (RaftServerImpl.java:checkInconsistentAppendEntries(1556)) - s4@group-12AB68C5691F: inconsistency entries. Reply:s2<-s4#36:FAIL-t2,INCONSISTENCY,nextIndex=0,followerCommit=0,matchIndex=-1
2022-09-14 11:47:12,552 [grpc-default-executor-19] INFO  leader.FollowerInfo (FollowerInfoImpl.java:lambda$new$0(48)) - s2@group-12AB68C5691F->s4: nextIndex: updateUnconditionally 1 -> 0
2022-09-14 11:47:12,554 [s4-server-thread1] DEBUG server.RaftServer$Division (RaftServerImpl.java:logAppendEntries(1405)) - s4@group-12AB68C5691F: receive appendEntries(s2, 2, null, 0, true, commits:[s2:c0, s3:c0, s4:c0, s0:c0, s1:c0], cId:37, entries: [(t:2, i:0), CONFIGURATIONENTRY(current:id: "s3"
address: "localhost:46799"
dataStreamAddress: "localhost:40281"
clientAddress: "localhost:46547"
adminAddress: "localhost:45171"
startupRole: FOLLOWER
,id: "s4"
address: "localhost:39419"
dataStreamAddress: "localhost:46687"
clientAddress: "localhost:41785"
adminAddress: "localhost:43995"
startupRole: FOLLOWER
,id: "s0"
address: "localhost:42481"
dataStreamAddress: "localhost:43981"
clientAddress: "localhost:42743"
adminAddress: "localhost:44771"
startupRole: FOLLOWER
,id: "s1"
address: "localhost:44073"
dataStreamAddress: "localhost:35501"
clientAddress: "localhost:39477"
adminAddress: "localhost:36871"
startupRole: FOLLOWER
,id: "s2"
address: "localhost:38365"
dataStreamAddress: "localhost:38285"
clientAddress: "localhost:40537"
adminAddress: "localhost:35135"
startupRole: FOLLOWER
, old:)]
2022-09-14 11:47:12,554 [s4-server-thread1] INFO  server.RaftServer$Division (RaftServerImpl.java:checkInconsistentAppendEntries(1576)) - s4@group-12AB68C5691F: Failed appendEntries as the first entry (index 0) already exists (snapshotIndex: -1, commitIndex: 0)
2022-09-14 11:47:12,554 [s4-server-thread1] INFO  server.RaftServer$Division (RaftServerImpl.java:checkInconsistentAppendEntries(1556)) - s4@group-12AB68C5691F: inconsistency entries. Reply:s2<-s4#37:FAIL-t2,INCONSISTENCY,nextIndex=1,followerCommit=0,matchIndex=-1
2022-09-14 11:47:12,555 [grpc-default-executor-19] INFO  leader.FollowerInfo (FollowerInfoImpl.java:lambda$new$0(48)) - s2@group-12AB68C5691F->s4: nextIndex: updateUnconditionally 1 -> 1
2022-09-14 11:47:12,631 [s4-server-thread1] INFO  server.RaftServer$Division (RaftServerImpl.java:checkInconsistentAppendEntries(1586)) - s4@group-12AB68C5691F: Failed appendEntries as previous log entry ((t:2, i:0)) is not found
2022-09-14 11:47:12,631 [s4-server-thread1] INFO  server.RaftServer$Division (RaftServerImpl.java:checkInconsistentAppendEntries(1556)) - s4@group-12AB68C5691F: inconsistency entries. Reply:s2<-s4#38:FAIL-t2,INCONSISTENCY,nextIndex=0,followerCommit=0,matchIndex=-1
2022-09-14 11:47:12,631 [grpc-default-executor-19] INFO  leader.FollowerInfo (FollowerInfoImpl.java:lambda$new$0(48)) - s2@group-12AB68C5691F->s4: nextIndex: updateUnconditionally 1 -> 0
2022-09-14 11:47:12,633 [s4-server-thread1] DEBUG server.RaftServer$Division (RaftServerImpl.java:logAppendEntries(1405)) - s4@group-12AB68C5691F: receive appendEntries(s2, 2, null, 0, true, commits:[s2:c0, s3:c0, s4:c0, s0:c0, s1:c0], cId:39, entries: [(t:2, i:0), CONFIGURATIONENTRY(current:id: "s3"
address: "localhost:46799"
dataStreamAddress: "localhost:40281"
clientAddress: "localhost:46547"
adminAddress: "localhost:45171"
startupRole: FOLLOWER
,id: "s4"
address: "localhost:39419"
dataStreamAddress: "localhost:46687"
clientAddress: "localhost:41785"
adminAddress: "localhost:43995"
startupRole: FOLLOWER
,id: "s0"
address: "localhost:42481"
dataStreamAddress: "localhost:43981"
clientAddress: "localhost:42743"
adminAddress: "localhost:44771"
startupRole: FOLLOWER
,id: "s1"
address: "localhost:44073"
dataStreamAddress: "localhost:35501"
clientAddress: "localhost:39477"
adminAddress: "localhost:36871"
startupRole: FOLLOWER
,id: "s2"
address: "localhost:38365"
dataStreamAddress: "localhost:38285"
clientAddress: "localhost:40537"
adminAddress: "localhost:35135"
startupRole: FOLLOWER
, old:)]
2022-09-14 11:47:12,633 [s4-server-thread1] INFO  server.RaftServer$Division (RaftServerImpl.java:checkInconsistentAppendEntries(1576)) - s4@group-12AB68C5691F: Failed appendEntries as the first entry (index 0) already exists (snapshotIndex: -1, commitIndex: 0)
2022-09-14 11:47:12,633 [s4-server-thread1] INFO  server.RaftServer$Division (RaftServerImpl.java:checkInconsistentAppendEntries(1556)) - s4@group-12AB68C5691F: inconsistency entries. Reply:s2<-s4#39:FAIL-t2,INCONSISTENCY,nextIndex=1,followerCommit=0,matchIndex=-1
2022-09-14 11:47:12,633 [grpc-default-executor-19] INFO  leader.FollowerInfo (FollowerInfoImpl.java:lambda$new$0(48)) - s2@group-12AB68C5691F->s4: nextIndex: updateUnconditionally 1 -> 1
2022-09-14 11:47:12,710 [s4-server-thread1] INFO  server.RaftServer$Division (RaftServerImpl.java:checkInconsistentAppendEntries(1586)) - s4@group-12AB68C5691F: Failed appendEntries as previous log entry ((t:2, i:0)) is not found
2022-09-14 11:47:12,710 [s4-server-thread1] INFO  server.RaftServer$Division (RaftServerImpl.java:checkInconsistentAppendEntries(1556)) - s4@group-12AB68C5691F: inconsistency entries. Reply:s2<-s4#40:FAIL-t2,INCONSISTENCY,nextIndex=0,followerCommit=0,matchIndex=-1
2022-09-14 11:47:12,711 [grpc-default-executor-19] INFO  leader.FollowerInfo (FollowerInfoImpl.java:lambda$new$0(48)) - s2@group-12AB68C5691F->s4: nextIndex: updateUnconditionally 1 -> 0
2022-09-14 11:47:12,712 [s4-server-thread1] DEBUG server.RaftServer$Division (RaftServerImpl.java:logAppendEntries(1405)) - s4@group-12AB68C5691F: receive appendEntries(s2, 2, null, 0, true, commits:[s2:c0, s3:c0, s4:c0, s0:c0, s1:c0], cId:41, entries: [(t:2, i:0), CONFIGURATIONENTRY(current:id: "s3"
address: "localhost:46799"
dataStreamAddress: "localhost:40281"
clientAddress: "localhost:46547"
adminAddress: "localhost:45171"
startupRole: FOLLOWER
,id: "s4"
address: "localhost:39419"
dataStreamAddress: "localhost:46687"
clientAddress: "localhost:41785"
adminAddress: "localhost:43995"
startupRole: FOLLOWER
,id: "s0"
address: "localhost:42481"
dataStreamAddress: "localhost:43981"
clientAddress: "localhost:42743"
adminAddress: "localhost:44771"
startupRole: FOLLOWER
,id: "s1"
address: "localhost:44073"
dataStreamAddress: "localhost:35501"
clientAddress: "localhost:39477"
adminAddress: "localhost:36871"
startupRole: FOLLOWER
,id: "s2"
address: "localhost:38365"
dataStreamAddress: "localhost:38285"
clientAddress: "localhost:40537"
adminAddress: "localhost:35135"
startupRole: FOLLOWER
, old:)]
2022-09-14 11:47:12,712 [s4-server-thread1] INFO  server.RaftServer$Division (RaftServerImpl.java:checkInconsistentAppendEntries(1576)) - s4@group-12AB68C5691F: Failed appendEntries as the first entry (index 0) already exists (snapshotIndex: -1, commitIndex: 0)
2022-09-14 11:47:12,712 [s4-server-thread1] INFO  server.RaftServer$Division (RaftServerImpl.java:checkInconsistentAppendEntries(1556)) - s4@group-12AB68C5691F: inconsistency entries. Reply:s2<-s4#41:FAIL-t2,INCONSISTENCY,nextIndex=1,followerCommit=0,matchIndex=-1
2022-09-14 11:47:12,713 [grpc-default-executor-19] INFO  leader.FollowerInfo (FollowerInfoImpl.java:lambda$new$0(48)) - s2@group-12AB68C5691F->s4: nextIndex: updateUnconditionally 1 -> 1
2022-09-14 11:47:12,789 [s4-server-thread1] INFO  server.RaftServer$Division (RaftServerImpl.java:checkInconsistentAppendEntries(1586)) - s4@group-12AB68C5691F: Failed appendEntries as previous log entry ((t:2, i:0)) is not found
2022-09-14 11:47:12,789 [s4-server-thread1] INFO  server.RaftServer$Division (RaftServerImpl.java:checkInconsistentAppendEntries(1556)) - s4@group-12AB68C5691F: inconsistency entries. Reply:s2<-s4#42:FAIL-t2,INCONSISTENCY,nextIndex=0,followerCommit=0,matchIndex=-1
2022-09-14 11:47:12,790 [grpc-default-executor-19] INFO  leader.FollowerInfo (FollowerInfoImpl.java:lambda$new$0(48)) - s2@group-12AB68C5691F->s4: nextIndex: updateUnconditionally 1 -> 0
2022-09-14 11:47:12,791 [s4-server-thread1] DEBUG server.RaftServer$Division (RaftServerImpl.java:logAppendEntries(1405)) - s4@group-12AB68C5691F: receive appendEntries(s2, 2, null, 0, true, commits:[s2:c0, s3:c0, s4:c0, s0:c0, s1:c0], cId:43, entries: [(t:2, i:0), CONFIGURATIONENTRY(current:id: "s3"
address: "localhost:46799"
dataStreamAddress: "localhost:40281"
clientAddress: "localhost:46547"
adminAddress: "localhost:45171"
startupRole: FOLLOWER
,id: "s4"
address: "localhost:39419"
dataStreamAddress: "localhost:46687"
clientAddress: "localhost:41785"
adminAddress: "localhost:43995"
startupRole: FOLLOWER
,id: "s0"
address: "localhost:42481"
dataStreamAddress: "localhost:43981"
clientAddress: "localhost:42743"
adminAddress: "localhost:44771"
startupRole: FOLLOWER
,id: "s1"
address: "localhost:44073"
dataStreamAddress: "localhost:35501"
clientAddress: "localhost:39477"
adminAddress: "localhost:36871"
startupRole: FOLLOWER
,id: "s2"
address: "localhost:38365"
dataStreamAddress: "localhost:38285"
clientAddress: "localhost:40537"
adminAddress: "localhost:35135"
startupRole: FOLLOWER
, old:)]
2022-09-14 11:47:12,791 [s4-server-thread1] INFO  server.RaftServer$Division (RaftServerImpl.java:checkInconsistentAppendEntries(1576)) - s4@group-12AB68C5691F: Failed appendEntries as the first entry (index 0) already exists (snapshotIndex: -1, commitIndex: 0)
2022-09-14 11:47:12,791 [s4-server-thread1] INFO  server.RaftServer$Division (RaftServerImpl.java:checkInconsistentAppendEntries(1556)) - s4@group-12AB68C5691F: inconsistency entries. Reply:s2<-s4#43:FAIL-t2,INCONSISTENCY,nextIndex=1,followerCommit=0,matchIndex=-1
2022-09-14 11:47:12,792 [grpc-default-executor-19] INFO  leader.FollowerInfo (FollowerInfoImpl.java:lambda$new$0(48)) - s2@group-12AB68C5691F->s4: nextIndex: updateUnconditionally 1 -> 1
2022-09-14 11:47:12,818 [Time-limited test] INFO  grpc.TestLeaderElectionWithGrpc (LeaderElectionTests.java:enforceLeader(292)) - try enforcing leader to s4 but new leader is s2
2022-09-14 11:47:12,818 [Time-limited test] INFO  server.RaftServerConfigKeys (ConfUtils.java:logGet(46)) - raft.server.rpc.timeout.max = 300ms (default)
2022-09-14 11:47:12,856 [s2@group-12AB68C5691F->s1-GrpcLogAppender-LogAppenderDaemon] INFO  util.CodeInjectionForTesting (DelayLocalExecutionInjection.java:execute(65)) - s2 delay 150 ms, args=[serverRequest {
  requestorId: "s2"
  replyId: "s1"
  raftGroupId {
    id: "\326\216l\301\220x@5\222b\022\253h\305i\037"
  }
  callId: 27
  slidingWindowEntry {
  }
}
leaderTerm: 2
previousLog {
  term: 2
}
initializing: true
commitInfos {
  server {
    id: "s2"
    address: "localhost:38365"
    dataStreamAddress: "localhost:38285"
    clientAddress: "localhost:40537"
    adminAddress: "localhost:35135"
    startupRole: FOLLOWER
  }
}
commitInfos {
  server {
    id: "s3"
    address: "localhost:46799"
    dataStreamAddress: "localhost:40281"
    clientAddress: "localhost:46547"
    adminAddress: "localhost:45171"
    startupRole: FOLLOWER
  }
}
commitInfos {
  server {
    id: "s4"
    address: "localhost:39419"
    dataStreamAddress: "localhost:46687"
    clientAddress: "localhost:41785"
    adminAddress: "localhost:43995"
    startupRole: FOLLOWER
  }
}
commitInfos {
  server {
    id: "s0"
    address: "localhost:42481"
    dataStreamAddress: "localhost:43981"
    clientAddress: "localhost:42743"
    adminAddress: "localhost:44771"
    startupRole: FOLLOWER
  }
}
commitInfos {
  server {
    id: "s1"
    address: "localhost:44073"
    dataStreamAddress: "localhost:35501"
    clientAddress: "localhost:39477"
    adminAddress: "localhost:36871"
    startupRole: FOLLOWER
  }
}
]
2022-09-14 11:47:12,859 [s2@group-12AB68C5691F->s0-GrpcLogAppender-LogAppenderDaemon] INFO  util.CodeInjectionForTesting (DelayLocalExecutionInjection.java:execute(65)) - s2 delay 150 ms, args=[serverRequest {
  requestorId: "s2"
  replyId: "s0"
  raftGroupId {
    id: "\326\216l\301\220x@5\222b\022\253h\305i\037"
  }
  callId: 27
  slidingWindowEntry {
  }
}
leaderTerm: 2
previousLog {
  term: 2
}
initializing: true
commitInfos {
  server {
    id: "s2"
    address: "localhost:38365"
    dataStreamAddress: "localhost:38285"
    clientAddress: "localhost:40537"
    adminAddress: "localhost:35135"
    startupRole: FOLLOWER
  }
}
commitInfos {
  server {
    id: "s3"
    address: "localhost:46799"
    dataStreamAddress: "localhost:40281"
    clientAddress: "localhost:46547"
    adminAddress: "localhost:45171"
    startupRole: FOLLOWER
  }
}
commitInfos {
  server {
    id: "s4"
    address: "localhost:39419"
    dataStreamAddress: "localhost:46687"
    clientAddress: "localhost:41785"
    adminAddress: "localhost:43995"
    startupRole: FOLLOWER
  }
}
commitInfos {
  server {
    id: "s0"
    address: "localhost:42481"
    dataStreamAddress: "localhost:43981"
    clientAddress: "localhost:42743"
    adminAddress: "localhost:44771"
    startupRole: FOLLOWER
  }
}
commitInfos {
  server {
    id: "s1"
    address: "localhost:44073"
    dataStreamAddress: "localhost:35501"
    clientAddress: "localhost:39477"
    adminAddress: "localhost:36871"
    startupRole: FOLLOWER
  }
}
]
2022-09-14 11:47:12,860 [s2@group-12AB68C5691F->s3-GrpcLogAppender-LogAppenderDaemon] INFO  util.CodeInjectionForTesting (DelayLocalExecutionInjection.java:execute(65)) - s2 delay 150 ms, args=[serverRequest {
  requestorId: "s2"
  replyId: "s3"
  raftGroupId {
    id: "\326\216l\301\220x@5\222b\022\253h\305i\037"
  }
  callId: 36
  slidingWindowEntry {
  }
}
leaderTerm: 2
previousLog {
  term: 2
}
initializing: true
commitInfos {
  server {
    id: "s2"
    address: "localhost:38365"
    dataStreamAddress: "localhost:38285"
    clientAddress: "localhost:40537"
    adminAddress: "localhost:35135"
    startupRole: FOLLOWER
  }
}
commitInfos {
  server {
    id: "s3"
    address: "localhost:46799"
    dataStreamAddress: "localhost:40281"
    clientAddress: "localhost:46547"
    adminAddress: "localhost:45171"
    startupRole: FOLLOWER
  }
}
commitInfos {
  server {
    id: "s4"
    address: "localhost:39419"
    dataStreamAddress: "localhost:46687"
    clientAddress: "localhost:41785"
    adminAddress: "localhost:43995"
    startupRole: FOLLOWER
  }
}
commitInfos {
  server {
    id: "s0"
    address: "localhost:42481"
    dataStreamAddress: "localhost:43981"
    clientAddress: "localhost:42743"
    adminAddress: "localhost:44771"
    startupRole: FOLLOWER
  }
}
commitInfos {
  server {
    id: "s1"
    address: "localhost:44073"
    dataStreamAddress: "localhost:35501"
    clientAddress: "localhost:39477"
    adminAddress: "localhost:36871"
    startupRole: FOLLOWER
  }
}
]
2022-09-14 11:47:12,867 [s2@group-12AB68C5691F->s4-GrpcLogAppender-LogAppenderDaemon] INFO  util.CodeInjectionForTesting (DelayLocalExecutionInjection.java:execute(65)) - s2 delay 150 ms, args=[serverRequest {
  requestorId: "s2"
  replyId: "s4"
  raftGroupId {
    id: "\326\216l\301\220x@5\222b\022\253h\305i\037"
  }
  callId: 44
  slidingWindowEntry {
  }
}
leaderTerm: 2
previousLog {
  term: 2
}
initializing: true
commitInfos {
  server {
    id: "s2"
    address: "localhost:38365"
    dataStreamAddress: "localhost:38285"
    clientAddress: "localhost:40537"
    adminAddress: "localhost:35135"
    startupRole: FOLLOWER
  }
}
commitInfos {
  server {
    id: "s3"
    address: "localhost:46799"
    dataStreamAddress: "localhost:40281"
    clientAddress: "localhost:46547"
    adminAddress: "localhost:45171"
    startupRole: FOLLOWER
  }
}
commitInfos {
  server {
    id: "s4"
    address: "localhost:39419"
    dataStreamAddress: "localhost:46687"
    clientAddress: "localhost:41785"
    adminAddress: "localhost:43995"
    startupRole: FOLLOWER
  }
}
commitInfos {
  server {
    id: "s0"
    address: "localhost:42481"
    dataStreamAddress: "localhost:43981"
    clientAddress: "localhost:42743"
    adminAddress: "localhost:44771"
    startupRole: FOLLOWER
  }
}
commitInfos {
  server {
    id: "s1"
    address: "localhost:44073"
    dataStreamAddress: "localhost:35501"
    clientAddress: "localhost:39477"
    adminAddress: "localhost:36871"
    startupRole: FOLLOWER
  }
}
]
2022-09-14 11:47:13,019 [s4-server-thread1] INFO  util.CodeInjectionForTesting (BlockRequestHandlingInjection.java:execute(77)) - s4: Block request from s2
2022-09-14 11:47:13,031 [s4@group-12AB68C5691F-FollowerState] INFO  impl.FollowerState (FollowerState.java:run(141)) - s4@group-12AB68C5691F-FollowerState: change to CANDIDATE, lastRpcElapsedTime:240196699ns, electionTimeout:187ms
2022-09-14 11:47:13,031 [s4@group-12AB68C5691F-FollowerState] INFO  impl.RoleInfo (RoleInfo.java:shutdownFollowerState(110)) - s4: shutdown s4@group-12AB68C5691F-FollowerState
2022-09-14 11:47:13,032 [s4@group-12AB68C5691F-FollowerState] INFO  server.RaftServer$Division (RaftServerImpl.java:setRole(317)) - s4@group-12AB68C5691F: changes role from  FOLLOWER to CANDIDATE at term 2 for changeToCandidate
2022-09-14 11:47:13,032 [s4@group-12AB68C5691F-FollowerState] INFO  server.RaftServerConfigKeys (ConfUtils.java:logGet(46)) - raft.server.leaderelection.pre-vote = true (default)
2022-09-14 11:47:13,032 [s4@group-12AB68C5691F-FollowerState] INFO  impl.RoleInfo (RoleInfo.java:updateAndGet(139)) - s4: start s4@group-12AB68C5691F-LeaderElection10
2022-09-14 11:47:13,037 [s4@group-12AB68C5691F-LeaderElection10] INFO  server.RaftServer$Division (ServerState.java:setLeader(259)) - s4@group-12AB68C5691F: change Leader from s2 to null at term 2 for PRE_VOTE
2022-09-14 11:47:13,037 [s4@group-12AB68C5691F-LeaderElection10] INFO  impl.LeaderElection (LeaderElection.java:askForVotes(308)) - s4@group-12AB68C5691F-LeaderElection10 PRE_VOTE round 0: submit vote requests at term 2 for 0: peers:[s3|rpc:localhost:46799|admin:localhost:45171|client:localhost:46547|dataStream:localhost:40281|priority:0|startupRole:FOLLOWER, s4|rpc:localhost:39419|admin:localhost:43995|client:localhost:41785|dataStream:localhost:46687|priority:0|startupRole:FOLLOWER, s0|rpc:localhost:42481|admin:localhost:44771|client:localhost:42743|dataStream:localhost:43981|priority:0|startupRole:FOLLOWER, s1|rpc:localhost:44073|admin:localhost:36871|client:localhost:39477|dataStream:localhost:35501|priority:0|startupRole:FOLLOWER, s2|rpc:localhost:38365|admin:localhost:35135|client:localhost:40537|dataStream:localhost:38285|priority:0|startupRole:FOLLOWER]|listeners:[], old=null
2022-09-14 11:47:13,040 [grpc-default-executor-39] INFO  server.RaftServer$Division (RaftServerImpl.java:requestVote(1281)) - s3@group-12AB68C5691F: receive requestVote(PRE_VOTE, s4, group-12AB68C5691F, 2, (t:1, i:0))
2022-09-14 11:47:13,040 [grpc-default-executor-39] INFO  impl.VoteContext (VoteContext.java:log(49)) - s3@group-12AB68C5691F-FOLLOWER: reject PRE_VOTE from s4: this server is a follower and still has a valid leader s2
2022-09-14 11:47:13,040 [grpc-default-executor-39] INFO  server.RaftServer$Division (RaftServerImpl.java:requestVote(1314)) - s3@group-12AB68C5691F replies to PRE_VOTE vote request: s4<-s3#0:FAIL-t2. Peer's state: s3@group-12AB68C5691F:t2, leader=s2, voted=s2, raftlog=Memoized:s3@group-12AB68C5691F-SegmentedRaftLog:OPENED:c0, conf=0: peers:[s3|rpc:localhost:46799|admin:localhost:45171|client:localhost:46547|dataStream:localhost:40281|priority:0|startupRole:FOLLOWER, s4|rpc:localhost:39419|admin:localhost:43995|client:localhost:41785|dataStream:localhost:46687|priority:0|startupRole:FOLLOWER, s0|rpc:localhost:42481|admin:localhost:44771|client:localhost:42743|dataStream:localhost:43981|priority:0|startupRole:FOLLOWER, s1|rpc:localhost:44073|admin:localhost:36871|client:localhost:39477|dataStream:localhost:35501|priority:0|startupRole:FOLLOWER, s2|rpc:localhost:38365|admin:localhost:35135|client:localhost:40537|dataStream:localhost:38285|priority:0|startupRole:FOLLOWER]|listeners:[], old=null
2022-09-14 11:47:13,048 [grpc-default-executor-39] INFO  server.RaftServer$Division (RaftServerImpl.java:requestVote(1281)) - s0@group-12AB68C5691F: receive requestVote(PRE_VOTE, s4, group-12AB68C5691F, 2, (t:1, i:0))
2022-09-14 11:47:13,048 [grpc-default-executor-39] INFO  impl.VoteContext (VoteContext.java:log(49)) - s0@group-12AB68C5691F-FOLLOWER: reject PRE_VOTE from s4: this server is a follower and still has a valid leader s2
2022-09-14 11:47:13,048 [grpc-default-executor-39] INFO  server.RaftServer$Division (RaftServerImpl.java:requestVote(1314)) - s0@group-12AB68C5691F replies to PRE_VOTE vote request: s4<-s0#0:FAIL-t2. Peer's state: s0@group-12AB68C5691F:t2, leader=s2, voted=s2, raftlog=Memoized:s0@group-12AB68C5691F-SegmentedRaftLog:OPENED:c0, conf=0: peers:[s3|rpc:localhost:46799|admin:localhost:45171|client:localhost:46547|dataStream:localhost:40281|priority:0|startupRole:FOLLOWER, s4|rpc:localhost:39419|admin:localhost:43995|client:localhost:41785|dataStream:localhost:46687|priority:0|startupRole:FOLLOWER, s0|rpc:localhost:42481|admin:localhost:44771|client:localhost:42743|dataStream:localhost:43981|priority:0|startupRole:FOLLOWER, s1|rpc:localhost:44073|admin:localhost:36871|client:localhost:39477|dataStream:localhost:35501|priority:0|startupRole:FOLLOWER, s2|rpc:localhost:38365|admin:localhost:35135|client:localhost:40537|dataStream:localhost:38285|priority:0|startupRole:FOLLOWER]|listeners:[], old=null
2022-09-14 11:47:13,050 [grpc-default-executor-39] INFO  server.RaftServer$Division (RaftServerImpl.java:requestVote(1281)) - s1@group-12AB68C5691F: receive requestVote(PRE_VOTE, s4, group-12AB68C5691F, 2, (t:1, i:0))
2022-09-14 11:47:13,050 [grpc-default-executor-39] INFO  impl.VoteContext (VoteContext.java:log(49)) - s1@group-12AB68C5691F-FOLLOWER: reject PRE_VOTE from s4: this server is a follower and still has a valid leader s2
2022-09-14 11:47:13,050 [grpc-default-executor-39] INFO  server.RaftServer$Division (RaftServerImpl.java:requestVote(1314)) - s1@group-12AB68C5691F replies to PRE_VOTE vote request: s4<-s1#0:FAIL-t2. Peer's state: s1@group-12AB68C5691F:t2, leader=s2, voted=s2, raftlog=Memoized:s1@group-12AB68C5691F-SegmentedRaftLog:OPENED:c0, conf=0: peers:[s3|rpc:localhost:46799|admin:localhost:45171|client:localhost:46547|dataStream:localhost:40281|priority:0|startupRole:FOLLOWER, s4|rpc:localhost:39419|admin:localhost:43995|client:localhost:41785|dataStream:localhost:46687|priority:0|startupRole:FOLLOWER, s0|rpc:localhost:42481|admin:localhost:44771|client:localhost:42743|dataStream:localhost:43981|priority:0|startupRole:FOLLOWER, s1|rpc:localhost:44073|admin:localhost:36871|client:localhost:39477|dataStream:localhost:35501|priority:0|startupRole:FOLLOWER, s2|rpc:localhost:38365|admin:localhost:35135|client:localhost:40537|dataStream:localhost:38285|priority:0|startupRole:FOLLOWER]|listeners:[], old=null
2022-09-14 11:47:13,052 [s4@group-12AB68C5691F-LeaderElection10] INFO  impl.LeaderElection (LeaderElection.java:logAndReturn(89)) - s4@group-12AB68C5691F-LeaderElection10: PRE_VOTE REJECTED received 3 response(s) and 0 exception(s):
2022-09-14 11:47:13,052 [s4@group-12AB68C5691F-LeaderElection10] INFO  impl.LeaderElection (LeaderElection.java:logAndReturn(93)) -   Response 0: s4<-s3#0:FAIL-t2
2022-09-14 11:47:13,053 [s4@group-12AB68C5691F-LeaderElection10] INFO  impl.LeaderElection (LeaderElection.java:logAndReturn(93)) -   Response 1: s4<-s0#0:FAIL-t2
2022-09-14 11:47:13,053 [s4@group-12AB68C5691F-LeaderElection10] INFO  impl.LeaderElection (LeaderElection.java:logAndReturn(93)) -   Response 2: s4<-s1#0:FAIL-t2
2022-09-14 11:47:13,053 [s4@group-12AB68C5691F-LeaderElection10] INFO  impl.LeaderElection (LeaderElection.java:askForVotes(310)) - s4@group-12AB68C5691F-LeaderElection10 PRE_VOTE round 0: result REJECTED
2022-09-14 11:47:13,053 [s4@group-12AB68C5691F-LeaderElection10] INFO  server.RaftServer$Division (RaftServerImpl.java:setRole(317)) - s4@group-12AB68C5691F: changes role from CANDIDATE to FOLLOWER at term 2 for REJECTED
2022-09-14 11:47:13,053 [s4@group-12AB68C5691F-LeaderElection10] INFO  impl.RoleInfo (RoleInfo.java:shutdownLeaderElection(130)) - s4: shutdown s4@group-12AB68C5691F-LeaderElection10
2022-09-14 11:47:13,053 [s4@group-12AB68C5691F-LeaderElection10] INFO  impl.RoleInfo (RoleInfo.java:updateAndGet(139)) - s4: start s4@group-12AB68C5691F-FollowerState
2022-09-14 11:47:13,055 [grpc-default-executor-39] INFO  server.RaftServer$Division (RaftServerImpl.java:requestVote(1281)) - s2@group-12AB68C5691F: receive requestVote(PRE_VOTE, s4, group-12AB68C5691F, 2, (t:1, i:0))
2022-09-14 11:47:13,055 [grpc-default-executor-39] INFO  impl.VoteContext (VoteContext.java:log(49)) - s2@group-12AB68C5691F-LEADER: reject PRE_VOTE from s4: this server is the leader and still has leadership
2022-09-14 11:47:13,055 [grpc-default-executor-39] INFO  server.RaftServer$Division (RaftServerImpl.java:requestVote(1314)) - s2@group-12AB68C5691F replies to PRE_VOTE vote request: s4<-s2#0:FAIL-t2. Peer's state: s2@group-12AB68C5691F:t2, leader=s2, voted=s2, raftlog=Memoized:s2@group-12AB68C5691F-SegmentedRaftLog:OPENED:c0, conf=0: peers:[s3|rpc:localhost:46799|admin:localhost:45171|client:localhost:46547|dataStream:localhost:40281|priority:0|startupRole:FOLLOWER, s4|rpc:localhost:39419|admin:localhost:43995|client:localhost:41785|dataStream:localhost:46687|priority:0|startupRole:FOLLOWER, s0|rpc:localhost:42481|admin:localhost:44771|client:localhost:42743|dataStream:localhost:43981|priority:0|startupRole:FOLLOWER, s1|rpc:localhost:44073|admin:localhost:36871|client:localhost:39477|dataStream:localhost:35501|priority:0|startupRole:FOLLOWER, s2|rpc:localhost:38365|admin:localhost:35135|client:localhost:40537|dataStream:localhost:38285|priority:0|startupRole:FOLLOWER]|listeners:[], old=null
2022-09-14 11:47:13,057 [s2@group-12AB68C5691F->s4-GrpcLogAppender-LogAppenderDaemon] INFO  util.CodeInjectionForTesting (DelayLocalExecutionInjection.java:execute(65)) - s2 delay 150 ms, args=[serverRequest {
  requestorId: "s2"
  replyId: "s4"
  raftGroupId {
    id: "\326\216l\301\220x@5\222b\022\253h\305i\037"
  }
  callId: 45
  slidingWindowEntry {
  }
}
leaderTerm: 2
previousLog {
  term: 2
}
initializing: true
commitInfos {
  server {
    id: "s2"
    address: "localhost:38365"
    dataStreamAddress: "localhost:38285"
    clientAddress: "localhost:40537"
    adminAddress: "localhost:35135"
    startupRole: FOLLOWER
  }
}
commitInfos {
  server {
    id: "s3"
    address: "localhost:46799"
    dataStreamAddress: "localhost:40281"
    clientAddress: "localhost:46547"
    adminAddress: "localhost:45171"
    startupRole: FOLLOWER
  }
}
commitInfos {
  server {
    id: "s4"
    address: "localhost:39419"
    dataStreamAddress: "localhost:46687"
    clientAddress: "localhost:41785"
    adminAddress: "localhost:43995"
    startupRole: FOLLOWER
  }
}
commitInfos {
  server {
    id: "s0"
    address: "localhost:42481"
    dataStreamAddress: "localhost:43981"
    clientAddress: "localhost:42743"
    adminAddress: "localhost:44771"
    startupRole: FOLLOWER
  }
}
commitInfos {
  server {
    id: "s1"
    address: "localhost:44073"
    dataStreamAddress: "localhost:35501"
    clientAddress: "localhost:39477"
    adminAddress: "localhost:36871"
    startupRole: FOLLOWER
  }
}
]
2022-09-14 11:47:13,084 [s2@group-12AB68C5691F->s1-GrpcLogAppender-LogAppenderDaemon] INFO  util.CodeInjectionForTesting (DelayLocalExecutionInjection.java:execute(65)) - s2 delay 150 ms, args=[serverRequest {
  requestorId: "s2"
  replyId: "s1"
  raftGroupId {
    id: "\326\216l\301\220x@5\222b\022\253h\305i\037"
  }
  callId: 28
  slidingWindowEntry {
  }
}
leaderTerm: 2
previousLog {
  term: 2
}
initializing: true
commitInfos {
  server {
    id: "s2"
    address: "localhost:38365"
    dataStreamAddress: "localhost:38285"
    clientAddress: "localhost:40537"
    adminAddress: "localhost:35135"
    startupRole: FOLLOWER
  }
}
commitInfos {
  server {
    id: "s3"
    address: "localhost:46799"
    dataStreamAddress: "localhost:40281"
    clientAddress: "localhost:46547"
    adminAddress: "localhost:45171"
    startupRole: FOLLOWER
  }
}
commitInfos {
  server {
    id: "s4"
    address: "localhost:39419"
    dataStreamAddress: "localhost:46687"
    clientAddress: "localhost:41785"
    adminAddress: "localhost:43995"
    startupRole: FOLLOWER
  }
}
commitInfos {
  server {
    id: "s0"
    address: "localhost:42481"
    dataStreamAddress: "localhost:43981"
    clientAddress: "localhost:42743"
    adminAddress: "localhost:44771"
    startupRole: FOLLOWER
  }
}
commitInfos {
  server {
    id: "s1"
    address: "localhost:44073"
    dataStreamAddress: "localhost:35501"
    clientAddress: "localhost:39477"
    adminAddress: "localhost:36871"
    startupRole: FOLLOWER
  }
}
]
2022-09-14 11:47:13,090 [s2@group-12AB68C5691F->s3-GrpcLogAppender-LogAppenderDaemon] INFO  util.CodeInjectionForTesting (DelayLocalExecutionInjection.java:execute(65)) - s2 delay 150 ms, args=[serverRequest {
  requestorId: "s2"
  replyId: "s3"
  raftGroupId {
    id: "\326\216l\301\220x@5\222b\022\253h\305i\037"
  }
  callId: 37
  slidingWindowEntry {
  }
}
leaderTerm: 2
previousLog {
  term: 2
}
initializing: true
commitInfos {
  server {
    id: "s2"
    address: "localhost:38365"
    dataStreamAddress: "localhost:38285"
    clientAddress: "localhost:40537"
    adminAddress: "localhost:35135"
    startupRole: FOLLOWER
  }
}
commitInfos {
  server {
    id: "s3"
    address: "localhost:46799"
    dataStreamAddress: "localhost:40281"
    clientAddress: "localhost:46547"
    adminAddress: "localhost:45171"
    startupRole: FOLLOWER
  }
}
commitInfos {
  server {
    id: "s4"
    address: "localhost:39419"
    dataStreamAddress: "localhost:46687"
    clientAddress: "localhost:41785"
    adminAddress: "localhost:43995"
    startupRole: FOLLOWER
  }
}
commitInfos {
  server {
    id: "s0"
    address: "localhost:42481"
    dataStreamAddress: "localhost:43981"
    clientAddress: "localhost:42743"
    adminAddress: "localhost:44771"
    startupRole: FOLLOWER
  }
}
commitInfos {
  server {
    id: "s1"
    address: "localhost:44073"
    dataStreamAddress: "localhost:35501"
    clientAddress: "localhost:39477"
    adminAddress: "localhost:36871"
    startupRole: FOLLOWER
  }
}
]
2022-09-14 11:47:13,090 [s2@group-12AB68C5691F->s0-GrpcLogAppender-LogAppenderDaemon] INFO  util.CodeInjectionForTesting (DelayLocalExecutionInjection.java:execute(65)) - s2 delay 150 ms, args=[serverRequest {
  requestorId: "s2"
  replyId: "s0"
  raftGroupId {
    id: "\326\216l\301\220x@5\222b\022\253h\305i\037"
  }
  callId: 28
  slidingWindowEntry {
  }
}
leaderTerm: 2
previousLog {
  term: 2
}
initializing: true
commitInfos {
  server {
    id: "s2"
    address: "localhost:38365"
    dataStreamAddress: "localhost:38285"
    clientAddress: "localhost:40537"
    adminAddress: "localhost:35135"
    startupRole: FOLLOWER
  }
}
commitInfos {
  server {
    id: "s3"
    address: "localhost:46799"
    dataStreamAddress: "localhost:40281"
    clientAddress: "localhost:46547"
    adminAddress: "localhost:45171"
    startupRole: FOLLOWER
  }
}
commitInfos {
  server {
    id: "s4"
    address: "localhost:39419"
    dataStreamAddress: "localhost:46687"
    clientAddress: "localhost:41785"
    adminAddress: "localhost:43995"
    startupRole: FOLLOWER
  }
}
commitInfos {
  server {
    id: "s0"
    address: "localhost:42481"
    dataStreamAddress: "localhost:43981"
    clientAddress: "localhost:42743"
    adminAddress: "localhost:44771"
    startupRole: FOLLOWER
  }
}
commitInfos {
  server {
    id: "s1"
    address: "localhost:44073"
    dataStreamAddress: "localhost:35501"
    clientAddress: "localhost:39477"
    adminAddress: "localhost:36871"
    startupRole: FOLLOWER
  }
}
]
2022-09-14 11:47:13,208 [s4@group-12AB68C5691F-FollowerState] INFO  impl.FollowerState (FollowerState.java:run(141)) - s4@group-12AB68C5691F-FollowerState: change to CANDIDATE, lastRpcElapsedTime:155524517ns, electionTimeout:151ms
2022-09-14 11:47:13,208 [s4@group-12AB68C5691F-FollowerState] INFO  impl.RoleInfo (RoleInfo.java:shutdownFollowerState(110)) - s4: shutdown s4@group-12AB68C5691F-FollowerState
2022-09-14 11:47:13,209 [s4@group-12AB68C5691F-FollowerState] INFO  server.RaftServer$Division (RaftServerImpl.java:setRole(317)) - s4@group-12AB68C5691F: changes role from  FOLLOWER to CANDIDATE at term 2 for changeToCandidate
2022-09-14 11:47:13,209 [s4@group-12AB68C5691F-FollowerState] INFO  server.RaftServerConfigKeys (ConfUtils.java:logGet(46)) - raft.server.leaderelection.pre-vote = true (default)
2022-09-14 11:47:13,209 [s4@group-12AB68C5691F-FollowerState] INFO  impl.RoleInfo (RoleInfo.java:updateAndGet(139)) - s4: start s4@group-12AB68C5691F-LeaderElection11
2022-09-14 11:47:13,213 [s4@group-12AB68C5691F-LeaderElection11] INFO  impl.LeaderElection (LeaderElection.java:askForVotes(308)) - s4@group-12AB68C5691F-LeaderElection11 PRE_VOTE round 0: submit vote requests at term 2 for 0: peers:[s3|rpc:localhost:46799|admin:localhost:45171|client:localhost:46547|dataStream:localhost:40281|priority:0|startupRole:FOLLOWER, s4|rpc:localhost:39419|admin:localhost:43995|client:localhost:41785|dataStream:localhost:46687|priority:0|startupRole:FOLLOWER, s0|rpc:localhost:42481|admin:localhost:44771|client:localhost:42743|dataStream:localhost:43981|priority:0|startupRole:FOLLOWER, s1|rpc:localhost:44073|admin:localhost:36871|client:localhost:39477|dataStream:localhost:35501|priority:0|startupRole:FOLLOWER, s2|rpc:localhost:38365|admin:localhost:35135|client:localhost:40537|dataStream:localhost:38285|priority:0|startupRole:FOLLOWER]|listeners:[], old=null
2022-09-14 11:47:13,217 [grpc-default-executor-39] INFO  server.RaftServer$Division (RaftServerImpl.java:requestVote(1281)) - s1@group-12AB68C5691F: receive requestVote(PRE_VOTE, s4, group-12AB68C5691F, 2, (t:1, i:0))
2022-09-14 11:47:13,217 [grpc-default-executor-39] INFO  impl.VoteContext (VoteContext.java:log(49)) - s1@group-12AB68C5691F-FOLLOWER: reject PRE_VOTE from s4: our last entry (t:2, i:0) > candidate's last entry (t:1, i:0)
2022-09-14 11:47:13,217 [grpc-default-executor-39] INFO  server.RaftServer$Division (RaftServerImpl.java:requestVote(1314)) - s1@group-12AB68C5691F replies to PRE_VOTE vote request: s4<-s1#0:FAIL-t2. Peer's state: s1@group-12AB68C5691F:t2, leader=s2, voted=s2, raftlog=Memoized:s1@group-12AB68C5691F-SegmentedRaftLog:OPENED:c0, conf=0: peers:[s3|rpc:localhost:46799|admin:localhost:45171|client:localhost:46547|dataStream:localhost:40281|priority:0|startupRole:FOLLOWER, s4|rpc:localhost:39419|admin:localhost:43995|client:localhost:41785|dataStream:localhost:46687|priority:0|startupRole:FOLLOWER, s0|rpc:localhost:42481|admin:localhost:44771|client:localhost:42743|dataStream:localhost:43981|priority:0|startupRole:FOLLOWER, s1|rpc:localhost:44073|admin:localhost:36871|client:localhost:39477|dataStream:localhost:35501|priority:0|startupRole:FOLLOWER, s2|rpc:localhost:38365|admin:localhost:35135|client:localhost:40537|dataStream:localhost:38285|priority:0|startupRole:FOLLOWER]|listeners:[], old=null
2022-09-14 11:47:13,219 [grpc-default-executor-4] INFO  server.RaftServer$Division (RaftServerImpl.java:requestVote(1281)) - s3@group-12AB68C5691F: receive requestVote(PRE_VOTE, s4, group-12AB68C5691F, 2, (t:1, i:0))
2022-09-14 11:47:13,219 [grpc-default-executor-39] INFO  server.RaftServer$Division (RaftServerImpl.java:requestVote(1281)) - s0@group-12AB68C5691F: receive requestVote(PRE_VOTE, s4, group-12AB68C5691F, 2, (t:1, i:0))
2022-09-14 11:47:13,219 [grpc-default-executor-4] INFO  impl.VoteContext (VoteContext.java:log(49)) - s3@group-12AB68C5691F-FOLLOWER: reject PRE_VOTE from s4: our last entry (t:2, i:0) > candidate's last entry (t:1, i:0)
2022-09-14 11:47:13,219 [grpc-default-executor-39] INFO  impl.VoteContext (VoteContext.java:log(49)) - s0@group-12AB68C5691F-FOLLOWER: reject PRE_VOTE from s4: our last entry (t:2, i:0) > candidate's last entry (t:1, i:0)
2022-09-14 11:47:13,219 [grpc-default-executor-39] INFO  server.RaftServer$Division (RaftServerImpl.java:requestVote(1314)) - s0@group-12AB68C5691F replies to PRE_VOTE vote request: s4<-s0#0:FAIL-t2. Peer's state: s0@group-12AB68C5691F:t2, leader=s2, voted=s2, raftlog=Memoized:s0@group-12AB68C5691F-SegmentedRaftLog:OPENED:c0, conf=0: peers:[s3|rpc:localhost:46799|admin:localhost:45171|client:localhost:46547|dataStream:localhost:40281|priority:0|startupRole:FOLLOWER, s4|rpc:localhost:39419|admin:localhost:43995|client:localhost:41785|dataStream:localhost:46687|priority:0|startupRole:FOLLOWER, s0|rpc:localhost:42481|admin:localhost:44771|client:localhost:42743|dataStream:localhost:43981|priority:0|startupRole:FOLLOWER, s1|rpc:localhost:44073|admin:localhost:36871|client:localhost:39477|dataStream:localhost:35501|priority:0|startupRole:FOLLOWER, s2|rpc:localhost:38365|admin:localhost:35135|client:localhost:40537|dataStream:localhost:38285|priority:0|startupRole:FOLLOWER]|listeners:[], old=null
2022-09-14 11:47:13,219 [grpc-default-executor-4] INFO  server.RaftServer$Division (RaftServerImpl.java:requestVote(1314)) - s3@group-12AB68C5691F replies to PRE_VOTE vote request: s4<-s3#0:FAIL-t2. Peer's state: s3@group-12AB68C5691F:t2, leader=s2, voted=s2, raftlog=Memoized:s3@group-12AB68C5691F-SegmentedRaftLog:OPENED:c0, conf=0: peers:[s3|rpc:localhost:46799|admin:localhost:45171|client:localhost:46547|dataStream:localhost:40281|priority:0|startupRole:FOLLOWER, s4|rpc:localhost:39419|admin:localhost:43995|client:localhost:41785|dataStream:localhost:46687|priority:0|startupRole:FOLLOWER, s0|rpc:localhost:42481|admin:localhost:44771|client:localhost:42743|dataStream:localhost:43981|priority:0|startupRole:FOLLOWER, s1|rpc:localhost:44073|admin:localhost:36871|client:localhost:39477|dataStream:localhost:35501|priority:0|startupRole:FOLLOWER, s2|rpc:localhost:38365|admin:localhost:35135|client:localhost:40537|dataStream:localhost:38285|priority:0|startupRole:FOLLOWER]|listeners:[], old=null
2022-09-14 11:47:13,223 [s4@group-12AB68C5691F-LeaderElection11] INFO  impl.LeaderElection (LeaderElection.java:logAndReturn(89)) - s4@group-12AB68C5691F-LeaderElection11: PRE_VOTE REJECTED received 3 response(s) and 0 exception(s):
2022-09-14 11:47:13,223 [s4@group-12AB68C5691F-LeaderElection11] INFO  impl.LeaderElection (LeaderElection.java:logAndReturn(93)) -   Response 0: s4<-s3#0:FAIL-t2
2022-09-14 11:47:13,223 [s4@group-12AB68C5691F-LeaderElection11] INFO  impl.LeaderElection (LeaderElection.java:logAndReturn(93)) -   Response 1: s4<-s0#0:FAIL-t2
2022-09-14 11:47:13,223 [s4@group-12AB68C5691F-LeaderElection11] INFO  impl.LeaderElection (LeaderElection.java:logAndReturn(93)) -   Response 2: s4<-s1#0:FAIL-t2
2022-09-14 11:47:13,223 [s4@group-12AB68C5691F-LeaderElection11] INFO  impl.LeaderElection (LeaderElection.java:askForVotes(310)) - s4@group-12AB68C5691F-LeaderElection11 PRE_VOTE round 0: result REJECTED
2022-09-14 11:47:13,223 [s4@group-12AB68C5691F-LeaderElection11] INFO  server.RaftServer$Division (RaftServerImpl.java:setRole(317)) - s4@group-12AB68C5691F: changes role from CANDIDATE to FOLLOWER at term 2 for REJECTED
2022-09-14 11:47:13,223 [s4@group-12AB68C5691F-LeaderElection11] INFO  impl.RoleInfo (RoleInfo.java:shutdownLeaderElection(130)) - s4: shutdown s4@group-12AB68C5691F-LeaderElection11
2022-09-14 11:47:13,223 [s4@group-12AB68C5691F-LeaderElection11] INFO  impl.RoleInfo (RoleInfo.java:updateAndGet(139)) - s4: start s4@group-12AB68C5691F-FollowerState
2022-09-14 11:47:13,225 [grpc-default-executor-4] INFO  server.RaftServer$Division (RaftServerImpl.java:requestVote(1281)) - s2@group-12AB68C5691F: receive requestVote(PRE_VOTE, s4, group-12AB68C5691F, 2, (t:1, i:0))
2022-09-14 11:47:13,225 [grpc-default-executor-4] INFO  impl.VoteContext (VoteContext.java:log(49)) - s2@group-12AB68C5691F-LEADER: reject PRE_VOTE from s4: this server is the leader and still has leadership
2022-09-14 11:47:13,225 [grpc-default-executor-4] INFO  server.RaftServer$Division (RaftServerImpl.java:requestVote(1314)) - s2@group-12AB68C5691F replies to PRE_VOTE vote request: s4<-s2#0:FAIL-t2. Peer's state: s2@group-12AB68C5691F:t2, leader=s2, voted=s2, raftlog=Memoized:s2@group-12AB68C5691F-SegmentedRaftLog:OPENED:c0, conf=0: peers:[s3|rpc:localhost:46799|admin:localhost:45171|client:localhost:46547|dataStream:localhost:40281|priority:0|startupRole:FOLLOWER, s4|rpc:localhost:39419|admin:localhost:43995|client:localhost:41785|dataStream:localhost:46687|priority:0|startupRole:FOLLOWER, s0|rpc:localhost:42481|admin:localhost:44771|client:localhost:42743|dataStream:localhost:43981|priority:0|startupRole:FOLLOWER, s1|rpc:localhost:44073|admin:localhost:36871|client:localhost:39477|dataStream:localhost:35501|priority:0|startupRole:FOLLOWER, s2|rpc:localhost:38365|admin:localhost:35135|client:localhost:40537|dataStream:localhost:38285|priority:0|startupRole:FOLLOWER]|listeners:[], old=null
2022-09-14 11:47:13,245 [s2@group-12AB68C5691F->s4-GrpcLogAppender-LogAppenderDaemon] INFO  util.CodeInjectionForTesting (DelayLocalExecutionInjection.java:execute(65)) - s2 delay 150 ms, args=[serverRequest {
  requestorId: "s2"
  replyId: "s4"
  raftGroupId {
    id: "\326\216l\301\220x@5\222b\022\253h\305i\037"
  }
  callId: 46
  slidingWindowEntry {
  }
}
leaderTerm: 2
previousLog {
  term: 2
}
initializing: true
commitInfos {
  server {
    id: "s2"
    address: "localhost:38365"
    dataStreamAddress: "localhost:38285"
    clientAddress: "localhost:40537"
    adminAddress: "localhost:35135"
    startupRole: FOLLOWER
  }
}
commitInfos {
  server {
    id: "s3"
    address: "localhost:46799"
    dataStreamAddress: "localhost:40281"
    clientAddress: "localhost:46547"
    adminAddress: "localhost:45171"
    startupRole: FOLLOWER
  }
}
commitInfos {
  server {
    id: "s4"
    address: "localhost:39419"
    dataStreamAddress: "localhost:46687"
    clientAddress: "localhost:41785"
    adminAddress: "localhost:43995"
    startupRole: FOLLOWER
  }
}
commitInfos {
  server {
    id: "s0"
    address: "localhost:42481"
    dataStreamAddress: "localhost:43981"
    clientAddress: "localhost:42743"
    adminAddress: "localhost:44771"
    startupRole: FOLLOWER
  }
}
commitInfos {
  server {
    id: "s1"
    address: "localhost:44073"
    dataStreamAddress: "localhost:35501"
    clientAddress: "localhost:39477"
    adminAddress: "localhost:36871"
    startupRole: FOLLOWER
  }
}
]
2022-09-14 11:47:13,312 [s2@group-12AB68C5691F->s1-GrpcLogAppender-LogAppenderDaemon] INFO  util.CodeInjectionForTesting (DelayLocalExecutionInjection.java:execute(65)) - s2 delay 150 ms, args=[serverRequest {
  requestorId: "s2"
  replyId: "s1"
  raftGroupId {
    id: "\326\216l\301\220x@5\222b\022\253h\305i\037"
  }
  callId: 29
  slidingWindowEntry {
  }
}
leaderTerm: 2
previousLog {
  term: 2
}
initializing: true
commitInfos {
  server {
    id: "s2"
    address: "localhost:38365"
    dataStreamAddress: "localhost:38285"
    clientAddress: "localhost:40537"
    adminAddress: "localhost:35135"
    startupRole: FOLLOWER
  }
}
commitInfos {
  server {
    id: "s3"
    address: "localhost:46799"
    dataStreamAddress: "localhost:40281"
    clientAddress: "localhost:46547"
    adminAddress: "localhost:45171"
    startupRole: FOLLOWER
  }
}
commitInfos {
  server {
    id: "s4"
    address: "localhost:39419"
    dataStreamAddress: "localhost:46687"
    clientAddress: "localhost:41785"
    adminAddress: "localhost:43995"
    startupRole: FOLLOWER
  }
}
commitInfos {
  server {
    id: "s0"
    address: "localhost:42481"
    dataStreamAddress: "localhost:43981"
    clientAddress: "localhost:42743"
    adminAddress: "localhost:44771"
    startupRole: FOLLOWER
  }
}
commitInfos {
  server {
    id: "s1"
    address: "localhost:44073"
    dataStreamAddress: "localhost:35501"
    clientAddress: "localhost:39477"
    adminAddress: "localhost:36871"
    startupRole: FOLLOWER
  }
}
]
2022-09-14 11:47:13,318 [s2@group-12AB68C5691F->s0-GrpcLogAppender-LogAppenderDaemon] INFO  util.CodeInjectionForTesting (DelayLocalExecutionInjection.java:execute(65)) - s2 delay 150 ms, args=[serverRequest {
  requestorId: "s2"
  replyId: "s0"
  raftGroupId {
    id: "\326\216l\301\220x@5\222b\022\253h\305i\037"
  }
  callId: 29
  slidingWindowEntry {
  }
}
leaderTerm: 2
previousLog {
  term: 2
}
initializing: true
commitInfos {
  server {
    id: "s2"
    address: "localhost:38365"
    dataStreamAddress: "localhost:38285"
    clientAddress: "localhost:40537"
    adminAddress: "localhost:35135"
    startupRole: FOLLOWER
  }
}
commitInfos {
  server {
    id: "s3"
    address: "localhost:46799"
    dataStreamAddress: "localhost:40281"
    clientAddress: "localhost:46547"
    adminAddress: "localhost:45171"
    startupRole: FOLLOWER
  }
}
commitInfos {
  server {
    id: "s4"
    address: "localhost:39419"
    dataStreamAddress: "localhost:46687"
    clientAddress: "localhost:41785"
    adminAddress: "localhost:43995"
    startupRole: FOLLOWER
  }
}
commitInfos {
  server {
    id: "s0"
    address: "localhost:42481"
    dataStreamAddress: "localhost:43981"
    clientAddress: "localhost:42743"
    adminAddress: "localhost:44771"
    startupRole: FOLLOWER
  }
}
commitInfos {
  server {
    id: "s1"
    address: "localhost:44073"
    dataStreamAddress: "localhost:35501"
    clientAddress: "localhost:39477"
    adminAddress: "localhost:36871"
    startupRole: FOLLOWER
  }
}
]
2022-09-14 11:47:13,318 [s2@group-12AB68C5691F->s3-GrpcLogAppender-LogAppenderDaemon] INFO  util.CodeInjectionForTesting (DelayLocalExecutionInjection.java:execute(65)) - s2 delay 150 ms, args=[serverRequest {
  requestorId: "s2"
  replyId: "s3"
  raftGroupId {
    id: "\326\216l\301\220x@5\222b\022\253h\305i\037"
  }
  callId: 38
  slidingWindowEntry {
  }
}
leaderTerm: 2
previousLog {
  term: 2
}
initializing: true
commitInfos {
  server {
    id: "s2"
    address: "localhost:38365"
    dataStreamAddress: "localhost:38285"
    clientAddress: "localhost:40537"
    adminAddress: "localhost:35135"
    startupRole: FOLLOWER
  }
}
commitInfos {
  server {
    id: "s3"
    address: "localhost:46799"
    dataStreamAddress: "localhost:40281"
    clientAddress: "localhost:46547"
    adminAddress: "localhost:45171"
    startupRole: FOLLOWER
  }
}
commitInfos {
  server {
    id: "s4"
    address: "localhost:39419"
    dataStreamAddress: "localhost:46687"
    clientAddress: "localhost:41785"
    adminAddress: "localhost:43995"
    startupRole: FOLLOWER
  }
}
commitInfos {
  server {
    id: "s0"
    address: "localhost:42481"
    dataStreamAddress: "localhost:43981"
    clientAddress: "localhost:42743"
    adminAddress: "localhost:44771"
    startupRole: FOLLOWER
  }
}
commitInfos {
  server {
    id: "s1"
    address: "localhost:44073"
    dataStreamAddress: "localhost:35501"
    clientAddress: "localhost:39477"
    adminAddress: "localhost:36871"
    startupRole: FOLLOWER
  }
}
]
2022-09-14 11:47:13,417 [s0@group-12AB68C5691F-FollowerState] INFO  impl.FollowerState (FollowerState.java:run(141)) - s0@group-12AB68C5691F-FollowerState: change to CANDIDATE, lastRpcElapsedTime:176036073ns, electionTimeout:172ms
2022-09-14 11:47:13,418 [s0@group-12AB68C5691F-FollowerState] INFO  impl.RoleInfo (RoleInfo.java:shutdownFollowerState(110)) - s0: shutdown s0@group-12AB68C5691F-FollowerState
2022-09-14 11:47:13,418 [s0@group-12AB68C5691F-FollowerState] INFO  server.RaftServer$Division (RaftServerImpl.java:setRole(317)) - s0@group-12AB68C5691F: changes role from  FOLLOWER to CANDIDATE at term 2 for changeToCandidate
2022-09-14 11:47:13,418 [s0@group-12AB68C5691F-FollowerState] INFO  server.RaftServerConfigKeys (ConfUtils.java:logGet(46)) - raft.server.leaderelection.pre-vote = true (default)
2022-09-14 11:47:13,418 [s0@group-12AB68C5691F-FollowerState] INFO  impl.RoleInfo (RoleInfo.java:updateAndGet(139)) - s0: start s0@group-12AB68C5691F-LeaderElection12
2022-09-14 11:47:13,419 [s0@group-12AB68C5691F-LeaderElection12] INFO  server.RaftServer$Division (ServerState.java:setLeader(259)) - s0@group-12AB68C5691F: change Leader from s2 to null at term 2 for PRE_VOTE
2022-09-14 11:47:13,419 [s0@group-12AB68C5691F-LeaderElection12] INFO  impl.LeaderElection (LeaderElection.java:askForVotes(308)) - s0@group-12AB68C5691F-LeaderElection12 PRE_VOTE round 0: submit vote requests at term 2 for 0: peers:[s3|rpc:localhost:46799|admin:localhost:45171|client:localhost:46547|dataStream:localhost:40281|priority:0|startupRole:FOLLOWER, s4|rpc:localhost:39419|admin:localhost:43995|client:localhost:41785|dataStream:localhost:46687|priority:0|startupRole:FOLLOWER, s0|rpc:localhost:42481|admin:localhost:44771|client:localhost:42743|dataStream:localhost:43981|priority:0|startupRole:FOLLOWER, s1|rpc:localhost:44073|admin:localhost:36871|client:localhost:39477|dataStream:localhost:35501|priority:0|startupRole:FOLLOWER, s2|rpc:localhost:38365|admin:localhost:35135|client:localhost:40537|dataStream:localhost:38285|priority:0|startupRole:FOLLOWER]|listeners:[], old=null
2022-09-14 11:47:13,422 [s0@group-12AB68C5691F-LeaderElection12-1] INFO  util.CodeInjectionForTesting (DelayLocalExecutionInjection.java:execute(65)) - s0 delay 150 ms, args=[serverRequest {
  requestorId: "s0"
  replyId: "s3"
  raftGroupId {
    id: "\326\216l\301\220x@5\222b\022\253h\305i\037"
  }
  slidingWindowEntry {
  }
}
candidateTerm: 2
candidateLastEntry {
  term: 2
}
preVote: true
]
2022-09-14 11:47:13,423 [s0@group-12AB68C5691F-LeaderElection12-4] INFO  util.CodeInjectionForTesting (DelayLocalExecutionInjection.java:execute(65)) - s0 delay 150 ms, args=[serverRequest {
  requestorId: "s0"
  replyId: "s2"
  raftGroupId {
    id: "\326\216l\301\220x@5\222b\022\253h\305i\037"
  }
  slidingWindowEntry {
  }
}
candidateTerm: 2
candidateLastEntry {
  term: 2
}
preVote: true
]
2022-09-14 11:47:13,423 [s0@group-12AB68C5691F-LeaderElection12-2] INFO  util.CodeInjectionForTesting (DelayLocalExecutionInjection.java:execute(65)) - s0 delay 150 ms, args=[serverRequest {
  requestorId: "s0"
  replyId: "s4"
  raftGroupId {
    id: "\326\216l\301\220x@5\222b\022\253h\305i\037"
  }
  slidingWindowEntry {
  }
}
candidateTerm: 2
candidateLastEntry {
  term: 2
}
preVote: true
]
2022-09-14 11:47:13,422 [s0@group-12AB68C5691F-LeaderElection12-3] INFO  util.CodeInjectionForTesting (DelayLocalExecutionInjection.java:execute(65)) - s0 delay 150 ms, args=[serverRequest {
  requestorId: "s0"
  replyId: "s1"
  raftGroupId {
    id: "\326\216l\301\220x@5\222b\022\253h\305i\037"
  }
  slidingWindowEntry {
  }
}
candidateTerm: 2
candidateLastEntry {
  term: 2
}
preVote: true
]
2022-09-14 11:47:13,434 [s2@group-12AB68C5691F->s4-GrpcLogAppender-LogAppenderDaemon] INFO  util.CodeInjectionForTesting (DelayLocalExecutionInjection.java:execute(65)) - s2 delay 150 ms, args=[serverRequest {
  requestorId: "s2"
  replyId: "s4"
  raftGroupId {
    id: "\326\216l\301\220x@5\222b\022\253h\305i\037"
  }
  callId: 47
  slidingWindowEntry {
  }
}
leaderTerm: 2
previousLog {
  term: 2
}
initializing: true
commitInfos {
  server {
    id: "s2"
    address: "localhost:38365"
    dataStreamAddress: "localhost:38285"
    clientAddress: "localhost:40537"
    adminAddress: "localhost:35135"
    startupRole: FOLLOWER
  }
}
commitInfos {
  server {
    id: "s3"
    address: "localhost:46799"
    dataStreamAddress: "localhost:40281"
    clientAddress: "localhost:46547"
    adminAddress: "localhost:45171"
    startupRole: FOLLOWER
  }
}
commitInfos {
  server {
    id: "s4"
    address: "localhost:39419"
    dataStreamAddress: "localhost:46687"
    clientAddress: "localhost:41785"
    adminAddress: "localhost:43995"
    startupRole: FOLLOWER
  }
}
commitInfos {
  server {
    id: "s0"
    address: "localhost:42481"
    dataStreamAddress: "localhost:43981"
    clientAddress: "localhost:42743"
    adminAddress: "localhost:44771"
    startupRole: FOLLOWER
  }
}
commitInfos {
  server {
    id: "s1"
    address: "localhost:44073"
    dataStreamAddress: "localhost:35501"
    clientAddress: "localhost:39477"
    adminAddress: "localhost:36871"
    startupRole: FOLLOWER
  }
}
]
2022-09-14 11:47:13,466 [s4@group-12AB68C5691F-FollowerState] INFO  impl.FollowerState (FollowerState.java:run(141)) - s4@group-12AB68C5691F-FollowerState: change to CANDIDATE, lastRpcElapsedTime:242650650ns, electionTimeout:239ms
2022-09-14 11:47:13,466 [s4@group-12AB68C5691F-FollowerState] INFO  impl.RoleInfo (RoleInfo.java:shutdownFollowerState(110)) - s4: shutdown s4@group-12AB68C5691F-FollowerState
2022-09-14 11:47:13,466 [s4@group-12AB68C5691F-FollowerState] INFO  server.RaftServer$Division (RaftServerImpl.java:setRole(317)) - s4@group-12AB68C5691F: changes role from  FOLLOWER to CANDIDATE at term 2 for changeToCandidate
2022-09-14 11:47:13,466 [s4@group-12AB68C5691F-FollowerState] INFO  server.RaftServerConfigKeys (ConfUtils.java:logGet(46)) - raft.server.leaderelection.pre-vote = true (default)
2022-09-14 11:47:13,466 [s4@group-12AB68C5691F-FollowerState] INFO  impl.RoleInfo (RoleInfo.java:updateAndGet(139)) - s4: start s4@group-12AB68C5691F-LeaderElection13
2022-09-14 11:47:13,469 [s4@group-12AB68C5691F-LeaderElection13] INFO  impl.LeaderElection (LeaderElection.java:askForVotes(308)) - s4@group-12AB68C5691F-LeaderElection13 PRE_VOTE round 0: submit vote requests at term 2 for 0: peers:[s3|rpc:localhost:46799|admin:localhost:45171|client:localhost:46547|dataStream:localhost:40281|priority:0|startupRole:FOLLOWER, s4|rpc:localhost:39419|admin:localhost:43995|client:localhost:41785|dataStream:localhost:46687|priority:0|startupRole:FOLLOWER, s0|rpc:localhost:42481|admin:localhost:44771|client:localhost:42743|dataStream:localhost:43981|priority:0|startupRole:FOLLOWER, s1|rpc:localhost:44073|admin:localhost:36871|client:localhost:39477|dataStream:localhost:35501|priority:0|startupRole:FOLLOWER, s2|rpc:localhost:38365|admin:localhost:35135|client:localhost:40537|dataStream:localhost:38285|priority:0|startupRole:FOLLOWER]|listeners:[], old=null
2022-09-14 11:47:13,469 [s0-server-thread1] INFO  server.RaftServer$Division (RaftServerImpl.java:setRole(317)) - s0@group-12AB68C5691F: changes role from CANDIDATE to FOLLOWER at term 2 for appendEntries
2022-09-14 11:47:13,469 [s0-server-thread1] INFO  impl.RoleInfo (RoleInfo.java:shutdownLeaderElection(130)) - s0: shutdown s0@group-12AB68C5691F-LeaderElection12
2022-09-14 11:47:13,469 [s0-server-thread1] INFO  impl.RoleInfo (RoleInfo.java:updateAndGet(139)) - s0: start s0@group-12AB68C5691F-FollowerState
2022-09-14 11:47:13,472 [grpc-default-executor-4] INFO  server.RaftServer$Division (RaftServerImpl.java:requestVote(1281)) - s3@group-12AB68C5691F: receive requestVote(PRE_VOTE, s4, group-12AB68C5691F, 2, (t:1, i:0))
2022-09-14 11:47:13,472 [grpc-default-executor-4] INFO  impl.VoteContext (VoteContext.java:log(49)) - s3@group-12AB68C5691F-FOLLOWER: reject PRE_VOTE from s4: this server is a follower and still has a valid leader s2
2022-09-14 11:47:13,472 [grpc-default-executor-4] INFO  server.RaftServer$Division (RaftServerImpl.java:requestVote(1314)) - s3@group-12AB68C5691F replies to PRE_VOTE vote request: s4<-s3#0:FAIL-t2. Peer's state: s3@group-12AB68C5691F:t2, leader=s2, voted=s2, raftlog=Memoized:s3@group-12AB68C5691F-SegmentedRaftLog:OPENED:c0, conf=0: peers:[s3|rpc:localhost:46799|admin:localhost:45171|client:localhost:46547|dataStream:localhost:40281|priority:0|startupRole:FOLLOWER, s4|rpc:localhost:39419|admin:localhost:43995|client:localhost:41785|dataStream:localhost:46687|priority:0|startupRole:FOLLOWER, s0|rpc:localhost:42481|admin:localhost:44771|client:localhost:42743|dataStream:localhost:43981|priority:0|startupRole:FOLLOWER, s1|rpc:localhost:44073|admin:localhost:36871|client:localhost:39477|dataStream:localhost:35501|priority:0|startupRole:FOLLOWER, s2|rpc:localhost:38365|admin:localhost:35135|client:localhost:40537|dataStream:localhost:38285|priority:0|startupRole:FOLLOWER]|listeners:[], old=null
2022-09-14 11:47:13,479 [grpc-default-executor-4] INFO  server.RaftServer$Division (RaftServerImpl.java:requestVote(1281)) - s0@group-12AB68C5691F: receive requestVote(PRE_VOTE, s4, group-12AB68C5691F, 2, (t:1, i:0))
2022-09-14 11:47:13,479 [s0-server-thread1] INFO  server.RaftServer$Division (ServerState.java:setLeader(259)) - s0@group-12AB68C5691F: change Leader from null to s2 at term 2 for appendEntries, leader elected after 60ms
2022-09-14 11:47:13,480 [grpc-default-executor-4] INFO  impl.VoteContext (VoteContext.java:log(49)) - s0@group-12AB68C5691F-FOLLOWER: reject PRE_VOTE from s4: this server is a follower and still has a valid leader s2
2022-09-14 11:47:13,480 [grpc-default-executor-4] INFO  server.RaftServer$Division (RaftServerImpl.java:requestVote(1314)) - s0@group-12AB68C5691F replies to PRE_VOTE vote request: s4<-s0#0:FAIL-t2. Peer's state: s0@group-12AB68C5691F:t2, leader=s2, voted=s2, raftlog=Memoized:s0@group-12AB68C5691F-SegmentedRaftLog:OPENED:c0, conf=0: peers:[s3|rpc:localhost:46799|admin:localhost:45171|client:localhost:46547|dataStream:localhost:40281|priority:0|startupRole:FOLLOWER, s4|rpc:localhost:39419|admin:localhost:43995|client:localhost:41785|dataStream:localhost:46687|priority:0|startupRole:FOLLOWER, s0|rpc:localhost:42481|admin:localhost:44771|client:localhost:42743|dataStream:localhost:43981|priority:0|startupRole:FOLLOWER, s1|rpc:localhost:44073|admin:localhost:36871|client:localhost:39477|dataStream:localhost:35501|priority:0|startupRole:FOLLOWER, s2|rpc:localhost:38365|admin:localhost:35135|client:localhost:40537|dataStream:localhost:38285|priority:0|startupRole:FOLLOWER]|listeners:[], old=null
2022-09-14 11:47:13,483 [grpc-default-executor-39] INFO  server.RaftServer$Division (RaftServerImpl.java:requestVote(1281)) - s1@group-12AB68C5691F: receive requestVote(PRE_VOTE, s4, group-12AB68C5691F, 2, (t:1, i:0))
2022-09-14 11:47:13,483 [grpc-default-executor-39] INFO  impl.VoteContext (VoteContext.java:log(49)) - s1@group-12AB68C5691F-FOLLOWER: reject PRE_VOTE from s4: this server is a follower and still has a valid leader s2
2022-09-14 11:47:13,483 [grpc-default-executor-39] INFO  server.RaftServer$Division (RaftServerImpl.java:requestVote(1314)) - s1@group-12AB68C5691F replies to PRE_VOTE vote request: s4<-s1#0:FAIL-t2. Peer's state: s1@group-12AB68C5691F:t2, leader=s2, voted=s2, raftlog=Memoized:s1@group-12AB68C5691F-SegmentedRaftLog:OPENED:c0, conf=0: peers:[s3|rpc:localhost:46799|admin:localhost:45171|client:localhost:46547|dataStream:localhost:40281|priority:0|startupRole:FOLLOWER, s4|rpc:localhost:39419|admin:localhost:43995|client:localhost:41785|dataStream:localhost:46687|priority:0|startupRole:FOLLOWER, s0|rpc:localhost:42481|admin:localhost:44771|client:localhost:42743|dataStream:localhost:43981|priority:0|startupRole:FOLLOWER, s1|rpc:localhost:44073|admin:localhost:36871|client:localhost:39477|dataStream:localhost:35501|priority:0|startupRole:FOLLOWER, s2|rpc:localhost:38365|admin:localhost:35135|client:localhost:40537|dataStream:localhost:38285|priority:0|startupRole:FOLLOWER]|listeners:[], old=null
2022-09-14 11:47:13,484 [s4@group-12AB68C5691F-LeaderElection13] INFO  impl.LeaderElection (LeaderElection.java:logAndReturn(89)) - s4@group-12AB68C5691F-LeaderElection13: PRE_VOTE REJECTED received 3 response(s) and 0 exception(s):
2022-09-14 11:47:13,484 [s4@group-12AB68C5691F-LeaderElection13] INFO  impl.LeaderElection (LeaderElection.java:logAndReturn(93)) -   Response 0: s4<-s3#0:FAIL-t2
2022-09-14 11:47:13,484 [s4@group-12AB68C5691F-LeaderElection13] INFO  impl.LeaderElection (LeaderElection.java:logAndReturn(93)) -   Response 1: s4<-s0#0:FAIL-t2
2022-09-14 11:47:13,484 [s4@group-12AB68C5691F-LeaderElection13] INFO  impl.LeaderElection (LeaderElection.java:logAndReturn(93)) -   Response 2: s4<-s1#0:FAIL-t2
2022-09-14 11:47:13,484 [s4@group-12AB68C5691F-LeaderElection13] INFO  impl.LeaderElection (LeaderElection.java:askForVotes(310)) - s4@group-12AB68C5691F-LeaderElection13 PRE_VOTE round 0: result REJECTED
2022-09-14 11:47:13,484 [s4@group-12AB68C5691F-LeaderElection13] INFO  server.RaftServer$Division (RaftServerImpl.java:setRole(317)) - s4@group-12AB68C5691F: changes role from CANDIDATE to FOLLOWER at term 2 for REJECTED
2022-09-14 11:47:13,484 [s4@group-12AB68C5691F-LeaderElection13] INFO  impl.RoleInfo (RoleInfo.java:shutdownLeaderElection(130)) - s4: shutdown s4@group-12AB68C5691F-LeaderElection13
2022-09-14 11:47:13,484 [s4@group-12AB68C5691F-LeaderElection13] INFO  impl.RoleInfo (RoleInfo.java:updateAndGet(139)) - s4: start s4@group-12AB68C5691F-FollowerState
2022-09-14 11:47:13,486 [grpc-default-executor-39] INFO  server.RaftServer$Division (RaftServerImpl.java:requestVote(1281)) - s2@group-12AB68C5691F: receive requestVote(PRE_VOTE, s4, group-12AB68C5691F, 2, (t:1, i:0))
2022-09-14 11:47:13,486 [grpc-default-executor-39] INFO  impl.VoteContext (VoteContext.java:log(49)) - s2@group-12AB68C5691F-LEADER: reject PRE_VOTE from s4: this server is the leader and still has leadership
2022-09-14 11:47:13,487 [grpc-default-executor-39] INFO  server.RaftServer$Division (RaftServerImpl.java:requestVote(1314)) - s2@group-12AB68C5691F replies to PRE_VOTE vote request: s4<-s2#0:FAIL-t2. Peer's state: s2@group-12AB68C5691F:t2, leader=s2, voted=s2, raftlog=Memoized:s2@group-12AB68C5691F-SegmentedRaftLog:OPENED:c0, conf=0: peers:[s3|rpc:localhost:46799|admin:localhost:45171|client:localhost:46547|dataStream:localhost:40281|priority:0|startupRole:FOLLOWER, s4|rpc:localhost:39419|admin:localhost:43995|client:localhost:41785|dataStream:localhost:46687|priority:0|startupRole:FOLLOWER, s0|rpc:localhost:42481|admin:localhost:44771|client:localhost:42743|dataStream:localhost:43981|priority:0|startupRole:FOLLOWER, s1|rpc:localhost:44073|admin:localhost:36871|client:localhost:39477|dataStream:localhost:35501|priority:0|startupRole:FOLLOWER, s2|rpc:localhost:38365|admin:localhost:35135|client:localhost:40537|dataStream:localhost:38285|priority:0|startupRole:FOLLOWER]|listeners:[], old=null
2022-09-14 11:47:13,541 [s2@group-12AB68C5691F->s1-GrpcLogAppender-LogAppenderDaemon] INFO  util.CodeInjectionForTesting (DelayLocalExecutionInjection.java:execute(65)) - s2 delay 150 ms, args=[serverRequest {
  requestorId: "s2"
  replyId: "s1"
  raftGroupId {
    id: "\326\216l\301\220x@5\222b\022\253h\305i\037"
  }
  callId: 30
  slidingWindowEntry {
  }
}
leaderTerm: 2
previousLog {
  term: 2
}
initializing: true
commitInfos {
  server {
    id: "s2"
    address: "localhost:38365"
    dataStreamAddress: "localhost:38285"
    clientAddress: "localhost:40537"
    adminAddress: "localhost:35135"
    startupRole: FOLLOWER
  }
}
commitInfos {
  server {
    id: "s3"
    address: "localhost:46799"
    dataStreamAddress: "localhost:40281"
    clientAddress: "localhost:46547"
    adminAddress: "localhost:45171"
    startupRole: FOLLOWER
  }
}
commitInfos {
  server {
    id: "s4"
    address: "localhost:39419"
    dataStreamAddress: "localhost:46687"
    clientAddress: "localhost:41785"
    adminAddress: "localhost:43995"
    startupRole: FOLLOWER
  }
}
commitInfos {
  server {
    id: "s0"
    address: "localhost:42481"
    dataStreamAddress: "localhost:43981"
    clientAddress: "localhost:42743"
    adminAddress: "localhost:44771"
    startupRole: FOLLOWER
  }
}
commitInfos {
  server {
    id: "s1"
    address: "localhost:44073"
    dataStreamAddress: "localhost:35501"
    clientAddress: "localhost:39477"
    adminAddress: "localhost:36871"
    startupRole: FOLLOWER
  }
}
]
2022-09-14 11:47:13,548 [s2@group-12AB68C5691F->s3-GrpcLogAppender-LogAppenderDaemon] INFO  util.CodeInjectionForTesting (DelayLocalExecutionInjection.java:execute(65)) - s2 delay 150 ms, args=[serverRequest {
  requestorId: "s2"
  replyId: "s3"
  raftGroupId {
    id: "\326\216l\301\220x@5\222b\022\253h\305i\037"
  }
  callId: 39
  slidingWindowEntry {
  }
}
leaderTerm: 2
previousLog {
  term: 2
}
initializing: true
commitInfos {
  server {
    id: "s2"
    address: "localhost:38365"
    dataStreamAddress: "localhost:38285"
    clientAddress: "localhost:40537"
    adminAddress: "localhost:35135"
    startupRole: FOLLOWER
  }
}
commitInfos {
  server {
    id: "s3"
    address: "localhost:46799"
    dataStreamAddress: "localhost:40281"
    clientAddress: "localhost:46547"
    adminAddress: "localhost:45171"
    startupRole: FOLLOWER
  }
}
commitInfos {
  server {
    id: "s4"
    address: "localhost:39419"
    dataStreamAddress: "localhost:46687"
    clientAddress: "localhost:41785"
    adminAddress: "localhost:43995"
    startupRole: FOLLOWER
  }
}
commitInfos {
  server {
    id: "s0"
    address: "localhost:42481"
    dataStreamAddress: "localhost:43981"
    clientAddress: "localhost:42743"
    adminAddress: "localhost:44771"
    startupRole: FOLLOWER
  }
}
commitInfos {
  server {
    id: "s1"
    address: "localhost:44073"
    dataStreamAddress: "localhost:35501"
    clientAddress: "localhost:39477"
    adminAddress: "localhost:36871"
    startupRole: FOLLOWER
  }
}
]
2022-09-14 11:47:13,559 [s2@group-12AB68C5691F->s0-GrpcLogAppender-LogAppenderDaemon] INFO  util.CodeInjectionForTesting (DelayLocalExecutionInjection.java:execute(65)) - s2 delay 150 ms, args=[serverRequest {
  requestorId: "s2"
  replyId: "s0"
  raftGroupId {
    id: "\326\216l\301\220x@5\222b\022\253h\305i\037"
  }
  callId: 30
  slidingWindowEntry {
  }
}
leaderTerm: 2
previousLog {
  term: 2
}
initializing: true
commitInfos {
  server {
    id: "s2"
    address: "localhost:38365"
    dataStreamAddress: "localhost:38285"
    clientAddress: "localhost:40537"
    adminAddress: "localhost:35135"
    startupRole: FOLLOWER
  }
}
commitInfos {
  server {
    id: "s3"
    address: "localhost:46799"
    dataStreamAddress: "localhost:40281"
    clientAddress: "localhost:46547"
    adminAddress: "localhost:45171"
    startupRole: FOLLOWER
  }
}
commitInfos {
  server {
    id: "s4"
    address: "localhost:39419"
    dataStreamAddress: "localhost:46687"
    clientAddress: "localhost:41785"
    adminAddress: "localhost:43995"
    startupRole: FOLLOWER
  }
}
commitInfos {
  server {
    id: "s0"
    address: "localhost:42481"
    dataStreamAddress: "localhost:43981"
    clientAddress: "localhost:42743"
    adminAddress: "localhost:44771"
    startupRole: FOLLOWER
  }
}
commitInfos {
  server {
    id: "s1"
    address: "localhost:44073"
    dataStreamAddress: "localhost:35501"
    clientAddress: "localhost:39477"
    adminAddress: "localhost:36871"
    startupRole: FOLLOWER
  }
}
]
2022-09-14 11:47:13,576 [grpc-default-executor-4] INFO  server.RaftServer$Division (RaftServerImpl.java:requestVote(1281)) - s3@group-12AB68C5691F: receive requestVote(PRE_VOTE, s0, group-12AB68C5691F, 2, (t:2, i:0))
2022-09-14 11:47:13,576 [grpc-default-executor-4] INFO  impl.VoteContext (VoteContext.java:log(49)) - s3@group-12AB68C5691F-FOLLOWER: reject PRE_VOTE from s0: this server is a follower and still has a valid leader s2
2022-09-14 11:47:13,576 [grpc-default-executor-4] INFO  server.RaftServer$Division (RaftServerImpl.java:requestVote(1314)) - s3@group-12AB68C5691F replies to PRE_VOTE vote request: s0<-s3#0:FAIL-t2. Peer's state: s3@group-12AB68C5691F:t2, leader=s2, voted=s2, raftlog=Memoized:s3@group-12AB68C5691F-SegmentedRaftLog:OPENED:c0, conf=0: peers:[s3|rpc:localhost:46799|admin:localhost:45171|client:localhost:46547|dataStream:localhost:40281|priority:0|startupRole:FOLLOWER, s4|rpc:localhost:39419|admin:localhost:43995|client:localhost:41785|dataStream:localhost:46687|priority:0|startupRole:FOLLOWER, s0|rpc:localhost:42481|admin:localhost:44771|client:localhost:42743|dataStream:localhost:43981|priority:0|startupRole:FOLLOWER, s1|rpc:localhost:44073|admin:localhost:36871|client:localhost:39477|dataStream:localhost:35501|priority:0|startupRole:FOLLOWER, s2|rpc:localhost:38365|admin:localhost:35135|client:localhost:40537|dataStream:localhost:38285|priority:0|startupRole:FOLLOWER]|listeners:[], old=null
2022-09-14 11:47:13,577 [grpc-default-executor-39] INFO  server.RaftServer$Division (RaftServerImpl.java:requestVote(1281)) - s1@group-12AB68C5691F: receive requestVote(PRE_VOTE, s0, group-12AB68C5691F, 2, (t:2, i:0))
2022-09-14 11:47:13,577 [grpc-default-executor-39] INFO  impl.VoteContext (VoteContext.java:log(49)) - s1@group-12AB68C5691F-FOLLOWER: reject PRE_VOTE from s0: this server is a follower and still has a valid leader s2
2022-09-14 11:47:13,577 [grpc-default-executor-39] INFO  server.RaftServer$Division (RaftServerImpl.java:requestVote(1314)) - s1@group-12AB68C5691F replies to PRE_VOTE vote request: s0<-s1#0:FAIL-t2. Peer's state: s1@group-12AB68C5691F:t2, leader=s2, voted=s2, raftlog=Memoized:s1@group-12AB68C5691F-SegmentedRaftLog:OPENED:c0, conf=0: peers:[s3|rpc:localhost:46799|admin:localhost:45171|client:localhost:46547|dataStream:localhost:40281|priority:0|startupRole:FOLLOWER, s4|rpc:localhost:39419|admin:localhost:43995|client:localhost:41785|dataStream:localhost:46687|priority:0|startupRole:FOLLOWER, s0|rpc:localhost:42481|admin:localhost:44771|client:localhost:42743|dataStream:localhost:43981|priority:0|startupRole:FOLLOWER, s1|rpc:localhost:44073|admin:localhost:36871|client:localhost:39477|dataStream:localhost:35501|priority:0|startupRole:FOLLOWER, s2|rpc:localhost:38365|admin:localhost:35135|client:localhost:40537|dataStream:localhost:38285|priority:0|startupRole:FOLLOWER]|listeners:[], old=null
2022-09-14 11:47:13,578 [grpc-default-executor-39] INFO  server.RaftServer$Division (RaftServerImpl.java:requestVote(1281)) - s2@group-12AB68C5691F: receive requestVote(PRE_VOTE, s0, group-12AB68C5691F, 2, (t:2, i:0))
2022-09-14 11:47:13,578 [grpc-default-executor-39] INFO  impl.VoteContext (VoteContext.java:log(49)) - s2@group-12AB68C5691F-LEADER: reject PRE_VOTE from s0: this server is the leader and still has leadership
2022-09-14 11:47:13,578 [grpc-default-executor-39] INFO  server.RaftServer$Division (RaftServerImpl.java:requestVote(1314)) - s2@group-12AB68C5691F replies to PRE_VOTE vote request: s0<-s2#0:FAIL-t2. Peer's state: s2@group-12AB68C5691F:t2, leader=s2, voted=s2, raftlog=Memoized:s2@group-12AB68C5691F-SegmentedRaftLog:OPENED:c0, conf=0: peers:[s3|rpc:localhost:46799|admin:localhost:45171|client:localhost:46547|dataStream:localhost:40281|priority:0|startupRole:FOLLOWER, s4|rpc:localhost:39419|admin:localhost:43995|client:localhost:41785|dataStream:localhost:46687|priority:0|startupRole:FOLLOWER, s0|rpc:localhost:42481|admin:localhost:44771|client:localhost:42743|dataStream:localhost:43981|priority:0|startupRole:FOLLOWER, s1|rpc:localhost:44073|admin:localhost:36871|client:localhost:39477|dataStream:localhost:35501|priority:0|startupRole:FOLLOWER, s2|rpc:localhost:38365|admin:localhost:35135|client:localhost:40537|dataStream:localhost:38285|priority:0|startupRole:FOLLOWER]|listeners:[], old=null
2022-09-14 11:47:13,580 [s0@group-12AB68C5691F-LeaderElection12] INFO  impl.LeaderElection (LeaderElection.java:logAndReturn(89)) - s0@group-12AB68C5691F-LeaderElection12: PRE_VOTE REJECTED received 1 response(s) and 0 exception(s):
2022-09-14 11:47:13,580 [s0@group-12AB68C5691F-LeaderElection12] INFO  impl.LeaderElection (LeaderElection.java:logAndReturn(93)) -   Response 0: s0<-s2#0:FAIL-t2
2022-09-14 11:47:13,580 [s0@group-12AB68C5691F-LeaderElection12] INFO  impl.LeaderElection (LeaderElection.java:askForVotes(310)) - s0@group-12AB68C5691F-LeaderElection12 PRE_VOTE round 0: result REJECTED
2022-09-14 11:47:13,581 [grpc-default-executor-39] INFO  util.CodeInjectionForTesting (BlockRequestHandlingInjection.java:execute(77)) - s4: Block request from s0
2022-09-14 11:47:13,622 [s2@group-12AB68C5691F->s4-GrpcLogAppender-LogAppenderDaemon] INFO  util.CodeInjectionForTesting (DelayLocalExecutionInjection.java:execute(65)) - s2 delay 150 ms, args=[serverRequest {
  requestorId: "s2"
  replyId: "s4"
  raftGroupId {
    id: "\326\216l\301\220x@5\222b\022\253h\305i\037"
  }
  callId: 48
  slidingWindowEntry {
  }
}
leaderTerm: 2
previousLog {
  term: 2
}
initializing: true
commitInfos {
  server {
    id: "s2"
    address: "localhost:38365"
    dataStreamAddress: "localhost:38285"
    clientAddress: "localhost:40537"
    adminAddress: "localhost:35135"
    startupRole: FOLLOWER
  }
}
commitInfos {
  server {
    id: "s3"
    address: "localhost:46799"
    dataStreamAddress: "localhost:40281"
    clientAddress: "localhost:46547"
    adminAddress: "localhost:45171"
    startupRole: FOLLOWER
  }
}
commitInfos {
  server {
    id: "s4"
    address: "localhost:39419"
    dataStreamAddress: "localhost:46687"
    clientAddress: "localhost:41785"
    adminAddress: "localhost:43995"
    startupRole: FOLLOWER
  }
}
commitInfos {
  server {
    id: "s0"
    address: "localhost:42481"
    dataStreamAddress: "localhost:43981"
    clientAddress: "localhost:42743"
    adminAddress: "localhost:44771"
    startupRole: FOLLOWER
  }
}
commitInfos {
  server {
    id: "s1"
    address: "localhost:44073"
    dataStreamAddress: "localhost:35501"
    clientAddress: "localhost:39477"
    adminAddress: "localhost:36871"
    startupRole: FOLLOWER
  }
}
]
2022-09-14 11:47:13,717 [s4@group-12AB68C5691F-FollowerState] INFO  impl.FollowerState (FollowerState.java:run(141)) - s4@group-12AB68C5691F-FollowerState: change to CANDIDATE, lastRpcElapsedTime:232869850ns, electionTimeout:231ms
2022-09-14 11:47:13,717 [s4@group-12AB68C5691F-FollowerState] INFO  impl.RoleInfo (RoleInfo.java:shutdownFollowerState(110)) - s4: shutdown s4@group-12AB68C5691F-FollowerState
2022-09-14 11:47:13,717 [s4@group-12AB68C5691F-FollowerState] INFO  server.RaftServer$Division (RaftServerImpl.java:setRole(317)) - s4@group-12AB68C5691F: changes role from  FOLLOWER to CANDIDATE at term 2 for changeToCandidate
2022-09-14 11:47:13,718 [s4@group-12AB68C5691F-FollowerState] INFO  server.RaftServerConfigKeys (ConfUtils.java:logGet(46)) - raft.server.leaderelection.pre-vote = true (default)
2022-09-14 11:47:13,718 [s4@group-12AB68C5691F-FollowerState] INFO  impl.RoleInfo (RoleInfo.java:updateAndGet(139)) - s4: start s4@group-12AB68C5691F-LeaderElection14
2022-09-14 11:47:13,718 [Time-limited test] INFO  server.RaftServerConfigKeys (ConfUtils.java:logGet(46)) - raft.server.rpc.timeout.max = 300ms (default)
2022-09-14 11:47:13,719 [s4@group-12AB68C5691F-LeaderElection14] INFO  impl.LeaderElection (LeaderElection.java:askForVotes(308)) - s4@group-12AB68C5691F-LeaderElection14 PRE_VOTE round 0: submit vote requests at term 2 for 0: peers:[s3|rpc:localhost:46799|admin:localhost:45171|client:localhost:46547|dataStream:localhost:40281|priority:0|startupRole:FOLLOWER, s4|rpc:localhost:39419|admin:localhost:43995|client:localhost:41785|dataStream:localhost:46687|priority:0|startupRole:FOLLOWER, s0|rpc:localhost:42481|admin:localhost:44771|client:localhost:42743|dataStream:localhost:43981|priority:0|startupRole:FOLLOWER, s1|rpc:localhost:44073|admin:localhost:36871|client:localhost:39477|dataStream:localhost:35501|priority:0|startupRole:FOLLOWER, s2|rpc:localhost:38365|admin:localhost:35135|client:localhost:40537|dataStream:localhost:38285|priority:0|startupRole:FOLLOWER]|listeners:[], old=null
2022-09-14 11:47:13,722 [grpc-default-executor-46] INFO  server.RaftServer$Division (RaftServerImpl.java:requestVote(1281)) - s3@group-12AB68C5691F: receive requestVote(PRE_VOTE, s4, group-12AB68C5691F, 2, (t:1, i:0))
2022-09-14 11:47:13,722 [grpc-default-executor-46] INFO  impl.VoteContext (VoteContext.java:log(49)) - s3@group-12AB68C5691F-FOLLOWER: reject PRE_VOTE from s4: this server is a follower and still has a valid leader s2
2022-09-14 11:47:13,722 [grpc-default-executor-46] INFO  server.RaftServer$Division (RaftServerImpl.java:requestVote(1314)) - s3@group-12AB68C5691F replies to PRE_VOTE vote request: s4<-s3#0:FAIL-t2. Peer's state: s3@group-12AB68C5691F:t2, leader=s2, voted=s2, raftlog=Memoized:s3@group-12AB68C5691F-SegmentedRaftLog:OPENED:c0, conf=0: peers:[s3|rpc:localhost:46799|admin:localhost:45171|client:localhost:46547|dataStream:localhost:40281|priority:0|startupRole:FOLLOWER, s4|rpc:localhost:39419|admin:localhost:43995|client:localhost:41785|dataStream:localhost:46687|priority:0|startupRole:FOLLOWER, s0|rpc:localhost:42481|admin:localhost:44771|client:localhost:42743|dataStream:localhost:43981|priority:0|startupRole:FOLLOWER, s1|rpc:localhost:44073|admin:localhost:36871|client:localhost:39477|dataStream:localhost:35501|priority:0|startupRole:FOLLOWER, s2|rpc:localhost:38365|admin:localhost:35135|client:localhost:40537|dataStream:localhost:38285|priority:0|startupRole:FOLLOWER]|listeners:[], old=null
2022-09-14 11:47:13,723 [grpc-default-executor-4] INFO  server.RaftServer$Division (RaftServerImpl.java:requestVote(1281)) - s0@group-12AB68C5691F: receive requestVote(PRE_VOTE, s4, group-12AB68C5691F, 2, (t:1, i:0))
2022-09-14 11:47:13,723 [grpc-default-executor-4] INFO  impl.VoteContext (VoteContext.java:log(49)) - s0@group-12AB68C5691F-FOLLOWER: reject PRE_VOTE from s4: this server is a follower and still has a valid leader s2
2022-09-14 11:47:13,723 [grpc-default-executor-4] INFO  server.RaftServer$Division (RaftServerImpl.java:requestVote(1314)) - s0@group-12AB68C5691F replies to PRE_VOTE vote request: s4<-s0#0:FAIL-t2. Peer's state: s0@group-12AB68C5691F:t2, leader=s2, voted=s2, raftlog=Memoized:s0@group-12AB68C5691F-SegmentedRaftLog:OPENED:c0, conf=0: peers:[s3|rpc:localhost:46799|admin:localhost:45171|client:localhost:46547|dataStream:localhost:40281|priority:0|startupRole:FOLLOWER, s4|rpc:localhost:39419|admin:localhost:43995|client:localhost:41785|dataStream:localhost:46687|priority:0|startupRole:FOLLOWER, s0|rpc:localhost:42481|admin:localhost:44771|client:localhost:42743|dataStream:localhost:43981|priority:0|startupRole:FOLLOWER, s1|rpc:localhost:44073|admin:localhost:36871|client:localhost:39477|dataStream:localhost:35501|priority:0|startupRole:FOLLOWER, s2|rpc:localhost:38365|admin:localhost:35135|client:localhost:40537|dataStream:localhost:38285|priority:0|startupRole:FOLLOWER]|listeners:[], old=null
2022-09-14 11:47:13,727 [grpc-default-executor-46] INFO  server.RaftServer$Division (RaftServerImpl.java:requestVote(1281)) - s1@group-12AB68C5691F: receive requestVote(PRE_VOTE, s4, group-12AB68C5691F, 2, (t:1, i:0))
2022-09-14 11:47:13,727 [grpc-default-executor-46] INFO  impl.VoteContext (VoteContext.java:log(49)) - s1@group-12AB68C5691F-FOLLOWER: reject PRE_VOTE from s4: this server is a follower and still has a valid leader s2
2022-09-14 11:47:13,727 [grpc-default-executor-46] INFO  server.RaftServer$Division (RaftServerImpl.java:requestVote(1314)) - s1@group-12AB68C5691F replies to PRE_VOTE vote request: s4<-s1#0:FAIL-t2. Peer's state: s1@group-12AB68C5691F:t2, leader=s2, voted=s2, raftlog=Memoized:s1@group-12AB68C5691F-SegmentedRaftLog:OPENED:c0, conf=0: peers:[s3|rpc:localhost:46799|admin:localhost:45171|client:localhost:46547|dataStream:localhost:40281|priority:0|startupRole:FOLLOWER, s4|rpc:localhost:39419|admin:localhost:43995|client:localhost:41785|dataStream:localhost:46687|priority:0|startupRole:FOLLOWER, s0|rpc:localhost:42481|admin:localhost:44771|client:localhost:42743|dataStream:localhost:43981|priority:0|startupRole:FOLLOWER, s1|rpc:localhost:44073|admin:localhost:36871|client:localhost:39477|dataStream:localhost:35501|priority:0|startupRole:FOLLOWER, s2|rpc:localhost:38365|admin:localhost:35135|client:localhost:40537|dataStream:localhost:38285|priority:0|startupRole:FOLLOWER]|listeners:[], old=null
2022-09-14 11:47:13,727 [grpc-default-executor-46] INFO  server.RaftServer$Division (RaftServerImpl.java:requestVote(1281)) - s2@group-12AB68C5691F: receive requestVote(PRE_VOTE, s4, group-12AB68C5691F, 2, (t:1, i:0))
2022-09-14 11:47:13,727 [grpc-default-executor-46] INFO  impl.VoteContext (VoteContext.java:log(49)) - s2@group-12AB68C5691F-LEADER: reject PRE_VOTE from s4: this server is the leader and still has leadership
2022-09-14 11:47:13,727 [grpc-default-executor-46] INFO  server.RaftServer$Division (RaftServerImpl.java:requestVote(1314)) - s2@group-12AB68C5691F replies to PRE_VOTE vote request: s4<-s2#0:FAIL-t2. Peer's state: s2@group-12AB68C5691F:t2, leader=s2, voted=s2, raftlog=Memoized:s2@group-12AB68C5691F-SegmentedRaftLog:OPENED:c0, conf=0: peers:[s3|rpc:localhost:46799|admin:localhost:45171|client:localhost:46547|dataStream:localhost:40281|priority:0|startupRole:FOLLOWER, s4|rpc:localhost:39419|admin:localhost:43995|client:localhost:41785|dataStream:localhost:46687|priority:0|startupRole:FOLLOWER, s0|rpc:localhost:42481|admin:localhost:44771|client:localhost:42743|dataStream:localhost:43981|priority:0|startupRole:FOLLOWER, s1|rpc:localhost:44073|admin:localhost:36871|client:localhost:39477|dataStream:localhost:35501|priority:0|startupRole:FOLLOWER, s2|rpc:localhost:38365|admin:localhost:35135|client:localhost:40537|dataStream:localhost:38285|priority:0|startupRole:FOLLOWER]|listeners:[], old=null
2022-09-14 11:47:13,729 [s4@group-12AB68C5691F-LeaderElection14] INFO  impl.LeaderElection (LeaderElection.java:logAndReturn(89)) - s4@group-12AB68C5691F-LeaderElection14: PRE_VOTE REJECTED received 3 response(s) and 0 exception(s):
2022-09-14 11:47:13,729 [s4@group-12AB68C5691F-LeaderElection14] INFO  impl.LeaderElection (LeaderElection.java:logAndReturn(93)) -   Response 0: s4<-s3#0:FAIL-t2
2022-09-14 11:47:13,729 [s4@group-12AB68C5691F-LeaderElection14] INFO  impl.LeaderElection (LeaderElection.java:logAndReturn(93)) -   Response 1: s4<-s0#0:FAIL-t2
2022-09-14 11:47:13,729 [s4@group-12AB68C5691F-LeaderElection14] INFO  impl.LeaderElection (LeaderElection.java:logAndReturn(93)) -   Response 2: s4<-s1#0:FAIL-t2
2022-09-14 11:47:13,729 [s4@group-12AB68C5691F-LeaderElection14] INFO  impl.LeaderElection (LeaderElection.java:askForVotes(310)) - s4@group-12AB68C5691F-LeaderElection14 PRE_VOTE round 0: result REJECTED
2022-09-14 11:47:13,729 [s4@group-12AB68C5691F-LeaderElection14] INFO  server.RaftServer$Division (RaftServerImpl.java:setRole(317)) - s4@group-12AB68C5691F: changes role from CANDIDATE to FOLLOWER at term 2 for REJECTED
2022-09-14 11:47:13,729 [s4@group-12AB68C5691F-LeaderElection14] INFO  impl.RoleInfo (RoleInfo.java:shutdownLeaderElection(130)) - s4: shutdown s4@group-12AB68C5691F-LeaderElection14
2022-09-14 11:47:13,729 [s4@group-12AB68C5691F-LeaderElection14] INFO  impl.RoleInfo (RoleInfo.java:updateAndGet(139)) - s4: start s4@group-12AB68C5691F-FollowerState
2022-09-14 11:47:13,882 [grpc-default-executor-39] INFO  util.CodeInjectionForTesting (BlockRequestHandlingInjection.java:execute(84)) - s4: unBlock request from s0
2022-09-14 11:47:13,882 [grpc-default-executor-39] INFO  server.RaftServer$Division (RaftServerImpl.java:requestVote(1281)) - s4@group-12AB68C5691F: receive requestVote(PRE_VOTE, s0, group-12AB68C5691F, 2, (t:2, i:0))
2022-09-14 11:47:13,882 [grpc-default-executor-39] INFO  impl.VoteContext (VoteContext.java:log(49)) - s4@group-12AB68C5691F-FOLLOWER: accept PRE_VOTE from s0: our last entry (t:1, i:0) < candidate's last entry (t:2, i:0)
2022-09-14 11:47:13,882 [grpc-default-executor-39] INFO  server.RaftServer$Division (RaftServerImpl.java:requestVote(1314)) - s4@group-12AB68C5691F replies to PRE_VOTE vote request: s0<-s4#0:OK-t2. Peer's state: s4@group-12AB68C5691F:t2, leader=null, voted=null, raftlog=Memoized:s4@group-12AB68C5691F-SegmentedRaftLog:OPENED:c0, conf=0: peers:[s3|rpc:localhost:46799|admin:localhost:45171|client:localhost:46547|dataStream:localhost:40281|priority:0|startupRole:FOLLOWER, s4|rpc:localhost:39419|admin:localhost:43995|client:localhost:41785|dataStream:localhost:46687|priority:0|startupRole:FOLLOWER, s0|rpc:localhost:42481|admin:localhost:44771|client:localhost:42743|dataStream:localhost:43981|priority:0|startupRole:FOLLOWER, s1|rpc:localhost:44073|admin:localhost:36871|client:localhost:39477|dataStream:localhost:35501|priority:0|startupRole:FOLLOWER, s2|rpc:localhost:38365|admin:localhost:35135|client:localhost:40537|dataStream:localhost:38285|priority:0|startupRole:FOLLOWER]|listeners:[], old=null
2022-09-14 11:47:13,920 [s4-server-thread1] INFO  util.CodeInjectionForTesting (BlockRequestHandlingInjection.java:execute(84)) - s4: unBlock request from s2
2022-09-14 11:47:13,920 [s4-server-thread1] INFO  server.RaftServer$Division (ServerState.java:setLeader(259)) - s4@group-12AB68C5691F: change Leader from null to s2 at term 2 for appendEntries, leader elected after 883ms
2022-09-14 11:47:13,920 [s4-server-thread1] INFO  server.RaftServer$Division (RaftServerImpl.java:checkInconsistentAppendEntries(1586)) - s4@group-12AB68C5691F: Failed appendEntries as previous log entry ((t:2, i:0)) is not found
2022-09-14 11:47:13,920 [s4-server-thread1] INFO  server.RaftServer$Division (RaftServerImpl.java:checkInconsistentAppendEntries(1556)) - s4@group-12AB68C5691F: inconsistency entries. Reply:s2<-s4#44:FAIL-t2,INCONSISTENCY,nextIndex=0,followerCommit=0,matchIndex=-1
2022-09-14 11:47:13,921 [s4-server-thread1] INFO  server.RaftServer$Division (RaftServerImpl.java:checkInconsistentAppendEntries(1586)) - s4@group-12AB68C5691F: Failed appendEntries as previous log entry ((t:2, i:0)) is not found
2022-09-14 11:47:13,921 [grpc-default-executor-39] INFO  leader.FollowerInfo (FollowerInfoImpl.java:lambda$new$0(48)) - s2@group-12AB68C5691F->s4: nextIndex: updateUnconditionally 1 -> 0
2022-09-14 11:47:13,921 [s4-server-thread1] INFO  server.RaftServer$Division (RaftServerImpl.java:checkInconsistentAppendEntries(1556)) - s4@group-12AB68C5691F: inconsistency entries. Reply:s2<-s4#45:FAIL-t2,INCONSISTENCY,nextIndex=0,followerCommit=0,matchIndex=-1
2022-09-14 11:47:13,922 [s4-server-thread2] DEBUG server.RaftServer$Division (RaftServerImpl.java:logAppendEntries(1405)) - s4@group-12AB68C5691F: receive appendEntries(s2, 2, null, 0, true, commits:[s2:c0, s3:c0, s4:c0, s0:c0, s1:c0], cId:52, entries: [(t:2, i:0), CONFIGURATIONENTRY(current:id: "s3"
address: "localhost:46799"
dataStreamAddress: "localhost:40281"
clientAddress: "localhost:46547"
adminAddress: "localhost:45171"
startupRole: FOLLOWER
,id: "s4"
address: "localhost:39419"
dataStreamAddress: "localhost:46687"
clientAddress: "localhost:41785"
adminAddress: "localhost:43995"
startupRole: FOLLOWER
,id: "s0"
address: "localhost:42481"
dataStreamAddress: "localhost:43981"
clientAddress: "localhost:42743"
adminAddress: "localhost:44771"
startupRole: FOLLOWER
,id: "s1"
address: "localhost:44073"
dataStreamAddress: "localhost:35501"
clientAddress: "localhost:39477"
adminAddress: "localhost:36871"
startupRole: FOLLOWER
,id: "s2"
address: "localhost:38365"
dataStreamAddress: "localhost:38285"
clientAddress: "localhost:40537"
adminAddress: "localhost:35135"
startupRole: FOLLOWER
, old:)]
2022-09-14 11:47:13,923 [s4-server-thread2] INFO  server.RaftServer$Division (RaftServerImpl.java:checkInconsistentAppendEntries(1576)) - s4@group-12AB68C5691F: Failed appendEntries as the first entry (index 0) already exists (snapshotIndex: -1, commitIndex: 0)
2022-09-14 11:47:13,923 [s4-server-thread2] INFO  server.RaftServer$Division (RaftServerImpl.java:checkInconsistentAppendEntries(1556)) - s4@group-12AB68C5691F: inconsistency entries. Reply:s2<-s4#52:FAIL-t2,INCONSISTENCY,nextIndex=1,followerCommit=0,matchIndex=-1
2022-09-14 11:47:13,923 [s4-server-thread1] INFO  server.RaftServer$Division (RaftServerImpl.java:checkInconsistentAppendEntries(1586)) - s4@group-12AB68C5691F: Failed appendEntries as previous log entry ((t:2, i:0)) is not found
2022-09-14 11:47:13,923 [s4-server-thread1] INFO  server.RaftServer$Division (RaftServerImpl.java:checkInconsistentAppendEntries(1556)) - s4@group-12AB68C5691F: inconsistency entries. Reply:s2<-s4#46:FAIL-t2,INCONSISTENCY,nextIndex=0,followerCommit=0,matchIndex=-1
2022-09-14 11:47:13,924 [grpc-default-executor-19] INFO  leader.FollowerInfo (FollowerInfoImpl.java:lambda$new$0(48)) - s2@group-12AB68C5691F->s4: nextIndex: updateUnconditionally 1 -> 1
2022-09-14 11:47:13,924 [grpc-default-executor-39] INFO  leader.FollowerInfo (FollowerInfoImpl.java:lambda$new$0(48)) - s2@group-12AB68C5691F->s4: nextIndex: updateUnconditionally 1 -> 0
2022-09-14 11:47:13,925 [grpc-default-executor-46] INFO  leader.FollowerInfo (FollowerInfoImpl.java:lambda$new$0(48)) - s2@group-12AB68C5691F->s4: nextIndex: updateUnconditionally 1 -> 0
2022-09-14 11:47:13,925 [s4-server-thread2] DEBUG server.RaftServer$Division (RaftServerImpl.java:logAppendEntries(1405)) - s4@group-12AB68C5691F: receive appendEntries(s2, 2, null, 0, true, commits:[s2:c0, s3:c0, s4:c0, s0:c0, s1:c0], cId:53, entries: [(t:2, i:0), CONFIGURATIONENTRY(current:id: "s3"
address: "localhost:46799"
dataStreamAddress: "localhost:40281"
clientAddress: "localhost:46547"
adminAddress: "localhost:45171"
startupRole: FOLLOWER
,id: "s4"
address: "localhost:39419"
dataStreamAddress: "localhost:46687"
clientAddress: "localhost:41785"
adminAddress: "localhost:43995"
startupRole: FOLLOWER
,id: "s0"
address: "localhost:42481"
dataStreamAddress: "localhost:43981"
clientAddress: "localhost:42743"
adminAddress: "localhost:44771"
startupRole: FOLLOWER
,id: "s1"
address: "localhost:44073"
dataStreamAddress: "localhost:35501"
clientAddress: "localhost:39477"
adminAddress: "localhost:36871"
startupRole: FOLLOWER
,id: "s2"
address: "localhost:38365"
dataStreamAddress: "localhost:38285"
clientAddress: "localhost:40537"
adminAddress: "localhost:35135"
startupRole: FOLLOWER
, old:)]
2022-09-14 11:47:13,925 [s4-server-thread2] INFO  server.RaftServer$Division (RaftServerImpl.java:checkInconsistentAppendEntries(1576)) - s4@group-12AB68C5691F: Failed appendEntries as the first entry (index 0) already exists (snapshotIndex: -1, commitIndex: 0)
2022-09-14 11:47:13,926 [s4-server-thread2] INFO  server.RaftServer$Division (RaftServerImpl.java:checkInconsistentAppendEntries(1556)) - s4@group-12AB68C5691F: inconsistency entries. Reply:s2<-s4#53:FAIL-t2,INCONSISTENCY,nextIndex=1,followerCommit=0,matchIndex=-1
2022-09-14 11:47:13,926 [s4-server-thread1] INFO  server.RaftServer$Division (RaftServerImpl.java:checkInconsistentAppendEntries(1586)) - s4@group-12AB68C5691F: Failed appendEntries as previous log entry ((t:2, i:0)) is not found
2022-09-14 11:47:13,926 [s4-server-thread1] INFO  server.RaftServer$Division (RaftServerImpl.java:checkInconsistentAppendEntries(1556)) - s4@group-12AB68C5691F: inconsistency entries. Reply:s2<-s4#47:FAIL-t2,INCONSISTENCY,nextIndex=0,followerCommit=0,matchIndex=-1
2022-09-14 11:47:13,927 [grpc-default-executor-39] INFO  leader.FollowerInfo (FollowerInfoImpl.java:lambda$new$0(48)) - s2@group-12AB68C5691F->s4: nextIndex: updateUnconditionally 1 -> 1
2022-09-14 11:47:13,927 [grpc-default-executor-46] INFO  leader.FollowerInfo (FollowerInfoImpl.java:lambda$new$0(48)) - s2@group-12AB68C5691F->s4: nextIndex: updateUnconditionally 1 -> 0
2022-09-14 11:47:13,927 [s4-server-thread1] INFO  server.RaftServer$Division (RaftServerImpl.java:checkInconsistentAppendEntries(1586)) - s4@group-12AB68C5691F: Failed appendEntries as previous log entry ((t:2, i:0)) is not found
2022-09-14 11:47:13,927 [s4-server-thread1] INFO  server.RaftServer$Division (RaftServerImpl.java:checkInconsistentAppendEntries(1556)) - s4@group-12AB68C5691F: inconsistency entries. Reply:s2<-s4#48:FAIL-t2,INCONSISTENCY,nextIndex=0,followerCommit=0,matchIndex=-1
2022-09-14 11:47:13,928 [s4-server-thread2] DEBUG server.RaftServer$Division (RaftServerImpl.java:logAppendEntries(1405)) - s4@group-12AB68C5691F: receive appendEntries(s2, 2, null, 0, true, commits:[s2:c0, s3:c0, s4:c0, s0:c0, s1:c0], cId:54, entries: [(t:2, i:0), CONFIGURATIONENTRY(current:id: "s3"
address: "localhost:46799"
dataStreamAddress: "localhost:40281"
clientAddress: "localhost:46547"
adminAddress: "localhost:45171"
startupRole: FOLLOWER
,id: "s4"
address: "localhost:39419"
dataStreamAddress: "localhost:46687"
clientAddress: "localhost:41785"
adminAddress: "localhost:43995"
startupRole: FOLLOWER
,id: "s0"
address: "localhost:42481"
dataStreamAddress: "localhost:43981"
clientAddress: "localhost:42743"
adminAddress: "localhost:44771"
startupRole: FOLLOWER
,id: "s1"
address: "localhost:44073"
dataStreamAddress: "localhost:35501"
clientAddress: "localhost:39477"
adminAddress: "localhost:36871"
startupRole: FOLLOWER
,id: "s2"
address: "localhost:38365"
dataStreamAddress: "localhost:38285"
clientAddress: "localhost:40537"
adminAddress: "localhost:35135"
startupRole: FOLLOWER
, old:)]
2022-09-14 11:47:13,928 [s4-server-thread2] INFO  server.RaftServer$Division (RaftServerImpl.java:checkInconsistentAppendEntries(1576)) - s4@group-12AB68C5691F: Failed appendEntries as the first entry (index 0) already exists (snapshotIndex: -1, commitIndex: 0)
2022-09-14 11:47:13,928 [s4-server-thread2] INFO  server.RaftServer$Division (RaftServerImpl.java:checkInconsistentAppendEntries(1556)) - s4@group-12AB68C5691F: inconsistency entries. Reply:s2<-s4#54:FAIL-t2,INCONSISTENCY,nextIndex=1,followerCommit=0,matchIndex=-1
2022-09-14 11:47:13,929 [grpc-default-executor-46] INFO  leader.FollowerInfo (FollowerInfoImpl.java:lambda$new$0(48)) - s2@group-12AB68C5691F->s4: nextIndex: updateUnconditionally 1 -> 1
2022-09-14 11:47:13,929 [s4-server-thread2] INFO  server.RaftServer$Division (RaftServerImpl.java:checkInconsistentAppendEntries(1586)) - s4@group-12AB68C5691F: Failed appendEntries as previous log entry ((t:2, i:0)) is not found
2022-09-14 11:47:13,929 [s4-server-thread2] INFO  server.RaftServer$Division (RaftServerImpl.java:checkInconsistentAppendEntries(1556)) - s4@group-12AB68C5691F: inconsistency entries. Reply:s2<-s4#49:FAIL-t2,INCONSISTENCY,nextIndex=0,followerCommit=0,matchIndex=-1
2022-09-14 11:47:13,929 [grpc-default-executor-4] INFO  leader.FollowerInfo (FollowerInfoImpl.java:lambda$new$0(48)) - s2@group-12AB68C5691F->s4: nextIndex: updateUnconditionally 1 -> 0
2022-09-14 11:47:13,929 [s4-server-thread1] DEBUG server.RaftServer$Division (RaftServerImpl.java:logAppendEntries(1405)) - s4@group-12AB68C5691F: receive appendEntries(s2, 2, null, 0, true, commits:[s2:c0, s3:c0, s4:c0, s0:c0, s1:c0], cId:55, entries: [(t:2, i:0), CONFIGURATIONENTRY(current:id: "s3"
address: "localhost:46799"
dataStreamAddress: "localhost:40281"
clientAddress: "localhost:46547"
adminAddress: "localhost:45171"
startupRole: FOLLOWER
,id: "s4"
address: "localhost:39419"
dataStreamAddress: "localhost:46687"
clientAddress: "localhost:41785"
adminAddress: "localhost:43995"
startupRole: FOLLOWER
,id: "s0"
address: "localhost:42481"
dataStreamAddress: "localhost:43981"
clientAddress: "localhost:42743"
adminAddress: "localhost:44771"
startupRole: FOLLOWER
,id: "s1"
address: "localhost:44073"
dataStreamAddress: "localhost:35501"
clientAddress: "localhost:39477"
adminAddress: "localhost:36871"
startupRole: FOLLOWER
,id: "s2"
address: "localhost:38365"
dataStreamAddress: "localhost:38285"
clientAddress: "localhost:40537"
adminAddress: "localhost:35135"
startupRole: FOLLOWER
, old:)]
2022-09-14 11:47:13,929 [s4-server-thread1] INFO  server.RaftServer$Division (RaftServerImpl.java:checkInconsistentAppendEntries(1576)) - s4@group-12AB68C5691F: Failed appendEntries as the first entry (index 0) already exists (snapshotIndex: -1, commitIndex: 0)
2022-09-14 11:47:13,929 [s4-server-thread1] INFO  server.RaftServer$Division (RaftServerImpl.java:checkInconsistentAppendEntries(1556)) - s4@group-12AB68C5691F: inconsistency entries. Reply:s2<-s4#55:FAIL-t2,INCONSISTENCY,nextIndex=1,followerCommit=0,matchIndex=-1
2022-09-14 11:47:13,930 [grpc-default-executor-19] INFO  leader.FollowerInfo (FollowerInfoImpl.java:lambda$new$0(48)) - s2@group-12AB68C5691F->s4: nextIndex: updateUnconditionally 1 -> 1
2022-09-14 11:47:13,931 [s4-server-thread1] INFO  server.RaftServer$Division (RaftServerImpl.java:checkInconsistentAppendEntries(1586)) - s4@group-12AB68C5691F: Failed appendEntries as previous log entry ((t:2, i:0)) is not found
2022-09-14 11:47:13,931 [s4-server-thread1] INFO  server.RaftServer$Division (RaftServerImpl.java:checkInconsistentAppendEntries(1556)) - s4@group-12AB68C5691F: inconsistency entries. Reply:s2<-s4#50:FAIL-t2,INCONSISTENCY,nextIndex=0,followerCommit=0,matchIndex=-1
2022-09-14 11:47:13,932 [grpc-default-executor-4] INFO  leader.FollowerInfo (FollowerInfoImpl.java:lambda$new$0(48)) - s2@group-12AB68C5691F->s4: nextIndex: updateUnconditionally 1 -> 0
2022-09-14 11:47:13,932 [s4-server-thread2] DEBUG server.RaftServer$Division (RaftServerImpl.java:logAppendEntries(1405)) - s4@group-12AB68C5691F: receive appendEntries(s2, 2, null, 0, true, commits:[s2:c0, s3:c0, s4:c0, s0:c0, s1:c0], cId:56, entries: [(t:2, i:0), CONFIGURATIONENTRY(current:id: "s3"
address: "localhost:46799"
dataStreamAddress: "localhost:40281"
clientAddress: "localhost:46547"
adminAddress: "localhost:45171"
startupRole: FOLLOWER
,id: "s4"
address: "localhost:39419"
dataStreamAddress: "localhost:46687"
clientAddress: "localhost:41785"
adminAddress: "localhost:43995"
startupRole: FOLLOWER
,id: "s0"
address: "localhost:42481"
dataStreamAddress: "localhost:43981"
clientAddress: "localhost:42743"
adminAddress: "localhost:44771"
startupRole: FOLLOWER
,id: "s1"
address: "localhost:44073"
dataStreamAddress: "localhost:35501"
clientAddress: "localhost:39477"
adminAddress: "localhost:36871"
startupRole: FOLLOWER
,id: "s2"
address: "localhost:38365"
dataStreamAddress: "localhost:38285"
clientAddress: "localhost:40537"
adminAddress: "localhost:35135"
startupRole: FOLLOWER
, old:)]
2022-09-14 11:47:13,933 [grpc-default-executor-4] INFO  leader.FollowerInfo (FollowerInfoImpl.java:lambda$new$0(48)) - s2@group-12AB68C5691F->s4: nextIndex: updateUnconditionally 1 -> 0
2022-09-14 11:47:13,933 [s4-server-thread1] INFO  server.RaftServer$Division (RaftServerImpl.java:checkInconsistentAppendEntries(1586)) - s4@group-12AB68C5691F: Failed appendEntries as previous log entry ((t:2, i:0)) is not found
2022-09-14 11:47:13,933 [s4-server-thread1] INFO  server.RaftServer$Division (RaftServerImpl.java:checkInconsistentAppendEntries(1556)) - s4@group-12AB68C5691F: inconsistency entries. Reply:s2<-s4#51:FAIL-t2,INCONSISTENCY,nextIndex=0,followerCommit=0,matchIndex=-1
2022-09-14 11:47:13,933 [s4-server-thread2] INFO  server.RaftServer$Division (RaftServerImpl.java:checkInconsistentAppendEntries(1576)) - s4@group-12AB68C5691F: Failed appendEntries as the first entry (index 0) already exists (snapshotIndex: -1, commitIndex: 0)
2022-09-14 11:47:13,933 [s4-server-thread2] INFO  server.RaftServer$Division (RaftServerImpl.java:checkInconsistentAppendEntries(1556)) - s4@group-12AB68C5691F: inconsistency entries. Reply:s2<-s4#56:FAIL-t2,INCONSISTENCY,nextIndex=1,followerCommit=0,matchIndex=-1
2022-09-14 11:47:13,934 [grpc-default-executor-19] INFO  leader.FollowerInfo (FollowerInfoImpl.java:lambda$new$0(48)) - s2@group-12AB68C5691F->s4: nextIndex: updateUnconditionally 1 -> 1
2022-09-14 11:47:13,934 [grpc-default-executor-46] INFO  leader.FollowerInfo (FollowerInfoImpl.java:lambda$new$0(48)) - s2@group-12AB68C5691F->s4: nextIndex: updateUnconditionally 1 -> 0
2022-09-14 11:47:13,934 [s4-server-thread2] DEBUG server.RaftServer$Division (RaftServerImpl.java:logAppendEntries(1405)) - s4@group-12AB68C5691F: receive appendEntries(s2, 2, null, 0, true, commits:[s2:c0, s3:c0, s4:c0, s0:c0, s1:c0], cId:57, entries: [(t:2, i:0), CONFIGURATIONENTRY(current:id: "s3"
address: "localhost:46799"
dataStreamAddress: "localhost:40281"
clientAddress: "localhost:46547"
adminAddress: "localhost:45171"
startupRole: FOLLOWER
,id: "s4"
address: "localhost:39419"
dataStreamAddress: "localhost:46687"
clientAddress: "localhost:41785"
adminAddress: "localhost:43995"
startupRole: FOLLOWER
,id: "s0"
address: "localhost:42481"
dataStreamAddress: "localhost:43981"
clientAddress: "localhost:42743"
adminAddress: "localhost:44771"
startupRole: FOLLOWER
,id: "s1"
address: "localhost:44073"
dataStreamAddress: "localhost:35501"
clientAddress: "localhost:39477"
adminAddress: "localhost:36871"
startupRole: FOLLOWER
,id: "s2"
address: "localhost:38365"
dataStreamAddress: "localhost:38285"
clientAddress: "localhost:40537"
adminAddress: "localhost:35135"
startupRole: FOLLOWER
, old:)]
2022-09-14 11:47:13,934 [s4-server-thread2] INFO  server.RaftServer$Division (RaftServerImpl.java:checkInconsistentAppendEntries(1576)) - s4@group-12AB68C5691F: Failed appendEntries as the first entry (index 0) already exists (snapshotIndex: -1, commitIndex: 0)
2022-09-14 11:47:13,934 [s4-server-thread2] INFO  server.RaftServer$Division (RaftServerImpl.java:checkInconsistentAppendEntries(1556)) - s4@group-12AB68C5691F: inconsistency entries. Reply:s2<-s4#57:FAIL-t2,INCONSISTENCY,nextIndex=1,followerCommit=0,matchIndex=-1
2022-09-14 11:47:13,935 [grpc-default-executor-19] INFO  leader.FollowerInfo (FollowerInfoImpl.java:lambda$new$0(48)) - s2@group-12AB68C5691F->s4: nextIndex: updateUnconditionally 1 -> 1
2022-09-14 11:47:13,936 [s4-server-thread2] DEBUG server.RaftServer$Division (RaftServerImpl.java:logAppendEntries(1405)) - s4@group-12AB68C5691F: receive appendEntries(s2, 2, null, 0, true, commits:[s2:c0, s3:c0, s4:c0, s0:c0, s1:c0], cId:58, entries: [(t:2, i:0), CONFIGURATIONENTRY(current:id: "s3"
address: "localhost:46799"
dataStreamAddress: "localhost:40281"
clientAddress: "localhost:46547"
adminAddress: "localhost:45171"
startupRole: FOLLOWER
,id: "s4"
address: "localhost:39419"
dataStreamAddress: "localhost:46687"
clientAddress: "localhost:41785"
adminAddress: "localhost:43995"
startupRole: FOLLOWER
,id: "s0"
address: "localhost:42481"
dataStreamAddress: "localhost:43981"
clientAddress: "localhost:42743"
adminAddress: "localhost:44771"
startupRole: FOLLOWER
,id: "s1"
address: "localhost:44073"
dataStreamAddress: "localhost:35501"
clientAddress: "localhost:39477"
adminAddress: "localhost:36871"
startupRole: FOLLOWER
,id: "s2"
address: "localhost:38365"
dataStreamAddress: "localhost:38285"
clientAddress: "localhost:40537"
adminAddress: "localhost:35135"
startupRole: FOLLOWER
, old:)]
2022-09-14 11:47:13,936 [s4-server-thread2] INFO  server.RaftServer$Division (RaftServerImpl.java:checkInconsistentAppendEntries(1576)) - s4@group-12AB68C5691F: Failed appendEntries as the first entry (index 0) already exists (snapshotIndex: -1, commitIndex: 0)
2022-09-14 11:47:13,936 [s4-server-thread2] INFO  server.RaftServer$Division (RaftServerImpl.java:checkInconsistentAppendEntries(1556)) - s4@group-12AB68C5691F: inconsistency entries. Reply:s2<-s4#58:FAIL-t2,INCONSISTENCY,nextIndex=1,followerCommit=0,matchIndex=-1
2022-09-14 11:47:13,936 [grpc-default-executor-19] INFO  leader.FollowerInfo (FollowerInfoImpl.java:lambda$new$0(48)) - s2@group-12AB68C5691F->s4: nextIndex: updateUnconditionally 1 -> 1
2022-09-14 11:47:13,937 [s4-server-thread2] DEBUG server.RaftServer$Division (RaftServerImpl.java:logAppendEntries(1405)) - s4@group-12AB68C5691F: receive appendEntries(s2, 2, null, 0, true, commits:[s2:c0, s3:c0, s4:c0, s0:c0, s1:c0], cId:59, entries: [(t:2, i:0), CONFIGURATIONENTRY(current:id: "s3"
address: "localhost:46799"
dataStreamAddress: "localhost:40281"
clientAddress: "localhost:46547"
adminAddress: "localhost:45171"
startupRole: FOLLOWER
,id: "s4"
address: "localhost:39419"
dataStreamAddress: "localhost:46687"
clientAddress: "localhost:41785"
adminAddress: "localhost:43995"
startupRole: FOLLOWER
,id: "s0"
address: "localhost:42481"
dataStreamAddress: "localhost:43981"
clientAddress: "localhost:42743"
adminAddress: "localhost:44771"
startupRole: FOLLOWER
,id: "s1"
address: "localhost:44073"
dataStreamAddress: "localhost:35501"
clientAddress: "localhost:39477"
adminAddress: "localhost:36871"
startupRole: FOLLOWER
,id: "s2"
address: "localhost:38365"
dataStreamAddress: "localhost:38285"
clientAddress: "localhost:40537"
adminAddress: "localhost:35135"
startupRole: FOLLOWER
, old:)]
2022-09-14 11:47:13,937 [s4-server-thread2] INFO  server.RaftServer$Division (RaftServerImpl.java:checkInconsistentAppendEntries(1576)) - s4@group-12AB68C5691F: Failed appendEntries as the first entry (index 0) already exists (snapshotIndex: -1, commitIndex: 0)
2022-09-14 11:47:13,937 [s4-server-thread2] INFO  server.RaftServer$Division (RaftServerImpl.java:checkInconsistentAppendEntries(1556)) - s4@group-12AB68C5691F: inconsistency entries. Reply:s2<-s4#59:FAIL-t2,INCONSISTENCY,nextIndex=1,followerCommit=0,matchIndex=-1
2022-09-14 11:47:13,938 [grpc-default-executor-19] INFO  leader.FollowerInfo (FollowerInfoImpl.java:lambda$new$0(48)) - s2@group-12AB68C5691F->s4: nextIndex: updateUnconditionally 1 -> 1
2022-09-14 11:47:14,013 [s4-server-thread2] INFO  server.RaftServer$Division (RaftServerImpl.java:checkInconsistentAppendEntries(1586)) - s4@group-12AB68C5691F: Failed appendEntries as previous log entry ((t:2, i:0)) is not found
2022-09-14 11:47:14,014 [s4-server-thread2] INFO  server.RaftServer$Division (RaftServerImpl.java:checkInconsistentAppendEntries(1556)) - s4@group-12AB68C5691F: inconsistency entries. Reply:s2<-s4#60:FAIL-t2,INCONSISTENCY,nextIndex=0,followerCommit=0,matchIndex=-1
2022-09-14 11:47:14,014 [grpc-default-executor-46] INFO  leader.FollowerInfo (FollowerInfoImpl.java:lambda$new$0(48)) - s2@group-12AB68C5691F->s4: nextIndex: updateUnconditionally 1 -> 0
2022-09-14 11:47:14,015 [s4-server-thread2] DEBUG server.RaftServer$Division (RaftServerImpl.java:logAppendEntries(1405)) - s4@group-12AB68C5691F: receive appendEntries(s2, 2, null, 0, true, commits:[s2:c0, s3:c0, s4:c0, s0:c0, s1:c0], cId:61, entries: [(t:2, i:0), CONFIGURATIONENTRY(current:id: "s3"
address: "localhost:46799"
dataStreamAddress: "localhost:40281"
clientAddress: "localhost:46547"
adminAddress: "localhost:45171"
startupRole: FOLLOWER
,id: "s4"
address: "localhost:39419"
dataStreamAddress: "localhost:46687"
clientAddress: "localhost:41785"
adminAddress: "localhost:43995"
startupRole: FOLLOWER
,id: "s0"
address: "localhost:42481"
dataStreamAddress: "localhost:43981"
clientAddress: "localhost:42743"
adminAddress: "localhost:44771"
startupRole: FOLLOWER
,id: "s1"
address: "localhost:44073"
dataStreamAddress: "localhost:35501"
clientAddress: "localhost:39477"
adminAddress: "localhost:36871"
startupRole: FOLLOWER
,id: "s2"
address: "localhost:38365"
dataStreamAddress: "localhost:38285"
clientAddress: "localhost:40537"
adminAddress: "localhost:35135"
startupRole: FOLLOWER
, old:)]
2022-09-14 11:47:14,015 [s4-server-thread2] INFO  server.RaftServer$Division (RaftServerImpl.java:checkInconsistentAppendEntries(1576)) - s4@group-12AB68C5691F: Failed appendEntries as the first entry (index 0) already exists (snapshotIndex: -1, commitIndex: 0)
2022-09-14 11:47:14,015 [s4-server-thread2] INFO  server.RaftServer$Division (RaftServerImpl.java:checkInconsistentAppendEntries(1556)) - s4@group-12AB68C5691F: inconsistency entries. Reply:s2<-s4#61:FAIL-t2,INCONSISTENCY,nextIndex=1,followerCommit=0,matchIndex=-1
2022-09-14 11:47:14,016 [grpc-default-executor-46] INFO  leader.FollowerInfo (FollowerInfoImpl.java:lambda$new$0(48)) - s2@group-12AB68C5691F->s4: nextIndex: updateUnconditionally 1 -> 1
2022-09-14 11:47:14,093 [s4-server-thread2] INFO  server.RaftServer$Division (RaftServerImpl.java:checkInconsistentAppendEntries(1586)) - s4@group-12AB68C5691F: Failed appendEntries as previous log entry ((t:2, i:0)) is not found
2022-09-14 11:47:14,093 [s4-server-thread2] INFO  server.RaftServer$Division (RaftServerImpl.java:checkInconsistentAppendEntries(1556)) - s4@group-12AB68C5691F: inconsistency entries. Reply:s2<-s4#62:FAIL-t2,INCONSISTENCY,nextIndex=0,followerCommit=0,matchIndex=-1
2022-09-14 11:47:14,094 [grpc-default-executor-46] INFO  leader.FollowerInfo (FollowerInfoImpl.java:lambda$new$0(48)) - s2@group-12AB68C5691F->s4: nextIndex: updateUnconditionally 1 -> 0
2022-09-14 11:47:14,096 [s4-server-thread2] DEBUG server.RaftServer$Division (RaftServerImpl.java:logAppendEntries(1405)) - s4@group-12AB68C5691F: receive appendEntries(s2, 2, null, 0, true, commits:[s2:c0, s3:c0, s4:c0, s0:c0, s1:c0], cId:63, entries: [(t:2, i:0), CONFIGURATIONENTRY(current:id: "s3"
address: "localhost:46799"
dataStreamAddress: "localhost:40281"
clientAddress: "localhost:46547"
adminAddress: "localhost:45171"
startupRole: FOLLOWER
,id: "s4"
address: "localhost:39419"
dataStreamAddress: "localhost:46687"
clientAddress: "localhost:41785"
adminAddress: "localhost:43995"
startupRole: FOLLOWER
,id: "s0"
address: "localhost:42481"
dataStreamAddress: "localhost:43981"
clientAddress: "localhost:42743"
adminAddress: "localhost:44771"
startupRole: FOLLOWER
,id: "s1"
address: "localhost:44073"
dataStreamAddress: "localhost:35501"
clientAddress: "localhost:39477"
adminAddress: "localhost:36871"
startupRole: FOLLOWER
,id: "s2"
address: "localhost:38365"
dataStreamAddress: "localhost:38285"
clientAddress: "localhost:40537"
adminAddress: "localhost:35135"
startupRole: FOLLOWER
, old:)]
2022-09-14 11:47:14,096 [s4-server-thread2] INFO  server.RaftServer$Division (RaftServerImpl.java:checkInconsistentAppendEntries(1576)) - s4@group-12AB68C5691F: Failed appendEntries as the first entry (index 0) already exists (snapshotIndex: -1, commitIndex: 0)
2022-09-14 11:47:14,096 [s4-server-thread2] INFO  server.RaftServer$Division (RaftServerImpl.java:checkInconsistentAppendEntries(1556)) - s4@group-12AB68C5691F: inconsistency entries. Reply:s2<-s4#63:FAIL-t2,INCONSISTENCY,nextIndex=1,followerCommit=0,matchIndex=-1
2022-09-14 11:47:14,098 [grpc-default-executor-46] INFO  leader.FollowerInfo (FollowerInfoImpl.java:lambda$new$0(48)) - s2@group-12AB68C5691F->s4: nextIndex: updateUnconditionally 1 -> 1
2022-09-14 11:47:14,175 [s4-server-thread2] INFO  server.RaftServer$Division (RaftServerImpl.java:checkInconsistentAppendEntries(1586)) - s4@group-12AB68C5691F: Failed appendEntries as previous log entry ((t:2, i:0)) is not found
2022-09-14 11:47:14,175 [s4-server-thread2] INFO  server.RaftServer$Division (RaftServerImpl.java:checkInconsistentAppendEntries(1556)) - s4@group-12AB68C5691F: inconsistency entries. Reply:s2<-s4#64:FAIL-t2,INCONSISTENCY,nextIndex=0,followerCommit=0,matchIndex=-1
2022-09-14 11:47:14,175 [grpc-default-executor-46] INFO  leader.FollowerInfo (FollowerInfoImpl.java:lambda$new$0(48)) - s2@group-12AB68C5691F->s4: nextIndex: updateUnconditionally 1 -> 0
2022-09-14 11:47:14,177 [s4-server-thread2] DEBUG server.RaftServer$Division (RaftServerImpl.java:logAppendEntries(1405)) - s4@group-12AB68C5691F: receive appendEntries(s2, 2, null, 0, true, commits:[s2:c0, s3:c0, s4:c0, s0:c0, s1:c0], cId:65, entries: [(t:2, i:0), CONFIGURATIONENTRY(current:id: "s3"
address: "localhost:46799"
dataStreamAddress: "localhost:40281"
clientAddress: "localhost:46547"
adminAddress: "localhost:45171"
startupRole: FOLLOWER
,id: "s4"
address: "localhost:39419"
dataStreamAddress: "localhost:46687"
clientAddress: "localhost:41785"
adminAddress: "localhost:43995"
startupRole: FOLLOWER
,id: "s0"
address: "localhost:42481"
dataStreamAddress: "localhost:43981"
clientAddress: "localhost:42743"
adminAddress: "localhost:44771"
startupRole: FOLLOWER
,id: "s1"
address: "localhost:44073"
dataStreamAddress: "localhost:35501"
clientAddress: "localhost:39477"
adminAddress: "localhost:36871"
startupRole: FOLLOWER
,id: "s2"
address: "localhost:38365"
dataStreamAddress: "localhost:38285"
clientAddress: "localhost:40537"
adminAddress: "localhost:35135"
startupRole: FOLLOWER
, old:)]
2022-09-14 11:47:14,177 [s4-server-thread2] INFO  server.RaftServer$Division (RaftServerImpl.java:checkInconsistentAppendEntries(1576)) - s4@group-12AB68C5691F: Failed appendEntries as the first entry (index 0) already exists (snapshotIndex: -1, commitIndex: 0)
2022-09-14 11:47:14,177 [s4-server-thread2] INFO  server.RaftServer$Division (RaftServerImpl.java:checkInconsistentAppendEntries(1556)) - s4@group-12AB68C5691F: inconsistency entries. Reply:s2<-s4#65:FAIL-t2,INCONSISTENCY,nextIndex=1,followerCommit=0,matchIndex=-1
2022-09-14 11:47:14,177 [grpc-default-executor-46] INFO  leader.FollowerInfo (FollowerInfoImpl.java:lambda$new$0(48)) - s2@group-12AB68C5691F->s4: nextIndex: updateUnconditionally 1 -> 1
2022-09-14 11:47:14,253 [s4-server-thread2] INFO  server.RaftServer$Division (RaftServerImpl.java:checkInconsistentAppendEntries(1586)) - s4@group-12AB68C5691F: Failed appendEntries as previous log entry ((t:2, i:0)) is not found
2022-09-14 11:47:14,253 [s4-server-thread2] INFO  server.RaftServer$Division (RaftServerImpl.java:checkInconsistentAppendEntries(1556)) - s4@group-12AB68C5691F: inconsistency entries. Reply:s2<-s4#66:FAIL-t2,INCONSISTENCY,nextIndex=0,followerCommit=0,matchIndex=-1
2022-09-14 11:47:14,254 [grpc-default-executor-46] INFO  leader.FollowerInfo (FollowerInfoImpl.java:lambda$new$0(48)) - s2@group-12AB68C5691F->s4: nextIndex: updateUnconditionally 1 -> 0
2022-09-14 11:47:14,255 [s4-server-thread2] DEBUG server.RaftServer$Division (RaftServerImpl.java:logAppendEntries(1405)) - s4@group-12AB68C5691F: receive appendEntries(s2, 2, null, 0, true, commits:[s2:c0, s3:c0, s4:c0, s0:c0, s1:c0], cId:67, entries: [(t:2, i:0), CONFIGURATIONENTRY(current:id: "s3"
address: "localhost:46799"
dataStreamAddress: "localhost:40281"
clientAddress: "localhost:46547"
adminAddress: "localhost:45171"
startupRole: FOLLOWER
,id: "s4"
address: "localhost:39419"
dataStreamAddress: "localhost:46687"
clientAddress: "localhost:41785"
adminAddress: "localhost:43995"
startupRole: FOLLOWER
,id: "s0"
address: "localhost:42481"
dataStreamAddress: "localhost:43981"
clientAddress: "localhost:42743"
adminAddress: "localhost:44771"
startupRole: FOLLOWER
,id: "s1"
address: "localhost:44073"
dataStreamAddress: "localhost:35501"
clientAddress: "localhost:39477"
adminAddress: "localhost:36871"
startupRole: FOLLOWER
,id: "s2"
address: "localhost:38365"
dataStreamAddress: "localhost:38285"
clientAddress: "localhost:40537"
adminAddress: "localhost:35135"
startupRole: FOLLOWER
, old:)]
2022-09-14 11:47:14,256 [s4-server-thread2] INFO  server.RaftServer$Division (RaftServerImpl.java:checkInconsistentAppendEntries(1576)) - s4@group-12AB68C5691F: Failed appendEntries as the first entry (index 0) already exists (snapshotIndex: -1, commitIndex: 0)
2022-09-14 11:47:14,256 [s4-server-thread2] INFO  server.RaftServer$Division (RaftServerImpl.java:checkInconsistentAppendEntries(1556)) - s4@group-12AB68C5691F: inconsistency entries. Reply:s2<-s4#67:FAIL-t2,INCONSISTENCY,nextIndex=1,followerCommit=0,matchIndex=-1
2022-09-14 11:47:14,256 [grpc-default-executor-46] INFO  leader.FollowerInfo (FollowerInfoImpl.java:lambda$new$0(48)) - s2@group-12AB68C5691F->s4: nextIndex: updateUnconditionally 1 -> 1
2022-09-14 11:47:14,332 [s4-server-thread2] INFO  server.RaftServer$Division (RaftServerImpl.java:checkInconsistentAppendEntries(1586)) - s4@group-12AB68C5691F: Failed appendEntries as previous log entry ((t:2, i:0)) is not found
2022-09-14 11:47:14,333 [s4-server-thread2] INFO  server.RaftServer$Division (RaftServerImpl.java:checkInconsistentAppendEntries(1556)) - s4@group-12AB68C5691F: inconsistency entries. Reply:s2<-s4#68:FAIL-t2,INCONSISTENCY,nextIndex=0,followerCommit=0,matchIndex=-1
2022-09-14 11:47:14,333 [grpc-default-executor-46] INFO  leader.FollowerInfo (FollowerInfoImpl.java:lambda$new$0(48)) - s2@group-12AB68C5691F->s4: nextIndex: updateUnconditionally 1 -> 0
2022-09-14 11:47:14,334 [s4-server-thread2] DEBUG server.RaftServer$Division (RaftServerImpl.java:logAppendEntries(1405)) - s4@group-12AB68C5691F: receive appendEntries(s2, 2, null, 0, true, commits:[s2:c0, s3:c0, s4:c0, s0:c0, s1:c0], cId:69, entries: [(t:2, i:0), CONFIGURATIONENTRY(current:id: "s3"
address: "localhost:46799"
dataStreamAddress: "localhost:40281"
clientAddress: "localhost:46547"
adminAddress: "localhost:45171"
startupRole: FOLLOWER
,id: "s4"
address: "localhost:39419"
dataStreamAddress: "localhost:46687"
clientAddress: "localhost:41785"
adminAddress: "localhost:43995"
startupRole: FOLLOWER
,id: "s0"
address: "localhost:42481"
dataStreamAddress: "localhost:43981"
clientAddress: "localhost:42743"
adminAddress: "localhost:44771"
startupRole: FOLLOWER
,id: "s1"
address: "localhost:44073"
dataStreamAddress: "localhost:35501"
clientAddress: "localhost:39477"
adminAddress: "localhost:36871"
startupRole: FOLLOWER
,id: "s2"
address: "localhost:38365"
dataStreamAddress: "localhost:38285"
clientAddress: "localhost:40537"
adminAddress: "localhost:35135"
startupRole: FOLLOWER
, old:)]
2022-09-14 11:47:14,334 [s4-server-thread2] INFO  server.RaftServer$Division (RaftServerImpl.java:checkInconsistentAppendEntries(1576)) - s4@group-12AB68C5691F: Failed appendEntries as the first entry (index 0) already exists (snapshotIndex: -1, commitIndex: 0)
2022-09-14 11:47:14,335 [s4-server-thread2] INFO  server.RaftServer$Division (RaftServerImpl.java:checkInconsistentAppendEntries(1556)) - s4@group-12AB68C5691F: inconsistency entries. Reply:s2<-s4#69:FAIL-t2,INCONSISTENCY,nextIndex=1,followerCommit=0,matchIndex=-1
2022-09-14 11:47:14,335 [grpc-default-executor-19] INFO  leader.FollowerInfo (FollowerInfoImpl.java:lambda$new$0(48)) - s2@group-12AB68C5691F->s4: nextIndex: updateUnconditionally 1 -> 1
2022-09-14 11:47:14,412 [s4-server-thread2] INFO  server.RaftServer$Division (RaftServerImpl.java:checkInconsistentAppendEntries(1586)) - s4@group-12AB68C5691F: Failed appendEntries as previous log entry ((t:2, i:0)) is not found
2022-09-14 11:47:14,412 [s4-server-thread2] INFO  server.RaftServer$Division (RaftServerImpl.java:checkInconsistentAppendEntries(1556)) - s4@group-12AB68C5691F: inconsistency entries. Reply:s2<-s4#70:FAIL-t2,INCONSISTENCY,nextIndex=0,followerCommit=0,matchIndex=-1
2022-09-14 11:47:14,413 [grpc-default-executor-19] INFO  leader.FollowerInfo (FollowerInfoImpl.java:lambda$new$0(48)) - s2@group-12AB68C5691F->s4: nextIndex: updateUnconditionally 1 -> 0
2022-09-14 11:47:14,414 [s4-server-thread2] DEBUG server.RaftServer$Division (RaftServerImpl.java:logAppendEntries(1405)) - s4@group-12AB68C5691F: receive appendEntries(s2, 2, null, 0, true, commits:[s2:c0, s3:c0, s4:c0, s0:c0, s1:c0], cId:71, entries: [(t:2, i:0), CONFIGURATIONENTRY(current:id: "s3"
address: "localhost:46799"
dataStreamAddress: "localhost:40281"
clientAddress: "localhost:46547"
adminAddress: "localhost:45171"
startupRole: FOLLOWER
,id: "s4"
address: "localhost:39419"
dataStreamAddress: "localhost:46687"
clientAddress: "localhost:41785"
adminAddress: "localhost:43995"
startupRole: FOLLOWER
,id: "s0"
address: "localhost:42481"
dataStreamAddress: "localhost:43981"
clientAddress: "localhost:42743"
adminAddress: "localhost:44771"
startupRole: FOLLOWER
,id: "s1"
address: "localhost:44073"
dataStreamAddress: "localhost:35501"
clientAddress: "localhost:39477"
adminAddress: "localhost:36871"
startupRole: FOLLOWER
,id: "s2"
address: "localhost:38365"
dataStreamAddress: "localhost:38285"
clientAddress: "localhost:40537"
adminAddress: "localhost:35135"
startupRole: FOLLOWER
, old:)]
2022-09-14 11:47:14,414 [s4-server-thread2] INFO  server.RaftServer$Division (RaftServerImpl.java:checkInconsistentAppendEntries(1576)) - s4@group-12AB68C5691F: Failed appendEntries as the first entry (index 0) already exists (snapshotIndex: -1, commitIndex: 0)
2022-09-14 11:47:14,414 [s4-server-thread2] INFO  server.RaftServer$Division (RaftServerImpl.java:checkInconsistentAppendEntries(1556)) - s4@group-12AB68C5691F: inconsistency entries. Reply:s2<-s4#71:FAIL-t2,INCONSISTENCY,nextIndex=1,followerCommit=0,matchIndex=-1
2022-09-14 11:47:14,414 [grpc-default-executor-19] INFO  leader.FollowerInfo (FollowerInfoImpl.java:lambda$new$0(48)) - s2@group-12AB68C5691F->s4: nextIndex: updateUnconditionally 1 -> 1
2022-09-14 11:47:14,490 [s4-server-thread2] INFO  server.RaftServer$Division (RaftServerImpl.java:checkInconsistentAppendEntries(1586)) - s4@group-12AB68C5691F: Failed appendEntries as previous log entry ((t:2, i:0)) is not found
2022-09-14 11:47:14,491 [s4-server-thread2] INFO  server.RaftServer$Division (RaftServerImpl.java:checkInconsistentAppendEntries(1556)) - s4@group-12AB68C5691F: inconsistency entries. Reply:s2<-s4#72:FAIL-t2,INCONSISTENCY,nextIndex=0,followerCommit=0,matchIndex=-1
2022-09-14 11:47:14,491 [grpc-default-executor-46] INFO  leader.FollowerInfo (FollowerInfoImpl.java:lambda$new$0(48)) - s2@group-12AB68C5691F->s4: nextIndex: updateUnconditionally 1 -> 0
2022-09-14 11:47:14,492 [s4-server-thread2] DEBUG server.RaftServer$Division (RaftServerImpl.java:logAppendEntries(1405)) - s4@group-12AB68C5691F: receive appendEntries(s2, 2, null, 0, true, commits:[s2:c0, s3:c0, s4:c0, s0:c0, s1:c0], cId:73, entries: [(t:2, i:0), CONFIGURATIONENTRY(current:id: "s3"
address: "localhost:46799"
dataStreamAddress: "localhost:40281"
clientAddress: "localhost:46547"
adminAddress: "localhost:45171"
startupRole: FOLLOWER
,id: "s4"
address: "localhost:39419"
dataStreamAddress: "localhost:46687"
clientAddress: "localhost:41785"
adminAddress: "localhost:43995"
startupRole: FOLLOWER
,id: "s0"
address: "localhost:42481"
dataStreamAddress: "localhost:43981"
clientAddress: "localhost:42743"
adminAddress: "localhost:44771"
startupRole: FOLLOWER
,id: "s1"
address: "localhost:44073"
dataStreamAddress: "localhost:35501"
clientAddress: "localhost:39477"
adminAddress: "localhost:36871"
startupRole: FOLLOWER
,id: "s2"
address: "localhost:38365"
dataStreamAddress: "localhost:38285"
clientAddress: "localhost:40537"
adminAddress: "localhost:35135"
startupRole: FOLLOWER
, old:)]
2022-09-14 11:47:14,492 [s4-server-thread2] INFO  server.RaftServer$Division (RaftServerImpl.java:checkInconsistentAppendEntries(1576)) - s4@group-12AB68C5691F: Failed appendEntries as the first entry (index 0) already exists (snapshotIndex: -1, commitIndex: 0)
2022-09-14 11:47:14,492 [s4-server-thread2] INFO  server.RaftServer$Division (RaftServerImpl.java:checkInconsistentAppendEntries(1556)) - s4@group-12AB68C5691F: inconsistency entries. Reply:s2<-s4#73:FAIL-t2,INCONSISTENCY,nextIndex=1,followerCommit=0,matchIndex=-1
2022-09-14 11:47:14,493 [grpc-default-executor-46] INFO  leader.FollowerInfo (FollowerInfoImpl.java:lambda$new$0(48)) - s2@group-12AB68C5691F->s4: nextIndex: updateUnconditionally 1 -> 1
2022-09-14 11:47:14,569 [s4-server-thread2] INFO  server.RaftServer$Division (RaftServerImpl.java:checkInconsistentAppendEntries(1586)) - s4@group-12AB68C5691F: Failed appendEntries as previous log entry ((t:2, i:0)) is not found
2022-09-14 11:47:14,569 [s4-server-thread2] INFO  server.RaftServer$Division (RaftServerImpl.java:checkInconsistentAppendEntries(1556)) - s4@group-12AB68C5691F: inconsistency entries. Reply:s2<-s4#74:FAIL-t2,INCONSISTENCY,nextIndex=0,followerCommit=0,matchIndex=-1
2022-09-14 11:47:14,569 [grpc-default-executor-46] INFO  leader.FollowerInfo (FollowerInfoImpl.java:lambda$new$0(48)) - s2@group-12AB68C5691F->s4: nextIndex: updateUnconditionally 1 -> 0
2022-09-14 11:47:14,570 [s4-server-thread2] DEBUG server.RaftServer$Division (RaftServerImpl.java:logAppendEntries(1405)) - s4@group-12AB68C5691F: receive appendEntries(s2, 2, null, 0, true, commits:[s2:c0, s3:c0, s4:c0, s0:c0, s1:c0], cId:75, entries: [(t:2, i:0), CONFIGURATIONENTRY(current:id: "s3"
address: "localhost:46799"
dataStreamAddress: "localhost:40281"
clientAddress: "localhost:46547"
adminAddress: "localhost:45171"
startupRole: FOLLOWER
,id: "s4"
address: "localhost:39419"
dataStreamAddress: "localhost:46687"
clientAddress: "localhost:41785"
adminAddress: "localhost:43995"
startupRole: FOLLOWER
,id: "s0"
address: "localhost:42481"
dataStreamAddress: "localhost:43981"
clientAddress: "localhost:42743"
adminAddress: "localhost:44771"
startupRole: FOLLOWER
,id: "s1"
address: "localhost:44073"
dataStreamAddress: "localhost:35501"
clientAddress: "localhost:39477"
adminAddress: "localhost:36871"
startupRole: FOLLOWER
,id: "s2"
address: "localhost:38365"
dataStreamAddress: "localhost:38285"
clientAddress: "localhost:40537"
adminAddress: "localhost:35135"
startupRole: FOLLOWER
, old:)]
2022-09-14 11:47:14,570 [s4-server-thread2] INFO  server.RaftServer$Division (RaftServerImpl.java:checkInconsistentAppendEntries(1576)) - s4@group-12AB68C5691F: Failed appendEntries as the first entry (index 0) already exists (snapshotIndex: -1, commitIndex: 0)
2022-09-14 11:47:14,571 [s4-server-thread2] INFO  server.RaftServer$Division (RaftServerImpl.java:checkInconsistentAppendEntries(1556)) - s4@group-12AB68C5691F: inconsistency entries. Reply:s2<-s4#75:FAIL-t2,INCONSISTENCY,nextIndex=1,followerCommit=0,matchIndex=-1
2022-09-14 11:47:14,571 [grpc-default-executor-46] INFO  leader.FollowerInfo (FollowerInfoImpl.java:lambda$new$0(48)) - s2@group-12AB68C5691F->s4: nextIndex: updateUnconditionally 1 -> 1
2022-09-14 11:47:14,619 [Time-limited test] INFO  grpc.TestLeaderElectionWithGrpc (LeaderElectionTests.java:enforceLeader(292)) - try enforcing leader to s4 but new leader is s2
2022-09-14 11:47:14,619 [Time-limited test] INFO  server.RaftServerConfigKeys (ConfUtils.java:logGet(46)) - raft.server.rpc.timeout.max = 300ms (default)
2022-09-14 11:47:14,630 [s2@group-12AB68C5691F->s1-GrpcLogAppender-LogAppenderDaemon] INFO  util.CodeInjectionForTesting (DelayLocalExecutionInjection.java:execute(65)) - s2 delay 150 ms, args=[serverRequest {
  requestorId: "s2"
  replyId: "s1"
  raftGroupId {
    id: "\326\216l\301\220x@5\222b\022\253h\305i\037"
  }
  callId: 42
  slidingWindowEntry {
  }
}
leaderTerm: 2
previousLog {
  term: 2
}
initializing: true
commitInfos {
  server {
    id: "s2"
    address: "localhost:38365"
    dataStreamAddress: "localhost:38285"
    clientAddress: "localhost:40537"
    adminAddress: "localhost:35135"
    startupRole: FOLLOWER
  }
}
commitInfos {
  server {
    id: "s3"
    address: "localhost:46799"
    dataStreamAddress: "localhost:40281"
    clientAddress: "localhost:46547"
    adminAddress: "localhost:45171"
    startupRole: FOLLOWER
  }
}
commitInfos {
  server {
    id: "s4"
    address: "localhost:39419"
    dataStreamAddress: "localhost:46687"
    clientAddress: "localhost:41785"
    adminAddress: "localhost:43995"
    startupRole: FOLLOWER
  }
}
commitInfos {
  server {
    id: "s0"
    address: "localhost:42481"
    dataStreamAddress: "localhost:43981"
    clientAddress: "localhost:42743"
    adminAddress: "localhost:44771"
    startupRole: FOLLOWER
  }
}
commitInfos {
  server {
    id: "s1"
    address: "localhost:44073"
    dataStreamAddress: "localhost:35501"
    clientAddress: "localhost:39477"
    adminAddress: "localhost:36871"
    startupRole: FOLLOWER
  }
}
]
2022-09-14 11:47:14,631 [s2@group-12AB68C5691F->s3-GrpcLogAppender-LogAppenderDaemon] INFO  util.CodeInjectionForTesting (DelayLocalExecutionInjection.java:execute(65)) - s2 delay 150 ms, args=[serverRequest {
  requestorId: "s2"
  replyId: "s3"
  raftGroupId {
    id: "\326\216l\301\220x@5\222b\022\253h\305i\037"
  }
  callId: 51
  slidingWindowEntry {
  }
}
leaderTerm: 2
previousLog {
  term: 2
}
initializing: true
commitInfos {
  server {
    id: "s2"
    address: "localhost:38365"
    dataStreamAddress: "localhost:38285"
    clientAddress: "localhost:40537"
    adminAddress: "localhost:35135"
    startupRole: FOLLOWER
  }
}
commitInfos {
  server {
    id: "s3"
    address: "localhost:46799"
    dataStreamAddress: "localhost:40281"
    clientAddress: "localhost:46547"
    adminAddress: "localhost:45171"
    startupRole: FOLLOWER
  }
}
commitInfos {
  server {
    id: "s4"
    address: "localhost:39419"
    dataStreamAddress: "localhost:46687"
    clientAddress: "localhost:41785"
    adminAddress: "localhost:43995"
    startupRole: FOLLOWER
  }
}
commitInfos {
  server {
    id: "s0"
    address: "localhost:42481"
    dataStreamAddress: "localhost:43981"
    clientAddress: "localhost:42743"
    adminAddress: "localhost:44771"
    startupRole: FOLLOWER
  }
}
commitInfos {
  server {
    id: "s1"
    address: "localhost:44073"
    dataStreamAddress: "localhost:35501"
    clientAddress: "localhost:39477"
    adminAddress: "localhost:36871"
    startupRole: FOLLOWER
  }
}
]
2022-09-14 11:47:14,635 [s2@group-12AB68C5691F->s0-GrpcLogAppender-LogAppenderDaemon] INFO  util.CodeInjectionForTesting (DelayLocalExecutionInjection.java:execute(65)) - s2 delay 150 ms, args=[serverRequest {
  requestorId: "s2"
  replyId: "s0"
  raftGroupId {
    id: "\326\216l\301\220x@5\222b\022\253h\305i\037"
  }
  callId: 42
  slidingWindowEntry {
  }
}
leaderTerm: 2
previousLog {
  term: 2
}
initializing: true
commitInfos {
  server {
    id: "s2"
    address: "localhost:38365"
    dataStreamAddress: "localhost:38285"
    clientAddress: "localhost:40537"
    adminAddress: "localhost:35135"
    startupRole: FOLLOWER
  }
}
commitInfos {
  server {
    id: "s3"
    address: "localhost:46799"
    dataStreamAddress: "localhost:40281"
    clientAddress: "localhost:46547"
    adminAddress: "localhost:45171"
    startupRole: FOLLOWER
  }
}
commitInfos {
  server {
    id: "s4"
    address: "localhost:39419"
    dataStreamAddress: "localhost:46687"
    clientAddress: "localhost:41785"
    adminAddress: "localhost:43995"
    startupRole: FOLLOWER
  }
}
commitInfos {
  server {
    id: "s0"
    address: "localhost:42481"
    dataStreamAddress: "localhost:43981"
    clientAddress: "localhost:42743"
    adminAddress: "localhost:44771"
    startupRole: FOLLOWER
  }
}
commitInfos {
  server {
    id: "s1"
    address: "localhost:44073"
    dataStreamAddress: "localhost:35501"
    clientAddress: "localhost:39477"
    adminAddress: "localhost:36871"
    startupRole: FOLLOWER
  }
}
]
2022-09-14 11:47:14,646 [s2@group-12AB68C5691F->s4-GrpcLogAppender-LogAppenderDaemon] INFO  util.CodeInjectionForTesting (DelayLocalExecutionInjection.java:execute(65)) - s2 delay 150 ms, args=[serverRequest {
  requestorId: "s2"
  replyId: "s4"
  raftGroupId {
    id: "\326\216l\301\220x@5\222b\022\253h\305i\037"
  }
  callId: 76
  slidingWindowEntry {
  }
}
leaderTerm: 2
previousLog {
  term: 2
}
initializing: true
commitInfos {
  server {
    id: "s2"
    address: "localhost:38365"
    dataStreamAddress: "localhost:38285"
    clientAddress: "localhost:40537"
    adminAddress: "localhost:35135"
    startupRole: FOLLOWER
  }
}
commitInfos {
  server {
    id: "s3"
    address: "localhost:46799"
    dataStreamAddress: "localhost:40281"
    clientAddress: "localhost:46547"
    adminAddress: "localhost:45171"
    startupRole: FOLLOWER
  }
}
commitInfos {
  server {
    id: "s4"
    address: "localhost:39419"
    dataStreamAddress: "localhost:46687"
    clientAddress: "localhost:41785"
    adminAddress: "localhost:43995"
    startupRole: FOLLOWER
  }
}
commitInfos {
  server {
    id: "s0"
    address: "localhost:42481"
    dataStreamAddress: "localhost:43981"
    clientAddress: "localhost:42743"
    adminAddress: "localhost:44771"
    startupRole: FOLLOWER
  }
}
commitInfos {
  server {
    id: "s1"
    address: "localhost:44073"
    dataStreamAddress: "localhost:35501"
    clientAddress: "localhost:39477"
    adminAddress: "localhost:36871"
    startupRole: FOLLOWER
  }
}
]
2022-09-14 11:47:14,797 [s4-server-thread2] INFO  util.CodeInjectionForTesting (BlockRequestHandlingInjection.java:execute(77)) - s4: Block request from s2
2022-09-14 11:47:14,835 [s2@group-12AB68C5691F->s4-GrpcLogAppender-LogAppenderDaemon] INFO  util.CodeInjectionForTesting (DelayLocalExecutionInjection.java:execute(65)) - s2 delay 150 ms, args=[serverRequest {
  requestorId: "s2"
  replyId: "s4"
  raftGroupId {
    id: "\326\216l\301\220x@5\222b\022\253h\305i\037"
  }
  callId: 77
  slidingWindowEntry {
  }
}
leaderTerm: 2
previousLog {
  term: 2
}
initializing: true
commitInfos {
  server {
    id: "s2"
    address: "localhost:38365"
    dataStreamAddress: "localhost:38285"
    clientAddress: "localhost:40537"
    adminAddress: "localhost:35135"
    startupRole: FOLLOWER
  }
}
commitInfos {
  server {
    id: "s3"
    address: "localhost:46799"
    dataStreamAddress: "localhost:40281"
    clientAddress: "localhost:46547"
    adminAddress: "localhost:45171"
    startupRole: FOLLOWER
  }
}
commitInfos {
  server {
    id: "s4"
    address: "localhost:39419"
    dataStreamAddress: "localhost:46687"
    clientAddress: "localhost:41785"
    adminAddress: "localhost:43995"
    startupRole: FOLLOWER
  }
}
commitInfos {
  server {
    id: "s0"
    address: "localhost:42481"
    dataStreamAddress: "localhost:43981"
    clientAddress: "localhost:42743"
    adminAddress: "localhost:44771"
    startupRole: FOLLOWER
  }
}
commitInfos {
  server {
    id: "s1"
    address: "localhost:44073"
    dataStreamAddress: "localhost:35501"
    clientAddress: "localhost:39477"
    adminAddress: "localhost:36871"
    startupRole: FOLLOWER
  }
}
]
2022-09-14 11:47:14,859 [s2@group-12AB68C5691F->s3-GrpcLogAppender-LogAppenderDaemon] INFO  util.CodeInjectionForTesting (DelayLocalExecutionInjection.java:execute(65)) - s2 delay 150 ms, args=[serverRequest {
  requestorId: "s2"
  replyId: "s3"
  raftGroupId {
    id: "\326\216l\301\220x@5\222b\022\253h\305i\037"
  }
  callId: 52
  slidingWindowEntry {
  }
}
leaderTerm: 2
previousLog {
  term: 2
}
initializing: true
commitInfos {
  server {
    id: "s2"
    address: "localhost:38365"
    dataStreamAddress: "localhost:38285"
    clientAddress: "localhost:40537"
    adminAddress: "localhost:35135"
    startupRole: FOLLOWER
  }
}
commitInfos {
  server {
    id: "s3"
    address: "localhost:46799"
    dataStreamAddress: "localhost:40281"
    clientAddress: "localhost:46547"
    adminAddress: "localhost:45171"
    startupRole: FOLLOWER
  }
}
commitInfos {
  server {
    id: "s4"
    address: "localhost:39419"
    dataStreamAddress: "localhost:46687"
    clientAddress: "localhost:41785"
    adminAddress: "localhost:43995"
    startupRole: FOLLOWER
  }
}
commitInfos {
  server {
    id: "s0"
    address: "localhost:42481"
    dataStreamAddress: "localhost:43981"
    clientAddress: "localhost:42743"
    adminAddress: "localhost:44771"
    startupRole: FOLLOWER
  }
}
commitInfos {
  server {
    id: "s1"
    address: "localhost:44073"
    dataStreamAddress: "localhost:35501"
    clientAddress: "localhost:39477"
    adminAddress: "localhost:36871"
    startupRole: FOLLOWER
  }
}
]
2022-09-14 11:47:14,859 [s2@group-12AB68C5691F->s1-GrpcLogAppender-LogAppenderDaemon] INFO  util.CodeInjectionForTesting (DelayLocalExecutionInjection.java:execute(65)) - s2 delay 150 ms, args=[serverRequest {
  requestorId: "s2"
  replyId: "s1"
  raftGroupId {
    id: "\326\216l\301\220x@5\222b\022\253h\305i\037"
  }
  callId: 43
  slidingWindowEntry {
  }
}
leaderTerm: 2
previousLog {
  term: 2
}
initializing: true
commitInfos {
  server {
    id: "s2"
    address: "localhost:38365"
    dataStreamAddress: "localhost:38285"
    clientAddress: "localhost:40537"
    adminAddress: "localhost:35135"
    startupRole: FOLLOWER
  }
}
commitInfos {
  server {
    id: "s3"
    address: "localhost:46799"
    dataStreamAddress: "localhost:40281"
    clientAddress: "localhost:46547"
    adminAddress: "localhost:45171"
    startupRole: FOLLOWER
  }
}
commitInfos {
  server {
    id: "s4"
    address: "localhost:39419"
    dataStreamAddress: "localhost:46687"
    clientAddress: "localhost:41785"
    adminAddress: "localhost:43995"
    startupRole: FOLLOWER
  }
}
commitInfos {
  server {
    id: "s0"
    address: "localhost:42481"
    dataStreamAddress: "localhost:43981"
    clientAddress: "localhost:42743"
    adminAddress: "localhost:44771"
    startupRole: FOLLOWER
  }
}
commitInfos {
  server {
    id: "s1"
    address: "localhost:44073"
    dataStreamAddress: "localhost:35501"
    clientAddress: "localhost:39477"
    adminAddress: "localhost:36871"
    startupRole: FOLLOWER
  }
}
]
2022-09-14 11:47:14,863 [s2@group-12AB68C5691F->s0-GrpcLogAppender-LogAppenderDaemon] INFO  util.CodeInjectionForTesting (DelayLocalExecutionInjection.java:execute(65)) - s2 delay 150 ms, args=[serverRequest {
  requestorId: "s2"
  replyId: "s0"
  raftGroupId {
    id: "\326\216l\301\220x@5\222b\022\253h\305i\037"
  }
  callId: 43
  slidingWindowEntry {
  }
}
leaderTerm: 2
previousLog {
  term: 2
}
initializing: true
commitInfos {
  server {
    id: "s2"
    address: "localhost:38365"
    dataStreamAddress: "localhost:38285"
    clientAddress: "localhost:40537"
    adminAddress: "localhost:35135"
    startupRole: FOLLOWER
  }
}
commitInfos {
  server {
    id: "s3"
    address: "localhost:46799"
    dataStreamAddress: "localhost:40281"
    clientAddress: "localhost:46547"
    adminAddress: "localhost:45171"
    startupRole: FOLLOWER
  }
}
commitInfos {
  server {
    id: "s4"
    address: "localhost:39419"
    dataStreamAddress: "localhost:46687"
    clientAddress: "localhost:41785"
    adminAddress: "localhost:43995"
    startupRole: FOLLOWER
  }
}
commitInfos {
  server {
    id: "s0"
    address: "localhost:42481"
    dataStreamAddress: "localhost:43981"
    clientAddress: "localhost:42743"
    adminAddress: "localhost:44771"
    startupRole: FOLLOWER
  }
}
commitInfos {
  server {
    id: "s1"
    address: "localhost:44073"
    dataStreamAddress: "localhost:35501"
    clientAddress: "localhost:39477"
    adminAddress: "localhost:36871"
    startupRole: FOLLOWER
  }
}
]
2022-09-14 11:47:14,870 [s4@group-12AB68C5691F-FollowerState] INFO  impl.FollowerState (FollowerState.java:run(141)) - s4@group-12AB68C5691F-FollowerState: change to CANDIDATE, lastRpcElapsedTime:299087104ns, electionTimeout:292ms
2022-09-14 11:47:14,870 [s4@group-12AB68C5691F-FollowerState] INFO  impl.RoleInfo (RoleInfo.java:shutdownFollowerState(110)) - s4: shutdown s4@group-12AB68C5691F-FollowerState
2022-09-14 11:47:14,870 [s4@group-12AB68C5691F-FollowerState] INFO  server.RaftServer$Division (RaftServerImpl.java:setRole(317)) - s4@group-12AB68C5691F: changes role from  FOLLOWER to CANDIDATE at term 2 for changeToCandidate
2022-09-14 11:47:14,870 [s4@group-12AB68C5691F-FollowerState] INFO  server.RaftServerConfigKeys (ConfUtils.java:logGet(46)) - raft.server.leaderelection.pre-vote = true (default)
2022-09-14 11:47:14,870 [s4@group-12AB68C5691F-FollowerState] INFO  impl.RoleInfo (RoleInfo.java:updateAndGet(139)) - s4: start s4@group-12AB68C5691F-LeaderElection15
2022-09-14 11:47:14,871 [s4@group-12AB68C5691F-LeaderElection15] INFO  server.RaftServer$Division (ServerState.java:setLeader(259)) - s4@group-12AB68C5691F: change Leader from s2 to null at term 2 for PRE_VOTE
2022-09-14 11:47:14,871 [s4@group-12AB68C5691F-LeaderElection15] INFO  impl.LeaderElection (LeaderElection.java:askForVotes(308)) - s4@group-12AB68C5691F-LeaderElection15 PRE_VOTE round 0: submit vote requests at term 2 for 0: peers:[s3|rpc:localhost:46799|admin:localhost:45171|client:localhost:46547|dataStream:localhost:40281|priority:0|startupRole:FOLLOWER, s4|rpc:localhost:39419|admin:localhost:43995|client:localhost:41785|dataStream:localhost:46687|priority:0|startupRole:FOLLOWER, s0|rpc:localhost:42481|admin:localhost:44771|client:localhost:42743|dataStream:localhost:43981|priority:0|startupRole:FOLLOWER, s1|rpc:localhost:44073|admin:localhost:36871|client:localhost:39477|dataStream:localhost:35501|priority:0|startupRole:FOLLOWER, s2|rpc:localhost:38365|admin:localhost:35135|client:localhost:40537|dataStream:localhost:38285|priority:0|startupRole:FOLLOWER]|listeners:[], old=null
2022-09-14 11:47:14,875 [grpc-default-executor-4] INFO  server.RaftServer$Division (RaftServerImpl.java:requestVote(1281)) - s0@group-12AB68C5691F: receive requestVote(PRE_VOTE, s4, group-12AB68C5691F, 2, (t:1, i:0))
2022-09-14 11:47:14,875 [grpc-default-executor-4] INFO  impl.VoteContext (VoteContext.java:log(49)) - s0@group-12AB68C5691F-FOLLOWER: reject PRE_VOTE from s4: this server is a follower and still has a valid leader s2
2022-09-14 11:47:14,875 [grpc-default-executor-4] INFO  server.RaftServer$Division (RaftServerImpl.java:requestVote(1314)) - s0@group-12AB68C5691F replies to PRE_VOTE vote request: s4<-s0#0:FAIL-t2. Peer's state: s0@group-12AB68C5691F:t2, leader=s2, voted=s2, raftlog=Memoized:s0@group-12AB68C5691F-SegmentedRaftLog:OPENED:c0, conf=0: peers:[s3|rpc:localhost:46799|admin:localhost:45171|client:localhost:46547|dataStream:localhost:40281|priority:0|startupRole:FOLLOWER, s4|rpc:localhost:39419|admin:localhost:43995|client:localhost:41785|dataStream:localhost:46687|priority:0|startupRole:FOLLOWER, s0|rpc:localhost:42481|admin:localhost:44771|client:localhost:42743|dataStream:localhost:43981|priority:0|startupRole:FOLLOWER, s1|rpc:localhost:44073|admin:localhost:36871|client:localhost:39477|dataStream:localhost:35501|priority:0|startupRole:FOLLOWER, s2|rpc:localhost:38365|admin:localhost:35135|client:localhost:40537|dataStream:localhost:38285|priority:0|startupRole:FOLLOWER]|listeners:[], old=null
2022-09-14 11:47:14,876 [grpc-default-executor-19] INFO  server.RaftServer$Division (RaftServerImpl.java:requestVote(1281)) - s3@group-12AB68C5691F: receive requestVote(PRE_VOTE, s4, group-12AB68C5691F, 2, (t:1, i:0))
2022-09-14 11:47:14,876 [grpc-default-executor-19] INFO  impl.VoteContext (VoteContext.java:log(49)) - s3@group-12AB68C5691F-FOLLOWER: reject PRE_VOTE from s4: this server is a follower and still has a valid leader s2
2022-09-14 11:47:14,876 [grpc-default-executor-19] INFO  server.RaftServer$Division (RaftServerImpl.java:requestVote(1314)) - s3@group-12AB68C5691F replies to PRE_VOTE vote request: s4<-s3#0:FAIL-t2. Peer's state: s3@group-12AB68C5691F:t2, leader=s2, voted=s2, raftlog=Memoized:s3@group-12AB68C5691F-SegmentedRaftLog:OPENED:c0, conf=0: peers:[s3|rpc:localhost:46799|admin:localhost:45171|client:localhost:46547|dataStream:localhost:40281|priority:0|startupRole:FOLLOWER, s4|rpc:localhost:39419|admin:localhost:43995|client:localhost:41785|dataStream:localhost:46687|priority:0|startupRole:FOLLOWER, s0|rpc:localhost:42481|admin:localhost:44771|client:localhost:42743|dataStream:localhost:43981|priority:0|startupRole:FOLLOWER, s1|rpc:localhost:44073|admin:localhost:36871|client:localhost:39477|dataStream:localhost:35501|priority:0|startupRole:FOLLOWER, s2|rpc:localhost:38365|admin:localhost:35135|client:localhost:40537|dataStream:localhost:38285|priority:0|startupRole:FOLLOWER]|listeners:[], old=null
2022-09-14 11:47:14,876 [grpc-default-executor-4] INFO  server.RaftServer$Division (RaftServerImpl.java:requestVote(1281)) - s1@group-12AB68C5691F: receive requestVote(PRE_VOTE, s4, group-12AB68C5691F, 2, (t:1, i:0))
2022-09-14 11:47:14,876 [grpc-default-executor-4] INFO  impl.VoteContext (VoteContext.java:log(49)) - s1@group-12AB68C5691F-FOLLOWER: reject PRE_VOTE from s4: this server is a follower and still has a valid leader s2
2022-09-14 11:47:14,876 [grpc-default-executor-4] INFO  server.RaftServer$Division (RaftServerImpl.java:requestVote(1314)) - s1@group-12AB68C5691F replies to PRE_VOTE vote request: s4<-s1#0:FAIL-t2. Peer's state: s1@group-12AB68C5691F:t2, leader=s2, voted=s2, raftlog=Memoized:s1@group-12AB68C5691F-SegmentedRaftLog:OPENED:c0, conf=0: peers:[s3|rpc:localhost:46799|admin:localhost:45171|client:localhost:46547|dataStream:localhost:40281|priority:0|startupRole:FOLLOWER, s4|rpc:localhost:39419|admin:localhost:43995|client:localhost:41785|dataStream:localhost:46687|priority:0|startupRole:FOLLOWER, s0|rpc:localhost:42481|admin:localhost:44771|client:localhost:42743|dataStream:localhost:43981|priority:0|startupRole:FOLLOWER, s1|rpc:localhost:44073|admin:localhost:36871|client:localhost:39477|dataStream:localhost:35501|priority:0|startupRole:FOLLOWER, s2|rpc:localhost:38365|admin:localhost:35135|client:localhost:40537|dataStream:localhost:38285|priority:0|startupRole:FOLLOWER]|listeners:[], old=null
2022-09-14 11:47:14,877 [grpc-default-executor-39] INFO  server.RaftServer$Division (RaftServerImpl.java:requestVote(1281)) - s2@group-12AB68C5691F: receive requestVote(PRE_VOTE, s4, group-12AB68C5691F, 2, (t:1, i:0))
2022-09-14 11:47:14,877 [grpc-default-executor-39] INFO  impl.VoteContext (VoteContext.java:log(49)) - s2@group-12AB68C5691F-LEADER: reject PRE_VOTE from s4: this server is the leader and still has leadership
2022-09-14 11:47:14,877 [grpc-default-executor-39] INFO  server.RaftServer$Division (RaftServerImpl.java:requestVote(1314)) - s2@group-12AB68C5691F replies to PRE_VOTE vote request: s4<-s2#0:FAIL-t2. Peer's state: s2@group-12AB68C5691F:t2, leader=s2, voted=s2, raftlog=Memoized:s2@group-12AB68C5691F-SegmentedRaftLog:OPENED:c0, conf=0: peers:[s3|rpc:localhost:46799|admin:localhost:45171|client:localhost:46547|dataStream:localhost:40281|priority:0|startupRole:FOLLOWER, s4|rpc:localhost:39419|admin:localhost:43995|client:localhost:41785|dataStream:localhost:46687|priority:0|startupRole:FOLLOWER, s0|rpc:localhost:42481|admin:localhost:44771|client:localhost:42743|dataStream:localhost:43981|priority:0|startupRole:FOLLOWER, s1|rpc:localhost:44073|admin:localhost:36871|client:localhost:39477|dataStream:localhost:35501|priority:0|startupRole:FOLLOWER, s2|rpc:localhost:38365|admin:localhost:35135|client:localhost:40537|dataStream:localhost:38285|priority:0|startupRole:FOLLOWER]|listeners:[], old=null
2022-09-14 11:47:14,878 [s4@group-12AB68C5691F-LeaderElection15] INFO  impl.LeaderElection (LeaderElection.java:logAndReturn(89)) - s4@group-12AB68C5691F-LeaderElection15: PRE_VOTE REJECTED received 3 response(s) and 0 exception(s):
2022-09-14 11:47:14,878 [s4@group-12AB68C5691F-LeaderElection15] INFO  impl.LeaderElection (LeaderElection.java:logAndReturn(93)) -   Response 0: s4<-s3#0:FAIL-t2
2022-09-14 11:47:14,878 [s4@group-12AB68C5691F-LeaderElection15] INFO  impl.LeaderElection (LeaderElection.java:logAndReturn(93)) -   Response 1: s4<-s0#0:FAIL-t2
2022-09-14 11:47:14,878 [s4@group-12AB68C5691F-LeaderElection15] INFO  impl.LeaderElection (LeaderElection.java:logAndReturn(93)) -   Response 2: s4<-s1#0:FAIL-t2
2022-09-14 11:47:14,878 [s4@group-12AB68C5691F-LeaderElection15] INFO  impl.LeaderElection (LeaderElection.java:askForVotes(310)) - s4@group-12AB68C5691F-LeaderElection15 PRE_VOTE round 0: result REJECTED
2022-09-14 11:47:14,878 [s4@group-12AB68C5691F-LeaderElection15] INFO  server.RaftServer$Division (RaftServerImpl.java:setRole(317)) - s4@group-12AB68C5691F: changes role from CANDIDATE to FOLLOWER at term 2 for REJECTED
2022-09-14 11:47:14,878 [s4@group-12AB68C5691F-LeaderElection15] INFO  impl.RoleInfo (RoleInfo.java:shutdownLeaderElection(130)) - s4: shutdown s4@group-12AB68C5691F-LeaderElection15
2022-09-14 11:47:14,878 [s4@group-12AB68C5691F-LeaderElection15] INFO  impl.RoleInfo (RoleInfo.java:updateAndGet(139)) - s4: start s4@group-12AB68C5691F-FollowerState
2022-09-14 11:47:15,023 [s2@group-12AB68C5691F->s4-GrpcLogAppender-LogAppenderDaemon] INFO  util.CodeInjectionForTesting (DelayLocalExecutionInjection.java:execute(65)) - s2 delay 150 ms, args=[serverRequest {
  requestorId: "s2"
  replyId: "s4"
  raftGroupId {
    id: "\326\216l\301\220x@5\222b\022\253h\305i\037"
  }
  callId: 78
  slidingWindowEntry {
  }
}
leaderTerm: 2
previousLog {
  term: 2
}
initializing: true
commitInfos {
  server {
    id: "s2"
    address: "localhost:38365"
    dataStreamAddress: "localhost:38285"
    clientAddress: "localhost:40537"
    adminAddress: "localhost:35135"
    startupRole: FOLLOWER
  }
}
commitInfos {
  server {
    id: "s3"
    address: "localhost:46799"
    dataStreamAddress: "localhost:40281"
    clientAddress: "localhost:46547"
    adminAddress: "localhost:45171"
    startupRole: FOLLOWER
  }
}
commitInfos {
  server {
    id: "s4"
    address: "localhost:39419"
    dataStreamAddress: "localhost:46687"
    clientAddress: "localhost:41785"
    adminAddress: "localhost:43995"
    startupRole: FOLLOWER
  }
}
commitInfos {
  server {
    id: "s0"
    address: "localhost:42481"
    dataStreamAddress: "localhost:43981"
    clientAddress: "localhost:42743"
    adminAddress: "localhost:44771"
    startupRole: FOLLOWER
  }
}
commitInfos {
  server {
    id: "s1"
    address: "localhost:44073"
    dataStreamAddress: "localhost:35501"
    clientAddress: "localhost:39477"
    adminAddress: "localhost:36871"
    startupRole: FOLLOWER
  }
}
]
2022-09-14 11:47:15,086 [s2@group-12AB68C5691F->s1-GrpcLogAppender-LogAppenderDaemon] INFO  util.CodeInjectionForTesting (DelayLocalExecutionInjection.java:execute(65)) - s2 delay 150 ms, args=[serverRequest {
  requestorId: "s2"
  replyId: "s1"
  raftGroupId {
    id: "\326\216l\301\220x@5\222b\022\253h\305i\037"
  }
  callId: 44
  slidingWindowEntry {
  }
}
leaderTerm: 2
previousLog {
  term: 2
}
initializing: true
commitInfos {
  server {
    id: "s2"
    address: "localhost:38365"
    dataStreamAddress: "localhost:38285"
    clientAddress: "localhost:40537"
    adminAddress: "localhost:35135"
    startupRole: FOLLOWER
  }
}
commitInfos {
  server {
    id: "s3"
    address: "localhost:46799"
    dataStreamAddress: "localhost:40281"
    clientAddress: "localhost:46547"
    adminAddress: "localhost:45171"
    startupRole: FOLLOWER
  }
}
commitInfos {
  server {
    id: "s4"
    address: "localhost:39419"
    dataStreamAddress: "localhost:46687"
    clientAddress: "localhost:41785"
    adminAddress: "localhost:43995"
    startupRole: FOLLOWER
  }
}
commitInfos {
  server {
    id: "s0"
    address: "localhost:42481"
    dataStreamAddress: "localhost:43981"
    clientAddress: "localhost:42743"
    adminAddress: "localhost:44771"
    startupRole: FOLLOWER
  }
}
commitInfos {
  server {
    id: "s1"
    address: "localhost:44073"
    dataStreamAddress: "localhost:35501"
    clientAddress: "localhost:39477"
    adminAddress: "localhost:36871"
    startupRole: FOLLOWER
  }
}
]
2022-09-14 11:47:15,087 [s2@group-12AB68C5691F->s3-GrpcLogAppender-LogAppenderDaemon] INFO  util.CodeInjectionForTesting (DelayLocalExecutionInjection.java:execute(65)) - s2 delay 150 ms, args=[serverRequest {
  requestorId: "s2"
  replyId: "s3"
  raftGroupId {
    id: "\326\216l\301\220x@5\222b\022\253h\305i\037"
  }
  callId: 53
  slidingWindowEntry {
  }
}
leaderTerm: 2
previousLog {
  term: 2
}
initializing: true
commitInfos {
  server {
    id: "s2"
    address: "localhost:38365"
    dataStreamAddress: "localhost:38285"
    clientAddress: "localhost:40537"
    adminAddress: "localhost:35135"
    startupRole: FOLLOWER
  }
}
commitInfos {
  server {
    id: "s3"
    address: "localhost:46799"
    dataStreamAddress: "localhost:40281"
    clientAddress: "localhost:46547"
    adminAddress: "localhost:45171"
    startupRole: FOLLOWER
  }
}
commitInfos {
  server {
    id: "s4"
    address: "localhost:39419"
    dataStreamAddress: "localhost:46687"
    clientAddress: "localhost:41785"
    adminAddress: "localhost:43995"
    startupRole: FOLLOWER
  }
}
commitInfos {
  server {
    id: "s0"
    address: "localhost:42481"
    dataStreamAddress: "localhost:43981"
    clientAddress: "localhost:42743"
    adminAddress: "localhost:44771"
    startupRole: FOLLOWER
  }
}
commitInfos {
  server {
    id: "s1"
    address: "localhost:44073"
    dataStreamAddress: "localhost:35501"
    clientAddress: "localhost:39477"
    adminAddress: "localhost:36871"
    startupRole: FOLLOWER
  }
}
]
2022-09-14 11:47:15,089 [s2@group-12AB68C5691F->s0-GrpcLogAppender-LogAppenderDaemon] INFO  util.CodeInjectionForTesting (DelayLocalExecutionInjection.java:execute(65)) - s2 delay 150 ms, args=[serverRequest {
  requestorId: "s2"
  replyId: "s0"
  raftGroupId {
    id: "\326\216l\301\220x@5\222b\022\253h\305i\037"
  }
  callId: 44
  slidingWindowEntry {
  }
}
leaderTerm: 2
previousLog {
  term: 2
}
initializing: true
commitInfos {
  server {
    id: "s2"
    address: "localhost:38365"
    dataStreamAddress: "localhost:38285"
    clientAddress: "localhost:40537"
    adminAddress: "localhost:35135"
    startupRole: FOLLOWER
  }
}
commitInfos {
  server {
    id: "s3"
    address: "localhost:46799"
    dataStreamAddress: "localhost:40281"
    clientAddress: "localhost:46547"
    adminAddress: "localhost:45171"
    startupRole: FOLLOWER
  }
}
commitInfos {
  server {
    id: "s4"
    address: "localhost:39419"
    dataStreamAddress: "localhost:46687"
    clientAddress: "localhost:41785"
    adminAddress: "localhost:43995"
    startupRole: FOLLOWER
  }
}
commitInfos {
  server {
    id: "s0"
    address: "localhost:42481"
    dataStreamAddress: "localhost:43981"
    clientAddress: "localhost:42743"
    adminAddress: "localhost:44771"
    startupRole: FOLLOWER
  }
}
commitInfos {
  server {
    id: "s1"
    address: "localhost:44073"
    dataStreamAddress: "localhost:35501"
    clientAddress: "localhost:39477"
    adminAddress: "localhost:36871"
    startupRole: FOLLOWER
  }
}
]
2022-09-14 11:47:15,120 [s4@group-12AB68C5691F-FollowerState] INFO  impl.FollowerState (FollowerState.java:run(141)) - s4@group-12AB68C5691F-FollowerState: change to CANDIDATE, lastRpcElapsedTime:242112117ns, electionTimeout:241ms
2022-09-14 11:47:15,121 [s4@group-12AB68C5691F-FollowerState] INFO  impl.RoleInfo (RoleInfo.java:shutdownFollowerState(110)) - s4: shutdown s4@group-12AB68C5691F-FollowerState
2022-09-14 11:47:15,121 [s4@group-12AB68C5691F-FollowerState] INFO  server.RaftServer$Division (RaftServerImpl.java:setRole(317)) - s4@group-12AB68C5691F: changes role from  FOLLOWER to CANDIDATE at term 2 for changeToCandidate
2022-09-14 11:47:15,121 [s4@group-12AB68C5691F-FollowerState] INFO  server.RaftServerConfigKeys (ConfUtils.java:logGet(46)) - raft.server.leaderelection.pre-vote = true (default)
2022-09-14 11:47:15,121 [s4@group-12AB68C5691F-FollowerState] INFO  impl.RoleInfo (RoleInfo.java:updateAndGet(139)) - s4: start s4@group-12AB68C5691F-LeaderElection16
2022-09-14 11:47:15,122 [s4@group-12AB68C5691F-LeaderElection16] INFO  impl.LeaderElection (LeaderElection.java:askForVotes(308)) - s4@group-12AB68C5691F-LeaderElection16 PRE_VOTE round 0: submit vote requests at term 2 for 0: peers:[s3|rpc:localhost:46799|admin:localhost:45171|client:localhost:46547|dataStream:localhost:40281|priority:0|startupRole:FOLLOWER, s4|rpc:localhost:39419|admin:localhost:43995|client:localhost:41785|dataStream:localhost:46687|priority:0|startupRole:FOLLOWER, s0|rpc:localhost:42481|admin:localhost:44771|client:localhost:42743|dataStream:localhost:43981|priority:0|startupRole:FOLLOWER, s1|rpc:localhost:44073|admin:localhost:36871|client:localhost:39477|dataStream:localhost:35501|priority:0|startupRole:FOLLOWER, s2|rpc:localhost:38365|admin:localhost:35135|client:localhost:40537|dataStream:localhost:38285|priority:0|startupRole:FOLLOWER]|listeners:[], old=null
2022-09-14 11:47:15,128 [grpc-default-executor-39] INFO  server.RaftServer$Division (RaftServerImpl.java:requestVote(1281)) - s0@group-12AB68C5691F: receive requestVote(PRE_VOTE, s4, group-12AB68C5691F, 2, (t:1, i:0))
2022-09-14 11:47:15,128 [grpc-default-executor-39] INFO  impl.VoteContext (VoteContext.java:log(49)) - s0@group-12AB68C5691F-FOLLOWER: reject PRE_VOTE from s4: this server is a follower and still has a valid leader s2
2022-09-14 11:47:15,128 [grpc-default-executor-39] INFO  server.RaftServer$Division (RaftServerImpl.java:requestVote(1314)) - s0@group-12AB68C5691F replies to PRE_VOTE vote request: s4<-s0#0:FAIL-t2. Peer's state: s0@group-12AB68C5691F:t2, leader=s2, voted=s2, raftlog=Memoized:s0@group-12AB68C5691F-SegmentedRaftLog:OPENED:c0, conf=0: peers:[s3|rpc:localhost:46799|admin:localhost:45171|client:localhost:46547|dataStream:localhost:40281|priority:0|startupRole:FOLLOWER, s4|rpc:localhost:39419|admin:localhost:43995|client:localhost:41785|dataStream:localhost:46687|priority:0|startupRole:FOLLOWER, s0|rpc:localhost:42481|admin:localhost:44771|client:localhost:42743|dataStream:localhost:43981|priority:0|startupRole:FOLLOWER, s1|rpc:localhost:44073|admin:localhost:36871|client:localhost:39477|dataStream:localhost:35501|priority:0|startupRole:FOLLOWER, s2|rpc:localhost:38365|admin:localhost:35135|client:localhost:40537|dataStream:localhost:38285|priority:0|startupRole:FOLLOWER]|listeners:[], old=null
2022-09-14 11:47:15,128 [grpc-default-executor-4] INFO  server.RaftServer$Division (RaftServerImpl.java:requestVote(1281)) - s3@group-12AB68C5691F: receive requestVote(PRE_VOTE, s4, group-12AB68C5691F, 2, (t:1, i:0))
2022-09-14 11:47:15,128 [grpc-default-executor-4] INFO  impl.VoteContext (VoteContext.java:log(49)) - s3@group-12AB68C5691F-FOLLOWER: reject PRE_VOTE from s4: this server is a follower and still has a valid leader s2
2022-09-14 11:47:15,128 [grpc-default-executor-4] INFO  server.RaftServer$Division (RaftServerImpl.java:requestVote(1314)) - s3@group-12AB68C5691F replies to PRE_VOTE vote request: s4<-s3#0:FAIL-t2. Peer's state: s3@group-12AB68C5691F:t2, leader=s2, voted=s2, raftlog=Memoized:s3@group-12AB68C5691F-SegmentedRaftLog:OPENED:c0, conf=0: peers:[s3|rpc:localhost:46799|admin:localhost:45171|client:localhost:46547|dataStream:localhost:40281|priority:0|startupRole:FOLLOWER, s4|rpc:localhost:39419|admin:localhost:43995|client:localhost:41785|dataStream:localhost:46687|priority:0|startupRole:FOLLOWER, s0|rpc:localhost:42481|admin:localhost:44771|client:localhost:42743|dataStream:localhost:43981|priority:0|startupRole:FOLLOWER, s1|rpc:localhost:44073|admin:localhost:36871|client:localhost:39477|dataStream:localhost:35501|priority:0|startupRole:FOLLOWER, s2|rpc:localhost:38365|admin:localhost:35135|client:localhost:40537|dataStream:localhost:38285|priority:0|startupRole:FOLLOWER]|listeners:[], old=null
2022-09-14 11:47:15,131 [grpc-default-executor-39] INFO  server.RaftServer$Division (RaftServerImpl.java:requestVote(1281)) - s2@group-12AB68C5691F: receive requestVote(PRE_VOTE, s4, group-12AB68C5691F, 2, (t:1, i:0))
2022-09-14 11:47:15,131 [grpc-default-executor-39] INFO  impl.VoteContext (VoteContext.java:log(49)) - s2@group-12AB68C5691F-LEADER: reject PRE_VOTE from s4: this server is the leader and still has leadership
2022-09-14 11:47:15,131 [grpc-default-executor-39] INFO  server.RaftServer$Division (RaftServerImpl.java:requestVote(1314)) - s2@group-12AB68C5691F replies to PRE_VOTE vote request: s4<-s2#0:FAIL-t2. Peer's state: s2@group-12AB68C5691F:t2, leader=s2, voted=s2, raftlog=Memoized:s2@group-12AB68C5691F-SegmentedRaftLog:OPENED:c0, conf=0: peers:[s3|rpc:localhost:46799|admin:localhost:45171|client:localhost:46547|dataStream:localhost:40281|priority:0|startupRole:FOLLOWER, s4|rpc:localhost:39419|admin:localhost:43995|client:localhost:41785|dataStream:localhost:46687|priority:0|startupRole:FOLLOWER, s0|rpc:localhost:42481|admin:localhost:44771|client:localhost:42743|dataStream:localhost:43981|priority:0|startupRole:FOLLOWER, s1|rpc:localhost:44073|admin:localhost:36871|client:localhost:39477|dataStream:localhost:35501|priority:0|startupRole:FOLLOWER, s2|rpc:localhost:38365|admin:localhost:35135|client:localhost:40537|dataStream:localhost:38285|priority:0|startupRole:FOLLOWER]|listeners:[], old=null
2022-09-14 11:47:15,133 [grpc-default-executor-39] INFO  server.RaftServer$Division (RaftServerImpl.java:requestVote(1281)) - s1@group-12AB68C5691F: receive requestVote(PRE_VOTE, s4, group-12AB68C5691F, 2, (t:1, i:0))
2022-09-14 11:47:15,133 [grpc-default-executor-39] INFO  impl.VoteContext (VoteContext.java:log(49)) - s1@group-12AB68C5691F-FOLLOWER: reject PRE_VOTE from s4: this server is a follower and still has a valid leader s2
2022-09-14 11:47:15,133 [grpc-default-executor-39] INFO  server.RaftServer$Division (RaftServerImpl.java:requestVote(1314)) - s1@group-12AB68C5691F replies to PRE_VOTE vote request: s4<-s1#0:FAIL-t2. Peer's state: s1@group-12AB68C5691F:t2, leader=s2, voted=s2, raftlog=Memoized:s1@group-12AB68C5691F-SegmentedRaftLog:OPENED:c0, conf=0: peers:[s3|rpc:localhost:46799|admin:localhost:45171|client:localhost:46547|dataStream:localhost:40281|priority:0|startupRole:FOLLOWER, s4|rpc:localhost:39419|admin:localhost:43995|client:localhost:41785|dataStream:localhost:46687|priority:0|startupRole:FOLLOWER, s0|rpc:localhost:42481|admin:localhost:44771|client:localhost:42743|dataStream:localhost:43981|priority:0|startupRole:FOLLOWER, s1|rpc:localhost:44073|admin:localhost:36871|client:localhost:39477|dataStream:localhost:35501|priority:0|startupRole:FOLLOWER, s2|rpc:localhost:38365|admin:localhost:35135|client:localhost:40537|dataStream:localhost:38285|priority:0|startupRole:FOLLOWER]|listeners:[], old=null
2022-09-14 11:47:15,133 [s4@group-12AB68C5691F-LeaderElection16] INFO  impl.LeaderElection (LeaderElection.java:logAndReturn(89)) - s4@group-12AB68C5691F-LeaderElection16: PRE_VOTE REJECTED received 3 response(s) and 0 exception(s):
2022-09-14 11:47:15,133 [s4@group-12AB68C5691F-LeaderElection16] INFO  impl.LeaderElection (LeaderElection.java:logAndReturn(93)) -   Response 0: s4<-s3#0:FAIL-t2
2022-09-14 11:47:15,133 [s4@group-12AB68C5691F-LeaderElection16] INFO  impl.LeaderElection (LeaderElection.java:logAndReturn(93)) -   Response 1: s4<-s0#0:FAIL-t2
2022-09-14 11:47:15,133 [s4@group-12AB68C5691F-LeaderElection16] INFO  impl.LeaderElection (LeaderElection.java:logAndReturn(93)) -   Response 2: s4<-s2#0:FAIL-t2
2022-09-14 11:47:15,133 [s4@group-12AB68C5691F-LeaderElection16] INFO  impl.LeaderElection (LeaderElection.java:askForVotes(310)) - s4@group-12AB68C5691F-LeaderElection16 PRE_VOTE round 0: result REJECTED
2022-09-14 11:47:15,133 [s4@group-12AB68C5691F-LeaderElection16] INFO  server.RaftServer$Division (RaftServerImpl.java:setRole(317)) - s4@group-12AB68C5691F: changes role from CANDIDATE to FOLLOWER at term 2 for REJECTED
2022-09-14 11:47:15,133 [s4@group-12AB68C5691F-LeaderElection16] INFO  impl.RoleInfo (RoleInfo.java:shutdownLeaderElection(130)) - s4: shutdown s4@group-12AB68C5691F-LeaderElection16
2022-09-14 11:47:15,133 [s4@group-12AB68C5691F-LeaderElection16] INFO  impl.RoleInfo (RoleInfo.java:updateAndGet(139)) - s4: start s4@group-12AB68C5691F-FollowerState
2022-09-14 11:47:15,212 [s2@group-12AB68C5691F->s4-GrpcLogAppender-LogAppenderDaemon] INFO  util.CodeInjectionForTesting (DelayLocalExecutionInjection.java:execute(65)) - s2 delay 150 ms, args=[serverRequest {
  requestorId: "s2"
  replyId: "s4"
  raftGroupId {
    id: "\326\216l\301\220x@5\222b\022\253h\305i\037"
  }
  callId: 79
  slidingWindowEntry {
  }
}
leaderTerm: 2
previousLog {
  term: 2
}
initializing: true
commitInfos {
  server {
    id: "s2"
    address: "localhost:38365"
    dataStreamAddress: "localhost:38285"
    clientAddress: "localhost:40537"
    adminAddress: "localhost:35135"
    startupRole: FOLLOWER
  }
}
commitInfos {
  server {
    id: "s3"
    address: "localhost:46799"
    dataStreamAddress: "localhost:40281"
    clientAddress: "localhost:46547"
    adminAddress: "localhost:45171"
    startupRole: FOLLOWER
  }
}
commitInfos {
  server {
    id: "s4"
    address: "localhost:39419"
    dataStreamAddress: "localhost:46687"
    clientAddress: "localhost:41785"
    adminAddress: "localhost:43995"
    startupRole: FOLLOWER
  }
}
commitInfos {
  server {
    id: "s0"
    address: "localhost:42481"
    dataStreamAddress: "localhost:43981"
    clientAddress: "localhost:42743"
    adminAddress: "localhost:44771"
    startupRole: FOLLOWER
  }
}
commitInfos {
  server {
    id: "s1"
    address: "localhost:44073"
    dataStreamAddress: "localhost:35501"
    clientAddress: "localhost:39477"
    adminAddress: "localhost:36871"
    startupRole: FOLLOWER
  }
}
]
2022-09-14 11:47:15,220 [s3@group-12AB68C5691F-FollowerState] INFO  impl.FollowerState (FollowerState.java:run(141)) - s3@group-12AB68C5691F-FollowerState: change to CANDIDATE, lastRpcElapsedTime:209804940ns, electionTimeout:181ms
2022-09-14 11:47:15,220 [s3@group-12AB68C5691F-FollowerState] INFO  impl.RoleInfo (RoleInfo.java:shutdownFollowerState(110)) - s3: shutdown s3@group-12AB68C5691F-FollowerState
2022-09-14 11:47:15,220 [s3@group-12AB68C5691F-FollowerState] INFO  server.RaftServer$Division (RaftServerImpl.java:setRole(317)) - s3@group-12AB68C5691F: changes role from  FOLLOWER to CANDIDATE at term 2 for changeToCandidate
2022-09-14 11:47:15,220 [s3@group-12AB68C5691F-FollowerState] INFO  server.RaftServerConfigKeys (ConfUtils.java:logGet(46)) - raft.server.leaderelection.pre-vote = true (default)
2022-09-14 11:47:15,220 [s3@group-12AB68C5691F-FollowerState] INFO  impl.RoleInfo (RoleInfo.java:updateAndGet(139)) - s3: start s3@group-12AB68C5691F-LeaderElection17
2022-09-14 11:47:15,221 [s3@group-12AB68C5691F-LeaderElection17] INFO  server.RaftServer$Division (ServerState.java:setLeader(259)) - s3@group-12AB68C5691F: change Leader from s2 to null at term 2 for PRE_VOTE
2022-09-14 11:47:15,221 [s3@group-12AB68C5691F-LeaderElection17] INFO  impl.LeaderElection (LeaderElection.java:askForVotes(308)) - s3@group-12AB68C5691F-LeaderElection17 PRE_VOTE round 0: submit vote requests at term 2 for 0: peers:[s3|rpc:localhost:46799|admin:localhost:45171|client:localhost:46547|dataStream:localhost:40281|priority:0|startupRole:FOLLOWER, s4|rpc:localhost:39419|admin:localhost:43995|client:localhost:41785|dataStream:localhost:46687|priority:0|startupRole:FOLLOWER, s0|rpc:localhost:42481|admin:localhost:44771|client:localhost:42743|dataStream:localhost:43981|priority:0|startupRole:FOLLOWER, s1|rpc:localhost:44073|admin:localhost:36871|client:localhost:39477|dataStream:localhost:35501|priority:0|startupRole:FOLLOWER, s2|rpc:localhost:38365|admin:localhost:35135|client:localhost:40537|dataStream:localhost:38285|priority:0|startupRole:FOLLOWER]|listeners:[], old=null
2022-09-14 11:47:15,221 [s3@group-12AB68C5691F-LeaderElection17-1] INFO  util.CodeInjectionForTesting (DelayLocalExecutionInjection.java:execute(65)) - s3 delay 150 ms, args=[serverRequest {
  requestorId: "s3"
  replyId: "s4"
  raftGroupId {
    id: "\326\216l\301\220x@5\222b\022\253h\305i\037"
  }
  slidingWindowEntry {
  }
}
candidateTerm: 2
candidateLastEntry {
  term: 2
}
preVote: true
]
2022-09-14 11:47:15,222 [s3@group-12AB68C5691F-LeaderElection17-2] INFO  util.CodeInjectionForTesting (DelayLocalExecutionInjection.java:execute(65)) - s3 delay 150 ms, args=[serverRequest {
  requestorId: "s3"
  replyId: "s0"
  raftGroupId {
    id: "\326\216l\301\220x@5\222b\022\253h\305i\037"
  }
  slidingWindowEntry {
  }
}
candidateTerm: 2
candidateLastEntry {
  term: 2
}
preVote: true
]
2022-09-14 11:47:15,222 [s3@group-12AB68C5691F-LeaderElection17-3] INFO  util.CodeInjectionForTesting (DelayLocalExecutionInjection.java:execute(65)) - s3 delay 150 ms, args=[serverRequest {
  requestorId: "s3"
  replyId: "s1"
  raftGroupId {
    id: "\326\216l\301\220x@5\222b\022\253h\305i\037"
  }
  slidingWindowEntry {
  }
}
candidateTerm: 2
candidateLastEntry {
  term: 2
}
preVote: true
]
2022-09-14 11:47:15,223 [s3@group-12AB68C5691F-LeaderElection17-4] INFO  util.CodeInjectionForTesting (DelayLocalExecutionInjection.java:execute(65)) - s3 delay 150 ms, args=[serverRequest {
  requestorId: "s3"
  replyId: "s2"
  raftGroupId {
    id: "\326\216l\301\220x@5\222b\022\253h\305i\037"
  }
  slidingWindowEntry {
  }
}
candidateTerm: 2
candidateLastEntry {
  term: 2
}
preVote: true
]
2022-09-14 11:47:15,238 [s3-server-thread4] INFO  server.RaftServer$Division (RaftServerImpl.java:setRole(317)) - s3@group-12AB68C5691F: changes role from CANDIDATE to FOLLOWER at term 2 for appendEntries
2022-09-14 11:47:15,238 [s3-server-thread4] INFO  impl.RoleInfo (RoleInfo.java:shutdownLeaderElection(130)) - s3: shutdown s3@group-12AB68C5691F-LeaderElection17
2022-09-14 11:47:15,238 [s3-server-thread4] INFO  impl.RoleInfo (RoleInfo.java:updateAndGet(139)) - s3: start s3@group-12AB68C5691F-FollowerState
2022-09-14 11:47:15,238 [s3-server-thread4] INFO  server.RaftServer$Division (ServerState.java:setLeader(259)) - s3@group-12AB68C5691F: change Leader from null to s2 at term 2 for appendEntries, leader elected after 17ms
2022-09-14 11:47:15,314 [s2@group-12AB68C5691F->s1-GrpcLogAppender-LogAppenderDaemon] INFO  util.CodeInjectionForTesting (DelayLocalExecutionInjection.java:execute(65)) - s2 delay 150 ms, args=[serverRequest {
  requestorId: "s2"
  replyId: "s1"
  raftGroupId {
    id: "\326\216l\301\220x@5\222b\022\253h\305i\037"
  }
  callId: 45
  slidingWindowEntry {
  }
}
leaderTerm: 2
previousLog {
  term: 2
}
initializing: true
commitInfos {
  server {
    id: "s2"
    address: "localhost:38365"
    dataStreamAddress: "localhost:38285"
    clientAddress: "localhost:40537"
    adminAddress: "localhost:35135"
    startupRole: FOLLOWER
  }
}
commitInfos {
  server {
    id: "s3"
    address: "localhost:46799"
    dataStreamAddress: "localhost:40281"
    clientAddress: "localhost:46547"
    adminAddress: "localhost:45171"
    startupRole: FOLLOWER
  }
}
commitInfos {
  server {
    id: "s4"
    address: "localhost:39419"
    dataStreamAddress: "localhost:46687"
    clientAddress: "localhost:41785"
    adminAddress: "localhost:43995"
    startupRole: FOLLOWER
  }
}
commitInfos {
  server {
    id: "s0"
    address: "localhost:42481"
    dataStreamAddress: "localhost:43981"
    clientAddress: "localhost:42743"
    adminAddress: "localhost:44771"
    startupRole: FOLLOWER
  }
}
commitInfos {
  server {
    id: "s1"
    address: "localhost:44073"
    dataStreamAddress: "localhost:35501"
    clientAddress: "localhost:39477"
    adminAddress: "localhost:36871"
    startupRole: FOLLOWER
  }
}
]
2022-09-14 11:47:15,315 [s2@group-12AB68C5691F->s3-GrpcLogAppender-LogAppenderDaemon] INFO  util.CodeInjectionForTesting (DelayLocalExecutionInjection.java:execute(65)) - s2 delay 150 ms, args=[serverRequest {
  requestorId: "s2"
  replyId: "s3"
  raftGroupId {
    id: "\326\216l\301\220x@5\222b\022\253h\305i\037"
  }
  callId: 54
  slidingWindowEntry {
  }
}
leaderTerm: 2
previousLog {
  term: 2
}
initializing: true
commitInfos {
  server {
    id: "s2"
    address: "localhost:38365"
    dataStreamAddress: "localhost:38285"
    clientAddress: "localhost:40537"
    adminAddress: "localhost:35135"
    startupRole: FOLLOWER
  }
}
commitInfos {
  server {
    id: "s3"
    address: "localhost:46799"
    dataStreamAddress: "localhost:40281"
    clientAddress: "localhost:46547"
    adminAddress: "localhost:45171"
    startupRole: FOLLOWER
  }
}
commitInfos {
  server {
    id: "s4"
    address: "localhost:39419"
    dataStreamAddress: "localhost:46687"
    clientAddress: "localhost:41785"
    adminAddress: "localhost:43995"
    startupRole: FOLLOWER
  }
}
commitInfos {
  server {
    id: "s0"
    address: "localhost:42481"
    dataStreamAddress: "localhost:43981"
    clientAddress: "localhost:42743"
    adminAddress: "localhost:44771"
    startupRole: FOLLOWER
  }
}
commitInfos {
  server {
    id: "s1"
    address: "localhost:44073"
    dataStreamAddress: "localhost:35501"
    clientAddress: "localhost:39477"
    adminAddress: "localhost:36871"
    startupRole: FOLLOWER
  }
}
]
2022-09-14 11:47:15,317 [s2@group-12AB68C5691F->s0-GrpcLogAppender-LogAppenderDaemon] INFO  util.CodeInjectionForTesting (DelayLocalExecutionInjection.java:execute(65)) - s2 delay 150 ms, args=[serverRequest {
  requestorId: "s2"
  replyId: "s0"
  raftGroupId {
    id: "\326\216l\301\220x@5\222b\022\253h\305i\037"
  }
  callId: 45
  slidingWindowEntry {
  }
}
leaderTerm: 2
previousLog {
  term: 2
}
initializing: true
commitInfos {
  server {
    id: "s2"
    address: "localhost:38365"
    dataStreamAddress: "localhost:38285"
    clientAddress: "localhost:40537"
    adminAddress: "localhost:35135"
    startupRole: FOLLOWER
  }
}
commitInfos {
  server {
    id: "s3"
    address: "localhost:46799"
    dataStreamAddress: "localhost:40281"
    clientAddress: "localhost:46547"
    adminAddress: "localhost:45171"
    startupRole: FOLLOWER
  }
}
commitInfos {
  server {
    id: "s4"
    address: "localhost:39419"
    dataStreamAddress: "localhost:46687"
    clientAddress: "localhost:41785"
    adminAddress: "localhost:43995"
    startupRole: FOLLOWER
  }
}
commitInfos {
  server {
    id: "s0"
    address: "localhost:42481"
    dataStreamAddress: "localhost:43981"
    clientAddress: "localhost:42743"
    adminAddress: "localhost:44771"
    startupRole: FOLLOWER
  }
}
commitInfos {
  server {
    id: "s1"
    address: "localhost:44073"
    dataStreamAddress: "localhost:35501"
    clientAddress: "localhost:39477"
    adminAddress: "localhost:36871"
    startupRole: FOLLOWER
  }
}
]
2022-09-14 11:47:15,376 [grpc-default-executor-39] INFO  util.CodeInjectionForTesting (BlockRequestHandlingInjection.java:execute(77)) - s4: Block request from s3
2022-09-14 11:47:15,376 [grpc-default-executor-4] INFO  server.RaftServer$Division (RaftServerImpl.java:requestVote(1281)) - s2@group-12AB68C5691F: receive requestVote(PRE_VOTE, s3, group-12AB68C5691F, 2, (t:2, i:0))
2022-09-14 11:47:15,376 [grpc-default-executor-19] INFO  server.RaftServer$Division (RaftServerImpl.java:requestVote(1281)) - s0@group-12AB68C5691F: receive requestVote(PRE_VOTE, s3, group-12AB68C5691F, 2, (t:2, i:0))
2022-09-14 11:47:15,376 [grpc-default-executor-4] INFO  impl.VoteContext (VoteContext.java:log(49)) - s2@group-12AB68C5691F-LEADER: reject PRE_VOTE from s3: this server is the leader and still has leadership
2022-09-14 11:47:15,376 [grpc-default-executor-19] INFO  impl.VoteContext (VoteContext.java:log(49)) - s0@group-12AB68C5691F-FOLLOWER: reject PRE_VOTE from s3: this server is a follower and still has a valid leader s2
2022-09-14 11:47:15,377 [grpc-default-executor-4] INFO  server.RaftServer$Division (RaftServerImpl.java:requestVote(1314)) - s2@group-12AB68C5691F replies to PRE_VOTE vote request: s3<-s2#0:FAIL-t2. Peer's state: s2@group-12AB68C5691F:t2, leader=s2, voted=s2, raftlog=Memoized:s2@group-12AB68C5691F-SegmentedRaftLog:OPENED:c0, conf=0: peers:[s3|rpc:localhost:46799|admin:localhost:45171|client:localhost:46547|dataStream:localhost:40281|priority:0|startupRole:FOLLOWER, s4|rpc:localhost:39419|admin:localhost:43995|client:localhost:41785|dataStream:localhost:46687|priority:0|startupRole:FOLLOWER, s0|rpc:localhost:42481|admin:localhost:44771|client:localhost:42743|dataStream:localhost:43981|priority:0|startupRole:FOLLOWER, s1|rpc:localhost:44073|admin:localhost:36871|client:localhost:39477|dataStream:localhost:35501|priority:0|startupRole:FOLLOWER, s2|rpc:localhost:38365|admin:localhost:35135|client:localhost:40537|dataStream:localhost:38285|priority:0|startupRole:FOLLOWER]|listeners:[], old=null
2022-09-14 11:47:15,377 [grpc-default-executor-19] INFO  server.RaftServer$Division (RaftServerImpl.java:requestVote(1314)) - s0@group-12AB68C5691F replies to PRE_VOTE vote request: s3<-s0#0:FAIL-t2. Peer's state: s0@group-12AB68C5691F:t2, leader=s2, voted=s2, raftlog=Memoized:s0@group-12AB68C5691F-SegmentedRaftLog:OPENED:c0, conf=0: peers:[s3|rpc:localhost:46799|admin:localhost:45171|client:localhost:46547|dataStream:localhost:40281|priority:0|startupRole:FOLLOWER, s4|rpc:localhost:39419|admin:localhost:43995|client:localhost:41785|dataStream:localhost:46687|priority:0|startupRole:FOLLOWER, s0|rpc:localhost:42481|admin:localhost:44771|client:localhost:42743|dataStream:localhost:43981|priority:0|startupRole:FOLLOWER, s1|rpc:localhost:44073|admin:localhost:36871|client:localhost:39477|dataStream:localhost:35501|priority:0|startupRole:FOLLOWER, s2|rpc:localhost:38365|admin:localhost:35135|client:localhost:40537|dataStream:localhost:38285|priority:0|startupRole:FOLLOWER]|listeners:[], old=null
2022-09-14 11:47:15,378 [s3@group-12AB68C5691F-LeaderElection17] INFO  impl.LeaderElection (LeaderElection.java:logAndReturn(89)) - s3@group-12AB68C5691F-LeaderElection17: PRE_VOTE REJECTED received 1 response(s) and 0 exception(s):
2022-09-14 11:47:15,378 [s3@group-12AB68C5691F-LeaderElection17] INFO  impl.LeaderElection (LeaderElection.java:logAndReturn(93)) -   Response 0: s3<-s2#0:FAIL-t2
2022-09-14 11:47:15,378 [s3@group-12AB68C5691F-LeaderElection17] INFO  impl.LeaderElection (LeaderElection.java:askForVotes(310)) - s3@group-12AB68C5691F-LeaderElection17 PRE_VOTE round 0: result REJECTED
2022-09-14 11:47:15,379 [grpc-default-executor-19] INFO  server.RaftServer$Division (RaftServerImpl.java:requestVote(1281)) - s1@group-12AB68C5691F: receive requestVote(PRE_VOTE, s3, group-12AB68C5691F, 2, (t:2, i:0))
2022-09-14 11:47:15,379 [grpc-default-executor-19] INFO  impl.VoteContext (VoteContext.java:log(49)) - s1@group-12AB68C5691F-FOLLOWER: reject PRE_VOTE from s3: this server is a follower and still has a valid leader s2
2022-09-14 11:47:15,380 [grpc-default-executor-19] INFO  server.RaftServer$Division (RaftServerImpl.java:requestVote(1314)) - s1@group-12AB68C5691F replies to PRE_VOTE vote request: s3<-s1#0:FAIL-t2. Peer's state: s1@group-12AB68C5691F:t2, leader=s2, voted=s2, raftlog=Memoized:s1@group-12AB68C5691F-SegmentedRaftLog:OPENED:c0, conf=0: peers:[s3|rpc:localhost:46799|admin:localhost:45171|client:localhost:46547|dataStream:localhost:40281|priority:0|startupRole:FOLLOWER, s4|rpc:localhost:39419|admin:localhost:43995|client:localhost:41785|dataStream:localhost:46687|priority:0|startupRole:FOLLOWER, s0|rpc:localhost:42481|admin:localhost:44771|client:localhost:42743|dataStream:localhost:43981|priority:0|startupRole:FOLLOWER, s1|rpc:localhost:44073|admin:localhost:36871|client:localhost:39477|dataStream:localhost:35501|priority:0|startupRole:FOLLOWER, s2|rpc:localhost:38365|admin:localhost:35135|client:localhost:40537|dataStream:localhost:38285|priority:0|startupRole:FOLLOWER]|listeners:[], old=null
2022-09-14 11:47:15,401 [s2@group-12AB68C5691F->s4-GrpcLogAppender-LogAppenderDaemon] INFO  util.CodeInjectionForTesting (DelayLocalExecutionInjection.java:execute(65)) - s2 delay 150 ms, args=[serverRequest {
  requestorId: "s2"
  replyId: "s4"
  raftGroupId {
    id: "\326\216l\301\220x@5\222b\022\253h\305i\037"
  }
  callId: 80
  slidingWindowEntry {
  }
}
leaderTerm: 2
previousLog {
  term: 2
}
initializing: true
commitInfos {
  server {
    id: "s2"
    address: "localhost:38365"
    dataStreamAddress: "localhost:38285"
    clientAddress: "localhost:40537"
    adminAddress: "localhost:35135"
    startupRole: FOLLOWER
  }
}
commitInfos {
  server {
    id: "s3"
    address: "localhost:46799"
    dataStreamAddress: "localhost:40281"
    clientAddress: "localhost:46547"
    adminAddress: "localhost:45171"
    startupRole: FOLLOWER
  }
}
commitInfos {
  server {
    id: "s4"
    address: "localhost:39419"
    dataStreamAddress: "localhost:46687"
    clientAddress: "localhost:41785"
    adminAddress: "localhost:43995"
    startupRole: FOLLOWER
  }
}
commitInfos {
  server {
    id: "s0"
    address: "localhost:42481"
    dataStreamAddress: "localhost:43981"
    clientAddress: "localhost:42743"
    adminAddress: "localhost:44771"
    startupRole: FOLLOWER
  }
}
commitInfos {
  server {
    id: "s1"
    address: "localhost:44073"
    dataStreamAddress: "localhost:35501"
    clientAddress: "localhost:39477"
    adminAddress: "localhost:36871"
    startupRole: FOLLOWER
  }
}
]
2022-09-14 11:47:15,408 [s4@group-12AB68C5691F-FollowerState] INFO  impl.FollowerState (FollowerState.java:run(141)) - s4@group-12AB68C5691F-FollowerState: change to CANDIDATE, lastRpcElapsedTime:275003829ns, electionTimeout:272ms
2022-09-14 11:47:15,408 [s4@group-12AB68C5691F-FollowerState] INFO  impl.RoleInfo (RoleInfo.java:shutdownFollowerState(110)) - s4: shutdown s4@group-12AB68C5691F-FollowerState
2022-09-14 11:47:15,409 [s4@group-12AB68C5691F-FollowerState] INFO  server.RaftServer$Division (RaftServerImpl.java:setRole(317)) - s4@group-12AB68C5691F: changes role from  FOLLOWER to CANDIDATE at term 2 for changeToCandidate
2022-09-14 11:47:15,409 [s4@group-12AB68C5691F-FollowerState] INFO  server.RaftServerConfigKeys (ConfUtils.java:logGet(46)) - raft.server.leaderelection.pre-vote = true (default)
2022-09-14 11:47:15,409 [s4@group-12AB68C5691F-FollowerState] INFO  impl.RoleInfo (RoleInfo.java:updateAndGet(139)) - s4: start s4@group-12AB68C5691F-LeaderElection18
2022-09-14 11:47:15,411 [s4@group-12AB68C5691F-LeaderElection18] INFO  impl.LeaderElection (LeaderElection.java:askForVotes(308)) - s4@group-12AB68C5691F-LeaderElection18 PRE_VOTE round 0: submit vote requests at term 2 for 0: peers:[s3|rpc:localhost:46799|admin:localhost:45171|client:localhost:46547|dataStream:localhost:40281|priority:0|startupRole:FOLLOWER, s4|rpc:localhost:39419|admin:localhost:43995|client:localhost:41785|dataStream:localhost:46687|priority:0|startupRole:FOLLOWER, s0|rpc:localhost:42481|admin:localhost:44771|client:localhost:42743|dataStream:localhost:43981|priority:0|startupRole:FOLLOWER, s1|rpc:localhost:44073|admin:localhost:36871|client:localhost:39477|dataStream:localhost:35501|priority:0|startupRole:FOLLOWER, s2|rpc:localhost:38365|admin:localhost:35135|client:localhost:40537|dataStream:localhost:38285|priority:0|startupRole:FOLLOWER]|listeners:[], old=null
2022-09-14 11:47:15,413 [grpc-default-executor-19] INFO  server.RaftServer$Division (RaftServerImpl.java:requestVote(1281)) - s0@group-12AB68C5691F: receive requestVote(PRE_VOTE, s4, group-12AB68C5691F, 2, (t:1, i:0))
2022-09-14 11:47:15,413 [grpc-default-executor-19] INFO  impl.VoteContext (VoteContext.java:log(49)) - s0@group-12AB68C5691F-FOLLOWER: reject PRE_VOTE from s4: our last entry (t:2, i:0) > candidate's last entry (t:1, i:0)
2022-09-14 11:47:15,414 [grpc-default-executor-19] INFO  server.RaftServer$Division (RaftServerImpl.java:requestVote(1314)) - s0@group-12AB68C5691F replies to PRE_VOTE vote request: s4<-s0#0:FAIL-t2. Peer's state: s0@group-12AB68C5691F:t2, leader=s2, voted=s2, raftlog=Memoized:s0@group-12AB68C5691F-SegmentedRaftLog:OPENED:c0, conf=0: peers:[s3|rpc:localhost:46799|admin:localhost:45171|client:localhost:46547|dataStream:localhost:40281|priority:0|startupRole:FOLLOWER, s4|rpc:localhost:39419|admin:localhost:43995|client:localhost:41785|dataStream:localhost:46687|priority:0|startupRole:FOLLOWER, s0|rpc:localhost:42481|admin:localhost:44771|client:localhost:42743|dataStream:localhost:43981|priority:0|startupRole:FOLLOWER, s1|rpc:localhost:44073|admin:localhost:36871|client:localhost:39477|dataStream:localhost:35501|priority:0|startupRole:FOLLOWER, s2|rpc:localhost:38365|admin:localhost:35135|client:localhost:40537|dataStream:localhost:38285|priority:0|startupRole:FOLLOWER]|listeners:[], old=null
2022-09-14 11:47:15,415 [grpc-default-executor-19] INFO  server.RaftServer$Division (RaftServerImpl.java:requestVote(1281)) - s1@group-12AB68C5691F: receive requestVote(PRE_VOTE, s4, group-12AB68C5691F, 2, (t:1, i:0))
2022-09-14 11:47:15,415 [grpc-default-executor-19] INFO  impl.VoteContext (VoteContext.java:log(49)) - s1@group-12AB68C5691F-FOLLOWER: reject PRE_VOTE from s4: our last entry (t:2, i:0) > candidate's last entry (t:1, i:0)
2022-09-14 11:47:15,415 [grpc-default-executor-19] INFO  server.RaftServer$Division (RaftServerImpl.java:requestVote(1314)) - s1@group-12AB68C5691F replies to PRE_VOTE vote request: s4<-s1#0:FAIL-t2. Peer's state: s1@group-12AB68C5691F:t2, leader=s2, voted=s2, raftlog=Memoized:s1@group-12AB68C5691F-SegmentedRaftLog:OPENED:c0, conf=0: peers:[s3|rpc:localhost:46799|admin:localhost:45171|client:localhost:46547|dataStream:localhost:40281|priority:0|startupRole:FOLLOWER, s4|rpc:localhost:39419|admin:localhost:43995|client:localhost:41785|dataStream:localhost:46687|priority:0|startupRole:FOLLOWER, s0|rpc:localhost:42481|admin:localhost:44771|client:localhost:42743|dataStream:localhost:43981|priority:0|startupRole:FOLLOWER, s1|rpc:localhost:44073|admin:localhost:36871|client:localhost:39477|dataStream:localhost:35501|priority:0|startupRole:FOLLOWER, s2|rpc:localhost:38365|admin:localhost:35135|client:localhost:40537|dataStream:localhost:38285|priority:0|startupRole:FOLLOWER]|listeners:[], old=null
2022-09-14 11:47:15,415 [grpc-default-executor-4] INFO  server.RaftServer$Division (RaftServerImpl.java:requestVote(1281)) - s3@group-12AB68C5691F: receive requestVote(PRE_VOTE, s4, group-12AB68C5691F, 2, (t:1, i:0))
2022-09-14 11:47:15,416 [grpc-default-executor-4] INFO  impl.VoteContext (VoteContext.java:log(49)) - s3@group-12AB68C5691F-FOLLOWER: reject PRE_VOTE from s4: our last entry (t:2, i:0) > candidate's last entry (t:1, i:0)
2022-09-14 11:47:15,416 [grpc-default-executor-4] INFO  server.RaftServer$Division (RaftServerImpl.java:requestVote(1314)) - s3@group-12AB68C5691F replies to PRE_VOTE vote request: s4<-s3#0:FAIL-t2. Peer's state: s3@group-12AB68C5691F:t2, leader=s2, voted=s2, raftlog=Memoized:s3@group-12AB68C5691F-SegmentedRaftLog:OPENED:c0, conf=0: peers:[s3|rpc:localhost:46799|admin:localhost:45171|client:localhost:46547|dataStream:localhost:40281|priority:0|startupRole:FOLLOWER, s4|rpc:localhost:39419|admin:localhost:43995|client:localhost:41785|dataStream:localhost:46687|priority:0|startupRole:FOLLOWER, s0|rpc:localhost:42481|admin:localhost:44771|client:localhost:42743|dataStream:localhost:43981|priority:0|startupRole:FOLLOWER, s1|rpc:localhost:44073|admin:localhost:36871|client:localhost:39477|dataStream:localhost:35501|priority:0|startupRole:FOLLOWER, s2|rpc:localhost:38365|admin:localhost:35135|client:localhost:40537|dataStream:localhost:38285|priority:0|startupRole:FOLLOWER]|listeners:[], old=null
2022-09-14 11:47:15,418 [s4@group-12AB68C5691F-LeaderElection18] INFO  impl.LeaderElection (LeaderElection.java:logAndReturn(89)) - s4@group-12AB68C5691F-LeaderElection18: PRE_VOTE REJECTED received 3 response(s) and 0 exception(s):
2022-09-14 11:47:15,418 [s4@group-12AB68C5691F-LeaderElection18] INFO  impl.LeaderElection (LeaderElection.java:logAndReturn(93)) -   Response 0: s4<-s3#0:FAIL-t2
2022-09-14 11:47:15,418 [s4@group-12AB68C5691F-LeaderElection18] INFO  impl.LeaderElection (LeaderElection.java:logAndReturn(93)) -   Response 1: s4<-s0#0:FAIL-t2
2022-09-14 11:47:15,418 [s4@group-12AB68C5691F-LeaderElection18] INFO  impl.LeaderElection (LeaderElection.java:logAndReturn(93)) -   Response 2: s4<-s1#0:FAIL-t2
2022-09-14 11:47:15,418 [s4@group-12AB68C5691F-LeaderElection18] INFO  impl.LeaderElection (LeaderElection.java:askForVotes(310)) - s4@group-12AB68C5691F-LeaderElection18 PRE_VOTE round 0: result REJECTED
2022-09-14 11:47:15,418 [s4@group-12AB68C5691F-LeaderElection18] INFO  server.RaftServer$Division (RaftServerImpl.java:setRole(317)) - s4@group-12AB68C5691F: changes role from CANDIDATE to FOLLOWER at term 2 for REJECTED
2022-09-14 11:47:15,418 [s4@group-12AB68C5691F-LeaderElection18] INFO  impl.RoleInfo (RoleInfo.java:shutdownLeaderElection(130)) - s4: shutdown s4@group-12AB68C5691F-LeaderElection18
2022-09-14 11:47:15,418 [s4@group-12AB68C5691F-LeaderElection18] INFO  impl.RoleInfo (RoleInfo.java:updateAndGet(139)) - s4: start s4@group-12AB68C5691F-FollowerState
2022-09-14 11:47:15,418 [grpc-default-executor-19] INFO  server.RaftServer$Division (RaftServerImpl.java:requestVote(1281)) - s2@group-12AB68C5691F: receive requestVote(PRE_VOTE, s4, group-12AB68C5691F, 2, (t:1, i:0))
2022-09-14 11:47:15,419 [grpc-default-executor-19] INFO  impl.VoteContext (VoteContext.java:log(49)) - s2@group-12AB68C5691F-LEADER: reject PRE_VOTE from s4: this server is the leader and still has leadership
2022-09-14 11:47:15,419 [grpc-default-executor-19] INFO  server.RaftServer$Division (RaftServerImpl.java:requestVote(1314)) - s2@group-12AB68C5691F replies to PRE_VOTE vote request: s4<-s2#0:FAIL-t2. Peer's state: s2@group-12AB68C5691F:t2, leader=s2, voted=s2, raftlog=Memoized:s2@group-12AB68C5691F-SegmentedRaftLog:OPENED:c0, conf=0: peers:[s3|rpc:localhost:46799|admin:localhost:45171|client:localhost:46547|dataStream:localhost:40281|priority:0|startupRole:FOLLOWER, s4|rpc:localhost:39419|admin:localhost:43995|client:localhost:41785|dataStream:localhost:46687|priority:0|startupRole:FOLLOWER, s0|rpc:localhost:42481|admin:localhost:44771|client:localhost:42743|dataStream:localhost:43981|priority:0|startupRole:FOLLOWER, s1|rpc:localhost:44073|admin:localhost:36871|client:localhost:39477|dataStream:localhost:35501|priority:0|startupRole:FOLLOWER, s2|rpc:localhost:38365|admin:localhost:35135|client:localhost:40537|dataStream:localhost:38285|priority:0|startupRole:FOLLOWER]|listeners:[], old=null
2022-09-14 11:47:15,519 [Time-limited test] INFO  server.RaftServerConfigKeys (ConfUtils.java:logGet(46)) - raft.server.rpc.timeout.max = 300ms (default)
2022-09-14 11:47:15,676 [grpc-default-executor-39] INFO  util.CodeInjectionForTesting (BlockRequestHandlingInjection.java:execute(84)) - s4: unBlock request from s3
2022-09-14 11:47:15,676 [grpc-default-executor-39] INFO  server.RaftServer$Division (RaftServerImpl.java:requestVote(1281)) - s4@group-12AB68C5691F: receive requestVote(PRE_VOTE, s3, group-12AB68C5691F, 2, (t:2, i:0))
2022-09-14 11:47:15,676 [grpc-default-executor-39] INFO  impl.VoteContext (VoteContext.java:log(49)) - s4@group-12AB68C5691F-FOLLOWER: accept PRE_VOTE from s3: our last entry (t:1, i:0) < candidate's last entry (t:2, i:0)
2022-09-14 11:47:15,676 [grpc-default-executor-39] INFO  server.RaftServer$Division (RaftServerImpl.java:requestVote(1314)) - s4@group-12AB68C5691F replies to PRE_VOTE vote request: s3<-s4#0:OK-t2. Peer's state: s4@group-12AB68C5691F:t2, leader=null, voted=null, raftlog=Memoized:s4@group-12AB68C5691F-SegmentedRaftLog:OPENED:c0, conf=0: peers:[s3|rpc:localhost:46799|admin:localhost:45171|client:localhost:46547|dataStream:localhost:40281|priority:0|startupRole:FOLLOWER, s4|rpc:localhost:39419|admin:localhost:43995|client:localhost:41785|dataStream:localhost:46687|priority:0|startupRole:FOLLOWER, s0|rpc:localhost:42481|admin:localhost:44771|client:localhost:42743|dataStream:localhost:43981|priority:0|startupRole:FOLLOWER, s1|rpc:localhost:44073|admin:localhost:36871|client:localhost:39477|dataStream:localhost:35501|priority:0|startupRole:FOLLOWER, s2|rpc:localhost:38365|admin:localhost:35135|client:localhost:40537|dataStream:localhost:38285|priority:0|startupRole:FOLLOWER]|listeners:[], old=null
2022-09-14 11:47:15,698 [s4-server-thread2] INFO  util.CodeInjectionForTesting (BlockRequestHandlingInjection.java:execute(84)) - s4: unBlock request from s2
2022-09-14 11:47:15,698 [s4-server-thread2] INFO  server.RaftServer$Division (ServerState.java:setLeader(259)) - s4@group-12AB68C5691F: change Leader from null to s2 at term 2 for appendEntries, leader elected after 827ms
2022-09-14 11:47:15,698 [s4-server-thread2] INFO  server.RaftServer$Division (RaftServerImpl.java:checkInconsistentAppendEntries(1586)) - s4@group-12AB68C5691F: Failed appendEntries as previous log entry ((t:2, i:0)) is not found
2022-09-14 11:47:15,698 [s4-server-thread2] INFO  server.RaftServer$Division (RaftServerImpl.java:checkInconsistentAppendEntries(1556)) - s4@group-12AB68C5691F: inconsistency entries. Reply:s2<-s4#76:FAIL-t2,INCONSISTENCY,nextIndex=0,followerCommit=0,matchIndex=-1
2022-09-14 11:47:15,699 [grpc-default-executor-19] INFO  leader.FollowerInfo (FollowerInfoImpl.java:lambda$new$0(48)) - s2@group-12AB68C5691F->s4: nextIndex: updateUnconditionally 1 -> 0
2022-09-14 11:47:15,699 [s4-server-thread2] INFO  server.RaftServer$Division (RaftServerImpl.java:checkInconsistentAppendEntries(1586)) - s4@group-12AB68C5691F: Failed appendEntries as previous log entry ((t:2, i:0)) is not found
2022-09-14 11:47:15,700 [s4-server-thread2] INFO  server.RaftServer$Division (RaftServerImpl.java:checkInconsistentAppendEntries(1556)) - s4@group-12AB68C5691F: inconsistency entries. Reply:s2<-s4#77:FAIL-t2,INCONSISTENCY,nextIndex=0,followerCommit=0,matchIndex=-1
2022-09-14 11:47:15,700 [grpc-default-executor-19] INFO  leader.FollowerInfo (FollowerInfoImpl.java:lambda$new$0(48)) - s2@group-12AB68C5691F->s4: nextIndex: updateUnconditionally 1 -> 0
2022-09-14 11:47:15,701 [s4-server-thread2] INFO  server.RaftServer$Division (RaftServerImpl.java:checkInconsistentAppendEntries(1586)) - s4@group-12AB68C5691F: Failed appendEntries as previous log entry ((t:2, i:0)) is not found
2022-09-14 11:47:15,701 [s4-server-thread2] INFO  server.RaftServer$Division (RaftServerImpl.java:checkInconsistentAppendEntries(1556)) - s4@group-12AB68C5691F: inconsistency entries. Reply:s2<-s4#78:FAIL-t2,INCONSISTENCY,nextIndex=0,followerCommit=0,matchIndex=-1
2022-09-14 11:47:15,701 [grpc-default-executor-19] INFO  leader.FollowerInfo (FollowerInfoImpl.java:lambda$new$0(48)) - s2@group-12AB68C5691F->s4: nextIndex: updateUnconditionally 0 -> 0
2022-09-14 11:47:15,701 [s4-server-thread2] INFO  server.RaftServer$Division (RaftServerImpl.java:checkInconsistentAppendEntries(1586)) - s4@group-12AB68C5691F: Failed appendEntries as previous log entry ((t:2, i:0)) is not found
2022-09-14 11:47:15,701 [s4-server-thread2] INFO  server.RaftServer$Division (RaftServerImpl.java:checkInconsistentAppendEntries(1556)) - s4@group-12AB68C5691F: inconsistency entries. Reply:s2<-s4#79:FAIL-t2,INCONSISTENCY,nextIndex=0,followerCommit=0,matchIndex=-1
2022-09-14 11:47:15,702 [grpc-default-executor-19] INFO  leader.FollowerInfo (FollowerInfoImpl.java:lambda$new$0(48)) - s2@group-12AB68C5691F->s4: nextIndex: updateUnconditionally 0 -> 0
2022-09-14 11:47:15,702 [s4-server-thread2] INFO  server.RaftServer$Division (RaftServerImpl.java:checkInconsistentAppendEntries(1586)) - s4@group-12AB68C5691F: Failed appendEntries as previous log entry ((t:2, i:0)) is not found
2022-09-14 11:47:15,702 [s4-server-thread2] INFO  server.RaftServer$Division (RaftServerImpl.java:checkInconsistentAppendEntries(1556)) - s4@group-12AB68C5691F: inconsistency entries. Reply:s2<-s4#80:FAIL-t2,INCONSISTENCY,nextIndex=0,followerCommit=0,matchIndex=-1
2022-09-14 11:47:15,703 [grpc-default-executor-19] INFO  leader.FollowerInfo (FollowerInfoImpl.java:lambda$new$0(48)) - s2@group-12AB68C5691F->s4: nextIndex: updateUnconditionally 1 -> 0
2022-09-14 11:47:15,703 [s4-server-thread2] INFO  server.RaftServer$Division (RaftServerImpl.java:checkInconsistentAppendEntries(1586)) - s4@group-12AB68C5691F: Failed appendEntries as previous log entry ((t:2, i:0)) is not found
2022-09-14 11:47:15,703 [s4-server-thread2] INFO  server.RaftServer$Division (RaftServerImpl.java:checkInconsistentAppendEntries(1556)) - s4@group-12AB68C5691F: inconsistency entries. Reply:s2<-s4#81:FAIL-t2,INCONSISTENCY,nextIndex=0,followerCommit=0,matchIndex=-1
2022-09-14 11:47:15,704 [grpc-default-executor-19] INFO  leader.FollowerInfo (FollowerInfoImpl.java:lambda$new$0(48)) - s2@group-12AB68C5691F->s4: nextIndex: updateUnconditionally 1 -> 0
2022-09-14 11:47:15,704 [s4-server-thread2] INFO  server.RaftServer$Division (RaftServerImpl.java:checkInconsistentAppendEntries(1586)) - s4@group-12AB68C5691F: Failed appendEntries as previous log entry ((t:2, i:0)) is not found
2022-09-14 11:47:15,704 [s4-server-thread2] INFO  server.RaftServer$Division (RaftServerImpl.java:checkInconsistentAppendEntries(1556)) - s4@group-12AB68C5691F: inconsistency entries. Reply:s2<-s4#82:FAIL-t2,INCONSISTENCY,nextIndex=0,followerCommit=0,matchIndex=-1
2022-09-14 11:47:15,704 [grpc-default-executor-19] INFO  leader.FollowerInfo (FollowerInfoImpl.java:lambda$new$0(48)) - s2@group-12AB68C5691F->s4: nextIndex: updateUnconditionally 1 -> 0
2022-09-14 11:47:15,705 [s4-server-thread2] INFO  server.RaftServer$Division (RaftServerImpl.java:checkInconsistentAppendEntries(1586)) - s4@group-12AB68C5691F: Failed appendEntries as previous log entry ((t:2, i:0)) is not found
2022-09-14 11:47:15,705 [s4-server-thread2] INFO  server.RaftServer$Division (RaftServerImpl.java:checkInconsistentAppendEntries(1556)) - s4@group-12AB68C5691F: inconsistency entries. Reply:s2<-s4#83:FAIL-t2,INCONSISTENCY,nextIndex=0,followerCommit=0,matchIndex=-1
2022-09-14 11:47:15,705 [grpc-default-executor-39] INFO  leader.FollowerInfo (FollowerInfoImpl.java:lambda$new$0(48)) - s2@group-12AB68C5691F->s4: nextIndex: updateUnconditionally 1 -> 0
2022-09-14 11:47:15,707 [s4-server-thread2] DEBUG server.RaftServer$Division (RaftServerImpl.java:logAppendEntries(1405)) - s4@group-12AB68C5691F: receive appendEntries(s2, 2, null, 0, true, commits:[s2:c0, s3:c0, s4:c0, s0:c0, s1:c0], cId:84, entries: [(t:2, i:0), CONFIGURATIONENTRY(current:id: "s3"
address: "localhost:46799"
dataStreamAddress: "localhost:40281"
clientAddress: "localhost:46547"
adminAddress: "localhost:45171"
startupRole: FOLLOWER
,id: "s4"
address: "localhost:39419"
dataStreamAddress: "localhost:46687"
clientAddress: "localhost:41785"
adminAddress: "localhost:43995"
startupRole: FOLLOWER
,id: "s0"
address: "localhost:42481"
dataStreamAddress: "localhost:43981"
clientAddress: "localhost:42743"
adminAddress: "localhost:44771"
startupRole: FOLLOWER
,id: "s1"
address: "localhost:44073"
dataStreamAddress: "localhost:35501"
clientAddress: "localhost:39477"
adminAddress: "localhost:36871"
startupRole: FOLLOWER
,id: "s2"
address: "localhost:38365"
dataStreamAddress: "localhost:38285"
clientAddress: "localhost:40537"
adminAddress: "localhost:35135"
startupRole: FOLLOWER
, old:)]
2022-09-14 11:47:15,708 [s4-server-thread2] INFO  server.RaftServer$Division (RaftServerImpl.java:checkInconsistentAppendEntries(1576)) - s4@group-12AB68C5691F: Failed appendEntries as the first entry (index 0) already exists (snapshotIndex: -1, commitIndex: 0)
2022-09-14 11:47:15,708 [s4-server-thread2] INFO  server.RaftServer$Division (RaftServerImpl.java:checkInconsistentAppendEntries(1556)) - s4@group-12AB68C5691F: inconsistency entries. Reply:s2<-s4#84:FAIL-t2,INCONSISTENCY,nextIndex=1,followerCommit=0,matchIndex=-1
2022-09-14 11:47:15,708 [s4-server-thread2] DEBUG server.RaftServer$Division (RaftServerImpl.java:logAppendEntries(1405)) - s4@group-12AB68C5691F: receive appendEntries(s2, 2, null, 0, true, commits:[s2:c0, s3:c0, s4:c0, s0:c0, s1:c0], cId:85, entries: [(t:2, i:0), CONFIGURATIONENTRY(current:id: "s3"
address: "localhost:46799"
dataStreamAddress: "localhost:40281"
clientAddress: "localhost:46547"
adminAddress: "localhost:45171"
startupRole: FOLLOWER
,id: "s4"
address: "localhost:39419"
dataStreamAddress: "localhost:46687"
clientAddress: "localhost:41785"
adminAddress: "localhost:43995"
startupRole: FOLLOWER
,id: "s0"
address: "localhost:42481"
dataStreamAddress: "localhost:43981"
clientAddress: "localhost:42743"
adminAddress: "localhost:44771"
startupRole: FOLLOWER
,id: "s1"
address: "localhost:44073"
dataStreamAddress: "localhost:35501"
clientAddress: "localhost:39477"
adminAddress: "localhost:36871"
startupRole: FOLLOWER
,id: "s2"
address: "localhost:38365"
dataStreamAddress: "localhost:38285"
clientAddress: "localhost:40537"
adminAddress: "localhost:35135"
startupRole: FOLLOWER
, old:)]
2022-09-14 11:47:15,708 [s4-server-thread2] INFO  server.RaftServer$Division (RaftServerImpl.java:checkInconsistentAppendEntries(1576)) - s4@group-12AB68C5691F: Failed appendEntries as the first entry (index 0) already exists (snapshotIndex: -1, commitIndex: 0)
2022-09-14 11:47:15,708 [s4-server-thread2] INFO  server.RaftServer$Division (RaftServerImpl.java:checkInconsistentAppendEntries(1556)) - s4@group-12AB68C5691F: inconsistency entries. Reply:s2<-s4#85:FAIL-t2,INCONSISTENCY,nextIndex=1,followerCommit=0,matchIndex=-1
2022-09-14 11:47:15,709 [s4-server-thread2] DEBUG server.RaftServer$Division (RaftServerImpl.java:logAppendEntries(1405)) - s4@group-12AB68C5691F: receive appendEntries(s2, 2, null, 0, true, commits:[s2:c0, s3:c0, s4:c0, s0:c0, s1:c0], cId:86, entries: [(t:2, i:0), CONFIGURATIONENTRY(current:id: "s3"
address: "localhost:46799"
dataStreamAddress: "localhost:40281"
clientAddress: "localhost:46547"
adminAddress: "localhost:45171"
startupRole: FOLLOWER
,id: "s4"
address: "localhost:39419"
dataStreamAddress: "localhost:46687"
clientAddress: "localhost:41785"
adminAddress: "localhost:43995"
startupRole: FOLLOWER
,id: "s0"
address: "localhost:42481"
dataStreamAddress: "localhost:43981"
clientAddress: "localhost:42743"
adminAddress: "localhost:44771"
startupRole: FOLLOWER
,id: "s1"
address: "localhost:44073"
dataStreamAddress: "localhost:35501"
clientAddress: "localhost:39477"
adminAddress: "localhost:36871"
startupRole: FOLLOWER
,id: "s2"
address: "localhost:38365"
dataStreamAddress: "localhost:38285"
clientAddress: "localhost:40537"
adminAddress: "localhost:35135"
startupRole: FOLLOWER
, old:)]
2022-09-14 11:47:15,709 [s4-server-thread2] INFO  server.RaftServer$Division (RaftServerImpl.java:checkInconsistentAppendEntries(1576)) - s4@group-12AB68C5691F: Failed appendEntries as the first entry (index 0) already exists (snapshotIndex: -1, commitIndex: 0)
2022-09-14 11:47:15,709 [s4-server-thread2] INFO  server.RaftServer$Division (RaftServerImpl.java:checkInconsistentAppendEntries(1556)) - s4@group-12AB68C5691F: inconsistency entries. Reply:s2<-s4#86:FAIL-t2,INCONSISTENCY,nextIndex=1,followerCommit=0,matchIndex=-1
2022-09-14 11:47:15,710 [s4-server-thread2] DEBUG server.RaftServer$Division (RaftServerImpl.java:logAppendEntries(1405)) - s4@group-12AB68C5691F: receive appendEntries(s2, 2, null, 0, true, commits:[s2:c0, s3:c0, s4:c0, s0:c0, s1:c0], cId:87, entries: [(t:2, i:0), CONFIGURATIONENTRY(current:id: "s3"
address: "localhost:46799"
dataStreamAddress: "localhost:40281"
clientAddress: "localhost:46547"
adminAddress: "localhost:45171"
startupRole: FOLLOWER
,id: "s4"
address: "localhost:39419"
dataStreamAddress: "localhost:46687"
clientAddress: "localhost:41785"
adminAddress: "localhost:43995"
startupRole: FOLLOWER
,id: "s0"
address: "localhost:42481"
dataStreamAddress: "localhost:43981"
clientAddress: "localhost:42743"
adminAddress: "localhost:44771"
startupRole: FOLLOWER
,id: "s1"
address: "localhost:44073"
dataStreamAddress: "localhost:35501"
clientAddress: "localhost:39477"
adminAddress: "localhost:36871"
startupRole: FOLLOWER
,id: "s2"
address: "localhost:38365"
dataStreamAddress: "localhost:38285"
clientAddress: "localhost:40537"
adminAddress: "localhost:35135"
startupRole: FOLLOWER
, old:)]
2022-09-14 11:47:15,710 [s4-server-thread2] INFO  server.RaftServer$Division (RaftServerImpl.java:checkInconsistentAppendEntries(1576)) - s4@group-12AB68C5691F: Failed appendEntries as the first entry (index 0) already exists (snapshotIndex: -1, commitIndex: 0)
2022-09-14 11:47:15,710 [s4-server-thread2] INFO  server.RaftServer$Division (RaftServerImpl.java:checkInconsistentAppendEntries(1556)) - s4@group-12AB68C5691F: inconsistency entries. Reply:s2<-s4#87:FAIL-t2,INCONSISTENCY,nextIndex=1,followerCommit=0,matchIndex=-1
2022-09-14 11:47:15,710 [grpc-default-executor-46] INFO  leader.FollowerInfo (FollowerInfoImpl.java:lambda$new$0(48)) - s2@group-12AB68C5691F->s4: nextIndex: updateUnconditionally 1 -> 1
2022-09-14 11:47:15,711 [grpc-default-executor-19] INFO  leader.FollowerInfo (FollowerInfoImpl.java:lambda$new$0(48)) - s2@group-12AB68C5691F->s4: nextIndex: updateUnconditionally 1 -> 1
2022-09-14 11:47:15,711 [s4-server-thread2] DEBUG server.RaftServer$Division (RaftServerImpl.java:logAppendEntries(1405)) - s4@group-12AB68C5691F: receive appendEntries(s2, 2, null, 0, true, commits:[s2:c0, s3:c0, s4:c0, s0:c0, s1:c0], cId:88, entries: [(t:2, i:0), CONFIGURATIONENTRY(current:id: "s3"
address: "localhost:46799"
dataStreamAddress: "localhost:40281"
clientAddress: "localhost:46547"
adminAddress: "localhost:45171"
startupRole: FOLLOWER
,id: "s4"
address: "localhost:39419"
dataStreamAddress: "localhost:46687"
clientAddress: "localhost:41785"
adminAddress: "localhost:43995"
startupRole: FOLLOWER
,id: "s0"
address: "localhost:42481"
dataStreamAddress: "localhost:43981"
clientAddress: "localhost:42743"
adminAddress: "localhost:44771"
startupRole: FOLLOWER
,id: "s1"
address: "localhost:44073"
dataStreamAddress: "localhost:35501"
clientAddress: "localhost:39477"
adminAddress: "localhost:36871"
startupRole: FOLLOWER
,id: "s2"
address: "localhost:38365"
dataStreamAddress: "localhost:38285"
clientAddress: "localhost:40537"
adminAddress: "localhost:35135"
startupRole: FOLLOWER
, old:)]
2022-09-14 11:47:15,711 [s4-server-thread2] INFO  server.RaftServer$Division (RaftServerImpl.java:checkInconsistentAppendEntries(1576)) - s4@group-12AB68C5691F: Failed appendEntries as the first entry (index 0) already exists (snapshotIndex: -1, commitIndex: 0)
2022-09-14 11:47:15,712 [s4-server-thread2] INFO  server.RaftServer$Division (RaftServerImpl.java:checkInconsistentAppendEntries(1556)) - s4@group-12AB68C5691F: inconsistency entries. Reply:s2<-s4#88:FAIL-t2,INCONSISTENCY,nextIndex=1,followerCommit=0,matchIndex=-1
2022-09-14 11:47:15,711 [grpc-default-executor-19] INFO  leader.FollowerInfo (FollowerInfoImpl.java:lambda$new$0(48)) - s2@group-12AB68C5691F->s4: nextIndex: updateUnconditionally 1 -> 1
2022-09-14 11:47:15,712 [grpc-default-executor-19] INFO  leader.FollowerInfo (FollowerInfoImpl.java:lambda$new$0(48)) - s2@group-12AB68C5691F->s4: nextIndex: updateUnconditionally 1 -> 1
2022-09-14 11:47:15,712 [grpc-default-executor-19] INFO  leader.FollowerInfo (FollowerInfoImpl.java:lambda$new$0(48)) - s2@group-12AB68C5691F->s4: nextIndex: updateUnconditionally 1 -> 1
2022-09-14 11:47:15,713 [s4-server-thread2] DEBUG server.RaftServer$Division (RaftServerImpl.java:logAppendEntries(1405)) - s4@group-12AB68C5691F: receive appendEntries(s2, 2, null, 0, true, commits:[s2:c0, s3:c0, s4:c0, s0:c0, s1:c0], cId:89, entries: [(t:2, i:0), CONFIGURATIONENTRY(current:id: "s3"
address: "localhost:46799"
dataStreamAddress: "localhost:40281"
clientAddress: "localhost:46547"
adminAddress: "localhost:45171"
startupRole: FOLLOWER
,id: "s4"
address: "localhost:39419"
dataStreamAddress: "localhost:46687"
clientAddress: "localhost:41785"
adminAddress: "localhost:43995"
startupRole: FOLLOWER
,id: "s0"
address: "localhost:42481"
dataStreamAddress: "localhost:43981"
clientAddress: "localhost:42743"
adminAddress: "localhost:44771"
startupRole: FOLLOWER
,id: "s1"
address: "localhost:44073"
dataStreamAddress: "localhost:35501"
clientAddress: "localhost:39477"
adminAddress: "localhost:36871"
startupRole: FOLLOWER
,id: "s2"
address: "localhost:38365"
dataStreamAddress: "localhost:38285"
clientAddress: "localhost:40537"
adminAddress: "localhost:35135"
startupRole: FOLLOWER
, old:)]
2022-09-14 11:47:15,713 [s4-server-thread2] INFO  server.RaftServer$Division (RaftServerImpl.java:checkInconsistentAppendEntries(1576)) - s4@group-12AB68C5691F: Failed appendEntries as the first entry (index 0) already exists (snapshotIndex: -1, commitIndex: 0)
2022-09-14 11:47:15,713 [s4-server-thread2] INFO  server.RaftServer$Division (RaftServerImpl.java:checkInconsistentAppendEntries(1556)) - s4@group-12AB68C5691F: inconsistency entries. Reply:s2<-s4#89:FAIL-t2,INCONSISTENCY,nextIndex=1,followerCommit=0,matchIndex=-1
2022-09-14 11:47:15,713 [grpc-default-executor-46] INFO  leader.FollowerInfo (FollowerInfoImpl.java:lambda$new$0(48)) - s2@group-12AB68C5691F->s4: nextIndex: updateUnconditionally 1 -> 1
2022-09-14 11:47:15,789 [s4-server-thread2] INFO  server.RaftServer$Division (RaftServerImpl.java:checkInconsistentAppendEntries(1586)) - s4@group-12AB68C5691F: Failed appendEntries as previous log entry ((t:2, i:0)) is not found
2022-09-14 11:47:15,789 [s4-server-thread2] INFO  server.RaftServer$Division (RaftServerImpl.java:checkInconsistentAppendEntries(1556)) - s4@group-12AB68C5691F: inconsistency entries. Reply:s2<-s4#90:FAIL-t2,INCONSISTENCY,nextIndex=0,followerCommit=0,matchIndex=-1
2022-09-14 11:47:15,790 [grpc-default-executor-19] INFO  leader.FollowerInfo (FollowerInfoImpl.java:lambda$new$0(48)) - s2@group-12AB68C5691F->s4: nextIndex: updateUnconditionally 1 -> 0
2022-09-14 11:47:15,791 [s4-server-thread2] DEBUG server.RaftServer$Division (RaftServerImpl.java:logAppendEntries(1405)) - s4@group-12AB68C5691F: receive appendEntries(s2, 2, null, 0, true, commits:[s2:c0, s3:c0, s4:c0, s0:c0, s1:c0], cId:91, entries: [(t:2, i:0), CONFIGURATIONENTRY(current:id: "s3"
address: "localhost:46799"
dataStreamAddress: "localhost:40281"
clientAddress: "localhost:46547"
adminAddress: "localhost:45171"
startupRole: FOLLOWER
,id: "s4"
address: "localhost:39419"
dataStreamAddress: "localhost:46687"
clientAddress: "localhost:41785"
adminAddress: "localhost:43995"
startupRole: FOLLOWER
,id: "s0"
address: "localhost:42481"
dataStreamAddress: "localhost:43981"
clientAddress: "localhost:42743"
adminAddress: "localhost:44771"
startupRole: FOLLOWER
,id: "s1"
address: "localhost:44073"
dataStreamAddress: "localhost:35501"
clientAddress: "localhost:39477"
adminAddress: "localhost:36871"
startupRole: FOLLOWER
,id: "s2"
address: "localhost:38365"
dataStreamAddress: "localhost:38285"
clientAddress: "localhost:40537"
adminAddress: "localhost:35135"
startupRole: FOLLOWER
, old:)]
2022-09-14 11:47:15,791 [s4-server-thread2] INFO  server.RaftServer$Division (RaftServerImpl.java:checkInconsistentAppendEntries(1576)) - s4@group-12AB68C5691F: Failed appendEntries as the first entry (index 0) already exists (snapshotIndex: -1, commitIndex: 0)
2022-09-14 11:47:15,791 [s4-server-thread2] INFO  server.RaftServer$Division (RaftServerImpl.java:checkInconsistentAppendEntries(1556)) - s4@group-12AB68C5691F: inconsistency entries. Reply:s2<-s4#91:FAIL-t2,INCONSISTENCY,nextIndex=1,followerCommit=0,matchIndex=-1
2022-09-14 11:47:15,791 [grpc-default-executor-19] INFO  leader.FollowerInfo (FollowerInfoImpl.java:lambda$new$0(48)) - s2@group-12AB68C5691F->s4: nextIndex: updateUnconditionally 1 -> 1
2022-09-14 11:47:15,868 [s4-server-thread2] INFO  server.RaftServer$Division (RaftServerImpl.java:checkInconsistentAppendEntries(1586)) - s4@group-12AB68C5691F: Failed appendEntries as previous log entry ((t:2, i:0)) is not found
2022-09-14 11:47:15,868 [s4-server-thread2] INFO  server.RaftServer$Division (RaftServerImpl.java:checkInconsistentAppendEntries(1556)) - s4@group-12AB68C5691F: inconsistency entries. Reply:s2<-s4#92:FAIL-t2,INCONSISTENCY,nextIndex=0,followerCommit=0,matchIndex=-1
2022-09-14 11:47:15,868 [grpc-default-executor-19] INFO  leader.FollowerInfo (FollowerInfoImpl.java:lambda$new$0(48)) - s2@group-12AB68C5691F->s4: nextIndex: updateUnconditionally 1 -> 0
2022-09-14 11:47:15,869 [s4-server-thread2] DEBUG server.RaftServer$Division (RaftServerImpl.java:logAppendEntries(1405)) - s4@group-12AB68C5691F: receive appendEntries(s2, 2, null, 0, true, commits:[s2:c0, s3:c0, s4:c0, s0:c0, s1:c0], cId:93, entries: [(t:2, i:0), CONFIGURATIONENTRY(current:id: "s3"
address: "localhost:46799"
dataStreamAddress: "localhost:40281"
clientAddress: "localhost:46547"
adminAddress: "localhost:45171"
startupRole: FOLLOWER
,id: "s4"
address: "localhost:39419"
dataStreamAddress: "localhost:46687"
clientAddress: "localhost:41785"
adminAddress: "localhost:43995"
startupRole: FOLLOWER
,id: "s0"
address: "localhost:42481"
dataStreamAddress: "localhost:43981"
clientAddress: "localhost:42743"
adminAddress: "localhost:44771"
startupRole: FOLLOWER
,id: "s1"
address: "localhost:44073"
dataStreamAddress: "localhost:35501"
clientAddress: "localhost:39477"
adminAddress: "localhost:36871"
startupRole: FOLLOWER
,id: "s2"
address: "localhost:38365"
dataStreamAddress: "localhost:38285"
clientAddress: "localhost:40537"
adminAddress: "localhost:35135"
startupRole: FOLLOWER
, old:)]
2022-09-14 11:47:15,869 [s4-server-thread2] INFO  server.RaftServer$Division (RaftServerImpl.java:checkInconsistentAppendEntries(1576)) - s4@group-12AB68C5691F: Failed appendEntries as the first entry (index 0) already exists (snapshotIndex: -1, commitIndex: 0)
2022-09-14 11:47:15,869 [s4-server-thread2] INFO  server.RaftServer$Division (RaftServerImpl.java:checkInconsistentAppendEntries(1556)) - s4@group-12AB68C5691F: inconsistency entries. Reply:s2<-s4#93:FAIL-t2,INCONSISTENCY,nextIndex=1,followerCommit=0,matchIndex=-1
2022-09-14 11:47:15,870 [grpc-default-executor-19] INFO  leader.FollowerInfo (FollowerInfoImpl.java:lambda$new$0(48)) - s2@group-12AB68C5691F->s4: nextIndex: updateUnconditionally 1 -> 1
2022-09-14 11:47:15,947 [s4-server-thread2] INFO  server.RaftServer$Division (RaftServerImpl.java:checkInconsistentAppendEntries(1586)) - s4@group-12AB68C5691F: Failed appendEntries as previous log entry ((t:2, i:0)) is not found
2022-09-14 11:47:15,947 [s4-server-thread2] INFO  server.RaftServer$Division (RaftServerImpl.java:checkInconsistentAppendEntries(1556)) - s4@group-12AB68C5691F: inconsistency entries. Reply:s2<-s4#94:FAIL-t2,INCONSISTENCY,nextIndex=0,followerCommit=0,matchIndex=-1
2022-09-14 11:47:15,947 [grpc-default-executor-19] INFO  leader.FollowerInfo (FollowerInfoImpl.java:lambda$new$0(48)) - s2@group-12AB68C5691F->s4: nextIndex: updateUnconditionally 1 -> 0
2022-09-14 11:47:15,948 [s4-server-thread2] DEBUG server.RaftServer$Division (RaftServerImpl.java:logAppendEntries(1405)) - s4@group-12AB68C5691F: receive appendEntries(s2, 2, null, 0, true, commits:[s2:c0, s3:c0, s4:c0, s0:c0, s1:c0], cId:95, entries: [(t:2, i:0), CONFIGURATIONENTRY(current:id: "s3"
address: "localhost:46799"
dataStreamAddress: "localhost:40281"
clientAddress: "localhost:46547"
adminAddress: "localhost:45171"
startupRole: FOLLOWER
,id: "s4"
address: "localhost:39419"
dataStreamAddress: "localhost:46687"
clientAddress: "localhost:41785"
adminAddress: "localhost:43995"
startupRole: FOLLOWER
,id: "s0"
address: "localhost:42481"
dataStreamAddress: "localhost:43981"
clientAddress: "localhost:42743"
adminAddress: "localhost:44771"
startupRole: FOLLOWER
,id: "s1"
address: "localhost:44073"
dataStreamAddress: "localhost:35501"
clientAddress: "localhost:39477"
adminAddress: "localhost:36871"
startupRole: FOLLOWER
,id: "s2"
address: "localhost:38365"
dataStreamAddress: "localhost:38285"
clientAddress: "localhost:40537"
adminAddress: "localhost:35135"
startupRole: FOLLOWER
, old:)]
2022-09-14 11:47:15,948 [s4-server-thread2] INFO  server.RaftServer$Division (RaftServerImpl.java:checkInconsistentAppendEntries(1576)) - s4@group-12AB68C5691F: Failed appendEntries as the first entry (index 0) already exists (snapshotIndex: -1, commitIndex: 0)
2022-09-14 11:47:15,948 [s4-server-thread2] INFO  server.RaftServer$Division (RaftServerImpl.java:checkInconsistentAppendEntries(1556)) - s4@group-12AB68C5691F: inconsistency entries. Reply:s2<-s4#95:FAIL-t2,INCONSISTENCY,nextIndex=1,followerCommit=0,matchIndex=-1
2022-09-14 11:47:15,949 [grpc-default-executor-19] INFO  leader.FollowerInfo (FollowerInfoImpl.java:lambda$new$0(48)) - s2@group-12AB68C5691F->s4: nextIndex: updateUnconditionally 1 -> 1
2022-09-14 11:47:16,025 [s4-server-thread2] INFO  server.RaftServer$Division (RaftServerImpl.java:checkInconsistentAppendEntries(1586)) - s4@group-12AB68C5691F: Failed appendEntries as previous log entry ((t:2, i:0)) is not found
2022-09-14 11:47:16,025 [s4-server-thread2] INFO  server.RaftServer$Division (RaftServerImpl.java:checkInconsistentAppendEntries(1556)) - s4@group-12AB68C5691F: inconsistency entries. Reply:s2<-s4#96:FAIL-t2,INCONSISTENCY,nextIndex=0,followerCommit=0,matchIndex=-1
2022-09-14 11:47:16,026 [grpc-default-executor-19] INFO  leader.FollowerInfo (FollowerInfoImpl.java:lambda$new$0(48)) - s2@group-12AB68C5691F->s4: nextIndex: updateUnconditionally 1 -> 0
2022-09-14 11:47:16,027 [s4-server-thread2] DEBUG server.RaftServer$Division (RaftServerImpl.java:logAppendEntries(1405)) - s4@group-12AB68C5691F: receive appendEntries(s2, 2, null, 0, true, commits:[s2:c0, s3:c0, s4:c0, s0:c0, s1:c0], cId:97, entries: [(t:2, i:0), CONFIGURATIONENTRY(current:id: "s3"
address: "localhost:46799"
dataStreamAddress: "localhost:40281"
clientAddress: "localhost:46547"
adminAddress: "localhost:45171"
startupRole: FOLLOWER
,id: "s4"
address: "localhost:39419"
dataStreamAddress: "localhost:46687"
clientAddress: "localhost:41785"
adminAddress: "localhost:43995"
startupRole: FOLLOWER
,id: "s0"
address: "localhost:42481"
dataStreamAddress: "localhost:43981"
clientAddress: "localhost:42743"
adminAddress: "localhost:44771"
startupRole: FOLLOWER
,id: "s1"
address: "localhost:44073"
dataStreamAddress: "localhost:35501"
clientAddress: "localhost:39477"
adminAddress: "localhost:36871"
startupRole: FOLLOWER
,id: "s2"
address: "localhost:38365"
dataStreamAddress: "localhost:38285"
clientAddress: "localhost:40537"
adminAddress: "localhost:35135"
startupRole: FOLLOWER
, old:)]
2022-09-14 11:47:16,027 [s4-server-thread2] INFO  server.RaftServer$Division (RaftServerImpl.java:checkInconsistentAppendEntries(1576)) - s4@group-12AB68C5691F: Failed appendEntries as the first entry (index 0) already exists (snapshotIndex: -1, commitIndex: 0)
2022-09-14 11:47:16,027 [s4-server-thread2] INFO  server.RaftServer$Division (RaftServerImpl.java:checkInconsistentAppendEntries(1556)) - s4@group-12AB68C5691F: inconsistency entries. Reply:s2<-s4#97:FAIL-t2,INCONSISTENCY,nextIndex=1,followerCommit=0,matchIndex=-1
2022-09-14 11:47:16,027 [grpc-default-executor-19] INFO  leader.FollowerInfo (FollowerInfoImpl.java:lambda$new$0(48)) - s2@group-12AB68C5691F->s4: nextIndex: updateUnconditionally 1 -> 1
2022-09-14 11:47:16,103 [s4-server-thread2] INFO  server.RaftServer$Division (RaftServerImpl.java:checkInconsistentAppendEntries(1586)) - s4@group-12AB68C5691F: Failed appendEntries as previous log entry ((t:2, i:0)) is not found
2022-09-14 11:47:16,103 [s4-server-thread2] INFO  server.RaftServer$Division (RaftServerImpl.java:checkInconsistentAppendEntries(1556)) - s4@group-12AB68C5691F: inconsistency entries. Reply:s2<-s4#98:FAIL-t2,INCONSISTENCY,nextIndex=0,followerCommit=0,matchIndex=-1
2022-09-14 11:47:16,104 [grpc-default-executor-19] INFO  leader.FollowerInfo (FollowerInfoImpl.java:lambda$new$0(48)) - s2@group-12AB68C5691F->s4: nextIndex: updateUnconditionally 1 -> 0
2022-09-14 11:47:16,105 [s4-server-thread2] DEBUG server.RaftServer$Division (RaftServerImpl.java:logAppendEntries(1405)) - s4@group-12AB68C5691F: receive appendEntries(s2, 2, null, 0, true, commits:[s2:c0, s3:c0, s4:c0, s0:c0, s1:c0], cId:99, entries: [(t:2, i:0), CONFIGURATIONENTRY(current:id: "s3"
address: "localhost:46799"
dataStreamAddress: "localhost:40281"
clientAddress: "localhost:46547"
adminAddress: "localhost:45171"
startupRole: FOLLOWER
,id: "s4"
address: "localhost:39419"
dataStreamAddress: "localhost:46687"
clientAddress: "localhost:41785"
adminAddress: "localhost:43995"
startupRole: FOLLOWER
,id: "s0"
address: "localhost:42481"
dataStreamAddress: "localhost:43981"
clientAddress: "localhost:42743"
adminAddress: "localhost:44771"
startupRole: FOLLOWER
,id: "s1"
address: "localhost:44073"
dataStreamAddress: "localhost:35501"
clientAddress: "localhost:39477"
adminAddress: "localhost:36871"
startupRole: FOLLOWER
,id: "s2"
address: "localhost:38365"
dataStreamAddress: "localhost:38285"
clientAddress: "localhost:40537"
adminAddress: "localhost:35135"
startupRole: FOLLOWER
, old:)]
2022-09-14 11:47:16,105 [s4-server-thread2] INFO  server.RaftServer$Division (RaftServerImpl.java:checkInconsistentAppendEntries(1576)) - s4@group-12AB68C5691F: Failed appendEntries as the first entry (index 0) already exists (snapshotIndex: -1, commitIndex: 0)
2022-09-14 11:47:16,105 [s4-server-thread2] INFO  server.RaftServer$Division (RaftServerImpl.java:checkInconsistentAppendEntries(1556)) - s4@group-12AB68C5691F: inconsistency entries. Reply:s2<-s4#99:FAIL-t2,INCONSISTENCY,nextIndex=1,followerCommit=0,matchIndex=-1
2022-09-14 11:47:16,105 [grpc-default-executor-19] INFO  leader.FollowerInfo (FollowerInfoImpl.java:lambda$new$0(48)) - s2@group-12AB68C5691F->s4: nextIndex: updateUnconditionally 1 -> 1
2022-09-14 11:47:16,183 [s4-server-thread2] INFO  server.RaftServer$Division (RaftServerImpl.java:checkInconsistentAppendEntries(1586)) - s4@group-12AB68C5691F: Failed appendEntries as previous log entry ((t:2, i:0)) is not found
2022-09-14 11:47:16,183 [s4-server-thread2] INFO  server.RaftServer$Division (RaftServerImpl.java:checkInconsistentAppendEntries(1556)) - s4@group-12AB68C5691F: inconsistency entries. Reply:s2<-s4#100:FAIL-t2,INCONSISTENCY,nextIndex=0,followerCommit=0,matchIndex=-1
2022-09-14 11:47:16,184 [grpc-default-executor-39] INFO  leader.FollowerInfo (FollowerInfoImpl.java:lambda$new$0(48)) - s2@group-12AB68C5691F->s4: nextIndex: updateUnconditionally 1 -> 0
2022-09-14 11:47:16,185 [s4-server-thread2] DEBUG server.RaftServer$Division (RaftServerImpl.java:logAppendEntries(1405)) - s4@group-12AB68C5691F: receive appendEntries(s2, 2, null, 0, true, commits:[s2:c0, s3:c0, s4:c0, s0:c0, s1:c0], cId:101, entries: [(t:2, i:0), CONFIGURATIONENTRY(current:id: "s3"
address: "localhost:46799"
dataStreamAddress: "localhost:40281"
clientAddress: "localhost:46547"
adminAddress: "localhost:45171"
startupRole: FOLLOWER
,id: "s4"
address: "localhost:39419"
dataStreamAddress: "localhost:46687"
clientAddress: "localhost:41785"
adminAddress: "localhost:43995"
startupRole: FOLLOWER
,id: "s0"
address: "localhost:42481"
dataStreamAddress: "localhost:43981"
clientAddress: "localhost:42743"
adminAddress: "localhost:44771"
startupRole: FOLLOWER
,id: "s1"
address: "localhost:44073"
dataStreamAddress: "localhost:35501"
clientAddress: "localhost:39477"
adminAddress: "localhost:36871"
startupRole: FOLLOWER
,id: "s2"
address: "localhost:38365"
dataStreamAddress: "localhost:38285"
clientAddress: "localhost:40537"
adminAddress: "localhost:35135"
startupRole: FOLLOWER
, old:)]
2022-09-14 11:47:16,185 [s4-server-thread2] INFO  server.RaftServer$Division (RaftServerImpl.java:checkInconsistentAppendEntries(1576)) - s4@group-12AB68C5691F: Failed appendEntries as the first entry (index 0) already exists (snapshotIndex: -1, commitIndex: 0)
2022-09-14 11:47:16,185 [s4-server-thread2] INFO  server.RaftServer$Division (RaftServerImpl.java:checkInconsistentAppendEntries(1556)) - s4@group-12AB68C5691F: inconsistency entries. Reply:s2<-s4#101:FAIL-t2,INCONSISTENCY,nextIndex=1,followerCommit=0,matchIndex=-1
2022-09-14 11:47:16,185 [grpc-default-executor-39] INFO  leader.FollowerInfo (FollowerInfoImpl.java:lambda$new$0(48)) - s2@group-12AB68C5691F->s4: nextIndex: updateUnconditionally 1 -> 1
2022-09-14 11:47:16,261 [s4-server-thread2] INFO  server.RaftServer$Division (RaftServerImpl.java:checkInconsistentAppendEntries(1586)) - s4@group-12AB68C5691F: Failed appendEntries as previous log entry ((t:2, i:0)) is not found
2022-09-14 11:47:16,261 [s4-server-thread2] INFO  server.RaftServer$Division (RaftServerImpl.java:checkInconsistentAppendEntries(1556)) - s4@group-12AB68C5691F: inconsistency entries. Reply:s2<-s4#102:FAIL-t2,INCONSISTENCY,nextIndex=0,followerCommit=0,matchIndex=-1
2022-09-14 11:47:16,262 [grpc-default-executor-46] INFO  leader.FollowerInfo (FollowerInfoImpl.java:lambda$new$0(48)) - s2@group-12AB68C5691F->s4: nextIndex: updateUnconditionally 1 -> 0
2022-09-14 11:47:16,263 [s4-server-thread2] DEBUG server.RaftServer$Division (RaftServerImpl.java:logAppendEntries(1405)) - s4@group-12AB68C5691F: receive appendEntries(s2, 2, null, 0, true, commits:[s2:c0, s3:c0, s4:c0, s0:c0, s1:c0], cId:103, entries: [(t:2, i:0), CONFIGURATIONENTRY(current:id: "s3"
address: "localhost:46799"
dataStreamAddress: "localhost:40281"
clientAddress: "localhost:46547"
adminAddress: "localhost:45171"
startupRole: FOLLOWER
,id: "s4"
address: "localhost:39419"
dataStreamAddress: "localhost:46687"
clientAddress: "localhost:41785"
adminAddress: "localhost:43995"
startupRole: FOLLOWER
,id: "s0"
address: "localhost:42481"
dataStreamAddress: "localhost:43981"
clientAddress: "localhost:42743"
adminAddress: "localhost:44771"
startupRole: FOLLOWER
,id: "s1"
address: "localhost:44073"
dataStreamAddress: "localhost:35501"
clientAddress: "localhost:39477"
adminAddress: "localhost:36871"
startupRole: FOLLOWER
,id: "s2"
address: "localhost:38365"
dataStreamAddress: "localhost:38285"
clientAddress: "localhost:40537"
adminAddress: "localhost:35135"
startupRole: FOLLOWER
, old:)]
2022-09-14 11:47:16,263 [s4-server-thread2] INFO  server.RaftServer$Division (RaftServerImpl.java:checkInconsistentAppendEntries(1576)) - s4@group-12AB68C5691F: Failed appendEntries as the first entry (index 0) already exists (snapshotIndex: -1, commitIndex: 0)
2022-09-14 11:47:16,263 [s4-server-thread2] INFO  server.RaftServer$Division (RaftServerImpl.java:checkInconsistentAppendEntries(1556)) - s4@group-12AB68C5691F: inconsistency entries. Reply:s2<-s4#103:FAIL-t2,INCONSISTENCY,nextIndex=1,followerCommit=0,matchIndex=-1
2022-09-14 11:47:16,263 [grpc-default-executor-46] INFO  leader.FollowerInfo (FollowerInfoImpl.java:lambda$new$0(48)) - s2@group-12AB68C5691F->s4: nextIndex: updateUnconditionally 1 -> 1
2022-09-14 11:47:16,339 [s4-server-thread2] INFO  server.RaftServer$Division (RaftServerImpl.java:checkInconsistentAppendEntries(1586)) - s4@group-12AB68C5691F: Failed appendEntries as previous log entry ((t:2, i:0)) is not found
2022-09-14 11:47:16,339 [s4-server-thread2] INFO  server.RaftServer$Division (RaftServerImpl.java:checkInconsistentAppendEntries(1556)) - s4@group-12AB68C5691F: inconsistency entries. Reply:s2<-s4#104:FAIL-t2,INCONSISTENCY,nextIndex=0,followerCommit=0,matchIndex=-1
2022-09-14 11:47:16,340 [grpc-default-executor-39] INFO  leader.FollowerInfo (FollowerInfoImpl.java:lambda$new$0(48)) - s2@group-12AB68C5691F->s4: nextIndex: updateUnconditionally 1 -> 0
2022-09-14 11:47:16,341 [s4-server-thread2] DEBUG server.RaftServer$Division (RaftServerImpl.java:logAppendEntries(1405)) - s4@group-12AB68C5691F: receive appendEntries(s2, 2, null, 0, true, commits:[s2:c0, s3:c0, s4:c0, s0:c0, s1:c0], cId:105, entries: [(t:2, i:0), CONFIGURATIONENTRY(current:id: "s3"
address: "localhost:46799"
dataStreamAddress: "localhost:40281"
clientAddress: "localhost:46547"
adminAddress: "localhost:45171"
startupRole: FOLLOWER
,id: "s4"
address: "localhost:39419"
dataStreamAddress: "localhost:46687"
clientAddress: "localhost:41785"
adminAddress: "localhost:43995"
startupRole: FOLLOWER
,id: "s0"
address: "localhost:42481"
dataStreamAddress: "localhost:43981"
clientAddress: "localhost:42743"
adminAddress: "localhost:44771"
startupRole: FOLLOWER
,id: "s1"
address: "localhost:44073"
dataStreamAddress: "localhost:35501"
clientAddress: "localhost:39477"
adminAddress: "localhost:36871"
startupRole: FOLLOWER
,id: "s2"
address: "localhost:38365"
dataStreamAddress: "localhost:38285"
clientAddress: "localhost:40537"
adminAddress: "localhost:35135"
startupRole: FOLLOWER
, old:)]
2022-09-14 11:47:16,341 [s4-server-thread2] INFO  server.RaftServer$Division (RaftServerImpl.java:checkInconsistentAppendEntries(1576)) - s4@group-12AB68C5691F: Failed appendEntries as the first entry (index 0) already exists (snapshotIndex: -1, commitIndex: 0)
2022-09-14 11:47:16,341 [s4-server-thread2] INFO  server.RaftServer$Division (RaftServerImpl.java:checkInconsistentAppendEntries(1556)) - s4@group-12AB68C5691F: inconsistency entries. Reply:s2<-s4#105:FAIL-t2,INCONSISTENCY,nextIndex=1,followerCommit=0,matchIndex=-1
2022-09-14 11:47:16,341 [grpc-default-executor-39] INFO  leader.FollowerInfo (FollowerInfoImpl.java:lambda$new$0(48)) - s2@group-12AB68C5691F->s4: nextIndex: updateUnconditionally 1 -> 1
2022-09-14 11:47:16,418 [s4-server-thread2] INFO  server.RaftServer$Division (RaftServerImpl.java:checkInconsistentAppendEntries(1586)) - s4@group-12AB68C5691F: Failed appendEntries as previous log entry ((t:2, i:0)) is not found
2022-09-14 11:47:16,418 [s4-server-thread2] INFO  server.RaftServer$Division (RaftServerImpl.java:checkInconsistentAppendEntries(1556)) - s4@group-12AB68C5691F: inconsistency entries. Reply:s2<-s4#106:FAIL-t2,INCONSISTENCY,nextIndex=0,followerCommit=0,matchIndex=-1
2022-09-14 11:47:16,418 [grpc-default-executor-39] INFO  leader.FollowerInfo (FollowerInfoImpl.java:lambda$new$0(48)) - s2@group-12AB68C5691F->s4: nextIndex: updateUnconditionally 1 -> 0
2022-09-14 11:47:16,420 [Time-limited test] INFO  grpc.TestLeaderElectionWithGrpc (LeaderElectionTests.java:enforceLeader(292)) - try enforcing leader to s4 but new leader is s2
2022-09-14 11:47:16,420 [Time-limited test] INFO  server.RaftServerConfigKeys (ConfUtils.java:logGet(46)) - raft.server.rpc.timeout.max = 300ms (default)
2022-09-14 11:47:16,420 [s4-server-thread2] INFO  util.CodeInjectionForTesting (BlockRequestHandlingInjection.java:execute(77)) - s4: Block request from s2
2022-09-14 11:47:16,482 [s2@group-12AB68C5691F->s3-GrpcLogAppender-LogAppenderDaemon] INFO  util.CodeInjectionForTesting (DelayLocalExecutionInjection.java:execute(65)) - s2 delay 150 ms, args=[serverRequest {
  requestorId: "s2"
  replyId: "s3"
  raftGroupId {
    id: "\326\216l\301\220x@5\222b\022\253h\305i\037"
  }
  callId: 67
  slidingWindowEntry {
  }
}
leaderTerm: 2
previousLog {
  term: 2
}
initializing: true
commitInfos {
  server {
    id: "s2"
    address: "localhost:38365"
    dataStreamAddress: "localhost:38285"
    clientAddress: "localhost:40537"
    adminAddress: "localhost:35135"
    startupRole: FOLLOWER
  }
}
commitInfos {
  server {
    id: "s3"
    address: "localhost:46799"
    dataStreamAddress: "localhost:40281"
    clientAddress: "localhost:46547"
    adminAddress: "localhost:45171"
    startupRole: FOLLOWER
  }
}
commitInfos {
  server {
    id: "s4"
    address: "localhost:39419"
    dataStreamAddress: "localhost:46687"
    clientAddress: "localhost:41785"
    adminAddress: "localhost:43995"
    startupRole: FOLLOWER
  }
}
commitInfos {
  server {
    id: "s0"
    address: "localhost:42481"
    dataStreamAddress: "localhost:43981"
    clientAddress: "localhost:42743"
    adminAddress: "localhost:44771"
    startupRole: FOLLOWER
  }
}
commitInfos {
  server {
    id: "s1"
    address: "localhost:44073"
    dataStreamAddress: "localhost:35501"
    clientAddress: "localhost:39477"
    adminAddress: "localhost:36871"
    startupRole: FOLLOWER
  }
}
]
2022-09-14 11:47:16,482 [s2@group-12AB68C5691F->s1-GrpcLogAppender-LogAppenderDaemon] INFO  util.CodeInjectionForTesting (DelayLocalExecutionInjection.java:execute(65)) - s2 delay 150 ms, args=[serverRequest {
  requestorId: "s2"
  replyId: "s1"
  raftGroupId {
    id: "\326\216l\301\220x@5\222b\022\253h\305i\037"
  }
  callId: 58
  slidingWindowEntry {
  }
}
leaderTerm: 2
previousLog {
  term: 2
}
initializing: true
commitInfos {
  server {
    id: "s2"
    address: "localhost:38365"
    dataStreamAddress: "localhost:38285"
    clientAddress: "localhost:40537"
    adminAddress: "localhost:35135"
    startupRole: FOLLOWER
  }
}
commitInfos {
  server {
    id: "s3"
    address: "localhost:46799"
    dataStreamAddress: "localhost:40281"
    clientAddress: "localhost:46547"
    adminAddress: "localhost:45171"
    startupRole: FOLLOWER
  }
}
commitInfos {
  server {
    id: "s4"
    address: "localhost:39419"
    dataStreamAddress: "localhost:46687"
    clientAddress: "localhost:41785"
    adminAddress: "localhost:43995"
    startupRole: FOLLOWER
  }
}
commitInfos {
  server {
    id: "s0"
    address: "localhost:42481"
    dataStreamAddress: "localhost:43981"
    clientAddress: "localhost:42743"
    adminAddress: "localhost:44771"
    startupRole: FOLLOWER
  }
}
commitInfos {
  server {
    id: "s1"
    address: "localhost:44073"
    dataStreamAddress: "localhost:35501"
    clientAddress: "localhost:39477"
    adminAddress: "localhost:36871"
    startupRole: FOLLOWER
  }
}
]
2022-09-14 11:47:16,483 [s2@group-12AB68C5691F->s0-GrpcLogAppender-LogAppenderDaemon] INFO  util.CodeInjectionForTesting (DelayLocalExecutionInjection.java:execute(65)) - s2 delay 150 ms, args=[serverRequest {
  requestorId: "s2"
  replyId: "s0"
  raftGroupId {
    id: "\326\216l\301\220x@5\222b\022\253h\305i\037"
  }
  callId: 58
  slidingWindowEntry {
  }
}
leaderTerm: 2
previousLog {
  term: 2
}
initializing: true
commitInfos {
  server {
    id: "s2"
    address: "localhost:38365"
    dataStreamAddress: "localhost:38285"
    clientAddress: "localhost:40537"
    adminAddress: "localhost:35135"
    startupRole: FOLLOWER
  }
}
commitInfos {
  server {
    id: "s3"
    address: "localhost:46799"
    dataStreamAddress: "localhost:40281"
    clientAddress: "localhost:46547"
    adminAddress: "localhost:45171"
    startupRole: FOLLOWER
  }
}
commitInfos {
  server {
    id: "s4"
    address: "localhost:39419"
    dataStreamAddress: "localhost:46687"
    clientAddress: "localhost:41785"
    adminAddress: "localhost:43995"
    startupRole: FOLLOWER
  }
}
commitInfos {
  server {
    id: "s0"
    address: "localhost:42481"
    dataStreamAddress: "localhost:43981"
    clientAddress: "localhost:42743"
    adminAddress: "localhost:44771"
    startupRole: FOLLOWER
  }
}
commitInfos {
  server {
    id: "s1"
    address: "localhost:44073"
    dataStreamAddress: "localhost:35501"
    clientAddress: "localhost:39477"
    adminAddress: "localhost:36871"
    startupRole: FOLLOWER
  }
}
]
2022-09-14 11:47:16,494 [s2@group-12AB68C5691F->s4-GrpcLogAppender-LogAppenderDaemon] INFO  util.CodeInjectionForTesting (DelayLocalExecutionInjection.java:execute(65)) - s2 delay 150 ms, args=[serverRequest {
  requestorId: "s2"
  replyId: "s4"
  raftGroupId {
    id: "\326\216l\301\220x@5\222b\022\253h\305i\037"
  }
  callId: 108
  slidingWindowEntry {
  }
}
leaderTerm: 2
initializing: true
commitInfos {
  server {
    id: "s2"
    address: "localhost:38365"
    dataStreamAddress: "localhost:38285"
    clientAddress: "localhost:40537"
    adminAddress: "localhost:35135"
    startupRole: FOLLOWER
  }
}
commitInfos {
  server {
    id: "s3"
    address: "localhost:46799"
    dataStreamAddress: "localhost:40281"
    clientAddress: "localhost:46547"
    adminAddress: "localhost:45171"
    startupRole: FOLLOWER
  }
}
commitInfos {
  server {
    id: "s4"
    address: "localhost:39419"
    dataStreamAddress: "localhost:46687"
    clientAddress: "localhost:41785"
    adminAddress: "localhost:43995"
    startupRole: FOLLOWER
  }
}
commitInfos {
  server {
    id: "s0"
    address: "localhost:42481"
    dataStreamAddress: "localhost:43981"
    clientAddress: "localhost:42743"
    adminAddress: "localhost:44771"
    startupRole: FOLLOWER
  }
}
commitInfos {
  server {
    id: "s1"
    address: "localhost:44073"
    dataStreamAddress: "localhost:35501"
    clientAddress: "localhost:39477"
    adminAddress: "localhost:36871"
    startupRole: FOLLOWER
  }
}
]
2022-09-14 11:47:16,645 [s4-server-thread1] INFO  util.CodeInjectionForTesting (BlockRequestHandlingInjection.java:execute(77)) - s4: Block request from s2
2022-09-14 11:47:16,682 [s2@group-12AB68C5691F->s4-GrpcLogAppender-LogAppenderDaemon] INFO  util.CodeInjectionForTesting (DelayLocalExecutionInjection.java:execute(65)) - s2 delay 150 ms, args=[serverRequest {
  requestorId: "s2"
  replyId: "s4"
  raftGroupId {
    id: "\326\216l\301\220x@5\222b\022\253h\305i\037"
  }
  callId: 109
  slidingWindowEntry {
  }
}
leaderTerm: 2
initializing: true
commitInfos {
  server {
    id: "s2"
    address: "localhost:38365"
    dataStreamAddress: "localhost:38285"
    clientAddress: "localhost:40537"
    adminAddress: "localhost:35135"
    startupRole: FOLLOWER
  }
}
commitInfos {
  server {
    id: "s3"
    address: "localhost:46799"
    dataStreamAddress: "localhost:40281"
    clientAddress: "localhost:46547"
    adminAddress: "localhost:45171"
    startupRole: FOLLOWER
  }
}
commitInfos {
  server {
    id: "s4"
    address: "localhost:39419"
    dataStreamAddress: "localhost:46687"
    clientAddress: "localhost:41785"
    adminAddress: "localhost:43995"
    startupRole: FOLLOWER
  }
}
commitInfos {
  server {
    id: "s0"
    address: "localhost:42481"
    dataStreamAddress: "localhost:43981"
    clientAddress: "localhost:42743"
    adminAddress: "localhost:44771"
    startupRole: FOLLOWER
  }
}
commitInfos {
  server {
    id: "s1"
    address: "localhost:44073"
    dataStreamAddress: "localhost:35501"
    clientAddress: "localhost:39477"
    adminAddress: "localhost:36871"
    startupRole: FOLLOWER
  }
}
]
2022-09-14 11:47:16,710 [s2@group-12AB68C5691F->s3-GrpcLogAppender-LogAppenderDaemon] INFO  util.CodeInjectionForTesting (DelayLocalExecutionInjection.java:execute(65)) - s2 delay 150 ms, args=[serverRequest {
  requestorId: "s2"
  replyId: "s3"
  raftGroupId {
    id: "\326\216l\301\220x@5\222b\022\253h\305i\037"
  }
  callId: 68
  slidingWindowEntry {
  }
}
leaderTerm: 2
previousLog {
  term: 2
}
initializing: true
commitInfos {
  server {
    id: "s2"
    address: "localhost:38365"
    dataStreamAddress: "localhost:38285"
    clientAddress: "localhost:40537"
    adminAddress: "localhost:35135"
    startupRole: FOLLOWER
  }
}
commitInfos {
  server {
    id: "s3"
    address: "localhost:46799"
    dataStreamAddress: "localhost:40281"
    clientAddress: "localhost:46547"
    adminAddress: "localhost:45171"
    startupRole: FOLLOWER
  }
}
commitInfos {
  server {
    id: "s4"
    address: "localhost:39419"
    dataStreamAddress: "localhost:46687"
    clientAddress: "localhost:41785"
    adminAddress: "localhost:43995"
    startupRole: FOLLOWER
  }
}
commitInfos {
  server {
    id: "s0"
    address: "localhost:42481"
    dataStreamAddress: "localhost:43981"
    clientAddress: "localhost:42743"
    adminAddress: "localhost:44771"
    startupRole: FOLLOWER
  }
}
commitInfos {
  server {
    id: "s1"
    address: "localhost:44073"
    dataStreamAddress: "localhost:35501"
    clientAddress: "localhost:39477"
    adminAddress: "localhost:36871"
    startupRole: FOLLOWER
  }
}
]
2022-09-14 11:47:16,710 [s2@group-12AB68C5691F->s1-GrpcLogAppender-LogAppenderDaemon] INFO  util.CodeInjectionForTesting (DelayLocalExecutionInjection.java:execute(65)) - s2 delay 150 ms, args=[serverRequest {
  requestorId: "s2"
  replyId: "s1"
  raftGroupId {
    id: "\326\216l\301\220x@5\222b\022\253h\305i\037"
  }
  callId: 59
  slidingWindowEntry {
  }
}
leaderTerm: 2
previousLog {
  term: 2
}
initializing: true
commitInfos {
  server {
    id: "s2"
    address: "localhost:38365"
    dataStreamAddress: "localhost:38285"
    clientAddress: "localhost:40537"
    adminAddress: "localhost:35135"
    startupRole: FOLLOWER
  }
}
commitInfos {
  server {
    id: "s3"
    address: "localhost:46799"
    dataStreamAddress: "localhost:40281"
    clientAddress: "localhost:46547"
    adminAddress: "localhost:45171"
    startupRole: FOLLOWER
  }
}
commitInfos {
  server {
    id: "s4"
    address: "localhost:39419"
    dataStreamAddress: "localhost:46687"
    clientAddress: "localhost:41785"
    adminAddress: "localhost:43995"
    startupRole: FOLLOWER
  }
}
commitInfos {
  server {
    id: "s0"
    address: "localhost:42481"
    dataStreamAddress: "localhost:43981"
    clientAddress: "localhost:42743"
    adminAddress: "localhost:44771"
    startupRole: FOLLOWER
  }
}
commitInfos {
  server {
    id: "s1"
    address: "localhost:44073"
    dataStreamAddress: "localhost:35501"
    clientAddress: "localhost:39477"
    adminAddress: "localhost:36871"
    startupRole: FOLLOWER
  }
}
]
2022-09-14 11:47:16,710 [s2@group-12AB68C5691F->s0-GrpcLogAppender-LogAppenderDaemon] INFO  util.CodeInjectionForTesting (DelayLocalExecutionInjection.java:execute(65)) - s2 delay 150 ms, args=[serverRequest {
  requestorId: "s2"
  replyId: "s0"
  raftGroupId {
    id: "\326\216l\301\220x@5\222b\022\253h\305i\037"
  }
  callId: 59
  slidingWindowEntry {
  }
}
leaderTerm: 2
previousLog {
  term: 2
}
initializing: true
commitInfos {
  server {
    id: "s2"
    address: "localhost:38365"
    dataStreamAddress: "localhost:38285"
    clientAddress: "localhost:40537"
    adminAddress: "localhost:35135"
    startupRole: FOLLOWER
  }
}
commitInfos {
  server {
    id: "s3"
    address: "localhost:46799"
    dataStreamAddress: "localhost:40281"
    clientAddress: "localhost:46547"
    adminAddress: "localhost:45171"
    startupRole: FOLLOWER
  }
}
commitInfos {
  server {
    id: "s4"
    address: "localhost:39419"
    dataStreamAddress: "localhost:46687"
    clientAddress: "localhost:41785"
    adminAddress: "localhost:43995"
    startupRole: FOLLOWER
  }
}
commitInfos {
  server {
    id: "s0"
    address: "localhost:42481"
    dataStreamAddress: "localhost:43981"
    clientAddress: "localhost:42743"
    adminAddress: "localhost:44771"
    startupRole: FOLLOWER
  }
}
commitInfos {
  server {
    id: "s1"
    address: "localhost:44073"
    dataStreamAddress: "localhost:35501"
    clientAddress: "localhost:39477"
    adminAddress: "localhost:36871"
    startupRole: FOLLOWER
  }
}
]
2022-09-14 11:47:16,833 [s4@group-12AB68C5691F-FollowerState] INFO  impl.FollowerState (FollowerState.java:run(141)) - s4@group-12AB68C5691F-FollowerState: change to CANDIDATE, lastRpcElapsedTime:414768168ns, electionTimeout:190ms
2022-09-14 11:47:16,833 [s4@group-12AB68C5691F-FollowerState] INFO  impl.RoleInfo (RoleInfo.java:shutdownFollowerState(110)) - s4: shutdown s4@group-12AB68C5691F-FollowerState
2022-09-14 11:47:16,833 [s4@group-12AB68C5691F-FollowerState] INFO  server.RaftServer$Division (RaftServerImpl.java:setRole(317)) - s4@group-12AB68C5691F: changes role from  FOLLOWER to CANDIDATE at term 2 for changeToCandidate
2022-09-14 11:47:16,833 [s4@group-12AB68C5691F-FollowerState] INFO  server.RaftServerConfigKeys (ConfUtils.java:logGet(46)) - raft.server.leaderelection.pre-vote = true (default)
2022-09-14 11:47:16,833 [s4@group-12AB68C5691F-FollowerState] INFO  impl.RoleInfo (RoleInfo.java:updateAndGet(139)) - s4: start s4@group-12AB68C5691F-LeaderElection19
2022-09-14 11:47:16,834 [s4@group-12AB68C5691F-LeaderElection19] INFO  server.RaftServer$Division (ServerState.java:setLeader(259)) - s4@group-12AB68C5691F: change Leader from s2 to null at term 2 for PRE_VOTE
2022-09-14 11:47:16,834 [s4@group-12AB68C5691F-LeaderElection19] INFO  impl.LeaderElection (LeaderElection.java:askForVotes(308)) - s4@group-12AB68C5691F-LeaderElection19 PRE_VOTE round 0: submit vote requests at term 2 for 0: peers:[s3|rpc:localhost:46799|admin:localhost:45171|client:localhost:46547|dataStream:localhost:40281|priority:0|startupRole:FOLLOWER, s4|rpc:localhost:39419|admin:localhost:43995|client:localhost:41785|dataStream:localhost:46687|priority:0|startupRole:FOLLOWER, s0|rpc:localhost:42481|admin:localhost:44771|client:localhost:42743|dataStream:localhost:43981|priority:0|startupRole:FOLLOWER, s1|rpc:localhost:44073|admin:localhost:36871|client:localhost:39477|dataStream:localhost:35501|priority:0|startupRole:FOLLOWER, s2|rpc:localhost:38365|admin:localhost:35135|client:localhost:40537|dataStream:localhost:38285|priority:0|startupRole:FOLLOWER]|listeners:[], old=null
2022-09-14 11:47:16,837 [grpc-default-executor-46] INFO  server.RaftServer$Division (RaftServerImpl.java:requestVote(1281)) - s1@group-12AB68C5691F: receive requestVote(PRE_VOTE, s4, group-12AB68C5691F, 2, (t:1, i:0))
2022-09-14 11:47:16,837 [grpc-default-executor-46] INFO  impl.VoteContext (VoteContext.java:log(49)) - s1@group-12AB68C5691F-FOLLOWER: reject PRE_VOTE from s4: our last entry (t:2, i:0) > candidate's last entry (t:1, i:0)
2022-09-14 11:47:16,837 [grpc-default-executor-46] INFO  server.RaftServer$Division (RaftServerImpl.java:requestVote(1314)) - s1@group-12AB68C5691F replies to PRE_VOTE vote request: s4<-s1#0:FAIL-t2. Peer's state: s1@group-12AB68C5691F:t2, leader=s2, voted=s2, raftlog=Memoized:s1@group-12AB68C5691F-SegmentedRaftLog:OPENED:c0, conf=0: peers:[s3|rpc:localhost:46799|admin:localhost:45171|client:localhost:46547|dataStream:localhost:40281|priority:0|startupRole:FOLLOWER, s4|rpc:localhost:39419|admin:localhost:43995|client:localhost:41785|dataStream:localhost:46687|priority:0|startupRole:FOLLOWER, s0|rpc:localhost:42481|admin:localhost:44771|client:localhost:42743|dataStream:localhost:43981|priority:0|startupRole:FOLLOWER, s1|rpc:localhost:44073|admin:localhost:36871|client:localhost:39477|dataStream:localhost:35501|priority:0|startupRole:FOLLOWER, s2|rpc:localhost:38365|admin:localhost:35135|client:localhost:40537|dataStream:localhost:38285|priority:0|startupRole:FOLLOWER]|listeners:[], old=null
2022-09-14 11:47:16,839 [grpc-default-executor-19] INFO  server.RaftServer$Division (RaftServerImpl.java:requestVote(1281)) - s0@group-12AB68C5691F: receive requestVote(PRE_VOTE, s4, group-12AB68C5691F, 2, (t:1, i:0))
2022-09-14 11:47:16,839 [grpc-default-executor-19] INFO  impl.VoteContext (VoteContext.java:log(49)) - s0@group-12AB68C5691F-FOLLOWER: reject PRE_VOTE from s4: our last entry (t:2, i:0) > candidate's last entry (t:1, i:0)
2022-09-14 11:47:16,839 [grpc-default-executor-19] INFO  server.RaftServer$Division (RaftServerImpl.java:requestVote(1314)) - s0@group-12AB68C5691F replies to PRE_VOTE vote request: s4<-s0#0:FAIL-t2. Peer's state: s0@group-12AB68C5691F:t2, leader=s2, voted=s2, raftlog=Memoized:s0@group-12AB68C5691F-SegmentedRaftLog:OPENED:c0, conf=0: peers:[s3|rpc:localhost:46799|admin:localhost:45171|client:localhost:46547|dataStream:localhost:40281|priority:0|startupRole:FOLLOWER, s4|rpc:localhost:39419|admin:localhost:43995|client:localhost:41785|dataStream:localhost:46687|priority:0|startupRole:FOLLOWER, s0|rpc:localhost:42481|admin:localhost:44771|client:localhost:42743|dataStream:localhost:43981|priority:0|startupRole:FOLLOWER, s1|rpc:localhost:44073|admin:localhost:36871|client:localhost:39477|dataStream:localhost:35501|priority:0|startupRole:FOLLOWER, s2|rpc:localhost:38365|admin:localhost:35135|client:localhost:40537|dataStream:localhost:38285|priority:0|startupRole:FOLLOWER]|listeners:[], old=null
2022-09-14 11:47:16,842 [grpc-default-executor-19] INFO  server.RaftServer$Division (RaftServerImpl.java:requestVote(1281)) - s3@group-12AB68C5691F: receive requestVote(PRE_VOTE, s4, group-12AB68C5691F, 2, (t:1, i:0))
2022-09-14 11:47:16,842 [grpc-default-executor-19] INFO  impl.VoteContext (VoteContext.java:log(49)) - s3@group-12AB68C5691F-FOLLOWER: reject PRE_VOTE from s4: our last entry (t:2, i:0) > candidate's last entry (t:1, i:0)
2022-09-14 11:47:16,842 [grpc-default-executor-19] INFO  server.RaftServer$Division (RaftServerImpl.java:requestVote(1314)) - s3@group-12AB68C5691F replies to PRE_VOTE vote request: s4<-s3#0:FAIL-t2. Peer's state: s3@group-12AB68C5691F:t2, leader=s2, voted=s2, raftlog=Memoized:s3@group-12AB68C5691F-SegmentedRaftLog:OPENED:c0, conf=0: peers:[s3|rpc:localhost:46799|admin:localhost:45171|client:localhost:46547|dataStream:localhost:40281|priority:0|startupRole:FOLLOWER, s4|rpc:localhost:39419|admin:localhost:43995|client:localhost:41785|dataStream:localhost:46687|priority:0|startupRole:FOLLOWER, s0|rpc:localhost:42481|admin:localhost:44771|client:localhost:42743|dataStream:localhost:43981|priority:0|startupRole:FOLLOWER, s1|rpc:localhost:44073|admin:localhost:36871|client:localhost:39477|dataStream:localhost:35501|priority:0|startupRole:FOLLOWER, s2|rpc:localhost:38365|admin:localhost:35135|client:localhost:40537|dataStream:localhost:38285|priority:0|startupRole:FOLLOWER]|listeners:[], old=null
2022-09-14 11:47:16,843 [s4@group-12AB68C5691F-LeaderElection19] INFO  impl.LeaderElection (LeaderElection.java:logAndReturn(89)) - s4@group-12AB68C5691F-LeaderElection19: PRE_VOTE REJECTED received 3 response(s) and 0 exception(s):
2022-09-14 11:47:16,843 [s4@group-12AB68C5691F-LeaderElection19] INFO  impl.LeaderElection (LeaderElection.java:logAndReturn(93)) -   Response 0: s4<-s3#0:FAIL-t2
2022-09-14 11:47:16,843 [s4@group-12AB68C5691F-LeaderElection19] INFO  impl.LeaderElection (LeaderElection.java:logAndReturn(93)) -   Response 1: s4<-s0#0:FAIL-t2
2022-09-14 11:47:16,843 [s4@group-12AB68C5691F-LeaderElection19] INFO  impl.LeaderElection (LeaderElection.java:logAndReturn(93)) -   Response 2: s4<-s1#0:FAIL-t2
2022-09-14 11:47:16,843 [s4@group-12AB68C5691F-LeaderElection19] INFO  impl.LeaderElection (LeaderElection.java:askForVotes(310)) - s4@group-12AB68C5691F-LeaderElection19 PRE_VOTE round 0: result REJECTED
2022-09-14 11:47:16,843 [s4@group-12AB68C5691F-LeaderElection19] INFO  server.RaftServer$Division (RaftServerImpl.java:setRole(317)) - s4@group-12AB68C5691F: changes role from CANDIDATE to FOLLOWER at term 2 for REJECTED
2022-09-14 11:47:16,843 [s4@group-12AB68C5691F-LeaderElection19] INFO  impl.RoleInfo (RoleInfo.java:shutdownLeaderElection(130)) - s4: shutdown s4@group-12AB68C5691F-LeaderElection19
2022-09-14 11:47:16,843 [s4@group-12AB68C5691F-LeaderElection19] INFO  impl.RoleInfo (RoleInfo.java:updateAndGet(139)) - s4: start s4@group-12AB68C5691F-FollowerState
2022-09-14 11:47:16,844 [grpc-default-executor-19] INFO  server.RaftServer$Division (RaftServerImpl.java:requestVote(1281)) - s2@group-12AB68C5691F: receive requestVote(PRE_VOTE, s4, group-12AB68C5691F, 2, (t:1, i:0))
2022-09-14 11:47:16,844 [grpc-default-executor-19] INFO  impl.VoteContext (VoteContext.java:log(49)) - s2@group-12AB68C5691F-LEADER: reject PRE_VOTE from s4: this server is the leader and still has leadership
2022-09-14 11:47:16,845 [grpc-default-executor-19] INFO  server.RaftServer$Division (RaftServerImpl.java:requestVote(1314)) - s2@group-12AB68C5691F replies to PRE_VOTE vote request: s4<-s2#0:FAIL-t2. Peer's state: s2@group-12AB68C5691F:t2, leader=s2, voted=s2, raftlog=Memoized:s2@group-12AB68C5691F-SegmentedRaftLog:OPENED:c0, conf=0: peers:[s3|rpc:localhost:46799|admin:localhost:45171|client:localhost:46547|dataStream:localhost:40281|priority:0|startupRole:FOLLOWER, s4|rpc:localhost:39419|admin:localhost:43995|client:localhost:41785|dataStream:localhost:46687|priority:0|startupRole:FOLLOWER, s0|rpc:localhost:42481|admin:localhost:44771|client:localhost:42743|dataStream:localhost:43981|priority:0|startupRole:FOLLOWER, s1|rpc:localhost:44073|admin:localhost:36871|client:localhost:39477|dataStream:localhost:35501|priority:0|startupRole:FOLLOWER, s2|rpc:localhost:38365|admin:localhost:35135|client:localhost:40537|dataStream:localhost:38285|priority:0|startupRole:FOLLOWER]|listeners:[], old=null
2022-09-14 11:47:16,871 [s2@group-12AB68C5691F->s4-GrpcLogAppender-LogAppenderDaemon] INFO  util.CodeInjectionForTesting (DelayLocalExecutionInjection.java:execute(65)) - s2 delay 150 ms, args=[serverRequest {
  requestorId: "s2"
  replyId: "s4"
  raftGroupId {
    id: "\326\216l\301\220x@5\222b\022\253h\305i\037"
  }
  callId: 110
  slidingWindowEntry {
  }
}
leaderTerm: 2
initializing: true
commitInfos {
  server {
    id: "s2"
    address: "localhost:38365"
    dataStreamAddress: "localhost:38285"
    clientAddress: "localhost:40537"
    adminAddress: "localhost:35135"
    startupRole: FOLLOWER
  }
}
commitInfos {
  server {
    id: "s3"
    address: "localhost:46799"
    dataStreamAddress: "localhost:40281"
    clientAddress: "localhost:46547"
    adminAddress: "localhost:45171"
    startupRole: FOLLOWER
  }
}
commitInfos {
  server {
    id: "s4"
    address: "localhost:39419"
    dataStreamAddress: "localhost:46687"
    clientAddress: "localhost:41785"
    adminAddress: "localhost:43995"
    startupRole: FOLLOWER
  }
}
commitInfos {
  server {
    id: "s0"
    address: "localhost:42481"
    dataStreamAddress: "localhost:43981"
    clientAddress: "localhost:42743"
    adminAddress: "localhost:44771"
    startupRole: FOLLOWER
  }
}
commitInfos {
  server {
    id: "s1"
    address: "localhost:44073"
    dataStreamAddress: "localhost:35501"
    clientAddress: "localhost:39477"
    adminAddress: "localhost:36871"
    startupRole: FOLLOWER
  }
}
]
2022-09-14 11:47:16,938 [s2@group-12AB68C5691F->s3-GrpcLogAppender-LogAppenderDaemon] INFO  util.CodeInjectionForTesting (DelayLocalExecutionInjection.java:execute(65)) - s2 delay 150 ms, args=[serverRequest {
  requestorId: "s2"
  replyId: "s3"
  raftGroupId {
    id: "\326\216l\301\220x@5\222b\022\253h\305i\037"
  }
  callId: 69
  slidingWindowEntry {
  }
}
leaderTerm: 2
previousLog {
  term: 2
}
initializing: true
commitInfos {
  server {
    id: "s2"
    address: "localhost:38365"
    dataStreamAddress: "localhost:38285"
    clientAddress: "localhost:40537"
    adminAddress: "localhost:35135"
    startupRole: FOLLOWER
  }
}
commitInfos {
  server {
    id: "s3"
    address: "localhost:46799"
    dataStreamAddress: "localhost:40281"
    clientAddress: "localhost:46547"
    adminAddress: "localhost:45171"
    startupRole: FOLLOWER
  }
}
commitInfos {
  server {
    id: "s4"
    address: "localhost:39419"
    dataStreamAddress: "localhost:46687"
    clientAddress: "localhost:41785"
    adminAddress: "localhost:43995"
    startupRole: FOLLOWER
  }
}
commitInfos {
  server {
    id: "s0"
    address: "localhost:42481"
    dataStreamAddress: "localhost:43981"
    clientAddress: "localhost:42743"
    adminAddress: "localhost:44771"
    startupRole: FOLLOWER
  }
}
commitInfos {
  server {
    id: "s1"
    address: "localhost:44073"
    dataStreamAddress: "localhost:35501"
    clientAddress: "localhost:39477"
    adminAddress: "localhost:36871"
    startupRole: FOLLOWER
  }
}
]
2022-09-14 11:47:16,938 [s2@group-12AB68C5691F->s0-GrpcLogAppender-LogAppenderDaemon] INFO  util.CodeInjectionForTesting (DelayLocalExecutionInjection.java:execute(65)) - s2 delay 150 ms, args=[serverRequest {
  requestorId: "s2"
  replyId: "s0"
  raftGroupId {
    id: "\326\216l\301\220x@5\222b\022\253h\305i\037"
  }
  callId: 60
  slidingWindowEntry {
  }
}
leaderTerm: 2
previousLog {
  term: 2
}
initializing: true
commitInfos {
  server {
    id: "s2"
    address: "localhost:38365"
    dataStreamAddress: "localhost:38285"
    clientAddress: "localhost:40537"
    adminAddress: "localhost:35135"
    startupRole: FOLLOWER
  }
}
commitInfos {
  server {
    id: "s3"
    address: "localhost:46799"
    dataStreamAddress: "localhost:40281"
    clientAddress: "localhost:46547"
    adminAddress: "localhost:45171"
    startupRole: FOLLOWER
  }
}
commitInfos {
  server {
    id: "s4"
    address: "localhost:39419"
    dataStreamAddress: "localhost:46687"
    clientAddress: "localhost:41785"
    adminAddress: "localhost:43995"
    startupRole: FOLLOWER
  }
}
commitInfos {
  server {
    id: "s0"
    address: "localhost:42481"
    dataStreamAddress: "localhost:43981"
    clientAddress: "localhost:42743"
    adminAddress: "localhost:44771"
    startupRole: FOLLOWER
  }
}
commitInfos {
  server {
    id: "s1"
    address: "localhost:44073"
    dataStreamAddress: "localhost:35501"
    clientAddress: "localhost:39477"
    adminAddress: "localhost:36871"
    startupRole: FOLLOWER
  }
}
]
2022-09-14 11:47:16,938 [s2@group-12AB68C5691F->s1-GrpcLogAppender-LogAppenderDaemon] INFO  util.CodeInjectionForTesting (DelayLocalExecutionInjection.java:execute(65)) - s2 delay 150 ms, args=[serverRequest {
  requestorId: "s2"
  replyId: "s1"
  raftGroupId {
    id: "\326\216l\301\220x@5\222b\022\253h\305i\037"
  }
  callId: 60
  slidingWindowEntry {
  }
}
leaderTerm: 2
previousLog {
  term: 2
}
initializing: true
commitInfos {
  server {
    id: "s2"
    address: "localhost:38365"
    dataStreamAddress: "localhost:38285"
    clientAddress: "localhost:40537"
    adminAddress: "localhost:35135"
    startupRole: FOLLOWER
  }
}
commitInfos {
  server {
    id: "s3"
    address: "localhost:46799"
    dataStreamAddress: "localhost:40281"
    clientAddress: "localhost:46547"
    adminAddress: "localhost:45171"
    startupRole: FOLLOWER
  }
}
commitInfos {
  server {
    id: "s4"
    address: "localhost:39419"
    dataStreamAddress: "localhost:46687"
    clientAddress: "localhost:41785"
    adminAddress: "localhost:43995"
    startupRole: FOLLOWER
  }
}
commitInfos {
  server {
    id: "s0"
    address: "localhost:42481"
    dataStreamAddress: "localhost:43981"
    clientAddress: "localhost:42743"
    adminAddress: "localhost:44771"
    startupRole: FOLLOWER
  }
}
commitInfos {
  server {
    id: "s1"
    address: "localhost:44073"
    dataStreamAddress: "localhost:35501"
    clientAddress: "localhost:39477"
    adminAddress: "localhost:36871"
    startupRole: FOLLOWER
  }
}
]
2022-09-14 11:47:17,059 [s2@group-12AB68C5691F->s4-GrpcLogAppender-LogAppenderDaemon] INFO  util.CodeInjectionForTesting (DelayLocalExecutionInjection.java:execute(65)) - s2 delay 150 ms, args=[serverRequest {
  requestorId: "s2"
  replyId: "s4"
  raftGroupId {
    id: "\326\216l\301\220x@5\222b\022\253h\305i\037"
  }
  callId: 111
  slidingWindowEntry {
  }
}
leaderTerm: 2
initializing: true
commitInfos {
  server {
    id: "s2"
    address: "localhost:38365"
    dataStreamAddress: "localhost:38285"
    clientAddress: "localhost:40537"
    adminAddress: "localhost:35135"
    startupRole: FOLLOWER
  }
}
commitInfos {
  server {
    id: "s3"
    address: "localhost:46799"
    dataStreamAddress: "localhost:40281"
    clientAddress: "localhost:46547"
    adminAddress: "localhost:45171"
    startupRole: FOLLOWER
  }
}
commitInfos {
  server {
    id: "s4"
    address: "localhost:39419"
    dataStreamAddress: "localhost:46687"
    clientAddress: "localhost:41785"
    adminAddress: "localhost:43995"
    startupRole: FOLLOWER
  }
}
commitInfos {
  server {
    id: "s0"
    address: "localhost:42481"
    dataStreamAddress: "localhost:43981"
    clientAddress: "localhost:42743"
    adminAddress: "localhost:44771"
    startupRole: FOLLOWER
  }
}
commitInfos {
  server {
    id: "s1"
    address: "localhost:44073"
    dataStreamAddress: "localhost:35501"
    clientAddress: "localhost:39477"
    adminAddress: "localhost:36871"
    startupRole: FOLLOWER
  }
}
]
2022-09-14 11:47:17,084 [s4@group-12AB68C5691F-FollowerState] INFO  impl.FollowerState (FollowerState.java:run(141)) - s4@group-12AB68C5691F-FollowerState: change to CANDIDATE, lastRpcElapsedTime:241523191ns, electionTimeout:241ms
2022-09-14 11:47:17,085 [s4@group-12AB68C5691F-FollowerState] INFO  impl.RoleInfo (RoleInfo.java:shutdownFollowerState(110)) - s4: shutdown s4@group-12AB68C5691F-FollowerState
2022-09-14 11:47:17,085 [s4@group-12AB68C5691F-FollowerState] INFO  server.RaftServer$Division (RaftServerImpl.java:setRole(317)) - s4@group-12AB68C5691F: changes role from  FOLLOWER to CANDIDATE at term 2 for changeToCandidate
2022-09-14 11:47:17,085 [s4@group-12AB68C5691F-FollowerState] INFO  server.RaftServerConfigKeys (ConfUtils.java:logGet(46)) - raft.server.leaderelection.pre-vote = true (default)
2022-09-14 11:47:17,085 [s4@group-12AB68C5691F-FollowerState] INFO  impl.RoleInfo (RoleInfo.java:updateAndGet(139)) - s4: start s4@group-12AB68C5691F-LeaderElection20
2022-09-14 11:47:17,085 [s4@group-12AB68C5691F-LeaderElection20] INFO  impl.LeaderElection (LeaderElection.java:askForVotes(308)) - s4@group-12AB68C5691F-LeaderElection20 PRE_VOTE round 0: submit vote requests at term 2 for 0: peers:[s3|rpc:localhost:46799|admin:localhost:45171|client:localhost:46547|dataStream:localhost:40281|priority:0|startupRole:FOLLOWER, s4|rpc:localhost:39419|admin:localhost:43995|client:localhost:41785|dataStream:localhost:46687|priority:0|startupRole:FOLLOWER, s0|rpc:localhost:42481|admin:localhost:44771|client:localhost:42743|dataStream:localhost:43981|priority:0|startupRole:FOLLOWER, s1|rpc:localhost:44073|admin:localhost:36871|client:localhost:39477|dataStream:localhost:35501|priority:0|startupRole:FOLLOWER, s2|rpc:localhost:38365|admin:localhost:35135|client:localhost:40537|dataStream:localhost:38285|priority:0|startupRole:FOLLOWER]|listeners:[], old=null
2022-09-14 11:47:17,088 [grpc-default-executor-46] INFO  server.RaftServer$Division (RaftServerImpl.java:requestVote(1281)) - s0@group-12AB68C5691F: receive requestVote(PRE_VOTE, s4, group-12AB68C5691F, 2, (t:1, i:0))
2022-09-14 11:47:17,088 [grpc-default-executor-46] INFO  impl.VoteContext (VoteContext.java:log(49)) - s0@group-12AB68C5691F-FOLLOWER: reject PRE_VOTE from s4: our last entry (t:2, i:0) > candidate's last entry (t:1, i:0)
2022-09-14 11:47:17,088 [grpc-default-executor-46] INFO  server.RaftServer$Division (RaftServerImpl.java:requestVote(1314)) - s0@group-12AB68C5691F replies to PRE_VOTE vote request: s4<-s0#0:FAIL-t2. Peer's state: s0@group-12AB68C5691F:t2, leader=s2, voted=s2, raftlog=Memoized:s0@group-12AB68C5691F-SegmentedRaftLog:OPENED:c0, conf=0: peers:[s3|rpc:localhost:46799|admin:localhost:45171|client:localhost:46547|dataStream:localhost:40281|priority:0|startupRole:FOLLOWER, s4|rpc:localhost:39419|admin:localhost:43995|client:localhost:41785|dataStream:localhost:46687|priority:0|startupRole:FOLLOWER, s0|rpc:localhost:42481|admin:localhost:44771|client:localhost:42743|dataStream:localhost:43981|priority:0|startupRole:FOLLOWER, s1|rpc:localhost:44073|admin:localhost:36871|client:localhost:39477|dataStream:localhost:35501|priority:0|startupRole:FOLLOWER, s2|rpc:localhost:38365|admin:localhost:35135|client:localhost:40537|dataStream:localhost:38285|priority:0|startupRole:FOLLOWER]|listeners:[], old=null
2022-09-14 11:47:17,090 [grpc-default-executor-46] INFO  server.RaftServer$Division (RaftServerImpl.java:requestVote(1281)) - s1@group-12AB68C5691F: receive requestVote(PRE_VOTE, s4, group-12AB68C5691F, 2, (t:1, i:0))
2022-09-14 11:47:17,090 [grpc-default-executor-46] INFO  impl.VoteContext (VoteContext.java:log(49)) - s1@group-12AB68C5691F-FOLLOWER: reject PRE_VOTE from s4: our last entry (t:2, i:0) > candidate's last entry (t:1, i:0)
2022-09-14 11:47:17,090 [grpc-default-executor-46] INFO  server.RaftServer$Division (RaftServerImpl.java:requestVote(1314)) - s1@group-12AB68C5691F replies to PRE_VOTE vote request: s4<-s1#0:FAIL-t2. Peer's state: s1@group-12AB68C5691F:t2, leader=s2, voted=s2, raftlog=Memoized:s1@group-12AB68C5691F-SegmentedRaftLog:OPENED:c0, conf=0: peers:[s3|rpc:localhost:46799|admin:localhost:45171|client:localhost:46547|dataStream:localhost:40281|priority:0|startupRole:FOLLOWER, s4|rpc:localhost:39419|admin:localhost:43995|client:localhost:41785|dataStream:localhost:46687|priority:0|startupRole:FOLLOWER, s0|rpc:localhost:42481|admin:localhost:44771|client:localhost:42743|dataStream:localhost:43981|priority:0|startupRole:FOLLOWER, s1|rpc:localhost:44073|admin:localhost:36871|client:localhost:39477|dataStream:localhost:35501|priority:0|startupRole:FOLLOWER, s2|rpc:localhost:38365|admin:localhost:35135|client:localhost:40537|dataStream:localhost:38285|priority:0|startupRole:FOLLOWER]|listeners:[], old=null
2022-09-14 11:47:17,091 [grpc-default-executor-37] INFO  server.RaftServer$Division (RaftServerImpl.java:requestVote(1281)) - s2@group-12AB68C5691F: receive requestVote(PRE_VOTE, s4, group-12AB68C5691F, 2, (t:1, i:0))
2022-09-14 11:47:17,091 [grpc-default-executor-37] INFO  impl.VoteContext (VoteContext.java:log(49)) - s2@group-12AB68C5691F-LEADER: reject PRE_VOTE from s4: this server is the leader and still has leadership
2022-09-14 11:47:17,091 [grpc-default-executor-37] INFO  server.RaftServer$Division (RaftServerImpl.java:requestVote(1314)) - s2@group-12AB68C5691F replies to PRE_VOTE vote request: s4<-s2#0:FAIL-t2. Peer's state: s2@group-12AB68C5691F:t2, leader=s2, voted=s2, raftlog=Memoized:s2@group-12AB68C5691F-SegmentedRaftLog:OPENED:c0, conf=0: peers:[s3|rpc:localhost:46799|admin:localhost:45171|client:localhost:46547|dataStream:localhost:40281|priority:0|startupRole:FOLLOWER, s4|rpc:localhost:39419|admin:localhost:43995|client:localhost:41785|dataStream:localhost:46687|priority:0|startupRole:FOLLOWER, s0|rpc:localhost:42481|admin:localhost:44771|client:localhost:42743|dataStream:localhost:43981|priority:0|startupRole:FOLLOWER, s1|rpc:localhost:44073|admin:localhost:36871|client:localhost:39477|dataStream:localhost:35501|priority:0|startupRole:FOLLOWER, s2|rpc:localhost:38365|admin:localhost:35135|client:localhost:40537|dataStream:localhost:38285|priority:0|startupRole:FOLLOWER]|listeners:[], old=null
2022-09-14 11:47:17,092 [s4@group-12AB68C5691F-LeaderElection20] INFO  impl.LeaderElection (LeaderElection.java:logAndReturn(89)) - s4@group-12AB68C5691F-LeaderElection20: PRE_VOTE REJECTED received 3 response(s) and 0 exception(s):
2022-09-14 11:47:17,092 [s4@group-12AB68C5691F-LeaderElection20] INFO  impl.LeaderElection (LeaderElection.java:logAndReturn(93)) -   Response 0: s4<-s0#0:FAIL-t2
2022-09-14 11:47:17,093 [s4@group-12AB68C5691F-LeaderElection20] INFO  impl.LeaderElection (LeaderElection.java:logAndReturn(93)) -   Response 1: s4<-s1#0:FAIL-t2
2022-09-14 11:47:17,093 [s4@group-12AB68C5691F-LeaderElection20] INFO  impl.LeaderElection (LeaderElection.java:logAndReturn(93)) -   Response 2: s4<-s2#0:FAIL-t2
2022-09-14 11:47:17,093 [s4@group-12AB68C5691F-LeaderElection20] INFO  impl.LeaderElection (LeaderElection.java:askForVotes(310)) - s4@group-12AB68C5691F-LeaderElection20 PRE_VOTE round 0: result REJECTED
2022-09-14 11:47:17,093 [s4@group-12AB68C5691F-LeaderElection20] INFO  server.RaftServer$Division (RaftServerImpl.java:setRole(317)) - s4@group-12AB68C5691F: changes role from CANDIDATE to FOLLOWER at term 2 for REJECTED
2022-09-14 11:47:17,093 [s4@group-12AB68C5691F-LeaderElection20] INFO  impl.RoleInfo (RoleInfo.java:shutdownLeaderElection(130)) - s4: shutdown s4@group-12AB68C5691F-LeaderElection20
2022-09-14 11:47:17,093 [s4@group-12AB68C5691F-LeaderElection20] INFO  impl.RoleInfo (RoleInfo.java:updateAndGet(139)) - s4: start s4@group-12AB68C5691F-FollowerState
2022-09-14 11:47:17,097 [grpc-default-executor-37] INFO  server.RaftServer$Division (RaftServerImpl.java:requestVote(1281)) - s3@group-12AB68C5691F: receive requestVote(PRE_VOTE, s4, group-12AB68C5691F, 2, (t:1, i:0))
2022-09-14 11:47:17,097 [grpc-default-executor-37] INFO  impl.VoteContext (VoteContext.java:log(49)) - s3@group-12AB68C5691F-FOLLOWER: reject PRE_VOTE from s4: this server is a follower and still has a valid leader s2
2022-09-14 11:47:17,097 [grpc-default-executor-37] INFO  server.RaftServer$Division (RaftServerImpl.java:requestVote(1314)) - s3@group-12AB68C5691F replies to PRE_VOTE vote request: s4<-s3#0:FAIL-t2. Peer's state: s3@group-12AB68C5691F:t2, leader=s2, voted=s2, raftlog=Memoized:s3@group-12AB68C5691F-SegmentedRaftLog:OPENED:c0, conf=0: peers:[s3|rpc:localhost:46799|admin:localhost:45171|client:localhost:46547|dataStream:localhost:40281|priority:0|startupRole:FOLLOWER, s4|rpc:localhost:39419|admin:localhost:43995|client:localhost:41785|dataStream:localhost:46687|priority:0|startupRole:FOLLOWER, s0|rpc:localhost:42481|admin:localhost:44771|client:localhost:42743|dataStream:localhost:43981|priority:0|startupRole:FOLLOWER, s1|rpc:localhost:44073|admin:localhost:36871|client:localhost:39477|dataStream:localhost:35501|priority:0|startupRole:FOLLOWER, s2|rpc:localhost:38365|admin:localhost:35135|client:localhost:40537|dataStream:localhost:38285|priority:0|startupRole:FOLLOWER]|listeners:[], old=null
2022-09-14 11:47:17,168 [s2@group-12AB68C5691F->s0-GrpcLogAppender-LogAppenderDaemon] INFO  util.CodeInjectionForTesting (DelayLocalExecutionInjection.java:execute(65)) - s2 delay 150 ms, args=[serverRequest {
  requestorId: "s2"
  replyId: "s0"
  raftGroupId {
    id: "\326\216l\301\220x@5\222b\022\253h\305i\037"
  }
  callId: 61
  slidingWindowEntry {
  }
}
leaderTerm: 2
previousLog {
  term: 2
}
initializing: true
commitInfos {
  server {
    id: "s2"
    address: "localhost:38365"
    dataStreamAddress: "localhost:38285"
    clientAddress: "localhost:40537"
    adminAddress: "localhost:35135"
    startupRole: FOLLOWER
  }
}
commitInfos {
  server {
    id: "s3"
    address: "localhost:46799"
    dataStreamAddress: "localhost:40281"
    clientAddress: "localhost:46547"
    adminAddress: "localhost:45171"
    startupRole: FOLLOWER
  }
}
commitInfos {
  server {
    id: "s4"
    address: "localhost:39419"
    dataStreamAddress: "localhost:46687"
    clientAddress: "localhost:41785"
    adminAddress: "localhost:43995"
    startupRole: FOLLOWER
  }
}
commitInfos {
  server {
    id: "s0"
    address: "localhost:42481"
    dataStreamAddress: "localhost:43981"
    clientAddress: "localhost:42743"
    adminAddress: "localhost:44771"
    startupRole: FOLLOWER
  }
}
commitInfos {
  server {
    id: "s1"
    address: "localhost:44073"
    dataStreamAddress: "localhost:35501"
    clientAddress: "localhost:39477"
    adminAddress: "localhost:36871"
    startupRole: FOLLOWER
  }
}
]
2022-09-14 11:47:17,168 [s2@group-12AB68C5691F->s3-GrpcLogAppender-LogAppenderDaemon] INFO  util.CodeInjectionForTesting (DelayLocalExecutionInjection.java:execute(65)) - s2 delay 150 ms, args=[serverRequest {
  requestorId: "s2"
  replyId: "s3"
  raftGroupId {
    id: "\326\216l\301\220x@5\222b\022\253h\305i\037"
  }
  callId: 70
  slidingWindowEntry {
  }
}
leaderTerm: 2
previousLog {
  term: 2
}
initializing: true
commitInfos {
  server {
    id: "s2"
    address: "localhost:38365"
    dataStreamAddress: "localhost:38285"
    clientAddress: "localhost:40537"
    adminAddress: "localhost:35135"
    startupRole: FOLLOWER
  }
}
commitInfos {
  server {
    id: "s3"
    address: "localhost:46799"
    dataStreamAddress: "localhost:40281"
    clientAddress: "localhost:46547"
    adminAddress: "localhost:45171"
    startupRole: FOLLOWER
  }
}
commitInfos {
  server {
    id: "s4"
    address: "localhost:39419"
    dataStreamAddress: "localhost:46687"
    clientAddress: "localhost:41785"
    adminAddress: "localhost:43995"
    startupRole: FOLLOWER
  }
}
commitInfos {
  server {
    id: "s0"
    address: "localhost:42481"
    dataStreamAddress: "localhost:43981"
    clientAddress: "localhost:42743"
    adminAddress: "localhost:44771"
    startupRole: FOLLOWER
  }
}
commitInfos {
  server {
    id: "s1"
    address: "localhost:44073"
    dataStreamAddress: "localhost:35501"
    clientAddress: "localhost:39477"
    adminAddress: "localhost:36871"
    startupRole: FOLLOWER
  }
}
]
2022-09-14 11:47:17,171 [s2@group-12AB68C5691F->s1-GrpcLogAppender-LogAppenderDaemon] INFO  util.CodeInjectionForTesting (DelayLocalExecutionInjection.java:execute(65)) - s2 delay 150 ms, args=[serverRequest {
  requestorId: "s2"
  replyId: "s1"
  raftGroupId {
    id: "\326\216l\301\220x@5\222b\022\253h\305i\037"
  }
  callId: 61
  slidingWindowEntry {
  }
}
leaderTerm: 2
previousLog {
  term: 2
}
initializing: true
commitInfos {
  server {
    id: "s2"
    address: "localhost:38365"
    dataStreamAddress: "localhost:38285"
    clientAddress: "localhost:40537"
    adminAddress: "localhost:35135"
    startupRole: FOLLOWER
  }
}
commitInfos {
  server {
    id: "s3"
    address: "localhost:46799"
    dataStreamAddress: "localhost:40281"
    clientAddress: "localhost:46547"
    adminAddress: "localhost:45171"
    startupRole: FOLLOWER
  }
}
commitInfos {
  server {
    id: "s4"
    address: "localhost:39419"
    dataStreamAddress: "localhost:46687"
    clientAddress: "localhost:41785"
    adminAddress: "localhost:43995"
    startupRole: FOLLOWER
  }
}
commitInfos {
  server {
    id: "s0"
    address: "localhost:42481"
    dataStreamAddress: "localhost:43981"
    clientAddress: "localhost:42743"
    adminAddress: "localhost:44771"
    startupRole: FOLLOWER
  }
}
commitInfos {
  server {
    id: "s1"
    address: "localhost:44073"
    dataStreamAddress: "localhost:35501"
    clientAddress: "localhost:39477"
    adminAddress: "localhost:36871"
    startupRole: FOLLOWER
  }
}
]
2022-09-14 11:47:17,248 [s2@group-12AB68C5691F->s4-GrpcLogAppender-LogAppenderDaemon] INFO  util.CodeInjectionForTesting (DelayLocalExecutionInjection.java:execute(65)) - s2 delay 150 ms, args=[serverRequest {
  requestorId: "s2"
  replyId: "s4"
  raftGroupId {
    id: "\326\216l\301\220x@5\222b\022\253h\305i\037"
  }
  callId: 112
  slidingWindowEntry {
  }
}
leaderTerm: 2
initializing: true
commitInfos {
  server {
    id: "s2"
    address: "localhost:38365"
    dataStreamAddress: "localhost:38285"
    clientAddress: "localhost:40537"
    adminAddress: "localhost:35135"
    startupRole: FOLLOWER
  }
}
commitInfos {
  server {
    id: "s3"
    address: "localhost:46799"
    dataStreamAddress: "localhost:40281"
    clientAddress: "localhost:46547"
    adminAddress: "localhost:45171"
    startupRole: FOLLOWER
  }
}
commitInfos {
  server {
    id: "s4"
    address: "localhost:39419"
    dataStreamAddress: "localhost:46687"
    clientAddress: "localhost:41785"
    adminAddress: "localhost:43995"
    startupRole: FOLLOWER
  }
}
commitInfos {
  server {
    id: "s0"
    address: "localhost:42481"
    dataStreamAddress: "localhost:43981"
    clientAddress: "localhost:42743"
    adminAddress: "localhost:44771"
    startupRole: FOLLOWER
  }
}
commitInfos {
  server {
    id: "s1"
    address: "localhost:44073"
    dataStreamAddress: "localhost:35501"
    clientAddress: "localhost:39477"
    adminAddress: "localhost:36871"
    startupRole: FOLLOWER
  }
}
]
2022-09-14 11:47:17,321 [Time-limited test] INFO  server.RaftServerConfigKeys (ConfUtils.java:logGet(46)) - raft.server.rpc.timeout.max = 300ms (default)
2022-09-14 11:47:17,321 [s4-server-thread2] INFO  util.CodeInjectionForTesting (BlockRequestHandlingInjection.java:execute(84)) - s4: unBlock request from s2
2022-09-14 11:47:17,321 [s4-server-thread2] DEBUG server.RaftServer$Division (RaftServerImpl.java:logAppendEntries(1405)) - s4@group-12AB68C5691F: receive appendEntries(s2, 2, null, 0, true, commits:[s2:c0, s3:c0, s4:c0, s0:c0, s1:c0], cId:107, entries: [(t:2, i:0), CONFIGURATIONENTRY(current:id: "s3"
address: "localhost:46799"
dataStreamAddress: "localhost:40281"
clientAddress: "localhost:46547"
adminAddress: "localhost:45171"
startupRole: FOLLOWER
,id: "s4"
address: "localhost:39419"
dataStreamAddress: "localhost:46687"
clientAddress: "localhost:41785"
adminAddress: "localhost:43995"
startupRole: FOLLOWER
,id: "s0"
address: "localhost:42481"
dataStreamAddress: "localhost:43981"
clientAddress: "localhost:42743"
adminAddress: "localhost:44771"
startupRole: FOLLOWER
,id: "s1"
address: "localhost:44073"
dataStreamAddress: "localhost:35501"
clientAddress: "localhost:39477"
adminAddress: "localhost:36871"
startupRole: FOLLOWER
,id: "s2"
address: "localhost:38365"
dataStreamAddress: "localhost:38285"
clientAddress: "localhost:40537"
adminAddress: "localhost:35135"
startupRole: FOLLOWER
, old:)]
2022-09-14 11:47:17,321 [s4-server-thread2] INFO  server.RaftServer$Division (ServerState.java:setLeader(259)) - s4@group-12AB68C5691F: change Leader from null to s2 at term 2 for appendEntries, leader elected after 487ms
2022-09-14 11:47:17,321 [s4-server-thread2] INFO  server.RaftServer$Division (RaftServerImpl.java:checkInconsistentAppendEntries(1576)) - s4@group-12AB68C5691F: Failed appendEntries as the first entry (index 0) already exists (snapshotIndex: -1, commitIndex: 0)
2022-09-14 11:47:17,321 [s4-server-thread2] INFO  server.RaftServer$Division (RaftServerImpl.java:checkInconsistentAppendEntries(1556)) - s4@group-12AB68C5691F: inconsistency entries. Reply:s2<-s4#107:FAIL-t2,INCONSISTENCY,nextIndex=1,followerCommit=0,matchIndex=-1
2022-09-14 11:47:17,322 [grpc-default-executor-39] INFO  leader.FollowerInfo (FollowerInfoImpl.java:lambda$new$0(48)) - s2@group-12AB68C5691F->s4: nextIndex: updateUnconditionally 1 -> 1
2022-09-14 11:47:17,503 [s4@group-12AB68C5691F-FollowerState] INFO  impl.FollowerState (FollowerState.java:run(141)) - s4@group-12AB68C5691F-FollowerState: change to CANDIDATE, lastRpcElapsedTime:181929354ns, electionTimeout:172ms
2022-09-14 11:47:17,504 [s4@group-12AB68C5691F-FollowerState] INFO  impl.RoleInfo (RoleInfo.java:shutdownFollowerState(110)) - s4: shutdown s4@group-12AB68C5691F-FollowerState
2022-09-14 11:47:17,504 [s4@group-12AB68C5691F-FollowerState] INFO  server.RaftServer$Division (RaftServerImpl.java:setRole(317)) - s4@group-12AB68C5691F: changes role from  FOLLOWER to CANDIDATE at term 2 for changeToCandidate
2022-09-14 11:47:17,504 [s4@group-12AB68C5691F-FollowerState] INFO  server.RaftServerConfigKeys (ConfUtils.java:logGet(46)) - raft.server.leaderelection.pre-vote = true (default)
2022-09-14 11:47:17,504 [s4@group-12AB68C5691F-FollowerState] INFO  impl.RoleInfo (RoleInfo.java:updateAndGet(139)) - s4: start s4@group-12AB68C5691F-LeaderElection21
2022-09-14 11:47:17,506 [s4@group-12AB68C5691F-LeaderElection21] INFO  server.RaftServer$Division (ServerState.java:setLeader(259)) - s4@group-12AB68C5691F: change Leader from s2 to null at term 2 for PRE_VOTE
2022-09-14 11:47:17,506 [s4@group-12AB68C5691F-LeaderElection21] INFO  impl.LeaderElection (LeaderElection.java:askForVotes(308)) - s4@group-12AB68C5691F-LeaderElection21 PRE_VOTE round 0: submit vote requests at term 2 for 0: peers:[s3|rpc:localhost:46799|admin:localhost:45171|client:localhost:46547|dataStream:localhost:40281|priority:0|startupRole:FOLLOWER, s4|rpc:localhost:39419|admin:localhost:43995|client:localhost:41785|dataStream:localhost:46687|priority:0|startupRole:FOLLOWER, s0|rpc:localhost:42481|admin:localhost:44771|client:localhost:42743|dataStream:localhost:43981|priority:0|startupRole:FOLLOWER, s1|rpc:localhost:44073|admin:localhost:36871|client:localhost:39477|dataStream:localhost:35501|priority:0|startupRole:FOLLOWER, s2|rpc:localhost:38365|admin:localhost:35135|client:localhost:40537|dataStream:localhost:38285|priority:0|startupRole:FOLLOWER]|listeners:[], old=null
2022-09-14 11:47:17,509 [grpc-default-executor-19] INFO  server.RaftServer$Division (RaftServerImpl.java:requestVote(1281)) - s3@group-12AB68C5691F: receive requestVote(PRE_VOTE, s4, group-12AB68C5691F, 2, (t:1, i:0))
2022-09-14 11:47:17,509 [grpc-default-executor-19] INFO  impl.VoteContext (VoteContext.java:log(49)) - s3@group-12AB68C5691F-FOLLOWER: reject PRE_VOTE from s4: this server is a follower and still has a valid leader s2
2022-09-14 11:47:17,509 [grpc-default-executor-39] INFO  server.RaftServer$Division (RaftServerImpl.java:requestVote(1281)) - s0@group-12AB68C5691F: receive requestVote(PRE_VOTE, s4, group-12AB68C5691F, 2, (t:1, i:0))
2022-09-14 11:47:17,510 [grpc-default-executor-39] INFO  impl.VoteContext (VoteContext.java:log(49)) - s0@group-12AB68C5691F-FOLLOWER: reject PRE_VOTE from s4: this server is a follower and still has a valid leader s2
2022-09-14 11:47:17,509 [grpc-default-executor-19] INFO  server.RaftServer$Division (RaftServerImpl.java:requestVote(1314)) - s3@group-12AB68C5691F replies to PRE_VOTE vote request: s4<-s3#0:FAIL-t2. Peer's state: s3@group-12AB68C5691F:t2, leader=s2, voted=s2, raftlog=Memoized:s3@group-12AB68C5691F-SegmentedRaftLog:OPENED:c0, conf=0: peers:[s3|rpc:localhost:46799|admin:localhost:45171|client:localhost:46547|dataStream:localhost:40281|priority:0|startupRole:FOLLOWER, s4|rpc:localhost:39419|admin:localhost:43995|client:localhost:41785|dataStream:localhost:46687|priority:0|startupRole:FOLLOWER, s0|rpc:localhost:42481|admin:localhost:44771|client:localhost:42743|dataStream:localhost:43981|priority:0|startupRole:FOLLOWER, s1|rpc:localhost:44073|admin:localhost:36871|client:localhost:39477|dataStream:localhost:35501|priority:0|startupRole:FOLLOWER, s2|rpc:localhost:38365|admin:localhost:35135|client:localhost:40537|dataStream:localhost:38285|priority:0|startupRole:FOLLOWER]|listeners:[], old=null
2022-09-14 11:47:17,510 [grpc-default-executor-39] INFO  server.RaftServer$Division (RaftServerImpl.java:requestVote(1314)) - s0@group-12AB68C5691F replies to PRE_VOTE vote request: s4<-s0#0:FAIL-t2. Peer's state: s0@group-12AB68C5691F:t2, leader=s2, voted=s2, raftlog=Memoized:s0@group-12AB68C5691F-SegmentedRaftLog:OPENED:c0, conf=0: peers:[s3|rpc:localhost:46799|admin:localhost:45171|client:localhost:46547|dataStream:localhost:40281|priority:0|startupRole:FOLLOWER, s4|rpc:localhost:39419|admin:localhost:43995|client:localhost:41785|dataStream:localhost:46687|priority:0|startupRole:FOLLOWER, s0|rpc:localhost:42481|admin:localhost:44771|client:localhost:42743|dataStream:localhost:43981|priority:0|startupRole:FOLLOWER, s1|rpc:localhost:44073|admin:localhost:36871|client:localhost:39477|dataStream:localhost:35501|priority:0|startupRole:FOLLOWER, s2|rpc:localhost:38365|admin:localhost:35135|client:localhost:40537|dataStream:localhost:38285|priority:0|startupRole:FOLLOWER]|listeners:[], old=null
2022-09-14 11:47:17,512 [grpc-default-executor-39] INFO  server.RaftServer$Division (RaftServerImpl.java:requestVote(1281)) - s1@group-12AB68C5691F: receive requestVote(PRE_VOTE, s4, group-12AB68C5691F, 2, (t:1, i:0))
2022-09-14 11:47:17,512 [grpc-default-executor-39] INFO  impl.VoteContext (VoteContext.java:log(49)) - s1@group-12AB68C5691F-FOLLOWER: reject PRE_VOTE from s4: this server is a follower and still has a valid leader s2
2022-09-14 11:47:17,513 [grpc-default-executor-39] INFO  server.RaftServer$Division (RaftServerImpl.java:requestVote(1314)) - s1@group-12AB68C5691F replies to PRE_VOTE vote request: s4<-s1#0:FAIL-t2. Peer's state: s1@group-12AB68C5691F:t2, leader=s2, voted=s2, raftlog=Memoized:s1@group-12AB68C5691F-SegmentedRaftLog:OPENED:c0, conf=0: peers:[s3|rpc:localhost:46799|admin:localhost:45171|client:localhost:46547|dataStream:localhost:40281|priority:0|startupRole:FOLLOWER, s4|rpc:localhost:39419|admin:localhost:43995|client:localhost:41785|dataStream:localhost:46687|priority:0|startupRole:FOLLOWER, s0|rpc:localhost:42481|admin:localhost:44771|client:localhost:42743|dataStream:localhost:43981|priority:0|startupRole:FOLLOWER, s1|rpc:localhost:44073|admin:localhost:36871|client:localhost:39477|dataStream:localhost:35501|priority:0|startupRole:FOLLOWER, s2|rpc:localhost:38365|admin:localhost:35135|client:localhost:40537|dataStream:localhost:38285|priority:0|startupRole:FOLLOWER]|listeners:[], old=null
2022-09-14 11:47:17,514 [grpc-default-executor-19] INFO  server.RaftServer$Division (RaftServerImpl.java:requestVote(1281)) - s2@group-12AB68C5691F: receive requestVote(PRE_VOTE, s4, group-12AB68C5691F, 2, (t:1, i:0))
2022-09-14 11:47:17,514 [grpc-default-executor-19] INFO  impl.VoteContext (VoteContext.java:log(49)) - s2@group-12AB68C5691F-LEADER: reject PRE_VOTE from s4: this server is the leader and still has leadership
2022-09-14 11:47:17,514 [grpc-default-executor-19] INFO  server.RaftServer$Division (RaftServerImpl.java:requestVote(1314)) - s2@group-12AB68C5691F replies to PRE_VOTE vote request: s4<-s2#0:FAIL-t2. Peer's state: s2@group-12AB68C5691F:t2, leader=s2, voted=s2, raftlog=Memoized:s2@group-12AB68C5691F-SegmentedRaftLog:OPENED:c0, conf=0: peers:[s3|rpc:localhost:46799|admin:localhost:45171|client:localhost:46547|dataStream:localhost:40281|priority:0|startupRole:FOLLOWER, s4|rpc:localhost:39419|admin:localhost:43995|client:localhost:41785|dataStream:localhost:46687|priority:0|startupRole:FOLLOWER, s0|rpc:localhost:42481|admin:localhost:44771|client:localhost:42743|dataStream:localhost:43981|priority:0|startupRole:FOLLOWER, s1|rpc:localhost:44073|admin:localhost:36871|client:localhost:39477|dataStream:localhost:35501|priority:0|startupRole:FOLLOWER, s2|rpc:localhost:38365|admin:localhost:35135|client:localhost:40537|dataStream:localhost:38285|priority:0|startupRole:FOLLOWER]|listeners:[], old=null
2022-09-14 11:47:17,515 [s4@group-12AB68C5691F-LeaderElection21] INFO  impl.LeaderElection (LeaderElection.java:logAndReturn(89)) - s4@group-12AB68C5691F-LeaderElection21: PRE_VOTE REJECTED received 3 response(s) and 0 exception(s):
2022-09-14 11:47:17,515 [s4@group-12AB68C5691F-LeaderElection21] INFO  impl.LeaderElection (LeaderElection.java:logAndReturn(93)) -   Response 0: s4<-s3#0:FAIL-t2
2022-09-14 11:47:17,515 [s4@group-12AB68C5691F-LeaderElection21] INFO  impl.LeaderElection (LeaderElection.java:logAndReturn(93)) -   Response 1: s4<-s1#0:FAIL-t2
2022-09-14 11:47:17,515 [s4@group-12AB68C5691F-LeaderElection21] INFO  impl.LeaderElection (LeaderElection.java:logAndReturn(93)) -   Response 2: s4<-s2#0:FAIL-t2
2022-09-14 11:47:17,515 [s4@group-12AB68C5691F-LeaderElection21] INFO  impl.LeaderElection (LeaderElection.java:askForVotes(310)) - s4@group-12AB68C5691F-LeaderElection21 PRE_VOTE round 0: result REJECTED
2022-09-14 11:47:17,515 [s4@group-12AB68C5691F-LeaderElection21] INFO  server.RaftServer$Division (RaftServerImpl.java:setRole(317)) - s4@group-12AB68C5691F: changes role from CANDIDATE to FOLLOWER at term 2 for REJECTED
2022-09-14 11:47:17,515 [s4@group-12AB68C5691F-LeaderElection21] INFO  impl.RoleInfo (RoleInfo.java:shutdownLeaderElection(130)) - s4: shutdown s4@group-12AB68C5691F-LeaderElection21
2022-09-14 11:47:17,515 [s4@group-12AB68C5691F-LeaderElection21] INFO  impl.RoleInfo (RoleInfo.java:updateAndGet(139)) - s4: start s4@group-12AB68C5691F-FollowerState
2022-09-14 11:47:17,545 [s4-server-thread1] INFO  util.CodeInjectionForTesting (BlockRequestHandlingInjection.java:execute(84)) - s4: unBlock request from s2
2022-09-14 11:47:17,546 [s4-server-thread1] INFO  server.RaftServer$Division (ServerState.java:setLeader(259)) - s4@group-12AB68C5691F: change Leader from null to s2 at term 2 for appendEntries, leader elected after 39ms
2022-09-14 11:47:17,548 [s4-server-thread2] INFO  server.RaftServer$Division (RaftServerImpl.java:checkInconsistentAppendEntries(1586)) - s4@group-12AB68C5691F: Failed appendEntries as previous log entry ((t:2, i:0)) is not found
2022-09-14 11:47:17,549 [s4-server-thread2] INFO  server.RaftServer$Division (RaftServerImpl.java:checkInconsistentAppendEntries(1556)) - s4@group-12AB68C5691F: inconsistency entries. Reply:s2<-s4#113:FAIL-t2,INCONSISTENCY,nextIndex=0,followerCommit=0,matchIndex=-1
2022-09-14 11:47:17,549 [s4-server-thread2] INFO  server.RaftServer$Division (RaftServerImpl.java:checkInconsistentAppendEntries(1586)) - s4@group-12AB68C5691F: Failed appendEntries as previous log entry ((t:2, i:0)) is not found
2022-09-14 11:47:17,549 [s4-server-thread2] INFO  server.RaftServer$Division (RaftServerImpl.java:checkInconsistentAppendEntries(1556)) - s4@group-12AB68C5691F: inconsistency entries. Reply:s2<-s4#114:FAIL-t2,INCONSISTENCY,nextIndex=0,followerCommit=0,matchIndex=-1
2022-09-14 11:47:17,550 [grpc-default-executor-4] INFO  leader.FollowerInfo (FollowerInfoImpl.java:lambda$new$0(48)) - s2@group-12AB68C5691F->s4: nextIndex: updateUnconditionally 1 -> 0
2022-09-14 11:47:17,551 [grpc-default-executor-4] INFO  leader.FollowerInfo (FollowerInfoImpl.java:lambda$new$0(48)) - s2@group-12AB68C5691F->s4: nextIndex: updateUnconditionally 1 -> 0
2022-09-14 11:47:17,553 [s4-server-thread2] INFO  server.RaftServer$Division (RaftServerImpl.java:checkInconsistentAppendEntries(1586)) - s4@group-12AB68C5691F: Failed appendEntries as previous log entry ((t:2, i:0)) is not found
2022-09-14 11:47:17,553 [s4-server-thread2] INFO  server.RaftServer$Division (RaftServerImpl.java:checkInconsistentAppendEntries(1556)) - s4@group-12AB68C5691F: inconsistency entries. Reply:s2<-s4#115:FAIL-t2,INCONSISTENCY,nextIndex=0,followerCommit=0,matchIndex=-1
2022-09-14 11:47:17,553 [s4-server-thread2] DEBUG server.RaftServer$Division (RaftServerImpl.java:logAppendEntries(1405)) - s4@group-12AB68C5691F: receive appendEntries(s2, 2, null, 0, true, commits:[s2:c0, s3:c0, s4:c0, s0:c0, s1:c0], cId:116, entries: [(t:2, i:0), CONFIGURATIONENTRY(current:id: "s3"
address: "localhost:46799"
dataStreamAddress: "localhost:40281"
clientAddress: "localhost:46547"
adminAddress: "localhost:45171"
startupRole: FOLLOWER
,id: "s4"
address: "localhost:39419"
dataStreamAddress: "localhost:46687"
clientAddress: "localhost:41785"
adminAddress: "localhost:43995"
startupRole: FOLLOWER
,id: "s0"
address: "localhost:42481"
dataStreamAddress: "localhost:43981"
clientAddress: "localhost:42743"
adminAddress: "localhost:44771"
startupRole: FOLLOWER
,id: "s1"
address: "localhost:44073"
dataStreamAddress: "localhost:35501"
clientAddress: "localhost:39477"
adminAddress: "localhost:36871"
startupRole: FOLLOWER
,id: "s2"
address: "localhost:38365"
dataStreamAddress: "localhost:38285"
clientAddress: "localhost:40537"
adminAddress: "localhost:35135"
startupRole: FOLLOWER
, old:)]
2022-09-14 11:47:17,554 [s4-server-thread2] INFO  server.RaftServer$Division (RaftServerImpl.java:checkInconsistentAppendEntries(1576)) - s4@group-12AB68C5691F: Failed appendEntries as the first entry (index 0) already exists (snapshotIndex: -1, commitIndex: 0)
2022-09-14 11:47:17,554 [s4-server-thread2] INFO  server.RaftServer$Division (RaftServerImpl.java:checkInconsistentAppendEntries(1556)) - s4@group-12AB68C5691F: inconsistency entries. Reply:s2<-s4#116:FAIL-t2,INCONSISTENCY,nextIndex=1,followerCommit=0,matchIndex=-1
2022-09-14 11:47:17,554 [grpc-default-executor-39] INFO  leader.FollowerInfo (FollowerInfoImpl.java:lambda$new$0(48)) - s2@group-12AB68C5691F->s4: nextIndex: updateUnconditionally 1 -> 1
2022-09-14 11:47:17,555 [s4-server-thread2] DEBUG server.RaftServer$Division (RaftServerImpl.java:logAppendEntries(1405)) - s4@group-12AB68C5691F: receive appendEntries(s2, 2, null, 0, true, commits:[s2:c0, s3:c0, s4:c0, s0:c0, s1:c0], cId:117, entries: [(t:2, i:0), CONFIGURATIONENTRY(current:id: "s3"
address: "localhost:46799"
dataStreamAddress: "localhost:40281"
clientAddress: "localhost:46547"
adminAddress: "localhost:45171"
startupRole: FOLLOWER
,id: "s4"
address: "localhost:39419"
dataStreamAddress: "localhost:46687"
clientAddress: "localhost:41785"
adminAddress: "localhost:43995"
startupRole: FOLLOWER
,id: "s0"
address: "localhost:42481"
dataStreamAddress: "localhost:43981"
clientAddress: "localhost:42743"
adminAddress: "localhost:44771"
startupRole: FOLLOWER
,id: "s1"
address: "localhost:44073"
dataStreamAddress: "localhost:35501"
clientAddress: "localhost:39477"
adminAddress: "localhost:36871"
startupRole: FOLLOWER
,id: "s2"
address: "localhost:38365"
dataStreamAddress: "localhost:38285"
clientAddress: "localhost:40537"
adminAddress: "localhost:35135"
startupRole: FOLLOWER
, old:)]
2022-09-14 11:47:17,555 [s4-server-thread2] INFO  server.RaftServer$Division (RaftServerImpl.java:checkInconsistentAppendEntries(1576)) - s4@group-12AB68C5691F: Failed appendEntries as the first entry (index 0) already exists (snapshotIndex: -1, commitIndex: 0)
2022-09-14 11:47:17,555 [s4-server-thread2] INFO  server.RaftServer$Division (RaftServerImpl.java:checkInconsistentAppendEntries(1556)) - s4@group-12AB68C5691F: inconsistency entries. Reply:s2<-s4#117:FAIL-t2,INCONSISTENCY,nextIndex=1,followerCommit=0,matchIndex=-1
2022-09-14 11:47:17,556 [grpc-default-executor-39] INFO  leader.FollowerInfo (FollowerInfoImpl.java:lambda$new$0(48)) - s2@group-12AB68C5691F->s4: nextIndex: updateUnconditionally 1 -> 0
2022-09-14 11:47:17,557 [grpc-default-executor-19] INFO  leader.FollowerInfo (FollowerInfoImpl.java:lambda$new$0(48)) - s2@group-12AB68C5691F->s4: nextIndex: updateUnconditionally 1 -> 1
2022-09-14 11:47:17,557 [s4-server-thread2] DEBUG server.RaftServer$Division (RaftServerImpl.java:logAppendEntries(1405)) - s4@group-12AB68C5691F: receive appendEntries(s2, 2, null, 0, true, commits:[s2:c0, s3:c0, s4:c0, s0:c0, s1:c0], cId:118, entries: [(t:2, i:0), CONFIGURATIONENTRY(current:id: "s3"
address: "localhost:46799"
dataStreamAddress: "localhost:40281"
clientAddress: "localhost:46547"
adminAddress: "localhost:45171"
startupRole: FOLLOWER
,id: "s4"
address: "localhost:39419"
dataStreamAddress: "localhost:46687"
clientAddress: "localhost:41785"
adminAddress: "localhost:43995"
startupRole: FOLLOWER
,id: "s0"
address: "localhost:42481"
dataStreamAddress: "localhost:43981"
clientAddress: "localhost:42743"
adminAddress: "localhost:44771"
startupRole: FOLLOWER
,id: "s1"
address: "localhost:44073"
dataStreamAddress: "localhost:35501"
clientAddress: "localhost:39477"
adminAddress: "localhost:36871"
startupRole: FOLLOWER
,id: "s2"
address: "localhost:38365"
dataStreamAddress: "localhost:38285"
clientAddress: "localhost:40537"
adminAddress: "localhost:35135"
startupRole: FOLLOWER
, old:)]
2022-09-14 11:47:17,557 [s4-server-thread2] INFO  server.RaftServer$Division (RaftServerImpl.java:checkInconsistentAppendEntries(1576)) - s4@group-12AB68C5691F: Failed appendEntries as the first entry (index 0) already exists (snapshotIndex: -1, commitIndex: 0)
2022-09-14 11:47:17,557 [s4-server-thread2] INFO  server.RaftServer$Division (RaftServerImpl.java:checkInconsistentAppendEntries(1556)) - s4@group-12AB68C5691F: inconsistency entries. Reply:s2<-s4#118:FAIL-t2,INCONSISTENCY,nextIndex=1,followerCommit=0,matchIndex=-1
2022-09-14 11:47:17,558 [grpc-default-executor-19] INFO  leader.FollowerInfo (FollowerInfoImpl.java:lambda$new$0(48)) - s2@group-12AB68C5691F->s4: nextIndex: updateUnconditionally 1 -> 1
2022-09-14 11:47:17,634 [s4-server-thread2] INFO  server.RaftServer$Division (RaftServerImpl.java:checkInconsistentAppendEntries(1586)) - s4@group-12AB68C5691F: Failed appendEntries as previous log entry ((t:2, i:0)) is not found
2022-09-14 11:47:17,634 [s4-server-thread2] INFO  server.RaftServer$Division (RaftServerImpl.java:checkInconsistentAppendEntries(1556)) - s4@group-12AB68C5691F: inconsistency entries. Reply:s2<-s4#119:FAIL-t2,INCONSISTENCY,nextIndex=0,followerCommit=0,matchIndex=-1
2022-09-14 11:47:17,635 [grpc-default-executor-39] INFO  leader.FollowerInfo (FollowerInfoImpl.java:lambda$new$0(48)) - s2@group-12AB68C5691F->s4: nextIndex: updateUnconditionally 1 -> 0
2022-09-14 11:47:17,636 [s4-server-thread2] DEBUG server.RaftServer$Division (RaftServerImpl.java:logAppendEntries(1405)) - s4@group-12AB68C5691F: receive appendEntries(s2, 2, null, 0, true, commits:[s2:c0, s3:c0, s4:c0, s0:c0, s1:c0], cId:120, entries: [(t:2, i:0), CONFIGURATIONENTRY(current:id: "s3"
address: "localhost:46799"
dataStreamAddress: "localhost:40281"
clientAddress: "localhost:46547"
adminAddress: "localhost:45171"
startupRole: FOLLOWER
,id: "s4"
address: "localhost:39419"
dataStreamAddress: "localhost:46687"
clientAddress: "localhost:41785"
adminAddress: "localhost:43995"
startupRole: FOLLOWER
,id: "s0"
address: "localhost:42481"
dataStreamAddress: "localhost:43981"
clientAddress: "localhost:42743"
adminAddress: "localhost:44771"
startupRole: FOLLOWER
,id: "s1"
address: "localhost:44073"
dataStreamAddress: "localhost:35501"
clientAddress: "localhost:39477"
adminAddress: "localhost:36871"
startupRole: FOLLOWER
,id: "s2"
address: "localhost:38365"
dataStreamAddress: "localhost:38285"
clientAddress: "localhost:40537"
adminAddress: "localhost:35135"
startupRole: FOLLOWER
, old:)]
2022-09-14 11:47:17,636 [s4-server-thread2] INFO  server.RaftServer$Division (RaftServerImpl.java:checkInconsistentAppendEntries(1576)) - s4@group-12AB68C5691F: Failed appendEntries as the first entry (index 0) already exists (snapshotIndex: -1, commitIndex: 0)
2022-09-14 11:47:17,636 [s4-server-thread2] INFO  server.RaftServer$Division (RaftServerImpl.java:checkInconsistentAppendEntries(1556)) - s4@group-12AB68C5691F: inconsistency entries. Reply:s2<-s4#120:FAIL-t2,INCONSISTENCY,nextIndex=1,followerCommit=0,matchIndex=-1
2022-09-14 11:47:17,636 [grpc-default-executor-19] INFO  leader.FollowerInfo (FollowerInfoImpl.java:lambda$new$0(48)) - s2@group-12AB68C5691F->s4: nextIndex: updateUnconditionally 1 -> 1
2022-09-14 11:47:17,713 [s4-server-thread2] INFO  server.RaftServer$Division (RaftServerImpl.java:checkInconsistentAppendEntries(1586)) - s4@group-12AB68C5691F: Failed appendEntries as previous log entry ((t:2, i:0)) is not found
2022-09-14 11:47:17,713 [s4-server-thread2] INFO  server.RaftServer$Division (RaftServerImpl.java:checkInconsistentAppendEntries(1556)) - s4@group-12AB68C5691F: inconsistency entries. Reply:s2<-s4#121:FAIL-t2,INCONSISTENCY,nextIndex=0,followerCommit=0,matchIndex=-1
2022-09-14 11:47:17,713 [grpc-default-executor-39] INFO  leader.FollowerInfo (FollowerInfoImpl.java:lambda$new$0(48)) - s2@group-12AB68C5691F->s4: nextIndex: updateUnconditionally 1 -> 0
2022-09-14 11:47:17,714 [s4-server-thread2] DEBUG server.RaftServer$Division (RaftServerImpl.java:logAppendEntries(1405)) - s4@group-12AB68C5691F: receive appendEntries(s2, 2, null, 0, true, commits:[s2:c0, s3:c0, s4:c0, s0:c0, s1:c0], cId:122, entries: [(t:2, i:0), CONFIGURATIONENTRY(current:id: "s3"
address: "localhost:46799"
dataStreamAddress: "localhost:40281"
clientAddress: "localhost:46547"
adminAddress: "localhost:45171"
startupRole: FOLLOWER
,id: "s4"
address: "localhost:39419"
dataStreamAddress: "localhost:46687"
clientAddress: "localhost:41785"
adminAddress: "localhost:43995"
startupRole: FOLLOWER
,id: "s0"
address: "localhost:42481"
dataStreamAddress: "localhost:43981"
clientAddress: "localhost:42743"
adminAddress: "localhost:44771"
startupRole: FOLLOWER
,id: "s1"
address: "localhost:44073"
dataStreamAddress: "localhost:35501"
clientAddress: "localhost:39477"
adminAddress: "localhost:36871"
startupRole: FOLLOWER
,id: "s2"
address: "localhost:38365"
dataStreamAddress: "localhost:38285"
clientAddress: "localhost:40537"
adminAddress: "localhost:35135"
startupRole: FOLLOWER
, old:)]
2022-09-14 11:47:17,714 [s4-server-thread2] INFO  server.RaftServer$Division (RaftServerImpl.java:checkInconsistentAppendEntries(1576)) - s4@group-12AB68C5691F: Failed appendEntries as the first entry (index 0) already exists (snapshotIndex: -1, commitIndex: 0)
2022-09-14 11:47:17,714 [s4-server-thread2] INFO  server.RaftServer$Division (RaftServerImpl.java:checkInconsistentAppendEntries(1556)) - s4@group-12AB68C5691F: inconsistency entries. Reply:s2<-s4#122:FAIL-t2,INCONSISTENCY,nextIndex=1,followerCommit=0,matchIndex=-1
2022-09-14 11:47:17,715 [grpc-default-executor-39] INFO  leader.FollowerInfo (FollowerInfoImpl.java:lambda$new$0(48)) - s2@group-12AB68C5691F->s4: nextIndex: updateUnconditionally 1 -> 1
2022-09-14 11:47:17,791 [s4-server-thread2] INFO  server.RaftServer$Division (RaftServerImpl.java:checkInconsistentAppendEntries(1586)) - s4@group-12AB68C5691F: Failed appendEntries as previous log entry ((t:2, i:0)) is not found
2022-09-14 11:47:17,791 [s4-server-thread2] INFO  server.RaftServer$Division (RaftServerImpl.java:checkInconsistentAppendEntries(1556)) - s4@group-12AB68C5691F: inconsistency entries. Reply:s2<-s4#123:FAIL-t2,INCONSISTENCY,nextIndex=0,followerCommit=0,matchIndex=-1
2022-09-14 11:47:17,791 [grpc-default-executor-19] INFO  leader.FollowerInfo (FollowerInfoImpl.java:lambda$new$0(48)) - s2@group-12AB68C5691F->s4: nextIndex: updateUnconditionally 1 -> 0
2022-09-14 11:47:17,792 [s4-server-thread2] DEBUG server.RaftServer$Division (RaftServerImpl.java:logAppendEntries(1405)) - s4@group-12AB68C5691F: receive appendEntries(s2, 2, null, 0, true, commits:[s2:c0, s3:c0, s4:c0, s0:c0, s1:c0], cId:124, entries: [(t:2, i:0), CONFIGURATIONENTRY(current:id: "s3"
address: "localhost:46799"
dataStreamAddress: "localhost:40281"
clientAddress: "localhost:46547"
adminAddress: "localhost:45171"
startupRole: FOLLOWER
,id: "s4"
address: "localhost:39419"
dataStreamAddress: "localhost:46687"
clientAddress: "localhost:41785"
adminAddress: "localhost:43995"
startupRole: FOLLOWER
,id: "s0"
address: "localhost:42481"
dataStreamAddress: "localhost:43981"
clientAddress: "localhost:42743"
adminAddress: "localhost:44771"
startupRole: FOLLOWER
,id: "s1"
address: "localhost:44073"
dataStreamAddress: "localhost:35501"
clientAddress: "localhost:39477"
adminAddress: "localhost:36871"
startupRole: FOLLOWER
,id: "s2"
address: "localhost:38365"
dataStreamAddress: "localhost:38285"
clientAddress: "localhost:40537"
adminAddress: "localhost:35135"
startupRole: FOLLOWER
, old:)]
2022-09-14 11:47:17,793 [s4-server-thread2] INFO  server.RaftServer$Division (RaftServerImpl.java:checkInconsistentAppendEntries(1576)) - s4@group-12AB68C5691F: Failed appendEntries as the first entry (index 0) already exists (snapshotIndex: -1, commitIndex: 0)
2022-09-14 11:47:17,793 [s4-server-thread2] INFO  server.RaftServer$Division (RaftServerImpl.java:checkInconsistentAppendEntries(1556)) - s4@group-12AB68C5691F: inconsistency entries. Reply:s2<-s4#124:FAIL-t2,INCONSISTENCY,nextIndex=1,followerCommit=0,matchIndex=-1
2022-09-14 11:47:17,793 [grpc-default-executor-19] INFO  leader.FollowerInfo (FollowerInfoImpl.java:lambda$new$0(48)) - s2@group-12AB68C5691F->s4: nextIndex: updateUnconditionally 1 -> 1
2022-09-14 11:47:17,869 [s4-server-thread2] INFO  server.RaftServer$Division (RaftServerImpl.java:checkInconsistentAppendEntries(1586)) - s4@group-12AB68C5691F: Failed appendEntries as previous log entry ((t:2, i:0)) is not found
2022-09-14 11:47:17,869 [s4-server-thread2] INFO  server.RaftServer$Division (RaftServerImpl.java:checkInconsistentAppendEntries(1556)) - s4@group-12AB68C5691F: inconsistency entries. Reply:s2<-s4#125:FAIL-t2,INCONSISTENCY,nextIndex=0,followerCommit=0,matchIndex=-1
2022-09-14 11:47:17,870 [grpc-default-executor-39] INFO  leader.FollowerInfo (FollowerInfoImpl.java:lambda$new$0(48)) - s2@group-12AB68C5691F->s4: nextIndex: updateUnconditionally 1 -> 0
2022-09-14 11:47:17,871 [s4-server-thread2] DEBUG server.RaftServer$Division (RaftServerImpl.java:logAppendEntries(1405)) - s4@group-12AB68C5691F: receive appendEntries(s2, 2, null, 0, true, commits:[s2:c0, s3:c0, s4:c0, s0:c0, s1:c0], cId:126, entries: [(t:2, i:0), CONFIGURATIONENTRY(current:id: "s3"
address: "localhost:46799"
dataStreamAddress: "localhost:40281"
clientAddress: "localhost:46547"
adminAddress: "localhost:45171"
startupRole: FOLLOWER
,id: "s4"
address: "localhost:39419"
dataStreamAddress: "localhost:46687"
clientAddress: "localhost:41785"
adminAddress: "localhost:43995"
startupRole: FOLLOWER
,id: "s0"
address: "localhost:42481"
dataStreamAddress: "localhost:43981"
clientAddress: "localhost:42743"
adminAddress: "localhost:44771"
startupRole: FOLLOWER
,id: "s1"
address: "localhost:44073"
dataStreamAddress: "localhost:35501"
clientAddress: "localhost:39477"
adminAddress: "localhost:36871"
startupRole: FOLLOWER
,id: "s2"
address: "localhost:38365"
dataStreamAddress: "localhost:38285"
clientAddress: "localhost:40537"
adminAddress: "localhost:35135"
startupRole: FOLLOWER
, old:)]
2022-09-14 11:47:17,871 [s4-server-thread2] INFO  server.RaftServer$Division (RaftServerImpl.java:checkInconsistentAppendEntries(1576)) - s4@group-12AB68C5691F: Failed appendEntries as the first entry (index 0) already exists (snapshotIndex: -1, commitIndex: 0)
2022-09-14 11:47:17,871 [s4-server-thread2] INFO  server.RaftServer$Division (RaftServerImpl.java:checkInconsistentAppendEntries(1556)) - s4@group-12AB68C5691F: inconsistency entries. Reply:s2<-s4#126:FAIL-t2,INCONSISTENCY,nextIndex=1,followerCommit=0,matchIndex=-1
2022-09-14 11:47:17,872 [grpc-default-executor-39] INFO  leader.FollowerInfo (FollowerInfoImpl.java:lambda$new$0(48)) - s2@group-12AB68C5691F->s4: nextIndex: updateUnconditionally 1 -> 1
2022-09-14 11:47:17,947 [s4-server-thread2] INFO  server.RaftServer$Division (RaftServerImpl.java:checkInconsistentAppendEntries(1586)) - s4@group-12AB68C5691F: Failed appendEntries as previous log entry ((t:2, i:0)) is not found
2022-09-14 11:47:17,948 [s4-server-thread2] INFO  server.RaftServer$Division (RaftServerImpl.java:checkInconsistentAppendEntries(1556)) - s4@group-12AB68C5691F: inconsistency entries. Reply:s2<-s4#127:FAIL-t2,INCONSISTENCY,nextIndex=0,followerCommit=0,matchIndex=-1
2022-09-14 11:47:17,948 [grpc-default-executor-19] INFO  leader.FollowerInfo (FollowerInfoImpl.java:lambda$new$0(48)) - s2@group-12AB68C5691F->s4: nextIndex: updateUnconditionally 1 -> 0
2022-09-14 11:47:17,949 [s4-server-thread2] DEBUG server.RaftServer$Division (RaftServerImpl.java:logAppendEntries(1405)) - s4@group-12AB68C5691F: receive appendEntries(s2, 2, null, 0, true, commits:[s2:c0, s3:c0, s4:c0, s0:c0, s1:c0], cId:128, entries: [(t:2, i:0), CONFIGURATIONENTRY(current:id: "s3"
address: "localhost:46799"
dataStreamAddress: "localhost:40281"
clientAddress: "localhost:46547"
adminAddress: "localhost:45171"
startupRole: FOLLOWER
,id: "s4"
address: "localhost:39419"
dataStreamAddress: "localhost:46687"
clientAddress: "localhost:41785"
adminAddress: "localhost:43995"
startupRole: FOLLOWER
,id: "s0"
address: "localhost:42481"
dataStreamAddress: "localhost:43981"
clientAddress: "localhost:42743"
adminAddress: "localhost:44771"
startupRole: FOLLOWER
,id: "s1"
address: "localhost:44073"
dataStreamAddress: "localhost:35501"
clientAddress: "localhost:39477"
adminAddress: "localhost:36871"
startupRole: FOLLOWER
,id: "s2"
address: "localhost:38365"
dataStreamAddress: "localhost:38285"
clientAddress: "localhost:40537"
adminAddress: "localhost:35135"
startupRole: FOLLOWER
, old:)]
2022-09-14 11:47:17,949 [s4-server-thread2] INFO  server.RaftServer$Division (RaftServerImpl.java:checkInconsistentAppendEntries(1576)) - s4@group-12AB68C5691F: Failed appendEntries as the first entry (index 0) already exists (snapshotIndex: -1, commitIndex: 0)
2022-09-14 11:47:17,949 [s4-server-thread2] INFO  server.RaftServer$Division (RaftServerImpl.java:checkInconsistentAppendEntries(1556)) - s4@group-12AB68C5691F: inconsistency entries. Reply:s2<-s4#128:FAIL-t2,INCONSISTENCY,nextIndex=1,followerCommit=0,matchIndex=-1
2022-09-14 11:47:17,950 [grpc-default-executor-19] INFO  leader.FollowerInfo (FollowerInfoImpl.java:lambda$new$0(48)) - s2@group-12AB68C5691F->s4: nextIndex: updateUnconditionally 1 -> 1
2022-09-14 11:47:18,026 [s4-server-thread2] INFO  server.RaftServer$Division (RaftServerImpl.java:checkInconsistentAppendEntries(1586)) - s4@group-12AB68C5691F: Failed appendEntries as previous log entry ((t:2, i:0)) is not found
2022-09-14 11:47:18,026 [s4-server-thread2] INFO  server.RaftServer$Division (RaftServerImpl.java:checkInconsistentAppendEntries(1556)) - s4@group-12AB68C5691F: inconsistency entries. Reply:s2<-s4#129:FAIL-t2,INCONSISTENCY,nextIndex=0,followerCommit=0,matchIndex=-1
2022-09-14 11:47:18,026 [grpc-default-executor-19] INFO  leader.FollowerInfo (FollowerInfoImpl.java:lambda$new$0(48)) - s2@group-12AB68C5691F->s4: nextIndex: updateUnconditionally 1 -> 0
2022-09-14 11:47:18,027 [s4-server-thread2] DEBUG server.RaftServer$Division (RaftServerImpl.java:logAppendEntries(1405)) - s4@group-12AB68C5691F: receive appendEntries(s2, 2, null, 0, true, commits:[s2:c0, s3:c0, s4:c0, s0:c0, s1:c0], cId:130, entries: [(t:2, i:0), CONFIGURATIONENTRY(current:id: "s3"
address: "localhost:46799"
dataStreamAddress: "localhost:40281"
clientAddress: "localhost:46547"
adminAddress: "localhost:45171"
startupRole: FOLLOWER
,id: "s4"
address: "localhost:39419"
dataStreamAddress: "localhost:46687"
clientAddress: "localhost:41785"
adminAddress: "localhost:43995"
startupRole: FOLLOWER
,id: "s0"
address: "localhost:42481"
dataStreamAddress: "localhost:43981"
clientAddress: "localhost:42743"
adminAddress: "localhost:44771"
startupRole: FOLLOWER
,id: "s1"
address: "localhost:44073"
dataStreamAddress: "localhost:35501"
clientAddress: "localhost:39477"
adminAddress: "localhost:36871"
startupRole: FOLLOWER
,id: "s2"
address: "localhost:38365"
dataStreamAddress: "localhost:38285"
clientAddress: "localhost:40537"
adminAddress: "localhost:35135"
startupRole: FOLLOWER
, old:)]
2022-09-14 11:47:18,027 [s4-server-thread2] INFO  server.RaftServer$Division (RaftServerImpl.java:checkInconsistentAppendEntries(1576)) - s4@group-12AB68C5691F: Failed appendEntries as the first entry (index 0) already exists (snapshotIndex: -1, commitIndex: 0)
2022-09-14 11:47:18,027 [s4-server-thread2] INFO  server.RaftServer$Division (RaftServerImpl.java:checkInconsistentAppendEntries(1556)) - s4@group-12AB68C5691F: inconsistency entries. Reply:s2<-s4#130:FAIL-t2,INCONSISTENCY,nextIndex=1,followerCommit=0,matchIndex=-1
2022-09-14 11:47:18,028 [grpc-default-executor-19] INFO  leader.FollowerInfo (FollowerInfoImpl.java:lambda$new$0(48)) - s2@group-12AB68C5691F->s4: nextIndex: updateUnconditionally 1 -> 1
2022-09-14 11:47:18,104 [s4-server-thread2] INFO  server.RaftServer$Division (RaftServerImpl.java:checkInconsistentAppendEntries(1586)) - s4@group-12AB68C5691F: Failed appendEntries as previous log entry ((t:2, i:0)) is not found
2022-09-14 11:47:18,104 [s4-server-thread2] INFO  server.RaftServer$Division (RaftServerImpl.java:checkInconsistentAppendEntries(1556)) - s4@group-12AB68C5691F: inconsistency entries. Reply:s2<-s4#131:FAIL-t2,INCONSISTENCY,nextIndex=0,followerCommit=0,matchIndex=-1
2022-09-14 11:47:18,105 [grpc-default-executor-39] INFO  leader.FollowerInfo (FollowerInfoImpl.java:lambda$new$0(48)) - s2@group-12AB68C5691F->s4: nextIndex: updateUnconditionally 1 -> 0
2022-09-14 11:47:18,106 [s4-server-thread2] DEBUG server.RaftServer$Division (RaftServerImpl.java:logAppendEntries(1405)) - s4@group-12AB68C5691F: receive appendEntries(s2, 2, null, 0, true, commits:[s2:c0, s3:c0, s4:c0, s0:c0, s1:c0], cId:132, entries: [(t:2, i:0), CONFIGURATIONENTRY(current:id: "s3"
address: "localhost:46799"
dataStreamAddress: "localhost:40281"
clientAddress: "localhost:46547"
adminAddress: "localhost:45171"
startupRole: FOLLOWER
,id: "s4"
address: "localhost:39419"
dataStreamAddress: "localhost:46687"
clientAddress: "localhost:41785"
adminAddress: "localhost:43995"
startupRole: FOLLOWER
,id: "s0"
address: "localhost:42481"
dataStreamAddress: "localhost:43981"
clientAddress: "localhost:42743"
adminAddress: "localhost:44771"
startupRole: FOLLOWER
,id: "s1"
address: "localhost:44073"
dataStreamAddress: "localhost:35501"
clientAddress: "localhost:39477"
adminAddress: "localhost:36871"
startupRole: FOLLOWER
,id: "s2"
address: "localhost:38365"
dataStreamAddress: "localhost:38285"
clientAddress: "localhost:40537"
adminAddress: "localhost:35135"
startupRole: FOLLOWER
, old:)]
2022-09-14 11:47:18,106 [s4-server-thread2] INFO  server.RaftServer$Division (RaftServerImpl.java:checkInconsistentAppendEntries(1576)) - s4@group-12AB68C5691F: Failed appendEntries as the first entry (index 0) already exists (snapshotIndex: -1, commitIndex: 0)
2022-09-14 11:47:18,106 [s4-server-thread2] INFO  server.RaftServer$Division (RaftServerImpl.java:checkInconsistentAppendEntries(1556)) - s4@group-12AB68C5691F: inconsistency entries. Reply:s2<-s4#132:FAIL-t2,INCONSISTENCY,nextIndex=1,followerCommit=0,matchIndex=-1
2022-09-14 11:47:18,106 [grpc-default-executor-39] INFO  leader.FollowerInfo (FollowerInfoImpl.java:lambda$new$0(48)) - s2@group-12AB68C5691F->s4: nextIndex: updateUnconditionally 1 -> 1
2022-09-14 11:47:18,182 [s4-server-thread2] INFO  server.RaftServer$Division (RaftServerImpl.java:checkInconsistentAppendEntries(1586)) - s4@group-12AB68C5691F: Failed appendEntries as previous log entry ((t:2, i:0)) is not found
2022-09-14 11:47:18,182 [s4-server-thread2] INFO  server.RaftServer$Division (RaftServerImpl.java:checkInconsistentAppendEntries(1556)) - s4@group-12AB68C5691F: inconsistency entries. Reply:s2<-s4#133:FAIL-t2,INCONSISTENCY,nextIndex=0,followerCommit=0,matchIndex=-1
2022-09-14 11:47:18,183 [grpc-default-executor-4] INFO  leader.FollowerInfo (FollowerInfoImpl.java:lambda$new$0(48)) - s2@group-12AB68C5691F->s4: nextIndex: updateUnconditionally 1 -> 0
2022-09-14 11:47:18,184 [s4-server-thread2] DEBUG server.RaftServer$Division (RaftServerImpl.java:logAppendEntries(1405)) - s4@group-12AB68C5691F: receive appendEntries(s2, 2, null, 0, true, commits:[s2:c0, s3:c0, s4:c0, s0:c0, s1:c0], cId:134, entries: [(t:2, i:0), CONFIGURATIONENTRY(current:id: "s3"
address: "localhost:46799"
dataStreamAddress: "localhost:40281"
clientAddress: "localhost:46547"
adminAddress: "localhost:45171"
startupRole: FOLLOWER
,id: "s4"
address: "localhost:39419"
dataStreamAddress: "localhost:46687"
clientAddress: "localhost:41785"
adminAddress: "localhost:43995"
startupRole: FOLLOWER
,id: "s0"
address: "localhost:42481"
dataStreamAddress: "localhost:43981"
clientAddress: "localhost:42743"
adminAddress: "localhost:44771"
startupRole: FOLLOWER
,id: "s1"
address: "localhost:44073"
dataStreamAddress: "localhost:35501"
clientAddress: "localhost:39477"
adminAddress: "localhost:36871"
startupRole: FOLLOWER
,id: "s2"
address: "localhost:38365"
dataStreamAddress: "localhost:38285"
clientAddress: "localhost:40537"
adminAddress: "localhost:35135"
startupRole: FOLLOWER
, old:)]
2022-09-14 11:47:18,184 [s4-server-thread2] INFO  server.RaftServer$Division (RaftServerImpl.java:checkInconsistentAppendEntries(1576)) - s4@group-12AB68C5691F: Failed appendEntries as the first entry (index 0) already exists (snapshotIndex: -1, commitIndex: 0)
2022-09-14 11:47:18,184 [s4-server-thread2] INFO  server.RaftServer$Division (RaftServerImpl.java:checkInconsistentAppendEntries(1556)) - s4@group-12AB68C5691F: inconsistency entries. Reply:s2<-s4#134:FAIL-t2,INCONSISTENCY,nextIndex=1,followerCommit=0,matchIndex=-1
2022-09-14 11:47:18,185 [grpc-default-executor-4] INFO  leader.FollowerInfo (FollowerInfoImpl.java:lambda$new$0(48)) - s2@group-12AB68C5691F->s4: nextIndex: updateUnconditionally 1 -> 1
2022-09-14 11:47:18,221 [Time-limited test] INFO  grpc.TestLeaderElectionWithGrpc (LeaderElectionTests.java:enforceLeader(292)) - try enforcing leader to s4 but new leader is s2
2022-09-14 11:47:18,221 [Time-limited test] INFO  server.RaftServerConfigKeys (ConfUtils.java:logGet(46)) - raft.server.rpc.timeout.max = 300ms (default)
2022-09-14 11:47:18,251 [s2@group-12AB68C5691F->s0-GrpcLogAppender-LogAppenderDaemon] INFO  util.CodeInjectionForTesting (DelayLocalExecutionInjection.java:execute(65)) - s2 delay 150 ms, args=[serverRequest {
  requestorId: "s2"
  replyId: "s0"
  raftGroupId {
    id: "\326\216l\301\220x@5\222b\022\253h\305i\037"
  }
  callId: 73
  slidingWindowEntry {
  }
}
leaderTerm: 2
previousLog {
  term: 2
}
initializing: true
commitInfos {
  server {
    id: "s2"
    address: "localhost:38365"
    dataStreamAddress: "localhost:38285"
    clientAddress: "localhost:40537"
    adminAddress: "localhost:35135"
    startupRole: FOLLOWER
  }
}
commitInfos {
  server {
    id: "s3"
    address: "localhost:46799"
    dataStreamAddress: "localhost:40281"
    clientAddress: "localhost:46547"
    adminAddress: "localhost:45171"
    startupRole: FOLLOWER
  }
}
commitInfos {
  server {
    id: "s4"
    address: "localhost:39419"
    dataStreamAddress: "localhost:46687"
    clientAddress: "localhost:41785"
    adminAddress: "localhost:43995"
    startupRole: FOLLOWER
  }
}
commitInfos {
  server {
    id: "s0"
    address: "localhost:42481"
    dataStreamAddress: "localhost:43981"
    clientAddress: "localhost:42743"
    adminAddress: "localhost:44771"
    startupRole: FOLLOWER
  }
}
commitInfos {
  server {
    id: "s1"
    address: "localhost:44073"
    dataStreamAddress: "localhost:35501"
    clientAddress: "localhost:39477"
    adminAddress: "localhost:36871"
    startupRole: FOLLOWER
  }
}
]
2022-09-14 11:47:18,252 [s2@group-12AB68C5691F->s1-GrpcLogAppender-LogAppenderDaemon] INFO  util.CodeInjectionForTesting (DelayLocalExecutionInjection.java:execute(65)) - s2 delay 150 ms, args=[serverRequest {
  requestorId: "s2"
  replyId: "s1"
  raftGroupId {
    id: "\326\216l\301\220x@5\222b\022\253h\305i\037"
  }
  callId: 73
  slidingWindowEntry {
  }
}
leaderTerm: 2
previousLog {
  term: 2
}
initializing: true
commitInfos {
  server {
    id: "s2"
    address: "localhost:38365"
    dataStreamAddress: "localhost:38285"
    clientAddress: "localhost:40537"
    adminAddress: "localhost:35135"
    startupRole: FOLLOWER
  }
}
commitInfos {
  server {
    id: "s3"
    address: "localhost:46799"
    dataStreamAddress: "localhost:40281"
    clientAddress: "localhost:46547"
    adminAddress: "localhost:45171"
    startupRole: FOLLOWER
  }
}
commitInfos {
  server {
    id: "s4"
    address: "localhost:39419"
    dataStreamAddress: "localhost:46687"
    clientAddress: "localhost:41785"
    adminAddress: "localhost:43995"
    startupRole: FOLLOWER
  }
}
commitInfos {
  server {
    id: "s0"
    address: "localhost:42481"
    dataStreamAddress: "localhost:43981"
    clientAddress: "localhost:42743"
    adminAddress: "localhost:44771"
    startupRole: FOLLOWER
  }
}
commitInfos {
  server {
    id: "s1"
    address: "localhost:44073"
    dataStreamAddress: "localhost:35501"
    clientAddress: "localhost:39477"
    adminAddress: "localhost:36871"
    startupRole: FOLLOWER
  }
}
]
2022-09-14 11:47:18,252 [s2@group-12AB68C5691F->s3-GrpcLogAppender-LogAppenderDaemon] INFO  util.CodeInjectionForTesting (DelayLocalExecutionInjection.java:execute(65)) - s2 delay 150 ms, args=[serverRequest {
  requestorId: "s2"
  replyId: "s3"
  raftGroupId {
    id: "\326\216l\301\220x@5\222b\022\253h\305i\037"
  }
  callId: 82
  slidingWindowEntry {
  }
}
leaderTerm: 2
previousLog {
  term: 2
}
initializing: true
commitInfos {
  server {
    id: "s2"
    address: "localhost:38365"
    dataStreamAddress: "localhost:38285"
    clientAddress: "localhost:40537"
    adminAddress: "localhost:35135"
    startupRole: FOLLOWER
  }
}
commitInfos {
  server {
    id: "s3"
    address: "localhost:46799"
    dataStreamAddress: "localhost:40281"
    clientAddress: "localhost:46547"
    adminAddress: "localhost:45171"
    startupRole: FOLLOWER
  }
}
commitInfos {
  server {
    id: "s4"
    address: "localhost:39419"
    dataStreamAddress: "localhost:46687"
    clientAddress: "localhost:41785"
    adminAddress: "localhost:43995"
    startupRole: FOLLOWER
  }
}
commitInfos {
  server {
    id: "s0"
    address: "localhost:42481"
    dataStreamAddress: "localhost:43981"
    clientAddress: "localhost:42743"
    adminAddress: "localhost:44771"
    startupRole: FOLLOWER
  }
}
commitInfos {
  server {
    id: "s1"
    address: "localhost:44073"
    dataStreamAddress: "localhost:35501"
    clientAddress: "localhost:39477"
    adminAddress: "localhost:36871"
    startupRole: FOLLOWER
  }
}
]
2022-09-14 11:47:18,261 [s2@group-12AB68C5691F->s4-GrpcLogAppender-LogAppenderDaemon] INFO  util.CodeInjectionForTesting (DelayLocalExecutionInjection.java:execute(65)) - s2 delay 150 ms, args=[serverRequest {
  requestorId: "s2"
  replyId: "s4"
  raftGroupId {
    id: "\326\216l\301\220x@5\222b\022\253h\305i\037"
  }
  callId: 135
  slidingWindowEntry {
  }
}
leaderTerm: 2
previousLog {
  term: 2
}
initializing: true
commitInfos {
  server {
    id: "s2"
    address: "localhost:38365"
    dataStreamAddress: "localhost:38285"
    clientAddress: "localhost:40537"
    adminAddress: "localhost:35135"
    startupRole: FOLLOWER
  }
}
commitInfos {
  server {
    id: "s3"
    address: "localhost:46799"
    dataStreamAddress: "localhost:40281"
    clientAddress: "localhost:46547"
    adminAddress: "localhost:45171"
    startupRole: FOLLOWER
  }
}
commitInfos {
  server {
    id: "s4"
    address: "localhost:39419"
    dataStreamAddress: "localhost:46687"
    clientAddress: "localhost:41785"
    adminAddress: "localhost:43995"
    startupRole: FOLLOWER
  }
}
commitInfos {
  server {
    id: "s0"
    address: "localhost:42481"
    dataStreamAddress: "localhost:43981"
    clientAddress: "localhost:42743"
    adminAddress: "localhost:44771"
    startupRole: FOLLOWER
  }
}
commitInfos {
  server {
    id: "s1"
    address: "localhost:44073"
    dataStreamAddress: "localhost:35501"
    clientAddress: "localhost:39477"
    adminAddress: "localhost:36871"
    startupRole: FOLLOWER
  }
}
]
2022-09-14 11:47:18,366 [s0@group-12AB68C5691F-FollowerState] INFO  impl.FollowerState (FollowerState.java:run(141)) - s0@group-12AB68C5691F-FollowerState: change to CANDIDATE, lastRpcElapsedTime:191420992ns, electionTimeout:185ms
2022-09-14 11:47:18,366 [s0@group-12AB68C5691F-FollowerState] INFO  impl.RoleInfo (RoleInfo.java:shutdownFollowerState(110)) - s0: shutdown s0@group-12AB68C5691F-FollowerState
2022-09-14 11:47:18,367 [s0@group-12AB68C5691F-FollowerState] INFO  server.RaftServer$Division (RaftServerImpl.java:setRole(317)) - s0@group-12AB68C5691F: changes role from  FOLLOWER to CANDIDATE at term 2 for changeToCandidate
2022-09-14 11:47:18,367 [s0@group-12AB68C5691F-FollowerState] INFO  server.RaftServerConfigKeys (ConfUtils.java:logGet(46)) - raft.server.leaderelection.pre-vote = true (default)
2022-09-14 11:47:18,367 [s0@group-12AB68C5691F-FollowerState] INFO  impl.RoleInfo (RoleInfo.java:updateAndGet(139)) - s0: start s0@group-12AB68C5691F-LeaderElection22
2022-09-14 11:47:18,367 [s0@group-12AB68C5691F-LeaderElection22] INFO  server.RaftServer$Division (ServerState.java:setLeader(259)) - s0@group-12AB68C5691F: change Leader from s2 to null at term 2 for PRE_VOTE
2022-09-14 11:47:18,367 [s0@group-12AB68C5691F-LeaderElection22] INFO  impl.LeaderElection (LeaderElection.java:askForVotes(308)) - s0@group-12AB68C5691F-LeaderElection22 PRE_VOTE round 0: submit vote requests at term 2 for 0: peers:[s3|rpc:localhost:46799|admin:localhost:45171|client:localhost:46547|dataStream:localhost:40281|priority:0|startupRole:FOLLOWER, s4|rpc:localhost:39419|admin:localhost:43995|client:localhost:41785|dataStream:localhost:46687|priority:0|startupRole:FOLLOWER, s0|rpc:localhost:42481|admin:localhost:44771|client:localhost:42743|dataStream:localhost:43981|priority:0|startupRole:FOLLOWER, s1|rpc:localhost:44073|admin:localhost:36871|client:localhost:39477|dataStream:localhost:35501|priority:0|startupRole:FOLLOWER, s2|rpc:localhost:38365|admin:localhost:35135|client:localhost:40537|dataStream:localhost:38285|priority:0|startupRole:FOLLOWER]|listeners:[], old=null
2022-09-14 11:47:18,368 [s0@group-12AB68C5691F-LeaderElection22-1] INFO  util.CodeInjectionForTesting (DelayLocalExecutionInjection.java:execute(65)) - s0 delay 150 ms, args=[serverRequest {
  requestorId: "s0"
  replyId: "s3"
  raftGroupId {
    id: "\326\216l\301\220x@5\222b\022\253h\305i\037"
  }
  slidingWindowEntry {
  }
}
candidateTerm: 2
candidateLastEntry {
  term: 2
}
preVote: true
]
2022-09-14 11:47:18,368 [s0@group-12AB68C5691F-LeaderElection22-2] INFO  util.CodeInjectionForTesting (DelayLocalExecutionInjection.java:execute(65)) - s0 delay 150 ms, args=[serverRequest {
  requestorId: "s0"
  replyId: "s4"
  raftGroupId {
    id: "\326\216l\301\220x@5\222b\022\253h\305i\037"
  }
  slidingWindowEntry {
  }
}
candidateTerm: 2
candidateLastEntry {
  term: 2
}
preVote: true
]
2022-09-14 11:47:18,369 [s0@group-12AB68C5691F-LeaderElection22-3] INFO  util.CodeInjectionForTesting (DelayLocalExecutionInjection.java:execute(65)) - s0 delay 150 ms, args=[serverRequest {
  requestorId: "s0"
  replyId: "s1"
  raftGroupId {
    id: "\326\216l\301\220x@5\222b\022\253h\305i\037"
  }
  slidingWindowEntry {
  }
}
candidateTerm: 2
candidateLastEntry {
  term: 2
}
preVote: true
]
2022-09-14 11:47:18,369 [s0@group-12AB68C5691F-LeaderElection22-4] INFO  util.CodeInjectionForTesting (DelayLocalExecutionInjection.java:execute(65)) - s0 delay 150 ms, args=[serverRequest {
  requestorId: "s0"
  replyId: "s2"
  raftGroupId {
    id: "\326\216l\301\220x@5\222b\022\253h\305i\037"
  }
  slidingWindowEntry {
  }
}
candidateTerm: 2
candidateLastEntry {
  term: 2
}
preVote: true
]
2022-09-14 11:47:18,402 [s0-server-thread1] INFO  server.RaftServer$Division (RaftServerImpl.java:setRole(317)) - s0@group-12AB68C5691F: changes role from CANDIDATE to FOLLOWER at term 2 for appendEntries
2022-09-14 11:47:18,402 [s0-server-thread1] INFO  impl.RoleInfo (RoleInfo.java:shutdownLeaderElection(130)) - s0: shutdown s0@group-12AB68C5691F-LeaderElection22
2022-09-14 11:47:18,403 [s0-server-thread1] INFO  impl.RoleInfo (RoleInfo.java:updateAndGet(139)) - s0: start s0@group-12AB68C5691F-FollowerState
2022-09-14 11:47:18,403 [s0-server-thread1] INFO  server.RaftServer$Division (ServerState.java:setLeader(259)) - s0@group-12AB68C5691F: change Leader from null to s2 at term 2 for appendEntries, leader elected after 35ms
2022-09-14 11:47:18,412 [s4-server-thread2] INFO  util.CodeInjectionForTesting (BlockRequestHandlingInjection.java:execute(77)) - s4: Block request from s2
2022-09-14 11:47:18,449 [s2@group-12AB68C5691F->s4-GrpcLogAppender-LogAppenderDaemon] INFO  util.CodeInjectionForTesting (DelayLocalExecutionInjection.java:execute(65)) - s2 delay 150 ms, args=[serverRequest {
  requestorId: "s2"
  replyId: "s4"
  raftGroupId {
    id: "\326\216l\301\220x@5\222b\022\253h\305i\037"
  }
  callId: 136
  slidingWindowEntry {
  }
}
leaderTerm: 2
previousLog {
  term: 2
}
initializing: true
commitInfos {
  server {
    id: "s2"
    address: "localhost:38365"
    dataStreamAddress: "localhost:38285"
    clientAddress: "localhost:40537"
    adminAddress: "localhost:35135"
    startupRole: FOLLOWER
  }
}
commitInfos {
  server {
    id: "s3"
    address: "localhost:46799"
    dataStreamAddress: "localhost:40281"
    clientAddress: "localhost:46547"
    adminAddress: "localhost:45171"
    startupRole: FOLLOWER
  }
}
commitInfos {
  server {
    id: "s4"
    address: "localhost:39419"
    dataStreamAddress: "localhost:46687"
    clientAddress: "localhost:41785"
    adminAddress: "localhost:43995"
    startupRole: FOLLOWER
  }
}
commitInfos {
  server {
    id: "s0"
    address: "localhost:42481"
    dataStreamAddress: "localhost:43981"
    clientAddress: "localhost:42743"
    adminAddress: "localhost:44771"
    startupRole: FOLLOWER
  }
}
commitInfos {
  server {
    id: "s1"
    address: "localhost:44073"
    dataStreamAddress: "localhost:35501"
    clientAddress: "localhost:39477"
    adminAddress: "localhost:36871"
    startupRole: FOLLOWER
  }
}
]
2022-09-14 11:47:18,479 [s2@group-12AB68C5691F->s3-GrpcLogAppender-LogAppenderDaemon] INFO  util.CodeInjectionForTesting (DelayLocalExecutionInjection.java:execute(65)) - s2 delay 150 ms, args=[serverRequest {
  requestorId: "s2"
  replyId: "s3"
  raftGroupId {
    id: "\326\216l\301\220x@5\222b\022\253h\305i\037"
  }
  callId: 83
  slidingWindowEntry {
  }
}
leaderTerm: 2
previousLog {
  term: 2
}
initializing: true
commitInfos {
  server {
    id: "s2"
    address: "localhost:38365"
    dataStreamAddress: "localhost:38285"
    clientAddress: "localhost:40537"
    adminAddress: "localhost:35135"
    startupRole: FOLLOWER
  }
}
commitInfos {
  server {
    id: "s3"
    address: "localhost:46799"
    dataStreamAddress: "localhost:40281"
    clientAddress: "localhost:46547"
    adminAddress: "localhost:45171"
    startupRole: FOLLOWER
  }
}
commitInfos {
  server {
    id: "s4"
    address: "localhost:39419"
    dataStreamAddress: "localhost:46687"
    clientAddress: "localhost:41785"
    adminAddress: "localhost:43995"
    startupRole: FOLLOWER
  }
}
commitInfos {
  server {
    id: "s0"
    address: "localhost:42481"
    dataStreamAddress: "localhost:43981"
    clientAddress: "localhost:42743"
    adminAddress: "localhost:44771"
    startupRole: FOLLOWER
  }
}
commitInfos {
  server {
    id: "s1"
    address: "localhost:44073"
    dataStreamAddress: "localhost:35501"
    clientAddress: "localhost:39477"
    adminAddress: "localhost:36871"
    startupRole: FOLLOWER
  }
}
]
2022-09-14 11:47:18,480 [s2@group-12AB68C5691F->s0-GrpcLogAppender-LogAppenderDaemon] INFO  util.CodeInjectionForTesting (DelayLocalExecutionInjection.java:execute(65)) - s2 delay 150 ms, args=[serverRequest {
  requestorId: "s2"
  replyId: "s0"
  raftGroupId {
    id: "\326\216l\301\220x@5\222b\022\253h\305i\037"
  }
  callId: 74
  slidingWindowEntry {
  }
}
leaderTerm: 2
previousLog {
  term: 2
}
initializing: true
commitInfos {
  server {
    id: "s2"
    address: "localhost:38365"
    dataStreamAddress: "localhost:38285"
    clientAddress: "localhost:40537"
    adminAddress: "localhost:35135"
    startupRole: FOLLOWER
  }
}
commitInfos {
  server {
    id: "s3"
    address: "localhost:46799"
    dataStreamAddress: "localhost:40281"
    clientAddress: "localhost:46547"
    adminAddress: "localhost:45171"
    startupRole: FOLLOWER
  }
}
commitInfos {
  server {
    id: "s4"
    address: "localhost:39419"
    dataStreamAddress: "localhost:46687"
    clientAddress: "localhost:41785"
    adminAddress: "localhost:43995"
    startupRole: FOLLOWER
  }
}
commitInfos {
  server {
    id: "s0"
    address: "localhost:42481"
    dataStreamAddress: "localhost:43981"
    clientAddress: "localhost:42743"
    adminAddress: "localhost:44771"
    startupRole: FOLLOWER
  }
}
commitInfos {
  server {
    id: "s1"
    address: "localhost:44073"
    dataStreamAddress: "localhost:35501"
    clientAddress: "localhost:39477"
    adminAddress: "localhost:36871"
    startupRole: FOLLOWER
  }
}
]
2022-09-14 11:47:18,480 [s2@group-12AB68C5691F->s1-GrpcLogAppender-LogAppenderDaemon] INFO  util.CodeInjectionForTesting (DelayLocalExecutionInjection.java:execute(65)) - s2 delay 150 ms, args=[serverRequest {
  requestorId: "s2"
  replyId: "s1"
  raftGroupId {
    id: "\326\216l\301\220x@5\222b\022\253h\305i\037"
  }
  callId: 74
  slidingWindowEntry {
  }
}
leaderTerm: 2
previousLog {
  term: 2
}
initializing: true
commitInfos {
  server {
    id: "s2"
    address: "localhost:38365"
    dataStreamAddress: "localhost:38285"
    clientAddress: "localhost:40537"
    adminAddress: "localhost:35135"
    startupRole: FOLLOWER
  }
}
commitInfos {
  server {
    id: "s3"
    address: "localhost:46799"
    dataStreamAddress: "localhost:40281"
    clientAddress: "localhost:46547"
    adminAddress: "localhost:45171"
    startupRole: FOLLOWER
  }
}
commitInfos {
  server {
    id: "s4"
    address: "localhost:39419"
    dataStreamAddress: "localhost:46687"
    clientAddress: "localhost:41785"
    adminAddress: "localhost:43995"
    startupRole: FOLLOWER
  }
}
commitInfos {
  server {
    id: "s0"
    address: "localhost:42481"
    dataStreamAddress: "localhost:43981"
    clientAddress: "localhost:42743"
    adminAddress: "localhost:44771"
    startupRole: FOLLOWER
  }
}
commitInfos {
  server {
    id: "s1"
    address: "localhost:44073"
    dataStreamAddress: "localhost:35501"
    clientAddress: "localhost:39477"
    adminAddress: "localhost:36871"
    startupRole: FOLLOWER
  }
}
]
2022-09-14 11:47:18,520 [grpc-default-executor-19] INFO  server.RaftServer$Division (RaftServerImpl.java:requestVote(1281)) - s3@group-12AB68C5691F: receive requestVote(PRE_VOTE, s0, group-12AB68C5691F, 2, (t:2, i:0))
2022-09-14 11:47:18,521 [grpc-default-executor-19] INFO  impl.VoteContext (VoteContext.java:log(49)) - s3@group-12AB68C5691F-FOLLOWER: reject PRE_VOTE from s0: this server is a follower and still has a valid leader s2
2022-09-14 11:47:18,521 [grpc-default-executor-19] INFO  server.RaftServer$Division (RaftServerImpl.java:requestVote(1314)) - s3@group-12AB68C5691F replies to PRE_VOTE vote request: s0<-s3#0:FAIL-t2. Peer's state: s3@group-12AB68C5691F:t2, leader=s2, voted=s2, raftlog=Memoized:s3@group-12AB68C5691F-SegmentedRaftLog:OPENED:c0, conf=0: peers:[s3|rpc:localhost:46799|admin:localhost:45171|client:localhost:46547|dataStream:localhost:40281|priority:0|startupRole:FOLLOWER, s4|rpc:localhost:39419|admin:localhost:43995|client:localhost:41785|dataStream:localhost:46687|priority:0|startupRole:FOLLOWER, s0|rpc:localhost:42481|admin:localhost:44771|client:localhost:42743|dataStream:localhost:43981|priority:0|startupRole:FOLLOWER, s1|rpc:localhost:44073|admin:localhost:36871|client:localhost:39477|dataStream:localhost:35501|priority:0|startupRole:FOLLOWER, s2|rpc:localhost:38365|admin:localhost:35135|client:localhost:40537|dataStream:localhost:38285|priority:0|startupRole:FOLLOWER]|listeners:[], old=null
2022-09-14 11:47:18,521 [grpc-default-executor-39] INFO  util.CodeInjectionForTesting (BlockRequestHandlingInjection.java:execute(77)) - s4: Block request from s0
2022-09-14 11:47:18,522 [grpc-default-executor-37] INFO  server.RaftServer$Division (RaftServerImpl.java:requestVote(1281)) - s1@group-12AB68C5691F: receive requestVote(PRE_VOTE, s0, group-12AB68C5691F, 2, (t:2, i:0))
2022-09-14 11:47:18,522 [grpc-default-executor-37] INFO  impl.VoteContext (VoteContext.java:log(49)) - s1@group-12AB68C5691F-FOLLOWER: reject PRE_VOTE from s0: this server is a follower and still has a valid leader s2
2022-09-14 11:47:18,522 [grpc-default-executor-37] INFO  server.RaftServer$Division (RaftServerImpl.java:requestVote(1314)) - s1@group-12AB68C5691F replies to PRE_VOTE vote request: s0<-s1#0:FAIL-t2. Peer's state: s1@group-12AB68C5691F:t2, leader=s2, voted=s2, raftlog=Memoized:s1@group-12AB68C5691F-SegmentedRaftLog:OPENED:c0, conf=0: peers:[s3|rpc:localhost:46799|admin:localhost:45171|client:localhost:46547|dataStream:localhost:40281|priority:0|startupRole:FOLLOWER, s4|rpc:localhost:39419|admin:localhost:43995|client:localhost:41785|dataStream:localhost:46687|priority:0|startupRole:FOLLOWER, s0|rpc:localhost:42481|admin:localhost:44771|client:localhost:42743|dataStream:localhost:43981|priority:0|startupRole:FOLLOWER, s1|rpc:localhost:44073|admin:localhost:36871|client:localhost:39477|dataStream:localhost:35501|priority:0|startupRole:FOLLOWER, s2|rpc:localhost:38365|admin:localhost:35135|client:localhost:40537|dataStream:localhost:38285|priority:0|startupRole:FOLLOWER]|listeners:[], old=null
2022-09-14 11:47:18,522 [grpc-default-executor-19] INFO  server.RaftServer$Division (RaftServerImpl.java:requestVote(1281)) - s2@group-12AB68C5691F: receive requestVote(PRE_VOTE, s0, group-12AB68C5691F, 2, (t:2, i:0))
2022-09-14 11:47:18,522 [grpc-default-executor-19] INFO  impl.VoteContext (VoteContext.java:log(49)) - s2@group-12AB68C5691F-LEADER: reject PRE_VOTE from s0: this server is the leader and still has leadership
2022-09-14 11:47:18,522 [grpc-default-executor-19] INFO  server.RaftServer$Division (RaftServerImpl.java:requestVote(1314)) - s2@group-12AB68C5691F replies to PRE_VOTE vote request: s0<-s2#0:FAIL-t2. Peer's state: s2@group-12AB68C5691F:t2, leader=s2, voted=s2, raftlog=Memoized:s2@group-12AB68C5691F-SegmentedRaftLog:OPENED:c0, conf=0: peers:[s3|rpc:localhost:46799|admin:localhost:45171|client:localhost:46547|dataStream:localhost:40281|priority:0|startupRole:FOLLOWER, s4|rpc:localhost:39419|admin:localhost:43995|client:localhost:41785|dataStream:localhost:46687|priority:0|startupRole:FOLLOWER, s0|rpc:localhost:42481|admin:localhost:44771|client:localhost:42743|dataStream:localhost:43981|priority:0|startupRole:FOLLOWER, s1|rpc:localhost:44073|admin:localhost:36871|client:localhost:39477|dataStream:localhost:35501|priority:0|startupRole:FOLLOWER, s2|rpc:localhost:38365|admin:localhost:35135|client:localhost:40537|dataStream:localhost:38285|priority:0|startupRole:FOLLOWER]|listeners:[], old=null
2022-09-14 11:47:18,523 [s0@group-12AB68C5691F-LeaderElection22] INFO  impl.LeaderElection (LeaderElection.java:logAndReturn(89)) - s0@group-12AB68C5691F-LeaderElection22: PRE_VOTE REJECTED received 1 response(s) and 0 exception(s):
2022-09-14 11:47:18,523 [s0@group-12AB68C5691F-LeaderElection22] INFO  impl.LeaderElection (LeaderElection.java:logAndReturn(93)) -   Response 0: s0<-s3#0:FAIL-t2
2022-09-14 11:47:18,523 [s0@group-12AB68C5691F-LeaderElection22] INFO  impl.LeaderElection (LeaderElection.java:askForVotes(310)) - s0@group-12AB68C5691F-LeaderElection22 PRE_VOTE round 0: result REJECTED
2022-09-14 11:47:18,563 [s4@group-12AB68C5691F-FollowerState] INFO  impl.FollowerState (FollowerState.java:run(141)) - s4@group-12AB68C5691F-FollowerState: change to CANDIDATE, lastRpcElapsedTime:378426641ns, electionTimeout:205ms
2022-09-14 11:47:18,563 [s4@group-12AB68C5691F-FollowerState] INFO  impl.RoleInfo (RoleInfo.java:shutdownFollowerState(110)) - s4: shutdown s4@group-12AB68C5691F-FollowerState
2022-09-14 11:47:18,563 [s4@group-12AB68C5691F-FollowerState] INFO  server.RaftServer$Division (RaftServerImpl.java:setRole(317)) - s4@group-12AB68C5691F: changes role from  FOLLOWER to CANDIDATE at term 2 for changeToCandidate
2022-09-14 11:47:18,563 [s4@group-12AB68C5691F-FollowerState] INFO  server.RaftServerConfigKeys (ConfUtils.java:logGet(46)) - raft.server.leaderelection.pre-vote = true (default)
2022-09-14 11:47:18,563 [s4@group-12AB68C5691F-FollowerState] INFO  impl.RoleInfo (RoleInfo.java:updateAndGet(139)) - s4: start s4@group-12AB68C5691F-LeaderElection23
2022-09-14 11:47:18,564 [s4@group-12AB68C5691F-LeaderElection23] INFO  server.RaftServer$Division (ServerState.java:setLeader(259)) - s4@group-12AB68C5691F: change Leader from s2 to null at term 2 for PRE_VOTE
2022-09-14 11:47:18,564 [s4@group-12AB68C5691F-LeaderElection23] INFO  impl.LeaderElection (LeaderElection.java:askForVotes(308)) - s4@group-12AB68C5691F-LeaderElection23 PRE_VOTE round 0: submit vote requests at term 2 for 0: peers:[s3|rpc:localhost:46799|admin:localhost:45171|client:localhost:46547|dataStream:localhost:40281|priority:0|startupRole:FOLLOWER, s4|rpc:localhost:39419|admin:localhost:43995|client:localhost:41785|dataStream:localhost:46687|priority:0|startupRole:FOLLOWER, s0|rpc:localhost:42481|admin:localhost:44771|client:localhost:42743|dataStream:localhost:43981|priority:0|startupRole:FOLLOWER, s1|rpc:localhost:44073|admin:localhost:36871|client:localhost:39477|dataStream:localhost:35501|priority:0|startupRole:FOLLOWER, s2|rpc:localhost:38365|admin:localhost:35135|client:localhost:40537|dataStream:localhost:38285|priority:0|startupRole:FOLLOWER]|listeners:[], old=null
2022-09-14 11:47:18,568 [grpc-default-executor-19] INFO  server.RaftServer$Division (RaftServerImpl.java:requestVote(1281)) - s3@group-12AB68C5691F: receive requestVote(PRE_VOTE, s4, group-12AB68C5691F, 2, (t:1, i:0))
2022-09-14 11:47:18,568 [grpc-default-executor-19] INFO  impl.VoteContext (VoteContext.java:log(49)) - s3@group-12AB68C5691F-FOLLOWER: reject PRE_VOTE from s4: our last entry (t:2, i:0) > candidate's last entry (t:1, i:0)
2022-09-14 11:47:18,568 [grpc-default-executor-19] INFO  server.RaftServer$Division (RaftServerImpl.java:requestVote(1314)) - s3@group-12AB68C5691F replies to PRE_VOTE vote request: s4<-s3#0:FAIL-t2. Peer's state: s3@group-12AB68C5691F:t2, leader=s2, voted=s2, raftlog=Memoized:s3@group-12AB68C5691F-SegmentedRaftLog:OPENED:c0, conf=0: peers:[s3|rpc:localhost:46799|admin:localhost:45171|client:localhost:46547|dataStream:localhost:40281|priority:0|startupRole:FOLLOWER, s4|rpc:localhost:39419|admin:localhost:43995|client:localhost:41785|dataStream:localhost:46687|priority:0|startupRole:FOLLOWER, s0|rpc:localhost:42481|admin:localhost:44771|client:localhost:42743|dataStream:localhost:43981|priority:0|startupRole:FOLLOWER, s1|rpc:localhost:44073|admin:localhost:36871|client:localhost:39477|dataStream:localhost:35501|priority:0|startupRole:FOLLOWER, s2|rpc:localhost:38365|admin:localhost:35135|client:localhost:40537|dataStream:localhost:38285|priority:0|startupRole:FOLLOWER]|listeners:[], old=null
2022-09-14 11:47:18,569 [grpc-default-executor-19] INFO  server.RaftServer$Division (RaftServerImpl.java:requestVote(1281)) - s2@group-12AB68C5691F: receive requestVote(PRE_VOTE, s4, group-12AB68C5691F, 2, (t:1, i:0))
2022-09-14 11:47:18,569 [grpc-default-executor-19] INFO  impl.VoteContext (VoteContext.java:log(49)) - s2@group-12AB68C5691F-LEADER: reject PRE_VOTE from s4: this server is the leader and still has leadership
2022-09-14 11:47:18,569 [grpc-default-executor-19] INFO  server.RaftServer$Division (RaftServerImpl.java:requestVote(1314)) - s2@group-12AB68C5691F replies to PRE_VOTE vote request: s4<-s2#0:FAIL-t2. Peer's state: s2@group-12AB68C5691F:t2, leader=s2, voted=s2, raftlog=Memoized:s2@group-12AB68C5691F-SegmentedRaftLog:OPENED:c0, conf=0: peers:[s3|rpc:localhost:46799|admin:localhost:45171|client:localhost:46547|dataStream:localhost:40281|priority:0|startupRole:FOLLOWER, s4|rpc:localhost:39419|admin:localhost:43995|client:localhost:41785|dataStream:localhost:46687|priority:0|startupRole:FOLLOWER, s0|rpc:localhost:42481|admin:localhost:44771|client:localhost:42743|dataStream:localhost:43981|priority:0|startupRole:FOLLOWER, s1|rpc:localhost:44073|admin:localhost:36871|client:localhost:39477|dataStream:localhost:35501|priority:0|startupRole:FOLLOWER, s2|rpc:localhost:38365|admin:localhost:35135|client:localhost:40537|dataStream:localhost:38285|priority:0|startupRole:FOLLOWER]|listeners:[], old=null
2022-09-14 11:47:18,570 [grpc-default-executor-19] INFO  server.RaftServer$Division (RaftServerImpl.java:requestVote(1281)) - s1@group-12AB68C5691F: receive requestVote(PRE_VOTE, s4, group-12AB68C5691F, 2, (t:1, i:0))
2022-09-14 11:47:18,570 [grpc-default-executor-19] INFO  impl.VoteContext (VoteContext.java:log(49)) - s1@group-12AB68C5691F-FOLLOWER: reject PRE_VOTE from s4: our last entry (t:2, i:0) > candidate's last entry (t:1, i:0)
2022-09-14 11:47:18,570 [grpc-default-executor-19] INFO  server.RaftServer$Division (RaftServerImpl.java:requestVote(1314)) - s1@group-12AB68C5691F replies to PRE_VOTE vote request: s4<-s1#0:FAIL-t2. Peer's state: s1@group-12AB68C5691F:t2, leader=s2, voted=s2, raftlog=Memoized:s1@group-12AB68C5691F-SegmentedRaftLog:OPENED:c0, conf=0: peers:[s3|rpc:localhost:46799|admin:localhost:45171|client:localhost:46547|dataStream:localhost:40281|priority:0|startupRole:FOLLOWER, s4|rpc:localhost:39419|admin:localhost:43995|client:localhost:41785|dataStream:localhost:46687|priority:0|startupRole:FOLLOWER, s0|rpc:localhost:42481|admin:localhost:44771|client:localhost:42743|dataStream:localhost:43981|priority:0|startupRole:FOLLOWER, s1|rpc:localhost:44073|admin:localhost:36871|client:localhost:39477|dataStream:localhost:35501|priority:0|startupRole:FOLLOWER, s2|rpc:localhost:38365|admin:localhost:35135|client:localhost:40537|dataStream:localhost:38285|priority:0|startupRole:FOLLOWER]|listeners:[], old=null
2022-09-14 11:47:18,574 [s4@group-12AB68C5691F-LeaderElection23] INFO  impl.LeaderElection (LeaderElection.java:logAndReturn(89)) - s4@group-12AB68C5691F-LeaderElection23: PRE_VOTE REJECTED received 3 response(s) and 0 exception(s):
2022-09-14 11:47:18,574 [s4@group-12AB68C5691F-LeaderElection23] INFO  impl.LeaderElection (LeaderElection.java:logAndReturn(93)) -   Response 0: s4<-s3#0:FAIL-t2
2022-09-14 11:47:18,574 [s4@group-12AB68C5691F-LeaderElection23] INFO  impl.LeaderElection (LeaderElection.java:logAndReturn(93)) -   Response 1: s4<-s1#0:FAIL-t2
2022-09-14 11:47:18,574 [s4@group-12AB68C5691F-LeaderElection23] INFO  impl.LeaderElection (LeaderElection.java:logAndReturn(93)) -   Response 2: s4<-s2#0:FAIL-t2
2022-09-14 11:47:18,574 [s4@group-12AB68C5691F-LeaderElection23] INFO  impl.LeaderElection (LeaderElection.java:askForVotes(310)) - s4@group-12AB68C5691F-LeaderElection23 PRE_VOTE round 0: result REJECTED
2022-09-14 11:47:18,574 [s4@group-12AB68C5691F-LeaderElection23] INFO  server.RaftServer$Division (RaftServerImpl.java:setRole(317)) - s4@group-12AB68C5691F: changes role from CANDIDATE to FOLLOWER at term 2 for REJECTED
2022-09-14 11:47:18,574 [s4@group-12AB68C5691F-LeaderElection23] INFO  impl.RoleInfo (RoleInfo.java:shutdownLeaderElection(130)) - s4: shutdown s4@group-12AB68C5691F-LeaderElection23
2022-09-14 11:47:18,574 [s4@group-12AB68C5691F-LeaderElection23] INFO  impl.RoleInfo (RoleInfo.java:updateAndGet(139)) - s4: start s4@group-12AB68C5691F-FollowerState
2022-09-14 11:47:18,574 [grpc-default-executor-19] INFO  server.RaftServer$Division (RaftServerImpl.java:requestVote(1281)) - s0@group-12AB68C5691F: receive requestVote(PRE_VOTE, s4, group-12AB68C5691F, 2, (t:1, i:0))
2022-09-14 11:47:18,575 [grpc-default-executor-19] INFO  impl.VoteContext (VoteContext.java:log(49)) - s0@group-12AB68C5691F-FOLLOWER: reject PRE_VOTE from s4: our last entry (t:2, i:0) > candidate's last entry (t:1, i:0)
2022-09-14 11:47:18,575 [grpc-default-executor-19] INFO  server.RaftServer$Division (RaftServerImpl.java:requestVote(1314)) - s0@group-12AB68C5691F replies to PRE_VOTE vote request: s4<-s0#0:FAIL-t2. Peer's state: s0@group-12AB68C5691F:t2, leader=s2, voted=s2, raftlog=Memoized:s0@group-12AB68C5691F-SegmentedRaftLog:OPENED:c0, conf=0: peers:[s3|rpc:localhost:46799|admin:localhost:45171|client:localhost:46547|dataStream:localhost:40281|priority:0|startupRole:FOLLOWER, s4|rpc:localhost:39419|admin:localhost:43995|client:localhost:41785|dataStream:localhost:46687|priority:0|startupRole:FOLLOWER, s0|rpc:localhost:42481|admin:localhost:44771|client:localhost:42743|dataStream:localhost:43981|priority:0|startupRole:FOLLOWER, s1|rpc:localhost:44073|admin:localhost:36871|client:localhost:39477|dataStream:localhost:35501|priority:0|startupRole:FOLLOWER, s2|rpc:localhost:38365|admin:localhost:35135|client:localhost:40537|dataStream:localhost:38285|priority:0|startupRole:FOLLOWER]|listeners:[], old=null
2022-09-14 11:47:18,590 [s0@group-12AB68C5691F-FollowerState] INFO  impl.FollowerState (FollowerState.java:run(141)) - s0@group-12AB68C5691F-FollowerState: change to CANDIDATE, lastRpcElapsedTime:186388501ns, electionTimeout:186ms
2022-09-14 11:47:18,590 [s0@group-12AB68C5691F-FollowerState] INFO  impl.RoleInfo (RoleInfo.java:shutdownFollowerState(110)) - s0: shutdown s0@group-12AB68C5691F-FollowerState
2022-09-14 11:47:18,590 [s0@group-12AB68C5691F-FollowerState] INFO  server.RaftServer$Division (RaftServerImpl.java:setRole(317)) - s0@group-12AB68C5691F: changes role from  FOLLOWER to CANDIDATE at term 2 for changeToCandidate
2022-09-14 11:47:18,590 [s0@group-12AB68C5691F-FollowerState] INFO  server.RaftServerConfigKeys (ConfUtils.java:logGet(46)) - raft.server.leaderelection.pre-vote = true (default)
2022-09-14 11:47:18,590 [s0@group-12AB68C5691F-FollowerState] INFO  impl.RoleInfo (RoleInfo.java:updateAndGet(139)) - s0: start s0@group-12AB68C5691F-LeaderElection24
2022-09-14 11:47:18,590 [s0@group-12AB68C5691F-LeaderElection24] INFO  server.RaftServer$Division (ServerState.java:setLeader(259)) - s0@group-12AB68C5691F: change Leader from s2 to null at term 2 for PRE_VOTE
2022-09-14 11:47:18,591 [s0@group-12AB68C5691F-LeaderElection24] INFO  impl.LeaderElection (LeaderElection.java:askForVotes(308)) - s0@group-12AB68C5691F-LeaderElection24 PRE_VOTE round 0: submit vote requests at term 2 for 0: peers:[s3|rpc:localhost:46799|admin:localhost:45171|client:localhost:46547|dataStream:localhost:40281|priority:0|startupRole:FOLLOWER, s4|rpc:localhost:39419|admin:localhost:43995|client:localhost:41785|dataStream:localhost:46687|priority:0|startupRole:FOLLOWER, s0|rpc:localhost:42481|admin:localhost:44771|client:localhost:42743|dataStream:localhost:43981|priority:0|startupRole:FOLLOWER, s1|rpc:localhost:44073|admin:localhost:36871|client:localhost:39477|dataStream:localhost:35501|priority:0|startupRole:FOLLOWER, s2|rpc:localhost:38365|admin:localhost:35135|client:localhost:40537|dataStream:localhost:38285|priority:0|startupRole:FOLLOWER]|listeners:[], old=null
2022-09-14 11:47:18,591 [s0@group-12AB68C5691F-LeaderElection24-1] INFO  util.CodeInjectionForTesting (DelayLocalExecutionInjection.java:execute(65)) - s0 delay 150 ms, args=[serverRequest {
  requestorId: "s0"
  replyId: "s3"
  raftGroupId {
    id: "\326\216l\301\220x@5\222b\022\253h\305i\037"
  }
  slidingWindowEntry {
  }
}
candidateTerm: 2
candidateLastEntry {
  term: 2
}
preVote: true
]
2022-09-14 11:47:18,591 [s0@group-12AB68C5691F-LeaderElection24-2] INFO  util.CodeInjectionForTesting (DelayLocalExecutionInjection.java:execute(65)) - s0 delay 150 ms, args=[serverRequest {
  requestorId: "s0"
  replyId: "s4"
  raftGroupId {
    id: "\326\216l\301\220x@5\222b\022\253h\305i\037"
  }
  slidingWindowEntry {
  }
}
candidateTerm: 2
candidateLastEntry {
  term: 2
}
preVote: true
]
2022-09-14 11:47:18,595 [s0@group-12AB68C5691F-LeaderElection24-3] INFO  util.CodeInjectionForTesting (DelayLocalExecutionInjection.java:execute(65)) - s0 delay 150 ms, args=[serverRequest {
  requestorId: "s0"
  replyId: "s1"
  raftGroupId {
    id: "\326\216l\301\220x@5\222b\022\253h\305i\037"
  }
  slidingWindowEntry {
  }
}
candidateTerm: 2
candidateLastEntry {
  term: 2
}
preVote: true
]
2022-09-14 11:47:18,597 [s0@group-12AB68C5691F-LeaderElection24-4] INFO  util.CodeInjectionForTesting (DelayLocalExecutionInjection.java:execute(65)) - s0 delay 150 ms, args=[serverRequest {
  requestorId: "s0"
  replyId: "s2"
  raftGroupId {
    id: "\326\216l\301\220x@5\222b\022\253h\305i\037"
  }
  slidingWindowEntry {
  }
}
candidateTerm: 2
candidateLastEntry {
  term: 2
}
preVote: true
]
2022-09-14 11:47:18,631 [s0-server-thread2] INFO  server.RaftServer$Division (RaftServerImpl.java:setRole(317)) - s0@group-12AB68C5691F: changes role from CANDIDATE to FOLLOWER at term 2 for appendEntries
2022-09-14 11:47:18,631 [s0-server-thread2] INFO  impl.RoleInfo (RoleInfo.java:shutdownLeaderElection(130)) - s0: shutdown s0@group-12AB68C5691F-LeaderElection24
2022-09-14 11:47:18,631 [s0-server-thread2] INFO  impl.RoleInfo (RoleInfo.java:updateAndGet(139)) - s0: start s0@group-12AB68C5691F-FollowerState
2022-09-14 11:47:18,632 [s0-server-thread2] INFO  server.RaftServer$Division (ServerState.java:setLeader(259)) - s0@group-12AB68C5691F: change Leader from null to s2 at term 2 for appendEntries, leader elected after 41ms
2022-09-14 11:47:18,638 [s2@group-12AB68C5691F->s4-GrpcLogAppender-LogAppenderDaemon] INFO  util.CodeInjectionForTesting (DelayLocalExecutionInjection.java:execute(65)) - s2 delay 150 ms, args=[serverRequest {
  requestorId: "s2"
  replyId: "s4"
  raftGroupId {
    id: "\326\216l\301\220x@5\222b\022\253h\305i\037"
  }
  callId: 137
  slidingWindowEntry {
  }
}
leaderTerm: 2
previousLog {
  term: 2
}
initializing: true
commitInfos {
  server {
    id: "s2"
    address: "localhost:38365"
    dataStreamAddress: "localhost:38285"
    clientAddress: "localhost:40537"
    adminAddress: "localhost:35135"
    startupRole: FOLLOWER
  }
}
commitInfos {
  server {
    id: "s3"
    address: "localhost:46799"
    dataStreamAddress: "localhost:40281"
    clientAddress: "localhost:46547"
    adminAddress: "localhost:45171"
    startupRole: FOLLOWER
  }
}
commitInfos {
  server {
    id: "s4"
    address: "localhost:39419"
    dataStreamAddress: "localhost:46687"
    clientAddress: "localhost:41785"
    adminAddress: "localhost:43995"
    startupRole: FOLLOWER
  }
}
commitInfos {
  server {
    id: "s0"
    address: "localhost:42481"
    dataStreamAddress: "localhost:43981"
    clientAddress: "localhost:42743"
    adminAddress: "localhost:44771"
    startupRole: FOLLOWER
  }
}
commitInfos {
  server {
    id: "s1"
    address: "localhost:44073"
    dataStreamAddress: "localhost:35501"
    clientAddress: "localhost:39477"
    adminAddress: "localhost:36871"
    startupRole: FOLLOWER
  }
}
]
2022-09-14 11:47:18,707 [s2@group-12AB68C5691F->s3-GrpcLogAppender-LogAppenderDaemon] INFO  util.CodeInjectionForTesting (DelayLocalExecutionInjection.java:execute(65)) - s2 delay 150 ms, args=[serverRequest {
  requestorId: "s2"
  replyId: "s3"
  raftGroupId {
    id: "\326\216l\301\220x@5\222b\022\253h\305i\037"
  }
  callId: 84
  slidingWindowEntry {
  }
}
leaderTerm: 2
previousLog {
  term: 2
}
initializing: true
commitInfos {
  server {
    id: "s2"
    address: "localhost:38365"
    dataStreamAddress: "localhost:38285"
    clientAddress: "localhost:40537"
    adminAddress: "localhost:35135"
    startupRole: FOLLOWER
  }
}
commitInfos {
  server {
    id: "s3"
    address: "localhost:46799"
    dataStreamAddress: "localhost:40281"
    clientAddress: "localhost:46547"
    adminAddress: "localhost:45171"
    startupRole: FOLLOWER
  }
}
commitInfos {
  server {
    id: "s4"
    address: "localhost:39419"
    dataStreamAddress: "localhost:46687"
    clientAddress: "localhost:41785"
    adminAddress: "localhost:43995"
    startupRole: FOLLOWER
  }
}
commitInfos {
  server {
    id: "s0"
    address: "localhost:42481"
    dataStreamAddress: "localhost:43981"
    clientAddress: "localhost:42743"
    adminAddress: "localhost:44771"
    startupRole: FOLLOWER
  }
}
commitInfos {
  server {
    id: "s1"
    address: "localhost:44073"
    dataStreamAddress: "localhost:35501"
    clientAddress: "localhost:39477"
    adminAddress: "localhost:36871"
    startupRole: FOLLOWER
  }
}
]
2022-09-14 11:47:18,708 [s2@group-12AB68C5691F->s1-GrpcLogAppender-LogAppenderDaemon] INFO  util.CodeInjectionForTesting (DelayLocalExecutionInjection.java:execute(65)) - s2 delay 150 ms, args=[serverRequest {
  requestorId: "s2"
  replyId: "s1"
  raftGroupId {
    id: "\326\216l\301\220x@5\222b\022\253h\305i\037"
  }
  callId: 75
  slidingWindowEntry {
  }
}
leaderTerm: 2
previousLog {
  term: 2
}
initializing: true
commitInfos {
  server {
    id: "s2"
    address: "localhost:38365"
    dataStreamAddress: "localhost:38285"
    clientAddress: "localhost:40537"
    adminAddress: "localhost:35135"
    startupRole: FOLLOWER
  }
}
commitInfos {
  server {
    id: "s3"
    address: "localhost:46799"
    dataStreamAddress: "localhost:40281"
    clientAddress: "localhost:46547"
    adminAddress: "localhost:45171"
    startupRole: FOLLOWER
  }
}
commitInfos {
  server {
    id: "s4"
    address: "localhost:39419"
    dataStreamAddress: "localhost:46687"
    clientAddress: "localhost:41785"
    adminAddress: "localhost:43995"
    startupRole: FOLLOWER
  }
}
commitInfos {
  server {
    id: "s0"
    address: "localhost:42481"
    dataStreamAddress: "localhost:43981"
    clientAddress: "localhost:42743"
    adminAddress: "localhost:44771"
    startupRole: FOLLOWER
  }
}
commitInfos {
  server {
    id: "s1"
    address: "localhost:44073"
    dataStreamAddress: "localhost:35501"
    clientAddress: "localhost:39477"
    adminAddress: "localhost:36871"
    startupRole: FOLLOWER
  }
}
]
2022-09-14 11:47:18,708 [s2@group-12AB68C5691F->s0-GrpcLogAppender-LogAppenderDaemon] INFO  util.CodeInjectionForTesting (DelayLocalExecutionInjection.java:execute(65)) - s2 delay 150 ms, args=[serverRequest {
  requestorId: "s2"
  replyId: "s0"
  raftGroupId {
    id: "\326\216l\301\220x@5\222b\022\253h\305i\037"
  }
  callId: 75
  slidingWindowEntry {
  }
}
leaderTerm: 2
previousLog {
  term: 2
}
initializing: true
commitInfos {
  server {
    id: "s2"
    address: "localhost:38365"
    dataStreamAddress: "localhost:38285"
    clientAddress: "localhost:40537"
    adminAddress: "localhost:35135"
    startupRole: FOLLOWER
  }
}
commitInfos {
  server {
    id: "s3"
    address: "localhost:46799"
    dataStreamAddress: "localhost:40281"
    clientAddress: "localhost:46547"
    adminAddress: "localhost:45171"
    startupRole: FOLLOWER
  }
}
commitInfos {
  server {
    id: "s4"
    address: "localhost:39419"
    dataStreamAddress: "localhost:46687"
    clientAddress: "localhost:41785"
    adminAddress: "localhost:43995"
    startupRole: FOLLOWER
  }
}
commitInfos {
  server {
    id: "s0"
    address: "localhost:42481"
    dataStreamAddress: "localhost:43981"
    clientAddress: "localhost:42743"
    adminAddress: "localhost:44771"
    startupRole: FOLLOWER
  }
}
commitInfos {
  server {
    id: "s1"
    address: "localhost:44073"
    dataStreamAddress: "localhost:35501"
    clientAddress: "localhost:39477"
    adminAddress: "localhost:36871"
    startupRole: FOLLOWER
  }
}
]
2022-09-14 11:47:18,726 [s4@group-12AB68C5691F-FollowerState] INFO  impl.FollowerState (FollowerState.java:run(141)) - s4@group-12AB68C5691F-FollowerState: change to CANDIDATE, lastRpcElapsedTime:152100433ns, electionTimeout:150ms
2022-09-14 11:47:18,726 [s4@group-12AB68C5691F-FollowerState] INFO  impl.RoleInfo (RoleInfo.java:shutdownFollowerState(110)) - s4: shutdown s4@group-12AB68C5691F-FollowerState
2022-09-14 11:47:18,727 [s4@group-12AB68C5691F-FollowerState] INFO  server.RaftServer$Division (RaftServerImpl.java:setRole(317)) - s4@group-12AB68C5691F: changes role from  FOLLOWER to CANDIDATE at term 2 for changeToCandidate
2022-09-14 11:47:18,727 [s4@group-12AB68C5691F-FollowerState] INFO  server.RaftServerConfigKeys (ConfUtils.java:logGet(46)) - raft.server.leaderelection.pre-vote = true (default)
2022-09-14 11:47:18,727 [s4@group-12AB68C5691F-FollowerState] INFO  impl.RoleInfo (RoleInfo.java:updateAndGet(139)) - s4: start s4@group-12AB68C5691F-LeaderElection25
2022-09-14 11:47:18,731 [s4@group-12AB68C5691F-LeaderElection25] INFO  impl.LeaderElection (LeaderElection.java:askForVotes(308)) - s4@group-12AB68C5691F-LeaderElection25 PRE_VOTE round 0: submit vote requests at term 2 for 0: peers:[s3|rpc:localhost:46799|admin:localhost:45171|client:localhost:46547|dataStream:localhost:40281|priority:0|startupRole:FOLLOWER, s4|rpc:localhost:39419|admin:localhost:43995|client:localhost:41785|dataStream:localhost:46687|priority:0|startupRole:FOLLOWER, s0|rpc:localhost:42481|admin:localhost:44771|client:localhost:42743|dataStream:localhost:43981|priority:0|startupRole:FOLLOWER, s1|rpc:localhost:44073|admin:localhost:36871|client:localhost:39477|dataStream:localhost:35501|priority:0|startupRole:FOLLOWER, s2|rpc:localhost:38365|admin:localhost:35135|client:localhost:40537|dataStream:localhost:38285|priority:0|startupRole:FOLLOWER]|listeners:[], old=null
2022-09-14 11:47:18,734 [grpc-default-executor-11] INFO  server.RaftServer$Division (RaftServerImpl.java:requestVote(1281)) - s3@group-12AB68C5691F: receive requestVote(PRE_VOTE, s4, group-12AB68C5691F, 2, (t:1, i:0))
2022-09-14 11:47:18,734 [grpc-default-executor-11] INFO  impl.VoteContext (VoteContext.java:log(49)) - s3@group-12AB68C5691F-FOLLOWER: reject PRE_VOTE from s4: this server is a follower and still has a valid leader s2
2022-09-14 11:47:18,735 [grpc-default-executor-11] INFO  server.RaftServer$Division (RaftServerImpl.java:requestVote(1314)) - s3@group-12AB68C5691F replies to PRE_VOTE vote request: s4<-s3#0:FAIL-t2. Peer's state: s3@group-12AB68C5691F:t2, leader=s2, voted=s2, raftlog=Memoized:s3@group-12AB68C5691F-SegmentedRaftLog:OPENED:c0, conf=0: peers:[s3|rpc:localhost:46799|admin:localhost:45171|client:localhost:46547|dataStream:localhost:40281|priority:0|startupRole:FOLLOWER, s4|rpc:localhost:39419|admin:localhost:43995|client:localhost:41785|dataStream:localhost:46687|priority:0|startupRole:FOLLOWER, s0|rpc:localhost:42481|admin:localhost:44771|client:localhost:42743|dataStream:localhost:43981|priority:0|startupRole:FOLLOWER, s1|rpc:localhost:44073|admin:localhost:36871|client:localhost:39477|dataStream:localhost:35501|priority:0|startupRole:FOLLOWER, s2|rpc:localhost:38365|admin:localhost:35135|client:localhost:40537|dataStream:localhost:38285|priority:0|startupRole:FOLLOWER]|listeners:[], old=null
2022-09-14 11:47:18,736 [grpc-default-executor-19] INFO  server.RaftServer$Division (RaftServerImpl.java:requestVote(1281)) - s0@group-12AB68C5691F: receive requestVote(PRE_VOTE, s4, group-12AB68C5691F, 2, (t:1, i:0))
2022-09-14 11:47:18,736 [grpc-default-executor-19] INFO  impl.VoteContext (VoteContext.java:log(49)) - s0@group-12AB68C5691F-FOLLOWER: reject PRE_VOTE from s4: this server is a follower and still has a valid leader s2
2022-09-14 11:47:18,736 [grpc-default-executor-19] INFO  server.RaftServer$Division (RaftServerImpl.java:requestVote(1314)) - s0@group-12AB68C5691F replies to PRE_VOTE vote request: s4<-s0#0:FAIL-t2. Peer's state: s0@group-12AB68C5691F:t2, leader=s2, voted=s2, raftlog=Memoized:s0@group-12AB68C5691F-SegmentedRaftLog:OPENED:c0, conf=0: peers:[s3|rpc:localhost:46799|admin:localhost:45171|client:localhost:46547|dataStream:localhost:40281|priority:0|startupRole:FOLLOWER, s4|rpc:localhost:39419|admin:localhost:43995|client:localhost:41785|dataStream:localhost:46687|priority:0|startupRole:FOLLOWER, s0|rpc:localhost:42481|admin:localhost:44771|client:localhost:42743|dataStream:localhost:43981|priority:0|startupRole:FOLLOWER, s1|rpc:localhost:44073|admin:localhost:36871|client:localhost:39477|dataStream:localhost:35501|priority:0|startupRole:FOLLOWER, s2|rpc:localhost:38365|admin:localhost:35135|client:localhost:40537|dataStream:localhost:38285|priority:0|startupRole:FOLLOWER]|listeners:[], old=null
2022-09-14 11:47:18,739 [grpc-default-executor-11] INFO  server.RaftServer$Division (RaftServerImpl.java:requestVote(1281)) - s1@group-12AB68C5691F: receive requestVote(PRE_VOTE, s4, group-12AB68C5691F, 2, (t:1, i:0))
2022-09-14 11:47:18,739 [grpc-default-executor-11] INFO  impl.VoteContext (VoteContext.java:log(49)) - s1@group-12AB68C5691F-FOLLOWER: reject PRE_VOTE from s4: this server is a follower and still has a valid leader s2
2022-09-14 11:47:18,739 [grpc-default-executor-11] INFO  server.RaftServer$Division (RaftServerImpl.java:requestVote(1314)) - s1@group-12AB68C5691F replies to PRE_VOTE vote request: s4<-s1#0:FAIL-t2. Peer's state: s1@group-12AB68C5691F:t2, leader=s2, voted=s2, raftlog=Memoized:s1@group-12AB68C5691F-SegmentedRaftLog:OPENED:c0, conf=0: peers:[s3|rpc:localhost:46799|admin:localhost:45171|client:localhost:46547|dataStream:localhost:40281|priority:0|startupRole:FOLLOWER, s4|rpc:localhost:39419|admin:localhost:43995|client:localhost:41785|dataStream:localhost:46687|priority:0|startupRole:FOLLOWER, s0|rpc:localhost:42481|admin:localhost:44771|client:localhost:42743|dataStream:localhost:43981|priority:0|startupRole:FOLLOWER, s1|rpc:localhost:44073|admin:localhost:36871|client:localhost:39477|dataStream:localhost:35501|priority:0|startupRole:FOLLOWER, s2|rpc:localhost:38365|admin:localhost:35135|client:localhost:40537|dataStream:localhost:38285|priority:0|startupRole:FOLLOWER]|listeners:[], old=null
2022-09-14 11:47:18,740 [s4@group-12AB68C5691F-LeaderElection25] INFO  impl.LeaderElection (LeaderElection.java:logAndReturn(89)) - s4@group-12AB68C5691F-LeaderElection25: PRE_VOTE REJECTED received 3 response(s) and 0 exception(s):
2022-09-14 11:47:18,740 [s4@group-12AB68C5691F-LeaderElection25] INFO  impl.LeaderElection (LeaderElection.java:logAndReturn(93)) -   Response 0: s4<-s3#0:FAIL-t2
2022-09-14 11:47:18,740 [s4@group-12AB68C5691F-LeaderElection25] INFO  impl.LeaderElection (LeaderElection.java:logAndReturn(93)) -   Response 1: s4<-s0#0:FAIL-t2
2022-09-14 11:47:18,740 [s4@group-12AB68C5691F-LeaderElection25] INFO  impl.LeaderElection (LeaderElection.java:logAndReturn(93)) -   Response 2: s4<-s1#0:FAIL-t2
2022-09-14 11:47:18,740 [s4@group-12AB68C5691F-LeaderElection25] INFO  impl.LeaderElection (LeaderElection.java:askForVotes(310)) - s4@group-12AB68C5691F-LeaderElection25 PRE_VOTE round 0: result REJECTED
2022-09-14 11:47:18,740 [s4@group-12AB68C5691F-LeaderElection25] INFO  server.RaftServer$Division (RaftServerImpl.java:setRole(317)) - s4@group-12AB68C5691F: changes role from CANDIDATE to FOLLOWER at term 2 for REJECTED
2022-09-14 11:47:18,740 [s4@group-12AB68C5691F-LeaderElection25] INFO  impl.RoleInfo (RoleInfo.java:shutdownLeaderElection(130)) - s4: shutdown s4@group-12AB68C5691F-LeaderElection25
2022-09-14 11:47:18,740 [s4@group-12AB68C5691F-LeaderElection25] INFO  impl.RoleInfo (RoleInfo.java:updateAndGet(139)) - s4: start s4@group-12AB68C5691F-FollowerState
2022-09-14 11:47:18,742 [grpc-default-executor-11] INFO  server.RaftServer$Division (RaftServerImpl.java:requestVote(1281)) - s2@group-12AB68C5691F: receive requestVote(PRE_VOTE, s4, group-12AB68C5691F, 2, (t:1, i:0))
2022-09-14 11:47:18,742 [grpc-default-executor-11] INFO  impl.VoteContext (VoteContext.java:log(49)) - s2@group-12AB68C5691F-LEADER: reject PRE_VOTE from s4: this server is the leader and still has leadership
2022-09-14 11:47:18,744 [grpc-default-executor-11] INFO  server.RaftServer$Division (RaftServerImpl.java:requestVote(1314)) - s2@group-12AB68C5691F replies to PRE_VOTE vote request: s4<-s2#0:FAIL-t2. Peer's state: s2@group-12AB68C5691F:t2, leader=s2, voted=s2, raftlog=Memoized:s2@group-12AB68C5691F-SegmentedRaftLog:OPENED:c0, conf=0: peers:[s3|rpc:localhost:46799|admin:localhost:45171|client:localhost:46547|dataStream:localhost:40281|priority:0|startupRole:FOLLOWER, s4|rpc:localhost:39419|admin:localhost:43995|client:localhost:41785|dataStream:localhost:46687|priority:0|startupRole:FOLLOWER, s0|rpc:localhost:42481|admin:localhost:44771|client:localhost:42743|dataStream:localhost:43981|priority:0|startupRole:FOLLOWER, s1|rpc:localhost:44073|admin:localhost:36871|client:localhost:39477|dataStream:localhost:35501|priority:0|startupRole:FOLLOWER, s2|rpc:localhost:38365|admin:localhost:35135|client:localhost:40537|dataStream:localhost:38285|priority:0|startupRole:FOLLOWER]|listeners:[], old=null
2022-09-14 11:47:18,747 [grpc-default-executor-11] INFO  util.CodeInjectionForTesting (BlockRequestHandlingInjection.java:execute(77)) - s4: Block request from s0
2022-09-14 11:47:18,748 [grpc-default-executor-19] INFO  server.RaftServer$Division (RaftServerImpl.java:requestVote(1281)) - s2@group-12AB68C5691F: receive requestVote(PRE_VOTE, s0, group-12AB68C5691F, 2, (t:2, i:0))
2022-09-14 11:47:18,748 [grpc-default-executor-19] INFO  impl.VoteContext (VoteContext.java:log(49)) - s2@group-12AB68C5691F-LEADER: reject PRE_VOTE from s0: this server is the leader and still has leadership
2022-09-14 11:47:18,748 [grpc-default-executor-19] INFO  server.RaftServer$Division (RaftServerImpl.java:requestVote(1314)) - s2@group-12AB68C5691F replies to PRE_VOTE vote request: s0<-s2#0:FAIL-t2. Peer's state: s2@group-12AB68C5691F:t2, leader=s2, voted=s2, raftlog=Memoized:s2@group-12AB68C5691F-SegmentedRaftLog:OPENED:c0, conf=0: peers:[s3|rpc:localhost:46799|admin:localhost:45171|client:localhost:46547|dataStream:localhost:40281|priority:0|startupRole:FOLLOWER, s4|rpc:localhost:39419|admin:localhost:43995|client:localhost:41785|dataStream:localhost:46687|priority:0|startupRole:FOLLOWER, s0|rpc:localhost:42481|admin:localhost:44771|client:localhost:42743|dataStream:localhost:43981|priority:0|startupRole:FOLLOWER, s1|rpc:localhost:44073|admin:localhost:36871|client:localhost:39477|dataStream:localhost:35501|priority:0|startupRole:FOLLOWER, s2|rpc:localhost:38365|admin:localhost:35135|client:localhost:40537|dataStream:localhost:38285|priority:0|startupRole:FOLLOWER]|listeners:[], old=null
2022-09-14 11:47:18,749 [grpc-default-executor-19] INFO  server.RaftServer$Division (RaftServerImpl.java:requestVote(1281)) - s3@group-12AB68C5691F: receive requestVote(PRE_VOTE, s0, group-12AB68C5691F, 2, (t:2, i:0))
2022-09-14 11:47:18,749 [grpc-default-executor-19] INFO  impl.VoteContext (VoteContext.java:log(49)) - s3@group-12AB68C5691F-FOLLOWER: reject PRE_VOTE from s0: this server is a follower and still has a valid leader s2
2022-09-14 11:47:18,749 [grpc-default-executor-19] INFO  server.RaftServer$Division (RaftServerImpl.java:requestVote(1314)) - s3@group-12AB68C5691F replies to PRE_VOTE vote request: s0<-s3#0:FAIL-t2. Peer's state: s3@group-12AB68C5691F:t2, leader=s2, voted=s2, raftlog=Memoized:s3@group-12AB68C5691F-SegmentedRaftLog:OPENED:c0, conf=0: peers:[s3|rpc:localhost:46799|admin:localhost:45171|client:localhost:46547|dataStream:localhost:40281|priority:0|startupRole:FOLLOWER, s4|rpc:localhost:39419|admin:localhost:43995|client:localhost:41785|dataStream:localhost:46687|priority:0|startupRole:FOLLOWER, s0|rpc:localhost:42481|admin:localhost:44771|client:localhost:42743|dataStream:localhost:43981|priority:0|startupRole:FOLLOWER, s1|rpc:localhost:44073|admin:localhost:36871|client:localhost:39477|dataStream:localhost:35501|priority:0|startupRole:FOLLOWER, s2|rpc:localhost:38365|admin:localhost:35135|client:localhost:40537|dataStream:localhost:38285|priority:0|startupRole:FOLLOWER]|listeners:[], old=null
2022-09-14 11:47:18,749 [grpc-default-executor-19] INFO  server.RaftServer$Division (RaftServerImpl.java:requestVote(1281)) - s1@group-12AB68C5691F: receive requestVote(PRE_VOTE, s0, group-12AB68C5691F, 2, (t:2, i:0))
2022-09-14 11:47:18,749 [grpc-default-executor-19] INFO  impl.VoteContext (VoteContext.java:log(49)) - s1@group-12AB68C5691F-FOLLOWER: reject PRE_VOTE from s0: this server is a follower and still has a valid leader s2
2022-09-14 11:47:18,749 [grpc-default-executor-19] INFO  server.RaftServer$Division (RaftServerImpl.java:requestVote(1314)) - s1@group-12AB68C5691F replies to PRE_VOTE vote request: s0<-s1#0:FAIL-t2. Peer's state: s1@group-12AB68C5691F:t2, leader=s2, voted=s2, raftlog=Memoized:s1@group-12AB68C5691F-SegmentedRaftLog:OPENED:c0, conf=0: peers:[s3|rpc:localhost:46799|admin:localhost:45171|client:localhost:46547|dataStream:localhost:40281|priority:0|startupRole:FOLLOWER, s4|rpc:localhost:39419|admin:localhost:43995|client:localhost:41785|dataStream:localhost:46687|priority:0|startupRole:FOLLOWER, s0|rpc:localhost:42481|admin:localhost:44771|client:localhost:42743|dataStream:localhost:43981|priority:0|startupRole:FOLLOWER, s1|rpc:localhost:44073|admin:localhost:36871|client:localhost:39477|dataStream:localhost:35501|priority:0|startupRole:FOLLOWER, s2|rpc:localhost:38365|admin:localhost:35135|client:localhost:40537|dataStream:localhost:38285|priority:0|startupRole:FOLLOWER]|listeners:[], old=null
2022-09-14 11:47:18,750 [s0@group-12AB68C5691F-LeaderElection24] INFO  impl.LeaderElection (LeaderElection.java:logAndReturn(89)) - s0@group-12AB68C5691F-LeaderElection24: PRE_VOTE REJECTED received 1 response(s) and 0 exception(s):
2022-09-14 11:47:18,750 [s0@group-12AB68C5691F-LeaderElection24] INFO  impl.LeaderElection (LeaderElection.java:logAndReturn(93)) -   Response 0: s0<-s2#0:FAIL-t2
2022-09-14 11:47:18,750 [s0@group-12AB68C5691F-LeaderElection24] INFO  impl.LeaderElection (LeaderElection.java:askForVotes(310)) - s0@group-12AB68C5691F-LeaderElection24 PRE_VOTE round 0: result REJECTED
2022-09-14 11:47:18,826 [s0@group-12AB68C5691F-FollowerState] INFO  impl.FollowerState (FollowerState.java:run(141)) - s0@group-12AB68C5691F-FollowerState: change to CANDIDATE, lastRpcElapsedTime:194321718ns, electionTimeout:194ms
2022-09-14 11:47:18,826 [s0@group-12AB68C5691F-FollowerState] INFO  impl.RoleInfo (RoleInfo.java:shutdownFollowerState(110)) - s0: shutdown s0@group-12AB68C5691F-FollowerState
2022-09-14 11:47:18,826 [s2@group-12AB68C5691F->s4-GrpcLogAppender-LogAppenderDaemon] INFO  util.CodeInjectionForTesting (DelayLocalExecutionInjection.java:execute(65)) - s2 delay 150 ms, args=[serverRequest {
  requestorId: "s2"
  replyId: "s4"
  raftGroupId {
    id: "\326\216l\301\220x@5\222b\022\253h\305i\037"
  }
  callId: 138
  slidingWindowEntry {
  }
}
leaderTerm: 2
previousLog {
  term: 2
}
initializing: true
commitInfos {
  server {
    id: "s2"
    address: "localhost:38365"
    dataStreamAddress: "localhost:38285"
    clientAddress: "localhost:40537"
    adminAddress: "localhost:35135"
    startupRole: FOLLOWER
  }
}
commitInfos {
  server {
    id: "s3"
    address: "localhost:46799"
    dataStreamAddress: "localhost:40281"
    clientAddress: "localhost:46547"
    adminAddress: "localhost:45171"
    startupRole: FOLLOWER
  }
}
commitInfos {
  server {
    id: "s4"
    address: "localhost:39419"
    dataStreamAddress: "localhost:46687"
    clientAddress: "localhost:41785"
    adminAddress: "localhost:43995"
    startupRole: FOLLOWER
  }
}
commitInfos {
  server {
    id: "s0"
    address: "localhost:42481"
    dataStreamAddress: "localhost:43981"
    clientAddress: "localhost:42743"
    adminAddress: "localhost:44771"
    startupRole: FOLLOWER
  }
}
commitInfos {
  server {
    id: "s1"
    address: "localhost:44073"
    dataStreamAddress: "localhost:35501"
    clientAddress: "localhost:39477"
    adminAddress: "localhost:36871"
    startupRole: FOLLOWER
  }
}
]
2022-09-14 11:47:18,826 [s0@group-12AB68C5691F-FollowerState] INFO  server.RaftServer$Division (RaftServerImpl.java:setRole(317)) - s0@group-12AB68C5691F: changes role from  FOLLOWER to CANDIDATE at term 2 for changeToCandidate
2022-09-14 11:47:18,827 [s0@group-12AB68C5691F-FollowerState] INFO  server.RaftServerConfigKeys (ConfUtils.java:logGet(46)) - raft.server.leaderelection.pre-vote = true (default)
2022-09-14 11:47:18,827 [s0@group-12AB68C5691F-FollowerState] INFO  impl.RoleInfo (RoleInfo.java:updateAndGet(139)) - s0: start s0@group-12AB68C5691F-LeaderElection26
2022-09-14 11:47:18,830 [s1@group-12AB68C5691F-FollowerState] INFO  impl.FollowerState (FollowerState.java:run(141)) - s1@group-12AB68C5691F-FollowerState: change to CANDIDATE, lastRpcElapsedTime:198089111ns, electionTimeout:182ms
2022-09-14 11:47:18,830 [s1@group-12AB68C5691F-FollowerState] INFO  impl.RoleInfo (RoleInfo.java:shutdownFollowerState(110)) - s1: shutdown s1@group-12AB68C5691F-FollowerState
2022-09-14 11:47:18,830 [s1@group-12AB68C5691F-FollowerState] INFO  server.RaftServer$Division (RaftServerImpl.java:setRole(317)) - s1@group-12AB68C5691F: changes role from  FOLLOWER to CANDIDATE at term 2 for changeToCandidate
2022-09-14 11:47:18,830 [s1@group-12AB68C5691F-FollowerState] INFO  server.RaftServerConfigKeys (ConfUtils.java:logGet(46)) - raft.server.leaderelection.pre-vote = true (default)
2022-09-14 11:47:18,830 [s1@group-12AB68C5691F-FollowerState] INFO  impl.RoleInfo (RoleInfo.java:updateAndGet(139)) - s1: start s1@group-12AB68C5691F-LeaderElection27
2022-09-14 11:47:18,831 [s1@group-12AB68C5691F-LeaderElection27] INFO  server.RaftServer$Division (ServerState.java:setLeader(259)) - s1@group-12AB68C5691F: change Leader from s2 to null at term 2 for PRE_VOTE
2022-09-14 11:47:18,831 [s1@group-12AB68C5691F-LeaderElection27] INFO  impl.LeaderElection (LeaderElection.java:askForVotes(308)) - s1@group-12AB68C5691F-LeaderElection27 PRE_VOTE round 0: submit vote requests at term 2 for 0: peers:[s3|rpc:localhost:46799|admin:localhost:45171|client:localhost:46547|dataStream:localhost:40281|priority:0|startupRole:FOLLOWER, s4|rpc:localhost:39419|admin:localhost:43995|client:localhost:41785|dataStream:localhost:46687|priority:0|startupRole:FOLLOWER, s0|rpc:localhost:42481|admin:localhost:44771|client:localhost:42743|dataStream:localhost:43981|priority:0|startupRole:FOLLOWER, s1|rpc:localhost:44073|admin:localhost:36871|client:localhost:39477|dataStream:localhost:35501|priority:0|startupRole:FOLLOWER, s2|rpc:localhost:38365|admin:localhost:35135|client:localhost:40537|dataStream:localhost:38285|priority:0|startupRole:FOLLOWER]|listeners:[], old=null
2022-09-14 11:47:18,832 [s1@group-12AB68C5691F-LeaderElection27-1] INFO  util.CodeInjectionForTesting (DelayLocalExecutionInjection.java:execute(65)) - s1 delay 150 ms, args=[serverRequest {
  requestorId: "s1"
  replyId: "s3"
  raftGroupId {
    id: "\326\216l\301\220x@5\222b\022\253h\305i\037"
  }
  slidingWindowEntry {
  }
}
candidateTerm: 2
candidateLastEntry {
  term: 2
}
preVote: true
]
2022-09-14 11:47:18,833 [s1@group-12AB68C5691F-LeaderElection27-2] INFO  util.CodeInjectionForTesting (DelayLocalExecutionInjection.java:execute(65)) - s1 delay 150 ms, args=[serverRequest {
  requestorId: "s1"
  replyId: "s4"
  raftGroupId {
    id: "\326\216l\301\220x@5\222b\022\253h\305i\037"
  }
  slidingWindowEntry {
  }
}
candidateTerm: 2
candidateLastEntry {
  term: 2
}
preVote: true
]
2022-09-14 11:47:18,830 [s0@group-12AB68C5691F-LeaderElection26] INFO  server.RaftServer$Division (ServerState.java:setLeader(259)) - s0@group-12AB68C5691F: change Leader from s2 to null at term 2 for PRE_VOTE
2022-09-14 11:47:18,833 [s0@group-12AB68C5691F-LeaderElection26] INFO  impl.LeaderElection (LeaderElection.java:askForVotes(308)) - s0@group-12AB68C5691F-LeaderElection26 PRE_VOTE round 0: submit vote requests at term 2 for 0: peers:[s3|rpc:localhost:46799|admin:localhost:45171|client:localhost:46547|dataStream:localhost:40281|priority:0|startupRole:FOLLOWER, s4|rpc:localhost:39419|admin:localhost:43995|client:localhost:41785|dataStream:localhost:46687|priority:0|startupRole:FOLLOWER, s0|rpc:localhost:42481|admin:localhost:44771|client:localhost:42743|dataStream:localhost:43981|priority:0|startupRole:FOLLOWER, s1|rpc:localhost:44073|admin:localhost:36871|client:localhost:39477|dataStream:localhost:35501|priority:0|startupRole:FOLLOWER, s2|rpc:localhost:38365|admin:localhost:35135|client:localhost:40537|dataStream:localhost:38285|priority:0|startupRole:FOLLOWER]|listeners:[], old=null
2022-09-14 11:47:18,835 [s1@group-12AB68C5691F-LeaderElection27-3] INFO  util.CodeInjectionForTesting (DelayLocalExecutionInjection.java:execute(65)) - s1 delay 150 ms, args=[serverRequest {
  requestorId: "s1"
  replyId: "s0"
  raftGroupId {
    id: "\326\216l\301\220x@5\222b\022\253h\305i\037"
  }
  slidingWindowEntry {
  }
}
candidateTerm: 2
candidateLastEntry {
  term: 2
}
preVote: true
]
2022-09-14 11:47:18,836 [s1@group-12AB68C5691F-LeaderElection27-4] INFO  util.CodeInjectionForTesting (DelayLocalExecutionInjection.java:execute(65)) - s1 delay 150 ms, args=[serverRequest {
  requestorId: "s1"
  replyId: "s2"
  raftGroupId {
    id: "\326\216l\301\220x@5\222b\022\253h\305i\037"
  }
  slidingWindowEntry {
  }
}
candidateTerm: 2
candidateLastEntry {
  term: 2
}
preVote: true
]
2022-09-14 11:47:18,836 [s0@group-12AB68C5691F-LeaderElection26-1] INFO  util.CodeInjectionForTesting (DelayLocalExecutionInjection.java:execute(65)) - s0 delay 150 ms, args=[serverRequest {
  requestorId: "s0"
  replyId: "s3"
  raftGroupId {
    id: "\326\216l\301\220x@5\222b\022\253h\305i\037"
  }
  slidingWindowEntry {
  }
}
candidateTerm: 2
candidateLastEntry {
  term: 2
}
preVote: true
]
2022-09-14 11:47:18,837 [s0@group-12AB68C5691F-LeaderElection26-4] INFO  util.CodeInjectionForTesting (DelayLocalExecutionInjection.java:execute(65)) - s0 delay 150 ms, args=[serverRequest {
  requestorId: "s0"
  replyId: "s2"
  raftGroupId {
    id: "\326\216l\301\220x@5\222b\022\253h\305i\037"
  }
  slidingWindowEntry {
  }
}
candidateTerm: 2
candidateLastEntry {
  term: 2
}
preVote: true
]
2022-09-14 11:47:18,837 [s0@group-12AB68C5691F-LeaderElection26-3] INFO  util.CodeInjectionForTesting (DelayLocalExecutionInjection.java:execute(65)) - s0 delay 150 ms, args=[serverRequest {
  requestorId: "s0"
  replyId: "s1"
  raftGroupId {
    id: "\326\216l\301\220x@5\222b\022\253h\305i\037"
  }
  slidingWindowEntry {
  }
}
candidateTerm: 2
candidateLastEntry {
  term: 2
}
preVote: true
]
2022-09-14 11:47:18,838 [s0@group-12AB68C5691F-LeaderElection26-2] INFO  util.CodeInjectionForTesting (DelayLocalExecutionInjection.java:execute(65)) - s0 delay 150 ms, args=[serverRequest {
  requestorId: "s0"
  replyId: "s4"
  raftGroupId {
    id: "\326\216l\301\220x@5\222b\022\253h\305i\037"
  }
  slidingWindowEntry {
  }
}
candidateTerm: 2
candidateLastEntry {
  term: 2
}
preVote: true
]
2022-09-14 11:47:18,859 [s1-server-thread1] INFO  server.RaftServer$Division (RaftServerImpl.java:setRole(317)) - s1@group-12AB68C5691F: changes role from CANDIDATE to FOLLOWER at term 2 for appendEntries
2022-09-14 11:47:18,859 [s1-server-thread1] INFO  impl.RoleInfo (RoleInfo.java:shutdownLeaderElection(130)) - s1: shutdown s1@group-12AB68C5691F-LeaderElection27
2022-09-14 11:47:18,859 [s1-server-thread1] INFO  impl.RoleInfo (RoleInfo.java:updateAndGet(139)) - s1: start s1@group-12AB68C5691F-FollowerState
2022-09-14 11:47:18,859 [s1-server-thread1] INFO  server.RaftServer$Division (ServerState.java:setLeader(259)) - s1@group-12AB68C5691F: change Leader from null to s2 at term 2 for appendEntries, leader elected after 28ms
2022-09-14 11:47:18,859 [s0-server-thread1] INFO  server.RaftServer$Division (RaftServerImpl.java:setRole(317)) - s0@group-12AB68C5691F: changes role from CANDIDATE to FOLLOWER at term 2 for appendEntries
2022-09-14 11:47:18,859 [s0-server-thread1] INFO  impl.RoleInfo (RoleInfo.java:shutdownLeaderElection(130)) - s0: shutdown s0@group-12AB68C5691F-LeaderElection26
2022-09-14 11:47:18,859 [s0-server-thread1] INFO  impl.RoleInfo (RoleInfo.java:updateAndGet(139)) - s0: start s0@group-12AB68C5691F-FollowerState
2022-09-14 11:47:18,860 [s0-server-thread1] INFO  server.RaftServer$Division (ServerState.java:setLeader(259)) - s0@group-12AB68C5691F: change Leader from null to s2 at term 2 for appendEntries, leader elected after 30ms
2022-09-14 11:47:18,922 [s4@group-12AB68C5691F-FollowerState] INFO  impl.FollowerState (FollowerState.java:run(141)) - s4@group-12AB68C5691F-FollowerState: change to CANDIDATE, lastRpcElapsedTime:181614429ns, electionTimeout:176ms
2022-09-14 11:47:18,922 [s4@group-12AB68C5691F-FollowerState] INFO  impl.RoleInfo (RoleInfo.java:shutdownFollowerState(110)) - s4: shutdown s4@group-12AB68C5691F-FollowerState
2022-09-14 11:47:18,922 [s4@group-12AB68C5691F-FollowerState] INFO  server.RaftServer$Division (RaftServerImpl.java:setRole(317)) - s4@group-12AB68C5691F: changes role from  FOLLOWER to CANDIDATE at term 2 for changeToCandidate
2022-09-14 11:47:18,922 [s4@group-12AB68C5691F-FollowerState] INFO  server.RaftServerConfigKeys (ConfUtils.java:logGet(46)) - raft.server.leaderelection.pre-vote = true (default)
2022-09-14 11:47:18,922 [s4@group-12AB68C5691F-FollowerState] INFO  impl.RoleInfo (RoleInfo.java:updateAndGet(139)) - s4: start s4@group-12AB68C5691F-LeaderElection28
2022-09-14 11:47:18,923 [s4@group-12AB68C5691F-LeaderElection28] INFO  impl.LeaderElection (LeaderElection.java:askForVotes(308)) - s4@group-12AB68C5691F-LeaderElection28 PRE_VOTE round 0: submit vote requests at term 2 for 0: peers:[s3|rpc:localhost:46799|admin:localhost:45171|client:localhost:46547|dataStream:localhost:40281|priority:0|startupRole:FOLLOWER, s4|rpc:localhost:39419|admin:localhost:43995|client:localhost:41785|dataStream:localhost:46687|priority:0|startupRole:FOLLOWER, s0|rpc:localhost:42481|admin:localhost:44771|client:localhost:42743|dataStream:localhost:43981|priority:0|startupRole:FOLLOWER, s1|rpc:localhost:44073|admin:localhost:36871|client:localhost:39477|dataStream:localhost:35501|priority:0|startupRole:FOLLOWER, s2|rpc:localhost:38365|admin:localhost:35135|client:localhost:40537|dataStream:localhost:38285|priority:0|startupRole:FOLLOWER]|listeners:[], old=null
2022-09-14 11:47:18,926 [grpc-default-executor-19] INFO  server.RaftServer$Division (RaftServerImpl.java:requestVote(1281)) - s0@group-12AB68C5691F: receive requestVote(PRE_VOTE, s4, group-12AB68C5691F, 2, (t:1, i:0))
2022-09-14 11:47:18,926 [grpc-default-executor-19] INFO  impl.VoteContext (VoteContext.java:log(49)) - s0@group-12AB68C5691F-FOLLOWER: reject PRE_VOTE from s4: this server is a follower and still has a valid leader s2
2022-09-14 11:47:18,926 [grpc-default-executor-19] INFO  server.RaftServer$Division (RaftServerImpl.java:requestVote(1314)) - s0@group-12AB68C5691F replies to PRE_VOTE vote request: s4<-s0#0:FAIL-t2. Peer's state: s0@group-12AB68C5691F:t2, leader=s2, voted=s2, raftlog=Memoized:s0@group-12AB68C5691F-SegmentedRaftLog:OPENED:c0, conf=0: peers:[s3|rpc:localhost:46799|admin:localhost:45171|client:localhost:46547|dataStream:localhost:40281|priority:0|startupRole:FOLLOWER, s4|rpc:localhost:39419|admin:localhost:43995|client:localhost:41785|dataStream:localhost:46687|priority:0|startupRole:FOLLOWER, s0|rpc:localhost:42481|admin:localhost:44771|client:localhost:42743|dataStream:localhost:43981|priority:0|startupRole:FOLLOWER, s1|rpc:localhost:44073|admin:localhost:36871|client:localhost:39477|dataStream:localhost:35501|priority:0|startupRole:FOLLOWER, s2|rpc:localhost:38365|admin:localhost:35135|client:localhost:40537|dataStream:localhost:38285|priority:0|startupRole:FOLLOWER]|listeners:[], old=null
2022-09-14 11:47:18,927 [grpc-default-executor-37] INFO  server.RaftServer$Division (RaftServerImpl.java:requestVote(1281)) - s3@group-12AB68C5691F: receive requestVote(PRE_VOTE, s4, group-12AB68C5691F, 2, (t:1, i:0))
2022-09-14 11:47:18,927 [grpc-default-executor-37] INFO  impl.VoteContext (VoteContext.java:log(49)) - s3@group-12AB68C5691F-FOLLOWER: reject PRE_VOTE from s4: this server is a follower and still has a valid leader s2
2022-09-14 11:47:18,928 [grpc-default-executor-37] INFO  server.RaftServer$Division (RaftServerImpl.java:requestVote(1314)) - s3@group-12AB68C5691F replies to PRE_VOTE vote request: s4<-s3#0:FAIL-t2. Peer's state: s3@group-12AB68C5691F:t2, leader=s2, voted=s2, raftlog=Memoized:s3@group-12AB68C5691F-SegmentedRaftLog:OPENED:c0, conf=0: peers:[s3|rpc:localhost:46799|admin:localhost:45171|client:localhost:46547|dataStream:localhost:40281|priority:0|startupRole:FOLLOWER, s4|rpc:localhost:39419|admin:localhost:43995|client:localhost:41785|dataStream:localhost:46687|priority:0|startupRole:FOLLOWER, s0|rpc:localhost:42481|admin:localhost:44771|client:localhost:42743|dataStream:localhost:43981|priority:0|startupRole:FOLLOWER, s1|rpc:localhost:44073|admin:localhost:36871|client:localhost:39477|dataStream:localhost:35501|priority:0|startupRole:FOLLOWER, s2|rpc:localhost:38365|admin:localhost:35135|client:localhost:40537|dataStream:localhost:38285|priority:0|startupRole:FOLLOWER]|listeners:[], old=null
2022-09-14 11:47:18,931 [grpc-default-executor-37] INFO  server.RaftServer$Division (RaftServerImpl.java:requestVote(1281)) - s1@group-12AB68C5691F: receive requestVote(PRE_VOTE, s4, group-12AB68C5691F, 2, (t:1, i:0))
2022-09-14 11:47:18,931 [grpc-default-executor-37] INFO  impl.VoteContext (VoteContext.java:log(49)) - s1@group-12AB68C5691F-FOLLOWER: reject PRE_VOTE from s4: this server is a follower and still has a valid leader s2
2022-09-14 11:47:18,931 [grpc-default-executor-37] INFO  server.RaftServer$Division (RaftServerImpl.java:requestVote(1314)) - s1@group-12AB68C5691F replies to PRE_VOTE vote request: s4<-s1#0:FAIL-t2. Peer's state: s1@group-12AB68C5691F:t2, leader=s2, voted=s2, raftlog=Memoized:s1@group-12AB68C5691F-SegmentedRaftLog:OPENED:c0, conf=0: peers:[s3|rpc:localhost:46799|admin:localhost:45171|client:localhost:46547|dataStream:localhost:40281|priority:0|startupRole:FOLLOWER, s4|rpc:localhost:39419|admin:localhost:43995|client:localhost:41785|dataStream:localhost:46687|priority:0|startupRole:FOLLOWER, s0|rpc:localhost:42481|admin:localhost:44771|client:localhost:42743|dataStream:localhost:43981|priority:0|startupRole:FOLLOWER, s1|rpc:localhost:44073|admin:localhost:36871|client:localhost:39477|dataStream:localhost:35501|priority:0|startupRole:FOLLOWER, s2|rpc:localhost:38365|admin:localhost:35135|client:localhost:40537|dataStream:localhost:38285|priority:0|startupRole:FOLLOWER]|listeners:[], old=null
2022-09-14 11:47:18,932 [s4@group-12AB68C5691F-LeaderElection28] INFO  impl.LeaderElection (LeaderElection.java:logAndReturn(89)) - s4@group-12AB68C5691F-LeaderElection28: PRE_VOTE REJECTED received 3 response(s) and 0 exception(s):
2022-09-14 11:47:18,932 [s4@group-12AB68C5691F-LeaderElection28] INFO  impl.LeaderElection (LeaderElection.java:logAndReturn(93)) -   Response 0: s4<-s3#0:FAIL-t2
2022-09-14 11:47:18,932 [s4@group-12AB68C5691F-LeaderElection28] INFO  impl.LeaderElection (LeaderElection.java:logAndReturn(93)) -   Response 1: s4<-s0#0:FAIL-t2
2022-09-14 11:47:18,932 [s4@group-12AB68C5691F-LeaderElection28] INFO  impl.LeaderElection (LeaderElection.java:logAndReturn(93)) -   Response 2: s4<-s1#0:FAIL-t2
2022-09-14 11:47:18,932 [s4@group-12AB68C5691F-LeaderElection28] INFO  impl.LeaderElection (LeaderElection.java:askForVotes(310)) - s4@group-12AB68C5691F-LeaderElection28 PRE_VOTE round 0: result REJECTED
2022-09-14 11:47:18,932 [s4@group-12AB68C5691F-LeaderElection28] INFO  server.RaftServer$Division (RaftServerImpl.java:setRole(317)) - s4@group-12AB68C5691F: changes role from CANDIDATE to FOLLOWER at term 2 for REJECTED
2022-09-14 11:47:18,932 [s4@group-12AB68C5691F-LeaderElection28] INFO  impl.RoleInfo (RoleInfo.java:shutdownLeaderElection(130)) - s4: shutdown s4@group-12AB68C5691F-LeaderElection28
2022-09-14 11:47:18,932 [s4@group-12AB68C5691F-LeaderElection28] INFO  impl.RoleInfo (RoleInfo.java:updateAndGet(139)) - s4: start s4@group-12AB68C5691F-FollowerState
2022-09-14 11:47:18,934 [grpc-default-executor-37] INFO  server.RaftServer$Division (RaftServerImpl.java:requestVote(1281)) - s2@group-12AB68C5691F: receive requestVote(PRE_VOTE, s4, group-12AB68C5691F, 2, (t:1, i:0))
2022-09-14 11:47:18,934 [grpc-default-executor-37] INFO  impl.VoteContext (VoteContext.java:log(49)) - s2@group-12AB68C5691F-LEADER: reject PRE_VOTE from s4: this server is the leader and still has leadership
2022-09-14 11:47:18,934 [grpc-default-executor-37] INFO  server.RaftServer$Division (RaftServerImpl.java:requestVote(1314)) - s2@group-12AB68C5691F replies to PRE_VOTE vote request: s4<-s2#0:FAIL-t2. Peer's state: s2@group-12AB68C5691F:t2, leader=s2, voted=s2, raftlog=Memoized:s2@group-12AB68C5691F-SegmentedRaftLog:OPENED:c0, conf=0: peers:[s3|rpc:localhost:46799|admin:localhost:45171|client:localhost:46547|dataStream:localhost:40281|priority:0|startupRole:FOLLOWER, s4|rpc:localhost:39419|admin:localhost:43995|client:localhost:41785|dataStream:localhost:46687|priority:0|startupRole:FOLLOWER, s0|rpc:localhost:42481|admin:localhost:44771|client:localhost:42743|dataStream:localhost:43981|priority:0|startupRole:FOLLOWER, s1|rpc:localhost:44073|admin:localhost:36871|client:localhost:39477|dataStream:localhost:35501|priority:0|startupRole:FOLLOWER, s2|rpc:localhost:38365|admin:localhost:35135|client:localhost:40537|dataStream:localhost:38285|priority:0|startupRole:FOLLOWER]|listeners:[], old=null
2022-09-14 11:47:18,934 [s2@group-12AB68C5691F->s3-GrpcLogAppender-LogAppenderDaemon] INFO  util.CodeInjectionForTesting (DelayLocalExecutionInjection.java:execute(65)) - s2 delay 150 ms, args=[serverRequest {
  requestorId: "s2"
  replyId: "s3"
  raftGroupId {
    id: "\326\216l\301\220x@5\222b\022\253h\305i\037"
  }
  callId: 85
  slidingWindowEntry {
  }
}
leaderTerm: 2
previousLog {
  term: 2
}
initializing: true
commitInfos {
  server {
    id: "s2"
    address: "localhost:38365"
    dataStreamAddress: "localhost:38285"
    clientAddress: "localhost:40537"
    adminAddress: "localhost:35135"
    startupRole: FOLLOWER
  }
}
commitInfos {
  server {
    id: "s3"
    address: "localhost:46799"
    dataStreamAddress: "localhost:40281"
    clientAddress: "localhost:46547"
    adminAddress: "localhost:45171"
    startupRole: FOLLOWER
  }
}
commitInfos {
  server {
    id: "s4"
    address: "localhost:39419"
    dataStreamAddress: "localhost:46687"
    clientAddress: "localhost:41785"
    adminAddress: "localhost:43995"
    startupRole: FOLLOWER
  }
}
commitInfos {
  server {
    id: "s0"
    address: "localhost:42481"
    dataStreamAddress: "localhost:43981"
    clientAddress: "localhost:42743"
    adminAddress: "localhost:44771"
    startupRole: FOLLOWER
  }
}
commitInfos {
  server {
    id: "s1"
    address: "localhost:44073"
    dataStreamAddress: "localhost:35501"
    clientAddress: "localhost:39477"
    adminAddress: "localhost:36871"
    startupRole: FOLLOWER
  }
}
]
2022-09-14 11:47:18,936 [s2@group-12AB68C5691F->s1-GrpcLogAppender-LogAppenderDaemon] INFO  util.CodeInjectionForTesting (DelayLocalExecutionInjection.java:execute(65)) - s2 delay 150 ms, args=[serverRequest {
  requestorId: "s2"
  replyId: "s1"
  raftGroupId {
    id: "\326\216l\301\220x@5\222b\022\253h\305i\037"
  }
  callId: 76
  slidingWindowEntry {
  }
}
leaderTerm: 2
previousLog {
  term: 2
}
initializing: true
commitInfos {
  server {
    id: "s2"
    address: "localhost:38365"
    dataStreamAddress: "localhost:38285"
    clientAddress: "localhost:40537"
    adminAddress: "localhost:35135"
    startupRole: FOLLOWER
  }
}
commitInfos {
  server {
    id: "s3"
    address: "localhost:46799"
    dataStreamAddress: "localhost:40281"
    clientAddress: "localhost:46547"
    adminAddress: "localhost:45171"
    startupRole: FOLLOWER
  }
}
commitInfos {
  server {
    id: "s4"
    address: "localhost:39419"
    dataStreamAddress: "localhost:46687"
    clientAddress: "localhost:41785"
    adminAddress: "localhost:43995"
    startupRole: FOLLOWER
  }
}
commitInfos {
  server {
    id: "s0"
    address: "localhost:42481"
    dataStreamAddress: "localhost:43981"
    clientAddress: "localhost:42743"
    adminAddress: "localhost:44771"
    startupRole: FOLLOWER
  }
}
commitInfos {
  server {
    id: "s1"
    address: "localhost:44073"
    dataStreamAddress: "localhost:35501"
    clientAddress: "localhost:39477"
    adminAddress: "localhost:36871"
    startupRole: FOLLOWER
  }
}
]
2022-09-14 11:47:18,936 [s2@group-12AB68C5691F->s0-GrpcLogAppender-LogAppenderDaemon] INFO  util.CodeInjectionForTesting (DelayLocalExecutionInjection.java:execute(65)) - s2 delay 150 ms, args=[serverRequest {
  requestorId: "s2"
  replyId: "s0"
  raftGroupId {
    id: "\326\216l\301\220x@5\222b\022\253h\305i\037"
  }
  callId: 76
  slidingWindowEntry {
  }
}
leaderTerm: 2
previousLog {
  term: 2
}
initializing: true
commitInfos {
  server {
    id: "s2"
    address: "localhost:38365"
    dataStreamAddress: "localhost:38285"
    clientAddress: "localhost:40537"
    adminAddress: "localhost:35135"
    startupRole: FOLLOWER
  }
}
commitInfos {
  server {
    id: "s3"
    address: "localhost:46799"
    dataStreamAddress: "localhost:40281"
    clientAddress: "localhost:46547"
    adminAddress: "localhost:45171"
    startupRole: FOLLOWER
  }
}
commitInfos {
  server {
    id: "s4"
    address: "localhost:39419"
    dataStreamAddress: "localhost:46687"
    clientAddress: "localhost:41785"
    adminAddress: "localhost:43995"
    startupRole: FOLLOWER
  }
}
commitInfos {
  server {
    id: "s0"
    address: "localhost:42481"
    dataStreamAddress: "localhost:43981"
    clientAddress: "localhost:42743"
    adminAddress: "localhost:44771"
    startupRole: FOLLOWER
  }
}
commitInfos {
  server {
    id: "s1"
    address: "localhost:44073"
    dataStreamAddress: "localhost:35501"
    clientAddress: "localhost:39477"
    adminAddress: "localhost:36871"
    startupRole: FOLLOWER
  }
}
]
2022-09-14 11:47:18,984 [grpc-default-executor-19] INFO  util.CodeInjectionForTesting (BlockRequestHandlingInjection.java:execute(77)) - s4: Block request from s1
2022-09-14 11:47:18,986 [grpc-default-executor-37] INFO  server.RaftServer$Division (RaftServerImpl.java:requestVote(1281)) - s3@group-12AB68C5691F: receive requestVote(PRE_VOTE, s1, group-12AB68C5691F, 2, (t:2, i:0))
2022-09-14 11:47:18,986 [grpc-default-executor-37] INFO  impl.VoteContext (VoteContext.java:log(49)) - s3@group-12AB68C5691F-FOLLOWER: reject PRE_VOTE from s1: this server is a follower and still has a valid leader s2
2022-09-14 11:47:18,987 [grpc-default-executor-37] INFO  server.RaftServer$Division (RaftServerImpl.java:requestVote(1314)) - s3@group-12AB68C5691F replies to PRE_VOTE vote request: s1<-s3#0:FAIL-t2. Peer's state: s3@group-12AB68C5691F:t2, leader=s2, voted=s2, raftlog=Memoized:s3@group-12AB68C5691F-SegmentedRaftLog:OPENED:c0, conf=0: peers:[s3|rpc:localhost:46799|admin:localhost:45171|client:localhost:46547|dataStream:localhost:40281|priority:0|startupRole:FOLLOWER, s4|rpc:localhost:39419|admin:localhost:43995|client:localhost:41785|dataStream:localhost:46687|priority:0|startupRole:FOLLOWER, s0|rpc:localhost:42481|admin:localhost:44771|client:localhost:42743|dataStream:localhost:43981|priority:0|startupRole:FOLLOWER, s1|rpc:localhost:44073|admin:localhost:36871|client:localhost:39477|dataStream:localhost:35501|priority:0|startupRole:FOLLOWER, s2|rpc:localhost:38365|admin:localhost:35135|client:localhost:40537|dataStream:localhost:38285|priority:0|startupRole:FOLLOWER]|listeners:[], old=null
2022-09-14 11:47:18,995 [grpc-default-executor-37] INFO  server.RaftServer$Division (RaftServerImpl.java:requestVote(1281)) - s0@group-12AB68C5691F: receive requestVote(PRE_VOTE, s1, group-12AB68C5691F, 2, (t:2, i:0))
2022-09-14 11:47:18,995 [grpc-default-executor-37] INFO  impl.VoteContext (VoteContext.java:log(49)) - s0@group-12AB68C5691F-FOLLOWER: reject PRE_VOTE from s1: this server is a follower and still has a valid leader s2
2022-09-14 11:47:18,995 [grpc-default-executor-37] INFO  server.RaftServer$Division (RaftServerImpl.java:requestVote(1314)) - s0@group-12AB68C5691F replies to PRE_VOTE vote request: s1<-s0#0:FAIL-t2. Peer's state: s0@group-12AB68C5691F:t2, leader=s2, voted=s2, raftlog=Memoized:s0@group-12AB68C5691F-SegmentedRaftLog:OPENED:c0, conf=0: peers:[s3|rpc:localhost:46799|admin:localhost:45171|client:localhost:46547|dataStream:localhost:40281|priority:0|startupRole:FOLLOWER, s4|rpc:localhost:39419|admin:localhost:43995|client:localhost:41785|dataStream:localhost:46687|priority:0|startupRole:FOLLOWER, s0|rpc:localhost:42481|admin:localhost:44771|client:localhost:42743|dataStream:localhost:43981|priority:0|startupRole:FOLLOWER, s1|rpc:localhost:44073|admin:localhost:36871|client:localhost:39477|dataStream:localhost:35501|priority:0|startupRole:FOLLOWER, s2|rpc:localhost:38365|admin:localhost:35135|client:localhost:40537|dataStream:localhost:38285|priority:0|startupRole:FOLLOWER]|listeners:[], old=null
2022-09-14 11:47:18,996 [grpc-default-executor-37] INFO  server.RaftServer$Division (RaftServerImpl.java:requestVote(1281)) - s2@group-12AB68C5691F: receive requestVote(PRE_VOTE, s1, group-12AB68C5691F, 2, (t:2, i:0))
2022-09-14 11:47:18,996 [grpc-default-executor-37] INFO  impl.VoteContext (VoteContext.java:log(49)) - s2@group-12AB68C5691F-LEADER: reject PRE_VOTE from s1: this server is the leader and still has leadership
2022-09-14 11:47:18,996 [grpc-default-executor-37] INFO  server.RaftServer$Division (RaftServerImpl.java:requestVote(1314)) - s2@group-12AB68C5691F replies to PRE_VOTE vote request: s1<-s2#0:FAIL-t2. Peer's state: s2@group-12AB68C5691F:t2, leader=s2, voted=s2, raftlog=Memoized:s2@group-12AB68C5691F-SegmentedRaftLog:OPENED:c0, conf=0: peers:[s3|rpc:localhost:46799|admin:localhost:45171|client:localhost:46547|dataStream:localhost:40281|priority:0|startupRole:FOLLOWER, s4|rpc:localhost:39419|admin:localhost:43995|client:localhost:41785|dataStream:localhost:46687|priority:0|startupRole:FOLLOWER, s0|rpc:localhost:42481|admin:localhost:44771|client:localhost:42743|dataStream:localhost:43981|priority:0|startupRole:FOLLOWER, s1|rpc:localhost:44073|admin:localhost:36871|client:localhost:39477|dataStream:localhost:35501|priority:0|startupRole:FOLLOWER, s2|rpc:localhost:38365|admin:localhost:35135|client:localhost:40537|dataStream:localhost:38285|priority:0|startupRole:FOLLOWER]|listeners:[], old=null
2022-09-14 11:47:18,997 [grpc-default-executor-14] INFO  server.RaftServer$Division (RaftServerImpl.java:requestVote(1281)) - s3@group-12AB68C5691F: receive requestVote(PRE_VOTE, s0, group-12AB68C5691F, 2, (t:2, i:0))
2022-09-14 11:47:18,997 [grpc-default-executor-14] INFO  impl.VoteContext (VoteContext.java:log(49)) - s3@group-12AB68C5691F-FOLLOWER: reject PRE_VOTE from s0: this server is a follower and still has a valid leader s2
2022-09-14 11:47:18,997 [grpc-default-executor-14] INFO  server.RaftServer$Division (RaftServerImpl.java:requestVote(1314)) - s3@group-12AB68C5691F replies to PRE_VOTE vote request: s0<-s3#0:FAIL-t2. Peer's state: s3@group-12AB68C5691F:t2, leader=s2, voted=s2, raftlog=Memoized:s3@group-12AB68C5691F-SegmentedRaftLog:OPENED:c0, conf=0: peers:[s3|rpc:localhost:46799|admin:localhost:45171|client:localhost:46547|dataStream:localhost:40281|priority:0|startupRole:FOLLOWER, s4|rpc:localhost:39419|admin:localhost:43995|client:localhost:41785|dataStream:localhost:46687|priority:0|startupRole:FOLLOWER, s0|rpc:localhost:42481|admin:localhost:44771|client:localhost:42743|dataStream:localhost:43981|priority:0|startupRole:FOLLOWER, s1|rpc:localhost:44073|admin:localhost:36871|client:localhost:39477|dataStream:localhost:35501|priority:0|startupRole:FOLLOWER, s2|rpc:localhost:38365|admin:localhost:35135|client:localhost:40537|dataStream:localhost:38285|priority:0|startupRole:FOLLOWER]|listeners:[], old=null
2022-09-14 11:47:18,997 [grpc-default-executor-37] INFO  server.RaftServer$Division (RaftServerImpl.java:requestVote(1281)) - s1@group-12AB68C5691F: receive requestVote(PRE_VOTE, s0, group-12AB68C5691F, 2, (t:2, i:0))
2022-09-14 11:47:18,997 [grpc-default-executor-37] INFO  impl.VoteContext (VoteContext.java:log(49)) - s1@group-12AB68C5691F-FOLLOWER: reject PRE_VOTE from s0: this server is a follower and still has a valid leader s2
2022-09-14 11:47:18,998 [grpc-default-executor-37] INFO  server.RaftServer$Division (RaftServerImpl.java:requestVote(1314)) - s1@group-12AB68C5691F replies to PRE_VOTE vote request: s0<-s1#0:FAIL-t2. Peer's state: s1@group-12AB68C5691F:t2, leader=s2, voted=s2, raftlog=Memoized:s1@group-12AB68C5691F-SegmentedRaftLog:OPENED:c0, conf=0: peers:[s3|rpc:localhost:46799|admin:localhost:45171|client:localhost:46547|dataStream:localhost:40281|priority:0|startupRole:FOLLOWER, s4|rpc:localhost:39419|admin:localhost:43995|client:localhost:41785|dataStream:localhost:46687|priority:0|startupRole:FOLLOWER, s0|rpc:localhost:42481|admin:localhost:44771|client:localhost:42743|dataStream:localhost:43981|priority:0|startupRole:FOLLOWER, s1|rpc:localhost:44073|admin:localhost:36871|client:localhost:39477|dataStream:localhost:35501|priority:0|startupRole:FOLLOWER, s2|rpc:localhost:38365|admin:localhost:35135|client:localhost:40537|dataStream:localhost:38285|priority:0|startupRole:FOLLOWER]|listeners:[], old=null
2022-09-14 11:47:18,999 [s1@group-12AB68C5691F-LeaderElection27] INFO  impl.LeaderElection (LeaderElection.java:logAndReturn(89)) - s1@group-12AB68C5691F-LeaderElection27: PRE_VOTE REJECTED received 1 response(s) and 0 exception(s):
2022-09-14 11:47:18,999 [s1@group-12AB68C5691F-LeaderElection27] INFO  impl.LeaderElection (LeaderElection.java:logAndReturn(93)) -   Response 0: s1<-s0#0:FAIL-t2
2022-09-14 11:47:18,999 [s1@group-12AB68C5691F-LeaderElection27] INFO  impl.LeaderElection (LeaderElection.java:askForVotes(310)) - s1@group-12AB68C5691F-LeaderElection27 PRE_VOTE round 0: result REJECTED
2022-09-14 11:47:19,000 [s0@group-12AB68C5691F-LeaderElection26] INFO  impl.LeaderElection (LeaderElection.java:logAndReturn(89)) - s0@group-12AB68C5691F-LeaderElection26: PRE_VOTE REJECTED received 1 response(s) and 0 exception(s):
2022-09-14 11:47:19,000 [s0@group-12AB68C5691F-LeaderElection26] INFO  impl.LeaderElection (LeaderElection.java:logAndReturn(93)) -   Response 0: s0<-s3#0:FAIL-t2
2022-09-14 11:47:19,000 [s0@group-12AB68C5691F-LeaderElection26] INFO  impl.LeaderElection (LeaderElection.java:askForVotes(310)) - s0@group-12AB68C5691F-LeaderElection26 PRE_VOTE round 0: result REJECTED
2022-09-14 11:47:19,001 [grpc-default-executor-37] INFO  server.RaftServer$Division (RaftServerImpl.java:requestVote(1281)) - s2@group-12AB68C5691F: receive requestVote(PRE_VOTE, s0, group-12AB68C5691F, 2, (t:2, i:0))
2022-09-14 11:47:19,001 [grpc-default-executor-37] INFO  impl.VoteContext (VoteContext.java:log(49)) - s2@group-12AB68C5691F-LEADER: reject PRE_VOTE from s0: this server is the leader and still has leadership
2022-09-14 11:47:19,001 [grpc-default-executor-37] INFO  server.RaftServer$Division (RaftServerImpl.java:requestVote(1314)) - s2@group-12AB68C5691F replies to PRE_VOTE vote request: s0<-s2#0:FAIL-t2. Peer's state: s2@group-12AB68C5691F:t2, leader=s2, voted=s2, raftlog=Memoized:s2@group-12AB68C5691F-SegmentedRaftLog:OPENED:c0, conf=0: peers:[s3|rpc:localhost:46799|admin:localhost:45171|client:localhost:46547|dataStream:localhost:40281|priority:0|startupRole:FOLLOWER, s4|rpc:localhost:39419|admin:localhost:43995|client:localhost:41785|dataStream:localhost:46687|priority:0|startupRole:FOLLOWER, s0|rpc:localhost:42481|admin:localhost:44771|client:localhost:42743|dataStream:localhost:43981|priority:0|startupRole:FOLLOWER, s1|rpc:localhost:44073|admin:localhost:36871|client:localhost:39477|dataStream:localhost:35501|priority:0|startupRole:FOLLOWER, s2|rpc:localhost:38365|admin:localhost:35135|client:localhost:40537|dataStream:localhost:38285|priority:0|startupRole:FOLLOWER]|listeners:[], old=null
2022-09-14 11:47:19,002 [grpc-default-executor-37] INFO  util.CodeInjectionForTesting (BlockRequestHandlingInjection.java:execute(77)) - s4: Block request from s0
2022-09-14 11:47:19,015 [s2@group-12AB68C5691F->s4-GrpcLogAppender-LogAppenderDaemon] INFO  util.CodeInjectionForTesting (DelayLocalExecutionInjection.java:execute(65)) - s2 delay 150 ms, args=[serverRequest {
  requestorId: "s2"
  replyId: "s4"
  raftGroupId {
    id: "\326\216l\301\220x@5\222b\022\253h\305i\037"
  }
  callId: 139
  slidingWindowEntry {
  }
}
leaderTerm: 2
previousLog {
  term: 2
}
initializing: true
commitInfos {
  server {
    id: "s2"
    address: "localhost:38365"
    dataStreamAddress: "localhost:38285"
    clientAddress: "localhost:40537"
    adminAddress: "localhost:35135"
    startupRole: FOLLOWER
  }
}
commitInfos {
  server {
    id: "s3"
    address: "localhost:46799"
    dataStreamAddress: "localhost:40281"
    clientAddress: "localhost:46547"
    adminAddress: "localhost:45171"
    startupRole: FOLLOWER
  }
}
commitInfos {
  server {
    id: "s4"
    address: "localhost:39419"
    dataStreamAddress: "localhost:46687"
    clientAddress: "localhost:41785"
    adminAddress: "localhost:43995"
    startupRole: FOLLOWER
  }
}
commitInfos {
  server {
    id: "s0"
    address: "localhost:42481"
    dataStreamAddress: "localhost:43981"
    clientAddress: "localhost:42743"
    adminAddress: "localhost:44771"
    startupRole: FOLLOWER
  }
}
commitInfos {
  server {
    id: "s1"
    address: "localhost:44073"
    dataStreamAddress: "localhost:35501"
    clientAddress: "localhost:39477"
    adminAddress: "localhost:36871"
    startupRole: FOLLOWER
  }
}
]
2022-09-14 11:47:19,116 [s4@group-12AB68C5691F-FollowerState] INFO  impl.FollowerState (FollowerState.java:run(141)) - s4@group-12AB68C5691F-FollowerState: change to CANDIDATE, lastRpcElapsedTime:183898107ns, electionTimeout:183ms
2022-09-14 11:47:19,116 [s4@group-12AB68C5691F-FollowerState] INFO  impl.RoleInfo (RoleInfo.java:shutdownFollowerState(110)) - s4: shutdown s4@group-12AB68C5691F-FollowerState
2022-09-14 11:47:19,117 [s4@group-12AB68C5691F-FollowerState] INFO  server.RaftServer$Division (RaftServerImpl.java:setRole(317)) - s4@group-12AB68C5691F: changes role from  FOLLOWER to CANDIDATE at term 2 for changeToCandidate
2022-09-14 11:47:19,117 [s4@group-12AB68C5691F-FollowerState] INFO  server.RaftServerConfigKeys (ConfUtils.java:logGet(46)) - raft.server.leaderelection.pre-vote = true (default)
2022-09-14 11:47:19,117 [s4@group-12AB68C5691F-FollowerState] INFO  impl.RoleInfo (RoleInfo.java:updateAndGet(139)) - s4: start s4@group-12AB68C5691F-LeaderElection29
2022-09-14 11:47:19,121 [s4@group-12AB68C5691F-LeaderElection29] INFO  impl.LeaderElection (LeaderElection.java:askForVotes(308)) - s4@group-12AB68C5691F-LeaderElection29 PRE_VOTE round 0: submit vote requests at term 2 for 0: peers:[s3|rpc:localhost:46799|admin:localhost:45171|client:localhost:46547|dataStream:localhost:40281|priority:0|startupRole:FOLLOWER, s4|rpc:localhost:39419|admin:localhost:43995|client:localhost:41785|dataStream:localhost:46687|priority:0|startupRole:FOLLOWER, s0|rpc:localhost:42481|admin:localhost:44771|client:localhost:42743|dataStream:localhost:43981|priority:0|startupRole:FOLLOWER, s1|rpc:localhost:44073|admin:localhost:36871|client:localhost:39477|dataStream:localhost:35501|priority:0|startupRole:FOLLOWER, s2|rpc:localhost:38365|admin:localhost:35135|client:localhost:40537|dataStream:localhost:38285|priority:0|startupRole:FOLLOWER]|listeners:[], old=null
2022-09-14 11:47:19,122 [Time-limited test] INFO  server.RaftServerConfigKeys (ConfUtils.java:logGet(46)) - raft.server.rpc.timeout.max = 300ms (default)
2022-09-14 11:47:19,126 [grpc-default-executor-14] INFO  server.RaftServer$Division (RaftServerImpl.java:requestVote(1281)) - s3@group-12AB68C5691F: receive requestVote(PRE_VOTE, s4, group-12AB68C5691F, 2, (t:1, i:0))
2022-09-14 11:47:19,126 [grpc-default-executor-14] INFO  impl.VoteContext (VoteContext.java:log(49)) - s3@group-12AB68C5691F-FOLLOWER: reject PRE_VOTE from s4: this server is a follower and still has a valid leader s2
2022-09-14 11:47:19,126 [grpc-default-executor-14] INFO  server.RaftServer$Division (RaftServerImpl.java:requestVote(1314)) - s3@group-12AB68C5691F replies to PRE_VOTE vote request: s4<-s3#0:FAIL-t2. Peer's state: s3@group-12AB68C5691F:t2, leader=s2, voted=s2, raftlog=Memoized:s3@group-12AB68C5691F-SegmentedRaftLog:OPENED:c0, conf=0: peers:[s3|rpc:localhost:46799|admin:localhost:45171|client:localhost:46547|dataStream:localhost:40281|priority:0|startupRole:FOLLOWER, s4|rpc:localhost:39419|admin:localhost:43995|client:localhost:41785|dataStream:localhost:46687|priority:0|startupRole:FOLLOWER, s0|rpc:localhost:42481|admin:localhost:44771|client:localhost:42743|dataStream:localhost:43981|priority:0|startupRole:FOLLOWER, s1|rpc:localhost:44073|admin:localhost:36871|client:localhost:39477|dataStream:localhost:35501|priority:0|startupRole:FOLLOWER, s2|rpc:localhost:38365|admin:localhost:35135|client:localhost:40537|dataStream:localhost:38285|priority:0|startupRole:FOLLOWER]|listeners:[], old=null
2022-09-14 11:47:19,131 [grpc-default-executor-14] INFO  server.RaftServer$Division (RaftServerImpl.java:requestVote(1281)) - s0@group-12AB68C5691F: receive requestVote(PRE_VOTE, s4, group-12AB68C5691F, 2, (t:1, i:0))
2022-09-14 11:47:19,131 [grpc-default-executor-14] INFO  impl.VoteContext (VoteContext.java:log(49)) - s0@group-12AB68C5691F-FOLLOWER: reject PRE_VOTE from s4: this server is a follower and still has a valid leader s2
2022-09-14 11:47:19,131 [grpc-default-executor-14] INFO  server.RaftServer$Division (RaftServerImpl.java:requestVote(1314)) - s0@group-12AB68C5691F replies to PRE_VOTE vote request: s4<-s0#0:FAIL-t2. Peer's state: s0@group-12AB68C5691F:t2, leader=s2, voted=s2, raftlog=Memoized:s0@group-12AB68C5691F-SegmentedRaftLog:OPENED:c0, conf=0: peers:[s3|rpc:localhost:46799|admin:localhost:45171|client:localhost:46547|dataStream:localhost:40281|priority:0|startupRole:FOLLOWER, s4|rpc:localhost:39419|admin:localhost:43995|client:localhost:41785|dataStream:localhost:46687|priority:0|startupRole:FOLLOWER, s0|rpc:localhost:42481|admin:localhost:44771|client:localhost:42743|dataStream:localhost:43981|priority:0|startupRole:FOLLOWER, s1|rpc:localhost:44073|admin:localhost:36871|client:localhost:39477|dataStream:localhost:35501|priority:0|startupRole:FOLLOWER, s2|rpc:localhost:38365|admin:localhost:35135|client:localhost:40537|dataStream:localhost:38285|priority:0|startupRole:FOLLOWER]|listeners:[], old=null
2022-09-14 11:47:19,134 [grpc-default-executor-14] INFO  server.RaftServer$Division (RaftServerImpl.java:requestVote(1281)) - s1@group-12AB68C5691F: receive requestVote(PRE_VOTE, s4, group-12AB68C5691F, 2, (t:1, i:0))
2022-09-14 11:47:19,134 [grpc-default-executor-14] INFO  impl.VoteContext (VoteContext.java:log(49)) - s1@group-12AB68C5691F-FOLLOWER: reject PRE_VOTE from s4: this server is a follower and still has a valid leader s2
2022-09-14 11:47:19,134 [grpc-default-executor-14] INFO  server.RaftServer$Division (RaftServerImpl.java:requestVote(1314)) - s1@group-12AB68C5691F replies to PRE_VOTE vote request: s4<-s1#0:FAIL-t2. Peer's state: s1@group-12AB68C5691F:t2, leader=s2, voted=s2, raftlog=Memoized:s1@group-12AB68C5691F-SegmentedRaftLog:OPENED:c0, conf=0: peers:[s3|rpc:localhost:46799|admin:localhost:45171|client:localhost:46547|dataStream:localhost:40281|priority:0|startupRole:FOLLOWER, s4|rpc:localhost:39419|admin:localhost:43995|client:localhost:41785|dataStream:localhost:46687|priority:0|startupRole:FOLLOWER, s0|rpc:localhost:42481|admin:localhost:44771|client:localhost:42743|dataStream:localhost:43981|priority:0|startupRole:FOLLOWER, s1|rpc:localhost:44073|admin:localhost:36871|client:localhost:39477|dataStream:localhost:35501|priority:0|startupRole:FOLLOWER, s2|rpc:localhost:38365|admin:localhost:35135|client:localhost:40537|dataStream:localhost:38285|priority:0|startupRole:FOLLOWER]|listeners:[], old=null
2022-09-14 11:47:19,135 [s4@group-12AB68C5691F-LeaderElection29] INFO  impl.LeaderElection (LeaderElection.java:logAndReturn(89)) - s4@group-12AB68C5691F-LeaderElection29: PRE_VOTE REJECTED received 3 response(s) and 0 exception(s):
2022-09-14 11:47:19,135 [s4@group-12AB68C5691F-LeaderElection29] INFO  impl.LeaderElection (LeaderElection.java:logAndReturn(93)) -   Response 0: s4<-s3#0:FAIL-t2
2022-09-14 11:47:19,135 [s4@group-12AB68C5691F-LeaderElection29] INFO  impl.LeaderElection (LeaderElection.java:logAndReturn(93)) -   Response 1: s4<-s0#0:FAIL-t2
2022-09-14 11:47:19,135 [s4@group-12AB68C5691F-LeaderElection29] INFO  impl.LeaderElection (LeaderElection.java:logAndReturn(93)) -   Response 2: s4<-s1#0:FAIL-t2
2022-09-14 11:47:19,135 [s4@group-12AB68C5691F-LeaderElection29] INFO  impl.LeaderElection (LeaderElection.java:askForVotes(310)) - s4@group-12AB68C5691F-LeaderElection29 PRE_VOTE round 0: result REJECTED
2022-09-14 11:47:19,135 [s4@group-12AB68C5691F-LeaderElection29] INFO  server.RaftServer$Division (RaftServerImpl.java:setRole(317)) - s4@group-12AB68C5691F: changes role from CANDIDATE to FOLLOWER at term 2 for REJECTED
2022-09-14 11:47:19,135 [s4@group-12AB68C5691F-LeaderElection29] INFO  impl.RoleInfo (RoleInfo.java:shutdownLeaderElection(130)) - s4: shutdown s4@group-12AB68C5691F-LeaderElection29
2022-09-14 11:47:19,136 [s4@group-12AB68C5691F-LeaderElection29] INFO  impl.RoleInfo (RoleInfo.java:updateAndGet(139)) - s4: start s4@group-12AB68C5691F-FollowerState
2022-09-14 11:47:19,137 [grpc-default-executor-14] INFO  server.RaftServer$Division (RaftServerImpl.java:requestVote(1281)) - s2@group-12AB68C5691F: receive requestVote(PRE_VOTE, s4, group-12AB68C5691F, 2, (t:1, i:0))
2022-09-14 11:47:19,137 [grpc-default-executor-14] INFO  impl.VoteContext (VoteContext.java:log(49)) - s2@group-12AB68C5691F-LEADER: reject PRE_VOTE from s4: this server is the leader and still has leadership
2022-09-14 11:47:19,137 [grpc-default-executor-14] INFO  server.RaftServer$Division (RaftServerImpl.java:requestVote(1314)) - s2@group-12AB68C5691F replies to PRE_VOTE vote request: s4<-s2#0:FAIL-t2. Peer's state: s2@group-12AB68C5691F:t2, leader=s2, voted=s2, raftlog=Memoized:s2@group-12AB68C5691F-SegmentedRaftLog:OPENED:c0, conf=0: peers:[s3|rpc:localhost:46799|admin:localhost:45171|client:localhost:46547|dataStream:localhost:40281|priority:0|startupRole:FOLLOWER, s4|rpc:localhost:39419|admin:localhost:43995|client:localhost:41785|dataStream:localhost:46687|priority:0|startupRole:FOLLOWER, s0|rpc:localhost:42481|admin:localhost:44771|client:localhost:42743|dataStream:localhost:43981|priority:0|startupRole:FOLLOWER, s1|rpc:localhost:44073|admin:localhost:36871|client:localhost:39477|dataStream:localhost:35501|priority:0|startupRole:FOLLOWER, s2|rpc:localhost:38365|admin:localhost:35135|client:localhost:40537|dataStream:localhost:38285|priority:0|startupRole:FOLLOWER]|listeners:[], old=null
2022-09-14 11:47:19,194 [Timer-0] INFO  impl.MiniRaftCluster (MiniRaftCluster.java:lambda$start$6(349)) - TIMED-PRINT: printing ALL groups
  s3:  RUNNING  FOLLOWER s3@group-12AB68C5691F:t2, leader=s2, voted=s2, raftlog=Memoized:s3@group-12AB68C5691F-SegmentedRaftLog:OPENED:c0, conf=0: peers:[s3|rpc:localhost:46799|admin:localhost:45171|client:localhost:46547|dataStream:localhost:40281|priority:0|startupRole:FOLLOWER, s4|rpc:localhost:39419|admin:localhost:43995|client:localhost:41785|dataStream:localhost:46687|priority:0|startupRole:FOLLOWER, s0|rpc:localhost:42481|admin:localhost:44771|client:localhost:42743|dataStream:localhost:43981|priority:0|startupRole:FOLLOWER, s1|rpc:localhost:44073|admin:localhost:36871|client:localhost:39477|dataStream:localhost:35501|priority:0|startupRole:FOLLOWER, s2|rpc:localhost:38365|admin:localhost:35135|client:localhost:40537|dataStream:localhost:38285|priority:0|startupRole:FOLLOWER]|listeners:[], old=null RUNNING
  s4:  RUNNING  FOLLOWER s4@group-12AB68C5691F:t2, leader=null, voted=null, raftlog=Memoized:s4@group-12AB68C5691F-SegmentedRaftLog:OPENED:c0, conf=0: peers:[s3|rpc:localhost:46799|admin:localhost:45171|client:localhost:46547|dataStream:localhost:40281|priority:0|startupRole:FOLLOWER, s4|rpc:localhost:39419|admin:localhost:43995|client:localhost:41785|dataStream:localhost:46687|priority:0|startupRole:FOLLOWER, s0|rpc:localhost:42481|admin:localhost:44771|client:localhost:42743|dataStream:localhost:43981|priority:0|startupRole:FOLLOWER, s1|rpc:localhost:44073|admin:localhost:36871|client:localhost:39477|dataStream:localhost:35501|priority:0|startupRole:FOLLOWER, s2|rpc:localhost:38365|admin:localhost:35135|client:localhost:40537|dataStream:localhost:38285|priority:0|startupRole:FOLLOWER]|listeners:[], old=null RUNNING
  s0:  RUNNING  FOLLOWER s0@group-12AB68C5691F:t2, leader=s2, voted=s2, raftlog=Memoized:s0@group-12AB68C5691F-SegmentedRaftLog:OPENED:c0, conf=0: peers:[s3|rpc:localhost:46799|admin:localhost:45171|client:localhost:46547|dataStream:localhost:40281|priority:0|startupRole:FOLLOWER, s4|rpc:localhost:39419|admin:localhost:43995|client:localhost:41785|dataStream:localhost:46687|priority:0|startupRole:FOLLOWER, s0|rpc:localhost:42481|admin:localhost:44771|client:localhost:42743|dataStream:localhost:43981|priority:0|startupRole:FOLLOWER, s1|rpc:localhost:44073|admin:localhost:36871|client:localhost:39477|dataStream:localhost:35501|priority:0|startupRole:FOLLOWER, s2|rpc:localhost:38365|admin:localhost:35135|client:localhost:40537|dataStream:localhost:38285|priority:0|startupRole:FOLLOWER]|listeners:[], old=null RUNNING
  s1:  RUNNING  FOLLOWER s1@group-12AB68C5691F:t2, leader=s2, voted=s2, raftlog=Memoized:s1@group-12AB68C5691F-SegmentedRaftLog:OPENED:c0, conf=0: peers:[s3|rpc:localhost:46799|admin:localhost:45171|client:localhost:46547|dataStream:localhost:40281|priority:0|startupRole:FOLLOWER, s4|rpc:localhost:39419|admin:localhost:43995|client:localhost:41785|dataStream:localhost:46687|priority:0|startupRole:FOLLOWER, s0|rpc:localhost:42481|admin:localhost:44771|client:localhost:42743|dataStream:localhost:43981|priority:0|startupRole:FOLLOWER, s1|rpc:localhost:44073|admin:localhost:36871|client:localhost:39477|dataStream:localhost:35501|priority:0|startupRole:FOLLOWER, s2|rpc:localhost:38365|admin:localhost:35135|client:localhost:40537|dataStream:localhost:38285|priority:0|startupRole:FOLLOWER]|listeners:[], old=null RUNNING
  s2:  RUNNING    LEADER s2@group-12AB68C5691F:t2, leader=s2, voted=s2, raftlog=Memoized:s2@group-12AB68C5691F-SegmentedRaftLog:OPENED:c0, conf=0: peers:[s3|rpc:localhost:46799|admin:localhost:45171|client:localhost:46547|dataStream:localhost:40281|priority:0|startupRole:FOLLOWER, s4|rpc:localhost:39419|admin:localhost:43995|client:localhost:41785|dataStream:localhost:46687|priority:0|startupRole:FOLLOWER, s0|rpc:localhost:42481|admin:localhost:44771|client:localhost:42743|dataStream:localhost:43981|priority:0|startupRole:FOLLOWER, s1|rpc:localhost:44073|admin:localhost:36871|client:localhost:39477|dataStream:localhost:35501|priority:0|startupRole:FOLLOWER, s2|rpc:localhost:38365|admin:localhost:35135|client:localhost:40537|dataStream:localhost:38285|priority:0|startupRole:FOLLOWER]|listeners:[], old=null RUNNING
2022-09-14 11:47:19,284 [grpc-default-executor-19] INFO  util.CodeInjectionForTesting (BlockRequestHandlingInjection.java:execute(84)) - s4: unBlock request from s1
2022-09-14 11:47:19,285 [grpc-default-executor-19] INFO  server.RaftServer$Division (RaftServerImpl.java:requestVote(1281)) - s4@group-12AB68C5691F: receive requestVote(PRE_VOTE, s1, group-12AB68C5691F, 2, (t:2, i:0))
2022-09-14 11:47:19,285 [grpc-default-executor-19] INFO  impl.VoteContext (VoteContext.java:log(49)) - s4@group-12AB68C5691F-FOLLOWER: accept PRE_VOTE from s1: our last entry (t:1, i:0) < candidate's last entry (t:2, i:0)
2022-09-14 11:47:19,285 [grpc-default-executor-19] INFO  server.RaftServer$Division (RaftServerImpl.java:requestVote(1314)) - s4@group-12AB68C5691F replies to PRE_VOTE vote request: s1<-s4#0:OK-t2. Peer's state: s4@group-12AB68C5691F:t2, leader=null, voted=null, raftlog=Memoized:s4@group-12AB68C5691F-SegmentedRaftLog:OPENED:c0, conf=0: peers:[s3|rpc:localhost:46799|admin:localhost:45171|client:localhost:46547|dataStream:localhost:40281|priority:0|startupRole:FOLLOWER, s4|rpc:localhost:39419|admin:localhost:43995|client:localhost:41785|dataStream:localhost:46687|priority:0|startupRole:FOLLOWER, s0|rpc:localhost:42481|admin:localhost:44771|client:localhost:42743|dataStream:localhost:43981|priority:0|startupRole:FOLLOWER, s1|rpc:localhost:44073|admin:localhost:36871|client:localhost:39477|dataStream:localhost:35501|priority:0|startupRole:FOLLOWER, s2|rpc:localhost:38365|admin:localhost:35135|client:localhost:40537|dataStream:localhost:38285|priority:0|startupRole:FOLLOWER]|listeners:[], old=null
2022-09-14 11:47:19,302 [grpc-default-executor-37] INFO  util.CodeInjectionForTesting (BlockRequestHandlingInjection.java:execute(84)) - s4: unBlock request from s0
2022-09-14 11:47:19,302 [grpc-default-executor-37] INFO  server.RaftServer$Division (RaftServerImpl.java:requestVote(1281)) - s4@group-12AB68C5691F: receive requestVote(PRE_VOTE, s0, group-12AB68C5691F, 2, (t:2, i:0))
2022-09-14 11:47:19,302 [grpc-default-executor-37] INFO  impl.VoteContext (VoteContext.java:log(49)) - s4@group-12AB68C5691F-FOLLOWER: accept PRE_VOTE from s0: our last entry (t:1, i:0) < candidate's last entry (t:2, i:0)
2022-09-14 11:47:19,302 [grpc-default-executor-37] INFO  server.RaftServer$Division (RaftServerImpl.java:requestVote(1314)) - s4@group-12AB68C5691F replies to PRE_VOTE vote request: s0<-s4#0:OK-t2. Peer's state: s4@group-12AB68C5691F:t2, leader=null, voted=null, raftlog=Memoized:s4@group-12AB68C5691F-SegmentedRaftLog:OPENED:c0, conf=0: peers:[s3|rpc:localhost:46799|admin:localhost:45171|client:localhost:46547|dataStream:localhost:40281|priority:0|startupRole:FOLLOWER, s4|rpc:localhost:39419|admin:localhost:43995|client:localhost:41785|dataStream:localhost:46687|priority:0|startupRole:FOLLOWER, s0|rpc:localhost:42481|admin:localhost:44771|client:localhost:42743|dataStream:localhost:43981|priority:0|startupRole:FOLLOWER, s1|rpc:localhost:44073|admin:localhost:36871|client:localhost:39477|dataStream:localhost:35501|priority:0|startupRole:FOLLOWER, s2|rpc:localhost:38365|admin:localhost:35135|client:localhost:40537|dataStream:localhost:38285|priority:0|startupRole:FOLLOWER]|listeners:[], old=null
2022-09-14 11:47:19,312 [s4-server-thread2] INFO  util.CodeInjectionForTesting (BlockRequestHandlingInjection.java:execute(84)) - s4: unBlock request from s2
2022-09-14 11:47:19,312 [s4-server-thread2] INFO  server.RaftServer$Division (ServerState.java:setLeader(259)) - s4@group-12AB68C5691F: change Leader from null to s2 at term 2 for appendEntries, leader elected after 748ms
2022-09-14 11:47:19,313 [s4-server-thread2] INFO  server.RaftServer$Division (RaftServerImpl.java:checkInconsistentAppendEntries(1586)) - s4@group-12AB68C5691F: Failed appendEntries as previous log entry ((t:2, i:0)) is not found
2022-09-14 11:47:19,313 [s4-server-thread2] INFO  server.RaftServer$Division (RaftServerImpl.java:checkInconsistentAppendEntries(1556)) - s4@group-12AB68C5691F: inconsistency entries. Reply:s2<-s4#135:FAIL-t2,INCONSISTENCY,nextIndex=0,followerCommit=0,matchIndex=-1
2022-09-14 11:47:19,314 [grpc-default-executor-37] INFO  leader.FollowerInfo (FollowerInfoImpl.java:lambda$new$0(48)) - s2@group-12AB68C5691F->s4: nextIndex: updateUnconditionally 1 -> 0
2022-09-14 11:47:19,314 [s4-server-thread2] INFO  server.RaftServer$Division (RaftServerImpl.java:checkInconsistentAppendEntries(1586)) - s4@group-12AB68C5691F: Failed appendEntries as previous log entry ((t:2, i:0)) is not found
2022-09-14 11:47:19,314 [s4-server-thread2] INFO  server.RaftServer$Division (RaftServerImpl.java:checkInconsistentAppendEntries(1556)) - s4@group-12AB68C5691F: inconsistency entries. Reply:s2<-s4#136:FAIL-t2,INCONSISTENCY,nextIndex=0,followerCommit=0,matchIndex=-1
2022-09-14 11:47:19,315 [grpc-default-executor-19] INFO  leader.FollowerInfo (FollowerInfoImpl.java:lambda$new$0(48)) - s2@group-12AB68C5691F->s4: nextIndex: updateUnconditionally 1 -> 0
2022-09-14 11:47:19,315 [s4-server-thread2] DEBUG server.RaftServer$Division (RaftServerImpl.java:logAppendEntries(1405)) - s4@group-12AB68C5691F: receive appendEntries(s2, 2, null, 0, true, commits:[s2:c0, s3:c0, s4:c0, s0:c0, s1:c0], cId:143, entries: [(t:2, i:0), CONFIGURATIONENTRY(current:id: "s3"
address: "localhost:46799"
dataStreamAddress: "localhost:40281"
clientAddress: "localhost:46547"
adminAddress: "localhost:45171"
startupRole: FOLLOWER
,id: "s4"
address: "localhost:39419"
dataStreamAddress: "localhost:46687"
clientAddress: "localhost:41785"
adminAddress: "localhost:43995"
startupRole: FOLLOWER
,id: "s0"
address: "localhost:42481"
dataStreamAddress: "localhost:43981"
clientAddress: "localhost:42743"
adminAddress: "localhost:44771"
startupRole: FOLLOWER
,id: "s1"
address: "localhost:44073"
dataStreamAddress: "localhost:35501"
clientAddress: "localhost:39477"
adminAddress: "localhost:36871"
startupRole: FOLLOWER
,id: "s2"
address: "localhost:38365"
dataStreamAddress: "localhost:38285"
clientAddress: "localhost:40537"
adminAddress: "localhost:35135"
startupRole: FOLLOWER
, old:)]
2022-09-14 11:47:19,315 [s4-server-thread2] INFO  server.RaftServer$Division (RaftServerImpl.java:checkInconsistentAppendEntries(1576)) - s4@group-12AB68C5691F: Failed appendEntries as the first entry (index 0) already exists (snapshotIndex: -1, commitIndex: 0)
2022-09-14 11:47:19,315 [s4-server-thread2] INFO  server.RaftServer$Division (RaftServerImpl.java:checkInconsistentAppendEntries(1556)) - s4@group-12AB68C5691F: inconsistency entries. Reply:s2<-s4#143:FAIL-t2,INCONSISTENCY,nextIndex=1,followerCommit=0,matchIndex=-1
2022-09-14 11:47:19,315 [s4-server-thread3] INFO  server.RaftServer$Division (RaftServerImpl.java:checkInconsistentAppendEntries(1586)) - s4@group-12AB68C5691F: Failed appendEntries as previous log entry ((t:2, i:0)) is not found
2022-09-14 11:47:19,315 [s4-server-thread3] INFO  server.RaftServer$Division (RaftServerImpl.java:checkInconsistentAppendEntries(1556)) - s4@group-12AB68C5691F: inconsistency entries. Reply:s2<-s4#137:FAIL-t2,INCONSISTENCY,nextIndex=0,followerCommit=0,matchIndex=-1
2022-09-14 11:47:19,316 [s4-server-thread3] DEBUG server.RaftServer$Division (RaftServerImpl.java:logAppendEntries(1405)) - s4@group-12AB68C5691F: receive appendEntries(s2, 2, null, 0, true, commits:[s2:c0, s3:c0, s4:c0, s0:c0, s1:c0], cId:144, entries: [(t:2, i:0), CONFIGURATIONENTRY(current:id: "s3"
address: "localhost:46799"
dataStreamAddress: "localhost:40281"
clientAddress: "localhost:46547"
adminAddress: "localhost:45171"
startupRole: FOLLOWER
,id: "s4"
address: "localhost:39419"
dataStreamAddress: "localhost:46687"
clientAddress: "localhost:41785"
adminAddress: "localhost:43995"
startupRole: FOLLOWER
,id: "s0"
address: "localhost:42481"
dataStreamAddress: "localhost:43981"
clientAddress: "localhost:42743"
adminAddress: "localhost:44771"
startupRole: FOLLOWER
,id: "s1"
address: "localhost:44073"
dataStreamAddress: "localhost:35501"
clientAddress: "localhost:39477"
adminAddress: "localhost:36871"
startupRole: FOLLOWER
,id: "s2"
address: "localhost:38365"
dataStreamAddress: "localhost:38285"
clientAddress: "localhost:40537"
adminAddress: "localhost:35135"
startupRole: FOLLOWER
, old:)]
2022-09-14 11:47:19,317 [s4-server-thread3] INFO  server.RaftServer$Division (RaftServerImpl.java:checkInconsistentAppendEntries(1576)) - s4@group-12AB68C5691F: Failed appendEntries as the first entry (index 0) already exists (snapshotIndex: -1, commitIndex: 0)
2022-09-14 11:47:19,317 [s4-server-thread3] INFO  server.RaftServer$Division (RaftServerImpl.java:checkInconsistentAppendEntries(1556)) - s4@group-12AB68C5691F: inconsistency entries. Reply:s2<-s4#144:FAIL-t2,INCONSISTENCY,nextIndex=1,followerCommit=0,matchIndex=-1
2022-09-14 11:47:19,317 [grpc-default-executor-4] INFO  leader.FollowerInfo (FollowerInfoImpl.java:lambda$new$0(48)) - s2@group-12AB68C5691F->s4: nextIndex: updateUnconditionally 1 -> 1
2022-09-14 11:47:19,317 [s4-server-thread3] INFO  server.RaftServer$Division (RaftServerImpl.java:checkInconsistentAppendEntries(1586)) - s4@group-12AB68C5691F: Failed appendEntries as previous log entry ((t:2, i:0)) is not found
2022-09-14 11:47:19,317 [s4-server-thread3] INFO  server.RaftServer$Division (RaftServerImpl.java:checkInconsistentAppendEntries(1556)) - s4@group-12AB68C5691F: inconsistency entries. Reply:s2<-s4#138:FAIL-t2,INCONSISTENCY,nextIndex=0,followerCommit=0,matchIndex=-1
2022-09-14 11:47:19,318 [grpc-default-executor-37] INFO  leader.FollowerInfo (FollowerInfoImpl.java:lambda$new$0(48)) - s2@group-12AB68C5691F->s4: nextIndex: updateUnconditionally 1 -> 1
2022-09-14 11:47:19,318 [s4-server-thread3] INFO  server.RaftServer$Division (RaftServerImpl.java:checkInconsistentAppendEntries(1586)) - s4@group-12AB68C5691F: Failed appendEntries as previous log entry ((t:2, i:0)) is not found
2022-09-14 11:47:19,318 [s4-server-thread3] INFO  server.RaftServer$Division (RaftServerImpl.java:checkInconsistentAppendEntries(1556)) - s4@group-12AB68C5691F: inconsistency entries. Reply:s2<-s4#139:FAIL-t2,INCONSISTENCY,nextIndex=0,followerCommit=0,matchIndex=-1
2022-09-14 11:47:19,318 [s4-server-thread3] INFO  server.RaftServer$Division (RaftServerImpl.java:checkInconsistentAppendEntries(1586)) - s4@group-12AB68C5691F: Failed appendEntries as previous log entry ((t:2, i:0)) is not found
2022-09-14 11:47:19,318 [s4-server-thread3] INFO  server.RaftServer$Division (RaftServerImpl.java:checkInconsistentAppendEntries(1556)) - s4@group-12AB68C5691F: inconsistency entries. Reply:s2<-s4#140:FAIL-t2,INCONSISTENCY,nextIndex=0,followerCommit=0,matchIndex=-1
2022-09-14 11:47:19,319 [s4-server-thread3] INFO  server.RaftServer$Division (RaftServerImpl.java:checkInconsistentAppendEntries(1586)) - s4@group-12AB68C5691F: Failed appendEntries as previous log entry ((t:2, i:0)) is not found
2022-09-14 11:47:19,319 [s4-server-thread3] INFO  server.RaftServer$Division (RaftServerImpl.java:checkInconsistentAppendEntries(1556)) - s4@group-12AB68C5691F: inconsistency entries. Reply:s2<-s4#141:FAIL-t2,INCONSISTENCY,nextIndex=0,followerCommit=0,matchIndex=-1
2022-09-14 11:47:19,319 [s4-server-thread3] INFO  server.RaftServer$Division (RaftServerImpl.java:checkInconsistentAppendEntries(1586)) - s4@group-12AB68C5691F: Failed appendEntries as previous log entry ((t:2, i:0)) is not found
2022-09-14 11:47:19,319 [s4-server-thread3] INFO  server.RaftServer$Division (RaftServerImpl.java:checkInconsistentAppendEntries(1556)) - s4@group-12AB68C5691F: inconsistency entries. Reply:s2<-s4#142:FAIL-t2,INCONSISTENCY,nextIndex=0,followerCommit=0,matchIndex=-1
2022-09-14 11:47:19,320 [grpc-default-executor-4] INFO  leader.FollowerInfo (FollowerInfoImpl.java:lambda$new$0(48)) - s2@group-12AB68C5691F->s4: nextIndex: updateUnconditionally 1 -> 0
2022-09-14 11:47:19,320 [grpc-default-executor-4] INFO  leader.FollowerInfo (FollowerInfoImpl.java:lambda$new$0(48)) - s2@group-12AB68C5691F->s4: nextIndex: updateUnconditionally 1 -> 0
2022-09-14 11:47:19,320 [grpc-default-executor-4] INFO  leader.FollowerInfo (FollowerInfoImpl.java:lambda$new$0(48)) - s2@group-12AB68C5691F->s4: nextIndex: updateUnconditionally 0 -> 0
2022-09-14 11:47:19,320 [grpc-default-executor-4] INFO  leader.FollowerInfo (FollowerInfoImpl.java:lambda$new$0(48)) - s2@group-12AB68C5691F->s4: nextIndex: updateUnconditionally 0 -> 0
2022-09-14 11:47:19,321 [grpc-default-executor-4] INFO  leader.FollowerInfo (FollowerInfoImpl.java:lambda$new$0(48)) - s2@group-12AB68C5691F->s4: nextIndex: updateUnconditionally 1 -> 0
2022-09-14 11:47:19,321 [s4-server-thread3] DEBUG server.RaftServer$Division (RaftServerImpl.java:logAppendEntries(1405)) - s4@group-12AB68C5691F: receive appendEntries(s2, 2, null, 0, true, commits:[s2:c0, s3:c0, s4:c0, s0:c0, s1:c0], cId:145, entries: [(t:2, i:0), CONFIGURATIONENTRY(current:id: "s3"
address: "localhost:46799"
dataStreamAddress: "localhost:40281"
clientAddress: "localhost:46547"
adminAddress: "localhost:45171"
startupRole: FOLLOWER
,id: "s4"
address: "localhost:39419"
dataStreamAddress: "localhost:46687"
clientAddress: "localhost:41785"
adminAddress: "localhost:43995"
startupRole: FOLLOWER
,id: "s0"
address: "localhost:42481"
dataStreamAddress: "localhost:43981"
clientAddress: "localhost:42743"
adminAddress: "localhost:44771"
startupRole: FOLLOWER
,id: "s1"
address: "localhost:44073"
dataStreamAddress: "localhost:35501"
clientAddress: "localhost:39477"
adminAddress: "localhost:36871"
startupRole: FOLLOWER
,id: "s2"
address: "localhost:38365"
dataStreamAddress: "localhost:38285"
clientAddress: "localhost:40537"
adminAddress: "localhost:35135"
startupRole: FOLLOWER
, old:)]
2022-09-14 11:47:19,321 [s4-server-thread3] INFO  server.RaftServer$Division (RaftServerImpl.java:checkInconsistentAppendEntries(1576)) - s4@group-12AB68C5691F: Failed appendEntries as the first entry (index 0) already exists (snapshotIndex: -1, commitIndex: 0)
2022-09-14 11:47:19,321 [s4-server-thread3] INFO  server.RaftServer$Division (RaftServerImpl.java:checkInconsistentAppendEntries(1556)) - s4@group-12AB68C5691F: inconsistency entries. Reply:s2<-s4#145:FAIL-t2,INCONSISTENCY,nextIndex=1,followerCommit=0,matchIndex=-1
2022-09-14 11:47:19,322 [grpc-default-executor-37] INFO  leader.FollowerInfo (FollowerInfoImpl.java:lambda$new$0(48)) - s2@group-12AB68C5691F->s4: nextIndex: updateUnconditionally 1 -> 0
2022-09-14 11:47:19,323 [s4-server-thread3] DEBUG server.RaftServer$Division (RaftServerImpl.java:logAppendEntries(1405)) - s4@group-12AB68C5691F: receive appendEntries(s2, 2, null, 0, true, commits:[s2:c0, s3:c0, s4:c0, s0:c0, s1:c0], cId:146, entries: [(t:2, i:0), CONFIGURATIONENTRY(current:id: "s3"
address: "localhost:46799"
dataStreamAddress: "localhost:40281"
clientAddress: "localhost:46547"
adminAddress: "localhost:45171"
startupRole: FOLLOWER
,id: "s4"
address: "localhost:39419"
dataStreamAddress: "localhost:46687"
clientAddress: "localhost:41785"
adminAddress: "localhost:43995"
startupRole: FOLLOWER
,id: "s0"
address: "localhost:42481"
dataStreamAddress: "localhost:43981"
clientAddress: "localhost:42743"
adminAddress: "localhost:44771"
startupRole: FOLLOWER
,id: "s1"
address: "localhost:44073"
dataStreamAddress: "localhost:35501"
clientAddress: "localhost:39477"
adminAddress: "localhost:36871"
startupRole: FOLLOWER
,id: "s2"
address: "localhost:38365"
dataStreamAddress: "localhost:38285"
clientAddress: "localhost:40537"
adminAddress: "localhost:35135"
startupRole: FOLLOWER
, old:)]
2022-09-14 11:47:19,323 [s4-server-thread3] INFO  server.RaftServer$Division (RaftServerImpl.java:checkInconsistentAppendEntries(1576)) - s4@group-12AB68C5691F: Failed appendEntries as the first entry (index 0) already exists (snapshotIndex: -1, commitIndex: 0)
2022-09-14 11:47:19,323 [grpc-default-executor-19] INFO  leader.FollowerInfo (FollowerInfoImpl.java:lambda$new$0(48)) - s2@group-12AB68C5691F->s4: nextIndex: updateUnconditionally 0 -> 1
2022-09-14 11:47:19,323 [s4-server-thread3] INFO  server.RaftServer$Division (RaftServerImpl.java:checkInconsistentAppendEntries(1556)) - s4@group-12AB68C5691F: inconsistency entries. Reply:s2<-s4#146:FAIL-t2,INCONSISTENCY,nextIndex=1,followerCommit=0,matchIndex=-1
2022-09-14 11:47:19,324 [grpc-default-executor-38] INFO  leader.FollowerInfo (FollowerInfoImpl.java:lambda$new$0(48)) - s2@group-12AB68C5691F->s4: nextIndex: updateUnconditionally 1 -> 1
2022-09-14 11:47:19,324 [s4-server-thread3] DEBUG server.RaftServer$Division (RaftServerImpl.java:logAppendEntries(1405)) - s4@group-12AB68C5691F: receive appendEntries(s2, 2, null, 0, true, commits:[s2:c0, s3:c0, s4:c0, s0:c0, s1:c0], cId:147, entries: [(t:2, i:0), CONFIGURATIONENTRY(current:id: "s3"
address: "localhost:46799"
dataStreamAddress: "localhost:40281"
clientAddress: "localhost:46547"
adminAddress: "localhost:45171"
startupRole: FOLLOWER
,id: "s4"
address: "localhost:39419"
dataStreamAddress: "localhost:46687"
clientAddress: "localhost:41785"
adminAddress: "localhost:43995"
startupRole: FOLLOWER
,id: "s0"
address: "localhost:42481"
dataStreamAddress: "localhost:43981"
clientAddress: "localhost:42743"
adminAddress: "localhost:44771"
startupRole: FOLLOWER
,id: "s1"
address: "localhost:44073"
dataStreamAddress: "localhost:35501"
clientAddress: "localhost:39477"
adminAddress: "localhost:36871"
startupRole: FOLLOWER
,id: "s2"
address: "localhost:38365"
dataStreamAddress: "localhost:38285"
clientAddress: "localhost:40537"
adminAddress: "localhost:35135"
startupRole: FOLLOWER
, old:)]
2022-09-14 11:47:19,324 [s4-server-thread3] INFO  server.RaftServer$Division (RaftServerImpl.java:checkInconsistentAppendEntries(1576)) - s4@group-12AB68C5691F: Failed appendEntries as the first entry (index 0) already exists (snapshotIndex: -1, commitIndex: 0)
2022-09-14 11:47:19,324 [s4-server-thread3] INFO  server.RaftServer$Division (RaftServerImpl.java:checkInconsistentAppendEntries(1556)) - s4@group-12AB68C5691F: inconsistency entries. Reply:s2<-s4#147:FAIL-t2,INCONSISTENCY,nextIndex=1,followerCommit=0,matchIndex=-1
2022-09-14 11:47:19,325 [grpc-default-executor-37] INFO  leader.FollowerInfo (FollowerInfoImpl.java:lambda$new$0(48)) - s2@group-12AB68C5691F->s4: nextIndex: updateUnconditionally 1 -> 1
2022-09-14 11:47:19,347 [grpc-default-executor-11] INFO  util.CodeInjectionForTesting (BlockRequestHandlingInjection.java:execute(84)) - s4: unBlock request from s0
2022-09-14 11:47:19,347 [grpc-default-executor-11] INFO  server.RaftServer$Division (RaftServerImpl.java:requestVote(1281)) - s4@group-12AB68C5691F: receive requestVote(PRE_VOTE, s0, group-12AB68C5691F, 2, (t:2, i:0))
2022-09-14 11:47:19,347 [grpc-default-executor-11] INFO  impl.VoteContext (VoteContext.java:log(49)) - s4@group-12AB68C5691F-FOLLOWER: reject PRE_VOTE from s0: this server is a follower and still has a valid leader s2
2022-09-14 11:47:19,348 [grpc-default-executor-11] INFO  server.RaftServer$Division (RaftServerImpl.java:requestVote(1314)) - s4@group-12AB68C5691F replies to PRE_VOTE vote request: s0<-s4#0:FAIL-t2. Peer's state: s4@group-12AB68C5691F:t2, leader=s2, voted=null, raftlog=Memoized:s4@group-12AB68C5691F-SegmentedRaftLog:OPENED:c0, conf=0: peers:[s3|rpc:localhost:46799|admin:localhost:45171|client:localhost:46547|dataStream:localhost:40281|priority:0|startupRole:FOLLOWER, s4|rpc:localhost:39419|admin:localhost:43995|client:localhost:41785|dataStream:localhost:46687|priority:0|startupRole:FOLLOWER, s0|rpc:localhost:42481|admin:localhost:44771|client:localhost:42743|dataStream:localhost:43981|priority:0|startupRole:FOLLOWER, s1|rpc:localhost:44073|admin:localhost:36871|client:localhost:39477|dataStream:localhost:35501|priority:0|startupRole:FOLLOWER, s2|rpc:localhost:38365|admin:localhost:35135|client:localhost:40537|dataStream:localhost:38285|priority:0|startupRole:FOLLOWER]|listeners:[], old=null
2022-09-14 11:47:19,401 [s4-server-thread3] INFO  server.RaftServer$Division (RaftServerImpl.java:checkInconsistentAppendEntries(1586)) - s4@group-12AB68C5691F: Failed appendEntries as previous log entry ((t:2, i:0)) is not found
2022-09-14 11:47:19,401 [s4-server-thread3] INFO  server.RaftServer$Division (RaftServerImpl.java:checkInconsistentAppendEntries(1556)) - s4@group-12AB68C5691F: inconsistency entries. Reply:s2<-s4#148:FAIL-t2,INCONSISTENCY,nextIndex=0,followerCommit=0,matchIndex=-1
2022-09-14 11:47:19,402 [grpc-default-executor-4] INFO  leader.FollowerInfo (FollowerInfoImpl.java:lambda$new$0(48)) - s2@group-12AB68C5691F->s4: nextIndex: updateUnconditionally 1 -> 0
2022-09-14 11:47:19,403 [s4-server-thread3] DEBUG server.RaftServer$Division (RaftServerImpl.java:logAppendEntries(1405)) - s4@group-12AB68C5691F: receive appendEntries(s2, 2, null, 0, true, commits:[s2:c0, s3:c0, s4:c0, s0:c0, s1:c0], cId:149, entries: [(t:2, i:0), CONFIGURATIONENTRY(current:id: "s3"
address: "localhost:46799"
dataStreamAddress: "localhost:40281"
clientAddress: "localhost:46547"
adminAddress: "localhost:45171"
startupRole: FOLLOWER
,id: "s4"
address: "localhost:39419"
dataStreamAddress: "localhost:46687"
clientAddress: "localhost:41785"
adminAddress: "localhost:43995"
startupRole: FOLLOWER
,id: "s0"
address: "localhost:42481"
dataStreamAddress: "localhost:43981"
clientAddress: "localhost:42743"
adminAddress: "localhost:44771"
startupRole: FOLLOWER
,id: "s1"
address: "localhost:44073"
dataStreamAddress: "localhost:35501"
clientAddress: "localhost:39477"
adminAddress: "localhost:36871"
startupRole: FOLLOWER
,id: "s2"
address: "localhost:38365"
dataStreamAddress: "localhost:38285"
clientAddress: "localhost:40537"
adminAddress: "localhost:35135"
startupRole: FOLLOWER
, old:)]
2022-09-14 11:47:19,403 [s4-server-thread3] INFO  server.RaftServer$Division (RaftServerImpl.java:checkInconsistentAppendEntries(1576)) - s4@group-12AB68C5691F: Failed appendEntries as the first entry (index 0) already exists (snapshotIndex: -1, commitIndex: 0)
2022-09-14 11:47:19,403 [s4-server-thread3] INFO  server.RaftServer$Division (RaftServerImpl.java:checkInconsistentAppendEntries(1556)) - s4@group-12AB68C5691F: inconsistency entries. Reply:s2<-s4#149:FAIL-t2,INCONSISTENCY,nextIndex=1,followerCommit=0,matchIndex=-1
2022-09-14 11:47:19,404 [grpc-default-executor-4] INFO  leader.FollowerInfo (FollowerInfoImpl.java:lambda$new$0(48)) - s2@group-12AB68C5691F->s4: nextIndex: updateUnconditionally 1 -> 1
2022-09-14 11:47:19,421 [grpc-default-executor-39] INFO  util.CodeInjectionForTesting (BlockRequestHandlingInjection.java:execute(84)) - s4: unBlock request from s0
2022-09-14 11:47:19,421 [grpc-default-executor-39] INFO  server.RaftServer$Division (RaftServerImpl.java:requestVote(1281)) - s4@group-12AB68C5691F: receive requestVote(PRE_VOTE, s0, group-12AB68C5691F, 2, (t:2, i:0))
2022-09-14 11:47:19,421 [grpc-default-executor-39] INFO  impl.VoteContext (VoteContext.java:log(49)) - s4@group-12AB68C5691F-FOLLOWER: reject PRE_VOTE from s0: this server is a follower and still has a valid leader s2
2022-09-14 11:47:19,422 [grpc-default-executor-39] INFO  server.RaftServer$Division (RaftServerImpl.java:requestVote(1314)) - s4@group-12AB68C5691F replies to PRE_VOTE vote request: s0<-s4#0:FAIL-t2. Peer's state: s4@group-12AB68C5691F:t2, leader=s2, voted=null, raftlog=Memoized:s4@group-12AB68C5691F-SegmentedRaftLog:OPENED:c0, conf=0: peers:[s3|rpc:localhost:46799|admin:localhost:45171|client:localhost:46547|dataStream:localhost:40281|priority:0|startupRole:FOLLOWER, s4|rpc:localhost:39419|admin:localhost:43995|client:localhost:41785|dataStream:localhost:46687|priority:0|startupRole:FOLLOWER, s0|rpc:localhost:42481|admin:localhost:44771|client:localhost:42743|dataStream:localhost:43981|priority:0|startupRole:FOLLOWER, s1|rpc:localhost:44073|admin:localhost:36871|client:localhost:39477|dataStream:localhost:35501|priority:0|startupRole:FOLLOWER, s2|rpc:localhost:38365|admin:localhost:35135|client:localhost:40537|dataStream:localhost:38285|priority:0|startupRole:FOLLOWER]|listeners:[], old=null
2022-09-14 11:47:19,479 [s4-server-thread3] INFO  server.RaftServer$Division (RaftServerImpl.java:checkInconsistentAppendEntries(1586)) - s4@group-12AB68C5691F: Failed appendEntries as previous log entry ((t:2, i:0)) is not found
2022-09-14 11:47:19,480 [s4-server-thread3] INFO  server.RaftServer$Division (RaftServerImpl.java:checkInconsistentAppendEntries(1556)) - s4@group-12AB68C5691F: inconsistency entries. Reply:s2<-s4#150:FAIL-t2,INCONSISTENCY,nextIndex=0,followerCommit=0,matchIndex=-1
2022-09-14 11:47:19,480 [grpc-default-executor-39] INFO  leader.FollowerInfo (FollowerInfoImpl.java:lambda$new$0(48)) - s2@group-12AB68C5691F->s4: nextIndex: updateUnconditionally 1 -> 0
2022-09-14 11:47:19,481 [s4-server-thread3] DEBUG server.RaftServer$Division (RaftServerImpl.java:logAppendEntries(1405)) - s4@group-12AB68C5691F: receive appendEntries(s2, 2, null, 0, true, commits:[s2:c0, s3:c0, s4:c0, s0:c0, s1:c0], cId:151, entries: [(t:2, i:0), CONFIGURATIONENTRY(current:id: "s3"
address: "localhost:46799"
dataStreamAddress: "localhost:40281"
clientAddress: "localhost:46547"
adminAddress: "localhost:45171"
startupRole: FOLLOWER
,id: "s4"
address: "localhost:39419"
dataStreamAddress: "localhost:46687"
clientAddress: "localhost:41785"
adminAddress: "localhost:43995"
startupRole: FOLLOWER
,id: "s0"
address: "localhost:42481"
dataStreamAddress: "localhost:43981"
clientAddress: "localhost:42743"
adminAddress: "localhost:44771"
startupRole: FOLLOWER
,id: "s1"
address: "localhost:44073"
dataStreamAddress: "localhost:35501"
clientAddress: "localhost:39477"
adminAddress: "localhost:36871"
startupRole: FOLLOWER
,id: "s2"
address: "localhost:38365"
dataStreamAddress: "localhost:38285"
clientAddress: "localhost:40537"
adminAddress: "localhost:35135"
startupRole: FOLLOWER
, old:)]
2022-09-14 11:47:19,481 [s4-server-thread3] INFO  server.RaftServer$Division (RaftServerImpl.java:checkInconsistentAppendEntries(1576)) - s4@group-12AB68C5691F: Failed appendEntries as the first entry (index 0) already exists (snapshotIndex: -1, commitIndex: 0)
2022-09-14 11:47:19,481 [s4-server-thread3] INFO  server.RaftServer$Division (RaftServerImpl.java:checkInconsistentAppendEntries(1556)) - s4@group-12AB68C5691F: inconsistency entries. Reply:s2<-s4#151:FAIL-t2,INCONSISTENCY,nextIndex=1,followerCommit=0,matchIndex=-1
2022-09-14 11:47:19,481 [grpc-default-executor-39] INFO  leader.FollowerInfo (FollowerInfoImpl.java:lambda$new$0(48)) - s2@group-12AB68C5691F->s4: nextIndex: updateUnconditionally 1 -> 1
2022-09-14 11:47:19,558 [s4-server-thread3] INFO  server.RaftServer$Division (RaftServerImpl.java:checkInconsistentAppendEntries(1586)) - s4@group-12AB68C5691F: Failed appendEntries as previous log entry ((t:2, i:0)) is not found
2022-09-14 11:47:19,558 [s4-server-thread3] INFO  server.RaftServer$Division (RaftServerImpl.java:checkInconsistentAppendEntries(1556)) - s4@group-12AB68C5691F: inconsistency entries. Reply:s2<-s4#152:FAIL-t2,INCONSISTENCY,nextIndex=0,followerCommit=0,matchIndex=-1
2022-09-14 11:47:19,558 [grpc-default-executor-39] INFO  leader.FollowerInfo (FollowerInfoImpl.java:lambda$new$0(48)) - s2@group-12AB68C5691F->s4: nextIndex: updateUnconditionally 1 -> 0
2022-09-14 11:47:19,559 [s4-server-thread3] DEBUG server.RaftServer$Division (RaftServerImpl.java:logAppendEntries(1405)) - s4@group-12AB68C5691F: receive appendEntries(s2, 2, null, 0, true, commits:[s2:c0, s3:c0, s4:c0, s0:c0, s1:c0], cId:153, entries: [(t:2, i:0), CONFIGURATIONENTRY(current:id: "s3"
address: "localhost:46799"
dataStreamAddress: "localhost:40281"
clientAddress: "localhost:46547"
adminAddress: "localhost:45171"
startupRole: FOLLOWER
,id: "s4"
address: "localhost:39419"
dataStreamAddress: "localhost:46687"
clientAddress: "localhost:41785"
adminAddress: "localhost:43995"
startupRole: FOLLOWER
,id: "s0"
address: "localhost:42481"
dataStreamAddress: "localhost:43981"
clientAddress: "localhost:42743"
adminAddress: "localhost:44771"
startupRole: FOLLOWER
,id: "s1"
address: "localhost:44073"
dataStreamAddress: "localhost:35501"
clientAddress: "localhost:39477"
adminAddress: "localhost:36871"
startupRole: FOLLOWER
,id: "s2"
address: "localhost:38365"
dataStreamAddress: "localhost:38285"
clientAddress: "localhost:40537"
adminAddress: "localhost:35135"
startupRole: FOLLOWER
, old:)]
2022-09-14 11:47:19,559 [s4-server-thread3] INFO  server.RaftServer$Division (RaftServerImpl.java:checkInconsistentAppendEntries(1576)) - s4@group-12AB68C5691F: Failed appendEntries as the first entry (index 0) already exists (snapshotIndex: -1, commitIndex: 0)
2022-09-14 11:47:19,559 [s4-server-thread3] INFO  server.RaftServer$Division (RaftServerImpl.java:checkInconsistentAppendEntries(1556)) - s4@group-12AB68C5691F: inconsistency entries. Reply:s2<-s4#153:FAIL-t2,INCONSISTENCY,nextIndex=1,followerCommit=0,matchIndex=-1
2022-09-14 11:47:19,560 [grpc-default-executor-39] INFO  leader.FollowerInfo (FollowerInfoImpl.java:lambda$new$0(48)) - s2@group-12AB68C5691F->s4: nextIndex: updateUnconditionally 1 -> 1
2022-09-14 11:47:19,636 [s4-server-thread3] INFO  server.RaftServer$Division (RaftServerImpl.java:checkInconsistentAppendEntries(1586)) - s4@group-12AB68C5691F: Failed appendEntries as previous log entry ((t:2, i:0)) is not found
2022-09-14 11:47:19,636 [s4-server-thread3] INFO  server.RaftServer$Division (RaftServerImpl.java:checkInconsistentAppendEntries(1556)) - s4@group-12AB68C5691F: inconsistency entries. Reply:s2<-s4#154:FAIL-t2,INCONSISTENCY,nextIndex=0,followerCommit=0,matchIndex=-1
2022-09-14 11:47:19,637 [grpc-default-executor-39] INFO  leader.FollowerInfo (FollowerInfoImpl.java:lambda$new$0(48)) - s2@group-12AB68C5691F->s4: nextIndex: updateUnconditionally 1 -> 0
2022-09-14 11:47:19,638 [s4-server-thread3] DEBUG server.RaftServer$Division (RaftServerImpl.java:logAppendEntries(1405)) - s4@group-12AB68C5691F: receive appendEntries(s2, 2, null, 0, true, commits:[s2:c0, s3:c0, s4:c0, s0:c0, s1:c0], cId:155, entries: [(t:2, i:0), CONFIGURATIONENTRY(current:id: "s3"
address: "localhost:46799"
dataStreamAddress: "localhost:40281"
clientAddress: "localhost:46547"
adminAddress: "localhost:45171"
startupRole: FOLLOWER
,id: "s4"
address: "localhost:39419"
dataStreamAddress: "localhost:46687"
clientAddress: "localhost:41785"
adminAddress: "localhost:43995"
startupRole: FOLLOWER
,id: "s0"
address: "localhost:42481"
dataStreamAddress: "localhost:43981"
clientAddress: "localhost:42743"
adminAddress: "localhost:44771"
startupRole: FOLLOWER
,id: "s1"
address: "localhost:44073"
dataStreamAddress: "localhost:35501"
clientAddress: "localhost:39477"
adminAddress: "localhost:36871"
startupRole: FOLLOWER
,id: "s2"
address: "localhost:38365"
dataStreamAddress: "localhost:38285"
clientAddress: "localhost:40537"
adminAddress: "localhost:35135"
startupRole: FOLLOWER
, old:)]
2022-09-14 11:47:19,638 [s4-server-thread3] INFO  server.RaftServer$Division (RaftServerImpl.java:checkInconsistentAppendEntries(1576)) - s4@group-12AB68C5691F: Failed appendEntries as the first entry (index 0) already exists (snapshotIndex: -1, commitIndex: 0)
2022-09-14 11:47:19,638 [s4-server-thread3] INFO  server.RaftServer$Division (RaftServerImpl.java:checkInconsistentAppendEntries(1556)) - s4@group-12AB68C5691F: inconsistency entries. Reply:s2<-s4#155:FAIL-t2,INCONSISTENCY,nextIndex=1,followerCommit=0,matchIndex=-1
2022-09-14 11:47:19,639 [grpc-default-executor-39] INFO  leader.FollowerInfo (FollowerInfoImpl.java:lambda$new$0(48)) - s2@group-12AB68C5691F->s4: nextIndex: updateUnconditionally 1 -> 1
2022-09-14 11:47:19,715 [s4-server-thread3] INFO  server.RaftServer$Division (RaftServerImpl.java:checkInconsistentAppendEntries(1586)) - s4@group-12AB68C5691F: Failed appendEntries as previous log entry ((t:2, i:0)) is not found
2022-09-14 11:47:19,715 [s4-server-thread3] INFO  server.RaftServer$Division (RaftServerImpl.java:checkInconsistentAppendEntries(1556)) - s4@group-12AB68C5691F: inconsistency entries. Reply:s2<-s4#156:FAIL-t2,INCONSISTENCY,nextIndex=0,followerCommit=0,matchIndex=-1
2022-09-14 11:47:19,715 [grpc-default-executor-37] INFO  leader.FollowerInfo (FollowerInfoImpl.java:lambda$new$0(48)) - s2@group-12AB68C5691F->s4: nextIndex: updateUnconditionally 1 -> 0
2022-09-14 11:47:19,716 [s4-server-thread3] DEBUG server.RaftServer$Division (RaftServerImpl.java:logAppendEntries(1405)) - s4@group-12AB68C5691F: receive appendEntries(s2, 2, null, 0, true, commits:[s2:c0, s3:c0, s4:c0, s0:c0, s1:c0], cId:157, entries: [(t:2, i:0), CONFIGURATIONENTRY(current:id: "s3"
address: "localhost:46799"
dataStreamAddress: "localhost:40281"
clientAddress: "localhost:46547"
adminAddress: "localhost:45171"
startupRole: FOLLOWER
,id: "s4"
address: "localhost:39419"
dataStreamAddress: "localhost:46687"
clientAddress: "localhost:41785"
adminAddress: "localhost:43995"
startupRole: FOLLOWER
,id: "s0"
address: "localhost:42481"
dataStreamAddress: "localhost:43981"
clientAddress: "localhost:42743"
adminAddress: "localhost:44771"
startupRole: FOLLOWER
,id: "s1"
address: "localhost:44073"
dataStreamAddress: "localhost:35501"
clientAddress: "localhost:39477"
adminAddress: "localhost:36871"
startupRole: FOLLOWER
,id: "s2"
address: "localhost:38365"
dataStreamAddress: "localhost:38285"
clientAddress: "localhost:40537"
adminAddress: "localhost:35135"
startupRole: FOLLOWER
, old:)]
2022-09-14 11:47:19,716 [s4-server-thread3] INFO  server.RaftServer$Division (RaftServerImpl.java:checkInconsistentAppendEntries(1576)) - s4@group-12AB68C5691F: Failed appendEntries as the first entry (index 0) already exists (snapshotIndex: -1, commitIndex: 0)
2022-09-14 11:47:19,716 [s4-server-thread3] INFO  server.RaftServer$Division (RaftServerImpl.java:checkInconsistentAppendEntries(1556)) - s4@group-12AB68C5691F: inconsistency entries. Reply:s2<-s4#157:FAIL-t2,INCONSISTENCY,nextIndex=1,followerCommit=0,matchIndex=-1
2022-09-14 11:47:19,716 [grpc-default-executor-37] INFO  leader.FollowerInfo (FollowerInfoImpl.java:lambda$new$0(48)) - s2@group-12AB68C5691F->s4: nextIndex: updateUnconditionally 1 -> 1
2022-09-14 11:47:19,792 [s4-server-thread3] INFO  server.RaftServer$Division (RaftServerImpl.java:checkInconsistentAppendEntries(1586)) - s4@group-12AB68C5691F: Failed appendEntries as previous log entry ((t:2, i:0)) is not found
2022-09-14 11:47:19,793 [s4-server-thread3] INFO  server.RaftServer$Division (RaftServerImpl.java:checkInconsistentAppendEntries(1556)) - s4@group-12AB68C5691F: inconsistency entries. Reply:s2<-s4#158:FAIL-t2,INCONSISTENCY,nextIndex=0,followerCommit=0,matchIndex=-1
2022-09-14 11:47:19,793 [grpc-default-executor-4] INFO  leader.FollowerInfo (FollowerInfoImpl.java:lambda$new$0(48)) - s2@group-12AB68C5691F->s4: nextIndex: updateUnconditionally 1 -> 0
2022-09-14 11:47:19,794 [s4-server-thread3] DEBUG server.RaftServer$Division (RaftServerImpl.java:logAppendEntries(1405)) - s4@group-12AB68C5691F: receive appendEntries(s2, 2, null, 0, true, commits:[s2:c0, s3:c0, s4:c0, s0:c0, s1:c0], cId:159, entries: [(t:2, i:0), CONFIGURATIONENTRY(current:id: "s3"
address: "localhost:46799"
dataStreamAddress: "localhost:40281"
clientAddress: "localhost:46547"
adminAddress: "localhost:45171"
startupRole: FOLLOWER
,id: "s4"
address: "localhost:39419"
dataStreamAddress: "localhost:46687"
clientAddress: "localhost:41785"
adminAddress: "localhost:43995"
startupRole: FOLLOWER
,id: "s0"
address: "localhost:42481"
dataStreamAddress: "localhost:43981"
clientAddress: "localhost:42743"
adminAddress: "localhost:44771"
startupRole: FOLLOWER
,id: "s1"
address: "localhost:44073"
dataStreamAddress: "localhost:35501"
clientAddress: "localhost:39477"
adminAddress: "localhost:36871"
startupRole: FOLLOWER
,id: "s2"
address: "localhost:38365"
dataStreamAddress: "localhost:38285"
clientAddress: "localhost:40537"
adminAddress: "localhost:35135"
startupRole: FOLLOWER
, old:)]
2022-09-14 11:47:19,794 [s4-server-thread3] INFO  server.RaftServer$Division (RaftServerImpl.java:checkInconsistentAppendEntries(1576)) - s4@group-12AB68C5691F: Failed appendEntries as the first entry (index 0) already exists (snapshotIndex: -1, commitIndex: 0)
2022-09-14 11:47:19,795 [s4-server-thread3] INFO  server.RaftServer$Division (RaftServerImpl.java:checkInconsistentAppendEntries(1556)) - s4@group-12AB68C5691F: inconsistency entries. Reply:s2<-s4#159:FAIL-t2,INCONSISTENCY,nextIndex=1,followerCommit=0,matchIndex=-1
2022-09-14 11:47:19,795 [grpc-default-executor-4] INFO  leader.FollowerInfo (FollowerInfoImpl.java:lambda$new$0(48)) - s2@group-12AB68C5691F->s4: nextIndex: updateUnconditionally 1 -> 1
2022-09-14 11:47:19,871 [s4-server-thread3] INFO  server.RaftServer$Division (RaftServerImpl.java:checkInconsistentAppendEntries(1586)) - s4@group-12AB68C5691F: Failed appendEntries as previous log entry ((t:2, i:0)) is not found
2022-09-14 11:47:19,871 [s4-server-thread3] INFO  server.RaftServer$Division (RaftServerImpl.java:checkInconsistentAppendEntries(1556)) - s4@group-12AB68C5691F: inconsistency entries. Reply:s2<-s4#160:FAIL-t2,INCONSISTENCY,nextIndex=0,followerCommit=0,matchIndex=-1
2022-09-14 11:47:19,872 [grpc-default-executor-37] INFO  leader.FollowerInfo (FollowerInfoImpl.java:lambda$new$0(48)) - s2@group-12AB68C5691F->s4: nextIndex: updateUnconditionally 1 -> 0
2022-09-14 11:47:19,872 [s4-server-thread3] DEBUG server.RaftServer$Division (RaftServerImpl.java:logAppendEntries(1405)) - s4@group-12AB68C5691F: receive appendEntries(s2, 2, null, 0, true, commits:[s2:c0, s3:c0, s4:c0, s0:c0, s1:c0], cId:161, entries: [(t:2, i:0), CONFIGURATIONENTRY(current:id: "s3"
address: "localhost:46799"
dataStreamAddress: "localhost:40281"
clientAddress: "localhost:46547"
adminAddress: "localhost:45171"
startupRole: FOLLOWER
,id: "s4"
address: "localhost:39419"
dataStreamAddress: "localhost:46687"
clientAddress: "localhost:41785"
adminAddress: "localhost:43995"
startupRole: FOLLOWER
,id: "s0"
address: "localhost:42481"
dataStreamAddress: "localhost:43981"
clientAddress: "localhost:42743"
adminAddress: "localhost:44771"
startupRole: FOLLOWER
,id: "s1"
address: "localhost:44073"
dataStreamAddress: "localhost:35501"
clientAddress: "localhost:39477"
adminAddress: "localhost:36871"
startupRole: FOLLOWER
,id: "s2"
address: "localhost:38365"
dataStreamAddress: "localhost:38285"
clientAddress: "localhost:40537"
adminAddress: "localhost:35135"
startupRole: FOLLOWER
, old:)]
2022-09-14 11:47:19,873 [s4-server-thread3] INFO  server.RaftServer$Division (RaftServerImpl.java:checkInconsistentAppendEntries(1576)) - s4@group-12AB68C5691F: Failed appendEntries as the first entry (index 0) already exists (snapshotIndex: -1, commitIndex: 0)
2022-09-14 11:47:19,873 [s4-server-thread3] INFO  server.RaftServer$Division (RaftServerImpl.java:checkInconsistentAppendEntries(1556)) - s4@group-12AB68C5691F: inconsistency entries. Reply:s2<-s4#161:FAIL-t2,INCONSISTENCY,nextIndex=1,followerCommit=0,matchIndex=-1
2022-09-14 11:47:19,873 [grpc-default-executor-37] INFO  leader.FollowerInfo (FollowerInfoImpl.java:lambda$new$0(48)) - s2@group-12AB68C5691F->s4: nextIndex: updateUnconditionally 1 -> 1
2022-09-14 11:47:19,949 [s4-server-thread3] INFO  server.RaftServer$Division (RaftServerImpl.java:checkInconsistentAppendEntries(1586)) - s4@group-12AB68C5691F: Failed appendEntries as previous log entry ((t:2, i:0)) is not found
2022-09-14 11:47:19,949 [s4-server-thread3] INFO  server.RaftServer$Division (RaftServerImpl.java:checkInconsistentAppendEntries(1556)) - s4@group-12AB68C5691F: inconsistency entries. Reply:s2<-s4#162:FAIL-t2,INCONSISTENCY,nextIndex=0,followerCommit=0,matchIndex=-1
2022-09-14 11:47:19,949 [grpc-default-executor-37] INFO  leader.FollowerInfo (FollowerInfoImpl.java:lambda$new$0(48)) - s2@group-12AB68C5691F->s4: nextIndex: updateUnconditionally 1 -> 0
2022-09-14 11:47:19,950 [s4-server-thread3] DEBUG server.RaftServer$Division (RaftServerImpl.java:logAppendEntries(1405)) - s4@group-12AB68C5691F: receive appendEntries(s2, 2, null, 0, true, commits:[s2:c0, s3:c0, s4:c0, s0:c0, s1:c0], cId:163, entries: [(t:2, i:0), CONFIGURATIONENTRY(current:id: "s3"
address: "localhost:46799"
dataStreamAddress: "localhost:40281"
clientAddress: "localhost:46547"
adminAddress: "localhost:45171"
startupRole: FOLLOWER
,id: "s4"
address: "localhost:39419"
dataStreamAddress: "localhost:46687"
clientAddress: "localhost:41785"
adminAddress: "localhost:43995"
startupRole: FOLLOWER
,id: "s0"
address: "localhost:42481"
dataStreamAddress: "localhost:43981"
clientAddress: "localhost:42743"
adminAddress: "localhost:44771"
startupRole: FOLLOWER
,id: "s1"
address: "localhost:44073"
dataStreamAddress: "localhost:35501"
clientAddress: "localhost:39477"
adminAddress: "localhost:36871"
startupRole: FOLLOWER
,id: "s2"
address: "localhost:38365"
dataStreamAddress: "localhost:38285"
clientAddress: "localhost:40537"
adminAddress: "localhost:35135"
startupRole: FOLLOWER
, old:)]
2022-09-14 11:47:19,951 [s4-server-thread3] INFO  server.RaftServer$Division (RaftServerImpl.java:checkInconsistentAppendEntries(1576)) - s4@group-12AB68C5691F: Failed appendEntries as the first entry (index 0) already exists (snapshotIndex: -1, commitIndex: 0)
2022-09-14 11:47:19,951 [s4-server-thread3] INFO  server.RaftServer$Division (RaftServerImpl.java:checkInconsistentAppendEntries(1556)) - s4@group-12AB68C5691F: inconsistency entries. Reply:s2<-s4#163:FAIL-t2,INCONSISTENCY,nextIndex=1,followerCommit=0,matchIndex=-1
2022-09-14 11:47:19,951 [grpc-default-executor-37] INFO  leader.FollowerInfo (FollowerInfoImpl.java:lambda$new$0(48)) - s2@group-12AB68C5691F->s4: nextIndex: updateUnconditionally 1 -> 1
2022-09-14 11:47:20,022 [Time-limited test] INFO  grpc.TestLeaderElectionWithGrpc (LeaderElectionTests.java:enforceLeader(292)) - try enforcing leader to s4 but new leader is s2
2022-09-14 11:47:20,022 [Time-limited test] INFO  server.RaftServerConfigKeys (ConfUtils.java:logGet(46)) - raft.server.rpc.timeout.max = 300ms (default)
2022-09-14 11:47:20,027 [s2@group-12AB68C5691F->s4-GrpcLogAppender-LogAppenderDaemon] INFO  util.CodeInjectionForTesting (DelayLocalExecutionInjection.java:execute(65)) - s2 delay 150 ms, args=[serverRequest {
  requestorId: "s2"
  replyId: "s4"
  raftGroupId {
    id: "\326\216l\301\220x@5\222b\022\253h\305i\037"
  }
  callId: 164
  slidingWindowEntry {
  }
}
leaderTerm: 2
previousLog {
  term: 2
}
initializing: true
commitInfos {
  server {
    id: "s2"
    address: "localhost:38365"
    dataStreamAddress: "localhost:38285"
    clientAddress: "localhost:40537"
    adminAddress: "localhost:35135"
    startupRole: FOLLOWER
  }
}
commitInfos {
  server {
    id: "s3"
    address: "localhost:46799"
    dataStreamAddress: "localhost:40281"
    clientAddress: "localhost:46547"
    adminAddress: "localhost:45171"
    startupRole: FOLLOWER
  }
}
commitInfos {
  server {
    id: "s4"
    address: "localhost:39419"
    dataStreamAddress: "localhost:46687"
    clientAddress: "localhost:41785"
    adminAddress: "localhost:43995"
    startupRole: FOLLOWER
  }
}
commitInfos {
  server {
    id: "s0"
    address: "localhost:42481"
    dataStreamAddress: "localhost:43981"
    clientAddress: "localhost:42743"
    adminAddress: "localhost:44771"
    startupRole: FOLLOWER
  }
}
commitInfos {
  server {
    id: "s1"
    address: "localhost:44073"
    dataStreamAddress: "localhost:35501"
    clientAddress: "localhost:39477"
    adminAddress: "localhost:36871"
    startupRole: FOLLOWER
  }
}
]
2022-09-14 11:47:20,092 [s2@group-12AB68C5691F->s3-GrpcLogAppender-LogAppenderDaemon] INFO  util.CodeInjectionForTesting (DelayLocalExecutionInjection.java:execute(65)) - s2 delay 150 ms, args=[serverRequest {
  requestorId: "s2"
  replyId: "s3"
  raftGroupId {
    id: "\326\216l\301\220x@5\222b\022\253h\305i\037"
  }
  callId: 98
  slidingWindowEntry {
  }
}
leaderTerm: 2
previousLog {
  term: 2
}
initializing: true
commitInfos {
  server {
    id: "s2"
    address: "localhost:38365"
    dataStreamAddress: "localhost:38285"
    clientAddress: "localhost:40537"
    adminAddress: "localhost:35135"
    startupRole: FOLLOWER
  }
}
commitInfos {
  server {
    id: "s3"
    address: "localhost:46799"
    dataStreamAddress: "localhost:40281"
    clientAddress: "localhost:46547"
    adminAddress: "localhost:45171"
    startupRole: FOLLOWER
  }
}
commitInfos {
  server {
    id: "s4"
    address: "localhost:39419"
    dataStreamAddress: "localhost:46687"
    clientAddress: "localhost:41785"
    adminAddress: "localhost:43995"
    startupRole: FOLLOWER
  }
}
commitInfos {
  server {
    id: "s0"
    address: "localhost:42481"
    dataStreamAddress: "localhost:43981"
    clientAddress: "localhost:42743"
    adminAddress: "localhost:44771"
    startupRole: FOLLOWER
  }
}
commitInfos {
  server {
    id: "s1"
    address: "localhost:44073"
    dataStreamAddress: "localhost:35501"
    clientAddress: "localhost:39477"
    adminAddress: "localhost:36871"
    startupRole: FOLLOWER
  }
}
]
2022-09-14 11:47:20,094 [s2@group-12AB68C5691F->s1-GrpcLogAppender-LogAppenderDaemon] INFO  util.CodeInjectionForTesting (DelayLocalExecutionInjection.java:execute(65)) - s2 delay 150 ms, args=[serverRequest {
  requestorId: "s2"
  replyId: "s1"
  raftGroupId {
    id: "\326\216l\301\220x@5\222b\022\253h\305i\037"
  }
  callId: 89
  slidingWindowEntry {
  }
}
leaderTerm: 2
previousLog {
  term: 2
}
initializing: true
commitInfos {
  server {
    id: "s2"
    address: "localhost:38365"
    dataStreamAddress: "localhost:38285"
    clientAddress: "localhost:40537"
    adminAddress: "localhost:35135"
    startupRole: FOLLOWER
  }
}
commitInfos {
  server {
    id: "s3"
    address: "localhost:46799"
    dataStreamAddress: "localhost:40281"
    clientAddress: "localhost:46547"
    adminAddress: "localhost:45171"
    startupRole: FOLLOWER
  }
}
commitInfos {
  server {
    id: "s4"
    address: "localhost:39419"
    dataStreamAddress: "localhost:46687"
    clientAddress: "localhost:41785"
    adminAddress: "localhost:43995"
    startupRole: FOLLOWER
  }
}
commitInfos {
  server {
    id: "s0"
    address: "localhost:42481"
    dataStreamAddress: "localhost:43981"
    clientAddress: "localhost:42743"
    adminAddress: "localhost:44771"
    startupRole: FOLLOWER
  }
}
commitInfos {
  server {
    id: "s1"
    address: "localhost:44073"
    dataStreamAddress: "localhost:35501"
    clientAddress: "localhost:39477"
    adminAddress: "localhost:36871"
    startupRole: FOLLOWER
  }
}
]
2022-09-14 11:47:20,094 [s2@group-12AB68C5691F->s0-GrpcLogAppender-LogAppenderDaemon] INFO  util.CodeInjectionForTesting (DelayLocalExecutionInjection.java:execute(65)) - s2 delay 150 ms, args=[serverRequest {
  requestorId: "s2"
  replyId: "s0"
  raftGroupId {
    id: "\326\216l\301\220x@5\222b\022\253h\305i\037"
  }
  callId: 89
  slidingWindowEntry {
  }
}
leaderTerm: 2
previousLog {
  term: 2
}
initializing: true
commitInfos {
  server {
    id: "s2"
    address: "localhost:38365"
    dataStreamAddress: "localhost:38285"
    clientAddress: "localhost:40537"
    adminAddress: "localhost:35135"
    startupRole: FOLLOWER
  }
}
commitInfos {
  server {
    id: "s3"
    address: "localhost:46799"
    dataStreamAddress: "localhost:40281"
    clientAddress: "localhost:46547"
    adminAddress: "localhost:45171"
    startupRole: FOLLOWER
  }
}
commitInfos {
  server {
    id: "s4"
    address: "localhost:39419"
    dataStreamAddress: "localhost:46687"
    clientAddress: "localhost:41785"
    adminAddress: "localhost:43995"
    startupRole: FOLLOWER
  }
}
commitInfos {
  server {
    id: "s0"
    address: "localhost:42481"
    dataStreamAddress: "localhost:43981"
    clientAddress: "localhost:42743"
    adminAddress: "localhost:44771"
    startupRole: FOLLOWER
  }
}
commitInfos {
  server {
    id: "s1"
    address: "localhost:44073"
    dataStreamAddress: "localhost:35501"
    clientAddress: "localhost:39477"
    adminAddress: "localhost:36871"
    startupRole: FOLLOWER
  }
}
]
2022-09-14 11:47:20,178 [s4-server-thread3] INFO  util.CodeInjectionForTesting (BlockRequestHandlingInjection.java:execute(77)) - s4: Block request from s2
2022-09-14 11:47:20,216 [s2@group-12AB68C5691F->s4-GrpcLogAppender-LogAppenderDaemon] INFO  util.CodeInjectionForTesting (DelayLocalExecutionInjection.java:execute(65)) - s2 delay 150 ms, args=[serverRequest {
  requestorId: "s2"
  replyId: "s4"
  raftGroupId {
    id: "\326\216l\301\220x@5\222b\022\253h\305i\037"
  }
  callId: 165
  slidingWindowEntry {
  }
}
leaderTerm: 2
previousLog {
  term: 2
}
initializing: true
commitInfos {
  server {
    id: "s2"
    address: "localhost:38365"
    dataStreamAddress: "localhost:38285"
    clientAddress: "localhost:40537"
    adminAddress: "localhost:35135"
    startupRole: FOLLOWER
  }
}
commitInfos {
  server {
    id: "s3"
    address: "localhost:46799"
    dataStreamAddress: "localhost:40281"
    clientAddress: "localhost:46547"
    adminAddress: "localhost:45171"
    startupRole: FOLLOWER
  }
}
commitInfos {
  server {
    id: "s4"
    address: "localhost:39419"
    dataStreamAddress: "localhost:46687"
    clientAddress: "localhost:41785"
    adminAddress: "localhost:43995"
    startupRole: FOLLOWER
  }
}
commitInfos {
  server {
    id: "s0"
    address: "localhost:42481"
    dataStreamAddress: "localhost:43981"
    clientAddress: "localhost:42743"
    adminAddress: "localhost:44771"
    startupRole: FOLLOWER
  }
}
commitInfos {
  server {
    id: "s1"
    address: "localhost:44073"
    dataStreamAddress: "localhost:35501"
    clientAddress: "localhost:39477"
    adminAddress: "localhost:36871"
    startupRole: FOLLOWER
  }
}
]
2022-09-14 11:47:20,227 [s0@group-12AB68C5691F-FollowerState] INFO  impl.FollowerState (FollowerState.java:run(141)) - s0@group-12AB68C5691F-FollowerState: change to CANDIDATE, lastRpcElapsedTime:209640933ns, electionTimeout:177ms
2022-09-14 11:47:20,228 [s0@group-12AB68C5691F-FollowerState] INFO  impl.RoleInfo (RoleInfo.java:shutdownFollowerState(110)) - s0: shutdown s0@group-12AB68C5691F-FollowerState
2022-09-14 11:47:20,228 [s0@group-12AB68C5691F-FollowerState] INFO  server.RaftServer$Division (RaftServerImpl.java:setRole(317)) - s0@group-12AB68C5691F: changes role from  FOLLOWER to CANDIDATE at term 2 for changeToCandidate
2022-09-14 11:47:20,228 [s0@group-12AB68C5691F-FollowerState] INFO  server.RaftServerConfigKeys (ConfUtils.java:logGet(46)) - raft.server.leaderelection.pre-vote = true (default)
2022-09-14 11:47:20,228 [s0@group-12AB68C5691F-FollowerState] INFO  impl.RoleInfo (RoleInfo.java:updateAndGet(139)) - s0: start s0@group-12AB68C5691F-LeaderElection30
2022-09-14 11:47:20,228 [s0@group-12AB68C5691F-LeaderElection30] INFO  server.RaftServer$Division (ServerState.java:setLeader(259)) - s0@group-12AB68C5691F: change Leader from s2 to null at term 2 for PRE_VOTE
2022-09-14 11:47:20,229 [s0@group-12AB68C5691F-LeaderElection30] INFO  impl.LeaderElection (LeaderElection.java:askForVotes(308)) - s0@group-12AB68C5691F-LeaderElection30 PRE_VOTE round 0: submit vote requests at term 2 for 0: peers:[s3|rpc:localhost:46799|admin:localhost:45171|client:localhost:46547|dataStream:localhost:40281|priority:0|startupRole:FOLLOWER, s4|rpc:localhost:39419|admin:localhost:43995|client:localhost:41785|dataStream:localhost:46687|priority:0|startupRole:FOLLOWER, s0|rpc:localhost:42481|admin:localhost:44771|client:localhost:42743|dataStream:localhost:43981|priority:0|startupRole:FOLLOWER, s1|rpc:localhost:44073|admin:localhost:36871|client:localhost:39477|dataStream:localhost:35501|priority:0|startupRole:FOLLOWER, s2|rpc:localhost:38365|admin:localhost:35135|client:localhost:40537|dataStream:localhost:38285|priority:0|startupRole:FOLLOWER]|listeners:[], old=null
2022-09-14 11:47:20,229 [s0@group-12AB68C5691F-LeaderElection30-1] INFO  util.CodeInjectionForTesting (DelayLocalExecutionInjection.java:execute(65)) - s0 delay 150 ms, args=[serverRequest {
  requestorId: "s0"
  replyId: "s3"
  raftGroupId {
    id: "\326\216l\301\220x@5\222b\022\253h\305i\037"
  }
  slidingWindowEntry {
  }
}
candidateTerm: 2
candidateLastEntry {
  term: 2
}
preVote: true
]
2022-09-14 11:47:20,229 [s0@group-12AB68C5691F-LeaderElection30-3] INFO  util.CodeInjectionForTesting (DelayLocalExecutionInjection.java:execute(65)) - s0 delay 150 ms, args=[serverRequest {
  requestorId: "s0"
  replyId: "s1"
  raftGroupId {
    id: "\326\216l\301\220x@5\222b\022\253h\305i\037"
  }
  slidingWindowEntry {
  }
}
candidateTerm: 2
candidateLastEntry {
  term: 2
}
preVote: true
]
2022-09-14 11:47:20,229 [s0@group-12AB68C5691F-LeaderElection30-2] INFO  util.CodeInjectionForTesting (DelayLocalExecutionInjection.java:execute(65)) - s0 delay 150 ms, args=[serverRequest {
  requestorId: "s0"
  replyId: "s4"
  raftGroupId {
    id: "\326\216l\301\220x@5\222b\022\253h\305i\037"
  }
  slidingWindowEntry {
  }
}
candidateTerm: 2
candidateLastEntry {
  term: 2
}
preVote: true
]
2022-09-14 11:47:20,230 [s0@group-12AB68C5691F-LeaderElection30-4] INFO  util.CodeInjectionForTesting (DelayLocalExecutionInjection.java:execute(65)) - s0 delay 150 ms, args=[serverRequest {
  requestorId: "s0"
  replyId: "s2"
  raftGroupId {
    id: "\326\216l\301\220x@5\222b\022\253h\305i\037"
  }
  slidingWindowEntry {
  }
}
candidateTerm: 2
candidateLastEntry {
  term: 2
}
preVote: true
]
2022-09-14 11:47:20,245 [s0-server-thread1] INFO  server.RaftServer$Division (RaftServerImpl.java:setRole(317)) - s0@group-12AB68C5691F: changes role from CANDIDATE to FOLLOWER at term 2 for appendEntries
2022-09-14 11:47:20,245 [s0-server-thread1] INFO  impl.RoleInfo (RoleInfo.java:shutdownLeaderElection(130)) - s0: shutdown s0@group-12AB68C5691F-LeaderElection30
2022-09-14 11:47:20,245 [s0-server-thread1] INFO  impl.RoleInfo (RoleInfo.java:updateAndGet(139)) - s0: start s0@group-12AB68C5691F-FollowerState
2022-09-14 11:47:20,245 [s0-server-thread1] INFO  server.RaftServer$Division (ServerState.java:setLeader(259)) - s0@group-12AB68C5691F: change Leader from null to s2 at term 2 for appendEntries, leader elected after 17ms
2022-09-14 11:47:20,319 [s2@group-12AB68C5691F->s3-GrpcLogAppender-LogAppenderDaemon] INFO  util.CodeInjectionForTesting (DelayLocalExecutionInjection.java:execute(65)) - s2 delay 150 ms, args=[serverRequest {
  requestorId: "s2"
  replyId: "s3"
  raftGroupId {
    id: "\326\216l\301\220x@5\222b\022\253h\305i\037"
  }
  callId: 99
  slidingWindowEntry {
  }
}
leaderTerm: 2
previousLog {
  term: 2
}
initializing: true
commitInfos {
  server {
    id: "s2"
    address: "localhost:38365"
    dataStreamAddress: "localhost:38285"
    clientAddress: "localhost:40537"
    adminAddress: "localhost:35135"
    startupRole: FOLLOWER
  }
}
commitInfos {
  server {
    id: "s3"
    address: "localhost:46799"
    dataStreamAddress: "localhost:40281"
    clientAddress: "localhost:46547"
    adminAddress: "localhost:45171"
    startupRole: FOLLOWER
  }
}
commitInfos {
  server {
    id: "s4"
    address: "localhost:39419"
    dataStreamAddress: "localhost:46687"
    clientAddress: "localhost:41785"
    adminAddress: "localhost:43995"
    startupRole: FOLLOWER
  }
}
commitInfos {
  server {
    id: "s0"
    address: "localhost:42481"
    dataStreamAddress: "localhost:43981"
    clientAddress: "localhost:42743"
    adminAddress: "localhost:44771"
    startupRole: FOLLOWER
  }
}
commitInfos {
  server {
    id: "s1"
    address: "localhost:44073"
    dataStreamAddress: "localhost:35501"
    clientAddress: "localhost:39477"
    adminAddress: "localhost:36871"
    startupRole: FOLLOWER
  }
}
]
2022-09-14 11:47:20,322 [s2@group-12AB68C5691F->s1-GrpcLogAppender-LogAppenderDaemon] INFO  util.CodeInjectionForTesting (DelayLocalExecutionInjection.java:execute(65)) - s2 delay 150 ms, args=[serverRequest {
  requestorId: "s2"
  replyId: "s1"
  raftGroupId {
    id: "\326\216l\301\220x@5\222b\022\253h\305i\037"
  }
  callId: 90
  slidingWindowEntry {
  }
}
leaderTerm: 2
previousLog {
  term: 2
}
initializing: true
commitInfos {
  server {
    id: "s2"
    address: "localhost:38365"
    dataStreamAddress: "localhost:38285"
    clientAddress: "localhost:40537"
    adminAddress: "localhost:35135"
    startupRole: FOLLOWER
  }
}
commitInfos {
  server {
    id: "s3"
    address: "localhost:46799"
    dataStreamAddress: "localhost:40281"
    clientAddress: "localhost:46547"
    adminAddress: "localhost:45171"
    startupRole: FOLLOWER
  }
}
commitInfos {
  server {
    id: "s4"
    address: "localhost:39419"
    dataStreamAddress: "localhost:46687"
    clientAddress: "localhost:41785"
    adminAddress: "localhost:43995"
    startupRole: FOLLOWER
  }
}
commitInfos {
  server {
    id: "s0"
    address: "localhost:42481"
    dataStreamAddress: "localhost:43981"
    clientAddress: "localhost:42743"
    adminAddress: "localhost:44771"
    startupRole: FOLLOWER
  }
}
commitInfos {
  server {
    id: "s1"
    address: "localhost:44073"
    dataStreamAddress: "localhost:35501"
    clientAddress: "localhost:39477"
    adminAddress: "localhost:36871"
    startupRole: FOLLOWER
  }
}
]
2022-09-14 11:47:20,322 [s2@group-12AB68C5691F->s0-GrpcLogAppender-LogAppenderDaemon] INFO  util.CodeInjectionForTesting (DelayLocalExecutionInjection.java:execute(65)) - s2 delay 150 ms, args=[serverRequest {
  requestorId: "s2"
  replyId: "s0"
  raftGroupId {
    id: "\326\216l\301\220x@5\222b\022\253h\305i\037"
  }
  callId: 90
  slidingWindowEntry {
  }
}
leaderTerm: 2
previousLog {
  term: 2
}
initializing: true
commitInfos {
  server {
    id: "s2"
    address: "localhost:38365"
    dataStreamAddress: "localhost:38285"
    clientAddress: "localhost:40537"
    adminAddress: "localhost:35135"
    startupRole: FOLLOWER
  }
}
commitInfos {
  server {
    id: "s3"
    address: "localhost:46799"
    dataStreamAddress: "localhost:40281"
    clientAddress: "localhost:46547"
    adminAddress: "localhost:45171"
    startupRole: FOLLOWER
  }
}
commitInfos {
  server {
    id: "s4"
    address: "localhost:39419"
    dataStreamAddress: "localhost:46687"
    clientAddress: "localhost:41785"
    adminAddress: "localhost:43995"
    startupRole: FOLLOWER
  }
}
commitInfos {
  server {
    id: "s0"
    address: "localhost:42481"
    dataStreamAddress: "localhost:43981"
    clientAddress: "localhost:42743"
    adminAddress: "localhost:44771"
    startupRole: FOLLOWER
  }
}
commitInfos {
  server {
    id: "s1"
    address: "localhost:44073"
    dataStreamAddress: "localhost:35501"
    clientAddress: "localhost:39477"
    adminAddress: "localhost:36871"
    startupRole: FOLLOWER
  }
}
]
2022-09-14 11:47:20,357 [s4@group-12AB68C5691F-FollowerState] INFO  impl.FollowerState (FollowerState.java:run(141)) - s4@group-12AB68C5691F-FollowerState: change to CANDIDATE, lastRpcElapsedTime:406645288ns, electionTimeout:269ms
2022-09-14 11:47:20,358 [s4@group-12AB68C5691F-FollowerState] INFO  impl.RoleInfo (RoleInfo.java:shutdownFollowerState(110)) - s4: shutdown s4@group-12AB68C5691F-FollowerState
2022-09-14 11:47:20,358 [s4@group-12AB68C5691F-FollowerState] INFO  server.RaftServer$Division (RaftServerImpl.java:setRole(317)) - s4@group-12AB68C5691F: changes role from  FOLLOWER to CANDIDATE at term 2 for changeToCandidate
2022-09-14 11:47:20,358 [s4@group-12AB68C5691F-FollowerState] INFO  server.RaftServerConfigKeys (ConfUtils.java:logGet(46)) - raft.server.leaderelection.pre-vote = true (default)
2022-09-14 11:47:20,358 [s4@group-12AB68C5691F-FollowerState] INFO  impl.RoleInfo (RoleInfo.java:updateAndGet(139)) - s4: start s4@group-12AB68C5691F-LeaderElection31
2022-09-14 11:47:20,366 [s4@group-12AB68C5691F-LeaderElection31] INFO  server.RaftServer$Division (ServerState.java:setLeader(259)) - s4@group-12AB68C5691F: change Leader from s2 to null at term 2 for PRE_VOTE
2022-09-14 11:47:20,366 [s4@group-12AB68C5691F-LeaderElection31] INFO  impl.LeaderElection (LeaderElection.java:askForVotes(308)) - s4@group-12AB68C5691F-LeaderElection31 PRE_VOTE round 0: submit vote requests at term 2 for 0: peers:[s3|rpc:localhost:46799|admin:localhost:45171|client:localhost:46547|dataStream:localhost:40281|priority:0|startupRole:FOLLOWER, s4|rpc:localhost:39419|admin:localhost:43995|client:localhost:41785|dataStream:localhost:46687|priority:0|startupRole:FOLLOWER, s0|rpc:localhost:42481|admin:localhost:44771|client:localhost:42743|dataStream:localhost:43981|priority:0|startupRole:FOLLOWER, s1|rpc:localhost:44073|admin:localhost:36871|client:localhost:39477|dataStream:localhost:35501|priority:0|startupRole:FOLLOWER, s2|rpc:localhost:38365|admin:localhost:35135|client:localhost:40537|dataStream:localhost:38285|priority:0|startupRole:FOLLOWER]|listeners:[], old=null
2022-09-14 11:47:20,369 [grpc-default-executor-39] INFO  server.RaftServer$Division (RaftServerImpl.java:requestVote(1281)) - s3@group-12AB68C5691F: receive requestVote(PRE_VOTE, s4, group-12AB68C5691F, 2, (t:1, i:0))
2022-09-14 11:47:20,369 [grpc-default-executor-39] INFO  impl.VoteContext (VoteContext.java:log(49)) - s3@group-12AB68C5691F-FOLLOWER: reject PRE_VOTE from s4: this server is a follower and still has a valid leader s2
2022-09-14 11:47:20,369 [grpc-default-executor-39] INFO  server.RaftServer$Division (RaftServerImpl.java:requestVote(1314)) - s3@group-12AB68C5691F replies to PRE_VOTE vote request: s4<-s3#0:FAIL-t2. Peer's state: s3@group-12AB68C5691F:t2, leader=s2, voted=s2, raftlog=Memoized:s3@group-12AB68C5691F-SegmentedRaftLog:OPENED:c0, conf=0: peers:[s3|rpc:localhost:46799|admin:localhost:45171|client:localhost:46547|dataStream:localhost:40281|priority:0|startupRole:FOLLOWER, s4|rpc:localhost:39419|admin:localhost:43995|client:localhost:41785|dataStream:localhost:46687|priority:0|startupRole:FOLLOWER, s0|rpc:localhost:42481|admin:localhost:44771|client:localhost:42743|dataStream:localhost:43981|priority:0|startupRole:FOLLOWER, s1|rpc:localhost:44073|admin:localhost:36871|client:localhost:39477|dataStream:localhost:35501|priority:0|startupRole:FOLLOWER, s2|rpc:localhost:38365|admin:localhost:35135|client:localhost:40537|dataStream:localhost:38285|priority:0|startupRole:FOLLOWER]|listeners:[], old=null
2022-09-14 11:47:20,371 [grpc-default-executor-39] INFO  server.RaftServer$Division (RaftServerImpl.java:requestVote(1281)) - s0@group-12AB68C5691F: receive requestVote(PRE_VOTE, s4, group-12AB68C5691F, 2, (t:1, i:0))
2022-09-14 11:47:20,371 [grpc-default-executor-39] INFO  impl.VoteContext (VoteContext.java:log(49)) - s0@group-12AB68C5691F-FOLLOWER: reject PRE_VOTE from s4: this server is a follower and still has a valid leader s2
2022-09-14 11:47:20,371 [grpc-default-executor-39] INFO  server.RaftServer$Division (RaftServerImpl.java:requestVote(1314)) - s0@group-12AB68C5691F replies to PRE_VOTE vote request: s4<-s0#0:FAIL-t2. Peer's state: s0@group-12AB68C5691F:t2, leader=s2, voted=s2, raftlog=Memoized:s0@group-12AB68C5691F-SegmentedRaftLog:OPENED:c0, conf=0: peers:[s3|rpc:localhost:46799|admin:localhost:45171|client:localhost:46547|dataStream:localhost:40281|priority:0|startupRole:FOLLOWER, s4|rpc:localhost:39419|admin:localhost:43995|client:localhost:41785|dataStream:localhost:46687|priority:0|startupRole:FOLLOWER, s0|rpc:localhost:42481|admin:localhost:44771|client:localhost:42743|dataStream:localhost:43981|priority:0|startupRole:FOLLOWER, s1|rpc:localhost:44073|admin:localhost:36871|client:localhost:39477|dataStream:localhost:35501|priority:0|startupRole:FOLLOWER, s2|rpc:localhost:38365|admin:localhost:35135|client:localhost:40537|dataStream:localhost:38285|priority:0|startupRole:FOLLOWER]|listeners:[], old=null
2022-09-14 11:47:20,373 [grpc-default-executor-39] INFO  server.RaftServer$Division (RaftServerImpl.java:requestVote(1281)) - s1@group-12AB68C5691F: receive requestVote(PRE_VOTE, s4, group-12AB68C5691F, 2, (t:1, i:0))
2022-09-14 11:47:20,373 [grpc-default-executor-39] INFO  impl.VoteContext (VoteContext.java:log(49)) - s1@group-12AB68C5691F-FOLLOWER: reject PRE_VOTE from s4: this server is a follower and still has a valid leader s2
2022-09-14 11:47:20,373 [grpc-default-executor-39] INFO  server.RaftServer$Division (RaftServerImpl.java:requestVote(1314)) - s1@group-12AB68C5691F replies to PRE_VOTE vote request: s4<-s1#0:FAIL-t2. Peer's state: s1@group-12AB68C5691F:t2, leader=s2, voted=s2, raftlog=Memoized:s1@group-12AB68C5691F-SegmentedRaftLog:OPENED:c0, conf=0: peers:[s3|rpc:localhost:46799|admin:localhost:45171|client:localhost:46547|dataStream:localhost:40281|priority:0|startupRole:FOLLOWER, s4|rpc:localhost:39419|admin:localhost:43995|client:localhost:41785|dataStream:localhost:46687|priority:0|startupRole:FOLLOWER, s0|rpc:localhost:42481|admin:localhost:44771|client:localhost:42743|dataStream:localhost:43981|priority:0|startupRole:FOLLOWER, s1|rpc:localhost:44073|admin:localhost:36871|client:localhost:39477|dataStream:localhost:35501|priority:0|startupRole:FOLLOWER, s2|rpc:localhost:38365|admin:localhost:35135|client:localhost:40537|dataStream:localhost:38285|priority:0|startupRole:FOLLOWER]|listeners:[], old=null
2022-09-14 11:47:20,374 [grpc-default-executor-39] INFO  server.RaftServer$Division (RaftServerImpl.java:requestVote(1281)) - s2@group-12AB68C5691F: receive requestVote(PRE_VOTE, s4, group-12AB68C5691F, 2, (t:1, i:0))
2022-09-14 11:47:20,374 [grpc-default-executor-39] INFO  impl.VoteContext (VoteContext.java:log(49)) - s2@group-12AB68C5691F-LEADER: reject PRE_VOTE from s4: this server is the leader and still has leadership
2022-09-14 11:47:20,375 [grpc-default-executor-39] INFO  server.RaftServer$Division (RaftServerImpl.java:requestVote(1314)) - s2@group-12AB68C5691F replies to PRE_VOTE vote request: s4<-s2#0:FAIL-t2. Peer's state: s2@group-12AB68C5691F:t2, leader=s2, voted=s2, raftlog=Memoized:s2@group-12AB68C5691F-SegmentedRaftLog:OPENED:c0, conf=0: peers:[s3|rpc:localhost:46799|admin:localhost:45171|client:localhost:46547|dataStream:localhost:40281|priority:0|startupRole:FOLLOWER, s4|rpc:localhost:39419|admin:localhost:43995|client:localhost:41785|dataStream:localhost:46687|priority:0|startupRole:FOLLOWER, s0|rpc:localhost:42481|admin:localhost:44771|client:localhost:42743|dataStream:localhost:43981|priority:0|startupRole:FOLLOWER, s1|rpc:localhost:44073|admin:localhost:36871|client:localhost:39477|dataStream:localhost:35501|priority:0|startupRole:FOLLOWER, s2|rpc:localhost:38365|admin:localhost:35135|client:localhost:40537|dataStream:localhost:38285|priority:0|startupRole:FOLLOWER]|listeners:[], old=null
2022-09-14 11:47:20,375 [s4@group-12AB68C5691F-LeaderElection31] INFO  impl.LeaderElection (LeaderElection.java:logAndReturn(89)) - s4@group-12AB68C5691F-LeaderElection31: PRE_VOTE REJECTED received 3 response(s) and 0 exception(s):
2022-09-14 11:47:20,375 [s4@group-12AB68C5691F-LeaderElection31] INFO  impl.LeaderElection (LeaderElection.java:logAndReturn(93)) -   Response 0: s4<-s3#0:FAIL-t2
2022-09-14 11:47:20,375 [s4@group-12AB68C5691F-LeaderElection31] INFO  impl.LeaderElection (LeaderElection.java:logAndReturn(93)) -   Response 1: s4<-s0#0:FAIL-t2
2022-09-14 11:47:20,375 [s4@group-12AB68C5691F-LeaderElection31] INFO  impl.LeaderElection (LeaderElection.java:logAndReturn(93)) -   Response 2: s4<-s2#0:FAIL-t2
2022-09-14 11:47:20,375 [s4@group-12AB68C5691F-LeaderElection31] INFO  impl.LeaderElection (LeaderElection.java:askForVotes(310)) - s4@group-12AB68C5691F-LeaderElection31 PRE_VOTE round 0: result REJECTED
2022-09-14 11:47:20,375 [s4@group-12AB68C5691F-LeaderElection31] INFO  server.RaftServer$Division (RaftServerImpl.java:setRole(317)) - s4@group-12AB68C5691F: changes role from CANDIDATE to FOLLOWER at term 2 for REJECTED
2022-09-14 11:47:20,375 [s4@group-12AB68C5691F-LeaderElection31] INFO  impl.RoleInfo (RoleInfo.java:shutdownLeaderElection(130)) - s4: shutdown s4@group-12AB68C5691F-LeaderElection31
2022-09-14 11:47:20,376 [s4@group-12AB68C5691F-LeaderElection31] INFO  impl.RoleInfo (RoleInfo.java:updateAndGet(139)) - s4: start s4@group-12AB68C5691F-FollowerState
2022-09-14 11:47:20,383 [grpc-default-executor-39] INFO  server.RaftServer$Division (RaftServerImpl.java:requestVote(1281)) - s2@group-12AB68C5691F: receive requestVote(PRE_VOTE, s0, group-12AB68C5691F, 2, (t:2, i:0))
2022-09-14 11:47:20,383 [grpc-default-executor-39] INFO  impl.VoteContext (VoteContext.java:log(49)) - s2@group-12AB68C5691F-LEADER: reject PRE_VOTE from s0: this server is the leader and still has leadership
2022-09-14 11:47:20,383 [grpc-default-executor-39] INFO  server.RaftServer$Division (RaftServerImpl.java:requestVote(1314)) - s2@group-12AB68C5691F replies to PRE_VOTE vote request: s0<-s2#0:FAIL-t2. Peer's state: s2@group-12AB68C5691F:t2, leader=s2, voted=s2, raftlog=Memoized:s2@group-12AB68C5691F-SegmentedRaftLog:OPENED:c0, conf=0: peers:[s3|rpc:localhost:46799|admin:localhost:45171|client:localhost:46547|dataStream:localhost:40281|priority:0|startupRole:FOLLOWER, s4|rpc:localhost:39419|admin:localhost:43995|client:localhost:41785|dataStream:localhost:46687|priority:0|startupRole:FOLLOWER, s0|rpc:localhost:42481|admin:localhost:44771|client:localhost:42743|dataStream:localhost:43981|priority:0|startupRole:FOLLOWER, s1|rpc:localhost:44073|admin:localhost:36871|client:localhost:39477|dataStream:localhost:35501|priority:0|startupRole:FOLLOWER, s2|rpc:localhost:38365|admin:localhost:35135|client:localhost:40537|dataStream:localhost:38285|priority:0|startupRole:FOLLOWER]|listeners:[], old=null
2022-09-14 11:47:20,384 [grpc-default-executor-11] INFO  server.RaftServer$Division (RaftServerImpl.java:requestVote(1281)) - s3@group-12AB68C5691F: receive requestVote(PRE_VOTE, s0, group-12AB68C5691F, 2, (t:2, i:0))
2022-09-14 11:47:20,384 [grpc-default-executor-11] INFO  impl.VoteContext (VoteContext.java:log(49)) - s3@group-12AB68C5691F-FOLLOWER: reject PRE_VOTE from s0: this server is a follower and still has a valid leader s2
2022-09-14 11:47:20,384 [grpc-default-executor-11] INFO  server.RaftServer$Division (RaftServerImpl.java:requestVote(1314)) - s3@group-12AB68C5691F replies to PRE_VOTE vote request: s0<-s3#0:FAIL-t2. Peer's state: s3@group-12AB68C5691F:t2, leader=s2, voted=s2, raftlog=Memoized:s3@group-12AB68C5691F-SegmentedRaftLog:OPENED:c0, conf=0: peers:[s3|rpc:localhost:46799|admin:localhost:45171|client:localhost:46547|dataStream:localhost:40281|priority:0|startupRole:FOLLOWER, s4|rpc:localhost:39419|admin:localhost:43995|client:localhost:41785|dataStream:localhost:46687|priority:0|startupRole:FOLLOWER, s0|rpc:localhost:42481|admin:localhost:44771|client:localhost:42743|dataStream:localhost:43981|priority:0|startupRole:FOLLOWER, s1|rpc:localhost:44073|admin:localhost:36871|client:localhost:39477|dataStream:localhost:35501|priority:0|startupRole:FOLLOWER, s2|rpc:localhost:38365|admin:localhost:35135|client:localhost:40537|dataStream:localhost:38285|priority:0|startupRole:FOLLOWER]|listeners:[], old=null
2022-09-14 11:47:20,384 [s0@group-12AB68C5691F-LeaderElection30] INFO  impl.LeaderElection (LeaderElection.java:logAndReturn(89)) - s0@group-12AB68C5691F-LeaderElection30: PRE_VOTE REJECTED received 1 response(s) and 0 exception(s):
2022-09-14 11:47:20,384 [s0@group-12AB68C5691F-LeaderElection30] INFO  impl.LeaderElection (LeaderElection.java:logAndReturn(93)) -   Response 0: s0<-s2#0:FAIL-t2
2022-09-14 11:47:20,384 [s0@group-12AB68C5691F-LeaderElection30] INFO  impl.LeaderElection (LeaderElection.java:askForVotes(310)) - s0@group-12AB68C5691F-LeaderElection30 PRE_VOTE round 0: result REJECTED
2022-09-14 11:47:20,384 [grpc-default-executor-4] INFO  server.RaftServer$Division (RaftServerImpl.java:requestVote(1281)) - s1@group-12AB68C5691F: receive requestVote(PRE_VOTE, s0, group-12AB68C5691F, 2, (t:2, i:0))
2022-09-14 11:47:20,384 [grpc-default-executor-4] INFO  impl.VoteContext (VoteContext.java:log(49)) - s1@group-12AB68C5691F-FOLLOWER: reject PRE_VOTE from s0: this server is a follower and still has a valid leader s2
2022-09-14 11:47:20,385 [grpc-default-executor-4] INFO  server.RaftServer$Division (RaftServerImpl.java:requestVote(1314)) - s1@group-12AB68C5691F replies to PRE_VOTE vote request: s0<-s1#0:FAIL-t2. Peer's state: s1@group-12AB68C5691F:t2, leader=s2, voted=s2, raftlog=Memoized:s1@group-12AB68C5691F-SegmentedRaftLog:OPENED:c0, conf=0: peers:[s3|rpc:localhost:46799|admin:localhost:45171|client:localhost:46547|dataStream:localhost:40281|priority:0|startupRole:FOLLOWER, s4|rpc:localhost:39419|admin:localhost:43995|client:localhost:41785|dataStream:localhost:46687|priority:0|startupRole:FOLLOWER, s0|rpc:localhost:42481|admin:localhost:44771|client:localhost:42743|dataStream:localhost:43981|priority:0|startupRole:FOLLOWER, s1|rpc:localhost:44073|admin:localhost:36871|client:localhost:39477|dataStream:localhost:35501|priority:0|startupRole:FOLLOWER, s2|rpc:localhost:38365|admin:localhost:35135|client:localhost:40537|dataStream:localhost:38285|priority:0|startupRole:FOLLOWER]|listeners:[], old=null
2022-09-14 11:47:20,385 [grpc-default-executor-39] INFO  util.CodeInjectionForTesting (BlockRequestHandlingInjection.java:execute(77)) - s4: Block request from s0
2022-09-14 11:47:20,404 [s2@group-12AB68C5691F->s4-GrpcLogAppender-LogAppenderDaemon] INFO  util.CodeInjectionForTesting (DelayLocalExecutionInjection.java:execute(65)) - s2 delay 150 ms, args=[serverRequest {
  requestorId: "s2"
  replyId: "s4"
  raftGroupId {
    id: "\326\216l\301\220x@5\222b\022\253h\305i\037"
  }
  callId: 166
  slidingWindowEntry {
  }
}
leaderTerm: 2
previousLog {
  term: 2
}
initializing: true
commitInfos {
  server {
    id: "s2"
    address: "localhost:38365"
    dataStreamAddress: "localhost:38285"
    clientAddress: "localhost:40537"
    adminAddress: "localhost:35135"
    startupRole: FOLLOWER
  }
}
commitInfos {
  server {
    id: "s3"
    address: "localhost:46799"
    dataStreamAddress: "localhost:40281"
    clientAddress: "localhost:46547"
    adminAddress: "localhost:45171"
    startupRole: FOLLOWER
  }
}
commitInfos {
  server {
    id: "s4"
    address: "localhost:39419"
    dataStreamAddress: "localhost:46687"
    clientAddress: "localhost:41785"
    adminAddress: "localhost:43995"
    startupRole: FOLLOWER
  }
}
commitInfos {
  server {
    id: "s0"
    address: "localhost:42481"
    dataStreamAddress: "localhost:43981"
    clientAddress: "localhost:42743"
    adminAddress: "localhost:44771"
    startupRole: FOLLOWER
  }
}
commitInfos {
  server {
    id: "s1"
    address: "localhost:44073"
    dataStreamAddress: "localhost:35501"
    clientAddress: "localhost:39477"
    adminAddress: "localhost:36871"
    startupRole: FOLLOWER
  }
}
]
2022-09-14 11:47:20,547 [s2@group-12AB68C5691F->s3-GrpcLogAppender-LogAppenderDaemon] INFO  util.CodeInjectionForTesting (DelayLocalExecutionInjection.java:execute(65)) - s2 delay 150 ms, args=[serverRequest {
  requestorId: "s2"
  replyId: "s3"
  raftGroupId {
    id: "\326\216l\301\220x@5\222b\022\253h\305i\037"
  }
  callId: 100
  slidingWindowEntry {
  }
}
leaderTerm: 2
previousLog {
  term: 2
}
initializing: true
commitInfos {
  server {
    id: "s2"
    address: "localhost:38365"
    dataStreamAddress: "localhost:38285"
    clientAddress: "localhost:40537"
    adminAddress: "localhost:35135"
    startupRole: FOLLOWER
  }
}
commitInfos {
  server {
    id: "s3"
    address: "localhost:46799"
    dataStreamAddress: "localhost:40281"
    clientAddress: "localhost:46547"
    adminAddress: "localhost:45171"
    startupRole: FOLLOWER
  }
}
commitInfos {
  server {
    id: "s4"
    address: "localhost:39419"
    dataStreamAddress: "localhost:46687"
    clientAddress: "localhost:41785"
    adminAddress: "localhost:43995"
    startupRole: FOLLOWER
  }
}
commitInfos {
  server {
    id: "s0"
    address: "localhost:42481"
    dataStreamAddress: "localhost:43981"
    clientAddress: "localhost:42743"
    adminAddress: "localhost:44771"
    startupRole: FOLLOWER
  }
}
commitInfos {
  server {
    id: "s1"
    address: "localhost:44073"
    dataStreamAddress: "localhost:35501"
    clientAddress: "localhost:39477"
    adminAddress: "localhost:36871"
    startupRole: FOLLOWER
  }
}
]
2022-09-14 11:47:20,550 [s2@group-12AB68C5691F->s1-GrpcLogAppender-LogAppenderDaemon] INFO  util.CodeInjectionForTesting (DelayLocalExecutionInjection.java:execute(65)) - s2 delay 150 ms, args=[serverRequest {
  requestorId: "s2"
  replyId: "s1"
  raftGroupId {
    id: "\326\216l\301\220x@5\222b\022\253h\305i\037"
  }
  callId: 91
  slidingWindowEntry {
  }
}
leaderTerm: 2
previousLog {
  term: 2
}
initializing: true
commitInfos {
  server {
    id: "s2"
    address: "localhost:38365"
    dataStreamAddress: "localhost:38285"
    clientAddress: "localhost:40537"
    adminAddress: "localhost:35135"
    startupRole: FOLLOWER
  }
}
commitInfos {
  server {
    id: "s3"
    address: "localhost:46799"
    dataStreamAddress: "localhost:40281"
    clientAddress: "localhost:46547"
    adminAddress: "localhost:45171"
    startupRole: FOLLOWER
  }
}
commitInfos {
  server {
    id: "s4"
    address: "localhost:39419"
    dataStreamAddress: "localhost:46687"
    clientAddress: "localhost:41785"
    adminAddress: "localhost:43995"
    startupRole: FOLLOWER
  }
}
commitInfos {
  server {
    id: "s0"
    address: "localhost:42481"
    dataStreamAddress: "localhost:43981"
    clientAddress: "localhost:42743"
    adminAddress: "localhost:44771"
    startupRole: FOLLOWER
  }
}
commitInfos {
  server {
    id: "s1"
    address: "localhost:44073"
    dataStreamAddress: "localhost:35501"
    clientAddress: "localhost:39477"
    adminAddress: "localhost:36871"
    startupRole: FOLLOWER
  }
}
]
2022-09-14 11:47:20,550 [s2@group-12AB68C5691F->s0-GrpcLogAppender-LogAppenderDaemon] INFO  util.CodeInjectionForTesting (DelayLocalExecutionInjection.java:execute(65)) - s2 delay 150 ms, args=[serverRequest {
  requestorId: "s2"
  replyId: "s0"
  raftGroupId {
    id: "\326\216l\301\220x@5\222b\022\253h\305i\037"
  }
  callId: 91
  slidingWindowEntry {
  }
}
leaderTerm: 2
previousLog {
  term: 2
}
initializing: true
commitInfos {
  server {
    id: "s2"
    address: "localhost:38365"
    dataStreamAddress: "localhost:38285"
    clientAddress: "localhost:40537"
    adminAddress: "localhost:35135"
    startupRole: FOLLOWER
  }
}
commitInfos {
  server {
    id: "s3"
    address: "localhost:46799"
    dataStreamAddress: "localhost:40281"
    clientAddress: "localhost:46547"
    adminAddress: "localhost:45171"
    startupRole: FOLLOWER
  }
}
commitInfos {
  server {
    id: "s4"
    address: "localhost:39419"
    dataStreamAddress: "localhost:46687"
    clientAddress: "localhost:41785"
    adminAddress: "localhost:43995"
    startupRole: FOLLOWER
  }
}
commitInfos {
  server {
    id: "s0"
    address: "localhost:42481"
    dataStreamAddress: "localhost:43981"
    clientAddress: "localhost:42743"
    adminAddress: "localhost:44771"
    startupRole: FOLLOWER
  }
}
commitInfos {
  server {
    id: "s1"
    address: "localhost:44073"
    dataStreamAddress: "localhost:35501"
    clientAddress: "localhost:39477"
    adminAddress: "localhost:36871"
    startupRole: FOLLOWER
  }
}
]
2022-09-14 11:47:20,592 [s2@group-12AB68C5691F->s4-GrpcLogAppender-LogAppenderDaemon] INFO  util.CodeInjectionForTesting (DelayLocalExecutionInjection.java:execute(65)) - s2 delay 150 ms, args=[serverRequest {
  requestorId: "s2"
  replyId: "s4"
  raftGroupId {
    id: "\326\216l\301\220x@5\222b\022\253h\305i\037"
  }
  callId: 167
  slidingWindowEntry {
  }
}
leaderTerm: 2
previousLog {
  term: 2
}
initializing: true
commitInfos {
  server {
    id: "s2"
    address: "localhost:38365"
    dataStreamAddress: "localhost:38285"
    clientAddress: "localhost:40537"
    adminAddress: "localhost:35135"
    startupRole: FOLLOWER
  }
}
commitInfos {
  server {
    id: "s3"
    address: "localhost:46799"
    dataStreamAddress: "localhost:40281"
    clientAddress: "localhost:46547"
    adminAddress: "localhost:45171"
    startupRole: FOLLOWER
  }
}
commitInfos {
  server {
    id: "s4"
    address: "localhost:39419"
    dataStreamAddress: "localhost:46687"
    clientAddress: "localhost:41785"
    adminAddress: "localhost:43995"
    startupRole: FOLLOWER
  }
}
commitInfos {
  server {
    id: "s0"
    address: "localhost:42481"
    dataStreamAddress: "localhost:43981"
    clientAddress: "localhost:42743"
    adminAddress: "localhost:44771"
    startupRole: FOLLOWER
  }
}
commitInfos {
  server {
    id: "s1"
    address: "localhost:44073"
    dataStreamAddress: "localhost:35501"
    clientAddress: "localhost:39477"
    adminAddress: "localhost:36871"
    startupRole: FOLLOWER
  }
}
]
2022-09-14 11:47:20,597 [s4@group-12AB68C5691F-FollowerState] INFO  impl.FollowerState (FollowerState.java:run(141)) - s4@group-12AB68C5691F-FollowerState: change to CANDIDATE, lastRpcElapsedTime:221089120ns, electionTimeout:220ms
2022-09-14 11:47:20,597 [s4@group-12AB68C5691F-FollowerState] INFO  impl.RoleInfo (RoleInfo.java:shutdownFollowerState(110)) - s4: shutdown s4@group-12AB68C5691F-FollowerState
2022-09-14 11:47:20,597 [s4@group-12AB68C5691F-FollowerState] INFO  server.RaftServer$Division (RaftServerImpl.java:setRole(317)) - s4@group-12AB68C5691F: changes role from  FOLLOWER to CANDIDATE at term 2 for changeToCandidate
2022-09-14 11:47:20,597 [s4@group-12AB68C5691F-FollowerState] INFO  server.RaftServerConfigKeys (ConfUtils.java:logGet(46)) - raft.server.leaderelection.pre-vote = true (default)
2022-09-14 11:47:20,597 [s4@group-12AB68C5691F-FollowerState] INFO  impl.RoleInfo (RoleInfo.java:updateAndGet(139)) - s4: start s4@group-12AB68C5691F-LeaderElection32
2022-09-14 11:47:20,598 [s4@group-12AB68C5691F-LeaderElection32] INFO  impl.LeaderElection (LeaderElection.java:askForVotes(308)) - s4@group-12AB68C5691F-LeaderElection32 PRE_VOTE round 0: submit vote requests at term 2 for 0: peers:[s3|rpc:localhost:46799|admin:localhost:45171|client:localhost:46547|dataStream:localhost:40281|priority:0|startupRole:FOLLOWER, s4|rpc:localhost:39419|admin:localhost:43995|client:localhost:41785|dataStream:localhost:46687|priority:0|startupRole:FOLLOWER, s0|rpc:localhost:42481|admin:localhost:44771|client:localhost:42743|dataStream:localhost:43981|priority:0|startupRole:FOLLOWER, s1|rpc:localhost:44073|admin:localhost:36871|client:localhost:39477|dataStream:localhost:35501|priority:0|startupRole:FOLLOWER, s2|rpc:localhost:38365|admin:localhost:35135|client:localhost:40537|dataStream:localhost:38285|priority:0|startupRole:FOLLOWER]|listeners:[], old=null
2022-09-14 11:47:20,601 [grpc-default-executor-19] INFO  server.RaftServer$Division (RaftServerImpl.java:requestVote(1281)) - s3@group-12AB68C5691F: receive requestVote(PRE_VOTE, s4, group-12AB68C5691F, 2, (t:1, i:0))
2022-09-14 11:47:20,601 [grpc-default-executor-19] INFO  impl.VoteContext (VoteContext.java:log(49)) - s3@group-12AB68C5691F-FOLLOWER: reject PRE_VOTE from s4: this server is a follower and still has a valid leader s2
2022-09-14 11:47:20,601 [grpc-default-executor-11] INFO  server.RaftServer$Division (RaftServerImpl.java:requestVote(1281)) - s0@group-12AB68C5691F: receive requestVote(PRE_VOTE, s4, group-12AB68C5691F, 2, (t:1, i:0))
2022-09-14 11:47:20,601 [grpc-default-executor-11] INFO  impl.VoteContext (VoteContext.java:log(49)) - s0@group-12AB68C5691F-FOLLOWER: reject PRE_VOTE from s4: this server is a follower and still has a valid leader s2
2022-09-14 11:47:20,601 [grpc-default-executor-11] INFO  server.RaftServer$Division (RaftServerImpl.java:requestVote(1314)) - s0@group-12AB68C5691F replies to PRE_VOTE vote request: s4<-s0#0:FAIL-t2. Peer's state: s0@group-12AB68C5691F:t2, leader=s2, voted=s2, raftlog=Memoized:s0@group-12AB68C5691F-SegmentedRaftLog:OPENED:c0, conf=0: peers:[s3|rpc:localhost:46799|admin:localhost:45171|client:localhost:46547|dataStream:localhost:40281|priority:0|startupRole:FOLLOWER, s4|rpc:localhost:39419|admin:localhost:43995|client:localhost:41785|dataStream:localhost:46687|priority:0|startupRole:FOLLOWER, s0|rpc:localhost:42481|admin:localhost:44771|client:localhost:42743|dataStream:localhost:43981|priority:0|startupRole:FOLLOWER, s1|rpc:localhost:44073|admin:localhost:36871|client:localhost:39477|dataStream:localhost:35501|priority:0|startupRole:FOLLOWER, s2|rpc:localhost:38365|admin:localhost:35135|client:localhost:40537|dataStream:localhost:38285|priority:0|startupRole:FOLLOWER]|listeners:[], old=null
2022-09-14 11:47:20,603 [grpc-default-executor-11] INFO  server.RaftServer$Division (RaftServerImpl.java:requestVote(1281)) - s1@group-12AB68C5691F: receive requestVote(PRE_VOTE, s4, group-12AB68C5691F, 2, (t:1, i:0))
2022-09-14 11:47:20,603 [grpc-default-executor-11] INFO  impl.VoteContext (VoteContext.java:log(49)) - s1@group-12AB68C5691F-FOLLOWER: reject PRE_VOTE from s4: this server is a follower and still has a valid leader s2
2022-09-14 11:47:20,603 [grpc-default-executor-11] INFO  server.RaftServer$Division (RaftServerImpl.java:requestVote(1314)) - s1@group-12AB68C5691F replies to PRE_VOTE vote request: s4<-s1#0:FAIL-t2. Peer's state: s1@group-12AB68C5691F:t2, leader=s2, voted=s2, raftlog=Memoized:s1@group-12AB68C5691F-SegmentedRaftLog:OPENED:c0, conf=0: peers:[s3|rpc:localhost:46799|admin:localhost:45171|client:localhost:46547|dataStream:localhost:40281|priority:0|startupRole:FOLLOWER, s4|rpc:localhost:39419|admin:localhost:43995|client:localhost:41785|dataStream:localhost:46687|priority:0|startupRole:FOLLOWER, s0|rpc:localhost:42481|admin:localhost:44771|client:localhost:42743|dataStream:localhost:43981|priority:0|startupRole:FOLLOWER, s1|rpc:localhost:44073|admin:localhost:36871|client:localhost:39477|dataStream:localhost:35501|priority:0|startupRole:FOLLOWER, s2|rpc:localhost:38365|admin:localhost:35135|client:localhost:40537|dataStream:localhost:38285|priority:0|startupRole:FOLLOWER]|listeners:[], old=null
2022-09-14 11:47:20,605 [grpc-default-executor-11] INFO  server.RaftServer$Division (RaftServerImpl.java:requestVote(1281)) - s2@group-12AB68C5691F: receive requestVote(PRE_VOTE, s4, group-12AB68C5691F, 2, (t:1, i:0))
2022-09-14 11:47:20,606 [grpc-default-executor-11] INFO  impl.VoteContext (VoteContext.java:log(49)) - s2@group-12AB68C5691F-LEADER: reject PRE_VOTE from s4: this server is the leader and still has leadership
2022-09-14 11:47:20,606 [grpc-default-executor-11] INFO  server.RaftServer$Division (RaftServerImpl.java:requestVote(1314)) - s2@group-12AB68C5691F replies to PRE_VOTE vote request: s4<-s2#0:FAIL-t2. Peer's state: s2@group-12AB68C5691F:t2, leader=s2, voted=s2, raftlog=Memoized:s2@group-12AB68C5691F-SegmentedRaftLog:OPENED:c0, conf=0: peers:[s3|rpc:localhost:46799|admin:localhost:45171|client:localhost:46547|dataStream:localhost:40281|priority:0|startupRole:FOLLOWER, s4|rpc:localhost:39419|admin:localhost:43995|client:localhost:41785|dataStream:localhost:46687|priority:0|startupRole:FOLLOWER, s0|rpc:localhost:42481|admin:localhost:44771|client:localhost:42743|dataStream:localhost:43981|priority:0|startupRole:FOLLOWER, s1|rpc:localhost:44073|admin:localhost:36871|client:localhost:39477|dataStream:localhost:35501|priority:0|startupRole:FOLLOWER, s2|rpc:localhost:38365|admin:localhost:35135|client:localhost:40537|dataStream:localhost:38285|priority:0|startupRole:FOLLOWER]|listeners:[], old=null
2022-09-14 11:47:20,606 [s4@group-12AB68C5691F-LeaderElection32] INFO  impl.LeaderElection (LeaderElection.java:logAndReturn(89)) - s4@group-12AB68C5691F-LeaderElection32: PRE_VOTE REJECTED received 3 response(s) and 0 exception(s):
2022-09-14 11:47:20,607 [s4@group-12AB68C5691F-LeaderElection32] INFO  impl.LeaderElection (LeaderElection.java:logAndReturn(93)) -   Response 0: s4<-s0#0:FAIL-t2
2022-09-14 11:47:20,607 [s4@group-12AB68C5691F-LeaderElection32] INFO  impl.LeaderElection (LeaderElection.java:logAndReturn(93)) -   Response 1: s4<-s1#0:FAIL-t2
2022-09-14 11:47:20,607 [s4@group-12AB68C5691F-LeaderElection32] INFO  impl.LeaderElection (LeaderElection.java:logAndReturn(93)) -   Response 2: s4<-s2#0:FAIL-t2
2022-09-14 11:47:20,607 [s4@group-12AB68C5691F-LeaderElection32] INFO  impl.LeaderElection (LeaderElection.java:askForVotes(310)) - s4@group-12AB68C5691F-LeaderElection32 PRE_VOTE round 0: result REJECTED
2022-09-14 11:47:20,607 [s4@group-12AB68C5691F-LeaderElection32] INFO  server.RaftServer$Division (RaftServerImpl.java:setRole(317)) - s4@group-12AB68C5691F: changes role from CANDIDATE to FOLLOWER at term 2 for REJECTED
2022-09-14 11:47:20,607 [s4@group-12AB68C5691F-LeaderElection32] INFO  impl.RoleInfo (RoleInfo.java:shutdownLeaderElection(130)) - s4: shutdown s4@group-12AB68C5691F-LeaderElection32
2022-09-14 11:47:20,607 [s4@group-12AB68C5691F-LeaderElection32] INFO  impl.RoleInfo (RoleInfo.java:updateAndGet(139)) - s4: start s4@group-12AB68C5691F-FollowerState
2022-09-14 11:47:20,601 [grpc-default-executor-19] INFO  server.RaftServer$Division (RaftServerImpl.java:requestVote(1314)) - s3@group-12AB68C5691F replies to PRE_VOTE vote request: s4<-s3#0:FAIL-t2. Peer's state: s3@group-12AB68C5691F:t2, leader=s2, voted=s2, raftlog=Memoized:s3@group-12AB68C5691F-SegmentedRaftLog:OPENED:c0, conf=0: peers:[s3|rpc:localhost:46799|admin:localhost:45171|client:localhost:46547|dataStream:localhost:40281|priority:0|startupRole:FOLLOWER, s4|rpc:localhost:39419|admin:localhost:43995|client:localhost:41785|dataStream:localhost:46687|priority:0|startupRole:FOLLOWER, s0|rpc:localhost:42481|admin:localhost:44771|client:localhost:42743|dataStream:localhost:43981|priority:0|startupRole:FOLLOWER, s1|rpc:localhost:44073|admin:localhost:36871|client:localhost:39477|dataStream:localhost:35501|priority:0|startupRole:FOLLOWER, s2|rpc:localhost:38365|admin:localhost:35135|client:localhost:40537|dataStream:localhost:38285|priority:0|startupRole:FOLLOWER]|listeners:[], old=null
2022-09-14 11:47:20,775 [s2@group-12AB68C5691F->s3-GrpcLogAppender-LogAppenderDaemon] INFO  util.CodeInjectionForTesting (DelayLocalExecutionInjection.java:execute(65)) - s2 delay 150 ms, args=[serverRequest {
  requestorId: "s2"
  replyId: "s3"
  raftGroupId {
    id: "\326\216l\301\220x@5\222b\022\253h\305i\037"
  }
  callId: 101
  slidingWindowEntry {
  }
}
leaderTerm: 2
previousLog {
  term: 2
}
initializing: true
commitInfos {
  server {
    id: "s2"
    address: "localhost:38365"
    dataStreamAddress: "localhost:38285"
    clientAddress: "localhost:40537"
    adminAddress: "localhost:35135"
    startupRole: FOLLOWER
  }
}
commitInfos {
  server {
    id: "s3"
    address: "localhost:46799"
    dataStreamAddress: "localhost:40281"
    clientAddress: "localhost:46547"
    adminAddress: "localhost:45171"
    startupRole: FOLLOWER
  }
}
commitInfos {
  server {
    id: "s4"
    address: "localhost:39419"
    dataStreamAddress: "localhost:46687"
    clientAddress: "localhost:41785"
    adminAddress: "localhost:43995"
    startupRole: FOLLOWER
  }
}
commitInfos {
  server {
    id: "s0"
    address: "localhost:42481"
    dataStreamAddress: "localhost:43981"
    clientAddress: "localhost:42743"
    adminAddress: "localhost:44771"
    startupRole: FOLLOWER
  }
}
commitInfos {
  server {
    id: "s1"
    address: "localhost:44073"
    dataStreamAddress: "localhost:35501"
    clientAddress: "localhost:39477"
    adminAddress: "localhost:36871"
    startupRole: FOLLOWER
  }
}
]
2022-09-14 11:47:20,778 [s2@group-12AB68C5691F->s0-GrpcLogAppender-LogAppenderDaemon] INFO  util.CodeInjectionForTesting (DelayLocalExecutionInjection.java:execute(65)) - s2 delay 150 ms, args=[serverRequest {
  requestorId: "s2"
  replyId: "s0"
  raftGroupId {
    id: "\326\216l\301\220x@5\222b\022\253h\305i\037"
  }
  callId: 92
  slidingWindowEntry {
  }
}
leaderTerm: 2
previousLog {
  term: 2
}
initializing: true
commitInfos {
  server {
    id: "s2"
    address: "localhost:38365"
    dataStreamAddress: "localhost:38285"
    clientAddress: "localhost:40537"
    adminAddress: "localhost:35135"
    startupRole: FOLLOWER
  }
}
commitInfos {
  server {
    id: "s3"
    address: "localhost:46799"
    dataStreamAddress: "localhost:40281"
    clientAddress: "localhost:46547"
    adminAddress: "localhost:45171"
    startupRole: FOLLOWER
  }
}
commitInfos {
  server {
    id: "s4"
    address: "localhost:39419"
    dataStreamAddress: "localhost:46687"
    clientAddress: "localhost:41785"
    adminAddress: "localhost:43995"
    startupRole: FOLLOWER
  }
}
commitInfos {
  server {
    id: "s0"
    address: "localhost:42481"
    dataStreamAddress: "localhost:43981"
    clientAddress: "localhost:42743"
    adminAddress: "localhost:44771"
    startupRole: FOLLOWER
  }
}
commitInfos {
  server {
    id: "s1"
    address: "localhost:44073"
    dataStreamAddress: "localhost:35501"
    clientAddress: "localhost:39477"
    adminAddress: "localhost:36871"
    startupRole: FOLLOWER
  }
}
]
2022-09-14 11:47:20,778 [s2@group-12AB68C5691F->s1-GrpcLogAppender-LogAppenderDaemon] INFO  util.CodeInjectionForTesting (DelayLocalExecutionInjection.java:execute(65)) - s2 delay 150 ms, args=[serverRequest {
  requestorId: "s2"
  replyId: "s1"
  raftGroupId {
    id: "\326\216l\301\220x@5\222b\022\253h\305i\037"
  }
  callId: 92
  slidingWindowEntry {
  }
}
leaderTerm: 2
previousLog {
  term: 2
}
initializing: true
commitInfos {
  server {
    id: "s2"
    address: "localhost:38365"
    dataStreamAddress: "localhost:38285"
    clientAddress: "localhost:40537"
    adminAddress: "localhost:35135"
    startupRole: FOLLOWER
  }
}
commitInfos {
  server {
    id: "s3"
    address: "localhost:46799"
    dataStreamAddress: "localhost:40281"
    clientAddress: "localhost:46547"
    adminAddress: "localhost:45171"
    startupRole: FOLLOWER
  }
}
commitInfos {
  server {
    id: "s4"
    address: "localhost:39419"
    dataStreamAddress: "localhost:46687"
    clientAddress: "localhost:41785"
    adminAddress: "localhost:43995"
    startupRole: FOLLOWER
  }
}
commitInfos {
  server {
    id: "s0"
    address: "localhost:42481"
    dataStreamAddress: "localhost:43981"
    clientAddress: "localhost:42743"
    adminAddress: "localhost:44771"
    startupRole: FOLLOWER
  }
}
commitInfos {
  server {
    id: "s1"
    address: "localhost:44073"
    dataStreamAddress: "localhost:35501"
    clientAddress: "localhost:39477"
    adminAddress: "localhost:36871"
    startupRole: FOLLOWER
  }
}
]
2022-09-14 11:47:20,780 [s2@group-12AB68C5691F->s4-GrpcLogAppender-LogAppenderDaemon] INFO  util.CodeInjectionForTesting (DelayLocalExecutionInjection.java:execute(65)) - s2 delay 150 ms, args=[serverRequest {
  requestorId: "s2"
  replyId: "s4"
  raftGroupId {
    id: "\326\216l\301\220x@5\222b\022\253h\305i\037"
  }
  callId: 168
  slidingWindowEntry {
  }
}
leaderTerm: 2
previousLog {
  term: 2
}
initializing: true
commitInfos {
  server {
    id: "s2"
    address: "localhost:38365"
    dataStreamAddress: "localhost:38285"
    clientAddress: "localhost:40537"
    adminAddress: "localhost:35135"
    startupRole: FOLLOWER
  }
}
commitInfos {
  server {
    id: "s3"
    address: "localhost:46799"
    dataStreamAddress: "localhost:40281"
    clientAddress: "localhost:46547"
    adminAddress: "localhost:45171"
    startupRole: FOLLOWER
  }
}
commitInfos {
  server {
    id: "s4"
    address: "localhost:39419"
    dataStreamAddress: "localhost:46687"
    clientAddress: "localhost:41785"
    adminAddress: "localhost:43995"
    startupRole: FOLLOWER
  }
}
commitInfos {
  server {
    id: "s0"
    address: "localhost:42481"
    dataStreamAddress: "localhost:43981"
    clientAddress: "localhost:42743"
    adminAddress: "localhost:44771"
    startupRole: FOLLOWER
  }
}
commitInfos {
  server {
    id: "s1"
    address: "localhost:44073"
    dataStreamAddress: "localhost:35501"
    clientAddress: "localhost:39477"
    adminAddress: "localhost:36871"
    startupRole: FOLLOWER
  }
}
]
2022-09-14 11:47:20,874 [s4@group-12AB68C5691F-FollowerState] INFO  impl.FollowerState (FollowerState.java:run(141)) - s4@group-12AB68C5691F-FollowerState: change to CANDIDATE, lastRpcElapsedTime:267279497ns, electionTimeout:264ms
2022-09-14 11:47:20,874 [s4@group-12AB68C5691F-FollowerState] INFO  impl.RoleInfo (RoleInfo.java:shutdownFollowerState(110)) - s4: shutdown s4@group-12AB68C5691F-FollowerState
2022-09-14 11:47:20,874 [s4@group-12AB68C5691F-FollowerState] INFO  server.RaftServer$Division (RaftServerImpl.java:setRole(317)) - s4@group-12AB68C5691F: changes role from  FOLLOWER to CANDIDATE at term 2 for changeToCandidate
2022-09-14 11:47:20,874 [s4@group-12AB68C5691F-FollowerState] INFO  server.RaftServerConfigKeys (ConfUtils.java:logGet(46)) - raft.server.leaderelection.pre-vote = true (default)
2022-09-14 11:47:20,875 [s4@group-12AB68C5691F-FollowerState] INFO  impl.RoleInfo (RoleInfo.java:updateAndGet(139)) - s4: start s4@group-12AB68C5691F-LeaderElection33
2022-09-14 11:47:20,875 [s4@group-12AB68C5691F-LeaderElection33] INFO  impl.LeaderElection (LeaderElection.java:askForVotes(308)) - s4@group-12AB68C5691F-LeaderElection33 PRE_VOTE round 0: submit vote requests at term 2 for 0: peers:[s3|rpc:localhost:46799|admin:localhost:45171|client:localhost:46547|dataStream:localhost:40281|priority:0|startupRole:FOLLOWER, s4|rpc:localhost:39419|admin:localhost:43995|client:localhost:41785|dataStream:localhost:46687|priority:0|startupRole:FOLLOWER, s0|rpc:localhost:42481|admin:localhost:44771|client:localhost:42743|dataStream:localhost:43981|priority:0|startupRole:FOLLOWER, s1|rpc:localhost:44073|admin:localhost:36871|client:localhost:39477|dataStream:localhost:35501|priority:0|startupRole:FOLLOWER, s2|rpc:localhost:38365|admin:localhost:35135|client:localhost:40537|dataStream:localhost:38285|priority:0|startupRole:FOLLOWER]|listeners:[], old=null
2022-09-14 11:47:20,878 [grpc-default-executor-11] INFO  server.RaftServer$Division (RaftServerImpl.java:requestVote(1281)) - s0@group-12AB68C5691F: receive requestVote(PRE_VOTE, s4, group-12AB68C5691F, 2, (t:1, i:0))
2022-09-14 11:47:20,879 [grpc-default-executor-11] INFO  impl.VoteContext (VoteContext.java:log(49)) - s0@group-12AB68C5691F-FOLLOWER: reject PRE_VOTE from s4: our last entry (t:2, i:0) > candidate's last entry (t:1, i:0)
2022-09-14 11:47:20,879 [grpc-default-executor-11] INFO  server.RaftServer$Division (RaftServerImpl.java:requestVote(1314)) - s0@group-12AB68C5691F replies to PRE_VOTE vote request: s4<-s0#0:FAIL-t2. Peer's state: s0@group-12AB68C5691F:t2, leader=s2, voted=s2, raftlog=Memoized:s0@group-12AB68C5691F-SegmentedRaftLog:OPENED:c0, conf=0: peers:[s3|rpc:localhost:46799|admin:localhost:45171|client:localhost:46547|dataStream:localhost:40281|priority:0|startupRole:FOLLOWER, s4|rpc:localhost:39419|admin:localhost:43995|client:localhost:41785|dataStream:localhost:46687|priority:0|startupRole:FOLLOWER, s0|rpc:localhost:42481|admin:localhost:44771|client:localhost:42743|dataStream:localhost:43981|priority:0|startupRole:FOLLOWER, s1|rpc:localhost:44073|admin:localhost:36871|client:localhost:39477|dataStream:localhost:35501|priority:0|startupRole:FOLLOWER, s2|rpc:localhost:38365|admin:localhost:35135|client:localhost:40537|dataStream:localhost:38285|priority:0|startupRole:FOLLOWER]|listeners:[], old=null
2022-09-14 11:47:20,880 [grpc-default-executor-4] INFO  server.RaftServer$Division (RaftServerImpl.java:requestVote(1281)) - s3@group-12AB68C5691F: receive requestVote(PRE_VOTE, s4, group-12AB68C5691F, 2, (t:1, i:0))
2022-09-14 11:47:20,880 [grpc-default-executor-4] INFO  impl.VoteContext (VoteContext.java:log(49)) - s3@group-12AB68C5691F-FOLLOWER: reject PRE_VOTE from s4: our last entry (t:2, i:0) > candidate's last entry (t:1, i:0)
2022-09-14 11:47:20,880 [grpc-default-executor-4] INFO  server.RaftServer$Division (RaftServerImpl.java:requestVote(1314)) - s3@group-12AB68C5691F replies to PRE_VOTE vote request: s4<-s3#0:FAIL-t2. Peer's state: s3@group-12AB68C5691F:t2, leader=s2, voted=s2, raftlog=Memoized:s3@group-12AB68C5691F-SegmentedRaftLog:OPENED:c0, conf=0: peers:[s3|rpc:localhost:46799|admin:localhost:45171|client:localhost:46547|dataStream:localhost:40281|priority:0|startupRole:FOLLOWER, s4|rpc:localhost:39419|admin:localhost:43995|client:localhost:41785|dataStream:localhost:46687|priority:0|startupRole:FOLLOWER, s0|rpc:localhost:42481|admin:localhost:44771|client:localhost:42743|dataStream:localhost:43981|priority:0|startupRole:FOLLOWER, s1|rpc:localhost:44073|admin:localhost:36871|client:localhost:39477|dataStream:localhost:35501|priority:0|startupRole:FOLLOWER, s2|rpc:localhost:38365|admin:localhost:35135|client:localhost:40537|dataStream:localhost:38285|priority:0|startupRole:FOLLOWER]|listeners:[], old=null
2022-09-14 11:47:20,881 [grpc-default-executor-4] INFO  server.RaftServer$Division (RaftServerImpl.java:requestVote(1281)) - s1@group-12AB68C5691F: receive requestVote(PRE_VOTE, s4, group-12AB68C5691F, 2, (t:1, i:0))
2022-09-14 11:47:20,881 [grpc-default-executor-4] INFO  impl.VoteContext (VoteContext.java:log(49)) - s1@group-12AB68C5691F-FOLLOWER: reject PRE_VOTE from s4: our last entry (t:2, i:0) > candidate's last entry (t:1, i:0)
2022-09-14 11:47:20,881 [grpc-default-executor-4] INFO  server.RaftServer$Division (RaftServerImpl.java:requestVote(1314)) - s1@group-12AB68C5691F replies to PRE_VOTE vote request: s4<-s1#0:FAIL-t2. Peer's state: s1@group-12AB68C5691F:t2, leader=s2, voted=s2, raftlog=Memoized:s1@group-12AB68C5691F-SegmentedRaftLog:OPENED:c0, conf=0: peers:[s3|rpc:localhost:46799|admin:localhost:45171|client:localhost:46547|dataStream:localhost:40281|priority:0|startupRole:FOLLOWER, s4|rpc:localhost:39419|admin:localhost:43995|client:localhost:41785|dataStream:localhost:46687|priority:0|startupRole:FOLLOWER, s0|rpc:localhost:42481|admin:localhost:44771|client:localhost:42743|dataStream:localhost:43981|priority:0|startupRole:FOLLOWER, s1|rpc:localhost:44073|admin:localhost:36871|client:localhost:39477|dataStream:localhost:35501|priority:0|startupRole:FOLLOWER, s2|rpc:localhost:38365|admin:localhost:35135|client:localhost:40537|dataStream:localhost:38285|priority:0|startupRole:FOLLOWER]|listeners:[], old=null
2022-09-14 11:47:20,883 [s4@group-12AB68C5691F-LeaderElection33] INFO  impl.LeaderElection (LeaderElection.java:logAndReturn(89)) - s4@group-12AB68C5691F-LeaderElection33: PRE_VOTE REJECTED received 3 response(s) and 0 exception(s):
2022-09-14 11:47:20,883 [s4@group-12AB68C5691F-LeaderElection33] INFO  impl.LeaderElection (LeaderElection.java:logAndReturn(93)) -   Response 0: s4<-s3#0:FAIL-t2
2022-09-14 11:47:20,883 [s4@group-12AB68C5691F-LeaderElection33] INFO  impl.LeaderElection (LeaderElection.java:logAndReturn(93)) -   Response 1: s4<-s0#0:FAIL-t2
2022-09-14 11:47:20,883 [s4@group-12AB68C5691F-LeaderElection33] INFO  impl.LeaderElection (LeaderElection.java:logAndReturn(93)) -   Response 2: s4<-s1#0:FAIL-t2
2022-09-14 11:47:20,883 [s4@group-12AB68C5691F-LeaderElection33] INFO  impl.LeaderElection (LeaderElection.java:askForVotes(310)) - s4@group-12AB68C5691F-LeaderElection33 PRE_VOTE round 0: result REJECTED
2022-09-14 11:47:20,883 [s4@group-12AB68C5691F-LeaderElection33] INFO  server.RaftServer$Division (RaftServerImpl.java:setRole(317)) - s4@group-12AB68C5691F: changes role from CANDIDATE to FOLLOWER at term 2 for REJECTED
2022-09-14 11:47:20,883 [s4@group-12AB68C5691F-LeaderElection33] INFO  impl.RoleInfo (RoleInfo.java:shutdownLeaderElection(130)) - s4: shutdown s4@group-12AB68C5691F-LeaderElection33
2022-09-14 11:47:20,883 [s4@group-12AB68C5691F-LeaderElection33] INFO  impl.RoleInfo (RoleInfo.java:updateAndGet(139)) - s4: start s4@group-12AB68C5691F-FollowerState
2022-09-14 11:47:20,884 [grpc-default-executor-4] INFO  server.RaftServer$Division (RaftServerImpl.java:requestVote(1281)) - s2@group-12AB68C5691F: receive requestVote(PRE_VOTE, s4, group-12AB68C5691F, 2, (t:1, i:0))
2022-09-14 11:47:20,884 [grpc-default-executor-4] INFO  impl.VoteContext (VoteContext.java:log(49)) - s2@group-12AB68C5691F-LEADER: reject PRE_VOTE from s4: this server is the leader and still has leadership
2022-09-14 11:47:20,884 [grpc-default-executor-4] INFO  server.RaftServer$Division (RaftServerImpl.java:requestVote(1314)) - s2@group-12AB68C5691F replies to PRE_VOTE vote request: s4<-s2#0:FAIL-t2. Peer's state: s2@group-12AB68C5691F:t2, leader=s2, voted=s2, raftlog=Memoized:s2@group-12AB68C5691F-SegmentedRaftLog:OPENED:c0, conf=0: peers:[s3|rpc:localhost:46799|admin:localhost:45171|client:localhost:46547|dataStream:localhost:40281|priority:0|startupRole:FOLLOWER, s4|rpc:localhost:39419|admin:localhost:43995|client:localhost:41785|dataStream:localhost:46687|priority:0|startupRole:FOLLOWER, s0|rpc:localhost:42481|admin:localhost:44771|client:localhost:42743|dataStream:localhost:43981|priority:0|startupRole:FOLLOWER, s1|rpc:localhost:44073|admin:localhost:36871|client:localhost:39477|dataStream:localhost:35501|priority:0|startupRole:FOLLOWER, s2|rpc:localhost:38365|admin:localhost:35135|client:localhost:40537|dataStream:localhost:38285|priority:0|startupRole:FOLLOWER]|listeners:[], old=null
2022-09-14 11:47:20,923 [Time-limited test] INFO  server.RaftServerConfigKeys (ConfUtils.java:logGet(46)) - raft.server.rpc.timeout.max = 300ms (default)
2022-09-14 11:47:20,987 [grpc-default-executor-39] INFO  util.CodeInjectionForTesting (BlockRequestHandlingInjection.java:execute(84)) - s4: unBlock request from s0
2022-09-14 11:47:20,987 [grpc-default-executor-39] INFO  server.RaftServer$Division (RaftServerImpl.java:requestVote(1281)) - s4@group-12AB68C5691F: receive requestVote(PRE_VOTE, s0, group-12AB68C5691F, 2, (t:2, i:0))
2022-09-14 11:47:20,988 [grpc-default-executor-39] INFO  impl.VoteContext (VoteContext.java:log(49)) - s4@group-12AB68C5691F-FOLLOWER: accept PRE_VOTE from s0: our last entry (t:1, i:0) < candidate's last entry (t:2, i:0)
2022-09-14 11:47:20,988 [grpc-default-executor-39] INFO  server.RaftServer$Division (RaftServerImpl.java:requestVote(1314)) - s4@group-12AB68C5691F replies to PRE_VOTE vote request: s0<-s4#0:OK-t2. Peer's state: s4@group-12AB68C5691F:t2, leader=null, voted=null, raftlog=Memoized:s4@group-12AB68C5691F-SegmentedRaftLog:OPENED:c0, conf=0: peers:[s3|rpc:localhost:46799|admin:localhost:45171|client:localhost:46547|dataStream:localhost:40281|priority:0|startupRole:FOLLOWER, s4|rpc:localhost:39419|admin:localhost:43995|client:localhost:41785|dataStream:localhost:46687|priority:0|startupRole:FOLLOWER, s0|rpc:localhost:42481|admin:localhost:44771|client:localhost:42743|dataStream:localhost:43981|priority:0|startupRole:FOLLOWER, s1|rpc:localhost:44073|admin:localhost:36871|client:localhost:39477|dataStream:localhost:35501|priority:0|startupRole:FOLLOWER, s2|rpc:localhost:38365|admin:localhost:35135|client:localhost:40537|dataStream:localhost:38285|priority:0|startupRole:FOLLOWER]|listeners:[], old=null
2022-09-14 11:47:21,079 [s4-server-thread3] INFO  util.CodeInjectionForTesting (BlockRequestHandlingInjection.java:execute(84)) - s4: unBlock request from s2
2022-09-14 11:47:21,079 [s4-server-thread3] INFO  server.RaftServer$Division (ServerState.java:setLeader(259)) - s4@group-12AB68C5691F: change Leader from null to s2 at term 2 for appendEntries, leader elected after 713ms
2022-09-14 11:47:21,079 [s4-server-thread3] INFO  server.RaftServer$Division (RaftServerImpl.java:checkInconsistentAppendEntries(1586)) - s4@group-12AB68C5691F: Failed appendEntries as previous log entry ((t:2, i:0)) is not found
2022-09-14 11:47:21,080 [s4-server-thread3] INFO  server.RaftServer$Division (RaftServerImpl.java:checkInconsistentAppendEntries(1556)) - s4@group-12AB68C5691F: inconsistency entries. Reply:s2<-s4#164:FAIL-t2,INCONSISTENCY,nextIndex=0,followerCommit=0,matchIndex=-1
2022-09-14 11:47:21,080 [grpc-default-executor-4] INFO  leader.FollowerInfo (FollowerInfoImpl.java:lambda$new$0(48)) - s2@group-12AB68C5691F->s4: nextIndex: updateUnconditionally 1 -> 0
2022-09-14 11:47:21,081 [s4-server-thread3] INFO  server.RaftServer$Division (RaftServerImpl.java:checkInconsistentAppendEntries(1586)) - s4@group-12AB68C5691F: Failed appendEntries as previous log entry ((t:2, i:0)) is not found
2022-09-14 11:47:21,081 [s4-server-thread3] INFO  server.RaftServer$Division (RaftServerImpl.java:checkInconsistentAppendEntries(1556)) - s4@group-12AB68C5691F: inconsistency entries. Reply:s2<-s4#165:FAIL-t2,INCONSISTENCY,nextIndex=0,followerCommit=0,matchIndex=-1
2022-09-14 11:47:21,082 [grpc-default-executor-11] INFO  leader.FollowerInfo (FollowerInfoImpl.java:lambda$new$0(48)) - s2@group-12AB68C5691F->s4: nextIndex: updateUnconditionally 1 -> 0
2022-09-14 11:47:21,083 [s4-server-thread2] INFO  server.RaftServer$Division (RaftServerImpl.java:checkInconsistentAppendEntries(1586)) - s4@group-12AB68C5691F: Failed appendEntries as previous log entry ((t:2, i:0)) is not found
2022-09-14 11:47:21,083 [s4-server-thread2] INFO  server.RaftServer$Division (RaftServerImpl.java:checkInconsistentAppendEntries(1556)) - s4@group-12AB68C5691F: inconsistency entries. Reply:s2<-s4#166:FAIL-t2,INCONSISTENCY,nextIndex=0,followerCommit=0,matchIndex=-1
2022-09-14 11:47:21,083 [grpc-default-executor-11] INFO  leader.FollowerInfo (FollowerInfoImpl.java:lambda$new$0(48)) - s2@group-12AB68C5691F->s4: nextIndex: updateUnconditionally 1 -> 0
2022-09-14 11:47:21,084 [s4-server-thread3] DEBUG server.RaftServer$Division (RaftServerImpl.java:logAppendEntries(1405)) - s4@group-12AB68C5691F: receive appendEntries(s2, 2, null, 0, true, commits:[s2:c0, s3:c0, s4:c0, s0:c0, s1:c0], cId:172, entries: [(t:2, i:0), CONFIGURATIONENTRY(current:id: "s3"
address: "localhost:46799"
dataStreamAddress: "localhost:40281"
clientAddress: "localhost:46547"
adminAddress: "localhost:45171"
startupRole: FOLLOWER
,id: "s4"
address: "localhost:39419"
dataStreamAddress: "localhost:46687"
clientAddress: "localhost:41785"
adminAddress: "localhost:43995"
startupRole: FOLLOWER
,id: "s0"
address: "localhost:42481"
dataStreamAddress: "localhost:43981"
clientAddress: "localhost:42743"
adminAddress: "localhost:44771"
startupRole: FOLLOWER
,id: "s1"
address: "localhost:44073"
dataStreamAddress: "localhost:35501"
clientAddress: "localhost:39477"
adminAddress: "localhost:36871"
startupRole: FOLLOWER
,id: "s2"
address: "localhost:38365"
dataStreamAddress: "localhost:38285"
clientAddress: "localhost:40537"
adminAddress: "localhost:35135"
startupRole: FOLLOWER
, old:)]
2022-09-14 11:47:21,084 [s4-server-thread3] INFO  server.RaftServer$Division (RaftServerImpl.java:checkInconsistentAppendEntries(1576)) - s4@group-12AB68C5691F: Failed appendEntries as the first entry (index 0) already exists (snapshotIndex: -1, commitIndex: 0)
2022-09-14 11:47:21,084 [s4-server-thread3] INFO  server.RaftServer$Division (RaftServerImpl.java:checkInconsistentAppendEntries(1556)) - s4@group-12AB68C5691F: inconsistency entries. Reply:s2<-s4#172:FAIL-t2,INCONSISTENCY,nextIndex=1,followerCommit=0,matchIndex=-1
2022-09-14 11:47:21,085 [grpc-default-executor-11] INFO  leader.FollowerInfo (FollowerInfoImpl.java:lambda$new$0(48)) - s2@group-12AB68C5691F->s4: nextIndex: updateUnconditionally 1 -> 1
2022-09-14 11:47:21,085 [s4-server-thread3] DEBUG server.RaftServer$Division (RaftServerImpl.java:logAppendEntries(1405)) - s4@group-12AB68C5691F: receive appendEntries(s2, 2, null, 0, true, commits:[s2:c0, s3:c0, s4:c0, s0:c0, s1:c0], cId:173, entries: [(t:2, i:0), CONFIGURATIONENTRY(current:id: "s3"
address: "localhost:46799"
dataStreamAddress: "localhost:40281"
clientAddress: "localhost:46547"
adminAddress: "localhost:45171"
startupRole: FOLLOWER
,id: "s4"
address: "localhost:39419"
dataStreamAddress: "localhost:46687"
clientAddress: "localhost:41785"
adminAddress: "localhost:43995"
startupRole: FOLLOWER
,id: "s0"
address: "localhost:42481"
dataStreamAddress: "localhost:43981"
clientAddress: "localhost:42743"
adminAddress: "localhost:44771"
startupRole: FOLLOWER
,id: "s1"
address: "localhost:44073"
dataStreamAddress: "localhost:35501"
clientAddress: "localhost:39477"
adminAddress: "localhost:36871"
startupRole: FOLLOWER
,id: "s2"
address: "localhost:38365"
dataStreamAddress: "localhost:38285"
clientAddress: "localhost:40537"
adminAddress: "localhost:35135"
startupRole: FOLLOWER
, old:)]
2022-09-14 11:47:21,085 [s4-server-thread3] INFO  server.RaftServer$Division (RaftServerImpl.java:checkInconsistentAppendEntries(1576)) - s4@group-12AB68C5691F: Failed appendEntries as the first entry (index 0) already exists (snapshotIndex: -1, commitIndex: 0)
2022-09-14 11:47:21,085 [s4-server-thread3] INFO  server.RaftServer$Division (RaftServerImpl.java:checkInconsistentAppendEntries(1556)) - s4@group-12AB68C5691F: inconsistency entries. Reply:s2<-s4#173:FAIL-t2,INCONSISTENCY,nextIndex=1,followerCommit=0,matchIndex=-1
2022-09-14 11:47:21,086 [s4-server-thread2] INFO  server.RaftServer$Division (RaftServerImpl.java:checkInconsistentAppendEntries(1586)) - s4@group-12AB68C5691F: Failed appendEntries as previous log entry ((t:2, i:0)) is not found
2022-09-14 11:47:21,086 [s4-server-thread2] INFO  server.RaftServer$Division (RaftServerImpl.java:checkInconsistentAppendEntries(1556)) - s4@group-12AB68C5691F: inconsistency entries. Reply:s2<-s4#167:FAIL-t2,INCONSISTENCY,nextIndex=0,followerCommit=0,matchIndex=-1
2022-09-14 11:47:21,086 [grpc-default-executor-4] INFO  leader.FollowerInfo (FollowerInfoImpl.java:lambda$new$0(48)) - s2@group-12AB68C5691F->s4: nextIndex: updateUnconditionally 1 -> 1
2022-09-14 11:47:21,086 [s4-server-thread3] DEBUG server.RaftServer$Division (RaftServerImpl.java:logAppendEntries(1405)) - s4@group-12AB68C5691F: receive appendEntries(s2, 2, null, 0, true, commits:[s2:c0, s3:c0, s4:c0, s0:c0, s1:c0], cId:174, entries: [(t:2, i:0), CONFIGURATIONENTRY(current:id: "s3"
address: "localhost:46799"
dataStreamAddress: "localhost:40281"
clientAddress: "localhost:46547"
adminAddress: "localhost:45171"
startupRole: FOLLOWER
,id: "s4"
address: "localhost:39419"
dataStreamAddress: "localhost:46687"
clientAddress: "localhost:41785"
adminAddress: "localhost:43995"
startupRole: FOLLOWER
,id: "s0"
address: "localhost:42481"
dataStreamAddress: "localhost:43981"
clientAddress: "localhost:42743"
adminAddress: "localhost:44771"
startupRole: FOLLOWER
,id: "s1"
address: "localhost:44073"
dataStreamAddress: "localhost:35501"
clientAddress: "localhost:39477"
adminAddress: "localhost:36871"
startupRole: FOLLOWER
,id: "s2"
address: "localhost:38365"
dataStreamAddress: "localhost:38285"
clientAddress: "localhost:40537"
adminAddress: "localhost:35135"
startupRole: FOLLOWER
, old:)]
2022-09-14 11:47:21,086 [s4-server-thread3] INFO  server.RaftServer$Division (RaftServerImpl.java:checkInconsistentAppendEntries(1576)) - s4@group-12AB68C5691F: Failed appendEntries as the first entry (index 0) already exists (snapshotIndex: -1, commitIndex: 0)
2022-09-14 11:47:21,086 [s4-server-thread3] INFO  server.RaftServer$Division (RaftServerImpl.java:checkInconsistentAppendEntries(1556)) - s4@group-12AB68C5691F: inconsistency entries. Reply:s2<-s4#174:FAIL-t2,INCONSISTENCY,nextIndex=1,followerCommit=0,matchIndex=-1
2022-09-14 11:47:21,087 [grpc-default-executor-39] INFO  leader.FollowerInfo (FollowerInfoImpl.java:lambda$new$0(48)) - s2@group-12AB68C5691F->s4: nextIndex: updateUnconditionally 1 -> 1
2022-09-14 11:47:21,087 [s4-server-thread3] INFO  server.RaftServer$Division (RaftServerImpl.java:checkInconsistentAppendEntries(1586)) - s4@group-12AB68C5691F: Failed appendEntries as previous log entry ((t:2, i:0)) is not found
2022-09-14 11:47:21,087 [s4-server-thread3] INFO  server.RaftServer$Division (RaftServerImpl.java:checkInconsistentAppendEntries(1556)) - s4@group-12AB68C5691F: inconsistency entries. Reply:s2<-s4#168:FAIL-t2,INCONSISTENCY,nextIndex=0,followerCommit=0,matchIndex=-1
2022-09-14 11:47:21,087 [grpc-default-executor-37] INFO  leader.FollowerInfo (FollowerInfoImpl.java:lambda$new$0(48)) - s2@group-12AB68C5691F->s4: nextIndex: updateUnconditionally 1 -> 0
2022-09-14 11:47:21,088 [grpc-default-executor-37] INFO  leader.FollowerInfo (FollowerInfoImpl.java:lambda$new$0(48)) - s2@group-12AB68C5691F->s4: nextIndex: updateUnconditionally 1 -> 0
2022-09-14 11:47:21,088 [s4-server-thread3] INFO  server.RaftServer$Division (RaftServerImpl.java:checkInconsistentAppendEntries(1586)) - s4@group-12AB68C5691F: Failed appendEntries as previous log entry ((t:2, i:0)) is not found
2022-09-14 11:47:21,088 [s4-server-thread3] INFO  server.RaftServer$Division (RaftServerImpl.java:checkInconsistentAppendEntries(1556)) - s4@group-12AB68C5691F: inconsistency entries. Reply:s2<-s4#169:FAIL-t2,INCONSISTENCY,nextIndex=0,followerCommit=0,matchIndex=-1
2022-09-14 11:47:21,088 [grpc-default-executor-39] INFO  leader.FollowerInfo (FollowerInfoImpl.java:lambda$new$0(48)) - s2@group-12AB68C5691F->s4: nextIndex: updateUnconditionally 1 -> 0
2022-09-14 11:47:21,089 [s4-server-thread2] INFO  server.RaftServer$Division (RaftServerImpl.java:checkInconsistentAppendEntries(1586)) - s4@group-12AB68C5691F: Failed appendEntries as previous log entry ((t:2, i:0)) is not found
2022-09-14 11:47:21,089 [s4-server-thread2] INFO  server.RaftServer$Division (RaftServerImpl.java:checkInconsistentAppendEntries(1556)) - s4@group-12AB68C5691F: inconsistency entries. Reply:s2<-s4#170:FAIL-t2,INCONSISTENCY,nextIndex=0,followerCommit=0,matchIndex=-1
2022-09-14 11:47:21,089 [s4-server-thread3] DEBUG server.RaftServer$Division (RaftServerImpl.java:logAppendEntries(1405)) - s4@group-12AB68C5691F: receive appendEntries(s2, 2, null, 0, true, commits:[s2:c0, s3:c0, s4:c0, s0:c0, s1:c0], cId:175, entries: [(t:2, i:0), CONFIGURATIONENTRY(current:id: "s3"
address: "localhost:46799"
dataStreamAddress: "localhost:40281"
clientAddress: "localhost:46547"
adminAddress: "localhost:45171"
startupRole: FOLLOWER
,id: "s4"
address: "localhost:39419"
dataStreamAddress: "localhost:46687"
clientAddress: "localhost:41785"
adminAddress: "localhost:43995"
startupRole: FOLLOWER
,id: "s0"
address: "localhost:42481"
dataStreamAddress: "localhost:43981"
clientAddress: "localhost:42743"
adminAddress: "localhost:44771"
startupRole: FOLLOWER
,id: "s1"
address: "localhost:44073"
dataStreamAddress: "localhost:35501"
clientAddress: "localhost:39477"
adminAddress: "localhost:36871"
startupRole: FOLLOWER
,id: "s2"
address: "localhost:38365"
dataStreamAddress: "localhost:38285"
clientAddress: "localhost:40537"
adminAddress: "localhost:35135"
startupRole: FOLLOWER
, old:)]
2022-09-14 11:47:21,089 [s4-server-thread3] INFO  server.RaftServer$Division (RaftServerImpl.java:checkInconsistentAppendEntries(1576)) - s4@group-12AB68C5691F: Failed appendEntries as the first entry (index 0) already exists (snapshotIndex: -1, commitIndex: 0)
2022-09-14 11:47:21,089 [s4-server-thread3] INFO  server.RaftServer$Division (RaftServerImpl.java:checkInconsistentAppendEntries(1556)) - s4@group-12AB68C5691F: inconsistency entries. Reply:s2<-s4#175:FAIL-t2,INCONSISTENCY,nextIndex=1,followerCommit=0,matchIndex=-1
2022-09-14 11:47:21,089 [grpc-default-executor-39] INFO  leader.FollowerInfo (FollowerInfoImpl.java:lambda$new$0(48)) - s2@group-12AB68C5691F->s4: nextIndex: updateUnconditionally 1 -> 0
2022-09-14 11:47:21,090 [grpc-default-executor-39] INFO  leader.FollowerInfo (FollowerInfoImpl.java:lambda$new$0(48)) - s2@group-12AB68C5691F->s4: nextIndex: updateUnconditionally 0 -> 1
2022-09-14 11:47:21,090 [s4-server-thread3] INFO  server.RaftServer$Division (RaftServerImpl.java:checkInconsistentAppendEntries(1586)) - s4@group-12AB68C5691F: Failed appendEntries as previous log entry ((t:2, i:0)) is not found
2022-09-14 11:47:21,090 [s4-server-thread3] INFO  server.RaftServer$Division (RaftServerImpl.java:checkInconsistentAppendEntries(1556)) - s4@group-12AB68C5691F: inconsistency entries. Reply:s2<-s4#171:FAIL-t2,INCONSISTENCY,nextIndex=0,followerCommit=0,matchIndex=-1
2022-09-14 11:47:21,091 [grpc-default-executor-4] INFO  leader.FollowerInfo (FollowerInfoImpl.java:lambda$new$0(48)) - s2@group-12AB68C5691F->s4: nextIndex: updateUnconditionally 1 -> 0
2022-09-14 11:47:21,091 [s4-server-thread2] DEBUG server.RaftServer$Division (RaftServerImpl.java:logAppendEntries(1405)) - s4@group-12AB68C5691F: receive appendEntries(s2, 2, null, 0, true, commits:[s2:c0, s3:c0, s4:c0, s0:c0, s1:c0], cId:176, entries: [(t:2, i:0), CONFIGURATIONENTRY(current:id: "s3"
address: "localhost:46799"
dataStreamAddress: "localhost:40281"
clientAddress: "localhost:46547"
adminAddress: "localhost:45171"
startupRole: FOLLOWER
,id: "s4"
address: "localhost:39419"
dataStreamAddress: "localhost:46687"
clientAddress: "localhost:41785"
adminAddress: "localhost:43995"
startupRole: FOLLOWER
,id: "s0"
address: "localhost:42481"
dataStreamAddress: "localhost:43981"
clientAddress: "localhost:42743"
adminAddress: "localhost:44771"
startupRole: FOLLOWER
,id: "s1"
address: "localhost:44073"
dataStreamAddress: "localhost:35501"
clientAddress: "localhost:39477"
adminAddress: "localhost:36871"
startupRole: FOLLOWER
,id: "s2"
address: "localhost:38365"
dataStreamAddress: "localhost:38285"
clientAddress: "localhost:40537"
adminAddress: "localhost:35135"
startupRole: FOLLOWER
, old:)]
2022-09-14 11:47:21,091 [s4-server-thread2] INFO  server.RaftServer$Division (RaftServerImpl.java:checkInconsistentAppendEntries(1576)) - s4@group-12AB68C5691F: Failed appendEntries as the first entry (index 0) already exists (snapshotIndex: -1, commitIndex: 0)
2022-09-14 11:47:21,091 [s4-server-thread2] INFO  server.RaftServer$Division (RaftServerImpl.java:checkInconsistentAppendEntries(1556)) - s4@group-12AB68C5691F: inconsistency entries. Reply:s2<-s4#176:FAIL-t2,INCONSISTENCY,nextIndex=1,followerCommit=0,matchIndex=-1
2022-09-14 11:47:21,092 [grpc-default-executor-4] INFO  leader.FollowerInfo (FollowerInfoImpl.java:lambda$new$0(48)) - s2@group-12AB68C5691F->s4: nextIndex: updateUnconditionally 1 -> 1
2022-09-14 11:47:21,092 [s4-server-thread2] DEBUG server.RaftServer$Division (RaftServerImpl.java:logAppendEntries(1405)) - s4@group-12AB68C5691F: receive appendEntries(s2, 2, null, 0, true, commits:[s2:c0, s3:c0, s4:c0, s0:c0, s1:c0], cId:177, entries: [(t:2, i:0), CONFIGURATIONENTRY(current:id: "s3"
address: "localhost:46799"
dataStreamAddress: "localhost:40281"
clientAddress: "localhost:46547"
adminAddress: "localhost:45171"
startupRole: FOLLOWER
,id: "s4"
address: "localhost:39419"
dataStreamAddress: "localhost:46687"
clientAddress: "localhost:41785"
adminAddress: "localhost:43995"
startupRole: FOLLOWER
,id: "s0"
address: "localhost:42481"
dataStreamAddress: "localhost:43981"
clientAddress: "localhost:42743"
adminAddress: "localhost:44771"
startupRole: FOLLOWER
,id: "s1"
address: "localhost:44073"
dataStreamAddress: "localhost:35501"
clientAddress: "localhost:39477"
adminAddress: "localhost:36871"
startupRole: FOLLOWER
,id: "s2"
address: "localhost:38365"
dataStreamAddress: "localhost:38285"
clientAddress: "localhost:40537"
adminAddress: "localhost:35135"
startupRole: FOLLOWER
, old:)]
2022-09-14 11:47:21,092 [s4-server-thread2] INFO  server.RaftServer$Division (RaftServerImpl.java:checkInconsistentAppendEntries(1576)) - s4@group-12AB68C5691F: Failed appendEntries as the first entry (index 0) already exists (snapshotIndex: -1, commitIndex: 0)
2022-09-14 11:47:21,092 [s4-server-thread2] INFO  server.RaftServer$Division (RaftServerImpl.java:checkInconsistentAppendEntries(1556)) - s4@group-12AB68C5691F: inconsistency entries. Reply:s2<-s4#177:FAIL-t2,INCONSISTENCY,nextIndex=1,followerCommit=0,matchIndex=-1
2022-09-14 11:47:21,092 [grpc-default-executor-4] INFO  leader.FollowerInfo (FollowerInfoImpl.java:lambda$new$0(48)) - s2@group-12AB68C5691F->s4: nextIndex: updateUnconditionally 1 -> 1
2022-09-14 11:47:21,093 [s4-server-thread2] DEBUG server.RaftServer$Division (RaftServerImpl.java:logAppendEntries(1405)) - s4@group-12AB68C5691F: receive appendEntries(s2, 2, null, 0, true, commits:[s2:c0, s3:c0, s4:c0, s0:c0, s1:c0], cId:178, entries: [(t:2, i:0), CONFIGURATIONENTRY(current:id: "s3"
address: "localhost:46799"
dataStreamAddress: "localhost:40281"
clientAddress: "localhost:46547"
adminAddress: "localhost:45171"
startupRole: FOLLOWER
,id: "s4"
address: "localhost:39419"
dataStreamAddress: "localhost:46687"
clientAddress: "localhost:41785"
adminAddress: "localhost:43995"
startupRole: FOLLOWER
,id: "s0"
address: "localhost:42481"
dataStreamAddress: "localhost:43981"
clientAddress: "localhost:42743"
adminAddress: "localhost:44771"
startupRole: FOLLOWER
,id: "s1"
address: "localhost:44073"
dataStreamAddress: "localhost:35501"
clientAddress: "localhost:39477"
adminAddress: "localhost:36871"
startupRole: FOLLOWER
,id: "s2"
address: "localhost:38365"
dataStreamAddress: "localhost:38285"
clientAddress: "localhost:40537"
adminAddress: "localhost:35135"
startupRole: FOLLOWER
, old:)]
2022-09-14 11:47:21,093 [s4-server-thread2] INFO  server.RaftServer$Division (RaftServerImpl.java:checkInconsistentAppendEntries(1576)) - s4@group-12AB68C5691F: Failed appendEntries as the first entry (index 0) already exists (snapshotIndex: -1, commitIndex: 0)
2022-09-14 11:47:21,093 [s4-server-thread2] INFO  server.RaftServer$Division (RaftServerImpl.java:checkInconsistentAppendEntries(1556)) - s4@group-12AB68C5691F: inconsistency entries. Reply:s2<-s4#178:FAIL-t2,INCONSISTENCY,nextIndex=1,followerCommit=0,matchIndex=-1
2022-09-14 11:47:21,093 [grpc-default-executor-37] INFO  leader.FollowerInfo (FollowerInfoImpl.java:lambda$new$0(48)) - s2@group-12AB68C5691F->s4: nextIndex: updateUnconditionally 1 -> 1
2022-09-14 11:47:21,169 [s4-server-thread2] INFO  server.RaftServer$Division (RaftServerImpl.java:checkInconsistentAppendEntries(1586)) - s4@group-12AB68C5691F: Failed appendEntries as previous log entry ((t:2, i:0)) is not found
2022-09-14 11:47:21,169 [s4-server-thread2] INFO  server.RaftServer$Division (RaftServerImpl.java:checkInconsistentAppendEntries(1556)) - s4@group-12AB68C5691F: inconsistency entries. Reply:s2<-s4#179:FAIL-t2,INCONSISTENCY,nextIndex=0,followerCommit=0,matchIndex=-1
2022-09-14 11:47:21,169 [grpc-default-executor-37] INFO  leader.FollowerInfo (FollowerInfoImpl.java:lambda$new$0(48)) - s2@group-12AB68C5691F->s4: nextIndex: updateUnconditionally 1 -> 0
2022-09-14 11:47:21,170 [s4-server-thread2] DEBUG server.RaftServer$Division (RaftServerImpl.java:logAppendEntries(1405)) - s4@group-12AB68C5691F: receive appendEntries(s2, 2, null, 0, true, commits:[s2:c0, s3:c0, s4:c0, s0:c0, s1:c0], cId:180, entries: [(t:2, i:0), CONFIGURATIONENTRY(current:id: "s3"
address: "localhost:46799"
dataStreamAddress: "localhost:40281"
clientAddress: "localhost:46547"
adminAddress: "localhost:45171"
startupRole: FOLLOWER
,id: "s4"
address: "localhost:39419"
dataStreamAddress: "localhost:46687"
clientAddress: "localhost:41785"
adminAddress: "localhost:43995"
startupRole: FOLLOWER
,id: "s0"
address: "localhost:42481"
dataStreamAddress: "localhost:43981"
clientAddress: "localhost:42743"
adminAddress: "localhost:44771"
startupRole: FOLLOWER
,id: "s1"
address: "localhost:44073"
dataStreamAddress: "localhost:35501"
clientAddress: "localhost:39477"
adminAddress: "localhost:36871"
startupRole: FOLLOWER
,id: "s2"
address: "localhost:38365"
dataStreamAddress: "localhost:38285"
clientAddress: "localhost:40537"
adminAddress: "localhost:35135"
startupRole: FOLLOWER
, old:)]
2022-09-14 11:47:21,170 [s4-server-thread2] INFO  server.RaftServer$Division (RaftServerImpl.java:checkInconsistentAppendEntries(1576)) - s4@group-12AB68C5691F: Failed appendEntries as the first entry (index 0) already exists (snapshotIndex: -1, commitIndex: 0)
2022-09-14 11:47:21,170 [s4-server-thread2] INFO  server.RaftServer$Division (RaftServerImpl.java:checkInconsistentAppendEntries(1556)) - s4@group-12AB68C5691F: inconsistency entries. Reply:s2<-s4#180:FAIL-t2,INCONSISTENCY,nextIndex=1,followerCommit=0,matchIndex=-1
2022-09-14 11:47:21,171 [grpc-default-executor-37] INFO  leader.FollowerInfo (FollowerInfoImpl.java:lambda$new$0(48)) - s2@group-12AB68C5691F->s4: nextIndex: updateUnconditionally 1 -> 1
2022-09-14 11:47:21,247 [s4-server-thread2] INFO  server.RaftServer$Division (RaftServerImpl.java:checkInconsistentAppendEntries(1586)) - s4@group-12AB68C5691F: Failed appendEntries as previous log entry ((t:2, i:0)) is not found
2022-09-14 11:47:21,247 [s4-server-thread2] INFO  server.RaftServer$Division (RaftServerImpl.java:checkInconsistentAppendEntries(1556)) - s4@group-12AB68C5691F: inconsistency entries. Reply:s2<-s4#181:FAIL-t2,INCONSISTENCY,nextIndex=0,followerCommit=0,matchIndex=-1
2022-09-14 11:47:21,248 [grpc-default-executor-37] INFO  leader.FollowerInfo (FollowerInfoImpl.java:lambda$new$0(48)) - s2@group-12AB68C5691F->s4: nextIndex: updateUnconditionally 1 -> 0
2022-09-14 11:47:21,249 [s4-server-thread2] DEBUG server.RaftServer$Division (RaftServerImpl.java:logAppendEntries(1405)) - s4@group-12AB68C5691F: receive appendEntries(s2, 2, null, 0, true, commits:[s2:c0, s3:c0, s4:c0, s0:c0, s1:c0], cId:182, entries: [(t:2, i:0), CONFIGURATIONENTRY(current:id: "s3"
address: "localhost:46799"
dataStreamAddress: "localhost:40281"
clientAddress: "localhost:46547"
adminAddress: "localhost:45171"
startupRole: FOLLOWER
,id: "s4"
address: "localhost:39419"
dataStreamAddress: "localhost:46687"
clientAddress: "localhost:41785"
adminAddress: "localhost:43995"
startupRole: FOLLOWER
,id: "s0"
address: "localhost:42481"
dataStreamAddress: "localhost:43981"
clientAddress: "localhost:42743"
adminAddress: "localhost:44771"
startupRole: FOLLOWER
,id: "s1"
address: "localhost:44073"
dataStreamAddress: "localhost:35501"
clientAddress: "localhost:39477"
adminAddress: "localhost:36871"
startupRole: FOLLOWER
,id: "s2"
address: "localhost:38365"
dataStreamAddress: "localhost:38285"
clientAddress: "localhost:40537"
adminAddress: "localhost:35135"
startupRole: FOLLOWER
, old:)]
2022-09-14 11:47:21,249 [s4-server-thread2] INFO  server.RaftServer$Division (RaftServerImpl.java:checkInconsistentAppendEntries(1576)) - s4@group-12AB68C5691F: Failed appendEntries as the first entry (index 0) already exists (snapshotIndex: -1, commitIndex: 0)
2022-09-14 11:47:21,249 [s4-server-thread2] INFO  server.RaftServer$Division (RaftServerImpl.java:checkInconsistentAppendEntries(1556)) - s4@group-12AB68C5691F: inconsistency entries. Reply:s2<-s4#182:FAIL-t2,INCONSISTENCY,nextIndex=1,followerCommit=0,matchIndex=-1
2022-09-14 11:47:21,249 [grpc-default-executor-37] INFO  leader.FollowerInfo (FollowerInfoImpl.java:lambda$new$0(48)) - s2@group-12AB68C5691F->s4: nextIndex: updateUnconditionally 1 -> 1
2022-09-14 11:47:21,326 [s4-server-thread2] INFO  server.RaftServer$Division (RaftServerImpl.java:checkInconsistentAppendEntries(1586)) - s4@group-12AB68C5691F: Failed appendEntries as previous log entry ((t:2, i:0)) is not found
2022-09-14 11:47:21,326 [s4-server-thread2] INFO  server.RaftServer$Division (RaftServerImpl.java:checkInconsistentAppendEntries(1556)) - s4@group-12AB68C5691F: inconsistency entries. Reply:s2<-s4#183:FAIL-t2,INCONSISTENCY,nextIndex=0,followerCommit=0,matchIndex=-1
2022-09-14 11:47:21,326 [grpc-default-executor-37] INFO  leader.FollowerInfo (FollowerInfoImpl.java:lambda$new$0(48)) - s2@group-12AB68C5691F->s4: nextIndex: updateUnconditionally 1 -> 0
2022-09-14 11:47:21,327 [s4-server-thread2] DEBUG server.RaftServer$Division (RaftServerImpl.java:logAppendEntries(1405)) - s4@group-12AB68C5691F: receive appendEntries(s2, 2, null, 0, true, commits:[s2:c0, s3:c0, s4:c0, s0:c0, s1:c0], cId:184, entries: [(t:2, i:0), CONFIGURATIONENTRY(current:id: "s3"
address: "localhost:46799"
dataStreamAddress: "localhost:40281"
clientAddress: "localhost:46547"
adminAddress: "localhost:45171"
startupRole: FOLLOWER
,id: "s4"
address: "localhost:39419"
dataStreamAddress: "localhost:46687"
clientAddress: "localhost:41785"
adminAddress: "localhost:43995"
startupRole: FOLLOWER
,id: "s0"
address: "localhost:42481"
dataStreamAddress: "localhost:43981"
clientAddress: "localhost:42743"
adminAddress: "localhost:44771"
startupRole: FOLLOWER
,id: "s1"
address: "localhost:44073"
dataStreamAddress: "localhost:35501"
clientAddress: "localhost:39477"
adminAddress: "localhost:36871"
startupRole: FOLLOWER
,id: "s2"
address: "localhost:38365"
dataStreamAddress: "localhost:38285"
clientAddress: "localhost:40537"
adminAddress: "localhost:35135"
startupRole: FOLLOWER
, old:)]
2022-09-14 11:47:21,327 [s4-server-thread2] INFO  server.RaftServer$Division (RaftServerImpl.java:checkInconsistentAppendEntries(1576)) - s4@group-12AB68C5691F: Failed appendEntries as the first entry (index 0) already exists (snapshotIndex: -1, commitIndex: 0)
2022-09-14 11:47:21,327 [s4-server-thread2] INFO  server.RaftServer$Division (RaftServerImpl.java:checkInconsistentAppendEntries(1556)) - s4@group-12AB68C5691F: inconsistency entries. Reply:s2<-s4#184:FAIL-t2,INCONSISTENCY,nextIndex=1,followerCommit=0,matchIndex=-1
2022-09-14 11:47:21,328 [grpc-default-executor-4] INFO  leader.FollowerInfo (FollowerInfoImpl.java:lambda$new$0(48)) - s2@group-12AB68C5691F->s4: nextIndex: updateUnconditionally 1 -> 1
2022-09-14 11:47:21,404 [s4-server-thread2] INFO  server.RaftServer$Division (RaftServerImpl.java:checkInconsistentAppendEntries(1586)) - s4@group-12AB68C5691F: Failed appendEntries as previous log entry ((t:2, i:0)) is not found
2022-09-14 11:47:21,404 [s4-server-thread2] INFO  server.RaftServer$Division (RaftServerImpl.java:checkInconsistentAppendEntries(1556)) - s4@group-12AB68C5691F: inconsistency entries. Reply:s2<-s4#185:FAIL-t2,INCONSISTENCY,nextIndex=0,followerCommit=0,matchIndex=-1
2022-09-14 11:47:21,405 [grpc-default-executor-37] INFO  leader.FollowerInfo (FollowerInfoImpl.java:lambda$new$0(48)) - s2@group-12AB68C5691F->s4: nextIndex: updateUnconditionally 1 -> 0
2022-09-14 11:47:21,405 [s4-server-thread2] DEBUG server.RaftServer$Division (RaftServerImpl.java:logAppendEntries(1405)) - s4@group-12AB68C5691F: receive appendEntries(s2, 2, null, 0, true, commits:[s2:c0, s3:c0, s4:c0, s0:c0, s1:c0], cId:186, entries: [(t:2, i:0), CONFIGURATIONENTRY(current:id: "s3"
address: "localhost:46799"
dataStreamAddress: "localhost:40281"
clientAddress: "localhost:46547"
adminAddress: "localhost:45171"
startupRole: FOLLOWER
,id: "s4"
address: "localhost:39419"
dataStreamAddress: "localhost:46687"
clientAddress: "localhost:41785"
adminAddress: "localhost:43995"
startupRole: FOLLOWER
,id: "s0"
address: "localhost:42481"
dataStreamAddress: "localhost:43981"
clientAddress: "localhost:42743"
adminAddress: "localhost:44771"
startupRole: FOLLOWER
,id: "s1"
address: "localhost:44073"
dataStreamAddress: "localhost:35501"
clientAddress: "localhost:39477"
adminAddress: "localhost:36871"
startupRole: FOLLOWER
,id: "s2"
address: "localhost:38365"
dataStreamAddress: "localhost:38285"
clientAddress: "localhost:40537"
adminAddress: "localhost:35135"
startupRole: FOLLOWER
, old:)]
2022-09-14 11:47:21,405 [s4-server-thread2] INFO  server.RaftServer$Division (RaftServerImpl.java:checkInconsistentAppendEntries(1576)) - s4@group-12AB68C5691F: Failed appendEntries as the first entry (index 0) already exists (snapshotIndex: -1, commitIndex: 0)
2022-09-14 11:47:21,405 [s4-server-thread2] INFO  server.RaftServer$Division (RaftServerImpl.java:checkInconsistentAppendEntries(1556)) - s4@group-12AB68C5691F: inconsistency entries. Reply:s2<-s4#186:FAIL-t2,INCONSISTENCY,nextIndex=1,followerCommit=0,matchIndex=-1
2022-09-14 11:47:21,406 [grpc-default-executor-37] INFO  leader.FollowerInfo (FollowerInfoImpl.java:lambda$new$0(48)) - s2@group-12AB68C5691F->s4: nextIndex: updateUnconditionally 1 -> 1
2022-09-14 11:47:21,483 [s4-server-thread2] INFO  server.RaftServer$Division (RaftServerImpl.java:checkInconsistentAppendEntries(1586)) - s4@group-12AB68C5691F: Failed appendEntries as previous log entry ((t:2, i:0)) is not found
2022-09-14 11:47:21,483 [s4-server-thread2] INFO  server.RaftServer$Division (RaftServerImpl.java:checkInconsistentAppendEntries(1556)) - s4@group-12AB68C5691F: inconsistency entries. Reply:s2<-s4#187:FAIL-t2,INCONSISTENCY,nextIndex=0,followerCommit=0,matchIndex=-1
2022-09-14 11:47:21,483 [grpc-default-executor-37] INFO  leader.FollowerInfo (FollowerInfoImpl.java:lambda$new$0(48)) - s2@group-12AB68C5691F->s4: nextIndex: updateUnconditionally 1 -> 0
2022-09-14 11:47:21,484 [s4-server-thread2] DEBUG server.RaftServer$Division (RaftServerImpl.java:logAppendEntries(1405)) - s4@group-12AB68C5691F: receive appendEntries(s2, 2, null, 0, true, commits:[s2:c0, s3:c0, s4:c0, s0:c0, s1:c0], cId:188, entries: [(t:2, i:0), CONFIGURATIONENTRY(current:id: "s3"
address: "localhost:46799"
dataStreamAddress: "localhost:40281"
clientAddress: "localhost:46547"
adminAddress: "localhost:45171"
startupRole: FOLLOWER
,id: "s4"
address: "localhost:39419"
dataStreamAddress: "localhost:46687"
clientAddress: "localhost:41785"
adminAddress: "localhost:43995"
startupRole: FOLLOWER
,id: "s0"
address: "localhost:42481"
dataStreamAddress: "localhost:43981"
clientAddress: "localhost:42743"
adminAddress: "localhost:44771"
startupRole: FOLLOWER
,id: "s1"
address: "localhost:44073"
dataStreamAddress: "localhost:35501"
clientAddress: "localhost:39477"
adminAddress: "localhost:36871"
startupRole: FOLLOWER
,id: "s2"
address: "localhost:38365"
dataStreamAddress: "localhost:38285"
clientAddress: "localhost:40537"
adminAddress: "localhost:35135"
startupRole: FOLLOWER
, old:)]
2022-09-14 11:47:21,484 [s4-server-thread2] INFO  server.RaftServer$Division (RaftServerImpl.java:checkInconsistentAppendEntries(1576)) - s4@group-12AB68C5691F: Failed appendEntries as the first entry (index 0) already exists (snapshotIndex: -1, commitIndex: 0)
2022-09-14 11:47:21,484 [s4-server-thread2] INFO  server.RaftServer$Division (RaftServerImpl.java:checkInconsistentAppendEntries(1556)) - s4@group-12AB68C5691F: inconsistency entries. Reply:s2<-s4#188:FAIL-t2,INCONSISTENCY,nextIndex=1,followerCommit=0,matchIndex=-1
2022-09-14 11:47:21,484 [grpc-default-executor-37] INFO  leader.FollowerInfo (FollowerInfoImpl.java:lambda$new$0(48)) - s2@group-12AB68C5691F->s4: nextIndex: updateUnconditionally 1 -> 1
2022-09-14 11:47:21,561 [s4-server-thread2] INFO  server.RaftServer$Division (RaftServerImpl.java:checkInconsistentAppendEntries(1586)) - s4@group-12AB68C5691F: Failed appendEntries as previous log entry ((t:2, i:0)) is not found
2022-09-14 11:47:21,561 [s4-server-thread2] INFO  server.RaftServer$Division (RaftServerImpl.java:checkInconsistentAppendEntries(1556)) - s4@group-12AB68C5691F: inconsistency entries. Reply:s2<-s4#189:FAIL-t2,INCONSISTENCY,nextIndex=0,followerCommit=0,matchIndex=-1
2022-09-14 11:47:21,562 [grpc-default-executor-37] INFO  leader.FollowerInfo (FollowerInfoImpl.java:lambda$new$0(48)) - s2@group-12AB68C5691F->s4: nextIndex: updateUnconditionally 1 -> 0
2022-09-14 11:47:21,563 [s4-server-thread2] DEBUG server.RaftServer$Division (RaftServerImpl.java:logAppendEntries(1405)) - s4@group-12AB68C5691F: receive appendEntries(s2, 2, null, 0, true, commits:[s2:c0, s3:c0, s4:c0, s0:c0, s1:c0], cId:190, entries: [(t:2, i:0), CONFIGURATIONENTRY(current:id: "s3"
address: "localhost:46799"
dataStreamAddress: "localhost:40281"
clientAddress: "localhost:46547"
adminAddress: "localhost:45171"
startupRole: FOLLOWER
,id: "s4"
address: "localhost:39419"
dataStreamAddress: "localhost:46687"
clientAddress: "localhost:41785"
adminAddress: "localhost:43995"
startupRole: FOLLOWER
,id: "s0"
address: "localhost:42481"
dataStreamAddress: "localhost:43981"
clientAddress: "localhost:42743"
adminAddress: "localhost:44771"
startupRole: FOLLOWER
,id: "s1"
address: "localhost:44073"
dataStreamAddress: "localhost:35501"
clientAddress: "localhost:39477"
adminAddress: "localhost:36871"
startupRole: FOLLOWER
,id: "s2"
address: "localhost:38365"
dataStreamAddress: "localhost:38285"
clientAddress: "localhost:40537"
adminAddress: "localhost:35135"
startupRole: FOLLOWER
, old:)]
2022-09-14 11:47:21,563 [s4-server-thread2] INFO  server.RaftServer$Division (RaftServerImpl.java:checkInconsistentAppendEntries(1576)) - s4@group-12AB68C5691F: Failed appendEntries as the first entry (index 0) already exists (snapshotIndex: -1, commitIndex: 0)
2022-09-14 11:47:21,564 [s4-server-thread2] INFO  server.RaftServer$Division (RaftServerImpl.java:checkInconsistentAppendEntries(1556)) - s4@group-12AB68C5691F: inconsistency entries. Reply:s2<-s4#190:FAIL-t2,INCONSISTENCY,nextIndex=1,followerCommit=0,matchIndex=-1
2022-09-14 11:47:21,565 [grpc-default-executor-37] INFO  leader.FollowerInfo (FollowerInfoImpl.java:lambda$new$0(48)) - s2@group-12AB68C5691F->s4: nextIndex: updateUnconditionally 1 -> 1
2022-09-14 11:47:21,641 [s4-server-thread2] INFO  server.RaftServer$Division (RaftServerImpl.java:checkInconsistentAppendEntries(1586)) - s4@group-12AB68C5691F: Failed appendEntries as previous log entry ((t:2, i:0)) is not found
2022-09-14 11:47:21,641 [s4-server-thread2] INFO  server.RaftServer$Division (RaftServerImpl.java:checkInconsistentAppendEntries(1556)) - s4@group-12AB68C5691F: inconsistency entries. Reply:s2<-s4#191:FAIL-t2,INCONSISTENCY,nextIndex=0,followerCommit=0,matchIndex=-1
2022-09-14 11:47:21,641 [grpc-default-executor-37] INFO  leader.FollowerInfo (FollowerInfoImpl.java:lambda$new$0(48)) - s2@group-12AB68C5691F->s4: nextIndex: updateUnconditionally 1 -> 0
2022-09-14 11:47:21,642 [s4-server-thread2] DEBUG server.RaftServer$Division (RaftServerImpl.java:logAppendEntries(1405)) - s4@group-12AB68C5691F: receive appendEntries(s2, 2, null, 0, true, commits:[s2:c0, s3:c0, s4:c0, s0:c0, s1:c0], cId:192, entries: [(t:2, i:0), CONFIGURATIONENTRY(current:id: "s3"
address: "localhost:46799"
dataStreamAddress: "localhost:40281"
clientAddress: "localhost:46547"
adminAddress: "localhost:45171"
startupRole: FOLLOWER
,id: "s4"
address: "localhost:39419"
dataStreamAddress: "localhost:46687"
clientAddress: "localhost:41785"
adminAddress: "localhost:43995"
startupRole: FOLLOWER
,id: "s0"
address: "localhost:42481"
dataStreamAddress: "localhost:43981"
clientAddress: "localhost:42743"
adminAddress: "localhost:44771"
startupRole: FOLLOWER
,id: "s1"
address: "localhost:44073"
dataStreamAddress: "localhost:35501"
clientAddress: "localhost:39477"
adminAddress: "localhost:36871"
startupRole: FOLLOWER
,id: "s2"
address: "localhost:38365"
dataStreamAddress: "localhost:38285"
clientAddress: "localhost:40537"
adminAddress: "localhost:35135"
startupRole: FOLLOWER
, old:)]
2022-09-14 11:47:21,642 [s4-server-thread2] INFO  server.RaftServer$Division (RaftServerImpl.java:checkInconsistentAppendEntries(1576)) - s4@group-12AB68C5691F: Failed appendEntries as the first entry (index 0) already exists (snapshotIndex: -1, commitIndex: 0)
2022-09-14 11:47:21,642 [s4-server-thread2] INFO  server.RaftServer$Division (RaftServerImpl.java:checkInconsistentAppendEntries(1556)) - s4@group-12AB68C5691F: inconsistency entries. Reply:s2<-s4#192:FAIL-t2,INCONSISTENCY,nextIndex=1,followerCommit=0,matchIndex=-1
2022-09-14 11:47:21,642 [grpc-default-executor-37] INFO  leader.FollowerInfo (FollowerInfoImpl.java:lambda$new$0(48)) - s2@group-12AB68C5691F->s4: nextIndex: updateUnconditionally 1 -> 1
2022-09-14 11:47:21,718 [s4-server-thread2] INFO  server.RaftServer$Division (RaftServerImpl.java:checkInconsistentAppendEntries(1586)) - s4@group-12AB68C5691F: Failed appendEntries as previous log entry ((t:2, i:0)) is not found
2022-09-14 11:47:21,719 [s4-server-thread2] INFO  server.RaftServer$Division (RaftServerImpl.java:checkInconsistentAppendEntries(1556)) - s4@group-12AB68C5691F: inconsistency entries. Reply:s2<-s4#193:FAIL-t2,INCONSISTENCY,nextIndex=0,followerCommit=0,matchIndex=-1
2022-09-14 11:47:21,719 [grpc-default-executor-39] INFO  leader.FollowerInfo (FollowerInfoImpl.java:lambda$new$0(48)) - s2@group-12AB68C5691F->s4: nextIndex: updateUnconditionally 1 -> 0
2022-09-14 11:47:21,720 [s4-server-thread2] DEBUG server.RaftServer$Division (RaftServerImpl.java:logAppendEntries(1405)) - s4@group-12AB68C5691F: receive appendEntries(s2, 2, null, 0, true, commits:[s2:c0, s3:c0, s4:c0, s0:c0, s1:c0], cId:194, entries: [(t:2, i:0), CONFIGURATIONENTRY(current:id: "s3"
address: "localhost:46799"
dataStreamAddress: "localhost:40281"
clientAddress: "localhost:46547"
adminAddress: "localhost:45171"
startupRole: FOLLOWER
,id: "s4"
address: "localhost:39419"
dataStreamAddress: "localhost:46687"
clientAddress: "localhost:41785"
adminAddress: "localhost:43995"
startupRole: FOLLOWER
,id: "s0"
address: "localhost:42481"
dataStreamAddress: "localhost:43981"
clientAddress: "localhost:42743"
adminAddress: "localhost:44771"
startupRole: FOLLOWER
,id: "s1"
address: "localhost:44073"
dataStreamAddress: "localhost:35501"
clientAddress: "localhost:39477"
adminAddress: "localhost:36871"
startupRole: FOLLOWER
,id: "s2"
address: "localhost:38365"
dataStreamAddress: "localhost:38285"
clientAddress: "localhost:40537"
adminAddress: "localhost:35135"
startupRole: FOLLOWER
, old:)]
2022-09-14 11:47:21,720 [s4-server-thread2] INFO  server.RaftServer$Division (RaftServerImpl.java:checkInconsistentAppendEntries(1576)) - s4@group-12AB68C5691F: Failed appendEntries as the first entry (index 0) already exists (snapshotIndex: -1, commitIndex: 0)
2022-09-14 11:47:21,720 [s4-server-thread2] INFO  server.RaftServer$Division (RaftServerImpl.java:checkInconsistentAppendEntries(1556)) - s4@group-12AB68C5691F: inconsistency entries. Reply:s2<-s4#194:FAIL-t2,INCONSISTENCY,nextIndex=1,followerCommit=0,matchIndex=-1
2022-09-14 11:47:21,721 [grpc-default-executor-39] INFO  leader.FollowerInfo (FollowerInfoImpl.java:lambda$new$0(48)) - s2@group-12AB68C5691F->s4: nextIndex: updateUnconditionally 1 -> 1
2022-09-14 11:47:21,797 [s4-server-thread2] INFO  server.RaftServer$Division (RaftServerImpl.java:checkInconsistentAppendEntries(1586)) - s4@group-12AB68C5691F: Failed appendEntries as previous log entry ((t:2, i:0)) is not found
2022-09-14 11:47:21,797 [s4-server-thread2] INFO  server.RaftServer$Division (RaftServerImpl.java:checkInconsistentAppendEntries(1556)) - s4@group-12AB68C5691F: inconsistency entries. Reply:s2<-s4#195:FAIL-t2,INCONSISTENCY,nextIndex=0,followerCommit=0,matchIndex=-1
2022-09-14 11:47:21,798 [grpc-default-executor-37] INFO  leader.FollowerInfo (FollowerInfoImpl.java:lambda$new$0(48)) - s2@group-12AB68C5691F->s4: nextIndex: updateUnconditionally 1 -> 0
2022-09-14 11:47:21,799 [s4-server-thread2] DEBUG server.RaftServer$Division (RaftServerImpl.java:logAppendEntries(1405)) - s4@group-12AB68C5691F: receive appendEntries(s2, 2, null, 0, true, commits:[s2:c0, s3:c0, s4:c0, s0:c0, s1:c0], cId:196, entries: [(t:2, i:0), CONFIGURATIONENTRY(current:id: "s3"
address: "localhost:46799"
dataStreamAddress: "localhost:40281"
clientAddress: "localhost:46547"
adminAddress: "localhost:45171"
startupRole: FOLLOWER
,id: "s4"
address: "localhost:39419"
dataStreamAddress: "localhost:46687"
clientAddress: "localhost:41785"
adminAddress: "localhost:43995"
startupRole: FOLLOWER
,id: "s0"
address: "localhost:42481"
dataStreamAddress: "localhost:43981"
clientAddress: "localhost:42743"
adminAddress: "localhost:44771"
startupRole: FOLLOWER
,id: "s1"
address: "localhost:44073"
dataStreamAddress: "localhost:35501"
clientAddress: "localhost:39477"
adminAddress: "localhost:36871"
startupRole: FOLLOWER
,id: "s2"
address: "localhost:38365"
dataStreamAddress: "localhost:38285"
clientAddress: "localhost:40537"
adminAddress: "localhost:35135"
startupRole: FOLLOWER
, old:)]
2022-09-14 11:47:21,799 [s4-server-thread2] INFO  server.RaftServer$Division (RaftServerImpl.java:checkInconsistentAppendEntries(1576)) - s4@group-12AB68C5691F: Failed appendEntries as the first entry (index 0) already exists (snapshotIndex: -1, commitIndex: 0)
2022-09-14 11:47:21,799 [s4-server-thread2] INFO  server.RaftServer$Division (RaftServerImpl.java:checkInconsistentAppendEntries(1556)) - s4@group-12AB68C5691F: inconsistency entries. Reply:s2<-s4#196:FAIL-t2,INCONSISTENCY,nextIndex=1,followerCommit=0,matchIndex=-1
2022-09-14 11:47:21,800 [grpc-default-executor-37] INFO  leader.FollowerInfo (FollowerInfoImpl.java:lambda$new$0(48)) - s2@group-12AB68C5691F->s4: nextIndex: updateUnconditionally 1 -> 1
2022-09-14 11:47:21,823 [Time-limited test] INFO  grpc.TestLeaderElectionWithGrpc (LeaderElectionTests.java:enforceLeader(292)) - try enforcing leader to s4 but new leader is s2
2022-09-14 11:47:21,823 [Time-limited test] INFO  server.RaftServerConfigKeys (ConfUtils.java:logGet(46)) - raft.server.rpc.timeout.max = 300ms (default)
2022-09-14 11:47:21,858 [s2@group-12AB68C5691F->s1-GrpcLogAppender-LogAppenderDaemon] INFO  util.CodeInjectionForTesting (DelayLocalExecutionInjection.java:execute(65)) - s2 delay 150 ms, args=[serverRequest {
  requestorId: "s2"
  replyId: "s1"
  raftGroupId {
    id: "\326\216l\301\220x@5\222b\022\253h\305i\037"
  }
  callId: 104
  slidingWindowEntry {
  }
}
leaderTerm: 2
previousLog {
  term: 2
}
initializing: true
commitInfos {
  server {
    id: "s2"
    address: "localhost:38365"
    dataStreamAddress: "localhost:38285"
    clientAddress: "localhost:40537"
    adminAddress: "localhost:35135"
    startupRole: FOLLOWER
  }
}
commitInfos {
  server {
    id: "s3"
    address: "localhost:46799"
    dataStreamAddress: "localhost:40281"
    clientAddress: "localhost:46547"
    adminAddress: "localhost:45171"
    startupRole: FOLLOWER
  }
}
commitInfos {
  server {
    id: "s4"
    address: "localhost:39419"
    dataStreamAddress: "localhost:46687"
    clientAddress: "localhost:41785"
    adminAddress: "localhost:43995"
    startupRole: FOLLOWER
  }
}
commitInfos {
  server {
    id: "s0"
    address: "localhost:42481"
    dataStreamAddress: "localhost:43981"
    clientAddress: "localhost:42743"
    adminAddress: "localhost:44771"
    startupRole: FOLLOWER
  }
}
commitInfos {
  server {
    id: "s1"
    address: "localhost:44073"
    dataStreamAddress: "localhost:35501"
    clientAddress: "localhost:39477"
    adminAddress: "localhost:36871"
    startupRole: FOLLOWER
  }
}
]
2022-09-14 11:47:21,859 [s2@group-12AB68C5691F->s0-GrpcLogAppender-LogAppenderDaemon] INFO  util.CodeInjectionForTesting (DelayLocalExecutionInjection.java:execute(65)) - s2 delay 150 ms, args=[serverRequest {
  requestorId: "s2"
  replyId: "s0"
  raftGroupId {
    id: "\326\216l\301\220x@5\222b\022\253h\305i\037"
  }
  callId: 104
  slidingWindowEntry {
  }
}
leaderTerm: 2
previousLog {
  term: 2
}
initializing: true
commitInfos {
  server {
    id: "s2"
    address: "localhost:38365"
    dataStreamAddress: "localhost:38285"
    clientAddress: "localhost:40537"
    adminAddress: "localhost:35135"
    startupRole: FOLLOWER
  }
}
commitInfos {
  server {
    id: "s3"
    address: "localhost:46799"
    dataStreamAddress: "localhost:40281"
    clientAddress: "localhost:46547"
    adminAddress: "localhost:45171"
    startupRole: FOLLOWER
  }
}
commitInfos {
  server {
    id: "s4"
    address: "localhost:39419"
    dataStreamAddress: "localhost:46687"
    clientAddress: "localhost:41785"
    adminAddress: "localhost:43995"
    startupRole: FOLLOWER
  }
}
commitInfos {
  server {
    id: "s0"
    address: "localhost:42481"
    dataStreamAddress: "localhost:43981"
    clientAddress: "localhost:42743"
    adminAddress: "localhost:44771"
    startupRole: FOLLOWER
  }
}
commitInfos {
  server {
    id: "s1"
    address: "localhost:44073"
    dataStreamAddress: "localhost:35501"
    clientAddress: "localhost:39477"
    adminAddress: "localhost:36871"
    startupRole: FOLLOWER
  }
}
]
2022-09-14 11:47:21,859 [s2@group-12AB68C5691F->s3-GrpcLogAppender-LogAppenderDaemon] INFO  util.CodeInjectionForTesting (DelayLocalExecutionInjection.java:execute(65)) - s2 delay 150 ms, args=[serverRequest {
  requestorId: "s2"
  replyId: "s3"
  raftGroupId {
    id: "\326\216l\301\220x@5\222b\022\253h\305i\037"
  }
  callId: 113
  slidingWindowEntry {
  }
}
leaderTerm: 2
previousLog {
  term: 2
}
initializing: true
commitInfos {
  server {
    id: "s2"
    address: "localhost:38365"
    dataStreamAddress: "localhost:38285"
    clientAddress: "localhost:40537"
    adminAddress: "localhost:35135"
    startupRole: FOLLOWER
  }
}
commitInfos {
  server {
    id: "s3"
    address: "localhost:46799"
    dataStreamAddress: "localhost:40281"
    clientAddress: "localhost:46547"
    adminAddress: "localhost:45171"
    startupRole: FOLLOWER
  }
}
commitInfos {
  server {
    id: "s4"
    address: "localhost:39419"
    dataStreamAddress: "localhost:46687"
    clientAddress: "localhost:41785"
    adminAddress: "localhost:43995"
    startupRole: FOLLOWER
  }
}
commitInfos {
  server {
    id: "s0"
    address: "localhost:42481"
    dataStreamAddress: "localhost:43981"
    clientAddress: "localhost:42743"
    adminAddress: "localhost:44771"
    startupRole: FOLLOWER
  }
}
commitInfos {
  server {
    id: "s1"
    address: "localhost:44073"
    dataStreamAddress: "localhost:35501"
    clientAddress: "localhost:39477"
    adminAddress: "localhost:36871"
    startupRole: FOLLOWER
  }
}
]
2022-09-14 11:47:21,875 [s2@group-12AB68C5691F->s4-GrpcLogAppender-LogAppenderDaemon] INFO  util.CodeInjectionForTesting (DelayLocalExecutionInjection.java:execute(65)) - s2 delay 150 ms, args=[serverRequest {
  requestorId: "s2"
  replyId: "s4"
  raftGroupId {
    id: "\326\216l\301\220x@5\222b\022\253h\305i\037"
  }
  callId: 197
  slidingWindowEntry {
  }
}
leaderTerm: 2
previousLog {
  term: 2
}
initializing: true
commitInfos {
  server {
    id: "s2"
    address: "localhost:38365"
    dataStreamAddress: "localhost:38285"
    clientAddress: "localhost:40537"
    adminAddress: "localhost:35135"
    startupRole: FOLLOWER
  }
}
commitInfos {
  server {
    id: "s3"
    address: "localhost:46799"
    dataStreamAddress: "localhost:40281"
    clientAddress: "localhost:46547"
    adminAddress: "localhost:45171"
    startupRole: FOLLOWER
  }
}
commitInfos {
  server {
    id: "s4"
    address: "localhost:39419"
    dataStreamAddress: "localhost:46687"
    clientAddress: "localhost:41785"
    adminAddress: "localhost:43995"
    startupRole: FOLLOWER
  }
}
commitInfos {
  server {
    id: "s0"
    address: "localhost:42481"
    dataStreamAddress: "localhost:43981"
    clientAddress: "localhost:42743"
    adminAddress: "localhost:44771"
    startupRole: FOLLOWER
  }
}
commitInfos {
  server {
    id: "s1"
    address: "localhost:44073"
    dataStreamAddress: "localhost:35501"
    clientAddress: "localhost:39477"
    adminAddress: "localhost:36871"
    startupRole: FOLLOWER
  }
}
]
2022-09-14 11:47:22,026 [s4-server-thread2] INFO  util.CodeInjectionForTesting (BlockRequestHandlingInjection.java:execute(77)) - s4: Block request from s2
2022-09-14 11:47:22,063 [s2@group-12AB68C5691F->s4-GrpcLogAppender-LogAppenderDaemon] INFO  util.CodeInjectionForTesting (DelayLocalExecutionInjection.java:execute(65)) - s2 delay 150 ms, args=[serverRequest {
  requestorId: "s2"
  replyId: "s4"
  raftGroupId {
    id: "\326\216l\301\220x@5\222b\022\253h\305i\037"
  }
  callId: 198
  slidingWindowEntry {
  }
}
leaderTerm: 2
previousLog {
  term: 2
}
initializing: true
commitInfos {
  server {
    id: "s2"
    address: "localhost:38365"
    dataStreamAddress: "localhost:38285"
    clientAddress: "localhost:40537"
    adminAddress: "localhost:35135"
    startupRole: FOLLOWER
  }
}
commitInfos {
  server {
    id: "s3"
    address: "localhost:46799"
    dataStreamAddress: "localhost:40281"
    clientAddress: "localhost:46547"
    adminAddress: "localhost:45171"
    startupRole: FOLLOWER
  }
}
commitInfos {
  server {
    id: "s4"
    address: "localhost:39419"
    dataStreamAddress: "localhost:46687"
    clientAddress: "localhost:41785"
    adminAddress: "localhost:43995"
    startupRole: FOLLOWER
  }
}
commitInfos {
  server {
    id: "s0"
    address: "localhost:42481"
    dataStreamAddress: "localhost:43981"
    clientAddress: "localhost:42743"
    adminAddress: "localhost:44771"
    startupRole: FOLLOWER
  }
}
commitInfos {
  server {
    id: "s1"
    address: "localhost:44073"
    dataStreamAddress: "localhost:35501"
    clientAddress: "localhost:39477"
    adminAddress: "localhost:36871"
    startupRole: FOLLOWER
  }
}
]
2022-09-14 11:47:22,087 [s2@group-12AB68C5691F->s0-GrpcLogAppender-LogAppenderDaemon] INFO  util.CodeInjectionForTesting (DelayLocalExecutionInjection.java:execute(65)) - s2 delay 150 ms, args=[serverRequest {
  requestorId: "s2"
  replyId: "s0"
  raftGroupId {
    id: "\326\216l\301\220x@5\222b\022\253h\305i\037"
  }
  callId: 105
  slidingWindowEntry {
  }
}
leaderTerm: 2
previousLog {
  term: 2
}
initializing: true
commitInfos {
  server {
    id: "s2"
    address: "localhost:38365"
    dataStreamAddress: "localhost:38285"
    clientAddress: "localhost:40537"
    adminAddress: "localhost:35135"
    startupRole: FOLLOWER
  }
}
commitInfos {
  server {
    id: "s3"
    address: "localhost:46799"
    dataStreamAddress: "localhost:40281"
    clientAddress: "localhost:46547"
    adminAddress: "localhost:45171"
    startupRole: FOLLOWER
  }
}
commitInfos {
  server {
    id: "s4"
    address: "localhost:39419"
    dataStreamAddress: "localhost:46687"
    clientAddress: "localhost:41785"
    adminAddress: "localhost:43995"
    startupRole: FOLLOWER
  }
}
commitInfos {
  server {
    id: "s0"
    address: "localhost:42481"
    dataStreamAddress: "localhost:43981"
    clientAddress: "localhost:42743"
    adminAddress: "localhost:44771"
    startupRole: FOLLOWER
  }
}
commitInfos {
  server {
    id: "s1"
    address: "localhost:44073"
    dataStreamAddress: "localhost:35501"
    clientAddress: "localhost:39477"
    adminAddress: "localhost:36871"
    startupRole: FOLLOWER
  }
}
]
2022-09-14 11:47:22,087 [s2@group-12AB68C5691F->s3-GrpcLogAppender-LogAppenderDaemon] INFO  util.CodeInjectionForTesting (DelayLocalExecutionInjection.java:execute(65)) - s2 delay 150 ms, args=[serverRequest {
  requestorId: "s2"
  replyId: "s3"
  raftGroupId {
    id: "\326\216l\301\220x@5\222b\022\253h\305i\037"
  }
  callId: 114
  slidingWindowEntry {
  }
}
leaderTerm: 2
previousLog {
  term: 2
}
initializing: true
commitInfos {
  server {
    id: "s2"
    address: "localhost:38365"
    dataStreamAddress: "localhost:38285"
    clientAddress: "localhost:40537"
    adminAddress: "localhost:35135"
    startupRole: FOLLOWER
  }
}
commitInfos {
  server {
    id: "s3"
    address: "localhost:46799"
    dataStreamAddress: "localhost:40281"
    clientAddress: "localhost:46547"
    adminAddress: "localhost:45171"
    startupRole: FOLLOWER
  }
}
commitInfos {
  server {
    id: "s4"
    address: "localhost:39419"
    dataStreamAddress: "localhost:46687"
    clientAddress: "localhost:41785"
    adminAddress: "localhost:43995"
    startupRole: FOLLOWER
  }
}
commitInfos {
  server {
    id: "s0"
    address: "localhost:42481"
    dataStreamAddress: "localhost:43981"
    clientAddress: "localhost:42743"
    adminAddress: "localhost:44771"
    startupRole: FOLLOWER
  }
}
commitInfos {
  server {
    id: "s1"
    address: "localhost:44073"
    dataStreamAddress: "localhost:35501"
    clientAddress: "localhost:39477"
    adminAddress: "localhost:36871"
    startupRole: FOLLOWER
  }
}
]
2022-09-14 11:47:22,088 [s2@group-12AB68C5691F->s1-GrpcLogAppender-LogAppenderDaemon] INFO  util.CodeInjectionForTesting (DelayLocalExecutionInjection.java:execute(65)) - s2 delay 150 ms, args=[serverRequest {
  requestorId: "s2"
  replyId: "s1"
  raftGroupId {
    id: "\326\216l\301\220x@5\222b\022\253h\305i\037"
  }
  callId: 105
  slidingWindowEntry {
  }
}
leaderTerm: 2
previousLog {
  term: 2
}
initializing: true
commitInfos {
  server {
    id: "s2"
    address: "localhost:38365"
    dataStreamAddress: "localhost:38285"
    clientAddress: "localhost:40537"
    adminAddress: "localhost:35135"
    startupRole: FOLLOWER
  }
}
commitInfos {
  server {
    id: "s3"
    address: "localhost:46799"
    dataStreamAddress: "localhost:40281"
    clientAddress: "localhost:46547"
    adminAddress: "localhost:45171"
    startupRole: FOLLOWER
  }
}
commitInfos {
  server {
    id: "s4"
    address: "localhost:39419"
    dataStreamAddress: "localhost:46687"
    clientAddress: "localhost:41785"
    adminAddress: "localhost:43995"
    startupRole: FOLLOWER
  }
}
commitInfos {
  server {
    id: "s0"
    address: "localhost:42481"
    dataStreamAddress: "localhost:43981"
    clientAddress: "localhost:42743"
    adminAddress: "localhost:44771"
    startupRole: FOLLOWER
  }
}
commitInfos {
  server {
    id: "s1"
    address: "localhost:44073"
    dataStreamAddress: "localhost:35501"
    clientAddress: "localhost:39477"
    adminAddress: "localhost:36871"
    startupRole: FOLLOWER
  }
}
]
2022-09-14 11:47:22,213 [s4@group-12AB68C5691F-FollowerState] INFO  impl.FollowerState (FollowerState.java:run(141)) - s4@group-12AB68C5691F-FollowerState: change to CANDIDATE, lastRpcElapsedTime:414235276ns, electionTimeout:260ms
2022-09-14 11:47:22,214 [s4@group-12AB68C5691F-FollowerState] INFO  impl.RoleInfo (RoleInfo.java:shutdownFollowerState(110)) - s4: shutdown s4@group-12AB68C5691F-FollowerState
2022-09-14 11:47:22,214 [s4@group-12AB68C5691F-FollowerState] INFO  server.RaftServer$Division (RaftServerImpl.java:setRole(317)) - s4@group-12AB68C5691F: changes role from  FOLLOWER to CANDIDATE at term 2 for changeToCandidate
2022-09-14 11:47:22,214 [s4@group-12AB68C5691F-FollowerState] INFO  server.RaftServerConfigKeys (ConfUtils.java:logGet(46)) - raft.server.leaderelection.pre-vote = true (default)
2022-09-14 11:47:22,214 [s4@group-12AB68C5691F-FollowerState] INFO  impl.RoleInfo (RoleInfo.java:updateAndGet(139)) - s4: start s4@group-12AB68C5691F-LeaderElection34
2022-09-14 11:47:22,215 [s4@group-12AB68C5691F-LeaderElection34] INFO  server.RaftServer$Division (ServerState.java:setLeader(259)) - s4@group-12AB68C5691F: change Leader from s2 to null at term 2 for PRE_VOTE
2022-09-14 11:47:22,216 [s4@group-12AB68C5691F-LeaderElection34] INFO  impl.LeaderElection (LeaderElection.java:askForVotes(308)) - s4@group-12AB68C5691F-LeaderElection34 PRE_VOTE round 0: submit vote requests at term 2 for 0: peers:[s3|rpc:localhost:46799|admin:localhost:45171|client:localhost:46547|dataStream:localhost:40281|priority:0|startupRole:FOLLOWER, s4|rpc:localhost:39419|admin:localhost:43995|client:localhost:41785|dataStream:localhost:46687|priority:0|startupRole:FOLLOWER, s0|rpc:localhost:42481|admin:localhost:44771|client:localhost:42743|dataStream:localhost:43981|priority:0|startupRole:FOLLOWER, s1|rpc:localhost:44073|admin:localhost:36871|client:localhost:39477|dataStream:localhost:35501|priority:0|startupRole:FOLLOWER, s2|rpc:localhost:38365|admin:localhost:35135|client:localhost:40537|dataStream:localhost:38285|priority:0|startupRole:FOLLOWER]|listeners:[], old=null
2022-09-14 11:47:22,219 [grpc-default-executor-39] INFO  server.RaftServer$Division (RaftServerImpl.java:requestVote(1281)) - s3@group-12AB68C5691F: receive requestVote(PRE_VOTE, s4, group-12AB68C5691F, 2, (t:1, i:0))
2022-09-14 11:47:22,220 [grpc-default-executor-39] INFO  impl.VoteContext (VoteContext.java:log(49)) - s3@group-12AB68C5691F-FOLLOWER: reject PRE_VOTE from s4: our last entry (t:2, i:0) > candidate's last entry (t:1, i:0)
2022-09-14 11:47:22,220 [grpc-default-executor-39] INFO  server.RaftServer$Division (RaftServerImpl.java:requestVote(1314)) - s3@group-12AB68C5691F replies to PRE_VOTE vote request: s4<-s3#0:FAIL-t2. Peer's state: s3@group-12AB68C5691F:t2, leader=s2, voted=s2, raftlog=Memoized:s3@group-12AB68C5691F-SegmentedRaftLog:OPENED:c0, conf=0: peers:[s3|rpc:localhost:46799|admin:localhost:45171|client:localhost:46547|dataStream:localhost:40281|priority:0|startupRole:FOLLOWER, s4|rpc:localhost:39419|admin:localhost:43995|client:localhost:41785|dataStream:localhost:46687|priority:0|startupRole:FOLLOWER, s0|rpc:localhost:42481|admin:localhost:44771|client:localhost:42743|dataStream:localhost:43981|priority:0|startupRole:FOLLOWER, s1|rpc:localhost:44073|admin:localhost:36871|client:localhost:39477|dataStream:localhost:35501|priority:0|startupRole:FOLLOWER, s2|rpc:localhost:38365|admin:localhost:35135|client:localhost:40537|dataStream:localhost:38285|priority:0|startupRole:FOLLOWER]|listeners:[], old=null
2022-09-14 11:47:22,220 [grpc-default-executor-4] INFO  server.RaftServer$Division (RaftServerImpl.java:requestVote(1281)) - s1@group-12AB68C5691F: receive requestVote(PRE_VOTE, s4, group-12AB68C5691F, 2, (t:1, i:0))
2022-09-14 11:47:22,220 [grpc-default-executor-4] INFO  impl.VoteContext (VoteContext.java:log(49)) - s1@group-12AB68C5691F-FOLLOWER: reject PRE_VOTE from s4: our last entry (t:2, i:0) > candidate's last entry (t:1, i:0)
2022-09-14 11:47:22,220 [grpc-default-executor-4] INFO  server.RaftServer$Division (RaftServerImpl.java:requestVote(1314)) - s1@group-12AB68C5691F replies to PRE_VOTE vote request: s4<-s1#0:FAIL-t2. Peer's state: s1@group-12AB68C5691F:t2, leader=s2, voted=s2, raftlog=Memoized:s1@group-12AB68C5691F-SegmentedRaftLog:OPENED:c0, conf=0: peers:[s3|rpc:localhost:46799|admin:localhost:45171|client:localhost:46547|dataStream:localhost:40281|priority:0|startupRole:FOLLOWER, s4|rpc:localhost:39419|admin:localhost:43995|client:localhost:41785|dataStream:localhost:46687|priority:0|startupRole:FOLLOWER, s0|rpc:localhost:42481|admin:localhost:44771|client:localhost:42743|dataStream:localhost:43981|priority:0|startupRole:FOLLOWER, s1|rpc:localhost:44073|admin:localhost:36871|client:localhost:39477|dataStream:localhost:35501|priority:0|startupRole:FOLLOWER, s2|rpc:localhost:38365|admin:localhost:35135|client:localhost:40537|dataStream:localhost:38285|priority:0|startupRole:FOLLOWER]|listeners:[], old=null
2022-09-14 11:47:22,220 [grpc-default-executor-11] INFO  server.RaftServer$Division (RaftServerImpl.java:requestVote(1281)) - s0@group-12AB68C5691F: receive requestVote(PRE_VOTE, s4, group-12AB68C5691F, 2, (t:1, i:0))
2022-09-14 11:47:22,221 [grpc-default-executor-19] INFO  server.RaftServer$Division (RaftServerImpl.java:requestVote(1281)) - s2@group-12AB68C5691F: receive requestVote(PRE_VOTE, s4, group-12AB68C5691F, 2, (t:1, i:0))
2022-09-14 11:47:22,221 [grpc-default-executor-19] INFO  impl.VoteContext (VoteContext.java:log(49)) - s2@group-12AB68C5691F-LEADER: reject PRE_VOTE from s4: this server is the leader and still has leadership
2022-09-14 11:47:22,221 [grpc-default-executor-19] INFO  server.RaftServer$Division (RaftServerImpl.java:requestVote(1314)) - s2@group-12AB68C5691F replies to PRE_VOTE vote request: s4<-s2#0:FAIL-t2. Peer's state: s2@group-12AB68C5691F:t2, leader=s2, voted=s2, raftlog=Memoized:s2@group-12AB68C5691F-SegmentedRaftLog:OPENED:c0, conf=0: peers:[s3|rpc:localhost:46799|admin:localhost:45171|client:localhost:46547|dataStream:localhost:40281|priority:0|startupRole:FOLLOWER, s4|rpc:localhost:39419|admin:localhost:43995|client:localhost:41785|dataStream:localhost:46687|priority:0|startupRole:FOLLOWER, s0|rpc:localhost:42481|admin:localhost:44771|client:localhost:42743|dataStream:localhost:43981|priority:0|startupRole:FOLLOWER, s1|rpc:localhost:44073|admin:localhost:36871|client:localhost:39477|dataStream:localhost:35501|priority:0|startupRole:FOLLOWER, s2|rpc:localhost:38365|admin:localhost:35135|client:localhost:40537|dataStream:localhost:38285|priority:0|startupRole:FOLLOWER]|listeners:[], old=null
2022-09-14 11:47:22,221 [grpc-default-executor-11] INFO  impl.VoteContext (VoteContext.java:log(49)) - s0@group-12AB68C5691F-FOLLOWER: reject PRE_VOTE from s4: our last entry (t:2, i:0) > candidate's last entry (t:1, i:0)
2022-09-14 11:47:22,221 [grpc-default-executor-11] INFO  server.RaftServer$Division (RaftServerImpl.java:requestVote(1314)) - s0@group-12AB68C5691F replies to PRE_VOTE vote request: s4<-s0#0:FAIL-t2. Peer's state: s0@group-12AB68C5691F:t2, leader=s2, voted=s2, raftlog=Memoized:s0@group-12AB68C5691F-SegmentedRaftLog:OPENED:c0, conf=0: peers:[s3|rpc:localhost:46799|admin:localhost:45171|client:localhost:46547|dataStream:localhost:40281|priority:0|startupRole:FOLLOWER, s4|rpc:localhost:39419|admin:localhost:43995|client:localhost:41785|dataStream:localhost:46687|priority:0|startupRole:FOLLOWER, s0|rpc:localhost:42481|admin:localhost:44771|client:localhost:42743|dataStream:localhost:43981|priority:0|startupRole:FOLLOWER, s1|rpc:localhost:44073|admin:localhost:36871|client:localhost:39477|dataStream:localhost:35501|priority:0|startupRole:FOLLOWER, s2|rpc:localhost:38365|admin:localhost:35135|client:localhost:40537|dataStream:localhost:38285|priority:0|startupRole:FOLLOWER]|listeners:[], old=null
2022-09-14 11:47:22,224 [s4@group-12AB68C5691F-LeaderElection34] INFO  impl.LeaderElection (LeaderElection.java:logAndReturn(89)) - s4@group-12AB68C5691F-LeaderElection34: PRE_VOTE REJECTED received 3 response(s) and 0 exception(s):
2022-09-14 11:47:22,224 [s4@group-12AB68C5691F-LeaderElection34] INFO  impl.LeaderElection (LeaderElection.java:logAndReturn(93)) -   Response 0: s4<-s3#0:FAIL-t2
2022-09-14 11:47:22,224 [s4@group-12AB68C5691F-LeaderElection34] INFO  impl.LeaderElection (LeaderElection.java:logAndReturn(93)) -   Response 1: s4<-s1#0:FAIL-t2
2022-09-14 11:47:22,224 [s4@group-12AB68C5691F-LeaderElection34] INFO  impl.LeaderElection (LeaderElection.java:logAndReturn(93)) -   Response 2: s4<-s2#0:FAIL-t2
2022-09-14 11:47:22,224 [s4@group-12AB68C5691F-LeaderElection34] INFO  impl.LeaderElection (LeaderElection.java:askForVotes(310)) - s4@group-12AB68C5691F-LeaderElection34 PRE_VOTE round 0: result REJECTED
2022-09-14 11:47:22,224 [s4@group-12AB68C5691F-LeaderElection34] INFO  server.RaftServer$Division (RaftServerImpl.java:setRole(317)) - s4@group-12AB68C5691F: changes role from CANDIDATE to FOLLOWER at term 2 for REJECTED
2022-09-14 11:47:22,224 [s4@group-12AB68C5691F-LeaderElection34] INFO  impl.RoleInfo (RoleInfo.java:shutdownLeaderElection(130)) - s4: shutdown s4@group-12AB68C5691F-LeaderElection34
2022-09-14 11:47:22,224 [s4@group-12AB68C5691F-LeaderElection34] INFO  impl.RoleInfo (RoleInfo.java:updateAndGet(139)) - s4: start s4@group-12AB68C5691F-FollowerState
2022-09-14 11:47:22,251 [s2@group-12AB68C5691F->s4-GrpcLogAppender-LogAppenderDaemon] INFO  util.CodeInjectionForTesting (DelayLocalExecutionInjection.java:execute(65)) - s2 delay 150 ms, args=[serverRequest {
  requestorId: "s2"
  replyId: "s4"
  raftGroupId {
    id: "\326\216l\301\220x@5\222b\022\253h\305i\037"
  }
  callId: 199
  slidingWindowEntry {
  }
}
leaderTerm: 2
previousLog {
  term: 2
}
initializing: true
commitInfos {
  server {
    id: "s2"
    address: "localhost:38365"
    dataStreamAddress: "localhost:38285"
    clientAddress: "localhost:40537"
    adminAddress: "localhost:35135"
    startupRole: FOLLOWER
  }
}
commitInfos {
  server {
    id: "s3"
    address: "localhost:46799"
    dataStreamAddress: "localhost:40281"
    clientAddress: "localhost:46547"
    adminAddress: "localhost:45171"
    startupRole: FOLLOWER
  }
}
commitInfos {
  server {
    id: "s4"
    address: "localhost:39419"
    dataStreamAddress: "localhost:46687"
    clientAddress: "localhost:41785"
    adminAddress: "localhost:43995"
    startupRole: FOLLOWER
  }
}
commitInfos {
  server {
    id: "s0"
    address: "localhost:42481"
    dataStreamAddress: "localhost:43981"
    clientAddress: "localhost:42743"
    adminAddress: "localhost:44771"
    startupRole: FOLLOWER
  }
}
commitInfos {
  server {
    id: "s1"
    address: "localhost:44073"
    dataStreamAddress: "localhost:35501"
    clientAddress: "localhost:39477"
    adminAddress: "localhost:36871"
    startupRole: FOLLOWER
  }
}
]
2022-09-14 11:47:22,315 [s2@group-12AB68C5691F->s0-GrpcLogAppender-LogAppenderDaemon] INFO  util.CodeInjectionForTesting (DelayLocalExecutionInjection.java:execute(65)) - s2 delay 150 ms, args=[serverRequest {
  requestorId: "s2"
  replyId: "s0"
  raftGroupId {
    id: "\326\216l\301\220x@5\222b\022\253h\305i\037"
  }
  callId: 106
  slidingWindowEntry {
  }
}
leaderTerm: 2
previousLog {
  term: 2
}
initializing: true
commitInfos {
  server {
    id: "s2"
    address: "localhost:38365"
    dataStreamAddress: "localhost:38285"
    clientAddress: "localhost:40537"
    adminAddress: "localhost:35135"
    startupRole: FOLLOWER
  }
}
commitInfos {
  server {
    id: "s3"
    address: "localhost:46799"
    dataStreamAddress: "localhost:40281"
    clientAddress: "localhost:46547"
    adminAddress: "localhost:45171"
    startupRole: FOLLOWER
  }
}
commitInfos {
  server {
    id: "s4"
    address: "localhost:39419"
    dataStreamAddress: "localhost:46687"
    clientAddress: "localhost:41785"
    adminAddress: "localhost:43995"
    startupRole: FOLLOWER
  }
}
commitInfos {
  server {
    id: "s0"
    address: "localhost:42481"
    dataStreamAddress: "localhost:43981"
    clientAddress: "localhost:42743"
    adminAddress: "localhost:44771"
    startupRole: FOLLOWER
  }
}
commitInfos {
  server {
    id: "s1"
    address: "localhost:44073"
    dataStreamAddress: "localhost:35501"
    clientAddress: "localhost:39477"
    adminAddress: "localhost:36871"
    startupRole: FOLLOWER
  }
}
]
2022-09-14 11:47:22,316 [s2@group-12AB68C5691F->s3-GrpcLogAppender-LogAppenderDaemon] INFO  util.CodeInjectionForTesting (DelayLocalExecutionInjection.java:execute(65)) - s2 delay 150 ms, args=[serverRequest {
  requestorId: "s2"
  replyId: "s3"
  raftGroupId {
    id: "\326\216l\301\220x@5\222b\022\253h\305i\037"
  }
  callId: 115
  slidingWindowEntry {
  }
}
leaderTerm: 2
previousLog {
  term: 2
}
initializing: true
commitInfos {
  server {
    id: "s2"
    address: "localhost:38365"
    dataStreamAddress: "localhost:38285"
    clientAddress: "localhost:40537"
    adminAddress: "localhost:35135"
    startupRole: FOLLOWER
  }
}
commitInfos {
  server {
    id: "s3"
    address: "localhost:46799"
    dataStreamAddress: "localhost:40281"
    clientAddress: "localhost:46547"
    adminAddress: "localhost:45171"
    startupRole: FOLLOWER
  }
}
commitInfos {
  server {
    id: "s4"
    address: "localhost:39419"
    dataStreamAddress: "localhost:46687"
    clientAddress: "localhost:41785"
    adminAddress: "localhost:43995"
    startupRole: FOLLOWER
  }
}
commitInfos {
  server {
    id: "s0"
    address: "localhost:42481"
    dataStreamAddress: "localhost:43981"
    clientAddress: "localhost:42743"
    adminAddress: "localhost:44771"
    startupRole: FOLLOWER
  }
}
commitInfos {
  server {
    id: "s1"
    address: "localhost:44073"
    dataStreamAddress: "localhost:35501"
    clientAddress: "localhost:39477"
    adminAddress: "localhost:36871"
    startupRole: FOLLOWER
  }
}
]
2022-09-14 11:47:22,316 [s2@group-12AB68C5691F->s1-GrpcLogAppender-LogAppenderDaemon] INFO  util.CodeInjectionForTesting (DelayLocalExecutionInjection.java:execute(65)) - s2 delay 150 ms, args=[serverRequest {
  requestorId: "s2"
  replyId: "s1"
  raftGroupId {
    id: "\326\216l\301\220x@5\222b\022\253h\305i\037"
  }
  callId: 106
  slidingWindowEntry {
  }
}
leaderTerm: 2
previousLog {
  term: 2
}
initializing: true
commitInfos {
  server {
    id: "s2"
    address: "localhost:38365"
    dataStreamAddress: "localhost:38285"
    clientAddress: "localhost:40537"
    adminAddress: "localhost:35135"
    startupRole: FOLLOWER
  }
}
commitInfos {
  server {
    id: "s3"
    address: "localhost:46799"
    dataStreamAddress: "localhost:40281"
    clientAddress: "localhost:46547"
    adminAddress: "localhost:45171"
    startupRole: FOLLOWER
  }
}
commitInfos {
  server {
    id: "s4"
    address: "localhost:39419"
    dataStreamAddress: "localhost:46687"
    clientAddress: "localhost:41785"
    adminAddress: "localhost:43995"
    startupRole: FOLLOWER
  }
}
commitInfos {
  server {
    id: "s0"
    address: "localhost:42481"
    dataStreamAddress: "localhost:43981"
    clientAddress: "localhost:42743"
    adminAddress: "localhost:44771"
    startupRole: FOLLOWER
  }
}
commitInfos {
  server {
    id: "s1"
    address: "localhost:44073"
    dataStreamAddress: "localhost:35501"
    clientAddress: "localhost:39477"
    adminAddress: "localhost:36871"
    startupRole: FOLLOWER
  }
}
]
2022-09-14 11:47:22,439 [s2@group-12AB68C5691F->s4-GrpcLogAppender-LogAppenderDaemon] INFO  util.CodeInjectionForTesting (DelayLocalExecutionInjection.java:execute(65)) - s2 delay 150 ms, args=[serverRequest {
  requestorId: "s2"
  replyId: "s4"
  raftGroupId {
    id: "\326\216l\301\220x@5\222b\022\253h\305i\037"
  }
  callId: 200
  slidingWindowEntry {
  }
}
leaderTerm: 2
previousLog {
  term: 2
}
initializing: true
commitInfos {
  server {
    id: "s2"
    address: "localhost:38365"
    dataStreamAddress: "localhost:38285"
    clientAddress: "localhost:40537"
    adminAddress: "localhost:35135"
    startupRole: FOLLOWER
  }
}
commitInfos {
  server {
    id: "s3"
    address: "localhost:46799"
    dataStreamAddress: "localhost:40281"
    clientAddress: "localhost:46547"
    adminAddress: "localhost:45171"
    startupRole: FOLLOWER
  }
}
commitInfos {
  server {
    id: "s4"
    address: "localhost:39419"
    dataStreamAddress: "localhost:46687"
    clientAddress: "localhost:41785"
    adminAddress: "localhost:43995"
    startupRole: FOLLOWER
  }
}
commitInfos {
  server {
    id: "s0"
    address: "localhost:42481"
    dataStreamAddress: "localhost:43981"
    clientAddress: "localhost:42743"
    adminAddress: "localhost:44771"
    startupRole: FOLLOWER
  }
}
commitInfos {
  server {
    id: "s1"
    address: "localhost:44073"
    dataStreamAddress: "localhost:35501"
    clientAddress: "localhost:39477"
    adminAddress: "localhost:36871"
    startupRole: FOLLOWER
  }
}
]
2022-09-14 11:47:22,446 [s4@group-12AB68C5691F-FollowerState] INFO  impl.FollowerState (FollowerState.java:run(141)) - s4@group-12AB68C5691F-FollowerState: change to CANDIDATE, lastRpcElapsedTime:221671865ns, electionTimeout:221ms
2022-09-14 11:47:22,446 [s4@group-12AB68C5691F-FollowerState] INFO  impl.RoleInfo (RoleInfo.java:shutdownFollowerState(110)) - s4: shutdown s4@group-12AB68C5691F-FollowerState
2022-09-14 11:47:22,446 [s4@group-12AB68C5691F-FollowerState] INFO  server.RaftServer$Division (RaftServerImpl.java:setRole(317)) - s4@group-12AB68C5691F: changes role from  FOLLOWER to CANDIDATE at term 2 for changeToCandidate
2022-09-14 11:47:22,446 [s4@group-12AB68C5691F-FollowerState] INFO  server.RaftServerConfigKeys (ConfUtils.java:logGet(46)) - raft.server.leaderelection.pre-vote = true (default)
2022-09-14 11:47:22,446 [s4@group-12AB68C5691F-FollowerState] INFO  impl.RoleInfo (RoleInfo.java:updateAndGet(139)) - s4: start s4@group-12AB68C5691F-LeaderElection35
2022-09-14 11:47:22,451 [s4@group-12AB68C5691F-LeaderElection35] INFO  impl.LeaderElection (LeaderElection.java:askForVotes(308)) - s4@group-12AB68C5691F-LeaderElection35 PRE_VOTE round 0: submit vote requests at term 2 for 0: peers:[s3|rpc:localhost:46799|admin:localhost:45171|client:localhost:46547|dataStream:localhost:40281|priority:0|startupRole:FOLLOWER, s4|rpc:localhost:39419|admin:localhost:43995|client:localhost:41785|dataStream:localhost:46687|priority:0|startupRole:FOLLOWER, s0|rpc:localhost:42481|admin:localhost:44771|client:localhost:42743|dataStream:localhost:43981|priority:0|startupRole:FOLLOWER, s1|rpc:localhost:44073|admin:localhost:36871|client:localhost:39477|dataStream:localhost:35501|priority:0|startupRole:FOLLOWER, s2|rpc:localhost:38365|admin:localhost:35135|client:localhost:40537|dataStream:localhost:38285|priority:0|startupRole:FOLLOWER]|listeners:[], old=null
2022-09-14 11:47:22,453 [grpc-default-executor-39] INFO  server.RaftServer$Division (RaftServerImpl.java:requestVote(1281)) - s3@group-12AB68C5691F: receive requestVote(PRE_VOTE, s4, group-12AB68C5691F, 2, (t:1, i:0))
2022-09-14 11:47:22,453 [grpc-default-executor-39] INFO  impl.VoteContext (VoteContext.java:log(49)) - s3@group-12AB68C5691F-FOLLOWER: reject PRE_VOTE from s4: our last entry (t:2, i:0) > candidate's last entry (t:1, i:0)
2022-09-14 11:47:22,453 [grpc-default-executor-39] INFO  server.RaftServer$Division (RaftServerImpl.java:requestVote(1314)) - s3@group-12AB68C5691F replies to PRE_VOTE vote request: s4<-s3#0:FAIL-t2. Peer's state: s3@group-12AB68C5691F:t2, leader=s2, voted=s2, raftlog=Memoized:s3@group-12AB68C5691F-SegmentedRaftLog:OPENED:c0, conf=0: peers:[s3|rpc:localhost:46799|admin:localhost:45171|client:localhost:46547|dataStream:localhost:40281|priority:0|startupRole:FOLLOWER, s4|rpc:localhost:39419|admin:localhost:43995|client:localhost:41785|dataStream:localhost:46687|priority:0|startupRole:FOLLOWER, s0|rpc:localhost:42481|admin:localhost:44771|client:localhost:42743|dataStream:localhost:43981|priority:0|startupRole:FOLLOWER, s1|rpc:localhost:44073|admin:localhost:36871|client:localhost:39477|dataStream:localhost:35501|priority:0|startupRole:FOLLOWER, s2|rpc:localhost:38365|admin:localhost:35135|client:localhost:40537|dataStream:localhost:38285|priority:0|startupRole:FOLLOWER]|listeners:[], old=null
2022-09-14 11:47:22,455 [grpc-default-executor-39] INFO  server.RaftServer$Division (RaftServerImpl.java:requestVote(1281)) - s0@group-12AB68C5691F: receive requestVote(PRE_VOTE, s4, group-12AB68C5691F, 2, (t:1, i:0))
2022-09-14 11:47:22,455 [grpc-default-executor-39] INFO  impl.VoteContext (VoteContext.java:log(49)) - s0@group-12AB68C5691F-FOLLOWER: reject PRE_VOTE from s4: our last entry (t:2, i:0) > candidate's last entry (t:1, i:0)
2022-09-14 11:47:22,455 [grpc-default-executor-39] INFO  server.RaftServer$Division (RaftServerImpl.java:requestVote(1314)) - s0@group-12AB68C5691F replies to PRE_VOTE vote request: s4<-s0#0:FAIL-t2. Peer's state: s0@group-12AB68C5691F:t2, leader=s2, voted=s2, raftlog=Memoized:s0@group-12AB68C5691F-SegmentedRaftLog:OPENED:c0, conf=0: peers:[s3|rpc:localhost:46799|admin:localhost:45171|client:localhost:46547|dataStream:localhost:40281|priority:0|startupRole:FOLLOWER, s4|rpc:localhost:39419|admin:localhost:43995|client:localhost:41785|dataStream:localhost:46687|priority:0|startupRole:FOLLOWER, s0|rpc:localhost:42481|admin:localhost:44771|client:localhost:42743|dataStream:localhost:43981|priority:0|startupRole:FOLLOWER, s1|rpc:localhost:44073|admin:localhost:36871|client:localhost:39477|dataStream:localhost:35501|priority:0|startupRole:FOLLOWER, s2|rpc:localhost:38365|admin:localhost:35135|client:localhost:40537|dataStream:localhost:38285|priority:0|startupRole:FOLLOWER]|listeners:[], old=null
2022-09-14 11:47:22,458 [grpc-default-executor-11] INFO  server.RaftServer$Division (RaftServerImpl.java:requestVote(1281)) - s1@group-12AB68C5691F: receive requestVote(PRE_VOTE, s4, group-12AB68C5691F, 2, (t:1, i:0))
2022-09-14 11:47:22,458 [grpc-default-executor-11] INFO  impl.VoteContext (VoteContext.java:log(49)) - s1@group-12AB68C5691F-FOLLOWER: reject PRE_VOTE from s4: our last entry (t:2, i:0) > candidate's last entry (t:1, i:0)
2022-09-14 11:47:22,458 [grpc-default-executor-11] INFO  server.RaftServer$Division (RaftServerImpl.java:requestVote(1314)) - s1@group-12AB68C5691F replies to PRE_VOTE vote request: s4<-s1#0:FAIL-t2. Peer's state: s1@group-12AB68C5691F:t2, leader=s2, voted=s2, raftlog=Memoized:s1@group-12AB68C5691F-SegmentedRaftLog:OPENED:c0, conf=0: peers:[s3|rpc:localhost:46799|admin:localhost:45171|client:localhost:46547|dataStream:localhost:40281|priority:0|startupRole:FOLLOWER, s4|rpc:localhost:39419|admin:localhost:43995|client:localhost:41785|dataStream:localhost:46687|priority:0|startupRole:FOLLOWER, s0|rpc:localhost:42481|admin:localhost:44771|client:localhost:42743|dataStream:localhost:43981|priority:0|startupRole:FOLLOWER, s1|rpc:localhost:44073|admin:localhost:36871|client:localhost:39477|dataStream:localhost:35501|priority:0|startupRole:FOLLOWER, s2|rpc:localhost:38365|admin:localhost:35135|client:localhost:40537|dataStream:localhost:38285|priority:0|startupRole:FOLLOWER]|listeners:[], old=null
2022-09-14 11:47:22,459 [s4@group-12AB68C5691F-LeaderElection35] INFO  impl.LeaderElection (LeaderElection.java:logAndReturn(89)) - s4@group-12AB68C5691F-LeaderElection35: PRE_VOTE REJECTED received 3 response(s) and 0 exception(s):
2022-09-14 11:47:22,459 [s4@group-12AB68C5691F-LeaderElection35] INFO  impl.LeaderElection (LeaderElection.java:logAndReturn(93)) -   Response 0: s4<-s3#0:FAIL-t2
2022-09-14 11:47:22,459 [s4@group-12AB68C5691F-LeaderElection35] INFO  impl.LeaderElection (LeaderElection.java:logAndReturn(93)) -   Response 1: s4<-s0#0:FAIL-t2
2022-09-14 11:47:22,459 [s4@group-12AB68C5691F-LeaderElection35] INFO  impl.LeaderElection (LeaderElection.java:logAndReturn(93)) -   Response 2: s4<-s1#0:FAIL-t2
2022-09-14 11:47:22,459 [s4@group-12AB68C5691F-LeaderElection35] INFO  impl.LeaderElection (LeaderElection.java:askForVotes(310)) - s4@group-12AB68C5691F-LeaderElection35 PRE_VOTE round 0: result REJECTED
2022-09-14 11:47:22,459 [s4@group-12AB68C5691F-LeaderElection35] INFO  server.RaftServer$Division (RaftServerImpl.java:setRole(317)) - s4@group-12AB68C5691F: changes role from CANDIDATE to FOLLOWER at term 2 for REJECTED
2022-09-14 11:47:22,459 [s4@group-12AB68C5691F-LeaderElection35] INFO  impl.RoleInfo (RoleInfo.java:shutdownLeaderElection(130)) - s4: shutdown s4@group-12AB68C5691F-LeaderElection35
2022-09-14 11:47:22,459 [s4@group-12AB68C5691F-LeaderElection35] INFO  impl.RoleInfo (RoleInfo.java:updateAndGet(139)) - s4: start s4@group-12AB68C5691F-FollowerState
2022-09-14 11:47:22,460 [grpc-default-executor-39] INFO  server.RaftServer$Division (RaftServerImpl.java:requestVote(1281)) - s2@group-12AB68C5691F: receive requestVote(PRE_VOTE, s4, group-12AB68C5691F, 2, (t:1, i:0))
2022-09-14 11:47:22,460 [grpc-default-executor-39] INFO  impl.VoteContext (VoteContext.java:log(49)) - s2@group-12AB68C5691F-LEADER: reject PRE_VOTE from s4: this server is the leader and still has leadership
2022-09-14 11:47:22,460 [grpc-default-executor-39] INFO  server.RaftServer$Division (RaftServerImpl.java:requestVote(1314)) - s2@group-12AB68C5691F replies to PRE_VOTE vote request: s4<-s2#0:FAIL-t2. Peer's state: s2@group-12AB68C5691F:t2, leader=s2, voted=s2, raftlog=Memoized:s2@group-12AB68C5691F-SegmentedRaftLog:OPENED:c0, conf=0: peers:[s3|rpc:localhost:46799|admin:localhost:45171|client:localhost:46547|dataStream:localhost:40281|priority:0|startupRole:FOLLOWER, s4|rpc:localhost:39419|admin:localhost:43995|client:localhost:41785|dataStream:localhost:46687|priority:0|startupRole:FOLLOWER, s0|rpc:localhost:42481|admin:localhost:44771|client:localhost:42743|dataStream:localhost:43981|priority:0|startupRole:FOLLOWER, s1|rpc:localhost:44073|admin:localhost:36871|client:localhost:39477|dataStream:localhost:35501|priority:0|startupRole:FOLLOWER, s2|rpc:localhost:38365|admin:localhost:35135|client:localhost:40537|dataStream:localhost:38285|priority:0|startupRole:FOLLOWER]|listeners:[], old=null
2022-09-14 11:47:22,542 [s2@group-12AB68C5691F->s0-GrpcLogAppender-LogAppenderDaemon] INFO  util.CodeInjectionForTesting (DelayLocalExecutionInjection.java:execute(65)) - s2 delay 150 ms, args=[serverRequest {
  requestorId: "s2"
  replyId: "s0"
  raftGroupId {
    id: "\326\216l\301\220x@5\222b\022\253h\305i\037"
  }
  callId: 107
  slidingWindowEntry {
  }
}
leaderTerm: 2
previousLog {
  term: 2
}
initializing: true
commitInfos {
  server {
    id: "s2"
    address: "localhost:38365"
    dataStreamAddress: "localhost:38285"
    clientAddress: "localhost:40537"
    adminAddress: "localhost:35135"
    startupRole: FOLLOWER
  }
}
commitInfos {
  server {
    id: "s3"
    address: "localhost:46799"
    dataStreamAddress: "localhost:40281"
    clientAddress: "localhost:46547"
    adminAddress: "localhost:45171"
    startupRole: FOLLOWER
  }
}
commitInfos {
  server {
    id: "s4"
    address: "localhost:39419"
    dataStreamAddress: "localhost:46687"
    clientAddress: "localhost:41785"
    adminAddress: "localhost:43995"
    startupRole: FOLLOWER
  }
}
commitInfos {
  server {
    id: "s0"
    address: "localhost:42481"
    dataStreamAddress: "localhost:43981"
    clientAddress: "localhost:42743"
    adminAddress: "localhost:44771"
    startupRole: FOLLOWER
  }
}
commitInfos {
  server {
    id: "s1"
    address: "localhost:44073"
    dataStreamAddress: "localhost:35501"
    clientAddress: "localhost:39477"
    adminAddress: "localhost:36871"
    startupRole: FOLLOWER
  }
}
]
2022-09-14 11:47:22,542 [s2@group-12AB68C5691F->s3-GrpcLogAppender-LogAppenderDaemon] INFO  util.CodeInjectionForTesting (DelayLocalExecutionInjection.java:execute(65)) - s2 delay 150 ms, args=[serverRequest {
  requestorId: "s2"
  replyId: "s3"
  raftGroupId {
    id: "\326\216l\301\220x@5\222b\022\253h\305i\037"
  }
  callId: 116
  slidingWindowEntry {
  }
}
leaderTerm: 2
previousLog {
  term: 2
}
initializing: true
commitInfos {
  server {
    id: "s2"
    address: "localhost:38365"
    dataStreamAddress: "localhost:38285"
    clientAddress: "localhost:40537"
    adminAddress: "localhost:35135"
    startupRole: FOLLOWER
  }
}
commitInfos {
  server {
    id: "s3"
    address: "localhost:46799"
    dataStreamAddress: "localhost:40281"
    clientAddress: "localhost:46547"
    adminAddress: "localhost:45171"
    startupRole: FOLLOWER
  }
}
commitInfos {
  server {
    id: "s4"
    address: "localhost:39419"
    dataStreamAddress: "localhost:46687"
    clientAddress: "localhost:41785"
    adminAddress: "localhost:43995"
    startupRole: FOLLOWER
  }
}
commitInfos {
  server {
    id: "s0"
    address: "localhost:42481"
    dataStreamAddress: "localhost:43981"
    clientAddress: "localhost:42743"
    adminAddress: "localhost:44771"
    startupRole: FOLLOWER
  }
}
commitInfos {
  server {
    id: "s1"
    address: "localhost:44073"
    dataStreamAddress: "localhost:35501"
    clientAddress: "localhost:39477"
    adminAddress: "localhost:36871"
    startupRole: FOLLOWER
  }
}
]
2022-09-14 11:47:22,543 [s2@group-12AB68C5691F->s1-GrpcLogAppender-LogAppenderDaemon] INFO  util.CodeInjectionForTesting (DelayLocalExecutionInjection.java:execute(65)) - s2 delay 150 ms, args=[serverRequest {
  requestorId: "s2"
  replyId: "s1"
  raftGroupId {
    id: "\326\216l\301\220x@5\222b\022\253h\305i\037"
  }
  callId: 107
  slidingWindowEntry {
  }
}
leaderTerm: 2
previousLog {
  term: 2
}
initializing: true
commitInfos {
  server {
    id: "s2"
    address: "localhost:38365"
    dataStreamAddress: "localhost:38285"
    clientAddress: "localhost:40537"
    adminAddress: "localhost:35135"
    startupRole: FOLLOWER
  }
}
commitInfos {
  server {
    id: "s3"
    address: "localhost:46799"
    dataStreamAddress: "localhost:40281"
    clientAddress: "localhost:46547"
    adminAddress: "localhost:45171"
    startupRole: FOLLOWER
  }
}
commitInfos {
  server {
    id: "s4"
    address: "localhost:39419"
    dataStreamAddress: "localhost:46687"
    clientAddress: "localhost:41785"
    adminAddress: "localhost:43995"
    startupRole: FOLLOWER
  }
}
commitInfos {
  server {
    id: "s0"
    address: "localhost:42481"
    dataStreamAddress: "localhost:43981"
    clientAddress: "localhost:42743"
    adminAddress: "localhost:44771"
    startupRole: FOLLOWER
  }
}
commitInfos {
  server {
    id: "s1"
    address: "localhost:44073"
    dataStreamAddress: "localhost:35501"
    clientAddress: "localhost:39477"
    adminAddress: "localhost:36871"
    startupRole: FOLLOWER
  }
}
]
2022-09-14 11:47:22,628 [s2@group-12AB68C5691F->s4-GrpcLogAppender-LogAppenderDaemon] INFO  util.CodeInjectionForTesting (DelayLocalExecutionInjection.java:execute(65)) - s2 delay 150 ms, args=[serverRequest {
  requestorId: "s2"
  replyId: "s4"
  raftGroupId {
    id: "\326\216l\301\220x@5\222b\022\253h\305i\037"
  }
  callId: 201
  slidingWindowEntry {
  }
}
leaderTerm: 2
previousLog {
  term: 2
}
initializing: true
commitInfos {
  server {
    id: "s2"
    address: "localhost:38365"
    dataStreamAddress: "localhost:38285"
    clientAddress: "localhost:40537"
    adminAddress: "localhost:35135"
    startupRole: FOLLOWER
  }
}
commitInfos {
  server {
    id: "s3"
    address: "localhost:46799"
    dataStreamAddress: "localhost:40281"
    clientAddress: "localhost:46547"
    adminAddress: "localhost:45171"
    startupRole: FOLLOWER
  }
}
commitInfos {
  server {
    id: "s4"
    address: "localhost:39419"
    dataStreamAddress: "localhost:46687"
    clientAddress: "localhost:41785"
    adminAddress: "localhost:43995"
    startupRole: FOLLOWER
  }
}
commitInfos {
  server {
    id: "s0"
    address: "localhost:42481"
    dataStreamAddress: "localhost:43981"
    clientAddress: "localhost:42743"
    adminAddress: "localhost:44771"
    startupRole: FOLLOWER
  }
}
commitInfos {
  server {
    id: "s1"
    address: "localhost:44073"
    dataStreamAddress: "localhost:35501"
    clientAddress: "localhost:39477"
    adminAddress: "localhost:36871"
    startupRole: FOLLOWER
  }
}
]
2022-09-14 11:47:22,724 [Time-limited test] INFO  server.RaftServerConfigKeys (ConfUtils.java:logGet(46)) - raft.server.rpc.timeout.max = 300ms (default)
2022-09-14 11:47:22,742 [s4@group-12AB68C5691F-FollowerState] INFO  impl.FollowerState (FollowerState.java:run(141)) - s4@group-12AB68C5691F-FollowerState: change to CANDIDATE, lastRpcElapsedTime:282905107ns, electionTimeout:282ms
2022-09-14 11:47:22,742 [s4@group-12AB68C5691F-FollowerState] INFO  impl.RoleInfo (RoleInfo.java:shutdownFollowerState(110)) - s4: shutdown s4@group-12AB68C5691F-FollowerState
2022-09-14 11:47:22,742 [s4@group-12AB68C5691F-FollowerState] INFO  server.RaftServer$Division (RaftServerImpl.java:setRole(317)) - s4@group-12AB68C5691F: changes role from  FOLLOWER to CANDIDATE at term 2 for changeToCandidate
2022-09-14 11:47:22,742 [s4@group-12AB68C5691F-FollowerState] INFO  server.RaftServerConfigKeys (ConfUtils.java:logGet(46)) - raft.server.leaderelection.pre-vote = true (default)
2022-09-14 11:47:22,743 [s4@group-12AB68C5691F-FollowerState] INFO  impl.RoleInfo (RoleInfo.java:updateAndGet(139)) - s4: start s4@group-12AB68C5691F-LeaderElection36
2022-09-14 11:47:22,743 [s4@group-12AB68C5691F-LeaderElection36] INFO  impl.LeaderElection (LeaderElection.java:askForVotes(308)) - s4@group-12AB68C5691F-LeaderElection36 PRE_VOTE round 0: submit vote requests at term 2 for 0: peers:[s3|rpc:localhost:46799|admin:localhost:45171|client:localhost:46547|dataStream:localhost:40281|priority:0|startupRole:FOLLOWER, s4|rpc:localhost:39419|admin:localhost:43995|client:localhost:41785|dataStream:localhost:46687|priority:0|startupRole:FOLLOWER, s0|rpc:localhost:42481|admin:localhost:44771|client:localhost:42743|dataStream:localhost:43981|priority:0|startupRole:FOLLOWER, s1|rpc:localhost:44073|admin:localhost:36871|client:localhost:39477|dataStream:localhost:35501|priority:0|startupRole:FOLLOWER, s2|rpc:localhost:38365|admin:localhost:35135|client:localhost:40537|dataStream:localhost:38285|priority:0|startupRole:FOLLOWER]|listeners:[], old=null
2022-09-14 11:47:22,746 [grpc-default-executor-19] INFO  server.RaftServer$Division (RaftServerImpl.java:requestVote(1281)) - s3@group-12AB68C5691F: receive requestVote(PRE_VOTE, s4, group-12AB68C5691F, 2, (t:1, i:0))
2022-09-14 11:47:22,746 [grpc-default-executor-19] INFO  impl.VoteContext (VoteContext.java:log(49)) - s3@group-12AB68C5691F-FOLLOWER: reject PRE_VOTE from s4: this server is a follower and still has a valid leader s2
2022-09-14 11:47:22,746 [grpc-default-executor-19] INFO  server.RaftServer$Division (RaftServerImpl.java:requestVote(1314)) - s3@group-12AB68C5691F replies to PRE_VOTE vote request: s4<-s3#0:FAIL-t2. Peer's state: s3@group-12AB68C5691F:t2, leader=s2, voted=s2, raftlog=Memoized:s3@group-12AB68C5691F-SegmentedRaftLog:OPENED:c0, conf=0: peers:[s3|rpc:localhost:46799|admin:localhost:45171|client:localhost:46547|dataStream:localhost:40281|priority:0|startupRole:FOLLOWER, s4|rpc:localhost:39419|admin:localhost:43995|client:localhost:41785|dataStream:localhost:46687|priority:0|startupRole:FOLLOWER, s0|rpc:localhost:42481|admin:localhost:44771|client:localhost:42743|dataStream:localhost:43981|priority:0|startupRole:FOLLOWER, s1|rpc:localhost:44073|admin:localhost:36871|client:localhost:39477|dataStream:localhost:35501|priority:0|startupRole:FOLLOWER, s2|rpc:localhost:38365|admin:localhost:35135|client:localhost:40537|dataStream:localhost:38285|priority:0|startupRole:FOLLOWER]|listeners:[], old=null
2022-09-14 11:47:22,747 [grpc-default-executor-19] INFO  server.RaftServer$Division (RaftServerImpl.java:requestVote(1281)) - s0@group-12AB68C5691F: receive requestVote(PRE_VOTE, s4, group-12AB68C5691F, 2, (t:1, i:0))
2022-09-14 11:47:22,748 [grpc-default-executor-19] INFO  impl.VoteContext (VoteContext.java:log(49)) - s0@group-12AB68C5691F-FOLLOWER: reject PRE_VOTE from s4: this server is a follower and still has a valid leader s2
2022-09-14 11:47:22,748 [grpc-default-executor-19] INFO  server.RaftServer$Division (RaftServerImpl.java:requestVote(1314)) - s0@group-12AB68C5691F replies to PRE_VOTE vote request: s4<-s0#0:FAIL-t2. Peer's state: s0@group-12AB68C5691F:t2, leader=s2, voted=s2, raftlog=Memoized:s0@group-12AB68C5691F-SegmentedRaftLog:OPENED:c0, conf=0: peers:[s3|rpc:localhost:46799|admin:localhost:45171|client:localhost:46547|dataStream:localhost:40281|priority:0|startupRole:FOLLOWER, s4|rpc:localhost:39419|admin:localhost:43995|client:localhost:41785|dataStream:localhost:46687|priority:0|startupRole:FOLLOWER, s0|rpc:localhost:42481|admin:localhost:44771|client:localhost:42743|dataStream:localhost:43981|priority:0|startupRole:FOLLOWER, s1|rpc:localhost:44073|admin:localhost:36871|client:localhost:39477|dataStream:localhost:35501|priority:0|startupRole:FOLLOWER, s2|rpc:localhost:38365|admin:localhost:35135|client:localhost:40537|dataStream:localhost:38285|priority:0|startupRole:FOLLOWER]|listeners:[], old=null
2022-09-14 11:47:22,750 [grpc-default-executor-39] INFO  server.RaftServer$Division (RaftServerImpl.java:requestVote(1281)) - s1@group-12AB68C5691F: receive requestVote(PRE_VOTE, s4, group-12AB68C5691F, 2, (t:1, i:0))
2022-09-14 11:47:22,750 [grpc-default-executor-39] INFO  impl.VoteContext (VoteContext.java:log(49)) - s1@group-12AB68C5691F-FOLLOWER: reject PRE_VOTE from s4: this server is a follower and still has a valid leader s2
2022-09-14 11:47:22,750 [grpc-default-executor-39] INFO  server.RaftServer$Division (RaftServerImpl.java:requestVote(1314)) - s1@group-12AB68C5691F replies to PRE_VOTE vote request: s4<-s1#0:FAIL-t2. Peer's state: s1@group-12AB68C5691F:t2, leader=s2, voted=s2, raftlog=Memoized:s1@group-12AB68C5691F-SegmentedRaftLog:OPENED:c0, conf=0: peers:[s3|rpc:localhost:46799|admin:localhost:45171|client:localhost:46547|dataStream:localhost:40281|priority:0|startupRole:FOLLOWER, s4|rpc:localhost:39419|admin:localhost:43995|client:localhost:41785|dataStream:localhost:46687|priority:0|startupRole:FOLLOWER, s0|rpc:localhost:42481|admin:localhost:44771|client:localhost:42743|dataStream:localhost:43981|priority:0|startupRole:FOLLOWER, s1|rpc:localhost:44073|admin:localhost:36871|client:localhost:39477|dataStream:localhost:35501|priority:0|startupRole:FOLLOWER, s2|rpc:localhost:38365|admin:localhost:35135|client:localhost:40537|dataStream:localhost:38285|priority:0|startupRole:FOLLOWER]|listeners:[], old=null
2022-09-14 11:47:22,752 [s4@group-12AB68C5691F-LeaderElection36] INFO  impl.LeaderElection (LeaderElection.java:logAndReturn(89)) - s4@group-12AB68C5691F-LeaderElection36: PRE_VOTE REJECTED received 3 response(s) and 0 exception(s):
2022-09-14 11:47:22,752 [s4@group-12AB68C5691F-LeaderElection36] INFO  impl.LeaderElection (LeaderElection.java:logAndReturn(93)) -   Response 0: s4<-s3#0:FAIL-t2
2022-09-14 11:47:22,752 [s4@group-12AB68C5691F-LeaderElection36] INFO  impl.LeaderElection (LeaderElection.java:logAndReturn(93)) -   Response 1: s4<-s0#0:FAIL-t2
2022-09-14 11:47:22,752 [s4@group-12AB68C5691F-LeaderElection36] INFO  impl.LeaderElection (LeaderElection.java:logAndReturn(93)) -   Response 2: s4<-s1#0:FAIL-t2
2022-09-14 11:47:22,752 [s4@group-12AB68C5691F-LeaderElection36] INFO  impl.LeaderElection (LeaderElection.java:askForVotes(310)) - s4@group-12AB68C5691F-LeaderElection36 PRE_VOTE round 0: result REJECTED
2022-09-14 11:47:22,752 [s4@group-12AB68C5691F-LeaderElection36] INFO  server.RaftServer$Division (RaftServerImpl.java:setRole(317)) - s4@group-12AB68C5691F: changes role from CANDIDATE to FOLLOWER at term 2 for REJECTED
2022-09-14 11:47:22,752 [s4@group-12AB68C5691F-LeaderElection36] INFO  impl.RoleInfo (RoleInfo.java:shutdownLeaderElection(130)) - s4: shutdown s4@group-12AB68C5691F-LeaderElection36
2022-09-14 11:47:22,752 [s4@group-12AB68C5691F-LeaderElection36] INFO  impl.RoleInfo (RoleInfo.java:updateAndGet(139)) - s4: start s4@group-12AB68C5691F-FollowerState
2022-09-14 11:47:22,753 [grpc-default-executor-39] INFO  server.RaftServer$Division (RaftServerImpl.java:requestVote(1281)) - s2@group-12AB68C5691F: receive requestVote(PRE_VOTE, s4, group-12AB68C5691F, 2, (t:1, i:0))
2022-09-14 11:47:22,753 [grpc-default-executor-39] INFO  impl.VoteContext (VoteContext.java:log(49)) - s2@group-12AB68C5691F-LEADER: reject PRE_VOTE from s4: this server is the leader and still has leadership
2022-09-14 11:47:22,753 [grpc-default-executor-39] INFO  server.RaftServer$Division (RaftServerImpl.java:requestVote(1314)) - s2@group-12AB68C5691F replies to PRE_VOTE vote request: s4<-s2#0:FAIL-t2. Peer's state: s2@group-12AB68C5691F:t2, leader=s2, voted=s2, raftlog=Memoized:s2@group-12AB68C5691F-SegmentedRaftLog:OPENED:c0, conf=0: peers:[s3|rpc:localhost:46799|admin:localhost:45171|client:localhost:46547|dataStream:localhost:40281|priority:0|startupRole:FOLLOWER, s4|rpc:localhost:39419|admin:localhost:43995|client:localhost:41785|dataStream:localhost:46687|priority:0|startupRole:FOLLOWER, s0|rpc:localhost:42481|admin:localhost:44771|client:localhost:42743|dataStream:localhost:43981|priority:0|startupRole:FOLLOWER, s1|rpc:localhost:44073|admin:localhost:36871|client:localhost:39477|dataStream:localhost:35501|priority:0|startupRole:FOLLOWER, s2|rpc:localhost:38365|admin:localhost:35135|client:localhost:40537|dataStream:localhost:38285|priority:0|startupRole:FOLLOWER]|listeners:[], old=null
2022-09-14 11:47:22,926 [s4-server-thread2] INFO  util.CodeInjectionForTesting (BlockRequestHandlingInjection.java:execute(84)) - s4: unBlock request from s2
2022-09-14 11:47:22,926 [s4-server-thread2] INFO  server.RaftServer$Division (ServerState.java:setLeader(259)) - s4@group-12AB68C5691F: change Leader from null to s2 at term 2 for appendEntries, leader elected after 710ms
2022-09-14 11:47:22,926 [s4-server-thread2] INFO  server.RaftServer$Division (RaftServerImpl.java:checkInconsistentAppendEntries(1586)) - s4@group-12AB68C5691F: Failed appendEntries as previous log entry ((t:2, i:0)) is not found
2022-09-14 11:47:22,927 [s4-server-thread2] INFO  server.RaftServer$Division (RaftServerImpl.java:checkInconsistentAppendEntries(1556)) - s4@group-12AB68C5691F: inconsistency entries. Reply:s2<-s4#197:FAIL-t2,INCONSISTENCY,nextIndex=0,followerCommit=0,matchIndex=-1
2022-09-14 11:47:22,927 [grpc-default-executor-19] INFO  leader.FollowerInfo (FollowerInfoImpl.java:lambda$new$0(48)) - s2@group-12AB68C5691F->s4: nextIndex: updateUnconditionally 1 -> 0
2022-09-14 11:47:22,927 [s4-server-thread2] INFO  server.RaftServer$Division (RaftServerImpl.java:checkInconsistentAppendEntries(1586)) - s4@group-12AB68C5691F: Failed appendEntries as previous log entry ((t:2, i:0)) is not found
2022-09-14 11:47:22,927 [s4-server-thread2] INFO  server.RaftServer$Division (RaftServerImpl.java:checkInconsistentAppendEntries(1556)) - s4@group-12AB68C5691F: inconsistency entries. Reply:s2<-s4#198:FAIL-t2,INCONSISTENCY,nextIndex=0,followerCommit=0,matchIndex=-1
2022-09-14 11:47:22,928 [s4-server-thread2] INFO  server.RaftServer$Division (RaftServerImpl.java:checkInconsistentAppendEntries(1586)) - s4@group-12AB68C5691F: Failed appendEntries as previous log entry ((t:2, i:0)) is not found
2022-09-14 11:47:22,928 [grpc-default-executor-39] INFO  leader.FollowerInfo (FollowerInfoImpl.java:lambda$new$0(48)) - s2@group-12AB68C5691F->s4: nextIndex: updateUnconditionally 1 -> 0
2022-09-14 11:47:22,928 [s4-server-thread3] DEBUG server.RaftServer$Division (RaftServerImpl.java:logAppendEntries(1405)) - s4@group-12AB68C5691F: receive appendEntries(s2, 2, null, 0, true, commits:[s2:c0, s3:c0, s4:c0, s0:c0, s1:c0], cId:205, entries: [(t:2, i:0), CONFIGURATIONENTRY(current:id: "s3"
address: "localhost:46799"
dataStreamAddress: "localhost:40281"
clientAddress: "localhost:46547"
adminAddress: "localhost:45171"
startupRole: FOLLOWER
,id: "s4"
address: "localhost:39419"
dataStreamAddress: "localhost:46687"
clientAddress: "localhost:41785"
adminAddress: "localhost:43995"
startupRole: FOLLOWER
,id: "s0"
address: "localhost:42481"
dataStreamAddress: "localhost:43981"
clientAddress: "localhost:42743"
adminAddress: "localhost:44771"
startupRole: FOLLOWER
,id: "s1"
address: "localhost:44073"
dataStreamAddress: "localhost:35501"
clientAddress: "localhost:39477"
adminAddress: "localhost:36871"
startupRole: FOLLOWER
,id: "s2"
address: "localhost:38365"
dataStreamAddress: "localhost:38285"
clientAddress: "localhost:40537"
adminAddress: "localhost:35135"
startupRole: FOLLOWER
, old:)]
2022-09-14 11:47:22,928 [s4-server-thread2] INFO  server.RaftServer$Division (RaftServerImpl.java:checkInconsistentAppendEntries(1556)) - s4@group-12AB68C5691F: inconsistency entries. Reply:s2<-s4#199:FAIL-t2,INCONSISTENCY,nextIndex=0,followerCommit=0,matchIndex=-1
2022-09-14 11:47:22,928 [s4-server-thread3] INFO  server.RaftServer$Division (RaftServerImpl.java:checkInconsistentAppendEntries(1576)) - s4@group-12AB68C5691F: Failed appendEntries as the first entry (index 0) already exists (snapshotIndex: -1, commitIndex: 0)
2022-09-14 11:47:22,928 [s4-server-thread3] INFO  server.RaftServer$Division (RaftServerImpl.java:checkInconsistentAppendEntries(1556)) - s4@group-12AB68C5691F: inconsistency entries. Reply:s2<-s4#205:FAIL-t2,INCONSISTENCY,nextIndex=1,followerCommit=0,matchIndex=-1
2022-09-14 11:47:22,929 [grpc-default-executor-39] INFO  leader.FollowerInfo (FollowerInfoImpl.java:lambda$new$0(48)) - s2@group-12AB68C5691F->s4: nextIndex: updateUnconditionally 1 -> 0
2022-09-14 11:47:22,929 [s4-server-thread2] DEBUG server.RaftServer$Division (RaftServerImpl.java:logAppendEntries(1405)) - s4@group-12AB68C5691F: receive appendEntries(s2, 2, null, 0, true, commits:[s2:c0, s3:c0, s4:c0, s0:c0, s1:c0], cId:206, entries: [(t:2, i:0), CONFIGURATIONENTRY(current:id: "s3"
address: "localhost:46799"
dataStreamAddress: "localhost:40281"
clientAddress: "localhost:46547"
adminAddress: "localhost:45171"
startupRole: FOLLOWER
,id: "s4"
address: "localhost:39419"
dataStreamAddress: "localhost:46687"
clientAddress: "localhost:41785"
adminAddress: "localhost:43995"
startupRole: FOLLOWER
,id: "s0"
address: "localhost:42481"
dataStreamAddress: "localhost:43981"
clientAddress: "localhost:42743"
adminAddress: "localhost:44771"
startupRole: FOLLOWER
,id: "s1"
address: "localhost:44073"
dataStreamAddress: "localhost:35501"
clientAddress: "localhost:39477"
adminAddress: "localhost:36871"
startupRole: FOLLOWER
,id: "s2"
address: "localhost:38365"
dataStreamAddress: "localhost:38285"
clientAddress: "localhost:40537"
adminAddress: "localhost:35135"
startupRole: FOLLOWER
, old:)]
2022-09-14 11:47:22,929 [grpc-default-executor-39] INFO  leader.FollowerInfo (FollowerInfoImpl.java:lambda$new$0(48)) - s2@group-12AB68C5691F->s4: nextIndex: updateUnconditionally 0 -> 1
2022-09-14 11:47:22,929 [s4-server-thread2] INFO  server.RaftServer$Division (RaftServerImpl.java:checkInconsistentAppendEntries(1576)) - s4@group-12AB68C5691F: Failed appendEntries as the first entry (index 0) already exists (snapshotIndex: -1, commitIndex: 0)
2022-09-14 11:47:22,929 [s4-server-thread2] INFO  server.RaftServer$Division (RaftServerImpl.java:checkInconsistentAppendEntries(1556)) - s4@group-12AB68C5691F: inconsistency entries. Reply:s2<-s4#206:FAIL-t2,INCONSISTENCY,nextIndex=1,followerCommit=0,matchIndex=-1
2022-09-14 11:47:22,929 [s4-server-thread3] INFO  server.RaftServer$Division (RaftServerImpl.java:checkInconsistentAppendEntries(1586)) - s4@group-12AB68C5691F: Failed appendEntries as previous log entry ((t:2, i:0)) is not found
2022-09-14 11:47:22,929 [s4-server-thread3] INFO  server.RaftServer$Division (RaftServerImpl.java:checkInconsistentAppendEntries(1556)) - s4@group-12AB68C5691F: inconsistency entries. Reply:s2<-s4#200:FAIL-t2,INCONSISTENCY,nextIndex=0,followerCommit=0,matchIndex=-1
2022-09-14 11:47:22,931 [s4-server-thread3] INFO  server.RaftServer$Division (RaftServerImpl.java:checkInconsistentAppendEntries(1586)) - s4@group-12AB68C5691F: Failed appendEntries as previous log entry ((t:2, i:0)) is not found
2022-09-14 11:47:22,931 [s4-server-thread3] INFO  server.RaftServer$Division (RaftServerImpl.java:checkInconsistentAppendEntries(1556)) - s4@group-12AB68C5691F: inconsistency entries. Reply:s2<-s4#201:FAIL-t2,INCONSISTENCY,nextIndex=0,followerCommit=0,matchIndex=-1
2022-09-14 11:47:22,931 [grpc-default-executor-39] INFO  leader.FollowerInfo (FollowerInfoImpl.java:lambda$new$0(48)) - s2@group-12AB68C5691F->s4: nextIndex: updateUnconditionally 1 -> 0
2022-09-14 11:47:22,931 [grpc-default-executor-19] INFO  leader.FollowerInfo (FollowerInfoImpl.java:lambda$new$0(48)) - s2@group-12AB68C5691F->s4: nextIndex: updateUnconditionally 0 -> 1
2022-09-14 11:47:22,932 [s4-server-thread3] INFO  server.RaftServer$Division (RaftServerImpl.java:checkInconsistentAppendEntries(1586)) - s4@group-12AB68C5691F: Failed appendEntries as previous log entry ((t:2, i:0)) is not found
2022-09-14 11:47:22,932 [s4-server-thread3] INFO  server.RaftServer$Division (RaftServerImpl.java:checkInconsistentAppendEntries(1556)) - s4@group-12AB68C5691F: inconsistency entries. Reply:s2<-s4#202:FAIL-t2,INCONSISTENCY,nextIndex=0,followerCommit=0,matchIndex=-1
2022-09-14 11:47:22,932 [grpc-default-executor-39] INFO  leader.FollowerInfo (FollowerInfoImpl.java:lambda$new$0(48)) - s2@group-12AB68C5691F->s4: nextIndex: updateUnconditionally 1 -> 0
2022-09-14 11:47:22,933 [s4-server-thread3] INFO  server.RaftServer$Division (RaftServerImpl.java:checkInconsistentAppendEntries(1586)) - s4@group-12AB68C5691F: Failed appendEntries as previous log entry ((t:2, i:0)) is not found
2022-09-14 11:47:22,933 [grpc-default-executor-37] INFO  leader.FollowerInfo (FollowerInfoImpl.java:lambda$new$0(48)) - s2@group-12AB68C5691F->s4: nextIndex: updateUnconditionally 1 -> 0
2022-09-14 11:47:22,933 [s4-server-thread2] DEBUG server.RaftServer$Division (RaftServerImpl.java:logAppendEntries(1405)) - s4@group-12AB68C5691F: receive appendEntries(s2, 2, null, 0, true, commits:[s2:c0, s3:c0, s4:c0, s0:c0, s1:c0], cId:207, entries: [(t:2, i:0), CONFIGURATIONENTRY(current:id: "s3"
address: "localhost:46799"
dataStreamAddress: "localhost:40281"
clientAddress: "localhost:46547"
adminAddress: "localhost:45171"
startupRole: FOLLOWER
,id: "s4"
address: "localhost:39419"
dataStreamAddress: "localhost:46687"
clientAddress: "localhost:41785"
adminAddress: "localhost:43995"
startupRole: FOLLOWER
,id: "s0"
address: "localhost:42481"
dataStreamAddress: "localhost:43981"
clientAddress: "localhost:42743"
adminAddress: "localhost:44771"
startupRole: FOLLOWER
,id: "s1"
address: "localhost:44073"
dataStreamAddress: "localhost:35501"
clientAddress: "localhost:39477"
adminAddress: "localhost:36871"
startupRole: FOLLOWER
,id: "s2"
address: "localhost:38365"
dataStreamAddress: "localhost:38285"
clientAddress: "localhost:40537"
adminAddress: "localhost:35135"
startupRole: FOLLOWER
, old:)]
2022-09-14 11:47:22,933 [s4-server-thread3] INFO  server.RaftServer$Division (RaftServerImpl.java:checkInconsistentAppendEntries(1556)) - s4@group-12AB68C5691F: inconsistency entries. Reply:s2<-s4#203:FAIL-t2,INCONSISTENCY,nextIndex=0,followerCommit=0,matchIndex=-1
2022-09-14 11:47:22,933 [s4-server-thread2] INFO  server.RaftServer$Division (RaftServerImpl.java:checkInconsistentAppendEntries(1576)) - s4@group-12AB68C5691F: Failed appendEntries as the first entry (index 0) already exists (snapshotIndex: -1, commitIndex: 0)
2022-09-14 11:47:22,933 [s4-server-thread2] INFO  server.RaftServer$Division (RaftServerImpl.java:checkInconsistentAppendEntries(1556)) - s4@group-12AB68C5691F: inconsistency entries. Reply:s2<-s4#207:FAIL-t2,INCONSISTENCY,nextIndex=1,followerCommit=0,matchIndex=-1
2022-09-14 11:47:22,933 [s4-server-thread2] INFO  server.RaftServer$Division (RaftServerImpl.java:checkInconsistentAppendEntries(1586)) - s4@group-12AB68C5691F: Failed appendEntries as previous log entry ((t:2, i:0)) is not found
2022-09-14 11:47:22,933 [s4-server-thread2] INFO  server.RaftServer$Division (RaftServerImpl.java:checkInconsistentAppendEntries(1556)) - s4@group-12AB68C5691F: inconsistency entries. Reply:s2<-s4#204:FAIL-t2,INCONSISTENCY,nextIndex=0,followerCommit=0,matchIndex=-1
2022-09-14 11:47:22,934 [grpc-default-executor-19] INFO  leader.FollowerInfo (FollowerInfoImpl.java:lambda$new$0(48)) - s2@group-12AB68C5691F->s4: nextIndex: updateUnconditionally 1 -> 0
2022-09-14 11:47:22,934 [grpc-default-executor-19] INFO  leader.FollowerInfo (FollowerInfoImpl.java:lambda$new$0(48)) - s2@group-12AB68C5691F->s4: nextIndex: updateUnconditionally 0 -> 1
2022-09-14 11:47:22,934 [s4-server-thread2] DEBUG server.RaftServer$Division (RaftServerImpl.java:logAppendEntries(1405)) - s4@group-12AB68C5691F: receive appendEntries(s2, 2, null, 0, true, commits:[s2:c0, s3:c0, s4:c0, s0:c0, s1:c0], cId:208, entries: [(t:2, i:0), CONFIGURATIONENTRY(current:id: "s3"
address: "localhost:46799"
dataStreamAddress: "localhost:40281"
clientAddress: "localhost:46547"
adminAddress: "localhost:45171"
startupRole: FOLLOWER
,id: "s4"
address: "localhost:39419"
dataStreamAddress: "localhost:46687"
clientAddress: "localhost:41785"
adminAddress: "localhost:43995"
startupRole: FOLLOWER
,id: "s0"
address: "localhost:42481"
dataStreamAddress: "localhost:43981"
clientAddress: "localhost:42743"
adminAddress: "localhost:44771"
startupRole: FOLLOWER
,id: "s1"
address: "localhost:44073"
dataStreamAddress: "localhost:35501"
clientAddress: "localhost:39477"
adminAddress: "localhost:36871"
startupRole: FOLLOWER
,id: "s2"
address: "localhost:38365"
dataStreamAddress: "localhost:38285"
clientAddress: "localhost:40537"
adminAddress: "localhost:35135"
startupRole: FOLLOWER
, old:)]
2022-09-14 11:47:22,935 [s4-server-thread2] INFO  server.RaftServer$Division (RaftServerImpl.java:checkInconsistentAppendEntries(1576)) - s4@group-12AB68C5691F: Failed appendEntries as the first entry (index 0) already exists (snapshotIndex: -1, commitIndex: 0)
2022-09-14 11:47:22,935 [s4-server-thread2] INFO  server.RaftServer$Division (RaftServerImpl.java:checkInconsistentAppendEntries(1556)) - s4@group-12AB68C5691F: inconsistency entries. Reply:s2<-s4#208:FAIL-t2,INCONSISTENCY,nextIndex=1,followerCommit=0,matchIndex=-1
2022-09-14 11:47:22,935 [grpc-default-executor-19] INFO  leader.FollowerInfo (FollowerInfoImpl.java:lambda$new$0(48)) - s2@group-12AB68C5691F->s4: nextIndex: updateUnconditionally 1 -> 1
2022-09-14 11:47:22,935 [grpc-default-executor-39] INFO  leader.FollowerInfo (FollowerInfoImpl.java:lambda$new$0(48)) - s2@group-12AB68C5691F->s4: nextIndex: updateUnconditionally 1 -> 0
2022-09-14 11:47:22,936 [s4-server-thread2] DEBUG server.RaftServer$Division (RaftServerImpl.java:logAppendEntries(1405)) - s4@group-12AB68C5691F: receive appendEntries(s2, 2, null, 0, true, commits:[s2:c0, s3:c0, s4:c0, s0:c0, s1:c0], cId:209, entries: [(t:2, i:0), CONFIGURATIONENTRY(current:id: "s3"
address: "localhost:46799"
dataStreamAddress: "localhost:40281"
clientAddress: "localhost:46547"
adminAddress: "localhost:45171"
startupRole: FOLLOWER
,id: "s4"
address: "localhost:39419"
dataStreamAddress: "localhost:46687"
clientAddress: "localhost:41785"
adminAddress: "localhost:43995"
startupRole: FOLLOWER
,id: "s0"
address: "localhost:42481"
dataStreamAddress: "localhost:43981"
clientAddress: "localhost:42743"
adminAddress: "localhost:44771"
startupRole: FOLLOWER
,id: "s1"
address: "localhost:44073"
dataStreamAddress: "localhost:35501"
clientAddress: "localhost:39477"
adminAddress: "localhost:36871"
startupRole: FOLLOWER
,id: "s2"
address: "localhost:38365"
dataStreamAddress: "localhost:38285"
clientAddress: "localhost:40537"
adminAddress: "localhost:35135"
startupRole: FOLLOWER
, old:)]
2022-09-14 11:47:22,936 [s4-server-thread2] INFO  server.RaftServer$Division (RaftServerImpl.java:checkInconsistentAppendEntries(1576)) - s4@group-12AB68C5691F: Failed appendEntries as the first entry (index 0) already exists (snapshotIndex: -1, commitIndex: 0)
2022-09-14 11:47:22,936 [s4-server-thread2] INFO  server.RaftServer$Division (RaftServerImpl.java:checkInconsistentAppendEntries(1556)) - s4@group-12AB68C5691F: inconsistency entries. Reply:s2<-s4#209:FAIL-t2,INCONSISTENCY,nextIndex=1,followerCommit=0,matchIndex=-1
2022-09-14 11:47:22,936 [grpc-default-executor-39] INFO  leader.FollowerInfo (FollowerInfoImpl.java:lambda$new$0(48)) - s2@group-12AB68C5691F->s4: nextIndex: updateUnconditionally 1 -> 1
2022-09-14 11:47:23,013 [s4-server-thread2] INFO  server.RaftServer$Division (RaftServerImpl.java:checkInconsistentAppendEntries(1586)) - s4@group-12AB68C5691F: Failed appendEntries as previous log entry ((t:2, i:0)) is not found
2022-09-14 11:47:23,013 [s4-server-thread2] INFO  server.RaftServer$Division (RaftServerImpl.java:checkInconsistentAppendEntries(1556)) - s4@group-12AB68C5691F: inconsistency entries. Reply:s2<-s4#210:FAIL-t2,INCONSISTENCY,nextIndex=0,followerCommit=0,matchIndex=-1
2022-09-14 11:47:23,013 [grpc-default-executor-39] INFO  leader.FollowerInfo (FollowerInfoImpl.java:lambda$new$0(48)) - s2@group-12AB68C5691F->s4: nextIndex: updateUnconditionally 1 -> 0
2022-09-14 11:47:23,014 [s4-server-thread2] DEBUG server.RaftServer$Division (RaftServerImpl.java:logAppendEntries(1405)) - s4@group-12AB68C5691F: receive appendEntries(s2, 2, null, 0, true, commits:[s2:c0, s3:c0, s4:c0, s0:c0, s1:c0], cId:211, entries: [(t:2, i:0), CONFIGURATIONENTRY(current:id: "s3"
address: "localhost:46799"
dataStreamAddress: "localhost:40281"
clientAddress: "localhost:46547"
adminAddress: "localhost:45171"
startupRole: FOLLOWER
,id: "s4"
address: "localhost:39419"
dataStreamAddress: "localhost:46687"
clientAddress: "localhost:41785"
adminAddress: "localhost:43995"
startupRole: FOLLOWER
,id: "s0"
address: "localhost:42481"
dataStreamAddress: "localhost:43981"
clientAddress: "localhost:42743"
adminAddress: "localhost:44771"
startupRole: FOLLOWER
,id: "s1"
address: "localhost:44073"
dataStreamAddress: "localhost:35501"
clientAddress: "localhost:39477"
adminAddress: "localhost:36871"
startupRole: FOLLOWER
,id: "s2"
address: "localhost:38365"
dataStreamAddress: "localhost:38285"
clientAddress: "localhost:40537"
adminAddress: "localhost:35135"
startupRole: FOLLOWER
, old:)]
2022-09-14 11:47:23,014 [s4-server-thread2] INFO  server.RaftServer$Division (RaftServerImpl.java:checkInconsistentAppendEntries(1576)) - s4@group-12AB68C5691F: Failed appendEntries as the first entry (index 0) already exists (snapshotIndex: -1, commitIndex: 0)
2022-09-14 11:47:23,014 [s4-server-thread2] INFO  server.RaftServer$Division (RaftServerImpl.java:checkInconsistentAppendEntries(1556)) - s4@group-12AB68C5691F: inconsistency entries. Reply:s2<-s4#211:FAIL-t2,INCONSISTENCY,nextIndex=1,followerCommit=0,matchIndex=-1
2022-09-14 11:47:23,015 [grpc-default-executor-39] INFO  leader.FollowerInfo (FollowerInfoImpl.java:lambda$new$0(48)) - s2@group-12AB68C5691F->s4: nextIndex: updateUnconditionally 1 -> 1
2022-09-14 11:47:23,090 [s4-server-thread2] INFO  server.RaftServer$Division (RaftServerImpl.java:checkInconsistentAppendEntries(1586)) - s4@group-12AB68C5691F: Failed appendEntries as previous log entry ((t:2, i:0)) is not found
2022-09-14 11:47:23,091 [s4-server-thread2] INFO  server.RaftServer$Division (RaftServerImpl.java:checkInconsistentAppendEntries(1556)) - s4@group-12AB68C5691F: inconsistency entries. Reply:s2<-s4#212:FAIL-t2,INCONSISTENCY,nextIndex=0,followerCommit=0,matchIndex=-1
2022-09-14 11:47:23,091 [grpc-default-executor-39] INFO  leader.FollowerInfo (FollowerInfoImpl.java:lambda$new$0(48)) - s2@group-12AB68C5691F->s4: nextIndex: updateUnconditionally 1 -> 0
2022-09-14 11:47:23,092 [s4-server-thread2] DEBUG server.RaftServer$Division (RaftServerImpl.java:logAppendEntries(1405)) - s4@group-12AB68C5691F: receive appendEntries(s2, 2, null, 0, true, commits:[s2:c0, s3:c0, s4:c0, s0:c0, s1:c0], cId:213, entries: [(t:2, i:0), CONFIGURATIONENTRY(current:id: "s3"
address: "localhost:46799"
dataStreamAddress: "localhost:40281"
clientAddress: "localhost:46547"
adminAddress: "localhost:45171"
startupRole: FOLLOWER
,id: "s4"
address: "localhost:39419"
dataStreamAddress: "localhost:46687"
clientAddress: "localhost:41785"
adminAddress: "localhost:43995"
startupRole: FOLLOWER
,id: "s0"
address: "localhost:42481"
dataStreamAddress: "localhost:43981"
clientAddress: "localhost:42743"
adminAddress: "localhost:44771"
startupRole: FOLLOWER
,id: "s1"
address: "localhost:44073"
dataStreamAddress: "localhost:35501"
clientAddress: "localhost:39477"
adminAddress: "localhost:36871"
startupRole: FOLLOWER
,id: "s2"
address: "localhost:38365"
dataStreamAddress: "localhost:38285"
clientAddress: "localhost:40537"
adminAddress: "localhost:35135"
startupRole: FOLLOWER
, old:)]
2022-09-14 11:47:23,092 [s4-server-thread2] INFO  server.RaftServer$Division (RaftServerImpl.java:checkInconsistentAppendEntries(1576)) - s4@group-12AB68C5691F: Failed appendEntries as the first entry (index 0) already exists (snapshotIndex: -1, commitIndex: 0)
2022-09-14 11:47:23,092 [s4-server-thread2] INFO  server.RaftServer$Division (RaftServerImpl.java:checkInconsistentAppendEntries(1556)) - s4@group-12AB68C5691F: inconsistency entries. Reply:s2<-s4#213:FAIL-t2,INCONSISTENCY,nextIndex=1,followerCommit=0,matchIndex=-1
2022-09-14 11:47:23,092 [grpc-default-executor-39] INFO  leader.FollowerInfo (FollowerInfoImpl.java:lambda$new$0(48)) - s2@group-12AB68C5691F->s4: nextIndex: updateUnconditionally 1 -> 1
2022-09-14 11:47:23,169 [s4-server-thread2] INFO  server.RaftServer$Division (RaftServerImpl.java:checkInconsistentAppendEntries(1586)) - s4@group-12AB68C5691F: Failed appendEntries as previous log entry ((t:2, i:0)) is not found
2022-09-14 11:47:23,169 [s4-server-thread2] INFO  server.RaftServer$Division (RaftServerImpl.java:checkInconsistentAppendEntries(1556)) - s4@group-12AB68C5691F: inconsistency entries. Reply:s2<-s4#214:FAIL-t2,INCONSISTENCY,nextIndex=0,followerCommit=0,matchIndex=-1
2022-09-14 11:47:23,170 [grpc-default-executor-19] INFO  leader.FollowerInfo (FollowerInfoImpl.java:lambda$new$0(48)) - s2@group-12AB68C5691F->s4: nextIndex: updateUnconditionally 1 -> 0
2022-09-14 11:47:23,174 [s4-server-thread2] DEBUG server.RaftServer$Division (RaftServerImpl.java:logAppendEntries(1405)) - s4@group-12AB68C5691F: receive appendEntries(s2, 2, null, 0, true, commits:[s2:c0, s3:c0, s4:c0, s0:c0, s1:c0], cId:215, entries: [(t:2, i:0), CONFIGURATIONENTRY(current:id: "s3"
address: "localhost:46799"
dataStreamAddress: "localhost:40281"
clientAddress: "localhost:46547"
adminAddress: "localhost:45171"
startupRole: FOLLOWER
,id: "s4"
address: "localhost:39419"
dataStreamAddress: "localhost:46687"
clientAddress: "localhost:41785"
adminAddress: "localhost:43995"
startupRole: FOLLOWER
,id: "s0"
address: "localhost:42481"
dataStreamAddress: "localhost:43981"
clientAddress: "localhost:42743"
adminAddress: "localhost:44771"
startupRole: FOLLOWER
,id: "s1"
address: "localhost:44073"
dataStreamAddress: "localhost:35501"
clientAddress: "localhost:39477"
adminAddress: "localhost:36871"
startupRole: FOLLOWER
,id: "s2"
address: "localhost:38365"
dataStreamAddress: "localhost:38285"
clientAddress: "localhost:40537"
adminAddress: "localhost:35135"
startupRole: FOLLOWER
, old:)]
2022-09-14 11:47:23,174 [s4-server-thread2] INFO  server.RaftServer$Division (RaftServerImpl.java:checkInconsistentAppendEntries(1576)) - s4@group-12AB68C5691F: Failed appendEntries as the first entry (index 0) already exists (snapshotIndex: -1, commitIndex: 0)
2022-09-14 11:47:23,174 [s4-server-thread2] INFO  server.RaftServer$Division (RaftServerImpl.java:checkInconsistentAppendEntries(1556)) - s4@group-12AB68C5691F: inconsistency entries. Reply:s2<-s4#215:FAIL-t2,INCONSISTENCY,nextIndex=1,followerCommit=0,matchIndex=-1
2022-09-14 11:47:23,175 [grpc-default-executor-19] INFO  leader.FollowerInfo (FollowerInfoImpl.java:lambda$new$0(48)) - s2@group-12AB68C5691F->s4: nextIndex: updateUnconditionally 1 -> 1
2022-09-14 11:47:23,250 [s4-server-thread2] INFO  server.RaftServer$Division (RaftServerImpl.java:checkInconsistentAppendEntries(1586)) - s4@group-12AB68C5691F: Failed appendEntries as previous log entry ((t:2, i:0)) is not found
2022-09-14 11:47:23,251 [s4-server-thread2] INFO  server.RaftServer$Division (RaftServerImpl.java:checkInconsistentAppendEntries(1556)) - s4@group-12AB68C5691F: inconsistency entries. Reply:s2<-s4#216:FAIL-t2,INCONSISTENCY,nextIndex=0,followerCommit=0,matchIndex=-1
2022-09-14 11:47:23,251 [grpc-default-executor-19] INFO  leader.FollowerInfo (FollowerInfoImpl.java:lambda$new$0(48)) - s2@group-12AB68C5691F->s4: nextIndex: updateUnconditionally 1 -> 0
2022-09-14 11:47:23,252 [s4-server-thread2] DEBUG server.RaftServer$Division (RaftServerImpl.java:logAppendEntries(1405)) - s4@group-12AB68C5691F: receive appendEntries(s2, 2, null, 0, true, commits:[s2:c0, s3:c0, s4:c0, s0:c0, s1:c0], cId:217, entries: [(t:2, i:0), CONFIGURATIONENTRY(current:id: "s3"
address: "localhost:46799"
dataStreamAddress: "localhost:40281"
clientAddress: "localhost:46547"
adminAddress: "localhost:45171"
startupRole: FOLLOWER
,id: "s4"
address: "localhost:39419"
dataStreamAddress: "localhost:46687"
clientAddress: "localhost:41785"
adminAddress: "localhost:43995"
startupRole: FOLLOWER
,id: "s0"
address: "localhost:42481"
dataStreamAddress: "localhost:43981"
clientAddress: "localhost:42743"
adminAddress: "localhost:44771"
startupRole: FOLLOWER
,id: "s1"
address: "localhost:44073"
dataStreamAddress: "localhost:35501"
clientAddress: "localhost:39477"
adminAddress: "localhost:36871"
startupRole: FOLLOWER
,id: "s2"
address: "localhost:38365"
dataStreamAddress: "localhost:38285"
clientAddress: "localhost:40537"
adminAddress: "localhost:35135"
startupRole: FOLLOWER
, old:)]
2022-09-14 11:47:23,252 [s4-server-thread2] INFO  server.RaftServer$Division (RaftServerImpl.java:checkInconsistentAppendEntries(1576)) - s4@group-12AB68C5691F: Failed appendEntries as the first entry (index 0) already exists (snapshotIndex: -1, commitIndex: 0)
2022-09-14 11:47:23,252 [s4-server-thread2] INFO  server.RaftServer$Division (RaftServerImpl.java:checkInconsistentAppendEntries(1556)) - s4@group-12AB68C5691F: inconsistency entries. Reply:s2<-s4#217:FAIL-t2,INCONSISTENCY,nextIndex=1,followerCommit=0,matchIndex=-1
2022-09-14 11:47:23,253 [grpc-default-executor-19] INFO  leader.FollowerInfo (FollowerInfoImpl.java:lambda$new$0(48)) - s2@group-12AB68C5691F->s4: nextIndex: updateUnconditionally 1 -> 1
2022-09-14 11:47:23,328 [s4-server-thread2] INFO  server.RaftServer$Division (RaftServerImpl.java:checkInconsistentAppendEntries(1586)) - s4@group-12AB68C5691F: Failed appendEntries as previous log entry ((t:2, i:0)) is not found
2022-09-14 11:47:23,329 [s4-server-thread2] INFO  server.RaftServer$Division (RaftServerImpl.java:checkInconsistentAppendEntries(1556)) - s4@group-12AB68C5691F: inconsistency entries. Reply:s2<-s4#218:FAIL-t2,INCONSISTENCY,nextIndex=0,followerCommit=0,matchIndex=-1
2022-09-14 11:47:23,329 [grpc-default-executor-19] INFO  leader.FollowerInfo (FollowerInfoImpl.java:lambda$new$0(48)) - s2@group-12AB68C5691F->s4: nextIndex: updateUnconditionally 1 -> 0
2022-09-14 11:47:23,330 [s4-server-thread2] DEBUG server.RaftServer$Division (RaftServerImpl.java:logAppendEntries(1405)) - s4@group-12AB68C5691F: receive appendEntries(s2, 2, null, 0, true, commits:[s2:c0, s3:c0, s4:c0, s0:c0, s1:c0], cId:219, entries: [(t:2, i:0), CONFIGURATIONENTRY(current:id: "s3"
address: "localhost:46799"
dataStreamAddress: "localhost:40281"
clientAddress: "localhost:46547"
adminAddress: "localhost:45171"
startupRole: FOLLOWER
,id: "s4"
address: "localhost:39419"
dataStreamAddress: "localhost:46687"
clientAddress: "localhost:41785"
adminAddress: "localhost:43995"
startupRole: FOLLOWER
,id: "s0"
address: "localhost:42481"
dataStreamAddress: "localhost:43981"
clientAddress: "localhost:42743"
adminAddress: "localhost:44771"
startupRole: FOLLOWER
,id: "s1"
address: "localhost:44073"
dataStreamAddress: "localhost:35501"
clientAddress: "localhost:39477"
adminAddress: "localhost:36871"
startupRole: FOLLOWER
,id: "s2"
address: "localhost:38365"
dataStreamAddress: "localhost:38285"
clientAddress: "localhost:40537"
adminAddress: "localhost:35135"
startupRole: FOLLOWER
, old:)]
2022-09-14 11:47:23,330 [s4-server-thread2] INFO  server.RaftServer$Division (RaftServerImpl.java:checkInconsistentAppendEntries(1576)) - s4@group-12AB68C5691F: Failed appendEntries as the first entry (index 0) already exists (snapshotIndex: -1, commitIndex: 0)
2022-09-14 11:47:23,330 [s4-server-thread2] INFO  server.RaftServer$Division (RaftServerImpl.java:checkInconsistentAppendEntries(1556)) - s4@group-12AB68C5691F: inconsistency entries. Reply:s2<-s4#219:FAIL-t2,INCONSISTENCY,nextIndex=1,followerCommit=0,matchIndex=-1
2022-09-14 11:47:23,331 [grpc-default-executor-19] INFO  leader.FollowerInfo (FollowerInfoImpl.java:lambda$new$0(48)) - s2@group-12AB68C5691F->s4: nextIndex: updateUnconditionally 1 -> 1
2022-09-14 11:47:23,407 [s4-server-thread2] INFO  server.RaftServer$Division (RaftServerImpl.java:checkInconsistentAppendEntries(1586)) - s4@group-12AB68C5691F: Failed appendEntries as previous log entry ((t:2, i:0)) is not found
2022-09-14 11:47:23,407 [s4-server-thread2] INFO  server.RaftServer$Division (RaftServerImpl.java:checkInconsistentAppendEntries(1556)) - s4@group-12AB68C5691F: inconsistency entries. Reply:s2<-s4#220:FAIL-t2,INCONSISTENCY,nextIndex=0,followerCommit=0,matchIndex=-1
2022-09-14 11:47:23,407 [grpc-default-executor-39] INFO  leader.FollowerInfo (FollowerInfoImpl.java:lambda$new$0(48)) - s2@group-12AB68C5691F->s4: nextIndex: updateUnconditionally 1 -> 0
2022-09-14 11:47:23,408 [s4-server-thread2] DEBUG server.RaftServer$Division (RaftServerImpl.java:logAppendEntries(1405)) - s4@group-12AB68C5691F: receive appendEntries(s2, 2, null, 0, true, commits:[s2:c0, s3:c0, s4:c0, s0:c0, s1:c0], cId:221, entries: [(t:2, i:0), CONFIGURATIONENTRY(current:id: "s3"
address: "localhost:46799"
dataStreamAddress: "localhost:40281"
clientAddress: "localhost:46547"
adminAddress: "localhost:45171"
startupRole: FOLLOWER
,id: "s4"
address: "localhost:39419"
dataStreamAddress: "localhost:46687"
clientAddress: "localhost:41785"
adminAddress: "localhost:43995"
startupRole: FOLLOWER
,id: "s0"
address: "localhost:42481"
dataStreamAddress: "localhost:43981"
clientAddress: "localhost:42743"
adminAddress: "localhost:44771"
startupRole: FOLLOWER
,id: "s1"
address: "localhost:44073"
dataStreamAddress: "localhost:35501"
clientAddress: "localhost:39477"
adminAddress: "localhost:36871"
startupRole: FOLLOWER
,id: "s2"
address: "localhost:38365"
dataStreamAddress: "localhost:38285"
clientAddress: "localhost:40537"
adminAddress: "localhost:35135"
startupRole: FOLLOWER
, old:)]
2022-09-14 11:47:23,408 [s4-server-thread2] INFO  server.RaftServer$Division (RaftServerImpl.java:checkInconsistentAppendEntries(1576)) - s4@group-12AB68C5691F: Failed appendEntries as the first entry (index 0) already exists (snapshotIndex: -1, commitIndex: 0)
2022-09-14 11:47:23,408 [s4-server-thread2] INFO  server.RaftServer$Division (RaftServerImpl.java:checkInconsistentAppendEntries(1556)) - s4@group-12AB68C5691F: inconsistency entries. Reply:s2<-s4#221:FAIL-t2,INCONSISTENCY,nextIndex=1,followerCommit=0,matchIndex=-1
2022-09-14 11:47:23,409 [grpc-default-executor-39] INFO  leader.FollowerInfo (FollowerInfoImpl.java:lambda$new$0(48)) - s2@group-12AB68C5691F->s4: nextIndex: updateUnconditionally 1 -> 1
2022-09-14 11:47:23,485 [s4-server-thread2] INFO  server.RaftServer$Division (RaftServerImpl.java:checkInconsistentAppendEntries(1586)) - s4@group-12AB68C5691F: Failed appendEntries as previous log entry ((t:2, i:0)) is not found
2022-09-14 11:47:23,485 [s4-server-thread2] INFO  server.RaftServer$Division (RaftServerImpl.java:checkInconsistentAppendEntries(1556)) - s4@group-12AB68C5691F: inconsistency entries. Reply:s2<-s4#222:FAIL-t2,INCONSISTENCY,nextIndex=0,followerCommit=0,matchIndex=-1
2022-09-14 11:47:23,486 [grpc-default-executor-19] INFO  leader.FollowerInfo (FollowerInfoImpl.java:lambda$new$0(48)) - s2@group-12AB68C5691F->s4: nextIndex: updateUnconditionally 1 -> 0
2022-09-14 11:47:23,487 [s4-server-thread2] DEBUG server.RaftServer$Division (RaftServerImpl.java:logAppendEntries(1405)) - s4@group-12AB68C5691F: receive appendEntries(s2, 2, null, 0, true, commits:[s2:c0, s3:c0, s4:c0, s0:c0, s1:c0], cId:223, entries: [(t:2, i:0), CONFIGURATIONENTRY(current:id: "s3"
address: "localhost:46799"
dataStreamAddress: "localhost:40281"
clientAddress: "localhost:46547"
adminAddress: "localhost:45171"
startupRole: FOLLOWER
,id: "s4"
address: "localhost:39419"
dataStreamAddress: "localhost:46687"
clientAddress: "localhost:41785"
adminAddress: "localhost:43995"
startupRole: FOLLOWER
,id: "s0"
address: "localhost:42481"
dataStreamAddress: "localhost:43981"
clientAddress: "localhost:42743"
adminAddress: "localhost:44771"
startupRole: FOLLOWER
,id: "s1"
address: "localhost:44073"
dataStreamAddress: "localhost:35501"
clientAddress: "localhost:39477"
adminAddress: "localhost:36871"
startupRole: FOLLOWER
,id: "s2"
address: "localhost:38365"
dataStreamAddress: "localhost:38285"
clientAddress: "localhost:40537"
adminAddress: "localhost:35135"
startupRole: FOLLOWER
, old:)]
2022-09-14 11:47:23,487 [s4-server-thread2] INFO  server.RaftServer$Division (RaftServerImpl.java:checkInconsistentAppendEntries(1576)) - s4@group-12AB68C5691F: Failed appendEntries as the first entry (index 0) already exists (snapshotIndex: -1, commitIndex: 0)
2022-09-14 11:47:23,487 [s4-server-thread2] INFO  server.RaftServer$Division (RaftServerImpl.java:checkInconsistentAppendEntries(1556)) - s4@group-12AB68C5691F: inconsistency entries. Reply:s2<-s4#223:FAIL-t2,INCONSISTENCY,nextIndex=1,followerCommit=0,matchIndex=-1
2022-09-14 11:47:23,487 [grpc-default-executor-19] INFO  leader.FollowerInfo (FollowerInfoImpl.java:lambda$new$0(48)) - s2@group-12AB68C5691F->s4: nextIndex: updateUnconditionally 1 -> 1
2022-09-14 11:47:23,564 [s4-server-thread2] INFO  server.RaftServer$Division (RaftServerImpl.java:checkInconsistentAppendEntries(1586)) - s4@group-12AB68C5691F: Failed appendEntries as previous log entry ((t:2, i:0)) is not found
2022-09-14 11:47:23,564 [s4-server-thread2] INFO  server.RaftServer$Division (RaftServerImpl.java:checkInconsistentAppendEntries(1556)) - s4@group-12AB68C5691F: inconsistency entries. Reply:s2<-s4#224:FAIL-t2,INCONSISTENCY,nextIndex=0,followerCommit=0,matchIndex=-1
2022-09-14 11:47:23,564 [grpc-default-executor-37] INFO  leader.FollowerInfo (FollowerInfoImpl.java:lambda$new$0(48)) - s2@group-12AB68C5691F->s4: nextIndex: updateUnconditionally 1 -> 0
2022-09-14 11:47:23,565 [s4-server-thread2] DEBUG server.RaftServer$Division (RaftServerImpl.java:logAppendEntries(1405)) - s4@group-12AB68C5691F: receive appendEntries(s2, 2, null, 0, true, commits:[s2:c0, s3:c0, s4:c0, s0:c0, s1:c0], cId:225, entries: [(t:2, i:0), CONFIGURATIONENTRY(current:id: "s3"
address: "localhost:46799"
dataStreamAddress: "localhost:40281"
clientAddress: "localhost:46547"
adminAddress: "localhost:45171"
startupRole: FOLLOWER
,id: "s4"
address: "localhost:39419"
dataStreamAddress: "localhost:46687"
clientAddress: "localhost:41785"
adminAddress: "localhost:43995"
startupRole: FOLLOWER
,id: "s0"
address: "localhost:42481"
dataStreamAddress: "localhost:43981"
clientAddress: "localhost:42743"
adminAddress: "localhost:44771"
startupRole: FOLLOWER
,id: "s1"
address: "localhost:44073"
dataStreamAddress: "localhost:35501"
clientAddress: "localhost:39477"
adminAddress: "localhost:36871"
startupRole: FOLLOWER
,id: "s2"
address: "localhost:38365"
dataStreamAddress: "localhost:38285"
clientAddress: "localhost:40537"
adminAddress: "localhost:35135"
startupRole: FOLLOWER
, old:)]
2022-09-14 11:47:23,565 [s4-server-thread2] INFO  server.RaftServer$Division (RaftServerImpl.java:checkInconsistentAppendEntries(1576)) - s4@group-12AB68C5691F: Failed appendEntries as the first entry (index 0) already exists (snapshotIndex: -1, commitIndex: 0)
2022-09-14 11:47:23,565 [s4-server-thread2] INFO  server.RaftServer$Division (RaftServerImpl.java:checkInconsistentAppendEntries(1556)) - s4@group-12AB68C5691F: inconsistency entries. Reply:s2<-s4#225:FAIL-t2,INCONSISTENCY,nextIndex=1,followerCommit=0,matchIndex=-1
2022-09-14 11:47:23,566 [grpc-default-executor-37] INFO  leader.FollowerInfo (FollowerInfoImpl.java:lambda$new$0(48)) - s2@group-12AB68C5691F->s4: nextIndex: updateUnconditionally 1 -> 1
2022-09-14 11:47:23,624 [Time-limited test] INFO  grpc.TestLeaderElectionWithGrpc (LeaderElectionTests.java:enforceLeader(292)) - try enforcing leader to s4 but new leader is s2
2022-09-14 11:47:23,625 [Time-limited test] INFO  server.RaftServerConfigKeys (ConfUtils.java:logGet(46)) - raft.server.rpc.timeout.max = 300ms (default)
2022-09-14 11:47:23,642 [s2@group-12AB68C5691F->s4-GrpcLogAppender-LogAppenderDaemon] INFO  util.CodeInjectionForTesting (DelayLocalExecutionInjection.java:execute(65)) - s2 delay 150 ms, args=[serverRequest {
  requestorId: "s2"
  replyId: "s4"
  raftGroupId {
    id: "\326\216l\301\220x@5\222b\022\253h\305i\037"
  }
  callId: 226
  slidingWindowEntry {
  }
}
leaderTerm: 2
previousLog {
  term: 2
}
initializing: true
commitInfos {
  server {
    id: "s2"
    address: "localhost:38365"
    dataStreamAddress: "localhost:38285"
    clientAddress: "localhost:40537"
    adminAddress: "localhost:35135"
    startupRole: FOLLOWER
  }
}
commitInfos {
  server {
    id: "s3"
    address: "localhost:46799"
    dataStreamAddress: "localhost:40281"
    clientAddress: "localhost:46547"
    adminAddress: "localhost:45171"
    startupRole: FOLLOWER
  }
}
commitInfos {
  server {
    id: "s4"
    address: "localhost:39419"
    dataStreamAddress: "localhost:46687"
    clientAddress: "localhost:41785"
    adminAddress: "localhost:43995"
    startupRole: FOLLOWER
  }
}
commitInfos {
  server {
    id: "s0"
    address: "localhost:42481"
    dataStreamAddress: "localhost:43981"
    clientAddress: "localhost:42743"
    adminAddress: "localhost:44771"
    startupRole: FOLLOWER
  }
}
commitInfos {
  server {
    id: "s1"
    address: "localhost:44073"
    dataStreamAddress: "localhost:35501"
    clientAddress: "localhost:39477"
    adminAddress: "localhost:36871"
    startupRole: FOLLOWER
  }
}
]
2022-09-14 11:47:23,694 [s2@group-12AB68C5691F->s3-GrpcLogAppender-LogAppenderDaemon] INFO  util.CodeInjectionForTesting (DelayLocalExecutionInjection.java:execute(65)) - s2 delay 150 ms, args=[serverRequest {
  requestorId: "s2"
  replyId: "s3"
  raftGroupId {
    id: "\326\216l\301\220x@5\222b\022\253h\305i\037"
  }
  callId: 129
  slidingWindowEntry {
  }
}
leaderTerm: 2
previousLog {
  term: 2
}
initializing: true
commitInfos {
  server {
    id: "s2"
    address: "localhost:38365"
    dataStreamAddress: "localhost:38285"
    clientAddress: "localhost:40537"
    adminAddress: "localhost:35135"
    startupRole: FOLLOWER
  }
}
commitInfos {
  server {
    id: "s3"
    address: "localhost:46799"
    dataStreamAddress: "localhost:40281"
    clientAddress: "localhost:46547"
    adminAddress: "localhost:45171"
    startupRole: FOLLOWER
  }
}
commitInfos {
  server {
    id: "s4"
    address: "localhost:39419"
    dataStreamAddress: "localhost:46687"
    clientAddress: "localhost:41785"
    adminAddress: "localhost:43995"
    startupRole: FOLLOWER
  }
}
commitInfos {
  server {
    id: "s0"
    address: "localhost:42481"
    dataStreamAddress: "localhost:43981"
    clientAddress: "localhost:42743"
    adminAddress: "localhost:44771"
    startupRole: FOLLOWER
  }
}
commitInfos {
  server {
    id: "s1"
    address: "localhost:44073"
    dataStreamAddress: "localhost:35501"
    clientAddress: "localhost:39477"
    adminAddress: "localhost:36871"
    startupRole: FOLLOWER
  }
}
]
2022-09-14 11:47:23,694 [s2@group-12AB68C5691F->s0-GrpcLogAppender-LogAppenderDaemon] INFO  util.CodeInjectionForTesting (DelayLocalExecutionInjection.java:execute(65)) - s2 delay 150 ms, args=[serverRequest {
  requestorId: "s2"
  replyId: "s0"
  raftGroupId {
    id: "\326\216l\301\220x@5\222b\022\253h\305i\037"
  }
  callId: 120
  slidingWindowEntry {
  }
}
leaderTerm: 2
previousLog {
  term: 2
}
initializing: true
commitInfos {
  server {
    id: "s2"
    address: "localhost:38365"
    dataStreamAddress: "localhost:38285"
    clientAddress: "localhost:40537"
    adminAddress: "localhost:35135"
    startupRole: FOLLOWER
  }
}
commitInfos {
  server {
    id: "s3"
    address: "localhost:46799"
    dataStreamAddress: "localhost:40281"
    clientAddress: "localhost:46547"
    adminAddress: "localhost:45171"
    startupRole: FOLLOWER
  }
}
commitInfos {
  server {
    id: "s4"
    address: "localhost:39419"
    dataStreamAddress: "localhost:46687"
    clientAddress: "localhost:41785"
    adminAddress: "localhost:43995"
    startupRole: FOLLOWER
  }
}
commitInfos {
  server {
    id: "s0"
    address: "localhost:42481"
    dataStreamAddress: "localhost:43981"
    clientAddress: "localhost:42743"
    adminAddress: "localhost:44771"
    startupRole: FOLLOWER
  }
}
commitInfos {
  server {
    id: "s1"
    address: "localhost:44073"
    dataStreamAddress: "localhost:35501"
    clientAddress: "localhost:39477"
    adminAddress: "localhost:36871"
    startupRole: FOLLOWER
  }
}
]
2022-09-14 11:47:23,695 [s2@group-12AB68C5691F->s1-GrpcLogAppender-LogAppenderDaemon] INFO  util.CodeInjectionForTesting (DelayLocalExecutionInjection.java:execute(65)) - s2 delay 150 ms, args=[serverRequest {
  requestorId: "s2"
  replyId: "s1"
  raftGroupId {
    id: "\326\216l\301\220x@5\222b\022\253h\305i\037"
  }
  callId: 120
  slidingWindowEntry {
  }
}
leaderTerm: 2
previousLog {
  term: 2
}
initializing: true
commitInfos {
  server {
    id: "s2"
    address: "localhost:38365"
    dataStreamAddress: "localhost:38285"
    clientAddress: "localhost:40537"
    adminAddress: "localhost:35135"
    startupRole: FOLLOWER
  }
}
commitInfos {
  server {
    id: "s3"
    address: "localhost:46799"
    dataStreamAddress: "localhost:40281"
    clientAddress: "localhost:46547"
    adminAddress: "localhost:45171"
    startupRole: FOLLOWER
  }
}
commitInfos {
  server {
    id: "s4"
    address: "localhost:39419"
    dataStreamAddress: "localhost:46687"
    clientAddress: "localhost:41785"
    adminAddress: "localhost:43995"
    startupRole: FOLLOWER
  }
}
commitInfos {
  server {
    id: "s0"
    address: "localhost:42481"
    dataStreamAddress: "localhost:43981"
    clientAddress: "localhost:42743"
    adminAddress: "localhost:44771"
    startupRole: FOLLOWER
  }
}
commitInfos {
  server {
    id: "s1"
    address: "localhost:44073"
    dataStreamAddress: "localhost:35501"
    clientAddress: "localhost:39477"
    adminAddress: "localhost:36871"
    startupRole: FOLLOWER
  }
}
]
2022-09-14 11:47:23,793 [s4-server-thread2] INFO  util.CodeInjectionForTesting (BlockRequestHandlingInjection.java:execute(77)) - s4: Block request from s2
2022-09-14 11:47:23,830 [s2@group-12AB68C5691F->s4-GrpcLogAppender-LogAppenderDaemon] INFO  util.CodeInjectionForTesting (DelayLocalExecutionInjection.java:execute(65)) - s2 delay 150 ms, args=[serverRequest {
  requestorId: "s2"
  replyId: "s4"
  raftGroupId {
    id: "\326\216l\301\220x@5\222b\022\253h\305i\037"
  }
  callId: 227
  slidingWindowEntry {
  }
}
leaderTerm: 2
previousLog {
  term: 2
}
initializing: true
commitInfos {
  server {
    id: "s2"
    address: "localhost:38365"
    dataStreamAddress: "localhost:38285"
    clientAddress: "localhost:40537"
    adminAddress: "localhost:35135"
    startupRole: FOLLOWER
  }
}
commitInfos {
  server {
    id: "s3"
    address: "localhost:46799"
    dataStreamAddress: "localhost:40281"
    clientAddress: "localhost:46547"
    adminAddress: "localhost:45171"
    startupRole: FOLLOWER
  }
}
commitInfos {
  server {
    id: "s4"
    address: "localhost:39419"
    dataStreamAddress: "localhost:46687"
    clientAddress: "localhost:41785"
    adminAddress: "localhost:43995"
    startupRole: FOLLOWER
  }
}
commitInfos {
  server {
    id: "s0"
    address: "localhost:42481"
    dataStreamAddress: "localhost:43981"
    clientAddress: "localhost:42743"
    adminAddress: "localhost:44771"
    startupRole: FOLLOWER
  }
}
commitInfos {
  server {
    id: "s1"
    address: "localhost:44073"
    dataStreamAddress: "localhost:35501"
    clientAddress: "localhost:39477"
    adminAddress: "localhost:36871"
    startupRole: FOLLOWER
  }
}
]
2022-09-14 11:47:23,921 [s2@group-12AB68C5691F->s3-GrpcLogAppender-LogAppenderDaemon] INFO  util.CodeInjectionForTesting (DelayLocalExecutionInjection.java:execute(65)) - s2 delay 150 ms, args=[serverRequest {
  requestorId: "s2"
  replyId: "s3"
  raftGroupId {
    id: "\326\216l\301\220x@5\222b\022\253h\305i\037"
  }
  callId: 130
  slidingWindowEntry {
  }
}
leaderTerm: 2
previousLog {
  term: 2
}
initializing: true
commitInfos {
  server {
    id: "s2"
    address: "localhost:38365"
    dataStreamAddress: "localhost:38285"
    clientAddress: "localhost:40537"
    adminAddress: "localhost:35135"
    startupRole: FOLLOWER
  }
}
commitInfos {
  server {
    id: "s3"
    address: "localhost:46799"
    dataStreamAddress: "localhost:40281"
    clientAddress: "localhost:46547"
    adminAddress: "localhost:45171"
    startupRole: FOLLOWER
  }
}
commitInfos {
  server {
    id: "s4"
    address: "localhost:39419"
    dataStreamAddress: "localhost:46687"
    clientAddress: "localhost:41785"
    adminAddress: "localhost:43995"
    startupRole: FOLLOWER
  }
}
commitInfos {
  server {
    id: "s0"
    address: "localhost:42481"
    dataStreamAddress: "localhost:43981"
    clientAddress: "localhost:42743"
    adminAddress: "localhost:44771"
    startupRole: FOLLOWER
  }
}
commitInfos {
  server {
    id: "s1"
    address: "localhost:44073"
    dataStreamAddress: "localhost:35501"
    clientAddress: "localhost:39477"
    adminAddress: "localhost:36871"
    startupRole: FOLLOWER
  }
}
]
2022-09-14 11:47:23,922 [s2@group-12AB68C5691F->s0-GrpcLogAppender-LogAppenderDaemon] INFO  util.CodeInjectionForTesting (DelayLocalExecutionInjection.java:execute(65)) - s2 delay 150 ms, args=[serverRequest {
  requestorId: "s2"
  replyId: "s0"
  raftGroupId {
    id: "\326\216l\301\220x@5\222b\022\253h\305i\037"
  }
  callId: 121
  slidingWindowEntry {
  }
}
leaderTerm: 2
previousLog {
  term: 2
}
initializing: true
commitInfos {
  server {
    id: "s2"
    address: "localhost:38365"
    dataStreamAddress: "localhost:38285"
    clientAddress: "localhost:40537"
    adminAddress: "localhost:35135"
    startupRole: FOLLOWER
  }
}
commitInfos {
  server {
    id: "s3"
    address: "localhost:46799"
    dataStreamAddress: "localhost:40281"
    clientAddress: "localhost:46547"
    adminAddress: "localhost:45171"
    startupRole: FOLLOWER
  }
}
commitInfos {
  server {
    id: "s4"
    address: "localhost:39419"
    dataStreamAddress: "localhost:46687"
    clientAddress: "localhost:41785"
    adminAddress: "localhost:43995"
    startupRole: FOLLOWER
  }
}
commitInfos {
  server {
    id: "s0"
    address: "localhost:42481"
    dataStreamAddress: "localhost:43981"
    clientAddress: "localhost:42743"
    adminAddress: "localhost:44771"
    startupRole: FOLLOWER
  }
}
commitInfos {
  server {
    id: "s1"
    address: "localhost:44073"
    dataStreamAddress: "localhost:35501"
    clientAddress: "localhost:39477"
    adminAddress: "localhost:36871"
    startupRole: FOLLOWER
  }
}
]
2022-09-14 11:47:23,922 [s2@group-12AB68C5691F->s1-GrpcLogAppender-LogAppenderDaemon] INFO  util.CodeInjectionForTesting (DelayLocalExecutionInjection.java:execute(65)) - s2 delay 150 ms, args=[serverRequest {
  requestorId: "s2"
  replyId: "s1"
  raftGroupId {
    id: "\326\216l\301\220x@5\222b\022\253h\305i\037"
  }
  callId: 121
  slidingWindowEntry {
  }
}
leaderTerm: 2
previousLog {
  term: 2
}
initializing: true
commitInfos {
  server {
    id: "s2"
    address: "localhost:38365"
    dataStreamAddress: "localhost:38285"
    clientAddress: "localhost:40537"
    adminAddress: "localhost:35135"
    startupRole: FOLLOWER
  }
}
commitInfos {
  server {
    id: "s3"
    address: "localhost:46799"
    dataStreamAddress: "localhost:40281"
    clientAddress: "localhost:46547"
    adminAddress: "localhost:45171"
    startupRole: FOLLOWER
  }
}
commitInfos {
  server {
    id: "s4"
    address: "localhost:39419"
    dataStreamAddress: "localhost:46687"
    clientAddress: "localhost:41785"
    adminAddress: "localhost:43995"
    startupRole: FOLLOWER
  }
}
commitInfos {
  server {
    id: "s0"
    address: "localhost:42481"
    dataStreamAddress: "localhost:43981"
    clientAddress: "localhost:42743"
    adminAddress: "localhost:44771"
    startupRole: FOLLOWER
  }
}
commitInfos {
  server {
    id: "s1"
    address: "localhost:44073"
    dataStreamAddress: "localhost:35501"
    clientAddress: "localhost:39477"
    adminAddress: "localhost:36871"
    startupRole: FOLLOWER
  }
}
]
2022-09-14 11:47:24,005 [s4@group-12AB68C5691F-FollowerState] INFO  impl.FollowerState (FollowerState.java:run(141)) - s4@group-12AB68C5691F-FollowerState: change to CANDIDATE, lastRpcElapsedTime:439391423ns, electionTimeout:163ms
2022-09-14 11:47:24,005 [s4@group-12AB68C5691F-FollowerState] INFO  impl.RoleInfo (RoleInfo.java:shutdownFollowerState(110)) - s4: shutdown s4@group-12AB68C5691F-FollowerState
2022-09-14 11:47:24,005 [s4@group-12AB68C5691F-FollowerState] INFO  server.RaftServer$Division (RaftServerImpl.java:setRole(317)) - s4@group-12AB68C5691F: changes role from  FOLLOWER to CANDIDATE at term 2 for changeToCandidate
2022-09-14 11:47:24,005 [s4@group-12AB68C5691F-FollowerState] INFO  server.RaftServerConfigKeys (ConfUtils.java:logGet(46)) - raft.server.leaderelection.pre-vote = true (default)
2022-09-14 11:47:24,005 [s4@group-12AB68C5691F-FollowerState] INFO  impl.RoleInfo (RoleInfo.java:updateAndGet(139)) - s4: start s4@group-12AB68C5691F-LeaderElection37
2022-09-14 11:47:24,007 [s4@group-12AB68C5691F-LeaderElection37] INFO  server.RaftServer$Division (ServerState.java:setLeader(259)) - s4@group-12AB68C5691F: change Leader from s2 to null at term 2 for PRE_VOTE
2022-09-14 11:47:24,008 [s4@group-12AB68C5691F-LeaderElection37] INFO  impl.LeaderElection (LeaderElection.java:askForVotes(308)) - s4@group-12AB68C5691F-LeaderElection37 PRE_VOTE round 0: submit vote requests at term 2 for 0: peers:[s3|rpc:localhost:46799|admin:localhost:45171|client:localhost:46547|dataStream:localhost:40281|priority:0|startupRole:FOLLOWER, s4|rpc:localhost:39419|admin:localhost:43995|client:localhost:41785|dataStream:localhost:46687|priority:0|startupRole:FOLLOWER, s0|rpc:localhost:42481|admin:localhost:44771|client:localhost:42743|dataStream:localhost:43981|priority:0|startupRole:FOLLOWER, s1|rpc:localhost:44073|admin:localhost:36871|client:localhost:39477|dataStream:localhost:35501|priority:0|startupRole:FOLLOWER, s2|rpc:localhost:38365|admin:localhost:35135|client:localhost:40537|dataStream:localhost:38285|priority:0|startupRole:FOLLOWER]|listeners:[], old=null
2022-09-14 11:47:24,011 [grpc-default-executor-39] INFO  server.RaftServer$Division (RaftServerImpl.java:requestVote(1281)) - s1@group-12AB68C5691F: receive requestVote(PRE_VOTE, s4, group-12AB68C5691F, 2, (t:1, i:0))
2022-09-14 11:47:24,011 [grpc-default-executor-39] INFO  impl.VoteContext (VoteContext.java:log(49)) - s1@group-12AB68C5691F-FOLLOWER: reject PRE_VOTE from s4: our last entry (t:2, i:0) > candidate's last entry (t:1, i:0)
2022-09-14 11:47:24,012 [grpc-default-executor-39] INFO  server.RaftServer$Division (RaftServerImpl.java:requestVote(1314)) - s1@group-12AB68C5691F replies to PRE_VOTE vote request: s4<-s1#0:FAIL-t2. Peer's state: s1@group-12AB68C5691F:t2, leader=s2, voted=s2, raftlog=Memoized:s1@group-12AB68C5691F-SegmentedRaftLog:OPENED:c0, conf=0: peers:[s3|rpc:localhost:46799|admin:localhost:45171|client:localhost:46547|dataStream:localhost:40281|priority:0|startupRole:FOLLOWER, s4|rpc:localhost:39419|admin:localhost:43995|client:localhost:41785|dataStream:localhost:46687|priority:0|startupRole:FOLLOWER, s0|rpc:localhost:42481|admin:localhost:44771|client:localhost:42743|dataStream:localhost:43981|priority:0|startupRole:FOLLOWER, s1|rpc:localhost:44073|admin:localhost:36871|client:localhost:39477|dataStream:localhost:35501|priority:0|startupRole:FOLLOWER, s2|rpc:localhost:38365|admin:localhost:35135|client:localhost:40537|dataStream:localhost:38285|priority:0|startupRole:FOLLOWER]|listeners:[], old=null
2022-09-14 11:47:24,013 [grpc-default-executor-19] INFO  server.RaftServer$Division (RaftServerImpl.java:requestVote(1281)) - s3@group-12AB68C5691F: receive requestVote(PRE_VOTE, s4, group-12AB68C5691F, 2, (t:1, i:0))
2022-09-14 11:47:24,013 [grpc-default-executor-19] INFO  impl.VoteContext (VoteContext.java:log(49)) - s3@group-12AB68C5691F-FOLLOWER: reject PRE_VOTE from s4: our last entry (t:2, i:0) > candidate's last entry (t:1, i:0)
2022-09-14 11:47:24,014 [grpc-default-executor-19] INFO  server.RaftServer$Division (RaftServerImpl.java:requestVote(1314)) - s3@group-12AB68C5691F replies to PRE_VOTE vote request: s4<-s3#0:FAIL-t2. Peer's state: s3@group-12AB68C5691F:t2, leader=s2, voted=s2, raftlog=Memoized:s3@group-12AB68C5691F-SegmentedRaftLog:OPENED:c0, conf=0: peers:[s3|rpc:localhost:46799|admin:localhost:45171|client:localhost:46547|dataStream:localhost:40281|priority:0|startupRole:FOLLOWER, s4|rpc:localhost:39419|admin:localhost:43995|client:localhost:41785|dataStream:localhost:46687|priority:0|startupRole:FOLLOWER, s0|rpc:localhost:42481|admin:localhost:44771|client:localhost:42743|dataStream:localhost:43981|priority:0|startupRole:FOLLOWER, s1|rpc:localhost:44073|admin:localhost:36871|client:localhost:39477|dataStream:localhost:35501|priority:0|startupRole:FOLLOWER, s2|rpc:localhost:38365|admin:localhost:35135|client:localhost:40537|dataStream:localhost:38285|priority:0|startupRole:FOLLOWER]|listeners:[], old=null
2022-09-14 11:47:24,014 [grpc-default-executor-39] INFO  server.RaftServer$Division (RaftServerImpl.java:requestVote(1281)) - s0@group-12AB68C5691F: receive requestVote(PRE_VOTE, s4, group-12AB68C5691F, 2, (t:1, i:0))
2022-09-14 11:47:24,014 [grpc-default-executor-39] INFO  impl.VoteContext (VoteContext.java:log(49)) - s0@group-12AB68C5691F-FOLLOWER: reject PRE_VOTE from s4: our last entry (t:2, i:0) > candidate's last entry (t:1, i:0)
2022-09-14 11:47:24,014 [grpc-default-executor-39] INFO  server.RaftServer$Division (RaftServerImpl.java:requestVote(1314)) - s0@group-12AB68C5691F replies to PRE_VOTE vote request: s4<-s0#0:FAIL-t2. Peer's state: s0@group-12AB68C5691F:t2, leader=s2, voted=s2, raftlog=Memoized:s0@group-12AB68C5691F-SegmentedRaftLog:OPENED:c0, conf=0: peers:[s3|rpc:localhost:46799|admin:localhost:45171|client:localhost:46547|dataStream:localhost:40281|priority:0|startupRole:FOLLOWER, s4|rpc:localhost:39419|admin:localhost:43995|client:localhost:41785|dataStream:localhost:46687|priority:0|startupRole:FOLLOWER, s0|rpc:localhost:42481|admin:localhost:44771|client:localhost:42743|dataStream:localhost:43981|priority:0|startupRole:FOLLOWER, s1|rpc:localhost:44073|admin:localhost:36871|client:localhost:39477|dataStream:localhost:35501|priority:0|startupRole:FOLLOWER, s2|rpc:localhost:38365|admin:localhost:35135|client:localhost:40537|dataStream:localhost:38285|priority:0|startupRole:FOLLOWER]|listeners:[], old=null
2022-09-14 11:47:24,015 [grpc-default-executor-39] INFO  server.RaftServer$Division (RaftServerImpl.java:requestVote(1281)) - s2@group-12AB68C5691F: receive requestVote(PRE_VOTE, s4, group-12AB68C5691F, 2, (t:1, i:0))
2022-09-14 11:47:24,015 [grpc-default-executor-39] INFO  impl.VoteContext (VoteContext.java:log(49)) - s2@group-12AB68C5691F-LEADER: reject PRE_VOTE from s4: this server is the leader and still has leadership
2022-09-14 11:47:24,015 [grpc-default-executor-39] INFO  server.RaftServer$Division (RaftServerImpl.java:requestVote(1314)) - s2@group-12AB68C5691F replies to PRE_VOTE vote request: s4<-s2#0:FAIL-t2. Peer's state: s2@group-12AB68C5691F:t2, leader=s2, voted=s2, raftlog=Memoized:s2@group-12AB68C5691F-SegmentedRaftLog:OPENED:c0, conf=0: peers:[s3|rpc:localhost:46799|admin:localhost:45171|client:localhost:46547|dataStream:localhost:40281|priority:0|startupRole:FOLLOWER, s4|rpc:localhost:39419|admin:localhost:43995|client:localhost:41785|dataStream:localhost:46687|priority:0|startupRole:FOLLOWER, s0|rpc:localhost:42481|admin:localhost:44771|client:localhost:42743|dataStream:localhost:43981|priority:0|startupRole:FOLLOWER, s1|rpc:localhost:44073|admin:localhost:36871|client:localhost:39477|dataStream:localhost:35501|priority:0|startupRole:FOLLOWER, s2|rpc:localhost:38365|admin:localhost:35135|client:localhost:40537|dataStream:localhost:38285|priority:0|startupRole:FOLLOWER]|listeners:[], old=null
2022-09-14 11:47:24,016 [s4@group-12AB68C5691F-LeaderElection37] INFO  impl.LeaderElection (LeaderElection.java:logAndReturn(89)) - s4@group-12AB68C5691F-LeaderElection37: PRE_VOTE REJECTED received 3 response(s) and 0 exception(s):
2022-09-14 11:47:24,016 [s4@group-12AB68C5691F-LeaderElection37] INFO  impl.LeaderElection (LeaderElection.java:logAndReturn(93)) -   Response 0: s4<-s3#0:FAIL-t2
2022-09-14 11:47:24,016 [s4@group-12AB68C5691F-LeaderElection37] INFO  impl.LeaderElection (LeaderElection.java:logAndReturn(93)) -   Response 1: s4<-s0#0:FAIL-t2
2022-09-14 11:47:24,016 [s4@group-12AB68C5691F-LeaderElection37] INFO  impl.LeaderElection (LeaderElection.java:logAndReturn(93)) -   Response 2: s4<-s1#0:FAIL-t2
2022-09-14 11:47:24,016 [s4@group-12AB68C5691F-LeaderElection37] INFO  impl.LeaderElection (LeaderElection.java:askForVotes(310)) - s4@group-12AB68C5691F-LeaderElection37 PRE_VOTE round 0: result REJECTED
2022-09-14 11:47:24,016 [s4@group-12AB68C5691F-LeaderElection37] INFO  server.RaftServer$Division (RaftServerImpl.java:setRole(317)) - s4@group-12AB68C5691F: changes role from CANDIDATE to FOLLOWER at term 2 for REJECTED
2022-09-14 11:47:24,016 [s4@group-12AB68C5691F-LeaderElection37] INFO  impl.RoleInfo (RoleInfo.java:shutdownLeaderElection(130)) - s4: shutdown s4@group-12AB68C5691F-LeaderElection37
2022-09-14 11:47:24,016 [s4@group-12AB68C5691F-LeaderElection37] INFO  impl.RoleInfo (RoleInfo.java:updateAndGet(139)) - s4: start s4@group-12AB68C5691F-FollowerState
2022-09-14 11:47:24,019 [s2@group-12AB68C5691F->s4-GrpcLogAppender-LogAppenderDaemon] INFO  util.CodeInjectionForTesting (DelayLocalExecutionInjection.java:execute(65)) - s2 delay 150 ms, args=[serverRequest {
  requestorId: "s2"
  replyId: "s4"
  raftGroupId {
    id: "\326\216l\301\220x@5\222b\022\253h\305i\037"
  }
  callId: 228
  slidingWindowEntry {
  }
}
leaderTerm: 2
previousLog {
  term: 2
}
initializing: true
commitInfos {
  server {
    id: "s2"
    address: "localhost:38365"
    dataStreamAddress: "localhost:38285"
    clientAddress: "localhost:40537"
    adminAddress: "localhost:35135"
    startupRole: FOLLOWER
  }
}
commitInfos {
  server {
    id: "s3"
    address: "localhost:46799"
    dataStreamAddress: "localhost:40281"
    clientAddress: "localhost:46547"
    adminAddress: "localhost:45171"
    startupRole: FOLLOWER
  }
}
commitInfos {
  server {
    id: "s4"
    address: "localhost:39419"
    dataStreamAddress: "localhost:46687"
    clientAddress: "localhost:41785"
    adminAddress: "localhost:43995"
    startupRole: FOLLOWER
  }
}
commitInfos {
  server {
    id: "s0"
    address: "localhost:42481"
    dataStreamAddress: "localhost:43981"
    clientAddress: "localhost:42743"
    adminAddress: "localhost:44771"
    startupRole: FOLLOWER
  }
}
commitInfos {
  server {
    id: "s1"
    address: "localhost:44073"
    dataStreamAddress: "localhost:35501"
    clientAddress: "localhost:39477"
    adminAddress: "localhost:36871"
    startupRole: FOLLOWER
  }
}
]
2022-09-14 11:47:24,151 [s2@group-12AB68C5691F->s1-GrpcLogAppender-LogAppenderDaemon] INFO  util.CodeInjectionForTesting (DelayLocalExecutionInjection.java:execute(65)) - s2 delay 150 ms, args=[serverRequest {
  requestorId: "s2"
  replyId: "s1"
  raftGroupId {
    id: "\326\216l\301\220x@5\222b\022\253h\305i\037"
  }
  callId: 122
  slidingWindowEntry {
  }
}
leaderTerm: 2
previousLog {
  term: 2
}
initializing: true
commitInfos {
  server {
    id: "s2"
    address: "localhost:38365"
    dataStreamAddress: "localhost:38285"
    clientAddress: "localhost:40537"
    adminAddress: "localhost:35135"
    startupRole: FOLLOWER
  }
}
commitInfos {
  server {
    id: "s3"
    address: "localhost:46799"
    dataStreamAddress: "localhost:40281"
    clientAddress: "localhost:46547"
    adminAddress: "localhost:45171"
    startupRole: FOLLOWER
  }
}
commitInfos {
  server {
    id: "s4"
    address: "localhost:39419"
    dataStreamAddress: "localhost:46687"
    clientAddress: "localhost:41785"
    adminAddress: "localhost:43995"
    startupRole: FOLLOWER
  }
}
commitInfos {
  server {
    id: "s0"
    address: "localhost:42481"
    dataStreamAddress: "localhost:43981"
    clientAddress: "localhost:42743"
    adminAddress: "localhost:44771"
    startupRole: FOLLOWER
  }
}
commitInfos {
  server {
    id: "s1"
    address: "localhost:44073"
    dataStreamAddress: "localhost:35501"
    clientAddress: "localhost:39477"
    adminAddress: "localhost:36871"
    startupRole: FOLLOWER
  }
}
]
2022-09-14 11:47:24,151 [s2@group-12AB68C5691F->s0-GrpcLogAppender-LogAppenderDaemon] INFO  util.CodeInjectionForTesting (DelayLocalExecutionInjection.java:execute(65)) - s2 delay 150 ms, args=[serverRequest {
  requestorId: "s2"
  replyId: "s0"
  raftGroupId {
    id: "\326\216l\301\220x@5\222b\022\253h\305i\037"
  }
  callId: 122
  slidingWindowEntry {
  }
}
leaderTerm: 2
previousLog {
  term: 2
}
initializing: true
commitInfos {
  server {
    id: "s2"
    address: "localhost:38365"
    dataStreamAddress: "localhost:38285"
    clientAddress: "localhost:40537"
    adminAddress: "localhost:35135"
    startupRole: FOLLOWER
  }
}
commitInfos {
  server {
    id: "s3"
    address: "localhost:46799"
    dataStreamAddress: "localhost:40281"
    clientAddress: "localhost:46547"
    adminAddress: "localhost:45171"
    startupRole: FOLLOWER
  }
}
commitInfos {
  server {
    id: "s4"
    address: "localhost:39419"
    dataStreamAddress: "localhost:46687"
    clientAddress: "localhost:41785"
    adminAddress: "localhost:43995"
    startupRole: FOLLOWER
  }
}
commitInfos {
  server {
    id: "s0"
    address: "localhost:42481"
    dataStreamAddress: "localhost:43981"
    clientAddress: "localhost:42743"
    adminAddress: "localhost:44771"
    startupRole: FOLLOWER
  }
}
commitInfos {
  server {
    id: "s1"
    address: "localhost:44073"
    dataStreamAddress: "localhost:35501"
    clientAddress: "localhost:39477"
    adminAddress: "localhost:36871"
    startupRole: FOLLOWER
  }
}
]
2022-09-14 11:47:24,152 [s2@group-12AB68C5691F->s3-GrpcLogAppender-LogAppenderDaemon] INFO  util.CodeInjectionForTesting (DelayLocalExecutionInjection.java:execute(65)) - s2 delay 150 ms, args=[serverRequest {
  requestorId: "s2"
  replyId: "s3"
  raftGroupId {
    id: "\326\216l\301\220x@5\222b\022\253h\305i\037"
  }
  callId: 131
  slidingWindowEntry {
  }
}
leaderTerm: 2
previousLog {
  term: 2
}
initializing: true
commitInfos {
  server {
    id: "s2"
    address: "localhost:38365"
    dataStreamAddress: "localhost:38285"
    clientAddress: "localhost:40537"
    adminAddress: "localhost:35135"
    startupRole: FOLLOWER
  }
}
commitInfos {
  server {
    id: "s3"
    address: "localhost:46799"
    dataStreamAddress: "localhost:40281"
    clientAddress: "localhost:46547"
    adminAddress: "localhost:45171"
    startupRole: FOLLOWER
  }
}
commitInfos {
  server {
    id: "s4"
    address: "localhost:39419"
    dataStreamAddress: "localhost:46687"
    clientAddress: "localhost:41785"
    adminAddress: "localhost:43995"
    startupRole: FOLLOWER
  }
}
commitInfos {
  server {
    id: "s0"
    address: "localhost:42481"
    dataStreamAddress: "localhost:43981"
    clientAddress: "localhost:42743"
    adminAddress: "localhost:44771"
    startupRole: FOLLOWER
  }
}
commitInfos {
  server {
    id: "s1"
    address: "localhost:44073"
    dataStreamAddress: "localhost:35501"
    clientAddress: "localhost:39477"
    adminAddress: "localhost:36871"
    startupRole: FOLLOWER
  }
}
]
2022-09-14 11:47:24,207 [s2@group-12AB68C5691F->s4-GrpcLogAppender-LogAppenderDaemon] INFO  util.CodeInjectionForTesting (DelayLocalExecutionInjection.java:execute(65)) - s2 delay 150 ms, args=[serverRequest {
  requestorId: "s2"
  replyId: "s4"
  raftGroupId {
    id: "\326\216l\301\220x@5\222b\022\253h\305i\037"
  }
  callId: 229
  slidingWindowEntry {
  }
}
leaderTerm: 2
previousLog {
  term: 2
}
initializing: true
commitInfos {
  server {
    id: "s2"
    address: "localhost:38365"
    dataStreamAddress: "localhost:38285"
    clientAddress: "localhost:40537"
    adminAddress: "localhost:35135"
    startupRole: FOLLOWER
  }
}
commitInfos {
  server {
    id: "s3"
    address: "localhost:46799"
    dataStreamAddress: "localhost:40281"
    clientAddress: "localhost:46547"
    adminAddress: "localhost:45171"
    startupRole: FOLLOWER
  }
}
commitInfos {
  server {
    id: "s4"
    address: "localhost:39419"
    dataStreamAddress: "localhost:46687"
    clientAddress: "localhost:41785"
    adminAddress: "localhost:43995"
    startupRole: FOLLOWER
  }
}
commitInfos {
  server {
    id: "s0"
    address: "localhost:42481"
    dataStreamAddress: "localhost:43981"
    clientAddress: "localhost:42743"
    adminAddress: "localhost:44771"
    startupRole: FOLLOWER
  }
}
commitInfos {
  server {
    id: "s1"
    address: "localhost:44073"
    dataStreamAddress: "localhost:35501"
    clientAddress: "localhost:39477"
    adminAddress: "localhost:36871"
    startupRole: FOLLOWER
  }
}
]
2022-09-14 11:47:24,247 [s4@group-12AB68C5691F-FollowerState] INFO  impl.FollowerState (FollowerState.java:run(141)) - s4@group-12AB68C5691F-FollowerState: change to CANDIDATE, lastRpcElapsedTime:230896679ns, electionTimeout:228ms
2022-09-14 11:47:24,247 [s4@group-12AB68C5691F-FollowerState] INFO  impl.RoleInfo (RoleInfo.java:shutdownFollowerState(110)) - s4: shutdown s4@group-12AB68C5691F-FollowerState
2022-09-14 11:47:24,247 [s4@group-12AB68C5691F-FollowerState] INFO  server.RaftServer$Division (RaftServerImpl.java:setRole(317)) - s4@group-12AB68C5691F: changes role from  FOLLOWER to CANDIDATE at term 2 for changeToCandidate
2022-09-14 11:47:24,247 [s4@group-12AB68C5691F-FollowerState] INFO  server.RaftServerConfigKeys (ConfUtils.java:logGet(46)) - raft.server.leaderelection.pre-vote = true (default)
2022-09-14 11:47:24,247 [s4@group-12AB68C5691F-FollowerState] INFO  impl.RoleInfo (RoleInfo.java:updateAndGet(139)) - s4: start s4@group-12AB68C5691F-LeaderElection38
2022-09-14 11:47:24,248 [s4@group-12AB68C5691F-LeaderElection38] INFO  impl.LeaderElection (LeaderElection.java:askForVotes(308)) - s4@group-12AB68C5691F-LeaderElection38 PRE_VOTE round 0: submit vote requests at term 2 for 0: peers:[s3|rpc:localhost:46799|admin:localhost:45171|client:localhost:46547|dataStream:localhost:40281|priority:0|startupRole:FOLLOWER, s4|rpc:localhost:39419|admin:localhost:43995|client:localhost:41785|dataStream:localhost:46687|priority:0|startupRole:FOLLOWER, s0|rpc:localhost:42481|admin:localhost:44771|client:localhost:42743|dataStream:localhost:43981|priority:0|startupRole:FOLLOWER, s1|rpc:localhost:44073|admin:localhost:36871|client:localhost:39477|dataStream:localhost:35501|priority:0|startupRole:FOLLOWER, s2|rpc:localhost:38365|admin:localhost:35135|client:localhost:40537|dataStream:localhost:38285|priority:0|startupRole:FOLLOWER]|listeners:[], old=null
2022-09-14 11:47:24,251 [grpc-default-executor-39] INFO  server.RaftServer$Division (RaftServerImpl.java:requestVote(1281)) - s3@group-12AB68C5691F: receive requestVote(PRE_VOTE, s4, group-12AB68C5691F, 2, (t:1, i:0))
2022-09-14 11:47:24,251 [grpc-default-executor-39] INFO  impl.VoteContext (VoteContext.java:log(49)) - s3@group-12AB68C5691F-FOLLOWER: reject PRE_VOTE from s4: our last entry (t:2, i:0) > candidate's last entry (t:1, i:0)
2022-09-14 11:47:24,251 [grpc-default-executor-39] INFO  server.RaftServer$Division (RaftServerImpl.java:requestVote(1314)) - s3@group-12AB68C5691F replies to PRE_VOTE vote request: s4<-s3#0:FAIL-t2. Peer's state: s3@group-12AB68C5691F:t2, leader=s2, voted=s2, raftlog=Memoized:s3@group-12AB68C5691F-SegmentedRaftLog:OPENED:c0, conf=0: peers:[s3|rpc:localhost:46799|admin:localhost:45171|client:localhost:46547|dataStream:localhost:40281|priority:0|startupRole:FOLLOWER, s4|rpc:localhost:39419|admin:localhost:43995|client:localhost:41785|dataStream:localhost:46687|priority:0|startupRole:FOLLOWER, s0|rpc:localhost:42481|admin:localhost:44771|client:localhost:42743|dataStream:localhost:43981|priority:0|startupRole:FOLLOWER, s1|rpc:localhost:44073|admin:localhost:36871|client:localhost:39477|dataStream:localhost:35501|priority:0|startupRole:FOLLOWER, s2|rpc:localhost:38365|admin:localhost:35135|client:localhost:40537|dataStream:localhost:38285|priority:0|startupRole:FOLLOWER]|listeners:[], old=null
2022-09-14 11:47:24,253 [grpc-default-executor-39] INFO  server.RaftServer$Division (RaftServerImpl.java:requestVote(1281)) - s1@group-12AB68C5691F: receive requestVote(PRE_VOTE, s4, group-12AB68C5691F, 2, (t:1, i:0))
2022-09-14 11:47:24,253 [grpc-default-executor-39] INFO  impl.VoteContext (VoteContext.java:log(49)) - s1@group-12AB68C5691F-FOLLOWER: reject PRE_VOTE from s4: our last entry (t:2, i:0) > candidate's last entry (t:1, i:0)
2022-09-14 11:47:24,253 [grpc-default-executor-39] INFO  server.RaftServer$Division (RaftServerImpl.java:requestVote(1314)) - s1@group-12AB68C5691F replies to PRE_VOTE vote request: s4<-s1#0:FAIL-t2. Peer's state: s1@group-12AB68C5691F:t2, leader=s2, voted=s2, raftlog=Memoized:s1@group-12AB68C5691F-SegmentedRaftLog:OPENED:c0, conf=0: peers:[s3|rpc:localhost:46799|admin:localhost:45171|client:localhost:46547|dataStream:localhost:40281|priority:0|startupRole:FOLLOWER, s4|rpc:localhost:39419|admin:localhost:43995|client:localhost:41785|dataStream:localhost:46687|priority:0|startupRole:FOLLOWER, s0|rpc:localhost:42481|admin:localhost:44771|client:localhost:42743|dataStream:localhost:43981|priority:0|startupRole:FOLLOWER, s1|rpc:localhost:44073|admin:localhost:36871|client:localhost:39477|dataStream:localhost:35501|priority:0|startupRole:FOLLOWER, s2|rpc:localhost:38365|admin:localhost:35135|client:localhost:40537|dataStream:localhost:38285|priority:0|startupRole:FOLLOWER]|listeners:[], old=null
2022-09-14 11:47:24,253 [grpc-default-executor-19] INFO  server.RaftServer$Division (RaftServerImpl.java:requestVote(1281)) - s0@group-12AB68C5691F: receive requestVote(PRE_VOTE, s4, group-12AB68C5691F, 2, (t:1, i:0))
2022-09-14 11:47:24,254 [grpc-default-executor-19] INFO  impl.VoteContext (VoteContext.java:log(49)) - s0@group-12AB68C5691F-FOLLOWER: reject PRE_VOTE from s4: our last entry (t:2, i:0) > candidate's last entry (t:1, i:0)
2022-09-14 11:47:24,254 [grpc-default-executor-19] INFO  server.RaftServer$Division (RaftServerImpl.java:requestVote(1314)) - s0@group-12AB68C5691F replies to PRE_VOTE vote request: s4<-s0#0:FAIL-t2. Peer's state: s0@group-12AB68C5691F:t2, leader=s2, voted=s2, raftlog=Memoized:s0@group-12AB68C5691F-SegmentedRaftLog:OPENED:c0, conf=0: peers:[s3|rpc:localhost:46799|admin:localhost:45171|client:localhost:46547|dataStream:localhost:40281|priority:0|startupRole:FOLLOWER, s4|rpc:localhost:39419|admin:localhost:43995|client:localhost:41785|dataStream:localhost:46687|priority:0|startupRole:FOLLOWER, s0|rpc:localhost:42481|admin:localhost:44771|client:localhost:42743|dataStream:localhost:43981|priority:0|startupRole:FOLLOWER, s1|rpc:localhost:44073|admin:localhost:36871|client:localhost:39477|dataStream:localhost:35501|priority:0|startupRole:FOLLOWER, s2|rpc:localhost:38365|admin:localhost:35135|client:localhost:40537|dataStream:localhost:38285|priority:0|startupRole:FOLLOWER]|listeners:[], old=null
2022-09-14 11:47:24,256 [s4@group-12AB68C5691F-LeaderElection38] INFO  impl.LeaderElection (LeaderElection.java:logAndReturn(89)) - s4@group-12AB68C5691F-LeaderElection38: PRE_VOTE REJECTED received 3 response(s) and 0 exception(s):
2022-09-14 11:47:24,256 [s4@group-12AB68C5691F-LeaderElection38] INFO  impl.LeaderElection (LeaderElection.java:logAndReturn(93)) -   Response 0: s4<-s3#0:FAIL-t2
2022-09-14 11:47:24,256 [s4@group-12AB68C5691F-LeaderElection38] INFO  impl.LeaderElection (LeaderElection.java:logAndReturn(93)) -   Response 1: s4<-s0#0:FAIL-t2
2022-09-14 11:47:24,257 [s4@group-12AB68C5691F-LeaderElection38] INFO  impl.LeaderElection (LeaderElection.java:logAndReturn(93)) -   Response 2: s4<-s1#0:FAIL-t2
2022-09-14 11:47:24,257 [s4@group-12AB68C5691F-LeaderElection38] INFO  impl.LeaderElection (LeaderElection.java:askForVotes(310)) - s4@group-12AB68C5691F-LeaderElection38 PRE_VOTE round 0: result REJECTED
2022-09-14 11:47:24,257 [grpc-default-executor-39] INFO  server.RaftServer$Division (RaftServerImpl.java:requestVote(1281)) - s2@group-12AB68C5691F: receive requestVote(PRE_VOTE, s4, group-12AB68C5691F, 2, (t:1, i:0))
2022-09-14 11:47:24,257 [s4@group-12AB68C5691F-LeaderElection38] INFO  server.RaftServer$Division (RaftServerImpl.java:setRole(317)) - s4@group-12AB68C5691F: changes role from CANDIDATE to FOLLOWER at term 2 for REJECTED
2022-09-14 11:47:24,257 [s4@group-12AB68C5691F-LeaderElection38] INFO  impl.RoleInfo (RoleInfo.java:shutdownLeaderElection(130)) - s4: shutdown s4@group-12AB68C5691F-LeaderElection38
2022-09-14 11:47:24,257 [grpc-default-executor-39] INFO  impl.VoteContext (VoteContext.java:log(49)) - s2@group-12AB68C5691F-LEADER: reject PRE_VOTE from s4: this server is the leader and still has leadership
2022-09-14 11:47:24,257 [s4@group-12AB68C5691F-LeaderElection38] INFO  impl.RoleInfo (RoleInfo.java:updateAndGet(139)) - s4: start s4@group-12AB68C5691F-FollowerState
2022-09-14 11:47:24,257 [grpc-default-executor-39] INFO  server.RaftServer$Division (RaftServerImpl.java:requestVote(1314)) - s2@group-12AB68C5691F replies to PRE_VOTE vote request: s4<-s2#0:FAIL-t2. Peer's state: s2@group-12AB68C5691F:t2, leader=s2, voted=s2, raftlog=Memoized:s2@group-12AB68C5691F-SegmentedRaftLog:OPENED:c0, conf=0: peers:[s3|rpc:localhost:46799|admin:localhost:45171|client:localhost:46547|dataStream:localhost:40281|priority:0|startupRole:FOLLOWER, s4|rpc:localhost:39419|admin:localhost:43995|client:localhost:41785|dataStream:localhost:46687|priority:0|startupRole:FOLLOWER, s0|rpc:localhost:42481|admin:localhost:44771|client:localhost:42743|dataStream:localhost:43981|priority:0|startupRole:FOLLOWER, s1|rpc:localhost:44073|admin:localhost:36871|client:localhost:39477|dataStream:localhost:35501|priority:0|startupRole:FOLLOWER, s2|rpc:localhost:38365|admin:localhost:35135|client:localhost:40537|dataStream:localhost:38285|priority:0|startupRole:FOLLOWER]|listeners:[], old=null
2022-09-14 11:47:24,378 [s2@group-12AB68C5691F->s1-GrpcLogAppender-LogAppenderDaemon] INFO  util.CodeInjectionForTesting (DelayLocalExecutionInjection.java:execute(65)) - s2 delay 150 ms, args=[serverRequest {
  requestorId: "s2"
  replyId: "s1"
  raftGroupId {
    id: "\326\216l\301\220x@5\222b\022\253h\305i\037"
  }
  callId: 123
  slidingWindowEntry {
  }
}
leaderTerm: 2
previousLog {
  term: 2
}
initializing: true
commitInfos {
  server {
    id: "s2"
    address: "localhost:38365"
    dataStreamAddress: "localhost:38285"
    clientAddress: "localhost:40537"
    adminAddress: "localhost:35135"
    startupRole: FOLLOWER
  }
}
commitInfos {
  server {
    id: "s3"
    address: "localhost:46799"
    dataStreamAddress: "localhost:40281"
    clientAddress: "localhost:46547"
    adminAddress: "localhost:45171"
    startupRole: FOLLOWER
  }
}
commitInfos {
  server {
    id: "s4"
    address: "localhost:39419"
    dataStreamAddress: "localhost:46687"
    clientAddress: "localhost:41785"
    adminAddress: "localhost:43995"
    startupRole: FOLLOWER
  }
}
commitInfos {
  server {
    id: "s0"
    address: "localhost:42481"
    dataStreamAddress: "localhost:43981"
    clientAddress: "localhost:42743"
    adminAddress: "localhost:44771"
    startupRole: FOLLOWER
  }
}
commitInfos {
  server {
    id: "s1"
    address: "localhost:44073"
    dataStreamAddress: "localhost:35501"
    clientAddress: "localhost:39477"
    adminAddress: "localhost:36871"
    startupRole: FOLLOWER
  }
}
]
2022-09-14 11:47:24,378 [s2@group-12AB68C5691F->s0-GrpcLogAppender-LogAppenderDaemon] INFO  util.CodeInjectionForTesting (DelayLocalExecutionInjection.java:execute(65)) - s2 delay 150 ms, args=[serverRequest {
  requestorId: "s2"
  replyId: "s0"
  raftGroupId {
    id: "\326\216l\301\220x@5\222b\022\253h\305i\037"
  }
  callId: 123
  slidingWindowEntry {
  }
}
leaderTerm: 2
previousLog {
  term: 2
}
initializing: true
commitInfos {
  server {
    id: "s2"
    address: "localhost:38365"
    dataStreamAddress: "localhost:38285"
    clientAddress: "localhost:40537"
    adminAddress: "localhost:35135"
    startupRole: FOLLOWER
  }
}
commitInfos {
  server {
    id: "s3"
    address: "localhost:46799"
    dataStreamAddress: "localhost:40281"
    clientAddress: "localhost:46547"
    adminAddress: "localhost:45171"
    startupRole: FOLLOWER
  }
}
commitInfos {
  server {
    id: "s4"
    address: "localhost:39419"
    dataStreamAddress: "localhost:46687"
    clientAddress: "localhost:41785"
    adminAddress: "localhost:43995"
    startupRole: FOLLOWER
  }
}
commitInfos {
  server {
    id: "s0"
    address: "localhost:42481"
    dataStreamAddress: "localhost:43981"
    clientAddress: "localhost:42743"
    adminAddress: "localhost:44771"
    startupRole: FOLLOWER
  }
}
commitInfos {
  server {
    id: "s1"
    address: "localhost:44073"
    dataStreamAddress: "localhost:35501"
    clientAddress: "localhost:39477"
    adminAddress: "localhost:36871"
    startupRole: FOLLOWER
  }
}
]
2022-09-14 11:47:24,379 [s2@group-12AB68C5691F->s3-GrpcLogAppender-LogAppenderDaemon] INFO  util.CodeInjectionForTesting (DelayLocalExecutionInjection.java:execute(65)) - s2 delay 150 ms, args=[serverRequest {
  requestorId: "s2"
  replyId: "s3"
  raftGroupId {
    id: "\326\216l\301\220x@5\222b\022\253h\305i\037"
  }
  callId: 132
  slidingWindowEntry {
  }
}
leaderTerm: 2
previousLog {
  term: 2
}
initializing: true
commitInfos {
  server {
    id: "s2"
    address: "localhost:38365"
    dataStreamAddress: "localhost:38285"
    clientAddress: "localhost:40537"
    adminAddress: "localhost:35135"
    startupRole: FOLLOWER
  }
}
commitInfos {
  server {
    id: "s3"
    address: "localhost:46799"
    dataStreamAddress: "localhost:40281"
    clientAddress: "localhost:46547"
    adminAddress: "localhost:45171"
    startupRole: FOLLOWER
  }
}
commitInfos {
  server {
    id: "s4"
    address: "localhost:39419"
    dataStreamAddress: "localhost:46687"
    clientAddress: "localhost:41785"
    adminAddress: "localhost:43995"
    startupRole: FOLLOWER
  }
}
commitInfos {
  server {
    id: "s0"
    address: "localhost:42481"
    dataStreamAddress: "localhost:43981"
    clientAddress: "localhost:42743"
    adminAddress: "localhost:44771"
    startupRole: FOLLOWER
  }
}
commitInfos {
  server {
    id: "s1"
    address: "localhost:44073"
    dataStreamAddress: "localhost:35501"
    clientAddress: "localhost:39477"
    adminAddress: "localhost:36871"
    startupRole: FOLLOWER
  }
}
]
2022-09-14 11:47:24,395 [s2@group-12AB68C5691F->s4-GrpcLogAppender-LogAppenderDaemon] INFO  util.CodeInjectionForTesting (DelayLocalExecutionInjection.java:execute(65)) - s2 delay 150 ms, args=[serverRequest {
  requestorId: "s2"
  replyId: "s4"
  raftGroupId {
    id: "\326\216l\301\220x@5\222b\022\253h\305i\037"
  }
  callId: 230
  slidingWindowEntry {
  }
}
leaderTerm: 2
previousLog {
  term: 2
}
initializing: true
commitInfos {
  server {
    id: "s2"
    address: "localhost:38365"
    dataStreamAddress: "localhost:38285"
    clientAddress: "localhost:40537"
    adminAddress: "localhost:35135"
    startupRole: FOLLOWER
  }
}
commitInfos {
  server {
    id: "s3"
    address: "localhost:46799"
    dataStreamAddress: "localhost:40281"
    clientAddress: "localhost:46547"
    adminAddress: "localhost:45171"
    startupRole: FOLLOWER
  }
}
commitInfos {
  server {
    id: "s4"
    address: "localhost:39419"
    dataStreamAddress: "localhost:46687"
    clientAddress: "localhost:41785"
    adminAddress: "localhost:43995"
    startupRole: FOLLOWER
  }
}
commitInfos {
  server {
    id: "s0"
    address: "localhost:42481"
    dataStreamAddress: "localhost:43981"
    clientAddress: "localhost:42743"
    adminAddress: "localhost:44771"
    startupRole: FOLLOWER
  }
}
commitInfos {
  server {
    id: "s1"
    address: "localhost:44073"
    dataStreamAddress: "localhost:35501"
    clientAddress: "localhost:39477"
    adminAddress: "localhost:36871"
    startupRole: FOLLOWER
  }
}
]
2022-09-14 11:47:24,497 [s3@group-12AB68C5691F-FollowerState] INFO  impl.FollowerState (FollowerState.java:run(141)) - s3@group-12AB68C5691F-FollowerState: change to CANDIDATE, lastRpcElapsedTime:194375551ns, electionTimeout:176ms
2022-09-14 11:47:24,497 [s3@group-12AB68C5691F-FollowerState] INFO  impl.RoleInfo (RoleInfo.java:shutdownFollowerState(110)) - s3: shutdown s3@group-12AB68C5691F-FollowerState
2022-09-14 11:47:24,497 [s3@group-12AB68C5691F-FollowerState] INFO  server.RaftServer$Division (RaftServerImpl.java:setRole(317)) - s3@group-12AB68C5691F: changes role from  FOLLOWER to CANDIDATE at term 2 for changeToCandidate
2022-09-14 11:47:24,497 [s3@group-12AB68C5691F-FollowerState] INFO  server.RaftServerConfigKeys (ConfUtils.java:logGet(46)) - raft.server.leaderelection.pre-vote = true (default)
2022-09-14 11:47:24,497 [s3@group-12AB68C5691F-FollowerState] INFO  impl.RoleInfo (RoleInfo.java:updateAndGet(139)) - s3: start s3@group-12AB68C5691F-LeaderElection39
2022-09-14 11:47:24,499 [s3@group-12AB68C5691F-LeaderElection39] INFO  server.RaftServer$Division (ServerState.java:setLeader(259)) - s3@group-12AB68C5691F: change Leader from s2 to null at term 2 for PRE_VOTE
2022-09-14 11:47:24,499 [s3@group-12AB68C5691F-LeaderElection39] INFO  impl.LeaderElection (LeaderElection.java:askForVotes(308)) - s3@group-12AB68C5691F-LeaderElection39 PRE_VOTE round 0: submit vote requests at term 2 for 0: peers:[s3|rpc:localhost:46799|admin:localhost:45171|client:localhost:46547|dataStream:localhost:40281|priority:0|startupRole:FOLLOWER, s4|rpc:localhost:39419|admin:localhost:43995|client:localhost:41785|dataStream:localhost:46687|priority:0|startupRole:FOLLOWER, s0|rpc:localhost:42481|admin:localhost:44771|client:localhost:42743|dataStream:localhost:43981|priority:0|startupRole:FOLLOWER, s1|rpc:localhost:44073|admin:localhost:36871|client:localhost:39477|dataStream:localhost:35501|priority:0|startupRole:FOLLOWER, s2|rpc:localhost:38365|admin:localhost:35135|client:localhost:40537|dataStream:localhost:38285|priority:0|startupRole:FOLLOWER]|listeners:[], old=null
2022-09-14 11:47:24,500 [s3@group-12AB68C5691F-LeaderElection39-1] INFO  util.CodeInjectionForTesting (DelayLocalExecutionInjection.java:execute(65)) - s3 delay 150 ms, args=[serverRequest {
  requestorId: "s3"
  replyId: "s4"
  raftGroupId {
    id: "\326\216l\301\220x@5\222b\022\253h\305i\037"
  }
  slidingWindowEntry {
  }
}
candidateTerm: 2
candidateLastEntry {
  term: 2
}
preVote: true
]
2022-09-14 11:47:24,501 [s3@group-12AB68C5691F-LeaderElection39-2] INFO  util.CodeInjectionForTesting (DelayLocalExecutionInjection.java:execute(65)) - s3 delay 150 ms, args=[serverRequest {
  requestorId: "s3"
  replyId: "s0"
  raftGroupId {
    id: "\326\216l\301\220x@5\222b\022\253h\305i\037"
  }
  slidingWindowEntry {
  }
}
candidateTerm: 2
candidateLastEntry {
  term: 2
}
preVote: true
]
2022-09-14 11:47:24,501 [s3@group-12AB68C5691F-LeaderElection39-3] INFO  util.CodeInjectionForTesting (DelayLocalExecutionInjection.java:execute(65)) - s3 delay 150 ms, args=[serverRequest {
  requestorId: "s3"
  replyId: "s1"
  raftGroupId {
    id: "\326\216l\301\220x@5\222b\022\253h\305i\037"
  }
  slidingWindowEntry {
  }
}
candidateTerm: 2
candidateLastEntry {
  term: 2
}
preVote: true
]
2022-09-14 11:47:24,501 [s3@group-12AB68C5691F-LeaderElection39-4] INFO  util.CodeInjectionForTesting (DelayLocalExecutionInjection.java:execute(65)) - s3 delay 150 ms, args=[serverRequest {
  requestorId: "s3"
  replyId: "s2"
  raftGroupId {
    id: "\326\216l\301\220x@5\222b\022\253h\305i\037"
  }
  slidingWindowEntry {
  }
}
candidateTerm: 2
candidateLastEntry {
  term: 2
}
preVote: true
]
2022-09-14 11:47:24,525 [Time-limited test] INFO  server.RaftServerConfigKeys (ConfUtils.java:logGet(46)) - raft.server.rpc.timeout.max = 300ms (default)
2022-09-14 11:47:24,527 [s4@group-12AB68C5691F-FollowerState] INFO  impl.FollowerState (FollowerState.java:run(141)) - s4@group-12AB68C5691F-FollowerState: change to CANDIDATE, lastRpcElapsedTime:270557851ns, electionTimeout:270ms
2022-09-14 11:47:24,528 [s4@group-12AB68C5691F-FollowerState] INFO  impl.RoleInfo (RoleInfo.java:shutdownFollowerState(110)) - s4: shutdown s4@group-12AB68C5691F-FollowerState
2022-09-14 11:47:24,528 [s4@group-12AB68C5691F-FollowerState] INFO  server.RaftServer$Division (RaftServerImpl.java:setRole(317)) - s4@group-12AB68C5691F: changes role from  FOLLOWER to CANDIDATE at term 2 for changeToCandidate
2022-09-14 11:47:24,528 [s4@group-12AB68C5691F-FollowerState] INFO  server.RaftServerConfigKeys (ConfUtils.java:logGet(46)) - raft.server.leaderelection.pre-vote = true (default)
2022-09-14 11:47:24,528 [s4@group-12AB68C5691F-FollowerState] INFO  impl.RoleInfo (RoleInfo.java:updateAndGet(139)) - s4: start s4@group-12AB68C5691F-LeaderElection40
2022-09-14 11:47:24,528 [s4@group-12AB68C5691F-LeaderElection40] INFO  impl.LeaderElection (LeaderElection.java:askForVotes(308)) - s4@group-12AB68C5691F-LeaderElection40 PRE_VOTE round 0: submit vote requests at term 2 for 0: peers:[s3|rpc:localhost:46799|admin:localhost:45171|client:localhost:46547|dataStream:localhost:40281|priority:0|startupRole:FOLLOWER, s4|rpc:localhost:39419|admin:localhost:43995|client:localhost:41785|dataStream:localhost:46687|priority:0|startupRole:FOLLOWER, s0|rpc:localhost:42481|admin:localhost:44771|client:localhost:42743|dataStream:localhost:43981|priority:0|startupRole:FOLLOWER, s1|rpc:localhost:44073|admin:localhost:36871|client:localhost:39477|dataStream:localhost:35501|priority:0|startupRole:FOLLOWER, s2|rpc:localhost:38365|admin:localhost:35135|client:localhost:40537|dataStream:localhost:38285|priority:0|startupRole:FOLLOWER]|listeners:[], old=null
2022-09-14 11:47:24,530 [s3-server-thread3] INFO  server.RaftServer$Division (RaftServerImpl.java:setRole(317)) - s3@group-12AB68C5691F: changes role from CANDIDATE to FOLLOWER at term 2 for appendEntries
2022-09-14 11:47:24,530 [s3-server-thread3] INFO  impl.RoleInfo (RoleInfo.java:shutdownLeaderElection(130)) - s3: shutdown s3@group-12AB68C5691F-LeaderElection39
2022-09-14 11:47:24,530 [s3-server-thread3] INFO  impl.RoleInfo (RoleInfo.java:updateAndGet(139)) - s3: start s3@group-12AB68C5691F-FollowerState
2022-09-14 11:47:24,531 [grpc-default-executor-46] INFO  server.RaftServer$Division (RaftServerImpl.java:requestVote(1281)) - s3@group-12AB68C5691F: receive requestVote(PRE_VOTE, s4, group-12AB68C5691F, 2, (t:1, i:0))
2022-09-14 11:47:24,532 [grpc-default-executor-4] INFO  server.RaftServer$Division (RaftServerImpl.java:requestVote(1281)) - s0@group-12AB68C5691F: receive requestVote(PRE_VOTE, s4, group-12AB68C5691F, 2, (t:1, i:0))
2022-09-14 11:47:24,532 [grpc-default-executor-4] INFO  impl.VoteContext (VoteContext.java:log(49)) - s0@group-12AB68C5691F-FOLLOWER: reject PRE_VOTE from s4: this server is a follower and still has a valid leader s2
2022-09-14 11:47:24,532 [grpc-default-executor-4] INFO  server.RaftServer$Division (RaftServerImpl.java:requestVote(1314)) - s0@group-12AB68C5691F replies to PRE_VOTE vote request: s4<-s0#0:FAIL-t2. Peer's state: s0@group-12AB68C5691F:t2, leader=s2, voted=s2, raftlog=Memoized:s0@group-12AB68C5691F-SegmentedRaftLog:OPENED:c0, conf=0: peers:[s3|rpc:localhost:46799|admin:localhost:45171|client:localhost:46547|dataStream:localhost:40281|priority:0|startupRole:FOLLOWER, s4|rpc:localhost:39419|admin:localhost:43995|client:localhost:41785|dataStream:localhost:46687|priority:0|startupRole:FOLLOWER, s0|rpc:localhost:42481|admin:localhost:44771|client:localhost:42743|dataStream:localhost:43981|priority:0|startupRole:FOLLOWER, s1|rpc:localhost:44073|admin:localhost:36871|client:localhost:39477|dataStream:localhost:35501|priority:0|startupRole:FOLLOWER, s2|rpc:localhost:38365|admin:localhost:35135|client:localhost:40537|dataStream:localhost:38285|priority:0|startupRole:FOLLOWER]|listeners:[], old=null
2022-09-14 11:47:24,532 [grpc-default-executor-19] INFO  server.RaftServer$Division (RaftServerImpl.java:requestVote(1281)) - s1@group-12AB68C5691F: receive requestVote(PRE_VOTE, s4, group-12AB68C5691F, 2, (t:1, i:0))
2022-09-14 11:47:24,532 [grpc-default-executor-19] INFO  impl.VoteContext (VoteContext.java:log(49)) - s1@group-12AB68C5691F-FOLLOWER: reject PRE_VOTE from s4: this server is a follower and still has a valid leader s2
2022-09-14 11:47:24,532 [grpc-default-executor-19] INFO  server.RaftServer$Division (RaftServerImpl.java:requestVote(1314)) - s1@group-12AB68C5691F replies to PRE_VOTE vote request: s4<-s1#0:FAIL-t2. Peer's state: s1@group-12AB68C5691F:t2, leader=s2, voted=s2, raftlog=Memoized:s1@group-12AB68C5691F-SegmentedRaftLog:OPENED:c0, conf=0: peers:[s3|rpc:localhost:46799|admin:localhost:45171|client:localhost:46547|dataStream:localhost:40281|priority:0|startupRole:FOLLOWER, s4|rpc:localhost:39419|admin:localhost:43995|client:localhost:41785|dataStream:localhost:46687|priority:0|startupRole:FOLLOWER, s0|rpc:localhost:42481|admin:localhost:44771|client:localhost:42743|dataStream:localhost:43981|priority:0|startupRole:FOLLOWER, s1|rpc:localhost:44073|admin:localhost:36871|client:localhost:39477|dataStream:localhost:35501|priority:0|startupRole:FOLLOWER, s2|rpc:localhost:38365|admin:localhost:35135|client:localhost:40537|dataStream:localhost:38285|priority:0|startupRole:FOLLOWER]|listeners:[], old=null
2022-09-14 11:47:24,535 [grpc-default-executor-19] INFO  server.RaftServer$Division (RaftServerImpl.java:requestVote(1281)) - s2@group-12AB68C5691F: receive requestVote(PRE_VOTE, s4, group-12AB68C5691F, 2, (t:1, i:0))
2022-09-14 11:47:24,535 [grpc-default-executor-19] INFO  impl.VoteContext (VoteContext.java:log(49)) - s2@group-12AB68C5691F-LEADER: reject PRE_VOTE from s4: this server is the leader and still has leadership
2022-09-14 11:47:24,535 [grpc-default-executor-19] INFO  server.RaftServer$Division (RaftServerImpl.java:requestVote(1314)) - s2@group-12AB68C5691F replies to PRE_VOTE vote request: s4<-s2#0:FAIL-t2. Peer's state: s2@group-12AB68C5691F:t2, leader=s2, voted=s2, raftlog=Memoized:s2@group-12AB68C5691F-SegmentedRaftLog:OPENED:c0, conf=0: peers:[s3|rpc:localhost:46799|admin:localhost:45171|client:localhost:46547|dataStream:localhost:40281|priority:0|startupRole:FOLLOWER, s4|rpc:localhost:39419|admin:localhost:43995|client:localhost:41785|dataStream:localhost:46687|priority:0|startupRole:FOLLOWER, s0|rpc:localhost:42481|admin:localhost:44771|client:localhost:42743|dataStream:localhost:43981|priority:0|startupRole:FOLLOWER, s1|rpc:localhost:44073|admin:localhost:36871|client:localhost:39477|dataStream:localhost:35501|priority:0|startupRole:FOLLOWER, s2|rpc:localhost:38365|admin:localhost:35135|client:localhost:40537|dataStream:localhost:38285|priority:0|startupRole:FOLLOWER]|listeners:[], old=null
2022-09-14 11:47:24,536 [s4@group-12AB68C5691F-LeaderElection40] INFO  impl.LeaderElection (LeaderElection.java:logAndReturn(89)) - s4@group-12AB68C5691F-LeaderElection40: PRE_VOTE REJECTED received 3 response(s) and 0 exception(s):
2022-09-14 11:47:24,536 [s3-server-thread3] INFO  server.RaftServer$Division (ServerState.java:setLeader(259)) - s3@group-12AB68C5691F: change Leader from null to s2 at term 2 for appendEntries, leader elected after 37ms
2022-09-14 11:47:24,536 [s4@group-12AB68C5691F-LeaderElection40] INFO  impl.LeaderElection (LeaderElection.java:logAndReturn(93)) -   Response 0: s4<-s0#0:FAIL-t2
2022-09-14 11:47:24,536 [s4@group-12AB68C5691F-LeaderElection40] INFO  impl.LeaderElection (LeaderElection.java:logAndReturn(93)) -   Response 1: s4<-s1#0:FAIL-t2
2022-09-14 11:47:24,536 [grpc-default-executor-46] INFO  impl.VoteContext (VoteContext.java:log(49)) - s3@group-12AB68C5691F-FOLLOWER: reject PRE_VOTE from s4: this server is a follower and still has a valid leader s2
2022-09-14 11:47:24,536 [grpc-default-executor-46] INFO  server.RaftServer$Division (RaftServerImpl.java:requestVote(1314)) - s3@group-12AB68C5691F replies to PRE_VOTE vote request: s4<-s3#0:FAIL-t2. Peer's state: s3@group-12AB68C5691F:t2, leader=s2, voted=s2, raftlog=Memoized:s3@group-12AB68C5691F-SegmentedRaftLog:OPENED:c0, conf=0: peers:[s3|rpc:localhost:46799|admin:localhost:45171|client:localhost:46547|dataStream:localhost:40281|priority:0|startupRole:FOLLOWER, s4|rpc:localhost:39419|admin:localhost:43995|client:localhost:41785|dataStream:localhost:46687|priority:0|startupRole:FOLLOWER, s0|rpc:localhost:42481|admin:localhost:44771|client:localhost:42743|dataStream:localhost:43981|priority:0|startupRole:FOLLOWER, s1|rpc:localhost:44073|admin:localhost:36871|client:localhost:39477|dataStream:localhost:35501|priority:0|startupRole:FOLLOWER, s2|rpc:localhost:38365|admin:localhost:35135|client:localhost:40537|dataStream:localhost:38285|priority:0|startupRole:FOLLOWER]|listeners:[], old=null
2022-09-14 11:47:24,536 [s4@group-12AB68C5691F-LeaderElection40] INFO  impl.LeaderElection (LeaderElection.java:logAndReturn(93)) -   Response 2: s4<-s2#0:FAIL-t2
2022-09-14 11:47:24,537 [s4@group-12AB68C5691F-LeaderElection40] INFO  impl.LeaderElection (LeaderElection.java:askForVotes(310)) - s4@group-12AB68C5691F-LeaderElection40 PRE_VOTE round 0: result REJECTED
2022-09-14 11:47:24,537 [s4@group-12AB68C5691F-LeaderElection40] INFO  server.RaftServer$Division (RaftServerImpl.java:setRole(317)) - s4@group-12AB68C5691F: changes role from CANDIDATE to FOLLOWER at term 2 for REJECTED
2022-09-14 11:47:24,537 [s4@group-12AB68C5691F-LeaderElection40] INFO  impl.RoleInfo (RoleInfo.java:shutdownLeaderElection(130)) - s4: shutdown s4@group-12AB68C5691F-LeaderElection40
2022-09-14 11:47:24,537 [s4@group-12AB68C5691F-LeaderElection40] INFO  impl.RoleInfo (RoleInfo.java:updateAndGet(139)) - s4: start s4@group-12AB68C5691F-FollowerState
2022-09-14 11:47:24,653 [grpc-default-executor-11] INFO  server.RaftServer$Division (RaftServerImpl.java:requestVote(1281)) - s4@group-12AB68C5691F: receive requestVote(PRE_VOTE, s3, group-12AB68C5691F, 2, (t:2, i:0))
2022-09-14 11:47:24,653 [grpc-default-executor-11] INFO  impl.VoteContext (VoteContext.java:log(49)) - s4@group-12AB68C5691F-FOLLOWER: accept PRE_VOTE from s3: our last entry (t:1, i:0) < candidate's last entry (t:2, i:0)
2022-09-14 11:47:24,653 [grpc-default-executor-11] INFO  server.RaftServer$Division (RaftServerImpl.java:requestVote(1314)) - s4@group-12AB68C5691F replies to PRE_VOTE vote request: s3<-s4#0:OK-t2. Peer's state: s4@group-12AB68C5691F:t2, leader=null, voted=null, raftlog=Memoized:s4@group-12AB68C5691F-SegmentedRaftLog:OPENED:c0, conf=0: peers:[s3|rpc:localhost:46799|admin:localhost:45171|client:localhost:46547|dataStream:localhost:40281|priority:0|startupRole:FOLLOWER, s4|rpc:localhost:39419|admin:localhost:43995|client:localhost:41785|dataStream:localhost:46687|priority:0|startupRole:FOLLOWER, s0|rpc:localhost:42481|admin:localhost:44771|client:localhost:42743|dataStream:localhost:43981|priority:0|startupRole:FOLLOWER, s1|rpc:localhost:44073|admin:localhost:36871|client:localhost:39477|dataStream:localhost:35501|priority:0|startupRole:FOLLOWER, s2|rpc:localhost:38365|admin:localhost:35135|client:localhost:40537|dataStream:localhost:38285|priority:0|startupRole:FOLLOWER]|listeners:[], old=null
2022-09-14 11:47:24,653 [grpc-default-executor-11] INFO  server.RaftServer$Division (RaftServerImpl.java:requestVote(1281)) - s0@group-12AB68C5691F: receive requestVote(PRE_VOTE, s3, group-12AB68C5691F, 2, (t:2, i:0))
2022-09-14 11:47:24,653 [grpc-default-executor-11] INFO  impl.VoteContext (VoteContext.java:log(49)) - s0@group-12AB68C5691F-FOLLOWER: reject PRE_VOTE from s3: this server is a follower and still has a valid leader s2
2022-09-14 11:47:24,653 [grpc-default-executor-11] INFO  server.RaftServer$Division (RaftServerImpl.java:requestVote(1314)) - s0@group-12AB68C5691F replies to PRE_VOTE vote request: s3<-s0#0:FAIL-t2. Peer's state: s0@group-12AB68C5691F:t2, leader=s2, voted=s2, raftlog=Memoized:s0@group-12AB68C5691F-SegmentedRaftLog:OPENED:c0, conf=0: peers:[s3|rpc:localhost:46799|admin:localhost:45171|client:localhost:46547|dataStream:localhost:40281|priority:0|startupRole:FOLLOWER, s4|rpc:localhost:39419|admin:localhost:43995|client:localhost:41785|dataStream:localhost:46687|priority:0|startupRole:FOLLOWER, s0|rpc:localhost:42481|admin:localhost:44771|client:localhost:42743|dataStream:localhost:43981|priority:0|startupRole:FOLLOWER, s1|rpc:localhost:44073|admin:localhost:36871|client:localhost:39477|dataStream:localhost:35501|priority:0|startupRole:FOLLOWER, s2|rpc:localhost:38365|admin:localhost:35135|client:localhost:40537|dataStream:localhost:38285|priority:0|startupRole:FOLLOWER]|listeners:[], old=null
2022-09-14 11:47:24,653 [grpc-default-executor-46] INFO  server.RaftServer$Division (RaftServerImpl.java:requestVote(1281)) - s1@group-12AB68C5691F: receive requestVote(PRE_VOTE, s3, group-12AB68C5691F, 2, (t:2, i:0))
2022-09-14 11:47:24,654 [grpc-default-executor-46] INFO  impl.VoteContext (VoteContext.java:log(49)) - s1@group-12AB68C5691F-FOLLOWER: reject PRE_VOTE from s3: this server is a follower and still has a valid leader s2
2022-09-14 11:47:24,654 [grpc-default-executor-46] INFO  server.RaftServer$Division (RaftServerImpl.java:requestVote(1314)) - s1@group-12AB68C5691F replies to PRE_VOTE vote request: s3<-s1#0:FAIL-t2. Peer's state: s1@group-12AB68C5691F:t2, leader=s2, voted=s2, raftlog=Memoized:s1@group-12AB68C5691F-SegmentedRaftLog:OPENED:c0, conf=0: peers:[s3|rpc:localhost:46799|admin:localhost:45171|client:localhost:46547|dataStream:localhost:40281|priority:0|startupRole:FOLLOWER, s4|rpc:localhost:39419|admin:localhost:43995|client:localhost:41785|dataStream:localhost:46687|priority:0|startupRole:FOLLOWER, s0|rpc:localhost:42481|admin:localhost:44771|client:localhost:42743|dataStream:localhost:43981|priority:0|startupRole:FOLLOWER, s1|rpc:localhost:44073|admin:localhost:36871|client:localhost:39477|dataStream:localhost:35501|priority:0|startupRole:FOLLOWER, s2|rpc:localhost:38365|admin:localhost:35135|client:localhost:40537|dataStream:localhost:38285|priority:0|startupRole:FOLLOWER]|listeners:[], old=null
2022-09-14 11:47:24,654 [grpc-default-executor-46] INFO  server.RaftServer$Division (RaftServerImpl.java:requestVote(1281)) - s2@group-12AB68C5691F: receive requestVote(PRE_VOTE, s3, group-12AB68C5691F, 2, (t:2, i:0))
2022-09-14 11:47:24,654 [grpc-default-executor-46] INFO  impl.VoteContext (VoteContext.java:log(49)) - s2@group-12AB68C5691F-LEADER: reject PRE_VOTE from s3: this server is the leader and still has leadership
2022-09-14 11:47:24,655 [grpc-default-executor-46] INFO  server.RaftServer$Division (RaftServerImpl.java:requestVote(1314)) - s2@group-12AB68C5691F replies to PRE_VOTE vote request: s3<-s2#0:FAIL-t2. Peer's state: s2@group-12AB68C5691F:t2, leader=s2, voted=s2, raftlog=Memoized:s2@group-12AB68C5691F-SegmentedRaftLog:OPENED:c0, conf=0: peers:[s3|rpc:localhost:46799|admin:localhost:45171|client:localhost:46547|dataStream:localhost:40281|priority:0|startupRole:FOLLOWER, s4|rpc:localhost:39419|admin:localhost:43995|client:localhost:41785|dataStream:localhost:46687|priority:0|startupRole:FOLLOWER, s0|rpc:localhost:42481|admin:localhost:44771|client:localhost:42743|dataStream:localhost:43981|priority:0|startupRole:FOLLOWER, s1|rpc:localhost:44073|admin:localhost:36871|client:localhost:39477|dataStream:localhost:35501|priority:0|startupRole:FOLLOWER, s2|rpc:localhost:38365|admin:localhost:35135|client:localhost:40537|dataStream:localhost:38285|priority:0|startupRole:FOLLOWER]|listeners:[], old=null
2022-09-14 11:47:24,655 [s3@group-12AB68C5691F-LeaderElection39] INFO  impl.LeaderElection (LeaderElection.java:logAndReturn(89)) - s3@group-12AB68C5691F-LeaderElection39: PRE_VOTE REJECTED received 1 response(s) and 0 exception(s):
2022-09-14 11:47:24,655 [s3@group-12AB68C5691F-LeaderElection39] INFO  impl.LeaderElection (LeaderElection.java:logAndReturn(93)) -   Response 0: s3<-s4#0:OK-t2
2022-09-14 11:47:24,655 [s3@group-12AB68C5691F-LeaderElection39] INFO  impl.LeaderElection (LeaderElection.java:askForVotes(310)) - s3@group-12AB68C5691F-LeaderElection39 PRE_VOTE round 0: result REJECTED
2022-09-14 11:47:24,693 [s4-server-thread2] INFO  util.CodeInjectionForTesting (BlockRequestHandlingInjection.java:execute(84)) - s4: unBlock request from s2
2022-09-14 11:47:24,694 [s4-server-thread2] INFO  server.RaftServer$Division (ServerState.java:setLeader(259)) - s4@group-12AB68C5691F: change Leader from null to s2 at term 2 for appendEntries, leader elected after 686ms
2022-09-14 11:47:24,694 [s4-server-thread2] INFO  server.RaftServer$Division (RaftServerImpl.java:checkInconsistentAppendEntries(1586)) - s4@group-12AB68C5691F: Failed appendEntries as previous log entry ((t:2, i:0)) is not found
2022-09-14 11:47:24,694 [s4-server-thread2] INFO  server.RaftServer$Division (RaftServerImpl.java:checkInconsistentAppendEntries(1556)) - s4@group-12AB68C5691F: inconsistency entries. Reply:s2<-s4#226:FAIL-t2,INCONSISTENCY,nextIndex=0,followerCommit=0,matchIndex=-1
2022-09-14 11:47:24,694 [s4-server-thread2] INFO  server.RaftServer$Division (RaftServerImpl.java:checkInconsistentAppendEntries(1586)) - s4@group-12AB68C5691F: Failed appendEntries as previous log entry ((t:2, i:0)) is not found
2022-09-14 11:47:24,694 [s4-server-thread2] INFO  server.RaftServer$Division (RaftServerImpl.java:checkInconsistentAppendEntries(1556)) - s4@group-12AB68C5691F: inconsistency entries. Reply:s2<-s4#227:FAIL-t2,INCONSISTENCY,nextIndex=0,followerCommit=0,matchIndex=-1
2022-09-14 11:47:24,694 [grpc-default-executor-46] INFO  leader.FollowerInfo (FollowerInfoImpl.java:lambda$new$0(48)) - s2@group-12AB68C5691F->s4: nextIndex: updateUnconditionally 1 -> 0
2022-09-14 11:47:24,695 [s4-server-thread2] INFO  server.RaftServer$Division (RaftServerImpl.java:checkInconsistentAppendEntries(1586)) - s4@group-12AB68C5691F: Failed appendEntries as previous log entry ((t:2, i:0)) is not found
2022-09-14 11:47:24,695 [s4-server-thread2] INFO  server.RaftServer$Division (RaftServerImpl.java:checkInconsistentAppendEntries(1556)) - s4@group-12AB68C5691F: inconsistency entries. Reply:s2<-s4#228:FAIL-t2,INCONSISTENCY,nextIndex=0,followerCommit=0,matchIndex=-1
2022-09-14 11:47:24,695 [s4-server-thread3] DEBUG server.RaftServer$Division (RaftServerImpl.java:logAppendEntries(1405)) - s4@group-12AB68C5691F: receive appendEntries(s2, 2, null, 0, true, commits:[s2:c0, s3:c0, s4:c0, s0:c0, s1:c0], cId:234, entries: [(t:2, i:0), CONFIGURATIONENTRY(current:id: "s3"
address: "localhost:46799"
dataStreamAddress: "localhost:40281"
clientAddress: "localhost:46547"
adminAddress: "localhost:45171"
startupRole: FOLLOWER
,id: "s4"
address: "localhost:39419"
dataStreamAddress: "localhost:46687"
clientAddress: "localhost:41785"
adminAddress: "localhost:43995"
startupRole: FOLLOWER
,id: "s0"
address: "localhost:42481"
dataStreamAddress: "localhost:43981"
clientAddress: "localhost:42743"
adminAddress: "localhost:44771"
startupRole: FOLLOWER
,id: "s1"
address: "localhost:44073"
dataStreamAddress: "localhost:35501"
clientAddress: "localhost:39477"
adminAddress: "localhost:36871"
startupRole: FOLLOWER
,id: "s2"
address: "localhost:38365"
dataStreamAddress: "localhost:38285"
clientAddress: "localhost:40537"
adminAddress: "localhost:35135"
startupRole: FOLLOWER
, old:)]
2022-09-14 11:47:24,695 [s4-server-thread3] INFO  server.RaftServer$Division (RaftServerImpl.java:checkInconsistentAppendEntries(1576)) - s4@group-12AB68C5691F: Failed appendEntries as the first entry (index 0) already exists (snapshotIndex: -1, commitIndex: 0)
2022-09-14 11:47:24,695 [s4-server-thread3] INFO  server.RaftServer$Division (RaftServerImpl.java:checkInconsistentAppendEntries(1556)) - s4@group-12AB68C5691F: inconsistency entries. Reply:s2<-s4#234:FAIL-t2,INCONSISTENCY,nextIndex=1,followerCommit=0,matchIndex=-1
2022-09-14 11:47:24,696 [s4-server-thread2] INFO  server.RaftServer$Division (RaftServerImpl.java:checkInconsistentAppendEntries(1586)) - s4@group-12AB68C5691F: Failed appendEntries as previous log entry ((t:2, i:0)) is not found
2022-09-14 11:47:24,696 [s4-server-thread2] INFO  server.RaftServer$Division (RaftServerImpl.java:checkInconsistentAppendEntries(1556)) - s4@group-12AB68C5691F: inconsistency entries. Reply:s2<-s4#229:FAIL-t2,INCONSISTENCY,nextIndex=0,followerCommit=0,matchIndex=-1
2022-09-14 11:47:24,696 [grpc-default-executor-11] INFO  leader.FollowerInfo (FollowerInfoImpl.java:lambda$new$0(48)) - s2@group-12AB68C5691F->s4: nextIndex: updateUnconditionally 1 -> 1
2022-09-14 11:47:24,696 [grpc-default-executor-46] INFO  leader.FollowerInfo (FollowerInfoImpl.java:lambda$new$0(48)) - s2@group-12AB68C5691F->s4: nextIndex: updateUnconditionally 1 -> 0
2022-09-14 11:47:24,696 [s4-server-thread2] INFO  server.RaftServer$Division (RaftServerImpl.java:checkInconsistentAppendEntries(1586)) - s4@group-12AB68C5691F: Failed appendEntries as previous log entry ((t:2, i:0)) is not found
2022-09-14 11:47:24,697 [s4-server-thread2] INFO  server.RaftServer$Division (RaftServerImpl.java:checkInconsistentAppendEntries(1556)) - s4@group-12AB68C5691F: inconsistency entries. Reply:s2<-s4#230:FAIL-t2,INCONSISTENCY,nextIndex=0,followerCommit=0,matchIndex=-1
2022-09-14 11:47:24,697 [s4-server-thread2] INFO  server.RaftServer$Division (RaftServerImpl.java:checkInconsistentAppendEntries(1586)) - s4@group-12AB68C5691F: Failed appendEntries as previous log entry ((t:2, i:0)) is not found
2022-09-14 11:47:24,697 [s4-server-thread2] INFO  server.RaftServer$Division (RaftServerImpl.java:checkInconsistentAppendEntries(1556)) - s4@group-12AB68C5691F: inconsistency entries. Reply:s2<-s4#231:FAIL-t2,INCONSISTENCY,nextIndex=0,followerCommit=0,matchIndex=-1
2022-09-14 11:47:24,697 [s4-server-thread2] DEBUG server.RaftServer$Division (RaftServerImpl.java:logAppendEntries(1405)) - s4@group-12AB68C5691F: receive appendEntries(s2, 2, null, 0, true, commits:[s2:c0, s3:c0, s4:c0, s0:c0, s1:c0], cId:235, entries: [(t:2, i:0), CONFIGURATIONENTRY(current:id: "s3"
address: "localhost:46799"
dataStreamAddress: "localhost:40281"
clientAddress: "localhost:46547"
adminAddress: "localhost:45171"
startupRole: FOLLOWER
,id: "s4"
address: "localhost:39419"
dataStreamAddress: "localhost:46687"
clientAddress: "localhost:41785"
adminAddress: "localhost:43995"
startupRole: FOLLOWER
,id: "s0"
address: "localhost:42481"
dataStreamAddress: "localhost:43981"
clientAddress: "localhost:42743"
adminAddress: "localhost:44771"
startupRole: FOLLOWER
,id: "s1"
address: "localhost:44073"
dataStreamAddress: "localhost:35501"
clientAddress: "localhost:39477"
adminAddress: "localhost:36871"
startupRole: FOLLOWER
,id: "s2"
address: "localhost:38365"
dataStreamAddress: "localhost:38285"
clientAddress: "localhost:40537"
adminAddress: "localhost:35135"
startupRole: FOLLOWER
, old:)]
2022-09-14 11:47:24,697 [s4-server-thread2] INFO  server.RaftServer$Division (RaftServerImpl.java:checkInconsistentAppendEntries(1576)) - s4@group-12AB68C5691F: Failed appendEntries as the first entry (index 0) already exists (snapshotIndex: -1, commitIndex: 0)
2022-09-14 11:47:24,697 [grpc-default-executor-37] INFO  leader.FollowerInfo (FollowerInfoImpl.java:lambda$new$0(48)) - s2@group-12AB68C5691F->s4: nextIndex: updateUnconditionally 1 -> 0
2022-09-14 11:47:24,698 [grpc-default-executor-37] INFO  leader.FollowerInfo (FollowerInfoImpl.java:lambda$new$0(48)) - s2@group-12AB68C5691F->s4: nextIndex: updateUnconditionally 1 -> 0
2022-09-14 11:47:24,698 [grpc-default-executor-37] INFO  leader.FollowerInfo (FollowerInfoImpl.java:lambda$new$0(48)) - s2@group-12AB68C5691F->s4: nextIndex: updateUnconditionally 1 -> 0
2022-09-14 11:47:24,698 [s4-server-thread2] INFO  server.RaftServer$Division (RaftServerImpl.java:checkInconsistentAppendEntries(1556)) - s4@group-12AB68C5691F: inconsistency entries. Reply:s2<-s4#235:FAIL-t2,INCONSISTENCY,nextIndex=1,followerCommit=0,matchIndex=-1
2022-09-14 11:47:24,698 [s4-server-thread3] INFO  server.RaftServer$Division (RaftServerImpl.java:checkInconsistentAppendEntries(1586)) - s4@group-12AB68C5691F: Failed appendEntries as previous log entry ((t:2, i:0)) is not found
2022-09-14 11:47:24,698 [s4-server-thread3] INFO  server.RaftServer$Division (RaftServerImpl.java:checkInconsistentAppendEntries(1556)) - s4@group-12AB68C5691F: inconsistency entries. Reply:s2<-s4#232:FAIL-t2,INCONSISTENCY,nextIndex=0,followerCommit=0,matchIndex=-1
2022-09-14 11:47:24,699 [grpc-default-executor-11] INFO  leader.FollowerInfo (FollowerInfoImpl.java:lambda$new$0(48)) - s2@group-12AB68C5691F->s4: nextIndex: updateUnconditionally 1 -> 0
2022-09-14 11:47:24,699 [grpc-default-executor-11] INFO  leader.FollowerInfo (FollowerInfoImpl.java:lambda$new$0(48)) - s2@group-12AB68C5691F->s4: nextIndex: updateUnconditionally 1 -> 0
2022-09-14 11:47:24,699 [s4-server-thread3] DEBUG server.RaftServer$Division (RaftServerImpl.java:logAppendEntries(1405)) - s4@group-12AB68C5691F: receive appendEntries(s2, 2, null, 0, true, commits:[s2:c0, s3:c0, s4:c0, s0:c0, s1:c0], cId:236, entries: [(t:2, i:0), CONFIGURATIONENTRY(current:id: "s3"
address: "localhost:46799"
dataStreamAddress: "localhost:40281"
clientAddress: "localhost:46547"
adminAddress: "localhost:45171"
startupRole: FOLLOWER
,id: "s4"
address: "localhost:39419"
dataStreamAddress: "localhost:46687"
clientAddress: "localhost:41785"
adminAddress: "localhost:43995"
startupRole: FOLLOWER
,id: "s0"
address: "localhost:42481"
dataStreamAddress: "localhost:43981"
clientAddress: "localhost:42743"
adminAddress: "localhost:44771"
startupRole: FOLLOWER
,id: "s1"
address: "localhost:44073"
dataStreamAddress: "localhost:35501"
clientAddress: "localhost:39477"
adminAddress: "localhost:36871"
startupRole: FOLLOWER
,id: "s2"
address: "localhost:38365"
dataStreamAddress: "localhost:38285"
clientAddress: "localhost:40537"
adminAddress: "localhost:35135"
startupRole: FOLLOWER
, old:)]
2022-09-14 11:47:24,699 [s4-server-thread3] INFO  server.RaftServer$Division (RaftServerImpl.java:checkInconsistentAppendEntries(1576)) - s4@group-12AB68C5691F: Failed appendEntries as the first entry (index 0) already exists (snapshotIndex: -1, commitIndex: 0)
2022-09-14 11:47:24,699 [s4-server-thread3] INFO  server.RaftServer$Division (RaftServerImpl.java:checkInconsistentAppendEntries(1556)) - s4@group-12AB68C5691F: inconsistency entries. Reply:s2<-s4#236:FAIL-t2,INCONSISTENCY,nextIndex=1,followerCommit=0,matchIndex=-1
2022-09-14 11:47:24,699 [grpc-default-executor-37] INFO  leader.FollowerInfo (FollowerInfoImpl.java:lambda$new$0(48)) - s2@group-12AB68C5691F->s4: nextIndex: updateUnconditionally 1 -> 1
2022-09-14 11:47:24,700 [s4-server-thread2] INFO  server.RaftServer$Division (RaftServerImpl.java:checkInconsistentAppendEntries(1586)) - s4@group-12AB68C5691F: Failed appendEntries as previous log entry ((t:2, i:0)) is not found
2022-09-14 11:47:24,700 [s4-server-thread2] INFO  server.RaftServer$Division (RaftServerImpl.java:checkInconsistentAppendEntries(1556)) - s4@group-12AB68C5691F: inconsistency entries. Reply:s2<-s4#233:FAIL-t2,INCONSISTENCY,nextIndex=0,followerCommit=0,matchIndex=-1
2022-09-14 11:47:24,700 [grpc-default-executor-11] INFO  leader.FollowerInfo (FollowerInfoImpl.java:lambda$new$0(48)) - s2@group-12AB68C5691F->s4: nextIndex: updateUnconditionally 1 -> 1
2022-09-14 11:47:24,700 [s4-server-thread2] DEBUG server.RaftServer$Division (RaftServerImpl.java:logAppendEntries(1405)) - s4@group-12AB68C5691F: receive appendEntries(s2, 2, null, 0, true, commits:[s2:c0, s3:c0, s4:c0, s0:c0, s1:c0], cId:237, entries: [(t:2, i:0), CONFIGURATIONENTRY(current:id: "s3"
address: "localhost:46799"
dataStreamAddress: "localhost:40281"
clientAddress: "localhost:46547"
adminAddress: "localhost:45171"
startupRole: FOLLOWER
,id: "s4"
address: "localhost:39419"
dataStreamAddress: "localhost:46687"
clientAddress: "localhost:41785"
adminAddress: "localhost:43995"
startupRole: FOLLOWER
,id: "s0"
address: "localhost:42481"
dataStreamAddress: "localhost:43981"
clientAddress: "localhost:42743"
adminAddress: "localhost:44771"
startupRole: FOLLOWER
,id: "s1"
address: "localhost:44073"
dataStreamAddress: "localhost:35501"
clientAddress: "localhost:39477"
adminAddress: "localhost:36871"
startupRole: FOLLOWER
,id: "s2"
address: "localhost:38365"
dataStreamAddress: "localhost:38285"
clientAddress: "localhost:40537"
adminAddress: "localhost:35135"
startupRole: FOLLOWER
, old:)]
2022-09-14 11:47:24,700 [s4-server-thread2] INFO  server.RaftServer$Division (RaftServerImpl.java:checkInconsistentAppendEntries(1576)) - s4@group-12AB68C5691F: Failed appendEntries as the first entry (index 0) already exists (snapshotIndex: -1, commitIndex: 0)
2022-09-14 11:47:24,700 [s4-server-thread2] INFO  server.RaftServer$Division (RaftServerImpl.java:checkInconsistentAppendEntries(1556)) - s4@group-12AB68C5691F: inconsistency entries. Reply:s2<-s4#237:FAIL-t2,INCONSISTENCY,nextIndex=1,followerCommit=0,matchIndex=-1
2022-09-14 11:47:24,701 [grpc-default-executor-37] INFO  leader.FollowerInfo (FollowerInfoImpl.java:lambda$new$0(48)) - s2@group-12AB68C5691F->s4: nextIndex: updateUnconditionally 1 -> 0
2022-09-14 11:47:24,701 [grpc-default-executor-11] INFO  leader.FollowerInfo (FollowerInfoImpl.java:lambda$new$0(48)) - s2@group-12AB68C5691F->s4: nextIndex: updateUnconditionally 0 -> 1
2022-09-14 11:47:24,701 [s4-server-thread2] DEBUG server.RaftServer$Division (RaftServerImpl.java:logAppendEntries(1405)) - s4@group-12AB68C5691F: receive appendEntries(s2, 2, null, 0, true, commits:[s2:c0, s3:c0, s4:c0, s0:c0, s1:c0], cId:238, entries: [(t:2, i:0), CONFIGURATIONENTRY(current:id: "s3"
address: "localhost:46799"
dataStreamAddress: "localhost:40281"
clientAddress: "localhost:46547"
adminAddress: "localhost:45171"
startupRole: FOLLOWER
,id: "s4"
address: "localhost:39419"
dataStreamAddress: "localhost:46687"
clientAddress: "localhost:41785"
adminAddress: "localhost:43995"
startupRole: FOLLOWER
,id: "s0"
address: "localhost:42481"
dataStreamAddress: "localhost:43981"
clientAddress: "localhost:42743"
adminAddress: "localhost:44771"
startupRole: FOLLOWER
,id: "s1"
address: "localhost:44073"
dataStreamAddress: "localhost:35501"
clientAddress: "localhost:39477"
adminAddress: "localhost:36871"
startupRole: FOLLOWER
,id: "s2"
address: "localhost:38365"
dataStreamAddress: "localhost:38285"
clientAddress: "localhost:40537"
adminAddress: "localhost:35135"
startupRole: FOLLOWER
, old:)]
2022-09-14 11:47:24,701 [s4-server-thread2] INFO  server.RaftServer$Division (RaftServerImpl.java:checkInconsistentAppendEntries(1576)) - s4@group-12AB68C5691F: Failed appendEntries as the first entry (index 0) already exists (snapshotIndex: -1, commitIndex: 0)
2022-09-14 11:47:24,701 [s4-server-thread2] INFO  server.RaftServer$Division (RaftServerImpl.java:checkInconsistentAppendEntries(1556)) - s4@group-12AB68C5691F: inconsistency entries. Reply:s2<-s4#238:FAIL-t2,INCONSISTENCY,nextIndex=1,followerCommit=0,matchIndex=-1
2022-09-14 11:47:24,702 [grpc-default-executor-11] INFO  leader.FollowerInfo (FollowerInfoImpl.java:lambda$new$0(48)) - s2@group-12AB68C5691F->s4: nextIndex: updateUnconditionally 1 -> 1
2022-09-14 11:47:24,702 [s4-server-thread2] DEBUG server.RaftServer$Division (RaftServerImpl.java:logAppendEntries(1405)) - s4@group-12AB68C5691F: receive appendEntries(s2, 2, null, 0, true, commits:[s2:c0, s3:c0, s4:c0, s0:c0, s1:c0], cId:239, entries: [(t:2, i:0), CONFIGURATIONENTRY(current:id: "s3"
address: "localhost:46799"
dataStreamAddress: "localhost:40281"
clientAddress: "localhost:46547"
adminAddress: "localhost:45171"
startupRole: FOLLOWER
,id: "s4"
address: "localhost:39419"
dataStreamAddress: "localhost:46687"
clientAddress: "localhost:41785"
adminAddress: "localhost:43995"
startupRole: FOLLOWER
,id: "s0"
address: "localhost:42481"
dataStreamAddress: "localhost:43981"
clientAddress: "localhost:42743"
adminAddress: "localhost:44771"
startupRole: FOLLOWER
,id: "s1"
address: "localhost:44073"
dataStreamAddress: "localhost:35501"
clientAddress: "localhost:39477"
adminAddress: "localhost:36871"
startupRole: FOLLOWER
,id: "s2"
address: "localhost:38365"
dataStreamAddress: "localhost:38285"
clientAddress: "localhost:40537"
adminAddress: "localhost:35135"
startupRole: FOLLOWER
, old:)]
2022-09-14 11:47:24,702 [s4-server-thread2] INFO  server.RaftServer$Division (RaftServerImpl.java:checkInconsistentAppendEntries(1576)) - s4@group-12AB68C5691F: Failed appendEntries as the first entry (index 0) already exists (snapshotIndex: -1, commitIndex: 0)
2022-09-14 11:47:24,702 [s4-server-thread2] INFO  server.RaftServer$Division (RaftServerImpl.java:checkInconsistentAppendEntries(1556)) - s4@group-12AB68C5691F: inconsistency entries. Reply:s2<-s4#239:FAIL-t2,INCONSISTENCY,nextIndex=1,followerCommit=0,matchIndex=-1
2022-09-14 11:47:24,703 [grpc-default-executor-11] INFO  leader.FollowerInfo (FollowerInfoImpl.java:lambda$new$0(48)) - s2@group-12AB68C5691F->s4: nextIndex: updateUnconditionally 1 -> 1
2022-09-14 11:47:24,703 [s4-server-thread2] DEBUG server.RaftServer$Division (RaftServerImpl.java:logAppendEntries(1405)) - s4@group-12AB68C5691F: receive appendEntries(s2, 2, null, 0, true, commits:[s2:c0, s3:c0, s4:c0, s0:c0, s1:c0], cId:240, entries: [(t:2, i:0), CONFIGURATIONENTRY(current:id: "s3"
address: "localhost:46799"
dataStreamAddress: "localhost:40281"
clientAddress: "localhost:46547"
adminAddress: "localhost:45171"
startupRole: FOLLOWER
,id: "s4"
address: "localhost:39419"
dataStreamAddress: "localhost:46687"
clientAddress: "localhost:41785"
adminAddress: "localhost:43995"
startupRole: FOLLOWER
,id: "s0"
address: "localhost:42481"
dataStreamAddress: "localhost:43981"
clientAddress: "localhost:42743"
adminAddress: "localhost:44771"
startupRole: FOLLOWER
,id: "s1"
address: "localhost:44073"
dataStreamAddress: "localhost:35501"
clientAddress: "localhost:39477"
adminAddress: "localhost:36871"
startupRole: FOLLOWER
,id: "s2"
address: "localhost:38365"
dataStreamAddress: "localhost:38285"
clientAddress: "localhost:40537"
adminAddress: "localhost:35135"
startupRole: FOLLOWER
, old:)]
2022-09-14 11:47:24,703 [s4-server-thread2] INFO  server.RaftServer$Division (RaftServerImpl.java:checkInconsistentAppendEntries(1576)) - s4@group-12AB68C5691F: Failed appendEntries as the first entry (index 0) already exists (snapshotIndex: -1, commitIndex: 0)
2022-09-14 11:47:24,703 [s4-server-thread2] INFO  server.RaftServer$Division (RaftServerImpl.java:checkInconsistentAppendEntries(1556)) - s4@group-12AB68C5691F: inconsistency entries. Reply:s2<-s4#240:FAIL-t2,INCONSISTENCY,nextIndex=1,followerCommit=0,matchIndex=-1
2022-09-14 11:47:24,704 [grpc-default-executor-46] INFO  leader.FollowerInfo (FollowerInfoImpl.java:lambda$new$0(48)) - s2@group-12AB68C5691F->s4: nextIndex: updateUnconditionally 1 -> 1
2022-09-14 11:47:24,781 [s4-server-thread2] INFO  server.RaftServer$Division (RaftServerImpl.java:checkInconsistentAppendEntries(1586)) - s4@group-12AB68C5691F: Failed appendEntries as previous log entry ((t:2, i:0)) is not found
2022-09-14 11:47:24,781 [s4-server-thread2] INFO  server.RaftServer$Division (RaftServerImpl.java:checkInconsistentAppendEntries(1556)) - s4@group-12AB68C5691F: inconsistency entries. Reply:s2<-s4#242:FAIL-t2,INCONSISTENCY,nextIndex=0,followerCommit=0,matchIndex=-1
2022-09-14 11:47:24,781 [grpc-default-executor-11] INFO  leader.FollowerInfo (FollowerInfoImpl.java:lambda$new$0(48)) - s2@group-12AB68C5691F->s4: nextIndex: updateUnconditionally 1 -> 0
2022-09-14 11:47:24,782 [s4-server-thread2] DEBUG server.RaftServer$Division (RaftServerImpl.java:logAppendEntries(1405)) - s4@group-12AB68C5691F: receive appendEntries(s2, 2, null, 0, true, commits:[s2:c0, s3:c0, s4:c0, s0:c0, s1:c0], cId:243, entries: [(t:2, i:0), CONFIGURATIONENTRY(current:id: "s3"
address: "localhost:46799"
dataStreamAddress: "localhost:40281"
clientAddress: "localhost:46547"
adminAddress: "localhost:45171"
startupRole: FOLLOWER
,id: "s4"
address: "localhost:39419"
dataStreamAddress: "localhost:46687"
clientAddress: "localhost:41785"
adminAddress: "localhost:43995"
startupRole: FOLLOWER
,id: "s0"
address: "localhost:42481"
dataStreamAddress: "localhost:43981"
clientAddress: "localhost:42743"
adminAddress: "localhost:44771"
startupRole: FOLLOWER
,id: "s1"
address: "localhost:44073"
dataStreamAddress: "localhost:35501"
clientAddress: "localhost:39477"
adminAddress: "localhost:36871"
startupRole: FOLLOWER
,id: "s2"
address: "localhost:38365"
dataStreamAddress: "localhost:38285"
clientAddress: "localhost:40537"
adminAddress: "localhost:35135"
startupRole: FOLLOWER
, old:)]
2022-09-14 11:47:24,782 [s4-server-thread2] INFO  server.RaftServer$Division (RaftServerImpl.java:checkInconsistentAppendEntries(1576)) - s4@group-12AB68C5691F: Failed appendEntries as the first entry (index 0) already exists (snapshotIndex: -1, commitIndex: 0)
2022-09-14 11:47:24,782 [s4-server-thread2] INFO  server.RaftServer$Division (RaftServerImpl.java:checkInconsistentAppendEntries(1556)) - s4@group-12AB68C5691F: inconsistency entries. Reply:s2<-s4#243:FAIL-t2,INCONSISTENCY,nextIndex=1,followerCommit=0,matchIndex=-1
2022-09-14 11:47:24,783 [grpc-default-executor-11] INFO  leader.FollowerInfo (FollowerInfoImpl.java:lambda$new$0(48)) - s2@group-12AB68C5691F->s4: nextIndex: updateUnconditionally 1 -> 1
2022-09-14 11:47:24,859 [s4-server-thread2] INFO  server.RaftServer$Division (RaftServerImpl.java:checkInconsistentAppendEntries(1586)) - s4@group-12AB68C5691F: Failed appendEntries as previous log entry ((t:2, i:0)) is not found
2022-09-14 11:47:24,859 [s4-server-thread2] INFO  server.RaftServer$Division (RaftServerImpl.java:checkInconsistentAppendEntries(1556)) - s4@group-12AB68C5691F: inconsistency entries. Reply:s2<-s4#244:FAIL-t2,INCONSISTENCY,nextIndex=0,followerCommit=0,matchIndex=-1
2022-09-14 11:47:24,860 [grpc-default-executor-11] INFO  leader.FollowerInfo (FollowerInfoImpl.java:lambda$new$0(48)) - s2@group-12AB68C5691F->s4: nextIndex: updateUnconditionally 1 -> 0
2022-09-14 11:47:24,861 [s4-server-thread3] DEBUG server.RaftServer$Division (RaftServerImpl.java:logAppendEntries(1405)) - s4@group-12AB68C5691F: receive appendEntries(s2, 2, null, 0, true, commits:[s2:c0, s3:c0, s4:c0, s0:c0, s1:c0], cId:245, entries: [(t:2, i:0), CONFIGURATIONENTRY(current:id: "s3"
address: "localhost:46799"
dataStreamAddress: "localhost:40281"
clientAddress: "localhost:46547"
adminAddress: "localhost:45171"
startupRole: FOLLOWER
,id: "s4"
address: "localhost:39419"
dataStreamAddress: "localhost:46687"
clientAddress: "localhost:41785"
adminAddress: "localhost:43995"
startupRole: FOLLOWER
,id: "s0"
address: "localhost:42481"
dataStreamAddress: "localhost:43981"
clientAddress: "localhost:42743"
adminAddress: "localhost:44771"
startupRole: FOLLOWER
,id: "s1"
address: "localhost:44073"
dataStreamAddress: "localhost:35501"
clientAddress: "localhost:39477"
adminAddress: "localhost:36871"
startupRole: FOLLOWER
,id: "s2"
address: "localhost:38365"
dataStreamAddress: "localhost:38285"
clientAddress: "localhost:40537"
adminAddress: "localhost:35135"
startupRole: FOLLOWER
, old:)]
2022-09-14 11:47:24,861 [s4-server-thread3] INFO  server.RaftServer$Division (RaftServerImpl.java:checkInconsistentAppendEntries(1576)) - s4@group-12AB68C5691F: Failed appendEntries as the first entry (index 0) already exists (snapshotIndex: -1, commitIndex: 0)
2022-09-14 11:47:24,861 [s4-server-thread3] INFO  server.RaftServer$Division (RaftServerImpl.java:checkInconsistentAppendEntries(1556)) - s4@group-12AB68C5691F: inconsistency entries. Reply:s2<-s4#245:FAIL-t2,INCONSISTENCY,nextIndex=1,followerCommit=0,matchIndex=-1
2022-09-14 11:47:24,861 [grpc-default-executor-11] INFO  leader.FollowerInfo (FollowerInfoImpl.java:lambda$new$0(48)) - s2@group-12AB68C5691F->s4: nextIndex: updateUnconditionally 1 -> 1
2022-09-14 11:47:24,937 [s4-server-thread2] INFO  server.RaftServer$Division (RaftServerImpl.java:checkInconsistentAppendEntries(1586)) - s4@group-12AB68C5691F: Failed appendEntries as previous log entry ((t:2, i:0)) is not found
2022-09-14 11:47:24,938 [s4-server-thread2] INFO  server.RaftServer$Division (RaftServerImpl.java:checkInconsistentAppendEntries(1556)) - s4@group-12AB68C5691F: inconsistency entries. Reply:s2<-s4#246:FAIL-t2,INCONSISTENCY,nextIndex=0,followerCommit=0,matchIndex=-1
2022-09-14 11:47:24,938 [grpc-default-executor-11] INFO  leader.FollowerInfo (FollowerInfoImpl.java:lambda$new$0(48)) - s2@group-12AB68C5691F->s4: nextIndex: updateUnconditionally 1 -> 0
2022-09-14 11:47:24,939 [s4-server-thread2] DEBUG server.RaftServer$Division (RaftServerImpl.java:logAppendEntries(1405)) - s4@group-12AB68C5691F: receive appendEntries(s2, 2, null, 0, true, commits:[s2:c0, s3:c0, s4:c0, s0:c0, s1:c0], cId:247, entries: [(t:2, i:0), CONFIGURATIONENTRY(current:id: "s3"
address: "localhost:46799"
dataStreamAddress: "localhost:40281"
clientAddress: "localhost:46547"
adminAddress: "localhost:45171"
startupRole: FOLLOWER
,id: "s4"
address: "localhost:39419"
dataStreamAddress: "localhost:46687"
clientAddress: "localhost:41785"
adminAddress: "localhost:43995"
startupRole: FOLLOWER
,id: "s0"
address: "localhost:42481"
dataStreamAddress: "localhost:43981"
clientAddress: "localhost:42743"
adminAddress: "localhost:44771"
startupRole: FOLLOWER
,id: "s1"
address: "localhost:44073"
dataStreamAddress: "localhost:35501"
clientAddress: "localhost:39477"
adminAddress: "localhost:36871"
startupRole: FOLLOWER
,id: "s2"
address: "localhost:38365"
dataStreamAddress: "localhost:38285"
clientAddress: "localhost:40537"
adminAddress: "localhost:35135"
startupRole: FOLLOWER
, old:)]
2022-09-14 11:47:24,939 [s4-server-thread2] INFO  server.RaftServer$Division (RaftServerImpl.java:checkInconsistentAppendEntries(1576)) - s4@group-12AB68C5691F: Failed appendEntries as the first entry (index 0) already exists (snapshotIndex: -1, commitIndex: 0)
2022-09-14 11:47:24,939 [s4-server-thread2] INFO  server.RaftServer$Division (RaftServerImpl.java:checkInconsistentAppendEntries(1556)) - s4@group-12AB68C5691F: inconsistency entries. Reply:s2<-s4#247:FAIL-t2,INCONSISTENCY,nextIndex=1,followerCommit=0,matchIndex=-1
2022-09-14 11:47:24,940 [grpc-default-executor-11] INFO  leader.FollowerInfo (FollowerInfoImpl.java:lambda$new$0(48)) - s2@group-12AB68C5691F->s4: nextIndex: updateUnconditionally 1 -> 1
2022-09-14 11:47:25,016 [s4-server-thread2] INFO  server.RaftServer$Division (RaftServerImpl.java:checkInconsistentAppendEntries(1586)) - s4@group-12AB68C5691F: Failed appendEntries as previous log entry ((t:2, i:0)) is not found
2022-09-14 11:47:25,016 [s4-server-thread2] INFO  server.RaftServer$Division (RaftServerImpl.java:checkInconsistentAppendEntries(1556)) - s4@group-12AB68C5691F: inconsistency entries. Reply:s2<-s4#248:FAIL-t2,INCONSISTENCY,nextIndex=0,followerCommit=0,matchIndex=-1
2022-09-14 11:47:25,016 [grpc-default-executor-46] INFO  leader.FollowerInfo (FollowerInfoImpl.java:lambda$new$0(48)) - s2@group-12AB68C5691F->s4: nextIndex: updateUnconditionally 1 -> 0
2022-09-14 11:47:25,017 [s4-server-thread2] DEBUG server.RaftServer$Division (RaftServerImpl.java:logAppendEntries(1405)) - s4@group-12AB68C5691F: receive appendEntries(s2, 2, null, 0, true, commits:[s2:c0, s3:c0, s4:c0, s0:c0, s1:c0], cId:249, entries: [(t:2, i:0), CONFIGURATIONENTRY(current:id: "s3"
address: "localhost:46799"
dataStreamAddress: "localhost:40281"
clientAddress: "localhost:46547"
adminAddress: "localhost:45171"
startupRole: FOLLOWER
,id: "s4"
address: "localhost:39419"
dataStreamAddress: "localhost:46687"
clientAddress: "localhost:41785"
adminAddress: "localhost:43995"
startupRole: FOLLOWER
,id: "s0"
address: "localhost:42481"
dataStreamAddress: "localhost:43981"
clientAddress: "localhost:42743"
adminAddress: "localhost:44771"
startupRole: FOLLOWER
,id: "s1"
address: "localhost:44073"
dataStreamAddress: "localhost:35501"
clientAddress: "localhost:39477"
adminAddress: "localhost:36871"
startupRole: FOLLOWER
,id: "s2"
address: "localhost:38365"
dataStreamAddress: "localhost:38285"
clientAddress: "localhost:40537"
adminAddress: "localhost:35135"
startupRole: FOLLOWER
, old:)]
2022-09-14 11:47:25,017 [s4-server-thread2] INFO  server.RaftServer$Division (RaftServerImpl.java:checkInconsistentAppendEntries(1576)) - s4@group-12AB68C5691F: Failed appendEntries as the first entry (index 0) already exists (snapshotIndex: -1, commitIndex: 0)
2022-09-14 11:47:25,017 [s4-server-thread2] INFO  server.RaftServer$Division (RaftServerImpl.java:checkInconsistentAppendEntries(1556)) - s4@group-12AB68C5691F: inconsistency entries. Reply:s2<-s4#249:FAIL-t2,INCONSISTENCY,nextIndex=1,followerCommit=0,matchIndex=-1
2022-09-14 11:47:25,018 [grpc-default-executor-46] INFO  leader.FollowerInfo (FollowerInfoImpl.java:lambda$new$0(48)) - s2@group-12AB68C5691F->s4: nextIndex: updateUnconditionally 1 -> 1
2022-09-14 11:47:25,094 [s4-server-thread2] INFO  server.RaftServer$Division (RaftServerImpl.java:checkInconsistentAppendEntries(1586)) - s4@group-12AB68C5691F: Failed appendEntries as previous log entry ((t:2, i:0)) is not found
2022-09-14 11:47:25,094 [s4-server-thread2] INFO  server.RaftServer$Division (RaftServerImpl.java:checkInconsistentAppendEntries(1556)) - s4@group-12AB68C5691F: inconsistency entries. Reply:s2<-s4#250:FAIL-t2,INCONSISTENCY,nextIndex=0,followerCommit=0,matchIndex=-1
2022-09-14 11:47:25,095 [grpc-default-executor-11] INFO  leader.FollowerInfo (FollowerInfoImpl.java:lambda$new$0(48)) - s2@group-12AB68C5691F->s4: nextIndex: updateUnconditionally 1 -> 0
2022-09-14 11:47:25,096 [s4-server-thread2] DEBUG server.RaftServer$Division (RaftServerImpl.java:logAppendEntries(1405)) - s4@group-12AB68C5691F: receive appendEntries(s2, 2, null, 0, true, commits:[s2:c0, s3:c0, s4:c0, s0:c0, s1:c0], cId:251, entries: [(t:2, i:0), CONFIGURATIONENTRY(current:id: "s3"
address: "localhost:46799"
dataStreamAddress: "localhost:40281"
clientAddress: "localhost:46547"
adminAddress: "localhost:45171"
startupRole: FOLLOWER
,id: "s4"
address: "localhost:39419"
dataStreamAddress: "localhost:46687"
clientAddress: "localhost:41785"
adminAddress: "localhost:43995"
startupRole: FOLLOWER
,id: "s0"
address: "localhost:42481"
dataStreamAddress: "localhost:43981"
clientAddress: "localhost:42743"
adminAddress: "localhost:44771"
startupRole: FOLLOWER
,id: "s1"
address: "localhost:44073"
dataStreamAddress: "localhost:35501"
clientAddress: "localhost:39477"
adminAddress: "localhost:36871"
startupRole: FOLLOWER
,id: "s2"
address: "localhost:38365"
dataStreamAddress: "localhost:38285"
clientAddress: "localhost:40537"
adminAddress: "localhost:35135"
startupRole: FOLLOWER
, old:)]
2022-09-14 11:47:25,096 [s4-server-thread2] INFO  server.RaftServer$Division (RaftServerImpl.java:checkInconsistentAppendEntries(1576)) - s4@group-12AB68C5691F: Failed appendEntries as the first entry (index 0) already exists (snapshotIndex: -1, commitIndex: 0)
2022-09-14 11:47:25,096 [s4-server-thread2] INFO  server.RaftServer$Division (RaftServerImpl.java:checkInconsistentAppendEntries(1556)) - s4@group-12AB68C5691F: inconsistency entries. Reply:s2<-s4#251:FAIL-t2,INCONSISTENCY,nextIndex=1,followerCommit=0,matchIndex=-1
2022-09-14 11:47:25,098 [grpc-default-executor-11] INFO  leader.FollowerInfo (FollowerInfoImpl.java:lambda$new$0(48)) - s2@group-12AB68C5691F->s4: nextIndex: updateUnconditionally 1 -> 1
2022-09-14 11:47:25,175 [s4-server-thread2] INFO  server.RaftServer$Division (RaftServerImpl.java:checkInconsistentAppendEntries(1586)) - s4@group-12AB68C5691F: Failed appendEntries as previous log entry ((t:2, i:0)) is not found
2022-09-14 11:47:25,175 [s4-server-thread2] INFO  server.RaftServer$Division (RaftServerImpl.java:checkInconsistentAppendEntries(1556)) - s4@group-12AB68C5691F: inconsistency entries. Reply:s2<-s4#252:FAIL-t2,INCONSISTENCY,nextIndex=0,followerCommit=0,matchIndex=-1
2022-09-14 11:47:25,175 [grpc-default-executor-11] INFO  leader.FollowerInfo (FollowerInfoImpl.java:lambda$new$0(48)) - s2@group-12AB68C5691F->s4: nextIndex: updateUnconditionally 1 -> 0
2022-09-14 11:47:25,177 [s4-server-thread2] DEBUG server.RaftServer$Division (RaftServerImpl.java:logAppendEntries(1405)) - s4@group-12AB68C5691F: receive appendEntries(s2, 2, null, 0, true, commits:[s2:c0, s3:c0, s4:c0, s0:c0, s1:c0], cId:253, entries: [(t:2, i:0), CONFIGURATIONENTRY(current:id: "s3"
address: "localhost:46799"
dataStreamAddress: "localhost:40281"
clientAddress: "localhost:46547"
adminAddress: "localhost:45171"
startupRole: FOLLOWER
,id: "s4"
address: "localhost:39419"
dataStreamAddress: "localhost:46687"
clientAddress: "localhost:41785"
adminAddress: "localhost:43995"
startupRole: FOLLOWER
,id: "s0"
address: "localhost:42481"
dataStreamAddress: "localhost:43981"
clientAddress: "localhost:42743"
adminAddress: "localhost:44771"
startupRole: FOLLOWER
,id: "s1"
address: "localhost:44073"
dataStreamAddress: "localhost:35501"
clientAddress: "localhost:39477"
adminAddress: "localhost:36871"
startupRole: FOLLOWER
,id: "s2"
address: "localhost:38365"
dataStreamAddress: "localhost:38285"
clientAddress: "localhost:40537"
adminAddress: "localhost:35135"
startupRole: FOLLOWER
, old:)]
2022-09-14 11:47:25,177 [s4-server-thread2] INFO  server.RaftServer$Division (RaftServerImpl.java:checkInconsistentAppendEntries(1576)) - s4@group-12AB68C5691F: Failed appendEntries as the first entry (index 0) already exists (snapshotIndex: -1, commitIndex: 0)
2022-09-14 11:47:25,177 [s4-server-thread2] INFO  server.RaftServer$Division (RaftServerImpl.java:checkInconsistentAppendEntries(1556)) - s4@group-12AB68C5691F: inconsistency entries. Reply:s2<-s4#253:FAIL-t2,INCONSISTENCY,nextIndex=1,followerCommit=0,matchIndex=-1
2022-09-14 11:47:25,177 [grpc-default-executor-11] INFO  leader.FollowerInfo (FollowerInfoImpl.java:lambda$new$0(48)) - s2@group-12AB68C5691F->s4: nextIndex: updateUnconditionally 1 -> 1
2022-09-14 11:47:25,254 [s4-server-thread2] INFO  server.RaftServer$Division (RaftServerImpl.java:checkInconsistentAppendEntries(1586)) - s4@group-12AB68C5691F: Failed appendEntries as previous log entry ((t:2, i:0)) is not found
2022-09-14 11:47:25,254 [s4-server-thread2] INFO  server.RaftServer$Division (RaftServerImpl.java:checkInconsistentAppendEntries(1556)) - s4@group-12AB68C5691F: inconsistency entries. Reply:s2<-s4#254:FAIL-t2,INCONSISTENCY,nextIndex=0,followerCommit=0,matchIndex=-1
2022-09-14 11:47:25,254 [grpc-default-executor-46] INFO  leader.FollowerInfo (FollowerInfoImpl.java:lambda$new$0(48)) - s2@group-12AB68C5691F->s4: nextIndex: updateUnconditionally 1 -> 0
2022-09-14 11:47:25,255 [s4-server-thread2] DEBUG server.RaftServer$Division (RaftServerImpl.java:logAppendEntries(1405)) - s4@group-12AB68C5691F: receive appendEntries(s2, 2, null, 0, true, commits:[s2:c0, s3:c0, s4:c0, s0:c0, s1:c0], cId:255, entries: [(t:2, i:0), CONFIGURATIONENTRY(current:id: "s3"
address: "localhost:46799"
dataStreamAddress: "localhost:40281"
clientAddress: "localhost:46547"
adminAddress: "localhost:45171"
startupRole: FOLLOWER
,id: "s4"
address: "localhost:39419"
dataStreamAddress: "localhost:46687"
clientAddress: "localhost:41785"
adminAddress: "localhost:43995"
startupRole: FOLLOWER
,id: "s0"
address: "localhost:42481"
dataStreamAddress: "localhost:43981"
clientAddress: "localhost:42743"
adminAddress: "localhost:44771"
startupRole: FOLLOWER
,id: "s1"
address: "localhost:44073"
dataStreamAddress: "localhost:35501"
clientAddress: "localhost:39477"
adminAddress: "localhost:36871"
startupRole: FOLLOWER
,id: "s2"
address: "localhost:38365"
dataStreamAddress: "localhost:38285"
clientAddress: "localhost:40537"
adminAddress: "localhost:35135"
startupRole: FOLLOWER
, old:)]
2022-09-14 11:47:25,255 [s4-server-thread2] INFO  server.RaftServer$Division (RaftServerImpl.java:checkInconsistentAppendEntries(1576)) - s4@group-12AB68C5691F: Failed appendEntries as the first entry (index 0) already exists (snapshotIndex: -1, commitIndex: 0)
2022-09-14 11:47:25,255 [s4-server-thread2] INFO  server.RaftServer$Division (RaftServerImpl.java:checkInconsistentAppendEntries(1556)) - s4@group-12AB68C5691F: inconsistency entries. Reply:s2<-s4#255:FAIL-t2,INCONSISTENCY,nextIndex=1,followerCommit=0,matchIndex=-1
2022-09-14 11:47:25,256 [grpc-default-executor-46] INFO  leader.FollowerInfo (FollowerInfoImpl.java:lambda$new$0(48)) - s2@group-12AB68C5691F->s4: nextIndex: updateUnconditionally 1 -> 1
2022-09-14 11:47:25,333 [s4-server-thread2] INFO  server.RaftServer$Division (RaftServerImpl.java:checkInconsistentAppendEntries(1586)) - s4@group-12AB68C5691F: Failed appendEntries as previous log entry ((t:2, i:0)) is not found
2022-09-14 11:47:25,333 [s4-server-thread2] INFO  server.RaftServer$Division (RaftServerImpl.java:checkInconsistentAppendEntries(1556)) - s4@group-12AB68C5691F: inconsistency entries. Reply:s2<-s4#256:FAIL-t2,INCONSISTENCY,nextIndex=0,followerCommit=0,matchIndex=-1
2022-09-14 11:47:25,334 [grpc-default-executor-46] INFO  leader.FollowerInfo (FollowerInfoImpl.java:lambda$new$0(48)) - s2@group-12AB68C5691F->s4: nextIndex: updateUnconditionally 1 -> 0
2022-09-14 11:47:25,335 [s4-server-thread2] DEBUG server.RaftServer$Division (RaftServerImpl.java:logAppendEntries(1405)) - s4@group-12AB68C5691F: receive appendEntries(s2, 2, null, 0, true, commits:[s2:c0, s3:c0, s4:c0, s0:c0, s1:c0], cId:257, entries: [(t:2, i:0), CONFIGURATIONENTRY(current:id: "s3"
address: "localhost:46799"
dataStreamAddress: "localhost:40281"
clientAddress: "localhost:46547"
adminAddress: "localhost:45171"
startupRole: FOLLOWER
,id: "s4"
address: "localhost:39419"
dataStreamAddress: "localhost:46687"
clientAddress: "localhost:41785"
adminAddress: "localhost:43995"
startupRole: FOLLOWER
,id: "s0"
address: "localhost:42481"
dataStreamAddress: "localhost:43981"
clientAddress: "localhost:42743"
adminAddress: "localhost:44771"
startupRole: FOLLOWER
,id: "s1"
address: "localhost:44073"
dataStreamAddress: "localhost:35501"
clientAddress: "localhost:39477"
adminAddress: "localhost:36871"
startupRole: FOLLOWER
,id: "s2"
address: "localhost:38365"
dataStreamAddress: "localhost:38285"
clientAddress: "localhost:40537"
adminAddress: "localhost:35135"
startupRole: FOLLOWER
, old:)]
2022-09-14 11:47:25,335 [s4-server-thread2] INFO  server.RaftServer$Division (RaftServerImpl.java:checkInconsistentAppendEntries(1576)) - s4@group-12AB68C5691F: Failed appendEntries as the first entry (index 0) already exists (snapshotIndex: -1, commitIndex: 0)
2022-09-14 11:47:25,335 [s4-server-thread2] INFO  server.RaftServer$Division (RaftServerImpl.java:checkInconsistentAppendEntries(1556)) - s4@group-12AB68C5691F: inconsistency entries. Reply:s2<-s4#257:FAIL-t2,INCONSISTENCY,nextIndex=1,followerCommit=0,matchIndex=-1
2022-09-14 11:47:25,335 [grpc-default-executor-46] INFO  leader.FollowerInfo (FollowerInfoImpl.java:lambda$new$0(48)) - s2@group-12AB68C5691F->s4: nextIndex: updateUnconditionally 1 -> 1
2022-09-14 11:47:25,412 [s4-server-thread2] INFO  server.RaftServer$Division (RaftServerImpl.java:checkInconsistentAppendEntries(1586)) - s4@group-12AB68C5691F: Failed appendEntries as previous log entry ((t:2, i:0)) is not found
2022-09-14 11:47:25,412 [s4-server-thread2] INFO  server.RaftServer$Division (RaftServerImpl.java:checkInconsistentAppendEntries(1556)) - s4@group-12AB68C5691F: inconsistency entries. Reply:s2<-s4#258:FAIL-t2,INCONSISTENCY,nextIndex=0,followerCommit=0,matchIndex=-1
2022-09-14 11:47:25,413 [grpc-default-executor-11] INFO  leader.FollowerInfo (FollowerInfoImpl.java:lambda$new$0(48)) - s2@group-12AB68C5691F->s4: nextIndex: updateUnconditionally 1 -> 0
2022-09-14 11:47:25,413 [s4-server-thread2] DEBUG server.RaftServer$Division (RaftServerImpl.java:logAppendEntries(1405)) - s4@group-12AB68C5691F: receive appendEntries(s2, 2, null, 0, true, commits:[s2:c0, s3:c0, s4:c0, s0:c0, s1:c0], cId:259, entries: [(t:2, i:0), CONFIGURATIONENTRY(current:id: "s3"
address: "localhost:46799"
dataStreamAddress: "localhost:40281"
clientAddress: "localhost:46547"
adminAddress: "localhost:45171"
startupRole: FOLLOWER
,id: "s4"
address: "localhost:39419"
dataStreamAddress: "localhost:46687"
clientAddress: "localhost:41785"
adminAddress: "localhost:43995"
startupRole: FOLLOWER
,id: "s0"
address: "localhost:42481"
dataStreamAddress: "localhost:43981"
clientAddress: "localhost:42743"
adminAddress: "localhost:44771"
startupRole: FOLLOWER
,id: "s1"
address: "localhost:44073"
dataStreamAddress: "localhost:35501"
clientAddress: "localhost:39477"
adminAddress: "localhost:36871"
startupRole: FOLLOWER
,id: "s2"
address: "localhost:38365"
dataStreamAddress: "localhost:38285"
clientAddress: "localhost:40537"
adminAddress: "localhost:35135"
startupRole: FOLLOWER
, old:)]
2022-09-14 11:47:25,414 [s4-server-thread2] INFO  server.RaftServer$Division (RaftServerImpl.java:checkInconsistentAppendEntries(1576)) - s4@group-12AB68C5691F: Failed appendEntries as the first entry (index 0) already exists (snapshotIndex: -1, commitIndex: 0)
2022-09-14 11:47:25,414 [s4-server-thread2] INFO  server.RaftServer$Division (RaftServerImpl.java:checkInconsistentAppendEntries(1556)) - s4@group-12AB68C5691F: inconsistency entries. Reply:s2<-s4#259:FAIL-t2,INCONSISTENCY,nextIndex=1,followerCommit=0,matchIndex=-1
2022-09-14 11:47:25,414 [grpc-default-executor-11] INFO  leader.FollowerInfo (FollowerInfoImpl.java:lambda$new$0(48)) - s2@group-12AB68C5691F->s4: nextIndex: updateUnconditionally 1 -> 1
2022-09-14 11:47:25,425 [Time-limited test] INFO  grpc.TestLeaderElectionWithGrpc (LeaderElectionTests.java:enforceLeader(292)) - try enforcing leader to s4 but new leader is s2
2022-09-14 11:47:25,426 [Time-limited test] INFO  server.RaftServerConfigKeys (ConfUtils.java:logGet(46)) - raft.server.rpc.timeout.max = 300ms (default)
2022-09-14 11:47:25,453 [s2@group-12AB68C5691F->s1-GrpcLogAppender-LogAppenderDaemon] INFO  util.CodeInjectionForTesting (DelayLocalExecutionInjection.java:execute(65)) - s2 delay 150 ms, args=[serverRequest {
  requestorId: "s2"
  replyId: "s1"
  raftGroupId {
    id: "\326\216l\301\220x@5\222b\022\253h\305i\037"
  }
  callId: 135
  slidingWindowEntry {
  }
}
leaderTerm: 2
previousLog {
  term: 2
}
initializing: true
commitInfos {
  server {
    id: "s2"
    address: "localhost:38365"
    dataStreamAddress: "localhost:38285"
    clientAddress: "localhost:40537"
    adminAddress: "localhost:35135"
    startupRole: FOLLOWER
  }
}
commitInfos {
  server {
    id: "s3"
    address: "localhost:46799"
    dataStreamAddress: "localhost:40281"
    clientAddress: "localhost:46547"
    adminAddress: "localhost:45171"
    startupRole: FOLLOWER
  }
}
commitInfos {
  server {
    id: "s4"
    address: "localhost:39419"
    dataStreamAddress: "localhost:46687"
    clientAddress: "localhost:41785"
    adminAddress: "localhost:43995"
    startupRole: FOLLOWER
  }
}
commitInfos {
  server {
    id: "s0"
    address: "localhost:42481"
    dataStreamAddress: "localhost:43981"
    clientAddress: "localhost:42743"
    adminAddress: "localhost:44771"
    startupRole: FOLLOWER
  }
}
commitInfos {
  server {
    id: "s1"
    address: "localhost:44073"
    dataStreamAddress: "localhost:35501"
    clientAddress: "localhost:39477"
    adminAddress: "localhost:36871"
    startupRole: FOLLOWER
  }
}
]
2022-09-14 11:47:25,453 [s2@group-12AB68C5691F->s0-GrpcLogAppender-LogAppenderDaemon] INFO  util.CodeInjectionForTesting (DelayLocalExecutionInjection.java:execute(65)) - s2 delay 150 ms, args=[serverRequest {
  requestorId: "s2"
  replyId: "s0"
  raftGroupId {
    id: "\326\216l\301\220x@5\222b\022\253h\305i\037"
  }
  callId: 135
  slidingWindowEntry {
  }
}
leaderTerm: 2
previousLog {
  term: 2
}
initializing: true
commitInfos {
  server {
    id: "s2"
    address: "localhost:38365"
    dataStreamAddress: "localhost:38285"
    clientAddress: "localhost:40537"
    adminAddress: "localhost:35135"
    startupRole: FOLLOWER
  }
}
commitInfos {
  server {
    id: "s3"
    address: "localhost:46799"
    dataStreamAddress: "localhost:40281"
    clientAddress: "localhost:46547"
    adminAddress: "localhost:45171"
    startupRole: FOLLOWER
  }
}
commitInfos {
  server {
    id: "s4"
    address: "localhost:39419"
    dataStreamAddress: "localhost:46687"
    clientAddress: "localhost:41785"
    adminAddress: "localhost:43995"
    startupRole: FOLLOWER
  }
}
commitInfos {
  server {
    id: "s0"
    address: "localhost:42481"
    dataStreamAddress: "localhost:43981"
    clientAddress: "localhost:42743"
    adminAddress: "localhost:44771"
    startupRole: FOLLOWER
  }
}
commitInfos {
  server {
    id: "s1"
    address: "localhost:44073"
    dataStreamAddress: "localhost:35501"
    clientAddress: "localhost:39477"
    adminAddress: "localhost:36871"
    startupRole: FOLLOWER
  }
}
]
2022-09-14 11:47:25,458 [s2@group-12AB68C5691F->s3-GrpcLogAppender-LogAppenderDaemon] INFO  util.CodeInjectionForTesting (DelayLocalExecutionInjection.java:execute(65)) - s2 delay 150 ms, args=[serverRequest {
  requestorId: "s2"
  replyId: "s3"
  raftGroupId {
    id: "\326\216l\301\220x@5\222b\022\253h\305i\037"
  }
  callId: 144
  slidingWindowEntry {
  }
}
leaderTerm: 2
previousLog {
  term: 2
}
initializing: true
commitInfos {
  server {
    id: "s2"
    address: "localhost:38365"
    dataStreamAddress: "localhost:38285"
    clientAddress: "localhost:40537"
    adminAddress: "localhost:35135"
    startupRole: FOLLOWER
  }
}
commitInfos {
  server {
    id: "s3"
    address: "localhost:46799"
    dataStreamAddress: "localhost:40281"
    clientAddress: "localhost:46547"
    adminAddress: "localhost:45171"
    startupRole: FOLLOWER
  }
}
commitInfos {
  server {
    id: "s4"
    address: "localhost:39419"
    dataStreamAddress: "localhost:46687"
    clientAddress: "localhost:41785"
    adminAddress: "localhost:43995"
    startupRole: FOLLOWER
  }
}
commitInfos {
  server {
    id: "s0"
    address: "localhost:42481"
    dataStreamAddress: "localhost:43981"
    clientAddress: "localhost:42743"
    adminAddress: "localhost:44771"
    startupRole: FOLLOWER
  }
}
commitInfos {
  server {
    id: "s1"
    address: "localhost:44073"
    dataStreamAddress: "localhost:35501"
    clientAddress: "localhost:39477"
    adminAddress: "localhost:36871"
    startupRole: FOLLOWER
  }
}
]
2022-09-14 11:47:25,489 [s2@group-12AB68C5691F->s4-GrpcLogAppender-LogAppenderDaemon] INFO  util.CodeInjectionForTesting (DelayLocalExecutionInjection.java:execute(65)) - s2 delay 150 ms, args=[serverRequest {
  requestorId: "s2"
  replyId: "s4"
  raftGroupId {
    id: "\326\216l\301\220x@5\222b\022\253h\305i\037"
  }
  callId: 260
  slidingWindowEntry {
  }
}
leaderTerm: 2
previousLog {
  term: 2
}
initializing: true
commitInfos {
  server {
    id: "s2"
    address: "localhost:38365"
    dataStreamAddress: "localhost:38285"
    clientAddress: "localhost:40537"
    adminAddress: "localhost:35135"
    startupRole: FOLLOWER
  }
}
commitInfos {
  server {
    id: "s3"
    address: "localhost:46799"
    dataStreamAddress: "localhost:40281"
    clientAddress: "localhost:46547"
    adminAddress: "localhost:45171"
    startupRole: FOLLOWER
  }
}
commitInfos {
  server {
    id: "s4"
    address: "localhost:39419"
    dataStreamAddress: "localhost:46687"
    clientAddress: "localhost:41785"
    adminAddress: "localhost:43995"
    startupRole: FOLLOWER
  }
}
commitInfos {
  server {
    id: "s0"
    address: "localhost:42481"
    dataStreamAddress: "localhost:43981"
    clientAddress: "localhost:42743"
    adminAddress: "localhost:44771"
    startupRole: FOLLOWER
  }
}
commitInfos {
  server {
    id: "s1"
    address: "localhost:44073"
    dataStreamAddress: "localhost:35501"
    clientAddress: "localhost:39477"
    adminAddress: "localhost:36871"
    startupRole: FOLLOWER
  }
}
]
2022-09-14 11:47:25,640 [s4-server-thread2] INFO  util.CodeInjectionForTesting (BlockRequestHandlingInjection.java:execute(77)) - s4: Block request from s2
2022-09-14 11:47:25,677 [s2@group-12AB68C5691F->s4-GrpcLogAppender-LogAppenderDaemon] INFO  util.CodeInjectionForTesting (DelayLocalExecutionInjection.java:execute(65)) - s2 delay 150 ms, args=[serverRequest {
  requestorId: "s2"
  replyId: "s4"
  raftGroupId {
    id: "\326\216l\301\220x@5\222b\022\253h\305i\037"
  }
  callId: 261
  slidingWindowEntry {
  }
}
leaderTerm: 2
previousLog {
  term: 2
}
initializing: true
commitInfos {
  server {
    id: "s2"
    address: "localhost:38365"
    dataStreamAddress: "localhost:38285"
    clientAddress: "localhost:40537"
    adminAddress: "localhost:35135"
    startupRole: FOLLOWER
  }
}
commitInfos {
  server {
    id: "s3"
    address: "localhost:46799"
    dataStreamAddress: "localhost:40281"
    clientAddress: "localhost:46547"
    adminAddress: "localhost:45171"
    startupRole: FOLLOWER
  }
}
commitInfos {
  server {
    id: "s4"
    address: "localhost:39419"
    dataStreamAddress: "localhost:46687"
    clientAddress: "localhost:41785"
    adminAddress: "localhost:43995"
    startupRole: FOLLOWER
  }
}
commitInfos {
  server {
    id: "s0"
    address: "localhost:42481"
    dataStreamAddress: "localhost:43981"
    clientAddress: "localhost:42743"
    adminAddress: "localhost:44771"
    startupRole: FOLLOWER
  }
}
commitInfos {
  server {
    id: "s1"
    address: "localhost:44073"
    dataStreamAddress: "localhost:35501"
    clientAddress: "localhost:39477"
    adminAddress: "localhost:36871"
    startupRole: FOLLOWER
  }
}
]
2022-09-14 11:47:25,680 [s2@group-12AB68C5691F->s0-GrpcLogAppender-LogAppenderDaemon] INFO  util.CodeInjectionForTesting (DelayLocalExecutionInjection.java:execute(65)) - s2 delay 150 ms, args=[serverRequest {
  requestorId: "s2"
  replyId: "s0"
  raftGroupId {
    id: "\326\216l\301\220x@5\222b\022\253h\305i\037"
  }
  callId: 136
  slidingWindowEntry {
  }
}
leaderTerm: 2
previousLog {
  term: 2
}
initializing: true
commitInfos {
  server {
    id: "s2"
    address: "localhost:38365"
    dataStreamAddress: "localhost:38285"
    clientAddress: "localhost:40537"
    adminAddress: "localhost:35135"
    startupRole: FOLLOWER
  }
}
commitInfos {
  server {
    id: "s3"
    address: "localhost:46799"
    dataStreamAddress: "localhost:40281"
    clientAddress: "localhost:46547"
    adminAddress: "localhost:45171"
    startupRole: FOLLOWER
  }
}
commitInfos {
  server {
    id: "s4"
    address: "localhost:39419"
    dataStreamAddress: "localhost:46687"
    clientAddress: "localhost:41785"
    adminAddress: "localhost:43995"
    startupRole: FOLLOWER
  }
}
commitInfos {
  server {
    id: "s0"
    address: "localhost:42481"
    dataStreamAddress: "localhost:43981"
    clientAddress: "localhost:42743"
    adminAddress: "localhost:44771"
    startupRole: FOLLOWER
  }
}
commitInfos {
  server {
    id: "s1"
    address: "localhost:44073"
    dataStreamAddress: "localhost:35501"
    clientAddress: "localhost:39477"
    adminAddress: "localhost:36871"
    startupRole: FOLLOWER
  }
}
]
2022-09-14 11:47:25,681 [s2@group-12AB68C5691F->s1-GrpcLogAppender-LogAppenderDaemon] INFO  util.CodeInjectionForTesting (DelayLocalExecutionInjection.java:execute(65)) - s2 delay 150 ms, args=[serverRequest {
  requestorId: "s2"
  replyId: "s1"
  raftGroupId {
    id: "\326\216l\301\220x@5\222b\022\253h\305i\037"
  }
  callId: 136
  slidingWindowEntry {
  }
}
leaderTerm: 2
previousLog {
  term: 2
}
initializing: true
commitInfos {
  server {
    id: "s2"
    address: "localhost:38365"
    dataStreamAddress: "localhost:38285"
    clientAddress: "localhost:40537"
    adminAddress: "localhost:35135"
    startupRole: FOLLOWER
  }
}
commitInfos {
  server {
    id: "s3"
    address: "localhost:46799"
    dataStreamAddress: "localhost:40281"
    clientAddress: "localhost:46547"
    adminAddress: "localhost:45171"
    startupRole: FOLLOWER
  }
}
commitInfos {
  server {
    id: "s4"
    address: "localhost:39419"
    dataStreamAddress: "localhost:46687"
    clientAddress: "localhost:41785"
    adminAddress: "localhost:43995"
    startupRole: FOLLOWER
  }
}
commitInfos {
  server {
    id: "s0"
    address: "localhost:42481"
    dataStreamAddress: "localhost:43981"
    clientAddress: "localhost:42743"
    adminAddress: "localhost:44771"
    startupRole: FOLLOWER
  }
}
commitInfos {
  server {
    id: "s1"
    address: "localhost:44073"
    dataStreamAddress: "localhost:35501"
    clientAddress: "localhost:39477"
    adminAddress: "localhost:36871"
    startupRole: FOLLOWER
  }
}
]
2022-09-14 11:47:25,685 [s2@group-12AB68C5691F->s3-GrpcLogAppender-LogAppenderDaemon] INFO  util.CodeInjectionForTesting (DelayLocalExecutionInjection.java:execute(65)) - s2 delay 150 ms, args=[serverRequest {
  requestorId: "s2"
  replyId: "s3"
  raftGroupId {
    id: "\326\216l\301\220x@5\222b\022\253h\305i\037"
  }
  callId: 145
  slidingWindowEntry {
  }
}
leaderTerm: 2
previousLog {
  term: 2
}
initializing: true
commitInfos {
  server {
    id: "s2"
    address: "localhost:38365"
    dataStreamAddress: "localhost:38285"
    clientAddress: "localhost:40537"
    adminAddress: "localhost:35135"
    startupRole: FOLLOWER
  }
}
commitInfos {
  server {
    id: "s3"
    address: "localhost:46799"
    dataStreamAddress: "localhost:40281"
    clientAddress: "localhost:46547"
    adminAddress: "localhost:45171"
    startupRole: FOLLOWER
  }
}
commitInfos {
  server {
    id: "s4"
    address: "localhost:39419"
    dataStreamAddress: "localhost:46687"
    clientAddress: "localhost:41785"
    adminAddress: "localhost:43995"
    startupRole: FOLLOWER
  }
}
commitInfos {
  server {
    id: "s0"
    address: "localhost:42481"
    dataStreamAddress: "localhost:43981"
    clientAddress: "localhost:42743"
    adminAddress: "localhost:44771"
    startupRole: FOLLOWER
  }
}
commitInfos {
  server {
    id: "s1"
    address: "localhost:44073"
    dataStreamAddress: "localhost:35501"
    clientAddress: "localhost:39477"
    adminAddress: "localhost:36871"
    startupRole: FOLLOWER
  }
}
]
2022-09-14 11:47:25,792 [s4@group-12AB68C5691F-FollowerState] INFO  impl.FollowerState (FollowerState.java:run(141)) - s4@group-12AB68C5691F-FollowerState: change to CANDIDATE, lastRpcElapsedTime:378071775ns, electionTimeout:164ms
2022-09-14 11:47:25,792 [s4@group-12AB68C5691F-FollowerState] INFO  impl.RoleInfo (RoleInfo.java:shutdownFollowerState(110)) - s4: shutdown s4@group-12AB68C5691F-FollowerState
2022-09-14 11:47:25,792 [s4@group-12AB68C5691F-FollowerState] INFO  server.RaftServer$Division (RaftServerImpl.java:setRole(317)) - s4@group-12AB68C5691F: changes role from  FOLLOWER to CANDIDATE at term 2 for changeToCandidate
2022-09-14 11:47:25,792 [s4@group-12AB68C5691F-FollowerState] INFO  server.RaftServerConfigKeys (ConfUtils.java:logGet(46)) - raft.server.leaderelection.pre-vote = true (default)
2022-09-14 11:47:25,792 [s4@group-12AB68C5691F-FollowerState] INFO  impl.RoleInfo (RoleInfo.java:updateAndGet(139)) - s4: start s4@group-12AB68C5691F-LeaderElection41
2022-09-14 11:47:25,793 [s4@group-12AB68C5691F-LeaderElection41] INFO  server.RaftServer$Division (ServerState.java:setLeader(259)) - s4@group-12AB68C5691F: change Leader from s2 to null at term 2 for PRE_VOTE
2022-09-14 11:47:25,793 [s4@group-12AB68C5691F-LeaderElection41] INFO  impl.LeaderElection (LeaderElection.java:askForVotes(308)) - s4@group-12AB68C5691F-LeaderElection41 PRE_VOTE round 0: submit vote requests at term 2 for 0: peers:[s3|rpc:localhost:46799|admin:localhost:45171|client:localhost:46547|dataStream:localhost:40281|priority:0|startupRole:FOLLOWER, s4|rpc:localhost:39419|admin:localhost:43995|client:localhost:41785|dataStream:localhost:46687|priority:0|startupRole:FOLLOWER, s0|rpc:localhost:42481|admin:localhost:44771|client:localhost:42743|dataStream:localhost:43981|priority:0|startupRole:FOLLOWER, s1|rpc:localhost:44073|admin:localhost:36871|client:localhost:39477|dataStream:localhost:35501|priority:0|startupRole:FOLLOWER, s2|rpc:localhost:38365|admin:localhost:35135|client:localhost:40537|dataStream:localhost:38285|priority:0|startupRole:FOLLOWER]|listeners:[], old=null
2022-09-14 11:47:25,796 [grpc-default-executor-37] INFO  server.RaftServer$Division (RaftServerImpl.java:requestVote(1281)) - s0@group-12AB68C5691F: receive requestVote(PRE_VOTE, s4, group-12AB68C5691F, 2, (t:1, i:0))
2022-09-14 11:47:25,796 [grpc-default-executor-37] INFO  impl.VoteContext (VoteContext.java:log(49)) - s0@group-12AB68C5691F-FOLLOWER: reject PRE_VOTE from s4: our last entry (t:2, i:0) > candidate's last entry (t:1, i:0)
2022-09-14 11:47:25,796 [grpc-default-executor-37] INFO  server.RaftServer$Division (RaftServerImpl.java:requestVote(1314)) - s0@group-12AB68C5691F replies to PRE_VOTE vote request: s4<-s0#0:FAIL-t2. Peer's state: s0@group-12AB68C5691F:t2, leader=s2, voted=s2, raftlog=Memoized:s0@group-12AB68C5691F-SegmentedRaftLog:OPENED:c0, conf=0: peers:[s3|rpc:localhost:46799|admin:localhost:45171|client:localhost:46547|dataStream:localhost:40281|priority:0|startupRole:FOLLOWER, s4|rpc:localhost:39419|admin:localhost:43995|client:localhost:41785|dataStream:localhost:46687|priority:0|startupRole:FOLLOWER, s0|rpc:localhost:42481|admin:localhost:44771|client:localhost:42743|dataStream:localhost:43981|priority:0|startupRole:FOLLOWER, s1|rpc:localhost:44073|admin:localhost:36871|client:localhost:39477|dataStream:localhost:35501|priority:0|startupRole:FOLLOWER, s2|rpc:localhost:38365|admin:localhost:35135|client:localhost:40537|dataStream:localhost:38285|priority:0|startupRole:FOLLOWER]|listeners:[], old=null
2022-09-14 11:47:25,797 [grpc-default-executor-46] INFO  server.RaftServer$Division (RaftServerImpl.java:requestVote(1281)) - s1@group-12AB68C5691F: receive requestVote(PRE_VOTE, s4, group-12AB68C5691F, 2, (t:1, i:0))
2022-09-14 11:47:25,797 [grpc-default-executor-46] INFO  impl.VoteContext (VoteContext.java:log(49)) - s1@group-12AB68C5691F-FOLLOWER: reject PRE_VOTE from s4: our last entry (t:2, i:0) > candidate's last entry (t:1, i:0)
2022-09-14 11:47:25,797 [grpc-default-executor-46] INFO  server.RaftServer$Division (RaftServerImpl.java:requestVote(1314)) - s1@group-12AB68C5691F replies to PRE_VOTE vote request: s4<-s1#0:FAIL-t2. Peer's state: s1@group-12AB68C5691F:t2, leader=s2, voted=s2, raftlog=Memoized:s1@group-12AB68C5691F-SegmentedRaftLog:OPENED:c0, conf=0: peers:[s3|rpc:localhost:46799|admin:localhost:45171|client:localhost:46547|dataStream:localhost:40281|priority:0|startupRole:FOLLOWER, s4|rpc:localhost:39419|admin:localhost:43995|client:localhost:41785|dataStream:localhost:46687|priority:0|startupRole:FOLLOWER, s0|rpc:localhost:42481|admin:localhost:44771|client:localhost:42743|dataStream:localhost:43981|priority:0|startupRole:FOLLOWER, s1|rpc:localhost:44073|admin:localhost:36871|client:localhost:39477|dataStream:localhost:35501|priority:0|startupRole:FOLLOWER, s2|rpc:localhost:38365|admin:localhost:35135|client:localhost:40537|dataStream:localhost:38285|priority:0|startupRole:FOLLOWER]|listeners:[], old=null
2022-09-14 11:47:25,798 [grpc-default-executor-19] INFO  server.RaftServer$Division (RaftServerImpl.java:requestVote(1281)) - s2@group-12AB68C5691F: receive requestVote(PRE_VOTE, s4, group-12AB68C5691F, 2, (t:1, i:0))
2022-09-14 11:47:25,798 [grpc-default-executor-19] INFO  impl.VoteContext (VoteContext.java:log(49)) - s2@group-12AB68C5691F-LEADER: reject PRE_VOTE from s4: this server is the leader and still has leadership
2022-09-14 11:47:25,798 [grpc-default-executor-19] INFO  server.RaftServer$Division (RaftServerImpl.java:requestVote(1314)) - s2@group-12AB68C5691F replies to PRE_VOTE vote request: s4<-s2#0:FAIL-t2. Peer's state: s2@group-12AB68C5691F:t2, leader=s2, voted=s2, raftlog=Memoized:s2@group-12AB68C5691F-SegmentedRaftLog:OPENED:c0, conf=0: peers:[s3|rpc:localhost:46799|admin:localhost:45171|client:localhost:46547|dataStream:localhost:40281|priority:0|startupRole:FOLLOWER, s4|rpc:localhost:39419|admin:localhost:43995|client:localhost:41785|dataStream:localhost:46687|priority:0|startupRole:FOLLOWER, s0|rpc:localhost:42481|admin:localhost:44771|client:localhost:42743|dataStream:localhost:43981|priority:0|startupRole:FOLLOWER, s1|rpc:localhost:44073|admin:localhost:36871|client:localhost:39477|dataStream:localhost:35501|priority:0|startupRole:FOLLOWER, s2|rpc:localhost:38365|admin:localhost:35135|client:localhost:40537|dataStream:localhost:38285|priority:0|startupRole:FOLLOWER]|listeners:[], old=null
2022-09-14 11:47:25,799 [s4@group-12AB68C5691F-LeaderElection41] INFO  impl.LeaderElection (LeaderElection.java:logAndReturn(89)) - s4@group-12AB68C5691F-LeaderElection41: PRE_VOTE REJECTED received 3 response(s) and 0 exception(s):
2022-09-14 11:47:25,799 [s4@group-12AB68C5691F-LeaderElection41] INFO  impl.LeaderElection (LeaderElection.java:logAndReturn(93)) -   Response 0: s4<-s0#0:FAIL-t2
2022-09-14 11:47:25,799 [s4@group-12AB68C5691F-LeaderElection41] INFO  impl.LeaderElection (LeaderElection.java:logAndReturn(93)) -   Response 1: s4<-s1#0:FAIL-t2
2022-09-14 11:47:25,799 [s4@group-12AB68C5691F-LeaderElection41] INFO  impl.LeaderElection (LeaderElection.java:logAndReturn(93)) -   Response 2: s4<-s2#0:FAIL-t2
2022-09-14 11:47:25,799 [s4@group-12AB68C5691F-LeaderElection41] INFO  impl.LeaderElection (LeaderElection.java:askForVotes(310)) - s4@group-12AB68C5691F-LeaderElection41 PRE_VOTE round 0: result REJECTED
2022-09-14 11:47:25,799 [s4@group-12AB68C5691F-LeaderElection41] INFO  server.RaftServer$Division (RaftServerImpl.java:setRole(317)) - s4@group-12AB68C5691F: changes role from CANDIDATE to FOLLOWER at term 2 for REJECTED
2022-09-14 11:47:25,799 [s4@group-12AB68C5691F-LeaderElection41] INFO  impl.RoleInfo (RoleInfo.java:shutdownLeaderElection(130)) - s4: shutdown s4@group-12AB68C5691F-LeaderElection41
2022-09-14 11:47:25,800 [s4@group-12AB68C5691F-LeaderElection41] INFO  impl.RoleInfo (RoleInfo.java:updateAndGet(139)) - s4: start s4@group-12AB68C5691F-FollowerState
2022-09-14 11:47:25,800 [grpc-default-executor-37] INFO  server.RaftServer$Division (RaftServerImpl.java:requestVote(1281)) - s3@group-12AB68C5691F: receive requestVote(PRE_VOTE, s4, group-12AB68C5691F, 2, (t:1, i:0))
2022-09-14 11:47:25,800 [grpc-default-executor-37] INFO  impl.VoteContext (VoteContext.java:log(49)) - s3@group-12AB68C5691F-FOLLOWER: reject PRE_VOTE from s4: our last entry (t:2, i:0) > candidate's last entry (t:1, i:0)
2022-09-14 11:47:25,800 [grpc-default-executor-37] INFO  server.RaftServer$Division (RaftServerImpl.java:requestVote(1314)) - s3@group-12AB68C5691F replies to PRE_VOTE vote request: s4<-s3#0:FAIL-t2. Peer's state: s3@group-12AB68C5691F:t2, leader=s2, voted=s2, raftlog=Memoized:s3@group-12AB68C5691F-SegmentedRaftLog:OPENED:c0, conf=0: peers:[s3|rpc:localhost:46799|admin:localhost:45171|client:localhost:46547|dataStream:localhost:40281|priority:0|startupRole:FOLLOWER, s4|rpc:localhost:39419|admin:localhost:43995|client:localhost:41785|dataStream:localhost:46687|priority:0|startupRole:FOLLOWER, s0|rpc:localhost:42481|admin:localhost:44771|client:localhost:42743|dataStream:localhost:43981|priority:0|startupRole:FOLLOWER, s1|rpc:localhost:44073|admin:localhost:36871|client:localhost:39477|dataStream:localhost:35501|priority:0|startupRole:FOLLOWER, s2|rpc:localhost:38365|admin:localhost:35135|client:localhost:40537|dataStream:localhost:38285|priority:0|startupRole:FOLLOWER]|listeners:[], old=null
2022-09-14 11:47:25,865 [s2@group-12AB68C5691F->s4-GrpcLogAppender-LogAppenderDaemon] INFO  util.CodeInjectionForTesting (DelayLocalExecutionInjection.java:execute(65)) - s2 delay 150 ms, args=[serverRequest {
  requestorId: "s2"
  replyId: "s4"
  raftGroupId {
    id: "\326\216l\301\220x@5\222b\022\253h\305i\037"
  }
  callId: 262
  slidingWindowEntry {
  }
}
leaderTerm: 2
previousLog {
  term: 2
}
initializing: true
commitInfos {
  server {
    id: "s2"
    address: "localhost:38365"
    dataStreamAddress: "localhost:38285"
    clientAddress: "localhost:40537"
    adminAddress: "localhost:35135"
    startupRole: FOLLOWER
  }
}
commitInfos {
  server {
    id: "s3"
    address: "localhost:46799"
    dataStreamAddress: "localhost:40281"
    clientAddress: "localhost:46547"
    adminAddress: "localhost:45171"
    startupRole: FOLLOWER
  }
}
commitInfos {
  server {
    id: "s4"
    address: "localhost:39419"
    dataStreamAddress: "localhost:46687"
    clientAddress: "localhost:41785"
    adminAddress: "localhost:43995"
    startupRole: FOLLOWER
  }
}
commitInfos {
  server {
    id: "s0"
    address: "localhost:42481"
    dataStreamAddress: "localhost:43981"
    clientAddress: "localhost:42743"
    adminAddress: "localhost:44771"
    startupRole: FOLLOWER
  }
}
commitInfos {
  server {
    id: "s1"
    address: "localhost:44073"
    dataStreamAddress: "localhost:35501"
    clientAddress: "localhost:39477"
    adminAddress: "localhost:36871"
    startupRole: FOLLOWER
  }
}
]
2022-09-14 11:47:25,907 [s2@group-12AB68C5691F->s0-GrpcLogAppender-LogAppenderDaemon] INFO  util.CodeInjectionForTesting (DelayLocalExecutionInjection.java:execute(65)) - s2 delay 150 ms, args=[serverRequest {
  requestorId: "s2"
  replyId: "s0"
  raftGroupId {
    id: "\326\216l\301\220x@5\222b\022\253h\305i\037"
  }
  callId: 137
  slidingWindowEntry {
  }
}
leaderTerm: 2
previousLog {
  term: 2
}
initializing: true
commitInfos {
  server {
    id: "s2"
    address: "localhost:38365"
    dataStreamAddress: "localhost:38285"
    clientAddress: "localhost:40537"
    adminAddress: "localhost:35135"
    startupRole: FOLLOWER
  }
}
commitInfos {
  server {
    id: "s3"
    address: "localhost:46799"
    dataStreamAddress: "localhost:40281"
    clientAddress: "localhost:46547"
    adminAddress: "localhost:45171"
    startupRole: FOLLOWER
  }
}
commitInfos {
  server {
    id: "s4"
    address: "localhost:39419"
    dataStreamAddress: "localhost:46687"
    clientAddress: "localhost:41785"
    adminAddress: "localhost:43995"
    startupRole: FOLLOWER
  }
}
commitInfos {
  server {
    id: "s0"
    address: "localhost:42481"
    dataStreamAddress: "localhost:43981"
    clientAddress: "localhost:42743"
    adminAddress: "localhost:44771"
    startupRole: FOLLOWER
  }
}
commitInfos {
  server {
    id: "s1"
    address: "localhost:44073"
    dataStreamAddress: "localhost:35501"
    clientAddress: "localhost:39477"
    adminAddress: "localhost:36871"
    startupRole: FOLLOWER
  }
}
]
2022-09-14 11:47:25,908 [s2@group-12AB68C5691F->s1-GrpcLogAppender-LogAppenderDaemon] INFO  util.CodeInjectionForTesting (DelayLocalExecutionInjection.java:execute(65)) - s2 delay 150 ms, args=[serverRequest {
  requestorId: "s2"
  replyId: "s1"
  raftGroupId {
    id: "\326\216l\301\220x@5\222b\022\253h\305i\037"
  }
  callId: 137
  slidingWindowEntry {
  }
}
leaderTerm: 2
previousLog {
  term: 2
}
initializing: true
commitInfos {
  server {
    id: "s2"
    address: "localhost:38365"
    dataStreamAddress: "localhost:38285"
    clientAddress: "localhost:40537"
    adminAddress: "localhost:35135"
    startupRole: FOLLOWER
  }
}
commitInfos {
  server {
    id: "s3"
    address: "localhost:46799"
    dataStreamAddress: "localhost:40281"
    clientAddress: "localhost:46547"
    adminAddress: "localhost:45171"
    startupRole: FOLLOWER
  }
}
commitInfos {
  server {
    id: "s4"
    address: "localhost:39419"
    dataStreamAddress: "localhost:46687"
    clientAddress: "localhost:41785"
    adminAddress: "localhost:43995"
    startupRole: FOLLOWER
  }
}
commitInfos {
  server {
    id: "s0"
    address: "localhost:42481"
    dataStreamAddress: "localhost:43981"
    clientAddress: "localhost:42743"
    adminAddress: "localhost:44771"
    startupRole: FOLLOWER
  }
}
commitInfos {
  server {
    id: "s1"
    address: "localhost:44073"
    dataStreamAddress: "localhost:35501"
    clientAddress: "localhost:39477"
    adminAddress: "localhost:36871"
    startupRole: FOLLOWER
  }
}
]
2022-09-14 11:47:25,912 [s2@group-12AB68C5691F->s3-GrpcLogAppender-LogAppenderDaemon] INFO  util.CodeInjectionForTesting (DelayLocalExecutionInjection.java:execute(65)) - s2 delay 150 ms, args=[serverRequest {
  requestorId: "s2"
  replyId: "s3"
  raftGroupId {
    id: "\326\216l\301\220x@5\222b\022\253h\305i\037"
  }
  callId: 146
  slidingWindowEntry {
  }
}
leaderTerm: 2
previousLog {
  term: 2
}
initializing: true
commitInfos {
  server {
    id: "s2"
    address: "localhost:38365"
    dataStreamAddress: "localhost:38285"
    clientAddress: "localhost:40537"
    adminAddress: "localhost:35135"
    startupRole: FOLLOWER
  }
}
commitInfos {
  server {
    id: "s3"
    address: "localhost:46799"
    dataStreamAddress: "localhost:40281"
    clientAddress: "localhost:46547"
    adminAddress: "localhost:45171"
    startupRole: FOLLOWER
  }
}
commitInfos {
  server {
    id: "s4"
    address: "localhost:39419"
    dataStreamAddress: "localhost:46687"
    clientAddress: "localhost:41785"
    adminAddress: "localhost:43995"
    startupRole: FOLLOWER
  }
}
commitInfos {
  server {
    id: "s0"
    address: "localhost:42481"
    dataStreamAddress: "localhost:43981"
    clientAddress: "localhost:42743"
    adminAddress: "localhost:44771"
    startupRole: FOLLOWER
  }
}
commitInfos {
  server {
    id: "s1"
    address: "localhost:44073"
    dataStreamAddress: "localhost:35501"
    clientAddress: "localhost:39477"
    adminAddress: "localhost:36871"
    startupRole: FOLLOWER
  }
}
]
2022-09-14 11:47:26,038 [s1@group-12AB68C5691F-FollowerState] INFO  impl.FollowerState (FollowerState.java:run(141)) - s1@group-12AB68C5691F-FollowerState: change to CANDIDATE, lastRpcElapsedTime:206303675ns, electionTimeout:174ms
2022-09-14 11:47:26,038 [s1@group-12AB68C5691F-FollowerState] INFO  impl.RoleInfo (RoleInfo.java:shutdownFollowerState(110)) - s1: shutdown s1@group-12AB68C5691F-FollowerState
2022-09-14 11:47:26,038 [s1@group-12AB68C5691F-FollowerState] INFO  server.RaftServer$Division (RaftServerImpl.java:setRole(317)) - s1@group-12AB68C5691F: changes role from  FOLLOWER to CANDIDATE at term 2 for changeToCandidate
2022-09-14 11:47:26,038 [s1@group-12AB68C5691F-FollowerState] INFO  server.RaftServerConfigKeys (ConfUtils.java:logGet(46)) - raft.server.leaderelection.pre-vote = true (default)
2022-09-14 11:47:26,038 [s1@group-12AB68C5691F-FollowerState] INFO  impl.RoleInfo (RoleInfo.java:updateAndGet(139)) - s1: start s1@group-12AB68C5691F-LeaderElection42
2022-09-14 11:47:26,039 [s1@group-12AB68C5691F-LeaderElection42] INFO  server.RaftServer$Division (ServerState.java:setLeader(259)) - s1@group-12AB68C5691F: change Leader from s2 to null at term 2 for PRE_VOTE
2022-09-14 11:47:26,039 [s1@group-12AB68C5691F-LeaderElection42] INFO  impl.LeaderElection (LeaderElection.java:askForVotes(308)) - s1@group-12AB68C5691F-LeaderElection42 PRE_VOTE round 0: submit vote requests at term 2 for 0: peers:[s3|rpc:localhost:46799|admin:localhost:45171|client:localhost:46547|dataStream:localhost:40281|priority:0|startupRole:FOLLOWER, s4|rpc:localhost:39419|admin:localhost:43995|client:localhost:41785|dataStream:localhost:46687|priority:0|startupRole:FOLLOWER, s0|rpc:localhost:42481|admin:localhost:44771|client:localhost:42743|dataStream:localhost:43981|priority:0|startupRole:FOLLOWER, s1|rpc:localhost:44073|admin:localhost:36871|client:localhost:39477|dataStream:localhost:35501|priority:0|startupRole:FOLLOWER, s2|rpc:localhost:38365|admin:localhost:35135|client:localhost:40537|dataStream:localhost:38285|priority:0|startupRole:FOLLOWER]|listeners:[], old=null
2022-09-14 11:47:26,039 [s1@group-12AB68C5691F-LeaderElection42-1] INFO  util.CodeInjectionForTesting (DelayLocalExecutionInjection.java:execute(65)) - s1 delay 150 ms, args=[serverRequest {
  requestorId: "s1"
  replyId: "s3"
  raftGroupId {
    id: "\326\216l\301\220x@5\222b\022\253h\305i\037"
  }
  slidingWindowEntry {
  }
}
candidateTerm: 2
candidateLastEntry {
  term: 2
}
preVote: true
]
2022-09-14 11:47:26,039 [s1@group-12AB68C5691F-LeaderElection42-2] INFO  util.CodeInjectionForTesting (DelayLocalExecutionInjection.java:execute(65)) - s1 delay 150 ms, args=[serverRequest {
  requestorId: "s1"
  replyId: "s4"
  raftGroupId {
    id: "\326\216l\301\220x@5\222b\022\253h\305i\037"
  }
  slidingWindowEntry {
  }
}
candidateTerm: 2
candidateLastEntry {
  term: 2
}
preVote: true
]
2022-09-14 11:47:26,040 [s1@group-12AB68C5691F-LeaderElection42-4] INFO  util.CodeInjectionForTesting (DelayLocalExecutionInjection.java:execute(65)) - s1 delay 150 ms, args=[serverRequest {
  requestorId: "s1"
  replyId: "s2"
  raftGroupId {
    id: "\326\216l\301\220x@5\222b\022\253h\305i\037"
  }
  slidingWindowEntry {
  }
}
candidateTerm: 2
candidateLastEntry {
  term: 2
}
preVote: true
]
2022-09-14 11:47:26,040 [s1@group-12AB68C5691F-LeaderElection42-3] INFO  util.CodeInjectionForTesting (DelayLocalExecutionInjection.java:execute(65)) - s1 delay 150 ms, args=[serverRequest {
  requestorId: "s1"
  replyId: "s0"
  raftGroupId {
    id: "\326\216l\301\220x@5\222b\022\253h\305i\037"
  }
  slidingWindowEntry {
  }
}
candidateTerm: 2
candidateLastEntry {
  term: 2
}
preVote: true
]
2022-09-14 11:47:26,047 [s4@group-12AB68C5691F-FollowerState] INFO  impl.FollowerState (FollowerState.java:run(141)) - s4@group-12AB68C5691F-FollowerState: change to CANDIDATE, lastRpcElapsedTime:247007926ns, electionTimeout:245ms
2022-09-14 11:47:26,047 [s4@group-12AB68C5691F-FollowerState] INFO  impl.RoleInfo (RoleInfo.java:shutdownFollowerState(110)) - s4: shutdown s4@group-12AB68C5691F-FollowerState
2022-09-14 11:47:26,047 [s4@group-12AB68C5691F-FollowerState] INFO  server.RaftServer$Division (RaftServerImpl.java:setRole(317)) - s4@group-12AB68C5691F: changes role from  FOLLOWER to CANDIDATE at term 2 for changeToCandidate
2022-09-14 11:47:26,047 [s4@group-12AB68C5691F-FollowerState] INFO  server.RaftServerConfigKeys (ConfUtils.java:logGet(46)) - raft.server.leaderelection.pre-vote = true (default)
2022-09-14 11:47:26,047 [s4@group-12AB68C5691F-FollowerState] INFO  impl.RoleInfo (RoleInfo.java:updateAndGet(139)) - s4: start s4@group-12AB68C5691F-LeaderElection43
2022-09-14 11:47:26,047 [s4@group-12AB68C5691F-LeaderElection43] INFO  impl.LeaderElection (LeaderElection.java:askForVotes(308)) - s4@group-12AB68C5691F-LeaderElection43 PRE_VOTE round 0: submit vote requests at term 2 for 0: peers:[s3|rpc:localhost:46799|admin:localhost:45171|client:localhost:46547|dataStream:localhost:40281|priority:0|startupRole:FOLLOWER, s4|rpc:localhost:39419|admin:localhost:43995|client:localhost:41785|dataStream:localhost:46687|priority:0|startupRole:FOLLOWER, s0|rpc:localhost:42481|admin:localhost:44771|client:localhost:42743|dataStream:localhost:43981|priority:0|startupRole:FOLLOWER, s1|rpc:localhost:44073|admin:localhost:36871|client:localhost:39477|dataStream:localhost:35501|priority:0|startupRole:FOLLOWER, s2|rpc:localhost:38365|admin:localhost:35135|client:localhost:40537|dataStream:localhost:38285|priority:0|startupRole:FOLLOWER]|listeners:[], old=null
2022-09-14 11:47:26,051 [grpc-default-executor-37] INFO  server.RaftServer$Division (RaftServerImpl.java:requestVote(1281)) - s3@group-12AB68C5691F: receive requestVote(PRE_VOTE, s4, group-12AB68C5691F, 2, (t:1, i:0))
2022-09-14 11:47:26,051 [grpc-default-executor-37] INFO  impl.VoteContext (VoteContext.java:log(49)) - s3@group-12AB68C5691F-FOLLOWER: reject PRE_VOTE from s4: our last entry (t:2, i:0) > candidate's last entry (t:1, i:0)
2022-09-14 11:47:26,051 [grpc-default-executor-37] INFO  server.RaftServer$Division (RaftServerImpl.java:requestVote(1314)) - s3@group-12AB68C5691F replies to PRE_VOTE vote request: s4<-s3#0:FAIL-t2. Peer's state: s3@group-12AB68C5691F:t2, leader=s2, voted=s2, raftlog=Memoized:s3@group-12AB68C5691F-SegmentedRaftLog:OPENED:c0, conf=0: peers:[s3|rpc:localhost:46799|admin:localhost:45171|client:localhost:46547|dataStream:localhost:40281|priority:0|startupRole:FOLLOWER, s4|rpc:localhost:39419|admin:localhost:43995|client:localhost:41785|dataStream:localhost:46687|priority:0|startupRole:FOLLOWER, s0|rpc:localhost:42481|admin:localhost:44771|client:localhost:42743|dataStream:localhost:43981|priority:0|startupRole:FOLLOWER, s1|rpc:localhost:44073|admin:localhost:36871|client:localhost:39477|dataStream:localhost:35501|priority:0|startupRole:FOLLOWER, s2|rpc:localhost:38365|admin:localhost:35135|client:localhost:40537|dataStream:localhost:38285|priority:0|startupRole:FOLLOWER]|listeners:[], old=null
2022-09-14 11:47:26,052 [grpc-default-executor-37] INFO  server.RaftServer$Division (RaftServerImpl.java:requestVote(1281)) - s1@group-12AB68C5691F: receive requestVote(PRE_VOTE, s4, group-12AB68C5691F, 2, (t:1, i:0))
2022-09-14 11:47:26,052 [grpc-default-executor-37] INFO  impl.VoteContext (VoteContext.java:log(49)) - s1@group-12AB68C5691F-CANDIDATE: reject PRE_VOTE from s4: our last entry (t:2, i:0) > candidate's last entry (t:1, i:0)
2022-09-14 11:47:26,052 [grpc-default-executor-37] INFO  server.RaftServer$Division (RaftServerImpl.java:requestVote(1314)) - s1@group-12AB68C5691F replies to PRE_VOTE vote request: s4<-s1#0:FAIL-t2. Peer's state: s1@group-12AB68C5691F:t2, leader=null, voted=s2, raftlog=Memoized:s1@group-12AB68C5691F-SegmentedRaftLog:OPENED:c0, conf=0: peers:[s3|rpc:localhost:46799|admin:localhost:45171|client:localhost:46547|dataStream:localhost:40281|priority:0|startupRole:FOLLOWER, s4|rpc:localhost:39419|admin:localhost:43995|client:localhost:41785|dataStream:localhost:46687|priority:0|startupRole:FOLLOWER, s0|rpc:localhost:42481|admin:localhost:44771|client:localhost:42743|dataStream:localhost:43981|priority:0|startupRole:FOLLOWER, s1|rpc:localhost:44073|admin:localhost:36871|client:localhost:39477|dataStream:localhost:35501|priority:0|startupRole:FOLLOWER, s2|rpc:localhost:38365|admin:localhost:35135|client:localhost:40537|dataStream:localhost:38285|priority:0|startupRole:FOLLOWER]|listeners:[], old=null
2022-09-14 11:47:26,051 [grpc-default-executor-46] INFO  server.RaftServer$Division (RaftServerImpl.java:requestVote(1281)) - s0@group-12AB68C5691F: receive requestVote(PRE_VOTE, s4, group-12AB68C5691F, 2, (t:1, i:0))
2022-09-14 11:47:26,053 [grpc-default-executor-46] INFO  impl.VoteContext (VoteContext.java:log(49)) - s0@group-12AB68C5691F-FOLLOWER: reject PRE_VOTE from s4: our last entry (t:2, i:0) > candidate's last entry (t:1, i:0)
2022-09-14 11:47:26,053 [grpc-default-executor-46] INFO  server.RaftServer$Division (RaftServerImpl.java:requestVote(1314)) - s0@group-12AB68C5691F replies to PRE_VOTE vote request: s4<-s0#0:FAIL-t2. Peer's state: s0@group-12AB68C5691F:t2, leader=s2, voted=s2, raftlog=Memoized:s0@group-12AB68C5691F-SegmentedRaftLog:OPENED:c0, conf=0: peers:[s3|rpc:localhost:46799|admin:localhost:45171|client:localhost:46547|dataStream:localhost:40281|priority:0|startupRole:FOLLOWER, s4|rpc:localhost:39419|admin:localhost:43995|client:localhost:41785|dataStream:localhost:46687|priority:0|startupRole:FOLLOWER, s0|rpc:localhost:42481|admin:localhost:44771|client:localhost:42743|dataStream:localhost:43981|priority:0|startupRole:FOLLOWER, s1|rpc:localhost:44073|admin:localhost:36871|client:localhost:39477|dataStream:localhost:35501|priority:0|startupRole:FOLLOWER, s2|rpc:localhost:38365|admin:localhost:35135|client:localhost:40537|dataStream:localhost:38285|priority:0|startupRole:FOLLOWER]|listeners:[], old=null
2022-09-14 11:47:26,053 [s2@group-12AB68C5691F->s4-GrpcLogAppender-LogAppenderDaemon] INFO  util.CodeInjectionForTesting (DelayLocalExecutionInjection.java:execute(65)) - s2 delay 150 ms, args=[serverRequest {
  requestorId: "s2"
  replyId: "s4"
  raftGroupId {
    id: "\326\216l\301\220x@5\222b\022\253h\305i\037"
  }
  callId: 263
  slidingWindowEntry {
  }
}
leaderTerm: 2
previousLog {
  term: 2
}
initializing: true
commitInfos {
  server {
    id: "s2"
    address: "localhost:38365"
    dataStreamAddress: "localhost:38285"
    clientAddress: "localhost:40537"
    adminAddress: "localhost:35135"
    startupRole: FOLLOWER
  }
}
commitInfos {
  server {
    id: "s3"
    address: "localhost:46799"
    dataStreamAddress: "localhost:40281"
    clientAddress: "localhost:46547"
    adminAddress: "localhost:45171"
    startupRole: FOLLOWER
  }
}
commitInfos {
  server {
    id: "s4"
    address: "localhost:39419"
    dataStreamAddress: "localhost:46687"
    clientAddress: "localhost:41785"
    adminAddress: "localhost:43995"
    startupRole: FOLLOWER
  }
}
commitInfos {
  server {
    id: "s0"
    address: "localhost:42481"
    dataStreamAddress: "localhost:43981"
    clientAddress: "localhost:42743"
    adminAddress: "localhost:44771"
    startupRole: FOLLOWER
  }
}
commitInfos {
  server {
    id: "s1"
    address: "localhost:44073"
    dataStreamAddress: "localhost:35501"
    clientAddress: "localhost:39477"
    adminAddress: "localhost:36871"
    startupRole: FOLLOWER
  }
}
]
2022-09-14 11:47:26,054 [s4@group-12AB68C5691F-LeaderElection43] INFO  impl.LeaderElection (LeaderElection.java:logAndReturn(89)) - s4@group-12AB68C5691F-LeaderElection43: PRE_VOTE REJECTED received 3 response(s) and 0 exception(s):
2022-09-14 11:47:26,054 [s4@group-12AB68C5691F-LeaderElection43] INFO  impl.LeaderElection (LeaderElection.java:logAndReturn(93)) -   Response 0: s4<-s3#0:FAIL-t2
2022-09-14 11:47:26,055 [s4@group-12AB68C5691F-LeaderElection43] INFO  impl.LeaderElection (LeaderElection.java:logAndReturn(93)) -   Response 1: s4<-s0#0:FAIL-t2
2022-09-14 11:47:26,055 [s4@group-12AB68C5691F-LeaderElection43] INFO  impl.LeaderElection (LeaderElection.java:logAndReturn(93)) -   Response 2: s4<-s1#0:FAIL-t2
2022-09-14 11:47:26,055 [s4@group-12AB68C5691F-LeaderElection43] INFO  impl.LeaderElection (LeaderElection.java:askForVotes(310)) - s4@group-12AB68C5691F-LeaderElection43 PRE_VOTE round 0: result REJECTED
2022-09-14 11:47:26,055 [s4@group-12AB68C5691F-LeaderElection43] INFO  server.RaftServer$Division (RaftServerImpl.java:setRole(317)) - s4@group-12AB68C5691F: changes role from CANDIDATE to FOLLOWER at term 2 for REJECTED
2022-09-14 11:47:26,055 [s4@group-12AB68C5691F-LeaderElection43] INFO  impl.RoleInfo (RoleInfo.java:shutdownLeaderElection(130)) - s4: shutdown s4@group-12AB68C5691F-LeaderElection43
2022-09-14 11:47:26,055 [s4@group-12AB68C5691F-LeaderElection43] INFO  impl.RoleInfo (RoleInfo.java:updateAndGet(139)) - s4: start s4@group-12AB68C5691F-FollowerState
2022-09-14 11:47:26,056 [grpc-default-executor-46] INFO  server.RaftServer$Division (RaftServerImpl.java:requestVote(1281)) - s2@group-12AB68C5691F: receive requestVote(PRE_VOTE, s4, group-12AB68C5691F, 2, (t:1, i:0))
2022-09-14 11:47:26,056 [grpc-default-executor-46] INFO  impl.VoteContext (VoteContext.java:log(49)) - s2@group-12AB68C5691F-LEADER: reject PRE_VOTE from s4: this server is the leader and still has leadership
2022-09-14 11:47:26,056 [grpc-default-executor-46] INFO  server.RaftServer$Division (RaftServerImpl.java:requestVote(1314)) - s2@group-12AB68C5691F replies to PRE_VOTE vote request: s4<-s2#0:FAIL-t2. Peer's state: s2@group-12AB68C5691F:t2, leader=s2, voted=s2, raftlog=Memoized:s2@group-12AB68C5691F-SegmentedRaftLog:OPENED:c0, conf=0: peers:[s3|rpc:localhost:46799|admin:localhost:45171|client:localhost:46547|dataStream:localhost:40281|priority:0|startupRole:FOLLOWER, s4|rpc:localhost:39419|admin:localhost:43995|client:localhost:41785|dataStream:localhost:46687|priority:0|startupRole:FOLLOWER, s0|rpc:localhost:42481|admin:localhost:44771|client:localhost:42743|dataStream:localhost:43981|priority:0|startupRole:FOLLOWER, s1|rpc:localhost:44073|admin:localhost:36871|client:localhost:39477|dataStream:localhost:35501|priority:0|startupRole:FOLLOWER, s2|rpc:localhost:38365|admin:localhost:35135|client:localhost:40537|dataStream:localhost:38285|priority:0|startupRole:FOLLOWER]|listeners:[], old=null
2022-09-14 11:47:26,058 [s1-server-thread1] INFO  server.RaftServer$Division (RaftServerImpl.java:setRole(317)) - s1@group-12AB68C5691F: changes role from CANDIDATE to FOLLOWER at term 2 for appendEntries
2022-09-14 11:47:26,059 [s1-server-thread1] INFO  impl.RoleInfo (RoleInfo.java:shutdownLeaderElection(130)) - s1: shutdown s1@group-12AB68C5691F-LeaderElection42
2022-09-14 11:47:26,059 [s1-server-thread1] INFO  impl.RoleInfo (RoleInfo.java:updateAndGet(139)) - s1: start s1@group-12AB68C5691F-FollowerState
2022-09-14 11:47:26,059 [s1-server-thread1] INFO  server.RaftServer$Division (ServerState.java:setLeader(259)) - s1@group-12AB68C5691F: change Leader from null to s2 at term 2 for appendEntries, leader elected after 20ms
2022-09-14 11:47:26,134 [s2@group-12AB68C5691F->s0-GrpcLogAppender-LogAppenderDaemon] INFO  util.CodeInjectionForTesting (DelayLocalExecutionInjection.java:execute(65)) - s2 delay 150 ms, args=[serverRequest {
  requestorId: "s2"
  replyId: "s0"
  raftGroupId {
    id: "\326\216l\301\220x@5\222b\022\253h\305i\037"
  }
  callId: 138
  slidingWindowEntry {
  }
}
leaderTerm: 2
previousLog {
  term: 2
}
initializing: true
commitInfos {
  server {
    id: "s2"
    address: "localhost:38365"
    dataStreamAddress: "localhost:38285"
    clientAddress: "localhost:40537"
    adminAddress: "localhost:35135"
    startupRole: FOLLOWER
  }
}
commitInfos {
  server {
    id: "s3"
    address: "localhost:46799"
    dataStreamAddress: "localhost:40281"
    clientAddress: "localhost:46547"
    adminAddress: "localhost:45171"
    startupRole: FOLLOWER
  }
}
commitInfos {
  server {
    id: "s4"
    address: "localhost:39419"
    dataStreamAddress: "localhost:46687"
    clientAddress: "localhost:41785"
    adminAddress: "localhost:43995"
    startupRole: FOLLOWER
  }
}
commitInfos {
  server {
    id: "s0"
    address: "localhost:42481"
    dataStreamAddress: "localhost:43981"
    clientAddress: "localhost:42743"
    adminAddress: "localhost:44771"
    startupRole: FOLLOWER
  }
}
commitInfos {
  server {
    id: "s1"
    address: "localhost:44073"
    dataStreamAddress: "localhost:35501"
    clientAddress: "localhost:39477"
    adminAddress: "localhost:36871"
    startupRole: FOLLOWER
  }
}
]
2022-09-14 11:47:26,135 [s2@group-12AB68C5691F->s1-GrpcLogAppender-LogAppenderDaemon] INFO  util.CodeInjectionForTesting (DelayLocalExecutionInjection.java:execute(65)) - s2 delay 150 ms, args=[serverRequest {
  requestorId: "s2"
  replyId: "s1"
  raftGroupId {
    id: "\326\216l\301\220x@5\222b\022\253h\305i\037"
  }
  callId: 138
  slidingWindowEntry {
  }
}
leaderTerm: 2
previousLog {
  term: 2
}
initializing: true
commitInfos {
  server {
    id: "s2"
    address: "localhost:38365"
    dataStreamAddress: "localhost:38285"
    clientAddress: "localhost:40537"
    adminAddress: "localhost:35135"
    startupRole: FOLLOWER
  }
}
commitInfos {
  server {
    id: "s3"
    address: "localhost:46799"
    dataStreamAddress: "localhost:40281"
    clientAddress: "localhost:46547"
    adminAddress: "localhost:45171"
    startupRole: FOLLOWER
  }
}
commitInfos {
  server {
    id: "s4"
    address: "localhost:39419"
    dataStreamAddress: "localhost:46687"
    clientAddress: "localhost:41785"
    adminAddress: "localhost:43995"
    startupRole: FOLLOWER
  }
}
commitInfos {
  server {
    id: "s0"
    address: "localhost:42481"
    dataStreamAddress: "localhost:43981"
    clientAddress: "localhost:42743"
    adminAddress: "localhost:44771"
    startupRole: FOLLOWER
  }
}
commitInfos {
  server {
    id: "s1"
    address: "localhost:44073"
    dataStreamAddress: "localhost:35501"
    clientAddress: "localhost:39477"
    adminAddress: "localhost:36871"
    startupRole: FOLLOWER
  }
}
]
2022-09-14 11:47:26,139 [s2@group-12AB68C5691F->s3-GrpcLogAppender-LogAppenderDaemon] INFO  util.CodeInjectionForTesting (DelayLocalExecutionInjection.java:execute(65)) - s2 delay 150 ms, args=[serverRequest {
  requestorId: "s2"
  replyId: "s3"
  raftGroupId {
    id: "\326\216l\301\220x@5\222b\022\253h\305i\037"
  }
  callId: 147
  slidingWindowEntry {
  }
}
leaderTerm: 2
previousLog {
  term: 2
}
initializing: true
commitInfos {
  server {
    id: "s2"
    address: "localhost:38365"
    dataStreamAddress: "localhost:38285"
    clientAddress: "localhost:40537"
    adminAddress: "localhost:35135"
    startupRole: FOLLOWER
  }
}
commitInfos {
  server {
    id: "s3"
    address: "localhost:46799"
    dataStreamAddress: "localhost:40281"
    clientAddress: "localhost:46547"
    adminAddress: "localhost:45171"
    startupRole: FOLLOWER
  }
}
commitInfos {
  server {
    id: "s4"
    address: "localhost:39419"
    dataStreamAddress: "localhost:46687"
    clientAddress: "localhost:41785"
    adminAddress: "localhost:43995"
    startupRole: FOLLOWER
  }
}
commitInfos {
  server {
    id: "s0"
    address: "localhost:42481"
    dataStreamAddress: "localhost:43981"
    clientAddress: "localhost:42743"
    adminAddress: "localhost:44771"
    startupRole: FOLLOWER
  }
}
commitInfos {
  server {
    id: "s1"
    address: "localhost:44073"
    dataStreamAddress: "localhost:35501"
    clientAddress: "localhost:39477"
    adminAddress: "localhost:36871"
    startupRole: FOLLOWER
  }
}
]
2022-09-14 11:47:26,191 [grpc-default-executor-19] INFO  server.RaftServer$Division (RaftServerImpl.java:requestVote(1281)) - s0@group-12AB68C5691F: receive requestVote(PRE_VOTE, s1, group-12AB68C5691F, 2, (t:2, i:0))
2022-09-14 11:47:26,192 [grpc-default-executor-19] INFO  impl.VoteContext (VoteContext.java:log(49)) - s0@group-12AB68C5691F-FOLLOWER: reject PRE_VOTE from s1: this server is a follower and still has a valid leader s2
2022-09-14 11:47:26,192 [grpc-default-executor-19] INFO  server.RaftServer$Division (RaftServerImpl.java:requestVote(1314)) - s0@group-12AB68C5691F replies to PRE_VOTE vote request: s1<-s0#0:FAIL-t2. Peer's state: s0@group-12AB68C5691F:t2, leader=s2, voted=s2, raftlog=Memoized:s0@group-12AB68C5691F-SegmentedRaftLog:OPENED:c0, conf=0: peers:[s3|rpc:localhost:46799|admin:localhost:45171|client:localhost:46547|dataStream:localhost:40281|priority:0|startupRole:FOLLOWER, s4|rpc:localhost:39419|admin:localhost:43995|client:localhost:41785|dataStream:localhost:46687|priority:0|startupRole:FOLLOWER, s0|rpc:localhost:42481|admin:localhost:44771|client:localhost:42743|dataStream:localhost:43981|priority:0|startupRole:FOLLOWER, s1|rpc:localhost:44073|admin:localhost:36871|client:localhost:39477|dataStream:localhost:35501|priority:0|startupRole:FOLLOWER, s2|rpc:localhost:38365|admin:localhost:35135|client:localhost:40537|dataStream:localhost:38285|priority:0|startupRole:FOLLOWER]|listeners:[], old=null
2022-09-14 11:47:26,192 [grpc-default-executor-46] INFO  server.RaftServer$Division (RaftServerImpl.java:requestVote(1281)) - s3@group-12AB68C5691F: receive requestVote(PRE_VOTE, s1, group-12AB68C5691F, 2, (t:2, i:0))
2022-09-14 11:47:26,192 [grpc-default-executor-46] INFO  impl.VoteContext (VoteContext.java:log(49)) - s3@group-12AB68C5691F-FOLLOWER: reject PRE_VOTE from s1: this server is a follower and still has a valid leader s2
2022-09-14 11:47:26,191 [grpc-default-executor-37] INFO  server.RaftServer$Division (RaftServerImpl.java:requestVote(1281)) - s2@group-12AB68C5691F: receive requestVote(PRE_VOTE, s1, group-12AB68C5691F, 2, (t:2, i:0))
2022-09-14 11:47:26,192 [grpc-default-executor-46] INFO  server.RaftServer$Division (RaftServerImpl.java:requestVote(1314)) - s3@group-12AB68C5691F replies to PRE_VOTE vote request: s1<-s3#0:FAIL-t2. Peer's state: s3@group-12AB68C5691F:t2, leader=s2, voted=s2, raftlog=Memoized:s3@group-12AB68C5691F-SegmentedRaftLog:OPENED:c0, conf=0: peers:[s3|rpc:localhost:46799|admin:localhost:45171|client:localhost:46547|dataStream:localhost:40281|priority:0|startupRole:FOLLOWER, s4|rpc:localhost:39419|admin:localhost:43995|client:localhost:41785|dataStream:localhost:46687|priority:0|startupRole:FOLLOWER, s0|rpc:localhost:42481|admin:localhost:44771|client:localhost:42743|dataStream:localhost:43981|priority:0|startupRole:FOLLOWER, s1|rpc:localhost:44073|admin:localhost:36871|client:localhost:39477|dataStream:localhost:35501|priority:0|startupRole:FOLLOWER, s2|rpc:localhost:38365|admin:localhost:35135|client:localhost:40537|dataStream:localhost:38285|priority:0|startupRole:FOLLOWER]|listeners:[], old=null
2022-09-14 11:47:26,192 [grpc-default-executor-37] INFO  impl.VoteContext (VoteContext.java:log(49)) - s2@group-12AB68C5691F-LEADER: reject PRE_VOTE from s1: this server is the leader and still has leadership
2022-09-14 11:47:26,192 [grpc-default-executor-37] INFO  server.RaftServer$Division (RaftServerImpl.java:requestVote(1314)) - s2@group-12AB68C5691F replies to PRE_VOTE vote request: s1<-s2#0:FAIL-t2. Peer's state: s2@group-12AB68C5691F:t2, leader=s2, voted=s2, raftlog=Memoized:s2@group-12AB68C5691F-SegmentedRaftLog:OPENED:c0, conf=0: peers:[s3|rpc:localhost:46799|admin:localhost:45171|client:localhost:46547|dataStream:localhost:40281|priority:0|startupRole:FOLLOWER, s4|rpc:localhost:39419|admin:localhost:43995|client:localhost:41785|dataStream:localhost:46687|priority:0|startupRole:FOLLOWER, s0|rpc:localhost:42481|admin:localhost:44771|client:localhost:42743|dataStream:localhost:43981|priority:0|startupRole:FOLLOWER, s1|rpc:localhost:44073|admin:localhost:36871|client:localhost:39477|dataStream:localhost:35501|priority:0|startupRole:FOLLOWER, s2|rpc:localhost:38365|admin:localhost:35135|client:localhost:40537|dataStream:localhost:38285|priority:0|startupRole:FOLLOWER]|listeners:[], old=null
2022-09-14 11:47:26,192 [grpc-default-executor-37] INFO  util.CodeInjectionForTesting (BlockRequestHandlingInjection.java:execute(77)) - s4: Block request from s1
2022-09-14 11:47:26,193 [s1@group-12AB68C5691F-LeaderElection42] INFO  impl.LeaderElection (LeaderElection.java:logAndReturn(89)) - s1@group-12AB68C5691F-LeaderElection42: PRE_VOTE REJECTED received 1 response(s) and 0 exception(s):
2022-09-14 11:47:26,194 [s1@group-12AB68C5691F-LeaderElection42] INFO  impl.LeaderElection (LeaderElection.java:logAndReturn(93)) -   Response 0: s1<-s3#0:FAIL-t2
2022-09-14 11:47:26,194 [s1@group-12AB68C5691F-LeaderElection42] INFO  impl.LeaderElection (LeaderElection.java:askForVotes(310)) - s1@group-12AB68C5691F-LeaderElection42 PRE_VOTE round 0: result REJECTED
2022-09-14 11:47:26,214 [s1@group-12AB68C5691F-FollowerState] INFO  impl.FollowerState (FollowerState.java:run(141)) - s1@group-12AB68C5691F-FollowerState: change to CANDIDATE, lastRpcElapsedTime:155038705ns, electionTimeout:155ms
2022-09-14 11:47:26,214 [s1@group-12AB68C5691F-FollowerState] INFO  impl.RoleInfo (RoleInfo.java:shutdownFollowerState(110)) - s1: shutdown s1@group-12AB68C5691F-FollowerState
2022-09-14 11:47:26,214 [s1@group-12AB68C5691F-FollowerState] INFO  server.RaftServer$Division (RaftServerImpl.java:setRole(317)) - s1@group-12AB68C5691F: changes role from  FOLLOWER to CANDIDATE at term 2 for changeToCandidate
2022-09-14 11:47:26,214 [s1@group-12AB68C5691F-FollowerState] INFO  server.RaftServerConfigKeys (ConfUtils.java:logGet(46)) - raft.server.leaderelection.pre-vote = true (default)
2022-09-14 11:47:26,214 [s1@group-12AB68C5691F-FollowerState] INFO  impl.RoleInfo (RoleInfo.java:updateAndGet(139)) - s1: start s1@group-12AB68C5691F-LeaderElection44
2022-09-14 11:47:26,215 [s1@group-12AB68C5691F-LeaderElection44] INFO  server.RaftServer$Division (ServerState.java:setLeader(259)) - s1@group-12AB68C5691F: change Leader from s2 to null at term 2 for PRE_VOTE
2022-09-14 11:47:26,215 [s1@group-12AB68C5691F-LeaderElection44] INFO  impl.LeaderElection (LeaderElection.java:askForVotes(308)) - s1@group-12AB68C5691F-LeaderElection44 PRE_VOTE round 0: submit vote requests at term 2 for 0: peers:[s3|rpc:localhost:46799|admin:localhost:45171|client:localhost:46547|dataStream:localhost:40281|priority:0|startupRole:FOLLOWER, s4|rpc:localhost:39419|admin:localhost:43995|client:localhost:41785|dataStream:localhost:46687|priority:0|startupRole:FOLLOWER, s0|rpc:localhost:42481|admin:localhost:44771|client:localhost:42743|dataStream:localhost:43981|priority:0|startupRole:FOLLOWER, s1|rpc:localhost:44073|admin:localhost:36871|client:localhost:39477|dataStream:localhost:35501|priority:0|startupRole:FOLLOWER, s2|rpc:localhost:38365|admin:localhost:35135|client:localhost:40537|dataStream:localhost:38285|priority:0|startupRole:FOLLOWER]|listeners:[], old=null
2022-09-14 11:47:26,216 [s1@group-12AB68C5691F-LeaderElection44-1] INFO  util.CodeInjectionForTesting (DelayLocalExecutionInjection.java:execute(65)) - s1 delay 150 ms, args=[serverRequest {
  requestorId: "s1"
  replyId: "s3"
  raftGroupId {
    id: "\326\216l\301\220x@5\222b\022\253h\305i\037"
  }
  slidingWindowEntry {
  }
}
candidateTerm: 2
candidateLastEntry {
  term: 2
}
preVote: true
]
2022-09-14 11:47:26,216 [s1@group-12AB68C5691F-LeaderElection44-2] INFO  util.CodeInjectionForTesting (DelayLocalExecutionInjection.java:execute(65)) - s1 delay 150 ms, args=[serverRequest {
  requestorId: "s1"
  replyId: "s4"
  raftGroupId {
    id: "\326\216l\301\220x@5\222b\022\253h\305i\037"
  }
  slidingWindowEntry {
  }
}
candidateTerm: 2
candidateLastEntry {
  term: 2
}
preVote: true
]
2022-09-14 11:47:26,216 [s1@group-12AB68C5691F-LeaderElection44-3] INFO  util.CodeInjectionForTesting (DelayLocalExecutionInjection.java:execute(65)) - s1 delay 150 ms, args=[serverRequest {
  requestorId: "s1"
  replyId: "s0"
  raftGroupId {
    id: "\326\216l\301\220x@5\222b\022\253h\305i\037"
  }
  slidingWindowEntry {
  }
}
candidateTerm: 2
candidateLastEntry {
  term: 2
}
preVote: true
]
2022-09-14 11:47:26,216 [s1@group-12AB68C5691F-LeaderElection44-4] INFO  util.CodeInjectionForTesting (DelayLocalExecutionInjection.java:execute(65)) - s1 delay 150 ms, args=[serverRequest {
  requestorId: "s1"
  replyId: "s2"
  raftGroupId {
    id: "\326\216l\301\220x@5\222b\022\253h\305i\037"
  }
  slidingWindowEntry {
  }
}
candidateTerm: 2
candidateLastEntry {
  term: 2
}
preVote: true
]
2022-09-14 11:47:26,240 [s0@group-12AB68C5691F-FollowerState] INFO  impl.FollowerState (FollowerState.java:run(141)) - s0@group-12AB68C5691F-FollowerState: change to CANDIDATE, lastRpcElapsedTime:182666744ns, electionTimeout:155ms
2022-09-14 11:47:26,240 [s0@group-12AB68C5691F-FollowerState] INFO  impl.RoleInfo (RoleInfo.java:shutdownFollowerState(110)) - s0: shutdown s0@group-12AB68C5691F-FollowerState
2022-09-14 11:47:26,241 [s2@group-12AB68C5691F->s4-GrpcLogAppender-LogAppenderDaemon] INFO  util.CodeInjectionForTesting (DelayLocalExecutionInjection.java:execute(65)) - s2 delay 150 ms, args=[serverRequest {
  requestorId: "s2"
  replyId: "s4"
  raftGroupId {
    id: "\326\216l\301\220x@5\222b\022\253h\305i\037"
  }
  callId: 264
  slidingWindowEntry {
  }
}
leaderTerm: 2
previousLog {
  term: 2
}
initializing: true
commitInfos {
  server {
    id: "s2"
    address: "localhost:38365"
    dataStreamAddress: "localhost:38285"
    clientAddress: "localhost:40537"
    adminAddress: "localhost:35135"
    startupRole: FOLLOWER
  }
}
commitInfos {
  server {
    id: "s3"
    address: "localhost:46799"
    dataStreamAddress: "localhost:40281"
    clientAddress: "localhost:46547"
    adminAddress: "localhost:45171"
    startupRole: FOLLOWER
  }
}
commitInfos {
  server {
    id: "s4"
    address: "localhost:39419"
    dataStreamAddress: "localhost:46687"
    clientAddress: "localhost:41785"
    adminAddress: "localhost:43995"
    startupRole: FOLLOWER
  }
}
commitInfos {
  server {
    id: "s0"
    address: "localhost:42481"
    dataStreamAddress: "localhost:43981"
    clientAddress: "localhost:42743"
    adminAddress: "localhost:44771"
    startupRole: FOLLOWER
  }
}
commitInfos {
  server {
    id: "s1"
    address: "localhost:44073"
    dataStreamAddress: "localhost:35501"
    clientAddress: "localhost:39477"
    adminAddress: "localhost:36871"
    startupRole: FOLLOWER
  }
}
]
2022-09-14 11:47:26,241 [s0@group-12AB68C5691F-FollowerState] INFO  server.RaftServer$Division (RaftServerImpl.java:setRole(317)) - s0@group-12AB68C5691F: changes role from  FOLLOWER to CANDIDATE at term 2 for changeToCandidate
2022-09-14 11:47:26,241 [s0@group-12AB68C5691F-FollowerState] INFO  server.RaftServerConfigKeys (ConfUtils.java:logGet(46)) - raft.server.leaderelection.pre-vote = true (default)
2022-09-14 11:47:26,241 [s0@group-12AB68C5691F-FollowerState] INFO  impl.RoleInfo (RoleInfo.java:updateAndGet(139)) - s0: start s0@group-12AB68C5691F-LeaderElection45
2022-09-14 11:47:26,242 [s0@group-12AB68C5691F-LeaderElection45] INFO  server.RaftServer$Division (ServerState.java:setLeader(259)) - s0@group-12AB68C5691F: change Leader from s2 to null at term 2 for PRE_VOTE
2022-09-14 11:47:26,242 [s0@group-12AB68C5691F-LeaderElection45] INFO  impl.LeaderElection (LeaderElection.java:askForVotes(308)) - s0@group-12AB68C5691F-LeaderElection45 PRE_VOTE round 0: submit vote requests at term 2 for 0: peers:[s3|rpc:localhost:46799|admin:localhost:45171|client:localhost:46547|dataStream:localhost:40281|priority:0|startupRole:FOLLOWER, s4|rpc:localhost:39419|admin:localhost:43995|client:localhost:41785|dataStream:localhost:46687|priority:0|startupRole:FOLLOWER, s0|rpc:localhost:42481|admin:localhost:44771|client:localhost:42743|dataStream:localhost:43981|priority:0|startupRole:FOLLOWER, s1|rpc:localhost:44073|admin:localhost:36871|client:localhost:39477|dataStream:localhost:35501|priority:0|startupRole:FOLLOWER, s2|rpc:localhost:38365|admin:localhost:35135|client:localhost:40537|dataStream:localhost:38285|priority:0|startupRole:FOLLOWER]|listeners:[], old=null
2022-09-14 11:47:26,242 [s0@group-12AB68C5691F-LeaderElection45-1] INFO  util.CodeInjectionForTesting (DelayLocalExecutionInjection.java:execute(65)) - s0 delay 150 ms, args=[serverRequest {
  requestorId: "s0"
  replyId: "s3"
  raftGroupId {
    id: "\326\216l\301\220x@5\222b\022\253h\305i\037"
  }
  slidingWindowEntry {
  }
}
candidateTerm: 2
candidateLastEntry {
  term: 2
}
preVote: true
]
2022-09-14 11:47:26,243 [s0@group-12AB68C5691F-LeaderElection45-2] INFO  util.CodeInjectionForTesting (DelayLocalExecutionInjection.java:execute(65)) - s0 delay 150 ms, args=[serverRequest {
  requestorId: "s0"
  replyId: "s4"
  raftGroupId {
    id: "\326\216l\301\220x@5\222b\022\253h\305i\037"
  }
  slidingWindowEntry {
  }
}
candidateTerm: 2
candidateLastEntry {
  term: 2
}
preVote: true
]
2022-09-14 11:47:26,243 [s0@group-12AB68C5691F-LeaderElection45-3] INFO  util.CodeInjectionForTesting (DelayLocalExecutionInjection.java:execute(65)) - s0 delay 150 ms, args=[serverRequest {
  requestorId: "s0"
  replyId: "s1"
  raftGroupId {
    id: "\326\216l\301\220x@5\222b\022\253h\305i\037"
  }
  slidingWindowEntry {
  }
}
candidateTerm: 2
candidateLastEntry {
  term: 2
}
preVote: true
]
2022-09-14 11:47:26,243 [s0@group-12AB68C5691F-LeaderElection45-4] INFO  util.CodeInjectionForTesting (DelayLocalExecutionInjection.java:execute(65)) - s0 delay 150 ms, args=[serverRequest {
  requestorId: "s0"
  replyId: "s2"
  raftGroupId {
    id: "\326\216l\301\220x@5\222b\022\253h\305i\037"
  }
  slidingWindowEntry {
  }
}
candidateTerm: 2
candidateLastEntry {
  term: 2
}
preVote: true
]
2022-09-14 11:47:26,285 [s0-server-thread2] INFO  server.RaftServer$Division (RaftServerImpl.java:setRole(317)) - s0@group-12AB68C5691F: changes role from CANDIDATE to FOLLOWER at term 2 for appendEntries
2022-09-14 11:47:26,285 [s0-server-thread2] INFO  impl.RoleInfo (RoleInfo.java:shutdownLeaderElection(130)) - s0: shutdown s0@group-12AB68C5691F-LeaderElection45
2022-09-14 11:47:26,285 [s0-server-thread2] INFO  impl.RoleInfo (RoleInfo.java:updateAndGet(139)) - s0: start s0@group-12AB68C5691F-FollowerState
2022-09-14 11:47:26,286 [s0-server-thread2] INFO  server.RaftServer$Division (ServerState.java:setLeader(259)) - s0@group-12AB68C5691F: change Leader from null to s2 at term 2 for appendEntries, leader elected after 44ms
2022-09-14 11:47:26,287 [s1-server-thread4] INFO  server.RaftServer$Division (RaftServerImpl.java:setRole(317)) - s1@group-12AB68C5691F: changes role from CANDIDATE to FOLLOWER at term 2 for appendEntries
2022-09-14 11:47:26,287 [s1-server-thread4] INFO  impl.RoleInfo (RoleInfo.java:shutdownLeaderElection(130)) - s1: shutdown s1@group-12AB68C5691F-LeaderElection44
2022-09-14 11:47:26,287 [s1-server-thread4] INFO  impl.RoleInfo (RoleInfo.java:updateAndGet(139)) - s1: start s1@group-12AB68C5691F-FollowerState
2022-09-14 11:47:26,288 [s1-server-thread4] INFO  server.RaftServer$Division (ServerState.java:setLeader(259)) - s1@group-12AB68C5691F: change Leader from null to s2 at term 2 for appendEntries, leader elected after 72ms
2022-09-14 11:47:26,313 [s4@group-12AB68C5691F-FollowerState] INFO  impl.FollowerState (FollowerState.java:run(141)) - s4@group-12AB68C5691F-FollowerState: change to CANDIDATE, lastRpcElapsedTime:258318703ns, electionTimeout:254ms
2022-09-14 11:47:26,313 [s4@group-12AB68C5691F-FollowerState] INFO  impl.RoleInfo (RoleInfo.java:shutdownFollowerState(110)) - s4: shutdown s4@group-12AB68C5691F-FollowerState
2022-09-14 11:47:26,313 [s4@group-12AB68C5691F-FollowerState] INFO  server.RaftServer$Division (RaftServerImpl.java:setRole(317)) - s4@group-12AB68C5691F: changes role from  FOLLOWER to CANDIDATE at term 2 for changeToCandidate
2022-09-14 11:47:26,313 [s4@group-12AB68C5691F-FollowerState] INFO  server.RaftServerConfigKeys (ConfUtils.java:logGet(46)) - raft.server.leaderelection.pre-vote = true (default)
2022-09-14 11:47:26,313 [s4@group-12AB68C5691F-FollowerState] INFO  impl.RoleInfo (RoleInfo.java:updateAndGet(139)) - s4: start s4@group-12AB68C5691F-LeaderElection46
2022-09-14 11:47:26,314 [s4@group-12AB68C5691F-LeaderElection46] INFO  impl.LeaderElection (LeaderElection.java:askForVotes(308)) - s4@group-12AB68C5691F-LeaderElection46 PRE_VOTE round 0: submit vote requests at term 2 for 0: peers:[s3|rpc:localhost:46799|admin:localhost:45171|client:localhost:46547|dataStream:localhost:40281|priority:0|startupRole:FOLLOWER, s4|rpc:localhost:39419|admin:localhost:43995|client:localhost:41785|dataStream:localhost:46687|priority:0|startupRole:FOLLOWER, s0|rpc:localhost:42481|admin:localhost:44771|client:localhost:42743|dataStream:localhost:43981|priority:0|startupRole:FOLLOWER, s1|rpc:localhost:44073|admin:localhost:36871|client:localhost:39477|dataStream:localhost:35501|priority:0|startupRole:FOLLOWER, s2|rpc:localhost:38365|admin:localhost:35135|client:localhost:40537|dataStream:localhost:38285|priority:0|startupRole:FOLLOWER]|listeners:[], old=null
2022-09-14 11:47:26,316 [grpc-default-executor-19] INFO  server.RaftServer$Division (RaftServerImpl.java:requestVote(1281)) - s3@group-12AB68C5691F: receive requestVote(PRE_VOTE, s4, group-12AB68C5691F, 2, (t:1, i:0))
2022-09-14 11:47:26,316 [grpc-default-executor-19] INFO  impl.VoteContext (VoteContext.java:log(49)) - s3@group-12AB68C5691F-FOLLOWER: reject PRE_VOTE from s4: this server is a follower and still has a valid leader s2
2022-09-14 11:47:26,316 [grpc-default-executor-19] INFO  server.RaftServer$Division (RaftServerImpl.java:requestVote(1314)) - s3@group-12AB68C5691F replies to PRE_VOTE vote request: s4<-s3#0:FAIL-t2. Peer's state: s3@group-12AB68C5691F:t2, leader=s2, voted=s2, raftlog=Memoized:s3@group-12AB68C5691F-SegmentedRaftLog:OPENED:c0, conf=0: peers:[s3|rpc:localhost:46799|admin:localhost:45171|client:localhost:46547|dataStream:localhost:40281|priority:0|startupRole:FOLLOWER, s4|rpc:localhost:39419|admin:localhost:43995|client:localhost:41785|dataStream:localhost:46687|priority:0|startupRole:FOLLOWER, s0|rpc:localhost:42481|admin:localhost:44771|client:localhost:42743|dataStream:localhost:43981|priority:0|startupRole:FOLLOWER, s1|rpc:localhost:44073|admin:localhost:36871|client:localhost:39477|dataStream:localhost:35501|priority:0|startupRole:FOLLOWER, s2|rpc:localhost:38365|admin:localhost:35135|client:localhost:40537|dataStream:localhost:38285|priority:0|startupRole:FOLLOWER]|listeners:[], old=null
2022-09-14 11:47:26,318 [grpc-default-executor-19] INFO  server.RaftServer$Division (RaftServerImpl.java:requestVote(1281)) - s0@group-12AB68C5691F: receive requestVote(PRE_VOTE, s4, group-12AB68C5691F, 2, (t:1, i:0))
2022-09-14 11:47:26,319 [grpc-default-executor-19] INFO  impl.VoteContext (VoteContext.java:log(49)) - s0@group-12AB68C5691F-FOLLOWER: reject PRE_VOTE from s4: this server is a follower and still has a valid leader s2
2022-09-14 11:47:26,319 [grpc-default-executor-19] INFO  server.RaftServer$Division (RaftServerImpl.java:requestVote(1314)) - s0@group-12AB68C5691F replies to PRE_VOTE vote request: s4<-s0#0:FAIL-t2. Peer's state: s0@group-12AB68C5691F:t2, leader=s2, voted=s2, raftlog=Memoized:s0@group-12AB68C5691F-SegmentedRaftLog:OPENED:c0, conf=0: peers:[s3|rpc:localhost:46799|admin:localhost:45171|client:localhost:46547|dataStream:localhost:40281|priority:0|startupRole:FOLLOWER, s4|rpc:localhost:39419|admin:localhost:43995|client:localhost:41785|dataStream:localhost:46687|priority:0|startupRole:FOLLOWER, s0|rpc:localhost:42481|admin:localhost:44771|client:localhost:42743|dataStream:localhost:43981|priority:0|startupRole:FOLLOWER, s1|rpc:localhost:44073|admin:localhost:36871|client:localhost:39477|dataStream:localhost:35501|priority:0|startupRole:FOLLOWER, s2|rpc:localhost:38365|admin:localhost:35135|client:localhost:40537|dataStream:localhost:38285|priority:0|startupRole:FOLLOWER]|listeners:[], old=null
2022-09-14 11:47:26,322 [grpc-default-executor-19] INFO  server.RaftServer$Division (RaftServerImpl.java:requestVote(1281)) - s1@group-12AB68C5691F: receive requestVote(PRE_VOTE, s4, group-12AB68C5691F, 2, (t:1, i:0))
2022-09-14 11:47:26,322 [grpc-default-executor-19] INFO  impl.VoteContext (VoteContext.java:log(49)) - s1@group-12AB68C5691F-FOLLOWER: reject PRE_VOTE from s4: this server is a follower and still has a valid leader s2
2022-09-14 11:47:26,322 [grpc-default-executor-19] INFO  server.RaftServer$Division (RaftServerImpl.java:requestVote(1314)) - s1@group-12AB68C5691F replies to PRE_VOTE vote request: s4<-s1#0:FAIL-t2. Peer's state: s1@group-12AB68C5691F:t2, leader=s2, voted=s2, raftlog=Memoized:s1@group-12AB68C5691F-SegmentedRaftLog:OPENED:c0, conf=0: peers:[s3|rpc:localhost:46799|admin:localhost:45171|client:localhost:46547|dataStream:localhost:40281|priority:0|startupRole:FOLLOWER, s4|rpc:localhost:39419|admin:localhost:43995|client:localhost:41785|dataStream:localhost:46687|priority:0|startupRole:FOLLOWER, s0|rpc:localhost:42481|admin:localhost:44771|client:localhost:42743|dataStream:localhost:43981|priority:0|startupRole:FOLLOWER, s1|rpc:localhost:44073|admin:localhost:36871|client:localhost:39477|dataStream:localhost:35501|priority:0|startupRole:FOLLOWER, s2|rpc:localhost:38365|admin:localhost:35135|client:localhost:40537|dataStream:localhost:38285|priority:0|startupRole:FOLLOWER]|listeners:[], old=null
2022-09-14 11:47:26,323 [s4@group-12AB68C5691F-LeaderElection46] INFO  impl.LeaderElection (LeaderElection.java:logAndReturn(89)) - s4@group-12AB68C5691F-LeaderElection46: PRE_VOTE REJECTED received 3 response(s) and 0 exception(s):
2022-09-14 11:47:26,323 [s4@group-12AB68C5691F-LeaderElection46] INFO  impl.LeaderElection (LeaderElection.java:logAndReturn(93)) -   Response 0: s4<-s3#0:FAIL-t2
2022-09-14 11:47:26,323 [s4@group-12AB68C5691F-LeaderElection46] INFO  impl.LeaderElection (LeaderElection.java:logAndReturn(93)) -   Response 1: s4<-s0#0:FAIL-t2
2022-09-14 11:47:26,324 [s4@group-12AB68C5691F-LeaderElection46] INFO  impl.LeaderElection (LeaderElection.java:logAndReturn(93)) -   Response 2: s4<-s1#0:FAIL-t2
2022-09-14 11:47:26,324 [s4@group-12AB68C5691F-LeaderElection46] INFO  impl.LeaderElection (LeaderElection.java:askForVotes(310)) - s4@group-12AB68C5691F-LeaderElection46 PRE_VOTE round 0: result REJECTED
2022-09-14 11:47:26,324 [s4@group-12AB68C5691F-LeaderElection46] INFO  server.RaftServer$Division (RaftServerImpl.java:setRole(317)) - s4@group-12AB68C5691F: changes role from CANDIDATE to FOLLOWER at term 2 for REJECTED
2022-09-14 11:47:26,324 [s4@group-12AB68C5691F-LeaderElection46] INFO  impl.RoleInfo (RoleInfo.java:shutdownLeaderElection(130)) - s4: shutdown s4@group-12AB68C5691F-LeaderElection46
2022-09-14 11:47:26,324 [s4@group-12AB68C5691F-LeaderElection46] INFO  impl.RoleInfo (RoleInfo.java:updateAndGet(139)) - s4: start s4@group-12AB68C5691F-FollowerState
2022-09-14 11:47:26,326 [Time-limited test] INFO  server.RaftServerConfigKeys (ConfUtils.java:logGet(46)) - raft.server.rpc.timeout.max = 300ms (default)
2022-09-14 11:47:26,332 [grpc-default-executor-19] INFO  server.RaftServer$Division (RaftServerImpl.java:requestVote(1281)) - s2@group-12AB68C5691F: receive requestVote(PRE_VOTE, s4, group-12AB68C5691F, 2, (t:1, i:0))
2022-09-14 11:47:26,333 [grpc-default-executor-19] INFO  impl.VoteContext (VoteContext.java:log(49)) - s2@group-12AB68C5691F-LEADER: reject PRE_VOTE from s4: this server is the leader and still has leadership
2022-09-14 11:47:26,333 [grpc-default-executor-19] INFO  server.RaftServer$Division (RaftServerImpl.java:requestVote(1314)) - s2@group-12AB68C5691F replies to PRE_VOTE vote request: s4<-s2#0:FAIL-t2. Peer's state: s2@group-12AB68C5691F:t2, leader=s2, voted=s2, raftlog=Memoized:s2@group-12AB68C5691F-SegmentedRaftLog:OPENED:c0, conf=0: peers:[s3|rpc:localhost:46799|admin:localhost:45171|client:localhost:46547|dataStream:localhost:40281|priority:0|startupRole:FOLLOWER, s4|rpc:localhost:39419|admin:localhost:43995|client:localhost:41785|dataStream:localhost:46687|priority:0|startupRole:FOLLOWER, s0|rpc:localhost:42481|admin:localhost:44771|client:localhost:42743|dataStream:localhost:43981|priority:0|startupRole:FOLLOWER, s1|rpc:localhost:44073|admin:localhost:36871|client:localhost:39477|dataStream:localhost:35501|priority:0|startupRole:FOLLOWER, s2|rpc:localhost:38365|admin:localhost:35135|client:localhost:40537|dataStream:localhost:38285|priority:0|startupRole:FOLLOWER]|listeners:[], old=null
2022-09-14 11:47:26,370 [grpc-default-executor-4] INFO  server.RaftServer$Division (RaftServerImpl.java:requestVote(1281)) - s3@group-12AB68C5691F: receive requestVote(PRE_VOTE, s1, group-12AB68C5691F, 2, (t:2, i:0))
2022-09-14 11:47:26,370 [grpc-default-executor-4] INFO  impl.VoteContext (VoteContext.java:log(49)) - s3@group-12AB68C5691F-FOLLOWER: reject PRE_VOTE from s1: this server is a follower and still has a valid leader s2
2022-09-14 11:47:26,370 [grpc-default-executor-4] INFO  server.RaftServer$Division (RaftServerImpl.java:requestVote(1314)) - s3@group-12AB68C5691F replies to PRE_VOTE vote request: s1<-s3#0:FAIL-t2. Peer's state: s3@group-12AB68C5691F:t2, leader=s2, voted=s2, raftlog=Memoized:s3@group-12AB68C5691F-SegmentedRaftLog:OPENED:c0, conf=0: peers:[s3|rpc:localhost:46799|admin:localhost:45171|client:localhost:46547|dataStream:localhost:40281|priority:0|startupRole:FOLLOWER, s4|rpc:localhost:39419|admin:localhost:43995|client:localhost:41785|dataStream:localhost:46687|priority:0|startupRole:FOLLOWER, s0|rpc:localhost:42481|admin:localhost:44771|client:localhost:42743|dataStream:localhost:43981|priority:0|startupRole:FOLLOWER, s1|rpc:localhost:44073|admin:localhost:36871|client:localhost:39477|dataStream:localhost:35501|priority:0|startupRole:FOLLOWER, s2|rpc:localhost:38365|admin:localhost:35135|client:localhost:40537|dataStream:localhost:38285|priority:0|startupRole:FOLLOWER]|listeners:[], old=null
2022-09-14 11:47:26,370 [grpc-default-executor-46] INFO  server.RaftServer$Division (RaftServerImpl.java:requestVote(1281)) - s4@group-12AB68C5691F: receive requestVote(PRE_VOTE, s1, group-12AB68C5691F, 2, (t:2, i:0))
2022-09-14 11:47:26,370 [grpc-default-executor-46] INFO  impl.VoteContext (VoteContext.java:log(49)) - s4@group-12AB68C5691F-FOLLOWER: accept PRE_VOTE from s1: our last entry (t:1, i:0) < candidate's last entry (t:2, i:0)
2022-09-14 11:47:26,370 [grpc-default-executor-46] INFO  server.RaftServer$Division (RaftServerImpl.java:requestVote(1314)) - s4@group-12AB68C5691F replies to PRE_VOTE vote request: s1<-s4#0:OK-t2. Peer's state: s4@group-12AB68C5691F:t2, leader=null, voted=null, raftlog=Memoized:s4@group-12AB68C5691F-SegmentedRaftLog:OPENED:c0, conf=0: peers:[s3|rpc:localhost:46799|admin:localhost:45171|client:localhost:46547|dataStream:localhost:40281|priority:0|startupRole:FOLLOWER, s4|rpc:localhost:39419|admin:localhost:43995|client:localhost:41785|dataStream:localhost:46687|priority:0|startupRole:FOLLOWER, s0|rpc:localhost:42481|admin:localhost:44771|client:localhost:42743|dataStream:localhost:43981|priority:0|startupRole:FOLLOWER, s1|rpc:localhost:44073|admin:localhost:36871|client:localhost:39477|dataStream:localhost:35501|priority:0|startupRole:FOLLOWER, s2|rpc:localhost:38365|admin:localhost:35135|client:localhost:40537|dataStream:localhost:38285|priority:0|startupRole:FOLLOWER]|listeners:[], old=null
2022-09-14 11:47:26,371 [s1@group-12AB68C5691F-LeaderElection44] INFO  impl.LeaderElection (LeaderElection.java:logAndReturn(89)) - s1@group-12AB68C5691F-LeaderElection44: PRE_VOTE REJECTED received 1 response(s) and 0 exception(s):
2022-09-14 11:47:26,371 [s1@group-12AB68C5691F-LeaderElection44] INFO  impl.LeaderElection (LeaderElection.java:logAndReturn(93)) -   Response 0: s1<-s4#0:OK-t2
2022-09-14 11:47:26,371 [s1@group-12AB68C5691F-LeaderElection44] INFO  impl.LeaderElection (LeaderElection.java:askForVotes(310)) - s1@group-12AB68C5691F-LeaderElection44 PRE_VOTE round 0: result REJECTED
2022-09-14 11:47:26,372 [grpc-default-executor-46] INFO  server.RaftServer$Division (RaftServerImpl.java:requestVote(1281)) - s0@group-12AB68C5691F: receive requestVote(PRE_VOTE, s1, group-12AB68C5691F, 2, (t:2, i:0))
2022-09-14 11:47:26,372 [grpc-default-executor-46] INFO  impl.VoteContext (VoteContext.java:log(49)) - s0@group-12AB68C5691F-FOLLOWER: reject PRE_VOTE from s1: this server is a follower and still has a valid leader s2
2022-09-14 11:47:26,372 [grpc-default-executor-46] INFO  server.RaftServer$Division (RaftServerImpl.java:requestVote(1314)) - s0@group-12AB68C5691F replies to PRE_VOTE vote request: s1<-s0#0:FAIL-t2. Peer's state: s0@group-12AB68C5691F:t2, leader=s2, voted=s2, raftlog=Memoized:s0@group-12AB68C5691F-SegmentedRaftLog:OPENED:c0, conf=0: peers:[s3|rpc:localhost:46799|admin:localhost:45171|client:localhost:46547|dataStream:localhost:40281|priority:0|startupRole:FOLLOWER, s4|rpc:localhost:39419|admin:localhost:43995|client:localhost:41785|dataStream:localhost:46687|priority:0|startupRole:FOLLOWER, s0|rpc:localhost:42481|admin:localhost:44771|client:localhost:42743|dataStream:localhost:43981|priority:0|startupRole:FOLLOWER, s1|rpc:localhost:44073|admin:localhost:36871|client:localhost:39477|dataStream:localhost:35501|priority:0|startupRole:FOLLOWER, s2|rpc:localhost:38365|admin:localhost:35135|client:localhost:40537|dataStream:localhost:38285|priority:0|startupRole:FOLLOWER]|listeners:[], old=null
2022-09-14 11:47:26,373 [grpc-default-executor-19] INFO  server.RaftServer$Division (RaftServerImpl.java:requestVote(1281)) - s2@group-12AB68C5691F: receive requestVote(PRE_VOTE, s1, group-12AB68C5691F, 2, (t:2, i:0))
2022-09-14 11:47:26,373 [grpc-default-executor-19] INFO  impl.VoteContext (VoteContext.java:log(49)) - s2@group-12AB68C5691F-LEADER: reject PRE_VOTE from s1: this server is the leader and still has leadership
2022-09-14 11:47:26,373 [grpc-default-executor-19] INFO  server.RaftServer$Division (RaftServerImpl.java:requestVote(1314)) - s2@group-12AB68C5691F replies to PRE_VOTE vote request: s1<-s2#0:FAIL-t2. Peer's state: s2@group-12AB68C5691F:t2, leader=s2, voted=s2, raftlog=Memoized:s2@group-12AB68C5691F-SegmentedRaftLog:OPENED:c0, conf=0: peers:[s3|rpc:localhost:46799|admin:localhost:45171|client:localhost:46547|dataStream:localhost:40281|priority:0|startupRole:FOLLOWER, s4|rpc:localhost:39419|admin:localhost:43995|client:localhost:41785|dataStream:localhost:46687|priority:0|startupRole:FOLLOWER, s0|rpc:localhost:42481|admin:localhost:44771|client:localhost:42743|dataStream:localhost:43981|priority:0|startupRole:FOLLOWER, s1|rpc:localhost:44073|admin:localhost:36871|client:localhost:39477|dataStream:localhost:35501|priority:0|startupRole:FOLLOWER, s2|rpc:localhost:38365|admin:localhost:35135|client:localhost:40537|dataStream:localhost:38285|priority:0|startupRole:FOLLOWER]|listeners:[], old=null
2022-09-14 11:47:26,394 [grpc-default-executor-4] INFO  server.RaftServer$Division (RaftServerImpl.java:requestVote(1281)) - s2@group-12AB68C5691F: receive requestVote(PRE_VOTE, s0, group-12AB68C5691F, 2, (t:2, i:0))
2022-09-14 11:47:26,395 [grpc-default-executor-4] INFO  impl.VoteContext (VoteContext.java:log(49)) - s2@group-12AB68C5691F-LEADER: reject PRE_VOTE from s0: this server is the leader and still has leadership
2022-09-14 11:47:26,395 [grpc-default-executor-4] INFO  server.RaftServer$Division (RaftServerImpl.java:requestVote(1314)) - s2@group-12AB68C5691F replies to PRE_VOTE vote request: s0<-s2#0:FAIL-t2. Peer's state: s2@group-12AB68C5691F:t2, leader=s2, voted=s2, raftlog=Memoized:s2@group-12AB68C5691F-SegmentedRaftLog:OPENED:c0, conf=0: peers:[s3|rpc:localhost:46799|admin:localhost:45171|client:localhost:46547|dataStream:localhost:40281|priority:0|startupRole:FOLLOWER, s4|rpc:localhost:39419|admin:localhost:43995|client:localhost:41785|dataStream:localhost:46687|priority:0|startupRole:FOLLOWER, s0|rpc:localhost:42481|admin:localhost:44771|client:localhost:42743|dataStream:localhost:43981|priority:0|startupRole:FOLLOWER, s1|rpc:localhost:44073|admin:localhost:36871|client:localhost:39477|dataStream:localhost:35501|priority:0|startupRole:FOLLOWER, s2|rpc:localhost:38365|admin:localhost:35135|client:localhost:40537|dataStream:localhost:38285|priority:0|startupRole:FOLLOWER]|listeners:[], old=null
2022-09-14 11:47:26,395 [grpc-default-executor-39] INFO  server.RaftServer$Division (RaftServerImpl.java:requestVote(1281)) - s1@group-12AB68C5691F: receive requestVote(PRE_VOTE, s0, group-12AB68C5691F, 2, (t:2, i:0))
2022-09-14 11:47:26,395 [grpc-default-executor-39] INFO  impl.VoteContext (VoteContext.java:log(49)) - s1@group-12AB68C5691F-FOLLOWER: reject PRE_VOTE from s0: this server is a follower and still has a valid leader s2
2022-09-14 11:47:26,395 [grpc-default-executor-39] INFO  server.RaftServer$Division (RaftServerImpl.java:requestVote(1314)) - s1@group-12AB68C5691F replies to PRE_VOTE vote request: s0<-s1#0:FAIL-t2. Peer's state: s1@group-12AB68C5691F:t2, leader=s2, voted=s2, raftlog=Memoized:s1@group-12AB68C5691F-SegmentedRaftLog:OPENED:c0, conf=0: peers:[s3|rpc:localhost:46799|admin:localhost:45171|client:localhost:46547|dataStream:localhost:40281|priority:0|startupRole:FOLLOWER, s4|rpc:localhost:39419|admin:localhost:43995|client:localhost:41785|dataStream:localhost:46687|priority:0|startupRole:FOLLOWER, s0|rpc:localhost:42481|admin:localhost:44771|client:localhost:42743|dataStream:localhost:43981|priority:0|startupRole:FOLLOWER, s1|rpc:localhost:44073|admin:localhost:36871|client:localhost:39477|dataStream:localhost:35501|priority:0|startupRole:FOLLOWER, s2|rpc:localhost:38365|admin:localhost:35135|client:localhost:40537|dataStream:localhost:38285|priority:0|startupRole:FOLLOWER]|listeners:[], old=null
2022-09-14 11:47:26,395 [grpc-default-executor-19] INFO  server.RaftServer$Division (RaftServerImpl.java:requestVote(1281)) - s3@group-12AB68C5691F: receive requestVote(PRE_VOTE, s0, group-12AB68C5691F, 2, (t:2, i:0))
2022-09-14 11:47:26,395 [grpc-default-executor-19] INFO  impl.VoteContext (VoteContext.java:log(49)) - s3@group-12AB68C5691F-FOLLOWER: reject PRE_VOTE from s0: this server is a follower and still has a valid leader s2
2022-09-14 11:47:26,396 [grpc-default-executor-19] INFO  server.RaftServer$Division (RaftServerImpl.java:requestVote(1314)) - s3@group-12AB68C5691F replies to PRE_VOTE vote request: s0<-s3#0:FAIL-t2. Peer's state: s3@group-12AB68C5691F:t2, leader=s2, voted=s2, raftlog=Memoized:s3@group-12AB68C5691F-SegmentedRaftLog:OPENED:c0, conf=0: peers:[s3|rpc:localhost:46799|admin:localhost:45171|client:localhost:46547|dataStream:localhost:40281|priority:0|startupRole:FOLLOWER, s4|rpc:localhost:39419|admin:localhost:43995|client:localhost:41785|dataStream:localhost:46687|priority:0|startupRole:FOLLOWER, s0|rpc:localhost:42481|admin:localhost:44771|client:localhost:42743|dataStream:localhost:43981|priority:0|startupRole:FOLLOWER, s1|rpc:localhost:44073|admin:localhost:36871|client:localhost:39477|dataStream:localhost:35501|priority:0|startupRole:FOLLOWER, s2|rpc:localhost:38365|admin:localhost:35135|client:localhost:40537|dataStream:localhost:38285|priority:0|startupRole:FOLLOWER]|listeners:[], old=null
2022-09-14 11:47:26,397 [s0@group-12AB68C5691F-LeaderElection45] INFO  impl.LeaderElection (LeaderElection.java:logAndReturn(89)) - s0@group-12AB68C5691F-LeaderElection45: PRE_VOTE REJECTED received 1 response(s) and 0 exception(s):
2022-09-14 11:47:26,397 [s0@group-12AB68C5691F-LeaderElection45] INFO  impl.LeaderElection (LeaderElection.java:logAndReturn(93)) -   Response 0: s0<-s2#0:FAIL-t2
2022-09-14 11:47:26,397 [s0@group-12AB68C5691F-LeaderElection45] INFO  impl.LeaderElection (LeaderElection.java:askForVotes(310)) - s0@group-12AB68C5691F-LeaderElection45 PRE_VOTE round 0: result REJECTED
2022-09-14 11:47:26,397 [grpc-default-executor-46] INFO  server.RaftServer$Division (RaftServerImpl.java:requestVote(1281)) - s4@group-12AB68C5691F: receive requestVote(PRE_VOTE, s0, group-12AB68C5691F, 2, (t:2, i:0))
2022-09-14 11:47:26,398 [grpc-default-executor-46] INFO  impl.VoteContext (VoteContext.java:log(49)) - s4@group-12AB68C5691F-FOLLOWER: accept PRE_VOTE from s0: our last entry (t:1, i:0) < candidate's last entry (t:2, i:0)
2022-09-14 11:47:26,398 [grpc-default-executor-46] INFO  server.RaftServer$Division (RaftServerImpl.java:requestVote(1314)) - s4@group-12AB68C5691F replies to PRE_VOTE vote request: s0<-s4#0:OK-t2. Peer's state: s4@group-12AB68C5691F:t2, leader=null, voted=null, raftlog=Memoized:s4@group-12AB68C5691F-SegmentedRaftLog:OPENED:c0, conf=0: peers:[s3|rpc:localhost:46799|admin:localhost:45171|client:localhost:46547|dataStream:localhost:40281|priority:0|startupRole:FOLLOWER, s4|rpc:localhost:39419|admin:localhost:43995|client:localhost:41785|dataStream:localhost:46687|priority:0|startupRole:FOLLOWER, s0|rpc:localhost:42481|admin:localhost:44771|client:localhost:42743|dataStream:localhost:43981|priority:0|startupRole:FOLLOWER, s1|rpc:localhost:44073|admin:localhost:36871|client:localhost:39477|dataStream:localhost:35501|priority:0|startupRole:FOLLOWER, s2|rpc:localhost:38365|admin:localhost:35135|client:localhost:40537|dataStream:localhost:38285|priority:0|startupRole:FOLLOWER]|listeners:[], old=null
2022-09-14 11:47:26,492 [grpc-default-executor-37] INFO  util.CodeInjectionForTesting (BlockRequestHandlingInjection.java:execute(84)) - s4: unBlock request from s1
2022-09-14 11:47:26,493 [grpc-default-executor-37] INFO  server.RaftServer$Division (RaftServerImpl.java:requestVote(1281)) - s4@group-12AB68C5691F: receive requestVote(PRE_VOTE, s1, group-12AB68C5691F, 2, (t:2, i:0))
2022-09-14 11:47:26,493 [grpc-default-executor-37] INFO  impl.VoteContext (VoteContext.java:log(49)) - s4@group-12AB68C5691F-FOLLOWER: accept PRE_VOTE from s1: our last entry (t:1, i:0) < candidate's last entry (t:2, i:0)
2022-09-14 11:47:26,493 [grpc-default-executor-37] INFO  server.RaftServer$Division (RaftServerImpl.java:requestVote(1314)) - s4@group-12AB68C5691F replies to PRE_VOTE vote request: s1<-s4#0:OK-t2. Peer's state: s4@group-12AB68C5691F:t2, leader=null, voted=null, raftlog=Memoized:s4@group-12AB68C5691F-SegmentedRaftLog:OPENED:c0, conf=0: peers:[s3|rpc:localhost:46799|admin:localhost:45171|client:localhost:46547|dataStream:localhost:40281|priority:0|startupRole:FOLLOWER, s4|rpc:localhost:39419|admin:localhost:43995|client:localhost:41785|dataStream:localhost:46687|priority:0|startupRole:FOLLOWER, s0|rpc:localhost:42481|admin:localhost:44771|client:localhost:42743|dataStream:localhost:43981|priority:0|startupRole:FOLLOWER, s1|rpc:localhost:44073|admin:localhost:36871|client:localhost:39477|dataStream:localhost:35501|priority:0|startupRole:FOLLOWER, s2|rpc:localhost:38365|admin:localhost:35135|client:localhost:40537|dataStream:localhost:38285|priority:0|startupRole:FOLLOWER]|listeners:[], old=null
2022-09-14 11:47:26,541 [s4-server-thread2] INFO  util.CodeInjectionForTesting (BlockRequestHandlingInjection.java:execute(84)) - s4: unBlock request from s2
2022-09-14 11:47:26,541 [s4-server-thread2] INFO  server.RaftServer$Division (ServerState.java:setLeader(259)) - s4@group-12AB68C5691F: change Leader from null to s2 at term 2 for appendEntries, leader elected after 748ms
2022-09-14 11:47:26,542 [s4-server-thread2] INFO  server.RaftServer$Division (RaftServerImpl.java:checkInconsistentAppendEntries(1586)) - s4@group-12AB68C5691F: Failed appendEntries as previous log entry ((t:2, i:0)) is not found
2022-09-14 11:47:26,542 [s4-server-thread2] INFO  server.RaftServer$Division (RaftServerImpl.java:checkInconsistentAppendEntries(1556)) - s4@group-12AB68C5691F: inconsistency entries. Reply:s2<-s4#260:FAIL-t2,INCONSISTENCY,nextIndex=0,followerCommit=0,matchIndex=-1
2022-09-14 11:47:26,542 [s4-server-thread2] INFO  server.RaftServer$Division (RaftServerImpl.java:checkInconsistentAppendEntries(1586)) - s4@group-12AB68C5691F: Failed appendEntries as previous log entry ((t:2, i:0)) is not found
2022-09-14 11:47:26,542 [s4-server-thread2] INFO  server.RaftServer$Division (RaftServerImpl.java:checkInconsistentAppendEntries(1556)) - s4@group-12AB68C5691F: inconsistency entries. Reply:s2<-s4#261:FAIL-t2,INCONSISTENCY,nextIndex=0,followerCommit=0,matchIndex=-1
2022-09-14 11:47:26,543 [s4-server-thread2] INFO  server.RaftServer$Division (RaftServerImpl.java:checkInconsistentAppendEntries(1586)) - s4@group-12AB68C5691F: Failed appendEntries as previous log entry ((t:2, i:0)) is not found
2022-09-14 11:47:26,543 [s4-server-thread2] INFO  server.RaftServer$Division (RaftServerImpl.java:checkInconsistentAppendEntries(1556)) - s4@group-12AB68C5691F: inconsistency entries. Reply:s2<-s4#262:FAIL-t2,INCONSISTENCY,nextIndex=0,followerCommit=0,matchIndex=-1
2022-09-14 11:47:26,543 [s4-server-thread2] INFO  server.RaftServer$Division (RaftServerImpl.java:checkInconsistentAppendEntries(1586)) - s4@group-12AB68C5691F: Failed appendEntries as previous log entry ((t:2, i:0)) is not found
2022-09-14 11:47:26,543 [s4-server-thread2] INFO  server.RaftServer$Division (RaftServerImpl.java:checkInconsistentAppendEntries(1556)) - s4@group-12AB68C5691F: inconsistency entries. Reply:s2<-s4#263:FAIL-t2,INCONSISTENCY,nextIndex=0,followerCommit=0,matchIndex=-1
2022-09-14 11:47:26,544 [s4-server-thread2] INFO  server.RaftServer$Division (RaftServerImpl.java:checkInconsistentAppendEntries(1586)) - s4@group-12AB68C5691F: Failed appendEntries as previous log entry ((t:2, i:0)) is not found
2022-09-14 11:47:26,544 [s4-server-thread2] INFO  server.RaftServer$Division (RaftServerImpl.java:checkInconsistentAppendEntries(1556)) - s4@group-12AB68C5691F: inconsistency entries. Reply:s2<-s4#264:FAIL-t2,INCONSISTENCY,nextIndex=0,followerCommit=0,matchIndex=-1
2022-09-14 11:47:26,544 [s4-server-thread2] INFO  server.RaftServer$Division (RaftServerImpl.java:checkInconsistentAppendEntries(1586)) - s4@group-12AB68C5691F: Failed appendEntries as previous log entry ((t:2, i:0)) is not found
2022-09-14 11:47:26,544 [s4-server-thread2] INFO  server.RaftServer$Division (RaftServerImpl.java:checkInconsistentAppendEntries(1556)) - s4@group-12AB68C5691F: inconsistency entries. Reply:s2<-s4#265:FAIL-t2,INCONSISTENCY,nextIndex=0,followerCommit=0,matchIndex=-1
2022-09-14 11:47:26,545 [s4-server-thread2] INFO  server.RaftServer$Division (RaftServerImpl.java:checkInconsistentAppendEntries(1586)) - s4@group-12AB68C5691F: Failed appendEntries as previous log entry ((t:2, i:0)) is not found
2022-09-14 11:47:26,545 [s4-server-thread2] INFO  server.RaftServer$Division (RaftServerImpl.java:checkInconsistentAppendEntries(1556)) - s4@group-12AB68C5691F: inconsistency entries. Reply:s2<-s4#266:FAIL-t2,INCONSISTENCY,nextIndex=0,followerCommit=0,matchIndex=-1
2022-09-14 11:47:26,545 [s4-server-thread2] INFO  server.RaftServer$Division (RaftServerImpl.java:checkInconsistentAppendEntries(1586)) - s4@group-12AB68C5691F: Failed appendEntries as previous log entry ((t:2, i:0)) is not found
2022-09-14 11:47:26,545 [s4-server-thread2] INFO  server.RaftServer$Division (RaftServerImpl.java:checkInconsistentAppendEntries(1556)) - s4@group-12AB68C5691F: inconsistency entries. Reply:s2<-s4#267:FAIL-t2,INCONSISTENCY,nextIndex=0,followerCommit=0,matchIndex=-1
2022-09-14 11:47:26,545 [s4-server-thread2] INFO  server.RaftServer$Division (RaftServerImpl.java:checkInconsistentAppendEntries(1586)) - s4@group-12AB68C5691F: Failed appendEntries as previous log entry ((t:2, i:0)) is not found
2022-09-14 11:47:26,545 [s4-server-thread2] INFO  server.RaftServer$Division (RaftServerImpl.java:checkInconsistentAppendEntries(1556)) - s4@group-12AB68C5691F: inconsistency entries. Reply:s2<-s4#268:FAIL-t2,INCONSISTENCY,nextIndex=0,followerCommit=0,matchIndex=-1
2022-09-14 11:47:26,546 [grpc-default-executor-11] INFO  leader.FollowerInfo (FollowerInfoImpl.java:lambda$new$0(48)) - s2@group-12AB68C5691F->s4: nextIndex: updateUnconditionally 1 -> 0
2022-09-14 11:47:26,546 [grpc-default-executor-11] INFO  leader.FollowerInfo (FollowerInfoImpl.java:lambda$new$0(48)) - s2@group-12AB68C5691F->s4: nextIndex: updateUnconditionally 1 -> 0
2022-09-14 11:47:26,547 [grpc-default-executor-11] INFO  leader.FollowerInfo (FollowerInfoImpl.java:lambda$new$0(48)) - s2@group-12AB68C5691F->s4: nextIndex: updateUnconditionally 1 -> 0
2022-09-14 11:47:26,547 [grpc-default-executor-11] INFO  leader.FollowerInfo (FollowerInfoImpl.java:lambda$new$0(48)) - s2@group-12AB68C5691F->s4: nextIndex: updateUnconditionally 1 -> 0
2022-09-14 11:47:26,548 [grpc-default-executor-11] INFO  leader.FollowerInfo (FollowerInfoImpl.java:lambda$new$0(48)) - s2@group-12AB68C5691F->s4: nextIndex: updateUnconditionally 1 -> 0
2022-09-14 11:47:26,548 [grpc-default-executor-11] INFO  leader.FollowerInfo (FollowerInfoImpl.java:lambda$new$0(48)) - s2@group-12AB68C5691F->s4: nextIndex: updateUnconditionally 1 -> 0
2022-09-14 11:47:26,549 [grpc-default-executor-11] INFO  leader.FollowerInfo (FollowerInfoImpl.java:lambda$new$0(48)) - s2@group-12AB68C5691F->s4: nextIndex: updateUnconditionally 1 -> 0
2022-09-14 11:47:26,549 [grpc-default-executor-11] INFO  leader.FollowerInfo (FollowerInfoImpl.java:lambda$new$0(48)) - s2@group-12AB68C5691F->s4: nextIndex: updateUnconditionally 1 -> 0
2022-09-14 11:47:26,549 [grpc-default-executor-11] INFO  leader.FollowerInfo (FollowerInfoImpl.java:lambda$new$0(48)) - s2@group-12AB68C5691F->s4: nextIndex: updateUnconditionally 1 -> 0
2022-09-14 11:47:26,550 [s4-server-thread2] DEBUG server.RaftServer$Division (RaftServerImpl.java:logAppendEntries(1405)) - s4@group-12AB68C5691F: receive appendEntries(s2, 2, null, 0, true, commits:[s2:c0, s3:c0, s4:c0, s0:c0, s1:c0], cId:269, entries: [(t:2, i:0), CONFIGURATIONENTRY(current:id: "s3"
address: "localhost:46799"
dataStreamAddress: "localhost:40281"
clientAddress: "localhost:46547"
adminAddress: "localhost:45171"
startupRole: FOLLOWER
,id: "s4"
address: "localhost:39419"
dataStreamAddress: "localhost:46687"
clientAddress: "localhost:41785"
adminAddress: "localhost:43995"
startupRole: FOLLOWER
,id: "s0"
address: "localhost:42481"
dataStreamAddress: "localhost:43981"
clientAddress: "localhost:42743"
adminAddress: "localhost:44771"
startupRole: FOLLOWER
,id: "s1"
address: "localhost:44073"
dataStreamAddress: "localhost:35501"
clientAddress: "localhost:39477"
adminAddress: "localhost:36871"
startupRole: FOLLOWER
,id: "s2"
address: "localhost:38365"
dataStreamAddress: "localhost:38285"
clientAddress: "localhost:40537"
adminAddress: "localhost:35135"
startupRole: FOLLOWER
, old:)]
2022-09-14 11:47:26,550 [s4-server-thread2] INFO  server.RaftServer$Division (RaftServerImpl.java:checkInconsistentAppendEntries(1576)) - s4@group-12AB68C5691F: Failed appendEntries as the first entry (index 0) already exists (snapshotIndex: -1, commitIndex: 0)
2022-09-14 11:47:26,550 [s4-server-thread2] INFO  server.RaftServer$Division (RaftServerImpl.java:checkInconsistentAppendEntries(1556)) - s4@group-12AB68C5691F: inconsistency entries. Reply:s2<-s4#269:FAIL-t2,INCONSISTENCY,nextIndex=1,followerCommit=0,matchIndex=-1
2022-09-14 11:47:26,551 [grpc-default-executor-11] INFO  leader.FollowerInfo (FollowerInfoImpl.java:lambda$new$0(48)) - s2@group-12AB68C5691F->s4: nextIndex: updateUnconditionally 1 -> 1
2022-09-14 11:47:26,551 [s4-server-thread2] DEBUG server.RaftServer$Division (RaftServerImpl.java:logAppendEntries(1405)) - s4@group-12AB68C5691F: receive appendEntries(s2, 2, null, 0, true, commits:[s2:c0, s3:c0, s4:c0, s0:c0, s1:c0], cId:270, entries: [(t:2, i:0), CONFIGURATIONENTRY(current:id: "s3"
address: "localhost:46799"
dataStreamAddress: "localhost:40281"
clientAddress: "localhost:46547"
adminAddress: "localhost:45171"
startupRole: FOLLOWER
,id: "s4"
address: "localhost:39419"
dataStreamAddress: "localhost:46687"
clientAddress: "localhost:41785"
adminAddress: "localhost:43995"
startupRole: FOLLOWER
,id: "s0"
address: "localhost:42481"
dataStreamAddress: "localhost:43981"
clientAddress: "localhost:42743"
adminAddress: "localhost:44771"
startupRole: FOLLOWER
,id: "s1"
address: "localhost:44073"
dataStreamAddress: "localhost:35501"
clientAddress: "localhost:39477"
adminAddress: "localhost:36871"
startupRole: FOLLOWER
,id: "s2"
address: "localhost:38365"
dataStreamAddress: "localhost:38285"
clientAddress: "localhost:40537"
adminAddress: "localhost:35135"
startupRole: FOLLOWER
, old:)]
2022-09-14 11:47:26,551 [s4-server-thread2] INFO  server.RaftServer$Division (RaftServerImpl.java:checkInconsistentAppendEntries(1576)) - s4@group-12AB68C5691F: Failed appendEntries as the first entry (index 0) already exists (snapshotIndex: -1, commitIndex: 0)
2022-09-14 11:47:26,551 [s4-server-thread2] INFO  server.RaftServer$Division (RaftServerImpl.java:checkInconsistentAppendEntries(1556)) - s4@group-12AB68C5691F: inconsistency entries. Reply:s2<-s4#270:FAIL-t2,INCONSISTENCY,nextIndex=1,followerCommit=0,matchIndex=-1
2022-09-14 11:47:26,551 [grpc-default-executor-11] INFO  leader.FollowerInfo (FollowerInfoImpl.java:lambda$new$0(48)) - s2@group-12AB68C5691F->s4: nextIndex: updateUnconditionally 1 -> 1
2022-09-14 11:47:26,552 [s4-server-thread2] DEBUG server.RaftServer$Division (RaftServerImpl.java:logAppendEntries(1405)) - s4@group-12AB68C5691F: receive appendEntries(s2, 2, null, 0, true, commits:[s2:c0, s3:c0, s4:c0, s0:c0, s1:c0], cId:271, entries: [(t:2, i:0), CONFIGURATIONENTRY(current:id: "s3"
address: "localhost:46799"
dataStreamAddress: "localhost:40281"
clientAddress: "localhost:46547"
adminAddress: "localhost:45171"
startupRole: FOLLOWER
,id: "s4"
address: "localhost:39419"
dataStreamAddress: "localhost:46687"
clientAddress: "localhost:41785"
adminAddress: "localhost:43995"
startupRole: FOLLOWER
,id: "s0"
address: "localhost:42481"
dataStreamAddress: "localhost:43981"
clientAddress: "localhost:42743"
adminAddress: "localhost:44771"
startupRole: FOLLOWER
,id: "s1"
address: "localhost:44073"
dataStreamAddress: "localhost:35501"
clientAddress: "localhost:39477"
adminAddress: "localhost:36871"
startupRole: FOLLOWER
,id: "s2"
address: "localhost:38365"
dataStreamAddress: "localhost:38285"
clientAddress: "localhost:40537"
adminAddress: "localhost:35135"
startupRole: FOLLOWER
, old:)]
2022-09-14 11:47:26,552 [s4-server-thread2] INFO  server.RaftServer$Division (RaftServerImpl.java:checkInconsistentAppendEntries(1576)) - s4@group-12AB68C5691F: Failed appendEntries as the first entry (index 0) already exists (snapshotIndex: -1, commitIndex: 0)
2022-09-14 11:47:26,552 [s4-server-thread2] INFO  server.RaftServer$Division (RaftServerImpl.java:checkInconsistentAppendEntries(1556)) - s4@group-12AB68C5691F: inconsistency entries. Reply:s2<-s4#271:FAIL-t2,INCONSISTENCY,nextIndex=1,followerCommit=0,matchIndex=-1
2022-09-14 11:47:26,552 [grpc-default-executor-11] INFO  leader.FollowerInfo (FollowerInfoImpl.java:lambda$new$0(48)) - s2@group-12AB68C5691F->s4: nextIndex: updateUnconditionally 1 -> 1
2022-09-14 11:47:26,553 [s4-server-thread2] DEBUG server.RaftServer$Division (RaftServerImpl.java:logAppendEntries(1405)) - s4@group-12AB68C5691F: receive appendEntries(s2, 2, null, 0, true, commits:[s2:c0, s3:c0, s4:c0, s0:c0, s1:c0], cId:272, entries: [(t:2, i:0), CONFIGURATIONENTRY(current:id: "s3"
address: "localhost:46799"
dataStreamAddress: "localhost:40281"
clientAddress: "localhost:46547"
adminAddress: "localhost:45171"
startupRole: FOLLOWER
,id: "s4"
address: "localhost:39419"
dataStreamAddress: "localhost:46687"
clientAddress: "localhost:41785"
adminAddress: "localhost:43995"
startupRole: FOLLOWER
,id: "s0"
address: "localhost:42481"
dataStreamAddress: "localhost:43981"
clientAddress: "localhost:42743"
adminAddress: "localhost:44771"
startupRole: FOLLOWER
,id: "s1"
address: "localhost:44073"
dataStreamAddress: "localhost:35501"
clientAddress: "localhost:39477"
adminAddress: "localhost:36871"
startupRole: FOLLOWER
,id: "s2"
address: "localhost:38365"
dataStreamAddress: "localhost:38285"
clientAddress: "localhost:40537"
adminAddress: "localhost:35135"
startupRole: FOLLOWER
, old:)]
2022-09-14 11:47:26,553 [s4-server-thread2] INFO  server.RaftServer$Division (RaftServerImpl.java:checkInconsistentAppendEntries(1576)) - s4@group-12AB68C5691F: Failed appendEntries as the first entry (index 0) already exists (snapshotIndex: -1, commitIndex: 0)
2022-09-14 11:47:26,553 [s4-server-thread2] INFO  server.RaftServer$Division (RaftServerImpl.java:checkInconsistentAppendEntries(1556)) - s4@group-12AB68C5691F: inconsistency entries. Reply:s2<-s4#272:FAIL-t2,INCONSISTENCY,nextIndex=1,followerCommit=0,matchIndex=-1
2022-09-14 11:47:26,553 [grpc-default-executor-11] INFO  leader.FollowerInfo (FollowerInfoImpl.java:lambda$new$0(48)) - s2@group-12AB68C5691F->s4: nextIndex: updateUnconditionally 1 -> 1
2022-09-14 11:47:26,553 [s4-server-thread2] DEBUG server.RaftServer$Division (RaftServerImpl.java:logAppendEntries(1405)) - s4@group-12AB68C5691F: receive appendEntries(s2, 2, null, 0, true, commits:[s2:c0, s3:c0, s4:c0, s0:c0, s1:c0], cId:273, entries: [(t:2, i:0), CONFIGURATIONENTRY(current:id: "s3"
address: "localhost:46799"
dataStreamAddress: "localhost:40281"
clientAddress: "localhost:46547"
adminAddress: "localhost:45171"
startupRole: FOLLOWER
,id: "s4"
address: "localhost:39419"
dataStreamAddress: "localhost:46687"
clientAddress: "localhost:41785"
adminAddress: "localhost:43995"
startupRole: FOLLOWER
,id: "s0"
address: "localhost:42481"
dataStreamAddress: "localhost:43981"
clientAddress: "localhost:42743"
adminAddress: "localhost:44771"
startupRole: FOLLOWER
,id: "s1"
address: "localhost:44073"
dataStreamAddress: "localhost:35501"
clientAddress: "localhost:39477"
adminAddress: "localhost:36871"
startupRole: FOLLOWER
,id: "s2"
address: "localhost:38365"
dataStreamAddress: "localhost:38285"
clientAddress: "localhost:40537"
adminAddress: "localhost:35135"
startupRole: FOLLOWER
, old:)]
2022-09-14 11:47:26,553 [s4-server-thread2] INFO  server.RaftServer$Division (RaftServerImpl.java:checkInconsistentAppendEntries(1576)) - s4@group-12AB68C5691F: Failed appendEntries as the first entry (index 0) already exists (snapshotIndex: -1, commitIndex: 0)
2022-09-14 11:47:26,554 [s4-server-thread2] INFO  server.RaftServer$Division (RaftServerImpl.java:checkInconsistentAppendEntries(1556)) - s4@group-12AB68C5691F: inconsistency entries. Reply:s2<-s4#273:FAIL-t2,INCONSISTENCY,nextIndex=1,followerCommit=0,matchIndex=-1
2022-09-14 11:47:26,554 [grpc-default-executor-11] INFO  leader.FollowerInfo (FollowerInfoImpl.java:lambda$new$0(48)) - s2@group-12AB68C5691F->s4: nextIndex: updateUnconditionally 1 -> 1
2022-09-14 11:47:26,554 [s4-server-thread2] DEBUG server.RaftServer$Division (RaftServerImpl.java:logAppendEntries(1405)) - s4@group-12AB68C5691F: receive appendEntries(s2, 2, null, 0, true, commits:[s2:c0, s3:c0, s4:c0, s0:c0, s1:c0], cId:274, entries: [(t:2, i:0), CONFIGURATIONENTRY(current:id: "s3"
address: "localhost:46799"
dataStreamAddress: "localhost:40281"
clientAddress: "localhost:46547"
adminAddress: "localhost:45171"
startupRole: FOLLOWER
,id: "s4"
address: "localhost:39419"
dataStreamAddress: "localhost:46687"
clientAddress: "localhost:41785"
adminAddress: "localhost:43995"
startupRole: FOLLOWER
,id: "s0"
address: "localhost:42481"
dataStreamAddress: "localhost:43981"
clientAddress: "localhost:42743"
adminAddress: "localhost:44771"
startupRole: FOLLOWER
,id: "s1"
address: "localhost:44073"
dataStreamAddress: "localhost:35501"
clientAddress: "localhost:39477"
adminAddress: "localhost:36871"
startupRole: FOLLOWER
,id: "s2"
address: "localhost:38365"
dataStreamAddress: "localhost:38285"
clientAddress: "localhost:40537"
adminAddress: "localhost:35135"
startupRole: FOLLOWER
, old:)]
2022-09-14 11:47:26,554 [s4-server-thread2] INFO  server.RaftServer$Division (RaftServerImpl.java:checkInconsistentAppendEntries(1576)) - s4@group-12AB68C5691F: Failed appendEntries as the first entry (index 0) already exists (snapshotIndex: -1, commitIndex: 0)
2022-09-14 11:47:26,554 [s4-server-thread2] INFO  server.RaftServer$Division (RaftServerImpl.java:checkInconsistentAppendEntries(1556)) - s4@group-12AB68C5691F: inconsistency entries. Reply:s2<-s4#274:FAIL-t2,INCONSISTENCY,nextIndex=1,followerCommit=0,matchIndex=-1
2022-09-14 11:47:26,555 [grpc-default-executor-11] INFO  leader.FollowerInfo (FollowerInfoImpl.java:lambda$new$0(48)) - s2@group-12AB68C5691F->s4: nextIndex: updateUnconditionally 1 -> 1
2022-09-14 11:47:26,555 [s4-server-thread2] DEBUG server.RaftServer$Division (RaftServerImpl.java:logAppendEntries(1405)) - s4@group-12AB68C5691F: receive appendEntries(s2, 2, null, 0, true, commits:[s2:c0, s3:c0, s4:c0, s0:c0, s1:c0], cId:275, entries: [(t:2, i:0), CONFIGURATIONENTRY(current:id: "s3"
address: "localhost:46799"
dataStreamAddress: "localhost:40281"
clientAddress: "localhost:46547"
adminAddress: "localhost:45171"
startupRole: FOLLOWER
,id: "s4"
address: "localhost:39419"
dataStreamAddress: "localhost:46687"
clientAddress: "localhost:41785"
adminAddress: "localhost:43995"
startupRole: FOLLOWER
,id: "s0"
address: "localhost:42481"
dataStreamAddress: "localhost:43981"
clientAddress: "localhost:42743"
adminAddress: "localhost:44771"
startupRole: FOLLOWER
,id: "s1"
address: "localhost:44073"
dataStreamAddress: "localhost:35501"
clientAddress: "localhost:39477"
adminAddress: "localhost:36871"
startupRole: FOLLOWER
,id: "s2"
address: "localhost:38365"
dataStreamAddress: "localhost:38285"
clientAddress: "localhost:40537"
adminAddress: "localhost:35135"
startupRole: FOLLOWER
, old:)]
2022-09-14 11:47:26,555 [s4-server-thread2] INFO  server.RaftServer$Division (RaftServerImpl.java:checkInconsistentAppendEntries(1576)) - s4@group-12AB68C5691F: Failed appendEntries as the first entry (index 0) already exists (snapshotIndex: -1, commitIndex: 0)
2022-09-14 11:47:26,555 [s4-server-thread2] INFO  server.RaftServer$Division (RaftServerImpl.java:checkInconsistentAppendEntries(1556)) - s4@group-12AB68C5691F: inconsistency entries. Reply:s2<-s4#275:FAIL-t2,INCONSISTENCY,nextIndex=1,followerCommit=0,matchIndex=-1
2022-09-14 11:47:26,555 [grpc-default-executor-11] INFO  leader.FollowerInfo (FollowerInfoImpl.java:lambda$new$0(48)) - s2@group-12AB68C5691F->s4: nextIndex: updateUnconditionally 1 -> 1
2022-09-14 11:47:26,556 [s4-server-thread2] DEBUG server.RaftServer$Division (RaftServerImpl.java:logAppendEntries(1405)) - s4@group-12AB68C5691F: receive appendEntries(s2, 2, null, 0, true, commits:[s2:c0, s3:c0, s4:c0, s0:c0, s1:c0], cId:276, entries: [(t:2, i:0), CONFIGURATIONENTRY(current:id: "s3"
address: "localhost:46799"
dataStreamAddress: "localhost:40281"
clientAddress: "localhost:46547"
adminAddress: "localhost:45171"
startupRole: FOLLOWER
,id: "s4"
address: "localhost:39419"
dataStreamAddress: "localhost:46687"
clientAddress: "localhost:41785"
adminAddress: "localhost:43995"
startupRole: FOLLOWER
,id: "s0"
address: "localhost:42481"
dataStreamAddress: "localhost:43981"
clientAddress: "localhost:42743"
adminAddress: "localhost:44771"
startupRole: FOLLOWER
,id: "s1"
address: "localhost:44073"
dataStreamAddress: "localhost:35501"
clientAddress: "localhost:39477"
adminAddress: "localhost:36871"
startupRole: FOLLOWER
,id: "s2"
address: "localhost:38365"
dataStreamAddress: "localhost:38285"
clientAddress: "localhost:40537"
adminAddress: "localhost:35135"
startupRole: FOLLOWER
, old:)]
2022-09-14 11:47:26,556 [s4-server-thread2] INFO  server.RaftServer$Division (RaftServerImpl.java:checkInconsistentAppendEntries(1576)) - s4@group-12AB68C5691F: Failed appendEntries as the first entry (index 0) already exists (snapshotIndex: -1, commitIndex: 0)
2022-09-14 11:47:26,556 [s4-server-thread2] INFO  server.RaftServer$Division (RaftServerImpl.java:checkInconsistentAppendEntries(1556)) - s4@group-12AB68C5691F: inconsistency entries. Reply:s2<-s4#276:FAIL-t2,INCONSISTENCY,nextIndex=1,followerCommit=0,matchIndex=-1
2022-09-14 11:47:26,556 [grpc-default-executor-11] INFO  leader.FollowerInfo (FollowerInfoImpl.java:lambda$new$0(48)) - s2@group-12AB68C5691F->s4: nextIndex: updateUnconditionally 1 -> 1
2022-09-14 11:47:26,557 [s4-server-thread2] DEBUG server.RaftServer$Division (RaftServerImpl.java:logAppendEntries(1405)) - s4@group-12AB68C5691F: receive appendEntries(s2, 2, null, 0, true, commits:[s2:c0, s3:c0, s4:c0, s0:c0, s1:c0], cId:277, entries: [(t:2, i:0), CONFIGURATIONENTRY(current:id: "s3"
address: "localhost:46799"
dataStreamAddress: "localhost:40281"
clientAddress: "localhost:46547"
adminAddress: "localhost:45171"
startupRole: FOLLOWER
,id: "s4"
address: "localhost:39419"
dataStreamAddress: "localhost:46687"
clientAddress: "localhost:41785"
adminAddress: "localhost:43995"
startupRole: FOLLOWER
,id: "s0"
address: "localhost:42481"
dataStreamAddress: "localhost:43981"
clientAddress: "localhost:42743"
adminAddress: "localhost:44771"
startupRole: FOLLOWER
,id: "s1"
address: "localhost:44073"
dataStreamAddress: "localhost:35501"
clientAddress: "localhost:39477"
adminAddress: "localhost:36871"
startupRole: FOLLOWER
,id: "s2"
address: "localhost:38365"
dataStreamAddress: "localhost:38285"
clientAddress: "localhost:40537"
adminAddress: "localhost:35135"
startupRole: FOLLOWER
, old:)]
2022-09-14 11:47:26,557 [s4-server-thread2] INFO  server.RaftServer$Division (RaftServerImpl.java:checkInconsistentAppendEntries(1576)) - s4@group-12AB68C5691F: Failed appendEntries as the first entry (index 0) already exists (snapshotIndex: -1, commitIndex: 0)
2022-09-14 11:47:26,557 [s4-server-thread2] INFO  server.RaftServer$Division (RaftServerImpl.java:checkInconsistentAppendEntries(1556)) - s4@group-12AB68C5691F: inconsistency entries. Reply:s2<-s4#277:FAIL-t2,INCONSISTENCY,nextIndex=1,followerCommit=0,matchIndex=-1
2022-09-14 11:47:26,557 [grpc-default-executor-11] INFO  leader.FollowerInfo (FollowerInfoImpl.java:lambda$new$0(48)) - s2@group-12AB68C5691F->s4: nextIndex: updateUnconditionally 1 -> 1
2022-09-14 11:47:26,634 [s4-server-thread2] INFO  server.RaftServer$Division (RaftServerImpl.java:checkInconsistentAppendEntries(1586)) - s4@group-12AB68C5691F: Failed appendEntries as previous log entry ((t:2, i:0)) is not found
2022-09-14 11:47:26,634 [s4-server-thread2] INFO  server.RaftServer$Division (RaftServerImpl.java:checkInconsistentAppendEntries(1556)) - s4@group-12AB68C5691F: inconsistency entries. Reply:s2<-s4#278:FAIL-t2,INCONSISTENCY,nextIndex=0,followerCommit=0,matchIndex=-1
2022-09-14 11:47:26,634 [grpc-default-executor-11] INFO  leader.FollowerInfo (FollowerInfoImpl.java:lambda$new$0(48)) - s2@group-12AB68C5691F->s4: nextIndex: updateUnconditionally 1 -> 0
2022-09-14 11:47:26,635 [s4-server-thread2] DEBUG server.RaftServer$Division (RaftServerImpl.java:logAppendEntries(1405)) - s4@group-12AB68C5691F: receive appendEntries(s2, 2, null, 0, true, commits:[s2:c0, s3:c0, s4:c0, s0:c0, s1:c0], cId:279, entries: [(t:2, i:0), CONFIGURATIONENTRY(current:id: "s3"
address: "localhost:46799"
dataStreamAddress: "localhost:40281"
clientAddress: "localhost:46547"
adminAddress: "localhost:45171"
startupRole: FOLLOWER
,id: "s4"
address: "localhost:39419"
dataStreamAddress: "localhost:46687"
clientAddress: "localhost:41785"
adminAddress: "localhost:43995"
startupRole: FOLLOWER
,id: "s0"
address: "localhost:42481"
dataStreamAddress: "localhost:43981"
clientAddress: "localhost:42743"
adminAddress: "localhost:44771"
startupRole: FOLLOWER
,id: "s1"
address: "localhost:44073"
dataStreamAddress: "localhost:35501"
clientAddress: "localhost:39477"
adminAddress: "localhost:36871"
startupRole: FOLLOWER
,id: "s2"
address: "localhost:38365"
dataStreamAddress: "localhost:38285"
clientAddress: "localhost:40537"
adminAddress: "localhost:35135"
startupRole: FOLLOWER
, old:)]
2022-09-14 11:47:26,636 [s4-server-thread2] INFO  server.RaftServer$Division (RaftServerImpl.java:checkInconsistentAppendEntries(1576)) - s4@group-12AB68C5691F: Failed appendEntries as the first entry (index 0) already exists (snapshotIndex: -1, commitIndex: 0)
2022-09-14 11:47:26,636 [s4-server-thread2] INFO  server.RaftServer$Division (RaftServerImpl.java:checkInconsistentAppendEntries(1556)) - s4@group-12AB68C5691F: inconsistency entries. Reply:s2<-s4#279:FAIL-t2,INCONSISTENCY,nextIndex=1,followerCommit=0,matchIndex=-1
2022-09-14 11:47:26,636 [grpc-default-executor-11] INFO  leader.FollowerInfo (FollowerInfoImpl.java:lambda$new$0(48)) - s2@group-12AB68C5691F->s4: nextIndex: updateUnconditionally 1 -> 1
2022-09-14 11:47:26,713 [s4-server-thread2] INFO  server.RaftServer$Division (RaftServerImpl.java:checkInconsistentAppendEntries(1586)) - s4@group-12AB68C5691F: Failed appendEntries as previous log entry ((t:2, i:0)) is not found
2022-09-14 11:47:26,713 [s4-server-thread2] INFO  server.RaftServer$Division (RaftServerImpl.java:checkInconsistentAppendEntries(1556)) - s4@group-12AB68C5691F: inconsistency entries. Reply:s2<-s4#280:FAIL-t2,INCONSISTENCY,nextIndex=0,followerCommit=0,matchIndex=-1
2022-09-14 11:47:26,713 [grpc-default-executor-11] INFO  leader.FollowerInfo (FollowerInfoImpl.java:lambda$new$0(48)) - s2@group-12AB68C5691F->s4: nextIndex: updateUnconditionally 1 -> 0
2022-09-14 11:47:26,714 [s4-server-thread2] DEBUG server.RaftServer$Division (RaftServerImpl.java:logAppendEntries(1405)) - s4@group-12AB68C5691F: receive appendEntries(s2, 2, null, 0, true, commits:[s2:c0, s3:c0, s4:c0, s0:c0, s1:c0], cId:281, entries: [(t:2, i:0), CONFIGURATIONENTRY(current:id: "s3"
address: "localhost:46799"
dataStreamAddress: "localhost:40281"
clientAddress: "localhost:46547"
adminAddress: "localhost:45171"
startupRole: FOLLOWER
,id: "s4"
address: "localhost:39419"
dataStreamAddress: "localhost:46687"
clientAddress: "localhost:41785"
adminAddress: "localhost:43995"
startupRole: FOLLOWER
,id: "s0"
address: "localhost:42481"
dataStreamAddress: "localhost:43981"
clientAddress: "localhost:42743"
adminAddress: "localhost:44771"
startupRole: FOLLOWER
,id: "s1"
address: "localhost:44073"
dataStreamAddress: "localhost:35501"
clientAddress: "localhost:39477"
adminAddress: "localhost:36871"
startupRole: FOLLOWER
,id: "s2"
address: "localhost:38365"
dataStreamAddress: "localhost:38285"
clientAddress: "localhost:40537"
adminAddress: "localhost:35135"
startupRole: FOLLOWER
, old:)]
2022-09-14 11:47:26,714 [s4-server-thread2] INFO  server.RaftServer$Division (RaftServerImpl.java:checkInconsistentAppendEntries(1576)) - s4@group-12AB68C5691F: Failed appendEntries as the first entry (index 0) already exists (snapshotIndex: -1, commitIndex: 0)
2022-09-14 11:47:26,714 [s4-server-thread2] INFO  server.RaftServer$Division (RaftServerImpl.java:checkInconsistentAppendEntries(1556)) - s4@group-12AB68C5691F: inconsistency entries. Reply:s2<-s4#281:FAIL-t2,INCONSISTENCY,nextIndex=1,followerCommit=0,matchIndex=-1
2022-09-14 11:47:26,715 [grpc-default-executor-11] INFO  leader.FollowerInfo (FollowerInfoImpl.java:lambda$new$0(48)) - s2@group-12AB68C5691F->s4: nextIndex: updateUnconditionally 1 -> 1
2022-09-14 11:47:26,791 [s4-server-thread2] INFO  server.RaftServer$Division (RaftServerImpl.java:checkInconsistentAppendEntries(1586)) - s4@group-12AB68C5691F: Failed appendEntries as previous log entry ((t:2, i:0)) is not found
2022-09-14 11:47:26,791 [s4-server-thread2] INFO  server.RaftServer$Division (RaftServerImpl.java:checkInconsistentAppendEntries(1556)) - s4@group-12AB68C5691F: inconsistency entries. Reply:s2<-s4#282:FAIL-t2,INCONSISTENCY,nextIndex=0,followerCommit=0,matchIndex=-1
2022-09-14 11:47:26,791 [grpc-default-executor-11] INFO  leader.FollowerInfo (FollowerInfoImpl.java:lambda$new$0(48)) - s2@group-12AB68C5691F->s4: nextIndex: updateUnconditionally 1 -> 0
2022-09-14 11:47:26,792 [s4-server-thread2] DEBUG server.RaftServer$Division (RaftServerImpl.java:logAppendEntries(1405)) - s4@group-12AB68C5691F: receive appendEntries(s2, 2, null, 0, true, commits:[s2:c0, s3:c0, s4:c0, s0:c0, s1:c0], cId:283, entries: [(t:2, i:0), CONFIGURATIONENTRY(current:id: "s3"
address: "localhost:46799"
dataStreamAddress: "localhost:40281"
clientAddress: "localhost:46547"
adminAddress: "localhost:45171"
startupRole: FOLLOWER
,id: "s4"
address: "localhost:39419"
dataStreamAddress: "localhost:46687"
clientAddress: "localhost:41785"
adminAddress: "localhost:43995"
startupRole: FOLLOWER
,id: "s0"
address: "localhost:42481"
dataStreamAddress: "localhost:43981"
clientAddress: "localhost:42743"
adminAddress: "localhost:44771"
startupRole: FOLLOWER
,id: "s1"
address: "localhost:44073"
dataStreamAddress: "localhost:35501"
clientAddress: "localhost:39477"
adminAddress: "localhost:36871"
startupRole: FOLLOWER
,id: "s2"
address: "localhost:38365"
dataStreamAddress: "localhost:38285"
clientAddress: "localhost:40537"
adminAddress: "localhost:35135"
startupRole: FOLLOWER
, old:)]
2022-09-14 11:47:26,792 [s4-server-thread2] INFO  server.RaftServer$Division (RaftServerImpl.java:checkInconsistentAppendEntries(1576)) - s4@group-12AB68C5691F: Failed appendEntries as the first entry (index 0) already exists (snapshotIndex: -1, commitIndex: 0)
2022-09-14 11:47:26,792 [s4-server-thread2] INFO  server.RaftServer$Division (RaftServerImpl.java:checkInconsistentAppendEntries(1556)) - s4@group-12AB68C5691F: inconsistency entries. Reply:s2<-s4#283:FAIL-t2,INCONSISTENCY,nextIndex=1,followerCommit=0,matchIndex=-1
2022-09-14 11:47:26,793 [grpc-default-executor-11] INFO  leader.FollowerInfo (FollowerInfoImpl.java:lambda$new$0(48)) - s2@group-12AB68C5691F->s4: nextIndex: updateUnconditionally 1 -> 1
2022-09-14 11:47:26,870 [s4-server-thread2] INFO  server.RaftServer$Division (RaftServerImpl.java:checkInconsistentAppendEntries(1586)) - s4@group-12AB68C5691F: Failed appendEntries as previous log entry ((t:2, i:0)) is not found
2022-09-14 11:47:26,870 [s4-server-thread2] INFO  server.RaftServer$Division (RaftServerImpl.java:checkInconsistentAppendEntries(1556)) - s4@group-12AB68C5691F: inconsistency entries. Reply:s2<-s4#284:FAIL-t2,INCONSISTENCY,nextIndex=0,followerCommit=0,matchIndex=-1
2022-09-14 11:47:26,870 [grpc-default-executor-11] INFO  leader.FollowerInfo (FollowerInfoImpl.java:lambda$new$0(48)) - s2@group-12AB68C5691F->s4: nextIndex: updateUnconditionally 1 -> 0
2022-09-14 11:47:26,871 [s4-server-thread2] DEBUG server.RaftServer$Division (RaftServerImpl.java:logAppendEntries(1405)) - s4@group-12AB68C5691F: receive appendEntries(s2, 2, null, 0, true, commits:[s2:c0, s3:c0, s4:c0, s0:c0, s1:c0], cId:285, entries: [(t:2, i:0), CONFIGURATIONENTRY(current:id: "s3"
address: "localhost:46799"
dataStreamAddress: "localhost:40281"
clientAddress: "localhost:46547"
adminAddress: "localhost:45171"
startupRole: FOLLOWER
,id: "s4"
address: "localhost:39419"
dataStreamAddress: "localhost:46687"
clientAddress: "localhost:41785"
adminAddress: "localhost:43995"
startupRole: FOLLOWER
,id: "s0"
address: "localhost:42481"
dataStreamAddress: "localhost:43981"
clientAddress: "localhost:42743"
adminAddress: "localhost:44771"
startupRole: FOLLOWER
,id: "s1"
address: "localhost:44073"
dataStreamAddress: "localhost:35501"
clientAddress: "localhost:39477"
adminAddress: "localhost:36871"
startupRole: FOLLOWER
,id: "s2"
address: "localhost:38365"
dataStreamAddress: "localhost:38285"
clientAddress: "localhost:40537"
adminAddress: "localhost:35135"
startupRole: FOLLOWER
, old:)]
2022-09-14 11:47:26,871 [s4-server-thread2] INFO  server.RaftServer$Division (RaftServerImpl.java:checkInconsistentAppendEntries(1576)) - s4@group-12AB68C5691F: Failed appendEntries as the first entry (index 0) already exists (snapshotIndex: -1, commitIndex: 0)
2022-09-14 11:47:26,871 [s4-server-thread2] INFO  server.RaftServer$Division (RaftServerImpl.java:checkInconsistentAppendEntries(1556)) - s4@group-12AB68C5691F: inconsistency entries. Reply:s2<-s4#285:FAIL-t2,INCONSISTENCY,nextIndex=1,followerCommit=0,matchIndex=-1
2022-09-14 11:47:26,872 [grpc-default-executor-11] INFO  leader.FollowerInfo (FollowerInfoImpl.java:lambda$new$0(48)) - s2@group-12AB68C5691F->s4: nextIndex: updateUnconditionally 1 -> 1
2022-09-14 11:47:26,948 [s4-server-thread2] INFO  server.RaftServer$Division (RaftServerImpl.java:checkInconsistentAppendEntries(1586)) - s4@group-12AB68C5691F: Failed appendEntries as previous log entry ((t:2, i:0)) is not found
2022-09-14 11:47:26,948 [s4-server-thread2] INFO  server.RaftServer$Division (RaftServerImpl.java:checkInconsistentAppendEntries(1556)) - s4@group-12AB68C5691F: inconsistency entries. Reply:s2<-s4#286:FAIL-t2,INCONSISTENCY,nextIndex=0,followerCommit=0,matchIndex=-1
2022-09-14 11:47:26,949 [grpc-default-executor-11] INFO  leader.FollowerInfo (FollowerInfoImpl.java:lambda$new$0(48)) - s2@group-12AB68C5691F->s4: nextIndex: updateUnconditionally 1 -> 0
2022-09-14 11:47:26,949 [s4-server-thread2] DEBUG server.RaftServer$Division (RaftServerImpl.java:logAppendEntries(1405)) - s4@group-12AB68C5691F: receive appendEntries(s2, 2, null, 0, true, commits:[s2:c0, s3:c0, s4:c0, s0:c0, s1:c0], cId:287, entries: [(t:2, i:0), CONFIGURATIONENTRY(current:id: "s3"
address: "localhost:46799"
dataStreamAddress: "localhost:40281"
clientAddress: "localhost:46547"
adminAddress: "localhost:45171"
startupRole: FOLLOWER
,id: "s4"
address: "localhost:39419"
dataStreamAddress: "localhost:46687"
clientAddress: "localhost:41785"
adminAddress: "localhost:43995"
startupRole: FOLLOWER
,id: "s0"
address: "localhost:42481"
dataStreamAddress: "localhost:43981"
clientAddress: "localhost:42743"
adminAddress: "localhost:44771"
startupRole: FOLLOWER
,id: "s1"
address: "localhost:44073"
dataStreamAddress: "localhost:35501"
clientAddress: "localhost:39477"
adminAddress: "localhost:36871"
startupRole: FOLLOWER
,id: "s2"
address: "localhost:38365"
dataStreamAddress: "localhost:38285"
clientAddress: "localhost:40537"
adminAddress: "localhost:35135"
startupRole: FOLLOWER
, old:)]
2022-09-14 11:47:26,949 [s4-server-thread2] INFO  server.RaftServer$Division (RaftServerImpl.java:checkInconsistentAppendEntries(1576)) - s4@group-12AB68C5691F: Failed appendEntries as the first entry (index 0) already exists (snapshotIndex: -1, commitIndex: 0)
2022-09-14 11:47:26,949 [s4-server-thread2] INFO  server.RaftServer$Division (RaftServerImpl.java:checkInconsistentAppendEntries(1556)) - s4@group-12AB68C5691F: inconsistency entries. Reply:s2<-s4#287:FAIL-t2,INCONSISTENCY,nextIndex=1,followerCommit=0,matchIndex=-1
2022-09-14 11:47:26,950 [grpc-default-executor-11] INFO  leader.FollowerInfo (FollowerInfoImpl.java:lambda$new$0(48)) - s2@group-12AB68C5691F->s4: nextIndex: updateUnconditionally 1 -> 1
2022-09-14 11:47:27,029 [s4-server-thread2] INFO  server.RaftServer$Division (RaftServerImpl.java:checkInconsistentAppendEntries(1586)) - s4@group-12AB68C5691F: Failed appendEntries as previous log entry ((t:2, i:0)) is not found
2022-09-14 11:47:27,029 [s4-server-thread2] INFO  server.RaftServer$Division (RaftServerImpl.java:checkInconsistentAppendEntries(1556)) - s4@group-12AB68C5691F: inconsistency entries. Reply:s2<-s4#288:FAIL-t2,INCONSISTENCY,nextIndex=0,followerCommit=0,matchIndex=-1
2022-09-14 11:47:27,030 [grpc-default-executor-37] INFO  leader.FollowerInfo (FollowerInfoImpl.java:lambda$new$0(48)) - s2@group-12AB68C5691F->s4: nextIndex: updateUnconditionally 1 -> 0
2022-09-14 11:47:27,031 [s4-server-thread2] DEBUG server.RaftServer$Division (RaftServerImpl.java:logAppendEntries(1405)) - s4@group-12AB68C5691F: receive appendEntries(s2, 2, null, 0, true, commits:[s2:c0, s3:c0, s4:c0, s0:c0, s1:c0], cId:289, entries: [(t:2, i:0), CONFIGURATIONENTRY(current:id: "s3"
address: "localhost:46799"
dataStreamAddress: "localhost:40281"
clientAddress: "localhost:46547"
adminAddress: "localhost:45171"
startupRole: FOLLOWER
,id: "s4"
address: "localhost:39419"
dataStreamAddress: "localhost:46687"
clientAddress: "localhost:41785"
adminAddress: "localhost:43995"
startupRole: FOLLOWER
,id: "s0"
address: "localhost:42481"
dataStreamAddress: "localhost:43981"
clientAddress: "localhost:42743"
adminAddress: "localhost:44771"
startupRole: FOLLOWER
,id: "s1"
address: "localhost:44073"
dataStreamAddress: "localhost:35501"
clientAddress: "localhost:39477"
adminAddress: "localhost:36871"
startupRole: FOLLOWER
,id: "s2"
address: "localhost:38365"
dataStreamAddress: "localhost:38285"
clientAddress: "localhost:40537"
adminAddress: "localhost:35135"
startupRole: FOLLOWER
, old:)]
2022-09-14 11:47:27,031 [s4-server-thread2] INFO  server.RaftServer$Division (RaftServerImpl.java:checkInconsistentAppendEntries(1576)) - s4@group-12AB68C5691F: Failed appendEntries as the first entry (index 0) already exists (snapshotIndex: -1, commitIndex: 0)
2022-09-14 11:47:27,031 [s4-server-thread2] INFO  server.RaftServer$Division (RaftServerImpl.java:checkInconsistentAppendEntries(1556)) - s4@group-12AB68C5691F: inconsistency entries. Reply:s2<-s4#289:FAIL-t2,INCONSISTENCY,nextIndex=1,followerCommit=0,matchIndex=-1
2022-09-14 11:47:27,031 [grpc-default-executor-37] INFO  leader.FollowerInfo (FollowerInfoImpl.java:lambda$new$0(48)) - s2@group-12AB68C5691F->s4: nextIndex: updateUnconditionally 1 -> 1
2022-09-14 11:47:27,110 [s4-server-thread2] INFO  server.RaftServer$Division (RaftServerImpl.java:checkInconsistentAppendEntries(1586)) - s4@group-12AB68C5691F: Failed appendEntries as previous log entry ((t:2, i:0)) is not found
2022-09-14 11:47:27,110 [s4-server-thread2] INFO  server.RaftServer$Division (RaftServerImpl.java:checkInconsistentAppendEntries(1556)) - s4@group-12AB68C5691F: inconsistency entries. Reply:s2<-s4#290:FAIL-t2,INCONSISTENCY,nextIndex=0,followerCommit=0,matchIndex=-1
2022-09-14 11:47:27,112 [grpc-default-executor-37] INFO  leader.FollowerInfo (FollowerInfoImpl.java:lambda$new$0(48)) - s2@group-12AB68C5691F->s4: nextIndex: updateUnconditionally 1 -> 0
2022-09-14 11:47:27,113 [s4-server-thread2] DEBUG server.RaftServer$Division (RaftServerImpl.java:logAppendEntries(1405)) - s4@group-12AB68C5691F: receive appendEntries(s2, 2, null, 0, true, commits:[s2:c0, s3:c0, s4:c0, s0:c0, s1:c0], cId:291, entries: [(t:2, i:0), CONFIGURATIONENTRY(current:id: "s3"
address: "localhost:46799"
dataStreamAddress: "localhost:40281"
clientAddress: "localhost:46547"
adminAddress: "localhost:45171"
startupRole: FOLLOWER
,id: "s4"
address: "localhost:39419"
dataStreamAddress: "localhost:46687"
clientAddress: "localhost:41785"
adminAddress: "localhost:43995"
startupRole: FOLLOWER
,id: "s0"
address: "localhost:42481"
dataStreamAddress: "localhost:43981"
clientAddress: "localhost:42743"
adminAddress: "localhost:44771"
startupRole: FOLLOWER
,id: "s1"
address: "localhost:44073"
dataStreamAddress: "localhost:35501"
clientAddress: "localhost:39477"
adminAddress: "localhost:36871"
startupRole: FOLLOWER
,id: "s2"
address: "localhost:38365"
dataStreamAddress: "localhost:38285"
clientAddress: "localhost:40537"
adminAddress: "localhost:35135"
startupRole: FOLLOWER
, old:)]
2022-09-14 11:47:27,113 [s4-server-thread2] INFO  server.RaftServer$Division (RaftServerImpl.java:checkInconsistentAppendEntries(1576)) - s4@group-12AB68C5691F: Failed appendEntries as the first entry (index 0) already exists (snapshotIndex: -1, commitIndex: 0)
2022-09-14 11:47:27,113 [s4-server-thread2] INFO  server.RaftServer$Division (RaftServerImpl.java:checkInconsistentAppendEntries(1556)) - s4@group-12AB68C5691F: inconsistency entries. Reply:s2<-s4#291:FAIL-t2,INCONSISTENCY,nextIndex=1,followerCommit=0,matchIndex=-1
2022-09-14 11:47:27,113 [grpc-default-executor-37] INFO  leader.FollowerInfo (FollowerInfoImpl.java:lambda$new$0(48)) - s2@group-12AB68C5691F->s4: nextIndex: updateUnconditionally 1 -> 1
2022-09-14 11:47:27,189 [s4-server-thread2] INFO  server.RaftServer$Division (RaftServerImpl.java:checkInconsistentAppendEntries(1586)) - s4@group-12AB68C5691F: Failed appendEntries as previous log entry ((t:2, i:0)) is not found
2022-09-14 11:47:27,189 [s4-server-thread2] INFO  server.RaftServer$Division (RaftServerImpl.java:checkInconsistentAppendEntries(1556)) - s4@group-12AB68C5691F: inconsistency entries. Reply:s2<-s4#292:FAIL-t2,INCONSISTENCY,nextIndex=0,followerCommit=0,matchIndex=-1
2022-09-14 11:47:27,190 [grpc-default-executor-37] INFO  leader.FollowerInfo (FollowerInfoImpl.java:lambda$new$0(48)) - s2@group-12AB68C5691F->s4: nextIndex: updateUnconditionally 1 -> 0
2022-09-14 11:47:27,190 [s4-server-thread2] DEBUG server.RaftServer$Division (RaftServerImpl.java:logAppendEntries(1405)) - s4@group-12AB68C5691F: receive appendEntries(s2, 2, null, 0, true, commits:[s2:c0, s3:c0, s4:c0, s0:c0, s1:c0], cId:293, entries: [(t:2, i:0), CONFIGURATIONENTRY(current:id: "s3"
address: "localhost:46799"
dataStreamAddress: "localhost:40281"
clientAddress: "localhost:46547"
adminAddress: "localhost:45171"
startupRole: FOLLOWER
,id: "s4"
address: "localhost:39419"
dataStreamAddress: "localhost:46687"
clientAddress: "localhost:41785"
adminAddress: "localhost:43995"
startupRole: FOLLOWER
,id: "s0"
address: "localhost:42481"
dataStreamAddress: "localhost:43981"
clientAddress: "localhost:42743"
adminAddress: "localhost:44771"
startupRole: FOLLOWER
,id: "s1"
address: "localhost:44073"
dataStreamAddress: "localhost:35501"
clientAddress: "localhost:39477"
adminAddress: "localhost:36871"
startupRole: FOLLOWER
,id: "s2"
address: "localhost:38365"
dataStreamAddress: "localhost:38285"
clientAddress: "localhost:40537"
adminAddress: "localhost:35135"
startupRole: FOLLOWER
, old:)]
2022-09-14 11:47:27,191 [s4-server-thread2] INFO  server.RaftServer$Division (RaftServerImpl.java:checkInconsistentAppendEntries(1576)) - s4@group-12AB68C5691F: Failed appendEntries as the first entry (index 0) already exists (snapshotIndex: -1, commitIndex: 0)
2022-09-14 11:47:27,191 [s4-server-thread2] INFO  server.RaftServer$Division (RaftServerImpl.java:checkInconsistentAppendEntries(1556)) - s4@group-12AB68C5691F: inconsistency entries. Reply:s2<-s4#293:FAIL-t2,INCONSISTENCY,nextIndex=1,followerCommit=0,matchIndex=-1
2022-09-14 11:47:27,191 [grpc-default-executor-37] INFO  leader.FollowerInfo (FollowerInfoImpl.java:lambda$new$0(48)) - s2@group-12AB68C5691F->s4: nextIndex: updateUnconditionally 1 -> 1
2022-09-14 11:47:27,226 [Time-limited test] INFO  grpc.TestLeaderElectionWithGrpc (LeaderElectionTests.java:enforceLeader(292)) - try enforcing leader to s4 but new leader is s2
2022-09-14 11:47:27,227 [Time-limited test] INFO  server.RaftServerConfigKeys (ConfUtils.java:logGet(46)) - raft.server.rpc.timeout.max = 300ms (default)
2022-09-14 11:47:27,267 [s2@group-12AB68C5691F->s4-GrpcLogAppender-LogAppenderDaemon] INFO  util.CodeInjectionForTesting (DelayLocalExecutionInjection.java:execute(65)) - s2 delay 150 ms, args=[serverRequest {
  requestorId: "s2"
  replyId: "s4"
  raftGroupId {
    id: "\326\216l\301\220x@5\222b\022\253h\305i\037"
  }
  callId: 294
  slidingWindowEntry {
  }
}
leaderTerm: 2
previousLog {
  term: 2
}
initializing: true
commitInfos {
  server {
    id: "s2"
    address: "localhost:38365"
    dataStreamAddress: "localhost:38285"
    clientAddress: "localhost:40537"
    adminAddress: "localhost:35135"
    startupRole: FOLLOWER
  }
}
commitInfos {
  server {
    id: "s3"
    address: "localhost:46799"
    dataStreamAddress: "localhost:40281"
    clientAddress: "localhost:46547"
    adminAddress: "localhost:45171"
    startupRole: FOLLOWER
  }
}
commitInfos {
  server {
    id: "s4"
    address: "localhost:39419"
    dataStreamAddress: "localhost:46687"
    clientAddress: "localhost:41785"
    adminAddress: "localhost:43995"
    startupRole: FOLLOWER
  }
}
commitInfos {
  server {
    id: "s0"
    address: "localhost:42481"
    dataStreamAddress: "localhost:43981"
    clientAddress: "localhost:42743"
    adminAddress: "localhost:44771"
    startupRole: FOLLOWER
  }
}
commitInfos {
  server {
    id: "s1"
    address: "localhost:44073"
    dataStreamAddress: "localhost:35501"
    clientAddress: "localhost:39477"
    adminAddress: "localhost:36871"
    startupRole: FOLLOWER
  }
}
]
2022-09-14 11:47:27,282 [s2@group-12AB68C5691F->s0-GrpcLogAppender-LogAppenderDaemon] INFO  util.CodeInjectionForTesting (DelayLocalExecutionInjection.java:execute(65)) - s2 delay 150 ms, args=[serverRequest {
  requestorId: "s2"
  replyId: "s0"
  raftGroupId {
    id: "\326\216l\301\220x@5\222b\022\253h\305i\037"
  }
  callId: 151
  slidingWindowEntry {
  }
}
leaderTerm: 2
previousLog {
  term: 2
}
initializing: true
commitInfos {
  server {
    id: "s2"
    address: "localhost:38365"
    dataStreamAddress: "localhost:38285"
    clientAddress: "localhost:40537"
    adminAddress: "localhost:35135"
    startupRole: FOLLOWER
  }
}
commitInfos {
  server {
    id: "s3"
    address: "localhost:46799"
    dataStreamAddress: "localhost:40281"
    clientAddress: "localhost:46547"
    adminAddress: "localhost:45171"
    startupRole: FOLLOWER
  }
}
commitInfos {
  server {
    id: "s4"
    address: "localhost:39419"
    dataStreamAddress: "localhost:46687"
    clientAddress: "localhost:41785"
    adminAddress: "localhost:43995"
    startupRole: FOLLOWER
  }
}
commitInfos {
  server {
    id: "s0"
    address: "localhost:42481"
    dataStreamAddress: "localhost:43981"
    clientAddress: "localhost:42743"
    adminAddress: "localhost:44771"
    startupRole: FOLLOWER
  }
}
commitInfos {
  server {
    id: "s1"
    address: "localhost:44073"
    dataStreamAddress: "localhost:35501"
    clientAddress: "localhost:39477"
    adminAddress: "localhost:36871"
    startupRole: FOLLOWER
  }
}
]
2022-09-14 11:47:27,282 [s2@group-12AB68C5691F->s1-GrpcLogAppender-LogAppenderDaemon] INFO  util.CodeInjectionForTesting (DelayLocalExecutionInjection.java:execute(65)) - s2 delay 150 ms, args=[serverRequest {
  requestorId: "s2"
  replyId: "s1"
  raftGroupId {
    id: "\326\216l\301\220x@5\222b\022\253h\305i\037"
  }
  callId: 151
  slidingWindowEntry {
  }
}
leaderTerm: 2
previousLog {
  term: 2
}
initializing: true
commitInfos {
  server {
    id: "s2"
    address: "localhost:38365"
    dataStreamAddress: "localhost:38285"
    clientAddress: "localhost:40537"
    adminAddress: "localhost:35135"
    startupRole: FOLLOWER
  }
}
commitInfos {
  server {
    id: "s3"
    address: "localhost:46799"
    dataStreamAddress: "localhost:40281"
    clientAddress: "localhost:46547"
    adminAddress: "localhost:45171"
    startupRole: FOLLOWER
  }
}
commitInfos {
  server {
    id: "s4"
    address: "localhost:39419"
    dataStreamAddress: "localhost:46687"
    clientAddress: "localhost:41785"
    adminAddress: "localhost:43995"
    startupRole: FOLLOWER
  }
}
commitInfos {
  server {
    id: "s0"
    address: "localhost:42481"
    dataStreamAddress: "localhost:43981"
    clientAddress: "localhost:42743"
    adminAddress: "localhost:44771"
    startupRole: FOLLOWER
  }
}
commitInfos {
  server {
    id: "s1"
    address: "localhost:44073"
    dataStreamAddress: "localhost:35501"
    clientAddress: "localhost:39477"
    adminAddress: "localhost:36871"
    startupRole: FOLLOWER
  }
}
]
2022-09-14 11:47:27,289 [s2@group-12AB68C5691F->s3-GrpcLogAppender-LogAppenderDaemon] INFO  util.CodeInjectionForTesting (DelayLocalExecutionInjection.java:execute(65)) - s2 delay 150 ms, args=[serverRequest {
  requestorId: "s2"
  replyId: "s3"
  raftGroupId {
    id: "\326\216l\301\220x@5\222b\022\253h\305i\037"
  }
  callId: 160
  slidingWindowEntry {
  }
}
leaderTerm: 2
previousLog {
  term: 2
}
initializing: true
commitInfos {
  server {
    id: "s2"
    address: "localhost:38365"
    dataStreamAddress: "localhost:38285"
    clientAddress: "localhost:40537"
    adminAddress: "localhost:35135"
    startupRole: FOLLOWER
  }
}
commitInfos {
  server {
    id: "s3"
    address: "localhost:46799"
    dataStreamAddress: "localhost:40281"
    clientAddress: "localhost:46547"
    adminAddress: "localhost:45171"
    startupRole: FOLLOWER
  }
}
commitInfos {
  server {
    id: "s4"
    address: "localhost:39419"
    dataStreamAddress: "localhost:46687"
    clientAddress: "localhost:41785"
    adminAddress: "localhost:43995"
    startupRole: FOLLOWER
  }
}
commitInfos {
  server {
    id: "s0"
    address: "localhost:42481"
    dataStreamAddress: "localhost:43981"
    clientAddress: "localhost:42743"
    adminAddress: "localhost:44771"
    startupRole: FOLLOWER
  }
}
commitInfos {
  server {
    id: "s1"
    address: "localhost:44073"
    dataStreamAddress: "localhost:35501"
    clientAddress: "localhost:39477"
    adminAddress: "localhost:36871"
    startupRole: FOLLOWER
  }
}
]
2022-09-14 11:47:27,418 [s4-server-thread2] INFO  util.CodeInjectionForTesting (BlockRequestHandlingInjection.java:execute(77)) - s4: Block request from s2
2022-09-14 11:47:27,455 [s2@group-12AB68C5691F->s4-GrpcLogAppender-LogAppenderDaemon] INFO  util.CodeInjectionForTesting (DelayLocalExecutionInjection.java:execute(65)) - s2 delay 150 ms, args=[serverRequest {
  requestorId: "s2"
  replyId: "s4"
  raftGroupId {
    id: "\326\216l\301\220x@5\222b\022\253h\305i\037"
  }
  callId: 295
  slidingWindowEntry {
  }
}
leaderTerm: 2
previousLog {
  term: 2
}
initializing: true
commitInfos {
  server {
    id: "s2"
    address: "localhost:38365"
    dataStreamAddress: "localhost:38285"
    clientAddress: "localhost:40537"
    adminAddress: "localhost:35135"
    startupRole: FOLLOWER
  }
}
commitInfos {
  server {
    id: "s3"
    address: "localhost:46799"
    dataStreamAddress: "localhost:40281"
    clientAddress: "localhost:46547"
    adminAddress: "localhost:45171"
    startupRole: FOLLOWER
  }
}
commitInfos {
  server {
    id: "s4"
    address: "localhost:39419"
    dataStreamAddress: "localhost:46687"
    clientAddress: "localhost:41785"
    adminAddress: "localhost:43995"
    startupRole: FOLLOWER
  }
}
commitInfos {
  server {
    id: "s0"
    address: "localhost:42481"
    dataStreamAddress: "localhost:43981"
    clientAddress: "localhost:42743"
    adminAddress: "localhost:44771"
    startupRole: FOLLOWER
  }
}
commitInfos {
  server {
    id: "s1"
    address: "localhost:44073"
    dataStreamAddress: "localhost:35501"
    clientAddress: "localhost:39477"
    adminAddress: "localhost:36871"
    startupRole: FOLLOWER
  }
}
]
2022-09-14 11:47:27,486 [s4@group-12AB68C5691F-FollowerState] INFO  impl.FollowerState (FollowerState.java:run(141)) - s4@group-12AB68C5691F-FollowerState: change to CANDIDATE, lastRpcElapsedTime:295014744ns, electionTimeout:165ms
2022-09-14 11:47:27,486 [s4@group-12AB68C5691F-FollowerState] INFO  impl.RoleInfo (RoleInfo.java:shutdownFollowerState(110)) - s4: shutdown s4@group-12AB68C5691F-FollowerState
2022-09-14 11:47:27,486 [s4@group-12AB68C5691F-FollowerState] INFO  server.RaftServer$Division (RaftServerImpl.java:setRole(317)) - s4@group-12AB68C5691F: changes role from  FOLLOWER to CANDIDATE at term 2 for changeToCandidate
2022-09-14 11:47:27,486 [s4@group-12AB68C5691F-FollowerState] INFO  server.RaftServerConfigKeys (ConfUtils.java:logGet(46)) - raft.server.leaderelection.pre-vote = true (default)
2022-09-14 11:47:27,486 [s4@group-12AB68C5691F-FollowerState] INFO  impl.RoleInfo (RoleInfo.java:updateAndGet(139)) - s4: start s4@group-12AB68C5691F-LeaderElection47
2022-09-14 11:47:27,487 [s4@group-12AB68C5691F-LeaderElection47] INFO  server.RaftServer$Division (ServerState.java:setLeader(259)) - s4@group-12AB68C5691F: change Leader from s2 to null at term 2 for PRE_VOTE
2022-09-14 11:47:27,487 [s4@group-12AB68C5691F-LeaderElection47] INFO  impl.LeaderElection (LeaderElection.java:askForVotes(308)) - s4@group-12AB68C5691F-LeaderElection47 PRE_VOTE round 0: submit vote requests at term 2 for 0: peers:[s3|rpc:localhost:46799|admin:localhost:45171|client:localhost:46547|dataStream:localhost:40281|priority:0|startupRole:FOLLOWER, s4|rpc:localhost:39419|admin:localhost:43995|client:localhost:41785|dataStream:localhost:46687|priority:0|startupRole:FOLLOWER, s0|rpc:localhost:42481|admin:localhost:44771|client:localhost:42743|dataStream:localhost:43981|priority:0|startupRole:FOLLOWER, s1|rpc:localhost:44073|admin:localhost:36871|client:localhost:39477|dataStream:localhost:35501|priority:0|startupRole:FOLLOWER, s2|rpc:localhost:38365|admin:localhost:35135|client:localhost:40537|dataStream:localhost:38285|priority:0|startupRole:FOLLOWER]|listeners:[], old=null
2022-09-14 11:47:27,490 [grpc-default-executor-11] INFO  server.RaftServer$Division (RaftServerImpl.java:requestVote(1281)) - s0@group-12AB68C5691F: receive requestVote(PRE_VOTE, s4, group-12AB68C5691F, 2, (t:1, i:0))
2022-09-14 11:47:27,490 [grpc-default-executor-11] INFO  impl.VoteContext (VoteContext.java:log(49)) - s0@group-12AB68C5691F-FOLLOWER: reject PRE_VOTE from s4: this server is a follower and still has a valid leader s2
2022-09-14 11:47:27,490 [grpc-default-executor-11] INFO  server.RaftServer$Division (RaftServerImpl.java:requestVote(1314)) - s0@group-12AB68C5691F replies to PRE_VOTE vote request: s4<-s0#0:FAIL-t2. Peer's state: s0@group-12AB68C5691F:t2, leader=s2, voted=s2, raftlog=Memoized:s0@group-12AB68C5691F-SegmentedRaftLog:OPENED:c0, conf=0: peers:[s3|rpc:localhost:46799|admin:localhost:45171|client:localhost:46547|dataStream:localhost:40281|priority:0|startupRole:FOLLOWER, s4|rpc:localhost:39419|admin:localhost:43995|client:localhost:41785|dataStream:localhost:46687|priority:0|startupRole:FOLLOWER, s0|rpc:localhost:42481|admin:localhost:44771|client:localhost:42743|dataStream:localhost:43981|priority:0|startupRole:FOLLOWER, s1|rpc:localhost:44073|admin:localhost:36871|client:localhost:39477|dataStream:localhost:35501|priority:0|startupRole:FOLLOWER, s2|rpc:localhost:38365|admin:localhost:35135|client:localhost:40537|dataStream:localhost:38285|priority:0|startupRole:FOLLOWER]|listeners:[], old=null
2022-09-14 11:47:27,491 [grpc-default-executor-19] INFO  server.RaftServer$Division (RaftServerImpl.java:requestVote(1281)) - s3@group-12AB68C5691F: receive requestVote(PRE_VOTE, s4, group-12AB68C5691F, 2, (t:1, i:0))
2022-09-14 11:47:27,491 [grpc-default-executor-19] INFO  impl.VoteContext (VoteContext.java:log(49)) - s3@group-12AB68C5691F-FOLLOWER: reject PRE_VOTE from s4: this server is a follower and still has a valid leader s2
2022-09-14 11:47:27,491 [grpc-default-executor-19] INFO  server.RaftServer$Division (RaftServerImpl.java:requestVote(1314)) - s3@group-12AB68C5691F replies to PRE_VOTE vote request: s4<-s3#0:FAIL-t2. Peer's state: s3@group-12AB68C5691F:t2, leader=s2, voted=s2, raftlog=Memoized:s3@group-12AB68C5691F-SegmentedRaftLog:OPENED:c0, conf=0: peers:[s3|rpc:localhost:46799|admin:localhost:45171|client:localhost:46547|dataStream:localhost:40281|priority:0|startupRole:FOLLOWER, s4|rpc:localhost:39419|admin:localhost:43995|client:localhost:41785|dataStream:localhost:46687|priority:0|startupRole:FOLLOWER, s0|rpc:localhost:42481|admin:localhost:44771|client:localhost:42743|dataStream:localhost:43981|priority:0|startupRole:FOLLOWER, s1|rpc:localhost:44073|admin:localhost:36871|client:localhost:39477|dataStream:localhost:35501|priority:0|startupRole:FOLLOWER, s2|rpc:localhost:38365|admin:localhost:35135|client:localhost:40537|dataStream:localhost:38285|priority:0|startupRole:FOLLOWER]|listeners:[], old=null
2022-09-14 11:47:27,493 [grpc-default-executor-11] INFO  server.RaftServer$Division (RaftServerImpl.java:requestVote(1281)) - s1@group-12AB68C5691F: receive requestVote(PRE_VOTE, s4, group-12AB68C5691F, 2, (t:1, i:0))
2022-09-14 11:47:27,493 [grpc-default-executor-11] INFO  impl.VoteContext (VoteContext.java:log(49)) - s1@group-12AB68C5691F-FOLLOWER: reject PRE_VOTE from s4: this server is a follower and still has a valid leader s2
2022-09-14 11:47:27,493 [grpc-default-executor-19] INFO  server.RaftServer$Division (RaftServerImpl.java:requestVote(1281)) - s2@group-12AB68C5691F: receive requestVote(PRE_VOTE, s4, group-12AB68C5691F, 2, (t:1, i:0))
2022-09-14 11:47:27,493 [grpc-default-executor-11] INFO  server.RaftServer$Division (RaftServerImpl.java:requestVote(1314)) - s1@group-12AB68C5691F replies to PRE_VOTE vote request: s4<-s1#0:FAIL-t2. Peer's state: s1@group-12AB68C5691F:t2, leader=s2, voted=s2, raftlog=Memoized:s1@group-12AB68C5691F-SegmentedRaftLog:OPENED:c0, conf=0: peers:[s3|rpc:localhost:46799|admin:localhost:45171|client:localhost:46547|dataStream:localhost:40281|priority:0|startupRole:FOLLOWER, s4|rpc:localhost:39419|admin:localhost:43995|client:localhost:41785|dataStream:localhost:46687|priority:0|startupRole:FOLLOWER, s0|rpc:localhost:42481|admin:localhost:44771|client:localhost:42743|dataStream:localhost:43981|priority:0|startupRole:FOLLOWER, s1|rpc:localhost:44073|admin:localhost:36871|client:localhost:39477|dataStream:localhost:35501|priority:0|startupRole:FOLLOWER, s2|rpc:localhost:38365|admin:localhost:35135|client:localhost:40537|dataStream:localhost:38285|priority:0|startupRole:FOLLOWER]|listeners:[], old=null
2022-09-14 11:47:27,493 [grpc-default-executor-19] INFO  impl.VoteContext (VoteContext.java:log(49)) - s2@group-12AB68C5691F-LEADER: reject PRE_VOTE from s4: this server is the leader and still has leadership
2022-09-14 11:47:27,494 [grpc-default-executor-19] INFO  server.RaftServer$Division (RaftServerImpl.java:requestVote(1314)) - s2@group-12AB68C5691F replies to PRE_VOTE vote request: s4<-s2#0:FAIL-t2. Peer's state: s2@group-12AB68C5691F:t2, leader=s2, voted=s2, raftlog=Memoized:s2@group-12AB68C5691F-SegmentedRaftLog:OPENED:c0, conf=0: peers:[s3|rpc:localhost:46799|admin:localhost:45171|client:localhost:46547|dataStream:localhost:40281|priority:0|startupRole:FOLLOWER, s4|rpc:localhost:39419|admin:localhost:43995|client:localhost:41785|dataStream:localhost:46687|priority:0|startupRole:FOLLOWER, s0|rpc:localhost:42481|admin:localhost:44771|client:localhost:42743|dataStream:localhost:43981|priority:0|startupRole:FOLLOWER, s1|rpc:localhost:44073|admin:localhost:36871|client:localhost:39477|dataStream:localhost:35501|priority:0|startupRole:FOLLOWER, s2|rpc:localhost:38365|admin:localhost:35135|client:localhost:40537|dataStream:localhost:38285|priority:0|startupRole:FOLLOWER]|listeners:[], old=null
2022-09-14 11:47:27,495 [s4@group-12AB68C5691F-LeaderElection47] INFO  impl.LeaderElection (LeaderElection.java:logAndReturn(89)) - s4@group-12AB68C5691F-LeaderElection47: PRE_VOTE REJECTED received 3 response(s) and 0 exception(s):
2022-09-14 11:47:27,495 [s4@group-12AB68C5691F-LeaderElection47] INFO  impl.LeaderElection (LeaderElection.java:logAndReturn(93)) -   Response 0: s4<-s3#0:FAIL-t2
2022-09-14 11:47:27,495 [s4@group-12AB68C5691F-LeaderElection47] INFO  impl.LeaderElection (LeaderElection.java:logAndReturn(93)) -   Response 1: s4<-s0#0:FAIL-t2
2022-09-14 11:47:27,495 [s4@group-12AB68C5691F-LeaderElection47] INFO  impl.LeaderElection (LeaderElection.java:logAndReturn(93)) -   Response 2: s4<-s1#0:FAIL-t2
2022-09-14 11:47:27,495 [s4@group-12AB68C5691F-LeaderElection47] INFO  impl.LeaderElection (LeaderElection.java:askForVotes(310)) - s4@group-12AB68C5691F-LeaderElection47 PRE_VOTE round 0: result REJECTED
2022-09-14 11:47:27,495 [s4@group-12AB68C5691F-LeaderElection47] INFO  server.RaftServer$Division (RaftServerImpl.java:setRole(317)) - s4@group-12AB68C5691F: changes role from CANDIDATE to FOLLOWER at term 2 for REJECTED
2022-09-14 11:47:27,495 [s4@group-12AB68C5691F-LeaderElection47] INFO  impl.RoleInfo (RoleInfo.java:shutdownLeaderElection(130)) - s4: shutdown s4@group-12AB68C5691F-LeaderElection47
2022-09-14 11:47:27,495 [s4@group-12AB68C5691F-LeaderElection47] INFO  impl.RoleInfo (RoleInfo.java:updateAndGet(139)) - s4: start s4@group-12AB68C5691F-FollowerState
2022-09-14 11:47:27,509 [s2@group-12AB68C5691F->s0-GrpcLogAppender-LogAppenderDaemon] INFO  util.CodeInjectionForTesting (DelayLocalExecutionInjection.java:execute(65)) - s2 delay 150 ms, args=[serverRequest {
  requestorId: "s2"
  replyId: "s0"
  raftGroupId {
    id: "\326\216l\301\220x@5\222b\022\253h\305i\037"
  }
  callId: 152
  slidingWindowEntry {
  }
}
leaderTerm: 2
previousLog {
  term: 2
}
initializing: true
commitInfos {
  server {
    id: "s2"
    address: "localhost:38365"
    dataStreamAddress: "localhost:38285"
    clientAddress: "localhost:40537"
    adminAddress: "localhost:35135"
    startupRole: FOLLOWER
  }
}
commitInfos {
  server {
    id: "s3"
    address: "localhost:46799"
    dataStreamAddress: "localhost:40281"
    clientAddress: "localhost:46547"
    adminAddress: "localhost:45171"
    startupRole: FOLLOWER
  }
}
commitInfos {
  server {
    id: "s4"
    address: "localhost:39419"
    dataStreamAddress: "localhost:46687"
    clientAddress: "localhost:41785"
    adminAddress: "localhost:43995"
    startupRole: FOLLOWER
  }
}
commitInfos {
  server {
    id: "s0"
    address: "localhost:42481"
    dataStreamAddress: "localhost:43981"
    clientAddress: "localhost:42743"
    adminAddress: "localhost:44771"
    startupRole: FOLLOWER
  }
}
commitInfos {
  server {
    id: "s1"
    address: "localhost:44073"
    dataStreamAddress: "localhost:35501"
    clientAddress: "localhost:39477"
    adminAddress: "localhost:36871"
    startupRole: FOLLOWER
  }
}
]
2022-09-14 11:47:27,509 [s2@group-12AB68C5691F->s1-GrpcLogAppender-LogAppenderDaemon] INFO  util.CodeInjectionForTesting (DelayLocalExecutionInjection.java:execute(65)) - s2 delay 150 ms, args=[serverRequest {
  requestorId: "s2"
  replyId: "s1"
  raftGroupId {
    id: "\326\216l\301\220x@5\222b\022\253h\305i\037"
  }
  callId: 152
  slidingWindowEntry {
  }
}
leaderTerm: 2
previousLog {
  term: 2
}
initializing: true
commitInfos {
  server {
    id: "s2"
    address: "localhost:38365"
    dataStreamAddress: "localhost:38285"
    clientAddress: "localhost:40537"
    adminAddress: "localhost:35135"
    startupRole: FOLLOWER
  }
}
commitInfos {
  server {
    id: "s3"
    address: "localhost:46799"
    dataStreamAddress: "localhost:40281"
    clientAddress: "localhost:46547"
    adminAddress: "localhost:45171"
    startupRole: FOLLOWER
  }
}
commitInfos {
  server {
    id: "s4"
    address: "localhost:39419"
    dataStreamAddress: "localhost:46687"
    clientAddress: "localhost:41785"
    adminAddress: "localhost:43995"
    startupRole: FOLLOWER
  }
}
commitInfos {
  server {
    id: "s0"
    address: "localhost:42481"
    dataStreamAddress: "localhost:43981"
    clientAddress: "localhost:42743"
    adminAddress: "localhost:44771"
    startupRole: FOLLOWER
  }
}
commitInfos {
  server {
    id: "s1"
    address: "localhost:44073"
    dataStreamAddress: "localhost:35501"
    clientAddress: "localhost:39477"
    adminAddress: "localhost:36871"
    startupRole: FOLLOWER
  }
}
]
2022-09-14 11:47:27,516 [s2@group-12AB68C5691F->s3-GrpcLogAppender-LogAppenderDaemon] INFO  util.CodeInjectionForTesting (DelayLocalExecutionInjection.java:execute(65)) - s2 delay 150 ms, args=[serverRequest {
  requestorId: "s2"
  replyId: "s3"
  raftGroupId {
    id: "\326\216l\301\220x@5\222b\022\253h\305i\037"
  }
  callId: 161
  slidingWindowEntry {
  }
}
leaderTerm: 2
previousLog {
  term: 2
}
initializing: true
commitInfos {
  server {
    id: "s2"
    address: "localhost:38365"
    dataStreamAddress: "localhost:38285"
    clientAddress: "localhost:40537"
    adminAddress: "localhost:35135"
    startupRole: FOLLOWER
  }
}
commitInfos {
  server {
    id: "s3"
    address: "localhost:46799"
    dataStreamAddress: "localhost:40281"
    clientAddress: "localhost:46547"
    adminAddress: "localhost:45171"
    startupRole: FOLLOWER
  }
}
commitInfos {
  server {
    id: "s4"
    address: "localhost:39419"
    dataStreamAddress: "localhost:46687"
    clientAddress: "localhost:41785"
    adminAddress: "localhost:43995"
    startupRole: FOLLOWER
  }
}
commitInfos {
  server {
    id: "s0"
    address: "localhost:42481"
    dataStreamAddress: "localhost:43981"
    clientAddress: "localhost:42743"
    adminAddress: "localhost:44771"
    startupRole: FOLLOWER
  }
}
commitInfos {
  server {
    id: "s1"
    address: "localhost:44073"
    dataStreamAddress: "localhost:35501"
    clientAddress: "localhost:39477"
    adminAddress: "localhost:36871"
    startupRole: FOLLOWER
  }
}
]
2022-09-14 11:47:27,643 [s2@group-12AB68C5691F->s4-GrpcLogAppender-LogAppenderDaemon] INFO  util.CodeInjectionForTesting (DelayLocalExecutionInjection.java:execute(65)) - s2 delay 150 ms, args=[serverRequest {
  requestorId: "s2"
  replyId: "s4"
  raftGroupId {
    id: "\326\216l\301\220x@5\222b\022\253h\305i\037"
  }
  callId: 296
  slidingWindowEntry {
  }
}
leaderTerm: 2
previousLog {
  term: 2
}
initializing: true
commitInfos {
  server {
    id: "s2"
    address: "localhost:38365"
    dataStreamAddress: "localhost:38285"
    clientAddress: "localhost:40537"
    adminAddress: "localhost:35135"
    startupRole: FOLLOWER
  }
}
commitInfos {
  server {
    id: "s3"
    address: "localhost:46799"
    dataStreamAddress: "localhost:40281"
    clientAddress: "localhost:46547"
    adminAddress: "localhost:45171"
    startupRole: FOLLOWER
  }
}
commitInfos {
  server {
    id: "s4"
    address: "localhost:39419"
    dataStreamAddress: "localhost:46687"
    clientAddress: "localhost:41785"
    adminAddress: "localhost:43995"
    startupRole: FOLLOWER
  }
}
commitInfos {
  server {
    id: "s0"
    address: "localhost:42481"
    dataStreamAddress: "localhost:43981"
    clientAddress: "localhost:42743"
    adminAddress: "localhost:44771"
    startupRole: FOLLOWER
  }
}
commitInfos {
  server {
    id: "s1"
    address: "localhost:44073"
    dataStreamAddress: "localhost:35501"
    clientAddress: "localhost:39477"
    adminAddress: "localhost:36871"
    startupRole: FOLLOWER
  }
}
]
2022-09-14 11:47:27,685 [s4@group-12AB68C5691F-FollowerState] INFO  impl.FollowerState (FollowerState.java:run(141)) - s4@group-12AB68C5691F-FollowerState: change to CANDIDATE, lastRpcElapsedTime:190495951ns, electionTimeout:190ms
2022-09-14 11:47:27,686 [s4@group-12AB68C5691F-FollowerState] INFO  impl.RoleInfo (RoleInfo.java:shutdownFollowerState(110)) - s4: shutdown s4@group-12AB68C5691F-FollowerState
2022-09-14 11:47:27,686 [s4@group-12AB68C5691F-FollowerState] INFO  server.RaftServer$Division (RaftServerImpl.java:setRole(317)) - s4@group-12AB68C5691F: changes role from  FOLLOWER to CANDIDATE at term 2 for changeToCandidate
2022-09-14 11:47:27,686 [s4@group-12AB68C5691F-FollowerState] INFO  server.RaftServerConfigKeys (ConfUtils.java:logGet(46)) - raft.server.leaderelection.pre-vote = true (default)
2022-09-14 11:47:27,686 [s4@group-12AB68C5691F-FollowerState] INFO  impl.RoleInfo (RoleInfo.java:updateAndGet(139)) - s4: start s4@group-12AB68C5691F-LeaderElection48
2022-09-14 11:47:27,686 [s4@group-12AB68C5691F-LeaderElection48] INFO  impl.LeaderElection (LeaderElection.java:askForVotes(308)) - s4@group-12AB68C5691F-LeaderElection48 PRE_VOTE round 0: submit vote requests at term 2 for 0: peers:[s3|rpc:localhost:46799|admin:localhost:45171|client:localhost:46547|dataStream:localhost:40281|priority:0|startupRole:FOLLOWER, s4|rpc:localhost:39419|admin:localhost:43995|client:localhost:41785|dataStream:localhost:46687|priority:0|startupRole:FOLLOWER, s0|rpc:localhost:42481|admin:localhost:44771|client:localhost:42743|dataStream:localhost:43981|priority:0|startupRole:FOLLOWER, s1|rpc:localhost:44073|admin:localhost:36871|client:localhost:39477|dataStream:localhost:35501|priority:0|startupRole:FOLLOWER, s2|rpc:localhost:38365|admin:localhost:35135|client:localhost:40537|dataStream:localhost:38285|priority:0|startupRole:FOLLOWER]|listeners:[], old=null
2022-09-14 11:47:27,688 [grpc-default-executor-11] INFO  server.RaftServer$Division (RaftServerImpl.java:requestVote(1281)) - s3@group-12AB68C5691F: receive requestVote(PRE_VOTE, s4, group-12AB68C5691F, 2, (t:1, i:0))
2022-09-14 11:47:27,688 [grpc-default-executor-11] INFO  impl.VoteContext (VoteContext.java:log(49)) - s3@group-12AB68C5691F-FOLLOWER: reject PRE_VOTE from s4: this server is a follower and still has a valid leader s2
2022-09-14 11:47:27,689 [grpc-default-executor-11] INFO  server.RaftServer$Division (RaftServerImpl.java:requestVote(1314)) - s3@group-12AB68C5691F replies to PRE_VOTE vote request: s4<-s3#0:FAIL-t2. Peer's state: s3@group-12AB68C5691F:t2, leader=s2, voted=s2, raftlog=Memoized:s3@group-12AB68C5691F-SegmentedRaftLog:OPENED:c0, conf=0: peers:[s3|rpc:localhost:46799|admin:localhost:45171|client:localhost:46547|dataStream:localhost:40281|priority:0|startupRole:FOLLOWER, s4|rpc:localhost:39419|admin:localhost:43995|client:localhost:41785|dataStream:localhost:46687|priority:0|startupRole:FOLLOWER, s0|rpc:localhost:42481|admin:localhost:44771|client:localhost:42743|dataStream:localhost:43981|priority:0|startupRole:FOLLOWER, s1|rpc:localhost:44073|admin:localhost:36871|client:localhost:39477|dataStream:localhost:35501|priority:0|startupRole:FOLLOWER, s2|rpc:localhost:38365|admin:localhost:35135|client:localhost:40537|dataStream:localhost:38285|priority:0|startupRole:FOLLOWER]|listeners:[], old=null
2022-09-14 11:47:27,689 [grpc-default-executor-19] INFO  server.RaftServer$Division (RaftServerImpl.java:requestVote(1281)) - s0@group-12AB68C5691F: receive requestVote(PRE_VOTE, s4, group-12AB68C5691F, 2, (t:1, i:0))
2022-09-14 11:47:27,689 [grpc-default-executor-19] INFO  impl.VoteContext (VoteContext.java:log(49)) - s0@group-12AB68C5691F-FOLLOWER: reject PRE_VOTE from s4: this server is a follower and still has a valid leader s2
2022-09-14 11:47:27,689 [grpc-default-executor-19] INFO  server.RaftServer$Division (RaftServerImpl.java:requestVote(1314)) - s0@group-12AB68C5691F replies to PRE_VOTE vote request: s4<-s0#0:FAIL-t2. Peer's state: s0@group-12AB68C5691F:t2, leader=s2, voted=s2, raftlog=Memoized:s0@group-12AB68C5691F-SegmentedRaftLog:OPENED:c0, conf=0: peers:[s3|rpc:localhost:46799|admin:localhost:45171|client:localhost:46547|dataStream:localhost:40281|priority:0|startupRole:FOLLOWER, s4|rpc:localhost:39419|admin:localhost:43995|client:localhost:41785|dataStream:localhost:46687|priority:0|startupRole:FOLLOWER, s0|rpc:localhost:42481|admin:localhost:44771|client:localhost:42743|dataStream:localhost:43981|priority:0|startupRole:FOLLOWER, s1|rpc:localhost:44073|admin:localhost:36871|client:localhost:39477|dataStream:localhost:35501|priority:0|startupRole:FOLLOWER, s2|rpc:localhost:38365|admin:localhost:35135|client:localhost:40537|dataStream:localhost:38285|priority:0|startupRole:FOLLOWER]|listeners:[], old=null
2022-09-14 11:47:27,691 [grpc-default-executor-19] INFO  server.RaftServer$Division (RaftServerImpl.java:requestVote(1281)) - s1@group-12AB68C5691F: receive requestVote(PRE_VOTE, s4, group-12AB68C5691F, 2, (t:1, i:0))
2022-09-14 11:47:27,691 [grpc-default-executor-19] INFO  impl.VoteContext (VoteContext.java:log(49)) - s1@group-12AB68C5691F-FOLLOWER: reject PRE_VOTE from s4: this server is a follower and still has a valid leader s2
2022-09-14 11:47:27,691 [grpc-default-executor-19] INFO  server.RaftServer$Division (RaftServerImpl.java:requestVote(1314)) - s1@group-12AB68C5691F replies to PRE_VOTE vote request: s4<-s1#0:FAIL-t2. Peer's state: s1@group-12AB68C5691F:t2, leader=s2, voted=s2, raftlog=Memoized:s1@group-12AB68C5691F-SegmentedRaftLog:OPENED:c0, conf=0: peers:[s3|rpc:localhost:46799|admin:localhost:45171|client:localhost:46547|dataStream:localhost:40281|priority:0|startupRole:FOLLOWER, s4|rpc:localhost:39419|admin:localhost:43995|client:localhost:41785|dataStream:localhost:46687|priority:0|startupRole:FOLLOWER, s0|rpc:localhost:42481|admin:localhost:44771|client:localhost:42743|dataStream:localhost:43981|priority:0|startupRole:FOLLOWER, s1|rpc:localhost:44073|admin:localhost:36871|client:localhost:39477|dataStream:localhost:35501|priority:0|startupRole:FOLLOWER, s2|rpc:localhost:38365|admin:localhost:35135|client:localhost:40537|dataStream:localhost:38285|priority:0|startupRole:FOLLOWER]|listeners:[], old=null
2022-09-14 11:47:27,692 [s4@group-12AB68C5691F-LeaderElection48] INFO  impl.LeaderElection (LeaderElection.java:logAndReturn(89)) - s4@group-12AB68C5691F-LeaderElection48: PRE_VOTE REJECTED received 3 response(s) and 0 exception(s):
2022-09-14 11:47:27,692 [s4@group-12AB68C5691F-LeaderElection48] INFO  impl.LeaderElection (LeaderElection.java:logAndReturn(93)) -   Response 0: s4<-s3#0:FAIL-t2
2022-09-14 11:47:27,692 [s4@group-12AB68C5691F-LeaderElection48] INFO  impl.LeaderElection (LeaderElection.java:logAndReturn(93)) -   Response 1: s4<-s0#0:FAIL-t2
2022-09-14 11:47:27,692 [s4@group-12AB68C5691F-LeaderElection48] INFO  impl.LeaderElection (LeaderElection.java:logAndReturn(93)) -   Response 2: s4<-s1#0:FAIL-t2
2022-09-14 11:47:27,692 [s4@group-12AB68C5691F-LeaderElection48] INFO  impl.LeaderElection (LeaderElection.java:askForVotes(310)) - s4@group-12AB68C5691F-LeaderElection48 PRE_VOTE round 0: result REJECTED
2022-09-14 11:47:27,692 [s4@group-12AB68C5691F-LeaderElection48] INFO  server.RaftServer$Division (RaftServerImpl.java:setRole(317)) - s4@group-12AB68C5691F: changes role from CANDIDATE to FOLLOWER at term 2 for REJECTED
2022-09-14 11:47:27,693 [s4@group-12AB68C5691F-LeaderElection48] INFO  impl.RoleInfo (RoleInfo.java:shutdownLeaderElection(130)) - s4: shutdown s4@group-12AB68C5691F-LeaderElection48
2022-09-14 11:47:27,693 [s4@group-12AB68C5691F-LeaderElection48] INFO  impl.RoleInfo (RoleInfo.java:updateAndGet(139)) - s4: start s4@group-12AB68C5691F-FollowerState
2022-09-14 11:47:27,693 [grpc-default-executor-19] INFO  server.RaftServer$Division (RaftServerImpl.java:requestVote(1281)) - s2@group-12AB68C5691F: receive requestVote(PRE_VOTE, s4, group-12AB68C5691F, 2, (t:1, i:0))
2022-09-14 11:47:27,693 [grpc-default-executor-19] INFO  impl.VoteContext (VoteContext.java:log(49)) - s2@group-12AB68C5691F-LEADER: reject PRE_VOTE from s4: this server is the leader and still has leadership
2022-09-14 11:47:27,693 [grpc-default-executor-19] INFO  server.RaftServer$Division (RaftServerImpl.java:requestVote(1314)) - s2@group-12AB68C5691F replies to PRE_VOTE vote request: s4<-s2#0:FAIL-t2. Peer's state: s2@group-12AB68C5691F:t2, leader=s2, voted=s2, raftlog=Memoized:s2@group-12AB68C5691F-SegmentedRaftLog:OPENED:c0, conf=0: peers:[s3|rpc:localhost:46799|admin:localhost:45171|client:localhost:46547|dataStream:localhost:40281|priority:0|startupRole:FOLLOWER, s4|rpc:localhost:39419|admin:localhost:43995|client:localhost:41785|dataStream:localhost:46687|priority:0|startupRole:FOLLOWER, s0|rpc:localhost:42481|admin:localhost:44771|client:localhost:42743|dataStream:localhost:43981|priority:0|startupRole:FOLLOWER, s1|rpc:localhost:44073|admin:localhost:36871|client:localhost:39477|dataStream:localhost:35501|priority:0|startupRole:FOLLOWER, s2|rpc:localhost:38365|admin:localhost:35135|client:localhost:40537|dataStream:localhost:38285|priority:0|startupRole:FOLLOWER]|listeners:[], old=null
2022-09-14 11:47:27,737 [s2@group-12AB68C5691F->s1-GrpcLogAppender-LogAppenderDaemon] INFO  util.CodeInjectionForTesting (DelayLocalExecutionInjection.java:execute(65)) - s2 delay 150 ms, args=[serverRequest {
  requestorId: "s2"
  replyId: "s1"
  raftGroupId {
    id: "\326\216l\301\220x@5\222b\022\253h\305i\037"
  }
  callId: 153
  slidingWindowEntry {
  }
}
leaderTerm: 2
previousLog {
  term: 2
}
initializing: true
commitInfos {
  server {
    id: "s2"
    address: "localhost:38365"
    dataStreamAddress: "localhost:38285"
    clientAddress: "localhost:40537"
    adminAddress: "localhost:35135"
    startupRole: FOLLOWER
  }
}
commitInfos {
  server {
    id: "s3"
    address: "localhost:46799"
    dataStreamAddress: "localhost:40281"
    clientAddress: "localhost:46547"
    adminAddress: "localhost:45171"
    startupRole: FOLLOWER
  }
}
commitInfos {
  server {
    id: "s4"
    address: "localhost:39419"
    dataStreamAddress: "localhost:46687"
    clientAddress: "localhost:41785"
    adminAddress: "localhost:43995"
    startupRole: FOLLOWER
  }
}
commitInfos {
  server {
    id: "s0"
    address: "localhost:42481"
    dataStreamAddress: "localhost:43981"
    clientAddress: "localhost:42743"
    adminAddress: "localhost:44771"
    startupRole: FOLLOWER
  }
}
commitInfos {
  server {
    id: "s1"
    address: "localhost:44073"
    dataStreamAddress: "localhost:35501"
    clientAddress: "localhost:39477"
    adminAddress: "localhost:36871"
    startupRole: FOLLOWER
  }
}
]
2022-09-14 11:47:27,738 [s2@group-12AB68C5691F->s0-GrpcLogAppender-LogAppenderDaemon] INFO  util.CodeInjectionForTesting (DelayLocalExecutionInjection.java:execute(65)) - s2 delay 150 ms, args=[serverRequest {
  requestorId: "s2"
  replyId: "s0"
  raftGroupId {
    id: "\326\216l\301\220x@5\222b\022\253h\305i\037"
  }
  callId: 153
  slidingWindowEntry {
  }
}
leaderTerm: 2
previousLog {
  term: 2
}
initializing: true
commitInfos {
  server {
    id: "s2"
    address: "localhost:38365"
    dataStreamAddress: "localhost:38285"
    clientAddress: "localhost:40537"
    adminAddress: "localhost:35135"
    startupRole: FOLLOWER
  }
}
commitInfos {
  server {
    id: "s3"
    address: "localhost:46799"
    dataStreamAddress: "localhost:40281"
    clientAddress: "localhost:46547"
    adminAddress: "localhost:45171"
    startupRole: FOLLOWER
  }
}
commitInfos {
  server {
    id: "s4"
    address: "localhost:39419"
    dataStreamAddress: "localhost:46687"
    clientAddress: "localhost:41785"
    adminAddress: "localhost:43995"
    startupRole: FOLLOWER
  }
}
commitInfos {
  server {
    id: "s0"
    address: "localhost:42481"
    dataStreamAddress: "localhost:43981"
    clientAddress: "localhost:42743"
    adminAddress: "localhost:44771"
    startupRole: FOLLOWER
  }
}
commitInfos {
  server {
    id: "s1"
    address: "localhost:44073"
    dataStreamAddress: "localhost:35501"
    clientAddress: "localhost:39477"
    adminAddress: "localhost:36871"
    startupRole: FOLLOWER
  }
}
]
2022-09-14 11:47:27,742 [s2@group-12AB68C5691F->s3-GrpcLogAppender-LogAppenderDaemon] INFO  util.CodeInjectionForTesting (DelayLocalExecutionInjection.java:execute(65)) - s2 delay 150 ms, args=[serverRequest {
  requestorId: "s2"
  replyId: "s3"
  raftGroupId {
    id: "\326\216l\301\220x@5\222b\022\253h\305i\037"
  }
  callId: 162
  slidingWindowEntry {
  }
}
leaderTerm: 2
previousLog {
  term: 2
}
initializing: true
commitInfos {
  server {
    id: "s2"
    address: "localhost:38365"
    dataStreamAddress: "localhost:38285"
    clientAddress: "localhost:40537"
    adminAddress: "localhost:35135"
    startupRole: FOLLOWER
  }
}
commitInfos {
  server {
    id: "s3"
    address: "localhost:46799"
    dataStreamAddress: "localhost:40281"
    clientAddress: "localhost:46547"
    adminAddress: "localhost:45171"
    startupRole: FOLLOWER
  }
}
commitInfos {
  server {
    id: "s4"
    address: "localhost:39419"
    dataStreamAddress: "localhost:46687"
    clientAddress: "localhost:41785"
    adminAddress: "localhost:43995"
    startupRole: FOLLOWER
  }
}
commitInfos {
  server {
    id: "s0"
    address: "localhost:42481"
    dataStreamAddress: "localhost:43981"
    clientAddress: "localhost:42743"
    adminAddress: "localhost:44771"
    startupRole: FOLLOWER
  }
}
commitInfos {
  server {
    id: "s1"
    address: "localhost:44073"
    dataStreamAddress: "localhost:35501"
    clientAddress: "localhost:39477"
    adminAddress: "localhost:36871"
    startupRole: FOLLOWER
  }
}
]
2022-09-14 11:47:27,831 [s2@group-12AB68C5691F->s4-GrpcLogAppender-LogAppenderDaemon] INFO  util.CodeInjectionForTesting (DelayLocalExecutionInjection.java:execute(65)) - s2 delay 150 ms, args=[serverRequest {
  requestorId: "s2"
  replyId: "s4"
  raftGroupId {
    id: "\326\216l\301\220x@5\222b\022\253h\305i\037"
  }
  callId: 297
  slidingWindowEntry {
  }
}
leaderTerm: 2
previousLog {
  term: 2
}
initializing: true
commitInfos {
  server {
    id: "s2"
    address: "localhost:38365"
    dataStreamAddress: "localhost:38285"
    clientAddress: "localhost:40537"
    adminAddress: "localhost:35135"
    startupRole: FOLLOWER
  }
}
commitInfos {
  server {
    id: "s3"
    address: "localhost:46799"
    dataStreamAddress: "localhost:40281"
    clientAddress: "localhost:46547"
    adminAddress: "localhost:45171"
    startupRole: FOLLOWER
  }
}
commitInfos {
  server {
    id: "s4"
    address: "localhost:39419"
    dataStreamAddress: "localhost:46687"
    clientAddress: "localhost:41785"
    adminAddress: "localhost:43995"
    startupRole: FOLLOWER
  }
}
commitInfos {
  server {
    id: "s0"
    address: "localhost:42481"
    dataStreamAddress: "localhost:43981"
    clientAddress: "localhost:42743"
    adminAddress: "localhost:44771"
    startupRole: FOLLOWER
  }
}
commitInfos {
  server {
    id: "s1"
    address: "localhost:44073"
    dataStreamAddress: "localhost:35501"
    clientAddress: "localhost:39477"
    adminAddress: "localhost:36871"
    startupRole: FOLLOWER
  }
}
]
2022-09-14 11:47:27,913 [s4@group-12AB68C5691F-FollowerState] INFO  impl.FollowerState (FollowerState.java:run(141)) - s4@group-12AB68C5691F-FollowerState: change to CANDIDATE, lastRpcElapsedTime:220736105ns, electionTimeout:219ms
2022-09-14 11:47:27,913 [s4@group-12AB68C5691F-FollowerState] INFO  impl.RoleInfo (RoleInfo.java:shutdownFollowerState(110)) - s4: shutdown s4@group-12AB68C5691F-FollowerState
2022-09-14 11:47:27,914 [s4@group-12AB68C5691F-FollowerState] INFO  server.RaftServer$Division (RaftServerImpl.java:setRole(317)) - s4@group-12AB68C5691F: changes role from  FOLLOWER to CANDIDATE at term 2 for changeToCandidate
2022-09-14 11:47:27,914 [s4@group-12AB68C5691F-FollowerState] INFO  server.RaftServerConfigKeys (ConfUtils.java:logGet(46)) - raft.server.leaderelection.pre-vote = true (default)
2022-09-14 11:47:27,914 [s4@group-12AB68C5691F-FollowerState] INFO  impl.RoleInfo (RoleInfo.java:updateAndGet(139)) - s4: start s4@group-12AB68C5691F-LeaderElection49
2022-09-14 11:47:27,914 [s4@group-12AB68C5691F-LeaderElection49] INFO  impl.LeaderElection (LeaderElection.java:askForVotes(308)) - s4@group-12AB68C5691F-LeaderElection49 PRE_VOTE round 0: submit vote requests at term 2 for 0: peers:[s3|rpc:localhost:46799|admin:localhost:45171|client:localhost:46547|dataStream:localhost:40281|priority:0|startupRole:FOLLOWER, s4|rpc:localhost:39419|admin:localhost:43995|client:localhost:41785|dataStream:localhost:46687|priority:0|startupRole:FOLLOWER, s0|rpc:localhost:42481|admin:localhost:44771|client:localhost:42743|dataStream:localhost:43981|priority:0|startupRole:FOLLOWER, s1|rpc:localhost:44073|admin:localhost:36871|client:localhost:39477|dataStream:localhost:35501|priority:0|startupRole:FOLLOWER, s2|rpc:localhost:38365|admin:localhost:35135|client:localhost:40537|dataStream:localhost:38285|priority:0|startupRole:FOLLOWER]|listeners:[], old=null
2022-09-14 11:47:27,917 [grpc-default-executor-19] INFO  server.RaftServer$Division (RaftServerImpl.java:requestVote(1281)) - s3@group-12AB68C5691F: receive requestVote(PRE_VOTE, s4, group-12AB68C5691F, 2, (t:1, i:0))
2022-09-14 11:47:27,917 [grpc-default-executor-19] INFO  impl.VoteContext (VoteContext.java:log(49)) - s3@group-12AB68C5691F-FOLLOWER: reject PRE_VOTE from s4: this server is a follower and still has a valid leader s2
2022-09-14 11:47:27,917 [grpc-default-executor-19] INFO  server.RaftServer$Division (RaftServerImpl.java:requestVote(1314)) - s3@group-12AB68C5691F replies to PRE_VOTE vote request: s4<-s3#0:FAIL-t2. Peer's state: s3@group-12AB68C5691F:t2, leader=s2, voted=s2, raftlog=Memoized:s3@group-12AB68C5691F-SegmentedRaftLog:OPENED:c0, conf=0: peers:[s3|rpc:localhost:46799|admin:localhost:45171|client:localhost:46547|dataStream:localhost:40281|priority:0|startupRole:FOLLOWER, s4|rpc:localhost:39419|admin:localhost:43995|client:localhost:41785|dataStream:localhost:46687|priority:0|startupRole:FOLLOWER, s0|rpc:localhost:42481|admin:localhost:44771|client:localhost:42743|dataStream:localhost:43981|priority:0|startupRole:FOLLOWER, s1|rpc:localhost:44073|admin:localhost:36871|client:localhost:39477|dataStream:localhost:35501|priority:0|startupRole:FOLLOWER, s2|rpc:localhost:38365|admin:localhost:35135|client:localhost:40537|dataStream:localhost:38285|priority:0|startupRole:FOLLOWER]|listeners:[], old=null
2022-09-14 11:47:27,919 [grpc-default-executor-19] INFO  server.RaftServer$Division (RaftServerImpl.java:requestVote(1281)) - s0@group-12AB68C5691F: receive requestVote(PRE_VOTE, s4, group-12AB68C5691F, 2, (t:1, i:0))
2022-09-14 11:47:27,919 [grpc-default-executor-19] INFO  impl.VoteContext (VoteContext.java:log(49)) - s0@group-12AB68C5691F-FOLLOWER: reject PRE_VOTE from s4: this server is a follower and still has a valid leader s2
2022-09-14 11:47:27,919 [grpc-default-executor-19] INFO  server.RaftServer$Division (RaftServerImpl.java:requestVote(1314)) - s0@group-12AB68C5691F replies to PRE_VOTE vote request: s4<-s0#0:FAIL-t2. Peer's state: s0@group-12AB68C5691F:t2, leader=s2, voted=s2, raftlog=Memoized:s0@group-12AB68C5691F-SegmentedRaftLog:OPENED:c0, conf=0: peers:[s3|rpc:localhost:46799|admin:localhost:45171|client:localhost:46547|dataStream:localhost:40281|priority:0|startupRole:FOLLOWER, s4|rpc:localhost:39419|admin:localhost:43995|client:localhost:41785|dataStream:localhost:46687|priority:0|startupRole:FOLLOWER, s0|rpc:localhost:42481|admin:localhost:44771|client:localhost:42743|dataStream:localhost:43981|priority:0|startupRole:FOLLOWER, s1|rpc:localhost:44073|admin:localhost:36871|client:localhost:39477|dataStream:localhost:35501|priority:0|startupRole:FOLLOWER, s2|rpc:localhost:38365|admin:localhost:35135|client:localhost:40537|dataStream:localhost:38285|priority:0|startupRole:FOLLOWER]|listeners:[], old=null
2022-09-14 11:47:27,920 [grpc-default-executor-19] INFO  server.RaftServer$Division (RaftServerImpl.java:requestVote(1281)) - s1@group-12AB68C5691F: receive requestVote(PRE_VOTE, s4, group-12AB68C5691F, 2, (t:1, i:0))
2022-09-14 11:47:27,921 [grpc-default-executor-19] INFO  impl.VoteContext (VoteContext.java:log(49)) - s1@group-12AB68C5691F-FOLLOWER: reject PRE_VOTE from s4: this server is a follower and still has a valid leader s2
2022-09-14 11:47:27,921 [grpc-default-executor-19] INFO  server.RaftServer$Division (RaftServerImpl.java:requestVote(1314)) - s1@group-12AB68C5691F replies to PRE_VOTE vote request: s4<-s1#0:FAIL-t2. Peer's state: s1@group-12AB68C5691F:t2, leader=s2, voted=s2, raftlog=Memoized:s1@group-12AB68C5691F-SegmentedRaftLog:OPENED:c0, conf=0: peers:[s3|rpc:localhost:46799|admin:localhost:45171|client:localhost:46547|dataStream:localhost:40281|priority:0|startupRole:FOLLOWER, s4|rpc:localhost:39419|admin:localhost:43995|client:localhost:41785|dataStream:localhost:46687|priority:0|startupRole:FOLLOWER, s0|rpc:localhost:42481|admin:localhost:44771|client:localhost:42743|dataStream:localhost:43981|priority:0|startupRole:FOLLOWER, s1|rpc:localhost:44073|admin:localhost:36871|client:localhost:39477|dataStream:localhost:35501|priority:0|startupRole:FOLLOWER, s2|rpc:localhost:38365|admin:localhost:35135|client:localhost:40537|dataStream:localhost:38285|priority:0|startupRole:FOLLOWER]|listeners:[], old=null
2022-09-14 11:47:27,921 [s4@group-12AB68C5691F-LeaderElection49] INFO  impl.LeaderElection (LeaderElection.java:logAndReturn(89)) - s4@group-12AB68C5691F-LeaderElection49: PRE_VOTE REJECTED received 3 response(s) and 0 exception(s):
2022-09-14 11:47:27,921 [s4@group-12AB68C5691F-LeaderElection49] INFO  impl.LeaderElection (LeaderElection.java:logAndReturn(93)) -   Response 0: s4<-s3#0:FAIL-t2
2022-09-14 11:47:27,922 [s4@group-12AB68C5691F-LeaderElection49] INFO  impl.LeaderElection (LeaderElection.java:logAndReturn(93)) -   Response 1: s4<-s0#0:FAIL-t2
2022-09-14 11:47:27,922 [s4@group-12AB68C5691F-LeaderElection49] INFO  impl.LeaderElection (LeaderElection.java:logAndReturn(93)) -   Response 2: s4<-s1#0:FAIL-t2
2022-09-14 11:47:27,922 [s4@group-12AB68C5691F-LeaderElection49] INFO  impl.LeaderElection (LeaderElection.java:askForVotes(310)) - s4@group-12AB68C5691F-LeaderElection49 PRE_VOTE round 0: result REJECTED
2022-09-14 11:47:27,922 [s4@group-12AB68C5691F-LeaderElection49] INFO  server.RaftServer$Division (RaftServerImpl.java:setRole(317)) - s4@group-12AB68C5691F: changes role from CANDIDATE to FOLLOWER at term 2 for REJECTED
2022-09-14 11:47:27,922 [s4@group-12AB68C5691F-LeaderElection49] INFO  impl.RoleInfo (RoleInfo.java:shutdownLeaderElection(130)) - s4: shutdown s4@group-12AB68C5691F-LeaderElection49
2022-09-14 11:47:27,922 [s4@group-12AB68C5691F-LeaderElection49] INFO  impl.RoleInfo (RoleInfo.java:updateAndGet(139)) - s4: start s4@group-12AB68C5691F-FollowerState
2022-09-14 11:47:27,923 [grpc-default-executor-19] INFO  server.RaftServer$Division (RaftServerImpl.java:requestVote(1281)) - s2@group-12AB68C5691F: receive requestVote(PRE_VOTE, s4, group-12AB68C5691F, 2, (t:1, i:0))
2022-09-14 11:47:27,923 [grpc-default-executor-19] INFO  impl.VoteContext (VoteContext.java:log(49)) - s2@group-12AB68C5691F-LEADER: reject PRE_VOTE from s4: this server is the leader and still has leadership
2022-09-14 11:47:27,923 [grpc-default-executor-19] INFO  server.RaftServer$Division (RaftServerImpl.java:requestVote(1314)) - s2@group-12AB68C5691F replies to PRE_VOTE vote request: s4<-s2#0:FAIL-t2. Peer's state: s2@group-12AB68C5691F:t2, leader=s2, voted=s2, raftlog=Memoized:s2@group-12AB68C5691F-SegmentedRaftLog:OPENED:c0, conf=0: peers:[s3|rpc:localhost:46799|admin:localhost:45171|client:localhost:46547|dataStream:localhost:40281|priority:0|startupRole:FOLLOWER, s4|rpc:localhost:39419|admin:localhost:43995|client:localhost:41785|dataStream:localhost:46687|priority:0|startupRole:FOLLOWER, s0|rpc:localhost:42481|admin:localhost:44771|client:localhost:42743|dataStream:localhost:43981|priority:0|startupRole:FOLLOWER, s1|rpc:localhost:44073|admin:localhost:36871|client:localhost:39477|dataStream:localhost:35501|priority:0|startupRole:FOLLOWER, s2|rpc:localhost:38365|admin:localhost:35135|client:localhost:40537|dataStream:localhost:38285|priority:0|startupRole:FOLLOWER]|listeners:[], old=null
2022-09-14 11:47:27,964 [s2@group-12AB68C5691F->s1-GrpcLogAppender-LogAppenderDaemon] INFO  util.CodeInjectionForTesting (DelayLocalExecutionInjection.java:execute(65)) - s2 delay 150 ms, args=[serverRequest {
  requestorId: "s2"
  replyId: "s1"
  raftGroupId {
    id: "\326\216l\301\220x@5\222b\022\253h\305i\037"
  }
  callId: 154
  slidingWindowEntry {
  }
}
leaderTerm: 2
previousLog {
  term: 2
}
initializing: true
commitInfos {
  server {
    id: "s2"
    address: "localhost:38365"
    dataStreamAddress: "localhost:38285"
    clientAddress: "localhost:40537"
    adminAddress: "localhost:35135"
    startupRole: FOLLOWER
  }
}
commitInfos {
  server {
    id: "s3"
    address: "localhost:46799"
    dataStreamAddress: "localhost:40281"
    clientAddress: "localhost:46547"
    adminAddress: "localhost:45171"
    startupRole: FOLLOWER
  }
}
commitInfos {
  server {
    id: "s4"
    address: "localhost:39419"
    dataStreamAddress: "localhost:46687"
    clientAddress: "localhost:41785"
    adminAddress: "localhost:43995"
    startupRole: FOLLOWER
  }
}
commitInfos {
  server {
    id: "s0"
    address: "localhost:42481"
    dataStreamAddress: "localhost:43981"
    clientAddress: "localhost:42743"
    adminAddress: "localhost:44771"
    startupRole: FOLLOWER
  }
}
commitInfos {
  server {
    id: "s1"
    address: "localhost:44073"
    dataStreamAddress: "localhost:35501"
    clientAddress: "localhost:39477"
    adminAddress: "localhost:36871"
    startupRole: FOLLOWER
  }
}
]
2022-09-14 11:47:27,965 [s2@group-12AB68C5691F->s0-GrpcLogAppender-LogAppenderDaemon] INFO  util.CodeInjectionForTesting (DelayLocalExecutionInjection.java:execute(65)) - s2 delay 150 ms, args=[serverRequest {
  requestorId: "s2"
  replyId: "s0"
  raftGroupId {
    id: "\326\216l\301\220x@5\222b\022\253h\305i\037"
  }
  callId: 154
  slidingWindowEntry {
  }
}
leaderTerm: 2
previousLog {
  term: 2
}
initializing: true
commitInfos {
  server {
    id: "s2"
    address: "localhost:38365"
    dataStreamAddress: "localhost:38285"
    clientAddress: "localhost:40537"
    adminAddress: "localhost:35135"
    startupRole: FOLLOWER
  }
}
commitInfos {
  server {
    id: "s3"
    address: "localhost:46799"
    dataStreamAddress: "localhost:40281"
    clientAddress: "localhost:46547"
    adminAddress: "localhost:45171"
    startupRole: FOLLOWER
  }
}
commitInfos {
  server {
    id: "s4"
    address: "localhost:39419"
    dataStreamAddress: "localhost:46687"
    clientAddress: "localhost:41785"
    adminAddress: "localhost:43995"
    startupRole: FOLLOWER
  }
}
commitInfos {
  server {
    id: "s0"
    address: "localhost:42481"
    dataStreamAddress: "localhost:43981"
    clientAddress: "localhost:42743"
    adminAddress: "localhost:44771"
    startupRole: FOLLOWER
  }
}
commitInfos {
  server {
    id: "s1"
    address: "localhost:44073"
    dataStreamAddress: "localhost:35501"
    clientAddress: "localhost:39477"
    adminAddress: "localhost:36871"
    startupRole: FOLLOWER
  }
}
]
2022-09-14 11:47:27,969 [s2@group-12AB68C5691F->s3-GrpcLogAppender-LogAppenderDaemon] INFO  util.CodeInjectionForTesting (DelayLocalExecutionInjection.java:execute(65)) - s2 delay 150 ms, args=[serverRequest {
  requestorId: "s2"
  replyId: "s3"
  raftGroupId {
    id: "\326\216l\301\220x@5\222b\022\253h\305i\037"
  }
  callId: 163
  slidingWindowEntry {
  }
}
leaderTerm: 2
previousLog {
  term: 2
}
initializing: true
commitInfos {
  server {
    id: "s2"
    address: "localhost:38365"
    dataStreamAddress: "localhost:38285"
    clientAddress: "localhost:40537"
    adminAddress: "localhost:35135"
    startupRole: FOLLOWER
  }
}
commitInfos {
  server {
    id: "s3"
    address: "localhost:46799"
    dataStreamAddress: "localhost:40281"
    clientAddress: "localhost:46547"
    adminAddress: "localhost:45171"
    startupRole: FOLLOWER
  }
}
commitInfos {
  server {
    id: "s4"
    address: "localhost:39419"
    dataStreamAddress: "localhost:46687"
    clientAddress: "localhost:41785"
    adminAddress: "localhost:43995"
    startupRole: FOLLOWER
  }
}
commitInfos {
  server {
    id: "s0"
    address: "localhost:42481"
    dataStreamAddress: "localhost:43981"
    clientAddress: "localhost:42743"
    adminAddress: "localhost:44771"
    startupRole: FOLLOWER
  }
}
commitInfos {
  server {
    id: "s1"
    address: "localhost:44073"
    dataStreamAddress: "localhost:35501"
    clientAddress: "localhost:39477"
    adminAddress: "localhost:36871"
    startupRole: FOLLOWER
  }
}
]
2022-09-14 11:47:28,020 [s2@group-12AB68C5691F->s4-GrpcLogAppender-LogAppenderDaemon] INFO  util.CodeInjectionForTesting (DelayLocalExecutionInjection.java:execute(65)) - s2 delay 150 ms, args=[serverRequest {
  requestorId: "s2"
  replyId: "s4"
  raftGroupId {
    id: "\326\216l\301\220x@5\222b\022\253h\305i\037"
  }
  callId: 298
  slidingWindowEntry {
  }
}
leaderTerm: 2
previousLog {
  term: 2
}
initializing: true
commitInfos {
  server {
    id: "s2"
    address: "localhost:38365"
    dataStreamAddress: "localhost:38285"
    clientAddress: "localhost:40537"
    adminAddress: "localhost:35135"
    startupRole: FOLLOWER
  }
}
commitInfos {
  server {
    id: "s3"
    address: "localhost:46799"
    dataStreamAddress: "localhost:40281"
    clientAddress: "localhost:46547"
    adminAddress: "localhost:45171"
    startupRole: FOLLOWER
  }
}
commitInfos {
  server {
    id: "s4"
    address: "localhost:39419"
    dataStreamAddress: "localhost:46687"
    clientAddress: "localhost:41785"
    adminAddress: "localhost:43995"
    startupRole: FOLLOWER
  }
}
commitInfos {
  server {
    id: "s0"
    address: "localhost:42481"
    dataStreamAddress: "localhost:43981"
    clientAddress: "localhost:42743"
    adminAddress: "localhost:44771"
    startupRole: FOLLOWER
  }
}
commitInfos {
  server {
    id: "s1"
    address: "localhost:44073"
    dataStreamAddress: "localhost:35501"
    clientAddress: "localhost:39477"
    adminAddress: "localhost:36871"
    startupRole: FOLLOWER
  }
}
]
2022-09-14 11:47:28,127 [Time-limited test] INFO  server.RaftServerConfigKeys (ConfUtils.java:logGet(46)) - raft.server.rpc.timeout.max = 300ms (default)
2022-09-14 11:47:28,180 [s4@group-12AB68C5691F-FollowerState] INFO  impl.FollowerState (FollowerState.java:run(141)) - s4@group-12AB68C5691F-FollowerState: change to CANDIDATE, lastRpcElapsedTime:257812293ns, electionTimeout:257ms
2022-09-14 11:47:28,180 [s4@group-12AB68C5691F-FollowerState] INFO  impl.RoleInfo (RoleInfo.java:shutdownFollowerState(110)) - s4: shutdown s4@group-12AB68C5691F-FollowerState
2022-09-14 11:47:28,180 [s4@group-12AB68C5691F-FollowerState] INFO  server.RaftServer$Division (RaftServerImpl.java:setRole(317)) - s4@group-12AB68C5691F: changes role from  FOLLOWER to CANDIDATE at term 2 for changeToCandidate
2022-09-14 11:47:28,180 [s4@group-12AB68C5691F-FollowerState] INFO  server.RaftServerConfigKeys (ConfUtils.java:logGet(46)) - raft.server.leaderelection.pre-vote = true (default)
2022-09-14 11:47:28,180 [s4@group-12AB68C5691F-FollowerState] INFO  impl.RoleInfo (RoleInfo.java:updateAndGet(139)) - s4: start s4@group-12AB68C5691F-LeaderElection50
2022-09-14 11:47:28,180 [s4@group-12AB68C5691F-LeaderElection50] INFO  impl.LeaderElection (LeaderElection.java:askForVotes(308)) - s4@group-12AB68C5691F-LeaderElection50 PRE_VOTE round 0: submit vote requests at term 2 for 0: peers:[s3|rpc:localhost:46799|admin:localhost:45171|client:localhost:46547|dataStream:localhost:40281|priority:0|startupRole:FOLLOWER, s4|rpc:localhost:39419|admin:localhost:43995|client:localhost:41785|dataStream:localhost:46687|priority:0|startupRole:FOLLOWER, s0|rpc:localhost:42481|admin:localhost:44771|client:localhost:42743|dataStream:localhost:43981|priority:0|startupRole:FOLLOWER, s1|rpc:localhost:44073|admin:localhost:36871|client:localhost:39477|dataStream:localhost:35501|priority:0|startupRole:FOLLOWER, s2|rpc:localhost:38365|admin:localhost:35135|client:localhost:40537|dataStream:localhost:38285|priority:0|startupRole:FOLLOWER]|listeners:[], old=null
2022-09-14 11:47:28,183 [grpc-default-executor-11] INFO  server.RaftServer$Division (RaftServerImpl.java:requestVote(1281)) - s0@group-12AB68C5691F: receive requestVote(PRE_VOTE, s4, group-12AB68C5691F, 2, (t:1, i:0))
2022-09-14 11:47:28,183 [grpc-default-executor-19] INFO  server.RaftServer$Division (RaftServerImpl.java:requestVote(1281)) - s3@group-12AB68C5691F: receive requestVote(PRE_VOTE, s4, group-12AB68C5691F, 2, (t:1, i:0))
2022-09-14 11:47:28,183 [grpc-default-executor-19] INFO  impl.VoteContext (VoteContext.java:log(49)) - s3@group-12AB68C5691F-FOLLOWER: reject PRE_VOTE from s4: this server is a follower and still has a valid leader s2
2022-09-14 11:47:28,183 [grpc-default-executor-19] INFO  server.RaftServer$Division (RaftServerImpl.java:requestVote(1314)) - s3@group-12AB68C5691F replies to PRE_VOTE vote request: s4<-s3#0:FAIL-t2. Peer's state: s3@group-12AB68C5691F:t2, leader=s2, voted=s2, raftlog=Memoized:s3@group-12AB68C5691F-SegmentedRaftLog:OPENED:c0, conf=0: peers:[s3|rpc:localhost:46799|admin:localhost:45171|client:localhost:46547|dataStream:localhost:40281|priority:0|startupRole:FOLLOWER, s4|rpc:localhost:39419|admin:localhost:43995|client:localhost:41785|dataStream:localhost:46687|priority:0|startupRole:FOLLOWER, s0|rpc:localhost:42481|admin:localhost:44771|client:localhost:42743|dataStream:localhost:43981|priority:0|startupRole:FOLLOWER, s1|rpc:localhost:44073|admin:localhost:36871|client:localhost:39477|dataStream:localhost:35501|priority:0|startupRole:FOLLOWER, s2|rpc:localhost:38365|admin:localhost:35135|client:localhost:40537|dataStream:localhost:38285|priority:0|startupRole:FOLLOWER]|listeners:[], old=null
2022-09-14 11:47:28,183 [grpc-default-executor-11] INFO  impl.VoteContext (VoteContext.java:log(49)) - s0@group-12AB68C5691F-FOLLOWER: reject PRE_VOTE from s4: this server is a follower and still has a valid leader s2
2022-09-14 11:47:28,183 [grpc-default-executor-11] INFO  server.RaftServer$Division (RaftServerImpl.java:requestVote(1314)) - s0@group-12AB68C5691F replies to PRE_VOTE vote request: s4<-s0#0:FAIL-t2. Peer's state: s0@group-12AB68C5691F:t2, leader=s2, voted=s2, raftlog=Memoized:s0@group-12AB68C5691F-SegmentedRaftLog:OPENED:c0, conf=0: peers:[s3|rpc:localhost:46799|admin:localhost:45171|client:localhost:46547|dataStream:localhost:40281|priority:0|startupRole:FOLLOWER, s4|rpc:localhost:39419|admin:localhost:43995|client:localhost:41785|dataStream:localhost:46687|priority:0|startupRole:FOLLOWER, s0|rpc:localhost:42481|admin:localhost:44771|client:localhost:42743|dataStream:localhost:43981|priority:0|startupRole:FOLLOWER, s1|rpc:localhost:44073|admin:localhost:36871|client:localhost:39477|dataStream:localhost:35501|priority:0|startupRole:FOLLOWER, s2|rpc:localhost:38365|admin:localhost:35135|client:localhost:40537|dataStream:localhost:38285|priority:0|startupRole:FOLLOWER]|listeners:[], old=null
2022-09-14 11:47:28,185 [grpc-default-executor-19] INFO  server.RaftServer$Division (RaftServerImpl.java:requestVote(1281)) - s1@group-12AB68C5691F: receive requestVote(PRE_VOTE, s4, group-12AB68C5691F, 2, (t:1, i:0))
2022-09-14 11:47:28,185 [grpc-default-executor-19] INFO  impl.VoteContext (VoteContext.java:log(49)) - s1@group-12AB68C5691F-FOLLOWER: reject PRE_VOTE from s4: this server is a follower and still has a valid leader s2
2022-09-14 11:47:28,185 [grpc-default-executor-19] INFO  server.RaftServer$Division (RaftServerImpl.java:requestVote(1314)) - s1@group-12AB68C5691F replies to PRE_VOTE vote request: s4<-s1#0:FAIL-t2. Peer's state: s1@group-12AB68C5691F:t2, leader=s2, voted=s2, raftlog=Memoized:s1@group-12AB68C5691F-SegmentedRaftLog:OPENED:c0, conf=0: peers:[s3|rpc:localhost:46799|admin:localhost:45171|client:localhost:46547|dataStream:localhost:40281|priority:0|startupRole:FOLLOWER, s4|rpc:localhost:39419|admin:localhost:43995|client:localhost:41785|dataStream:localhost:46687|priority:0|startupRole:FOLLOWER, s0|rpc:localhost:42481|admin:localhost:44771|client:localhost:42743|dataStream:localhost:43981|priority:0|startupRole:FOLLOWER, s1|rpc:localhost:44073|admin:localhost:36871|client:localhost:39477|dataStream:localhost:35501|priority:0|startupRole:FOLLOWER, s2|rpc:localhost:38365|admin:localhost:35135|client:localhost:40537|dataStream:localhost:38285|priority:0|startupRole:FOLLOWER]|listeners:[], old=null
2022-09-14 11:47:28,186 [s4@group-12AB68C5691F-LeaderElection50] INFO  impl.LeaderElection (LeaderElection.java:logAndReturn(89)) - s4@group-12AB68C5691F-LeaderElection50: PRE_VOTE REJECTED received 3 response(s) and 0 exception(s):
2022-09-14 11:47:28,186 [s4@group-12AB68C5691F-LeaderElection50] INFO  impl.LeaderElection (LeaderElection.java:logAndReturn(93)) -   Response 0: s4<-s3#0:FAIL-t2
2022-09-14 11:47:28,186 [s4@group-12AB68C5691F-LeaderElection50] INFO  impl.LeaderElection (LeaderElection.java:logAndReturn(93)) -   Response 1: s4<-s0#0:FAIL-t2
2022-09-14 11:47:28,186 [s4@group-12AB68C5691F-LeaderElection50] INFO  impl.LeaderElection (LeaderElection.java:logAndReturn(93)) -   Response 2: s4<-s1#0:FAIL-t2
2022-09-14 11:47:28,186 [s4@group-12AB68C5691F-LeaderElection50] INFO  impl.LeaderElection (LeaderElection.java:askForVotes(310)) - s4@group-12AB68C5691F-LeaderElection50 PRE_VOTE round 0: result REJECTED
2022-09-14 11:47:28,186 [s4@group-12AB68C5691F-LeaderElection50] INFO  server.RaftServer$Division (RaftServerImpl.java:setRole(317)) - s4@group-12AB68C5691F: changes role from CANDIDATE to FOLLOWER at term 2 for REJECTED
2022-09-14 11:47:28,186 [s4@group-12AB68C5691F-LeaderElection50] INFO  impl.RoleInfo (RoleInfo.java:shutdownLeaderElection(130)) - s4: shutdown s4@group-12AB68C5691F-LeaderElection50
2022-09-14 11:47:28,186 [s4@group-12AB68C5691F-LeaderElection50] INFO  impl.RoleInfo (RoleInfo.java:updateAndGet(139)) - s4: start s4@group-12AB68C5691F-FollowerState
2022-09-14 11:47:28,187 [grpc-default-executor-19] INFO  server.RaftServer$Division (RaftServerImpl.java:requestVote(1281)) - s2@group-12AB68C5691F: receive requestVote(PRE_VOTE, s4, group-12AB68C5691F, 2, (t:1, i:0))
2022-09-14 11:47:28,187 [grpc-default-executor-19] INFO  impl.VoteContext (VoteContext.java:log(49)) - s2@group-12AB68C5691F-LEADER: reject PRE_VOTE from s4: this server is the leader and still has leadership
2022-09-14 11:47:28,187 [grpc-default-executor-19] INFO  server.RaftServer$Division (RaftServerImpl.java:requestVote(1314)) - s2@group-12AB68C5691F replies to PRE_VOTE vote request: s4<-s2#0:FAIL-t2. Peer's state: s2@group-12AB68C5691F:t2, leader=s2, voted=s2, raftlog=Memoized:s2@group-12AB68C5691F-SegmentedRaftLog:OPENED:c0, conf=0: peers:[s3|rpc:localhost:46799|admin:localhost:45171|client:localhost:46547|dataStream:localhost:40281|priority:0|startupRole:FOLLOWER, s4|rpc:localhost:39419|admin:localhost:43995|client:localhost:41785|dataStream:localhost:46687|priority:0|startupRole:FOLLOWER, s0|rpc:localhost:42481|admin:localhost:44771|client:localhost:42743|dataStream:localhost:43981|priority:0|startupRole:FOLLOWER, s1|rpc:localhost:44073|admin:localhost:36871|client:localhost:39477|dataStream:localhost:35501|priority:0|startupRole:FOLLOWER, s2|rpc:localhost:38365|admin:localhost:35135|client:localhost:40537|dataStream:localhost:38285|priority:0|startupRole:FOLLOWER]|listeners:[], old=null
2022-09-14 11:47:28,319 [s4-server-thread2] INFO  util.CodeInjectionForTesting (BlockRequestHandlingInjection.java:execute(84)) - s4: unBlock request from s2
2022-09-14 11:47:28,319 [s4-server-thread2] INFO  server.RaftServer$Division (ServerState.java:setLeader(259)) - s4@group-12AB68C5691F: change Leader from null to s2 at term 2 for appendEntries, leader elected after 832ms
2022-09-14 11:47:28,319 [s4-server-thread2] INFO  server.RaftServer$Division (RaftServerImpl.java:checkInconsistentAppendEntries(1586)) - s4@group-12AB68C5691F: Failed appendEntries as previous log entry ((t:2, i:0)) is not found
2022-09-14 11:47:28,319 [s4-server-thread2] INFO  server.RaftServer$Division (RaftServerImpl.java:checkInconsistentAppendEntries(1556)) - s4@group-12AB68C5691F: inconsistency entries. Reply:s2<-s4#294:FAIL-t2,INCONSISTENCY,nextIndex=0,followerCommit=0,matchIndex=-1
2022-09-14 11:47:28,320 [s4-server-thread2] INFO  server.RaftServer$Division (RaftServerImpl.java:checkInconsistentAppendEntries(1586)) - s4@group-12AB68C5691F: Failed appendEntries as previous log entry ((t:2, i:0)) is not found
2022-09-14 11:47:28,320 [s4-server-thread2] INFO  server.RaftServer$Division (RaftServerImpl.java:checkInconsistentAppendEntries(1556)) - s4@group-12AB68C5691F: inconsistency entries. Reply:s2<-s4#295:FAIL-t2,INCONSISTENCY,nextIndex=0,followerCommit=0,matchIndex=-1
2022-09-14 11:47:28,326 [grpc-default-executor-19] INFO  leader.FollowerInfo (FollowerInfoImpl.java:lambda$new$0(48)) - s2@group-12AB68C5691F->s4: nextIndex: updateUnconditionally 1 -> 0
2022-09-14 11:47:28,327 [grpc-default-executor-37] INFO  leader.FollowerInfo (FollowerInfoImpl.java:lambda$new$0(48)) - s2@group-12AB68C5691F->s4: nextIndex: updateUnconditionally 1 -> 0
2022-09-14 11:47:28,327 [s4-server-thread2] INFO  server.RaftServer$Division (RaftServerImpl.java:checkInconsistentAppendEntries(1586)) - s4@group-12AB68C5691F: Failed appendEntries as previous log entry ((t:2, i:0)) is not found
2022-09-14 11:47:28,327 [s4-server-thread2] INFO  server.RaftServer$Division (RaftServerImpl.java:checkInconsistentAppendEntries(1556)) - s4@group-12AB68C5691F: inconsistency entries. Reply:s2<-s4#296:FAIL-t2,INCONSISTENCY,nextIndex=0,followerCommit=0,matchIndex=-1
2022-09-14 11:47:28,328 [grpc-default-executor-37] INFO  leader.FollowerInfo (FollowerInfoImpl.java:lambda$new$0(48)) - s2@group-12AB68C5691F->s4: nextIndex: updateUnconditionally 1 -> 0
2022-09-14 11:47:28,328 [s4-server-thread2] INFO  server.RaftServer$Division (RaftServerImpl.java:checkInconsistentAppendEntries(1586)) - s4@group-12AB68C5691F: Failed appendEntries as previous log entry ((t:2, i:0)) is not found
2022-09-14 11:47:28,328 [s4-server-thread2] INFO  server.RaftServer$Division (RaftServerImpl.java:checkInconsistentAppendEntries(1556)) - s4@group-12AB68C5691F: inconsistency entries. Reply:s2<-s4#297:FAIL-t2,INCONSISTENCY,nextIndex=0,followerCommit=0,matchIndex=-1
2022-09-14 11:47:28,328 [grpc-default-executor-37] INFO  leader.FollowerInfo (FollowerInfoImpl.java:lambda$new$0(48)) - s2@group-12AB68C5691F->s4: nextIndex: updateUnconditionally 1 -> 0
2022-09-14 11:47:28,329 [s4-server-thread2] INFO  server.RaftServer$Division (RaftServerImpl.java:checkInconsistentAppendEntries(1586)) - s4@group-12AB68C5691F: Failed appendEntries as previous log entry ((t:2, i:0)) is not found
2022-09-14 11:47:28,329 [s4-server-thread2] INFO  server.RaftServer$Division (RaftServerImpl.java:checkInconsistentAppendEntries(1556)) - s4@group-12AB68C5691F: inconsistency entries. Reply:s2<-s4#298:FAIL-t2,INCONSISTENCY,nextIndex=0,followerCommit=0,matchIndex=-1
2022-09-14 11:47:28,329 [grpc-default-executor-37] INFO  leader.FollowerInfo (FollowerInfoImpl.java:lambda$new$0(48)) - s2@group-12AB68C5691F->s4: nextIndex: updateUnconditionally 1 -> 0
2022-09-14 11:47:28,329 [s4-server-thread2] INFO  server.RaftServer$Division (RaftServerImpl.java:checkInconsistentAppendEntries(1586)) - s4@group-12AB68C5691F: Failed appendEntries as previous log entry ((t:2, i:0)) is not found
2022-09-14 11:47:28,329 [s4-server-thread2] INFO  server.RaftServer$Division (RaftServerImpl.java:checkInconsistentAppendEntries(1556)) - s4@group-12AB68C5691F: inconsistency entries. Reply:s2<-s4#299:FAIL-t2,INCONSISTENCY,nextIndex=0,followerCommit=0,matchIndex=-1
2022-09-14 11:47:28,330 [grpc-default-executor-37] INFO  leader.FollowerInfo (FollowerInfoImpl.java:lambda$new$0(48)) - s2@group-12AB68C5691F->s4: nextIndex: updateUnconditionally 1 -> 0
2022-09-14 11:47:28,330 [s4-server-thread2] INFO  server.RaftServer$Division (RaftServerImpl.java:checkInconsistentAppendEntries(1586)) - s4@group-12AB68C5691F: Failed appendEntries as previous log entry ((t:2, i:0)) is not found
2022-09-14 11:47:28,330 [s4-server-thread2] INFO  server.RaftServer$Division (RaftServerImpl.java:checkInconsistentAppendEntries(1556)) - s4@group-12AB68C5691F: inconsistency entries. Reply:s2<-s4#300:FAIL-t2,INCONSISTENCY,nextIndex=0,followerCommit=0,matchIndex=-1
2022-09-14 11:47:28,330 [grpc-default-executor-37] INFO  leader.FollowerInfo (FollowerInfoImpl.java:lambda$new$0(48)) - s2@group-12AB68C5691F->s4: nextIndex: updateUnconditionally 1 -> 0
2022-09-14 11:47:28,330 [s4-server-thread2] INFO  server.RaftServer$Division (RaftServerImpl.java:checkInconsistentAppendEntries(1586)) - s4@group-12AB68C5691F: Failed appendEntries as previous log entry ((t:2, i:0)) is not found
2022-09-14 11:47:28,330 [s4-server-thread2] INFO  server.RaftServer$Division (RaftServerImpl.java:checkInconsistentAppendEntries(1556)) - s4@group-12AB68C5691F: inconsistency entries. Reply:s2<-s4#301:FAIL-t2,INCONSISTENCY,nextIndex=0,followerCommit=0,matchIndex=-1
2022-09-14 11:47:28,331 [grpc-default-executor-37] INFO  leader.FollowerInfo (FollowerInfoImpl.java:lambda$new$0(48)) - s2@group-12AB68C5691F->s4: nextIndex: updateUnconditionally 1 -> 0
2022-09-14 11:47:28,331 [s4-server-thread2] INFO  server.RaftServer$Division (RaftServerImpl.java:checkInconsistentAppendEntries(1586)) - s4@group-12AB68C5691F: Failed appendEntries as previous log entry ((t:2, i:0)) is not found
2022-09-14 11:47:28,331 [s4-server-thread2] INFO  server.RaftServer$Division (RaftServerImpl.java:checkInconsistentAppendEntries(1556)) - s4@group-12AB68C5691F: inconsistency entries. Reply:s2<-s4#302:FAIL-t2,INCONSISTENCY,nextIndex=0,followerCommit=0,matchIndex=-1
2022-09-14 11:47:28,332 [grpc-default-executor-19] INFO  leader.FollowerInfo (FollowerInfoImpl.java:lambda$new$0(48)) - s2@group-12AB68C5691F->s4: nextIndex: updateUnconditionally 1 -> 0
2022-09-14 11:47:28,332 [s4-server-thread2] DEBUG server.RaftServer$Division (RaftServerImpl.java:logAppendEntries(1405)) - s4@group-12AB68C5691F: receive appendEntries(s2, 2, null, 0, true, commits:[s2:c0, s3:c0, s4:c0, s0:c0, s1:c0], cId:303, entries: [(t:2, i:0), CONFIGURATIONENTRY(current:id: "s3"
address: "localhost:46799"
dataStreamAddress: "localhost:40281"
clientAddress: "localhost:46547"
adminAddress: "localhost:45171"
startupRole: FOLLOWER
,id: "s4"
address: "localhost:39419"
dataStreamAddress: "localhost:46687"
clientAddress: "localhost:41785"
adminAddress: "localhost:43995"
startupRole: FOLLOWER
,id: "s0"
address: "localhost:42481"
dataStreamAddress: "localhost:43981"
clientAddress: "localhost:42743"
adminAddress: "localhost:44771"
startupRole: FOLLOWER
,id: "s1"
address: "localhost:44073"
dataStreamAddress: "localhost:35501"
clientAddress: "localhost:39477"
adminAddress: "localhost:36871"
startupRole: FOLLOWER
,id: "s2"
address: "localhost:38365"
dataStreamAddress: "localhost:38285"
clientAddress: "localhost:40537"
adminAddress: "localhost:35135"
startupRole: FOLLOWER
, old:)]
2022-09-14 11:47:28,332 [s4-server-thread2] INFO  server.RaftServer$Division (RaftServerImpl.java:checkInconsistentAppendEntries(1576)) - s4@group-12AB68C5691F: Failed appendEntries as the first entry (index 0) already exists (snapshotIndex: -1, commitIndex: 0)
2022-09-14 11:47:28,332 [s4-server-thread2] INFO  server.RaftServer$Division (RaftServerImpl.java:checkInconsistentAppendEntries(1556)) - s4@group-12AB68C5691F: inconsistency entries. Reply:s2<-s4#303:FAIL-t2,INCONSISTENCY,nextIndex=1,followerCommit=0,matchIndex=-1
2022-09-14 11:47:28,333 [s4-server-thread2] DEBUG server.RaftServer$Division (RaftServerImpl.java:logAppendEntries(1405)) - s4@group-12AB68C5691F: receive appendEntries(s2, 2, null, 0, true, commits:[s2:c0, s3:c0, s4:c0, s0:c0, s1:c0], cId:304, entries: [(t:2, i:0), CONFIGURATIONENTRY(current:id: "s3"
address: "localhost:46799"
dataStreamAddress: "localhost:40281"
clientAddress: "localhost:46547"
adminAddress: "localhost:45171"
startupRole: FOLLOWER
,id: "s4"
address: "localhost:39419"
dataStreamAddress: "localhost:46687"
clientAddress: "localhost:41785"
adminAddress: "localhost:43995"
startupRole: FOLLOWER
,id: "s0"
address: "localhost:42481"
dataStreamAddress: "localhost:43981"
clientAddress: "localhost:42743"
adminAddress: "localhost:44771"
startupRole: FOLLOWER
,id: "s1"
address: "localhost:44073"
dataStreamAddress: "localhost:35501"
clientAddress: "localhost:39477"
adminAddress: "localhost:36871"
startupRole: FOLLOWER
,id: "s2"
address: "localhost:38365"
dataStreamAddress: "localhost:38285"
clientAddress: "localhost:40537"
adminAddress: "localhost:35135"
startupRole: FOLLOWER
, old:)]
2022-09-14 11:47:28,333 [s4-server-thread2] INFO  server.RaftServer$Division (RaftServerImpl.java:checkInconsistentAppendEntries(1576)) - s4@group-12AB68C5691F: Failed appendEntries as the first entry (index 0) already exists (snapshotIndex: -1, commitIndex: 0)
2022-09-14 11:47:28,333 [s4-server-thread2] INFO  server.RaftServer$Division (RaftServerImpl.java:checkInconsistentAppendEntries(1556)) - s4@group-12AB68C5691F: inconsistency entries. Reply:s2<-s4#304:FAIL-t2,INCONSISTENCY,nextIndex=1,followerCommit=0,matchIndex=-1
2022-09-14 11:47:28,333 [s4-server-thread2] DEBUG server.RaftServer$Division (RaftServerImpl.java:logAppendEntries(1405)) - s4@group-12AB68C5691F: receive appendEntries(s2, 2, null, 0, true, commits:[s2:c0, s3:c0, s4:c0, s0:c0, s1:c0], cId:305, entries: [(t:2, i:0), CONFIGURATIONENTRY(current:id: "s3"
address: "localhost:46799"
dataStreamAddress: "localhost:40281"
clientAddress: "localhost:46547"
adminAddress: "localhost:45171"
startupRole: FOLLOWER
,id: "s4"
address: "localhost:39419"
dataStreamAddress: "localhost:46687"
clientAddress: "localhost:41785"
adminAddress: "localhost:43995"
startupRole: FOLLOWER
,id: "s0"
address: "localhost:42481"
dataStreamAddress: "localhost:43981"
clientAddress: "localhost:42743"
adminAddress: "localhost:44771"
startupRole: FOLLOWER
,id: "s1"
address: "localhost:44073"
dataStreamAddress: "localhost:35501"
clientAddress: "localhost:39477"
adminAddress: "localhost:36871"
startupRole: FOLLOWER
,id: "s2"
address: "localhost:38365"
dataStreamAddress: "localhost:38285"
clientAddress: "localhost:40537"
adminAddress: "localhost:35135"
startupRole: FOLLOWER
, old:)]
2022-09-14 11:47:28,333 [s4-server-thread2] INFO  server.RaftServer$Division (RaftServerImpl.java:checkInconsistentAppendEntries(1576)) - s4@group-12AB68C5691F: Failed appendEntries as the first entry (index 0) already exists (snapshotIndex: -1, commitIndex: 0)
2022-09-14 11:47:28,333 [s4-server-thread2] INFO  server.RaftServer$Division (RaftServerImpl.java:checkInconsistentAppendEntries(1556)) - s4@group-12AB68C5691F: inconsistency entries. Reply:s2<-s4#305:FAIL-t2,INCONSISTENCY,nextIndex=1,followerCommit=0,matchIndex=-1
2022-09-14 11:47:28,334 [s4-server-thread2] DEBUG server.RaftServer$Division (RaftServerImpl.java:logAppendEntries(1405)) - s4@group-12AB68C5691F: receive appendEntries(s2, 2, null, 0, true, commits:[s2:c0, s3:c0, s4:c0, s0:c0, s1:c0], cId:306, entries: [(t:2, i:0), CONFIGURATIONENTRY(current:id: "s3"
address: "localhost:46799"
dataStreamAddress: "localhost:40281"
clientAddress: "localhost:46547"
adminAddress: "localhost:45171"
startupRole: FOLLOWER
,id: "s4"
address: "localhost:39419"
dataStreamAddress: "localhost:46687"
clientAddress: "localhost:41785"
adminAddress: "localhost:43995"
startupRole: FOLLOWER
,id: "s0"
address: "localhost:42481"
dataStreamAddress: "localhost:43981"
clientAddress: "localhost:42743"
adminAddress: "localhost:44771"
startupRole: FOLLOWER
,id: "s1"
address: "localhost:44073"
dataStreamAddress: "localhost:35501"
clientAddress: "localhost:39477"
adminAddress: "localhost:36871"
startupRole: FOLLOWER
,id: "s2"
address: "localhost:38365"
dataStreamAddress: "localhost:38285"
clientAddress: "localhost:40537"
adminAddress: "localhost:35135"
startupRole: FOLLOWER
, old:)]
2022-09-14 11:47:28,334 [s4-server-thread2] INFO  server.RaftServer$Division (RaftServerImpl.java:checkInconsistentAppendEntries(1576)) - s4@group-12AB68C5691F: Failed appendEntries as the first entry (index 0) already exists (snapshotIndex: -1, commitIndex: 0)
2022-09-14 11:47:28,334 [s4-server-thread2] INFO  server.RaftServer$Division (RaftServerImpl.java:checkInconsistentAppendEntries(1556)) - s4@group-12AB68C5691F: inconsistency entries. Reply:s2<-s4#306:FAIL-t2,INCONSISTENCY,nextIndex=1,followerCommit=0,matchIndex=-1
2022-09-14 11:47:28,334 [s4-server-thread2] DEBUG server.RaftServer$Division (RaftServerImpl.java:logAppendEntries(1405)) - s4@group-12AB68C5691F: receive appendEntries(s2, 2, null, 0, true, commits:[s2:c0, s3:c0, s4:c0, s0:c0, s1:c0], cId:307, entries: [(t:2, i:0), CONFIGURATIONENTRY(current:id: "s3"
address: "localhost:46799"
dataStreamAddress: "localhost:40281"
clientAddress: "localhost:46547"
adminAddress: "localhost:45171"
startupRole: FOLLOWER
,id: "s4"
address: "localhost:39419"
dataStreamAddress: "localhost:46687"
clientAddress: "localhost:41785"
adminAddress: "localhost:43995"
startupRole: FOLLOWER
,id: "s0"
address: "localhost:42481"
dataStreamAddress: "localhost:43981"
clientAddress: "localhost:42743"
adminAddress: "localhost:44771"
startupRole: FOLLOWER
,id: "s1"
address: "localhost:44073"
dataStreamAddress: "localhost:35501"
clientAddress: "localhost:39477"
adminAddress: "localhost:36871"
startupRole: FOLLOWER
,id: "s2"
address: "localhost:38365"
dataStreamAddress: "localhost:38285"
clientAddress: "localhost:40537"
adminAddress: "localhost:35135"
startupRole: FOLLOWER
, old:)]
2022-09-14 11:47:28,334 [s4-server-thread2] INFO  server.RaftServer$Division (RaftServerImpl.java:checkInconsistentAppendEntries(1576)) - s4@group-12AB68C5691F: Failed appendEntries as the first entry (index 0) already exists (snapshotIndex: -1, commitIndex: 0)
2022-09-14 11:47:28,334 [s4-server-thread2] INFO  server.RaftServer$Division (RaftServerImpl.java:checkInconsistentAppendEntries(1556)) - s4@group-12AB68C5691F: inconsistency entries. Reply:s2<-s4#307:FAIL-t2,INCONSISTENCY,nextIndex=1,followerCommit=0,matchIndex=-1
2022-09-14 11:47:28,335 [s4-server-thread2] DEBUG server.RaftServer$Division (RaftServerImpl.java:logAppendEntries(1405)) - s4@group-12AB68C5691F: receive appendEntries(s2, 2, null, 0, true, commits:[s2:c0, s3:c0, s4:c0, s0:c0, s1:c0], cId:308, entries: [(t:2, i:0), CONFIGURATIONENTRY(current:id: "s3"
address: "localhost:46799"
dataStreamAddress: "localhost:40281"
clientAddress: "localhost:46547"
adminAddress: "localhost:45171"
startupRole: FOLLOWER
,id: "s4"
address: "localhost:39419"
dataStreamAddress: "localhost:46687"
clientAddress: "localhost:41785"
adminAddress: "localhost:43995"
startupRole: FOLLOWER
,id: "s0"
address: "localhost:42481"
dataStreamAddress: "localhost:43981"
clientAddress: "localhost:42743"
adminAddress: "localhost:44771"
startupRole: FOLLOWER
,id: "s1"
address: "localhost:44073"
dataStreamAddress: "localhost:35501"
clientAddress: "localhost:39477"
adminAddress: "localhost:36871"
startupRole: FOLLOWER
,id: "s2"
address: "localhost:38365"
dataStreamAddress: "localhost:38285"
clientAddress: "localhost:40537"
adminAddress: "localhost:35135"
startupRole: FOLLOWER
, old:)]
2022-09-14 11:47:28,335 [s4-server-thread2] INFO  server.RaftServer$Division (RaftServerImpl.java:checkInconsistentAppendEntries(1576)) - s4@group-12AB68C5691F: Failed appendEntries as the first entry (index 0) already exists (snapshotIndex: -1, commitIndex: 0)
2022-09-14 11:47:28,335 [s4-server-thread2] INFO  server.RaftServer$Division (RaftServerImpl.java:checkInconsistentAppendEntries(1556)) - s4@group-12AB68C5691F: inconsistency entries. Reply:s2<-s4#308:FAIL-t2,INCONSISTENCY,nextIndex=1,followerCommit=0,matchIndex=-1
2022-09-14 11:47:28,335 [s4-server-thread2] DEBUG server.RaftServer$Division (RaftServerImpl.java:logAppendEntries(1405)) - s4@group-12AB68C5691F: receive appendEntries(s2, 2, null, 0, true, commits:[s2:c0, s3:c0, s4:c0, s0:c0, s1:c0], cId:309, entries: [(t:2, i:0), CONFIGURATIONENTRY(current:id: "s3"
address: "localhost:46799"
dataStreamAddress: "localhost:40281"
clientAddress: "localhost:46547"
adminAddress: "localhost:45171"
startupRole: FOLLOWER
,id: "s4"
address: "localhost:39419"
dataStreamAddress: "localhost:46687"
clientAddress: "localhost:41785"
adminAddress: "localhost:43995"
startupRole: FOLLOWER
,id: "s0"
address: "localhost:42481"
dataStreamAddress: "localhost:43981"
clientAddress: "localhost:42743"
adminAddress: "localhost:44771"
startupRole: FOLLOWER
,id: "s1"
address: "localhost:44073"
dataStreamAddress: "localhost:35501"
clientAddress: "localhost:39477"
adminAddress: "localhost:36871"
startupRole: FOLLOWER
,id: "s2"
address: "localhost:38365"
dataStreamAddress: "localhost:38285"
clientAddress: "localhost:40537"
adminAddress: "localhost:35135"
startupRole: FOLLOWER
, old:)]
2022-09-14 11:47:28,335 [s4-server-thread2] INFO  server.RaftServer$Division (RaftServerImpl.java:checkInconsistentAppendEntries(1576)) - s4@group-12AB68C5691F: Failed appendEntries as the first entry (index 0) already exists (snapshotIndex: -1, commitIndex: 0)
2022-09-14 11:47:28,335 [s4-server-thread2] INFO  server.RaftServer$Division (RaftServerImpl.java:checkInconsistentAppendEntries(1556)) - s4@group-12AB68C5691F: inconsistency entries. Reply:s2<-s4#309:FAIL-t2,INCONSISTENCY,nextIndex=1,followerCommit=0,matchIndex=-1
2022-09-14 11:47:28,336 [grpc-default-executor-19] INFO  leader.FollowerInfo (FollowerInfoImpl.java:lambda$new$0(48)) - s2@group-12AB68C5691F->s4: nextIndex: updateUnconditionally 1 -> 1
2022-09-14 11:47:28,336 [s4-server-thread2] DEBUG server.RaftServer$Division (RaftServerImpl.java:logAppendEntries(1405)) - s4@group-12AB68C5691F: receive appendEntries(s2, 2, null, 0, true, commits:[s2:c0, s3:c0, s4:c0, s0:c0, s1:c0], cId:310, entries: [(t:2, i:0), CONFIGURATIONENTRY(current:id: "s3"
address: "localhost:46799"
dataStreamAddress: "localhost:40281"
clientAddress: "localhost:46547"
adminAddress: "localhost:45171"
startupRole: FOLLOWER
,id: "s4"
address: "localhost:39419"
dataStreamAddress: "localhost:46687"
clientAddress: "localhost:41785"
adminAddress: "localhost:43995"
startupRole: FOLLOWER
,id: "s0"
address: "localhost:42481"
dataStreamAddress: "localhost:43981"
clientAddress: "localhost:42743"
adminAddress: "localhost:44771"
startupRole: FOLLOWER
,id: "s1"
address: "localhost:44073"
dataStreamAddress: "localhost:35501"
clientAddress: "localhost:39477"
adminAddress: "localhost:36871"
startupRole: FOLLOWER
,id: "s2"
address: "localhost:38365"
dataStreamAddress: "localhost:38285"
clientAddress: "localhost:40537"
adminAddress: "localhost:35135"
startupRole: FOLLOWER
, old:)]
2022-09-14 11:47:28,336 [s4-server-thread2] INFO  server.RaftServer$Division (RaftServerImpl.java:checkInconsistentAppendEntries(1576)) - s4@group-12AB68C5691F: Failed appendEntries as the first entry (index 0) already exists (snapshotIndex: -1, commitIndex: 0)
2022-09-14 11:47:28,336 [s4-server-thread2] INFO  server.RaftServer$Division (RaftServerImpl.java:checkInconsistentAppendEntries(1556)) - s4@group-12AB68C5691F: inconsistency entries. Reply:s2<-s4#310:FAIL-t2,INCONSISTENCY,nextIndex=1,followerCommit=0,matchIndex=-1
2022-09-14 11:47:28,336 [grpc-default-executor-37] INFO  leader.FollowerInfo (FollowerInfoImpl.java:lambda$new$0(48)) - s2@group-12AB68C5691F->s4: nextIndex: updateUnconditionally 1 -> 1
2022-09-14 11:47:28,337 [grpc-default-executor-37] INFO  leader.FollowerInfo (FollowerInfoImpl.java:lambda$new$0(48)) - s2@group-12AB68C5691F->s4: nextIndex: updateUnconditionally 1 -> 1
2022-09-14 11:47:28,337 [grpc-default-executor-37] INFO  leader.FollowerInfo (FollowerInfoImpl.java:lambda$new$0(48)) - s2@group-12AB68C5691F->s4: nextIndex: updateUnconditionally 1 -> 1
2022-09-14 11:47:28,337 [grpc-default-executor-37] INFO  leader.FollowerInfo (FollowerInfoImpl.java:lambda$new$0(48)) - s2@group-12AB68C5691F->s4: nextIndex: updateUnconditionally 1 -> 1
2022-09-14 11:47:28,337 [grpc-default-executor-37] INFO  leader.FollowerInfo (FollowerInfoImpl.java:lambda$new$0(48)) - s2@group-12AB68C5691F->s4: nextIndex: updateUnconditionally 1 -> 1
2022-09-14 11:47:28,337 [grpc-default-executor-37] INFO  leader.FollowerInfo (FollowerInfoImpl.java:lambda$new$0(48)) - s2@group-12AB68C5691F->s4: nextIndex: updateUnconditionally 1 -> 1
2022-09-14 11:47:28,337 [grpc-default-executor-37] INFO  leader.FollowerInfo (FollowerInfoImpl.java:lambda$new$0(48)) - s2@group-12AB68C5691F->s4: nextIndex: updateUnconditionally 1 -> 1
2022-09-14 11:47:28,337 [s4-server-thread2] DEBUG server.RaftServer$Division (RaftServerImpl.java:logAppendEntries(1405)) - s4@group-12AB68C5691F: receive appendEntries(s2, 2, null, 0, true, commits:[s2:c0, s3:c0, s4:c0, s0:c0, s1:c0], cId:311, entries: [(t:2, i:0), CONFIGURATIONENTRY(current:id: "s3"
address: "localhost:46799"
dataStreamAddress: "localhost:40281"
clientAddress: "localhost:46547"
adminAddress: "localhost:45171"
startupRole: FOLLOWER
,id: "s4"
address: "localhost:39419"
dataStreamAddress: "localhost:46687"
clientAddress: "localhost:41785"
adminAddress: "localhost:43995"
startupRole: FOLLOWER
,id: "s0"
address: "localhost:42481"
dataStreamAddress: "localhost:43981"
clientAddress: "localhost:42743"
adminAddress: "localhost:44771"
startupRole: FOLLOWER
,id: "s1"
address: "localhost:44073"
dataStreamAddress: "localhost:35501"
clientAddress: "localhost:39477"
adminAddress: "localhost:36871"
startupRole: FOLLOWER
,id: "s2"
address: "localhost:38365"
dataStreamAddress: "localhost:38285"
clientAddress: "localhost:40537"
adminAddress: "localhost:35135"
startupRole: FOLLOWER
, old:)]
2022-09-14 11:47:28,337 [s4-server-thread2] INFO  server.RaftServer$Division (RaftServerImpl.java:checkInconsistentAppendEntries(1576)) - s4@group-12AB68C5691F: Failed appendEntries as the first entry (index 0) already exists (snapshotIndex: -1, commitIndex: 0)
2022-09-14 11:47:28,337 [s4-server-thread2] INFO  server.RaftServer$Division (RaftServerImpl.java:checkInconsistentAppendEntries(1556)) - s4@group-12AB68C5691F: inconsistency entries. Reply:s2<-s4#311:FAIL-t2,INCONSISTENCY,nextIndex=1,followerCommit=0,matchIndex=-1
2022-09-14 11:47:28,338 [grpc-default-executor-19] INFO  leader.FollowerInfo (FollowerInfoImpl.java:lambda$new$0(48)) - s2@group-12AB68C5691F->s4: nextIndex: updateUnconditionally 1 -> 1
2022-09-14 11:47:28,414 [s4-server-thread2] INFO  server.RaftServer$Division (RaftServerImpl.java:checkInconsistentAppendEntries(1586)) - s4@group-12AB68C5691F: Failed appendEntries as previous log entry ((t:2, i:0)) is not found
2022-09-14 11:47:28,414 [s4-server-thread2] INFO  server.RaftServer$Division (RaftServerImpl.java:checkInconsistentAppendEntries(1556)) - s4@group-12AB68C5691F: inconsistency entries. Reply:s2<-s4#312:FAIL-t2,INCONSISTENCY,nextIndex=0,followerCommit=0,matchIndex=-1
2022-09-14 11:47:28,415 [grpc-default-executor-19] INFO  leader.FollowerInfo (FollowerInfoImpl.java:lambda$new$0(48)) - s2@group-12AB68C5691F->s4: nextIndex: updateUnconditionally 1 -> 0
2022-09-14 11:47:28,416 [s4-server-thread2] DEBUG server.RaftServer$Division (RaftServerImpl.java:logAppendEntries(1405)) - s4@group-12AB68C5691F: receive appendEntries(s2, 2, null, 0, true, commits:[s2:c0, s3:c0, s4:c0, s0:c0, s1:c0], cId:313, entries: [(t:2, i:0), CONFIGURATIONENTRY(current:id: "s3"
address: "localhost:46799"
dataStreamAddress: "localhost:40281"
clientAddress: "localhost:46547"
adminAddress: "localhost:45171"
startupRole: FOLLOWER
,id: "s4"
address: "localhost:39419"
dataStreamAddress: "localhost:46687"
clientAddress: "localhost:41785"
adminAddress: "localhost:43995"
startupRole: FOLLOWER
,id: "s0"
address: "localhost:42481"
dataStreamAddress: "localhost:43981"
clientAddress: "localhost:42743"
adminAddress: "localhost:44771"
startupRole: FOLLOWER
,id: "s1"
address: "localhost:44073"
dataStreamAddress: "localhost:35501"
clientAddress: "localhost:39477"
adminAddress: "localhost:36871"
startupRole: FOLLOWER
,id: "s2"
address: "localhost:38365"
dataStreamAddress: "localhost:38285"
clientAddress: "localhost:40537"
adminAddress: "localhost:35135"
startupRole: FOLLOWER
, old:)]
2022-09-14 11:47:28,416 [s4-server-thread2] INFO  server.RaftServer$Division (RaftServerImpl.java:checkInconsistentAppendEntries(1576)) - s4@group-12AB68C5691F: Failed appendEntries as the first entry (index 0) already exists (snapshotIndex: -1, commitIndex: 0)
2022-09-14 11:47:28,416 [s4-server-thread2] INFO  server.RaftServer$Division (RaftServerImpl.java:checkInconsistentAppendEntries(1556)) - s4@group-12AB68C5691F: inconsistency entries. Reply:s2<-s4#313:FAIL-t2,INCONSISTENCY,nextIndex=1,followerCommit=0,matchIndex=-1
2022-09-14 11:47:28,417 [grpc-default-executor-19] INFO  leader.FollowerInfo (FollowerInfoImpl.java:lambda$new$0(48)) - s2@group-12AB68C5691F->s4: nextIndex: updateUnconditionally 1 -> 1
2022-09-14 11:47:28,493 [s4-server-thread2] INFO  server.RaftServer$Division (RaftServerImpl.java:checkInconsistentAppendEntries(1586)) - s4@group-12AB68C5691F: Failed appendEntries as previous log entry ((t:2, i:0)) is not found
2022-09-14 11:47:28,493 [s4-server-thread2] INFO  server.RaftServer$Division (RaftServerImpl.java:checkInconsistentAppendEntries(1556)) - s4@group-12AB68C5691F: inconsistency entries. Reply:s2<-s4#314:FAIL-t2,INCONSISTENCY,nextIndex=0,followerCommit=0,matchIndex=-1
2022-09-14 11:47:28,494 [grpc-default-executor-19] INFO  leader.FollowerInfo (FollowerInfoImpl.java:lambda$new$0(48)) - s2@group-12AB68C5691F->s4: nextIndex: updateUnconditionally 1 -> 0
2022-09-14 11:47:28,495 [s4-server-thread2] DEBUG server.RaftServer$Division (RaftServerImpl.java:logAppendEntries(1405)) - s4@group-12AB68C5691F: receive appendEntries(s2, 2, null, 0, true, commits:[s2:c0, s3:c0, s4:c0, s0:c0, s1:c0], cId:315, entries: [(t:2, i:0), CONFIGURATIONENTRY(current:id: "s3"
address: "localhost:46799"
dataStreamAddress: "localhost:40281"
clientAddress: "localhost:46547"
adminAddress: "localhost:45171"
startupRole: FOLLOWER
,id: "s4"
address: "localhost:39419"
dataStreamAddress: "localhost:46687"
clientAddress: "localhost:41785"
adminAddress: "localhost:43995"
startupRole: FOLLOWER
,id: "s0"
address: "localhost:42481"
dataStreamAddress: "localhost:43981"
clientAddress: "localhost:42743"
adminAddress: "localhost:44771"
startupRole: FOLLOWER
,id: "s1"
address: "localhost:44073"
dataStreamAddress: "localhost:35501"
clientAddress: "localhost:39477"
adminAddress: "localhost:36871"
startupRole: FOLLOWER
,id: "s2"
address: "localhost:38365"
dataStreamAddress: "localhost:38285"
clientAddress: "localhost:40537"
adminAddress: "localhost:35135"
startupRole: FOLLOWER
, old:)]
2022-09-14 11:47:28,495 [s4-server-thread2] INFO  server.RaftServer$Division (RaftServerImpl.java:checkInconsistentAppendEntries(1576)) - s4@group-12AB68C5691F: Failed appendEntries as the first entry (index 0) already exists (snapshotIndex: -1, commitIndex: 0)
2022-09-14 11:47:28,495 [s4-server-thread2] INFO  server.RaftServer$Division (RaftServerImpl.java:checkInconsistentAppendEntries(1556)) - s4@group-12AB68C5691F: inconsistency entries. Reply:s2<-s4#315:FAIL-t2,INCONSISTENCY,nextIndex=1,followerCommit=0,matchIndex=-1
2022-09-14 11:47:28,495 [grpc-default-executor-19] INFO  leader.FollowerInfo (FollowerInfoImpl.java:lambda$new$0(48)) - s2@group-12AB68C5691F->s4: nextIndex: updateUnconditionally 1 -> 1
2022-09-14 11:47:28,572 [s4-server-thread2] INFO  server.RaftServer$Division (RaftServerImpl.java:checkInconsistentAppendEntries(1586)) - s4@group-12AB68C5691F: Failed appendEntries as previous log entry ((t:2, i:0)) is not found
2022-09-14 11:47:28,572 [s4-server-thread2] INFO  server.RaftServer$Division (RaftServerImpl.java:checkInconsistentAppendEntries(1556)) - s4@group-12AB68C5691F: inconsistency entries. Reply:s2<-s4#316:FAIL-t2,INCONSISTENCY,nextIndex=0,followerCommit=0,matchIndex=-1
2022-09-14 11:47:28,572 [grpc-default-executor-37] INFO  leader.FollowerInfo (FollowerInfoImpl.java:lambda$new$0(48)) - s2@group-12AB68C5691F->s4: nextIndex: updateUnconditionally 1 -> 0
2022-09-14 11:47:28,573 [s4-server-thread2] DEBUG server.RaftServer$Division (RaftServerImpl.java:logAppendEntries(1405)) - s4@group-12AB68C5691F: receive appendEntries(s2, 2, null, 0, true, commits:[s2:c0, s3:c0, s4:c0, s0:c0, s1:c0], cId:317, entries: [(t:2, i:0), CONFIGURATIONENTRY(current:id: "s3"
address: "localhost:46799"
dataStreamAddress: "localhost:40281"
clientAddress: "localhost:46547"
adminAddress: "localhost:45171"
startupRole: FOLLOWER
,id: "s4"
address: "localhost:39419"
dataStreamAddress: "localhost:46687"
clientAddress: "localhost:41785"
adminAddress: "localhost:43995"
startupRole: FOLLOWER
,id: "s0"
address: "localhost:42481"
dataStreamAddress: "localhost:43981"
clientAddress: "localhost:42743"
adminAddress: "localhost:44771"
startupRole: FOLLOWER
,id: "s1"
address: "localhost:44073"
dataStreamAddress: "localhost:35501"
clientAddress: "localhost:39477"
adminAddress: "localhost:36871"
startupRole: FOLLOWER
,id: "s2"
address: "localhost:38365"
dataStreamAddress: "localhost:38285"
clientAddress: "localhost:40537"
adminAddress: "localhost:35135"
startupRole: FOLLOWER
, old:)]
2022-09-14 11:47:28,573 [s4-server-thread2] INFO  server.RaftServer$Division (RaftServerImpl.java:checkInconsistentAppendEntries(1576)) - s4@group-12AB68C5691F: Failed appendEntries as the first entry (index 0) already exists (snapshotIndex: -1, commitIndex: 0)
2022-09-14 11:47:28,573 [s4-server-thread2] INFO  server.RaftServer$Division (RaftServerImpl.java:checkInconsistentAppendEntries(1556)) - s4@group-12AB68C5691F: inconsistency entries. Reply:s2<-s4#317:FAIL-t2,INCONSISTENCY,nextIndex=1,followerCommit=0,matchIndex=-1
2022-09-14 11:47:28,574 [grpc-default-executor-37] INFO  leader.FollowerInfo (FollowerInfoImpl.java:lambda$new$0(48)) - s2@group-12AB68C5691F->s4: nextIndex: updateUnconditionally 1 -> 1
2022-09-14 11:47:28,650 [s4-server-thread2] INFO  server.RaftServer$Division (RaftServerImpl.java:checkInconsistentAppendEntries(1586)) - s4@group-12AB68C5691F: Failed appendEntries as previous log entry ((t:2, i:0)) is not found
2022-09-14 11:47:28,650 [s4-server-thread2] INFO  server.RaftServer$Division (RaftServerImpl.java:checkInconsistentAppendEntries(1556)) - s4@group-12AB68C5691F: inconsistency entries. Reply:s2<-s4#318:FAIL-t2,INCONSISTENCY,nextIndex=0,followerCommit=0,matchIndex=-1
2022-09-14 11:47:28,651 [grpc-default-executor-19] INFO  leader.FollowerInfo (FollowerInfoImpl.java:lambda$new$0(48)) - s2@group-12AB68C5691F->s4: nextIndex: updateUnconditionally 1 -> 0
2022-09-14 11:47:28,652 [s4-server-thread2] DEBUG server.RaftServer$Division (RaftServerImpl.java:logAppendEntries(1405)) - s4@group-12AB68C5691F: receive appendEntries(s2, 2, null, 0, true, commits:[s2:c0, s3:c0, s4:c0, s0:c0, s1:c0], cId:319, entries: [(t:2, i:0), CONFIGURATIONENTRY(current:id: "s3"
address: "localhost:46799"
dataStreamAddress: "localhost:40281"
clientAddress: "localhost:46547"
adminAddress: "localhost:45171"
startupRole: FOLLOWER
,id: "s4"
address: "localhost:39419"
dataStreamAddress: "localhost:46687"
clientAddress: "localhost:41785"
adminAddress: "localhost:43995"
startupRole: FOLLOWER
,id: "s0"
address: "localhost:42481"
dataStreamAddress: "localhost:43981"
clientAddress: "localhost:42743"
adminAddress: "localhost:44771"
startupRole: FOLLOWER
,id: "s1"
address: "localhost:44073"
dataStreamAddress: "localhost:35501"
clientAddress: "localhost:39477"
adminAddress: "localhost:36871"
startupRole: FOLLOWER
,id: "s2"
address: "localhost:38365"
dataStreamAddress: "localhost:38285"
clientAddress: "localhost:40537"
adminAddress: "localhost:35135"
startupRole: FOLLOWER
, old:)]
2022-09-14 11:47:28,652 [s4-server-thread2] INFO  server.RaftServer$Division (RaftServerImpl.java:checkInconsistentAppendEntries(1576)) - s4@group-12AB68C5691F: Failed appendEntries as the first entry (index 0) already exists (snapshotIndex: -1, commitIndex: 0)
2022-09-14 11:47:28,652 [s4-server-thread2] INFO  server.RaftServer$Division (RaftServerImpl.java:checkInconsistentAppendEntries(1556)) - s4@group-12AB68C5691F: inconsistency entries. Reply:s2<-s4#319:FAIL-t2,INCONSISTENCY,nextIndex=1,followerCommit=0,matchIndex=-1
2022-09-14 11:47:28,652 [grpc-default-executor-37] INFO  leader.FollowerInfo (FollowerInfoImpl.java:lambda$new$0(48)) - s2@group-12AB68C5691F->s4: nextIndex: updateUnconditionally 1 -> 1
2022-09-14 11:47:28,728 [s4-server-thread2] INFO  server.RaftServer$Division (RaftServerImpl.java:checkInconsistentAppendEntries(1586)) - s4@group-12AB68C5691F: Failed appendEntries as previous log entry ((t:2, i:0)) is not found
2022-09-14 11:47:28,728 [s4-server-thread2] INFO  server.RaftServer$Division (RaftServerImpl.java:checkInconsistentAppendEntries(1556)) - s4@group-12AB68C5691F: inconsistency entries. Reply:s2<-s4#320:FAIL-t2,INCONSISTENCY,nextIndex=0,followerCommit=0,matchIndex=-1
2022-09-14 11:47:28,728 [grpc-default-executor-37] INFO  leader.FollowerInfo (FollowerInfoImpl.java:lambda$new$0(48)) - s2@group-12AB68C5691F->s4: nextIndex: updateUnconditionally 1 -> 0
2022-09-14 11:47:28,729 [s4-server-thread2] DEBUG server.RaftServer$Division (RaftServerImpl.java:logAppendEntries(1405)) - s4@group-12AB68C5691F: receive appendEntries(s2, 2, null, 0, true, commits:[s2:c0, s3:c0, s4:c0, s0:c0, s1:c0], cId:321, entries: [(t:2, i:0), CONFIGURATIONENTRY(current:id: "s3"
address: "localhost:46799"
dataStreamAddress: "localhost:40281"
clientAddress: "localhost:46547"
adminAddress: "localhost:45171"
startupRole: FOLLOWER
,id: "s4"
address: "localhost:39419"
dataStreamAddress: "localhost:46687"
clientAddress: "localhost:41785"
adminAddress: "localhost:43995"
startupRole: FOLLOWER
,id: "s0"
address: "localhost:42481"
dataStreamAddress: "localhost:43981"
clientAddress: "localhost:42743"
adminAddress: "localhost:44771"
startupRole: FOLLOWER
,id: "s1"
address: "localhost:44073"
dataStreamAddress: "localhost:35501"
clientAddress: "localhost:39477"
adminAddress: "localhost:36871"
startupRole: FOLLOWER
,id: "s2"
address: "localhost:38365"
dataStreamAddress: "localhost:38285"
clientAddress: "localhost:40537"
adminAddress: "localhost:35135"
startupRole: FOLLOWER
, old:)]
2022-09-14 11:47:28,729 [s4-server-thread2] INFO  server.RaftServer$Division (RaftServerImpl.java:checkInconsistentAppendEntries(1576)) - s4@group-12AB68C5691F: Failed appendEntries as the first entry (index 0) already exists (snapshotIndex: -1, commitIndex: 0)
2022-09-14 11:47:28,729 [s4-server-thread2] INFO  server.RaftServer$Division (RaftServerImpl.java:checkInconsistentAppendEntries(1556)) - s4@group-12AB68C5691F: inconsistency entries. Reply:s2<-s4#321:FAIL-t2,INCONSISTENCY,nextIndex=1,followerCommit=0,matchIndex=-1
2022-09-14 11:47:28,730 [grpc-default-executor-37] INFO  leader.FollowerInfo (FollowerInfoImpl.java:lambda$new$0(48)) - s2@group-12AB68C5691F->s4: nextIndex: updateUnconditionally 1 -> 1
2022-09-14 11:47:28,806 [s4-server-thread2] INFO  server.RaftServer$Division (RaftServerImpl.java:checkInconsistentAppendEntries(1586)) - s4@group-12AB68C5691F: Failed appendEntries as previous log entry ((t:2, i:0)) is not found
2022-09-14 11:47:28,806 [s4-server-thread2] INFO  server.RaftServer$Division (RaftServerImpl.java:checkInconsistentAppendEntries(1556)) - s4@group-12AB68C5691F: inconsistency entries. Reply:s2<-s4#322:FAIL-t2,INCONSISTENCY,nextIndex=0,followerCommit=0,matchIndex=-1
2022-09-14 11:47:28,806 [grpc-default-executor-37] INFO  leader.FollowerInfo (FollowerInfoImpl.java:lambda$new$0(48)) - s2@group-12AB68C5691F->s4: nextIndex: updateUnconditionally 1 -> 0
2022-09-14 11:47:28,807 [s4-server-thread2] DEBUG server.RaftServer$Division (RaftServerImpl.java:logAppendEntries(1405)) - s4@group-12AB68C5691F: receive appendEntries(s2, 2, null, 0, true, commits:[s2:c0, s3:c0, s4:c0, s0:c0, s1:c0], cId:323, entries: [(t:2, i:0), CONFIGURATIONENTRY(current:id: "s3"
address: "localhost:46799"
dataStreamAddress: "localhost:40281"
clientAddress: "localhost:46547"
adminAddress: "localhost:45171"
startupRole: FOLLOWER
,id: "s4"
address: "localhost:39419"
dataStreamAddress: "localhost:46687"
clientAddress: "localhost:41785"
adminAddress: "localhost:43995"
startupRole: FOLLOWER
,id: "s0"
address: "localhost:42481"
dataStreamAddress: "localhost:43981"
clientAddress: "localhost:42743"
adminAddress: "localhost:44771"
startupRole: FOLLOWER
,id: "s1"
address: "localhost:44073"
dataStreamAddress: "localhost:35501"
clientAddress: "localhost:39477"
adminAddress: "localhost:36871"
startupRole: FOLLOWER
,id: "s2"
address: "localhost:38365"
dataStreamAddress: "localhost:38285"
clientAddress: "localhost:40537"
adminAddress: "localhost:35135"
startupRole: FOLLOWER
, old:)]
2022-09-14 11:47:28,807 [s4-server-thread2] INFO  server.RaftServer$Division (RaftServerImpl.java:checkInconsistentAppendEntries(1576)) - s4@group-12AB68C5691F: Failed appendEntries as the first entry (index 0) already exists (snapshotIndex: -1, commitIndex: 0)
2022-09-14 11:47:28,807 [s4-server-thread2] INFO  server.RaftServer$Division (RaftServerImpl.java:checkInconsistentAppendEntries(1556)) - s4@group-12AB68C5691F: inconsistency entries. Reply:s2<-s4#323:FAIL-t2,INCONSISTENCY,nextIndex=1,followerCommit=0,matchIndex=-1
2022-09-14 11:47:28,808 [grpc-default-executor-19] INFO  leader.FollowerInfo (FollowerInfoImpl.java:lambda$new$0(48)) - s2@group-12AB68C5691F->s4: nextIndex: updateUnconditionally 1 -> 1
2022-09-14 11:47:28,883 [s4-server-thread2] INFO  server.RaftServer$Division (RaftServerImpl.java:checkInconsistentAppendEntries(1586)) - s4@group-12AB68C5691F: Failed appendEntries as previous log entry ((t:2, i:0)) is not found
2022-09-14 11:47:28,884 [s4-server-thread2] INFO  server.RaftServer$Division (RaftServerImpl.java:checkInconsistentAppendEntries(1556)) - s4@group-12AB68C5691F: inconsistency entries. Reply:s2<-s4#324:FAIL-t2,INCONSISTENCY,nextIndex=0,followerCommit=0,matchIndex=-1
2022-09-14 11:47:28,884 [grpc-default-executor-19] INFO  leader.FollowerInfo (FollowerInfoImpl.java:lambda$new$0(48)) - s2@group-12AB68C5691F->s4: nextIndex: updateUnconditionally 1 -> 0
2022-09-14 11:47:28,885 [s4-server-thread2] DEBUG server.RaftServer$Division (RaftServerImpl.java:logAppendEntries(1405)) - s4@group-12AB68C5691F: receive appendEntries(s2, 2, null, 0, true, commits:[s2:c0, s3:c0, s4:c0, s0:c0, s1:c0], cId:325, entries: [(t:2, i:0), CONFIGURATIONENTRY(current:id: "s3"
address: "localhost:46799"
dataStreamAddress: "localhost:40281"
clientAddress: "localhost:46547"
adminAddress: "localhost:45171"
startupRole: FOLLOWER
,id: "s4"
address: "localhost:39419"
dataStreamAddress: "localhost:46687"
clientAddress: "localhost:41785"
adminAddress: "localhost:43995"
startupRole: FOLLOWER
,id: "s0"
address: "localhost:42481"
dataStreamAddress: "localhost:43981"
clientAddress: "localhost:42743"
adminAddress: "localhost:44771"
startupRole: FOLLOWER
,id: "s1"
address: "localhost:44073"
dataStreamAddress: "localhost:35501"
clientAddress: "localhost:39477"
adminAddress: "localhost:36871"
startupRole: FOLLOWER
,id: "s2"
address: "localhost:38365"
dataStreamAddress: "localhost:38285"
clientAddress: "localhost:40537"
adminAddress: "localhost:35135"
startupRole: FOLLOWER
, old:)]
2022-09-14 11:47:28,885 [s4-server-thread2] INFO  server.RaftServer$Division (RaftServerImpl.java:checkInconsistentAppendEntries(1576)) - s4@group-12AB68C5691F: Failed appendEntries as the first entry (index 0) already exists (snapshotIndex: -1, commitIndex: 0)
2022-09-14 11:47:28,885 [s4-server-thread2] INFO  server.RaftServer$Division (RaftServerImpl.java:checkInconsistentAppendEntries(1556)) - s4@group-12AB68C5691F: inconsistency entries. Reply:s2<-s4#325:FAIL-t2,INCONSISTENCY,nextIndex=1,followerCommit=0,matchIndex=-1
2022-09-14 11:47:28,886 [grpc-default-executor-19] INFO  leader.FollowerInfo (FollowerInfoImpl.java:lambda$new$0(48)) - s2@group-12AB68C5691F->s4: nextIndex: updateUnconditionally 1 -> 1
2022-09-14 11:47:28,962 [s4-server-thread2] INFO  server.RaftServer$Division (RaftServerImpl.java:checkInconsistentAppendEntries(1586)) - s4@group-12AB68C5691F: Failed appendEntries as previous log entry ((t:2, i:0)) is not found
2022-09-14 11:47:28,962 [s4-server-thread2] INFO  server.RaftServer$Division (RaftServerImpl.java:checkInconsistentAppendEntries(1556)) - s4@group-12AB68C5691F: inconsistency entries. Reply:s2<-s4#326:FAIL-t2,INCONSISTENCY,nextIndex=0,followerCommit=0,matchIndex=-1
2022-09-14 11:47:28,963 [grpc-default-executor-37] INFO  leader.FollowerInfo (FollowerInfoImpl.java:lambda$new$0(48)) - s2@group-12AB68C5691F->s4: nextIndex: updateUnconditionally 1 -> 0
2022-09-14 11:47:28,964 [s4-server-thread2] DEBUG server.RaftServer$Division (RaftServerImpl.java:logAppendEntries(1405)) - s4@group-12AB68C5691F: receive appendEntries(s2, 2, null, 0, true, commits:[s2:c0, s3:c0, s4:c0, s0:c0, s1:c0], cId:327, entries: [(t:2, i:0), CONFIGURATIONENTRY(current:id: "s3"
address: "localhost:46799"
dataStreamAddress: "localhost:40281"
clientAddress: "localhost:46547"
adminAddress: "localhost:45171"
startupRole: FOLLOWER
,id: "s4"
address: "localhost:39419"
dataStreamAddress: "localhost:46687"
clientAddress: "localhost:41785"
adminAddress: "localhost:43995"
startupRole: FOLLOWER
,id: "s0"
address: "localhost:42481"
dataStreamAddress: "localhost:43981"
clientAddress: "localhost:42743"
adminAddress: "localhost:44771"
startupRole: FOLLOWER
,id: "s1"
address: "localhost:44073"
dataStreamAddress: "localhost:35501"
clientAddress: "localhost:39477"
adminAddress: "localhost:36871"
startupRole: FOLLOWER
,id: "s2"
address: "localhost:38365"
dataStreamAddress: "localhost:38285"
clientAddress: "localhost:40537"
adminAddress: "localhost:35135"
startupRole: FOLLOWER
, old:)]
2022-09-14 11:47:28,964 [s4-server-thread2] INFO  server.RaftServer$Division (RaftServerImpl.java:checkInconsistentAppendEntries(1576)) - s4@group-12AB68C5691F: Failed appendEntries as the first entry (index 0) already exists (snapshotIndex: -1, commitIndex: 0)
2022-09-14 11:47:28,964 [s4-server-thread2] INFO  server.RaftServer$Division (RaftServerImpl.java:checkInconsistentAppendEntries(1556)) - s4@group-12AB68C5691F: inconsistency entries. Reply:s2<-s4#327:FAIL-t2,INCONSISTENCY,nextIndex=1,followerCommit=0,matchIndex=-1
2022-09-14 11:47:28,964 [grpc-default-executor-19] INFO  leader.FollowerInfo (FollowerInfoImpl.java:lambda$new$0(48)) - s2@group-12AB68C5691F->s4: nextIndex: updateUnconditionally 1 -> 1
2022-09-14 11:47:29,027 [Time-limited test] INFO  grpc.TestLeaderElectionWithGrpc (LeaderElectionTests.java:enforceLeader(292)) - try enforcing leader to s4 but new leader is s2
2022-09-14 11:47:29,028 [Time-limited test] INFO  server.RaftServerConfigKeys (ConfUtils.java:logGet(46)) - raft.server.rpc.timeout.max = 300ms (default)
2022-09-14 11:47:29,036 [s2@group-12AB68C5691F->s1-GrpcLogAppender-LogAppenderDaemon] INFO  util.CodeInjectionForTesting (DelayLocalExecutionInjection.java:execute(65)) - s2 delay 150 ms, args=[serverRequest {
  requestorId: "s2"
  replyId: "s1"
  raftGroupId {
    id: "\326\216l\301\220x@5\222b\022\253h\305i\037"
  }
  callId: 166
  slidingWindowEntry {
  }
}
leaderTerm: 2
previousLog {
  term: 2
}
initializing: true
commitInfos {
  server {
    id: "s2"
    address: "localhost:38365"
    dataStreamAddress: "localhost:38285"
    clientAddress: "localhost:40537"
    adminAddress: "localhost:35135"
    startupRole: FOLLOWER
  }
}
commitInfos {
  server {
    id: "s3"
    address: "localhost:46799"
    dataStreamAddress: "localhost:40281"
    clientAddress: "localhost:46547"
    adminAddress: "localhost:45171"
    startupRole: FOLLOWER
  }
}
commitInfos {
  server {
    id: "s4"
    address: "localhost:39419"
    dataStreamAddress: "localhost:46687"
    clientAddress: "localhost:41785"
    adminAddress: "localhost:43995"
    startupRole: FOLLOWER
  }
}
commitInfos {
  server {
    id: "s0"
    address: "localhost:42481"
    dataStreamAddress: "localhost:43981"
    clientAddress: "localhost:42743"
    adminAddress: "localhost:44771"
    startupRole: FOLLOWER
  }
}
commitInfos {
  server {
    id: "s1"
    address: "localhost:44073"
    dataStreamAddress: "localhost:35501"
    clientAddress: "localhost:39477"
    adminAddress: "localhost:36871"
    startupRole: FOLLOWER
  }
}
]
2022-09-14 11:47:29,037 [s2@group-12AB68C5691F->s0-GrpcLogAppender-LogAppenderDaemon] INFO  util.CodeInjectionForTesting (DelayLocalExecutionInjection.java:execute(65)) - s2 delay 150 ms, args=[serverRequest {
  requestorId: "s2"
  replyId: "s0"
  raftGroupId {
    id: "\326\216l\301\220x@5\222b\022\253h\305i\037"
  }
  callId: 166
  slidingWindowEntry {
  }
}
leaderTerm: 2
previousLog {
  term: 2
}
initializing: true
commitInfos {
  server {
    id: "s2"
    address: "localhost:38365"
    dataStreamAddress: "localhost:38285"
    clientAddress: "localhost:40537"
    adminAddress: "localhost:35135"
    startupRole: FOLLOWER
  }
}
commitInfos {
  server {
    id: "s3"
    address: "localhost:46799"
    dataStreamAddress: "localhost:40281"
    clientAddress: "localhost:46547"
    adminAddress: "localhost:45171"
    startupRole: FOLLOWER
  }
}
commitInfos {
  server {
    id: "s4"
    address: "localhost:39419"
    dataStreamAddress: "localhost:46687"
    clientAddress: "localhost:41785"
    adminAddress: "localhost:43995"
    startupRole: FOLLOWER
  }
}
commitInfos {
  server {
    id: "s0"
    address: "localhost:42481"
    dataStreamAddress: "localhost:43981"
    clientAddress: "localhost:42743"
    adminAddress: "localhost:44771"
    startupRole: FOLLOWER
  }
}
commitInfos {
  server {
    id: "s1"
    address: "localhost:44073"
    dataStreamAddress: "localhost:35501"
    clientAddress: "localhost:39477"
    adminAddress: "localhost:36871"
    startupRole: FOLLOWER
  }
}
]
2022-09-14 11:47:29,040 [s2@group-12AB68C5691F->s4-GrpcLogAppender-LogAppenderDaemon] INFO  util.CodeInjectionForTesting (DelayLocalExecutionInjection.java:execute(65)) - s2 delay 150 ms, args=[serverRequest {
  requestorId: "s2"
  replyId: "s4"
  raftGroupId {
    id: "\326\216l\301\220x@5\222b\022\253h\305i\037"
  }
  callId: 328
  slidingWindowEntry {
  }
}
leaderTerm: 2
previousLog {
  term: 2
}
initializing: true
commitInfos {
  server {
    id: "s2"
    address: "localhost:38365"
    dataStreamAddress: "localhost:38285"
    clientAddress: "localhost:40537"
    adminAddress: "localhost:35135"
    startupRole: FOLLOWER
  }
}
commitInfos {
  server {
    id: "s3"
    address: "localhost:46799"
    dataStreamAddress: "localhost:40281"
    clientAddress: "localhost:46547"
    adminAddress: "localhost:45171"
    startupRole: FOLLOWER
  }
}
commitInfos {
  server {
    id: "s4"
    address: "localhost:39419"
    dataStreamAddress: "localhost:46687"
    clientAddress: "localhost:41785"
    adminAddress: "localhost:43995"
    startupRole: FOLLOWER
  }
}
commitInfos {
  server {
    id: "s0"
    address: "localhost:42481"
    dataStreamAddress: "localhost:43981"
    clientAddress: "localhost:42743"
    adminAddress: "localhost:44771"
    startupRole: FOLLOWER
  }
}
commitInfos {
  server {
    id: "s1"
    address: "localhost:44073"
    dataStreamAddress: "localhost:35501"
    clientAddress: "localhost:39477"
    adminAddress: "localhost:36871"
    startupRole: FOLLOWER
  }
}
]
2022-09-14 11:47:29,040 [s2@group-12AB68C5691F->s3-GrpcLogAppender-LogAppenderDaemon] INFO  util.CodeInjectionForTesting (DelayLocalExecutionInjection.java:execute(65)) - s2 delay 150 ms, args=[serverRequest {
  requestorId: "s2"
  replyId: "s3"
  raftGroupId {
    id: "\326\216l\301\220x@5\222b\022\253h\305i\037"
  }
  callId: 175
  slidingWindowEntry {
  }
}
leaderTerm: 2
previousLog {
  term: 2
}
initializing: true
commitInfos {
  server {
    id: "s2"
    address: "localhost:38365"
    dataStreamAddress: "localhost:38285"
    clientAddress: "localhost:40537"
    adminAddress: "localhost:35135"
    startupRole: FOLLOWER
  }
}
commitInfos {
  server {
    id: "s3"
    address: "localhost:46799"
    dataStreamAddress: "localhost:40281"
    clientAddress: "localhost:46547"
    adminAddress: "localhost:45171"
    startupRole: FOLLOWER
  }
}
commitInfos {
  server {
    id: "s4"
    address: "localhost:39419"
    dataStreamAddress: "localhost:46687"
    clientAddress: "localhost:41785"
    adminAddress: "localhost:43995"
    startupRole: FOLLOWER
  }
}
commitInfos {
  server {
    id: "s0"
    address: "localhost:42481"
    dataStreamAddress: "localhost:43981"
    clientAddress: "localhost:42743"
    adminAddress: "localhost:44771"
    startupRole: FOLLOWER
  }
}
commitInfos {
  server {
    id: "s1"
    address: "localhost:44073"
    dataStreamAddress: "localhost:35501"
    clientAddress: "localhost:39477"
    adminAddress: "localhost:36871"
    startupRole: FOLLOWER
  }
}
]
2022-09-14 11:47:29,190 [s4-server-thread2] INFO  util.CodeInjectionForTesting (BlockRequestHandlingInjection.java:execute(77)) - s4: Block request from s2
2022-09-14 11:47:29,194 [Timer-0] INFO  impl.MiniRaftCluster (MiniRaftCluster.java:lambda$start$6(349)) - TIMED-PRINT: printing ALL groups
  s3:  RUNNING  FOLLOWER s3@group-12AB68C5691F:t2, leader=s2, voted=s2, raftlog=Memoized:s3@group-12AB68C5691F-SegmentedRaftLog:OPENED:c0, conf=0: peers:[s3|rpc:localhost:46799|admin:localhost:45171|client:localhost:46547|dataStream:localhost:40281|priority:0|startupRole:FOLLOWER, s4|rpc:localhost:39419|admin:localhost:43995|client:localhost:41785|dataStream:localhost:46687|priority:0|startupRole:FOLLOWER, s0|rpc:localhost:42481|admin:localhost:44771|client:localhost:42743|dataStream:localhost:43981|priority:0|startupRole:FOLLOWER, s1|rpc:localhost:44073|admin:localhost:36871|client:localhost:39477|dataStream:localhost:35501|priority:0|startupRole:FOLLOWER, s2|rpc:localhost:38365|admin:localhost:35135|client:localhost:40537|dataStream:localhost:38285|priority:0|startupRole:FOLLOWER]|listeners:[], old=null RUNNING
  s4:  RUNNING  FOLLOWER s4@group-12AB68C5691F:t2, leader=s2, voted=null, raftlog=Memoized:s4@group-12AB68C5691F-SegmentedRaftLog:OPENED:c0, conf=0: peers:[s3|rpc:localhost:46799|admin:localhost:45171|client:localhost:46547|dataStream:localhost:40281|priority:0|startupRole:FOLLOWER, s4|rpc:localhost:39419|admin:localhost:43995|client:localhost:41785|dataStream:localhost:46687|priority:0|startupRole:FOLLOWER, s0|rpc:localhost:42481|admin:localhost:44771|client:localhost:42743|dataStream:localhost:43981|priority:0|startupRole:FOLLOWER, s1|rpc:localhost:44073|admin:localhost:36871|client:localhost:39477|dataStream:localhost:35501|priority:0|startupRole:FOLLOWER, s2|rpc:localhost:38365|admin:localhost:35135|client:localhost:40537|dataStream:localhost:38285|priority:0|startupRole:FOLLOWER]|listeners:[], old=null RUNNING
  s0:  RUNNING  FOLLOWER s0@group-12AB68C5691F:t2, leader=s2, voted=s2, raftlog=Memoized:s0@group-12AB68C5691F-SegmentedRaftLog:OPENED:c0, conf=0: peers:[s3|rpc:localhost:46799|admin:localhost:45171|client:localhost:46547|dataStream:localhost:40281|priority:0|startupRole:FOLLOWER, s4|rpc:localhost:39419|admin:localhost:43995|client:localhost:41785|dataStream:localhost:46687|priority:0|startupRole:FOLLOWER, s0|rpc:localhost:42481|admin:localhost:44771|client:localhost:42743|dataStream:localhost:43981|priority:0|startupRole:FOLLOWER, s1|rpc:localhost:44073|admin:localhost:36871|client:localhost:39477|dataStream:localhost:35501|priority:0|startupRole:FOLLOWER, s2|rpc:localhost:38365|admin:localhost:35135|client:localhost:40537|dataStream:localhost:38285|priority:0|startupRole:FOLLOWER]|listeners:[], old=null RUNNING
  s1:  RUNNING  FOLLOWER s1@group-12AB68C5691F:t2, leader=s2, voted=s2, raftlog=Memoized:s1@group-12AB68C5691F-SegmentedRaftLog:OPENED:c0, conf=0: peers:[s3|rpc:localhost:46799|admin:localhost:45171|client:localhost:46547|dataStream:localhost:40281|priority:0|startupRole:FOLLOWER, s4|rpc:localhost:39419|admin:localhost:43995|client:localhost:41785|dataStream:localhost:46687|priority:0|startupRole:FOLLOWER, s0|rpc:localhost:42481|admin:localhost:44771|client:localhost:42743|dataStream:localhost:43981|priority:0|startupRole:FOLLOWER, s1|rpc:localhost:44073|admin:localhost:36871|client:localhost:39477|dataStream:localhost:35501|priority:0|startupRole:FOLLOWER, s2|rpc:localhost:38365|admin:localhost:35135|client:localhost:40537|dataStream:localhost:38285|priority:0|startupRole:FOLLOWER]|listeners:[], old=null RUNNING
  s2:  RUNNING    LEADER s2@group-12AB68C5691F:t2, leader=s2, voted=s2, raftlog=Memoized:s2@group-12AB68C5691F-SegmentedRaftLog:OPENED:c0, conf=0: peers:[s3|rpc:localhost:46799|admin:localhost:45171|client:localhost:46547|dataStream:localhost:40281|priority:0|startupRole:FOLLOWER, s4|rpc:localhost:39419|admin:localhost:43995|client:localhost:41785|dataStream:localhost:46687|priority:0|startupRole:FOLLOWER, s0|rpc:localhost:42481|admin:localhost:44771|client:localhost:42743|dataStream:localhost:43981|priority:0|startupRole:FOLLOWER, s1|rpc:localhost:44073|admin:localhost:36871|client:localhost:39477|dataStream:localhost:35501|priority:0|startupRole:FOLLOWER, s2|rpc:localhost:38365|admin:localhost:35135|client:localhost:40537|dataStream:localhost:38285|priority:0|startupRole:FOLLOWER]|listeners:[], old=null RUNNING
2022-09-14 11:47:29,228 [s2@group-12AB68C5691F->s4-GrpcLogAppender-LogAppenderDaemon] INFO  util.CodeInjectionForTesting (DelayLocalExecutionInjection.java:execute(65)) - s2 delay 150 ms, args=[serverRequest {
  requestorId: "s2"
  replyId: "s4"
  raftGroupId {
    id: "\326\216l\301\220x@5\222b\022\253h\305i\037"
  }
  callId: 329
  slidingWindowEntry {
  }
}
leaderTerm: 2
previousLog {
  term: 2
}
initializing: true
commitInfos {
  server {
    id: "s2"
    address: "localhost:38365"
    dataStreamAddress: "localhost:38285"
    clientAddress: "localhost:40537"
    adminAddress: "localhost:35135"
    startupRole: FOLLOWER
  }
}
commitInfos {
  server {
    id: "s3"
    address: "localhost:46799"
    dataStreamAddress: "localhost:40281"
    clientAddress: "localhost:46547"
    adminAddress: "localhost:45171"
    startupRole: FOLLOWER
  }
}
commitInfos {
  server {
    id: "s4"
    address: "localhost:39419"
    dataStreamAddress: "localhost:46687"
    clientAddress: "localhost:41785"
    adminAddress: "localhost:43995"
    startupRole: FOLLOWER
  }
}
commitInfos {
  server {
    id: "s0"
    address: "localhost:42481"
    dataStreamAddress: "localhost:43981"
    clientAddress: "localhost:42743"
    adminAddress: "localhost:44771"
    startupRole: FOLLOWER
  }
}
commitInfos {
  server {
    id: "s1"
    address: "localhost:44073"
    dataStreamAddress: "localhost:35501"
    clientAddress: "localhost:39477"
    adminAddress: "localhost:36871"
    startupRole: FOLLOWER
  }
}
]
2022-09-14 11:47:29,263 [s2@group-12AB68C5691F->s1-GrpcLogAppender-LogAppenderDaemon] INFO  util.CodeInjectionForTesting (DelayLocalExecutionInjection.java:execute(65)) - s2 delay 150 ms, args=[serverRequest {
  requestorId: "s2"
  replyId: "s1"
  raftGroupId {
    id: "\326\216l\301\220x@5\222b\022\253h\305i\037"
  }
  callId: 167
  slidingWindowEntry {
  }
}
leaderTerm: 2
previousLog {
  term: 2
}
initializing: true
commitInfos {
  server {
    id: "s2"
    address: "localhost:38365"
    dataStreamAddress: "localhost:38285"
    clientAddress: "localhost:40537"
    adminAddress: "localhost:35135"
    startupRole: FOLLOWER
  }
}
commitInfos {
  server {
    id: "s3"
    address: "localhost:46799"
    dataStreamAddress: "localhost:40281"
    clientAddress: "localhost:46547"
    adminAddress: "localhost:45171"
    startupRole: FOLLOWER
  }
}
commitInfos {
  server {
    id: "s4"
    address: "localhost:39419"
    dataStreamAddress: "localhost:46687"
    clientAddress: "localhost:41785"
    adminAddress: "localhost:43995"
    startupRole: FOLLOWER
  }
}
commitInfos {
  server {
    id: "s0"
    address: "localhost:42481"
    dataStreamAddress: "localhost:43981"
    clientAddress: "localhost:42743"
    adminAddress: "localhost:44771"
    startupRole: FOLLOWER
  }
}
commitInfos {
  server {
    id: "s1"
    address: "localhost:44073"
    dataStreamAddress: "localhost:35501"
    clientAddress: "localhost:39477"
    adminAddress: "localhost:36871"
    startupRole: FOLLOWER
  }
}
]
2022-09-14 11:47:29,264 [s2@group-12AB68C5691F->s0-GrpcLogAppender-LogAppenderDaemon] INFO  util.CodeInjectionForTesting (DelayLocalExecutionInjection.java:execute(65)) - s2 delay 150 ms, args=[serverRequest {
  requestorId: "s2"
  replyId: "s0"
  raftGroupId {
    id: "\326\216l\301\220x@5\222b\022\253h\305i\037"
  }
  callId: 167
  slidingWindowEntry {
  }
}
leaderTerm: 2
previousLog {
  term: 2
}
initializing: true
commitInfos {
  server {
    id: "s2"
    address: "localhost:38365"
    dataStreamAddress: "localhost:38285"
    clientAddress: "localhost:40537"
    adminAddress: "localhost:35135"
    startupRole: FOLLOWER
  }
}
commitInfos {
  server {
    id: "s3"
    address: "localhost:46799"
    dataStreamAddress: "localhost:40281"
    clientAddress: "localhost:46547"
    adminAddress: "localhost:45171"
    startupRole: FOLLOWER
  }
}
commitInfos {
  server {
    id: "s4"
    address: "localhost:39419"
    dataStreamAddress: "localhost:46687"
    clientAddress: "localhost:41785"
    adminAddress: "localhost:43995"
    startupRole: FOLLOWER
  }
}
commitInfos {
  server {
    id: "s0"
    address: "localhost:42481"
    dataStreamAddress: "localhost:43981"
    clientAddress: "localhost:42743"
    adminAddress: "localhost:44771"
    startupRole: FOLLOWER
  }
}
commitInfos {
  server {
    id: "s1"
    address: "localhost:44073"
    dataStreamAddress: "localhost:35501"
    clientAddress: "localhost:39477"
    adminAddress: "localhost:36871"
    startupRole: FOLLOWER
  }
}
]
2022-09-14 11:47:29,267 [s2@group-12AB68C5691F->s3-GrpcLogAppender-LogAppenderDaemon] INFO  util.CodeInjectionForTesting (DelayLocalExecutionInjection.java:execute(65)) - s2 delay 150 ms, args=[serverRequest {
  requestorId: "s2"
  replyId: "s3"
  raftGroupId {
    id: "\326\216l\301\220x@5\222b\022\253h\305i\037"
  }
  callId: 176
  slidingWindowEntry {
  }
}
leaderTerm: 2
previousLog {
  term: 2
}
initializing: true
commitInfos {
  server {
    id: "s2"
    address: "localhost:38365"
    dataStreamAddress: "localhost:38285"
    clientAddress: "localhost:40537"
    adminAddress: "localhost:35135"
    startupRole: FOLLOWER
  }
}
commitInfos {
  server {
    id: "s3"
    address: "localhost:46799"
    dataStreamAddress: "localhost:40281"
    clientAddress: "localhost:46547"
    adminAddress: "localhost:45171"
    startupRole: FOLLOWER
  }
}
commitInfos {
  server {
    id: "s4"
    address: "localhost:39419"
    dataStreamAddress: "localhost:46687"
    clientAddress: "localhost:41785"
    adminAddress: "localhost:43995"
    startupRole: FOLLOWER
  }
}
commitInfos {
  server {
    id: "s0"
    address: "localhost:42481"
    dataStreamAddress: "localhost:43981"
    clientAddress: "localhost:42743"
    adminAddress: "localhost:44771"
    startupRole: FOLLOWER
  }
}
commitInfos {
  server {
    id: "s1"
    address: "localhost:44073"
    dataStreamAddress: "localhost:35501"
    clientAddress: "localhost:39477"
    adminAddress: "localhost:36871"
    startupRole: FOLLOWER
  }
}
]
2022-09-14 11:47:29,416 [s2@group-12AB68C5691F->s4-GrpcLogAppender-LogAppenderDaemon] INFO  util.CodeInjectionForTesting (DelayLocalExecutionInjection.java:execute(65)) - s2 delay 150 ms, args=[serverRequest {
  requestorId: "s2"
  replyId: "s4"
  raftGroupId {
    id: "\326\216l\301\220x@5\222b\022\253h\305i\037"
  }
  callId: 330
  slidingWindowEntry {
  }
}
leaderTerm: 2
previousLog {
  term: 2
}
initializing: true
commitInfos {
  server {
    id: "s2"
    address: "localhost:38365"
    dataStreamAddress: "localhost:38285"
    clientAddress: "localhost:40537"
    adminAddress: "localhost:35135"
    startupRole: FOLLOWER
  }
}
commitInfos {
  server {
    id: "s3"
    address: "localhost:46799"
    dataStreamAddress: "localhost:40281"
    clientAddress: "localhost:46547"
    adminAddress: "localhost:45171"
    startupRole: FOLLOWER
  }
}
commitInfos {
  server {
    id: "s4"
    address: "localhost:39419"
    dataStreamAddress: "localhost:46687"
    clientAddress: "localhost:41785"
    adminAddress: "localhost:43995"
    startupRole: FOLLOWER
  }
}
commitInfos {
  server {
    id: "s0"
    address: "localhost:42481"
    dataStreamAddress: "localhost:43981"
    clientAddress: "localhost:42743"
    adminAddress: "localhost:44771"
    startupRole: FOLLOWER
  }
}
commitInfos {
  server {
    id: "s1"
    address: "localhost:44073"
    dataStreamAddress: "localhost:35501"
    clientAddress: "localhost:39477"
    adminAddress: "localhost:36871"
    startupRole: FOLLOWER
  }
}
]
2022-09-14 11:47:29,453 [s4@group-12AB68C5691F-FollowerState] INFO  impl.FollowerState (FollowerState.java:run(141)) - s4@group-12AB68C5691F-FollowerState: change to CANDIDATE, lastRpcElapsedTime:489140656ns, electionTimeout:244ms
2022-09-14 11:47:29,453 [s4@group-12AB68C5691F-FollowerState] INFO  impl.RoleInfo (RoleInfo.java:shutdownFollowerState(110)) - s4: shutdown s4@group-12AB68C5691F-FollowerState
2022-09-14 11:47:29,453 [s4@group-12AB68C5691F-FollowerState] INFO  server.RaftServer$Division (RaftServerImpl.java:setRole(317)) - s4@group-12AB68C5691F: changes role from  FOLLOWER to CANDIDATE at term 2 for changeToCandidate
2022-09-14 11:47:29,454 [s4@group-12AB68C5691F-FollowerState] INFO  server.RaftServerConfigKeys (ConfUtils.java:logGet(46)) - raft.server.leaderelection.pre-vote = true (default)
2022-09-14 11:47:29,454 [s4@group-12AB68C5691F-FollowerState] INFO  impl.RoleInfo (RoleInfo.java:updateAndGet(139)) - s4: start s4@group-12AB68C5691F-LeaderElection51
2022-09-14 11:47:29,454 [s4@group-12AB68C5691F-LeaderElection51] INFO  server.RaftServer$Division (ServerState.java:setLeader(259)) - s4@group-12AB68C5691F: change Leader from s2 to null at term 2 for PRE_VOTE
2022-09-14 11:47:29,454 [s4@group-12AB68C5691F-LeaderElection51] INFO  impl.LeaderElection (LeaderElection.java:askForVotes(308)) - s4@group-12AB68C5691F-LeaderElection51 PRE_VOTE round 0: submit vote requests at term 2 for 0: peers:[s3|rpc:localhost:46799|admin:localhost:45171|client:localhost:46547|dataStream:localhost:40281|priority:0|startupRole:FOLLOWER, s4|rpc:localhost:39419|admin:localhost:43995|client:localhost:41785|dataStream:localhost:46687|priority:0|startupRole:FOLLOWER, s0|rpc:localhost:42481|admin:localhost:44771|client:localhost:42743|dataStream:localhost:43981|priority:0|startupRole:FOLLOWER, s1|rpc:localhost:44073|admin:localhost:36871|client:localhost:39477|dataStream:localhost:35501|priority:0|startupRole:FOLLOWER, s2|rpc:localhost:38365|admin:localhost:35135|client:localhost:40537|dataStream:localhost:38285|priority:0|startupRole:FOLLOWER]|listeners:[], old=null
2022-09-14 11:47:29,457 [grpc-default-executor-37] INFO  server.RaftServer$Division (RaftServerImpl.java:requestVote(1281)) - s1@group-12AB68C5691F: receive requestVote(PRE_VOTE, s4, group-12AB68C5691F, 2, (t:1, i:0))
2022-09-14 11:47:29,457 [grpc-default-executor-11] INFO  server.RaftServer$Division (RaftServerImpl.java:requestVote(1281)) - s0@group-12AB68C5691F: receive requestVote(PRE_VOTE, s4, group-12AB68C5691F, 2, (t:1, i:0))
2022-09-14 11:47:29,458 [grpc-default-executor-11] INFO  impl.VoteContext (VoteContext.java:log(49)) - s0@group-12AB68C5691F-FOLLOWER: reject PRE_VOTE from s4: this server is a follower and still has a valid leader s2
2022-09-14 11:47:29,458 [grpc-default-executor-11] INFO  server.RaftServer$Division (RaftServerImpl.java:requestVote(1314)) - s0@group-12AB68C5691F replies to PRE_VOTE vote request: s4<-s0#0:FAIL-t2. Peer's state: s0@group-12AB68C5691F:t2, leader=s2, voted=s2, raftlog=Memoized:s0@group-12AB68C5691F-SegmentedRaftLog:OPENED:c0, conf=0: peers:[s3|rpc:localhost:46799|admin:localhost:45171|client:localhost:46547|dataStream:localhost:40281|priority:0|startupRole:FOLLOWER, s4|rpc:localhost:39419|admin:localhost:43995|client:localhost:41785|dataStream:localhost:46687|priority:0|startupRole:FOLLOWER, s0|rpc:localhost:42481|admin:localhost:44771|client:localhost:42743|dataStream:localhost:43981|priority:0|startupRole:FOLLOWER, s1|rpc:localhost:44073|admin:localhost:36871|client:localhost:39477|dataStream:localhost:35501|priority:0|startupRole:FOLLOWER, s2|rpc:localhost:38365|admin:localhost:35135|client:localhost:40537|dataStream:localhost:38285|priority:0|startupRole:FOLLOWER]|listeners:[], old=null
2022-09-14 11:47:29,458 [grpc-default-executor-37] INFO  impl.VoteContext (VoteContext.java:log(49)) - s1@group-12AB68C5691F-FOLLOWER: reject PRE_VOTE from s4: this server is a follower and still has a valid leader s2
2022-09-14 11:47:29,458 [grpc-default-executor-37] INFO  server.RaftServer$Division (RaftServerImpl.java:requestVote(1314)) - s1@group-12AB68C5691F replies to PRE_VOTE vote request: s4<-s1#0:FAIL-t2. Peer's state: s1@group-12AB68C5691F:t2, leader=s2, voted=s2, raftlog=Memoized:s1@group-12AB68C5691F-SegmentedRaftLog:OPENED:c0, conf=0: peers:[s3|rpc:localhost:46799|admin:localhost:45171|client:localhost:46547|dataStream:localhost:40281|priority:0|startupRole:FOLLOWER, s4|rpc:localhost:39419|admin:localhost:43995|client:localhost:41785|dataStream:localhost:46687|priority:0|startupRole:FOLLOWER, s0|rpc:localhost:42481|admin:localhost:44771|client:localhost:42743|dataStream:localhost:43981|priority:0|startupRole:FOLLOWER, s1|rpc:localhost:44073|admin:localhost:36871|client:localhost:39477|dataStream:localhost:35501|priority:0|startupRole:FOLLOWER, s2|rpc:localhost:38365|admin:localhost:35135|client:localhost:40537|dataStream:localhost:38285|priority:0|startupRole:FOLLOWER]|listeners:[], old=null
2022-09-14 11:47:29,460 [grpc-default-executor-37] INFO  server.RaftServer$Division (RaftServerImpl.java:requestVote(1281)) - s3@group-12AB68C5691F: receive requestVote(PRE_VOTE, s4, group-12AB68C5691F, 2, (t:1, i:0))
2022-09-14 11:47:29,460 [grpc-default-executor-37] INFO  impl.VoteContext (VoteContext.java:log(49)) - s3@group-12AB68C5691F-FOLLOWER: reject PRE_VOTE from s4: this server is a follower and still has a valid leader s2
2022-09-14 11:47:29,460 [grpc-default-executor-37] INFO  server.RaftServer$Division (RaftServerImpl.java:requestVote(1314)) - s3@group-12AB68C5691F replies to PRE_VOTE vote request: s4<-s3#0:FAIL-t2. Peer's state: s3@group-12AB68C5691F:t2, leader=s2, voted=s2, raftlog=Memoized:s3@group-12AB68C5691F-SegmentedRaftLog:OPENED:c0, conf=0: peers:[s3|rpc:localhost:46799|admin:localhost:45171|client:localhost:46547|dataStream:localhost:40281|priority:0|startupRole:FOLLOWER, s4|rpc:localhost:39419|admin:localhost:43995|client:localhost:41785|dataStream:localhost:46687|priority:0|startupRole:FOLLOWER, s0|rpc:localhost:42481|admin:localhost:44771|client:localhost:42743|dataStream:localhost:43981|priority:0|startupRole:FOLLOWER, s1|rpc:localhost:44073|admin:localhost:36871|client:localhost:39477|dataStream:localhost:35501|priority:0|startupRole:FOLLOWER, s2|rpc:localhost:38365|admin:localhost:35135|client:localhost:40537|dataStream:localhost:38285|priority:0|startupRole:FOLLOWER]|listeners:[], old=null
2022-09-14 11:47:29,461 [s4@group-12AB68C5691F-LeaderElection51] INFO  impl.LeaderElection (LeaderElection.java:logAndReturn(89)) - s4@group-12AB68C5691F-LeaderElection51: PRE_VOTE REJECTED received 3 response(s) and 0 exception(s):
2022-09-14 11:47:29,461 [s4@group-12AB68C5691F-LeaderElection51] INFO  impl.LeaderElection (LeaderElection.java:logAndReturn(93)) -   Response 0: s4<-s3#0:FAIL-t2
2022-09-14 11:47:29,461 [s4@group-12AB68C5691F-LeaderElection51] INFO  impl.LeaderElection (LeaderElection.java:logAndReturn(93)) -   Response 1: s4<-s0#0:FAIL-t2
2022-09-14 11:47:29,461 [s4@group-12AB68C5691F-LeaderElection51] INFO  impl.LeaderElection (LeaderElection.java:logAndReturn(93)) -   Response 2: s4<-s1#0:FAIL-t2
2022-09-14 11:47:29,461 [s4@group-12AB68C5691F-LeaderElection51] INFO  impl.LeaderElection (LeaderElection.java:askForVotes(310)) - s4@group-12AB68C5691F-LeaderElection51 PRE_VOTE round 0: result REJECTED
2022-09-14 11:47:29,461 [s4@group-12AB68C5691F-LeaderElection51] INFO  server.RaftServer$Division (RaftServerImpl.java:setRole(317)) - s4@group-12AB68C5691F: changes role from CANDIDATE to FOLLOWER at term 2 for REJECTED
2022-09-14 11:47:29,461 [s4@group-12AB68C5691F-LeaderElection51] INFO  impl.RoleInfo (RoleInfo.java:shutdownLeaderElection(130)) - s4: shutdown s4@group-12AB68C5691F-LeaderElection51
2022-09-14 11:47:29,461 [s4@group-12AB68C5691F-LeaderElection51] INFO  impl.RoleInfo (RoleInfo.java:updateAndGet(139)) - s4: start s4@group-12AB68C5691F-FollowerState
2022-09-14 11:47:29,462 [grpc-default-executor-37] INFO  server.RaftServer$Division (RaftServerImpl.java:requestVote(1281)) - s2@group-12AB68C5691F: receive requestVote(PRE_VOTE, s4, group-12AB68C5691F, 2, (t:1, i:0))
2022-09-14 11:47:29,462 [grpc-default-executor-37] INFO  impl.VoteContext (VoteContext.java:log(49)) - s2@group-12AB68C5691F-LEADER: reject PRE_VOTE from s4: this server is the leader and still has leadership
2022-09-14 11:47:29,462 [grpc-default-executor-37] INFO  server.RaftServer$Division (RaftServerImpl.java:requestVote(1314)) - s2@group-12AB68C5691F replies to PRE_VOTE vote request: s4<-s2#0:FAIL-t2. Peer's state: s2@group-12AB68C5691F:t2, leader=s2, voted=s2, raftlog=Memoized:s2@group-12AB68C5691F-SegmentedRaftLog:OPENED:c0, conf=0: peers:[s3|rpc:localhost:46799|admin:localhost:45171|client:localhost:46547|dataStream:localhost:40281|priority:0|startupRole:FOLLOWER, s4|rpc:localhost:39419|admin:localhost:43995|client:localhost:41785|dataStream:localhost:46687|priority:0|startupRole:FOLLOWER, s0|rpc:localhost:42481|admin:localhost:44771|client:localhost:42743|dataStream:localhost:43981|priority:0|startupRole:FOLLOWER, s1|rpc:localhost:44073|admin:localhost:36871|client:localhost:39477|dataStream:localhost:35501|priority:0|startupRole:FOLLOWER, s2|rpc:localhost:38365|admin:localhost:35135|client:localhost:40537|dataStream:localhost:38285|priority:0|startupRole:FOLLOWER]|listeners:[], old=null
2022-09-14 11:47:29,490 [s2@group-12AB68C5691F->s1-GrpcLogAppender-LogAppenderDaemon] INFO  util.CodeInjectionForTesting (DelayLocalExecutionInjection.java:execute(65)) - s2 delay 150 ms, args=[serverRequest {
  requestorId: "s2"
  replyId: "s1"
  raftGroupId {
    id: "\326\216l\301\220x@5\222b\022\253h\305i\037"
  }
  callId: 168
  slidingWindowEntry {
  }
}
leaderTerm: 2
previousLog {
  term: 2
}
initializing: true
commitInfos {
  server {
    id: "s2"
    address: "localhost:38365"
    dataStreamAddress: "localhost:38285"
    clientAddress: "localhost:40537"
    adminAddress: "localhost:35135"
    startupRole: FOLLOWER
  }
}
commitInfos {
  server {
    id: "s3"
    address: "localhost:46799"
    dataStreamAddress: "localhost:40281"
    clientAddress: "localhost:46547"
    adminAddress: "localhost:45171"
    startupRole: FOLLOWER
  }
}
commitInfos {
  server {
    id: "s4"
    address: "localhost:39419"
    dataStreamAddress: "localhost:46687"
    clientAddress: "localhost:41785"
    adminAddress: "localhost:43995"
    startupRole: FOLLOWER
  }
}
commitInfos {
  server {
    id: "s0"
    address: "localhost:42481"
    dataStreamAddress: "localhost:43981"
    clientAddress: "localhost:42743"
    adminAddress: "localhost:44771"
    startupRole: FOLLOWER
  }
}
commitInfos {
  server {
    id: "s1"
    address: "localhost:44073"
    dataStreamAddress: "localhost:35501"
    clientAddress: "localhost:39477"
    adminAddress: "localhost:36871"
    startupRole: FOLLOWER
  }
}
]
2022-09-14 11:47:29,491 [s2@group-12AB68C5691F->s0-GrpcLogAppender-LogAppenderDaemon] INFO  util.CodeInjectionForTesting (DelayLocalExecutionInjection.java:execute(65)) - s2 delay 150 ms, args=[serverRequest {
  requestorId: "s2"
  replyId: "s0"
  raftGroupId {
    id: "\326\216l\301\220x@5\222b\022\253h\305i\037"
  }
  callId: 168
  slidingWindowEntry {
  }
}
leaderTerm: 2
previousLog {
  term: 2
}
initializing: true
commitInfos {
  server {
    id: "s2"
    address: "localhost:38365"
    dataStreamAddress: "localhost:38285"
    clientAddress: "localhost:40537"
    adminAddress: "localhost:35135"
    startupRole: FOLLOWER
  }
}
commitInfos {
  server {
    id: "s3"
    address: "localhost:46799"
    dataStreamAddress: "localhost:40281"
    clientAddress: "localhost:46547"
    adminAddress: "localhost:45171"
    startupRole: FOLLOWER
  }
}
commitInfos {
  server {
    id: "s4"
    address: "localhost:39419"
    dataStreamAddress: "localhost:46687"
    clientAddress: "localhost:41785"
    adminAddress: "localhost:43995"
    startupRole: FOLLOWER
  }
}
commitInfos {
  server {
    id: "s0"
    address: "localhost:42481"
    dataStreamAddress: "localhost:43981"
    clientAddress: "localhost:42743"
    adminAddress: "localhost:44771"
    startupRole: FOLLOWER
  }
}
commitInfos {
  server {
    id: "s1"
    address: "localhost:44073"
    dataStreamAddress: "localhost:35501"
    clientAddress: "localhost:39477"
    adminAddress: "localhost:36871"
    startupRole: FOLLOWER
  }
}
]
2022-09-14 11:47:29,497 [s2@group-12AB68C5691F->s3-GrpcLogAppender-LogAppenderDaemon] INFO  util.CodeInjectionForTesting (DelayLocalExecutionInjection.java:execute(65)) - s2 delay 150 ms, args=[serverRequest {
  requestorId: "s2"
  replyId: "s3"
  raftGroupId {
    id: "\326\216l\301\220x@5\222b\022\253h\305i\037"
  }
  callId: 177
  slidingWindowEntry {
  }
}
leaderTerm: 2
previousLog {
  term: 2
}
initializing: true
commitInfos {
  server {
    id: "s2"
    address: "localhost:38365"
    dataStreamAddress: "localhost:38285"
    clientAddress: "localhost:40537"
    adminAddress: "localhost:35135"
    startupRole: FOLLOWER
  }
}
commitInfos {
  server {
    id: "s3"
    address: "localhost:46799"
    dataStreamAddress: "localhost:40281"
    clientAddress: "localhost:46547"
    adminAddress: "localhost:45171"
    startupRole: FOLLOWER
  }
}
commitInfos {
  server {
    id: "s4"
    address: "localhost:39419"
    dataStreamAddress: "localhost:46687"
    clientAddress: "localhost:41785"
    adminAddress: "localhost:43995"
    startupRole: FOLLOWER
  }
}
commitInfos {
  server {
    id: "s0"
    address: "localhost:42481"
    dataStreamAddress: "localhost:43981"
    clientAddress: "localhost:42743"
    adminAddress: "localhost:44771"
    startupRole: FOLLOWER
  }
}
commitInfos {
  server {
    id: "s1"
    address: "localhost:44073"
    dataStreamAddress: "localhost:35501"
    clientAddress: "localhost:39477"
    adminAddress: "localhost:36871"
    startupRole: FOLLOWER
  }
}
]
2022-09-14 11:47:29,604 [s2@group-12AB68C5691F->s4-GrpcLogAppender-LogAppenderDaemon] INFO  util.CodeInjectionForTesting (DelayLocalExecutionInjection.java:execute(65)) - s2 delay 150 ms, args=[serverRequest {
  requestorId: "s2"
  replyId: "s4"
  raftGroupId {
    id: "\326\216l\301\220x@5\222b\022\253h\305i\037"
  }
  callId: 331
  slidingWindowEntry {
  }
}
leaderTerm: 2
previousLog {
  term: 2
}
initializing: true
commitInfos {
  server {
    id: "s2"
    address: "localhost:38365"
    dataStreamAddress: "localhost:38285"
    clientAddress: "localhost:40537"
    adminAddress: "localhost:35135"
    startupRole: FOLLOWER
  }
}
commitInfos {
  server {
    id: "s3"
    address: "localhost:46799"
    dataStreamAddress: "localhost:40281"
    clientAddress: "localhost:46547"
    adminAddress: "localhost:45171"
    startupRole: FOLLOWER
  }
}
commitInfos {
  server {
    id: "s4"
    address: "localhost:39419"
    dataStreamAddress: "localhost:46687"
    clientAddress: "localhost:41785"
    adminAddress: "localhost:43995"
    startupRole: FOLLOWER
  }
}
commitInfos {
  server {
    id: "s0"
    address: "localhost:42481"
    dataStreamAddress: "localhost:43981"
    clientAddress: "localhost:42743"
    adminAddress: "localhost:44771"
    startupRole: FOLLOWER
  }
}
commitInfos {
  server {
    id: "s1"
    address: "localhost:44073"
    dataStreamAddress: "localhost:35501"
    clientAddress: "localhost:39477"
    adminAddress: "localhost:36871"
    startupRole: FOLLOWER
  }
}
]
2022-09-14 11:47:29,708 [s4@group-12AB68C5691F-FollowerState] INFO  impl.FollowerState (FollowerState.java:run(141)) - s4@group-12AB68C5691F-FollowerState: change to CANDIDATE, lastRpcElapsedTime:247499241ns, electionTimeout:246ms
2022-09-14 11:47:29,709 [s4@group-12AB68C5691F-FollowerState] INFO  impl.RoleInfo (RoleInfo.java:shutdownFollowerState(110)) - s4: shutdown s4@group-12AB68C5691F-FollowerState
2022-09-14 11:47:29,709 [s4@group-12AB68C5691F-FollowerState] INFO  server.RaftServer$Division (RaftServerImpl.java:setRole(317)) - s4@group-12AB68C5691F: changes role from  FOLLOWER to CANDIDATE at term 2 for changeToCandidate
2022-09-14 11:47:29,709 [s4@group-12AB68C5691F-FollowerState] INFO  server.RaftServerConfigKeys (ConfUtils.java:logGet(46)) - raft.server.leaderelection.pre-vote = true (default)
2022-09-14 11:47:29,709 [s4@group-12AB68C5691F-FollowerState] INFO  impl.RoleInfo (RoleInfo.java:updateAndGet(139)) - s4: start s4@group-12AB68C5691F-LeaderElection52
2022-09-14 11:47:29,709 [s4@group-12AB68C5691F-LeaderElection52] INFO  impl.LeaderElection (LeaderElection.java:askForVotes(308)) - s4@group-12AB68C5691F-LeaderElection52 PRE_VOTE round 0: submit vote requests at term 2 for 0: peers:[s3|rpc:localhost:46799|admin:localhost:45171|client:localhost:46547|dataStream:localhost:40281|priority:0|startupRole:FOLLOWER, s4|rpc:localhost:39419|admin:localhost:43995|client:localhost:41785|dataStream:localhost:46687|priority:0|startupRole:FOLLOWER, s0|rpc:localhost:42481|admin:localhost:44771|client:localhost:42743|dataStream:localhost:43981|priority:0|startupRole:FOLLOWER, s1|rpc:localhost:44073|admin:localhost:36871|client:localhost:39477|dataStream:localhost:35501|priority:0|startupRole:FOLLOWER, s2|rpc:localhost:38365|admin:localhost:35135|client:localhost:40537|dataStream:localhost:38285|priority:0|startupRole:FOLLOWER]|listeners:[], old=null
2022-09-14 11:47:29,712 [grpc-default-executor-37] INFO  server.RaftServer$Division (RaftServerImpl.java:requestVote(1281)) - s1@group-12AB68C5691F: receive requestVote(PRE_VOTE, s4, group-12AB68C5691F, 2, (t:1, i:0))
2022-09-14 11:47:29,712 [grpc-default-executor-37] INFO  impl.VoteContext (VoteContext.java:log(49)) - s1@group-12AB68C5691F-FOLLOWER: reject PRE_VOTE from s4: this server is a follower and still has a valid leader s2
2022-09-14 11:47:29,712 [grpc-default-executor-37] INFO  server.RaftServer$Division (RaftServerImpl.java:requestVote(1314)) - s1@group-12AB68C5691F replies to PRE_VOTE vote request: s4<-s1#0:FAIL-t2. Peer's state: s1@group-12AB68C5691F:t2, leader=s2, voted=s2, raftlog=Memoized:s1@group-12AB68C5691F-SegmentedRaftLog:OPENED:c0, conf=0: peers:[s3|rpc:localhost:46799|admin:localhost:45171|client:localhost:46547|dataStream:localhost:40281|priority:0|startupRole:FOLLOWER, s4|rpc:localhost:39419|admin:localhost:43995|client:localhost:41785|dataStream:localhost:46687|priority:0|startupRole:FOLLOWER, s0|rpc:localhost:42481|admin:localhost:44771|client:localhost:42743|dataStream:localhost:43981|priority:0|startupRole:FOLLOWER, s1|rpc:localhost:44073|admin:localhost:36871|client:localhost:39477|dataStream:localhost:35501|priority:0|startupRole:FOLLOWER, s2|rpc:localhost:38365|admin:localhost:35135|client:localhost:40537|dataStream:localhost:38285|priority:0|startupRole:FOLLOWER]|listeners:[], old=null
2022-09-14 11:47:29,713 [grpc-default-executor-39] INFO  server.RaftServer$Division (RaftServerImpl.java:requestVote(1281)) - s0@group-12AB68C5691F: receive requestVote(PRE_VOTE, s4, group-12AB68C5691F, 2, (t:1, i:0))
2022-09-14 11:47:29,713 [grpc-default-executor-39] INFO  impl.VoteContext (VoteContext.java:log(49)) - s0@group-12AB68C5691F-FOLLOWER: reject PRE_VOTE from s4: this server is a follower and still has a valid leader s2
2022-09-14 11:47:29,713 [grpc-default-executor-39] INFO  server.RaftServer$Division (RaftServerImpl.java:requestVote(1314)) - s0@group-12AB68C5691F replies to PRE_VOTE vote request: s4<-s0#0:FAIL-t2. Peer's state: s0@group-12AB68C5691F:t2, leader=s2, voted=s2, raftlog=Memoized:s0@group-12AB68C5691F-SegmentedRaftLog:OPENED:c0, conf=0: peers:[s3|rpc:localhost:46799|admin:localhost:45171|client:localhost:46547|dataStream:localhost:40281|priority:0|startupRole:FOLLOWER, s4|rpc:localhost:39419|admin:localhost:43995|client:localhost:41785|dataStream:localhost:46687|priority:0|startupRole:FOLLOWER, s0|rpc:localhost:42481|admin:localhost:44771|client:localhost:42743|dataStream:localhost:43981|priority:0|startupRole:FOLLOWER, s1|rpc:localhost:44073|admin:localhost:36871|client:localhost:39477|dataStream:localhost:35501|priority:0|startupRole:FOLLOWER, s2|rpc:localhost:38365|admin:localhost:35135|client:localhost:40537|dataStream:localhost:38285|priority:0|startupRole:FOLLOWER]|listeners:[], old=null
2022-09-14 11:47:29,715 [grpc-default-executor-39] INFO  server.RaftServer$Division (RaftServerImpl.java:requestVote(1281)) - s2@group-12AB68C5691F: receive requestVote(PRE_VOTE, s4, group-12AB68C5691F, 2, (t:1, i:0))
2022-09-14 11:47:29,715 [grpc-default-executor-39] INFO  impl.VoteContext (VoteContext.java:log(49)) - s2@group-12AB68C5691F-LEADER: reject PRE_VOTE from s4: this server is the leader and still has leadership
2022-09-14 11:47:29,715 [grpc-default-executor-39] INFO  server.RaftServer$Division (RaftServerImpl.java:requestVote(1314)) - s2@group-12AB68C5691F replies to PRE_VOTE vote request: s4<-s2#0:FAIL-t2. Peer's state: s2@group-12AB68C5691F:t2, leader=s2, voted=s2, raftlog=Memoized:s2@group-12AB68C5691F-SegmentedRaftLog:OPENED:c0, conf=0: peers:[s3|rpc:localhost:46799|admin:localhost:45171|client:localhost:46547|dataStream:localhost:40281|priority:0|startupRole:FOLLOWER, s4|rpc:localhost:39419|admin:localhost:43995|client:localhost:41785|dataStream:localhost:46687|priority:0|startupRole:FOLLOWER, s0|rpc:localhost:42481|admin:localhost:44771|client:localhost:42743|dataStream:localhost:43981|priority:0|startupRole:FOLLOWER, s1|rpc:localhost:44073|admin:localhost:36871|client:localhost:39477|dataStream:localhost:35501|priority:0|startupRole:FOLLOWER, s2|rpc:localhost:38365|admin:localhost:35135|client:localhost:40537|dataStream:localhost:38285|priority:0|startupRole:FOLLOWER]|listeners:[], old=null
2022-09-14 11:47:29,716 [s4@group-12AB68C5691F-LeaderElection52] INFO  impl.LeaderElection (LeaderElection.java:logAndReturn(89)) - s4@group-12AB68C5691F-LeaderElection52: PRE_VOTE REJECTED received 3 response(s) and 0 exception(s):
2022-09-14 11:47:29,716 [s4@group-12AB68C5691F-LeaderElection52] INFO  impl.LeaderElection (LeaderElection.java:logAndReturn(93)) -   Response 0: s4<-s0#0:FAIL-t2
2022-09-14 11:47:29,716 [s4@group-12AB68C5691F-LeaderElection52] INFO  impl.LeaderElection (LeaderElection.java:logAndReturn(93)) -   Response 1: s4<-s1#0:FAIL-t2
2022-09-14 11:47:29,716 [s4@group-12AB68C5691F-LeaderElection52] INFO  impl.LeaderElection (LeaderElection.java:logAndReturn(93)) -   Response 2: s4<-s2#0:FAIL-t2
2022-09-14 11:47:29,716 [s4@group-12AB68C5691F-LeaderElection52] INFO  impl.LeaderElection (LeaderElection.java:askForVotes(310)) - s4@group-12AB68C5691F-LeaderElection52 PRE_VOTE round 0: result REJECTED
2022-09-14 11:47:29,716 [s4@group-12AB68C5691F-LeaderElection52] INFO  server.RaftServer$Division (RaftServerImpl.java:setRole(317)) - s4@group-12AB68C5691F: changes role from CANDIDATE to FOLLOWER at term 2 for REJECTED
2022-09-14 11:47:29,716 [s4@group-12AB68C5691F-LeaderElection52] INFO  impl.RoleInfo (RoleInfo.java:shutdownLeaderElection(130)) - s4: shutdown s4@group-12AB68C5691F-LeaderElection52
2022-09-14 11:47:29,716 [s4@group-12AB68C5691F-LeaderElection52] INFO  impl.RoleInfo (RoleInfo.java:updateAndGet(139)) - s4: start s4@group-12AB68C5691F-FollowerState
2022-09-14 11:47:29,717 [s2@group-12AB68C5691F->s0-GrpcLogAppender-LogAppenderDaemon] INFO  util.CodeInjectionForTesting (DelayLocalExecutionInjection.java:execute(65)) - s2 delay 150 ms, args=[serverRequest {
  requestorId: "s2"
  replyId: "s0"
  raftGroupId {
    id: "\326\216l\301\220x@5\222b\022\253h\305i\037"
  }
  callId: 169
  slidingWindowEntry {
  }
}
leaderTerm: 2
previousLog {
  term: 2
}
initializing: true
commitInfos {
  server {
    id: "s2"
    address: "localhost:38365"
    dataStreamAddress: "localhost:38285"
    clientAddress: "localhost:40537"
    adminAddress: "localhost:35135"
    startupRole: FOLLOWER
  }
}
commitInfos {
  server {
    id: "s3"
    address: "localhost:46799"
    dataStreamAddress: "localhost:40281"
    clientAddress: "localhost:46547"
    adminAddress: "localhost:45171"
    startupRole: FOLLOWER
  }
}
commitInfos {
  server {
    id: "s4"
    address: "localhost:39419"
    dataStreamAddress: "localhost:46687"
    clientAddress: "localhost:41785"
    adminAddress: "localhost:43995"
    startupRole: FOLLOWER
  }
}
commitInfos {
  server {
    id: "s0"
    address: "localhost:42481"
    dataStreamAddress: "localhost:43981"
    clientAddress: "localhost:42743"
    adminAddress: "localhost:44771"
    startupRole: FOLLOWER
  }
}
commitInfos {
  server {
    id: "s1"
    address: "localhost:44073"
    dataStreamAddress: "localhost:35501"
    clientAddress: "localhost:39477"
    adminAddress: "localhost:36871"
    startupRole: FOLLOWER
  }
}
]
2022-09-14 11:47:29,717 [s2@group-12AB68C5691F->s1-GrpcLogAppender-LogAppenderDaemon] INFO  util.CodeInjectionForTesting (DelayLocalExecutionInjection.java:execute(65)) - s2 delay 150 ms, args=[serverRequest {
  requestorId: "s2"
  replyId: "s1"
  raftGroupId {
    id: "\326\216l\301\220x@5\222b\022\253h\305i\037"
  }
  callId: 169
  slidingWindowEntry {
  }
}
leaderTerm: 2
previousLog {
  term: 2
}
initializing: true
commitInfos {
  server {
    id: "s2"
    address: "localhost:38365"
    dataStreamAddress: "localhost:38285"
    clientAddress: "localhost:40537"
    adminAddress: "localhost:35135"
    startupRole: FOLLOWER
  }
}
commitInfos {
  server {
    id: "s3"
    address: "localhost:46799"
    dataStreamAddress: "localhost:40281"
    clientAddress: "localhost:46547"
    adminAddress: "localhost:45171"
    startupRole: FOLLOWER
  }
}
commitInfos {
  server {
    id: "s4"
    address: "localhost:39419"
    dataStreamAddress: "localhost:46687"
    clientAddress: "localhost:41785"
    adminAddress: "localhost:43995"
    startupRole: FOLLOWER
  }
}
commitInfos {
  server {
    id: "s0"
    address: "localhost:42481"
    dataStreamAddress: "localhost:43981"
    clientAddress: "localhost:42743"
    adminAddress: "localhost:44771"
    startupRole: FOLLOWER
  }
}
commitInfos {
  server {
    id: "s1"
    address: "localhost:44073"
    dataStreamAddress: "localhost:35501"
    clientAddress: "localhost:39477"
    adminAddress: "localhost:36871"
    startupRole: FOLLOWER
  }
}
]
2022-09-14 11:47:29,718 [grpc-default-executor-11] INFO  server.RaftServer$Division (RaftServerImpl.java:requestVote(1281)) - s3@group-12AB68C5691F: receive requestVote(PRE_VOTE, s4, group-12AB68C5691F, 2, (t:1, i:0))
2022-09-14 11:47:29,718 [grpc-default-executor-11] INFO  impl.VoteContext (VoteContext.java:log(49)) - s3@group-12AB68C5691F-FOLLOWER: reject PRE_VOTE from s4: this server is a follower and still has a valid leader s2
2022-09-14 11:47:29,718 [grpc-default-executor-11] INFO  server.RaftServer$Division (RaftServerImpl.java:requestVote(1314)) - s3@group-12AB68C5691F replies to PRE_VOTE vote request: s4<-s3#0:FAIL-t2. Peer's state: s3@group-12AB68C5691F:t2, leader=s2, voted=s2, raftlog=Memoized:s3@group-12AB68C5691F-SegmentedRaftLog:OPENED:c0, conf=0: peers:[s3|rpc:localhost:46799|admin:localhost:45171|client:localhost:46547|dataStream:localhost:40281|priority:0|startupRole:FOLLOWER, s4|rpc:localhost:39419|admin:localhost:43995|client:localhost:41785|dataStream:localhost:46687|priority:0|startupRole:FOLLOWER, s0|rpc:localhost:42481|admin:localhost:44771|client:localhost:42743|dataStream:localhost:43981|priority:0|startupRole:FOLLOWER, s1|rpc:localhost:44073|admin:localhost:36871|client:localhost:39477|dataStream:localhost:35501|priority:0|startupRole:FOLLOWER, s2|rpc:localhost:38365|admin:localhost:35135|client:localhost:40537|dataStream:localhost:38285|priority:0|startupRole:FOLLOWER]|listeners:[], old=null
2022-09-14 11:47:29,729 [s2@group-12AB68C5691F->s3-GrpcLogAppender-LogAppenderDaemon] INFO  util.CodeInjectionForTesting (DelayLocalExecutionInjection.java:execute(65)) - s2 delay 150 ms, args=[serverRequest {
  requestorId: "s2"
  replyId: "s3"
  raftGroupId {
    id: "\326\216l\301\220x@5\222b\022\253h\305i\037"
  }
  callId: 178
  slidingWindowEntry {
  }
}
leaderTerm: 2
previousLog {
  term: 2
}
initializing: true
commitInfos {
  server {
    id: "s2"
    address: "localhost:38365"
    dataStreamAddress: "localhost:38285"
    clientAddress: "localhost:40537"
    adminAddress: "localhost:35135"
    startupRole: FOLLOWER
  }
}
commitInfos {
  server {
    id: "s3"
    address: "localhost:46799"
    dataStreamAddress: "localhost:40281"
    clientAddress: "localhost:46547"
    adminAddress: "localhost:45171"
    startupRole: FOLLOWER
  }
}
commitInfos {
  server {
    id: "s4"
    address: "localhost:39419"
    dataStreamAddress: "localhost:46687"
    clientAddress: "localhost:41785"
    adminAddress: "localhost:43995"
    startupRole: FOLLOWER
  }
}
commitInfos {
  server {
    id: "s0"
    address: "localhost:42481"
    dataStreamAddress: "localhost:43981"
    clientAddress: "localhost:42743"
    adminAddress: "localhost:44771"
    startupRole: FOLLOWER
  }
}
commitInfos {
  server {
    id: "s1"
    address: "localhost:44073"
    dataStreamAddress: "localhost:35501"
    clientAddress: "localhost:39477"
    adminAddress: "localhost:36871"
    startupRole: FOLLOWER
  }
}
]
2022-09-14 11:47:29,793 [s2@group-12AB68C5691F->s4-GrpcLogAppender-LogAppenderDaemon] INFO  util.CodeInjectionForTesting (DelayLocalExecutionInjection.java:execute(65)) - s2 delay 150 ms, args=[serverRequest {
  requestorId: "s2"
  replyId: "s4"
  raftGroupId {
    id: "\326\216l\301\220x@5\222b\022\253h\305i\037"
  }
  callId: 332
  slidingWindowEntry {
  }
}
leaderTerm: 2
previousLog {
  term: 2
}
initializing: true
commitInfos {
  server {
    id: "s2"
    address: "localhost:38365"
    dataStreamAddress: "localhost:38285"
    clientAddress: "localhost:40537"
    adminAddress: "localhost:35135"
    startupRole: FOLLOWER
  }
}
commitInfos {
  server {
    id: "s3"
    address: "localhost:46799"
    dataStreamAddress: "localhost:40281"
    clientAddress: "localhost:46547"
    adminAddress: "localhost:45171"
    startupRole: FOLLOWER
  }
}
commitInfos {
  server {
    id: "s4"
    address: "localhost:39419"
    dataStreamAddress: "localhost:46687"
    clientAddress: "localhost:41785"
    adminAddress: "localhost:43995"
    startupRole: FOLLOWER
  }
}
commitInfos {
  server {
    id: "s0"
    address: "localhost:42481"
    dataStreamAddress: "localhost:43981"
    clientAddress: "localhost:42743"
    adminAddress: "localhost:44771"
    startupRole: FOLLOWER
  }
}
commitInfos {
  server {
    id: "s1"
    address: "localhost:44073"
    dataStreamAddress: "localhost:35501"
    clientAddress: "localhost:39477"
    adminAddress: "localhost:36871"
    startupRole: FOLLOWER
  }
}
]
2022-09-14 11:47:29,928 [Time-limited test] INFO  server.RaftServerConfigKeys (ConfUtils.java:logGet(46)) - raft.server.rpc.timeout.max = 300ms (default)
2022-09-14 11:47:29,998 [s4@group-12AB68C5691F-FollowerState] INFO  impl.FollowerState (FollowerState.java:run(141)) - s4@group-12AB68C5691F-FollowerState: change to CANDIDATE, lastRpcElapsedTime:282179970ns, electionTimeout:268ms
2022-09-14 11:47:29,999 [s4@group-12AB68C5691F-FollowerState] INFO  impl.RoleInfo (RoleInfo.java:shutdownFollowerState(110)) - s4: shutdown s4@group-12AB68C5691F-FollowerState
2022-09-14 11:47:29,999 [s4@group-12AB68C5691F-FollowerState] INFO  server.RaftServer$Division (RaftServerImpl.java:setRole(317)) - s4@group-12AB68C5691F: changes role from  FOLLOWER to CANDIDATE at term 2 for changeToCandidate
2022-09-14 11:47:29,999 [s4@group-12AB68C5691F-FollowerState] INFO  server.RaftServerConfigKeys (ConfUtils.java:logGet(46)) - raft.server.leaderelection.pre-vote = true (default)
2022-09-14 11:47:29,999 [s4@group-12AB68C5691F-FollowerState] INFO  impl.RoleInfo (RoleInfo.java:updateAndGet(139)) - s4: start s4@group-12AB68C5691F-LeaderElection53
2022-09-14 11:47:29,999 [s4@group-12AB68C5691F-LeaderElection53] INFO  impl.LeaderElection (LeaderElection.java:askForVotes(308)) - s4@group-12AB68C5691F-LeaderElection53 PRE_VOTE round 0: submit vote requests at term 2 for 0: peers:[s3|rpc:localhost:46799|admin:localhost:45171|client:localhost:46547|dataStream:localhost:40281|priority:0|startupRole:FOLLOWER, s4|rpc:localhost:39419|admin:localhost:43995|client:localhost:41785|dataStream:localhost:46687|priority:0|startupRole:FOLLOWER, s0|rpc:localhost:42481|admin:localhost:44771|client:localhost:42743|dataStream:localhost:43981|priority:0|startupRole:FOLLOWER, s1|rpc:localhost:44073|admin:localhost:36871|client:localhost:39477|dataStream:localhost:35501|priority:0|startupRole:FOLLOWER, s2|rpc:localhost:38365|admin:localhost:35135|client:localhost:40537|dataStream:localhost:38285|priority:0|startupRole:FOLLOWER]|listeners:[], old=null
2022-09-14 11:47:30,003 [grpc-default-executor-11] INFO  server.RaftServer$Division (RaftServerImpl.java:requestVote(1281)) - s0@group-12AB68C5691F: receive requestVote(PRE_VOTE, s4, group-12AB68C5691F, 2, (t:1, i:0))
2022-09-14 11:47:30,003 [grpc-default-executor-11] INFO  impl.VoteContext (VoteContext.java:log(49)) - s0@group-12AB68C5691F-FOLLOWER: reject PRE_VOTE from s4: this server is a follower and still has a valid leader s2
2022-09-14 11:47:30,003 [grpc-default-executor-11] INFO  server.RaftServer$Division (RaftServerImpl.java:requestVote(1314)) - s0@group-12AB68C5691F replies to PRE_VOTE vote request: s4<-s0#0:FAIL-t2. Peer's state: s0@group-12AB68C5691F:t2, leader=s2, voted=s2, raftlog=Memoized:s0@group-12AB68C5691F-SegmentedRaftLog:OPENED:c0, conf=0: peers:[s3|rpc:localhost:46799|admin:localhost:45171|client:localhost:46547|dataStream:localhost:40281|priority:0|startupRole:FOLLOWER, s4|rpc:localhost:39419|admin:localhost:43995|client:localhost:41785|dataStream:localhost:46687|priority:0|startupRole:FOLLOWER, s0|rpc:localhost:42481|admin:localhost:44771|client:localhost:42743|dataStream:localhost:43981|priority:0|startupRole:FOLLOWER, s1|rpc:localhost:44073|admin:localhost:36871|client:localhost:39477|dataStream:localhost:35501|priority:0|startupRole:FOLLOWER, s2|rpc:localhost:38365|admin:localhost:35135|client:localhost:40537|dataStream:localhost:38285|priority:0|startupRole:FOLLOWER]|listeners:[], old=null
2022-09-14 11:47:30,004 [grpc-default-executor-37] INFO  server.RaftServer$Division (RaftServerImpl.java:requestVote(1281)) - s1@group-12AB68C5691F: receive requestVote(PRE_VOTE, s4, group-12AB68C5691F, 2, (t:1, i:0))
2022-09-14 11:47:30,004 [grpc-default-executor-37] INFO  impl.VoteContext (VoteContext.java:log(49)) - s1@group-12AB68C5691F-FOLLOWER: reject PRE_VOTE from s4: this server is a follower and still has a valid leader s2
2022-09-14 11:47:30,004 [grpc-default-executor-37] INFO  server.RaftServer$Division (RaftServerImpl.java:requestVote(1314)) - s1@group-12AB68C5691F replies to PRE_VOTE vote request: s4<-s1#0:FAIL-t2. Peer's state: s1@group-12AB68C5691F:t2, leader=s2, voted=s2, raftlog=Memoized:s1@group-12AB68C5691F-SegmentedRaftLog:OPENED:c0, conf=0: peers:[s3|rpc:localhost:46799|admin:localhost:45171|client:localhost:46547|dataStream:localhost:40281|priority:0|startupRole:FOLLOWER, s4|rpc:localhost:39419|admin:localhost:43995|client:localhost:41785|dataStream:localhost:46687|priority:0|startupRole:FOLLOWER, s0|rpc:localhost:42481|admin:localhost:44771|client:localhost:42743|dataStream:localhost:43981|priority:0|startupRole:FOLLOWER, s1|rpc:localhost:44073|admin:localhost:36871|client:localhost:39477|dataStream:localhost:35501|priority:0|startupRole:FOLLOWER, s2|rpc:localhost:38365|admin:localhost:35135|client:localhost:40537|dataStream:localhost:38285|priority:0|startupRole:FOLLOWER]|listeners:[], old=null
2022-09-14 11:47:30,006 [grpc-default-executor-11] INFO  server.RaftServer$Division (RaftServerImpl.java:requestVote(1281)) - s2@group-12AB68C5691F: receive requestVote(PRE_VOTE, s4, group-12AB68C5691F, 2, (t:1, i:0))
2022-09-14 11:47:30,006 [grpc-default-executor-11] INFO  impl.VoteContext (VoteContext.java:log(49)) - s2@group-12AB68C5691F-LEADER: reject PRE_VOTE from s4: this server is the leader and still has leadership
2022-09-14 11:47:30,006 [grpc-default-executor-39] INFO  server.RaftServer$Division (RaftServerImpl.java:requestVote(1281)) - s3@group-12AB68C5691F: receive requestVote(PRE_VOTE, s4, group-12AB68C5691F, 2, (t:1, i:0))
2022-09-14 11:47:30,006 [grpc-default-executor-39] INFO  impl.VoteContext (VoteContext.java:log(49)) - s3@group-12AB68C5691F-FOLLOWER: reject PRE_VOTE from s4: this server is a follower and still has a valid leader s2
2022-09-14 11:47:30,006 [grpc-default-executor-39] INFO  server.RaftServer$Division (RaftServerImpl.java:requestVote(1314)) - s3@group-12AB68C5691F replies to PRE_VOTE vote request: s4<-s3#0:FAIL-t2. Peer's state: s3@group-12AB68C5691F:t2, leader=s2, voted=s2, raftlog=Memoized:s3@group-12AB68C5691F-SegmentedRaftLog:OPENED:c0, conf=0: peers:[s3|rpc:localhost:46799|admin:localhost:45171|client:localhost:46547|dataStream:localhost:40281|priority:0|startupRole:FOLLOWER, s4|rpc:localhost:39419|admin:localhost:43995|client:localhost:41785|dataStream:localhost:46687|priority:0|startupRole:FOLLOWER, s0|rpc:localhost:42481|admin:localhost:44771|client:localhost:42743|dataStream:localhost:43981|priority:0|startupRole:FOLLOWER, s1|rpc:localhost:44073|admin:localhost:36871|client:localhost:39477|dataStream:localhost:35501|priority:0|startupRole:FOLLOWER, s2|rpc:localhost:38365|admin:localhost:35135|client:localhost:40537|dataStream:localhost:38285|priority:0|startupRole:FOLLOWER]|listeners:[], old=null
2022-09-14 11:47:30,006 [grpc-default-executor-11] INFO  server.RaftServer$Division (RaftServerImpl.java:requestVote(1314)) - s2@group-12AB68C5691F replies to PRE_VOTE vote request: s4<-s2#0:FAIL-t2. Peer's state: s2@group-12AB68C5691F:t2, leader=s2, voted=s2, raftlog=Memoized:s2@group-12AB68C5691F-SegmentedRaftLog:OPENED:c0, conf=0: peers:[s3|rpc:localhost:46799|admin:localhost:45171|client:localhost:46547|dataStream:localhost:40281|priority:0|startupRole:FOLLOWER, s4|rpc:localhost:39419|admin:localhost:43995|client:localhost:41785|dataStream:localhost:46687|priority:0|startupRole:FOLLOWER, s0|rpc:localhost:42481|admin:localhost:44771|client:localhost:42743|dataStream:localhost:43981|priority:0|startupRole:FOLLOWER, s1|rpc:localhost:44073|admin:localhost:36871|client:localhost:39477|dataStream:localhost:35501|priority:0|startupRole:FOLLOWER, s2|rpc:localhost:38365|admin:localhost:35135|client:localhost:40537|dataStream:localhost:38285|priority:0|startupRole:FOLLOWER]|listeners:[], old=null
2022-09-14 11:47:30,008 [s4@group-12AB68C5691F-LeaderElection53] INFO  impl.LeaderElection (LeaderElection.java:logAndReturn(89)) - s4@group-12AB68C5691F-LeaderElection53: PRE_VOTE REJECTED received 3 response(s) and 0 exception(s):
2022-09-14 11:47:30,008 [s4@group-12AB68C5691F-LeaderElection53] INFO  impl.LeaderElection (LeaderElection.java:logAndReturn(93)) -   Response 0: s4<-s0#0:FAIL-t2
2022-09-14 11:47:30,008 [s4@group-12AB68C5691F-LeaderElection53] INFO  impl.LeaderElection (LeaderElection.java:logAndReturn(93)) -   Response 1: s4<-s1#0:FAIL-t2
2022-09-14 11:47:30,008 [s4@group-12AB68C5691F-LeaderElection53] INFO  impl.LeaderElection (LeaderElection.java:logAndReturn(93)) -   Response 2: s4<-s2#0:FAIL-t2
2022-09-14 11:47:30,008 [s4@group-12AB68C5691F-LeaderElection53] INFO  impl.LeaderElection (LeaderElection.java:askForVotes(310)) - s4@group-12AB68C5691F-LeaderElection53 PRE_VOTE round 0: result REJECTED
2022-09-14 11:47:30,008 [s4@group-12AB68C5691F-LeaderElection53] INFO  server.RaftServer$Division (RaftServerImpl.java:setRole(317)) - s4@group-12AB68C5691F: changes role from CANDIDATE to FOLLOWER at term 2 for REJECTED
2022-09-14 11:47:30,008 [s4@group-12AB68C5691F-LeaderElection53] INFO  impl.RoleInfo (RoleInfo.java:shutdownLeaderElection(130)) - s4: shutdown s4@group-12AB68C5691F-LeaderElection53
2022-09-14 11:47:30,008 [s4@group-12AB68C5691F-LeaderElection53] INFO  impl.RoleInfo (RoleInfo.java:updateAndGet(139)) - s4: start s4@group-12AB68C5691F-FollowerState
2022-09-14 11:47:30,091 [s4-server-thread2] INFO  util.CodeInjectionForTesting (BlockRequestHandlingInjection.java:execute(84)) - s4: unBlock request from s2
2022-09-14 11:47:30,091 [s4-server-thread2] INFO  server.RaftServer$Division (ServerState.java:setLeader(259)) - s4@group-12AB68C5691F: change Leader from null to s2 at term 2 for appendEntries, leader elected after 636ms
2022-09-14 11:47:30,091 [s4-server-thread2] INFO  server.RaftServer$Division (RaftServerImpl.java:checkInconsistentAppendEntries(1586)) - s4@group-12AB68C5691F: Failed appendEntries as previous log entry ((t:2, i:0)) is not found
2022-09-14 11:47:30,091 [s4-server-thread2] INFO  server.RaftServer$Division (RaftServerImpl.java:checkInconsistentAppendEntries(1556)) - s4@group-12AB68C5691F: inconsistency entries. Reply:s2<-s4#328:FAIL-t2,INCONSISTENCY,nextIndex=0,followerCommit=0,matchIndex=-1
2022-09-14 11:47:30,092 [s4-server-thread2] INFO  server.RaftServer$Division (RaftServerImpl.java:checkInconsistentAppendEntries(1586)) - s4@group-12AB68C5691F: Failed appendEntries as previous log entry ((t:2, i:0)) is not found
2022-09-14 11:47:30,092 [s4-server-thread2] INFO  server.RaftServer$Division (RaftServerImpl.java:checkInconsistentAppendEntries(1556)) - s4@group-12AB68C5691F: inconsistency entries. Reply:s2<-s4#329:FAIL-t2,INCONSISTENCY,nextIndex=0,followerCommit=0,matchIndex=-1
2022-09-14 11:47:30,092 [grpc-default-executor-37] INFO  leader.FollowerInfo (FollowerInfoImpl.java:lambda$new$0(48)) - s2@group-12AB68C5691F->s4: nextIndex: updateUnconditionally 1 -> 0
2022-09-14 11:47:30,092 [grpc-default-executor-11] INFO  leader.FollowerInfo (FollowerInfoImpl.java:lambda$new$0(48)) - s2@group-12AB68C5691F->s4: nextIndex: updateUnconditionally 1 -> 0
2022-09-14 11:47:30,093 [s4-server-thread2] INFO  server.RaftServer$Division (RaftServerImpl.java:checkInconsistentAppendEntries(1586)) - s4@group-12AB68C5691F: Failed appendEntries as previous log entry ((t:2, i:0)) is not found
2022-09-14 11:47:30,093 [s4-server-thread2] INFO  server.RaftServer$Division (RaftServerImpl.java:checkInconsistentAppendEntries(1556)) - s4@group-12AB68C5691F: inconsistency entries. Reply:s2<-s4#330:FAIL-t2,INCONSISTENCY,nextIndex=0,followerCommit=0,matchIndex=-1
2022-09-14 11:47:30,093 [s4-server-thread2] DEBUG server.RaftServer$Division (RaftServerImpl.java:logAppendEntries(1405)) - s4@group-12AB68C5691F: receive appendEntries(s2, 2, null, 0, true, commits:[s2:c0, s3:c0, s4:c0, s0:c0, s1:c0], cId:336, entries: [(t:2, i:0), CONFIGURATIONENTRY(current:id: "s3"
address: "localhost:46799"
dataStreamAddress: "localhost:40281"
clientAddress: "localhost:46547"
adminAddress: "localhost:45171"
startupRole: FOLLOWER
,id: "s4"
address: "localhost:39419"
dataStreamAddress: "localhost:46687"
clientAddress: "localhost:41785"
adminAddress: "localhost:43995"
startupRole: FOLLOWER
,id: "s0"
address: "localhost:42481"
dataStreamAddress: "localhost:43981"
clientAddress: "localhost:42743"
adminAddress: "localhost:44771"
startupRole: FOLLOWER
,id: "s1"
address: "localhost:44073"
dataStreamAddress: "localhost:35501"
clientAddress: "localhost:39477"
adminAddress: "localhost:36871"
startupRole: FOLLOWER
,id: "s2"
address: "localhost:38365"
dataStreamAddress: "localhost:38285"
clientAddress: "localhost:40537"
adminAddress: "localhost:35135"
startupRole: FOLLOWER
, old:)]
2022-09-14 11:47:30,093 [s4-server-thread2] INFO  server.RaftServer$Division (RaftServerImpl.java:checkInconsistentAppendEntries(1576)) - s4@group-12AB68C5691F: Failed appendEntries as the first entry (index 0) already exists (snapshotIndex: -1, commitIndex: 0)
2022-09-14 11:47:30,093 [s4-server-thread2] INFO  server.RaftServer$Division (RaftServerImpl.java:checkInconsistentAppendEntries(1556)) - s4@group-12AB68C5691F: inconsistency entries. Reply:s2<-s4#336:FAIL-t2,INCONSISTENCY,nextIndex=1,followerCommit=0,matchIndex=-1
2022-09-14 11:47:30,094 [grpc-default-executor-11] INFO  leader.FollowerInfo (FollowerInfoImpl.java:lambda$new$0(48)) - s2@group-12AB68C5691F->s4: nextIndex: updateUnconditionally 1 -> 0
2022-09-14 11:47:30,094 [s4-server-thread3] INFO  server.RaftServer$Division (RaftServerImpl.java:checkInconsistentAppendEntries(1586)) - s4@group-12AB68C5691F: Failed appendEntries as previous log entry ((t:2, i:0)) is not found
2022-09-14 11:47:30,094 [grpc-default-executor-11] INFO  leader.FollowerInfo (FollowerInfoImpl.java:lambda$new$0(48)) - s2@group-12AB68C5691F->s4: nextIndex: updateUnconditionally 1 -> 1
2022-09-14 11:47:30,094 [s4-server-thread2] DEBUG server.RaftServer$Division (RaftServerImpl.java:logAppendEntries(1405)) - s4@group-12AB68C5691F: receive appendEntries(s2, 2, null, 0, true, commits:[s2:c0, s3:c0, s4:c0, s0:c0, s1:c0], cId:337, entries: [(t:2, i:0), CONFIGURATIONENTRY(current:id: "s3"
address: "localhost:46799"
dataStreamAddress: "localhost:40281"
clientAddress: "localhost:46547"
adminAddress: "localhost:45171"
startupRole: FOLLOWER
,id: "s4"
address: "localhost:39419"
dataStreamAddress: "localhost:46687"
clientAddress: "localhost:41785"
adminAddress: "localhost:43995"
startupRole: FOLLOWER
,id: "s0"
address: "localhost:42481"
dataStreamAddress: "localhost:43981"
clientAddress: "localhost:42743"
adminAddress: "localhost:44771"
startupRole: FOLLOWER
,id: "s1"
address: "localhost:44073"
dataStreamAddress: "localhost:35501"
clientAddress: "localhost:39477"
adminAddress: "localhost:36871"
startupRole: FOLLOWER
,id: "s2"
address: "localhost:38365"
dataStreamAddress: "localhost:38285"
clientAddress: "localhost:40537"
adminAddress: "localhost:35135"
startupRole: FOLLOWER
, old:)]
2022-09-14 11:47:30,094 [s4-server-thread3] INFO  server.RaftServer$Division (RaftServerImpl.java:checkInconsistentAppendEntries(1556)) - s4@group-12AB68C5691F: inconsistency entries. Reply:s2<-s4#331:FAIL-t2,INCONSISTENCY,nextIndex=0,followerCommit=0,matchIndex=-1
2022-09-14 11:47:30,095 [s4-server-thread2] INFO  server.RaftServer$Division (RaftServerImpl.java:checkInconsistentAppendEntries(1576)) - s4@group-12AB68C5691F: Failed appendEntries as the first entry (index 0) already exists (snapshotIndex: -1, commitIndex: 0)
2022-09-14 11:47:30,095 [s4-server-thread2] INFO  server.RaftServer$Division (RaftServerImpl.java:checkInconsistentAppendEntries(1556)) - s4@group-12AB68C5691F: inconsistency entries. Reply:s2<-s4#337:FAIL-t2,INCONSISTENCY,nextIndex=1,followerCommit=0,matchIndex=-1
2022-09-14 11:47:30,095 [grpc-default-executor-11] INFO  leader.FollowerInfo (FollowerInfoImpl.java:lambda$new$0(48)) - s2@group-12AB68C5691F->s4: nextIndex: updateUnconditionally 1 -> 0
2022-09-14 11:47:30,095 [s4-server-thread3] DEBUG server.RaftServer$Division (RaftServerImpl.java:logAppendEntries(1405)) - s4@group-12AB68C5691F: receive appendEntries(s2, 2, null, 0, true, commits:[s2:c0, s3:c0, s4:c0, s0:c0, s1:c0], cId:338, entries: [(t:2, i:0), CONFIGURATIONENTRY(current:id: "s3"
address: "localhost:46799"
dataStreamAddress: "localhost:40281"
clientAddress: "localhost:46547"
adminAddress: "localhost:45171"
startupRole: FOLLOWER
,id: "s4"
address: "localhost:39419"
dataStreamAddress: "localhost:46687"
clientAddress: "localhost:41785"
adminAddress: "localhost:43995"
startupRole: FOLLOWER
,id: "s0"
address: "localhost:42481"
dataStreamAddress: "localhost:43981"
clientAddress: "localhost:42743"
adminAddress: "localhost:44771"
startupRole: FOLLOWER
,id: "s1"
address: "localhost:44073"
dataStreamAddress: "localhost:35501"
clientAddress: "localhost:39477"
adminAddress: "localhost:36871"
startupRole: FOLLOWER
,id: "s2"
address: "localhost:38365"
dataStreamAddress: "localhost:38285"
clientAddress: "localhost:40537"
adminAddress: "localhost:35135"
startupRole: FOLLOWER
, old:)]
2022-09-14 11:47:30,096 [s4-server-thread3] INFO  server.RaftServer$Division (RaftServerImpl.java:checkInconsistentAppendEntries(1576)) - s4@group-12AB68C5691F: Failed appendEntries as the first entry (index 0) already exists (snapshotIndex: -1, commitIndex: 0)
2022-09-14 11:47:30,095 [grpc-default-executor-11] INFO  leader.FollowerInfo (FollowerInfoImpl.java:lambda$new$0(48)) - s2@group-12AB68C5691F->s4: nextIndex: updateUnconditionally 1 -> 1
2022-09-14 11:47:30,096 [s4-server-thread3] INFO  server.RaftServer$Division (RaftServerImpl.java:checkInconsistentAppendEntries(1556)) - s4@group-12AB68C5691F: inconsistency entries. Reply:s2<-s4#338:FAIL-t2,INCONSISTENCY,nextIndex=1,followerCommit=0,matchIndex=-1
2022-09-14 11:47:30,096 [s4-server-thread2] INFO  server.RaftServer$Division (RaftServerImpl.java:checkInconsistentAppendEntries(1586)) - s4@group-12AB68C5691F: Failed appendEntries as previous log entry ((t:2, i:0)) is not found
2022-09-14 11:47:30,096 [s4-server-thread2] INFO  server.RaftServer$Division (RaftServerImpl.java:checkInconsistentAppendEntries(1556)) - s4@group-12AB68C5691F: inconsistency entries. Reply:s2<-s4#332:FAIL-t2,INCONSISTENCY,nextIndex=0,followerCommit=0,matchIndex=-1
2022-09-14 11:47:30,097 [grpc-default-executor-39] INFO  leader.FollowerInfo (FollowerInfoImpl.java:lambda$new$0(48)) - s2@group-12AB68C5691F->s4: nextIndex: updateUnconditionally 1 -> 0
2022-09-14 11:47:30,097 [s4-server-thread3] INFO  server.RaftServer$Division (RaftServerImpl.java:checkInconsistentAppendEntries(1586)) - s4@group-12AB68C5691F: Failed appendEntries as previous log entry ((t:2, i:0)) is not found
2022-09-14 11:47:30,097 [s4-server-thread3] INFO  server.RaftServer$Division (RaftServerImpl.java:checkInconsistentAppendEntries(1556)) - s4@group-12AB68C5691F: inconsistency entries. Reply:s2<-s4#333:FAIL-t2,INCONSISTENCY,nextIndex=0,followerCommit=0,matchIndex=-1
2022-09-14 11:47:30,097 [grpc-default-executor-11] INFO  leader.FollowerInfo (FollowerInfoImpl.java:lambda$new$0(48)) - s2@group-12AB68C5691F->s4: nextIndex: updateUnconditionally 1 -> 1
2022-09-14 11:47:30,097 [s4-server-thread2] DEBUG server.RaftServer$Division (RaftServerImpl.java:logAppendEntries(1405)) - s4@group-12AB68C5691F: receive appendEntries(s2, 2, null, 0, true, commits:[s2:c0, s3:c0, s4:c0, s0:c0, s1:c0], cId:339, entries: [(t:2, i:0), CONFIGURATIONENTRY(current:id: "s3"
address: "localhost:46799"
dataStreamAddress: "localhost:40281"
clientAddress: "localhost:46547"
adminAddress: "localhost:45171"
startupRole: FOLLOWER
,id: "s4"
address: "localhost:39419"
dataStreamAddress: "localhost:46687"
clientAddress: "localhost:41785"
adminAddress: "localhost:43995"
startupRole: FOLLOWER
,id: "s0"
address: "localhost:42481"
dataStreamAddress: "localhost:43981"
clientAddress: "localhost:42743"
adminAddress: "localhost:44771"
startupRole: FOLLOWER
,id: "s1"
address: "localhost:44073"
dataStreamAddress: "localhost:35501"
clientAddress: "localhost:39477"
adminAddress: "localhost:36871"
startupRole: FOLLOWER
,id: "s2"
address: "localhost:38365"
dataStreamAddress: "localhost:38285"
clientAddress: "localhost:40537"
adminAddress: "localhost:35135"
startupRole: FOLLOWER
, old:)]
2022-09-14 11:47:30,097 [s4-server-thread2] INFO  server.RaftServer$Division (RaftServerImpl.java:checkInconsistentAppendEntries(1576)) - s4@group-12AB68C5691F: Failed appendEntries as the first entry (index 0) already exists (snapshotIndex: -1, commitIndex: 0)
2022-09-14 11:47:30,097 [s4-server-thread2] INFO  server.RaftServer$Division (RaftServerImpl.java:checkInconsistentAppendEntries(1556)) - s4@group-12AB68C5691F: inconsistency entries. Reply:s2<-s4#339:FAIL-t2,INCONSISTENCY,nextIndex=1,followerCommit=0,matchIndex=-1
2022-09-14 11:47:30,098 [grpc-default-executor-39] INFO  leader.FollowerInfo (FollowerInfoImpl.java:lambda$new$0(48)) - s2@group-12AB68C5691F->s4: nextIndex: updateUnconditionally 1 -> 0
2022-09-14 11:47:30,098 [s4-server-thread3] DEBUG server.RaftServer$Division (RaftServerImpl.java:logAppendEntries(1405)) - s4@group-12AB68C5691F: receive appendEntries(s2, 2, null, 0, true, commits:[s2:c0, s3:c0, s4:c0, s0:c0, s1:c0], cId:340, entries: [(t:2, i:0), CONFIGURATIONENTRY(current:id: "s3"
address: "localhost:46799"
dataStreamAddress: "localhost:40281"
clientAddress: "localhost:46547"
adminAddress: "localhost:45171"
startupRole: FOLLOWER
,id: "s4"
address: "localhost:39419"
dataStreamAddress: "localhost:46687"
clientAddress: "localhost:41785"
adminAddress: "localhost:43995"
startupRole: FOLLOWER
,id: "s0"
address: "localhost:42481"
dataStreamAddress: "localhost:43981"
clientAddress: "localhost:42743"
adminAddress: "localhost:44771"
startupRole: FOLLOWER
,id: "s1"
address: "localhost:44073"
dataStreamAddress: "localhost:35501"
clientAddress: "localhost:39477"
adminAddress: "localhost:36871"
startupRole: FOLLOWER
,id: "s2"
address: "localhost:38365"
dataStreamAddress: "localhost:38285"
clientAddress: "localhost:40537"
adminAddress: "localhost:35135"
startupRole: FOLLOWER
, old:)]
2022-09-14 11:47:30,098 [s4-server-thread3] INFO  server.RaftServer$Division (RaftServerImpl.java:checkInconsistentAppendEntries(1576)) - s4@group-12AB68C5691F: Failed appendEntries as the first entry (index 0) already exists (snapshotIndex: -1, commitIndex: 0)
2022-09-14 11:47:30,098 [s4-server-thread3] INFO  server.RaftServer$Division (RaftServerImpl.java:checkInconsistentAppendEntries(1556)) - s4@group-12AB68C5691F: inconsistency entries. Reply:s2<-s4#340:FAIL-t2,INCONSISTENCY,nextIndex=1,followerCommit=0,matchIndex=-1
2022-09-14 11:47:30,098 [grpc-default-executor-19] INFO  leader.FollowerInfo (FollowerInfoImpl.java:lambda$new$0(48)) - s2@group-12AB68C5691F->s4: nextIndex: updateUnconditionally 1 -> 1
2022-09-14 11:47:30,099 [s4-server-thread2] INFO  server.RaftServer$Division (RaftServerImpl.java:checkInconsistentAppendEntries(1586)) - s4@group-12AB68C5691F: Failed appendEntries as previous log entry ((t:2, i:0)) is not found
2022-09-14 11:47:30,099 [s4-server-thread2] INFO  server.RaftServer$Division (RaftServerImpl.java:checkInconsistentAppendEntries(1556)) - s4@group-12AB68C5691F: inconsistency entries. Reply:s2<-s4#334:FAIL-t2,INCONSISTENCY,nextIndex=0,followerCommit=0,matchIndex=-1
2022-09-14 11:47:30,099 [grpc-default-executor-19] INFO  leader.FollowerInfo (FollowerInfoImpl.java:lambda$new$0(48)) - s2@group-12AB68C5691F->s4: nextIndex: updateUnconditionally 1 -> 0
2022-09-14 11:47:30,099 [s4-server-thread3] INFO  server.RaftServer$Division (RaftServerImpl.java:checkInconsistentAppendEntries(1586)) - s4@group-12AB68C5691F: Failed appendEntries as previous log entry ((t:2, i:0)) is not found
2022-09-14 11:47:30,100 [s4-server-thread3] INFO  server.RaftServer$Division (RaftServerImpl.java:checkInconsistentAppendEntries(1556)) - s4@group-12AB68C5691F: inconsistency entries. Reply:s2<-s4#335:FAIL-t2,INCONSISTENCY,nextIndex=0,followerCommit=0,matchIndex=-1
2022-09-14 11:47:30,100 [grpc-default-executor-39] INFO  leader.FollowerInfo (FollowerInfoImpl.java:lambda$new$0(48)) - s2@group-12AB68C5691F->s4: nextIndex: updateUnconditionally 1 -> 1
2022-09-14 11:47:30,100 [s4-server-thread2] DEBUG server.RaftServer$Division (RaftServerImpl.java:logAppendEntries(1405)) - s4@group-12AB68C5691F: receive appendEntries(s2, 2, null, 0, true, commits:[s2:c0, s3:c0, s4:c0, s0:c0, s1:c0], cId:341, entries: [(t:2, i:0), CONFIGURATIONENTRY(current:id: "s3"
address: "localhost:46799"
dataStreamAddress: "localhost:40281"
clientAddress: "localhost:46547"
adminAddress: "localhost:45171"
startupRole: FOLLOWER
,id: "s4"
address: "localhost:39419"
dataStreamAddress: "localhost:46687"
clientAddress: "localhost:41785"
adminAddress: "localhost:43995"
startupRole: FOLLOWER
,id: "s0"
address: "localhost:42481"
dataStreamAddress: "localhost:43981"
clientAddress: "localhost:42743"
adminAddress: "localhost:44771"
startupRole: FOLLOWER
,id: "s1"
address: "localhost:44073"
dataStreamAddress: "localhost:35501"
clientAddress: "localhost:39477"
adminAddress: "localhost:36871"
startupRole: FOLLOWER
,id: "s2"
address: "localhost:38365"
dataStreamAddress: "localhost:38285"
clientAddress: "localhost:40537"
adminAddress: "localhost:35135"
startupRole: FOLLOWER
, old:)]
2022-09-14 11:47:30,100 [s4-server-thread2] INFO  server.RaftServer$Division (RaftServerImpl.java:checkInconsistentAppendEntries(1576)) - s4@group-12AB68C5691F: Failed appendEntries as the first entry (index 0) already exists (snapshotIndex: -1, commitIndex: 0)
2022-09-14 11:47:30,100 [s4-server-thread2] INFO  server.RaftServer$Division (RaftServerImpl.java:checkInconsistentAppendEntries(1556)) - s4@group-12AB68C5691F: inconsistency entries. Reply:s2<-s4#341:FAIL-t2,INCONSISTENCY,nextIndex=1,followerCommit=0,matchIndex=-1
2022-09-14 11:47:30,100 [grpc-default-executor-39] INFO  leader.FollowerInfo (FollowerInfoImpl.java:lambda$new$0(48)) - s2@group-12AB68C5691F->s4: nextIndex: updateUnconditionally 1 -> 0
2022-09-14 11:47:30,100 [grpc-default-executor-37] INFO  leader.FollowerInfo (FollowerInfoImpl.java:lambda$new$0(48)) - s2@group-12AB68C5691F->s4: nextIndex: updateUnconditionally 0 -> 1
2022-09-14 11:47:30,101 [s4-server-thread2] DEBUG server.RaftServer$Division (RaftServerImpl.java:logAppendEntries(1405)) - s4@group-12AB68C5691F: receive appendEntries(s2, 2, null, 0, true, commits:[s2:c0, s3:c0, s4:c0, s0:c0, s1:c0], cId:342, entries: [(t:2, i:0), CONFIGURATIONENTRY(current:id: "s3"
address: "localhost:46799"
dataStreamAddress: "localhost:40281"
clientAddress: "localhost:46547"
adminAddress: "localhost:45171"
startupRole: FOLLOWER
,id: "s4"
address: "localhost:39419"
dataStreamAddress: "localhost:46687"
clientAddress: "localhost:41785"
adminAddress: "localhost:43995"
startupRole: FOLLOWER
,id: "s0"
address: "localhost:42481"
dataStreamAddress: "localhost:43981"
clientAddress: "localhost:42743"
adminAddress: "localhost:44771"
startupRole: FOLLOWER
,id: "s1"
address: "localhost:44073"
dataStreamAddress: "localhost:35501"
clientAddress: "localhost:39477"
adminAddress: "localhost:36871"
startupRole: FOLLOWER
,id: "s2"
address: "localhost:38365"
dataStreamAddress: "localhost:38285"
clientAddress: "localhost:40537"
adminAddress: "localhost:35135"
startupRole: FOLLOWER
, old:)]
2022-09-14 11:47:30,101 [s4-server-thread2] INFO  server.RaftServer$Division (RaftServerImpl.java:checkInconsistentAppendEntries(1576)) - s4@group-12AB68C5691F: Failed appendEntries as the first entry (index 0) already exists (snapshotIndex: -1, commitIndex: 0)
2022-09-14 11:47:30,101 [s4-server-thread2] INFO  server.RaftServer$Division (RaftServerImpl.java:checkInconsistentAppendEntries(1556)) - s4@group-12AB68C5691F: inconsistency entries. Reply:s2<-s4#342:FAIL-t2,INCONSISTENCY,nextIndex=1,followerCommit=0,matchIndex=-1
2022-09-14 11:47:30,101 [grpc-default-executor-11] INFO  leader.FollowerInfo (FollowerInfoImpl.java:lambda$new$0(48)) - s2@group-12AB68C5691F->s4: nextIndex: updateUnconditionally 1 -> 1
2022-09-14 11:47:30,177 [s4-server-thread2] INFO  server.RaftServer$Division (RaftServerImpl.java:checkInconsistentAppendEntries(1586)) - s4@group-12AB68C5691F: Failed appendEntries as previous log entry ((t:2, i:0)) is not found
2022-09-14 11:47:30,177 [s4-server-thread2] INFO  server.RaftServer$Division (RaftServerImpl.java:checkInconsistentAppendEntries(1556)) - s4@group-12AB68C5691F: inconsistency entries. Reply:s2<-s4#343:FAIL-t2,INCONSISTENCY,nextIndex=0,followerCommit=0,matchIndex=-1
2022-09-14 11:47:30,177 [grpc-default-executor-11] INFO  leader.FollowerInfo (FollowerInfoImpl.java:lambda$new$0(48)) - s2@group-12AB68C5691F->s4: nextIndex: updateUnconditionally 1 -> 0
2022-09-14 11:47:30,178 [s4-server-thread2] DEBUG server.RaftServer$Division (RaftServerImpl.java:logAppendEntries(1405)) - s4@group-12AB68C5691F: receive appendEntries(s2, 2, null, 0, true, commits:[s2:c0, s3:c0, s4:c0, s0:c0, s1:c0], cId:344, entries: [(t:2, i:0), CONFIGURATIONENTRY(current:id: "s3"
address: "localhost:46799"
dataStreamAddress: "localhost:40281"
clientAddress: "localhost:46547"
adminAddress: "localhost:45171"
startupRole: FOLLOWER
,id: "s4"
address: "localhost:39419"
dataStreamAddress: "localhost:46687"
clientAddress: "localhost:41785"
adminAddress: "localhost:43995"
startupRole: FOLLOWER
,id: "s0"
address: "localhost:42481"
dataStreamAddress: "localhost:43981"
clientAddress: "localhost:42743"
adminAddress: "localhost:44771"
startupRole: FOLLOWER
,id: "s1"
address: "localhost:44073"
dataStreamAddress: "localhost:35501"
clientAddress: "localhost:39477"
adminAddress: "localhost:36871"
startupRole: FOLLOWER
,id: "s2"
address: "localhost:38365"
dataStreamAddress: "localhost:38285"
clientAddress: "localhost:40537"
adminAddress: "localhost:35135"
startupRole: FOLLOWER
, old:)]
2022-09-14 11:47:30,178 [s4-server-thread2] INFO  server.RaftServer$Division (RaftServerImpl.java:checkInconsistentAppendEntries(1576)) - s4@group-12AB68C5691F: Failed appendEntries as the first entry (index 0) already exists (snapshotIndex: -1, commitIndex: 0)
2022-09-14 11:47:30,178 [s4-server-thread2] INFO  server.RaftServer$Division (RaftServerImpl.java:checkInconsistentAppendEntries(1556)) - s4@group-12AB68C5691F: inconsistency entries. Reply:s2<-s4#344:FAIL-t2,INCONSISTENCY,nextIndex=1,followerCommit=0,matchIndex=-1
2022-09-14 11:47:30,179 [grpc-default-executor-11] INFO  leader.FollowerInfo (FollowerInfoImpl.java:lambda$new$0(48)) - s2@group-12AB68C5691F->s4: nextIndex: updateUnconditionally 1 -> 1
2022-09-14 11:47:30,254 [s4-server-thread2] INFO  server.RaftServer$Division (RaftServerImpl.java:checkInconsistentAppendEntries(1586)) - s4@group-12AB68C5691F: Failed appendEntries as previous log entry ((t:2, i:0)) is not found
2022-09-14 11:47:30,255 [s4-server-thread2] INFO  server.RaftServer$Division (RaftServerImpl.java:checkInconsistentAppendEntries(1556)) - s4@group-12AB68C5691F: inconsistency entries. Reply:s2<-s4#345:FAIL-t2,INCONSISTENCY,nextIndex=0,followerCommit=0,matchIndex=-1
2022-09-14 11:47:30,255 [grpc-default-executor-11] INFO  leader.FollowerInfo (FollowerInfoImpl.java:lambda$new$0(48)) - s2@group-12AB68C5691F->s4: nextIndex: updateUnconditionally 1 -> 0
2022-09-14 11:47:30,255 [s4-server-thread2] DEBUG server.RaftServer$Division (RaftServerImpl.java:logAppendEntries(1405)) - s4@group-12AB68C5691F: receive appendEntries(s2, 2, null, 0, true, commits:[s2:c0, s3:c0, s4:c0, s0:c0, s1:c0], cId:346, entries: [(t:2, i:0), CONFIGURATIONENTRY(current:id: "s3"
address: "localhost:46799"
dataStreamAddress: "localhost:40281"
clientAddress: "localhost:46547"
adminAddress: "localhost:45171"
startupRole: FOLLOWER
,id: "s4"
address: "localhost:39419"
dataStreamAddress: "localhost:46687"
clientAddress: "localhost:41785"
adminAddress: "localhost:43995"
startupRole: FOLLOWER
,id: "s0"
address: "localhost:42481"
dataStreamAddress: "localhost:43981"
clientAddress: "localhost:42743"
adminAddress: "localhost:44771"
startupRole: FOLLOWER
,id: "s1"
address: "localhost:44073"
dataStreamAddress: "localhost:35501"
clientAddress: "localhost:39477"
adminAddress: "localhost:36871"
startupRole: FOLLOWER
,id: "s2"
address: "localhost:38365"
dataStreamAddress: "localhost:38285"
clientAddress: "localhost:40537"
adminAddress: "localhost:35135"
startupRole: FOLLOWER
, old:)]
2022-09-14 11:47:30,256 [s4-server-thread2] INFO  server.RaftServer$Division (RaftServerImpl.java:checkInconsistentAppendEntries(1576)) - s4@group-12AB68C5691F: Failed appendEntries as the first entry (index 0) already exists (snapshotIndex: -1, commitIndex: 0)
2022-09-14 11:47:30,256 [s4-server-thread2] INFO  server.RaftServer$Division (RaftServerImpl.java:checkInconsistentAppendEntries(1556)) - s4@group-12AB68C5691F: inconsistency entries. Reply:s2<-s4#346:FAIL-t2,INCONSISTENCY,nextIndex=1,followerCommit=0,matchIndex=-1
2022-09-14 11:47:30,256 [grpc-default-executor-11] INFO  leader.FollowerInfo (FollowerInfoImpl.java:lambda$new$0(48)) - s2@group-12AB68C5691F->s4: nextIndex: updateUnconditionally 1 -> 1
2022-09-14 11:47:30,332 [s4-server-thread2] INFO  server.RaftServer$Division (RaftServerImpl.java:checkInconsistentAppendEntries(1586)) - s4@group-12AB68C5691F: Failed appendEntries as previous log entry ((t:2, i:0)) is not found
2022-09-14 11:47:30,332 [s4-server-thread2] INFO  server.RaftServer$Division (RaftServerImpl.java:checkInconsistentAppendEntries(1556)) - s4@group-12AB68C5691F: inconsistency entries. Reply:s2<-s4#347:FAIL-t2,INCONSISTENCY,nextIndex=0,followerCommit=0,matchIndex=-1
2022-09-14 11:47:30,332 [grpc-default-executor-37] INFO  leader.FollowerInfo (FollowerInfoImpl.java:lambda$new$0(48)) - s2@group-12AB68C5691F->s4: nextIndex: updateUnconditionally 1 -> 0
2022-09-14 11:47:30,333 [s4-server-thread2] DEBUG server.RaftServer$Division (RaftServerImpl.java:logAppendEntries(1405)) - s4@group-12AB68C5691F: receive appendEntries(s2, 2, null, 0, true, commits:[s2:c0, s3:c0, s4:c0, s0:c0, s1:c0], cId:348, entries: [(t:2, i:0), CONFIGURATIONENTRY(current:id: "s3"
address: "localhost:46799"
dataStreamAddress: "localhost:40281"
clientAddress: "localhost:46547"
adminAddress: "localhost:45171"
startupRole: FOLLOWER
,id: "s4"
address: "localhost:39419"
dataStreamAddress: "localhost:46687"
clientAddress: "localhost:41785"
adminAddress: "localhost:43995"
startupRole: FOLLOWER
,id: "s0"
address: "localhost:42481"
dataStreamAddress: "localhost:43981"
clientAddress: "localhost:42743"
adminAddress: "localhost:44771"
startupRole: FOLLOWER
,id: "s1"
address: "localhost:44073"
dataStreamAddress: "localhost:35501"
clientAddress: "localhost:39477"
adminAddress: "localhost:36871"
startupRole: FOLLOWER
,id: "s2"
address: "localhost:38365"
dataStreamAddress: "localhost:38285"
clientAddress: "localhost:40537"
adminAddress: "localhost:35135"
startupRole: FOLLOWER
, old:)]
2022-09-14 11:47:30,333 [s4-server-thread2] INFO  server.RaftServer$Division (RaftServerImpl.java:checkInconsistentAppendEntries(1576)) - s4@group-12AB68C5691F: Failed appendEntries as the first entry (index 0) already exists (snapshotIndex: -1, commitIndex: 0)
2022-09-14 11:47:30,333 [s4-server-thread2] INFO  server.RaftServer$Division (RaftServerImpl.java:checkInconsistentAppendEntries(1556)) - s4@group-12AB68C5691F: inconsistency entries. Reply:s2<-s4#348:FAIL-t2,INCONSISTENCY,nextIndex=1,followerCommit=0,matchIndex=-1
2022-09-14 11:47:30,334 [grpc-default-executor-37] INFO  leader.FollowerInfo (FollowerInfoImpl.java:lambda$new$0(48)) - s2@group-12AB68C5691F->s4: nextIndex: updateUnconditionally 1 -> 1
2022-09-14 11:47:30,410 [s4-server-thread2] INFO  server.RaftServer$Division (RaftServerImpl.java:checkInconsistentAppendEntries(1586)) - s4@group-12AB68C5691F: Failed appendEntries as previous log entry ((t:2, i:0)) is not found
2022-09-14 11:47:30,410 [s4-server-thread2] INFO  server.RaftServer$Division (RaftServerImpl.java:checkInconsistentAppendEntries(1556)) - s4@group-12AB68C5691F: inconsistency entries. Reply:s2<-s4#349:FAIL-t2,INCONSISTENCY,nextIndex=0,followerCommit=0,matchIndex=-1
2022-09-14 11:47:30,410 [grpc-default-executor-37] INFO  leader.FollowerInfo (FollowerInfoImpl.java:lambda$new$0(48)) - s2@group-12AB68C5691F->s4: nextIndex: updateUnconditionally 1 -> 0
2022-09-14 11:47:30,411 [s4-server-thread2] DEBUG server.RaftServer$Division (RaftServerImpl.java:logAppendEntries(1405)) - s4@group-12AB68C5691F: receive appendEntries(s2, 2, null, 0, true, commits:[s2:c0, s3:c0, s4:c0, s0:c0, s1:c0], cId:350, entries: [(t:2, i:0), CONFIGURATIONENTRY(current:id: "s3"
address: "localhost:46799"
dataStreamAddress: "localhost:40281"
clientAddress: "localhost:46547"
adminAddress: "localhost:45171"
startupRole: FOLLOWER
,id: "s4"
address: "localhost:39419"
dataStreamAddress: "localhost:46687"
clientAddress: "localhost:41785"
adminAddress: "localhost:43995"
startupRole: FOLLOWER
,id: "s0"
address: "localhost:42481"
dataStreamAddress: "localhost:43981"
clientAddress: "localhost:42743"
adminAddress: "localhost:44771"
startupRole: FOLLOWER
,id: "s1"
address: "localhost:44073"
dataStreamAddress: "localhost:35501"
clientAddress: "localhost:39477"
adminAddress: "localhost:36871"
startupRole: FOLLOWER
,id: "s2"
address: "localhost:38365"
dataStreamAddress: "localhost:38285"
clientAddress: "localhost:40537"
adminAddress: "localhost:35135"
startupRole: FOLLOWER
, old:)]
2022-09-14 11:47:30,411 [s4-server-thread2] INFO  server.RaftServer$Division (RaftServerImpl.java:checkInconsistentAppendEntries(1576)) - s4@group-12AB68C5691F: Failed appendEntries as the first entry (index 0) already exists (snapshotIndex: -1, commitIndex: 0)
2022-09-14 11:47:30,411 [s4-server-thread2] INFO  server.RaftServer$Division (RaftServerImpl.java:checkInconsistentAppendEntries(1556)) - s4@group-12AB68C5691F: inconsistency entries. Reply:s2<-s4#350:FAIL-t2,INCONSISTENCY,nextIndex=1,followerCommit=0,matchIndex=-1
2022-09-14 11:47:30,411 [grpc-default-executor-37] INFO  leader.FollowerInfo (FollowerInfoImpl.java:lambda$new$0(48)) - s2@group-12AB68C5691F->s4: nextIndex: updateUnconditionally 1 -> 1
2022-09-14 11:47:30,487 [s4-server-thread2] INFO  server.RaftServer$Division (RaftServerImpl.java:checkInconsistentAppendEntries(1586)) - s4@group-12AB68C5691F: Failed appendEntries as previous log entry ((t:2, i:0)) is not found
2022-09-14 11:47:30,487 [s4-server-thread2] INFO  server.RaftServer$Division (RaftServerImpl.java:checkInconsistentAppendEntries(1556)) - s4@group-12AB68C5691F: inconsistency entries. Reply:s2<-s4#351:FAIL-t2,INCONSISTENCY,nextIndex=0,followerCommit=0,matchIndex=-1
2022-09-14 11:47:30,487 [grpc-default-executor-37] INFO  leader.FollowerInfo (FollowerInfoImpl.java:lambda$new$0(48)) - s2@group-12AB68C5691F->s4: nextIndex: updateUnconditionally 1 -> 0
2022-09-14 11:47:30,488 [s4-server-thread2] DEBUG server.RaftServer$Division (RaftServerImpl.java:logAppendEntries(1405)) - s4@group-12AB68C5691F: receive appendEntries(s2, 2, null, 0, true, commits:[s2:c0, s3:c0, s4:c0, s0:c0, s1:c0], cId:352, entries: [(t:2, i:0), CONFIGURATIONENTRY(current:id: "s3"
address: "localhost:46799"
dataStreamAddress: "localhost:40281"
clientAddress: "localhost:46547"
adminAddress: "localhost:45171"
startupRole: FOLLOWER
,id: "s4"
address: "localhost:39419"
dataStreamAddress: "localhost:46687"
clientAddress: "localhost:41785"
adminAddress: "localhost:43995"
startupRole: FOLLOWER
,id: "s0"
address: "localhost:42481"
dataStreamAddress: "localhost:43981"
clientAddress: "localhost:42743"
adminAddress: "localhost:44771"
startupRole: FOLLOWER
,id: "s1"
address: "localhost:44073"
dataStreamAddress: "localhost:35501"
clientAddress: "localhost:39477"
adminAddress: "localhost:36871"
startupRole: FOLLOWER
,id: "s2"
address: "localhost:38365"
dataStreamAddress: "localhost:38285"
clientAddress: "localhost:40537"
adminAddress: "localhost:35135"
startupRole: FOLLOWER
, old:)]
2022-09-14 11:47:30,488 [s4-server-thread2] INFO  server.RaftServer$Division (RaftServerImpl.java:checkInconsistentAppendEntries(1576)) - s4@group-12AB68C5691F: Failed appendEntries as the first entry (index 0) already exists (snapshotIndex: -1, commitIndex: 0)
2022-09-14 11:47:30,488 [s4-server-thread2] INFO  server.RaftServer$Division (RaftServerImpl.java:checkInconsistentAppendEntries(1556)) - s4@group-12AB68C5691F: inconsistency entries. Reply:s2<-s4#352:FAIL-t2,INCONSISTENCY,nextIndex=1,followerCommit=0,matchIndex=-1
2022-09-14 11:47:30,490 [grpc-default-executor-37] INFO  leader.FollowerInfo (FollowerInfoImpl.java:lambda$new$0(48)) - s2@group-12AB68C5691F->s4: nextIndex: updateUnconditionally 1 -> 1
2022-09-14 11:47:30,567 [s4-server-thread2] INFO  server.RaftServer$Division (RaftServerImpl.java:checkInconsistentAppendEntries(1586)) - s4@group-12AB68C5691F: Failed appendEntries as previous log entry ((t:2, i:0)) is not found
2022-09-14 11:47:30,567 [s4-server-thread2] INFO  server.RaftServer$Division (RaftServerImpl.java:checkInconsistentAppendEntries(1556)) - s4@group-12AB68C5691F: inconsistency entries. Reply:s2<-s4#353:FAIL-t2,INCONSISTENCY,nextIndex=0,followerCommit=0,matchIndex=-1
2022-09-14 11:47:30,567 [grpc-default-executor-37] INFO  leader.FollowerInfo (FollowerInfoImpl.java:lambda$new$0(48)) - s2@group-12AB68C5691F->s4: nextIndex: updateUnconditionally 1 -> 0
2022-09-14 11:47:30,568 [s4-server-thread2] DEBUG server.RaftServer$Division (RaftServerImpl.java:logAppendEntries(1405)) - s4@group-12AB68C5691F: receive appendEntries(s2, 2, null, 0, true, commits:[s2:c0, s3:c0, s4:c0, s0:c0, s1:c0], cId:354, entries: [(t:2, i:0), CONFIGURATIONENTRY(current:id: "s3"
address: "localhost:46799"
dataStreamAddress: "localhost:40281"
clientAddress: "localhost:46547"
adminAddress: "localhost:45171"
startupRole: FOLLOWER
,id: "s4"
address: "localhost:39419"
dataStreamAddress: "localhost:46687"
clientAddress: "localhost:41785"
adminAddress: "localhost:43995"
startupRole: FOLLOWER
,id: "s0"
address: "localhost:42481"
dataStreamAddress: "localhost:43981"
clientAddress: "localhost:42743"
adminAddress: "localhost:44771"
startupRole: FOLLOWER
,id: "s1"
address: "localhost:44073"
dataStreamAddress: "localhost:35501"
clientAddress: "localhost:39477"
adminAddress: "localhost:36871"
startupRole: FOLLOWER
,id: "s2"
address: "localhost:38365"
dataStreamAddress: "localhost:38285"
clientAddress: "localhost:40537"
adminAddress: "localhost:35135"
startupRole: FOLLOWER
, old:)]
2022-09-14 11:47:30,568 [s4-server-thread2] INFO  server.RaftServer$Division (RaftServerImpl.java:checkInconsistentAppendEntries(1576)) - s4@group-12AB68C5691F: Failed appendEntries as the first entry (index 0) already exists (snapshotIndex: -1, commitIndex: 0)
2022-09-14 11:47:30,568 [s4-server-thread2] INFO  server.RaftServer$Division (RaftServerImpl.java:checkInconsistentAppendEntries(1556)) - s4@group-12AB68C5691F: inconsistency entries. Reply:s2<-s4#354:FAIL-t2,INCONSISTENCY,nextIndex=1,followerCommit=0,matchIndex=-1
2022-09-14 11:47:30,568 [grpc-default-executor-37] INFO  leader.FollowerInfo (FollowerInfoImpl.java:lambda$new$0(48)) - s2@group-12AB68C5691F->s4: nextIndex: updateUnconditionally 1 -> 1
2022-09-14 11:47:30,645 [s4-server-thread2] INFO  server.RaftServer$Division (RaftServerImpl.java:checkInconsistentAppendEntries(1586)) - s4@group-12AB68C5691F: Failed appendEntries as previous log entry ((t:2, i:0)) is not found
2022-09-14 11:47:30,645 [s4-server-thread2] INFO  server.RaftServer$Division (RaftServerImpl.java:checkInconsistentAppendEntries(1556)) - s4@group-12AB68C5691F: inconsistency entries. Reply:s2<-s4#355:FAIL-t2,INCONSISTENCY,nextIndex=0,followerCommit=0,matchIndex=-1
2022-09-14 11:47:30,645 [grpc-default-executor-37] INFO  leader.FollowerInfo (FollowerInfoImpl.java:lambda$new$0(48)) - s2@group-12AB68C5691F->s4: nextIndex: updateUnconditionally 1 -> 0
2022-09-14 11:47:30,646 [s4-server-thread2] DEBUG server.RaftServer$Division (RaftServerImpl.java:logAppendEntries(1405)) - s4@group-12AB68C5691F: receive appendEntries(s2, 2, null, 0, true, commits:[s2:c0, s3:c0, s4:c0, s0:c0, s1:c0], cId:356, entries: [(t:2, i:0), CONFIGURATIONENTRY(current:id: "s3"
address: "localhost:46799"
dataStreamAddress: "localhost:40281"
clientAddress: "localhost:46547"
adminAddress: "localhost:45171"
startupRole: FOLLOWER
,id: "s4"
address: "localhost:39419"
dataStreamAddress: "localhost:46687"
clientAddress: "localhost:41785"
adminAddress: "localhost:43995"
startupRole: FOLLOWER
,id: "s0"
address: "localhost:42481"
dataStreamAddress: "localhost:43981"
clientAddress: "localhost:42743"
adminAddress: "localhost:44771"
startupRole: FOLLOWER
,id: "s1"
address: "localhost:44073"
dataStreamAddress: "localhost:35501"
clientAddress: "localhost:39477"
adminAddress: "localhost:36871"
startupRole: FOLLOWER
,id: "s2"
address: "localhost:38365"
dataStreamAddress: "localhost:38285"
clientAddress: "localhost:40537"
adminAddress: "localhost:35135"
startupRole: FOLLOWER
, old:)]
2022-09-14 11:47:30,646 [s4-server-thread2] INFO  server.RaftServer$Division (RaftServerImpl.java:checkInconsistentAppendEntries(1576)) - s4@group-12AB68C5691F: Failed appendEntries as the first entry (index 0) already exists (snapshotIndex: -1, commitIndex: 0)
2022-09-14 11:47:30,646 [s4-server-thread2] INFO  server.RaftServer$Division (RaftServerImpl.java:checkInconsistentAppendEntries(1556)) - s4@group-12AB68C5691F: inconsistency entries. Reply:s2<-s4#356:FAIL-t2,INCONSISTENCY,nextIndex=1,followerCommit=0,matchIndex=-1
2022-09-14 11:47:30,646 [grpc-default-executor-37] INFO  leader.FollowerInfo (FollowerInfoImpl.java:lambda$new$0(48)) - s2@group-12AB68C5691F->s4: nextIndex: updateUnconditionally 1 -> 1
2022-09-14 11:47:30,723 [s4-server-thread2] INFO  server.RaftServer$Division (RaftServerImpl.java:checkInconsistentAppendEntries(1586)) - s4@group-12AB68C5691F: Failed appendEntries as previous log entry ((t:2, i:0)) is not found
2022-09-14 11:47:30,723 [s4-server-thread2] INFO  server.RaftServer$Division (RaftServerImpl.java:checkInconsistentAppendEntries(1556)) - s4@group-12AB68C5691F: inconsistency entries. Reply:s2<-s4#357:FAIL-t2,INCONSISTENCY,nextIndex=0,followerCommit=0,matchIndex=-1
2022-09-14 11:47:30,723 [grpc-default-executor-37] INFO  leader.FollowerInfo (FollowerInfoImpl.java:lambda$new$0(48)) - s2@group-12AB68C5691F->s4: nextIndex: updateUnconditionally 1 -> 0
2022-09-14 11:47:30,724 [s4-server-thread2] DEBUG server.RaftServer$Division (RaftServerImpl.java:logAppendEntries(1405)) - s4@group-12AB68C5691F: receive appendEntries(s2, 2, null, 0, true, commits:[s2:c0, s3:c0, s4:c0, s0:c0, s1:c0], cId:358, entries: [(t:2, i:0), CONFIGURATIONENTRY(current:id: "s3"
address: "localhost:46799"
dataStreamAddress: "localhost:40281"
clientAddress: "localhost:46547"
adminAddress: "localhost:45171"
startupRole: FOLLOWER
,id: "s4"
address: "localhost:39419"
dataStreamAddress: "localhost:46687"
clientAddress: "localhost:41785"
adminAddress: "localhost:43995"
startupRole: FOLLOWER
,id: "s0"
address: "localhost:42481"
dataStreamAddress: "localhost:43981"
clientAddress: "localhost:42743"
adminAddress: "localhost:44771"
startupRole: FOLLOWER
,id: "s1"
address: "localhost:44073"
dataStreamAddress: "localhost:35501"
clientAddress: "localhost:39477"
adminAddress: "localhost:36871"
startupRole: FOLLOWER
,id: "s2"
address: "localhost:38365"
dataStreamAddress: "localhost:38285"
clientAddress: "localhost:40537"
adminAddress: "localhost:35135"
startupRole: FOLLOWER
, old:)]
2022-09-14 11:47:30,724 [s4-server-thread2] INFO  server.RaftServer$Division (RaftServerImpl.java:checkInconsistentAppendEntries(1576)) - s4@group-12AB68C5691F: Failed appendEntries as the first entry (index 0) already exists (snapshotIndex: -1, commitIndex: 0)
2022-09-14 11:47:30,724 [s4-server-thread2] INFO  server.RaftServer$Division (RaftServerImpl.java:checkInconsistentAppendEntries(1556)) - s4@group-12AB68C5691F: inconsistency entries. Reply:s2<-s4#358:FAIL-t2,INCONSISTENCY,nextIndex=1,followerCommit=0,matchIndex=-1
2022-09-14 11:47:30,724 [grpc-default-executor-37] INFO  leader.FollowerInfo (FollowerInfoImpl.java:lambda$new$0(48)) - s2@group-12AB68C5691F->s4: nextIndex: updateUnconditionally 1 -> 1
2022-09-14 11:47:30,800 [s4-server-thread2] INFO  server.RaftServer$Division (RaftServerImpl.java:checkInconsistentAppendEntries(1586)) - s4@group-12AB68C5691F: Failed appendEntries as previous log entry ((t:2, i:0)) is not found
2022-09-14 11:47:30,801 [s4-server-thread2] INFO  server.RaftServer$Division (RaftServerImpl.java:checkInconsistentAppendEntries(1556)) - s4@group-12AB68C5691F: inconsistency entries. Reply:s2<-s4#359:FAIL-t2,INCONSISTENCY,nextIndex=0,followerCommit=0,matchIndex=-1
2022-09-14 11:47:30,801 [grpc-default-executor-37] INFO  leader.FollowerInfo (FollowerInfoImpl.java:lambda$new$0(48)) - s2@group-12AB68C5691F->s4: nextIndex: updateUnconditionally 1 -> 0
2022-09-14 11:47:30,802 [s4-server-thread2] DEBUG server.RaftServer$Division (RaftServerImpl.java:logAppendEntries(1405)) - s4@group-12AB68C5691F: receive appendEntries(s2, 2, null, 0, true, commits:[s2:c0, s3:c0, s4:c0, s0:c0, s1:c0], cId:360, entries: [(t:2, i:0), CONFIGURATIONENTRY(current:id: "s3"
address: "localhost:46799"
dataStreamAddress: "localhost:40281"
clientAddress: "localhost:46547"
adminAddress: "localhost:45171"
startupRole: FOLLOWER
,id: "s4"
address: "localhost:39419"
dataStreamAddress: "localhost:46687"
clientAddress: "localhost:41785"
adminAddress: "localhost:43995"
startupRole: FOLLOWER
,id: "s0"
address: "localhost:42481"
dataStreamAddress: "localhost:43981"
clientAddress: "localhost:42743"
adminAddress: "localhost:44771"
startupRole: FOLLOWER
,id: "s1"
address: "localhost:44073"
dataStreamAddress: "localhost:35501"
clientAddress: "localhost:39477"
adminAddress: "localhost:36871"
startupRole: FOLLOWER
,id: "s2"
address: "localhost:38365"
dataStreamAddress: "localhost:38285"
clientAddress: "localhost:40537"
adminAddress: "localhost:35135"
startupRole: FOLLOWER
, old:)]
2022-09-14 11:47:30,802 [s4-server-thread2] INFO  server.RaftServer$Division (RaftServerImpl.java:checkInconsistentAppendEntries(1576)) - s4@group-12AB68C5691F: Failed appendEntries as the first entry (index 0) already exists (snapshotIndex: -1, commitIndex: 0)
2022-09-14 11:47:30,802 [s4-server-thread2] INFO  server.RaftServer$Division (RaftServerImpl.java:checkInconsistentAppendEntries(1556)) - s4@group-12AB68C5691F: inconsistency entries. Reply:s2<-s4#360:FAIL-t2,INCONSISTENCY,nextIndex=1,followerCommit=0,matchIndex=-1
2022-09-14 11:47:30,802 [grpc-default-executor-37] INFO  leader.FollowerInfo (FollowerInfoImpl.java:lambda$new$0(48)) - s2@group-12AB68C5691F->s4: nextIndex: updateUnconditionally 1 -> 1
2022-09-14 11:47:30,829 [Time-limited test] INFO  grpc.TestLeaderElectionWithGrpc (LeaderElectionTests.java:enforceLeader(295)) - printing ALL groups
  s3:  RUNNING  FOLLOWER s3@group-12AB68C5691F:t2, leader=s2, voted=s2, raftlog=Memoized:s3@group-12AB68C5691F-SegmentedRaftLog:OPENED:c0, conf=0: peers:[s3|rpc:localhost:46799|admin:localhost:45171|client:localhost:46547|dataStream:localhost:40281|priority:0|startupRole:FOLLOWER, s4|rpc:localhost:39419|admin:localhost:43995|client:localhost:41785|dataStream:localhost:46687|priority:0|startupRole:FOLLOWER, s0|rpc:localhost:42481|admin:localhost:44771|client:localhost:42743|dataStream:localhost:43981|priority:0|startupRole:FOLLOWER, s1|rpc:localhost:44073|admin:localhost:36871|client:localhost:39477|dataStream:localhost:35501|priority:0|startupRole:FOLLOWER, s2|rpc:localhost:38365|admin:localhost:35135|client:localhost:40537|dataStream:localhost:38285|priority:0|startupRole:FOLLOWER]|listeners:[], old=null RUNNING
  s4:  RUNNING  FOLLOWER s4@group-12AB68C5691F:t2, leader=s2, voted=null, raftlog=Memoized:s4@group-12AB68C5691F-SegmentedRaftLog:OPENED:c0, conf=0: peers:[s3|rpc:localhost:46799|admin:localhost:45171|client:localhost:46547|dataStream:localhost:40281|priority:0|startupRole:FOLLOWER, s4|rpc:localhost:39419|admin:localhost:43995|client:localhost:41785|dataStream:localhost:46687|priority:0|startupRole:FOLLOWER, s0|rpc:localhost:42481|admin:localhost:44771|client:localhost:42743|dataStream:localhost:43981|priority:0|startupRole:FOLLOWER, s1|rpc:localhost:44073|admin:localhost:36871|client:localhost:39477|dataStream:localhost:35501|priority:0|startupRole:FOLLOWER, s2|rpc:localhost:38365|admin:localhost:35135|client:localhost:40537|dataStream:localhost:38285|priority:0|startupRole:FOLLOWER]|listeners:[], old=null RUNNING
  s0:  RUNNING  FOLLOWER s0@group-12AB68C5691F:t2, leader=s2, voted=s2, raftlog=Memoized:s0@group-12AB68C5691F-SegmentedRaftLog:OPENED:c0, conf=0: peers:[s3|rpc:localhost:46799|admin:localhost:45171|client:localhost:46547|dataStream:localhost:40281|priority:0|startupRole:FOLLOWER, s4|rpc:localhost:39419|admin:localhost:43995|client:localhost:41785|dataStream:localhost:46687|priority:0|startupRole:FOLLOWER, s0|rpc:localhost:42481|admin:localhost:44771|client:localhost:42743|dataStream:localhost:43981|priority:0|startupRole:FOLLOWER, s1|rpc:localhost:44073|admin:localhost:36871|client:localhost:39477|dataStream:localhost:35501|priority:0|startupRole:FOLLOWER, s2|rpc:localhost:38365|admin:localhost:35135|client:localhost:40537|dataStream:localhost:38285|priority:0|startupRole:FOLLOWER]|listeners:[], old=null RUNNING
  s1:  RUNNING  FOLLOWER s1@group-12AB68C5691F:t2, leader=s2, voted=s2, raftlog=Memoized:s1@group-12AB68C5691F-SegmentedRaftLog:OPENED:c0, conf=0: peers:[s3|rpc:localhost:46799|admin:localhost:45171|client:localhost:46547|dataStream:localhost:40281|priority:0|startupRole:FOLLOWER, s4|rpc:localhost:39419|admin:localhost:43995|client:localhost:41785|dataStream:localhost:46687|priority:0|startupRole:FOLLOWER, s0|rpc:localhost:42481|admin:localhost:44771|client:localhost:42743|dataStream:localhost:43981|priority:0|startupRole:FOLLOWER, s1|rpc:localhost:44073|admin:localhost:36871|client:localhost:39477|dataStream:localhost:35501|priority:0|startupRole:FOLLOWER, s2|rpc:localhost:38365|admin:localhost:35135|client:localhost:40537|dataStream:localhost:38285|priority:0|startupRole:FOLLOWER]|listeners:[], old=null RUNNING
  s2:  RUNNING    LEADER s2@group-12AB68C5691F:t2, leader=s2, voted=s2, raftlog=Memoized:s2@group-12AB68C5691F-SegmentedRaftLog:OPENED:c0, conf=0: peers:[s3|rpc:localhost:46799|admin:localhost:45171|client:localhost:46547|dataStream:localhost:40281|priority:0|startupRole:FOLLOWER, s4|rpc:localhost:39419|admin:localhost:43995|client:localhost:41785|dataStream:localhost:46687|priority:0|startupRole:FOLLOWER, s0|rpc:localhost:42481|admin:localhost:44771|client:localhost:42743|dataStream:localhost:43981|priority:0|startupRole:FOLLOWER, s1|rpc:localhost:44073|admin:localhost:36871|client:localhost:39477|dataStream:localhost:35501|priority:0|startupRole:FOLLOWER, s2|rpc:localhost:38365|admin:localhost:35135|client:localhost:40537|dataStream:localhost:38285|priority:0|startupRole:FOLLOWER]|listeners:[], old=null RUNNING
2022-09-14 11:47:30,829 [Time-limited test] INFO  impl.MiniRaftCluster (MiniRaftCluster.java:shutdown(831)) - ************************************************************** 
2022-09-14 11:47:30,830 [Time-limited test] INFO  impl.MiniRaftCluster (MiniRaftCluster.java:shutdown(832)) - *** 
2022-09-14 11:47:30,830 [Time-limited test] INFO  impl.MiniRaftCluster (MiniRaftCluster.java:shutdown(833)) - ***     Stopping MiniRaftClusterWithGrpc
2022-09-14 11:47:30,830 [Time-limited test] INFO  impl.MiniRaftCluster (MiniRaftCluster.java:shutdown(834)) - *** 
2022-09-14 11:47:30,830 [Time-limited test] INFO  impl.MiniRaftCluster (MiniRaftCluster.java:shutdown(835)) - ************************************************************** 
2022-09-14 11:47:30,831 [Time-limited test] INFO  impl.MiniRaftCluster (MiniRaftCluster.java:shutdown(836)) - printing ALL groups
  s3:  RUNNING  FOLLOWER s3@group-12AB68C5691F:t2, leader=s2, voted=s2, raftlog=Memoized:s3@group-12AB68C5691F-SegmentedRaftLog:OPENED:c0, conf=0: peers:[s3|rpc:localhost:46799|admin:localhost:45171|client:localhost:46547|dataStream:localhost:40281|priority:0|startupRole:FOLLOWER, s4|rpc:localhost:39419|admin:localhost:43995|client:localhost:41785|dataStream:localhost:46687|priority:0|startupRole:FOLLOWER, s0|rpc:localhost:42481|admin:localhost:44771|client:localhost:42743|dataStream:localhost:43981|priority:0|startupRole:FOLLOWER, s1|rpc:localhost:44073|admin:localhost:36871|client:localhost:39477|dataStream:localhost:35501|priority:0|startupRole:FOLLOWER, s2|rpc:localhost:38365|admin:localhost:35135|client:localhost:40537|dataStream:localhost:38285|priority:0|startupRole:FOLLOWER]|listeners:[], old=null RUNNING
  s4:  RUNNING  FOLLOWER s4@group-12AB68C5691F:t2, leader=s2, voted=null, raftlog=Memoized:s4@group-12AB68C5691F-SegmentedRaftLog:OPENED:c0, conf=0: peers:[s3|rpc:localhost:46799|admin:localhost:45171|client:localhost:46547|dataStream:localhost:40281|priority:0|startupRole:FOLLOWER, s4|rpc:localhost:39419|admin:localhost:43995|client:localhost:41785|dataStream:localhost:46687|priority:0|startupRole:FOLLOWER, s0|rpc:localhost:42481|admin:localhost:44771|client:localhost:42743|dataStream:localhost:43981|priority:0|startupRole:FOLLOWER, s1|rpc:localhost:44073|admin:localhost:36871|client:localhost:39477|dataStream:localhost:35501|priority:0|startupRole:FOLLOWER, s2|rpc:localhost:38365|admin:localhost:35135|client:localhost:40537|dataStream:localhost:38285|priority:0|startupRole:FOLLOWER]|listeners:[], old=null RUNNING
  s0:  RUNNING  FOLLOWER s0@group-12AB68C5691F:t2, leader=s2, voted=s2, raftlog=Memoized:s0@group-12AB68C5691F-SegmentedRaftLog:OPENED:c0, conf=0: peers:[s3|rpc:localhost:46799|admin:localhost:45171|client:localhost:46547|dataStream:localhost:40281|priority:0|startupRole:FOLLOWER, s4|rpc:localhost:39419|admin:localhost:43995|client:localhost:41785|dataStream:localhost:46687|priority:0|startupRole:FOLLOWER, s0|rpc:localhost:42481|admin:localhost:44771|client:localhost:42743|dataStream:localhost:43981|priority:0|startupRole:FOLLOWER, s1|rpc:localhost:44073|admin:localhost:36871|client:localhost:39477|dataStream:localhost:35501|priority:0|startupRole:FOLLOWER, s2|rpc:localhost:38365|admin:localhost:35135|client:localhost:40537|dataStream:localhost:38285|priority:0|startupRole:FOLLOWER]|listeners:[], old=null RUNNING
  s1:  RUNNING  FOLLOWER s1@group-12AB68C5691F:t2, leader=s2, voted=s2, raftlog=Memoized:s1@group-12AB68C5691F-SegmentedRaftLog:OPENED:c0, conf=0: peers:[s3|rpc:localhost:46799|admin:localhost:45171|client:localhost:46547|dataStream:localhost:40281|priority:0|startupRole:FOLLOWER, s4|rpc:localhost:39419|admin:localhost:43995|client:localhost:41785|dataStream:localhost:46687|priority:0|startupRole:FOLLOWER, s0|rpc:localhost:42481|admin:localhost:44771|client:localhost:42743|dataStream:localhost:43981|priority:0|startupRole:FOLLOWER, s1|rpc:localhost:44073|admin:localhost:36871|client:localhost:39477|dataStream:localhost:35501|priority:0|startupRole:FOLLOWER, s2|rpc:localhost:38365|admin:localhost:35135|client:localhost:40537|dataStream:localhost:38285|priority:0|startupRole:FOLLOWER]|listeners:[], old=null RUNNING
  s2:  RUNNING    LEADER s2@group-12AB68C5691F:t2, leader=s2, voted=s2, raftlog=Memoized:s2@group-12AB68C5691F-SegmentedRaftLog:OPENED:c0, conf=0: peers:[s3|rpc:localhost:46799|admin:localhost:45171|client:localhost:46547|dataStream:localhost:40281|priority:0|startupRole:FOLLOWER, s4|rpc:localhost:39419|admin:localhost:43995|client:localhost:41785|dataStream:localhost:46687|priority:0|startupRole:FOLLOWER, s0|rpc:localhost:42481|admin:localhost:44771|client:localhost:42743|dataStream:localhost:43981|priority:0|startupRole:FOLLOWER, s1|rpc:localhost:44073|admin:localhost:36871|client:localhost:39477|dataStream:localhost:35501|priority:0|startupRole:FOLLOWER, s2|rpc:localhost:38365|admin:localhost:35135|client:localhost:40537|dataStream:localhost:38285|priority:0|startupRole:FOLLOWER]|listeners:[], old=null RUNNING
2022-09-14 11:47:30,834 [MiniRaftCluster-1] INFO  server.RaftServer (RaftServerProxy.java:lambda$close$7(406)) - s3: close
2022-09-14 11:47:30,840 [s3-impl-thread1] INFO  server.RaftServer$Division (RaftServerImpl.java:lambda$close$4(454)) - s3@group-12AB68C5691F: shutdown
2022-09-14 11:47:30,840 [s3-impl-thread1] INFO  util.JmxRegister (JmxRegister.java:unregister(73)) - Successfully un-registered JMX Bean with object name Ratis:service=RaftServer,group=group-12AB68C5691F,id=s3
2022-09-14 11:47:30,840 [s3-impl-thread1] INFO  impl.RoleInfo (RoleInfo.java:shutdownFollowerState(110)) - s3: shutdown s3@group-12AB68C5691F-FollowerState
2022-09-14 11:47:30,840 [s3-impl-thread1] INFO  impl.StateMachineUpdater (StateMachineUpdater.java:stopAndJoin(154)) - s3@group-12AB68C5691F-StateMachineUpdater: set stopIndex = 0
2022-09-14 11:47:30,840 [s3@group-12AB68C5691F-FollowerState] INFO  impl.FollowerState (FollowerState.java:run(150)) - s3@group-12AB68C5691F-FollowerState was interrupted
2022-09-14 11:47:30,840 [s3-impl-thread1] INFO  server.RaftServer$Division (ServerState.java:close(412)) - s3@group-12AB68C5691F: applyIndex: 0
2022-09-14 11:47:30,842 [s3@group-12AB68C5691F-SegmentedRaftLogWorker] INFO  segmented.SegmentedRaftLogWorker (SegmentedRaftLogWorker.java:run(329)) - s3@group-12AB68C5691F-SegmentedRaftLogWorker was interrupted, exiting. There are 0 tasks remaining in the queue.
2022-09-14 11:47:30,844 [MiniRaftCluster-1] INFO  server.GrpcService (GrpcService.java:closeImpl(319)) - s3: shutdown server org.apache.ratis.grpc.server.GrpcClientProtocolService now
2022-09-14 11:47:30,841 [MiniRaftCluster-2] INFO  server.RaftServer (RaftServerProxy.java:lambda$close$7(406)) - s4: close
2022-09-14 11:47:30,847 [s3-impl-thread1] INFO  segmented.SegmentedRaftLogWorker (SegmentedRaftLogWorker.java:close(242)) - s3@group-12AB68C5691F-SegmentedRaftLogWorker close()
2022-09-14 11:47:30,848 [s4-impl-thread1] INFO  server.RaftServer$Division (RaftServerImpl.java:lambda$close$4(454)) - s4@group-12AB68C5691F: shutdown
2022-09-14 11:47:30,848 [s4-impl-thread1] INFO  util.JmxRegister (JmxRegister.java:unregister(73)) - Successfully un-registered JMX Bean with object name Ratis:service=RaftServer,group=group-12AB68C5691F,id=s4
2022-09-14 11:47:30,848 [s4-impl-thread1] INFO  impl.RoleInfo (RoleInfo.java:shutdownFollowerState(110)) - s4: shutdown s4@group-12AB68C5691F-FollowerState
2022-09-14 11:47:30,848 [s4@group-12AB68C5691F-FollowerState] INFO  impl.FollowerState (FollowerState.java:run(150)) - s4@group-12AB68C5691F-FollowerState was interrupted
2022-09-14 11:47:30,849 [MiniRaftCluster-4] INFO  server.RaftServer (RaftServerProxy.java:lambda$close$7(406)) - s1: close
2022-09-14 11:47:30,850 [s1-impl-thread1] INFO  server.RaftServer$Division (RaftServerImpl.java:lambda$close$4(454)) - s1@group-12AB68C5691F: shutdown
2022-09-14 11:47:30,850 [s1-impl-thread1] INFO  util.JmxRegister (JmxRegister.java:unregister(73)) - Successfully un-registered JMX Bean with object name Ratis:service=RaftServer,group=group-12AB68C5691F,id=s1
2022-09-14 11:47:30,850 [s1-impl-thread1] INFO  impl.RoleInfo (RoleInfo.java:shutdownFollowerState(110)) - s1: shutdown s1@group-12AB68C5691F-FollowerState
2022-09-14 11:47:30,850 [s1@group-12AB68C5691F-FollowerState] INFO  impl.FollowerState (FollowerState.java:run(150)) - s1@group-12AB68C5691F-FollowerState was interrupted
2022-09-14 11:47:30,854 [MiniRaftCluster-3] INFO  server.RaftServer (RaftServerProxy.java:lambda$close$7(406)) - s0: close
2022-09-14 11:47:30,855 [s0-impl-thread1] INFO  server.RaftServer$Division (RaftServerImpl.java:lambda$close$4(454)) - s0@group-12AB68C5691F: shutdown
2022-09-14 11:47:30,848 [s4-impl-thread1] INFO  impl.StateMachineUpdater (StateMachineUpdater.java:stopAndJoin(154)) - s4@group-12AB68C5691F-StateMachineUpdater: set stopIndex = 0
2022-09-14 11:47:30,855 [s4-impl-thread1] INFO  server.RaftServer$Division (ServerState.java:close(412)) - s4@group-12AB68C5691F: applyIndex: 0
2022-09-14 11:47:30,855 [s4@group-12AB68C5691F-SegmentedRaftLogWorker] INFO  segmented.SegmentedRaftLogWorker (SegmentedRaftLogWorker.java:run(329)) - s4@group-12AB68C5691F-SegmentedRaftLogWorker was interrupted, exiting. There are 0 tasks remaining in the queue.
2022-09-14 11:47:30,847 [MiniRaftCluster-2] INFO  server.GrpcService (GrpcService.java:closeImpl(319)) - s4: shutdown server org.apache.ratis.grpc.server.GrpcClientProtocolService now
2022-09-14 11:47:30,855 [MiniRaftCluster-3] INFO  server.GrpcService (GrpcService.java:closeImpl(319)) - s0: shutdown server org.apache.ratis.grpc.server.GrpcClientProtocolService now
2022-09-14 11:47:30,855 [s0-impl-thread1] INFO  util.JmxRegister (JmxRegister.java:unregister(73)) - Successfully un-registered JMX Bean with object name Ratis:service=RaftServer,group=group-12AB68C5691F,id=s0
2022-09-14 11:47:30,855 [s0-impl-thread1] INFO  impl.RoleInfo (RoleInfo.java:shutdownFollowerState(110)) - s0: shutdown s0@group-12AB68C5691F-FollowerState
2022-09-14 11:47:30,855 [s0-impl-thread1] INFO  impl.StateMachineUpdater (StateMachineUpdater.java:stopAndJoin(154)) - s0@group-12AB68C5691F-StateMachineUpdater: set stopIndex = 0
2022-09-14 11:47:30,856 [s0@group-12AB68C5691F-FollowerState] INFO  impl.FollowerState (FollowerState.java:run(150)) - s0@group-12AB68C5691F-FollowerState was interrupted
2022-09-14 11:47:30,856 [s0-impl-thread1] INFO  server.RaftServer$Division (ServerState.java:close(412)) - s0@group-12AB68C5691F: applyIndex: 0
2022-09-14 11:47:30,857 [s0@group-12AB68C5691F-SegmentedRaftLogWorker] INFO  segmented.SegmentedRaftLogWorker (SegmentedRaftLogWorker.java:run(329)) - s0@group-12AB68C5691F-SegmentedRaftLogWorker was interrupted, exiting. There are 0 tasks remaining in the queue.
2022-09-14 11:47:30,850 [s1-impl-thread1] INFO  impl.StateMachineUpdater (StateMachineUpdater.java:stopAndJoin(154)) - s1@group-12AB68C5691F-StateMachineUpdater: set stopIndex = 0
2022-09-14 11:47:30,857 [s1-impl-thread1] INFO  server.RaftServer$Division (ServerState.java:close(412)) - s1@group-12AB68C5691F: applyIndex: 0
2022-09-14 11:47:30,861 [s1@group-12AB68C5691F-SegmentedRaftLogWorker] INFO  segmented.SegmentedRaftLogWorker (SegmentedRaftLogWorker.java:run(329)) - s1@group-12AB68C5691F-SegmentedRaftLogWorker was interrupted, exiting. There are 0 tasks remaining in the queue.
2022-09-14 11:47:30,850 [MiniRaftCluster-4] INFO  server.GrpcService (GrpcService.java:closeImpl(319)) - s1: shutdown server org.apache.ratis.grpc.server.GrpcClientProtocolService now
2022-09-14 11:47:30,863 [s1-impl-thread1] INFO  segmented.SegmentedRaftLogWorker (SegmentedRaftLogWorker.java:close(242)) - s1@group-12AB68C5691F-SegmentedRaftLogWorker close()
2022-09-14 11:47:30,863 [s0-impl-thread1] INFO  segmented.SegmentedRaftLogWorker (SegmentedRaftLogWorker.java:close(242)) - s0@group-12AB68C5691F-SegmentedRaftLogWorker close()
2022-09-14 11:47:30,866 [MiniRaftCluster-5] INFO  server.RaftServer (RaftServerProxy.java:lambda$close$7(406)) - s2: close
2022-09-14 11:47:30,867 [s4-impl-thread1] INFO  segmented.SegmentedRaftLogWorker (SegmentedRaftLogWorker.java:close(242)) - s4@group-12AB68C5691F-SegmentedRaftLogWorker close()
2022-09-14 11:47:30,866 [MiniRaftCluster-1] INFO  server.GrpcServerProtocolClient (GrpcServerProtocolClient.java:close(110)) - s4 Close channels
2022-09-14 11:47:30,871 [MiniRaftCluster-4] INFO  server.GrpcServerProtocolClient (GrpcServerProtocolClient.java:close(110)) - s3 Close channels
2022-09-14 11:47:30,870 [MiniRaftCluster-2] INFO  server.GrpcServerProtocolClient (GrpcServerProtocolClient.java:close(110)) - s3 Close channels
2022-09-14 11:47:30,871 [ForkJoinPool.commonPool-worker-3] INFO  server.GrpcServerProtocolClient (GrpcServerProtocolClient.java:close(110)) - s0 Close channels
2022-09-14 11:47:30,870 [MiniRaftCluster-3] INFO  server.GrpcServerProtocolClient (GrpcServerProtocolClient.java:close(110)) - s3 Close channels
2022-09-14 11:47:30,869 [MiniRaftCluster-5] INFO  server.GrpcService (GrpcService.java:closeImpl(319)) - s2: shutdown server org.apache.ratis.grpc.server.GrpcClientProtocolService now
2022-09-14 11:47:30,869 [s2-impl-thread1] INFO  server.RaftServer$Division (RaftServerImpl.java:lambda$close$4(454)) - s2@group-12AB68C5691F: shutdown
2022-09-14 11:47:30,872 [s2-impl-thread1] INFO  util.JmxRegister (JmxRegister.java:unregister(73)) - Successfully un-registered JMX Bean with object name Ratis:service=RaftServer,group=group-12AB68C5691F,id=s2
2022-09-14 11:47:30,872 [s2-impl-thread1] INFO  impl.RoleInfo (RoleInfo.java:shutdownLeaderState(93)) - s2: shutdown s2@group-12AB68C5691F-LeaderStateImpl
2022-09-14 11:47:30,872 [s2-impl-thread1] INFO  impl.PendingRequests (PendingRequests.java:sendNotLeaderResponses(282)) - s2@group-12AB68C5691F-PendingRequests: sendNotLeaderResponses
2022-09-14 11:47:30,872 [s2@group-12AB68C5691F->s3-GrpcLogAppender-LogAppenderDaemon] WARN  server.GrpcLogAppender (GrpcLogAppender.java:mayWait(190)) - s2@group-12AB68C5691F->s3-GrpcLogAppender: Wait interrupted by java.lang.InterruptedException
2022-09-14 11:47:30,872 [s2-impl-thread1] INFO  impl.StateMachineUpdater (StateMachineUpdater.java:stopAndJoin(154)) - s2@group-12AB68C5691F-StateMachineUpdater: set stopIndex = 0
2022-09-14 11:47:30,872 [s2@group-12AB68C5691F->s4-GrpcLogAppender-LogAppenderDaemon] WARN  server.GrpcLogAppender (GrpcLogAppender.java:mayWait(190)) - s2@group-12AB68C5691F->s4-GrpcLogAppender: Wait interrupted by java.lang.InterruptedException
2022-09-14 11:47:30,872 [s2-impl-thread1] INFO  server.RaftServer$Division (ServerState.java:close(412)) - s2@group-12AB68C5691F: applyIndex: 0
2022-09-14 11:47:30,872 [s2@group-12AB68C5691F->s1-GrpcLogAppender-LogAppenderDaemon] WARN  server.GrpcLogAppender (GrpcLogAppender.java:mayWait(190)) - s2@group-12AB68C5691F->s1-GrpcLogAppender: Wait interrupted by java.lang.InterruptedException
2022-09-14 11:47:30,873 [s2@group-12AB68C5691F-SegmentedRaftLogWorker] INFO  segmented.SegmentedRaftLogWorker (SegmentedRaftLogWorker.java:run(329)) - s2@group-12AB68C5691F-SegmentedRaftLogWorker was interrupted, exiting. There are 0 tasks remaining in the queue.
2022-09-14 11:47:30,872 [s2@group-12AB68C5691F->s0-GrpcLogAppender-LogAppenderDaemon] WARN  server.GrpcLogAppender (GrpcLogAppender.java:mayWait(190)) - s2@group-12AB68C5691F->s0-GrpcLogAppender: Wait interrupted by java.lang.InterruptedException
2022-09-14 11:47:30,874 [grpc-default-executor-11] INFO  server.GrpcServerProtocolService (GrpcServerProtocolService.java:onCompleted(145)) - s0: Completed APPEND_ENTRIES, lastRequest: s2->s0#1-t2,previous=(t:0, i:0),leaderCommit=-1,initializing? true,entries: size=1, first=(t:2, i:0), CONFIGURATIONENTRY(current:id: "s3"
address: "localhost:46799"
dataStreamAddress: "localhost:40281"
clientAddress: "localhost:46547"
adminAddress: "localhost:45171"
startupRole: FOLLOWER
,id: "s4"
address: "localhost:39419"
dataStreamAddress: "localhost:46687"
clientAddress: "localhost:41785"
adminAddress: "localhost:43995"
startupRole: FOLLOWER
,id: "s0"
address: "localhost:42481"
dataStreamAddress: "localhost:43981"
clientAddress: "localhost:42743"
adminAddress: "localhost:44771"
startupRole: FOLLOWER
,id: "s1"
address: "localhost:44073"
dataStreamAddress: "localhost:35501"
clientAddress: "localhost:39477"
adminAddress: "localhost:36871"
startupRole: FOLLOWER
,id: "s2"
address: "localhost:38365"
dataStreamAddress: "localhost:38285"
clientAddress: "localhost:40537"
adminAddress: "localhost:35135"
startupRole: FOLLOWER
, old:)
2022-09-14 11:47:30,874 [grpc-default-executor-39] INFO  server.GrpcServerProtocolService (GrpcServerProtocolService.java:onCompleted(145)) - s3: Completed APPEND_ENTRIES, lastRequest: null
2022-09-14 11:47:30,874 [grpc-default-executor-19] INFO  server.GrpcServerProtocolService (GrpcServerProtocolService.java:onCompleted(145)) - s0: Completed APPEND_ENTRIES, lastRequest: null
2022-09-14 11:47:30,874 [grpc-default-executor-39] INFO  server.GrpcServerProtocolService (GrpcServerProtocolService.java:onCompleted(145)) - s1: Completed APPEND_ENTRIES, lastRequest: s2->s1#1-t2,previous=(t:0, i:0),leaderCommit=0,initializing? true,entries: size=1, first=(t:2, i:0), CONFIGURATIONENTRY(current:id: "s3"
address: "localhost:46799"
dataStreamAddress: "localhost:40281"
clientAddress: "localhost:46547"
adminAddress: "localhost:45171"
startupRole: FOLLOWER
,id: "s4"
address: "localhost:39419"
dataStreamAddress: "localhost:46687"
clientAddress: "localhost:41785"
adminAddress: "localhost:43995"
startupRole: FOLLOWER
,id: "s0"
address: "localhost:42481"
dataStreamAddress: "localhost:43981"
clientAddress: "localhost:42743"
adminAddress: "localhost:44771"
startupRole: FOLLOWER
,id: "s1"
address: "localhost:44073"
dataStreamAddress: "localhost:35501"
clientAddress: "localhost:39477"
adminAddress: "localhost:36871"
startupRole: FOLLOWER
,id: "s2"
address: "localhost:38365"
dataStreamAddress: "localhost:38285"
clientAddress: "localhost:40537"
adminAddress: "localhost:35135"
startupRole: FOLLOWER
, old:)
2022-09-14 11:47:30,881 [grpc-default-executor-46] INFO  server.GrpcServerProtocolService (GrpcServerProtocolService.java:onCompleted(145)) - s1: Completed APPEND_ENTRIES, lastRequest: null
2022-09-14 11:47:30,878 [grpc-default-executor-19] INFO  server.GrpcServerProtocolService (GrpcServerProtocolService.java:onCompleted(145)) - s4: Completed APPEND_ENTRIES, lastRequest: s2->s4#360-t2,previous=(t:0, i:0),leaderCommit=0,initializing? true,entries: size=1, first=(t:2, i:0), CONFIGURATIONENTRY(current:id: "s3"
address: "localhost:46799"
dataStreamAddress: "localhost:40281"
clientAddress: "localhost:46547"
adminAddress: "localhost:45171"
startupRole: FOLLOWER
,id: "s4"
address: "localhost:39419"
dataStreamAddress: "localhost:46687"
clientAddress: "localhost:41785"
adminAddress: "localhost:43995"
startupRole: FOLLOWER
,id: "s0"
address: "localhost:42481"
dataStreamAddress: "localhost:43981"
clientAddress: "localhost:42743"
adminAddress: "localhost:44771"
startupRole: FOLLOWER
,id: "s1"
address: "localhost:44073"
dataStreamAddress: "localhost:35501"
clientAddress: "localhost:39477"
adminAddress: "localhost:36871"
startupRole: FOLLOWER
,id: "s2"
address: "localhost:38365"
dataStreamAddress: "localhost:38285"
clientAddress: "localhost:40537"
adminAddress: "localhost:35135"
startupRole: FOLLOWER
, old:)
2022-09-14 11:47:30,876 [grpc-default-executor-37] INFO  server.GrpcServerProtocolService (GrpcServerProtocolService.java:onCompleted(145)) - s4: Completed APPEND_ENTRIES, lastRequest: null
2022-09-14 11:47:30,876 [s2-impl-thread1] INFO  segmented.SegmentedRaftLogWorker (SegmentedRaftLogWorker.java:close(242)) - s2@group-12AB68C5691F-SegmentedRaftLogWorker close()
2022-09-14 11:47:30,883 [grpc-default-executor-11] INFO  server.GrpcServerProtocolService (GrpcServerProtocolService.java:onCompleted(145)) - s3: Completed APPEND_ENTRIES, lastRequest: s2->s3#1-t2,previous=(t:0, i:0),leaderCommit=-1,initializing? true,entries: size=1, first=(t:2, i:0), CONFIGURATIONENTRY(current:id: "s3"
address: "localhost:46799"
dataStreamAddress: "localhost:40281"
clientAddress: "localhost:46547"
adminAddress: "localhost:45171"
startupRole: FOLLOWER
,id: "s4"
address: "localhost:39419"
dataStreamAddress: "localhost:46687"
clientAddress: "localhost:41785"
adminAddress: "localhost:43995"
startupRole: FOLLOWER
,id: "s0"
address: "localhost:42481"
dataStreamAddress: "localhost:43981"
clientAddress: "localhost:42743"
adminAddress: "localhost:44771"
startupRole: FOLLOWER
,id: "s1"
address: "localhost:44073"
dataStreamAddress: "localhost:35501"
clientAddress: "localhost:39477"
adminAddress: "localhost:36871"
startupRole: FOLLOWER
,id: "s2"
address: "localhost:38365"
dataStreamAddress: "localhost:38285"
clientAddress: "localhost:40537"
adminAddress: "localhost:35135"
startupRole: FOLLOWER
, old:)
2022-09-14 11:47:30,884 [MiniRaftCluster-5] INFO  server.GrpcServerProtocolClient (GrpcServerProtocolClient.java:close(110)) - s3 Close channels
2022-09-14 11:47:30,885 [ForkJoinPool.commonPool-worker-3] INFO  server.GrpcServerProtocolClient (GrpcServerProtocolClient.java:close(110)) - s1 Close channels
2022-09-14 11:47:30,890 [MiniRaftCluster-3] INFO  server.GrpcServerProtocolClient (GrpcServerProtocolClient.java:close(110)) - s4 Close channels
2022-09-14 11:47:30,890 [MiniRaftCluster-4] INFO  server.GrpcServerProtocolClient (GrpcServerProtocolClient.java:close(110)) - s4 Close channels
2022-09-14 11:47:30,891 [grpc-default-executor-37] INFO  server.GrpcLogAppender (GrpcLogAppender.java:onCompleted(403)) - s2@group-12AB68C5691F->s3-AppendLogResponseHandler: follower responses appendEntries COMPLETED
2022-09-14 11:47:30,891 [grpc-default-executor-37] WARN  server.GrpcLogAppender (GrpcLogAppender.java:resetClient(128)) - s2@group-12AB68C5691F->s3-GrpcLogAppender: Failed to getClient for s3
org.apache.ratis.protocol.exceptions.AlreadyClosedException: s2 is already CLOSED
	at org.apache.ratis.util.PeerProxyMap$PeerAndProxy.getProxy(PeerProxyMap.java:61)
	at org.apache.ratis.util.PeerProxyMap.getProxy(PeerProxyMap.java:115)
	at org.apache.ratis.grpc.server.GrpcLogAppender.getClient(GrpcLogAppender.java:107)
	at org.apache.ratis.grpc.server.GrpcLogAppender.resetClient(GrpcLogAppender.java:112)
	at org.apache.ratis.grpc.server.GrpcLogAppender.access$500(GrpcLogAppender.java:56)
	at org.apache.ratis.grpc.server.GrpcLogAppender$AppendLogResponseHandler.onCompleted(GrpcLogAppender.java:404)
	at org.apache.ratis.thirdparty.io.grpc.stub.ClientCalls$StreamObserverToCallListenerAdapter.onClose(ClientCalls.java:485)
	at org.apache.ratis.thirdparty.io.grpc.internal.ClientCallImpl.closeObserver(ClientCallImpl.java:562)
	at org.apache.ratis.thirdparty.io.grpc.internal.ClientCallImpl.access$300(ClientCallImpl.java:70)
	at org.apache.ratis.thirdparty.io.grpc.internal.ClientCallImpl$ClientStreamListenerImpl$1StreamClosed.runInternal(ClientCallImpl.java:743)
	at org.apache.ratis.thirdparty.io.grpc.internal.ClientCallImpl$ClientStreamListenerImpl$1StreamClosed.runInContext(ClientCallImpl.java:722)
	at org.apache.ratis.thirdparty.io.grpc.internal.ContextRunnable.run(ContextRunnable.java:37)
	at org.apache.ratis.thirdparty.io.grpc.internal.SerializingExecutor.run(SerializingExecutor.java:133)
	at java.base/java.util.concurrent.ThreadPoolExecutor.runWorker(ThreadPoolExecutor.java:1128)
	at java.base/java.util.concurrent.ThreadPoolExecutor$Worker.run(ThreadPoolExecutor.java:628)
	at java.base/java.lang.Thread.run(Thread.java:829)
2022-09-14 11:47:30,892 [grpc-default-executor-19] INFO  server.GrpcLogAppender (GrpcLogAppender.java:onCompleted(403)) - s2@group-12AB68C5691F->s1-AppendLogResponseHandler: follower responses appendEntries COMPLETED
2022-09-14 11:47:30,892 [grpc-default-executor-19] INFO  leader.FollowerInfo (FollowerInfoImpl.java:lambda$new$0(48)) - s2@group-12AB68C5691F->s1: nextIndex: updateUnconditionally 1 -> 0
2022-09-14 11:47:30,892 [grpc-default-executor-19] INFO  server.GrpcLogAppender (GrpcLogAppender.java:onCompleted(403)) - s2@group-12AB68C5691F->s4-AppendLogResponseHandler: follower responses appendEntries COMPLETED
2022-09-14 11:47:30,892 [grpc-default-executor-19] INFO  leader.FollowerInfo (FollowerInfoImpl.java:lambda$new$0(48)) - s2@group-12AB68C5691F->s4: nextIndex: updateUnconditionally 1 -> 0
2022-09-14 11:47:30,893 [grpc-default-executor-37] INFO  server.GrpcLogAppender (GrpcLogAppender.java:onCompleted(403)) - s2@group-12AB68C5691F->s0-AppendLogResponseHandler: follower responses appendEntries COMPLETED
2022-09-14 11:47:30,893 [grpc-default-executor-37] INFO  leader.FollowerInfo (FollowerInfoImpl.java:lambda$new$0(48)) - s2@group-12AB68C5691F->s0: nextIndex: updateUnconditionally 1 -> 0
2022-09-14 11:47:30,893 [grpc-default-executor-19] INFO  server.GrpcLogAppender (GrpcLogAppender.java:onCompleted(403)) - s2@group-12AB68C5691F->s3-AppendLogResponseHandler: follower responses appendEntries COMPLETED
2022-09-14 11:47:30,893 [grpc-default-executor-19] WARN  server.GrpcLogAppender (GrpcLogAppender.java:resetClient(128)) - s2@group-12AB68C5691F->s3-GrpcLogAppender: Failed to getClient for s3
org.apache.ratis.protocol.exceptions.AlreadyClosedException: s2 is already CLOSED
	at org.apache.ratis.util.PeerProxyMap$PeerAndProxy.getProxy(PeerProxyMap.java:61)
	at org.apache.ratis.util.PeerProxyMap.getProxy(PeerProxyMap.java:115)
	at org.apache.ratis.grpc.server.GrpcLogAppender.getClient(GrpcLogAppender.java:107)
	at org.apache.ratis.grpc.server.GrpcLogAppender.resetClient(GrpcLogAppender.java:112)
	at org.apache.ratis.grpc.server.GrpcLogAppender.access$500(GrpcLogAppender.java:56)
	at org.apache.ratis.grpc.server.GrpcLogAppender$AppendLogResponseHandler.onCompleted(GrpcLogAppender.java:404)
	at org.apache.ratis.thirdparty.io.grpc.stub.ClientCalls$StreamObserverToCallListenerAdapter.onClose(ClientCalls.java:485)
	at org.apache.ratis.thirdparty.io.grpc.internal.ClientCallImpl.closeObserver(ClientCallImpl.java:562)
	at org.apache.ratis.thirdparty.io.grpc.internal.ClientCallImpl.access$300(ClientCallImpl.java:70)
	at org.apache.ratis.thirdparty.io.grpc.internal.ClientCallImpl$ClientStreamListenerImpl$1StreamClosed.runInternal(ClientCallImpl.java:743)
	at org.apache.ratis.thirdparty.io.grpc.internal.ClientCallImpl$ClientStreamListenerImpl$1StreamClosed.runInContext(ClientCallImpl.java:722)
	at org.apache.ratis.thirdparty.io.grpc.internal.ContextRunnable.run(ContextRunnable.java:37)
	at org.apache.ratis.thirdparty.io.grpc.internal.SerializingExecutor.run(SerializingExecutor.java:133)
	at java.base/java.util.concurrent.ThreadPoolExecutor.runWorker(ThreadPoolExecutor.java:1128)
	at java.base/java.util.concurrent.ThreadPoolExecutor$Worker.run(ThreadPoolExecutor.java:628)
	at java.base/java.lang.Thread.run(Thread.java:829)
2022-09-14 11:47:30,894 [grpc-default-executor-37] INFO  server.GrpcLogAppender (GrpcLogAppender.java:onCompleted(403)) - s2@group-12AB68C5691F->s4-AppendLogResponseHandler: follower responses appendEntries COMPLETED
2022-09-14 11:47:30,894 [grpc-default-executor-37] INFO  leader.FollowerInfo (FollowerInfoImpl.java:lambda$new$0(48)) - s2@group-12AB68C5691F->s4: nextIndex: updateUnconditionally 0 -> 0
2022-09-14 11:47:30,894 [grpc-default-executor-19] INFO  server.GrpcLogAppender (GrpcLogAppender.java:onCompleted(403)) - s2@group-12AB68C5691F->s0-AppendLogResponseHandler: follower responses appendEntries COMPLETED
2022-09-14 11:47:30,894 [grpc-default-executor-19] INFO  leader.FollowerInfo (FollowerInfoImpl.java:lambda$new$0(48)) - s2@group-12AB68C5691F->s0: nextIndex: updateUnconditionally 0 -> 0
2022-09-14 11:47:30,896 [MiniRaftCluster-2] INFO  server.GrpcServerProtocolClient (GrpcServerProtocolClient.java:close(110)) - s0 Close channels
2022-09-14 11:47:30,896 [grpc-default-executor-11] INFO  server.GrpcLogAppender (GrpcLogAppender.java:onCompleted(403)) - s2@group-12AB68C5691F->s1-AppendLogResponseHandler: follower responses appendEntries COMPLETED
2022-09-14 11:47:30,896 [grpc-default-executor-11] INFO  leader.FollowerInfo (FollowerInfoImpl.java:lambda$new$0(48)) - s2@group-12AB68C5691F->s1: nextIndex: updateUnconditionally 0 -> 0
2022-09-14 11:47:30,897 [MiniRaftCluster-3] INFO  server.GrpcServerProtocolClient (GrpcServerProtocolClient.java:close(110)) - s1 Close channels
2022-09-14 11:47:30,898 [ForkJoinPool.commonPool-worker-3] INFO  server.GrpcServerProtocolClient (GrpcServerProtocolClient.java:close(110)) - s2 Close channels
2022-09-14 11:47:30,899 [MiniRaftCluster-5] INFO  server.GrpcServerProtocolClient (GrpcServerProtocolClient.java:close(110)) - s4 Close channels
2022-09-14 11:47:30,900 [MiniRaftCluster-2] INFO  server.GrpcServerProtocolClient (GrpcServerProtocolClient.java:close(110)) - s1 Close channels
2022-09-14 11:47:30,900 [MiniRaftCluster-3] INFO  server.GrpcServerProtocolClient (GrpcServerProtocolClient.java:close(110)) - s2 Close channels
2022-09-14 11:47:30,901 [MiniRaftCluster-1] INFO  server.GrpcService (GrpcService.java:closeImpl(328)) - s3: shutdown server org.apache.ratis.grpc.server.GrpcClientProtocolService successfully
2022-09-14 11:47:30,901 [MiniRaftCluster-1] INFO  server.GrpcService (GrpcService.java:closeImpl(319)) - s3: shutdown server GrpcServerProtocolService now
2022-09-14 11:47:30,902 [ForkJoinPool.commonPool-worker-3] INFO  server.GrpcServerProtocolClient (GrpcServerProtocolClient.java:close(110)) - s0 Close channels
2022-09-14 11:47:30,904 [MiniRaftCluster-1] INFO  server.GrpcService (GrpcService.java:closeImpl(328)) - s3: shutdown server GrpcServerProtocolService successfully
2022-09-14 11:47:30,904 [MiniRaftCluster-1] INFO  server.GrpcService (GrpcService.java:closeImpl(319)) - s3: shutdown server org.apache.ratis.grpc.server.GrpcAdminProtocolService now
2022-09-14 11:47:30,904 [MiniRaftCluster-1] INFO  server.GrpcService (GrpcService.java:closeImpl(328)) - s3: shutdown server org.apache.ratis.grpc.server.GrpcAdminProtocolService successfully
2022-09-14 11:47:30,905 [JvmPauseMonitor0] INFO  util.JvmPauseMonitor (JvmPauseMonitor.java:run(111)) - JvmPauseMonitor-s3: Stopped
2022-09-14 11:47:30,907 [MiniRaftCluster-3] INFO  server.GrpcService (GrpcService.java:closeImpl(328)) - s0: shutdown server org.apache.ratis.grpc.server.GrpcClientProtocolService successfully
2022-09-14 11:47:30,907 [MiniRaftCluster-3] INFO  server.GrpcService (GrpcService.java:closeImpl(319)) - s0: shutdown server GrpcServerProtocolService now
2022-09-14 11:47:30,911 [MiniRaftCluster-2] INFO  server.GrpcServerProtocolClient (GrpcServerProtocolClient.java:close(110)) - s2 Close channels
2022-09-14 11:47:30,911 [MiniRaftCluster-5] INFO  server.GrpcServerProtocolClient (GrpcServerProtocolClient.java:close(110)) - s0 Close channels
2022-09-14 11:47:30,912 [ForkJoinPool.commonPool-worker-3] INFO  server.GrpcServerProtocolClient (GrpcServerProtocolClient.java:close(110)) - s2 Close channels
2022-09-14 11:47:30,912 [MiniRaftCluster-3] INFO  server.GrpcService (GrpcService.java:closeImpl(328)) - s0: shutdown server GrpcServerProtocolService successfully
2022-09-14 11:47:30,912 [MiniRaftCluster-3] INFO  server.GrpcService (GrpcService.java:closeImpl(319)) - s0: shutdown server org.apache.ratis.grpc.server.GrpcAdminProtocolService now
2022-09-14 11:47:30,912 [MiniRaftCluster-3] INFO  server.GrpcService (GrpcService.java:closeImpl(328)) - s0: shutdown server org.apache.ratis.grpc.server.GrpcAdminProtocolService successfully
2022-09-14 11:47:30,912 [MiniRaftCluster-2] INFO  server.GrpcService (GrpcService.java:closeImpl(328)) - s4: shutdown server org.apache.ratis.grpc.server.GrpcClientProtocolService successfully
2022-09-14 11:47:30,912 [MiniRaftCluster-2] INFO  server.GrpcService (GrpcService.java:closeImpl(319)) - s4: shutdown server GrpcServerProtocolService now
2022-09-14 11:47:30,913 [JvmPauseMonitor2] INFO  util.JvmPauseMonitor (JvmPauseMonitor.java:run(111)) - JvmPauseMonitor-s0: Stopped
2022-09-14 11:47:30,915 [MiniRaftCluster-2] INFO  server.GrpcService (GrpcService.java:closeImpl(328)) - s4: shutdown server GrpcServerProtocolService successfully
2022-09-14 11:47:30,915 [MiniRaftCluster-2] INFO  server.GrpcService (GrpcService.java:closeImpl(319)) - s4: shutdown server org.apache.ratis.grpc.server.GrpcAdminProtocolService now
2022-09-14 11:47:30,915 [MiniRaftCluster-4] INFO  server.GrpcService (GrpcService.java:closeImpl(328)) - s1: shutdown server org.apache.ratis.grpc.server.GrpcClientProtocolService successfully
2022-09-14 11:47:30,915 [MiniRaftCluster-4] INFO  server.GrpcService (GrpcService.java:closeImpl(319)) - s1: shutdown server GrpcServerProtocolService now
2022-09-14 11:47:30,915 [MiniRaftCluster-2] INFO  server.GrpcService (GrpcService.java:closeImpl(328)) - s4: shutdown server org.apache.ratis.grpc.server.GrpcAdminProtocolService successfully
2022-09-14 11:47:30,918 [JvmPauseMonitor1] INFO  util.JvmPauseMonitor (JvmPauseMonitor.java:run(111)) - JvmPauseMonitor-s4: Stopped
2022-09-14 11:47:30,920 [MiniRaftCluster-4] INFO  server.GrpcService (GrpcService.java:closeImpl(328)) - s1: shutdown server GrpcServerProtocolService successfully
2022-09-14 11:47:30,920 [MiniRaftCluster-4] INFO  server.GrpcService (GrpcService.java:closeImpl(319)) - s1: shutdown server org.apache.ratis.grpc.server.GrpcAdminProtocolService now
2022-09-14 11:47:30,920 [MiniRaftCluster-5] INFO  server.GrpcServerProtocolClient (GrpcServerProtocolClient.java:close(110)) - s1 Close channels
2022-09-14 11:47:30,920 [MiniRaftCluster-5] INFO  server.GrpcService (GrpcService.java:closeImpl(328)) - s2: shutdown server org.apache.ratis.grpc.server.GrpcClientProtocolService successfully
2022-09-14 11:47:30,921 [MiniRaftCluster-5] INFO  server.GrpcService (GrpcService.java:closeImpl(319)) - s2: shutdown server GrpcServerProtocolService now
2022-09-14 11:47:30,921 [MiniRaftCluster-4] INFO  server.GrpcService (GrpcService.java:closeImpl(328)) - s1: shutdown server org.apache.ratis.grpc.server.GrpcAdminProtocolService successfully
2022-09-14 11:47:30,922 [JvmPauseMonitor3] INFO  util.JvmPauseMonitor (JvmPauseMonitor.java:run(111)) - JvmPauseMonitor-s1: Stopped
2022-09-14 11:47:30,923 [MiniRaftCluster-5] INFO  server.GrpcService (GrpcService.java:closeImpl(328)) - s2: shutdown server GrpcServerProtocolService successfully
2022-09-14 11:47:30,923 [MiniRaftCluster-5] INFO  server.GrpcService (GrpcService.java:closeImpl(319)) - s2: shutdown server org.apache.ratis.grpc.server.GrpcAdminProtocolService now
2022-09-14 11:47:30,928 [MiniRaftCluster-5] INFO  server.GrpcService (GrpcService.java:closeImpl(328)) - s2: shutdown server org.apache.ratis.grpc.server.GrpcAdminProtocolService successfully
2022-09-14 11:47:30,929 [JvmPauseMonitor4] INFO  util.JvmPauseMonitor (JvmPauseMonitor.java:run(111)) - JvmPauseMonitor-s2: Stopped
2022-09-14 11:47:30,929 [Time-limited test] INFO  impl.MiniRaftCluster (MiniRaftCluster.java:shutdown(855)) - MiniRaftClusterWithGrpc shutdown completed
]]></system-out>
    <system-err><![CDATA[SLF4J: Class path contains multiple SLF4J bindings.
SLF4J: Found binding in [jar:file:/home/runner/.m2/repository/org/slf4j/slf4j-log4j12/1.7.29/slf4j-log4j12-1.7.29.jar!/org/slf4j/impl/StaticLoggerBinder.class]
SLF4J: Found binding in [jar:file:/home/runner/.m2/repository/org/slf4j/slf4j-simple/1.7.29/slf4j-simple-1.7.29.jar!/org/slf4j/impl/StaticLoggerBinder.class]
SLF4J: See http://www.slf4j.org/codes.html#multiple_bindings for an explanation.
SLF4J: Actual binding is of type [org.slf4j.impl.Log4jLoggerFactory]
]]></system-err>
  </testcase>
  <testcase name="testDisconnectLeader" classname="org.apache.ratis.grpc.TestLeaderElectionWithGrpc" time="2.343"/>
  <testcase name="testRemoveListener" classname="org.apache.ratis.grpc.TestLeaderElectionWithGrpc" time="0.666"/>
  <testcase name="testLostMajorityHeartbeats" classname="org.apache.ratis.grpc.TestLeaderElectionWithGrpc" time="1.351"/>
  <testcase name="testLateServerStart" classname="org.apache.ratis.grpc.TestLeaderElectionWithGrpc" time="4.534"/>
  <testcase name="testListenerNotStartLeaderElection" classname="org.apache.ratis.grpc.TestLeaderElectionWithGrpc" time="1.209"/>
  <testcase name="testPreVote" classname="org.apache.ratis.grpc.TestLeaderElectionWithGrpc" time="4.587"/>
  <testcase name="testListenerRejectRequestVote" classname="org.apache.ratis.grpc.TestLeaderElectionWithGrpc" time="0.594"/>
  <testcase name="testAddListener" classname="org.apache.ratis.grpc.TestLeaderElectionWithGrpc" time="0.687"/>
  <testcase name="testTransferLeaderTimeout" classname="org.apache.ratis.grpc.TestLeaderElectionWithGrpc" time="5.656"/>
  <testcase name="testBasicLeaderElection" classname="org.apache.ratis.grpc.TestLeaderElectionWithGrpc" time="5.686"/>
  <testcase name="testChangeFollowerToListener" classname="org.apache.ratis.grpc.TestLeaderElectionWithGrpc" time="0.705"/>
  <testcase name="testTransferLeader" classname="org.apache.ratis.grpc.TestLeaderElectionWithGrpc" time="1.771"/>
  <testcase name="testPauseResumeLeaderElection" classname="org.apache.ratis.grpc.TestLeaderElectionWithGrpc" time="1.086"/>
  <testcase name="testChangeLeader" classname="org.apache.ratis.grpc.TestLeaderElectionWithGrpc" time="6.772"/>
  <testcase name="testChangeListenerToFollower" classname="org.apache.ratis.grpc.TestLeaderElectionWithGrpc" time="0.536"/>
  <testcase name="testShutdownBeforeStart" classname="org.apache.ratis.grpc.TestLeaderElectionWithGrpc" time="2.205"/>
  <testcase name="testLeaderNotCountListenerForMajority" classname="org.apache.ratis.grpc.TestLeaderElectionWithGrpc" time="0.973"/>
  <testcase name="testImmediatelyRevertedToFollower" classname="org.apache.ratis.grpc.TestLeaderElectionWithGrpc" time="0.005"/>
  <testcase name="testLeaderElectionMetrics" classname="org.apache.ratis.grpc.TestLeaderElectionWithGrpc" time="0.553"/>
</testsuite>