<?xml version="1.0" encoding="UTF-8"?>
<testsuite xmlns:xsi="http://www.w3.org/2001/XMLSchema-instance" xsi:noNamespaceSchemaLocation="https://maven.apache.org/surefire/maven-surefire-plugin/xsd/surefire-test-report-3.0.xsd" version="3.0" name="org.apache.ratis.grpc.TestLeaderElectionWithGrpc" time="0.011" tests="1" errors="0" skipped="1" failures="0">
  <properties>
    <property name="awt.toolkit" value="sun.awt.X11.XToolkit"/>
    <property name="file.encoding.pkg" value="sun.io"/>
    <property name="java.specification.version" value="1.8"/>
    <property name="sun.cpu.isalist" value=""/>
    <property name="sun.jnu.encoding" value="UTF-8"/>
    <property name="java.class.path" value="/home/runner/work/ratis/ratis/ratis-test/target/test-classes:/home/runner/work/ratis/ratis/ratis-test/target/classes:/home/runner/work/ratis/ratis/ratis-common/target/classes:/home/runner/.m2/repository/org/apache/ratis/ratis-thirdparty-misc/1.0.8/ratis-thirdparty-misc-1.0.8.jar:/home/runner/work/ratis/ratis/ratis-proto/target/classes:/home/runner/work/ratis/ratis/ratis-common/target/test-classes:/home/runner/work/ratis/ratis/ratis-client/target/classes:/home/runner/work/ratis/ratis/ratis-server/target/classes:/home/runner/work/ratis/ratis/ratis-server-api/target/classes:/home/runner/work/ratis/ratis/ratis-metrics-api/target/classes:/home/runner/work/ratis/ratis/ratis-server/target/test-classes:/home/runner/work/ratis/ratis/ratis-metrics-default/target/classes:/home/runner/work/ratis/ratis/ratis-netty/target/classes:/home/runner/work/ratis/ratis/ratis-netty/target/test-classes:/home/runner/work/ratis/ratis/ratis-grpc/target/classes:/home/runner/work/ratis/ratis/ratis-grpc/target/test-classes:/home/runner/work/ratis/ratis/ratis-shell/target/classes:/home/runner/.m2/repository/commons-cli/commons-cli/1.5.0/commons-cli-1.5.0.jar:/home/runner/.m2/repository/org/reflections/reflections/0.10.2/reflections-0.10.2.jar:/home/runner/.m2/repository/org/javassist/javassist/3.28.0-GA/javassist-3.28.0-GA.jar:/home/runner/.m2/repository/com/google/code/findbugs/jsr305/3.0.2/jsr305-3.0.2.jar:/home/runner/.m2/repository/org/bouncycastle/bcprov-jdk18on/1.78.1/bcprov-jdk18on-1.78.1.jar:/home/runner/.m2/repository/org/bouncycastle/bcpkix-jdk18on/1.78.1/bcpkix-jdk18on-1.78.1.jar:/home/runner/.m2/repository/org/bouncycastle/bcutil-jdk18on/1.78.1/bcutil-jdk18on-1.78.1.jar:/home/runner/.m2/repository/org/slf4j/slf4j-api/2.0.7/slf4j-api-2.0.7.jar:/home/runner/.m2/repository/org/slf4j/slf4j-reload4j/2.0.7/slf4j-reload4j-2.0.7.jar:/home/runner/.m2/repository/ch/qos/reload4j/reload4j/1.2.22/reload4j-1.2.22.jar:/home/runner/.m2/repository/junit/junit/4.13.2/junit-4.13.2.jar:/home/runner/.m2/repository/org/hamcrest/hamcrest-core/1.3/hamcrest-core-1.3.jar:/home/runner/.m2/repository/org/junit/jupiter/junit-jupiter-engine/5.11.2/junit-jupiter-engine-5.11.2.jar:/home/runner/.m2/repository/org/junit/platform/junit-platform-engine/1.11.2/junit-platform-engine-1.11.2.jar:/home/runner/.m2/repository/org/apiguardian/apiguardian-api/1.1.2/apiguardian-api-1.1.2.jar:/home/runner/.m2/repository/org/junit/jupiter/junit-jupiter-api/5.11.2/junit-jupiter-api-5.11.2.jar:/home/runner/.m2/repository/org/opentest4j/opentest4j/1.3.0/opentest4j-1.3.0.jar:/home/runner/.m2/repository/org/junit/platform/junit-platform-commons/1.11.2/junit-platform-commons-1.11.2.jar:/home/runner/.m2/repository/org/junit/jupiter/junit-jupiter-params/5.11.2/junit-jupiter-params-5.11.2.jar:/home/runner/.m2/repository/org/mockito/mockito-core/4.3.1/mockito-core-4.3.1.jar:/home/runner/.m2/repository/net/bytebuddy/byte-buddy/1.12.7/byte-buddy-1.12.7.jar:/home/runner/.m2/repository/net/bytebuddy/byte-buddy-agent/1.12.7/byte-buddy-agent-1.12.7.jar:/home/runner/.m2/repository/org/objenesis/objenesis/3.2/objenesis-3.2.jar:/home/runner/work/ratis/ratis/ratis-test/target/gradle-enterprise/test-listeners.jar:"/>
    <property name="surefire.timeout" value="1200"/>
    <property name="java.vm.vendor" value="Temurin"/>
    <property name="sun.arch.data.model" value="64"/>
    <property name="java.vendor.url" value="https://adoptium.net/"/>
    <property name="user.timezone" value="Etc/UTC"/>
    <property name="java.vm.specification.version" value="1.8"/>
    <property name="os.name" value="Linux"/>
    <property name="sun.java.launcher" value="SUN_STANDARD"/>
    <property name="sun.boot.library.path" value="/usr/lib/jvm/temurin-8-jdk-amd64/jre/lib/amd64"/>
    <property name="sun.java.command" value="/home/runner/work/ratis/ratis/ratis-test/target/surefire/surefirebooter2742062435393858260.jar /home/runner/work/ratis/ratis/ratis-test/target/surefire 2025-02-27T19-02-36_327-jvmRun1 surefire696748273466603981tmp surefire_02922398742153969748tmp"/>
    <property name="surefire.test.class.path" value="/home/runner/work/ratis/ratis/ratis-test/target/test-classes:/home/runner/work/ratis/ratis/ratis-test/target/classes:/home/runner/work/ratis/ratis/ratis-common/target/classes:/home/runner/.m2/repository/org/apache/ratis/ratis-thirdparty-misc/1.0.8/ratis-thirdparty-misc-1.0.8.jar:/home/runner/work/ratis/ratis/ratis-proto/target/classes:/home/runner/work/ratis/ratis/ratis-common/target/test-classes:/home/runner/work/ratis/ratis/ratis-client/target/classes:/home/runner/work/ratis/ratis/ratis-server/target/classes:/home/runner/work/ratis/ratis/ratis-server-api/target/classes:/home/runner/work/ratis/ratis/ratis-metrics-api/target/classes:/home/runner/work/ratis/ratis/ratis-server/target/test-classes:/home/runner/work/ratis/ratis/ratis-metrics-default/target/classes:/home/runner/work/ratis/ratis/ratis-netty/target/classes:/home/runner/work/ratis/ratis/ratis-netty/target/test-classes:/home/runner/work/ratis/ratis/ratis-grpc/target/classes:/home/runner/work/ratis/ratis/ratis-grpc/target/test-classes:/home/runner/work/ratis/ratis/ratis-shell/target/classes:/home/runner/.m2/repository/commons-cli/commons-cli/1.5.0/commons-cli-1.5.0.jar:/home/runner/.m2/repository/org/reflections/reflections/0.10.2/reflections-0.10.2.jar:/home/runner/.m2/repository/org/javassist/javassist/3.28.0-GA/javassist-3.28.0-GA.jar:/home/runner/.m2/repository/com/google/code/findbugs/jsr305/3.0.2/jsr305-3.0.2.jar:/home/runner/.m2/repository/org/bouncycastle/bcprov-jdk18on/1.78.1/bcprov-jdk18on-1.78.1.jar:/home/runner/.m2/repository/org/bouncycastle/bcpkix-jdk18on/1.78.1/bcpkix-jdk18on-1.78.1.jar:/home/runner/.m2/repository/org/bouncycastle/bcutil-jdk18on/1.78.1/bcutil-jdk18on-1.78.1.jar:/home/runner/.m2/repository/org/slf4j/slf4j-api/2.0.7/slf4j-api-2.0.7.jar:/home/runner/.m2/repository/org/slf4j/slf4j-reload4j/2.0.7/slf4j-reload4j-2.0.7.jar:/home/runner/.m2/repository/ch/qos/reload4j/reload4j/1.2.22/reload4j-1.2.22.jar:/home/runner/.m2/repository/junit/junit/4.13.2/junit-4.13.2.jar:/home/runner/.m2/repository/org/hamcrest/hamcrest-core/1.3/hamcrest-core-1.3.jar:/home/runner/.m2/repository/org/junit/jupiter/junit-jupiter-engine/5.11.2/junit-jupiter-engine-5.11.2.jar:/home/runner/.m2/repository/org/junit/platform/junit-platform-engine/1.11.2/junit-platform-engine-1.11.2.jar:/home/runner/.m2/repository/org/apiguardian/apiguardian-api/1.1.2/apiguardian-api-1.1.2.jar:/home/runner/.m2/repository/org/junit/jupiter/junit-jupiter-api/5.11.2/junit-jupiter-api-5.11.2.jar:/home/runner/.m2/repository/org/opentest4j/opentest4j/1.3.0/opentest4j-1.3.0.jar:/home/runner/.m2/repository/org/junit/platform/junit-platform-commons/1.11.2/junit-platform-commons-1.11.2.jar:/home/runner/.m2/repository/org/junit/jupiter/junit-jupiter-params/5.11.2/junit-jupiter-params-5.11.2.jar:/home/runner/.m2/repository/org/mockito/mockito-core/4.3.1/mockito-core-4.3.1.jar:/home/runner/.m2/repository/net/bytebuddy/byte-buddy/1.12.7/byte-buddy-1.12.7.jar:/home/runner/.m2/repository/net/bytebuddy/byte-buddy-agent/1.12.7/byte-buddy-agent-1.12.7.jar:/home/runner/.m2/repository/org/objenesis/objenesis/3.2/objenesis-3.2.jar:/home/runner/work/ratis/ratis/ratis-test/target/gradle-enterprise/test-listeners.jar:"/>
    <property name="sun.cpu.endian" value="little"/>
    <property name="user.home" value="/home/runner"/>
    <property name="user.language" value="en"/>
    <property name="java.specification.vendor" value="Oracle Corporation"/>
    <property name="java.home" value="/usr/lib/jvm/temurin-8-jdk-amd64/jre"/>
    <property name="jacoco.skip" value="true"/>
    <property name="basedir" value="/home/runner/work/ratis/ratis/ratis-test"/>
    <property name="file.separator" value="/"/>
    <property name="line.separator" value="&#10;"/>
    <property name="java.vm.specification.vendor" value="Oracle Corporation"/>
    <property name="java.specification.name" value="Java Platform API Specification"/>
    <property name="java.awt.graphicsenv" value="sun.awt.X11GraphicsEnvironment"/>
    <property name="surefire.real.class.path" value="/home/runner/work/ratis/ratis/ratis-test/target/surefire/surefirebooter2742062435393858260.jar"/>
    <property name="sun.boot.class.path" value="/usr/lib/jvm/temurin-8-jdk-amd64/jre/lib/resources.jar:/usr/lib/jvm/temurin-8-jdk-amd64/jre/lib/rt.jar:/usr/lib/jvm/temurin-8-jdk-amd64/jre/lib/sunrsasign.jar:/usr/lib/jvm/temurin-8-jdk-amd64/jre/lib/jsse.jar:/usr/lib/jvm/temurin-8-jdk-amd64/jre/lib/jce.jar:/usr/lib/jvm/temurin-8-jdk-amd64/jre/lib/charsets.jar:/usr/lib/jvm/temurin-8-jdk-amd64/jre/lib/jfr.jar:/usr/lib/jvm/temurin-8-jdk-amd64/jre/classes"/>
    <property name="sun.management.compiler" value="HotSpot 64-Bit Tiered Compilers"/>
    <property name="java.runtime.version" value="1.8.0_442-b06"/>
    <property name="java.net.preferIPv4Stack" value="true"/>
    <property name="user.name" value="runner"/>
    <property name="path.separator" value=":"/>
    <property name="os.version" value="6.8.0-1021-azure"/>
    <property name="java.endorsed.dirs" value="/usr/lib/jvm/temurin-8-jdk-amd64/jre/lib/endorsed"/>
    <property name="java.runtime.name" value="OpenJDK Runtime Environment"/>
    <property name="com.gradle.maven.scan.extension.test.listener.junitplatform.NestedExecutionSafeDelegatingTestExecutionListener" value="2250b9f2"/>
    <property name="file.encoding" value="UTF-8"/>
    <property name="java.vm.name" value="OpenJDK 64-Bit Server VM"/>
    <property name="develocity.listener.surefire.forkId" value="1"/>
    <property name="localRepository" value="/home/runner/.m2/repository"/>
    <property name="java.vendor.url.bug" value="https://github.com/adoptium/adoptium-support/issues"/>
    <property name="java.io.tmpdir" value="/tmp"/>
    <property name="surefire.rerunFailingTestsCount" value="5"/>
    <property name="java.version" value="1.8.0_442"/>
    <property name="user.dir" value="/home/runner/work/ratis/ratis/ratis-test"/>
    <property name="os.arch" value="amd64"/>
    <property name="ratis.tmp.dir" value="/home/runner/work/ratis/ratis/ratis-test/target/tmp"/>
    <property name="java.vm.specification.name" value="Java Virtual Machine Specification"/>
    <property name="java.awt.printerjob" value="sun.print.PSPrinterJob"/>
    <property name="ratis.log.dir" value="/home/runner/work/ratis/ratis/ratis-test/target/log"/>
    <property name="sun.os.patch.level" value="unknown"/>
    <property name="org.apache.ratis.thirdparty.io.netty.allocator.useCacheForAllThreads" value="false"/>
    <property name="java.library.path" value="/usr/java/packages/lib/amd64:/usr/lib64:/lib64:/lib:/usr/lib"/>
    <property name="java.vm.info" value="mixed mode"/>
    <property name="java.vendor" value="Temurin"/>
    <property name="java.vm.version" value="25.442-b06"/>
    <property name="java.specification.maintenance.version" value="6"/>
    <property name="develocity.listener.port" value="44195"/>
    <property name="java.ext.dirs" value="/usr/lib/jvm/temurin-8-jdk-amd64/jre/lib/ext:/usr/java/packages/lib/ext"/>
    <property name="sun.io.unicode.encoding" value="UnicodeLittle"/>
    <property name="java.class.version" value="52.0"/>
  </properties>
  <testcase name="testLeaderLeaseDuringReconfiguration" classname="org.apache.ratis.grpc.TestLeaderElectionWithGrpc" time="33.042">
    <error type="java.lang.IllegalStateException"><![CDATA[java.lang.IllegalStateException: #leaks = 1 > 0, #leaks == set.size = 1
	at org.apache.ratis.util.Preconditions.assertTrue(Preconditions.java:77)
	at org.apache.ratis.util.LeakDetector$LeakTrackerSet.assertNoLeaks(LeakDetector.java:100)
	at org.apache.ratis.util.LeakDetector$LeakTrackerSet.getNumLeaks(LeakDetector.java:94)
	at org.apache.ratis.util.LeakDetector.assertNoLeaks(LeakDetector.java:178)
	at org.apache.ratis.server.impl.MiniRaftCluster.shutdown(MiniRaftCluster.java:892)
	at org.apache.ratis.grpc.MiniRaftClusterWithGrpc.shutdown(MiniRaftClusterWithGrpc.java:97)
	at org.apache.ratis.server.impl.MiniRaftCluster$Factory$Get.runWithNewCluster(MiniRaftCluster.java:152)
	at org.apache.ratis.server.impl.MiniRaftCluster$Factory$Get.runWithNewCluster(MiniRaftCluster.java:121)
	at org.apache.ratis.server.impl.LeaderElectionTests.testLeaderLeaseDuringReconfiguration(LeaderElectionTests.java:740)
	at java.lang.reflect.Method.invoke(Method.java:498)
	at java.util.ArrayList.forEach(ArrayList.java:1259)
	at java.util.ArrayList.forEach(ArrayList.java:1259)
]]></error>
    <system-out><![CDATA[2025-02-27 19:02:56,004 [main] INFO  util.LogUtils (Slf4jUtils.java:setLogLevel(38)) - Successfully set org.apache.ratis.conf.ConfUtils log level to WARN
2025-02-27 19:02:56,006 [main] INFO  util.LogUtils (Slf4jUtils.java:setLogLevel(38)) - Successfully set org.apache.ratis.util.FileUtils log level to TRACE
2025-02-27 19:02:56,008 [main] INFO  util.LogUtils (Slf4jUtils.java:setLogLevel(38)) - Successfully set org.apache.ratis.server.RaftServer$Division log level to DEBUG
2025-02-27 19:02:56,009 [main] INFO  util.LogUtils (Slf4jUtils.java:setLogLevel(38)) - Successfully set org.apache.ratis.client.RaftClient log level to DEBUG
2025-02-27 19:02:56,021 [main] INFO  util.LeakDetector (LeakDetector.java:start(124)) - Starting leak detector thread NONE0.
2025-02-27 19:02:56,033 [main] INFO  impl.MiniRaftCluster (MiniRaftCluster.java:runWithNewCluster(137)) - Running runWithNewCluster
2025-02-27 19:02:56,069 [main] INFO  impl.MiniRaftCluster (MiniRaftCluster.java:<init>(319)) - new MiniRaftClusterWithGrpc with group-F6C2015611B8:[s0|localhost:15000, s1|localhost:15004, s2|localhost:15008]
2025-02-27 19:02:56,070 [main] INFO  impl.MiniRaftCluster (MiniRaftCluster.java:start(352)) - .............................................................. 
2025-02-27 19:02:56,070 [main] INFO  impl.MiniRaftCluster (MiniRaftCluster.java:start(353)) - ... 
2025-02-27 19:02:56,070 [main] INFO  impl.MiniRaftCluster (MiniRaftCluster.java:start(354)) - ...     Starting MiniRaftClusterWithGrpc
2025-02-27 19:02:56,070 [main] INFO  impl.MiniRaftCluster (MiniRaftCluster.java:start(355)) - ... 
2025-02-27 19:02:56,071 [main] INFO  impl.MiniRaftCluster (MiniRaftCluster.java:start(356)) - .............................................................. 
2025-02-27 19:02:56,071 [main] INFO  impl.MiniRaftCluster (MiniRaftCluster.java:initServers(331)) - servers = {}
2025-02-27 19:02:56,074 [main] INFO  impl.MiniRaftCluster (MiniRaftCluster.java:newRaftServer(396)) - newRaftServer: s0, group-F6C2015611B8:[s0|localhost:15000, s1|localhost:15004, s2|localhost:15008], format? true
2025-02-27 19:02:56,076 [main] TRACE util.FileUtils (FileUtils.java:deleteFully(307)) - deleteFully target/test/data/c052983f/MiniRaftClusterWithGrpc11abc1fb/s0
2025-02-27 19:02:56,078 [main] TRACE util.FileUtils (FileUtils.java:deleteFully(320)) - deleteFully: target/test/data/c052983f/MiniRaftClusterWithGrpc11abc1fb/s0 does not exist.
2025-02-27 19:02:56,078 [main] INFO  impl.MiniRaftCluster (MiniRaftCluster.java:newRaftServer(401)) - Formatted directory target/test/data/c052983f/MiniRaftClusterWithGrpc11abc1fb/s0
2025-02-27 19:02:56,092 [main] INFO  server.RaftServer (ConfUtils.java:logGet(62)) - raft.rpc.type = GRPC (default)
2025-02-27 19:02:56,141 [main] INFO  grpc.GrpcConfigKeys (ConfUtils.java:logFallback(69)) - raft.grpc.admin.host = null (fallback to raft.grpc.server.host)
2025-02-27 19:02:56,143 [main] INFO  grpc.GrpcConfigKeys (ConfUtils.java:logGet(62)) - raft.grpc.admin.port = 15001 (custom)
2025-02-27 19:02:56,143 [main] INFO  grpc.GrpcConfigKeys (ConfUtils.java:logFallback(69)) - raft.grpc.client.host = null (fallback to raft.grpc.server.host)
2025-02-27 19:02:56,144 [main] INFO  grpc.GrpcConfigKeys (ConfUtils.java:logGet(62)) - raft.grpc.client.port = 15002 (custom)
2025-02-27 19:02:56,145 [main] INFO  grpc.GrpcConfigKeys (ConfUtils.java:logGet(62)) - raft.grpc.server.port = 15000 (custom)
2025-02-27 19:02:56,145 [main] INFO  server.GrpcServicesImpl (ConfUtils.java:logGet(62)) - raft.grpc.message.size.max = 64MB (=67108864) (default)
2025-02-27 19:02:56,146 [main] INFO  server.GrpcServicesImpl (ConfUtils.java:logGet(62)) - raft.grpc.flow.control.window = 1MB (=1048576) (default)
2025-02-27 19:02:56,148 [main] INFO  server.RaftServerConfigKeys (ConfUtils.java:logGet(62)) - raft.server.rpc.request.timeout = 3000ms (default)
2025-02-27 19:02:56,159 [main] INFO  grpc.GrpcConfigKeys (ConfUtils.java:logGet(62)) - raft.grpc.server.heartbeat.channel = true (default)
2025-02-27 19:02:56,159 [main] INFO  grpc.GrpcConfigKeys (ConfUtils.java:logGet(62)) - raft.grpc.server.zerocopy.enabled = true (custom)
2025-02-27 19:02:56,161 [main] INFO  server.RaftServerConfigKeys (ConfUtils.java:logGet(62)) - raft.server.log.appender.buffer.byte-limit = 4MB (=4194304) (default)
2025-02-27 19:02:56,283 [main] INFO  grpc.GrpcConfigKeys (ConfUtils.java:logGet(62)) - raft.grpc.server.async.request.thread.pool.cached = true (default)
2025-02-27 19:02:56,284 [main] INFO  grpc.GrpcConfigKeys (ConfUtils.java:logGet(62)) - raft.grpc.server.async.request.thread.pool.size = 32 (default)
2025-02-27 19:02:56,467 [main] INFO  impl.DataStreamServerImpl (ConfUtils.java:logGet(62)) - raft.datastream.type = DISABLED (default)
2025-02-27 19:02:56,469 [main] INFO  server.RaftServerConfigKeys (ConfUtils.java:logGet(62)) - raft.server.sleep.deviation.threshold = 300ms (default)
2025-02-27 19:02:56,469 [main] INFO  server.RaftServerConfigKeys (ConfUtils.java:logGet(62)) - raft.server.close.threshold = 60s (default)
2025-02-27 19:02:56,470 [main] INFO  server.RaftServerConfigKeys (ConfUtils.java:logGet(62)) - raft.server.leaderelection.leader.step-down.wait-time = 10s (default)
2025-02-27 19:02:56,473 [main] INFO  server.RaftServerConfigKeys (ConfUtils.java:logGet(62)) - raft.server.storage.dir = [/home/runner/work/ratis/ratis/ratis-test/target/test/data/c052983f/MiniRaftClusterWithGrpc11abc1fb/s0] (custom)
2025-02-27 19:02:56,474 [main] INFO  server.RaftServerConfigKeys (ConfUtils.java:logGet(62)) - raft.server.threadpool.proxy.cached = true (default)
2025-02-27 19:02:56,475 [main] INFO  server.RaftServerConfigKeys (ConfUtils.java:logGet(62)) - raft.server.threadpool.proxy.size = 0 (default)
2025-02-27 19:02:56,481 [main] INFO  server.RaftServer (RaftServerProxy.java:addNew(101)) - s0: addNew group-F6C2015611B8:[s0|localhost:15000, s1|localhost:15004, s2|localhost:15008] returns group-F6C2015611B8:java.util.concurrent.CompletableFuture@12d2ce03[Not completed]
2025-02-27 19:02:56,481 [main] INFO  impl.MiniRaftCluster (MiniRaftCluster.java:newRaftServer(396)) - newRaftServer: s1, group-F6C2015611B8:[s0|localhost:15000, s1|localhost:15004, s2|localhost:15008], format? true
2025-02-27 19:02:56,481 [main] TRACE util.FileUtils (FileUtils.java:deleteFully(307)) - deleteFully target/test/data/c052983f/MiniRaftClusterWithGrpc11abc1fb/s1
2025-02-27 19:02:56,482 [main] TRACE util.FileUtils (FileUtils.java:deleteFully(320)) - deleteFully: target/test/data/c052983f/MiniRaftClusterWithGrpc11abc1fb/s1 does not exist.
2025-02-27 19:02:56,482 [main] INFO  impl.MiniRaftCluster (MiniRaftCluster.java:newRaftServer(401)) - Formatted directory target/test/data/c052983f/MiniRaftClusterWithGrpc11abc1fb/s1
2025-02-27 19:02:56,483 [main] INFO  grpc.GrpcConfigKeys (ConfUtils.java:logFallback(69)) - raft.grpc.admin.host = null (fallback to raft.grpc.server.host)
2025-02-27 19:02:56,483 [main] INFO  grpc.GrpcConfigKeys (ConfUtils.java:logGet(62)) - raft.grpc.admin.port = 15005 (custom)
2025-02-27 19:02:56,483 [main] INFO  grpc.GrpcConfigKeys (ConfUtils.java:logFallback(69)) - raft.grpc.client.host = null (fallback to raft.grpc.server.host)
2025-02-27 19:02:56,484 [main] INFO  grpc.GrpcConfigKeys (ConfUtils.java:logGet(62)) - raft.grpc.client.port = 15006 (custom)
2025-02-27 19:02:56,484 [main] INFO  grpc.GrpcConfigKeys (ConfUtils.java:logGet(62)) - raft.grpc.server.port = 15004 (custom)
2025-02-27 19:02:56,487 [main] INFO  server.RaftServerConfigKeys (ConfUtils.java:logGet(62)) - raft.server.storage.dir = [/home/runner/work/ratis/ratis/ratis-test/target/test/data/c052983f/MiniRaftClusterWithGrpc11abc1fb/s1] (custom)
2025-02-27 19:02:56,488 [main] INFO  server.RaftServer (RaftServerProxy.java:addNew(101)) - s1: addNew group-F6C2015611B8:[s0|localhost:15000, s1|localhost:15004, s2|localhost:15008] returns group-F6C2015611B8:java.util.concurrent.CompletableFuture@1b75c2e3[Not completed]
2025-02-27 19:02:56,488 [main] INFO  impl.MiniRaftCluster (MiniRaftCluster.java:newRaftServer(396)) - newRaftServer: s2, group-F6C2015611B8:[s0|localhost:15000, s1|localhost:15004, s2|localhost:15008], format? true
2025-02-27 19:02:56,489 [main] TRACE util.FileUtils (FileUtils.java:deleteFully(307)) - deleteFully target/test/data/c052983f/MiniRaftClusterWithGrpc11abc1fb/s2
2025-02-27 19:02:56,489 [main] TRACE util.FileUtils (FileUtils.java:deleteFully(320)) - deleteFully: target/test/data/c052983f/MiniRaftClusterWithGrpc11abc1fb/s2 does not exist.
2025-02-27 19:02:56,489 [main] INFO  impl.MiniRaftCluster (MiniRaftCluster.java:newRaftServer(401)) - Formatted directory target/test/data/c052983f/MiniRaftClusterWithGrpc11abc1fb/s2
2025-02-27 19:02:56,490 [main] INFO  grpc.GrpcConfigKeys (ConfUtils.java:logFallback(69)) - raft.grpc.admin.host = null (fallback to raft.grpc.server.host)
2025-02-27 19:02:56,490 [main] INFO  grpc.GrpcConfigKeys (ConfUtils.java:logGet(62)) - raft.grpc.admin.port = 15009 (custom)
2025-02-27 19:02:56,491 [main] INFO  grpc.GrpcConfigKeys (ConfUtils.java:logFallback(69)) - raft.grpc.client.host = null (fallback to raft.grpc.server.host)
2025-02-27 19:02:56,491 [main] INFO  grpc.GrpcConfigKeys (ConfUtils.java:logGet(62)) - raft.grpc.client.port = 15010 (custom)
2025-02-27 19:02:56,492 [main] INFO  grpc.GrpcConfigKeys (ConfUtils.java:logGet(62)) - raft.grpc.server.port = 15008 (custom)
2025-02-27 19:02:56,495 [main] INFO  server.RaftServerConfigKeys (ConfUtils.java:logGet(62)) - raft.server.storage.dir = [/home/runner/work/ratis/ratis/ratis-test/target/test/data/c052983f/MiniRaftClusterWithGrpc11abc1fb/s2] (custom)
2025-02-27 19:02:56,497 [main] INFO  server.RaftServer (RaftServerProxy.java:addNew(101)) - s2: addNew group-F6C2015611B8:[s0|localhost:15000, s1|localhost:15004, s2|localhost:15008] returns group-F6C2015611B8:java.util.concurrent.CompletableFuture@39ac0c0a[Not completed]
2025-02-27 19:02:56,503 [s2-groupManagement] INFO  server.RaftServer$Division (RaftServerImpl.java:<init>(271)) - s2: new RaftServerImpl for group-F6C2015611B8:[s0|localhost:15000, s1|localhost:15004, s2|localhost:15008] with BaseStateMachine:uninitialized
2025-02-27 19:02:56,503 [s0-groupManagement] INFO  server.RaftServer$Division (RaftServerImpl.java:<init>(271)) - s0: new RaftServerImpl for group-F6C2015611B8:[s0|localhost:15000, s1|localhost:15004, s2|localhost:15008] with BaseStateMachine:uninitialized
2025-02-27 19:02:56,503 [s1-groupManagement] INFO  server.RaftServer$Division (RaftServerImpl.java:<init>(271)) - s1: new RaftServerImpl for group-F6C2015611B8:[s0|localhost:15000, s1|localhost:15004, s2|localhost:15008] with BaseStateMachine:uninitialized
2025-02-27 19:02:56,505 [s1-groupManagement] INFO  server.RaftServerConfigKeys (ConfUtils.java:logGet(62)) - raft.server.rpc.sleep.time = 25ms (default)
2025-02-27 19:02:56,505 [s1-groupManagement] INFO  server.RaftServerConfigKeys (ConfUtils.java:logGet(62)) - raft.server.rpc.slowness.timeout = 60s (default)
2025-02-27 19:02:56,506 [s1-groupManagement] INFO  server.RaftServerConfigKeys (ConfUtils.java:logGet(62)) - raft.server.leaderelection.member.majority-add = false (default)
2025-02-27 19:02:56,505 [s0-groupManagement] INFO  server.RaftServerConfigKeys (ConfUtils.java:logGet(62)) - raft.server.rpc.timeout.max = 300ms (default)
2025-02-27 19:02:56,504 [s2-groupManagement] INFO  server.RaftServerConfigKeys (ConfUtils.java:logGet(62)) - raft.server.rpc.timeout.min = 150ms (default)
2025-02-27 19:02:56,511 [s2-groupManagement] INFO  server.RaftServer$Division (ServerState.java:<init>(114)) - s2@group-F6C2015611B8: ConfigurationManager, init=conf: {index: -1, cur=peers:[s0|localhost:15000, s1|localhost:15004, s2|localhost:15008]|listeners:[], old=null}, confs=<EMPTY_MAP>
2025-02-27 19:02:56,510 [s0-groupManagement] INFO  server.RaftServer$Division (ServerState.java:<init>(114)) - s0@group-F6C2015611B8: ConfigurationManager, init=conf: {index: -1, cur=peers:[s0|localhost:15000, s1|localhost:15004, s2|localhost:15008]|listeners:[], old=null}, confs=<EMPTY_MAP>
2025-02-27 19:02:56,511 [s1-groupManagement] INFO  server.RaftServer$Division (ServerState.java:<init>(114)) - s1@group-F6C2015611B8: ConfigurationManager, init=conf: {index: -1, cur=peers:[s0|localhost:15000, s1|localhost:15004, s2|localhost:15008]|listeners:[], old=null}, confs=<EMPTY_MAP>
2025-02-27 19:02:56,516 [s1-groupManagement] INFO  server.RaftServerConfigKeys (ConfUtils.java:logGet(62)) - raft.server.notification.no-leader.timeout = 60s (default)
2025-02-27 19:02:56,518 [s2-groupManagement] INFO  server.RaftServerConfigKeys (ConfUtils.java:logGet(62)) - raft.server.read.timeout = 10s (default)
2025-02-27 19:02:56,521 [s2-groupManagement] INFO  server.RaftServerConfigKeys (ConfUtils.java:logGet(62)) - raft.server.retrycache.expirytime = 60s (default)
2025-02-27 19:02:56,521 [s0-groupManagement] INFO  server.RaftServerConfigKeys (ConfUtils.java:logGet(62)) - raft.server.retrycache.statistics.expirytime = 100ms (default)
2025-02-27 19:02:56,530 [s0-groupManagement] INFO  server.RaftServerConfigKeys (ConfUtils.java:logGet(62)) - raft.server.read.option = DEFAULT (default)
2025-02-27 19:02:56,530 [s0-groupManagement] INFO  server.RaftServerConfigKeys (ConfUtils.java:logGet(62)) - raft.server.read.read-after-write-consistent.write-index-cache.expiry-time = 60s (default)
2025-02-27 19:02:56,552 [s2-groupManagement] INFO  server.RaftServerConfigKeys (ConfUtils.java:logGet(62)) - raft.server.log.appender.install.snapshot.enabled = true (default)
2025-02-27 19:02:56,552 [s1-groupManagement] INFO  server.RaftServerConfigKeys (ConfUtils.java:logGet(62)) - raft.server.threadpool.server.cached = true (default)
2025-02-27 19:02:56,553 [s0-groupManagement] INFO  server.RaftServerConfigKeys (ConfUtils.java:logGet(62)) - raft.server.threadpool.client.cached = true (default)
2025-02-27 19:02:56,553 [s2-groupManagement] INFO  server.RaftServerConfigKeys (ConfUtils.java:logGet(62)) - raft.server.threadpool.server.size = 0 (default)
2025-02-27 19:02:56,553 [s1-groupManagement] INFO  server.RaftServerConfigKeys (ConfUtils.java:logGet(62)) - raft.server.threadpool.client.size = 0 (default)
2025-02-27 19:02:56,555 [s0-impl-thread1] INFO  server.RaftServerConfigKeys (ConfUtils.java:logGet(62)) - raft.server.storage.free-space.min = 0MB (=0) (default)
2025-02-27 19:02:56,556 [s0-impl-thread1] INFO  server.RaftServerConfigKeys (ConfUtils.java:logGet(62)) - raft.server.log.corruption.policy = EXCEPTION (default)
2025-02-27 19:02:56,557 [s0-impl-thread1] INFO  server.RaftServerConfigKeys (ConfUtils.java:logGet(62)) - raft.server.storage.dir = [/home/runner/work/ratis/ratis/ratis-test/target/test/data/c052983f/MiniRaftClusterWithGrpc11abc1fb/s0] (custom)
2025-02-27 19:02:56,561 [s0-impl-thread1] INFO  storage.RaftStorageDirectory (RaftStorageDirectoryImpl.java:analyzeStorage(138)) - The storage directory /home/runner/work/ratis/ratis/ratis-test/target/test/data/c052983f/MiniRaftClusterWithGrpc11abc1fb/s0/bf0014c9-18e9-4b90-a19b-f6c2015611b8 does not exist. Creating ...
2025-02-27 19:02:56,562 [s0-impl-thread1] TRACE util.FileUtils (LogUtils.java:runAndLog(49)) - Successfully ran Files.createDirectories /home/runner/work/ratis/ratis/ratis-test/target/test/data/c052983f/MiniRaftClusterWithGrpc11abc1fb/s0/bf0014c9-18e9-4b90-a19b-f6c2015611b8
2025-02-27 19:02:56,569 [s0-impl-thread1] INFO  storage.RaftStorageDirectory (RaftStorageDirectoryImpl.java:tryLock(229)) - Lock on /home/runner/work/ratis/ratis/ratis-test/target/test/data/c052983f/MiniRaftClusterWithGrpc11abc1fb/s0/bf0014c9-18e9-4b90-a19b-f6c2015611b8/in_use.lock acquired by nodename 2465@fv-az797-883.ms55l4kbrubetgbqpnhl3m4njc.dx.internal.cloudapp.net
2025-02-27 19:02:56,570 [s0-impl-thread1] TRACE util.FileUtils (LogUtils.java:runAndLog(49)) - Successfully ran Files.createDirectories /home/runner/work/ratis/ratis/ratis-test/target/test/data/c052983f/MiniRaftClusterWithGrpc11abc1fb/s0/bf0014c9-18e9-4b90-a19b-f6c2015611b8/current
2025-02-27 19:02:56,570 [s0-impl-thread1] TRACE util.FileUtils (LogUtils.java:runAndLog(49)) - Successfully ran Files.createDirectories /home/runner/work/ratis/ratis/ratis-test/target/test/data/c052983f/MiniRaftClusterWithGrpc11abc1fb/s0/bf0014c9-18e9-4b90-a19b-f6c2015611b8/sm
2025-02-27 19:02:56,573 [s0-impl-thread1] TRACE util.FileUtils (LogUtils.java:supplyAndLog(69)) - Successfully supplied FileChannel.open /home/runner/work/ratis/ratis/ratis-test/target/test/data/c052983f/MiniRaftClusterWithGrpc11abc1fb/s0/bf0014c9-18e9-4b90-a19b-f6c2015611b8/current/raft-meta.tmp with options [CREATE, WRITE]: sun.nio.ch.FileChannelImpl@628aec94
2025-02-27 19:02:56,579 [s0-impl-thread1] TRACE util.FileUtils (LogUtils.java:runAndLog(49)) - Successfully ran Atomic Files.move /home/runner/work/ratis/ratis/ratis-test/target/test/data/c052983f/MiniRaftClusterWithGrpc11abc1fb/s0/bf0014c9-18e9-4b90-a19b-f6c2015611b8/current/raft-meta.tmp to /home/runner/work/ratis/ratis/ratis-test/target/test/data/c052983f/MiniRaftClusterWithGrpc11abc1fb/s0/bf0014c9-18e9-4b90-a19b-f6c2015611b8/current/raft-meta with options [REPLACE_EXISTING]
2025-02-27 19:02:56,579 [s0-impl-thread1] INFO  storage.RaftStorage (RaftStorageImpl.java:format(98)) - Storage directory /home/runner/work/ratis/ratis/ratis-test/target/test/data/c052983f/MiniRaftClusterWithGrpc11abc1fb/s0/bf0014c9-18e9-4b90-a19b-f6c2015611b8 has been successfully formatted.
2025-02-27 19:02:56,583 [s0-impl-thread1] INFO  server.RaftServerConfigKeys (ConfUtils.java:logGet(62)) - raft.server.log.use.memory = false (default)
2025-02-27 19:02:56,589 [s0-impl-thread1] INFO  server.RaftServerConfigKeys (ConfUtils.java:logGet(62)) - raft.server.log.purge.gap = 1024 (default)
2025-02-27 19:02:56,591 [s0-impl-thread1] INFO  server.RaftServerConfigKeys (ConfUtils.java:logGet(62)) - raft.server.log.statemachine.data.read.timeout = 1000ms (default)
2025-02-27 19:02:56,591 [s0-impl-thread1] INFO  server.RaftServerConfigKeys (ConfUtils.java:logGet(62)) - raft.server.log.purge.preservation.log.num = 0 (default)
2025-02-27 19:02:56,594 [s0-impl-thread1] INFO  server.RaftServerConfigKeys (ConfUtils.java:logGet(62)) - raft.server.log.segment.size.max = 32MB (=33554432) (default)
2025-02-27 19:02:56,597 [s0-impl-thread1] INFO  server.RaftServerConfigKeys (ConfUtils.java:logGet(62)) - raft.server.log.segment.cache.num.max = 6 (default)
2025-02-27 19:02:56,598 [s0-impl-thread1] INFO  server.RaftServerConfigKeys (ConfUtils.java:logGet(62)) - raft.server.log.segment.cache.size.max = 200MB (=209715200) (default)
2025-02-27 19:02:56,599 [s0-impl-thread1] INFO  util.AwaitToRun (AwaitToRun.java:start(81)) - Thread[s0@group-F6C2015611B8-cacheEviction-AwaitToRun,5,main] started
2025-02-27 19:02:56,602 [s0-impl-thread1] INFO  segmented.SegmentedRaftLogWorker (SegmentedRaftLogWorker.java:<init>(189)) - new s0@group-F6C2015611B8-SegmentedRaftLogWorker for RaftStorageImpl:Storage Directory /home/runner/work/ratis/ratis/ratis-test/target/test/data/c052983f/MiniRaftClusterWithGrpc11abc1fb/s0/bf0014c9-18e9-4b90-a19b-f6c2015611b8
2025-02-27 19:02:56,603 [s0-impl-thread1] INFO  server.RaftServerConfigKeys (ConfUtils.java:logGet(62)) - raft.server.log.queue.byte-limit = 64MB (=67108864) (default)
2025-02-27 19:02:56,603 [s0-impl-thread1] INFO  server.RaftServerConfigKeys (ConfUtils.java:logGet(62)) - raft.server.log.queue.element-limit = 4096 (default)
2025-02-27 19:02:56,605 [s0-impl-thread1] INFO  server.RaftServerConfigKeys (ConfUtils.java:logGet(62)) - raft.server.log.preallocated.size = 4MB (=4194304) (default)
2025-02-27 19:02:56,605 [s0-impl-thread1] INFO  server.RaftServerConfigKeys (ConfUtils.java:logGet(62)) - raft.server.log.force.sync.num = 128 (default)
2025-02-27 19:02:56,607 [s0-impl-thread1] INFO  server.RaftServerConfigKeys (ConfUtils.java:logGet(62)) - raft.server.log.statemachine.data.sync = true (default)
2025-02-27 19:02:56,607 [s0-impl-thread1] INFO  server.RaftServerConfigKeys (ConfUtils.java:logGet(62)) - raft.server.log.statemachine.data.sync.timeout = 10s (default)
2025-02-27 19:02:56,608 [s0-impl-thread1] INFO  server.RaftServerConfigKeys (ConfUtils.java:logGet(62)) - raft.server.log.statemachine.data.sync.timeout.retry = -1 (default)
2025-02-27 19:02:56,609 [s0-impl-thread1] INFO  server.RaftServerConfigKeys (ConfUtils.java:logGet(62)) - raft.server.log.write.buffer.size = 8MB (=8388608) (default)
2025-02-27 19:02:56,611 [s0-impl-thread1] INFO  server.RaftServerConfigKeys (ConfUtils.java:logGet(62)) - raft.server.log.unsafe-flush.enabled = false (default)
2025-02-27 19:02:56,611 [s0-impl-thread1] INFO  server.RaftServerConfigKeys (ConfUtils.java:logGet(62)) - raft.server.log.async-flush.enabled = false (default)
2025-02-27 19:02:56,612 [s0-impl-thread1] INFO  server.RaftServerConfigKeys (ConfUtils.java:logGet(62)) - raft.server.log.statemachine.data.caching.enabled = false (default)
2025-02-27 19:02:56,618 [s0-impl-thread1] INFO  segmented.SegmentedRaftLogWorker (SegmentedRaftLogWorker.java:lambda$new$0(140)) - s0@group-F6C2015611B8-SegmentedRaftLogWorker: flushIndex: setUnconditionally 0 -> -1
2025-02-27 19:02:56,618 [s0-impl-thread1] INFO  segmented.SegmentedRaftLogWorker (SegmentedRaftLogWorker.java:lambda$new$0(140)) - s0@group-F6C2015611B8-SegmentedRaftLogWorker: safeCacheEvictIndex: setUnconditionally 0 -> -1
2025-02-27 19:02:56,619 [s0-impl-thread1] INFO  server.RaftServer$Division (RaftServerImpl.java:start(408)) - s0@group-F6C2015611B8: start as a follower, conf=conf: {index: -1, cur=peers:[s0|localhost:15000, s1|localhost:15004, s2|localhost:15008]|listeners:[], old=null}
2025-02-27 19:02:56,620 [s0-impl-thread1] INFO  server.RaftServer$Division (RaftServerImpl.java:setRole(395)) - s0@group-F6C2015611B8: changes role from      null to FOLLOWER at term 0 for startAsFollower
2025-02-27 19:02:56,620 [s0-impl-thread1] INFO  impl.RoleInfo (RoleInfo.java:updateAndGet(148)) - s0: start s0@group-F6C2015611B8-FollowerState
2025-02-27 19:02:56,621 [s0@group-F6C2015611B8-FollowerState] INFO  server.RaftServerConfigKeys (ConfUtils.java:logFallback(69)) - raft.server.rpc.first-election.timeout.min = 150ms (fallback to raft.server.rpc.timeout.min)
2025-02-27 19:02:56,621 [s0@group-F6C2015611B8-FollowerState] INFO  server.RaftServerConfigKeys (ConfUtils.java:logFallback(69)) - raft.server.rpc.first-election.timeout.max = 300ms (fallback to raft.server.rpc.timeout.max)
2025-02-27 19:02:56,622 [s0-impl-thread1] INFO  util.JmxRegister (JmxRegister.java:tryRegister(44)) - Successfully registered JMX Bean with object name Ratis:service=RaftServer,group=group-F6C2015611B8,id=s0
2025-02-27 19:02:56,622 [s0-impl-thread1] INFO  util.JmxRegister (JmxRegister.java:register(58)) - register mxBean class org.apache.ratis.server.impl.RaftServerJmxAdapter as Ratis:service=RaftServer,group=group-F6C2015611B8,id=s0
2025-02-27 19:02:56,624 [s0-impl-thread1] INFO  server.RaftServerConfigKeys (ConfUtils.java:logGet(62)) - raft.server.snapshot.trigger-when-stop.enabled = true (default)
2025-02-27 19:02:56,624 [s0-impl-thread1] INFO  server.RaftServerConfigKeys (ConfUtils.java:logGet(62)) - raft.server.snapshot.trigger-when-remove.enabled = true (default)
2025-02-27 19:02:56,624 [s0-impl-thread1] INFO  server.RaftServerConfigKeys (ConfUtils.java:logGet(62)) - raft.server.snapshot.auto.trigger.enabled = false (default)
2025-02-27 19:02:56,625 [s0-impl-thread1] INFO  server.RaftServerConfigKeys (ConfUtils.java:logGet(62)) - raft.server.snapshot.retention.file.num = -1 (default)
2025-02-27 19:02:56,625 [s0-impl-thread1] INFO  server.RaftServerConfigKeys (ConfUtils.java:logGet(62)) - raft.server.log.purge.upto.snapshot.index = false (default)
2025-02-27 19:02:56,628 [s0-impl-thread1] INFO  server.RaftServer$Division (RaftServerImpl.java:start(422)) - s0@group-F6C2015611B8: Successfully started.
2025-02-27 19:02:56,629 [main] INFO  server.RaftServer (RaftServerProxy.java:startImpl(408)) - s0: start RPC server
2025-02-27 19:02:56,657 [main] INFO  server.GrpcServicesImpl (GrpcServicesImpl.java:startImpl(353)) - s0: GrpcServicesImpl started, listening on 15002
2025-02-27 19:02:56,657 [main] INFO  server.GrpcServicesImpl (GrpcServicesImpl.java:startImpl(353)) - s0: GrpcServicesImpl started, listening on 15000
2025-02-27 19:02:56,658 [main] INFO  server.GrpcServicesImpl (GrpcServicesImpl.java:startImpl(353)) - s0: GrpcServicesImpl started, listening on 15001
2025-02-27 19:02:56,660 [JvmPauseMonitor0] INFO  util.JvmPauseMonitor (JvmPauseMonitor.java:run(146)) - JvmPauseMonitor-s0: Started
2025-02-27 19:02:56,660 [s1-impl-thread1] INFO  server.RaftServerConfigKeys (ConfUtils.java:logGet(62)) - raft.server.storage.dir = [/home/runner/work/ratis/ratis/ratis-test/target/test/data/c052983f/MiniRaftClusterWithGrpc11abc1fb/s1] (custom)
2025-02-27 19:02:56,660 [s1-impl-thread1] INFO  storage.RaftStorageDirectory (RaftStorageDirectoryImpl.java:analyzeStorage(138)) - The storage directory /home/runner/work/ratis/ratis/ratis-test/target/test/data/c052983f/MiniRaftClusterWithGrpc11abc1fb/s1/bf0014c9-18e9-4b90-a19b-f6c2015611b8 does not exist. Creating ...
2025-02-27 19:02:56,661 [s1-impl-thread1] TRACE util.FileUtils (LogUtils.java:runAndLog(49)) - Successfully ran Files.createDirectories /home/runner/work/ratis/ratis/ratis-test/target/test/data/c052983f/MiniRaftClusterWithGrpc11abc1fb/s1/bf0014c9-18e9-4b90-a19b-f6c2015611b8
2025-02-27 19:02:56,662 [s1-impl-thread1] INFO  storage.RaftStorageDirectory (RaftStorageDirectoryImpl.java:tryLock(229)) - Lock on /home/runner/work/ratis/ratis/ratis-test/target/test/data/c052983f/MiniRaftClusterWithGrpc11abc1fb/s1/bf0014c9-18e9-4b90-a19b-f6c2015611b8/in_use.lock acquired by nodename 2465@fv-az797-883.ms55l4kbrubetgbqpnhl3m4njc.dx.internal.cloudapp.net
2025-02-27 19:02:56,662 [s1-impl-thread1] TRACE util.FileUtils (LogUtils.java:runAndLog(49)) - Successfully ran Files.createDirectories /home/runner/work/ratis/ratis/ratis-test/target/test/data/c052983f/MiniRaftClusterWithGrpc11abc1fb/s1/bf0014c9-18e9-4b90-a19b-f6c2015611b8/current
2025-02-27 19:02:56,662 [s1-impl-thread1] TRACE util.FileUtils (LogUtils.java:runAndLog(49)) - Successfully ran Files.createDirectories /home/runner/work/ratis/ratis/ratis-test/target/test/data/c052983f/MiniRaftClusterWithGrpc11abc1fb/s1/bf0014c9-18e9-4b90-a19b-f6c2015611b8/sm
2025-02-27 19:02:56,663 [s1-impl-thread1] TRACE util.FileUtils (LogUtils.java:supplyAndLog(69)) - Successfully supplied FileChannel.open /home/runner/work/ratis/ratis/ratis-test/target/test/data/c052983f/MiniRaftClusterWithGrpc11abc1fb/s1/bf0014c9-18e9-4b90-a19b-f6c2015611b8/current/raft-meta.tmp with options [CREATE, WRITE]: sun.nio.ch.FileChannelImpl@54031373
2025-02-27 19:02:56,665 [s1-impl-thread1] TRACE util.FileUtils (LogUtils.java:runAndLog(49)) - Successfully ran Atomic Files.move /home/runner/work/ratis/ratis/ratis-test/target/test/data/c052983f/MiniRaftClusterWithGrpc11abc1fb/s1/bf0014c9-18e9-4b90-a19b-f6c2015611b8/current/raft-meta.tmp to /home/runner/work/ratis/ratis/ratis-test/target/test/data/c052983f/MiniRaftClusterWithGrpc11abc1fb/s1/bf0014c9-18e9-4b90-a19b-f6c2015611b8/current/raft-meta with options [REPLACE_EXISTING]
2025-02-27 19:02:56,666 [s1-impl-thread1] INFO  storage.RaftStorage (RaftStorageImpl.java:format(98)) - Storage directory /home/runner/work/ratis/ratis/ratis-test/target/test/data/c052983f/MiniRaftClusterWithGrpc11abc1fb/s1/bf0014c9-18e9-4b90-a19b-f6c2015611b8 has been successfully formatted.
2025-02-27 19:02:56,667 [s1-impl-thread1] INFO  util.AwaitToRun (AwaitToRun.java:start(81)) - Thread[s1@group-F6C2015611B8-cacheEviction-AwaitToRun,5,main] started
2025-02-27 19:02:56,667 [s1-impl-thread1] INFO  segmented.SegmentedRaftLogWorker (SegmentedRaftLogWorker.java:<init>(189)) - new s1@group-F6C2015611B8-SegmentedRaftLogWorker for RaftStorageImpl:Storage Directory /home/runner/work/ratis/ratis/ratis-test/target/test/data/c052983f/MiniRaftClusterWithGrpc11abc1fb/s1/bf0014c9-18e9-4b90-a19b-f6c2015611b8
2025-02-27 19:02:56,669 [s1-impl-thread1] INFO  segmented.SegmentedRaftLogWorker (SegmentedRaftLogWorker.java:lambda$new$0(140)) - s1@group-F6C2015611B8-SegmentedRaftLogWorker: flushIndex: setUnconditionally 0 -> -1
2025-02-27 19:02:56,669 [s1-impl-thread1] INFO  segmented.SegmentedRaftLogWorker (SegmentedRaftLogWorker.java:lambda$new$0(140)) - s1@group-F6C2015611B8-SegmentedRaftLogWorker: safeCacheEvictIndex: setUnconditionally 0 -> -1
2025-02-27 19:02:56,669 [s1-impl-thread1] INFO  server.RaftServer$Division (RaftServerImpl.java:start(408)) - s1@group-F6C2015611B8: start as a follower, conf=conf: {index: -1, cur=peers:[s0|localhost:15000, s1|localhost:15004, s2|localhost:15008]|listeners:[], old=null}
2025-02-27 19:02:56,670 [s1-impl-thread1] INFO  server.RaftServer$Division (RaftServerImpl.java:setRole(395)) - s1@group-F6C2015611B8: changes role from      null to FOLLOWER at term 0 for startAsFollower
2025-02-27 19:02:56,670 [s1-impl-thread1] INFO  impl.RoleInfo (RoleInfo.java:updateAndGet(148)) - s1: start s1@group-F6C2015611B8-FollowerState
2025-02-27 19:02:56,670 [s1-impl-thread1] INFO  util.JmxRegister (JmxRegister.java:tryRegister(44)) - Successfully registered JMX Bean with object name Ratis:service=RaftServer,group=group-F6C2015611B8,id=s1
2025-02-27 19:02:56,670 [s1-impl-thread1] INFO  util.JmxRegister (JmxRegister.java:register(58)) - register mxBean class org.apache.ratis.server.impl.RaftServerJmxAdapter as Ratis:service=RaftServer,group=group-F6C2015611B8,id=s1
2025-02-27 19:02:56,670 [s1@group-F6C2015611B8-FollowerState] INFO  server.RaftServerConfigKeys (ConfUtils.java:logFallback(69)) - raft.server.rpc.first-election.timeout.min = 150ms (fallback to raft.server.rpc.timeout.min)
2025-02-27 19:02:56,671 [s1@group-F6C2015611B8-FollowerState] INFO  server.RaftServerConfigKeys (ConfUtils.java:logFallback(69)) - raft.server.rpc.first-election.timeout.max = 300ms (fallback to raft.server.rpc.timeout.max)
2025-02-27 19:02:56,671 [s1-impl-thread1] INFO  server.RaftServer$Division (RaftServerImpl.java:start(422)) - s1@group-F6C2015611B8: Successfully started.
2025-02-27 19:02:56,672 [main] INFO  server.RaftServer (RaftServerProxy.java:startImpl(408)) - s1: start RPC server
2025-02-27 19:02:56,672 [main] INFO  server.GrpcServicesImpl (GrpcServicesImpl.java:startImpl(353)) - s1: GrpcServicesImpl started, listening on 15006
2025-02-27 19:02:56,673 [main] INFO  server.GrpcServicesImpl (GrpcServicesImpl.java:startImpl(353)) - s1: GrpcServicesImpl started, listening on 15004
2025-02-27 19:02:56,673 [main] INFO  server.GrpcServicesImpl (GrpcServicesImpl.java:startImpl(353)) - s1: GrpcServicesImpl started, listening on 15005
2025-02-27 19:02:56,674 [JvmPauseMonitor1] INFO  util.JvmPauseMonitor (JvmPauseMonitor.java:run(146)) - JvmPauseMonitor-s1: Started
2025-02-27 19:02:56,674 [s2-impl-thread1] INFO  server.RaftServerConfigKeys (ConfUtils.java:logGet(62)) - raft.server.storage.dir = [/home/runner/work/ratis/ratis/ratis-test/target/test/data/c052983f/MiniRaftClusterWithGrpc11abc1fb/s2] (custom)
2025-02-27 19:02:56,675 [s2-impl-thread1] INFO  storage.RaftStorageDirectory (RaftStorageDirectoryImpl.java:analyzeStorage(138)) - The storage directory /home/runner/work/ratis/ratis/ratis-test/target/test/data/c052983f/MiniRaftClusterWithGrpc11abc1fb/s2/bf0014c9-18e9-4b90-a19b-f6c2015611b8 does not exist. Creating ...
2025-02-27 19:02:56,675 [s2-impl-thread1] TRACE util.FileUtils (LogUtils.java:runAndLog(49)) - Successfully ran Files.createDirectories /home/runner/work/ratis/ratis/ratis-test/target/test/data/c052983f/MiniRaftClusterWithGrpc11abc1fb/s2/bf0014c9-18e9-4b90-a19b-f6c2015611b8
2025-02-27 19:02:56,676 [s2-impl-thread1] INFO  storage.RaftStorageDirectory (RaftStorageDirectoryImpl.java:tryLock(229)) - Lock on /home/runner/work/ratis/ratis/ratis-test/target/test/data/c052983f/MiniRaftClusterWithGrpc11abc1fb/s2/bf0014c9-18e9-4b90-a19b-f6c2015611b8/in_use.lock acquired by nodename 2465@fv-az797-883.ms55l4kbrubetgbqpnhl3m4njc.dx.internal.cloudapp.net
2025-02-27 19:02:56,676 [s2-impl-thread1] TRACE util.FileUtils (LogUtils.java:runAndLog(49)) - Successfully ran Files.createDirectories /home/runner/work/ratis/ratis/ratis-test/target/test/data/c052983f/MiniRaftClusterWithGrpc11abc1fb/s2/bf0014c9-18e9-4b90-a19b-f6c2015611b8/current
2025-02-27 19:02:56,676 [s2-impl-thread1] TRACE util.FileUtils (LogUtils.java:runAndLog(49)) - Successfully ran Files.createDirectories /home/runner/work/ratis/ratis/ratis-test/target/test/data/c052983f/MiniRaftClusterWithGrpc11abc1fb/s2/bf0014c9-18e9-4b90-a19b-f6c2015611b8/sm
2025-02-27 19:02:56,677 [s2-impl-thread1] TRACE util.FileUtils (LogUtils.java:supplyAndLog(69)) - Successfully supplied FileChannel.open /home/runner/work/ratis/ratis/ratis-test/target/test/data/c052983f/MiniRaftClusterWithGrpc11abc1fb/s2/bf0014c9-18e9-4b90-a19b-f6c2015611b8/current/raft-meta.tmp with options [CREATE, WRITE]: sun.nio.ch.FileChannelImpl@4ffb79b5
2025-02-27 19:02:56,678 [s2-impl-thread1] TRACE util.FileUtils (LogUtils.java:runAndLog(49)) - Successfully ran Atomic Files.move /home/runner/work/ratis/ratis/ratis-test/target/test/data/c052983f/MiniRaftClusterWithGrpc11abc1fb/s2/bf0014c9-18e9-4b90-a19b-f6c2015611b8/current/raft-meta.tmp to /home/runner/work/ratis/ratis/ratis-test/target/test/data/c052983f/MiniRaftClusterWithGrpc11abc1fb/s2/bf0014c9-18e9-4b90-a19b-f6c2015611b8/current/raft-meta with options [REPLACE_EXISTING]
2025-02-27 19:02:56,678 [s2-impl-thread1] INFO  storage.RaftStorage (RaftStorageImpl.java:format(98)) - Storage directory /home/runner/work/ratis/ratis/ratis-test/target/test/data/c052983f/MiniRaftClusterWithGrpc11abc1fb/s2/bf0014c9-18e9-4b90-a19b-f6c2015611b8 has been successfully formatted.
2025-02-27 19:02:56,679 [s2-impl-thread1] INFO  util.AwaitToRun (AwaitToRun.java:start(81)) - Thread[s2@group-F6C2015611B8-cacheEviction-AwaitToRun,5,main] started
2025-02-27 19:02:56,680 [s2-impl-thread1] INFO  segmented.SegmentedRaftLogWorker (SegmentedRaftLogWorker.java:<init>(189)) - new s2@group-F6C2015611B8-SegmentedRaftLogWorker for RaftStorageImpl:Storage Directory /home/runner/work/ratis/ratis/ratis-test/target/test/data/c052983f/MiniRaftClusterWithGrpc11abc1fb/s2/bf0014c9-18e9-4b90-a19b-f6c2015611b8
2025-02-27 19:02:56,681 [s2-impl-thread1] INFO  segmented.SegmentedRaftLogWorker (SegmentedRaftLogWorker.java:lambda$new$0(140)) - s2@group-F6C2015611B8-SegmentedRaftLogWorker: flushIndex: setUnconditionally 0 -> -1
2025-02-27 19:02:56,681 [s2-impl-thread1] INFO  segmented.SegmentedRaftLogWorker (SegmentedRaftLogWorker.java:lambda$new$0(140)) - s2@group-F6C2015611B8-SegmentedRaftLogWorker: safeCacheEvictIndex: setUnconditionally 0 -> -1
2025-02-27 19:02:56,682 [s2-impl-thread1] INFO  server.RaftServer$Division (RaftServerImpl.java:start(408)) - s2@group-F6C2015611B8: start as a follower, conf=conf: {index: -1, cur=peers:[s0|localhost:15000, s1|localhost:15004, s2|localhost:15008]|listeners:[], old=null}
2025-02-27 19:02:56,682 [s2-impl-thread1] INFO  server.RaftServer$Division (RaftServerImpl.java:setRole(395)) - s2@group-F6C2015611B8: changes role from      null to FOLLOWER at term 0 for startAsFollower
2025-02-27 19:02:56,682 [s2-impl-thread1] INFO  impl.RoleInfo (RoleInfo.java:updateAndGet(148)) - s2: start s2@group-F6C2015611B8-FollowerState
2025-02-27 19:02:56,683 [s2@group-F6C2015611B8-FollowerState] INFO  server.RaftServerConfigKeys (ConfUtils.java:logFallback(69)) - raft.server.rpc.first-election.timeout.min = 150ms (fallback to raft.server.rpc.timeout.min)
2025-02-27 19:02:56,683 [s2@group-F6C2015611B8-FollowerState] INFO  server.RaftServerConfigKeys (ConfUtils.java:logFallback(69)) - raft.server.rpc.first-election.timeout.max = 300ms (fallback to raft.server.rpc.timeout.max)
2025-02-27 19:02:56,683 [s2-impl-thread1] INFO  util.JmxRegister (JmxRegister.java:tryRegister(44)) - Successfully registered JMX Bean with object name Ratis:service=RaftServer,group=group-F6C2015611B8,id=s2
2025-02-27 19:02:56,683 [s2-impl-thread1] INFO  util.JmxRegister (JmxRegister.java:register(58)) - register mxBean class org.apache.ratis.server.impl.RaftServerJmxAdapter as Ratis:service=RaftServer,group=group-F6C2015611B8,id=s2
2025-02-27 19:02:56,684 [s2-impl-thread1] INFO  server.RaftServer$Division (RaftServerImpl.java:start(422)) - s2@group-F6C2015611B8: Successfully started.
2025-02-27 19:02:56,685 [main] INFO  server.RaftServer (RaftServerProxy.java:startImpl(408)) - s2: start RPC server
2025-02-27 19:02:56,685 [main] INFO  server.GrpcServicesImpl (GrpcServicesImpl.java:startImpl(353)) - s2: GrpcServicesImpl started, listening on 15010
2025-02-27 19:02:56,686 [main] INFO  server.GrpcServicesImpl (GrpcServicesImpl.java:startImpl(353)) - s2: GrpcServicesImpl started, listening on 15008
2025-02-27 19:02:56,687 [main] INFO  server.GrpcServicesImpl (GrpcServicesImpl.java:startImpl(353)) - s2: GrpcServicesImpl started, listening on 15009
2025-02-27 19:02:56,687 [JvmPauseMonitor2] INFO  util.JvmPauseMonitor (JvmPauseMonitor.java:run(146)) - JvmPauseMonitor-s2: Started
2025-02-27 19:02:56,690 [main] INFO  server.RaftServerConfigKeys (ConfUtils.java:logGet(62)) - raft.server.read.leader.lease.timeout.ratio = 0.5 (custom)
2025-02-27 19:02:56,694 [main] INFO  ratis.RaftTestUtil (RaftTestUtil.java:waitForLeader(108)) - printing ALL groups
  s0:  RUNNING  FOLLOWER s0@group-F6C2015611B8:t0, leader=null, voted=, raftlog=Memoized:s0@group-F6C2015611B8-SegmentedRaftLog:OPENED:c-1:lastnull, conf=conf: {index: -1, cur=peers:[s0|localhost:15000, s1|localhost:15004, s2|localhost:15008]|listeners:[], old=null} RUNNING
  s1:  RUNNING  FOLLOWER s1@group-F6C2015611B8:t0, leader=null, voted=, raftlog=Memoized:s1@group-F6C2015611B8-SegmentedRaftLog:OPENED:c-1:lastnull, conf=conf: {index: -1, cur=peers:[s0|localhost:15000, s1|localhost:15004, s2|localhost:15008]|listeners:[], old=null} RUNNING
  s2:  RUNNING  FOLLOWER s2@group-F6C2015611B8:t0, leader=null, voted=, raftlog=Memoized:s2@group-F6C2015611B8-SegmentedRaftLog:OPENED:c-1:lastnull, conf=conf: {index: -1, cur=peers:[s0|localhost:15000, s1|localhost:15004, s2|localhost:15008]|listeners:[], old=null} RUNNING
2025-02-27 19:02:56,695 [main] WARN  ratis.RaftTestUtil (RaftTestUtil.java:lambda$waitForLeader$3(127)) - Attempt #1 failed: java.lang.IllegalStateException: No leader yet : printing ALL groups
  s0:  RUNNING  FOLLOWER s0@group-F6C2015611B8:t0, leader=null, voted=, raftlog=Memoized:s0@group-F6C2015611B8-SegmentedRaftLog:OPENED:c-1:lastnull, conf=conf: {index: -1, cur=peers:[s0|localhost:15000, s1|localhost:15004, s2|localhost:15008]|listeners:[], old=null} RUNNING
  s1:  RUNNING  FOLLOWER s1@group-F6C2015611B8:t0, leader=null, voted=, raftlog=Memoized:s1@group-F6C2015611B8-SegmentedRaftLog:OPENED:c-1:lastnull, conf=conf: {index: -1, cur=peers:[s0|localhost:15000, s1|localhost:15004, s2|localhost:15008]|listeners:[], old=null} RUNNING
  s2:  RUNNING  FOLLOWER s2@group-F6C2015611B8:t0, leader=null, voted=, raftlog=Memoized:s2@group-F6C2015611B8-SegmentedRaftLog:OPENED:c-1:lastnull, conf=conf: {index: -1, cur=peers:[s0|localhost:15000, s1|localhost:15004, s2|localhost:15008]|listeners:[], old=null} RUNNING
2025-02-27 19:02:56,853 [s2@group-F6C2015611B8-FollowerState] INFO  impl.FollowerState (FollowerState.java:runImpl(161)) - s2@group-F6C2015611B8-FollowerState: change to CANDIDATE, lastRpcElapsedTime:170502773ns, electionTimeout:169ms
2025-02-27 19:02:56,853 [s2@group-F6C2015611B8-FollowerState] INFO  impl.RoleInfo (RoleInfo.java:shutdownFollowerState(121)) - s2: shutdown s2@group-F6C2015611B8-FollowerState
2025-02-27 19:02:56,853 [s2@group-F6C2015611B8-FollowerState] INFO  server.RaftServer$Division (RaftServerImpl.java:setRole(395)) - s2@group-F6C2015611B8: changes role from  FOLLOWER to CANDIDATE at term 0 for changeToCandidate
2025-02-27 19:02:56,855 [s2@group-F6C2015611B8-FollowerState] INFO  server.RaftServerConfigKeys (ConfUtils.java:logGet(62)) - raft.server.leaderelection.pre-vote = true (default)
2025-02-27 19:02:56,856 [s2@group-F6C2015611B8-FollowerState] INFO  impl.RoleInfo (RoleInfo.java:updateAndGet(148)) - s2: start s2@group-F6C2015611B8-LeaderElection1
2025-02-27 19:02:56,858 [s2@group-F6C2015611B8-LeaderElection1] INFO  impl.LeaderElection (LeaderElection.java:askForVotes(332)) - s2@group-F6C2015611B8-LeaderElection1 PRE_VOTE round 0: submit vote requests at term 0 for conf: {index: -1, cur=peers:[s0|localhost:15000, s1|localhost:15004, s2|localhost:15008]|listeners:[], old=null}
2025-02-27 19:02:56,869 [s2@group-F6C2015611B8-LeaderElection1] INFO  server.RaftServerConfigKeys (ConfUtils.java:logFallback(69)) - raft.server.rpc.first-election.timeout.min = 150ms (fallback to raft.server.rpc.timeout.min)
2025-02-27 19:02:56,870 [s2@group-F6C2015611B8-LeaderElection1] INFO  server.RaftServerConfigKeys (ConfUtils.java:logFallback(69)) - raft.server.rpc.first-election.timeout.max = 300ms (fallback to raft.server.rpc.timeout.max)
2025-02-27 19:02:56,871 [s2@group-F6C2015611B8-LeaderElection1-1] INFO  server.GrpcServerProtocolClient (GrpcServerProtocolClient.java:<init>(65)) - Build channel for s0|localhost:15000
2025-02-27 19:02:56,871 [s2@group-F6C2015611B8-LeaderElection1-2] INFO  server.GrpcServerProtocolClient (GrpcServerProtocolClient.java:<init>(65)) - Build channel for s1|localhost:15004
2025-02-27 19:02:56,896 [s1@group-F6C2015611B8-FollowerState] INFO  impl.FollowerState (FollowerState.java:runImpl(161)) - s1@group-F6C2015611B8-FollowerState: change to CANDIDATE, lastRpcElapsedTime:226158490ns, electionTimeout:225ms
2025-02-27 19:02:56,896 [s1@group-F6C2015611B8-FollowerState] INFO  impl.RoleInfo (RoleInfo.java:shutdownFollowerState(121)) - s1: shutdown s1@group-F6C2015611B8-FollowerState
2025-02-27 19:02:56,896 [s1@group-F6C2015611B8-FollowerState] INFO  server.RaftServer$Division (RaftServerImpl.java:setRole(395)) - s1@group-F6C2015611B8: changes role from  FOLLOWER to CANDIDATE at term 0 for changeToCandidate
2025-02-27 19:02:56,896 [s1@group-F6C2015611B8-FollowerState] INFO  impl.RoleInfo (RoleInfo.java:updateAndGet(148)) - s1: start s1@group-F6C2015611B8-LeaderElection2
2025-02-27 19:02:56,897 [s1@group-F6C2015611B8-LeaderElection2] INFO  impl.LeaderElection (LeaderElection.java:askForVotes(332)) - s1@group-F6C2015611B8-LeaderElection2 PRE_VOTE round 0: submit vote requests at term 0 for conf: {index: -1, cur=peers:[s0|localhost:15000, s1|localhost:15004, s2|localhost:15008]|listeners:[], old=null}
2025-02-27 19:02:56,898 [s1@group-F6C2015611B8-LeaderElection2-1] INFO  server.GrpcServerProtocolClient (GrpcServerProtocolClient.java:<init>(65)) - Build channel for s0|localhost:15000
2025-02-27 19:02:56,898 [s1@group-F6C2015611B8-LeaderElection2-2] INFO  server.GrpcServerProtocolClient (GrpcServerProtocolClient.java:<init>(65)) - Build channel for s2|localhost:15008
2025-02-27 19:02:56,899 [s1@group-F6C2015611B8-LeaderElection2] INFO  server.RaftServerConfigKeys (ConfUtils.java:logFallback(69)) - raft.server.rpc.first-election.timeout.min = 150ms (fallback to raft.server.rpc.timeout.min)
2025-02-27 19:02:56,899 [s1@group-F6C2015611B8-LeaderElection2] INFO  server.RaftServerConfigKeys (ConfUtils.java:logFallback(69)) - raft.server.rpc.first-election.timeout.max = 300ms (fallback to raft.server.rpc.timeout.max)
2025-02-27 19:02:56,912 [s0@group-F6C2015611B8-FollowerState] INFO  impl.FollowerState (FollowerState.java:runImpl(161)) - s0@group-F6C2015611B8-FollowerState: change to CANDIDATE, lastRpcElapsedTime:292236835ns, electionTimeout:291ms
2025-02-27 19:02:56,913 [s0@group-F6C2015611B8-FollowerState] INFO  impl.RoleInfo (RoleInfo.java:shutdownFollowerState(121)) - s0: shutdown s0@group-F6C2015611B8-FollowerState
2025-02-27 19:02:56,913 [s0@group-F6C2015611B8-FollowerState] INFO  server.RaftServer$Division (RaftServerImpl.java:setRole(395)) - s0@group-F6C2015611B8: changes role from  FOLLOWER to CANDIDATE at term 0 for changeToCandidate
2025-02-27 19:02:56,913 [s0@group-F6C2015611B8-FollowerState] INFO  impl.RoleInfo (RoleInfo.java:updateAndGet(148)) - s0: start s0@group-F6C2015611B8-LeaderElection3
2025-02-27 19:02:56,913 [s0@group-F6C2015611B8-LeaderElection3] INFO  impl.LeaderElection (LeaderElection.java:askForVotes(332)) - s0@group-F6C2015611B8-LeaderElection3 PRE_VOTE round 0: submit vote requests at term 0 for conf: {index: -1, cur=peers:[s0|localhost:15000, s1|localhost:15004, s2|localhost:15008]|listeners:[], old=null}
2025-02-27 19:02:56,914 [s0@group-F6C2015611B8-LeaderElection3-1] INFO  server.GrpcServerProtocolClient (GrpcServerProtocolClient.java:<init>(65)) - Build channel for s1|localhost:15004
2025-02-27 19:02:56,914 [s0@group-F6C2015611B8-LeaderElection3] INFO  server.RaftServerConfigKeys (ConfUtils.java:logFallback(69)) - raft.server.rpc.first-election.timeout.min = 150ms (fallback to raft.server.rpc.timeout.min)
2025-02-27 19:02:56,914 [s0@group-F6C2015611B8-LeaderElection3] INFO  server.RaftServerConfigKeys (ConfUtils.java:logFallback(69)) - raft.server.rpc.first-election.timeout.max = 300ms (fallback to raft.server.rpc.timeout.max)
2025-02-27 19:02:56,914 [s0@group-F6C2015611B8-LeaderElection3-2] INFO  server.GrpcServerProtocolClient (GrpcServerProtocolClient.java:<init>(65)) - Build channel for s2|localhost:15008
2025-02-27 19:02:57,108 [s2@group-F6C2015611B8-LeaderElection1] INFO  impl.LeaderElection (LeaderElection.java:logAndReturn(90)) - s2@group-F6C2015611B8-LeaderElection1: PRE_VOTE TIMEOUT received 0 response(s) and 0 exception(s):
2025-02-27 19:02:57,108 [s0@group-F6C2015611B8-LeaderElection3] INFO  impl.LeaderElection (LeaderElection.java:logAndReturn(90)) - s0@group-F6C2015611B8-LeaderElection3: PRE_VOTE TIMEOUT received 0 response(s) and 0 exception(s):
2025-02-27 19:02:57,110 [s2@group-F6C2015611B8-LeaderElection1] INFO  impl.LeaderElection (LeaderElection.java:askForVotes(334)) - s2@group-F6C2015611B8-LeaderElection1 PRE_VOTE round 0: result TIMEOUT
2025-02-27 19:02:57,110 [s2@group-F6C2015611B8-LeaderElection1] INFO  impl.LeaderElection (LeaderElection.java:askForVotes(332)) - s2@group-F6C2015611B8-LeaderElection1 PRE_VOTE round 1: submit vote requests at term 0 for conf: {index: -1, cur=peers:[s0|localhost:15000, s1|localhost:15004, s2|localhost:15008]|listeners:[], old=null}
2025-02-27 19:02:57,110 [s0@group-F6C2015611B8-LeaderElection3] INFO  impl.LeaderElection (LeaderElection.java:askForVotes(334)) - s0@group-F6C2015611B8-LeaderElection3 PRE_VOTE round 0: result TIMEOUT
2025-02-27 19:02:57,110 [s0@group-F6C2015611B8-LeaderElection3] INFO  impl.LeaderElection (LeaderElection.java:askForVotes(332)) - s0@group-F6C2015611B8-LeaderElection3 PRE_VOTE round 1: submit vote requests at term 0 for conf: {index: -1, cur=peers:[s0|localhost:15000, s1|localhost:15004, s2|localhost:15008]|listeners:[], old=null}
2025-02-27 19:02:57,113 [s0@group-F6C2015611B8-LeaderElection3] INFO  server.RaftServerConfigKeys (ConfUtils.java:logFallback(69)) - raft.server.rpc.first-election.timeout.min = 150ms (fallback to raft.server.rpc.timeout.min)
2025-02-27 19:02:57,116 [s0@group-F6C2015611B8-LeaderElection3] INFO  server.RaftServerConfigKeys (ConfUtils.java:logFallback(69)) - raft.server.rpc.first-election.timeout.max = 300ms (fallback to raft.server.rpc.timeout.max)
2025-02-27 19:02:57,116 [s2@group-F6C2015611B8-LeaderElection1] INFO  server.RaftServerConfigKeys (ConfUtils.java:logFallback(69)) - raft.server.rpc.first-election.timeout.min = 150ms (fallback to raft.server.rpc.timeout.min)
2025-02-27 19:02:57,117 [s2@group-F6C2015611B8-LeaderElection1] INFO  server.RaftServerConfigKeys (ConfUtils.java:logFallback(69)) - raft.server.rpc.first-election.timeout.max = 300ms (fallback to raft.server.rpc.timeout.max)
2025-02-27 19:02:57,139 [grpc-default-executor-4] INFO  server.RaftServer$Division (RaftServerImpl.java:requestVote(1475)) - s2@group-F6C2015611B8: receive requestVote(PRE_VOTE, s1, group-F6C2015611B8, 0, (t:0, i:0))
2025-02-27 19:02:57,141 [grpc-default-executor-4] INFO  impl.VoteContext (VoteContext.java:log(49)) - s2@group-F6C2015611B8-CANDIDATE: accept PRE_VOTE from s1: our priority 0 <= candidate's priority 0
2025-02-27 19:02:57,141 [grpc-default-executor-3] INFO  server.RaftServer$Division (RaftServerImpl.java:requestVote(1475)) - s1@group-F6C2015611B8: receive requestVote(PRE_VOTE, s0, group-F6C2015611B8, 0, (t:0, i:0))
2025-02-27 19:02:57,141 [grpc-default-executor-3] INFO  impl.VoteContext (VoteContext.java:log(49)) - s1@group-F6C2015611B8-CANDIDATE: accept PRE_VOTE from s0: our priority 0 <= candidate's priority 0
2025-02-27 19:02:57,141 [s1@group-F6C2015611B8-LeaderElection2] INFO  impl.LeaderElection (LeaderElection.java:logAndReturn(90)) - s1@group-F6C2015611B8-LeaderElection2: PRE_VOTE TIMEOUT received 0 response(s) and 0 exception(s):
2025-02-27 19:02:57,142 [s1@group-F6C2015611B8-LeaderElection2] INFO  impl.LeaderElection (LeaderElection.java:askForVotes(334)) - s1@group-F6C2015611B8-LeaderElection2 PRE_VOTE round 0: result TIMEOUT
2025-02-27 19:02:57,139 [grpc-default-executor-0] INFO  server.RaftServer$Division (RaftServerImpl.java:requestVote(1475)) - s2@group-F6C2015611B8: receive requestVote(PRE_VOTE, s0, group-F6C2015611B8, 0, (t:0, i:0))
2025-02-27 19:02:57,139 [grpc-default-executor-5] INFO  server.RaftServer$Division (RaftServerImpl.java:requestVote(1475)) - s0@group-F6C2015611B8: receive requestVote(PRE_VOTE, s1, group-F6C2015611B8, 0, (t:0, i:0))
2025-02-27 19:02:57,141 [grpc-default-executor-6] INFO  server.RaftServer$Division (RaftServerImpl.java:requestVote(1475)) - s1@group-F6C2015611B8: receive requestVote(PRE_VOTE, s2, group-F6C2015611B8, 0, (t:0, i:0))
2025-02-27 19:02:57,141 [grpc-default-executor-2] INFO  server.RaftServer$Division (RaftServerImpl.java:requestVote(1475)) - s0@group-F6C2015611B8: receive requestVote(PRE_VOTE, s2, group-F6C2015611B8, 0, (t:0, i:0))
2025-02-27 19:02:57,144 [grpc-default-executor-5] INFO  impl.VoteContext (VoteContext.java:log(49)) - s0@group-F6C2015611B8-CANDIDATE: accept PRE_VOTE from s1: our priority 0 <= candidate's priority 0
2025-02-27 19:02:57,147 [main] WARN  ratis.RaftTestUtil (RaftTestUtil.java:lambda$waitForLeader$3(127)) - Attempt #2 failed: java.lang.IllegalStateException: No leader yet : printing ALL groups
  s0:  RUNNING CANDIDATE s0@group-F6C2015611B8:t0, leader=null, voted=, raftlog=Memoized:s0@group-F6C2015611B8-SegmentedRaftLog:OPENED:c-1:lastnull, conf=conf: {index: -1, cur=peers:[s0|localhost:15000, s1|localhost:15004, s2|localhost:15008]|listeners:[], old=null} RUNNING
  s1:  RUNNING CANDIDATE s1@group-F6C2015611B8:t0, leader=null, voted=, raftlog=Memoized:s1@group-F6C2015611B8-SegmentedRaftLog:OPENED:c-1:lastnull, conf=conf: {index: -1, cur=peers:[s0|localhost:15000, s1|localhost:15004, s2|localhost:15008]|listeners:[], old=null} RUNNING
  s2:  RUNNING CANDIDATE s2@group-F6C2015611B8:t0, leader=null, voted=, raftlog=Memoized:s2@group-F6C2015611B8-SegmentedRaftLog:OPENED:c-1:lastnull, conf=conf: {index: -1, cur=peers:[s0|localhost:15000, s1|localhost:15004, s2|localhost:15008]|listeners:[], old=null} RUNNING
2025-02-27 19:02:57,149 [grpc-default-executor-5] INFO  server.RaftServer$Division (RaftServerImpl.java:requestVote(1509)) - s0@group-F6C2015611B8 replies to PRE_VOTE vote request: s1<-s0#0:OK-t0. Peer's state: s0@group-F6C2015611B8:t0, leader=null, voted=, raftlog=Memoized:s0@group-F6C2015611B8-SegmentedRaftLog:OPENED:c-1:lastnull, conf=conf: {index: -1, cur=peers:[s0|localhost:15000, s1|localhost:15004, s2|localhost:15008]|listeners:[], old=null}
2025-02-27 19:02:57,149 [grpc-default-executor-2] INFO  impl.VoteContext (VoteContext.java:log(49)) - s0@group-F6C2015611B8-CANDIDATE: accept PRE_VOTE from s2: our priority 0 <= candidate's priority 0
2025-02-27 19:02:57,149 [grpc-default-executor-2] INFO  server.RaftServer$Division (RaftServerImpl.java:requestVote(1509)) - s0@group-F6C2015611B8 replies to PRE_VOTE vote request: s2<-s0#0:OK-t0. Peer's state: s0@group-F6C2015611B8:t0, leader=null, voted=, raftlog=Memoized:s0@group-F6C2015611B8-SegmentedRaftLog:OPENED:c-1:lastnull, conf=conf: {index: -1, cur=peers:[s0|localhost:15000, s1|localhost:15004, s2|localhost:15008]|listeners:[], old=null}
2025-02-27 19:02:57,149 [grpc-default-executor-3] INFO  server.RaftServer$Division (RaftServerImpl.java:requestVote(1509)) - s1@group-F6C2015611B8 replies to PRE_VOTE vote request: s0<-s1#0:OK-t0. Peer's state: s1@group-F6C2015611B8:t0, leader=null, voted=, raftlog=Memoized:s1@group-F6C2015611B8-SegmentedRaftLog:OPENED:c-1:lastnull, conf=conf: {index: -1, cur=peers:[s0|localhost:15000, s1|localhost:15004, s2|localhost:15008]|listeners:[], old=null}
2025-02-27 19:02:57,150 [grpc-default-executor-6] INFO  impl.VoteContext (VoteContext.java:log(49)) - s1@group-F6C2015611B8-CANDIDATE: accept PRE_VOTE from s2: our priority 0 <= candidate's priority 0
2025-02-27 19:02:57,151 [grpc-default-executor-6] INFO  server.RaftServer$Division (RaftServerImpl.java:requestVote(1509)) - s1@group-F6C2015611B8 replies to PRE_VOTE vote request: s2<-s1#0:OK-t0. Peer's state: s1@group-F6C2015611B8:t0, leader=null, voted=, raftlog=Memoized:s1@group-F6C2015611B8-SegmentedRaftLog:OPENED:c-1:lastnull, conf=conf: {index: -1, cur=peers:[s0|localhost:15000, s1|localhost:15004, s2|localhost:15008]|listeners:[], old=null}
2025-02-27 19:02:57,149 [grpc-default-executor-4] INFO  server.RaftServer$Division (RaftServerImpl.java:requestVote(1509)) - s2@group-F6C2015611B8 replies to PRE_VOTE vote request: s1<-s2#0:OK-t0. Peer's state: s2@group-F6C2015611B8:t0, leader=null, voted=, raftlog=Memoized:s2@group-F6C2015611B8-SegmentedRaftLog:OPENED:c-1:lastnull, conf=conf: {index: -1, cur=peers:[s0|localhost:15000, s1|localhost:15004, s2|localhost:15008]|listeners:[], old=null}
2025-02-27 19:02:57,151 [grpc-default-executor-0] INFO  impl.VoteContext (VoteContext.java:log(49)) - s2@group-F6C2015611B8-CANDIDATE: accept PRE_VOTE from s0: our priority 0 <= candidate's priority 0
2025-02-27 19:02:57,152 [grpc-default-executor-0] INFO  server.RaftServer$Division (RaftServerImpl.java:requestVote(1509)) - s2@group-F6C2015611B8 replies to PRE_VOTE vote request: s0<-s2#0:OK-t0. Peer's state: s2@group-F6C2015611B8:t0, leader=null, voted=, raftlog=Memoized:s2@group-F6C2015611B8-SegmentedRaftLog:OPENED:c-1:lastnull, conf=conf: {index: -1, cur=peers:[s0|localhost:15000, s1|localhost:15004, s2|localhost:15008]|listeners:[], old=null}
2025-02-27 19:02:57,153 [s1@group-F6C2015611B8-LeaderElection2] INFO  impl.LeaderElection (LeaderElection.java:askForVotes(332)) - s1@group-F6C2015611B8-LeaderElection2 PRE_VOTE round 1: submit vote requests at term 0 for conf: {index: -1, cur=peers:[s0|localhost:15000, s1|localhost:15004, s2|localhost:15008]|listeners:[], old=null}
2025-02-27 19:02:57,155 [s1@group-F6C2015611B8-LeaderElection2] INFO  server.RaftServerConfigKeys (ConfUtils.java:logFallback(69)) - raft.server.rpc.first-election.timeout.min = 150ms (fallback to raft.server.rpc.timeout.min)
2025-02-27 19:02:57,155 [s1@group-F6C2015611B8-LeaderElection2] INFO  server.RaftServerConfigKeys (ConfUtils.java:logFallback(69)) - raft.server.rpc.first-election.timeout.max = 300ms (fallback to raft.server.rpc.timeout.max)
2025-02-27 19:02:57,157 [s2@group-F6C2015611B8-LeaderElection1] INFO  impl.LeaderElection (LeaderElection.java:logAndReturn(90)) - s2@group-F6C2015611B8-LeaderElection1: PRE_VOTE PASSED received 1 response(s) and 0 exception(s):
2025-02-27 19:02:57,158 [s2@group-F6C2015611B8-LeaderElection1] INFO  impl.LeaderElection (LeaderElection.java:logAndReturn(94)) -   Response 0: s2<-s0#0:OK-t0
2025-02-27 19:02:57,158 [s2@group-F6C2015611B8-LeaderElection1] INFO  impl.LeaderElection (LeaderElection.java:askForVotes(334)) - s2@group-F6C2015611B8-LeaderElection1 PRE_VOTE round 1: result PASSED
2025-02-27 19:02:57,158 [s2@group-F6C2015611B8-LeaderElection1] TRACE util.FileUtils (LogUtils.java:supplyAndLog(69)) - Successfully supplied FileChannel.open /home/runner/work/ratis/ratis/ratis-test/target/test/data/c052983f/MiniRaftClusterWithGrpc11abc1fb/s2/bf0014c9-18e9-4b90-a19b-f6c2015611b8/current/raft-meta.tmp with options [CREATE, WRITE]: sun.nio.ch.FileChannelImpl@41bdd101
2025-02-27 19:02:57,159 [grpc-default-executor-3] INFO  server.RaftServer$Division (RaftServerImpl.java:requestVote(1475)) - s0@group-F6C2015611B8: receive requestVote(PRE_VOTE, s1, group-F6C2015611B8, 0, (t:0, i:0))
2025-02-27 19:02:57,159 [grpc-default-executor-3] INFO  impl.VoteContext (VoteContext.java:log(49)) - s0@group-F6C2015611B8-CANDIDATE: accept PRE_VOTE from s1: our priority 0 <= candidate's priority 0
2025-02-27 19:02:57,159 [grpc-default-executor-3] INFO  server.RaftServer$Division (RaftServerImpl.java:requestVote(1509)) - s0@group-F6C2015611B8 replies to PRE_VOTE vote request: s1<-s0#0:OK-t0. Peer's state: s0@group-F6C2015611B8:t0, leader=null, voted=, raftlog=Memoized:s0@group-F6C2015611B8-SegmentedRaftLog:OPENED:c-1:lastnull, conf=conf: {index: -1, cur=peers:[s0|localhost:15000, s1|localhost:15004, s2|localhost:15008]|listeners:[], old=null}
2025-02-27 19:02:57,162 [grpc-default-executor-0] INFO  server.RaftServer$Division (RaftServerImpl.java:requestVote(1475)) - s2@group-F6C2015611B8: receive requestVote(PRE_VOTE, s1, group-F6C2015611B8, 0, (t:0, i:0))
2025-02-27 19:02:57,162 [s0@group-F6C2015611B8-LeaderElection3] INFO  impl.LeaderElection (LeaderElection.java:logAndReturn(90)) - s0@group-F6C2015611B8-LeaderElection3: PRE_VOTE PASSED received 1 response(s) and 0 exception(s):
2025-02-27 19:02:57,162 [s2@group-F6C2015611B8-LeaderElection1] TRACE util.FileUtils (LogUtils.java:runAndLog(49)) - Successfully ran Atomic Files.move /home/runner/work/ratis/ratis/ratis-test/target/test/data/c052983f/MiniRaftClusterWithGrpc11abc1fb/s2/bf0014c9-18e9-4b90-a19b-f6c2015611b8/current/raft-meta.tmp to /home/runner/work/ratis/ratis/ratis-test/target/test/data/c052983f/MiniRaftClusterWithGrpc11abc1fb/s2/bf0014c9-18e9-4b90-a19b-f6c2015611b8/current/raft-meta with options [REPLACE_EXISTING]
2025-02-27 19:02:57,163 [s2@group-F6C2015611B8-LeaderElection1] INFO  impl.LeaderElection (LeaderElection.java:askForVotes(332)) - s2@group-F6C2015611B8-LeaderElection1 ELECTION round 1: submit vote requests at term 1 for conf: {index: -1, cur=peers:[s0|localhost:15000, s1|localhost:15004, s2|localhost:15008]|listeners:[], old=null}
2025-02-27 19:02:57,163 [s0@group-F6C2015611B8-LeaderElection3] INFO  impl.LeaderElection (LeaderElection.java:logAndReturn(94)) -   Response 0: s0<-s1#0:OK-t0
2025-02-27 19:02:57,163 [s0@group-F6C2015611B8-LeaderElection3] INFO  impl.LeaderElection (LeaderElection.java:askForVotes(334)) - s0@group-F6C2015611B8-LeaderElection3 PRE_VOTE round 1: result PASSED
2025-02-27 19:02:57,163 [grpc-default-executor-0] INFO  impl.VoteContext (VoteContext.java:log(49)) - s2@group-F6C2015611B8-CANDIDATE: accept PRE_VOTE from s1: our priority 0 <= candidate's priority 0
2025-02-27 19:02:57,163 [s0@group-F6C2015611B8-LeaderElection3] TRACE util.FileUtils (LogUtils.java:supplyAndLog(69)) - Successfully supplied FileChannel.open /home/runner/work/ratis/ratis/ratis-test/target/test/data/c052983f/MiniRaftClusterWithGrpc11abc1fb/s0/bf0014c9-18e9-4b90-a19b-f6c2015611b8/current/raft-meta.tmp with options [CREATE, WRITE]: sun.nio.ch.FileChannelImpl@2ac49711
2025-02-27 19:02:57,163 [grpc-default-executor-0] INFO  server.RaftServer$Division (RaftServerImpl.java:requestVote(1509)) - s2@group-F6C2015611B8 replies to PRE_VOTE vote request: s1<-s2#0:OK-t1. Peer's state: s2@group-F6C2015611B8:t1, leader=null, voted=s2, raftlog=Memoized:s2@group-F6C2015611B8-SegmentedRaftLog:OPENED:c-1:lastnull, conf=conf: {index: -1, cur=peers:[s0|localhost:15000, s1|localhost:15004, s2|localhost:15008]|listeners:[], old=null}
2025-02-27 19:02:57,164 [s2@group-F6C2015611B8-LeaderElection1] INFO  server.RaftServerConfigKeys (ConfUtils.java:logFallback(69)) - raft.server.rpc.first-election.timeout.min = 150ms (fallback to raft.server.rpc.timeout.min)
2025-02-27 19:02:57,164 [s2@group-F6C2015611B8-LeaderElection1] INFO  server.RaftServerConfigKeys (ConfUtils.java:logFallback(69)) - raft.server.rpc.first-election.timeout.max = 300ms (fallback to raft.server.rpc.timeout.max)
2025-02-27 19:02:57,167 [s1@group-F6C2015611B8-LeaderElection2] INFO  impl.LeaderElection (LeaderElection.java:logAndReturn(90)) - s1@group-F6C2015611B8-LeaderElection2: PRE_VOTE DISCOVERED_A_NEW_TERM (term=1) received 1 response(s) and 0 exception(s):
2025-02-27 19:02:57,167 [s1@group-F6C2015611B8-LeaderElection2] INFO  impl.LeaderElection (LeaderElection.java:logAndReturn(94)) -   Response 0: s1<-s2#0:OK-t1
2025-02-27 19:02:57,167 [s1@group-F6C2015611B8-LeaderElection2] INFO  impl.LeaderElection (LeaderElection.java:askForVotes(334)) - s1@group-F6C2015611B8-LeaderElection2 PRE_VOTE round 1: result DISCOVERED_A_NEW_TERM (term=1)
2025-02-27 19:02:57,167 [s1@group-F6C2015611B8-LeaderElection2] INFO  server.RaftServer$Division (RaftServerImpl.java:setRole(395)) - s1@group-F6C2015611B8: changes role from CANDIDATE to FOLLOWER at term 0 for DISCOVERED_A_NEW_TERM (term=1)
2025-02-27 19:02:57,167 [s1@group-F6C2015611B8-LeaderElection2] INFO  impl.RoleInfo (RoleInfo.java:shutdownLeaderElection(141)) - s1: shutdown s1@group-F6C2015611B8-LeaderElection2
2025-02-27 19:02:57,168 [s1@group-F6C2015611B8-LeaderElection2] INFO  impl.RoleInfo (RoleInfo.java:updateAndGet(148)) - s1: start s1@group-F6C2015611B8-FollowerState
2025-02-27 19:02:57,168 [s1@group-F6C2015611B8-FollowerState] INFO  server.RaftServerConfigKeys (ConfUtils.java:logFallback(69)) - raft.server.rpc.first-election.timeout.min = 150ms (fallback to raft.server.rpc.timeout.min)
2025-02-27 19:02:57,169 [s1@group-F6C2015611B8-FollowerState] INFO  server.RaftServerConfigKeys (ConfUtils.java:logFallback(69)) - raft.server.rpc.first-election.timeout.max = 300ms (fallback to raft.server.rpc.timeout.max)
2025-02-27 19:02:57,169 [s1@group-F6C2015611B8-LeaderElection2] INFO  server.RaftServer$Division (RaftServerImpl.java:setFirstElection(579)) - s1@group-F6C2015611B8: set firstElectionSinceStartup to false for DISCOVERED_A_NEW_TERM (term=1)
2025-02-27 19:02:57,169 [s1@group-F6C2015611B8-LeaderElection2] TRACE util.FileUtils (LogUtils.java:supplyAndLog(69)) - Successfully supplied FileChannel.open /home/runner/work/ratis/ratis/ratis-test/target/test/data/c052983f/MiniRaftClusterWithGrpc11abc1fb/s1/bf0014c9-18e9-4b90-a19b-f6c2015611b8/current/raft-meta.tmp with options [CREATE, WRITE]: sun.nio.ch.FileChannelImpl@6a57fbb6
2025-02-27 19:02:57,171 [grpc-default-executor-0] INFO  server.RaftServer$Division (RaftServerImpl.java:requestVote(1475)) - s0@group-F6C2015611B8: receive requestVote(ELECTION, s2, group-F6C2015611B8, 1, (t:0, i:0))
2025-02-27 19:02:57,172 [s1@group-F6C2015611B8-LeaderElection2] TRACE util.FileUtils (LogUtils.java:runAndLog(49)) - Successfully ran Atomic Files.move /home/runner/work/ratis/ratis/ratis-test/target/test/data/c052983f/MiniRaftClusterWithGrpc11abc1fb/s1/bf0014c9-18e9-4b90-a19b-f6c2015611b8/current/raft-meta.tmp to /home/runner/work/ratis/ratis/ratis-test/target/test/data/c052983f/MiniRaftClusterWithGrpc11abc1fb/s1/bf0014c9-18e9-4b90-a19b-f6c2015611b8/current/raft-meta with options [REPLACE_EXISTING]
2025-02-27 19:02:57,173 [s0@group-F6C2015611B8-LeaderElection3] TRACE util.FileUtils (LogUtils.java:runAndLog(49)) - Successfully ran Atomic Files.move /home/runner/work/ratis/ratis/ratis-test/target/test/data/c052983f/MiniRaftClusterWithGrpc11abc1fb/s0/bf0014c9-18e9-4b90-a19b-f6c2015611b8/current/raft-meta.tmp to /home/runner/work/ratis/ratis/ratis-test/target/test/data/c052983f/MiniRaftClusterWithGrpc11abc1fb/s0/bf0014c9-18e9-4b90-a19b-f6c2015611b8/current/raft-meta with options [REPLACE_EXISTING]
2025-02-27 19:02:57,173 [s0@group-F6C2015611B8-LeaderElection3] INFO  impl.LeaderElection (LeaderElection.java:askForVotes(332)) - s0@group-F6C2015611B8-LeaderElection3 ELECTION round 1: submit vote requests at term 1 for conf: {index: -1, cur=peers:[s0|localhost:15000, s1|localhost:15004, s2|localhost:15008]|listeners:[], old=null}
2025-02-27 19:02:57,175 [grpc-default-executor-3] INFO  server.RaftServer$Division (RaftServerImpl.java:requestVote(1475)) - s1@group-F6C2015611B8: receive requestVote(ELECTION, s2, group-F6C2015611B8, 1, (t:0, i:0))
2025-02-27 19:02:57,175 [grpc-default-executor-3] INFO  impl.VoteContext (VoteContext.java:log(49)) - s1@group-F6C2015611B8-FOLLOWER: accept ELECTION from s2: our priority 0 <= candidate's priority 0
2025-02-27 19:02:57,176 [grpc-default-executor-3] INFO  server.RaftServer$Division (RaftServerImpl.java:setRole(395)) - s1@group-F6C2015611B8: changes role from  FOLLOWER to FOLLOWER at term 1 for candidate:s2
2025-02-27 19:02:57,176 [grpc-default-executor-3] INFO  impl.RoleInfo (RoleInfo.java:shutdownFollowerState(121)) - s1: shutdown s1@group-F6C2015611B8-FollowerState
2025-02-27 19:02:57,176 [grpc-default-executor-0] INFO  impl.VoteContext (VoteContext.java:log(49)) - s0@group-F6C2015611B8-CANDIDATE: reject ELECTION from s2: already has voted for s0 at current term 1
2025-02-27 19:02:57,176 [grpc-default-executor-0] INFO  server.RaftServer$Division (RaftServerImpl.java:requestVote(1509)) - s0@group-F6C2015611B8 replies to ELECTION vote request: s2<-s0#0:FAIL-t1. Peer's state: s0@group-F6C2015611B8:t1, leader=null, voted=s0, raftlog=Memoized:s0@group-F6C2015611B8-SegmentedRaftLog:OPENED:c-1:lastnull, conf=conf: {index: -1, cur=peers:[s0|localhost:15000, s1|localhost:15004, s2|localhost:15008]|listeners:[], old=null}
2025-02-27 19:02:57,179 [s0@group-F6C2015611B8-LeaderElection3] INFO  server.RaftServerConfigKeys (ConfUtils.java:logFallback(69)) - raft.server.rpc.first-election.timeout.min = 150ms (fallback to raft.server.rpc.timeout.min)
2025-02-27 19:02:57,179 [s0@group-F6C2015611B8-LeaderElection3] INFO  server.RaftServerConfigKeys (ConfUtils.java:logFallback(69)) - raft.server.rpc.first-election.timeout.max = 300ms (fallback to raft.server.rpc.timeout.max)
2025-02-27 19:02:57,179 [s1@group-F6C2015611B8-FollowerState] INFO  impl.FollowerState (FollowerState.java:runImpl(170)) - s1@group-F6C2015611B8-FollowerState was interrupted
2025-02-27 19:02:57,180 [grpc-default-executor-0] INFO  server.RaftServer$Division (RaftServerImpl.java:requestVote(1475)) - s1@group-F6C2015611B8: receive requestVote(ELECTION, s0, group-F6C2015611B8, 1, (t:0, i:0))
2025-02-27 19:02:57,179 [grpc-default-executor-3] INFO  impl.RoleInfo (RoleInfo.java:updateAndGet(148)) - s1: start s1@group-F6C2015611B8-FollowerState
2025-02-27 19:02:57,180 [grpc-default-executor-3] TRACE util.FileUtils (LogUtils.java:supplyAndLog(69)) - Successfully supplied FileChannel.open /home/runner/work/ratis/ratis/ratis-test/target/test/data/c052983f/MiniRaftClusterWithGrpc11abc1fb/s1/bf0014c9-18e9-4b90-a19b-f6c2015611b8/current/raft-meta.tmp with options [CREATE, WRITE]: sun.nio.ch.FileChannelImpl@6c89faba
2025-02-27 19:02:57,182 [grpc-default-executor-4] INFO  server.RaftServer$Division (RaftServerImpl.java:requestVote(1475)) - s2@group-F6C2015611B8: receive requestVote(ELECTION, s0, group-F6C2015611B8, 1, (t:0, i:0))
2025-02-27 19:02:57,182 [grpc-default-executor-4] INFO  impl.VoteContext (VoteContext.java:log(49)) - s2@group-F6C2015611B8-CANDIDATE: reject ELECTION from s0: already has voted for s2 at current term 1
2025-02-27 19:02:57,182 [grpc-default-executor-4] INFO  server.RaftServer$Division (RaftServerImpl.java:requestVote(1509)) - s2@group-F6C2015611B8 replies to ELECTION vote request: s0<-s2#0:FAIL-t1. Peer's state: s2@group-F6C2015611B8:t1, leader=null, voted=s2, raftlog=Memoized:s2@group-F6C2015611B8-SegmentedRaftLog:OPENED:c-1:lastnull, conf=conf: {index: -1, cur=peers:[s0|localhost:15000, s1|localhost:15004, s2|localhost:15008]|listeners:[], old=null}
2025-02-27 19:02:57,182 [grpc-default-executor-3] TRACE util.FileUtils (LogUtils.java:runAndLog(49)) - Successfully ran Atomic Files.move /home/runner/work/ratis/ratis/ratis-test/target/test/data/c052983f/MiniRaftClusterWithGrpc11abc1fb/s1/bf0014c9-18e9-4b90-a19b-f6c2015611b8/current/raft-meta.tmp to /home/runner/work/ratis/ratis/ratis-test/target/test/data/c052983f/MiniRaftClusterWithGrpc11abc1fb/s1/bf0014c9-18e9-4b90-a19b-f6c2015611b8/current/raft-meta with options [REPLACE_EXISTING]
2025-02-27 19:02:57,184 [grpc-default-executor-3] INFO  server.RaftServer$Division (RaftServerImpl.java:requestVote(1509)) - s1@group-F6C2015611B8 replies to ELECTION vote request: s2<-s1#0:OK-t1. Peer's state: s1@group-F6C2015611B8:t1, leader=null, voted=s2, raftlog=Memoized:s1@group-F6C2015611B8-SegmentedRaftLog:OPENED:c-1:lastnull, conf=conf: {index: -1, cur=peers:[s0|localhost:15000, s1|localhost:15004, s2|localhost:15008]|listeners:[], old=null}
2025-02-27 19:02:57,184 [grpc-default-executor-0] INFO  impl.VoteContext (VoteContext.java:log(49)) - s1@group-F6C2015611B8-FOLLOWER: reject ELECTION from s0: already has voted for s2 at current term 1
2025-02-27 19:02:57,184 [grpc-default-executor-0] INFO  server.RaftServer$Division (RaftServerImpl.java:requestVote(1509)) - s1@group-F6C2015611B8 replies to ELECTION vote request: s0<-s1#0:FAIL-t1. Peer's state: s1@group-F6C2015611B8:t1, leader=null, voted=s2, raftlog=Memoized:s1@group-F6C2015611B8-SegmentedRaftLog:OPENED:c-1:lastnull, conf=conf: {index: -1, cur=peers:[s0|localhost:15000, s1|localhost:15004, s2|localhost:15008]|listeners:[], old=null}
2025-02-27 19:02:57,186 [s0@group-F6C2015611B8-LeaderElection3] INFO  impl.LeaderElection (LeaderElection.java:logAndReturn(90)) - s0@group-F6C2015611B8-LeaderElection3: ELECTION REJECTED received 2 response(s) and 0 exception(s):
2025-02-27 19:02:57,186 [s0@group-F6C2015611B8-LeaderElection3] INFO  impl.LeaderElection (LeaderElection.java:logAndReturn(94)) -   Response 0: s0<-s1#0:FAIL-t1
2025-02-27 19:02:57,186 [s0@group-F6C2015611B8-LeaderElection3] INFO  impl.LeaderElection (LeaderElection.java:logAndReturn(94)) -   Response 1: s0<-s2#0:FAIL-t1
2025-02-27 19:02:57,187 [s0@group-F6C2015611B8-LeaderElection3] INFO  impl.LeaderElection (LeaderElection.java:askForVotes(334)) - s0@group-F6C2015611B8-LeaderElection3 ELECTION round 1: result REJECTED
2025-02-27 19:02:57,187 [s0@group-F6C2015611B8-LeaderElection3] INFO  server.RaftServer$Division (RaftServerImpl.java:setRole(395)) - s0@group-F6C2015611B8: changes role from CANDIDATE to FOLLOWER at term 1 for REJECTED
2025-02-27 19:02:57,187 [s0@group-F6C2015611B8-LeaderElection3] INFO  impl.RoleInfo (RoleInfo.java:shutdownLeaderElection(141)) - s0: shutdown s0@group-F6C2015611B8-LeaderElection3
2025-02-27 19:02:57,187 [s0@group-F6C2015611B8-LeaderElection3] INFO  impl.RoleInfo (RoleInfo.java:updateAndGet(148)) - s0: start s0@group-F6C2015611B8-FollowerState
2025-02-27 19:02:57,187 [s2@group-F6C2015611B8-LeaderElection1] INFO  impl.LeaderElection (LeaderElection.java:logAndReturn(90)) - s2@group-F6C2015611B8-LeaderElection1: ELECTION PASSED received 2 response(s) and 0 exception(s):
2025-02-27 19:02:57,188 [s2@group-F6C2015611B8-LeaderElection1] INFO  impl.LeaderElection (LeaderElection.java:logAndReturn(94)) -   Response 0: s2<-s0#0:FAIL-t1
2025-02-27 19:02:57,188 [s2@group-F6C2015611B8-LeaderElection1] INFO  impl.LeaderElection (LeaderElection.java:logAndReturn(94)) -   Response 1: s2<-s1#0:OK-t1
2025-02-27 19:02:57,189 [s0@group-F6C2015611B8-LeaderElection3] INFO  server.RaftServer$Division (RaftServerImpl.java:setFirstElection(579)) - s0@group-F6C2015611B8: set firstElectionSinceStartup to false for REJECTED
2025-02-27 19:02:57,189 [s2@group-F6C2015611B8-LeaderElection1] INFO  impl.LeaderElection (LeaderElection.java:askForVotes(334)) - s2@group-F6C2015611B8-LeaderElection1 ELECTION round 1: result PASSED
2025-02-27 19:02:57,190 [s2@group-F6C2015611B8-LeaderElection1] INFO  impl.RoleInfo (RoleInfo.java:shutdownLeaderElection(141)) - s2: shutdown s2@group-F6C2015611B8-LeaderElection1
2025-02-27 19:02:57,190 [s2@group-F6C2015611B8-LeaderElection1] INFO  server.RaftServer$Division (RaftServerImpl.java:setRole(395)) - s2@group-F6C2015611B8: changes role from CANDIDATE to LEADER at term 1 for changeToLeader
2025-02-27 19:02:57,193 [s2@group-F6C2015611B8-LeaderElection1] INFO  server.RaftServerConfigKeys (ConfUtils.java:logGet(62)) - raft.server.staging.catchup.gap = 1000 (default)
2025-02-27 19:02:57,194 [s2@group-F6C2015611B8-LeaderElection1] INFO  server.RaftServerConfigKeys (ConfUtils.java:logFallback(69)) - raft.server.staging.timeout = 900ms (fallback to raft.server.rpc.timeout.max)
2025-02-27 19:02:57,197 [s2@group-F6C2015611B8-LeaderElection1] INFO  server.RaftServerConfigKeys (ConfUtils.java:logGet(62)) - raft.server.write.element-limit = 4096 (default)
2025-02-27 19:02:57,197 [s2@group-F6C2015611B8-LeaderElection1] INFO  server.RaftServerConfigKeys (ConfUtils.java:logGet(62)) - raft.server.write.byte-limit = 64MB (=67108864) (default)
2025-02-27 19:02:57,200 [s2@group-F6C2015611B8-LeaderElection1] INFO  server.RaftServerConfigKeys (ConfUtils.java:logGet(62)) - raft.server.watch.timeout = 10s (default)
2025-02-27 19:02:57,200 [s2@group-F6C2015611B8-LeaderElection1] INFO  server.RaftServerConfigKeys (ConfUtils.java:logGet(62)) - raft.server.watch.timeout.denomination = 1s (default)
2025-02-27 19:02:57,200 [s2@group-F6C2015611B8-LeaderElection1] INFO  server.RaftServerConfigKeys (ConfUtils.java:logGet(62)) - raft.server.watch.element-limit = 65536 (default)
2025-02-27 19:02:57,205 [s2@group-F6C2015611B8-LeaderElection1] INFO  server.RaftServerConfigKeys (ConfUtils.java:logGet(62)) - raft.server.read.leader.lease.enabled = true (custom)
2025-02-27 19:02:57,206 [s2@group-F6C2015611B8-LeaderElection1] INFO  server.RaftServerConfigKeys (ConfUtils.java:logGet(62)) - raft.server.log.log-metadata.enabled = true (default)
2025-02-27 19:02:57,206 [s2@group-F6C2015611B8-LeaderElection1] INFO  server.RaftServerConfigKeys (ConfUtils.java:logGet(62)) - raft.server.write.follower.gap.ratio.max = -1.0 (default)
2025-02-27 19:02:57,212 [s2@group-F6C2015611B8-LeaderElection1] INFO  server.RaftServerConfigKeys (ConfUtils.java:logGet(62)) - raft.server.log.appender.snapshot.chunk.size.max = 16MB (=16777216) (default)
2025-02-27 19:02:57,214 [s2@group-F6C2015611B8-LeaderElection1] INFO  server.RaftServerConfigKeys (ConfUtils.java:logGet(62)) - raft.server.log.appender.wait-time.min = 1ms (default)
2025-02-27 19:02:57,215 [s2@group-F6C2015611B8-LeaderElection1] INFO  grpc.GrpcConfigKeys (ConfUtils.java:logGet(62)) - raft.grpc.server.leader.outstanding.appends.max = 8 (default)
2025-02-27 19:02:57,215 [s2@group-F6C2015611B8-LeaderElection1] INFO  grpc.GrpcConfigKeys (ConfUtils.java:logGet(62)) - raft.grpc.server.install_snapshot.request.element-limit = 8 (default)
2025-02-27 19:02:57,215 [s2@group-F6C2015611B8-LeaderElection1] INFO  grpc.GrpcConfigKeys (ConfUtils.java:logGet(62)) - raft.grpc.server.install_snapshot.request.timeout = 3000ms (default)
2025-02-27 19:02:57,216 [s2@group-F6C2015611B8-LeaderElection1] INFO  grpc.GrpcConfigKeys (ConfUtils.java:logGet(62)) - raft.grpc.server.log-message.batch.duration = 5s (default)
2025-02-27 19:02:57,220 [s2@group-F6C2015611B8-LeaderElection1] INFO  impl.RoleInfo (RoleInfo.java:updateAndGet(148)) - s2: start s2@group-F6C2015611B8-LeaderStateImpl
2025-02-27 19:02:57,220 [s2@group-F6C2015611B8-LeaderElection1] INFO  server.RaftServer$Division (RaftServerImpl.java:setFirstElection(579)) - s2@group-F6C2015611B8: set firstElectionSinceStartup to false for becomeLeader
2025-02-27 19:02:57,220 [s2@group-F6C2015611B8-LeaderElection1] INFO  server.RaftServer$Division (ServerState.java:setLeader(272)) - s2@group-F6C2015611B8: change Leader from null to s2 at term 1 for becomeLeader, leader elected after 703ms
2025-02-27 19:02:57,304 [s2@group-F6C2015611B8-LeaderElection1] INFO  segmented.SegmentedRaftLogWorker (SegmentedRaftLogWorker.java:startLogSegment(443)) - s2@group-F6C2015611B8-SegmentedRaftLogWorker: Starting segment from index:0
2025-02-27 19:02:57,344 [s2@group-F6C2015611B8-LeaderElection1] INFO  server.RaftServer$Division (ServerState.java:setRaftConf(386)) - s2@group-F6C2015611B8: set configuration conf: {index: 0, cur=peers:[s0|localhost:15000, s1|localhost:15004, s2|localhost:15008]|listeners:[], old=null}
2025-02-27 19:02:57,362 [s2@group-F6C2015611B8-SegmentedRaftLogWorker] INFO  segmented.BufferedWriteChannel (BufferedWriteChannel.java:open(61)) - open log_inprogress_0 at position 0
2025-02-27 19:02:57,376 [s2@group-F6C2015611B8->s0-GrpcLogAppender-LogAppenderDaemon] INFO  server.RaftServerConfigKeys (ConfUtils.java:logGet(62)) - raft.server.log.appender.buffer.element-limit = 0 (default)
2025-02-27 19:02:57,381 [grpc-default-executor-0] INFO  server.RaftServer$Division (ServerState.java:setLeader(272)) - s0@group-F6C2015611B8: change Leader from null to s2 at term 1 for appendEntries, leader elected after 864ms
2025-02-27 19:02:57,381 [grpc-default-executor-2] INFO  server.RaftServer$Division (ServerState.java:setLeader(272)) - s1@group-F6C2015611B8: change Leader from null to s2 at term 1 for appendEntries, leader elected after 864ms
2025-02-27 19:02:57,386 [s2@group-F6C2015611B8-SegmentedRaftLogWorker] INFO  segmented.SegmentedRaftLogWorker (SegmentedRaftLogWorker.java:execute(667)) - s2@group-F6C2015611B8-SegmentedRaftLogWorker: created new log segment /home/runner/work/ratis/ratis/ratis-test/target/test/data/c052983f/MiniRaftClusterWithGrpc11abc1fb/s2/bf0014c9-18e9-4b90-a19b-f6c2015611b8/current/log_inprogress_0
2025-02-27 19:02:57,397 [grpc-default-executor-3] DEBUG server.RaftServer$Division (RaftServerImpl.java:logAppendEntries(1581)) - s1@group-F6C2015611B8: appendEntries* s2->s1#1-t1,previous=(t:0, i:0),leaderCommit=-1,initializing? false,entries: size=1, first=(t:1, i:0), CONFIGURATIONENTRY(current:id:"s0"address:"localhost:15000"dataStreamAddress:"localhost:15003"clientAddress:"localhost:15002"adminAddress:"localhost:15001"startupRole:FOLLOWER, id:"s1"address:"localhost:15004"dataStreamAddress:"localhost:15007"clientAddress:"localhost:15006"adminAddress:"localhost:15005"startupRole:FOLLOWER, id:"s2"address:"localhost:15008"dataStreamAddress:"localhost:15011"clientAddress:"localhost:15010"adminAddress:"localhost:15009"startupRole:FOLLOWER, old:)
2025-02-27 19:02:57,397 [grpc-default-executor-0] DEBUG server.RaftServer$Division (RaftServerImpl.java:logAppendEntries(1581)) - s0@group-F6C2015611B8: appendEntries* s2->s0#1-t1,previous=(t:0, i:0),leaderCommit=-1,initializing? false,entries: size=1, first=(t:1, i:0), CONFIGURATIONENTRY(current:id:"s0"address:"localhost:15000"dataStreamAddress:"localhost:15003"clientAddress:"localhost:15002"adminAddress:"localhost:15001"startupRole:FOLLOWER, id:"s1"address:"localhost:15004"dataStreamAddress:"localhost:15007"clientAddress:"localhost:15006"adminAddress:"localhost:15005"startupRole:FOLLOWER, id:"s2"address:"localhost:15008"dataStreamAddress:"localhost:15011"clientAddress:"localhost:15010"adminAddress:"localhost:15009"startupRole:FOLLOWER, old:)
2025-02-27 19:02:57,399 [grpc-default-executor-0] INFO  server.RaftServer$Division (ServerState.java:setRaftConf(386)) - s0@group-F6C2015611B8: set configuration conf: {index: 0, cur=peers:[s0|localhost:15000, s1|localhost:15004, s2|localhost:15008]|listeners:[], old=null}
2025-02-27 19:02:57,399 [grpc-default-executor-3] INFO  server.RaftServer$Division (ServerState.java:setRaftConf(386)) - s1@group-F6C2015611B8: set configuration conf: {index: 0, cur=peers:[s0|localhost:15000, s1|localhost:15004, s2|localhost:15008]|listeners:[], old=null}
2025-02-27 19:02:57,401 [grpc-default-executor-0] INFO  segmented.SegmentedRaftLogWorker (SegmentedRaftLogWorker.java:startLogSegment(443)) - s0@group-F6C2015611B8-SegmentedRaftLogWorker: Starting segment from index:0
2025-02-27 19:02:57,401 [grpc-default-executor-3] INFO  segmented.SegmentedRaftLogWorker (SegmentedRaftLogWorker.java:startLogSegment(443)) - s1@group-F6C2015611B8-SegmentedRaftLogWorker: Starting segment from index:0
2025-02-27 19:02:57,402 [s0@group-F6C2015611B8-SegmentedRaftLogWorker] INFO  segmented.BufferedWriteChannel (BufferedWriteChannel.java:open(61)) - open log_inprogress_0 at position 0
2025-02-27 19:02:57,403 [s1@group-F6C2015611B8-SegmentedRaftLogWorker] INFO  segmented.BufferedWriteChannel (BufferedWriteChannel.java:open(61)) - open log_inprogress_0 at position 0
2025-02-27 19:02:57,414 [s1@group-F6C2015611B8-SegmentedRaftLogWorker] INFO  segmented.SegmentedRaftLogWorker (SegmentedRaftLogWorker.java:execute(667)) - s1@group-F6C2015611B8-SegmentedRaftLogWorker: created new log segment /home/runner/work/ratis/ratis/ratis-test/target/test/data/c052983f/MiniRaftClusterWithGrpc11abc1fb/s1/bf0014c9-18e9-4b90-a19b-f6c2015611b8/current/log_inprogress_0
2025-02-27 19:02:57,415 [s0@group-F6C2015611B8-SegmentedRaftLogWorker] INFO  segmented.SegmentedRaftLogWorker (SegmentedRaftLogWorker.java:execute(667)) - s0@group-F6C2015611B8-SegmentedRaftLogWorker: created new log segment /home/runner/work/ratis/ratis/ratis-test/target/test/data/c052983f/MiniRaftClusterWithGrpc11abc1fb/s0/bf0014c9-18e9-4b90-a19b-f6c2015611b8/current/log_inprogress_0
2025-02-27 19:02:57,416 [s1-server-thread1] DEBUG server.RaftServer$Division (RaftServerImpl.java:logAppendEntries(1581)) - s1@group-F6C2015611B8: appendEntries* reply s2<-s1#1:OK-t1,SUCCESS,nextIndex=1,followerCommit=-1,matchIndex=0
2025-02-27 19:02:57,416 [s0-server-thread1] DEBUG server.RaftServer$Division (RaftServerImpl.java:logAppendEntries(1581)) - s0@group-F6C2015611B8: appendEntries* reply s2<-s0#1:OK-t1,SUCCESS,nextIndex=1,followerCommit=-1,matchIndex=0
2025-02-27 19:02:57,420 [s2@group-F6C2015611B8-StateMachineUpdater] TRACE util.FileUtils (LogUtils.java:supplyAndLog(69)) - Successfully supplied FileChannel.open /home/runner/work/ratis/ratis/ratis-test/target/test/data/c052983f/MiniRaftClusterWithGrpc11abc1fb/s2/bf0014c9-18e9-4b90-a19b-f6c2015611b8/current/raft-meta.conf.tmp with options [CREATE, WRITE]: sun.nio.ch.FileChannelImpl@1ec9fa18
2025-02-27 19:02:57,423 [s2@group-F6C2015611B8-StateMachineUpdater] TRACE util.FileUtils (LogUtils.java:runAndLog(49)) - Successfully ran Atomic Files.move /home/runner/work/ratis/ratis/ratis-test/target/test/data/c052983f/MiniRaftClusterWithGrpc11abc1fb/s2/bf0014c9-18e9-4b90-a19b-f6c2015611b8/current/raft-meta.conf.tmp to /home/runner/work/ratis/ratis/ratis-test/target/test/data/c052983f/MiniRaftClusterWithGrpc11abc1fb/s2/bf0014c9-18e9-4b90-a19b-f6c2015611b8/current/raft-meta.conf with options [REPLACE_EXISTING]
2025-02-27 19:02:57,423 [s2@group-F6C2015611B8-StateMachineUpdater] INFO  server.RaftServer$Division (LeaderStateImpl.java:checkStartIndex(314)) - Leader s2@group-F6C2015611B8-LeaderStateImpl is ready since appliedIndex == startIndex == 0
2025-02-27 19:02:57,498 [s1@group-F6C2015611B8-StateMachineUpdater] TRACE util.FileUtils (LogUtils.java:supplyAndLog(69)) - Successfully supplied FileChannel.open /home/runner/work/ratis/ratis/ratis-test/target/test/data/c052983f/MiniRaftClusterWithGrpc11abc1fb/s1/bf0014c9-18e9-4b90-a19b-f6c2015611b8/current/raft-meta.conf.tmp with options [CREATE, WRITE]: sun.nio.ch.FileChannelImpl@2a9fe1ba
2025-02-27 19:02:57,499 [s0@group-F6C2015611B8-StateMachineUpdater] TRACE util.FileUtils (LogUtils.java:supplyAndLog(69)) - Successfully supplied FileChannel.open /home/runner/work/ratis/ratis/ratis-test/target/test/data/c052983f/MiniRaftClusterWithGrpc11abc1fb/s0/bf0014c9-18e9-4b90-a19b-f6c2015611b8/current/raft-meta.conf.tmp with options [CREATE, WRITE]: sun.nio.ch.FileChannelImpl@6cf87651
2025-02-27 19:02:57,500 [s1@group-F6C2015611B8-StateMachineUpdater] TRACE util.FileUtils (LogUtils.java:runAndLog(49)) - Successfully ran Atomic Files.move /home/runner/work/ratis/ratis/ratis-test/target/test/data/c052983f/MiniRaftClusterWithGrpc11abc1fb/s1/bf0014c9-18e9-4b90-a19b-f6c2015611b8/current/raft-meta.conf.tmp to /home/runner/work/ratis/ratis/ratis-test/target/test/data/c052983f/MiniRaftClusterWithGrpc11abc1fb/s1/bf0014c9-18e9-4b90-a19b-f6c2015611b8/current/raft-meta.conf with options [REPLACE_EXISTING]
2025-02-27 19:02:57,501 [s0@group-F6C2015611B8-StateMachineUpdater] TRACE util.FileUtils (LogUtils.java:runAndLog(49)) - Successfully ran Atomic Files.move /home/runner/work/ratis/ratis/ratis-test/target/test/data/c052983f/MiniRaftClusterWithGrpc11abc1fb/s0/bf0014c9-18e9-4b90-a19b-f6c2015611b8/current/raft-meta.conf.tmp to /home/runner/work/ratis/ratis/ratis-test/target/test/data/c052983f/MiniRaftClusterWithGrpc11abc1fb/s0/bf0014c9-18e9-4b90-a19b-f6c2015611b8/current/raft-meta.conf with options [REPLACE_EXISTING]
2025-02-27 19:02:57,598 [main] INFO  ratis.RaftTestUtil (RaftTestUtil.java:waitForLeader(132)) - printing ALL groups
  s0:  RUNNING  FOLLOWER s0@group-F6C2015611B8:t1, leader=s2, voted=s0, raftlog=Memoized:s0@group-F6C2015611B8-SegmentedRaftLog:OPENED:c0:last(t:1, i:0), conf=conf: {index: 0, cur=peers:[s0|localhost:15000, s1|localhost:15004, s2|localhost:15008]|listeners:[], old=null} RUNNING
  s1:  RUNNING  FOLLOWER s1@group-F6C2015611B8:t1, leader=s2, voted=s2, raftlog=Memoized:s1@group-F6C2015611B8-SegmentedRaftLog:OPENED:c0:last(t:1, i:0), conf=conf: {index: 0, cur=peers:[s0|localhost:15000, s1|localhost:15004, s2|localhost:15008]|listeners:[], old=null} RUNNING
  s2:  RUNNING    LEADER s2@group-F6C2015611B8:t1, leader=s2, voted=s2, raftlog=Memoized:s2@group-F6C2015611B8-SegmentedRaftLog:OPENED:c0:last(t:1, i:0), conf=conf: {index: 0, cur=peers:[s0|localhost:15000, s1|localhost:15004, s2|localhost:15008]|listeners:[], old=null} RUNNING
2025-02-27 19:02:57,613 [main] DEBUG client.RaftClient (RaftClientImpl.java:get(158)) - client-F481306A879C: get 1 returns []
2025-02-27 19:02:57,613 [main] DEBUG client.RaftClient (RaftClientImpl.java:newRequest(95)) - attempt #1, newRequest RaftClientRequest:client-F481306A879C->s2@group-F6C2015611B8, cid=1, seq=null, RW, message
2025-02-27 19:02:57,633 [s2-client-thread1] DEBUG server.RaftServer$Division (RaftServerImpl.java:submitClientRequestAsync(951)) - s2@group-F6C2015611B8: receive client request(RaftClientRequest:client-F481306A879C->s2@group-F6C2015611B8, cid=1, seq=null, RW, Message:6d657373616765)
2025-02-27 19:02:57,641 [s2-client-thread1] DEBUG server.RaftServer$Division (LeaderStateImpl.java:addPendingRequest(531)) - s2@group-F6C2015611B8-LeaderStateImpl: addPendingRequest at RaftClientRequest:client-F481306A879C->s2@group-F6C2015611B8, cid=1, seq=null, RW, Message:6d657373616765, entry=(t:1, i:1), STATEMACHINELOGENTRY, WRITE: logData.size=7, stateMachineData.size=0, logEntryProtoSerializedSize=0
2025-02-27 19:02:57,646 [grpc-default-executor-0] DEBUG server.RaftServer$Division (RaftServerImpl.java:logAppendEntries(1581)) - s0@group-F6C2015611B8: appendEntries* s2->s0#5-t1,previous=(t:1, i:0),leaderCommit=0,initializing? false,entries: size=1, first=(t:1, i:1), STATEMACHINELOGENTRY, StateMachineLogEntryProto:1@client-F481306A879C
2025-02-27 19:02:57,646 [grpc-default-executor-3] DEBUG server.RaftServer$Division (RaftServerImpl.java:logAppendEntries(1581)) - s1@group-F6C2015611B8: appendEntries* s2->s1#6-t1,previous=(t:1, i:0),leaderCommit=0,initializing? false,entries: size=1, first=(t:1, i:1), STATEMACHINELOGENTRY, StateMachineLogEntryProto:1@client-F481306A879C
2025-02-27 19:02:57,649 [s0-server-thread1] DEBUG server.RaftServer$Division (RaftServerImpl.java:logAppendEntries(1581)) - s0@group-F6C2015611B8: appendEntries* reply s2<-s0#5:OK-t1,SUCCESS,nextIndex=2,followerCommit=0,matchIndex=1
2025-02-27 19:02:57,649 [s1-server-thread1] DEBUG server.RaftServer$Division (RaftServerImpl.java:logAppendEntries(1581)) - s1@group-F6C2015611B8: appendEntries* reply s2<-s1#6:OK-t1,SUCCESS,nextIndex=2,followerCommit=0,matchIndex=1
2025-02-27 19:02:57,654 [grpc-default-executor-3] DEBUG server.RaftServer$Division (RaftServerImpl.java:logAppendEntries(1581)) - s0@group-F6C2015611B8: appendEntries* s2->s0#7-t1,previous=(t:1, i:1),leaderCommit=1,initializing? false,entries: size=1, first=(t:1, i:2), METADATAENTRY(c:1)
2025-02-27 19:02:57,656 [s0-server-thread1] DEBUG server.RaftServer$Division (RaftServerImpl.java:logAppendEntries(1581)) - s0@group-F6C2015611B8: appendEntries* reply s2<-s0#7:OK-t1,SUCCESS,nextIndex=3,followerCommit=1,matchIndex=2
2025-02-27 19:02:57,657 [grpc-default-executor-3] DEBUG server.RaftServer$Division (RaftServerImpl.java:logAppendEntries(1581)) - s1@group-F6C2015611B8: appendEntries* s2->s1#7-t1,previous=(t:1, i:1),leaderCommit=1,initializing? false,entries: size=1, first=(t:1, i:2), METADATAENTRY(c:1)
2025-02-27 19:02:57,658 [s1-server-thread1] DEBUG server.RaftServer$Division (RaftServerImpl.java:logAppendEntries(1581)) - s1@group-F6C2015611B8: appendEntries* reply s2<-s1#7:OK-t1,SUCCESS,nextIndex=3,followerCommit=1,matchIndex=2
2025-02-27 19:02:57,666 [main] DEBUG client.RaftClient (RaftClientImpl.java:add(146)) - client-F481306A879C: add replied callId 1
2025-02-27 19:02:57,673 [main] INFO  impl.MiniRaftCluster (MiniRaftCluster.java:addNewPeers(478)) - Add new peers [s3, s4]
2025-02-27 19:02:57,674 [main] INFO  impl.MiniRaftCluster (MiniRaftCluster.java:newRaftServer(396)) - newRaftServer: s3, group-F6C2015611B8:[s3|localhost:15012, s4|localhost:15016, s0|localhost:15000, s1|localhost:15004, s2|localhost:15008], format? true
2025-02-27 19:02:57,675 [main] TRACE util.FileUtils (FileUtils.java:deleteFully(307)) - deleteFully target/test/data/c052983f/MiniRaftClusterWithGrpc11abc1fb/s3
2025-02-27 19:02:57,675 [main] TRACE util.FileUtils (FileUtils.java:deleteFully(320)) - deleteFully: target/test/data/c052983f/MiniRaftClusterWithGrpc11abc1fb/s3 does not exist.
2025-02-27 19:02:57,675 [main] INFO  impl.MiniRaftCluster (MiniRaftCluster.java:newRaftServer(401)) - Formatted directory target/test/data/c052983f/MiniRaftClusterWithGrpc11abc1fb/s3
2025-02-27 19:02:57,676 [main] INFO  grpc.GrpcConfigKeys (ConfUtils.java:logFallback(69)) - raft.grpc.admin.host = null (fallback to raft.grpc.server.host)
2025-02-27 19:02:57,676 [main] INFO  grpc.GrpcConfigKeys (ConfUtils.java:logGet(62)) - raft.grpc.admin.port = 15013 (custom)
2025-02-27 19:02:57,676 [main] INFO  grpc.GrpcConfigKeys (ConfUtils.java:logFallback(69)) - raft.grpc.client.host = null (fallback to raft.grpc.server.host)
2025-02-27 19:02:57,677 [main] INFO  grpc.GrpcConfigKeys (ConfUtils.java:logGet(62)) - raft.grpc.client.port = 15014 (custom)
2025-02-27 19:02:57,677 [main] INFO  grpc.GrpcConfigKeys (ConfUtils.java:logGet(62)) - raft.grpc.server.port = 15012 (custom)
2025-02-27 19:02:57,680 [main] INFO  server.RaftServerConfigKeys (ConfUtils.java:logGet(62)) - raft.server.storage.dir = [/home/runner/work/ratis/ratis/ratis-test/target/test/data/c052983f/MiniRaftClusterWithGrpc11abc1fb/s3] (custom)
2025-02-27 19:02:57,681 [main] INFO  server.RaftServer (RaftServerProxy.java:addNew(101)) - s3: addNew group-F6C2015611B8:[s3|localhost:15012, s4|localhost:15016, s0|localhost:15000, s1|localhost:15004, s2|localhost:15008] returns group-F6C2015611B8:java.util.concurrent.CompletableFuture@2f16c6b3[Not completed]
2025-02-27 19:02:57,681 [s3-groupManagement] INFO  server.RaftServer$Division (RaftServerImpl.java:<init>(271)) - s3: new RaftServerImpl for group-F6C2015611B8:[s3|localhost:15012, s4|localhost:15016, s0|localhost:15000, s1|localhost:15004, s2|localhost:15008] with BaseStateMachine:uninitialized
2025-02-27 19:02:57,681 [main] INFO  impl.MiniRaftCluster (MiniRaftCluster.java:newRaftServer(396)) - newRaftServer: s4, group-F6C2015611B8:[s3|localhost:15012, s4|localhost:15016, s0|localhost:15000, s1|localhost:15004, s2|localhost:15008], format? true
2025-02-27 19:02:57,681 [s3-groupManagement] INFO  server.RaftServer$Division (ServerState.java:<init>(114)) - s3@group-F6C2015611B8: ConfigurationManager, init=conf: {index: -1, cur=peers:[s3|localhost:15012, s4|localhost:15016, s0|localhost:15000, s1|localhost:15004, s2|localhost:15008]|listeners:[], old=null}, confs=<EMPTY_MAP>
2025-02-27 19:02:57,681 [main] TRACE util.FileUtils (FileUtils.java:deleteFully(307)) - deleteFully target/test/data/c052983f/MiniRaftClusterWithGrpc11abc1fb/s4
2025-02-27 19:02:57,682 [main] TRACE util.FileUtils (FileUtils.java:deleteFully(320)) - deleteFully: target/test/data/c052983f/MiniRaftClusterWithGrpc11abc1fb/s4 does not exist.
2025-02-27 19:02:57,683 [main] INFO  impl.MiniRaftCluster (MiniRaftCluster.java:newRaftServer(401)) - Formatted directory target/test/data/c052983f/MiniRaftClusterWithGrpc11abc1fb/s4
2025-02-27 19:02:57,684 [main] INFO  grpc.GrpcConfigKeys (ConfUtils.java:logFallback(69)) - raft.grpc.admin.host = null (fallback to raft.grpc.server.host)
2025-02-27 19:02:57,684 [main] INFO  grpc.GrpcConfigKeys (ConfUtils.java:logGet(62)) - raft.grpc.admin.port = 15017 (custom)
2025-02-27 19:02:57,685 [main] INFO  grpc.GrpcConfigKeys (ConfUtils.java:logFallback(69)) - raft.grpc.client.host = null (fallback to raft.grpc.server.host)
2025-02-27 19:02:57,685 [main] INFO  grpc.GrpcConfigKeys (ConfUtils.java:logGet(62)) - raft.grpc.client.port = 15018 (custom)
2025-02-27 19:02:57,685 [main] INFO  grpc.GrpcConfigKeys (ConfUtils.java:logGet(62)) - raft.grpc.server.port = 15016 (custom)
2025-02-27 19:02:57,687 [main] INFO  server.RaftServerConfigKeys (ConfUtils.java:logGet(62)) - raft.server.storage.dir = [/home/runner/work/ratis/ratis/ratis-test/target/test/data/c052983f/MiniRaftClusterWithGrpc11abc1fb/s4] (custom)
2025-02-27 19:02:57,688 [main] INFO  server.RaftServer (RaftServerProxy.java:addNew(101)) - s4: addNew group-F6C2015611B8:[s3|localhost:15012, s4|localhost:15016, s0|localhost:15000, s1|localhost:15004, s2|localhost:15008] returns group-F6C2015611B8:java.util.concurrent.CompletableFuture@52c3cb31[Not completed]
2025-02-27 19:02:57,688 [s4-groupManagement] INFO  server.RaftServer$Division (RaftServerImpl.java:<init>(271)) - s4: new RaftServerImpl for group-F6C2015611B8:[s3|localhost:15012, s4|localhost:15016, s0|localhost:15000, s1|localhost:15004, s2|localhost:15008] with BaseStateMachine:uninitialized
2025-02-27 19:02:57,689 [s4-groupManagement] INFO  server.RaftServer$Division (ServerState.java:<init>(114)) - s4@group-F6C2015611B8: ConfigurationManager, init=conf: {index: -1, cur=peers:[s3|localhost:15012, s4|localhost:15016, s0|localhost:15000, s1|localhost:15004, s2|localhost:15008]|listeners:[], old=null}, confs=<EMPTY_MAP>
2025-02-27 19:02:57,689 [s3-impl-thread1] INFO  server.RaftServerConfigKeys (ConfUtils.java:logGet(62)) - raft.server.storage.dir = [/home/runner/work/ratis/ratis/ratis-test/target/test/data/c052983f/MiniRaftClusterWithGrpc11abc1fb/s3] (custom)
2025-02-27 19:02:57,689 [s3-impl-thread1] INFO  storage.RaftStorageDirectory (RaftStorageDirectoryImpl.java:analyzeStorage(138)) - The storage directory /home/runner/work/ratis/ratis/ratis-test/target/test/data/c052983f/MiniRaftClusterWithGrpc11abc1fb/s3/bf0014c9-18e9-4b90-a19b-f6c2015611b8 does not exist. Creating ...
2025-02-27 19:02:57,690 [s3-impl-thread1] TRACE util.FileUtils (LogUtils.java:runAndLog(49)) - Successfully ran Files.createDirectories /home/runner/work/ratis/ratis/ratis-test/target/test/data/c052983f/MiniRaftClusterWithGrpc11abc1fb/s3/bf0014c9-18e9-4b90-a19b-f6c2015611b8
2025-02-27 19:02:57,690 [s3-impl-thread1] INFO  storage.RaftStorageDirectory (RaftStorageDirectoryImpl.java:tryLock(229)) - Lock on /home/runner/work/ratis/ratis/ratis-test/target/test/data/c052983f/MiniRaftClusterWithGrpc11abc1fb/s3/bf0014c9-18e9-4b90-a19b-f6c2015611b8/in_use.lock acquired by nodename 2465@fv-az797-883.ms55l4kbrubetgbqpnhl3m4njc.dx.internal.cloudapp.net
2025-02-27 19:02:57,691 [s3-impl-thread1] TRACE util.FileUtils (LogUtils.java:runAndLog(49)) - Successfully ran Files.createDirectories /home/runner/work/ratis/ratis/ratis-test/target/test/data/c052983f/MiniRaftClusterWithGrpc11abc1fb/s3/bf0014c9-18e9-4b90-a19b-f6c2015611b8/current
2025-02-27 19:02:57,691 [s3-impl-thread1] TRACE util.FileUtils (LogUtils.java:runAndLog(49)) - Successfully ran Files.createDirectories /home/runner/work/ratis/ratis/ratis-test/target/test/data/c052983f/MiniRaftClusterWithGrpc11abc1fb/s3/bf0014c9-18e9-4b90-a19b-f6c2015611b8/sm
2025-02-27 19:02:57,691 [s3-impl-thread1] TRACE util.FileUtils (LogUtils.java:supplyAndLog(69)) - Successfully supplied FileChannel.open /home/runner/work/ratis/ratis/ratis-test/target/test/data/c052983f/MiniRaftClusterWithGrpc11abc1fb/s3/bf0014c9-18e9-4b90-a19b-f6c2015611b8/current/raft-meta.tmp with options [CREATE, WRITE]: sun.nio.ch.FileChannelImpl@39c1361d
2025-02-27 19:02:57,692 [s3-impl-thread1] TRACE util.FileUtils (LogUtils.java:runAndLog(49)) - Successfully ran Atomic Files.move /home/runner/work/ratis/ratis/ratis-test/target/test/data/c052983f/MiniRaftClusterWithGrpc11abc1fb/s3/bf0014c9-18e9-4b90-a19b-f6c2015611b8/current/raft-meta.tmp to /home/runner/work/ratis/ratis/ratis-test/target/test/data/c052983f/MiniRaftClusterWithGrpc11abc1fb/s3/bf0014c9-18e9-4b90-a19b-f6c2015611b8/current/raft-meta with options [REPLACE_EXISTING]
2025-02-27 19:02:57,692 [s3-impl-thread1] INFO  storage.RaftStorage (RaftStorageImpl.java:format(98)) - Storage directory /home/runner/work/ratis/ratis/ratis-test/target/test/data/c052983f/MiniRaftClusterWithGrpc11abc1fb/s3/bf0014c9-18e9-4b90-a19b-f6c2015611b8 has been successfully formatted.
2025-02-27 19:02:57,694 [s3-impl-thread1] INFO  util.AwaitToRun (AwaitToRun.java:start(81)) - Thread[s3@group-F6C2015611B8-cacheEviction-AwaitToRun,5,main] started
2025-02-27 19:02:57,694 [s3-impl-thread1] INFO  segmented.SegmentedRaftLogWorker (SegmentedRaftLogWorker.java:<init>(189)) - new s3@group-F6C2015611B8-SegmentedRaftLogWorker for RaftStorageImpl:Storage Directory /home/runner/work/ratis/ratis/ratis-test/target/test/data/c052983f/MiniRaftClusterWithGrpc11abc1fb/s3/bf0014c9-18e9-4b90-a19b-f6c2015611b8
2025-02-27 19:02:57,695 [s3-impl-thread1] INFO  segmented.SegmentedRaftLogWorker (SegmentedRaftLogWorker.java:lambda$new$0(140)) - s3@group-F6C2015611B8-SegmentedRaftLogWorker: flushIndex: setUnconditionally 0 -> -1
2025-02-27 19:02:57,696 [s3-impl-thread1] INFO  segmented.SegmentedRaftLogWorker (SegmentedRaftLogWorker.java:lambda$new$0(140)) - s3@group-F6C2015611B8-SegmentedRaftLogWorker: safeCacheEvictIndex: setUnconditionally 0 -> -1
2025-02-27 19:02:57,696 [s3-impl-thread1] INFO  server.RaftServer$Division (RaftServerImpl.java:start(408)) - s3@group-F6C2015611B8: start as a follower, conf=conf: {index: -1, cur=peers:[s3|localhost:15012, s4|localhost:15016, s0|localhost:15000, s1|localhost:15004, s2|localhost:15008]|listeners:[], old=null}
2025-02-27 19:02:57,697 [s3-impl-thread1] INFO  server.RaftServer$Division (RaftServerImpl.java:setRole(395)) - s3@group-F6C2015611B8: changes role from      null to FOLLOWER at term 0 for startAsFollower
2025-02-27 19:02:57,697 [s3-impl-thread1] INFO  impl.RoleInfo (RoleInfo.java:updateAndGet(148)) - s3: start s3@group-F6C2015611B8-FollowerState
2025-02-27 19:02:57,697 [s3@group-F6C2015611B8-FollowerState] INFO  server.RaftServerConfigKeys (ConfUtils.java:logFallback(69)) - raft.server.rpc.first-election.timeout.min = 150ms (fallback to raft.server.rpc.timeout.min)
2025-02-27 19:02:57,697 [s3@group-F6C2015611B8-FollowerState] INFO  server.RaftServerConfigKeys (ConfUtils.java:logFallback(69)) - raft.server.rpc.first-election.timeout.max = 300ms (fallback to raft.server.rpc.timeout.max)
2025-02-27 19:02:57,698 [s3-impl-thread1] INFO  util.JmxRegister (JmxRegister.java:tryRegister(44)) - Successfully registered JMX Bean with object name Ratis:service=RaftServer,group=group-F6C2015611B8,id=s3
2025-02-27 19:02:57,698 [s3-impl-thread1] INFO  util.JmxRegister (JmxRegister.java:register(58)) - register mxBean class org.apache.ratis.server.impl.RaftServerJmxAdapter as Ratis:service=RaftServer,group=group-F6C2015611B8,id=s3
2025-02-27 19:02:57,699 [s3-impl-thread1] INFO  server.RaftServer$Division (RaftServerImpl.java:start(422)) - s3@group-F6C2015611B8: Successfully started.
2025-02-27 19:02:57,699 [main] INFO  server.RaftServer (RaftServerProxy.java:startImpl(408)) - s3: start RPC server
2025-02-27 19:02:57,699 [main] INFO  server.GrpcServicesImpl (GrpcServicesImpl.java:startImpl(353)) - s3: GrpcServicesImpl started, listening on 15014
2025-02-27 19:02:57,700 [main] INFO  server.GrpcServicesImpl (GrpcServicesImpl.java:startImpl(353)) - s3: GrpcServicesImpl started, listening on 15012
2025-02-27 19:02:57,700 [main] INFO  server.GrpcServicesImpl (GrpcServicesImpl.java:startImpl(353)) - s3: GrpcServicesImpl started, listening on 15013
2025-02-27 19:02:57,701 [JvmPauseMonitor3] INFO  util.JvmPauseMonitor (JvmPauseMonitor.java:run(146)) - JvmPauseMonitor-s3: Started
2025-02-27 19:02:57,701 [s4-impl-thread1] INFO  server.RaftServerConfigKeys (ConfUtils.java:logGet(62)) - raft.server.storage.dir = [/home/runner/work/ratis/ratis/ratis-test/target/test/data/c052983f/MiniRaftClusterWithGrpc11abc1fb/s4] (custom)
2025-02-27 19:02:57,702 [s4-impl-thread1] INFO  storage.RaftStorageDirectory (RaftStorageDirectoryImpl.java:analyzeStorage(138)) - The storage directory /home/runner/work/ratis/ratis/ratis-test/target/test/data/c052983f/MiniRaftClusterWithGrpc11abc1fb/s4/bf0014c9-18e9-4b90-a19b-f6c2015611b8 does not exist. Creating ...
2025-02-27 19:02:57,702 [s4-impl-thread1] TRACE util.FileUtils (LogUtils.java:runAndLog(49)) - Successfully ran Files.createDirectories /home/runner/work/ratis/ratis/ratis-test/target/test/data/c052983f/MiniRaftClusterWithGrpc11abc1fb/s4/bf0014c9-18e9-4b90-a19b-f6c2015611b8
2025-02-27 19:02:57,703 [s4-impl-thread1] INFO  storage.RaftStorageDirectory (RaftStorageDirectoryImpl.java:tryLock(229)) - Lock on /home/runner/work/ratis/ratis/ratis-test/target/test/data/c052983f/MiniRaftClusterWithGrpc11abc1fb/s4/bf0014c9-18e9-4b90-a19b-f6c2015611b8/in_use.lock acquired by nodename 2465@fv-az797-883.ms55l4kbrubetgbqpnhl3m4njc.dx.internal.cloudapp.net
2025-02-27 19:02:57,703 [s4-impl-thread1] TRACE util.FileUtils (LogUtils.java:runAndLog(49)) - Successfully ran Files.createDirectories /home/runner/work/ratis/ratis/ratis-test/target/test/data/c052983f/MiniRaftClusterWithGrpc11abc1fb/s4/bf0014c9-18e9-4b90-a19b-f6c2015611b8/current
2025-02-27 19:02:57,703 [s4-impl-thread1] TRACE util.FileUtils (LogUtils.java:runAndLog(49)) - Successfully ran Files.createDirectories /home/runner/work/ratis/ratis/ratis-test/target/test/data/c052983f/MiniRaftClusterWithGrpc11abc1fb/s4/bf0014c9-18e9-4b90-a19b-f6c2015611b8/sm
2025-02-27 19:02:57,704 [s4-impl-thread1] TRACE util.FileUtils (LogUtils.java:supplyAndLog(69)) - Successfully supplied FileChannel.open /home/runner/work/ratis/ratis/ratis-test/target/test/data/c052983f/MiniRaftClusterWithGrpc11abc1fb/s4/bf0014c9-18e9-4b90-a19b-f6c2015611b8/current/raft-meta.tmp with options [CREATE, WRITE]: sun.nio.ch.FileChannelImpl@4a087fbc
2025-02-27 19:02:57,706 [s4-impl-thread1] TRACE util.FileUtils (LogUtils.java:runAndLog(49)) - Successfully ran Atomic Files.move /home/runner/work/ratis/ratis/ratis-test/target/test/data/c052983f/MiniRaftClusterWithGrpc11abc1fb/s4/bf0014c9-18e9-4b90-a19b-f6c2015611b8/current/raft-meta.tmp to /home/runner/work/ratis/ratis/ratis-test/target/test/data/c052983f/MiniRaftClusterWithGrpc11abc1fb/s4/bf0014c9-18e9-4b90-a19b-f6c2015611b8/current/raft-meta with options [REPLACE_EXISTING]
2025-02-27 19:02:57,707 [s4-impl-thread1] INFO  storage.RaftStorage (RaftStorageImpl.java:format(98)) - Storage directory /home/runner/work/ratis/ratis/ratis-test/target/test/data/c052983f/MiniRaftClusterWithGrpc11abc1fb/s4/bf0014c9-18e9-4b90-a19b-f6c2015611b8 has been successfully formatted.
2025-02-27 19:02:57,708 [s4-impl-thread1] INFO  util.AwaitToRun (AwaitToRun.java:start(81)) - Thread[s4@group-F6C2015611B8-cacheEviction-AwaitToRun,5,main] started
2025-02-27 19:02:57,708 [s4-impl-thread1] INFO  segmented.SegmentedRaftLogWorker (SegmentedRaftLogWorker.java:<init>(189)) - new s4@group-F6C2015611B8-SegmentedRaftLogWorker for RaftStorageImpl:Storage Directory /home/runner/work/ratis/ratis/ratis-test/target/test/data/c052983f/MiniRaftClusterWithGrpc11abc1fb/s4/bf0014c9-18e9-4b90-a19b-f6c2015611b8
2025-02-27 19:02:57,709 [s4-impl-thread1] INFO  segmented.SegmentedRaftLogWorker (SegmentedRaftLogWorker.java:lambda$new$0(140)) - s4@group-F6C2015611B8-SegmentedRaftLogWorker: flushIndex: setUnconditionally 0 -> -1
2025-02-27 19:02:57,709 [s4-impl-thread1] INFO  segmented.SegmentedRaftLogWorker (SegmentedRaftLogWorker.java:lambda$new$0(140)) - s4@group-F6C2015611B8-SegmentedRaftLogWorker: safeCacheEvictIndex: setUnconditionally 0 -> -1
2025-02-27 19:02:57,710 [s4-impl-thread1] INFO  server.RaftServer$Division (RaftServerImpl.java:start(408)) - s4@group-F6C2015611B8: start as a follower, conf=conf: {index: -1, cur=peers:[s3|localhost:15012, s4|localhost:15016, s0|localhost:15000, s1|localhost:15004, s2|localhost:15008]|listeners:[], old=null}
2025-02-27 19:02:57,710 [s4-impl-thread1] INFO  server.RaftServer$Division (RaftServerImpl.java:setRole(395)) - s4@group-F6C2015611B8: changes role from      null to FOLLOWER at term 0 for startAsFollower
2025-02-27 19:02:57,710 [s4-impl-thread1] INFO  impl.RoleInfo (RoleInfo.java:updateAndGet(148)) - s4: start s4@group-F6C2015611B8-FollowerState
2025-02-27 19:02:57,710 [s4@group-F6C2015611B8-FollowerState] INFO  server.RaftServerConfigKeys (ConfUtils.java:logFallback(69)) - raft.server.rpc.first-election.timeout.min = 150ms (fallback to raft.server.rpc.timeout.min)
2025-02-27 19:02:57,710 [s4@group-F6C2015611B8-FollowerState] INFO  server.RaftServerConfigKeys (ConfUtils.java:logFallback(69)) - raft.server.rpc.first-election.timeout.max = 300ms (fallback to raft.server.rpc.timeout.max)
2025-02-27 19:02:57,710 [s4-impl-thread1] INFO  util.JmxRegister (JmxRegister.java:tryRegister(44)) - Successfully registered JMX Bean with object name Ratis:service=RaftServer,group=group-F6C2015611B8,id=s4
2025-02-27 19:02:57,711 [s4-impl-thread1] INFO  util.JmxRegister (JmxRegister.java:register(58)) - register mxBean class org.apache.ratis.server.impl.RaftServerJmxAdapter as Ratis:service=RaftServer,group=group-F6C2015611B8,id=s4
2025-02-27 19:02:57,711 [s4-impl-thread1] INFO  server.RaftServer$Division (RaftServerImpl.java:start(422)) - s4@group-F6C2015611B8: Successfully started.
2025-02-27 19:02:57,711 [main] INFO  server.RaftServer (RaftServerProxy.java:startImpl(408)) - s4: start RPC server
2025-02-27 19:02:57,712 [main] INFO  server.GrpcServicesImpl (GrpcServicesImpl.java:startImpl(353)) - s4: GrpcServicesImpl started, listening on 15018
2025-02-27 19:02:57,712 [main] INFO  server.GrpcServicesImpl (GrpcServicesImpl.java:startImpl(353)) - s4: GrpcServicesImpl started, listening on 15016
2025-02-27 19:02:57,713 [main] INFO  server.GrpcServicesImpl (GrpcServicesImpl.java:startImpl(353)) - s4: GrpcServicesImpl started, listening on 15017
2025-02-27 19:02:57,713 [JvmPauseMonitor4] INFO  util.JvmPauseMonitor (JvmPauseMonitor.java:run(146)) - JvmPauseMonitor-s4: Started
2025-02-27 19:02:57,717 [Thread-76] DEBUG client.RaftClient (RaftClientImpl.java:newRequest(95)) - attempt #1, newRequest SetConfigurationRequest:client-F481306A879C->s2@group-F6C2015611B8, cid=2, seq=null, RW, null, SET_UNCONDITIONALLY, servers:[s3|0.0.0.0:15012, s4|0.0.0.0:15016, s0|localhost:15000, s1|localhost:15004, s2|localhost:15008], listeners:[]
2025-02-27 19:02:57,727 [s2-server-thread1] INFO  server.RaftServer$Division (RaftServerImpl.java:setConfigurationAsync(1364)) - s2@group-F6C2015611B8: receive setConfiguration SetConfigurationRequest:client-F481306A879C->s2@group-F6C2015611B8, cid=2, seq=null, RW, null, SET_UNCONDITIONALLY, servers:[s3|0.0.0.0:15012, s4|0.0.0.0:15016, s0|localhost:15000, s1|localhost:15004, s2|localhost:15008], listeners:[]
2025-02-27 19:02:57,728 [s2-server-thread1] INFO  server.RaftServer$Division (LeaderStateImpl.java:startSetConfiguration(488)) - s2@group-F6C2015611B8-LeaderStateImpl: startSetConfiguration SetConfigurationRequest:client-F481306A879C->s2@group-F6C2015611B8, cid=2, seq=null, RW, null, SET_UNCONDITIONALLY, servers:[s3|0.0.0.0:15012, s4|0.0.0.0:15016, s0|localhost:15000, s1|localhost:15004, s2|localhost:15008], listeners:[]
2025-02-27 19:02:57,730 [s2@group-F6C2015611B8->s3-GrpcLogAppender-LogAppenderDaemon] INFO  leader.FollowerInfo (FollowerInfoImpl.java:setAttemptedToInstallSnapshot(154)) - Follower s2@group-F6C2015611B8->s3 acknowledged installing snapshot
2025-02-27 19:02:57,730 [s2@group-F6C2015611B8->s4-GrpcLogAppender-LogAppenderDaemon] INFO  leader.FollowerInfo (FollowerInfoImpl.java:setAttemptedToInstallSnapshot(154)) - Follower s2@group-F6C2015611B8->s4 acknowledged installing snapshot
2025-02-27 19:02:57,731 [s2@group-F6C2015611B8->s3-GrpcLogAppender-LogAppenderDaemon] INFO  server.GrpcServerProtocolClient (GrpcServerProtocolClient.java:<init>(65)) - Build channel for s3|0.0.0.0:15012
2025-02-27 19:02:57,731 [s2@group-F6C2015611B8->s4-GrpcLogAppender-LogAppenderDaemon] INFO  server.GrpcServerProtocolClient (GrpcServerProtocolClient.java:<init>(65)) - Build channel for s4|0.0.0.0:15016
2025-02-27 19:02:57,738 [grpc-default-executor-6] INFO  util.CodeInjectionForTesting (BlockRequestHandlingInjection.java:execute(77)) - s1: Block request from s2
2025-02-27 19:02:57,741 [grpc-default-executor-2] INFO  util.CodeInjectionForTesting (BlockRequestHandlingInjection.java:execute(77)) - s0: Block request from s2
2025-02-27 19:02:57,745 [grpc-default-executor-0] TRACE util.FileUtils (LogUtils.java:supplyAndLog(69)) - Successfully supplied FileChannel.open /home/runner/work/ratis/ratis/ratis-test/target/test/data/c052983f/MiniRaftClusterWithGrpc11abc1fb/s4/bf0014c9-18e9-4b90-a19b-f6c2015611b8/current/raft-meta.tmp with options [CREATE, WRITE]: sun.nio.ch.FileChannelImpl@db3805c
2025-02-27 19:02:57,750 [grpc-default-executor-4] DEBUG server.RaftServer$Division (RaftServerImpl.java:logAppendEntries(1581)) - s3@group-F6C2015611B8: appendEntries* s2->s3#1-t1,previous=(t:0, i:0),leaderCommit=2,initializing? true,entries: size=3, first=(t:1, i:0), CONFIGURATIONENTRY(current:id:"s0"address:"localhost:15000"dataStreamAddress:"localhost:15003"clientAddress:"localhost:15002"adminAddress:"localhost:15001"startupRole:FOLLOWER, id:"s1"address:"localhost:15004"dataStreamAddress:"localhost:15007"clientAddress:"localhost:15006"adminAddress:"localhost:15005"startupRole:FOLLOWER, id:"s2"address:"localhost:15008"dataStreamAddress:"localhost:15011"clientAddress:"localhost:15010"adminAddress:"localhost:15009"startupRole:FOLLOWER, old:)
2025-02-27 19:02:57,751 [grpc-default-executor-4] TRACE util.FileUtils (LogUtils.java:supplyAndLog(69)) - Successfully supplied FileChannel.open /home/runner/work/ratis/ratis/ratis-test/target/test/data/c052983f/MiniRaftClusterWithGrpc11abc1fb/s3/bf0014c9-18e9-4b90-a19b-f6c2015611b8/current/raft-meta.tmp with options [CREATE, WRITE]: sun.nio.ch.FileChannelImpl@4527649b
2025-02-27 19:02:57,751 [grpc-default-executor-0] TRACE util.FileUtils (LogUtils.java:runAndLog(49)) - Successfully ran Atomic Files.move /home/runner/work/ratis/ratis/ratis-test/target/test/data/c052983f/MiniRaftClusterWithGrpc11abc1fb/s4/bf0014c9-18e9-4b90-a19b-f6c2015611b8/current/raft-meta.tmp to /home/runner/work/ratis/ratis/ratis-test/target/test/data/c052983f/MiniRaftClusterWithGrpc11abc1fb/s4/bf0014c9-18e9-4b90-a19b-f6c2015611b8/current/raft-meta with options [REPLACE_EXISTING]
2025-02-27 19:02:57,752 [grpc-default-executor-0] INFO  server.RaftServer$Division (RaftServerImpl.java:setFirstElection(579)) - s4@group-F6C2015611B8: set firstElectionSinceStartup to false for appendEntries
2025-02-27 19:02:57,752 [grpc-default-executor-0] INFO  server.RaftServer$Division (ServerState.java:setLeader(272)) - s4@group-F6C2015611B8: change Leader from null to s2 at term 1 for appendEntries, leader elected after 62ms
2025-02-27 19:02:57,753 [grpc-default-executor-5] DEBUG server.RaftServer$Division (RaftServerImpl.java:logAppendEntries(1581)) - s4@group-F6C2015611B8: appendEntries* s2->s4#1-t1,previous=(t:0, i:0),leaderCommit=2,initializing? true,entries: size=3, first=(t:1, i:0), CONFIGURATIONENTRY(current:id:"s0"address:"localhost:15000"dataStreamAddress:"localhost:15003"clientAddress:"localhost:15002"adminAddress:"localhost:15001"startupRole:FOLLOWER, id:"s1"address:"localhost:15004"dataStreamAddress:"localhost:15007"clientAddress:"localhost:15006"adminAddress:"localhost:15005"startupRole:FOLLOWER, id:"s2"address:"localhost:15008"dataStreamAddress:"localhost:15011"clientAddress:"localhost:15010"adminAddress:"localhost:15009"startupRole:FOLLOWER, old:)
2025-02-27 19:02:57,753 [grpc-default-executor-5] INFO  server.RaftServer$Division (ServerState.java:setRaftConf(386)) - s4@group-F6C2015611B8: set configuration conf: {index: 0, cur=peers:[s0|localhost:15000, s1|localhost:15004, s2|localhost:15008]|listeners:[], old=null}
2025-02-27 19:02:57,753 [grpc-default-executor-5] INFO  segmented.SegmentedRaftLogWorker (SegmentedRaftLogWorker.java:startLogSegment(443)) - s4@group-F6C2015611B8-SegmentedRaftLogWorker: Starting segment from index:0
2025-02-27 19:02:57,753 [grpc-default-executor-4] TRACE util.FileUtils (LogUtils.java:runAndLog(49)) - Successfully ran Atomic Files.move /home/runner/work/ratis/ratis/ratis-test/target/test/data/c052983f/MiniRaftClusterWithGrpc11abc1fb/s3/bf0014c9-18e9-4b90-a19b-f6c2015611b8/current/raft-meta.tmp to /home/runner/work/ratis/ratis/ratis-test/target/test/data/c052983f/MiniRaftClusterWithGrpc11abc1fb/s3/bf0014c9-18e9-4b90-a19b-f6c2015611b8/current/raft-meta with options [REPLACE_EXISTING]
2025-02-27 19:02:57,754 [grpc-default-executor-4] INFO  server.RaftServer$Division (RaftServerImpl.java:setFirstElection(579)) - s3@group-F6C2015611B8: set firstElectionSinceStartup to false for appendEntries
2025-02-27 19:02:57,754 [grpc-default-executor-4] INFO  server.RaftServer$Division (ServerState.java:setLeader(272)) - s3@group-F6C2015611B8: change Leader from null to s2 at term 1 for appendEntries, leader elected after 71ms
2025-02-27 19:02:57,754 [grpc-default-executor-4] INFO  server.RaftServer$Division (ServerState.java:setRaftConf(386)) - s3@group-F6C2015611B8: set configuration conf: {index: 0, cur=peers:[s0|localhost:15000, s1|localhost:15004, s2|localhost:15008]|listeners:[], old=null}
2025-02-27 19:02:57,755 [s4@group-F6C2015611B8-SegmentedRaftLogWorker] INFO  segmented.BufferedWriteChannel (BufferedWriteChannel.java:open(61)) - open log_inprogress_0 at position 0
2025-02-27 19:02:57,757 [grpc-default-executor-4] INFO  segmented.SegmentedRaftLogWorker (SegmentedRaftLogWorker.java:startLogSegment(443)) - s3@group-F6C2015611B8-SegmentedRaftLogWorker: Starting segment from index:0
2025-02-27 19:02:57,760 [s3@group-F6C2015611B8-SegmentedRaftLogWorker] INFO  segmented.BufferedWriteChannel (BufferedWriteChannel.java:open(61)) - open log_inprogress_0 at position 0
2025-02-27 19:02:57,787 [s4@group-F6C2015611B8-SegmentedRaftLogWorker] INFO  segmented.SegmentedRaftLogWorker (SegmentedRaftLogWorker.java:execute(667)) - s4@group-F6C2015611B8-SegmentedRaftLogWorker: created new log segment /home/runner/work/ratis/ratis/ratis-test/target/test/data/c052983f/MiniRaftClusterWithGrpc11abc1fb/s4/bf0014c9-18e9-4b90-a19b-f6c2015611b8/current/log_inprogress_0
2025-02-27 19:02:57,787 [s3@group-F6C2015611B8-SegmentedRaftLogWorker] INFO  segmented.SegmentedRaftLogWorker (SegmentedRaftLogWorker.java:execute(667)) - s3@group-F6C2015611B8-SegmentedRaftLogWorker: created new log segment /home/runner/work/ratis/ratis/ratis-test/target/test/data/c052983f/MiniRaftClusterWithGrpc11abc1fb/s3/bf0014c9-18e9-4b90-a19b-f6c2015611b8/current/log_inprogress_0
2025-02-27 19:02:57,789 [s4@group-F6C2015611B8-StateMachineUpdater] TRACE util.FileUtils (LogUtils.java:supplyAndLog(69)) - Successfully supplied FileChannel.open /home/runner/work/ratis/ratis/ratis-test/target/test/data/c052983f/MiniRaftClusterWithGrpc11abc1fb/s4/bf0014c9-18e9-4b90-a19b-f6c2015611b8/current/raft-meta.conf.tmp with options [CREATE, WRITE]: sun.nio.ch.FileChannelImpl@3939f173
2025-02-27 19:02:57,790 [s4-server-thread1] DEBUG server.RaftServer$Division (RaftServerImpl.java:logAppendEntries(1581)) - s4@group-F6C2015611B8: appendEntries* reply s2<-s4#1:OK-t1,SUCCESS,nextIndex=3,followerCommit=2,matchIndex=2
2025-02-27 19:02:57,790 [s3@group-F6C2015611B8-StateMachineUpdater] TRACE util.FileUtils (LogUtils.java:supplyAndLog(69)) - Successfully supplied FileChannel.open /home/runner/work/ratis/ratis/ratis-test/target/test/data/c052983f/MiniRaftClusterWithGrpc11abc1fb/s3/bf0014c9-18e9-4b90-a19b-f6c2015611b8/current/raft-meta.conf.tmp with options [CREATE, WRITE]: sun.nio.ch.FileChannelImpl@34554309
2025-02-27 19:02:57,791 [main] DEBUG client.RaftClient (RaftClientImpl.java:close(465)) - close client-F481306A879C
2025-02-27 19:02:57,790 [s3-server-thread1] DEBUG server.RaftServer$Division (RaftServerImpl.java:logAppendEntries(1581)) - s3@group-F6C2015611B8: appendEntries* reply s2<-s3#1:OK-t0,SUCCESS,nextIndex=3,followerCommit=2,matchIndex=2
2025-02-27 19:02:57,792 [s3@group-F6C2015611B8-StateMachineUpdater] TRACE util.FileUtils (LogUtils.java:runAndLog(49)) - Successfully ran Atomic Files.move /home/runner/work/ratis/ratis/ratis-test/target/test/data/c052983f/MiniRaftClusterWithGrpc11abc1fb/s3/bf0014c9-18e9-4b90-a19b-f6c2015611b8/current/raft-meta.conf.tmp to /home/runner/work/ratis/ratis/ratis-test/target/test/data/c052983f/MiniRaftClusterWithGrpc11abc1fb/s3/bf0014c9-18e9-4b90-a19b-f6c2015611b8/current/raft-meta.conf with options [REPLACE_EXISTING]
2025-02-27 19:02:57,792 [s4@group-F6C2015611B8-StateMachineUpdater] TRACE util.FileUtils (LogUtils.java:runAndLog(49)) - Successfully ran Atomic Files.move /home/runner/work/ratis/ratis/ratis-test/target/test/data/c052983f/MiniRaftClusterWithGrpc11abc1fb/s4/bf0014c9-18e9-4b90-a19b-f6c2015611b8/current/raft-meta.conf.tmp to /home/runner/work/ratis/ratis/ratis-test/target/test/data/c052983f/MiniRaftClusterWithGrpc11abc1fb/s4/bf0014c9-18e9-4b90-a19b-f6c2015611b8/current/raft-meta.conf with options [REPLACE_EXISTING]
2025-02-27 19:02:57,794 [s2@group-F6C2015611B8-LeaderStateImpl] INFO  server.RaftServer$Division (ServerState.java:setRaftConf(386)) - s2@group-F6C2015611B8: set configuration conf: {index: 3, cur=peers:[s3|0.0.0.0:15012, s4|0.0.0.0:15016, s0|localhost:15000, s1|localhost:15004, s2|localhost:15008]|listeners:[], old=peers:[s0|localhost:15000, s1|localhost:15004, s2|localhost:15008]|listeners:[]}
2025-02-27 19:02:57,799 [grpc-default-executor-1] DEBUG server.RaftServer$Division (RaftServerImpl.java:logAppendEntries(1581)) - s3@group-F6C2015611B8: appendEntries* s2->s3#3-t1,previous=(t:1, i:2),leaderCommit=2,initializing? true,entries: size=1, first=(t:1, i:3), CONFIGURATIONENTRY(current:id:"s3"address:"0.0.0.0:15012"clientAddress:"0.0.0.0:15014"adminAddress:"0.0.0.0:15013"startupRole:FOLLOWER, id:"s4"address:"0.0.0.0:15016"clientAddress:"0.0.0.0:15018"adminAddress:"0.0.0.0:15017"startupRole:FOLLOWER, id:"s0"address:"localhost:15000"dataStreamAddress:"localhost:15003"clientAddress:"localhost:15002"adminAddress:"localhost:15001"startupRole:FOLLOWER, id:"s1"address:"localhost:15004"dataStreamAddress:"localhost:15007"clientAddress:"localhost:15006"adminAddress:"localhost:15005"startupRole:FOLLOWER, id:"s2"address:"localhost:15008"dataStreamAddress:"localhost:15011"clientAddress:"localhost:15010"adminAddress:"localhost:15009"startupRole:FOLLOWER, old:id:"s0"address:"localhost:15000"dataStreamAddress:"localhost:15003"clientAddress:"localhost:15002"adminAddress:"localhost:15001"startupRole:FOLLOWER, id:"s1"address:"localhost:15004"dataStreamAddress:"localhost:15007"clientAddress:"localhost:15006"adminAddress:"localhost:15005"startupRole:FOLLOWER, id:"s2"address:"localhost:15008"dataStreamAddress:"localhost:15011"clientAddress:"localhost:15010"adminAddress:"localhost:15009"startupRole:FOLLOWER)
2025-02-27 19:02:57,800 [grpc-default-executor-1] INFO  server.RaftServer$Division (ServerState.java:setRaftConf(386)) - s3@group-F6C2015611B8: set configuration conf: {index: 3, cur=peers:[s3|0.0.0.0:15012, s4|0.0.0.0:15016, s0|localhost:15000, s1|localhost:15004, s2|localhost:15008]|listeners:[], old=peers:[s0|localhost:15000, s1|localhost:15004, s2|localhost:15008]|listeners:[]}
2025-02-27 19:02:57,802 [grpc-default-executor-4] INFO  util.CodeInjectionForTesting (BlockRequestHandlingInjection.java:execute(77)) - s1: Block request from s2
2025-02-27 19:02:57,799 [grpc-default-executor-5] DEBUG server.RaftServer$Division (RaftServerImpl.java:logAppendEntries(1581)) - s4@group-F6C2015611B8: appendEntries* s2->s4#3-t1,previous=(t:1, i:2),leaderCommit=2,initializing? true,entries: size=1, first=(t:1, i:3), CONFIGURATIONENTRY(current:id:"s3"address:"0.0.0.0:15012"clientAddress:"0.0.0.0:15014"adminAddress:"0.0.0.0:15013"startupRole:FOLLOWER, id:"s4"address:"0.0.0.0:15016"clientAddress:"0.0.0.0:15018"adminAddress:"0.0.0.0:15017"startupRole:FOLLOWER, id:"s0"address:"localhost:15000"dataStreamAddress:"localhost:15003"clientAddress:"localhost:15002"adminAddress:"localhost:15001"startupRole:FOLLOWER, id:"s1"address:"localhost:15004"dataStreamAddress:"localhost:15007"clientAddress:"localhost:15006"adminAddress:"localhost:15005"startupRole:FOLLOWER, id:"s2"address:"localhost:15008"dataStreamAddress:"localhost:15011"clientAddress:"localhost:15010"adminAddress:"localhost:15009"startupRole:FOLLOWER, old:id:"s0"address:"localhost:15000"dataStreamAddress:"localhost:15003"clientAddress:"localhost:15002"adminAddress:"localhost:15001"startupRole:FOLLOWER, id:"s1"address:"localhost:15004"dataStreamAddress:"localhost:15007"clientAddress:"localhost:15006"adminAddress:"localhost:15005"startupRole:FOLLOWER, id:"s2"address:"localhost:15008"dataStreamAddress:"localhost:15011"clientAddress:"localhost:15010"adminAddress:"localhost:15009"startupRole:FOLLOWER)
2025-02-27 19:02:57,804 [grpc-default-executor-5] INFO  server.RaftServer$Division (ServerState.java:setRaftConf(386)) - s4@group-F6C2015611B8: set configuration conf: {index: 3, cur=peers:[s3|0.0.0.0:15012, s4|0.0.0.0:15016, s0|localhost:15000, s1|localhost:15004, s2|localhost:15008]|listeners:[], old=peers:[s0|localhost:15000, s1|localhost:15004, s2|localhost:15008]|listeners:[]}
2025-02-27 19:02:57,805 [s3-server-thread1] DEBUG server.RaftServer$Division (RaftServerImpl.java:logAppendEntries(1581)) - s3@group-F6C2015611B8: appendEntries* reply s2<-s3#3:OK-t1,SUCCESS,nextIndex=4,followerCommit=2,matchIndex=3
2025-02-27 19:02:57,808 [grpc-default-executor-1] INFO  util.CodeInjectionForTesting (BlockRequestHandlingInjection.java:execute(77)) - s0: Block request from s2
2025-02-27 19:02:57,809 [s4-server-thread1] DEBUG server.RaftServer$Division (RaftServerImpl.java:logAppendEntries(1581)) - s4@group-F6C2015611B8: appendEntries* reply s2<-s4#3:OK-t1,SUCCESS,nextIndex=4,followerCommit=2,matchIndex=3
2025-02-27 19:02:57,926 [s0@group-F6C2015611B8-FollowerState] INFO  impl.FollowerState (FollowerState.java:runImpl(161)) - s0@group-F6C2015611B8-FollowerState: change to CANDIDATE, lastRpcElapsedTime:269914539ns, electionTimeout:247ms
2025-02-27 19:02:57,926 [s0@group-F6C2015611B8-FollowerState] INFO  impl.RoleInfo (RoleInfo.java:shutdownFollowerState(121)) - s0: shutdown s0@group-F6C2015611B8-FollowerState
2025-02-27 19:02:57,926 [s0@group-F6C2015611B8-FollowerState] INFO  server.RaftServer$Division (RaftServerImpl.java:setRole(395)) - s0@group-F6C2015611B8: changes role from  FOLLOWER to CANDIDATE at term 1 for changeToCandidate
2025-02-27 19:02:57,927 [s0@group-F6C2015611B8-FollowerState] INFO  impl.RoleInfo (RoleInfo.java:updateAndGet(148)) - s0: start s0@group-F6C2015611B8-LeaderElection4
2025-02-27 19:02:57,927 [s0@group-F6C2015611B8-LeaderElection4] INFO  server.RaftServer$Division (ServerState.java:setLeader(272)) - s0@group-F6C2015611B8: change Leader from s2 to null at term 1 for PRE_VOTE
2025-02-27 19:02:57,927 [s0@group-F6C2015611B8-LeaderElection4] INFO  impl.LeaderElection (LeaderElection.java:askForVotes(332)) - s0@group-F6C2015611B8-LeaderElection4 PRE_VOTE round 0: submit vote requests at term 1 for conf: {index: 0, cur=peers:[s0|localhost:15000, s1|localhost:15004, s2|localhost:15008]|listeners:[], old=null}
2025-02-27 19:02:57,930 [grpc-default-executor-5] INFO  server.RaftServer$Division (RaftServerImpl.java:requestVote(1475)) - s2@group-F6C2015611B8: receive requestVote(PRE_VOTE, s0, group-F6C2015611B8, 1, (t:1, i:2))
2025-02-27 19:02:57,932 [grpc-default-executor-5] INFO  impl.VoteContext (VoteContext.java:log(49)) - s2@group-F6C2015611B8-LEADER: reject PRE_VOTE from s0: this server is the leader and still has leadership
2025-02-27 19:02:57,932 [grpc-default-executor-5] INFO  server.RaftServer$Division (RaftServerImpl.java:requestVote(1509)) - s2@group-F6C2015611B8 replies to PRE_VOTE vote request: s0<-s2#0:FAIL-t1. Peer's state: s2@group-F6C2015611B8:t1, leader=s2, voted=s2, raftlog=Memoized:s2@group-F6C2015611B8-SegmentedRaftLog:OPENED:c2:last(t:1, i:3), conf=conf: {index: 3, cur=peers:[s3|0.0.0.0:15012, s4|0.0.0.0:15016, s0|localhost:15000, s1|localhost:15004, s2|localhost:15008]|listeners:[], old=peers:[s0|localhost:15000, s1|localhost:15004, s2|localhost:15008]|listeners:[]}
2025-02-27 19:02:57,930 [grpc-default-executor-0] INFO  util.CodeInjectionForTesting (BlockRequestHandlingInjection.java:execute(77)) - s1: Block request from s0
2025-02-27 19:02:58,095 [s1@group-F6C2015611B8-FollowerState] INFO  impl.FollowerState (FollowerState.java:runImpl(161)) - s1@group-F6C2015611B8-FollowerState: change to CANDIDATE, lastRpcElapsedTime:437348610ns, electionTimeout:191ms
2025-02-27 19:02:58,096 [s1@group-F6C2015611B8-FollowerState] INFO  impl.RoleInfo (RoleInfo.java:shutdownFollowerState(121)) - s1: shutdown s1@group-F6C2015611B8-FollowerState
2025-02-27 19:02:58,096 [s1@group-F6C2015611B8-FollowerState] INFO  server.RaftServer$Division (RaftServerImpl.java:setRole(395)) - s1@group-F6C2015611B8: changes role from  FOLLOWER to CANDIDATE at term 1 for changeToCandidate
2025-02-27 19:02:58,096 [s1@group-F6C2015611B8-FollowerState] INFO  impl.RoleInfo (RoleInfo.java:updateAndGet(148)) - s1: start s1@group-F6C2015611B8-LeaderElection5
2025-02-27 19:02:58,096 [s1@group-F6C2015611B8-LeaderElection5] INFO  server.RaftServer$Division (ServerState.java:setLeader(272)) - s1@group-F6C2015611B8: change Leader from s2 to null at term 1 for PRE_VOTE
2025-02-27 19:02:58,097 [s1@group-F6C2015611B8-LeaderElection5] INFO  impl.LeaderElection (LeaderElection.java:askForVotes(332)) - s1@group-F6C2015611B8-LeaderElection5 PRE_VOTE round 0: submit vote requests at term 1 for conf: {index: 0, cur=peers:[s0|localhost:15000, s1|localhost:15004, s2|localhost:15008]|listeners:[], old=null}
2025-02-27 19:02:58,099 [grpc-default-executor-5] INFO  server.RaftServer$Division (RaftServerImpl.java:requestVote(1475)) - s2@group-F6C2015611B8: receive requestVote(PRE_VOTE, s1, group-F6C2015611B8, 1, (t:1, i:2))
2025-02-27 19:02:58,099 [grpc-default-executor-5] WARN  server.RaftServer$Division (LeaderStateImpl.java:checkLeadership(1119)) - s2@group-F6C2015611B8-LeaderStateImpl: Lost leadership on term: 1. Election timeout: 300ms. In charge for: 909ms. Conf: conf: {index: 3, cur=peers:[s3|0.0.0.0:15012, s4|0.0.0.0:15016, s0|localhost:15000, s1|localhost:15004, s2|localhost:15008]|listeners:[], old=peers:[s0|localhost:15000, s1|localhost:15004, s2|localhost:15008]|listeners:[]}
2025-02-27 19:02:58,100 [grpc-default-executor-5] WARN  server.RaftServer$Division (LeaderStateImpl.java:lambda$checkLeadership$20(1123)) - Follower s2@group-F6C2015611B8->s0(c1,m2,n4, caughtUp=true, lastRpcSendTime=17, lastRpcResponseTime=440)
2025-02-27 19:02:58,100 [grpc-default-executor-5] WARN  server.RaftServer$Division (LeaderStateImpl.java:lambda$checkLeadership$20(1123)) - Follower s2@group-F6C2015611B8->s1(c1,m2,n4, caughtUp=true, lastRpcSendTime=18, lastRpcResponseTime=439)
2025-02-27 19:02:58,100 [grpc-default-executor-5] WARN  server.RaftServer$Division (LeaderStateImpl.java:lambda$checkLeadership$20(1123)) - Follower s2@group-F6C2015611B8->s3(c2,m3,n4, caughtUp=true, lastRpcSendTime=55, lastRpcResponseTime=54)
2025-02-27 19:02:58,100 [grpc-default-executor-5] WARN  server.RaftServer$Division (LeaderStateImpl.java:lambda$checkLeadership$20(1123)) - Follower s2@group-F6C2015611B8->s4(c2,m3,n4, caughtUp=true, lastRpcSendTime=58, lastRpcResponseTime=56)
2025-02-27 19:02:58,100 [grpc-default-executor-5] INFO  server.RaftServer$Division (RaftServerImpl.java:setRole(395)) - s2@group-F6C2015611B8: changes role from    LEADER to FOLLOWER at term 1 for StepDownReason:LOST_MAJORITY_HEARTBEATS
2025-02-27 19:02:58,100 [grpc-default-executor-5] INFO  impl.RoleInfo (RoleInfo.java:shutdownLeaderState(103)) - s2: shutdown s2@group-F6C2015611B8-LeaderStateImpl
2025-02-27 19:02:58,101 [grpc-default-executor-3] INFO  util.CodeInjectionForTesting (BlockRequestHandlingInjection.java:execute(77)) - s0: Block request from s1
2025-02-27 19:02:58,102 [s2@group-F6C2015611B8->s0-GrpcLogAppender-LogAppenderDaemon] WARN  server.GrpcLogAppender (GrpcLogAppender.java:mayWait(294)) - s2@group-F6C2015611B8->s0-GrpcLogAppender: Wait interrupted by java.lang.InterruptedException
2025-02-27 19:02:58,102 [s2@group-F6C2015611B8->s1-GrpcLogAppender-LogAppenderDaemon] WARN  server.GrpcLogAppender (GrpcLogAppender.java:mayWait(294)) - s2@group-F6C2015611B8->s1-GrpcLogAppender: Wait interrupted by java.lang.InterruptedException
2025-02-27 19:02:58,102 [s2@group-F6C2015611B8->s4-GrpcLogAppender-LogAppenderDaemon] WARN  server.GrpcLogAppender (GrpcLogAppender.java:mayWait(294)) - s2@group-F6C2015611B8->s4-GrpcLogAppender: Wait interrupted by java.lang.InterruptedException
2025-02-27 19:02:58,102 [s2@group-F6C2015611B8->s3-GrpcLogAppender-LogAppenderDaemon] WARN  server.GrpcLogAppender (GrpcLogAppender.java:mayWait(294)) - s2@group-F6C2015611B8->s3-GrpcLogAppender: Wait interrupted by java.lang.InterruptedException
2025-02-27 19:02:58,103 [grpc-default-executor-5] INFO  impl.PendingRequests (PendingRequests.java:sendNotLeaderResponses(287)) - s2@group-F6C2015611B8-PendingRequests: sendNotLeaderResponses
2025-02-27 19:02:58,108 [main] INFO  impl.MiniRaftCluster (MiniRaftCluster.java:shutdown(847)) - ************************************************************** 
2025-02-27 19:02:58,108 [main] INFO  impl.MiniRaftCluster (MiniRaftCluster.java:shutdown(848)) - *** 
2025-02-27 19:02:58,108 [grpc-default-executor-1] INFO  util.CodeInjectionForTesting (BlockRequestHandlingInjection.java:execute(84)) - s0: unBlock request from s2
2025-02-27 19:02:58,109 [grpc-default-executor-1] DEBUG server.RaftServer$Division (RaftServerImpl.java:logAppendEntries(1581)) - s0@group-F6C2015611B8: appendEntries* s2->s0#13-t1,previous=(t:1, i:2),leaderCommit=2,initializing? false,entries: size=1, first=(t:1, i:3), CONFIGURATIONENTRY(current:id:"s3"address:"0.0.0.0:15012"clientAddress:"0.0.0.0:15014"adminAddress:"0.0.0.0:15013"startupRole:FOLLOWER, id:"s4"address:"0.0.0.0:15016"clientAddress:"0.0.0.0:15018"adminAddress:"0.0.0.0:15017"startupRole:FOLLOWER, id:"s0"address:"localhost:15000"dataStreamAddress:"localhost:15003"clientAddress:"localhost:15002"adminAddress:"localhost:15001"startupRole:FOLLOWER, id:"s1"address:"localhost:15004"dataStreamAddress:"localhost:15007"clientAddress:"localhost:15006"adminAddress:"localhost:15005"startupRole:FOLLOWER, id:"s2"address:"localhost:15008"dataStreamAddress:"localhost:15011"clientAddress:"localhost:15010"adminAddress:"localhost:15009"startupRole:FOLLOWER, old:id:"s0"address:"localhost:15000"dataStreamAddress:"localhost:15003"clientAddress:"localhost:15002"adminAddress:"localhost:15001"startupRole:FOLLOWER, id:"s1"address:"localhost:15004"dataStreamAddress:"localhost:15007"clientAddress:"localhost:15006"adminAddress:"localhost:15005"startupRole:FOLLOWER, id:"s2"address:"localhost:15008"dataStreamAddress:"localhost:15011"clientAddress:"localhost:15010"adminAddress:"localhost:15009"startupRole:FOLLOWER)
2025-02-27 19:02:58,110 [grpc-default-executor-1] INFO  server.RaftServer$Division (RaftServerImpl.java:setRole(395)) - s0@group-F6C2015611B8: changes role from CANDIDATE to FOLLOWER at term 1 for appendEntries
2025-02-27 19:02:58,110 [grpc-default-executor-1] INFO  impl.RoleInfo (RoleInfo.java:shutdownLeaderElection(141)) - s0: shutdown s0@group-F6C2015611B8-LeaderElection4
2025-02-27 19:02:58,110 [Thread-76] DEBUG client.RaftClient (RaftClientImpl.java:handleIOException(418)) - client-F481306A879C: suggested new leader: null. Failed SetConfigurationRequest:client-F481306A879C->s2@group-F6C2015611B8, cid=2, seq=null, RW, null, SET_UNCONDITIONALLY, servers:[s3|0.0.0.0:15012, s4|0.0.0.0:15016, s0|localhost:15000, s1|localhost:15004, s2|localhost:15008], listeners:[]
org.apache.ratis.protocol.exceptions.NotLeaderException: Server s2@group-F6C2015611B8 is not the leader
	at org.apache.ratis.client.impl.ClientProtoUtils.toRaftClientReply(ClientProtoUtils.java:402)
	at org.apache.ratis.grpc.client.GrpcClientRpc.sendRequest(GrpcClientRpc.java:102)
	at org.apache.ratis.client.impl.BlockingImpl.sendRequest(BlockingImpl.java:147)
	at org.apache.ratis.client.impl.BlockingImpl.sendRequestWithRetry(BlockingImpl.java:109)
	at org.apache.ratis.client.impl.AdminImpl.setConfiguration(AdminImpl.java:46)
	at org.apache.ratis.client.api.AdminApi.setConfiguration(AdminApi.java:51)
	at org.apache.ratis.client.api.AdminApi.setConfiguration(AdminApi.java:45)
	at org.apache.ratis.server.impl.LeaderElectionTests.lambda$runTestLeaderLeaseDuringReconfiguration$13(LeaderElectionTests.java:762)
	at java.lang.Thread.run(Thread.java:750)
2025-02-27 19:02:58,111 [grpc-default-executor-5] INFO  server.RaftServer$Division (ServerState.java:setLeader(272)) - s2@group-F6C2015611B8: change Leader from s2 to null at term 1 for StepDownReason:LOST_MAJORITY_HEARTBEATS
2025-02-27 19:02:58,112 [grpc-default-executor-5] INFO  impl.RoleInfo (RoleInfo.java:updateAndGet(148)) - s2: start s2@group-F6C2015611B8-FollowerState
2025-02-27 19:02:58,110 [main] INFO  impl.MiniRaftCluster (MiniRaftCluster.java:shutdown(849)) - ***     Stopping MiniRaftClusterWithGrpc
2025-02-27 19:02:58,112 [main] INFO  impl.MiniRaftCluster (MiniRaftCluster.java:shutdown(850)) - *** 
2025-02-27 19:02:58,113 [main] INFO  impl.MiniRaftCluster (MiniRaftCluster.java:shutdown(851)) - ************************************************************** 
2025-02-27 19:02:58,113 [main] INFO  impl.MiniRaftCluster (MiniRaftCluster.java:shutdown(852)) - printing ALL groups
  s3:  RUNNING  FOLLOWER s3@group-F6C2015611B8:t1, leader=s2, voted=null, raftlog=Memoized:s3@group-F6C2015611B8-SegmentedRaftLog:OPENED:c2:last(t:1, i:3), conf=conf: {index: 3, cur=peers:[s3|0.0.0.0:15012, s4|0.0.0.0:15016, s0|localhost:15000, s1|localhost:15004, s2|localhost:15008]|listeners:[], old=peers:[s0|localhost:15000, s1|localhost:15004, s2|localhost:15008]|listeners:[]} RUNNING
  s4:  RUNNING  FOLLOWER s4@group-F6C2015611B8:t1, leader=s2, voted=null, raftlog=Memoized:s4@group-F6C2015611B8-SegmentedRaftLog:OPENED:c2:last(t:1, i:3), conf=conf: {index: 3, cur=peers:[s3|0.0.0.0:15012, s4|0.0.0.0:15016, s0|localhost:15000, s1|localhost:15004, s2|localhost:15008]|listeners:[], old=peers:[s0|localhost:15000, s1|localhost:15004, s2|localhost:15008]|listeners:[]} RUNNING
  s0:  RUNNING  FOLLOWER s0@group-F6C2015611B8:t1, leader=null, voted=s0, raftlog=Memoized:s0@group-F6C2015611B8-SegmentedRaftLog:OPENED:c1:last(t:1, i:2), conf=conf: {index: 0, cur=peers:[s0|localhost:15000, s1|localhost:15004, s2|localhost:15008]|listeners:[], old=null} RUNNING
  s1:  RUNNING CANDIDATE s1@group-F6C2015611B8:t1, leader=null, voted=s2, raftlog=Memoized:s1@group-F6C2015611B8-SegmentedRaftLog:OPENED:c1:last(t:1, i:2), conf=conf: {index: 0, cur=peers:[s0|localhost:15000, s1|localhost:15004, s2|localhost:15008]|listeners:[], old=null} RUNNING
  s2:  RUNNING  FOLLOWER s2@group-F6C2015611B8:t1, leader=null, voted=s2, raftlog=Memoized:s2@group-F6C2015611B8-SegmentedRaftLog:OPENED:c2:last(t:1, i:3), conf=conf: {index: 3, cur=peers:[s3|0.0.0.0:15012, s4|0.0.0.0:15016, s0|localhost:15000, s1|localhost:15004, s2|localhost:15008]|listeners:[], old=peers:[s0|localhost:15000, s1|localhost:15004, s2|localhost:15008]|listeners:[]} RUNNING
2025-02-27 19:02:58,110 [grpc-default-executor-1] INFO  impl.RoleInfo (RoleInfo.java:updateAndGet(148)) - s0: start s0@group-F6C2015611B8-FollowerState
2025-02-27 19:02:58,115 [grpc-default-executor-5] INFO  impl.VoteContext (VoteContext.java:log(49)) - s2@group-F6C2015611B8-FOLLOWER: reject PRE_VOTE from s1: our last entry (t:1, i:3) > candidate's last entry (t:1, i:2)
2025-02-27 19:02:58,115 [grpc-default-executor-5] INFO  server.RaftServer$Division (RaftServerImpl.java:requestVote(1509)) - s2@group-F6C2015611B8 replies to PRE_VOTE vote request: s1<-s2#0:FAIL-t1. Peer's state: s2@group-F6C2015611B8:t1, leader=null, voted=s2, raftlog=Memoized:s2@group-F6C2015611B8-SegmentedRaftLog:OPENED:c2:last(t:1, i:3), conf=conf: {index: 3, cur=peers:[s3|0.0.0.0:15012, s4|0.0.0.0:15016, s0|localhost:15000, s1|localhost:15004, s2|localhost:15008]|listeners:[], old=peers:[s0|localhost:15000, s1|localhost:15004, s2|localhost:15008]|listeners:[]}
2025-02-27 19:02:58,115 [Thread-76] DEBUG client.RaftClient (RaftClientImpl.java:handleIOException(436)) - client-F481306A879C: oldLeader=s2,  curLeader=s2, newLeader=s4
2025-02-27 19:02:58,115 [Thread-76] DEBUG client.RaftClient (RaftClientImpl.java:handleIOException(442)) - client-F481306A879C changes Leader from s2 to s4 for group-F6C2015611B8
org.apache.ratis.protocol.exceptions.NotLeaderException: Server s2@group-F6C2015611B8 is not the leader
	at org.apache.ratis.client.impl.ClientProtoUtils.toRaftClientReply(ClientProtoUtils.java:402)
	at org.apache.ratis.grpc.client.GrpcClientRpc.sendRequest(GrpcClientRpc.java:102)
	at org.apache.ratis.client.impl.BlockingImpl.sendRequest(BlockingImpl.java:147)
	at org.apache.ratis.client.impl.BlockingImpl.sendRequestWithRetry(BlockingImpl.java:109)
	at org.apache.ratis.client.impl.AdminImpl.setConfiguration(AdminImpl.java:46)
	at org.apache.ratis.client.api.AdminApi.setConfiguration(AdminApi.java:51)
	at org.apache.ratis.client.api.AdminApi.setConfiguration(AdminApi.java:45)
	at org.apache.ratis.server.impl.LeaderElectionTests.lambda$runTestLeaderLeaseDuringReconfiguration$13(LeaderElectionTests.java:762)
	at java.lang.Thread.run(Thread.java:750)
as expected: org.apache.ratis.client.impl.BlockingImpl@5efa6921 is closed.
2025-02-27 19:02:58,116 [MiniRaftCluster-1] INFO  server.RaftServer (RaftServerProxy.java:lambda$close$9(418)) - s3: close
2025-02-27 19:02:58,117 [grpc-default-executor-1] INFO  server.RaftServer$Division (ServerState.java:setLeader(272)) - s0@group-F6C2015611B8: change Leader from null to s2 at term 1 for appendEntries, leader elected after 190ms
2025-02-27 19:02:58,118 [grpc-default-executor-1] INFO  server.RaftServer$Division (ServerState.java:setRaftConf(386)) - s0@group-F6C2015611B8: set configuration conf: {index: 3, cur=peers:[s3|0.0.0.0:15012, s4|0.0.0.0:15016, s0|localhost:15000, s1|localhost:15004, s2|localhost:15008]|listeners:[], old=peers:[s0|localhost:15000, s1|localhost:15004, s2|localhost:15008]|listeners:[]}
2025-02-27 19:02:58,118 [MiniRaftCluster-1] INFO  server.GrpcServicesImpl (GrpcServicesImpl.java:closeImpl(362)) - s3: shutdown server org.apache.ratis.grpc.server.GrpcClientProtocolService now
2025-02-27 19:02:58,119 [MiniRaftCluster-3] INFO  server.RaftServer (RaftServerProxy.java:lambda$close$9(418)) - s0: close
2025-02-27 19:02:58,120 [MiniRaftCluster-4] INFO  server.RaftServer (RaftServerProxy.java:lambda$close$9(418)) - s1: close
2025-02-27 19:02:58,118 [s3-impl-thread1] INFO  server.RaftServer$Division (RaftServerImpl.java:lambda$close$1(530)) - s3@group-F6C2015611B8: shutdown
2025-02-27 19:02:58,120 [MiniRaftCluster-5] INFO  server.RaftServer (RaftServerProxy.java:lambda$close$9(418)) - s2: close
2025-02-27 19:02:58,119 [MiniRaftCluster-2] INFO  server.RaftServer (RaftServerProxy.java:lambda$close$9(418)) - s4: close
2025-02-27 19:02:58,121 [s3-impl-thread1] INFO  util.JmxRegister (JmxRegister.java:unregister(74)) - Successfully un-registered JMX Bean with object name Ratis:service=RaftServer,group=group-F6C2015611B8,id=s3
2025-02-27 19:02:58,121 [s3-impl-thread1] INFO  impl.RoleInfo (RoleInfo.java:shutdownFollowerState(121)) - s3: shutdown s3@group-F6C2015611B8-FollowerState
2025-02-27 19:02:58,121 [MiniRaftCluster-5] INFO  server.GrpcServicesImpl (GrpcServicesImpl.java:closeImpl(362)) - s2: shutdown server org.apache.ratis.grpc.server.GrpcClientProtocolService now
2025-02-27 19:02:58,122 [s2-impl-thread1] INFO  server.RaftServer$Division (RaftServerImpl.java:lambda$close$1(530)) - s2@group-F6C2015611B8: shutdown
2025-02-27 19:02:58,122 [MiniRaftCluster-2] INFO  server.GrpcServicesImpl (GrpcServicesImpl.java:closeImpl(362)) - s4: shutdown server org.apache.ratis.grpc.server.GrpcClientProtocolService now
2025-02-27 19:02:58,122 [MiniRaftCluster-4] INFO  server.GrpcServicesImpl (GrpcServicesImpl.java:closeImpl(362)) - s1: shutdown server org.apache.ratis.grpc.server.GrpcClientProtocolService now
2025-02-27 19:02:58,122 [s4-impl-thread1] INFO  server.RaftServer$Division (RaftServerImpl.java:lambda$close$1(530)) - s4@group-F6C2015611B8: shutdown
2025-02-27 19:02:58,122 [s4-impl-thread1] INFO  util.JmxRegister (JmxRegister.java:unregister(74)) - Successfully un-registered JMX Bean with object name Ratis:service=RaftServer,group=group-F6C2015611B8,id=s4
2025-02-27 19:02:58,122 [s4-impl-thread1] INFO  impl.RoleInfo (RoleInfo.java:shutdownFollowerState(121)) - s4: shutdown s4@group-F6C2015611B8-FollowerState
2025-02-27 19:02:58,121 [s3-impl-thread1] INFO  impl.StateMachineUpdater (StateMachineUpdater.java:stopAndJoin(162)) - s3@group-F6C2015611B8-StateMachineUpdater: set stopIndex = 2
2025-02-27 19:02:58,123 [s4-impl-thread1] INFO  impl.StateMachineUpdater (StateMachineUpdater.java:stopAndJoin(162)) - s4@group-F6C2015611B8-StateMachineUpdater: set stopIndex = 2
2025-02-27 19:02:58,123 [s4@group-F6C2015611B8-StateMachineUpdater] INFO  impl.StateMachineUpdater (StateMachineUpdater.java:stop(139)) - s4@group-F6C2015611B8-StateMachineUpdater: closing BaseStateMachine, lastApplied=(t:1, i:2)
2025-02-27 19:02:58,123 [s3@group-F6C2015611B8-StateMachineUpdater] INFO  impl.StateMachineUpdater (StateMachineUpdater.java:stop(139)) - s3@group-F6C2015611B8-StateMachineUpdater: closing BaseStateMachine, lastApplied=(t:1, i:2)
2025-02-27 19:02:58,123 [s4-impl-thread1] INFO  raftlog.RaftLog (SegmentedRaftLog.java:close(569)) - Start closing s4@group-F6C2015611B8-SegmentedRaftLog:OPENED:c2:last(t:1, i:3)
2025-02-27 19:02:58,122 [s3@group-F6C2015611B8-FollowerState] INFO  impl.FollowerState (FollowerState.java:runImpl(170)) - s3@group-F6C2015611B8-FollowerState was interrupted
2025-02-27 19:02:58,124 [s4@group-F6C2015611B8-cacheEviction-AwaitToRun] INFO  util.AwaitToRun (AwaitToRun.java:run(49)) - s4@group-F6C2015611B8-cacheEviction-AwaitToRun-AwaitForSignal is interrupted
2025-02-27 19:02:58,122 [s1-impl-thread1] INFO  server.RaftServer$Division (RaftServerImpl.java:lambda$close$1(530)) - s1@group-F6C2015611B8: shutdown
2025-02-27 19:02:58,124 [s1-impl-thread1] INFO  util.JmxRegister (JmxRegister.java:unregister(74)) - Successfully un-registered JMX Bean with object name Ratis:service=RaftServer,group=group-F6C2015611B8,id=s1
2025-02-27 19:02:58,124 [s1-impl-thread1] INFO  impl.RoleInfo (RoleInfo.java:shutdownLeaderElection(141)) - s1: shutdown s1@group-F6C2015611B8-LeaderElection5
2025-02-27 19:02:58,124 [s1-impl-thread1] INFO  impl.StateMachineUpdater (StateMachineUpdater.java:stopAndJoin(162)) - s1@group-F6C2015611B8-StateMachineUpdater: set stopIndex = 1
2025-02-27 19:02:58,124 [s1@group-F6C2015611B8-StateMachineUpdater] INFO  impl.StateMachineUpdater (StateMachineUpdater.java:stop(139)) - s1@group-F6C2015611B8-StateMachineUpdater: closing BaseStateMachine, lastApplied=(t:1, i:1)
2025-02-27 19:02:58,122 [s2-impl-thread1] INFO  util.JmxRegister (JmxRegister.java:unregister(74)) - Successfully un-registered JMX Bean with object name Ratis:service=RaftServer,group=group-F6C2015611B8,id=s2
2025-02-27 19:02:58,125 [s2-impl-thread1] INFO  impl.RoleInfo (RoleInfo.java:shutdownFollowerState(121)) - s2: shutdown s2@group-F6C2015611B8-FollowerState
2025-02-27 19:02:58,125 [s1-impl-thread1] INFO  raftlog.RaftLog (SegmentedRaftLog.java:close(569)) - Start closing s1@group-F6C2015611B8-SegmentedRaftLog:OPENED:c1:last(t:1, i:2)
2025-02-27 19:02:58,122 [s0-impl-thread1] INFO  server.RaftServer$Division (RaftServerImpl.java:lambda$close$1(530)) - s0@group-F6C2015611B8: shutdown
2025-02-27 19:02:58,122 [MiniRaftCluster-3] INFO  server.GrpcServicesImpl (GrpcServicesImpl.java:closeImpl(362)) - s0: shutdown server org.apache.ratis.grpc.server.GrpcClientProtocolService now
2025-02-27 19:02:58,125 [Thread-102] INFO  server.GrpcServerProtocolClient (GrpcServerProtocolClient.java:close(105)) - s0 Close channels
2025-02-27 19:02:58,124 [s4-impl-thread1] INFO  segmented.LogSegment (LogSegment.java:close(350)) - Successfully closed EntryCache-log_inprogress_0
2025-02-27 19:02:58,126 [Thread-101] INFO  server.GrpcServerProtocolClient (GrpcServerProtocolClient.java:close(105)) - s3 Close channels
2025-02-27 19:02:58,126 [s0-impl-thread1] INFO  util.JmxRegister (JmxRegister.java:unregister(74)) - Successfully un-registered JMX Bean with object name Ratis:service=RaftServer,group=group-F6C2015611B8,id=s0
2025-02-27 19:02:58,126 [s0-impl-thread1] INFO  impl.RoleInfo (RoleInfo.java:shutdownFollowerState(121)) - s0: shutdown s0@group-F6C2015611B8-FollowerState
2025-02-27 19:02:58,124 [s3-impl-thread1] INFO  raftlog.RaftLog (SegmentedRaftLog.java:close(569)) - Start closing s3@group-F6C2015611B8-SegmentedRaftLog:OPENED:c2:last(t:1, i:3)
2025-02-27 19:02:58,123 [s4@group-F6C2015611B8-FollowerState] INFO  impl.FollowerState (FollowerState.java:runImpl(170)) - s4@group-F6C2015611B8-FollowerState was interrupted
2025-02-27 19:02:58,127 [s2-impl-thread1] INFO  impl.StateMachineUpdater (StateMachineUpdater.java:stopAndJoin(162)) - s2@group-F6C2015611B8-StateMachineUpdater: set stopIndex = 2
2025-02-27 19:02:58,127 [s2@group-F6C2015611B8-FollowerState] INFO  impl.FollowerState (FollowerState.java:runImpl(170)) - s2@group-F6C2015611B8-FollowerState was interrupted
2025-02-27 19:02:58,127 [s2@group-F6C2015611B8-StateMachineUpdater] INFO  impl.StateMachineUpdater (StateMachineUpdater.java:stop(139)) - s2@group-F6C2015611B8-StateMachineUpdater: closing BaseStateMachine, lastApplied=(t:1, i:2)
2025-02-27 19:02:58,127 [Thread-112] INFO  server.GrpcServerProtocolClient (GrpcServerProtocolClient.java:close(105)) - s1 Close channels
2025-02-27 19:02:58,126 [Thread-111] INFO  server.GrpcServerProtocolClient (GrpcServerProtocolClient.java:close(105)) - s0 Close channels
2025-02-27 19:02:58,128 [Thread-116] INFO  server.GrpcServerProtocolClient (GrpcServerProtocolClient.java:close(105)) - s2 Close channels
2025-02-27 19:02:58,128 [s2-impl-thread1] INFO  raftlog.RaftLog (SegmentedRaftLog.java:close(569)) - Start closing s2@group-F6C2015611B8-SegmentedRaftLog:OPENED:c2:last(t:1, i:3)
2025-02-27 19:02:58,128 [s0-impl-thread1] INFO  impl.StateMachineUpdater (StateMachineUpdater.java:stopAndJoin(162)) - s0@group-F6C2015611B8-StateMachineUpdater: set stopIndex = 1
2025-02-27 19:02:58,128 [s3@group-F6C2015611B8-cacheEviction-AwaitToRun] INFO  util.AwaitToRun (AwaitToRun.java:run(49)) - s3@group-F6C2015611B8-cacheEviction-AwaitToRun-AwaitForSignal is interrupted
2025-02-27 19:02:58,129 [s0@group-F6C2015611B8-StateMachineUpdater] INFO  impl.StateMachineUpdater (StateMachineUpdater.java:stop(139)) - s0@group-F6C2015611B8-StateMachineUpdater: closing BaseStateMachine, lastApplied=(t:1, i:1)
2025-02-27 19:02:58,126 [Thread-110] INFO  server.GrpcServerProtocolClient (GrpcServerProtocolClient.java:close(105)) - s4 Close channels
2025-02-27 19:02:58,129 [s0-impl-thread1] INFO  raftlog.RaftLog (SegmentedRaftLog.java:close(569)) - Start closing s0@group-F6C2015611B8-SegmentedRaftLog:OPENED:c1:last(t:1, i:2)
2025-02-27 19:02:58,129 [s3-impl-thread1] INFO  segmented.LogSegment (LogSegment.java:close(350)) - Successfully closed EntryCache-log_inprogress_0
2025-02-27 19:02:58,128 [s2@group-F6C2015611B8-cacheEviction-AwaitToRun] INFO  util.AwaitToRun (AwaitToRun.java:run(49)) - s2@group-F6C2015611B8-cacheEviction-AwaitToRun-AwaitForSignal is interrupted
2025-02-27 19:02:58,128 [s0@group-F6C2015611B8-FollowerState] INFO  impl.FollowerState (FollowerState.java:runImpl(170)) - s0@group-F6C2015611B8-FollowerState was interrupted
2025-02-27 19:02:58,130 [s2-impl-thread1] INFO  segmented.LogSegment (LogSegment.java:close(350)) - Successfully closed EntryCache-log_inprogress_0
2025-02-27 19:02:58,127 [s1@group-F6C2015611B8-cacheEviction-AwaitToRun] INFO  util.AwaitToRun (AwaitToRun.java:run(49)) - s1@group-F6C2015611B8-cacheEviction-AwaitToRun-AwaitForSignal is interrupted
2025-02-27 19:02:58,130 [MiniRaftCluster-2] INFO  server.GrpcServicesImpl (GrpcServicesImpl.java:closeImpl(371)) - s4: shutdown server org.apache.ratis.grpc.server.GrpcClientProtocolService successfully
2025-02-27 19:02:58,130 [MiniRaftCluster-2] INFO  server.GrpcServicesImpl (GrpcServicesImpl.java:closeImpl(362)) - s4: shutdown server GrpcServerProtocolService now
2025-02-27 19:02:58,130 [Thread-121] INFO  server.GrpcServerProtocolClient (GrpcServerProtocolClient.java:close(105)) - s2 Close channels
2025-02-27 19:02:58,129 [Thread-120] INFO  server.GrpcServerProtocolClient (GrpcServerProtocolClient.java:close(105)) - s1 Close channels
2025-02-27 19:02:58,129 [s0@group-F6C2015611B8-cacheEviction-AwaitToRun] INFO  util.AwaitToRun (AwaitToRun.java:run(49)) - s0@group-F6C2015611B8-cacheEviction-AwaitToRun-AwaitForSignal is interrupted
2025-02-27 19:02:58,131 [MiniRaftCluster-1] INFO  server.GrpcServicesImpl (GrpcServicesImpl.java:closeImpl(371)) - s3: shutdown server org.apache.ratis.grpc.server.GrpcClientProtocolService successfully
2025-02-27 19:02:58,131 [MiniRaftCluster-1] INFO  server.GrpcServicesImpl (GrpcServicesImpl.java:closeImpl(362)) - s3: shutdown server GrpcServerProtocolService now
2025-02-27 19:02:58,130 [s1-impl-thread1] INFO  segmented.LogSegment (LogSegment.java:close(350)) - Successfully closed EntryCache-log_inprogress_0
2025-02-27 19:02:58,132 [s0-impl-thread1] INFO  segmented.LogSegment (LogSegment.java:close(350)) - Successfully closed EntryCache-log_inprogress_0
2025-02-27 19:02:58,134 [grpc-default-executor-5] WARN  server.GrpcServerProtocolService (LogUtils.java:warn(127)) - s3: APPEND_ENTRIES onError, lastRequest: null: org.apache.ratis.thirdparty.io.grpc.StatusRuntimeException: CANCELLED: client cancelled
2025-02-27 19:02:58,135 [grpc-default-executor-9] WARN  server.GrpcServerProtocolService (LogUtils.java:warn(127)) - s4: APPEND_ENTRIES onError, lastRequest: null: org.apache.ratis.thirdparty.io.grpc.StatusRuntimeException: CANCELLED: client cancelled
2025-02-27 19:02:58,135 [MiniRaftCluster-2] INFO  server.GrpcServicesImpl (GrpcServicesImpl.java:closeImpl(371)) - s4: shutdown server GrpcServerProtocolService successfully
2025-02-27 19:02:58,135 [MiniRaftCluster-2] INFO  server.GrpcServicesImpl (GrpcServicesImpl.java:closeImpl(362)) - s4: shutdown server org.apache.ratis.grpc.server.GrpcAdminProtocolService now
2025-02-27 19:02:58,136 [grpc-default-executor-9] INFO  server.GrpcLogAppender (GrpcLogAppender.java:onError(557)) - s2@group-F6C2015611B8->s4-GrpcLogAppender is already stopped
2025-02-27 19:02:58,136 [MiniRaftCluster-2] INFO  server.GrpcServicesImpl (GrpcServicesImpl.java:closeImpl(371)) - s4: shutdown server org.apache.ratis.grpc.server.GrpcAdminProtocolService successfully
2025-02-27 19:02:58,137 [grpc-default-executor-10] WARN  server.GrpcServerProtocolService (LogUtils.java:warn(127)) - s3: APPEND_ENTRIES onError, lastRequest: s2->s3#3-t1,previous=(t:1, i:2),leaderCommit=2,initializing? true,entries: size=1, first=(t:1, i:3), CONFIGURATIONENTRY(current:id:"s3"address:"0.0.0.0:15012"clientAddress:"0.0.0.0:15014"adminAddress:"0.0.0.0:15013"startupRole:FOLLOWER, id:"s4"address:"0.0.0.0:15016"clientAddress:"0.0.0.0:15018"adminAddress:"0.0.0.0:15017"startupRole:FOLLOWER, id:"s0"address:"localhost:15000"dataStreamAddress:"localhost:15003"clientAddress:"localhost:15002"adminAddress:"localhost:15001"startupRole:FOLLOWER, id:"s1"address:"localhost:15004"dataStreamAddress:"localhost:15007"clientAddress:"localhost:15006"adminAddress:"localhost:15005"startupRole:FOLLOWER, id:"s2"address:"localhost:15008"dataStreamAddress:"localhost:15011"clientAddress:"localhost:15010"adminAddress:"localhost:15009"startupRole:FOLLOWER, old:id:"s0"address:"localhost:15000"dataStreamAddress:"localhost:15003"clientAddress:"localhost:15002"adminAddress:"localhost:15001"startupRole:FOLLOWER, id:"s1"address:"localhost:15004"dataStreamAddress:"localhost:15007"clientAddress:"localhost:15006"adminAddress:"localhost:15005"startupRole:FOLLOWER, id:"s2"address:"localhost:15008"dataStreamAddress:"localhost:15011"clientAddress:"localhost:15010"adminAddress:"localhost:15009"startupRole:FOLLOWER): org.apache.ratis.thirdparty.io.grpc.StatusRuntimeException: CANCELLED: client cancelled
2025-02-27 19:02:58,137 [grpc-default-executor-9] INFO  server.GrpcLogAppender (GrpcLogAppender.java:onError(557)) - s2@group-F6C2015611B8->s4-GrpcLogAppender is already stopped
2025-02-27 19:02:58,137 [MiniRaftCluster-1] INFO  server.GrpcServicesImpl (GrpcServicesImpl.java:closeImpl(371)) - s3: shutdown server GrpcServerProtocolService successfully
2025-02-27 19:02:58,137 [MiniRaftCluster-1] INFO  server.GrpcServicesImpl (GrpcServicesImpl.java:closeImpl(362)) - s3: shutdown server org.apache.ratis.grpc.server.GrpcAdminProtocolService now
2025-02-27 19:02:58,137 [MiniRaftCluster-1] INFO  server.GrpcServicesImpl (GrpcServicesImpl.java:closeImpl(371)) - s3: shutdown server org.apache.ratis.grpc.server.GrpcAdminProtocolService successfully
2025-02-27 19:02:58,137 [grpc-default-executor-5] INFO  server.GrpcLogAppender (GrpcLogAppender.java:onError(557)) - s2@group-F6C2015611B8->s3-GrpcLogAppender is already stopped
2025-02-27 19:02:58,138 [grpc-default-executor-9] INFO  server.GrpcLogAppender (GrpcLogAppender.java:onError(557)) - s2@group-F6C2015611B8->s3-GrpcLogAppender is already stopped
2025-02-27 19:02:58,138 [grpc-default-executor-7] WARN  server.GrpcServerProtocolService (LogUtils.java:warn(127)) - s4: APPEND_ENTRIES onError, lastRequest: s2->s4#3-t1,previous=(t:1, i:2),leaderCommit=2,initializing? true,entries: size=1, first=(t:1, i:3), CONFIGURATIONENTRY(current:id:"s3"address:"0.0.0.0:15012"clientAddress:"0.0.0.0:15014"adminAddress:"0.0.0.0:15013"startupRole:FOLLOWER, id:"s4"address:"0.0.0.0:15016"clientAddress:"0.0.0.0:15018"adminAddress:"0.0.0.0:15017"startupRole:FOLLOWER, id:"s0"address:"localhost:15000"dataStreamAddress:"localhost:15003"clientAddress:"localhost:15002"adminAddress:"localhost:15001"startupRole:FOLLOWER, id:"s1"address:"localhost:15004"dataStreamAddress:"localhost:15007"clientAddress:"localhost:15006"adminAddress:"localhost:15005"startupRole:FOLLOWER, id:"s2"address:"localhost:15008"dataStreamAddress:"localhost:15011"clientAddress:"localhost:15010"adminAddress:"localhost:15009"startupRole:FOLLOWER, old:id:"s0"address:"localhost:15000"dataStreamAddress:"localhost:15003"clientAddress:"localhost:15002"adminAddress:"localhost:15001"startupRole:FOLLOWER, id:"s1"address:"localhost:15004"dataStreamAddress:"localhost:15007"clientAddress:"localhost:15006"adminAddress:"localhost:15005"startupRole:FOLLOWER, id:"s2"address:"localhost:15008"dataStreamAddress:"localhost:15011"clientAddress:"localhost:15010"adminAddress:"localhost:15009"startupRole:FOLLOWER): org.apache.ratis.thirdparty.io.grpc.StatusRuntimeException: CANCELLED: client cancelled
2025-02-27 19:02:58,195 [s0@group-F6C2015611B8-LeaderElection4] INFO  impl.LeaderElection (LeaderElection.java:logAndReturn(90)) - s0@group-F6C2015611B8-LeaderElection4: PRE_VOTE REJECTED received 1 response(s) and 0 exception(s):
2025-02-27 19:02:58,197 [s0@group-F6C2015611B8-LeaderElection4] INFO  impl.LeaderElection (LeaderElection.java:logAndReturn(94)) -   Response 0: s0<-s2#0:FAIL-t1
2025-02-27 19:02:58,198 [s0@group-F6C2015611B8-LeaderElection4] INFO  impl.LeaderElection (LeaderElection.java:askForVotes(334)) - s0@group-F6C2015611B8-LeaderElection4 PRE_VOTE round 0: result REJECTED
2025-02-27 19:02:58,199 [MiniRaftCluster-3] INFO  server.GrpcServicesImpl (GrpcServicesImpl.java:closeImpl(371)) - s0: shutdown server org.apache.ratis.grpc.server.GrpcClientProtocolService successfully
2025-02-27 19:02:58,200 [MiniRaftCluster-3] INFO  server.GrpcServicesImpl (GrpcServicesImpl.java:closeImpl(362)) - s0: shutdown server GrpcServerProtocolService now
2025-02-27 19:02:58,201 [s0-server-thread1] WARN  server.GrpcServerProtocolService (LogUtils.java:warn(129)) - s0: Failed APPEND_ENTRIES request cid=13, isHeartbeat? false
java.util.concurrent.CompletionException: java.lang.IllegalStateException: s0@group-F6C2015611B8-SegmentedRaftLog is expected to be opened but it is CLOSED
	at java.util.concurrent.CompletableFuture.encodeThrowable(CompletableFuture.java:273)
	at java.util.concurrent.CompletableFuture.uniComposeStage(CompletableFuture.java:1005)
	at java.util.concurrent.CompletableFuture.thenCompose(CompletableFuture.java:2137)
	at org.apache.ratis.server.impl.RaftServerImpl.lambda$appendLog$41(RaftServerImpl.java:1701)
	at java.util.concurrent.atomic.AtomicReference.updateAndGet(AtomicReference.java:179)
	at org.apache.ratis.server.impl.RaftServerImpl.appendLog(RaftServerImpl.java:1701)
	at org.apache.ratis.server.impl.RaftServerImpl.appendEntriesAsync(RaftServerImpl.java:1661)
	at org.apache.ratis.server.impl.RaftServerImpl.appendEntriesAsync(RaftServerImpl.java:1548)
	at org.apache.ratis.server.impl.RaftServerProxy.lambda$null$28(RaftServerProxy.java:657)
	at org.apache.ratis.util.JavaUtils.callAsUnchecked(JavaUtils.java:118)
	at org.apache.ratis.server.impl.RaftServerProxy.lambda$appendEntriesAsync$29(RaftServerProxy.java:656)
	at java.util.concurrent.CompletableFuture.uniComposeStage(CompletableFuture.java:995)
	at java.util.concurrent.CompletableFuture.thenCompose(CompletableFuture.java:2137)
	at org.apache.ratis.server.impl.RaftServerProxy.appendEntriesAsync(RaftServerProxy.java:656)
	at org.apache.ratis.grpc.server.GrpcServerProtocolService$1.process(GrpcServerProtocolService.java:323)
	at org.apache.ratis.grpc.server.GrpcServerProtocolService$ServerRequestStreamObserver.onNext(GrpcServerProtocolService.java:187)
	at org.apache.ratis.thirdparty.io.grpc.stub.ServerCalls$StreamingServerCallHandler$StreamingServerCallListener.onMessage(ServerCalls.java:262)
	at org.apache.ratis.thirdparty.io.grpc.internal.ServerCallImpl$ServerStreamListenerImpl.messagesAvailableInternal(ServerCallImpl.java:334)
	at org.apache.ratis.thirdparty.io.grpc.internal.ServerCallImpl$ServerStreamListenerImpl.messagesAvailable(ServerCallImpl.java:319)
	at org.apache.ratis.thirdparty.io.grpc.internal.ServerImpl$JumpToApplicationThreadServerStreamListener$1MessagesAvailable.runInContext(ServerImpl.java:834)
	at org.apache.ratis.thirdparty.io.grpc.internal.ContextRunnable.run(ContextRunnable.java:37)
	at org.apache.ratis.thirdparty.io.grpc.internal.SerializingExecutor.run(SerializingExecutor.java:133)
	at java.util.concurrent.ThreadPoolExecutor.runWorker(ThreadPoolExecutor.java:1149)
	at java.util.concurrent.ThreadPoolExecutor$Worker.run(ThreadPoolExecutor.java:624)
	at java.lang.Thread.run(Thread.java:750)
Caused by: java.lang.IllegalStateException: s0@group-F6C2015611B8-SegmentedRaftLog is expected to be opened but it is CLOSED
	at org.apache.ratis.util.OpenCloseState.assertOpen(OpenCloseState.java:63)
	at org.apache.ratis.server.raftlog.RaftLogBase.checkLogState(RaftLogBase.java:115)
	at org.apache.ratis.server.raftlog.segmented.SegmentedRaftLog.appendImpl(SegmentedRaftLog.java:494)
	at org.apache.ratis.server.raftlog.RaftLogBase.lambda$append$11(RaftLogBase.java:366)
	at org.apache.ratis.server.raftlog.RaftLogSequentialOps$Runner.runSequentially(RaftLogSequentialOps.java:71)
	at org.apache.ratis.server.raftlog.RaftLogBase.append(RaftLogBase.java:366)
	at org.apache.ratis.server.impl.RaftServerImpl.lambda$null$40(RaftServerImpl.java:1702)
	at java.util.concurrent.CompletableFuture.uniComposeStage(CompletableFuture.java:995)
	... 23 more
Caused by: org.apache.ratis.util.OpenCloseState$CloseTrace: Close s0@group-F6C2015611B8-SegmentedRaftLog
	at org.apache.ratis.util.OpenCloseState.lambda$close$1(OpenCloseState.java:109)
	at java.util.concurrent.atomic.AtomicReference.getAndUpdate(AtomicReference.java:160)
	at org.apache.ratis.util.OpenCloseState.close(OpenCloseState.java:109)
	at org.apache.ratis.server.raftlog.RaftLogBase.close(RaftLogBase.java:407)
	at org.apache.ratis.server.raftlog.segmented.SegmentedRaftLog.close(SegmentedRaftLog.java:570)
	at org.apache.ratis.server.impl.ServerState.close(ServerState.java:434)
	at org.apache.ratis.server.impl.RaftServerImpl.lambda$close$1(RaftServerImpl.java:552)
	at org.apache.ratis.util.LifeCycle.lambda$checkStateAndClose$7(LifeCycle.java:306)
	at org.apache.ratis.util.LifeCycle.checkStateAndClose(LifeCycle.java:326)
	at org.apache.ratis.util.LifeCycle.checkStateAndClose(LifeCycle.java:304)
	at org.apache.ratis.server.impl.RaftServerImpl.close(RaftServerImpl.java:529)
	at org.apache.ratis.server.impl.RaftServerProxy$ImplMap.close(RaftServerProxy.java:137)
	at org.apache.ratis.server.impl.RaftServerProxy$ImplMap.lambda$close$0(RaftServerProxy.java:124)
	at org.apache.ratis.util.ConcurrentUtils.accept(ConcurrentUtils.java:203)
	at org.apache.ratis.util.ConcurrentUtils.lambda$null$4(ConcurrentUtils.java:182)
	... 3 more
2025-02-27 19:02:58,203 [s1@group-F6C2015611B8-LeaderElection5] INFO  impl.LeaderElection (LogUtils.java:infoOrTrace(142)) - s1@group-F6C2015611B8-LeaderElection5 got exception when requesting votes: java.util.concurrent.ExecutionException: org.apache.ratis.thirdparty.io.grpc.StatusRuntimeException: CANCELLED: RST_STREAM closed stream. HTTP/2 error code: CANCEL
2025-02-27 19:02:58,203 [s1@group-F6C2015611B8-LeaderElection5] INFO  impl.LeaderElection (LeaderElection.java:logAndReturn(90)) - s1@group-F6C2015611B8-LeaderElection5: PRE_VOTE REJECTED received 1 response(s) and 1 exception(s):
2025-02-27 19:02:58,203 [s1@group-F6C2015611B8-LeaderElection5] INFO  impl.LeaderElection (LeaderElection.java:logAndReturn(94)) -   Response 0: s1<-s2#0:FAIL-t1
2025-02-27 19:02:58,203 [s1@group-F6C2015611B8-LeaderElection5] INFO  impl.LeaderElection (LogUtils.java:infoOrTrace(142)) -   Exception 1: java.util.concurrent.ExecutionException: org.apache.ratis.thirdparty.io.grpc.StatusRuntimeException: CANCELLED: RST_STREAM closed stream. HTTP/2 error code: CANCEL
2025-02-27 19:02:58,203 [MiniRaftCluster-4] INFO  server.GrpcServicesImpl (GrpcServicesImpl.java:closeImpl(371)) - s1: shutdown server org.apache.ratis.grpc.server.GrpcClientProtocolService successfully
2025-02-27 19:02:58,204 [MiniRaftCluster-4] INFO  server.GrpcServicesImpl (GrpcServicesImpl.java:closeImpl(362)) - s1: shutdown server GrpcServerProtocolService now
2025-02-27 19:02:58,204 [s1@group-F6C2015611B8-LeaderElection5] INFO  impl.LeaderElection (LeaderElection.java:askForVotes(334)) - s1@group-F6C2015611B8-LeaderElection5 PRE_VOTE round 0: result REJECTED
2025-02-27 19:02:58,208 [grpc-default-executor-9] WARN  server.GrpcServerProtocolService (LogUtils.java:warn(127)) - s0: APPEND_ENTRIES onError, lastRequest: s2->s0#13-t1,previous=(t:1, i:2),leaderCommit=2,initializing? false,entries: size=1, first=(t:1, i:3), CONFIGURATIONENTRY(current:id:"s3"address:"0.0.0.0:15012"clientAddress:"0.0.0.0:15014"adminAddress:"0.0.0.0:15013"startupRole:FOLLOWER, id:"s4"address:"0.0.0.0:15016"clientAddress:"0.0.0.0:15018"adminAddress:"0.0.0.0:15017"startupRole:FOLLOWER, id:"s0"address:"localhost:15000"dataStreamAddress:"localhost:15003"clientAddress:"localhost:15002"adminAddress:"localhost:15001"startupRole:FOLLOWER, id:"s1"address:"localhost:15004"dataStreamAddress:"localhost:15007"clientAddress:"localhost:15006"adminAddress:"localhost:15005"startupRole:FOLLOWER, id:"s2"address:"localhost:15008"dataStreamAddress:"localhost:15011"clientAddress:"localhost:15010"adminAddress:"localhost:15009"startupRole:FOLLOWER, old:id:"s0"address:"localhost:15000"dataStreamAddress:"localhost:15003"clientAddress:"localhost:15002"adminAddress:"localhost:15001"startupRole:FOLLOWER, id:"s1"address:"localhost:15004"dataStreamAddress:"localhost:15007"clientAddress:"localhost:15006"adminAddress:"localhost:15005"startupRole:FOLLOWER, id:"s2"address:"localhost:15008"dataStreamAddress:"localhost:15011"clientAddress:"localhost:15010"adminAddress:"localhost:15009"startupRole:FOLLOWER): org.apache.ratis.thirdparty.io.grpc.StatusRuntimeException: CANCELLED: client cancelled
2025-02-27 19:02:58,208 [MiniRaftCluster-3] INFO  server.GrpcServicesImpl (GrpcServicesImpl.java:closeImpl(371)) - s0: shutdown server GrpcServerProtocolService successfully
2025-02-27 19:02:58,208 [MiniRaftCluster-3] INFO  server.GrpcServicesImpl (GrpcServicesImpl.java:closeImpl(362)) - s0: shutdown server org.apache.ratis.grpc.server.GrpcAdminProtocolService now
2025-02-27 19:02:58,208 [MiniRaftCluster-3] INFO  server.GrpcServicesImpl (GrpcServicesImpl.java:closeImpl(371)) - s0: shutdown server org.apache.ratis.grpc.server.GrpcAdminProtocolService successfully
2025-02-27 19:02:58,210 [MiniRaftCluster-4] INFO  server.GrpcServicesImpl (GrpcServicesImpl.java:closeImpl(371)) - s1: shutdown server GrpcServerProtocolService successfully
2025-02-27 19:02:58,210 [MiniRaftCluster-4] INFO  server.GrpcServicesImpl (GrpcServicesImpl.java:closeImpl(362)) - s1: shutdown server org.apache.ratis.grpc.server.GrpcAdminProtocolService now
2025-02-27 19:02:58,211 [grpc-default-executor-10] INFO  server.GrpcLogAppender (GrpcLogAppender.java:onError(557)) - s2@group-F6C2015611B8->s1-GrpcLogAppender is already stopped
2025-02-27 19:02:58,211 [grpc-default-executor-9] INFO  server.GrpcLogAppender (GrpcLogAppender.java:onError(557)) - s2@group-F6C2015611B8->s0-GrpcLogAppender is already stopped
2025-02-27 19:02:58,212 [MiniRaftCluster-4] INFO  server.GrpcServicesImpl (GrpcServicesImpl.java:closeImpl(371)) - s1: shutdown server org.apache.ratis.grpc.server.GrpcAdminProtocolService successfully
2025-02-27 19:02:58,213 [grpc-default-executor-5] INFO  server.GrpcLogAppender (GrpcLogAppender.java:onError(557)) - s2@group-F6C2015611B8->s0-GrpcLogAppender is already stopped
2025-02-27 19:02:58,215 [grpc-default-executor-5] INFO  server.GrpcLogAppender (GrpcLogAppender.java:onError(557)) - s2@group-F6C2015611B8->s1-GrpcLogAppender is already stopped
2025-02-27 19:02:58,217 [MiniRaftCluster-5] INFO  server.GrpcServicesImpl (GrpcServicesImpl.java:closeImpl(371)) - s2: shutdown server org.apache.ratis.grpc.server.GrpcClientProtocolService successfully
2025-02-27 19:02:58,217 [MiniRaftCluster-5] INFO  server.GrpcServicesImpl (GrpcServicesImpl.java:closeImpl(362)) - s2: shutdown server GrpcServerProtocolService now
2025-02-27 19:02:58,218 [MiniRaftCluster-5] INFO  server.GrpcServicesImpl (GrpcServicesImpl.java:closeImpl(371)) - s2: shutdown server GrpcServerProtocolService successfully
2025-02-27 19:02:58,218 [MiniRaftCluster-5] INFO  server.GrpcServicesImpl (GrpcServicesImpl.java:closeImpl(362)) - s2: shutdown server org.apache.ratis.grpc.server.GrpcAdminProtocolService now
2025-02-27 19:02:58,221 [MiniRaftCluster-5] INFO  server.GrpcServicesImpl (GrpcServicesImpl.java:closeImpl(371)) - s2: shutdown server org.apache.ratis.grpc.server.GrpcAdminProtocolService successfully
2025-02-27 19:02:58,233 [grpc-default-executor-0] INFO  util.CodeInjectionForTesting (BlockRequestHandlingInjection.java:execute(84)) - s1: unBlock request from s0
2025-02-27 19:02:58,233 [grpc-default-executor-0] INFO  server.RaftServer$Division (RaftServerImpl.java:requestVote(1475)) - s1@group-F6C2015611B8: receive requestVote(PRE_VOTE, s0, group-F6C2015611B8, 1, (t:1, i:2))
2025-02-27 19:02:58,233 [grpc-default-executor-0] WARN  server.GrpcServerProtocolService (LogUtils.java:warn(127)) - s1: Failed requestVote s0->s1#0: org.apache.ratis.protocol.exceptions.ServerNotReadyException: s1@group-F6C2015611B8 is not in [RUNNING]: current state is CLOSING
2025-02-27 19:02:58,338 [grpc-default-executor-6] INFO  util.CodeInjectionForTesting (BlockRequestHandlingInjection.java:execute(84)) - s1: unBlock request from s2
2025-02-27 19:02:58,339 [grpc-default-executor-6] ERROR server.RaftServer$Division (RaftServerImpl.java:appendEntriesAsync(1550)) - s1@group-F6C2015611B8: Failed appendEntries* s2->s1#12-t1,previous=(t:1, i:2),leaderCommit=2,initializing? false,HEARTBEAT
org.apache.ratis.protocol.exceptions.ServerNotReadyException: s1@group-F6C2015611B8 is not in [STARTING, RUNNING]: current state is CLOSING
	at org.apache.ratis.server.impl.RaftServerImpl.lambda$assertLifeCycleState$7(RaftServerImpl.java:821)
	at org.apache.ratis.util.LifeCycle.assertCurrentState(LifeCycle.java:260)
	at org.apache.ratis.server.impl.RaftServerImpl.assertLifeCycleState(RaftServerImpl.java:820)
	at org.apache.ratis.server.impl.RaftServerImpl.appendEntriesAsync(RaftServerImpl.java:1541)
	at org.apache.ratis.server.impl.RaftServerProxy.lambda$null$28(RaftServerProxy.java:657)
	at org.apache.ratis.util.JavaUtils.callAsUnchecked(JavaUtils.java:118)
	at org.apache.ratis.server.impl.RaftServerProxy.lambda$appendEntriesAsync$29(RaftServerProxy.java:656)
	at java.util.concurrent.CompletableFuture.uniComposeStage(CompletableFuture.java:995)
	at java.util.concurrent.CompletableFuture.thenCompose(CompletableFuture.java:2137)
	at org.apache.ratis.server.impl.RaftServerProxy.appendEntriesAsync(RaftServerProxy.java:656)
	at org.apache.ratis.grpc.server.GrpcServerProtocolService$1.process(GrpcServerProtocolService.java:323)
	at org.apache.ratis.grpc.server.GrpcServerProtocolService$ServerRequestStreamObserver.onNext(GrpcServerProtocolService.java:172)
	at org.apache.ratis.thirdparty.io.grpc.stub.ServerCalls$StreamingServerCallHandler$StreamingServerCallListener.onMessage(ServerCalls.java:262)
	at org.apache.ratis.thirdparty.io.grpc.internal.ServerCallImpl$ServerStreamListenerImpl.messagesAvailableInternal(ServerCallImpl.java:334)
	at org.apache.ratis.thirdparty.io.grpc.internal.ServerCallImpl$ServerStreamListenerImpl.messagesAvailable(ServerCallImpl.java:319)
	at org.apache.ratis.thirdparty.io.grpc.internal.ServerImpl$JumpToApplicationThreadServerStreamListener$1MessagesAvailable.runInContext(ServerImpl.java:834)
	at org.apache.ratis.thirdparty.io.grpc.internal.ContextRunnable.run(ContextRunnable.java:37)
	at org.apache.ratis.thirdparty.io.grpc.internal.SerializingExecutor.run(SerializingExecutor.java:133)
	at java.util.concurrent.ThreadPoolExecutor.runWorker(ThreadPoolExecutor.java:1149)
	at java.util.concurrent.ThreadPoolExecutor$Worker.run(ThreadPoolExecutor.java:624)
	at java.lang.Thread.run(Thread.java:750)
2025-02-27 19:02:58,340 [grpc-default-executor-6] WARN  server.GrpcServerProtocolService (LogUtils.java:warn(127)) - s1: APPEND_ENTRIES onError, lastRequest: null: org.apache.ratis.thirdparty.io.grpc.StatusRuntimeException: CANCELLED: client cancelled
2025-02-27 19:02:58,341 [grpc-default-executor-2] INFO  util.CodeInjectionForTesting (BlockRequestHandlingInjection.java:execute(84)) - s0: unBlock request from s2
2025-02-27 19:02:58,342 [grpc-default-executor-2] ERROR server.RaftServer$Division (RaftServerImpl.java:appendEntriesAsync(1550)) - s0@group-F6C2015611B8: Failed appendEntries* s2->s0#10-t1,previous=(t:1, i:2),leaderCommit=2,initializing? false,HEARTBEAT
org.apache.ratis.protocol.exceptions.ServerNotReadyException: s0@group-F6C2015611B8 is not in [STARTING, RUNNING]: current state is CLOSING
	at org.apache.ratis.server.impl.RaftServerImpl.lambda$assertLifeCycleState$7(RaftServerImpl.java:821)
	at org.apache.ratis.util.LifeCycle.assertCurrentState(LifeCycle.java:260)
	at org.apache.ratis.server.impl.RaftServerImpl.assertLifeCycleState(RaftServerImpl.java:820)
	at org.apache.ratis.server.impl.RaftServerImpl.appendEntriesAsync(RaftServerImpl.java:1541)
	at org.apache.ratis.server.impl.RaftServerProxy.lambda$null$28(RaftServerProxy.java:657)
	at org.apache.ratis.util.JavaUtils.callAsUnchecked(JavaUtils.java:118)
	at org.apache.ratis.server.impl.RaftServerProxy.lambda$appendEntriesAsync$29(RaftServerProxy.java:656)
	at java.util.concurrent.CompletableFuture.uniComposeStage(CompletableFuture.java:995)
	at java.util.concurrent.CompletableFuture.thenCompose(CompletableFuture.java:2137)
	at org.apache.ratis.server.impl.RaftServerProxy.appendEntriesAsync(RaftServerProxy.java:656)
	at org.apache.ratis.grpc.server.GrpcServerProtocolService$1.process(GrpcServerProtocolService.java:323)
	at org.apache.ratis.grpc.server.GrpcServerProtocolService$ServerRequestStreamObserver.onNext(GrpcServerProtocolService.java:172)
	at org.apache.ratis.thirdparty.io.grpc.stub.ServerCalls$StreamingServerCallHandler$StreamingServerCallListener.onMessage(ServerCalls.java:262)
	at org.apache.ratis.thirdparty.io.grpc.internal.ServerCallImpl$ServerStreamListenerImpl.messagesAvailableInternal(ServerCallImpl.java:334)
	at org.apache.ratis.thirdparty.io.grpc.internal.ServerCallImpl$ServerStreamListenerImpl.messagesAvailable(ServerCallImpl.java:319)
	at org.apache.ratis.thirdparty.io.grpc.internal.ServerImpl$JumpToApplicationThreadServerStreamListener$1MessagesAvailable.runInContext(ServerImpl.java:834)
	at org.apache.ratis.thirdparty.io.grpc.internal.ContextRunnable.run(ContextRunnable.java:37)
	at org.apache.ratis.thirdparty.io.grpc.internal.SerializingExecutor.run(SerializingExecutor.java:133)
	at java.util.concurrent.ThreadPoolExecutor.runWorker(ThreadPoolExecutor.java:1149)
	at java.util.concurrent.ThreadPoolExecutor$Worker.run(ThreadPoolExecutor.java:624)
	at java.lang.Thread.run(Thread.java:750)
2025-02-27 19:02:58,342 [grpc-default-executor-2] WARN  server.GrpcServerProtocolService (LogUtils.java:warn(127)) - s0: APPEND_ENTRIES onError, lastRequest: null: org.apache.ratis.thirdparty.io.grpc.StatusRuntimeException: CANCELLED: client cancelled
2025-02-27 19:02:58,401 [grpc-default-executor-3] INFO  util.CodeInjectionForTesting (BlockRequestHandlingInjection.java:execute(84)) - s0: unBlock request from s1
2025-02-27 19:02:58,401 [grpc-default-executor-3] INFO  server.RaftServer$Division (RaftServerImpl.java:requestVote(1475)) - s0@group-F6C2015611B8: receive requestVote(PRE_VOTE, s1, group-F6C2015611B8, 1, (t:1, i:2))
2025-02-27 19:02:58,401 [grpc-default-executor-3] WARN  server.GrpcServerProtocolService (LogUtils.java:warn(127)) - s0: Failed requestVote s1->s0#0: org.apache.ratis.protocol.exceptions.ServerNotReadyException: s0@group-F6C2015611B8 is not in [RUNNING]: current state is CLOSING
2025-02-27 19:02:58,402 [grpc-default-executor-4] INFO  util.CodeInjectionForTesting (BlockRequestHandlingInjection.java:execute(84)) - s1: unBlock request from s2
2025-02-27 19:02:58,403 [grpc-default-executor-4] ERROR server.RaftServer$Division (RaftServerImpl.java:appendEntriesAsync(1550)) - s1@group-F6C2015611B8: Failed appendEntries* s2->s1#15-t1,previous=(t:1, i:2),leaderCommit=2,initializing? false,entries: size=1, first=(t:1, i:3), CONFIGURATIONENTRY(current:id:"s3"address:"0.0.0.0:15012"clientAddress:"0.0.0.0:15014"adminAddress:"0.0.0.0:15013"startupRole:FOLLOWER, id:"s4"address:"0.0.0.0:15016"clientAddress:"0.0.0.0:15018"adminAddress:"0.0.0.0:15017"startupRole:FOLLOWER, id:"s0"address:"localhost:15000"dataStreamAddress:"localhost:15003"clientAddress:"localhost:15002"adminAddress:"localhost:15001"startupRole:FOLLOWER, id:"s1"address:"localhost:15004"dataStreamAddress:"localhost:15007"clientAddress:"localhost:15006"adminAddress:"localhost:15005"startupRole:FOLLOWER, id:"s2"address:"localhost:15008"dataStreamAddress:"localhost:15011"clientAddress:"localhost:15010"adminAddress:"localhost:15009"startupRole:FOLLOWER, old:id:"s0"address:"localhost:15000"dataStreamAddress:"localhost:15003"clientAddress:"localhost:15002"adminAddress:"localhost:15001"startupRole:FOLLOWER, id:"s1"address:"localhost:15004"dataStreamAddress:"localhost:15007"clientAddress:"localhost:15006"adminAddress:"localhost:15005"startupRole:FOLLOWER, id:"s2"address:"localhost:15008"dataStreamAddress:"localhost:15011"clientAddress:"localhost:15010"adminAddress:"localhost:15009"startupRole:FOLLOWER)
org.apache.ratis.protocol.exceptions.ServerNotReadyException: s1@group-F6C2015611B8 is not in [STARTING, RUNNING]: current state is CLOSING
	at org.apache.ratis.server.impl.RaftServerImpl.lambda$assertLifeCycleState$7(RaftServerImpl.java:821)
	at org.apache.ratis.util.LifeCycle.assertCurrentState(LifeCycle.java:260)
	at org.apache.ratis.server.impl.RaftServerImpl.assertLifeCycleState(RaftServerImpl.java:820)
	at org.apache.ratis.server.impl.RaftServerImpl.appendEntriesAsync(RaftServerImpl.java:1541)
	at org.apache.ratis.server.impl.RaftServerProxy.lambda$null$28(RaftServerProxy.java:657)
	at org.apache.ratis.util.JavaUtils.callAsUnchecked(JavaUtils.java:118)
	at org.apache.ratis.server.impl.RaftServerProxy.lambda$appendEntriesAsync$29(RaftServerProxy.java:656)
	at java.util.concurrent.CompletableFuture.uniComposeStage(CompletableFuture.java:995)
	at java.util.concurrent.CompletableFuture.thenCompose(CompletableFuture.java:2137)
	at org.apache.ratis.server.impl.RaftServerProxy.appendEntriesAsync(RaftServerProxy.java:656)
	at org.apache.ratis.grpc.server.GrpcServerProtocolService$1.process(GrpcServerProtocolService.java:323)
	at org.apache.ratis.grpc.server.GrpcServerProtocolService$ServerRequestStreamObserver.onNext(GrpcServerProtocolService.java:187)
	at org.apache.ratis.thirdparty.io.grpc.stub.ServerCalls$StreamingServerCallHandler$StreamingServerCallListener.onMessage(ServerCalls.java:262)
	at org.apache.ratis.thirdparty.io.grpc.internal.ServerCallImpl$ServerStreamListenerImpl.messagesAvailableInternal(ServerCallImpl.java:334)
	at org.apache.ratis.thirdparty.io.grpc.internal.ServerCallImpl$ServerStreamListenerImpl.messagesAvailable(ServerCallImpl.java:319)
	at org.apache.ratis.thirdparty.io.grpc.internal.ServerImpl$JumpToApplicationThreadServerStreamListener$1MessagesAvailable.runInContext(ServerImpl.java:834)
	at org.apache.ratis.thirdparty.io.grpc.internal.ContextRunnable.run(ContextRunnable.java:37)
	at org.apache.ratis.thirdparty.io.grpc.internal.SerializingExecutor.run(SerializingExecutor.java:133)
	at java.util.concurrent.ThreadPoolExecutor.runWorker(ThreadPoolExecutor.java:1149)
	at java.util.concurrent.ThreadPoolExecutor$Worker.run(ThreadPoolExecutor.java:624)
	at java.lang.Thread.run(Thread.java:750)
2025-02-27 19:02:58,403 [grpc-default-executor-4] WARN  server.GrpcServerProtocolService (LogUtils.java:warn(129)) - s1: Failed APPEND_ENTRIES request cid=15, isHeartbeat? false
java.util.concurrent.CompletionException: org.apache.ratis.protocol.exceptions.ServerNotReadyException: s1@group-F6C2015611B8 is not in [STARTING, RUNNING]: current state is CLOSING
	at org.apache.ratis.util.JavaUtils.callAsUnchecked(JavaUtils.java:122)
	at org.apache.ratis.server.impl.RaftServerProxy.lambda$appendEntriesAsync$29(RaftServerProxy.java:656)
	at java.util.concurrent.CompletableFuture.uniComposeStage(CompletableFuture.java:995)
	at java.util.concurrent.CompletableFuture.thenCompose(CompletableFuture.java:2137)
	at org.apache.ratis.server.impl.RaftServerProxy.appendEntriesAsync(RaftServerProxy.java:656)
	at org.apache.ratis.grpc.server.GrpcServerProtocolService$1.process(GrpcServerProtocolService.java:323)
	at org.apache.ratis.grpc.server.GrpcServerProtocolService$ServerRequestStreamObserver.onNext(GrpcServerProtocolService.java:187)
	at org.apache.ratis.thirdparty.io.grpc.stub.ServerCalls$StreamingServerCallHandler$StreamingServerCallListener.onMessage(ServerCalls.java:262)
	at org.apache.ratis.thirdparty.io.grpc.internal.ServerCallImpl$ServerStreamListenerImpl.messagesAvailableInternal(ServerCallImpl.java:334)
	at org.apache.ratis.thirdparty.io.grpc.internal.ServerCallImpl$ServerStreamListenerImpl.messagesAvailable(ServerCallImpl.java:319)
	at org.apache.ratis.thirdparty.io.grpc.internal.ServerImpl$JumpToApplicationThreadServerStreamListener$1MessagesAvailable.runInContext(ServerImpl.java:834)
	at org.apache.ratis.thirdparty.io.grpc.internal.ContextRunnable.run(ContextRunnable.java:37)
	at org.apache.ratis.thirdparty.io.grpc.internal.SerializingExecutor.run(SerializingExecutor.java:133)
	at java.util.concurrent.ThreadPoolExecutor.runWorker(ThreadPoolExecutor.java:1149)
	at java.util.concurrent.ThreadPoolExecutor$Worker.run(ThreadPoolExecutor.java:624)
	at java.lang.Thread.run(Thread.java:750)
Caused by: org.apache.ratis.protocol.exceptions.ServerNotReadyException: s1@group-F6C2015611B8 is not in [STARTING, RUNNING]: current state is CLOSING
	at org.apache.ratis.server.impl.RaftServerImpl.lambda$assertLifeCycleState$7(RaftServerImpl.java:821)
	at org.apache.ratis.util.LifeCycle.assertCurrentState(LifeCycle.java:260)
	at org.apache.ratis.server.impl.RaftServerImpl.assertLifeCycleState(RaftServerImpl.java:820)
	at org.apache.ratis.server.impl.RaftServerImpl.appendEntriesAsync(RaftServerImpl.java:1541)
	at org.apache.ratis.server.impl.RaftServerProxy.lambda$null$28(RaftServerProxy.java:657)
	at org.apache.ratis.util.JavaUtils.callAsUnchecked(JavaUtils.java:118)
	... 15 more
2025-02-27 19:02:58,404 [grpc-default-executor-4] WARN  server.GrpcServerProtocolService (LogUtils.java:warn(127)) - s1: APPEND_ENTRIES onError, lastRequest: null: org.apache.ratis.thirdparty.io.grpc.StatusRuntimeException: CANCELLED: client cancelled
2025-02-27 19:02:58,658 [s0-impl-thread1] INFO  segmented.SegmentedRaftLogWorker (SegmentedRaftLogWorker.java:close(254)) - s0@group-F6C2015611B8-SegmentedRaftLogWorker close()
2025-02-27 19:02:58,659 [s0-impl-thread1] INFO  raftlog.RaftLog (SegmentedRaftLog.java:close(577)) - Successfully closed s0@group-F6C2015611B8-SegmentedRaftLog:CLOSED:c1
2025-02-27 19:02:58,659 [s1-impl-thread1] INFO  segmented.SegmentedRaftLogWorker (SegmentedRaftLogWorker.java:close(254)) - s1@group-F6C2015611B8-SegmentedRaftLogWorker close()
2025-02-27 19:02:58,660 [s1-impl-thread1] INFO  raftlog.RaftLog (SegmentedRaftLog.java:close(577)) - Successfully closed s1@group-F6C2015611B8-SegmentedRaftLog:CLOSED:c1
2025-02-27 19:02:58,663 [JvmPauseMonitor1] INFO  util.JvmPauseMonitor (JvmPauseMonitor.java:run(152)) - JvmPauseMonitor-s1: Stopped
2025-02-27 19:02:58,664 [JvmPauseMonitor0] INFO  util.JvmPauseMonitor (JvmPauseMonitor.java:run(152)) - JvmPauseMonitor-s0: Stopped
2025-02-27 19:02:58,798 [s2-impl-thread1] INFO  segmented.SegmentedRaftLogWorker (SegmentedRaftLogWorker.java:close(254)) - s2@group-F6C2015611B8-SegmentedRaftLogWorker close()
2025-02-27 19:02:58,799 [s2-impl-thread1] INFO  raftlog.RaftLog (SegmentedRaftLog.java:close(577)) - Successfully closed s2@group-F6C2015611B8-SegmentedRaftLog:CLOSED:c2
2025-02-27 19:02:58,799 [JvmPauseMonitor2] INFO  util.JvmPauseMonitor (JvmPauseMonitor.java:run(152)) - JvmPauseMonitor-s2: Stopped
2025-02-27 19:02:58,807 [s3-impl-thread1] INFO  segmented.SegmentedRaftLogWorker (SegmentedRaftLogWorker.java:close(254)) - s3@group-F6C2015611B8-SegmentedRaftLogWorker close()
2025-02-27 19:02:58,807 [s3-impl-thread1] INFO  raftlog.RaftLog (SegmentedRaftLog.java:close(577)) - Successfully closed s3@group-F6C2015611B8-SegmentedRaftLog:CLOSED:c2
2025-02-27 19:02:58,810 [s4-impl-thread1] INFO  segmented.SegmentedRaftLogWorker (SegmentedRaftLogWorker.java:close(254)) - s4@group-F6C2015611B8-SegmentedRaftLogWorker close()
2025-02-27 19:02:58,810 [s4-impl-thread1] INFO  raftlog.RaftLog (SegmentedRaftLog.java:close(577)) - Successfully closed s4@group-F6C2015611B8-SegmentedRaftLog:CLOSED:c2
2025-02-27 19:02:58,813 [JvmPauseMonitor3] INFO  util.JvmPauseMonitor (JvmPauseMonitor.java:run(152)) - JvmPauseMonitor-s3: Stopped
2025-02-27 19:02:58,816 [JvmPauseMonitor4] INFO  util.JvmPauseMonitor (JvmPauseMonitor.java:run(152)) - JvmPauseMonitor-s4: Stopped
2025-02-27 19:02:58,819 [main] INFO  impl.MiniRaftCluster (MiniRaftCluster.java:shutdown(883)) - MiniRaftClusterWithGrpc shutdown completed
2025-02-27 19:02:58,821 [main] INFO  ratis.RaftTestUtil (RaftTestUtil.java:gc(607)) - gc 0
2025-02-27 19:02:59,019 [main] WARN  util.ReferenceCountedLeakDetector (ReferenceCountedLeakDetector.java:logLeakMessage(167)) - LEAK: (class org.apache.ratis.proto.RaftProtos$AppendEntriesRequestProto, count=1, value=serverRequest {
  requestorId: "s2"
  replyId: "s0"
  raftGroupId {
    id: "\277\000\024\311\030\351K\220\241\233\366\302\001V\021\270"
  }
  callId: 13
}
leaderTerm: 1
previousLog {
  term: 1
  index: 2
}
entries {
  term: 1
  index: 3
  configurationEntry {
    peers {
      id: "s3"
      address: "0.0.0.0:15012"
      clientAddress: "0.0.0.0:15014"
      adminAddress: "0.0.0.0:15013"
      startupRole: FOLLOWER
    }
    peers {
      id: "s4"
      address: "0.0.0.0:15016"
      clientAddress: "0.0.0.0:15018"
      adminAddress: "0.0.0.0:15017"
      startupRole: FOLLOWER
    }
    peers {
      id: "s0"
      address: "localhost:15000"
      dataStreamAddress: "localhost:15003"
      clientAddress: "localhost:15002"
      adminAddress: "localhost:15001"
      startupRole: FOLLOWER
    }
    peers {
      id: "s1"
      address: "localhost:15004"
      dataStreamAddress: "localhost:15007"
      clientAddress: "localhost:15006"
      adminAddress: "localhost:15005"
      startupRole: FOLLOWER
    }
    peers {
      id: "s2"
      address: "localhost:15008"
      dataStreamAddress: "localhost:15011"
      clientAddress: "localhost:15010"
      adminAddress: "localhost:15009"
      startupRole: FOLLOWER
    }
    oldPeers {
      id: "s0"
      address: "localhost:15000"
      dataStreamAddress: "localhost:15003"
      clientAddress: "localhost:15002"
      adminAddress: "localhost:15001"
      startupRole: FOLLOWER
    }
    oldPeers {
      id: "s1"
      address: "localhost:15004"
      dataStreamAddress: "localhost:15007"
      clientAddress: "localhost:15006"
      adminAddress: "localhost:15005"
      startupRole: FOLLOWER
    }
    oldPeers {
      id: "s2"
      address: "localhost:15008"
      dataStreamAddress: "localhost:15011"
      clientAddress: "localhost:15010"
      adminAddress: "localhost:15009"
      startupRole: FOLLOWER
    }
  }
}
leaderCommit: 2
commitInfos {
  server {
    id: "s2"
    address: "localhost:15008"
    dataStreamAddress: "localhost:15011"
    clientAddress: "localhost:15010"
    adminAddress: "localhost:15009"
    startupRole: FOLLOWER
  }
  commitIndex: 2
}
commitInfos {
  server {
    id: "s0"
    address: "localhost:15000"
    dataStreamAddress: "localhost:15003"
    clientAddress: "localhost:15002"
    adminAddress: "localhost:15001"
    startupRole: FOLLOWER
  }
  commitIndex: 1
}
commitInfos {
  server {
    id: "s1"
    address: "localhost:15004"
    dataStreamAddress: "localhost:15007"
    clientAddress: "localhost:15006"
    adminAddress: "localhost:15005"
    startupRole: FOLLOWER
  }
  commitIndex: 1
}
commitInfos {
  server {
    id: "s3"
    address: "0.0.0.0:15012"
    clientAddress: "0.0.0.0:15014"
    adminAddress: "0.0.0.0:15013"
    startupRole: FOLLOWER
  }
  commitIndex: 2
}
commitInfos {
  server {
    id: "s4"
    address: "0.0.0.0:15016"
    clientAddress: "0.0.0.0:15018"
    adminAddress: "0.0.0.0:15017"
    startupRole: FOLLOWER
  }
  commitIndex: 2
}
)
2025-02-27 19:02:59,020 [main] WARN  util.LeakDetector (LeakDetector.java:assertNoLeaks(175)) - 0/30) numLeaks == 1 > 0, will wait and retry ...
2025-02-27 19:03:00,020 [main] WARN  util.ReferenceCountedLeakDetector (ReferenceCountedLeakDetector.java:logLeakMessage(167)) - LEAK: (class org.apache.ratis.proto.RaftProtos$AppendEntriesRequestProto, count=1, value=serverRequest {
  requestorId: "s2"
  replyId: "s0"
  raftGroupId {
    id: "\277\000\024\311\030\351K\220\241\233\366\302\001V\021\270"
  }
  callId: 13
}
leaderTerm: 1
previousLog {
  term: 1
  index: 2
}
entries {
  term: 1
  index: 3
  configurationEntry {
    peers {
      id: "s3"
      address: "0.0.0.0:15012"
      clientAddress: "0.0.0.0:15014"
      adminAddress: "0.0.0.0:15013"
      startupRole: FOLLOWER
    }
    peers {
      id: "s4"
      address: "0.0.0.0:15016"
      clientAddress: "0.0.0.0:15018"
      adminAddress: "0.0.0.0:15017"
      startupRole: FOLLOWER
    }
    peers {
      id: "s0"
      address: "localhost:15000"
      dataStreamAddress: "localhost:15003"
      clientAddress: "localhost:15002"
      adminAddress: "localhost:15001"
      startupRole: FOLLOWER
    }
    peers {
      id: "s1"
      address: "localhost:15004"
      dataStreamAddress: "localhost:15007"
      clientAddress: "localhost:15006"
      adminAddress: "localhost:15005"
      startupRole: FOLLOWER
    }
    peers {
      id: "s2"
      address: "localhost:15008"
      dataStreamAddress: "localhost:15011"
      clientAddress: "localhost:15010"
      adminAddress: "localhost:15009"
      startupRole: FOLLOWER
    }
    oldPeers {
      id: "s0"
      address: "localhost:15000"
      dataStreamAddress: "localhost:15003"
      clientAddress: "localhost:15002"
      adminAddress: "localhost:15001"
      startupRole: FOLLOWER
    }
    oldPeers {
      id: "s1"
      address: "localhost:15004"
      dataStreamAddress: "localhost:15007"
      clientAddress: "localhost:15006"
      adminAddress: "localhost:15005"
      startupRole: FOLLOWER
    }
    oldPeers {
      id: "s2"
      address: "localhost:15008"
      dataStreamAddress: "localhost:15011"
      clientAddress: "localhost:15010"
      adminAddress: "localhost:15009"
      startupRole: FOLLOWER
    }
  }
}
leaderCommit: 2
commitInfos {
  server {
    id: "s2"
    address: "localhost:15008"
    dataStreamAddress: "localhost:15011"
    clientAddress: "localhost:15010"
    adminAddress: "localhost:15009"
    startupRole: FOLLOWER
  }
  commitIndex: 2
}
commitInfos {
  server {
    id: "s0"
    address: "localhost:15000"
    dataStreamAddress: "localhost:15003"
    clientAddress: "localhost:15002"
    adminAddress: "localhost:15001"
    startupRole: FOLLOWER
  }
  commitIndex: 1
}
commitInfos {
  server {
    id: "s1"
    address: "localhost:15004"
    dataStreamAddress: "localhost:15007"
    clientAddress: "localhost:15006"
    adminAddress: "localhost:15005"
    startupRole: FOLLOWER
  }
  commitIndex: 1
}
commitInfos {
  server {
    id: "s3"
    address: "0.0.0.0:15012"
    clientAddress: "0.0.0.0:15014"
    adminAddress: "0.0.0.0:15013"
    startupRole: FOLLOWER
  }
  commitIndex: 2
}
commitInfos {
  server {
    id: "s4"
    address: "0.0.0.0:15016"
    clientAddress: "0.0.0.0:15018"
    adminAddress: "0.0.0.0:15017"
    startupRole: FOLLOWER
  }
  commitIndex: 2
}
)
2025-02-27 19:03:00,020 [main] WARN  util.LeakDetector (LeakDetector.java:assertNoLeaks(175)) - 1/30) numLeaks == 1 > 0, will wait and retry ...
2025-02-27 19:03:00,736 [timer6] WARN  server.GrpcLogAppender (GrpcLogAppender.java:timeoutAppendRequest(460)) - s2@group-F6C2015611B8->s1-GrpcLogAppender: Timed out HEARTBEAT appendEntries, errorCount=1, request=AppendEntriesRequest:cid=12,entriesCount=0
2025-02-27 19:03:00,737 [timer5] WARN  server.GrpcLogAppender (GrpcLogAppender.java:timeoutAppendRequest(460)) - s2@group-F6C2015611B8->s0-GrpcLogAppender: Timed out HEARTBEAT appendEntries, errorCount=1, request=AppendEntriesRequest:cid=10,entriesCount=0
2025-02-27 19:03:00,775 [timer4] WARN  server.GrpcLogAppender (GrpcLogAppender.java:timeoutAppendRequest(460)) - s2@group-F6C2015611B8->s0-GrpcLogAppender: Timed out HEARTBEAT appendEntries, errorCount=2, request=AppendEntriesRequest:cid=11,entriesCount=0
2025-02-27 19:03:00,775 [timer3] WARN  server.GrpcLogAppender (GrpcLogAppender.java:timeoutAppendRequest(460)) - s2@group-F6C2015611B8->s1-GrpcLogAppender: Timed out HEARTBEAT appendEntries, errorCount=2, request=AppendEntriesRequest:cid=13,entriesCount=0
2025-02-27 19:03:00,799 [timer7] WARN  server.GrpcLogAppender (GrpcLogAppender.java:timeoutAppendRequest(460)) - s2@group-F6C2015611B8->s1-GrpcLogAppender: Timed out appendEntries, errorCount=3, request=AppendEntriesRequest:cid=15,entriesCount=1,entry=(t:1, i:3)
2025-02-27 19:03:00,803 [timer0] WARN  server.GrpcLogAppender (GrpcLogAppender.java:timeoutAppendRequest(460)) - s2@group-F6C2015611B8->s0-GrpcLogAppender: Timed out appendEntries, errorCount=3, request=AppendEntriesRequest:cid=13,entriesCount=1,entry=(t:1, i:3)
2025-02-27 19:03:00,814 [timer1] WARN  server.GrpcLogAppender (GrpcLogAppender.java:timeoutAppendRequest(460)) - s2@group-F6C2015611B8->s1-GrpcLogAppender: Timed out HEARTBEAT appendEntries, errorCount=4, request=AppendEntriesRequest:cid=17,entriesCount=0
2025-02-27 19:03:00,815 [timer2] WARN  server.GrpcLogAppender (GrpcLogAppender.java:timeoutAppendRequest(460)) - s2@group-F6C2015611B8->s0-GrpcLogAppender: Timed out HEARTBEAT appendEntries, errorCount=4, request=AppendEntriesRequest:cid=14,entriesCount=0
2025-02-27 19:03:00,851 [timer3] WARN  server.GrpcLogAppender (GrpcLogAppender.java:timeoutAppendRequest(460)) - s2@group-F6C2015611B8->s1-GrpcLogAppender: Timed out HEARTBEAT appendEntries, errorCount=5, request=AppendEntriesRequest:cid=18,entriesCount=0
2025-02-27 19:03:00,853 [timer4] WARN  server.GrpcLogAppender (GrpcLogAppender.java:timeoutAppendRequest(460)) - s2@group-F6C2015611B8->s0-GrpcLogAppender: Timed out HEARTBEAT appendEntries, errorCount=5, request=AppendEntriesRequest:cid=15,entriesCount=0
2025-02-27 19:03:00,889 [timer7] WARN  server.GrpcLogAppender (GrpcLogAppender.java:timeoutAppendRequest(460)) - s2@group-F6C2015611B8->s1-GrpcLogAppender: Timed out HEARTBEAT appendEntries, errorCount=6, request=AppendEntriesRequest:cid=19,entriesCount=0
2025-02-27 19:03:00,890 [timer0] WARN  server.GrpcLogAppender (GrpcLogAppender.java:timeoutAppendRequest(460)) - s2@group-F6C2015611B8->s0-GrpcLogAppender: Timed out HEARTBEAT appendEntries, errorCount=6, request=AppendEntriesRequest:cid=16,entriesCount=0
2025-02-27 19:03:00,928 [timer1] WARN  server.GrpcLogAppender (GrpcLogAppender.java:timeoutAppendRequest(460)) - s2@group-F6C2015611B8->s1-GrpcLogAppender: Timed out HEARTBEAT appendEntries, errorCount=7, request=AppendEntriesRequest:cid=20,entriesCount=0
2025-02-27 19:03:00,929 [timer2] WARN  server.GrpcLogAppender (GrpcLogAppender.java:timeoutAppendRequest(460)) - s2@group-F6C2015611B8->s0-GrpcLogAppender: Timed out HEARTBEAT appendEntries, errorCount=7, request=AppendEntriesRequest:cid=17,entriesCount=0
2025-02-27 19:03:00,968 [timer5] WARN  server.GrpcLogAppender (GrpcLogAppender.java:timeoutAppendRequest(460)) - s2@group-F6C2015611B8->s1-GrpcLogAppender: Timed out HEARTBEAT appendEntries, errorCount=8, request=AppendEntriesRequest:cid=21,entriesCount=0
2025-02-27 19:03:00,969 [timer6] WARN  server.GrpcLogAppender (GrpcLogAppender.java:timeoutAppendRequest(460)) - s2@group-F6C2015611B8->s0-GrpcLogAppender: Timed out HEARTBEAT appendEntries, errorCount=8, request=AppendEntriesRequest:cid=18,entriesCount=0
2025-02-27 19:03:01,005 [timer7] WARN  server.GrpcLogAppender (GrpcLogAppender.java:timeoutAppendRequest(460)) - s2@group-F6C2015611B8->s1-GrpcLogAppender: Timed out HEARTBEAT appendEntries, errorCount=9, request=AppendEntriesRequest:cid=22,entriesCount=0
2025-02-27 19:03:01,007 [timer0] WARN  server.GrpcLogAppender (GrpcLogAppender.java:timeoutAppendRequest(460)) - s2@group-F6C2015611B8->s0-GrpcLogAppender: Timed out HEARTBEAT appendEntries, errorCount=9, request=AppendEntriesRequest:cid=19,entriesCount=0
2025-02-27 19:03:01,021 [main] WARN  util.ReferenceCountedLeakDetector (ReferenceCountedLeakDetector.java:logLeakMessage(167)) - LEAK: (class org.apache.ratis.proto.RaftProtos$AppendEntriesRequestProto, count=1, value=serverRequest {
  requestorId: "s2"
  replyId: "s0"
  raftGroupId {
    id: "\277\000\024\311\030\351K\220\241\233\366\302\001V\021\270"
  }
  callId: 13
}
leaderTerm: 1
previousLog {
  term: 1
  index: 2
}
entries {
  term: 1
  index: 3
  configurationEntry {
    peers {
      id: "s3"
      address: "0.0.0.0:15012"
      clientAddress: "0.0.0.0:15014"
      adminAddress: "0.0.0.0:15013"
      startupRole: FOLLOWER
    }
    peers {
      id: "s4"
      address: "0.0.0.0:15016"
      clientAddress: "0.0.0.0:15018"
      adminAddress: "0.0.0.0:15017"
      startupRole: FOLLOWER
    }
    peers {
      id: "s0"
      address: "localhost:15000"
      dataStreamAddress: "localhost:15003"
      clientAddress: "localhost:15002"
      adminAddress: "localhost:15001"
      startupRole: FOLLOWER
    }
    peers {
      id: "s1"
      address: "localhost:15004"
      dataStreamAddress: "localhost:15007"
      clientAddress: "localhost:15006"
      adminAddress: "localhost:15005"
      startupRole: FOLLOWER
    }
    peers {
      id: "s2"
      address: "localhost:15008"
      dataStreamAddress: "localhost:15011"
      clientAddress: "localhost:15010"
      adminAddress: "localhost:15009"
      startupRole: FOLLOWER
    }
    oldPeers {
      id: "s0"
      address: "localhost:15000"
      dataStreamAddress: "localhost:15003"
      clientAddress: "localhost:15002"
      adminAddress: "localhost:15001"
      startupRole: FOLLOWER
    }
    oldPeers {
      id: "s1"
      address: "localhost:15004"
      dataStreamAddress: "localhost:15007"
      clientAddress: "localhost:15006"
      adminAddress: "localhost:15005"
      startupRole: FOLLOWER
    }
    oldPeers {
      id: "s2"
      address: "localhost:15008"
      dataStreamAddress: "localhost:15011"
      clientAddress: "localhost:15010"
      adminAddress: "localhost:15009"
      startupRole: FOLLOWER
    }
  }
}
leaderCommit: 2
commitInfos {
  server {
    id: "s2"
    address: "localhost:15008"
    dataStreamAddress: "localhost:15011"
    clientAddress: "localhost:15010"
    adminAddress: "localhost:15009"
    startupRole: FOLLOWER
  }
  commitIndex: 2
}
commitInfos {
  server {
    id: "s0"
    address: "localhost:15000"
    dataStreamAddress: "localhost:15003"
    clientAddress: "localhost:15002"
    adminAddress: "localhost:15001"
    startupRole: FOLLOWER
  }
  commitIndex: 1
}
commitInfos {
  server {
    id: "s1"
    address: "localhost:15004"
    dataStreamAddress: "localhost:15007"
    clientAddress: "localhost:15006"
    adminAddress: "localhost:15005"
    startupRole: FOLLOWER
  }
  commitIndex: 1
}
commitInfos {
  server {
    id: "s3"
    address: "0.0.0.0:15012"
    clientAddress: "0.0.0.0:15014"
    adminAddress: "0.0.0.0:15013"
    startupRole: FOLLOWER
  }
  commitIndex: 2
}
commitInfos {
  server {
    id: "s4"
    address: "0.0.0.0:15016"
    clientAddress: "0.0.0.0:15018"
    adminAddress: "0.0.0.0:15017"
    startupRole: FOLLOWER
  }
  commitIndex: 2
}
)
2025-02-27 19:03:01,021 [main] WARN  util.LeakDetector (LeakDetector.java:assertNoLeaks(175)) - 2/30) numLeaks == 1 > 0, will wait and retry ...
2025-02-27 19:03:01,043 [timer2] WARN  server.GrpcLogAppender (GrpcLogAppender.java:timeoutAppendRequest(460)) - s2@group-F6C2015611B8->s1-GrpcLogAppender: Timed out HEARTBEAT appendEntries, errorCount=10, request=AppendEntriesRequest:cid=23,entriesCount=0
2025-02-27 19:03:01,044 [timer3] WARN  server.GrpcLogAppender (GrpcLogAppender.java:timeoutAppendRequest(460)) - s2@group-F6C2015611B8->s0-GrpcLogAppender: Timed out HEARTBEAT appendEntries, errorCount=10, request=AppendEntriesRequest:cid=20,entriesCount=0
2025-02-27 19:03:01,082 [timer6] WARN  server.GrpcLogAppender (GrpcLogAppender.java:timeoutAppendRequest(460)) - s2@group-F6C2015611B8->s1-GrpcLogAppender: Timed out HEARTBEAT appendEntries, errorCount=11, request=AppendEntriesRequest:cid=24,entriesCount=0
2025-02-27 19:03:01,082 [timer5] WARN  server.GrpcLogAppender (GrpcLogAppender.java:timeoutAppendRequest(460)) - s2@group-F6C2015611B8->s0-GrpcLogAppender: Timed out HEARTBEAT appendEntries, errorCount=11, request=AppendEntriesRequest:cid=21,entriesCount=0
2025-02-27 19:03:02,021 [main] WARN  util.ReferenceCountedLeakDetector (ReferenceCountedLeakDetector.java:logLeakMessage(167)) - LEAK: (class org.apache.ratis.proto.RaftProtos$AppendEntriesRequestProto, count=1, value=serverRequest {
  requestorId: "s2"
  replyId: "s0"
  raftGroupId {
    id: "\277\000\024\311\030\351K\220\241\233\366\302\001V\021\270"
  }
  callId: 13
}
leaderTerm: 1
previousLog {
  term: 1
  index: 2
}
entries {
  term: 1
  index: 3
  configurationEntry {
    peers {
      id: "s3"
      address: "0.0.0.0:15012"
      clientAddress: "0.0.0.0:15014"
      adminAddress: "0.0.0.0:15013"
      startupRole: FOLLOWER
    }
    peers {
      id: "s4"
      address: "0.0.0.0:15016"
      clientAddress: "0.0.0.0:15018"
      adminAddress: "0.0.0.0:15017"
      startupRole: FOLLOWER
    }
    peers {
      id: "s0"
      address: "localhost:15000"
      dataStreamAddress: "localhost:15003"
      clientAddress: "localhost:15002"
      adminAddress: "localhost:15001"
      startupRole: FOLLOWER
    }
    peers {
      id: "s1"
      address: "localhost:15004"
      dataStreamAddress: "localhost:15007"
      clientAddress: "localhost:15006"
      adminAddress: "localhost:15005"
      startupRole: FOLLOWER
    }
    peers {
      id: "s2"
      address: "localhost:15008"
      dataStreamAddress: "localhost:15011"
      clientAddress: "localhost:15010"
      adminAddress: "localhost:15009"
      startupRole: FOLLOWER
    }
    oldPeers {
      id: "s0"
      address: "localhost:15000"
      dataStreamAddress: "localhost:15003"
      clientAddress: "localhost:15002"
      adminAddress: "localhost:15001"
      startupRole: FOLLOWER
    }
    oldPeers {
      id: "s1"
      address: "localhost:15004"
      dataStreamAddress: "localhost:15007"
      clientAddress: "localhost:15006"
      adminAddress: "localhost:15005"
      startupRole: FOLLOWER
    }
    oldPeers {
      id: "s2"
      address: "localhost:15008"
      dataStreamAddress: "localhost:15011"
      clientAddress: "localhost:15010"
      adminAddress: "localhost:15009"
      startupRole: FOLLOWER
    }
  }
}
leaderCommit: 2
commitInfos {
  server {
    id: "s2"
    address: "localhost:15008"
    dataStreamAddress: "localhost:15011"
    clientAddress: "localhost:15010"
    adminAddress: "localhost:15009"
    startupRole: FOLLOWER
  }
  commitIndex: 2
}
commitInfos {
  server {
    id: "s0"
    address: "localhost:15000"
    dataStreamAddress: "localhost:15003"
    clientAddress: "localhost:15002"
    adminAddress: "localhost:15001"
    startupRole: FOLLOWER
  }
  commitIndex: 1
}
commitInfos {
  server {
    id: "s1"
    address: "localhost:15004"
    dataStreamAddress: "localhost:15007"
    clientAddress: "localhost:15006"
    adminAddress: "localhost:15005"
    startupRole: FOLLOWER
  }
  commitIndex: 1
}
commitInfos {
  server {
    id: "s3"
    address: "0.0.0.0:15012"
    clientAddress: "0.0.0.0:15014"
    adminAddress: "0.0.0.0:15013"
    startupRole: FOLLOWER
  }
  commitIndex: 2
}
commitInfos {
  server {
    id: "s4"
    address: "0.0.0.0:15016"
    clientAddress: "0.0.0.0:15018"
    adminAddress: "0.0.0.0:15017"
    startupRole: FOLLOWER
  }
  commitIndex: 2
}
)
2025-02-27 19:03:02,022 [main] WARN  util.LeakDetector (LeakDetector.java:assertNoLeaks(175)) - 3/30) numLeaks == 1 > 0, will wait and retry ...
2025-02-27 19:03:03,022 [main] WARN  util.ReferenceCountedLeakDetector (ReferenceCountedLeakDetector.java:logLeakMessage(167)) - LEAK: (class org.apache.ratis.proto.RaftProtos$AppendEntriesRequestProto, count=1, value=serverRequest {
  requestorId: "s2"
  replyId: "s0"
  raftGroupId {
    id: "\277\000\024\311\030\351K\220\241\233\366\302\001V\021\270"
  }
  callId: 13
}
leaderTerm: 1
previousLog {
  term: 1
  index: 2
}
entries {
  term: 1
  index: 3
  configurationEntry {
    peers {
      id: "s3"
      address: "0.0.0.0:15012"
      clientAddress: "0.0.0.0:15014"
      adminAddress: "0.0.0.0:15013"
      startupRole: FOLLOWER
    }
    peers {
      id: "s4"
      address: "0.0.0.0:15016"
      clientAddress: "0.0.0.0:15018"
      adminAddress: "0.0.0.0:15017"
      startupRole: FOLLOWER
    }
    peers {
      id: "s0"
      address: "localhost:15000"
      dataStreamAddress: "localhost:15003"
      clientAddress: "localhost:15002"
      adminAddress: "localhost:15001"
      startupRole: FOLLOWER
    }
    peers {
      id: "s1"
      address: "localhost:15004"
      dataStreamAddress: "localhost:15007"
      clientAddress: "localhost:15006"
      adminAddress: "localhost:15005"
      startupRole: FOLLOWER
    }
    peers {
      id: "s2"
      address: "localhost:15008"
      dataStreamAddress: "localhost:15011"
      clientAddress: "localhost:15010"
      adminAddress: "localhost:15009"
      startupRole: FOLLOWER
    }
    oldPeers {
      id: "s0"
      address: "localhost:15000"
      dataStreamAddress: "localhost:15003"
      clientAddress: "localhost:15002"
      adminAddress: "localhost:15001"
      startupRole: FOLLOWER
    }
    oldPeers {
      id: "s1"
      address: "localhost:15004"
      dataStreamAddress: "localhost:15007"
      clientAddress: "localhost:15006"
      adminAddress: "localhost:15005"
      startupRole: FOLLOWER
    }
    oldPeers {
      id: "s2"
      address: "localhost:15008"
      dataStreamAddress: "localhost:15011"
      clientAddress: "localhost:15010"
      adminAddress: "localhost:15009"
      startupRole: FOLLOWER
    }
  }
}
leaderCommit: 2
commitInfos {
  server {
    id: "s2"
    address: "localhost:15008"
    dataStreamAddress: "localhost:15011"
    clientAddress: "localhost:15010"
    adminAddress: "localhost:15009"
    startupRole: FOLLOWER
  }
  commitIndex: 2
}
commitInfos {
  server {
    id: "s0"
    address: "localhost:15000"
    dataStreamAddress: "localhost:15003"
    clientAddress: "localhost:15002"
    adminAddress: "localhost:15001"
    startupRole: FOLLOWER
  }
  commitIndex: 1
}
commitInfos {
  server {
    id: "s1"
    address: "localhost:15004"
    dataStreamAddress: "localhost:15007"
    clientAddress: "localhost:15006"
    adminAddress: "localhost:15005"
    startupRole: FOLLOWER
  }
  commitIndex: 1
}
commitInfos {
  server {
    id: "s3"
    address: "0.0.0.0:15012"
    clientAddress: "0.0.0.0:15014"
    adminAddress: "0.0.0.0:15013"
    startupRole: FOLLOWER
  }
  commitIndex: 2
}
commitInfos {
  server {
    id: "s4"
    address: "0.0.0.0:15016"
    clientAddress: "0.0.0.0:15018"
    adminAddress: "0.0.0.0:15017"
    startupRole: FOLLOWER
  }
  commitIndex: 2
}
)
2025-02-27 19:03:03,023 [main] WARN  util.LeakDetector (LeakDetector.java:assertNoLeaks(175)) - 4/30) numLeaks == 1 > 0, will wait and retry ...
2025-02-27 19:03:04,023 [main] WARN  util.ReferenceCountedLeakDetector (ReferenceCountedLeakDetector.java:logLeakMessage(167)) - LEAK: (class org.apache.ratis.proto.RaftProtos$AppendEntriesRequestProto, count=1, value=serverRequest {
  requestorId: "s2"
  replyId: "s0"
  raftGroupId {
    id: "\277\000\024\311\030\351K\220\241\233\366\302\001V\021\270"
  }
  callId: 13
}
leaderTerm: 1
previousLog {
  term: 1
  index: 2
}
entries {
  term: 1
  index: 3
  configurationEntry {
    peers {
      id: "s3"
      address: "0.0.0.0:15012"
      clientAddress: "0.0.0.0:15014"
      adminAddress: "0.0.0.0:15013"
      startupRole: FOLLOWER
    }
    peers {
      id: "s4"
      address: "0.0.0.0:15016"
      clientAddress: "0.0.0.0:15018"
      adminAddress: "0.0.0.0:15017"
      startupRole: FOLLOWER
    }
    peers {
      id: "s0"
      address: "localhost:15000"
      dataStreamAddress: "localhost:15003"
      clientAddress: "localhost:15002"
      adminAddress: "localhost:15001"
      startupRole: FOLLOWER
    }
    peers {
      id: "s1"
      address: "localhost:15004"
      dataStreamAddress: "localhost:15007"
      clientAddress: "localhost:15006"
      adminAddress: "localhost:15005"
      startupRole: FOLLOWER
    }
    peers {
      id: "s2"
      address: "localhost:15008"
      dataStreamAddress: "localhost:15011"
      clientAddress: "localhost:15010"
      adminAddress: "localhost:15009"
      startupRole: FOLLOWER
    }
    oldPeers {
      id: "s0"
      address: "localhost:15000"
      dataStreamAddress: "localhost:15003"
      clientAddress: "localhost:15002"
      adminAddress: "localhost:15001"
      startupRole: FOLLOWER
    }
    oldPeers {
      id: "s1"
      address: "localhost:15004"
      dataStreamAddress: "localhost:15007"
      clientAddress: "localhost:15006"
      adminAddress: "localhost:15005"
      startupRole: FOLLOWER
    }
    oldPeers {
      id: "s2"
      address: "localhost:15008"
      dataStreamAddress: "localhost:15011"
      clientAddress: "localhost:15010"
      adminAddress: "localhost:15009"
      startupRole: FOLLOWER
    }
  }
}
leaderCommit: 2
commitInfos {
  server {
    id: "s2"
    address: "localhost:15008"
    dataStreamAddress: "localhost:15011"
    clientAddress: "localhost:15010"
    adminAddress: "localhost:15009"
    startupRole: FOLLOWER
  }
  commitIndex: 2
}
commitInfos {
  server {
    id: "s0"
    address: "localhost:15000"
    dataStreamAddress: "localhost:15003"
    clientAddress: "localhost:15002"
    adminAddress: "localhost:15001"
    startupRole: FOLLOWER
  }
  commitIndex: 1
}
commitInfos {
  server {
    id: "s1"
    address: "localhost:15004"
    dataStreamAddress: "localhost:15007"
    clientAddress: "localhost:15006"
    adminAddress: "localhost:15005"
    startupRole: FOLLOWER
  }
  commitIndex: 1
}
commitInfos {
  server {
    id: "s3"
    address: "0.0.0.0:15012"
    clientAddress: "0.0.0.0:15014"
    adminAddress: "0.0.0.0:15013"
    startupRole: FOLLOWER
  }
  commitIndex: 2
}
commitInfos {
  server {
    id: "s4"
    address: "0.0.0.0:15016"
    clientAddress: "0.0.0.0:15018"
    adminAddress: "0.0.0.0:15017"
    startupRole: FOLLOWER
  }
  commitIndex: 2
}
)
2025-02-27 19:03:04,023 [main] WARN  util.LeakDetector (LeakDetector.java:assertNoLeaks(175)) - 5/30) numLeaks == 1 > 0, will wait and retry ...
2025-02-27 19:03:05,024 [main] WARN  util.ReferenceCountedLeakDetector (ReferenceCountedLeakDetector.java:logLeakMessage(167)) - LEAK: (class org.apache.ratis.proto.RaftProtos$AppendEntriesRequestProto, count=1, value=serverRequest {
  requestorId: "s2"
  replyId: "s0"
  raftGroupId {
    id: "\277\000\024\311\030\351K\220\241\233\366\302\001V\021\270"
  }
  callId: 13
}
leaderTerm: 1
previousLog {
  term: 1
  index: 2
}
entries {
  term: 1
  index: 3
  configurationEntry {
    peers {
      id: "s3"
      address: "0.0.0.0:15012"
      clientAddress: "0.0.0.0:15014"
      adminAddress: "0.0.0.0:15013"
      startupRole: FOLLOWER
    }
    peers {
      id: "s4"
      address: "0.0.0.0:15016"
      clientAddress: "0.0.0.0:15018"
      adminAddress: "0.0.0.0:15017"
      startupRole: FOLLOWER
    }
    peers {
      id: "s0"
      address: "localhost:15000"
      dataStreamAddress: "localhost:15003"
      clientAddress: "localhost:15002"
      adminAddress: "localhost:15001"
      startupRole: FOLLOWER
    }
    peers {
      id: "s1"
      address: "localhost:15004"
      dataStreamAddress: "localhost:15007"
      clientAddress: "localhost:15006"
      adminAddress: "localhost:15005"
      startupRole: FOLLOWER
    }
    peers {
      id: "s2"
      address: "localhost:15008"
      dataStreamAddress: "localhost:15011"
      clientAddress: "localhost:15010"
      adminAddress: "localhost:15009"
      startupRole: FOLLOWER
    }
    oldPeers {
      id: "s0"
      address: "localhost:15000"
      dataStreamAddress: "localhost:15003"
      clientAddress: "localhost:15002"
      adminAddress: "localhost:15001"
      startupRole: FOLLOWER
    }
    oldPeers {
      id: "s1"
      address: "localhost:15004"
      dataStreamAddress: "localhost:15007"
      clientAddress: "localhost:15006"
      adminAddress: "localhost:15005"
      startupRole: FOLLOWER
    }
    oldPeers {
      id: "s2"
      address: "localhost:15008"
      dataStreamAddress: "localhost:15011"
      clientAddress: "localhost:15010"
      adminAddress: "localhost:15009"
      startupRole: FOLLOWER
    }
  }
}
leaderCommit: 2
commitInfos {
  server {
    id: "s2"
    address: "localhost:15008"
    dataStreamAddress: "localhost:15011"
    clientAddress: "localhost:15010"
    adminAddress: "localhost:15009"
    startupRole: FOLLOWER
  }
  commitIndex: 2
}
commitInfos {
  server {
    id: "s0"
    address: "localhost:15000"
    dataStreamAddress: "localhost:15003"
    clientAddress: "localhost:15002"
    adminAddress: "localhost:15001"
    startupRole: FOLLOWER
  }
  commitIndex: 1
}
commitInfos {
  server {
    id: "s1"
    address: "localhost:15004"
    dataStreamAddress: "localhost:15007"
    clientAddress: "localhost:15006"
    adminAddress: "localhost:15005"
    startupRole: FOLLOWER
  }
  commitIndex: 1
}
commitInfos {
  server {
    id: "s3"
    address: "0.0.0.0:15012"
    clientAddress: "0.0.0.0:15014"
    adminAddress: "0.0.0.0:15013"
    startupRole: FOLLOWER
  }
  commitIndex: 2
}
commitInfos {
  server {
    id: "s4"
    address: "0.0.0.0:15016"
    clientAddress: "0.0.0.0:15018"
    adminAddress: "0.0.0.0:15017"
    startupRole: FOLLOWER
  }
  commitIndex: 2
}
)
2025-02-27 19:03:05,024 [main] WARN  util.LeakDetector (LeakDetector.java:assertNoLeaks(175)) - 6/30) numLeaks == 1 > 0, will wait and retry ...
2025-02-27 19:03:06,024 [main] WARN  util.ReferenceCountedLeakDetector (ReferenceCountedLeakDetector.java:logLeakMessage(167)) - LEAK: (class org.apache.ratis.proto.RaftProtos$AppendEntriesRequestProto, count=1, value=serverRequest {
  requestorId: "s2"
  replyId: "s0"
  raftGroupId {
    id: "\277\000\024\311\030\351K\220\241\233\366\302\001V\021\270"
  }
  callId: 13
}
leaderTerm: 1
previousLog {
  term: 1
  index: 2
}
entries {
  term: 1
  index: 3
  configurationEntry {
    peers {
      id: "s3"
      address: "0.0.0.0:15012"
      clientAddress: "0.0.0.0:15014"
      adminAddress: "0.0.0.0:15013"
      startupRole: FOLLOWER
    }
    peers {
      id: "s4"
      address: "0.0.0.0:15016"
      clientAddress: "0.0.0.0:15018"
      adminAddress: "0.0.0.0:15017"
      startupRole: FOLLOWER
    }
    peers {
      id: "s0"
      address: "localhost:15000"
      dataStreamAddress: "localhost:15003"
      clientAddress: "localhost:15002"
      adminAddress: "localhost:15001"
      startupRole: FOLLOWER
    }
    peers {
      id: "s1"
      address: "localhost:15004"
      dataStreamAddress: "localhost:15007"
      clientAddress: "localhost:15006"
      adminAddress: "localhost:15005"
      startupRole: FOLLOWER
    }
    peers {
      id: "s2"
      address: "localhost:15008"
      dataStreamAddress: "localhost:15011"
      clientAddress: "localhost:15010"
      adminAddress: "localhost:15009"
      startupRole: FOLLOWER
    }
    oldPeers {
      id: "s0"
      address: "localhost:15000"
      dataStreamAddress: "localhost:15003"
      clientAddress: "localhost:15002"
      adminAddress: "localhost:15001"
      startupRole: FOLLOWER
    }
    oldPeers {
      id: "s1"
      address: "localhost:15004"
      dataStreamAddress: "localhost:15007"
      clientAddress: "localhost:15006"
      adminAddress: "localhost:15005"
      startupRole: FOLLOWER
    }
    oldPeers {
      id: "s2"
      address: "localhost:15008"
      dataStreamAddress: "localhost:15011"
      clientAddress: "localhost:15010"
      adminAddress: "localhost:15009"
      startupRole: FOLLOWER
    }
  }
}
leaderCommit: 2
commitInfos {
  server {
    id: "s2"
    address: "localhost:15008"
    dataStreamAddress: "localhost:15011"
    clientAddress: "localhost:15010"
    adminAddress: "localhost:15009"
    startupRole: FOLLOWER
  }
  commitIndex: 2
}
commitInfos {
  server {
    id: "s0"
    address: "localhost:15000"
    dataStreamAddress: "localhost:15003"
    clientAddress: "localhost:15002"
    adminAddress: "localhost:15001"
    startupRole: FOLLOWER
  }
  commitIndex: 1
}
commitInfos {
  server {
    id: "s1"
    address: "localhost:15004"
    dataStreamAddress: "localhost:15007"
    clientAddress: "localhost:15006"
    adminAddress: "localhost:15005"
    startupRole: FOLLOWER
  }
  commitIndex: 1
}
commitInfos {
  server {
    id: "s3"
    address: "0.0.0.0:15012"
    clientAddress: "0.0.0.0:15014"
    adminAddress: "0.0.0.0:15013"
    startupRole: FOLLOWER
  }
  commitIndex: 2
}
commitInfos {
  server {
    id: "s4"
    address: "0.0.0.0:15016"
    clientAddress: "0.0.0.0:15018"
    adminAddress: "0.0.0.0:15017"
    startupRole: FOLLOWER
  }
  commitIndex: 2
}
)
2025-02-27 19:03:06,025 [main] WARN  util.LeakDetector (LeakDetector.java:assertNoLeaks(175)) - 7/30) numLeaks == 1 > 0, will wait and retry ...
2025-02-27 19:03:07,025 [main] WARN  util.ReferenceCountedLeakDetector (ReferenceCountedLeakDetector.java:logLeakMessage(167)) - LEAK: (class org.apache.ratis.proto.RaftProtos$AppendEntriesRequestProto, count=1, value=serverRequest {
  requestorId: "s2"
  replyId: "s0"
  raftGroupId {
    id: "\277\000\024\311\030\351K\220\241\233\366\302\001V\021\270"
  }
  callId: 13
}
leaderTerm: 1
previousLog {
  term: 1
  index: 2
}
entries {
  term: 1
  index: 3
  configurationEntry {
    peers {
      id: "s3"
      address: "0.0.0.0:15012"
      clientAddress: "0.0.0.0:15014"
      adminAddress: "0.0.0.0:15013"
      startupRole: FOLLOWER
    }
    peers {
      id: "s4"
      address: "0.0.0.0:15016"
      clientAddress: "0.0.0.0:15018"
      adminAddress: "0.0.0.0:15017"
      startupRole: FOLLOWER
    }
    peers {
      id: "s0"
      address: "localhost:15000"
      dataStreamAddress: "localhost:15003"
      clientAddress: "localhost:15002"
      adminAddress: "localhost:15001"
      startupRole: FOLLOWER
    }
    peers {
      id: "s1"
      address: "localhost:15004"
      dataStreamAddress: "localhost:15007"
      clientAddress: "localhost:15006"
      adminAddress: "localhost:15005"
      startupRole: FOLLOWER
    }
    peers {
      id: "s2"
      address: "localhost:15008"
      dataStreamAddress: "localhost:15011"
      clientAddress: "localhost:15010"
      adminAddress: "localhost:15009"
      startupRole: FOLLOWER
    }
    oldPeers {
      id: "s0"
      address: "localhost:15000"
      dataStreamAddress: "localhost:15003"
      clientAddress: "localhost:15002"
      adminAddress: "localhost:15001"
      startupRole: FOLLOWER
    }
    oldPeers {
      id: "s1"
      address: "localhost:15004"
      dataStreamAddress: "localhost:15007"
      clientAddress: "localhost:15006"
      adminAddress: "localhost:15005"
      startupRole: FOLLOWER
    }
    oldPeers {
      id: "s2"
      address: "localhost:15008"
      dataStreamAddress: "localhost:15011"
      clientAddress: "localhost:15010"
      adminAddress: "localhost:15009"
      startupRole: FOLLOWER
    }
  }
}
leaderCommit: 2
commitInfos {
  server {
    id: "s2"
    address: "localhost:15008"
    dataStreamAddress: "localhost:15011"
    clientAddress: "localhost:15010"
    adminAddress: "localhost:15009"
    startupRole: FOLLOWER
  }
  commitIndex: 2
}
commitInfos {
  server {
    id: "s0"
    address: "localhost:15000"
    dataStreamAddress: "localhost:15003"
    clientAddress: "localhost:15002"
    adminAddress: "localhost:15001"
    startupRole: FOLLOWER
  }
  commitIndex: 1
}
commitInfos {
  server {
    id: "s1"
    address: "localhost:15004"
    dataStreamAddress: "localhost:15007"
    clientAddress: "localhost:15006"
    adminAddress: "localhost:15005"
    startupRole: FOLLOWER
  }
  commitIndex: 1
}
commitInfos {
  server {
    id: "s3"
    address: "0.0.0.0:15012"
    clientAddress: "0.0.0.0:15014"
    adminAddress: "0.0.0.0:15013"
    startupRole: FOLLOWER
  }
  commitIndex: 2
}
commitInfos {
  server {
    id: "s4"
    address: "0.0.0.0:15016"
    clientAddress: "0.0.0.0:15018"
    adminAddress: "0.0.0.0:15017"
    startupRole: FOLLOWER
  }
  commitIndex: 2
}
)
2025-02-27 19:03:07,026 [main] WARN  util.LeakDetector (LeakDetector.java:assertNoLeaks(175)) - 8/30) numLeaks == 1 > 0, will wait and retry ...
2025-02-27 19:03:08,026 [main] WARN  util.ReferenceCountedLeakDetector (ReferenceCountedLeakDetector.java:logLeakMessage(167)) - LEAK: (class org.apache.ratis.proto.RaftProtos$AppendEntriesRequestProto, count=1, value=serverRequest {
  requestorId: "s2"
  replyId: "s0"
  raftGroupId {
    id: "\277\000\024\311\030\351K\220\241\233\366\302\001V\021\270"
  }
  callId: 13
}
leaderTerm: 1
previousLog {
  term: 1
  index: 2
}
entries {
  term: 1
  index: 3
  configurationEntry {
    peers {
      id: "s3"
      address: "0.0.0.0:15012"
      clientAddress: "0.0.0.0:15014"
      adminAddress: "0.0.0.0:15013"
      startupRole: FOLLOWER
    }
    peers {
      id: "s4"
      address: "0.0.0.0:15016"
      clientAddress: "0.0.0.0:15018"
      adminAddress: "0.0.0.0:15017"
      startupRole: FOLLOWER
    }
    peers {
      id: "s0"
      address: "localhost:15000"
      dataStreamAddress: "localhost:15003"
      clientAddress: "localhost:15002"
      adminAddress: "localhost:15001"
      startupRole: FOLLOWER
    }
    peers {
      id: "s1"
      address: "localhost:15004"
      dataStreamAddress: "localhost:15007"
      clientAddress: "localhost:15006"
      adminAddress: "localhost:15005"
      startupRole: FOLLOWER
    }
    peers {
      id: "s2"
      address: "localhost:15008"
      dataStreamAddress: "localhost:15011"
      clientAddress: "localhost:15010"
      adminAddress: "localhost:15009"
      startupRole: FOLLOWER
    }
    oldPeers {
      id: "s0"
      address: "localhost:15000"
      dataStreamAddress: "localhost:15003"
      clientAddress: "localhost:15002"
      adminAddress: "localhost:15001"
      startupRole: FOLLOWER
    }
    oldPeers {
      id: "s1"
      address: "localhost:15004"
      dataStreamAddress: "localhost:15007"
      clientAddress: "localhost:15006"
      adminAddress: "localhost:15005"
      startupRole: FOLLOWER
    }
    oldPeers {
      id: "s2"
      address: "localhost:15008"
      dataStreamAddress: "localhost:15011"
      clientAddress: "localhost:15010"
      adminAddress: "localhost:15009"
      startupRole: FOLLOWER
    }
  }
}
leaderCommit: 2
commitInfos {
  server {
    id: "s2"
    address: "localhost:15008"
    dataStreamAddress: "localhost:15011"
    clientAddress: "localhost:15010"
    adminAddress: "localhost:15009"
    startupRole: FOLLOWER
  }
  commitIndex: 2
}
commitInfos {
  server {
    id: "s0"
    address: "localhost:15000"
    dataStreamAddress: "localhost:15003"
    clientAddress: "localhost:15002"
    adminAddress: "localhost:15001"
    startupRole: FOLLOWER
  }
  commitIndex: 1
}
commitInfos {
  server {
    id: "s1"
    address: "localhost:15004"
    dataStreamAddress: "localhost:15007"
    clientAddress: "localhost:15006"
    adminAddress: "localhost:15005"
    startupRole: FOLLOWER
  }
  commitIndex: 1
}
commitInfos {
  server {
    id: "s3"
    address: "0.0.0.0:15012"
    clientAddress: "0.0.0.0:15014"
    adminAddress: "0.0.0.0:15013"
    startupRole: FOLLOWER
  }
  commitIndex: 2
}
commitInfos {
  server {
    id: "s4"
    address: "0.0.0.0:15016"
    clientAddress: "0.0.0.0:15018"
    adminAddress: "0.0.0.0:15017"
    startupRole: FOLLOWER
  }
  commitIndex: 2
}
)
2025-02-27 19:03:08,026 [main] WARN  util.LeakDetector (LeakDetector.java:assertNoLeaks(175)) - 9/30) numLeaks == 1 > 0, will wait and retry ...
2025-02-27 19:03:09,027 [main] WARN  util.ReferenceCountedLeakDetector (ReferenceCountedLeakDetector.java:logLeakMessage(167)) - LEAK: (class org.apache.ratis.proto.RaftProtos$AppendEntriesRequestProto, count=1, value=serverRequest {
  requestorId: "s2"
  replyId: "s0"
  raftGroupId {
    id: "\277\000\024\311\030\351K\220\241\233\366\302\001V\021\270"
  }
  callId: 13
}
leaderTerm: 1
previousLog {
  term: 1
  index: 2
}
entries {
  term: 1
  index: 3
  configurationEntry {
    peers {
      id: "s3"
      address: "0.0.0.0:15012"
      clientAddress: "0.0.0.0:15014"
      adminAddress: "0.0.0.0:15013"
      startupRole: FOLLOWER
    }
    peers {
      id: "s4"
      address: "0.0.0.0:15016"
      clientAddress: "0.0.0.0:15018"
      adminAddress: "0.0.0.0:15017"
      startupRole: FOLLOWER
    }
    peers {
      id: "s0"
      address: "localhost:15000"
      dataStreamAddress: "localhost:15003"
      clientAddress: "localhost:15002"
      adminAddress: "localhost:15001"
      startupRole: FOLLOWER
    }
    peers {
      id: "s1"
      address: "localhost:15004"
      dataStreamAddress: "localhost:15007"
      clientAddress: "localhost:15006"
      adminAddress: "localhost:15005"
      startupRole: FOLLOWER
    }
    peers {
      id: "s2"
      address: "localhost:15008"
      dataStreamAddress: "localhost:15011"
      clientAddress: "localhost:15010"
      adminAddress: "localhost:15009"
      startupRole: FOLLOWER
    }
    oldPeers {
      id: "s0"
      address: "localhost:15000"
      dataStreamAddress: "localhost:15003"
      clientAddress: "localhost:15002"
      adminAddress: "localhost:15001"
      startupRole: FOLLOWER
    }
    oldPeers {
      id: "s1"
      address: "localhost:15004"
      dataStreamAddress: "localhost:15007"
      clientAddress: "localhost:15006"
      adminAddress: "localhost:15005"
      startupRole: FOLLOWER
    }
    oldPeers {
      id: "s2"
      address: "localhost:15008"
      dataStreamAddress: "localhost:15011"
      clientAddress: "localhost:15010"
      adminAddress: "localhost:15009"
      startupRole: FOLLOWER
    }
  }
}
leaderCommit: 2
commitInfos {
  server {
    id: "s2"
    address: "localhost:15008"
    dataStreamAddress: "localhost:15011"
    clientAddress: "localhost:15010"
    adminAddress: "localhost:15009"
    startupRole: FOLLOWER
  }
  commitIndex: 2
}
commitInfos {
  server {
    id: "s0"
    address: "localhost:15000"
    dataStreamAddress: "localhost:15003"
    clientAddress: "localhost:15002"
    adminAddress: "localhost:15001"
    startupRole: FOLLOWER
  }
  commitIndex: 1
}
commitInfos {
  server {
    id: "s1"
    address: "localhost:15004"
    dataStreamAddress: "localhost:15007"
    clientAddress: "localhost:15006"
    adminAddress: "localhost:15005"
    startupRole: FOLLOWER
  }
  commitIndex: 1
}
commitInfos {
  server {
    id: "s3"
    address: "0.0.0.0:15012"
    clientAddress: "0.0.0.0:15014"
    adminAddress: "0.0.0.0:15013"
    startupRole: FOLLOWER
  }
  commitIndex: 2
}
commitInfos {
  server {
    id: "s4"
    address: "0.0.0.0:15016"
    clientAddress: "0.0.0.0:15018"
    adminAddress: "0.0.0.0:15017"
    startupRole: FOLLOWER
  }
  commitIndex: 2
}
)
2025-02-27 19:03:09,027 [main] WARN  util.LeakDetector (LeakDetector.java:assertNoLeaks(175)) - 10/30) numLeaks == 1 > 0, will wait and retry ...
2025-02-27 19:03:10,027 [main] WARN  util.ReferenceCountedLeakDetector (ReferenceCountedLeakDetector.java:logLeakMessage(167)) - LEAK: (class org.apache.ratis.proto.RaftProtos$AppendEntriesRequestProto, count=1, value=serverRequest {
  requestorId: "s2"
  replyId: "s0"
  raftGroupId {
    id: "\277\000\024\311\030\351K\220\241\233\366\302\001V\021\270"
  }
  callId: 13
}
leaderTerm: 1
previousLog {
  term: 1
  index: 2
}
entries {
  term: 1
  index: 3
  configurationEntry {
    peers {
      id: "s3"
      address: "0.0.0.0:15012"
      clientAddress: "0.0.0.0:15014"
      adminAddress: "0.0.0.0:15013"
      startupRole: FOLLOWER
    }
    peers {
      id: "s4"
      address: "0.0.0.0:15016"
      clientAddress: "0.0.0.0:15018"
      adminAddress: "0.0.0.0:15017"
      startupRole: FOLLOWER
    }
    peers {
      id: "s0"
      address: "localhost:15000"
      dataStreamAddress: "localhost:15003"
      clientAddress: "localhost:15002"
      adminAddress: "localhost:15001"
      startupRole: FOLLOWER
    }
    peers {
      id: "s1"
      address: "localhost:15004"
      dataStreamAddress: "localhost:15007"
      clientAddress: "localhost:15006"
      adminAddress: "localhost:15005"
      startupRole: FOLLOWER
    }
    peers {
      id: "s2"
      address: "localhost:15008"
      dataStreamAddress: "localhost:15011"
      clientAddress: "localhost:15010"
      adminAddress: "localhost:15009"
      startupRole: FOLLOWER
    }
    oldPeers {
      id: "s0"
      address: "localhost:15000"
      dataStreamAddress: "localhost:15003"
      clientAddress: "localhost:15002"
      adminAddress: "localhost:15001"
      startupRole: FOLLOWER
    }
    oldPeers {
      id: "s1"
      address: "localhost:15004"
      dataStreamAddress: "localhost:15007"
      clientAddress: "localhost:15006"
      adminAddress: "localhost:15005"
      startupRole: FOLLOWER
    }
    oldPeers {
      id: "s2"
      address: "localhost:15008"
      dataStreamAddress: "localhost:15011"
      clientAddress: "localhost:15010"
      adminAddress: "localhost:15009"
      startupRole: FOLLOWER
    }
  }
}
leaderCommit: 2
commitInfos {
  server {
    id: "s2"
    address: "localhost:15008"
    dataStreamAddress: "localhost:15011"
    clientAddress: "localhost:15010"
    adminAddress: "localhost:15009"
    startupRole: FOLLOWER
  }
  commitIndex: 2
}
commitInfos {
  server {
    id: "s0"
    address: "localhost:15000"
    dataStreamAddress: "localhost:15003"
    clientAddress: "localhost:15002"
    adminAddress: "localhost:15001"
    startupRole: FOLLOWER
  }
  commitIndex: 1
}
commitInfos {
  server {
    id: "s1"
    address: "localhost:15004"
    dataStreamAddress: "localhost:15007"
    clientAddress: "localhost:15006"
    adminAddress: "localhost:15005"
    startupRole: FOLLOWER
  }
  commitIndex: 1
}
commitInfos {
  server {
    id: "s3"
    address: "0.0.0.0:15012"
    clientAddress: "0.0.0.0:15014"
    adminAddress: "0.0.0.0:15013"
    startupRole: FOLLOWER
  }
  commitIndex: 2
}
commitInfos {
  server {
    id: "s4"
    address: "0.0.0.0:15016"
    clientAddress: "0.0.0.0:15018"
    adminAddress: "0.0.0.0:15017"
    startupRole: FOLLOWER
  }
  commitIndex: 2
}
)
2025-02-27 19:03:10,028 [main] WARN  util.LeakDetector (LeakDetector.java:assertNoLeaks(175)) - 11/30) numLeaks == 1 > 0, will wait and retry ...
2025-02-27 19:03:11,028 [main] WARN  util.ReferenceCountedLeakDetector (ReferenceCountedLeakDetector.java:logLeakMessage(167)) - LEAK: (class org.apache.ratis.proto.RaftProtos$AppendEntriesRequestProto, count=1, value=serverRequest {
  requestorId: "s2"
  replyId: "s0"
  raftGroupId {
    id: "\277\000\024\311\030\351K\220\241\233\366\302\001V\021\270"
  }
  callId: 13
}
leaderTerm: 1
previousLog {
  term: 1
  index: 2
}
entries {
  term: 1
  index: 3
  configurationEntry {
    peers {
      id: "s3"
      address: "0.0.0.0:15012"
      clientAddress: "0.0.0.0:15014"
      adminAddress: "0.0.0.0:15013"
      startupRole: FOLLOWER
    }
    peers {
      id: "s4"
      address: "0.0.0.0:15016"
      clientAddress: "0.0.0.0:15018"
      adminAddress: "0.0.0.0:15017"
      startupRole: FOLLOWER
    }
    peers {
      id: "s0"
      address: "localhost:15000"
      dataStreamAddress: "localhost:15003"
      clientAddress: "localhost:15002"
      adminAddress: "localhost:15001"
      startupRole: FOLLOWER
    }
    peers {
      id: "s1"
      address: "localhost:15004"
      dataStreamAddress: "localhost:15007"
      clientAddress: "localhost:15006"
      adminAddress: "localhost:15005"
      startupRole: FOLLOWER
    }
    peers {
      id: "s2"
      address: "localhost:15008"
      dataStreamAddress: "localhost:15011"
      clientAddress: "localhost:15010"
      adminAddress: "localhost:15009"
      startupRole: FOLLOWER
    }
    oldPeers {
      id: "s0"
      address: "localhost:15000"
      dataStreamAddress: "localhost:15003"
      clientAddress: "localhost:15002"
      adminAddress: "localhost:15001"
      startupRole: FOLLOWER
    }
    oldPeers {
      id: "s1"
      address: "localhost:15004"
      dataStreamAddress: "localhost:15007"
      clientAddress: "localhost:15006"
      adminAddress: "localhost:15005"
      startupRole: FOLLOWER
    }
    oldPeers {
      id: "s2"
      address: "localhost:15008"
      dataStreamAddress: "localhost:15011"
      clientAddress: "localhost:15010"
      adminAddress: "localhost:15009"
      startupRole: FOLLOWER
    }
  }
}
leaderCommit: 2
commitInfos {
  server {
    id: "s2"
    address: "localhost:15008"
    dataStreamAddress: "localhost:15011"
    clientAddress: "localhost:15010"
    adminAddress: "localhost:15009"
    startupRole: FOLLOWER
  }
  commitIndex: 2
}
commitInfos {
  server {
    id: "s0"
    address: "localhost:15000"
    dataStreamAddress: "localhost:15003"
    clientAddress: "localhost:15002"
    adminAddress: "localhost:15001"
    startupRole: FOLLOWER
  }
  commitIndex: 1
}
commitInfos {
  server {
    id: "s1"
    address: "localhost:15004"
    dataStreamAddress: "localhost:15007"
    clientAddress: "localhost:15006"
    adminAddress: "localhost:15005"
    startupRole: FOLLOWER
  }
  commitIndex: 1
}
commitInfos {
  server {
    id: "s3"
    address: "0.0.0.0:15012"
    clientAddress: "0.0.0.0:15014"
    adminAddress: "0.0.0.0:15013"
    startupRole: FOLLOWER
  }
  commitIndex: 2
}
commitInfos {
  server {
    id: "s4"
    address: "0.0.0.0:15016"
    clientAddress: "0.0.0.0:15018"
    adminAddress: "0.0.0.0:15017"
    startupRole: FOLLOWER
  }
  commitIndex: 2
}
)
2025-02-27 19:03:11,028 [main] WARN  util.LeakDetector (LeakDetector.java:assertNoLeaks(175)) - 12/30) numLeaks == 1 > 0, will wait and retry ...
2025-02-27 19:03:12,029 [main] WARN  util.ReferenceCountedLeakDetector (ReferenceCountedLeakDetector.java:logLeakMessage(167)) - LEAK: (class org.apache.ratis.proto.RaftProtos$AppendEntriesRequestProto, count=1, value=serverRequest {
  requestorId: "s2"
  replyId: "s0"
  raftGroupId {
    id: "\277\000\024\311\030\351K\220\241\233\366\302\001V\021\270"
  }
  callId: 13
}
leaderTerm: 1
previousLog {
  term: 1
  index: 2
}
entries {
  term: 1
  index: 3
  configurationEntry {
    peers {
      id: "s3"
      address: "0.0.0.0:15012"
      clientAddress: "0.0.0.0:15014"
      adminAddress: "0.0.0.0:15013"
      startupRole: FOLLOWER
    }
    peers {
      id: "s4"
      address: "0.0.0.0:15016"
      clientAddress: "0.0.0.0:15018"
      adminAddress: "0.0.0.0:15017"
      startupRole: FOLLOWER
    }
    peers {
      id: "s0"
      address: "localhost:15000"
      dataStreamAddress: "localhost:15003"
      clientAddress: "localhost:15002"
      adminAddress: "localhost:15001"
      startupRole: FOLLOWER
    }
    peers {
      id: "s1"
      address: "localhost:15004"
      dataStreamAddress: "localhost:15007"
      clientAddress: "localhost:15006"
      adminAddress: "localhost:15005"
      startupRole: FOLLOWER
    }
    peers {
      id: "s2"
      address: "localhost:15008"
      dataStreamAddress: "localhost:15011"
      clientAddress: "localhost:15010"
      adminAddress: "localhost:15009"
      startupRole: FOLLOWER
    }
    oldPeers {
      id: "s0"
      address: "localhost:15000"
      dataStreamAddress: "localhost:15003"
      clientAddress: "localhost:15002"
      adminAddress: "localhost:15001"
      startupRole: FOLLOWER
    }
    oldPeers {
      id: "s1"
      address: "localhost:15004"
      dataStreamAddress: "localhost:15007"
      clientAddress: "localhost:15006"
      adminAddress: "localhost:15005"
      startupRole: FOLLOWER
    }
    oldPeers {
      id: "s2"
      address: "localhost:15008"
      dataStreamAddress: "localhost:15011"
      clientAddress: "localhost:15010"
      adminAddress: "localhost:15009"
      startupRole: FOLLOWER
    }
  }
}
leaderCommit: 2
commitInfos {
  server {
    id: "s2"
    address: "localhost:15008"
    dataStreamAddress: "localhost:15011"
    clientAddress: "localhost:15010"
    adminAddress: "localhost:15009"
    startupRole: FOLLOWER
  }
  commitIndex: 2
}
commitInfos {
  server {
    id: "s0"
    address: "localhost:15000"
    dataStreamAddress: "localhost:15003"
    clientAddress: "localhost:15002"
    adminAddress: "localhost:15001"
    startupRole: FOLLOWER
  }
  commitIndex: 1
}
commitInfos {
  server {
    id: "s1"
    address: "localhost:15004"
    dataStreamAddress: "localhost:15007"
    clientAddress: "localhost:15006"
    adminAddress: "localhost:15005"
    startupRole: FOLLOWER
  }
  commitIndex: 1
}
commitInfos {
  server {
    id: "s3"
    address: "0.0.0.0:15012"
    clientAddress: "0.0.0.0:15014"
    adminAddress: "0.0.0.0:15013"
    startupRole: FOLLOWER
  }
  commitIndex: 2
}
commitInfos {
  server {
    id: "s4"
    address: "0.0.0.0:15016"
    clientAddress: "0.0.0.0:15018"
    adminAddress: "0.0.0.0:15017"
    startupRole: FOLLOWER
  }
  commitIndex: 2
}
)
2025-02-27 19:03:12,029 [main] WARN  util.LeakDetector (LeakDetector.java:assertNoLeaks(175)) - 13/30) numLeaks == 1 > 0, will wait and retry ...
2025-02-27 19:03:13,030 [main] WARN  util.ReferenceCountedLeakDetector (ReferenceCountedLeakDetector.java:logLeakMessage(167)) - LEAK: (class org.apache.ratis.proto.RaftProtos$AppendEntriesRequestProto, count=1, value=serverRequest {
  requestorId: "s2"
  replyId: "s0"
  raftGroupId {
    id: "\277\000\024\311\030\351K\220\241\233\366\302\001V\021\270"
  }
  callId: 13
}
leaderTerm: 1
previousLog {
  term: 1
  index: 2
}
entries {
  term: 1
  index: 3
  configurationEntry {
    peers {
      id: "s3"
      address: "0.0.0.0:15012"
      clientAddress: "0.0.0.0:15014"
      adminAddress: "0.0.0.0:15013"
      startupRole: FOLLOWER
    }
    peers {
      id: "s4"
      address: "0.0.0.0:15016"
      clientAddress: "0.0.0.0:15018"
      adminAddress: "0.0.0.0:15017"
      startupRole: FOLLOWER
    }
    peers {
      id: "s0"
      address: "localhost:15000"
      dataStreamAddress: "localhost:15003"
      clientAddress: "localhost:15002"
      adminAddress: "localhost:15001"
      startupRole: FOLLOWER
    }
    peers {
      id: "s1"
      address: "localhost:15004"
      dataStreamAddress: "localhost:15007"
      clientAddress: "localhost:15006"
      adminAddress: "localhost:15005"
      startupRole: FOLLOWER
    }
    peers {
      id: "s2"
      address: "localhost:15008"
      dataStreamAddress: "localhost:15011"
      clientAddress: "localhost:15010"
      adminAddress: "localhost:15009"
      startupRole: FOLLOWER
    }
    oldPeers {
      id: "s0"
      address: "localhost:15000"
      dataStreamAddress: "localhost:15003"
      clientAddress: "localhost:15002"
      adminAddress: "localhost:15001"
      startupRole: FOLLOWER
    }
    oldPeers {
      id: "s1"
      address: "localhost:15004"
      dataStreamAddress: "localhost:15007"
      clientAddress: "localhost:15006"
      adminAddress: "localhost:15005"
      startupRole: FOLLOWER
    }
    oldPeers {
      id: "s2"
      address: "localhost:15008"
      dataStreamAddress: "localhost:15011"
      clientAddress: "localhost:15010"
      adminAddress: "localhost:15009"
      startupRole: FOLLOWER
    }
  }
}
leaderCommit: 2
commitInfos {
  server {
    id: "s2"
    address: "localhost:15008"
    dataStreamAddress: "localhost:15011"
    clientAddress: "localhost:15010"
    adminAddress: "localhost:15009"
    startupRole: FOLLOWER
  }
  commitIndex: 2
}
commitInfos {
  server {
    id: "s0"
    address: "localhost:15000"
    dataStreamAddress: "localhost:15003"
    clientAddress: "localhost:15002"
    adminAddress: "localhost:15001"
    startupRole: FOLLOWER
  }
  commitIndex: 1
}
commitInfos {
  server {
    id: "s1"
    address: "localhost:15004"
    dataStreamAddress: "localhost:15007"
    clientAddress: "localhost:15006"
    adminAddress: "localhost:15005"
    startupRole: FOLLOWER
  }
  commitIndex: 1
}
commitInfos {
  server {
    id: "s3"
    address: "0.0.0.0:15012"
    clientAddress: "0.0.0.0:15014"
    adminAddress: "0.0.0.0:15013"
    startupRole: FOLLOWER
  }
  commitIndex: 2
}
commitInfos {
  server {
    id: "s4"
    address: "0.0.0.0:15016"
    clientAddress: "0.0.0.0:15018"
    adminAddress: "0.0.0.0:15017"
    startupRole: FOLLOWER
  }
  commitIndex: 2
}
)
2025-02-27 19:03:13,030 [main] WARN  util.LeakDetector (LeakDetector.java:assertNoLeaks(175)) - 14/30) numLeaks == 1 > 0, will wait and retry ...
2025-02-27 19:03:14,030 [main] WARN  util.ReferenceCountedLeakDetector (ReferenceCountedLeakDetector.java:logLeakMessage(167)) - LEAK: (class org.apache.ratis.proto.RaftProtos$AppendEntriesRequestProto, count=1, value=serverRequest {
  requestorId: "s2"
  replyId: "s0"
  raftGroupId {
    id: "\277\000\024\311\030\351K\220\241\233\366\302\001V\021\270"
  }
  callId: 13
}
leaderTerm: 1
previousLog {
  term: 1
  index: 2
}
entries {
  term: 1
  index: 3
  configurationEntry {
    peers {
      id: "s3"
      address: "0.0.0.0:15012"
      clientAddress: "0.0.0.0:15014"
      adminAddress: "0.0.0.0:15013"
      startupRole: FOLLOWER
    }
    peers {
      id: "s4"
      address: "0.0.0.0:15016"
      clientAddress: "0.0.0.0:15018"
      adminAddress: "0.0.0.0:15017"
      startupRole: FOLLOWER
    }
    peers {
      id: "s0"
      address: "localhost:15000"
      dataStreamAddress: "localhost:15003"
      clientAddress: "localhost:15002"
      adminAddress: "localhost:15001"
      startupRole: FOLLOWER
    }
    peers {
      id: "s1"
      address: "localhost:15004"
      dataStreamAddress: "localhost:15007"
      clientAddress: "localhost:15006"
      adminAddress: "localhost:15005"
      startupRole: FOLLOWER
    }
    peers {
      id: "s2"
      address: "localhost:15008"
      dataStreamAddress: "localhost:15011"
      clientAddress: "localhost:15010"
      adminAddress: "localhost:15009"
      startupRole: FOLLOWER
    }
    oldPeers {
      id: "s0"
      address: "localhost:15000"
      dataStreamAddress: "localhost:15003"
      clientAddress: "localhost:15002"
      adminAddress: "localhost:15001"
      startupRole: FOLLOWER
    }
    oldPeers {
      id: "s1"
      address: "localhost:15004"
      dataStreamAddress: "localhost:15007"
      clientAddress: "localhost:15006"
      adminAddress: "localhost:15005"
      startupRole: FOLLOWER
    }
    oldPeers {
      id: "s2"
      address: "localhost:15008"
      dataStreamAddress: "localhost:15011"
      clientAddress: "localhost:15010"
      adminAddress: "localhost:15009"
      startupRole: FOLLOWER
    }
  }
}
leaderCommit: 2
commitInfos {
  server {
    id: "s2"
    address: "localhost:15008"
    dataStreamAddress: "localhost:15011"
    clientAddress: "localhost:15010"
    adminAddress: "localhost:15009"
    startupRole: FOLLOWER
  }
  commitIndex: 2
}
commitInfos {
  server {
    id: "s0"
    address: "localhost:15000"
    dataStreamAddress: "localhost:15003"
    clientAddress: "localhost:15002"
    adminAddress: "localhost:15001"
    startupRole: FOLLOWER
  }
  commitIndex: 1
}
commitInfos {
  server {
    id: "s1"
    address: "localhost:15004"
    dataStreamAddress: "localhost:15007"
    clientAddress: "localhost:15006"
    adminAddress: "localhost:15005"
    startupRole: FOLLOWER
  }
  commitIndex: 1
}
commitInfos {
  server {
    id: "s3"
    address: "0.0.0.0:15012"
    clientAddress: "0.0.0.0:15014"
    adminAddress: "0.0.0.0:15013"
    startupRole: FOLLOWER
  }
  commitIndex: 2
}
commitInfos {
  server {
    id: "s4"
    address: "0.0.0.0:15016"
    clientAddress: "0.0.0.0:15018"
    adminAddress: "0.0.0.0:15017"
    startupRole: FOLLOWER
  }
  commitIndex: 2
}
)
2025-02-27 19:03:14,031 [main] WARN  util.LeakDetector (LeakDetector.java:assertNoLeaks(175)) - 15/30) numLeaks == 1 > 0, will wait and retry ...
2025-02-27 19:03:15,031 [main] WARN  util.ReferenceCountedLeakDetector (ReferenceCountedLeakDetector.java:logLeakMessage(167)) - LEAK: (class org.apache.ratis.proto.RaftProtos$AppendEntriesRequestProto, count=1, value=serverRequest {
  requestorId: "s2"
  replyId: "s0"
  raftGroupId {
    id: "\277\000\024\311\030\351K\220\241\233\366\302\001V\021\270"
  }
  callId: 13
}
leaderTerm: 1
previousLog {
  term: 1
  index: 2
}
entries {
  term: 1
  index: 3
  configurationEntry {
    peers {
      id: "s3"
      address: "0.0.0.0:15012"
      clientAddress: "0.0.0.0:15014"
      adminAddress: "0.0.0.0:15013"
      startupRole: FOLLOWER
    }
    peers {
      id: "s4"
      address: "0.0.0.0:15016"
      clientAddress: "0.0.0.0:15018"
      adminAddress: "0.0.0.0:15017"
      startupRole: FOLLOWER
    }
    peers {
      id: "s0"
      address: "localhost:15000"
      dataStreamAddress: "localhost:15003"
      clientAddress: "localhost:15002"
      adminAddress: "localhost:15001"
      startupRole: FOLLOWER
    }
    peers {
      id: "s1"
      address: "localhost:15004"
      dataStreamAddress: "localhost:15007"
      clientAddress: "localhost:15006"
      adminAddress: "localhost:15005"
      startupRole: FOLLOWER
    }
    peers {
      id: "s2"
      address: "localhost:15008"
      dataStreamAddress: "localhost:15011"
      clientAddress: "localhost:15010"
      adminAddress: "localhost:15009"
      startupRole: FOLLOWER
    }
    oldPeers {
      id: "s0"
      address: "localhost:15000"
      dataStreamAddress: "localhost:15003"
      clientAddress: "localhost:15002"
      adminAddress: "localhost:15001"
      startupRole: FOLLOWER
    }
    oldPeers {
      id: "s1"
      address: "localhost:15004"
      dataStreamAddress: "localhost:15007"
      clientAddress: "localhost:15006"
      adminAddress: "localhost:15005"
      startupRole: FOLLOWER
    }
    oldPeers {
      id: "s2"
      address: "localhost:15008"
      dataStreamAddress: "localhost:15011"
      clientAddress: "localhost:15010"
      adminAddress: "localhost:15009"
      startupRole: FOLLOWER
    }
  }
}
leaderCommit: 2
commitInfos {
  server {
    id: "s2"
    address: "localhost:15008"
    dataStreamAddress: "localhost:15011"
    clientAddress: "localhost:15010"
    adminAddress: "localhost:15009"
    startupRole: FOLLOWER
  }
  commitIndex: 2
}
commitInfos {
  server {
    id: "s0"
    address: "localhost:15000"
    dataStreamAddress: "localhost:15003"
    clientAddress: "localhost:15002"
    adminAddress: "localhost:15001"
    startupRole: FOLLOWER
  }
  commitIndex: 1
}
commitInfos {
  server {
    id: "s1"
    address: "localhost:15004"
    dataStreamAddress: "localhost:15007"
    clientAddress: "localhost:15006"
    adminAddress: "localhost:15005"
    startupRole: FOLLOWER
  }
  commitIndex: 1
}
commitInfos {
  server {
    id: "s3"
    address: "0.0.0.0:15012"
    clientAddress: "0.0.0.0:15014"
    adminAddress: "0.0.0.0:15013"
    startupRole: FOLLOWER
  }
  commitIndex: 2
}
commitInfos {
  server {
    id: "s4"
    address: "0.0.0.0:15016"
    clientAddress: "0.0.0.0:15018"
    adminAddress: "0.0.0.0:15017"
    startupRole: FOLLOWER
  }
  commitIndex: 2
}
)
2025-02-27 19:03:15,032 [main] WARN  util.LeakDetector (LeakDetector.java:assertNoLeaks(175)) - 16/30) numLeaks == 1 > 0, will wait and retry ...
2025-02-27 19:03:16,032 [main] WARN  util.ReferenceCountedLeakDetector (ReferenceCountedLeakDetector.java:logLeakMessage(167)) - LEAK: (class org.apache.ratis.proto.RaftProtos$AppendEntriesRequestProto, count=1, value=serverRequest {
  requestorId: "s2"
  replyId: "s0"
  raftGroupId {
    id: "\277\000\024\311\030\351K\220\241\233\366\302\001V\021\270"
  }
  callId: 13
}
leaderTerm: 1
previousLog {
  term: 1
  index: 2
}
entries {
  term: 1
  index: 3
  configurationEntry {
    peers {
      id: "s3"
      address: "0.0.0.0:15012"
      clientAddress: "0.0.0.0:15014"
      adminAddress: "0.0.0.0:15013"
      startupRole: FOLLOWER
    }
    peers {
      id: "s4"
      address: "0.0.0.0:15016"
      clientAddress: "0.0.0.0:15018"
      adminAddress: "0.0.0.0:15017"
      startupRole: FOLLOWER
    }
    peers {
      id: "s0"
      address: "localhost:15000"
      dataStreamAddress: "localhost:15003"
      clientAddress: "localhost:15002"
      adminAddress: "localhost:15001"
      startupRole: FOLLOWER
    }
    peers {
      id: "s1"
      address: "localhost:15004"
      dataStreamAddress: "localhost:15007"
      clientAddress: "localhost:15006"
      adminAddress: "localhost:15005"
      startupRole: FOLLOWER
    }
    peers {
      id: "s2"
      address: "localhost:15008"
      dataStreamAddress: "localhost:15011"
      clientAddress: "localhost:15010"
      adminAddress: "localhost:15009"
      startupRole: FOLLOWER
    }
    oldPeers {
      id: "s0"
      address: "localhost:15000"
      dataStreamAddress: "localhost:15003"
      clientAddress: "localhost:15002"
      adminAddress: "localhost:15001"
      startupRole: FOLLOWER
    }
    oldPeers {
      id: "s1"
      address: "localhost:15004"
      dataStreamAddress: "localhost:15007"
      clientAddress: "localhost:15006"
      adminAddress: "localhost:15005"
      startupRole: FOLLOWER
    }
    oldPeers {
      id: "s2"
      address: "localhost:15008"
      dataStreamAddress: "localhost:15011"
      clientAddress: "localhost:15010"
      adminAddress: "localhost:15009"
      startupRole: FOLLOWER
    }
  }
}
leaderCommit: 2
commitInfos {
  server {
    id: "s2"
    address: "localhost:15008"
    dataStreamAddress: "localhost:15011"
    clientAddress: "localhost:15010"
    adminAddress: "localhost:15009"
    startupRole: FOLLOWER
  }
  commitIndex: 2
}
commitInfos {
  server {
    id: "s0"
    address: "localhost:15000"
    dataStreamAddress: "localhost:15003"
    clientAddress: "localhost:15002"
    adminAddress: "localhost:15001"
    startupRole: FOLLOWER
  }
  commitIndex: 1
}
commitInfos {
  server {
    id: "s1"
    address: "localhost:15004"
    dataStreamAddress: "localhost:15007"
    clientAddress: "localhost:15006"
    adminAddress: "localhost:15005"
    startupRole: FOLLOWER
  }
  commitIndex: 1
}
commitInfos {
  server {
    id: "s3"
    address: "0.0.0.0:15012"
    clientAddress: "0.0.0.0:15014"
    adminAddress: "0.0.0.0:15013"
    startupRole: FOLLOWER
  }
  commitIndex: 2
}
commitInfos {
  server {
    id: "s4"
    address: "0.0.0.0:15016"
    clientAddress: "0.0.0.0:15018"
    adminAddress: "0.0.0.0:15017"
    startupRole: FOLLOWER
  }
  commitIndex: 2
}
)
2025-02-27 19:03:16,032 [main] WARN  util.LeakDetector (LeakDetector.java:assertNoLeaks(175)) - 17/30) numLeaks == 1 > 0, will wait and retry ...
2025-02-27 19:03:17,033 [main] WARN  util.ReferenceCountedLeakDetector (ReferenceCountedLeakDetector.java:logLeakMessage(167)) - LEAK: (class org.apache.ratis.proto.RaftProtos$AppendEntriesRequestProto, count=1, value=serverRequest {
  requestorId: "s2"
  replyId: "s0"
  raftGroupId {
    id: "\277\000\024\311\030\351K\220\241\233\366\302\001V\021\270"
  }
  callId: 13
}
leaderTerm: 1
previousLog {
  term: 1
  index: 2
}
entries {
  term: 1
  index: 3
  configurationEntry {
    peers {
      id: "s3"
      address: "0.0.0.0:15012"
      clientAddress: "0.0.0.0:15014"
      adminAddress: "0.0.0.0:15013"
      startupRole: FOLLOWER
    }
    peers {
      id: "s4"
      address: "0.0.0.0:15016"
      clientAddress: "0.0.0.0:15018"
      adminAddress: "0.0.0.0:15017"
      startupRole: FOLLOWER
    }
    peers {
      id: "s0"
      address: "localhost:15000"
      dataStreamAddress: "localhost:15003"
      clientAddress: "localhost:15002"
      adminAddress: "localhost:15001"
      startupRole: FOLLOWER
    }
    peers {
      id: "s1"
      address: "localhost:15004"
      dataStreamAddress: "localhost:15007"
      clientAddress: "localhost:15006"
      adminAddress: "localhost:15005"
      startupRole: FOLLOWER
    }
    peers {
      id: "s2"
      address: "localhost:15008"
      dataStreamAddress: "localhost:15011"
      clientAddress: "localhost:15010"
      adminAddress: "localhost:15009"
      startupRole: FOLLOWER
    }
    oldPeers {
      id: "s0"
      address: "localhost:15000"
      dataStreamAddress: "localhost:15003"
      clientAddress: "localhost:15002"
      adminAddress: "localhost:15001"
      startupRole: FOLLOWER
    }
    oldPeers {
      id: "s1"
      address: "localhost:15004"
      dataStreamAddress: "localhost:15007"
      clientAddress: "localhost:15006"
      adminAddress: "localhost:15005"
      startupRole: FOLLOWER
    }
    oldPeers {
      id: "s2"
      address: "localhost:15008"
      dataStreamAddress: "localhost:15011"
      clientAddress: "localhost:15010"
      adminAddress: "localhost:15009"
      startupRole: FOLLOWER
    }
  }
}
leaderCommit: 2
commitInfos {
  server {
    id: "s2"
    address: "localhost:15008"
    dataStreamAddress: "localhost:15011"
    clientAddress: "localhost:15010"
    adminAddress: "localhost:15009"
    startupRole: FOLLOWER
  }
  commitIndex: 2
}
commitInfos {
  server {
    id: "s0"
    address: "localhost:15000"
    dataStreamAddress: "localhost:15003"
    clientAddress: "localhost:15002"
    adminAddress: "localhost:15001"
    startupRole: FOLLOWER
  }
  commitIndex: 1
}
commitInfos {
  server {
    id: "s1"
    address: "localhost:15004"
    dataStreamAddress: "localhost:15007"
    clientAddress: "localhost:15006"
    adminAddress: "localhost:15005"
    startupRole: FOLLOWER
  }
  commitIndex: 1
}
commitInfos {
  server {
    id: "s3"
    address: "0.0.0.0:15012"
    clientAddress: "0.0.0.0:15014"
    adminAddress: "0.0.0.0:15013"
    startupRole: FOLLOWER
  }
  commitIndex: 2
}
commitInfos {
  server {
    id: "s4"
    address: "0.0.0.0:15016"
    clientAddress: "0.0.0.0:15018"
    adminAddress: "0.0.0.0:15017"
    startupRole: FOLLOWER
  }
  commitIndex: 2
}
)
2025-02-27 19:03:17,033 [main] WARN  util.LeakDetector (LeakDetector.java:assertNoLeaks(175)) - 18/30) numLeaks == 1 > 0, will wait and retry ...
2025-02-27 19:03:18,033 [main] WARN  util.ReferenceCountedLeakDetector (ReferenceCountedLeakDetector.java:logLeakMessage(167)) - LEAK: (class org.apache.ratis.proto.RaftProtos$AppendEntriesRequestProto, count=1, value=serverRequest {
  requestorId: "s2"
  replyId: "s0"
  raftGroupId {
    id: "\277\000\024\311\030\351K\220\241\233\366\302\001V\021\270"
  }
  callId: 13
}
leaderTerm: 1
previousLog {
  term: 1
  index: 2
}
entries {
  term: 1
  index: 3
  configurationEntry {
    peers {
      id: "s3"
      address: "0.0.0.0:15012"
      clientAddress: "0.0.0.0:15014"
      adminAddress: "0.0.0.0:15013"
      startupRole: FOLLOWER
    }
    peers {
      id: "s4"
      address: "0.0.0.0:15016"
      clientAddress: "0.0.0.0:15018"
      adminAddress: "0.0.0.0:15017"
      startupRole: FOLLOWER
    }
    peers {
      id: "s0"
      address: "localhost:15000"
      dataStreamAddress: "localhost:15003"
      clientAddress: "localhost:15002"
      adminAddress: "localhost:15001"
      startupRole: FOLLOWER
    }
    peers {
      id: "s1"
      address: "localhost:15004"
      dataStreamAddress: "localhost:15007"
      clientAddress: "localhost:15006"
      adminAddress: "localhost:15005"
      startupRole: FOLLOWER
    }
    peers {
      id: "s2"
      address: "localhost:15008"
      dataStreamAddress: "localhost:15011"
      clientAddress: "localhost:15010"
      adminAddress: "localhost:15009"
      startupRole: FOLLOWER
    }
    oldPeers {
      id: "s0"
      address: "localhost:15000"
      dataStreamAddress: "localhost:15003"
      clientAddress: "localhost:15002"
      adminAddress: "localhost:15001"
      startupRole: FOLLOWER
    }
    oldPeers {
      id: "s1"
      address: "localhost:15004"
      dataStreamAddress: "localhost:15007"
      clientAddress: "localhost:15006"
      adminAddress: "localhost:15005"
      startupRole: FOLLOWER
    }
    oldPeers {
      id: "s2"
      address: "localhost:15008"
      dataStreamAddress: "localhost:15011"
      clientAddress: "localhost:15010"
      adminAddress: "localhost:15009"
      startupRole: FOLLOWER
    }
  }
}
leaderCommit: 2
commitInfos {
  server {
    id: "s2"
    address: "localhost:15008"
    dataStreamAddress: "localhost:15011"
    clientAddress: "localhost:15010"
    adminAddress: "localhost:15009"
    startupRole: FOLLOWER
  }
  commitIndex: 2
}
commitInfos {
  server {
    id: "s0"
    address: "localhost:15000"
    dataStreamAddress: "localhost:15003"
    clientAddress: "localhost:15002"
    adminAddress: "localhost:15001"
    startupRole: FOLLOWER
  }
  commitIndex: 1
}
commitInfos {
  server {
    id: "s1"
    address: "localhost:15004"
    dataStreamAddress: "localhost:15007"
    clientAddress: "localhost:15006"
    adminAddress: "localhost:15005"
    startupRole: FOLLOWER
  }
  commitIndex: 1
}
commitInfos {
  server {
    id: "s3"
    address: "0.0.0.0:15012"
    clientAddress: "0.0.0.0:15014"
    adminAddress: "0.0.0.0:15013"
    startupRole: FOLLOWER
  }
  commitIndex: 2
}
commitInfos {
  server {
    id: "s4"
    address: "0.0.0.0:15016"
    clientAddress: "0.0.0.0:15018"
    adminAddress: "0.0.0.0:15017"
    startupRole: FOLLOWER
  }
  commitIndex: 2
}
)
2025-02-27 19:03:18,034 [main] WARN  util.LeakDetector (LeakDetector.java:assertNoLeaks(175)) - 19/30) numLeaks == 1 > 0, will wait and retry ...
2025-02-27 19:03:19,034 [main] WARN  util.ReferenceCountedLeakDetector (ReferenceCountedLeakDetector.java:logLeakMessage(167)) - LEAK: (class org.apache.ratis.proto.RaftProtos$AppendEntriesRequestProto, count=1, value=serverRequest {
  requestorId: "s2"
  replyId: "s0"
  raftGroupId {
    id: "\277\000\024\311\030\351K\220\241\233\366\302\001V\021\270"
  }
  callId: 13
}
leaderTerm: 1
previousLog {
  term: 1
  index: 2
}
entries {
  term: 1
  index: 3
  configurationEntry {
    peers {
      id: "s3"
      address: "0.0.0.0:15012"
      clientAddress: "0.0.0.0:15014"
      adminAddress: "0.0.0.0:15013"
      startupRole: FOLLOWER
    }
    peers {
      id: "s4"
      address: "0.0.0.0:15016"
      clientAddress: "0.0.0.0:15018"
      adminAddress: "0.0.0.0:15017"
      startupRole: FOLLOWER
    }
    peers {
      id: "s0"
      address: "localhost:15000"
      dataStreamAddress: "localhost:15003"
      clientAddress: "localhost:15002"
      adminAddress: "localhost:15001"
      startupRole: FOLLOWER
    }
    peers {
      id: "s1"
      address: "localhost:15004"
      dataStreamAddress: "localhost:15007"
      clientAddress: "localhost:15006"
      adminAddress: "localhost:15005"
      startupRole: FOLLOWER
    }
    peers {
      id: "s2"
      address: "localhost:15008"
      dataStreamAddress: "localhost:15011"
      clientAddress: "localhost:15010"
      adminAddress: "localhost:15009"
      startupRole: FOLLOWER
    }
    oldPeers {
      id: "s0"
      address: "localhost:15000"
      dataStreamAddress: "localhost:15003"
      clientAddress: "localhost:15002"
      adminAddress: "localhost:15001"
      startupRole: FOLLOWER
    }
    oldPeers {
      id: "s1"
      address: "localhost:15004"
      dataStreamAddress: "localhost:15007"
      clientAddress: "localhost:15006"
      adminAddress: "localhost:15005"
      startupRole: FOLLOWER
    }
    oldPeers {
      id: "s2"
      address: "localhost:15008"
      dataStreamAddress: "localhost:15011"
      clientAddress: "localhost:15010"
      adminAddress: "localhost:15009"
      startupRole: FOLLOWER
    }
  }
}
leaderCommit: 2
commitInfos {
  server {
    id: "s2"
    address: "localhost:15008"
    dataStreamAddress: "localhost:15011"
    clientAddress: "localhost:15010"
    adminAddress: "localhost:15009"
    startupRole: FOLLOWER
  }
  commitIndex: 2
}
commitInfos {
  server {
    id: "s0"
    address: "localhost:15000"
    dataStreamAddress: "localhost:15003"
    clientAddress: "localhost:15002"
    adminAddress: "localhost:15001"
    startupRole: FOLLOWER
  }
  commitIndex: 1
}
commitInfos {
  server {
    id: "s1"
    address: "localhost:15004"
    dataStreamAddress: "localhost:15007"
    clientAddress: "localhost:15006"
    adminAddress: "localhost:15005"
    startupRole: FOLLOWER
  }
  commitIndex: 1
}
commitInfos {
  server {
    id: "s3"
    address: "0.0.0.0:15012"
    clientAddress: "0.0.0.0:15014"
    adminAddress: "0.0.0.0:15013"
    startupRole: FOLLOWER
  }
  commitIndex: 2
}
commitInfos {
  server {
    id: "s4"
    address: "0.0.0.0:15016"
    clientAddress: "0.0.0.0:15018"
    adminAddress: "0.0.0.0:15017"
    startupRole: FOLLOWER
  }
  commitIndex: 2
}
)
2025-02-27 19:03:19,034 [main] WARN  util.LeakDetector (LeakDetector.java:assertNoLeaks(175)) - 20/30) numLeaks == 1 > 0, will wait and retry ...
2025-02-27 19:03:20,035 [main] WARN  util.ReferenceCountedLeakDetector (ReferenceCountedLeakDetector.java:logLeakMessage(167)) - LEAK: (class org.apache.ratis.proto.RaftProtos$AppendEntriesRequestProto, count=1, value=serverRequest {
  requestorId: "s2"
  replyId: "s0"
  raftGroupId {
    id: "\277\000\024\311\030\351K\220\241\233\366\302\001V\021\270"
  }
  callId: 13
}
leaderTerm: 1
previousLog {
  term: 1
  index: 2
}
entries {
  term: 1
  index: 3
  configurationEntry {
    peers {
      id: "s3"
      address: "0.0.0.0:15012"
      clientAddress: "0.0.0.0:15014"
      adminAddress: "0.0.0.0:15013"
      startupRole: FOLLOWER
    }
    peers {
      id: "s4"
      address: "0.0.0.0:15016"
      clientAddress: "0.0.0.0:15018"
      adminAddress: "0.0.0.0:15017"
      startupRole: FOLLOWER
    }
    peers {
      id: "s0"
      address: "localhost:15000"
      dataStreamAddress: "localhost:15003"
      clientAddress: "localhost:15002"
      adminAddress: "localhost:15001"
      startupRole: FOLLOWER
    }
    peers {
      id: "s1"
      address: "localhost:15004"
      dataStreamAddress: "localhost:15007"
      clientAddress: "localhost:15006"
      adminAddress: "localhost:15005"
      startupRole: FOLLOWER
    }
    peers {
      id: "s2"
      address: "localhost:15008"
      dataStreamAddress: "localhost:15011"
      clientAddress: "localhost:15010"
      adminAddress: "localhost:15009"
      startupRole: FOLLOWER
    }
    oldPeers {
      id: "s0"
      address: "localhost:15000"
      dataStreamAddress: "localhost:15003"
      clientAddress: "localhost:15002"
      adminAddress: "localhost:15001"
      startupRole: FOLLOWER
    }
    oldPeers {
      id: "s1"
      address: "localhost:15004"
      dataStreamAddress: "localhost:15007"
      clientAddress: "localhost:15006"
      adminAddress: "localhost:15005"
      startupRole: FOLLOWER
    }
    oldPeers {
      id: "s2"
      address: "localhost:15008"
      dataStreamAddress: "localhost:15011"
      clientAddress: "localhost:15010"
      adminAddress: "localhost:15009"
      startupRole: FOLLOWER
    }
  }
}
leaderCommit: 2
commitInfos {
  server {
    id: "s2"
    address: "localhost:15008"
    dataStreamAddress: "localhost:15011"
    clientAddress: "localhost:15010"
    adminAddress: "localhost:15009"
    startupRole: FOLLOWER
  }
  commitIndex: 2
}
commitInfos {
  server {
    id: "s0"
    address: "localhost:15000"
    dataStreamAddress: "localhost:15003"
    clientAddress: "localhost:15002"
    adminAddress: "localhost:15001"
    startupRole: FOLLOWER
  }
  commitIndex: 1
}
commitInfos {
  server {
    id: "s1"
    address: "localhost:15004"
    dataStreamAddress: "localhost:15007"
    clientAddress: "localhost:15006"
    adminAddress: "localhost:15005"
    startupRole: FOLLOWER
  }
  commitIndex: 1
}
commitInfos {
  server {
    id: "s3"
    address: "0.0.0.0:15012"
    clientAddress: "0.0.0.0:15014"
    adminAddress: "0.0.0.0:15013"
    startupRole: FOLLOWER
  }
  commitIndex: 2
}
commitInfos {
  server {
    id: "s4"
    address: "0.0.0.0:15016"
    clientAddress: "0.0.0.0:15018"
    adminAddress: "0.0.0.0:15017"
    startupRole: FOLLOWER
  }
  commitIndex: 2
}
)
2025-02-27 19:03:20,035 [main] WARN  util.LeakDetector (LeakDetector.java:assertNoLeaks(175)) - 21/30) numLeaks == 1 > 0, will wait and retry ...
2025-02-27 19:03:21,035 [main] WARN  util.ReferenceCountedLeakDetector (ReferenceCountedLeakDetector.java:logLeakMessage(167)) - LEAK: (class org.apache.ratis.proto.RaftProtos$AppendEntriesRequestProto, count=1, value=serverRequest {
  requestorId: "s2"
  replyId: "s0"
  raftGroupId {
    id: "\277\000\024\311\030\351K\220\241\233\366\302\001V\021\270"
  }
  callId: 13
}
leaderTerm: 1
previousLog {
  term: 1
  index: 2
}
entries {
  term: 1
  index: 3
  configurationEntry {
    peers {
      id: "s3"
      address: "0.0.0.0:15012"
      clientAddress: "0.0.0.0:15014"
      adminAddress: "0.0.0.0:15013"
      startupRole: FOLLOWER
    }
    peers {
      id: "s4"
      address: "0.0.0.0:15016"
      clientAddress: "0.0.0.0:15018"
      adminAddress: "0.0.0.0:15017"
      startupRole: FOLLOWER
    }
    peers {
      id: "s0"
      address: "localhost:15000"
      dataStreamAddress: "localhost:15003"
      clientAddress: "localhost:15002"
      adminAddress: "localhost:15001"
      startupRole: FOLLOWER
    }
    peers {
      id: "s1"
      address: "localhost:15004"
      dataStreamAddress: "localhost:15007"
      clientAddress: "localhost:15006"
      adminAddress: "localhost:15005"
      startupRole: FOLLOWER
    }
    peers {
      id: "s2"
      address: "localhost:15008"
      dataStreamAddress: "localhost:15011"
      clientAddress: "localhost:15010"
      adminAddress: "localhost:15009"
      startupRole: FOLLOWER
    }
    oldPeers {
      id: "s0"
      address: "localhost:15000"
      dataStreamAddress: "localhost:15003"
      clientAddress: "localhost:15002"
      adminAddress: "localhost:15001"
      startupRole: FOLLOWER
    }
    oldPeers {
      id: "s1"
      address: "localhost:15004"
      dataStreamAddress: "localhost:15007"
      clientAddress: "localhost:15006"
      adminAddress: "localhost:15005"
      startupRole: FOLLOWER
    }
    oldPeers {
      id: "s2"
      address: "localhost:15008"
      dataStreamAddress: "localhost:15011"
      clientAddress: "localhost:15010"
      adminAddress: "localhost:15009"
      startupRole: FOLLOWER
    }
  }
}
leaderCommit: 2
commitInfos {
  server {
    id: "s2"
    address: "localhost:15008"
    dataStreamAddress: "localhost:15011"
    clientAddress: "localhost:15010"
    adminAddress: "localhost:15009"
    startupRole: FOLLOWER
  }
  commitIndex: 2
}
commitInfos {
  server {
    id: "s0"
    address: "localhost:15000"
    dataStreamAddress: "localhost:15003"
    clientAddress: "localhost:15002"
    adminAddress: "localhost:15001"
    startupRole: FOLLOWER
  }
  commitIndex: 1
}
commitInfos {
  server {
    id: "s1"
    address: "localhost:15004"
    dataStreamAddress: "localhost:15007"
    clientAddress: "localhost:15006"
    adminAddress: "localhost:15005"
    startupRole: FOLLOWER
  }
  commitIndex: 1
}
commitInfos {
  server {
    id: "s3"
    address: "0.0.0.0:15012"
    clientAddress: "0.0.0.0:15014"
    adminAddress: "0.0.0.0:15013"
    startupRole: FOLLOWER
  }
  commitIndex: 2
}
commitInfos {
  server {
    id: "s4"
    address: "0.0.0.0:15016"
    clientAddress: "0.0.0.0:15018"
    adminAddress: "0.0.0.0:15017"
    startupRole: FOLLOWER
  }
  commitIndex: 2
}
)
2025-02-27 19:03:21,036 [main] WARN  util.LeakDetector (LeakDetector.java:assertNoLeaks(175)) - 22/30) numLeaks == 1 > 0, will wait and retry ...
2025-02-27 19:03:22,036 [main] WARN  util.ReferenceCountedLeakDetector (ReferenceCountedLeakDetector.java:logLeakMessage(167)) - LEAK: (class org.apache.ratis.proto.RaftProtos$AppendEntriesRequestProto, count=1, value=serverRequest {
  requestorId: "s2"
  replyId: "s0"
  raftGroupId {
    id: "\277\000\024\311\030\351K\220\241\233\366\302\001V\021\270"
  }
  callId: 13
}
leaderTerm: 1
previousLog {
  term: 1
  index: 2
}
entries {
  term: 1
  index: 3
  configurationEntry {
    peers {
      id: "s3"
      address: "0.0.0.0:15012"
      clientAddress: "0.0.0.0:15014"
      adminAddress: "0.0.0.0:15013"
      startupRole: FOLLOWER
    }
    peers {
      id: "s4"
      address: "0.0.0.0:15016"
      clientAddress: "0.0.0.0:15018"
      adminAddress: "0.0.0.0:15017"
      startupRole: FOLLOWER
    }
    peers {
      id: "s0"
      address: "localhost:15000"
      dataStreamAddress: "localhost:15003"
      clientAddress: "localhost:15002"
      adminAddress: "localhost:15001"
      startupRole: FOLLOWER
    }
    peers {
      id: "s1"
      address: "localhost:15004"
      dataStreamAddress: "localhost:15007"
      clientAddress: "localhost:15006"
      adminAddress: "localhost:15005"
      startupRole: FOLLOWER
    }
    peers {
      id: "s2"
      address: "localhost:15008"
      dataStreamAddress: "localhost:15011"
      clientAddress: "localhost:15010"
      adminAddress: "localhost:15009"
      startupRole: FOLLOWER
    }
    oldPeers {
      id: "s0"
      address: "localhost:15000"
      dataStreamAddress: "localhost:15003"
      clientAddress: "localhost:15002"
      adminAddress: "localhost:15001"
      startupRole: FOLLOWER
    }
    oldPeers {
      id: "s1"
      address: "localhost:15004"
      dataStreamAddress: "localhost:15007"
      clientAddress: "localhost:15006"
      adminAddress: "localhost:15005"
      startupRole: FOLLOWER
    }
    oldPeers {
      id: "s2"
      address: "localhost:15008"
      dataStreamAddress: "localhost:15011"
      clientAddress: "localhost:15010"
      adminAddress: "localhost:15009"
      startupRole: FOLLOWER
    }
  }
}
leaderCommit: 2
commitInfos {
  server {
    id: "s2"
    address: "localhost:15008"
    dataStreamAddress: "localhost:15011"
    clientAddress: "localhost:15010"
    adminAddress: "localhost:15009"
    startupRole: FOLLOWER
  }
  commitIndex: 2
}
commitInfos {
  server {
    id: "s0"
    address: "localhost:15000"
    dataStreamAddress: "localhost:15003"
    clientAddress: "localhost:15002"
    adminAddress: "localhost:15001"
    startupRole: FOLLOWER
  }
  commitIndex: 1
}
commitInfos {
  server {
    id: "s1"
    address: "localhost:15004"
    dataStreamAddress: "localhost:15007"
    clientAddress: "localhost:15006"
    adminAddress: "localhost:15005"
    startupRole: FOLLOWER
  }
  commitIndex: 1
}
commitInfos {
  server {
    id: "s3"
    address: "0.0.0.0:15012"
    clientAddress: "0.0.0.0:15014"
    adminAddress: "0.0.0.0:15013"
    startupRole: FOLLOWER
  }
  commitIndex: 2
}
commitInfos {
  server {
    id: "s4"
    address: "0.0.0.0:15016"
    clientAddress: "0.0.0.0:15018"
    adminAddress: "0.0.0.0:15017"
    startupRole: FOLLOWER
  }
  commitIndex: 2
}
)
2025-02-27 19:03:22,037 [main] WARN  util.LeakDetector (LeakDetector.java:assertNoLeaks(175)) - 23/30) numLeaks == 1 > 0, will wait and retry ...
2025-02-27 19:03:23,037 [main] WARN  util.ReferenceCountedLeakDetector (ReferenceCountedLeakDetector.java:logLeakMessage(167)) - LEAK: (class org.apache.ratis.proto.RaftProtos$AppendEntriesRequestProto, count=1, value=serverRequest {
  requestorId: "s2"
  replyId: "s0"
  raftGroupId {
    id: "\277\000\024\311\030\351K\220\241\233\366\302\001V\021\270"
  }
  callId: 13
}
leaderTerm: 1
previousLog {
  term: 1
  index: 2
}
entries {
  term: 1
  index: 3
  configurationEntry {
    peers {
      id: "s3"
      address: "0.0.0.0:15012"
      clientAddress: "0.0.0.0:15014"
      adminAddress: "0.0.0.0:15013"
      startupRole: FOLLOWER
    }
    peers {
      id: "s4"
      address: "0.0.0.0:15016"
      clientAddress: "0.0.0.0:15018"
      adminAddress: "0.0.0.0:15017"
      startupRole: FOLLOWER
    }
    peers {
      id: "s0"
      address: "localhost:15000"
      dataStreamAddress: "localhost:15003"
      clientAddress: "localhost:15002"
      adminAddress: "localhost:15001"
      startupRole: FOLLOWER
    }
    peers {
      id: "s1"
      address: "localhost:15004"
      dataStreamAddress: "localhost:15007"
      clientAddress: "localhost:15006"
      adminAddress: "localhost:15005"
      startupRole: FOLLOWER
    }
    peers {
      id: "s2"
      address: "localhost:15008"
      dataStreamAddress: "localhost:15011"
      clientAddress: "localhost:15010"
      adminAddress: "localhost:15009"
      startupRole: FOLLOWER
    }
    oldPeers {
      id: "s0"
      address: "localhost:15000"
      dataStreamAddress: "localhost:15003"
      clientAddress: "localhost:15002"
      adminAddress: "localhost:15001"
      startupRole: FOLLOWER
    }
    oldPeers {
      id: "s1"
      address: "localhost:15004"
      dataStreamAddress: "localhost:15007"
      clientAddress: "localhost:15006"
      adminAddress: "localhost:15005"
      startupRole: FOLLOWER
    }
    oldPeers {
      id: "s2"
      address: "localhost:15008"
      dataStreamAddress: "localhost:15011"
      clientAddress: "localhost:15010"
      adminAddress: "localhost:15009"
      startupRole: FOLLOWER
    }
  }
}
leaderCommit: 2
commitInfos {
  server {
    id: "s2"
    address: "localhost:15008"
    dataStreamAddress: "localhost:15011"
    clientAddress: "localhost:15010"
    adminAddress: "localhost:15009"
    startupRole: FOLLOWER
  }
  commitIndex: 2
}
commitInfos {
  server {
    id: "s0"
    address: "localhost:15000"
    dataStreamAddress: "localhost:15003"
    clientAddress: "localhost:15002"
    adminAddress: "localhost:15001"
    startupRole: FOLLOWER
  }
  commitIndex: 1
}
commitInfos {
  server {
    id: "s1"
    address: "localhost:15004"
    dataStreamAddress: "localhost:15007"
    clientAddress: "localhost:15006"
    adminAddress: "localhost:15005"
    startupRole: FOLLOWER
  }
  commitIndex: 1
}
commitInfos {
  server {
    id: "s3"
    address: "0.0.0.0:15012"
    clientAddress: "0.0.0.0:15014"
    adminAddress: "0.0.0.0:15013"
    startupRole: FOLLOWER
  }
  commitIndex: 2
}
commitInfos {
  server {
    id: "s4"
    address: "0.0.0.0:15016"
    clientAddress: "0.0.0.0:15018"
    adminAddress: "0.0.0.0:15017"
    startupRole: FOLLOWER
  }
  commitIndex: 2
}
)
2025-02-27 19:03:23,037 [main] WARN  util.LeakDetector (LeakDetector.java:assertNoLeaks(175)) - 24/30) numLeaks == 1 > 0, will wait and retry ...
2025-02-27 19:03:24,038 [main] WARN  util.ReferenceCountedLeakDetector (ReferenceCountedLeakDetector.java:logLeakMessage(167)) - LEAK: (class org.apache.ratis.proto.RaftProtos$AppendEntriesRequestProto, count=1, value=serverRequest {
  requestorId: "s2"
  replyId: "s0"
  raftGroupId {
    id: "\277\000\024\311\030\351K\220\241\233\366\302\001V\021\270"
  }
  callId: 13
}
leaderTerm: 1
previousLog {
  term: 1
  index: 2
}
entries {
  term: 1
  index: 3
  configurationEntry {
    peers {
      id: "s3"
      address: "0.0.0.0:15012"
      clientAddress: "0.0.0.0:15014"
      adminAddress: "0.0.0.0:15013"
      startupRole: FOLLOWER
    }
    peers {
      id: "s4"
      address: "0.0.0.0:15016"
      clientAddress: "0.0.0.0:15018"
      adminAddress: "0.0.0.0:15017"
      startupRole: FOLLOWER
    }
    peers {
      id: "s0"
      address: "localhost:15000"
      dataStreamAddress: "localhost:15003"
      clientAddress: "localhost:15002"
      adminAddress: "localhost:15001"
      startupRole: FOLLOWER
    }
    peers {
      id: "s1"
      address: "localhost:15004"
      dataStreamAddress: "localhost:15007"
      clientAddress: "localhost:15006"
      adminAddress: "localhost:15005"
      startupRole: FOLLOWER
    }
    peers {
      id: "s2"
      address: "localhost:15008"
      dataStreamAddress: "localhost:15011"
      clientAddress: "localhost:15010"
      adminAddress: "localhost:15009"
      startupRole: FOLLOWER
    }
    oldPeers {
      id: "s0"
      address: "localhost:15000"
      dataStreamAddress: "localhost:15003"
      clientAddress: "localhost:15002"
      adminAddress: "localhost:15001"
      startupRole: FOLLOWER
    }
    oldPeers {
      id: "s1"
      address: "localhost:15004"
      dataStreamAddress: "localhost:15007"
      clientAddress: "localhost:15006"
      adminAddress: "localhost:15005"
      startupRole: FOLLOWER
    }
    oldPeers {
      id: "s2"
      address: "localhost:15008"
      dataStreamAddress: "localhost:15011"
      clientAddress: "localhost:15010"
      adminAddress: "localhost:15009"
      startupRole: FOLLOWER
    }
  }
}
leaderCommit: 2
commitInfos {
  server {
    id: "s2"
    address: "localhost:15008"
    dataStreamAddress: "localhost:15011"
    clientAddress: "localhost:15010"
    adminAddress: "localhost:15009"
    startupRole: FOLLOWER
  }
  commitIndex: 2
}
commitInfos {
  server {
    id: "s0"
    address: "localhost:15000"
    dataStreamAddress: "localhost:15003"
    clientAddress: "localhost:15002"
    adminAddress: "localhost:15001"
    startupRole: FOLLOWER
  }
  commitIndex: 1
}
commitInfos {
  server {
    id: "s1"
    address: "localhost:15004"
    dataStreamAddress: "localhost:15007"
    clientAddress: "localhost:15006"
    adminAddress: "localhost:15005"
    startupRole: FOLLOWER
  }
  commitIndex: 1
}
commitInfos {
  server {
    id: "s3"
    address: "0.0.0.0:15012"
    clientAddress: "0.0.0.0:15014"
    adminAddress: "0.0.0.0:15013"
    startupRole: FOLLOWER
  }
  commitIndex: 2
}
commitInfos {
  server {
    id: "s4"
    address: "0.0.0.0:15016"
    clientAddress: "0.0.0.0:15018"
    adminAddress: "0.0.0.0:15017"
    startupRole: FOLLOWER
  }
  commitIndex: 2
}
)
2025-02-27 19:03:24,038 [main] WARN  util.LeakDetector (LeakDetector.java:assertNoLeaks(175)) - 25/30) numLeaks == 1 > 0, will wait and retry ...
2025-02-27 19:03:25,038 [main] WARN  util.ReferenceCountedLeakDetector (ReferenceCountedLeakDetector.java:logLeakMessage(167)) - LEAK: (class org.apache.ratis.proto.RaftProtos$AppendEntriesRequestProto, count=1, value=serverRequest {
  requestorId: "s2"
  replyId: "s0"
  raftGroupId {
    id: "\277\000\024\311\030\351K\220\241\233\366\302\001V\021\270"
  }
  callId: 13
}
leaderTerm: 1
previousLog {
  term: 1
  index: 2
}
entries {
  term: 1
  index: 3
  configurationEntry {
    peers {
      id: "s3"
      address: "0.0.0.0:15012"
      clientAddress: "0.0.0.0:15014"
      adminAddress: "0.0.0.0:15013"
      startupRole: FOLLOWER
    }
    peers {
      id: "s4"
      address: "0.0.0.0:15016"
      clientAddress: "0.0.0.0:15018"
      adminAddress: "0.0.0.0:15017"
      startupRole: FOLLOWER
    }
    peers {
      id: "s0"
      address: "localhost:15000"
      dataStreamAddress: "localhost:15003"
      clientAddress: "localhost:15002"
      adminAddress: "localhost:15001"
      startupRole: FOLLOWER
    }
    peers {
      id: "s1"
      address: "localhost:15004"
      dataStreamAddress: "localhost:15007"
      clientAddress: "localhost:15006"
      adminAddress: "localhost:15005"
      startupRole: FOLLOWER
    }
    peers {
      id: "s2"
      address: "localhost:15008"
      dataStreamAddress: "localhost:15011"
      clientAddress: "localhost:15010"
      adminAddress: "localhost:15009"
      startupRole: FOLLOWER
    }
    oldPeers {
      id: "s0"
      address: "localhost:15000"
      dataStreamAddress: "localhost:15003"
      clientAddress: "localhost:15002"
      adminAddress: "localhost:15001"
      startupRole: FOLLOWER
    }
    oldPeers {
      id: "s1"
      address: "localhost:15004"
      dataStreamAddress: "localhost:15007"
      clientAddress: "localhost:15006"
      adminAddress: "localhost:15005"
      startupRole: FOLLOWER
    }
    oldPeers {
      id: "s2"
      address: "localhost:15008"
      dataStreamAddress: "localhost:15011"
      clientAddress: "localhost:15010"
      adminAddress: "localhost:15009"
      startupRole: FOLLOWER
    }
  }
}
leaderCommit: 2
commitInfos {
  server {
    id: "s2"
    address: "localhost:15008"
    dataStreamAddress: "localhost:15011"
    clientAddress: "localhost:15010"
    adminAddress: "localhost:15009"
    startupRole: FOLLOWER
  }
  commitIndex: 2
}
commitInfos {
  server {
    id: "s0"
    address: "localhost:15000"
    dataStreamAddress: "localhost:15003"
    clientAddress: "localhost:15002"
    adminAddress: "localhost:15001"
    startupRole: FOLLOWER
  }
  commitIndex: 1
}
commitInfos {
  server {
    id: "s1"
    address: "localhost:15004"
    dataStreamAddress: "localhost:15007"
    clientAddress: "localhost:15006"
    adminAddress: "localhost:15005"
    startupRole: FOLLOWER
  }
  commitIndex: 1
}
commitInfos {
  server {
    id: "s3"
    address: "0.0.0.0:15012"
    clientAddress: "0.0.0.0:15014"
    adminAddress: "0.0.0.0:15013"
    startupRole: FOLLOWER
  }
  commitIndex: 2
}
commitInfos {
  server {
    id: "s4"
    address: "0.0.0.0:15016"
    clientAddress: "0.0.0.0:15018"
    adminAddress: "0.0.0.0:15017"
    startupRole: FOLLOWER
  }
  commitIndex: 2
}
)
2025-02-27 19:03:25,039 [main] WARN  util.LeakDetector (LeakDetector.java:assertNoLeaks(175)) - 26/30) numLeaks == 1 > 0, will wait and retry ...
2025-02-27 19:03:26,039 [main] WARN  util.ReferenceCountedLeakDetector (ReferenceCountedLeakDetector.java:logLeakMessage(167)) - LEAK: (class org.apache.ratis.proto.RaftProtos$AppendEntriesRequestProto, count=1, value=serverRequest {
  requestorId: "s2"
  replyId: "s0"
  raftGroupId {
    id: "\277\000\024\311\030\351K\220\241\233\366\302\001V\021\270"
  }
  callId: 13
}
leaderTerm: 1
previousLog {
  term: 1
  index: 2
}
entries {
  term: 1
  index: 3
  configurationEntry {
    peers {
      id: "s3"
      address: "0.0.0.0:15012"
      clientAddress: "0.0.0.0:15014"
      adminAddress: "0.0.0.0:15013"
      startupRole: FOLLOWER
    }
    peers {
      id: "s4"
      address: "0.0.0.0:15016"
      clientAddress: "0.0.0.0:15018"
      adminAddress: "0.0.0.0:15017"
      startupRole: FOLLOWER
    }
    peers {
      id: "s0"
      address: "localhost:15000"
      dataStreamAddress: "localhost:15003"
      clientAddress: "localhost:15002"
      adminAddress: "localhost:15001"
      startupRole: FOLLOWER
    }
    peers {
      id: "s1"
      address: "localhost:15004"
      dataStreamAddress: "localhost:15007"
      clientAddress: "localhost:15006"
      adminAddress: "localhost:15005"
      startupRole: FOLLOWER
    }
    peers {
      id: "s2"
      address: "localhost:15008"
      dataStreamAddress: "localhost:15011"
      clientAddress: "localhost:15010"
      adminAddress: "localhost:15009"
      startupRole: FOLLOWER
    }
    oldPeers {
      id: "s0"
      address: "localhost:15000"
      dataStreamAddress: "localhost:15003"
      clientAddress: "localhost:15002"
      adminAddress: "localhost:15001"
      startupRole: FOLLOWER
    }
    oldPeers {
      id: "s1"
      address: "localhost:15004"
      dataStreamAddress: "localhost:15007"
      clientAddress: "localhost:15006"
      adminAddress: "localhost:15005"
      startupRole: FOLLOWER
    }
    oldPeers {
      id: "s2"
      address: "localhost:15008"
      dataStreamAddress: "localhost:15011"
      clientAddress: "localhost:15010"
      adminAddress: "localhost:15009"
      startupRole: FOLLOWER
    }
  }
}
leaderCommit: 2
commitInfos {
  server {
    id: "s2"
    address: "localhost:15008"
    dataStreamAddress: "localhost:15011"
    clientAddress: "localhost:15010"
    adminAddress: "localhost:15009"
    startupRole: FOLLOWER
  }
  commitIndex: 2
}
commitInfos {
  server {
    id: "s0"
    address: "localhost:15000"
    dataStreamAddress: "localhost:15003"
    clientAddress: "localhost:15002"
    adminAddress: "localhost:15001"
    startupRole: FOLLOWER
  }
  commitIndex: 1
}
commitInfos {
  server {
    id: "s1"
    address: "localhost:15004"
    dataStreamAddress: "localhost:15007"
    clientAddress: "localhost:15006"
    adminAddress: "localhost:15005"
    startupRole: FOLLOWER
  }
  commitIndex: 1
}
commitInfos {
  server {
    id: "s3"
    address: "0.0.0.0:15012"
    clientAddress: "0.0.0.0:15014"
    adminAddress: "0.0.0.0:15013"
    startupRole: FOLLOWER
  }
  commitIndex: 2
}
commitInfos {
  server {
    id: "s4"
    address: "0.0.0.0:15016"
    clientAddress: "0.0.0.0:15018"
    adminAddress: "0.0.0.0:15017"
    startupRole: FOLLOWER
  }
  commitIndex: 2
}
)
2025-02-27 19:03:26,040 [main] WARN  util.LeakDetector (LeakDetector.java:assertNoLeaks(175)) - 27/30) numLeaks == 1 > 0, will wait and retry ...
2025-02-27 19:03:27,040 [main] WARN  util.ReferenceCountedLeakDetector (ReferenceCountedLeakDetector.java:logLeakMessage(167)) - LEAK: (class org.apache.ratis.proto.RaftProtos$AppendEntriesRequestProto, count=1, value=serverRequest {
  requestorId: "s2"
  replyId: "s0"
  raftGroupId {
    id: "\277\000\024\311\030\351K\220\241\233\366\302\001V\021\270"
  }
  callId: 13
}
leaderTerm: 1
previousLog {
  term: 1
  index: 2
}
entries {
  term: 1
  index: 3
  configurationEntry {
    peers {
      id: "s3"
      address: "0.0.0.0:15012"
      clientAddress: "0.0.0.0:15014"
      adminAddress: "0.0.0.0:15013"
      startupRole: FOLLOWER
    }
    peers {
      id: "s4"
      address: "0.0.0.0:15016"
      clientAddress: "0.0.0.0:15018"
      adminAddress: "0.0.0.0:15017"
      startupRole: FOLLOWER
    }
    peers {
      id: "s0"
      address: "localhost:15000"
      dataStreamAddress: "localhost:15003"
      clientAddress: "localhost:15002"
      adminAddress: "localhost:15001"
      startupRole: FOLLOWER
    }
    peers {
      id: "s1"
      address: "localhost:15004"
      dataStreamAddress: "localhost:15007"
      clientAddress: "localhost:15006"
      adminAddress: "localhost:15005"
      startupRole: FOLLOWER
    }
    peers {
      id: "s2"
      address: "localhost:15008"
      dataStreamAddress: "localhost:15011"
      clientAddress: "localhost:15010"
      adminAddress: "localhost:15009"
      startupRole: FOLLOWER
    }
    oldPeers {
      id: "s0"
      address: "localhost:15000"
      dataStreamAddress: "localhost:15003"
      clientAddress: "localhost:15002"
      adminAddress: "localhost:15001"
      startupRole: FOLLOWER
    }
    oldPeers {
      id: "s1"
      address: "localhost:15004"
      dataStreamAddress: "localhost:15007"
      clientAddress: "localhost:15006"
      adminAddress: "localhost:15005"
      startupRole: FOLLOWER
    }
    oldPeers {
      id: "s2"
      address: "localhost:15008"
      dataStreamAddress: "localhost:15011"
      clientAddress: "localhost:15010"
      adminAddress: "localhost:15009"
      startupRole: FOLLOWER
    }
  }
}
leaderCommit: 2
commitInfos {
  server {
    id: "s2"
    address: "localhost:15008"
    dataStreamAddress: "localhost:15011"
    clientAddress: "localhost:15010"
    adminAddress: "localhost:15009"
    startupRole: FOLLOWER
  }
  commitIndex: 2
}
commitInfos {
  server {
    id: "s0"
    address: "localhost:15000"
    dataStreamAddress: "localhost:15003"
    clientAddress: "localhost:15002"
    adminAddress: "localhost:15001"
    startupRole: FOLLOWER
  }
  commitIndex: 1
}
commitInfos {
  server {
    id: "s1"
    address: "localhost:15004"
    dataStreamAddress: "localhost:15007"
    clientAddress: "localhost:15006"
    adminAddress: "localhost:15005"
    startupRole: FOLLOWER
  }
  commitIndex: 1
}
commitInfos {
  server {
    id: "s3"
    address: "0.0.0.0:15012"
    clientAddress: "0.0.0.0:15014"
    adminAddress: "0.0.0.0:15013"
    startupRole: FOLLOWER
  }
  commitIndex: 2
}
commitInfos {
  server {
    id: "s4"
    address: "0.0.0.0:15016"
    clientAddress: "0.0.0.0:15018"
    adminAddress: "0.0.0.0:15017"
    startupRole: FOLLOWER
  }
  commitIndex: 2
}
)
2025-02-27 19:03:27,041 [main] WARN  util.LeakDetector (LeakDetector.java:assertNoLeaks(175)) - 28/30) numLeaks == 1 > 0, will wait and retry ...
2025-02-27 19:03:28,041 [main] WARN  util.ReferenceCountedLeakDetector (ReferenceCountedLeakDetector.java:logLeakMessage(167)) - LEAK: (class org.apache.ratis.proto.RaftProtos$AppendEntriesRequestProto, count=1, value=serverRequest {
  requestorId: "s2"
  replyId: "s0"
  raftGroupId {
    id: "\277\000\024\311\030\351K\220\241\233\366\302\001V\021\270"
  }
  callId: 13
}
leaderTerm: 1
previousLog {
  term: 1
  index: 2
}
entries {
  term: 1
  index: 3
  configurationEntry {
    peers {
      id: "s3"
      address: "0.0.0.0:15012"
      clientAddress: "0.0.0.0:15014"
      adminAddress: "0.0.0.0:15013"
      startupRole: FOLLOWER
    }
    peers {
      id: "s4"
      address: "0.0.0.0:15016"
      clientAddress: "0.0.0.0:15018"
      adminAddress: "0.0.0.0:15017"
      startupRole: FOLLOWER
    }
    peers {
      id: "s0"
      address: "localhost:15000"
      dataStreamAddress: "localhost:15003"
      clientAddress: "localhost:15002"
      adminAddress: "localhost:15001"
      startupRole: FOLLOWER
    }
    peers {
      id: "s1"
      address: "localhost:15004"
      dataStreamAddress: "localhost:15007"
      clientAddress: "localhost:15006"
      adminAddress: "localhost:15005"
      startupRole: FOLLOWER
    }
    peers {
      id: "s2"
      address: "localhost:15008"
      dataStreamAddress: "localhost:15011"
      clientAddress: "localhost:15010"
      adminAddress: "localhost:15009"
      startupRole: FOLLOWER
    }
    oldPeers {
      id: "s0"
      address: "localhost:15000"
      dataStreamAddress: "localhost:15003"
      clientAddress: "localhost:15002"
      adminAddress: "localhost:15001"
      startupRole: FOLLOWER
    }
    oldPeers {
      id: "s1"
      address: "localhost:15004"
      dataStreamAddress: "localhost:15007"
      clientAddress: "localhost:15006"
      adminAddress: "localhost:15005"
      startupRole: FOLLOWER
    }
    oldPeers {
      id: "s2"
      address: "localhost:15008"
      dataStreamAddress: "localhost:15011"
      clientAddress: "localhost:15010"
      adminAddress: "localhost:15009"
      startupRole: FOLLOWER
    }
  }
}
leaderCommit: 2
commitInfos {
  server {
    id: "s2"
    address: "localhost:15008"
    dataStreamAddress: "localhost:15011"
    clientAddress: "localhost:15010"
    adminAddress: "localhost:15009"
    startupRole: FOLLOWER
  }
  commitIndex: 2
}
commitInfos {
  server {
    id: "s0"
    address: "localhost:15000"
    dataStreamAddress: "localhost:15003"
    clientAddress: "localhost:15002"
    adminAddress: "localhost:15001"
    startupRole: FOLLOWER
  }
  commitIndex: 1
}
commitInfos {
  server {
    id: "s1"
    address: "localhost:15004"
    dataStreamAddress: "localhost:15007"
    clientAddress: "localhost:15006"
    adminAddress: "localhost:15005"
    startupRole: FOLLOWER
  }
  commitIndex: 1
}
commitInfos {
  server {
    id: "s3"
    address: "0.0.0.0:15012"
    clientAddress: "0.0.0.0:15014"
    adminAddress: "0.0.0.0:15013"
    startupRole: FOLLOWER
  }
  commitIndex: 2
}
commitInfos {
  server {
    id: "s4"
    address: "0.0.0.0:15016"
    clientAddress: "0.0.0.0:15018"
    adminAddress: "0.0.0.0:15017"
    startupRole: FOLLOWER
  }
  commitIndex: 2
}
)
2025-02-27 19:03:28,042 [main] WARN  util.LeakDetector (LeakDetector.java:assertNoLeaks(175)) - 29/30) numLeaks == 1 > 0, will wait and retry ...
2025-02-27 19:03:29,042 [main] WARN  util.ReferenceCountedLeakDetector (ReferenceCountedLeakDetector.java:logLeakMessage(167)) - LEAK: (class org.apache.ratis.proto.RaftProtos$AppendEntriesRequestProto, count=1, value=serverRequest {
  requestorId: "s2"
  replyId: "s0"
  raftGroupId {
    id: "\277\000\024\311\030\351K\220\241\233\366\302\001V\021\270"
  }
  callId: 13
}
leaderTerm: 1
previousLog {
  term: 1
  index: 2
}
entries {
  term: 1
  index: 3
  configurationEntry {
    peers {
      id: "s3"
      address: "0.0.0.0:15012"
      clientAddress: "0.0.0.0:15014"
      adminAddress: "0.0.0.0:15013"
      startupRole: FOLLOWER
    }
    peers {
      id: "s4"
      address: "0.0.0.0:15016"
      clientAddress: "0.0.0.0:15018"
      adminAddress: "0.0.0.0:15017"
      startupRole: FOLLOWER
    }
    peers {
      id: "s0"
      address: "localhost:15000"
      dataStreamAddress: "localhost:15003"
      clientAddress: "localhost:15002"
      adminAddress: "localhost:15001"
      startupRole: FOLLOWER
    }
    peers {
      id: "s1"
      address: "localhost:15004"
      dataStreamAddress: "localhost:15007"
      clientAddress: "localhost:15006"
      adminAddress: "localhost:15005"
      startupRole: FOLLOWER
    }
    peers {
      id: "s2"
      address: "localhost:15008"
      dataStreamAddress: "localhost:15011"
      clientAddress: "localhost:15010"
      adminAddress: "localhost:15009"
      startupRole: FOLLOWER
    }
    oldPeers {
      id: "s0"
      address: "localhost:15000"
      dataStreamAddress: "localhost:15003"
      clientAddress: "localhost:15002"
      adminAddress: "localhost:15001"
      startupRole: FOLLOWER
    }
    oldPeers {
      id: "s1"
      address: "localhost:15004"
      dataStreamAddress: "localhost:15007"
      clientAddress: "localhost:15006"
      adminAddress: "localhost:15005"
      startupRole: FOLLOWER
    }
    oldPeers {
      id: "s2"
      address: "localhost:15008"
      dataStreamAddress: "localhost:15011"
      clientAddress: "localhost:15010"
      adminAddress: "localhost:15009"
      startupRole: FOLLOWER
    }
  }
}
leaderCommit: 2
commitInfos {
  server {
    id: "s2"
    address: "localhost:15008"
    dataStreamAddress: "localhost:15011"
    clientAddress: "localhost:15010"
    adminAddress: "localhost:15009"
    startupRole: FOLLOWER
  }
  commitIndex: 2
}
commitInfos {
  server {
    id: "s0"
    address: "localhost:15000"
    dataStreamAddress: "localhost:15003"
    clientAddress: "localhost:15002"
    adminAddress: "localhost:15001"
    startupRole: FOLLOWER
  }
  commitIndex: 1
}
commitInfos {
  server {
    id: "s1"
    address: "localhost:15004"
    dataStreamAddress: "localhost:15007"
    clientAddress: "localhost:15006"
    adminAddress: "localhost:15005"
    startupRole: FOLLOWER
  }
  commitIndex: 1
}
commitInfos {
  server {
    id: "s3"
    address: "0.0.0.0:15012"
    clientAddress: "0.0.0.0:15014"
    adminAddress: "0.0.0.0:15013"
    startupRole: FOLLOWER
  }
  commitIndex: 2
}
commitInfos {
  server {
    id: "s4"
    address: "0.0.0.0:15016"
    clientAddress: "0.0.0.0:15018"
    adminAddress: "0.0.0.0:15017"
    startupRole: FOLLOWER
  }
  commitIndex: 2
}
)
]]></system-out>
    < type="org.opentest4j.TestAbortedException">
      <stackTrace><![CDATA[org.opentest4j.TestAbortedException: Assumption failed: numLeaks 1 > 0
	at org.apache.ratis.BaseTest.checkAssumptions(BaseTest.java:94)
	at org.apache.ratis.BaseTest.setup(BaseTest.java:83)
	at java.lang.reflect.Method.invoke(Method.java:498)
	at java.util.ArrayList.forEach(ArrayList.java:1259)
	at java.util.ArrayList.forEach(ArrayList.java:1259)
]]></stackTrace>
      <system-out><![CDATA[2025-02-27 19:03:29,104 [main] INFO  util.LogUtils (Slf4jUtils.java:setLogLevel(38)) - Successfully set org.apache.ratis.conf.ConfUtils log level to WARN
2025-02-27 19:03:29,104 [main] INFO  util.LogUtils (Slf4jUtils.java:setLogLevel(38)) - Successfully set org.apache.ratis.util.FileUtils log level to TRACE
2025-02-27 19:03:29,104 [main] INFO  util.LogUtils (Slf4jUtils.java:setLogLevel(38)) - Successfully set org.apache.ratis.server.RaftServer$Division log level to DEBUG
2025-02-27 19:03:29,106 [main] INFO  util.LogUtils (Slf4jUtils.java:setLogLevel(38)) - Successfully set org.apache.ratis.client.RaftClient log level to DEBUG
2025-02-27 19:03:29,108 [main] WARN  util.ReferenceCountedLeakDetector (ReferenceCountedLeakDetector.java:logLeakMessage(167)) - LEAK: (class org.apache.ratis.proto.RaftProtos$AppendEntriesRequestProto, count=1, value=serverRequest {
  requestorId: "s2"
  replyId: "s0"
  raftGroupId {
    id: "\277\000\024\311\030\351K\220\241\233\366\302\001V\021\270"
  }
  callId: 13
}
leaderTerm: 1
previousLog {
  term: 1
  index: 2
}
entries {
  term: 1
  index: 3
  configurationEntry {
    peers {
      id: "s3"
      address: "0.0.0.0:15012"
      clientAddress: "0.0.0.0:15014"
      adminAddress: "0.0.0.0:15013"
      startupRole: FOLLOWER
    }
    peers {
      id: "s4"
      address: "0.0.0.0:15016"
      clientAddress: "0.0.0.0:15018"
      adminAddress: "0.0.0.0:15017"
      startupRole: FOLLOWER
    }
    peers {
      id: "s0"
      address: "localhost:15000"
      dataStreamAddress: "localhost:15003"
      clientAddress: "localhost:15002"
      adminAddress: "localhost:15001"
      startupRole: FOLLOWER
    }
    peers {
      id: "s1"
      address: "localhost:15004"
      dataStreamAddress: "localhost:15007"
      clientAddress: "localhost:15006"
      adminAddress: "localhost:15005"
      startupRole: FOLLOWER
    }
    peers {
      id: "s2"
      address: "localhost:15008"
      dataStreamAddress: "localhost:15011"
      clientAddress: "localhost:15010"
      adminAddress: "localhost:15009"
      startupRole: FOLLOWER
    }
    oldPeers {
      id: "s0"
      address: "localhost:15000"
      dataStreamAddress: "localhost:15003"
      clientAddress: "localhost:15002"
      adminAddress: "localhost:15001"
      startupRole: FOLLOWER
    }
    oldPeers {
      id: "s1"
      address: "localhost:15004"
      dataStreamAddress: "localhost:15007"
      clientAddress: "localhost:15006"
      adminAddress: "localhost:15005"
      startupRole: FOLLOWER
    }
    oldPeers {
      id: "s2"
      address: "localhost:15008"
      dataStreamAddress: "localhost:15011"
      clientAddress: "localhost:15010"
      adminAddress: "localhost:15009"
      startupRole: FOLLOWER
    }
  }
}
leaderCommit: 2
commitInfos {
  server {
    id: "s2"
    address: "localhost:15008"
    dataStreamAddress: "localhost:15011"
    clientAddress: "localhost:15010"
    adminAddress: "localhost:15009"
    startupRole: FOLLOWER
  }
  commitIndex: 2
}
commitInfos {
  server {
    id: "s0"
    address: "localhost:15000"
    dataStreamAddress: "localhost:15003"
    clientAddress: "localhost:15002"
    adminAddress: "localhost:15001"
    startupRole: FOLLOWER
  }
  commitIndex: 1
}
commitInfos {
  server {
    id: "s1"
    address: "localhost:15004"
    dataStreamAddress: "localhost:15007"
    clientAddress: "localhost:15006"
    adminAddress: "localhost:15005"
    startupRole: FOLLOWER
  }
  commitIndex: 1
}
commitInfos {
  server {
    id: "s3"
    address: "0.0.0.0:15012"
    clientAddress: "0.0.0.0:15014"
    adminAddress: "0.0.0.0:15013"
    startupRole: FOLLOWER
  }
  commitIndex: 2
}
commitInfos {
  server {
    id: "s4"
    address: "0.0.0.0:15016"
    clientAddress: "0.0.0.0:15018"
    adminAddress: "0.0.0.0:15017"
    startupRole: FOLLOWER
  }
  commitIndex: 2
}
)
]]></system-out>
    </>
  </testcase>
</testsuite>