<?xml version="1.0" encoding="UTF-8"?>
<testsuite xmlns:xsi="http://www.w3.org/2001/XMLSchema-instance" xsi:noNamespaceSchemaLocation="https://maven.apache.org/surefire/maven-surefire-plugin/xsd/surefire-test-report.xsd" name="org.apache.ratis.grpc.TestRaftServerWithGrpc" time="48.167" tests="12" errors="1" skipped="0" failures="0">
  <properties>
    <property name="awt.toolkit" value="sun.awt.X11.XToolkit"/>
    <property name="java.specification.version" value="11"/>
    <property name="sun.cpu.isalist" value=""/>
    <property name="sun.jnu.encoding" value="UTF-8"/>
    <property name="java.class.path" value="/home/runner/work/ratis/ratis/ratis-test/target/test-classes:/home/runner/work/ratis/ratis/ratis-test/target/classes:/home/runner/work/ratis/ratis/ratis-common/target/classes:/home/runner/.m2/repository/org/apache/ratis/ratis-thirdparty-misc/1.0.3/ratis-thirdparty-misc-1.0.3.jar:/home/runner/work/ratis/ratis/ratis-proto/target/ratis-proto-3.0.0-SNAPSHOT.jar:/home/runner/work/ratis/ratis/ratis-common/target/test-classes:/home/runner/work/ratis/ratis/ratis-client/target/classes:/home/runner/work/ratis/ratis/ratis-server/target/classes:/home/runner/work/ratis/ratis/ratis-server-api/target/classes:/home/runner/work/ratis/ratis/ratis-metrics-api/target/classes:/home/runner/work/ratis/ratis/ratis-server/target/test-classes:/home/runner/work/ratis/ratis/ratis-metrics-default/target/classes:/home/runner/work/ratis/ratis/ratis-netty/target/classes:/home/runner/work/ratis/ratis/ratis-netty/target/test-classes:/home/runner/work/ratis/ratis/ratis-grpc/target/classes:/home/runner/work/ratis/ratis/ratis-grpc/target/test-classes:/home/runner/work/ratis/ratis/ratis-shell/target/classes:/home/runner/.m2/repository/commons-cli/commons-cli/1.5.0/commons-cli-1.5.0.jar:/home/runner/.m2/repository/org/reflections/reflections/0.10.2/reflections-0.10.2.jar:/home/runner/.m2/repository/org/javassist/javassist/3.28.0-GA/javassist-3.28.0-GA.jar:/home/runner/.m2/repository/com/google/code/findbugs/jsr305/3.0.2/jsr305-3.0.2.jar:/home/runner/.m2/repository/org/bouncycastle/bcprov-jdk15on/1.70/bcprov-jdk15on-1.70.jar:/home/runner/.m2/repository/org/bouncycastle/bcpkix-jdk15on/1.70/bcpkix-jdk15on-1.70.jar:/home/runner/.m2/repository/org/bouncycastle/bcutil-jdk15on/1.70/bcutil-jdk15on-1.70.jar:/home/runner/.m2/repository/org/slf4j/slf4j-api/1.7.36/slf4j-api-1.7.36.jar:/home/runner/.m2/repository/org/slf4j/slf4j-reload4j/1.7.36/slf4j-reload4j-1.7.36.jar:/home/runner/.m2/repository/ch/qos/reload4j/reload4j/1.2.19/reload4j-1.2.19.jar:/home/runner/.m2/repository/junit/junit/4.13.2/junit-4.13.2.jar:/home/runner/.m2/repository/org/hamcrest/hamcrest-core/1.3/hamcrest-core-1.3.jar:/home/runner/.m2/repository/org/mockito/mockito-core/4.3.1/mockito-core-4.3.1.jar:/home/runner/.m2/repository/net/bytebuddy/byte-buddy/1.12.7/byte-buddy-1.12.7.jar:/home/runner/.m2/repository/net/bytebuddy/byte-buddy-agent/1.12.7/byte-buddy-agent-1.12.7.jar:/home/runner/.m2/repository/org/objenesis/objenesis/3.2/objenesis-3.2.jar:"/>
    <property name="java.vm.vendor" value="Eclipse Adoptium"/>
    <property name="sun.arch.data.model" value="64"/>
    <property name="java.vendor.url" value="https://adoptium.net/"/>
    <property name="user.timezone" value=""/>
    <property name="java.vm.specification.version" value="11"/>
    <property name="os.name" value="Linux"/>
    <property name="sun.java.launcher" value="SUN_STANDARD"/>
    <property name="sun.boot.library.path" value="/usr/lib/jvm/temurin-11-jdk-amd64/lib"/>
    <property name="sun.java.command" value="/home/runner/work/ratis/ratis/ratis-test/target/surefire/surefirebooter17845144165339647881.jar /home/runner/work/ratis/ratis/ratis-test/target/surefire 2023-03-05T19-50-10_813-jvmRun1 surefire5572061100059736935tmp surefire_2210075466615484879925tmp"/>
    <property name="jdk.debug" value="release"/>
    <property name="surefire.test.class.path" value="/home/runner/work/ratis/ratis/ratis-test/target/test-classes:/home/runner/work/ratis/ratis/ratis-test/target/classes:/home/runner/work/ratis/ratis/ratis-common/target/classes:/home/runner/.m2/repository/org/apache/ratis/ratis-thirdparty-misc/1.0.3/ratis-thirdparty-misc-1.0.3.jar:/home/runner/work/ratis/ratis/ratis-proto/target/ratis-proto-3.0.0-SNAPSHOT.jar:/home/runner/work/ratis/ratis/ratis-common/target/test-classes:/home/runner/work/ratis/ratis/ratis-client/target/classes:/home/runner/work/ratis/ratis/ratis-server/target/classes:/home/runner/work/ratis/ratis/ratis-server-api/target/classes:/home/runner/work/ratis/ratis/ratis-metrics-api/target/classes:/home/runner/work/ratis/ratis/ratis-server/target/test-classes:/home/runner/work/ratis/ratis/ratis-metrics-default/target/classes:/home/runner/work/ratis/ratis/ratis-netty/target/classes:/home/runner/work/ratis/ratis/ratis-netty/target/test-classes:/home/runner/work/ratis/ratis/ratis-grpc/target/classes:/home/runner/work/ratis/ratis/ratis-grpc/target/test-classes:/home/runner/work/ratis/ratis/ratis-shell/target/classes:/home/runner/.m2/repository/commons-cli/commons-cli/1.5.0/commons-cli-1.5.0.jar:/home/runner/.m2/repository/org/reflections/reflections/0.10.2/reflections-0.10.2.jar:/home/runner/.m2/repository/org/javassist/javassist/3.28.0-GA/javassist-3.28.0-GA.jar:/home/runner/.m2/repository/com/google/code/findbugs/jsr305/3.0.2/jsr305-3.0.2.jar:/home/runner/.m2/repository/org/bouncycastle/bcprov-jdk15on/1.70/bcprov-jdk15on-1.70.jar:/home/runner/.m2/repository/org/bouncycastle/bcpkix-jdk15on/1.70/bcpkix-jdk15on-1.70.jar:/home/runner/.m2/repository/org/bouncycastle/bcutil-jdk15on/1.70/bcutil-jdk15on-1.70.jar:/home/runner/.m2/repository/org/slf4j/slf4j-api/1.7.36/slf4j-api-1.7.36.jar:/home/runner/.m2/repository/org/slf4j/slf4j-reload4j/1.7.36/slf4j-reload4j-1.7.36.jar:/home/runner/.m2/repository/ch/qos/reload4j/reload4j/1.2.19/reload4j-1.2.19.jar:/home/runner/.m2/repository/junit/junit/4.13.2/junit-4.13.2.jar:/home/runner/.m2/repository/org/hamcrest/hamcrest-core/1.3/hamcrest-core-1.3.jar:/home/runner/.m2/repository/org/mockito/mockito-core/4.3.1/mockito-core-4.3.1.jar:/home/runner/.m2/repository/net/bytebuddy/byte-buddy/1.12.7/byte-buddy-1.12.7.jar:/home/runner/.m2/repository/net/bytebuddy/byte-buddy-agent/1.12.7/byte-buddy-agent-1.12.7.jar:/home/runner/.m2/repository/org/objenesis/objenesis/3.2/objenesis-3.2.jar:"/>
    <property name="sun.cpu.endian" value="little"/>
    <property name="user.home" value="/home/runner"/>
    <property name="user.language" value="en"/>
    <property name="java.specification.vendor" value="Oracle Corporation"/>
    <property name="java.version.date" value="2023-01-17"/>
    <property name="java.home" value="/usr/lib/jvm/temurin-11-jdk-amd64"/>
    <property name="file.separator" value="/"/>
    <property name="basedir" value="/home/runner/work/ratis/ratis/ratis-test"/>
    <property name="java.vm.compressedOopsMode" value="32-bit"/>
    <property name="line.separator" value="&#10;"/>
    <property name="java.specification.name" value="Java Platform API Specification"/>
    <property name="java.vm.specification.vendor" value="Oracle Corporation"/>
    <property name="java.awt.graphicsenv" value="sun.awt.X11GraphicsEnvironment"/>
    <property name="surefire.real.class.path" value="/home/runner/work/ratis/ratis/ratis-test/target/surefire/surefirebooter17845144165339647881.jar"/>
    <property name="sun.management.compiler" value="HotSpot 64-Bit Tiered Compilers"/>
    <property name="java.runtime.version" value="11.0.18+10"/>
    <property name="user.name" value="runner"/>
    <property name="java.net.preferIPv4Stack" value="true"/>
    <property name="path.separator" value=":"/>
    <property name="os.version" value="5.15.0-1033-azure"/>
    <property name="java.runtime.name" value="OpenJDK Runtime Environment"/>
    <property name="file.encoding" value="UTF-8"/>
    <property name="java.vm.name" value="OpenJDK 64-Bit Server VM"/>
    <property name="java.vendor.version" value="Temurin-11.0.18+10"/>
    <property name="localRepository" value="/home/runner/.m2/repository"/>
    <property name="java.vendor.url.bug" value="https://github.com/adoptium/adoptium-support/issues"/>
    <property name="java.io.tmpdir" value="/tmp"/>
    <property name="java.version" value="11.0.18"/>
    <property name="user.dir" value="/home/runner/work/ratis/ratis/ratis-test"/>
    <property name="os.arch" value="amd64"/>
    <property name="ratis.tmp.dir" value="/home/runner/work/ratis/ratis/ratis-test/target/tmp"/>
    <property name="java.vm.specification.name" value="Java Virtual Machine Specification"/>
    <property name="java.awt.printerjob" value="sun.print.PSPrinterJob"/>
    <property name="ratis.log.dir" value="/home/runner/work/ratis/ratis/ratis-test/target/log"/>
    <property name="sun.os.patch.level" value="unknown"/>
    <property name="java.library.path" value="/usr/java/packages/lib:/usr/lib64:/lib64:/lib:/usr/lib"/>
    <property name="java.vm.info" value="mixed mode"/>
    <property name="java.vendor" value="Eclipse Adoptium"/>
    <property name="java.vm.version" value="11.0.18+10"/>
    <property name="sun.io.unicode.encoding" value="UnicodeLittle"/>
    <property name="java.class.version" value="55.0"/>
  </properties>
  <testcase name="testRaftClientMetrics[0]" classname="org.apache.ratis.grpc.TestRaftServerWithGrpc" time="7.922"/>
  <testcase name="testTlsWithKeyAndTrustManager[0]" classname="org.apache.ratis.grpc.TestRaftServerWithGrpc" time="3.342"/>
  <testcase name="testRaftServerMetrics[0]" classname="org.apache.ratis.grpc.TestRaftServerWithGrpc" time="1.897"/>
  <testcase name="testUnsupportedMethods[0]" classname="org.apache.ratis.grpc.TestRaftServerWithGrpc" time="1.323"/>
  <testcase name="testServerRestartOnException[0]" classname="org.apache.ratis.grpc.TestRaftServerWithGrpc" time="5.331"/>
  <testcase name="testLeaderRestart[0]" classname="org.apache.ratis.grpc.TestRaftServerWithGrpc" time="6.31"/>
  <testcase name="testRaftClientMetrics[1]" classname="org.apache.ratis.grpc.TestRaftServerWithGrpc" time="5.596"/>
  <testcase name="testTlsWithKeyAndTrustManager[1]" classname="org.apache.ratis.grpc.TestRaftServerWithGrpc" time="1.674">
    <error type="java.lang.NullPointerException">java.lang.NullPointerException
	at org.apache.ratis.grpc.TestRaftServerWithGrpc.getRaftServerMetrics(TestRaftServerWithGrpc.java:303)
	at org.apache.ratis.grpc.TestRaftServerWithGrpc.lambda$testRequestMetrics$3(TestRaftServerWithGrpc.java:262)
	at org.apache.ratis.RaftTestUtil.waitFor(RaftTestUtil.java:150)
	at org.apache.ratis.grpc.TestRaftServerWithGrpc.testRequestMetrics(TestRaftServerWithGrpc.java:262)
	at org.apache.ratis.grpc.TestRaftServerWithGrpc.testTlsWithKeyAndTrustManager(TestRaftServerWithGrpc.java:373)
	at java.base/jdk.internal.reflect.NativeMethodAccessorImpl.invoke0(Native Method)
	at java.base/jdk.internal.reflect.NativeMethodAccessorImpl.invoke(NativeMethodAccessorImpl.java:62)
	at java.base/jdk.internal.reflect.DelegatingMethodAccessorImpl.invoke(DelegatingMethodAccessorImpl.java:43)
	at java.base/java.lang.reflect.Method.invoke(Method.java:566)
	at org.junit.runners.model.FrameworkMethod$1.runReflectiveCall(FrameworkMethod.java:59)
	at org.junit.internal.runners.model.ReflectiveCallable.run(ReflectiveCallable.java:12)
	at org.junit.runners.model.FrameworkMethod.invokeExplosively(FrameworkMethod.java:56)
	at org.junit.internal.runners.statements.InvokeMethod.evaluate(InvokeMethod.java:17)
	at org.junit.internal.runners.statements.RunBefores.evaluate(RunBefores.java:26)
	at org.junit.internal.runners.statements.RunAfters.evaluate(RunAfters.java:27)
	at org.junit.internal.runners.statements.FailOnTimeout$CallableStatement.call(FailOnTimeout.java:299)
	at org.junit.internal.runners.statements.FailOnTimeout$CallableStatement.call(FailOnTimeout.java:293)
	at java.base/java.util.concurrent.FutureTask.run(FutureTask.java:264)
	at java.base/java.lang.Thread.run(Thread.java:829)
</error>
    <system-out><![CDATA[2023-03-05 20:00:54,166 [main] INFO  util.LogUtils (Slf4jUtils.java:setLogLevel(38)) - Successfully set org.apache.ratis.conf.ConfUtils log level to WARN
2023-03-05 20:00:54,166 [main] INFO  util.LogUtils (Slf4jUtils.java:setLogLevel(38)) - Successfully set org.apache.ratis.util.FileUtils log level to TRACE
2023-03-05 20:00:54,166 [main] INFO  util.LogUtils (Slf4jUtils.java:setLogLevel(38)) - Successfully set org.apache.ratis.grpc.client.GrpcClientProtocolClient log level to TRACE
2023-03-05 20:00:54,166 [Time-limited test] INFO  security.SecurityTestUtils (SecurityTestUtils.java:getResource(61)) - Getting resource ssl/server.pem: /home/runner/work/ratis/ratis/ratis-test/target/test-classes/ssl/server.pem
2023-03-05 20:00:54,167 [Time-limited test] INFO  security.SecurityTestUtils (SecurityTestUtils.java:getResource(61)) - Getting resource ssl/server.crt: /home/runner/work/ratis/ratis/ratis-test/target/test-classes/ssl/server.crt
2023-03-05 20:00:54,223 [Time-limited test] INFO  security.SecurityTestUtils (SecurityTestUtils.java:getResource(61)) - Getting resource ssl/ca.crt: /home/runner/work/ratis/ratis/ratis-test/target/test-classes/ssl/ca.crt
2023-03-05 20:00:54,226 [Time-limited test] INFO  security.SecurityTestUtils (SecurityTestUtils.java:getResource(61)) - Getting resource ssl/client.pem: /home/runner/work/ratis/ratis/ratis-test/target/test-classes/ssl/client.pem
2023-03-05 20:00:54,227 [Time-limited test] INFO  security.SecurityTestUtils (SecurityTestUtils.java:getResource(61)) - Getting resource ssl/client.crt: /home/runner/work/ratis/ratis/ratis-test/target/test-classes/ssl/client.crt
2023-03-05 20:00:54,263 [Time-limited test] INFO  security.SecurityTestUtils (SecurityTestUtils.java:getResource(61)) - Getting resource ssl/ca.crt: /home/runner/work/ratis/ratis/ratis-test/target/test-classes/ssl/ca.crt
2023-03-05 20:00:54,267 [Time-limited test] INFO  impl.MiniRaftCluster (MiniRaftCluster.java:<init>(306)) - new MiniRaftClusterWithGrpc with group-35EF2EC6ADD7:[s3|rpc:localhost:42973|admin:localhost:37029|client:localhost:36937|dataStream:localhost:36905|priority:0|startupRole:FOLLOWER, s4|rpc:localhost:46797|admin:localhost:46241|client:localhost:40995|dataStream:localhost:44269|priority:0|startupRole:FOLLOWER, s5|rpc:localhost:40115|admin:localhost:38531|client:localhost:34869|dataStream:localhost:36531|priority:0|startupRole:FOLLOWER]
2023-03-05 20:00:54,267 [Time-limited test] INFO  impl.MiniRaftCluster (MiniRaftCluster.java:start(339)) - .............................................................. 
2023-03-05 20:00:54,267 [Time-limited test] INFO  impl.MiniRaftCluster (MiniRaftCluster.java:start(340)) - ... 
2023-03-05 20:00:54,267 [Time-limited test] INFO  impl.MiniRaftCluster (MiniRaftCluster.java:start(341)) - ...     Starting MiniRaftClusterWithGrpc
2023-03-05 20:00:54,267 [Time-limited test] INFO  impl.MiniRaftCluster (MiniRaftCluster.java:start(342)) - ... 
2023-03-05 20:00:54,267 [Time-limited test] INFO  impl.MiniRaftCluster (MiniRaftCluster.java:start(343)) - .............................................................. 
2023-03-05 20:00:54,268 [Time-limited test] INFO  impl.MiniRaftCluster (MiniRaftCluster.java:initServers(318)) - servers = {}
2023-03-05 20:00:54,268 [Time-limited test] INFO  impl.MiniRaftCluster (MiniRaftCluster.java:newRaftServer(382)) - newRaftServer: s3, group-35EF2EC6ADD7:[s3|rpc:localhost:42973|admin:localhost:37029|client:localhost:36937|dataStream:localhost:36905|priority:0|startupRole:FOLLOWER, s4|rpc:localhost:46797|admin:localhost:46241|client:localhost:40995|dataStream:localhost:44269|priority:0|startupRole:FOLLOWER, s5|rpc:localhost:40115|admin:localhost:38531|client:localhost:34869|dataStream:localhost:36531|priority:0|startupRole:FOLLOWER], format? true
2023-03-05 20:00:54,268 [Time-limited test] TRACE util.FileUtils (FileUtils.java:deleteFully(201)) - deleteFully target/test/data/eb38e2a1/MiniRaftClusterWithGrpc4b1a6f13/s3
2023-03-05 20:00:54,268 [Time-limited test] TRACE util.FileUtils (FileUtils.java:deleteFully(217)) - deleteFully: target/test/data/eb38e2a1/MiniRaftClusterWithGrpc4b1a6f13/s3 does not exist.
2023-03-05 20:00:54,268 [Time-limited test] INFO  impl.MiniRaftCluster (MiniRaftCluster.java:newRaftServer(387)) - Formatted directory target/test/data/eb38e2a1/MiniRaftClusterWithGrpc4b1a6f13/s3
2023-03-05 20:00:54,269 [Time-limited test] INFO  server.RaftServer (ConfUtils.java:logGet(46)) - raft.rpc.type = GRPC (default)
2023-03-05 20:00:54,269 [Time-limited test] INFO  grpc.GrpcConfigKeys (ConfUtils.java:logFallback(53)) - raft.grpc.admin.host = null (fallback to raft.grpc.server.host)
2023-03-05 20:00:54,269 [Time-limited test] INFO  grpc.GrpcConfigKeys (ConfUtils.java:logGet(46)) - raft.grpc.admin.port = 37029 (custom)
2023-03-05 20:00:54,269 [Time-limited test] INFO  grpc.GrpcConfigKeys (ConfUtils.java:logFallback(53)) - raft.grpc.client.host = null (fallback to raft.grpc.server.host)
2023-03-05 20:00:54,269 [Time-limited test] INFO  grpc.GrpcConfigKeys (ConfUtils.java:logGet(46)) - raft.grpc.client.port = 36937 (custom)
2023-03-05 20:00:54,269 [Time-limited test] INFO  grpc.GrpcConfigKeys (ConfUtils.java:logGet(46)) - raft.grpc.server.host = null (default)
2023-03-05 20:00:54,269 [Time-limited test] INFO  grpc.GrpcConfigKeys (ConfUtils.java:logGet(46)) - raft.grpc.server.port = 42973 (custom)
2023-03-05 20:00:54,270 [Time-limited test] INFO  server.GrpcService (ConfUtils.java:logGet(46)) - raft.grpc.message.size.max = 64MB (=67108864) (default)
2023-03-05 20:00:54,270 [Time-limited test] INFO  server.RaftServerConfigKeys (ConfUtils.java:logGet(46)) - raft.server.log.appender.buffer.byte-limit = 4MB (=4194304) (default)
2023-03-05 20:00:54,270 [Time-limited test] INFO  server.GrpcService (ConfUtils.java:logGet(46)) - raft.grpc.flow.control.window = 1MB (=1048576) (default)
2023-03-05 20:00:54,270 [Time-limited test] INFO  server.RaftServerConfigKeys (ConfUtils.java:logGet(46)) - raft.server.rpc.request.timeout = 3000ms (default)
2023-03-05 20:00:54,270 [Time-limited test] INFO  grpc.GrpcConfigKeys (ConfUtils.java:logGet(46)) - raft.grpc.server.heartbeat.channel = true (default)
2023-03-05 20:00:54,270 [Time-limited test] INFO  grpc.GrpcConfigKeys (ConfUtils.java:logGet(46)) - raft.grpc.server.async.request.thread.pool.cached = true (default)
2023-03-05 20:00:54,270 [Time-limited test] INFO  grpc.GrpcConfigKeys (ConfUtils.java:logGet(46)) - raft.grpc.server.async.request.thread.pool.size = 32 (default)
2023-03-05 20:00:54,273 [Time-limited test] INFO  impl.DataStreamServerImpl (ConfUtils.java:logGet(46)) - raft.datastream.type = DISABLED (default)
2023-03-05 20:00:54,273 [Time-limited test] INFO  server.RaftServerConfigKeys (ConfUtils.java:logGet(46)) - raft.server.threadpool.proxy.cached = true (default)
2023-03-05 20:00:54,273 [Time-limited test] INFO  server.RaftServerConfigKeys (ConfUtils.java:logGet(46)) - raft.server.threadpool.proxy.size = 0 (default)
2023-03-05 20:00:54,273 [Time-limited test] INFO  server.RaftServerConfigKeys (ConfUtils.java:logGet(46)) - raft.server.rpc.slowness.timeout = 60s (default)
2023-03-05 20:00:54,273 [Time-limited test] INFO  server.RaftServerConfigKeys (ConfUtils.java:logGet(46)) - raft.server.leaderelection.leader.step-down.wait-time = 10s (default)
2023-03-05 20:00:54,277 [Time-limited test] INFO  server.RaftServerConfigKeys (ConfUtils.java:logGet(46)) - raft.server.storage.dir = [/home/runner/work/ratis/ratis/ratis-test/target/test/data/eb38e2a1/MiniRaftClusterWithGrpc4b1a6f13/s3] (custom)
2023-03-05 20:00:54,283 [Time-limited test] INFO  server.RaftServer (RaftServerProxy.java:addNew(99)) - s3: addNew group-35EF2EC6ADD7:[s3|rpc:localhost:42973|admin:localhost:37029|client:localhost:36937|dataStream:localhost:36905|priority:0|startupRole:FOLLOWER, s4|rpc:localhost:46797|admin:localhost:46241|client:localhost:40995|dataStream:localhost:44269|priority:0|startupRole:FOLLOWER, s5|rpc:localhost:40115|admin:localhost:38531|client:localhost:34869|dataStream:localhost:36531|priority:0|startupRole:FOLLOWER] returns group-35EF2EC6ADD7:java.util.concurrent.CompletableFuture@48d72b28[Not completed]
2023-03-05 20:00:54,283 [Time-limited test] INFO  impl.MiniRaftCluster (MiniRaftCluster.java:newRaftServer(382)) - newRaftServer: s4, group-35EF2EC6ADD7:[s3|rpc:localhost:42973|admin:localhost:37029|client:localhost:36937|dataStream:localhost:36905|priority:0|startupRole:FOLLOWER, s4|rpc:localhost:46797|admin:localhost:46241|client:localhost:40995|dataStream:localhost:44269|priority:0|startupRole:FOLLOWER, s5|rpc:localhost:40115|admin:localhost:38531|client:localhost:34869|dataStream:localhost:36531|priority:0|startupRole:FOLLOWER], format? true
2023-03-05 20:00:54,283 [Time-limited test] TRACE util.FileUtils (FileUtils.java:deleteFully(201)) - deleteFully target/test/data/eb38e2a1/MiniRaftClusterWithGrpc4b1a6f13/s4
2023-03-05 20:00:54,283 [Time-limited test] TRACE util.FileUtils (FileUtils.java:deleteFully(217)) - deleteFully: target/test/data/eb38e2a1/MiniRaftClusterWithGrpc4b1a6f13/s4 does not exist.
2023-03-05 20:00:54,283 [Time-limited test] INFO  impl.MiniRaftCluster (MiniRaftCluster.java:newRaftServer(387)) - Formatted directory target/test/data/eb38e2a1/MiniRaftClusterWithGrpc4b1a6f13/s4
2023-03-05 20:00:54,283 [Time-limited test] INFO  server.RaftServer (ConfUtils.java:logGet(46)) - raft.rpc.type = GRPC (default)
2023-03-05 20:00:54,284 [Time-limited test] INFO  grpc.GrpcConfigKeys (ConfUtils.java:logFallback(53)) - raft.grpc.admin.host = null (fallback to raft.grpc.server.host)
2023-03-05 20:00:54,284 [Time-limited test] INFO  grpc.GrpcConfigKeys (ConfUtils.java:logGet(46)) - raft.grpc.admin.port = 46241 (custom)
2023-03-05 20:00:54,284 [Time-limited test] INFO  grpc.GrpcConfigKeys (ConfUtils.java:logFallback(53)) - raft.grpc.client.host = null (fallback to raft.grpc.server.host)
2023-03-05 20:00:54,284 [Time-limited test] INFO  grpc.GrpcConfigKeys (ConfUtils.java:logGet(46)) - raft.grpc.client.port = 40995 (custom)
2023-03-05 20:00:54,284 [Time-limited test] INFO  grpc.GrpcConfigKeys (ConfUtils.java:logGet(46)) - raft.grpc.server.host = null (default)
2023-03-05 20:00:54,284 [Time-limited test] INFO  grpc.GrpcConfigKeys (ConfUtils.java:logGet(46)) - raft.grpc.server.port = 46797 (custom)
2023-03-05 20:00:54,284 [Time-limited test] INFO  server.GrpcService (ConfUtils.java:logGet(46)) - raft.grpc.message.size.max = 64MB (=67108864) (default)
2023-03-05 20:00:54,284 [Time-limited test] INFO  server.RaftServerConfigKeys (ConfUtils.java:logGet(46)) - raft.server.log.appender.buffer.byte-limit = 4MB (=4194304) (default)
2023-03-05 20:00:54,284 [Time-limited test] INFO  server.GrpcService (ConfUtils.java:logGet(46)) - raft.grpc.flow.control.window = 1MB (=1048576) (default)
2023-03-05 20:00:54,284 [Time-limited test] INFO  server.RaftServerConfigKeys (ConfUtils.java:logGet(46)) - raft.server.rpc.request.timeout = 3000ms (default)
2023-03-05 20:00:54,284 [Time-limited test] INFO  grpc.GrpcConfigKeys (ConfUtils.java:logGet(46)) - raft.grpc.server.heartbeat.channel = true (default)
2023-03-05 20:00:54,284 [Time-limited test] INFO  grpc.GrpcConfigKeys (ConfUtils.java:logGet(46)) - raft.grpc.server.async.request.thread.pool.cached = true (default)
2023-03-05 20:00:54,284 [Time-limited test] INFO  grpc.GrpcConfigKeys (ConfUtils.java:logGet(46)) - raft.grpc.server.async.request.thread.pool.size = 32 (default)
2023-03-05 20:00:54,286 [Time-limited test] INFO  impl.DataStreamServerImpl (ConfUtils.java:logGet(46)) - raft.datastream.type = DISABLED (default)
2023-03-05 20:00:54,286 [Time-limited test] INFO  server.RaftServerConfigKeys (ConfUtils.java:logGet(46)) - raft.server.threadpool.proxy.cached = true (default)
2023-03-05 20:00:54,287 [Time-limited test] INFO  server.RaftServerConfigKeys (ConfUtils.java:logGet(46)) - raft.server.threadpool.proxy.size = 0 (default)
2023-03-05 20:00:54,287 [Time-limited test] INFO  server.RaftServerConfigKeys (ConfUtils.java:logGet(46)) - raft.server.rpc.slowness.timeout = 60s (default)
2023-03-05 20:00:54,287 [Time-limited test] INFO  server.RaftServerConfigKeys (ConfUtils.java:logGet(46)) - raft.server.leaderelection.leader.step-down.wait-time = 10s (default)
2023-03-05 20:00:54,287 [Time-limited test] INFO  server.RaftServerConfigKeys (ConfUtils.java:logGet(46)) - raft.server.storage.dir = [/home/runner/work/ratis/ratis/ratis-test/target/test/data/eb38e2a1/MiniRaftClusterWithGrpc4b1a6f13/s4] (custom)
2023-03-05 20:00:54,287 [s3-groupManagement] INFO  server.RaftServerConfigKeys (ConfUtils.java:logGet(46)) - raft.server.log.segment.size.max = 8MB (=8388608) (default)
2023-03-05 20:00:54,287 [s3-groupManagement] INFO  server.RaftServerConfigKeys (ConfUtils.java:logGet(46)) - raft.server.log.preallocated.size = 4MB (=4194304) (default)
2023-03-05 20:00:54,288 [s3-groupManagement] INFO  server.RaftServerConfigKeys (ConfUtils.java:logGet(46)) - raft.server.log.write.buffer.size = 64KB (=65536) (default)
2023-03-05 20:00:54,288 [s3-groupManagement] INFO  server.RaftServer$Division (RaftServerImpl.java:<init>(198)) - s3: new RaftServerImpl for group-35EF2EC6ADD7:[s3|rpc:localhost:42973|admin:localhost:37029|client:localhost:36937|dataStream:localhost:36905|priority:0|startupRole:FOLLOWER, s4|rpc:localhost:46797|admin:localhost:46241|client:localhost:40995|dataStream:localhost:44269|priority:0|startupRole:FOLLOWER, s5|rpc:localhost:40115|admin:localhost:38531|client:localhost:34869|dataStream:localhost:36531|priority:0|startupRole:FOLLOWER] with SimpleStateMachine4Testing:uninitialized
2023-03-05 20:00:54,288 [s3-groupManagement] INFO  server.RaftServerConfigKeys (ConfUtils.java:logGet(46)) - raft.server.rpc.timeout.min = 150ms (default)
2023-03-05 20:00:54,288 [s3-groupManagement] INFO  server.RaftServerConfigKeys (ConfUtils.java:logGet(46)) - raft.server.rpc.timeout.max = 300ms (default)
2023-03-05 20:00:54,288 [s3-groupManagement] INFO  server.RaftServerConfigKeys (ConfUtils.java:logGet(46)) - raft.server.rpc.sleep.time = 25ms (default)
2023-03-05 20:00:54,288 [s3-groupManagement] INFO  server.RaftServerConfigKeys (ConfUtils.java:logGet(46)) - raft.server.rpc.slowness.timeout = 60s (default)
2023-03-05 20:00:54,288 [s3-groupManagement] INFO  server.RaftServerConfigKeys (ConfUtils.java:logGet(46)) - raft.server.leaderelection.leader.step-down.wait-time = 10s (default)
2023-03-05 20:00:54,288 [s3-groupManagement] INFO  server.RaftServerConfigKeys (ConfUtils.java:logGet(46)) - raft.server.sleep.deviation.threshold = 300ms (default)
2023-03-05 20:00:54,288 [s3-groupManagement] INFO  server.RaftServer$Division (ServerState.java:<init>(113)) - s3@group-35EF2EC6ADD7: ConfigurationManager, init=-1: peers:[s3|rpc:localhost:42973|admin:localhost:37029|client:localhost:36937|dataStream:localhost:36905|priority:0|startupRole:FOLLOWER, s4|rpc:localhost:46797|admin:localhost:46241|client:localhost:40995|dataStream:localhost:44269|priority:0|startupRole:FOLLOWER, s5|rpc:localhost:40115|admin:localhost:38531|client:localhost:34869|dataStream:localhost:36531|priority:0|startupRole:FOLLOWER]|listeners:[], old=null, confs=<EMPTY_MAP>
2023-03-05 20:00:54,288 [s3-groupManagement] INFO  server.RaftServerConfigKeys (ConfUtils.java:logGet(46)) - raft.server.notification.no-leader.timeout = 60s (default)
2023-03-05 20:00:54,289 [s3-groupManagement] INFO  server.RaftServerConfigKeys (ConfUtils.java:logGet(46)) - raft.server.read.timeout = 10s (default)
2023-03-05 20:00:54,289 [s3-groupManagement] INFO  server.RaftServerConfigKeys (ConfUtils.java:logGet(46)) - raft.server.retrycache.expirytime = 60s (default)
2023-03-05 20:00:54,289 [s3-groupManagement] INFO  server.RaftServerConfigKeys (ConfUtils.java:logGet(46)) - raft.server.retrycache.statistics.expirytime = 100μs (default)
2023-03-05 20:00:54,289 [s3-groupManagement] INFO  server.RaftServerConfigKeys (ConfUtils.java:logGet(46)) - raft.server.read.option = DEFAULT (default)
2023-03-05 20:00:54,290 [s3-groupManagement] INFO  server.RaftServerConfigKeys (ConfUtils.java:logGet(46)) - raft.server.log.appender.install.snapshot.enabled = true (default)
2023-03-05 20:00:54,290 [s3-groupManagement] INFO  server.RaftServerConfigKeys (ConfUtils.java:logGet(46)) - raft.server.threadpool.server.cached = true (default)
2023-03-05 20:00:54,290 [s3-groupManagement] INFO  server.RaftServerConfigKeys (ConfUtils.java:logGet(46)) - raft.server.threadpool.server.size = 0 (default)
2023-03-05 20:00:54,291 [s3-groupManagement] INFO  server.RaftServerConfigKeys (ConfUtils.java:logGet(46)) - raft.server.threadpool.client.cached = true (default)
2023-03-05 20:00:54,291 [s3-groupManagement] INFO  server.RaftServerConfigKeys (ConfUtils.java:logGet(46)) - raft.server.threadpool.client.size = 0 (default)
2023-03-05 20:00:54,291 [Time-limited test] INFO  server.RaftServer (RaftServerProxy.java:addNew(99)) - s4: addNew group-35EF2EC6ADD7:[s3|rpc:localhost:42973|admin:localhost:37029|client:localhost:36937|dataStream:localhost:36905|priority:0|startupRole:FOLLOWER, s4|rpc:localhost:46797|admin:localhost:46241|client:localhost:40995|dataStream:localhost:44269|priority:0|startupRole:FOLLOWER, s5|rpc:localhost:40115|admin:localhost:38531|client:localhost:34869|dataStream:localhost:36531|priority:0|startupRole:FOLLOWER] returns group-35EF2EC6ADD7:java.util.concurrent.CompletableFuture@3c92033f[Not completed]
2023-03-05 20:00:54,291 [Time-limited test] INFO  impl.MiniRaftCluster (MiniRaftCluster.java:newRaftServer(382)) - newRaftServer: s5, group-35EF2EC6ADD7:[s3|rpc:localhost:42973|admin:localhost:37029|client:localhost:36937|dataStream:localhost:36905|priority:0|startupRole:FOLLOWER, s4|rpc:localhost:46797|admin:localhost:46241|client:localhost:40995|dataStream:localhost:44269|priority:0|startupRole:FOLLOWER, s5|rpc:localhost:40115|admin:localhost:38531|client:localhost:34869|dataStream:localhost:36531|priority:0|startupRole:FOLLOWER], format? true
2023-03-05 20:00:54,291 [Time-limited test] TRACE util.FileUtils (FileUtils.java:deleteFully(201)) - deleteFully target/test/data/eb38e2a1/MiniRaftClusterWithGrpc4b1a6f13/s5
2023-03-05 20:00:54,291 [Time-limited test] TRACE util.FileUtils (FileUtils.java:deleteFully(217)) - deleteFully: target/test/data/eb38e2a1/MiniRaftClusterWithGrpc4b1a6f13/s5 does not exist.
2023-03-05 20:00:54,291 [Time-limited test] INFO  impl.MiniRaftCluster (MiniRaftCluster.java:newRaftServer(387)) - Formatted directory target/test/data/eb38e2a1/MiniRaftClusterWithGrpc4b1a6f13/s5
2023-03-05 20:00:54,292 [Time-limited test] INFO  server.RaftServer (ConfUtils.java:logGet(46)) - raft.rpc.type = GRPC (default)
2023-03-05 20:00:54,292 [Time-limited test] INFO  grpc.GrpcConfigKeys (ConfUtils.java:logFallback(53)) - raft.grpc.admin.host = null (fallback to raft.grpc.server.host)
2023-03-05 20:00:54,292 [Time-limited test] INFO  grpc.GrpcConfigKeys (ConfUtils.java:logGet(46)) - raft.grpc.admin.port = 38531 (custom)
2023-03-05 20:00:54,292 [Time-limited test] INFO  grpc.GrpcConfigKeys (ConfUtils.java:logFallback(53)) - raft.grpc.client.host = null (fallback to raft.grpc.server.host)
2023-03-05 20:00:54,292 [Time-limited test] INFO  grpc.GrpcConfigKeys (ConfUtils.java:logGet(46)) - raft.grpc.client.port = 34869 (custom)
2023-03-05 20:00:54,292 [Time-limited test] INFO  grpc.GrpcConfigKeys (ConfUtils.java:logGet(46)) - raft.grpc.server.host = null (default)
2023-03-05 20:00:54,292 [Time-limited test] INFO  grpc.GrpcConfigKeys (ConfUtils.java:logGet(46)) - raft.grpc.server.port = 40115 (custom)
2023-03-05 20:00:54,292 [Time-limited test] INFO  server.GrpcService (ConfUtils.java:logGet(46)) - raft.grpc.message.size.max = 64MB (=67108864) (default)
2023-03-05 20:00:54,292 [Time-limited test] INFO  server.RaftServerConfigKeys (ConfUtils.java:logGet(46)) - raft.server.log.appender.buffer.byte-limit = 4MB (=4194304) (default)
2023-03-05 20:00:54,292 [Time-limited test] INFO  server.GrpcService (ConfUtils.java:logGet(46)) - raft.grpc.flow.control.window = 1MB (=1048576) (default)
2023-03-05 20:00:54,292 [Time-limited test] INFO  server.RaftServerConfigKeys (ConfUtils.java:logGet(46)) - raft.server.rpc.request.timeout = 3000ms (default)
2023-03-05 20:00:54,292 [Time-limited test] INFO  grpc.GrpcConfigKeys (ConfUtils.java:logGet(46)) - raft.grpc.server.heartbeat.channel = true (default)
2023-03-05 20:00:54,292 [Time-limited test] INFO  grpc.GrpcConfigKeys (ConfUtils.java:logGet(46)) - raft.grpc.server.async.request.thread.pool.cached = true (default)
2023-03-05 20:00:54,293 [Time-limited test] INFO  grpc.GrpcConfigKeys (ConfUtils.java:logGet(46)) - raft.grpc.server.async.request.thread.pool.size = 32 (default)
2023-03-05 20:00:54,294 [Time-limited test] INFO  impl.DataStreamServerImpl (ConfUtils.java:logGet(46)) - raft.datastream.type = DISABLED (default)
2023-03-05 20:00:54,294 [Time-limited test] INFO  server.RaftServerConfigKeys (ConfUtils.java:logGet(46)) - raft.server.threadpool.proxy.cached = true (default)
2023-03-05 20:00:54,295 [Time-limited test] INFO  server.RaftServerConfigKeys (ConfUtils.java:logGet(46)) - raft.server.threadpool.proxy.size = 0 (default)
2023-03-05 20:00:54,295 [Time-limited test] INFO  server.RaftServerConfigKeys (ConfUtils.java:logGet(46)) - raft.server.rpc.slowness.timeout = 60s (default)
2023-03-05 20:00:54,295 [Time-limited test] INFO  server.RaftServerConfigKeys (ConfUtils.java:logGet(46)) - raft.server.leaderelection.leader.step-down.wait-time = 10s (default)
2023-03-05 20:00:54,295 [Time-limited test] INFO  server.RaftServerConfigKeys (ConfUtils.java:logGet(46)) - raft.server.storage.dir = [/home/runner/work/ratis/ratis/ratis-test/target/test/data/eb38e2a1/MiniRaftClusterWithGrpc4b1a6f13/s5] (custom)
2023-03-05 20:00:54,295 [s4-groupManagement] INFO  server.RaftServerConfigKeys (ConfUtils.java:logGet(46)) - raft.server.log.segment.size.max = 8MB (=8388608) (default)
2023-03-05 20:00:54,295 [s4-groupManagement] INFO  server.RaftServerConfigKeys (ConfUtils.java:logGet(46)) - raft.server.log.preallocated.size = 4MB (=4194304) (default)
2023-03-05 20:00:54,295 [s4-groupManagement] INFO  server.RaftServerConfigKeys (ConfUtils.java:logGet(46)) - raft.server.log.write.buffer.size = 64KB (=65536) (default)
2023-03-05 20:00:54,296 [s4-groupManagement] INFO  server.RaftServer$Division (RaftServerImpl.java:<init>(198)) - s4: new RaftServerImpl for group-35EF2EC6ADD7:[s3|rpc:localhost:42973|admin:localhost:37029|client:localhost:36937|dataStream:localhost:36905|priority:0|startupRole:FOLLOWER, s4|rpc:localhost:46797|admin:localhost:46241|client:localhost:40995|dataStream:localhost:44269|priority:0|startupRole:FOLLOWER, s5|rpc:localhost:40115|admin:localhost:38531|client:localhost:34869|dataStream:localhost:36531|priority:0|startupRole:FOLLOWER] with SimpleStateMachine4Testing:uninitialized
2023-03-05 20:00:54,296 [s4-groupManagement] INFO  server.RaftServerConfigKeys (ConfUtils.java:logGet(46)) - raft.server.rpc.timeout.min = 150ms (default)
2023-03-05 20:00:54,296 [s4-groupManagement] INFO  server.RaftServerConfigKeys (ConfUtils.java:logGet(46)) - raft.server.rpc.timeout.max = 300ms (default)
2023-03-05 20:00:54,296 [s4-groupManagement] INFO  server.RaftServerConfigKeys (ConfUtils.java:logGet(46)) - raft.server.rpc.sleep.time = 25ms (default)
2023-03-05 20:00:54,296 [s4-groupManagement] INFO  server.RaftServerConfigKeys (ConfUtils.java:logGet(46)) - raft.server.rpc.slowness.timeout = 60s (default)
2023-03-05 20:00:54,296 [s4-groupManagement] INFO  server.RaftServerConfigKeys (ConfUtils.java:logGet(46)) - raft.server.leaderelection.leader.step-down.wait-time = 10s (default)
2023-03-05 20:00:54,296 [s4-groupManagement] INFO  server.RaftServerConfigKeys (ConfUtils.java:logGet(46)) - raft.server.sleep.deviation.threshold = 300ms (default)
2023-03-05 20:00:54,296 [s4-groupManagement] INFO  server.RaftServer$Division (ServerState.java:<init>(113)) - s4@group-35EF2EC6ADD7: ConfigurationManager, init=-1: peers:[s3|rpc:localhost:42973|admin:localhost:37029|client:localhost:36937|dataStream:localhost:36905|priority:0|startupRole:FOLLOWER, s4|rpc:localhost:46797|admin:localhost:46241|client:localhost:40995|dataStream:localhost:44269|priority:0|startupRole:FOLLOWER, s5|rpc:localhost:40115|admin:localhost:38531|client:localhost:34869|dataStream:localhost:36531|priority:0|startupRole:FOLLOWER]|listeners:[], old=null, confs=<EMPTY_MAP>
2023-03-05 20:00:54,296 [s4-groupManagement] INFO  server.RaftServerConfigKeys (ConfUtils.java:logGet(46)) - raft.server.notification.no-leader.timeout = 60s (default)
2023-03-05 20:00:54,296 [s4-groupManagement] INFO  server.RaftServerConfigKeys (ConfUtils.java:logGet(46)) - raft.server.read.timeout = 10s (default)
2023-03-05 20:00:54,297 [s4-groupManagement] INFO  server.RaftServerConfigKeys (ConfUtils.java:logGet(46)) - raft.server.retrycache.expirytime = 60s (default)
2023-03-05 20:00:54,297 [s4-groupManagement] INFO  server.RaftServerConfigKeys (ConfUtils.java:logGet(46)) - raft.server.retrycache.statistics.expirytime = 100μs (default)
2023-03-05 20:00:54,297 [s4-groupManagement] INFO  server.RaftServerConfigKeys (ConfUtils.java:logGet(46)) - raft.server.read.option = DEFAULT (default)
2023-03-05 20:00:54,298 [s4-groupManagement] INFO  server.RaftServerConfigKeys (ConfUtils.java:logGet(46)) - raft.server.log.appender.install.snapshot.enabled = true (default)
2023-03-05 20:00:54,298 [s4-groupManagement] INFO  server.RaftServerConfigKeys (ConfUtils.java:logGet(46)) - raft.server.threadpool.server.cached = true (default)
2023-03-05 20:00:54,298 [s4-groupManagement] INFO  server.RaftServerConfigKeys (ConfUtils.java:logGet(46)) - raft.server.threadpool.server.size = 0 (default)
2023-03-05 20:00:54,298 [s4-groupManagement] INFO  server.RaftServerConfigKeys (ConfUtils.java:logGet(46)) - raft.server.threadpool.client.cached = true (default)
2023-03-05 20:00:54,298 [s4-groupManagement] INFO  server.RaftServerConfigKeys (ConfUtils.java:logGet(46)) - raft.server.threadpool.client.size = 0 (default)
2023-03-05 20:00:54,299 [Time-limited test] INFO  server.RaftServer (RaftServerProxy.java:addNew(99)) - s5: addNew group-35EF2EC6ADD7:[s3|rpc:localhost:42973|admin:localhost:37029|client:localhost:36937|dataStream:localhost:36905|priority:0|startupRole:FOLLOWER, s4|rpc:localhost:46797|admin:localhost:46241|client:localhost:40995|dataStream:localhost:44269|priority:0|startupRole:FOLLOWER, s5|rpc:localhost:40115|admin:localhost:38531|client:localhost:34869|dataStream:localhost:36531|priority:0|startupRole:FOLLOWER] returns group-35EF2EC6ADD7:java.util.concurrent.CompletableFuture@580eaf32[Not completed]
2023-03-05 20:00:54,299 [s3-impl-thread1] INFO  server.RaftServerConfigKeys (ConfUtils.java:logGet(46)) - raft.server.storage.free-space.min = 0MB (=0) (default)
2023-03-05 20:00:54,299 [s3-impl-thread1] INFO  server.RaftServerConfigKeys (ConfUtils.java:logGet(46)) - raft.server.log.corruption.policy = EXCEPTION (default)
2023-03-05 20:00:54,299 [s3-impl-thread1] INFO  server.RaftServerConfigKeys (ConfUtils.java:logGet(46)) - raft.server.storage.dir = [/home/runner/work/ratis/ratis/ratis-test/target/test/data/eb38e2a1/MiniRaftClusterWithGrpc4b1a6f13/s3] (custom)
2023-03-05 20:00:54,300 [s3-impl-thread1] INFO  storage.RaftStorageDirectory (RaftStorageDirectoryImpl.java:analyzeStorage(138)) - The storage directory /home/runner/work/ratis/ratis/ratis-test/target/test/data/eb38e2a1/MiniRaftClusterWithGrpc4b1a6f13/s3/13e7a469-f6a1-4723-a4d3-35ef2ec6add7 does not exist. Creating ...
2023-03-05 20:00:54,300 [s3-impl-thread1] TRACE util.FileUtils (LogUtils.java:runAndLog(49)) - Successfully ran Files.createDirectories /home/runner/work/ratis/ratis/ratis-test/target/test/data/eb38e2a1/MiniRaftClusterWithGrpc4b1a6f13/s3/13e7a469-f6a1-4723-a4d3-35ef2ec6add7
2023-03-05 20:00:54,300 [s5-groupManagement] INFO  server.RaftServerConfigKeys (ConfUtils.java:logGet(46)) - raft.server.log.segment.size.max = 8MB (=8388608) (default)
2023-03-05 20:00:54,300 [s5-groupManagement] INFO  server.RaftServerConfigKeys (ConfUtils.java:logGet(46)) - raft.server.log.preallocated.size = 4MB (=4194304) (default)
2023-03-05 20:00:54,301 [s5-groupManagement] INFO  server.RaftServerConfigKeys (ConfUtils.java:logGet(46)) - raft.server.log.write.buffer.size = 64KB (=65536) (default)
2023-03-05 20:00:54,301 [s5-groupManagement] INFO  server.RaftServer$Division (RaftServerImpl.java:<init>(198)) - s5: new RaftServerImpl for group-35EF2EC6ADD7:[s3|rpc:localhost:42973|admin:localhost:37029|client:localhost:36937|dataStream:localhost:36905|priority:0|startupRole:FOLLOWER, s4|rpc:localhost:46797|admin:localhost:46241|client:localhost:40995|dataStream:localhost:44269|priority:0|startupRole:FOLLOWER, s5|rpc:localhost:40115|admin:localhost:38531|client:localhost:34869|dataStream:localhost:36531|priority:0|startupRole:FOLLOWER] with SimpleStateMachine4Testing:uninitialized
2023-03-05 20:00:54,301 [s5-groupManagement] INFO  server.RaftServerConfigKeys (ConfUtils.java:logGet(46)) - raft.server.rpc.timeout.min = 150ms (default)
2023-03-05 20:00:54,301 [s5-groupManagement] INFO  server.RaftServerConfigKeys (ConfUtils.java:logGet(46)) - raft.server.rpc.timeout.max = 300ms (default)
2023-03-05 20:00:54,301 [s5-groupManagement] INFO  server.RaftServerConfigKeys (ConfUtils.java:logGet(46)) - raft.server.rpc.sleep.time = 25ms (default)
2023-03-05 20:00:54,301 [s5-groupManagement] INFO  server.RaftServerConfigKeys (ConfUtils.java:logGet(46)) - raft.server.rpc.slowness.timeout = 60s (default)
2023-03-05 20:00:54,301 [s5-groupManagement] INFO  server.RaftServerConfigKeys (ConfUtils.java:logGet(46)) - raft.server.leaderelection.leader.step-down.wait-time = 10s (default)
2023-03-05 20:00:54,301 [s5-groupManagement] INFO  server.RaftServerConfigKeys (ConfUtils.java:logGet(46)) - raft.server.sleep.deviation.threshold = 300ms (default)
2023-03-05 20:00:54,301 [s5-groupManagement] INFO  server.RaftServer$Division (ServerState.java:<init>(113)) - s5@group-35EF2EC6ADD7: ConfigurationManager, init=-1: peers:[s3|rpc:localhost:42973|admin:localhost:37029|client:localhost:36937|dataStream:localhost:36905|priority:0|startupRole:FOLLOWER, s4|rpc:localhost:46797|admin:localhost:46241|client:localhost:40995|dataStream:localhost:44269|priority:0|startupRole:FOLLOWER, s5|rpc:localhost:40115|admin:localhost:38531|client:localhost:34869|dataStream:localhost:36531|priority:0|startupRole:FOLLOWER]|listeners:[], old=null, confs=<EMPTY_MAP>
2023-03-05 20:00:54,302 [s5-groupManagement] INFO  server.RaftServerConfigKeys (ConfUtils.java:logGet(46)) - raft.server.notification.no-leader.timeout = 60s (default)
2023-03-05 20:00:54,302 [s5-groupManagement] INFO  server.RaftServerConfigKeys (ConfUtils.java:logGet(46)) - raft.server.read.timeout = 10s (default)
2023-03-05 20:00:54,302 [s5-groupManagement] INFO  server.RaftServerConfigKeys (ConfUtils.java:logGet(46)) - raft.server.retrycache.expirytime = 60s (default)
2023-03-05 20:00:54,302 [s5-groupManagement] INFO  server.RaftServerConfigKeys (ConfUtils.java:logGet(46)) - raft.server.retrycache.statistics.expirytime = 100μs (default)
2023-03-05 20:00:54,302 [s5-groupManagement] INFO  server.RaftServerConfigKeys (ConfUtils.java:logGet(46)) - raft.server.read.option = DEFAULT (default)
2023-03-05 20:00:54,302 [s3-impl-thread1] INFO  storage.RaftStorageDirectory (RaftStorageDirectoryImpl.java:tryLock(232)) - Lock on /home/runner/work/ratis/ratis/ratis-test/target/test/data/eb38e2a1/MiniRaftClusterWithGrpc4b1a6f13/s3/13e7a469-f6a1-4723-a4d3-35ef2ec6add7/in_use.lock acquired by nodename 17119@fv-az260-985
2023-03-05 20:00:54,302 [s3-impl-thread1] TRACE util.FileUtils (LogUtils.java:runAndLog(49)) - Successfully ran Files.createDirectories /home/runner/work/ratis/ratis/ratis-test/target/test/data/eb38e2a1/MiniRaftClusterWithGrpc4b1a6f13/s3/13e7a469-f6a1-4723-a4d3-35ef2ec6add7/current
2023-03-05 20:00:54,303 [s3-impl-thread1] TRACE util.FileUtils (LogUtils.java:runAndLog(49)) - Successfully ran Files.createDirectories /home/runner/work/ratis/ratis/ratis-test/target/test/data/eb38e2a1/MiniRaftClusterWithGrpc4b1a6f13/s3/13e7a469-f6a1-4723-a4d3-35ef2ec6add7/sm
2023-03-05 20:00:54,304 [s5-groupManagement] INFO  server.RaftServerConfigKeys (ConfUtils.java:logGet(46)) - raft.server.log.appender.install.snapshot.enabled = true (default)
2023-03-05 20:00:54,304 [s5-groupManagement] INFO  server.RaftServerConfigKeys (ConfUtils.java:logGet(46)) - raft.server.threadpool.server.cached = true (default)
2023-03-05 20:00:54,304 [s5-groupManagement] INFO  server.RaftServerConfigKeys (ConfUtils.java:logGet(46)) - raft.server.threadpool.server.size = 0 (default)
2023-03-05 20:00:54,304 [s5-groupManagement] INFO  server.RaftServerConfigKeys (ConfUtils.java:logGet(46)) - raft.server.threadpool.client.cached = true (default)
2023-03-05 20:00:54,304 [s5-groupManagement] INFO  server.RaftServerConfigKeys (ConfUtils.java:logGet(46)) - raft.server.threadpool.client.size = 0 (default)
2023-03-05 20:00:54,304 [s3-impl-thread1] INFO  storage.RaftStorage (RaftStorageImpl.java:format(96)) - Storage directory /home/runner/work/ratis/ratis/ratis-test/target/test/data/eb38e2a1/MiniRaftClusterWithGrpc4b1a6f13/s3/13e7a469-f6a1-4723-a4d3-35ef2ec6add7 has been successfully formatted.
2023-03-05 20:00:54,305 [s3-impl-thread1] INFO  impl.SimpleStateMachine4Testing (SimpleStateMachine4Testing.java:initialize(213)) - Initializing SimpleStateMachine4Testing:uninitialized
2023-03-05 20:00:54,305 [s3-impl-thread1] INFO  impl.SimpleStateMachine4Testing (SimpleStateMachine4Testing.java:loadSnapshot(293)) - Loading snapshot null
2023-03-05 20:00:54,305 [s3-impl-thread1] INFO  server.RaftServerConfigKeys (ConfUtils.java:logGet(46)) - raft.server.log.use.memory = false (default)
2023-03-05 20:00:54,305 [s3-impl-thread1] INFO  server.RaftServerConfigKeys (ConfUtils.java:logGet(46)) - raft.server.log.purge.gap = 1024 (default)
2023-03-05 20:00:54,305 [s3-impl-thread1] INFO  server.RaftServerConfigKeys (ConfUtils.java:logGet(46)) - raft.server.log.appender.buffer.byte-limit = 4MB (=4194304) (default)
2023-03-05 20:00:54,305 [s3-impl-thread1] INFO  server.RaftServerConfigKeys (ConfUtils.java:logGet(46)) - raft.server.log.statemachine.data.read.timeout = 1000ms (default)
2023-03-05 20:00:54,305 [s3-impl-thread1] INFO  server.RaftServerConfigKeys (ConfUtils.java:logGet(46)) - raft.server.log.purge.preservation.log.num = 0 (default)
2023-03-05 20:00:54,306 [s3-impl-thread1] INFO  server.RaftServerConfigKeys (ConfUtils.java:logGet(46)) - raft.server.log.segment.size.max = 8MB (=8388608) (default)
2023-03-05 20:00:54,306 [s3-impl-thread1] INFO  server.RaftServerConfigKeys (ConfUtils.java:logGet(46)) - raft.server.log.segment.cache.num.max = 6 (default)
2023-03-05 20:00:54,306 [s3-impl-thread1] INFO  server.RaftServerConfigKeys (ConfUtils.java:logGet(46)) - raft.server.log.segment.cache.size.max = 200MB (=209715200) (default)
2023-03-05 20:00:54,306 [s3-impl-thread1] INFO  server.RaftServerConfigKeys (ConfUtils.java:logGet(46)) - raft.server.log.appender.buffer.byte-limit = 4MB (=4194304) (default)
2023-03-05 20:00:54,306 [s3-impl-thread1] INFO  segmented.SegmentedRaftLogWorker (SegmentedRaftLogWorker.java:<init>(183)) - new s3@group-35EF2EC6ADD7-SegmentedRaftLogWorker for RaftStorageImpl:Storage Directory /home/runner/work/ratis/ratis/ratis-test/target/test/data/eb38e2a1/MiniRaftClusterWithGrpc4b1a6f13/s3/13e7a469-f6a1-4723-a4d3-35ef2ec6add7
2023-03-05 20:00:54,306 [s3-impl-thread1] INFO  server.RaftServerConfigKeys (ConfUtils.java:logGet(46)) - raft.server.log.queue.byte-limit = 64MB (=67108864) (default)
2023-03-05 20:00:54,306 [s3-impl-thread1] INFO  server.RaftServerConfigKeys (ConfUtils.java:logGet(46)) - raft.server.log.queue.element-limit = 4096 (default)
2023-03-05 20:00:54,306 [s3-impl-thread1] INFO  server.RaftServerConfigKeys (ConfUtils.java:logGet(46)) - raft.server.log.segment.size.max = 8MB (=8388608) (default)
2023-03-05 20:00:54,306 [s3-impl-thread1] INFO  server.RaftServerConfigKeys (ConfUtils.java:logGet(46)) - raft.server.log.preallocated.size = 4MB (=4194304) (default)
2023-03-05 20:00:54,306 [s3-impl-thread1] INFO  server.RaftServerConfigKeys (ConfUtils.java:logGet(46)) - raft.server.log.force.sync.num = 128 (default)
2023-03-05 20:00:54,306 [s3-impl-thread1] INFO  server.RaftServerConfigKeys (ConfUtils.java:logGet(46)) - raft.server.log.statemachine.data.sync = true (default)
2023-03-05 20:00:54,306 [s3-impl-thread1] INFO  server.RaftServerConfigKeys (ConfUtils.java:logGet(46)) - raft.server.log.statemachine.data.sync.timeout = 10s (default)
2023-03-05 20:00:54,306 [s3-impl-thread1] INFO  server.RaftServerConfigKeys (ConfUtils.java:logGet(46)) - raft.server.log.statemachine.data.sync.timeout.retry = -1 (default)
2023-03-05 20:00:54,307 [s3-impl-thread1] INFO  server.RaftServerConfigKeys (ConfUtils.java:logGet(46)) - raft.server.log.write.buffer.size = 64KB (=65536) (default)
2023-03-05 20:00:54,307 [s3-impl-thread1] INFO  server.RaftServerConfigKeys (ConfUtils.java:logGet(46)) - raft.server.log.appender.buffer.byte-limit = 4MB (=4194304) (default)
2023-03-05 20:00:54,307 [s3-impl-thread1] INFO  server.RaftServerConfigKeys (ConfUtils.java:logGet(46)) - raft.server.log.unsafe-flush.enabled = false (default)
2023-03-05 20:00:54,307 [s3-impl-thread1] INFO  server.RaftServerConfigKeys (ConfUtils.java:logGet(46)) - raft.server.log.async-flush.enabled = false (default)
2023-03-05 20:00:54,307 [s3-impl-thread1] INFO  server.RaftServerConfigKeys (ConfUtils.java:logGet(46)) - raft.server.log.statemachine.data.caching.enabled = false (default)
2023-03-05 20:00:54,308 [s3-impl-thread1] INFO  segmented.SegmentedRaftLogWorker (SegmentedRaftLogWorker.java:lambda$new$0(134)) - s3@group-35EF2EC6ADD7-SegmentedRaftLogWorker: flushIndex: setUnconditionally 0 -> -1
2023-03-05 20:00:54,308 [s3-impl-thread1] INFO  segmented.SegmentedRaftLogWorker (SegmentedRaftLogWorker.java:lambda$new$0(134)) - s3@group-35EF2EC6ADD7-SegmentedRaftLogWorker: safeCacheEvictIndex: setUnconditionally 0 -> -1
2023-03-05 20:00:54,308 [s3-impl-thread1] INFO  server.RaftServer$Division (RaftServerImpl.java:start(342)) - s3@group-35EF2EC6ADD7: start as a follower, conf=-1: peers:[s3|rpc:localhost:42973|admin:localhost:37029|client:localhost:36937|dataStream:localhost:36905|priority:0|startupRole:FOLLOWER, s4|rpc:localhost:46797|admin:localhost:46241|client:localhost:40995|dataStream:localhost:44269|priority:0|startupRole:FOLLOWER, s5|rpc:localhost:40115|admin:localhost:38531|client:localhost:34869|dataStream:localhost:36531|priority:0|startupRole:FOLLOWER]|listeners:[], old=null
2023-03-05 20:00:54,308 [s3-impl-thread1] INFO  server.RaftServer$Division (RaftServerImpl.java:setRole(329)) - s3@group-35EF2EC6ADD7: changes role from      null to FOLLOWER at term 0 for startAsFollower
2023-03-05 20:00:54,308 [s3-impl-thread1] INFO  impl.RoleInfo (RoleInfo.java:updateAndGet(139)) - s3: start s3@group-35EF2EC6ADD7-FollowerState
2023-03-05 20:00:54,308 [s3-impl-thread1] INFO  util.JmxRegister (JmxRegister.java:tryRegister(44)) - Successfully registered JMX Bean with object name Ratis:service=RaftServer,group=group-35EF2EC6ADD7,id=s3
2023-03-05 20:00:54,309 [s3-impl-thread1] INFO  server.RaftServerConfigKeys (ConfUtils.java:logGet(46)) - raft.server.snapshot.auto.trigger.enabled = false (default)
2023-03-05 20:00:54,309 [s3-impl-thread1] INFO  server.RaftServerConfigKeys (ConfUtils.java:logGet(46)) - raft.server.snapshot.retention.file.num = -1 (default)
2023-03-05 20:00:54,309 [s3-impl-thread1] INFO  server.RaftServerConfigKeys (ConfUtils.java:logGet(46)) - raft.server.log.purge.upto.snapshot.index = false (default)
2023-03-05 20:00:54,309 [s3@group-35EF2EC6ADD7-FollowerState] INFO  server.RaftServerConfigKeys (ConfUtils.java:logFallback(53)) - raft.server.rpc.first-election.timeout.min = 150ms (fallback to raft.server.rpc.timeout.min)
2023-03-05 20:00:54,309 [s3@group-35EF2EC6ADD7-FollowerState] INFO  server.RaftServerConfigKeys (ConfUtils.java:logFallback(53)) - raft.server.rpc.first-election.timeout.max = 300ms (fallback to raft.server.rpc.timeout.max)
2023-03-05 20:00:54,309 [Time-limited test] INFO  server.RaftServer (RaftServerProxy.java:startImpl(401)) - s3: start RPC server
2023-03-05 20:00:54,310 [Time-limited test] INFO  server.GrpcService (GrpcService.java:startImpl(302)) - s3: GrpcService started, listening on 36937
2023-03-05 20:00:54,312 [Time-limited test] INFO  server.GrpcService (GrpcService.java:startImpl(302)) - s3: GrpcService started, listening on 42973
2023-03-05 20:00:54,312 [Time-limited test] INFO  server.GrpcService (GrpcService.java:startImpl(302)) - s3: GrpcService started, listening on 37029
2023-03-05 20:00:54,314 [s4-impl-thread1] INFO  server.RaftServerConfigKeys (ConfUtils.java:logGet(46)) - raft.server.storage.free-space.min = 0MB (=0) (default)
2023-03-05 20:00:54,315 [s4-impl-thread1] INFO  server.RaftServerConfigKeys (ConfUtils.java:logGet(46)) - raft.server.log.corruption.policy = EXCEPTION (default)
2023-03-05 20:00:54,315 [s4-impl-thread1] INFO  server.RaftServerConfigKeys (ConfUtils.java:logGet(46)) - raft.server.storage.dir = [/home/runner/work/ratis/ratis/ratis-test/target/test/data/eb38e2a1/MiniRaftClusterWithGrpc4b1a6f13/s4] (custom)
2023-03-05 20:00:54,315 [s4-impl-thread1] INFO  storage.RaftStorageDirectory (RaftStorageDirectoryImpl.java:analyzeStorage(138)) - The storage directory /home/runner/work/ratis/ratis/ratis-test/target/test/data/eb38e2a1/MiniRaftClusterWithGrpc4b1a6f13/s4/13e7a469-f6a1-4723-a4d3-35ef2ec6add7 does not exist. Creating ...
2023-03-05 20:00:54,315 [s4-impl-thread1] TRACE util.FileUtils (LogUtils.java:runAndLog(49)) - Successfully ran Files.createDirectories /home/runner/work/ratis/ratis/ratis-test/target/test/data/eb38e2a1/MiniRaftClusterWithGrpc4b1a6f13/s4/13e7a469-f6a1-4723-a4d3-35ef2ec6add7
2023-03-05 20:00:54,315 [JvmPauseMonitor17] INFO  util.JvmPauseMonitor (JvmPauseMonitor.java:run(103)) - JvmPauseMonitor-s3: Started
2023-03-05 20:00:54,317 [s4-impl-thread1] INFO  storage.RaftStorageDirectory (RaftStorageDirectoryImpl.java:tryLock(232)) - Lock on /home/runner/work/ratis/ratis/ratis-test/target/test/data/eb38e2a1/MiniRaftClusterWithGrpc4b1a6f13/s4/13e7a469-f6a1-4723-a4d3-35ef2ec6add7/in_use.lock acquired by nodename 17119@fv-az260-985
2023-03-05 20:00:54,317 [s4-impl-thread1] TRACE util.FileUtils (LogUtils.java:runAndLog(49)) - Successfully ran Files.createDirectories /home/runner/work/ratis/ratis/ratis-test/target/test/data/eb38e2a1/MiniRaftClusterWithGrpc4b1a6f13/s4/13e7a469-f6a1-4723-a4d3-35ef2ec6add7/current
2023-03-05 20:00:54,317 [s4-impl-thread1] TRACE util.FileUtils (LogUtils.java:runAndLog(49)) - Successfully ran Files.createDirectories /home/runner/work/ratis/ratis/ratis-test/target/test/data/eb38e2a1/MiniRaftClusterWithGrpc4b1a6f13/s4/13e7a469-f6a1-4723-a4d3-35ef2ec6add7/sm
2023-03-05 20:00:54,319 [s4-impl-thread1] INFO  storage.RaftStorage (RaftStorageImpl.java:format(96)) - Storage directory /home/runner/work/ratis/ratis/ratis-test/target/test/data/eb38e2a1/MiniRaftClusterWithGrpc4b1a6f13/s4/13e7a469-f6a1-4723-a4d3-35ef2ec6add7 has been successfully formatted.
2023-03-05 20:00:54,320 [s4-impl-thread1] INFO  impl.SimpleStateMachine4Testing (SimpleStateMachine4Testing.java:initialize(213)) - Initializing SimpleStateMachine4Testing:uninitialized
2023-03-05 20:00:54,320 [s4-impl-thread1] INFO  impl.SimpleStateMachine4Testing (SimpleStateMachine4Testing.java:loadSnapshot(293)) - Loading snapshot null
2023-03-05 20:00:54,320 [s4-impl-thread1] INFO  server.RaftServerConfigKeys (ConfUtils.java:logGet(46)) - raft.server.log.use.memory = false (default)
2023-03-05 20:00:54,320 [s4-impl-thread1] INFO  server.RaftServerConfigKeys (ConfUtils.java:logGet(46)) - raft.server.log.purge.gap = 1024 (default)
2023-03-05 20:00:54,320 [s4-impl-thread1] INFO  server.RaftServerConfigKeys (ConfUtils.java:logGet(46)) - raft.server.log.appender.buffer.byte-limit = 4MB (=4194304) (default)
2023-03-05 20:00:54,320 [s4-impl-thread1] INFO  server.RaftServerConfigKeys (ConfUtils.java:logGet(46)) - raft.server.log.statemachine.data.read.timeout = 1000ms (default)
2023-03-05 20:00:54,320 [s4-impl-thread1] INFO  server.RaftServerConfigKeys (ConfUtils.java:logGet(46)) - raft.server.log.purge.preservation.log.num = 0 (default)
2023-03-05 20:00:54,320 [s4-impl-thread1] INFO  server.RaftServerConfigKeys (ConfUtils.java:logGet(46)) - raft.server.log.segment.size.max = 8MB (=8388608) (default)
2023-03-05 20:00:54,321 [s4-impl-thread1] INFO  server.RaftServerConfigKeys (ConfUtils.java:logGet(46)) - raft.server.log.segment.cache.num.max = 6 (default)
2023-03-05 20:00:54,321 [s4-impl-thread1] INFO  server.RaftServerConfigKeys (ConfUtils.java:logGet(46)) - raft.server.log.segment.cache.size.max = 200MB (=209715200) (default)
2023-03-05 20:00:54,321 [s4-impl-thread1] INFO  server.RaftServerConfigKeys (ConfUtils.java:logGet(46)) - raft.server.log.appender.buffer.byte-limit = 4MB (=4194304) (default)
2023-03-05 20:00:54,321 [s4-impl-thread1] INFO  segmented.SegmentedRaftLogWorker (SegmentedRaftLogWorker.java:<init>(183)) - new s4@group-35EF2EC6ADD7-SegmentedRaftLogWorker for RaftStorageImpl:Storage Directory /home/runner/work/ratis/ratis/ratis-test/target/test/data/eb38e2a1/MiniRaftClusterWithGrpc4b1a6f13/s4/13e7a469-f6a1-4723-a4d3-35ef2ec6add7
2023-03-05 20:00:54,321 [s4-impl-thread1] INFO  server.RaftServerConfigKeys (ConfUtils.java:logGet(46)) - raft.server.log.queue.byte-limit = 64MB (=67108864) (default)
2023-03-05 20:00:54,321 [s4-impl-thread1] INFO  server.RaftServerConfigKeys (ConfUtils.java:logGet(46)) - raft.server.log.queue.element-limit = 4096 (default)
2023-03-05 20:00:54,321 [s4-impl-thread1] INFO  server.RaftServerConfigKeys (ConfUtils.java:logGet(46)) - raft.server.log.segment.size.max = 8MB (=8388608) (default)
2023-03-05 20:00:54,321 [s4-impl-thread1] INFO  server.RaftServerConfigKeys (ConfUtils.java:logGet(46)) - raft.server.log.preallocated.size = 4MB (=4194304) (default)
2023-03-05 20:00:54,321 [s4-impl-thread1] INFO  server.RaftServerConfigKeys (ConfUtils.java:logGet(46)) - raft.server.log.force.sync.num = 128 (default)
2023-03-05 20:00:54,321 [s4-impl-thread1] INFO  server.RaftServerConfigKeys (ConfUtils.java:logGet(46)) - raft.server.log.statemachine.data.sync = true (default)
2023-03-05 20:00:54,321 [s4-impl-thread1] INFO  server.RaftServerConfigKeys (ConfUtils.java:logGet(46)) - raft.server.log.statemachine.data.sync.timeout = 10s (default)
2023-03-05 20:00:54,321 [s4-impl-thread1] INFO  server.RaftServerConfigKeys (ConfUtils.java:logGet(46)) - raft.server.log.statemachine.data.sync.timeout.retry = -1 (default)
2023-03-05 20:00:54,321 [s4-impl-thread1] INFO  server.RaftServerConfigKeys (ConfUtils.java:logGet(46)) - raft.server.log.write.buffer.size = 64KB (=65536) (default)
2023-03-05 20:00:54,321 [s4-impl-thread1] INFO  server.RaftServerConfigKeys (ConfUtils.java:logGet(46)) - raft.server.log.appender.buffer.byte-limit = 4MB (=4194304) (default)
2023-03-05 20:00:54,322 [s4-impl-thread1] INFO  server.RaftServerConfigKeys (ConfUtils.java:logGet(46)) - raft.server.log.unsafe-flush.enabled = false (default)
2023-03-05 20:00:54,322 [s4-impl-thread1] INFO  server.RaftServerConfigKeys (ConfUtils.java:logGet(46)) - raft.server.log.async-flush.enabled = false (default)
2023-03-05 20:00:54,322 [s4-impl-thread1] INFO  server.RaftServerConfigKeys (ConfUtils.java:logGet(46)) - raft.server.log.statemachine.data.caching.enabled = false (default)
2023-03-05 20:00:54,322 [s4-impl-thread1] INFO  segmented.SegmentedRaftLogWorker (SegmentedRaftLogWorker.java:lambda$new$0(134)) - s4@group-35EF2EC6ADD7-SegmentedRaftLogWorker: flushIndex: setUnconditionally 0 -> -1
2023-03-05 20:00:54,322 [s4-impl-thread1] INFO  segmented.SegmentedRaftLogWorker (SegmentedRaftLogWorker.java:lambda$new$0(134)) - s4@group-35EF2EC6ADD7-SegmentedRaftLogWorker: safeCacheEvictIndex: setUnconditionally 0 -> -1
2023-03-05 20:00:54,323 [s4-impl-thread1] INFO  server.RaftServer$Division (RaftServerImpl.java:start(342)) - s4@group-35EF2EC6ADD7: start as a follower, conf=-1: peers:[s3|rpc:localhost:42973|admin:localhost:37029|client:localhost:36937|dataStream:localhost:36905|priority:0|startupRole:FOLLOWER, s4|rpc:localhost:46797|admin:localhost:46241|client:localhost:40995|dataStream:localhost:44269|priority:0|startupRole:FOLLOWER, s5|rpc:localhost:40115|admin:localhost:38531|client:localhost:34869|dataStream:localhost:36531|priority:0|startupRole:FOLLOWER]|listeners:[], old=null
2023-03-05 20:00:54,323 [s4-impl-thread1] INFO  server.RaftServer$Division (RaftServerImpl.java:setRole(329)) - s4@group-35EF2EC6ADD7: changes role from      null to FOLLOWER at term 0 for startAsFollower
2023-03-05 20:00:54,323 [s4-impl-thread1] INFO  impl.RoleInfo (RoleInfo.java:updateAndGet(139)) - s4: start s4@group-35EF2EC6ADD7-FollowerState
2023-03-05 20:00:54,323 [s4-impl-thread1] INFO  util.JmxRegister (JmxRegister.java:tryRegister(44)) - Successfully registered JMX Bean with object name Ratis:service=RaftServer,group=group-35EF2EC6ADD7,id=s4
2023-03-05 20:00:54,323 [s4-impl-thread1] INFO  server.RaftServerConfigKeys (ConfUtils.java:logGet(46)) - raft.server.snapshot.auto.trigger.enabled = false (default)
2023-03-05 20:00:54,323 [s4-impl-thread1] INFO  server.RaftServerConfigKeys (ConfUtils.java:logGet(46)) - raft.server.snapshot.retention.file.num = -1 (default)
2023-03-05 20:00:54,323 [s4-impl-thread1] INFO  server.RaftServerConfigKeys (ConfUtils.java:logGet(46)) - raft.server.log.purge.upto.snapshot.index = false (default)
2023-03-05 20:00:54,324 [s4@group-35EF2EC6ADD7-FollowerState] INFO  server.RaftServerConfigKeys (ConfUtils.java:logFallback(53)) - raft.server.rpc.first-election.timeout.min = 150ms (fallback to raft.server.rpc.timeout.min)
2023-03-05 20:00:54,324 [s4@group-35EF2EC6ADD7-FollowerState] INFO  server.RaftServerConfigKeys (ConfUtils.java:logFallback(53)) - raft.server.rpc.first-election.timeout.max = 300ms (fallback to raft.server.rpc.timeout.max)
2023-03-05 20:00:54,324 [Time-limited test] INFO  server.RaftServer (RaftServerProxy.java:startImpl(401)) - s4: start RPC server
2023-03-05 20:00:54,324 [Time-limited test] INFO  server.GrpcService (GrpcService.java:startImpl(302)) - s4: GrpcService started, listening on 40995
2023-03-05 20:00:54,324 [Time-limited test] INFO  server.GrpcService (GrpcService.java:startImpl(302)) - s4: GrpcService started, listening on 46797
2023-03-05 20:00:54,325 [Time-limited test] INFO  server.GrpcService (GrpcService.java:startImpl(302)) - s4: GrpcService started, listening on 46241
2023-03-05 20:00:54,331 [s5-impl-thread1] INFO  server.RaftServerConfigKeys (ConfUtils.java:logGet(46)) - raft.server.storage.free-space.min = 0MB (=0) (default)
2023-03-05 20:00:54,331 [s5-impl-thread1] INFO  server.RaftServerConfigKeys (ConfUtils.java:logGet(46)) - raft.server.log.corruption.policy = EXCEPTION (default)
2023-03-05 20:00:54,331 [s5-impl-thread1] INFO  server.RaftServerConfigKeys (ConfUtils.java:logGet(46)) - raft.server.storage.dir = [/home/runner/work/ratis/ratis/ratis-test/target/test/data/eb38e2a1/MiniRaftClusterWithGrpc4b1a6f13/s5] (custom)
2023-03-05 20:00:54,331 [s5-impl-thread1] INFO  storage.RaftStorageDirectory (RaftStorageDirectoryImpl.java:analyzeStorage(138)) - The storage directory /home/runner/work/ratis/ratis/ratis-test/target/test/data/eb38e2a1/MiniRaftClusterWithGrpc4b1a6f13/s5/13e7a469-f6a1-4723-a4d3-35ef2ec6add7 does not exist. Creating ...
2023-03-05 20:00:54,331 [s5-impl-thread1] TRACE util.FileUtils (LogUtils.java:runAndLog(49)) - Successfully ran Files.createDirectories /home/runner/work/ratis/ratis/ratis-test/target/test/data/eb38e2a1/MiniRaftClusterWithGrpc4b1a6f13/s5/13e7a469-f6a1-4723-a4d3-35ef2ec6add7
2023-03-05 20:00:54,331 [JvmPauseMonitor18] INFO  util.JvmPauseMonitor (JvmPauseMonitor.java:run(103)) - JvmPauseMonitor-s4: Started
2023-03-05 20:00:54,333 [s5-impl-thread1] INFO  storage.RaftStorageDirectory (RaftStorageDirectoryImpl.java:tryLock(232)) - Lock on /home/runner/work/ratis/ratis/ratis-test/target/test/data/eb38e2a1/MiniRaftClusterWithGrpc4b1a6f13/s5/13e7a469-f6a1-4723-a4d3-35ef2ec6add7/in_use.lock acquired by nodename 17119@fv-az260-985
2023-03-05 20:00:54,333 [s5-impl-thread1] TRACE util.FileUtils (LogUtils.java:runAndLog(49)) - Successfully ran Files.createDirectories /home/runner/work/ratis/ratis/ratis-test/target/test/data/eb38e2a1/MiniRaftClusterWithGrpc4b1a6f13/s5/13e7a469-f6a1-4723-a4d3-35ef2ec6add7/current
2023-03-05 20:00:54,333 [s5-impl-thread1] TRACE util.FileUtils (LogUtils.java:runAndLog(49)) - Successfully ran Files.createDirectories /home/runner/work/ratis/ratis/ratis-test/target/test/data/eb38e2a1/MiniRaftClusterWithGrpc4b1a6f13/s5/13e7a469-f6a1-4723-a4d3-35ef2ec6add7/sm
2023-03-05 20:00:54,336 [s5-impl-thread1] INFO  storage.RaftStorage (RaftStorageImpl.java:format(96)) - Storage directory /home/runner/work/ratis/ratis/ratis-test/target/test/data/eb38e2a1/MiniRaftClusterWithGrpc4b1a6f13/s5/13e7a469-f6a1-4723-a4d3-35ef2ec6add7 has been successfully formatted.
2023-03-05 20:00:54,336 [s5-impl-thread1] INFO  impl.SimpleStateMachine4Testing (SimpleStateMachine4Testing.java:initialize(213)) - Initializing SimpleStateMachine4Testing:uninitialized
2023-03-05 20:00:54,337 [s5-impl-thread1] INFO  impl.SimpleStateMachine4Testing (SimpleStateMachine4Testing.java:loadSnapshot(293)) - Loading snapshot null
2023-03-05 20:00:54,337 [s5-impl-thread1] INFO  server.RaftServerConfigKeys (ConfUtils.java:logGet(46)) - raft.server.log.use.memory = false (default)
2023-03-05 20:00:54,337 [s5-impl-thread1] INFO  server.RaftServerConfigKeys (ConfUtils.java:logGet(46)) - raft.server.log.purge.gap = 1024 (default)
2023-03-05 20:00:54,337 [s5-impl-thread1] INFO  server.RaftServerConfigKeys (ConfUtils.java:logGet(46)) - raft.server.log.appender.buffer.byte-limit = 4MB (=4194304) (default)
2023-03-05 20:00:54,337 [s5-impl-thread1] INFO  server.RaftServerConfigKeys (ConfUtils.java:logGet(46)) - raft.server.log.statemachine.data.read.timeout = 1000ms (default)
2023-03-05 20:00:54,337 [s5-impl-thread1] INFO  server.RaftServerConfigKeys (ConfUtils.java:logGet(46)) - raft.server.log.purge.preservation.log.num = 0 (default)
2023-03-05 20:00:54,337 [s5-impl-thread1] INFO  server.RaftServerConfigKeys (ConfUtils.java:logGet(46)) - raft.server.log.segment.size.max = 8MB (=8388608) (default)
2023-03-05 20:00:54,337 [s5-impl-thread1] INFO  server.RaftServerConfigKeys (ConfUtils.java:logGet(46)) - raft.server.log.segment.cache.num.max = 6 (default)
2023-03-05 20:00:54,338 [s5-impl-thread1] INFO  server.RaftServerConfigKeys (ConfUtils.java:logGet(46)) - raft.server.log.segment.cache.size.max = 200MB (=209715200) (default)
2023-03-05 20:00:54,338 [s5-impl-thread1] INFO  server.RaftServerConfigKeys (ConfUtils.java:logGet(46)) - raft.server.log.appender.buffer.byte-limit = 4MB (=4194304) (default)
2023-03-05 20:00:54,338 [s5-impl-thread1] INFO  segmented.SegmentedRaftLogWorker (SegmentedRaftLogWorker.java:<init>(183)) - new s5@group-35EF2EC6ADD7-SegmentedRaftLogWorker for RaftStorageImpl:Storage Directory /home/runner/work/ratis/ratis/ratis-test/target/test/data/eb38e2a1/MiniRaftClusterWithGrpc4b1a6f13/s5/13e7a469-f6a1-4723-a4d3-35ef2ec6add7
2023-03-05 20:00:54,338 [s5-impl-thread1] INFO  server.RaftServerConfigKeys (ConfUtils.java:logGet(46)) - raft.server.log.queue.byte-limit = 64MB (=67108864) (default)
2023-03-05 20:00:54,338 [s5-impl-thread1] INFO  server.RaftServerConfigKeys (ConfUtils.java:logGet(46)) - raft.server.log.queue.element-limit = 4096 (default)
2023-03-05 20:00:54,338 [s5-impl-thread1] INFO  server.RaftServerConfigKeys (ConfUtils.java:logGet(46)) - raft.server.log.segment.size.max = 8MB (=8388608) (default)
2023-03-05 20:00:54,338 [s5-impl-thread1] INFO  server.RaftServerConfigKeys (ConfUtils.java:logGet(46)) - raft.server.log.preallocated.size = 4MB (=4194304) (default)
2023-03-05 20:00:54,338 [s5-impl-thread1] INFO  server.RaftServerConfigKeys (ConfUtils.java:logGet(46)) - raft.server.log.force.sync.num = 128 (default)
2023-03-05 20:00:54,338 [s5-impl-thread1] INFO  server.RaftServerConfigKeys (ConfUtils.java:logGet(46)) - raft.server.log.statemachine.data.sync = true (default)
2023-03-05 20:00:54,338 [s5-impl-thread1] INFO  server.RaftServerConfigKeys (ConfUtils.java:logGet(46)) - raft.server.log.statemachine.data.sync.timeout = 10s (default)
2023-03-05 20:00:54,339 [s5-impl-thread1] INFO  server.RaftServerConfigKeys (ConfUtils.java:logGet(46)) - raft.server.log.statemachine.data.sync.timeout.retry = -1 (default)
2023-03-05 20:00:54,339 [s5-impl-thread1] INFO  server.RaftServerConfigKeys (ConfUtils.java:logGet(46)) - raft.server.log.write.buffer.size = 64KB (=65536) (default)
2023-03-05 20:00:54,339 [s5-impl-thread1] INFO  server.RaftServerConfigKeys (ConfUtils.java:logGet(46)) - raft.server.log.appender.buffer.byte-limit = 4MB (=4194304) (default)
2023-03-05 20:00:54,340 [s5-impl-thread1] INFO  server.RaftServerConfigKeys (ConfUtils.java:logGet(46)) - raft.server.log.unsafe-flush.enabled = false (default)
2023-03-05 20:00:54,341 [s5-impl-thread1] INFO  server.RaftServerConfigKeys (ConfUtils.java:logGet(46)) - raft.server.log.async-flush.enabled = false (default)
2023-03-05 20:00:54,341 [s5-impl-thread1] INFO  server.RaftServerConfigKeys (ConfUtils.java:logGet(46)) - raft.server.log.statemachine.data.caching.enabled = false (default)
2023-03-05 20:00:54,341 [s5-impl-thread1] INFO  segmented.SegmentedRaftLogWorker (SegmentedRaftLogWorker.java:lambda$new$0(134)) - s5@group-35EF2EC6ADD7-SegmentedRaftLogWorker: flushIndex: setUnconditionally 0 -> -1
2023-03-05 20:00:54,341 [s5-impl-thread1] INFO  segmented.SegmentedRaftLogWorker (SegmentedRaftLogWorker.java:lambda$new$0(134)) - s5@group-35EF2EC6ADD7-SegmentedRaftLogWorker: safeCacheEvictIndex: setUnconditionally 0 -> -1
2023-03-05 20:00:54,341 [s5-impl-thread1] INFO  server.RaftServer$Division (RaftServerImpl.java:start(342)) - s5@group-35EF2EC6ADD7: start as a follower, conf=-1: peers:[s3|rpc:localhost:42973|admin:localhost:37029|client:localhost:36937|dataStream:localhost:36905|priority:0|startupRole:FOLLOWER, s4|rpc:localhost:46797|admin:localhost:46241|client:localhost:40995|dataStream:localhost:44269|priority:0|startupRole:FOLLOWER, s5|rpc:localhost:40115|admin:localhost:38531|client:localhost:34869|dataStream:localhost:36531|priority:0|startupRole:FOLLOWER]|listeners:[], old=null
2023-03-05 20:00:54,341 [s5-impl-thread1] INFO  server.RaftServer$Division (RaftServerImpl.java:setRole(329)) - s5@group-35EF2EC6ADD7: changes role from      null to FOLLOWER at term 0 for startAsFollower
2023-03-05 20:00:54,341 [s5-impl-thread1] INFO  impl.RoleInfo (RoleInfo.java:updateAndGet(139)) - s5: start s5@group-35EF2EC6ADD7-FollowerState
2023-03-05 20:00:54,343 [s5-impl-thread1] INFO  util.JmxRegister (JmxRegister.java:tryRegister(44)) - Successfully registered JMX Bean with object name Ratis:service=RaftServer,group=group-35EF2EC6ADD7,id=s5
2023-03-05 20:00:54,343 [s5@group-35EF2EC6ADD7-FollowerState] INFO  server.RaftServerConfigKeys (ConfUtils.java:logFallback(53)) - raft.server.rpc.first-election.timeout.min = 150ms (fallback to raft.server.rpc.timeout.min)
2023-03-05 20:00:54,343 [s5-impl-thread1] INFO  server.RaftServerConfigKeys (ConfUtils.java:logGet(46)) - raft.server.snapshot.auto.trigger.enabled = false (default)
2023-03-05 20:00:54,343 [s5-impl-thread1] INFO  server.RaftServerConfigKeys (ConfUtils.java:logGet(46)) - raft.server.snapshot.retention.file.num = -1 (default)
2023-03-05 20:00:54,343 [s5-impl-thread1] INFO  server.RaftServerConfigKeys (ConfUtils.java:logGet(46)) - raft.server.log.purge.upto.snapshot.index = false (default)
2023-03-05 20:00:54,343 [s5@group-35EF2EC6ADD7-FollowerState] INFO  server.RaftServerConfigKeys (ConfUtils.java:logFallback(53)) - raft.server.rpc.first-election.timeout.max = 300ms (fallback to raft.server.rpc.timeout.max)
2023-03-05 20:00:54,344 [Time-limited test] INFO  server.RaftServer (RaftServerProxy.java:startImpl(401)) - s5: start RPC server
2023-03-05 20:00:54,344 [Time-limited test] INFO  server.GrpcService (GrpcService.java:startImpl(302)) - s5: GrpcService started, listening on 34869
2023-03-05 20:00:54,345 [Time-limited test] INFO  server.GrpcService (GrpcService.java:startImpl(302)) - s5: GrpcService started, listening on 40115
2023-03-05 20:00:54,346 [Time-limited test] INFO  server.GrpcService (GrpcService.java:startImpl(302)) - s5: GrpcService started, listening on 38531
2023-03-05 20:00:54,347 [JvmPauseMonitor19] INFO  util.JvmPauseMonitor (JvmPauseMonitor.java:run(103)) - JvmPauseMonitor-s5: Started
2023-03-05 20:00:54,351 [Time-limited test] DEBUG client.GrpcClientProtocolClient (ConfUtils.java:logGet(46)) - raft.grpc.flow.control.window = 1MB (=1048576) (default)
2023-03-05 20:00:54,351 [Time-limited test] DEBUG client.GrpcClientProtocolClient (ConfUtils.java:logGet(46)) - raft.grpc.message.size.max = 64MB (=67108864) (default)
2023-03-05 20:00:54,390 [grpc-default-executor-8] TRACE client.GrpcClientProtocolClient (GrpcClientProtocolClient.java:onNext(311)) - client-44DD638EEB1C->s3: receive RaftClientReply:client-44DD638EEB1C->s3@group-35EF2EC6ADD7, cid=66, FAILED org.apache.ratis.protocol.exceptions.NotLeaderException: Server s3@group-35EF2EC6ADD7 is not the leader, logIndex=0, commits[s3:c-1]
2023-03-05 20:00:54,480 [s3@group-35EF2EC6ADD7-FollowerState] INFO  impl.FollowerState (FollowerState.java:run(143)) - s3@group-35EF2EC6ADD7-FollowerState: change to CANDIDATE, lastRpcElapsedTime:172299467ns, electionTimeout:171ms
2023-03-05 20:00:54,480 [s3@group-35EF2EC6ADD7-FollowerState] INFO  impl.RoleInfo (RoleInfo.java:shutdownFollowerState(110)) - s3: shutdown s3@group-35EF2EC6ADD7-FollowerState
2023-03-05 20:00:54,481 [s3@group-35EF2EC6ADD7-FollowerState] INFO  server.RaftServer$Division (RaftServerImpl.java:setRole(329)) - s3@group-35EF2EC6ADD7: changes role from  FOLLOWER to CANDIDATE at term 0 for changeToCandidate
2023-03-05 20:00:54,481 [s3@group-35EF2EC6ADD7-FollowerState] INFO  server.RaftServerConfigKeys (ConfUtils.java:logGet(46)) - raft.server.leaderelection.pre-vote = true (default)
2023-03-05 20:00:54,481 [s3@group-35EF2EC6ADD7-FollowerState] INFO  impl.RoleInfo (RoleInfo.java:updateAndGet(139)) - s3: start s3@group-35EF2EC6ADD7-LeaderElection17
2023-03-05 20:00:54,483 [s3@group-35EF2EC6ADD7-LeaderElection17] INFO  impl.LeaderElection (LeaderElection.java:askForVotes(309)) - s3@group-35EF2EC6ADD7-LeaderElection17 PRE_VOTE round 0: submit vote requests at term 0 for -1: peers:[s3|rpc:localhost:42973|admin:localhost:37029|client:localhost:36937|dataStream:localhost:36905|priority:0|startupRole:FOLLOWER, s4|rpc:localhost:46797|admin:localhost:46241|client:localhost:40995|dataStream:localhost:44269|priority:0|startupRole:FOLLOWER, s5|rpc:localhost:40115|admin:localhost:38531|client:localhost:34869|dataStream:localhost:36531|priority:0|startupRole:FOLLOWER]|listeners:[], old=null
2023-03-05 20:00:54,483 [s3@group-35EF2EC6ADD7-LeaderElection17-1] INFO  server.GrpcServerProtocolClient (GrpcServerProtocolClient.java:<init>(63)) - Build channel for s4
2023-03-05 20:00:54,484 [s3@group-35EF2EC6ADD7-LeaderElection17] INFO  server.RaftServerConfigKeys (ConfUtils.java:logFallback(53)) - raft.server.rpc.first-election.timeout.min = 150ms (fallback to raft.server.rpc.timeout.min)
2023-03-05 20:00:54,484 [s3@group-35EF2EC6ADD7-LeaderElection17] INFO  server.RaftServerConfigKeys (ConfUtils.java:logFallback(53)) - raft.server.rpc.first-election.timeout.max = 300ms (fallback to raft.server.rpc.timeout.max)
2023-03-05 20:00:54,484 [s3@group-35EF2EC6ADD7-LeaderElection17-2] INFO  server.GrpcServerProtocolClient (GrpcServerProtocolClient.java:<init>(63)) - Build channel for s5
2023-03-05 20:00:54,496 [timer1] DEBUG client.GrpcClientProtocolClient (ConfUtils.java:logGet(46)) - raft.grpc.flow.control.window = 1MB (=1048576) (default)
2023-03-05 20:00:54,496 [timer1] DEBUG client.GrpcClientProtocolClient (ConfUtils.java:logGet(46)) - raft.grpc.message.size.max = 64MB (=67108864) (default)
2023-03-05 20:00:54,524 [grpc-default-executor-7] INFO  server.RaftServer$Division (RaftServerImpl.java:requestVote(1302)) - s5@group-35EF2EC6ADD7: receive requestVote(PRE_VOTE, s3, group-35EF2EC6ADD7, 0, (t:0, i:0))
2023-03-05 20:00:54,524 [grpc-default-executor-7] INFO  impl.VoteContext (VoteContext.java:log(49)) - s5@group-35EF2EC6ADD7-FOLLOWER: accept PRE_VOTE from s3: our priority 0 <= candidate's priority 0
2023-03-05 20:00:54,524 [grpc-default-executor-7] INFO  server.RaftServer$Division (RaftServerImpl.java:requestVote(1335)) - s5@group-35EF2EC6ADD7 replies to PRE_VOTE vote request: s3<-s5#0:OK-t0. Peer's state: s5@group-35EF2EC6ADD7:t0, leader=null, voted=, raftlog=Memoized:s5@group-35EF2EC6ADD7-SegmentedRaftLog:OPENED:c-1, conf=-1: peers:[s3|rpc:localhost:42973|admin:localhost:37029|client:localhost:36937|dataStream:localhost:36905|priority:0|startupRole:FOLLOWER, s4|rpc:localhost:46797|admin:localhost:46241|client:localhost:40995|dataStream:localhost:44269|priority:0|startupRole:FOLLOWER, s5|rpc:localhost:40115|admin:localhost:38531|client:localhost:34869|dataStream:localhost:36531|priority:0|startupRole:FOLLOWER]|listeners:[], old=null
2023-03-05 20:00:54,525 [s3@group-35EF2EC6ADD7-LeaderElection17] INFO  impl.LeaderElection (LeaderElection.java:logAndReturn(89)) - s3@group-35EF2EC6ADD7-LeaderElection17: PRE_VOTE PASSED received 1 response(s) and 0 exception(s):
2023-03-05 20:00:54,526 [s3@group-35EF2EC6ADD7-LeaderElection17] INFO  impl.LeaderElection (LeaderElection.java:logAndReturn(93)) -   Response 0: s3<-s5#0:OK-t0
2023-03-05 20:00:54,526 [s3@group-35EF2EC6ADD7-LeaderElection17] INFO  impl.LeaderElection (LeaderElection.java:askForVotes(311)) - s3@group-35EF2EC6ADD7-LeaderElection17 PRE_VOTE round 0: result PASSED
2023-03-05 20:00:54,529 [s3@group-35EF2EC6ADD7-LeaderElection17] INFO  impl.LeaderElection (LeaderElection.java:askForVotes(309)) - s3@group-35EF2EC6ADD7-LeaderElection17 ELECTION round 0: submit vote requests at term 1 for -1: peers:[s3|rpc:localhost:42973|admin:localhost:37029|client:localhost:36937|dataStream:localhost:36905|priority:0|startupRole:FOLLOWER, s4|rpc:localhost:46797|admin:localhost:46241|client:localhost:40995|dataStream:localhost:44269|priority:0|startupRole:FOLLOWER, s5|rpc:localhost:40115|admin:localhost:38531|client:localhost:34869|dataStream:localhost:36531|priority:0|startupRole:FOLLOWER]|listeners:[], old=null
2023-03-05 20:00:54,538 [s3@group-35EF2EC6ADD7-LeaderElection17] INFO  server.RaftServerConfigKeys (ConfUtils.java:logFallback(53)) - raft.server.rpc.first-election.timeout.min = 150ms (fallback to raft.server.rpc.timeout.min)
2023-03-05 20:00:54,539 [s3@group-35EF2EC6ADD7-LeaderElection17] INFO  server.RaftServerConfigKeys (ConfUtils.java:logFallback(53)) - raft.server.rpc.first-election.timeout.max = 300ms (fallback to raft.server.rpc.timeout.max)
2023-03-05 20:00:54,540 [grpc-default-executor-7] INFO  server.RaftServer$Division (RaftServerImpl.java:requestVote(1302)) - s5@group-35EF2EC6ADD7: receive requestVote(ELECTION, s3, group-35EF2EC6ADD7, 1, (t:0, i:0))
2023-03-05 20:00:54,540 [grpc-default-executor-7] INFO  impl.VoteContext (VoteContext.java:log(49)) - s5@group-35EF2EC6ADD7-FOLLOWER: accept ELECTION from s3: our priority 0 <= candidate's priority 0
2023-03-05 20:00:54,540 [grpc-default-executor-7] INFO  server.RaftServer$Division (RaftServerImpl.java:setRole(329)) - s5@group-35EF2EC6ADD7: changes role from  FOLLOWER to FOLLOWER at term 1 for candidate:s3
2023-03-05 20:00:54,540 [grpc-default-executor-7] INFO  impl.RoleInfo (RoleInfo.java:shutdownFollowerState(110)) - s5: shutdown s5@group-35EF2EC6ADD7-FollowerState
2023-03-05 20:00:54,541 [grpc-default-executor-7] INFO  impl.RoleInfo (RoleInfo.java:updateAndGet(139)) - s5: start s5@group-35EF2EC6ADD7-FollowerState
2023-03-05 20:00:54,541 [s5@group-35EF2EC6ADD7-FollowerState] INFO  impl.FollowerState (FollowerState.java:run(152)) - s5@group-35EF2EC6ADD7-FollowerState was interrupted
2023-03-05 20:00:54,555 [s5@group-35EF2EC6ADD7-FollowerState] INFO  server.RaftServerConfigKeys (ConfUtils.java:logFallback(53)) - raft.server.rpc.first-election.timeout.min = 150ms (fallback to raft.server.rpc.timeout.min)
2023-03-05 20:00:54,555 [s5@group-35EF2EC6ADD7-FollowerState] INFO  server.RaftServerConfigKeys (ConfUtils.java:logFallback(53)) - raft.server.rpc.first-election.timeout.max = 300ms (fallback to raft.server.rpc.timeout.max)
2023-03-05 20:00:54,555 [grpc-default-executor-7] INFO  server.RaftServer$Division (RaftServerImpl.java:requestVote(1335)) - s5@group-35EF2EC6ADD7 replies to ELECTION vote request: s3<-s5#0:OK-t1. Peer's state: s5@group-35EF2EC6ADD7:t1, leader=null, voted=s3, raftlog=Memoized:s5@group-35EF2EC6ADD7-SegmentedRaftLog:OPENED:c-1, conf=-1: peers:[s3|rpc:localhost:42973|admin:localhost:37029|client:localhost:36937|dataStream:localhost:36905|priority:0|startupRole:FOLLOWER, s4|rpc:localhost:46797|admin:localhost:46241|client:localhost:40995|dataStream:localhost:44269|priority:0|startupRole:FOLLOWER, s5|rpc:localhost:40115|admin:localhost:38531|client:localhost:34869|dataStream:localhost:36531|priority:0|startupRole:FOLLOWER]|listeners:[], old=null
2023-03-05 20:00:54,556 [s3@group-35EF2EC6ADD7-LeaderElection17] INFO  impl.LeaderElection (LeaderElection.java:logAndReturn(89)) - s3@group-35EF2EC6ADD7-LeaderElection17: ELECTION PASSED received 1 response(s) and 0 exception(s):
2023-03-05 20:00:54,556 [s3@group-35EF2EC6ADD7-LeaderElection17] INFO  impl.LeaderElection (LeaderElection.java:logAndReturn(93)) -   Response 0: s3<-s5#0:OK-t1
2023-03-05 20:00:54,556 [s3@group-35EF2EC6ADD7-LeaderElection17] INFO  impl.LeaderElection (LeaderElection.java:askForVotes(311)) - s3@group-35EF2EC6ADD7-LeaderElection17 ELECTION round 0: result PASSED
2023-03-05 20:00:54,556 [s3@group-35EF2EC6ADD7-LeaderElection17] INFO  impl.RoleInfo (RoleInfo.java:shutdownLeaderElection(130)) - s3: shutdown s3@group-35EF2EC6ADD7-LeaderElection17
2023-03-05 20:00:54,556 [s3@group-35EF2EC6ADD7-LeaderElection17] INFO  server.RaftServer$Division (RaftServerImpl.java:setRole(329)) - s3@group-35EF2EC6ADD7: changes role from CANDIDATE to LEADER at term 1 for changeToLeader
2023-03-05 20:00:54,556 [s3@group-35EF2EC6ADD7-LeaderElection17] INFO  server.RaftServer$Division (ServerState.java:setLeader(260)) - s3@group-35EF2EC6ADD7: change Leader from null to s3 at term 1 for becomeLeader, leader elected after 267ms
2023-03-05 20:00:54,556 [s3@group-35EF2EC6ADD7-LeaderElection17] INFO  server.RaftServerConfigKeys (ConfUtils.java:logGet(46)) - raft.server.staging.catchup.gap = 1000 (default)
2023-03-05 20:00:54,557 [s3@group-35EF2EC6ADD7-LeaderElection17] INFO  server.RaftServerConfigKeys (ConfUtils.java:logGet(46)) - raft.server.write.element-limit = 10 (custom)
2023-03-05 20:00:54,557 [s3@group-35EF2EC6ADD7-LeaderElection17] INFO  server.RaftServerConfigKeys (ConfUtils.java:logGet(46)) - raft.server.write.byte-limit = 1MB (=1048576) (custom)
2023-03-05 20:00:54,557 [s3@group-35EF2EC6ADD7-LeaderElection17] INFO  server.RaftServerConfigKeys (ConfUtils.java:logGet(46)) - raft.server.watch.timeout = 10s (default)
2023-03-05 20:00:54,557 [s3@group-35EF2EC6ADD7-LeaderElection17] INFO  server.RaftServerConfigKeys (ConfUtils.java:logGet(46)) - raft.server.watch.timeout.denomination = 1s (default)
2023-03-05 20:00:54,557 [s3@group-35EF2EC6ADD7-LeaderElection17] INFO  server.RaftServerConfigKeys (ConfUtils.java:logGet(46)) - raft.server.watch.element-limit = 65536 (default)
2023-03-05 20:00:54,557 [s3@group-35EF2EC6ADD7-LeaderElection17] INFO  server.RaftServerConfigKeys (ConfUtils.java:logGet(46)) - raft.server.write.element-limit = 10 (custom)
2023-03-05 20:00:54,557 [s3@group-35EF2EC6ADD7-LeaderElection17] INFO  server.RaftServerConfigKeys (ConfUtils.java:logGet(46)) - raft.server.write.follower.gap.ratio.max = -1.0 (default)
2023-03-05 20:00:54,557 [s3@group-35EF2EC6ADD7-LeaderElection17] INFO  server.RaftServerConfigKeys (ConfUtils.java:logGet(46)) - raft.server.log.appender.snapshot.chunk.size.max = 16MB (=16777216) (default)
2023-03-05 20:00:54,557 [s3@group-35EF2EC6ADD7-LeaderElection17] INFO  server.RaftServerConfigKeys (ConfUtils.java:logGet(46)) - raft.server.log.appender.buffer.byte-limit = 4MB (=4194304) (default)
2023-03-05 20:00:54,557 [s3@group-35EF2EC6ADD7-LeaderElection17] INFO  server.RaftServerConfigKeys (ConfUtils.java:logGet(46)) - raft.server.log.appender.buffer.element-limit = 0 (default)
2023-03-05 20:00:54,558 [s3@group-35EF2EC6ADD7-LeaderElection17] INFO  server.RaftServerConfigKeys (ConfUtils.java:logGet(46)) - raft.server.log.appender.wait-time.min = 10ms (default)
2023-03-05 20:00:54,558 [s3@group-35EF2EC6ADD7-LeaderElection17] INFO  grpc.GrpcConfigKeys (ConfUtils.java:logGet(46)) - raft.grpc.server.leader.outstanding.appends.max = 128 (default)
2023-03-05 20:00:54,558 [s3@group-35EF2EC6ADD7-LeaderElection17] INFO  server.RaftServerConfigKeys (ConfUtils.java:logGet(46)) - raft.server.rpc.request.timeout = 3000ms (default)
2023-03-05 20:00:54,558 [s3@group-35EF2EC6ADD7-LeaderElection17] INFO  server.RaftServerConfigKeys (ConfUtils.java:logGet(46)) - raft.server.log.appender.install.snapshot.enabled = true (default)
2023-03-05 20:00:54,558 [s3@group-35EF2EC6ADD7-LeaderElection17] INFO  grpc.GrpcConfigKeys (ConfUtils.java:logGet(46)) - raft.grpc.server.heartbeat.channel = true (default)
2023-03-05 20:00:54,558 [s3@group-35EF2EC6ADD7-LeaderElection17] INFO  server.RaftServerConfigKeys (ConfUtils.java:logGet(46)) - raft.server.log.appender.snapshot.chunk.size.max = 16MB (=16777216) (default)
2023-03-05 20:00:54,558 [s3@group-35EF2EC6ADD7-LeaderElection17] INFO  server.RaftServerConfigKeys (ConfUtils.java:logGet(46)) - raft.server.log.appender.buffer.byte-limit = 4MB (=4194304) (default)
2023-03-05 20:00:54,558 [s3@group-35EF2EC6ADD7-LeaderElection17] INFO  server.RaftServerConfigKeys (ConfUtils.java:logGet(46)) - raft.server.log.appender.buffer.element-limit = 0 (default)
2023-03-05 20:00:54,558 [s3@group-35EF2EC6ADD7-LeaderElection17] INFO  server.RaftServerConfigKeys (ConfUtils.java:logGet(46)) - raft.server.log.appender.wait-time.min = 10ms (default)
2023-03-05 20:00:54,559 [s3@group-35EF2EC6ADD7-LeaderElection17] INFO  grpc.GrpcConfigKeys (ConfUtils.java:logGet(46)) - raft.grpc.server.leader.outstanding.appends.max = 128 (default)
2023-03-05 20:00:54,559 [s3@group-35EF2EC6ADD7-LeaderElection17] INFO  server.RaftServerConfigKeys (ConfUtils.java:logGet(46)) - raft.server.rpc.request.timeout = 3000ms (default)
2023-03-05 20:00:54,559 [s3@group-35EF2EC6ADD7-LeaderElection17] INFO  server.RaftServerConfigKeys (ConfUtils.java:logGet(46)) - raft.server.log.appender.install.snapshot.enabled = true (default)
2023-03-05 20:00:54,559 [s3@group-35EF2EC6ADD7-LeaderElection17] INFO  grpc.GrpcConfigKeys (ConfUtils.java:logGet(46)) - raft.grpc.server.heartbeat.channel = true (default)
2023-03-05 20:00:54,559 [s3@group-35EF2EC6ADD7-LeaderElection17] INFO  impl.RoleInfo (RoleInfo.java:updateAndGet(139)) - s3: start s3@group-35EF2EC6ADD7-LeaderStateImpl
2023-03-05 20:00:54,559 [s3@group-35EF2EC6ADD7-LeaderElection17] INFO  segmented.SegmentedRaftLogWorker (SegmentedRaftLogWorker.java:startLogSegment(426)) - s3@group-35EF2EC6ADD7-SegmentedRaftLogWorker: Starting segment from index:0
2023-03-05 20:00:54,567 [grpc-default-executor-8] INFO  server.RaftServer$Division (RaftServerImpl.java:requestVote(1302)) - s4@group-35EF2EC6ADD7: receive requestVote(ELECTION, s3, group-35EF2EC6ADD7, 1, (t:0, i:0))
2023-03-05 20:00:54,567 [grpc-default-executor-8] INFO  impl.VoteContext (VoteContext.java:log(49)) - s4@group-35EF2EC6ADD7-FOLLOWER: accept ELECTION from s3: our priority 0 <= candidate's priority 0
2023-03-05 20:00:54,567 [grpc-default-executor-8] INFO  server.RaftServer$Division (RaftServerImpl.java:setRole(329)) - s4@group-35EF2EC6ADD7: changes role from  FOLLOWER to FOLLOWER at term 1 for candidate:s3
2023-03-05 20:00:54,567 [grpc-default-executor-8] INFO  impl.RoleInfo (RoleInfo.java:shutdownFollowerState(110)) - s4: shutdown s4@group-35EF2EC6ADD7-FollowerState
2023-03-05 20:00:54,567 [s4@group-35EF2EC6ADD7-FollowerState] INFO  impl.FollowerState (FollowerState.java:run(152)) - s4@group-35EF2EC6ADD7-FollowerState was interrupted
2023-03-05 20:00:54,567 [grpc-default-executor-4] INFO  server.RaftServer$Division (RaftServerImpl.java:requestVote(1302)) - s4@group-35EF2EC6ADD7: receive requestVote(PRE_VOTE, s3, group-35EF2EC6ADD7, 0, (t:0, i:0))
2023-03-05 20:00:54,570 [grpc-default-executor-8] INFO  impl.RoleInfo (RoleInfo.java:updateAndGet(139)) - s4: start s4@group-35EF2EC6ADD7-FollowerState
2023-03-05 20:00:54,571 [s3@group-35EF2EC6ADD7-SegmentedRaftLogWorker] INFO  segmented.SegmentedRaftLogWorker (SegmentedRaftLogWorker.java:execute(630)) - s3@group-35EF2EC6ADD7-SegmentedRaftLogWorker: created new log segment /home/runner/work/ratis/ratis/ratis-test/target/test/data/eb38e2a1/MiniRaftClusterWithGrpc4b1a6f13/s3/13e7a469-f6a1-4723-a4d3-35ef2ec6add7/current/log_inprogress_0
2023-03-05 20:00:54,574 [s3@group-35EF2EC6ADD7-LeaderElection17] INFO  server.RaftServer$Division (ServerState.java:setRaftConf(378)) - s3@group-35EF2EC6ADD7: set configuration 0: peers:[s3|rpc:localhost:42973|admin:localhost:37029|client:localhost:36937|dataStream:localhost:36905|priority:0|startupRole:FOLLOWER, s4|rpc:localhost:46797|admin:localhost:46241|client:localhost:40995|dataStream:localhost:44269|priority:0|startupRole:FOLLOWER, s5|rpc:localhost:40115|admin:localhost:38531|client:localhost:34869|dataStream:localhost:36531|priority:0|startupRole:FOLLOWER]|listeners:[], old=null
2023-03-05 20:00:54,577 [grpc-default-executor-8] INFO  server.RaftServer$Division (RaftServerImpl.java:requestVote(1335)) - s4@group-35EF2EC6ADD7 replies to ELECTION vote request: s3<-s4#0:OK-t1. Peer's state: s4@group-35EF2EC6ADD7:t1, leader=null, voted=s3, raftlog=Memoized:s4@group-35EF2EC6ADD7-SegmentedRaftLog:OPENED:c-1, conf=-1: peers:[s3|rpc:localhost:42973|admin:localhost:37029|client:localhost:36937|dataStream:localhost:36905|priority:0|startupRole:FOLLOWER, s4|rpc:localhost:46797|admin:localhost:46241|client:localhost:40995|dataStream:localhost:44269|priority:0|startupRole:FOLLOWER, s5|rpc:localhost:40115|admin:localhost:38531|client:localhost:34869|dataStream:localhost:36531|priority:0|startupRole:FOLLOWER]|listeners:[], old=null
2023-03-05 20:00:54,577 [grpc-default-executor-4] INFO  impl.VoteContext (VoteContext.java:log(49)) - s4@group-35EF2EC6ADD7-FOLLOWER: accept PRE_VOTE from s3: our priority 0 <= candidate's priority 0
2023-03-05 20:00:54,577 [grpc-default-executor-4] INFO  server.RaftServer$Division (RaftServerImpl.java:requestVote(1335)) - s4@group-35EF2EC6ADD7 replies to PRE_VOTE vote request: s3<-s4#0:OK-t1. Peer's state: s4@group-35EF2EC6ADD7:t1, leader=null, voted=s3, raftlog=Memoized:s4@group-35EF2EC6ADD7-SegmentedRaftLog:OPENED:c-1, conf=-1: peers:[s3|rpc:localhost:42973|admin:localhost:37029|client:localhost:36937|dataStream:localhost:36905|priority:0|startupRole:FOLLOWER, s4|rpc:localhost:46797|admin:localhost:46241|client:localhost:40995|dataStream:localhost:44269|priority:0|startupRole:FOLLOWER, s5|rpc:localhost:40115|admin:localhost:38531|client:localhost:34869|dataStream:localhost:36531|priority:0|startupRole:FOLLOWER]|listeners:[], old=null
2023-03-05 20:00:54,578 [s4@group-35EF2EC6ADD7-FollowerState] INFO  server.RaftServerConfigKeys (ConfUtils.java:logFallback(53)) - raft.server.rpc.first-election.timeout.min = 150ms (fallback to raft.server.rpc.timeout.min)
2023-03-05 20:00:54,578 [s4@group-35EF2EC6ADD7-FollowerState] INFO  server.RaftServerConfigKeys (ConfUtils.java:logFallback(53)) - raft.server.rpc.first-election.timeout.max = 300ms (fallback to raft.server.rpc.timeout.max)
2023-03-05 20:00:54,619 [s4-server-thread1] INFO  server.RaftServer$Division (ServerState.java:setLeader(260)) - s4@group-35EF2EC6ADD7: change Leader from null to s3 at term 1 for appendEntries, leader elected after 322ms
2023-03-05 20:00:54,621 [s5-server-thread1] INFO  server.RaftServer$Division (ServerState.java:setLeader(260)) - s5@group-35EF2EC6ADD7: change Leader from null to s3 at term 1 for appendEntries, leader elected after 319ms
2023-03-05 20:00:54,625 [s4-server-thread1] INFO  server.RaftServer$Division (ServerState.java:setRaftConf(378)) - s4@group-35EF2EC6ADD7: set configuration 0: peers:[s3|rpc:localhost:42973|admin:localhost:37029|client:localhost:36937|dataStream:localhost:36905|priority:0|startupRole:FOLLOWER, s4|rpc:localhost:46797|admin:localhost:46241|client:localhost:40995|dataStream:localhost:44269|priority:0|startupRole:FOLLOWER, s5|rpc:localhost:40115|admin:localhost:38531|client:localhost:34869|dataStream:localhost:36531|priority:0|startupRole:FOLLOWER]|listeners:[], old=null
2023-03-05 20:00:54,625 [s5-server-thread1] INFO  server.RaftServer$Division (ServerState.java:setRaftConf(378)) - s5@group-35EF2EC6ADD7: set configuration 0: peers:[s3|rpc:localhost:42973|admin:localhost:37029|client:localhost:36937|dataStream:localhost:36905|priority:0|startupRole:FOLLOWER, s4|rpc:localhost:46797|admin:localhost:46241|client:localhost:40995|dataStream:localhost:44269|priority:0|startupRole:FOLLOWER, s5|rpc:localhost:40115|admin:localhost:38531|client:localhost:34869|dataStream:localhost:36531|priority:0|startupRole:FOLLOWER]|listeners:[], old=null
2023-03-05 20:00:54,626 [s4-server-thread1] INFO  segmented.SegmentedRaftLogWorker (SegmentedRaftLogWorker.java:startLogSegment(426)) - s4@group-35EF2EC6ADD7-SegmentedRaftLogWorker: Starting segment from index:0
2023-03-05 20:00:54,626 [s5-server-thread1] INFO  segmented.SegmentedRaftLogWorker (SegmentedRaftLogWorker.java:startLogSegment(426)) - s5@group-35EF2EC6ADD7-SegmentedRaftLogWorker: Starting segment from index:0
2023-03-05 20:00:54,644 [s5@group-35EF2EC6ADD7-SegmentedRaftLogWorker] INFO  segmented.SegmentedRaftLogWorker (SegmentedRaftLogWorker.java:execute(630)) - s5@group-35EF2EC6ADD7-SegmentedRaftLogWorker: created new log segment /home/runner/work/ratis/ratis/ratis-test/target/test/data/eb38e2a1/MiniRaftClusterWithGrpc4b1a6f13/s5/13e7a469-f6a1-4723-a4d3-35ef2ec6add7/current/log_inprogress_0
2023-03-05 20:00:54,645 [s4@group-35EF2EC6ADD7-SegmentedRaftLogWorker] INFO  segmented.SegmentedRaftLogWorker (SegmentedRaftLogWorker.java:execute(630)) - s4@group-35EF2EC6ADD7-SegmentedRaftLogWorker: created new log segment /home/runner/work/ratis/ratis/ratis-test/target/test/data/eb38e2a1/MiniRaftClusterWithGrpc4b1a6f13/s4/13e7a469-f6a1-4723-a4d3-35ef2ec6add7/current/log_inprogress_0
2023-03-05 20:00:54,667 [grpc-default-executor-4] TRACE client.GrpcClientProtocolClient (GrpcClientProtocolClient.java:onNext(311)) - client-44DD638EEB1C->s5: receive RaftClientReply:client-44DD638EEB1C->s5@group-35EF2EC6ADD7, cid=66, FAILED org.apache.ratis.protocol.exceptions.NotLeaderException: Server s5@group-35EF2EC6ADD7 is not the leader s3|rpc:localhost:42973|admin:localhost:37029|client:localhost:36937|dataStream:localhost:36905|priority:0|startupRole:FOLLOWER, logIndex=0, commits[s5:c-1, s3:c-1, s4:c-1]
2023-03-05 20:00:54,725 [timer1] DEBUG client.GrpcClientProtocolClient (ConfUtils.java:logGet(46)) - raft.grpc.flow.control.window = 1MB (=1048576) (default)
2023-03-05 20:00:54,726 [timer1] DEBUG client.GrpcClientProtocolClient (ConfUtils.java:logGet(46)) - raft.grpc.message.size.max = 64MB (=67108864) (default)
2023-03-05 20:00:54,804 [grpc-default-executor-6] TRACE client.GrpcClientProtocolClient (GrpcClientProtocolClient.java:onNext(311)) - client-44DD638EEB1C->s3: receive RaftClientReply:client-44DD638EEB1C->s3@group-35EF2EC6ADD7, cid=66, SUCCESS, logIndex=0, commits[s3:c0, s4:c0, s5:c0]
2023-03-05 20:00:54,811 [s3@group-35EF2EC6ADD7-StateMachineUpdater] INFO  impl.SimpleStateMachine4Testing (SimpleStateMachine4Testing.java:put(205)) - s3: put 1, testing -> (t:1, i:1), STATEMACHINELOGENTRY, 67@client-44DD638EEB1C
2023-03-05 20:00:54,812 [grpc-default-executor-8] TRACE client.GrpcClientProtocolClient (GrpcClientProtocolClient.java:onNext(311)) - client-44DD638EEB1C->s3: receive RaftClientReply:client-44DD638EEB1C->s3@group-35EF2EC6ADD7, cid=67, SUCCESS, logIndex=1, commits[s3:c1, s4:c0, s5:c0]
2023-03-05 20:00:54,820 [s5@group-35EF2EC6ADD7-StateMachineUpdater] INFO  impl.SimpleStateMachine4Testing (SimpleStateMachine4Testing.java:put(205)) - s5: put 1, testing -> (t:1, i:1), STATEMACHINELOGENTRY, 67@client-44DD638EEB1C
2023-03-05 20:00:54,827 [Time-limited test] INFO  impl.SimpleStateMachine4Testing (SimpleStateMachine4Testing.java:block(135)) - block FLUSH_STATE_MACHINE_DATA
2023-03-05 20:00:54,827 [Time-limited test] DEBUG client.GrpcClientProtocolClient (ConfUtils.java:logGet(46)) - raft.grpc.flow.control.window = 1MB (=1048576) (default)
2023-03-05 20:00:54,827 [Time-limited test] DEBUG client.GrpcClientProtocolClient (ConfUtils.java:logGet(46)) - raft.grpc.message.size.max = 64MB (=67108864) (default)
2023-03-05 20:00:54,830 [Time-limited test] DEBUG client.GrpcClientProtocolClient (ConfUtils.java:logGet(46)) - raft.grpc.flow.control.window = 1MB (=1048576) (default)
2023-03-05 20:00:54,830 [Time-limited test] DEBUG client.GrpcClientProtocolClient (ConfUtils.java:logGet(46)) - raft.grpc.message.size.max = 64MB (=67108864) (default)
2023-03-05 20:00:54,831 [s4@group-35EF2EC6ADD7-StateMachineUpdater] INFO  impl.SimpleStateMachine4Testing (SimpleStateMachine4Testing.java:put(205)) - s4: put 1, testing -> (t:1, i:1), STATEMACHINELOGENTRY, 67@client-44DD638EEB1C
2023-03-05 20:00:54,852 [Time-limited test] DEBUG client.GrpcClientProtocolClient (ConfUtils.java:logGet(46)) - raft.grpc.flow.control.window = 1MB (=1048576) (default)
2023-03-05 20:00:54,852 [Time-limited test] DEBUG client.GrpcClientProtocolClient (ConfUtils.java:logGet(46)) - raft.grpc.message.size.max = 64MB (=67108864) (default)
2023-03-05 20:00:54,854 [Time-limited test] DEBUG client.GrpcClientProtocolClient (ConfUtils.java:logGet(46)) - raft.grpc.flow.control.window = 1MB (=1048576) (default)
2023-03-05 20:00:54,854 [Time-limited test] DEBUG client.GrpcClientProtocolClient (ConfUtils.java:logGet(46)) - raft.grpc.message.size.max = 64MB (=67108864) (default)
2023-03-05 20:00:54,860 [Time-limited test] DEBUG client.GrpcClientProtocolClient (ConfUtils.java:logGet(46)) - raft.grpc.flow.control.window = 1MB (=1048576) (default)
2023-03-05 20:00:54,860 [Time-limited test] DEBUG client.GrpcClientProtocolClient (ConfUtils.java:logGet(46)) - raft.grpc.message.size.max = 64MB (=67108864) (default)
2023-03-05 20:00:54,871 [Time-limited test] DEBUG client.GrpcClientProtocolClient (ConfUtils.java:logGet(46)) - raft.grpc.flow.control.window = 1MB (=1048576) (default)
2023-03-05 20:00:54,871 [Time-limited test] DEBUG client.GrpcClientProtocolClient (ConfUtils.java:logGet(46)) - raft.grpc.message.size.max = 64MB (=67108864) (default)
2023-03-05 20:00:54,873 [Time-limited test] DEBUG client.GrpcClientProtocolClient (ConfUtils.java:logGet(46)) - raft.grpc.flow.control.window = 1MB (=1048576) (default)
2023-03-05 20:00:54,873 [Time-limited test] DEBUG client.GrpcClientProtocolClient (ConfUtils.java:logGet(46)) - raft.grpc.message.size.max = 64MB (=67108864) (default)
2023-03-05 20:00:54,894 [Time-limited test] DEBUG client.GrpcClientProtocolClient (ConfUtils.java:logGet(46)) - raft.grpc.flow.control.window = 1MB (=1048576) (default)
2023-03-05 20:00:54,894 [Time-limited test] DEBUG client.GrpcClientProtocolClient (ConfUtils.java:logGet(46)) - raft.grpc.message.size.max = 64MB (=67108864) (default)
2023-03-05 20:00:54,899 [Time-limited test] DEBUG client.GrpcClientProtocolClient (ConfUtils.java:logGet(46)) - raft.grpc.flow.control.window = 1MB (=1048576) (default)
2023-03-05 20:00:54,899 [Time-limited test] DEBUG client.GrpcClientProtocolClient (ConfUtils.java:logGet(46)) - raft.grpc.message.size.max = 64MB (=67108864) (default)
2023-03-05 20:00:54,905 [Time-limited test] DEBUG client.GrpcClientProtocolClient (ConfUtils.java:logGet(46)) - raft.grpc.flow.control.window = 1MB (=1048576) (default)
2023-03-05 20:00:54,906 [Time-limited test] DEBUG client.GrpcClientProtocolClient (ConfUtils.java:logGet(46)) - raft.grpc.message.size.max = 64MB (=67108864) (default)
2023-03-05 20:00:54,919 [Time-limited test] DEBUG client.GrpcClientProtocolClient (ConfUtils.java:logGet(46)) - raft.grpc.flow.control.window = 1MB (=1048576) (default)
2023-03-05 20:00:54,919 [Time-limited test] DEBUG client.GrpcClientProtocolClient (ConfUtils.java:logGet(46)) - raft.grpc.message.size.max = 64MB (=67108864) (default)
2023-03-05 20:00:55,151 [s3@group-35EF2EC6ADD7-LeaderStateImpl] WARN  server.RaftServer$Division (LeaderStateImpl.java:checkLeadership(1098)) - s3@group-35EF2EC6ADD7-LeaderStateImpl: Lost leadership on term: 1. Election timeout: 300ms. In charge for: 594ms. Conf: 0: peers:[s3|rpc:localhost:42973|admin:localhost:37029|client:localhost:36937|dataStream:localhost:36905|priority:0|startupRole:FOLLOWER, s4|rpc:localhost:46797|admin:localhost:46241|client:localhost:40995|dataStream:localhost:44269|priority:0|startupRole:FOLLOWER, s5|rpc:localhost:40115|admin:localhost:38531|client:localhost:34869|dataStream:localhost:36531|priority:0|startupRole:FOLLOWER]|listeners:[], old=null
2023-03-05 20:00:55,151 [s3@group-35EF2EC6ADD7-LeaderStateImpl] WARN  server.RaftServer$Division (LeaderStateImpl.java:lambda$checkLeadership$20(1102)) - Follower s3@group-35EF2EC6ADD7->s4(c2,m2,n3, attendVote=true, lastRpcSendTime=11, lastRpcResponseTime=317)
2023-03-05 20:00:55,151 [s3@group-35EF2EC6ADD7-LeaderStateImpl] WARN  server.RaftServer$Division (LeaderStateImpl.java:lambda$checkLeadership$20(1102)) - Follower s3@group-35EF2EC6ADD7->s5(c1,m2,n3, attendVote=true, lastRpcSendTime=11, lastRpcResponseTime=331)
2023-03-05 20:00:55,151 [s3@group-35EF2EC6ADD7-LeaderStateImpl] INFO  server.RaftServer$Division (RaftServerImpl.java:setRole(329)) - s3@group-35EF2EC6ADD7: changes role from    LEADER to FOLLOWER at term 1 for StepDownReason:LOST_MAJORITY_HEARTBEATS
2023-03-05 20:00:55,151 [s3@group-35EF2EC6ADD7-LeaderStateImpl] INFO  impl.RoleInfo (RoleInfo.java:shutdownLeaderState(93)) - s3: shutdown s3@group-35EF2EC6ADD7-LeaderStateImpl
2023-03-05 20:00:55,151 [s3@group-35EF2EC6ADD7-LeaderStateImpl] INFO  impl.PendingRequests (PendingRequests.java:sendNotLeaderResponses(282)) - s3@group-35EF2EC6ADD7-PendingRequests: sendNotLeaderResponses
2023-03-05 20:00:55,154 [s3@group-35EF2EC6ADD7-LeaderStateImpl] INFO  server.RaftServer$Division (ServerState.java:setLeader(260)) - s3@group-35EF2EC6ADD7: change Leader from s3 to null at term 1 for StepDownReason:LOST_MAJORITY_HEARTBEATS
2023-03-05 20:00:55,154 [s3@group-35EF2EC6ADD7-LeaderStateImpl] INFO  impl.RoleInfo (RoleInfo.java:updateAndGet(139)) - s3: start s3@group-35EF2EC6ADD7-FollowerState
2023-03-05 20:00:55,170 [grpc-default-executor-5] INFO  server.GrpcServerProtocolService (GrpcServerProtocolService.java:onCompleted(143)) - s5: Completed APPEND_ENTRIES, lastRequest: s3->s5#2606-t1,previous=(t:1, i:1),leaderCommit=1,initializing? true,entries: size=1, first=(t:1, i:2), METADATAENTRY(c:1)
2023-03-05 20:00:55,187 [grpc-default-executor-5] INFO  server.GrpcLogAppender (GrpcLogAppender.java:onCompleted(417)) - s3@group-35EF2EC6ADD7->s5-AppendLogResponseHandler: follower responses appendEntries COMPLETED
2023-03-05 20:00:55,187 [grpc-default-executor-5] INFO  leader.FollowerInfo (FollowerInfoImpl.java:lambda$new$0(52)) - s3@group-35EF2EC6ADD7->s5: decreaseNextIndex nextIndex: updateUnconditionally 3 -> 2
2023-03-05 20:00:55,192 [grpc-default-executor-5] INFO  server.GrpcServerProtocolService (GrpcServerProtocolService.java:onCompleted(143)) - s4: Completed APPEND_ENTRIES, lastRequest: null
2023-03-05 20:00:55,193 [grpc-default-executor-5] TRACE client.GrpcClientProtocolClient (GrpcClientProtocolClient.java:onNext(311)) - client-344AA78665CF->s3: receive RaftClientReply:client-344AA78665CF->s3@group-35EF2EC6ADD7, cid=84, FAILED org.apache.ratis.protocol.exceptions.NotLeaderException: Server s3@group-35EF2EC6ADD7 is not the leader, logIndex=0, commits[s3:c2, s4:c2, s5:c1]
2023-03-05 20:00:55,194 [grpc-default-executor-5] ERROR impl.OrderedAsync (OrderedAsync.java:lambda$send$4(175)) - Failed to send request, message=null
java.util.concurrent.CompletionException: org.apache.ratis.protocol.exceptions.NotLeaderException: Server s3@group-35EF2EC6ADD7 is not the leader
	at java.base/java.util.concurrent.CompletableFuture.encodeThrowable(CompletableFuture.java:331)
	at java.base/java.util.concurrent.CompletableFuture.completeThrowable(CompletableFuture.java:346)
	at java.base/java.util.concurrent.CompletableFuture$UniApply.tryFire(CompletableFuture.java:632)
	at java.base/java.util.concurrent.CompletableFuture.postComplete(CompletableFuture.java:506)
	at java.base/java.util.concurrent.CompletableFuture.completeExceptionally(CompletableFuture.java:2088)
	at org.apache.ratis.client.impl.OrderedAsync$PendingOrderedRequest.fail(OrderedAsync.java:104)
	at org.apache.ratis.util.SlidingWindow$Client.fail(SlidingWindow.java:392)
	at org.apache.ratis.client.impl.OrderedAsync.failAllAsyncRequests(OrderedAsync.java:148)
	at org.apache.ratis.client.impl.OrderedAsync.handleAsyncRetryFailure(OrderedAsync.java:152)
	at org.apache.ratis.client.impl.OrderedAsync.lambda$sendRequest$10(OrderedAsync.java:262)
	at java.base/java.util.concurrent.CompletableFuture.uniExceptionally(CompletableFuture.java:986)
	at java.base/java.util.concurrent.CompletableFuture$UniExceptionally.tryFire(CompletableFuture.java:970)
	at java.base/java.util.concurrent.CompletableFuture.postComplete(CompletableFuture.java:506)
	at java.base/java.util.concurrent.CompletableFuture.completeExceptionally(CompletableFuture.java:2088)
	at org.apache.ratis.grpc.client.GrpcClientProtocolClient$AsyncStreamObservers.completeReplyExceptionally(GrpcClientProtocolClient.java:394)
	at org.apache.ratis.grpc.client.GrpcClientProtocolClient$AsyncStreamObservers.access$000(GrpcClientProtocolClient.java:300)
	at org.apache.ratis.grpc.client.GrpcClientProtocolClient$AsyncStreamObservers$1.onNext(GrpcClientProtocolClient.java:314)
	at org.apache.ratis.grpc.client.GrpcClientProtocolClient$AsyncStreamObservers$1.onNext(GrpcClientProtocolClient.java:305)
	at org.apache.ratis.thirdparty.io.grpc.stub.ClientCalls$StreamObserverToCallListenerAdapter.onMessage(ClientCalls.java:474)
	at org.apache.ratis.thirdparty.io.grpc.ForwardingClientCallListener.onMessage(ForwardingClientCallListener.java:33)
	at org.apache.ratis.thirdparty.io.grpc.internal.ClientCallImpl$ClientStreamListenerImpl$1MessagesAvailable.runInternal(ClientCallImpl.java:661)
	at org.apache.ratis.thirdparty.io.grpc.internal.ClientCallImpl$ClientStreamListenerImpl$1MessagesAvailable.runInContext(ClientCallImpl.java:646)
	at org.apache.ratis.thirdparty.io.grpc.internal.ContextRunnable.run(ContextRunnable.java:37)
	at org.apache.ratis.thirdparty.io.grpc.internal.SerializingExecutor.run(SerializingExecutor.java:133)
	at java.base/java.util.concurrent.ThreadPoolExecutor.runWorker(ThreadPoolExecutor.java:1128)
	at java.base/java.util.concurrent.ThreadPoolExecutor$Worker.run(ThreadPoolExecutor.java:628)
	at java.base/java.lang.Thread.run(Thread.java:829)
Caused by: org.apache.ratis.protocol.exceptions.NotLeaderException: Server s3@group-35EF2EC6ADD7 is not the leader
	at org.apache.ratis.client.impl.ClientProtoUtils.toRaftClientReply(ClientProtoUtils.java:431)
	at org.apache.ratis.grpc.client.GrpcClientProtocolClient$AsyncStreamObservers$1.onNext(GrpcClientProtocolClient.java:310)
	... 10 more
2023-03-05 20:00:55,194 [grpc-default-executor-1] TRACE client.GrpcClientProtocolClient (GrpcClientProtocolClient.java:onNext(311)) - client-CFB82651AB42->s3: receive RaftClientReply:client-CFB82651AB42->s3@group-35EF2EC6ADD7, cid=88, FAILED org.apache.ratis.protocol.exceptions.NotLeaderException: Server s3@group-35EF2EC6ADD7 is not the leader, logIndex=0, commits[s3:c2, s4:c2, s5:c1]
2023-03-05 20:00:55,194 [grpc-default-executor-5] ERROR impl.OrderedAsync (OrderedAsync.java:lambda$send$4(175)) - Failed to send request, message=message 7
java.util.concurrent.CompletionException: org.apache.ratis.protocol.exceptions.AlreadyClosedException: SlidingWindow$Client:client-344AA78665CF->RAFT is closed.
	at java.base/java.util.concurrent.CompletableFuture.encodeThrowable(CompletableFuture.java:331)
	at java.base/java.util.concurrent.CompletableFuture.completeThrowable(CompletableFuture.java:346)
	at java.base/java.util.concurrent.CompletableFuture$UniApply.tryFire(CompletableFuture.java:632)
	at java.base/java.util.concurrent.CompletableFuture.postComplete(CompletableFuture.java:506)
	at java.base/java.util.concurrent.CompletableFuture.completeExceptionally(CompletableFuture.java:2088)
	at org.apache.ratis.client.impl.OrderedAsync$PendingOrderedRequest.fail(OrderedAsync.java:104)
	at org.apache.ratis.util.SlidingWindow$Client.alreadyClosed(SlidingWindow.java:406)
	at org.apache.ratis.util.SlidingWindow$Client.fail(SlidingWindow.java:394)
	at org.apache.ratis.client.impl.OrderedAsync.failAllAsyncRequests(OrderedAsync.java:148)
	at org.apache.ratis.client.impl.OrderedAsync.handleAsyncRetryFailure(OrderedAsync.java:152)
	at org.apache.ratis.client.impl.OrderedAsync.lambda$sendRequest$10(OrderedAsync.java:262)
	at java.base/java.util.concurrent.CompletableFuture.uniExceptionally(CompletableFuture.java:986)
	at java.base/java.util.concurrent.CompletableFuture$UniExceptionally.tryFire(CompletableFuture.java:970)
	at java.base/java.util.concurrent.CompletableFuture.postComplete(CompletableFuture.java:506)
	at java.base/java.util.concurrent.CompletableFuture.completeExceptionally(CompletableFuture.java:2088)
	at org.apache.ratis.grpc.client.GrpcClientProtocolClient$AsyncStreamObservers.completeReplyExceptionally(GrpcClientProtocolClient.java:394)
	at org.apache.ratis.grpc.client.GrpcClientProtocolClient$AsyncStreamObservers.access$000(GrpcClientProtocolClient.java:300)
	at org.apache.ratis.grpc.client.GrpcClientProtocolClient$AsyncStreamObservers$1.onNext(GrpcClientProtocolClient.java:314)
	at org.apache.ratis.grpc.client.GrpcClientProtocolClient$AsyncStreamObservers$1.onNext(GrpcClientProtocolClient.java:305)
	at org.apache.ratis.thirdparty.io.grpc.stub.ClientCalls$StreamObserverToCallListenerAdapter.onMessage(ClientCalls.java:474)
	at org.apache.ratis.thirdparty.io.grpc.ForwardingClientCallListener.onMessage(ForwardingClientCallListener.java:33)
	at org.apache.ratis.thirdparty.io.grpc.internal.ClientCallImpl$ClientStreamListenerImpl$1MessagesAvailable.runInternal(ClientCallImpl.java:661)
	at org.apache.ratis.thirdparty.io.grpc.internal.ClientCallImpl$ClientStreamListenerImpl$1MessagesAvailable.runInContext(ClientCallImpl.java:646)
	at org.apache.ratis.thirdparty.io.grpc.internal.ContextRunnable.run(ContextRunnable.java:37)
	at org.apache.ratis.thirdparty.io.grpc.internal.SerializingExecutor.run(SerializingExecutor.java:133)
	at java.base/java.util.concurrent.ThreadPoolExecutor.runWorker(ThreadPoolExecutor.java:1128)
	at java.base/java.util.concurrent.ThreadPoolExecutor$Worker.run(ThreadPoolExecutor.java:628)
	at java.base/java.lang.Thread.run(Thread.java:829)
Caused by: org.apache.ratis.protocol.exceptions.AlreadyClosedException: SlidingWindow$Client:client-344AA78665CF->RAFT is closed.
	... 22 more
Caused by: org.apache.ratis.protocol.exceptions.NotLeaderException: Server s3@group-35EF2EC6ADD7 is not the leader
	at org.apache.ratis.client.impl.ClientProtoUtils.toRaftClientReply(ClientProtoUtils.java:431)
	at org.apache.ratis.grpc.client.GrpcClientProtocolClient$AsyncStreamObservers$1.onNext(GrpcClientProtocolClient.java:310)
	... 10 more
2023-03-05 20:00:55,194 [grpc-default-executor-1] ERROR impl.OrderedAsync (OrderedAsync.java:lambda$send$4(175)) - Failed to send request, message=null
java.util.concurrent.CompletionException: org.apache.ratis.protocol.exceptions.NotLeaderException: Server s3@group-35EF2EC6ADD7 is not the leader
	at java.base/java.util.concurrent.CompletableFuture.encodeThrowable(CompletableFuture.java:331)
	at java.base/java.util.concurrent.CompletableFuture.completeThrowable(CompletableFuture.java:346)
	at java.base/java.util.concurrent.CompletableFuture$UniApply.tryFire(CompletableFuture.java:632)
	at java.base/java.util.concurrent.CompletableFuture.postComplete(CompletableFuture.java:506)
	at java.base/java.util.concurrent.CompletableFuture.completeExceptionally(CompletableFuture.java:2088)
	at org.apache.ratis.client.impl.OrderedAsync$PendingOrderedRequest.fail(OrderedAsync.java:104)
	at org.apache.ratis.util.SlidingWindow$Client.fail(SlidingWindow.java:392)
	at org.apache.ratis.client.impl.OrderedAsync.failAllAsyncRequests(OrderedAsync.java:148)
	at org.apache.ratis.client.impl.OrderedAsync.handleAsyncRetryFailure(OrderedAsync.java:152)
	at org.apache.ratis.client.impl.OrderedAsync.lambda$sendRequest$10(OrderedAsync.java:262)
	at java.base/java.util.concurrent.CompletableFuture.uniExceptionally(CompletableFuture.java:986)
	at java.base/java.util.concurrent.CompletableFuture$UniExceptionally.tryFire(CompletableFuture.java:970)
	at java.base/java.util.concurrent.CompletableFuture.postComplete(CompletableFuture.java:506)
	at java.base/java.util.concurrent.CompletableFuture.completeExceptionally(CompletableFuture.java:2088)
	at org.apache.ratis.grpc.client.GrpcClientProtocolClient$AsyncStreamObservers.completeReplyExceptionally(GrpcClientProtocolClient.java:394)
	at org.apache.ratis.grpc.client.GrpcClientProtocolClient$AsyncStreamObservers.access$000(GrpcClientProtocolClient.java:300)
	at org.apache.ratis.grpc.client.GrpcClientProtocolClient$AsyncStreamObservers$1.onNext(GrpcClientProtocolClient.java:314)
	at org.apache.ratis.grpc.client.GrpcClientProtocolClient$AsyncStreamObservers$1.onNext(GrpcClientProtocolClient.java:305)
	at org.apache.ratis.thirdparty.io.grpc.stub.ClientCalls$StreamObserverToCallListenerAdapter.onMessage(ClientCalls.java:474)
	at org.apache.ratis.thirdparty.io.grpc.ForwardingClientCallListener.onMessage(ForwardingClientCallListener.java:33)
	at org.apache.ratis.thirdparty.io.grpc.internal.ClientCallImpl$ClientStreamListenerImpl$1MessagesAvailable.runInternal(ClientCallImpl.java:661)
	at org.apache.ratis.thirdparty.io.grpc.internal.ClientCallImpl$ClientStreamListenerImpl$1MessagesAvailable.runInContext(ClientCallImpl.java:646)
	at org.apache.ratis.thirdparty.io.grpc.internal.ContextRunnable.run(ContextRunnable.java:37)
	at org.apache.ratis.thirdparty.io.grpc.internal.SerializingExecutor.run(SerializingExecutor.java:133)
	at java.base/java.util.concurrent.ThreadPoolExecutor.runWorker(ThreadPoolExecutor.java:1128)
	at java.base/java.util.concurrent.ThreadPoolExecutor$Worker.run(ThreadPoolExecutor.java:628)
	at java.base/java.lang.Thread.run(Thread.java:829)
Caused by: org.apache.ratis.protocol.exceptions.NotLeaderException: Server s3@group-35EF2EC6ADD7 is not the leader
	at org.apache.ratis.client.impl.ClientProtoUtils.toRaftClientReply(ClientProtoUtils.java:431)
	at org.apache.ratis.grpc.client.GrpcClientProtocolClient$AsyncStreamObservers$1.onNext(GrpcClientProtocolClient.java:310)
	... 10 more
2023-03-05 20:00:55,195 [grpc-default-executor-1] ERROR impl.OrderedAsync (OrderedAsync.java:lambda$send$4(175)) - Failed to send request, message=message 9
java.util.concurrent.CompletionException: org.apache.ratis.protocol.exceptions.AlreadyClosedException: SlidingWindow$Client:client-CFB82651AB42->RAFT is closed.
	at java.base/java.util.concurrent.CompletableFuture.encodeThrowable(CompletableFuture.java:331)
	at java.base/java.util.concurrent.CompletableFuture.completeThrowable(CompletableFuture.java:346)
	at java.base/java.util.concurrent.CompletableFuture$UniApply.tryFire(CompletableFuture.java:632)
	at java.base/java.util.concurrent.CompletableFuture.postComplete(CompletableFuture.java:506)
	at java.base/java.util.concurrent.CompletableFuture.completeExceptionally(CompletableFuture.java:2088)
	at org.apache.ratis.client.impl.OrderedAsync$PendingOrderedRequest.fail(OrderedAsync.java:104)
	at org.apache.ratis.util.SlidingWindow$Client.alreadyClosed(SlidingWindow.java:406)
	at org.apache.ratis.util.SlidingWindow$Client.fail(SlidingWindow.java:394)
	at org.apache.ratis.client.impl.OrderedAsync.failAllAsyncRequests(OrderedAsync.java:148)
	at org.apache.ratis.client.impl.OrderedAsync.handleAsyncRetryFailure(OrderedAsync.java:152)
	at org.apache.ratis.client.impl.OrderedAsync.lambda$sendRequest$10(OrderedAsync.java:262)
	at java.base/java.util.concurrent.CompletableFuture.uniExceptionally(CompletableFuture.java:986)
	at java.base/java.util.concurrent.CompletableFuture$UniExceptionally.tryFire(CompletableFuture.java:970)
	at java.base/java.util.concurrent.CompletableFuture.postComplete(CompletableFuture.java:506)
	at java.base/java.util.concurrent.CompletableFuture.completeExceptionally(CompletableFuture.java:2088)
	at org.apache.ratis.grpc.client.GrpcClientProtocolClient$AsyncStreamObservers.completeReplyExceptionally(GrpcClientProtocolClient.java:394)
	at org.apache.ratis.grpc.client.GrpcClientProtocolClient$AsyncStreamObservers.access$000(GrpcClientProtocolClient.java:300)
	at org.apache.ratis.grpc.client.GrpcClientProtocolClient$AsyncStreamObservers$1.onNext(GrpcClientProtocolClient.java:314)
	at org.apache.ratis.grpc.client.GrpcClientProtocolClient$AsyncStreamObservers$1.onNext(GrpcClientProtocolClient.java:305)
	at org.apache.ratis.thirdparty.io.grpc.stub.ClientCalls$StreamObserverToCallListenerAdapter.onMessage(ClientCalls.java:474)
	at org.apache.ratis.thirdparty.io.grpc.ForwardingClientCallListener.onMessage(ForwardingClientCallListener.java:33)
	at org.apache.ratis.thirdparty.io.grpc.internal.ClientCallImpl$ClientStreamListenerImpl$1MessagesAvailable.runInternal(ClientCallImpl.java:661)
	at org.apache.ratis.thirdparty.io.grpc.internal.ClientCallImpl$ClientStreamListenerImpl$1MessagesAvailable.runInContext(ClientCallImpl.java:646)
	at org.apache.ratis.thirdparty.io.grpc.internal.ContextRunnable.run(ContextRunnable.java:37)
	at org.apache.ratis.thirdparty.io.grpc.internal.SerializingExecutor.run(SerializingExecutor.java:133)
	at java.base/java.util.concurrent.ThreadPoolExecutor.runWorker(ThreadPoolExecutor.java:1128)
	at java.base/java.util.concurrent.ThreadPoolExecutor$Worker.run(ThreadPoolExecutor.java:628)
	at java.base/java.lang.Thread.run(Thread.java:829)
Caused by: org.apache.ratis.protocol.exceptions.AlreadyClosedException: SlidingWindow$Client:client-CFB82651AB42->RAFT is closed.
	... 22 more
Caused by: org.apache.ratis.protocol.exceptions.NotLeaderException: Server s3@group-35EF2EC6ADD7 is not the leader
	at org.apache.ratis.client.impl.ClientProtoUtils.toRaftClientReply(ClientProtoUtils.java:431)
	at org.apache.ratis.grpc.client.GrpcClientProtocolClient$AsyncStreamObservers$1.onNext(GrpcClientProtocolClient.java:310)
	... 10 more
2023-03-05 20:00:55,213 [grpc-default-executor-5] INFO  server.GrpcServerProtocolService (GrpcServerProtocolService.java:onCompleted(143)) - s4: Completed APPEND_ENTRIES, lastRequest: s3->s4#1397-t1,previous=(t:1, i:0),leaderCommit=2,initializing? true,entries: size=2, first=(t:1, i:1), STATEMACHINELOGENTRY, 67@client-44DD638EEB1C
2023-03-05 20:00:55,237 [grpc-default-executor-1] TRACE client.GrpcClientProtocolClient (GrpcClientProtocolClient.java:onNext(311)) - client-CB5802EA6502->s3: receive RaftClientReply:client-CB5802EA6502->s3@group-35EF2EC6ADD7, cid=68, FAILED org.apache.ratis.protocol.exceptions.NotLeaderException: Server s3@group-35EF2EC6ADD7 is not the leader, logIndex=0, commits[s3:c2, s4:c2, s5:c1]
2023-03-05 20:00:55,238 [grpc-default-executor-5] INFO  server.GrpcLogAppender (GrpcLogAppender.java:onCompleted(417)) - s3@group-35EF2EC6ADD7->s4-AppendLogResponseHandler: follower responses appendEntries COMPLETED
2023-03-05 20:00:55,238 [grpc-default-executor-5] INFO  leader.FollowerInfo (FollowerInfoImpl.java:lambda$new$0(52)) - s3@group-35EF2EC6ADD7->s4: decreaseNextIndex nextIndex: updateUnconditionally 3 -> 2
2023-03-05 20:00:55,238 [grpc-default-executor-4] INFO  server.GrpcServerProtocolService (GrpcServerProtocolService.java:onCompleted(143)) - s5: Completed APPEND_ENTRIES, lastRequest: null
2023-03-05 20:00:55,241 [Thread-613] ERROR impl.OrderedAsync (OrderedAsync.java:lambda$send$4(175)) - Failed to send request, message=null
java.util.concurrent.CompletionException: org.apache.ratis.protocol.exceptions.AlreadyClosedException: client-CB5802EA6502->s3: Stream close: no reply for async request cid=68
	at java.base/java.util.concurrent.CompletableFuture.encodeThrowable(CompletableFuture.java:331)
	at java.base/java.util.concurrent.CompletableFuture.completeThrowable(CompletableFuture.java:346)
	at java.base/java.util.concurrent.CompletableFuture$UniApply.tryFire(CompletableFuture.java:632)
	at java.base/java.util.concurrent.CompletableFuture.postComplete(CompletableFuture.java:506)
	at java.base/java.util.concurrent.CompletableFuture.completeExceptionally(CompletableFuture.java:2088)
	at org.apache.ratis.client.impl.OrderedAsync$PendingOrderedRequest.fail(OrderedAsync.java:104)
	at org.apache.ratis.util.SlidingWindow$Client.fail(SlidingWindow.java:392)
	at org.apache.ratis.client.impl.OrderedAsync.failAllAsyncRequests(OrderedAsync.java:148)
	at org.apache.ratis.client.impl.OrderedAsync.handleAsyncRetryFailure(OrderedAsync.java:152)
	at org.apache.ratis.client.impl.OrderedAsync.lambda$sendRequest$10(OrderedAsync.java:262)
	at java.base/java.util.concurrent.CompletableFuture.uniExceptionally(CompletableFuture.java:986)
	at java.base/java.util.concurrent.CompletableFuture$UniExceptionally.tryFire(CompletableFuture.java:970)
	at java.base/java.util.concurrent.CompletableFuture.postComplete(CompletableFuture.java:506)
	at java.base/java.util.concurrent.CompletableFuture.completeExceptionally(CompletableFuture.java:2088)
	at org.apache.ratis.grpc.client.GrpcClientProtocolClient$AsyncStreamObservers.completeReplyExceptionally(GrpcClientProtocolClient.java:394)
	at org.apache.ratis.grpc.client.GrpcClientProtocolClient$AsyncStreamObservers.close(GrpcClientProtocolClient.java:383)
	at org.apache.ratis.grpc.client.GrpcClientProtocolClient$AsyncStreamObservers.access$500(GrpcClientProtocolClient.java:300)
	at org.apache.ratis.grpc.client.GrpcClientProtocolClient.lambda$close$3(GrpcClientProtocolClient.java:160)
	at java.base/java.util.Optional.ifPresent(Optional.java:183)
	at org.apache.ratis.grpc.client.GrpcClientProtocolClient.close(GrpcClientProtocolClient.java:160)
	at org.apache.ratis.util.PeerProxyMap.closeProxy(PeerProxyMap.java:177)
	at org.apache.ratis.util.PeerProxyMap.lambda$close$3(PeerProxyMap.java:169)
	at java.base/java.util.Optional.ifPresent(Optional.java:183)
	at org.apache.ratis.util.PeerProxyMap.lambda$close$4(PeerProxyMap.java:169)
	at org.apache.ratis.util.ConcurrentUtils.accept(ConcurrentUtils.java:188)
	at org.apache.ratis.util.ConcurrentUtils.lambda$parallelForEachAsync$4(ConcurrentUtils.java:180)
	at java.base/java.lang.Thread.run(Thread.java:829)
Caused by: org.apache.ratis.protocol.exceptions.AlreadyClosedException: client-CB5802EA6502->s3: Stream close: no reply for async request cid=68
	at org.apache.ratis.grpc.client.GrpcClientProtocolClient$AsyncStreamObservers.completeReplyExceptionally(GrpcClientProtocolClient.java:396)
	... 12 more
2023-03-05 20:00:55,242 [Thread-613] ERROR impl.OrderedAsync (OrderedAsync.java:lambda$send$4(175)) - Failed to send request, message=2nd Message
java.util.concurrent.CompletionException: org.apache.ratis.protocol.exceptions.AlreadyClosedException: SlidingWindow$Client:client-CB5802EA6502->RAFT is closed.
	at java.base/java.util.concurrent.CompletableFuture.encodeThrowable(CompletableFuture.java:331)
	at java.base/java.util.concurrent.CompletableFuture.completeThrowable(CompletableFuture.java:346)
	at java.base/java.util.concurrent.CompletableFuture$UniApply.tryFire(CompletableFuture.java:632)
	at java.base/java.util.concurrent.CompletableFuture.postComplete(CompletableFuture.java:506)
	at java.base/java.util.concurrent.CompletableFuture.completeExceptionally(CompletableFuture.java:2088)
	at org.apache.ratis.client.impl.OrderedAsync$PendingOrderedRequest.fail(OrderedAsync.java:104)
	at org.apache.ratis.util.SlidingWindow$Client.alreadyClosed(SlidingWindow.java:406)
	at org.apache.ratis.util.SlidingWindow$Client.fail(SlidingWindow.java:394)
	at org.apache.ratis.client.impl.OrderedAsync.failAllAsyncRequests(OrderedAsync.java:148)
	at org.apache.ratis.client.impl.OrderedAsync.handleAsyncRetryFailure(OrderedAsync.java:152)
	at org.apache.ratis.client.impl.OrderedAsync.lambda$sendRequest$10(OrderedAsync.java:262)
	at java.base/java.util.concurrent.CompletableFuture.uniExceptionally(CompletableFuture.java:986)
	at java.base/java.util.concurrent.CompletableFuture$UniExceptionally.tryFire(CompletableFuture.java:970)
	at java.base/java.util.concurrent.CompletableFuture.postComplete(CompletableFuture.java:506)
	at java.base/java.util.concurrent.CompletableFuture.completeExceptionally(CompletableFuture.java:2088)
	at org.apache.ratis.grpc.client.GrpcClientProtocolClient$AsyncStreamObservers.completeReplyExceptionally(GrpcClientProtocolClient.java:394)
	at org.apache.ratis.grpc.client.GrpcClientProtocolClient$AsyncStreamObservers.close(GrpcClientProtocolClient.java:383)
	at org.apache.ratis.grpc.client.GrpcClientProtocolClient$AsyncStreamObservers.access$500(GrpcClientProtocolClient.java:300)
	at org.apache.ratis.grpc.client.GrpcClientProtocolClient.lambda$close$3(GrpcClientProtocolClient.java:160)
	at java.base/java.util.Optional.ifPresent(Optional.java:183)
	at org.apache.ratis.grpc.client.GrpcClientProtocolClient.close(GrpcClientProtocolClient.java:160)
	at org.apache.ratis.util.PeerProxyMap.closeProxy(PeerProxyMap.java:177)
	at org.apache.ratis.util.PeerProxyMap.lambda$close$3(PeerProxyMap.java:169)
	at java.base/java.util.Optional.ifPresent(Optional.java:183)
	at org.apache.ratis.util.PeerProxyMap.lambda$close$4(PeerProxyMap.java:169)
	at org.apache.ratis.util.ConcurrentUtils.accept(ConcurrentUtils.java:188)
	at org.apache.ratis.util.ConcurrentUtils.lambda$parallelForEachAsync$4(ConcurrentUtils.java:180)
	at java.base/java.lang.Thread.run(Thread.java:829)
Caused by: org.apache.ratis.protocol.exceptions.AlreadyClosedException: SlidingWindow$Client:client-CB5802EA6502->RAFT is closed.
	... 22 more
Caused by: org.apache.ratis.protocol.exceptions.AlreadyClosedException: client-CB5802EA6502->s3: Stream close: no reply for async request cid=68
	at org.apache.ratis.grpc.client.GrpcClientProtocolClient$AsyncStreamObservers.completeReplyExceptionally(GrpcClientProtocolClient.java:396)
	... 12 more
2023-03-05 20:00:55,243 [grpc-default-executor-8] TRACE client.GrpcClientProtocolClient (GrpcClientProtocolClient.java:onNext(311)) - client-C58EB510B1F2->s3: receive RaftClientReply:client-C58EB510B1F2->s3@group-35EF2EC6ADD7, cid=74, FAILED org.apache.ratis.protocol.exceptions.NotLeaderException: Server s3@group-35EF2EC6ADD7 is not the leader, logIndex=0, commits[s3:c2, s4:c2, s5:c1]
2023-03-05 20:00:55,244 [grpc-default-executor-8] ERROR impl.OrderedAsync (OrderedAsync.java:lambda$send$4(175)) - Failed to send request, message=null
java.util.concurrent.CompletionException: org.apache.ratis.protocol.exceptions.NotLeaderException: Server s3@group-35EF2EC6ADD7 is not the leader
	at java.base/java.util.concurrent.CompletableFuture.encodeThrowable(CompletableFuture.java:331)
	at java.base/java.util.concurrent.CompletableFuture.completeThrowable(CompletableFuture.java:346)
	at java.base/java.util.concurrent.CompletableFuture$UniApply.tryFire(CompletableFuture.java:632)
	at java.base/java.util.concurrent.CompletableFuture.postComplete(CompletableFuture.java:506)
	at java.base/java.util.concurrent.CompletableFuture.completeExceptionally(CompletableFuture.java:2088)
	at org.apache.ratis.client.impl.OrderedAsync$PendingOrderedRequest.fail(OrderedAsync.java:104)
	at org.apache.ratis.util.SlidingWindow$Client.fail(SlidingWindow.java:392)
	at org.apache.ratis.client.impl.OrderedAsync.failAllAsyncRequests(OrderedAsync.java:148)
	at org.apache.ratis.client.impl.OrderedAsync.handleAsyncRetryFailure(OrderedAsync.java:152)
	at org.apache.ratis.client.impl.OrderedAsync.lambda$sendRequest$10(OrderedAsync.java:262)
	at java.base/java.util.concurrent.CompletableFuture.uniExceptionally(CompletableFuture.java:986)
	at java.base/java.util.concurrent.CompletableFuture$UniExceptionally.tryFire(CompletableFuture.java:970)
	at java.base/java.util.concurrent.CompletableFuture.postComplete(CompletableFuture.java:506)
	at java.base/java.util.concurrent.CompletableFuture.completeExceptionally(CompletableFuture.java:2088)
	at org.apache.ratis.grpc.client.GrpcClientProtocolClient$AsyncStreamObservers.completeReplyExceptionally(GrpcClientProtocolClient.java:394)
	at org.apache.ratis.grpc.client.GrpcClientProtocolClient$AsyncStreamObservers.access$000(GrpcClientProtocolClient.java:300)
	at org.apache.ratis.grpc.client.GrpcClientProtocolClient$AsyncStreamObservers$1.onNext(GrpcClientProtocolClient.java:314)
	at org.apache.ratis.grpc.client.GrpcClientProtocolClient$AsyncStreamObservers$1.onNext(GrpcClientProtocolClient.java:305)
	at org.apache.ratis.thirdparty.io.grpc.stub.ClientCalls$StreamObserverToCallListenerAdapter.onMessage(ClientCalls.java:474)
	at org.apache.ratis.thirdparty.io.grpc.ForwardingClientCallListener.onMessage(ForwardingClientCallListener.java:33)
	at org.apache.ratis.thirdparty.io.grpc.internal.DelayedClientCall$DelayedListener.onMessage(DelayedClientCall.java:452)
	at org.apache.ratis.thirdparty.io.grpc.internal.ClientCallImpl$ClientStreamListenerImpl$1MessagesAvailable.runInternal(ClientCallImpl.java:661)
	at org.apache.ratis.thirdparty.io.grpc.internal.ClientCallImpl$ClientStreamListenerImpl$1MessagesAvailable.runInContext(ClientCallImpl.java:646)
	at org.apache.ratis.thirdparty.io.grpc.internal.ContextRunnable.run(ContextRunnable.java:37)
	at org.apache.ratis.thirdparty.io.grpc.internal.SerializingExecutor.run(SerializingExecutor.java:133)
	at java.base/java.util.concurrent.ThreadPoolExecutor.runWorker(ThreadPoolExecutor.java:1128)
	at java.base/java.util.concurrent.ThreadPoolExecutor$Worker.run(ThreadPoolExecutor.java:628)
	at java.base/java.lang.Thread.run(Thread.java:829)
Caused by: org.apache.ratis.protocol.exceptions.NotLeaderException: Server s3@group-35EF2EC6ADD7 is not the leader
	at org.apache.ratis.client.impl.ClientProtoUtils.toRaftClientReply(ClientProtoUtils.java:431)
	at org.apache.ratis.grpc.client.GrpcClientProtocolClient$AsyncStreamObservers$1.onNext(GrpcClientProtocolClient.java:310)
	... 11 more
2023-03-05 20:00:55,244 [grpc-default-executor-8] ERROR impl.OrderedAsync (OrderedAsync.java:lambda$send$4(175)) - Failed to send request, message=message 2
java.util.concurrent.CompletionException: org.apache.ratis.protocol.exceptions.AlreadyClosedException: SlidingWindow$Client:client-C58EB510B1F2->RAFT is closed.
	at java.base/java.util.concurrent.CompletableFuture.encodeThrowable(CompletableFuture.java:331)
	at java.base/java.util.concurrent.CompletableFuture.completeThrowable(CompletableFuture.java:346)
	at java.base/java.util.concurrent.CompletableFuture$UniApply.tryFire(CompletableFuture.java:632)
	at java.base/java.util.concurrent.CompletableFuture.postComplete(CompletableFuture.java:506)
	at java.base/java.util.concurrent.CompletableFuture.completeExceptionally(CompletableFuture.java:2088)
	at org.apache.ratis.client.impl.OrderedAsync$PendingOrderedRequest.fail(OrderedAsync.java:104)
	at org.apache.ratis.util.SlidingWindow$Client.alreadyClosed(SlidingWindow.java:406)
	at org.apache.ratis.util.SlidingWindow$Client.fail(SlidingWindow.java:394)
	at org.apache.ratis.client.impl.OrderedAsync.failAllAsyncRequests(OrderedAsync.java:148)
	at org.apache.ratis.client.impl.OrderedAsync.handleAsyncRetryFailure(OrderedAsync.java:152)
	at org.apache.ratis.client.impl.OrderedAsync.lambda$sendRequest$10(OrderedAsync.java:262)
	at java.base/java.util.concurrent.CompletableFuture.uniExceptionally(CompletableFuture.java:986)
	at java.base/java.util.concurrent.CompletableFuture$UniExceptionally.tryFire(CompletableFuture.java:970)
	at java.base/java.util.concurrent.CompletableFuture.postComplete(CompletableFuture.java:506)
	at java.base/java.util.concurrent.CompletableFuture.completeExceptionally(CompletableFuture.java:2088)
	at org.apache.ratis.grpc.client.GrpcClientProtocolClient$AsyncStreamObservers.completeReplyExceptionally(GrpcClientProtocolClient.java:394)
	at org.apache.ratis.grpc.client.GrpcClientProtocolClient$AsyncStreamObservers.access$000(GrpcClientProtocolClient.java:300)
	at org.apache.ratis.grpc.client.GrpcClientProtocolClient$AsyncStreamObservers$1.onNext(GrpcClientProtocolClient.java:314)
	at org.apache.ratis.grpc.client.GrpcClientProtocolClient$AsyncStreamObservers$1.onNext(GrpcClientProtocolClient.java:305)
	at org.apache.ratis.thirdparty.io.grpc.stub.ClientCalls$StreamObserverToCallListenerAdapter.onMessage(ClientCalls.java:474)
	at org.apache.ratis.thirdparty.io.grpc.ForwardingClientCallListener.onMessage(ForwardingClientCallListener.java:33)
	at org.apache.ratis.thirdparty.io.grpc.internal.DelayedClientCall$DelayedListener.onMessage(DelayedClientCall.java:452)
	at org.apache.ratis.thirdparty.io.grpc.internal.ClientCallImpl$ClientStreamListenerImpl$1MessagesAvailable.runInternal(ClientCallImpl.java:661)
	at org.apache.ratis.thirdparty.io.grpc.internal.ClientCallImpl$ClientStreamListenerImpl$1MessagesAvailable.runInContext(ClientCallImpl.java:646)
	at org.apache.ratis.thirdparty.io.grpc.internal.ContextRunnable.run(ContextRunnable.java:37)
	at org.apache.ratis.thirdparty.io.grpc.internal.SerializingExecutor.run(SerializingExecutor.java:133)
	at java.base/java.util.concurrent.ThreadPoolExecutor.runWorker(ThreadPoolExecutor.java:1128)
	at java.base/java.util.concurrent.ThreadPoolExecutor$Worker.run(ThreadPoolExecutor.java:628)
	at java.base/java.lang.Thread.run(Thread.java:829)
Caused by: org.apache.ratis.protocol.exceptions.AlreadyClosedException: SlidingWindow$Client:client-C58EB510B1F2->RAFT is closed.
	... 23 more
Caused by: org.apache.ratis.protocol.exceptions.NotLeaderException: Server s3@group-35EF2EC6ADD7 is not the leader
	at org.apache.ratis.client.impl.ClientProtoUtils.toRaftClientReply(ClientProtoUtils.java:431)
	at org.apache.ratis.grpc.client.GrpcClientProtocolClient$AsyncStreamObservers$1.onNext(GrpcClientProtocolClient.java:310)
	... 11 more
2023-03-05 20:00:55,245 [grpc-default-executor-1] INFO  server.GrpcLogAppender (GrpcLogAppender.java:onCompleted(417)) - s3@group-35EF2EC6ADD7->s4-AppendLogResponseHandler: follower responses appendEntries COMPLETED
2023-03-05 20:00:55,245 [grpc-default-executor-1] INFO  leader.FollowerInfo (FollowerInfoImpl.java:lambda$new$0(52)) - s3@group-35EF2EC6ADD7->s4: decreaseNextIndex nextIndex: updateUnconditionally 2 -> 1
2023-03-05 20:00:55,246 [grpc-default-executor-1] TRACE client.GrpcClientProtocolClient (GrpcClientProtocolClient.java:onNext(311)) - client-EC9BF84225AE->s3: receive RaftClientReply:client-EC9BF84225AE->s3@group-35EF2EC6ADD7, cid=70, FAILED org.apache.ratis.protocol.exceptions.NotLeaderException: Server s3@group-35EF2EC6ADD7 is not the leader, logIndex=0, commits[s3:c2, s4:c2, s5:c1]
2023-03-05 20:00:55,246 [grpc-default-executor-1] ERROR impl.OrderedAsync (OrderedAsync.java:lambda$send$4(175)) - Failed to send request, message=null
java.util.concurrent.CompletionException: org.apache.ratis.protocol.exceptions.NotLeaderException: Server s3@group-35EF2EC6ADD7 is not the leader
	at java.base/java.util.concurrent.CompletableFuture.encodeThrowable(CompletableFuture.java:331)
	at java.base/java.util.concurrent.CompletableFuture.completeThrowable(CompletableFuture.java:346)
	at java.base/java.util.concurrent.CompletableFuture$UniApply.tryFire(CompletableFuture.java:632)
	at java.base/java.util.concurrent.CompletableFuture.postComplete(CompletableFuture.java:506)
	at java.base/java.util.concurrent.CompletableFuture.completeExceptionally(CompletableFuture.java:2088)
	at org.apache.ratis.client.impl.OrderedAsync$PendingOrderedRequest.fail(OrderedAsync.java:104)
	at org.apache.ratis.util.SlidingWindow$Client.fail(SlidingWindow.java:392)
	at org.apache.ratis.client.impl.OrderedAsync.failAllAsyncRequests(OrderedAsync.java:148)
	at org.apache.ratis.client.impl.OrderedAsync.handleAsyncRetryFailure(OrderedAsync.java:152)
	at org.apache.ratis.client.impl.OrderedAsync.lambda$sendRequest$10(OrderedAsync.java:262)
	at java.base/java.util.concurrent.CompletableFuture.uniExceptionally(CompletableFuture.java:986)
	at java.base/java.util.concurrent.CompletableFuture$UniExceptionally.tryFire(CompletableFuture.java:970)
	at java.base/java.util.concurrent.CompletableFuture.postComplete(CompletableFuture.java:506)
	at java.base/java.util.concurrent.CompletableFuture.completeExceptionally(CompletableFuture.java:2088)
	at org.apache.ratis.grpc.client.GrpcClientProtocolClient$AsyncStreamObservers.completeReplyExceptionally(GrpcClientProtocolClient.java:394)
	at org.apache.ratis.grpc.client.GrpcClientProtocolClient$AsyncStreamObservers.access$000(GrpcClientProtocolClient.java:300)
	at org.apache.ratis.grpc.client.GrpcClientProtocolClient$AsyncStreamObservers$1.onNext(GrpcClientProtocolClient.java:314)
	at org.apache.ratis.grpc.client.GrpcClientProtocolClient$AsyncStreamObservers$1.onNext(GrpcClientProtocolClient.java:305)
	at org.apache.ratis.thirdparty.io.grpc.stub.ClientCalls$StreamObserverToCallListenerAdapter.onMessage(ClientCalls.java:474)
	at org.apache.ratis.thirdparty.io.grpc.ForwardingClientCallListener.onMessage(ForwardingClientCallListener.java:33)
	at org.apache.ratis.thirdparty.io.grpc.internal.DelayedClientCall$DelayedListener.onMessage(DelayedClientCall.java:452)
	at org.apache.ratis.thirdparty.io.grpc.internal.ClientCallImpl$ClientStreamListenerImpl$1MessagesAvailable.runInternal(ClientCallImpl.java:661)
	at org.apache.ratis.thirdparty.io.grpc.internal.ClientCallImpl$ClientStreamListenerImpl$1MessagesAvailable.runInContext(ClientCallImpl.java:646)
	at org.apache.ratis.thirdparty.io.grpc.internal.ContextRunnable.run(ContextRunnable.java:37)
	at org.apache.ratis.thirdparty.io.grpc.internal.SerializingExecutor.run(SerializingExecutor.java:133)
	at java.base/java.util.concurrent.ThreadPoolExecutor.runWorker(ThreadPoolExecutor.java:1128)
	at java.base/java.util.concurrent.ThreadPoolExecutor$Worker.run(ThreadPoolExecutor.java:628)
	at java.base/java.lang.Thread.run(Thread.java:829)
Caused by: org.apache.ratis.protocol.exceptions.NotLeaderException: Server s3@group-35EF2EC6ADD7 is not the leader
	at org.apache.ratis.client.impl.ClientProtoUtils.toRaftClientReply(ClientProtoUtils.java:431)
	at org.apache.ratis.grpc.client.GrpcClientProtocolClient$AsyncStreamObservers$1.onNext(GrpcClientProtocolClient.java:310)
	... 11 more
2023-03-05 20:00:55,246 [grpc-default-executor-1] ERROR impl.OrderedAsync (OrderedAsync.java:lambda$send$4(175)) - Failed to send request, message=message 0
java.util.concurrent.CompletionException: org.apache.ratis.protocol.exceptions.AlreadyClosedException: SlidingWindow$Client:client-EC9BF84225AE->RAFT is closed.
	at java.base/java.util.concurrent.CompletableFuture.encodeThrowable(CompletableFuture.java:331)
	at java.base/java.util.concurrent.CompletableFuture.completeThrowable(CompletableFuture.java:346)
	at java.base/java.util.concurrent.CompletableFuture$UniApply.tryFire(CompletableFuture.java:632)
	at java.base/java.util.concurrent.CompletableFuture.postComplete(CompletableFuture.java:506)
	at java.base/java.util.concurrent.CompletableFuture.completeExceptionally(CompletableFuture.java:2088)
	at org.apache.ratis.client.impl.OrderedAsync$PendingOrderedRequest.fail(OrderedAsync.java:104)
	at org.apache.ratis.util.SlidingWindow$Client.alreadyClosed(SlidingWindow.java:406)
	at org.apache.ratis.util.SlidingWindow$Client.fail(SlidingWindow.java:394)
	at org.apache.ratis.client.impl.OrderedAsync.failAllAsyncRequests(OrderedAsync.java:148)
	at org.apache.ratis.client.impl.OrderedAsync.handleAsyncRetryFailure(OrderedAsync.java:152)
	at org.apache.ratis.client.impl.OrderedAsync.lambda$sendRequest$10(OrderedAsync.java:262)
	at java.base/java.util.concurrent.CompletableFuture.uniExceptionally(CompletableFuture.java:986)
	at java.base/java.util.concurrent.CompletableFuture$UniExceptionally.tryFire(CompletableFuture.java:970)
	at java.base/java.util.concurrent.CompletableFuture.postComplete(CompletableFuture.java:506)
	at java.base/java.util.concurrent.CompletableFuture.completeExceptionally(CompletableFuture.java:2088)
	at org.apache.ratis.grpc.client.GrpcClientProtocolClient$AsyncStreamObservers.completeReplyExceptionally(GrpcClientProtocolClient.java:394)
	at org.apache.ratis.grpc.client.GrpcClientProtocolClient$AsyncStreamObservers.access$000(GrpcClientProtocolClient.java:300)
	at org.apache.ratis.grpc.client.GrpcClientProtocolClient$AsyncStreamObservers$1.onNext(GrpcClientProtocolClient.java:314)
	at org.apache.ratis.grpc.client.GrpcClientProtocolClient$AsyncStreamObservers$1.onNext(GrpcClientProtocolClient.java:305)
	at org.apache.ratis.thirdparty.io.grpc.stub.ClientCalls$StreamObserverToCallListenerAdapter.onMessage(ClientCalls.java:474)
	at org.apache.ratis.thirdparty.io.grpc.ForwardingClientCallListener.onMessage(ForwardingClientCallListener.java:33)
	at org.apache.ratis.thirdparty.io.grpc.internal.DelayedClientCall$DelayedListener.onMessage(DelayedClientCall.java:452)
	at org.apache.ratis.thirdparty.io.grpc.internal.ClientCallImpl$ClientStreamListenerImpl$1MessagesAvailable.runInternal(ClientCallImpl.java:661)
	at org.apache.ratis.thirdparty.io.grpc.internal.ClientCallImpl$ClientStreamListenerImpl$1MessagesAvailable.runInContext(ClientCallImpl.java:646)
	at org.apache.ratis.thirdparty.io.grpc.internal.ContextRunnable.run(ContextRunnable.java:37)
	at org.apache.ratis.thirdparty.io.grpc.internal.SerializingExecutor.run(SerializingExecutor.java:133)
	at java.base/java.util.concurrent.ThreadPoolExecutor.runWorker(ThreadPoolExecutor.java:1128)
	at java.base/java.util.concurrent.ThreadPoolExecutor$Worker.run(ThreadPoolExecutor.java:628)
	at java.base/java.lang.Thread.run(Thread.java:829)
Caused by: org.apache.ratis.protocol.exceptions.AlreadyClosedException: SlidingWindow$Client:client-EC9BF84225AE->RAFT is closed.
	... 23 more
Caused by: org.apache.ratis.protocol.exceptions.NotLeaderException: Server s3@group-35EF2EC6ADD7 is not the leader
	at org.apache.ratis.client.impl.ClientProtoUtils.toRaftClientReply(ClientProtoUtils.java:431)
	at org.apache.ratis.grpc.client.GrpcClientProtocolClient$AsyncStreamObservers$1.onNext(GrpcClientProtocolClient.java:310)
	... 11 more
2023-03-05 20:00:55,250 [grpc-default-executor-8] TRACE client.GrpcClientProtocolClient (GrpcClientProtocolClient.java:onNext(311)) - client-D559B63A4AC6->s3: receive RaftClientReply:client-D559B63A4AC6->s3@group-35EF2EC6ADD7, cid=82, FAILED org.apache.ratis.protocol.exceptions.NotLeaderException: Server s3@group-35EF2EC6ADD7 is not the leader, logIndex=0, commits[s3:c2, s4:c2, s5:c1]
2023-03-05 20:00:55,259 [grpc-default-executor-8] ERROR impl.OrderedAsync (OrderedAsync.java:lambda$send$4(175)) - Failed to send request, message=null
java.util.concurrent.CompletionException: org.apache.ratis.protocol.exceptions.NotLeaderException: Server s3@group-35EF2EC6ADD7 is not the leader
	at java.base/java.util.concurrent.CompletableFuture.encodeThrowable(CompletableFuture.java:331)
	at java.base/java.util.concurrent.CompletableFuture.completeThrowable(CompletableFuture.java:346)
	at java.base/java.util.concurrent.CompletableFuture$UniApply.tryFire(CompletableFuture.java:632)
	at java.base/java.util.concurrent.CompletableFuture.postComplete(CompletableFuture.java:506)
	at java.base/java.util.concurrent.CompletableFuture.completeExceptionally(CompletableFuture.java:2088)
	at org.apache.ratis.client.impl.OrderedAsync$PendingOrderedRequest.fail(OrderedAsync.java:104)
	at org.apache.ratis.util.SlidingWindow$Client.fail(SlidingWindow.java:392)
	at org.apache.ratis.client.impl.OrderedAsync.failAllAsyncRequests(OrderedAsync.java:148)
	at org.apache.ratis.client.impl.OrderedAsync.handleAsyncRetryFailure(OrderedAsync.java:152)
	at org.apache.ratis.client.impl.OrderedAsync.lambda$sendRequest$10(OrderedAsync.java:262)
	at java.base/java.util.concurrent.CompletableFuture.uniExceptionally(CompletableFuture.java:986)
	at java.base/java.util.concurrent.CompletableFuture$UniExceptionally.tryFire(CompletableFuture.java:970)
	at java.base/java.util.concurrent.CompletableFuture.postComplete(CompletableFuture.java:506)
	at java.base/java.util.concurrent.CompletableFuture.completeExceptionally(CompletableFuture.java:2088)
	at org.apache.ratis.grpc.client.GrpcClientProtocolClient$AsyncStreamObservers.completeReplyExceptionally(GrpcClientProtocolClient.java:394)
	at org.apache.ratis.grpc.client.GrpcClientProtocolClient$AsyncStreamObservers.access$000(GrpcClientProtocolClient.java:300)
	at org.apache.ratis.grpc.client.GrpcClientProtocolClient$AsyncStreamObservers$1.onNext(GrpcClientProtocolClient.java:314)
	at org.apache.ratis.grpc.client.GrpcClientProtocolClient$AsyncStreamObservers$1.onNext(GrpcClientProtocolClient.java:305)
	at org.apache.ratis.thirdparty.io.grpc.stub.ClientCalls$StreamObserverToCallListenerAdapter.onMessage(ClientCalls.java:474)
	at org.apache.ratis.thirdparty.io.grpc.ForwardingClientCallListener.onMessage(ForwardingClientCallListener.java:33)
	at org.apache.ratis.thirdparty.io.grpc.internal.ClientCallImpl$ClientStreamListenerImpl$1MessagesAvailable.runInternal(ClientCallImpl.java:661)
	at org.apache.ratis.thirdparty.io.grpc.internal.ClientCallImpl$ClientStreamListenerImpl$1MessagesAvailable.runInContext(ClientCallImpl.java:646)
	at org.apache.ratis.thirdparty.io.grpc.internal.ContextRunnable.run(ContextRunnable.java:37)
	at org.apache.ratis.thirdparty.io.grpc.internal.SerializingExecutor.run(SerializingExecutor.java:133)
	at java.base/java.util.concurrent.ThreadPoolExecutor.runWorker(ThreadPoolExecutor.java:1128)
	at java.base/java.util.concurrent.ThreadPoolExecutor$Worker.run(ThreadPoolExecutor.java:628)
	at java.base/java.lang.Thread.run(Thread.java:829)
Caused by: org.apache.ratis.protocol.exceptions.NotLeaderException: Server s3@group-35EF2EC6ADD7 is not the leader
	at org.apache.ratis.client.impl.ClientProtoUtils.toRaftClientReply(ClientProtoUtils.java:431)
	at org.apache.ratis.grpc.client.GrpcClientProtocolClient$AsyncStreamObservers$1.onNext(GrpcClientProtocolClient.java:310)
	... 10 more
2023-03-05 20:00:55,259 [grpc-default-executor-8] ERROR impl.OrderedAsync (OrderedAsync.java:lambda$send$4(175)) - Failed to send request, message=message 6
java.util.concurrent.CompletionException: org.apache.ratis.protocol.exceptions.AlreadyClosedException: SlidingWindow$Client:client-D559B63A4AC6->RAFT is closed.
	at java.base/java.util.concurrent.CompletableFuture.encodeThrowable(CompletableFuture.java:331)
	at java.base/java.util.concurrent.CompletableFuture.completeThrowable(CompletableFuture.java:346)
	at java.base/java.util.concurrent.CompletableFuture$UniApply.tryFire(CompletableFuture.java:632)
	at java.base/java.util.concurrent.CompletableFuture.postComplete(CompletableFuture.java:506)
	at java.base/java.util.concurrent.CompletableFuture.completeExceptionally(CompletableFuture.java:2088)
	at org.apache.ratis.client.impl.OrderedAsync$PendingOrderedRequest.fail(OrderedAsync.java:104)
	at org.apache.ratis.util.SlidingWindow$Client.alreadyClosed(SlidingWindow.java:406)
	at org.apache.ratis.util.SlidingWindow$Client.fail(SlidingWindow.java:394)
	at org.apache.ratis.client.impl.OrderedAsync.failAllAsyncRequests(OrderedAsync.java:148)
	at org.apache.ratis.client.impl.OrderedAsync.handleAsyncRetryFailure(OrderedAsync.java:152)
	at org.apache.ratis.client.impl.OrderedAsync.lambda$sendRequest$10(OrderedAsync.java:262)
	at java.base/java.util.concurrent.CompletableFuture.uniExceptionally(CompletableFuture.java:986)
	at java.base/java.util.concurrent.CompletableFuture$UniExceptionally.tryFire(CompletableFuture.java:970)
	at java.base/java.util.concurrent.CompletableFuture.postComplete(CompletableFuture.java:506)
	at java.base/java.util.concurrent.CompletableFuture.completeExceptionally(CompletableFuture.java:2088)
	at org.apache.ratis.grpc.client.GrpcClientProtocolClient$AsyncStreamObservers.completeReplyExceptionally(GrpcClientProtocolClient.java:394)
	at org.apache.ratis.grpc.client.GrpcClientProtocolClient$AsyncStreamObservers.access$000(GrpcClientProtocolClient.java:300)
	at org.apache.ratis.grpc.client.GrpcClientProtocolClient$AsyncStreamObservers$1.onNext(GrpcClientProtocolClient.java:314)
	at org.apache.ratis.grpc.client.GrpcClientProtocolClient$AsyncStreamObservers$1.onNext(GrpcClientProtocolClient.java:305)
	at org.apache.ratis.thirdparty.io.grpc.stub.ClientCalls$StreamObserverToCallListenerAdapter.onMessage(ClientCalls.java:474)
	at org.apache.ratis.thirdparty.io.grpc.ForwardingClientCallListener.onMessage(ForwardingClientCallListener.java:33)
	at org.apache.ratis.thirdparty.io.grpc.internal.ClientCallImpl$ClientStreamListenerImpl$1MessagesAvailable.runInternal(ClientCallImpl.java:661)
	at org.apache.ratis.thirdparty.io.grpc.internal.ClientCallImpl$ClientStreamListenerImpl$1MessagesAvailable.runInContext(ClientCallImpl.java:646)
	at org.apache.ratis.thirdparty.io.grpc.internal.ContextRunnable.run(ContextRunnable.java:37)
	at org.apache.ratis.thirdparty.io.grpc.internal.SerializingExecutor.run(SerializingExecutor.java:133)
	at java.base/java.util.concurrent.ThreadPoolExecutor.runWorker(ThreadPoolExecutor.java:1128)
	at java.base/java.util.concurrent.ThreadPoolExecutor$Worker.run(ThreadPoolExecutor.java:628)
	at java.base/java.lang.Thread.run(Thread.java:829)
Caused by: org.apache.ratis.protocol.exceptions.AlreadyClosedException: SlidingWindow$Client:client-D559B63A4AC6->RAFT is closed.
	... 22 more
Caused by: org.apache.ratis.protocol.exceptions.NotLeaderException: Server s3@group-35EF2EC6ADD7 is not the leader
	at org.apache.ratis.client.impl.ClientProtoUtils.toRaftClientReply(ClientProtoUtils.java:431)
	at org.apache.ratis.grpc.client.GrpcClientProtocolClient$AsyncStreamObservers$1.onNext(GrpcClientProtocolClient.java:310)
	... 10 more
2023-03-05 20:00:55,270 [grpc-default-executor-8] TRACE client.GrpcClientProtocolClient (GrpcClientProtocolClient.java:onNext(311)) - client-5CEAAB4888D7->s3: receive RaftClientReply:client-5CEAAB4888D7->s3@group-35EF2EC6ADD7, cid=86, FAILED org.apache.ratis.protocol.exceptions.NotLeaderException: Server s3@group-35EF2EC6ADD7 is not the leader, logIndex=0, commits[s3:c2, s4:c2, s5:c1]
2023-03-05 20:00:55,270 [grpc-default-executor-8] ERROR impl.OrderedAsync (OrderedAsync.java:lambda$send$4(175)) - Failed to send request, message=null
java.util.concurrent.CompletionException: org.apache.ratis.protocol.exceptions.NotLeaderException: Server s3@group-35EF2EC6ADD7 is not the leader
	at java.base/java.util.concurrent.CompletableFuture.encodeThrowable(CompletableFuture.java:331)
	at java.base/java.util.concurrent.CompletableFuture.completeThrowable(CompletableFuture.java:346)
	at java.base/java.util.concurrent.CompletableFuture$UniApply.tryFire(CompletableFuture.java:632)
	at java.base/java.util.concurrent.CompletableFuture.postComplete(CompletableFuture.java:506)
	at java.base/java.util.concurrent.CompletableFuture.completeExceptionally(CompletableFuture.java:2088)
	at org.apache.ratis.client.impl.OrderedAsync$PendingOrderedRequest.fail(OrderedAsync.java:104)
	at org.apache.ratis.util.SlidingWindow$Client.fail(SlidingWindow.java:392)
	at org.apache.ratis.client.impl.OrderedAsync.failAllAsyncRequests(OrderedAsync.java:148)
	at org.apache.ratis.client.impl.OrderedAsync.handleAsyncRetryFailure(OrderedAsync.java:152)
	at org.apache.ratis.client.impl.OrderedAsync.lambda$sendRequest$10(OrderedAsync.java:262)
	at java.base/java.util.concurrent.CompletableFuture.uniExceptionally(CompletableFuture.java:986)
	at java.base/java.util.concurrent.CompletableFuture$UniExceptionally.tryFire(CompletableFuture.java:970)
	at java.base/java.util.concurrent.CompletableFuture.postComplete(CompletableFuture.java:506)
	at java.base/java.util.concurrent.CompletableFuture.completeExceptionally(CompletableFuture.java:2088)
	at org.apache.ratis.grpc.client.GrpcClientProtocolClient$AsyncStreamObservers.completeReplyExceptionally(GrpcClientProtocolClient.java:394)
	at org.apache.ratis.grpc.client.GrpcClientProtocolClient$AsyncStreamObservers.access$000(GrpcClientProtocolClient.java:300)
	at org.apache.ratis.grpc.client.GrpcClientProtocolClient$AsyncStreamObservers$1.onNext(GrpcClientProtocolClient.java:314)
	at org.apache.ratis.grpc.client.GrpcClientProtocolClient$AsyncStreamObservers$1.onNext(GrpcClientProtocolClient.java:305)
	at org.apache.ratis.thirdparty.io.grpc.stub.ClientCalls$StreamObserverToCallListenerAdapter.onMessage(ClientCalls.java:474)
	at org.apache.ratis.thirdparty.io.grpc.ForwardingClientCallListener.onMessage(ForwardingClientCallListener.java:33)
	at org.apache.ratis.thirdparty.io.grpc.internal.ClientCallImpl$ClientStreamListenerImpl$1MessagesAvailable.runInternal(ClientCallImpl.java:661)
	at org.apache.ratis.thirdparty.io.grpc.internal.ClientCallImpl$ClientStreamListenerImpl$1MessagesAvailable.runInContext(ClientCallImpl.java:646)
	at org.apache.ratis.thirdparty.io.grpc.internal.ContextRunnable.run(ContextRunnable.java:37)
	at org.apache.ratis.thirdparty.io.grpc.internal.SerializingExecutor.run(SerializingExecutor.java:133)
	at java.base/java.util.concurrent.ThreadPoolExecutor.runWorker(ThreadPoolExecutor.java:1128)
	at java.base/java.util.concurrent.ThreadPoolExecutor$Worker.run(ThreadPoolExecutor.java:628)
	at java.base/java.lang.Thread.run(Thread.java:829)
Caused by: org.apache.ratis.protocol.exceptions.NotLeaderException: Server s3@group-35EF2EC6ADD7 is not the leader
	at org.apache.ratis.client.impl.ClientProtoUtils.toRaftClientReply(ClientProtoUtils.java:431)
	at org.apache.ratis.grpc.client.GrpcClientProtocolClient$AsyncStreamObservers$1.onNext(GrpcClientProtocolClient.java:310)
	... 10 more
2023-03-05 20:00:55,271 [grpc-default-executor-8] ERROR impl.OrderedAsync (OrderedAsync.java:lambda$send$4(175)) - Failed to send request, message=message 8
java.util.concurrent.CompletionException: org.apache.ratis.protocol.exceptions.AlreadyClosedException: SlidingWindow$Client:client-5CEAAB4888D7->RAFT is closed.
	at java.base/java.util.concurrent.CompletableFuture.encodeThrowable(CompletableFuture.java:331)
	at java.base/java.util.concurrent.CompletableFuture.completeThrowable(CompletableFuture.java:346)
	at java.base/java.util.concurrent.CompletableFuture$UniApply.tryFire(CompletableFuture.java:632)
	at java.base/java.util.concurrent.CompletableFuture.postComplete(CompletableFuture.java:506)
	at java.base/java.util.concurrent.CompletableFuture.completeExceptionally(CompletableFuture.java:2088)
	at org.apache.ratis.client.impl.OrderedAsync$PendingOrderedRequest.fail(OrderedAsync.java:104)
	at org.apache.ratis.util.SlidingWindow$Client.alreadyClosed(SlidingWindow.java:406)
	at org.apache.ratis.util.SlidingWindow$Client.fail(SlidingWindow.java:394)
	at org.apache.ratis.client.impl.OrderedAsync.failAllAsyncRequests(OrderedAsync.java:148)
	at org.apache.ratis.client.impl.OrderedAsync.handleAsyncRetryFailure(OrderedAsync.java:152)
	at org.apache.ratis.client.impl.OrderedAsync.lambda$sendRequest$10(OrderedAsync.java:262)
	at java.base/java.util.concurrent.CompletableFuture.uniExceptionally(CompletableFuture.java:986)
	at java.base/java.util.concurrent.CompletableFuture$UniExceptionally.tryFire(CompletableFuture.java:970)
	at java.base/java.util.concurrent.CompletableFuture.postComplete(CompletableFuture.java:506)
	at java.base/java.util.concurrent.CompletableFuture.completeExceptionally(CompletableFuture.java:2088)
	at org.apache.ratis.grpc.client.GrpcClientProtocolClient$AsyncStreamObservers.completeReplyExceptionally(GrpcClientProtocolClient.java:394)
	at org.apache.ratis.grpc.client.GrpcClientProtocolClient$AsyncStreamObservers.access$000(GrpcClientProtocolClient.java:300)
	at org.apache.ratis.grpc.client.GrpcClientProtocolClient$AsyncStreamObservers$1.onNext(GrpcClientProtocolClient.java:314)
	at org.apache.ratis.grpc.client.GrpcClientProtocolClient$AsyncStreamObservers$1.onNext(GrpcClientProtocolClient.java:305)
	at org.apache.ratis.thirdparty.io.grpc.stub.ClientCalls$StreamObserverToCallListenerAdapter.onMessage(ClientCalls.java:474)
	at org.apache.ratis.thirdparty.io.grpc.ForwardingClientCallListener.onMessage(ForwardingClientCallListener.java:33)
	at org.apache.ratis.thirdparty.io.grpc.internal.ClientCallImpl$ClientStreamListenerImpl$1MessagesAvailable.runInternal(ClientCallImpl.java:661)
	at org.apache.ratis.thirdparty.io.grpc.internal.ClientCallImpl$ClientStreamListenerImpl$1MessagesAvailable.runInContext(ClientCallImpl.java:646)
	at org.apache.ratis.thirdparty.io.grpc.internal.ContextRunnable.run(ContextRunnable.java:37)
	at org.apache.ratis.thirdparty.io.grpc.internal.SerializingExecutor.run(SerializingExecutor.java:133)
	at java.base/java.util.concurrent.ThreadPoolExecutor.runWorker(ThreadPoolExecutor.java:1128)
	at java.base/java.util.concurrent.ThreadPoolExecutor$Worker.run(ThreadPoolExecutor.java:628)
	at java.base/java.lang.Thread.run(Thread.java:829)
Caused by: org.apache.ratis.protocol.exceptions.AlreadyClosedException: SlidingWindow$Client:client-5CEAAB4888D7->RAFT is closed.
	... 22 more
Caused by: org.apache.ratis.protocol.exceptions.NotLeaderException: Server s3@group-35EF2EC6ADD7 is not the leader
	at org.apache.ratis.client.impl.ClientProtoUtils.toRaftClientReply(ClientProtoUtils.java:431)
	at org.apache.ratis.grpc.client.GrpcClientProtocolClient$AsyncStreamObservers$1.onNext(GrpcClientProtocolClient.java:310)
	... 10 more
2023-03-05 20:00:55,273 [grpc-default-executor-8] INFO  server.GrpcLogAppender (GrpcLogAppender.java:onCompleted(417)) - s3@group-35EF2EC6ADD7->s5-AppendLogResponseHandler: follower responses appendEntries COMPLETED
2023-03-05 20:00:55,273 [grpc-default-executor-8] INFO  leader.FollowerInfo (FollowerInfoImpl.java:lambda$new$0(52)) - s3@group-35EF2EC6ADD7->s5: decreaseNextIndex nextIndex: updateUnconditionally 2 -> 1
2023-03-05 20:00:55,274 [grpc-default-executor-8] TRACE client.GrpcClientProtocolClient (GrpcClientProtocolClient.java:onNext(311)) - client-0D19BAD9897F->s3: receive RaftClientReply:client-0D19BAD9897F->s3@group-35EF2EC6ADD7, cid=78, FAILED org.apache.ratis.protocol.exceptions.NotLeaderException: Server s3@group-35EF2EC6ADD7 is not the leader, logIndex=0, commits[s3:c2, s4:c2, s5:c1]
2023-03-05 20:00:55,275 [grpc-default-executor-8] ERROR impl.OrderedAsync (OrderedAsync.java:lambda$send$4(175)) - Failed to send request, message=null
java.util.concurrent.CompletionException: org.apache.ratis.protocol.exceptions.NotLeaderException: Server s3@group-35EF2EC6ADD7 is not the leader
	at java.base/java.util.concurrent.CompletableFuture.encodeThrowable(CompletableFuture.java:331)
	at java.base/java.util.concurrent.CompletableFuture.completeThrowable(CompletableFuture.java:346)
	at java.base/java.util.concurrent.CompletableFuture$UniApply.tryFire(CompletableFuture.java:632)
	at java.base/java.util.concurrent.CompletableFuture.postComplete(CompletableFuture.java:506)
	at java.base/java.util.concurrent.CompletableFuture.completeExceptionally(CompletableFuture.java:2088)
	at org.apache.ratis.client.impl.OrderedAsync$PendingOrderedRequest.fail(OrderedAsync.java:104)
	at org.apache.ratis.util.SlidingWindow$Client.fail(SlidingWindow.java:392)
	at org.apache.ratis.client.impl.OrderedAsync.failAllAsyncRequests(OrderedAsync.java:148)
	at org.apache.ratis.client.impl.OrderedAsync.handleAsyncRetryFailure(OrderedAsync.java:152)
	at org.apache.ratis.client.impl.OrderedAsync.lambda$sendRequest$10(OrderedAsync.java:262)
	at java.base/java.util.concurrent.CompletableFuture.uniExceptionally(CompletableFuture.java:986)
	at java.base/java.util.concurrent.CompletableFuture$UniExceptionally.tryFire(CompletableFuture.java:970)
	at java.base/java.util.concurrent.CompletableFuture.postComplete(CompletableFuture.java:506)
	at java.base/java.util.concurrent.CompletableFuture.completeExceptionally(CompletableFuture.java:2088)
	at org.apache.ratis.grpc.client.GrpcClientProtocolClient$AsyncStreamObservers.completeReplyExceptionally(GrpcClientProtocolClient.java:394)
	at org.apache.ratis.grpc.client.GrpcClientProtocolClient$AsyncStreamObservers.access$000(GrpcClientProtocolClient.java:300)
	at org.apache.ratis.grpc.client.GrpcClientProtocolClient$AsyncStreamObservers$1.onNext(GrpcClientProtocolClient.java:314)
	at org.apache.ratis.grpc.client.GrpcClientProtocolClient$AsyncStreamObservers$1.onNext(GrpcClientProtocolClient.java:305)
	at org.apache.ratis.thirdparty.io.grpc.stub.ClientCalls$StreamObserverToCallListenerAdapter.onMessage(ClientCalls.java:474)
	at org.apache.ratis.thirdparty.io.grpc.ForwardingClientCallListener.onMessage(ForwardingClientCallListener.java:33)
	at org.apache.ratis.thirdparty.io.grpc.internal.ClientCallImpl$ClientStreamListenerImpl$1MessagesAvailable.runInternal(ClientCallImpl.java:661)
	at org.apache.ratis.thirdparty.io.grpc.internal.ClientCallImpl$ClientStreamListenerImpl$1MessagesAvailable.runInContext(ClientCallImpl.java:646)
	at org.apache.ratis.thirdparty.io.grpc.internal.ContextRunnable.run(ContextRunnable.java:37)
	at org.apache.ratis.thirdparty.io.grpc.internal.SerializingExecutor.run(SerializingExecutor.java:133)
	at java.base/java.util.concurrent.ThreadPoolExecutor.runWorker(ThreadPoolExecutor.java:1128)
	at java.base/java.util.concurrent.ThreadPoolExecutor$Worker.run(ThreadPoolExecutor.java:628)
	at java.base/java.lang.Thread.run(Thread.java:829)
Caused by: org.apache.ratis.protocol.exceptions.NotLeaderException: Server s3@group-35EF2EC6ADD7 is not the leader
	at org.apache.ratis.client.impl.ClientProtoUtils.toRaftClientReply(ClientProtoUtils.java:431)
	at org.apache.ratis.grpc.client.GrpcClientProtocolClient$AsyncStreamObservers$1.onNext(GrpcClientProtocolClient.java:310)
	... 10 more
2023-03-05 20:00:55,276 [grpc-default-executor-8] ERROR impl.OrderedAsync (OrderedAsync.java:lambda$send$4(175)) - Failed to send request, message=message 4
java.util.concurrent.CompletionException: org.apache.ratis.protocol.exceptions.AlreadyClosedException: SlidingWindow$Client:client-0D19BAD9897F->RAFT is closed.
	at java.base/java.util.concurrent.CompletableFuture.encodeThrowable(CompletableFuture.java:331)
	at java.base/java.util.concurrent.CompletableFuture.completeThrowable(CompletableFuture.java:346)
	at java.base/java.util.concurrent.CompletableFuture$UniApply.tryFire(CompletableFuture.java:632)
	at java.base/java.util.concurrent.CompletableFuture.postComplete(CompletableFuture.java:506)
	at java.base/java.util.concurrent.CompletableFuture.completeExceptionally(CompletableFuture.java:2088)
	at org.apache.ratis.client.impl.OrderedAsync$PendingOrderedRequest.fail(OrderedAsync.java:104)
	at org.apache.ratis.util.SlidingWindow$Client.alreadyClosed(SlidingWindow.java:406)
	at org.apache.ratis.util.SlidingWindow$Client.fail(SlidingWindow.java:394)
	at org.apache.ratis.client.impl.OrderedAsync.failAllAsyncRequests(OrderedAsync.java:148)
	at org.apache.ratis.client.impl.OrderedAsync.handleAsyncRetryFailure(OrderedAsync.java:152)
	at org.apache.ratis.client.impl.OrderedAsync.lambda$sendRequest$10(OrderedAsync.java:262)
	at java.base/java.util.concurrent.CompletableFuture.uniExceptionally(CompletableFuture.java:986)
	at java.base/java.util.concurrent.CompletableFuture$UniExceptionally.tryFire(CompletableFuture.java:970)
	at java.base/java.util.concurrent.CompletableFuture.postComplete(CompletableFuture.java:506)
	at java.base/java.util.concurrent.CompletableFuture.completeExceptionally(CompletableFuture.java:2088)
	at org.apache.ratis.grpc.client.GrpcClientProtocolClient$AsyncStreamObservers.completeReplyExceptionally(GrpcClientProtocolClient.java:394)
	at org.apache.ratis.grpc.client.GrpcClientProtocolClient$AsyncStreamObservers.access$000(GrpcClientProtocolClient.java:300)
	at org.apache.ratis.grpc.client.GrpcClientProtocolClient$AsyncStreamObservers$1.onNext(GrpcClientProtocolClient.java:314)
	at org.apache.ratis.grpc.client.GrpcClientProtocolClient$AsyncStreamObservers$1.onNext(GrpcClientProtocolClient.java:305)
	at org.apache.ratis.thirdparty.io.grpc.stub.ClientCalls$StreamObserverToCallListenerAdapter.onMessage(ClientCalls.java:474)
	at org.apache.ratis.thirdparty.io.grpc.ForwardingClientCallListener.onMessage(ForwardingClientCallListener.java:33)
	at org.apache.ratis.thirdparty.io.grpc.internal.ClientCallImpl$ClientStreamListenerImpl$1MessagesAvailable.runInternal(ClientCallImpl.java:661)
	at org.apache.ratis.thirdparty.io.grpc.internal.ClientCallImpl$ClientStreamListenerImpl$1MessagesAvailable.runInContext(ClientCallImpl.java:646)
	at org.apache.ratis.thirdparty.io.grpc.internal.ContextRunnable.run(ContextRunnable.java:37)
	at org.apache.ratis.thirdparty.io.grpc.internal.SerializingExecutor.run(SerializingExecutor.java:133)
	at java.base/java.util.concurrent.ThreadPoolExecutor.runWorker(ThreadPoolExecutor.java:1128)
	at java.base/java.util.concurrent.ThreadPoolExecutor$Worker.run(ThreadPoolExecutor.java:628)
	at java.base/java.lang.Thread.run(Thread.java:829)
Caused by: org.apache.ratis.protocol.exceptions.AlreadyClosedException: SlidingWindow$Client:client-0D19BAD9897F->RAFT is closed.
	... 22 more
Caused by: org.apache.ratis.protocol.exceptions.NotLeaderException: Server s3@group-35EF2EC6ADD7 is not the leader
	at org.apache.ratis.client.impl.ClientProtoUtils.toRaftClientReply(ClientProtoUtils.java:431)
	at org.apache.ratis.grpc.client.GrpcClientProtocolClient$AsyncStreamObservers$1.onNext(GrpcClientProtocolClient.java:310)
	... 10 more
2023-03-05 20:00:55,281 [grpc-default-executor-5] TRACE client.GrpcClientProtocolClient (GrpcClientProtocolClient.java:onNext(311)) - client-463665317BAB->s3: receive RaftClientReply:client-463665317BAB->s3@group-35EF2EC6ADD7, cid=72, FAILED org.apache.ratis.protocol.exceptions.NotLeaderException: Server s3@group-35EF2EC6ADD7 is not the leader, logIndex=0, commits[s3:c2, s4:c2, s5:c1]
2023-03-05 20:00:55,281 [grpc-default-executor-5] ERROR impl.OrderedAsync (OrderedAsync.java:lambda$send$4(175)) - Failed to send request, message=null
java.util.concurrent.CompletionException: org.apache.ratis.protocol.exceptions.NotLeaderException: Server s3@group-35EF2EC6ADD7 is not the leader
	at java.base/java.util.concurrent.CompletableFuture.encodeThrowable(CompletableFuture.java:331)
	at java.base/java.util.concurrent.CompletableFuture.completeThrowable(CompletableFuture.java:346)
	at java.base/java.util.concurrent.CompletableFuture$UniApply.tryFire(CompletableFuture.java:632)
	at java.base/java.util.concurrent.CompletableFuture.postComplete(CompletableFuture.java:506)
	at java.base/java.util.concurrent.CompletableFuture.completeExceptionally(CompletableFuture.java:2088)
	at org.apache.ratis.client.impl.OrderedAsync$PendingOrderedRequest.fail(OrderedAsync.java:104)
	at org.apache.ratis.util.SlidingWindow$Client.fail(SlidingWindow.java:392)
	at org.apache.ratis.client.impl.OrderedAsync.failAllAsyncRequests(OrderedAsync.java:148)
	at org.apache.ratis.client.impl.OrderedAsync.handleAsyncRetryFailure(OrderedAsync.java:152)
	at org.apache.ratis.client.impl.OrderedAsync.lambda$sendRequest$10(OrderedAsync.java:262)
	at java.base/java.util.concurrent.CompletableFuture.uniExceptionally(CompletableFuture.java:986)
	at java.base/java.util.concurrent.CompletableFuture$UniExceptionally.tryFire(CompletableFuture.java:970)
	at java.base/java.util.concurrent.CompletableFuture.postComplete(CompletableFuture.java:506)
	at java.base/java.util.concurrent.CompletableFuture.completeExceptionally(CompletableFuture.java:2088)
	at org.apache.ratis.grpc.client.GrpcClientProtocolClient$AsyncStreamObservers.completeReplyExceptionally(GrpcClientProtocolClient.java:394)
	at org.apache.ratis.grpc.client.GrpcClientProtocolClient$AsyncStreamObservers.access$000(GrpcClientProtocolClient.java:300)
	at org.apache.ratis.grpc.client.GrpcClientProtocolClient$AsyncStreamObservers$1.onNext(GrpcClientProtocolClient.java:314)
	at org.apache.ratis.grpc.client.GrpcClientProtocolClient$AsyncStreamObservers$1.onNext(GrpcClientProtocolClient.java:305)
	at org.apache.ratis.thirdparty.io.grpc.stub.ClientCalls$StreamObserverToCallListenerAdapter.onMessage(ClientCalls.java:474)
	at org.apache.ratis.thirdparty.io.grpc.ForwardingClientCallListener.onMessage(ForwardingClientCallListener.java:33)
	at org.apache.ratis.thirdparty.io.grpc.internal.DelayedClientCall$DelayedListener.onMessage(DelayedClientCall.java:452)
	at org.apache.ratis.thirdparty.io.grpc.internal.ClientCallImpl$ClientStreamListenerImpl$1MessagesAvailable.runInternal(ClientCallImpl.java:661)
	at org.apache.ratis.thirdparty.io.grpc.internal.ClientCallImpl$ClientStreamListenerImpl$1MessagesAvailable.runInContext(ClientCallImpl.java:646)
	at org.apache.ratis.thirdparty.io.grpc.internal.ContextRunnable.run(ContextRunnable.java:37)
	at org.apache.ratis.thirdparty.io.grpc.internal.SerializingExecutor.run(SerializingExecutor.java:133)
	at java.base/java.util.concurrent.ThreadPoolExecutor.runWorker(ThreadPoolExecutor.java:1128)
	at java.base/java.util.concurrent.ThreadPoolExecutor$Worker.run(ThreadPoolExecutor.java:628)
	at java.base/java.lang.Thread.run(Thread.java:829)
Caused by: org.apache.ratis.protocol.exceptions.NotLeaderException: Server s3@group-35EF2EC6ADD7 is not the leader
	at org.apache.ratis.client.impl.ClientProtoUtils.toRaftClientReply(ClientProtoUtils.java:431)
	at org.apache.ratis.grpc.client.GrpcClientProtocolClient$AsyncStreamObservers$1.onNext(GrpcClientProtocolClient.java:310)
	... 11 more
2023-03-05 20:00:55,282 [grpc-default-executor-5] ERROR impl.OrderedAsync (OrderedAsync.java:lambda$send$4(175)) - Failed to send request, message=message 1
java.util.concurrent.CompletionException: org.apache.ratis.protocol.exceptions.AlreadyClosedException: SlidingWindow$Client:client-463665317BAB->RAFT is closed.
	at java.base/java.util.concurrent.CompletableFuture.encodeThrowable(CompletableFuture.java:331)
	at java.base/java.util.concurrent.CompletableFuture.completeThrowable(CompletableFuture.java:346)
	at java.base/java.util.concurrent.CompletableFuture$UniApply.tryFire(CompletableFuture.java:632)
	at java.base/java.util.concurrent.CompletableFuture.postComplete(CompletableFuture.java:506)
	at java.base/java.util.concurrent.CompletableFuture.completeExceptionally(CompletableFuture.java:2088)
	at org.apache.ratis.client.impl.OrderedAsync$PendingOrderedRequest.fail(OrderedAsync.java:104)
	at org.apache.ratis.util.SlidingWindow$Client.alreadyClosed(SlidingWindow.java:406)
	at org.apache.ratis.util.SlidingWindow$Client.fail(SlidingWindow.java:394)
	at org.apache.ratis.client.impl.OrderedAsync.failAllAsyncRequests(OrderedAsync.java:148)
	at org.apache.ratis.client.impl.OrderedAsync.handleAsyncRetryFailure(OrderedAsync.java:152)
	at org.apache.ratis.client.impl.OrderedAsync.lambda$sendRequest$10(OrderedAsync.java:262)
	at java.base/java.util.concurrent.CompletableFuture.uniExceptionally(CompletableFuture.java:986)
	at java.base/java.util.concurrent.CompletableFuture$UniExceptionally.tryFire(CompletableFuture.java:970)
	at java.base/java.util.concurrent.CompletableFuture.postComplete(CompletableFuture.java:506)
	at java.base/java.util.concurrent.CompletableFuture.completeExceptionally(CompletableFuture.java:2088)
	at org.apache.ratis.grpc.client.GrpcClientProtocolClient$AsyncStreamObservers.completeReplyExceptionally(GrpcClientProtocolClient.java:394)
	at org.apache.ratis.grpc.client.GrpcClientProtocolClient$AsyncStreamObservers.access$000(GrpcClientProtocolClient.java:300)
	at org.apache.ratis.grpc.client.GrpcClientProtocolClient$AsyncStreamObservers$1.onNext(GrpcClientProtocolClient.java:314)
	at org.apache.ratis.grpc.client.GrpcClientProtocolClient$AsyncStreamObservers$1.onNext(GrpcClientProtocolClient.java:305)
	at org.apache.ratis.thirdparty.io.grpc.stub.ClientCalls$StreamObserverToCallListenerAdapter.onMessage(ClientCalls.java:474)
	at org.apache.ratis.thirdparty.io.grpc.ForwardingClientCallListener.onMessage(ForwardingClientCallListener.java:33)
	at org.apache.ratis.thirdparty.io.grpc.internal.DelayedClientCall$DelayedListener.onMessage(DelayedClientCall.java:452)
	at org.apache.ratis.thirdparty.io.grpc.internal.ClientCallImpl$ClientStreamListenerImpl$1MessagesAvailable.runInternal(ClientCallImpl.java:661)
	at org.apache.ratis.thirdparty.io.grpc.internal.ClientCallImpl$ClientStreamListenerImpl$1MessagesAvailable.runInContext(ClientCallImpl.java:646)
	at org.apache.ratis.thirdparty.io.grpc.internal.ContextRunnable.run(ContextRunnable.java:37)
	at org.apache.ratis.thirdparty.io.grpc.internal.SerializingExecutor.run(SerializingExecutor.java:133)
	at java.base/java.util.concurrent.ThreadPoolExecutor.runWorker(ThreadPoolExecutor.java:1128)
	at java.base/java.util.concurrent.ThreadPoolExecutor$Worker.run(ThreadPoolExecutor.java:628)
	at java.base/java.lang.Thread.run(Thread.java:829)
Caused by: org.apache.ratis.protocol.exceptions.AlreadyClosedException: SlidingWindow$Client:client-463665317BAB->RAFT is closed.
	... 23 more
Caused by: org.apache.ratis.protocol.exceptions.NotLeaderException: Server s3@group-35EF2EC6ADD7 is not the leader
	at org.apache.ratis.client.impl.ClientProtoUtils.toRaftClientReply(ClientProtoUtils.java:431)
	at org.apache.ratis.grpc.client.GrpcClientProtocolClient$AsyncStreamObservers$1.onNext(GrpcClientProtocolClient.java:310)
	... 11 more
2023-03-05 20:00:55,283 [grpc-default-executor-4] TRACE client.GrpcClientProtocolClient (GrpcClientProtocolClient.java:onNext(311)) - client-1384F662D72A->s3: receive RaftClientReply:client-1384F662D72A->s3@group-35EF2EC6ADD7, cid=76, FAILED org.apache.ratis.protocol.exceptions.NotLeaderException: Server s3@group-35EF2EC6ADD7 is not the leader, logIndex=0, commits[s3:c2, s4:c2, s5:c1]
2023-03-05 20:00:55,283 [grpc-default-executor-4] ERROR impl.OrderedAsync (OrderedAsync.java:lambda$send$4(175)) - Failed to send request, message=null
java.util.concurrent.CompletionException: org.apache.ratis.protocol.exceptions.NotLeaderException: Server s3@group-35EF2EC6ADD7 is not the leader
	at java.base/java.util.concurrent.CompletableFuture.encodeThrowable(CompletableFuture.java:331)
	at java.base/java.util.concurrent.CompletableFuture.completeThrowable(CompletableFuture.java:346)
	at java.base/java.util.concurrent.CompletableFuture$UniApply.tryFire(CompletableFuture.java:632)
	at java.base/java.util.concurrent.CompletableFuture.postComplete(CompletableFuture.java:506)
	at java.base/java.util.concurrent.CompletableFuture.completeExceptionally(CompletableFuture.java:2088)
	at org.apache.ratis.client.impl.OrderedAsync$PendingOrderedRequest.fail(OrderedAsync.java:104)
	at org.apache.ratis.util.SlidingWindow$Client.fail(SlidingWindow.java:392)
	at org.apache.ratis.client.impl.OrderedAsync.failAllAsyncRequests(OrderedAsync.java:148)
	at org.apache.ratis.client.impl.OrderedAsync.handleAsyncRetryFailure(OrderedAsync.java:152)
	at org.apache.ratis.client.impl.OrderedAsync.lambda$sendRequest$10(OrderedAsync.java:262)
	at java.base/java.util.concurrent.CompletableFuture.uniExceptionally(CompletableFuture.java:986)
	at java.base/java.util.concurrent.CompletableFuture$UniExceptionally.tryFire(CompletableFuture.java:970)
	at java.base/java.util.concurrent.CompletableFuture.postComplete(CompletableFuture.java:506)
	at java.base/java.util.concurrent.CompletableFuture.completeExceptionally(CompletableFuture.java:2088)
	at org.apache.ratis.grpc.client.GrpcClientProtocolClient$AsyncStreamObservers.completeReplyExceptionally(GrpcClientProtocolClient.java:394)
	at org.apache.ratis.grpc.client.GrpcClientProtocolClient$AsyncStreamObservers.access$000(GrpcClientProtocolClient.java:300)
	at org.apache.ratis.grpc.client.GrpcClientProtocolClient$AsyncStreamObservers$1.onNext(GrpcClientProtocolClient.java:314)
	at org.apache.ratis.grpc.client.GrpcClientProtocolClient$AsyncStreamObservers$1.onNext(GrpcClientProtocolClient.java:305)
	at org.apache.ratis.thirdparty.io.grpc.stub.ClientCalls$StreamObserverToCallListenerAdapter.onMessage(ClientCalls.java:474)
	at org.apache.ratis.thirdparty.io.grpc.ForwardingClientCallListener.onMessage(ForwardingClientCallListener.java:33)
	at org.apache.ratis.thirdparty.io.grpc.internal.DelayedClientCall$DelayedListener.onMessage(DelayedClientCall.java:452)
	at org.apache.ratis.thirdparty.io.grpc.internal.ClientCallImpl$ClientStreamListenerImpl$1MessagesAvailable.runInternal(ClientCallImpl.java:661)
	at org.apache.ratis.thirdparty.io.grpc.internal.ClientCallImpl$ClientStreamListenerImpl$1MessagesAvailable.runInContext(ClientCallImpl.java:646)
	at org.apache.ratis.thirdparty.io.grpc.internal.ContextRunnable.run(ContextRunnable.java:37)
	at org.apache.ratis.thirdparty.io.grpc.internal.SerializingExecutor.run(SerializingExecutor.java:133)
	at java.base/java.util.concurrent.ThreadPoolExecutor.runWorker(ThreadPoolExecutor.java:1128)
	at java.base/java.util.concurrent.ThreadPoolExecutor$Worker.run(ThreadPoolExecutor.java:628)
	at java.base/java.lang.Thread.run(Thread.java:829)
Caused by: org.apache.ratis.protocol.exceptions.NotLeaderException: Server s3@group-35EF2EC6ADD7 is not the leader
	at org.apache.ratis.client.impl.ClientProtoUtils.toRaftClientReply(ClientProtoUtils.java:431)
	at org.apache.ratis.grpc.client.GrpcClientProtocolClient$AsyncStreamObservers$1.onNext(GrpcClientProtocolClient.java:310)
	... 11 more
2023-03-05 20:00:55,283 [grpc-default-executor-4] ERROR impl.OrderedAsync (OrderedAsync.java:lambda$send$4(175)) - Failed to send request, message=message 3
java.util.concurrent.CompletionException: org.apache.ratis.protocol.exceptions.AlreadyClosedException: SlidingWindow$Client:client-1384F662D72A->RAFT is closed.
	at java.base/java.util.concurrent.CompletableFuture.encodeThrowable(CompletableFuture.java:331)
	at java.base/java.util.concurrent.CompletableFuture.completeThrowable(CompletableFuture.java:346)
	at java.base/java.util.concurrent.CompletableFuture$UniApply.tryFire(CompletableFuture.java:632)
	at java.base/java.util.concurrent.CompletableFuture.postComplete(CompletableFuture.java:506)
	at java.base/java.util.concurrent.CompletableFuture.completeExceptionally(CompletableFuture.java:2088)
	at org.apache.ratis.client.impl.OrderedAsync$PendingOrderedRequest.fail(OrderedAsync.java:104)
	at org.apache.ratis.util.SlidingWindow$Client.alreadyClosed(SlidingWindow.java:406)
	at org.apache.ratis.util.SlidingWindow$Client.fail(SlidingWindow.java:394)
	at org.apache.ratis.client.impl.OrderedAsync.failAllAsyncRequests(OrderedAsync.java:148)
	at org.apache.ratis.client.impl.OrderedAsync.handleAsyncRetryFailure(OrderedAsync.java:152)
	at org.apache.ratis.client.impl.OrderedAsync.lambda$sendRequest$10(OrderedAsync.java:262)
	at java.base/java.util.concurrent.CompletableFuture.uniExceptionally(CompletableFuture.java:986)
	at java.base/java.util.concurrent.CompletableFuture$UniExceptionally.tryFire(CompletableFuture.java:970)
	at java.base/java.util.concurrent.CompletableFuture.postComplete(CompletableFuture.java:506)
	at java.base/java.util.concurrent.CompletableFuture.completeExceptionally(CompletableFuture.java:2088)
	at org.apache.ratis.grpc.client.GrpcClientProtocolClient$AsyncStreamObservers.completeReplyExceptionally(GrpcClientProtocolClient.java:394)
	at org.apache.ratis.grpc.client.GrpcClientProtocolClient$AsyncStreamObservers.access$000(GrpcClientProtocolClient.java:300)
	at org.apache.ratis.grpc.client.GrpcClientProtocolClient$AsyncStreamObservers$1.onNext(GrpcClientProtocolClient.java:314)
	at org.apache.ratis.grpc.client.GrpcClientProtocolClient$AsyncStreamObservers$1.onNext(GrpcClientProtocolClient.java:305)
	at org.apache.ratis.thirdparty.io.grpc.stub.ClientCalls$StreamObserverToCallListenerAdapter.onMessage(ClientCalls.java:474)
	at org.apache.ratis.thirdparty.io.grpc.ForwardingClientCallListener.onMessage(ForwardingClientCallListener.java:33)
	at org.apache.ratis.thirdparty.io.grpc.internal.DelayedClientCall$DelayedListener.onMessage(DelayedClientCall.java:452)
	at org.apache.ratis.thirdparty.io.grpc.internal.ClientCallImpl$ClientStreamListenerImpl$1MessagesAvailable.runInternal(ClientCallImpl.java:661)
	at org.apache.ratis.thirdparty.io.grpc.internal.ClientCallImpl$ClientStreamListenerImpl$1MessagesAvailable.runInContext(ClientCallImpl.java:646)
	at org.apache.ratis.thirdparty.io.grpc.internal.ContextRunnable.run(ContextRunnable.java:37)
	at org.apache.ratis.thirdparty.io.grpc.internal.SerializingExecutor.run(SerializingExecutor.java:133)
	at java.base/java.util.concurrent.ThreadPoolExecutor.runWorker(ThreadPoolExecutor.java:1128)
	at java.base/java.util.concurrent.ThreadPoolExecutor$Worker.run(ThreadPoolExecutor.java:628)
	at java.base/java.lang.Thread.run(Thread.java:829)
Caused by: org.apache.ratis.protocol.exceptions.AlreadyClosedException: SlidingWindow$Client:client-1384F662D72A->RAFT is closed.
	... 23 more
Caused by: org.apache.ratis.protocol.exceptions.NotLeaderException: Server s3@group-35EF2EC6ADD7 is not the leader
	at org.apache.ratis.client.impl.ClientProtoUtils.toRaftClientReply(ClientProtoUtils.java:431)
	at org.apache.ratis.grpc.client.GrpcClientProtocolClient$AsyncStreamObservers$1.onNext(GrpcClientProtocolClient.java:310)
	... 11 more
2023-03-05 20:00:55,285 [grpc-default-executor-8] TRACE client.GrpcClientProtocolClient (GrpcClientProtocolClient.java:onNext(311)) - client-ACD80A625E4E->s3: receive RaftClientReply:client-ACD80A625E4E->s3@group-35EF2EC6ADD7, cid=80, FAILED org.apache.ratis.protocol.exceptions.NotLeaderException: Server s3@group-35EF2EC6ADD7 is not the leader, logIndex=0, commits[s3:c2, s4:c2, s5:c1]
2023-03-05 20:00:55,286 [grpc-default-executor-8] ERROR impl.OrderedAsync (OrderedAsync.java:lambda$send$4(175)) - Failed to send request, message=null
java.util.concurrent.CompletionException: org.apache.ratis.protocol.exceptions.NotLeaderException: Server s3@group-35EF2EC6ADD7 is not the leader
	at java.base/java.util.concurrent.CompletableFuture.encodeThrowable(CompletableFuture.java:331)
	at java.base/java.util.concurrent.CompletableFuture.completeThrowable(CompletableFuture.java:346)
	at java.base/java.util.concurrent.CompletableFuture$UniApply.tryFire(CompletableFuture.java:632)
	at java.base/java.util.concurrent.CompletableFuture.postComplete(CompletableFuture.java:506)
	at java.base/java.util.concurrent.CompletableFuture.completeExceptionally(CompletableFuture.java:2088)
	at org.apache.ratis.client.impl.OrderedAsync$PendingOrderedRequest.fail(OrderedAsync.java:104)
	at org.apache.ratis.util.SlidingWindow$Client.fail(SlidingWindow.java:392)
	at org.apache.ratis.client.impl.OrderedAsync.failAllAsyncRequests(OrderedAsync.java:148)
	at org.apache.ratis.client.impl.OrderedAsync.handleAsyncRetryFailure(OrderedAsync.java:152)
	at org.apache.ratis.client.impl.OrderedAsync.lambda$sendRequest$10(OrderedAsync.java:262)
	at java.base/java.util.concurrent.CompletableFuture.uniExceptionally(CompletableFuture.java:986)
	at java.base/java.util.concurrent.CompletableFuture$UniExceptionally.tryFire(CompletableFuture.java:970)
	at java.base/java.util.concurrent.CompletableFuture.postComplete(CompletableFuture.java:506)
	at java.base/java.util.concurrent.CompletableFuture.completeExceptionally(CompletableFuture.java:2088)
	at org.apache.ratis.grpc.client.GrpcClientProtocolClient$AsyncStreamObservers.completeReplyExceptionally(GrpcClientProtocolClient.java:394)
	at org.apache.ratis.grpc.client.GrpcClientProtocolClient$AsyncStreamObservers.access$000(GrpcClientProtocolClient.java:300)
	at org.apache.ratis.grpc.client.GrpcClientProtocolClient$AsyncStreamObservers$1.onNext(GrpcClientProtocolClient.java:314)
	at org.apache.ratis.grpc.client.GrpcClientProtocolClient$AsyncStreamObservers$1.onNext(GrpcClientProtocolClient.java:305)
	at org.apache.ratis.thirdparty.io.grpc.stub.ClientCalls$StreamObserverToCallListenerAdapter.onMessage(ClientCalls.java:474)
	at org.apache.ratis.thirdparty.io.grpc.ForwardingClientCallListener.onMessage(ForwardingClientCallListener.java:33)
	at org.apache.ratis.thirdparty.io.grpc.internal.ClientCallImpl$ClientStreamListenerImpl$1MessagesAvailable.runInternal(ClientCallImpl.java:661)
	at org.apache.ratis.thirdparty.io.grpc.internal.ClientCallImpl$ClientStreamListenerImpl$1MessagesAvailable.runInContext(ClientCallImpl.java:646)
	at org.apache.ratis.thirdparty.io.grpc.internal.ContextRunnable.run(ContextRunnable.java:37)
	at org.apache.ratis.thirdparty.io.grpc.internal.SerializingExecutor.run(SerializingExecutor.java:133)
	at java.base/java.util.concurrent.ThreadPoolExecutor.runWorker(ThreadPoolExecutor.java:1128)
	at java.base/java.util.concurrent.ThreadPoolExecutor$Worker.run(ThreadPoolExecutor.java:628)
	at java.base/java.lang.Thread.run(Thread.java:829)
Caused by: org.apache.ratis.protocol.exceptions.NotLeaderException: Server s3@group-35EF2EC6ADD7 is not the leader
	at org.apache.ratis.client.impl.ClientProtoUtils.toRaftClientReply(ClientProtoUtils.java:431)
	at org.apache.ratis.grpc.client.GrpcClientProtocolClient$AsyncStreamObservers$1.onNext(GrpcClientProtocolClient.java:310)
	... 10 more
2023-03-05 20:00:55,286 [grpc-default-executor-8] ERROR impl.OrderedAsync (OrderedAsync.java:lambda$send$4(175)) - Failed to send request, message=message 5
java.util.concurrent.CompletionException: org.apache.ratis.protocol.exceptions.AlreadyClosedException: SlidingWindow$Client:client-ACD80A625E4E->RAFT is closed.
	at java.base/java.util.concurrent.CompletableFuture.encodeThrowable(CompletableFuture.java:331)
	at java.base/java.util.concurrent.CompletableFuture.completeThrowable(CompletableFuture.java:346)
	at java.base/java.util.concurrent.CompletableFuture$UniApply.tryFire(CompletableFuture.java:632)
	at java.base/java.util.concurrent.CompletableFuture.postComplete(CompletableFuture.java:506)
	at java.base/java.util.concurrent.CompletableFuture.completeExceptionally(CompletableFuture.java:2088)
	at org.apache.ratis.client.impl.OrderedAsync$PendingOrderedRequest.fail(OrderedAsync.java:104)
	at org.apache.ratis.util.SlidingWindow$Client.alreadyClosed(SlidingWindow.java:406)
	at org.apache.ratis.util.SlidingWindow$Client.fail(SlidingWindow.java:394)
	at org.apache.ratis.client.impl.OrderedAsync.failAllAsyncRequests(OrderedAsync.java:148)
	at org.apache.ratis.client.impl.OrderedAsync.handleAsyncRetryFailure(OrderedAsync.java:152)
	at org.apache.ratis.client.impl.OrderedAsync.lambda$sendRequest$10(OrderedAsync.java:262)
	at java.base/java.util.concurrent.CompletableFuture.uniExceptionally(CompletableFuture.java:986)
	at java.base/java.util.concurrent.CompletableFuture$UniExceptionally.tryFire(CompletableFuture.java:970)
	at java.base/java.util.concurrent.CompletableFuture.postComplete(CompletableFuture.java:506)
	at java.base/java.util.concurrent.CompletableFuture.completeExceptionally(CompletableFuture.java:2088)
	at org.apache.ratis.grpc.client.GrpcClientProtocolClient$AsyncStreamObservers.completeReplyExceptionally(GrpcClientProtocolClient.java:394)
	at org.apache.ratis.grpc.client.GrpcClientProtocolClient$AsyncStreamObservers.access$000(GrpcClientProtocolClient.java:300)
	at org.apache.ratis.grpc.client.GrpcClientProtocolClient$AsyncStreamObservers$1.onNext(GrpcClientProtocolClient.java:314)
	at org.apache.ratis.grpc.client.GrpcClientProtocolClient$AsyncStreamObservers$1.onNext(GrpcClientProtocolClient.java:305)
	at org.apache.ratis.thirdparty.io.grpc.stub.ClientCalls$StreamObserverToCallListenerAdapter.onMessage(ClientCalls.java:474)
	at org.apache.ratis.thirdparty.io.grpc.ForwardingClientCallListener.onMessage(ForwardingClientCallListener.java:33)
	at org.apache.ratis.thirdparty.io.grpc.internal.ClientCallImpl$ClientStreamListenerImpl$1MessagesAvailable.runInternal(ClientCallImpl.java:661)
	at org.apache.ratis.thirdparty.io.grpc.internal.ClientCallImpl$ClientStreamListenerImpl$1MessagesAvailable.runInContext(ClientCallImpl.java:646)
	at org.apache.ratis.thirdparty.io.grpc.internal.ContextRunnable.run(ContextRunnable.java:37)
	at org.apache.ratis.thirdparty.io.grpc.internal.SerializingExecutor.run(SerializingExecutor.java:133)
	at java.base/java.util.concurrent.ThreadPoolExecutor.runWorker(ThreadPoolExecutor.java:1128)
	at java.base/java.util.concurrent.ThreadPoolExecutor$Worker.run(ThreadPoolExecutor.java:628)
	at java.base/java.lang.Thread.run(Thread.java:829)
Caused by: org.apache.ratis.protocol.exceptions.AlreadyClosedException: SlidingWindow$Client:client-ACD80A625E4E->RAFT is closed.
	... 22 more
Caused by: org.apache.ratis.protocol.exceptions.NotLeaderException: Server s3@group-35EF2EC6ADD7 is not the leader
	at org.apache.ratis.client.impl.ClientProtoUtils.toRaftClientReply(ClientProtoUtils.java:431)
	at org.apache.ratis.grpc.client.GrpcClientProtocolClient$AsyncStreamObservers$1.onNext(GrpcClientProtocolClient.java:310)
	... 10 more
2023-03-05 20:00:55,307 [Time-limited test] INFO  impl.MiniRaftCluster (MiniRaftCluster.java:shutdown(831)) - ************************************************************** 
2023-03-05 20:00:55,307 [Time-limited test] INFO  impl.MiniRaftCluster (MiniRaftCluster.java:shutdown(832)) - *** 
2023-03-05 20:00:55,307 [Time-limited test] INFO  impl.MiniRaftCluster (MiniRaftCluster.java:shutdown(833)) - ***     Stopping MiniRaftClusterWithGrpc
2023-03-05 20:00:55,307 [Time-limited test] INFO  impl.MiniRaftCluster (MiniRaftCluster.java:shutdown(834)) - *** 
2023-03-05 20:00:55,307 [Time-limited test] INFO  impl.MiniRaftCluster (MiniRaftCluster.java:shutdown(835)) - ************************************************************** 
2023-03-05 20:00:55,307 [Time-limited test] INFO  impl.MiniRaftCluster (MiniRaftCluster.java:shutdown(836)) - printing ALL groups
  s3:  RUNNING  FOLLOWER s3@group-35EF2EC6ADD7:t1, leader=null, voted=s3, raftlog=Memoized:s3@group-35EF2EC6ADD7-SegmentedRaftLog:OPENED:c2, conf=0: peers:[s3|rpc:localhost:42973|admin:localhost:37029|client:localhost:36937|dataStream:localhost:36905|priority:0|startupRole:FOLLOWER, s4|rpc:localhost:46797|admin:localhost:46241|client:localhost:40995|dataStream:localhost:44269|priority:0|startupRole:FOLLOWER, s5|rpc:localhost:40115|admin:localhost:38531|client:localhost:34869|dataStream:localhost:36531|priority:0|startupRole:FOLLOWER]|listeners:[], old=null RUNNING
  s4:  RUNNING  FOLLOWER s4@group-35EF2EC6ADD7:t1, leader=s3, voted=s3, raftlog=Memoized:s4@group-35EF2EC6ADD7-SegmentedRaftLog:OPENED:c2, conf=0: peers:[s3|rpc:localhost:42973|admin:localhost:37029|client:localhost:36937|dataStream:localhost:36905|priority:0|startupRole:FOLLOWER, s4|rpc:localhost:46797|admin:localhost:46241|client:localhost:40995|dataStream:localhost:44269|priority:0|startupRole:FOLLOWER, s5|rpc:localhost:40115|admin:localhost:38531|client:localhost:34869|dataStream:localhost:36531|priority:0|startupRole:FOLLOWER]|listeners:[], old=null RUNNING
  s5:  RUNNING  FOLLOWER s5@group-35EF2EC6ADD7:t1, leader=s3, voted=s3, raftlog=Memoized:s5@group-35EF2EC6ADD7-SegmentedRaftLog:OPENED:c2, conf=0: peers:[s3|rpc:localhost:42973|admin:localhost:37029|client:localhost:36937|dataStream:localhost:36905|priority:0|startupRole:FOLLOWER, s4|rpc:localhost:46797|admin:localhost:46241|client:localhost:40995|dataStream:localhost:44269|priority:0|startupRole:FOLLOWER, s5|rpc:localhost:40115|admin:localhost:38531|client:localhost:34869|dataStream:localhost:36531|priority:0|startupRole:FOLLOWER]|listeners:[], old=null RUNNING
2023-03-05 20:00:55,308 [MiniRaftCluster-18] INFO  server.RaftServer (RaftServerProxy.java:lambda$close$7(417)) - s3: close
2023-03-05 20:00:55,308 [MiniRaftCluster-19] INFO  server.RaftServer (RaftServerProxy.java:lambda$close$7(417)) - s4: close
2023-03-05 20:00:55,311 [MiniRaftCluster-18] INFO  server.GrpcService (GrpcService.java:closeImpl(311)) - s3: shutdown server org.apache.ratis.grpc.server.GrpcClientProtocolService now
2023-03-05 20:00:55,311 [s3-impl-thread1] INFO  server.RaftServer$Division (RaftServerImpl.java:lambda$close$4(466)) - s3@group-35EF2EC6ADD7: shutdown
2023-03-05 20:00:55,312 [s3-impl-thread1] INFO  util.JmxRegister (JmxRegister.java:unregister(73)) - Successfully un-registered JMX Bean with object name Ratis:service=RaftServer,group=group-35EF2EC6ADD7,id=s3
2023-03-05 20:00:55,312 [s3-impl-thread1] INFO  impl.RoleInfo (RoleInfo.java:shutdownFollowerState(110)) - s3: shutdown s3@group-35EF2EC6ADD7-FollowerState
2023-03-05 20:00:55,312 [s3-impl-thread1] INFO  impl.StateMachineUpdater (StateMachineUpdater.java:stopAndJoin(154)) - s3@group-35EF2EC6ADD7-StateMachineUpdater: set stopIndex = 2
2023-03-05 20:00:55,312 [s3@group-35EF2EC6ADD7-FollowerState] INFO  impl.FollowerState (FollowerState.java:run(152)) - s3@group-35EF2EC6ADD7-FollowerState was interrupted
2023-03-05 20:00:55,312 [s3-impl-thread1] INFO  server.RaftServer$Division (ServerState.java:close(414)) - s3@group-35EF2EC6ADD7: applyIndex: 2
2023-03-05 20:00:55,312 [MiniRaftCluster-20] INFO  server.RaftServer (RaftServerProxy.java:lambda$close$7(417)) - s5: close
2023-03-05 20:00:55,316 [Thread-650] INFO  server.GrpcServerProtocolClient (GrpcServerProtocolClient.java:close(101)) - s4 Close channels
2023-03-05 20:00:55,313 [MiniRaftCluster-19] INFO  server.GrpcService (GrpcService.java:closeImpl(311)) - s4: shutdown server org.apache.ratis.grpc.server.GrpcClientProtocolService now
2023-03-05 20:00:55,313 [s4-impl-thread1] INFO  server.RaftServer$Division (RaftServerImpl.java:lambda$close$4(466)) - s4@group-35EF2EC6ADD7: shutdown
2023-03-05 20:00:55,319 [s4-impl-thread1] INFO  util.JmxRegister (JmxRegister.java:unregister(73)) - Successfully un-registered JMX Bean with object name Ratis:service=RaftServer,group=group-35EF2EC6ADD7,id=s4
2023-03-05 20:00:55,319 [s4-impl-thread1] INFO  impl.RoleInfo (RoleInfo.java:shutdownFollowerState(110)) - s4: shutdown s4@group-35EF2EC6ADD7-FollowerState
2023-03-05 20:00:55,320 [s4-impl-thread1] INFO  impl.StateMachineUpdater (StateMachineUpdater.java:stopAndJoin(154)) - s4@group-35EF2EC6ADD7-StateMachineUpdater: set stopIndex = 2
2023-03-05 20:00:55,320 [s4@group-35EF2EC6ADD7-FollowerState] INFO  impl.FollowerState (FollowerState.java:run(152)) - s4@group-35EF2EC6ADD7-FollowerState was interrupted
2023-03-05 20:00:55,320 [s4-impl-thread1] INFO  server.RaftServer$Division (ServerState.java:close(414)) - s4@group-35EF2EC6ADD7: applyIndex: 2
2023-03-05 20:00:55,319 [Thread-651] INFO  server.GrpcServerProtocolClient (GrpcServerProtocolClient.java:close(101)) - s5 Close channels
2023-03-05 20:00:55,319 [s5-impl-thread1] INFO  server.RaftServer$Division (RaftServerImpl.java:lambda$close$4(466)) - s5@group-35EF2EC6ADD7: shutdown
2023-03-05 20:00:55,319 [MiniRaftCluster-20] INFO  server.GrpcService (GrpcService.java:closeImpl(311)) - s5: shutdown server org.apache.ratis.grpc.server.GrpcClientProtocolService now
2023-03-05 20:00:55,327 [s5-impl-thread1] INFO  util.JmxRegister (JmxRegister.java:unregister(73)) - Successfully un-registered JMX Bean with object name Ratis:service=RaftServer,group=group-35EF2EC6ADD7,id=s5
2023-03-05 20:00:55,323 [MiniRaftCluster-19] INFO  server.GrpcService (GrpcService.java:closeImpl(320)) - s4: shutdown server org.apache.ratis.grpc.server.GrpcClientProtocolService successfully
2023-03-05 20:00:55,328 [MiniRaftCluster-19] INFO  server.GrpcService (GrpcService.java:closeImpl(311)) - s4: shutdown server GrpcServerProtocolService now
2023-03-05 20:00:55,328 [s5-impl-thread1] INFO  impl.RoleInfo (RoleInfo.java:shutdownFollowerState(110)) - s5: shutdown s5@group-35EF2EC6ADD7-FollowerState
2023-03-05 20:00:55,328 [s5-impl-thread1] INFO  impl.StateMachineUpdater (StateMachineUpdater.java:stopAndJoin(154)) - s5@group-35EF2EC6ADD7-StateMachineUpdater: set stopIndex = 2
2023-03-05 20:00:55,329 [s5@group-35EF2EC6ADD7-FollowerState] INFO  impl.FollowerState (FollowerState.java:run(152)) - s5@group-35EF2EC6ADD7-FollowerState was interrupted
2023-03-05 20:00:55,329 [s5-impl-thread1] INFO  server.RaftServer$Division (ServerState.java:close(414)) - s5@group-35EF2EC6ADD7: applyIndex: 2
2023-03-05 20:00:55,330 [MiniRaftCluster-18] INFO  server.GrpcService (GrpcService.java:closeImpl(320)) - s3: shutdown server org.apache.ratis.grpc.server.GrpcClientProtocolService successfully
2023-03-05 20:00:55,330 [MiniRaftCluster-18] INFO  server.GrpcService (GrpcService.java:closeImpl(311)) - s3: shutdown server GrpcServerProtocolService now
2023-03-05 20:00:55,331 [MiniRaftCluster-20] INFO  server.GrpcService (GrpcService.java:closeImpl(320)) - s5: shutdown server org.apache.ratis.grpc.server.GrpcClientProtocolService successfully
2023-03-05 20:00:55,331 [MiniRaftCluster-20] INFO  server.GrpcService (GrpcService.java:closeImpl(311)) - s5: shutdown server GrpcServerProtocolService now
2023-03-05 20:00:55,334 [MiniRaftCluster-19] INFO  server.GrpcService (GrpcService.java:closeImpl(320)) - s4: shutdown server GrpcServerProtocolService successfully
2023-03-05 20:00:55,334 [MiniRaftCluster-19] INFO  server.GrpcService (GrpcService.java:closeImpl(311)) - s4: shutdown server org.apache.ratis.grpc.server.GrpcAdminProtocolService now
2023-03-05 20:00:55,335 [MiniRaftCluster-20] INFO  server.GrpcService (GrpcService.java:closeImpl(320)) - s5: shutdown server GrpcServerProtocolService successfully
2023-03-05 20:00:55,335 [MiniRaftCluster-20] INFO  server.GrpcService (GrpcService.java:closeImpl(311)) - s5: shutdown server org.apache.ratis.grpc.server.GrpcAdminProtocolService now
2023-03-05 20:00:55,336 [MiniRaftCluster-19] INFO  server.GrpcService (GrpcService.java:closeImpl(320)) - s4: shutdown server org.apache.ratis.grpc.server.GrpcAdminProtocolService successfully
2023-03-05 20:00:55,337 [MiniRaftCluster-20] INFO  server.GrpcService (GrpcService.java:closeImpl(320)) - s5: shutdown server org.apache.ratis.grpc.server.GrpcAdminProtocolService successfully
2023-03-05 20:00:55,342 [MiniRaftCluster-18] INFO  server.GrpcService (GrpcService.java:closeImpl(320)) - s3: shutdown server GrpcServerProtocolService successfully
2023-03-05 20:00:55,342 [MiniRaftCluster-18] INFO  server.GrpcService (GrpcService.java:closeImpl(311)) - s3: shutdown server org.apache.ratis.grpc.server.GrpcAdminProtocolService now
2023-03-05 20:00:55,343 [MiniRaftCluster-18] INFO  server.GrpcService (GrpcService.java:closeImpl(320)) - s3: shutdown server org.apache.ratis.grpc.server.GrpcAdminProtocolService successfully
2023-03-05 20:00:55,813 [s3-impl-thread1] INFO  segmented.SegmentedRaftLogWorker (SegmentedRaftLogWorker.java:close(242)) - s3@group-35EF2EC6ADD7-SegmentedRaftLogWorker close()
2023-03-05 20:00:55,814 [JvmPauseMonitor17] INFO  util.JvmPauseMonitor (JvmPauseMonitor.java:run(109)) - JvmPauseMonitor-s3: Stopped
2023-03-05 20:00:55,821 [s5-impl-thread1] INFO  segmented.SegmentedRaftLogWorker (SegmentedRaftLogWorker.java:close(242)) - s5@group-35EF2EC6ADD7-SegmentedRaftLogWorker close()
2023-03-05 20:00:55,821 [JvmPauseMonitor19] INFO  util.JvmPauseMonitor (JvmPauseMonitor.java:run(109)) - JvmPauseMonitor-s5: Stopped
2023-03-05 20:00:55,832 [s4-impl-thread1] INFO  segmented.SegmentedRaftLogWorker (SegmentedRaftLogWorker.java:close(242)) - s4@group-35EF2EC6ADD7-SegmentedRaftLogWorker close()
2023-03-05 20:00:55,833 [JvmPauseMonitor18] INFO  util.JvmPauseMonitor (JvmPauseMonitor.java:run(109)) - JvmPauseMonitor-s4: Stopped
2023-03-05 20:00:55,833 [Time-limited test] INFO  impl.MiniRaftCluster (MiniRaftCluster.java:shutdown(855)) - MiniRaftClusterWithGrpc shutdown completed
]]></system-out>
  </testcase>
  <testcase name="testRaftServerMetrics[1]" classname="org.apache.ratis.grpc.TestRaftServerWithGrpc" time="1.982"/>
  <testcase name="testUnsupportedMethods[1]" classname="org.apache.ratis.grpc.TestRaftServerWithGrpc" time="1.317"/>
  <testcase name="testServerRestartOnException[1]" classname="org.apache.ratis.grpc.TestRaftServerWithGrpc" time="5.218"/>
  <testcase name="testLeaderRestart[1]" classname="org.apache.ratis.grpc.TestRaftServerWithGrpc" time="5.987"/>
</testsuite>