<?xml version="1.0" encoding="UTF-8"?>
<testsuite xmlns:xsi="http://www.w3.org/2001/XMLSchema-instance" xsi:noNamespaceSchemaLocation="https://maven.apache.org/surefire/maven-surefire-plugin/xsd/surefire-test-report.xsd" name="org.apache.ratis.grpc.TestRaftServerWithGrpc" time="29.87" tests="10" errors="0" skipped="0" failures="1">
  <properties>
    <property name="awt.toolkit" value="sun.awt.X11.XToolkit"/>
    <property name="java.specification.version" value="11"/>
    <property name="sun.cpu.isalist" value=""/>
    <property name="sun.jnu.encoding" value="UTF-8"/>
    <property name="java.class.path" value="/home/runner/work/ratis/ratis/ratis-test/target/test-classes:/home/runner/work/ratis/ratis/ratis-test/target/classes:/home/runner/work/ratis/ratis/ratis-common/target/classes:/home/runner/.m2/repository/org/apache/ratis/ratis-thirdparty-misc/1.0.2/ratis-thirdparty-misc-1.0.2.jar:/home/runner/work/ratis/ratis/ratis-proto/target/ratis-proto-3.0.0-SNAPSHOT.jar:/home/runner/work/ratis/ratis/ratis-common/target/test-classes:/home/runner/work/ratis/ratis/ratis-client/target/classes:/home/runner/work/ratis/ratis/ratis-server/target/classes:/home/runner/work/ratis/ratis/ratis-server-api/target/classes:/home/runner/work/ratis/ratis/ratis-metrics/target/classes:/home/runner/work/ratis/ratis/ratis-server/target/test-classes:/home/runner/work/ratis/ratis/ratis-netty/target/classes:/home/runner/work/ratis/ratis/ratis-netty/target/test-classes:/home/runner/work/ratis/ratis/ratis-grpc/target/classes:/home/runner/work/ratis/ratis/ratis-grpc/target/test-classes:/home/runner/.m2/repository/org/slf4j/slf4j-api/1.7.29/slf4j-api-1.7.29.jar:/home/runner/.m2/repository/org/slf4j/slf4j-log4j12/1.7.29/slf4j-log4j12-1.7.29.jar:/home/runner/.m2/repository/log4j/log4j/1.2.17/log4j-1.2.17.jar:/home/runner/.m2/repository/junit/junit/4.13.2/junit-4.13.2.jar:/home/runner/.m2/repository/org/hamcrest/hamcrest-core/1.3/hamcrest-core-1.3.jar:/home/runner/.m2/repository/org/mockito/mockito-core/4.3.1/mockito-core-4.3.1.jar:/home/runner/.m2/repository/net/bytebuddy/byte-buddy/1.12.7/byte-buddy-1.12.7.jar:/home/runner/.m2/repository/net/bytebuddy/byte-buddy-agent/1.12.7/byte-buddy-agent-1.12.7.jar:/home/runner/.m2/repository/org/objenesis/objenesis/3.2/objenesis-3.2.jar:/home/runner/work/ratis/ratis/ratis-shell/target/classes:/home/runner/.m2/repository/commons-cli/commons-cli/1.5.0/commons-cli-1.5.0.jar:/home/runner/.m2/repository/org/slf4j/slf4j-simple/1.7.29/slf4j-simple-1.7.29.jar:/home/runner/.m2/repository/org/reflections/reflections/0.10.2/reflections-0.10.2.jar:/home/runner/.m2/repository/org/javassist/javassist/3.28.0-GA/javassist-3.28.0-GA.jar:/home/runner/.m2/repository/com/google/code/findbugs/jsr305/3.0.2/jsr305-3.0.2.jar:"/>
    <property name="java.vm.vendor" value="Eclipse Adoptium"/>
    <property name="sun.arch.data.model" value="64"/>
    <property name="java.vendor.url" value="https://adoptium.net/"/>
    <property name="user.timezone" value=""/>
    <property name="java.vm.specification.version" value="11"/>
    <property name="os.name" value="Linux"/>
    <property name="sun.java.launcher" value="SUN_STANDARD"/>
    <property name="sun.boot.library.path" value="/usr/lib/jvm/temurin-11-jdk-amd64/lib"/>
    <property name="sun.java.command" value="/home/runner/work/ratis/ratis/ratis-test/target/surefire/surefirebooter16196522039834351621.jar /home/runner/work/ratis/ratis/ratis-test/target/surefire 2022-08-31T09-56-42_484-jvmRun1 surefire15754265976803950113tmp surefire_617542190716246945800tmp"/>
    <property name="jdk.debug" value="release"/>
    <property name="surefire.test.class.path" value="/home/runner/work/ratis/ratis/ratis-test/target/test-classes:/home/runner/work/ratis/ratis/ratis-test/target/classes:/home/runner/work/ratis/ratis/ratis-common/target/classes:/home/runner/.m2/repository/org/apache/ratis/ratis-thirdparty-misc/1.0.2/ratis-thirdparty-misc-1.0.2.jar:/home/runner/work/ratis/ratis/ratis-proto/target/ratis-proto-3.0.0-SNAPSHOT.jar:/home/runner/work/ratis/ratis/ratis-common/target/test-classes:/home/runner/work/ratis/ratis/ratis-client/target/classes:/home/runner/work/ratis/ratis/ratis-server/target/classes:/home/runner/work/ratis/ratis/ratis-server-api/target/classes:/home/runner/work/ratis/ratis/ratis-metrics/target/classes:/home/runner/work/ratis/ratis/ratis-server/target/test-classes:/home/runner/work/ratis/ratis/ratis-netty/target/classes:/home/runner/work/ratis/ratis/ratis-netty/target/test-classes:/home/runner/work/ratis/ratis/ratis-grpc/target/classes:/home/runner/work/ratis/ratis/ratis-grpc/target/test-classes:/home/runner/.m2/repository/org/slf4j/slf4j-api/1.7.29/slf4j-api-1.7.29.jar:/home/runner/.m2/repository/org/slf4j/slf4j-log4j12/1.7.29/slf4j-log4j12-1.7.29.jar:/home/runner/.m2/repository/log4j/log4j/1.2.17/log4j-1.2.17.jar:/home/runner/.m2/repository/junit/junit/4.13.2/junit-4.13.2.jar:/home/runner/.m2/repository/org/hamcrest/hamcrest-core/1.3/hamcrest-core-1.3.jar:/home/runner/.m2/repository/org/mockito/mockito-core/4.3.1/mockito-core-4.3.1.jar:/home/runner/.m2/repository/net/bytebuddy/byte-buddy/1.12.7/byte-buddy-1.12.7.jar:/home/runner/.m2/repository/net/bytebuddy/byte-buddy-agent/1.12.7/byte-buddy-agent-1.12.7.jar:/home/runner/.m2/repository/org/objenesis/objenesis/3.2/objenesis-3.2.jar:/home/runner/work/ratis/ratis/ratis-shell/target/classes:/home/runner/.m2/repository/commons-cli/commons-cli/1.5.0/commons-cli-1.5.0.jar:/home/runner/.m2/repository/org/slf4j/slf4j-simple/1.7.29/slf4j-simple-1.7.29.jar:/home/runner/.m2/repository/org/reflections/reflections/0.10.2/reflections-0.10.2.jar:/home/runner/.m2/repository/org/javassist/javassist/3.28.0-GA/javassist-3.28.0-GA.jar:/home/runner/.m2/repository/com/google/code/findbugs/jsr305/3.0.2/jsr305-3.0.2.jar:"/>
    <property name="sun.cpu.endian" value="little"/>
    <property name="user.home" value="/home/runner"/>
    <property name="user.language" value="en"/>
    <property name="java.specification.vendor" value="Oracle Corporation"/>
    <property name="java.version.date" value="2022-08-12"/>
    <property name="java.home" value="/usr/lib/jvm/temurin-11-jdk-amd64"/>
    <property name="file.separator" value="/"/>
    <property name="basedir" value="/home/runner/work/ratis/ratis/ratis-test"/>
    <property name="java.vm.compressedOopsMode" value="32-bit"/>
    <property name="line.separator" value="&#10;"/>
    <property name="java.specification.name" value="Java Platform API Specification"/>
    <property name="java.vm.specification.vendor" value="Oracle Corporation"/>
    <property name="java.awt.graphicsenv" value="sun.awt.X11GraphicsEnvironment"/>
    <property name="surefire.real.class.path" value="/home/runner/work/ratis/ratis/ratis-test/target/surefire/surefirebooter16196522039834351621.jar"/>
    <property name="sun.management.compiler" value="HotSpot 64-Bit Tiered Compilers"/>
    <property name="java.runtime.version" value="11.0.16.1+1"/>
    <property name="user.name" value="runner"/>
    <property name="java.net.preferIPv4Stack" value="true"/>
    <property name="path.separator" value=":"/>
    <property name="os.version" value="5.15.0-1017-azure"/>
    <property name="java.runtime.name" value="OpenJDK Runtime Environment"/>
    <property name="file.encoding" value="UTF-8"/>
    <property name="java.vm.name" value="OpenJDK 64-Bit Server VM"/>
    <property name="java.vendor.version" value="Temurin-11.0.16.1+1"/>
    <property name="localRepository" value="/home/runner/.m2/repository"/>
    <property name="java.vendor.url.bug" value="https://github.com/adoptium/adoptium-support/issues"/>
    <property name="java.io.tmpdir" value="/tmp"/>
    <property name="java.version" value="11.0.16.1"/>
    <property name="user.dir" value="/home/runner/work/ratis/ratis/ratis-test"/>
    <property name="os.arch" value="amd64"/>
    <property name="ratis.tmp.dir" value="/home/runner/work/ratis/ratis/ratis-test/target/tmp"/>
    <property name="java.vm.specification.name" value="Java Virtual Machine Specification"/>
    <property name="java.awt.printerjob" value="sun.print.PSPrinterJob"/>
    <property name="ratis.log.dir" value="/home/runner/work/ratis/ratis/ratis-test/target/log"/>
    <property name="sun.os.patch.level" value="unknown"/>
    <property name="java.library.path" value="/usr/java/packages/lib:/usr/lib64:/lib64:/lib:/usr/lib"/>
    <property name="java.vm.info" value="mixed mode"/>
    <property name="java.vendor" value="Eclipse Adoptium"/>
    <property name="java.vm.version" value="11.0.16.1+1"/>
    <property name="sun.io.unicode.encoding" value="UnicodeLittle"/>
    <property name="java.class.version" value="55.0"/>
  </properties>
  <testcase name="testRaftClientMetrics[0]" classname="org.apache.ratis.grpc.TestRaftServerWithGrpc" time="2.409">
    <failure type="java.lang.AssertionError">java.lang.AssertionError
	at org.junit.Assert.fail(Assert.java:87)
	at org.junit.Assert.assertTrue(Assert.java:42)
	at org.junit.Assert.assertTrue(Assert.java:53)
	at org.apache.ratis.grpc.TestRaftServerWithGrpc.testRaftClientRequestMetrics(TestRaftServerWithGrpc.java:311)
	at org.apache.ratis.server.impl.MiniRaftCluster$Factory$Get.runWithNewCluster(MiniRaftCluster.java:139)
	at org.apache.ratis.server.impl.MiniRaftCluster$Factory$Get.runWithNewCluster(MiniRaftCluster.java:119)
	at org.apache.ratis.grpc.TestRaftServerWithGrpc.testRaftClientMetrics(TestRaftServerWithGrpc.java:216)
	at java.base/jdk.internal.reflect.NativeMethodAccessorImpl.invoke0(Native Method)
	at java.base/jdk.internal.reflect.NativeMethodAccessorImpl.invoke(NativeMethodAccessorImpl.java:62)
	at java.base/jdk.internal.reflect.DelegatingMethodAccessorImpl.invoke(DelegatingMethodAccessorImpl.java:43)
	at java.base/java.lang.reflect.Method.invoke(Method.java:566)
	at org.junit.runners.model.FrameworkMethod$1.runReflectiveCall(FrameworkMethod.java:59)
	at org.junit.internal.runners.model.ReflectiveCallable.run(ReflectiveCallable.java:12)
	at org.junit.runners.model.FrameworkMethod.invokeExplosively(FrameworkMethod.java:56)
	at org.junit.internal.runners.statements.InvokeMethod.evaluate(InvokeMethod.java:17)
	at org.junit.internal.runners.statements.RunBefores.evaluate(RunBefores.java:26)
	at org.junit.internal.runners.statements.RunAfters.evaluate(RunAfters.java:27)
	at org.junit.internal.runners.statements.FailOnTimeout$CallableStatement.call(FailOnTimeout.java:299)
	at org.junit.internal.runners.statements.FailOnTimeout$CallableStatement.call(FailOnTimeout.java:293)
	at java.base/java.util.concurrent.FutureTask.run(FutureTask.java:264)
	at java.base/java.lang.Thread.run(Thread.java:829)
</failure>
    <system-out><![CDATA[2022-08-31 10:00:34,875 [main] INFO  util.LogUtils (Log4jUtils.java:setLogLevel(32)) - Set org.apache.ratis.conf.ConfUtils log level to WARN
2022-08-31 10:00:34,878 [main] INFO  util.LogUtils (Log4jUtils.java:setLogLevel(32)) - Set org.apache.ratis.util.FileUtils log level to TRACE
2022-08-31 10:00:34,882 [main] INFO  util.LogUtils (Log4jUtils.java:setLogLevel(32)) - Set org.apache.ratis.grpc.client.GrpcClientProtocolClient log level to ALL
2022-08-31 10:00:34,895 [Time-limited test] INFO  impl.MiniRaftCluster (MiniRaftCluster.java:runWithNewCluster(133)) - Running runWithNewCluster
2022-08-31 10:00:34,947 [Time-limited test] INFO  impl.MiniRaftCluster (MiniRaftCluster.java:<init>(304)) - new MiniRaftClusterWithGrpc with group-124FD5E98514:[s0|rpc:localhost:35239|admin:localhost:45707|client:localhost:44363|dataStream:localhost:36883|priority:0|startupRole:FOLLOWER, s1|rpc:localhost:38483|admin:localhost:33411|client:localhost:40123|dataStream:localhost:40017|priority:0|startupRole:FOLLOWER, s2|rpc:localhost:43829|admin:localhost:42157|client:localhost:34405|dataStream:localhost:34339|priority:0|startupRole:FOLLOWER]
2022-08-31 10:00:34,947 [Time-limited test] INFO  impl.MiniRaftCluster (MiniRaftCluster.java:start(337)) - .............................................................. 
2022-08-31 10:00:34,947 [Time-limited test] INFO  impl.MiniRaftCluster (MiniRaftCluster.java:start(338)) - ... 
2022-08-31 10:00:34,947 [Time-limited test] INFO  impl.MiniRaftCluster (MiniRaftCluster.java:start(339)) - ...     Starting MiniRaftClusterWithGrpc
2022-08-31 10:00:34,948 [Time-limited test] INFO  impl.MiniRaftCluster (MiniRaftCluster.java:start(340)) - ... 
2022-08-31 10:00:34,948 [Time-limited test] INFO  impl.MiniRaftCluster (MiniRaftCluster.java:start(341)) - .............................................................. 
2022-08-31 10:00:34,948 [Time-limited test] INFO  impl.MiniRaftCluster (MiniRaftCluster.java:initServers(316)) - servers = {}
2022-08-31 10:00:34,951 [Time-limited test] INFO  impl.MiniRaftCluster (MiniRaftCluster.java:newRaftServer(380)) - newRaftServer: s0, group-124FD5E98514:[s0|rpc:localhost:35239|admin:localhost:45707|client:localhost:44363|dataStream:localhost:36883|priority:0|startupRole:FOLLOWER, s1|rpc:localhost:38483|admin:localhost:33411|client:localhost:40123|dataStream:localhost:40017|priority:0|startupRole:FOLLOWER, s2|rpc:localhost:43829|admin:localhost:42157|client:localhost:34405|dataStream:localhost:34339|priority:0|startupRole:FOLLOWER], format? true
2022-08-31 10:00:34,952 [Time-limited test] TRACE util.FileUtils (FileUtils.java:deleteFully(168)) - deleteFully target/test/data/8c829a3d/MiniRaftClusterWithGrpcfaf4df8b/s0
2022-08-31 10:00:34,953 [Time-limited test] TRACE util.FileUtils (FileUtils.java:deleteFully(184)) - deleteFully: target/test/data/8c829a3d/MiniRaftClusterWithGrpcfaf4df8b/s0 does not exist.
2022-08-31 10:00:34,953 [Time-limited test] INFO  impl.MiniRaftCluster (MiniRaftCluster.java:newRaftServer(385)) - Formatted directory target/test/data/8c829a3d/MiniRaftClusterWithGrpcfaf4df8b/s0
2022-08-31 10:00:34,972 [Time-limited test] INFO  server.RaftServer (ConfUtils.java:logGet(46)) - raft.rpc.type = GRPC (default)
2022-08-31 10:00:35,033 [Time-limited test] INFO  grpc.GrpcConfigKeys (ConfUtils.java:logFallback(53)) - raft.grpc.admin.host = null (fallback to raft.grpc.server.host)
2022-08-31 10:00:35,035 [Time-limited test] INFO  grpc.GrpcConfigKeys (ConfUtils.java:logGet(46)) - raft.grpc.admin.port = 45707 (custom)
2022-08-31 10:00:35,036 [Time-limited test] INFO  grpc.GrpcConfigKeys (ConfUtils.java:logFallback(53)) - raft.grpc.client.host = null (fallback to raft.grpc.server.host)
2022-08-31 10:00:35,036 [Time-limited test] INFO  grpc.GrpcConfigKeys (ConfUtils.java:logGet(46)) - raft.grpc.client.port = 44363 (custom)
2022-08-31 10:00:35,036 [Time-limited test] INFO  grpc.GrpcConfigKeys (ConfUtils.java:logGet(46)) - raft.grpc.server.host = null (default)
2022-08-31 10:00:35,036 [Time-limited test] INFO  grpc.GrpcConfigKeys (ConfUtils.java:logGet(46)) - raft.grpc.server.port = 35239 (custom)
2022-08-31 10:00:35,037 [Time-limited test] INFO  server.GrpcService (ConfUtils.java:logGet(46)) - raft.grpc.message.size.max = 64MB (=67108864) (default)
2022-08-31 10:00:35,039 [Time-limited test] INFO  server.RaftServerConfigKeys (ConfUtils.java:logGet(46)) - raft.server.log.appender.buffer.byte-limit = 4MB (=4194304) (default)
2022-08-31 10:00:35,040 [Time-limited test] INFO  server.GrpcService (ConfUtils.java:logGet(46)) - raft.grpc.flow.control.window = 1MB (=1048576) (default)
2022-08-31 10:00:35,041 [Time-limited test] INFO  server.RaftServerConfigKeys (ConfUtils.java:logGet(46)) - raft.server.rpc.request.timeout = 3000ms (default)
2022-08-31 10:00:35,054 [Time-limited test] INFO  grpc.GrpcConfigKeys (ConfUtils.java:logGet(46)) - raft.grpc.server.heartbeat.channel = false (custom)
2022-08-31 10:00:35,057 [Time-limited test] INFO  grpc.GrpcConfigKeys (ConfUtils.java:logGet(46)) - raft.grpc.server.async.request.thread.pool.cached = true (default)
2022-08-31 10:00:35,057 [Time-limited test] INFO  grpc.GrpcConfigKeys (ConfUtils.java:logGet(46)) - raft.grpc.server.async.request.thread.pool.size = 32 (default)
2022-08-31 10:00:35,217 [Time-limited test] INFO  impl.DataStreamServerImpl (ConfUtils.java:logGet(46)) - raft.datastream.type = DISABLED (default)
2022-08-31 10:00:35,219 [Time-limited test] INFO  server.RaftServerConfigKeys (ConfUtils.java:logGet(46)) - raft.server.threadpool.proxy.cached = true (default)
2022-08-31 10:00:35,219 [Time-limited test] INFO  server.RaftServerConfigKeys (ConfUtils.java:logGet(46)) - raft.server.threadpool.proxy.size = 0 (default)
2022-08-31 10:00:35,220 [Time-limited test] INFO  server.RaftServerConfigKeys (ConfUtils.java:logGet(46)) - raft.server.rpc.slowness.timeout = 60s (default)
2022-08-31 10:00:35,220 [Time-limited test] INFO  server.RaftServerConfigKeys (ConfUtils.java:logGet(46)) - raft.server.leaderelection.leader.step-down.wait-time = 10s (default)
2022-08-31 10:00:35,223 [Time-limited test] INFO  server.RaftServerConfigKeys (ConfUtils.java:logGet(46)) - raft.server.storage.dir = [/home/runner/work/ratis/ratis/ratis-test/target/test/data/8c829a3d/MiniRaftClusterWithGrpcfaf4df8b/s0] (custom)
2022-08-31 10:00:35,230 [Time-limited test] INFO  server.RaftServer (RaftServerProxy.java:addNew(97)) - s0: addNew group-124FD5E98514:[s0|rpc:localhost:35239|admin:localhost:45707|client:localhost:44363|dataStream:localhost:36883|priority:0|startupRole:FOLLOWER, s1|rpc:localhost:38483|admin:localhost:33411|client:localhost:40123|dataStream:localhost:40017|priority:0|startupRole:FOLLOWER, s2|rpc:localhost:43829|admin:localhost:42157|client:localhost:34405|dataStream:localhost:34339|priority:0|startupRole:FOLLOWER] returns group-124FD5E98514:java.util.concurrent.CompletableFuture@7efc0448[Not completed]
2022-08-31 10:00:35,230 [Time-limited test] INFO  impl.MiniRaftCluster (MiniRaftCluster.java:newRaftServer(380)) - newRaftServer: s1, group-124FD5E98514:[s0|rpc:localhost:35239|admin:localhost:45707|client:localhost:44363|dataStream:localhost:36883|priority:0|startupRole:FOLLOWER, s1|rpc:localhost:38483|admin:localhost:33411|client:localhost:40123|dataStream:localhost:40017|priority:0|startupRole:FOLLOWER, s2|rpc:localhost:43829|admin:localhost:42157|client:localhost:34405|dataStream:localhost:34339|priority:0|startupRole:FOLLOWER], format? true
2022-08-31 10:00:35,230 [Time-limited test] TRACE util.FileUtils (FileUtils.java:deleteFully(168)) - deleteFully target/test/data/8c829a3d/MiniRaftClusterWithGrpcfaf4df8b/s1
2022-08-31 10:00:35,231 [Time-limited test] TRACE util.FileUtils (FileUtils.java:deleteFully(184)) - deleteFully: target/test/data/8c829a3d/MiniRaftClusterWithGrpcfaf4df8b/s1 does not exist.
2022-08-31 10:00:35,231 [Time-limited test] INFO  impl.MiniRaftCluster (MiniRaftCluster.java:newRaftServer(385)) - Formatted directory target/test/data/8c829a3d/MiniRaftClusterWithGrpcfaf4df8b/s1
2022-08-31 10:00:35,231 [Time-limited test] INFO  server.RaftServer (ConfUtils.java:logGet(46)) - raft.rpc.type = GRPC (default)
2022-08-31 10:00:35,231 [Time-limited test] INFO  grpc.GrpcConfigKeys (ConfUtils.java:logFallback(53)) - raft.grpc.admin.host = null (fallback to raft.grpc.server.host)
2022-08-31 10:00:35,232 [Time-limited test] INFO  grpc.GrpcConfigKeys (ConfUtils.java:logGet(46)) - raft.grpc.admin.port = 33411 (custom)
2022-08-31 10:00:35,232 [Time-limited test] INFO  grpc.GrpcConfigKeys (ConfUtils.java:logFallback(53)) - raft.grpc.client.host = null (fallback to raft.grpc.server.host)
2022-08-31 10:00:35,232 [Time-limited test] INFO  grpc.GrpcConfigKeys (ConfUtils.java:logGet(46)) - raft.grpc.client.port = 40123 (custom)
2022-08-31 10:00:35,232 [Time-limited test] INFO  grpc.GrpcConfigKeys (ConfUtils.java:logGet(46)) - raft.grpc.server.host = null (default)
2022-08-31 10:00:35,232 [Time-limited test] INFO  grpc.GrpcConfigKeys (ConfUtils.java:logGet(46)) - raft.grpc.server.port = 38483 (custom)
2022-08-31 10:00:35,232 [Time-limited test] INFO  server.GrpcService (ConfUtils.java:logGet(46)) - raft.grpc.message.size.max = 64MB (=67108864) (default)
2022-08-31 10:00:35,233 [Time-limited test] INFO  server.RaftServerConfigKeys (ConfUtils.java:logGet(46)) - raft.server.log.appender.buffer.byte-limit = 4MB (=4194304) (default)
2022-08-31 10:00:35,233 [Time-limited test] INFO  server.GrpcService (ConfUtils.java:logGet(46)) - raft.grpc.flow.control.window = 1MB (=1048576) (default)
2022-08-31 10:00:35,233 [Time-limited test] INFO  server.RaftServerConfigKeys (ConfUtils.java:logGet(46)) - raft.server.rpc.request.timeout = 3000ms (default)
2022-08-31 10:00:35,233 [Time-limited test] INFO  grpc.GrpcConfigKeys (ConfUtils.java:logGet(46)) - raft.grpc.server.heartbeat.channel = false (custom)
2022-08-31 10:00:35,233 [Time-limited test] INFO  grpc.GrpcConfigKeys (ConfUtils.java:logGet(46)) - raft.grpc.server.async.request.thread.pool.cached = true (default)
2022-08-31 10:00:35,233 [Time-limited test] INFO  grpc.GrpcConfigKeys (ConfUtils.java:logGet(46)) - raft.grpc.server.async.request.thread.pool.size = 32 (default)
2022-08-31 10:00:35,235 [Time-limited test] INFO  impl.DataStreamServerImpl (ConfUtils.java:logGet(46)) - raft.datastream.type = DISABLED (default)
2022-08-31 10:00:35,236 [Time-limited test] INFO  server.RaftServerConfigKeys (ConfUtils.java:logGet(46)) - raft.server.threadpool.proxy.cached = true (default)
2022-08-31 10:00:35,236 [Time-limited test] INFO  server.RaftServerConfigKeys (ConfUtils.java:logGet(46)) - raft.server.threadpool.proxy.size = 0 (default)
2022-08-31 10:00:35,236 [Time-limited test] INFO  server.RaftServerConfigKeys (ConfUtils.java:logGet(46)) - raft.server.rpc.slowness.timeout = 60s (default)
2022-08-31 10:00:35,236 [Time-limited test] INFO  server.RaftServerConfigKeys (ConfUtils.java:logGet(46)) - raft.server.leaderelection.leader.step-down.wait-time = 10s (default)
2022-08-31 10:00:35,236 [Time-limited test] INFO  server.RaftServerConfigKeys (ConfUtils.java:logGet(46)) - raft.server.storage.dir = [/home/runner/work/ratis/ratis/ratis-test/target/test/data/8c829a3d/MiniRaftClusterWithGrpcfaf4df8b/s1] (custom)
2022-08-31 10:00:35,246 [Time-limited test] INFO  server.RaftServer (RaftServerProxy.java:addNew(97)) - s1: addNew group-124FD5E98514:[s0|rpc:localhost:35239|admin:localhost:45707|client:localhost:44363|dataStream:localhost:36883|priority:0|startupRole:FOLLOWER, s1|rpc:localhost:38483|admin:localhost:33411|client:localhost:40123|dataStream:localhost:40017|priority:0|startupRole:FOLLOWER, s2|rpc:localhost:43829|admin:localhost:42157|client:localhost:34405|dataStream:localhost:34339|priority:0|startupRole:FOLLOWER] returns group-124FD5E98514:java.util.concurrent.CompletableFuture@6f90e6b0[Not completed]
2022-08-31 10:00:35,246 [Time-limited test] INFO  impl.MiniRaftCluster (MiniRaftCluster.java:newRaftServer(380)) - newRaftServer: s2, group-124FD5E98514:[s0|rpc:localhost:35239|admin:localhost:45707|client:localhost:44363|dataStream:localhost:36883|priority:0|startupRole:FOLLOWER, s1|rpc:localhost:38483|admin:localhost:33411|client:localhost:40123|dataStream:localhost:40017|priority:0|startupRole:FOLLOWER, s2|rpc:localhost:43829|admin:localhost:42157|client:localhost:34405|dataStream:localhost:34339|priority:0|startupRole:FOLLOWER], format? true
2022-08-31 10:00:35,246 [Time-limited test] TRACE util.FileUtils (FileUtils.java:deleteFully(168)) - deleteFully target/test/data/8c829a3d/MiniRaftClusterWithGrpcfaf4df8b/s2
2022-08-31 10:00:35,246 [Time-limited test] TRACE util.FileUtils (FileUtils.java:deleteFully(184)) - deleteFully: target/test/data/8c829a3d/MiniRaftClusterWithGrpcfaf4df8b/s2 does not exist.
2022-08-31 10:00:35,246 [Time-limited test] INFO  impl.MiniRaftCluster (MiniRaftCluster.java:newRaftServer(385)) - Formatted directory target/test/data/8c829a3d/MiniRaftClusterWithGrpcfaf4df8b/s2
2022-08-31 10:00:35,247 [Time-limited test] INFO  server.RaftServer (ConfUtils.java:logGet(46)) - raft.rpc.type = GRPC (default)
2022-08-31 10:00:35,247 [Time-limited test] INFO  grpc.GrpcConfigKeys (ConfUtils.java:logFallback(53)) - raft.grpc.admin.host = null (fallback to raft.grpc.server.host)
2022-08-31 10:00:35,247 [Time-limited test] INFO  grpc.GrpcConfigKeys (ConfUtils.java:logGet(46)) - raft.grpc.admin.port = 42157 (custom)
2022-08-31 10:00:35,247 [Time-limited test] INFO  grpc.GrpcConfigKeys (ConfUtils.java:logFallback(53)) - raft.grpc.client.host = null (fallback to raft.grpc.server.host)
2022-08-31 10:00:35,247 [Time-limited test] INFO  grpc.GrpcConfigKeys (ConfUtils.java:logGet(46)) - raft.grpc.client.port = 34405 (custom)
2022-08-31 10:00:35,248 [Time-limited test] INFO  grpc.GrpcConfigKeys (ConfUtils.java:logGet(46)) - raft.grpc.server.host = null (default)
2022-08-31 10:00:35,248 [Time-limited test] INFO  grpc.GrpcConfigKeys (ConfUtils.java:logGet(46)) - raft.grpc.server.port = 43829 (custom)
2022-08-31 10:00:35,248 [Time-limited test] INFO  server.GrpcService (ConfUtils.java:logGet(46)) - raft.grpc.message.size.max = 64MB (=67108864) (default)
2022-08-31 10:00:35,248 [Time-limited test] INFO  server.RaftServerConfigKeys (ConfUtils.java:logGet(46)) - raft.server.log.appender.buffer.byte-limit = 4MB (=4194304) (default)
2022-08-31 10:00:35,248 [Time-limited test] INFO  server.GrpcService (ConfUtils.java:logGet(46)) - raft.grpc.flow.control.window = 1MB (=1048576) (default)
2022-08-31 10:00:35,248 [Time-limited test] INFO  server.RaftServerConfigKeys (ConfUtils.java:logGet(46)) - raft.server.rpc.request.timeout = 3000ms (default)
2022-08-31 10:00:35,248 [Time-limited test] INFO  grpc.GrpcConfigKeys (ConfUtils.java:logGet(46)) - raft.grpc.server.heartbeat.channel = false (custom)
2022-08-31 10:00:35,249 [Time-limited test] INFO  grpc.GrpcConfigKeys (ConfUtils.java:logGet(46)) - raft.grpc.server.async.request.thread.pool.cached = true (default)
2022-08-31 10:00:35,249 [Time-limited test] INFO  grpc.GrpcConfigKeys (ConfUtils.java:logGet(46)) - raft.grpc.server.async.request.thread.pool.size = 32 (default)
2022-08-31 10:00:35,250 [Time-limited test] INFO  impl.DataStreamServerImpl (ConfUtils.java:logGet(46)) - raft.datastream.type = DISABLED (default)
2022-08-31 10:00:35,250 [Time-limited test] INFO  server.RaftServerConfigKeys (ConfUtils.java:logGet(46)) - raft.server.threadpool.proxy.cached = true (default)
2022-08-31 10:00:35,250 [Time-limited test] INFO  server.RaftServerConfigKeys (ConfUtils.java:logGet(46)) - raft.server.threadpool.proxy.size = 0 (default)
2022-08-31 10:00:35,251 [Time-limited test] INFO  server.RaftServerConfigKeys (ConfUtils.java:logGet(46)) - raft.server.rpc.slowness.timeout = 60s (default)
2022-08-31 10:00:35,251 [Time-limited test] INFO  server.RaftServerConfigKeys (ConfUtils.java:logGet(46)) - raft.server.leaderelection.leader.step-down.wait-time = 10s (default)
2022-08-31 10:00:35,251 [Time-limited test] INFO  server.RaftServerConfigKeys (ConfUtils.java:logGet(46)) - raft.server.storage.dir = [/home/runner/work/ratis/ratis/ratis-test/target/test/data/8c829a3d/MiniRaftClusterWithGrpcfaf4df8b/s2] (custom)
2022-08-31 10:00:35,258 [Time-limited test] INFO  server.RaftServer (RaftServerProxy.java:addNew(97)) - s2: addNew group-124FD5E98514:[s0|rpc:localhost:35239|admin:localhost:45707|client:localhost:44363|dataStream:localhost:36883|priority:0|startupRole:FOLLOWER, s1|rpc:localhost:38483|admin:localhost:33411|client:localhost:40123|dataStream:localhost:40017|priority:0|startupRole:FOLLOWER, s2|rpc:localhost:43829|admin:localhost:42157|client:localhost:34405|dataStream:localhost:34339|priority:0|startupRole:FOLLOWER] returns group-124FD5E98514:java.util.concurrent.CompletableFuture@77651c75[Not completed]
2022-08-31 10:00:35,261 [pool-1-thread-1] INFO  server.RaftServerConfigKeys (ConfUtils.java:logGet(46)) - raft.server.log.segment.size.max = 8MB (=8388608) (default)
2022-08-31 10:00:35,264 [pool-2-thread-1] INFO  server.RaftServerConfigKeys (ConfUtils.java:logGet(46)) - raft.server.log.segment.size.max = 8MB (=8388608) (default)
2022-08-31 10:00:35,267 [pool-1-thread-1] INFO  server.RaftServerConfigKeys (ConfUtils.java:logGet(46)) - raft.server.log.preallocated.size = 4MB (=4194304) (default)
2022-08-31 10:00:35,268 [pool-1-thread-1] INFO  server.RaftServerConfigKeys (ConfUtils.java:logGet(46)) - raft.server.log.write.buffer.size = 64KB (=65536) (default)
2022-08-31 10:00:35,269 [pool-2-thread-1] INFO  server.RaftServerConfigKeys (ConfUtils.java:logGet(46)) - raft.server.log.preallocated.size = 4MB (=4194304) (default)
2022-08-31 10:00:35,269 [pool-2-thread-1] INFO  server.RaftServerConfigKeys (ConfUtils.java:logGet(46)) - raft.server.log.write.buffer.size = 64KB (=65536) (default)
2022-08-31 10:00:35,270 [pool-2-thread-1] INFO  server.RaftServer$Division (RaftServerImpl.java:<init>(195)) - s1: new RaftServerImpl for group-124FD5E98514:[s0|rpc:localhost:35239|admin:localhost:45707|client:localhost:44363|dataStream:localhost:36883|priority:0|startupRole:FOLLOWER, s1|rpc:localhost:38483|admin:localhost:33411|client:localhost:40123|dataStream:localhost:40017|priority:0|startupRole:FOLLOWER, s2|rpc:localhost:43829|admin:localhost:42157|client:localhost:34405|dataStream:localhost:34339|priority:0|startupRole:FOLLOWER] with SimpleStateMachine4Testing:uninitialized
2022-08-31 10:00:35,272 [pool-3-thread-1] INFO  server.RaftServerConfigKeys (ConfUtils.java:logGet(46)) - raft.server.log.segment.size.max = 8MB (=8388608) (default)
2022-08-31 10:00:35,272 [pool-3-thread-1] INFO  server.RaftServerConfigKeys (ConfUtils.java:logGet(46)) - raft.server.log.preallocated.size = 4MB (=4194304) (default)
2022-08-31 10:00:35,273 [pool-3-thread-1] INFO  server.RaftServerConfigKeys (ConfUtils.java:logGet(46)) - raft.server.log.write.buffer.size = 64KB (=65536) (default)
2022-08-31 10:00:35,273 [pool-2-thread-1] INFO  server.RaftServerConfigKeys (ConfUtils.java:logGet(46)) - raft.server.rpc.timeout.min = 150ms (default)
2022-08-31 10:00:35,273 [pool-2-thread-1] INFO  server.RaftServerConfigKeys (ConfUtils.java:logGet(46)) - raft.server.rpc.timeout.max = 300ms (default)
2022-08-31 10:00:35,273 [pool-2-thread-1] INFO  server.RaftServerConfigKeys (ConfUtils.java:logGet(46)) - raft.server.rpc.sleep.time = 25ms (default)
2022-08-31 10:00:35,274 [pool-2-thread-1] INFO  server.RaftServerConfigKeys (ConfUtils.java:logGet(46)) - raft.server.rpc.slowness.timeout = 60s (default)
2022-08-31 10:00:35,274 [pool-2-thread-1] INFO  server.RaftServerConfigKeys (ConfUtils.java:logGet(46)) - raft.server.leaderelection.leader.step-down.wait-time = 10s (default)
2022-08-31 10:00:35,274 [pool-2-thread-1] INFO  server.RaftServerConfigKeys (ConfUtils.java:logGet(46)) - raft.server.sleep.deviation.threshold = 300ms (default)
2022-08-31 10:00:35,278 [pool-2-thread-1] INFO  server.RaftServer$Division (ServerState.java:<init>(113)) - s1@group-124FD5E98514: ConfigurationManager, init=-1: peers:[s0|rpc:localhost:35239|admin:localhost:45707|client:localhost:44363|dataStream:localhost:36883|priority:0|startupRole:FOLLOWER, s1|rpc:localhost:38483|admin:localhost:33411|client:localhost:40123|dataStream:localhost:40017|priority:0|startupRole:FOLLOWER, s2|rpc:localhost:43829|admin:localhost:42157|client:localhost:34405|dataStream:localhost:34339|priority:0|startupRole:FOLLOWER]|listeners:[], old=null, confs=<EMPTY_MAP>
2022-08-31 10:00:35,279 [pool-3-thread-1] INFO  server.RaftServer$Division (RaftServerImpl.java:<init>(195)) - s2: new RaftServerImpl for group-124FD5E98514:[s0|rpc:localhost:35239|admin:localhost:45707|client:localhost:44363|dataStream:localhost:36883|priority:0|startupRole:FOLLOWER, s1|rpc:localhost:38483|admin:localhost:33411|client:localhost:40123|dataStream:localhost:40017|priority:0|startupRole:FOLLOWER, s2|rpc:localhost:43829|admin:localhost:42157|client:localhost:34405|dataStream:localhost:34339|priority:0|startupRole:FOLLOWER] with SimpleStateMachine4Testing:uninitialized
2022-08-31 10:00:35,274 [pool-1-thread-1] INFO  server.RaftServer$Division (RaftServerImpl.java:<init>(195)) - s0: new RaftServerImpl for group-124FD5E98514:[s0|rpc:localhost:35239|admin:localhost:45707|client:localhost:44363|dataStream:localhost:36883|priority:0|startupRole:FOLLOWER, s1|rpc:localhost:38483|admin:localhost:33411|client:localhost:40123|dataStream:localhost:40017|priority:0|startupRole:FOLLOWER, s2|rpc:localhost:43829|admin:localhost:42157|client:localhost:34405|dataStream:localhost:34339|priority:0|startupRole:FOLLOWER] with SimpleStateMachine4Testing:uninitialized
2022-08-31 10:00:35,280 [pool-1-thread-1] INFO  server.RaftServerConfigKeys (ConfUtils.java:logGet(46)) - raft.server.rpc.timeout.min = 150ms (default)
2022-08-31 10:00:35,280 [pool-1-thread-1] INFO  server.RaftServerConfigKeys (ConfUtils.java:logGet(46)) - raft.server.rpc.timeout.max = 300ms (default)
2022-08-31 10:00:35,280 [pool-1-thread-1] INFO  server.RaftServerConfigKeys (ConfUtils.java:logGet(46)) - raft.server.rpc.sleep.time = 25ms (default)
2022-08-31 10:00:35,280 [pool-1-thread-1] INFO  server.RaftServerConfigKeys (ConfUtils.java:logGet(46)) - raft.server.rpc.slowness.timeout = 60s (default)
2022-08-31 10:00:35,280 [pool-1-thread-1] INFO  server.RaftServerConfigKeys (ConfUtils.java:logGet(46)) - raft.server.leaderelection.leader.step-down.wait-time = 10s (default)
2022-08-31 10:00:35,280 [pool-1-thread-1] INFO  server.RaftServerConfigKeys (ConfUtils.java:logGet(46)) - raft.server.sleep.deviation.threshold = 300ms (default)
2022-08-31 10:00:35,281 [pool-1-thread-1] INFO  server.RaftServer$Division (ServerState.java:<init>(113)) - s0@group-124FD5E98514: ConfigurationManager, init=-1: peers:[s0|rpc:localhost:35239|admin:localhost:45707|client:localhost:44363|dataStream:localhost:36883|priority:0|startupRole:FOLLOWER, s1|rpc:localhost:38483|admin:localhost:33411|client:localhost:40123|dataStream:localhost:40017|priority:0|startupRole:FOLLOWER, s2|rpc:localhost:43829|admin:localhost:42157|client:localhost:34405|dataStream:localhost:34339|priority:0|startupRole:FOLLOWER]|listeners:[], old=null, confs=<EMPTY_MAP>
2022-08-31 10:00:35,282 [pool-3-thread-1] INFO  server.RaftServerConfigKeys (ConfUtils.java:logGet(46)) - raft.server.rpc.timeout.min = 150ms (default)
2022-08-31 10:00:35,285 [pool-3-thread-1] INFO  server.RaftServerConfigKeys (ConfUtils.java:logGet(46)) - raft.server.rpc.timeout.max = 300ms (default)
2022-08-31 10:00:35,285 [pool-3-thread-1] INFO  server.RaftServerConfigKeys (ConfUtils.java:logGet(46)) - raft.server.rpc.sleep.time = 25ms (default)
2022-08-31 10:00:35,285 [pool-3-thread-1] INFO  server.RaftServerConfigKeys (ConfUtils.java:logGet(46)) - raft.server.rpc.slowness.timeout = 60s (default)
2022-08-31 10:00:35,285 [pool-3-thread-1] INFO  server.RaftServerConfigKeys (ConfUtils.java:logGet(46)) - raft.server.leaderelection.leader.step-down.wait-time = 10s (default)
2022-08-31 10:00:35,285 [pool-3-thread-1] INFO  server.RaftServerConfigKeys (ConfUtils.java:logGet(46)) - raft.server.sleep.deviation.threshold = 300ms (default)
2022-08-31 10:00:35,286 [pool-3-thread-1] INFO  server.RaftServer$Division (ServerState.java:<init>(113)) - s2@group-124FD5E98514: ConfigurationManager, init=-1: peers:[s0|rpc:localhost:35239|admin:localhost:45707|client:localhost:44363|dataStream:localhost:36883|priority:0|startupRole:FOLLOWER, s1|rpc:localhost:38483|admin:localhost:33411|client:localhost:40123|dataStream:localhost:40017|priority:0|startupRole:FOLLOWER, s2|rpc:localhost:43829|admin:localhost:42157|client:localhost:34405|dataStream:localhost:34339|priority:0|startupRole:FOLLOWER]|listeners:[], old=null, confs=<EMPTY_MAP>
2022-08-31 10:00:35,290 [pool-3-thread-1] INFO  server.RaftServerConfigKeys (ConfUtils.java:logGet(46)) - raft.server.notification.no-leader.timeout = 60s (default)
2022-08-31 10:00:35,309 [pool-1-thread-1] INFO  server.RaftServerConfigKeys (ConfUtils.java:logGet(46)) - raft.server.notification.no-leader.timeout = 60s (default)
2022-08-31 10:00:35,309 [pool-2-thread-1] INFO  server.RaftServerConfigKeys (ConfUtils.java:logGet(46)) - raft.server.notification.no-leader.timeout = 60s (default)
2022-08-31 10:00:35,312 [pool-3-thread-1] INFO  server.RaftServerConfigKeys (ConfUtils.java:logGet(46)) - raft.server.retrycache.expirytime = 60s (default)
2022-08-31 10:00:35,312 [pool-3-thread-1] INFO  server.RaftServerConfigKeys (ConfUtils.java:logGet(46)) - raft.server.retrycache.statistics.expirytime = 100μs (default)
2022-08-31 10:00:35,314 [pool-2-thread-1] INFO  server.RaftServerConfigKeys (ConfUtils.java:logGet(46)) - raft.server.retrycache.expirytime = 60s (default)
2022-08-31 10:00:35,314 [pool-1-thread-1] INFO  server.RaftServerConfigKeys (ConfUtils.java:logGet(46)) - raft.server.retrycache.expirytime = 60s (default)
2022-08-31 10:00:35,314 [pool-2-thread-1] INFO  server.RaftServerConfigKeys (ConfUtils.java:logGet(46)) - raft.server.retrycache.statistics.expirytime = 100μs (default)
2022-08-31 10:00:35,314 [pool-1-thread-1] INFO  server.RaftServerConfigKeys (ConfUtils.java:logGet(46)) - raft.server.retrycache.statistics.expirytime = 100μs (default)
2022-08-31 10:00:35,339 [pool-1-thread-1] INFO  metrics.MetricRegistries (MetricRegistriesLoader.java:load(64)) - Loaded MetricRegistries class org.apache.ratis.metrics.impl.MetricRegistriesImpl
2022-08-31 10:00:35,486 [pool-2-thread-1] INFO  server.RaftServerConfigKeys (ConfUtils.java:logGet(46)) - raft.server.log.appender.install.snapshot.enabled = true (default)
2022-08-31 10:00:35,486 [pool-3-thread-1] INFO  server.RaftServerConfigKeys (ConfUtils.java:logGet(46)) - raft.server.log.appender.install.snapshot.enabled = true (default)
2022-08-31 10:00:35,486 [pool-3-thread-1] INFO  server.RaftServerConfigKeys (ConfUtils.java:logGet(46)) - raft.server.threadpool.server.cached = true (default)
2022-08-31 10:00:35,487 [pool-3-thread-1] INFO  server.RaftServerConfigKeys (ConfUtils.java:logGet(46)) - raft.server.threadpool.server.size = 0 (default)
2022-08-31 10:00:35,487 [pool-3-thread-1] INFO  server.RaftServerConfigKeys (ConfUtils.java:logGet(46)) - raft.server.threadpool.client.cached = true (default)
2022-08-31 10:00:35,487 [pool-3-thread-1] INFO  server.RaftServerConfigKeys (ConfUtils.java:logGet(46)) - raft.server.threadpool.client.size = 0 (default)
2022-08-31 10:00:35,488 [pool-1-thread-1] INFO  server.RaftServerConfigKeys (ConfUtils.java:logGet(46)) - raft.server.log.appender.install.snapshot.enabled = true (default)
2022-08-31 10:00:35,488 [pool-1-thread-1] INFO  server.RaftServerConfigKeys (ConfUtils.java:logGet(46)) - raft.server.threadpool.server.cached = true (default)
2022-08-31 10:00:35,488 [pool-1-thread-1] INFO  server.RaftServerConfigKeys (ConfUtils.java:logGet(46)) - raft.server.threadpool.server.size = 0 (default)
2022-08-31 10:00:35,488 [pool-1-thread-1] INFO  server.RaftServerConfigKeys (ConfUtils.java:logGet(46)) - raft.server.threadpool.client.cached = true (default)
2022-08-31 10:00:35,488 [pool-1-thread-1] INFO  server.RaftServerConfigKeys (ConfUtils.java:logGet(46)) - raft.server.threadpool.client.size = 0 (default)
2022-08-31 10:00:35,488 [pool-2-thread-1] INFO  server.RaftServerConfigKeys (ConfUtils.java:logGet(46)) - raft.server.threadpool.server.cached = true (default)
2022-08-31 10:00:35,488 [pool-2-thread-1] INFO  server.RaftServerConfigKeys (ConfUtils.java:logGet(46)) - raft.server.threadpool.server.size = 0 (default)
2022-08-31 10:00:35,489 [pool-2-thread-1] INFO  server.RaftServerConfigKeys (ConfUtils.java:logGet(46)) - raft.server.threadpool.client.cached = true (default)
2022-08-31 10:00:35,489 [pool-2-thread-1] INFO  server.RaftServerConfigKeys (ConfUtils.java:logGet(46)) - raft.server.threadpool.client.size = 0 (default)
2022-08-31 10:00:35,489 [s0-impl-thread1] INFO  server.RaftServerConfigKeys (ConfUtils.java:logGet(46)) - raft.server.storage.free-space.min = 0MB (=0) (default)
2022-08-31 10:00:35,490 [s0-impl-thread1] INFO  server.RaftServerConfigKeys (ConfUtils.java:logGet(46)) - raft.server.log.corruption.policy = EXCEPTION (default)
2022-08-31 10:00:35,490 [s0-impl-thread1] INFO  server.RaftServerConfigKeys (ConfUtils.java:logGet(46)) - raft.server.storage.dir = [/home/runner/work/ratis/ratis/ratis-test/target/test/data/8c829a3d/MiniRaftClusterWithGrpcfaf4df8b/s0] (custom)
2022-08-31 10:00:35,500 [s0-impl-thread1] INFO  storage.RaftStorageDirectory (RaftStorageDirectoryImpl.java:analyzeStorage(138)) - The storage directory /home/runner/work/ratis/ratis/ratis-test/target/test/data/8c829a3d/MiniRaftClusterWithGrpcfaf4df8b/s0/26974e85-7eb7-4c1a-b245-124fd5e98514 does not exist. Creating ...
2022-08-31 10:00:35,501 [s0-impl-thread1] TRACE util.FileUtils (LogUtils.java:runAndLog(49)) - Successfully ran Files.createDirectories /home/runner/work/ratis/ratis/ratis-test/target/test/data/8c829a3d/MiniRaftClusterWithGrpcfaf4df8b/s0/26974e85-7eb7-4c1a-b245-124fd5e98514
2022-08-31 10:00:35,507 [s0-impl-thread1] INFO  storage.RaftStorageDirectory (RaftStorageDirectoryImpl.java:tryLock(232)) - Lock on /home/runner/work/ratis/ratis/ratis-test/target/test/data/8c829a3d/MiniRaftClusterWithGrpcfaf4df8b/s0/26974e85-7eb7-4c1a-b245-124fd5e98514/in_use.lock acquired by nodename 8900@fv-az90-28
2022-08-31 10:00:35,507 [s0-impl-thread1] TRACE util.FileUtils (LogUtils.java:runAndLog(49)) - Successfully ran Files.createDirectories /home/runner/work/ratis/ratis/ratis-test/target/test/data/8c829a3d/MiniRaftClusterWithGrpcfaf4df8b/s0/26974e85-7eb7-4c1a-b245-124fd5e98514/current
2022-08-31 10:00:35,507 [s0-impl-thread1] TRACE util.FileUtils (LogUtils.java:runAndLog(49)) - Successfully ran Files.createDirectories /home/runner/work/ratis/ratis/ratis-test/target/test/data/8c829a3d/MiniRaftClusterWithGrpcfaf4df8b/s0/26974e85-7eb7-4c1a-b245-124fd5e98514/sm
2022-08-31 10:00:35,519 [s0-impl-thread1] INFO  storage.RaftStorage (RaftStorageImpl.java:format(96)) - Storage directory /home/runner/work/ratis/ratis/ratis-test/target/test/data/8c829a3d/MiniRaftClusterWithGrpcfaf4df8b/s0/26974e85-7eb7-4c1a-b245-124fd5e98514 has been successfully formatted.
2022-08-31 10:00:35,519 [s0-impl-thread1] INFO  statemachine.SimpleStateMachine4Testing (SimpleStateMachine4Testing.java:initialize(212)) - Initializing SimpleStateMachine4Testing:uninitialized
2022-08-31 10:00:35,520 [s0-impl-thread1] INFO  statemachine.SimpleStateMachine4Testing (SimpleStateMachine4Testing.java:loadSnapshot(306)) - The snapshot file null does not exist
2022-08-31 10:00:35,522 [s0-impl-thread1] INFO  server.RaftServerConfigKeys (ConfUtils.java:logGet(46)) - raft.server.log.use.memory = false (default)
2022-08-31 10:00:35,526 [s0-impl-thread1] INFO  server.RaftServerConfigKeys (ConfUtils.java:logGet(46)) - raft.server.log.purge.gap = 1024 (default)
2022-08-31 10:00:35,526 [s0-impl-thread1] INFO  server.RaftServerConfigKeys (ConfUtils.java:logGet(46)) - raft.server.log.appender.buffer.byte-limit = 4MB (=4194304) (default)
2022-08-31 10:00:35,527 [s0-impl-thread1] INFO  server.RaftServerConfigKeys (ConfUtils.java:logGet(46)) - raft.server.log.statemachine.data.read.timeout = 1000ms (default)
2022-08-31 10:00:35,528 [s0-impl-thread1] INFO  server.RaftServerConfigKeys (ConfUtils.java:logGet(46)) - raft.server.log.purge.preservation.log.num = 0 (default)
2022-08-31 10:00:35,531 [s0-impl-thread1] INFO  server.RaftServerConfigKeys (ConfUtils.java:logGet(46)) - raft.server.log.segment.size.max = 8MB (=8388608) (default)
2022-08-31 10:00:35,536 [s0-impl-thread1] INFO  server.RaftServerConfigKeys (ConfUtils.java:logGet(46)) - raft.server.log.segment.cache.num.max = 6 (default)
2022-08-31 10:00:35,539 [s0-impl-thread1] INFO  server.RaftServerConfigKeys (ConfUtils.java:logGet(46)) - raft.server.log.segment.cache.size.max = 200MB (=209715200) (default)
2022-08-31 10:00:35,542 [s0-impl-thread1] INFO  segmented.SegmentedRaftLogWorker (SegmentedRaftLogWorker.java:<init>(190)) - new s0@group-124FD5E98514-SegmentedRaftLogWorker for RaftStorageImpl:Storage Directory /home/runner/work/ratis/ratis/ratis-test/target/test/data/8c829a3d/MiniRaftClusterWithGrpcfaf4df8b/s0/26974e85-7eb7-4c1a-b245-124fd5e98514
2022-08-31 10:00:35,542 [s0-impl-thread1] INFO  server.RaftServerConfigKeys (ConfUtils.java:logGet(46)) - raft.server.log.queue.byte-limit = 64MB (=67108864) (default)
2022-08-31 10:00:35,543 [s0-impl-thread1] INFO  server.RaftServerConfigKeys (ConfUtils.java:logGet(46)) - raft.server.log.queue.element-limit = 4096 (default)
2022-08-31 10:00:35,544 [s0-impl-thread1] INFO  server.RaftServerConfigKeys (ConfUtils.java:logGet(46)) - raft.server.log.segment.size.max = 8MB (=8388608) (default)
2022-08-31 10:00:35,544 [s0-impl-thread1] INFO  server.RaftServerConfigKeys (ConfUtils.java:logGet(46)) - raft.server.log.preallocated.size = 4MB (=4194304) (default)
2022-08-31 10:00:35,544 [s0-impl-thread1] INFO  server.RaftServerConfigKeys (ConfUtils.java:logGet(46)) - raft.server.log.force.sync.num = 128 (default)
2022-08-31 10:00:35,545 [s0-impl-thread1] INFO  server.RaftServerConfigKeys (ConfUtils.java:logGet(46)) - raft.server.log.statemachine.data.sync = true (default)
2022-08-31 10:00:35,545 [s0-impl-thread1] INFO  server.RaftServerConfigKeys (ConfUtils.java:logGet(46)) - raft.server.log.statemachine.data.sync.timeout = 10s (default)
2022-08-31 10:00:35,545 [s0-impl-thread1] INFO  server.RaftServerConfigKeys (ConfUtils.java:logGet(46)) - raft.server.log.statemachine.data.sync.timeout.retry = -1 (default)
2022-08-31 10:00:35,552 [s0-impl-thread1] INFO  server.RaftServerConfigKeys (ConfUtils.java:logGet(46)) - raft.server.log.write.buffer.size = 64KB (=65536) (default)
2022-08-31 10:00:35,553 [s0-impl-thread1] INFO  server.RaftServerConfigKeys (ConfUtils.java:logGet(46)) - raft.server.log.unsafe-flush.enabled = false (default)
2022-08-31 10:00:35,553 [s0-impl-thread1] INFO  server.RaftServerConfigKeys (ConfUtils.java:logGet(46)) - raft.server.log.async-flush.enabled = false (default)
2022-08-31 10:00:35,553 [s0-impl-thread1] INFO  server.RaftServerConfigKeys (ConfUtils.java:logGet(46)) - raft.server.log.statemachine.data.caching.enabled = false (default)
2022-08-31 10:00:35,558 [s0-impl-thread1] INFO  segmented.SegmentedRaftLogWorker (SegmentedRaftLogWorker.java:lambda$new$0(135)) - s0@group-124FD5E98514-SegmentedRaftLogWorker: flushIndex: setUnconditionally 0 -> -1
2022-08-31 10:00:35,558 [s0-impl-thread1] INFO  segmented.SegmentedRaftLogWorker (SegmentedRaftLogWorker.java:lambda$new$0(135)) - s0@group-124FD5E98514-SegmentedRaftLogWorker: safeCacheEvictIndex: setUnconditionally 0 -> -1
2022-08-31 10:00:35,559 [s0-impl-thread1] INFO  server.RaftServer$Division (RaftServerImpl.java:start(328)) - s0@group-124FD5E98514: start as a follower, conf=-1: peers:[s0|rpc:localhost:35239|admin:localhost:45707|client:localhost:44363|dataStream:localhost:36883|priority:0|startupRole:FOLLOWER, s1|rpc:localhost:38483|admin:localhost:33411|client:localhost:40123|dataStream:localhost:40017|priority:0|startupRole:FOLLOWER, s2|rpc:localhost:43829|admin:localhost:42157|client:localhost:34405|dataStream:localhost:34339|priority:0|startupRole:FOLLOWER]|listeners:[], old=null
2022-08-31 10:00:35,559 [s0-impl-thread1] INFO  server.RaftServer$Division (RaftServerImpl.java:setRole(315)) - s0@group-124FD5E98514: changes role from      null to FOLLOWER at term 0 for startAsFollower
2022-08-31 10:00:35,560 [s0-impl-thread1] INFO  impl.RoleInfo (RoleInfo.java:updateAndGet(139)) - s0: start s0@group-124FD5E98514-FollowerState
2022-08-31 10:00:35,568 [s0-impl-thread1] INFO  util.JmxRegister (JmxRegister.java:tryRegister(44)) - Successfully registered JMX Bean with object name Ratis:service=RaftServer,group=group-124FD5E98514,id=s0
2022-08-31 10:00:35,570 [s0-impl-thread1] INFO  server.RaftServerConfigKeys (ConfUtils.java:logGet(46)) - raft.server.snapshot.auto.trigger.enabled = false (default)
2022-08-31 10:00:35,570 [s0-impl-thread1] INFO  server.RaftServerConfigKeys (ConfUtils.java:logGet(46)) - raft.server.snapshot.retention.file.num = -1 (default)
2022-08-31 10:00:35,570 [s0-impl-thread1] INFO  server.RaftServerConfigKeys (ConfUtils.java:logGet(46)) - raft.server.log.purge.upto.snapshot.index = false (default)
2022-08-31 10:00:35,574 [Time-limited test] INFO  server.RaftServer (RaftServerProxy.java:startImpl(388)) - s0: start RPC server
2022-08-31 10:00:35,576 [s0@group-124FD5E98514-FollowerState] INFO  server.RaftServerConfigKeys (ConfUtils.java:logFallback(53)) - raft.server.rpc.first-election.timeout.min = 150ms (fallback to raft.server.rpc.timeout.min)
2022-08-31 10:00:35,577 [s0@group-124FD5E98514-FollowerState] INFO  server.RaftServerConfigKeys (ConfUtils.java:logFallback(53)) - raft.server.rpc.first-election.timeout.max = 300ms (fallback to raft.server.rpc.timeout.max)
2022-08-31 10:00:35,612 [Time-limited test] INFO  server.GrpcService (GrpcService.java:startImpl(270)) - s0: GrpcService started, listening on 44363
2022-08-31 10:00:35,613 [Time-limited test] INFO  server.GrpcService (GrpcService.java:startImpl(270)) - s0: GrpcService started, listening on 35239
2022-08-31 10:00:35,615 [Time-limited test] INFO  server.GrpcService (GrpcService.java:startImpl(270)) - s0: GrpcService started, listening on 45707
2022-08-31 10:00:35,618 [s1-impl-thread1] INFO  server.RaftServerConfigKeys (ConfUtils.java:logGet(46)) - raft.server.storage.free-space.min = 0MB (=0) (default)
2022-08-31 10:00:35,619 [s1-impl-thread1] INFO  server.RaftServerConfigKeys (ConfUtils.java:logGet(46)) - raft.server.log.corruption.policy = EXCEPTION (default)
2022-08-31 10:00:35,619 [s1-impl-thread1] INFO  server.RaftServerConfigKeys (ConfUtils.java:logGet(46)) - raft.server.storage.dir = [/home/runner/work/ratis/ratis/ratis-test/target/test/data/8c829a3d/MiniRaftClusterWithGrpcfaf4df8b/s1] (custom)
2022-08-31 10:00:35,619 [s1-impl-thread1] INFO  storage.RaftStorageDirectory (RaftStorageDirectoryImpl.java:analyzeStorage(138)) - The storage directory /home/runner/work/ratis/ratis/ratis-test/target/test/data/8c829a3d/MiniRaftClusterWithGrpcfaf4df8b/s1/26974e85-7eb7-4c1a-b245-124fd5e98514 does not exist. Creating ...
2022-08-31 10:00:35,620 [s1-impl-thread1] TRACE util.FileUtils (LogUtils.java:runAndLog(49)) - Successfully ran Files.createDirectories /home/runner/work/ratis/ratis/ratis-test/target/test/data/8c829a3d/MiniRaftClusterWithGrpcfaf4df8b/s1/26974e85-7eb7-4c1a-b245-124fd5e98514
2022-08-31 10:00:35,620 [org.apache.ratis.util.JvmPauseMonitor$$Lambda$363/0x00000001002d7c40@1ad4dd97] INFO  util.JvmPauseMonitor (JvmPauseMonitor.java:run(103)) - JvmPauseMonitor-s0: Started
2022-08-31 10:00:35,621 [s1-impl-thread1] INFO  storage.RaftStorageDirectory (RaftStorageDirectoryImpl.java:tryLock(232)) - Lock on /home/runner/work/ratis/ratis/ratis-test/target/test/data/8c829a3d/MiniRaftClusterWithGrpcfaf4df8b/s1/26974e85-7eb7-4c1a-b245-124fd5e98514/in_use.lock acquired by nodename 8900@fv-az90-28
2022-08-31 10:00:35,622 [s1-impl-thread1] TRACE util.FileUtils (LogUtils.java:runAndLog(49)) - Successfully ran Files.createDirectories /home/runner/work/ratis/ratis/ratis-test/target/test/data/8c829a3d/MiniRaftClusterWithGrpcfaf4df8b/s1/26974e85-7eb7-4c1a-b245-124fd5e98514/current
2022-08-31 10:00:35,622 [s1-impl-thread1] TRACE util.FileUtils (LogUtils.java:runAndLog(49)) - Successfully ran Files.createDirectories /home/runner/work/ratis/ratis/ratis-test/target/test/data/8c829a3d/MiniRaftClusterWithGrpcfaf4df8b/s1/26974e85-7eb7-4c1a-b245-124fd5e98514/sm
2022-08-31 10:00:35,624 [s1-impl-thread1] INFO  storage.RaftStorage (RaftStorageImpl.java:format(96)) - Storage directory /home/runner/work/ratis/ratis/ratis-test/target/test/data/8c829a3d/MiniRaftClusterWithGrpcfaf4df8b/s1/26974e85-7eb7-4c1a-b245-124fd5e98514 has been successfully formatted.
2022-08-31 10:00:35,624 [s1-impl-thread1] INFO  statemachine.SimpleStateMachine4Testing (SimpleStateMachine4Testing.java:initialize(212)) - Initializing SimpleStateMachine4Testing:uninitialized
2022-08-31 10:00:35,624 [s1-impl-thread1] INFO  statemachine.SimpleStateMachine4Testing (SimpleStateMachine4Testing.java:loadSnapshot(306)) - The snapshot file null does not exist
2022-08-31 10:00:35,624 [s1-impl-thread1] INFO  server.RaftServerConfigKeys (ConfUtils.java:logGet(46)) - raft.server.log.use.memory = false (default)
2022-08-31 10:00:35,625 [s1-impl-thread1] INFO  server.RaftServerConfigKeys (ConfUtils.java:logGet(46)) - raft.server.log.purge.gap = 1024 (default)
2022-08-31 10:00:35,625 [s1-impl-thread1] INFO  server.RaftServerConfigKeys (ConfUtils.java:logGet(46)) - raft.server.log.appender.buffer.byte-limit = 4MB (=4194304) (default)
2022-08-31 10:00:35,625 [s1-impl-thread1] INFO  server.RaftServerConfigKeys (ConfUtils.java:logGet(46)) - raft.server.log.statemachine.data.read.timeout = 1000ms (default)
2022-08-31 10:00:35,625 [s1-impl-thread1] INFO  server.RaftServerConfigKeys (ConfUtils.java:logGet(46)) - raft.server.log.purge.preservation.log.num = 0 (default)
2022-08-31 10:00:35,625 [s1-impl-thread1] INFO  server.RaftServerConfigKeys (ConfUtils.java:logGet(46)) - raft.server.log.segment.size.max = 8MB (=8388608) (default)
2022-08-31 10:00:35,626 [s1-impl-thread1] INFO  server.RaftServerConfigKeys (ConfUtils.java:logGet(46)) - raft.server.log.segment.cache.num.max = 6 (default)
2022-08-31 10:00:35,627 [s1-impl-thread1] INFO  server.RaftServerConfigKeys (ConfUtils.java:logGet(46)) - raft.server.log.segment.cache.size.max = 200MB (=209715200) (default)
2022-08-31 10:00:35,627 [s1-impl-thread1] INFO  segmented.SegmentedRaftLogWorker (SegmentedRaftLogWorker.java:<init>(190)) - new s1@group-124FD5E98514-SegmentedRaftLogWorker for RaftStorageImpl:Storage Directory /home/runner/work/ratis/ratis/ratis-test/target/test/data/8c829a3d/MiniRaftClusterWithGrpcfaf4df8b/s1/26974e85-7eb7-4c1a-b245-124fd5e98514
2022-08-31 10:00:35,627 [s1-impl-thread1] INFO  server.RaftServerConfigKeys (ConfUtils.java:logGet(46)) - raft.server.log.queue.byte-limit = 64MB (=67108864) (default)
2022-08-31 10:00:35,627 [s1-impl-thread1] INFO  server.RaftServerConfigKeys (ConfUtils.java:logGet(46)) - raft.server.log.queue.element-limit = 4096 (default)
2022-08-31 10:00:35,628 [s1-impl-thread1] INFO  server.RaftServerConfigKeys (ConfUtils.java:logGet(46)) - raft.server.log.segment.size.max = 8MB (=8388608) (default)
2022-08-31 10:00:35,628 [s1-impl-thread1] INFO  server.RaftServerConfigKeys (ConfUtils.java:logGet(46)) - raft.server.log.preallocated.size = 4MB (=4194304) (default)
2022-08-31 10:00:35,628 [s1-impl-thread1] INFO  server.RaftServerConfigKeys (ConfUtils.java:logGet(46)) - raft.server.log.force.sync.num = 128 (default)
2022-08-31 10:00:35,628 [s1-impl-thread1] INFO  server.RaftServerConfigKeys (ConfUtils.java:logGet(46)) - raft.server.log.statemachine.data.sync = true (default)
2022-08-31 10:00:35,629 [s1-impl-thread1] INFO  server.RaftServerConfigKeys (ConfUtils.java:logGet(46)) - raft.server.log.statemachine.data.sync.timeout = 10s (default)
2022-08-31 10:00:35,629 [s1-impl-thread1] INFO  server.RaftServerConfigKeys (ConfUtils.java:logGet(46)) - raft.server.log.statemachine.data.sync.timeout.retry = -1 (default)
2022-08-31 10:00:35,630 [s1-impl-thread1] INFO  server.RaftServerConfigKeys (ConfUtils.java:logGet(46)) - raft.server.log.write.buffer.size = 64KB (=65536) (default)
2022-08-31 10:00:35,646 [s1-impl-thread1] INFO  server.RaftServerConfigKeys (ConfUtils.java:logGet(46)) - raft.server.log.unsafe-flush.enabled = false (default)
2022-08-31 10:00:35,647 [s1-impl-thread1] INFO  server.RaftServerConfigKeys (ConfUtils.java:logGet(46)) - raft.server.log.async-flush.enabled = false (default)
2022-08-31 10:00:35,647 [s1-impl-thread1] INFO  server.RaftServerConfigKeys (ConfUtils.java:logGet(46)) - raft.server.log.statemachine.data.caching.enabled = false (default)
2022-08-31 10:00:35,647 [s1-impl-thread1] INFO  segmented.SegmentedRaftLogWorker (SegmentedRaftLogWorker.java:lambda$new$0(135)) - s1@group-124FD5E98514-SegmentedRaftLogWorker: flushIndex: setUnconditionally 0 -> -1
2022-08-31 10:00:35,647 [s1-impl-thread1] INFO  segmented.SegmentedRaftLogWorker (SegmentedRaftLogWorker.java:lambda$new$0(135)) - s1@group-124FD5E98514-SegmentedRaftLogWorker: safeCacheEvictIndex: setUnconditionally 0 -> -1
2022-08-31 10:00:35,652 [s1-impl-thread1] INFO  server.RaftServer$Division (RaftServerImpl.java:start(328)) - s1@group-124FD5E98514: start as a follower, conf=-1: peers:[s0|rpc:localhost:35239|admin:localhost:45707|client:localhost:44363|dataStream:localhost:36883|priority:0|startupRole:FOLLOWER, s1|rpc:localhost:38483|admin:localhost:33411|client:localhost:40123|dataStream:localhost:40017|priority:0|startupRole:FOLLOWER, s2|rpc:localhost:43829|admin:localhost:42157|client:localhost:34405|dataStream:localhost:34339|priority:0|startupRole:FOLLOWER]|listeners:[], old=null
2022-08-31 10:00:35,655 [s1-impl-thread1] INFO  server.RaftServer$Division (RaftServerImpl.java:setRole(315)) - s1@group-124FD5E98514: changes role from      null to FOLLOWER at term 0 for startAsFollower
2022-08-31 10:00:35,655 [s1-impl-thread1] INFO  impl.RoleInfo (RoleInfo.java:updateAndGet(139)) - s1: start s1@group-124FD5E98514-FollowerState
2022-08-31 10:00:35,656 [s1-impl-thread1] INFO  util.JmxRegister (JmxRegister.java:tryRegister(44)) - Successfully registered JMX Bean with object name Ratis:service=RaftServer,group=group-124FD5E98514,id=s1
2022-08-31 10:00:35,659 [s1-impl-thread1] INFO  server.RaftServerConfigKeys (ConfUtils.java:logGet(46)) - raft.server.snapshot.auto.trigger.enabled = false (default)
2022-08-31 10:00:35,659 [s1-impl-thread1] INFO  server.RaftServerConfigKeys (ConfUtils.java:logGet(46)) - raft.server.snapshot.retention.file.num = -1 (default)
2022-08-31 10:00:35,659 [s1-impl-thread1] INFO  server.RaftServerConfigKeys (ConfUtils.java:logGet(46)) - raft.server.log.purge.upto.snapshot.index = false (default)
2022-08-31 10:00:35,660 [s1@group-124FD5E98514-FollowerState] INFO  server.RaftServerConfigKeys (ConfUtils.java:logFallback(53)) - raft.server.rpc.first-election.timeout.min = 150ms (fallback to raft.server.rpc.timeout.min)
2022-08-31 10:00:35,662 [Time-limited test] INFO  server.RaftServer (RaftServerProxy.java:startImpl(388)) - s1: start RPC server
2022-08-31 10:00:35,663 [Time-limited test] INFO  server.GrpcService (GrpcService.java:startImpl(270)) - s1: GrpcService started, listening on 40123
2022-08-31 10:00:35,667 [Time-limited test] INFO  server.GrpcService (GrpcService.java:startImpl(270)) - s1: GrpcService started, listening on 38483
2022-08-31 10:00:35,667 [s1@group-124FD5E98514-FollowerState] INFO  server.RaftServerConfigKeys (ConfUtils.java:logFallback(53)) - raft.server.rpc.first-election.timeout.max = 300ms (fallback to raft.server.rpc.timeout.max)
2022-08-31 10:00:35,668 [Time-limited test] INFO  server.GrpcService (GrpcService.java:startImpl(270)) - s1: GrpcService started, listening on 33411
2022-08-31 10:00:35,668 [s2-impl-thread1] INFO  server.RaftServerConfigKeys (ConfUtils.java:logGet(46)) - raft.server.storage.free-space.min = 0MB (=0) (default)
2022-08-31 10:00:35,668 [s2-impl-thread1] INFO  server.RaftServerConfigKeys (ConfUtils.java:logGet(46)) - raft.server.log.corruption.policy = EXCEPTION (default)
2022-08-31 10:00:35,668 [s2-impl-thread1] INFO  server.RaftServerConfigKeys (ConfUtils.java:logGet(46)) - raft.server.storage.dir = [/home/runner/work/ratis/ratis/ratis-test/target/test/data/8c829a3d/MiniRaftClusterWithGrpcfaf4df8b/s2] (custom)
2022-08-31 10:00:35,669 [s2-impl-thread1] INFO  storage.RaftStorageDirectory (RaftStorageDirectoryImpl.java:analyzeStorage(138)) - The storage directory /home/runner/work/ratis/ratis/ratis-test/target/test/data/8c829a3d/MiniRaftClusterWithGrpcfaf4df8b/s2/26974e85-7eb7-4c1a-b245-124fd5e98514 does not exist. Creating ...
2022-08-31 10:00:35,669 [s2-impl-thread1] TRACE util.FileUtils (LogUtils.java:runAndLog(49)) - Successfully ran Files.createDirectories /home/runner/work/ratis/ratis/ratis-test/target/test/data/8c829a3d/MiniRaftClusterWithGrpcfaf4df8b/s2/26974e85-7eb7-4c1a-b245-124fd5e98514
2022-08-31 10:00:35,668 [org.apache.ratis.util.JvmPauseMonitor$$Lambda$363/0x00000001002d7c40@2ea8a2f8] INFO  util.JvmPauseMonitor (JvmPauseMonitor.java:run(103)) - JvmPauseMonitor-s1: Started
2022-08-31 10:00:35,671 [s2-impl-thread1] INFO  storage.RaftStorageDirectory (RaftStorageDirectoryImpl.java:tryLock(232)) - Lock on /home/runner/work/ratis/ratis/ratis-test/target/test/data/8c829a3d/MiniRaftClusterWithGrpcfaf4df8b/s2/26974e85-7eb7-4c1a-b245-124fd5e98514/in_use.lock acquired by nodename 8900@fv-az90-28
2022-08-31 10:00:35,671 [s2-impl-thread1] TRACE util.FileUtils (LogUtils.java:runAndLog(49)) - Successfully ran Files.createDirectories /home/runner/work/ratis/ratis/ratis-test/target/test/data/8c829a3d/MiniRaftClusterWithGrpcfaf4df8b/s2/26974e85-7eb7-4c1a-b245-124fd5e98514/current
2022-08-31 10:00:35,671 [s2-impl-thread1] TRACE util.FileUtils (LogUtils.java:runAndLog(49)) - Successfully ran Files.createDirectories /home/runner/work/ratis/ratis/ratis-test/target/test/data/8c829a3d/MiniRaftClusterWithGrpcfaf4df8b/s2/26974e85-7eb7-4c1a-b245-124fd5e98514/sm
2022-08-31 10:00:35,672 [s2-impl-thread1] INFO  storage.RaftStorage (RaftStorageImpl.java:format(96)) - Storage directory /home/runner/work/ratis/ratis/ratis-test/target/test/data/8c829a3d/MiniRaftClusterWithGrpcfaf4df8b/s2/26974e85-7eb7-4c1a-b245-124fd5e98514 has been successfully formatted.
2022-08-31 10:00:35,672 [s2-impl-thread1] INFO  statemachine.SimpleStateMachine4Testing (SimpleStateMachine4Testing.java:initialize(212)) - Initializing SimpleStateMachine4Testing:uninitialized
2022-08-31 10:00:35,673 [s2-impl-thread1] INFO  statemachine.SimpleStateMachine4Testing (SimpleStateMachine4Testing.java:loadSnapshot(306)) - The snapshot file null does not exist
2022-08-31 10:00:35,673 [s2-impl-thread1] INFO  server.RaftServerConfigKeys (ConfUtils.java:logGet(46)) - raft.server.log.use.memory = false (default)
2022-08-31 10:00:35,673 [s2-impl-thread1] INFO  server.RaftServerConfigKeys (ConfUtils.java:logGet(46)) - raft.server.log.purge.gap = 1024 (default)
2022-08-31 10:00:35,673 [s2-impl-thread1] INFO  server.RaftServerConfigKeys (ConfUtils.java:logGet(46)) - raft.server.log.appender.buffer.byte-limit = 4MB (=4194304) (default)
2022-08-31 10:00:35,673 [s2-impl-thread1] INFO  server.RaftServerConfigKeys (ConfUtils.java:logGet(46)) - raft.server.log.statemachine.data.read.timeout = 1000ms (default)
2022-08-31 10:00:35,673 [s2-impl-thread1] INFO  server.RaftServerConfigKeys (ConfUtils.java:logGet(46)) - raft.server.log.purge.preservation.log.num = 0 (default)
2022-08-31 10:00:35,673 [s2-impl-thread1] INFO  server.RaftServerConfigKeys (ConfUtils.java:logGet(46)) - raft.server.log.segment.size.max = 8MB (=8388608) (default)
2022-08-31 10:00:35,674 [s2-impl-thread1] INFO  server.RaftServerConfigKeys (ConfUtils.java:logGet(46)) - raft.server.log.segment.cache.num.max = 6 (default)
2022-08-31 10:00:35,674 [s2-impl-thread1] INFO  server.RaftServerConfigKeys (ConfUtils.java:logGet(46)) - raft.server.log.segment.cache.size.max = 200MB (=209715200) (default)
2022-08-31 10:00:35,674 [s2-impl-thread1] INFO  segmented.SegmentedRaftLogWorker (SegmentedRaftLogWorker.java:<init>(190)) - new s2@group-124FD5E98514-SegmentedRaftLogWorker for RaftStorageImpl:Storage Directory /home/runner/work/ratis/ratis/ratis-test/target/test/data/8c829a3d/MiniRaftClusterWithGrpcfaf4df8b/s2/26974e85-7eb7-4c1a-b245-124fd5e98514
2022-08-31 10:00:35,674 [s2-impl-thread1] INFO  server.RaftServerConfigKeys (ConfUtils.java:logGet(46)) - raft.server.log.queue.byte-limit = 64MB (=67108864) (default)
2022-08-31 10:00:35,674 [s2-impl-thread1] INFO  server.RaftServerConfigKeys (ConfUtils.java:logGet(46)) - raft.server.log.queue.element-limit = 4096 (default)
2022-08-31 10:00:35,674 [s2-impl-thread1] INFO  server.RaftServerConfigKeys (ConfUtils.java:logGet(46)) - raft.server.log.segment.size.max = 8MB (=8388608) (default)
2022-08-31 10:00:35,674 [s2-impl-thread1] INFO  server.RaftServerConfigKeys (ConfUtils.java:logGet(46)) - raft.server.log.preallocated.size = 4MB (=4194304) (default)
2022-08-31 10:00:35,674 [s2-impl-thread1] INFO  server.RaftServerConfigKeys (ConfUtils.java:logGet(46)) - raft.server.log.force.sync.num = 128 (default)
2022-08-31 10:00:35,674 [s2-impl-thread1] INFO  server.RaftServerConfigKeys (ConfUtils.java:logGet(46)) - raft.server.log.statemachine.data.sync = true (default)
2022-08-31 10:00:35,674 [s2-impl-thread1] INFO  server.RaftServerConfigKeys (ConfUtils.java:logGet(46)) - raft.server.log.statemachine.data.sync.timeout = 10s (default)
2022-08-31 10:00:35,675 [s2-impl-thread1] INFO  server.RaftServerConfigKeys (ConfUtils.java:logGet(46)) - raft.server.log.statemachine.data.sync.timeout.retry = -1 (default)
2022-08-31 10:00:35,675 [s2-impl-thread1] INFO  server.RaftServerConfigKeys (ConfUtils.java:logGet(46)) - raft.server.log.write.buffer.size = 64KB (=65536) (default)
2022-08-31 10:00:35,676 [s2-impl-thread1] INFO  server.RaftServerConfigKeys (ConfUtils.java:logGet(46)) - raft.server.log.unsafe-flush.enabled = false (default)
2022-08-31 10:00:35,676 [s2-impl-thread1] INFO  server.RaftServerConfigKeys (ConfUtils.java:logGet(46)) - raft.server.log.async-flush.enabled = false (default)
2022-08-31 10:00:35,676 [s2-impl-thread1] INFO  server.RaftServerConfigKeys (ConfUtils.java:logGet(46)) - raft.server.log.statemachine.data.caching.enabled = false (default)
2022-08-31 10:00:35,676 [s2-impl-thread1] INFO  segmented.SegmentedRaftLogWorker (SegmentedRaftLogWorker.java:lambda$new$0(135)) - s2@group-124FD5E98514-SegmentedRaftLogWorker: flushIndex: setUnconditionally 0 -> -1
2022-08-31 10:00:35,676 [s2-impl-thread1] INFO  segmented.SegmentedRaftLogWorker (SegmentedRaftLogWorker.java:lambda$new$0(135)) - s2@group-124FD5E98514-SegmentedRaftLogWorker: safeCacheEvictIndex: setUnconditionally 0 -> -1
2022-08-31 10:00:35,682 [s2-impl-thread1] INFO  server.RaftServer$Division (RaftServerImpl.java:start(328)) - s2@group-124FD5E98514: start as a follower, conf=-1: peers:[s0|rpc:localhost:35239|admin:localhost:45707|client:localhost:44363|dataStream:localhost:36883|priority:0|startupRole:FOLLOWER, s1|rpc:localhost:38483|admin:localhost:33411|client:localhost:40123|dataStream:localhost:40017|priority:0|startupRole:FOLLOWER, s2|rpc:localhost:43829|admin:localhost:42157|client:localhost:34405|dataStream:localhost:34339|priority:0|startupRole:FOLLOWER]|listeners:[], old=null
2022-08-31 10:00:35,682 [s2-impl-thread1] INFO  server.RaftServer$Division (RaftServerImpl.java:setRole(315)) - s2@group-124FD5E98514: changes role from      null to FOLLOWER at term 0 for startAsFollower
2022-08-31 10:00:35,682 [s2-impl-thread1] INFO  impl.RoleInfo (RoleInfo.java:updateAndGet(139)) - s2: start s2@group-124FD5E98514-FollowerState
2022-08-31 10:00:35,683 [s2-impl-thread1] INFO  util.JmxRegister (JmxRegister.java:tryRegister(44)) - Successfully registered JMX Bean with object name Ratis:service=RaftServer,group=group-124FD5E98514,id=s2
2022-08-31 10:00:35,683 [s2-impl-thread1] INFO  server.RaftServerConfigKeys (ConfUtils.java:logGet(46)) - raft.server.snapshot.auto.trigger.enabled = false (default)
2022-08-31 10:00:35,684 [s2-impl-thread1] INFO  server.RaftServerConfigKeys (ConfUtils.java:logGet(46)) - raft.server.snapshot.retention.file.num = -1 (default)
2022-08-31 10:00:35,684 [s2-impl-thread1] INFO  server.RaftServerConfigKeys (ConfUtils.java:logGet(46)) - raft.server.log.purge.upto.snapshot.index = false (default)
2022-08-31 10:00:35,684 [s2@group-124FD5E98514-FollowerState] INFO  server.RaftServerConfigKeys (ConfUtils.java:logFallback(53)) - raft.server.rpc.first-election.timeout.min = 150ms (fallback to raft.server.rpc.timeout.min)
2022-08-31 10:00:35,690 [s2@group-124FD5E98514-FollowerState] INFO  server.RaftServerConfigKeys (ConfUtils.java:logFallback(53)) - raft.server.rpc.first-election.timeout.max = 300ms (fallback to raft.server.rpc.timeout.max)
2022-08-31 10:00:35,690 [Time-limited test] INFO  server.RaftServer (RaftServerProxy.java:startImpl(388)) - s2: start RPC server
2022-08-31 10:00:35,692 [Time-limited test] INFO  server.GrpcService (GrpcService.java:startImpl(270)) - s2: GrpcService started, listening on 34405
2022-08-31 10:00:35,697 [Time-limited test] INFO  server.GrpcService (GrpcService.java:startImpl(270)) - s2: GrpcService started, listening on 43829
2022-08-31 10:00:35,698 [Time-limited test] INFO  server.GrpcService (GrpcService.java:startImpl(270)) - s2: GrpcService started, listening on 42157
2022-08-31 10:00:35,700 [Time-limited test] INFO  server.RaftServerConfigKeys (ConfUtils.java:logGet(46)) - raft.server.rpc.timeout.max = 300ms (default)
2022-08-31 10:00:35,705 [Time-limited test] INFO  ratis.RaftTestUtil (RaftTestUtil.java:waitForLeader(100)) - printing ALL groups
  s0:  RUNNING  FOLLOWER s0@group-124FD5E98514:t0, leader=null, voted=, raftlog=Memoized:s0@group-124FD5E98514-SegmentedRaftLog:OPENED:c-1, conf=-1: peers:[s0|rpc:localhost:35239|admin:localhost:45707|client:localhost:44363|dataStream:localhost:36883|priority:0|startupRole:FOLLOWER, s1|rpc:localhost:38483|admin:localhost:33411|client:localhost:40123|dataStream:localhost:40017|priority:0|startupRole:FOLLOWER, s2|rpc:localhost:43829|admin:localhost:42157|client:localhost:34405|dataStream:localhost:34339|priority:0|startupRole:FOLLOWER]|listeners:[], old=null RUNNING
  s1:  RUNNING  FOLLOWER s1@group-124FD5E98514:t0, leader=null, voted=, raftlog=Memoized:s1@group-124FD5E98514-SegmentedRaftLog:OPENED:c-1, conf=-1: peers:[s0|rpc:localhost:35239|admin:localhost:45707|client:localhost:44363|dataStream:localhost:36883|priority:0|startupRole:FOLLOWER, s1|rpc:localhost:38483|admin:localhost:33411|client:localhost:40123|dataStream:localhost:40017|priority:0|startupRole:FOLLOWER, s2|rpc:localhost:43829|admin:localhost:42157|client:localhost:34405|dataStream:localhost:34339|priority:0|startupRole:FOLLOWER]|listeners:[], old=null RUNNING
  s2:  RUNNING  FOLLOWER s2@group-124FD5E98514:t0, leader=null, voted=, raftlog=Memoized:s2@group-124FD5E98514-SegmentedRaftLog:OPENED:c-1, conf=-1: peers:[s0|rpc:localhost:35239|admin:localhost:45707|client:localhost:44363|dataStream:localhost:36883|priority:0|startupRole:FOLLOWER, s1|rpc:localhost:38483|admin:localhost:33411|client:localhost:40123|dataStream:localhost:40017|priority:0|startupRole:FOLLOWER, s2|rpc:localhost:43829|admin:localhost:42157|client:localhost:34405|dataStream:localhost:34339|priority:0|startupRole:FOLLOWER]|listeners:[], old=null RUNNING
2022-08-31 10:00:35,707 [org.apache.ratis.util.JvmPauseMonitor$$Lambda$363/0x00000001002d7c40@122cfadf] INFO  util.JvmPauseMonitor (JvmPauseMonitor.java:run(103)) - JvmPauseMonitor-s2: Started
2022-08-31 10:00:35,708 [Time-limited test] WARN  ratis.RaftTestUtil (JavaUtils.java:attempt(217)) - FAILED "waitForLeader-null-(expectLeader? true)", attempt #1/100: java.lang.IllegalStateException: No leader yet : printing ALL groups
  s0:  RUNNING  FOLLOWER s0@group-124FD5E98514:t0, leader=null, voted=, raftlog=Memoized:s0@group-124FD5E98514-SegmentedRaftLog:OPENED:c-1, conf=-1: peers:[s0|rpc:localhost:35239|admin:localhost:45707|client:localhost:44363|dataStream:localhost:36883|priority:0|startupRole:FOLLOWER, s1|rpc:localhost:38483|admin:localhost:33411|client:localhost:40123|dataStream:localhost:40017|priority:0|startupRole:FOLLOWER, s2|rpc:localhost:43829|admin:localhost:42157|client:localhost:34405|dataStream:localhost:34339|priority:0|startupRole:FOLLOWER]|listeners:[], old=null RUNNING
  s1:  RUNNING  FOLLOWER s1@group-124FD5E98514:t0, leader=null, voted=, raftlog=Memoized:s1@group-124FD5E98514-SegmentedRaftLog:OPENED:c-1, conf=-1: peers:[s0|rpc:localhost:35239|admin:localhost:45707|client:localhost:44363|dataStream:localhost:36883|priority:0|startupRole:FOLLOWER, s1|rpc:localhost:38483|admin:localhost:33411|client:localhost:40123|dataStream:localhost:40017|priority:0|startupRole:FOLLOWER, s2|rpc:localhost:43829|admin:localhost:42157|client:localhost:34405|dataStream:localhost:34339|priority:0|startupRole:FOLLOWER]|listeners:[], old=null RUNNING
  s2:  RUNNING  FOLLOWER s2@group-124FD5E98514:t0, leader=null, voted=, raftlog=Memoized:s2@group-124FD5E98514-SegmentedRaftLog:OPENED:c-1, conf=-1: peers:[s0|rpc:localhost:35239|admin:localhost:45707|client:localhost:44363|dataStream:localhost:36883|priority:0|startupRole:FOLLOWER, s1|rpc:localhost:38483|admin:localhost:33411|client:localhost:40123|dataStream:localhost:40017|priority:0|startupRole:FOLLOWER, s2|rpc:localhost:43829|admin:localhost:42157|client:localhost:34405|dataStream:localhost:34339|priority:0|startupRole:FOLLOWER]|listeners:[], old=null RUNNING, sleep 450ms and then retry.
java.lang.IllegalStateException: No leader yet : printing ALL groups
  s0:  RUNNING  FOLLOWER s0@group-124FD5E98514:t0, leader=null, voted=, raftlog=Memoized:s0@group-124FD5E98514-SegmentedRaftLog:OPENED:c-1, conf=-1: peers:[s0|rpc:localhost:35239|admin:localhost:45707|client:localhost:44363|dataStream:localhost:36883|priority:0|startupRole:FOLLOWER, s1|rpc:localhost:38483|admin:localhost:33411|client:localhost:40123|dataStream:localhost:40017|priority:0|startupRole:FOLLOWER, s2|rpc:localhost:43829|admin:localhost:42157|client:localhost:34405|dataStream:localhost:34339|priority:0|startupRole:FOLLOWER]|listeners:[], old=null RUNNING
  s1:  RUNNING  FOLLOWER s1@group-124FD5E98514:t0, leader=null, voted=, raftlog=Memoized:s1@group-124FD5E98514-SegmentedRaftLog:OPENED:c-1, conf=-1: peers:[s0|rpc:localhost:35239|admin:localhost:45707|client:localhost:44363|dataStream:localhost:36883|priority:0|startupRole:FOLLOWER, s1|rpc:localhost:38483|admin:localhost:33411|client:localhost:40123|dataStream:localhost:40017|priority:0|startupRole:FOLLOWER, s2|rpc:localhost:43829|admin:localhost:42157|client:localhost:34405|dataStream:localhost:34339|priority:0|startupRole:FOLLOWER]|listeners:[], old=null RUNNING
  s2:  RUNNING  FOLLOWER s2@group-124FD5E98514:t0, leader=null, voted=, raftlog=Memoized:s2@group-124FD5E98514-SegmentedRaftLog:OPENED:c-1, conf=-1: peers:[s0|rpc:localhost:35239|admin:localhost:45707|client:localhost:44363|dataStream:localhost:36883|priority:0|startupRole:FOLLOWER, s1|rpc:localhost:38483|admin:localhost:33411|client:localhost:40123|dataStream:localhost:40017|priority:0|startupRole:FOLLOWER, s2|rpc:localhost:43829|admin:localhost:42157|client:localhost:34405|dataStream:localhost:34339|priority:0|startupRole:FOLLOWER]|listeners:[], old=null RUNNING
	at org.apache.ratis.server.impl.MiniRaftCluster.newIllegalStateExceptionForNoLeaders(MiniRaftCluster.java:579)
	at org.apache.ratis.RaftTestUtil.lambda$waitForLeader$1(RaftTestUtil.java:104)
	at org.apache.ratis.server.impl.MiniRaftCluster.getLeader(MiniRaftCluster.java:613)
	at org.apache.ratis.server.impl.MiniRaftCluster.getLeader(MiniRaftCluster.java:606)
	at org.apache.ratis.RaftTestUtil.lambda$waitForLeader$3(RaftTestUtil.java:112)
	at org.apache.ratis.util.JavaUtils.attempt(JavaUtils.java:211)
	at org.apache.ratis.util.JavaUtils.attemptRepeatedly(JavaUtils.java:197)
	at org.apache.ratis.RaftTestUtil.waitForLeader(RaftTestUtil.java:111)
	at org.apache.ratis.RaftTestUtil.waitForLeader(RaftTestUtil.java:92)
	at org.apache.ratis.RaftTestUtil.waitForLeader(RaftTestUtil.java:87)
	at org.apache.ratis.grpc.TestRaftServerWithGrpc.testRaftClientRequestMetrics(TestRaftServerWithGrpc.java:305)
	at org.apache.ratis.server.impl.MiniRaftCluster$Factory$Get.runWithNewCluster(MiniRaftCluster.java:139)
	at org.apache.ratis.server.impl.MiniRaftCluster$Factory$Get.runWithNewCluster(MiniRaftCluster.java:119)
	at org.apache.ratis.grpc.TestRaftServerWithGrpc.testRaftClientMetrics(TestRaftServerWithGrpc.java:216)
	at java.base/jdk.internal.reflect.NativeMethodAccessorImpl.invoke0(Native Method)
	at java.base/jdk.internal.reflect.NativeMethodAccessorImpl.invoke(NativeMethodAccessorImpl.java:62)
	at java.base/jdk.internal.reflect.DelegatingMethodAccessorImpl.invoke(DelegatingMethodAccessorImpl.java:43)
	at java.base/java.lang.reflect.Method.invoke(Method.java:566)
	at org.junit.runners.model.FrameworkMethod$1.runReflectiveCall(FrameworkMethod.java:59)
	at org.junit.internal.runners.model.ReflectiveCallable.run(ReflectiveCallable.java:12)
	at org.junit.runners.model.FrameworkMethod.invokeExplosively(FrameworkMethod.java:56)
	at org.junit.internal.runners.statements.InvokeMethod.evaluate(InvokeMethod.java:17)
	at org.junit.internal.runners.statements.RunBefores.evaluate(RunBefores.java:26)
	at org.junit.internal.runners.statements.RunAfters.evaluate(RunAfters.java:27)
	at org.junit.internal.runners.statements.FailOnTimeout$CallableStatement.call(FailOnTimeout.java:299)
	at org.junit.internal.runners.statements.FailOnTimeout$CallableStatement.call(FailOnTimeout.java:293)
	at java.base/java.util.concurrent.FutureTask.run(FutureTask.java:264)
	at java.base/java.lang.Thread.run(Thread.java:829)
2022-08-31 10:00:35,820 [s0@group-124FD5E98514-FollowerState] INFO  impl.FollowerState (FollowerState.java:run(143)) - s0@group-124FD5E98514-FollowerState: change to CANDIDATE, lastRpcElapsedTime:259631113ns, electionTimeout:242ms
2022-08-31 10:00:35,821 [s0@group-124FD5E98514-FollowerState] INFO  impl.RoleInfo (RoleInfo.java:shutdownFollowerState(110)) - s0: shutdown s0@group-124FD5E98514-FollowerState
2022-08-31 10:00:35,821 [s0@group-124FD5E98514-FollowerState] INFO  server.RaftServer$Division (RaftServerImpl.java:setRole(315)) - s0@group-124FD5E98514: changes role from  FOLLOWER to CANDIDATE at term 0 for changeToCandidate
2022-08-31 10:00:35,823 [s0@group-124FD5E98514-FollowerState] INFO  server.RaftServerConfigKeys (ConfUtils.java:logGet(46)) - raft.server.leaderelection.pre-vote = true (default)
2022-08-31 10:00:35,823 [s0@group-124FD5E98514-FollowerState] INFO  impl.RoleInfo (RoleInfo.java:updateAndGet(139)) - s0: start s0@group-124FD5E98514-LeaderElection1
2022-08-31 10:00:35,825 [s0@group-124FD5E98514-LeaderElection1] INFO  impl.LeaderElection (LeaderElection.java:askForVotes(310)) - s0@group-124FD5E98514-LeaderElection1 PRE_VOTE round 0: submit vote requests at term 0 for -1: peers:[s0|rpc:localhost:35239|admin:localhost:45707|client:localhost:44363|dataStream:localhost:36883|priority:0|startupRole:FOLLOWER, s1|rpc:localhost:38483|admin:localhost:33411|client:localhost:40123|dataStream:localhost:40017|priority:0|startupRole:FOLLOWER, s2|rpc:localhost:43829|admin:localhost:42157|client:localhost:34405|dataStream:localhost:34339|priority:0|startupRole:FOLLOWER]|listeners:[], old=null
2022-08-31 10:00:35,840 [s0@group-124FD5E98514-LeaderElection1] INFO  server.RaftServerConfigKeys (ConfUtils.java:logFallback(53)) - raft.server.rpc.first-election.timeout.min = 150ms (fallback to raft.server.rpc.timeout.min)
2022-08-31 10:00:35,840 [s0@group-124FD5E98514-LeaderElection1] INFO  server.RaftServerConfigKeys (ConfUtils.java:logFallback(53)) - raft.server.rpc.first-election.timeout.max = 300ms (fallback to raft.server.rpc.timeout.max)
2022-08-31 10:00:35,841 [s0@group-124FD5E98514-LeaderElection1-1] INFO  server.GrpcServerProtocolClient (GrpcServerProtocolClient.java:<init>(63)) - Build channel for s1
2022-08-31 10:00:35,842 [s0@group-124FD5E98514-LeaderElection1-2] INFO  server.GrpcServerProtocolClient (GrpcServerProtocolClient.java:<init>(63)) - Build channel for s2
2022-08-31 10:00:35,871 [s2@group-124FD5E98514-FollowerState] INFO  impl.FollowerState (FollowerState.java:run(143)) - s2@group-124FD5E98514-FollowerState: change to CANDIDATE, lastRpcElapsedTime:189118075ns, electionTimeout:181ms
2022-08-31 10:00:35,874 [s2@group-124FD5E98514-FollowerState] INFO  impl.RoleInfo (RoleInfo.java:shutdownFollowerState(110)) - s2: shutdown s2@group-124FD5E98514-FollowerState
2022-08-31 10:00:35,875 [s2@group-124FD5E98514-FollowerState] INFO  server.RaftServer$Division (RaftServerImpl.java:setRole(315)) - s2@group-124FD5E98514: changes role from  FOLLOWER to CANDIDATE at term 0 for changeToCandidate
2022-08-31 10:00:35,875 [s2@group-124FD5E98514-FollowerState] INFO  server.RaftServerConfigKeys (ConfUtils.java:logGet(46)) - raft.server.leaderelection.pre-vote = true (default)
2022-08-31 10:00:35,875 [s2@group-124FD5E98514-FollowerState] INFO  impl.RoleInfo (RoleInfo.java:updateAndGet(139)) - s2: start s2@group-124FD5E98514-LeaderElection2
2022-08-31 10:00:35,885 [s2@group-124FD5E98514-LeaderElection2] INFO  impl.LeaderElection (LeaderElection.java:askForVotes(310)) - s2@group-124FD5E98514-LeaderElection2 PRE_VOTE round 0: submit vote requests at term 0 for -1: peers:[s0|rpc:localhost:35239|admin:localhost:45707|client:localhost:44363|dataStream:localhost:36883|priority:0|startupRole:FOLLOWER, s1|rpc:localhost:38483|admin:localhost:33411|client:localhost:40123|dataStream:localhost:40017|priority:0|startupRole:FOLLOWER, s2|rpc:localhost:43829|admin:localhost:42157|client:localhost:34405|dataStream:localhost:34339|priority:0|startupRole:FOLLOWER]|listeners:[], old=null
2022-08-31 10:00:35,886 [s2@group-124FD5E98514-LeaderElection2] INFO  server.RaftServerConfigKeys (ConfUtils.java:logFallback(53)) - raft.server.rpc.first-election.timeout.min = 150ms (fallback to raft.server.rpc.timeout.min)
2022-08-31 10:00:35,886 [s2@group-124FD5E98514-LeaderElection2] INFO  server.RaftServerConfigKeys (ConfUtils.java:logFallback(53)) - raft.server.rpc.first-election.timeout.max = 300ms (fallback to raft.server.rpc.timeout.max)
2022-08-31 10:00:35,887 [s2@group-124FD5E98514-LeaderElection2-1] INFO  server.GrpcServerProtocolClient (GrpcServerProtocolClient.java:<init>(63)) - Build channel for s0
2022-08-31 10:00:35,896 [s2@group-124FD5E98514-LeaderElection2-2] INFO  server.GrpcServerProtocolClient (GrpcServerProtocolClient.java:<init>(63)) - Build channel for s1
2022-08-31 10:00:35,916 [s1@group-124FD5E98514-FollowerState] INFO  impl.FollowerState (FollowerState.java:run(143)) - s1@group-124FD5E98514-FollowerState: change to CANDIDATE, lastRpcElapsedTime:261006222ns, electionTimeout:249ms
2022-08-31 10:00:35,917 [s1@group-124FD5E98514-FollowerState] INFO  impl.RoleInfo (RoleInfo.java:shutdownFollowerState(110)) - s1: shutdown s1@group-124FD5E98514-FollowerState
2022-08-31 10:00:35,917 [s1@group-124FD5E98514-FollowerState] INFO  server.RaftServer$Division (RaftServerImpl.java:setRole(315)) - s1@group-124FD5E98514: changes role from  FOLLOWER to CANDIDATE at term 0 for changeToCandidate
2022-08-31 10:00:35,917 [s1@group-124FD5E98514-FollowerState] INFO  server.RaftServerConfigKeys (ConfUtils.java:logGet(46)) - raft.server.leaderelection.pre-vote = true (default)
2022-08-31 10:00:35,917 [s1@group-124FD5E98514-FollowerState] INFO  impl.RoleInfo (RoleInfo.java:updateAndGet(139)) - s1: start s1@group-124FD5E98514-LeaderElection3
2022-08-31 10:00:35,934 [s1@group-124FD5E98514-LeaderElection3] INFO  impl.LeaderElection (LeaderElection.java:askForVotes(310)) - s1@group-124FD5E98514-LeaderElection3 PRE_VOTE round 0: submit vote requests at term 0 for -1: peers:[s0|rpc:localhost:35239|admin:localhost:45707|client:localhost:44363|dataStream:localhost:36883|priority:0|startupRole:FOLLOWER, s1|rpc:localhost:38483|admin:localhost:33411|client:localhost:40123|dataStream:localhost:40017|priority:0|startupRole:FOLLOWER, s2|rpc:localhost:43829|admin:localhost:42157|client:localhost:34405|dataStream:localhost:34339|priority:0|startupRole:FOLLOWER]|listeners:[], old=null
2022-08-31 10:00:35,949 [s1@group-124FD5E98514-LeaderElection3-1] INFO  server.GrpcServerProtocolClient (GrpcServerProtocolClient.java:<init>(63)) - Build channel for s0
2022-08-31 10:00:35,954 [s1@group-124FD5E98514-LeaderElection3] INFO  server.RaftServerConfigKeys (ConfUtils.java:logFallback(53)) - raft.server.rpc.first-election.timeout.min = 150ms (fallback to raft.server.rpc.timeout.min)
2022-08-31 10:00:35,957 [s1@group-124FD5E98514-LeaderElection3] INFO  server.RaftServerConfigKeys (ConfUtils.java:logFallback(53)) - raft.server.rpc.first-election.timeout.max = 300ms (fallback to raft.server.rpc.timeout.max)
2022-08-31 10:00:35,959 [s1@group-124FD5E98514-LeaderElection3-2] INFO  server.GrpcServerProtocolClient (GrpcServerProtocolClient.java:<init>(63)) - Build channel for s2
2022-08-31 10:00:36,041 [s0@group-124FD5E98514-LeaderElection1] INFO  impl.LeaderElection (LeaderElection.java:logAndReturn(90)) - s0@group-124FD5E98514-LeaderElection1: PRE_VOTE TIMEOUT received 0 response(s) and 0 exception(s):
2022-08-31 10:00:36,042 [s0@group-124FD5E98514-LeaderElection1] INFO  impl.LeaderElection (LeaderElection.java:askForVotes(312)) - s0@group-124FD5E98514-LeaderElection1 PRE_VOTE round 0: result TIMEOUT
2022-08-31 10:00:36,042 [s0@group-124FD5E98514-LeaderElection1] INFO  impl.LeaderElection (LeaderElection.java:askForVotes(310)) - s0@group-124FD5E98514-LeaderElection1 PRE_VOTE round 1: submit vote requests at term 0 for -1: peers:[s0|rpc:localhost:35239|admin:localhost:45707|client:localhost:44363|dataStream:localhost:36883|priority:0|startupRole:FOLLOWER, s1|rpc:localhost:38483|admin:localhost:33411|client:localhost:40123|dataStream:localhost:40017|priority:0|startupRole:FOLLOWER, s2|rpc:localhost:43829|admin:localhost:42157|client:localhost:34405|dataStream:localhost:34339|priority:0|startupRole:FOLLOWER]|listeners:[], old=null
2022-08-31 10:00:36,043 [s0@group-124FD5E98514-LeaderElection1] INFO  server.RaftServerConfigKeys (ConfUtils.java:logFallback(53)) - raft.server.rpc.first-election.timeout.min = 150ms (fallback to raft.server.rpc.timeout.min)
2022-08-31 10:00:36,043 [s0@group-124FD5E98514-LeaderElection1] INFO  server.RaftServerConfigKeys (ConfUtils.java:logFallback(53)) - raft.server.rpc.first-election.timeout.max = 300ms (fallback to raft.server.rpc.timeout.max)
2022-08-31 10:00:36,130 [s1@group-124FD5E98514-LeaderElection3] INFO  impl.LeaderElection (LeaderElection.java:logAndReturn(90)) - s1@group-124FD5E98514-LeaderElection3: PRE_VOTE TIMEOUT received 0 response(s) and 0 exception(s):
2022-08-31 10:00:36,133 [s1@group-124FD5E98514-LeaderElection3] INFO  impl.LeaderElection (LeaderElection.java:askForVotes(312)) - s1@group-124FD5E98514-LeaderElection3 PRE_VOTE round 0: result TIMEOUT
2022-08-31 10:00:36,133 [s1@group-124FD5E98514-LeaderElection3] INFO  impl.LeaderElection (LeaderElection.java:askForVotes(310)) - s1@group-124FD5E98514-LeaderElection3 PRE_VOTE round 1: submit vote requests at term 0 for -1: peers:[s0|rpc:localhost:35239|admin:localhost:45707|client:localhost:44363|dataStream:localhost:36883|priority:0|startupRole:FOLLOWER, s1|rpc:localhost:38483|admin:localhost:33411|client:localhost:40123|dataStream:localhost:40017|priority:0|startupRole:FOLLOWER, s2|rpc:localhost:43829|admin:localhost:42157|client:localhost:34405|dataStream:localhost:34339|priority:0|startupRole:FOLLOWER]|listeners:[], old=null
2022-08-31 10:00:36,135 [s1@group-124FD5E98514-LeaderElection3] INFO  server.RaftServerConfigKeys (ConfUtils.java:logFallback(53)) - raft.server.rpc.first-election.timeout.min = 150ms (fallback to raft.server.rpc.timeout.min)
2022-08-31 10:00:36,135 [s1@group-124FD5E98514-LeaderElection3] INFO  server.RaftServerConfigKeys (ConfUtils.java:logFallback(53)) - raft.server.rpc.first-election.timeout.max = 300ms (fallback to raft.server.rpc.timeout.max)
2022-08-31 10:00:36,142 [s2@group-124FD5E98514-LeaderElection2] INFO  impl.LeaderElection (LeaderElection.java:logAndReturn(90)) - s2@group-124FD5E98514-LeaderElection2: PRE_VOTE TIMEOUT received 0 response(s) and 0 exception(s):
2022-08-31 10:00:36,143 [s2@group-124FD5E98514-LeaderElection2] INFO  impl.LeaderElection (LeaderElection.java:askForVotes(312)) - s2@group-124FD5E98514-LeaderElection2 PRE_VOTE round 0: result TIMEOUT
2022-08-31 10:00:36,143 [s2@group-124FD5E98514-LeaderElection2] INFO  impl.LeaderElection (LeaderElection.java:askForVotes(310)) - s2@group-124FD5E98514-LeaderElection2 PRE_VOTE round 1: submit vote requests at term 0 for -1: peers:[s0|rpc:localhost:35239|admin:localhost:45707|client:localhost:44363|dataStream:localhost:36883|priority:0|startupRole:FOLLOWER, s1|rpc:localhost:38483|admin:localhost:33411|client:localhost:40123|dataStream:localhost:40017|priority:0|startupRole:FOLLOWER, s2|rpc:localhost:43829|admin:localhost:42157|client:localhost:34405|dataStream:localhost:34339|priority:0|startupRole:FOLLOWER]|listeners:[], old=null
2022-08-31 10:00:36,150 [s2@group-124FD5E98514-LeaderElection2] INFO  server.RaftServerConfigKeys (ConfUtils.java:logFallback(53)) - raft.server.rpc.first-election.timeout.min = 150ms (fallback to raft.server.rpc.timeout.min)
2022-08-31 10:00:36,150 [s2@group-124FD5E98514-LeaderElection2] INFO  server.RaftServerConfigKeys (ConfUtils.java:logFallback(53)) - raft.server.rpc.first-election.timeout.max = 300ms (fallback to raft.server.rpc.timeout.max)
2022-08-31 10:00:36,163 [Time-limited test] WARN  ratis.RaftTestUtil (JavaUtils.java:attempt(217)) - FAILED "waitForLeader-null-(expectLeader? true)", attempt #2/100: java.lang.IllegalStateException: No leader yet : printing ALL groups
  s0:  RUNNING CANDIDATE s0@group-124FD5E98514:t0, leader=null, voted=, raftlog=Memoized:s0@group-124FD5E98514-SegmentedRaftLog:OPENED:c-1, conf=-1: peers:[s0|rpc:localhost:35239|admin:localhost:45707|client:localhost:44363|dataStream:localhost:36883|priority:0|startupRole:FOLLOWER, s1|rpc:localhost:38483|admin:localhost:33411|client:localhost:40123|dataStream:localhost:40017|priority:0|startupRole:FOLLOWER, s2|rpc:localhost:43829|admin:localhost:42157|client:localhost:34405|dataStream:localhost:34339|priority:0|startupRole:FOLLOWER]|listeners:[], old=null RUNNING
  s1:  RUNNING CANDIDATE s1@group-124FD5E98514:t0, leader=null, voted=, raftlog=Memoized:s1@group-124FD5E98514-SegmentedRaftLog:OPENED:c-1, conf=-1: peers:[s0|rpc:localhost:35239|admin:localhost:45707|client:localhost:44363|dataStream:localhost:36883|priority:0|startupRole:FOLLOWER, s1|rpc:localhost:38483|admin:localhost:33411|client:localhost:40123|dataStream:localhost:40017|priority:0|startupRole:FOLLOWER, s2|rpc:localhost:43829|admin:localhost:42157|client:localhost:34405|dataStream:localhost:34339|priority:0|startupRole:FOLLOWER]|listeners:[], old=null RUNNING
  s2:  RUNNING CANDIDATE s2@group-124FD5E98514:t0, leader=null, voted=, raftlog=Memoized:s2@group-124FD5E98514-SegmentedRaftLog:OPENED:c-1, conf=-1: peers:[s0|rpc:localhost:35239|admin:localhost:45707|client:localhost:44363|dataStream:localhost:36883|priority:0|startupRole:FOLLOWER, s1|rpc:localhost:38483|admin:localhost:33411|client:localhost:40123|dataStream:localhost:40017|priority:0|startupRole:FOLLOWER, s2|rpc:localhost:43829|admin:localhost:42157|client:localhost:34405|dataStream:localhost:34339|priority:0|startupRole:FOLLOWER]|listeners:[], old=null RUNNING, sleep 450ms and then retry.
java.lang.IllegalStateException: No leader yet : printing ALL groups
  s0:  RUNNING CANDIDATE s0@group-124FD5E98514:t0, leader=null, voted=, raftlog=Memoized:s0@group-124FD5E98514-SegmentedRaftLog:OPENED:c-1, conf=-1: peers:[s0|rpc:localhost:35239|admin:localhost:45707|client:localhost:44363|dataStream:localhost:36883|priority:0|startupRole:FOLLOWER, s1|rpc:localhost:38483|admin:localhost:33411|client:localhost:40123|dataStream:localhost:40017|priority:0|startupRole:FOLLOWER, s2|rpc:localhost:43829|admin:localhost:42157|client:localhost:34405|dataStream:localhost:34339|priority:0|startupRole:FOLLOWER]|listeners:[], old=null RUNNING
  s1:  RUNNING CANDIDATE s1@group-124FD5E98514:t0, leader=null, voted=, raftlog=Memoized:s1@group-124FD5E98514-SegmentedRaftLog:OPENED:c-1, conf=-1: peers:[s0|rpc:localhost:35239|admin:localhost:45707|client:localhost:44363|dataStream:localhost:36883|priority:0|startupRole:FOLLOWER, s1|rpc:localhost:38483|admin:localhost:33411|client:localhost:40123|dataStream:localhost:40017|priority:0|startupRole:FOLLOWER, s2|rpc:localhost:43829|admin:localhost:42157|client:localhost:34405|dataStream:localhost:34339|priority:0|startupRole:FOLLOWER]|listeners:[], old=null RUNNING
  s2:  RUNNING CANDIDATE s2@group-124FD5E98514:t0, leader=null, voted=, raftlog=Memoized:s2@group-124FD5E98514-SegmentedRaftLog:OPENED:c-1, conf=-1: peers:[s0|rpc:localhost:35239|admin:localhost:45707|client:localhost:44363|dataStream:localhost:36883|priority:0|startupRole:FOLLOWER, s1|rpc:localhost:38483|admin:localhost:33411|client:localhost:40123|dataStream:localhost:40017|priority:0|startupRole:FOLLOWER, s2|rpc:localhost:43829|admin:localhost:42157|client:localhost:34405|dataStream:localhost:34339|priority:0|startupRole:FOLLOWER]|listeners:[], old=null RUNNING
	at org.apache.ratis.server.impl.MiniRaftCluster.newIllegalStateExceptionForNoLeaders(MiniRaftCluster.java:579)
	at org.apache.ratis.RaftTestUtil.lambda$waitForLeader$1(RaftTestUtil.java:104)
	at org.apache.ratis.server.impl.MiniRaftCluster.getLeader(MiniRaftCluster.java:613)
	at org.apache.ratis.server.impl.MiniRaftCluster.getLeader(MiniRaftCluster.java:606)
	at org.apache.ratis.RaftTestUtil.lambda$waitForLeader$3(RaftTestUtil.java:112)
	at org.apache.ratis.util.JavaUtils.attempt(JavaUtils.java:211)
	at org.apache.ratis.util.JavaUtils.attemptRepeatedly(JavaUtils.java:197)
	at org.apache.ratis.RaftTestUtil.waitForLeader(RaftTestUtil.java:111)
	at org.apache.ratis.RaftTestUtil.waitForLeader(RaftTestUtil.java:92)
	at org.apache.ratis.RaftTestUtil.waitForLeader(RaftTestUtil.java:87)
	at org.apache.ratis.grpc.TestRaftServerWithGrpc.testRaftClientRequestMetrics(TestRaftServerWithGrpc.java:305)
	at org.apache.ratis.server.impl.MiniRaftCluster$Factory$Get.runWithNewCluster(MiniRaftCluster.java:139)
	at org.apache.ratis.server.impl.MiniRaftCluster$Factory$Get.runWithNewCluster(MiniRaftCluster.java:119)
	at org.apache.ratis.grpc.TestRaftServerWithGrpc.testRaftClientMetrics(TestRaftServerWithGrpc.java:216)
	at java.base/jdk.internal.reflect.NativeMethodAccessorImpl.invoke0(Native Method)
	at java.base/jdk.internal.reflect.NativeMethodAccessorImpl.invoke(NativeMethodAccessorImpl.java:62)
	at java.base/jdk.internal.reflect.DelegatingMethodAccessorImpl.invoke(DelegatingMethodAccessorImpl.java:43)
	at java.base/java.lang.reflect.Method.invoke(Method.java:566)
	at org.junit.runners.model.FrameworkMethod$1.runReflectiveCall(FrameworkMethod.java:59)
	at org.junit.internal.runners.model.ReflectiveCallable.run(ReflectiveCallable.java:12)
	at org.junit.runners.model.FrameworkMethod.invokeExplosively(FrameworkMethod.java:56)
	at org.junit.internal.runners.statements.InvokeMethod.evaluate(InvokeMethod.java:17)
	at org.junit.internal.runners.statements.RunBefores.evaluate(RunBefores.java:26)
	at org.junit.internal.runners.statements.RunAfters.evaluate(RunAfters.java:27)
	at org.junit.internal.runners.statements.FailOnTimeout$CallableStatement.call(FailOnTimeout.java:299)
	at org.junit.internal.runners.statements.FailOnTimeout$CallableStatement.call(FailOnTimeout.java:293)
	at java.base/java.util.concurrent.FutureTask.run(FutureTask.java:264)
	at java.base/java.lang.Thread.run(Thread.java:829)
2022-08-31 10:00:36,191 [grpc-default-executor-0] INFO  server.RaftServer$Division (RaftServerImpl.java:requestVote(1212)) - s1@group-124FD5E98514: receive requestVote(PRE_VOTE, s0, group-124FD5E98514, 0, (t:0, i:0))
2022-08-31 10:00:36,192 [grpc-default-executor-0] INFO  impl.VoteContext (VoteContext.java:log(48)) - s1@group-124FD5E98514-CANDIDATE: accept PRE_VOTE from s0: our priority 0 <= candidate's priority 0
2022-08-31 10:00:36,196 [grpc-default-executor-0] INFO  server.RaftServer$Division (RaftServerImpl.java:requestVote(1245)) - s1@group-124FD5E98514 replies to PRE_VOTE vote request: s0<-s1#0:OK-t0. Peer's state: s1@group-124FD5E98514:t0, leader=null, voted=, raftlog=Memoized:s1@group-124FD5E98514-SegmentedRaftLog:OPENED:c-1, conf=-1: peers:[s0|rpc:localhost:35239|admin:localhost:45707|client:localhost:44363|dataStream:localhost:36883|priority:0|startupRole:FOLLOWER, s1|rpc:localhost:38483|admin:localhost:33411|client:localhost:40123|dataStream:localhost:40017|priority:0|startupRole:FOLLOWER, s2|rpc:localhost:43829|admin:localhost:42157|client:localhost:34405|dataStream:localhost:34339|priority:0|startupRole:FOLLOWER]|listeners:[], old=null
2022-08-31 10:00:36,197 [grpc-default-executor-2] INFO  server.RaftServer$Division (RaftServerImpl.java:requestVote(1212)) - s2@group-124FD5E98514: receive requestVote(PRE_VOTE, s0, group-124FD5E98514, 0, (t:0, i:0))
2022-08-31 10:00:36,199 [grpc-default-executor-3] INFO  server.RaftServer$Division (RaftServerImpl.java:requestVote(1212)) - s1@group-124FD5E98514: receive requestVote(PRE_VOTE, s0, group-124FD5E98514, 0, (t:0, i:0))
2022-08-31 10:00:36,206 [grpc-default-executor-3] INFO  impl.VoteContext (VoteContext.java:log(48)) - s1@group-124FD5E98514-CANDIDATE: accept PRE_VOTE from s0: our priority 0 <= candidate's priority 0
2022-08-31 10:00:36,207 [grpc-default-executor-3] INFO  server.RaftServer$Division (RaftServerImpl.java:requestVote(1245)) - s1@group-124FD5E98514 replies to PRE_VOTE vote request: s0<-s1#0:OK-t0. Peer's state: s1@group-124FD5E98514:t0, leader=null, voted=, raftlog=Memoized:s1@group-124FD5E98514-SegmentedRaftLog:OPENED:c-1, conf=-1: peers:[s0|rpc:localhost:35239|admin:localhost:45707|client:localhost:44363|dataStream:localhost:36883|priority:0|startupRole:FOLLOWER, s1|rpc:localhost:38483|admin:localhost:33411|client:localhost:40123|dataStream:localhost:40017|priority:0|startupRole:FOLLOWER, s2|rpc:localhost:43829|admin:localhost:42157|client:localhost:34405|dataStream:localhost:34339|priority:0|startupRole:FOLLOWER]|listeners:[], old=null
2022-08-31 10:00:36,199 [grpc-default-executor-2] INFO  impl.VoteContext (VoteContext.java:log(48)) - s2@group-124FD5E98514-CANDIDATE: accept PRE_VOTE from s0: our priority 0 <= candidate's priority 0
2022-08-31 10:00:36,199 [grpc-default-executor-4] INFO  server.RaftServer$Division (RaftServerImpl.java:requestVote(1212)) - s2@group-124FD5E98514: receive requestVote(PRE_VOTE, s0, group-124FD5E98514, 0, (t:0, i:0))
2022-08-31 10:00:36,210 [grpc-default-executor-2] INFO  server.RaftServer$Division (RaftServerImpl.java:requestVote(1245)) - s2@group-124FD5E98514 replies to PRE_VOTE vote request: s0<-s2#0:OK-t0. Peer's state: s2@group-124FD5E98514:t0, leader=null, voted=, raftlog=Memoized:s2@group-124FD5E98514-SegmentedRaftLog:OPENED:c-1, conf=-1: peers:[s0|rpc:localhost:35239|admin:localhost:45707|client:localhost:44363|dataStream:localhost:36883|priority:0|startupRole:FOLLOWER, s1|rpc:localhost:38483|admin:localhost:33411|client:localhost:40123|dataStream:localhost:40017|priority:0|startupRole:FOLLOWER, s2|rpc:localhost:43829|admin:localhost:42157|client:localhost:34405|dataStream:localhost:34339|priority:0|startupRole:FOLLOWER]|listeners:[], old=null
2022-08-31 10:00:36,212 [grpc-default-executor-4] INFO  impl.VoteContext (VoteContext.java:log(48)) - s2@group-124FD5E98514-CANDIDATE: accept PRE_VOTE from s0: our priority 0 <= candidate's priority 0
2022-08-31 10:00:36,212 [grpc-default-executor-4] INFO  server.RaftServer$Division (RaftServerImpl.java:requestVote(1245)) - s2@group-124FD5E98514 replies to PRE_VOTE vote request: s0<-s2#0:OK-t0. Peer's state: s2@group-124FD5E98514:t0, leader=null, voted=, raftlog=Memoized:s2@group-124FD5E98514-SegmentedRaftLog:OPENED:c-1, conf=-1: peers:[s0|rpc:localhost:35239|admin:localhost:45707|client:localhost:44363|dataStream:localhost:36883|priority:0|startupRole:FOLLOWER, s1|rpc:localhost:38483|admin:localhost:33411|client:localhost:40123|dataStream:localhost:40017|priority:0|startupRole:FOLLOWER, s2|rpc:localhost:43829|admin:localhost:42157|client:localhost:34405|dataStream:localhost:34339|priority:0|startupRole:FOLLOWER]|listeners:[], old=null
2022-08-31 10:00:36,210 [grpc-default-executor-1] INFO  server.RaftServer$Division (RaftServerImpl.java:requestVote(1212)) - s0@group-124FD5E98514: receive requestVote(PRE_VOTE, s1, group-124FD5E98514, 0, (t:0, i:0))
2022-08-31 10:00:36,213 [grpc-default-executor-1] INFO  impl.VoteContext (VoteContext.java:log(48)) - s0@group-124FD5E98514-CANDIDATE: accept PRE_VOTE from s1: our priority 0 <= candidate's priority 0
2022-08-31 10:00:36,213 [grpc-default-executor-1] INFO  server.RaftServer$Division (RaftServerImpl.java:requestVote(1245)) - s0@group-124FD5E98514 replies to PRE_VOTE vote request: s1<-s0#0:OK-t0. Peer's state: s0@group-124FD5E98514:t0, leader=null, voted=, raftlog=Memoized:s0@group-124FD5E98514-SegmentedRaftLog:OPENED:c-1, conf=-1: peers:[s0|rpc:localhost:35239|admin:localhost:45707|client:localhost:44363|dataStream:localhost:36883|priority:0|startupRole:FOLLOWER, s1|rpc:localhost:38483|admin:localhost:33411|client:localhost:40123|dataStream:localhost:40017|priority:0|startupRole:FOLLOWER, s2|rpc:localhost:43829|admin:localhost:42157|client:localhost:34405|dataStream:localhost:34339|priority:0|startupRole:FOLLOWER]|listeners:[], old=null
2022-08-31 10:00:36,210 [grpc-default-executor-5] INFO  server.RaftServer$Division (RaftServerImpl.java:requestVote(1212)) - s0@group-124FD5E98514: receive requestVote(PRE_VOTE, s1, group-124FD5E98514, 0, (t:0, i:0))
2022-08-31 10:00:36,220 [grpc-default-executor-5] INFO  impl.VoteContext (VoteContext.java:log(48)) - s0@group-124FD5E98514-CANDIDATE: accept PRE_VOTE from s1: our priority 0 <= candidate's priority 0
2022-08-31 10:00:36,221 [grpc-default-executor-5] INFO  server.RaftServer$Division (RaftServerImpl.java:requestVote(1245)) - s0@group-124FD5E98514 replies to PRE_VOTE vote request: s1<-s0#0:OK-t0. Peer's state: s0@group-124FD5E98514:t0, leader=null, voted=, raftlog=Memoized:s0@group-124FD5E98514-SegmentedRaftLog:OPENED:c-1, conf=-1: peers:[s0|rpc:localhost:35239|admin:localhost:45707|client:localhost:44363|dataStream:localhost:36883|priority:0|startupRole:FOLLOWER, s1|rpc:localhost:38483|admin:localhost:33411|client:localhost:40123|dataStream:localhost:40017|priority:0|startupRole:FOLLOWER, s2|rpc:localhost:43829|admin:localhost:42157|client:localhost:34405|dataStream:localhost:34339|priority:0|startupRole:FOLLOWER]|listeners:[], old=null
2022-08-31 10:00:36,209 [grpc-default-executor-3] INFO  server.RaftServer$Division (RaftServerImpl.java:requestVote(1212)) - s2@group-124FD5E98514: receive requestVote(PRE_VOTE, s1, group-124FD5E98514, 0, (t:0, i:0))
2022-08-31 10:00:36,223 [grpc-default-executor-3] INFO  impl.VoteContext (VoteContext.java:log(48)) - s2@group-124FD5E98514-CANDIDATE: accept PRE_VOTE from s1: our priority 0 <= candidate's priority 0
2022-08-31 10:00:36,223 [grpc-default-executor-3] INFO  server.RaftServer$Division (RaftServerImpl.java:requestVote(1245)) - s2@group-124FD5E98514 replies to PRE_VOTE vote request: s1<-s2#0:OK-t0. Peer's state: s2@group-124FD5E98514:t0, leader=null, voted=, raftlog=Memoized:s2@group-124FD5E98514-SegmentedRaftLog:OPENED:c-1, conf=-1: peers:[s0|rpc:localhost:35239|admin:localhost:45707|client:localhost:44363|dataStream:localhost:36883|priority:0|startupRole:FOLLOWER, s1|rpc:localhost:38483|admin:localhost:33411|client:localhost:40123|dataStream:localhost:40017|priority:0|startupRole:FOLLOWER, s2|rpc:localhost:43829|admin:localhost:42157|client:localhost:34405|dataStream:localhost:34339|priority:0|startupRole:FOLLOWER]|listeners:[], old=null
2022-08-31 10:00:36,219 [grpc-default-executor-8] INFO  server.RaftServer$Division (RaftServerImpl.java:requestVote(1212)) - s0@group-124FD5E98514: receive requestVote(PRE_VOTE, s2, group-124FD5E98514, 0, (t:0, i:0))
2022-08-31 10:00:36,218 [grpc-default-executor-4] INFO  server.RaftServer$Division (RaftServerImpl.java:requestVote(1212)) - s0@group-124FD5E98514: receive requestVote(PRE_VOTE, s2, group-124FD5E98514, 0, (t:0, i:0))
2022-08-31 10:00:36,213 [grpc-default-executor-0] INFO  server.RaftServer$Division (RaftServerImpl.java:requestVote(1212)) - s1@group-124FD5E98514: receive requestVote(PRE_VOTE, s2, group-124FD5E98514, 0, (t:0, i:0))
2022-08-31 10:00:36,228 [grpc-default-executor-0] INFO  impl.VoteContext (VoteContext.java:log(48)) - s1@group-124FD5E98514-CANDIDATE: accept PRE_VOTE from s2: our priority 0 <= candidate's priority 0
2022-08-31 10:00:36,228 [grpc-default-executor-0] INFO  server.RaftServer$Division (RaftServerImpl.java:requestVote(1245)) - s1@group-124FD5E98514 replies to PRE_VOTE vote request: s2<-s1#0:OK-t0. Peer's state: s1@group-124FD5E98514:t0, leader=null, voted=, raftlog=Memoized:s1@group-124FD5E98514-SegmentedRaftLog:OPENED:c-1, conf=-1: peers:[s0|rpc:localhost:35239|admin:localhost:45707|client:localhost:44363|dataStream:localhost:36883|priority:0|startupRole:FOLLOWER, s1|rpc:localhost:38483|admin:localhost:33411|client:localhost:40123|dataStream:localhost:40017|priority:0|startupRole:FOLLOWER, s2|rpc:localhost:43829|admin:localhost:42157|client:localhost:34405|dataStream:localhost:34339|priority:0|startupRole:FOLLOWER]|listeners:[], old=null
2022-08-31 10:00:36,213 [grpc-default-executor-6] INFO  server.RaftServer$Division (RaftServerImpl.java:requestVote(1212)) - s2@group-124FD5E98514: receive requestVote(PRE_VOTE, s1, group-124FD5E98514, 0, (t:0, i:0))
2022-08-31 10:00:36,213 [grpc-default-executor-2] INFO  server.RaftServer$Division (RaftServerImpl.java:requestVote(1212)) - s1@group-124FD5E98514: receive requestVote(PRE_VOTE, s2, group-124FD5E98514, 0, (t:0, i:0))
2022-08-31 10:00:36,235 [grpc-default-executor-2] INFO  impl.VoteContext (VoteContext.java:log(48)) - s1@group-124FD5E98514-CANDIDATE: accept PRE_VOTE from s2: our priority 0 <= candidate's priority 0
2022-08-31 10:00:36,235 [grpc-default-executor-2] INFO  server.RaftServer$Division (RaftServerImpl.java:requestVote(1245)) - s1@group-124FD5E98514 replies to PRE_VOTE vote request: s2<-s1#0:OK-t0. Peer's state: s1@group-124FD5E98514:t0, leader=null, voted=, raftlog=Memoized:s1@group-124FD5E98514-SegmentedRaftLog:OPENED:c-1, conf=-1: peers:[s0|rpc:localhost:35239|admin:localhost:45707|client:localhost:44363|dataStream:localhost:36883|priority:0|startupRole:FOLLOWER, s1|rpc:localhost:38483|admin:localhost:33411|client:localhost:40123|dataStream:localhost:40017|priority:0|startupRole:FOLLOWER, s2|rpc:localhost:43829|admin:localhost:42157|client:localhost:34405|dataStream:localhost:34339|priority:0|startupRole:FOLLOWER]|listeners:[], old=null
2022-08-31 10:00:36,231 [s1@group-124FD5E98514-LeaderElection3] INFO  impl.LeaderElection (LeaderElection.java:logAndReturn(90)) - s1@group-124FD5E98514-LeaderElection3: PRE_VOTE PASSED received 1 response(s) and 0 exception(s):
2022-08-31 10:00:36,235 [s1@group-124FD5E98514-LeaderElection3] INFO  impl.LeaderElection (LeaderElection.java:logAndReturn(94)) -   Response 0: s1<-s0#0:OK-t0
2022-08-31 10:00:36,235 [s1@group-124FD5E98514-LeaderElection3] INFO  impl.LeaderElection (LeaderElection.java:askForVotes(312)) - s1@group-124FD5E98514-LeaderElection3 PRE_VOTE round 1: result PASSED
2022-08-31 10:00:36,228 [grpc-default-executor-8] INFO  impl.VoteContext (VoteContext.java:log(48)) - s0@group-124FD5E98514-CANDIDATE: accept PRE_VOTE from s2: our priority 0 <= candidate's priority 0
2022-08-31 10:00:36,237 [grpc-default-executor-6] INFO  impl.VoteContext (VoteContext.java:log(48)) - s2@group-124FD5E98514-CANDIDATE: accept PRE_VOTE from s1: our priority 0 <= candidate's priority 0
2022-08-31 10:00:36,235 [s0@group-124FD5E98514-LeaderElection1] INFO  impl.LeaderElection (LeaderElection.java:logAndReturn(90)) - s0@group-124FD5E98514-LeaderElection1: PRE_VOTE PASSED received 1 response(s) and 0 exception(s):
2022-08-31 10:00:36,239 [s0@group-124FD5E98514-LeaderElection1] INFO  impl.LeaderElection (LeaderElection.java:logAndReturn(94)) -   Response 0: s0<-s1#0:OK-t0
2022-08-31 10:00:36,239 [s0@group-124FD5E98514-LeaderElection1] INFO  impl.LeaderElection (LeaderElection.java:askForVotes(312)) - s0@group-124FD5E98514-LeaderElection1 PRE_VOTE round 1: result PASSED
2022-08-31 10:00:36,239 [s1@group-124FD5E98514-LeaderElection3] INFO  impl.LeaderElection (LeaderElection.java:askForVotes(310)) - s1@group-124FD5E98514-LeaderElection3 ELECTION round 0: submit vote requests at term 1 for -1: peers:[s0|rpc:localhost:35239|admin:localhost:45707|client:localhost:44363|dataStream:localhost:36883|priority:0|startupRole:FOLLOWER, s1|rpc:localhost:38483|admin:localhost:33411|client:localhost:40123|dataStream:localhost:40017|priority:0|startupRole:FOLLOWER, s2|rpc:localhost:43829|admin:localhost:42157|client:localhost:34405|dataStream:localhost:34339|priority:0|startupRole:FOLLOWER]|listeners:[], old=null
2022-08-31 10:00:36,238 [grpc-default-executor-8] INFO  server.RaftServer$Division (RaftServerImpl.java:requestVote(1245)) - s0@group-124FD5E98514 replies to PRE_VOTE vote request: s2<-s0#0:OK-t0. Peer's state: s0@group-124FD5E98514:t0, leader=null, voted=, raftlog=Memoized:s0@group-124FD5E98514-SegmentedRaftLog:OPENED:c-1, conf=-1: peers:[s0|rpc:localhost:35239|admin:localhost:45707|client:localhost:44363|dataStream:localhost:36883|priority:0|startupRole:FOLLOWER, s1|rpc:localhost:38483|admin:localhost:33411|client:localhost:40123|dataStream:localhost:40017|priority:0|startupRole:FOLLOWER, s2|rpc:localhost:43829|admin:localhost:42157|client:localhost:34405|dataStream:localhost:34339|priority:0|startupRole:FOLLOWER]|listeners:[], old=null
2022-08-31 10:00:36,241 [grpc-default-executor-6] INFO  server.RaftServer$Division (RaftServerImpl.java:requestVote(1245)) - s2@group-124FD5E98514 replies to PRE_VOTE vote request: s1<-s2#0:OK-t0. Peer's state: s2@group-124FD5E98514:t0, leader=null, voted=, raftlog=Memoized:s2@group-124FD5E98514-SegmentedRaftLog:OPENED:c-1, conf=-1: peers:[s0|rpc:localhost:35239|admin:localhost:45707|client:localhost:44363|dataStream:localhost:36883|priority:0|startupRole:FOLLOWER, s1|rpc:localhost:38483|admin:localhost:33411|client:localhost:40123|dataStream:localhost:40017|priority:0|startupRole:FOLLOWER, s2|rpc:localhost:43829|admin:localhost:42157|client:localhost:34405|dataStream:localhost:34339|priority:0|startupRole:FOLLOWER]|listeners:[], old=null
2022-08-31 10:00:36,240 [s2@group-124FD5E98514-LeaderElection2] INFO  impl.LeaderElection (LeaderElection.java:logAndReturn(90)) - s2@group-124FD5E98514-LeaderElection2: PRE_VOTE PASSED received 1 response(s) and 0 exception(s):
2022-08-31 10:00:36,245 [s2@group-124FD5E98514-LeaderElection2] INFO  impl.LeaderElection (LeaderElection.java:logAndReturn(94)) -   Response 0: s2<-s1#0:OK-t0
2022-08-31 10:00:36,245 [s2@group-124FD5E98514-LeaderElection2] INFO  impl.LeaderElection (LeaderElection.java:askForVotes(312)) - s2@group-124FD5E98514-LeaderElection2 PRE_VOTE round 1: result PASSED
2022-08-31 10:00:36,243 [grpc-default-executor-4] INFO  impl.VoteContext (VoteContext.java:log(48)) - s0@group-124FD5E98514-CANDIDATE: accept PRE_VOTE from s2: our priority 0 <= candidate's priority 0
2022-08-31 10:00:36,246 [grpc-default-executor-4] INFO  server.RaftServer$Division (RaftServerImpl.java:requestVote(1245)) - s0@group-124FD5E98514 replies to PRE_VOTE vote request: s2<-s0#0:OK-t1. Peer's state: s0@group-124FD5E98514:t1, leader=null, voted=s0, raftlog=Memoized:s0@group-124FD5E98514-SegmentedRaftLog:OPENED:c-1, conf=-1: peers:[s0|rpc:localhost:35239|admin:localhost:45707|client:localhost:44363|dataStream:localhost:36883|priority:0|startupRole:FOLLOWER, s1|rpc:localhost:38483|admin:localhost:33411|client:localhost:40123|dataStream:localhost:40017|priority:0|startupRole:FOLLOWER, s2|rpc:localhost:43829|admin:localhost:42157|client:localhost:34405|dataStream:localhost:34339|priority:0|startupRole:FOLLOWER]|listeners:[], old=null
2022-08-31 10:00:36,243 [s0@group-124FD5E98514-LeaderElection1] INFO  impl.LeaderElection (LeaderElection.java:askForVotes(310)) - s0@group-124FD5E98514-LeaderElection1 ELECTION round 0: submit vote requests at term 1 for -1: peers:[s0|rpc:localhost:35239|admin:localhost:45707|client:localhost:44363|dataStream:localhost:36883|priority:0|startupRole:FOLLOWER, s1|rpc:localhost:38483|admin:localhost:33411|client:localhost:40123|dataStream:localhost:40017|priority:0|startupRole:FOLLOWER, s2|rpc:localhost:43829|admin:localhost:42157|client:localhost:34405|dataStream:localhost:34339|priority:0|startupRole:FOLLOWER]|listeners:[], old=null
2022-08-31 10:00:36,242 [s1@group-124FD5E98514-LeaderElection3] INFO  server.RaftServerConfigKeys (ConfUtils.java:logFallback(53)) - raft.server.rpc.first-election.timeout.min = 150ms (fallback to raft.server.rpc.timeout.min)
2022-08-31 10:00:36,250 [s1@group-124FD5E98514-LeaderElection3] INFO  server.RaftServerConfigKeys (ConfUtils.java:logFallback(53)) - raft.server.rpc.first-election.timeout.max = 300ms (fallback to raft.server.rpc.timeout.max)
2022-08-31 10:00:36,247 [s0@group-124FD5E98514-LeaderElection1] INFO  server.RaftServerConfigKeys (ConfUtils.java:logFallback(53)) - raft.server.rpc.first-election.timeout.min = 150ms (fallback to raft.server.rpc.timeout.min)
2022-08-31 10:00:36,252 [s0@group-124FD5E98514-LeaderElection1] INFO  server.RaftServerConfigKeys (ConfUtils.java:logFallback(53)) - raft.server.rpc.first-election.timeout.max = 300ms (fallback to raft.server.rpc.timeout.max)
2022-08-31 10:00:36,247 [s2@group-124FD5E98514-LeaderElection2] INFO  impl.LeaderElection (LeaderElection.java:askForVotes(310)) - s2@group-124FD5E98514-LeaderElection2 ELECTION round 0: submit vote requests at term 1 for -1: peers:[s0|rpc:localhost:35239|admin:localhost:45707|client:localhost:44363|dataStream:localhost:36883|priority:0|startupRole:FOLLOWER, s1|rpc:localhost:38483|admin:localhost:33411|client:localhost:40123|dataStream:localhost:40017|priority:0|startupRole:FOLLOWER, s2|rpc:localhost:43829|admin:localhost:42157|client:localhost:34405|dataStream:localhost:34339|priority:0|startupRole:FOLLOWER]|listeners:[], old=null
2022-08-31 10:00:36,253 [s2@group-124FD5E98514-LeaderElection2] INFO  server.RaftServerConfigKeys (ConfUtils.java:logFallback(53)) - raft.server.rpc.first-election.timeout.min = 150ms (fallback to raft.server.rpc.timeout.min)
2022-08-31 10:00:36,253 [s2@group-124FD5E98514-LeaderElection2] INFO  server.RaftServerConfigKeys (ConfUtils.java:logFallback(53)) - raft.server.rpc.first-election.timeout.max = 300ms (fallback to raft.server.rpc.timeout.max)
2022-08-31 10:00:36,257 [grpc-default-executor-6] INFO  server.RaftServer$Division (RaftServerImpl.java:requestVote(1212)) - s2@group-124FD5E98514: receive requestVote(ELECTION, s0, group-124FD5E98514, 1, (t:0, i:0))
2022-08-31 10:00:36,258 [grpc-default-executor-6] INFO  impl.VoteContext (VoteContext.java:log(48)) - s2@group-124FD5E98514-CANDIDATE: reject ELECTION from s0: already has voted for s2 at current term 1
2022-08-31 10:00:36,258 [grpc-default-executor-6] INFO  server.RaftServer$Division (RaftServerImpl.java:requestVote(1245)) - s2@group-124FD5E98514 replies to ELECTION vote request: s0<-s2#0:FAIL-t1. Peer's state: s2@group-124FD5E98514:t1, leader=null, voted=s2, raftlog=Memoized:s2@group-124FD5E98514-SegmentedRaftLog:OPENED:c-1, conf=-1: peers:[s0|rpc:localhost:35239|admin:localhost:45707|client:localhost:44363|dataStream:localhost:36883|priority:0|startupRole:FOLLOWER, s1|rpc:localhost:38483|admin:localhost:33411|client:localhost:40123|dataStream:localhost:40017|priority:0|startupRole:FOLLOWER, s2|rpc:localhost:43829|admin:localhost:42157|client:localhost:34405|dataStream:localhost:34339|priority:0|startupRole:FOLLOWER]|listeners:[], old=null
2022-08-31 10:00:36,262 [grpc-default-executor-4] INFO  server.RaftServer$Division (RaftServerImpl.java:requestVote(1212)) - s1@group-124FD5E98514: receive requestVote(ELECTION, s0, group-124FD5E98514, 1, (t:0, i:0))
2022-08-31 10:00:36,262 [grpc-default-executor-4] INFO  impl.VoteContext (VoteContext.java:log(48)) - s1@group-124FD5E98514-CANDIDATE: reject ELECTION from s0: already has voted for s1 at current term 1
2022-08-31 10:00:36,262 [grpc-default-executor-4] INFO  server.RaftServer$Division (RaftServerImpl.java:requestVote(1245)) - s1@group-124FD5E98514 replies to ELECTION vote request: s0<-s1#0:FAIL-t1. Peer's state: s1@group-124FD5E98514:t1, leader=null, voted=s1, raftlog=Memoized:s1@group-124FD5E98514-SegmentedRaftLog:OPENED:c-1, conf=-1: peers:[s0|rpc:localhost:35239|admin:localhost:45707|client:localhost:44363|dataStream:localhost:36883|priority:0|startupRole:FOLLOWER, s1|rpc:localhost:38483|admin:localhost:33411|client:localhost:40123|dataStream:localhost:40017|priority:0|startupRole:FOLLOWER, s2|rpc:localhost:43829|admin:localhost:42157|client:localhost:34405|dataStream:localhost:34339|priority:0|startupRole:FOLLOWER]|listeners:[], old=null
2022-08-31 10:00:36,265 [s0@group-124FD5E98514-LeaderElection1] INFO  impl.LeaderElection (LeaderElection.java:logAndReturn(90)) - s0@group-124FD5E98514-LeaderElection1: ELECTION REJECTED received 2 response(s) and 0 exception(s):
2022-08-31 10:00:36,265 [s0@group-124FD5E98514-LeaderElection1] INFO  impl.LeaderElection (LeaderElection.java:logAndReturn(94)) -   Response 0: s0<-s1#0:FAIL-t1
2022-08-31 10:00:36,265 [s0@group-124FD5E98514-LeaderElection1] INFO  impl.LeaderElection (LeaderElection.java:logAndReturn(94)) -   Response 1: s0<-s2#0:FAIL-t1
2022-08-31 10:00:36,266 [s0@group-124FD5E98514-LeaderElection1] INFO  impl.LeaderElection (LeaderElection.java:askForVotes(312)) - s0@group-124FD5E98514-LeaderElection1 ELECTION round 0: result REJECTED
2022-08-31 10:00:36,266 [s0@group-124FD5E98514-LeaderElection1] INFO  server.RaftServer$Division (RaftServerImpl.java:setRole(315)) - s0@group-124FD5E98514: changes role from CANDIDATE to FOLLOWER at term 1 for REJECTED
2022-08-31 10:00:36,266 [s0@group-124FD5E98514-LeaderElection1] INFO  impl.RoleInfo (RoleInfo.java:shutdownLeaderElection(130)) - s0: shutdown s0@group-124FD5E98514-LeaderElection1
2022-08-31 10:00:36,267 [s0@group-124FD5E98514-LeaderElection1] INFO  impl.RoleInfo (RoleInfo.java:updateAndGet(139)) - s0: start s0@group-124FD5E98514-FollowerState
2022-08-31 10:00:36,273 [grpc-default-executor-4] INFO  server.RaftServer$Division (RaftServerImpl.java:requestVote(1212)) - s0@group-124FD5E98514: receive requestVote(ELECTION, s1, group-124FD5E98514, 1, (t:0, i:0))
2022-08-31 10:00:36,276 [grpc-default-executor-4] INFO  impl.VoteContext (VoteContext.java:log(48)) - s0@group-124FD5E98514-FOLLOWER: reject ELECTION from s1: already has voted for s0 at current term 1
2022-08-31 10:00:36,276 [grpc-default-executor-2] INFO  server.RaftServer$Division (RaftServerImpl.java:requestVote(1212)) - s1@group-124FD5E98514: receive requestVote(ELECTION, s2, group-124FD5E98514, 1, (t:0, i:0))
2022-08-31 10:00:36,277 [grpc-default-executor-2] INFO  impl.VoteContext (VoteContext.java:log(48)) - s1@group-124FD5E98514-CANDIDATE: reject ELECTION from s2: already has voted for s1 at current term 1
2022-08-31 10:00:36,277 [grpc-default-executor-2] INFO  server.RaftServer$Division (RaftServerImpl.java:requestVote(1245)) - s1@group-124FD5E98514 replies to ELECTION vote request: s2<-s1#0:FAIL-t1. Peer's state: s1@group-124FD5E98514:t1, leader=null, voted=s1, raftlog=Memoized:s1@group-124FD5E98514-SegmentedRaftLog:OPENED:c-1, conf=-1: peers:[s0|rpc:localhost:35239|admin:localhost:45707|client:localhost:44363|dataStream:localhost:36883|priority:0|startupRole:FOLLOWER, s1|rpc:localhost:38483|admin:localhost:33411|client:localhost:40123|dataStream:localhost:40017|priority:0|startupRole:FOLLOWER, s2|rpc:localhost:43829|admin:localhost:42157|client:localhost:34405|dataStream:localhost:34339|priority:0|startupRole:FOLLOWER]|listeners:[], old=null
2022-08-31 10:00:36,276 [grpc-default-executor-8] INFO  server.RaftServer$Division (RaftServerImpl.java:requestVote(1212)) - s0@group-124FD5E98514: receive requestVote(ELECTION, s2, group-124FD5E98514, 1, (t:0, i:0))
2022-08-31 10:00:36,277 [grpc-default-executor-4] INFO  server.RaftServer$Division (RaftServerImpl.java:requestVote(1245)) - s0@group-124FD5E98514 replies to ELECTION vote request: s1<-s0#0:FAIL-t1. Peer's state: s0@group-124FD5E98514:t1, leader=null, voted=s0, raftlog=Memoized:s0@group-124FD5E98514-SegmentedRaftLog:OPENED:c-1, conf=-1: peers:[s0|rpc:localhost:35239|admin:localhost:45707|client:localhost:44363|dataStream:localhost:36883|priority:0|startupRole:FOLLOWER, s1|rpc:localhost:38483|admin:localhost:33411|client:localhost:40123|dataStream:localhost:40017|priority:0|startupRole:FOLLOWER, s2|rpc:localhost:43829|admin:localhost:42157|client:localhost:34405|dataStream:localhost:34339|priority:0|startupRole:FOLLOWER]|listeners:[], old=null
2022-08-31 10:00:36,277 [grpc-default-executor-8] INFO  impl.VoteContext (VoteContext.java:log(48)) - s0@group-124FD5E98514-FOLLOWER: reject ELECTION from s2: already has voted for s0 at current term 1
2022-08-31 10:00:36,278 [grpc-default-executor-8] INFO  server.RaftServer$Division (RaftServerImpl.java:requestVote(1245)) - s0@group-124FD5E98514 replies to ELECTION vote request: s2<-s0#0:FAIL-t1. Peer's state: s0@group-124FD5E98514:t1, leader=null, voted=s0, raftlog=Memoized:s0@group-124FD5E98514-SegmentedRaftLog:OPENED:c-1, conf=-1: peers:[s0|rpc:localhost:35239|admin:localhost:45707|client:localhost:44363|dataStream:localhost:36883|priority:0|startupRole:FOLLOWER, s1|rpc:localhost:38483|admin:localhost:33411|client:localhost:40123|dataStream:localhost:40017|priority:0|startupRole:FOLLOWER, s2|rpc:localhost:43829|admin:localhost:42157|client:localhost:34405|dataStream:localhost:34339|priority:0|startupRole:FOLLOWER]|listeners:[], old=null
2022-08-31 10:00:36,276 [s0@group-124FD5E98514-FollowerState] INFO  server.RaftServerConfigKeys (ConfUtils.java:logFallback(53)) - raft.server.rpc.first-election.timeout.min = 150ms (fallback to raft.server.rpc.timeout.min)
2022-08-31 10:00:36,273 [grpc-default-executor-6] INFO  server.RaftServer$Division (RaftServerImpl.java:requestVote(1212)) - s2@group-124FD5E98514: receive requestVote(ELECTION, s1, group-124FD5E98514, 1, (t:0, i:0))
2022-08-31 10:00:36,282 [s2@group-124FD5E98514-LeaderElection2] INFO  impl.LeaderElection (LeaderElection.java:logAndReturn(90)) - s2@group-124FD5E98514-LeaderElection2: ELECTION REJECTED received 2 response(s) and 0 exception(s):
2022-08-31 10:00:36,283 [s0@group-124FD5E98514-FollowerState] INFO  server.RaftServerConfigKeys (ConfUtils.java:logFallback(53)) - raft.server.rpc.first-election.timeout.max = 300ms (fallback to raft.server.rpc.timeout.max)
2022-08-31 10:00:36,282 [grpc-default-executor-6] INFO  impl.VoteContext (VoteContext.java:log(48)) - s2@group-124FD5E98514-CANDIDATE: reject ELECTION from s1: already has voted for s2 at current term 1
2022-08-31 10:00:36,283 [grpc-default-executor-6] INFO  server.RaftServer$Division (RaftServerImpl.java:requestVote(1245)) - s2@group-124FD5E98514 replies to ELECTION vote request: s1<-s2#0:FAIL-t1. Peer's state: s2@group-124FD5E98514:t1, leader=null, voted=s2, raftlog=Memoized:s2@group-124FD5E98514-SegmentedRaftLog:OPENED:c-1, conf=-1: peers:[s0|rpc:localhost:35239|admin:localhost:45707|client:localhost:44363|dataStream:localhost:36883|priority:0|startupRole:FOLLOWER, s1|rpc:localhost:38483|admin:localhost:33411|client:localhost:40123|dataStream:localhost:40017|priority:0|startupRole:FOLLOWER, s2|rpc:localhost:43829|admin:localhost:42157|client:localhost:34405|dataStream:localhost:34339|priority:0|startupRole:FOLLOWER]|listeners:[], old=null
2022-08-31 10:00:36,283 [s2@group-124FD5E98514-LeaderElection2] INFO  impl.LeaderElection (LeaderElection.java:logAndReturn(94)) -   Response 0: s2<-s0#0:FAIL-t1
2022-08-31 10:00:36,283 [s2@group-124FD5E98514-LeaderElection2] INFO  impl.LeaderElection (LeaderElection.java:logAndReturn(94)) -   Response 1: s2<-s1#0:FAIL-t1
2022-08-31 10:00:36,283 [s2@group-124FD5E98514-LeaderElection2] INFO  impl.LeaderElection (LeaderElection.java:askForVotes(312)) - s2@group-124FD5E98514-LeaderElection2 ELECTION round 0: result REJECTED
2022-08-31 10:00:36,283 [s2@group-124FD5E98514-LeaderElection2] INFO  server.RaftServer$Division (RaftServerImpl.java:setRole(315)) - s2@group-124FD5E98514: changes role from CANDIDATE to FOLLOWER at term 1 for REJECTED
2022-08-31 10:00:36,283 [s2@group-124FD5E98514-LeaderElection2] INFO  impl.RoleInfo (RoleInfo.java:shutdownLeaderElection(130)) - s2: shutdown s2@group-124FD5E98514-LeaderElection2
2022-08-31 10:00:36,283 [s2@group-124FD5E98514-LeaderElection2] INFO  impl.RoleInfo (RoleInfo.java:updateAndGet(139)) - s2: start s2@group-124FD5E98514-FollowerState
2022-08-31 10:00:36,284 [s1@group-124FD5E98514-LeaderElection3] INFO  impl.LeaderElection (LeaderElection.java:logAndReturn(90)) - s1@group-124FD5E98514-LeaderElection3: ELECTION REJECTED received 2 response(s) and 0 exception(s):
2022-08-31 10:00:36,284 [s1@group-124FD5E98514-LeaderElection3] INFO  impl.LeaderElection (LeaderElection.java:logAndReturn(94)) -   Response 0: s1<-s0#0:FAIL-t1
2022-08-31 10:00:36,284 [s1@group-124FD5E98514-LeaderElection3] INFO  impl.LeaderElection (LeaderElection.java:logAndReturn(94)) -   Response 1: s1<-s2#0:FAIL-t1
2022-08-31 10:00:36,284 [s1@group-124FD5E98514-LeaderElection3] INFO  impl.LeaderElection (LeaderElection.java:askForVotes(312)) - s1@group-124FD5E98514-LeaderElection3 ELECTION round 0: result REJECTED
2022-08-31 10:00:36,284 [s1@group-124FD5E98514-LeaderElection3] INFO  server.RaftServer$Division (RaftServerImpl.java:setRole(315)) - s1@group-124FD5E98514: changes role from CANDIDATE to FOLLOWER at term 1 for REJECTED
2022-08-31 10:00:36,284 [s1@group-124FD5E98514-LeaderElection3] INFO  impl.RoleInfo (RoleInfo.java:shutdownLeaderElection(130)) - s1: shutdown s1@group-124FD5E98514-LeaderElection3
2022-08-31 10:00:36,285 [s1@group-124FD5E98514-LeaderElection3] INFO  impl.RoleInfo (RoleInfo.java:updateAndGet(139)) - s1: start s1@group-124FD5E98514-FollowerState
2022-08-31 10:00:36,285 [s2@group-124FD5E98514-FollowerState] INFO  server.RaftServerConfigKeys (ConfUtils.java:logFallback(53)) - raft.server.rpc.first-election.timeout.min = 150ms (fallback to raft.server.rpc.timeout.min)
2022-08-31 10:00:36,285 [s2@group-124FD5E98514-FollowerState] INFO  server.RaftServerConfigKeys (ConfUtils.java:logFallback(53)) - raft.server.rpc.first-election.timeout.max = 300ms (fallback to raft.server.rpc.timeout.max)
2022-08-31 10:00:36,290 [s1@group-124FD5E98514-FollowerState] INFO  server.RaftServerConfigKeys (ConfUtils.java:logFallback(53)) - raft.server.rpc.first-election.timeout.min = 150ms (fallback to raft.server.rpc.timeout.min)
2022-08-31 10:00:36,291 [s1@group-124FD5E98514-FollowerState] INFO  server.RaftServerConfigKeys (ConfUtils.java:logFallback(53)) - raft.server.rpc.first-election.timeout.max = 300ms (fallback to raft.server.rpc.timeout.max)
2022-08-31 10:00:36,508 [s1@group-124FD5E98514-FollowerState] INFO  impl.FollowerState (FollowerState.java:run(143)) - s1@group-124FD5E98514-FollowerState: change to CANDIDATE, lastRpcElapsedTime:223927591ns, electionTimeout:217ms
2022-08-31 10:00:36,509 [s1@group-124FD5E98514-FollowerState] INFO  impl.RoleInfo (RoleInfo.java:shutdownFollowerState(110)) - s1: shutdown s1@group-124FD5E98514-FollowerState
2022-08-31 10:00:36,509 [s1@group-124FD5E98514-FollowerState] INFO  server.RaftServer$Division (RaftServerImpl.java:setRole(315)) - s1@group-124FD5E98514: changes role from  FOLLOWER to CANDIDATE at term 1 for changeToCandidate
2022-08-31 10:00:36,509 [s1@group-124FD5E98514-FollowerState] INFO  server.RaftServerConfigKeys (ConfUtils.java:logGet(46)) - raft.server.leaderelection.pre-vote = true (default)
2022-08-31 10:00:36,509 [s1@group-124FD5E98514-FollowerState] INFO  impl.RoleInfo (RoleInfo.java:updateAndGet(139)) - s1: start s1@group-124FD5E98514-LeaderElection4
2022-08-31 10:00:36,513 [s1@group-124FD5E98514-LeaderElection4] INFO  impl.LeaderElection (LeaderElection.java:askForVotes(310)) - s1@group-124FD5E98514-LeaderElection4 PRE_VOTE round 0: submit vote requests at term 1 for -1: peers:[s0|rpc:localhost:35239|admin:localhost:45707|client:localhost:44363|dataStream:localhost:36883|priority:0|startupRole:FOLLOWER, s1|rpc:localhost:38483|admin:localhost:33411|client:localhost:40123|dataStream:localhost:40017|priority:0|startupRole:FOLLOWER, s2|rpc:localhost:43829|admin:localhost:42157|client:localhost:34405|dataStream:localhost:34339|priority:0|startupRole:FOLLOWER]|listeners:[], old=null
2022-08-31 10:00:36,514 [s1@group-124FD5E98514-LeaderElection4] INFO  server.RaftServerConfigKeys (ConfUtils.java:logFallback(53)) - raft.server.rpc.first-election.timeout.min = 150ms (fallback to raft.server.rpc.timeout.min)
2022-08-31 10:00:36,514 [s1@group-124FD5E98514-LeaderElection4] INFO  server.RaftServerConfigKeys (ConfUtils.java:logFallback(53)) - raft.server.rpc.first-election.timeout.max = 300ms (fallback to raft.server.rpc.timeout.max)
2022-08-31 10:00:36,518 [grpc-default-executor-6] INFO  server.RaftServer$Division (RaftServerImpl.java:requestVote(1212)) - s0@group-124FD5E98514: receive requestVote(PRE_VOTE, s1, group-124FD5E98514, 1, (t:0, i:0))
2022-08-31 10:00:36,518 [grpc-default-executor-8] INFO  server.RaftServer$Division (RaftServerImpl.java:requestVote(1212)) - s2@group-124FD5E98514: receive requestVote(PRE_VOTE, s1, group-124FD5E98514, 1, (t:0, i:0))
2022-08-31 10:00:36,518 [grpc-default-executor-8] INFO  impl.VoteContext (VoteContext.java:log(48)) - s2@group-124FD5E98514-FOLLOWER: accept PRE_VOTE from s1: our priority 0 <= candidate's priority 0
2022-08-31 10:00:36,520 [grpc-default-executor-8] INFO  server.RaftServer$Division (RaftServerImpl.java:requestVote(1245)) - s2@group-124FD5E98514 replies to PRE_VOTE vote request: s1<-s2#0:OK-t1. Peer's state: s2@group-124FD5E98514:t1, leader=null, voted=s2, raftlog=Memoized:s2@group-124FD5E98514-SegmentedRaftLog:OPENED:c-1, conf=-1: peers:[s0|rpc:localhost:35239|admin:localhost:45707|client:localhost:44363|dataStream:localhost:36883|priority:0|startupRole:FOLLOWER, s1|rpc:localhost:38483|admin:localhost:33411|client:localhost:40123|dataStream:localhost:40017|priority:0|startupRole:FOLLOWER, s2|rpc:localhost:43829|admin:localhost:42157|client:localhost:34405|dataStream:localhost:34339|priority:0|startupRole:FOLLOWER]|listeners:[], old=null
2022-08-31 10:00:36,518 [grpc-default-executor-6] INFO  impl.VoteContext (VoteContext.java:log(48)) - s0@group-124FD5E98514-FOLLOWER: accept PRE_VOTE from s1: our priority 0 <= candidate's priority 0
2022-08-31 10:00:36,520 [grpc-default-executor-6] INFO  server.RaftServer$Division (RaftServerImpl.java:requestVote(1245)) - s0@group-124FD5E98514 replies to PRE_VOTE vote request: s1<-s0#0:OK-t1. Peer's state: s0@group-124FD5E98514:t1, leader=null, voted=s0, raftlog=Memoized:s0@group-124FD5E98514-SegmentedRaftLog:OPENED:c-1, conf=-1: peers:[s0|rpc:localhost:35239|admin:localhost:45707|client:localhost:44363|dataStream:localhost:36883|priority:0|startupRole:FOLLOWER, s1|rpc:localhost:38483|admin:localhost:33411|client:localhost:40123|dataStream:localhost:40017|priority:0|startupRole:FOLLOWER, s2|rpc:localhost:43829|admin:localhost:42157|client:localhost:34405|dataStream:localhost:34339|priority:0|startupRole:FOLLOWER]|listeners:[], old=null
2022-08-31 10:00:36,522 [s1@group-124FD5E98514-LeaderElection4] INFO  impl.LeaderElection (LeaderElection.java:logAndReturn(90)) - s1@group-124FD5E98514-LeaderElection4: PRE_VOTE PASSED received 1 response(s) and 0 exception(s):
2022-08-31 10:00:36,522 [s1@group-124FD5E98514-LeaderElection4] INFO  impl.LeaderElection (LeaderElection.java:logAndReturn(94)) -   Response 0: s1<-s2#0:OK-t1
2022-08-31 10:00:36,523 [s1@group-124FD5E98514-LeaderElection4] INFO  impl.LeaderElection (LeaderElection.java:askForVotes(312)) - s1@group-124FD5E98514-LeaderElection4 PRE_VOTE round 0: result PASSED
2022-08-31 10:00:36,527 [s1@group-124FD5E98514-LeaderElection4] INFO  impl.LeaderElection (LeaderElection.java:askForVotes(310)) - s1@group-124FD5E98514-LeaderElection4 ELECTION round 0: submit vote requests at term 2 for -1: peers:[s0|rpc:localhost:35239|admin:localhost:45707|client:localhost:44363|dataStream:localhost:36883|priority:0|startupRole:FOLLOWER, s1|rpc:localhost:38483|admin:localhost:33411|client:localhost:40123|dataStream:localhost:40017|priority:0|startupRole:FOLLOWER, s2|rpc:localhost:43829|admin:localhost:42157|client:localhost:34405|dataStream:localhost:34339|priority:0|startupRole:FOLLOWER]|listeners:[], old=null
2022-08-31 10:00:36,528 [s1@group-124FD5E98514-LeaderElection4] INFO  server.RaftServerConfigKeys (ConfUtils.java:logFallback(53)) - raft.server.rpc.first-election.timeout.min = 150ms (fallback to raft.server.rpc.timeout.min)
2022-08-31 10:00:36,528 [s1@group-124FD5E98514-LeaderElection4] INFO  server.RaftServerConfigKeys (ConfUtils.java:logFallback(53)) - raft.server.rpc.first-election.timeout.max = 300ms (fallback to raft.server.rpc.timeout.max)
2022-08-31 10:00:36,530 [grpc-default-executor-6] INFO  server.RaftServer$Division (RaftServerImpl.java:requestVote(1212)) - s2@group-124FD5E98514: receive requestVote(ELECTION, s1, group-124FD5E98514, 2, (t:0, i:0))
2022-08-31 10:00:36,530 [grpc-default-executor-6] INFO  impl.VoteContext (VoteContext.java:log(48)) - s2@group-124FD5E98514-FOLLOWER: accept ELECTION from s1: our priority 0 <= candidate's priority 0
2022-08-31 10:00:36,530 [grpc-default-executor-6] INFO  server.RaftServer$Division (RaftServerImpl.java:setRole(315)) - s2@group-124FD5E98514: changes role from  FOLLOWER to FOLLOWER at term 2 for candidate:s1
2022-08-31 10:00:36,530 [grpc-default-executor-6] INFO  impl.RoleInfo (RoleInfo.java:shutdownFollowerState(110)) - s2: shutdown s2@group-124FD5E98514-FollowerState
2022-08-31 10:00:36,530 [grpc-default-executor-6] INFO  impl.RoleInfo (RoleInfo.java:updateAndGet(139)) - s2: start s2@group-124FD5E98514-FollowerState
2022-08-31 10:00:36,531 [s2@group-124FD5E98514-FollowerState] INFO  impl.FollowerState (FollowerState.java:run(152)) - s2@group-124FD5E98514-FollowerState was interrupted
2022-08-31 10:00:36,534 [s2@group-124FD5E98514-FollowerState] INFO  server.RaftServerConfigKeys (ConfUtils.java:logFallback(53)) - raft.server.rpc.first-election.timeout.min = 150ms (fallback to raft.server.rpc.timeout.min)
2022-08-31 10:00:36,535 [s2@group-124FD5E98514-FollowerState] INFO  server.RaftServerConfigKeys (ConfUtils.java:logFallback(53)) - raft.server.rpc.first-election.timeout.max = 300ms (fallback to raft.server.rpc.timeout.max)
2022-08-31 10:00:36,535 [s0@group-124FD5E98514-FollowerState] INFO  server.RaftServerConfigKeys (ConfUtils.java:logFallback(53)) - raft.server.rpc.first-election.timeout.min = 150ms (fallback to raft.server.rpc.timeout.min)
2022-08-31 10:00:36,535 [s0@group-124FD5E98514-FollowerState] INFO  server.RaftServerConfigKeys (ConfUtils.java:logFallback(53)) - raft.server.rpc.first-election.timeout.max = 300ms (fallback to raft.server.rpc.timeout.max)
2022-08-31 10:00:36,536 [grpc-default-executor-6] INFO  server.RaftServer$Division (RaftServerImpl.java:requestVote(1245)) - s2@group-124FD5E98514 replies to ELECTION vote request: s1<-s2#0:OK-t2. Peer's state: s2@group-124FD5E98514:t2, leader=null, voted=s1, raftlog=Memoized:s2@group-124FD5E98514-SegmentedRaftLog:OPENED:c-1, conf=-1: peers:[s0|rpc:localhost:35239|admin:localhost:45707|client:localhost:44363|dataStream:localhost:36883|priority:0|startupRole:FOLLOWER, s1|rpc:localhost:38483|admin:localhost:33411|client:localhost:40123|dataStream:localhost:40017|priority:0|startupRole:FOLLOWER, s2|rpc:localhost:43829|admin:localhost:42157|client:localhost:34405|dataStream:localhost:34339|priority:0|startupRole:FOLLOWER]|listeners:[], old=null
2022-08-31 10:00:36,537 [s1@group-124FD5E98514-LeaderElection4] INFO  impl.LeaderElection (LeaderElection.java:logAndReturn(90)) - s1@group-124FD5E98514-LeaderElection4: ELECTION PASSED received 1 response(s) and 0 exception(s):
2022-08-31 10:00:36,537 [s1@group-124FD5E98514-LeaderElection4] INFO  impl.LeaderElection (LeaderElection.java:logAndReturn(94)) -   Response 0: s1<-s2#0:OK-t2
2022-08-31 10:00:36,537 [s1@group-124FD5E98514-LeaderElection4] INFO  impl.LeaderElection (LeaderElection.java:askForVotes(312)) - s1@group-124FD5E98514-LeaderElection4 ELECTION round 0: result PASSED
2022-08-31 10:00:36,537 [s1@group-124FD5E98514-LeaderElection4] INFO  impl.RoleInfo (RoleInfo.java:shutdownLeaderElection(130)) - s1: shutdown s1@group-124FD5E98514-LeaderElection4
2022-08-31 10:00:36,537 [s1@group-124FD5E98514-LeaderElection4] INFO  server.RaftServer$Division (RaftServerImpl.java:setRole(315)) - s1@group-124FD5E98514: changes role from CANDIDATE to LEADER at term 2 for changeToLeader
2022-08-31 10:00:36,537 [grpc-default-executor-6] INFO  server.RaftServer$Division (RaftServerImpl.java:requestVote(1212)) - s0@group-124FD5E98514: receive requestVote(ELECTION, s1, group-124FD5E98514, 2, (t:0, i:0))
2022-08-31 10:00:36,537 [grpc-default-executor-6] INFO  impl.VoteContext (VoteContext.java:log(48)) - s0@group-124FD5E98514-FOLLOWER: accept ELECTION from s1: our priority 0 <= candidate's priority 0
2022-08-31 10:00:36,538 [grpc-default-executor-6] INFO  server.RaftServer$Division (RaftServerImpl.java:setRole(315)) - s0@group-124FD5E98514: changes role from  FOLLOWER to FOLLOWER at term 2 for candidate:s1
2022-08-31 10:00:36,538 [grpc-default-executor-6] INFO  impl.RoleInfo (RoleInfo.java:shutdownFollowerState(110)) - s0: shutdown s0@group-124FD5E98514-FollowerState
2022-08-31 10:00:36,538 [grpc-default-executor-6] INFO  impl.RoleInfo (RoleInfo.java:updateAndGet(139)) - s0: start s0@group-124FD5E98514-FollowerState
2022-08-31 10:00:36,538 [s0@group-124FD5E98514-FollowerState] INFO  impl.FollowerState (FollowerState.java:run(152)) - s0@group-124FD5E98514-FollowerState was interrupted
2022-08-31 10:00:36,537 [s1@group-124FD5E98514-LeaderElection4] INFO  server.RaftServer$Division (ServerState.java:setLeader(259)) - s1@group-124FD5E98514: change Leader from null to s1 at term 2 for becomeLeader, leader elected after 1227ms
2022-08-31 10:00:36,543 [grpc-default-executor-6] INFO  server.RaftServer$Division (RaftServerImpl.java:requestVote(1245)) - s0@group-124FD5E98514 replies to ELECTION vote request: s1<-s0#0:OK-t2. Peer's state: s0@group-124FD5E98514:t2, leader=null, voted=s1, raftlog=Memoized:s0@group-124FD5E98514-SegmentedRaftLog:OPENED:c-1, conf=-1: peers:[s0|rpc:localhost:35239|admin:localhost:45707|client:localhost:44363|dataStream:localhost:36883|priority:0|startupRole:FOLLOWER, s1|rpc:localhost:38483|admin:localhost:33411|client:localhost:40123|dataStream:localhost:40017|priority:0|startupRole:FOLLOWER, s2|rpc:localhost:43829|admin:localhost:42157|client:localhost:34405|dataStream:localhost:34339|priority:0|startupRole:FOLLOWER]|listeners:[], old=null
2022-08-31 10:00:36,545 [s0@group-124FD5E98514-FollowerState] INFO  server.RaftServerConfigKeys (ConfUtils.java:logFallback(53)) - raft.server.rpc.first-election.timeout.min = 150ms (fallback to raft.server.rpc.timeout.min)
2022-08-31 10:00:36,546 [s1@group-124FD5E98514-LeaderElection4] INFO  server.RaftServerConfigKeys (ConfUtils.java:logGet(46)) - raft.server.staging.catchup.gap = 1000 (default)
2022-08-31 10:00:36,550 [s0@group-124FD5E98514-FollowerState] INFO  server.RaftServerConfigKeys (ConfUtils.java:logFallback(53)) - raft.server.rpc.first-election.timeout.max = 300ms (fallback to raft.server.rpc.timeout.max)
2022-08-31 10:00:36,552 [s1@group-124FD5E98514-LeaderElection4] INFO  server.RaftServerConfigKeys (ConfUtils.java:logGet(46)) - raft.server.write.element-limit = 4096 (default)
2022-08-31 10:00:36,553 [s1@group-124FD5E98514-LeaderElection4] INFO  server.RaftServerConfigKeys (ConfUtils.java:logGet(46)) - raft.server.write.byte-limit = 64MB (=67108864) (default)
2022-08-31 10:00:36,557 [s1@group-124FD5E98514-LeaderElection4] INFO  server.RaftServerConfigKeys (ConfUtils.java:logGet(46)) - raft.server.watch.timeout = 10s (default)
2022-08-31 10:00:36,557 [s1@group-124FD5E98514-LeaderElection4] INFO  server.RaftServerConfigKeys (ConfUtils.java:logGet(46)) - raft.server.watch.timeout.denomination = 1s (default)
2022-08-31 10:00:36,558 [s1@group-124FD5E98514-LeaderElection4] INFO  server.RaftServerConfigKeys (ConfUtils.java:logGet(46)) - raft.server.watch.element-limit = 65536 (default)
2022-08-31 10:00:36,561 [s1@group-124FD5E98514-LeaderElection4] INFO  server.RaftServerConfigKeys (ConfUtils.java:logGet(46)) - raft.server.write.element-limit = 4096 (default)
2022-08-31 10:00:36,563 [s1@group-124FD5E98514-LeaderElection4] INFO  server.RaftServerConfigKeys (ConfUtils.java:logGet(46)) - raft.server.write.follower.gap.ratio.max = -1.0 (default)
2022-08-31 10:00:36,570 [s1@group-124FD5E98514-LeaderElection4] INFO  server.RaftServerConfigKeys (ConfUtils.java:logGet(46)) - raft.server.log.appender.snapshot.chunk.size.max = 16MB (=16777216) (default)
2022-08-31 10:00:36,571 [s1@group-124FD5E98514-LeaderElection4] INFO  server.RaftServerConfigKeys (ConfUtils.java:logGet(46)) - raft.server.log.appender.buffer.byte-limit = 4MB (=4194304) (default)
2022-08-31 10:00:36,571 [s1@group-124FD5E98514-LeaderElection4] INFO  server.RaftServerConfigKeys (ConfUtils.java:logGet(46)) - raft.server.log.appender.buffer.element-limit = 0 (default)
2022-08-31 10:00:36,573 [s1@group-124FD5E98514-LeaderElection4] INFO  grpc.GrpcConfigKeys (ConfUtils.java:logGet(46)) - raft.grpc.server.leader.outstanding.appends.max = 128 (default)
2022-08-31 10:00:36,573 [s1@group-124FD5E98514-LeaderElection4] INFO  server.RaftServerConfigKeys (ConfUtils.java:logGet(46)) - raft.server.rpc.request.timeout = 3000ms (default)
2022-08-31 10:00:36,573 [s1@group-124FD5E98514-LeaderElection4] INFO  server.RaftServerConfigKeys (ConfUtils.java:logGet(46)) - raft.server.log.appender.install.snapshot.enabled = true (default)
2022-08-31 10:00:36,573 [s1@group-124FD5E98514-LeaderElection4] INFO  grpc.GrpcConfigKeys (ConfUtils.java:logGet(46)) - raft.grpc.server.heartbeat.channel = false (custom)
2022-08-31 10:00:36,575 [s1@group-124FD5E98514-LeaderElection4] INFO  server.RaftServerConfigKeys (ConfUtils.java:logGet(46)) - raft.server.log.appender.snapshot.chunk.size.max = 16MB (=16777216) (default)
2022-08-31 10:00:36,575 [s1@group-124FD5E98514-LeaderElection4] INFO  server.RaftServerConfigKeys (ConfUtils.java:logGet(46)) - raft.server.log.appender.buffer.byte-limit = 4MB (=4194304) (default)
2022-08-31 10:00:36,575 [s1@group-124FD5E98514-LeaderElection4] INFO  server.RaftServerConfigKeys (ConfUtils.java:logGet(46)) - raft.server.log.appender.buffer.element-limit = 0 (default)
2022-08-31 10:00:36,575 [s1@group-124FD5E98514-LeaderElection4] INFO  grpc.GrpcConfigKeys (ConfUtils.java:logGet(46)) - raft.grpc.server.leader.outstanding.appends.max = 128 (default)
2022-08-31 10:00:36,576 [s1@group-124FD5E98514-LeaderElection4] INFO  server.RaftServerConfigKeys (ConfUtils.java:logGet(46)) - raft.server.rpc.request.timeout = 3000ms (default)
2022-08-31 10:00:36,576 [s1@group-124FD5E98514-LeaderElection4] INFO  server.RaftServerConfigKeys (ConfUtils.java:logGet(46)) - raft.server.log.appender.install.snapshot.enabled = true (default)
2022-08-31 10:00:36,576 [s1@group-124FD5E98514-LeaderElection4] INFO  grpc.GrpcConfigKeys (ConfUtils.java:logGet(46)) - raft.grpc.server.heartbeat.channel = false (custom)
2022-08-31 10:00:36,577 [s1@group-124FD5E98514-LeaderElection4] INFO  impl.RoleInfo (RoleInfo.java:updateAndGet(139)) - s1: start s1@group-124FD5E98514-LeaderStateImpl
2022-08-31 10:00:36,590 [s1@group-124FD5E98514-LeaderElection4] INFO  segmented.SegmentedRaftLogWorker (SegmentedRaftLogWorker.java:startLogSegment(450)) - s1@group-124FD5E98514-SegmentedRaftLogWorker: Starting segment from index:0
2022-08-31 10:00:36,616 [Time-limited test] WARN  ratis.RaftTestUtil (JavaUtils.java:attempt(217)) - FAILED "waitForLeader-null-(expectLeader? true)", attempt #3/100: java.lang.IllegalStateException: Leader: s1@group-124FD5E98514 not ready, sleep 450ms and then retry.
java.lang.IllegalStateException: Leader: s1@group-124FD5E98514 not ready
	at org.apache.ratis.RaftTestUtil.lambda$waitForLeader$3(RaftTestUtil.java:114)
	at org.apache.ratis.util.JavaUtils.attempt(JavaUtils.java:211)
	at org.apache.ratis.util.JavaUtils.attemptRepeatedly(JavaUtils.java:197)
	at org.apache.ratis.RaftTestUtil.waitForLeader(RaftTestUtil.java:111)
	at org.apache.ratis.RaftTestUtil.waitForLeader(RaftTestUtil.java:92)
	at org.apache.ratis.RaftTestUtil.waitForLeader(RaftTestUtil.java:87)
	at org.apache.ratis.grpc.TestRaftServerWithGrpc.testRaftClientRequestMetrics(TestRaftServerWithGrpc.java:305)
	at org.apache.ratis.server.impl.MiniRaftCluster$Factory$Get.runWithNewCluster(MiniRaftCluster.java:139)
	at org.apache.ratis.server.impl.MiniRaftCluster$Factory$Get.runWithNewCluster(MiniRaftCluster.java:119)
	at org.apache.ratis.grpc.TestRaftServerWithGrpc.testRaftClientMetrics(TestRaftServerWithGrpc.java:216)
	at java.base/jdk.internal.reflect.NativeMethodAccessorImpl.invoke0(Native Method)
	at java.base/jdk.internal.reflect.NativeMethodAccessorImpl.invoke(NativeMethodAccessorImpl.java:62)
	at java.base/jdk.internal.reflect.DelegatingMethodAccessorImpl.invoke(DelegatingMethodAccessorImpl.java:43)
	at java.base/java.lang.reflect.Method.invoke(Method.java:566)
	at org.junit.runners.model.FrameworkMethod$1.runReflectiveCall(FrameworkMethod.java:59)
	at org.junit.internal.runners.model.ReflectiveCallable.run(ReflectiveCallable.java:12)
	at org.junit.runners.model.FrameworkMethod.invokeExplosively(FrameworkMethod.java:56)
	at org.junit.internal.runners.statements.InvokeMethod.evaluate(InvokeMethod.java:17)
	at org.junit.internal.runners.statements.RunBefores.evaluate(RunBefores.java:26)
	at org.junit.internal.runners.statements.RunAfters.evaluate(RunAfters.java:27)
	at org.junit.internal.runners.statements.FailOnTimeout$CallableStatement.call(FailOnTimeout.java:299)
	at org.junit.internal.runners.statements.FailOnTimeout$CallableStatement.call(FailOnTimeout.java:293)
	at java.base/java.util.concurrent.FutureTask.run(FutureTask.java:264)
	at java.base/java.lang.Thread.run(Thread.java:829)
2022-08-31 10:00:36,646 [s1@group-124FD5E98514-LeaderElection4] INFO  server.RaftServer$Division (ServerState.java:setRaftConf(376)) - s1@group-124FD5E98514: set configuration 0: peers:[s0|rpc:localhost:35239|admin:localhost:45707|client:localhost:44363|dataStream:localhost:36883|priority:0|startupRole:FOLLOWER, s1|rpc:localhost:38483|admin:localhost:33411|client:localhost:40123|dataStream:localhost:40017|priority:0|startupRole:FOLLOWER, s2|rpc:localhost:43829|admin:localhost:42157|client:localhost:34405|dataStream:localhost:34339|priority:0|startupRole:FOLLOWER]|listeners:[], old=null
2022-08-31 10:00:36,688 [s2-server-thread1] INFO  server.RaftServer$Division (ServerState.java:setLeader(259)) - s2@group-124FD5E98514: change Leader from null to s1 at term 2 for appendEntries, leader elected after 1398ms
2022-08-31 10:00:36,691 [s0-server-thread1] INFO  server.RaftServer$Division (ServerState.java:setLeader(259)) - s0@group-124FD5E98514: change Leader from null to s1 at term 2 for appendEntries, leader elected after 1381ms
2022-08-31 10:00:36,700 [s2-server-thread1] INFO  server.RaftServer$Division (ServerState.java:setRaftConf(376)) - s2@group-124FD5E98514: set configuration 0: peers:[s0|rpc:localhost:35239|admin:localhost:45707|client:localhost:44363|dataStream:localhost:36883|priority:0|startupRole:FOLLOWER, s1|rpc:localhost:38483|admin:localhost:33411|client:localhost:40123|dataStream:localhost:40017|priority:0|startupRole:FOLLOWER, s2|rpc:localhost:43829|admin:localhost:42157|client:localhost:34405|dataStream:localhost:34339|priority:0|startupRole:FOLLOWER]|listeners:[], old=null
2022-08-31 10:00:36,701 [s2-server-thread1] INFO  segmented.SegmentedRaftLogWorker (SegmentedRaftLogWorker.java:startLogSegment(450)) - s2@group-124FD5E98514-SegmentedRaftLogWorker: Starting segment from index:0
2022-08-31 10:00:36,705 [s1@group-124FD5E98514-SegmentedRaftLogWorker] INFO  segmented.SegmentedRaftLogWorker (SegmentedRaftLogWorker.java:execute(654)) - s1@group-124FD5E98514-SegmentedRaftLogWorker: created new log segment /home/runner/work/ratis/ratis/ratis-test/target/test/data/8c829a3d/MiniRaftClusterWithGrpcfaf4df8b/s1/26974e85-7eb7-4c1a-b245-124fd5e98514/current/log_inprogress_0
2022-08-31 10:00:36,702 [s0-server-thread1] INFO  server.RaftServer$Division (ServerState.java:setRaftConf(376)) - s0@group-124FD5E98514: set configuration 0: peers:[s0|rpc:localhost:35239|admin:localhost:45707|client:localhost:44363|dataStream:localhost:36883|priority:0|startupRole:FOLLOWER, s1|rpc:localhost:38483|admin:localhost:33411|client:localhost:40123|dataStream:localhost:40017|priority:0|startupRole:FOLLOWER, s2|rpc:localhost:43829|admin:localhost:42157|client:localhost:34405|dataStream:localhost:34339|priority:0|startupRole:FOLLOWER]|listeners:[], old=null
2022-08-31 10:00:36,706 [s0-server-thread1] INFO  segmented.SegmentedRaftLogWorker (SegmentedRaftLogWorker.java:startLogSegment(450)) - s0@group-124FD5E98514-SegmentedRaftLogWorker: Starting segment from index:0
2022-08-31 10:00:36,729 [s2@group-124FD5E98514-SegmentedRaftLogWorker] INFO  segmented.SegmentedRaftLogWorker (SegmentedRaftLogWorker.java:execute(654)) - s2@group-124FD5E98514-SegmentedRaftLogWorker: created new log segment /home/runner/work/ratis/ratis/ratis-test/target/test/data/8c829a3d/MiniRaftClusterWithGrpcfaf4df8b/s2/26974e85-7eb7-4c1a-b245-124fd5e98514/current/log_inprogress_0
2022-08-31 10:00:36,730 [s0@group-124FD5E98514-SegmentedRaftLogWorker] INFO  segmented.SegmentedRaftLogWorker (SegmentedRaftLogWorker.java:execute(654)) - s0@group-124FD5E98514-SegmentedRaftLogWorker: created new log segment /home/runner/work/ratis/ratis/ratis-test/target/test/data/8c829a3d/MiniRaftClusterWithGrpcfaf4df8b/s0/26974e85-7eb7-4c1a-b245-124fd5e98514/current/log_inprogress_0
2022-08-31 10:00:37,067 [Time-limited test] INFO  ratis.RaftTestUtil (RaftTestUtil.java:waitForLeader(119)) - printing ALL groups
  s0:  RUNNING  FOLLOWER s0@group-124FD5E98514:t2, leader=s1, voted=s1, raftlog=Memoized:s0@group-124FD5E98514-SegmentedRaftLog:OPENED:c0, conf=0: peers:[s0|rpc:localhost:35239|admin:localhost:45707|client:localhost:44363|dataStream:localhost:36883|priority:0|startupRole:FOLLOWER, s1|rpc:localhost:38483|admin:localhost:33411|client:localhost:40123|dataStream:localhost:40017|priority:0|startupRole:FOLLOWER, s2|rpc:localhost:43829|admin:localhost:42157|client:localhost:34405|dataStream:localhost:34339|priority:0|startupRole:FOLLOWER]|listeners:[], old=null RUNNING
  s1:  RUNNING    LEADER s1@group-124FD5E98514:t2, leader=s1, voted=s1, raftlog=Memoized:s1@group-124FD5E98514-SegmentedRaftLog:OPENED:c0, conf=0: peers:[s0|rpc:localhost:35239|admin:localhost:45707|client:localhost:44363|dataStream:localhost:36883|priority:0|startupRole:FOLLOWER, s1|rpc:localhost:38483|admin:localhost:33411|client:localhost:40123|dataStream:localhost:40017|priority:0|startupRole:FOLLOWER, s2|rpc:localhost:43829|admin:localhost:42157|client:localhost:34405|dataStream:localhost:34339|priority:0|startupRole:FOLLOWER]|listeners:[], old=null RUNNING
  s2:  RUNNING  FOLLOWER s2@group-124FD5E98514:t2, leader=s1, voted=s1, raftlog=Memoized:s2@group-124FD5E98514-SegmentedRaftLog:OPENED:c0, conf=0: peers:[s0|rpc:localhost:35239|admin:localhost:45707|client:localhost:44363|dataStream:localhost:36883|priority:0|startupRole:FOLLOWER, s1|rpc:localhost:38483|admin:localhost:33411|client:localhost:40123|dataStream:localhost:40017|priority:0|startupRole:FOLLOWER, s2|rpc:localhost:43829|admin:localhost:42157|client:localhost:34405|dataStream:localhost:34339|priority:0|startupRole:FOLLOWER]|listeners:[], old=null RUNNING
2022-08-31 10:00:37,093 [Time-limited test] DEBUG client.GrpcClientProtocolClient (ConfUtils.java:logGet(46)) - raft.grpc.flow.control.window = 1MB (=1048576) (default)
2022-08-31 10:00:37,094 [Time-limited test] DEBUG client.GrpcClientProtocolClient (ConfUtils.java:logGet(46)) - raft.grpc.message.size.max = 64MB (=67108864) (default)
2022-08-31 10:00:37,150 [grpc-default-executor-4] TRACE client.GrpcClientProtocolClient (GrpcClientProtocolClient.java:onNext(321)) - client-4E2F1BF74999->s0: receive RaftClientReply:client-4E2F1BF74999->s0@group-124FD5E98514, cid=0, FAILED org.apache.ratis.protocol.exceptions.NotLeaderException: Server s0@group-124FD5E98514 is not the leader s1|rpc:localhost:38483|admin:localhost:33411|client:localhost:40123|dataStream:localhost:40017|priority:0|startupRole:FOLLOWER, logIndex=0, commits[s0:c0, s1:c0, s2:c0]
2022-08-31 10:00:37,161 [timer2] DEBUG client.GrpcClientProtocolClient (ConfUtils.java:logGet(46)) - raft.grpc.flow.control.window = 1MB (=1048576) (default)
2022-08-31 10:00:37,161 [timer2] DEBUG client.GrpcClientProtocolClient (ConfUtils.java:logGet(46)) - raft.grpc.message.size.max = 64MB (=67108864) (default)
2022-08-31 10:00:37,183 [grpc-default-executor-4] TRACE client.GrpcClientProtocolClient (GrpcClientProtocolClient.java:onNext(321)) - client-4E2F1BF74999->s1: receive RaftClientReply:client-4E2F1BF74999->s1@group-124FD5E98514, cid=0, SUCCESS, logIndex=0, commits[s1:c0, s0:c0, s2:c0]
2022-08-31 10:00:37,206 [s1@group-124FD5E98514-StateMachineUpdater] INFO  statemachine.SimpleStateMachine4Testing (SimpleStateMachine4Testing.java:put(204)) - s1: put 1, testing -> (t:2, i:1), STATEMACHINELOGENTRY, 1@client-4E2F1BF74999
2022-08-31 10:00:37,212 [grpc-default-executor-8] TRACE client.GrpcClientProtocolClient (GrpcClientProtocolClient.java:onNext(321)) - client-4E2F1BF74999->s1: receive RaftClientReply:client-4E2F1BF74999->s1@group-124FD5E98514, cid=1, SUCCESS, logIndex=1, commits[s1:c1, s0:c0, s2:c0]
2022-08-31 10:00:37,214 [s2@group-124FD5E98514-StateMachineUpdater] INFO  statemachine.SimpleStateMachine4Testing (SimpleStateMachine4Testing.java:put(204)) - s2: put 1, testing -> (t:2, i:1), STATEMACHINELOGENTRY, 1@client-4E2F1BF74999
2022-08-31 10:00:37,216 [s0@group-124FD5E98514-StateMachineUpdater] INFO  statemachine.SimpleStateMachine4Testing (SimpleStateMachine4Testing.java:put(204)) - s0: put 1, testing -> (t:2, i:1), STATEMACHINELOGENTRY, 1@client-4E2F1BF74999
2022-08-31 10:00:37,221 [Time-limited test] INFO  impl.MiniRaftCluster (MiniRaftCluster.java:shutdown(829)) - ************************************************************** 
2022-08-31 10:00:37,221 [Time-limited test] INFO  impl.MiniRaftCluster (MiniRaftCluster.java:shutdown(830)) - *** 
2022-08-31 10:00:37,221 [Time-limited test] INFO  impl.MiniRaftCluster (MiniRaftCluster.java:shutdown(831)) - ***     Stopping MiniRaftClusterWithGrpc
2022-08-31 10:00:37,221 [Time-limited test] INFO  impl.MiniRaftCluster (MiniRaftCluster.java:shutdown(832)) - *** 
2022-08-31 10:00:37,221 [Time-limited test] INFO  impl.MiniRaftCluster (MiniRaftCluster.java:shutdown(833)) - ************************************************************** 
2022-08-31 10:00:37,221 [Time-limited test] INFO  impl.MiniRaftCluster (MiniRaftCluster.java:shutdown(834)) - printing ALL groups
  s0:  RUNNING  FOLLOWER s0@group-124FD5E98514:t2, leader=s1, voted=s1, raftlog=Memoized:s0@group-124FD5E98514-SegmentedRaftLog:OPENED:c1, conf=0: peers:[s0|rpc:localhost:35239|admin:localhost:45707|client:localhost:44363|dataStream:localhost:36883|priority:0|startupRole:FOLLOWER, s1|rpc:localhost:38483|admin:localhost:33411|client:localhost:40123|dataStream:localhost:40017|priority:0|startupRole:FOLLOWER, s2|rpc:localhost:43829|admin:localhost:42157|client:localhost:34405|dataStream:localhost:34339|priority:0|startupRole:FOLLOWER]|listeners:[], old=null RUNNING
  s1:  RUNNING    LEADER s1@group-124FD5E98514:t2, leader=s1, voted=s1, raftlog=Memoized:s1@group-124FD5E98514-SegmentedRaftLog:OPENED:c2, conf=0: peers:[s0|rpc:localhost:35239|admin:localhost:45707|client:localhost:44363|dataStream:localhost:36883|priority:0|startupRole:FOLLOWER, s1|rpc:localhost:38483|admin:localhost:33411|client:localhost:40123|dataStream:localhost:40017|priority:0|startupRole:FOLLOWER, s2|rpc:localhost:43829|admin:localhost:42157|client:localhost:34405|dataStream:localhost:34339|priority:0|startupRole:FOLLOWER]|listeners:[], old=null RUNNING
  s2:  RUNNING  FOLLOWER s2@group-124FD5E98514:t2, leader=s1, voted=s1, raftlog=Memoized:s2@group-124FD5E98514-SegmentedRaftLog:OPENED:c1, conf=0: peers:[s0|rpc:localhost:35239|admin:localhost:45707|client:localhost:44363|dataStream:localhost:36883|priority:0|startupRole:FOLLOWER, s1|rpc:localhost:38483|admin:localhost:33411|client:localhost:40123|dataStream:localhost:40017|priority:0|startupRole:FOLLOWER, s2|rpc:localhost:43829|admin:localhost:42157|client:localhost:34405|dataStream:localhost:34339|priority:0|startupRole:FOLLOWER]|listeners:[], old=null RUNNING
2022-08-31 10:00:37,224 [java.util.concurrent.ThreadPoolExecutor$Worker@e13dcdf[State = -1, empty queue]] INFO  server.RaftServer (RaftServerProxy.java:lambda$close$7(404)) - s1: close
2022-08-31 10:00:37,226 [java.util.concurrent.ThreadPoolExecutor$Worker@646c60ef[State = -1, empty queue]] INFO  server.RaftServer (RaftServerProxy.java:lambda$close$7(404)) - s0: close
2022-08-31 10:00:37,227 [s0-impl-thread1] INFO  server.RaftServer$Division (RaftServerImpl.java:lambda$close$4(452)) - s0@group-124FD5E98514: shutdown
2022-08-31 10:00:37,227 [s0-impl-thread1] INFO  util.JmxRegister (JmxRegister.java:unregister(73)) - Successfully un-registered JMX Bean with object name Ratis:service=RaftServer,group=group-124FD5E98514,id=s0
2022-08-31 10:00:37,227 [s0-impl-thread1] INFO  impl.RoleInfo (RoleInfo.java:shutdownFollowerState(110)) - s0: shutdown s0@group-124FD5E98514-FollowerState
2022-08-31 10:00:37,227 [s0-impl-thread1] INFO  impl.StateMachineUpdater (StateMachineUpdater.java:stopAndJoin(153)) - s0@group-124FD5E98514-StateMachineUpdater: set stopIndex = 1
2022-08-31 10:00:37,227 [s0@group-124FD5E98514-FollowerState] INFO  impl.FollowerState (FollowerState.java:run(152)) - s0@group-124FD5E98514-FollowerState was interrupted
2022-08-31 10:00:37,228 [s1-impl-thread1] INFO  server.RaftServer$Division (RaftServerImpl.java:lambda$close$4(452)) - s1@group-124FD5E98514: shutdown
2022-08-31 10:00:37,228 [s1-impl-thread1] INFO  util.JmxRegister (JmxRegister.java:unregister(73)) - Successfully un-registered JMX Bean with object name Ratis:service=RaftServer,group=group-124FD5E98514,id=s1
2022-08-31 10:00:37,228 [s1-impl-thread1] INFO  impl.RoleInfo (RoleInfo.java:shutdownLeaderState(93)) - s1: shutdown s1@group-124FD5E98514-LeaderStateImpl
2022-08-31 10:00:37,228 [s0-impl-thread1] INFO  server.RaftServer$Division (ServerState.java:close(412)) - s0@group-124FD5E98514: applyIndex: 1
2022-08-31 10:00:37,229 [s1-impl-thread1] INFO  impl.PendingRequests (PendingRequests.java:sendNotLeaderResponses(282)) - s1@group-124FD5E98514-PendingRequests: sendNotLeaderResponses
2022-08-31 10:00:37,229 [java.util.concurrent.ThreadPoolExecutor$Worker@49f02d5d[State = -1, empty queue]] INFO  server.RaftServer (RaftServerProxy.java:lambda$close$7(404)) - s2: close
2022-08-31 10:00:37,229 [s0@group-124FD5E98514-SegmentedRaftLogWorker] INFO  segmented.SegmentedRaftLogWorker (SegmentedRaftLogWorker.java:run(343)) - s0@group-124FD5E98514-SegmentedRaftLogWorker was interrupted, exiting. There are 0 tasks remaining in the queue.
2022-08-31 10:00:37,229 [s1@group-124FD5E98514->s2-GrpcLogAppender-LogAppenderDaemon] WARN  server.GrpcLogAppender (GrpcLogAppender.java:mayWait(191)) - s1@group-124FD5E98514->s2-GrpcLogAppender: Wait interrupted by java.lang.InterruptedException
2022-08-31 10:00:37,229 [java.util.concurrent.ThreadPoolExecutor$Worker@e13dcdf[State = -1, empty queue]] INFO  server.GrpcService (GrpcService.java:closeImpl(279)) - s1: shutdown server org.apache.ratis.grpc.server.GrpcClientProtocolService now
2022-08-31 10:00:37,231 [grpc-default-executor-4] INFO  server.GrpcServerProtocolService (GrpcServerProtocolService.java:onCompleted(145)) - s2: Completed APPEND_ENTRIES, lastRequest: s1->s2#17-t2,previous=(t:2, i:1),leaderCommit=1,initializing? true,entries: size=1, first=(t:2, i:2), METADATAENTRY(c:1)
2022-08-31 10:00:37,234 [s2-impl-thread1] INFO  server.RaftServer$Division (RaftServerImpl.java:lambda$close$4(452)) - s2@group-124FD5E98514: shutdown
2022-08-31 10:00:37,234 [s2-impl-thread1] INFO  util.JmxRegister (JmxRegister.java:unregister(73)) - Successfully un-registered JMX Bean with object name Ratis:service=RaftServer,group=group-124FD5E98514,id=s2
2022-08-31 10:00:37,234 [s2-impl-thread1] INFO  impl.RoleInfo (RoleInfo.java:shutdownFollowerState(110)) - s2: shutdown s2@group-124FD5E98514-FollowerState
2022-08-31 10:00:37,234 [java.util.concurrent.ThreadPoolExecutor$Worker@49f02d5d[State = -1, empty queue]] INFO  server.GrpcService (GrpcService.java:closeImpl(279)) - s2: shutdown server org.apache.ratis.grpc.server.GrpcClientProtocolService now
2022-08-31 10:00:37,234 [s2@group-124FD5E98514-FollowerState] INFO  impl.FollowerState (FollowerState.java:run(152)) - s2@group-124FD5E98514-FollowerState was interrupted
2022-08-31 10:00:37,229 [java.util.concurrent.ThreadPoolExecutor$Worker@646c60ef[State = -1, empty queue]] INFO  server.GrpcService (GrpcService.java:closeImpl(279)) - s0: shutdown server org.apache.ratis.grpc.server.GrpcClientProtocolService now
2022-08-31 10:00:37,230 [s1@group-124FD5E98514->s0-GrpcLogAppender-LogAppenderDaemon] WARN  server.GrpcLogAppender (GrpcLogAppender.java:mayWait(191)) - s1@group-124FD5E98514->s0-GrpcLogAppender: Wait interrupted by java.lang.InterruptedException
2022-08-31 10:00:37,233 [grpc-default-executor-6] INFO  server.GrpcLogAppender (GrpcLogAppender.java:onCompleted(406)) - s1@group-124FD5E98514->s2-AppendLogResponseHandler: follower responses appendEntries COMPLETED
2022-08-31 10:00:37,238 [grpc-default-executor-4] INFO  server.GrpcServerProtocolService (GrpcServerProtocolService.java:onCompleted(145)) - s0: Completed APPEND_ENTRIES, lastRequest: s1->s0#20-t2,previous=(t:2, i:1),leaderCommit=1,initializing? true,entries: size=1, first=(t:2, i:2), METADATAENTRY(c:1)
2022-08-31 10:00:37,238 [grpc-default-executor-6] INFO  leader.FollowerInfo (FollowerInfoImpl.java:lambda$new$0(48)) - s1@group-124FD5E98514->s2: nextIndex: updateUnconditionally 3 -> 2
2022-08-31 10:00:37,238 [s0-impl-thread1] INFO  segmented.SegmentedRaftLogWorker (SegmentedRaftLogWorker.java:close(253)) - s0@group-124FD5E98514-SegmentedRaftLogWorker close()
2022-08-31 10:00:37,234 [s2-impl-thread1] INFO  impl.StateMachineUpdater (StateMachineUpdater.java:stopAndJoin(153)) - s2@group-124FD5E98514-StateMachineUpdater: set stopIndex = 1
2022-08-31 10:00:37,238 [s2-impl-thread1] INFO  server.RaftServer$Division (ServerState.java:close(412)) - s2@group-124FD5E98514: applyIndex: 1
2022-08-31 10:00:37,239 [s2@group-124FD5E98514-SegmentedRaftLogWorker] INFO  segmented.SegmentedRaftLogWorker (SegmentedRaftLogWorker.java:run(343)) - s2@group-124FD5E98514-SegmentedRaftLogWorker was interrupted, exiting. There are 0 tasks remaining in the queue.
2022-08-31 10:00:37,239 [grpc-default-executor-6] INFO  server.GrpcLogAppender (GrpcLogAppender.java:onCompleted(406)) - s1@group-124FD5E98514->s0-AppendLogResponseHandler: follower responses appendEntries COMPLETED
2022-08-31 10:00:37,239 [grpc-default-executor-6] INFO  leader.FollowerInfo (FollowerInfoImpl.java:lambda$new$0(48)) - s1@group-124FD5E98514->s0: nextIndex: updateUnconditionally 3 -> 2
2022-08-31 10:00:37,242 [java.util.concurrent.ThreadPoolExecutor$Worker@49f02d5d[State = -1, empty queue]] INFO  server.GrpcServerProtocolClient (GrpcServerProtocolClient.java:close(110)) - s0 Close channels
2022-08-31 10:00:37,242 [s2-impl-thread1] INFO  segmented.SegmentedRaftLogWorker (SegmentedRaftLogWorker.java:close(253)) - s2@group-124FD5E98514-SegmentedRaftLogWorker close()
2022-08-31 10:00:37,242 [ForkJoinPool.commonPool-worker-3] INFO  server.GrpcServerProtocolClient (GrpcServerProtocolClient.java:close(110)) - s1 Close channels
2022-08-31 10:00:37,243 [s1-impl-thread1] INFO  impl.StateMachineUpdater (StateMachineUpdater.java:stopAndJoin(153)) - s1@group-124FD5E98514-StateMachineUpdater: set stopIndex = 2
2022-08-31 10:00:37,244 [s1-impl-thread1] INFO  server.RaftServer$Division (ServerState.java:close(412)) - s1@group-124FD5E98514: applyIndex: 2
2022-08-31 10:00:37,244 [java.util.concurrent.ThreadPoolExecutor$Worker@e13dcdf[State = -1, empty queue]] INFO  server.GrpcServerProtocolClient (GrpcServerProtocolClient.java:close(110)) - s0 Close channels
2022-08-31 10:00:37,245 [s1@group-124FD5E98514-SegmentedRaftLogWorker] INFO  segmented.SegmentedRaftLogWorker (SegmentedRaftLogWorker.java:run(343)) - s1@group-124FD5E98514-SegmentedRaftLogWorker was interrupted, exiting. There are 0 tasks remaining in the queue.
2022-08-31 10:00:37,246 [java.util.concurrent.ThreadPoolExecutor$Worker@49f02d5d[State = -1, empty queue]] INFO  server.GrpcServerProtocolClient (GrpcServerProtocolClient.java:close(110)) - s1 Close channels
2022-08-31 10:00:37,246 [ForkJoinPool.commonPool-worker-3] INFO  server.GrpcServerProtocolClient (GrpcServerProtocolClient.java:close(110)) - s2 Close channels
2022-08-31 10:00:37,248 [s1-impl-thread1] INFO  segmented.SegmentedRaftLogWorker (SegmentedRaftLogWorker.java:close(253)) - s1@group-124FD5E98514-SegmentedRaftLogWorker close()
2022-08-31 10:00:37,248 [java.util.concurrent.ThreadPoolExecutor$Worker@e13dcdf[State = -1, empty queue]] INFO  server.GrpcServerProtocolClient (GrpcServerProtocolClient.java:close(110)) - s2 Close channels
2022-08-31 10:00:37,249 [java.util.concurrent.ThreadPoolExecutor$Worker@646c60ef[State = -1, empty queue]] INFO  server.GrpcService (GrpcService.java:closeImpl(288)) - s0: shutdown server org.apache.ratis.grpc.server.GrpcClientProtocolService successfully
2022-08-31 10:00:37,249 [java.util.concurrent.ThreadPoolExecutor$Worker@646c60ef[State = -1, empty queue]] INFO  server.GrpcService (GrpcService.java:closeImpl(279)) - s0: shutdown server GrpcServerProtocolService now
2022-08-31 10:00:37,249 [java.util.concurrent.ThreadPoolExecutor$Worker@e13dcdf[State = -1, empty queue]] INFO  server.GrpcService (GrpcService.java:closeImpl(288)) - s1: shutdown server org.apache.ratis.grpc.server.GrpcClientProtocolService successfully
2022-08-31 10:00:37,249 [java.util.concurrent.ThreadPoolExecutor$Worker@e13dcdf[State = -1, empty queue]] INFO  server.GrpcService (GrpcService.java:closeImpl(279)) - s1: shutdown server GrpcServerProtocolService now
2022-08-31 10:00:37,252 [java.util.concurrent.ThreadPoolExecutor$Worker@49f02d5d[State = -1, empty queue]] INFO  server.GrpcService (GrpcService.java:closeImpl(288)) - s2: shutdown server org.apache.ratis.grpc.server.GrpcClientProtocolService successfully
2022-08-31 10:00:37,252 [java.util.concurrent.ThreadPoolExecutor$Worker@49f02d5d[State = -1, empty queue]] INFO  server.GrpcService (GrpcService.java:closeImpl(279)) - s2: shutdown server GrpcServerProtocolService now
2022-08-31 10:00:37,255 [java.util.concurrent.ThreadPoolExecutor$Worker@49f02d5d[State = -1, empty queue]] INFO  server.GrpcService (GrpcService.java:closeImpl(288)) - s2: shutdown server GrpcServerProtocolService successfully
2022-08-31 10:00:37,256 [java.util.concurrent.ThreadPoolExecutor$Worker@49f02d5d[State = -1, empty queue]] INFO  server.GrpcService (GrpcService.java:closeImpl(279)) - s2: shutdown server org.apache.ratis.grpc.server.GrpcAdminProtocolService now
2022-08-31 10:00:37,262 [java.util.concurrent.ThreadPoolExecutor$Worker@646c60ef[State = -1, empty queue]] INFO  server.GrpcService (GrpcService.java:closeImpl(288)) - s0: shutdown server GrpcServerProtocolService successfully
2022-08-31 10:00:37,262 [java.util.concurrent.ThreadPoolExecutor$Worker@646c60ef[State = -1, empty queue]] INFO  server.GrpcService (GrpcService.java:closeImpl(279)) - s0: shutdown server org.apache.ratis.grpc.server.GrpcAdminProtocolService now
2022-08-31 10:00:37,262 [java.util.concurrent.ThreadPoolExecutor$Worker@e13dcdf[State = -1, empty queue]] INFO  server.GrpcService (GrpcService.java:closeImpl(288)) - s1: shutdown server GrpcServerProtocolService successfully
2022-08-31 10:00:37,263 [java.util.concurrent.ThreadPoolExecutor$Worker@e13dcdf[State = -1, empty queue]] INFO  server.GrpcService (GrpcService.java:closeImpl(279)) - s1: shutdown server org.apache.ratis.grpc.server.GrpcAdminProtocolService now
2022-08-31 10:00:37,263 [java.util.concurrent.ThreadPoolExecutor$Worker@646c60ef[State = -1, empty queue]] INFO  server.GrpcService (GrpcService.java:closeImpl(288)) - s0: shutdown server org.apache.ratis.grpc.server.GrpcAdminProtocolService successfully
2022-08-31 10:00:37,262 [java.util.concurrent.ThreadPoolExecutor$Worker@49f02d5d[State = -1, empty queue]] INFO  server.GrpcService (GrpcService.java:closeImpl(288)) - s2: shutdown server org.apache.ratis.grpc.server.GrpcAdminProtocolService successfully
2022-08-31 10:00:37,266 [org.apache.ratis.util.JvmPauseMonitor$$Lambda$363/0x00000001002d7c40@1ad4dd97] INFO  util.JvmPauseMonitor (JvmPauseMonitor.java:run(109)) - JvmPauseMonitor-s0: Stopped
2022-08-31 10:00:37,266 [org.apache.ratis.util.JvmPauseMonitor$$Lambda$363/0x00000001002d7c40@122cfadf] INFO  util.JvmPauseMonitor (JvmPauseMonitor.java:run(109)) - JvmPauseMonitor-s2: Stopped
2022-08-31 10:00:37,268 [java.util.concurrent.ThreadPoolExecutor$Worker@e13dcdf[State = -1, empty queue]] INFO  server.GrpcService (GrpcService.java:closeImpl(288)) - s1: shutdown server org.apache.ratis.grpc.server.GrpcAdminProtocolService successfully
2022-08-31 10:00:37,272 [org.apache.ratis.util.JvmPauseMonitor$$Lambda$363/0x00000001002d7c40@2ea8a2f8] INFO  util.JvmPauseMonitor (JvmPauseMonitor.java:run(109)) - JvmPauseMonitor-s1: Stopped
2022-08-31 10:00:37,272 [Time-limited test] INFO  impl.MiniRaftCluster (MiniRaftCluster.java:shutdown(852)) - MiniRaftClusterWithGrpc shutdown completed
]]></system-out>
    <system-err><![CDATA[SLF4J: Class path contains multiple SLF4J bindings.
SLF4J: Found binding in [jar:file:/home/runner/.m2/repository/org/slf4j/slf4j-log4j12/1.7.29/slf4j-log4j12-1.7.29.jar!/org/slf4j/impl/StaticLoggerBinder.class]
SLF4J: Found binding in [jar:file:/home/runner/.m2/repository/org/slf4j/slf4j-simple/1.7.29/slf4j-simple-1.7.29.jar!/org/slf4j/impl/StaticLoggerBinder.class]
SLF4J: See http://www.slf4j.org/codes.html#multiple_bindings for an explanation.
SLF4J: Actual binding is of type [org.slf4j.impl.Log4jLoggerFactory]
]]></system-err>
  </testcase>
  <testcase name="testRaftServerMetrics[0]" classname="org.apache.ratis.grpc.TestRaftServerWithGrpc" time="1.162"/>
  <testcase name="testUnsupportedMethods[0]" classname="org.apache.ratis.grpc.TestRaftServerWithGrpc" time="0.507"/>
  <testcase name="testServerRestartOnException[0]" classname="org.apache.ratis.grpc.TestRaftServerWithGrpc" time="4.505"/>
  <testcase name="testLeaderRestart[0]" classname="org.apache.ratis.grpc.TestRaftServerWithGrpc" time="5.017"/>
  <testcase name="testRaftClientMetrics[1]" classname="org.apache.ratis.grpc.TestRaftServerWithGrpc" time="4.728"/>
  <testcase name="testRaftServerMetrics[1]" classname="org.apache.ratis.grpc.TestRaftServerWithGrpc" time="0.989"/>
  <testcase name="testUnsupportedMethods[1]" classname="org.apache.ratis.grpc.TestRaftServerWithGrpc" time="0.49"/>
  <testcase name="testServerRestartOnException[1]" classname="org.apache.ratis.grpc.TestRaftServerWithGrpc" time="4.5"/>
  <testcase name="testLeaderRestart[1]" classname="org.apache.ratis.grpc.TestRaftServerWithGrpc" time="5.364"/>
</testsuite>